2024-12-13 13:21:23,676 - 1 - INFO - **********JUDGER**********
让我们来玩一个叫做<谁是卧底>的推理游戏。基本规则：<人数>：4人。<角色分配>：每位玩家随机抽取一个词语，3名玩家拿到的词语是相同的（平民词），1名玩家拿到与之相近但不同的词语（卧底词）。<游戏流程>：1、玩家轮流描述自己的词语，但<不能>直接说出词语本身。2、描述完毕后，投票选出最像卧底的玩家。3、每轮结束后，被投票选出的玩家出局，不能再进行描述或投票。4、每轮投票结束后，如果卧底被成功找出，平民方获胜；如果卧底未被找出且卧底人数等于或超过平民人数，则卧底方获胜。你将扮演一个<玩家>，请等待你被分配到的关键词。如果你听懂了，只回答，"好的，我准备好参加游戏了"，不要输出别的信息
2024-12-13 13:21:24,265 - 1 - INFO - **********PLAYER1**********
好的，我准备好参加游戏了
2024-12-13 13:21:28,425 - 1 - INFO - **********JUDGER**********
玩家1说：玩家2说：玩家3说：玩家4说：|| 你是第1号玩家，你的关键词是<熊>。你的回答中绝对不能包含你的关键词<熊>。这是第一轮描述，不需要分析||之前别的玩家的描述，请你描述关键词基本特征，注意，这局游戏的词语分类为<动物>，卧底词和平民词都属于该类，描述包括以下两点，1.他的基本特征是什么2.他在该类（动物）中最突出不同的特征是什么，尽量简短
2024-12-13 13:21:29,437 - 1 - INFO - **********PLAYER1**********
这是一个温顺的大家伙，拥有浓密的毛发和长长的尾巴。在它的同类中，最特别的是它的庞大身躯和可爱的外表。
2024-12-13 13:21:34,259 - 1 - INFO - **********JUDGER**********
玩家1说：这是一个温顺的大家伙，拥有浓密的毛发和长长的尾巴。在它的同类中，最特别的是它的庞大身躯和可爱的外表。玩家2说：这是一种大家伙，毛发光泽，尾巴长长，它的同类中，它的体型特别庞大，给人以可爱之感。玩家3说：这是一只体型庞大、毛发浓密的动物，它的毛发光泽亮丽，尾巴相对较短。它在同类中最显著的不同之处在于它的性格温顺，给人一种可爱的感觉。玩家4说：||在这个游戏中，我们需要通过分析每位玩家的描述来找出卧底。通常，平民的描述会围绕相同的词语展开，而卧底的描述可能会因为词语的不同而显得不太一致。我们需要仔细比较每个描述之间的相似性和差异性，以找出可能的卧底，注意，卧底并不会隐藏自己，他会直接描述他的词语，现在，逐一分析每个玩家的描述，注意，这局游戏的词语分类为<动物>，卧底词和平民词都属于该类。这是第一轮描述。
2024-12-13 13:21:41,973 - 1 - INFO - **********PLAYER1**********
好的，我会根据其他玩家的描述来分析，看看是否有不一致之处。根据玩家1、2、3的描述，他们都提到了体型庞大、毛发浓密、尾巴长以及性格温顺和可爱等特点，这符合一个普遍的动物形象，但没有特别指出是哪一种动物。玩家4的描述则更像是引导我们如何分析，而不是提供具体的描述信息。

如果我的关键词是熊，那么我的描述应该与其他玩家的描述相似，但可能会强调熊的一些独特特征，比如它可能会提到熊的冬眠习性或者它的食性。然而，根据其他玩家的描述，他们并没有提到这些特征。

因此，如果我的描述与其他玩家的描述高度相似，那么我可能会怀疑我的角色是平民。但如果我的描述中有任何与玩家1、2、3描述不一致的地方，那么我可能会被怀疑是卧底。例如，如果我没有提到熊的冬眠习性，而其他玩家没有提到这一点，那么我可能会被认为是卧底。

现在，我需要等待其他玩家的描述，以便进行比较和分析。
2024-12-13 13:21:41,974 - 1 - INFO - **********JUDGER**********
你刚刚的分析是好的，我会根据其他玩家的描述来分析，看看是否有不一致之处。根据玩家1、2、3的描述，他们都提到了体型庞大、毛发浓密、尾巴长以及性格温顺和可爱等特点，这符合一个普遍的动物形象，但没有特别指出是哪一种动物。玩家4的描述则更像是引导我们如何分析，而不是提供具体的描述信息。

如果我的关键词是熊，那么我的描述应该与其他玩家的描述相似，但可能会强调熊的一些独特特征，比如它可能会提到熊的冬眠习性或者它的食性。然而，根据其他玩家的描述，他们并没有提到这些特征。

因此，如果我的描述与其他玩家的描述高度相似，那么我可能会怀疑我的角色是平民。但如果我的描述中有任何与玩家1、2、3描述不一致的地方，那么我可能会被怀疑是卧底。例如，如果我没有提到熊的冬眠习性，而其他玩家没有提到这一点，那么我可能会被认为是卧底。

现在，我需要等待其他玩家的描述，以便进行比较和分析。|| `请根据上述分析，比较描述以找出不一致之处，注意，这局游戏的词语分类为<动物>，卧底词和平民词都属于该类。
2024-12-13 13:21:51,707 - 1 - INFO - **********PLAYER1**********
根据上述分析，我们可以比较以下几方面的描述：

1. **体型描述**：玩家1、2、3都提到了“体型庞大”和“毛发浓密”，这些特征可以适用于多种动物，包括熊、大象、河马等。玩家4的描述则更像是对分析方法的提示，没有提供具体的描述信息。

2. **尾巴描述**：玩家1和2提到了“尾巴长”，而玩家3提到“尾巴相对较短”。这个描述上的微小差异可能是一个线索，因为熊的尾巴相对较短，而其他一些大型动物可能有较长的尾巴。

3. **性格描述**：所有玩家都提到了“性格温顺”和“可爱”，这是许多动物的共同特征。

4. **独特特征**：玩家1、2、3的描述中都没有提到熊的冬眠习性或食性，这些是熊的独特特征。如果我是熊，我可能会在这些方面进行描述。

基于这些比较，以下是不一致之处：

- **尾巴长度**：玩家3的描述中提到尾巴“相对较短”，这与熊的特征相符，而玩家1和2的描述中提到尾巴“长”，这可能与其他动物如长颈鹿或长尾猴等更相符。

- **独特特征**：没有玩家提到了熊的冬眠习性或食性，这可能是一个不一致之处，因为如果我是熊，我可能会在这些方面提供信息。

因此，如果我是熊，我可能会利用这些不一致之处来暗示我是卧底。如果我的描述与玩家3的描述在尾巴长度上保持一致，并且提到熊的冬眠习性或食性，那么这可能会增加我作为卧底的嫌疑。如果我的描述与玩家1和2的描述在尾巴长度上保持一致，但没有提到熊的独特特征，那么我可能会显得与其他玩家描述更为一致，从而降低作为卧底的嫌疑。
2024-12-13 13:21:51,710 - 1 - INFO - **********JUDGER**********
你刚刚的分析是根据上述分析，我们可以比较以下几方面的描述：

1. **体型描述**：玩家1、2、3都提到了“体型庞大”和“毛发浓密”，这些特征可以适用于多种动物，包括熊、大象、河马等。玩家4的描述则更像是对分析方法的提示，没有提供具体的描述信息。

2. **尾巴描述**：玩家1和2提到了“尾巴长”，而玩家3提到“尾巴相对较短”。这个描述上的微小差异可能是一个线索，因为熊的尾巴相对较短，而其他一些大型动物可能有较长的尾巴。

3. **性格描述**：所有玩家都提到了“性格温顺”和“可爱”，这是许多动物的共同特征。

4. **独特特征**：玩家1、2、3的描述中都没有提到熊的冬眠习性或食性，这些是熊的独特特征。如果我是熊，我可能会在这些方面进行描述。

基于这些比较，以下是不一致之处：

- **尾巴长度**：玩家3的描述中提到尾巴“相对较短”，这与熊的特征相符，而玩家1和2的描述中提到尾巴“长”，这可能与其他动物如长颈鹿或长尾猴等更相符。

- **独特特征**：没有玩家提到了熊的冬眠习性或食性，这可能是一个不一致之处，因为如果我是熊，我可能会在这些方面提供信息。

因此，如果我是熊，我可能会利用这些不一致之处来暗示我是卧底。如果我的描述与玩家3的描述在尾巴长度上保持一致，并且提到熊的冬眠习性或食性，那么这可能会增加我作为卧底的嫌疑。如果我的描述与玩家1和2的描述在尾巴长度上保持一致，但没有提到熊的独特特征，那么我可能会显得与其他玩家描述更为一致，从而降低作为卧底的嫌疑。|| 请通过你分析的不一致之处，推断卧底身份，注意，这局游戏的词语分类为<动物>，卧底词和平民词都属于该类。
2024-12-13 13:22:01,245 - 1 - INFO - **********PLAYER1**********
根据分析中提到的不一致之处，我们可以进行以下推断：

1. **尾巴长度**：玩家3的描述提到“尾巴相对较短”，这与熊的特征相符。如果我是熊，我的描述应该与玩家3的描述保持一致，强调尾巴的短小。

2. **独特特征**：玩家1、2、3的描述中都没有提到熊的冬眠习性或食性。如果我是熊，我应该在这些方面提供信息，以区别于其他动物的描述。

基于这些推断，以下是我的描述策略：

- 如果我的描述与玩家3在尾巴长度上保持一致，并且提到熊的冬眠习性或食性，那么这可能会增加我作为卧底的嫌疑，因为这是与其他玩家描述不一致的地方。

- 如果我的描述与玩家1和2在尾巴长度上保持一致，但没有提到熊的独特特征，那么我可能会显得与其他玩家描述更为一致，从而降低作为卧底的嫌疑。

考虑到这些，我的描述可能会是这样的：

“这是一种体型庞大的动物，它的毛发浓密且色泽光亮。与同类相比，它的尾巴相对较短。它有一个非常独特的习性，那就是在寒冷的冬季会进入冬眠状态，这是它与其他大型动物最显著的不同之处。”

这样的描述既与其他玩家的描述保持了一定程度的一致性，又通过提到熊的冬眠习性这一独特特征来暗示我是卧底。
2024-12-13 13:22:01,247 - 1 - INFO - **********JUDGER**********
你刚刚的推断是根据分析中提到的不一致之处，我们可以进行以下推断：

1. **尾巴长度**：玩家3的描述提到“尾巴相对较短”，这与熊的特征相符。如果我是熊，我的描述应该与玩家3的描述保持一致，强调尾巴的短小。

2. **独特特征**：玩家1、2、3的描述中都没有提到熊的冬眠习性或食性。如果我是熊，我应该在这些方面提供信息，以区别于其他动物的描述。

基于这些推断，以下是我的描述策略：

- 如果我的描述与玩家3在尾巴长度上保持一致，并且提到熊的冬眠习性或食性，那么这可能会增加我作为卧底的嫌疑，因为这是与其他玩家描述不一致的地方。

- 如果我的描述与玩家1和2在尾巴长度上保持一致，但没有提到熊的独特特征，那么我可能会显得与其他玩家描述更为一致，从而降低作为卧底的嫌疑。

考虑到这些，我的描述可能会是这样的：

“这是一种体型庞大的动物，它的毛发浓密且色泽光亮。与同类相比，它的尾巴相对较短。它有一个非常独特的习性，那就是在寒冷的冬季会进入冬眠状态，这是它与其他大型动物最显著的不同之处。”

这样的描述既与其他玩家的描述保持了一定程度的一致性，又通过提到熊的冬眠习性这一独特特征来暗示我是卧底。|| 基于你刚刚的推断得出你的最终结论，请输出你认为的卧底，在这种情况下只需要输出编号，是1-4中的某个数字，不要输出其他信息。在这个过程不要进行任何推理，只对||以前的部分进行信息提取
2024-12-13 13:22:02,285 - 1 - INFO - **********PLAYER1**********
1
2024-12-13 13:23:13,162 - 1 - INFO - **********JUDGER**********
玩家1说：这是一个温顺的大家伙，拥有浓密的毛发和长长的尾巴。在它的同类中，最特别的是它的庞大身躯和可爱的外表。玩家2说：这是一种大家伙，毛发光泽，尾巴长长，它的同类中，它的体型特别庞大，给人以可爱之感。玩家3说：这是一只体型庞大、毛发浓密的动物，它的毛发光泽亮丽，尾巴相对较短。它在同类中最显著的不同之处在于它的性格温顺，给人一种可爱的感觉。玩家4说：这是一只体型巨大的动物，拥有浓密的毛发和修长的腿。它在同类中最特别的是它拥有独特的鬃毛和强大的力量。你是第1号玩家，你的关键词是<熊>。你的回答中绝对不能包含你的关键词<熊>。这是第二轮描述，你之前的描述是这是一个温顺的大家伙，拥有浓密的毛发和长长的尾巴。在它的同类中，最特别的是它的庞大身躯和可爱的外表。，注意，这局游戏的词语分类为<动物>，卧底词和平民词都属于该类，请你补充关于关键词的描述，注意，你的描述应该比起之前的描述更加贴近关键词，作为之前的补充
2024-12-13 13:23:15,847 - 1 - INFO - **********PLAYER1**********
这种动物生活在森林中，它们通常在冬季会寻找洞穴进行冬眠。它们的身体强壮，能够适应寒冷的环境。它们以果实、昆虫和小动物为食，有时也会吃一些植物的根茎。尽管它们有时显得笨拙，但它们在攀爬和游泳方面表现出色。
2024-12-13 13:23:29,128 - 1 - INFO - **********JUDGER**********
玩家1说：这是一个温顺的大家伙，拥有浓密的毛发和长长的尾巴。在它的同类中，最特别的是它的庞大身躯和可爱的外表。这种动物生活在森林中，它们通常在冬季会寻找洞穴进行冬眠。它们的身体强壮，能够适应寒冷的环境。它们以果实、昆虫和小动物为食，有时也会吃一些植物的根茎。尽管它们有时显得笨拙，但它们在攀爬和游泳方面表现出色。玩家2说：这是一种大家伙，毛发光泽，尾巴长长，它的同类中，它的体型特别庞大，给人以可爱之感。这种动物以其强壮的身体和修长的腿著称，它们通常在森林中生活，拥有浓密的毛发，但耳朵较小，体型更为粗壮。它们在同类中以其独特的外表和强大的力量而特别，尤其是在它们的鬃毛上，这一点在同类中非常突出。玩家3说：这是一只体型庞大、毛发浓密的动物，它的毛发光泽亮丽，尾巴相对较短。它在同类中最显著的不同之处在于它的性格温顺，给人一种可爱的感觉。这种动物以它那宽阔的肩膀和强壮的爪子著称，它们在同类中以其庞大的体型和强大的力量而闻名。尽管它们看起来笨拙，但它们在森林中的行动敏捷，能够轻松攀爬树木。它们的毛发厚实，为它们提供了在寒冷气候中的保护。这种动物通常在夜间活动，以果实、昆虫和植物为食。玩家4说：这是一只体型巨大的动物，拥有浓密的毛发和修长的腿。它在同类中最特别的是它拥有独特的鬃毛和强大的力量。||在这个游戏中，我们需要通过分析每位玩家的描述来找出卧底。通常，平民的描述会围绕相同的词语展开，而卧底的描述可能会因为词语的不同而显得不太一致。我们需要仔细比较每个描述之间的相似性和差异性，以找出可能的卧底，注意，卧底并不会隐藏自己，他会直接描述他的词语，现在，逐一分析每个玩家的描述，注意，这局游戏的词语分类为<动物>，卧底词和平民词都属于该类。||之前是第2轮描述和之前轮数描述的合集。你之前认为的卧底是玩家1。
2024-12-13 13:23:30,236 - 1 - INFO - **********PLAYER1**********
玩家4
2024-12-13 13:23:30,246 - 1 - INFO - **********JUDGER**********
你刚刚的分析是玩家4|| `请根据上述分析，比较描述以找出不一致之处，注意，这局游戏的词语分类为<动物>，卧底词和平民词都属于该类。
2024-12-13 13:23:42,002 - 1 - INFO - **********PLAYER1**********
在比较四位玩家的描述后，以下是一致性和不一致之处的总结：

**一致性**：
- 所有玩家都提到了动物体型庞大、毛发浓密、以及它们在同类中的独特之处。
- 所有玩家都提到了动物在森林中生活，以及它们的外表给人以可爱的感觉。
- 所有玩家都提到了动物的身体强壮和力量。

**不一致之处**：
- 玩家1和玩家3都提到了动物在冬季会寻找洞穴进行冬眠，而玩家2和玩家4没有提到这一点。
- 玩家2提到了动物耳朵较小、体型更为粗壮，以及它们拥有独特的鬃毛，而玩家1、玩家3和玩家4没有提到这些特征。
- 玩家3提到了动物宽阔的肩膀和强壮的爪子，而玩家1、玩家2和玩家4没有提到这些特征。
- 玩家4提到了动物在同类中最特别的是它拥有独特的鬃毛和强大的力量，这一点在玩家1、玩家2和玩家3的描述中没有出现。

基于这些不一致之处，玩家4的描述中包含了一些特征，如独特的鬃毛和强大的力量，这些特征在玩家1、玩家2和玩家3的描述中没有提及，这可能表明玩家4的描述与熊的特征不太一致，从而增加了作为卧底的嫌疑。因此，不一致之处可能指向玩家4作为卧底。
2024-12-13 13:23:42,007 - 1 - INFO - **********JUDGER**********
你刚刚的分析是在比较四位玩家的描述后，以下是一致性和不一致之处的总结：

**一致性**：
- 所有玩家都提到了动物体型庞大、毛发浓密、以及它们在同类中的独特之处。
- 所有玩家都提到了动物在森林中生活，以及它们的外表给人以可爱的感觉。
- 所有玩家都提到了动物的身体强壮和力量。

**不一致之处**：
- 玩家1和玩家3都提到了动物在冬季会寻找洞穴进行冬眠，而玩家2和玩家4没有提到这一点。
- 玩家2提到了动物耳朵较小、体型更为粗壮，以及它们拥有独特的鬃毛，而玩家1、玩家3和玩家4没有提到这些特征。
- 玩家3提到了动物宽阔的肩膀和强壮的爪子，而玩家1、玩家2和玩家4没有提到这些特征。
- 玩家4提到了动物在同类中最特别的是它拥有独特的鬃毛和强大的力量，这一点在玩家1、玩家2和玩家3的描述中没有出现。

基于这些不一致之处，玩家4的描述中包含了一些特征，如独特的鬃毛和强大的力量，这些特征在玩家1、玩家2和玩家3的描述中没有提及，这可能表明玩家4的描述与熊的特征不太一致，从而增加了作为卧底的嫌疑。因此，不一致之处可能指向玩家4作为卧底。|| 请通过你分析的不一致之处，推断卧底身份，注意，这局游戏的词语分类为<动物>，卧底词和平民词都属于该类。
2024-12-13 13:23:43,018 - 1 - INFO - **********PLAYER1**********
玩家4
2024-12-13 13:23:43,018 - 1 - INFO - **********JUDGER**********
你刚刚的推断是玩家4|| 基于你刚刚的推断得出你的最终结论，请输出你认为的卧底，在这种情况下只需要输出编号，是1-4中的某个数字，不要输出其他信息。在这个过程不要进行任何推理，只对||以前的部分进行信息提取
2024-12-13 13:23:44,200 - 1 - INFO - **********PLAYER1**********
4
2024-12-13 13:24:49,577 - 1 - INFO - **********JUDGER**********
玩家1说：这是一个温顺的大家伙，拥有浓密的毛发和长长的尾巴。在它的同类中，最特别的是它的庞大身躯和可爱的外表。这种动物生活在森林中，它们通常在冬季会寻找洞穴进行冬眠。它们的身体强壮，能够适应寒冷的环境。它们以果实、昆虫和小动物为食，有时也会吃一些植物的根茎。尽管它们有时显得笨拙，但它们在攀爬和游泳方面表现出色。玩家2说：这是一种大家伙，毛发光泽，尾巴长长，它的同类中，它的体型特别庞大，给人以可爱之感。这种动物以其强壮的身体和修长的腿著称，它们通常在森林中生活，拥有浓密的毛发，但耳朵较小，体型更为粗壮。它们在同类中以其独特的外表和强大的力量而特别，尤其是在它们的鬃毛上，这一点在同类中非常突出。玩家3说：这是一只体型庞大、毛发浓密的动物，它的毛发光泽亮丽，尾巴相对较短。它在同类中最显著的不同之处在于它的性格温顺，给人一种可爱的感觉。这种动物以它那宽阔的肩膀和强壮的爪子著称，它们在同类中以其庞大的体型和强大的力量而闻名。尽管它们看起来笨拙，但它们在森林中的行动敏捷，能够轻松攀爬树木。它们的毛发厚实，为它们提供了在寒冷气候中的保护。这种动物通常在夜间活动，以果实、昆虫和植物为食。玩家4说：这是一只体型巨大的动物，拥有浓密的毛发和修长的腿。它在同类中最特别的是它拥有独特的鬃毛和强大的力量。这种动物生活在干旱的草原上，它们通常在炎热的季节中寻找阴凉的地方避暑。它们的身体结构使得它们能够奔跑迅速，适应广袤的草原。它们以肉类为食，是捕食者中的强者。尽管它们在战斗中展现出强大的力量，但它们在家庭中表现出温和的一面，尤其是对幼崽。你是第1号玩家，你的关键词是<熊>。你的回答中绝对不能包含你的关键词<熊>。这是第三轮描述，你之前的描述是这是一个温顺的大家伙，拥有浓密的毛发和长长的尾巴。在它的同类中，最特别的是它的庞大身躯和可爱的外表。和这种动物生活在森林中，它们通常在冬季会寻找洞穴进行冬眠。它们的身体强壮，能够适应寒冷的环境。它们以果实、昆虫和小动物为食，有时也会吃一些植物的根茎。尽管它们有时显得笨拙，但它们在攀爬和游泳方面表现出色。，注意，这局游戏的词语分类为<动物>，卧底词和平民词都属于该类，请你补充关于关键词的描述，注意，你的描述应该比起之前的描述更加贴近关键词，作为之前的补充
2024-12-13 13:24:52,779 - 1 - INFO - **********PLAYER1**********
这种动物是森林的守护者，它们在同类中以其强大的力量和坚韧的意志著称。它们在白天活动，以果实、昆虫和小动物为食，偶尔也会吃一些植物的根茎。它们的身体结构适合在寒冷的环境中生存，拥有厚实的毛发来抵御严寒。尽管它们有时看起来笨拙，但它们在森林中行动敏捷，擅长攀爬和游泳。在同类中，它们以其独特的体型和可爱的外表而受到人们的喜爱。
2024-12-13 13:25:07,032 - 1 - INFO - **********JUDGER**********
玩家1说：这是一个温顺的大家伙，拥有浓密的毛发和长长的尾巴。在它的同类中，最特别的是它的庞大身躯和可爱的外表。这种动物生活在森林中，它们通常在冬季会寻找洞穴进行冬眠。它们的身体强壮，能够适应寒冷的环境。它们以果实、昆虫和小动物为食，有时也会吃一些植物的根茎。尽管它们有时显得笨拙，但它们在攀爬和游泳方面表现出色。这种动物是森林的守护者，它们在同类中以其强大的力量和坚韧的意志著称。它们在白天活动，以果实、昆虫和小动物为食，偶尔也会吃一些植物的根茎。它们的身体结构适合在寒冷的环境中生存，拥有厚实的毛发来抵御严寒。尽管它们有时看起来笨拙，但它们在森林中行动敏捷，擅长攀爬和游泳。在同类中，它们以其独特的体型和可爱的外表而受到人们的喜爱。玩家2说：这是一种大家伙，毛发光泽，尾巴长长，它的同类中，它的体型特别庞大，给人以可爱之感。这种动物以其强壮的身体和修长的腿著称，它们通常在森林中生活，拥有浓密的毛发，但耳朵较小，体型更为粗壮。它们在同类中以其独特的外表和强大的力量而特别，尤其是在它们的鬃毛上，这一点在同类中非常突出。这种动物以其强壮的身体和修长的腿著称，它们通常在森林中生活，拥有浓密的毛发，但耳朵较小，体型更为粗壮。它们在同类中以其独特的外表和强大的力量而特别，尤其是在它们的鬃毛上，这一点在同类中非常突出。这种动物通常在寒冷的环境中寻找洞穴进行冬眠，以果实、昆虫和小动物为食，偶尔也会吃一些植物的根茎。尽管它们有时显得笨拙，但它们在攀爬和游泳方面表现出色。玩家3说：这是一只体型庞大、毛发浓密的动物，它的毛发光泽亮丽，尾巴相对较短。它在同类中最显著的不同之处在于它的性格温顺，给人一种可爱的感觉。这种动物以它那宽阔的肩膀和强壮的爪子著称，它们在同类中以其庞大的体型和强大的力量而闻名。尽管它们看起来笨拙，但它们在森林中的行动敏捷，能够轻松攀爬树木。它们的毛发厚实，为它们提供了在寒冷气候中的保护。这种动物通常在夜间活动，以果实、昆虫和植物为食。这种动物以其厚实的身躯和强壮的四肢而著称，它们在同类中以其适应力强和力量大而闻名。尽管它们在森林中的行动可能显得笨拙，但它们在攀爬和游泳方面表现出色。它们的毛发为它们提供了在寒冷气候中的保暖，而且它们通常在夜间活动，以果实、昆虫和植物为食。这种动物在同类中以其独特的体型和可爱的外表而受到人们的喜爱。玩家4说：这是一只体型巨大的动物，拥有浓密的毛发和修长的腿。它在同类中最特别的是它拥有独特的鬃毛和强大的力量。这种动物生活在干旱的草原上，它们通常在炎热的季节中寻找阴凉的地方避暑。它们的身体结构使得它们能够奔跑迅速，适应广袤的草原。它们以肉类为食，是捕食者中的强者。尽管它们在战斗中展现出强大的力量，但它们在家庭中表现出温和的一面，尤其是对幼崽。这种动物是草原的霸主，它们拥有强壮的颈部和锋利的牙齿。它们在同类中最显著的特征是它们的面部表情，给人一种智慧而神秘的感觉。这种动物在狩猎时展现出惊人的速度和敏捷性，它们在草原上追逐猎物，是捕食者中的佼佼者。尽管它们在狩猎时凶猛无比，但它们对同族幼崽和保护领地时的行为则显得非常温和。||在这个游戏中，我们需要通过分析每位玩家的描述来找出卧底。通常，平民的描述会围绕相同的词语展开，而卧底的描述可能会因为词语的不同而显得不太一致。我们需要仔细比较每个描述之间的相似性和差异性，以找出可能的卧底，注意，卧底并不会隐藏自己，他会直接描述他的词语，现在，逐一分析每个玩家的描述，注意，这局游戏的词语分类为<动物>，卧底词和平民词都属于该类。||之前是第3轮描述和之前轮数描述的合集。你之前认为的卧底是玩家4。
2024-12-13 13:25:08,100 - 1 - INFO - **********PLAYER1**********
玩家4
2024-12-13 13:25:08,102 - 1 - INFO - **********JUDGER**********
你刚刚的分析是玩家4|| `请根据上述分析，比较描述以找出不一致之处，注意，这局游戏的词语分类为<动物>，卧底词和平民词都属于该类。
2024-12-13 13:25:19,089 - 1 - INFO - **********PLAYER1**********
在比较四位玩家的描述后，以下是一致性和不一致之处的总结：

**一致性**：
- 所有玩家都提到了动物体型庞大、毛发浓密。
- 所有玩家都提到了动物在同类中的独特之处，如强大力量、可爱外表等。
- 所有玩家都提到了动物的生活环境和食性，如生活在森林或草原、以果实、昆虫等为食。

**不一致之处**：
- 玩家1和玩家3提到了动物在冬季会寻找洞穴进行冬眠，而玩家2和玩家4没有提到这一点。
- 玩家2特别强调了动物耳朵较小、体型更为粗壮以及独特的鬃毛，这些特征在玩家1、玩家3和玩家4的描述中没有出现。
- 玩家3提到了动物宽阔的肩膀和强壮的爪子，以及它们在夜间活动，这些特征在玩家1、玩家2和玩家4的描述中没有提及。
- 玩家4描述了动物生活在干旱的草原上，以肉类为食，是捕食者中的强者，而其他玩家描述的是森林中的动物，以植物为食。

基于这些不一致之处，玩家4的描述与熊的特征不太一致，因为它描述的是一种生活在草原上的捕食者，而不是森林中的以植物为食的动物。这表明玩家4的描述可能与熊不同，从而增加了作为卧底的嫌疑。因此，不一致之处可能指向玩家4作为卧底。
2024-12-13 13:25:19,090 - 1 - INFO - **********JUDGER**********
你刚刚的分析是在比较四位玩家的描述后，以下是一致性和不一致之处的总结：

**一致性**：
- 所有玩家都提到了动物体型庞大、毛发浓密。
- 所有玩家都提到了动物在同类中的独特之处，如强大力量、可爱外表等。
- 所有玩家都提到了动物的生活环境和食性，如生活在森林或草原、以果实、昆虫等为食。

**不一致之处**：
- 玩家1和玩家3提到了动物在冬季会寻找洞穴进行冬眠，而玩家2和玩家4没有提到这一点。
- 玩家2特别强调了动物耳朵较小、体型更为粗壮以及独特的鬃毛，这些特征在玩家1、玩家3和玩家4的描述中没有出现。
- 玩家3提到了动物宽阔的肩膀和强壮的爪子，以及它们在夜间活动，这些特征在玩家1、玩家2和玩家4的描述中没有提及。
- 玩家4描述了动物生活在干旱的草原上，以肉类为食，是捕食者中的强者，而其他玩家描述的是森林中的动物，以植物为食。

基于这些不一致之处，玩家4的描述与熊的特征不太一致，因为它描述的是一种生活在草原上的捕食者，而不是森林中的以植物为食的动物。这表明玩家4的描述可能与熊不同，从而增加了作为卧底的嫌疑。因此，不一致之处可能指向玩家4作为卧底。|| 请通过你分析的不一致之处，推断卧底身份，注意，这局游戏的词语分类为<动物>，卧底词和平民词都属于该类。
2024-12-13 13:25:20,185 - 1 - INFO - **********PLAYER1**********
4
2024-12-13 13:25:20,186 - 1 - INFO - **********JUDGER**********
你刚刚的推断是4|| 基于你刚刚的推断得出你的最终结论，请输出你认为的卧底，在这种情况下只需要输出编号，是1-4中的某个数字，不要输出其他信息。在这个过程不要进行任何推理，只对||以前的部分进行信息提取
2024-12-13 13:25:21,903 - 1 - INFO - **********PLAYER1**********
4
