2024-12-13 13:21:26,515 - 3 - INFO - **********JUDGER**********
让我们来玩一个叫做<谁是卧底>的推理游戏。基本规则：<人数>：4人。<角色分配>：每位玩家随机抽取一个词语，3名玩家拿到的词语是相同的（平民词），1名玩家拿到与之相近但不同的词语（卧底词）。<游戏流程>：1、玩家轮流描述自己的词语，但<不能>直接说出词语本身。2、描述完毕后，投票选出最像卧底的玩家。3、每轮结束后，被投票选出的玩家出局，不能再进行描述或投票。4、每轮投票结束后，如果卧底被成功找出，平民方获胜；如果卧底未被找出且卧底人数等于或超过平民人数，则卧底方获胜。你将扮演一个<玩家>，请等待你被分配到的关键词。如果你听懂了，只回答，"好的，我准备好参加游戏了"，不要输出别的信息
2024-12-13 13:21:27,014 - 3 - INFO - **********PLAYER3**********
好的，我准备好参加游戏了
2024-12-13 13:21:31,743 - 3 - INFO - **********JUDGER**********
玩家1说：这是一个温顺的大家伙，拥有浓密的毛发和长长的尾巴。在它的同类中，最特别的是它的庞大身躯和可爱的外表。玩家2说：这是一种大家伙，毛发光泽，尾巴长长，它的同类中，它的体型特别庞大，给人以可爱之感。玩家3说：玩家4说：|| 你是第3号玩家，你的关键词是<熊>。你的回答中绝对不能包含你的关键词<熊>。这是第一轮描述，不需要分析||之前别的玩家的描述，请你描述关键词基本特征，注意，这局游戏的词语分类为<动物>，卧底词和平民词都属于该类，描述包括以下两点，1.他的基本特征是什么2.他在该类（动物）中最突出不同的特征是什么，尽量简短
2024-12-13 13:21:33,116 - 3 - INFO - **********PLAYER3**********
这是一只体型庞大、毛发浓密的动物，它的毛发光泽亮丽，尾巴相对较短。它在同类中最显著的不同之处在于它的性格温顺，给人一种可爱的感觉。
2024-12-13 13:22:24,876 - 3 - INFO - **********JUDGER**********
玩家1说：这是一个温顺的大家伙，拥有浓密的毛发和长长的尾巴。在它的同类中，最特别的是它的庞大身躯和可爱的外表。玩家2说：这是一种大家伙，毛发光泽，尾巴长长，它的同类中，它的体型特别庞大，给人以可爱之感。玩家3说：这是一只体型庞大、毛发浓密的动物，它的毛发光泽亮丽，尾巴相对较短。它在同类中最显著的不同之处在于它的性格温顺，给人一种可爱的感觉。玩家4说：||在这个游戏中，我们需要通过分析每位玩家的描述来找出卧底。通常，平民的描述会围绕相同的词语展开，而卧底的描述可能会因为词语的不同而显得不太一致。我们需要仔细比较每个描述之间的相似性和差异性，以找出可能的卧底，注意，卧底并不会隐藏自己，他会直接描述他的词语，现在，逐一分析每个玩家的描述，注意，这局游戏的词语分类为<动物>，卧底词和平民词都属于该类。这是第一轮描述。
2024-12-13 13:22:29,639 - 3 - INFO - **********PLAYER3**********
在第一轮描述中，玩家1、玩家2和玩家3的描述都围绕着“体型庞大”、“毛发浓密”、“毛发光泽”、“尾巴长”以及“可爱的外表”这些特征。这些描述与一个常见的动物――熊的特征相符。然而，玩家4的描述则提到了“需要通过分析每位玩家的描述来找出卧底”，这并不是对某个动物特征的描述，而是对游戏策略的建议。因此，玩家4的描述与前面的描述在内容和目的上存在明显差异，这可能会引起怀疑，使得玩家4成为卧底候选。不过，没有更多的信息，我们无法确定玩家4是否真的是卧底。需要进一步观察和比较描述的细节来做出判断。
2024-12-13 13:22:29,640 - 3 - INFO - **********JUDGER**********
你刚刚的分析是在第一轮描述中，玩家1、玩家2和玩家3的描述都围绕着“体型庞大”、“毛发浓密”、“毛发光泽”、“尾巴长”以及“可爱的外表”这些特征。这些描述与一个常见的动物――熊的特征相符。然而，玩家4的描述则提到了“需要通过分析每位玩家的描述来找出卧底”，这并不是对某个动物特征的描述，而是对游戏策略的建议。因此，玩家4的描述与前面的描述在内容和目的上存在明显差异，这可能会引起怀疑，使得玩家4成为卧底候选。不过，没有更多的信息，我们无法确定玩家4是否真的是卧底。需要进一步观察和比较描述的细节来做出判断。|| `请根据上述分析，比较描述以找出不一致之处，注意，这局游戏的词语分类为<动物>，卧底词和平民词都属于该类。
2024-12-13 13:22:35,884 - 3 - INFO - **********PLAYER3**********
根据上述分析，我们可以比较描述中的不一致之处如下：

1. 玩家1、玩家2和玩家3的描述都集中在熊的特征上，如“体型庞大”、“毛发浓密”、“毛发光泽”、“尾巴长”和“可爱的外表”。

2. 玩家4的描述并没有提到熊的具体特征，而是给出了关于游戏策略的建议，这与其他玩家描述的动物特征不匹配。

不一致之处总结：
- 玩家4的描述与玩家1、玩家2和玩家3的描述在内容上不相关，因为它没有提供关于动物特征的任何信息，而是讨论了游戏策略。
- 玩家4的描述似乎是为了引导其他玩家注意游戏策略，而不是描述动物特征，这与其他玩家的描述目的不同。

基于这些不一致之处，玩家4的描述可能是基于不同的词语，这可能是卧底的一个线索。然而，仅凭这一点还不能完全确定玩家4就是卧底，因为游戏策略的讨论也可能是在角色扮演中的一部分。需要更多的信息或者进一步的描述来确认。
2024-12-13 13:22:35,885 - 3 - INFO - **********JUDGER**********
你刚刚的分析是根据上述分析，我们可以比较描述中的不一致之处如下：

1. 玩家1、玩家2和玩家3的描述都集中在熊的特征上，如“体型庞大”、“毛发浓密”、“毛发光泽”、“尾巴长”和“可爱的外表”。

2. 玩家4的描述并没有提到熊的具体特征，而是给出了关于游戏策略的建议，这与其他玩家描述的动物特征不匹配。

不一致之处总结：
- 玩家4的描述与玩家1、玩家2和玩家3的描述在内容上不相关，因为它没有提供关于动物特征的任何信息，而是讨论了游戏策略。
- 玩家4的描述似乎是为了引导其他玩家注意游戏策略，而不是描述动物特征，这与其他玩家的描述目的不同。

基于这些不一致之处，玩家4的描述可能是基于不同的词语，这可能是卧底的一个线索。然而，仅凭这一点还不能完全确定玩家4就是卧底，因为游戏策略的讨论也可能是在角色扮演中的一部分。需要更多的信息或者进一步的描述来确认。|| 请通过你分析的不一致之处，推断卧底身份，注意，这局游戏的词语分类为<动物>，卧底词和平民词都属于该类。
2024-12-13 13:22:46,242 - 3 - INFO - **********PLAYER3**********
根据分析的不一致之处，以下是对卧底身份的推断：

1. 玩家1、玩家2和玩家3的描述都高度一致，并且集中在描述熊的特征上，这表明他们可能持有相同的平民词“熊”。

2. 玩家4的描述与玩家1、玩家2和玩家3的描述在内容上不相关，他没有描述熊的特征，而是提供了关于游戏策略的建议。这表明玩家4可能持有与熊不同的动物词，即玩家4可能是卧底。

3. 在这个游戏中，卧底词和平民词都属于动物类，且玩家4的描述与动物特征不匹配，这增加了他是卧底的可能性。

综合以上点，玩家4的描述与游戏中的动物特征描述不一致，且提供了游戏策略的讨论，这可能是他在扮演一个与熊不同的动物角色，因此，玩家4很可能是卧底。然而，这只是一个基于描述不一致性的推断，最终需要通过投票和进一步的描述来确认卧底身份。
2024-12-13 13:22:46,244 - 3 - INFO - **********JUDGER**********
你刚刚的推断是根据分析的不一致之处，以下是对卧底身份的推断：

1. 玩家1、玩家2和玩家3的描述都高度一致，并且集中在描述熊的特征上，这表明他们可能持有相同的平民词“熊”。

2. 玩家4的描述与玩家1、玩家2和玩家3的描述在内容上不相关，他没有描述熊的特征，而是提供了关于游戏策略的建议。这表明玩家4可能持有与熊不同的动物词，即玩家4可能是卧底。

3. 在这个游戏中，卧底词和平民词都属于动物类，且玩家4的描述与动物特征不匹配，这增加了他是卧底的可能性。

综合以上点，玩家4的描述与游戏中的动物特征描述不一致，且提供了游戏策略的讨论，这可能是他在扮演一个与熊不同的动物角色，因此，玩家4很可能是卧底。然而，这只是一个基于描述不一致性的推断，最终需要通过投票和进一步的描述来确认卧底身份。|| 基于你刚刚的推断得出你的最终结论，请输出你认为的卧底，在这种情况下只需要输出编号，是1-4中的某个数字，不要输出其他信息。在这个过程不要进行任何推理，只对||以前的部分进行信息提取
2024-12-13 13:22:46,706 - 3 - INFO - **********PLAYER3**********
4
2024-12-13 13:23:20,934 - 3 - INFO - **********JUDGER**********
玩家1说：这是一个温顺的大家伙，拥有浓密的毛发和长长的尾巴。在它的同类中，最特别的是它的庞大身躯和可爱的外表。这种动物生活在森林中，它们通常在冬季会寻找洞穴进行冬眠。它们的身体强壮，能够适应寒冷的环境。它们以果实、昆虫和小动物为食，有时也会吃一些植物的根茎。尽管它们有时显得笨拙，但它们在攀爬和游泳方面表现出色。玩家2说：这是一种大家伙，毛发光泽，尾巴长长，它的同类中，它的体型特别庞大，给人以可爱之感。这种动物以其强壮的身体和修长的腿著称，它们通常在森林中生活，拥有浓密的毛发，但耳朵较小，体型更为粗壮。它们在同类中以其独特的外表和强大的力量而特别，尤其是在它们的鬃毛上，这一点在同类中非常突出。玩家3说：这是一只体型庞大、毛发浓密的动物，它的毛发光泽亮丽，尾巴相对较短。它在同类中最显著的不同之处在于它的性格温顺，给人一种可爱的感觉。玩家4说：这是一只体型巨大的动物，拥有浓密的毛发和修长的腿。它在同类中最特别的是它拥有独特的鬃毛和强大的力量。你是第3号玩家，你的关键词是<熊>。你的回答中绝对不能包含你的关键词<熊>。这是第二轮描述，你之前的描述是这是一只体型庞大、毛发浓密的动物，它的毛发光泽亮丽，尾巴相对较短。它在同类中最显著的不同之处在于它的性格温顺，给人一种可爱的感觉。，注意，这局游戏的词语分类为<动物>，卧底词和平民词都属于该类，请你补充关于关键词的描述，注意，你的描述应该比起之前的描述更加贴近关键词，作为之前的补充
2024-12-13 13:23:24,706 - 3 - INFO - **********PLAYER3**********
这种动物以它那宽阔的肩膀和强壮的爪子著称，它们在同类中以其庞大的体型和强大的力量而闻名。尽管它们看起来笨拙，但它们在森林中的行动敏捷，能够轻松攀爬树木。它们的毛发厚实，为它们提供了在寒冷气候中的保护。这种动物通常在夜间活动，以果实、昆虫和植物为食。
2024-12-13 13:24:01,817 - 3 - INFO - **********JUDGER**********
玩家1说：这是一个温顺的大家伙，拥有浓密的毛发和长长的尾巴。在它的同类中，最特别的是它的庞大身躯和可爱的外表。这种动物生活在森林中，它们通常在冬季会寻找洞穴进行冬眠。它们的身体强壮，能够适应寒冷的环境。它们以果实、昆虫和小动物为食，有时也会吃一些植物的根茎。尽管它们有时显得笨拙，但它们在攀爬和游泳方面表现出色。玩家2说：这是一种大家伙，毛发光泽，尾巴长长，它的同类中，它的体型特别庞大，给人以可爱之感。这种动物以其强壮的身体和修长的腿著称，它们通常在森林中生活，拥有浓密的毛发，但耳朵较小，体型更为粗壮。它们在同类中以其独特的外表和强大的力量而特别，尤其是在它们的鬃毛上，这一点在同类中非常突出。玩家3说：这是一只体型庞大、毛发浓密的动物，它的毛发光泽亮丽，尾巴相对较短。它在同类中最显著的不同之处在于它的性格温顺，给人一种可爱的感觉。这种动物以它那宽阔的肩膀和强壮的爪子著称，它们在同类中以其庞大的体型和强大的力量而闻名。尽管它们看起来笨拙，但它们在森林中的行动敏捷，能够轻松攀爬树木。它们的毛发厚实，为它们提供了在寒冷气候中的保护。这种动物通常在夜间活动，以果实、昆虫和植物为食。玩家4说：这是一只体型巨大的动物，拥有浓密的毛发和修长的腿。它在同类中最特别的是它拥有独特的鬃毛和强大的力量。||在这个游戏中，我们需要通过分析每位玩家的描述来找出卧底。通常，平民的描述会围绕相同的词语展开，而卧底的描述可能会因为词语的不同而显得不太一致。我们需要仔细比较每个描述之间的相似性和差异性，以找出可能的卧底，注意，卧底并不会隐藏自己，他会直接描述他的词语，现在，逐一分析每个玩家的描述，注意，这局游戏的词语分类为<动物>，卧底词和平民词都属于该类。||之前是第2轮描述和之前轮数描述的合集。你之前认为的卧底是玩家4。
2024-12-13 13:24:02,784 - 3 - INFO - **********PLAYER3**********
玩家4
2024-12-13 13:24:02,786 - 3 - INFO - **********JUDGER**********
你刚刚的分析是玩家4|| `请根据上述分析，比较描述以找出不一致之处，注意，这局游戏的词语分类为<动物>，卧底词和平民词都属于该类。
2024-12-13 13:24:08,311 - 3 - INFO - **********PLAYER3**********
玩家4，我的描述如下：

在这个游戏中，我们需要通过分析每位玩家的描述来找出卧底。通常，平民的描述会围绕相同的词语展开，而卧底的描述可能会因为词语的不同而显得不太一致。我们需要仔细比较每个描述之间的相似性和差异性，以找出可能的卧底。注意，这局游戏的词语分类为<动物>，卧底词和平民词都属于该类。这是第一轮描述。
2024-12-13 13:24:08,315 - 3 - INFO - **********JUDGER**********
你刚刚的分析是玩家4，我的描述如下：

在这个游戏中，我们需要通过分析每位玩家的描述来找出卧底。通常，平民的描述会围绕相同的词语展开，而卧底的描述可能会因为词语的不同而显得不太一致。我们需要仔细比较每个描述之间的相似性和差异性，以找出可能的卧底。注意，这局游戏的词语分类为<动物>，卧底词和平民词都属于该类。这是第一轮描述。|| 请通过你分析的不一致之处，推断卧底身份，注意，这局游戏的词语分类为<动物>，卧底词和平民词都属于该类。
2024-12-13 13:24:13,250 - 3 - INFO - **********PLAYER3**********
根据第一轮的描述，我们可以看出玩家1、玩家2和玩家3的描述都指向了熊这一动物，强调了其体型庞大、毛发浓密、毛发光泽、尾巴长以及温顺可爱的特征。这些描述非常一致，表明他们可能是平民。

然而，玩家4的描述并没有直接提到熊，而是提供了一种寻找卧底的方法，这与游戏描述不符。因此，玩家4的描述可能是基于不同的词语，这可能是卧底词。

基于这些信息，玩家4的描述与其他玩家的描述不一致，因此，根据游戏规则，玩家4很可能是卧底。
2024-12-13 13:24:13,253 - 3 - INFO - **********JUDGER**********
你刚刚的推断是根据第一轮的描述，我们可以看出玩家1、玩家2和玩家3的描述都指向了熊这一动物，强调了其体型庞大、毛发浓密、毛发光泽、尾巴长以及温顺可爱的特征。这些描述非常一致，表明他们可能是平民。

然而，玩家4的描述并没有直接提到熊，而是提供了一种寻找卧底的方法，这与游戏描述不符。因此，玩家4的描述可能是基于不同的词语，这可能是卧底词。

基于这些信息，玩家4的描述与其他玩家的描述不一致，因此，根据游戏规则，玩家4很可能是卧底。|| 基于你刚刚的推断得出你的最终结论，请输出你认为的卧底，在这种情况下只需要输出编号，是1-4中的某个数字，不要输出其他信息。在这个过程不要进行任何推理，只对||以前的部分进行信息提取
2024-12-13 13:24:14,066 - 3 - INFO - **********PLAYER3**********
4
2024-12-13 13:24:59,147 - 3 - INFO - **********JUDGER**********
玩家1说：这是一个温顺的大家伙，拥有浓密的毛发和长长的尾巴。在它的同类中，最特别的是它的庞大身躯和可爱的外表。这种动物生活在森林中，它们通常在冬季会寻找洞穴进行冬眠。它们的身体强壮，能够适应寒冷的环境。它们以果实、昆虫和小动物为食，有时也会吃一些植物的根茎。尽管它们有时显得笨拙，但它们在攀爬和游泳方面表现出色。这种动物是森林的守护者，它们在同类中以其强大的力量和坚韧的意志著称。它们在白天活动，以果实、昆虫和小动物为食，偶尔也会吃一些植物的根茎。它们的身体结构适合在寒冷的环境中生存，拥有厚实的毛发来抵御严寒。尽管它们有时看起来笨拙，但它们在森林中行动敏捷，擅长攀爬和游泳。在同类中，它们以其独特的体型和可爱的外表而受到人们的喜爱。玩家2说：这是一种大家伙，毛发光泽，尾巴长长，它的同类中，它的体型特别庞大，给人以可爱之感。这种动物以其强壮的身体和修长的腿著称，它们通常在森林中生活，拥有浓密的毛发，但耳朵较小，体型更为粗壮。它们在同类中以其独特的外表和强大的力量而特别，尤其是在它们的鬃毛上，这一点在同类中非常突出。这种动物以其强壮的身体和修长的腿著称，它们通常在森林中生活，拥有浓密的毛发，但耳朵较小，体型更为粗壮。它们在同类中以其独特的外表和强大的力量而特别，尤其是在它们的鬃毛上，这一点在同类中非常突出。这种动物通常在寒冷的环境中寻找洞穴进行冬眠，以果实、昆虫和小动物为食，偶尔也会吃一些植物的根茎。尽管它们有时显得笨拙，但它们在攀爬和游泳方面表现出色。玩家3说：这是一只体型庞大、毛发浓密的动物，它的毛发光泽亮丽，尾巴相对较短。它在同类中最显著的不同之处在于它的性格温顺，给人一种可爱的感觉。这种动物以它那宽阔的肩膀和强壮的爪子著称，它们在同类中以其庞大的体型和强大的力量而闻名。尽管它们看起来笨拙，但它们在森林中的行动敏捷，能够轻松攀爬树木。它们的毛发厚实，为它们提供了在寒冷气候中的保护。这种动物通常在夜间活动，以果实、昆虫和植物为食。玩家4说：这是一只体型巨大的动物，拥有浓密的毛发和修长的腿。它在同类中最特别的是它拥有独特的鬃毛和强大的力量。这种动物生活在干旱的草原上，它们通常在炎热的季节中寻找阴凉的地方避暑。它们的身体结构使得它们能够奔跑迅速，适应广袤的草原。它们以肉类为食，是捕食者中的强者。尽管它们在战斗中展现出强大的力量，但它们在家庭中表现出温和的一面，尤其是对幼崽。你是第3号玩家，你的关键词是<熊>。你的回答中绝对不能包含你的关键词<熊>。这是第三轮描述，你之前的描述是这是一只体型庞大、毛发浓密的动物，它的毛发光泽亮丽，尾巴相对较短。它在同类中最显著的不同之处在于它的性格温顺，给人一种可爱的感觉。和这种动物以它那宽阔的肩膀和强壮的爪子著称，它们在同类中以其庞大的体型和强大的力量而闻名。尽管它们看起来笨拙，但它们在森林中的行动敏捷，能够轻松攀爬树木。它们的毛发厚实，为它们提供了在寒冷气候中的保护。这种动物通常在夜间活动，以果实、昆虫和植物为食。，注意，这局游戏的词语分类为<动物>，卧底词和平民词都属于该类，请你补充关于关键词的描述，注意，你的描述应该比起之前的描述更加贴近关键词，作为之前的补充
2024-12-13 13:25:03,185 - 3 - INFO - **********PLAYER3**********
这种动物以其厚实的身躯和强壮的四肢而著称，它们在同类中以其适应力强和力量大而闻名。尽管它们在森林中的行动可能显得笨拙，但它们在攀爬和游泳方面表现出色。它们的毛发为它们提供了在寒冷气候中的保暖，而且它们通常在夜间活动，以果实、昆虫和植物为食。这种动物在同类中以其独特的体型和可爱的外表而受到人们的喜爱。
2024-12-13 13:25:49,627 - 3 - INFO - **********JUDGER**********
玩家1说：这是一个温顺的大家伙，拥有浓密的毛发和长长的尾巴。在它的同类中，最特别的是它的庞大身躯和可爱的外表。这种动物生活在森林中，它们通常在冬季会寻找洞穴进行冬眠。它们的身体强壮，能够适应寒冷的环境。它们以果实、昆虫和小动物为食，有时也会吃一些植物的根茎。尽管它们有时显得笨拙，但它们在攀爬和游泳方面表现出色。这种动物是森林的守护者，它们在同类中以其强大的力量和坚韧的意志著称。它们在白天活动，以果实、昆虫和小动物为食，偶尔也会吃一些植物的根茎。它们的身体结构适合在寒冷的环境中生存，拥有厚实的毛发来抵御严寒。尽管它们有时看起来笨拙，但它们在森林中行动敏捷，擅长攀爬和游泳。在同类中，它们以其独特的体型和可爱的外表而受到人们的喜爱。玩家2说：这是一种大家伙，毛发光泽，尾巴长长，它的同类中，它的体型特别庞大，给人以可爱之感。这种动物以其强壮的身体和修长的腿著称，它们通常在森林中生活，拥有浓密的毛发，但耳朵较小，体型更为粗壮。它们在同类中以其独特的外表和强大的力量而特别，尤其是在它们的鬃毛上，这一点在同类中非常突出。这种动物以其强壮的身体和修长的腿著称，它们通常在森林中生活，拥有浓密的毛发，但耳朵较小，体型更为粗壮。它们在同类中以其独特的外表和强大的力量而特别，尤其是在它们的鬃毛上，这一点在同类中非常突出。这种动物通常在寒冷的环境中寻找洞穴进行冬眠，以果实、昆虫和小动物为食，偶尔也会吃一些植物的根茎。尽管它们有时显得笨拙，但它们在攀爬和游泳方面表现出色。玩家3说：这是一只体型庞大、毛发浓密的动物，它的毛发光泽亮丽，尾巴相对较短。它在同类中最显著的不同之处在于它的性格温顺，给人一种可爱的感觉。这种动物以它那宽阔的肩膀和强壮的爪子著称，它们在同类中以其庞大的体型和强大的力量而闻名。尽管它们看起来笨拙，但它们在森林中的行动敏捷，能够轻松攀爬树木。它们的毛发厚实，为它们提供了在寒冷气候中的保护。这种动物通常在夜间活动，以果实、昆虫和植物为食。这种动物以其厚实的身躯和强壮的四肢而著称，它们在同类中以其适应力强和力量大而闻名。尽管它们在森林中的行动可能显得笨拙，但它们在攀爬和游泳方面表现出色。它们的毛发为它们提供了在寒冷气候中的保暖，而且它们通常在夜间活动，以果实、昆虫和植物为食。这种动物在同类中以其独特的体型和可爱的外表而受到人们的喜爱。玩家4说：这是一只体型巨大的动物，拥有浓密的毛发和修长的腿。它在同类中最特别的是它拥有独特的鬃毛和强大的力量。这种动物生活在干旱的草原上，它们通常在炎热的季节中寻找阴凉的地方避暑。它们的身体结构使得它们能够奔跑迅速，适应广袤的草原。它们以肉类为食，是捕食者中的强者。尽管它们在战斗中展现出强大的力量，但它们在家庭中表现出温和的一面，尤其是对幼崽。这种动物是草原的霸主，它们拥有强壮的颈部和锋利的牙齿。它们在同类中最显著的特征是它们的面部表情，给人一种智慧而神秘的感觉。这种动物在狩猎时展现出惊人的速度和敏捷性，它们在草原上追逐猎物，是捕食者中的佼佼者。尽管它们在狩猎时凶猛无比，但它们对同族幼崽和保护领地时的行为则显得非常温和。||在这个游戏中，我们需要通过分析每位玩家的描述来找出卧底。通常，平民的描述会围绕相同的词语展开，而卧底的描述可能会因为词语的不同而显得不太一致。我们需要仔细比较每个描述之间的相似性和差异性，以找出可能的卧底，注意，卧底并不会隐藏自己，他会直接描述他的词语，现在，逐一分析每个玩家的描述，注意，这局游戏的词语分类为<动物>，卧底词和平民词都属于该类。||之前是第3轮描述和之前轮数描述的合集。你之前认为的卧底是玩家4。
2024-12-13 13:25:51,501 - 3 - INFO - **********PLAYER3**********
玩家4
2024-12-13 13:25:51,511 - 3 - INFO - **********JUDGER**********
你刚刚的分析是玩家4|| `请根据上述分析，比较描述以找出不一致之处，注意，这局游戏的词语分类为<动物>，卧底词和平民词都属于该类。
2024-12-13 13:26:05,490 - 3 - INFO - **********PLAYER3**********
在比较描述以找出不一致之处时，我们可以观察到以下几点：

1. 玩家1、玩家2和玩家3的描述都集中在熊的特征上，包括温顺的性格、浓密的毛发、长长的尾巴、庞大身躯、可爱的外表、生活在森林中、冬眠习性、强壮的身体、适应寒冷环境、以果实、昆虫和小动物为食，以及行动敏捷等特点。

2. 玩家4的描述则描述了一种生活在干旱草原上的大型动物，拥有浓密的毛发和修长的腿，独特的鬃毛和强大的力量。它以肉类为食，是草原上的捕食者，具有强壮的颈部和锋利的牙齿，面部表情给人以智慧而神秘的感觉，狩猎时展现出速度和敏捷性，对幼崽和保护领地时行为温和。

不一致之处总结：
- 玩家4的描述与玩家1、玩家2和玩家3的描述在生活环境（森林 vs 草原）、饮食习惯（植物性 vs 肉食性）、行为习性（冬眠 vs 捕食者）、身体结构（适应寒冷环境 vs 强壮颈部和牙齿）和面部表情等方面存在显著差异。
- 玩家4的描述与熊的特征不符，而玩家1、玩家2和玩家3的描述都与熊的特征相符。

因此，玩家4的描述与玩家1、玩家2和玩家3的描述不一致，这可能是卧底的一个线索。
2024-12-13 13:26:05,492 - 3 - INFO - **********JUDGER**********
你刚刚的分析是在比较描述以找出不一致之处时，我们可以观察到以下几点：

1. 玩家1、玩家2和玩家3的描述都集中在熊的特征上，包括温顺的性格、浓密的毛发、长长的尾巴、庞大身躯、可爱的外表、生活在森林中、冬眠习性、强壮的身体、适应寒冷环境、以果实、昆虫和小动物为食，以及行动敏捷等特点。

2. 玩家4的描述则描述了一种生活在干旱草原上的大型动物，拥有浓密的毛发和修长的腿，独特的鬃毛和强大的力量。它以肉类为食，是草原上的捕食者，具有强壮的颈部和锋利的牙齿，面部表情给人以智慧而神秘的感觉，狩猎时展现出速度和敏捷性，对幼崽和保护领地时行为温和。

不一致之处总结：
- 玩家4的描述与玩家1、玩家2和玩家3的描述在生活环境（森林 vs 草原）、饮食习惯（植物性 vs 肉食性）、行为习性（冬眠 vs 捕食者）、身体结构（适应寒冷环境 vs 强壮颈部和牙齿）和面部表情等方面存在显著差异。
- 玩家4的描述与熊的特征不符，而玩家1、玩家2和玩家3的描述都与熊的特征相符。

因此，玩家4的描述与玩家1、玩家2和玩家3的描述不一致，这可能是卧底的一个线索。|| 请通过你分析的不一致之处，推断卧底身份，注意，这局游戏的词语分类为<动物>，卧底词和平民词都属于该类。
2024-12-13 13:26:06,811 - 3 - INFO - **********PLAYER3**********
4
2024-12-13 13:26:06,812 - 3 - INFO - **********JUDGER**********
你刚刚的推断是4|| 基于你刚刚的推断得出你的最终结论，请输出你认为的卧底，在这种情况下只需要输出编号，是1-4中的某个数字，不要输出其他信息。在这个过程不要进行任何推理，只对||以前的部分进行信息提取
2024-12-13 13:26:08,535 - 3 - INFO - **********PLAYER3**********
4
