2024-12-13 13:21:27,928 - 4 - INFO - **********JUDGER**********
让我们来玩一个叫做<谁是卧底>的推理游戏。基本规则：<人数>：4人。<角色分配>：每位玩家随机抽取一个词语，3名玩家拿到的词语是相同的（平民词），1名玩家拿到与之相近但不同的词语（卧底词）。<游戏流程>：1、玩家轮流描述自己的词语，但<不能>直接说出词语本身。2、描述完毕后，投票选出最像卧底的玩家。3、每轮结束后，被投票选出的玩家出局，不能再进行描述或投票。4、每轮投票结束后，如果卧底被成功找出，平民方获胜；如果卧底未被找出且卧底人数等于或超过平民人数，则卧底方获胜。你将扮演一个<玩家>，请等待你被分配到的关键词。如果你听懂了，只回答，"好的，我准备好参加游戏了"，不要输出别的信息
2024-12-13 13:21:28,422 - 4 - INFO - **********PLAYER4**********
好的，我准备好参加游戏了
2024-12-13 13:21:33,119 - 4 - INFO - **********JUDGER**********
玩家1说：这是一个温顺的大家伙，拥有浓密的毛发和长长的尾巴。在它的同类中，最特别的是它的庞大身躯和可爱的外表。玩家2说：这是一种大家伙，毛发光泽，尾巴长长，它的同类中，它的体型特别庞大，给人以可爱之感。玩家3说：这是一只体型庞大、毛发浓密的动物，它的毛发光泽亮丽，尾巴相对较短。它在同类中最显著的不同之处在于它的性格温顺，给人一种可爱的感觉。玩家4说：|| 你是第4号玩家，你的关键词是<狮子>。你的回答中绝对不能包含你的关键词<狮子>。这是第一轮描述，不需要分析||之前别的玩家的描述，请你描述关键词基本特征，注意，这局游戏的词语分类为<动物>，卧底词和平民词都属于该类，描述包括以下两点，1.他的基本特征是什么2.他在该类（动物）中最突出不同的特征是什么，尽量简短
2024-12-13 13:21:34,258 - 4 - INFO - **********PLAYER4**********
这是一只体型巨大的动物，拥有浓密的毛发和修长的腿。它在同类中最特别的是它拥有独特的鬃毛和强大的力量。
2024-12-13 13:22:46,707 - 4 - INFO - **********JUDGER**********
玩家1说：这是一个温顺的大家伙，拥有浓密的毛发和长长的尾巴。在它的同类中，最特别的是它的庞大身躯和可爱的外表。玩家2说：这是一种大家伙，毛发光泽，尾巴长长，它的同类中，它的体型特别庞大，给人以可爱之感。玩家3说：这是一只体型庞大、毛发浓密的动物，它的毛发光泽亮丽，尾巴相对较短。它在同类中最显著的不同之处在于它的性格温顺，给人一种可爱的感觉。玩家4说：||在这个游戏中，我们需要通过分析每位玩家的描述来找出卧底。通常，平民的描述会围绕相同的词语展开，而卧底的描述可能会因为词语的不同而显得不太一致。我们需要仔细比较每个描述之间的相似性和差异性，以找出可能的卧底，注意，卧底并不会隐藏自己，他会直接描述他的词语，现在，逐一分析每个玩家的描述，注意，这局游戏的词语分类为<动物>，卧底词和平民词都属于该类。这是第一轮描述。
2024-12-13 13:22:50,505 - 4 - INFO - **********PLAYER4**********
根据玩家1、玩家2和玩家3的描述，他们都在描述一种体型庞大、毛发光泽、尾巴长且性格温顺的动物。这些描述都非常相似，没有明显的矛盾或不一致之处。然而，玩家4的描述没有提供具体的特征，只是提到了游戏规则和卧底可能的行为模式。

考虑到这些描述，玩家4的描述似乎与前三名玩家的描述不太一致，因为他们没有具体描述一个动物的特征，而是更多地强调了游戏规则和卧底的行为。这可能表明玩家4可能是卧底，因为他没有像其他玩家那样围绕一个特定的动物词语进行描述。不过，这也可能是玩家4的策略，故意不提供具体信息以混淆视听。因此，玩家4可能是卧底，但这也需要进一步的信息来确定。
2024-12-13 13:22:50,505 - 4 - INFO - **********JUDGER**********
你刚刚的分析是根据玩家1、玩家2和玩家3的描述，他们都在描述一种体型庞大、毛发光泽、尾巴长且性格温顺的动物。这些描述都非常相似，没有明显的矛盾或不一致之处。然而，玩家4的描述没有提供具体的特征，只是提到了游戏规则和卧底可能的行为模式。

考虑到这些描述，玩家4的描述似乎与前三名玩家的描述不太一致，因为他们没有具体描述一个动物的特征，而是更多地强调了游戏规则和卧底的行为。这可能表明玩家4可能是卧底，因为他没有像其他玩家那样围绕一个特定的动物词语进行描述。不过，这也可能是玩家4的策略，故意不提供具体信息以混淆视听。因此，玩家4可能是卧底，但这也需要进一步的信息来确定。|| `请根据上述分析，比较描述以找出不一致之处，注意，这局游戏的词语分类为<动物>，卧底词和平民词都属于该类。
2024-12-13 13:23:02,680 - 4 - INFO - **********PLAYER4**********
根据上述分析，我们可以比较描述中的一致性和不一致性如下：

1. 一致性：
   - 所有玩家都提到了动物体型庞大。
   - 所有玩家都提到了动物毛发光泽。
   - 所有玩家都提到了动物尾巴长。
   - 所有玩家都提到了动物性格温顺。
   - 所有玩家都提到了动物给人以可爱的感觉。

2. 不一致性：
   - 玩家4的描述主要集中在游戏规则和卧底行为上，而没有提供关于动物的具体特征。
   - 玩家1、玩家2和玩家3的描述都具体提到了动物的特征，如庞大身躯、可爱外表、毛发光泽、尾巴长、性格温顺等。

基于这些比较，玩家4的描述与玩家1、玩家2和玩家3的描述存在明显的不一致性，因为玩家4没有提供任何关于动物特征的描述，而是转而讨论了游戏规则。这可能是玩家4作为卧底的行为，故意避免直接描述动物特征以混淆判断。因此，玩家4的描述可能是一个不一致的线索，值得进一步关注。
2024-12-13 13:23:02,683 - 4 - INFO - **********JUDGER**********
你刚刚的分析是根据上述分析，我们可以比较描述中的一致性和不一致性如下：

1. 一致性：
   - 所有玩家都提到了动物体型庞大。
   - 所有玩家都提到了动物毛发光泽。
   - 所有玩家都提到了动物尾巴长。
   - 所有玩家都提到了动物性格温顺。
   - 所有玩家都提到了动物给人以可爱的感觉。

2. 不一致性：
   - 玩家4的描述主要集中在游戏规则和卧底行为上，而没有提供关于动物的具体特征。
   - 玩家1、玩家2和玩家3的描述都具体提到了动物的特征，如庞大身躯、可爱外表、毛发光泽、尾巴长、性格温顺等。

基于这些比较，玩家4的描述与玩家1、玩家2和玩家3的描述存在明显的不一致性，因为玩家4没有提供任何关于动物特征的描述，而是转而讨论了游戏规则。这可能是玩家4作为卧底的行为，故意避免直接描述动物特征以混淆判断。因此，玩家4的描述可能是一个不一致的线索，值得进一步关注。|| 请通过你分析的不一致之处，推断卧底身份，注意，这局游戏的词语分类为<动物>，卧底词和平民词都属于该类。
2024-12-13 13:23:12,520 - 4 - INFO - **********PLAYER4**********
根据上述分析，玩家4的描述与其他三位玩家描述的不一致性主要体现在没有提供具体的动物特征。在《谁是卧底》游戏中，这种不一致性通常是一个重要的线索，因为它可能表明该玩家没有围绕一个共同的动物词语进行描述，而是可能持有不同的词语。

由于游戏的词语分类为<动物>，我们可以推断玩家4可能持有的是与动物特征不匹配的词语，或者是与前三名玩家描述的动物特征不吻合的词语。以下是一些可能的推断：

1. 玩家4可能是卧底，因为他没有描述动物的具体特征，这可能与以下情况相符：
   - 玩家4持有的词语可能是一种不常见的动物，或者是一种非常独特的动物，使得描述起来与其他玩家的共同词语有所不同。
   - 玩家4持有的词语可能是一种虚构的动物，或者是与前三名玩家描述的动物特征完全不同的动物。

2. 另一种可能性是玩家4可能是一个平民，但他的描述策略是故意不提供具体特征，可能是为了误导其他玩家，认为他是卧底。

然而，没有更多的信息，我们无法确定玩家4的确切身份。我们需要更多的描述或玩家的行为来进一步推断卧底的身份。如果玩家4在后续的描述中继续不提供具体动物特征，这可能会加强他作为卧底的嫌疑。
2024-12-13 13:23:12,522 - 4 - INFO - **********JUDGER**********
你刚刚的推断是根据上述分析，玩家4的描述与其他三位玩家描述的不一致性主要体现在没有提供具体的动物特征。在《谁是卧底》游戏中，这种不一致性通常是一个重要的线索，因为它可能表明该玩家没有围绕一个共同的动物词语进行描述，而是可能持有不同的词语。

由于游戏的词语分类为<动物>，我们可以推断玩家4可能持有的是与动物特征不匹配的词语，或者是与前三名玩家描述的动物特征不吻合的词语。以下是一些可能的推断：

1. 玩家4可能是卧底，因为他没有描述动物的具体特征，这可能与以下情况相符：
   - 玩家4持有的词语可能是一种不常见的动物，或者是一种非常独特的动物，使得描述起来与其他玩家的共同词语有所不同。
   - 玩家4持有的词语可能是一种虚构的动物，或者是与前三名玩家描述的动物特征完全不同的动物。

2. 另一种可能性是玩家4可能是一个平民，但他的描述策略是故意不提供具体特征，可能是为了误导其他玩家，认为他是卧底。

然而，没有更多的信息，我们无法确定玩家4的确切身份。我们需要更多的描述或玩家的行为来进一步推断卧底的身份。如果玩家4在后续的描述中继续不提供具体动物特征，这可能会加强他作为卧底的嫌疑。|| 基于你刚刚的推断得出你的最终结论，请输出你认为的卧底，在这种情况下只需要输出编号，是1-4中的某个数字，不要输出其他信息。在这个过程不要进行任何推理，只对||以前的部分进行信息提取
2024-12-13 13:23:13,161 - 4 - INFO - **********PLAYER4**********
4
2024-12-13 13:23:24,707 - 4 - INFO - **********JUDGER**********
玩家1说：这是一个温顺的大家伙，拥有浓密的毛发和长长的尾巴。在它的同类中，最特别的是它的庞大身躯和可爱的外表。这种动物生活在森林中，它们通常在冬季会寻找洞穴进行冬眠。它们的身体强壮，能够适应寒冷的环境。它们以果实、昆虫和小动物为食，有时也会吃一些植物的根茎。尽管它们有时显得笨拙，但它们在攀爬和游泳方面表现出色。玩家2说：这是一种大家伙，毛发光泽，尾巴长长，它的同类中，它的体型特别庞大，给人以可爱之感。这种动物以其强壮的身体和修长的腿著称，它们通常在森林中生活，拥有浓密的毛发，但耳朵较小，体型更为粗壮。它们在同类中以其独特的外表和强大的力量而特别，尤其是在它们的鬃毛上，这一点在同类中非常突出。玩家3说：这是一只体型庞大、毛发浓密的动物，它的毛发光泽亮丽，尾巴相对较短。它在同类中最显著的不同之处在于它的性格温顺，给人一种可爱的感觉。这种动物以它那宽阔的肩膀和强壮的爪子著称，它们在同类中以其庞大的体型和强大的力量而闻名。尽管它们看起来笨拙，但它们在森林中的行动敏捷，能够轻松攀爬树木。它们的毛发厚实，为它们提供了在寒冷气候中的保护。这种动物通常在夜间活动，以果实、昆虫和植物为食。玩家4说：这是一只体型巨大的动物，拥有浓密的毛发和修长的腿。它在同类中最特别的是它拥有独特的鬃毛和强大的力量。你是第4号玩家，你的关键词是<狮子>。你的回答中绝对不能包含你的关键词<狮子>。这是第二轮描述，你之前的描述是这是一只体型巨大的动物，拥有浓密的毛发和修长的腿。它在同类中最特别的是它拥有独特的鬃毛和强大的力量。，注意，这局游戏的词语分类为<动物>，卧底词和平民词都属于该类，请你补充关于关键词的描述，注意，你的描述应该比起之前的描述更加贴近关键词，作为之前的补充
2024-12-13 13:23:29,128 - 4 - INFO - **********PLAYER4**********
这种动物生活在干旱的草原上，它们通常在炎热的季节中寻找阴凉的地方避暑。它们的身体结构使得它们能够奔跑迅速，适应广袤的草原。它们以肉类为食，是捕食者中的强者。尽管它们在战斗中展现出强大的力量，但它们在家庭中表现出温和的一面，尤其是对幼崽。
2024-12-13 13:24:14,068 - 4 - INFO - **********JUDGER**********
玩家1说：这是一个温顺的大家伙，拥有浓密的毛发和长长的尾巴。在它的同类中，最特别的是它的庞大身躯和可爱的外表。这种动物生活在森林中，它们通常在冬季会寻找洞穴进行冬眠。它们的身体强壮，能够适应寒冷的环境。它们以果实、昆虫和小动物为食，有时也会吃一些植物的根茎。尽管它们有时显得笨拙，但它们在攀爬和游泳方面表现出色。玩家2说：这是一种大家伙，毛发光泽，尾巴长长，它的同类中，它的体型特别庞大，给人以可爱之感。这种动物以其强壮的身体和修长的腿著称，它们通常在森林中生活，拥有浓密的毛发，但耳朵较小，体型更为粗壮。它们在同类中以其独特的外表和强大的力量而特别，尤其是在它们的鬃毛上，这一点在同类中非常突出。玩家3说：这是一只体型庞大、毛发浓密的动物，它的毛发光泽亮丽，尾巴相对较短。它在同类中最显著的不同之处在于它的性格温顺，给人一种可爱的感觉。这种动物以它那宽阔的肩膀和强壮的爪子著称，它们在同类中以其庞大的体型和强大的力量而闻名。尽管它们看起来笨拙，但它们在森林中的行动敏捷，能够轻松攀爬树木。它们的毛发厚实，为它们提供了在寒冷气候中的保护。这种动物通常在夜间活动，以果实、昆虫和植物为食。玩家4说：这是一只体型巨大的动物，拥有浓密的毛发和修长的腿。它在同类中最特别的是它拥有独特的鬃毛和强大的力量。||在这个游戏中，我们需要通过分析每位玩家的描述来找出卧底。通常，平民的描述会围绕相同的词语展开，而卧底的描述可能会因为词语的不同而显得不太一致。我们需要仔细比较每个描述之间的相似性和差异性，以找出可能的卧底，注意，卧底并不会隐藏自己，他会直接描述他的词语，现在，逐一分析每个玩家的描述，注意，这局游戏的词语分类为<动物>，卧底词和平民词都属于该类。||之前是第2轮描述和之前轮数描述的合集。你之前认为的卧底是玩家4。
2024-12-13 13:24:24,506 - 4 - INFO - **********PLAYER4**********
根据第二轮描述和之前轮数描述的合集，玩家4的描述与玩家1、玩家2和玩家3的描述存在以下差异：

1. 玩家4提到动物生活在干旱的草原上，而玩家1、玩家2和玩家3描述的动物生活在森林中。
2. 玩家4提到动物以肉类为食，而玩家1、玩家2和玩家3描述的动物以果实、昆虫、小动物和植物的根茎为食。
3. 玩家4提到动物是捕食者中的强者，而玩家1、玩家2和玩家3描述的动物性格温顺。

这些差异表明玩家4的描述与玩家1、玩家2和玩家3的描述不一致，特别是在动物的生活环境、饮食习惯和性格特点上。由于游戏规则要求卧底的描述可能会因为词语的不同而显得不太一致，玩家4的描述与前三名玩家的差异较大，这进一步支持了玩家4可能是卧底的推断。

因此，基于这些分析，我仍然认为玩家4是卧底。
2024-12-13 13:24:24,517 - 4 - INFO - **********JUDGER**********
你刚刚的分析是根据第二轮描述和之前轮数描述的合集，玩家4的描述与玩家1、玩家2和玩家3的描述存在以下差异：

1. 玩家4提到动物生活在干旱的草原上，而玩家1、玩家2和玩家3描述的动物生活在森林中。
2. 玩家4提到动物以肉类为食，而玩家1、玩家2和玩家3描述的动物以果实、昆虫、小动物和植物的根茎为食。
3. 玩家4提到动物是捕食者中的强者，而玩家1、玩家2和玩家3描述的动物性格温顺。

这些差异表明玩家4的描述与玩家1、玩家2和玩家3的描述不一致，特别是在动物的生活环境、饮食习惯和性格特点上。由于游戏规则要求卧底的描述可能会因为词语的不同而显得不太一致，玩家4的描述与前三名玩家的差异较大，这进一步支持了玩家4可能是卧底的推断。

因此，基于这些分析，我仍然认为玩家4是卧底。|| `请根据上述分析，比较描述以找出不一致之处，注意，这局游戏的词语分类为<动物>，卧底词和平民词都属于该类。
2024-12-13 13:24:40,436 - 4 - INFO - **********PLAYER4**********
根据上述分析，不一致之处如下：

1. 生活环境：
   - 玩家4描述的动物生活在干旱的草原上。
   - 玩家1、玩家2和玩家3描述的动物生活在森林中。

2. 饮食习惯：
   - 玩家4描述的动物以肉类为食。
   - 玩家1、玩家2和玩家3描述的动物以果实、昆虫、小动物和植物的根茎为食。

3. 性格特点：
   - 玩家4描述的动物是捕食者中的强者。
   - 玩家1、玩家2和玩家3描述的动物性格温顺。

这些不一致之处表明玩家4的描述在生活环境、饮食习惯和性格特点上与玩家1、玩家2和玩家3的描述存在显著差异，这可能是由于玩家4持有的词语与前三名玩家不同，从而导致了描述上的不一致。因此，这些差异可以作为找出卧底的重要线索。
2024-12-13 13:24:40,437 - 4 - INFO - **********JUDGER**********
你刚刚的分析是根据上述分析，不一致之处如下：

1. 生活环境：
   - 玩家4描述的动物生活在干旱的草原上。
   - 玩家1、玩家2和玩家3描述的动物生活在森林中。

2. 饮食习惯：
   - 玩家4描述的动物以肉类为食。
   - 玩家1、玩家2和玩家3描述的动物以果实、昆虫、小动物和植物的根茎为食。

3. 性格特点：
   - 玩家4描述的动物是捕食者中的强者。
   - 玩家1、玩家2和玩家3描述的动物性格温顺。

这些不一致之处表明玩家4的描述在生活环境、饮食习惯和性格特点上与玩家1、玩家2和玩家3的描述存在显著差异，这可能是由于玩家4持有的词语与前三名玩家不同，从而导致了描述上的不一致。因此，这些差异可以作为找出卧底的重要线索。|| 请通过你分析的不一致之处，推断卧底身份，注意，这局游戏的词语分类为<动物>，卧底词和平民词都属于该类。
2024-12-13 13:24:48,714 - 4 - INFO - **********PLAYER4**********
基于分析的不一致之处，可以推断玩家4是卧底。以下是具体原因：

1. 生活环境：玩家4描述的动物生活在干旱的草原上，而其他玩家描述的动物生活在森林中。这表明玩家4的动物与前三名玩家的动物在栖息地上有明显不同。

2. 饮食习惯：玩家4描述的动物以肉类为食，而其他玩家描述的动物以植物和昆虫为食。这表明玩家4的动物在食物来源上与前三名玩家的动物不同。

3. 性格特点：玩家4描述的动物是捕食者中的强者，而其他玩家描述的动物性格温顺。这表明玩家4的动物在性格上与其他玩家的动物有显著差异。

由于游戏的词语分类为<动物>，且卧底词和平民词都属于该类，玩家4的描述与前三名玩家在多个关键特征上的不一致，强烈暗示了玩家4持有的词语与前三名玩家的不同，因此，玩家4很可能是卧底。
2024-12-13 13:24:48,715 - 4 - INFO - **********JUDGER**********
你刚刚的推断是基于分析的不一致之处，可以推断玩家4是卧底。以下是具体原因：

1. 生活环境：玩家4描述的动物生活在干旱的草原上，而其他玩家描述的动物生活在森林中。这表明玩家4的动物与前三名玩家的动物在栖息地上有明显不同。

2. 饮食习惯：玩家4描述的动物以肉类为食，而其他玩家描述的动物以植物和昆虫为食。这表明玩家4的动物在食物来源上与前三名玩家的动物不同。

3. 性格特点：玩家4描述的动物是捕食者中的强者，而其他玩家描述的动物性格温顺。这表明玩家4的动物在性格上与其他玩家的动物有显著差异。

由于游戏的词语分类为<动物>，且卧底词和平民词都属于该类，玩家4的描述与前三名玩家在多个关键特征上的不一致，强烈暗示了玩家4持有的词语与前三名玩家的不同，因此，玩家4很可能是卧底。|| 基于你刚刚的推断得出你的最终结论，请输出你认为的卧底，在这种情况下只需要输出编号，是1-4中的某个数字，不要输出其他信息。在这个过程不要进行任何推理，只对||以前的部分进行信息提取
2024-12-13 13:24:49,577 - 4 - INFO - **********PLAYER4**********
4
2024-12-13 13:25:03,185 - 4 - INFO - **********JUDGER**********
玩家1说：这是一个温顺的大家伙，拥有浓密的毛发和长长的尾巴。在它的同类中，最特别的是它的庞大身躯和可爱的外表。这种动物生活在森林中，它们通常在冬季会寻找洞穴进行冬眠。它们的身体强壮，能够适应寒冷的环境。它们以果实、昆虫和小动物为食，有时也会吃一些植物的根茎。尽管它们有时显得笨拙，但它们在攀爬和游泳方面表现出色。这种动物是森林的守护者，它们在同类中以其强大的力量和坚韧的意志著称。它们在白天活动，以果实、昆虫和小动物为食，偶尔也会吃一些植物的根茎。它们的身体结构适合在寒冷的环境中生存，拥有厚实的毛发来抵御严寒。尽管它们有时看起来笨拙，但它们在森林中行动敏捷，擅长攀爬和游泳。在同类中，它们以其独特的体型和可爱的外表而受到人们的喜爱。玩家2说：这是一种大家伙，毛发光泽，尾巴长长，它的同类中，它的体型特别庞大，给人以可爱之感。这种动物以其强壮的身体和修长的腿著称，它们通常在森林中生活，拥有浓密的毛发，但耳朵较小，体型更为粗壮。它们在同类中以其独特的外表和强大的力量而特别，尤其是在它们的鬃毛上，这一点在同类中非常突出。这种动物以其强壮的身体和修长的腿著称，它们通常在森林中生活，拥有浓密的毛发，但耳朵较小，体型更为粗壮。它们在同类中以其独特的外表和强大的力量而特别，尤其是在它们的鬃毛上，这一点在同类中非常突出。这种动物通常在寒冷的环境中寻找洞穴进行冬眠，以果实、昆虫和小动物为食，偶尔也会吃一些植物的根茎。尽管它们有时显得笨拙，但它们在攀爬和游泳方面表现出色。玩家3说：这是一只体型庞大、毛发浓密的动物，它的毛发光泽亮丽，尾巴相对较短。它在同类中最显著的不同之处在于它的性格温顺，给人一种可爱的感觉。这种动物以它那宽阔的肩膀和强壮的爪子著称，它们在同类中以其庞大的体型和强大的力量而闻名。尽管它们看起来笨拙，但它们在森林中的行动敏捷，能够轻松攀爬树木。它们的毛发厚实，为它们提供了在寒冷气候中的保护。这种动物通常在夜间活动，以果实、昆虫和植物为食。这种动物以其厚实的身躯和强壮的四肢而著称，它们在同类中以其适应力强和力量大而闻名。尽管它们在森林中的行动可能显得笨拙，但它们在攀爬和游泳方面表现出色。它们的毛发为它们提供了在寒冷气候中的保暖，而且它们通常在夜间活动，以果实、昆虫和植物为食。这种动物在同类中以其独特的体型和可爱的外表而受到人们的喜爱。玩家4说：这是一只体型巨大的动物，拥有浓密的毛发和修长的腿。它在同类中最特别的是它拥有独特的鬃毛和强大的力量。这种动物生活在干旱的草原上，它们通常在炎热的季节中寻找阴凉的地方避暑。它们的身体结构使得它们能够奔跑迅速，适应广袤的草原。它们以肉类为食，是捕食者中的强者。尽管它们在战斗中展现出强大的力量，但它们在家庭中表现出温和的一面，尤其是对幼崽。你是第4号玩家，你的关键词是<狮子>。你的回答中绝对不能包含你的关键词<狮子>。这是第三轮描述，你之前的描述是这是一只体型巨大的动物，拥有浓密的毛发和修长的腿。它在同类中最特别的是它拥有独特的鬃毛和强大的力量。和这种动物生活在干旱的草原上，它们通常在炎热的季节中寻找阴凉的地方避暑。它们的身体结构使得它们能够奔跑迅速，适应广袤的草原。它们以肉类为食，是捕食者中的强者。尽管它们在战斗中展现出强大的力量，但它们在家庭中表现出温和的一面，尤其是对幼崽。，注意，这局游戏的词语分类为<动物>，卧底词和平民词都属于该类，请你补充关于关键词的描述，注意，你的描述应该比起之前的描述更加贴近关键词，作为之前的补充
2024-12-13 13:25:07,031 - 4 - INFO - **********PLAYER4**********
这种动物是草原的霸主，它们拥有强壮的颈部和锋利的牙齿。它们在同类中最显著的特征是它们的面部表情，给人一种智慧而神秘的感觉。这种动物在狩猎时展现出惊人的速度和敏捷性，它们在草原上追逐猎物，是捕食者中的佼佼者。尽管它们在狩猎时凶猛无比，但它们对同族幼崽和保护领地时的行为则显得非常温和。
2024-12-13 13:26:08,535 - 4 - INFO - **********JUDGER**********
玩家1说：这是一个温顺的大家伙，拥有浓密的毛发和长长的尾巴。在它的同类中，最特别的是它的庞大身躯和可爱的外表。这种动物生活在森林中，它们通常在冬季会寻找洞穴进行冬眠。它们的身体强壮，能够适应寒冷的环境。它们以果实、昆虫和小动物为食，有时也会吃一些植物的根茎。尽管它们有时显得笨拙，但它们在攀爬和游泳方面表现出色。这种动物是森林的守护者，它们在同类中以其强大的力量和坚韧的意志著称。它们在白天活动，以果实、昆虫和小动物为食，偶尔也会吃一些植物的根茎。它们的身体结构适合在寒冷的环境中生存，拥有厚实的毛发来抵御严寒。尽管它们有时看起来笨拙，但它们在森林中行动敏捷，擅长攀爬和游泳。在同类中，它们以其独特的体型和可爱的外表而受到人们的喜爱。玩家2说：这是一种大家伙，毛发光泽，尾巴长长，它的同类中，它的体型特别庞大，给人以可爱之感。这种动物以其强壮的身体和修长的腿著称，它们通常在森林中生活，拥有浓密的毛发，但耳朵较小，体型更为粗壮。它们在同类中以其独特的外表和强大的力量而特别，尤其是在它们的鬃毛上，这一点在同类中非常突出。这种动物以其强壮的身体和修长的腿著称，它们通常在森林中生活，拥有浓密的毛发，但耳朵较小，体型更为粗壮。它们在同类中以其独特的外表和强大的力量而特别，尤其是在它们的鬃毛上，这一点在同类中非常突出。这种动物通常在寒冷的环境中寻找洞穴进行冬眠，以果实、昆虫和小动物为食，偶尔也会吃一些植物的根茎。尽管它们有时显得笨拙，但它们在攀爬和游泳方面表现出色。玩家3说：这是一只体型庞大、毛发浓密的动物，它的毛发光泽亮丽，尾巴相对较短。它在同类中最显著的不同之处在于它的性格温顺，给人一种可爱的感觉。这种动物以它那宽阔的肩膀和强壮的爪子著称，它们在同类中以其庞大的体型和强大的力量而闻名。尽管它们看起来笨拙，但它们在森林中的行动敏捷，能够轻松攀爬树木。它们的毛发厚实，为它们提供了在寒冷气候中的保护。这种动物通常在夜间活动，以果实、昆虫和植物为食。这种动物以其厚实的身躯和强壮的四肢而著称，它们在同类中以其适应力强和力量大而闻名。尽管它们在森林中的行动可能显得笨拙，但它们在攀爬和游泳方面表现出色。它们的毛发为它们提供了在寒冷气候中的保暖，而且它们通常在夜间活动，以果实、昆虫和植物为食。这种动物在同类中以其独特的体型和可爱的外表而受到人们的喜爱。玩家4说：这是一只体型巨大的动物，拥有浓密的毛发和修长的腿。它在同类中最特别的是它拥有独特的鬃毛和强大的力量。这种动物生活在干旱的草原上，它们通常在炎热的季节中寻找阴凉的地方避暑。它们的身体结构使得它们能够奔跑迅速，适应广袤的草原。它们以肉类为食，是捕食者中的强者。尽管它们在战斗中展现出强大的力量，但它们在家庭中表现出温和的一面，尤其是对幼崽。这种动物是草原的霸主，它们拥有强壮的颈部和锋利的牙齿。它们在同类中最显著的特征是它们的面部表情，给人一种智慧而神秘的感觉。这种动物在狩猎时展现出惊人的速度和敏捷性，它们在草原上追逐猎物，是捕食者中的佼佼者。尽管它们在狩猎时凶猛无比，但它们对同族幼崽和保护领地时的行为则显得非常温和。||在这个游戏中，我们需要通过分析每位玩家的描述来找出卧底。通常，平民的描述会围绕相同的词语展开，而卧底的描述可能会因为词语的不同而显得不太一致。我们需要仔细比较每个描述之间的相似性和差异性，以找出可能的卧底，注意，卧底并不会隐藏自己，他会直接描述他的词语，现在，逐一分析每个玩家的描述，注意，这局游戏的词语分类为<动物>，卧底词和平民词都属于该类。||之前是第3轮描述和之前轮数描述的合集。你之前认为的卧底是玩家4。
2024-12-13 13:26:18,623 - 4 - INFO - **********PLAYER4**********
根据第三轮描述和之前轮数描述的合集，玩家4的描述与其他玩家的描述存在以下不一致之处：

1. 生活环境：
   - 玩家4描述的动物生活在干旱的草原上，而其他玩家描述的动物生活在森林中。

2. 饮食习惯：
   - 玩家4描述的动物以肉类为食，而其他玩家描述的动物以植物、昆虫和小动物为食。

3. 性格特点：
   - 玩家4描述的动物在战斗中凶猛无比，但在家庭中表现出温和，而其他玩家描述的动物性格温顺，是森林的守护者。

4. 活动时间：
   - 玩家4描述的动物通常在夜间活动，而其他玩家描述的动物在白天活动。

这些不一致之处表明玩家4的描述在生活环境、饮食习惯、性格特点和活动时间上与其他玩家的描述有显著差异，这与卧底的特征相符。因此，基于这些分析，玩家4仍然是卧底。
2024-12-13 13:26:18,624 - 4 - INFO - **********JUDGER**********
你刚刚的分析是根据第三轮描述和之前轮数描述的合集，玩家4的描述与其他玩家的描述存在以下不一致之处：

1. 生活环境：
   - 玩家4描述的动物生活在干旱的草原上，而其他玩家描述的动物生活在森林中。

2. 饮食习惯：
   - 玩家4描述的动物以肉类为食，而其他玩家描述的动物以植物、昆虫和小动物为食。

3. 性格特点：
   - 玩家4描述的动物在战斗中凶猛无比，但在家庭中表现出温和，而其他玩家描述的动物性格温顺，是森林的守护者。

4. 活动时间：
   - 玩家4描述的动物通常在夜间活动，而其他玩家描述的动物在白天活动。

这些不一致之处表明玩家4的描述在生活环境、饮食习惯、性格特点和活动时间上与其他玩家的描述有显著差异，这与卧底的特征相符。因此，基于这些分析，玩家4仍然是卧底。|| `请根据上述分析，比较描述以找出不一致之处，注意，这局游戏的词语分类为<动物>，卧底词和平民词都属于该类。
2024-12-13 13:26:28,258 - 4 - INFO - **********PLAYER4**********
根据上述分析，以下是不一致之处：

1. 生活环境：
   - 玩家4描述的动物生活在干旱的草原上。
   - 玩家1、玩家2、玩家3描述的动物生活在森林中。

2. 饮食习惯：
   - 玩家4描述的动物以肉类为食。
   - 玩家1、玩家2、玩家3描述的动物以植物、昆虫和小动物为食。

3. 性格特点：
   - 玩家4描述的动物在战斗中凶猛无比，在家庭中温和。
   - 玩家1、玩家2、玩家3描述的动物性格温顺。

4. 活动时间：
   - 玩家4描述的动物通常在夜间活动。
   - 玩家1、玩家2、玩家3描述的动物在白天活动。

这些不一致点表明玩家4的描述在多个关键方面与玩家1、玩家2和玩家3的描述不符，这可能是由于玩家4持有的词语与前三名玩家的不同，从而导致了描述上的不一致。
2024-12-13 13:26:28,264 - 4 - INFO - **********JUDGER**********
你刚刚的分析是根据上述分析，以下是不一致之处：

1. 生活环境：
   - 玩家4描述的动物生活在干旱的草原上。
   - 玩家1、玩家2、玩家3描述的动物生活在森林中。

2. 饮食习惯：
   - 玩家4描述的动物以肉类为食。
   - 玩家1、玩家2、玩家3描述的动物以植物、昆虫和小动物为食。

3. 性格特点：
   - 玩家4描述的动物在战斗中凶猛无比，在家庭中温和。
   - 玩家1、玩家2、玩家3描述的动物性格温顺。

4. 活动时间：
   - 玩家4描述的动物通常在夜间活动。
   - 玩家1、玩家2、玩家3描述的动物在白天活动。

这些不一致点表明玩家4的描述在多个关键方面与玩家1、玩家2和玩家3的描述不符，这可能是由于玩家4持有的词语与前三名玩家的不同，从而导致了描述上的不一致。|| 请通过你分析的不一致之处，推断卧底身份，注意，这局游戏的词语分类为<动物>，卧底词和平民词都属于该类。
2024-12-13 13:26:40,296 - 4 - INFO - **********PLAYER4**********
基于分析的不一致之处，可以推断玩家4是卧底。以下是具体原因：

1. 生活环境：玩家4描述的动物生活在干旱的草原上，而其他玩家描述的动物生活在森林中，这表明玩家4的动物与前三名玩家的动物在栖息地上有显著差异。

2. 饮食习惯：玩家4描述的动物以肉类为食，而其他玩家描述的动物以植物、昆虫和小动物为食，这表明玩家4的动物在食物来源上与前三名玩家的动物不同。

3. 性格特点：玩家4描述的动物在战斗中凶猛无比，在家庭中温和，而其他玩家描述的动物性格温顺，这表明玩家4的动物在性格上与其他玩家的动物有显著差异。

4. 活动时间：玩家4描述的动物通常在夜间活动，而其他玩家描述的动物在白天活动，这表明玩家4的动物在活动时间上与其他玩家的动物不同。

这些不一致之处表明玩家4的描述与其他玩家在多个关键特征上存在差异，这与卧底的特征相符。因此，玩家4很可能是卧底。
2024-12-13 13:26:40,309 - 4 - INFO - **********JUDGER**********
你刚刚的推断是基于分析的不一致之处，可以推断玩家4是卧底。以下是具体原因：

1. 生活环境：玩家4描述的动物生活在干旱的草原上，而其他玩家描述的动物生活在森林中，这表明玩家4的动物与前三名玩家的动物在栖息地上有显著差异。

2. 饮食习惯：玩家4描述的动物以肉类为食，而其他玩家描述的动物以植物、昆虫和小动物为食，这表明玩家4的动物在食物来源上与前三名玩家的动物不同。

3. 性格特点：玩家4描述的动物在战斗中凶猛无比，在家庭中温和，而其他玩家描述的动物性格温顺，这表明玩家4的动物在性格上与其他玩家的动物有显著差异。

4. 活动时间：玩家4描述的动物通常在夜间活动，而其他玩家描述的动物在白天活动，这表明玩家4的动物在活动时间上与其他玩家的动物不同。

这些不一致之处表明玩家4的描述与其他玩家在多个关键特征上存在差异，这与卧底的特征相符。因此，玩家4很可能是卧底。|| 基于你刚刚的推断得出你的最终结论，请输出你认为的卧底，在这种情况下只需要输出编号，是1-4中的某个数字，不要输出其他信息。在这个过程不要进行任何推理，只对||以前的部分进行信息提取
2024-12-13 13:26:42,504 - 4 - INFO - **********PLAYER4**********
4
2024-12-13 13:26:42,504 - 4 - INFO - **********JUDGER**********
你认为卧底是你自己。你现在需要随便选一个人投票。请输出一个数字，是1-4中的某个数字，但这个数字不能是4，不要输出其他信息。
2024-12-13 13:26:44,441 - 4 - INFO - **********PLAYER4**********
1
