2024-12-12 21:35:49,873 - 1 - INFO - **********JUDGER**********
让我们来玩一个叫做<谁是卧底>的推理游戏。基本规则：<人数>：4人。<角色分配>：每位玩家随机抽取一个词语，3名玩家拿到的词语是相同的（平民词），1名玩家拿到与之相近但不同的词语（卧底词）。<游戏流程>：1、玩家轮流描述自己的词语，但<不能>直接说出词语本身。2、描述完毕后，投票选出最像卧底的玩家。3、每轮结束后，被投票选出的玩家出局，不能再进行描述或投票。4、每轮投票结束后，如果卧底被成功找出，平民方获胜；如果卧底未被找出且卧底人数等于或超过平民人数，则卧底方获胜。你将扮演一个<玩家>，请等待你被分配到的关键词。如果你听懂了，只回答，"好的，我准备好参加游戏了"，不要输出别的信息
2024-12-12 21:35:50,409 - 1 - INFO - **********PLAYER1**********
好的，我准备好参加游戏了
2024-12-12 21:35:53,480 - 1 - INFO - **********JUDGER**********
玩家1说：玩家2说：玩家3说：玩家4说：|| 你是第1号玩家，你的关键词是<篮球>。你的回答中绝对不能包含你的关键词<篮球>。这是第一轮描述，不需要分析||之前别的玩家的描述，请你描述关键词基本特征，注意，这局游戏的词语分类为<体育用品>，卧底词和平民词都属于该类，描述包括以下两点，1.他的基本特征是什么2.他在该类（体育用品）中最突出不同的特征是什么，尽量简短
2024-12-12 21:35:54,672 - 1 - INFO - **********PLAYER1**********
这是一个球类，通常用于户外活动，它的表面有多个凹凸不平的圆形突起。在体育用品中，它以其圆形的形状和常用于篮球运动而突出。
2024-12-12 21:35:54,674 - 1 - INFO - **********JUDGER**********
玩家1说：玩家2说：玩家3说：玩家4说：|| 你是第1号玩家，你的关键词是<篮球>。你的回答中绝对不能包含你的关键词<篮球>。这是第一轮描述，不需要分析||之前别的玩家的描述，请你描述关键词基本特征，注意，这局游戏的词语分类为<体育用品>，卧底词和平民词都属于该类，描述包括以下两点，1.他的基本特征是什么2.他在该类（体育用品）中最突出不同的特征是什么，尽量简短
2024-12-12 21:35:55,846 - 1 - INFO - **********PLAYER1**********
它是一个圆形的，通常用于投篮和比赛的器材，与足球相比，它的表面更为平滑。在体育用品中，它以其特定的用途和材质区别于其他球类。
2024-12-12 21:36:02,391 - 1 - INFO - **********JUDGER**********
玩家1说：它是一个圆形的，通常用于投篮和比赛的器材，与足球相比，它的表面更为平滑。在体育用品中，它以其特定的用途和材质区别于其他球类。玩家2说：这个球体由多个部件组成，表面光滑，通常由橡胶或合成材料制成。与其他球类相比，它的设计使得它在空中飞行更为稳定，且易于控制。玩家3说：这个球体是中空的，通常用于比赛，它的表面设计为圆形，有多个孔洞。在体育用品中，它以其独特的材质和结构区别于其他球类，尤其是在飞行稳定性和耐用性方面。玩家4说：||在这个游戏中，我们需要通过分析每位玩家的描述来找出卧底。通常，平民的描述会围绕相同的词语展开，而卧底的描述可能会因为词语的不同而显得不太一致。我们需要仔细比较每个描述之间的相似性和差异性，以找出可能的卧底，注意，卧底并不会隐藏自己，他会直接描述他的词语，现在，逐一分析每个玩家的描述，注意，这局游戏的词语分类为<体育用品>，卧底词和平民词都属于该类。这是第一轮描述。
2024-12-12 21:36:07,357 - 1 - INFO - **********PLAYER1**********
玩家1的描述强调了球体圆形和表面平滑的特点，以及它在篮球运动中的用途。

玩家2的描述提到了球体的部件组成、材质以及其在飞行稳定性和控制方面的优势。

玩家3的描述指出球体是中空的，有孔洞，并强调了其在飞行稳定性和耐用性方面的独特性。

我的描述则是将球体与足球进行了比较，突出了其表面平滑的特点。

从描述中可以看出，玩家1、2和3的描述都强调了球体的物理特性和在运动中的表现，而我的描述则更侧重于球体与另一种球类的区别。如果我的描述与他们的描述相比有明显的不同，那么我可能会被认为是卧底。然而，如果描述中存在共通点，比如都提到了球体的用途和物理特性，那么我可能是一个平民。我们需要进一步分析接下来的描述来确定卧底。
2024-12-12 21:36:07,358 - 1 - INFO - **********JUDGER**********
你刚刚的分析是玩家1的描述强调了球体圆形和表面平滑的特点，以及它在篮球运动中的用途。

玩家2的描述提到了球体的部件组成、材质以及其在飞行稳定性和控制方面的优势。

玩家3的描述指出球体是中空的，有孔洞，并强调了其在飞行稳定性和耐用性方面的独特性。

我的描述则是将球体与足球进行了比较，突出了其表面平滑的特点。

从描述中可以看出，玩家1、2和3的描述都强调了球体的物理特性和在运动中的表现，而我的描述则更侧重于球体与另一种球类的区别。如果我的描述与他们的描述相比有明显的不同，那么我可能会被认为是卧底。然而，如果描述中存在共通点，比如都提到了球体的用途和物理特性，那么我可能是一个平民。我们需要进一步分析接下来的描述来确定卧底。|| `请根据上述分析，比较描述以找出不一致之处，注意，这局游戏的词语分类为<体育用品>，卧底词和平民词都属于该类。
2024-12-12 21:36:13,920 - 1 - INFO - **********PLAYER1**********
根据上述分析，我们可以比较四位玩家的描述来找出不一致之处：

1. 玩家1描述了球体的圆形和表面平滑，以及其在篮球运动中的用途。
2. 玩家2描述了球体的部件组成、材质，以及其在飞行稳定性和控制方面的优势。
3. 玩家3描述了球体的中空结构和孔洞，以及其在飞行稳定性和耐用性方面的独特性。
4. 我的描述是将球体与足球进行比较，强调表面平滑。

不一致之处在于：
- 玩家1、2和3的描述都集中在球体的物理特性、材质和运动性能上，而我的描述则提到了球体与另一种球类的比较，这可能与他们的描述形成对比。
- 玩家3特别提到了球体的中空结构和孔洞，这是其他玩家没有提到的。
- 玩家2提到了球体的部件组成，这也是其他玩家没有提及的细节。

这些不一致之处可能表明玩家3和玩家2的描述更接近于球体的实际特征，而我的描述可能与球体的实际特征有所偏差，因此我可能是卧底。然而，如果没有更多的信息，这个推断并不确定。我们需要更多的描述来进一步分析。
2024-12-12 21:36:13,920 - 1 - INFO - **********JUDGER**********
你刚刚的分析是根据上述分析，我们可以比较四位玩家的描述来找出不一致之处：

1. 玩家1描述了球体的圆形和表面平滑，以及其在篮球运动中的用途。
2. 玩家2描述了球体的部件组成、材质，以及其在飞行稳定性和控制方面的优势。
3. 玩家3描述了球体的中空结构和孔洞，以及其在飞行稳定性和耐用性方面的独特性。
4. 我的描述是将球体与足球进行比较，强调表面平滑。

不一致之处在于：
- 玩家1、2和3的描述都集中在球体的物理特性、材质和运动性能上，而我的描述则提到了球体与另一种球类的比较，这可能与他们的描述形成对比。
- 玩家3特别提到了球体的中空结构和孔洞，这是其他玩家没有提到的。
- 玩家2提到了球体的部件组成，这也是其他玩家没有提及的细节。

这些不一致之处可能表明玩家3和玩家2的描述更接近于球体的实际特征，而我的描述可能与球体的实际特征有所偏差，因此我可能是卧底。然而，如果没有更多的信息，这个推断并不确定。我们需要更多的描述来进一步分析。|| 请通过你分析的不一致之处，推断卧底身份，注意，这局游戏的词语分类为<体育用品>，卧底词和平民词都属于该类。
2024-12-12 21:36:20,582 - 1 - INFO - **********PLAYER1**********
基于分析的不一致之处，以下是我的推断：

- 玩家1、2和3的描述都集中在球体的物理特性、材质和运动性能上，这与我描述的球体与足球的比较形成了对比。通常，平民的描述会围绕相同的词语展开，而卧底的描述可能会因为词语的不同而显得不太一致。

- 玩家3特别提到了球体的中空结构和孔洞，这是其他玩家没有提到的。如果所有玩家都描述的是篮球，那么这个描述可能是不寻常的。

- 玩家2提到了球体的部件组成，这同样可能是一个不寻常的细节，因为篮球通常被视为一个单一的球体，而不是由多个部件组成的。

综合这些点，玩家3和玩家2的描述可能更接近于球体的实际特征，而我的描述可能因为与他们的描述差异较大而被怀疑是卧底。因此，根据这些不一致之处，我可能会推断玩家3或玩家2是卧底。然而，最终的判断需要结合后续的描述和整个游戏的进展来确定。
2024-12-12 21:36:20,582 - 1 - INFO - **********JUDGER**********
你刚刚的推断是基于分析的不一致之处，以下是我的推断：

- 玩家1、2和3的描述都集中在球体的物理特性、材质和运动性能上，这与我描述的球体与足球的比较形成了对比。通常，平民的描述会围绕相同的词语展开，而卧底的描述可能会因为词语的不同而显得不太一致。

- 玩家3特别提到了球体的中空结构和孔洞，这是其他玩家没有提到的。如果所有玩家都描述的是篮球，那么这个描述可能是不寻常的。

- 玩家2提到了球体的部件组成，这同样可能是一个不寻常的细节，因为篮球通常被视为一个单一的球体，而不是由多个部件组成的。

综合这些点，玩家3和玩家2的描述可能更接近于球体的实际特征，而我的描述可能因为与他们的描述差异较大而被怀疑是卧底。因此，根据这些不一致之处，我可能会推断玩家3或玩家2是卧底。然而，最终的判断需要结合后续的描述和整个游戏的进展来确定。|| 基于你刚刚的推断得出你的最终结论，请输出你认为的卧底，在这种情况下只需要输出编号，是1-4中的某个数字，不要输出其他信息。在这个过程不要进行任何推理，只对||以前的部分进行信息提取
2024-12-12 21:36:21,142 - 1 - INFO - **********PLAYER1**********
3
2024-12-12 21:37:16,195 - 1 - INFO - **********JUDGER**********
玩家1说：它是一个圆形的，通常用于投篮和比赛的器材，与足球相比，它的表面更为平滑。在体育用品中，它以其特定的用途和材质区别于其他球类。玩家2说：这个球体由多个部件组成，表面光滑，通常由橡胶或合成材料制成。与其他球类相比，它的设计使得它在空中飞行更为稳定，且易于控制。玩家3说：这个球体是中空的，通常用于比赛，它的表面设计为圆形，有多个孔洞。在体育用品中，它以其独特的材质和结构区别于其他球类，尤其是在飞行稳定性和耐用性方面。玩家4说：这是一个中空的球体，通常用于比赛，表面设计为圆形，有多个孔洞。它在体育用品中最突出的不同特征是它的独特材质和结构，这使它在飞行稳定性和耐用性方面表现出色。你是第1号玩家，你的关键词是<篮球>。你的回答中绝对不能包含你的关键词<篮球>。这是第二轮描述，你之前的描述是这是一个球类，通常用于户外活动，它的表面有多个凹凸不平的圆形突起。在体育用品中，它以其圆形的形状和常用于篮球运动而突出。，注意，这局游戏的词语分类为<体育用品>，卧底词和平民词都属于该类，请你补充关于关键词的描述，注意，你的描述应该比起之前的描述更加贴近关键词，作为之前的补充
2024-12-12 21:37:20,670 - 1 - INFO - **********PLAYER1**********
这个球类通常由皮革或合成材料制成，表面光滑，用于各种比赛和训练，其设计使其在握感和手感上与众不同。在体育用品中，它的尺寸和重量使其在球类中独具特色。
2024-12-12 21:37:33,704 - 1 - INFO - **********JUDGER**********
玩家1说：它是一个圆形的，通常用于投篮和比赛的器材，与足球相比，它的表面更为平滑。在体育用品中，它以其特定的用途和材质区别于其他球类。这个球类通常由皮革或合成材料制成，表面光滑，用于各种比赛和训练，其设计使其在握感和手感上与众不同。在体育用品中，它的尺寸和重量使其在球类中独具特色。玩家2说：这个球体由多个部件组成，表面光滑，通常由橡胶或合成材料制成。与其他球类相比，它的设计使得它在空中飞行更为稳定，且易于控制。这个球体具有明显的几何形状，它的设计旨在提高投篮的准确性和比赛的互动性。它通常由柔软的材质制成，使得球员能够轻松抓住并操控。此外，它的尺寸和重量经过精心设计，以适应不同类型的比赛和训练需求。在体育用品中，它的这些特性使其成为该类别中的佼佼者。玩家3说：这个球体是中空的，通常用于比赛，它的表面设计为圆形，有多个孔洞。在体育用品中，它以其独特的材质和结构区别于其他球类，尤其是在飞行稳定性和耐用性方面。这个球体是中空的，它的表面设计为圆形，且具有多个孔洞。它通常用于比赛，尤其是在投篮和训练中。与其他球类相比，它的材质更为特殊，提供了良好的握感和手感，同时它的尺寸和重量都是精心设计的，以确保在比赛中的表现。这个球体在飞行时的稳定性和耐用性是它最显著的特点。玩家4说：这是一个中空的球体，通常用于比赛，表面设计为圆形，有多个孔洞。它在体育用品中最突出的不同特征是它的独特材质和结构，这使它在飞行稳定性和耐用性方面表现出色。||在这个游戏中，我们需要通过分析每位玩家的描述来找出卧底。通常，平民的描述会围绕相同的词语展开，而卧底的描述可能会因为词语的不同而显得不太一致。我们需要仔细比较每个描述之间的相似性和差异性，以找出可能的卧底，注意，卧底并不会隐藏自己，他会直接描述他的词语，现在，逐一分析每个玩家的描述，注意，这局游戏的词语分类为<体育用品>，卧底词和平民词都属于该类。||之前是第2轮描述和之前轮数描述的合集。你之前认为的卧底是玩家3。
2024-12-12 21:37:34,371 - 1 - INFO - **********PLAYER1**********
4
2024-12-12 21:37:34,371 - 1 - INFO - **********JUDGER**********
你刚刚的分析是4|| `请根据上述分析，比较描述以找出不一致之处，注意，这局游戏的词语分类为<体育用品>，卧底词和平民词都属于该类。
2024-12-12 21:37:48,025 - 1 - INFO - **********PLAYER1**********
在比较四位玩家的描述时，以下是不一致之处：

- 玩家1的描述提到了球体通常用于投篮和比赛，材质由皮革或合成材料制成，表面光滑，尺寸和重量独特。
- 玩家2的描述强调了球体由多个部件组成，表面光滑，材质通常为橡胶或合成材料，设计使得飞行稳定，易于控制，具有明显的几何形状，材质柔软，尺寸和重量经过精心设计。
- 玩家3的描述指出球体是中空的，具有多个孔洞，材质特殊，提供了良好的握感和手感，尺寸和重量精心设计，飞行稳定性和耐用性显著。
- 玩家4的描述与玩家3相似，强调球体是中空的，表面设计为圆形，具有多个孔洞，独特材质和结构使其在飞行稳定性和耐用性方面表现出色。

不一致之处在于：

- 玩家1的描述中提到了球体的材质和尺寸的独特性，而玩家2和玩家3的描述则更侧重于球体的结构和材质。
- 玩家2特别提到了球体的多个部件组成和材质的柔软性，这是玩家1和玩家3没有提到的。
- 玩家3和玩家4的描述都强调了球体的中空结构和多个孔洞，而玩家1没有提到这一点。

这些不一致之处可能表明玩家1的描述与玩家2和玩家3的描述有所不同，从而增加了玩家1作为卧底的可能性。然而，玩家4的描述与玩家3非常相似，这可能意味着玩家3和玩家4是平民，而玩家1或玩家2是卧底。需要更多的信息来确定卧底。
2024-12-12 21:37:48,025 - 1 - INFO - **********JUDGER**********
你刚刚的分析是在比较四位玩家的描述时，以下是不一致之处：

- 玩家1的描述提到了球体通常用于投篮和比赛，材质由皮革或合成材料制成，表面光滑，尺寸和重量独特。
- 玩家2的描述强调了球体由多个部件组成，表面光滑，材质通常为橡胶或合成材料，设计使得飞行稳定，易于控制，具有明显的几何形状，材质柔软，尺寸和重量经过精心设计。
- 玩家3的描述指出球体是中空的，具有多个孔洞，材质特殊，提供了良好的握感和手感，尺寸和重量精心设计，飞行稳定性和耐用性显著。
- 玩家4的描述与玩家3相似，强调球体是中空的，表面设计为圆形，具有多个孔洞，独特材质和结构使其在飞行稳定性和耐用性方面表现出色。

不一致之处在于：

- 玩家1的描述中提到了球体的材质和尺寸的独特性，而玩家2和玩家3的描述则更侧重于球体的结构和材质。
- 玩家2特别提到了球体的多个部件组成和材质的柔软性，这是玩家1和玩家3没有提到的。
- 玩家3和玩家4的描述都强调了球体的中空结构和多个孔洞，而玩家1没有提到这一点。

这些不一致之处可能表明玩家1的描述与玩家2和玩家3的描述有所不同，从而增加了玩家1作为卧底的可能性。然而，玩家4的描述与玩家3非常相似，这可能意味着玩家3和玩家4是平民，而玩家1或玩家2是卧底。需要更多的信息来确定卧底。|| 请通过你分析的不一致之处，推断卧底身份，注意，这局游戏的词语分类为<体育用品>，卧底词和平民词都属于该类。
2024-12-12 21:37:48,662 - 1 - INFO - **********PLAYER1**********
1
2024-12-12 21:37:48,663 - 1 - INFO - **********JUDGER**********
你刚刚的推断是1|| 基于你刚刚的推断得出你的最终结论，请输出你认为的卧底，在这种情况下只需要输出编号，是1-4中的某个数字，不要输出其他信息。在这个过程不要进行任何推理，只对||以前的部分进行信息提取
2024-12-12 21:37:49,296 - 1 - INFO - **********PLAYER1**********
1
2024-12-12 21:39:02,048 - 1 - INFO - **********JUDGER**********
玩家1说：它是一个圆形的，通常用于投篮和比赛的器材，与足球相比，它的表面更为平滑。在体育用品中，它以其特定的用途和材质区别于其他球类。这个球类通常由皮革或合成材料制成，表面光滑，用于各种比赛和训练，其设计使其在握感和手感上与众不同。在体育用品中，它的尺寸和重量使其在球类中独具特色。玩家2说：这个球体由多个部件组成，表面光滑，通常由橡胶或合成材料制成。与其他球类相比，它的设计使得它在空中飞行更为稳定，且易于控制。这个球体具有明显的几何形状，它的设计旨在提高投篮的准确性和比赛的互动性。它通常由柔软的材质制成，使得球员能够轻松抓住并操控。此外，它的尺寸和重量经过精心设计，以适应不同类型的比赛和训练需求。在体育用品中，它的这些特性使其成为该类别中的佼佼者。玩家3说：这个球体是中空的，通常用于比赛，它的表面设计为圆形，有多个孔洞。在体育用品中，它以其独特的材质和结构区别于其他球类，尤其是在飞行稳定性和耐用性方面。这个球体是中空的，它的表面设计为圆形，且具有多个孔洞。它通常用于比赛，尤其是在投篮和训练中。与其他球类相比，它的材质更为特殊，提供了良好的握感和手感，同时它的尺寸和重量都是精心设计的，以确保在比赛中的表现。这个球体在飞行时的稳定性和耐用性是它最显著的特点。玩家4说：这是一个中空的球体，通常用于比赛，表面设计为圆形，有多个孔洞。它在体育用品中最突出的不同特征是它的独特材质和结构，这使它在飞行稳定性和耐用性方面表现出色。这个球体是轻巧且便携的，它的材质轻盈且具有弹性，使其在飞行中表现出极佳的灵活性和速度。它的表面处理使其在高速运动时能够减少空气阻力，增加飞行距离。此外，这个球体的尺寸和重量经过精确计算，以适应不同水平的球员和不同的比赛需求。在体育用品中，它以其在空中独特的飞行轨迹和精准的控制而著称。你是第1号玩家，你的关键词是<篮球>。你的回答中绝对不能包含你的关键词<篮球>。这是第三轮描述，你之前的描述是这是一个球类，通常用于户外活动，它的表面有多个凹凸不平的圆形突起。在体育用品中，它以其圆形的形状和常用于篮球运动而突出。和它是一个圆形的，通常用于投篮和比赛的器材，与足球相比，它的表面更为平滑。在体育用品中，它以其特定的用途和材质区别于其他球类。，注意，这局游戏的词语分类为<体育用品>，卧底词和平民词都属于该类，请你补充关于关键词的描述，注意，你的描述应该比起之前的描述更加贴近关键词，作为之前的补充
2024-12-12 21:39:05,303 - 1 - INFO - **********PLAYER1**********
这个球类通常由柔软的材质制成，具有良好的弹性和耐磨性，表面光滑，便于抓握和操控。它的尺寸和重量经过精确设计，以适应不同类型的比赛和训练，使其在运动中能够提供稳定的飞行轨迹。在体育用品中，它以其在比赛中的特定用途和独特的握感而受到青睐。
2024-12-12 21:39:26,764 - 1 - INFO - **********JUDGER**********
玩家1说：它是一个圆形的，通常用于投篮和比赛的器材，与足球相比，它的表面更为平滑。在体育用品中，它以其特定的用途和材质区别于其他球类。这个球类通常由皮革或合成材料制成，表面光滑，用于各种比赛和训练，其设计使其在握感和手感上与众不同。在体育用品中，它的尺寸和重量使其在球类中独具特色。这个球类通常由柔软的材质制成，具有良好的弹性和耐磨性，表面光滑，便于抓握和操控。它的尺寸和重量经过精确设计，以适应不同类型的比赛和训练，使其在运动中能够提供稳定的飞行轨迹。在体育用品中，它以其在比赛中的特定用途和独特的握感而受到青睐。玩家2说：这个球体由多个部件组成，表面光滑，通常由橡胶或合成材料制成。与其他球类相比，它的设计使得它在空中飞行更为稳定，且易于控制。这个球体具有明显的几何形状，它的设计旨在提高投篮的准确性和比赛的互动性。它通常由柔软的材质制成，使得球员能够轻松抓住并操控。此外，它的尺寸和重量经过精心设计，以适应不同类型的比赛和训练需求。在体育用品中，它的这些特性使其成为该类别中的佼佼者。这个球体具有标准化的几何形状，主要用于室内外投篮和比赛。它的表面设计为光滑，便于球员抓握和控制。材质上，它通常采用耐磨且具有良好弹性的材料，如皮革或合成材料。球体的尺寸和重量经过精确计算，以确保在不同类型的比赛中都能提供稳定的飞行轨迹。此外，它的设计考虑到了球员的舒适度和操控性，使得比赛更加流畅和竞技。在体育用品中，这个球体的这些特性使其在同类产品中脱颖而出。玩家3说：这个球体是中空的，通常用于比赛，它的表面设计为圆形，有多个孔洞。在体育用品中，它以其独特的材质和结构区别于其他球类，尤其是在飞行稳定性和耐用性方面。这个球体是中空的，它的表面设计为圆形，且具有多个孔洞。它通常用于比赛，尤其是在投篮和训练中。与其他球类相比，它的材质更为特殊，提供了良好的握感和手感，同时它的尺寸和重量都是精心设计的，以确保在比赛中的表现。这个球体在飞行时的稳定性和耐用性是它最显著的特点。这个球体是中空的，其表面光滑且圆形，便于球员在比赛中操控。它由特殊的材料制成，这些材料既轻便又具有很好的弹性，确保了球体在飞行中的稳定性和耐用性。球体的尺寸和重量经过精确的调整，以适应不同水平的球员和不同类型的比赛。此外，球体的设计注重了球员的握感和手感，使得球员能够在高速运动中保持对球的精准控制。在体育用品中，这个球体以其在比赛中的表现和球员的舒适度而受到推崇。玩家4说：这是一个中空的球体，通常用于比赛，表面设计为圆形，有多个孔洞。它在体育用品中最突出的不同特征是它的独特材质和结构，这使它在飞行稳定性和耐用性方面表现出色。这个球体是轻巧且便携的，它的材质轻盈且具有弹性，使其在飞行中表现出极佳的灵活性和速度。它的表面处理使其在高速运动时能够减少空气阻力，增加飞行距离。此外，这个球体的尺寸和重量经过精确计算，以适应不同水平的球员和不同的比赛需求。在体育用品中，它以其在空中独特的飞行轨迹和精准的控制而著称。这个球体轻巧且便于携带，其设计注重在高速运动中的操控性。它的材质轻盈且具有弹性，使得球体在飞行中能够迅速改变方向。表面处理使其在高速运动时能够减少空气阻力，增加飞行距离。球体的尺寸和重量经过精确计算，以适应不同水平的球员和不同类型的比赛。在体育用品中，这个球体的特性使其在比赛中脱颖而出，尤其是在对球员技术要求较高的项目中。||在这个游戏中，我们需要通过分析每位玩家的描述来找出卧底。通常，平民的描述会围绕相同的词语展开，而卧底的描述可能会因为词语的不同而显得不太一致。我们需要仔细比较每个描述之间的相似性和差异性，以找出可能的卧底，注意，卧底并不会隐藏自己，他会直接描述他的词语，现在，逐一分析每个玩家的描述，注意，这局游戏的词语分类为<体育用品>，卧底词和平民词都属于该类。||之前是第3轮描述和之前轮数描述的合集。你之前认为的卧底是玩家1。
2024-12-12 21:39:27,692 - 1 - INFO - **********PLAYER1**********
2
2024-12-12 21:39:27,693 - 1 - INFO - **********JUDGER**********
你刚刚的分析是2|| `请根据上述分析，比较描述以找出不一致之处，注意，这局游戏的词语分类为<体育用品>，卧底词和平民词都属于该类。
2024-12-12 21:39:36,360 - 1 - INFO - **********PLAYER1**********
在比较四位玩家的描述时，以下是不一致之处：

- 玩家1的描述多次提到了球体的材质（皮革或合成材料）、尺寸和重量，以及其在握感和手感上的独特性。
- 玩家2的描述强调了球体的多个部件组成、几何形状、材质的柔软性、尺寸和重量的精心设计，以及其在投篮准确性和比赛互动性方面的设计。
- 玩家3的描述集中在球体的中空结构、多个孔洞、独特的材质和结构、飞行稳定性和耐用性，以及其尺寸和重量的精心设计。
- 玩家4的描述与玩家3相似，同样强调了球体的中空结构、多个孔洞、独特的材质和结构、飞行稳定性和耐用性，以及其轻巧便携和尺寸重量的精确计算。

不一致之处在于：

- 玩家1的描述中特别强调了球体的材质和尺寸的独特性，而玩家2和玩家3的描述则更侧重于球体的结构和材质特性。
- 玩家2提到了球体的多个部件组成和材质的柔软性，这是玩家1和玩家4没有提到的。
- 玩家3和玩家4的描述都强调了球体的中空结构和多个孔洞，而玩家1没有提到这一点。

这些不一致之处可能表明玩家1的描述与玩家2和玩家3的描述有所不同，从而增加了玩家1作为卧底的可能性。然而，玩家4的描述与玩家3非常相似，这可能意味着玩家3和玩家4是平民，而玩家1或玩家2是卧底。需要更多的信息来确定卧底。
2024-12-12 21:39:36,361 - 1 - INFO - **********JUDGER**********
你刚刚的分析是在比较四位玩家的描述时，以下是不一致之处：

- 玩家1的描述多次提到了球体的材质（皮革或合成材料）、尺寸和重量，以及其在握感和手感上的独特性。
- 玩家2的描述强调了球体的多个部件组成、几何形状、材质的柔软性、尺寸和重量的精心设计，以及其在投篮准确性和比赛互动性方面的设计。
- 玩家3的描述集中在球体的中空结构、多个孔洞、独特的材质和结构、飞行稳定性和耐用性，以及其尺寸和重量的精心设计。
- 玩家4的描述与玩家3相似，同样强调了球体的中空结构、多个孔洞、独特的材质和结构、飞行稳定性和耐用性，以及其轻巧便携和尺寸重量的精确计算。

不一致之处在于：

- 玩家1的描述中特别强调了球体的材质和尺寸的独特性，而玩家2和玩家3的描述则更侧重于球体的结构和材质特性。
- 玩家2提到了球体的多个部件组成和材质的柔软性，这是玩家1和玩家4没有提到的。
- 玩家3和玩家4的描述都强调了球体的中空结构和多个孔洞，而玩家1没有提到这一点。

这些不一致之处可能表明玩家1的描述与玩家2和玩家3的描述有所不同，从而增加了玩家1作为卧底的可能性。然而，玩家4的描述与玩家3非常相似，这可能意味着玩家3和玩家4是平民，而玩家1或玩家2是卧底。需要更多的信息来确定卧底。|| 请通过你分析的不一致之处，推断卧底身份，注意，这局游戏的词语分类为<体育用品>，卧底词和平民词都属于该类。
2024-12-12 21:39:37,847 - 1 - INFO - **********PLAYER1**********
1
2024-12-12 21:39:37,848 - 1 - INFO - **********JUDGER**********
你刚刚的推断是1|| 基于你刚刚的推断得出你的最终结论，请输出你认为的卧底，在这种情况下只需要输出编号，是1-4中的某个数字，不要输出其他信息。在这个过程不要进行任何推理，只对||以前的部分进行信息提取
2024-12-12 21:39:38,992 - 1 - INFO - **********PLAYER1**********
1
2024-12-12 21:39:38,993 - 1 - INFO - **********JUDGER**********
你认为卧底是你自己。你现在需要随便选一个人投票。请输出一个数字，是1-4中的某个数字，但这个数字不能是1，不要输出其他信息。
2024-12-12 21:39:40,510 - 1 - INFO - **********PLAYER1**********
2
