2024-12-12 21:35:50,938 - 2 - INFO - **********JUDGER**********
让我们来玩一个叫做<谁是卧底>的推理游戏。基本规则：<人数>：4人。<角色分配>：每位玩家随机抽取一个词语，3名玩家拿到的词语是相同的（平民词），1名玩家拿到与之相近但不同的词语（卧底词）。<游戏流程>：1、玩家轮流描述自己的词语，但<不能>直接说出词语本身。2、描述完毕后，投票选出最像卧底的玩家。3、每轮结束后，被投票选出的玩家出局，不能再进行描述或投票。4、每轮投票结束后，如果卧底被成功找出，平民方获胜；如果卧底未被找出且卧底人数等于或超过平民人数，则卧底方获胜。你将扮演一个<玩家>，请等待你被分配到的关键词。如果你听懂了，只回答，"好的，我准备好参加游戏了"，不要输出别的信息
2024-12-12 21:35:51,751 - 2 - INFO - **********PLAYER2**********
好的，我准备好参加游戏了
2024-12-12 21:35:55,846 - 2 - INFO - **********JUDGER**********
玩家1说：它是一个圆形的，通常用于投篮和比赛的器材，与足球相比，它的表面更为平滑。在体育用品中，它以其特定的用途和材质区别于其他球类。玩家2说：玩家3说：玩家4说：|| 你是第2号玩家，你的关键词是<篮球>。你的回答中绝对不能包含你的关键词<篮球>。这是第一轮描述，不需要分析||之前别的玩家的描述，请你描述关键词基本特征，注意，这局游戏的词语分类为<体育用品>，卧底词和平民词都属于该类，描述包括以下两点，1.他的基本特征是什么2.他在该类（体育用品）中最突出不同的特征是什么，尽量简短
2024-12-12 21:35:57,021 - 2 - INFO - **********PLAYER2**********
这个球体由多个部件组成，表面光滑，通常由橡胶或合成材料制成。与其他球类相比，它的设计使得它在空中飞行更为稳定，且易于控制。
2024-12-12 21:36:21,142 - 2 - INFO - **********JUDGER**********
玩家1说：它是一个圆形的，通常用于投篮和比赛的器材，与足球相比，它的表面更为平滑。在体育用品中，它以其特定的用途和材质区别于其他球类。玩家2说：这个球体由多个部件组成，表面光滑，通常由橡胶或合成材料制成。与其他球类相比，它的设计使得它在空中飞行更为稳定，且易于控制。玩家3说：这个球体是中空的，通常用于比赛，它的表面设计为圆形，有多个孔洞。在体育用品中，它以其独特的材质和结构区别于其他球类，尤其是在飞行稳定性和耐用性方面。玩家4说：||在这个游戏中，我们需要通过分析每位玩家的描述来找出卧底。通常，平民的描述会围绕相同的词语展开，而卧底的描述可能会因为词语的不同而显得不太一致。我们需要仔细比较每个描述之间的相似性和差异性，以找出可能的卧底，注意，卧底并不会隐藏自己，他会直接描述他的词语，现在，逐一分析每个玩家的描述，注意，这局游戏的词语分类为<体育用品>，卧底词和平民词都属于该类。这是第一轮描述。
2024-12-12 21:36:25,706 - 2 - INFO - **********PLAYER2**********
好的，根据玩家的描述，我们可以进行以下分析：

玩家1的描述强调了球体的圆形、用于投篮和比赛，以及表面平滑的特点，这听起来像是描述篮球。

玩家2的描述与玩家1的描述相似，提到了球体的组成、表面光滑和材质，以及与其他球类的区别，这也符合篮球的描述。

玩家3的描述提到了球体是中空的，有多个孔洞，以及独特的材质和结构，这与篮球的描述不太一致，因为篮球通常是实心的，没有孔洞。

玩家4没有提供描述，因此无法根据描述来判断。

综合以上分析，玩家3的描述与篮球的常规特征不太一致，他提到的中空和孔洞可能是其他球类，如足球或其他特殊设计的球类。因此，玩家3可能是卧底。
2024-12-12 21:36:25,706 - 2 - INFO - **********JUDGER**********
你刚刚的分析是好的，根据玩家的描述，我们可以进行以下分析：

玩家1的描述强调了球体的圆形、用于投篮和比赛，以及表面平滑的特点，这听起来像是描述篮球。

玩家2的描述与玩家1的描述相似，提到了球体的组成、表面光滑和材质，以及与其他球类的区别，这也符合篮球的描述。

玩家3的描述提到了球体是中空的，有多个孔洞，以及独特的材质和结构，这与篮球的描述不太一致，因为篮球通常是实心的，没有孔洞。

玩家4没有提供描述，因此无法根据描述来判断。

综合以上分析，玩家3的描述与篮球的常规特征不太一致，他提到的中空和孔洞可能是其他球类，如足球或其他特殊设计的球类。因此，玩家3可能是卧底。|| `请根据上述分析，比较描述以找出不一致之处，注意，这局游戏的词语分类为<体育用品>，卧底词和平民词都属于该类。
2024-12-12 21:36:29,210 - 2 - INFO - **********PLAYER2**********
根据上述分析，我们可以比较描述以找出不一致之处：

1. 玩家1和玩家2的描述都集中在球体的圆形、用于比赛、表面平滑、材质和与其他球类的区别，这些特征都与篮球相符。

2. 玩家3的描述提到球体是中空的，有多个孔洞，以及独特的材质和结构。这些特征与篮球的常规特征不符，因为篮球是实心的，没有孔洞。

3. 玩家4没有提供描述，所以无法直接比较。

不一致之处在于玩家3的描述中提到的球体特征（中空、有孔洞）与篮球的标准特征（实心、无孔洞）不一致。这表明玩家3的词语可能与篮球不同，因此可能是卧底。其他玩家的描述都更接近篮球的常规特征。
2024-12-12 21:36:29,211 - 2 - INFO - **********JUDGER**********
你刚刚的分析是根据上述分析，我们可以比较描述以找出不一致之处：

1. 玩家1和玩家2的描述都集中在球体的圆形、用于比赛、表面平滑、材质和与其他球类的区别，这些特征都与篮球相符。

2. 玩家3的描述提到球体是中空的，有多个孔洞，以及独特的材质和结构。这些特征与篮球的常规特征不符，因为篮球是实心的，没有孔洞。

3. 玩家4没有提供描述，所以无法直接比较。

不一致之处在于玩家3的描述中提到的球体特征（中空、有孔洞）与篮球的标准特征（实心、无孔洞）不一致。这表明玩家3的词语可能与篮球不同，因此可能是卧底。其他玩家的描述都更接近篮球的常规特征。|| 请通过你分析的不一致之处，推断卧底身份，注意，这局游戏的词语分类为<体育用品>，卧底词和平民词都属于该类。
2024-12-12 21:36:32,604 - 2 - INFO - **********PLAYER2**********
根据分析中提到的不一致之处，玩家3的描述与篮球的标准特征不符，因为篮球是实心的，没有孔洞，而玩家3描述的球体是中空的，有多个孔洞。这表明玩家3的词语很可能不是篮球。

在体育用品的分类中，一个常见的球类，且与篮球相似但又有所不同的，是足球。足球也是实心的，但与篮球相比，它的表面设计是圆形的，且通常有缝线，而不是像篮球那样的平滑表面。

因此，基于描述中的不一致之处，可以推断玩家3可能是卧底，他的词语很可能是足球。
2024-12-12 21:36:32,604 - 2 - INFO - **********JUDGER**********
你刚刚的推断是根据分析中提到的不一致之处，玩家3的描述与篮球的标准特征不符，因为篮球是实心的，没有孔洞，而玩家3描述的球体是中空的，有多个孔洞。这表明玩家3的词语很可能不是篮球。

在体育用品的分类中，一个常见的球类，且与篮球相似但又有所不同的，是足球。足球也是实心的，但与篮球相比，它的表面设计是圆形的，且通常有缝线，而不是像篮球那样的平滑表面。

因此，基于描述中的不一致之处，可以推断玩家3可能是卧底，他的词语很可能是足球。|| 基于你刚刚的推断得出你的最终结论，请输出你认为的卧底，在这种情况下只需要输出编号，是1-4中的某个数字，不要输出其他信息。在这个过程不要进行任何推理，只对||以前的部分进行信息提取
2024-12-12 21:36:33,036 - 2 - INFO - **********PLAYER2**********
3
2024-12-12 21:37:20,670 - 2 - INFO - **********JUDGER**********
玩家1说：它是一个圆形的，通常用于投篮和比赛的器材，与足球相比，它的表面更为平滑。在体育用品中，它以其特定的用途和材质区别于其他球类。这个球类通常由皮革或合成材料制成，表面光滑，用于各种比赛和训练，其设计使其在握感和手感上与众不同。在体育用品中，它的尺寸和重量使其在球类中独具特色。玩家2说：这个球体由多个部件组成，表面光滑，通常由橡胶或合成材料制成。与其他球类相比，它的设计使得它在空中飞行更为稳定，且易于控制。玩家3说：这个球体是中空的，通常用于比赛，它的表面设计为圆形，有多个孔洞。在体育用品中，它以其独特的材质和结构区别于其他球类，尤其是在飞行稳定性和耐用性方面。玩家4说：这是一个中空的球体，通常用于比赛，表面设计为圆形，有多个孔洞。它在体育用品中最突出的不同特征是它的独特材质和结构，这使它在飞行稳定性和耐用性方面表现出色。你是第2号玩家，你的关键词是<篮球>。你的回答中绝对不能包含你的关键词<篮球>。这是第二轮描述，你之前的描述是这个球体由多个部件组成，表面光滑，通常由橡胶或合成材料制成。与其他球类相比，它的设计使得它在空中飞行更为稳定，且易于控制。，注意，这局游戏的词语分类为<体育用品>，卧底词和平民词都属于该类，请你补充关于关键词的描述，注意，你的描述应该比起之前的描述更加贴近关键词，作为之前的补充
2024-12-12 21:37:24,459 - 2 - INFO - **********PLAYER2**********
这个球体具有明显的几何形状，它的设计旨在提高投篮的准确性和比赛的互动性。它通常由柔软的材质制成，使得球员能够轻松抓住并操控。此外，它的尺寸和重量经过精心设计，以适应不同类型的比赛和训练需求。在体育用品中，它的这些特性使其成为该类别中的佼佼者。
2024-12-12 21:37:49,296 - 2 - INFO - **********JUDGER**********
玩家1说：它是一个圆形的，通常用于投篮和比赛的器材，与足球相比，它的表面更为平滑。在体育用品中，它以其特定的用途和材质区别于其他球类。这个球类通常由皮革或合成材料制成，表面光滑，用于各种比赛和训练，其设计使其在握感和手感上与众不同。在体育用品中，它的尺寸和重量使其在球类中独具特色。玩家2说：这个球体由多个部件组成，表面光滑，通常由橡胶或合成材料制成。与其他球类相比，它的设计使得它在空中飞行更为稳定，且易于控制。这个球体具有明显的几何形状，它的设计旨在提高投篮的准确性和比赛的互动性。它通常由柔软的材质制成，使得球员能够轻松抓住并操控。此外，它的尺寸和重量经过精心设计，以适应不同类型的比赛和训练需求。在体育用品中，它的这些特性使其成为该类别中的佼佼者。玩家3说：这个球体是中空的，通常用于比赛，它的表面设计为圆形，有多个孔洞。在体育用品中，它以其独特的材质和结构区别于其他球类，尤其是在飞行稳定性和耐用性方面。这个球体是中空的，它的表面设计为圆形，且具有多个孔洞。它通常用于比赛，尤其是在投篮和训练中。与其他球类相比，它的材质更为特殊，提供了良好的握感和手感，同时它的尺寸和重量都是精心设计的，以确保在比赛中的表现。这个球体在飞行时的稳定性和耐用性是它最显著的特点。玩家4说：这是一个中空的球体，通常用于比赛，表面设计为圆形，有多个孔洞。它在体育用品中最突出的不同特征是它的独特材质和结构，这使它在飞行稳定性和耐用性方面表现出色。||在这个游戏中，我们需要通过分析每位玩家的描述来找出卧底。通常，平民的描述会围绕相同的词语展开，而卧底的描述可能会因为词语的不同而显得不太一致。我们需要仔细比较每个描述之间的相似性和差异性，以找出可能的卧底，注意，卧底并不会隐藏自己，他会直接描述他的词语，现在，逐一分析每个玩家的描述，注意，这局游戏的词语分类为<体育用品>，卧底词和平民词都属于该类。||之前是第2轮描述和之前轮数描述的合集。你之前认为的卧底是玩家3。
2024-12-12 21:37:54,688 - 2 - INFO - **********PLAYER2**********
根据玩家们的描述，我们可以进行以下分析：

玩家1的描述强调了球体的表面平滑、材质（皮革或合成材料）、尺寸和重量，以及其在比赛和训练中的用途，这与篮球的描述相符。

玩家2的描述与玩家1相似，也提到了球体的表面光滑、材质、尺寸和重量，以及其在比赛和训练中的应用，同样符合篮球的描述。

玩家3的描述中提到了球体是中空的，有多个孔洞，并且强调了材质的特殊性和飞行稳定性，这与篮球的描述不符，因为篮球是实心的，没有孔洞。

玩家4的描述与玩家3类似，同样提到了球体的中空设计、多个孔洞、独特材质和结构，以及其在比赛中的使用，这与篮球的描述不一致。

综合以上分析，玩家3和玩家4的描述中提到的球体特征（中空、有孔洞）与篮球的标准特征（实心、无孔洞）不一致。由于玩家3在第一轮描述中就已经提到了这些特征，而在第二轮中再次强调了这些与篮球不符的特征，这增加了他作为卧底的可能性。

因此，根据描述中的不一致之处，玩家3仍然是可能的卧底。
2024-12-12 21:37:54,689 - 2 - INFO - **********JUDGER**********
你刚刚的分析是根据玩家们的描述，我们可以进行以下分析：

玩家1的描述强调了球体的表面平滑、材质（皮革或合成材料）、尺寸和重量，以及其在比赛和训练中的用途，这与篮球的描述相符。

玩家2的描述与玩家1相似，也提到了球体的表面光滑、材质、尺寸和重量，以及其在比赛和训练中的应用，同样符合篮球的描述。

玩家3的描述中提到了球体是中空的，有多个孔洞，并且强调了材质的特殊性和飞行稳定性，这与篮球的描述不符，因为篮球是实心的，没有孔洞。

玩家4的描述与玩家3类似，同样提到了球体的中空设计、多个孔洞、独特材质和结构，以及其在比赛中的使用，这与篮球的描述不一致。

综合以上分析，玩家3和玩家4的描述中提到的球体特征（中空、有孔洞）与篮球的标准特征（实心、无孔洞）不一致。由于玩家3在第一轮描述中就已经提到了这些特征，而在第二轮中再次强调了这些与篮球不符的特征，这增加了他作为卧底的可能性。

因此，根据描述中的不一致之处，玩家3仍然是可能的卧底。|| `请根据上述分析，比较描述以找出不一致之处，注意，这局游戏的词语分类为<体育用品>，卧底词和平民词都属于该类。
2024-12-12 21:38:02,702 - 2 - INFO - **********PLAYER2**********
根据上述分析，不一致之处主要体现在以下几个方面：

1. 玩家1、玩家2和玩家4的描述都集中在球体的表面平滑、材质（如皮革或合成材料）、尺寸、重量以及其在比赛和训练中的应用，这些特征与篮球相符。

2. 玩家3和玩家4的描述中提到了球体是中空的，有多个孔洞，以及材质的特殊性和飞行稳定性。这些特征与篮球的标准特征（实心、无孔洞）不符。

3. 玩家3和玩家4的描述中强调了球体的材质和结构在飞行稳定性和耐用性方面的独特性，而篮球通常不被描述为具有这些特性。

因此，不一致之处在于玩家3和玩家4的描述中提到的球体特征与篮球的常规特征不一致，这可能是卧底所描述的词语特征。
2024-12-12 21:38:02,703 - 2 - INFO - **********JUDGER**********
你刚刚的分析是根据上述分析，不一致之处主要体现在以下几个方面：

1. 玩家1、玩家2和玩家4的描述都集中在球体的表面平滑、材质（如皮革或合成材料）、尺寸、重量以及其在比赛和训练中的应用，这些特征与篮球相符。

2. 玩家3和玩家4的描述中提到了球体是中空的，有多个孔洞，以及材质的特殊性和飞行稳定性。这些特征与篮球的标准特征（实心、无孔洞）不符。

3. 玩家3和玩家4的描述中强调了球体的材质和结构在飞行稳定性和耐用性方面的独特性，而篮球通常不被描述为具有这些特性。

因此，不一致之处在于玩家3和玩家4的描述中提到的球体特征与篮球的常规特征不一致，这可能是卧底所描述的词语特征。|| 请通过你分析的不一致之处，推断卧底身份，注意，这局游戏的词语分类为<体育用品>，卧底词和平民词都属于该类。
2024-12-12 21:38:07,612 - 2 - INFO - **********PLAYER2**********
根据分析中提到的不一致之处，玩家3和玩家4的描述中提到的球体特征（中空、有多个孔洞、独特的材质和结构，以及飞行稳定性和耐用性）与篮球的标准特征（实心、无孔洞）不符。这些描述更像是描述足球或其他特殊设计的球类，而不是篮球。

因此，基于这些不一致之处，可以推断玩家3或玩家4中的一位是卧底，他们的关键词可能是足球或其他与篮球描述不符的球类。由于两位玩家的描述都存在不一致，但需要选择一个卧底，那么可以随机选择一位作为卧底，例如：

玩家3是卧底。
2024-12-12 21:38:07,613 - 2 - INFO - **********JUDGER**********
你刚刚的推断是根据分析中提到的不一致之处，玩家3和玩家4的描述中提到的球体特征（中空、有多个孔洞、独特的材质和结构，以及飞行稳定性和耐用性）与篮球的标准特征（实心、无孔洞）不符。这些描述更像是描述足球或其他特殊设计的球类，而不是篮球。

因此，基于这些不一致之处，可以推断玩家3或玩家4中的一位是卧底，他们的关键词可能是足球或其他与篮球描述不符的球类。由于两位玩家的描述都存在不一致，但需要选择一个卧底，那么可以随机选择一位作为卧底，例如：

玩家3是卧底。|| 基于你刚刚的推断得出你的最终结论，请输出你认为的卧底，在这种情况下只需要输出编号，是1-4中的某个数字，不要输出其他信息。在这个过程不要进行任何推理，只对||以前的部分进行信息提取
2024-12-12 21:38:08,403 - 2 - INFO - **********PLAYER2**********
3
2024-12-12 21:39:05,303 - 2 - INFO - **********JUDGER**********
玩家1说：它是一个圆形的，通常用于投篮和比赛的器材，与足球相比，它的表面更为平滑。在体育用品中，它以其特定的用途和材质区别于其他球类。这个球类通常由皮革或合成材料制成，表面光滑，用于各种比赛和训练，其设计使其在握感和手感上与众不同。在体育用品中，它的尺寸和重量使其在球类中独具特色。这个球类通常由柔软的材质制成，具有良好的弹性和耐磨性，表面光滑，便于抓握和操控。它的尺寸和重量经过精确设计，以适应不同类型的比赛和训练，使其在运动中能够提供稳定的飞行轨迹。在体育用品中，它以其在比赛中的特定用途和独特的握感而受到青睐。玩家2说：这个球体由多个部件组成，表面光滑，通常由橡胶或合成材料制成。与其他球类相比，它的设计使得它在空中飞行更为稳定，且易于控制。这个球体具有明显的几何形状，它的设计旨在提高投篮的准确性和比赛的互动性。它通常由柔软的材质制成，使得球员能够轻松抓住并操控。此外，它的尺寸和重量经过精心设计，以适应不同类型的比赛和训练需求。在体育用品中，它的这些特性使其成为该类别中的佼佼者。玩家3说：这个球体是中空的，通常用于比赛，它的表面设计为圆形，有多个孔洞。在体育用品中，它以其独特的材质和结构区别于其他球类，尤其是在飞行稳定性和耐用性方面。这个球体是中空的，它的表面设计为圆形，且具有多个孔洞。它通常用于比赛，尤其是在投篮和训练中。与其他球类相比，它的材质更为特殊，提供了良好的握感和手感，同时它的尺寸和重量都是精心设计的，以确保在比赛中的表现。这个球体在飞行时的稳定性和耐用性是它最显著的特点。玩家4说：这是一个中空的球体，通常用于比赛，表面设计为圆形，有多个孔洞。它在体育用品中最突出的不同特征是它的独特材质和结构，这使它在飞行稳定性和耐用性方面表现出色。这个球体是轻巧且便携的，它的材质轻盈且具有弹性，使其在飞行中表现出极佳的灵活性和速度。它的表面处理使其在高速运动时能够减少空气阻力，增加飞行距离。此外，这个球体的尺寸和重量经过精确计算，以适应不同水平的球员和不同的比赛需求。在体育用品中，它以其在空中独特的飞行轨迹和精准的控制而著称。你是第2号玩家，你的关键词是<篮球>。你的回答中绝对不能包含你的关键词<篮球>。这是第三轮描述，你之前的描述是这个球体由多个部件组成，表面光滑，通常由橡胶或合成材料制成。与其他球类相比，它的设计使得它在空中飞行更为稳定，且易于控制。和这个球体具有明显的几何形状，它的设计旨在提高投篮的准确性和比赛的互动性。它通常由柔软的材质制成，使得球员能够轻松抓住并操控。此外，它的尺寸和重量经过精心设计，以适应不同类型的比赛和训练需求。在体育用品中，它的这些特性使其成为该类别中的佼佼者。，注意，这局游戏的词语分类为<体育用品>，卧底词和平民词都属于该类，请你补充关于关键词的描述，注意，你的描述应该比起之前的描述更加贴近关键词，作为之前的补充
2024-12-12 21:39:09,396 - 2 - INFO - **********PLAYER2**********
这个球体具有标准化的几何形状，主要用于室内外投篮和比赛。它的表面设计为光滑，便于球员抓握和控制。材质上，它通常采用耐磨且具有良好弹性的材料，如皮革或合成材料。球体的尺寸和重量经过精确计算，以确保在不同类型的比赛中都能提供稳定的飞行轨迹。此外，它的设计考虑到了球员的舒适度和操控性，使得比赛更加流畅和竞技。在体育用品中，这个球体的这些特性使其在同类产品中脱颖而出。
2024-12-12 21:39:40,511 - 2 - INFO - **********JUDGER**********
玩家1说：它是一个圆形的，通常用于投篮和比赛的器材，与足球相比，它的表面更为平滑。在体育用品中，它以其特定的用途和材质区别于其他球类。这个球类通常由皮革或合成材料制成，表面光滑，用于各种比赛和训练，其设计使其在握感和手感上与众不同。在体育用品中，它的尺寸和重量使其在球类中独具特色。这个球类通常由柔软的材质制成，具有良好的弹性和耐磨性，表面光滑，便于抓握和操控。它的尺寸和重量经过精确设计，以适应不同类型的比赛和训练，使其在运动中能够提供稳定的飞行轨迹。在体育用品中，它以其在比赛中的特定用途和独特的握感而受到青睐。玩家2说：这个球体由多个部件组成，表面光滑，通常由橡胶或合成材料制成。与其他球类相比，它的设计使得它在空中飞行更为稳定，且易于控制。这个球体具有明显的几何形状，它的设计旨在提高投篮的准确性和比赛的互动性。它通常由柔软的材质制成，使得球员能够轻松抓住并操控。此外，它的尺寸和重量经过精心设计，以适应不同类型的比赛和训练需求。在体育用品中，它的这些特性使其成为该类别中的佼佼者。这个球体具有标准化的几何形状，主要用于室内外投篮和比赛。它的表面设计为光滑，便于球员抓握和控制。材质上，它通常采用耐磨且具有良好弹性的材料，如皮革或合成材料。球体的尺寸和重量经过精确计算，以确保在不同类型的比赛中都能提供稳定的飞行轨迹。此外，它的设计考虑到了球员的舒适度和操控性，使得比赛更加流畅和竞技。在体育用品中，这个球体的这些特性使其在同类产品中脱颖而出。玩家3说：这个球体是中空的，通常用于比赛，它的表面设计为圆形，有多个孔洞。在体育用品中，它以其独特的材质和结构区别于其他球类，尤其是在飞行稳定性和耐用性方面。这个球体是中空的，它的表面设计为圆形，且具有多个孔洞。它通常用于比赛，尤其是在投篮和训练中。与其他球类相比，它的材质更为特殊，提供了良好的握感和手感，同时它的尺寸和重量都是精心设计的，以确保在比赛中的表现。这个球体在飞行时的稳定性和耐用性是它最显著的特点。这个球体是中空的，其表面光滑且圆形，便于球员在比赛中操控。它由特殊的材料制成，这些材料既轻便又具有很好的弹性，确保了球体在飞行中的稳定性和耐用性。球体的尺寸和重量经过精确的调整，以适应不同水平的球员和不同类型的比赛。此外，球体的设计注重了球员的握感和手感，使得球员能够在高速运动中保持对球的精准控制。在体育用品中，这个球体以其在比赛中的表现和球员的舒适度而受到推崇。玩家4说：这是一个中空的球体，通常用于比赛，表面设计为圆形，有多个孔洞。它在体育用品中最突出的不同特征是它的独特材质和结构，这使它在飞行稳定性和耐用性方面表现出色。这个球体是轻巧且便携的，它的材质轻盈且具有弹性，使其在飞行中表现出极佳的灵活性和速度。它的表面处理使其在高速运动时能够减少空气阻力，增加飞行距离。此外，这个球体的尺寸和重量经过精确计算，以适应不同水平的球员和不同的比赛需求。在体育用品中，它以其在空中独特的飞行轨迹和精准的控制而著称。这个球体轻巧且便于携带，其设计注重在高速运动中的操控性。它的材质轻盈且具有弹性，使得球体在飞行中能够迅速改变方向。表面处理使其在高速运动时能够减少空气阻力，增加飞行距离。球体的尺寸和重量经过精确计算，以适应不同水平的球员和不同类型的比赛。在体育用品中，这个球体的特性使其在比赛中脱颖而出，尤其是在对球员技术要求较高的项目中。||在这个游戏中，我们需要通过分析每位玩家的描述来找出卧底。通常，平民的描述会围绕相同的词语展开，而卧底的描述可能会因为词语的不同而显得不太一致。我们需要仔细比较每个描述之间的相似性和差异性，以找出可能的卧底，注意，卧底并不会隐藏自己，他会直接描述他的词语，现在，逐一分析每个玩家的描述，注意，这局游戏的词语分类为<体育用品>，卧底词和平民词都属于该类。||之前是第3轮描述和之前轮数描述的合集。你之前认为的卧底是玩家3。
2024-12-12 21:39:46,082 - 2 - INFO - **********PLAYER2**********
根据玩家们的描述，我们可以进行以下分析：

玩家1、玩家2和玩家4的描述都强调了球体的圆形、表面光滑、材质（如皮革或合成材料）、尺寸、重量、用于比赛和训练、良好的握感和手感，以及精确设计的尺寸和重量，这些特征都与篮球相符。

玩家3的描述中多次提到球体是中空的，有多个孔洞，以及独特的材质和结构，这些特征与篮球的标准特征（实心、无孔洞）不符。此外，玩家3也强调了球体在飞行稳定性和耐用性方面的独特性，这与篮球通常不被描述为具有这些特性的特点不一致。

综合以上分析，玩家3的描述与篮球的常规特征不一致，这增加了他作为卧底的可能性。因此，基于描述中的不一致之处，玩家3仍然是可能的卧底。
2024-12-12 21:39:46,084 - 2 - INFO - **********JUDGER**********
你刚刚的分析是根据玩家们的描述，我们可以进行以下分析：

玩家1、玩家2和玩家4的描述都强调了球体的圆形、表面光滑、材质（如皮革或合成材料）、尺寸、重量、用于比赛和训练、良好的握感和手感，以及精确设计的尺寸和重量，这些特征都与篮球相符。

玩家3的描述中多次提到球体是中空的，有多个孔洞，以及独特的材质和结构，这些特征与篮球的标准特征（实心、无孔洞）不符。此外，玩家3也强调了球体在飞行稳定性和耐用性方面的独特性，这与篮球通常不被描述为具有这些特性的特点不一致。

综合以上分析，玩家3的描述与篮球的常规特征不一致，这增加了他作为卧底的可能性。因此，基于描述中的不一致之处，玩家3仍然是可能的卧底。|| `请根据上述分析，比较描述以找出不一致之处，注意，这局游戏的词语分类为<体育用品>，卧底词和平民词都属于该类。
2024-12-12 21:39:51,216 - 2 - INFO - **********PLAYER2**********
根据上述分析，不一致之处主要体现在以下几个方面：

1. 玩家3的描述中提到球体是中空的，有多个孔洞，这与篮球的标准特征（实心，无孔洞）不符。

2. 玩家3还提到球体的独特材质和结构，以及其在飞行稳定性和耐用性方面的特性，这些特征通常不被用来描述篮球。

3. 玩家1、玩家2和玩家4的描述都集中在球体的圆形、表面光滑、材质、尺寸、重量、握感和手感，以及精确设计的尺寸和重量上，这些特征与篮球的常规描述相符。

因此，不一致之处在于玩家3的描述中提到的球体特征与篮球的标准特征不符，这可能是由于他描述的词语不是篮球。
2024-12-12 21:39:51,217 - 2 - INFO - **********JUDGER**********
你刚刚的分析是根据上述分析，不一致之处主要体现在以下几个方面：

1. 玩家3的描述中提到球体是中空的，有多个孔洞，这与篮球的标准特征（实心，无孔洞）不符。

2. 玩家3还提到球体的独特材质和结构，以及其在飞行稳定性和耐用性方面的特性，这些特征通常不被用来描述篮球。

3. 玩家1、玩家2和玩家4的描述都集中在球体的圆形、表面光滑、材质、尺寸、重量、握感和手感，以及精确设计的尺寸和重量上，这些特征与篮球的常规描述相符。

因此，不一致之处在于玩家3的描述中提到的球体特征与篮球的标准特征不符，这可能是由于他描述的词语不是篮球。|| 请通过你分析的不一致之处，推断卧底身份，注意，这局游戏的词语分类为<体育用品>，卧底词和平民词都属于该类。
2024-12-12 21:39:54,301 - 2 - INFO - **********PLAYER2**********
基于分析中提到的不一致之处，玩家3的描述中提到的球体特征（中空、有多个孔洞、独特材质和结构、飞行稳定性、耐用性）与篮球的标准特征（实心、无孔洞）不符。这些特征更像是描述足球或其他特殊设计的球类。

因此，根据这些不一致之处，可以推断玩家3是卧底。
2024-12-12 21:39:54,301 - 2 - INFO - **********JUDGER**********
你刚刚的推断是基于分析中提到的不一致之处，玩家3的描述中提到的球体特征（中空、有多个孔洞、独特材质和结构、飞行稳定性、耐用性）与篮球的标准特征（实心、无孔洞）不符。这些特征更像是描述足球或其他特殊设计的球类。

因此，根据这些不一致之处，可以推断玩家3是卧底。|| 基于你刚刚的推断得出你的最终结论，请输出你认为的卧底，在这种情况下只需要输出编号，是1-4中的某个数字，不要输出其他信息。在这个过程不要进行任何推理，只对||以前的部分进行信息提取
2024-12-12 21:39:55,269 - 2 - INFO - **********PLAYER2**********
3
