2024-12-12 21:35:52,271 - 3 - INFO - **********JUDGER**********
让我们来玩一个叫做<谁是卧底>的推理游戏。基本规则：<人数>：4人。<角色分配>：每位玩家随机抽取一个词语，3名玩家拿到的词语是相同的（平民词），1名玩家拿到与之相近但不同的词语（卧底词）。<游戏流程>：1、玩家轮流描述自己的词语，但<不能>直接说出词语本身。2、描述完毕后，投票选出最像卧底的玩家。3、每轮结束后，被投票选出的玩家出局，不能再进行描述或投票。4、每轮投票结束后，如果卧底被成功找出，平民方获胜；如果卧底未被找出且卧底人数等于或超过平民人数，则卧底方获胜。你将扮演一个<玩家>，请等待你被分配到的关键词。如果你听懂了，只回答，"好的，我准备好参加游戏了"，不要输出别的信息
2024-12-12 21:35:52,613 - 3 - INFO - **********PLAYER3**********
好的，我准备好参加游戏了
2024-12-12 21:35:57,021 - 3 - INFO - **********JUDGER**********
玩家1说：它是一个圆形的，通常用于投篮和比赛的器材，与足球相比，它的表面更为平滑。在体育用品中，它以其特定的用途和材质区别于其他球类。玩家2说：这个球体由多个部件组成，表面光滑，通常由橡胶或合成材料制成。与其他球类相比，它的设计使得它在空中飞行更为稳定，且易于控制。玩家3说：玩家4说：|| 你是第3号玩家，你的关键词是<篮球>。你的回答中绝对不能包含你的关键词<篮球>。这是第一轮描述，不需要分析||之前别的玩家的描述，请你描述关键词基本特征，注意，这局游戏的词语分类为<体育用品>，卧底词和平民词都属于该类，描述包括以下两点，1.他的基本特征是什么2.他在该类（体育用品）中最突出不同的特征是什么，尽量简短
2024-12-12 21:35:58,184 - 3 - INFO - **********PLAYER3**********
这个球体是中空的，通常用于比赛，它的表面设计为圆形，有多个孔洞。在体育用品中，它以其独特的材质和结构区别于其他球类，尤其是在飞行稳定性和耐用性方面。
2024-12-12 21:36:33,036 - 3 - INFO - **********JUDGER**********
玩家1说：它是一个圆形的，通常用于投篮和比赛的器材，与足球相比，它的表面更为平滑。在体育用品中，它以其特定的用途和材质区别于其他球类。玩家2说：这个球体由多个部件组成，表面光滑，通常由橡胶或合成材料制成。与其他球类相比，它的设计使得它在空中飞行更为稳定，且易于控制。玩家3说：这个球体是中空的，通常用于比赛，它的表面设计为圆形，有多个孔洞。在体育用品中，它以其独特的材质和结构区别于其他球类，尤其是在飞行稳定性和耐用性方面。玩家4说：||在这个游戏中，我们需要通过分析每位玩家的描述来找出卧底。通常，平民的描述会围绕相同的词语展开，而卧底的描述可能会因为词语的不同而显得不太一致。我们需要仔细比较每个描述之间的相似性和差异性，以找出可能的卧底，注意，卧底并不会隐藏自己，他会直接描述他的词语，现在，逐一分析每个玩家的描述，注意，这局游戏的词语分类为<体育用品>，卧底词和平民词都属于该类。这是第一轮描述。
2024-12-12 21:36:40,223 - 3 - INFO - **********PLAYER3**********
玩家1的描述强调了球体的表面平滑和特定用途，玩家2提到了球体的组成材料和设计特点，玩家3的描述与玩家1和玩家2相似，但提到了球体的中空和孔洞，而玩家4的描述则着重于球体的中空结构和材质的独特性。

从描述的相似性来看，玩家1、2和3的描述都比较接近，都提到了球体的表面光滑、用于比赛、材质和稳定性。玩家4的描述虽然也提到了材质和稳定性，但特别强调了球体的中空和孔洞，这与其他玩家的描述有所不同。

根据游戏规则，卧底的描述可能会因为词语的不同而显得不太一致。因此，玩家4的描述可能更加可疑，因为他的描述中包含了一些与篮球不太符合的细节（如中空和孔洞），这可能是他作为卧底时试图引入的混淆元素。

然而，仅凭这一轮的描述还不足以确定卧底，我们需要更多的信息和后续的描述来进一步分析。
2024-12-12 21:36:40,224 - 3 - INFO - **********JUDGER**********
你刚刚的分析是玩家1的描述强调了球体的表面平滑和特定用途，玩家2提到了球体的组成材料和设计特点，玩家3的描述与玩家1和玩家2相似，但提到了球体的中空和孔洞，而玩家4的描述则着重于球体的中空结构和材质的独特性。

从描述的相似性来看，玩家1、2和3的描述都比较接近，都提到了球体的表面光滑、用于比赛、材质和稳定性。玩家4的描述虽然也提到了材质和稳定性，但特别强调了球体的中空和孔洞，这与其他玩家的描述有所不同。

根据游戏规则，卧底的描述可能会因为词语的不同而显得不太一致。因此，玩家4的描述可能更加可疑，因为他的描述中包含了一些与篮球不太符合的细节（如中空和孔洞），这可能是他作为卧底时试图引入的混淆元素。

然而，仅凭这一轮的描述还不足以确定卧底，我们需要更多的信息和后续的描述来进一步分析。|| `请根据上述分析，比较描述以找出不一致之处，注意，这局游戏的词语分类为<体育用品>，卧底词和平民词都属于该类。
2024-12-12 21:36:47,115 - 3 - INFO - **********PLAYER3**********
根据上述分析，以下是不一致之处：

1. **表面特征**：玩家1、2和3都提到了球体的表面是光滑的，而玩家4的描述中没有直接提到表面光滑，而是强调了球体的中空和孔洞。

2. **用途**：所有玩家的描述都提到了球体用于比赛，但玩家4的描述中并未明确指出球体是用于投篮，这是篮球的一个非常具体的用途。

3. **材质**：玩家1、2和3都提到了球体由橡胶或合成材料制成，而玩家4的描述中并未直接提及材质，而是强调了球体的独特结构。

4. **独特性**：玩家1、2和3的描述中并未提到球体的独特性，而玩家4特别强调了球体的中空和孔洞，这可能是他作为卧底试图引入的混淆点。

综上所述，玩家4的描述与玩家1、2和3的描述在细节上存在不一致，尤其是在表面特征、用途和独特性方面，这些差异可能是判断卧底的关键线索。
2024-12-12 21:36:47,116 - 3 - INFO - **********JUDGER**********
你刚刚的分析是根据上述分析，以下是不一致之处：

1. **表面特征**：玩家1、2和3都提到了球体的表面是光滑的，而玩家4的描述中没有直接提到表面光滑，而是强调了球体的中空和孔洞。

2. **用途**：所有玩家的描述都提到了球体用于比赛，但玩家4的描述中并未明确指出球体是用于投篮，这是篮球的一个非常具体的用途。

3. **材质**：玩家1、2和3都提到了球体由橡胶或合成材料制成，而玩家4的描述中并未直接提及材质，而是强调了球体的独特结构。

4. **独特性**：玩家1、2和3的描述中并未提到球体的独特性，而玩家4特别强调了球体的中空和孔洞，这可能是他作为卧底试图引入的混淆点。

综上所述，玩家4的描述与玩家1、2和3的描述在细节上存在不一致，尤其是在表面特征、用途和独特性方面，这些差异可能是判断卧底的关键线索。|| 请通过你分析的不一致之处，推断卧底身份，注意，这局游戏的词语分类为<体育用品>，卧底词和平民词都属于该类。
2024-12-12 21:36:53,377 - 3 - INFO - **********PLAYER3**********
基于上述分析的不一致之处，以下是对卧底身份的推断：

1. **表面特征**：玩家4没有提到球体表面光滑，而篮球的确是一个表面光滑的球体，因此这一点的差异可能指向篮球。

2. **用途**：虽然所有玩家都提到了球体用于比赛，但篮球的特定用途之一是投篮，这是玩家4描述中未提及的。

3. **材质**：玩家1、2和3都提到了球体由橡胶或合成材料制成，而玩家4没有直接提及材质，这并不足以确定卧底，因为许多体育用品都可能由这些材料制成。

4. **独特性**：玩家4特别强调了球体的中空和孔洞，这与篮球的描述不符。篮球通常是一个实心或部分中空的球体，但不带有孔洞。

综合以上点，玩家4的描述中最不寻常的是对球体中空和孔洞的强调，这在篮球的常见描述中并不常见。因此，结合游戏规则和描述的不一致之处，玩家4可能是卧底，他的关键词可能不是篮球，而是另一个具有类似特征但描述中包含“中空”或“孔洞”的体育用品，如足球或排球。然而，由于足球通常没有孔洞，排球虽然可能有孔洞但不是主要特征，因此足球可能是最符合这些描述的备选词。
2024-12-12 21:36:53,378 - 3 - INFO - **********JUDGER**********
你刚刚的推断是基于上述分析的不一致之处，以下是对卧底身份的推断：

1. **表面特征**：玩家4没有提到球体表面光滑，而篮球的确是一个表面光滑的球体，因此这一点的差异可能指向篮球。

2. **用途**：虽然所有玩家都提到了球体用于比赛，但篮球的特定用途之一是投篮，这是玩家4描述中未提及的。

3. **材质**：玩家1、2和3都提到了球体由橡胶或合成材料制成，而玩家4没有直接提及材质，这并不足以确定卧底，因为许多体育用品都可能由这些材料制成。

4. **独特性**：玩家4特别强调了球体的中空和孔洞，这与篮球的描述不符。篮球通常是一个实心或部分中空的球体，但不带有孔洞。

综合以上点，玩家4的描述中最不寻常的是对球体中空和孔洞的强调，这在篮球的常见描述中并不常见。因此，结合游戏规则和描述的不一致之处，玩家4可能是卧底，他的关键词可能不是篮球，而是另一个具有类似特征但描述中包含“中空”或“孔洞”的体育用品，如足球或排球。然而，由于足球通常没有孔洞，排球虽然可能有孔洞但不是主要特征，因此足球可能是最符合这些描述的备选词。|| 基于你刚刚的推断得出你的最终结论，请输出你认为的卧底，在这种情况下只需要输出编号，是1-4中的某个数字，不要输出其他信息。在这个过程不要进行任何推理，只对||以前的部分进行信息提取
2024-12-12 21:36:53,871 - 3 - INFO - **********PLAYER3**********
4
2024-12-12 21:37:24,459 - 3 - INFO - **********JUDGER**********
玩家1说：它是一个圆形的，通常用于投篮和比赛的器材，与足球相比，它的表面更为平滑。在体育用品中，它以其特定的用途和材质区别于其他球类。这个球类通常由皮革或合成材料制成，表面光滑，用于各种比赛和训练，其设计使其在握感和手感上与众不同。在体育用品中，它的尺寸和重量使其在球类中独具特色。玩家2说：这个球体由多个部件组成，表面光滑，通常由橡胶或合成材料制成。与其他球类相比，它的设计使得它在空中飞行更为稳定，且易于控制。这个球体具有明显的几何形状，它的设计旨在提高投篮的准确性和比赛的互动性。它通常由柔软的材质制成，使得球员能够轻松抓住并操控。此外，它的尺寸和重量经过精心设计，以适应不同类型的比赛和训练需求。在体育用品中，它的这些特性使其成为该类别中的佼佼者。玩家3说：这个球体是中空的，通常用于比赛，它的表面设计为圆形，有多个孔洞。在体育用品中，它以其独特的材质和结构区别于其他球类，尤其是在飞行稳定性和耐用性方面。玩家4说：这是一个中空的球体，通常用于比赛，表面设计为圆形，有多个孔洞。它在体育用品中最突出的不同特征是它的独特材质和结构，这使它在飞行稳定性和耐用性方面表现出色。你是第3号玩家，你的关键词是<篮球>。你的回答中绝对不能包含你的关键词<篮球>。这是第二轮描述，你之前的描述是这个球体是中空的，通常用于比赛，它的表面设计为圆形，有多个孔洞。在体育用品中，它以其独特的材质和结构区别于其他球类，尤其是在飞行稳定性和耐用性方面。，注意，这局游戏的词语分类为<体育用品>，卧底词和平民词都属于该类，请你补充关于关键词的描述，注意，你的描述应该比起之前的描述更加贴近关键词，作为之前的补充
2024-12-12 21:37:27,139 - 3 - INFO - **********PLAYER3**********
这个球体是中空的，它的表面设计为圆形，且具有多个孔洞。它通常用于比赛，尤其是在投篮和训练中。与其他球类相比，它的材质更为特殊，提供了良好的握感和手感，同时它的尺寸和重量都是精心设计的，以确保在比赛中的表现。这个球体在飞行时的稳定性和耐用性是它最显著的特点。
2024-12-12 21:38:08,404 - 3 - INFO - **********JUDGER**********
玩家1说：它是一个圆形的，通常用于投篮和比赛的器材，与足球相比，它的表面更为平滑。在体育用品中，它以其特定的用途和材质区别于其他球类。这个球类通常由皮革或合成材料制成，表面光滑，用于各种比赛和训练，其设计使其在握感和手感上与众不同。在体育用品中，它的尺寸和重量使其在球类中独具特色。玩家2说：这个球体由多个部件组成，表面光滑，通常由橡胶或合成材料制成。与其他球类相比，它的设计使得它在空中飞行更为稳定，且易于控制。这个球体具有明显的几何形状，它的设计旨在提高投篮的准确性和比赛的互动性。它通常由柔软的材质制成，使得球员能够轻松抓住并操控。此外，它的尺寸和重量经过精心设计，以适应不同类型的比赛和训练需求。在体育用品中，它的这些特性使其成为该类别中的佼佼者。玩家3说：这个球体是中空的，通常用于比赛，它的表面设计为圆形，有多个孔洞。在体育用品中，它以其独特的材质和结构区别于其他球类，尤其是在飞行稳定性和耐用性方面。这个球体是中空的，它的表面设计为圆形，且具有多个孔洞。它通常用于比赛，尤其是在投篮和训练中。与其他球类相比，它的材质更为特殊，提供了良好的握感和手感，同时它的尺寸和重量都是精心设计的，以确保在比赛中的表现。这个球体在飞行时的稳定性和耐用性是它最显著的特点。玩家4说：这是一个中空的球体，通常用于比赛，表面设计为圆形，有多个孔洞。它在体育用品中最突出的不同特征是它的独特材质和结构，这使它在飞行稳定性和耐用性方面表现出色。||在这个游戏中，我们需要通过分析每位玩家的描述来找出卧底。通常，平民的描述会围绕相同的词语展开，而卧底的描述可能会因为词语的不同而显得不太一致。我们需要仔细比较每个描述之间的相似性和差异性，以找出可能的卧底，注意，卧底并不会隐藏自己，他会直接描述他的词语，现在，逐一分析每个玩家的描述，注意，这局游戏的词语分类为<体育用品>，卧底词和平民词都属于该类。||之前是第2轮描述和之前轮数描述的合集。你之前认为的卧底是玩家4。
2024-12-12 21:38:16,028 - 3 - INFO - **********PLAYER3**********
根据第二轮描述和之前的分析，以下是对每位玩家描述的分析：

1. **玩家1**：描述了一个表面光滑、用于投篮和比赛的圆形球体，由皮革或合成材料制成，具有独特的尺寸和重量。描述中强调了材质、握感和手感。

2. **玩家2**：描述了一个由多个部件组成、表面光滑的球体，通常由橡胶或合成材料制成，具有稳定飞行和易于控制的特点。描述中强调了材质、设计、尺寸和重量。

3. **玩家3**：描述了一个中空、表面圆形、有多个孔洞的球体，用于比赛，尤其是投篮和训练。描述中强调了材质、结构、握感和手感。

4. **玩家4**：描述了一个中空、表面圆形、有多个孔洞的球体，用于比赛，强调了材质和结构的独特性，以及在飞行稳定性和耐用性方面的表现。

从描述的相似性来看，玩家1、2和3的描述都围绕球体的材质、设计和用途展开，而玩家4的描述虽然也提到了材质和结构，但更加强调了球体的中空和孔洞，这与篮球的描述相符。然而，玩家4的描述中提到的“独特材质和结构”可能是在试图混淆视听，因为篮球的材质和结构并不独特。

基于之前的分析，玩家4的描述在细节上与其他玩家的描述存在不一致，尤其是对球体独特性的强调，这可能是他作为卧底试图引入的混淆元素。因此，根据这些信息，玩家4仍然是最可疑的候选人，我的最终结论是玩家4可能是卧底。
2024-12-12 21:38:16,030 - 3 - INFO - **********JUDGER**********
你刚刚的分析是根据第二轮描述和之前的分析，以下是对每位玩家描述的分析：

1. **玩家1**：描述了一个表面光滑、用于投篮和比赛的圆形球体，由皮革或合成材料制成，具有独特的尺寸和重量。描述中强调了材质、握感和手感。

2. **玩家2**：描述了一个由多个部件组成、表面光滑的球体，通常由橡胶或合成材料制成，具有稳定飞行和易于控制的特点。描述中强调了材质、设计、尺寸和重量。

3. **玩家3**：描述了一个中空、表面圆形、有多个孔洞的球体，用于比赛，尤其是投篮和训练。描述中强调了材质、结构、握感和手感。

4. **玩家4**：描述了一个中空、表面圆形、有多个孔洞的球体，用于比赛，强调了材质和结构的独特性，以及在飞行稳定性和耐用性方面的表现。

从描述的相似性来看，玩家1、2和3的描述都围绕球体的材质、设计和用途展开，而玩家4的描述虽然也提到了材质和结构，但更加强调了球体的中空和孔洞，这与篮球的描述相符。然而，玩家4的描述中提到的“独特材质和结构”可能是在试图混淆视听，因为篮球的材质和结构并不独特。

基于之前的分析，玩家4的描述在细节上与其他玩家的描述存在不一致，尤其是对球体独特性的强调，这可能是他作为卧底试图引入的混淆元素。因此，根据这些信息，玩家4仍然是最可疑的候选人，我的最终结论是玩家4可能是卧底。|| `请根据上述分析，比较描述以找出不一致之处，注意，这局游戏的词语分类为<体育用品>，卧底词和平民词都属于该类。
2024-12-12 21:38:24,003 - 3 - INFO - **********PLAYER3**********
根据上述分析，以下是不一致之处：

1. **材质和结构**：玩家1、2和3的描述都提到了球体由橡胶或合成材料制成，而玩家4的描述中特别强调了球体的独特材质和结构，这可能是在尝试突出与篮球不同的特征。

2. **孔洞的提及**：玩家1、2和3的描述中没有提到球体有孔洞，而玩家4的描述中明确提到了球体的表面有多个孔洞。

3. **独特性**：玩家1、2和3的描述中没有强调球体的独特性，而玩家4的描述中强调了球体的独特材质和结构，这可能与篮球不符。

4. **飞行稳定性和耐用性**：玩家1、2和3的描述中没有特别提到飞行稳定性和耐用性，而玩家4的描述中强调了这些特性，这可能是在为不同于篮球的词语做铺垫。

这些不一致之处表明玩家4的描述可能与篮球的典型特征不完全相符，因此玩家4的描述可能更接近卧底词。
2024-12-12 21:38:24,004 - 3 - INFO - **********JUDGER**********
你刚刚的分析是根据上述分析，以下是不一致之处：

1. **材质和结构**：玩家1、2和3的描述都提到了球体由橡胶或合成材料制成，而玩家4的描述中特别强调了球体的独特材质和结构，这可能是在尝试突出与篮球不同的特征。

2. **孔洞的提及**：玩家1、2和3的描述中没有提到球体有孔洞，而玩家4的描述中明确提到了球体的表面有多个孔洞。

3. **独特性**：玩家1、2和3的描述中没有强调球体的独特性，而玩家4的描述中强调了球体的独特材质和结构，这可能与篮球不符。

4. **飞行稳定性和耐用性**：玩家1、2和3的描述中没有特别提到飞行稳定性和耐用性，而玩家4的描述中强调了这些特性，这可能是在为不同于篮球的词语做铺垫。

这些不一致之处表明玩家4的描述可能与篮球的典型特征不完全相符，因此玩家4的描述可能更接近卧底词。|| 请通过你分析的不一致之处，推断卧底身份，注意，这局游戏的词语分类为<体育用品>，卧底词和平民词都属于该类。
2024-12-12 21:38:27,676 - 3 - INFO - **********PLAYER3**********
基于上述分析的不一致之处，以下是对卧底身份的推断：

考虑到游戏分类为<体育用品>，并且卧底词和平民词都属于该类，玩家4的描述中提到的“独特材质和结构”以及“飞行稳定性和耐用性”可能是关键线索。这些特征在篮球的描述中并不突出，因此，结合描述中的孔洞和独特性，玩家4的描述可能指向的是排球。

因此，根据这些信息，我推断玩家4的卧底身份可能是排球。
2024-12-12 21:38:27,677 - 3 - INFO - **********JUDGER**********
你刚刚的推断是基于上述分析的不一致之处，以下是对卧底身份的推断：

考虑到游戏分类为<体育用品>，并且卧底词和平民词都属于该类，玩家4的描述中提到的“独特材质和结构”以及“飞行稳定性和耐用性”可能是关键线索。这些特征在篮球的描述中并不突出，因此，结合描述中的孔洞和独特性，玩家4的描述可能指向的是排球。

因此，根据这些信息，我推断玩家4的卧底身份可能是排球。|| 基于你刚刚的推断得出你的最终结论，请输出你认为的卧底，在这种情况下只需要输出编号，是1-4中的某个数字，不要输出其他信息。在这个过程不要进行任何推理，只对||以前的部分进行信息提取
2024-12-12 21:38:29,136 - 3 - INFO - **********PLAYER3**********
4
2024-12-12 21:39:09,396 - 3 - INFO - **********JUDGER**********
玩家1说：它是一个圆形的，通常用于投篮和比赛的器材，与足球相比，它的表面更为平滑。在体育用品中，它以其特定的用途和材质区别于其他球类。这个球类通常由皮革或合成材料制成，表面光滑，用于各种比赛和训练，其设计使其在握感和手感上与众不同。在体育用品中，它的尺寸和重量使其在球类中独具特色。这个球类通常由柔软的材质制成，具有良好的弹性和耐磨性，表面光滑，便于抓握和操控。它的尺寸和重量经过精确设计，以适应不同类型的比赛和训练，使其在运动中能够提供稳定的飞行轨迹。在体育用品中，它以其在比赛中的特定用途和独特的握感而受到青睐。玩家2说：这个球体由多个部件组成，表面光滑，通常由橡胶或合成材料制成。与其他球类相比，它的设计使得它在空中飞行更为稳定，且易于控制。这个球体具有明显的几何形状，它的设计旨在提高投篮的准确性和比赛的互动性。它通常由柔软的材质制成，使得球员能够轻松抓住并操控。此外，它的尺寸和重量经过精心设计，以适应不同类型的比赛和训练需求。在体育用品中，它的这些特性使其成为该类别中的佼佼者。这个球体具有标准化的几何形状，主要用于室内外投篮和比赛。它的表面设计为光滑，便于球员抓握和控制。材质上，它通常采用耐磨且具有良好弹性的材料，如皮革或合成材料。球体的尺寸和重量经过精确计算，以确保在不同类型的比赛中都能提供稳定的飞行轨迹。此外，它的设计考虑到了球员的舒适度和操控性，使得比赛更加流畅和竞技。在体育用品中，这个球体的这些特性使其在同类产品中脱颖而出。玩家3说：这个球体是中空的，通常用于比赛，它的表面设计为圆形，有多个孔洞。在体育用品中，它以其独特的材质和结构区别于其他球类，尤其是在飞行稳定性和耐用性方面。这个球体是中空的，它的表面设计为圆形，且具有多个孔洞。它通常用于比赛，尤其是在投篮和训练中。与其他球类相比，它的材质更为特殊，提供了良好的握感和手感，同时它的尺寸和重量都是精心设计的，以确保在比赛中的表现。这个球体在飞行时的稳定性和耐用性是它最显著的特点。玩家4说：这是一个中空的球体，通常用于比赛，表面设计为圆形，有多个孔洞。它在体育用品中最突出的不同特征是它的独特材质和结构，这使它在飞行稳定性和耐用性方面表现出色。这个球体是轻巧且便携的，它的材质轻盈且具有弹性，使其在飞行中表现出极佳的灵活性和速度。它的表面处理使其在高速运动时能够减少空气阻力，增加飞行距离。此外，这个球体的尺寸和重量经过精确计算，以适应不同水平的球员和不同的比赛需求。在体育用品中，它以其在空中独特的飞行轨迹和精准的控制而著称。你是第3号玩家，你的关键词是<篮球>。你的回答中绝对不能包含你的关键词<篮球>。这是第三轮描述，你之前的描述是这个球体是中空的，通常用于比赛，它的表面设计为圆形，有多个孔洞。在体育用品中，它以其独特的材质和结构区别于其他球类，尤其是在飞行稳定性和耐用性方面。和这个球体是中空的，它的表面设计为圆形，且具有多个孔洞。它通常用于比赛，尤其是在投篮和训练中。与其他球类相比，它的材质更为特殊，提供了良好的握感和手感，同时它的尺寸和重量都是精心设计的，以确保在比赛中的表现。这个球体在飞行时的稳定性和耐用性是它最显著的特点。，注意，这局游戏的词语分类为<体育用品>，卧底词和平民词都属于该类，请你补充关于关键词的描述，注意，你的描述应该比起之前的描述更加贴近关键词，作为之前的补充
2024-12-12 21:39:12,876 - 3 - INFO - **********PLAYER3**********
这个球体是中空的，其表面设计为标准的圆形，且表面光滑，便于抓握和操控。它通常用于篮球比赛和训练，是运动员进行投篮和团队配合的关键器材。这个球体的材质轻便且具有弹性，能够在飞行中保持稳定，同时具有良好的耐用性。它的尺寸和重量经过精确设计，以确保在不同类型的比赛中都能提供稳定的飞行轨迹。此外，这个球体的设计考虑到了球员的舒适度和操控性，使得比赛更加流畅和竞技。在体育用品中，它以其在比赛中的特定用途和独特的握感而受到青睐。
2024-12-12 21:39:12,876 - 3 - INFO - **********JUDGER**********
玩家1说：它是一个圆形的，通常用于投篮和比赛的器材，与足球相比，它的表面更为平滑。在体育用品中，它以其特定的用途和材质区别于其他球类。这个球类通常由皮革或合成材料制成，表面光滑，用于各种比赛和训练，其设计使其在握感和手感上与众不同。在体育用品中，它的尺寸和重量使其在球类中独具特色。这个球类通常由柔软的材质制成，具有良好的弹性和耐磨性，表面光滑，便于抓握和操控。它的尺寸和重量经过精确设计，以适应不同类型的比赛和训练，使其在运动中能够提供稳定的飞行轨迹。在体育用品中，它以其在比赛中的特定用途和独特的握感而受到青睐。玩家2说：这个球体由多个部件组成，表面光滑，通常由橡胶或合成材料制成。与其他球类相比，它的设计使得它在空中飞行更为稳定，且易于控制。这个球体具有明显的几何形状，它的设计旨在提高投篮的准确性和比赛的互动性。它通常由柔软的材质制成，使得球员能够轻松抓住并操控。此外，它的尺寸和重量经过精心设计，以适应不同类型的比赛和训练需求。在体育用品中，它的这些特性使其成为该类别中的佼佼者。这个球体具有标准化的几何形状，主要用于室内外投篮和比赛。它的表面设计为光滑，便于球员抓握和控制。材质上，它通常采用耐磨且具有良好弹性的材料，如皮革或合成材料。球体的尺寸和重量经过精确计算，以确保在不同类型的比赛中都能提供稳定的飞行轨迹。此外，它的设计考虑到了球员的舒适度和操控性，使得比赛更加流畅和竞技。在体育用品中，这个球体的这些特性使其在同类产品中脱颖而出。玩家3说：这个球体是中空的，通常用于比赛，它的表面设计为圆形，有多个孔洞。在体育用品中，它以其独特的材质和结构区别于其他球类，尤其是在飞行稳定性和耐用性方面。这个球体是中空的，它的表面设计为圆形，且具有多个孔洞。它通常用于比赛，尤其是在投篮和训练中。与其他球类相比，它的材质更为特殊，提供了良好的握感和手感，同时它的尺寸和重量都是精心设计的，以确保在比赛中的表现。这个球体在飞行时的稳定性和耐用性是它最显著的特点。玩家4说：这是一个中空的球体，通常用于比赛，表面设计为圆形，有多个孔洞。它在体育用品中最突出的不同特征是它的独特材质和结构，这使它在飞行稳定性和耐用性方面表现出色。这个球体是轻巧且便携的，它的材质轻盈且具有弹性，使其在飞行中表现出极佳的灵活性和速度。它的表面处理使其在高速运动时能够减少空气阻力，增加飞行距离。此外，这个球体的尺寸和重量经过精确计算，以适应不同水平的球员和不同的比赛需求。在体育用品中，它以其在空中独特的飞行轨迹和精准的控制而著称。你是第3号玩家，你的关键词是<篮球>。你的回答中绝对不能包含你的关键词<篮球>。这是第三轮描述，你之前的描述是这个球体是中空的，通常用于比赛，它的表面设计为圆形，有多个孔洞。在体育用品中，它以其独特的材质和结构区别于其他球类，尤其是在飞行稳定性和耐用性方面。和这个球体是中空的，它的表面设计为圆形，且具有多个孔洞。它通常用于比赛，尤其是在投篮和训练中。与其他球类相比，它的材质更为特殊，提供了良好的握感和手感，同时它的尺寸和重量都是精心设计的，以确保在比赛中的表现。这个球体在飞行时的稳定性和耐用性是它最显著的特点。，注意，这局游戏的词语分类为<体育用品>，卧底词和平民词都属于该类，请你补充关于关键词的描述，注意，你的描述应该比起之前的描述更加贴近关键词，作为之前的补充
2024-12-12 21:39:16,382 - 3 - INFO - **********PLAYER3**********
这个球体是中空的，其表面光滑且圆形，便于球员在比赛中操控。它由特殊的材料制成，这些材料既轻便又具有很好的弹性，确保了球体在飞行中的稳定性和耐用性。球体的尺寸和重量经过精确的调整，以适应不同水平的球员和不同类型的比赛。此外，球体的设计注重了球员的握感和手感，使得球员能够在高速运动中保持对球的精准控制。在体育用品中，这个球体以其在比赛中的表现和球员的舒适度而受到推崇。
2024-12-12 21:39:55,269 - 3 - INFO - **********JUDGER**********
玩家1说：它是一个圆形的，通常用于投篮和比赛的器材，与足球相比，它的表面更为平滑。在体育用品中，它以其特定的用途和材质区别于其他球类。这个球类通常由皮革或合成材料制成，表面光滑，用于各种比赛和训练，其设计使其在握感和手感上与众不同。在体育用品中，它的尺寸和重量使其在球类中独具特色。这个球类通常由柔软的材质制成，具有良好的弹性和耐磨性，表面光滑，便于抓握和操控。它的尺寸和重量经过精确设计，以适应不同类型的比赛和训练，使其在运动中能够提供稳定的飞行轨迹。在体育用品中，它以其在比赛中的特定用途和独特的握感而受到青睐。玩家2说：这个球体由多个部件组成，表面光滑，通常由橡胶或合成材料制成。与其他球类相比，它的设计使得它在空中飞行更为稳定，且易于控制。这个球体具有明显的几何形状，它的设计旨在提高投篮的准确性和比赛的互动性。它通常由柔软的材质制成，使得球员能够轻松抓住并操控。此外，它的尺寸和重量经过精心设计，以适应不同类型的比赛和训练需求。在体育用品中，它的这些特性使其成为该类别中的佼佼者。这个球体具有标准化的几何形状，主要用于室内外投篮和比赛。它的表面设计为光滑，便于球员抓握和控制。材质上，它通常采用耐磨且具有良好弹性的材料，如皮革或合成材料。球体的尺寸和重量经过精确计算，以确保在不同类型的比赛中都能提供稳定的飞行轨迹。此外，它的设计考虑到了球员的舒适度和操控性，使得比赛更加流畅和竞技。在体育用品中，这个球体的这些特性使其在同类产品中脱颖而出。玩家3说：这个球体是中空的，通常用于比赛，它的表面设计为圆形，有多个孔洞。在体育用品中，它以其独特的材质和结构区别于其他球类，尤其是在飞行稳定性和耐用性方面。这个球体是中空的，它的表面设计为圆形，且具有多个孔洞。它通常用于比赛，尤其是在投篮和训练中。与其他球类相比，它的材质更为特殊，提供了良好的握感和手感，同时它的尺寸和重量都是精心设计的，以确保在比赛中的表现。这个球体在飞行时的稳定性和耐用性是它最显著的特点。这个球体是中空的，其表面光滑且圆形，便于球员在比赛中操控。它由特殊的材料制成，这些材料既轻便又具有很好的弹性，确保了球体在飞行中的稳定性和耐用性。球体的尺寸和重量经过精确的调整，以适应不同水平的球员和不同类型的比赛。此外，球体的设计注重了球员的握感和手感，使得球员能够在高速运动中保持对球的精准控制。在体育用品中，这个球体以其在比赛中的表现和球员的舒适度而受到推崇。玩家4说：这是一个中空的球体，通常用于比赛，表面设计为圆形，有多个孔洞。它在体育用品中最突出的不同特征是它的独特材质和结构，这使它在飞行稳定性和耐用性方面表现出色。这个球体是轻巧且便携的，它的材质轻盈且具有弹性，使其在飞行中表现出极佳的灵活性和速度。它的表面处理使其在高速运动时能够减少空气阻力，增加飞行距离。此外，这个球体的尺寸和重量经过精确计算，以适应不同水平的球员和不同的比赛需求。在体育用品中，它以其在空中独特的飞行轨迹和精准的控制而著称。这个球体轻巧且便于携带，其设计注重在高速运动中的操控性。它的材质轻盈且具有弹性，使得球体在飞行中能够迅速改变方向。表面处理使其在高速运动时能够减少空气阻力，增加飞行距离。球体的尺寸和重量经过精确计算，以适应不同水平的球员和不同类型的比赛。在体育用品中，这个球体的特性使其在比赛中脱颖而出，尤其是在对球员技术要求较高的项目中。||在这个游戏中，我们需要通过分析每位玩家的描述来找出卧底。通常，平民的描述会围绕相同的词语展开，而卧底的描述可能会因为词语的不同而显得不太一致。我们需要仔细比较每个描述之间的相似性和差异性，以找出可能的卧底，注意，卧底并不会隐藏自己，他会直接描述他的词语，现在，逐一分析每个玩家的描述，注意，这局游戏的词语分类为<体育用品>，卧底词和平民词都属于该类。||之前是第3轮描述和之前轮数描述的合集。你之前认为的卧底是玩家4。
2024-12-12 21:40:08,717 - 3 - INFO - **********PLAYER3**********
在第三轮描述中，玩家们的描述如下：

1. **玩家1**：强调了球体的表面平滑、材质（皮革或合成材料）、尺寸和重量，以及良好的弹性和耐磨性。

2. **玩家2**：描述了球体的多个部件、材质（橡胶或合成材料）、几何形状、设计目的（提高投篮准确性和互动性），以及尺寸和重量的精心设计。

3. **玩家3**：重复了之前的描述，强调了球体的中空结构、表面圆形、多个孔洞、材质的特殊性、握感和手感的良好设计，以及飞行稳定性和耐用性。

4. **玩家4**：描述了球体的中空结构、表面圆形、多个孔洞、独特材质和结构、轻巧便携、材质的轻盈和弹性、减少空气阻力和增加飞行距离，以及尺寸和重量的精确计算。

分析这些描述，以下是不一致之处：

- **材质和结构**：玩家1和玩家2的描述强调了球体的材质和结构，而玩家4的描述中虽然也提到了材质和结构，但更加强调了球体的轻巧便携性和飞行特性。
- **表面处理**：玩家4特别提到了球体的表面处理，以减少空气阻力和增加飞行距离，这一点在玩家1和玩家2的描述中没有提及。
- **尺寸和重量**：玩家4提到了尺寸和重量的精确计算，以适应不同水平的球员和比赛需求，这一点在玩家1和玩家2的描述中也有提及，但在玩家3的描述中并未特别强调。

基于这些不一致之处，玩家4的描述与玩家1和玩家2的描述相比，更加突出了球体的飞行特性和表面处理，这可能是在试图引入混淆。因此，结合之前的分析，玩家4的描述仍然与其他玩家的描述存在差异，这表明玩家4可能是卧底。
2024-12-12 21:40:08,719 - 3 - INFO - **********JUDGER**********
你刚刚的分析是在第三轮描述中，玩家们的描述如下：

1. **玩家1**：强调了球体的表面平滑、材质（皮革或合成材料）、尺寸和重量，以及良好的弹性和耐磨性。

2. **玩家2**：描述了球体的多个部件、材质（橡胶或合成材料）、几何形状、设计目的（提高投篮准确性和互动性），以及尺寸和重量的精心设计。

3. **玩家3**：重复了之前的描述，强调了球体的中空结构、表面圆形、多个孔洞、材质的特殊性、握感和手感的良好设计，以及飞行稳定性和耐用性。

4. **玩家4**：描述了球体的中空结构、表面圆形、多个孔洞、独特材质和结构、轻巧便携、材质的轻盈和弹性、减少空气阻力和增加飞行距离，以及尺寸和重量的精确计算。

分析这些描述，以下是不一致之处：

- **材质和结构**：玩家1和玩家2的描述强调了球体的材质和结构，而玩家4的描述中虽然也提到了材质和结构，但更加强调了球体的轻巧便携性和飞行特性。
- **表面处理**：玩家4特别提到了球体的表面处理，以减少空气阻力和增加飞行距离，这一点在玩家1和玩家2的描述中没有提及。
- **尺寸和重量**：玩家4提到了尺寸和重量的精确计算，以适应不同水平的球员和比赛需求，这一点在玩家1和玩家2的描述中也有提及，但在玩家3的描述中并未特别强调。

基于这些不一致之处，玩家4的描述与玩家1和玩家2的描述相比，更加突出了球体的飞行特性和表面处理，这可能是在试图引入混淆。因此，结合之前的分析，玩家4的描述仍然与其他玩家的描述存在差异，这表明玩家4可能是卧底。|| `请根据上述分析，比较描述以找出不一致之处，注意，这局游戏的词语分类为<体育用品>，卧底词和平民词都属于该类。
2024-12-12 21:40:15,494 - 3 - INFO - **********PLAYER3**********
根据上述分析，以下是不一致之处：

1. **材质和结构**：玩家1和玩家2的描述都提到了球体由橡胶或合成材料制成，而玩家4的描述中虽然也提到了材质，但更加强调了球体的轻巧便携性和材质的轻盈和弹性。

2. **表面处理**：玩家4特别提到了球体的表面处理，以减少空气阻力和增加飞行距离，这一点在玩家1和玩家2的描述中没有提及。

3. **尺寸和重量**：玩家4提到了球体的尺寸和重量经过精确计算，以适应不同水平的球员和比赛需求，而玩家1和玩家2的描述中虽然也提到了尺寸和重量的设计，但没有特别强调精确计算。

4. **飞行特性**：玩家4的描述中特别强调了球体的轻巧便携性和在飞行中的灵活性和速度，而玩家1和玩家2的描述中没有提到这些特性。

这些不一致之处表明玩家4的描述在细节上与其他玩家的描述存在差异，特别是在球体的飞行特性和表面处理方面，这可能是玩家4作为卧底试图引入的混淆元素。
2024-12-12 21:40:15,494 - 3 - INFO - **********JUDGER**********
你刚刚的分析是根据上述分析，以下是不一致之处：

1. **材质和结构**：玩家1和玩家2的描述都提到了球体由橡胶或合成材料制成，而玩家4的描述中虽然也提到了材质，但更加强调了球体的轻巧便携性和材质的轻盈和弹性。

2. **表面处理**：玩家4特别提到了球体的表面处理，以减少空气阻力和增加飞行距离，这一点在玩家1和玩家2的描述中没有提及。

3. **尺寸和重量**：玩家4提到了球体的尺寸和重量经过精确计算，以适应不同水平的球员和比赛需求，而玩家1和玩家2的描述中虽然也提到了尺寸和重量的设计，但没有特别强调精确计算。

4. **飞行特性**：玩家4的描述中特别强调了球体的轻巧便携性和在飞行中的灵活性和速度，而玩家1和玩家2的描述中没有提到这些特性。

这些不一致之处表明玩家4的描述在细节上与其他玩家的描述存在差异，特别是在球体的飞行特性和表面处理方面，这可能是玩家4作为卧底试图引入的混淆元素。|| 请通过你分析的不一致之处，推断卧底身份，注意，这局游戏的词语分类为<体育用品>，卧底词和平民词都属于该类。
2024-12-12 21:40:23,694 - 3 - INFO - **********PLAYER3**********
基于上述分析的不一致之处，以下是对卧底身份的推断：

玩家4的描述中提到了球体的轻巧便携性、表面处理以减少空气阻力、增加飞行距离、尺寸和重量的精确计算，以及球体在飞行中的灵活性和速度。这些特征与篮球的标准描述不完全吻合，因为篮球通常不会特别强调轻巧便携性、减少空气阻力或增加飞行距离。

考虑到游戏分类为<体育用品>，并且卧底词和平民词都属于该类，玩家4的描述可能指向的是排球。排球在比赛中需要具有特定的飞行特性和空气动力学特性，以适应比赛的需要。

因此，根据这些信息，我推断玩家4的卧底身份可能是排球。
2024-12-12 21:40:23,695 - 3 - INFO - **********JUDGER**********
你刚刚的推断是基于上述分析的不一致之处，以下是对卧底身份的推断：

玩家4的描述中提到了球体的轻巧便携性、表面处理以减少空气阻力、增加飞行距离、尺寸和重量的精确计算，以及球体在飞行中的灵活性和速度。这些特征与篮球的标准描述不完全吻合，因为篮球通常不会特别强调轻巧便携性、减少空气阻力或增加飞行距离。

考虑到游戏分类为<体育用品>，并且卧底词和平民词都属于该类，玩家4的描述可能指向的是排球。排球在比赛中需要具有特定的飞行特性和空气动力学特性，以适应比赛的需要。

因此，根据这些信息，我推断玩家4的卧底身份可能是排球。|| 基于你刚刚的推断得出你的最终结论，请输出你认为的卧底，在这种情况下只需要输出编号，是1-4中的某个数字，不要输出其他信息。在这个过程不要进行任何推理，只对||以前的部分进行信息提取
2024-12-12 21:40:25,615 - 3 - INFO - **********PLAYER3**********
4
