2024-12-13 13:37:54,361 - 2 - INFO - **********JUDGER**********
让我们来玩一个叫做<谁是卧底>的推理游戏。基本规则：<人数>：4人。<角色分配>：每位玩家随机抽取一个词语，3名玩家拿到的词语是相同的（平民词），1名玩家拿到与之相近但不同的词语（卧底词）。<游戏流程>：1、玩家轮流描述自己的词语，但<不能>直接说出词语本身。2、描述完毕后，投票选出最像卧底的玩家。3、每轮结束后，被投票选出的玩家出局，不能再进行描述或投票。4、每轮投票结束后，如果卧底被成功找出，平民方获胜；如果卧底未被找出且卧底人数等于或超过平民人数，则卧底方获胜。你将扮演一个<玩家>，请等待你被分配到的关键词。如果你听懂了，只回答，"好的，我准备好参加游戏了"，不要输出别的信息
2024-12-13 13:37:54,800 - 2 - INFO - **********PLAYER2**********
好的，我准备好参加游戏了
2024-12-13 13:38:00,393 - 2 - INFO - **********JUDGER**********
玩家1说：这是一个用于长途旅行的交通工具，它的主要特征是有多个车厢，可以容纳大量乘客。在<交通工具>类别中，它最突出的不同特征是通常有固定的路线和时间表，以及较长的行程时间。玩家2说：玩家3说：玩家4说：|| 你是第2号玩家，你的关键词是<火车>。你的回答中绝对不能包含你的关键词<火车>。这是第一轮描述，不需要分析||之前别的玩家的描述，请你描述关键词基本特征，注意，这局游戏的词语分类为<交通工具>，卧底词和平民词都属于该类，描述包括以下两点，1.他的基本特征是什么2.他在该类（交通工具）中最突出不同的特征是什么，尽量简短
2024-12-13 13:38:01,767 - 2 - INFO - **********PLAYER2**********
这是一种载人行驶于轨道上的车辆，它的基本特征是依靠轮轴在铁轨上行驶。在该类别中，它最突出的不同特征是它通常具有固定的路线和时间表，以及较长的行程时间。
2024-12-13 13:38:24,753 - 2 - INFO - **********JUDGER**********
玩家1说：这是一个用于长途旅行的交通工具，它的主要特征是有多个车厢，可以容纳大量乘客。在<交通工具>类别中，它最突出的不同特征是通常有固定的路线和时间表，以及较长的行程时间。玩家2说：这是一种载人行驶于轨道上的车辆，它的基本特征是依靠轮轴在铁轨上行驶。在该类别中，它最突出的不同特征是它通常具有固定的路线和时间表，以及较长的行程时间。玩家3说：它是一种主要用于城市公共交通的车辆，基本特征是可以在道路上行驶，并设有座位供乘客乘坐。在该类别中，它最突出的不同特征是它通常遵循固定的路线和时间表，并且具有频繁的发车频率。玩家4说：||在这个游戏中，我们需要通过分析每位玩家的描述来找出卧底。通常，平民的描述会围绕相同的词语展开，而卧底的描述可能会因为词语的不同而显得不太一致。我们需要仔细比较每个描述之间的相似性和差异性，以找出可能的卧底，注意，卧底并不会隐藏自己，他会直接描述他的词语，现在，逐一分析每个玩家的描述，注意，这局游戏的词语分类为<交通工具>，卧底词和平民词都属于该类。这是第一轮描述。
2024-12-13 13:38:27,474 - 2 - INFO - **********PLAYER2**********
我知道其他玩家都在描述火车，而我的关键词是与之相近但不同的词语。我会尽量避免直接提及火车，同时描述一个有固定路线和时间表的交通工具，但不是火车。我会这样描述：

这是一种用于长途旅行的交通工具，它的基本特征是拥有多个车厢，能够搭载大量乘客。在该类别中，它最突出的不同特征是它通常在特定的轨道上运行，并遵循固定的路线和时间表，但与火车相比，它可能没有那么长的行程时间。
2024-12-13 13:38:27,475 - 2 - INFO - **********JUDGER**********
你刚刚的分析是我知道其他玩家都在描述火车，而我的关键词是与之相近但不同的词语。我会尽量避免直接提及火车，同时描述一个有固定路线和时间表的交通工具，但不是火车。我会这样描述：

这是一种用于长途旅行的交通工具，它的基本特征是拥有多个车厢，能够搭载大量乘客。在该类别中，它最突出的不同特征是它通常在特定的轨道上运行，并遵循固定的路线和时间表，但与火车相比，它可能没有那么长的行程时间。|| `请根据上述分析，比较描述以找出不一致之处，注意，这局游戏的词语分类为<交通工具>，卧底词和平民词都属于该类。
2024-12-13 13:38:32,222 - 2 - INFO - **********PLAYER2**********
根据上述分析，我们可以比较每个玩家的描述来找出不一致之处：

1. 玩家1的描述强调了“多个车厢，可以容纳大量乘客”，以及“固定的路线和时间表，以及较长的行程时间”，这与火车的特征相符。

2. 玩家2的描述与玩家1基本一致，也提到了“载人行驶于轨道上的车辆”，“固定的路线和时间表”，以及“较长的行程时间”，这同样指向火车。

3. 玩家3的描述提到了“主要用于城市公共交通”，“可以在道路上行驶”，以及“遵循固定的路线和时间表”，这与火车不同，因为它提到了在道路上行驶，而火车是轨道上的交通工具。

4. 玩家4的描述是分析性的，而不是描述性的，他没有提供具体的交通工具特征，而是讨论了游戏规则和描述分析的方法。

从这些描述中，我们可以看出玩家3的描述与火车的主要特征不符，因为它提到了在道路上行驶，而火车是轨道上的交通工具。这可能是玩家3作为卧底的不同之处。而玩家4的描述则是分析性的，不直接提供交通工具的特征，这也是一个可能的线索。因此，不一致之处可能在于玩家3和玩家4的描述。
2024-12-13 13:38:32,224 - 2 - INFO - **********JUDGER**********
你刚刚的分析是根据上述分析，我们可以比较每个玩家的描述来找出不一致之处：

1. 玩家1的描述强调了“多个车厢，可以容纳大量乘客”，以及“固定的路线和时间表，以及较长的行程时间”，这与火车的特征相符。

2. 玩家2的描述与玩家1基本一致，也提到了“载人行驶于轨道上的车辆”，“固定的路线和时间表”，以及“较长的行程时间”，这同样指向火车。

3. 玩家3的描述提到了“主要用于城市公共交通”，“可以在道路上行驶”，以及“遵循固定的路线和时间表”，这与火车不同，因为它提到了在道路上行驶，而火车是轨道上的交通工具。

4. 玩家4的描述是分析性的，而不是描述性的，他没有提供具体的交通工具特征，而是讨论了游戏规则和描述分析的方法。

从这些描述中，我们可以看出玩家3的描述与火车的主要特征不符，因为它提到了在道路上行驶，而火车是轨道上的交通工具。这可能是玩家3作为卧底的不同之处。而玩家4的描述则是分析性的，不直接提供交通工具的特征，这也是一个可能的线索。因此，不一致之处可能在于玩家3和玩家4的描述。|| 请通过你分析的不一致之处，推断卧底身份，注意，这局游戏的词语分类为<交通工具>，卧底词和平民词都属于该类。
2024-12-13 13:38:39,792 - 2 - INFO - **********PLAYER2**********
根据分析，我们可以推断以下信息：

- 玩家1、玩家2和玩家4的描述都指向了火车，这是在<交通工具>类别中具有固定路线和时间表的典型特征。
- 玩家3的描述提到了“主要用于城市公共交通”，“可以在道路上行驶”，这与火车在轨道上行驶的特征不符。这暗示玩家3可能描述的是另一种交通工具，如公交车或地铁。

在<交通工具>类别中，公交车和地铁通常也被认为是具有固定路线和时间表的，但它们与火车的不同之处在于它们通常在道路上行驶，而不是轨道上。因此，玩家3的描述与火车相比存在显著的不一致，这增加了他可能是卧底的可能性。

玩家4的描述是分析性的，没有提供具体的交通工具特征，这本身并不足以确定他的身份，但他的描述没有指向任何具体的交通工具，因此也不能直接作为判断的依据。

综上所述，基于描述的不一致性和对<交通工具>类别中特征的考虑，玩家3可能是卧底。
2024-12-13 13:38:39,794 - 2 - INFO - **********JUDGER**********
你刚刚的推断是根据分析，我们可以推断以下信息：

- 玩家1、玩家2和玩家4的描述都指向了火车，这是在<交通工具>类别中具有固定路线和时间表的典型特征。
- 玩家3的描述提到了“主要用于城市公共交通”，“可以在道路上行驶”，这与火车在轨道上行驶的特征不符。这暗示玩家3可能描述的是另一种交通工具，如公交车或地铁。

在<交通工具>类别中，公交车和地铁通常也被认为是具有固定路线和时间表的，但它们与火车的不同之处在于它们通常在道路上行驶，而不是轨道上。因此，玩家3的描述与火车相比存在显著的不一致，这增加了他可能是卧底的可能性。

玩家4的描述是分析性的，没有提供具体的交通工具特征，这本身并不足以确定他的身份，但他的描述没有指向任何具体的交通工具，因此也不能直接作为判断的依据。

综上所述，基于描述的不一致性和对<交通工具>类别中特征的考虑，玩家3可能是卧底。|| 基于你刚刚的推断得出你的最终结论，请输出你认为的卧底，在这种情况下只需要输出编号，是1-4中的某个数字，不要输出其他信息。在这个过程不要进行任何推理，只对||以前的部分进行信息提取
2024-12-13 13:38:40,437 - 2 - INFO - **********PLAYER2**********
3
2024-12-13 13:39:18,799 - 2 - INFO - **********JUDGER**********
玩家1说：这是一个用于长途旅行的交通工具，它的主要特征是有多个车厢，可以容纳大量乘客。在<交通工具>类别中，它最突出的不同特征是通常有固定的路线和时间表，以及较长的行程时间。它是一种适用于长距离运输的车辆，拥有多个车厢，能够搭载众多乘客。在<交通工具>类别中，它以其在特定路线上的运行和固定的发车时间而著称。玩家2说：这是一种载人行驶于轨道上的车辆，它的基本特征是依靠轮轴在铁轨上行驶。在该类别中，它最突出的不同特征是它通常具有固定的路线和时间表，以及较长的行程时间。玩家3说：它是一种主要用于城市公共交通的车辆，基本特征是可以在道路上行驶，并设有座位供乘客乘坐。在该类别中，它最突出的不同特征是它通常遵循固定的路线和时间表，并且具有频繁的发车频率。玩家4说：它的基本特征是依靠内燃机或电动机驱动，能够在道路上行驶。在该类（交通工具）中最突出不同的特征是它的灵活性，可以在没有固定轨道的线路上行驶，且不受固定路线和时间的限制。你是第2号玩家，你的关键词是<火车>。你的回答中绝对不能包含你的关键词<火车>。这是第二轮描述，你之前的描述是这是一种载人行驶于轨道上的车辆，它的基本特征是依靠轮轴在铁轨上行驶。在该类别中，它最突出的不同特征是它通常具有固定的路线和时间表，以及较长的行程时间。，注意，这局游戏的词语分类为<交通工具>，卧底词和平民词都属于该类，请你补充关于关键词的描述，注意，你的描述应该比起之前的描述更加贴近关键词，作为之前的补充
2024-12-13 13:39:21,351 - 2 - INFO - **********PLAYER2**********
这是一种大型陆地交通工具，主要用于长距离旅行。它的特点是拥有多个车厢，能够搭载大量乘客。在<交通工具>类别中，它以其在特定轨道上的运行和固定的发车时间而著称，通常用于长途运输，行程时间较长。
2024-12-13 13:39:35,473 - 2 - INFO - **********JUDGER**********
玩家1说：这是一个用于长途旅行的交通工具，它的主要特征是有多个车厢，可以容纳大量乘客。在<交通工具>类别中，它最突出的不同特征是通常有固定的路线和时间表，以及较长的行程时间。它是一种适用于长距离运输的车辆，拥有多个车厢，能够搭载众多乘客。在<交通工具>类别中，它以其在特定路线上的运行和固定的发车时间而著称。玩家2说：这是一种载人行驶于轨道上的车辆，它的基本特征是依靠轮轴在铁轨上行驶。在该类别中，它最突出的不同特征是它通常具有固定的路线和时间表，以及较长的行程时间。这是一种大型陆地交通工具，主要用于长距离旅行。它的特点是拥有多个车厢，能够搭载大量乘客。在<交通工具>类别中，它以其在特定轨道上的运行和固定的发车时间而著称，通常用于长途运输，行程时间较长。玩家3说：它是一种主要用于城市公共交通的车辆，基本特征是可以在道路上行驶，并设有座位供乘客乘坐。在该类别中，它最突出的不同特征是它通常遵循固定的路线和时间表，并且具有频繁的发车频率。它是一种大型、多车厢的交通工具，主要用于连接城市间的长距离旅行。与城市公共交通车辆相比，它的路线通常更加固定，发车时间也更为规律，但相比其他长距离交通工具，它的发车频率则较为频繁。它的设计旨在高效地运输大量乘客，且行程时间相对较短，适合快速穿越城市和地区。玩家4说：它的基本特征是依靠内燃机或电动机驱动，能够在道路上行驶。在该类（交通工具）中最突出不同的特征是它的灵活性，可以在没有固定轨道的线路上行驶，且不受固定路线和时间的限制。||在这个游戏中，我们需要通过分析每位玩家的描述来找出卧底。通常，平民的描述会围绕相同的词语展开，而卧底的描述可能会因为词语的不同而显得不太一致。我们需要仔细比较每个描述之间的相似性和差异性，以找出可能的卧底，注意，卧底并不会隐藏自己，他会直接描述他的词语，现在，逐一分析每个玩家的描述，注意，这局游戏的词语分类为<交通工具>，卧底词和平民词都属于该类。||之前是第2轮描述和之前轮数描述的合集。你之前认为的卧底是玩家3。
2024-12-13 13:39:44,235 - 2 - INFO - **********PLAYER2**********
根据提供的描述，玩家3的描述与城市公共交通车辆的特征相符，尤其是提到“可以在道路上行驶”，“频繁的发车频率”，以及“行程时间相对较短”，这些特征与火车的典型特征不符。同时，玩家1、玩家2和我的描述都强调了火车在轨道上行驶、固定路线和时间表、以及较长的行程时间。

玩家4的描述提到了“依靠内燃机或电动机驱动，能够在道路上行驶”，以及“灵活性，可以在没有固定轨道的线路上行驶，且不受固定路线和时间的限制”，这与火车的固定轨道和固定时间表相矛盾，更像是描述汽车或卡车。

因此，基于这些信息，玩家4的描述与火车的特征不太一致，这增加了他可能是卧底的可能性。如果之前认为玩家3是卧底，那么现在可以考虑玩家4作为新的候选卧底。
2024-12-13 13:39:44,237 - 2 - INFO - **********JUDGER**********
你刚刚的分析是根据提供的描述，玩家3的描述与城市公共交通车辆的特征相符，尤其是提到“可以在道路上行驶”，“频繁的发车频率”，以及“行程时间相对较短”，这些特征与火车的典型特征不符。同时，玩家1、玩家2和我的描述都强调了火车在轨道上行驶、固定路线和时间表、以及较长的行程时间。

玩家4的描述提到了“依靠内燃机或电动机驱动，能够在道路上行驶”，以及“灵活性，可以在没有固定轨道的线路上行驶，且不受固定路线和时间的限制”，这与火车的固定轨道和固定时间表相矛盾，更像是描述汽车或卡车。

因此，基于这些信息，玩家4的描述与火车的特征不太一致，这增加了他可能是卧底的可能性。如果之前认为玩家3是卧底，那么现在可以考虑玩家4作为新的候选卧底。|| `请根据上述分析，比较描述以找出不一致之处，注意，这局游戏的词语分类为<交通工具>，卧底词和平民词都属于该类。
2024-12-13 13:39:50,617 - 2 - INFO - **********PLAYER2**********
根据上述分析，我们可以比较每个玩家的描述来找出不一致之处：

1. 玩家1的描述强调了火车的长距离旅行、多个车厢、固定路线和时间表、以及较长的行程时间。

2. 玩家2的描述与玩家1相似，也强调了火车在轨道上行驶、固定路线和时间表、以及较长的行程时间。

3. 玩家3的描述提到了城市公共交通车辆，这些车辆可以在道路上行驶，有座位，发车频率频繁，行程时间相对较短，这与火车的特征有所不同。

4. 玩家4的描述提到了依靠内燃机或电动机驱动的车辆，能够在道路上行驶，具有灵活性，不受固定路线和时间的限制，这更像是描述汽车或卡车，而不是火车。

不一致之处在于玩家3和玩家4的描述与火车的主要特征不符。玩家3描述的是城市公共交通车辆，而玩家4描述的是一种灵活的、不依赖于固定轨道的车辆。这两个描述都与火车在轨道上行驶、固定路线和时间表的特征不一致。因此，不一致之处可能在于玩家3和玩家4的描述。
2024-12-13 13:39:50,618 - 2 - INFO - **********JUDGER**********
你刚刚的分析是根据上述分析，我们可以比较每个玩家的描述来找出不一致之处：

1. 玩家1的描述强调了火车的长距离旅行、多个车厢、固定路线和时间表、以及较长的行程时间。

2. 玩家2的描述与玩家1相似，也强调了火车在轨道上行驶、固定路线和时间表、以及较长的行程时间。

3. 玩家3的描述提到了城市公共交通车辆，这些车辆可以在道路上行驶，有座位，发车频率频繁，行程时间相对较短，这与火车的特征有所不同。

4. 玩家4的描述提到了依靠内燃机或电动机驱动的车辆，能够在道路上行驶，具有灵活性，不受固定路线和时间的限制，这更像是描述汽车或卡车，而不是火车。

不一致之处在于玩家3和玩家4的描述与火车的主要特征不符。玩家3描述的是城市公共交通车辆，而玩家4描述的是一种灵活的、不依赖于固定轨道的车辆。这两个描述都与火车在轨道上行驶、固定路线和时间表的特征不一致。因此，不一致之处可能在于玩家3和玩家4的描述。|| 请通过你分析的不一致之处，推断卧底身份，注意，这局游戏的词语分类为<交通工具>，卧底词和平民词都属于该类。
2024-12-13 13:39:54,460 - 2 - INFO - **********PLAYER2**********
根据分析，不一致之处在于玩家3和玩家4的描述与火车的主要特征不符。玩家3描述的是城市公共交通车辆，而玩家4描述的是一种灵活的、不依赖于固定轨道的车辆。

在<交通工具>类别中，如果卧底词和平民词都属于该类，那么玩家3和玩家4的描述都有可能是卧底。然而，玩家3的描述虽然与火车特征不符，但更接近于地铁或公交车等城市公共交通工具，这些也是交通工具类别的一部分。

玩家4的描述则更像是描述汽车或卡车，这些通常不被认为是火车。因此，基于描述与火车特征的不一致性，玩家4的描述更偏离了火车这一类别，这增加了他作为卧底的可能性。

综上所述，玩家4可能是卧底。
2024-12-13 13:39:54,470 - 2 - INFO - **********JUDGER**********
你刚刚的推断是根据分析，不一致之处在于玩家3和玩家4的描述与火车的主要特征不符。玩家3描述的是城市公共交通车辆，而玩家4描述的是一种灵活的、不依赖于固定轨道的车辆。

在<交通工具>类别中，如果卧底词和平民词都属于该类，那么玩家3和玩家4的描述都有可能是卧底。然而，玩家3的描述虽然与火车特征不符，但更接近于地铁或公交车等城市公共交通工具，这些也是交通工具类别的一部分。

玩家4的描述则更像是描述汽车或卡车，这些通常不被认为是火车。因此，基于描述与火车特征的不一致性，玩家4的描述更偏离了火车这一类别，这增加了他作为卧底的可能性。

综上所述，玩家4可能是卧底。|| 基于你刚刚的推断得出你的最终结论，请输出你认为的卧底，在这种情况下只需要输出编号，是1-4中的某个数字，不要输出其他信息。在这个过程不要进行任何推理，只对||以前的部分进行信息提取
2024-12-13 13:39:55,223 - 2 - INFO - **********PLAYER2**********
4
2024-12-13 13:40:46,508 - 2 - INFO - **********JUDGER**********
玩家1说：这是一个用于长途旅行的交通工具，它的主要特征是有多个车厢，可以容纳大量乘客。在<交通工具>类别中，它最突出的不同特征是通常有固定的路线和时间表，以及较长的行程时间。它是一种适用于长距离运输的车辆，拥有多个车厢，能够搭载众多乘客。在<交通工具>类别中，它以其在特定路线上的运行和固定的发车时间而著称。它是一种设计用于跨越长距离的交通工具，以其连续的行程和固定的停靠点而闻名。在<交通工具>类别中，它以其在预定轨道上的连续运行和定期的时间表而特别。玩家2说：这是一种载人行驶于轨道上的车辆，它的基本特征是依靠轮轴在铁轨上行驶。在该类别中，它最突出的不同特征是它通常具有固定的路线和时间表，以及较长的行程时间。这是一种大型陆地交通工具，主要用于长距离旅行。它的特点是拥有多个车厢，能够搭载大量乘客。在<交通工具>类别中，它以其在特定轨道上的运行和固定的发车时间而著称，通常用于长途运输，行程时间较长。玩家3说：它是一种主要用于城市公共交通的车辆，基本特征是可以在道路上行驶，并设有座位供乘客乘坐。在该类别中，它最突出的不同特征是它通常遵循固定的路线和时间表，并且具有频繁的发车频率。它是一种大型、多车厢的交通工具，主要用于连接城市间的长距离旅行。与城市公共交通车辆相比，它的路线通常更加固定，发车时间也更为规律，但相比其他长距离交通工具，它的发车频率则较为频繁。它的设计旨在高效地运输大量乘客，且行程时间相对较短，适合快速穿越城市和地区。玩家4说：它的基本特征是依靠内燃机或电动机驱动，能够在道路上行驶。在该类（交通工具）中最突出不同的特征是它的灵活性，可以在没有固定轨道的线路上行驶，且不受固定路线和时间的限制。这种交通工具的特点是它的机动性，可以在不同的道路和路线之间自由行驶，不依赖于固定的轨道或路线。它通常用于日常通勤和长途旅行，能够快速到达目的地，不受固定发车时间的限制。它的设计注重舒适性和速度，能够搭载多乘客，且在行驶过程中可以灵活调整路线。你是第2号玩家，你的关键词是<火车>。你的回答中绝对不能包含你的关键词<火车>。这是第三轮描述，你之前的描述是这是一种载人行驶于轨道上的车辆，它的基本特征是依靠轮轴在铁轨上行驶。在该类别中，它最突出的不同特征是它通常具有固定的路线和时间表，以及较长的行程时间。和这是一种大型陆地交通工具，主要用于长距离旅行。它的特点是拥有多个车厢，能够搭载大量乘客。在<交通工具>类别中，它以其在特定轨道上的运行和固定的发车时间而著称，通常用于长途运输，行程时间较长。，注意，这局游戏的词语分类为<交通工具>，卧底词和平民词都属于该类，请你补充关于关键词的描述，注意，你的描述应该比起之前的描述更加贴近关键词，作为之前的补充
2024-12-13 13:40:49,225 - 2 - INFO - **********PLAYER2**********
这种交通工具的特点是它通常用于跨越较大的地理距离，它的设计允许它承载大量乘客，并且它的运行依赖于预先设定的轨道系统。它在<交通工具>类别中的显著特征是它的行程通常较长，且遵循固定的路线和时间表，这确保了它的准时性和可靠性。此外，它的速度相对较快，能够高效地连接不同城市或地区。
2024-12-13 13:41:06,935 - 2 - INFO - **********JUDGER**********
玩家1说：这是一个用于长途旅行的交通工具，它的主要特征是有多个车厢，可以容纳大量乘客。在<交通工具>类别中，它最突出的不同特征是通常有固定的路线和时间表，以及较长的行程时间。它是一种适用于长距离运输的车辆，拥有多个车厢，能够搭载众多乘客。在<交通工具>类别中，它以其在特定路线上的运行和固定的发车时间而著称。它是一种设计用于跨越长距离的交通工具，以其连续的行程和固定的停靠点而闻名。在<交通工具>类别中，它以其在预定轨道上的连续运行和定期的时间表而特别。玩家2说：这是一种载人行驶于轨道上的车辆，它的基本特征是依靠轮轴在铁轨上行驶。在该类别中，它最突出的不同特征是它通常具有固定的路线和时间表，以及较长的行程时间。这是一种大型陆地交通工具，主要用于长距离旅行。它的特点是拥有多个车厢，能够搭载大量乘客。在<交通工具>类别中，它以其在特定轨道上的运行和固定的发车时间而著称，通常用于长途运输，行程时间较长。这种交通工具的特点是它通常用于跨越较大的地理距离，它的设计允许它承载大量乘客，并且它的运行依赖于预先设定的轨道系统。它在<交通工具>类别中的显著特征是它的行程通常较长，且遵循固定的路线和时间表，这确保了它的准时性和可靠性。此外，它的速度相对较快，能够高效地连接不同城市或地区。玩家3说：它是一种主要用于城市公共交通的车辆，基本特征是可以在道路上行驶，并设有座位供乘客乘坐。在该类别中，它最突出的不同特征是它通常遵循固定的路线和时间表，并且具有频繁的发车频率。它是一种大型、多车厢的交通工具，主要用于连接城市间的长距离旅行。与城市公共交通车辆相比，它的路线通常更加固定，发车时间也更为规律，但相比其他长距离交通工具，它的发车频率则较为频繁。它的设计旨在高效地运输大量乘客，且行程时间相对较短，适合快速穿越城市和地区。它是一种长距离运输工具，拥有多个车厢，能够承载大量乘客。与城市公共交通相比，它的发车频率较低，但每次行程的时间较长。它的路线通常是固定的，遵循严格的时间表，确保了长途旅行的效率和准时性。这种交通工具的设计注重舒适性和安全性，适用于跨越较大地理距离的旅行。玩家4说：它的基本特征是依靠内燃机或电动机驱动，能够在道路上行驶。在该类（交通工具）中最突出不同的特征是它的灵活性，可以在没有固定轨道的线路上行驶，且不受固定路线和时间的限制。这种交通工具的特点是它的机动性，可以在不同的道路和路线之间自由行驶，不依赖于固定的轨道或路线。它通常用于日常通勤和长途旅行，能够快速到达目的地，不受固定发车时间的限制。它的设计注重舒适性和速度，能够搭载多乘客，且在行驶过程中可以灵活调整路线。这种交通工具的特点是它能够在各种地形和路况下行驶，不依赖于特定的轨道或道路网络。它的设计允许它在城市街道、高速公路以及乡村小路上灵活穿梭。这种交通工具通常用于个人或小团体的短途和长途旅行，具有较好的载客能力和舒适的乘坐体验。它的运行不受固定路线和发车时间的限制，能够根据驾驶者的意愿随时出发和到达目的地。||在这个游戏中，我们需要通过分析每位玩家的描述来找出卧底。通常，平民的描述会围绕相同的词语展开，而卧底的描述可能会因为词语的不同而显得不太一致。我们需要仔细比较每个描述之间的相似性和差异性，以找出可能的卧底，注意，卧底并不会隐藏自己，他会直接描述他的词语，现在，逐一分析每个玩家的描述，注意，这局游戏的词语分类为<交通工具>，卧底词和平民词都属于该类。||之前是第3轮描述和之前轮数描述的合集。你之前认为的卧底是玩家4。
2024-12-13 13:41:12,353 - 2 - INFO - **********PLAYER2**********
根据之前的描述和当前的分析，玩家4的描述与其他玩家的描述存在显著的不一致。其他玩家（玩家1、玩家2和玩家3）的描述都强调了交通工具的固定路线和时间表、长距离运输、多个车厢以及长途旅行的特性，这些都是火车的典型特征。

玩家4的描述则提到了交通工具的灵活性、可以在道路上行驶、不受固定路线和时间的限制，以及能够根据驾驶者的意愿随时出发和到达目的地。这些特征更像是描述汽车或卡车，而不是火车。

因此，基于描述的不一致性和对<交通工具>类别中特征的考虑，玩家4的描述与火车的主要特征不符，这增加了他作为卧底的可能性。如果之前认为玩家4是卧底，那么这个结论得到了进一步的确认。
2024-12-13 13:41:12,354 - 2 - INFO - **********JUDGER**********
你刚刚的分析是根据之前的描述和当前的分析，玩家4的描述与其他玩家的描述存在显著的不一致。其他玩家（玩家1、玩家2和玩家3）的描述都强调了交通工具的固定路线和时间表、长距离运输、多个车厢以及长途旅行的特性，这些都是火车的典型特征。

玩家4的描述则提到了交通工具的灵活性、可以在道路上行驶、不受固定路线和时间的限制，以及能够根据驾驶者的意愿随时出发和到达目的地。这些特征更像是描述汽车或卡车，而不是火车。

因此，基于描述的不一致性和对<交通工具>类别中特征的考虑，玩家4的描述与火车的主要特征不符，这增加了他作为卧底的可能性。如果之前认为玩家4是卧底，那么这个结论得到了进一步的确认。|| `请根据上述分析，比较描述以找出不一致之处，注意，这局游戏的词语分类为<交通工具>，卧底词和平民词都属于该类。
2024-12-13 13:41:21,977 - 2 - INFO - **********PLAYER2**********
根据上述分析，不一致之处可以总结如下：

1. 玩家1、玩家2和玩家3的描述都集中在以下特征上：
   - 固定的路线和时间表
   - 长距离运输
   - 多个车厢
   - 长途旅行
   - 特定的运行轨道（对于玩家2和玩家3，虽然提到了道路，但强调的是长距离旅行和固定路线）

2. 玩家4的描述则包含以下特征：
   - 灵活性
   - 道路上行驶
   - 不受固定路线和时间的限制
   - 可以根据驾驶者的意愿随时出发和到达目的地
   - 能够在多种地形和路况下行驶

玩家4的描述与火车作为固定轨道、固定路线和时间表的交通工具的特征相去甚远，更像是描述汽车或卡车等灵活的地面交通工具。因此，玩家4的描述与其他玩家的描述在关键特征上存在不一致。
2024-12-13 13:41:21,979 - 2 - INFO - **********JUDGER**********
你刚刚的分析是根据上述分析，不一致之处可以总结如下：

1. 玩家1、玩家2和玩家3的描述都集中在以下特征上：
   - 固定的路线和时间表
   - 长距离运输
   - 多个车厢
   - 长途旅行
   - 特定的运行轨道（对于玩家2和玩家3，虽然提到了道路，但强调的是长距离旅行和固定路线）

2. 玩家4的描述则包含以下特征：
   - 灵活性
   - 道路上行驶
   - 不受固定路线和时间的限制
   - 可以根据驾驶者的意愿随时出发和到达目的地
   - 能够在多种地形和路况下行驶

玩家4的描述与火车作为固定轨道、固定路线和时间表的交通工具的特征相去甚远，更像是描述汽车或卡车等灵活的地面交通工具。因此，玩家4的描述与其他玩家的描述在关键特征上存在不一致。|| 请通过你分析的不一致之处，推断卧底身份，注意，这局游戏的词语分类为<交通工具>，卧底词和平民词都属于该类。
2024-12-13 13:41:25,337 - 2 - INFO - **********PLAYER2**********
基于分析的不一致之处，玩家4的描述与火车的主要特征不符，而是更接近于描述汽车或卡车等灵活的地面交通工具。在<交通工具>类别中，如果卧底词和平民词都属于该类，那么玩家4的描述与火车这一类别中的其他特征不一致，这增加了他作为卧底的可能性。

因此，根据这些信息，玩家4可能是卧底。
2024-12-13 13:41:25,337 - 2 - INFO - **********JUDGER**********
你刚刚的推断是基于分析的不一致之处，玩家4的描述与火车的主要特征不符，而是更接近于描述汽车或卡车等灵活的地面交通工具。在<交通工具>类别中，如果卧底词和平民词都属于该类，那么玩家4的描述与火车这一类别中的其他特征不一致，这增加了他作为卧底的可能性。

因此，根据这些信息，玩家4可能是卧底。|| 基于你刚刚的推断得出你的最终结论，请输出你认为的卧底，在这种情况下只需要输出编号，是1-4中的某个数字，不要输出其他信息。在这个过程不要进行任何推理，只对||以前的部分进行信息提取
2024-12-13 13:41:26,342 - 2 - INFO - **********PLAYER2**********
4
