2024-12-13 13:37:55,729 - 3 - INFO - **********JUDGER**********
让我们来玩一个叫做<谁是卧底>的推理游戏。基本规则：<人数>：4人。<角色分配>：每位玩家随机抽取一个词语，3名玩家拿到的词语是相同的（平民词），1名玩家拿到与之相近但不同的词语（卧底词）。<游戏流程>：1、玩家轮流描述自己的词语，但<不能>直接说出词语本身。2、描述完毕后，投票选出最像卧底的玩家。3、每轮结束后，被投票选出的玩家出局，不能再进行描述或投票。4、每轮投票结束后，如果卧底被成功找出，平民方获胜；如果卧底未被找出且卧底人数等于或超过平民人数，则卧底方获胜。你将扮演一个<玩家>，请等待你被分配到的关键词。如果你听懂了，只回答，"好的，我准备好参加游戏了"，不要输出别的信息
2024-12-13 13:37:56,151 - 3 - INFO - **********PLAYER3**********
好的，我准备好参加游戏了
2024-12-13 13:38:01,772 - 3 - INFO - **********JUDGER**********
玩家1说：这是一个用于长途旅行的交通工具，它的主要特征是有多个车厢，可以容纳大量乘客。在<交通工具>类别中，它最突出的不同特征是通常有固定的路线和时间表，以及较长的行程时间。玩家2说：这是一种载人行驶于轨道上的车辆，它的基本特征是依靠轮轴在铁轨上行驶。在该类别中，它最突出的不同特征是它通常具有固定的路线和时间表，以及较长的行程时间。玩家3说：玩家4说：|| 你是第3号玩家，你的关键词是<火车>。你的回答中绝对不能包含你的关键词<火车>。这是第一轮描述，不需要分析||之前别的玩家的描述，请你描述关键词基本特征，注意，这局游戏的词语分类为<交通工具>，卧底词和平民词都属于该类，描述包括以下两点，1.他的基本特征是什么2.他在该类（交通工具）中最突出不同的特征是什么，尽量简短
2024-12-13 13:38:04,043 - 3 - INFO - **********PLAYER3**********
它是一种主要用于城市公共交通的车辆，基本特征是可以在道路上行驶，并设有座位供乘客乘坐。在该类别中，它最突出的不同特征是它通常遵循固定的路线和时间表，并且具有频繁的发车频率。
2024-12-13 13:38:40,438 - 3 - INFO - **********JUDGER**********
玩家1说：这是一个用于长途旅行的交通工具，它的主要特征是有多个车厢，可以容纳大量乘客。在<交通工具>类别中，它最突出的不同特征是通常有固定的路线和时间表，以及较长的行程时间。玩家2说：这是一种载人行驶于轨道上的车辆，它的基本特征是依靠轮轴在铁轨上行驶。在该类别中，它最突出的不同特征是它通常具有固定的路线和时间表，以及较长的行程时间。玩家3说：它是一种主要用于城市公共交通的车辆，基本特征是可以在道路上行驶，并设有座位供乘客乘坐。在该类别中，它最突出的不同特征是它通常遵循固定的路线和时间表，并且具有频繁的发车频率。玩家4说：||在这个游戏中，我们需要通过分析每位玩家的描述来找出卧底。通常，平民的描述会围绕相同的词语展开，而卧底的描述可能会因为词语的不同而显得不太一致。我们需要仔细比较每个描述之间的相似性和差异性，以找出可能的卧底，注意，卧底并不会隐藏自己，他会直接描述他的词语，现在，逐一分析每个玩家的描述，注意，这局游戏的词语分类为<交通工具>，卧底词和平民词都属于该类。这是第一轮描述。
2024-12-13 13:38:46,962 - 3 - INFO - **********PLAYER3**********
好的，根据玩家的描述，我们可以进行以下分析：

玩家1和玩家2的描述都提到了“长途旅行”、“多个车厢”、“容纳大量乘客”、“固定的路线和时间表”以及“较长的行程时间”，这些特征都指向了火车。因此，玩家1和玩家2很可能是平民。

玩家3的描述提到了“城市公共交通”、“道路上行驶”、“座位供乘客乘坐”、“固定的路线和时间表”以及“频繁的发车频率”，这些特征更像是公交车。因此，玩家3的描述与火车不太一致，可能是卧底。

玩家4的描述并没有提供具体的特征，而是强调了游戏规则和描述分析的方法，这并不提供任何关于其词语的直接线索，因此无法判断玩家4的身份。

综上所述，玩家3的描述与火车不太一致，可能是卧底。而玩家1和玩家2的描述与火车相符，可能是平民。玩家4的描述没有提供足够的信息来推断其身份。
2024-12-13 13:38:46,964 - 3 - INFO - **********JUDGER**********
你刚刚的分析是好的，根据玩家的描述，我们可以进行以下分析：

玩家1和玩家2的描述都提到了“长途旅行”、“多个车厢”、“容纳大量乘客”、“固定的路线和时间表”以及“较长的行程时间”，这些特征都指向了火车。因此，玩家1和玩家2很可能是平民。

玩家3的描述提到了“城市公共交通”、“道路上行驶”、“座位供乘客乘坐”、“固定的路线和时间表”以及“频繁的发车频率”，这些特征更像是公交车。因此，玩家3的描述与火车不太一致，可能是卧底。

玩家4的描述并没有提供具体的特征，而是强调了游戏规则和描述分析的方法，这并不提供任何关于其词语的直接线索，因此无法判断玩家4的身份。

综上所述，玩家3的描述与火车不太一致，可能是卧底。而玩家1和玩家2的描述与火车相符，可能是平民。玩家4的描述没有提供足够的信息来推断其身份。|| `请根据上述分析，比较描述以找出不一致之处，注意，这局游戏的词语分类为<交通工具>，卧底词和平民词都属于该类。
2024-12-13 13:38:53,612 - 3 - INFO - **********PLAYER3**********
根据上述分析，我们可以比较描述中的一致性和不一致之处如下：

1. 玩家1和玩家2的描述：
   - 都提到了“长途旅行”。
   - 都提到了“多个车厢”。
   - 都提到了“容纳大量乘客”。
   - 都提到了“固定的路线和时间表”。
   - 都提到了“较长的行程时间”。

   这两位玩家的描述完全一致，指向了火车这一词语。

2. 玩家3的描述：
   - 提到了“城市公共交通”。
   - 提到了“道路上行驶”。
   - 提到了“座位供乘客乘坐”。
   - 提到了“固定的路线和时间表”。
   - 提到了“频繁的发车频率”。

   玩家3的描述与火车的主要特征有所不同，特别是“频繁的发车频率”这一特征，通常与公交车相关，而不是火车。

3. 玩家4的描述：
   - 没有提供具体的特征，而是讨论了游戏规则和分析方法。

   玩家4的描述没有给出任何关于其词语的直接线索，因此无法判断其是否与火车或公交车相符。

不一致之处在于玩家3的描述与火车的主要特征不完全一致，而更像是公交车。这表明玩家3可能是卧底，持有与火车不同的词语――公交车。而玩家1和玩家2的描述高度一致，指向了火车这一词语。玩家4的描述没有提供具体的特征，无法直接判断其身份。
2024-12-13 13:38:53,615 - 3 - INFO - **********JUDGER**********
你刚刚的分析是根据上述分析，我们可以比较描述中的一致性和不一致之处如下：

1. 玩家1和玩家2的描述：
   - 都提到了“长途旅行”。
   - 都提到了“多个车厢”。
   - 都提到了“容纳大量乘客”。
   - 都提到了“固定的路线和时间表”。
   - 都提到了“较长的行程时间”。

   这两位玩家的描述完全一致，指向了火车这一词语。

2. 玩家3的描述：
   - 提到了“城市公共交通”。
   - 提到了“道路上行驶”。
   - 提到了“座位供乘客乘坐”。
   - 提到了“固定的路线和时间表”。
   - 提到了“频繁的发车频率”。

   玩家3的描述与火车的主要特征有所不同，特别是“频繁的发车频率”这一特征，通常与公交车相关，而不是火车。

3. 玩家4的描述：
   - 没有提供具体的特征，而是讨论了游戏规则和分析方法。

   玩家4的描述没有给出任何关于其词语的直接线索，因此无法判断其是否与火车或公交车相符。

不一致之处在于玩家3的描述与火车的主要特征不完全一致，而更像是公交车。这表明玩家3可能是卧底，持有与火车不同的词语――公交车。而玩家1和玩家2的描述高度一致，指向了火车这一词语。玩家4的描述没有提供具体的特征，无法直接判断其身份。|| 请通过你分析的不一致之处，推断卧底身份，注意，这局游戏的词语分类为<交通工具>，卧底词和平民词都属于该类。
2024-12-13 13:39:01,865 - 3 - INFO - **********PLAYER3**********
根据上述分析，我们可以得出以下推断：

玩家1和玩家2的描述都指向了火车，具体特征包括长途旅行、多个车厢、容纳大量乘客、固定的路线和时间表，以及较长的行程时间。这些描述与火车的特征高度一致。

玩家3的描述中，虽然提到了城市公共交通、道路上行驶、座位供乘客乘坐、固定的路线和时间表，但特别提到了“频繁的发车频率”。这一特征与火车的“较长的行程时间”相矛盾，因为火车的行程时间通常较长，而不是频繁发车。因此，玩家3的描述更符合公交车的特征，而不是火车的特征。

玩家4的描述没有提供具体的交通工具特征，而是集中在游戏规则和描述分析的方法上，因此无法直接判断其身份。

综上所述，基于描述中的一致性和不一致性，玩家3的描述与火车的特征不完全一致，更符合公交车的特征，因此玩家3很可能是卧底。玩家1和玩家2的描述与火车相符，可能是平民。玩家4没有提供足够的信息来判断其身份。
2024-12-13 13:39:01,867 - 3 - INFO - **********JUDGER**********
你刚刚的推断是根据上述分析，我们可以得出以下推断：

玩家1和玩家2的描述都指向了火车，具体特征包括长途旅行、多个车厢、容纳大量乘客、固定的路线和时间表，以及较长的行程时间。这些描述与火车的特征高度一致。

玩家3的描述中，虽然提到了城市公共交通、道路上行驶、座位供乘客乘坐、固定的路线和时间表，但特别提到了“频繁的发车频率”。这一特征与火车的“较长的行程时间”相矛盾，因为火车的行程时间通常较长，而不是频繁发车。因此，玩家3的描述更符合公交车的特征，而不是火车的特征。

玩家4的描述没有提供具体的交通工具特征，而是集中在游戏规则和描述分析的方法上，因此无法直接判断其身份。

综上所述，基于描述中的一致性和不一致性，玩家3的描述与火车的特征不完全一致，更符合公交车的特征，因此玩家3很可能是卧底。玩家1和玩家2的描述与火车相符，可能是平民。玩家4没有提供足够的信息来判断其身份。|| 基于你刚刚的推断得出你的最终结论，请输出你认为的卧底，在这种情况下只需要输出编号，是1-4中的某个数字，不要输出其他信息。在这个过程不要进行任何推理，只对||以前的部分进行信息提取
2024-12-13 13:39:02,536 - 3 - INFO - **********PLAYER3**********
3
2024-12-13 13:39:21,351 - 3 - INFO - **********JUDGER**********
玩家1说：这是一个用于长途旅行的交通工具，它的主要特征是有多个车厢，可以容纳大量乘客。在<交通工具>类别中，它最突出的不同特征是通常有固定的路线和时间表，以及较长的行程时间。它是一种适用于长距离运输的车辆，拥有多个车厢，能够搭载众多乘客。在<交通工具>类别中，它以其在特定路线上的运行和固定的发车时间而著称。玩家2说：这是一种载人行驶于轨道上的车辆，它的基本特征是依靠轮轴在铁轨上行驶。在该类别中，它最突出的不同特征是它通常具有固定的路线和时间表，以及较长的行程时间。这是一种大型陆地交通工具，主要用于长距离旅行。它的特点是拥有多个车厢，能够搭载大量乘客。在<交通工具>类别中，它以其在特定轨道上的运行和固定的发车时间而著称，通常用于长途运输，行程时间较长。玩家3说：它是一种主要用于城市公共交通的车辆，基本特征是可以在道路上行驶，并设有座位供乘客乘坐。在该类别中，它最突出的不同特征是它通常遵循固定的路线和时间表，并且具有频繁的发车频率。玩家4说：它的基本特征是依靠内燃机或电动机驱动，能够在道路上行驶。在该类（交通工具）中最突出不同的特征是它的灵活性，可以在没有固定轨道的线路上行驶，且不受固定路线和时间的限制。你是第3号玩家，你的关键词是<火车>。你的回答中绝对不能包含你的关键词<火车>。这是第二轮描述，你之前的描述是它是一种主要用于城市公共交通的车辆，基本特征是可以在道路上行驶，并设有座位供乘客乘坐。在该类别中，它最突出的不同特征是它通常遵循固定的路线和时间表，并且具有频繁的发车频率。，注意，这局游戏的词语分类为<交通工具>，卧底词和平民词都属于该类，请你补充关于关键词的描述，注意，你的描述应该比起之前的描述更加贴近关键词，作为之前的补充
2024-12-13 13:39:24,968 - 3 - INFO - **********PLAYER3**********
它是一种大型、多车厢的交通工具，主要用于连接城市间的长距离旅行。与城市公共交通车辆相比，它的路线通常更加固定，发车时间也更为规律，但相比其他长距离交通工具，它的发车频率则较为频繁。它的设计旨在高效地运输大量乘客，且行程时间相对较短，适合快速穿越城市和地区。
2024-12-13 13:39:55,225 - 3 - INFO - **********JUDGER**********
玩家1说：这是一个用于长途旅行的交通工具，它的主要特征是有多个车厢，可以容纳大量乘客。在<交通工具>类别中，它最突出的不同特征是通常有固定的路线和时间表，以及较长的行程时间。它是一种适用于长距离运输的车辆，拥有多个车厢，能够搭载众多乘客。在<交通工具>类别中，它以其在特定路线上的运行和固定的发车时间而著称。玩家2说：这是一种载人行驶于轨道上的车辆，它的基本特征是依靠轮轴在铁轨上行驶。在该类别中，它最突出的不同特征是它通常具有固定的路线和时间表，以及较长的行程时间。这是一种大型陆地交通工具，主要用于长距离旅行。它的特点是拥有多个车厢，能够搭载大量乘客。在<交通工具>类别中，它以其在特定轨道上的运行和固定的发车时间而著称，通常用于长途运输，行程时间较长。玩家3说：它是一种主要用于城市公共交通的车辆，基本特征是可以在道路上行驶，并设有座位供乘客乘坐。在该类别中，它最突出的不同特征是它通常遵循固定的路线和时间表，并且具有频繁的发车频率。它是一种大型、多车厢的交通工具，主要用于连接城市间的长距离旅行。与城市公共交通车辆相比，它的路线通常更加固定，发车时间也更为规律，但相比其他长距离交通工具，它的发车频率则较为频繁。它的设计旨在高效地运输大量乘客，且行程时间相对较短，适合快速穿越城市和地区。玩家4说：它的基本特征是依靠内燃机或电动机驱动，能够在道路上行驶。在该类（交通工具）中最突出不同的特征是它的灵活性，可以在没有固定轨道的线路上行驶，且不受固定路线和时间的限制。||在这个游戏中，我们需要通过分析每位玩家的描述来找出卧底。通常，平民的描述会围绕相同的词语展开，而卧底的描述可能会因为词语的不同而显得不太一致。我们需要仔细比较每个描述之间的相似性和差异性，以找出可能的卧底，注意，卧底并不会隐藏自己，他会直接描述他的词语，现在，逐一分析每个玩家的描述，注意，这局游戏的词语分类为<交通工具>，卧底词和平民词都属于该类。||之前是第2轮描述和之前轮数描述的合集。你之前认为的卧底是玩家3。
2024-12-13 13:40:05,410 - 3 - INFO - **********PLAYER3**********
根据第二轮描述和之前轮数描述的合集，以及之前的分析，我们可以进行以下分析：

玩家1和玩家2的描述都强调了“长途旅行”、“多个车厢”、“容纳大量乘客”、“固定的路线和时间表”以及“较长的行程时间”，这些特征非常符合火车的描述。

玩家3的描述中提到了“城市公共交通”、“道路上行驶”、“座位供乘客乘坐”、“固定的路线和时间表”以及“频繁的发车频率”，这些特征更像是公交车，与火车的主要特征有所出入。

玩家4的描述提到了“依靠内燃机或电动机驱动”、“能够在道路上行驶”、“灵活性”、“没有固定轨道的线路”以及“不受固定路线和时间的限制”，这些特征与“公交车”和“火车”都不完全一致，更像是“汽车”或“摩托车”等。

由于玩家3的描述与火车的主要特征不完全一致，而更像是公交车，这与之前的分析一致，因此玩家3仍然是最可能的卧底。玩家4的描述则与火车和公交车的主要特征都不太相符，这可能意味着玩家4是另一个卧底，或者是平民。

综上所述，基于描述的一致性和差异性，玩家3和玩家4的描述与火车的特征有所出入，因此他们可能是卧底。玩家1和玩家2的描述与火车的特征高度一致，可能是平民。根据之前的分析，我之前的推断是玩家3可能是卧底，这个推断在新的描述中仍然成立。
2024-12-13 13:40:05,411 - 3 - INFO - **********JUDGER**********
你刚刚的分析是根据第二轮描述和之前轮数描述的合集，以及之前的分析，我们可以进行以下分析：

玩家1和玩家2的描述都强调了“长途旅行”、“多个车厢”、“容纳大量乘客”、“固定的路线和时间表”以及“较长的行程时间”，这些特征非常符合火车的描述。

玩家3的描述中提到了“城市公共交通”、“道路上行驶”、“座位供乘客乘坐”、“固定的路线和时间表”以及“频繁的发车频率”，这些特征更像是公交车，与火车的主要特征有所出入。

玩家4的描述提到了“依靠内燃机或电动机驱动”、“能够在道路上行驶”、“灵活性”、“没有固定轨道的线路”以及“不受固定路线和时间的限制”，这些特征与“公交车”和“火车”都不完全一致，更像是“汽车”或“摩托车”等。

由于玩家3的描述与火车的主要特征不完全一致，而更像是公交车，这与之前的分析一致，因此玩家3仍然是最可能的卧底。玩家4的描述则与火车和公交车的主要特征都不太相符，这可能意味着玩家4是另一个卧底，或者是平民。

综上所述，基于描述的一致性和差异性，玩家3和玩家4的描述与火车的特征有所出入，因此他们可能是卧底。玩家1和玩家2的描述与火车的特征高度一致，可能是平民。根据之前的分析，我之前的推断是玩家3可能是卧底，这个推断在新的描述中仍然成立。|| `请根据上述分析，比较描述以找出不一致之处，注意，这局游戏的词语分类为<交通工具>，卧底词和平民词都属于该类。
2024-12-13 13:40:15,432 - 3 - INFO - **********PLAYER3**********
根据上述分析，我们可以比较描述中的一致性和不一致之处如下：

1. 玩家1和玩家2的描述：
   - 两者都强调了“长途旅行”。
   - 两者都提到了“多个车厢”。
   - 两者都提到了“容纳大量乘客”。
   - 两者都提到了“固定的路线和时间表”。
   - 两者都提到了“较长的行程时间”。

   玩家1和玩家2的描述高度一致，指向了火车这一词语。

2. 玩家3的描述：
   - 提到了“城市公共交通”。
   - 提到了“道路上行驶”。
   - 提到了“座位供乘客乘坐”。
   - 提到了“固定的路线和时间表”。
   - 提到了“频繁的发车频率”。

   玩家3的描述与火车的主要特征有所不同，特别是“频繁的发车频率”这一特征，通常与公交车相关，而不是火车。

3. 玩家4的描述：
   - 提到了“依靠内燃机或电动机驱动”。
   - 提到了“能够在道路上行驶”。
   - 提到了“灵活性”。
   - 提到了“没有固定轨道的线路”。
   - 提到了“不受固定路线和时间的限制”。

   玩家4的描述与火车和公交车的主要特征都不太相符，更像是汽车或摩托车等。

不一致之处在于玩家3的描述与火车的特征不完全一致，更偏向于公交车的特征，尤其是“频繁的发车频率”。玩家4的描述则与火车和公交车的主要特征都不相符，这表明玩家4的词语可能是汽车或摩托车等，而不是火车或公交车。因此，玩家3和玩家4的描述与火车的特征不一致，可能是卧底。玩家1和玩家2的描述一致，指向火车，可能是平民。
2024-12-13 13:40:15,436 - 3 - INFO - **********JUDGER**********
你刚刚的分析是根据上述分析，我们可以比较描述中的一致性和不一致之处如下：

1. 玩家1和玩家2的描述：
   - 两者都强调了“长途旅行”。
   - 两者都提到了“多个车厢”。
   - 两者都提到了“容纳大量乘客”。
   - 两者都提到了“固定的路线和时间表”。
   - 两者都提到了“较长的行程时间”。

   玩家1和玩家2的描述高度一致，指向了火车这一词语。

2. 玩家3的描述：
   - 提到了“城市公共交通”。
   - 提到了“道路上行驶”。
   - 提到了“座位供乘客乘坐”。
   - 提到了“固定的路线和时间表”。
   - 提到了“频繁的发车频率”。

   玩家3的描述与火车的主要特征有所不同，特别是“频繁的发车频率”这一特征，通常与公交车相关，而不是火车。

3. 玩家4的描述：
   - 提到了“依靠内燃机或电动机驱动”。
   - 提到了“能够在道路上行驶”。
   - 提到了“灵活性”。
   - 提到了“没有固定轨道的线路”。
   - 提到了“不受固定路线和时间的限制”。

   玩家4的描述与火车和公交车的主要特征都不太相符，更像是汽车或摩托车等。

不一致之处在于玩家3的描述与火车的特征不完全一致，更偏向于公交车的特征，尤其是“频繁的发车频率”。玩家4的描述则与火车和公交车的主要特征都不相符，这表明玩家4的词语可能是汽车或摩托车等，而不是火车或公交车。因此，玩家3和玩家4的描述与火车的特征不一致，可能是卧底。玩家1和玩家2的描述一致，指向火车，可能是平民。|| 请通过你分析的不一致之处，推断卧底身份，注意，这局游戏的词语分类为<交通工具>，卧底词和平民词都属于该类。
2024-12-13 13:40:22,962 - 3 - INFO - **********PLAYER3**********
基于分析的不一致之处，我们可以推断卧底身份如下：

玩家1和玩家2的描述高度一致，且与火车的特征相符，因此他们不太可能是卧底。

玩家3的描述提到了“频繁的发车频率”，这一特征与火车的“较长的行程时间”相矛盾，更像是公交车的特征。因此，玩家3的描述与火车的主要特征不一致，玩家3很可能是卧底。

玩家4的描述提到了“没有固定轨道的线路”和“不受固定路线和时间的限制”，这些特征与火车和公交车的主要特征都不相符，更像是汽车或摩托车等。因此，玩家4的描述也与火车的主要特征不一致，玩家4也很可能是卧底。

综上所述，根据描述的不一致性，玩家3和玩家4都有可能是卧底。在这种情况下，我们无法仅凭描述确定唯一的卧底，需要进一步的投票和推理来确定。如果必须选择一个，玩家3的描述与火车的特征差异更大，因此玩家3可能是更明显的卧底。
2024-12-13 13:40:22,964 - 3 - INFO - **********JUDGER**********
你刚刚的推断是基于分析的不一致之处，我们可以推断卧底身份如下：

玩家1和玩家2的描述高度一致，且与火车的特征相符，因此他们不太可能是卧底。

玩家3的描述提到了“频繁的发车频率”，这一特征与火车的“较长的行程时间”相矛盾，更像是公交车的特征。因此，玩家3的描述与火车的主要特征不一致，玩家3很可能是卧底。

玩家4的描述提到了“没有固定轨道的线路”和“不受固定路线和时间的限制”，这些特征与火车和公交车的主要特征都不相符，更像是汽车或摩托车等。因此，玩家4的描述也与火车的主要特征不一致，玩家4也很可能是卧底。

综上所述，根据描述的不一致性，玩家3和玩家4都有可能是卧底。在这种情况下，我们无法仅凭描述确定唯一的卧底，需要进一步的投票和推理来确定。如果必须选择一个，玩家3的描述与火车的特征差异更大，因此玩家3可能是更明显的卧底。|| 基于你刚刚的推断得出你的最终结论，请输出你认为的卧底，在这种情况下只需要输出编号，是1-4中的某个数字，不要输出其他信息。在这个过程不要进行任何推理，只对||以前的部分进行信息提取
2024-12-13 13:40:24,107 - 3 - INFO - **********PLAYER3**********
3
2024-12-13 13:40:49,228 - 3 - INFO - **********JUDGER**********
玩家1说：这是一个用于长途旅行的交通工具，它的主要特征是有多个车厢，可以容纳大量乘客。在<交通工具>类别中，它最突出的不同特征是通常有固定的路线和时间表，以及较长的行程时间。它是一种适用于长距离运输的车辆，拥有多个车厢，能够搭载众多乘客。在<交通工具>类别中，它以其在特定路线上的运行和固定的发车时间而著称。它是一种设计用于跨越长距离的交通工具，以其连续的行程和固定的停靠点而闻名。在<交通工具>类别中，它以其在预定轨道上的连续运行和定期的时间表而特别。玩家2说：这是一种载人行驶于轨道上的车辆，它的基本特征是依靠轮轴在铁轨上行驶。在该类别中，它最突出的不同特征是它通常具有固定的路线和时间表，以及较长的行程时间。这是一种大型陆地交通工具，主要用于长距离旅行。它的特点是拥有多个车厢，能够搭载大量乘客。在<交通工具>类别中，它以其在特定轨道上的运行和固定的发车时间而著称，通常用于长途运输，行程时间较长。这种交通工具的特点是它通常用于跨越较大的地理距离，它的设计允许它承载大量乘客，并且它的运行依赖于预先设定的轨道系统。它在<交通工具>类别中的显著特征是它的行程通常较长，且遵循固定的路线和时间表，这确保了它的准时性和可靠性。此外，它的速度相对较快，能够高效地连接不同城市或地区。玩家3说：它是一种主要用于城市公共交通的车辆，基本特征是可以在道路上行驶，并设有座位供乘客乘坐。在该类别中，它最突出的不同特征是它通常遵循固定的路线和时间表，并且具有频繁的发车频率。它是一种大型、多车厢的交通工具，主要用于连接城市间的长距离旅行。与城市公共交通车辆相比，它的路线通常更加固定，发车时间也更为规律，但相比其他长距离交通工具，它的发车频率则较为频繁。它的设计旨在高效地运输大量乘客，且行程时间相对较短，适合快速穿越城市和地区。玩家4说：它的基本特征是依靠内燃机或电动机驱动，能够在道路上行驶。在该类（交通工具）中最突出不同的特征是它的灵活性，可以在没有固定轨道的线路上行驶，且不受固定路线和时间的限制。这种交通工具的特点是它的机动性，可以在不同的道路和路线之间自由行驶，不依赖于固定的轨道或路线。它通常用于日常通勤和长途旅行，能够快速到达目的地，不受固定发车时间的限制。它的设计注重舒适性和速度，能够搭载多乘客，且在行驶过程中可以灵活调整路线。你是第3号玩家，你的关键词是<火车>。你的回答中绝对不能包含你的关键词<火车>。这是第三轮描述，你之前的描述是它是一种主要用于城市公共交通的车辆，基本特征是可以在道路上行驶，并设有座位供乘客乘坐。在该类别中，它最突出的不同特征是它通常遵循固定的路线和时间表，并且具有频繁的发车频率。和它是一种大型、多车厢的交通工具，主要用于连接城市间的长距离旅行。与城市公共交通车辆相比，它的路线通常更加固定，发车时间也更为规律，但相比其他长距离交通工具，它的发车频率则较为频繁。它的设计旨在高效地运输大量乘客，且行程时间相对较短，适合快速穿越城市和地区。，注意，这局游戏的词语分类为<交通工具>，卧底词和平民词都属于该类，请你补充关于关键词的描述，注意，你的描述应该比起之前的描述更加贴近关键词，作为之前的补充
2024-12-13 13:40:51,699 - 3 - INFO - **********PLAYER3**********
它是一种长距离运输工具，拥有多个车厢，能够承载大量乘客。与城市公共交通相比，它的发车频率较低，但每次行程的时间较长。它的路线通常是固定的，遵循严格的时间表，确保了长途旅行的效率和准时性。这种交通工具的设计注重舒适性和安全性，适用于跨越较大地理距离的旅行。
2024-12-13 13:41:26,343 - 3 - INFO - **********JUDGER**********
玩家1说：这是一个用于长途旅行的交通工具，它的主要特征是有多个车厢，可以容纳大量乘客。在<交通工具>类别中，它最突出的不同特征是通常有固定的路线和时间表，以及较长的行程时间。它是一种适用于长距离运输的车辆，拥有多个车厢，能够搭载众多乘客。在<交通工具>类别中，它以其在特定路线上的运行和固定的发车时间而著称。它是一种设计用于跨越长距离的交通工具，以其连续的行程和固定的停靠点而闻名。在<交通工具>类别中，它以其在预定轨道上的连续运行和定期的时间表而特别。玩家2说：这是一种载人行驶于轨道上的车辆，它的基本特征是依靠轮轴在铁轨上行驶。在该类别中，它最突出的不同特征是它通常具有固定的路线和时间表，以及较长的行程时间。这是一种大型陆地交通工具，主要用于长距离旅行。它的特点是拥有多个车厢，能够搭载大量乘客。在<交通工具>类别中，它以其在特定轨道上的运行和固定的发车时间而著称，通常用于长途运输，行程时间较长。这种交通工具的特点是它通常用于跨越较大的地理距离，它的设计允许它承载大量乘客，并且它的运行依赖于预先设定的轨道系统。它在<交通工具>类别中的显著特征是它的行程通常较长，且遵循固定的路线和时间表，这确保了它的准时性和可靠性。此外，它的速度相对较快，能够高效地连接不同城市或地区。玩家3说：它是一种主要用于城市公共交通的车辆，基本特征是可以在道路上行驶，并设有座位供乘客乘坐。在该类别中，它最突出的不同特征是它通常遵循固定的路线和时间表，并且具有频繁的发车频率。它是一种大型、多车厢的交通工具，主要用于连接城市间的长距离旅行。与城市公共交通车辆相比，它的路线通常更加固定，发车时间也更为规律，但相比其他长距离交通工具，它的发车频率则较为频繁。它的设计旨在高效地运输大量乘客，且行程时间相对较短，适合快速穿越城市和地区。它是一种长距离运输工具，拥有多个车厢，能够承载大量乘客。与城市公共交通相比，它的发车频率较低，但每次行程的时间较长。它的路线通常是固定的，遵循严格的时间表，确保了长途旅行的效率和准时性。这种交通工具的设计注重舒适性和安全性，适用于跨越较大地理距离的旅行。玩家4说：它的基本特征是依靠内燃机或电动机驱动，能够在道路上行驶。在该类（交通工具）中最突出不同的特征是它的灵活性，可以在没有固定轨道的线路上行驶，且不受固定路线和时间的限制。这种交通工具的特点是它的机动性，可以在不同的道路和路线之间自由行驶，不依赖于固定的轨道或路线。它通常用于日常通勤和长途旅行，能够快速到达目的地，不受固定发车时间的限制。它的设计注重舒适性和速度，能够搭载多乘客，且在行驶过程中可以灵活调整路线。这种交通工具的特点是它能够在各种地形和路况下行驶，不依赖于特定的轨道或道路网络。它的设计允许它在城市街道、高速公路以及乡村小路上灵活穿梭。这种交通工具通常用于个人或小团体的短途和长途旅行，具有较好的载客能力和舒适的乘坐体验。它的运行不受固定路线和发车时间的限制，能够根据驾驶者的意愿随时出发和到达目的地。||在这个游戏中，我们需要通过分析每位玩家的描述来找出卧底。通常，平民的描述会围绕相同的词语展开，而卧底的描述可能会因为词语的不同而显得不太一致。我们需要仔细比较每个描述之间的相似性和差异性，以找出可能的卧底，注意，卧底并不会隐藏自己，他会直接描述他的词语，现在，逐一分析每个玩家的描述，注意，这局游戏的词语分类为<交通工具>，卧底词和平民词都属于该类。||之前是第3轮描述和之前轮数描述的合集。你之前认为的卧底是玩家3。
2024-12-13 13:41:42,760 - 3 - INFO - **********PLAYER3**********
根据第3轮描述和之前轮数描述的合集，以及之前的分析，我们可以进行以下分析：

玩家1和玩家2的描述都强调了“长途旅行”、“多个车厢”、“容纳大量乘客”、“固定的路线和时间表”、“较长的行程时间”、“特定路线上的运行”、“固定的发车时间”、“连续的行程”、“固定的停靠点”、“预定轨道上的连续运行”、“定期的时间表”、“预先设定的轨道系统”、“行程通常较长”、“遵循固定的路线和时间表”、“准时性和可靠性”、“速度相对较快”、“连接不同城市或地区”，这些特征都与火车的特征高度一致。

玩家3的描述中虽然也提到了“长途旅行”、“多个车厢”、“容纳大量乘客”、“固定的路线和时间表”、“行程通常较长”、“遵循固定的路线和时间表”、“准时性和可靠性”，但特别强调了“发车频率较低，但每次行程的时间较长”和“与城市公共交通相比，它的发车频率较低”，这与火车的特征有所出入，更像是高铁或某些快速列车。

玩家4的描述则提到了“依靠内燃机或电动机驱动”、“灵活性”、“没有固定轨道的线路”、“不受固定路线和时间的限制”、“机动性”、“不同的道路和路线之间自由行驶”、“不依赖于固定的轨道或路线”、“个人或小团体的短途和长途旅行”、“舒适性和速度”、“不依赖于特定的轨道或道路网络”、“根据驾驶者的意愿随时出发和到达目的地”，这些特征与火车和公交车都不太一致，更像是汽车或摩托车等。

基于描述的一致性和差异性，玩家1和玩家2的描述与火车的特征高度一致，可能是平民。玩家3的描述与火车的特征有所出入，但仍然较为接近，可能是平民或卧底。玩家4的描述与火车和公交车的主要特征都不相符，更像是汽车或摩托车等，因此玩家4很可能是卧底。

根据之前的分析，我之前的推断是玩家3可能是卧底，但新的描述中玩家4的描述与火车和公交车的主要特征都不相符，因此玩家4现在更可能是卧底。
2024-12-13 13:41:42,762 - 3 - INFO - **********JUDGER**********
你刚刚的分析是根据第3轮描述和之前轮数描述的合集，以及之前的分析，我们可以进行以下分析：

玩家1和玩家2的描述都强调了“长途旅行”、“多个车厢”、“容纳大量乘客”、“固定的路线和时间表”、“较长的行程时间”、“特定路线上的运行”、“固定的发车时间”、“连续的行程”、“固定的停靠点”、“预定轨道上的连续运行”、“定期的时间表”、“预先设定的轨道系统”、“行程通常较长”、“遵循固定的路线和时间表”、“准时性和可靠性”、“速度相对较快”、“连接不同城市或地区”，这些特征都与火车的特征高度一致。

玩家3的描述中虽然也提到了“长途旅行”、“多个车厢”、“容纳大量乘客”、“固定的路线和时间表”、“行程通常较长”、“遵循固定的路线和时间表”、“准时性和可靠性”，但特别强调了“发车频率较低，但每次行程的时间较长”和“与城市公共交通相比，它的发车频率较低”，这与火车的特征有所出入，更像是高铁或某些快速列车。

玩家4的描述则提到了“依靠内燃机或电动机驱动”、“灵活性”、“没有固定轨道的线路”、“不受固定路线和时间的限制”、“机动性”、“不同的道路和路线之间自由行驶”、“不依赖于固定的轨道或路线”、“个人或小团体的短途和长途旅行”、“舒适性和速度”、“不依赖于特定的轨道或道路网络”、“根据驾驶者的意愿随时出发和到达目的地”，这些特征与火车和公交车都不太一致，更像是汽车或摩托车等。

基于描述的一致性和差异性，玩家1和玩家2的描述与火车的特征高度一致，可能是平民。玩家3的描述与火车的特征有所出入，但仍然较为接近，可能是平民或卧底。玩家4的描述与火车和公交车的主要特征都不相符，更像是汽车或摩托车等，因此玩家4很可能是卧底。

根据之前的分析，我之前的推断是玩家3可能是卧底，但新的描述中玩家4的描述与火车和公交车的主要特征都不相符，因此玩家4现在更可能是卧底。|| `请根据上述分析，比较描述以找出不一致之处，注意，这局游戏的词语分类为<交通工具>，卧底词和平民词都属于该类。
2024-12-13 13:41:52,156 - 3 - INFO - **********PLAYER3**********
根据上述分析，我们可以比较描述中的一致性和不一致之处如下：

1. 玩家1和玩家2的描述：
   - 两者的描述都高度一致，强调了火车的主要特征，如长途旅行、多个车厢、容纳大量乘客、固定的路线和时间表、较长的行程时间等。

2. 玩家3的描述：
   - 描述中提到了火车的一些特征，如长途旅行、多个车厢、容纳大量乘客、固定的路线和时间表、准时性和可靠性等。
   - 然而，玩家3的描述特别提到了“发车频率较低，但每次行程的时间较长”，这一点与火车的通常特征有所不同，因为火车的行程时间通常较长，但发车频率并不一定低。这个描述更接近高铁或某些快速列车。

3. 玩家4的描述：
   - 描述中提到了“依靠内燃机或电动机驱动”、“灵活性”、“没有固定轨道的线路”、“不受固定路线和时间的限制”、“机动性”等特征。
   - 这些特征与火车和公交车的主要特征都不相符，更像是汽车或摩托车等。

不一致之处在于玩家3的描述中关于“发车频率较低”的描述与火车的典型特征有所出入，而玩家4的描述则完全不符合火车或公交车的特征，更像是汽车或摩托车。因此，玩家3和玩家4的描述与火车的特征不一致，可能是卧底。玩家1和玩家2的描述一致，指向火车，可能是平民。
2024-12-13 13:41:52,158 - 3 - INFO - **********JUDGER**********
你刚刚的分析是根据上述分析，我们可以比较描述中的一致性和不一致之处如下：

1. 玩家1和玩家2的描述：
   - 两者的描述都高度一致，强调了火车的主要特征，如长途旅行、多个车厢、容纳大量乘客、固定的路线和时间表、较长的行程时间等。

2. 玩家3的描述：
   - 描述中提到了火车的一些特征，如长途旅行、多个车厢、容纳大量乘客、固定的路线和时间表、准时性和可靠性等。
   - 然而，玩家3的描述特别提到了“发车频率较低，但每次行程的时间较长”，这一点与火车的通常特征有所不同，因为火车的行程时间通常较长，但发车频率并不一定低。这个描述更接近高铁或某些快速列车。

3. 玩家4的描述：
   - 描述中提到了“依靠内燃机或电动机驱动”、“灵活性”、“没有固定轨道的线路”、“不受固定路线和时间的限制”、“机动性”等特征。
   - 这些特征与火车和公交车的主要特征都不相符，更像是汽车或摩托车等。

不一致之处在于玩家3的描述中关于“发车频率较低”的描述与火车的典型特征有所出入，而玩家4的描述则完全不符合火车或公交车的特征，更像是汽车或摩托车。因此，玩家3和玩家4的描述与火车的特征不一致，可能是卧底。玩家1和玩家2的描述一致，指向火车，可能是平民。|| 请通过你分析的不一致之处，推断卧底身份，注意，这局游戏的词语分类为<交通工具>，卧底词和平民词都属于该类。
2024-12-13 13:41:59,485 - 3 - INFO - **********PLAYER3**********
根据分析的不一致之处，我们可以推断卧底身份如下：

玩家1和玩家2的描述高度一致，且与火车的特征完全吻合，因此他们不太可能是卧底。

玩家3的描述虽然提到了火车的某些特征，但特别强调了“发车频率较低”，这一点与火车的典型特征有所出入，因为火车的行程时间通常较长，但发车频率并不一定低。这个描述更接近高铁或某些快速列车，而不是传统的火车。

玩家4的描述则完全不符合火车或公交车的特征，提到了“依靠内燃机或电动机驱动”、“灵活性”、“没有固定轨道的线路”、“不受固定路线和时间的限制”等，这些特征更像是汽车或摩托车。

综上所述，玩家4的描述与火车和公交车的特征不一致，更像是汽车或摩托车等，因此玩家4很可能是卧底。玩家3的描述虽然与火车的特征有所出入，但相比玩家4，其描述更接近火车，因此玩家3可能是平民。根据这些信息，玩家4可能是卧底。
2024-12-13 13:41:59,488 - 3 - INFO - **********JUDGER**********
你刚刚的推断是根据分析的不一致之处，我们可以推断卧底身份如下：

玩家1和玩家2的描述高度一致，且与火车的特征完全吻合，因此他们不太可能是卧底。

玩家3的描述虽然提到了火车的某些特征，但特别强调了“发车频率较低”，这一点与火车的典型特征有所出入，因为火车的行程时间通常较长，但发车频率并不一定低。这个描述更接近高铁或某些快速列车，而不是传统的火车。

玩家4的描述则完全不符合火车或公交车的特征，提到了“依靠内燃机或电动机驱动”、“灵活性”、“没有固定轨道的线路”、“不受固定路线和时间的限制”等，这些特征更像是汽车或摩托车。

综上所述，玩家4的描述与火车和公交车的特征不一致，更像是汽车或摩托车等，因此玩家4很可能是卧底。玩家3的描述虽然与火车的特征有所出入，但相比玩家4，其描述更接近火车，因此玩家3可能是平民。根据这些信息，玩家4可能是卧底。|| 基于你刚刚的推断得出你的最终结论，请输出你认为的卧底，在这种情况下只需要输出编号，是1-4中的某个数字，不要输出其他信息。在这个过程不要进行任何推理，只对||以前的部分进行信息提取
2024-12-13 13:42:01,246 - 3 - INFO - **********PLAYER3**********
4
