2024-12-13 13:37:57,093 - 4 - INFO - **********JUDGER**********
让我们来玩一个叫做<谁是卧底>的推理游戏。基本规则：<人数>：4人。<角色分配>：每位玩家随机抽取一个词语，3名玩家拿到的词语是相同的（平民词），1名玩家拿到与之相近但不同的词语（卧底词）。<游戏流程>：1、玩家轮流描述自己的词语，但<不能>直接说出词语本身。2、描述完毕后，投票选出最像卧底的玩家。3、每轮结束后，被投票选出的玩家出局，不能再进行描述或投票。4、每轮投票结束后，如果卧底被成功找出，平民方获胜；如果卧底未被找出且卧底人数等于或超过平民人数，则卧底方获胜。你将扮演一个<玩家>，请等待你被分配到的关键词。如果你听懂了，只回答，"好的，我准备好参加游戏了"，不要输出别的信息
2024-12-13 13:37:58,002 - 4 - INFO - **********PLAYER4**********
好的，我准备好参加游戏了
2024-12-13 13:38:04,044 - 4 - INFO - **********JUDGER**********
玩家1说：这是一个用于长途旅行的交通工具，它的主要特征是有多个车厢，可以容纳大量乘客。在<交通工具>类别中，它最突出的不同特征是通常有固定的路线和时间表，以及较长的行程时间。玩家2说：这是一种载人行驶于轨道上的车辆，它的基本特征是依靠轮轴在铁轨上行驶。在该类别中，它最突出的不同特征是它通常具有固定的路线和时间表，以及较长的行程时间。玩家3说：它是一种主要用于城市公共交通的车辆，基本特征是可以在道路上行驶，并设有座位供乘客乘坐。在该类别中，它最突出的不同特征是它通常遵循固定的路线和时间表，并且具有频繁的发车频率。玩家4说：|| 你是第4号玩家，你的关键词是<汽车>。你的回答中绝对不能包含你的关键词<汽车>。这是第一轮描述，不需要分析||之前别的玩家的描述，请你描述关键词基本特征，注意，这局游戏的词语分类为<交通工具>，卧底词和平民词都属于该类，描述包括以下两点，1.他的基本特征是什么2.他在该类（交通工具）中最突出不同的特征是什么，尽量简短
2024-12-13 13:38:05,705 - 4 - INFO - **********PLAYER4**********
它的基本特征是依靠内燃机或电动机驱动，能够在道路上行驶。在该类（交通工具）中最突出不同的特征是它的灵活性，可以在没有固定轨道的线路上行驶，且不受固定路线和时间的限制。
2024-12-13 13:39:02,537 - 4 - INFO - **********JUDGER**********
玩家1说：这是一个用于长途旅行的交通工具，它的主要特征是有多个车厢，可以容纳大量乘客。在<交通工具>类别中，它最突出的不同特征是通常有固定的路线和时间表，以及较长的行程时间。玩家2说：这是一种载人行驶于轨道上的车辆，它的基本特征是依靠轮轴在铁轨上行驶。在该类别中，它最突出的不同特征是它通常具有固定的路线和时间表，以及较长的行程时间。玩家3说：它是一种主要用于城市公共交通的车辆，基本特征是可以在道路上行驶，并设有座位供乘客乘坐。在该类别中，它最突出的不同特征是它通常遵循固定的路线和时间表，并且具有频繁的发车频率。玩家4说：||在这个游戏中，我们需要通过分析每位玩家的描述来找出卧底。通常，平民的描述会围绕相同的词语展开，而卧底的描述可能会因为词语的不同而显得不太一致。我们需要仔细比较每个描述之间的相似性和差异性，以找出可能的卧底，注意，卧底并不会隐藏自己，他会直接描述他的词语，现在，逐一分析每个玩家的描述，注意，这局游戏的词语分类为<交通工具>，卧底词和平民词都属于该类。这是第一轮描述。
2024-12-13 13:39:06,437 - 4 - INFO - **********PLAYER4**********
玩家1描述的是火车，玩家2描述的是地铁，玩家3描述的是公交车。这三个描述都指向了城市公共交通工具，并且都提到了固定的路线和时间表。然而，玩家4的描述没有直接提及任何具体的交通工具名称，而是强调了灵活性，这与火车、地铁和公交车的固定路线和时间表形成了对比。因此，根据描述的相似性和差异性，玩家4的描述可能更接近于卧底，因为他的描述没有明确指向一个具体的城市公共交通工具。当然，这只是第一轮的描述，还需要进一步的观察和推理来确定卧底的身份。
2024-12-13 13:39:06,438 - 4 - INFO - **********JUDGER**********
你刚刚的分析是玩家1描述的是火车，玩家2描述的是地铁，玩家3描述的是公交车。这三个描述都指向了城市公共交通工具，并且都提到了固定的路线和时间表。然而，玩家4的描述没有直接提及任何具体的交通工具名称，而是强调了灵活性，这与火车、地铁和公交车的固定路线和时间表形成了对比。因此，根据描述的相似性和差异性，玩家4的描述可能更接近于卧底，因为他的描述没有明确指向一个具体的城市公共交通工具。当然，这只是第一轮的描述，还需要进一步的观察和推理来确定卧底的身份。|| `请根据上述分析，比较描述以找出不一致之处，注意，这局游戏的词语分类为<交通工具>，卧底词和平民词都属于该类。
2024-12-13 13:39:11,033 - 4 - INFO - **********PLAYER4**********
根据上述分析，我们可以比较四位玩家的描述，找出以下不一致之处：

1. 玩家1、玩家2和玩家3的描述都集中在城市公共交通工具上，强调了它们的固定路线和时间表。这些描述指向的是火车、地铁和公交车，它们都是公共交通工具，有固定的运营时间和路线。

2. 玩家4的描述与前三者不同，他没有提到具体的公共交通工具名称，而是强调了“灵活性”这一特征。这一点与火车、地铁和公交车作为固定路线和时间表的公共交通工具形成了对比。

不一致之处总结：
- 玩家1、2、3描述的是具体的城市公共交通工具，而玩家4描述的是一种灵活的交通工具。
- 玩家1、2、3的描述都包含了“固定的路线和时间表”，而玩家4没有提及这些特征。

基于这些不一致之处，玩家4的描述可能与卧底词更接近，因为他的描述没有直接符合其他玩家的描述模式。然而，这只是一个初步的观察，需要更多的信息来确定卧底的身份。
2024-12-13 13:39:11,040 - 4 - INFO - **********JUDGER**********
你刚刚的分析是根据上述分析，我们可以比较四位玩家的描述，找出以下不一致之处：

1. 玩家1、玩家2和玩家3的描述都集中在城市公共交通工具上，强调了它们的固定路线和时间表。这些描述指向的是火车、地铁和公交车，它们都是公共交通工具，有固定的运营时间和路线。

2. 玩家4的描述与前三者不同，他没有提到具体的公共交通工具名称，而是强调了“灵活性”这一特征。这一点与火车、地铁和公交车作为固定路线和时间表的公共交通工具形成了对比。

不一致之处总结：
- 玩家1、2、3描述的是具体的城市公共交通工具，而玩家4描述的是一种灵活的交通工具。
- 玩家1、2、3的描述都包含了“固定的路线和时间表”，而玩家4没有提及这些特征。

基于这些不一致之处，玩家4的描述可能与卧底词更接近，因为他的描述没有直接符合其他玩家的描述模式。然而，这只是一个初步的观察，需要更多的信息来确定卧底的身份。|| 请通过你分析的不一致之处，推断卧底身份，注意，这局游戏的词语分类为<交通工具>，卧底词和平民词都属于该类。
2024-12-13 13:39:16,543 - 4 - INFO - **********PLAYER4**********
基于上述分析的不一致之处，我们可以进行以下推断：

1. 玩家1、玩家2和玩家3的描述都指向了城市公共交通工具，且这些工具都具有固定的路线和时间表。这种描述模式表明他们可能持有相同的平民词，比如“火车”、“地铁”或“公交车”。

2. 玩家4的描述与前三者不同，他没有提及具体的公共交通工具，而是强调了“灵活性”。这种描述与火车、地铁和公交车等固定路线和时间表的公共交通工具形成了对比。

考虑到游戏规则中卧底词和平民词都属于同一类别（交通工具），且玩家4的描述与前三者有显著的不同，我们可以推断玩家4可能是卧底。他的关键词可能是一个具有灵活性的交通工具，与火车、地铁和公交车等固定路线和时间表的公共交通工具不同。一个可能的卧底词是“汽车”，因为它通常不像火车或地铁那样有固定的路线和时间表，而是可以在不同的地点和路线之间自由行驶。

因此，根据这些线索，玩家4可能是卧底。然而，这只是一个基于描述的不完全推断，实际的卧底身份还需要通过后续的游戏过程和更多玩家的描述来进一步确认。
2024-12-13 13:39:16,545 - 4 - INFO - **********JUDGER**********
你刚刚的推断是基于上述分析的不一致之处，我们可以进行以下推断：

1. 玩家1、玩家2和玩家3的描述都指向了城市公共交通工具，且这些工具都具有固定的路线和时间表。这种描述模式表明他们可能持有相同的平民词，比如“火车”、“地铁”或“公交车”。

2. 玩家4的描述与前三者不同，他没有提及具体的公共交通工具，而是强调了“灵活性”。这种描述与火车、地铁和公交车等固定路线和时间表的公共交通工具形成了对比。

考虑到游戏规则中卧底词和平民词都属于同一类别（交通工具），且玩家4的描述与前三者有显著的不同，我们可以推断玩家4可能是卧底。他的关键词可能是一个具有灵活性的交通工具，与火车、地铁和公交车等固定路线和时间表的公共交通工具不同。一个可能的卧底词是“汽车”，因为它通常不像火车或地铁那样有固定的路线和时间表，而是可以在不同的地点和路线之间自由行驶。

因此，根据这些线索，玩家4可能是卧底。然而，这只是一个基于描述的不完全推断，实际的卧底身份还需要通过后续的游戏过程和更多玩家的描述来进一步确认。|| 基于你刚刚的推断得出你的最终结论，请输出你认为的卧底，在这种情况下只需要输出编号，是1-4中的某个数字，不要输出其他信息。在这个过程不要进行任何推理，只对||以前的部分进行信息提取
2024-12-13 13:39:17,081 - 4 - INFO - **********PLAYER4**********
4
2024-12-13 13:39:24,969 - 4 - INFO - **********JUDGER**********
玩家1说：这是一个用于长途旅行的交通工具，它的主要特征是有多个车厢，可以容纳大量乘客。在<交通工具>类别中，它最突出的不同特征是通常有固定的路线和时间表，以及较长的行程时间。它是一种适用于长距离运输的车辆，拥有多个车厢，能够搭载众多乘客。在<交通工具>类别中，它以其在特定路线上的运行和固定的发车时间而著称。玩家2说：这是一种载人行驶于轨道上的车辆，它的基本特征是依靠轮轴在铁轨上行驶。在该类别中，它最突出的不同特征是它通常具有固定的路线和时间表，以及较长的行程时间。这是一种大型陆地交通工具，主要用于长距离旅行。它的特点是拥有多个车厢，能够搭载大量乘客。在<交通工具>类别中，它以其在特定轨道上的运行和固定的发车时间而著称，通常用于长途运输，行程时间较长。玩家3说：它是一种主要用于城市公共交通的车辆，基本特征是可以在道路上行驶，并设有座位供乘客乘坐。在该类别中，它最突出的不同特征是它通常遵循固定的路线和时间表，并且具有频繁的发车频率。它是一种大型、多车厢的交通工具，主要用于连接城市间的长距离旅行。与城市公共交通车辆相比，它的路线通常更加固定，发车时间也更为规律，但相比其他长距离交通工具，它的发车频率则较为频繁。它的设计旨在高效地运输大量乘客，且行程时间相对较短，适合快速穿越城市和地区。玩家4说：它的基本特征是依靠内燃机或电动机驱动，能够在道路上行驶。在该类（交通工具）中最突出不同的特征是它的灵活性，可以在没有固定轨道的线路上行驶，且不受固定路线和时间的限制。你是第4号玩家，你的关键词是<汽车>。你的回答中绝对不能包含你的关键词<汽车>。这是第二轮描述，你之前的描述是它的基本特征是依靠内燃机或电动机驱动，能够在道路上行驶。在该类（交通工具）中最突出不同的特征是它的灵活性，可以在没有固定轨道的线路上行驶，且不受固定路线和时间的限制。，注意，这局游戏的词语分类为<交通工具>，卧底词和平民词都属于该类，请你补充关于关键词的描述，注意，你的描述应该比起之前的描述更加贴近关键词，作为之前的补充
2024-12-13 13:39:27,039 - 4 - INFO - **********PLAYER4**********
这种交通工具的特点是它的机动性，可以在不同的道路和路线之间自由行驶，不依赖于固定的轨道或路线。它通常用于日常通勤和长途旅行，能够快速到达目的地，不受固定发车时间的限制。它的设计注重舒适性和速度，能够搭载多乘客，且在行驶过程中可以灵活调整路线。
2024-12-13 13:40:24,109 - 4 - INFO - **********JUDGER**********
玩家1说：这是一个用于长途旅行的交通工具，它的主要特征是有多个车厢，可以容纳大量乘客。在<交通工具>类别中，它最突出的不同特征是通常有固定的路线和时间表，以及较长的行程时间。它是一种适用于长距离运输的车辆，拥有多个车厢，能够搭载众多乘客。在<交通工具>类别中，它以其在特定路线上的运行和固定的发车时间而著称。玩家2说：这是一种载人行驶于轨道上的车辆，它的基本特征是依靠轮轴在铁轨上行驶。在该类别中，它最突出的不同特征是它通常具有固定的路线和时间表，以及较长的行程时间。这是一种大型陆地交通工具，主要用于长距离旅行。它的特点是拥有多个车厢，能够搭载大量乘客。在<交通工具>类别中，它以其在特定轨道上的运行和固定的发车时间而著称，通常用于长途运输，行程时间较长。玩家3说：它是一种主要用于城市公共交通的车辆，基本特征是可以在道路上行驶，并设有座位供乘客乘坐。在该类别中，它最突出的不同特征是它通常遵循固定的路线和时间表，并且具有频繁的发车频率。它是一种大型、多车厢的交通工具，主要用于连接城市间的长距离旅行。与城市公共交通车辆相比，它的路线通常更加固定，发车时间也更为规律，但相比其他长距离交通工具，它的发车频率则较为频繁。它的设计旨在高效地运输大量乘客，且行程时间相对较短，适合快速穿越城市和地区。玩家4说：它的基本特征是依靠内燃机或电动机驱动，能够在道路上行驶。在该类（交通工具）中最突出不同的特征是它的灵活性，可以在没有固定轨道的线路上行驶，且不受固定路线和时间的限制。||在这个游戏中，我们需要通过分析每位玩家的描述来找出卧底。通常，平民的描述会围绕相同的词语展开，而卧底的描述可能会因为词语的不同而显得不太一致。我们需要仔细比较每个描述之间的相似性和差异性，以找出可能的卧底，注意，卧底并不会隐藏自己，他会直接描述他的词语，现在，逐一分析每个玩家的描述，注意，这局游戏的词语分类为<交通工具>，卧底词和平民词都属于该类。||之前是第2轮描述和之前轮数描述的合集。你之前认为的卧底是玩家4。
2024-12-13 13:40:31,779 - 4 - INFO - **********PLAYER4**********
根据第二轮描述和之前轮数的描述，我们可以进行以下分析：

玩家1和玩家2的描述都指向了具有固定路线和时间表的交通工具，如火车或地铁，这些是长距离旅行中常用的交通工具。

玩家3的描述则提到了一种主要用于城市公共交通的车辆，但同时也提到了它是用于连接城市间的长距离旅行，这听起来像是高速列车或城际列车。

玩家4的描述强调了交通工具的灵活性，能够在没有固定轨道的线路上行驶，不受固定路线和时间的限制，这与火车、地铁和公交车等固定路线和时间表的交通工具形成了鲜明对比。

基于这些描述，玩家4的描述仍然与其他玩家的描述存在显著差异，他强调了交通工具的灵活性，而其他玩家则强调了固定路线和时间表。因此，如果之前的推断是基于描述的不一致性和灵活性这一特征，那么玩家4仍然是可能是卧底的一个嫌疑人。

然而，现在玩家3的描述也提供了一些新的信息，他提到的交通工具既有固定的路线和时间表，又具有频繁的发车频率，这听起来像是高速列车或城际列车，它们在长途旅行中可能比火车或地铁更频繁，但仍然有固定的路线和时间。

综合考虑，玩家4和玩家3的描述都与其他玩家的描述存在差异，但玩家3的描述提供了更多关于固定路线和时间表的信息，这可能与火车或地铁等交通工具更相符。因此，如果必须在这两位玩家之间选择一个作为卧底，玩家4的描述可能仍然更加可疑，因为他强调了与固定路线和时间表相反的特征。

最终，根据描述的不一致性和灵活性这一特征，玩家4仍然是一个可能的卧底嫌疑人。
2024-12-13 13:40:31,783 - 4 - INFO - **********JUDGER**********
你刚刚的分析是根据第二轮描述和之前轮数的描述，我们可以进行以下分析：

玩家1和玩家2的描述都指向了具有固定路线和时间表的交通工具，如火车或地铁，这些是长距离旅行中常用的交通工具。

玩家3的描述则提到了一种主要用于城市公共交通的车辆，但同时也提到了它是用于连接城市间的长距离旅行，这听起来像是高速列车或城际列车。

玩家4的描述强调了交通工具的灵活性，能够在没有固定轨道的线路上行驶，不受固定路线和时间的限制，这与火车、地铁和公交车等固定路线和时间表的交通工具形成了鲜明对比。

基于这些描述，玩家4的描述仍然与其他玩家的描述存在显著差异，他强调了交通工具的灵活性，而其他玩家则强调了固定路线和时间表。因此，如果之前的推断是基于描述的不一致性和灵活性这一特征，那么玩家4仍然是可能是卧底的一个嫌疑人。

然而，现在玩家3的描述也提供了一些新的信息，他提到的交通工具既有固定的路线和时间表，又具有频繁的发车频率，这听起来像是高速列车或城际列车，它们在长途旅行中可能比火车或地铁更频繁，但仍然有固定的路线和时间。

综合考虑，玩家4和玩家3的描述都与其他玩家的描述存在差异，但玩家3的描述提供了更多关于固定路线和时间表的信息，这可能与火车或地铁等交通工具更相符。因此，如果必须在这两位玩家之间选择一个作为卧底，玩家4的描述可能仍然更加可疑，因为他强调了与固定路线和时间表相反的特征。

最终，根据描述的不一致性和灵活性这一特征，玩家4仍然是一个可能的卧底嫌疑人。|| `请根据上述分析，比较描述以找出不一致之处，注意，这局游戏的词语分类为<交通工具>，卧底词和平民词都属于该类。
2024-12-13 13:40:38,358 - 4 - INFO - **********PLAYER4**********
根据上述分析，我们可以找出以下不一致之处：

1. 玩家1和玩家2的描述都集中在具有固定路线和时间表的交通工具上，如火车或地铁，它们主要用于长距离旅行。

2. 玩家3的描述提到了一种交通工具，它既是城市公共交通工具，也用于连接城市间的长距离旅行。这个描述包含了城市公共交通工具的特点（如固定的路线和时间表）和长距离交通工具的特点（如大型、多车厢、高效运输乘客）。

3. 玩家4的描述则完全不同，他强调的是交通工具的灵活性，能够在没有固定轨道的线路上行驶，且不受固定路线和时间的限制。这一点与玩家1、2和3描述的固定路线和时间表的交通工具形成鲜明对比。

不一致之处总结：
- 玩家1、2和3的描述都指向了具有固定路线和时间表的交通工具，而玩家4的描述强调的是灵活性，没有提及固定路线和时间表。
- 玩家3的描述包含了城市公共交通和长距离旅行的特征，而玩家1和2的描述更专注于长距离旅行，玩家4的描述则与两者都不同。
2024-12-13 13:40:38,360 - 4 - INFO - **********JUDGER**********
你刚刚的分析是根据上述分析，我们可以找出以下不一致之处：

1. 玩家1和玩家2的描述都集中在具有固定路线和时间表的交通工具上，如火车或地铁，它们主要用于长距离旅行。

2. 玩家3的描述提到了一种交通工具，它既是城市公共交通工具，也用于连接城市间的长距离旅行。这个描述包含了城市公共交通工具的特点（如固定的路线和时间表）和长距离交通工具的特点（如大型、多车厢、高效运输乘客）。

3. 玩家4的描述则完全不同，他强调的是交通工具的灵活性，能够在没有固定轨道的线路上行驶，且不受固定路线和时间的限制。这一点与玩家1、2和3描述的固定路线和时间表的交通工具形成鲜明对比。

不一致之处总结：
- 玩家1、2和3的描述都指向了具有固定路线和时间表的交通工具，而玩家4的描述强调的是灵活性，没有提及固定路线和时间表。
- 玩家3的描述包含了城市公共交通和长距离旅行的特征，而玩家1和2的描述更专注于长距离旅行，玩家4的描述则与两者都不同。|| 请通过你分析的不一致之处，推断卧底身份，注意，这局游戏的词语分类为<交通工具>，卧底词和平民词都属于该类。
2024-12-13 13:40:43,135 - 4 - INFO - **********PLAYER4**********
根据分析的不一致之处，我们可以推断卧底身份如下：

- 玩家1、玩家2和玩家3的描述都指向了具有固定路线和时间表的交通工具，这表明他们可能持有相同的平民词，如火车或地铁。
- 玩家4的描述强调了交通工具的灵活性，没有提及固定路线和时间表，这与玩家1、2和玩家3的描述形成对比。

由于游戏规则中卧底词和平民词都属于同一类别（交通工具），且玩家4的描述与固定路线和时间表的描述不一致，这表明玩家4的描述可能与卧底词更接近。因此，根据这些信息，玩家4可能是卧底。
2024-12-13 13:40:43,136 - 4 - INFO - **********JUDGER**********
你刚刚的推断是根据分析的不一致之处，我们可以推断卧底身份如下：

- 玩家1、玩家2和玩家3的描述都指向了具有固定路线和时间表的交通工具，这表明他们可能持有相同的平民词，如火车或地铁。
- 玩家4的描述强调了交通工具的灵活性，没有提及固定路线和时间表，这与玩家1、2和玩家3的描述形成对比。

由于游戏规则中卧底词和平民词都属于同一类别（交通工具），且玩家4的描述与固定路线和时间表的描述不一致，这表明玩家4的描述可能与卧底词更接近。因此，根据这些信息，玩家4可能是卧底。|| 基于你刚刚的推断得出你的最终结论，请输出你认为的卧底，在这种情况下只需要输出编号，是1-4中的某个数字，不要输出其他信息。在这个过程不要进行任何推理，只对||以前的部分进行信息提取
2024-12-13 13:40:44,221 - 4 - INFO - **********PLAYER4**********
4
2024-12-13 13:40:51,703 - 4 - INFO - **********JUDGER**********
玩家1说：这是一个用于长途旅行的交通工具，它的主要特征是有多个车厢，可以容纳大量乘客。在<交通工具>类别中，它最突出的不同特征是通常有固定的路线和时间表，以及较长的行程时间。它是一种适用于长距离运输的车辆，拥有多个车厢，能够搭载众多乘客。在<交通工具>类别中，它以其在特定路线上的运行和固定的发车时间而著称。它是一种设计用于跨越长距离的交通工具，以其连续的行程和固定的停靠点而闻名。在<交通工具>类别中，它以其在预定轨道上的连续运行和定期的时间表而特别。玩家2说：这是一种载人行驶于轨道上的车辆，它的基本特征是依靠轮轴在铁轨上行驶。在该类别中，它最突出的不同特征是它通常具有固定的路线和时间表，以及较长的行程时间。这是一种大型陆地交通工具，主要用于长距离旅行。它的特点是拥有多个车厢，能够搭载大量乘客。在<交通工具>类别中，它以其在特定轨道上的运行和固定的发车时间而著称，通常用于长途运输，行程时间较长。这种交通工具的特点是它通常用于跨越较大的地理距离，它的设计允许它承载大量乘客，并且它的运行依赖于预先设定的轨道系统。它在<交通工具>类别中的显著特征是它的行程通常较长，且遵循固定的路线和时间表，这确保了它的准时性和可靠性。此外，它的速度相对较快，能够高效地连接不同城市或地区。玩家3说：它是一种主要用于城市公共交通的车辆，基本特征是可以在道路上行驶，并设有座位供乘客乘坐。在该类别中，它最突出的不同特征是它通常遵循固定的路线和时间表，并且具有频繁的发车频率。它是一种大型、多车厢的交通工具，主要用于连接城市间的长距离旅行。与城市公共交通车辆相比，它的路线通常更加固定，发车时间也更为规律，但相比其他长距离交通工具，它的发车频率则较为频繁。它的设计旨在高效地运输大量乘客，且行程时间相对较短，适合快速穿越城市和地区。它是一种长距离运输工具，拥有多个车厢，能够承载大量乘客。与城市公共交通相比，它的发车频率较低，但每次行程的时间较长。它的路线通常是固定的，遵循严格的时间表，确保了长途旅行的效率和准时性。这种交通工具的设计注重舒适性和安全性，适用于跨越较大地理距离的旅行。玩家4说：它的基本特征是依靠内燃机或电动机驱动，能够在道路上行驶。在该类（交通工具）中最突出不同的特征是它的灵活性，可以在没有固定轨道的线路上行驶，且不受固定路线和时间的限制。这种交通工具的特点是它的机动性，可以在不同的道路和路线之间自由行驶，不依赖于固定的轨道或路线。它通常用于日常通勤和长途旅行，能够快速到达目的地，不受固定发车时间的限制。它的设计注重舒适性和速度，能够搭载多乘客，且在行驶过程中可以灵活调整路线。你是第4号玩家，你的关键词是<汽车>。你的回答中绝对不能包含你的关键词<汽车>。这是第三轮描述，你之前的描述是它的基本特征是依靠内燃机或电动机驱动，能够在道路上行驶。在该类（交通工具）中最突出不同的特征是它的灵活性，可以在没有固定轨道的线路上行驶，且不受固定路线和时间的限制。和这种交通工具的特点是它的机动性，可以在不同的道路和路线之间自由行驶，不依赖于固定的轨道或路线。它通常用于日常通勤和长途旅行，能够快速到达目的地，不受固定发车时间的限制。它的设计注重舒适性和速度，能够搭载多乘客，且在行驶过程中可以灵活调整路线。，注意，这局游戏的词语分类为<交通工具>，卧底词和平民词都属于该类，请你补充关于关键词的描述，注意，你的描述应该比起之前的描述更加贴近关键词，作为之前的补充
2024-12-13 13:40:54,372 - 4 - INFO - **********PLAYER4**********
这种交通工具的特点是它能够在各种地形和路况下行驶，不依赖于特定的轨道或道路网络。它的设计允许它在城市街道、高速公路以及乡村小路上灵活穿梭。这种交通工具通常用于个人或小团体的短途和长途旅行，具有较好的载客能力和舒适的乘坐体验。它的运行不受固定路线和发车时间的限制，能够根据驾驶者的意愿随时出发和到达目的地。
2024-12-13 13:42:01,248 - 4 - INFO - **********JUDGER**********
玩家1说：这是一个用于长途旅行的交通工具，它的主要特征是有多个车厢，可以容纳大量乘客。在<交通工具>类别中，它最突出的不同特征是通常有固定的路线和时间表，以及较长的行程时间。它是一种适用于长距离运输的车辆，拥有多个车厢，能够搭载众多乘客。在<交通工具>类别中，它以其在特定路线上的运行和固定的发车时间而著称。它是一种设计用于跨越长距离的交通工具，以其连续的行程和固定的停靠点而闻名。在<交通工具>类别中，它以其在预定轨道上的连续运行和定期的时间表而特别。玩家2说：这是一种载人行驶于轨道上的车辆，它的基本特征是依靠轮轴在铁轨上行驶。在该类别中，它最突出的不同特征是它通常具有固定的路线和时间表，以及较长的行程时间。这是一种大型陆地交通工具，主要用于长距离旅行。它的特点是拥有多个车厢，能够搭载大量乘客。在<交通工具>类别中，它以其在特定轨道上的运行和固定的发车时间而著称，通常用于长途运输，行程时间较长。这种交通工具的特点是它通常用于跨越较大的地理距离，它的设计允许它承载大量乘客，并且它的运行依赖于预先设定的轨道系统。它在<交通工具>类别中的显著特征是它的行程通常较长，且遵循固定的路线和时间表，这确保了它的准时性和可靠性。此外，它的速度相对较快，能够高效地连接不同城市或地区。玩家3说：它是一种主要用于城市公共交通的车辆，基本特征是可以在道路上行驶，并设有座位供乘客乘坐。在该类别中，它最突出的不同特征是它通常遵循固定的路线和时间表，并且具有频繁的发车频率。它是一种大型、多车厢的交通工具，主要用于连接城市间的长距离旅行。与城市公共交通车辆相比，它的路线通常更加固定，发车时间也更为规律，但相比其他长距离交通工具，它的发车频率则较为频繁。它的设计旨在高效地运输大量乘客，且行程时间相对较短，适合快速穿越城市和地区。它是一种长距离运输工具，拥有多个车厢，能够承载大量乘客。与城市公共交通相比，它的发车频率较低，但每次行程的时间较长。它的路线通常是固定的，遵循严格的时间表，确保了长途旅行的效率和准时性。这种交通工具的设计注重舒适性和安全性，适用于跨越较大地理距离的旅行。玩家4说：它的基本特征是依靠内燃机或电动机驱动，能够在道路上行驶。在该类（交通工具）中最突出不同的特征是它的灵活性，可以在没有固定轨道的线路上行驶，且不受固定路线和时间的限制。这种交通工具的特点是它的机动性，可以在不同的道路和路线之间自由行驶，不依赖于固定的轨道或路线。它通常用于日常通勤和长途旅行，能够快速到达目的地，不受固定发车时间的限制。它的设计注重舒适性和速度，能够搭载多乘客，且在行驶过程中可以灵活调整路线。这种交通工具的特点是它能够在各种地形和路况下行驶，不依赖于特定的轨道或道路网络。它的设计允许它在城市街道、高速公路以及乡村小路上灵活穿梭。这种交通工具通常用于个人或小团体的短途和长途旅行，具有较好的载客能力和舒适的乘坐体验。它的运行不受固定路线和发车时间的限制，能够根据驾驶者的意愿随时出发和到达目的地。||在这个游戏中，我们需要通过分析每位玩家的描述来找出卧底。通常，平民的描述会围绕相同的词语展开，而卧底的描述可能会因为词语的不同而显得不太一致。我们需要仔细比较每个描述之间的相似性和差异性，以找出可能的卧底，注意，卧底并不会隐藏自己，他会直接描述他的词语，现在，逐一分析每个玩家的描述，注意，这局游戏的词语分类为<交通工具>，卧底词和平民词都属于该类。||之前是第3轮描述和之前轮数描述的合集。你之前认为的卧底是玩家4。
2024-12-13 13:42:08,952 - 4 - INFO - **********PLAYER4**********
根据第三轮描述和之前轮数的描述，我们可以进行以下分析：

玩家1的描述非常具体，强调了长途旅行、多个车厢、固定路线和时间表，以及连续的行程和固定的停靠点，这指向的是火车或类似的铁路交通工具。

玩家2的描述与玩家1的描述非常相似，也提到了轨道、固定路线和时间表、长距离旅行、多个车厢，这进一步强化了火车或地铁的可能性。

玩家3的描述提到了城市公共交通车辆，但也提到了它用于长距离旅行，具有固定路线和时间表，这听起来像是高速列车或城际列车。

玩家4的描述与其他玩家的描述存在显著差异。他强调了灵活性、没有固定轨道的线路、不受固定路线和时间的限制，以及能够在各种地形和路况下行驶。这些特征与火车、地铁或高速列车等固定路线和时间表的交通工具形成了对比。

基于这些描述，玩家4的描述仍然与其他玩家的描述存在不一致之处，他强调了交通工具的灵活性，而其他玩家则强调了固定路线和时间表。因此，如果之前的推断是基于描述的不一致性和灵活性这一特征，那么玩家4仍然是一个可能的卧底嫌疑人。

综合考虑，玩家4的描述与其他玩家的描述差异最大，他的关键词可能是与固定路线和时间表相反的交通工具，如汽车。因此，根据描述的不一致性和灵活性这一特征，玩家4仍然是一个可能的卧底嫌疑人。
2024-12-13 13:42:08,954 - 4 - INFO - **********JUDGER**********
你刚刚的分析是根据第三轮描述和之前轮数的描述，我们可以进行以下分析：

玩家1的描述非常具体，强调了长途旅行、多个车厢、固定路线和时间表，以及连续的行程和固定的停靠点，这指向的是火车或类似的铁路交通工具。

玩家2的描述与玩家1的描述非常相似，也提到了轨道、固定路线和时间表、长距离旅行、多个车厢，这进一步强化了火车或地铁的可能性。

玩家3的描述提到了城市公共交通车辆，但也提到了它用于长距离旅行，具有固定路线和时间表，这听起来像是高速列车或城际列车。

玩家4的描述与其他玩家的描述存在显著差异。他强调了灵活性、没有固定轨道的线路、不受固定路线和时间的限制，以及能够在各种地形和路况下行驶。这些特征与火车、地铁或高速列车等固定路线和时间表的交通工具形成了对比。

基于这些描述，玩家4的描述仍然与其他玩家的描述存在不一致之处，他强调了交通工具的灵活性，而其他玩家则强调了固定路线和时间表。因此，如果之前的推断是基于描述的不一致性和灵活性这一特征，那么玩家4仍然是一个可能的卧底嫌疑人。

综合考虑，玩家4的描述与其他玩家的描述差异最大，他的关键词可能是与固定路线和时间表相反的交通工具，如汽车。因此，根据描述的不一致性和灵活性这一特征，玩家4仍然是一个可能的卧底嫌疑人。|| `请根据上述分析，比较描述以找出不一致之处，注意，这局游戏的词语分类为<交通工具>，卧底词和平民词都属于该类。
2024-12-13 13:42:14,186 - 4 - INFO - **********PLAYER4**********
根据上述分析，不一致之处可以总结如下：

1. 玩家1和玩家2的描述都指向了铁路交通工具，如火车或地铁，它们的特点是固定路线和时间表，以及长距离旅行。

2. 玩家3的描述虽然提到了城市公共交通车辆，但也强调了它用于长距离旅行，具有固定路线和时间表，这指向了高速列车或城际列车。

3. 玩家4的描述与其他玩家的描述存在显著差异。他没有提到固定路线和时间表，而是强调了交通工具的灵活性、没有固定轨道的线路、不受固定路线和时间的限制，以及能够在各种地形和路况下行驶。

不一致之处总结：
- 玩家1、2和3的描述都强调了固定路线和时间表，而玩家4的描述没有提及这些特征，反而强调了灵活性。
- 玩家4的描述与铁路交通工具的特点不符，而是更接近于一种可以自由行驶的交通工具。
2024-12-13 13:42:14,188 - 4 - INFO - **********JUDGER**********
你刚刚的分析是根据上述分析，不一致之处可以总结如下：

1. 玩家1和玩家2的描述都指向了铁路交通工具，如火车或地铁，它们的特点是固定路线和时间表，以及长距离旅行。

2. 玩家3的描述虽然提到了城市公共交通车辆，但也强调了它用于长距离旅行，具有固定路线和时间表，这指向了高速列车或城际列车。

3. 玩家4的描述与其他玩家的描述存在显著差异。他没有提到固定路线和时间表，而是强调了交通工具的灵活性、没有固定轨道的线路、不受固定路线和时间的限制，以及能够在各种地形和路况下行驶。

不一致之处总结：
- 玩家1、2和3的描述都强调了固定路线和时间表，而玩家4的描述没有提及这些特征，反而强调了灵活性。
- 玩家4的描述与铁路交通工具的特点不符，而是更接近于一种可以自由行驶的交通工具。|| 请通过你分析的不一致之处，推断卧底身份，注意，这局游戏的词语分类为<交通工具>，卧底词和平民词都属于该类。
2024-12-13 13:42:21,442 - 4 - INFO - **********PLAYER4**********
基于分析的不一致之处，可以推断卧底身份如下：

- 玩家1、玩家2和玩家3的描述都指向了具有固定路线和时间表的交通工具，如火车、地铁或高速列车，这些都是铁路交通工具。
- 玩家4的描述则与这些铁路交通工具的特点相反，他描述的交通工具具有灵活性、没有固定轨道的线路、不受固定路线和时间的限制，以及能够在各种地形和路况下行驶。

考虑到游戏规则中卧底词和平民词都属于同一类别（交通工具），且玩家4的描述与铁路交通工具的固定路线和时间表特征不符，玩家4的描述更可能是卧底。因此，根据描述的不一致性和灵活性这一特征，玩家4可能是卧底。
2024-12-13 13:42:21,446 - 4 - INFO - **********JUDGER**********
你刚刚的推断是基于分析的不一致之处，可以推断卧底身份如下：

- 玩家1、玩家2和玩家3的描述都指向了具有固定路线和时间表的交通工具，如火车、地铁或高速列车，这些都是铁路交通工具。
- 玩家4的描述则与这些铁路交通工具的特点相反，他描述的交通工具具有灵活性、没有固定轨道的线路、不受固定路线和时间的限制，以及能够在各种地形和路况下行驶。

考虑到游戏规则中卧底词和平民词都属于同一类别（交通工具），且玩家4的描述与铁路交通工具的固定路线和时间表特征不符，玩家4的描述更可能是卧底。因此，根据描述的不一致性和灵活性这一特征，玩家4可能是卧底。|| 基于你刚刚的推断得出你的最终结论，请输出你认为的卧底，在这种情况下只需要输出编号，是1-4中的某个数字，不要输出其他信息。在这个过程不要进行任何推理，只对||以前的部分进行信息提取
2024-12-13 13:42:23,278 - 4 - INFO - **********PLAYER4**********
4
2024-12-13 13:42:23,279 - 4 - INFO - **********JUDGER**********
你认为卧底是你自己。你现在需要随便选一个人投票。请输出一个数字，是1-4中的某个数字，但这个数字不能是4，不要输出其他信息。
2024-12-13 13:42:24,806 - 4 - INFO - **********PLAYER4**********
1
