2024-12-13 12:45:46,717 - 1 - INFO - **********JUDGER**********
让我们来玩一个叫做<谁是卧底>的推理游戏。基本规则：<人数>：4人。<角色分配>：每位玩家随机抽取一个词语，3名玩家拿到的词语是相同的（平民词），1名玩家拿到与之相近但不同的词语（卧底词）。<游戏流程>：1、玩家轮流描述自己的词语，但<不能>直接说出词语本身。2、描述完毕后，投票选出最像卧底的玩家。3、每轮结束后，被投票选出的玩家出局，不能再进行描述或投票。4、每轮投票结束后，如果卧底被成功找出，平民方获胜；如果卧底未被找出且卧底人数等于或超过平民人数，则卧底方获胜。你将扮演一个<玩家>，请等待你被分配到的关键词。如果你听懂了，只回答，"好的，我准备好参加游戏了"，不要输出别的信息
2024-12-13 12:45:48,629 - 1 - INFO - **********PLAYER1**********
好的，我准备好参加游戏了
2024-12-13 12:45:53,741 - 1 - INFO - **********JUDGER**********
玩家1说：玩家2说：玩家3说：玩家4说：|| 你是第1号玩家，你的关键词是<芒果>。你的回答中绝对不能包含你的关键词<芒果>。这是第一轮描述，不需要分析||之前别的玩家的描述，请你描述关键词基本特征，注意，这局游戏的词语分类为<水果>，卧底词和平民词都属于该类，描述包括以下两点，1.他的基本特征是什么2.他在该类（水果）中最突出不同的特征是什么，尽量简短
2024-12-13 12:45:55,752 - 1 - INFO - **********PLAYER1**********
这个水果色泽鲜艳，通常呈橙黄色。在水果类中，它最突出的不同特征是味道独特，酸甜适中。
2024-12-13 12:46:03,755 - 1 - INFO - **********JUDGER**********
玩家1说：这个水果色泽鲜艳，通常呈橙黄色。在水果类中，它最突出的不同特征是味道独特，酸甜适中。玩家2说：这种水果通常有着丰富的汁水，味道既甜又带有一丝微酸。在同类水果中，它最特别的地方在于果肉呈细腻的纤维状。玩家3说：这个水果形状圆润，皮薄易剥。在同类水果中，它最特别的是拥有独特的香味和丰富的营养。玩家4说：||在这个游戏中，我们需要通过分析每位玩家的描述来找出卧底。通常，平民的描述会围绕相同的词语展开，而卧底的描述可能会因为词语的不同而显得不太一致。我们需要仔细比较每个描述之间的相似性和差异性，以找出可能的卧底，注意，卧底并不会隐藏自己，他会直接描述他的词语，现在，逐一分析每个玩家的描述，注意，这局游戏的词语分类为<水果>，卧底词和平民词都属于该类。这是第一轮描述。
2024-12-13 12:46:08,498 - 1 - INFO - **********PLAYER1**********
我注意到玩家1、2和3的描述都集中在水果的色泽、味道、汁水、果肉和香味等方面，而我的描述则强调了水果的基本特征和味道。虽然我的描述没有直接提及“汁水”和“香味”，但它们并没有与我的关键词“芒果”产生冲突。因此，我会保持警惕，同时观察其他玩家的描述是否在接下来的轮次中变得更加一致或者出现矛盾，以便更好地判断谁是卧底。
2024-12-13 12:46:08,500 - 1 - INFO - **********JUDGER**********
你刚刚的分析是我注意到玩家1、2和3的描述都集中在水果的色泽、味道、汁水、果肉和香味等方面，而我的描述则强调了水果的基本特征和味道。虽然我的描述没有直接提及“汁水”和“香味”，但它们并没有与我的关键词“芒果”产生冲突。因此，我会保持警惕，同时观察其他玩家的描述是否在接下来的轮次中变得更加一致或者出现矛盾，以便更好地判断谁是卧底。|| `请根据上述分析，比较描述以找出不一致之处，注意，这局游戏的词语分类为<水果>，卧底词和平民词都属于该类。
2024-12-13 12:46:19,772 - 1 - INFO - **********PLAYER1**********
根据上述分析，我们可以比较描述中的一致性和不一致性如下：

1. **色泽和形状**：玩家1、2、3和我的描述都提到了水果的色泽和形状，但没有明显的冲突。我的描述强调了基本特征，而其他玩家可能更具体地描述了形状或色泽。

2. **味道**：玩家1、2和我的描述都提到了味道，但没有明确指出是甜还是酸，或者甜酸的比例。玩家3的描述提到了“独特的香味”，这可能与我的关键词“芒果”不符，因为芒果的味道通常是甜的，而不是强调香味。

3. **汁水和果肉**：玩家2提到了“丰富的汁水”和“细腻的纤维状果肉”，这与我的描述没有直接冲突，但也没有重叠。

4. **营养**：玩家3提到了“丰富的营养”，这在我的描述中没有提及，但也不一定与我的关键词“芒果”相矛盾。

5. **香味**：玩家3特别提到了“独特的香味”，这是我的描述中没有提到的，如果卧底是芒果，这个描述可能是不一致的，因为芒果的突出特征是甜味而非香味。

综上所述，玩家3的描述中提到的“独特的香味”可能是与其他玩家描述不一致的地方，这可能是卧底的一个线索。不过，没有更多的信息，我们无法确定这一点，需要继续观察后续的描述和投票情况。
2024-12-13 12:46:19,773 - 1 - INFO - **********JUDGER**********
你刚刚的分析是根据上述分析，我们可以比较描述中的一致性和不一致性如下：

1. **色泽和形状**：玩家1、2、3和我的描述都提到了水果的色泽和形状，但没有明显的冲突。我的描述强调了基本特征，而其他玩家可能更具体地描述了形状或色泽。

2. **味道**：玩家1、2和我的描述都提到了味道，但没有明确指出是甜还是酸，或者甜酸的比例。玩家3的描述提到了“独特的香味”，这可能与我的关键词“芒果”不符，因为芒果的味道通常是甜的，而不是强调香味。

3. **汁水和果肉**：玩家2提到了“丰富的汁水”和“细腻的纤维状果肉”，这与我的描述没有直接冲突，但也没有重叠。

4. **营养**：玩家3提到了“丰富的营养”，这在我的描述中没有提及，但也不一定与我的关键词“芒果”相矛盾。

5. **香味**：玩家3特别提到了“独特的香味”，这是我的描述中没有提到的，如果卧底是芒果，这个描述可能是不一致的，因为芒果的突出特征是甜味而非香味。

综上所述，玩家3的描述中提到的“独特的香味”可能是与其他玩家描述不一致的地方，这可能是卧底的一个线索。不过，没有更多的信息，我们无法确定这一点，需要继续观察后续的描述和投票情况。|| 请通过你分析的不一致之处，推断卧底身份，注意，这局游戏的词语分类为<水果>，卧底词和平民词都属于该类。
2024-12-13 12:46:30,407 - 1 - INFO - **********PLAYER1**********
基于上述分析，如果我的关键词是“芒果”，那么我的描述应该会围绕芒果的特征进行，比如它的甜味、金黄色、核大等。然而，玩家3的描述中提到了“独特的香味”，这与芒果通常的甜味特征不符。芒果的香味通常不是其最突出的特征，而是其甜美的味道。

因此，考虑到这一点，玩家3的描述中的“独特的香味”可能是与其他玩家描述不一致的地方，这使我倾向于怀疑玩家3可能是卧底。卧底可能是选择了与“芒果”相似但描述上有所不同的水果，比如“柠檬”，因为柠檬以其酸味和香味而闻名。

然而，这只是一个推断，卧底也可能选择了其他与芒果特征有所区别的水果。为了确定卧底的身份，我们需要继续观察后续的描述和投票情况，以便收集更多证据来支持或反驳这一猜测。
2024-12-13 12:46:30,408 - 1 - INFO - **********JUDGER**********
你刚刚的推断是基于上述分析，如果我的关键词是“芒果”，那么我的描述应该会围绕芒果的特征进行，比如它的甜味、金黄色、核大等。然而，玩家3的描述中提到了“独特的香味”，这与芒果通常的甜味特征不符。芒果的香味通常不是其最突出的特征，而是其甜美的味道。

因此，考虑到这一点，玩家3的描述中的“独特的香味”可能是与其他玩家描述不一致的地方，这使我倾向于怀疑玩家3可能是卧底。卧底可能是选择了与“芒果”相似但描述上有所不同的水果，比如“柠檬”，因为柠檬以其酸味和香味而闻名。

然而，这只是一个推断，卧底也可能选择了其他与芒果特征有所区别的水果。为了确定卧底的身份，我们需要继续观察后续的描述和投票情况，以便收集更多证据来支持或反驳这一猜测。|| 基于你刚刚的推断得出你的最终结论，请输出你认为的卧底，在这种情况下只需要输出编号，是1-4中的某个数字，不要输出其他信息。在这个过程不要进行任何推理，只对||以前的部分进行信息提取
2024-12-13 12:46:31,294 - 1 - INFO - **********PLAYER1**********
3
2024-12-13 12:48:34,537 - 1 - INFO - **********JUDGER**********
玩家1说：这个水果色泽鲜艳，通常呈橙黄色。在水果类中，它最突出的不同特征是味道独特，酸甜适中。玩家2说：这种水果通常有着丰富的汁水，味道既甜又带有一丝微酸。在同类水果中，它最特别的地方在于果肉呈细腻的纤维状。玩家3说：这个水果形状圆润，皮薄易剥。在同类水果中，它最特别的是拥有独特的香味和丰富的营养。玩家4说：这个水果拥有厚实的果皮，内部肉质柔软。它在同类水果中最特别的是拥有浓郁的香气和独特的味道。你是第1号玩家，你的关键词是<芒果>。你的回答中绝对不能包含你的关键词<芒果>。这是第二轮描述，你之前的描述是这个水果色泽鲜艳，通常呈橙黄色。在水果类中，它最突出的不同特征是味道独特，酸甜适中。，注意，这局游戏的词语分类为<水果>，卧底词和平民词都属于该类，请你补充关于关键词的描述，注意，你的描述应该比起之前的描述更加贴近关键词，作为之前的补充
2024-12-13 12:48:38,794 - 1 - INFO - **********PLAYER1**********
这个水果的核相对较大，且肉质细腻，适合食用。它在同类水果中以其甜美的口感和丰富的维生素含量而受到喜爱。
2024-12-13 12:48:53,134 - 1 - INFO - **********JUDGER**********
玩家1说：这个水果色泽鲜艳，通常呈橙黄色。在水果类中，它最突出的不同特征是味道独特，酸甜适中。这个水果的核相对较大，且肉质细腻，适合食用。它在同类水果中以其甜美的口感和丰富的维生素含量而受到喜爱。玩家2说：这种水果通常有着丰富的汁水，味道既甜又带有一丝微酸。在同类水果中，它最特别的地方在于果肉呈细腻的纤维状。这种水果的果实较大，成熟时呈现出诱人的黄色。它的味道非常甜美，有时会带有一点微微的酸味，让人回味无穷。在同类水果中，它的纤维质果肉特别细腻，口感十分滑润。玩家3说：这个水果形状圆润，皮薄易剥。在同类水果中，它最特别的是拥有独特的香味和丰富的营养。这个水果的果肉颜色鲜艳，口感细腻，富含多种维生素。它的香味浓郁，让人一闻便知其独特之处。与同类水果相比，它的营养更为丰富，对健康有益。玩家4说：这个水果拥有厚实的果皮，内部肉质柔软。它在同类水果中最特别的是拥有浓郁的香气和独特的味道。||在这个游戏中，我们需要通过分析每位玩家的描述来找出卧底。通常，平民的描述会围绕相同的词语展开，而卧底的描述可能会因为词语的不同而显得不太一致。我们需要仔细比较每个描述之间的相似性和差异性，以找出可能的卧底，注意，卧底并不会隐藏自己，他会直接描述他的词语，现在，逐一分析每个玩家的描述，注意，这局游戏的词语分类为<水果>，卧底词和平民词都属于该类。||之前是第2轮描述和之前轮数描述的合集。你之前认为的卧底是玩家3。
2024-12-13 12:48:54,146 - 1 - INFO - **********PLAYER1**********
玩家4
2024-12-13 12:48:54,147 - 1 - INFO - **********JUDGER**********
你刚刚的分析是玩家4|| `请根据上述分析，比较描述以找出不一致之处，注意，这局游戏的词语分类为<水果>，卧底词和平民词都属于该类。
2024-12-13 12:49:08,366 - 1 - INFO - **********PLAYER1**********
在比较玩家1、2、3和4的描述时，我们可以注意到以下不一致之处：

1. **色泽描述**：玩家1和2都提到了水果呈橙黄色，而玩家3描述的是果肉颜色鲜艳，玩家4则提到了厚实的果皮和内部肉质柔软，没有明确提到色泽。

2. **味道描述**：玩家1和2都提到了酸甜适中或既甜又带有一丝微酸的味道，而玩家3强调了独特的香味和丰富的营养，玩家4描述了浓郁的香气和独特的味道，但没有提到酸甜。

3. **汁水描述**：玩家2提到了丰富的汁水，而玩家1、3和4没有提到这一点。

4. **果肉描述**：玩家2特别提到了细腻的纤维状果肉，而玩家1、3和4没有这样的描述。

5. **香味描述**：玩家3和4都强调了香味，但玩家3提到的是独特的香味和丰富的营养，而玩家4提到的是浓郁的香气和独特的味道。

6. **营养描述**：玩家3提到了丰富的营养，而玩家1、2和4没有这样的描述。

7. **形状描述**：玩家3提到了形状圆润，而玩家1、2和4没有提到形状。

这些不一致之处表明玩家3和4的描述可能与我的关键词“芒果”有所不同，而玩家1和2的描述则更接近。因此，这些不一致之处可能是找出卧底的关键。
2024-12-13 12:49:08,371 - 1 - INFO - **********JUDGER**********
你刚刚的分析是在比较玩家1、2、3和4的描述时，我们可以注意到以下不一致之处：

1. **色泽描述**：玩家1和2都提到了水果呈橙黄色，而玩家3描述的是果肉颜色鲜艳，玩家4则提到了厚实的果皮和内部肉质柔软，没有明确提到色泽。

2. **味道描述**：玩家1和2都提到了酸甜适中或既甜又带有一丝微酸的味道，而玩家3强调了独特的香味和丰富的营养，玩家4描述了浓郁的香气和独特的味道，但没有提到酸甜。

3. **汁水描述**：玩家2提到了丰富的汁水，而玩家1、3和4没有提到这一点。

4. **果肉描述**：玩家2特别提到了细腻的纤维状果肉，而玩家1、3和4没有这样的描述。

5. **香味描述**：玩家3和4都强调了香味，但玩家3提到的是独特的香味和丰富的营养，而玩家4提到的是浓郁的香气和独特的味道。

6. **营养描述**：玩家3提到了丰富的营养，而玩家1、2和4没有这样的描述。

7. **形状描述**：玩家3提到了形状圆润，而玩家1、2和4没有提到形状。

这些不一致之处表明玩家3和4的描述可能与我的关键词“芒果”有所不同，而玩家1和2的描述则更接近。因此，这些不一致之处可能是找出卧底的关键。|| 请通过你分析的不一致之处，推断卧底身份，注意，这局游戏的词语分类为<水果>，卧底词和平民词都属于该类。
2024-12-13 12:49:09,537 - 1 - INFO - **********PLAYER1**********
3
2024-12-13 12:49:09,538 - 1 - INFO - **********JUDGER**********
你刚刚的推断是3|| 基于你刚刚的推断得出你的最终结论，请输出你认为的卧底，在这种情况下只需要输出编号，是1-4中的某个数字，不要输出其他信息。在这个过程不要进行任何推理，只对||以前的部分进行信息提取
2024-12-13 12:49:10,384 - 1 - INFO - **********PLAYER1**********
3
2024-12-13 12:51:15,573 - 1 - INFO - **********JUDGER**********
玩家1说：这个水果色泽鲜艳，通常呈橙黄色。在水果类中，它最突出的不同特征是味道独特，酸甜适中。这个水果的核相对较大，且肉质细腻，适合食用。它在同类水果中以其甜美的口感和丰富的维生素含量而受到喜爱。玩家2说：这种水果通常有着丰富的汁水，味道既甜又带有一丝微酸。在同类水果中，它最特别的地方在于果肉呈细腻的纤维状。这种水果的果实较大，成熟时呈现出诱人的黄色。它的味道非常甜美，有时会带有一点微微的酸味，让人回味无穷。在同类水果中，它的纤维质果肉特别细腻，口感十分滑润。玩家3说：这个水果形状圆润，皮薄易剥。在同类水果中，它最特别的是拥有独特的香味和丰富的营养。这个水果的果肉颜色鲜艳，口感细腻，富含多种维生素。它的香味浓郁，让人一闻便知其独特之处。与同类水果相比，它的营养更为丰富，对健康有益。玩家4说：这个水果拥有厚实的果皮，内部肉质柔软。它在同类水果中最特别的是拥有浓郁的香气和独特的味道。这个水果的香气非常强烈，能够迅速弥漫整个空间。它的果肉虽然柔软，但颗粒分明，口感独特。这种水果的香味和味道都非常浓郁，让人在品尝后难以忘怀。在同类水果中，它的香气和味道是独一无二的，通常与它相关的描述都是正面的，尽管有人可能对其味道有不同的看法。你是第1号玩家，你的关键词是<芒果>。你的回答中绝对不能包含你的关键词<芒果>。这是第三轮描述，你之前的描述是这个水果色泽鲜艳，通常呈橙黄色。在水果类中，它最突出的不同特征是味道独特，酸甜适中。和这个水果的核相对较大，且肉质细腻，适合食用。它在同类水果中以其甜美的口感和丰富的维生素含量而受到喜爱。，注意，这局游戏的词语分类为<水果>，卧底词和平民词都属于该类，请你补充关于关键词的描述，注意，你的描述应该比起之前的描述更加贴近关键词，作为之前的补充
2024-12-13 12:51:21,825 - 1 - INFO - **********PLAYER1**********
这个水果的核位于中心，质地较硬，食用时需小心。它的肉质柔软，口感多汁，含有多种营养成分。这种水果在成熟时，其外皮会呈现出诱人的金黄色。
2024-12-13 12:51:33,761 - 1 - INFO - **********JUDGER**********
玩家1说：这个水果色泽鲜艳，通常呈橙黄色。在水果类中，它最突出的不同特征是味道独特，酸甜适中。这个水果的核相对较大，且肉质细腻，适合食用。它在同类水果中以其甜美的口感和丰富的维生素含量而受到喜爱。这个水果的核位于中心，质地较硬，食用时需小心。它的肉质柔软，口感多汁，含有多种营养成分。这种水果在成熟时，其外皮会呈现出诱人的金黄色。玩家2说：这种水果通常有着丰富的汁水，味道既甜又带有一丝微酸。在同类水果中，它最特别的地方在于果肉呈细腻的纤维状。这种水果的果实较大，成熟时呈现出诱人的黄色。它的味道非常甜美，有时会带有一点微微的酸味，让人回味无穷。在同类水果中，它的纤维质果肉特别细腻，口感十分滑润。这个水果富含汁液，口感细腻，成熟时散发出独特的香气。它在同类水果中以其甜中带酸的味道而著称，是一种令人愉悦的食用选择。玩家3说：这个水果形状圆润，皮薄易剥。在同类水果中，它最特别的是拥有独特的香味和丰富的营养。这个水果的果肉颜色鲜艳，口感细腻，富含多种维生素。它的香味浓郁，让人一闻便知其独特之处。与同类水果相比，它的营养更为丰富，对健康有益。这个水果的核位于中心，质地较硬，食用时需小心。它的肉质柔软，口感多汁，含有多种营养成分。这种水果在成熟时，其外皮会呈现出诱人的金黄色。玩家4说：这个水果拥有厚实的果皮，内部肉质柔软。它在同类水果中最特别的是拥有浓郁的香气和独特的味道。这个水果的香气非常强烈，能够迅速弥漫整个空间。它的果肉虽然柔软，但颗粒分明，口感独特。这种水果的香味和味道都非常浓郁，让人在品尝后难以忘怀。在同类水果中，它的香气和味道是独一无二的，通常与它相关的描述都是正面的，尽管有人可能对其味道有不同的看法。这个水果的果皮虽然厚实，但质感坚硬，不易剥开。它的内部肉质柔软，含有大量汁液，散发出强烈的、令人难以抗拒的香气。这种水果的味道浓郁而复杂，既有甜味，又有微妙的酸味，给人一种独特的口感体验。在同类水果中，它的香气和味道都是最为突出的特征。||在这个游戏中，我们需要通过分析每位玩家的描述来找出卧底。通常，平民的描述会围绕相同的词语展开，而卧底的描述可能会因为词语的不同而显得不太一致。我们需要仔细比较每个描述之间的相似性和差异性，以找出可能的卧底，注意，卧底并不会隐藏自己，他会直接描述他的词语，现在，逐一分析每个玩家的描述，注意，这局游戏的词语分类为<水果>，卧底词和平民词都属于该类。||之前是第3轮描述和之前轮数描述的合集。你之前认为的卧底是玩家3。
2024-12-13 12:51:34,898 - 1 - INFO - **********PLAYER1**********
3
2024-12-13 12:51:34,899 - 1 - INFO - **********JUDGER**********
你刚刚的分析是3|| `请根据上述分析，比较描述以找出不一致之处，注意，这局游戏的词语分类为<水果>，卧底词和平民词都属于该类。
2024-12-13 12:51:47,730 - 1 - INFO - **********PLAYER1**********
在分析第3轮和之前描述的相似性和差异性时，我们可以观察到以下几点不一致之处：

1. **色泽描述**：玩家1和玩家2都提到了水果的色泽鲜艳，通常呈橙黄色，而玩家3和4没有明确提到色泽。

2. **味道描述**：玩家1和2描述的味道是酸甜适中，而玩家3提到了独特的香味和丰富的营养，玩家4提到了浓郁的香气和独特的味道。这表明玩家3的描述可能指向卧底。

3. **汁水描述**：玩家2提到了丰富的汁水，而玩家1、3和4没有提及。

4. **果肉描述**：玩家2和4都提到了细腻的纤维状果肉或柔软的肉质，而玩家1没有提到。

5. **香气描述**：玩家3和4都强调了香味，但描述的具体内容和强度不同。

6. **营养描述**：玩家3和4都提到了丰富的营养，而玩家1和2没有提及。

综上所述，玩家3的描述在色泽、汁水、香气和营养方面的描述与其他玩家的描述存在不一致之处，尤其是对香味的描述与“芒果”的特征不完全一致。因此，根据这些不一致之处，我推测玩家3可能是卧底。
2024-12-13 12:51:47,732 - 1 - INFO - **********JUDGER**********
你刚刚的分析是在分析第3轮和之前描述的相似性和差异性时，我们可以观察到以下几点不一致之处：

1. **色泽描述**：玩家1和玩家2都提到了水果的色泽鲜艳，通常呈橙黄色，而玩家3和4没有明确提到色泽。

2. **味道描述**：玩家1和2描述的味道是酸甜适中，而玩家3提到了独特的香味和丰富的营养，玩家4提到了浓郁的香气和独特的味道。这表明玩家3的描述可能指向卧底。

3. **汁水描述**：玩家2提到了丰富的汁水，而玩家1、3和4没有提及。

4. **果肉描述**：玩家2和4都提到了细腻的纤维状果肉或柔软的肉质，而玩家1没有提到。

5. **香气描述**：玩家3和4都强调了香味，但描述的具体内容和强度不同。

6. **营养描述**：玩家3和4都提到了丰富的营养，而玩家1和2没有提及。

综上所述，玩家3的描述在色泽、汁水、香气和营养方面的描述与其他玩家的描述存在不一致之处，尤其是对香味的描述与“芒果”的特征不完全一致。因此，根据这些不一致之处，我推测玩家3可能是卧底。|| 请通过你分析的不一致之处，推断卧底身份，注意，这局游戏的词语分类为<水果>，卧底词和平民词都属于该类。
2024-12-13 12:51:49,005 - 1 - INFO - **********PLAYER1**********
3
2024-12-13 12:51:49,006 - 1 - INFO - **********JUDGER**********
你刚刚的推断是3|| 基于你刚刚的推断得出你的最终结论，请输出你认为的卧底，在这种情况下只需要输出编号，是1-4中的某个数字，不要输出其他信息。在这个过程不要进行任何推理，只对||以前的部分进行信息提取
2024-12-13 12:51:50,170 - 1 - INFO - **********PLAYER1**********
3
