2024-12-13 12:45:49,549 - 2 - INFO - **********JUDGER**********
让我们来玩一个叫做<谁是卧底>的推理游戏。基本规则：<人数>：4人。<角色分配>：每位玩家随机抽取一个词语，3名玩家拿到的词语是相同的（平民词），1名玩家拿到与之相近但不同的词语（卧底词）。<游戏流程>：1、玩家轮流描述自己的词语，但<不能>直接说出词语本身。2、描述完毕后，投票选出最像卧底的玩家。3、每轮结束后，被投票选出的玩家出局，不能再进行描述或投票。4、每轮投票结束后，如果卧底被成功找出，平民方获胜；如果卧底未被找出且卧底人数等于或超过平民人数，则卧底方获胜。你将扮演一个<玩家>，请等待你被分配到的关键词。如果你听懂了，只回答，"好的，我准备好参加游戏了"，不要输出别的信息
2024-12-13 12:45:50,570 - 2 - INFO - **********PLAYER2**********
好的，我准备好参加游戏了
2024-12-13 12:45:55,754 - 2 - INFO - **********JUDGER**********
玩家1说：这个水果色泽鲜艳，通常呈橙黄色。在水果类中，它最突出的不同特征是味道独特，酸甜适中。玩家2说：玩家3说：玩家4说：|| 你是第2号玩家，你的关键词是<芒果>。你的回答中绝对不能包含你的关键词<芒果>。这是第一轮描述，不需要分析||之前别的玩家的描述，请你描述关键词基本特征，注意，这局游戏的词语分类为<水果>，卧底词和平民词都属于该类，描述包括以下两点，1.他的基本特征是什么2.他在该类（水果）中最突出不同的特征是什么，尽量简短
2024-12-13 12:45:58,906 - 2 - INFO - **********PLAYER2**********
这种水果通常有着丰富的汁水，味道既甜又带有一丝微酸。在同类水果中，它最特别的地方在于果肉呈细腻的纤维状。
2024-12-13 12:46:31,295 - 2 - INFO - **********JUDGER**********
玩家1说：这个水果色泽鲜艳，通常呈橙黄色。在水果类中，它最突出的不同特征是味道独特，酸甜适中。玩家2说：这种水果通常有着丰富的汁水，味道既甜又带有一丝微酸。在同类水果中，它最特别的地方在于果肉呈细腻的纤维状。玩家3说：这个水果形状圆润，皮薄易剥。在同类水果中，它最特别的是拥有独特的香味和丰富的营养。玩家4说：||在这个游戏中，我们需要通过分析每位玩家的描述来找出卧底。通常，平民的描述会围绕相同的词语展开，而卧底的描述可能会因为词语的不同而显得不太一致。我们需要仔细比较每个描述之间的相似性和差异性，以找出可能的卧底，注意，卧底并不会隐藏自己，他会直接描述他的词语，现在，逐一分析每个玩家的描述，注意，这局游戏的词语分类为<水果>，卧底词和平民词都属于该类。这是第一轮描述。
2024-12-13 12:46:35,223 - 2 - INFO - **********PLAYER2**********
我注意到前三位玩家的描述都集中在水果的汁水丰富、味道酸甜、果肉纤维状、形状圆润、皮薄易剥以及独特的香味和营养上。我的描述将侧重于不同之处，比如强调这种水果的口感滑嫩，且在成熟时有一种明显的香气，这种香气在同类水果中相对较为罕见。
2024-12-13 12:46:35,224 - 2 - INFO - **********JUDGER**********
你刚刚的分析是我注意到前三位玩家的描述都集中在水果的汁水丰富、味道酸甜、果肉纤维状、形状圆润、皮薄易剥以及独特的香味和营养上。我的描述将侧重于不同之处，比如强调这种水果的口感滑嫩，且在成熟时有一种明显的香气，这种香气在同类水果中相对较为罕见。|| `请根据上述分析，比较描述以找出不一致之处，注意，这局游戏的词语分类为<水果>，卧底词和平民词都属于该类。
2024-12-13 12:46:58,184 - 2 - INFO - **********PLAYER2**********
根据前三位玩家的描述，他们提到的水果特征包括：

- 色泽鲜艳，通常呈橙黄色
- 丰富的汁水，味道酸甜适中
- 果肉呈细腻的纤维状
- 形状圆润，皮薄易剥
- 独特的香味和丰富的营养

我的描述则强调了以下几点：

- 口感滑嫩
- 成熟时有一种明显的香气
- 这种香气在同类水果中相对罕见

不一致之处在于，前三位玩家描述的水果可能指向的是橙子或芒果这类水果，它们通常都有酸甜的口感、丰富的汁水、纤维状果肉、圆润的形状、易剥的皮、独特的香味和营养。而我的描述中提到的“口感滑嫩”和“成熟时明显的香气”并不是前三位玩家描述的特征，这可能意味着我的词语与他们的不同，或者我可能在描述上有所误导。这可能会让其他玩家怀疑我是不是卧底。
2024-12-13 12:46:58,191 - 2 - INFO - **********JUDGER**********
你刚刚的分析是根据前三位玩家的描述，他们提到的水果特征包括：

- 色泽鲜艳，通常呈橙黄色
- 丰富的汁水，味道酸甜适中
- 果肉呈细腻的纤维状
- 形状圆润，皮薄易剥
- 独特的香味和丰富的营养

我的描述则强调了以下几点：

- 口感滑嫩
- 成熟时有一种明显的香气
- 这种香气在同类水果中相对罕见

不一致之处在于，前三位玩家描述的水果可能指向的是橙子或芒果这类水果，它们通常都有酸甜的口感、丰富的汁水、纤维状果肉、圆润的形状、易剥的皮、独特的香味和营养。而我的描述中提到的“口感滑嫩”和“成熟时明显的香气”并不是前三位玩家描述的特征，这可能意味着我的词语与他们的不同，或者我可能在描述上有所误导。这可能会让其他玩家怀疑我是不是卧底。|| 请通过你分析的不一致之处，推断卧底身份，注意，这局游戏的词语分类为<水果>，卧底词和平民词都属于该类。
2024-12-13 12:47:09,210 - 2 - INFO - **********PLAYER2**********
根据前三位玩家的描述和我的描述，我们可以推断以下几点：

1. 所有的描述都提到了水果的色泽、汁水、味道、形状、皮薄易剥、香味和营养，这些都是常见的描述方式，不太能直接指向特定的水果。

2. 我提到的“口感滑嫩”和“成熟时明显的香气”与前三位玩家的描述有所不同，这可能表明我的水果与其他人描述的不同。

3. 前三位玩家提到的特征可能指向橙子或芒果，这两种水果都符合他们描述的大部分特征。

4. 如果我的词语与他们的不同，且我描述的特征没有在前三位玩家的描述中出现，那么我的词语很可能不是橙子或芒果。

结合以上分析，如果游戏中的词语分类为水果，且卧底词和平民词都属于该类，那么我的描述可能指向的是一种口感滑嫩、成熟时香气明显，但在前三位玩家描述中未提及的水果。这可能意味着我是卧底，因为我没有描述出与橙子或芒果相符合的特征，而是描述了一种不同的水果特性。因此，根据描述的不一致之处，我可能是卧底。
2024-12-13 12:47:09,213 - 2 - INFO - **********JUDGER**********
你刚刚的推断是根据前三位玩家的描述和我的描述，我们可以推断以下几点：

1. 所有的描述都提到了水果的色泽、汁水、味道、形状、皮薄易剥、香味和营养，这些都是常见的描述方式，不太能直接指向特定的水果。

2. 我提到的“口感滑嫩”和“成熟时明显的香气”与前三位玩家的描述有所不同，这可能表明我的水果与其他人描述的不同。

3. 前三位玩家提到的特征可能指向橙子或芒果，这两种水果都符合他们描述的大部分特征。

4. 如果我的词语与他们的不同，且我描述的特征没有在前三位玩家的描述中出现，那么我的词语很可能不是橙子或芒果。

结合以上分析，如果游戏中的词语分类为水果，且卧底词和平民词都属于该类，那么我的描述可能指向的是一种口感滑嫩、成熟时香气明显，但在前三位玩家描述中未提及的水果。这可能意味着我是卧底，因为我没有描述出与橙子或芒果相符合的特征，而是描述了一种不同的水果特性。因此，根据描述的不一致之处，我可能是卧底。|| 基于你刚刚的推断得出你的最终结论，请输出你认为的卧底，在这种情况下只需要输出编号，是1-4中的某个数字，不要输出其他信息。在这个过程不要进行任何推理，只对||以前的部分进行信息提取
2024-12-13 12:47:09,838 - 2 - INFO - **********PLAYER2**********
2
2024-12-13 12:48:38,796 - 2 - INFO - **********JUDGER**********
玩家1说：这个水果色泽鲜艳，通常呈橙黄色。在水果类中，它最突出的不同特征是味道独特，酸甜适中。这个水果的核相对较大，且肉质细腻，适合食用。它在同类水果中以其甜美的口感和丰富的维生素含量而受到喜爱。玩家2说：这种水果通常有着丰富的汁水，味道既甜又带有一丝微酸。在同类水果中，它最特别的地方在于果肉呈细腻的纤维状。玩家3说：这个水果形状圆润，皮薄易剥。在同类水果中，它最特别的是拥有独特的香味和丰富的营养。玩家4说：这个水果拥有厚实的果皮，内部肉质柔软。它在同类水果中最特别的是拥有浓郁的香气和独特的味道。你是第2号玩家，你的关键词是<芒果>。你的回答中绝对不能包含你的关键词<芒果>。这是第二轮描述，你之前的描述是这种水果通常有着丰富的汁水，味道既甜又带有一丝微酸。在同类水果中，它最特别的地方在于果肉呈细腻的纤维状。，注意，这局游戏的词语分类为<水果>，卧底词和平民词都属于该类，请你补充关于关键词的描述，注意，你的描述应该比起之前的描述更加贴近关键词，作为之前的补充
2024-12-13 12:48:44,089 - 2 - INFO - **********PLAYER2**********
这种水果的果实较大，成熟时呈现出诱人的黄色。它的味道非常甜美，有时会带有一点微微的酸味，让人回味无穷。在同类水果中，它的纤维质果肉特别细腻，口感十分滑润。
2024-12-13 12:49:10,386 - 2 - INFO - **********JUDGER**********
玩家1说：这个水果色泽鲜艳，通常呈橙黄色。在水果类中，它最突出的不同特征是味道独特，酸甜适中。这个水果的核相对较大，且肉质细腻，适合食用。它在同类水果中以其甜美的口感和丰富的维生素含量而受到喜爱。玩家2说：这种水果通常有着丰富的汁水，味道既甜又带有一丝微酸。在同类水果中，它最特别的地方在于果肉呈细腻的纤维状。这种水果的果实较大，成熟时呈现出诱人的黄色。它的味道非常甜美，有时会带有一点微微的酸味，让人回味无穷。在同类水果中，它的纤维质果肉特别细腻，口感十分滑润。玩家3说：这个水果形状圆润，皮薄易剥。在同类水果中，它最特别的是拥有独特的香味和丰富的营养。这个水果的果肉颜色鲜艳，口感细腻，富含多种维生素。它的香味浓郁，让人一闻便知其独特之处。与同类水果相比，它的营养更为丰富，对健康有益。玩家4说：这个水果拥有厚实的果皮，内部肉质柔软。它在同类水果中最特别的是拥有浓郁的香气和独特的味道。||在这个游戏中，我们需要通过分析每位玩家的描述来找出卧底。通常，平民的描述会围绕相同的词语展开，而卧底的描述可能会因为词语的不同而显得不太一致。我们需要仔细比较每个描述之间的相似性和差异性，以找出可能的卧底，注意，卧底并不会隐藏自己，他会直接描述他的词语，现在，逐一分析每个玩家的描述，注意，这局游戏的词语分类为<水果>，卧底词和平民词都属于该类。||之前是第2轮描述和之前轮数描述的合集。你之前认为的卧底是玩家2。
2024-12-13 12:49:25,969 - 2 - INFO - **********PLAYER2**********
根据第二轮描述和之前的描述，我们可以看到以下几点：

- 玩家1和玩家2的描述非常相似，都提到了水果的色泽、汁水、味道、果肉细腻、果实大小、成熟时的颜色、甜美的口感、微微的酸味、纤维质果肉、口感滑润、核相对较大、肉质细腻、甜美的口感、丰富的维生素含量、甜美的口感、酸甜适中、适合食用、甜美的口感、丰富的维生素含量、甜美的口感、丰富的维生素含量。
- 玩家3的描述与玩家1和玩家2的描述也较为相似，但特别强调了水果的形状圆润、皮薄易剥、独特的香味、丰富的营养、果肉颜色鲜艳、香味浓郁、营养更为丰富、对健康有益。
- 玩家4的描述则与前三名玩家的描述有所不同，特别提到了水果拥有厚实的果皮和内部肉质柔软，以及浓郁的香气和独特的味道。

由于玩家2的描述与玩家1几乎完全一致，这可能意味着玩家2的描述可能不是卧底。而玩家4的描述中提到了“厚实的果皮”，这与前几位玩家描述的“皮薄易剥”形成了明显的对比，这可能是玩家4作为卧底的一个线索。因此，根据描述的差异性，新的推断是玩家4可能是卧底。
2024-12-13 12:49:25,970 - 2 - INFO - **********JUDGER**********
你刚刚的分析是根据第二轮描述和之前的描述，我们可以看到以下几点：

- 玩家1和玩家2的描述非常相似，都提到了水果的色泽、汁水、味道、果肉细腻、果实大小、成熟时的颜色、甜美的口感、微微的酸味、纤维质果肉、口感滑润、核相对较大、肉质细腻、甜美的口感、丰富的维生素含量、甜美的口感、酸甜适中、适合食用、甜美的口感、丰富的维生素含量、甜美的口感、丰富的维生素含量。
- 玩家3的描述与玩家1和玩家2的描述也较为相似，但特别强调了水果的形状圆润、皮薄易剥、独特的香味、丰富的营养、果肉颜色鲜艳、香味浓郁、营养更为丰富、对健康有益。
- 玩家4的描述则与前三名玩家的描述有所不同，特别提到了水果拥有厚实的果皮和内部肉质柔软，以及浓郁的香气和独特的味道。

由于玩家2的描述与玩家1几乎完全一致，这可能意味着玩家2的描述可能不是卧底。而玩家4的描述中提到了“厚实的果皮”，这与前几位玩家描述的“皮薄易剥”形成了明显的对比，这可能是玩家4作为卧底的一个线索。因此，根据描述的差异性，新的推断是玩家4可能是卧底。|| `请根据上述分析，比较描述以找出不一致之处，注意，这局游戏的词语分类为<水果>，卧底词和平民词都属于该类。
2024-12-13 12:49:33,497 - 2 - INFO - **********PLAYER2**********
不一致之处在于：

- 玩家1和玩家2的描述中多次提到“甜美的口感”、“微微的酸味”、“纤维质果肉”等特征，这些特征在玩家3和玩家4的描述中也有所提及，但玩家4的描述中并未强调这些特征。
- 玩家3的描述中特别提到了“形状圆润”、“皮薄易剥”、“独特的香味”、“丰富的营养”等特征，这些特征在玩家1和玩家2的描述中没有明确提及。
- 玩家4的描述中提到了“厚实的果皮”和“浓郁的香气”，这与玩家1、玩家2和玩家3描述中的“皮薄易剥”形成对比，且“厚实的果皮”与“皮薄”这一常见水果特征相矛盾。

基于这些不一致之处，玩家4的描述在水果特征上与其他玩家有所不同，这可能是卧底的一个线索。
2024-12-13 12:49:33,500 - 2 - INFO - **********JUDGER**********
你刚刚的分析是不一致之处在于：

- 玩家1和玩家2的描述中多次提到“甜美的口感”、“微微的酸味”、“纤维质果肉”等特征，这些特征在玩家3和玩家4的描述中也有所提及，但玩家4的描述中并未强调这些特征。
- 玩家3的描述中特别提到了“形状圆润”、“皮薄易剥”、“独特的香味”、“丰富的营养”等特征，这些特征在玩家1和玩家2的描述中没有明确提及。
- 玩家4的描述中提到了“厚实的果皮”和“浓郁的香气”，这与玩家1、玩家2和玩家3描述中的“皮薄易剥”形成对比，且“厚实的果皮”与“皮薄”这一常见水果特征相矛盾。

基于这些不一致之处，玩家4的描述在水果特征上与其他玩家有所不同，这可能是卧底的一个线索。|| 请通过你分析的不一致之处，推断卧底身份，注意，这局游戏的词语分类为<水果>，卧底词和平民词都属于该类。
2024-12-13 12:49:38,807 - 2 - INFO - **********PLAYER2**********
根据分析的不一致之处，玩家4的描述中提到的“厚实的果皮”与玩家1、玩家2和玩家3描述中的“皮薄易剥”形成了对比，这在水果的常见特征中是不一致的。因此，结合游戏规则和描述的差异性，玩家4可能是卧底。
2024-12-13 12:49:38,807 - 2 - INFO - **********JUDGER**********
你刚刚的推断是根据分析的不一致之处，玩家4的描述中提到的“厚实的果皮”与玩家1、玩家2和玩家3描述中的“皮薄易剥”形成了对比，这在水果的常见特征中是不一致的。因此，结合游戏规则和描述的差异性，玩家4可能是卧底。|| 基于你刚刚的推断得出你的最终结论，请输出你认为的卧底，在这种情况下只需要输出编号，是1-4中的某个数字，不要输出其他信息。在这个过程不要进行任何推理，只对||以前的部分进行信息提取
2024-12-13 12:49:40,002 - 2 - INFO - **********PLAYER2**********
4
2024-12-13 12:51:21,826 - 2 - INFO - **********JUDGER**********
玩家1说：这个水果色泽鲜艳，通常呈橙黄色。在水果类中，它最突出的不同特征是味道独特，酸甜适中。这个水果的核相对较大，且肉质细腻，适合食用。它在同类水果中以其甜美的口感和丰富的维生素含量而受到喜爱。这个水果的核位于中心，质地较硬，食用时需小心。它的肉质柔软，口感多汁，含有多种营养成分。这种水果在成熟时，其外皮会呈现出诱人的金黄色。玩家2说：这种水果通常有着丰富的汁水，味道既甜又带有一丝微酸。在同类水果中，它最特别的地方在于果肉呈细腻的纤维状。这种水果的果实较大，成熟时呈现出诱人的黄色。它的味道非常甜美，有时会带有一点微微的酸味，让人回味无穷。在同类水果中，它的纤维质果肉特别细腻，口感十分滑润。玩家3说：这个水果形状圆润，皮薄易剥。在同类水果中，它最特别的是拥有独特的香味和丰富的营养。这个水果的果肉颜色鲜艳，口感细腻，富含多种维生素。它的香味浓郁，让人一闻便知其独特之处。与同类水果相比，它的营养更为丰富，对健康有益。玩家4说：这个水果拥有厚实的果皮，内部肉质柔软。它在同类水果中最特别的是拥有浓郁的香气和独特的味道。这个水果的香气非常强烈，能够迅速弥漫整个空间。它的果肉虽然柔软，但颗粒分明，口感独特。这种水果的香味和味道都非常浓郁，让人在品尝后难以忘怀。在同类水果中，它的香气和味道是独一无二的，通常与它相关的描述都是正面的，尽管有人可能对其味道有不同的看法。你是第2号玩家，你的关键词是<芒果>。你的回答中绝对不能包含你的关键词<芒果>。这是第三轮描述，你之前的描述是这种水果通常有着丰富的汁水，味道既甜又带有一丝微酸。在同类水果中，它最特别的地方在于果肉呈细腻的纤维状。和这种水果的果实较大，成熟时呈现出诱人的黄色。它的味道非常甜美，有时会带有一点微微的酸味，让人回味无穷。在同类水果中，它的纤维质果肉特别细腻，口感十分滑润。，注意，这局游戏的词语分类为<水果>，卧底词和平民词都属于该类，请你补充关于关键词的描述，注意，你的描述应该比起之前的描述更加贴近关键词，作为之前的补充
2024-12-13 12:51:24,232 - 2 - INFO - **********PLAYER2**********
这个水果富含汁液，口感细腻，成熟时散发出独特的香气。它在同类水果中以其甜中带酸的味道而著称，是一种令人愉悦的食用选择。
2024-12-13 12:51:50,170 - 2 - INFO - **********JUDGER**********
玩家1说：这个水果色泽鲜艳，通常呈橙黄色。在水果类中，它最突出的不同特征是味道独特，酸甜适中。这个水果的核相对较大，且肉质细腻，适合食用。它在同类水果中以其甜美的口感和丰富的维生素含量而受到喜爱。这个水果的核位于中心，质地较硬，食用时需小心。它的肉质柔软，口感多汁，含有多种营养成分。这种水果在成熟时，其外皮会呈现出诱人的金黄色。玩家2说：这种水果通常有着丰富的汁水，味道既甜又带有一丝微酸。在同类水果中，它最特别的地方在于果肉呈细腻的纤维状。这种水果的果实较大，成熟时呈现出诱人的黄色。它的味道非常甜美，有时会带有一点微微的酸味，让人回味无穷。在同类水果中，它的纤维质果肉特别细腻，口感十分滑润。这个水果富含汁液，口感细腻，成熟时散发出独特的香气。它在同类水果中以其甜中带酸的味道而著称，是一种令人愉悦的食用选择。玩家3说：这个水果形状圆润，皮薄易剥。在同类水果中，它最特别的是拥有独特的香味和丰富的营养。这个水果的果肉颜色鲜艳，口感细腻，富含多种维生素。它的香味浓郁，让人一闻便知其独特之处。与同类水果相比，它的营养更为丰富，对健康有益。这个水果的核位于中心，质地较硬，食用时需小心。它的肉质柔软，口感多汁，含有多种营养成分。这种水果在成熟时，其外皮会呈现出诱人的金黄色。玩家4说：这个水果拥有厚实的果皮，内部肉质柔软。它在同类水果中最特别的是拥有浓郁的香气和独特的味道。这个水果的香气非常强烈，能够迅速弥漫整个空间。它的果肉虽然柔软，但颗粒分明，口感独特。这种水果的香味和味道都非常浓郁，让人在品尝后难以忘怀。在同类水果中，它的香气和味道是独一无二的，通常与它相关的描述都是正面的，尽管有人可能对其味道有不同的看法。这个水果的果皮虽然厚实，但质感坚硬，不易剥开。它的内部肉质柔软，含有大量汁液，散发出强烈的、令人难以抗拒的香气。这种水果的味道浓郁而复杂，既有甜味，又有微妙的酸味，给人一种独特的口感体验。在同类水果中，它的香气和味道都是最为突出的特征。||在这个游戏中，我们需要通过分析每位玩家的描述来找出卧底。通常，平民的描述会围绕相同的词语展开，而卧底的描述可能会因为词语的不同而显得不太一致。我们需要仔细比较每个描述之间的相似性和差异性，以找出可能的卧底，注意，卧底并不会隐藏自己，他会直接描述他的词语，现在，逐一分析每个玩家的描述，注意，这局游戏的词语分类为<水果>，卧底词和平民词都属于该类。||之前是第3轮描述和之前轮数描述的合集。你之前认为的卧底是玩家4。
2024-12-13 12:52:23,116 - 2 - INFO - **********PLAYER2**********
根据第3轮描述和之前的描述，我们可以看到以下几点：

- 玩家1和玩家2的描述非常相似，都提到了水果的色泽、汁水、味道、果肉细腻、成熟时的颜色、甜美的口感、酸甜适中、核相对较大、肉质柔软、口感多汁、含有丰富的维生素和营养成分。
- 玩家3的描述与玩家1和玩家2的描述也非常相似，同样提到了水果的形状圆润、皮薄易剥、独特的香味、丰富的营养、果肉颜色鲜艳、口感细腻、香味浓郁、营养更为丰富、对健康有益、核位于中心、质地较硬、肉质柔软、口感多汁、含有丰富的维生素和营养成分。
- 玩家4的描述与其他玩家的描述有所不同，特别提到了水果拥有厚实的果皮、香气非常强烈、果肉颗粒分明、香气和味道浓郁、味道复杂、既有甜味又有微妙的酸味。

基于这些信息，玩家4的描述在果皮特征上与其他玩家有所不同，尤其是提到了“厚实的果皮”和“质感坚硬，不易剥开”，这与玩家1、玩家2和玩家3描述的“皮薄易剥”形成了对比。因此，根据描述的差异性，玩家4可能是卧底。
2024-12-13 12:52:23,128 - 2 - INFO - **********JUDGER**********
你刚刚的分析是根据第3轮描述和之前的描述，我们可以看到以下几点：

- 玩家1和玩家2的描述非常相似，都提到了水果的色泽、汁水、味道、果肉细腻、成熟时的颜色、甜美的口感、酸甜适中、核相对较大、肉质柔软、口感多汁、含有丰富的维生素和营养成分。
- 玩家3的描述与玩家1和玩家2的描述也非常相似，同样提到了水果的形状圆润、皮薄易剥、独特的香味、丰富的营养、果肉颜色鲜艳、口感细腻、香味浓郁、营养更为丰富、对健康有益、核位于中心、质地较硬、肉质柔软、口感多汁、含有丰富的维生素和营养成分。
- 玩家4的描述与其他玩家的描述有所不同，特别提到了水果拥有厚实的果皮、香气非常强烈、果肉颗粒分明、香气和味道浓郁、味道复杂、既有甜味又有微妙的酸味。

基于这些信息，玩家4的描述在果皮特征上与其他玩家有所不同，尤其是提到了“厚实的果皮”和“质感坚硬，不易剥开”，这与玩家1、玩家2和玩家3描述的“皮薄易剥”形成了对比。因此，根据描述的差异性，玩家4可能是卧底。|| `请根据上述分析，比较描述以找出不一致之处，注意，这局游戏的词语分类为<水果>，卧底词和平民词都属于该类。
2024-12-13 12:52:28,203 - 2 - INFO - **********PLAYER2**********
不一致之处在于：

- 玩家1、玩家2和玩家3的描述都提到了水果的皮薄易剥，而玩家4的描述中提到水果拥有厚实的果皮，且质感坚硬，不易剥开。
- 玩家4的描述中强调了果肉颗粒分明，而其他玩家没有提到这一点。
- 玩家4的描述中提到水果的味道既有甜味又有微妙的酸味，而其他玩家没有详细描述味道的复杂性。
2024-12-13 12:52:28,204 - 2 - INFO - **********JUDGER**********
你刚刚的分析是不一致之处在于：

- 玩家1、玩家2和玩家3的描述都提到了水果的皮薄易剥，而玩家4的描述中提到水果拥有厚实的果皮，且质感坚硬，不易剥开。
- 玩家4的描述中强调了果肉颗粒分明，而其他玩家没有提到这一点。
- 玩家4的描述中提到水果的味道既有甜味又有微妙的酸味，而其他玩家没有详细描述味道的复杂性。|| 请通过你分析的不一致之处，推断卧底身份，注意，这局游戏的词语分类为<水果>，卧底词和平民词都属于该类。
2024-12-13 12:52:30,675 - 2 - INFO - **********PLAYER2**********
根据描述的不一致之处，玩家4可能是卧底，因为他的描述在果皮特征、果肉描述和味道描述上与其他玩家的描述存在显著差异。
2024-12-13 12:52:30,676 - 2 - INFO - **********JUDGER**********
你刚刚的推断是根据描述的不一致之处，玩家4可能是卧底，因为他的描述在果皮特征、果肉描述和味道描述上与其他玩家的描述存在显著差异。|| 基于你刚刚的推断得出你的最终结论，请输出你认为的卧底，在这种情况下只需要输出编号，是1-4中的某个数字，不要输出其他信息。在这个过程不要进行任何推理，只对||以前的部分进行信息提取
2024-12-13 12:52:31,879 - 2 - INFO - **********PLAYER2**********
4
