2024-12-13 12:45:51,510 - 3 - INFO - **********JUDGER**********
让我们来玩一个叫做<谁是卧底>的推理游戏。基本规则：<人数>：4人。<角色分配>：每位玩家随机抽取一个词语，3名玩家拿到的词语是相同的（平民词），1名玩家拿到与之相近但不同的词语（卧底词）。<游戏流程>：1、玩家轮流描述自己的词语，但<不能>直接说出词语本身。2、描述完毕后，投票选出最像卧底的玩家。3、每轮结束后，被投票选出的玩家出局，不能再进行描述或投票。4、每轮投票结束后，如果卧底被成功找出，平民方获胜；如果卧底未被找出且卧底人数等于或超过平民人数，则卧底方获胜。你将扮演一个<玩家>，请等待你被分配到的关键词。如果你听懂了，只回答，"好的，我准备好参加游戏了"，不要输出别的信息
2024-12-13 12:45:52,104 - 3 - INFO - **********PLAYER3**********
好的，我准备好参加游戏了
2024-12-13 12:45:58,907 - 3 - INFO - **********JUDGER**********
玩家1说：这个水果色泽鲜艳，通常呈橙黄色。在水果类中，它最突出的不同特征是味道独特，酸甜适中。玩家2说：这种水果通常有着丰富的汁水，味道既甜又带有一丝微酸。在同类水果中，它最特别的地方在于果肉呈细腻的纤维状。玩家3说：玩家4说：|| 你是第3号玩家，你的关键词是<芒果>。你的回答中绝对不能包含你的关键词<芒果>。这是第一轮描述，不需要分析||之前别的玩家的描述，请你描述关键词基本特征，注意，这局游戏的词语分类为<水果>，卧底词和平民词都属于该类，描述包括以下两点，1.他的基本特征是什么2.他在该类（水果）中最突出不同的特征是什么，尽量简短
2024-12-13 12:46:01,622 - 3 - INFO - **********PLAYER3**********
这个水果形状圆润，皮薄易剥。在同类水果中，它最特别的是拥有独特的香味和丰富的营养。
2024-12-13 12:47:09,839 - 3 - INFO - **********JUDGER**********
玩家1说：这个水果色泽鲜艳，通常呈橙黄色。在水果类中，它最突出的不同特征是味道独特，酸甜适中。玩家2说：这种水果通常有着丰富的汁水，味道既甜又带有一丝微酸。在同类水果中，它最特别的地方在于果肉呈细腻的纤维状。玩家3说：这个水果形状圆润，皮薄易剥。在同类水果中，它最特别的是拥有独特的香味和丰富的营养。玩家4说：||在这个游戏中，我们需要通过分析每位玩家的描述来找出卧底。通常，平民的描述会围绕相同的词语展开，而卧底的描述可能会因为词语的不同而显得不太一致。我们需要仔细比较每个描述之间的相似性和差异性，以找出可能的卧底，注意，卧底并不会隐藏自己，他会直接描述他的词语，现在，逐一分析每个玩家的描述，注意，这局游戏的词语分类为<水果>，卧底词和平民词都属于该类。这是第一轮描述。
2024-12-13 12:47:19,245 - 3 - INFO - **********PLAYER3**********
玩家1的描述提到了色泽鲜艳、橙黄色和酸甜适中的味道，这听起来像是柑橘类水果，比如橙子或柚子。

玩家2的描述强调了丰富的汁水和甜中带酸的口感，以及细腻的纤维状果肉，这很像是葡萄柚。

玩家3的描述提到了圆润的形状、易剥的皮和独特的香味，这与芒果的特征相符。

玩家4的描述没有直接提供关键词的特征，而是提醒了游戏规则和描述分析的方法，这可能意味着玩家4是卧底，因为卧底通常会直接描述他的词语。

综合以上描述，玩家3的描述与芒果的特征最为吻合，而玩家4的描述似乎在引导我们分析其他玩家的描述，这可能是卧底的行为模式。因此，根据描述的相似性和差异性，玩家4可能是卧底。
2024-12-13 12:47:19,246 - 3 - INFO - **********JUDGER**********
你刚刚的分析是玩家1的描述提到了色泽鲜艳、橙黄色和酸甜适中的味道，这听起来像是柑橘类水果，比如橙子或柚子。

玩家2的描述强调了丰富的汁水和甜中带酸的口感，以及细腻的纤维状果肉，这很像是葡萄柚。

玩家3的描述提到了圆润的形状、易剥的皮和独特的香味，这与芒果的特征相符。

玩家4的描述没有直接提供关键词的特征，而是提醒了游戏规则和描述分析的方法，这可能意味着玩家4是卧底，因为卧底通常会直接描述他的词语。

综合以上描述，玩家3的描述与芒果的特征最为吻合，而玩家4的描述似乎在引导我们分析其他玩家的描述，这可能是卧底的行为模式。因此，根据描述的相似性和差异性，玩家4可能是卧底。|| `请根据上述分析，比较描述以找出不一致之处，注意，这局游戏的词语分类为<水果>，卧底词和平民词都属于该类。
2024-12-13 12:47:31,252 - 3 - INFO - **********PLAYER3**********
根据上述分析，我们可以比较描述以找出不一致之处：

1. 玩家1和玩家2的描述都提到了水果的色泽、味道和汁水，但玩家1强调了味道的独特性和酸甜适中，而玩家2强调了汁水的丰富性和果肉的纤维状。

2. 玩家3的描述与玩家1和玩家2有所不同，他提到了水果的形状、皮薄易剥和独特的香味，这与芒果的特征相符。

3. 玩家4的描述没有直接提供关键词的特征，而是提到了游戏规则和分析方法，这与其他玩家直接描述水果特征的描述形成了对比。

不一致之处在于：
- 玩家1和玩家2的描述都集中在味道和汁水上，而玩家3的描述则转向了水果的物理特征（形状、皮）和香味。
- 玩家4的描述与其他玩家的描述在内容和目的上存在明显差异，他似乎在引导讨论，而不是直接描述水果。

这些不一致之处可能表明玩家4是卧底，因为卧底通常会试图引导讨论或制造混淆，而不是直接描述关键词。然而，玩家3的描述与芒果的特征最为吻合，这也可能意味着他是平民。因此，不一致之处提供了两种可能的线索：玩家4可能是卧底，而玩家3可能是平民。
2024-12-13 12:47:31,254 - 3 - INFO - **********JUDGER**********
你刚刚的分析是根据上述分析，我们可以比较描述以找出不一致之处：

1. 玩家1和玩家2的描述都提到了水果的色泽、味道和汁水，但玩家1强调了味道的独特性和酸甜适中，而玩家2强调了汁水的丰富性和果肉的纤维状。

2. 玩家3的描述与玩家1和玩家2有所不同，他提到了水果的形状、皮薄易剥和独特的香味，这与芒果的特征相符。

3. 玩家4的描述没有直接提供关键词的特征，而是提到了游戏规则和分析方法，这与其他玩家直接描述水果特征的描述形成了对比。

不一致之处在于：
- 玩家1和玩家2的描述都集中在味道和汁水上，而玩家3的描述则转向了水果的物理特征（形状、皮）和香味。
- 玩家4的描述与其他玩家的描述在内容和目的上存在明显差异，他似乎在引导讨论，而不是直接描述水果。

这些不一致之处可能表明玩家4是卧底，因为卧底通常会试图引导讨论或制造混淆，而不是直接描述关键词。然而，玩家3的描述与芒果的特征最为吻合，这也可能意味着他是平民。因此，不一致之处提供了两种可能的线索：玩家4可能是卧底，而玩家3可能是平民。|| 请通过你分析的不一致之处，推断卧底身份，注意，这局游戏的词语分类为<水果>，卧底词和平民词都属于该类。
2024-12-13 12:47:48,263 - 3 - INFO - **********PLAYER3**********
基于上述分析的不一致之处，我们可以进行以下推断：

1. 玩家4的描述与玩家1、玩家2和玩家3的描述在内容和目的上存在显著差异。玩家4没有直接描述水果的特征，而是提供了关于游戏规则和分析方法的指导。这通常是一个卧底的行为，因为他们可能会试图混淆其他玩家，或者引导讨论的方向，而不是直接描述他们的词语。

2. 玩家1和玩家2的描述都集中在水果的味道和汁水上，但他们的描述侧重点不同。玩家3的描述则提到了水果的形状、皮和香味，这与芒果的特征相符。如果所有玩家都是平民，他们的描述应该会围绕相同的词语展开，但玩家3的描述与其他两个平民玩家的描述存在差异。

考虑到这些信息，以下是我的推断：

- 玩家4很可能是卧底，因为他没有描述水果的特征，而是提供了游戏策略。
- 玩家3的描述虽然与芒果相符，但他的描述与其他两个平民玩家的描述存在差异，这可能意味着他也是卧底，或者至少在描述上与卧底的行为模式相符。

因此，基于描述的不一致性和卧底的行为模式，玩家4最有可能是卧底。然而，玩家3的描述也需要进一步的分析，以确定他是否也是卧底。如果其他玩家没有足够的证据来质疑玩家3，那么玩家4的卧底身份将更加明显。
2024-12-13 12:47:48,264 - 3 - INFO - **********JUDGER**********
你刚刚的推断是基于上述分析的不一致之处，我们可以进行以下推断：

1. 玩家4的描述与玩家1、玩家2和玩家3的描述在内容和目的上存在显著差异。玩家4没有直接描述水果的特征，而是提供了关于游戏规则和分析方法的指导。这通常是一个卧底的行为，因为他们可能会试图混淆其他玩家，或者引导讨论的方向，而不是直接描述他们的词语。

2. 玩家1和玩家2的描述都集中在水果的味道和汁水上，但他们的描述侧重点不同。玩家3的描述则提到了水果的形状、皮和香味，这与芒果的特征相符。如果所有玩家都是平民，他们的描述应该会围绕相同的词语展开，但玩家3的描述与其他两个平民玩家的描述存在差异。

考虑到这些信息，以下是我的推断：

- 玩家4很可能是卧底，因为他没有描述水果的特征，而是提供了游戏策略。
- 玩家3的描述虽然与芒果相符，但他的描述与其他两个平民玩家的描述存在差异，这可能意味着他也是卧底，或者至少在描述上与卧底的行为模式相符。

因此，基于描述的不一致性和卧底的行为模式，玩家4最有可能是卧底。然而，玩家3的描述也需要进一步的分析，以确定他是否也是卧底。如果其他玩家没有足够的证据来质疑玩家3，那么玩家4的卧底身份将更加明显。|| 基于你刚刚的推断得出你的最终结论，请输出你认为的卧底，在这种情况下只需要输出编号，是1-4中的某个数字，不要输出其他信息。在这个过程不要进行任何推理，只对||以前的部分进行信息提取
2024-12-13 12:47:57,577 - 3 - INFO - **********PLAYER3**********
1. 玩家1的描述提到了色泽鲜艳、橙黄色和酸甜适中的味道，这听起来像是柑橘类水果，比如橙子或柚子。
2. 玩家2的描述强调了丰富的汁水、甜中带酸的口感以及细腻的纤维状果肉，这很像是葡萄柚。
3. 玩家3的描述提到了圆润的形状、易剥的皮和独特的香味，这与芒果的特征相符。
4. 玩家4的描述没有直接提供关键词的特征，而是提醒了游戏规则和描述分析的方法，这可能意味着玩家4是卧底，因为卧底通常会直接描述他的词语。

综合以上描述，玩家3的描述与芒果的特征最为吻合，而玩家4的描述似乎在引导我们分析其他玩家的描述，这可能是卧底的行为模式。因此，根据描述的相似性和差异性，玩家4可能是卧底。
2024-12-13 12:47:57,578 - 3 - WARNING - Invalid vote: 1. 玩家1的描述提到了色泽鲜艳、橙黄色和酸甜适中的味道，这听起来像是柑橘类水果，比如橙子或柚子。
2. 玩家2的描述强调了丰富的汁水、甜中带酸的口感以及细腻的纤维状果肉，这很像是葡萄柚。
3. 玩家3的描述提到了圆润的形状、易剥的皮和独特的香味，这与芒果的特征相符。
4. 玩家4的描述没有直接提供关键词的特征，而是提醒了游戏规则和描述分析的方法，这可能意味着玩家4是卧底，因为卧底通常会直接描述他的词语。

综合以上描述，玩家3的描述与芒果的特征最为吻合，而玩家4的描述似乎在引导我们分析其他玩家的描述，这可能是卧底的行为模式。因此，根据描述的相似性和差异性，玩家4可能是卧底。. Asking again.
2024-12-13 12:47:57,579 - 3 - INFO - **********JUDGER**********
你刚刚的推断是基于上述分析的不一致之处，我们可以进行以下推断：

1. 玩家4的描述与玩家1、玩家2和玩家3的描述在内容和目的上存在显著差异。玩家4没有直接描述水果的特征，而是提供了关于游戏规则和分析方法的指导。这通常是一个卧底的行为，因为他们可能会试图混淆其他玩家，或者引导讨论的方向，而不是直接描述他们的词语。

2. 玩家1和玩家2的描述都集中在水果的味道和汁水上，但他们的描述侧重点不同。玩家3的描述则提到了水果的形状、皮和香味，这与芒果的特征相符。如果所有玩家都是平民，他们的描述应该会围绕相同的词语展开，但玩家3的描述与其他两个平民玩家的描述存在差异。

考虑到这些信息，以下是我的推断：

- 玩家4很可能是卧底，因为他没有描述水果的特征，而是提供了游戏策略。
- 玩家3的描述虽然与芒果相符，但他的描述与其他两个平民玩家的描述存在差异，这可能意味着他也是卧底，或者至少在描述上与卧底的行为模式相符。

因此，基于描述的不一致性和卧底的行为模式，玩家4最有可能是卧底。然而，玩家3的描述也需要进一步的分析，以确定他是否也是卧底。如果其他玩家没有足够的证据来质疑玩家3，那么玩家4的卧底身份将更加明显。|| 基于你刚刚的推断得出你的最终结论，请输出你认为的卧底，在这种情况下只需要输出编号，是1-4中的某个数字，不要输出其他信息。在这个过程不要进行任何推理，只对||以前的部分进行信息提取
2024-12-13 12:47:58,590 - 3 - INFO - **********PLAYER3**********
4
2024-12-13 12:48:44,090 - 3 - INFO - **********JUDGER**********
玩家1说：这个水果色泽鲜艳，通常呈橙黄色。在水果类中，它最突出的不同特征是味道独特，酸甜适中。这个水果的核相对较大，且肉质细腻，适合食用。它在同类水果中以其甜美的口感和丰富的维生素含量而受到喜爱。玩家2说：这种水果通常有着丰富的汁水，味道既甜又带有一丝微酸。在同类水果中，它最特别的地方在于果肉呈细腻的纤维状。这种水果的果实较大，成熟时呈现出诱人的黄色。它的味道非常甜美，有时会带有一点微微的酸味，让人回味无穷。在同类水果中，它的纤维质果肉特别细腻，口感十分滑润。玩家3说：这个水果形状圆润，皮薄易剥。在同类水果中，它最特别的是拥有独特的香味和丰富的营养。玩家4说：这个水果拥有厚实的果皮，内部肉质柔软。它在同类水果中最特别的是拥有浓郁的香气和独特的味道。你是第3号玩家，你的关键词是<芒果>。你的回答中绝对不能包含你的关键词<芒果>。这是第二轮描述，你之前的描述是这个水果形状圆润，皮薄易剥。在同类水果中，它最特别的是拥有独特的香味和丰富的营养。，注意，这局游戏的词语分类为<水果>，卧底词和平民词都属于该类，请你补充关于关键词的描述，注意，你的描述应该比起之前的描述更加贴近关键词，作为之前的补充
2024-12-13 12:48:46,478 - 3 - INFO - **********PLAYER3**********
这个水果的果肉颜色鲜艳，口感细腻，富含多种维生素。它的香味浓郁，让人一闻便知其独特之处。与同类水果相比，它的营养更为丰富，对健康有益。
2024-12-13 12:49:40,003 - 3 - INFO - **********JUDGER**********
玩家1说：这个水果色泽鲜艳，通常呈橙黄色。在水果类中，它最突出的不同特征是味道独特，酸甜适中。这个水果的核相对较大，且肉质细腻，适合食用。它在同类水果中以其甜美的口感和丰富的维生素含量而受到喜爱。玩家2说：这种水果通常有着丰富的汁水，味道既甜又带有一丝微酸。在同类水果中，它最特别的地方在于果肉呈细腻的纤维状。这种水果的果实较大，成熟时呈现出诱人的黄色。它的味道非常甜美，有时会带有一点微微的酸味，让人回味无穷。在同类水果中，它的纤维质果肉特别细腻，口感十分滑润。玩家3说：这个水果形状圆润，皮薄易剥。在同类水果中，它最特别的是拥有独特的香味和丰富的营养。这个水果的果肉颜色鲜艳，口感细腻，富含多种维生素。它的香味浓郁，让人一闻便知其独特之处。与同类水果相比，它的营养更为丰富，对健康有益。玩家4说：这个水果拥有厚实的果皮，内部肉质柔软。它在同类水果中最特别的是拥有浓郁的香气和独特的味道。||在这个游戏中，我们需要通过分析每位玩家的描述来找出卧底。通常，平民的描述会围绕相同的词语展开，而卧底的描述可能会因为词语的不同而显得不太一致。我们需要仔细比较每个描述之间的相似性和差异性，以找出可能的卧底，注意，卧底并不会隐藏自己，他会直接描述他的词语，现在，逐一分析每个玩家的描述，注意，这局游戏的词语分类为<水果>，卧底词和平民词都属于该类。||之前是第2轮描述和之前轮数描述的合集。你之前认为的卧底是玩家4。
2024-12-13 12:49:54,398 - 3 - INFO - **********PLAYER3**********
根据玩家们的描述，以下是我的分析：

- 玩家1的描述强调了色泽、味道、核的大小和肉质细腻，这与某些柑橘类水果的特征相符。
- 玩家2的描述提到了汁水丰富、味道甜酸适中、果肉纤维状，这与葡萄柚的特征相符。
- 玩家3的描述与玩家1和玩家2的描述相似，强调了形状、皮薄、香味、营养、果肉颜色和维生素含量，这与芒果的特征相符。
- 玩家4的描述提到了厚实的果皮、柔软的肉质、浓郁的香气和独特的味道，这与某些柑橘类水果的特征相符，但与芒果的描述不太一致。

基于之前的分析，我之前认为玩家4是卧底，因为他没有直接描述与芒果相符的特征。然而，现在看来，玩家4的描述与某些柑橘类水果的特征更为接近，这与玩家3的描述在关键词上更为一致。

因此，如果必须在这两个玩家中选择一个作为卧底，我仍然倾向于认为玩家4是卧底，因为他没有明确描述芒果的特征，而其他玩家的描述与芒果的特征更为吻合。不过，这个结论是基于之前的描述和分析，而现在的描述中，玩家3的描述与芒果的特征更为贴近，这可能表明玩家3是平民。

最终，如果要根据现在的描述来判断，玩家4仍然是最有可能的卧底。
2024-12-13 12:49:54,407 - 3 - INFO - **********JUDGER**********
你刚刚的分析是根据玩家们的描述，以下是我的分析：

- 玩家1的描述强调了色泽、味道、核的大小和肉质细腻，这与某些柑橘类水果的特征相符。
- 玩家2的描述提到了汁水丰富、味道甜酸适中、果肉纤维状，这与葡萄柚的特征相符。
- 玩家3的描述与玩家1和玩家2的描述相似，强调了形状、皮薄、香味、营养、果肉颜色和维生素含量，这与芒果的特征相符。
- 玩家4的描述提到了厚实的果皮、柔软的肉质、浓郁的香气和独特的味道，这与某些柑橘类水果的特征相符，但与芒果的描述不太一致。

基于之前的分析，我之前认为玩家4是卧底，因为他没有直接描述与芒果相符的特征。然而，现在看来，玩家4的描述与某些柑橘类水果的特征更为接近，这与玩家3的描述在关键词上更为一致。

因此，如果必须在这两个玩家中选择一个作为卧底，我仍然倾向于认为玩家4是卧底，因为他没有明确描述芒果的特征，而其他玩家的描述与芒果的特征更为吻合。不过，这个结论是基于之前的描述和分析，而现在的描述中，玩家3的描述与芒果的特征更为贴近，这可能表明玩家3是平民。

最终，如果要根据现在的描述来判断，玩家4仍然是最有可能的卧底。|| `请根据上述分析，比较描述以找出不一致之处，注意，这局游戏的词语分类为<水果>，卧底词和平民词都属于该类。
2024-12-13 12:50:26,923 - 3 - INFO - **********PLAYER3**********
词

根据上述分析，我们可以比较描述以找出不一致之处：

1. 玩家1和玩家2的描述都提到了水果的味道（酸甜适中、甜酸适中）和汁水丰富，但没有明确提到果肉纤维状或独特的香味。

2. 玩家3的描述提到了形状圆润、皮薄易剥、独特的香味和丰富的营养，这与芒果的特征相符，但与玩家1和玩家2的描述在果肉纤维状这一点上不一致。

3. 玩家4的描述提到了厚实的果皮、柔软的肉质、浓郁的香气和独特的味道，这些特征与某些柑橘类水果相符，但与芒果的特征（皮薄易剥）不一致。

不一致之处在于：
- 玩家3和玩家4的描述都提到了独特的香味，而玩家1和玩家2没有。
- 玩家3和玩家4的描述在果皮的描述上与芒果的特征（皮薄易剥）不一致，而玩家1和玩家2没有提到这一点。
- 玩家3的描述提到了果肉颜色和维生素含量，而玩家1和玩家2没有。

这些不一致之处可能表明玩家3和玩家4的描述与芒果的特征不完全吻合，而玩家1和玩家2的描述可能更接近。因此，不一致之处可能指向玩家3和玩家4作为可能的卧底候选人。
2024-12-13 12:50:26,925 - 3 - INFO - **********JUDGER**********
你刚刚的分析是词

根据上述分析，我们可以比较描述以找出不一致之处：

1. 玩家1和玩家2的描述都提到了水果的味道（酸甜适中、甜酸适中）和汁水丰富，但没有明确提到果肉纤维状或独特的香味。

2. 玩家3的描述提到了形状圆润、皮薄易剥、独特的香味和丰富的营养，这与芒果的特征相符，但与玩家1和玩家2的描述在果肉纤维状这一点上不一致。

3. 玩家4的描述提到了厚实的果皮、柔软的肉质、浓郁的香气和独特的味道，这些特征与某些柑橘类水果相符，但与芒果的特征（皮薄易剥）不一致。

不一致之处在于：
- 玩家3和玩家4的描述都提到了独特的香味，而玩家1和玩家2没有。
- 玩家3和玩家4的描述在果皮的描述上与芒果的特征（皮薄易剥）不一致，而玩家1和玩家2没有提到这一点。
- 玩家3的描述提到了果肉颜色和维生素含量，而玩家1和玩家2没有。

这些不一致之处可能表明玩家3和玩家4的描述与芒果的特征不完全吻合，而玩家1和玩家2的描述可能更接近。因此，不一致之处可能指向玩家3和玩家4作为可能的卧底候选人。|| 请通过你分析的不一致之处，推断卧底身份，注意，这局游戏的词语分类为<水果>，卧底词和平民词都属于该类。
2024-12-13 12:50:37,824 - 3 - INFO - **********PLAYER3**********
基于上述分析的不一致之处，我们可以进行以下推断：

1. 玩家1和玩家2的描述都集中在水果的味道和汁水上，但没有提到果肉的具体特征，如纤维状或香味，这与芒果的特征不完全吻合。

2. 玩家3的描述提到了形状圆润、皮薄易剥、独特的香味和丰富的营养，这与芒果的特征相符，尤其是“皮薄易剥”这一点。

3. 玩家4的描述提到了厚实的果皮，这与芒果的“皮薄易剥”特征不一致。

根据这些不一致之处，玩家4的描述与芒果的特征最为不符，因为他提到了“厚实的果皮”，而芒果的显著特征之一是“皮薄易剥”。因此，根据描述的相似性和差异性，玩家4可能是卧底。

最终结论是，玩家4可能是卧底。
2024-12-13 12:50:37,827 - 3 - INFO - **********JUDGER**********
你刚刚的推断是基于上述分析的不一致之处，我们可以进行以下推断：

1. 玩家1和玩家2的描述都集中在水果的味道和汁水上，但没有提到果肉的具体特征，如纤维状或香味，这与芒果的特征不完全吻合。

2. 玩家3的描述提到了形状圆润、皮薄易剥、独特的香味和丰富的营养，这与芒果的特征相符，尤其是“皮薄易剥”这一点。

3. 玩家4的描述提到了厚实的果皮，这与芒果的“皮薄易剥”特征不一致。

根据这些不一致之处，玩家4的描述与芒果的特征最为不符，因为他提到了“厚实的果皮”，而芒果的显著特征之一是“皮薄易剥”。因此，根据描述的相似性和差异性，玩家4可能是卧底。

最终结论是，玩家4可能是卧底。|| 基于你刚刚的推断得出你的最终结论，请输出你认为的卧底，在这种情况下只需要输出编号，是1-4中的某个数字，不要输出其他信息。在这个过程不要进行任何推理，只对||以前的部分进行信息提取
2024-12-13 12:50:39,225 - 3 - INFO - **********PLAYER3**********
4
2024-12-13 12:51:24,233 - 3 - INFO - **********JUDGER**********
玩家1说：这个水果色泽鲜艳，通常呈橙黄色。在水果类中，它最突出的不同特征是味道独特，酸甜适中。这个水果的核相对较大，且肉质细腻，适合食用。它在同类水果中以其甜美的口感和丰富的维生素含量而受到喜爱。这个水果的核位于中心，质地较硬，食用时需小心。它的肉质柔软，口感多汁，含有多种营养成分。这种水果在成熟时，其外皮会呈现出诱人的金黄色。玩家2说：这种水果通常有着丰富的汁水，味道既甜又带有一丝微酸。在同类水果中，它最特别的地方在于果肉呈细腻的纤维状。这种水果的果实较大，成熟时呈现出诱人的黄色。它的味道非常甜美，有时会带有一点微微的酸味，让人回味无穷。在同类水果中，它的纤维质果肉特别细腻，口感十分滑润。这个水果富含汁液，口感细腻，成熟时散发出独特的香气。它在同类水果中以其甜中带酸的味道而著称，是一种令人愉悦的食用选择。玩家3说：这个水果形状圆润，皮薄易剥。在同类水果中，它最特别的是拥有独特的香味和丰富的营养。这个水果的果肉颜色鲜艳，口感细腻，富含多种维生素。它的香味浓郁，让人一闻便知其独特之处。与同类水果相比，它的营养更为丰富，对健康有益。玩家4说：这个水果拥有厚实的果皮，内部肉质柔软。它在同类水果中最特别的是拥有浓郁的香气和独特的味道。这个水果的香气非常强烈，能够迅速弥漫整个空间。它的果肉虽然柔软，但颗粒分明，口感独特。这种水果的香味和味道都非常浓郁，让人在品尝后难以忘怀。在同类水果中，它的香气和味道是独一无二的，通常与它相关的描述都是正面的，尽管有人可能对其味道有不同的看法。你是第3号玩家，你的关键词是<芒果>。你的回答中绝对不能包含你的关键词<芒果>。这是第三轮描述，你之前的描述是这个水果形状圆润，皮薄易剥。在同类水果中，它最特别的是拥有独特的香味和丰富的营养。和这个水果的果肉颜色鲜艳，口感细腻，富含多种维生素。它的香味浓郁，让人一闻便知其独特之处。与同类水果相比，它的营养更为丰富，对健康有益。，注意，这局游戏的词语分类为<水果>，卧底词和平民词都属于该类，请你补充关于关键词的描述，注意，你的描述应该比起之前的描述更加贴近关键词，作为之前的补充
2024-12-13 12:51:29,321 - 3 - INFO - **********PLAYER3**********
这个水果的核位于中心，质地较硬，食用时需小心。它的肉质柔软，口感多汁，含有多种营养成分。这种水果在成熟时，其外皮会呈现出诱人的金黄色。
2024-12-13 12:52:31,880 - 3 - INFO - **********JUDGER**********
玩家1说：这个水果色泽鲜艳，通常呈橙黄色。在水果类中，它最突出的不同特征是味道独特，酸甜适中。这个水果的核相对较大，且肉质细腻，适合食用。它在同类水果中以其甜美的口感和丰富的维生素含量而受到喜爱。这个水果的核位于中心，质地较硬，食用时需小心。它的肉质柔软，口感多汁，含有多种营养成分。这种水果在成熟时，其外皮会呈现出诱人的金黄色。玩家2说：这种水果通常有着丰富的汁水，味道既甜又带有一丝微酸。在同类水果中，它最特别的地方在于果肉呈细腻的纤维状。这种水果的果实较大，成熟时呈现出诱人的黄色。它的味道非常甜美，有时会带有一点微微的酸味，让人回味无穷。在同类水果中，它的纤维质果肉特别细腻，口感十分滑润。这个水果富含汁液，口感细腻，成熟时散发出独特的香气。它在同类水果中以其甜中带酸的味道而著称，是一种令人愉悦的食用选择。玩家3说：这个水果形状圆润，皮薄易剥。在同类水果中，它最特别的是拥有独特的香味和丰富的营养。这个水果的果肉颜色鲜艳，口感细腻，富含多种维生素。它的香味浓郁，让人一闻便知其独特之处。与同类水果相比，它的营养更为丰富，对健康有益。这个水果的核位于中心，质地较硬，食用时需小心。它的肉质柔软，口感多汁，含有多种营养成分。这种水果在成熟时，其外皮会呈现出诱人的金黄色。玩家4说：这个水果拥有厚实的果皮，内部肉质柔软。它在同类水果中最特别的是拥有浓郁的香气和独特的味道。这个水果的香气非常强烈，能够迅速弥漫整个空间。它的果肉虽然柔软，但颗粒分明，口感独特。这种水果的香味和味道都非常浓郁，让人在品尝后难以忘怀。在同类水果中，它的香气和味道是独一无二的，通常与它相关的描述都是正面的，尽管有人可能对其味道有不同的看法。这个水果的果皮虽然厚实，但质感坚硬，不易剥开。它的内部肉质柔软，含有大量汁液，散发出强烈的、令人难以抗拒的香气。这种水果的味道浓郁而复杂，既有甜味，又有微妙的酸味，给人一种独特的口感体验。在同类水果中，它的香气和味道都是最为突出的特征。||在这个游戏中，我们需要通过分析每位玩家的描述来找出卧底。通常，平民的描述会围绕相同的词语展开，而卧底的描述可能会因为词语的不同而显得不太一致。我们需要仔细比较每个描述之间的相似性和差异性，以找出可能的卧底，注意，卧底并不会隐藏自己，他会直接描述他的词语，现在，逐一分析每个玩家的描述，注意，这局游戏的词语分类为<水果>，卧底词和平民词都属于该类。||之前是第3轮描述和之前轮数描述的合集。你之前认为的卧底是玩家4。
2024-12-13 12:52:47,989 - 3 - INFO - **********PLAYER3**********
根据玩家们的描述，以下是我的分析：

- 玩家1的描述强调了色泽、味道、核的大小和肉质细腻，以及甜美的口感和丰富的维生素含量。
- 玩家2的描述提到了汁水丰富、味道甜酸适中、果肉纤维状，以及成熟的黄色和甜中带酸的口感。
- 玩家3的描述与玩家1和玩家2的描述相似，强调了形状、皮薄、香味、营养、果肉颜色和维生素含量，以及核的位置和质地。
- 玩家4的描述提到了厚实的果皮、内部肉质柔软、浓郁的香气和独特的味道，以及香气强烈、颗粒分明、味道浓郁而复杂。

之前我认为玩家4是卧底，因为他没有明确描述芒果的特征，而是描述了与某些柑橘类水果更相符的特征，如厚实的果皮和复杂的味道。然而，现在看来，玩家4的描述与其他玩家的描述存在明显的差异：

- 玩家1、玩家2和玩家3都提到了果肉柔软、汁水丰富、味道甜中带酸、核的位置和质地等特征，而玩家4提到了厚实的果皮和复杂的味道，这与芒果的特征（皮薄易剥）不一致。
- 玩家4的描述中提到了果皮质感坚硬，不易剥开，这与芒果的“皮薄易剥”特征完全相反。

因此，基于描述的相似性和差异性，玩家4的描述与芒果的特征最为不符，他可能是卧底。
2024-12-13 12:52:47,992 - 3 - INFO - **********JUDGER**********
你刚刚的分析是根据玩家们的描述，以下是我的分析：

- 玩家1的描述强调了色泽、味道、核的大小和肉质细腻，以及甜美的口感和丰富的维生素含量。
- 玩家2的描述提到了汁水丰富、味道甜酸适中、果肉纤维状，以及成熟的黄色和甜中带酸的口感。
- 玩家3的描述与玩家1和玩家2的描述相似，强调了形状、皮薄、香味、营养、果肉颜色和维生素含量，以及核的位置和质地。
- 玩家4的描述提到了厚实的果皮、内部肉质柔软、浓郁的香气和独特的味道，以及香气强烈、颗粒分明、味道浓郁而复杂。

之前我认为玩家4是卧底，因为他没有明确描述芒果的特征，而是描述了与某些柑橘类水果更相符的特征，如厚实的果皮和复杂的味道。然而，现在看来，玩家4的描述与其他玩家的描述存在明显的差异：

- 玩家1、玩家2和玩家3都提到了果肉柔软、汁水丰富、味道甜中带酸、核的位置和质地等特征，而玩家4提到了厚实的果皮和复杂的味道，这与芒果的特征（皮薄易剥）不一致。
- 玩家4的描述中提到了果皮质感坚硬，不易剥开，这与芒果的“皮薄易剥”特征完全相反。

因此，基于描述的相似性和差异性，玩家4的描述与芒果的特征最为不符，他可能是卧底。|| `请根据上述分析，比较描述以找出不一致之处，注意，这局游戏的词语分类为<水果>，卧底词和平民词都属于该类。
2024-12-13 12:53:11,532 - 3 - INFO - **********PLAYER3**********
根据上述分析，不一致之处主要体现在以下几个方面：

1. **果皮描述**：玩家1、玩家2和玩家3的描述都提到了“皮薄”，而玩家4的描述中提到果皮是“厚实的”，这与芒果的“皮薄易剥”特征相矛盾。

2. **香气描述**：玩家1、玩家2和玩家3的描述中虽然没有直接提到香气，但玩家4的描述强调了“浓郁的香气”和“香气强烈”，这可能与其他玩家描述的水果特征不一致。

3. **味道描述**：玩家1、玩家2和玩家3的描述中提到了甜中带酸的味道，而玩家4的描述中提到了味道的“复杂”，这可能意味着对味道的描述更为丰富，与其他玩家的描述存在差异。

4. **核的位置和质地**：玩家1、玩家2和玩家3的描述中提到了核的位置和质地，而玩家4没有提及这一点。

这些不一致之处可能表明玩家4的描述与芒果的特征不完全吻合，而其他玩家的描述则更接近芒果的特征。因此，这些差异可能是识别卧底的关键。
2024-12-13 12:53:11,535 - 3 - INFO - **********JUDGER**********
你刚刚的分析是根据上述分析，不一致之处主要体现在以下几个方面：

1. **果皮描述**：玩家1、玩家2和玩家3的描述都提到了“皮薄”，而玩家4的描述中提到果皮是“厚实的”，这与芒果的“皮薄易剥”特征相矛盾。

2. **香气描述**：玩家1、玩家2和玩家3的描述中虽然没有直接提到香气，但玩家4的描述强调了“浓郁的香气”和“香气强烈”，这可能与其他玩家描述的水果特征不一致。

3. **味道描述**：玩家1、玩家2和玩家3的描述中提到了甜中带酸的味道，而玩家4的描述中提到了味道的“复杂”，这可能意味着对味道的描述更为丰富，与其他玩家的描述存在差异。

4. **核的位置和质地**：玩家1、玩家2和玩家3的描述中提到了核的位置和质地，而玩家4没有提及这一点。

这些不一致之处可能表明玩家4的描述与芒果的特征不完全吻合，而其他玩家的描述则更接近芒果的特征。因此，这些差异可能是识别卧底的关键。|| 请通过你分析的不一致之处，推断卧底身份，注意，这局游戏的词语分类为<水果>，卧底词和平民词都属于该类。
2024-12-13 12:53:21,625 - 3 - INFO - **********PLAYER3**********
基于上述分析的不一致之处，我的推断是：

玩家4可能是卧底。因为他的描述中提到了“厚实的果皮”和“味道复杂”，这与芒果的典型特征“皮薄易剥”和“味道独特、酸甜适中”不符。其他玩家的描述则更集中在芒果的特征上，如“皮薄”、“香味浓郁”和“甜中带酸的味道”。因此，根据描述的差异，玩家4的描述最不符合芒果的特征，他可能是卧底。
2024-12-13 12:53:21,625 - 3 - INFO - **********JUDGER**********
你刚刚的推断是基于上述分析的不一致之处，我的推断是：

玩家4可能是卧底。因为他的描述中提到了“厚实的果皮”和“味道复杂”，这与芒果的典型特征“皮薄易剥”和“味道独特、酸甜适中”不符。其他玩家的描述则更集中在芒果的特征上，如“皮薄”、“香味浓郁”和“甜中带酸的味道”。因此，根据描述的差异，玩家4的描述最不符合芒果的特征，他可能是卧底。|| 基于你刚刚的推断得出你的最终结论，请输出你认为的卧底，在这种情况下只需要输出编号，是1-4中的某个数字，不要输出其他信息。在这个过程不要进行任何推理，只对||以前的部分进行信息提取
2024-12-13 12:53:23,885 - 3 - INFO - **********PLAYER3**********
4
