2024-12-13 12:45:53,023 - 4 - INFO - **********JUDGER**********
让我们来玩一个叫做<谁是卧底>的推理游戏。基本规则：<人数>：4人。<角色分配>：每位玩家随机抽取一个词语，3名玩家拿到的词语是相同的（平民词），1名玩家拿到与之相近但不同的词语（卧底词）。<游戏流程>：1、玩家轮流描述自己的词语，但<不能>直接说出词语本身。2、描述完毕后，投票选出最像卧底的玩家。3、每轮结束后，被投票选出的玩家出局，不能再进行描述或投票。4、每轮投票结束后，如果卧底被成功找出，平民方获胜；如果卧底未被找出且卧底人数等于或超过平民人数，则卧底方获胜。你将扮演一个<玩家>，请等待你被分配到的关键词。如果你听懂了，只回答，"好的，我准备好参加游戏了"，不要输出别的信息
2024-12-13 12:45:53,736 - 4 - INFO - **********PLAYER4**********
好的，我准备好参加游戏了
2024-12-13 12:46:01,623 - 4 - INFO - **********JUDGER**********
玩家1说：这个水果色泽鲜艳，通常呈橙黄色。在水果类中，它最突出的不同特征是味道独特，酸甜适中。玩家2说：这种水果通常有着丰富的汁水，味道既甜又带有一丝微酸。在同类水果中，它最特别的地方在于果肉呈细腻的纤维状。玩家3说：这个水果形状圆润，皮薄易剥。在同类水果中，它最特别的是拥有独特的香味和丰富的营养。玩家4说：|| 你是第4号玩家，你的关键词是<榴莲>。你的回答中绝对不能包含你的关键词<榴莲>。这是第一轮描述，不需要分析||之前别的玩家的描述，请你描述关键词基本特征，注意，这局游戏的词语分类为<水果>，卧底词和平民词都属于该类，描述包括以下两点，1.他的基本特征是什么2.他在该类（水果）中最突出不同的特征是什么，尽量简短
2024-12-13 12:46:03,752 - 4 - INFO - **********PLAYER4**********
这个水果拥有厚实的果皮，内部肉质柔软。它在同类水果中最特别的是拥有浓郁的香气和独特的味道。
2024-12-13 12:47:58,592 - 4 - INFO - **********JUDGER**********
玩家1说：这个水果色泽鲜艳，通常呈橙黄色。在水果类中，它最突出的不同特征是味道独特，酸甜适中。玩家2说：这种水果通常有着丰富的汁水，味道既甜又带有一丝微酸。在同类水果中，它最特别的地方在于果肉呈细腻的纤维状。玩家3说：这个水果形状圆润，皮薄易剥。在同类水果中，它最特别的是拥有独特的香味和丰富的营养。玩家4说：||在这个游戏中，我们需要通过分析每位玩家的描述来找出卧底。通常，平民的描述会围绕相同的词语展开，而卧底的描述可能会因为词语的不同而显得不太一致。我们需要仔细比较每个描述之间的相似性和差异性，以找出可能的卧底，注意，卧底并不会隐藏自己，他会直接描述他的词语，现在，逐一分析每个玩家的描述，注意，这局游戏的词语分类为<水果>，卧底词和平民词都属于该类。这是第一轮描述。
2024-12-13 12:48:08,275 - 4 - INFO - **********PLAYER4**********
好的，现在我们来分析每个玩家的描述：

玩家1的描述强调了水果的色泽和味道，提到它通常呈橙黄色，味道独特且酸甜适中。

玩家2的描述提到了水果的汁水和味道，描述了它既甜又带有一丝微酸，并指出果肉呈细腻的纤维状。

玩家3的描述侧重于水果的形状、皮薄易剥，以及它的香味和营养。

玩家4的描述似乎是在解释游戏规则和如何分析玩家的描述，并没有提供关于水果的具体信息。

根据这些描述，玩家1和玩家2的描述有较多的相似之处，都提到了味道和汁水。玩家3的描述与前者有所不同，强调了香味和营养。玩家4没有提供关于水果的信息，这可能意味着他是卧底，因为卧底通常不会直接描述他们的词语。

为了进一步确定卧底，我们需要在下一轮中观察玩家的描述是否能够更明确地指向相同的词语。如果玩家4在下一轮继续提供游戏规则的分析而不是水果的描述，那么他可能是卧底。如果其他玩家的描述能够指向一个具体的、在第一轮描述中未被提及的水果，那么他们可能是平民。
2024-12-13 12:48:08,278 - 4 - INFO - **********JUDGER**********
你刚刚的分析是好的，现在我们来分析每个玩家的描述：

玩家1的描述强调了水果的色泽和味道，提到它通常呈橙黄色，味道独特且酸甜适中。

玩家2的描述提到了水果的汁水和味道，描述了它既甜又带有一丝微酸，并指出果肉呈细腻的纤维状。

玩家3的描述侧重于水果的形状、皮薄易剥，以及它的香味和营养。

玩家4的描述似乎是在解释游戏规则和如何分析玩家的描述，并没有提供关于水果的具体信息。

根据这些描述，玩家1和玩家2的描述有较多的相似之处，都提到了味道和汁水。玩家3的描述与前者有所不同，强调了香味和营养。玩家4没有提供关于水果的信息，这可能意味着他是卧底，因为卧底通常不会直接描述他们的词语。

为了进一步确定卧底，我们需要在下一轮中观察玩家的描述是否能够更明确地指向相同的词语。如果玩家4在下一轮继续提供游戏规则的分析而不是水果的描述，那么他可能是卧底。如果其他玩家的描述能够指向一个具体的、在第一轮描述中未被提及的水果，那么他们可能是平民。|| `请根据上述分析，比较描述以找出不一致之处，注意，这局游戏的词语分类为<水果>，卧底词和平民词都属于该类。
2024-12-13 12:48:23,499 - 4 - INFO - **********PLAYER4**********
根据上述分析，我们可以比较描述中的一致性和不一致性如下：

- 玩家1和玩家2的描述都提到了水果的味道和汁水，这表明他们可能持有相同的平民词，可能是某种常见的水果，如橙子或柚子。

- 玩家3的描述提到了水果的形状、皮薄易剥，以及香味和营养，这与玩家1和玩家2的描述有所不同，但仍然可能指向某些具有相似特征的水果，如香蕉或苹果。

- 玩家4的描述没有提供关于水果的具体信息，而是解释了游戏规则和分析方法，这与他应该描述水果的要求不一致。这表明玩家4可能是卧底，因为他没有遵循描述水果的规则。

不一致之处在于：

1. 玩家4没有提供关于水果的具体描述，而是提供了关于游戏的分析，这与其他玩家描述水果的行为不符。

2. 玩家3的描述在味道和汁水方面与玩家1和玩家2有所不同，但其他特征（形状、香味、营养）提供了更多关于水果的线索。

为了进一步确定卧底，我们需要注意以下点：

- 如果玩家4在下一轮继续提供游戏规则的分析而不是水果的描述，那么他很可能就是卧底。
- 如果玩家1、2、3的描述能够在下一轮中更加具体地指向某个共同的水果，那么他们可能是平民。
- 如果玩家3的描述在下一轮中转向强调味道和汁水，那么他可能与玩家1和玩家2持有相同的平民词。
2024-12-13 12:48:23,507 - 4 - INFO - **********JUDGER**********
你刚刚的分析是根据上述分析，我们可以比较描述中的一致性和不一致性如下：

- 玩家1和玩家2的描述都提到了水果的味道和汁水，这表明他们可能持有相同的平民词，可能是某种常见的水果，如橙子或柚子。

- 玩家3的描述提到了水果的形状、皮薄易剥，以及香味和营养，这与玩家1和玩家2的描述有所不同，但仍然可能指向某些具有相似特征的水果，如香蕉或苹果。

- 玩家4的描述没有提供关于水果的具体信息，而是解释了游戏规则和分析方法，这与他应该描述水果的要求不一致。这表明玩家4可能是卧底，因为他没有遵循描述水果的规则。

不一致之处在于：

1. 玩家4没有提供关于水果的具体描述，而是提供了关于游戏的分析，这与其他玩家描述水果的行为不符。

2. 玩家3的描述在味道和汁水方面与玩家1和玩家2有所不同，但其他特征（形状、香味、营养）提供了更多关于水果的线索。

为了进一步确定卧底，我们需要注意以下点：

- 如果玩家4在下一轮继续提供游戏规则的分析而不是水果的描述，那么他很可能就是卧底。
- 如果玩家1、2、3的描述能够在下一轮中更加具体地指向某个共同的水果，那么他们可能是平民。
- 如果玩家3的描述在下一轮中转向强调味道和汁水，那么他可能与玩家1和玩家2持有相同的平民词。|| 请通过你分析的不一致之处，推断卧底身份，注意，这局游戏的词语分类为<水果>，卧底词和平民词都属于该类。
2024-12-13 12:48:33,946 - 4 - INFO - **********PLAYER4**********
根据上述分析的不一致之处，我们可以进行以下推断：

1. 玩家4在第一轮描述中并没有提供关于水果的具体信息，而是解释了游戏规则和分析方法。这与其他玩家的行为明显不同，因为其他玩家都在描述水果的特征。这种不遵循游戏规则的行为增加了玩家4是卧底的可能性。

2. 玩家1和玩家2的描述在味道和汁水方面有相似之处，这可能意味着他们持有相同的平民词。然而，玩家3的描述在味道和汁水方面与玩家1和玩家2有所不同，这表明玩家3可能持有不同的词，或者可能是卧底。

3. 玩家3的描述虽然提到了香味和营养，但如果他在下一轮中转向强调味道和汁水，这可能会与他之前提到的形状、皮薄易剥等特征产生冲突。如果出现这样的冲突，玩家3可能是卧底，因为卧底通常不会隐藏自己的不同之处。

综合以上点，玩家4可能是卧底，因为他没有遵循描述水果的规则。而玩家3的描述与其他玩家的描述存在不一致，如果他继续表现出不一致性，那么他也有可能是卧底。至于玩家1和玩家2，他们的描述一致性较高，但如果在下一轮中他们能够提供更加具体的信息来指向一个共同的水果，那么他们更有可能是平民。

因此，根据当前的信息，玩家4是卧底的可能性最大，而玩家3也可能是卧底。玩家1和玩家2持有相同平民词的可能性较高，但需要进一步的信息来确认。
2024-12-13 12:48:33,947 - 4 - INFO - **********JUDGER**********
你刚刚的推断是根据上述分析的不一致之处，我们可以进行以下推断：

1. 玩家4在第一轮描述中并没有提供关于水果的具体信息，而是解释了游戏规则和分析方法。这与其他玩家的行为明显不同，因为其他玩家都在描述水果的特征。这种不遵循游戏规则的行为增加了玩家4是卧底的可能性。

2. 玩家1和玩家2的描述在味道和汁水方面有相似之处，这可能意味着他们持有相同的平民词。然而，玩家3的描述在味道和汁水方面与玩家1和玩家2有所不同，这表明玩家3可能持有不同的词，或者可能是卧底。

3. 玩家3的描述虽然提到了香味和营养，但如果他在下一轮中转向强调味道和汁水，这可能会与他之前提到的形状、皮薄易剥等特征产生冲突。如果出现这样的冲突，玩家3可能是卧底，因为卧底通常不会隐藏自己的不同之处。

综合以上点，玩家4可能是卧底，因为他没有遵循描述水果的规则。而玩家3的描述与其他玩家的描述存在不一致，如果他继续表现出不一致性，那么他也有可能是卧底。至于玩家1和玩家2，他们的描述一致性较高，但如果在下一轮中他们能够提供更加具体的信息来指向一个共同的水果，那么他们更有可能是平民。

因此，根据当前的信息，玩家4是卧底的可能性最大，而玩家3也可能是卧底。玩家1和玩家2持有相同平民词的可能性较高，但需要进一步的信息来确认。|| 基于你刚刚的推断得出你的最终结论，请输出你认为的卧底，在这种情况下只需要输出编号，是1-4中的某个数字，不要输出其他信息。在这个过程不要进行任何推理，只对||以前的部分进行信息提取
2024-12-13 12:48:34,536 - 4 - INFO - **********PLAYER4**********
4
2024-12-13 12:48:46,478 - 4 - INFO - **********JUDGER**********
玩家1说：这个水果色泽鲜艳，通常呈橙黄色。在水果类中，它最突出的不同特征是味道独特，酸甜适中。这个水果的核相对较大，且肉质细腻，适合食用。它在同类水果中以其甜美的口感和丰富的维生素含量而受到喜爱。玩家2说：这种水果通常有着丰富的汁水，味道既甜又带有一丝微酸。在同类水果中，它最特别的地方在于果肉呈细腻的纤维状。这种水果的果实较大，成熟时呈现出诱人的黄色。它的味道非常甜美，有时会带有一点微微的酸味，让人回味无穷。在同类水果中，它的纤维质果肉特别细腻，口感十分滑润。玩家3说：这个水果形状圆润，皮薄易剥。在同类水果中，它最特别的是拥有独特的香味和丰富的营养。这个水果的果肉颜色鲜艳，口感细腻，富含多种维生素。它的香味浓郁，让人一闻便知其独特之处。与同类水果相比，它的营养更为丰富，对健康有益。玩家4说：这个水果拥有厚实的果皮，内部肉质柔软。它在同类水果中最特别的是拥有浓郁的香气和独特的味道。你是第4号玩家，你的关键词是<榴莲>。你的回答中绝对不能包含你的关键词<榴莲>。这是第二轮描述，你之前的描述是这个水果拥有厚实的果皮，内部肉质柔软。它在同类水果中最特别的是拥有浓郁的香气和独特的味道。，注意，这局游戏的词语分类为<水果>，卧底词和平民词都属于该类，请你补充关于关键词的描述，注意，你的描述应该比起之前的描述更加贴近关键词，作为之前的补充
2024-12-13 12:48:50,082 - 4 - INFO - **********PLAYER4**********
这个水果的果皮坚硬，但易于剥开。它的果肉细腻多汁，散发着独特的香气，味道浓郁而复杂，既有榴莲的香甜，又有其他水果的微酸。它的香气能够迅速吸引人的注意，而它的味道则让人回味无穷。在同类水果中，它以其独特的香气和味道而著称。
2024-12-13 12:48:50,082 - 4 - INFO - **********JUDGER**********
玩家1说：这个水果色泽鲜艳，通常呈橙黄色。在水果类中，它最突出的不同特征是味道独特，酸甜适中。这个水果的核相对较大，且肉质细腻，适合食用。它在同类水果中以其甜美的口感和丰富的维生素含量而受到喜爱。玩家2说：这种水果通常有着丰富的汁水，味道既甜又带有一丝微酸。在同类水果中，它最特别的地方在于果肉呈细腻的纤维状。这种水果的果实较大，成熟时呈现出诱人的黄色。它的味道非常甜美，有时会带有一点微微的酸味，让人回味无穷。在同类水果中，它的纤维质果肉特别细腻，口感十分滑润。玩家3说：这个水果形状圆润，皮薄易剥。在同类水果中，它最特别的是拥有独特的香味和丰富的营养。这个水果的果肉颜色鲜艳，口感细腻，富含多种维生素。它的香味浓郁，让人一闻便知其独特之处。与同类水果相比，它的营养更为丰富，对健康有益。玩家4说：这个水果拥有厚实的果皮，内部肉质柔软。它在同类水果中最特别的是拥有浓郁的香气和独特的味道。你是第4号玩家，你的关键词是<榴莲>。你的回答中绝对不能包含你的关键词<榴莲>。这是第二轮描述，你之前的描述是这个水果拥有厚实的果皮，内部肉质柔软。它在同类水果中最特别的是拥有浓郁的香气和独特的味道。，注意，这局游戏的词语分类为<水果>，卧底词和平民词都属于该类，请你补充关于关键词的描述，注意，你的描述应该比起之前的描述更加贴近关键词，作为之前的补充
2024-12-13 12:48:53,127 - 4 - INFO - **********PLAYER4**********
这个水果的香气非常强烈，能够迅速弥漫整个空间。它的果肉虽然柔软，但颗粒分明，口感独特。这种水果的香味和味道都非常浓郁，让人在品尝后难以忘怀。在同类水果中，它的香气和味道是独一无二的，通常与它相关的描述都是正面的，尽管有人可能对其味道有不同的看法。
2024-12-13 12:50:39,225 - 4 - INFO - **********JUDGER**********
玩家1说：这个水果色泽鲜艳，通常呈橙黄色。在水果类中，它最突出的不同特征是味道独特，酸甜适中。这个水果的核相对较大，且肉质细腻，适合食用。它在同类水果中以其甜美的口感和丰富的维生素含量而受到喜爱。玩家2说：这种水果通常有着丰富的汁水，味道既甜又带有一丝微酸。在同类水果中，它最特别的地方在于果肉呈细腻的纤维状。这种水果的果实较大，成熟时呈现出诱人的黄色。它的味道非常甜美，有时会带有一点微微的酸味，让人回味无穷。在同类水果中，它的纤维质果肉特别细腻，口感十分滑润。玩家3说：这个水果形状圆润，皮薄易剥。在同类水果中，它最特别的是拥有独特的香味和丰富的营养。这个水果的果肉颜色鲜艳，口感细腻，富含多种维生素。它的香味浓郁，让人一闻便知其独特之处。与同类水果相比，它的营养更为丰富，对健康有益。玩家4说：这个水果拥有厚实的果皮，内部肉质柔软。它在同类水果中最特别的是拥有浓郁的香气和独特的味道。||在这个游戏中，我们需要通过分析每位玩家的描述来找出卧底。通常，平民的描述会围绕相同的词语展开，而卧底的描述可能会因为词语的不同而显得不太一致。我们需要仔细比较每个描述之间的相似性和差异性，以找出可能的卧底，注意，卧底并不会隐藏自己，他会直接描述他的词语，现在，逐一分析每个玩家的描述，注意，这局游戏的词语分类为<水果>，卧底词和平民词都属于该类。||之前是第2轮描述和之前轮数描述的合集。你之前认为的卧底是玩家4。
2024-12-13 12:50:55,527 - 4 - INFO - **********PLAYER4**********
基于前两轮的描述，玩家4的描述与玩家1、2、3的描述存在一些不一致之处。以下是具体分析：

- 玩家1、2、3的描述都提到了水果的色泽、味道、汁水、果肉细腻、香味、营养等特点，这些描述较为相似，可能指向同一种水果。
- 玩家4的描述虽然也提到了香气和独特的味道，但强调的是果皮厚实和肉质柔软，这与其他玩家描述的细腻果肉和丰富汁水有所区别。

考虑到这些差异，玩家4的描述在第一轮和第二轮中都没有与其他玩家的描述完全吻合，这增加了他是卧底的可能性。然而，没有更多的信息，我们不能确定玩家4就是卧底。

现在，让我们根据新的描述进行分析：

- 玩家1和玩家2的描述仍然强调了味道、汁水和果肉特征，这与之前的描述一致。
- 玩家3的描述继续强调了香味、营养和果肉颜色，与之前的描述保持一致。
- 玩家4的描述虽然提到了香气和独特的味道，但与之前的描述相比，更加突出了果皮厚实和肉质柔软，这与之前提到的“厚实的果皮”和“浓郁的香气”相呼应。

基于以上分析，玩家4的描述在第二轮中与之前的描述更加贴近，这可能意味着他试图通过重复强调果皮厚实和肉质柔软来加强自己的描述，从而与其他玩家的描述形成对比。这种重复强调可能与卧底的身份相符，因为他可能希望通过这种方式来引起怀疑。

因此，基于前两轮的描述和第三轮的描述，玩家4仍然是可能的卧底。
2024-12-13 12:50:55,529 - 4 - INFO - **********JUDGER**********
你刚刚的分析是基于前两轮的描述，玩家4的描述与玩家1、2、3的描述存在一些不一致之处。以下是具体分析：

- 玩家1、2、3的描述都提到了水果的色泽、味道、汁水、果肉细腻、香味、营养等特点，这些描述较为相似，可能指向同一种水果。
- 玩家4的描述虽然也提到了香气和独特的味道，但强调的是果皮厚实和肉质柔软，这与其他玩家描述的细腻果肉和丰富汁水有所区别。

考虑到这些差异，玩家4的描述在第一轮和第二轮中都没有与其他玩家的描述完全吻合，这增加了他是卧底的可能性。然而，没有更多的信息，我们不能确定玩家4就是卧底。

现在，让我们根据新的描述进行分析：

- 玩家1和玩家2的描述仍然强调了味道、汁水和果肉特征，这与之前的描述一致。
- 玩家3的描述继续强调了香味、营养和果肉颜色，与之前的描述保持一致。
- 玩家4的描述虽然提到了香气和独特的味道，但与之前的描述相比，更加突出了果皮厚实和肉质柔软，这与之前提到的“厚实的果皮”和“浓郁的香气”相呼应。

基于以上分析，玩家4的描述在第二轮中与之前的描述更加贴近，这可能意味着他试图通过重复强调果皮厚实和肉质柔软来加强自己的描述，从而与其他玩家的描述形成对比。这种重复强调可能与卧底的身份相符，因为他可能希望通过这种方式来引起怀疑。

因此，基于前两轮的描述和第三轮的描述，玩家4仍然是可能的卧底。|| `请根据上述分析，比较描述以找出不一致之处，注意，这局游戏的词语分类为<水果>，卧底词和平民词都属于该类。
2024-12-13 12:51:08,703 - 4 - INFO - **********PLAYER4**********
根据上述分析，我们可以比较描述中的一致性和不一致性如下：

一致性：
- 玩家1、2、3的描述都强调了水果的味道、汁水、果肉细腻、香味和营养等特点，这些描述在整体上存在相似性，可能指向同一种水果。

不一致性：
- 玩家4的描述在第一轮和第二轮中虽然也提到了香气和独特的味道，但他特别强调了果皮厚实和肉质柔软，这与玩家1、2、3描述中的细腻果肉和丰富汁水形成了对比。
- 玩家4在第二轮的描述中重复了果皮厚实和肉质柔软的描述，这进一步与其他玩家的描述形成了差异。

总结：
- 玩家4的描述与其他玩家在果肉细腻和汁水丰富这两个特点上存在不一致，这可能是他作为卧底的一个线索。其他玩家的描述在味道、汁水和果肉特征上更加一致，这可能表明他们持有相同的平民词。
2024-12-13 12:51:08,705 - 4 - INFO - **********JUDGER**********
你刚刚的分析是根据上述分析，我们可以比较描述中的一致性和不一致性如下：

一致性：
- 玩家1、2、3的描述都强调了水果的味道、汁水、果肉细腻、香味和营养等特点，这些描述在整体上存在相似性，可能指向同一种水果。

不一致性：
- 玩家4的描述在第一轮和第二轮中虽然也提到了香气和独特的味道，但他特别强调了果皮厚实和肉质柔软，这与玩家1、2、3描述中的细腻果肉和丰富汁水形成了对比。
- 玩家4在第二轮的描述中重复了果皮厚实和肉质柔软的描述，这进一步与其他玩家的描述形成了差异。

总结：
- 玩家4的描述与其他玩家在果肉细腻和汁水丰富这两个特点上存在不一致，这可能是他作为卧底的一个线索。其他玩家的描述在味道、汁水和果肉特征上更加一致，这可能表明他们持有相同的平民词。|| 请通过你分析的不一致之处，推断卧底身份，注意，这局游戏的词语分类为<水果>，卧底词和平民词都属于该类。
2024-12-13 12:51:14,130 - 4 - INFO - **********PLAYER4**********
基于分析的不一致之处，我推断卧底身份是玩家4。他的描述在果肉细腻和汁水丰富这两个特点上与其他玩家存在差异，而其他玩家的描述在味道、汁水和果肉特征上更加一致，这可能指向他们持有相同的平民词。玩家4的描述重复强调果皮厚实和肉质柔软，这与其他玩家描述的细腻果肉和丰富汁水形成对比，这增加了他作为卧底的可能性。
2024-12-13 12:51:14,131 - 4 - INFO - **********JUDGER**********
你刚刚的推断是基于分析的不一致之处，我推断卧底身份是玩家4。他的描述在果肉细腻和汁水丰富这两个特点上与其他玩家存在差异，而其他玩家的描述在味道、汁水和果肉特征上更加一致，这可能指向他们持有相同的平民词。玩家4的描述重复强调果皮厚实和肉质柔软，这与其他玩家描述的细腻果肉和丰富汁水形成对比，这增加了他作为卧底的可能性。|| 基于你刚刚的推断得出你的最终结论，请输出你认为的卧底，在这种情况下只需要输出编号，是1-4中的某个数字，不要输出其他信息。在这个过程不要进行任何推理，只对||以前的部分进行信息提取
2024-12-13 12:51:15,572 - 4 - INFO - **********PLAYER4**********
4
2024-12-13 12:51:29,322 - 4 - INFO - **********JUDGER**********
玩家1说：这个水果色泽鲜艳，通常呈橙黄色。在水果类中，它最突出的不同特征是味道独特，酸甜适中。这个水果的核相对较大，且肉质细腻，适合食用。它在同类水果中以其甜美的口感和丰富的维生素含量而受到喜爱。这个水果的核位于中心，质地较硬，食用时需小心。它的肉质柔软，口感多汁，含有多种营养成分。这种水果在成熟时，其外皮会呈现出诱人的金黄色。玩家2说：这种水果通常有着丰富的汁水，味道既甜又带有一丝微酸。在同类水果中，它最特别的地方在于果肉呈细腻的纤维状。这种水果的果实较大，成熟时呈现出诱人的黄色。它的味道非常甜美，有时会带有一点微微的酸味，让人回味无穷。在同类水果中，它的纤维质果肉特别细腻，口感十分滑润。这个水果富含汁液，口感细腻，成熟时散发出独特的香气。它在同类水果中以其甜中带酸的味道而著称，是一种令人愉悦的食用选择。玩家3说：这个水果形状圆润，皮薄易剥。在同类水果中，它最特别的是拥有独特的香味和丰富的营养。这个水果的果肉颜色鲜艳，口感细腻，富含多种维生素。它的香味浓郁，让人一闻便知其独特之处。与同类水果相比，它的营养更为丰富，对健康有益。这个水果的核位于中心，质地较硬，食用时需小心。它的肉质柔软，口感多汁，含有多种营养成分。这种水果在成熟时，其外皮会呈现出诱人的金黄色。玩家4说：这个水果拥有厚实的果皮，内部肉质柔软。它在同类水果中最特别的是拥有浓郁的香气和独特的味道。这个水果的香气非常强烈，能够迅速弥漫整个空间。它的果肉虽然柔软，但颗粒分明，口感独特。这种水果的香味和味道都非常浓郁，让人在品尝后难以忘怀。在同类水果中，它的香气和味道是独一无二的，通常与它相关的描述都是正面的，尽管有人可能对其味道有不同的看法。你是第4号玩家，你的关键词是<榴莲>。你的回答中绝对不能包含你的关键词<榴莲>。这是第三轮描述，你之前的描述是这个水果拥有厚实的果皮，内部肉质柔软。它在同类水果中最特别的是拥有浓郁的香气和独特的味道。和这个水果的果皮坚硬，但易于剥开。它的果肉细腻多汁，散发着独特的香气，味道浓郁而复杂，既有榴莲的香甜，又有其他水果的微酸。它的香气能够迅速吸引人的注意，而它的味道则让人回味无穷。在同类水果中，它以其独特的香气和味道而著称。，注意，这局游戏的词语分类为<水果>，卧底词和平民词都属于该类，请你补充关于关键词的描述，注意，你的描述应该比起之前的描述更加贴近关键词，作为之前的补充
2024-12-13 12:51:33,761 - 4 - INFO - **********PLAYER4**********
这个水果的果皮虽然厚实，但质感坚硬，不易剥开。它的内部肉质柔软，含有大量汁液，散发出强烈的、令人难以抗拒的香气。这种水果的味道浓郁而复杂，既有甜味，又有微妙的酸味，给人一种独特的口感体验。在同类水果中，它的香气和味道都是最为突出的特征。
2024-12-13 12:53:23,885 - 4 - INFO - **********JUDGER**********
玩家1说：这个水果色泽鲜艳，通常呈橙黄色。在水果类中，它最突出的不同特征是味道独特，酸甜适中。这个水果的核相对较大，且肉质细腻，适合食用。它在同类水果中以其甜美的口感和丰富的维生素含量而受到喜爱。这个水果的核位于中心，质地较硬，食用时需小心。它的肉质柔软，口感多汁，含有多种营养成分。这种水果在成熟时，其外皮会呈现出诱人的金黄色。玩家2说：这种水果通常有着丰富的汁水，味道既甜又带有一丝微酸。在同类水果中，它最特别的地方在于果肉呈细腻的纤维状。这种水果的果实较大，成熟时呈现出诱人的黄色。它的味道非常甜美，有时会带有一点微微的酸味，让人回味无穷。在同类水果中，它的纤维质果肉特别细腻，口感十分滑润。这个水果富含汁液，口感细腻，成熟时散发出独特的香气。它在同类水果中以其甜中带酸的味道而著称，是一种令人愉悦的食用选择。玩家3说：这个水果形状圆润，皮薄易剥。在同类水果中，它最特别的是拥有独特的香味和丰富的营养。这个水果的果肉颜色鲜艳，口感细腻，富含多种维生素。它的香味浓郁，让人一闻便知其独特之处。与同类水果相比，它的营养更为丰富，对健康有益。这个水果的核位于中心，质地较硬，食用时需小心。它的肉质柔软，口感多汁，含有多种营养成分。这种水果在成熟时，其外皮会呈现出诱人的金黄色。玩家4说：这个水果拥有厚实的果皮，内部肉质柔软。它在同类水果中最特别的是拥有浓郁的香气和独特的味道。这个水果的香气非常强烈，能够迅速弥漫整个空间。它的果肉虽然柔软，但颗粒分明，口感独特。这种水果的香味和味道都非常浓郁，让人在品尝后难以忘怀。在同类水果中，它的香气和味道是独一无二的，通常与它相关的描述都是正面的，尽管有人可能对其味道有不同的看法。这个水果的果皮虽然厚实，但质感坚硬，不易剥开。它的内部肉质柔软，含有大量汁液，散发出强烈的、令人难以抗拒的香气。这种水果的味道浓郁而复杂，既有甜味，又有微妙的酸味，给人一种独特的口感体验。在同类水果中，它的香气和味道都是最为突出的特征。||在这个游戏中，我们需要通过分析每位玩家的描述来找出卧底。通常，平民的描述会围绕相同的词语展开，而卧底的描述可能会因为词语的不同而显得不太一致。我们需要仔细比较每个描述之间的相似性和差异性，以找出可能的卧底，注意，卧底并不会隐藏自己，他会直接描述他的词语，现在，逐一分析每个玩家的描述，注意，这局游戏的词语分类为<水果>，卧底词和平民词都属于该类。||之前是第3轮描述和之前轮数描述的合集。你之前认为的卧底是玩家4。
2024-12-13 12:53:32,697 - 4 - INFO - **********PLAYER4**********
基于前几轮的描述，玩家4的描述与其他玩家的描述存在以下不一致之处：

- 玩家1、2、3的描述都提到了水果的色泽、味道、汁水、果肉细腻、香味、营养等特点，并且都强调了成熟时外皮的金黄色。
- 玩家4的描述虽然也提到了香气和独特的味道，但他特别强调了果皮的厚实和质感坚硬，以及果肉含有大量汁液和颗粒分明的特征，这与玩家1、2、3描述中的细腻果肉和丰富汁水形成了对比。

因此，根据这些不一致之处，玩家4的描述仍然与玩家1、2、3的描述存在差异，这继续支持他作为卧底的可能性。玩家4的描述在第三轮中进一步强调了果皮的厚实和质感坚硬，这与之前提到的“厚实的果皮”相呼应，但与其他玩家描述的细腻果肉和丰富汁水形成对比。

基于以上信息，玩家4仍然是可能的卧底。
2024-12-13 12:53:32,698 - 4 - INFO - **********JUDGER**********
你刚刚的分析是基于前几轮的描述，玩家4的描述与其他玩家的描述存在以下不一致之处：

- 玩家1、2、3的描述都提到了水果的色泽、味道、汁水、果肉细腻、香味、营养等特点，并且都强调了成熟时外皮的金黄色。
- 玩家4的描述虽然也提到了香气和独特的味道，但他特别强调了果皮的厚实和质感坚硬，以及果肉含有大量汁液和颗粒分明的特征，这与玩家1、2、3描述中的细腻果肉和丰富汁水形成了对比。

因此，根据这些不一致之处，玩家4的描述仍然与玩家1、2、3的描述存在差异，这继续支持他作为卧底的可能性。玩家4的描述在第三轮中进一步强调了果皮的厚实和质感坚硬，这与之前提到的“厚实的果皮”相呼应，但与其他玩家描述的细腻果肉和丰富汁水形成对比。

基于以上信息，玩家4仍然是可能的卧底。|| `请根据上述分析，比较描述以找出不一致之处，注意，这局游戏的词语分类为<水果>，卧底词和平民词都属于该类。
2024-12-13 12:53:46,670 - 4 - INFO - **********PLAYER4**********
在比较描述以找出不一致之处时，我们可以注意到以下几点：

1. 玩家1、2、3的描述都集中在水果的色泽（通常呈橙黄色）、味道（酸甜适中、甜中带酸）、汁水丰富、果肉细腻、香味浓郁和营养丰富上，以及成熟时外皮的金黄色。

2. 玩家4的描述则特别强调了果皮的厚实和质感坚硬，以及果肉含有大量汁液和颗粒分明的特征，这与玩家1、2、3描述中的细腻果肉和丰富汁水形成了对比。

不一致之处总结如下：

- 玩家4特别强调了果皮的厚实和质感坚硬，而玩家1、2、3没有特别强调这一点。
- 玩家4提到果肉含有大量汁液和颗粒分明，而玩家1、2、3没有特别强调汁液的多少或颗粒的分明。
- 玩家4的描述中没有提到果肉细腻或香味浓郁，而这些都是玩家1、2、3描述中的共同点。

基于这些不一致之处，玩家4的描述在水果类特征上与玩家1、2、3的描述存在显著差异，这可能是他作为卧底的一个线索。
2024-12-13 12:53:46,672 - 4 - INFO - **********JUDGER**********
你刚刚的分析是在比较描述以找出不一致之处时，我们可以注意到以下几点：

1. 玩家1、2、3的描述都集中在水果的色泽（通常呈橙黄色）、味道（酸甜适中、甜中带酸）、汁水丰富、果肉细腻、香味浓郁和营养丰富上，以及成熟时外皮的金黄色。

2. 玩家4的描述则特别强调了果皮的厚实和质感坚硬，以及果肉含有大量汁液和颗粒分明的特征，这与玩家1、2、3描述中的细腻果肉和丰富汁水形成了对比。

不一致之处总结如下：

- 玩家4特别强调了果皮的厚实和质感坚硬，而玩家1、2、3没有特别强调这一点。
- 玩家4提到果肉含有大量汁液和颗粒分明，而玩家1、2、3没有特别强调汁液的多少或颗粒的分明。
- 玩家4的描述中没有提到果肉细腻或香味浓郁，而这些都是玩家1、2、3描述中的共同点。

基于这些不一致之处，玩家4的描述在水果类特征上与玩家1、2、3的描述存在显著差异，这可能是他作为卧底的一个线索。|| 请通过你分析的不一致之处，推断卧底身份，注意，这局游戏的词语分类为<水果>，卧底词和平民词都属于该类。
2024-12-13 12:53:51,162 - 4 - INFO - **********PLAYER4**********
基于分析的不一致之处，我推断卧底身份是玩家4。他的描述在果皮的厚实和质感坚硬、果肉含有大量汁液和颗粒分明等方面与其他玩家的描述存在显著差异，而这些特征并不符合通常对水果的描述，尤其是与其他玩家描述的细腻果肉和丰富汁水形成对比。因此，玩家4的描述可能指向了与平民词不同的卧底词。
2024-12-13 12:53:51,163 - 4 - INFO - **********JUDGER**********
你刚刚的推断是基于分析的不一致之处，我推断卧底身份是玩家4。他的描述在果皮的厚实和质感坚硬、果肉含有大量汁液和颗粒分明等方面与其他玩家的描述存在显著差异，而这些特征并不符合通常对水果的描述，尤其是与其他玩家描述的细腻果肉和丰富汁水形成对比。因此，玩家4的描述可能指向了与平民词不同的卧底词。|| 基于你刚刚的推断得出你的最终结论，请输出你认为的卧底，在这种情况下只需要输出编号，是1-4中的某个数字，不要输出其他信息。在这个过程不要进行任何推理，只对||以前的部分进行信息提取
2024-12-13 12:53:52,931 - 4 - INFO - **********PLAYER4**********
4
2024-12-13 12:53:52,932 - 4 - INFO - **********JUDGER**********
你认为卧底是你自己。你现在需要随便选一个人投票。请输出一个数字，是1-4中的某个数字，但这个数字不能是4，不要输出其他信息。
2024-12-13 12:53:54,343 - 4 - INFO - **********PLAYER4**********
1
