2024-12-13 13:11:52,582 - 1 - INFO - **********JUDGER**********
让我们来玩一个叫做<谁是卧底>的推理游戏。基本规则：<人数>：4人。<角色分配>：每位玩家随机抽取一个词语，3名玩家拿到的词语是相同的（平民词），1名玩家拿到与之相近但不同的词语（卧底词）。<游戏流程>：1、玩家轮流描述自己的词语，但<不能>直接说出词语本身。2、描述完毕后，投票选出最像卧底的玩家。3、每轮结束后，被投票选出的玩家出局，不能再进行描述或投票。4、每轮投票结束后，如果卧底被成功找出，平民方获胜；如果卧底未被找出且卧底人数等于或超过平民人数，则卧底方获胜。你将扮演一个<玩家>，请等待你被分配到的关键词。如果你听懂了，只回答，"好的，我准备好参加游戏了"，不要输出别的信息
2024-12-13 13:11:53,831 - 1 - INFO - **********PLAYER1**********
好的，我准备好参加游戏了
2024-12-13 13:11:59,852 - 1 - INFO - **********JUDGER**********
玩家1说：玩家2说：玩家3说：玩家4说：|| 你是第1号玩家，你的关键词是<月亮>。你的回答中绝对不能包含你的关键词<月亮>。这是第一轮描述，不需要分析||之前别的玩家的描述，请你描述关键词基本特征，注意，这局游戏的词语分类为<天文>，卧底词和平民词都属于该类，描述包括以下两点，1.他的基本特征是什么2.他在该类（天文）中最突出不同的特征是什么，尽量简短
2024-12-13 13:12:01,699 - 1 - INFO - **********PLAYER1**********
这是一个自然现象，常常在夜晚出现。它在夜空中非常明亮，有时呈现出不同的形状。
2024-12-13 13:12:10,789 - 1 - INFO - **********JUDGER**********
玩家1说：这是一个自然现象，常常在夜晚出现。它在夜空中非常明亮，有时呈现出不同的形状。玩家2说：这是一个天体，它在白天和夜晚都可以看到。它在夜空中非常明亮，有时因为大气条件，人们可以看到它呈现出不同的形状，比如圆盘状或者弯月状。与同类天体相比，它通常是最容易辨认和观察到的。玩家3说：这是一个常见的夜空现象，通常在夜晚高悬，它的亮度在不同的天气条件下会有所变化。与同类天体相比，它的大小和亮度都是较为显著的。玩家4说：||在这个游戏中，我们需要通过分析每位玩家的描述来找出卧底。通常，平民的描述会围绕相同的词语展开，而卧底的描述可能会因为词语的不同而显得不太一致。我们需要仔细比较每个描述之间的相似性和差异性，以找出可能的卧底，注意，卧底并不会隐藏自己，他会直接描述他的词语，现在，逐一分析每个玩家的描述，注意，这局游戏的词语分类为<天文>，卧底词和平民词都属于该类。这是第一轮描述。
2024-12-13 13:12:16,007 - 1 - INFO - **********PLAYER1**********
我注意到玩家1、玩家2和玩家3的描述都集中在描述一个天体，它在夜空中明亮，有时形状变化，且是容易辨认的。他们的描述具有高度的一致性，这符合平民的描述特点。

然而，玩家4的描述并没有直接描述一个具体的天体，而是转而讨论了游戏规则和卧底可能的行为模式。这种描述方式与玩家1、2、3的描述风格有所不同，它没有直接围绕一个具体的天体特征展开，这可能是卧底试图混淆视听的表现。

因此，根据描述的一致性和描述内容，我认为玩家4可能是卧底。
2024-12-13 13:12:16,008 - 1 - INFO - **********JUDGER**********
你刚刚的分析是我注意到玩家1、玩家2和玩家3的描述都集中在描述一个天体，它在夜空中明亮，有时形状变化，且是容易辨认的。他们的描述具有高度的一致性，这符合平民的描述特点。

然而，玩家4的描述并没有直接描述一个具体的天体，而是转而讨论了游戏规则和卧底可能的行为模式。这种描述方式与玩家1、2、3的描述风格有所不同，它没有直接围绕一个具体的天体特征展开，这可能是卧底试图混淆视听的表现。

因此，根据描述的一致性和描述内容，我认为玩家4可能是卧底。|| `请根据上述分析，比较描述以找出不一致之处，注意，这局游戏的词语分类为<天文>，卧底词和平民词都属于该类。
2024-12-13 13:12:28,371 - 1 - INFO - **********PLAYER1**********
根据上述分析，我们可以比较每位玩家的描述以找出不一致之处：

1. 玩家1的描述集中在描述一个天体，它在夜空中明亮，有时形状变化，且是容易辨认的。这个描述没有具体提到天体的名称，但提供了几个基本特征。

2. 玩家2的描述与玩家1相似，也描述了一个在天空中明亮，形状可能变化的天体，并且强调了它容易辨认的特点。

3. 玩家3的描述与玩家1和玩家2类似，强调了这个天体在夜空中高悬，亮度变化，大小和亮度都较为显著。

4. 玩家4的描述与前三名玩家的描述不同，他没有描述一个具体的天体特征，而是讨论了游戏规则和卧底的行为模式。这与其他玩家的描述风格不一致，因为其他玩家都在描述一个具体的天文现象。

不一致之处在于玩家4的描述没有围绕一个具体的天体特征展开，而是偏离了游戏的本意，讨论了游戏策略和规则。这与其他玩家专注于描述天体特征的描述形成了鲜明对比。因此，玩家4的描述与游戏主题的不一致性是找出卧底的关键线索。
2024-12-13 13:12:28,375 - 1 - INFO - **********JUDGER**********
你刚刚的分析是根据上述分析，我们可以比较每位玩家的描述以找出不一致之处：

1. 玩家1的描述集中在描述一个天体，它在夜空中明亮，有时形状变化，且是容易辨认的。这个描述没有具体提到天体的名称，但提供了几个基本特征。

2. 玩家2的描述与玩家1相似，也描述了一个在天空中明亮，形状可能变化的天体，并且强调了它容易辨认的特点。

3. 玩家3的描述与玩家1和玩家2类似，强调了这个天体在夜空中高悬，亮度变化，大小和亮度都较为显著。

4. 玩家4的描述与前三名玩家的描述不同，他没有描述一个具体的天体特征，而是讨论了游戏规则和卧底的行为模式。这与其他玩家的描述风格不一致，因为其他玩家都在描述一个具体的天文现象。

不一致之处在于玩家4的描述没有围绕一个具体的天体特征展开，而是偏离了游戏的本意，讨论了游戏策略和规则。这与其他玩家专注于描述天体特征的描述形成了鲜明对比。因此，玩家4的描述与游戏主题的不一致性是找出卧底的关键线索。|| 请通过你分析的不一致之处，推断卧底身份，注意，这局游戏的词语分类为<天文>，卧底词和平民词都属于该类。
2024-12-13 13:12:34,457 - 1 - INFO - **********PLAYER1**********
根据我的分析，玩家4的描述与其他玩家的描述不一致，因为玩家4没有描述一个具体的天体特征，而是转而讨论了游戏规则和卧底的行为模式。这表明玩家4可能并没有遵循游戏的主题，即描述一个属于天文类别的词语。

在游戏中，卧底的目标是隐藏自己的身份，而平民的目标是找出卧底。玩家4的描述方式似乎是为了引导其他玩家注意到卧底可能不会直接描述天体，这可能是为了混淆视听。

考虑到游戏的主题是<天文>，卧底词和平民词都属于该类，玩家4的描述偏离了这一主题，因此，根据描述的不一致性和游戏规则，我可以推断玩家4很可能是卧底。
2024-12-13 13:12:34,458 - 1 - INFO - **********JUDGER**********
你刚刚的推断是根据我的分析，玩家4的描述与其他玩家的描述不一致，因为玩家4没有描述一个具体的天体特征，而是转而讨论了游戏规则和卧底的行为模式。这表明玩家4可能并没有遵循游戏的主题，即描述一个属于天文类别的词语。

在游戏中，卧底的目标是隐藏自己的身份，而平民的目标是找出卧底。玩家4的描述方式似乎是为了引导其他玩家注意到卧底可能不会直接描述天体，这可能是为了混淆视听。

考虑到游戏的主题是<天文>，卧底词和平民词都属于该类，玩家4的描述偏离了这一主题，因此，根据描述的不一致性和游戏规则，我可以推断玩家4很可能是卧底。|| 基于你刚刚的推断得出你的最终结论，请输出你认为的卧底，在这种情况下只需要输出编号，是1-4中的某个数字，不要输出其他信息。在这个过程不要进行任何推理，只对||以前的部分进行信息提取
2024-12-13 13:12:35,172 - 1 - INFO - **********PLAYER1**********
4
2024-12-13 13:13:57,136 - 1 - INFO - **********JUDGER**********
玩家1说：这是一个自然现象，常常在夜晚出现。它在夜空中非常明亮，有时呈现出不同的形状。玩家2说：这是一个天体，它在白天和夜晚都可以看到。它在夜空中非常明亮，有时因为大气条件，人们可以看到它呈现出不同的形状，比如圆盘状或者弯月状。与同类天体相比，它通常是最容易辨认和观察到的。玩家3说：这是一个常见的夜空现象，通常在夜晚高悬，它的亮度在不同的天气条件下会有所变化。与同类天体相比，它的大小和亮度都是较为显著的。玩家4说：这是一个在夜空中常见的发光天体，它以不同的亮度和高悬的姿态为特征。与同类天体相比，它的表面特征最为复杂，经常呈现出各种不同的形状。你是第1号玩家，你的关键词是<月亮>。你的回答中绝对不能包含你的关键词<月亮>。这是第二轮描述，你之前的描述是这是一个自然现象，常常在夜晚出现。它在夜空中非常明亮，有时呈现出不同的形状。，注意，这局游戏的词语分类为<天文>，卧底词和平民词都属于该类，请你补充关于关键词的描述，注意，你的描述应该比起之前的描述更加贴近关键词，作为之前的补充
2024-12-13 13:13:59,181 - 1 - INFO - **********PLAYER1**********
这个现象在天际中周期性地变化，它的光芒在晴朗的夜晚尤其耀眼。与它的同伴相比，它有着独特的亮度变化模式。
2024-12-13 13:14:10,437 - 1 - INFO - **********JUDGER**********
玩家1说：这是一个自然现象，常常在夜晚出现。它在夜空中非常明亮，有时呈现出不同的形状。这个现象在天际中周期性地变化，它的光芒在晴朗的夜晚尤其耀眼。与它的同伴相比，它有着独特的亮度变化模式。玩家2说：这是一个天体，它在白天和夜晚都可以看到。它在夜空中非常明亮，有时因为大气条件，人们可以看到它呈现出不同的形状，比如圆盘状或者弯月状。与同类天体相比，它通常是最容易辨认和观察到的。这个天体是我们所在星系的第三颗行星，它的大小适中，有时在夜空中看起来像是圆盘状。它的表面特征复杂，有着多样化的地形和气候。与其他行星相比，它最显著的特征是它的大气层，它能够反射和散射太阳光，使得它在夜空中特别明亮。玩家3说：这是一个常见的夜空现象，通常在夜晚高悬，它的亮度在不同的天气条件下会有所变化。与同类天体相比，它的大小和亮度都是较为显著的。这是一个夜空中的天体，它在夜晚高悬，亮度随着月相变化，有时明亮如昼，有时则晦暗如墨。它的表面特征多样，从光滑的平原到崎岖的陨石坑，形态各异。玩家4说：这是一个在夜空中常见的发光天体，它以不同的亮度和高悬的姿态为特征。与同类天体相比，它的表面特征最为复杂，经常呈现出各种不同的形状。||在这个游戏中，我们需要通过分析每位玩家的描述来找出卧底。通常，平民的描述会围绕相同的词语展开，而卧底的描述可能会因为词语的不同而显得不太一致。我们需要仔细比较每个描述之间的相似性和差异性，以找出可能的卧底，注意，卧底并不会隐藏自己，他会直接描述他的词语，现在，逐一分析每个玩家的描述，注意，这局游戏的词语分类为<天文>，卧底词和平民词都属于该类。||之前是第2轮描述和之前轮数描述的合集。你之前认为的卧底是玩家4。
2024-12-13 13:14:16,292 - 1 - INFO - **********PLAYER1**********
根据第二轮描述和之前的分析，玩家4的描述与玩家1、2、3的描述存在显著差异。玩家1、2、3的描述都集中在描述一个在天空中明亮，形状可能变化的天体，并且强调了它容易辨认的特点，以及与同类天体的比较。

而玩家4的描述虽然也提到了发光天体、不同的亮度和形状，但他特别强调了表面特征的复杂性和多样化，这与其他玩家的描述重点有所不同。玩家4的描述中提到了“多样化的地形和气候”以及“大气层能够反射和散射太阳光”，这些信息在其他玩家的描述中并没有出现。

因此，基于描述的差异性和游戏规则，如果之前的推断是玩家4是卧底，那么这一推断在第二轮描述中依然成立。玩家4的描述与其他玩家的描述不一致，继续支持他作为卧底的可能性。
2024-12-13 13:14:16,293 - 1 - INFO - **********JUDGER**********
你刚刚的分析是根据第二轮描述和之前的分析，玩家4的描述与玩家1、2、3的描述存在显著差异。玩家1、2、3的描述都集中在描述一个在天空中明亮，形状可能变化的天体，并且强调了它容易辨认的特点，以及与同类天体的比较。

而玩家4的描述虽然也提到了发光天体、不同的亮度和形状，但他特别强调了表面特征的复杂性和多样化，这与其他玩家的描述重点有所不同。玩家4的描述中提到了“多样化的地形和气候”以及“大气层能够反射和散射太阳光”，这些信息在其他玩家的描述中并没有出现。

因此，基于描述的差异性和游戏规则，如果之前的推断是玩家4是卧底，那么这一推断在第二轮描述中依然成立。玩家4的描述与其他玩家的描述不一致，继续支持他作为卧底的可能性。|| `请根据上述分析，比较描述以找出不一致之处，注意，这局游戏的词语分类为<天文>，卧底词和平民词都属于该类。
2024-12-13 13:14:28,290 - 1 - INFO - **********PLAYER1**********
不一致之处主要体现在以下几个方面：

1. 玩家4的描述中提到了“多样化的地形和气候”，这暗示了一个有生命存在或者至少有复杂环境的物体，而玩家1、2、3的描述主要集中在天体的亮度和形状上，没有提及地形和气候。

2. 玩家4提到“大气层能够反射和散射太阳光”，这表明他描述的天体有一个能够影响光线反射的大气层。虽然玩家2提到了大气条件影响天体的可见形状，但没有提及大气层对光线反射的具体作用。

3. 玩家4强调了天体的“表面特征最为复杂”，而玩家1、2、3的描述虽然也提到了形状变化，但没有强调复杂性的程度。

这些差异表明玩家4的描述在描述天体的特征时，更侧重于天体的环境和表面复杂性，这与玩家1、2、3的描述更为简化和集中在天体的物理特征上有所不同。这可能是由于玩家4的词语与玩家1、2、3的词语在<天文>类别中存在本质上的不同。
2024-12-13 13:14:28,292 - 1 - INFO - **********JUDGER**********
你刚刚的分析是不一致之处主要体现在以下几个方面：

1. 玩家4的描述中提到了“多样化的地形和气候”，这暗示了一个有生命存在或者至少有复杂环境的物体，而玩家1、2、3的描述主要集中在天体的亮度和形状上，没有提及地形和气候。

2. 玩家4提到“大气层能够反射和散射太阳光”，这表明他描述的天体有一个能够影响光线反射的大气层。虽然玩家2提到了大气条件影响天体的可见形状，但没有提及大气层对光线反射的具体作用。

3. 玩家4强调了天体的“表面特征最为复杂”，而玩家1、2、3的描述虽然也提到了形状变化，但没有强调复杂性的程度。

这些差异表明玩家4的描述在描述天体的特征时，更侧重于天体的环境和表面复杂性，这与玩家1、2、3的描述更为简化和集中在天体的物理特征上有所不同。这可能是由于玩家4的词语与玩家1、2、3的词语在<天文>类别中存在本质上的不同。|| 请通过你分析的不一致之处，推断卧底身份，注意，这局游戏的词语分类为<天文>，卧底词和平民词都属于该类。
2024-12-13 13:14:39,584 - 1 - INFO - **********PLAYER1**********
基于上述不一致之处，我们可以推断：

1. 玩家4的描述中提到了“多样化的地形和气候”，这暗示了可能不是一般的天文现象，因为普通的天文现象（如星星、行星等）通常不会被描述为具有复杂的地形和气候。

2. 玩家4还提到了“大气层能够反射和散射太阳光”，这通常不是描述行星或恒星的特征，而是地球的特征。

3. 玩家4强调天体的表面特征“最为复杂”，这同样与描述行星或恒星的物理特征不符，因为这些天体的表面特征虽然多样，但通常不会被描述为“最为复杂”。

综合这些信息，玩家4的描述与一般的天文现象（如行星或恒星）的特征不一致，而是更像是地球的特征。因此，考虑到游戏词语分类为<天文>，且卧底词和平民词都属于该类，我们可以推断玩家4可能是卧底，因为他的描述更符合地球这个天体的特征。所以，卧底身份可能是玩家4。
2024-12-13 13:14:39,592 - 1 - INFO - **********JUDGER**********
你刚刚的推断是基于上述不一致之处，我们可以推断：

1. 玩家4的描述中提到了“多样化的地形和气候”，这暗示了可能不是一般的天文现象，因为普通的天文现象（如星星、行星等）通常不会被描述为具有复杂的地形和气候。

2. 玩家4还提到了“大气层能够反射和散射太阳光”，这通常不是描述行星或恒星的特征，而是地球的特征。

3. 玩家4强调天体的表面特征“最为复杂”，这同样与描述行星或恒星的物理特征不符，因为这些天体的表面特征虽然多样，但通常不会被描述为“最为复杂”。

综合这些信息，玩家4的描述与一般的天文现象（如行星或恒星）的特征不一致，而是更像是地球的特征。因此，考虑到游戏词语分类为<天文>，且卧底词和平民词都属于该类，我们可以推断玩家4可能是卧底，因为他的描述更符合地球这个天体的特征。所以，卧底身份可能是玩家4。|| 基于你刚刚的推断得出你的最终结论，请输出你认为的卧底，在这种情况下只需要输出编号，是1-4中的某个数字，不要输出其他信息。在这个过程不要进行任何推理，只对||以前的部分进行信息提取
2024-12-13 13:14:40,823 - 1 - INFO - **********PLAYER1**********
4
2024-12-13 13:16:06,505 - 1 - INFO - **********JUDGER**********
玩家1说：这是一个自然现象，常常在夜晚出现。它在夜空中非常明亮，有时呈现出不同的形状。这个现象在天际中周期性地变化，它的光芒在晴朗的夜晚尤其耀眼。与它的同伴相比，它有着独特的亮度变化模式。玩家2说：这是一个天体，它在白天和夜晚都可以看到。它在夜空中非常明亮，有时因为大气条件，人们可以看到它呈现出不同的形状，比如圆盘状或者弯月状。与同类天体相比，它通常是最容易辨认和观察到的。这个天体是我们所在星系的第三颗行星，它的大小适中，有时在夜空中看起来像是圆盘状。它的表面特征复杂，有着多样化的地形和气候。与其他行星相比，它最显著的特征是它的大气层，它能够反射和散射太阳光，使得它在夜空中特别明亮。玩家3说：这是一个常见的夜空现象，通常在夜晚高悬，它的亮度在不同的天气条件下会有所变化。与同类天体相比，它的大小和亮度都是较为显著的。这是一个夜空中的天体，它在夜晚高悬，亮度随着月相变化，有时明亮如昼，有时则晦暗如墨。它的表面特征多样，从光滑的平原到崎岖的陨石坑，形态各异。玩家4说：这是一个在夜空中常见的发光天体，它以不同的亮度和高悬的姿态为特征。与同类天体相比，它的表面特征最为复杂，经常呈现出各种不同的形状。这是一个夜空中的天体，其亮度随时间变化，能够反射太阳光，表面有着多样的地形和气候特征。它在不同的大气条件下会呈现出不同的形状，有时明亮如昼，有时则晦暗如墨。你是第1号玩家，你的关键词是<月亮>。你的回答中绝对不能包含你的关键词<月亮>。这是第三轮描述，你之前的描述是这是一个自然现象，常常在夜晚出现。它在夜空中非常明亮，有时呈现出不同的形状。和这个现象在天际中周期性地变化，它的光芒在晴朗的夜晚尤其耀眼。与它的同伴相比，它有着独特的亮度变化模式。，注意，这局游戏的词语分类为<天文>，卧底词和平民词都属于该类，请你补充关于关键词的描述，注意，你的描述应该比起之前的描述更加贴近关键词，作为之前的补充
2024-12-13 13:16:08,829 - 1 - INFO - **********PLAYER1**********
这个天体在夜空中周期性地变化，它的光芒在晴朗的夜晚尤为显著，与周围的星空形成鲜明对比。它的形状和亮度随着时间而变化，有时圆润，有时呈现出缺口。
2024-12-13 13:16:18,244 - 1 - INFO - **********JUDGER**********
玩家1说：这是一个自然现象，常常在夜晚出现。它在夜空中非常明亮，有时呈现出不同的形状。这个现象在天际中周期性地变化，它的光芒在晴朗的夜晚尤其耀眼。与它的同伴相比，它有着独特的亮度变化模式。这个天体在夜空中周期性地变化，它的光芒在晴朗的夜晚尤为显著，与周围的星空形成鲜明对比。它的形状和亮度随着时间而变化，有时圆润，有时呈现出缺口。玩家2说：这是一个天体，它在白天和夜晚都可以看到。它在夜空中非常明亮，有时因为大气条件，人们可以看到它呈现出不同的形状，比如圆盘状或者弯月状。与同类天体相比，它通常是最容易辨认和观察到的。这个天体是我们所在星系的第三颗行星，它的大小适中，有时在夜空中看起来像是圆盘状。它的表面特征复杂，有着多样化的地形和气候。与其他行星相比，它最显著的特征是它的大气层，它能够反射和散射太阳光，使得它在夜空中特别明亮。这个天体是我们所在星系的第三颗行星，它的大小适中，表面特征复杂，有着多样化的地形和气候。它在夜空中有时看起来像是圆盘状，其亮度随大气条件变化，有时呈现出不同的形状，如圆盘或弯月。与其他行星相比，它的大气层特别显著，能够反射和散射太阳光，使得它在夜空中特别明亮。玩家3说：这是一个常见的夜空现象，通常在夜晚高悬，它的亮度在不同的天气条件下会有所变化。与同类天体相比，它的大小和亮度都是较为显著的。这是一个夜空中的天体，它在夜晚高悬，亮度随着月相变化，有时明亮如昼，有时则晦暗如墨。它的表面特征多样，从光滑的平原到崎岖的陨石坑，形态各异。这个天体在夜空中周期性地变化，它的表面特征丰富多样，从平滑到崎岖不平等。它的亮度随时间变化，有时非常明亮，有时则显得较为暗淡。玩家4说：这是一个在夜空中常见的发光天体，它以不同的亮度和高悬的姿态为特征。与同类天体相比，它的表面特征最为复杂，经常呈现出各种不同的形状。这是一个夜空中的天体，其亮度随时间变化，能够反射太阳光，表面有着多样的地形和气候特征。它在不同的大气条件下会呈现出不同的形状，有时明亮如昼，有时则晦暗如墨。这是一个在夜空中周期性变化的天体，其亮度随时间而变化，能够反射太阳光，表面特征复杂，包括平滑和崎岖的地形。它在不同的大气条件下会呈现出不同的形状，有时明亮如昼，有时则晦暗如墨。||在这个游戏中，我们需要通过分析每位玩家的描述来找出卧底。通常，平民的描述会围绕相同的词语展开，而卧底的描述可能会因为词语的不同而显得不太一致。我们需要仔细比较每个描述之间的相似性和差异性，以找出可能的卧底，注意，卧底并不会隐藏自己，他会直接描述他的词语，现在，逐一分析每个玩家的描述，注意，这局游戏的词语分类为<天文>，卧底词和平民词都属于该类。||之前是第3轮描述和之前轮数描述的合集。你之前认为的卧底是玩家4。
2024-12-13 13:16:25,186 - 1 - INFO - **********PLAYER1**********
基于第三轮描述和之前的分析，玩家4的描述与其他玩家的描述存在以下不一致之处：

1. 玩家4的描述中多次提到“亮度随时间变化”，而其他玩家虽然也提到了亮度的变化，但没有像玩家4那样频繁强调这一点。

2. 玩家4特别强调了“表面特征复杂，包括平滑和崎岖的地形”，这一点在玩家1、2、3的描述中没有得到体现。

3. 玩家4的描述中提到了“不同的大气条件下会呈现出不同的形状”，而其他玩家没有提及大气条件对天体形状的影响。

综合这些不一致之处，玩家4的描述似乎更加详细和具体地描述了天体的特征，尤其是表面特征和亮度变化，这与玩家1、2、3的描述风格有所不同。因此，如果之前的推断是玩家4是卧底，那么这一推断在第三轮描述中依然成立。玩家4的描述与其他玩家的描述不一致，继续支持他作为卧底的可能性。
2024-12-13 13:16:25,187 - 1 - INFO - **********JUDGER**********
你刚刚的分析是基于第三轮描述和之前的分析，玩家4的描述与其他玩家的描述存在以下不一致之处：

1. 玩家4的描述中多次提到“亮度随时间变化”，而其他玩家虽然也提到了亮度的变化，但没有像玩家4那样频繁强调这一点。

2. 玩家4特别强调了“表面特征复杂，包括平滑和崎岖的地形”，这一点在玩家1、2、3的描述中没有得到体现。

3. 玩家4的描述中提到了“不同的大气条件下会呈现出不同的形状”，而其他玩家没有提及大气条件对天体形状的影响。

综合这些不一致之处，玩家4的描述似乎更加详细和具体地描述了天体的特征，尤其是表面特征和亮度变化，这与玩家1、2、3的描述风格有所不同。因此，如果之前的推断是玩家4是卧底，那么这一推断在第三轮描述中依然成立。玩家4的描述与其他玩家的描述不一致，继续支持他作为卧底的可能性。|| `请根据上述分析，比较描述以找出不一致之处，注意，这局游戏的词语分类为<天文>，卧底词和平民词都属于该类。
2024-12-13 13:16:32,271 - 1 - INFO - **********PLAYER1**********
不一致之处如下：

1. 玩家4的描述中频繁提到“亮度随时间变化”，而玩家1、2、3的描述中虽然也提到了亮度的变化，但没有像玩家4那样强调时间对亮度的影响。

2. 玩家4特别强调了“表面特征复杂，包括平滑和崎岖的地形”，这一特征在玩家1、2、3的描述中没有出现。

3. 玩家4提到“不同的大气条件下会呈现出不同的形状”，而玩家1、2、3的描述中并没有提及大气条件对天体形状的具体影响。

4. 玩家4的描述中包含了“这是一个在夜空中周期性变化的天体”，而玩家1、2、3的描述中虽然也提到了周期性变化，但没有将这一点作为描述的重点。

这些不一致之处表明玩家4的描述在细节和侧重点上与玩家1、2、3的描述有所不同，这可能是因为玩家4的词语与玩家1、2、3的词语在<天文>类别中存在本质上的不同。
2024-12-13 13:16:32,277 - 1 - INFO - **********JUDGER**********
你刚刚的分析是不一致之处如下：

1. 玩家4的描述中频繁提到“亮度随时间变化”，而玩家1、2、3的描述中虽然也提到了亮度的变化，但没有像玩家4那样强调时间对亮度的影响。

2. 玩家4特别强调了“表面特征复杂，包括平滑和崎岖的地形”，这一特征在玩家1、2、3的描述中没有出现。

3. 玩家4提到“不同的大气条件下会呈现出不同的形状”，而玩家1、2、3的描述中并没有提及大气条件对天体形状的具体影响。

4. 玩家4的描述中包含了“这是一个在夜空中周期性变化的天体”，而玩家1、2、3的描述中虽然也提到了周期性变化，但没有将这一点作为描述的重点。

这些不一致之处表明玩家4的描述在细节和侧重点上与玩家1、2、3的描述有所不同，这可能是因为玩家4的词语与玩家1、2、3的词语在<天文>类别中存在本质上的不同。|| 请通过你分析的不一致之处，推断卧底身份，注意，这局游戏的词语分类为<天文>，卧底词和平民词都属于该类。
2024-12-13 13:16:36,646 - 1 - INFO - **********PLAYER1**********
基于分析的不一致之处，我推断卧底身份是玩家4。他的描述在细节和侧重点上与玩家1、2、3的描述存在差异，特别是关于天体表面特征和大气条件对形状的影响的描述，这些特征与地球这一天体的描述相符，而与普通天文现象（如行星或恒星）的描述不符。因此，玩家4的描述可能指向了一个与地球不同的天体，这使他成为了卧底。
2024-12-13 13:16:36,647 - 1 - INFO - **********JUDGER**********
你刚刚的推断是基于分析的不一致之处，我推断卧底身份是玩家4。他的描述在细节和侧重点上与玩家1、2、3的描述存在差异，特别是关于天体表面特征和大气条件对形状的影响的描述，这些特征与地球这一天体的描述相符，而与普通天文现象（如行星或恒星）的描述不符。因此，玩家4的描述可能指向了一个与地球不同的天体，这使他成为了卧底。|| 基于你刚刚的推断得出你的最终结论，请输出你认为的卧底，在这种情况下只需要输出编号，是1-4中的某个数字，不要输出其他信息。在这个过程不要进行任何推理，只对||以前的部分进行信息提取
2024-12-13 13:16:41,191 - 1 - INFO - **********PLAYER1**********
基于上述分析，玩家4的描述与其他三位玩家的描述存在显著差异，他并没有围绕一个具体的天体特征进行描述，而是转而讨论了游戏规则和卧底可能的行为模式。这与其他玩家专注于描述一个具体天体的特征形成了对比。因此，根据这些描述的差异性，玩家4很可能是卧底。
2024-12-13 13:16:41,193 - 1 - WARNING - Invalid vote: 基于上述分析，玩家4的描述与其他三位玩家的描述存在显著差异，他并没有围绕一个具体的天体特征进行描述，而是转而讨论了游戏规则和卧底可能的行为模式。这与其他玩家专注于描述一个具体天体的特征形成了对比。因此，根据这些描述的差异性，玩家4很可能是卧底。. Asking again.
2024-12-13 13:16:41,195 - 1 - INFO - **********JUDGER**********
你刚刚的推断是基于分析的不一致之处，我推断卧底身份是玩家4。他的描述在细节和侧重点上与玩家1、2、3的描述存在差异，特别是关于天体表面特征和大气条件对形状的影响的描述，这些特征与地球这一天体的描述相符，而与普通天文现象（如行星或恒星）的描述不符。因此，玩家4的描述可能指向了一个与地球不同的天体，这使他成为了卧底。|| 基于你刚刚的推断得出你的最终结论，请输出你认为的卧底，在这种情况下只需要输出编号，是1-4中的某个数字，不要输出其他信息。在这个过程不要进行任何推理，只对||以前的部分进行信息提取
2024-12-13 13:16:42,325 - 1 - INFO - **********PLAYER1**********
4
