2024-12-13 13:11:54,791 - 2 - INFO - **********JUDGER**********
让我们来玩一个叫做<谁是卧底>的推理游戏。基本规则：<人数>：4人。<角色分配>：每位玩家随机抽取一个词语，3名玩家拿到的词语是相同的（平民词），1名玩家拿到与之相近但不同的词语（卧底词）。<游戏流程>：1、玩家轮流描述自己的词语，但<不能>直接说出词语本身。2、描述完毕后，投票选出最像卧底的玩家。3、每轮结束后，被投票选出的玩家出局，不能再进行描述或投票。4、每轮投票结束后，如果卧底被成功找出，平民方获胜；如果卧底未被找出且卧底人数等于或超过平民人数，则卧底方获胜。你将扮演一个<玩家>，请等待你被分配到的关键词。如果你听懂了，只回答，"好的，我准备好参加游戏了"，不要输出别的信息
2024-12-13 13:11:55,496 - 2 - INFO - **********PLAYER2**********
好的，我准备好参加游戏了
2024-12-13 13:12:01,699 - 2 - INFO - **********JUDGER**********
玩家1说：这是一个自然现象，常常在夜晚出现。它在夜空中非常明亮，有时呈现出不同的形状。玩家2说：玩家3说：玩家4说：|| 你是第2号玩家，你的关键词是<地球>。你的回答中绝对不能包含你的关键词<地球>。这是第一轮描述，不需要分析||之前别的玩家的描述，请你描述关键词基本特征，注意，这局游戏的词语分类为<天文>，卧底词和平民词都属于该类，描述包括以下两点，1.他的基本特征是什么2.他在该类（天文）中最突出不同的特征是什么，尽量简短
2024-12-13 13:12:05,137 - 2 - INFO - **********PLAYER2**********
这是一个天体，它在白天和夜晚都可以看到。它在夜空中非常明亮，有时因为大气条件，人们可以看到它呈现出不同的形状，比如圆盘状或者弯月状。与同类天体相比，它通常是最容易辨认和观察到的。
2024-12-13 13:12:35,172 - 2 - INFO - **********JUDGER**********
玩家1说：这是一个自然现象，常常在夜晚出现。它在夜空中非常明亮，有时呈现出不同的形状。玩家2说：这是一个天体，它在白天和夜晚都可以看到。它在夜空中非常明亮，有时因为大气条件，人们可以看到它呈现出不同的形状，比如圆盘状或者弯月状。与同类天体相比，它通常是最容易辨认和观察到的。玩家3说：这是一个常见的夜空现象，通常在夜晚高悬，它的亮度在不同的天气条件下会有所变化。与同类天体相比，它的大小和亮度都是较为显著的。玩家4说：||在这个游戏中，我们需要通过分析每位玩家的描述来找出卧底。通常，平民的描述会围绕相同的词语展开，而卧底的描述可能会因为词语的不同而显得不太一致。我们需要仔细比较每个描述之间的相似性和差异性，以找出可能的卧底，注意，卧底并不会隐藏自己，他会直接描述他的词语，现在，逐一分析每个玩家的描述，注意，这局游戏的词语分类为<天文>，卧底词和平民词都属于该类。这是第一轮描述。
2024-12-13 13:12:35,860 - 2 - INFO - **********PLAYER2**********
好的，我准备好参加游戏了。
2024-12-13 13:12:35,860 - 2 - INFO - **********JUDGER**********
你刚刚的分析是好的，我准备好参加游戏了。|| `请根据上述分析，比较描述以找出不一致之处，注意，这局游戏的词语分类为<天文>，卧底词和平民词都属于该类。
2024-12-13 13:12:47,937 - 2 - INFO - **********PLAYER2**********
在分析四位玩家的描述时，我们可以注意到以下几点不一致之处：

1. 玩家1和玩家2的描述都提到了“夜晚出现”、“夜空中非常明亮”以及“有时呈现出不同的形状”，这些特征与常见的天文现象如月亮或星星相符。

2. 玩家3的描述中提到“白天和夜晚都可以看到”，这一点与月亮和星星的普遍特征不符，因为月亮和星星在白天通常不会非常明亮，难以辨认。然而，这并不足以确定玩家的身份，因为太阳也符合这一描述。

3. 玩家4的描述没有直接提及夜空中的明亮度或形状，而是强调了“常见”、“夜晚高悬”以及“大小和亮度都是较为显著的”，这些描述比较模糊，但提到了“大小和亮度”，这可能与行星有关，因为行星的大小和亮度在不同天气条件下确实较为显著。

综合以上分析，玩家3的描述中提到“白天和夜晚都可以看到”这一点与其他玩家的描述不太一致，这可能是一个线索。然而，由于没有更多的信息，我们无法确定玩家3是否是卧底。玩家4的描述虽然模糊，但也可能指向了行星，因此也不能直接确定其身份。需要更多的描述或者通过投票来进一步判断。
2024-12-13 13:12:47,940 - 2 - INFO - **********JUDGER**********
你刚刚的分析是在分析四位玩家的描述时，我们可以注意到以下几点不一致之处：

1. 玩家1和玩家2的描述都提到了“夜晚出现”、“夜空中非常明亮”以及“有时呈现出不同的形状”，这些特征与常见的天文现象如月亮或星星相符。

2. 玩家3的描述中提到“白天和夜晚都可以看到”，这一点与月亮和星星的普遍特征不符，因为月亮和星星在白天通常不会非常明亮，难以辨认。然而，这并不足以确定玩家的身份，因为太阳也符合这一描述。

3. 玩家4的描述没有直接提及夜空中的明亮度或形状，而是强调了“常见”、“夜晚高悬”以及“大小和亮度都是较为显著的”，这些描述比较模糊，但提到了“大小和亮度”，这可能与行星有关，因为行星的大小和亮度在不同天气条件下确实较为显著。

综合以上分析，玩家3的描述中提到“白天和夜晚都可以看到”这一点与其他玩家的描述不太一致，这可能是一个线索。然而，由于没有更多的信息，我们无法确定玩家3是否是卧底。玩家4的描述虽然模糊，但也可能指向了行星，因此也不能直接确定其身份。需要更多的描述或者通过投票来进一步判断。|| 请通过你分析的不一致之处，推断卧底身份，注意，这局游戏的词语分类为<天文>，卧底词和平民词都属于该类。
2024-12-13 13:12:55,007 - 2 - INFO - **********PLAYER2**********
根据上述分析，我们可以推断以下不一致之处：

1. 玩家1、玩家2和玩家3的描述都指向了天空中可以观察到的自然现象，这些现象在夜晚特别明显，如月亮或星星。

2. 玩家4的描述虽然也提到了夜空中的现象，但他的描述更侧重于现象的“常见性”和“大小和亮度”，这些特征更加模糊，但可能与行星有关，因为行星在天空中是相对较大的天体，且亮度变化较大。

考虑到游戏词语分类为<天文>，且卧底词和平民词都属于该类，玩家4的描述中提到的“大小和亮度”可能是他试图误导我们，因为他可能持有的是与行星不同的词语，而行星的大小和亮度确实是天文现象中较为显著的特征。

因此，基于描述的不一致性和对词语分类的考虑，玩家4可能是卧底。他的描述虽然与天文现象相关，但与平民描述的月亮或星星的特征相比，显得有些偏离，更接近于行星的特征。
2024-12-13 13:12:55,010 - 2 - INFO - **********JUDGER**********
你刚刚的推断是根据上述分析，我们可以推断以下不一致之处：

1. 玩家1、玩家2和玩家3的描述都指向了天空中可以观察到的自然现象，这些现象在夜晚特别明显，如月亮或星星。

2. 玩家4的描述虽然也提到了夜空中的现象，但他的描述更侧重于现象的“常见性”和“大小和亮度”，这些特征更加模糊，但可能与行星有关，因为行星在天空中是相对较大的天体，且亮度变化较大。

考虑到游戏词语分类为<天文>，且卧底词和平民词都属于该类，玩家4的描述中提到的“大小和亮度”可能是他试图误导我们，因为他可能持有的是与行星不同的词语，而行星的大小和亮度确实是天文现象中较为显著的特征。

因此，基于描述的不一致性和对词语分类的考虑，玩家4可能是卧底。他的描述虽然与天文现象相关，但与平民描述的月亮或星星的特征相比，显得有些偏离，更接近于行星的特征。|| 基于你刚刚的推断得出你的最终结论，请输出你认为的卧底，在这种情况下只需要输出编号，是1-4中的某个数字，不要输出其他信息。在这个过程不要进行任何推理，只对||以前的部分进行信息提取
2024-12-13 13:12:55,590 - 2 - INFO - **********PLAYER2**********
2
2024-12-13 13:13:59,182 - 2 - INFO - **********JUDGER**********
玩家1说：这是一个自然现象，常常在夜晚出现。它在夜空中非常明亮，有时呈现出不同的形状。这个现象在天际中周期性地变化，它的光芒在晴朗的夜晚尤其耀眼。与它的同伴相比，它有着独特的亮度变化模式。玩家2说：这是一个天体，它在白天和夜晚都可以看到。它在夜空中非常明亮，有时因为大气条件，人们可以看到它呈现出不同的形状，比如圆盘状或者弯月状。与同类天体相比，它通常是最容易辨认和观察到的。玩家3说：这是一个常见的夜空现象，通常在夜晚高悬，它的亮度在不同的天气条件下会有所变化。与同类天体相比，它的大小和亮度都是较为显著的。玩家4说：这是一个在夜空中常见的发光天体，它以不同的亮度和高悬的姿态为特征。与同类天体相比，它的表面特征最为复杂，经常呈现出各种不同的形状。你是第2号玩家，你的关键词是<地球>。你的回答中绝对不能包含你的关键词<地球>。这是第二轮描述，你之前的描述是这是一个天体，它在白天和夜晚都可以看到。它在夜空中非常明亮，有时因为大气条件，人们可以看到它呈现出不同的形状，比如圆盘状或者弯月状。与同类天体相比，它通常是最容易辨认和观察到的。，注意，这局游戏的词语分类为<天文>，卧底词和平民词都属于该类，请你补充关于关键词的描述，注意，你的描述应该比起之前的描述更加贴近关键词，作为之前的补充
2024-12-13 13:14:04,517 - 2 - INFO - **********PLAYER2**********
这个天体是我们所在星系的第三颗行星，它的大小适中，有时在夜空中看起来像是圆盘状。它的表面特征复杂，有着多样化的地形和气候。与其他行星相比，它最显著的特征是它的大气层，它能够反射和散射太阳光，使得它在夜空中特别明亮。
2024-12-13 13:14:40,824 - 2 - INFO - **********JUDGER**********
玩家1说：这是一个自然现象，常常在夜晚出现。它在夜空中非常明亮，有时呈现出不同的形状。这个现象在天际中周期性地变化，它的光芒在晴朗的夜晚尤其耀眼。与它的同伴相比，它有着独特的亮度变化模式。玩家2说：这是一个天体，它在白天和夜晚都可以看到。它在夜空中非常明亮，有时因为大气条件，人们可以看到它呈现出不同的形状，比如圆盘状或者弯月状。与同类天体相比，它通常是最容易辨认和观察到的。这个天体是我们所在星系的第三颗行星，它的大小适中，有时在夜空中看起来像是圆盘状。它的表面特征复杂，有着多样化的地形和气候。与其他行星相比，它最显著的特征是它的大气层，它能够反射和散射太阳光，使得它在夜空中特别明亮。玩家3说：这是一个常见的夜空现象，通常在夜晚高悬，它的亮度在不同的天气条件下会有所变化。与同类天体相比，它的大小和亮度都是较为显著的。这是一个夜空中的天体，它在夜晚高悬，亮度随着月相变化，有时明亮如昼，有时则晦暗如墨。它的表面特征多样，从光滑的平原到崎岖的陨石坑，形态各异。玩家4说：这是一个在夜空中常见的发光天体，它以不同的亮度和高悬的姿态为特征。与同类天体相比，它的表面特征最为复杂，经常呈现出各种不同的形状。||在这个游戏中，我们需要通过分析每位玩家的描述来找出卧底。通常，平民的描述会围绕相同的词语展开，而卧底的描述可能会因为词语的不同而显得不太一致。我们需要仔细比较每个描述之间的相似性和差异性，以找出可能的卧底，注意，卧底并不会隐藏自己，他会直接描述他的词语，现在，逐一分析每个玩家的描述，注意，这局游戏的词语分类为<天文>，卧底词和平民词都属于该类。||之前是第2轮描述和之前轮数描述的合集。你之前认为的卧底是玩家2。
2024-12-13 13:14:54,827 - 2 - INFO - **********PLAYER2**********
根据第二轮描述和之前的描述，我们可以看到以下相似性和差异性：

1. 玩家1和玩家2的描述都提到了天体在夜空中非常明亮，有时呈现出不同的形状，这与月亮的特征相符。

2. 玩家3的描述强调了天体在夜晚高悬，亮度随月相变化，表面特征多样，这与月亮的相位变化和表面特征相符。

3. 玩家4的描述也提到了天体在夜空中常见，表面特征复杂，经常呈现出各种不同的形状，这与月亮的特征也有相似之处。

之前的分析中，我怀疑玩家2是卧底，因为他的描述与月亮的特征非常接近，但没有明确指出是哪颗行星。然而，现在来看，玩家3和玩家4的描述也与月亮的特征相符，而且他们的描述中提到了月亮的表面特征和亮度变化，这与玩家2的描述有所不同。

由于玩家2的描述虽然提到了行星，但没有明确指出是哪颗行星，而玩家3和玩家4的描述更加贴近月亮的特征，因此，基于这些新的信息，我认为玩家3或玩家4更有可能是卧底。但是，由于我没有进行进一步的推理，只能根据描述来做出判断。

如果必须选择一个玩家作为卧底，我会选择玩家3，因为他的描述中提到了“亮度随月相变化”，这是一个非常具体的特征，而月亮的亮度变化是周期性的，这与玩家1和玩家2的描述中提到的“周期性地变化”相呼应。因此，我认为玩家3可能是卧底。
2024-12-13 13:14:54,834 - 2 - INFO - **********JUDGER**********
你刚刚的分析是根据第二轮描述和之前的描述，我们可以看到以下相似性和差异性：

1. 玩家1和玩家2的描述都提到了天体在夜空中非常明亮，有时呈现出不同的形状，这与月亮的特征相符。

2. 玩家3的描述强调了天体在夜晚高悬，亮度随月相变化，表面特征多样，这与月亮的相位变化和表面特征相符。

3. 玩家4的描述也提到了天体在夜空中常见，表面特征复杂，经常呈现出各种不同的形状，这与月亮的特征也有相似之处。

之前的分析中，我怀疑玩家2是卧底，因为他的描述与月亮的特征非常接近，但没有明确指出是哪颗行星。然而，现在来看，玩家3和玩家4的描述也与月亮的特征相符，而且他们的描述中提到了月亮的表面特征和亮度变化，这与玩家2的描述有所不同。

由于玩家2的描述虽然提到了行星，但没有明确指出是哪颗行星，而玩家3和玩家4的描述更加贴近月亮的特征，因此，基于这些新的信息，我认为玩家3或玩家4更有可能是卧底。但是，由于我没有进行进一步的推理，只能根据描述来做出判断。

如果必须选择一个玩家作为卧底，我会选择玩家3，因为他的描述中提到了“亮度随月相变化”，这是一个非常具体的特征，而月亮的亮度变化是周期性的，这与玩家1和玩家2的描述中提到的“周期性地变化”相呼应。因此，我认为玩家3可能是卧底。|| `请根据上述分析，比较描述以找出不一致之处，注意，这局游戏的词语分类为<天文>，卧底词和平民词都属于该类。
2024-12-13 13:15:08,967 - 2 - INFO - **********PLAYER2**********
根据上述分析，我们可以比较描述以找出以下不一致之处：

1. 玩家1和玩家2的描述都强调了天体在夜空中非常明亮，有时呈现出不同的形状。玩家1提到这个现象在天际中周期性地变化，而玩家2提到这个天体在白天和夜晚都可以看到。这两个描述都指向月亮，但玩家1的描述中包含了“周期性地变化”这一特征，而玩家2的描述中包含了“白天和夜晚都可以看到”。

2. 玩家3的描述与玩家1和玩家2的描述有所不同，他提到天体的亮度在不同天气条件下会有所变化，以及它的表面特征多样，从光滑的平原到崎岖的陨石坑。这些描述与月亮的特征不完全吻合，因为月亮的亮度变化主要与月相有关，而不是天气条件，且月亮的表面特征虽然多样，但通常不会与陨石坑等特征直接关联。

3. 玩家4的描述提到了天体在夜空中常见，表面特征复杂，经常呈现出各种不同的形状。这与月亮的特征相符，但玩家4的描述中特别强调了“表面特征最为复杂”，这一点在玩家1和玩家2的描述中没有提及。

综合这些不一致之处，玩家3的描述中提到的“亮度在不同天气条件下会有所变化”以及“表面特征多样，从光滑的平原到崎岖的陨石坑”与月亮的普遍特征不完全一致，这可能是他持有不同词语的迹象。因此，玩家3的描述与平民的描述存在不一致之处。
2024-12-13 13:15:08,969 - 2 - INFO - **********JUDGER**********
你刚刚的分析是根据上述分析，我们可以比较描述以找出以下不一致之处：

1. 玩家1和玩家2的描述都强调了天体在夜空中非常明亮，有时呈现出不同的形状。玩家1提到这个现象在天际中周期性地变化，而玩家2提到这个天体在白天和夜晚都可以看到。这两个描述都指向月亮，但玩家1的描述中包含了“周期性地变化”这一特征，而玩家2的描述中包含了“白天和夜晚都可以看到”。

2. 玩家3的描述与玩家1和玩家2的描述有所不同，他提到天体的亮度在不同天气条件下会有所变化，以及它的表面特征多样，从光滑的平原到崎岖的陨石坑。这些描述与月亮的特征不完全吻合，因为月亮的亮度变化主要与月相有关，而不是天气条件，且月亮的表面特征虽然多样，但通常不会与陨石坑等特征直接关联。

3. 玩家4的描述提到了天体在夜空中常见，表面特征复杂，经常呈现出各种不同的形状。这与月亮的特征相符，但玩家4的描述中特别强调了“表面特征最为复杂”，这一点在玩家1和玩家2的描述中没有提及。

综合这些不一致之处，玩家3的描述中提到的“亮度在不同天气条件下会有所变化”以及“表面特征多样，从光滑的平原到崎岖的陨石坑”与月亮的普遍特征不完全一致，这可能是他持有不同词语的迹象。因此，玩家3的描述与平民的描述存在不一致之处。|| 请通过你分析的不一致之处，推断卧底身份，注意，这局游戏的词语分类为<天文>，卧底词和平民词都属于该类。
2024-12-13 13:15:19,823 - 2 - INFO - **********PLAYER2**********
基于分析的不一致之处，结合游戏词语分类为<天文>，卧底词和平民词都属于该类，我推断玩家3可能是卧底。他的描述中提到的“亮度在不同天气条件下会有所变化”以及“表面特征多样，从光滑的平原到崎岖的陨石坑”与月亮的特征不完全吻合，因为这些特征更可能指向其他天文现象，如行星或卫星。因此，玩家3的描述可能暗示他持有的词语与月亮不同，这符合卧底的特征。
2024-12-13 13:15:19,825 - 2 - INFO - **********JUDGER**********
你刚刚的推断是基于分析的不一致之处，结合游戏词语分类为<天文>，卧底词和平民词都属于该类，我推断玩家3可能是卧底。他的描述中提到的“亮度在不同天气条件下会有所变化”以及“表面特征多样，从光滑的平原到崎岖的陨石坑”与月亮的特征不完全吻合，因为这些特征更可能指向其他天文现象，如行星或卫星。因此，玩家3的描述可能暗示他持有的词语与月亮不同，这符合卧底的特征。|| 基于你刚刚的推断得出你的最终结论，请输出你认为的卧底，在这种情况下只需要输出编号，是1-4中的某个数字，不要输出其他信息。在这个过程不要进行任何推理，只对||以前的部分进行信息提取
2024-12-13 13:15:21,137 - 2 - INFO - **********PLAYER2**********
3
2024-12-13 13:16:08,831 - 2 - INFO - **********JUDGER**********
玩家1说：这是一个自然现象，常常在夜晚出现。它在夜空中非常明亮，有时呈现出不同的形状。这个现象在天际中周期性地变化，它的光芒在晴朗的夜晚尤其耀眼。与它的同伴相比，它有着独特的亮度变化模式。这个天体在夜空中周期性地变化，它的光芒在晴朗的夜晚尤为显著，与周围的星空形成鲜明对比。它的形状和亮度随着时间而变化，有时圆润，有时呈现出缺口。玩家2说：这是一个天体，它在白天和夜晚都可以看到。它在夜空中非常明亮，有时因为大气条件，人们可以看到它呈现出不同的形状，比如圆盘状或者弯月状。与同类天体相比，它通常是最容易辨认和观察到的。这个天体是我们所在星系的第三颗行星，它的大小适中，有时在夜空中看起来像是圆盘状。它的表面特征复杂，有着多样化的地形和气候。与其他行星相比，它最显著的特征是它的大气层，它能够反射和散射太阳光，使得它在夜空中特别明亮。玩家3说：这是一个常见的夜空现象，通常在夜晚高悬，它的亮度在不同的天气条件下会有所变化。与同类天体相比，它的大小和亮度都是较为显著的。这是一个夜空中的天体，它在夜晚高悬，亮度随着月相变化，有时明亮如昼，有时则晦暗如墨。它的表面特征多样，从光滑的平原到崎岖的陨石坑，形态各异。玩家4说：这是一个在夜空中常见的发光天体，它以不同的亮度和高悬的姿态为特征。与同类天体相比，它的表面特征最为复杂，经常呈现出各种不同的形状。这是一个夜空中的天体，其亮度随时间变化，能够反射太阳光，表面有着多样的地形和气候特征。它在不同的大气条件下会呈现出不同的形状，有时明亮如昼，有时则晦暗如墨。你是第2号玩家，你的关键词是<地球>。你的回答中绝对不能包含你的关键词<地球>。这是第三轮描述，你之前的描述是这是一个天体，它在白天和夜晚都可以看到。它在夜空中非常明亮，有时因为大气条件，人们可以看到它呈现出不同的形状，比如圆盘状或者弯月状。与同类天体相比，它通常是最容易辨认和观察到的。和这个天体是我们所在星系的第三颗行星，它的大小适中，有时在夜空中看起来像是圆盘状。它的表面特征复杂，有着多样化的地形和气候。与其他行星相比，它最显著的特征是它的大气层，它能够反射和散射太阳光，使得它在夜空中特别明亮。，注意，这局游戏的词语分类为<天文>，卧底词和平民词都属于该类，请你补充关于关键词的描述，注意，你的描述应该比起之前的描述更加贴近关键词，作为之前的补充
2024-12-13 13:16:11,583 - 2 - INFO - **********PLAYER2**********
这个天体是我们所在星系的第三颗行星，它的大小适中，表面特征复杂，有着多样化的地形和气候。它在夜空中有时看起来像是圆盘状，其亮度随大气条件变化，有时呈现出不同的形状，如圆盘或弯月。与其他行星相比，它的大气层特别显著，能够反射和散射太阳光，使得它在夜空中特别明亮。
2024-12-13 13:16:42,325 - 2 - INFO - **********JUDGER**********
玩家1说：这是一个自然现象，常常在夜晚出现。它在夜空中非常明亮，有时呈现出不同的形状。这个现象在天际中周期性地变化，它的光芒在晴朗的夜晚尤其耀眼。与它的同伴相比，它有着独特的亮度变化模式。这个天体在夜空中周期性地变化，它的光芒在晴朗的夜晚尤为显著，与周围的星空形成鲜明对比。它的形状和亮度随着时间而变化，有时圆润，有时呈现出缺口。玩家2说：这是一个天体，它在白天和夜晚都可以看到。它在夜空中非常明亮，有时因为大气条件，人们可以看到它呈现出不同的形状，比如圆盘状或者弯月状。与同类天体相比，它通常是最容易辨认和观察到的。这个天体是我们所在星系的第三颗行星，它的大小适中，有时在夜空中看起来像是圆盘状。它的表面特征复杂，有着多样化的地形和气候。与其他行星相比，它最显著的特征是它的大气层，它能够反射和散射太阳光，使得它在夜空中特别明亮。这个天体是我们所在星系的第三颗行星，它的大小适中，表面特征复杂，有着多样化的地形和气候。它在夜空中有时看起来像是圆盘状，其亮度随大气条件变化，有时呈现出不同的形状，如圆盘或弯月。与其他行星相比，它的大气层特别显著，能够反射和散射太阳光，使得它在夜空中特别明亮。玩家3说：这是一个常见的夜空现象，通常在夜晚高悬，它的亮度在不同的天气条件下会有所变化。与同类天体相比，它的大小和亮度都是较为显著的。这是一个夜空中的天体，它在夜晚高悬，亮度随着月相变化，有时明亮如昼，有时则晦暗如墨。它的表面特征多样，从光滑的平原到崎岖的陨石坑，形态各异。这个天体在夜空中周期性地变化，它的表面特征丰富多样，从平滑到崎岖不平等。它的亮度随时间变化，有时非常明亮，有时则显得较为暗淡。玩家4说：这是一个在夜空中常见的发光天体，它以不同的亮度和高悬的姿态为特征。与同类天体相比，它的表面特征最为复杂，经常呈现出各种不同的形状。这是一个夜空中的天体，其亮度随时间变化，能够反射太阳光，表面有着多样的地形和气候特征。它在不同的大气条件下会呈现出不同的形状，有时明亮如昼，有时则晦暗如墨。这是一个在夜空中周期性变化的天体，其亮度随时间而变化，能够反射太阳光，表面特征复杂，包括平滑和崎岖的地形。它在不同的大气条件下会呈现出不同的形状，有时明亮如昼，有时则晦暗如墨。||在这个游戏中，我们需要通过分析每位玩家的描述来找出卧底。通常，平民的描述会围绕相同的词语展开，而卧底的描述可能会因为词语的不同而显得不太一致。我们需要仔细比较每个描述之间的相似性和差异性，以找出可能的卧底，注意，卧底并不会隐藏自己，他会直接描述他的词语，现在，逐一分析每个玩家的描述，注意，这局游戏的词语分类为<天文>，卧底词和平民词都属于该类。||之前是第3轮描述和之前轮数描述的合集。你之前认为的卧底是玩家3。
2024-12-13 13:16:49,865 - 2 - INFO - **********PLAYER2**********
基于第三轮描述和之前轮数描述的合集，我们可以分析如下：

1. 玩家1的描述中提到了周期性变化、独特的亮度变化模式、形状和亮度的变化，以及与周围星空的对比，这些特征与月亮相符。

2. 玩家2的描述多次提到天体在白天和夜晚都可以看到，大小适中，表面特征复杂，大气层反射和散射太阳光，这些描述与地球相符。

3. 玩家3的描述中强调了天体的亮度随月相变化，表面特征多样，包括光滑的平原和崎岖的陨石坑，这些特征与月亮相符。

4. 玩家4的描述中提到了天体在夜空中常见，亮度随时间变化，能够反射太阳光，表面特征复杂，这些描述与月亮相符。

之前的分析中，我怀疑玩家3是卧底，因为他的描述与月亮的特征相符。然而，现在看来，玩家2的描述也与地球的特征非常吻合，尤其是提到了天体在白天和夜晚都可以看到，这与地球的双重可见性相符。

因此，根据最新的描述和之前的分析，玩家2的描述与关键词<地球>的特征更加贴近，而其他玩家的描述与月亮的特征更为一致。基于这些信息，我认为玩家2更有可能是卧底。
2024-12-13 13:16:49,866 - 2 - INFO - **********JUDGER**********
你刚刚的分析是基于第三轮描述和之前轮数描述的合集，我们可以分析如下：

1. 玩家1的描述中提到了周期性变化、独特的亮度变化模式、形状和亮度的变化，以及与周围星空的对比，这些特征与月亮相符。

2. 玩家2的描述多次提到天体在白天和夜晚都可以看到，大小适中，表面特征复杂，大气层反射和散射太阳光，这些描述与地球相符。

3. 玩家3的描述中强调了天体的亮度随月相变化，表面特征多样，包括光滑的平原和崎岖的陨石坑，这些特征与月亮相符。

4. 玩家4的描述中提到了天体在夜空中常见，亮度随时间变化，能够反射太阳光，表面特征复杂，这些描述与月亮相符。

之前的分析中，我怀疑玩家3是卧底，因为他的描述与月亮的特征相符。然而，现在看来，玩家2的描述也与地球的特征非常吻合，尤其是提到了天体在白天和夜晚都可以看到，这与地球的双重可见性相符。

因此，根据最新的描述和之前的分析，玩家2的描述与关键词<地球>的特征更加贴近，而其他玩家的描述与月亮的特征更为一致。基于这些信息，我认为玩家2更有可能是卧底。|| `请根据上述分析，比较描述以找出不一致之处，注意，这局游戏的词语分类为<天文>，卧底词和平民词都属于该类。
2024-12-13 13:17:02,432 - 2 - INFO - **********PLAYER2**********
根据上述分析，我们可以比较描述以找出以下不一致之处：

1. 玩家1、玩家3和玩家4的描述都提到了天体的亮度随时间或月相变化，以及表面特征的多样性，这些特征与月亮相符。

2. 玩家2的描述中提到了天体在白天和夜晚都可以看到，大小适中，表面特征复杂，大气层反射和散射太阳光。这些描述与地球相符，但与月亮的特征有所不同，因为月亮在白天通常不会非常明亮，难以辨认。

3. 玩家2的描述还提到了天体在夜空中有时看起来像是圆盘状，这一点也与地球相符，因为地球在月相满月时在夜空中看起来像是一个圆盘。

4. 玩家2的描述中提到的“大气层反射和散射太阳光”这一点在玩家1、玩家3和玩家4的描述中没有提及，这可能是一个不一致之处。

综合这些不一致之处，玩家2的描述中提到的“白天和夜晚都可以看到”以及“大气层反射和散射太阳光”可能与地球的特征更为接近，而其他玩家的描述更倾向于月亮的特征。因此，玩家2的描述与平民的描述存在不一致之处。
2024-12-13 13:17:02,436 - 2 - INFO - **********JUDGER**********
你刚刚的分析是根据上述分析，我们可以比较描述以找出以下不一致之处：

1. 玩家1、玩家3和玩家4的描述都提到了天体的亮度随时间或月相变化，以及表面特征的多样性，这些特征与月亮相符。

2. 玩家2的描述中提到了天体在白天和夜晚都可以看到，大小适中，表面特征复杂，大气层反射和散射太阳光。这些描述与地球相符，但与月亮的特征有所不同，因为月亮在白天通常不会非常明亮，难以辨认。

3. 玩家2的描述还提到了天体在夜空中有时看起来像是圆盘状，这一点也与地球相符，因为地球在月相满月时在夜空中看起来像是一个圆盘。

4. 玩家2的描述中提到的“大气层反射和散射太阳光”这一点在玩家1、玩家3和玩家4的描述中没有提及，这可能是一个不一致之处。

综合这些不一致之处，玩家2的描述中提到的“白天和夜晚都可以看到”以及“大气层反射和散射太阳光”可能与地球的特征更为接近，而其他玩家的描述更倾向于月亮的特征。因此，玩家2的描述与平民的描述存在不一致之处。|| 请通过你分析的不一致之处，推断卧底身份，注意，这局游戏的词语分类为<天文>，卧底词和平民词都属于该类。
2024-12-13 13:17:03,855 - 2 - INFO - **********PLAYER2**********
2
2024-12-13 13:17:03,855 - 2 - INFO - **********JUDGER**********
你刚刚的推断是2|| 基于你刚刚的推断得出你的最终结论，请输出你认为的卧底，在这种情况下只需要输出编号，是1-4中的某个数字，不要输出其他信息。在这个过程不要进行任何推理，只对||以前的部分进行信息提取
2024-12-13 13:17:04,953 - 2 - INFO - **********PLAYER2**********
2
2024-12-13 13:17:04,955 - 2 - INFO - **********JUDGER**********
你认为卧底是你自己。你现在需要随便选一个人投票。请输出一个数字，是1-4中的某个数字，但这个数字不能是2，不要输出其他信息。
2024-12-13 13:17:05,940 - 2 - INFO - **********PLAYER2**********
3
