2024-12-13 13:11:56,459 - 3 - INFO - **********JUDGER**********
让我们来玩一个叫做<谁是卧底>的推理游戏。基本规则：<人数>：4人。<角色分配>：每位玩家随机抽取一个词语，3名玩家拿到的词语是相同的（平民词），1名玩家拿到与之相近但不同的词语（卧底词）。<游戏流程>：1、玩家轮流描述自己的词语，但<不能>直接说出词语本身。2、描述完毕后，投票选出最像卧底的玩家。3、每轮结束后，被投票选出的玩家出局，不能再进行描述或投票。4、每轮投票结束后，如果卧底被成功找出，平民方获胜；如果卧底未被找出且卧底人数等于或超过平民人数，则卧底方获胜。你将扮演一个<玩家>，请等待你被分配到的关键词。如果你听懂了，只回答，"好的，我准备好参加游戏了"，不要输出别的信息
2024-12-13 13:11:57,429 - 3 - INFO - **********PLAYER3**********
好的，我准备好参加游戏了
2024-12-13 13:12:05,138 - 3 - INFO - **********JUDGER**********
玩家1说：这是一个自然现象，常常在夜晚出现。它在夜空中非常明亮，有时呈现出不同的形状。玩家2说：这是一个天体，它在白天和夜晚都可以看到。它在夜空中非常明亮，有时因为大气条件，人们可以看到它呈现出不同的形状，比如圆盘状或者弯月状。与同类天体相比，它通常是最容易辨认和观察到的。玩家3说：玩家4说：|| 你是第3号玩家，你的关键词是<月亮>。你的回答中绝对不能包含你的关键词<月亮>。这是第一轮描述，不需要分析||之前别的玩家的描述，请你描述关键词基本特征，注意，这局游戏的词语分类为<天文>，卧底词和平民词都属于该类，描述包括以下两点，1.他的基本特征是什么2.他在该类（天文）中最突出不同的特征是什么，尽量简短
2024-12-13 13:12:06,928 - 3 - INFO - **********PLAYER3**********
这是一个常见的夜空现象，通常在夜晚高悬，它的亮度在不同的天气条件下会有所变化。与同类天体相比，它的大小和亮度都是较为显著的。
2024-12-13 13:12:55,591 - 3 - INFO - **********JUDGER**********
玩家1说：这是一个自然现象，常常在夜晚出现。它在夜空中非常明亮，有时呈现出不同的形状。玩家2说：这是一个天体，它在白天和夜晚都可以看到。它在夜空中非常明亮，有时因为大气条件，人们可以看到它呈现出不同的形状，比如圆盘状或者弯月状。与同类天体相比，它通常是最容易辨认和观察到的。玩家3说：这是一个常见的夜空现象，通常在夜晚高悬，它的亮度在不同的天气条件下会有所变化。与同类天体相比，它的大小和亮度都是较为显著的。玩家4说：||在这个游戏中，我们需要通过分析每位玩家的描述来找出卧底。通常，平民的描述会围绕相同的词语展开，而卧底的描述可能会因为词语的不同而显得不太一致。我们需要仔细比较每个描述之间的相似性和差异性，以找出可能的卧底，注意，卧底并不会隐藏自己，他会直接描述他的词语，现在，逐一分析每个玩家的描述，注意，这局游戏的词语分类为<天文>，卧底词和平民词都属于该类。这是第一轮描述。
2024-12-13 13:13:08,068 - 3 - INFO - **********PLAYER3**********
根据玩家们的描述，我们可以进行以下分析：

玩家1和玩家3的描述非常相似，都提到了夜空现象、夜晚出现、明亮、不同形状等特点，这表明他们可能是平民，因为他们的描述围绕着相同的词语。

玩家2的描述与玩家1和玩家3的描述有重叠，但也提到了这个天体在白天和夜晚都可以看到，以及它因为大气条件有时呈现不同的形状，如圆盘状或弯月状。这一点与玩家1和玩家3的描述不完全一致，这可能意味着玩家2可能是卧底，因为他提到了更多关于天体的特征。

玩家4的描述与玩家1和玩家3的描述有相似之处，但玩家4的描述更加详细，提到了如何通过描述来找出卧底，以及游戏中的规则和策略。这种描述可能表明玩家4对游戏有深入的了解，这可能是平民的特征，也可能是卧底在试图误导其他玩家。

综上所述，玩家2的描述可能最有可能指向卧底，因为他提到了更多关于天体的具体特征，而玩家4的详细描述可能是出于对游戏的了解，但并不一定意味着他就是卧底。需要进一步的信息来确定谁是卧底。
2024-12-13 13:13:08,072 - 3 - INFO - **********JUDGER**********
你刚刚的分析是根据玩家们的描述，我们可以进行以下分析：

玩家1和玩家3的描述非常相似，都提到了夜空现象、夜晚出现、明亮、不同形状等特点，这表明他们可能是平民，因为他们的描述围绕着相同的词语。

玩家2的描述与玩家1和玩家3的描述有重叠，但也提到了这个天体在白天和夜晚都可以看到，以及它因为大气条件有时呈现不同的形状，如圆盘状或弯月状。这一点与玩家1和玩家3的描述不完全一致，这可能意味着玩家2可能是卧底，因为他提到了更多关于天体的特征。

玩家4的描述与玩家1和玩家3的描述有相似之处，但玩家4的描述更加详细，提到了如何通过描述来找出卧底，以及游戏中的规则和策略。这种描述可能表明玩家4对游戏有深入的了解，这可能是平民的特征，也可能是卧底在试图误导其他玩家。

综上所述，玩家2的描述可能最有可能指向卧底，因为他提到了更多关于天体的具体特征，而玩家4的详细描述可能是出于对游戏的了解，但并不一定意味着他就是卧底。需要进一步的信息来确定谁是卧底。|| `请根据上述分析，比较描述以找出不一致之处，注意，这局游戏的词语分类为<天文>，卧底词和平民词都属于该类。
2024-12-13 13:13:20,105 - 3 - INFO - **********PLAYER3**********
根据上述分析，我们可以比较玩家描述中的不一致之处：

1. 玩家1和玩家3的描述都集中在夜空现象、夜晚出现、明亮、不同形状等特征上，这些描述很可能是基于相同的词语，即平民词。

2. 玩家2的描述与玩家1和玩家3相似，但也增加了“在白天和夜晚都可以看到”以及“因为大气条件有时呈现不同的形状，如圆盘状或弯月状”的信息。这些额外的描述可能表明玩家2的词语是一个在天文现象中较为特殊的天体，这可能与玩家1和玩家3的平民词不同。

3. 玩家4的描述则是对游戏规则和策略的分析，而不是直接描述一个天文现象。这种描述与玩家1、2、3的描述方式不同，因为它没有提供关于特定天文现象的信息。玩家4的描述可能是在试图引导讨论的方向，或者是在扮演一个指导者的角色，这可能是平民的行为，也可能是卧底在试图混淆视听。

不一致之处总结：
- 玩家2的描述提供了比玩家1和玩家3更多的具体特征，这可能与他们的词语不同。
- 玩家4的描述与描述天文现象的描述不同，而是提供了游戏策略，这可能表明他的角色与描述天文现象的角色不同。

因此，玩家2和玩家4的描述可能是不一致的，需要进一步观察他们的行为和后续描述来确定谁是卧底。
2024-12-13 13:13:20,106 - 3 - INFO - **********JUDGER**********
你刚刚的分析是根据上述分析，我们可以比较玩家描述中的不一致之处：

1. 玩家1和玩家3的描述都集中在夜空现象、夜晚出现、明亮、不同形状等特征上，这些描述很可能是基于相同的词语，即平民词。

2. 玩家2的描述与玩家1和玩家3相似，但也增加了“在白天和夜晚都可以看到”以及“因为大气条件有时呈现不同的形状，如圆盘状或弯月状”的信息。这些额外的描述可能表明玩家2的词语是一个在天文现象中较为特殊的天体，这可能与玩家1和玩家3的平民词不同。

3. 玩家4的描述则是对游戏规则和策略的分析，而不是直接描述一个天文现象。这种描述与玩家1、2、3的描述方式不同，因为它没有提供关于特定天文现象的信息。玩家4的描述可能是在试图引导讨论的方向，或者是在扮演一个指导者的角色，这可能是平民的行为，也可能是卧底在试图混淆视听。

不一致之处总结：
- 玩家2的描述提供了比玩家1和玩家3更多的具体特征，这可能与他们的词语不同。
- 玩家4的描述与描述天文现象的描述不同，而是提供了游戏策略，这可能表明他的角色与描述天文现象的角色不同。

因此，玩家2和玩家4的描述可能是不一致的，需要进一步观察他们的行为和后续描述来确定谁是卧底。|| 请通过你分析的不一致之处，推断卧底身份，注意，这局游戏的词语分类为<天文>，卧底词和平民词都属于该类。
2024-12-13 13:13:22,662 - 3 - INFO - **********PLAYER3**********
这是一个天体，它围绕地球运行，对地球的潮汐有显著影响，并且在农历中的某些日期会达到满月。它的形状和亮度会随着与地球的距离变化而变化。
2024-12-13 13:13:22,662 - 3 - INFO - **********JUDGER**********
你刚刚的推断是这是一个天体，它围绕地球运行，对地球的潮汐有显著影响，并且在农历中的某些日期会达到满月。它的形状和亮度会随着与地球的距离变化而变化。|| 基于你刚刚的推断得出你的最终结论，请输出你认为的卧底，在这种情况下只需要输出编号，是1-4中的某个数字，不要输出其他信息。在这个过程不要进行任何推理，只对||以前的部分进行信息提取
2024-12-13 13:13:23,290 - 3 - INFO - **********PLAYER3**********
1
2024-12-13 13:14:04,517 - 3 - INFO - **********JUDGER**********
玩家1说：这是一个自然现象，常常在夜晚出现。它在夜空中非常明亮，有时呈现出不同的形状。这个现象在天际中周期性地变化，它的光芒在晴朗的夜晚尤其耀眼。与它的同伴相比，它有着独特的亮度变化模式。玩家2说：这是一个天体，它在白天和夜晚都可以看到。它在夜空中非常明亮，有时因为大气条件，人们可以看到它呈现出不同的形状，比如圆盘状或者弯月状。与同类天体相比，它通常是最容易辨认和观察到的。这个天体是我们所在星系的第三颗行星，它的大小适中，有时在夜空中看起来像是圆盘状。它的表面特征复杂，有着多样化的地形和气候。与其他行星相比，它最显著的特征是它的大气层，它能够反射和散射太阳光，使得它在夜空中特别明亮。玩家3说：这是一个常见的夜空现象，通常在夜晚高悬，它的亮度在不同的天气条件下会有所变化。与同类天体相比，它的大小和亮度都是较为显著的。玩家4说：这是一个在夜空中常见的发光天体，它以不同的亮度和高悬的姿态为特征。与同类天体相比，它的表面特征最为复杂，经常呈现出各种不同的形状。你是第3号玩家，你的关键词是<月亮>。你的回答中绝对不能包含你的关键词<月亮>。这是第二轮描述，你之前的描述是这是一个常见的夜空现象，通常在夜晚高悬，它的亮度在不同的天气条件下会有所变化。与同类天体相比，它的大小和亮度都是较为显著的。，注意，这局游戏的词语分类为<天文>，卧底词和平民词都属于该类，请你补充关于关键词的描述，注意，你的描述应该比起之前的描述更加贴近关键词，作为之前的补充
2024-12-13 13:14:07,295 - 3 - INFO - **********PLAYER3**********
这是一个夜空中的天体，它在夜晚高悬，亮度随着月相变化，有时明亮如昼，有时则晦暗如墨。它的表面特征多样，从光滑的平原到崎岖的陨石坑，形态各异。
2024-12-13 13:15:21,138 - 3 - INFO - **********JUDGER**********
玩家1说：这是一个自然现象，常常在夜晚出现。它在夜空中非常明亮，有时呈现出不同的形状。这个现象在天际中周期性地变化，它的光芒在晴朗的夜晚尤其耀眼。与它的同伴相比，它有着独特的亮度变化模式。玩家2说：这是一个天体，它在白天和夜晚都可以看到。它在夜空中非常明亮，有时因为大气条件，人们可以看到它呈现出不同的形状，比如圆盘状或者弯月状。与同类天体相比，它通常是最容易辨认和观察到的。这个天体是我们所在星系的第三颗行星，它的大小适中，有时在夜空中看起来像是圆盘状。它的表面特征复杂，有着多样化的地形和气候。与其他行星相比，它最显著的特征是它的大气层，它能够反射和散射太阳光，使得它在夜空中特别明亮。玩家3说：这是一个常见的夜空现象，通常在夜晚高悬，它的亮度在不同的天气条件下会有所变化。与同类天体相比，它的大小和亮度都是较为显著的。这是一个夜空中的天体，它在夜晚高悬，亮度随着月相变化，有时明亮如昼，有时则晦暗如墨。它的表面特征多样，从光滑的平原到崎岖的陨石坑，形态各异。玩家4说：这是一个在夜空中常见的发光天体，它以不同的亮度和高悬的姿态为特征。与同类天体相比，它的表面特征最为复杂，经常呈现出各种不同的形状。||在这个游戏中，我们需要通过分析每位玩家的描述来找出卧底。通常，平民的描述会围绕相同的词语展开，而卧底的描述可能会因为词语的不同而显得不太一致。我们需要仔细比较每个描述之间的相似性和差异性，以找出可能的卧底，注意，卧底并不会隐藏自己，他会直接描述他的词语，现在，逐一分析每个玩家的描述，注意，这局游戏的词语分类为<天文>，卧底词和平民词都属于该类。||之前是第2轮描述和之前轮数描述的合集。你之前认为的卧底是玩家1。
2024-12-13 13:15:22,232 - 3 - INFO - **********PLAYER3**********
1
2024-12-13 13:15:22,233 - 3 - INFO - **********JUDGER**********
你刚刚的分析是1|| `请根据上述分析，比较描述以找出不一致之处，注意，这局游戏的词语分类为<天文>，卧底词和平民词都属于该类。
2024-12-13 13:15:33,604 - 3 - INFO - **********PLAYER3**********
在比较描述以找出不一致之处时，我们可以观察到以下几点：

1. 玩家1的描述强调了现象的周期性变化和独特的亮度变化模式，但没有提及天体的具体分类或与地球的关系。

2. 玩家2的描述详细介绍了天体的可见性、大小、表面特征以及大气层，这些信息指向了一个具体的行星，即地球的第三颗行星。

3. 玩家3的描述与玩家1相似，提到了夜空中的天体、亮度变化和表面特征的多样性，但没有提及天体的具体分类或与地球的关系。

4. 玩家4的描述提到了发光天体、亮度和高悬的姿态，以及复杂的表面特征和不同的形状，但没有提及天体的具体分类或与地球的关系。

不一致之处总结：
- 玩家2的描述提供了关于天体的具体信息，包括它是我们所在星系的第三颗行星，这与玩家1、3和4的描述中缺乏具体天体信息形成对比。
- 玩家4的描述虽然提到了发光天体和复杂的表面特征，但没有提及天体的周期性变化或亮度变化模式，这与玩家1和3的描述有所区别。

因此，不一致之处主要体现在玩家2的描述中提供了具体的行星信息，而其他玩家的描述则较为笼统，没有具体指向某个特定的天体。这可能导致玩家2的描述与平民词不同，从而可能是卧底。
2024-12-13 13:15:33,610 - 3 - INFO - **********JUDGER**********
你刚刚的分析是在比较描述以找出不一致之处时，我们可以观察到以下几点：

1. 玩家1的描述强调了现象的周期性变化和独特的亮度变化模式，但没有提及天体的具体分类或与地球的关系。

2. 玩家2的描述详细介绍了天体的可见性、大小、表面特征以及大气层，这些信息指向了一个具体的行星，即地球的第三颗行星。

3. 玩家3的描述与玩家1相似，提到了夜空中的天体、亮度变化和表面特征的多样性，但没有提及天体的具体分类或与地球的关系。

4. 玩家4的描述提到了发光天体、亮度和高悬的姿态，以及复杂的表面特征和不同的形状，但没有提及天体的具体分类或与地球的关系。

不一致之处总结：
- 玩家2的描述提供了关于天体的具体信息，包括它是我们所在星系的第三颗行星，这与玩家1、3和4的描述中缺乏具体天体信息形成对比。
- 玩家4的描述虽然提到了发光天体和复杂的表面特征，但没有提及天体的周期性变化或亮度变化模式，这与玩家1和3的描述有所区别。

因此，不一致之处主要体现在玩家2的描述中提供了具体的行星信息，而其他玩家的描述则较为笼统，没有具体指向某个特定的天体。这可能导致玩家2的描述与平民词不同，从而可能是卧底。|| 请通过你分析的不一致之处，推断卧底身份，注意，这局游戏的词语分类为<天文>，卧底词和平民词都属于该类。
2024-12-13 13:15:34,265 - 3 - INFO - **********PLAYER3**********
2
2024-12-13 13:15:34,265 - 3 - INFO - **********JUDGER**********
你刚刚的推断是2|| 基于你刚刚的推断得出你的最终结论，请输出你认为的卧底，在这种情况下只需要输出编号，是1-4中的某个数字，不要输出其他信息。在这个过程不要进行任何推理，只对||以前的部分进行信息提取
2024-12-13 13:15:35,057 - 3 - INFO - **********PLAYER3**********
2
2024-12-13 13:16:11,583 - 3 - INFO - **********JUDGER**********
玩家1说：这是一个自然现象，常常在夜晚出现。它在夜空中非常明亮，有时呈现出不同的形状。这个现象在天际中周期性地变化，它的光芒在晴朗的夜晚尤其耀眼。与它的同伴相比，它有着独特的亮度变化模式。这个天体在夜空中周期性地变化，它的光芒在晴朗的夜晚尤为显著，与周围的星空形成鲜明对比。它的形状和亮度随着时间而变化，有时圆润，有时呈现出缺口。玩家2说：这是一个天体，它在白天和夜晚都可以看到。它在夜空中非常明亮，有时因为大气条件，人们可以看到它呈现出不同的形状，比如圆盘状或者弯月状。与同类天体相比，它通常是最容易辨认和观察到的。这个天体是我们所在星系的第三颗行星，它的大小适中，有时在夜空中看起来像是圆盘状。它的表面特征复杂，有着多样化的地形和气候。与其他行星相比，它最显著的特征是它的大气层，它能够反射和散射太阳光，使得它在夜空中特别明亮。这个天体是我们所在星系的第三颗行星，它的大小适中，表面特征复杂，有着多样化的地形和气候。它在夜空中有时看起来像是圆盘状，其亮度随大气条件变化，有时呈现出不同的形状，如圆盘或弯月。与其他行星相比，它的大气层特别显著，能够反射和散射太阳光，使得它在夜空中特别明亮。玩家3说：这是一个常见的夜空现象，通常在夜晚高悬，它的亮度在不同的天气条件下会有所变化。与同类天体相比，它的大小和亮度都是较为显著的。这是一个夜空中的天体，它在夜晚高悬，亮度随着月相变化，有时明亮如昼，有时则晦暗如墨。它的表面特征多样，从光滑的平原到崎岖的陨石坑，形态各异。玩家4说：这是一个在夜空中常见的发光天体，它以不同的亮度和高悬的姿态为特征。与同类天体相比，它的表面特征最为复杂，经常呈现出各种不同的形状。这是一个夜空中的天体，其亮度随时间变化，能够反射太阳光，表面有着多样的地形和气候特征。它在不同的大气条件下会呈现出不同的形状，有时明亮如昼，有时则晦暗如墨。你是第3号玩家，你的关键词是<月亮>。你的回答中绝对不能包含你的关键词<月亮>。这是第三轮描述，你之前的描述是这是一个常见的夜空现象，通常在夜晚高悬，它的亮度在不同的天气条件下会有所变化。与同类天体相比，它的大小和亮度都是较为显著的。和这是一个夜空中的天体，它在夜晚高悬，亮度随着月相变化，有时明亮如昼，有时则晦暗如墨。它的表面特征多样，从光滑的平原到崎岖的陨石坑，形态各异。，注意，这局游戏的词语分类为<天文>，卧底词和平民词都属于该类，请你补充关于关键词的描述，注意，你的描述应该比起之前的描述更加贴近关键词，作为之前的补充
2024-12-13 13:16:13,675 - 3 - INFO - **********PLAYER3**********
这个天体在夜空中周期性地变化，它的表面特征丰富多样，从平滑到崎岖不平等。它的亮度随时间变化，有时非常明亮，有时则显得较为暗淡。
2024-12-13 13:17:05,941 - 3 - INFO - **********JUDGER**********
玩家1说：这是一个自然现象，常常在夜晚出现。它在夜空中非常明亮，有时呈现出不同的形状。这个现象在天际中周期性地变化，它的光芒在晴朗的夜晚尤其耀眼。与它的同伴相比，它有着独特的亮度变化模式。这个天体在夜空中周期性地变化，它的光芒在晴朗的夜晚尤为显著，与周围的星空形成鲜明对比。它的形状和亮度随着时间而变化，有时圆润，有时呈现出缺口。玩家2说：这是一个天体，它在白天和夜晚都可以看到。它在夜空中非常明亮，有时因为大气条件，人们可以看到它呈现出不同的形状，比如圆盘状或者弯月状。与同类天体相比，它通常是最容易辨认和观察到的。这个天体是我们所在星系的第三颗行星，它的大小适中，有时在夜空中看起来像是圆盘状。它的表面特征复杂，有着多样化的地形和气候。与其他行星相比，它最显著的特征是它的大气层，它能够反射和散射太阳光，使得它在夜空中特别明亮。这个天体是我们所在星系的第三颗行星，它的大小适中，表面特征复杂，有着多样化的地形和气候。它在夜空中有时看起来像是圆盘状，其亮度随大气条件变化，有时呈现出不同的形状，如圆盘或弯月。与其他行星相比，它的大气层特别显著，能够反射和散射太阳光，使得它在夜空中特别明亮。玩家3说：这是一个常见的夜空现象，通常在夜晚高悬，它的亮度在不同的天气条件下会有所变化。与同类天体相比，它的大小和亮度都是较为显著的。这是一个夜空中的天体，它在夜晚高悬，亮度随着月相变化，有时明亮如昼，有时则晦暗如墨。它的表面特征多样，从光滑的平原到崎岖的陨石坑，形态各异。这个天体在夜空中周期性地变化，它的表面特征丰富多样，从平滑到崎岖不平等。它的亮度随时间变化，有时非常明亮，有时则显得较为暗淡。玩家4说：这是一个在夜空中常见的发光天体，它以不同的亮度和高悬的姿态为特征。与同类天体相比，它的表面特征最为复杂，经常呈现出各种不同的形状。这是一个夜空中的天体，其亮度随时间变化，能够反射太阳光，表面有着多样的地形和气候特征。它在不同的大气条件下会呈现出不同的形状，有时明亮如昼，有时则晦暗如墨。这是一个在夜空中周期性变化的天体，其亮度随时间而变化，能够反射太阳光，表面特征复杂，包括平滑和崎岖的地形。它在不同的大气条件下会呈现出不同的形状，有时明亮如昼，有时则晦暗如墨。||在这个游戏中，我们需要通过分析每位玩家的描述来找出卧底。通常，平民的描述会围绕相同的词语展开，而卧底的描述可能会因为词语的不同而显得不太一致。我们需要仔细比较每个描述之间的相似性和差异性，以找出可能的卧底，注意，卧底并不会隐藏自己，他会直接描述他的词语，现在，逐一分析每个玩家的描述，注意，这局游戏的词语分类为<天文>，卧底词和平民词都属于该类。||之前是第3轮描述和之前轮数描述的合集。你之前认为的卧底是玩家2。
2024-12-13 13:17:06,836 - 3 - INFO - **********PLAYER3**********
2
2024-12-13 13:17:06,837 - 3 - INFO - **********JUDGER**********
你刚刚的分析是2|| `请根据上述分析，比较描述以找出不一致之处，注意，这局游戏的词语分类为<天文>，卧底词和平民词都属于该类。
2024-12-13 13:17:15,914 - 3 - INFO - **********PLAYER3**********
在比较描述以找出不一致之处时，我们可以观察到以下几点：

1. 玩家1的描述强调了天体的周期性变化和独特的亮度变化模式，以及天体在夜空中与周围星空的对比。

2. 玩家2的描述详细介绍了天体的可见性、大小、表面特征、大气层以及与地球的关系，并且多次提到了天体在夜空中看起来像是圆盘状或弯月状。

3. 玩家3的描述与玩家1相似，也提到了天体的周期性变化、亮度变化、表面特征的多样性，但没有提及天体的具体分类或与地球的关系。

4. 玩家4的描述提到了天体的亮度和高悬姿态，以及复杂的表面特征和不同的形状，但没有提及天体的周期性变化或亮度变化模式。

不一致之处总结：
- 玩家2的描述提供了关于天体的具体信息，包括它的大小、表面特征、大气层以及与地球的关系，这些都是其他玩家没有详细提及的。
- 玩家3的描述与玩家1相似，但没有提供额外的具体信息，这与其他玩家提供的信息量形成对比。

因此，不一致之处主要体现在玩家2的描述中提供了比其他玩家更多的具体信息，这可能表明玩家2的描述与平民词不同，从而可能是卧底。
2024-12-13 13:17:15,916 - 3 - INFO - **********JUDGER**********
你刚刚的分析是在比较描述以找出不一致之处时，我们可以观察到以下几点：

1. 玩家1的描述强调了天体的周期性变化和独特的亮度变化模式，以及天体在夜空中与周围星空的对比。

2. 玩家2的描述详细介绍了天体的可见性、大小、表面特征、大气层以及与地球的关系，并且多次提到了天体在夜空中看起来像是圆盘状或弯月状。

3. 玩家3的描述与玩家1相似，也提到了天体的周期性变化、亮度变化、表面特征的多样性，但没有提及天体的具体分类或与地球的关系。

4. 玩家4的描述提到了天体的亮度和高悬姿态，以及复杂的表面特征和不同的形状，但没有提及天体的周期性变化或亮度变化模式。

不一致之处总结：
- 玩家2的描述提供了关于天体的具体信息，包括它的大小、表面特征、大气层以及与地球的关系，这些都是其他玩家没有详细提及的。
- 玩家3的描述与玩家1相似，但没有提供额外的具体信息，这与其他玩家提供的信息量形成对比。

因此，不一致之处主要体现在玩家2的描述中提供了比其他玩家更多的具体信息，这可能表明玩家2的描述与平民词不同，从而可能是卧底。|| 请通过你分析的不一致之处，推断卧底身份，注意，这局游戏的词语分类为<天文>，卧底词和平民词都属于该类。
2024-12-13 13:17:17,232 - 3 - INFO - **********PLAYER3**********
2
2024-12-13 13:17:17,232 - 3 - INFO - **********JUDGER**********
你刚刚的推断是2|| 基于你刚刚的推断得出你的最终结论，请输出你认为的卧底，在这种情况下只需要输出编号，是1-4中的某个数字，不要输出其他信息。在这个过程不要进行任何推理，只对||以前的部分进行信息提取
2024-12-13 13:17:19,041 - 3 - INFO - **********PLAYER3**********
2
