2024-12-13 13:11:58,377 - 4 - INFO - **********JUDGER**********
让我们来玩一个叫做<谁是卧底>的推理游戏。基本规则：<人数>：4人。<角色分配>：每位玩家随机抽取一个词语，3名玩家拿到的词语是相同的（平民词），1名玩家拿到与之相近但不同的词语（卧底词）。<游戏流程>：1、玩家轮流描述自己的词语，但<不能>直接说出词语本身。2、描述完毕后，投票选出最像卧底的玩家。3、每轮结束后，被投票选出的玩家出局，不能再进行描述或投票。4、每轮投票结束后，如果卧底被成功找出，平民方获胜；如果卧底未被找出且卧底人数等于或超过平民人数，则卧底方获胜。你将扮演一个<玩家>，请等待你被分配到的关键词。如果你听懂了，只回答，"好的，我准备好参加游戏了"，不要输出别的信息
2024-12-13 13:11:59,850 - 4 - INFO - **********PLAYER4**********
好的，我准备好参加游戏了
2024-12-13 13:12:06,930 - 4 - INFO - **********JUDGER**********
玩家1说：这是一个自然现象，常常在夜晚出现。它在夜空中非常明亮，有时呈现出不同的形状。玩家2说：这是一个天体，它在白天和夜晚都可以看到。它在夜空中非常明亮，有时因为大气条件，人们可以看到它呈现出不同的形状，比如圆盘状或者弯月状。与同类天体相比，它通常是最容易辨认和观察到的。玩家3说：这是一个常见的夜空现象，通常在夜晚高悬，它的亮度在不同的天气条件下会有所变化。与同类天体相比，它的大小和亮度都是较为显著的。玩家4说：|| 你是第4号玩家，你的关键词是<月亮>。你的回答中绝对不能包含你的关键词<月亮>。这是第一轮描述，不需要分析||之前别的玩家的描述，请你描述关键词基本特征，注意，这局游戏的词语分类为<天文>，卧底词和平民词都属于该类，描述包括以下两点，1.他的基本特征是什么2.他在该类（天文）中最突出不同的特征是什么，尽量简短
2024-12-13 13:12:10,786 - 4 - INFO - **********PLAYER4**********
这是一个在夜空中常见的发光天体，它以不同的亮度和高悬的姿态为特征。与同类天体相比，它的表面特征最为复杂，经常呈现出各种不同的形状。
2024-12-13 13:13:23,291 - 4 - INFO - **********JUDGER**********
玩家1说：这是一个自然现象，常常在夜晚出现。它在夜空中非常明亮，有时呈现出不同的形状。玩家2说：这是一个天体，它在白天和夜晚都可以看到。它在夜空中非常明亮，有时因为大气条件，人们可以看到它呈现出不同的形状，比如圆盘状或者弯月状。与同类天体相比，它通常是最容易辨认和观察到的。玩家3说：这是一个常见的夜空现象，通常在夜晚高悬，它的亮度在不同的天气条件下会有所变化。与同类天体相比，它的大小和亮度都是较为显著的。玩家4说：||在这个游戏中，我们需要通过分析每位玩家的描述来找出卧底。通常，平民的描述会围绕相同的词语展开，而卧底的描述可能会因为词语的不同而显得不太一致。我们需要仔细比较每个描述之间的相似性和差异性，以找出可能的卧底，注意，卧底并不会隐藏自己，他会直接描述他的词语，现在，逐一分析每个玩家的描述，注意，这局游戏的词语分类为<天文>，卧底词和平民词都属于该类。这是第一轮描述。
2024-12-13 13:13:33,471 - 4 - INFO - **********PLAYER4**********
玩家1的描述暗示了一个在夜晚出现的明亮天体，可能与星星或月亮有关。玩家2的描述提到了一个在白天和夜晚都能看到的天体，并提到了圆盘状或弯月状的形状，这非常符合月亮的特征。玩家3的描述强调了夜空中的显著亮度和大小变化，这也与月亮相符。然而，玩家4的描述没有直接提及月亮，而是强调了夜空中的现象，但没有具体指出是哪个天体。

如果我是卧底，我的描述应该与月亮的特征有所不同，但又不能太明显，以免立即被识破。因此，我的描述可能会试图模糊月亮的一些特征，或者强调月亮的一些不太突出的方面，比如它的表面特征（虽然这已经被玩家3提到了），或者它的运动轨迹（这在前三个描述中没有被提及）。

我的描述可能是这样的：
“这是一个在天空中移动的天体，它的亮度在不同的时间会有所变化，但它的运动轨迹并不像其他天体那样规律。”这样的描述既没有直接指出月亮，也没有与前面玩家的描述完全一致，可能会引起怀疑。
2024-12-13 13:13:33,473 - 4 - INFO - **********JUDGER**********
你刚刚的分析是玩家1的描述暗示了一个在夜晚出现的明亮天体，可能与星星或月亮有关。玩家2的描述提到了一个在白天和夜晚都能看到的天体，并提到了圆盘状或弯月状的形状，这非常符合月亮的特征。玩家3的描述强调了夜空中的显著亮度和大小变化，这也与月亮相符。然而，玩家4的描述没有直接提及月亮，而是强调了夜空中的现象，但没有具体指出是哪个天体。

如果我是卧底，我的描述应该与月亮的特征有所不同，但又不能太明显，以免立即被识破。因此，我的描述可能会试图模糊月亮的一些特征，或者强调月亮的一些不太突出的方面，比如它的表面特征（虽然这已经被玩家3提到了），或者它的运动轨迹（这在前三个描述中没有被提及）。

我的描述可能是这样的：
“这是一个在天空中移动的天体，它的亮度在不同的时间会有所变化，但它的运动轨迹并不像其他天体那样规律。”这样的描述既没有直接指出月亮，也没有与前面玩家的描述完全一致，可能会引起怀疑。|| `请根据上述分析，比较描述以找出不一致之处，注意，这局游戏的词语分类为<天文>，卧底词和平民词都属于该类。
2024-12-13 13:13:47,378 - 4 - INFO - **********PLAYER4**********
根据上述分析，我们可以比较四位玩家的描述，寻找不一致之处：

1. 玩家1的描述提到“常常在夜晚出现”的明亮天体，没有具体形状的描述，这可能指的是星星或月亮。

2. 玩家2的描述详细提到了“白天和夜晚都能看到”，以及“圆盘状或弯月状”的形状，这非常具体地指向了月亮。

3. 玩家3的描述强调了“夜空中高悬”的显著亮度和大小变化，这也是月亮的典型特征。

4. 玩家4的描述没有直接提及月亮，而是提到了一个在天空中移动的天体，其亮度随时间变化，运动轨迹不规律。

不一致之处在于：
- 玩家2的描述提供了最具体的特征，直接指向了月亮，而其他玩家没有如此具体。
- 玩家4的描述虽然提到了天体的移动和亮度变化，但没有提及常见的月亮特征如圆盘状、弯月状或高悬在夜空中，而且强调了运动轨迹的不规律，这在月亮的描述中并不突出。

基于这些不一致之处，玩家4的描述可能更像是卧底的描述，因为它没有直接符合月亮的典型特征，而是提供了一些不太突出的特征，这可能会引起其他玩家的怀疑。
2024-12-13 13:13:47,384 - 4 - INFO - **********JUDGER**********
你刚刚的分析是根据上述分析，我们可以比较四位玩家的描述，寻找不一致之处：

1. 玩家1的描述提到“常常在夜晚出现”的明亮天体，没有具体形状的描述，这可能指的是星星或月亮。

2. 玩家2的描述详细提到了“白天和夜晚都能看到”，以及“圆盘状或弯月状”的形状，这非常具体地指向了月亮。

3. 玩家3的描述强调了“夜空中高悬”的显著亮度和大小变化，这也是月亮的典型特征。

4. 玩家4的描述没有直接提及月亮，而是提到了一个在天空中移动的天体，其亮度随时间变化，运动轨迹不规律。

不一致之处在于：
- 玩家2的描述提供了最具体的特征，直接指向了月亮，而其他玩家没有如此具体。
- 玩家4的描述虽然提到了天体的移动和亮度变化，但没有提及常见的月亮特征如圆盘状、弯月状或高悬在夜空中，而且强调了运动轨迹的不规律，这在月亮的描述中并不突出。

基于这些不一致之处，玩家4的描述可能更像是卧底的描述，因为它没有直接符合月亮的典型特征，而是提供了一些不太突出的特征，这可能会引起其他玩家的怀疑。|| 请通过你分析的不一致之处，推断卧底身份，注意，这局游戏的词语分类为<天文>，卧底词和平民词都属于该类。
2024-12-13 13:13:56,169 - 4 - INFO - **********PLAYER4**********
基于分析中提到的不一致之处，我们可以进行以下推断：

- 玩家2的描述非常具体地指向了月亮，提到了月亮的可见性和形状，这与月亮的典型特征高度吻合。
- 玩家1的描述虽然提到夜晚出现的明亮天体，但没有具体形状，这种描述可以适用于星星或月亮，但不够具体。
- 玩家3的描述也提到了月亮的显著亮度和大小变化，这与月亮的特征相符。
- 玩家4的描述提到了天体在天空中移动，亮度随时间变化，运动轨迹不规律。这些特征虽然可能与月亮有关，但“运动轨迹不规律”这一点在月亮的描述中并不突出，因为月亮的运动轨迹是相对规律的。

因此，如果我们要推断卧底身份，玩家4的描述可能是最可疑的，因为它没有直接符合月亮的典型特征，反而提到了一个不太突出的特征，即运动轨迹的不规律。在<天文>这个词语分类中，如果卧底词和平民词都属于天文类，那么玩家4的描述可能与某个不太为人所知的天体特征相符，或者是一个与月亮不完全相同的天体。

综上所述，玩家4可能是卧底。
2024-12-13 13:13:56,170 - 4 - INFO - **********JUDGER**********
你刚刚的推断是基于分析中提到的不一致之处，我们可以进行以下推断：

- 玩家2的描述非常具体地指向了月亮，提到了月亮的可见性和形状，这与月亮的典型特征高度吻合。
- 玩家1的描述虽然提到夜晚出现的明亮天体，但没有具体形状，这种描述可以适用于星星或月亮，但不够具体。
- 玩家3的描述也提到了月亮的显著亮度和大小变化，这与月亮的特征相符。
- 玩家4的描述提到了天体在天空中移动，亮度随时间变化，运动轨迹不规律。这些特征虽然可能与月亮有关，但“运动轨迹不规律”这一点在月亮的描述中并不突出，因为月亮的运动轨迹是相对规律的。

因此，如果我们要推断卧底身份，玩家4的描述可能是最可疑的，因为它没有直接符合月亮的典型特征，反而提到了一个不太突出的特征，即运动轨迹的不规律。在<天文>这个词语分类中，如果卧底词和平民词都属于天文类，那么玩家4的描述可能与某个不太为人所知的天体特征相符，或者是一个与月亮不完全相同的天体。

综上所述，玩家4可能是卧底。|| 基于你刚刚的推断得出你的最终结论，请输出你认为的卧底，在这种情况下只需要输出编号，是1-4中的某个数字，不要输出其他信息。在这个过程不要进行任何推理，只对||以前的部分进行信息提取
2024-12-13 13:13:57,136 - 4 - INFO - **********PLAYER4**********
4
2024-12-13 13:14:07,296 - 4 - INFO - **********JUDGER**********
玩家1说：这是一个自然现象，常常在夜晚出现。它在夜空中非常明亮，有时呈现出不同的形状。这个现象在天际中周期性地变化，它的光芒在晴朗的夜晚尤其耀眼。与它的同伴相比，它有着独特的亮度变化模式。玩家2说：这是一个天体，它在白天和夜晚都可以看到。它在夜空中非常明亮，有时因为大气条件，人们可以看到它呈现出不同的形状，比如圆盘状或者弯月状。与同类天体相比，它通常是最容易辨认和观察到的。这个天体是我们所在星系的第三颗行星，它的大小适中，有时在夜空中看起来像是圆盘状。它的表面特征复杂，有着多样化的地形和气候。与其他行星相比，它最显著的特征是它的大气层，它能够反射和散射太阳光，使得它在夜空中特别明亮。玩家3说：这是一个常见的夜空现象，通常在夜晚高悬，它的亮度在不同的天气条件下会有所变化。与同类天体相比，它的大小和亮度都是较为显著的。这是一个夜空中的天体，它在夜晚高悬，亮度随着月相变化，有时明亮如昼，有时则晦暗如墨。它的表面特征多样，从光滑的平原到崎岖的陨石坑，形态各异。玩家4说：这是一个在夜空中常见的发光天体，它以不同的亮度和高悬的姿态为特征。与同类天体相比，它的表面特征最为复杂，经常呈现出各种不同的形状。你是第4号玩家，你的关键词是<月亮>。你的回答中绝对不能包含你的关键词<月亮>。这是第二轮描述，你之前的描述是这是一个在夜空中常见的发光天体，它以不同的亮度和高悬的姿态为特征。与同类天体相比，它的表面特征最为复杂，经常呈现出各种不同的形状。，注意，这局游戏的词语分类为<天文>，卧底词和平民词都属于该类，请你补充关于关键词的描述，注意，你的描述应该比起之前的描述更加贴近关键词，作为之前的补充
2024-12-13 13:14:10,435 - 4 - INFO - **********PLAYER4**********
这是一个夜空中的天体，其亮度随时间变化，能够反射太阳光，表面有着多样的地形和气候特征。它在不同的大气条件下会呈现出不同的形状，有时明亮如昼，有时则晦暗如墨。
2024-12-13 13:15:35,058 - 4 - INFO - **********JUDGER**********
玩家1说：这是一个自然现象，常常在夜晚出现。它在夜空中非常明亮，有时呈现出不同的形状。这个现象在天际中周期性地变化，它的光芒在晴朗的夜晚尤其耀眼。与它的同伴相比，它有着独特的亮度变化模式。玩家2说：这是一个天体，它在白天和夜晚都可以看到。它在夜空中非常明亮，有时因为大气条件，人们可以看到它呈现出不同的形状，比如圆盘状或者弯月状。与同类天体相比，它通常是最容易辨认和观察到的。这个天体是我们所在星系的第三颗行星，它的大小适中，有时在夜空中看起来像是圆盘状。它的表面特征复杂，有着多样化的地形和气候。与其他行星相比，它最显著的特征是它的大气层，它能够反射和散射太阳光，使得它在夜空中特别明亮。玩家3说：这是一个常见的夜空现象，通常在夜晚高悬，它的亮度在不同的天气条件下会有所变化。与同类天体相比，它的大小和亮度都是较为显著的。这是一个夜空中的天体，它在夜晚高悬，亮度随着月相变化，有时明亮如昼，有时则晦暗如墨。它的表面特征多样，从光滑的平原到崎岖的陨石坑，形态各异。玩家4说：这是一个在夜空中常见的发光天体，它以不同的亮度和高悬的姿态为特征。与同类天体相比，它的表面特征最为复杂，经常呈现出各种不同的形状。||在这个游戏中，我们需要通过分析每位玩家的描述来找出卧底。通常，平民的描述会围绕相同的词语展开，而卧底的描述可能会因为词语的不同而显得不太一致。我们需要仔细比较每个描述之间的相似性和差异性，以找出可能的卧底，注意，卧底并不会隐藏自己，他会直接描述他的词语，现在，逐一分析每个玩家的描述，注意，这局游戏的词语分类为<天文>，卧底词和平民词都属于该类。||之前是第2轮描述和之前轮数描述的合集。你之前认为的卧底是玩家4。
2024-12-13 13:15:46,858 - 4 - INFO - **********PLAYER4**********
根据玩家们的第二轮描述，我们可以进行以下分析：

玩家1的描述强调了自然现象的周期性变化和独特的亮度模式，这与月亮的月相变化相符合。

玩家2的描述详细提到了一个天体在白天和夜晚都能看到，提到了圆盘状或弯月状的形状，并强调了它的大小和大气层特征，这同样指向了月亮。

玩家3的描述提到了夜空中的天体，其亮度随月相变化，并描述了其表面特征的多样性，这也是月亮的特征。

玩家4的描述提到了夜空中常见的发光天体，具有复杂的表面特征和不同的形状，这与之前玩家4的描述相呼应，但并没有提供比之前更多的具体信息来区分于月亮。

基于这些描述，玩家4的描述仍然是最不具体的，因为它没有提供比月亮更具体的特征，而且与之前的描述保持一致。然而，玩家2和玩家3的描述都提供了更多关于天体的具体信息，如大小、大气层和表面特征，这些是月亮描述中通常不会详细提到的。

因此，如果之前的推断是基于描述的不具体性和一致性，那么玩家4仍然可能是卧底。但是，考虑到玩家2和玩家3的描述提供了更多的具体信息，而玩家4没有提供更多的细节来区分其词语，玩家4的卧底嫌疑可能有所减轻。不过，没有更多的信息，我们无法完全排除玩家4作为卧底的可能性。

最终，如果必须选择，玩家4仍然是一个可能的卧底，但玩家2和玩家3的描述提供了更多的线索，表明他们可能更接近真相。
2024-12-13 13:15:46,860 - 4 - INFO - **********JUDGER**********
你刚刚的分析是根据玩家们的第二轮描述，我们可以进行以下分析：

玩家1的描述强调了自然现象的周期性变化和独特的亮度模式，这与月亮的月相变化相符合。

玩家2的描述详细提到了一个天体在白天和夜晚都能看到，提到了圆盘状或弯月状的形状，并强调了它的大小和大气层特征，这同样指向了月亮。

玩家3的描述提到了夜空中的天体，其亮度随月相变化，并描述了其表面特征的多样性，这也是月亮的特征。

玩家4的描述提到了夜空中常见的发光天体，具有复杂的表面特征和不同的形状，这与之前玩家4的描述相呼应，但并没有提供比之前更多的具体信息来区分于月亮。

基于这些描述，玩家4的描述仍然是最不具体的，因为它没有提供比月亮更具体的特征，而且与之前的描述保持一致。然而，玩家2和玩家3的描述都提供了更多关于天体的具体信息，如大小、大气层和表面特征，这些是月亮描述中通常不会详细提到的。

因此，如果之前的推断是基于描述的不具体性和一致性，那么玩家4仍然可能是卧底。但是，考虑到玩家2和玩家3的描述提供了更多的具体信息，而玩家4没有提供更多的细节来区分其词语，玩家4的卧底嫌疑可能有所减轻。不过，没有更多的信息，我们无法完全排除玩家4作为卧底的可能性。

最终，如果必须选择，玩家4仍然是一个可能的卧底，但玩家2和玩家3的描述提供了更多的线索，表明他们可能更接近真相。|| `请根据上述分析，比较描述以找出不一致之处，注意，这局游戏的词语分类为<天文>，卧底词和平民词都属于该类。
2024-12-13 13:15:56,056 - 4 - INFO - **********PLAYER4**********
根据上述分析，我们可以比较四位玩家的描述，寻找不一致之处：

1. 玩家1的描述强调了“周期性地变化”的亮度模式，这可以与月亮的月相变化相对应。

2. 玩家2的描述提到了天体在白天和夜晚都能看到，并具体描述了圆盘状或弯月状的形状，以及它的大小和大气层特征，这些都是月亮的典型特征。

3. 玩家3的描述提到了天体的亮度随月相变化，以及表面特征的多样性，这也是月亮的特征。

4. 玩家4的描述提到了发光天体具有复杂的表面特征和不同的形状，但没有提供具体的天体特征，与之前的描述保持一致。

不一致之处在于：

- 玩家2和玩家3的描述都提供了关于天体的大小、大气层和表面特征的详细信息，这些都是月亮的典型特征，而玩家4的描述虽然提到了发光天体和表面特征，但没有提供具体的细节，使得其描述与月亮的特征相比显得较为模糊。

- 玩家1的描述虽然与月亮的月相变化相符，但没有提及月亮的其他显著特征，如圆盘状、弯月状或大气层。

因此，玩家4的描述在提供具体特征方面与玩家2和玩家3相比显得不一致，这可能表明玩家4的词语与月亮不同，从而增加了玩家4作为卧底的嫌疑。
2024-12-13 13:15:56,058 - 4 - INFO - **********JUDGER**********
你刚刚的分析是根据上述分析，我们可以比较四位玩家的描述，寻找不一致之处：

1. 玩家1的描述强调了“周期性地变化”的亮度模式，这可以与月亮的月相变化相对应。

2. 玩家2的描述提到了天体在白天和夜晚都能看到，并具体描述了圆盘状或弯月状的形状，以及它的大小和大气层特征，这些都是月亮的典型特征。

3. 玩家3的描述提到了天体的亮度随月相变化，以及表面特征的多样性，这也是月亮的特征。

4. 玩家4的描述提到了发光天体具有复杂的表面特征和不同的形状，但没有提供具体的天体特征，与之前的描述保持一致。

不一致之处在于：

- 玩家2和玩家3的描述都提供了关于天体的大小、大气层和表面特征的详细信息，这些都是月亮的典型特征，而玩家4的描述虽然提到了发光天体和表面特征，但没有提供具体的细节，使得其描述与月亮的特征相比显得较为模糊。

- 玩家1的描述虽然与月亮的月相变化相符，但没有提及月亮的其他显著特征，如圆盘状、弯月状或大气层。

因此，玩家4的描述在提供具体特征方面与玩家2和玩家3相比显得不一致，这可能表明玩家4的词语与月亮不同，从而增加了玩家4作为卧底的嫌疑。|| 请通过你分析的不一致之处，推断卧底身份，注意，这局游戏的词语分类为<天文>，卧底词和平民词都属于该类。
2024-12-13 13:16:05,679 - 4 - INFO - **********PLAYER4**********
根据上述分析，我们可以通过比较描述中的不一致之处来推断卧底身份：

1. 玩家1的描述提到了一个自然现象，它在夜晚出现，亮度变化，但没有具体指向月亮的特征。

2. 玩家2的描述提到了一个白天和夜晚都能看到的天体，形状多变，亮度显著，这与月亮的特征相符。

3. 玩家3的描述提到了一个夜空中的现象，亮度变化，大小显著，但没有具体指向月亮。

4. 玩家4的描述没有直接提及月亮，而是强调了夜空中的现象，但没有具体指出是哪个天体。

不一致之处在于玩家4的描述没有直接指向月亮，而其他玩家的描述都包含了月亮的一些特征。因此，基于描述的不一致性和对月亮特征的指向性，玩家4可能是卧底。

推断卧底身份：玩家4。
2024-12-13 13:16:05,680 - 4 - INFO - **********JUDGER**********
你刚刚的推断是根据上述分析，我们可以通过比较描述中的不一致之处来推断卧底身份：

1. 玩家1的描述提到了一个自然现象，它在夜晚出现，亮度变化，但没有具体指向月亮的特征。

2. 玩家2的描述提到了一个白天和夜晚都能看到的天体，形状多变，亮度显著，这与月亮的特征相符。

3. 玩家3的描述提到了一个夜空中的现象，亮度变化，大小显著，但没有具体指向月亮。

4. 玩家4的描述没有直接提及月亮，而是强调了夜空中的现象，但没有具体指出是哪个天体。

不一致之处在于玩家4的描述没有直接指向月亮，而其他玩家的描述都包含了月亮的一些特征。因此，基于描述的不一致性和对月亮特征的指向性，玩家4可能是卧底。

推断卧底身份：玩家4。|| 基于你刚刚的推断得出你的最终结论，请输出你认为的卧底，在这种情况下只需要输出编号，是1-4中的某个数字，不要输出其他信息。在这个过程不要进行任何推理，只对||以前的部分进行信息提取
2024-12-13 13:16:06,505 - 4 - INFO - **********PLAYER4**********
4
2024-12-13 13:16:13,676 - 4 - INFO - **********JUDGER**********
玩家1说：这是一个自然现象，常常在夜晚出现。它在夜空中非常明亮，有时呈现出不同的形状。这个现象在天际中周期性地变化，它的光芒在晴朗的夜晚尤其耀眼。与它的同伴相比，它有着独特的亮度变化模式。这个天体在夜空中周期性地变化，它的光芒在晴朗的夜晚尤为显著，与周围的星空形成鲜明对比。它的形状和亮度随着时间而变化，有时圆润，有时呈现出缺口。玩家2说：这是一个天体，它在白天和夜晚都可以看到。它在夜空中非常明亮，有时因为大气条件，人们可以看到它呈现出不同的形状，比如圆盘状或者弯月状。与同类天体相比，它通常是最容易辨认和观察到的。这个天体是我们所在星系的第三颗行星，它的大小适中，有时在夜空中看起来像是圆盘状。它的表面特征复杂，有着多样化的地形和气候。与其他行星相比，它最显著的特征是它的大气层，它能够反射和散射太阳光，使得它在夜空中特别明亮。这个天体是我们所在星系的第三颗行星，它的大小适中，表面特征复杂，有着多样化的地形和气候。它在夜空中有时看起来像是圆盘状，其亮度随大气条件变化，有时呈现出不同的形状，如圆盘或弯月。与其他行星相比，它的大气层特别显著，能够反射和散射太阳光，使得它在夜空中特别明亮。玩家3说：这是一个常见的夜空现象，通常在夜晚高悬，它的亮度在不同的天气条件下会有所变化。与同类天体相比，它的大小和亮度都是较为显著的。这是一个夜空中的天体，它在夜晚高悬，亮度随着月相变化，有时明亮如昼，有时则晦暗如墨。它的表面特征多样，从光滑的平原到崎岖的陨石坑，形态各异。这个天体在夜空中周期性地变化，它的表面特征丰富多样，从平滑到崎岖不平等。它的亮度随时间变化，有时非常明亮，有时则显得较为暗淡。玩家4说：这是一个在夜空中常见的发光天体，它以不同的亮度和高悬的姿态为特征。与同类天体相比，它的表面特征最为复杂，经常呈现出各种不同的形状。这是一个夜空中的天体，其亮度随时间变化，能够反射太阳光，表面有着多样的地形和气候特征。它在不同的大气条件下会呈现出不同的形状，有时明亮如昼，有时则晦暗如墨。你是第4号玩家，你的关键词是<月亮>。你的回答中绝对不能包含你的关键词<月亮>。这是第三轮描述，你之前的描述是这是一个在夜空中常见的发光天体，它以不同的亮度和高悬的姿态为特征。与同类天体相比，它的表面特征最为复杂，经常呈现出各种不同的形状。和这是一个夜空中的天体，其亮度随时间变化，能够反射太阳光，表面有着多样的地形和气候特征。它在不同的大气条件下会呈现出不同的形状，有时明亮如昼，有时则晦暗如墨。，注意，这局游戏的词语分类为<天文>，卧底词和平民词都属于该类，请你补充关于关键词的描述，注意，你的描述应该比起之前的描述更加贴近关键词，作为之前的补充
2024-12-13 13:16:18,244 - 4 - INFO - **********PLAYER4**********
这是一个在夜空中周期性变化的天体，其亮度随时间而变化，能够反射太阳光，表面特征复杂，包括平滑和崎岖的地形。它在不同的大气条件下会呈现出不同的形状，有时明亮如昼，有时则晦暗如墨。
2024-12-13 13:17:19,042 - 4 - INFO - **********JUDGER**********
玩家1说：这是一个自然现象，常常在夜晚出现。它在夜空中非常明亮，有时呈现出不同的形状。这个现象在天际中周期性地变化，它的光芒在晴朗的夜晚尤其耀眼。与它的同伴相比，它有着独特的亮度变化模式。这个天体在夜空中周期性地变化，它的光芒在晴朗的夜晚尤为显著，与周围的星空形成鲜明对比。它的形状和亮度随着时间而变化，有时圆润，有时呈现出缺口。玩家2说：这是一个天体，它在白天和夜晚都可以看到。它在夜空中非常明亮，有时因为大气条件，人们可以看到它呈现出不同的形状，比如圆盘状或者弯月状。与同类天体相比，它通常是最容易辨认和观察到的。这个天体是我们所在星系的第三颗行星，它的大小适中，有时在夜空中看起来像是圆盘状。它的表面特征复杂，有着多样化的地形和气候。与其他行星相比，它最显著的特征是它的大气层，它能够反射和散射太阳光，使得它在夜空中特别明亮。这个天体是我们所在星系的第三颗行星，它的大小适中，表面特征复杂，有着多样化的地形和气候。它在夜空中有时看起来像是圆盘状，其亮度随大气条件变化，有时呈现出不同的形状，如圆盘或弯月。与其他行星相比，它的大气层特别显著，能够反射和散射太阳光，使得它在夜空中特别明亮。玩家3说：这是一个常见的夜空现象，通常在夜晚高悬，它的亮度在不同的天气条件下会有所变化。与同类天体相比，它的大小和亮度都是较为显著的。这是一个夜空中的天体，它在夜晚高悬，亮度随着月相变化，有时明亮如昼，有时则晦暗如墨。它的表面特征多样，从光滑的平原到崎岖的陨石坑，形态各异。这个天体在夜空中周期性地变化，它的表面特征丰富多样，从平滑到崎岖不平等。它的亮度随时间变化，有时非常明亮，有时则显得较为暗淡。玩家4说：这是一个在夜空中常见的发光天体，它以不同的亮度和高悬的姿态为特征。与同类天体相比，它的表面特征最为复杂，经常呈现出各种不同的形状。这是一个夜空中的天体，其亮度随时间变化，能够反射太阳光，表面有着多样的地形和气候特征。它在不同的大气条件下会呈现出不同的形状，有时明亮如昼，有时则晦暗如墨。这是一个在夜空中周期性变化的天体，其亮度随时间而变化，能够反射太阳光，表面特征复杂，包括平滑和崎岖的地形。它在不同的大气条件下会呈现出不同的形状，有时明亮如昼，有时则晦暗如墨。||在这个游戏中，我们需要通过分析每位玩家的描述来找出卧底。通常，平民的描述会围绕相同的词语展开，而卧底的描述可能会因为词语的不同而显得不太一致。我们需要仔细比较每个描述之间的相似性和差异性，以找出可能的卧底，注意，卧底并不会隐藏自己，他会直接描述他的词语，现在，逐一分析每个玩家的描述，注意，这局游戏的词语分类为<天文>，卧底词和平民词都属于该类。||之前是第3轮描述和之前轮数描述的合集。你之前认为的卧底是玩家4。
2024-12-13 13:17:29,253 - 4 - INFO - **********PLAYER4**********
根据玩家们的第三轮描述，我们可以进行以下分析：

玩家1的描述提到了一个自然现象，它在夜晚出现，周期性地变化，有时圆润，有时有缺口，这与月亮的月相变化相符。

玩家2的描述详细描述了一个天体，它在白天和夜晚都能看到，大小适中，表面特征复杂，大气层能够反射和散射太阳光，这些特征也与月亮相符。

玩家3的描述提到了一个夜空中的天体，其亮度随月相变化，表面特征多样，从平滑到崎岖不等，这也符合月亮的特征。

玩家4的描述再次提到了一个在夜空中周期性变化的天体，其亮度随时间变化，能够反射太阳光，表面特征复杂，包括平滑和崎岖的地形，这与月亮的描述非常相似。

在之前的推断中，玩家4被认为是卧底，因为他的描述没有提供比月亮更具体的特征，而且与之前的描述保持一致。然而，在第三轮描述中，玩家4的描述与月亮的特征非常吻合，没有明显的不一致之处。

考虑到所有玩家的描述都与月亮的特征相符，且没有明显的指向其他天体的描述，我们可以得出结论，所有玩家的描述都指向了相同的词语――月亮。因此，根据目前的描述，没有明显的卧底，因为所有玩家的描述都高度一致。

如果必须选择一个卧底，那么基于之前的推断和描述的一致性，玩家4仍然是一个可能的候选者，但这个选择是基于之前的不确定性，而不是基于第三轮描述中的新信息。在当前的情况下，所有玩家的描述都指向了月亮，因此没有明确的卧底。
2024-12-13 13:17:29,255 - 4 - INFO - **********JUDGER**********
你刚刚的分析是根据玩家们的第三轮描述，我们可以进行以下分析：

玩家1的描述提到了一个自然现象，它在夜晚出现，周期性地变化，有时圆润，有时有缺口，这与月亮的月相变化相符。

玩家2的描述详细描述了一个天体，它在白天和夜晚都能看到，大小适中，表面特征复杂，大气层能够反射和散射太阳光，这些特征也与月亮相符。

玩家3的描述提到了一个夜空中的天体，其亮度随月相变化，表面特征多样，从平滑到崎岖不等，这也符合月亮的特征。

玩家4的描述再次提到了一个在夜空中周期性变化的天体，其亮度随时间变化，能够反射太阳光，表面特征复杂，包括平滑和崎岖的地形，这与月亮的描述非常相似。

在之前的推断中，玩家4被认为是卧底，因为他的描述没有提供比月亮更具体的特征，而且与之前的描述保持一致。然而，在第三轮描述中，玩家4的描述与月亮的特征非常吻合，没有明显的不一致之处。

考虑到所有玩家的描述都与月亮的特征相符，且没有明显的指向其他天体的描述，我们可以得出结论，所有玩家的描述都指向了相同的词语――月亮。因此，根据目前的描述，没有明显的卧底，因为所有玩家的描述都高度一致。

如果必须选择一个卧底，那么基于之前的推断和描述的一致性，玩家4仍然是一个可能的候选者，但这个选择是基于之前的不确定性，而不是基于第三轮描述中的新信息。在当前的情况下，所有玩家的描述都指向了月亮，因此没有明确的卧底。|| `请根据上述分析，比较描述以找出不一致之处，注意，这局游戏的词语分类为<天文>，卧底词和平民词都属于该类。
2024-12-13 13:17:36,430 - 4 - INFO - **********PLAYER4**********
根据上述分析，我们可以比较四位玩家的描述，寻找不一致之处：

1. 玩家1的描述提到了“周期性地变化”的亮度模式，以及“有时圆润，有时有缺口”，这与月亮的月相变化相符。

2. 玩家2的描述提到了一个天体在白天和夜晚都能看到，具有复杂的大气层和表面特征，这些特征也与月亮相符。

3. 玩家3的描述强调了天体的亮度随月相变化，以及表面特征的多样性，这同样符合月亮的特征。

4. 玩家4的描述提到了一个周期性变化的天体，亮度随时间变化，能够反射太阳光，表面特征复杂，这些描述与月亮的特征相符。

所有玩家的描述都与月亮的特征相符，没有明显的指向其他天体的描述。因此，从描述的一致性来看，没有发现不一致之处。

结论：在当前的情况下，没有明显的不一致之处表明哪位玩家是卧底。所有玩家的描述都指向了月亮，因此无法根据描述找出不一致之处来确定卧底。
2024-12-13 13:17:36,431 - 4 - INFO - **********JUDGER**********
你刚刚的分析是根据上述分析，我们可以比较四位玩家的描述，寻找不一致之处：

1. 玩家1的描述提到了“周期性地变化”的亮度模式，以及“有时圆润，有时有缺口”，这与月亮的月相变化相符。

2. 玩家2的描述提到了一个天体在白天和夜晚都能看到，具有复杂的大气层和表面特征，这些特征也与月亮相符。

3. 玩家3的描述强调了天体的亮度随月相变化，以及表面特征的多样性，这同样符合月亮的特征。

4. 玩家4的描述提到了一个周期性变化的天体，亮度随时间变化，能够反射太阳光，表面特征复杂，这些描述与月亮的特征相符。

所有玩家的描述都与月亮的特征相符，没有明显的指向其他天体的描述。因此，从描述的一致性来看，没有发现不一致之处。

结论：在当前的情况下，没有明显的不一致之处表明哪位玩家是卧底。所有玩家的描述都指向了月亮，因此无法根据描述找出不一致之处来确定卧底。|| 请通过你分析的不一致之处，推断卧底身份，注意，这局游戏的词语分类为<天文>，卧底词和平民词都属于该类。
2024-12-13 13:17:44,800 - 4 - INFO - **********PLAYER4**********
根据分析，所有玩家的描述都与月亮的特征相符，没有明显的不一致之处。由于所有描述都指向了相同的词语――月亮，这意味着没有玩家提供了与月亮特征不匹配的信息。

在这种情况下，由于缺乏不一致之处，我们无法通过比较描述来直接推断出卧底身份。如果必须做出选择，且之前推断玩家4是卧底，那么在没有新的不一致信息的情况下，玩家4仍然是一个可能的候选者。然而，这种选择是基于之前的推断，而不是基于当前描述中的不一致之处。

因此，基于当前的分析，我们无法确定卧底的身份。如果游戏规则允许，可能需要更多的信息或者进行额外的轮次描述来揭示卧底。在这种情况下，如果没有其他指示，我们可以选择不做出卧底身份的推断。
2024-12-13 13:17:44,801 - 4 - INFO - **********JUDGER**********
你刚刚的推断是根据分析，所有玩家的描述都与月亮的特征相符，没有明显的不一致之处。由于所有描述都指向了相同的词语――月亮，这意味着没有玩家提供了与月亮特征不匹配的信息。

在这种情况下，由于缺乏不一致之处，我们无法通过比较描述来直接推断出卧底身份。如果必须做出选择，且之前推断玩家4是卧底，那么在没有新的不一致信息的情况下，玩家4仍然是一个可能的候选者。然而，这种选择是基于之前的推断，而不是基于当前描述中的不一致之处。

因此，基于当前的分析，我们无法确定卧底的身份。如果游戏规则允许，可能需要更多的信息或者进行额外的轮次描述来揭示卧底。在这种情况下，如果没有其他指示，我们可以选择不做出卧底身份的推断。|| 基于你刚刚的推断得出你的最终结论，请输出你认为的卧底，在这种情况下只需要输出编号，是1-4中的某个数字，不要输出其他信息。在这个过程不要进行任何推理，只对||以前的部分进行信息提取
2024-12-13 13:17:46,196 - 4 - INFO - **********PLAYER4**********
4
2024-12-13 13:17:46,197 - 4 - INFO - **********JUDGER**********
你认为卧底是你自己。你现在需要随便选一个人投票。请输出一个数字，是1-4中的某个数字，但这个数字不能是4，不要输出其他信息。
2024-12-13 13:17:47,787 - 4 - INFO - **********PLAYER4**********
1
