2024-12-13 14:01:08,907 - 1 - INFO - **********JUDGER**********
让我们来玩一个叫做<谁是卧底>的推理游戏。基本规则：<人数>：4人。<角色分配>：每位玩家随机抽取一个词语，3名玩家拿到的词语是相同的（平民词），1名玩家拿到与之相近但不同的词语（卧底词）。<游戏流程>：1、玩家轮流描述自己的词语，但<不能>直接说出词语本身。2、描述完毕后，投票选出最像卧底的玩家。3、每轮结束后，被投票选出的玩家出局，不能再进行描述或投票。4、每轮投票结束后，如果卧底被成功找出，平民方获胜；如果卧底未被找出且卧底人数等于或超过平民人数，则卧底方获胜。你将扮演一个<玩家>，请等待你被分配到的关键词。如果你听懂了，只回答，"好的，我准备好参加游戏了"，不要输出别的信息
2024-12-13 14:01:09,997 - 1 - INFO - **********PLAYER1**********
好的，我准备好参加游戏了
2024-12-13 14:01:16,635 - 1 - INFO - **********JUDGER**********
玩家1说：玩家2说：玩家3说：玩家4说：|| 你是第1号玩家，你的关键词是<火车>。你的回答中绝对不能包含你的关键词<火车>。这是第一轮描述，不需要分析||之前别的玩家的描述，请你描述关键词基本特征，注意，这局游戏的词语分类为<交通工具>，卧底词和平民词都属于该类，描述包括以下两点，1.他的基本特征是什么2.他在该类（交通工具）中最突出不同的特征是什么，尽量简短
2024-12-13 14:01:17,736 - 1 - INFO - **********PLAYER1**********
这是一种陆地交通工具，主要用于长距离运输。它在同类中以其速度快、载客量大而著称。
2024-12-13 14:01:27,589 - 1 - INFO - **********JUDGER**********
玩家1说：这是一种陆地交通工具，主要用于长距离运输。它在同类中以其速度快、载客量大而著称。玩家2说：这是一种用于长途旅行的车辆，拥有多节车厢，可以容纳大量乘客。它在同类交通工具中以其高速行驶和较远的运输距离而闻名。相较于其他交通工具，它在速度上有着显著的优势。玩家3说：这是一款在铁路上运行的车辆，它由多节车厢组成，能够承载大量乘客进行长途旅行。它在该类交通工具中最为显著的特征是能够达到较高的速度，使其在同类中脱颖而出。玩家4说：||在这个游戏中，我们需要通过分析每位玩家的描述来找出卧底。通常，平民的描述会围绕相同的词语展开，而卧底的描述可能会因为词语的不同而显得不太一致。我们需要仔细比较每个描述之间的相似性和差异性，以找出可能的卧底，注意，卧底并不会隐藏自己，他会直接描述他的词语，现在，逐一分析每个玩家的描述，注意，这局游戏的词语分类为<交通工具>，卧底词和平民词都属于该类。这是第一轮描述。
2024-12-13 14:01:31,249 - 1 - INFO - **********PLAYER1**********
我注意到其他玩家的描述都强调了速度和载客量，这与我的关键词火车的基本特征相符。然而，玩家4的描述似乎更多地关注了游戏规则和描述分析的方法，而不是直接描述交通工具的特征。这可能意味着玩家4是卧底，因为他没有像其他玩家那样专注于关键词的描述。不过，这只是一个观察，我需要等待下一轮的描述来进一步确认。
2024-12-13 14:01:31,249 - 1 - INFO - **********JUDGER**********
你刚刚的分析是我注意到其他玩家的描述都强调了速度和载客量，这与我的关键词火车的基本特征相符。然而，玩家4的描述似乎更多地关注了游戏规则和描述分析的方法，而不是直接描述交通工具的特征。这可能意味着玩家4是卧底，因为他没有像其他玩家那样专注于关键词的描述。不过，这只是一个观察，我需要等待下一轮的描述来进一步确认。|| `请根据上述分析，比较描述以找出不一致之处，注意，这局游戏的词语分类为<交通工具>，卧底词和平民词都属于该类。
2024-12-13 14:01:39,137 - 1 - INFO - **********PLAYER1**********
根据上述分析，我们可以比较描述中的不一致之处：

1. 玩家1、玩家2和玩家3的描述都集中在火车的速度和载客量上，这些都是火车作为交通工具的典型特征。

2. 玩家4的描述则偏离了这一主题，没有提及火车的速度或载客量，而是提到了游戏规则和推理分析的方法。这与其他玩家的描述风格不同，因为其他玩家都在描述火车这一交通工具的特征。

3. 玩家4的描述中提到“在这个游戏中”，这可能表明他正在尝试引导讨论的方向，而不是直接描述火车。

4. 玩家4的描述中提到“卧底并不会隐藏自己”，这可能是对游戏规则的一种评论，而不是对火车这一关键词的描述。

综上所述，玩家4的描述与其他玩家描述的不一致性，以及他对游戏规则的关注，可能表明他是卧底。然而，这只是一个基于描述的分析，最终需要通过投票和进一步的描述来确认。
2024-12-13 14:01:39,138 - 1 - INFO - **********JUDGER**********
你刚刚的分析是根据上述分析，我们可以比较描述中的不一致之处：

1. 玩家1、玩家2和玩家3的描述都集中在火车的速度和载客量上，这些都是火车作为交通工具的典型特征。

2. 玩家4的描述则偏离了这一主题，没有提及火车的速度或载客量，而是提到了游戏规则和推理分析的方法。这与其他玩家的描述风格不同，因为其他玩家都在描述火车这一交通工具的特征。

3. 玩家4的描述中提到“在这个游戏中”，这可能表明他正在尝试引导讨论的方向，而不是直接描述火车。

4. 玩家4的描述中提到“卧底并不会隐藏自己”，这可能是对游戏规则的一种评论，而不是对火车这一关键词的描述。

综上所述，玩家4的描述与其他玩家描述的不一致性，以及他对游戏规则的关注，可能表明他是卧底。然而，这只是一个基于描述的分析，最终需要通过投票和进一步的描述来确认。|| 请通过你分析的不一致之处，推断卧底身份，注意，这局游戏的词语分类为<交通工具>，卧底词和平民词都属于该类。
2024-12-13 14:01:51,886 - 1 - INFO - **********PLAYER1**********
根据分析的不一致之处，我推断玩家4很可能是卧底。以下是我的推断依据：

1. 玩家4的描述没有提及火车作为交通工具的典型特征，如速度和载客量，这与其他玩家围绕火车这一共同关键词的描述不符。

2. 玩家4的描述偏离了火车这一主题，转而讨论游戏规则和推理分析的方法，这与其他玩家专注于火车特征的描述不一致。

3. 玩家4的描述中提到“在这个游戏中”，这可能是在试图将讨论焦点从火车转移到游戏本身，可能是为了掩盖他的真实身份。

4. 玩家4的描述中提到“卧底并不会隐藏自己”，这可能是对游戏规则的直接引用，而不是对火车这一关键词的描述，这可能是在试图误导其他玩家。

综上所述，玩家4的描述和行为与其他玩家明显不同，这增加了他是卧底的可能性。然而，最终确定卧底身份还需要通过投票和后续的描述来确认。
2024-12-13 14:01:51,889 - 1 - INFO - **********JUDGER**********
你刚刚的推断是根据分析的不一致之处，我推断玩家4很可能是卧底。以下是我的推断依据：

1. 玩家4的描述没有提及火车作为交通工具的典型特征，如速度和载客量，这与其他玩家围绕火车这一共同关键词的描述不符。

2. 玩家4的描述偏离了火车这一主题，转而讨论游戏规则和推理分析的方法，这与其他玩家专注于火车特征的描述不一致。

3. 玩家4的描述中提到“在这个游戏中”，这可能是在试图将讨论焦点从火车转移到游戏本身，可能是为了掩盖他的真实身份。

4. 玩家4的描述中提到“卧底并不会隐藏自己”，这可能是对游戏规则的直接引用，而不是对火车这一关键词的描述，这可能是在试图误导其他玩家。

综上所述，玩家4的描述和行为与其他玩家明显不同，这增加了他是卧底的可能性。然而，最终确定卧底身份还需要通过投票和后续的描述来确认。|| 基于你刚刚的推断得出你的最终结论，请输出你认为的卧底，在这种情况下只需要输出编号，是1-4中的某个数字，不要输出其他信息。在这个过程不要进行任何推理，只对||以前的部分进行信息提取
2024-12-13 14:01:52,471 - 1 - INFO - **********PLAYER1**********
4
2024-12-13 14:03:50,714 - 1 - INFO - **********JUDGER**********
玩家1说：这是一种陆地交通工具，主要用于长距离运输。它在同类中以其速度快、载客量大而著称。玩家2说：这是一种用于长途旅行的车辆，拥有多节车厢，可以容纳大量乘客。它在同类交通工具中以其高速行驶和较远的运输距离而闻名。相较于其他交通工具，它在速度上有着显著的优势。玩家3说：这是一款在铁路上运行的车辆，它由多节车厢组成，能够承载大量乘客进行长途旅行。它在该类交通工具中最为显著的特征是能够达到较高的速度，使其在同类中脱颖而出。玩家4说：它是一种能够在道路上行驶的交通工具，主要用于日常出行和运输。它的最突出不同特征是它的机动性和灵活性，能够在多种路况下快速移动。你是第1号玩家，你的关键词是<火车>。你的回答中绝对不能包含你的关键词<火车>。这是第二轮描述，你之前的描述是这是一种陆地交通工具，主要用于长距离运输。它在同类中以其速度快、载客量大而著称。，注意，这局游戏的词语分类为<交通工具>，卧底词和平民词都属于该类，请你补充关于关键词的描述，注意，你的描述应该比起之前的描述更加贴近关键词，作为之前的补充
2024-12-13 14:03:52,111 - 1 - INFO - **********PLAYER1**********
好的，我准备好参加游戏了。
2024-12-13 14:04:04,230 - 1 - INFO - **********JUDGER**********
玩家1说：这是一种陆地交通工具，主要用于长距离运输。它在同类中以其速度快、载客量大而著称。好的，我准备好参加游戏了。玩家2说：这是一种用于长途旅行的车辆，拥有多节车厢，可以容纳大量乘客。它在同类交通工具中以其高速行驶和较远的运输距离而闻名。相较于其他交通工具，它在速度上有着显著的优势。这种交通工具的特点在于它能够在固定的轨道上高速行驶，连接远距离的城市，为乘客提供快速、稳定的旅行体验。它通常由多节车厢组成，能够同时运送大量乘客，是长距离旅行中的主要选择之一。相较于其他同类交通工具，它在速度上的优势尤为明显，尤其是在跨越广阔地域时，能够显著缩短旅行时间。玩家3说：这是一款在铁路上运行的车辆，它由多节车厢组成，能够承载大量乘客进行长途旅行。它在该类交通工具中最为显著的特征是能够达到较高的速度，使其在同类中脱颖而出。这种交通工具以其在直线轨道上的高速行驶而闻名，它能够连接不同城市，提供长距离、高效的运输服务。它的设计使其能够在固定的轨道上平稳运行，不受地面路况的影响，这使得它成为长距离旅行的首选。玩家4说：它是一种能够在道路上行驶的交通工具，主要用于日常出行和运输。它的最突出不同特征是它的机动性和灵活性，能够在多种路况下快速移动。||在这个游戏中，我们需要通过分析每位玩家的描述来找出卧底。通常，平民的描述会围绕相同的词语展开，而卧底的描述可能会因为词语的不同而显得不太一致。我们需要仔细比较每个描述之间的相似性和差异性，以找出可能的卧底，注意，卧底并不会隐藏自己，他会直接描述他的词语，现在，逐一分析每个玩家的描述，注意，这局游戏的词语分类为<交通工具>，卧底词和平民词都属于该类。||之前是第2轮描述和之前轮数描述的合集。你之前认为的卧底是玩家4。
2024-12-13 14:04:09,966 - 1 - INFO - **********PLAYER1**********
根据第二轮描述和之前轮数描述的合集，我之前的推断是玩家4可能是卧底。现在，我将基于这些描述来补充我的关键词描述：

这种交通工具通常具有以下特点：它设计用于承载大量乘客，可以在固定的轨道上高速行驶，连接不同的城市，提供长距离、高效的运输服务。它的运行不受地面路况的影响，能够在直线轨道上平稳运行，这使得它成为长距离旅行的首选，尤其是在需要快速、稳定旅行体验的情况下。
2024-12-13 14:04:09,967 - 1 - INFO - **********JUDGER**********
你刚刚的分析是根据第二轮描述和之前轮数描述的合集，我之前的推断是玩家4可能是卧底。现在，我将基于这些描述来补充我的关键词描述：

这种交通工具通常具有以下特点：它设计用于承载大量乘客，可以在固定的轨道上高速行驶，连接不同的城市，提供长距离、高效的运输服务。它的运行不受地面路况的影响，能够在直线轨道上平稳运行，这使得它成为长距离旅行的首选，尤其是在需要快速、稳定旅行体验的情况下。|| `请根据上述分析，比较描述以找出不一致之处，注意，这局游戏的词语分类为<交通工具>，卧底词和平民词都属于该类。
2024-12-13 14:04:16,941 - 1 - INFO - **********PLAYER1**********
根据上述分析，我们可以比较描述中的不一致之处：

1. 玩家1、玩家2和玩家3的描述都强调了火车在固定轨道上高速行驶、连接城市、承载大量乘客以及提供长距离、高效运输服务等特点。

2. 玩家4的描述提到的是一种能够在道路上行驶的交通工具，强调机动性和灵活性，能够在多种路况下快速移动，这与火车在固定轨道上行驶的特点不符。

3. 玩家4的描述更像是描述汽车或摩托车等道路交通工具，而不是火车。

4. 玩家4的描述中提到的“日常出行和运输”以及“多种路况”与火车主要用于长距离旅行和固定轨道行驶的特点不一致。

综上所述，玩家4的描述与其他玩家描述的不一致性，以及他描述的是一种可以在道路上行驶的交通工具，这增加了他是卧底的可能性，尤其是考虑到游戏中的词语分类为<交通工具>，而玩家4的描述与火车这一类别的典型特征不符。
2024-12-13 14:04:16,942 - 1 - INFO - **********JUDGER**********
你刚刚的分析是根据上述分析，我们可以比较描述中的不一致之处：

1. 玩家1、玩家2和玩家3的描述都强调了火车在固定轨道上高速行驶、连接城市、承载大量乘客以及提供长距离、高效运输服务等特点。

2. 玩家4的描述提到的是一种能够在道路上行驶的交通工具，强调机动性和灵活性，能够在多种路况下快速移动，这与火车在固定轨道上行驶的特点不符。

3. 玩家4的描述更像是描述汽车或摩托车等道路交通工具，而不是火车。

4. 玩家4的描述中提到的“日常出行和运输”以及“多种路况”与火车主要用于长距离旅行和固定轨道行驶的特点不一致。

综上所述，玩家4的描述与其他玩家描述的不一致性，以及他描述的是一种可以在道路上行驶的交通工具，这增加了他是卧底的可能性，尤其是考虑到游戏中的词语分类为<交通工具>，而玩家4的描述与火车这一类别的典型特征不符。|| 请通过你分析的不一致之处，推断卧底身份，注意，这局游戏的词语分类为<交通工具>，卧底词和平民词都属于该类。
2024-12-13 14:04:17,984 - 1 - INFO - **********PLAYER1**********
4
2024-12-13 14:04:17,986 - 1 - INFO - **********JUDGER**********
你刚刚的推断是4|| 基于你刚刚的推断得出你的最终结论，请输出你认为的卧底，在这种情况下只需要输出编号，是1-4中的某个数字，不要输出其他信息。在这个过程不要进行任何推理，只对||以前的部分进行信息提取
2024-12-13 14:04:19,539 - 1 - INFO - **********PLAYER1**********
4
2024-12-13 14:06:09,183 - 1 - INFO - **********JUDGER**********
玩家1说：这是一种陆地交通工具，主要用于长距离运输。它在同类中以其速度快、载客量大而著称。好的，我准备好参加游戏了。玩家2说：这是一种用于长途旅行的车辆，拥有多节车厢，可以容纳大量乘客。它在同类交通工具中以其高速行驶和较远的运输距离而闻名。相较于其他交通工具，它在速度上有着显著的优势。这种交通工具的特点在于它能够在固定的轨道上高速行驶，连接远距离的城市，为乘客提供快速、稳定的旅行体验。它通常由多节车厢组成，能够同时运送大量乘客，是长距离旅行中的主要选择之一。相较于其他同类交通工具，它在速度上的优势尤为明显，尤其是在跨越广阔地域时，能够显著缩短旅行时间。玩家3说：这是一款在铁路上运行的车辆，它由多节车厢组成，能够承载大量乘客进行长途旅行。它在该类交通工具中最为显著的特征是能够达到较高的速度，使其在同类中脱颖而出。这种交通工具以其在直线轨道上的高速行驶而闻名，它能够连接不同城市，提供长距离、高效的运输服务。它的设计使其能够在固定的轨道上平稳运行，不受地面路况的影响，这使得它成为长距离旅行的首选。玩家4说：它是一种能够在道路上行驶的交通工具，主要用于日常出行和运输。它的最突出不同特征是它的机动性和灵活性，能够在多种路况下快速移动。它是一种能够独立在道路上行驶的交通工具，适合用于中短距离的日常出行和运输。与公共交通工具相比，它的最大特点是无需依赖固定的轨道或路线，能够在城市中灵活穿梭。它的设计使其能够在各种路况下保持良好的行驶性能，提供了便捷和个性化的出行体验。你是第1号玩家，你的关键词是<火车>。你的回答中绝对不能包含你的关键词<火车>。这是第三轮描述，你之前的描述是这是一种陆地交通工具，主要用于长距离运输。它在同类中以其速度快、载客量大而著称。和好的，我准备好参加游戏了。，注意，这局游戏的词语分类为<交通工具>，卧底词和平民词都属于该类，请你补充关于关键词的描述，注意，你的描述应该比起之前的描述更加贴近关键词，作为之前的补充
2024-12-13 14:06:11,930 - 1 - INFO - **********PLAYER1**********
这种交通工具以其在特定轨道上运行的稳定性著称，能够承载大量乘客进行长途旅行，连接不同地区，为人们提供快速、舒适的旅行体验。它通常由多节车厢组成，能够在直线轨道上高速行驶，不受地面路况的干扰。
2024-12-13 14:06:30,991 - 1 - INFO - **********JUDGER**********
玩家1说：这是一种陆地交通工具，主要用于长距离运输。它在同类中以其速度快、载客量大而著称。好的，我准备好参加游戏了。这种交通工具以其在特定轨道上运行的稳定性著称，能够承载大量乘客进行长途旅行，连接不同地区，为人们提供快速、舒适的旅行体验。它通常由多节车厢组成，能够在直线轨道上高速行驶，不受地面路况的干扰。玩家2说：这是一种用于长途旅行的车辆，拥有多节车厢，可以容纳大量乘客。它在同类交通工具中以其高速行驶和较远的运输距离而闻名。相较于其他交通工具，它在速度上有着显著的优势。这种交通工具的特点在于它能够在固定的轨道上高速行驶，连接远距离的城市，为乘客提供快速、稳定的旅行体验。它通常由多节车厢组成，能够同时运送大量乘客，是长距离旅行中的主要选择之一。相较于其他同类交通工具，它在速度上的优势尤为明显，尤其是在跨越广阔地域时，能够显著缩短旅行时间。这种交通工具以其在特定轨道上运行的稳定性著称，能够承载大量乘客进行长途旅行，连接不同地区，为人们提供快速、舒适的旅行体验。它通常由多节车厢组成，能够在直线轨道上高速行驶，不受地面路况的干扰，这使得它成为长距离旅行的首选。玩家3说：这是一款在铁路上运行的车辆，它由多节车厢组成，能够承载大量乘客进行长途旅行。它在该类交通工具中最为显著的特征是能够达到较高的速度，使其在同类中脱颖而出。这种交通工具以其在直线轨道上的高速行驶而闻名，它能够连接不同城市，提供长距离、高效的运输服务。它的设计使其能够在固定的轨道上平稳运行，不受地面路况的影响，这使得它成为长距离旅行的首选。这种交通工具以其在特定轨道上的连续性和可靠性著称，它能够在直线轨道上保持高速行驶，不受地面路况的干扰，从而为长途旅行提供了一种高效、稳定的运输方式。它的设计确保了乘客在长途旅行中的舒适性和安全性，同时连接了不同地区，促进了人们的交流和经济发展。玩家4说：它是一种能够在道路上行驶的交通工具，主要用于日常出行和运输。它的最突出不同特征是它的机动性和灵活性，能够在多种路况下快速移动。它是一种能够独立在道路上行驶的交通工具，适合用于中短距离的日常出行和运输。与公共交通工具相比，它的最大特点是无需依赖固定的轨道或路线，能够在城市中灵活穿梭。它的设计使其能够在各种路况下保持良好的行驶性能，提供了便捷和个性化的出行体验。这种交通工具以其独立的动力系统著称，能够在道路上自由行驶，不受固定路线的限制。它适用于城市和乡村的多种路况，能够在短时间内完成中短距离的出行。它的设计注重便捷性和效率，使得日常出行更加快速和方便。||在这个游戏中，我们需要通过分析每位玩家的描述来找出卧底。通常，平民的描述会围绕相同的词语展开，而卧底的描述可能会因为词语的不同而显得不太一致。我们需要仔细比较每个描述之间的相似性和差异性，以找出可能的卧底，注意，卧底并不会隐藏自己，他会直接描述他的词语，现在，逐一分析每个玩家的描述，注意，这局游戏的词语分类为<交通工具>，卧底词和平民词都属于该类。||之前是第3轮描述和之前轮数描述的合集。你之前认为的卧底是玩家4。
2024-12-13 14:06:36,190 - 1 - INFO - **********PLAYER1**********
根据第三轮描述和之前轮数描述的合集，我之前的推断是玩家4可能是卧底。现在，我将基于这些描述来补充我的关键词描述：

这种交通工具以其在特定轨道上运行的连续性和可靠性著称，能够在直线轨道上保持高速行驶，不受地面路况的干扰，为长途旅行提供了一种高效、稳定的运输方式。它通常由多节车厢组成，连接不同地区，为人们提供快速、舒适的旅行体验。
2024-12-13 14:06:36,192 - 1 - INFO - **********JUDGER**********
你刚刚的分析是根据第三轮描述和之前轮数描述的合集，我之前的推断是玩家4可能是卧底。现在，我将基于这些描述来补充我的关键词描述：

这种交通工具以其在特定轨道上运行的连续性和可靠性著称，能够在直线轨道上保持高速行驶，不受地面路况的干扰，为长途旅行提供了一种高效、稳定的运输方式。它通常由多节车厢组成，连接不同地区，为人们提供快速、舒适的旅行体验。|| `请根据上述分析，比较描述以找出不一致之处，注意，这局游戏的词语分类为<交通工具>，卧底词和平民词都属于该类。
2024-12-13 14:06:50,497 - 1 - INFO - **********PLAYER1**********
根据上述分析，我们可以比较描述中的不一致之处：

1. 玩家1、玩家2和玩家3的描述都强调了火车在特定轨道上运行的连续性和可靠性，能够在直线轨道上高速行驶，不受地面路况的干扰，以及为长途旅行提供高效、稳定的运输方式。

2. 玩家4的描述则提到的是一种能够在道路上行驶的交通工具，强调机动性和灵活性，能够在多种路况下快速移动，无需依赖固定的轨道或路线，适用于城市和乡村的多种路况。

3. 玩家4的描述与火车在固定轨道上行驶的特点不符，而是更像是在描述汽车或摩托车等道路交通工具。

4. 玩家4的描述中提到的“日常出行和运输”以及“无需依赖固定的轨道或路线”与火车主要用于长距离旅行和固定轨道行驶的特点不一致。

综上所述，玩家4的描述与其他玩家描述的不一致性，以及他描述的是一种可以在道路上行驶的交通工具，这增加了他是卧底的可能性，尤其是考虑到游戏中的词语分类为<交通工具>，而玩家4的描述与火车这一类别的典型特征不符。
2024-12-13 14:06:50,500 - 1 - INFO - **********JUDGER**********
你刚刚的分析是根据上述分析，我们可以比较描述中的不一致之处：

1. 玩家1、玩家2和玩家3的描述都强调了火车在特定轨道上运行的连续性和可靠性，能够在直线轨道上高速行驶，不受地面路况的干扰，以及为长途旅行提供高效、稳定的运输方式。

2. 玩家4的描述则提到的是一种能够在道路上行驶的交通工具，强调机动性和灵活性，能够在多种路况下快速移动，无需依赖固定的轨道或路线，适用于城市和乡村的多种路况。

3. 玩家4的描述与火车在固定轨道上行驶的特点不符，而是更像是在描述汽车或摩托车等道路交通工具。

4. 玩家4的描述中提到的“日常出行和运输”以及“无需依赖固定的轨道或路线”与火车主要用于长距离旅行和固定轨道行驶的特点不一致。

综上所述，玩家4的描述与其他玩家描述的不一致性，以及他描述的是一种可以在道路上行驶的交通工具，这增加了他是卧底的可能性，尤其是考虑到游戏中的词语分类为<交通工具>，而玩家4的描述与火车这一类别的典型特征不符。|| 请通过你分析的不一致之处，推断卧底身份，注意，这局游戏的词语分类为<交通工具>，卧底词和平民词都属于该类。
2024-12-13 14:06:51,988 - 1 - INFO - **********PLAYER1**********
4
2024-12-13 14:06:51,988 - 1 - INFO - **********JUDGER**********
你刚刚的推断是4|| 基于你刚刚的推断得出你的最终结论，请输出你认为的卧底，在这种情况下只需要输出编号，是1-4中的某个数字，不要输出其他信息。在这个过程不要进行任何推理，只对||以前的部分进行信息提取
2024-12-13 14:06:53,510 - 1 - INFO - **********PLAYER1**********
4
