2024-12-13 14:01:10,964 - 2 - INFO - **********JUDGER**********
让我们来玩一个叫做<谁是卧底>的推理游戏。基本规则：<人数>：4人。<角色分配>：每位玩家随机抽取一个词语，3名玩家拿到的词语是相同的（平民词），1名玩家拿到与之相近但不同的词语（卧底词）。<游戏流程>：1、玩家轮流描述自己的词语，但<不能>直接说出词语本身。2、描述完毕后，投票选出最像卧底的玩家。3、每轮结束后，被投票选出的玩家出局，不能再进行描述或投票。4、每轮投票结束后，如果卧底被成功找出，平民方获胜；如果卧底未被找出且卧底人数等于或超过平民人数，则卧底方获胜。你将扮演一个<玩家>，请等待你被分配到的关键词。如果你听懂了，只回答，"好的，我准备好参加游戏了"，不要输出别的信息
2024-12-13 14:01:11,482 - 2 - INFO - **********PLAYER2**********
好的，我准备好参加游戏了
2024-12-13 14:01:17,736 - 2 - INFO - **********JUDGER**********
玩家1说：这是一种陆地交通工具，主要用于长距离运输。它在同类中以其速度快、载客量大而著称。玩家2说：玩家3说：玩家4说：|| 你是第2号玩家，你的关键词是<火车>。你的回答中绝对不能包含你的关键词<火车>。这是第一轮描述，不需要分析||之前别的玩家的描述，请你描述关键词基本特征，注意，这局游戏的词语分类为<交通工具>，卧底词和平民词都属于该类，描述包括以下两点，1.他的基本特征是什么2.他在该类（交通工具）中最突出不同的特征是什么，尽量简短
2024-12-13 14:01:21,510 - 2 - INFO - **********PLAYER2**********
这是一种用于长途旅行的车辆，拥有多节车厢，可以容纳大量乘客。它在同类交通工具中以其高速行驶和较远的运输距离而闻名。相较于其他交通工具，它在速度上有着显著的优势。
2024-12-13 14:01:52,471 - 2 - INFO - **********JUDGER**********
玩家1说：这是一种陆地交通工具，主要用于长距离运输。它在同类中以其速度快、载客量大而著称。玩家2说：这是一种用于长途旅行的车辆，拥有多节车厢，可以容纳大量乘客。它在同类交通工具中以其高速行驶和较远的运输距离而闻名。相较于其他交通工具，它在速度上有着显著的优势。玩家3说：这是一款在铁路上运行的车辆，它由多节车厢组成，能够承载大量乘客进行长途旅行。它在该类交通工具中最为显著的特征是能够达到较高的速度，使其在同类中脱颖而出。玩家4说：||在这个游戏中，我们需要通过分析每位玩家的描述来找出卧底。通常，平民的描述会围绕相同的词语展开，而卧底的描述可能会因为词语的不同而显得不太一致。我们需要仔细比较每个描述之间的相似性和差异性，以找出可能的卧底，注意，卧底并不会隐藏自己，他会直接描述他的词语，现在，逐一分析每个玩家的描述，注意，这局游戏的词语分类为<交通工具>，卧底词和平民词都属于该类。这是第一轮描述。
2024-12-13 14:01:57,724 - 2 - INFO - **********PLAYER2**********
我注意到其他玩家的描述都非常详细地描述了这种交通工具的共性，比如长途运输、多节车厢、高速行驶等。我的描述则需要体现出与他们的描述不同的地方，同时也要保持一定的连贯性，以便不被轻易识别为卧底。我会这样描述：

这是一种传统的交通工具，主要用于连接城市和乡村，它的速度相比现代交通工具可能稍慢，但它的舒适性和可靠性是其他交通工具所不能比的。它在同类中特别突出的特征是它的历史和文化价值，它见证了时代的变迁。
2024-12-13 14:01:57,728 - 2 - INFO - **********JUDGER**********
你刚刚的分析是我注意到其他玩家的描述都非常详细地描述了这种交通工具的共性，比如长途运输、多节车厢、高速行驶等。我的描述则需要体现出与他们的描述不同的地方，同时也要保持一定的连贯性，以便不被轻易识别为卧底。我会这样描述：

这是一种传统的交通工具，主要用于连接城市和乡村，它的速度相比现代交通工具可能稍慢，但它的舒适性和可靠性是其他交通工具所不能比的。它在同类中特别突出的特征是它的历史和文化价值，它见证了时代的变迁。|| `请根据上述分析，比较描述以找出不一致之处，注意，这局游戏的词语分类为<交通工具>，卧底词和平民词都属于该类。
2024-12-13 14:02:14,595 - 2 - INFO - **********PLAYER2**********
根据上述分析，我们可以比较以下不一致之处：

1. **速度描述**：玩家1、玩家2和玩家3都强调了交通工具的速度快，而我的描述则提到了速度可能稍慢。这表明我的描述与他们的描述在速度上存在差异。

2. **历史和文化价值**：我的描述中特别提到了交通工具的历史和文化价值，这是一个与其他玩家描述不同的新元素，它强调了交通工具的非功能性特征，而其他玩家似乎更专注于其功能性特征。

3. **用途描述**：玩家1、玩家2和玩家3提到了长途运输，而我提到了连接城市和乡村，这虽然有一定的关联，但强调了不同的用途场景。

这些差异可能会引起其他玩家对我的描述产生怀疑，尤其是关于速度的描述，它直接与之前玩家描述的共性相矛盾。因此，我的描述可能会被怀疑为不一致，从而可能被视为卧底。
2024-12-13 14:02:14,597 - 2 - INFO - **********JUDGER**********
你刚刚的分析是根据上述分析，我们可以比较以下不一致之处：

1. **速度描述**：玩家1、玩家2和玩家3都强调了交通工具的速度快，而我的描述则提到了速度可能稍慢。这表明我的描述与他们的描述在速度上存在差异。

2. **历史和文化价值**：我的描述中特别提到了交通工具的历史和文化价值，这是一个与其他玩家描述不同的新元素，它强调了交通工具的非功能性特征，而其他玩家似乎更专注于其功能性特征。

3. **用途描述**：玩家1、玩家2和玩家3提到了长途运输，而我提到了连接城市和乡村，这虽然有一定的关联，但强调了不同的用途场景。

这些差异可能会引起其他玩家对我的描述产生怀疑，尤其是关于速度的描述，它直接与之前玩家描述的共性相矛盾。因此，我的描述可能会被怀疑为不一致，从而可能被视为卧底。|| 请通过你分析的不一致之处，推断卧底身份，注意，这局游戏的词语分类为<交通工具>，卧底词和平民词都属于该类。
2024-12-13 14:02:33,130 - 2 - INFO - **********PLAYER2**********
基于上述分析，我们可以进行以下推断：

1. **速度差异**：如果其他玩家描述的交通工具是以速度快著称的，而我的描述提到速度可能稍慢，这可能是由于我手中的词语与他们的不同。如果这个词语在《交通工具》类别中与“速度快”的描述不匹配，那么我可能是卧底。

2. **历史和文化价值**：如果其他玩家没有提到历史和文化价值，而我在描述中加入了这一点，这可能是一个提示，表明我手中的词语与他们的不同，尤其是如果这个词语更侧重于其历史或文化意义。

3. **用途描述**：如果其他玩家描述的是用于长途运输的交通工具，而我的描述是连接城市和乡村，这可能意味着我手中的词语更侧重于地方性或区域性的服务，而不是全国性的长途运输。

考虑到这些不一致之处，如果其他玩家的词语都是现代高速交通工具，如飞机、高铁或快速列车，那么我手中的词语可能是以下几种：

- **有轨电车**：虽然速度快，但通常不被认为是长途交通工具，且具有明显的城市或区域性特征。
- **公交车**：主要用于城市内部或城市与周边地区的连接，速度可能不如高铁等现代交通工具快。
- **蒸汽火车**：虽然速度较慢，但具有历史和文化价值，可能被视为一个更传统的交通工具。

因此，结合这些线索，我可能是卧底，手中的词语可能是与“速度快”或“长途运输”不直接相关的交通工具。
2024-12-13 14:02:33,131 - 2 - INFO - **********JUDGER**********
你刚刚的推断是基于上述分析，我们可以进行以下推断：

1. **速度差异**：如果其他玩家描述的交通工具是以速度快著称的，而我的描述提到速度可能稍慢，这可能是由于我手中的词语与他们的不同。如果这个词语在《交通工具》类别中与“速度快”的描述不匹配，那么我可能是卧底。

2. **历史和文化价值**：如果其他玩家没有提到历史和文化价值，而我在描述中加入了这一点，这可能是一个提示，表明我手中的词语与他们的不同，尤其是如果这个词语更侧重于其历史或文化意义。

3. **用途描述**：如果其他玩家描述的是用于长途运输的交通工具，而我的描述是连接城市和乡村，这可能意味着我手中的词语更侧重于地方性或区域性的服务，而不是全国性的长途运输。

考虑到这些不一致之处，如果其他玩家的词语都是现代高速交通工具，如飞机、高铁或快速列车，那么我手中的词语可能是以下几种：

- **有轨电车**：虽然速度快，但通常不被认为是长途交通工具，且具有明显的城市或区域性特征。
- **公交车**：主要用于城市内部或城市与周边地区的连接，速度可能不如高铁等现代交通工具快。
- **蒸汽火车**：虽然速度较慢，但具有历史和文化价值，可能被视为一个更传统的交通工具。

因此，结合这些线索，我可能是卧底，手中的词语可能是与“速度快”或“长途运输”不直接相关的交通工具。|| 基于你刚刚的推断得出你的最终结论，请输出你认为的卧底，在这种情况下只需要输出编号，是1-4中的某个数字，不要输出其他信息。在这个过程不要进行任何推理，只对||以前的部分进行信息提取
2024-12-13 14:02:34,014 - 2 - INFO - **********PLAYER2**********
2
2024-12-13 14:03:52,117 - 2 - INFO - **********JUDGER**********
玩家1说：这是一种陆地交通工具，主要用于长距离运输。它在同类中以其速度快、载客量大而著称。好的，我准备好参加游戏了。玩家2说：这是一种用于长途旅行的车辆，拥有多节车厢，可以容纳大量乘客。它在同类交通工具中以其高速行驶和较远的运输距离而闻名。相较于其他交通工具，它在速度上有着显著的优势。玩家3说：这是一款在铁路上运行的车辆，它由多节车厢组成，能够承载大量乘客进行长途旅行。它在该类交通工具中最为显著的特征是能够达到较高的速度，使其在同类中脱颖而出。玩家4说：它是一种能够在道路上行驶的交通工具，主要用于日常出行和运输。它的最突出不同特征是它的机动性和灵活性，能够在多种路况下快速移动。你是第2号玩家，你的关键词是<火车>。你的回答中绝对不能包含你的关键词<火车>。这是第二轮描述，你之前的描述是这是一种用于长途旅行的车辆，拥有多节车厢，可以容纳大量乘客。它在同类交通工具中以其高速行驶和较远的运输距离而闻名。相较于其他交通工具，它在速度上有着显著的优势。，注意，这局游戏的词语分类为<交通工具>，卧底词和平民词都属于该类，请你补充关于关键词的描述，注意，你的描述应该比起之前的描述更加贴近关键词，作为之前的补充
2024-12-13 14:03:56,376 - 2 - INFO - **********PLAYER2**********
这种交通工具的特点在于它能够在固定的轨道上高速行驶，连接远距离的城市，为乘客提供快速、稳定的旅行体验。它通常由多节车厢组成，能够同时运送大量乘客，是长距离旅行中的主要选择之一。相较于其他同类交通工具，它在速度上的优势尤为明显，尤其是在跨越广阔地域时，能够显著缩短旅行时间。
2024-12-13 14:04:19,539 - 2 - INFO - **********JUDGER**********
玩家1说：这是一种陆地交通工具，主要用于长距离运输。它在同类中以其速度快、载客量大而著称。好的，我准备好参加游戏了。玩家2说：这是一种用于长途旅行的车辆，拥有多节车厢，可以容纳大量乘客。它在同类交通工具中以其高速行驶和较远的运输距离而闻名。相较于其他交通工具，它在速度上有着显著的优势。这种交通工具的特点在于它能够在固定的轨道上高速行驶，连接远距离的城市，为乘客提供快速、稳定的旅行体验。它通常由多节车厢组成，能够同时运送大量乘客，是长距离旅行中的主要选择之一。相较于其他同类交通工具，它在速度上的优势尤为明显，尤其是在跨越广阔地域时，能够显著缩短旅行时间。玩家3说：这是一款在铁路上运行的车辆，它由多节车厢组成，能够承载大量乘客进行长途旅行。它在该类交通工具中最为显著的特征是能够达到较高的速度，使其在同类中脱颖而出。这种交通工具以其在直线轨道上的高速行驶而闻名，它能够连接不同城市，提供长距离、高效的运输服务。它的设计使其能够在固定的轨道上平稳运行，不受地面路况的影响，这使得它成为长距离旅行的首选。玩家4说：它是一种能够在道路上行驶的交通工具，主要用于日常出行和运输。它的最突出不同特征是它的机动性和灵活性，能够在多种路况下快速移动。||在这个游戏中，我们需要通过分析每位玩家的描述来找出卧底。通常，平民的描述会围绕相同的词语展开，而卧底的描述可能会因为词语的不同而显得不太一致。我们需要仔细比较每个描述之间的相似性和差异性，以找出可能的卧底，注意，卧底并不会隐藏自己，他会直接描述他的词语，现在，逐一分析每个玩家的描述，注意，这局游戏的词语分类为<交通工具>，卧底词和平民词都属于该类。||之前是第2轮描述和之前轮数描述的合集。你之前认为的卧底是玩家2。
2024-12-13 14:04:30,990 - 2 - INFO - **********PLAYER2**********
根据目前的信息，玩家2的描述与玩家1、玩家3的描述非常相似，都强调了交通工具的长距离运输、多节车厢、高速行驶等特点。然而，玩家4的描述与他们的描述存在明显差异，因为他提到的是一种能够在道路上行驶的交通工具，强调机动性和灵活性，这与火车的主要特征不符。

由于玩家2的描述与多数玩家的描述最为接近，而玩家4的描述与火车的主要特征不符，且没有其他明显的特征来指向他不是卧底，因此，基于当前的信息，我之前的推断是玩家2可能是卧底。不过，现在需要根据所有玩家的描述重新分析。

玩家1、玩家2和玩家3的描述都集中在火车的高速、长距离和载客量大等特点上，而玩家4的描述与火车的主要特征不一致，提到了机动性和灵活性，这可能是他在日常出行和运输中的交通工具，如汽车或摩托车。

因此，根据这些描述，玩家4的描述与火车的主要特征不一致，他可能是卧底。
2024-12-13 14:04:30,991 - 2 - INFO - **********JUDGER**********
你刚刚的分析是根据目前的信息，玩家2的描述与玩家1、玩家3的描述非常相似，都强调了交通工具的长距离运输、多节车厢、高速行驶等特点。然而，玩家4的描述与他们的描述存在明显差异，因为他提到的是一种能够在道路上行驶的交通工具，强调机动性和灵活性，这与火车的主要特征不符。

由于玩家2的描述与多数玩家的描述最为接近，而玩家4的描述与火车的主要特征不符，且没有其他明显的特征来指向他不是卧底，因此，基于当前的信息，我之前的推断是玩家2可能是卧底。不过，现在需要根据所有玩家的描述重新分析。

玩家1、玩家2和玩家3的描述都集中在火车的高速、长距离和载客量大等特点上，而玩家4的描述与火车的主要特征不一致，提到了机动性和灵活性，这可能是他在日常出行和运输中的交通工具，如汽车或摩托车。

因此，根据这些描述，玩家4的描述与火车的主要特征不一致，他可能是卧底。|| `请根据上述分析，比较描述以找出不一致之处，注意，这局游戏的词语分类为<交通工具>，卧底词和平民词都属于该类。
2024-12-13 14:04:43,500 - 2 - INFO - **********PLAYER2**********
根据上述分析，我们可以比较以下不一致之处：

1. **运输方式**：
   - 玩家1、玩家2和玩家3的描述都集中在火车在固定轨道上的高速、长距离运输。
   - 玩家4的描述提到了一种能够在道路上行驶的交通工具，这暗示了可能是汽车或摩托车等。

2. **速度和灵活性**：
   - 玩家1、玩家2和玩家3的描述强调了火车的速度快和稳定性。
   - 玩家4的描述则提到了机动性和灵活性，这通常与汽车或摩托车等道路交通工具相关。

3. **用途**：
   - 玩家1、玩家2和玩家3的描述都指向了长途旅行和大量乘客的运输。
   - 玩家4的描述提到了日常出行和运输，这与火车的主要用途（长途旅行）不同。

这些不一致之处表明玩家4的描述与火车的主要特征不匹配，而其他玩家的描述则更加一致地围绕火车这一概念展开。因此，玩家4的描述可能是与其他玩家不同的卧底词。
2024-12-13 14:04:43,503 - 2 - INFO - **********JUDGER**********
你刚刚的分析是根据上述分析，我们可以比较以下不一致之处：

1. **运输方式**：
   - 玩家1、玩家2和玩家3的描述都集中在火车在固定轨道上的高速、长距离运输。
   - 玩家4的描述提到了一种能够在道路上行驶的交通工具，这暗示了可能是汽车或摩托车等。

2. **速度和灵活性**：
   - 玩家1、玩家2和玩家3的描述强调了火车的速度快和稳定性。
   - 玩家4的描述则提到了机动性和灵活性，这通常与汽车或摩托车等道路交通工具相关。

3. **用途**：
   - 玩家1、玩家2和玩家3的描述都指向了长途旅行和大量乘客的运输。
   - 玩家4的描述提到了日常出行和运输，这与火车的主要用途（长途旅行）不同。

这些不一致之处表明玩家4的描述与火车的主要特征不匹配，而其他玩家的描述则更加一致地围绕火车这一概念展开。因此，玩家4的描述可能是与其他玩家不同的卧底词。|| 请通过你分析的不一致之处，推断卧底身份，注意，这局游戏的词语分类为<交通工具>，卧底词和平民词都属于该类。
2024-12-13 14:04:47,154 - 2 - INFO - **********PLAYER2**********
基于分析的不一致之处，可以推断玩家4是卧底。他的描述与火车的主要特征不符，提到了能够在道路上行驶的交通工具，强调机动性和灵活性，这通常与汽车或摩托车等道路交通工具相关，而不是火车。因此，玩家4手中的词语可能是汽车、摩托车或其他不属于火车的交通工具。
2024-12-13 14:04:47,156 - 2 - INFO - **********JUDGER**********
你刚刚的推断是基于分析的不一致之处，可以推断玩家4是卧底。他的描述与火车的主要特征不符，提到了能够在道路上行驶的交通工具，强调机动性和灵活性，这通常与汽车或摩托车等道路交通工具相关，而不是火车。因此，玩家4手中的词语可能是汽车、摩托车或其他不属于火车的交通工具。|| 基于你刚刚的推断得出你的最终结论，请输出你认为的卧底，在这种情况下只需要输出编号，是1-4中的某个数字，不要输出其他信息。在这个过程不要进行任何推理，只对||以前的部分进行信息提取
2024-12-13 14:04:48,406 - 2 - INFO - **********PLAYER2**********
4
2024-12-13 14:06:11,934 - 2 - INFO - **********JUDGER**********
玩家1说：这是一种陆地交通工具，主要用于长距离运输。它在同类中以其速度快、载客量大而著称。好的，我准备好参加游戏了。这种交通工具以其在特定轨道上运行的稳定性著称，能够承载大量乘客进行长途旅行，连接不同地区，为人们提供快速、舒适的旅行体验。它通常由多节车厢组成，能够在直线轨道上高速行驶，不受地面路况的干扰。玩家2说：这是一种用于长途旅行的车辆，拥有多节车厢，可以容纳大量乘客。它在同类交通工具中以其高速行驶和较远的运输距离而闻名。相较于其他交通工具，它在速度上有着显著的优势。这种交通工具的特点在于它能够在固定的轨道上高速行驶，连接远距离的城市，为乘客提供快速、稳定的旅行体验。它通常由多节车厢组成，能够同时运送大量乘客，是长距离旅行中的主要选择之一。相较于其他同类交通工具，它在速度上的优势尤为明显，尤其是在跨越广阔地域时，能够显著缩短旅行时间。玩家3说：这是一款在铁路上运行的车辆，它由多节车厢组成，能够承载大量乘客进行长途旅行。它在该类交通工具中最为显著的特征是能够达到较高的速度，使其在同类中脱颖而出。这种交通工具以其在直线轨道上的高速行驶而闻名，它能够连接不同城市，提供长距离、高效的运输服务。它的设计使其能够在固定的轨道上平稳运行，不受地面路况的影响，这使得它成为长距离旅行的首选。玩家4说：它是一种能够在道路上行驶的交通工具，主要用于日常出行和运输。它的最突出不同特征是它的机动性和灵活性，能够在多种路况下快速移动。它是一种能够独立在道路上行驶的交通工具，适合用于中短距离的日常出行和运输。与公共交通工具相比，它的最大特点是无需依赖固定的轨道或路线，能够在城市中灵活穿梭。它的设计使其能够在各种路况下保持良好的行驶性能，提供了便捷和个性化的出行体验。你是第2号玩家，你的关键词是<火车>。你的回答中绝对不能包含你的关键词<火车>。这是第三轮描述，你之前的描述是这是一种用于长途旅行的车辆，拥有多节车厢，可以容纳大量乘客。它在同类交通工具中以其高速行驶和较远的运输距离而闻名。相较于其他交通工具，它在速度上有着显著的优势。和这种交通工具的特点在于它能够在固定的轨道上高速行驶，连接远距离的城市，为乘客提供快速、稳定的旅行体验。它通常由多节车厢组成，能够同时运送大量乘客，是长距离旅行中的主要选择之一。相较于其他同类交通工具，它在速度上的优势尤为明显，尤其是在跨越广阔地域时，能够显著缩短旅行时间。，注意，这局游戏的词语分类为<交通工具>，卧底词和平民词都属于该类，请你补充关于关键词的描述，注意，你的描述应该比起之前的描述更加贴近关键词，作为之前的补充
2024-12-13 14:06:16,085 - 2 - INFO - **********PLAYER2**********
这种交通工具以其在特定轨道上运行的稳定性著称，能够承载大量乘客进行长途旅行，连接不同地区，为人们提供快速、舒适的旅行体验。它通常由多节车厢组成，能够在直线轨道上高速行驶，不受地面路况的干扰，这使得它成为长距离旅行的首选。
2024-12-13 14:06:53,511 - 2 - INFO - **********JUDGER**********
玩家1说：这是一种陆地交通工具，主要用于长距离运输。它在同类中以其速度快、载客量大而著称。好的，我准备好参加游戏了。这种交通工具以其在特定轨道上运行的稳定性著称，能够承载大量乘客进行长途旅行，连接不同地区，为人们提供快速、舒适的旅行体验。它通常由多节车厢组成，能够在直线轨道上高速行驶，不受地面路况的干扰。玩家2说：这是一种用于长途旅行的车辆，拥有多节车厢，可以容纳大量乘客。它在同类交通工具中以其高速行驶和较远的运输距离而闻名。相较于其他交通工具，它在速度上有着显著的优势。这种交通工具的特点在于它能够在固定的轨道上高速行驶，连接远距离的城市，为乘客提供快速、稳定的旅行体验。它通常由多节车厢组成，能够同时运送大量乘客，是长距离旅行中的主要选择之一。相较于其他同类交通工具，它在速度上的优势尤为明显，尤其是在跨越广阔地域时，能够显著缩短旅行时间。这种交通工具以其在特定轨道上运行的稳定性著称，能够承载大量乘客进行长途旅行，连接不同地区，为人们提供快速、舒适的旅行体验。它通常由多节车厢组成，能够在直线轨道上高速行驶，不受地面路况的干扰，这使得它成为长距离旅行的首选。玩家3说：这是一款在铁路上运行的车辆，它由多节车厢组成，能够承载大量乘客进行长途旅行。它在该类交通工具中最为显著的特征是能够达到较高的速度，使其在同类中脱颖而出。这种交通工具以其在直线轨道上的高速行驶而闻名，它能够连接不同城市，提供长距离、高效的运输服务。它的设计使其能够在固定的轨道上平稳运行，不受地面路况的影响，这使得它成为长距离旅行的首选。这种交通工具以其在特定轨道上的连续性和可靠性著称，它能够在直线轨道上保持高速行驶，不受地面路况的干扰，从而为长途旅行提供了一种高效、稳定的运输方式。它的设计确保了乘客在长途旅行中的舒适性和安全性，同时连接了不同地区，促进了人们的交流和经济发展。玩家4说：它是一种能够在道路上行驶的交通工具，主要用于日常出行和运输。它的最突出不同特征是它的机动性和灵活性，能够在多种路况下快速移动。它是一种能够独立在道路上行驶的交通工具，适合用于中短距离的日常出行和运输。与公共交通工具相比，它的最大特点是无需依赖固定的轨道或路线，能够在城市中灵活穿梭。它的设计使其能够在各种路况下保持良好的行驶性能，提供了便捷和个性化的出行体验。这种交通工具以其独立的动力系统著称，能够在道路上自由行驶，不受固定路线的限制。它适用于城市和乡村的多种路况，能够在短时间内完成中短距离的出行。它的设计注重便捷性和效率，使得日常出行更加快速和方便。||在这个游戏中，我们需要通过分析每位玩家的描述来找出卧底。通常，平民的描述会围绕相同的词语展开，而卧底的描述可能会因为词语的不同而显得不太一致。我们需要仔细比较每个描述之间的相似性和差异性，以找出可能的卧底，注意，卧底并不会隐藏自己，他会直接描述他的词语，现在，逐一分析每个玩家的描述，注意，这局游戏的词语分类为<交通工具>，卧底词和平民词都属于该类。||之前是第3轮描述和之前轮数描述的合集。你之前认为的卧底是玩家4。
2024-12-13 14:07:08,125 - 2 - INFO - **********PLAYER2**********
根据之前的描述和玩家的描述，以下是不一致之处：

1. **运输方式**：
   - 玩家1、玩家2、玩家3的描述都集中在火车在固定轨道上的高速、长距离运输。
   - 玩家4的描述提到了一种能够在道路上行驶的交通工具，这与火车的主要特征不符。

2. **速度和稳定性**：
   - 玩家1、玩家2、玩家3的描述都强调了火车的速度快和稳定性。
   - 玩家4的描述则提到了机动性和灵活性，这通常与汽车或摩托车等道路交通工具相关。

3. **用途**：
   - 玩家1、玩家2、玩家3的描述都指向了长途旅行和大量乘客的运输。
   - 玩家4的描述提到了日常出行和运输，这与火车的主要用途（长途旅行）不同。

基于这些不一致之处，玩家4的描述与火车的主要特征不匹配，因此可以推断玩家4是卧底。
2024-12-13 14:07:08,129 - 2 - INFO - **********JUDGER**********
你刚刚的分析是根据之前的描述和玩家的描述，以下是不一致之处：

1. **运输方式**：
   - 玩家1、玩家2、玩家3的描述都集中在火车在固定轨道上的高速、长距离运输。
   - 玩家4的描述提到了一种能够在道路上行驶的交通工具，这与火车的主要特征不符。

2. **速度和稳定性**：
   - 玩家1、玩家2、玩家3的描述都强调了火车的速度快和稳定性。
   - 玩家4的描述则提到了机动性和灵活性，这通常与汽车或摩托车等道路交通工具相关。

3. **用途**：
   - 玩家1、玩家2、玩家3的描述都指向了长途旅行和大量乘客的运输。
   - 玩家4的描述提到了日常出行和运输，这与火车的主要用途（长途旅行）不同。

基于这些不一致之处，玩家4的描述与火车的主要特征不匹配，因此可以推断玩家4是卧底。|| `请根据上述分析，比较描述以找出不一致之处，注意，这局游戏的词语分类为<交通工具>，卧底词和平民词都属于该类。
2024-12-13 14:07:21,196 - 2 - INFO - **********PLAYER2**********
根据上述分析，以下是不一致之处：

1. **轨道使用**：
   - 玩家1、玩家2和玩家3的描述都强调了交通工具在固定轨道上运行，这是火车的一个典型特征。
   - 玩家4的描述提到的是一种在道路上行驶的交通工具，这与火车在轨道上运行的特性不符。

2. **速度和性能**：
   - 玩家1、玩家2和玩家3的描述中都提到了交通工具的速度快和稳定性，这是火车的重要特点。
   - 玩家4的描述则提到了机动性和灵活性，以及能够在多种路况下快速移动，这更像是汽车或摩托车的特征。

3. **用途和距离**：
   - 玩家1、玩家2和玩家3的描述都集中在长途旅行和连接不同地区。
   - 玩家4的描述提到了日常出行和运输，以及适合中短距离的出行，这与火车的长距离运输用途不一致。

这些不一致之处表明玩家4的描述与火车的主要特征不符，而其他玩家的描述则更加一致地围绕火车这一概念展开。因此，玩家4的描述可能是与其他玩家不同的卧底词。
2024-12-13 14:07:21,202 - 2 - INFO - **********JUDGER**********
你刚刚的分析是根据上述分析，以下是不一致之处：

1. **轨道使用**：
   - 玩家1、玩家2和玩家3的描述都强调了交通工具在固定轨道上运行，这是火车的一个典型特征。
   - 玩家4的描述提到的是一种在道路上行驶的交通工具，这与火车在轨道上运行的特性不符。

2. **速度和性能**：
   - 玩家1、玩家2和玩家3的描述中都提到了交通工具的速度快和稳定性，这是火车的重要特点。
   - 玩家4的描述则提到了机动性和灵活性，以及能够在多种路况下快速移动，这更像是汽车或摩托车的特征。

3. **用途和距离**：
   - 玩家1、玩家2和玩家3的描述都集中在长途旅行和连接不同地区。
   - 玩家4的描述提到了日常出行和运输，以及适合中短距离的出行，这与火车的长距离运输用途不一致。

这些不一致之处表明玩家4的描述与火车的主要特征不符，而其他玩家的描述则更加一致地围绕火车这一概念展开。因此，玩家4的描述可能是与其他玩家不同的卧底词。|| 请通过你分析的不一致之处，推断卧底身份，注意，这局游戏的词语分类为<交通工具>，卧底词和平民词都属于该类。
2024-12-13 14:07:23,532 - 2 - INFO - **********PLAYER2**********
4
2024-12-13 14:07:23,534 - 2 - INFO - **********JUDGER**********
你刚刚的推断是4|| 基于你刚刚的推断得出你的最终结论，请输出你认为的卧底，在这种情况下只需要输出编号，是1-4中的某个数字，不要输出其他信息。在这个过程不要进行任何推理，只对||以前的部分进行信息提取
2024-12-13 14:07:26,056 - 2 - INFO - **********PLAYER2**********
4
