2024-12-13 14:01:12,389 - 3 - INFO - **********JUDGER**********
让我们来玩一个叫做<谁是卧底>的推理游戏。基本规则：<人数>：4人。<角色分配>：每位玩家随机抽取一个词语，3名玩家拿到的词语是相同的（平民词），1名玩家拿到与之相近但不同的词语（卧底词）。<游戏流程>：1、玩家轮流描述自己的词语，但<不能>直接说出词语本身。2、描述完毕后，投票选出最像卧底的玩家。3、每轮结束后，被投票选出的玩家出局，不能再进行描述或投票。4、每轮投票结束后，如果卧底被成功找出，平民方获胜；如果卧底未被找出且卧底人数等于或超过平民人数，则卧底方获胜。你将扮演一个<玩家>，请等待你被分配到的关键词。如果你听懂了，只回答，"好的，我准备好参加游戏了"，不要输出别的信息
2024-12-13 14:01:14,730 - 3 - INFO - **********PLAYER3**********
好的，我准备好参加游戏了
2024-12-13 14:01:21,511 - 3 - INFO - **********JUDGER**********
玩家1说：这是一种陆地交通工具，主要用于长距离运输。它在同类中以其速度快、载客量大而著称。玩家2说：这是一种用于长途旅行的车辆，拥有多节车厢，可以容纳大量乘客。它在同类交通工具中以其高速行驶和较远的运输距离而闻名。相较于其他交通工具，它在速度上有着显著的优势。玩家3说：玩家4说：|| 你是第3号玩家，你的关键词是<火车>。你的回答中绝对不能包含你的关键词<火车>。这是第一轮描述，不需要分析||之前别的玩家的描述，请你描述关键词基本特征，注意，这局游戏的词语分类为<交通工具>，卧底词和平民词都属于该类，描述包括以下两点，1.他的基本特征是什么2.他在该类（交通工具）中最突出不同的特征是什么，尽量简短
2024-12-13 14:01:25,122 - 3 - INFO - **********PLAYER3**********
这是一款在铁路上运行的车辆，它由多节车厢组成，能够承载大量乘客进行长途旅行。它在该类交通工具中最为显著的特征是能够达到较高的速度，使其在同类中脱颖而出。
2024-12-13 14:02:34,015 - 3 - INFO - **********JUDGER**********
玩家1说：这是一种陆地交通工具，主要用于长距离运输。它在同类中以其速度快、载客量大而著称。玩家2说：这是一种用于长途旅行的车辆，拥有多节车厢，可以容纳大量乘客。它在同类交通工具中以其高速行驶和较远的运输距离而闻名。相较于其他交通工具，它在速度上有着显著的优势。玩家3说：这是一款在铁路上运行的车辆，它由多节车厢组成，能够承载大量乘客进行长途旅行。它在该类交通工具中最为显著的特征是能够达到较高的速度，使其在同类中脱颖而出。玩家4说：||在这个游戏中，我们需要通过分析每位玩家的描述来找出卧底。通常，平民的描述会围绕相同的词语展开，而卧底的描述可能会因为词语的不同而显得不太一致。我们需要仔细比较每个描述之间的相似性和差异性，以找出可能的卧底，注意，卧底并不会隐藏自己，他会直接描述他的词语，现在，逐一分析每个玩家的描述，注意，这局游戏的词语分类为<交通工具>，卧底词和平民词都属于该类。这是第一轮描述。
2024-12-13 14:02:44,445 - 3 - INFO - **********PLAYER3**********
玩家1、玩家2和玩家3的描述都高度一致，都在强调这种交通工具用于长距离运输，拥有多节车厢，能够容纳大量乘客，并且速度较快。这种描述与典型的火车特征相符。

玩家4的描述虽然也提到了长距离运输、多节车厢和高速行驶，但并没有像其他玩家那样强调速度和载客量，而是更多地提到了铁路上运行这一点。这可能是一个提示，表明玩家4的词语可能与火车有关，但描述的角度有所不同。

基于这些描述，玩家4的描述可能是卧底，因为他没有像其他玩家那样集中在速度和载客量上，而是提到了火车运行的环境，这可能是为了引导其他玩家注意火车这一类交通工具的普遍特征，而不是特定于某个词语。然而，这也可能是平民的一个合理描述，因此需要更多的信息或者后续的描述来进一步确认。
2024-12-13 14:02:44,447 - 3 - INFO - **********JUDGER**********
你刚刚的分析是玩家1、玩家2和玩家3的描述都高度一致，都在强调这种交通工具用于长距离运输，拥有多节车厢，能够容纳大量乘客，并且速度较快。这种描述与典型的火车特征相符。

玩家4的描述虽然也提到了长距离运输、多节车厢和高速行驶，但并没有像其他玩家那样强调速度和载客量，而是更多地提到了铁路上运行这一点。这可能是一个提示，表明玩家4的词语可能与火车有关，但描述的角度有所不同。

基于这些描述，玩家4的描述可能是卧底，因为他没有像其他玩家那样集中在速度和载客量上，而是提到了火车运行的环境，这可能是为了引导其他玩家注意火车这一类交通工具的普遍特征，而不是特定于某个词语。然而，这也可能是平民的一个合理描述，因此需要更多的信息或者后续的描述来进一步确认。|| `请根据上述分析，比较描述以找出不一致之处，注意，这局游戏的词语分类为<交通工具>，卧底词和平民词都属于该类。
2024-12-13 14:03:06,687 - 3 - INFO - **********PLAYER3**********
根据上述分析，我们可以比较描述中的一致性和不一致之处如下：

一致性：
- 所有四位玩家都提到了这种交通工具用于长距离运输。
- 都提到了拥有多节车厢，能够容纳大量乘客。
- 都提到了速度较快，或者高速行驶。

不一致之处：
- 玩家1、玩家2和玩家3的描述非常相似，都集中在速度和载客量上，这是火车的一个典型特征。
- 玩家4的描述虽然也包含了长距离运输、多节车厢和高速行驶，但并没有像其他玩家那样强调速度和载客量，而是提到了“铁路上运行”。这一点与火车作为交通工具的基本特征相符，但没有像其他玩家那样突出火车的速度和载客能力。

基于这些不一致之处，玩家4的描述可能有所不同，这可能是由于他可能是卧底，或者他选择了一种不同的描述方式。如果玩家4是卧底，他可能故意没有强调火车的速度和载客量，而是选择了其他与火车相关的特征，以避免引起怀疑。如果玩家4是平民，他的描述可能是基于他选择的词语，但表达方式与大家不同，这可能是因为他选择的词语与火车不同，但仍然属于交通工具类别。

为了进一步确认，我们需要更多的描述或者玩家的进一步推理。
2024-12-13 14:03:06,691 - 3 - INFO - **********JUDGER**********
你刚刚的分析是根据上述分析，我们可以比较描述中的一致性和不一致之处如下：

一致性：
- 所有四位玩家都提到了这种交通工具用于长距离运输。
- 都提到了拥有多节车厢，能够容纳大量乘客。
- 都提到了速度较快，或者高速行驶。

不一致之处：
- 玩家1、玩家2和玩家3的描述非常相似，都集中在速度和载客量上，这是火车的一个典型特征。
- 玩家4的描述虽然也包含了长距离运输、多节车厢和高速行驶，但并没有像其他玩家那样强调速度和载客量，而是提到了“铁路上运行”。这一点与火车作为交通工具的基本特征相符，但没有像其他玩家那样突出火车的速度和载客能力。

基于这些不一致之处，玩家4的描述可能有所不同，这可能是由于他可能是卧底，或者他选择了一种不同的描述方式。如果玩家4是卧底，他可能故意没有强调火车的速度和载客量，而是选择了其他与火车相关的特征，以避免引起怀疑。如果玩家4是平民，他的描述可能是基于他选择的词语，但表达方式与大家不同，这可能是因为他选择的词语与火车不同，但仍然属于交通工具类别。

为了进一步确认，我们需要更多的描述或者玩家的进一步推理。|| 请通过你分析的不一致之处，推断卧底身份，注意，这局游戏的词语分类为<交通工具>，卧底词和平民词都属于该类。
2024-12-13 14:03:15,656 - 3 - INFO - **********PLAYER3**********
根据分析，玩家4的描述与其他玩家的描述存在明显的不一致性。其他玩家都强调了交通工具的速度和载客量，而玩家4则提到了“铁路上运行”，这是一个与火车运行环境相关的特征，而不是火车本身的具体特征。

考虑到游戏规则和词语分类，玩家4的描述可能是在故意引导其他玩家注意到火车的运行环境，而不是火车本身的速度和载客能力。这种描述方式可能表明玩家4的词语与火车有关，但可能是卧底词，因为它没有直接与其他玩家的描述相呼应。

因此，基于描述的不一致性，玩家4很可能是卧底。其他玩家的描述都集中在火车的速度和载客量上，而玩家4选择了一个更宽泛的特征，这可能是在掩饰他实际上持有的卧底词。
2024-12-13 14:03:15,658 - 3 - INFO - **********JUDGER**********
你刚刚的推断是根据分析，玩家4的描述与其他玩家的描述存在明显的不一致性。其他玩家都强调了交通工具的速度和载客量，而玩家4则提到了“铁路上运行”，这是一个与火车运行环境相关的特征，而不是火车本身的具体特征。

考虑到游戏规则和词语分类，玩家4的描述可能是在故意引导其他玩家注意到火车的运行环境，而不是火车本身的速度和载客能力。这种描述方式可能表明玩家4的词语与火车有关，但可能是卧底词，因为它没有直接与其他玩家的描述相呼应。

因此，基于描述的不一致性，玩家4很可能是卧底。其他玩家的描述都集中在火车的速度和载客量上，而玩家4选择了一个更宽泛的特征，这可能是在掩饰他实际上持有的卧底词。|| 基于你刚刚的推断得出你的最终结论，请输出你认为的卧底，在这种情况下只需要输出编号，是1-4中的某个数字，不要输出其他信息。在这个过程不要进行任何推理，只对||以前的部分进行信息提取
2024-12-13 14:03:16,512 - 3 - INFO - **********PLAYER3**********
4
2024-12-13 14:03:56,380 - 3 - INFO - **********JUDGER**********
玩家1说：这是一种陆地交通工具，主要用于长距离运输。它在同类中以其速度快、载客量大而著称。好的，我准备好参加游戏了。玩家2说：这是一种用于长途旅行的车辆，拥有多节车厢，可以容纳大量乘客。它在同类交通工具中以其高速行驶和较远的运输距离而闻名。相较于其他交通工具，它在速度上有着显著的优势。这种交通工具的特点在于它能够在固定的轨道上高速行驶，连接远距离的城市，为乘客提供快速、稳定的旅行体验。它通常由多节车厢组成，能够同时运送大量乘客，是长距离旅行中的主要选择之一。相较于其他同类交通工具，它在速度上的优势尤为明显，尤其是在跨越广阔地域时，能够显著缩短旅行时间。玩家3说：这是一款在铁路上运行的车辆，它由多节车厢组成，能够承载大量乘客进行长途旅行。它在该类交通工具中最为显著的特征是能够达到较高的速度，使其在同类中脱颖而出。玩家4说：它是一种能够在道路上行驶的交通工具，主要用于日常出行和运输。它的最突出不同特征是它的机动性和灵活性，能够在多种路况下快速移动。你是第3号玩家，你的关键词是<火车>。你的回答中绝对不能包含你的关键词<火车>。这是第二轮描述，你之前的描述是这是一款在铁路上运行的车辆，它由多节车厢组成，能够承载大量乘客进行长途旅行。它在该类交通工具中最为显著的特征是能够达到较高的速度，使其在同类中脱颖而出。，注意，这局游戏的词语分类为<交通工具>，卧底词和平民词都属于该类，请你补充关于关键词的描述，注意，你的描述应该比起之前的描述更加贴近关键词，作为之前的补充
2024-12-13 14:03:58,869 - 3 - INFO - **********PLAYER3**********
这种交通工具以其在直线轨道上的高速行驶而闻名，它能够连接不同城市，提供长距离、高效的运输服务。它的设计使其能够在固定的轨道上平稳运行，不受地面路况的影响，这使得它成为长距离旅行的首选。
2024-12-13 14:04:48,406 - 3 - INFO - **********JUDGER**********
玩家1说：这是一种陆地交通工具，主要用于长距离运输。它在同类中以其速度快、载客量大而著称。好的，我准备好参加游戏了。玩家2说：这是一种用于长途旅行的车辆，拥有多节车厢，可以容纳大量乘客。它在同类交通工具中以其高速行驶和较远的运输距离而闻名。相较于其他交通工具，它在速度上有着显著的优势。这种交通工具的特点在于它能够在固定的轨道上高速行驶，连接远距离的城市，为乘客提供快速、稳定的旅行体验。它通常由多节车厢组成，能够同时运送大量乘客，是长距离旅行中的主要选择之一。相较于其他同类交通工具，它在速度上的优势尤为明显，尤其是在跨越广阔地域时，能够显著缩短旅行时间。玩家3说：这是一款在铁路上运行的车辆，它由多节车厢组成，能够承载大量乘客进行长途旅行。它在该类交通工具中最为显著的特征是能够达到较高的速度，使其在同类中脱颖而出。这种交通工具以其在直线轨道上的高速行驶而闻名，它能够连接不同城市，提供长距离、高效的运输服务。它的设计使其能够在固定的轨道上平稳运行，不受地面路况的影响，这使得它成为长距离旅行的首选。玩家4说：它是一种能够在道路上行驶的交通工具，主要用于日常出行和运输。它的最突出不同特征是它的机动性和灵活性，能够在多种路况下快速移动。||在这个游戏中，我们需要通过分析每位玩家的描述来找出卧底。通常，平民的描述会围绕相同的词语展开，而卧底的描述可能会因为词语的不同而显得不太一致。我们需要仔细比较每个描述之间的相似性和差异性，以找出可能的卧底，注意，卧底并不会隐藏自己，他会直接描述他的词语，现在，逐一分析每个玩家的描述，注意，这局游戏的词语分类为<交通工具>，卧底词和平民词都属于该类。||之前是第2轮描述和之前轮数描述的合集。你之前认为的卧底是玩家4。
2024-12-13 14:05:08,029 - 3 - INFO - **********PLAYER3**********
根据第二轮的描述，玩家1和玩家2的描述都非常相似，都强调了这种交通工具用于长途旅行，速度快，载客量大，并且能够在固定的轨道上高速行驶，连接远距离的城市。玩家3的描述与玩家1和玩家2的描述也非常相似，同样强调了速度和载客量，以及铁路上运行的特性。

玩家4的描述则与前三者有所不同，他描述了一种能够在道路上行驶的交通工具，强调其机动性和灵活性，能够在多种路况下快速移动。这种描述与火车作为铁路交通工具的典型特征不符，因为火车通常不被认为是灵活性和多路况适应性强的交通工具。

基于这些描述，玩家4的描述与火车这一关键词的特征不一致，因此，如果之前的推断是基于描述的不一致性来判断卧底，那么玩家4的描述提供了一个新的线索，表明他可能是卧底。因此，我之前的推断是玩家4是卧底，这个结论在第二轮描述中得到了进一步的证实。
2024-12-13 14:05:08,033 - 3 - INFO - **********JUDGER**********
你刚刚的分析是根据第二轮的描述，玩家1和玩家2的描述都非常相似，都强调了这种交通工具用于长途旅行，速度快，载客量大，并且能够在固定的轨道上高速行驶，连接远距离的城市。玩家3的描述与玩家1和玩家2的描述也非常相似，同样强调了速度和载客量，以及铁路上运行的特性。

玩家4的描述则与前三者有所不同，他描述了一种能够在道路上行驶的交通工具，强调其机动性和灵活性，能够在多种路况下快速移动。这种描述与火车作为铁路交通工具的典型特征不符，因为火车通常不被认为是灵活性和多路况适应性强的交通工具。

基于这些描述，玩家4的描述与火车这一关键词的特征不一致，因此，如果之前的推断是基于描述的不一致性来判断卧底，那么玩家4的描述提供了一个新的线索，表明他可能是卧底。因此，我之前的推断是玩家4是卧底，这个结论在第二轮描述中得到了进一步的证实。|| `请根据上述分析，比较描述以找出不一致之处，注意，这局游戏的词语分类为<交通工具>，卧底词和平民词都属于该类。
2024-12-13 14:05:17,027 - 3 - INFO - **********PLAYER3**********
根据上述分析，以下是不一致之处：

1. 玩家1、玩家2和玩家3的描述都集中在火车的典型特征上，包括长途运输、速度快、载客量大、在固定轨道上高速行驶等。

2. 玩家4的描述则描述了一种能够在道路上行驶的交通工具，强调机动性和灵活性，能够在多种路况下快速移动。

不一致之处在于：
- 玩家4的描述与火车在固定轨道上行驶的特点不符。
- 玩家4的描述更偏向于描述汽车或类似的地面交通工具，而不是火车。
- 玩家4的描述强调了机动性和灵活性，这与火车作为重型铁路交通工具的稳定性特征相矛盾。

因此，玩家4的描述在交通工具的分类中与其他玩家的描述存在显著的不一致性。
2024-12-13 14:05:17,029 - 3 - INFO - **********JUDGER**********
你刚刚的分析是根据上述分析，以下是不一致之处：

1. 玩家1、玩家2和玩家3的描述都集中在火车的典型特征上，包括长途运输、速度快、载客量大、在固定轨道上高速行驶等。

2. 玩家4的描述则描述了一种能够在道路上行驶的交通工具，强调机动性和灵活性，能够在多种路况下快速移动。

不一致之处在于：
- 玩家4的描述与火车在固定轨道上行驶的特点不符。
- 玩家4的描述更偏向于描述汽车或类似的地面交通工具，而不是火车。
- 玩家4的描述强调了机动性和灵活性，这与火车作为重型铁路交通工具的稳定性特征相矛盾。

因此，玩家4的描述在交通工具的分类中与其他玩家的描述存在显著的不一致性。|| 请通过你分析的不一致之处，推断卧底身份，注意，这局游戏的词语分类为<交通工具>，卧底词和平民词都属于该类。
2024-12-13 14:05:17,936 - 3 - INFO - **********PLAYER3**********
4
2024-12-13 14:05:17,936 - 3 - INFO - **********JUDGER**********
你刚刚的推断是4|| 基于你刚刚的推断得出你的最终结论，请输出你认为的卧底，在这种情况下只需要输出编号，是1-4中的某个数字，不要输出其他信息。在这个过程不要进行任何推理，只对||以前的部分进行信息提取
2024-12-13 14:05:19,315 - 3 - INFO - **********PLAYER3**********
4
2024-12-13 14:06:16,085 - 3 - INFO - **********JUDGER**********
玩家1说：这是一种陆地交通工具，主要用于长距离运输。它在同类中以其速度快、载客量大而著称。好的，我准备好参加游戏了。这种交通工具以其在特定轨道上运行的稳定性著称，能够承载大量乘客进行长途旅行，连接不同地区，为人们提供快速、舒适的旅行体验。它通常由多节车厢组成，能够在直线轨道上高速行驶，不受地面路况的干扰。玩家2说：这是一种用于长途旅行的车辆，拥有多节车厢，可以容纳大量乘客。它在同类交通工具中以其高速行驶和较远的运输距离而闻名。相较于其他交通工具，它在速度上有着显著的优势。这种交通工具的特点在于它能够在固定的轨道上高速行驶，连接远距离的城市，为乘客提供快速、稳定的旅行体验。它通常由多节车厢组成，能够同时运送大量乘客，是长距离旅行中的主要选择之一。相较于其他同类交通工具，它在速度上的优势尤为明显，尤其是在跨越广阔地域时，能够显著缩短旅行时间。这种交通工具以其在特定轨道上运行的稳定性著称，能够承载大量乘客进行长途旅行，连接不同地区，为人们提供快速、舒适的旅行体验。它通常由多节车厢组成，能够在直线轨道上高速行驶，不受地面路况的干扰，这使得它成为长距离旅行的首选。玩家3说：这是一款在铁路上运行的车辆，它由多节车厢组成，能够承载大量乘客进行长途旅行。它在该类交通工具中最为显著的特征是能够达到较高的速度，使其在同类中脱颖而出。这种交通工具以其在直线轨道上的高速行驶而闻名，它能够连接不同城市，提供长距离、高效的运输服务。它的设计使其能够在固定的轨道上平稳运行，不受地面路况的影响，这使得它成为长距离旅行的首选。玩家4说：它是一种能够在道路上行驶的交通工具，主要用于日常出行和运输。它的最突出不同特征是它的机动性和灵活性，能够在多种路况下快速移动。它是一种能够独立在道路上行驶的交通工具，适合用于中短距离的日常出行和运输。与公共交通工具相比，它的最大特点是无需依赖固定的轨道或路线，能够在城市中灵活穿梭。它的设计使其能够在各种路况下保持良好的行驶性能，提供了便捷和个性化的出行体验。你是第3号玩家，你的关键词是<火车>。你的回答中绝对不能包含你的关键词<火车>。这是第三轮描述，你之前的描述是这是一款在铁路上运行的车辆，它由多节车厢组成，能够承载大量乘客进行长途旅行。它在该类交通工具中最为显著的特征是能够达到较高的速度，使其在同类中脱颖而出。和这种交通工具以其在直线轨道上的高速行驶而闻名，它能够连接不同城市，提供长距离、高效的运输服务。它的设计使其能够在固定的轨道上平稳运行，不受地面路况的影响，这使得它成为长距离旅行的首选。，注意，这局游戏的词语分类为<交通工具>，卧底词和平民词都属于该类，请你补充关于关键词的描述，注意，你的描述应该比起之前的描述更加贴近关键词，作为之前的补充
2024-12-13 14:06:25,360 - 3 - INFO - **********PLAYER3**********
这种交通工具以其在特定轨道上的连续性和可靠性著称，它能够在直线轨道上保持高速行驶，不受地面路况的干扰，从而为长途旅行提供了一种高效、稳定的运输方式。它的设计确保了乘客在长途旅行中的舒适性和安全性，同时连接了不同地区，促进了人们的交流和经济发展。
2024-12-13 14:07:26,058 - 3 - INFO - **********JUDGER**********
玩家1说：这是一种陆地交通工具，主要用于长距离运输。它在同类中以其速度快、载客量大而著称。好的，我准备好参加游戏了。这种交通工具以其在特定轨道上运行的稳定性著称，能够承载大量乘客进行长途旅行，连接不同地区，为人们提供快速、舒适的旅行体验。它通常由多节车厢组成，能够在直线轨道上高速行驶，不受地面路况的干扰。玩家2说：这是一种用于长途旅行的车辆，拥有多节车厢，可以容纳大量乘客。它在同类交通工具中以其高速行驶和较远的运输距离而闻名。相较于其他交通工具，它在速度上有着显著的优势。这种交通工具的特点在于它能够在固定的轨道上高速行驶，连接远距离的城市，为乘客提供快速、稳定的旅行体验。它通常由多节车厢组成，能够同时运送大量乘客，是长距离旅行中的主要选择之一。相较于其他同类交通工具，它在速度上的优势尤为明显，尤其是在跨越广阔地域时，能够显著缩短旅行时间。这种交通工具以其在特定轨道上运行的稳定性著称，能够承载大量乘客进行长途旅行，连接不同地区，为人们提供快速、舒适的旅行体验。它通常由多节车厢组成，能够在直线轨道上高速行驶，不受地面路况的干扰，这使得它成为长距离旅行的首选。玩家3说：这是一款在铁路上运行的车辆，它由多节车厢组成，能够承载大量乘客进行长途旅行。它在该类交通工具中最为显著的特征是能够达到较高的速度，使其在同类中脱颖而出。这种交通工具以其在直线轨道上的高速行驶而闻名，它能够连接不同城市，提供长距离、高效的运输服务。它的设计使其能够在固定的轨道上平稳运行，不受地面路况的影响，这使得它成为长距离旅行的首选。这种交通工具以其在特定轨道上的连续性和可靠性著称，它能够在直线轨道上保持高速行驶，不受地面路况的干扰，从而为长途旅行提供了一种高效、稳定的运输方式。它的设计确保了乘客在长途旅行中的舒适性和安全性，同时连接了不同地区，促进了人们的交流和经济发展。玩家4说：它是一种能够在道路上行驶的交通工具，主要用于日常出行和运输。它的最突出不同特征是它的机动性和灵活性，能够在多种路况下快速移动。它是一种能够独立在道路上行驶的交通工具，适合用于中短距离的日常出行和运输。与公共交通工具相比，它的最大特点是无需依赖固定的轨道或路线，能够在城市中灵活穿梭。它的设计使其能够在各种路况下保持良好的行驶性能，提供了便捷和个性化的出行体验。这种交通工具以其独立的动力系统著称，能够在道路上自由行驶，不受固定路线的限制。它适用于城市和乡村的多种路况，能够在短时间内完成中短距离的出行。它的设计注重便捷性和效率，使得日常出行更加快速和方便。||在这个游戏中，我们需要通过分析每位玩家的描述来找出卧底。通常，平民的描述会围绕相同的词语展开，而卧底的描述可能会因为词语的不同而显得不太一致。我们需要仔细比较每个描述之间的相似性和差异性，以找出可能的卧底，注意，卧底并不会隐藏自己，他会直接描述他的词语，现在，逐一分析每个玩家的描述，注意，这局游戏的词语分类为<交通工具>，卧底词和平民词都属于该类。||之前是第3轮描述和之前轮数描述的合集。你之前认为的卧底是玩家4。
2024-12-13 14:07:31,810 - 3 - INFO - **********PLAYER3**********
玩家4的描述与其他玩家的描述存在显著的不一致性。其他玩家的描述都集中在火车作为铁路交通工具的典型特征上，如长距离运输、多节车厢、高速行驶、固定轨道等。而玩家4的描述则强调了一种能够在道路上行驶的交通工具，其特点包括机动性、灵活性、独立行驶、无需依赖固定轨道等，这与火车的特征不符。

因此，基于描述的不一致性，玩家4的描述很可能表明他是卧底。
2024-12-13 14:07:31,814 - 3 - INFO - **********JUDGER**********
你刚刚的分析是玩家4的描述与其他玩家的描述存在显著的不一致性。其他玩家的描述都集中在火车作为铁路交通工具的典型特征上，如长距离运输、多节车厢、高速行驶、固定轨道等。而玩家4的描述则强调了一种能够在道路上行驶的交通工具，其特点包括机动性、灵活性、独立行驶、无需依赖固定轨道等，这与火车的特征不符。

因此，基于描述的不一致性，玩家4的描述很可能表明他是卧底。|| `请根据上述分析，比较描述以找出不一致之处，注意，这局游戏的词语分类为<交通工具>，卧底词和平民词都属于该类。
2024-12-13 14:07:46,772 - 3 - INFO - **********PLAYER3**********
不一致之处如下：

1. 玩家1、玩家2、玩家3的描述都强调了交通工具的以下特征：
   - 长距离运输
   - 多节车厢
   - 高速行驶
   - 固定轨道
   - 连接不同地区
   - 快速、稳定的旅行体验

2. 玩家4的描述则强调了以下特征：
   - 道路上行驶
   - 日常出行和运输
   - 机动性和灵活性
   - 独立行驶
   - 无需依赖固定轨道
   - 城市中灵活穿梭
   - 短时间内完成中短距离出行
   - 便捷性和效率

不一致之处在于，玩家4的描述没有提到长距离运输、固定轨道、高速行驶等与火车相关的特征，而是描述了一种可以在道路上独立行驶的交通工具，这与火车作为铁路交通工具的定义不符。因此，玩家4的描述与其他玩家的描述在交通工具的类别和特征上存在显著差异。
2024-12-13 14:07:46,773 - 3 - INFO - **********JUDGER**********
你刚刚的分析是不一致之处如下：

1. 玩家1、玩家2、玩家3的描述都强调了交通工具的以下特征：
   - 长距离运输
   - 多节车厢
   - 高速行驶
   - 固定轨道
   - 连接不同地区
   - 快速、稳定的旅行体验

2. 玩家4的描述则强调了以下特征：
   - 道路上行驶
   - 日常出行和运输
   - 机动性和灵活性
   - 独立行驶
   - 无需依赖固定轨道
   - 城市中灵活穿梭
   - 短时间内完成中短距离出行
   - 便捷性和效率

不一致之处在于，玩家4的描述没有提到长距离运输、固定轨道、高速行驶等与火车相关的特征，而是描述了一种可以在道路上独立行驶的交通工具，这与火车作为铁路交通工具的定义不符。因此，玩家4的描述与其他玩家的描述在交通工具的类别和特征上存在显著差异。|| 请通过你分析的不一致之处，推断卧底身份，注意，这局游戏的词语分类为<交通工具>，卧底词和平民词都属于该类。
2024-12-13 14:07:48,661 - 3 - INFO - **********PLAYER3**********
4
2024-12-13 14:07:48,663 - 3 - INFO - **********JUDGER**********
你刚刚的推断是4|| 基于你刚刚的推断得出你的最终结论，请输出你认为的卧底，在这种情况下只需要输出编号，是1-4中的某个数字，不要输出其他信息。在这个过程不要进行任何推理，只对||以前的部分进行信息提取
2024-12-13 14:07:50,583 - 3 - INFO - **********PLAYER3**********
4
