2024-12-13 14:01:15,670 - 4 - INFO - **********JUDGER**********
让我们来玩一个叫做<谁是卧底>的推理游戏。基本规则：<人数>：4人。<角色分配>：每位玩家随机抽取一个词语，3名玩家拿到的词语是相同的（平民词），1名玩家拿到与之相近但不同的词语（卧底词）。<游戏流程>：1、玩家轮流描述自己的词语，但<不能>直接说出词语本身。2、描述完毕后，投票选出最像卧底的玩家。3、每轮结束后，被投票选出的玩家出局，不能再进行描述或投票。4、每轮投票结束后，如果卧底被成功找出，平民方获胜；如果卧底未被找出且卧底人数等于或超过平民人数，则卧底方获胜。你将扮演一个<玩家>，请等待你被分配到的关键词。如果你听懂了，只回答，"好的，我准备好参加游戏了"，不要输出别的信息
2024-12-13 14:01:16,634 - 4 - INFO - **********PLAYER4**********
好的，我准备好参加游戏了
2024-12-13 14:01:25,122 - 4 - INFO - **********JUDGER**********
玩家1说：这是一种陆地交通工具，主要用于长距离运输。它在同类中以其速度快、载客量大而著称。玩家2说：这是一种用于长途旅行的车辆，拥有多节车厢，可以容纳大量乘客。它在同类交通工具中以其高速行驶和较远的运输距离而闻名。相较于其他交通工具，它在速度上有着显著的优势。玩家3说：这是一款在铁路上运行的车辆，它由多节车厢组成，能够承载大量乘客进行长途旅行。它在该类交通工具中最为显著的特征是能够达到较高的速度，使其在同类中脱颖而出。玩家4说：|| 你是第4号玩家，你的关键词是<汽车>。你的回答中绝对不能包含你的关键词<汽车>。这是第一轮描述，不需要分析||之前别的玩家的描述，请你描述关键词基本特征，注意，这局游戏的词语分类为<交通工具>，卧底词和平民词都属于该类，描述包括以下两点，1.他的基本特征是什么2.他在该类（交通工具）中最突出不同的特征是什么，尽量简短
2024-12-13 14:01:27,588 - 4 - INFO - **********PLAYER4**********
它是一种能够在道路上行驶的交通工具，主要用于日常出行和运输。它的最突出不同特征是它的机动性和灵活性，能够在多种路况下快速移动。
2024-12-13 14:03:16,513 - 4 - INFO - **********JUDGER**********
玩家1说：这是一种陆地交通工具，主要用于长距离运输。它在同类中以其速度快、载客量大而著称。玩家2说：这是一种用于长途旅行的车辆，拥有多节车厢，可以容纳大量乘客。它在同类交通工具中以其高速行驶和较远的运输距离而闻名。相较于其他交通工具，它在速度上有着显著的优势。玩家3说：这是一款在铁路上运行的车辆，它由多节车厢组成，能够承载大量乘客进行长途旅行。它在该类交通工具中最为显著的特征是能够达到较高的速度，使其在同类中脱颖而出。玩家4说：||在这个游戏中，我们需要通过分析每位玩家的描述来找出卧底。通常，平民的描述会围绕相同的词语展开，而卧底的描述可能会因为词语的不同而显得不太一致。我们需要仔细比较每个描述之间的相似性和差异性，以找出可能的卧底，注意，卧底并不会隐藏自己，他会直接描述他的词语，现在，逐一分析每个玩家的描述，注意，这局游戏的词语分类为<交通工具>，卧底词和平民词都属于该类。这是第一轮描述。
2024-12-13 14:03:28,787 - 4 - INFO - **********PLAYER4**********
根据玩家们的描述，我们可以进行以下分析：

玩家1和玩家2的描述非常相似，都提到了陆地交通工具、长距离运输、速度快、载客量大等特征，这很可能是平民词，因为他们的描述高度一致。

玩家3的描述与玩家1和玩家2的描述有相似之处，也提到了铁路上运行的车辆、多节车厢、长途旅行、速度快，但没有明确提到载客量大，这可能意味着玩家3的词语与玩家1和玩家2的词语有所不同，可能是卧底。

玩家4的描述没有提供具体的词语信息，只是提醒了我们要分析描述之间的相似性和差异性，这可能是为了引导我们关注玩家3的描述，或者是一个提示，暗示玩家3可能是卧底。

综上所述，玩家3的描述与玩家1和玩家2的描述存在不一致之处，这可能表明玩家3是卧底。然而，没有足够的信息来确定玩家4是否是卧底，除非有更多的描述或游戏信息。
2024-12-13 14:03:28,788 - 4 - INFO - **********JUDGER**********
你刚刚的分析是根据玩家们的描述，我们可以进行以下分析：

玩家1和玩家2的描述非常相似，都提到了陆地交通工具、长距离运输、速度快、载客量大等特征，这很可能是平民词，因为他们的描述高度一致。

玩家3的描述与玩家1和玩家2的描述有相似之处，也提到了铁路上运行的车辆、多节车厢、长途旅行、速度快，但没有明确提到载客量大，这可能意味着玩家3的词语与玩家1和玩家2的词语有所不同，可能是卧底。

玩家4的描述没有提供具体的词语信息，只是提醒了我们要分析描述之间的相似性和差异性，这可能是为了引导我们关注玩家3的描述，或者是一个提示，暗示玩家3可能是卧底。

综上所述，玩家3的描述与玩家1和玩家2的描述存在不一致之处，这可能表明玩家3是卧底。然而，没有足够的信息来确定玩家4是否是卧底，除非有更多的描述或游戏信息。|| `请根据上述分析，比较描述以找出不一致之处，注意，这局游戏的词语分类为<交通工具>，卧底词和平民词都属于该类。
2024-12-13 14:03:39,294 - 4 - INFO - **********PLAYER4**********
根据上述分析，我们可以比较玩家们的描述来找出不一致之处：

- 玩家1和玩家2的描述都集中在陆地交通工具、长距离运输、速度快和载客量大这些特征上，这些描述非常相似，几乎可以说是重复的。这表明他们可能是持有相同平民词的玩家。

- 玩家3的描述提到了铁路上运行的车辆、多节车厢、长途旅行和速度快。这些特征与玩家1和玩家2的描述有相似之处，但是玩家3没有提到载客量大这一点。这是一个关键的不一致之处，因为玩家1和玩家2都明确提到了载客量大。

- 玩家4的描述并没有提供具体的词语信息，而是强调了分析描述之间的相似性和差异性，这可能是在提示我们注意玩家3的描述中的不一致之处。

因此，不一致之处在于玩家3没有提到“载客量大”，而玩家1和玩家2都提到了这一点。这可能是玩家3作为卧底的一个线索，因为卧底词可能与平民词有相似之处，但在某些关键特征上有所不同。
2024-12-13 14:03:39,298 - 4 - INFO - **********JUDGER**********
你刚刚的分析是根据上述分析，我们可以比较玩家们的描述来找出不一致之处：

- 玩家1和玩家2的描述都集中在陆地交通工具、长距离运输、速度快和载客量大这些特征上，这些描述非常相似，几乎可以说是重复的。这表明他们可能是持有相同平民词的玩家。

- 玩家3的描述提到了铁路上运行的车辆、多节车厢、长途旅行和速度快。这些特征与玩家1和玩家2的描述有相似之处，但是玩家3没有提到载客量大这一点。这是一个关键的不一致之处，因为玩家1和玩家2都明确提到了载客量大。

- 玩家4的描述并没有提供具体的词语信息，而是强调了分析描述之间的相似性和差异性，这可能是在提示我们注意玩家3的描述中的不一致之处。

因此，不一致之处在于玩家3没有提到“载客量大”，而玩家1和玩家2都提到了这一点。这可能是玩家3作为卧底的一个线索，因为卧底词可能与平民词有相似之处，但在某些关键特征上有所不同。|| 请通过你分析的不一致之处，推断卧底身份，注意，这局游戏的词语分类为<交通工具>，卧底词和平民词都属于该类。
2024-12-13 14:03:50,101 - 4 - INFO - **********PLAYER4**********
基于上述分析，我们可以推断卧底身份：

玩家1和玩家2的描述高度一致，都指向了陆地交通工具、长距离运输、速度快和载客量大这些特征。这些特征很可能是描述了高速铁路列车，如中国的高铁。

玩家3的描述提到了铁路上运行的车辆、多节车厢、长途旅行和速度快，但没有提到载客量大。这表明玩家3的描述与玩家1和玩家2的描述存在不一致之处。由于玩家3没有提到“载客量大”，这可能是他的词语与玩家1和玩家2的词语不同的关键特征。

在<交通工具>这个分类中，除了高速铁路列车，还有一种铁路交通工具是火车，尤其是普速火车，它们通常也有多节车厢和长途旅行的能力，但载客量可能不如高速列车。

因此，考虑到这些信息，玩家3可能是卧底，他的词语可能是“火车”，因为这是与高速铁路列车（高铁）相似但又不完全一致的词语，特别是在载客量这一点上。这样，玩家3的描述与玩家1和玩家2的描述存在差异，而玩家4的描述则是在引导我们关注这些差异。
2024-12-13 14:03:50,103 - 4 - INFO - **********JUDGER**********
你刚刚的推断是基于上述分析，我们可以推断卧底身份：

玩家1和玩家2的描述高度一致，都指向了陆地交通工具、长距离运输、速度快和载客量大这些特征。这些特征很可能是描述了高速铁路列车，如中国的高铁。

玩家3的描述提到了铁路上运行的车辆、多节车厢、长途旅行和速度快，但没有提到载客量大。这表明玩家3的描述与玩家1和玩家2的描述存在不一致之处。由于玩家3没有提到“载客量大”，这可能是他的词语与玩家1和玩家2的词语不同的关键特征。

在<交通工具>这个分类中，除了高速铁路列车，还有一种铁路交通工具是火车，尤其是普速火车，它们通常也有多节车厢和长途旅行的能力，但载客量可能不如高速列车。

因此，考虑到这些信息，玩家3可能是卧底，他的词语可能是“火车”，因为这是与高速铁路列车（高铁）相似但又不完全一致的词语，特别是在载客量这一点上。这样，玩家3的描述与玩家1和玩家2的描述存在差异，而玩家4的描述则是在引导我们关注这些差异。|| 基于你刚刚的推断得出你的最终结论，请输出你认为的卧底，在这种情况下只需要输出编号，是1-4中的某个数字，不要输出其他信息。在这个过程不要进行任何推理，只对||以前的部分进行信息提取
2024-12-13 14:03:50,713 - 4 - INFO - **********PLAYER4**********
3
2024-12-13 14:03:58,870 - 4 - INFO - **********JUDGER**********
玩家1说：这是一种陆地交通工具，主要用于长距离运输。它在同类中以其速度快、载客量大而著称。好的，我准备好参加游戏了。玩家2说：这是一种用于长途旅行的车辆，拥有多节车厢，可以容纳大量乘客。它在同类交通工具中以其高速行驶和较远的运输距离而闻名。相较于其他交通工具，它在速度上有着显著的优势。这种交通工具的特点在于它能够在固定的轨道上高速行驶，连接远距离的城市，为乘客提供快速、稳定的旅行体验。它通常由多节车厢组成，能够同时运送大量乘客，是长距离旅行中的主要选择之一。相较于其他同类交通工具，它在速度上的优势尤为明显，尤其是在跨越广阔地域时，能够显著缩短旅行时间。玩家3说：这是一款在铁路上运行的车辆，它由多节车厢组成，能够承载大量乘客进行长途旅行。它在该类交通工具中最为显著的特征是能够达到较高的速度，使其在同类中脱颖而出。这种交通工具以其在直线轨道上的高速行驶而闻名，它能够连接不同城市，提供长距离、高效的运输服务。它的设计使其能够在固定的轨道上平稳运行，不受地面路况的影响，这使得它成为长距离旅行的首选。玩家4说：它是一种能够在道路上行驶的交通工具，主要用于日常出行和运输。它的最突出不同特征是它的机动性和灵活性，能够在多种路况下快速移动。你是第4号玩家，你的关键词是<汽车>。你的回答中绝对不能包含你的关键词<汽车>。这是第二轮描述，你之前的描述是它是一种能够在道路上行驶的交通工具，主要用于日常出行和运输。它的最突出不同特征是它的机动性和灵活性，能够在多种路况下快速移动。，注意，这局游戏的词语分类为<交通工具>，卧底词和平民词都属于该类，请你补充关于关键词的描述，注意，你的描述应该比起之前的描述更加贴近关键词，作为之前的补充
2024-12-13 14:04:04,221 - 4 - INFO - **********PLAYER4**********
它是一种能够独立在道路上行驶的交通工具，适合用于中短距离的日常出行和运输。与公共交通工具相比，它的最大特点是无需依赖固定的轨道或路线，能够在城市中灵活穿梭。它的设计使其能够在各种路况下保持良好的行驶性能，提供了便捷和个性化的出行体验。
2024-12-13 14:05:19,316 - 4 - INFO - **********JUDGER**********
玩家1说：这是一种陆地交通工具，主要用于长距离运输。它在同类中以其速度快、载客量大而著称。好的，我准备好参加游戏了。玩家2说：这是一种用于长途旅行的车辆，拥有多节车厢，可以容纳大量乘客。它在同类交通工具中以其高速行驶和较远的运输距离而闻名。相较于其他交通工具，它在速度上有着显著的优势。这种交通工具的特点在于它能够在固定的轨道上高速行驶，连接远距离的城市，为乘客提供快速、稳定的旅行体验。它通常由多节车厢组成，能够同时运送大量乘客，是长距离旅行中的主要选择之一。相较于其他同类交通工具，它在速度上的优势尤为明显，尤其是在跨越广阔地域时，能够显著缩短旅行时间。玩家3说：这是一款在铁路上运行的车辆，它由多节车厢组成，能够承载大量乘客进行长途旅行。它在该类交通工具中最为显著的特征是能够达到较高的速度，使其在同类中脱颖而出。这种交通工具以其在直线轨道上的高速行驶而闻名，它能够连接不同城市，提供长距离、高效的运输服务。它的设计使其能够在固定的轨道上平稳运行，不受地面路况的影响，这使得它成为长距离旅行的首选。玩家4说：它是一种能够在道路上行驶的交通工具，主要用于日常出行和运输。它的最突出不同特征是它的机动性和灵活性，能够在多种路况下快速移动。||在这个游戏中，我们需要通过分析每位玩家的描述来找出卧底。通常，平民的描述会围绕相同的词语展开，而卧底的描述可能会因为词语的不同而显得不太一致。我们需要仔细比较每个描述之间的相似性和差异性，以找出可能的卧底，注意，卧底并不会隐藏自己，他会直接描述他的词语，现在，逐一分析每个玩家的描述，注意，这局游戏的词语分类为<交通工具>，卧底词和平民词都属于该类。||之前是第2轮描述和之前轮数描述的合集。你之前认为的卧底是玩家3。
2024-12-13 14:05:42,272 - 4 - INFO - **********PLAYER4**********
根据玩家们的第二轮描述，我们可以进行以下分析：

玩家1和玩家2的描述都非常详细，都强调了交通工具的陆地性质、用于长距离运输、多节车厢、高速行驶、连接远距离城市、稳定旅行体验以及能够同时运送大量乘客等特点。他们的描述非常相似，几乎可以说是重复的，这表明他们可能是持有相同平民词的玩家。

玩家3的描述与玩家1和玩家2的描述有相似之处，也提到了铁路上运行的车辆、多节车厢、长途旅行、高速度、直线轨道、连接城市、长距离、高效运输服务和平稳运行等特点。这些特征与玩家1和玩家2的描述高度一致，但玩家3的描述中特别强调了“直线轨道”和“不受地面路况的影响”，这可能与某些特定类型的铁路交通工具有关。

玩家4的描述提到了交通工具能够在道路上行驶，主要用于日常出行和运输，具有机动性和灵活性，能够在多种路况下快速移动。这与玩家1和玩家2的描述相比，更加侧重于日常使用和灵活性，而不是长距离运输和高速行驶。

基于这些信息，玩家3的描述虽然与玩家1和玩家2的描述非常相似，但强调了“直线轨道”和“不受地面路况的影响”，这可能是一个不一致之处，因为玩家1和玩家2的描述没有特别强调这些特征。因此，玩家3的描述可能仍然与玩家1和玩家2的描述存在细微差别，这可能是他作为卧底的一个线索。

然而，玩家4的描述与玩家1和玩家2的描述相比，更加侧重于日常出行和灵活性，这与玩家3的描述在强调长距离和高速行驶上形成对比。因此，玩家4的描述也可能与玩家1和玩家2的描述存在不一致之处。

综上所述，玩家3和玩家4的描述都可能存在不一致之处，这使得他们成为可能的卧底候选人。由于之前认为玩家3是卧底，但在新的描述中，玩家4的描述也可能指向卧底身份，因此现在需要重新评估。

考虑到玩家4的描述更加贴近关键词“汽车”的特点，而玩家3的描述虽然与高铁相似，但可能过于详细，超出了普通汽车的典型特征，因此玩家4的描述可能更符合卧底的不一致特征。

最终结论是，玩家4可能是卧底。
2024-12-13 14:05:42,276 - 4 - INFO - **********JUDGER**********
你刚刚的分析是根据玩家们的第二轮描述，我们可以进行以下分析：

玩家1和玩家2的描述都非常详细，都强调了交通工具的陆地性质、用于长距离运输、多节车厢、高速行驶、连接远距离城市、稳定旅行体验以及能够同时运送大量乘客等特点。他们的描述非常相似，几乎可以说是重复的，这表明他们可能是持有相同平民词的玩家。

玩家3的描述与玩家1和玩家2的描述有相似之处，也提到了铁路上运行的车辆、多节车厢、长途旅行、高速度、直线轨道、连接城市、长距离、高效运输服务和平稳运行等特点。这些特征与玩家1和玩家2的描述高度一致，但玩家3的描述中特别强调了“直线轨道”和“不受地面路况的影响”，这可能与某些特定类型的铁路交通工具有关。

玩家4的描述提到了交通工具能够在道路上行驶，主要用于日常出行和运输，具有机动性和灵活性，能够在多种路况下快速移动。这与玩家1和玩家2的描述相比，更加侧重于日常使用和灵活性，而不是长距离运输和高速行驶。

基于这些信息，玩家3的描述虽然与玩家1和玩家2的描述非常相似，但强调了“直线轨道”和“不受地面路况的影响”，这可能是一个不一致之处，因为玩家1和玩家2的描述没有特别强调这些特征。因此，玩家3的描述可能仍然与玩家1和玩家2的描述存在细微差别，这可能是他作为卧底的一个线索。

然而，玩家4的描述与玩家1和玩家2的描述相比，更加侧重于日常出行和灵活性，这与玩家3的描述在强调长距离和高速行驶上形成对比。因此，玩家4的描述也可能与玩家1和玩家2的描述存在不一致之处。

综上所述，玩家3和玩家4的描述都可能存在不一致之处，这使得他们成为可能的卧底候选人。由于之前认为玩家3是卧底，但在新的描述中，玩家4的描述也可能指向卧底身份，因此现在需要重新评估。

考虑到玩家4的描述更加贴近关键词“汽车”的特点，而玩家3的描述虽然与高铁相似，但可能过于详细，超出了普通汽车的典型特征，因此玩家4的描述可能更符合卧底的不一致特征。

最终结论是，玩家4可能是卧底。|| `请根据上述分析，比较描述以找出不一致之处，注意，这局游戏的词语分类为<交通工具>，卧底词和平民词都属于该类。
2024-12-13 14:05:55,764 - 4 - INFO - **********PLAYER4**********
根据上述分析，我们可以比较描述以找出不一致之处：

1. 玩家1和玩家2的描述非常相似，都强调了交通工具的陆地性质、长距离运输、多节车厢、高速行驶、连接远距离城市、稳定旅行体验以及能够同时运送大量乘客等特点。他们的描述几乎可以视为重复，这表明他们可能持有相同的平民词。

2. 玩家3的描述与玩家1和玩家2的描述相似，但特别强调了“直线轨道”和“不受地面路况的影响”。这些特征更符合高速铁路（如高铁）的特点，而不是普通汽车。

3. 玩家4的描述与玩家1和玩家2的描述相比，更加侧重于日常出行和灵活性，提到的是机动性和灵活性，能够在多种路况下快速移动。这与玩家1和玩家2描述的长距离、高速和大量乘客的特点形成对比。

不一致之处在于：
- 玩家3的描述中提到的“直线轨道”和“不受地面路况的影响”与玩家1和玩家2的描述中未强调的这些特征不符。
- 玩家4的描述与玩家1和玩家2的描述在用途和特点上存在显著差异，更加侧重于日常出行和灵活性。

因此，不一致之处可能在于玩家3和玩家4的描述，这使他们成为可能的卧底候选人。
2024-12-13 14:05:55,765 - 4 - INFO - **********JUDGER**********
你刚刚的分析是根据上述分析，我们可以比较描述以找出不一致之处：

1. 玩家1和玩家2的描述非常相似，都强调了交通工具的陆地性质、长距离运输、多节车厢、高速行驶、连接远距离城市、稳定旅行体验以及能够同时运送大量乘客等特点。他们的描述几乎可以视为重复，这表明他们可能持有相同的平民词。

2. 玩家3的描述与玩家1和玩家2的描述相似，但特别强调了“直线轨道”和“不受地面路况的影响”。这些特征更符合高速铁路（如高铁）的特点，而不是普通汽车。

3. 玩家4的描述与玩家1和玩家2的描述相比，更加侧重于日常出行和灵活性，提到的是机动性和灵活性，能够在多种路况下快速移动。这与玩家1和玩家2描述的长距离、高速和大量乘客的特点形成对比。

不一致之处在于：
- 玩家3的描述中提到的“直线轨道”和“不受地面路况的影响”与玩家1和玩家2的描述中未强调的这些特征不符。
- 玩家4的描述与玩家1和玩家2的描述在用途和特点上存在显著差异，更加侧重于日常出行和灵活性。

因此，不一致之处可能在于玩家3和玩家4的描述，这使他们成为可能的卧底候选人。|| 请通过你分析的不一致之处，推断卧底身份，注意，这局游戏的词语分类为<交通工具>，卧底词和平民词都属于该类。
2024-12-13 14:06:07,247 - 4 - INFO - **********PLAYER4**********
基于分析的不一致之处，我们可以推断卧底身份：

- 玩家3的描述中提到的“直线轨道”和“不受地面路况的影响”与玩家1和玩家2的描述不符，这可能表明玩家3的词语与高铁相关，而玩家1和玩家2的词语可能是其他类型的陆地交通工具，如长途汽车。

- 玩家4的描述侧重于日常出行和灵活性，这与玩家1和玩家2描述的长距离、高速和大量乘客的特点不一致。玩家4的描述更符合汽车的特点，而不是高铁或其他类似的长途交通工具。

因此，考虑到这些不一致之处，玩家4的描述与玩家1和玩家2的描述存在显著差异，且更贴近汽车这一关键词，我们可以推断玩家4是卧底。
2024-12-13 14:06:07,248 - 4 - INFO - **********JUDGER**********
你刚刚的推断是基于分析的不一致之处，我们可以推断卧底身份：

- 玩家3的描述中提到的“直线轨道”和“不受地面路况的影响”与玩家1和玩家2的描述不符，这可能表明玩家3的词语与高铁相关，而玩家1和玩家2的词语可能是其他类型的陆地交通工具，如长途汽车。

- 玩家4的描述侧重于日常出行和灵活性，这与玩家1和玩家2描述的长距离、高速和大量乘客的特点不一致。玩家4的描述更符合汽车的特点，而不是高铁或其他类似的长途交通工具。

因此，考虑到这些不一致之处，玩家4的描述与玩家1和玩家2的描述存在显著差异，且更贴近汽车这一关键词，我们可以推断玩家4是卧底。|| 基于你刚刚的推断得出你的最终结论，请输出你认为的卧底，在这种情况下只需要输出编号，是1-4中的某个数字，不要输出其他信息。在这个过程不要进行任何推理，只对||以前的部分进行信息提取
2024-12-13 14:06:09,183 - 4 - INFO - **********PLAYER4**********
4
2024-12-13 14:06:25,361 - 4 - INFO - **********JUDGER**********
玩家1说：这是一种陆地交通工具，主要用于长距离运输。它在同类中以其速度快、载客量大而著称。好的，我准备好参加游戏了。这种交通工具以其在特定轨道上运行的稳定性著称，能够承载大量乘客进行长途旅行，连接不同地区，为人们提供快速、舒适的旅行体验。它通常由多节车厢组成，能够在直线轨道上高速行驶，不受地面路况的干扰。玩家2说：这是一种用于长途旅行的车辆，拥有多节车厢，可以容纳大量乘客。它在同类交通工具中以其高速行驶和较远的运输距离而闻名。相较于其他交通工具，它在速度上有着显著的优势。这种交通工具的特点在于它能够在固定的轨道上高速行驶，连接远距离的城市，为乘客提供快速、稳定的旅行体验。它通常由多节车厢组成，能够同时运送大量乘客，是长距离旅行中的主要选择之一。相较于其他同类交通工具，它在速度上的优势尤为明显，尤其是在跨越广阔地域时，能够显著缩短旅行时间。这种交通工具以其在特定轨道上运行的稳定性著称，能够承载大量乘客进行长途旅行，连接不同地区，为人们提供快速、舒适的旅行体验。它通常由多节车厢组成，能够在直线轨道上高速行驶，不受地面路况的干扰，这使得它成为长距离旅行的首选。玩家3说：这是一款在铁路上运行的车辆，它由多节车厢组成，能够承载大量乘客进行长途旅行。它在该类交通工具中最为显著的特征是能够达到较高的速度，使其在同类中脱颖而出。这种交通工具以其在直线轨道上的高速行驶而闻名，它能够连接不同城市，提供长距离、高效的运输服务。它的设计使其能够在固定的轨道上平稳运行，不受地面路况的影响，这使得它成为长距离旅行的首选。这种交通工具以其在特定轨道上的连续性和可靠性著称，它能够在直线轨道上保持高速行驶，不受地面路况的干扰，从而为长途旅行提供了一种高效、稳定的运输方式。它的设计确保了乘客在长途旅行中的舒适性和安全性，同时连接了不同地区，促进了人们的交流和经济发展。玩家4说：它是一种能够在道路上行驶的交通工具，主要用于日常出行和运输。它的最突出不同特征是它的机动性和灵活性，能够在多种路况下快速移动。它是一种能够独立在道路上行驶的交通工具，适合用于中短距离的日常出行和运输。与公共交通工具相比，它的最大特点是无需依赖固定的轨道或路线，能够在城市中灵活穿梭。它的设计使其能够在各种路况下保持良好的行驶性能，提供了便捷和个性化的出行体验。你是第4号玩家，你的关键词是<汽车>。你的回答中绝对不能包含你的关键词<汽车>。这是第三轮描述，你之前的描述是它是一种能够在道路上行驶的交通工具，主要用于日常出行和运输。它的最突出不同特征是它的机动性和灵活性，能够在多种路况下快速移动。和它是一种能够独立在道路上行驶的交通工具，适合用于中短距离的日常出行和运输。与公共交通工具相比，它的最大特点是无需依赖固定的轨道或路线，能够在城市中灵活穿梭。它的设计使其能够在各种路况下保持良好的行驶性能，提供了便捷和个性化的出行体验。，注意，这局游戏的词语分类为<交通工具>，卧底词和平民词都属于该类，请你补充关于关键词的描述，注意，你的描述应该比起之前的描述更加贴近关键词，作为之前的补充
2024-12-13 14:06:30,991 - 4 - INFO - **********PLAYER4**********
这种交通工具以其独立的动力系统著称，能够在道路上自由行驶，不受固定路线的限制。它适用于城市和乡村的多种路况，能够在短时间内完成中短距离的出行。它的设计注重便捷性和效率，使得日常出行更加快速和方便。
2024-12-13 14:07:50,584 - 4 - INFO - **********JUDGER**********
玩家1说：这是一种陆地交通工具，主要用于长距离运输。它在同类中以其速度快、载客量大而著称。好的，我准备好参加游戏了。这种交通工具以其在特定轨道上运行的稳定性著称，能够承载大量乘客进行长途旅行，连接不同地区，为人们提供快速、舒适的旅行体验。它通常由多节车厢组成，能够在直线轨道上高速行驶，不受地面路况的干扰。玩家2说：这是一种用于长途旅行的车辆，拥有多节车厢，可以容纳大量乘客。它在同类交通工具中以其高速行驶和较远的运输距离而闻名。相较于其他交通工具，它在速度上有着显著的优势。这种交通工具的特点在于它能够在固定的轨道上高速行驶，连接远距离的城市，为乘客提供快速、稳定的旅行体验。它通常由多节车厢组成，能够同时运送大量乘客，是长距离旅行中的主要选择之一。相较于其他同类交通工具，它在速度上的优势尤为明显，尤其是在跨越广阔地域时，能够显著缩短旅行时间。这种交通工具以其在特定轨道上运行的稳定性著称，能够承载大量乘客进行长途旅行，连接不同地区，为人们提供快速、舒适的旅行体验。它通常由多节车厢组成，能够在直线轨道上高速行驶，不受地面路况的干扰，这使得它成为长距离旅行的首选。玩家3说：这是一款在铁路上运行的车辆，它由多节车厢组成，能够承载大量乘客进行长途旅行。它在该类交通工具中最为显著的特征是能够达到较高的速度，使其在同类中脱颖而出。这种交通工具以其在直线轨道上的高速行驶而闻名，它能够连接不同城市，提供长距离、高效的运输服务。它的设计使其能够在固定的轨道上平稳运行，不受地面路况的影响，这使得它成为长距离旅行的首选。这种交通工具以其在特定轨道上的连续性和可靠性著称，它能够在直线轨道上保持高速行驶，不受地面路况的干扰，从而为长途旅行提供了一种高效、稳定的运输方式。它的设计确保了乘客在长途旅行中的舒适性和安全性，同时连接了不同地区，促进了人们的交流和经济发展。玩家4说：它是一种能够在道路上行驶的交通工具，主要用于日常出行和运输。它的最突出不同特征是它的机动性和灵活性，能够在多种路况下快速移动。它是一种能够独立在道路上行驶的交通工具，适合用于中短距离的日常出行和运输。与公共交通工具相比，它的最大特点是无需依赖固定的轨道或路线，能够在城市中灵活穿梭。它的设计使其能够在各种路况下保持良好的行驶性能，提供了便捷和个性化的出行体验。这种交通工具以其独立的动力系统著称，能够在道路上自由行驶，不受固定路线的限制。它适用于城市和乡村的多种路况，能够在短时间内完成中短距离的出行。它的设计注重便捷性和效率，使得日常出行更加快速和方便。||在这个游戏中，我们需要通过分析每位玩家的描述来找出卧底。通常，平民的描述会围绕相同的词语展开，而卧底的描述可能会因为词语的不同而显得不太一致。我们需要仔细比较每个描述之间的相似性和差异性，以找出可能的卧底，注意，卧底并不会隐藏自己，他会直接描述他的词语，现在，逐一分析每个玩家的描述，注意，这局游戏的词语分类为<交通工具>，卧底词和平民词都属于该类。||之前是第3轮描述和之前轮数描述的合集。你之前认为的卧底是玩家4。
2024-12-13 14:08:15,717 - 4 - INFO - **********PLAYER4**********
根据玩家们的第三轮描述，我们可以进行以下分析：

玩家1和玩家2的描述非常相似，都强调了交通工具的陆地性质、用于长距离运输、多节车厢、高速行驶、连接远距离城市、稳定旅行体验、承载大量乘客以及不受地面路况干扰等特点。他们的描述几乎可以视为重复，这表明他们可能是持有相同平民词的玩家。

玩家3的描述与玩家1和玩家2的描述相似，同样提到了铁路上运行的车辆、多节车厢、长途旅行、高速度、直线轨道、连接城市、长距离、高效运输服务、平稳运行、连续性和可靠性、舒适性和安全性等特点。这些特征与玩家1和玩家2的描述高度一致，但玩家3的描述中特别强调了“连续性和可靠性”以及“不受地面路况的影响”，这可能是一个不一致之处。

玩家4的描述提到了交通工具能够在道路上行驶，主要用于日常出行和运输，具有机动性和灵活性，能够在多种路况下快速移动。与玩家1和玩家2的描述相比，玩家4的描述更加侧重于日常使用和灵活性，而不是长距离运输和高速行驶。

基于这些信息，玩家3的描述虽然与玩家1和玩家2的描述非常相似，但强调了“连续性和可靠性”和“不受地面路况的影响”，这可能是一个不一致之处，因为玩家1和玩家2的描述没有特别强调这些特征。因此，玩家3的描述可能仍然与玩家1和玩家2的描述存在细微差别，这可能是他作为卧底的一个线索。

然而，玩家4的描述与玩家1和玩家2的描述相比，更加侧重于日常出行和灵活性，这与玩家3的描述在强调长距离和高速行驶上形成对比。因此，玩家4的描述也可能与玩家1和玩家2的描述存在不一致之处。

综上所述，玩家3和玩家4的描述都可能存在不一致之处，这使得他们成为可能的卧底候选人。由于之前认为玩家4是卧底，但在新的描述中，玩家3的描述也可能指向卧底身份，因此现在需要重新评估。

考虑到玩家4的描述更加贴近关键词“汽车”的特点，而玩家3的描述虽然与高铁相似，但可能过于详细，超出了普通汽车的典型特征，因此玩家4的描述可能更符合卧底的不一致特征。

最终结论是，玩家4可能是卧底。
2024-12-13 14:08:15,719 - 4 - INFO - **********JUDGER**********
你刚刚的分析是根据玩家们的第三轮描述，我们可以进行以下分析：

玩家1和玩家2的描述非常相似，都强调了交通工具的陆地性质、用于长距离运输、多节车厢、高速行驶、连接远距离城市、稳定旅行体验、承载大量乘客以及不受地面路况干扰等特点。他们的描述几乎可以视为重复，这表明他们可能是持有相同平民词的玩家。

玩家3的描述与玩家1和玩家2的描述相似，同样提到了铁路上运行的车辆、多节车厢、长途旅行、高速度、直线轨道、连接城市、长距离、高效运输服务、平稳运行、连续性和可靠性、舒适性和安全性等特点。这些特征与玩家1和玩家2的描述高度一致，但玩家3的描述中特别强调了“连续性和可靠性”以及“不受地面路况的影响”，这可能是一个不一致之处。

玩家4的描述提到了交通工具能够在道路上行驶，主要用于日常出行和运输，具有机动性和灵活性，能够在多种路况下快速移动。与玩家1和玩家2的描述相比，玩家4的描述更加侧重于日常使用和灵活性，而不是长距离运输和高速行驶。

基于这些信息，玩家3的描述虽然与玩家1和玩家2的描述非常相似，但强调了“连续性和可靠性”和“不受地面路况的影响”，这可能是一个不一致之处，因为玩家1和玩家2的描述没有特别强调这些特征。因此，玩家3的描述可能仍然与玩家1和玩家2的描述存在细微差别，这可能是他作为卧底的一个线索。

然而，玩家4的描述与玩家1和玩家2的描述相比，更加侧重于日常出行和灵活性，这与玩家3的描述在强调长距离和高速行驶上形成对比。因此，玩家4的描述也可能与玩家1和玩家2的描述存在不一致之处。

综上所述，玩家3和玩家4的描述都可能存在不一致之处，这使得他们成为可能的卧底候选人。由于之前认为玩家4是卧底，但在新的描述中，玩家3的描述也可能指向卧底身份，因此现在需要重新评估。

考虑到玩家4的描述更加贴近关键词“汽车”的特点，而玩家3的描述虽然与高铁相似，但可能过于详细，超出了普通汽车的典型特征，因此玩家4的描述可能更符合卧底的不一致特征。

最终结论是，玩家4可能是卧底。|| `请根据上述分析，比较描述以找出不一致之处，注意，这局游戏的词语分类为<交通工具>，卧底词和平民词都属于该类。
2024-12-13 14:08:26,728 - 4 - INFO - **********PLAYER4**********
根据上述分析，不一致之处如下：

1. 玩家1和玩家2的描述非常相似，都集中在长距离运输、高速、多节车厢、连接城市、稳定性、承载大量乘客等特征上。

2. 玩家3的描述与玩家1和玩家2相似，但特别强调了“连续性和可靠性”以及“不受地面路况的影响”。这些特征在玩家1和玩家2的描述中没有明确提及。

3. 玩家4的描述与玩家1和玩家2的描述相比，更加侧重于日常出行、机动性、灵活性、快速移动、不受固定路线限制等特点，而不是长距离运输和高速行驶。

不一致之处在于玩家3和玩家4的描述与玩家1和玩家2的描述在重点特征上存在差异。玩家3的描述可能过于详细，超出了普通汽车的典型特征，而玩家4的描述则与汽车的特点更为契合。因此，玩家3和玩家4的描述可能与玩家1和玩家2的描述不一致。
2024-12-13 14:08:26,731 - 4 - INFO - **********JUDGER**********
你刚刚的分析是根据上述分析，不一致之处如下：

1. 玩家1和玩家2的描述非常相似，都集中在长距离运输、高速、多节车厢、连接城市、稳定性、承载大量乘客等特征上。

2. 玩家3的描述与玩家1和玩家2相似，但特别强调了“连续性和可靠性”以及“不受地面路况的影响”。这些特征在玩家1和玩家2的描述中没有明确提及。

3. 玩家4的描述与玩家1和玩家2的描述相比，更加侧重于日常出行、机动性、灵活性、快速移动、不受固定路线限制等特点，而不是长距离运输和高速行驶。

不一致之处在于玩家3和玩家4的描述与玩家1和玩家2的描述在重点特征上存在差异。玩家3的描述可能过于详细，超出了普通汽车的典型特征，而玩家4的描述则与汽车的特点更为契合。因此，玩家3和玩家4的描述可能与玩家1和玩家2的描述不一致。|| 请通过你分析的不一致之处，推断卧底身份，注意，这局游戏的词语分类为<交通工具>，卧底词和平民词都属于该类。
2024-12-13 14:08:34,404 - 4 - INFO - **********PLAYER4**********
基于分析的不一致之处，我们可以推断卧底身份：

- 玩家3的描述虽然与玩家1和玩家2的描述相似，但强调了“连续性和可靠性”以及“不受地面路况的影响”，这些特征更倾向于描述高速铁路或地铁等固定轨道的交通工具，而不是汽车。

- 玩家4的描述侧重于日常出行、机动性、灵活性、快速移动、不受固定路线限制等特点，这与汽车的典型特征更为吻合。

因此，考虑到这些不一致之处，玩家4的描述与玩家1和玩家2的描述存在显著差异，且更贴近汽车这一关键词，我们可以推断玩家4是卧底。
2024-12-13 14:08:34,408 - 4 - INFO - **********JUDGER**********
你刚刚的推断是基于分析的不一致之处，我们可以推断卧底身份：

- 玩家3的描述虽然与玩家1和玩家2的描述相似，但强调了“连续性和可靠性”以及“不受地面路况的影响”，这些特征更倾向于描述高速铁路或地铁等固定轨道的交通工具，而不是汽车。

- 玩家4的描述侧重于日常出行、机动性、灵活性、快速移动、不受固定路线限制等特点，这与汽车的典型特征更为吻合。

因此，考虑到这些不一致之处，玩家4的描述与玩家1和玩家2的描述存在显著差异，且更贴近汽车这一关键词，我们可以推断玩家4是卧底。|| 基于你刚刚的推断得出你的最终结论，请输出你认为的卧底，在这种情况下只需要输出编号，是1-4中的某个数字，不要输出其他信息。在这个过程不要进行任何推理，只对||以前的部分进行信息提取
2024-12-13 14:08:35,957 - 4 - INFO - **********PLAYER4**********
4
2024-12-13 14:08:35,959 - 4 - INFO - **********JUDGER**********
你认为卧底是你自己。你现在需要随便选一个人投票。请输出一个数字，是1-4中的某个数字，但这个数字不能是4，不要输出其他信息。
2024-12-13 14:08:37,965 - 4 - INFO - **********PLAYER4**********
1
