2024-12-13 14:49:36,902 - 1 - INFO - **********JUDGER**********
让我们来玩一个叫做<谁是卧底>的推理游戏。基本规则：<人数>：4人。<角色分配>：每位玩家随机抽取一个词语，3名玩家拿到的词语是相同的（平民词），1名玩家拿到与之相近但不同的词语（卧底词）。<游戏流程>：1、玩家轮流描述自己的词语，但<不能>直接说出词语本身。2、描述完毕后，投票选出最像卧底的玩家。3、每轮结束后，被投票选出的玩家出局，不能再进行描述或投票。4、每轮投票结束后，如果卧底被成功找出，平民方获胜；如果卧底未被找出且卧底人数等于或超过平民人数，则卧底方获胜。你将扮演一个<玩家>，请等待你被分配到的关键词。如果你听懂了，只回答，"好的，我准备好参加游戏了"，不要输出别的信息
2024-12-13 14:49:37,395 - 1 - INFO - **********PLAYER1**********
好的，我准备好参加游戏了
2024-12-13 14:49:43,709 - 1 - INFO - **********JUDGER**********
玩家1说：玩家2说：玩家3说：玩家4说：|| 你是第1号玩家，你的关键词是<苹果>。你的回答中绝对不能包含你的关键词<苹果>。这是第一轮描述，不需要分析||之前别的玩家的描述，请你描述关键词基本特征，注意，这局游戏的词语分类为<水果>，卧底词和平民词都属于该类，描述包括以下两点，1.他的基本特征是什么2.他在该类（水果）中最突出不同的特征是什么，尽量简短
2024-12-13 14:49:44,751 - 1 - INFO - **********PLAYER1**********
这个水果颜色鲜艳，通常呈红色或绿色。在水果类中，它特别适合作为礼物。
2024-12-13 14:49:51,081 - 1 - INFO - **********JUDGER**********
玩家1说：这个水果颜色鲜艳，通常呈红色或绿色。在水果类中，它特别适合作为礼物。玩家2说：这个水果皮薄多汁，味道甜美，是常见的送礼佳品。它在同类水果中以其独特的形状和色泽最为引人注目。玩家3说：这个水果外表光滑，通常有红、黄、绿等多种颜色。它在同类水果中以其脆甜多汁而闻名，是送礼时受欢迎的选择。玩家4说：||在这个游戏中，我们需要通过分析每位玩家的描述来找出卧底。通常，平民的描述会围绕相同的词语展开，而卧底的描述可能会因为词语的不同而显得不太一致。我们需要仔细比较每个描述之间的相似性和差异性，以找出可能的卧底，注意，卧底并不会隐藏自己，他会直接描述他的词语，现在，逐一分析每个玩家的描述，注意，这局游戏的词语分类为<水果>，卧底词和平民词都属于该类。这是第一轮描述。
2024-12-13 14:49:54,476 - 1 - INFO - **********PLAYER1**********
玩家1、玩家2和玩家3的描述都指向了同一类水果，即苹果，他们的描述中提到了颜色、形状、味道和用途，这些都是苹果的特征。而玩家4的描述并没有具体指向苹果，而是强调了游戏规则和描述分析的方法，这可能意味着玩家4是卧底，因为他没有像其他玩家那样描述一个具体的水果特征。不过，这只是基于描述内容的一个初步判断，最终还需要通过投票来确定。
2024-12-13 14:49:54,477 - 1 - INFO - **********JUDGER**********
你刚刚的分析是玩家1、玩家2和玩家3的描述都指向了同一类水果，即苹果，他们的描述中提到了颜色、形状、味道和用途，这些都是苹果的特征。而玩家4的描述并没有具体指向苹果，而是强调了游戏规则和描述分析的方法，这可能意味着玩家4是卧底，因为他没有像其他玩家那样描述一个具体的水果特征。不过，这只是基于描述内容的一个初步判断，最终还需要通过投票来确定。|| `请根据上述分析，比较描述以找出不一致之处，注意，这局游戏的词语分类为<水果>，卧底词和平民词都属于该类。
2024-12-13 14:50:04,138 - 1 - INFO - **********PLAYER1**********
根据上述分析，我们可以比较描述中的一致性和不一致性如下：

1. **颜色描述**：玩家1、玩家2和玩家3都提到了红色或绿色，这是苹果的常见颜色。玩家4没有提到颜色。

2. **形状描述**：玩家2特别提到了苹果的形状，但玩家1和玩家3没有详细描述形状。玩家4没有提到形状。

3. **味道描述**：玩家2和玩家3都提到了味道甜美，而玩家1没有明确提到味道。玩家4没有提到味道。

4. **用途描述**：玩家1和玩家2都提到了苹果适合作为礼物，玩家3也提到了这一点。玩家4没有提到用途。

5. **独特特征描述**：玩家1提到了苹果特别适合作为礼物，玩家2提到了苹果的独特形状和色泽，玩家3提到了苹果的脆甜多汁。玩家4没有提到苹果的独特特征。

不一致之处在于：
- 玩家4的描述主要集中在游戏规则和策略上，而没有提供关于水果的具体特征。
- 玩家4的描述缺乏对水果颜色、形状、味道和用途的具体描述，这些是玩家1、玩家2和玩家3描述中的共同点。

基于这些不一致之处，玩家4的描述与玩家1、玩家2和玩家3的描述在内容上存在显著差异，这可能是卧底行为的迹象。然而，最终是否投票给玩家4还需要考虑整个描述的连贯性和其他可能的线索。
2024-12-13 14:50:04,140 - 1 - INFO - **********JUDGER**********
你刚刚的分析是根据上述分析，我们可以比较描述中的一致性和不一致性如下：

1. **颜色描述**：玩家1、玩家2和玩家3都提到了红色或绿色，这是苹果的常见颜色。玩家4没有提到颜色。

2. **形状描述**：玩家2特别提到了苹果的形状，但玩家1和玩家3没有详细描述形状。玩家4没有提到形状。

3. **味道描述**：玩家2和玩家3都提到了味道甜美，而玩家1没有明确提到味道。玩家4没有提到味道。

4. **用途描述**：玩家1和玩家2都提到了苹果适合作为礼物，玩家3也提到了这一点。玩家4没有提到用途。

5. **独特特征描述**：玩家1提到了苹果特别适合作为礼物，玩家2提到了苹果的独特形状和色泽，玩家3提到了苹果的脆甜多汁。玩家4没有提到苹果的独特特征。

不一致之处在于：
- 玩家4的描述主要集中在游戏规则和策略上，而没有提供关于水果的具体特征。
- 玩家4的描述缺乏对水果颜色、形状、味道和用途的具体描述，这些是玩家1、玩家2和玩家3描述中的共同点。

基于这些不一致之处，玩家4的描述与玩家1、玩家2和玩家3的描述在内容上存在显著差异，这可能是卧底行为的迹象。然而，最终是否投票给玩家4还需要考虑整个描述的连贯性和其他可能的线索。|| 请通过你分析的不一致之处，推断卧底身份，注意，这局游戏的词语分类为<水果>，卧底词和平民词都属于该类。
2024-12-13 14:50:10,172 - 1 - INFO - **********PLAYER1**********
基于上述分析的不一致之处，以下是我的推断：

1. 玩家4的描述与玩家1、玩家2和玩家3的描述在内容上显著不同，没有提到任何与水果相关的具体特征，如颜色、形状、味道或用途。

2. 玩家4的描述更偏向于游戏策略和规则的分析，而不是对水果特征的描述，这与其他玩家围绕苹果特征的描述形成了对比。

3. 在这个游戏中，卧底通常会选择一个与平民词相近但不同的词语。玩家4的描述没有指向任何特定的水果，这可能意味着他选择的词语与苹果相近，但不是苹果。

综合以上点，玩家4的描述与游戏的其他玩家不一致，且没有提供任何与苹果相关的具体特征，这强烈暗示了玩家4可能是卧底。因此，根据这些不一致之处，我推断玩家4是卧底。
2024-12-13 14:50:10,173 - 1 - INFO - **********JUDGER**********
你刚刚的推断是基于上述分析的不一致之处，以下是我的推断：

1. 玩家4的描述与玩家1、玩家2和玩家3的描述在内容上显著不同，没有提到任何与水果相关的具体特征，如颜色、形状、味道或用途。

2. 玩家4的描述更偏向于游戏策略和规则的分析，而不是对水果特征的描述，这与其他玩家围绕苹果特征的描述形成了对比。

3. 在这个游戏中，卧底通常会选择一个与平民词相近但不同的词语。玩家4的描述没有指向任何特定的水果，这可能意味着他选择的词语与苹果相近，但不是苹果。

综合以上点，玩家4的描述与游戏的其他玩家不一致，且没有提供任何与苹果相关的具体特征，这强烈暗示了玩家4可能是卧底。因此，根据这些不一致之处，我推断玩家4是卧底。|| 基于你刚刚的推断得出你的最终结论，请输出你认为的卧底，在这种情况下只需要输出编号，是1-4中的某个数字，不要输出其他信息。在这个过程不要进行任何推理，只对||以前的部分进行信息提取
2024-12-13 14:50:10,827 - 1 - INFO - **********PLAYER1**********
4
2024-12-13 14:51:23,876 - 1 - INFO - **********JUDGER**********
玩家1说：这个水果颜色鲜艳，通常呈红色或绿色。在水果类中，它特别适合作为礼物。玩家2说：这个水果皮薄多汁，味道甜美，是常见的送礼佳品。它在同类水果中以其独特的形状和色泽最为引人注目。玩家3说：这个水果外表光滑，通常有红、黄、绿等多种颜色。它在同类水果中以其脆甜多汁而闻名，是送礼时受欢迎的选择。玩家4说：这个水果成熟时颜色多样，有红、黄、绿等，形状独特，果实大而重。在同类水果中，它因其强烈的气味和独特的口感而与众不同。你是第1号玩家，你的关键词是<苹果>。你的回答中绝对不能包含你的关键词<苹果>。这是第二轮描述，你之前的描述是这个水果颜色鲜艳，通常呈红色或绿色。在水果类中，它特别适合作为礼物。，注意，这局游戏的词语分类为<水果>，卧底词和平民词都属于该类，请你补充关于关键词的描述，注意，你的描述应该比起之前的描述更加贴近关键词，作为之前的补充
2024-12-13 14:51:25,852 - 1 - INFO - **********PLAYER1**********
这个水果有着清新的香气，质地脆硬，汁水丰富，是水果中的佳品。它在同类水果中以其耐储存和便于携带而受到喜爱。
2024-12-13 14:51:36,820 - 1 - INFO - **********JUDGER**********
玩家1说：这个水果颜色鲜艳，通常呈红色或绿色。在水果类中，它特别适合作为礼物。这个水果有着清新的香气，质地脆硬，汁水丰富，是水果中的佳品。它在同类水果中以其耐储存和便于携带而受到喜爱。玩家2说：这个水果皮薄多汁，味道甜美，是常见的送礼佳品。它在同类水果中以其独特的形状和色泽最为引人注目。这个水果的核位于中心，口感脆爽，富含果汁，成熟时色泽鲜艳，既可作为食用也可作为装饰。它在水果中以其季节性和营养价值而受到青睐。玩家3说：这个水果外表光滑，通常有红、黄、绿等多种颜色。它在同类水果中以其脆甜多汁而闻名，是送礼时受欢迎的选择。这个水果有着明显的季节性，成熟时香气浓郁，口感脆甜，汁水丰富。它的核较小，便于食用，且因其便于储存和携带，常作为礼物送给亲朋好友。玩家4说：这个水果成熟时颜色多样，有红、黄、绿等，形状独特，果实大而重。在同类水果中，它因其强烈的气味和独特的口感而与众不同。||在这个游戏中，我们需要通过分析每位玩家的描述来找出卧底。通常，平民的描述会围绕相同的词语展开，而卧底的描述可能会因为词语的不同而显得不太一致。我们需要仔细比较每个描述之间的相似性和差异性，以找出可能的卧底，注意，卧底并不会隐藏自己，他会直接描述他的词语，现在，逐一分析每个玩家的描述，注意，这局游戏的词语分类为<水果>，卧底词和平民词都属于该类。||之前是第2轮描述和之前轮数描述的合集。你之前认为的卧底是玩家4。
2024-12-13 14:51:40,782 - 1 - INFO - **********PLAYER1**********
我之前认为的卧底是玩家4。在第二轮描述中，玩家4的描述提到了“强烈的气味和独特的口感”，这与苹果的普遍特征不符，因为苹果通常以其甜美的味道和清新的香气而闻名，而不是强烈的气味。因此，玩家4的描述与苹果的特征不一致，这进一步支持了他是卧底的推断。
2024-12-13 14:51:40,783 - 1 - INFO - **********JUDGER**********
你刚刚的分析是我之前认为的卧底是玩家4。在第二轮描述中，玩家4的描述提到了“强烈的气味和独特的口感”，这与苹果的普遍特征不符，因为苹果通常以其甜美的味道和清新的香气而闻名，而不是强烈的气味。因此，玩家4的描述与苹果的特征不一致，这进一步支持了他是卧底的推断。|| `请根据上述分析，比较描述以找出不一致之处，注意，这局游戏的词语分类为<水果>，卧底词和平民词都属于该类。
2024-12-13 14:51:50,622 - 1 - INFO - **********PLAYER1**********
根据上述分析，以下是不一致之处的比较：

1. **颜色描述**：所有玩家都提到了红、黄、绿等颜色，这与苹果的颜色特征相符。

2. **形状描述**：玩家2提到了“独特的形状”，但没有具体描述；玩家3提到了外表光滑，玩家4提到了形状独特，果实大而重。这些描述虽然有所不同，但都可以与苹果的形状特征相吻合。

3. **味道描述**：玩家1、玩家2和玩家3都提到了甜美的味道，而玩家4提到了“独特的口感”，但没有具体说明是甜是酸，这可能是与苹果特征不完全一致的地方。

4. **香气描述**：玩家1、玩家2和玩家3没有特别提到香气，而玩家4提到了“强烈的气味”，这与苹果通常的清新的香气描述不符。

5. **用途描述**：所有玩家都提到了作为送礼佳品，这与苹果的常见用途相符。

6. **储存和携带描述**：玩家1、玩家2和玩家3提到了耐储存和便于携带，这与苹果的特性相符。玩家4没有提到这些特征。

不一致之处在于：
- 玩家4的描述中特别提到了“强烈的气味”，这与苹果通常的清新的香气描述不一致。
- 玩家4的描述没有提到耐储存和便于携带，这是苹果的常见特性。

这些不一致之处表明玩家4的描述可能与他所扮演的平民角色不符，因此可能是卧底。
2024-12-13 14:51:50,625 - 1 - INFO - **********JUDGER**********
你刚刚的分析是根据上述分析，以下是不一致之处的比较：

1. **颜色描述**：所有玩家都提到了红、黄、绿等颜色，这与苹果的颜色特征相符。

2. **形状描述**：玩家2提到了“独特的形状”，但没有具体描述；玩家3提到了外表光滑，玩家4提到了形状独特，果实大而重。这些描述虽然有所不同，但都可以与苹果的形状特征相吻合。

3. **味道描述**：玩家1、玩家2和玩家3都提到了甜美的味道，而玩家4提到了“独特的口感”，但没有具体说明是甜是酸，这可能是与苹果特征不完全一致的地方。

4. **香气描述**：玩家1、玩家2和玩家3没有特别提到香气，而玩家4提到了“强烈的气味”，这与苹果通常的清新的香气描述不符。

5. **用途描述**：所有玩家都提到了作为送礼佳品，这与苹果的常见用途相符。

6. **储存和携带描述**：玩家1、玩家2和玩家3提到了耐储存和便于携带，这与苹果的特性相符。玩家4没有提到这些特征。

不一致之处在于：
- 玩家4的描述中特别提到了“强烈的气味”，这与苹果通常的清新的香气描述不一致。
- 玩家4的描述没有提到耐储存和便于携带，这是苹果的常见特性。

这些不一致之处表明玩家4的描述可能与他所扮演的平民角色不符，因此可能是卧底。|| 请通过你分析的不一致之处，推断卧底身份，注意，这局游戏的词语分类为<水果>，卧底词和平民词都属于该类。
2024-12-13 14:51:54,123 - 1 - INFO - **********PLAYER1**********
基于分析的不一致之处，我推断卧底是玩家4。玩家4的描述中提到的“强烈的气味”与苹果通常的清新的香气特征不符，而且他没有提到苹果的耐储存和便于携带的特性，这些都是苹果的普遍特征。这些差异表明玩家4的描述可能与苹果的特征不一致，因此他可能是卧底。
2024-12-13 14:51:54,124 - 1 - INFO - **********JUDGER**********
你刚刚的推断是基于分析的不一致之处，我推断卧底是玩家4。玩家4的描述中提到的“强烈的气味”与苹果通常的清新的香气特征不符，而且他没有提到苹果的耐储存和便于携带的特性，这些都是苹果的普遍特征。这些差异表明玩家4的描述可能与苹果的特征不一致，因此他可能是卧底。|| 基于你刚刚的推断得出你的最终结论，请输出你认为的卧底，在这种情况下只需要输出编号，是1-4中的某个数字，不要输出其他信息。在这个过程不要进行任何推理，只对||以前的部分进行信息提取
2024-12-13 14:51:55,001 - 1 - INFO - **********PLAYER1**********
4
2024-12-13 14:52:43,293 - 1 - INFO - **********JUDGER**********
玩家1说：这个水果颜色鲜艳，通常呈红色或绿色。在水果类中，它特别适合作为礼物。这个水果有着清新的香气，质地脆硬，汁水丰富，是水果中的佳品。它在同类水果中以其耐储存和便于携带而受到喜爱。玩家2说：这个水果皮薄多汁，味道甜美，是常见的送礼佳品。它在同类水果中以其独特的形状和色泽最为引人注目。这个水果的核位于中心，口感脆爽，富含果汁，成熟时色泽鲜艳，既可作为食用也可作为装饰。它在水果中以其季节性和营养价值而受到青睐。玩家3说：这个水果外表光滑，通常有红、黄、绿等多种颜色。它在同类水果中以其脆甜多汁而闻名，是送礼时受欢迎的选择。这个水果有着明显的季节性，成熟时香气浓郁，口感脆甜，汁水丰富。它的核较小，便于食用，且因其便于储存和携带，常作为礼物送给亲朋好友。玩家4说：这个水果成熟时颜色多样，有红、黄、绿等，形状独特，果实大而重。在同类水果中，它因其强烈的气味和独特的口感而与众不同。这个水果成熟时香气浓郁，果肉细腻，虽然味道独特，但并不是所有人都喜欢。它的果肉通常呈现乳白色，质地软糯，含有大量的小颗粒。这种水果在储存和运输上需要特别注意，因为它容易变质。尽管如此，它仍然是某些文化中重要的食材和礼物。你是第1号玩家，你的关键词是<苹果>。你的回答中绝对不能包含你的关键词<苹果>。这是第三轮描述，你之前的描述是这个水果颜色鲜艳，通常呈红色或绿色。在水果类中，它特别适合作为礼物。和这个水果有着清新的香气，质地脆硬，汁水丰富，是水果中的佳品。它在同类水果中以其耐储存和便于携带而受到喜爱。，注意，这局游戏的词语分类为<水果>，卧底词和平民词都属于该类，请你补充关于关键词的描述，注意，你的描述应该比起之前的描述更加贴近关键词，作为之前的补充
2024-12-13 14:52:49,947 - 1 - INFO - **********PLAYER1**********
这种水果有着光滑的表皮，色泽鲜明，无论是红、黄还是绿色，都散发出诱人的光泽。它的质地坚实，切开后汁液丰富，每一口都能感受到脆甜的滋味。这种水果的核小而易于食用，且因其保质期较长，携带方便，是送礼和日常食用的理想选择。
2024-12-13 14:53:01,709 - 1 - INFO - **********JUDGER**********
玩家1说：这个水果颜色鲜艳，通常呈红色或绿色。在水果类中，它特别适合作为礼物。这个水果有着清新的香气，质地脆硬，汁水丰富，是水果中的佳品。它在同类水果中以其耐储存和便于携带而受到喜爱。这种水果有着光滑的表皮，色泽鲜明，无论是红、黄还是绿色，都散发出诱人的光泽。它的质地坚实，切开后汁液丰富，每一口都能感受到脆甜的滋味。这种水果的核小而易于食用，且因其保质期较长，携带方便，是送礼和日常食用的理想选择。玩家2说：这个水果皮薄多汁，味道甜美，是常见的送礼佳品。它在同类水果中以其独特的形状和色泽最为引人注目。这个水果的核位于中心，口感脆爽，富含果汁，成熟时色泽鲜艳，既可作为食用也可作为装饰。它在水果中以其季节性和营养价值而受到青睐。这种水果的形状通常为圆形或略带棱角，表面光滑，色泽鲜艳，有红、黄、绿等多种颜色。它的质地坚实，切开后汁液丰富，每一口都能感受到脆甜的滋味。这种水果的核小而易于食用，且因其保质期较长，携带方便，是送礼和日常食用的理想选择。玩家3说：这个水果外表光滑，通常有红、黄、绿等多种颜色。它在同类水果中以其脆甜多汁而闻名，是送礼时受欢迎的选择。这个水果有着明显的季节性，成熟时香气浓郁，口感脆甜，汁水丰富。它的核较小，便于食用，且因其便于储存和携带，常作为礼物送给亲朋好友。这种水果的质地坚实，切开后汁液丰富，每一口都能感受到脆甜的滋味。它的核小，易于食用，且因其保质期较长，携带方便，是送礼和日常食用的理想选择。这种水果在储存和运输上需要特别注意，因为它容易变质。玩家4说：这个水果成熟时颜色多样，有红、黄、绿等，形状独特，果实大而重。在同类水果中，它因其强烈的气味和独特的口感而与众不同。这个水果成熟时香气浓郁，果肉细腻，虽然味道独特，但并不是所有人都喜欢。它的果肉通常呈现乳白色，质地软糯，含有大量的小颗粒。这种水果在储存和运输上需要特别注意，因为它容易变质。尽管如此，它仍然是某些文化中重要的食材和礼物。这种水果的香气独特，能够远距离被人闻到。它的果肉部分通常由多个小房间组成，每个房间都含有种子和汁液。这种水果的质地比较软，容易分解，因此需要尽快食用或妥善保存。尽管它的气味可能让人望而却步，但在某些地区，它被视为珍贵的食材，有着特殊的食用文化。||在这个游戏中，我们需要通过分析每位玩家的描述来找出卧底。通常，平民的描述会围绕相同的词语展开，而卧底的描述可能会因为词语的不同而显得不太一致。我们需要仔细比较每个描述之间的相似性和差异性，以找出可能的卧底，注意，卧底并不会隐藏自己，他会直接描述他的词语，现在，逐一分析每个玩家的描述，注意，这局游戏的词语分类为<水果>，卧底词和平民词都属于该类。||之前是第3轮描述和之前轮数描述的合集。你之前认为的卧底是玩家4。
2024-12-13 14:53:08,095 - 1 - INFO - **********PLAYER1**********
我之前认为的卧底是玩家4。在第三轮描述中，玩家4的描述与苹果的特征存在显著差异，尤其是提到的“强烈的气味”、“质地软糯”和“容易分解”等特征，这些都与苹果的常见特性不符。此外，玩家4还提到了“小颗粒”和“多个小房间”，这些描述更接近于某种特定水果的特征，而不是苹果。因此，这些不一致之处进一步支持了玩家4是卧底的推断。
2024-12-13 14:53:08,095 - 1 - INFO - **********JUDGER**********
你刚刚的分析是我之前认为的卧底是玩家4。在第三轮描述中，玩家4的描述与苹果的特征存在显著差异，尤其是提到的“强烈的气味”、“质地软糯”和“容易分解”等特征，这些都与苹果的常见特性不符。此外，玩家4还提到了“小颗粒”和“多个小房间”，这些描述更接近于某种特定水果的特征，而不是苹果。因此，这些不一致之处进一步支持了玩家4是卧底的推断。|| `请根据上述分析，比较描述以找出不一致之处，注意，这局游戏的词语分类为<水果>，卧底词和平民词都属于该类。
2024-12-13 14:53:37,440 - 1 - INFO - **********PLAYER1**********
根据上述分析，以下是不一致之处的比较：

1. **气味描述**：玩家1、玩家2和玩家3都提到了苹果的清新的香气或脆甜的滋味，而玩家4提到了“强烈的气味”，这与苹果的通常香气描述不符。

2. **质地描述**：玩家1、玩家2和玩家3描述了苹果的质地为脆硬或坚实，而玩家4描述了水果的质地为软糯，这与苹果的质地特征不一致。

3. **储存和运输描述**：玩家1、玩家2和玩家3提到了苹果的耐储存和便于携带，而玩家4提到了水果容易变质，需要特别注意储存和运输，这与苹果的储存特性不一致。

4. **形状和核描述**：玩家1、玩家2和玩家3没有特别描述苹果的形状和核的位置，而玩家4提到了果实大而重，核位于中心，这些描述可能与苹果的典型特征不完全一致。

5. **果肉描述**：玩家1、玩家2和玩家3没有提到苹果的果肉颜色或结构，而玩家4描述了果肉通常呈现乳白色，质地软糯，含有大量的小颗粒，这与苹果的果肉特征不一致。

6. **食用文化描述**：玩家1、玩家2和玩家3没有提到苹果的食用文化，而玩家4提到了在某些地区被视为珍贵的食材，有着特殊的食用文化，这可能是与苹果不同的文化特征。

这些不一致之处表明玩家4的描述在多个方面与苹果的特征不符，因此可能是卧底。
2024-12-13 14:53:37,444 - 1 - INFO - **********JUDGER**********
你刚刚的分析是根据上述分析，以下是不一致之处的比较：

1. **气味描述**：玩家1、玩家2和玩家3都提到了苹果的清新的香气或脆甜的滋味，而玩家4提到了“强烈的气味”，这与苹果的通常香气描述不符。

2. **质地描述**：玩家1、玩家2和玩家3描述了苹果的质地为脆硬或坚实，而玩家4描述了水果的质地为软糯，这与苹果的质地特征不一致。

3. **储存和运输描述**：玩家1、玩家2和玩家3提到了苹果的耐储存和便于携带，而玩家4提到了水果容易变质，需要特别注意储存和运输，这与苹果的储存特性不一致。

4. **形状和核描述**：玩家1、玩家2和玩家3没有特别描述苹果的形状和核的位置，而玩家4提到了果实大而重，核位于中心，这些描述可能与苹果的典型特征不完全一致。

5. **果肉描述**：玩家1、玩家2和玩家3没有提到苹果的果肉颜色或结构，而玩家4描述了果肉通常呈现乳白色，质地软糯，含有大量的小颗粒，这与苹果的果肉特征不一致。

6. **食用文化描述**：玩家1、玩家2和玩家3没有提到苹果的食用文化，而玩家4提到了在某些地区被视为珍贵的食材，有着特殊的食用文化，这可能是与苹果不同的文化特征。

这些不一致之处表明玩家4的描述在多个方面与苹果的特征不符，因此可能是卧底。|| 请通过你分析的不一致之处，推断卧底身份，注意，这局游戏的词语分类为<水果>，卧底词和平民词都属于该类。
2024-12-13 14:53:38,834 - 1 - INFO - **********PLAYER1**********
4
2024-12-13 14:53:38,835 - 1 - INFO - **********JUDGER**********
你刚刚的推断是4|| 基于你刚刚的推断得出你的最终结论，请输出你认为的卧底，在这种情况下只需要输出编号，是1-4中的某个数字，不要输出其他信息。在这个过程不要进行任何推理，只对||以前的部分进行信息提取
2024-12-13 14:53:40,055 - 1 - INFO - **********PLAYER1**********
4
