2024-12-13 14:49:38,414 - 2 - INFO - **********JUDGER**********
让我们来玩一个叫做<谁是卧底>的推理游戏。基本规则：<人数>：4人。<角色分配>：每位玩家随机抽取一个词语，3名玩家拿到的词语是相同的（平民词），1名玩家拿到与之相近但不同的词语（卧底词）。<游戏流程>：1、玩家轮流描述自己的词语，但<不能>直接说出词语本身。2、描述完毕后，投票选出最像卧底的玩家。3、每轮结束后，被投票选出的玩家出局，不能再进行描述或投票。4、每轮投票结束后，如果卧底被成功找出，平民方获胜；如果卧底未被找出且卧底人数等于或超过平民人数，则卧底方获胜。你将扮演一个<玩家>，请等待你被分配到的关键词。如果你听懂了，只回答，"好的，我准备好参加游戏了"，不要输出别的信息
2024-12-13 14:49:40,414 - 2 - INFO - **********PLAYER2**********
好的，我准备好参加游戏了
2024-12-13 14:49:44,757 - 2 - INFO - **********JUDGER**********
玩家1说：这个水果颜色鲜艳，通常呈红色或绿色。在水果类中，它特别适合作为礼物。玩家2说：玩家3说：玩家4说：|| 你是第2号玩家，你的关键词是<苹果>。你的回答中绝对不能包含你的关键词<苹果>。这是第一轮描述，不需要分析||之前别的玩家的描述，请你描述关键词基本特征，注意，这局游戏的词语分类为<水果>，卧底词和平民词都属于该类，描述包括以下两点，1.他的基本特征是什么2.他在该类（水果）中最突出不同的特征是什么，尽量简短
2024-12-13 14:49:46,687 - 2 - INFO - **********PLAYER2**********
这个水果皮薄多汁，味道甜美，是常见的送礼佳品。它在同类水果中以其独特的形状和色泽最为引人注目。
2024-12-13 14:50:10,828 - 2 - INFO - **********JUDGER**********
玩家1说：这个水果颜色鲜艳，通常呈红色或绿色。在水果类中，它特别适合作为礼物。玩家2说：这个水果皮薄多汁，味道甜美，是常见的送礼佳品。它在同类水果中以其独特的形状和色泽最为引人注目。玩家3说：这个水果外表光滑，通常有红、黄、绿等多种颜色。它在同类水果中以其脆甜多汁而闻名，是送礼时受欢迎的选择。玩家4说：||在这个游戏中，我们需要通过分析每位玩家的描述来找出卧底。通常，平民的描述会围绕相同的词语展开，而卧底的描述可能会因为词语的不同而显得不太一致。我们需要仔细比较每个描述之间的相似性和差异性，以找出可能的卧底，注意，卧底并不会隐藏自己，他会直接描述他的词语，现在，逐一分析每个玩家的描述，注意，这局游戏的词语分类为<水果>，卧底词和平民词都属于该类。这是第一轮描述。
2024-12-13 14:50:14,119 - 2 - INFO - **********PLAYER2**********
玩家1、2和3的描述都围绕着同一个水果的基本特征进行，强调了它的颜色、口感和送礼的适宜性。他们的描述非常相似，都指向了一个常见的水果。而玩家4的描述虽然也提到了颜色和送礼的适宜性，但更多地强调了外表的光滑和脆甜多汁，这与其他三位玩家的描述有所不同。因此，根据描述的差异性，玩家4可能是卧底。
2024-12-13 14:50:14,120 - 2 - INFO - **********JUDGER**********
你刚刚的分析是玩家1、2和3的描述都围绕着同一个水果的基本特征进行，强调了它的颜色、口感和送礼的适宜性。他们的描述非常相似，都指向了一个常见的水果。而玩家4的描述虽然也提到了颜色和送礼的适宜性，但更多地强调了外表的光滑和脆甜多汁，这与其他三位玩家的描述有所不同。因此，根据描述的差异性，玩家4可能是卧底。|| `请根据上述分析，比较描述以找出不一致之处，注意，这局游戏的词语分类为<水果>，卧底词和平民词都属于该类。
2024-12-13 14:50:22,008 - 2 - INFO - **********PLAYER2**********
根据上述分析，我们可以比较描述中的一致性和不一致性如下：

一致之处：
- 所有玩家都提到了水果的颜色（红色、绿色），这表明他们可能描述的是同一种水果。
- 所有玩家都提到了水果适合作为礼物，这是一个共同的特征。
- 所有玩家都提到了水果的口感（多汁、甜美），这进一步指向了可能是同一种水果。

不一致之处：
- 玩家1、2和3的描述集中在水果的颜色和送礼的适宜性，而玩家4的描述除了颜色和送礼适宜性外，还特别强调了水果的外表光滑和脆甜。
- 玩家4的描述中提到的“外表光滑”和“脆甜多汁”可能并不是所有描述相同水果的玩家都会提及的特征，这可能是玩家4作为卧底时试图引入的不同点。

因此，不一致之处在于玩家4的描述中加入了“外表光滑”和“脆甜多汁”这两个特征，而其他玩家没有提及这些细节。这可能是玩家4作为卧底试图混淆视听的线索。
2024-12-13 14:50:22,011 - 2 - INFO - **********JUDGER**********
你刚刚的分析是根据上述分析，我们可以比较描述中的一致性和不一致性如下：

一致之处：
- 所有玩家都提到了水果的颜色（红色、绿色），这表明他们可能描述的是同一种水果。
- 所有玩家都提到了水果适合作为礼物，这是一个共同的特征。
- 所有玩家都提到了水果的口感（多汁、甜美），这进一步指向了可能是同一种水果。

不一致之处：
- 玩家1、2和3的描述集中在水果的颜色和送礼的适宜性，而玩家4的描述除了颜色和送礼适宜性外，还特别强调了水果的外表光滑和脆甜。
- 玩家4的描述中提到的“外表光滑”和“脆甜多汁”可能并不是所有描述相同水果的玩家都会提及的特征，这可能是玩家4作为卧底时试图引入的不同点。

因此，不一致之处在于玩家4的描述中加入了“外表光滑”和“脆甜多汁”这两个特征，而其他玩家没有提及这些细节。这可能是玩家4作为卧底试图混淆视听的线索。|| 请通过你分析的不一致之处，推断卧底身份，注意，这局游戏的词语分类为<水果>，卧底词和平民词都属于该类。
2024-12-13 14:50:27,902 - 2 - INFO - **********PLAYER2**********
根据分析中提到的不一致之处，我们可以推断以下可能性：

- 玩家1、2和3的描述都集中在水果的颜色、口感和送礼的适宜性上，这表明他们可能描述的是同一种水果，比如苹果。
- 玩家4的描述中加入了“外表光滑”和“脆甜多汁”，这些特征并不是所有描述相同水果的玩家都会提及的。如果所有玩家都在描述苹果，那么这些特征并不是苹果的典型描述。

考虑到游戏中的词语分类为<水果>，且卧底词和平民词都属于该类，玩家4的描述可能指向了另一种水果，比如橙子。橙子同样可以是红色或绿色，适合作为礼物，而且橙子确实外表光滑，且以其多汁和甜味而闻名。

因此，基于描述中的不一致性，玩家4可能是卧底，他的关键词可能是与苹果特征不同的另一种水果，如橙子。
2024-12-13 14:50:27,903 - 2 - INFO - **********JUDGER**********
你刚刚的推断是根据分析中提到的不一致之处，我们可以推断以下可能性：

- 玩家1、2和3的描述都集中在水果的颜色、口感和送礼的适宜性上，这表明他们可能描述的是同一种水果，比如苹果。
- 玩家4的描述中加入了“外表光滑”和“脆甜多汁”，这些特征并不是所有描述相同水果的玩家都会提及的。如果所有玩家都在描述苹果，那么这些特征并不是苹果的典型描述。

考虑到游戏中的词语分类为<水果>，且卧底词和平民词都属于该类，玩家4的描述可能指向了另一种水果，比如橙子。橙子同样可以是红色或绿色，适合作为礼物，而且橙子确实外表光滑，且以其多汁和甜味而闻名。

因此，基于描述中的不一致性，玩家4可能是卧底，他的关键词可能是与苹果特征不同的另一种水果，如橙子。|| 基于你刚刚的推断得出你的最终结论，请输出你认为的卧底，在这种情况下只需要输出编号，是1-4中的某个数字，不要输出其他信息。在这个过程不要进行任何推理，只对||以前的部分进行信息提取
2024-12-13 14:50:28,619 - 2 - INFO - **********PLAYER2**********
4
2024-12-13 14:51:25,853 - 2 - INFO - **********JUDGER**********
玩家1说：这个水果颜色鲜艳，通常呈红色或绿色。在水果类中，它特别适合作为礼物。这个水果有着清新的香气，质地脆硬，汁水丰富，是水果中的佳品。它在同类水果中以其耐储存和便于携带而受到喜爱。玩家2说：这个水果皮薄多汁，味道甜美，是常见的送礼佳品。它在同类水果中以其独特的形状和色泽最为引人注目。玩家3说：这个水果外表光滑，通常有红、黄、绿等多种颜色。它在同类水果中以其脆甜多汁而闻名，是送礼时受欢迎的选择。玩家4说：这个水果成熟时颜色多样，有红、黄、绿等，形状独特，果实大而重。在同类水果中，它因其强烈的气味和独特的口感而与众不同。你是第2号玩家，你的关键词是<苹果>。你的回答中绝对不能包含你的关键词<苹果>。这是第二轮描述，你之前的描述是这个水果皮薄多汁，味道甜美，是常见的送礼佳品。它在同类水果中以其独特的形状和色泽最为引人注目。，注意，这局游戏的词语分类为<水果>，卧底词和平民词都属于该类，请你补充关于关键词的描述，注意，你的描述应该比起之前的描述更加贴近关键词，作为之前的补充
2024-12-13 14:51:31,267 - 2 - INFO - **********PLAYER2**********
这个水果的核位于中心，口感脆爽，富含果汁，成熟时色泽鲜艳，既可作为食用也可作为装饰。它在水果中以其季节性和营养价值而受到青睐。
2024-12-13 14:51:55,002 - 2 - INFO - **********JUDGER**********
玩家1说：这个水果颜色鲜艳，通常呈红色或绿色。在水果类中，它特别适合作为礼物。这个水果有着清新的香气，质地脆硬，汁水丰富，是水果中的佳品。它在同类水果中以其耐储存和便于携带而受到喜爱。玩家2说：这个水果皮薄多汁，味道甜美，是常见的送礼佳品。它在同类水果中以其独特的形状和色泽最为引人注目。这个水果的核位于中心，口感脆爽，富含果汁，成熟时色泽鲜艳，既可作为食用也可作为装饰。它在水果中以其季节性和营养价值而受到青睐。玩家3说：这个水果外表光滑，通常有红、黄、绿等多种颜色。它在同类水果中以其脆甜多汁而闻名，是送礼时受欢迎的选择。这个水果有着明显的季节性，成熟时香气浓郁，口感脆甜，汁水丰富。它的核较小，便于食用，且因其便于储存和携带，常作为礼物送给亲朋好友。玩家4说：这个水果成熟时颜色多样，有红、黄、绿等，形状独特，果实大而重。在同类水果中，它因其强烈的气味和独特的口感而与众不同。||在这个游戏中，我们需要通过分析每位玩家的描述来找出卧底。通常，平民的描述会围绕相同的词语展开，而卧底的描述可能会因为词语的不同而显得不太一致。我们需要仔细比较每个描述之间的相似性和差异性，以找出可能的卧底，注意，卧底并不会隐藏自己，他会直接描述他的词语，现在，逐一分析每个玩家的描述，注意，这局游戏的词语分类为<水果>，卧底词和平民词都属于该类。||之前是第2轮描述和之前轮数描述的合集。你之前认为的卧底是玩家4。
2024-12-13 14:51:58,186 - 2 - INFO - **********PLAYER2**********
根据第2轮描述和之前轮数描述的合集，以及之前的分析，玩家4的描述中提到了“强烈的气味和独特的口感”，这与苹果的常见描述不太一致。苹果通常不会因其气味而被特别强调。因此，基于描述中的差异性和对水果特性的常见理解，玩家4的描述更可能指向另一种水果，从而保持了我之前认为的卧底是玩家4的结论。
2024-12-13 14:51:58,186 - 2 - INFO - **********JUDGER**********
你刚刚的分析是根据第2轮描述和之前轮数描述的合集，以及之前的分析，玩家4的描述中提到了“强烈的气味和独特的口感”，这与苹果的常见描述不太一致。苹果通常不会因其气味而被特别强调。因此，基于描述中的差异性和对水果特性的常见理解，玩家4的描述更可能指向另一种水果，从而保持了我之前认为的卧底是玩家4的结论。|| `请根据上述分析，比较描述以找出不一致之处，注意，这局游戏的词语分类为<水果>，卧底词和平民词都属于该类。
2024-12-13 14:52:04,360 - 2 - INFO - **********PLAYER2**********
根据上述分析，以下是不一致之处：

- 玩家1、2和3的描述都集中在苹果的常见特征上，如颜色（红、绿）、形状、口感（脆甜多汁）、适合作为礼物、耐储存、便于携带等。
- 玩家4的描述中提到了“强烈的气味和独特的口感”，这与苹果的常见描述不符。苹果通常以其甜味和脆口而闻名，而不是气味。
- 玩家4还提到了“果实大而重”，这也不是苹果的典型特征，因为苹果的果实大小和重量因品种而异，并不是所有苹果都大而重。

这些不一致之处表明玩家4的描述可能指向了另一种水果，而不是苹果，这与玩家1、2和3的描述更为相似。因此，玩家4的描述在水果分类中与苹果的特征存在显著差异。
2024-12-13 14:52:04,362 - 2 - INFO - **********JUDGER**********
你刚刚的分析是根据上述分析，以下是不一致之处：

- 玩家1、2和3的描述都集中在苹果的常见特征上，如颜色（红、绿）、形状、口感（脆甜多汁）、适合作为礼物、耐储存、便于携带等。
- 玩家4的描述中提到了“强烈的气味和独特的口感”，这与苹果的常见描述不符。苹果通常以其甜味和脆口而闻名，而不是气味。
- 玩家4还提到了“果实大而重”，这也不是苹果的典型特征，因为苹果的果实大小和重量因品种而异，并不是所有苹果都大而重。

这些不一致之处表明玩家4的描述可能指向了另一种水果，而不是苹果，这与玩家1、2和3的描述更为相似。因此，玩家4的描述在水果分类中与苹果的特征存在显著差异。|| 请通过你分析的不一致之处，推断卧底身份，注意，这局游戏的词语分类为<水果>，卧底词和平民词都属于该类。
2024-12-13 14:52:05,360 - 2 - INFO - **********PLAYER2**********
4
2024-12-13 14:52:05,361 - 2 - INFO - **********JUDGER**********
你刚刚的推断是4|| 基于你刚刚的推断得出你的最终结论，请输出你认为的卧底，在这种情况下只需要输出编号，是1-4中的某个数字，不要输出其他信息。在这个过程不要进行任何推理，只对||以前的部分进行信息提取
2024-12-13 14:52:06,053 - 2 - INFO - **********PLAYER2**********
4
2024-12-13 14:52:49,948 - 2 - INFO - **********JUDGER**********
玩家1说：这个水果颜色鲜艳，通常呈红色或绿色。在水果类中，它特别适合作为礼物。这个水果有着清新的香气，质地脆硬，汁水丰富，是水果中的佳品。它在同类水果中以其耐储存和便于携带而受到喜爱。这种水果有着光滑的表皮，色泽鲜明，无论是红、黄还是绿色，都散发出诱人的光泽。它的质地坚实，切开后汁液丰富，每一口都能感受到脆甜的滋味。这种水果的核小而易于食用，且因其保质期较长，携带方便，是送礼和日常食用的理想选择。玩家2说：这个水果皮薄多汁，味道甜美，是常见的送礼佳品。它在同类水果中以其独特的形状和色泽最为引人注目。这个水果的核位于中心，口感脆爽，富含果汁，成熟时色泽鲜艳，既可作为食用也可作为装饰。它在水果中以其季节性和营养价值而受到青睐。玩家3说：这个水果外表光滑，通常有红、黄、绿等多种颜色。它在同类水果中以其脆甜多汁而闻名，是送礼时受欢迎的选择。这个水果有着明显的季节性，成熟时香气浓郁，口感脆甜，汁水丰富。它的核较小，便于食用，且因其便于储存和携带，常作为礼物送给亲朋好友。玩家4说：这个水果成熟时颜色多样，有红、黄、绿等，形状独特，果实大而重。在同类水果中，它因其强烈的气味和独特的口感而与众不同。这个水果成熟时香气浓郁，果肉细腻，虽然味道独特，但并不是所有人都喜欢。它的果肉通常呈现乳白色，质地软糯，含有大量的小颗粒。这种水果在储存和运输上需要特别注意，因为它容易变质。尽管如此，它仍然是某些文化中重要的食材和礼物。你是第2号玩家，你的关键词是<苹果>。你的回答中绝对不能包含你的关键词<苹果>。这是第三轮描述，你之前的描述是这个水果皮薄多汁，味道甜美，是常见的送礼佳品。它在同类水果中以其独特的形状和色泽最为引人注目。和这个水果的核位于中心，口感脆爽，富含果汁，成熟时色泽鲜艳，既可作为食用也可作为装饰。它在水果中以其季节性和营养价值而受到青睐。，注意，这局游戏的词语分类为<水果>，卧底词和平民词都属于该类，请你补充关于关键词的描述，注意，你的描述应该比起之前的描述更加贴近关键词，作为之前的补充
2024-12-13 14:52:53,971 - 2 - INFO - **********PLAYER2**********
这种水果的形状通常为圆形或略带棱角，表面光滑，色泽鲜艳，有红、黄、绿等多种颜色。它的质地坚实，切开后汁液丰富，每一口都能感受到脆甜的滋味。这种水果的核小而易于食用，且因其保质期较长，携带方便，是送礼和日常食用的理想选择。
2024-12-13 14:53:40,056 - 2 - INFO - **********JUDGER**********
玩家1说：这个水果颜色鲜艳，通常呈红色或绿色。在水果类中，它特别适合作为礼物。这个水果有着清新的香气，质地脆硬，汁水丰富，是水果中的佳品。它在同类水果中以其耐储存和便于携带而受到喜爱。这种水果有着光滑的表皮，色泽鲜明，无论是红、黄还是绿色，都散发出诱人的光泽。它的质地坚实，切开后汁液丰富，每一口都能感受到脆甜的滋味。这种水果的核小而易于食用，且因其保质期较长，携带方便，是送礼和日常食用的理想选择。玩家2说：这个水果皮薄多汁，味道甜美，是常见的送礼佳品。它在同类水果中以其独特的形状和色泽最为引人注目。这个水果的核位于中心，口感脆爽，富含果汁，成熟时色泽鲜艳，既可作为食用也可作为装饰。它在水果中以其季节性和营养价值而受到青睐。这种水果的形状通常为圆形或略带棱角，表面光滑，色泽鲜艳，有红、黄、绿等多种颜色。它的质地坚实，切开后汁液丰富，每一口都能感受到脆甜的滋味。这种水果的核小而易于食用，且因其保质期较长，携带方便，是送礼和日常食用的理想选择。玩家3说：这个水果外表光滑，通常有红、黄、绿等多种颜色。它在同类水果中以其脆甜多汁而闻名，是送礼时受欢迎的选择。这个水果有着明显的季节性，成熟时香气浓郁，口感脆甜，汁水丰富。它的核较小，便于食用，且因其便于储存和携带，常作为礼物送给亲朋好友。这种水果的质地坚实，切开后汁液丰富，每一口都能感受到脆甜的滋味。它的核小，易于食用，且因其保质期较长，携带方便，是送礼和日常食用的理想选择。这种水果在储存和运输上需要特别注意，因为它容易变质。玩家4说：这个水果成熟时颜色多样，有红、黄、绿等，形状独特，果实大而重。在同类水果中，它因其强烈的气味和独特的口感而与众不同。这个水果成熟时香气浓郁，果肉细腻，虽然味道独特，但并不是所有人都喜欢。它的果肉通常呈现乳白色，质地软糯，含有大量的小颗粒。这种水果在储存和运输上需要特别注意，因为它容易变质。尽管如此，它仍然是某些文化中重要的食材和礼物。这种水果的香气独特，能够远距离被人闻到。它的果肉部分通常由多个小房间组成，每个房间都含有种子和汁液。这种水果的质地比较软，容易分解，因此需要尽快食用或妥善保存。尽管它的气味可能让人望而却步，但在某些地区，它被视为珍贵的食材，有着特殊的食用文化。||在这个游戏中，我们需要通过分析每位玩家的描述来找出卧底。通常，平民的描述会围绕相同的词语展开，而卧底的描述可能会因为词语的不同而显得不太一致。我们需要仔细比较每个描述之间的相似性和差异性，以找出可能的卧底，注意，卧底并不会隐藏自己，他会直接描述他的词语，现在，逐一分析每个玩家的描述，注意，这局游戏的词语分类为<水果>，卧底词和平民词都属于该类。||之前是第3轮描述和之前轮数描述的合集。你之前认为的卧底是玩家4。
2024-12-13 14:53:41,436 - 2 - INFO - **********PLAYER2**********
4
2024-12-13 14:53:41,436 - 2 - INFO - **********JUDGER**********
你刚刚的分析是4|| `请根据上述分析，比较描述以找出不一致之处，注意，这局游戏的词语分类为<水果>，卧底词和平民词都属于该类。
2024-12-13 14:53:54,084 - 2 - INFO - **********PLAYER2**********
在比较描述以找出不一致之处时，以下是一些关键点：

- 玩家1、2和3的描述都强调了水果的颜色（红、黄、绿）、适合作为礼物、质地脆硬、汁水丰富、核小易于食用、保质期较长、便于携带等特征。
- 玩家4的描述中提到了以下特征，这些特征与玩家1、2和3的描述存在显著差异：
  - 强烈的气味和独特的口感。
  - 果实大而重。
  - 果肉细腻，质地软糯，含有大量的小颗粒。
  - 需要特别注意储存和运输，容易变质。
  - 虽然味道独特，但并不是所有人都喜欢。
  - 果肉部分由多个小房间组成，每个房间含有种子和汁液。
  - 质地比较软，容易分解，需要尽快食用或妥善保存。
  - 在某些地区被视为珍贵的食材，有着特殊的食用文化。

这些特征与常见的苹果描述不符，表明玩家4的描述可能指向了另一种水果，而不是苹果。因此，不一致之处在于玩家4描述的特征与苹果的典型特征不一致。
2024-12-13 14:53:54,087 - 2 - INFO - **********JUDGER**********
你刚刚的分析是在比较描述以找出不一致之处时，以下是一些关键点：

- 玩家1、2和3的描述都强调了水果的颜色（红、黄、绿）、适合作为礼物、质地脆硬、汁水丰富、核小易于食用、保质期较长、便于携带等特征。
- 玩家4的描述中提到了以下特征，这些特征与玩家1、2和3的描述存在显著差异：
  - 强烈的气味和独特的口感。
  - 果实大而重。
  - 果肉细腻，质地软糯，含有大量的小颗粒。
  - 需要特别注意储存和运输，容易变质。
  - 虽然味道独特，但并不是所有人都喜欢。
  - 果肉部分由多个小房间组成，每个房间含有种子和汁液。
  - 质地比较软，容易分解，需要尽快食用或妥善保存。
  - 在某些地区被视为珍贵的食材，有着特殊的食用文化。

这些特征与常见的苹果描述不符，表明玩家4的描述可能指向了另一种水果，而不是苹果。因此，不一致之处在于玩家4描述的特征与苹果的典型特征不一致。|| 请通过你分析的不一致之处，推断卧底身份，注意，这局游戏的词语分类为<水果>，卧底词和平民词都属于该类。
2024-12-13 14:53:55,118 - 2 - INFO - **********PLAYER2**********
4
2024-12-13 14:53:55,119 - 2 - INFO - **********JUDGER**********
你刚刚的推断是4|| 基于你刚刚的推断得出你的最终结论，请输出你认为的卧底，在这种情况下只需要输出编号，是1-4中的某个数字，不要输出其他信息。在这个过程不要进行任何推理，只对||以前的部分进行信息提取
2024-12-13 14:53:56,302 - 2 - INFO - **********PLAYER2**********
4
