2024-12-13 14:49:41,374 - 3 - INFO - **********JUDGER**********
让我们来玩一个叫做<谁是卧底>的推理游戏。基本规则：<人数>：4人。<角色分配>：每位玩家随机抽取一个词语，3名玩家拿到的词语是相同的（平民词），1名玩家拿到与之相近但不同的词语（卧底词）。<游戏流程>：1、玩家轮流描述自己的词语，但<不能>直接说出词语本身。2、描述完毕后，投票选出最像卧底的玩家。3、每轮结束后，被投票选出的玩家出局，不能再进行描述或投票。4、每轮投票结束后，如果卧底被成功找出，平民方获胜；如果卧底未被找出且卧底人数等于或超过平民人数，则卧底方获胜。你将扮演一个<玩家>，请等待你被分配到的关键词。如果你听懂了，只回答，"好的，我准备好参加游戏了"，不要输出别的信息
2024-12-13 14:49:41,980 - 3 - INFO - **********PLAYER3**********
好的，我准备好参加游戏了
2024-12-13 14:49:46,688 - 3 - INFO - **********JUDGER**********
玩家1说：这个水果颜色鲜艳，通常呈红色或绿色。在水果类中，它特别适合作为礼物。玩家2说：这个水果皮薄多汁，味道甜美，是常见的送礼佳品。它在同类水果中以其独特的形状和色泽最为引人注目。玩家3说：玩家4说：|| 你是第3号玩家，你的关键词是<苹果>。你的回答中绝对不能包含你的关键词<苹果>。这是第一轮描述，不需要分析||之前别的玩家的描述，请你描述关键词基本特征，注意，这局游戏的词语分类为<水果>，卧底词和平民词都属于该类，描述包括以下两点，1.他的基本特征是什么2.他在该类（水果）中最突出不同的特征是什么，尽量简短
2024-12-13 14:49:48,680 - 3 - INFO - **********PLAYER3**********
这个水果外表光滑，通常有红、黄、绿等多种颜色。它在同类水果中以其脆甜多汁而闻名，是送礼时受欢迎的选择。
2024-12-13 14:50:28,620 - 3 - INFO - **********JUDGER**********
玩家1说：这个水果颜色鲜艳，通常呈红色或绿色。在水果类中，它特别适合作为礼物。玩家2说：这个水果皮薄多汁，味道甜美，是常见的送礼佳品。它在同类水果中以其独特的形状和色泽最为引人注目。玩家3说：这个水果外表光滑，通常有红、黄、绿等多种颜色。它在同类水果中以其脆甜多汁而闻名，是送礼时受欢迎的选择。玩家4说：||在这个游戏中，我们需要通过分析每位玩家的描述来找出卧底。通常，平民的描述会围绕相同的词语展开，而卧底的描述可能会因为词语的不同而显得不太一致。我们需要仔细比较每个描述之间的相似性和差异性，以找出可能的卧底，注意，卧底并不会隐藏自己，他会直接描述他的词语，现在，逐一分析每个玩家的描述，注意，这局游戏的词语分类为<水果>，卧底词和平民词都属于该类。这是第一轮描述。
2024-12-13 14:50:32,694 - 3 - INFO - **********PLAYER3**********
玩家1和玩家3的描述非常相似，都提到了颜色鲜艳、红色或绿色，以及适合作为礼物。玩家2的描述也强调了皮薄多汁、味道甜美，适合送礼，并且提到了独特的形状和色泽。如果玩家4是卧底，他的描述可能会与前三者有所不同，可能不会提及相同的颜色特征或者送礼的适宜性。我会注意玩家4的描述中是否有与前三者不一致的地方，比如提到的颜色、味道、形状或者用途。如果玩家4的描述与前三者有显著差异，那么他可能是卧底。
2024-12-13 14:50:32,695 - 3 - INFO - **********JUDGER**********
你刚刚的分析是玩家1和玩家3的描述非常相似，都提到了颜色鲜艳、红色或绿色，以及适合作为礼物。玩家2的描述也强调了皮薄多汁、味道甜美，适合送礼，并且提到了独特的形状和色泽。如果玩家4是卧底，他的描述可能会与前三者有所不同，可能不会提及相同的颜色特征或者送礼的适宜性。我会注意玩家4的描述中是否有与前三者不一致的地方，比如提到的颜色、味道、形状或者用途。如果玩家4的描述与前三者有显著差异，那么他可能是卧底。|| `请根据上述分析，比较描述以找出不一致之处，注意，这局游戏的词语分类为<水果>，卧底词和平民词都属于该类。
2024-12-13 14:50:39,264 - 3 - INFO - **********PLAYER3**********
根据上述分析，我们来比较四位玩家的描述：

玩家1和玩家3的描述几乎一致，都提到了水果的颜色（红色或绿色）、适合作为礼物、外表光滑和脆甜多汁。

玩家2的描述也提到了颜色（皮薄多汁、味道甜美）、适合送礼，并且强调了形状和色泽的独特性。

玩家4的描述没有直接提及颜色、送礼的适宜性或形状色泽，而是提到了光滑的外表和多种颜色，但没有强调味道或用途。

不一致之处在于：
- 玩家4没有提及味道和送礼的适宜性，而这是玩家1、2和3都提到的特征。
- 玩家4提到了多种颜色，但没有具体到红色或绿色，而玩家1和玩家3明确提到了红色或绿色。

基于这些差异，玩家4的描述可能与前三者有所不同，这可能是他作为卧底的一个线索。如果其他玩家没有注意到这些差异，那么玩家4可能是卧底。
2024-12-13 14:50:39,265 - 3 - INFO - **********JUDGER**********
你刚刚的分析是根据上述分析，我们来比较四位玩家的描述：

玩家1和玩家3的描述几乎一致，都提到了水果的颜色（红色或绿色）、适合作为礼物、外表光滑和脆甜多汁。

玩家2的描述也提到了颜色（皮薄多汁、味道甜美）、适合送礼，并且强调了形状和色泽的独特性。

玩家4的描述没有直接提及颜色、送礼的适宜性或形状色泽，而是提到了光滑的外表和多种颜色，但没有强调味道或用途。

不一致之处在于：
- 玩家4没有提及味道和送礼的适宜性，而这是玩家1、2和3都提到的特征。
- 玩家4提到了多种颜色，但没有具体到红色或绿色，而玩家1和玩家3明确提到了红色或绿色。

基于这些差异，玩家4的描述可能与前三者有所不同，这可能是他作为卧底的一个线索。如果其他玩家没有注意到这些差异，那么玩家4可能是卧底。|| 请通过你分析的不一致之处，推断卧底身份，注意，这局游戏的词语分类为<水果>，卧底词和平民词都属于该类。
2024-12-13 14:50:56,945 - 3 - INFO - **********PLAYER3**********
根据分析中提到的不一致之处，我们可以进行以下推断：

1. 玩家4的描述没有提到味道和送礼的适宜性，而这是玩家1、2和3都强调的特征。这表明玩家4的词语可能不是那种通常与味道和送礼特性紧密相关的水果。

2. 玩家4提到了多种颜色，但没有具体到红色或绿色，而玩家1和玩家3明确提到了红色或绿色。这表明玩家4的词语可能是颜色多样的水果，而不是特定于红色或绿色的。

考虑到游戏中的词语分类为<水果>，我们可以推测玩家4可能是卧底，因为他没有提到与红色或绿色相关的特征，也没有强调味道和送礼的适宜性，这两个特征在玩家1、2和3的描述中都很明显。

如果我们要进一步推测，玩家4可能是卧底的原因可能是因为他描述的水果可能是以下几种，这些水果在颜色上不如红色或绿色那么特定，或者它们的味道和送礼特性不像描述中那样被强调：
- 香蕉（颜色多样，味道甜，但通常不强调送礼）
- 橙子（颜色多样，味道甜，但同样不常被特别提为送礼佳品）
- 柑橘类水果（颜色多样，味道酸甜，不一定被普遍认为适合送礼）

因此，基于这些分析，玩家4可能是卧底。
2024-12-13 14:50:56,946 - 3 - INFO - **********JUDGER**********
你刚刚的推断是根据分析中提到的不一致之处，我们可以进行以下推断：

1. 玩家4的描述没有提到味道和送礼的适宜性，而这是玩家1、2和3都强调的特征。这表明玩家4的词语可能不是那种通常与味道和送礼特性紧密相关的水果。

2. 玩家4提到了多种颜色，但没有具体到红色或绿色，而玩家1和玩家3明确提到了红色或绿色。这表明玩家4的词语可能是颜色多样的水果，而不是特定于红色或绿色的。

考虑到游戏中的词语分类为<水果>，我们可以推测玩家4可能是卧底，因为他没有提到与红色或绿色相关的特征，也没有强调味道和送礼的适宜性，这两个特征在玩家1、2和3的描述中都很明显。

如果我们要进一步推测，玩家4可能是卧底的原因可能是因为他描述的水果可能是以下几种，这些水果在颜色上不如红色或绿色那么特定，或者它们的味道和送礼特性不像描述中那样被强调：
- 香蕉（颜色多样，味道甜，但通常不强调送礼）
- 橙子（颜色多样，味道甜，但同样不常被特别提为送礼佳品）
- 柑橘类水果（颜色多样，味道酸甜，不一定被普遍认为适合送礼）

因此，基于这些分析，玩家4可能是卧底。|| 基于你刚刚的推断得出你的最终结论，请输出你认为的卧底，在这种情况下只需要输出编号，是1-4中的某个数字，不要输出其他信息。在这个过程不要进行任何推理，只对||以前的部分进行信息提取
2024-12-13 14:50:57,685 - 3 - INFO - **********PLAYER3**********
4
2024-12-13 14:51:31,268 - 3 - INFO - **********JUDGER**********
玩家1说：这个水果颜色鲜艳，通常呈红色或绿色。在水果类中，它特别适合作为礼物。这个水果有着清新的香气，质地脆硬，汁水丰富，是水果中的佳品。它在同类水果中以其耐储存和便于携带而受到喜爱。玩家2说：这个水果皮薄多汁，味道甜美，是常见的送礼佳品。它在同类水果中以其独特的形状和色泽最为引人注目。这个水果的核位于中心，口感脆爽，富含果汁，成熟时色泽鲜艳，既可作为食用也可作为装饰。它在水果中以其季节性和营养价值而受到青睐。玩家3说：这个水果外表光滑，通常有红、黄、绿等多种颜色。它在同类水果中以其脆甜多汁而闻名，是送礼时受欢迎的选择。玩家4说：这个水果成熟时颜色多样，有红、黄、绿等，形状独特，果实大而重。在同类水果中，它因其强烈的气味和独特的口感而与众不同。你是第3号玩家，你的关键词是<苹果>。你的回答中绝对不能包含你的关键词<苹果>。这是第二轮描述，你之前的描述是这个水果外表光滑，通常有红、黄、绿等多种颜色。它在同类水果中以其脆甜多汁而闻名，是送礼时受欢迎的选择。，注意，这局游戏的词语分类为<水果>，卧底词和平民词都属于该类，请你补充关于关键词的描述，注意，你的描述应该比起之前的描述更加贴近关键词，作为之前的补充
2024-12-13 14:51:33,235 - 3 - INFO - **********PLAYER3**********
这个水果有着明显的季节性，成熟时香气浓郁，口感脆甜，汁水丰富。它的核较小，便于食用，且因其便于储存和携带，常作为礼物送给亲朋好友。
2024-12-13 14:52:06,053 - 3 - INFO - **********JUDGER**********
玩家1说：这个水果颜色鲜艳，通常呈红色或绿色。在水果类中，它特别适合作为礼物。这个水果有着清新的香气，质地脆硬，汁水丰富，是水果中的佳品。它在同类水果中以其耐储存和便于携带而受到喜爱。玩家2说：这个水果皮薄多汁，味道甜美，是常见的送礼佳品。它在同类水果中以其独特的形状和色泽最为引人注目。这个水果的核位于中心，口感脆爽，富含果汁，成熟时色泽鲜艳，既可作为食用也可作为装饰。它在水果中以其季节性和营养价值而受到青睐。玩家3说：这个水果外表光滑，通常有红、黄、绿等多种颜色。它在同类水果中以其脆甜多汁而闻名，是送礼时受欢迎的选择。这个水果有着明显的季节性，成熟时香气浓郁，口感脆甜，汁水丰富。它的核较小，便于食用，且因其便于储存和携带，常作为礼物送给亲朋好友。玩家4说：这个水果成熟时颜色多样，有红、黄、绿等，形状独特，果实大而重。在同类水果中，它因其强烈的气味和独特的口感而与众不同。||在这个游戏中，我们需要通过分析每位玩家的描述来找出卧底。通常，平民的描述会围绕相同的词语展开，而卧底的描述可能会因为词语的不同而显得不太一致。我们需要仔细比较每个描述之间的相似性和差异性，以找出可能的卧底，注意，卧底并不会隐藏自己，他会直接描述他的词语，现在，逐一分析每个玩家的描述，注意，这局游戏的词语分类为<水果>，卧底词和平民词都属于该类。||之前是第2轮描述和之前轮数描述的合集。你之前认为的卧底是玩家4。
2024-12-13 14:52:18,080 - 3 - INFO - **********PLAYER3**********
根据玩家4的描述，这个水果成熟时颜色多样，有红、黄、绿等，形状独特，果实大而重。它因其强烈的气味和独特的口感而与众不同。这与之前玩家1、2、3的描述存在一些差异：

- 玩家1、2、3都提到了清新的香气、脆甜的口感和丰富的汁水，而玩家4提到了强烈的气味和独特的口感。
- 玩家4强调了果实大而重，而其他玩家没有提到这一点。
- 玩家4的描述中提到了既可作为食用也可作为装饰，而其他玩家没有提到装饰用途。

这些差异可能表明玩家4的描述与苹果的特征不完全吻合，尤其是关于气味和果实大小的描述。因此，基于这些分析，玩家4的描述可能仍然指向他作为卧底的可能性。然而，如果没有更多的信息或者其他玩家有更明显的差异，那么玩家4仍然是最有可能的卧底候选。
2024-12-13 14:52:18,081 - 3 - INFO - **********JUDGER**********
你刚刚的分析是根据玩家4的描述，这个水果成熟时颜色多样，有红、黄、绿等，形状独特，果实大而重。它因其强烈的气味和独特的口感而与众不同。这与之前玩家1、2、3的描述存在一些差异：

- 玩家1、2、3都提到了清新的香气、脆甜的口感和丰富的汁水，而玩家4提到了强烈的气味和独特的口感。
- 玩家4强调了果实大而重，而其他玩家没有提到这一点。
- 玩家4的描述中提到了既可作为食用也可作为装饰，而其他玩家没有提到装饰用途。

这些差异可能表明玩家4的描述与苹果的特征不完全吻合，尤其是关于气味和果实大小的描述。因此，基于这些分析，玩家4的描述可能仍然指向他作为卧底的可能性。然而，如果没有更多的信息或者其他玩家有更明显的差异，那么玩家4仍然是最有可能的卧底候选。|| `请根据上述分析，比较描述以找出不一致之处，注意，这局游戏的词语分类为<水果>，卧底词和平民词都属于该类。
2024-12-13 14:52:25,171 - 3 - INFO - **********PLAYER3**********
根据上述分析，以下是不一致之处：

1. **气味描述**：玩家1、2、3描述的气味是“清新的香气”，而玩家4描述的是“强烈的气味”。这表明玩家4的水果可能不是以清新香气著称的。

2. **果实大小和重量**：玩家4提到他的水果“果实大而重”，而玩家1、2、3没有提到这一点。这可能是玩家4描述的水果与苹果等常见水果不同的一个特征。

3. **装饰用途**：玩家4提到他的水果“既可作为食用也可作为装饰”，这是一个额外的用途，而其他玩家没有提到装饰用途。

4. **口感描述**：虽然玩家1、2、3都提到了“脆甜的口感”，但玩家4描述的是“独特的口感”，这可能是对味道的另一种描述，暗示了不同的风味。

这些不一致之处可能表明玩家4的描述与苹果的特征有显著差异，因此，如果必须在这四个描述中选出一个最有可能的卧底，玩家4的描述可能是最可疑的。
2024-12-13 14:52:25,173 - 3 - INFO - **********JUDGER**********
你刚刚的分析是根据上述分析，以下是不一致之处：

1. **气味描述**：玩家1、2、3描述的气味是“清新的香气”，而玩家4描述的是“强烈的气味”。这表明玩家4的水果可能不是以清新香气著称的。

2. **果实大小和重量**：玩家4提到他的水果“果实大而重”，而玩家1、2、3没有提到这一点。这可能是玩家4描述的水果与苹果等常见水果不同的一个特征。

3. **装饰用途**：玩家4提到他的水果“既可作为食用也可作为装饰”，这是一个额外的用途，而其他玩家没有提到装饰用途。

4. **口感描述**：虽然玩家1、2、3都提到了“脆甜的口感”，但玩家4描述的是“独特的口感”，这可能是对味道的另一种描述，暗示了不同的风味。

这些不一致之处可能表明玩家4的描述与苹果的特征有显著差异，因此，如果必须在这四个描述中选出一个最有可能的卧底，玩家4的描述可能是最可疑的。|| 请通过你分析的不一致之处，推断卧底身份，注意，这局游戏的词语分类为<水果>，卧底词和平民词都属于该类。
2024-12-13 14:52:30,853 - 3 - INFO - **********PLAYER3**********
基于分析的不一致之处，玩家4的描述与苹果的特征有显著差异，以下是我的推断：

- 玩家4描述的“强烈的气味”与苹果通常的清新香气不符。
- 玩家4提到的“果实大而重”与苹果常见的大小和重量描述不同。
- 玩家4提到的“既可作为食用也可作为装饰”的用途，虽然苹果也可以作为装饰，但这不是苹果的主要特性，而其他玩家没有提到这一点。
- 玩家4的“独特的口感”可能指的是与苹果不同的风味，这与其他玩家描述的“脆甜的口感”有所区别。

综合这些点，玩家4的描述与苹果的典型特征不符，因此我认为玩家4可能是卧底。
2024-12-13 14:52:30,855 - 3 - INFO - **********JUDGER**********
你刚刚的推断是基于分析的不一致之处，玩家4的描述与苹果的特征有显著差异，以下是我的推断：

- 玩家4描述的“强烈的气味”与苹果通常的清新香气不符。
- 玩家4提到的“果实大而重”与苹果常见的大小和重量描述不同。
- 玩家4提到的“既可作为食用也可作为装饰”的用途，虽然苹果也可以作为装饰，但这不是苹果的主要特性，而其他玩家没有提到这一点。
- 玩家4的“独特的口感”可能指的是与苹果不同的风味，这与其他玩家描述的“脆甜的口感”有所区别。

综合这些点，玩家4的描述与苹果的典型特征不符，因此我认为玩家4可能是卧底。|| 基于你刚刚的推断得出你的最终结论，请输出你认为的卧底，在这种情况下只需要输出编号，是1-4中的某个数字，不要输出其他信息。在这个过程不要进行任何推理，只对||以前的部分进行信息提取
2024-12-13 14:52:31,551 - 3 - INFO - **********PLAYER3**********
4
2024-12-13 14:52:53,974 - 3 - INFO - **********JUDGER**********
玩家1说：这个水果颜色鲜艳，通常呈红色或绿色。在水果类中，它特别适合作为礼物。这个水果有着清新的香气，质地脆硬，汁水丰富，是水果中的佳品。它在同类水果中以其耐储存和便于携带而受到喜爱。这种水果有着光滑的表皮，色泽鲜明，无论是红、黄还是绿色，都散发出诱人的光泽。它的质地坚实，切开后汁液丰富，每一口都能感受到脆甜的滋味。这种水果的核小而易于食用，且因其保质期较长，携带方便，是送礼和日常食用的理想选择。玩家2说：这个水果皮薄多汁，味道甜美，是常见的送礼佳品。它在同类水果中以其独特的形状和色泽最为引人注目。这个水果的核位于中心，口感脆爽，富含果汁，成熟时色泽鲜艳，既可作为食用也可作为装饰。它在水果中以其季节性和营养价值而受到青睐。这种水果的形状通常为圆形或略带棱角，表面光滑，色泽鲜艳，有红、黄、绿等多种颜色。它的质地坚实，切开后汁液丰富，每一口都能感受到脆甜的滋味。这种水果的核小而易于食用，且因其保质期较长，携带方便，是送礼和日常食用的理想选择。玩家3说：这个水果外表光滑，通常有红、黄、绿等多种颜色。它在同类水果中以其脆甜多汁而闻名，是送礼时受欢迎的选择。这个水果有着明显的季节性，成熟时香气浓郁，口感脆甜，汁水丰富。它的核较小，便于食用，且因其便于储存和携带，常作为礼物送给亲朋好友。玩家4说：这个水果成熟时颜色多样，有红、黄、绿等，形状独特，果实大而重。在同类水果中，它因其强烈的气味和独特的口感而与众不同。这个水果成熟时香气浓郁，果肉细腻，虽然味道独特，但并不是所有人都喜欢。它的果肉通常呈现乳白色，质地软糯，含有大量的小颗粒。这种水果在储存和运输上需要特别注意，因为它容易变质。尽管如此，它仍然是某些文化中重要的食材和礼物。你是第3号玩家，你的关键词是<苹果>。你的回答中绝对不能包含你的关键词<苹果>。这是第三轮描述，你之前的描述是这个水果外表光滑，通常有红、黄、绿等多种颜色。它在同类水果中以其脆甜多汁而闻名，是送礼时受欢迎的选择。和这个水果有着明显的季节性，成熟时香气浓郁，口感脆甜，汁水丰富。它的核较小，便于食用，且因其便于储存和携带，常作为礼物送给亲朋好友。，注意，这局游戏的词语分类为<水果>，卧底词和平民词都属于该类，请你补充关于关键词的描述，注意，你的描述应该比起之前的描述更加贴近关键词，作为之前的补充
2024-12-13 14:52:58,119 - 3 - INFO - **********PLAYER3**********
这种水果的质地坚实，切开后汁液丰富，每一口都能感受到脆甜的滋味。它的核小，易于食用，且因其保质期较长，携带方便，是送礼和日常食用的理想选择。这种水果在储存和运输上需要特别注意，因为它容易变质。
2024-12-13 14:53:56,303 - 3 - INFO - **********JUDGER**********
玩家1说：这个水果颜色鲜艳，通常呈红色或绿色。在水果类中，它特别适合作为礼物。这个水果有着清新的香气，质地脆硬，汁水丰富，是水果中的佳品。它在同类水果中以其耐储存和便于携带而受到喜爱。这种水果有着光滑的表皮，色泽鲜明，无论是红、黄还是绿色，都散发出诱人的光泽。它的质地坚实，切开后汁液丰富，每一口都能感受到脆甜的滋味。这种水果的核小而易于食用，且因其保质期较长，携带方便，是送礼和日常食用的理想选择。玩家2说：这个水果皮薄多汁，味道甜美，是常见的送礼佳品。它在同类水果中以其独特的形状和色泽最为引人注目。这个水果的核位于中心，口感脆爽，富含果汁，成熟时色泽鲜艳，既可作为食用也可作为装饰。它在水果中以其季节性和营养价值而受到青睐。这种水果的形状通常为圆形或略带棱角，表面光滑，色泽鲜艳，有红、黄、绿等多种颜色。它的质地坚实，切开后汁液丰富，每一口都能感受到脆甜的滋味。这种水果的核小而易于食用，且因其保质期较长，携带方便，是送礼和日常食用的理想选择。玩家3说：这个水果外表光滑，通常有红、黄、绿等多种颜色。它在同类水果中以其脆甜多汁而闻名，是送礼时受欢迎的选择。这个水果有着明显的季节性，成熟时香气浓郁，口感脆甜，汁水丰富。它的核较小，便于食用，且因其便于储存和携带，常作为礼物送给亲朋好友。这种水果的质地坚实，切开后汁液丰富，每一口都能感受到脆甜的滋味。它的核小，易于食用，且因其保质期较长，携带方便，是送礼和日常食用的理想选择。这种水果在储存和运输上需要特别注意，因为它容易变质。玩家4说：这个水果成熟时颜色多样，有红、黄、绿等，形状独特，果实大而重。在同类水果中，它因其强烈的气味和独特的口感而与众不同。这个水果成熟时香气浓郁，果肉细腻，虽然味道独特，但并不是所有人都喜欢。它的果肉通常呈现乳白色，质地软糯，含有大量的小颗粒。这种水果在储存和运输上需要特别注意，因为它容易变质。尽管如此，它仍然是某些文化中重要的食材和礼物。这种水果的香气独特，能够远距离被人闻到。它的果肉部分通常由多个小房间组成，每个房间都含有种子和汁液。这种水果的质地比较软，容易分解，因此需要尽快食用或妥善保存。尽管它的气味可能让人望而却步，但在某些地区，它被视为珍贵的食材，有着特殊的食用文化。||在这个游戏中，我们需要通过分析每位玩家的描述来找出卧底。通常，平民的描述会围绕相同的词语展开，而卧底的描述可能会因为词语的不同而显得不太一致。我们需要仔细比较每个描述之间的相似性和差异性，以找出可能的卧底，注意，卧底并不会隐藏自己，他会直接描述他的词语，现在，逐一分析每个玩家的描述，注意，这局游戏的词语分类为<水果>，卧底词和平民词都属于该类。||之前是第3轮描述和之前轮数描述的合集。你之前认为的卧底是玩家4。
2024-12-13 14:54:04,825 - 3 - INFO - **********PLAYER3**********
在第三轮描述中，玩家4的描述与之前玩家1、2、3的描述存在以下不一致之处：

1. **气味描述**：玩家4提到了“强烈的气味”，而其他玩家没有强调气味。
2. **果肉质地**：玩家4描述果肉为“乳白色，质地软糯”，含有大量的小颗粒，而其他玩家没有提到这些特征。
3. **储存和运输**：玩家4强调这种水果在储存和运输上需要特别注意，因为它容易变质，而其他玩家没有提到这一点。
4. **食用文化**：玩家4提到在某些地区，这种水果被视为珍贵的食材，有着特殊的食用文化，而其他玩家没有提到文化背景。

这些差异可能表明玩家4的描述与苹果的特征有显著差异，因此，基于这些分析，玩家4的描述仍然指向他作为卧底的可能性。
2024-12-13 14:54:04,830 - 3 - INFO - **********JUDGER**********
你刚刚的分析是在第三轮描述中，玩家4的描述与之前玩家1、2、3的描述存在以下不一致之处：

1. **气味描述**：玩家4提到了“强烈的气味”，而其他玩家没有强调气味。
2. **果肉质地**：玩家4描述果肉为“乳白色，质地软糯”，含有大量的小颗粒，而其他玩家没有提到这些特征。
3. **储存和运输**：玩家4强调这种水果在储存和运输上需要特别注意，因为它容易变质，而其他玩家没有提到这一点。
4. **食用文化**：玩家4提到在某些地区，这种水果被视为珍贵的食材，有着特殊的食用文化，而其他玩家没有提到文化背景。

这些差异可能表明玩家4的描述与苹果的特征有显著差异，因此，基于这些分析，玩家4的描述仍然指向他作为卧底的可能性。|| `请根据上述分析，比较描述以找出不一致之处，注意，这局游戏的词语分类为<水果>，卧底词和平民词都属于该类。
2024-12-13 14:54:11,165 - 3 - INFO - **********PLAYER3**********
根据上述分析，以下是不一致之处：

1. **气味**：玩家4描述的“强烈的气味”与玩家1、2、3描述的“清新的香气”形成对比。
2. **果肉质地**：玩家4提到的“乳白色，质地软糯，含有大量的小颗粒”与玩家1、2、3描述的“质地脆硬，汁水丰富”不同。
3. **储存和运输**：玩家4强调的“容易变质”与玩家1、2、3描述的“耐储存”相矛盾。
4. **食用文化**：玩家4提到的“特殊的食用文化”并未在玩家1、2、3的描述中出现。
2024-12-13 14:54:11,166 - 3 - INFO - **********JUDGER**********
你刚刚的分析是根据上述分析，以下是不一致之处：

1. **气味**：玩家4描述的“强烈的气味”与玩家1、2、3描述的“清新的香气”形成对比。
2. **果肉质地**：玩家4提到的“乳白色，质地软糯，含有大量的小颗粒”与玩家1、2、3描述的“质地脆硬，汁水丰富”不同。
3. **储存和运输**：玩家4强调的“容易变质”与玩家1、2、3描述的“耐储存”相矛盾。
4. **食用文化**：玩家4提到的“特殊的食用文化”并未在玩家1、2、3的描述中出现。|| 请通过你分析的不一致之处，推断卧底身份，注意，这局游戏的词语分类为<水果>，卧底词和平民词都属于该类。
2024-12-13 14:54:16,961 - 3 - INFO - **********PLAYER3**********
基于分析的不一致之处，玩家4的描述与苹果的特征存在显著差异，以下是我的推断：

- 玩家4描述的“强烈的气味”和“容易变质”与苹果通常的清新香气和耐储存特性不符。
- 玩家4提到的“乳白色，质地软糯，含有大量的小颗粒”与苹果的质地脆硬和汁水丰富的描述不同。
- 玩家4的描述中提到的“特殊的食用文化”没有在玩家1、2、3的描述中出现，这可能是卧底词特有的文化背景。

综合这些点，玩家4的描述与苹果的典型特征不符，因此我认为玩家4可能是卧底。
2024-12-13 14:54:16,962 - 3 - INFO - **********JUDGER**********
你刚刚的推断是基于分析的不一致之处，玩家4的描述与苹果的特征存在显著差异，以下是我的推断：

- 玩家4描述的“强烈的气味”和“容易变质”与苹果通常的清新香气和耐储存特性不符。
- 玩家4提到的“乳白色，质地软糯，含有大量的小颗粒”与苹果的质地脆硬和汁水丰富的描述不同。
- 玩家4的描述中提到的“特殊的食用文化”没有在玩家1、2、3的描述中出现，这可能是卧底词特有的文化背景。

综合这些点，玩家4的描述与苹果的典型特征不符，因此我认为玩家4可能是卧底。|| 基于你刚刚的推断得出你的最终结论，请输出你认为的卧底，在这种情况下只需要输出编号，是1-4中的某个数字，不要输出其他信息。在这个过程不要进行任何推理，只对||以前的部分进行信息提取
2024-12-13 14:54:18,539 - 3 - INFO - **********PLAYER3**********
4
