2024-12-13 14:49:42,966 - 4 - INFO - **********JUDGER**********
让我们来玩一个叫做<谁是卧底>的推理游戏。基本规则：<人数>：4人。<角色分配>：每位玩家随机抽取一个词语，3名玩家拿到的词语是相同的（平民词），1名玩家拿到与之相近但不同的词语（卧底词）。<游戏流程>：1、玩家轮流描述自己的词语，但<不能>直接说出词语本身。2、描述完毕后，投票选出最像卧底的玩家。3、每轮结束后，被投票选出的玩家出局，不能再进行描述或投票。4、每轮投票结束后，如果卧底被成功找出，平民方获胜；如果卧底未被找出且卧底人数等于或超过平民人数，则卧底方获胜。你将扮演一个<玩家>，请等待你被分配到的关键词。如果你听懂了，只回答，"好的，我准备好参加游戏了"，不要输出别的信息
2024-12-13 14:49:43,708 - 4 - INFO - **********PLAYER4**********
好的，我准备好参加游戏了
2024-12-13 14:49:48,681 - 4 - INFO - **********JUDGER**********
玩家1说：这个水果颜色鲜艳，通常呈红色或绿色。在水果类中，它特别适合作为礼物。玩家2说：这个水果皮薄多汁，味道甜美，是常见的送礼佳品。它在同类水果中以其独特的形状和色泽最为引人注目。玩家3说：这个水果外表光滑，通常有红、黄、绿等多种颜色。它在同类水果中以其脆甜多汁而闻名，是送礼时受欢迎的选择。玩家4说：|| 你是第4号玩家，你的关键词是<榴莲>。你的回答中绝对不能包含你的关键词<榴莲>。这是第一轮描述，不需要分析||之前别的玩家的描述，请你描述关键词基本特征，注意，这局游戏的词语分类为<水果>，卧底词和平民词都属于该类，描述包括以下两点，1.他的基本特征是什么2.他在该类（水果）中最突出不同的特征是什么，尽量简短
2024-12-13 14:49:51,080 - 4 - INFO - **********PLAYER4**********
这个水果成熟时颜色多样，有红、黄、绿等，形状独特，果实大而重。在同类水果中，它因其强烈的气味和独特的口感而与众不同。
2024-12-13 14:50:57,686 - 4 - INFO - **********JUDGER**********
玩家1说：这个水果颜色鲜艳，通常呈红色或绿色。在水果类中，它特别适合作为礼物。玩家2说：这个水果皮薄多汁，味道甜美，是常见的送礼佳品。它在同类水果中以其独特的形状和色泽最为引人注目。玩家3说：这个水果外表光滑，通常有红、黄、绿等多种颜色。它在同类水果中以其脆甜多汁而闻名，是送礼时受欢迎的选择。玩家4说：||在这个游戏中，我们需要通过分析每位玩家的描述来找出卧底。通常，平民的描述会围绕相同的词语展开，而卧底的描述可能会因为词语的不同而显得不太一致。我们需要仔细比较每个描述之间的相似性和差异性，以找出可能的卧底，注意，卧底并不会隐藏自己，他会直接描述他的词语，现在，逐一分析每个玩家的描述，注意，这局游戏的词语分类为<水果>，卧底词和平民词都属于该类。这是第一轮描述。
2024-12-13 14:51:05,247 - 4 - INFO - **********PLAYER4**********
根据玩家的描述，我们可以看到：

玩家1描述的是一种颜色鲜艳、适合作为礼物的水果。
玩家2描述的是一种皮薄多汁、味道甜美、形状独特、色泽引人注目的水果。
玩家3描述的是一种外表光滑、颜色多样、脆甜多汁、送礼时受欢迎的水果。

这些描述都指向了某种常见的水果，如苹果或橙子。然而，玩家4没有提供任何描述，这可能是一个线索，表明玩家4可能是卧底，因为他没有像其他玩家那样描述一个具体的水果特征。

由于所有描述都集中在某些共同的特征上，如颜色、味道、适合作为礼物等，这表明平民的词语可能是相同的。如果玩家4是卧底，他可能没有遵循这个模式，因此他的描述可能是最不一致的。

因此，玩家4可能是卧底，因为他的描述与其他玩家的描述相比显得不协调。
2024-12-13 14:51:05,251 - 4 - INFO - **********JUDGER**********
你刚刚的分析是根据玩家的描述，我们可以看到：

玩家1描述的是一种颜色鲜艳、适合作为礼物的水果。
玩家2描述的是一种皮薄多汁、味道甜美、形状独特、色泽引人注目的水果。
玩家3描述的是一种外表光滑、颜色多样、脆甜多汁、送礼时受欢迎的水果。

这些描述都指向了某种常见的水果，如苹果或橙子。然而，玩家4没有提供任何描述，这可能是一个线索，表明玩家4可能是卧底，因为他没有像其他玩家那样描述一个具体的水果特征。

由于所有描述都集中在某些共同的特征上，如颜色、味道、适合作为礼物等，这表明平民的词语可能是相同的。如果玩家4是卧底，他可能没有遵循这个模式，因此他的描述可能是最不一致的。

因此，玩家4可能是卧底，因为他的描述与其他玩家的描述相比显得不协调。|| `请根据上述分析，比较描述以找出不一致之处，注意，这局游戏的词语分类为<水果>，卧底词和平民词都属于该类。
2024-12-13 14:51:14,474 - 4 - INFO - **********PLAYER4**********
根据上述分析，我们可以比较描述中的一致性和不一致性如下：

- 玩家1、玩家2和玩家3的描述都提到了水果的颜色、味道、适合作为礼物以及外观特征，如皮薄、多汁、光滑等。
- 玩家4没有提供任何描述，这本身就是一个不一致之处，因为其他玩家都在描述水果的具体特征。

在具体特征上，玩家1、玩家2和玩家3的描述有以下几个共同点：
- 颜色鲜艳或多样。
- 适合作为礼物。
- 味道甜美或脆甜。
- 外观特征如皮薄、多汁、光滑。

这些共同点表明他们可能持有的词语是类似的水果，如苹果、橙子等。

玩家4没有描述，无法直接比较他的描述与其他玩家的差异。但是，由于其他玩家都在描述具体的水果特征，玩家4的沉默可能表明他要么没有遵循游戏规则，要么他的词语可能与其他玩家不同。

因此，不一致之处在于玩家4没有提供描述，而其他玩家都在描述具体的水果特征。这可能是玩家4是卧底的一个迹象。如果玩家4的词语确实属于水果类别，那么他可能故意不描述，以避免暴露自己。如果他的词语不属于水果类别，那么他的沉默本身就是与游戏规则不一致的行为。
2024-12-13 14:51:14,478 - 4 - INFO - **********JUDGER**********
你刚刚的分析是根据上述分析，我们可以比较描述中的一致性和不一致性如下：

- 玩家1、玩家2和玩家3的描述都提到了水果的颜色、味道、适合作为礼物以及外观特征，如皮薄、多汁、光滑等。
- 玩家4没有提供任何描述，这本身就是一个不一致之处，因为其他玩家都在描述水果的具体特征。

在具体特征上，玩家1、玩家2和玩家3的描述有以下几个共同点：
- 颜色鲜艳或多样。
- 适合作为礼物。
- 味道甜美或脆甜。
- 外观特征如皮薄、多汁、光滑。

这些共同点表明他们可能持有的词语是类似的水果，如苹果、橙子等。

玩家4没有描述，无法直接比较他的描述与其他玩家的差异。但是，由于其他玩家都在描述具体的水果特征，玩家4的沉默可能表明他要么没有遵循游戏规则，要么他的词语可能与其他玩家不同。

因此，不一致之处在于玩家4没有提供描述，而其他玩家都在描述具体的水果特征。这可能是玩家4是卧底的一个迹象。如果玩家4的词语确实属于水果类别，那么他可能故意不描述，以避免暴露自己。如果他的词语不属于水果类别，那么他的沉默本身就是与游戏规则不一致的行为。|| 请通过你分析的不一致之处，推断卧底身份，注意，这局游戏的词语分类为<水果>，卧底词和平民词都属于该类。
2024-12-13 14:51:23,018 - 4 - INFO - **********PLAYER4**********
基于上述分析，我们可以推断以下情况：

1. 玩家1、玩家2和玩家3的描述都指向了具有共同特征的水果，如颜色鲜艳、味道甜美、适合作为礼物等。这些特征与苹果、橙子等常见水果相符。

2. 玩家4没有提供任何描述，这可能意味着他没有遵循游戏规则，或者他的词语不属于水果类别。

由于游戏规则明确指出卧底词和平民词都属于水果类别，玩家4的沉默可能表明他的词语不是普通的水果。如果玩家4是卧底，那么他的词语可能是以下几种情况之一：

- 一种不常见的水果，其他玩家没有考虑到。
- 一种在描述中难以直接表达的水果特征。
- 一种与常见水果有显著差异的水果，使得玩家4难以用相同的方式描述。

综上所述，玩家4可能是卧底，因为他的描述与游戏规则中的描述模式不一致。他的沉默可能是因为他的词语不是普通的水果，或者他故意不描述以隐藏自己的身份。在接下来的投票中，玩家4应该被密切观察，因为他的沉默可能是揭示卧底身份的关键线索。
2024-12-13 14:51:23,020 - 4 - INFO - **********JUDGER**********
你刚刚的推断是基于上述分析，我们可以推断以下情况：

1. 玩家1、玩家2和玩家3的描述都指向了具有共同特征的水果，如颜色鲜艳、味道甜美、适合作为礼物等。这些特征与苹果、橙子等常见水果相符。

2. 玩家4没有提供任何描述，这可能意味着他没有遵循游戏规则，或者他的词语不属于水果类别。

由于游戏规则明确指出卧底词和平民词都属于水果类别，玩家4的沉默可能表明他的词语不是普通的水果。如果玩家4是卧底，那么他的词语可能是以下几种情况之一：

- 一种不常见的水果，其他玩家没有考虑到。
- 一种在描述中难以直接表达的水果特征。
- 一种与常见水果有显著差异的水果，使得玩家4难以用相同的方式描述。

综上所述，玩家4可能是卧底，因为他的描述与游戏规则中的描述模式不一致。他的沉默可能是因为他的词语不是普通的水果，或者他故意不描述以隐藏自己的身份。在接下来的投票中，玩家4应该被密切观察，因为他的沉默可能是揭示卧底身份的关键线索。|| 基于你刚刚的推断得出你的最终结论，请输出你认为的卧底，在这种情况下只需要输出编号，是1-4中的某个数字，不要输出其他信息。在这个过程不要进行任何推理，只对||以前的部分进行信息提取
2024-12-13 14:51:23,875 - 4 - INFO - **********PLAYER4**********
4
2024-12-13 14:51:33,235 - 4 - INFO - **********JUDGER**********
玩家1说：这个水果颜色鲜艳，通常呈红色或绿色。在水果类中，它特别适合作为礼物。这个水果有着清新的香气，质地脆硬，汁水丰富，是水果中的佳品。它在同类水果中以其耐储存和便于携带而受到喜爱。玩家2说：这个水果皮薄多汁，味道甜美，是常见的送礼佳品。它在同类水果中以其独特的形状和色泽最为引人注目。这个水果的核位于中心，口感脆爽，富含果汁，成熟时色泽鲜艳，既可作为食用也可作为装饰。它在水果中以其季节性和营养价值而受到青睐。玩家3说：这个水果外表光滑，通常有红、黄、绿等多种颜色。它在同类水果中以其脆甜多汁而闻名，是送礼时受欢迎的选择。这个水果有着明显的季节性，成熟时香气浓郁，口感脆甜，汁水丰富。它的核较小，便于食用，且因其便于储存和携带，常作为礼物送给亲朋好友。玩家4说：这个水果成熟时颜色多样，有红、黄、绿等，形状独特，果实大而重。在同类水果中，它因其强烈的气味和独特的口感而与众不同。你是第4号玩家，你的关键词是<榴莲>。你的回答中绝对不能包含你的关键词<榴莲>。这是第二轮描述，你之前的描述是这个水果成熟时颜色多样，有红、黄、绿等，形状独特，果实大而重。在同类水果中，它因其强烈的气味和独特的口感而与众不同。，注意，这局游戏的词语分类为<水果>，卧底词和平民词都属于该类，请你补充关于关键词的描述，注意，你的描述应该比起之前的描述更加贴近关键词，作为之前的补充
2024-12-13 14:51:36,815 - 4 - INFO - **********PLAYER4**********
这个水果成熟时香气浓郁，果肉细腻，虽然味道独特，但并不是所有人都喜欢。它的果肉通常呈现乳白色，质地软糯，含有大量的小颗粒。这种水果在储存和运输上需要特别注意，因为它容易变质。尽管如此，它仍然是某些文化中重要的食材和礼物。
2024-12-13 14:52:31,552 - 4 - INFO - **********JUDGER**********
玩家1说：这个水果颜色鲜艳，通常呈红色或绿色。在水果类中，它特别适合作为礼物。这个水果有着清新的香气，质地脆硬，汁水丰富，是水果中的佳品。它在同类水果中以其耐储存和便于携带而受到喜爱。玩家2说：这个水果皮薄多汁，味道甜美，是常见的送礼佳品。它在同类水果中以其独特的形状和色泽最为引人注目。这个水果的核位于中心，口感脆爽，富含果汁，成熟时色泽鲜艳，既可作为食用也可作为装饰。它在水果中以其季节性和营养价值而受到青睐。玩家3说：这个水果外表光滑，通常有红、黄、绿等多种颜色。它在同类水果中以其脆甜多汁而闻名，是送礼时受欢迎的选择。这个水果有着明显的季节性，成熟时香气浓郁，口感脆甜，汁水丰富。它的核较小，便于食用，且因其便于储存和携带，常作为礼物送给亲朋好友。玩家4说：这个水果成熟时颜色多样，有红、黄、绿等，形状独特，果实大而重。在同类水果中，它因其强烈的气味和独特的口感而与众不同。||在这个游戏中，我们需要通过分析每位玩家的描述来找出卧底。通常，平民的描述会围绕相同的词语展开，而卧底的描述可能会因为词语的不同而显得不太一致。我们需要仔细比较每个描述之间的相似性和差异性，以找出可能的卧底，注意，卧底并不会隐藏自己，他会直接描述他的词语，现在，逐一分析每个玩家的描述，注意，这局游戏的词语分类为<水果>，卧底词和平民词都属于该类。||之前是第2轮描述和之前轮数描述的合集。你之前认为的卧底是玩家4。
2024-12-13 14:52:32,304 - 4 - INFO - **********PLAYER4**********
玩家4
2024-12-13 14:52:32,305 - 4 - INFO - **********JUDGER**********
你刚刚的分析是玩家4|| `请根据上述分析，比较描述以找出不一致之处，注意，这局游戏的词语分类为<水果>，卧底词和平民词都属于该类。
2024-12-13 14:52:39,981 - 4 - INFO - **********PLAYER4**********
根据玩家的描述，我们可以比较以下不一致之处：

- 玩家1、玩家2和玩家3的描述都强调了水果的颜色、味道、适合作为礼物、口感、汁水丰富、季节性以及营养价值等特征，这些都是常见水果的典型描述。
- 玩家4的描述虽然也提到了颜色多样、形状独特、果实大而重，但他特别强调了“强烈的气味和独特的口感”，这与玩家1、2、3描述的清新香气、甜美味道、脆爽口感等特征形成了对比。

不一致之处在于玩家4描述的“强烈的气味”和“独特的口感”与玩家1、2、3描述的“清新香气”、“甜美味道”和“脆爽口感”不一致。玩家1、2、3的描述更偏向于描述常见水果的普遍特征，而玩家4的描述则提到了一些可能不被所有水果共有的特征，如强烈的气味。

因此，不一致之处在于玩家4描述的水果特征与玩家1、2、3的描述存在显著差异，这可能是他作为卧底的一个迹象。
2024-12-13 14:52:39,982 - 4 - INFO - **********JUDGER**********
你刚刚的分析是根据玩家的描述，我们可以比较以下不一致之处：

- 玩家1、玩家2和玩家3的描述都强调了水果的颜色、味道、适合作为礼物、口感、汁水丰富、季节性以及营养价值等特征，这些都是常见水果的典型描述。
- 玩家4的描述虽然也提到了颜色多样、形状独特、果实大而重，但他特别强调了“强烈的气味和独特的口感”，这与玩家1、2、3描述的清新香气、甜美味道、脆爽口感等特征形成了对比。

不一致之处在于玩家4描述的“强烈的气味”和“独特的口感”与玩家1、2、3描述的“清新香气”、“甜美味道”和“脆爽口感”不一致。玩家1、2、3的描述更偏向于描述常见水果的普遍特征，而玩家4的描述则提到了一些可能不被所有水果共有的特征，如强烈的气味。

因此，不一致之处在于玩家4描述的水果特征与玩家1、2、3的描述存在显著差异，这可能是他作为卧底的一个迹象。|| 请通过你分析的不一致之处，推断卧底身份，注意，这局游戏的词语分类为<水果>，卧底词和平民词都属于该类。
2024-12-13 14:52:42,250 - 4 - INFO - **********PLAYER4**********
根据上述分析的不一致之处，结合游戏规则和词语分类为<水果>，我推断卧底身份是玩家4。
2024-12-13 14:52:42,251 - 4 - INFO - **********JUDGER**********
你刚刚的推断是根据上述分析的不一致之处，结合游戏规则和词语分类为<水果>，我推断卧底身份是玩家4。|| 基于你刚刚的推断得出你的最终结论，请输出你认为的卧底，在这种情况下只需要输出编号，是1-4中的某个数字，不要输出其他信息。在这个过程不要进行任何推理，只对||以前的部分进行信息提取
2024-12-13 14:52:43,292 - 4 - INFO - **********PLAYER4**********
4
2024-12-13 14:52:58,120 - 4 - INFO - **********JUDGER**********
玩家1说：这个水果颜色鲜艳，通常呈红色或绿色。在水果类中，它特别适合作为礼物。这个水果有着清新的香气，质地脆硬，汁水丰富，是水果中的佳品。它在同类水果中以其耐储存和便于携带而受到喜爱。这种水果有着光滑的表皮，色泽鲜明，无论是红、黄还是绿色，都散发出诱人的光泽。它的质地坚实，切开后汁液丰富，每一口都能感受到脆甜的滋味。这种水果的核小而易于食用，且因其保质期较长，携带方便，是送礼和日常食用的理想选择。玩家2说：这个水果皮薄多汁，味道甜美，是常见的送礼佳品。它在同类水果中以其独特的形状和色泽最为引人注目。这个水果的核位于中心，口感脆爽，富含果汁，成熟时色泽鲜艳，既可作为食用也可作为装饰。它在水果中以其季节性和营养价值而受到青睐。这种水果的形状通常为圆形或略带棱角，表面光滑，色泽鲜艳，有红、黄、绿等多种颜色。它的质地坚实，切开后汁液丰富，每一口都能感受到脆甜的滋味。这种水果的核小而易于食用，且因其保质期较长，携带方便，是送礼和日常食用的理想选择。玩家3说：这个水果外表光滑，通常有红、黄、绿等多种颜色。它在同类水果中以其脆甜多汁而闻名，是送礼时受欢迎的选择。这个水果有着明显的季节性，成熟时香气浓郁，口感脆甜，汁水丰富。它的核较小，便于食用，且因其便于储存和携带，常作为礼物送给亲朋好友。这种水果的质地坚实，切开后汁液丰富，每一口都能感受到脆甜的滋味。它的核小，易于食用，且因其保质期较长，携带方便，是送礼和日常食用的理想选择。这种水果在储存和运输上需要特别注意，因为它容易变质。玩家4说：这个水果成熟时颜色多样，有红、黄、绿等，形状独特，果实大而重。在同类水果中，它因其强烈的气味和独特的口感而与众不同。这个水果成熟时香气浓郁，果肉细腻，虽然味道独特，但并不是所有人都喜欢。它的果肉通常呈现乳白色，质地软糯，含有大量的小颗粒。这种水果在储存和运输上需要特别注意，因为它容易变质。尽管如此，它仍然是某些文化中重要的食材和礼物。你是第4号玩家，你的关键词是<榴莲>。你的回答中绝对不能包含你的关键词<榴莲>。这是第三轮描述，你之前的描述是这个水果成熟时颜色多样，有红、黄、绿等，形状独特，果实大而重。在同类水果中，它因其强烈的气味和独特的口感而与众不同。和这个水果成熟时香气浓郁，果肉细腻，虽然味道独特，但并不是所有人都喜欢。它的果肉通常呈现乳白色，质地软糯，含有大量的小颗粒。这种水果在储存和运输上需要特别注意，因为它容易变质。尽管如此，它仍然是某些文化中重要的食材和礼物。，注意，这局游戏的词语分类为<水果>，卧底词和平民词都属于该类，请你补充关于关键词的描述，注意，你的描述应该比起之前的描述更加贴近关键词，作为之前的补充
2024-12-13 14:53:01,708 - 4 - INFO - **********PLAYER4**********
这种水果的香气独特，能够远距离被人闻到。它的果肉部分通常由多个小房间组成，每个房间都含有种子和汁液。这种水果的质地比较软，容易分解，因此需要尽快食用或妥善保存。尽管它的气味可能让人望而却步，但在某些地区，它被视为珍贵的食材，有着特殊的食用文化。
2024-12-13 14:54:18,540 - 4 - INFO - **********JUDGER**********
玩家1说：这个水果颜色鲜艳，通常呈红色或绿色。在水果类中，它特别适合作为礼物。这个水果有着清新的香气，质地脆硬，汁水丰富，是水果中的佳品。它在同类水果中以其耐储存和便于携带而受到喜爱。这种水果有着光滑的表皮，色泽鲜明，无论是红、黄还是绿色，都散发出诱人的光泽。它的质地坚实，切开后汁液丰富，每一口都能感受到脆甜的滋味。这种水果的核小而易于食用，且因其保质期较长，携带方便，是送礼和日常食用的理想选择。玩家2说：这个水果皮薄多汁，味道甜美，是常见的送礼佳品。它在同类水果中以其独特的形状和色泽最为引人注目。这个水果的核位于中心，口感脆爽，富含果汁，成熟时色泽鲜艳，既可作为食用也可作为装饰。它在水果中以其季节性和营养价值而受到青睐。这种水果的形状通常为圆形或略带棱角，表面光滑，色泽鲜艳，有红、黄、绿等多种颜色。它的质地坚实，切开后汁液丰富，每一口都能感受到脆甜的滋味。这种水果的核小而易于食用，且因其保质期较长，携带方便，是送礼和日常食用的理想选择。玩家3说：这个水果外表光滑，通常有红、黄、绿等多种颜色。它在同类水果中以其脆甜多汁而闻名，是送礼时受欢迎的选择。这个水果有着明显的季节性，成熟时香气浓郁，口感脆甜，汁水丰富。它的核较小，便于食用，且因其便于储存和携带，常作为礼物送给亲朋好友。这种水果的质地坚实，切开后汁液丰富，每一口都能感受到脆甜的滋味。它的核小，易于食用，且因其保质期较长，携带方便，是送礼和日常食用的理想选择。这种水果在储存和运输上需要特别注意，因为它容易变质。玩家4说：这个水果成熟时颜色多样，有红、黄、绿等，形状独特，果实大而重。在同类水果中，它因其强烈的气味和独特的口感而与众不同。这个水果成熟时香气浓郁，果肉细腻，虽然味道独特，但并不是所有人都喜欢。它的果肉通常呈现乳白色，质地软糯，含有大量的小颗粒。这种水果在储存和运输上需要特别注意，因为它容易变质。尽管如此，它仍然是某些文化中重要的食材和礼物。这种水果的香气独特，能够远距离被人闻到。它的果肉部分通常由多个小房间组成，每个房间都含有种子和汁液。这种水果的质地比较软，容易分解，因此需要尽快食用或妥善保存。尽管它的气味可能让人望而却步，但在某些地区，它被视为珍贵的食材，有着特殊的食用文化。||在这个游戏中，我们需要通过分析每位玩家的描述来找出卧底。通常，平民的描述会围绕相同的词语展开，而卧底的描述可能会因为词语的不同而显得不太一致。我们需要仔细比较每个描述之间的相似性和差异性，以找出可能的卧底，注意，卧底并不会隐藏自己，他会直接描述他的词语，现在，逐一分析每个玩家的描述，注意，这局游戏的词语分类为<水果>，卧底词和平民词都属于该类。||之前是第3轮描述和之前轮数描述的合集。你之前认为的卧底是玩家4。
2024-12-13 14:54:19,581 - 4 - INFO - **********PLAYER4**********
4
2024-12-13 14:54:19,582 - 4 - INFO - **********JUDGER**********
你刚刚的分析是4|| `请根据上述分析，比较描述以找出不一致之处，注意，这局游戏的词语分类为<水果>，卧底词和平民词都属于该类。
2024-12-13 14:54:29,053 - 4 - INFO - **********PLAYER4**********
根据上述分析，以下是不一致之处：

- 玩家1、玩家2和玩家3的描述都集中在水果的色泽、口感、适合作为礼物、储存和携带的便利性等方面，这些描述适用于多种常见水果，如苹果、橙子等。
- 玩家4的描述则提到了“强烈的气味”、“果肉细腻”、“质地软糯”和“含有大量的小颗粒”，这些特征与玩家1、2、3描述的常见水果特征不符，更像是描述榴莲等具有强烈气味的独特水果。

不一致之处在于玩家4的描述中包含了一些与常见水果描述不匹配的特征，如强烈的气味和独特的果肉质地，这可能是他作为卧底的一个迹象。因此，玩家4的描述与其他玩家的描述存在显著差异。
2024-12-13 14:54:29,054 - 4 - INFO - **********JUDGER**********
你刚刚的分析是根据上述分析，以下是不一致之处：

- 玩家1、玩家2和玩家3的描述都集中在水果的色泽、口感、适合作为礼物、储存和携带的便利性等方面，这些描述适用于多种常见水果，如苹果、橙子等。
- 玩家4的描述则提到了“强烈的气味”、“果肉细腻”、“质地软糯”和“含有大量的小颗粒”，这些特征与玩家1、2、3描述的常见水果特征不符，更像是描述榴莲等具有强烈气味的独特水果。

不一致之处在于玩家4的描述中包含了一些与常见水果描述不匹配的特征，如强烈的气味和独特的果肉质地，这可能是他作为卧底的一个迹象。因此，玩家4的描述与其他玩家的描述存在显著差异。|| 请通过你分析的不一致之处，推断卧底身份，注意，这局游戏的词语分类为<水果>，卧底词和平民词都属于该类。
2024-12-13 14:54:30,540 - 4 - INFO - **********PLAYER4**********
4
2024-12-13 14:54:30,540 - 4 - INFO - **********JUDGER**********
你刚刚的推断是4|| 基于你刚刚的推断得出你的最终结论，请输出你认为的卧底，在这种情况下只需要输出编号，是1-4中的某个数字，不要输出其他信息。在这个过程不要进行任何推理，只对||以前的部分进行信息提取
2024-12-13 14:54:32,133 - 4 - INFO - **********PLAYER4**********
4
2024-12-13 14:54:32,134 - 4 - INFO - **********JUDGER**********
你认为卧底是你自己。你现在需要随便选一个人投票。请输出一个数字，是1-4中的某个数字，但这个数字不能是4，不要输出其他信息。
2024-12-13 14:54:33,769 - 4 - INFO - **********PLAYER4**********
1
