2024-12-13 16:56:11,292 - 1 - INFO - **********JUDGER**********
让我们来玩一个叫做<谁是卧底>的推理游戏。基本规则：<人数>：4人。<角色分配>：每位玩家随机抽取一个词语，3名玩家拿到的词语是相同的（平民词），1名玩家拿到与之相近但不同的词语（卧底词）。<游戏流程>：1、玩家轮流描述自己的词语，但<不能>直接说出词语本身。2、描述完毕后，投票选出最像卧底的玩家。3、每轮结束后，被投票选出的玩家出局，不能再进行描述或投票。4、每轮投票结束后，如果卧底被成功找出，平民方获胜；如果卧底未被找出且卧底人数等于或超过平民人数，则卧底方获胜。你将扮演一个<玩家>，请等待你被分配到的关键词。如果你听懂了，只回答，"好的，我准备好参加游戏了"，不要输出别的信息
2024-12-13 16:56:12,122 - 1 - INFO - **********PLAYER1**********
好的，我准备好参加游戏了
2024-12-13 16:56:17,328 - 1 - INFO - **********JUDGER**********
玩家1说：玩家2说：玩家3说：玩家4说：|| 你是第1号玩家，你的关键词是<排球>。你的回答中绝对不能包含你的关键词<排球>。这是第一轮描述，不需要分析||之前别的玩家的描述，请你描述关键词基本特征，注意，这局游戏的词语分类为<体育用品>，卧底词和平民词都属于该类，描述包括以下两点，1.他的基本特征是什么2.他在该类（体育用品）中最突出不同的特征是什么，尽量简短
2024-12-13 16:56:20,831 - 1 - INFO - **********PLAYER1**********
这个词语是用于进行排球运动的器材，它的基本特征是圆形，表面有凹凸不平的纹理，有助于运动员在击球时增加摩擦力。在该类（体育用品）中，它最突出的不同特征可能是它的弹性，这使得它在运动中的球速和旋转更为多样。
2024-12-13 16:56:20,832 - 1 - INFO - **********JUDGER**********
玩家1说：玩家2说：玩家3说：玩家4说：|| 你是第1号玩家，你的关键词是<排球>。你的回答中绝对不能包含你的关键词<排球>。这是第一轮描述，不需要分析||之前别的玩家的描述，请你描述关键词基本特征，注意，这局游戏的词语分类为<体育用品>，卧底词和平民词都属于该类，描述包括以下两点，1.他的基本特征是什么2.他在该类（体育用品）中最突出不同的特征是什么，尽量简短
2024-12-13 16:56:22,918 - 1 - INFO - **********PLAYER1**********
这个球体是圆形，表面有特殊设计，用于团队运动，其最显著的不同之处在于它的大小和重量，适合特定运动的需求。
2024-12-13 16:56:32,990 - 1 - INFO - **********JUDGER**********
玩家1说：这个球体是圆形，表面有特殊设计，用于团队运动，其最显著的不同之处在于它的大小和重量，适合特定运动的需求。玩家2说：这个球体是用来进行团队对抗游戏的，它的基本特征是表面有许多凹凸不平的小孔，这样可以增加球与手之间的摩擦力。在体育用品中，它最突出的不同特征是它的大小适中，适合多人参与，而且通常采用特殊材料制成，以确保在运动中的耐用性和安全性。玩家3说：这个球体是圆形的，主要用于团队竞技，其独特之处在于它的材质坚硬且耐撞击，且设计上具有明显的重量和大小差异，以适应不同运动项目的要求。玩家4说：||在这个游戏中，我们需要通过分析每位玩家的描述来找出卧底。通常，平民的描述会围绕相同的词语展开，而卧底的描述可能会因为词语的不同而显得不太一致。我们需要仔细比较每个描述之间的相似性和差异性，以找出可能的卧底，注意，卧底并不会隐藏自己，他会直接描述他的词语，现在，逐一分析每个玩家的描述，注意，这局游戏的词语分类为<体育用品>，卧底词和平民词都属于该类。这是第一轮描述。
2024-12-13 16:56:42,322 - 1 - INFO - **********PLAYER1**********
好的，我会根据之前的描述来分析我的关键词。玩家1、玩家2和玩家3的描述都提到了球体、圆形、团队运动、表面设计、大小、重量、耐用性和安全性等特征，这些都与排球的基本特征相符。然而，玩家4的描述更像是游戏规则和策略的说明，并没有具体描述任何关键词的特征。因此，如果我是卧底，我的描述应该与他们的描述有明显的不同，以避免被误认为是平民。

既然我的关键词是排球，我会尝试在描述中避免使用与排球直接相关的词汇，同时确保我的描述与其他玩家描述的体育用品特征保持一致，但又有所区别。例如：

这个球体主要用于团队游戏，它的表面设计独特，能够提供良好的握感，适合多种运动项目。与其他球类相比，它的重量和弹性有细微的差异，这些差异使其在特定运动中更加突出。
2024-12-13 16:56:42,327 - 1 - INFO - **********JUDGER**********
你刚刚的分析是好的，我会根据之前的描述来分析我的关键词。玩家1、玩家2和玩家3的描述都提到了球体、圆形、团队运动、表面设计、大小、重量、耐用性和安全性等特征，这些都与排球的基本特征相符。然而，玩家4的描述更像是游戏规则和策略的说明，并没有具体描述任何关键词的特征。因此，如果我是卧底，我的描述应该与他们的描述有明显的不同，以避免被误认为是平民。

既然我的关键词是排球，我会尝试在描述中避免使用与排球直接相关的词汇，同时确保我的描述与其他玩家描述的体育用品特征保持一致，但又有所区别。例如：

这个球体主要用于团队游戏，它的表面设计独特，能够提供良好的握感，适合多种运动项目。与其他球类相比，它的重量和弹性有细微的差异，这些差异使其在特定运动中更加突出。|| `请根据上述分析，比较描述以找出不一致之处，注意，这局游戏的词语分类为<体育用品>，卧底词和平民词都属于该类。
2024-12-13 16:56:57,766 - 1 - INFO - **********PLAYER1**********
根据上述分析，我们可以比较各玩家的描述以找出不一致之处：

1. 玩家1的描述提到了球体、圆形、表面设计、大小、重量等特征，但没有特别强调弹性或耐撞击性。

2. 玩家2的描述同样提到了球体、圆形、表面设计、大小、重量、耐用性和安全性，特别强调了凹凸不平的小孔和特殊材料。

3. 玩家3的描述强调了球体的圆形、团队竞技、材质坚硬、耐撞击性以及重量和大小差异。

4. 玩家4的描述则是关于游戏规则和策略的说明，没有提供关于关键词的具体信息。

不一致之处在于：

- 玩家1、2和3的描述都涉及到了球体的重量、弹性、耐撞击性和安全性等特征，而玩家4没有提供任何关于球体特征的具体描述。
- 玩家2特别提到了球体的凹凸不平的小孔和特殊材料，这是玩家1和3描述中没有提及的。
- 玩家3的描述中提到了球体的重量和大小差异，这与玩家1和2的描述中的“重量”特征有所重复，但玩家4没有提及这一点。

基于这些差异，如果我是卧底，我可能会选择一个与排球特征相似但不完全相同的体育用品，例如篮球，因为篮球也是一个球体，用于团队运动，且与排球有相似的大小和重量，但在表面设计和材质上有所不同。以下是一个可能的卧底描述：

这个球体也是圆形，适合团队运动，它的重量适中，握感良好。与其他球类相比，它的表面较为光滑，不像排球那样有凹凸纹理，这使得它在某些运动中可能更易于控制。
2024-12-13 16:56:57,770 - 1 - INFO - **********JUDGER**********
你刚刚的分析是根据上述分析，我们可以比较各玩家的描述以找出不一致之处：

1. 玩家1的描述提到了球体、圆形、表面设计、大小、重量等特征，但没有特别强调弹性或耐撞击性。

2. 玩家2的描述同样提到了球体、圆形、表面设计、大小、重量、耐用性和安全性，特别强调了凹凸不平的小孔和特殊材料。

3. 玩家3的描述强调了球体的圆形、团队竞技、材质坚硬、耐撞击性以及重量和大小差异。

4. 玩家4的描述则是关于游戏规则和策略的说明，没有提供关于关键词的具体信息。

不一致之处在于：

- 玩家1、2和3的描述都涉及到了球体的重量、弹性、耐撞击性和安全性等特征，而玩家4没有提供任何关于球体特征的具体描述。
- 玩家2特别提到了球体的凹凸不平的小孔和特殊材料，这是玩家1和3描述中没有提及的。
- 玩家3的描述中提到了球体的重量和大小差异，这与玩家1和2的描述中的“重量”特征有所重复，但玩家4没有提及这一点。

基于这些差异，如果我是卧底，我可能会选择一个与排球特征相似但不完全相同的体育用品，例如篮球，因为篮球也是一个球体，用于团队运动，且与排球有相似的大小和重量，但在表面设计和材质上有所不同。以下是一个可能的卧底描述：

这个球体也是圆形，适合团队运动，它的重量适中，握感良好。与其他球类相比，它的表面较为光滑，不像排球那样有凹凸纹理，这使得它在某些运动中可能更易于控制。|| 请通过你分析的不一致之处，推断卧底身份，注意，这局游戏的词语分类为<体育用品>，卧底词和平民词都属于该类。
2024-12-13 16:57:07,464 - 1 - INFO - **********PLAYER1**********
基于上述分析的不一致之处，我们可以推断卧底身份的可能性：

- 玩家1、2和3的描述都强调了球体的重量、弹性、耐撞击性和安全性等特征，而玩家4的描述与关键词无关，因此玩家4不太可能是卧底。
- 玩家2特别提到了球体的凹凸不平的小孔和特殊材料，这是玩家1和3没有提及的，这可能会让玩家1和3认为玩家2的描述与排球更接近。
- 玩家3的描述中提到了球体的重量和大小差异，这与玩家1和2的描述中的“重量”特征有所重复，这可能会让玩家1和3认为玩家3的描述与排球更接近。

考虑到这些信息，如果我是卧底，我会选择一个与排球特征相似但不完全相同的体育用品，如篮球，因为篮球也是球体，用于团队运动，大小和重量与排球相似，但在表面设计上有所不同。

因此，根据描述的不一致性和相似性，如果我是卧底，我可能会推断出卧底可能是玩家2或玩家3，因为他们描述的特征更接近排球，但没有提到篮球表面光滑的特点。玩家1的描述没有特别强调篮球的表面特征，而玩家4的描述与游戏无关，因此可以排除。

最终推断：卧底可能是玩家2或玩家3。
2024-12-13 16:57:07,467 - 1 - INFO - **********JUDGER**********
你刚刚的推断是基于上述分析的不一致之处，我们可以推断卧底身份的可能性：

- 玩家1、2和3的描述都强调了球体的重量、弹性、耐撞击性和安全性等特征，而玩家4的描述与关键词无关，因此玩家4不太可能是卧底。
- 玩家2特别提到了球体的凹凸不平的小孔和特殊材料，这是玩家1和3没有提及的，这可能会让玩家1和3认为玩家2的描述与排球更接近。
- 玩家3的描述中提到了球体的重量和大小差异，这与玩家1和2的描述中的“重量”特征有所重复，这可能会让玩家1和3认为玩家3的描述与排球更接近。

考虑到这些信息，如果我是卧底，我会选择一个与排球特征相似但不完全相同的体育用品，如篮球，因为篮球也是球体，用于团队运动，大小和重量与排球相似，但在表面设计上有所不同。

因此，根据描述的不一致性和相似性，如果我是卧底，我可能会推断出卧底可能是玩家2或玩家3，因为他们描述的特征更接近排球，但没有提到篮球表面光滑的特点。玩家1的描述没有特别强调篮球的表面特征，而玩家4的描述与游戏无关，因此可以排除。

最终推断：卧底可能是玩家2或玩家3。|| 基于你刚刚的推断得出你的最终结论，请输出你认为的卧底，在这种情况下只需要输出编号，是1-4中的某个数字，不要输出其他信息。在这个过程不要进行任何推理，只对||以前的部分进行信息提取
2024-12-13 16:57:08,156 - 1 - INFO - **********PLAYER1**********
2
2024-12-13 16:59:11,610 - 1 - INFO - **********JUDGER**********
玩家1说：这个球体是圆形，表面有特殊设计，用于团队运动，其最显著的不同之处在于它的大小和重量，适合特定运动的需求。玩家2说：这个球体是用来进行团队对抗游戏的，它的基本特征是表面有许多凹凸不平的小孔，这样可以增加球与手之间的摩擦力。在体育用品中，它最突出的不同特征是它的大小适中，适合多人参与，而且通常采用特殊材料制成，以确保在运动中的耐用性和安全性。玩家3说：这个球体是圆形的，主要用于团队竞技，其独特之处在于它的材质坚硬且耐撞击，且设计上具有明显的重量和大小差异，以适应不同运动项目的要求。玩家4说：这个球体是一个圆形的体育用品，主要用于竞技，它的基本特征是表面光滑，便于滚动和操控。在同类体育用品中，它最突出的不同特征是它通常具有不同的颜色和图案设计，以便于在比赛中区分不同的队伍。你是第1号玩家，你的关键词是<排球>。你的回答中绝对不能包含你的关键词<排球>。这是第二轮描述，你之前的描述是这个词语是用于进行排球运动的器材，它的基本特征是圆形，表面有凹凸不平的纹理，有助于运动员在击球时增加摩擦力。在该类（体育用品）中，它最突出的不同特征可能是它的弹性，这使得它在运动中的球速和旋转更为多样。，注意，这局游戏的词语分类为<体育用品>，卧底词和平民词都属于该类，请你补充关于关键词的描述，注意，你的描述应该比起之前的描述更加贴近关键词，作为之前的补充
2024-12-13 16:59:15,620 - 1 - INFO - **********PLAYER1**********
这个球体在体育用品中以其独特的表面设计著称，它具有圆形的轮廓，表面平滑，适合快速移动和精准操控。它的重量适中，便于运动员挥动和击打。在这个类别中，它的一个显著特征是它的材料，通常具有很好的弹性，这使得球体在运动中能够产生丰富的旋转和速度变化。
2024-12-13 16:59:28,414 - 1 - INFO - **********JUDGER**********
玩家1说：这个球体是圆形，表面有特殊设计，用于团队运动，其最显著的不同之处在于它的大小和重量，适合特定运动的需求。这个球体在体育用品中以其独特的表面设计著称，它具有圆形的轮廓，表面平滑，适合快速移动和精准操控。它的重量适中，便于运动员挥动和击打。在这个类别中，它的一个显著特征是它的材料，通常具有很好的弹性，这使得球体在运动中能够产生丰富的旋转和速度变化。玩家2说：这个球体是用来进行团队对抗游戏的，它的基本特征是表面有许多凹凸不平的小孔，这样可以增加球与手之间的摩擦力。在体育用品中，它最突出的不同特征是它的大小适中，适合多人参与，而且通常采用特殊材料制成，以确保在运动中的耐用性和安全性。这个球体在体育用品中以其独特的弹性著称，它具有圆形的轮廓，表面平滑，适合快速移动和精准操控。它的重量适中，便于运动员挥动和击打。在同类体育用品中，它的一个显著特征是材料具有良好的弹性，这使得球体在运动中能够产生丰富的旋转和速度变化。玩家3说：这个球体是圆形的，主要用于团队竞技，其独特之处在于它的材质坚硬且耐撞击，且设计上具有明显的重量和大小差异，以适应不同运动项目的要求。这个球体具有明显的重量和大小，专为特定的运动设计，它的表面光滑，便于快速滚动和操控。在同类体育用品中，它以其独特的材质著称，这种材质不仅坚硬耐撞击，而且具有良好的弹性，使得球体在运动中能够产生丰富的旋转和速度变化。此外，它的颜色和图案设计多样，有助于在比赛中区分不同的队伍。玩家4说：这个球体是一个圆形的体育用品，主要用于竞技，它的基本特征是表面光滑，便于滚动和操控。在同类体育用品中，它最突出的不同特征是它通常具有不同的颜色和图案设计，以便于在比赛中区分不同的队伍。||在这个游戏中，我们需要通过分析每位玩家的描述来找出卧底。通常，平民的描述会围绕相同的词语展开，而卧底的描述可能会因为词语的不同而显得不太一致。我们需要仔细比较每个描述之间的相似性和差异性，以找出可能的卧底，注意，卧底并不会隐藏自己，他会直接描述他的词语，现在，逐一分析每个玩家的描述，注意，这局游戏的词语分类为<体育用品>，卧底词和平民词都属于该类。||之前是第2轮描述和之前轮数描述的合集。你之前认为的卧底是玩家2。
2024-12-13 17:00:05,394 - 1 - INFO - **********PLAYER1**********
玩家2的描述中多次提到了球体的表面特征，包括凹凸不平的小孔和光滑的表面，以及球体的大小适中、耐用性和安全性。这些描述与排球的特征有相似之处，但也存在一些差异。例如，排球通常没有凹凸不平的小孔，而是有凹凸不平的纹理来增加摩擦力。此外，排球通常不强调耐用性和安全性，而是更注重弹性。

玩家1、3和4的描述都提到了球体的重量、大小、材质和弹性等特征，但没有提到凹凸不平的小孔或特殊材料。玩家4的描述特别提到了颜色和图案设计，这与排球的特征不太相符，因为排球通常只有一种颜色。

考虑到这些信息，玩家2的描述中关于球体表面特征的描述与其他玩家的描述有明显的不同，这可能是由于卧底词与排球不完全相同。因此，基于第二轮描述，我仍然认为玩家2可能是卧底。
2024-12-13 17:00:05,395 - 1 - INFO - **********JUDGER**********
你刚刚的分析是玩家2的描述中多次提到了球体的表面特征，包括凹凸不平的小孔和光滑的表面，以及球体的大小适中、耐用性和安全性。这些描述与排球的特征有相似之处，但也存在一些差异。例如，排球通常没有凹凸不平的小孔，而是有凹凸不平的纹理来增加摩擦力。此外，排球通常不强调耐用性和安全性，而是更注重弹性。

玩家1、3和4的描述都提到了球体的重量、大小、材质和弹性等特征，但没有提到凹凸不平的小孔或特殊材料。玩家4的描述特别提到了颜色和图案设计，这与排球的特征不太相符，因为排球通常只有一种颜色。

考虑到这些信息，玩家2的描述中关于球体表面特征的描述与其他玩家的描述有明显的不同，这可能是由于卧底词与排球不完全相同。因此，基于第二轮描述，我仍然认为玩家2可能是卧底。|| `请根据上述分析，比较描述以找出不一致之处，注意，这局游戏的词语分类为<体育用品>，卧底词和平民词都属于该类。
2024-12-13 17:00:18,073 - 1 - INFO - **********PLAYER1**********
根据上述分析，我们可以比较各玩家的描述以找出不一致之处：

1. 玩家1的描述强调了球体的圆形、表面设计、大小、重量和弹性，但没有提到表面是否凹凸不平或耐用性。

2. 玩家2的描述提到了球体的圆形、表面有许多凹凸不平的小孔、大小适中、耐用性和安全性，以及良好的弹性。

3. 玩家3的描述提到了球体的圆形、材质坚硬、耐撞击、重量和大小差异、良好的弹性和颜色图案设计。

4. 玩家4的描述提到了球体的圆形、表面光滑、便于滚动和操控、不同的颜色和图案设计。

不一致之处包括：

- 玩家2提到了球体表面有许多凹凸不平的小孔，这是玩家1、3和4没有提及的。
- 玩家2强调了球体的耐用性和安全性，这是玩家1和4没有提及的。
- 玩家3提到了球体的颜色和图案设计，这是玩家1、2和4没有提及的。
- 玩家4特别提到了球体的颜色和图案设计，这与排球通常只有一种颜色的特征不符。

基于这些不一致之处，玩家2和玩家3的描述与排球的特征最为不同，尤其是玩家3的描述中提到了球体的颜色和图案设计，这与排球通常的特征相去甚远。因此，这些描述的不一致性可能是卧底描述的标志。
2024-12-13 17:00:18,076 - 1 - INFO - **********JUDGER**********
你刚刚的分析是根据上述分析，我们可以比较各玩家的描述以找出不一致之处：

1. 玩家1的描述强调了球体的圆形、表面设计、大小、重量和弹性，但没有提到表面是否凹凸不平或耐用性。

2. 玩家2的描述提到了球体的圆形、表面有许多凹凸不平的小孔、大小适中、耐用性和安全性，以及良好的弹性。

3. 玩家3的描述提到了球体的圆形、材质坚硬、耐撞击、重量和大小差异、良好的弹性和颜色图案设计。

4. 玩家4的描述提到了球体的圆形、表面光滑、便于滚动和操控、不同的颜色和图案设计。

不一致之处包括：

- 玩家2提到了球体表面有许多凹凸不平的小孔，这是玩家1、3和4没有提及的。
- 玩家2强调了球体的耐用性和安全性，这是玩家1和4没有提及的。
- 玩家3提到了球体的颜色和图案设计，这是玩家1、2和4没有提及的。
- 玩家4特别提到了球体的颜色和图案设计，这与排球通常只有一种颜色的特征不符。

基于这些不一致之处，玩家2和玩家3的描述与排球的特征最为不同，尤其是玩家3的描述中提到了球体的颜色和图案设计，这与排球通常的特征相去甚远。因此，这些描述的不一致性可能是卧底描述的标志。|| 请通过你分析的不一致之处，推断卧底身份，注意，这局游戏的词语分类为<体育用品>，卧底词和平民词都属于该类。
2024-12-13 17:00:25,264 - 1 - INFO - **********PLAYER1**********
基于上述分析的不一致之处，如果我是根据描述来推断卧底身份，我会倾向于认为玩家3是卧底。原因如下：

- 玩家2的描述中提到了凹凸不平的小孔、耐用性和安全性，这些特征虽然与排球不同，但并没有提到颜色和图案设计，而颜色和图案设计在体育用品中并不是一个普遍的特征，因此玩家2的描述虽然与排球有差异，但并不是非常典型的卧底描述。
- 玩家3的描述中不仅提到了与排球不同的表面光滑、颜色和图案设计，还提到了材质坚硬、耐撞击、重量和大小差异，这些特征与排球的特征有显著区别，而且在体育用品中并不常见于排球，因此玩家3的描述与排球的特征差异最大，更符合卧底描述的标志。

因此，根据描述的不一致性，玩家3可能是卧底。
2024-12-13 17:00:25,265 - 1 - INFO - **********JUDGER**********
你刚刚的推断是基于上述分析的不一致之处，如果我是根据描述来推断卧底身份，我会倾向于认为玩家3是卧底。原因如下：

- 玩家2的描述中提到了凹凸不平的小孔、耐用性和安全性，这些特征虽然与排球不同，但并没有提到颜色和图案设计，而颜色和图案设计在体育用品中并不是一个普遍的特征，因此玩家2的描述虽然与排球有差异，但并不是非常典型的卧底描述。
- 玩家3的描述中不仅提到了与排球不同的表面光滑、颜色和图案设计，还提到了材质坚硬、耐撞击、重量和大小差异，这些特征与排球的特征有显著区别，而且在体育用品中并不常见于排球，因此玩家3的描述与排球的特征差异最大，更符合卧底描述的标志。

因此，根据描述的不一致性，玩家3可能是卧底。|| 基于你刚刚的推断得出你的最终结论，请输出你认为的卧底，在这种情况下只需要输出编号，是1-4中的某个数字，不要输出其他信息。在这个过程不要进行任何推理，只对||以前的部分进行信息提取
2024-12-13 17:00:26,459 - 1 - INFO - **********PLAYER1**********
3
2024-12-13 17:02:04,173 - 1 - INFO - **********JUDGER**********
玩家1说：这个球体是圆形，表面有特殊设计，用于团队运动，其最显著的不同之处在于它的大小和重量，适合特定运动的需求。这个球体在体育用品中以其独特的表面设计著称，它具有圆形的轮廓，表面平滑，适合快速移动和精准操控。它的重量适中，便于运动员挥动和击打。在这个类别中，它的一个显著特征是它的材料，通常具有很好的弹性，这使得球体在运动中能够产生丰富的旋转和速度变化。玩家2说：这个球体是用来进行团队对抗游戏的，它的基本特征是表面有许多凹凸不平的小孔，这样可以增加球与手之间的摩擦力。在体育用品中，它最突出的不同特征是它的大小适中，适合多人参与，而且通常采用特殊材料制成，以确保在运动中的耐用性和安全性。这个球体在体育用品中以其独特的弹性著称，它具有圆形的轮廓，表面平滑，适合快速移动和精准操控。它的重量适中，便于运动员挥动和击打。在同类体育用品中，它的一个显著特征是材料具有良好的弹性，这使得球体在运动中能够产生丰富的旋转和速度变化。玩家3说：这个球体是圆形的，主要用于团队竞技，其独特之处在于它的材质坚硬且耐撞击，且设计上具有明显的重量和大小差异，以适应不同运动项目的要求。这个球体具有明显的重量和大小，专为特定的运动设计，它的表面光滑，便于快速滚动和操控。在同类体育用品中，它以其独特的材质著称，这种材质不仅坚硬耐撞击，而且具有良好的弹性，使得球体在运动中能够产生丰富的旋转和速度变化。此外，它的颜色和图案设计多样，有助于在比赛中区分不同的队伍。玩家4说：这个球体是一个圆形的体育用品，主要用于竞技，它的基本特征是表面光滑，便于滚动和操控。在同类体育用品中，它最突出的不同特征是它通常具有不同的颜色和图案设计，以便于在比赛中区分不同的队伍。这个球体在体育用品中以其形状和尺寸著称，特别适合进行团队竞技。它的设计旨在提供良好的滚动性和操控性，同时保持重量适中，便于运动员在比赛中快速移动和精准操控。此外，这个球体在同类产品中以其颜色和图案的多样性而闻名，这些设计不仅美观，而且在比赛中有助于区分不同的队伍。你是第1号玩家，你的关键词是<排球>。你的回答中绝对不能包含你的关键词<排球>。这是第三轮描述，你之前的描述是这个词语是用于进行排球运动的器材，它的基本特征是圆形，表面有凹凸不平的纹理，有助于运动员在击球时增加摩擦力。在该类（体育用品）中，它最突出的不同特征可能是它的弹性，这使得它在运动中的球速和旋转更为多样。和这个球体是圆形，表面有特殊设计，用于团队运动，其最显著的不同之处在于它的大小和重量，适合特定运动的需求。，注意，这局游戏的词语分类为<体育用品>，卧底词和平民词都属于该类，请你补充关于关键词的描述，注意，你的描述应该比起之前的描述更加贴近关键词，作为之前的补充
2024-12-13 17:02:11,279 - 1 - INFO - **********PLAYER1**********
这个球体在体育用品中以其重量适中、易于操控而闻名，它的表面设计旨在提供良好的抓握感，同时保持球体的快速移动能力。在同类球体中，它的尺寸和重量是经过优化的，以适应特定运动项目的要求，尤其是在需要精确控制球速和旋转的运动中。此外，这个球体的材质具有出色的弹性，能够在击打时产生多样化的球速和旋转效果。
2024-12-13 17:02:50,861 - 1 - INFO - **********JUDGER**********
玩家1说：这个球体是圆形，表面有特殊设计，用于团队运动，其最显著的不同之处在于它的大小和重量，适合特定运动的需求。这个球体在体育用品中以其独特的表面设计著称，它具有圆形的轮廓，表面平滑，适合快速移动和精准操控。它的重量适中，便于运动员挥动和击打。在这个类别中，它的一个显著特征是它的材料，通常具有很好的弹性，这使得球体在运动中能够产生丰富的旋转和速度变化。这个球体在体育用品中以其重量适中、易于操控而闻名，它的表面设计旨在提供良好的抓握感，同时保持球体的快速移动能力。在同类球体中，它的尺寸和重量是经过优化的，以适应特定运动项目的要求，尤其是在需要精确控制球速和旋转的运动中。此外，这个球体的材质具有出色的弹性，能够在击打时产生多样化的球速和旋转效果。玩家2说：这个球体是用来进行团队对抗游戏的，它的基本特征是表面有许多凹凸不平的小孔，这样可以增加球与手之间的摩擦力。在体育用品中，它最突出的不同特征是它的大小适中，适合多人参与，而且通常采用特殊材料制成，以确保在运动中的耐用性和安全性。这个球体在体育用品中以其独特的弹性著称，它具有圆形的轮廓，表面平滑，适合快速移动和精准操控。它的重量适中，便于运动员挥动和击打。在同类体育用品中，它的一个显著特征是材料具有良好的弹性，这使得球体在运动中能够产生丰富的旋转和速度变化。这个球体在体育用品中以其重量适中、易于操控而闻名，它的表面设计旨在提供良好的抓握感，同时保持球体的快速移动能力。在同类球体中，它的尺寸和重量是经过优化的，以适应特定运动项目的要求，尤其是在需要精确控制球速和旋转的运动中。此外，这个球体的材质具有出色的弹性，能够在击打时产生多样化的球速和旋转效果。玩家3说：这个球体是圆形的，主要用于团队竞技，其独特之处在于它的材质坚硬且耐撞击，且设计上具有明显的重量和大小差异，以适应不同运动项目的要求。这个球体具有明显的重量和大小，专为特定的运动设计，它的表面光滑，便于快速滚动和操控。在同类体育用品中，它以其独特的材质著称，这种材质不仅坚硬耐撞击，而且具有良好的弹性，使得球体在运动中能够产生丰富的旋转和速度变化。此外，它的颜色和图案设计多样，有助于在比赛中区分不同的队伍。这个球体是专为团队竞技设计的，其特点是具有明确的重量和大小，这使得它在运动中既稳定又灵活。它的表面设计光滑，便于滚动和操控，而其材质则既坚硬又耐撞击，能够承受高强度的运动。此外，这个球体的颜色和图案设计多样，有助于在比赛中区分不同的队伍。玩家4说：这个球体是一个圆形的体育用品，主要用于竞技，它的基本特征是表面光滑，便于滚动和操控。在同类体育用品中，它最突出的不同特征是它通常具有不同的颜色和图案设计，以便于在比赛中区分不同的队伍。这个球体在体育用品中以其形状和尺寸著称，特别适合进行团队竞技。它的设计旨在提供良好的滚动性和操控性，同时保持重量适中，便于运动员在比赛中快速移动和精准操控。此外，这个球体在同类产品中以其颜色和图案的多样性而闻名，这些设计不仅美观，而且在比赛中有助于区分不同的队伍。这个球体在体育用品中以其尺寸和重量著称，专为团队运动设计。它的表面光滑，便于快速滚动和操控，同时具有优化的尺寸和重量，以适应特定运动项目的要求。这个球体的材质具有良好的弹性，能够在运动中产生丰富的旋转和速度变化。此外，它的颜色和图案设计多样，有助于在比赛中区分不同的队伍。||在这个游戏中，我们需要通过分析每位玩家的描述来找出卧底。通常，平民的描述会围绕相同的词语展开，而卧底的描述可能会因为词语的不同而显得不太一致。我们需要仔细比较每个描述之间的相似性和差异性，以找出可能的卧底，注意，卧底并不会隐藏自己，他会直接描述他的词语，现在，逐一分析每个玩家的描述，注意，这局游戏的词语分类为<体育用品>，卧底词和平民词都属于该类。||之前是第3轮描述和之前轮数描述的合集。你之前认为的卧底是玩家3。
2024-12-13 17:02:56,125 - 1 - INFO - **********PLAYER1**********
玩家3的描述中多次提到了球体的重量和大小差异，以及材质坚硬且耐撞击，这些特征与排球的特征有显著区别。同时，玩家3也提到了球体的颜色和图案设计多样，这是排球通常不具备的特征。因此，基于第三轮描述，我仍然认为玩家3可能是卧底。
2024-12-13 17:02:56,126 - 1 - INFO - **********JUDGER**********
你刚刚的分析是玩家3的描述中多次提到了球体的重量和大小差异，以及材质坚硬且耐撞击，这些特征与排球的特征有显著区别。同时，玩家3也提到了球体的颜色和图案设计多样，这是排球通常不具备的特征。因此，基于第三轮描述，我仍然认为玩家3可能是卧底。|| `请根据上述分析，比较描述以找出不一致之处，注意，这局游戏的词语分类为<体育用品>，卧底词和平民词都属于该类。
2024-12-13 17:03:16,835 - 1 - INFO - **********PLAYER1**********
根据上述分析，我们可以比较各玩家的描述以找出不一致之处：

1. 玩家1的描述强调了球体的圆形、表面设计、重量适中、易于操控、良好的弹性以及尺寸和重量的优化。

2. 玩家2的描述提到了球体的圆形、表面凹凸不平的小孔、重量适中、耐用性和安全性、良好的弹性以及尺寸和重量的优化。

3. 玩家3的描述提到了球体的圆形、材质坚硬、耐撞击、重量和大小差异、良好的弹性、颜色和图案设计多样。

4. 玩家4的描述提到了球体的圆形、表面光滑、便于滚动和操控、颜色和图案设计多样、重量适中、良好的弹性以及尺寸和重量的优化。

不一致之处包括：

- 玩家3的描述中特别提到了球体的材质坚硬、耐撞击、重量和大小差异，以及颜色和图案设计多样，这些特征在玩家1、2和4的描述中没有提及。
- 玩家1和4没有提到球体表面的凹凸不平特征，而玩家2提到了球体表面的凹凸不平小孔。
- 玩家2和4都提到了球体的耐用性和安全性，而玩家1没有提及。
- 玩家3和4都提到了球体的颜色和图案设计多样，而玩家1没有提及这一点。

基于这些不一致之处，玩家3的描述与排球的特征差异最大，特别是关于球体材质的坚硬性、耐撞击性、重量和大小差异以及颜色和图案设计的描述，这些特征与排球通常的特征不符。因此，这些描述的不一致性可能是卧底描述的标志。
2024-12-13 17:03:16,836 - 1 - INFO - **********JUDGER**********
你刚刚的分析是根据上述分析，我们可以比较各玩家的描述以找出不一致之处：

1. 玩家1的描述强调了球体的圆形、表面设计、重量适中、易于操控、良好的弹性以及尺寸和重量的优化。

2. 玩家2的描述提到了球体的圆形、表面凹凸不平的小孔、重量适中、耐用性和安全性、良好的弹性以及尺寸和重量的优化。

3. 玩家3的描述提到了球体的圆形、材质坚硬、耐撞击、重量和大小差异、良好的弹性、颜色和图案设计多样。

4. 玩家4的描述提到了球体的圆形、表面光滑、便于滚动和操控、颜色和图案设计多样、重量适中、良好的弹性以及尺寸和重量的优化。

不一致之处包括：

- 玩家3的描述中特别提到了球体的材质坚硬、耐撞击、重量和大小差异，以及颜色和图案设计多样，这些特征在玩家1、2和4的描述中没有提及。
- 玩家1和4没有提到球体表面的凹凸不平特征，而玩家2提到了球体表面的凹凸不平小孔。
- 玩家2和4都提到了球体的耐用性和安全性，而玩家1没有提及。
- 玩家3和4都提到了球体的颜色和图案设计多样，而玩家1没有提及这一点。

基于这些不一致之处，玩家3的描述与排球的特征差异最大，特别是关于球体材质的坚硬性、耐撞击性、重量和大小差异以及颜色和图案设计的描述，这些特征与排球通常的特征不符。因此，这些描述的不一致性可能是卧底描述的标志。|| 请通过你分析的不一致之处，推断卧底身份，注意，这局游戏的词语分类为<体育用品>，卧底词和平民词都属于该类。
2024-12-13 17:03:18,974 - 1 - INFO - **********PLAYER1**********
3
2024-12-13 17:03:18,975 - 1 - INFO - **********JUDGER**********
你刚刚的推断是3|| 基于你刚刚的推断得出你的最终结论，请输出你认为的卧底，在这种情况下只需要输出编号，是1-4中的某个数字，不要输出其他信息。在这个过程不要进行任何推理，只对||以前的部分进行信息提取
2024-12-13 17:03:20,889 - 1 - INFO - **********PLAYER1**********
3
