2024-12-13 16:56:12,629 - 2 - INFO - **********JUDGER**********
让我们来玩一个叫做<谁是卧底>的推理游戏。基本规则：<人数>：4人。<角色分配>：每位玩家随机抽取一个词语，3名玩家拿到的词语是相同的（平民词），1名玩家拿到与之相近但不同的词语（卧底词）。<游戏流程>：1、玩家轮流描述自己的词语，但<不能>直接说出词语本身。2、描述完毕后，投票选出最像卧底的玩家。3、每轮结束后，被投票选出的玩家出局，不能再进行描述或投票。4、每轮投票结束后，如果卧底被成功找出，平民方获胜；如果卧底未被找出且卧底人数等于或超过平民人数，则卧底方获胜。你将扮演一个<玩家>，请等待你被分配到的关键词。如果你听懂了，只回答，"好的，我准备好参加游戏了"，不要输出别的信息
2024-12-13 16:56:14,302 - 2 - INFO - **********PLAYER2**********
好的，我准备好参加游戏了
2024-12-13 16:56:22,920 - 2 - INFO - **********JUDGER**********
玩家1说：这个球体是圆形，表面有特殊设计，用于团队运动，其最显著的不同之处在于它的大小和重量，适合特定运动的需求。玩家2说：玩家3说：玩家4说：|| 你是第2号玩家，你的关键词是<排球>。你的回答中绝对不能包含你的关键词<排球>。这是第一轮描述，不需要分析||之前别的玩家的描述，请你描述关键词基本特征，注意，这局游戏的词语分类为<体育用品>，卧底词和平民词都属于该类，描述包括以下两点，1.他的基本特征是什么2.他在该类（体育用品）中最突出不同的特征是什么，尽量简短
2024-12-13 16:56:26,217 - 2 - INFO - **********PLAYER2**********
这个球体是用来进行团队对抗游戏的，它的基本特征是表面有许多凹凸不平的小孔，这样可以增加球与手之间的摩擦力。在体育用品中，它最突出的不同特征是它的大小适中，适合多人参与，而且通常采用特殊材料制成，以确保在运动中的耐用性和安全性。
2024-12-13 16:57:08,157 - 2 - INFO - **********JUDGER**********
玩家1说：这个球体是圆形，表面有特殊设计，用于团队运动，其最显著的不同之处在于它的大小和重量，适合特定运动的需求。玩家2说：这个球体是用来进行团队对抗游戏的，它的基本特征是表面有许多凹凸不平的小孔，这样可以增加球与手之间的摩擦力。在体育用品中，它最突出的不同特征是它的大小适中，适合多人参与，而且通常采用特殊材料制成，以确保在运动中的耐用性和安全性。玩家3说：这个球体是圆形的，主要用于团队竞技，其独特之处在于它的材质坚硬且耐撞击，且设计上具有明显的重量和大小差异，以适应不同运动项目的要求。玩家4说：||在这个游戏中，我们需要通过分析每位玩家的描述来找出卧底。通常，平民的描述会围绕相同的词语展开，而卧底的描述可能会因为词语的不同而显得不太一致。我们需要仔细比较每个描述之间的相似性和差异性，以找出可能的卧底，注意，卧底并不会隐藏自己，他会直接描述他的词语，现在，逐一分析每个玩家的描述，注意，这局游戏的词语分类为<体育用品>，卧底词和平民词都属于该类。这是第一轮描述。
2024-12-13 16:57:15,942 - 2 - INFO - **********PLAYER2**********
好的，根据玩家的描述，我们可以进行以下分析：

玩家1和玩家2的描述都提到了球体是圆形的，用于团队运动，表面有特殊设计，大小和重量适中，适合特定运动的需求。这些描述与排球的特征相符。

玩家3的描述也提到了球体是圆形的，用于团队竞技，材质坚硬耐撞击，重量和大小有差异，适应不同运动项目的要求。这些描述同样与排球的特征相吻合。

然而，玩家4的描述并没有直接提到球体的具体特征，而是强调了游戏分析的重要性，并提到了卧底可能会隐藏自己。这种描述方式与排球的特征没有直接关联，更像是在引导大家注意分析，而不是描述球体的特征。

因此，根据描述的内容和一致性，玩家4的描述可能与排球的特征不太相符，可能是卧底。当然，这只是一个初步的分析，随着游戏的进行，我们需要更多的信息来确认卧底的身份。
2024-12-13 16:57:15,943 - 2 - INFO - **********JUDGER**********
你刚刚的分析是好的，根据玩家的描述，我们可以进行以下分析：

玩家1和玩家2的描述都提到了球体是圆形的，用于团队运动，表面有特殊设计，大小和重量适中，适合特定运动的需求。这些描述与排球的特征相符。

玩家3的描述也提到了球体是圆形的，用于团队竞技，材质坚硬耐撞击，重量和大小有差异，适应不同运动项目的要求。这些描述同样与排球的特征相吻合。

然而，玩家4的描述并没有直接提到球体的具体特征，而是强调了游戏分析的重要性，并提到了卧底可能会隐藏自己。这种描述方式与排球的特征没有直接关联，更像是在引导大家注意分析，而不是描述球体的特征。

因此，根据描述的内容和一致性，玩家4的描述可能与排球的特征不太相符，可能是卧底。当然，这只是一个初步的分析，随着游戏的进行，我们需要更多的信息来确认卧底的身份。|| `请根据上述分析，比较描述以找出不一致之处，注意，这局游戏的词语分类为<体育用品>，卧底词和平民词都属于该类。
2024-12-13 16:57:24,953 - 2 - INFO - **********PLAYER2**********
根据上述分析，我们可以比较各玩家的描述以找出不一致之处：

1. 玩家1和玩家2的描述非常相似，都提到了球体是圆形的，用于团队运动，表面有特殊设计，大小和重量适中。这些描述直接指向排球的特征。

2. 玩家3的描述同样提到了球体是圆形的，用于团队竞技，材质坚硬耐撞击，重量和大小有差异，适应不同运动项目的要求。这些描述也与排球的特征相符。

3. 玩家4的描述与排球的特征没有直接关联，而是更多地集中在游戏策略和卧底的行为上，没有提供关于球体具体特征的描述。

不一致之处在于：
- 玩家1、2、3的描述都集中在球体的物理特征和运动用途上，而玩家4的描述偏离了这一主题，更像是关于游戏策略和角色扮演的说明。

因此，玩家4的描述与排球的特征不一致，这可能表明玩家4是卧底。当然，这需要进一步的讨论和投票来确定。
2024-12-13 16:57:24,956 - 2 - INFO - **********JUDGER**********
你刚刚的分析是根据上述分析，我们可以比较各玩家的描述以找出不一致之处：

1. 玩家1和玩家2的描述非常相似，都提到了球体是圆形的，用于团队运动，表面有特殊设计，大小和重量适中。这些描述直接指向排球的特征。

2. 玩家3的描述同样提到了球体是圆形的，用于团队竞技，材质坚硬耐撞击，重量和大小有差异，适应不同运动项目的要求。这些描述也与排球的特征相符。

3. 玩家4的描述与排球的特征没有直接关联，而是更多地集中在游戏策略和卧底的行为上，没有提供关于球体具体特征的描述。

不一致之处在于：
- 玩家1、2、3的描述都集中在球体的物理特征和运动用途上，而玩家4的描述偏离了这一主题，更像是关于游戏策略和角色扮演的说明。

因此，玩家4的描述与排球的特征不一致，这可能表明玩家4是卧底。当然，这需要进一步的讨论和投票来确定。|| 请通过你分析的不一致之处，推断卧底身份，注意，这局游戏的词语分类为<体育用品>，卧底词和平民词都属于该类。
2024-12-13 16:57:35,320 - 2 - INFO - **********PLAYER2**********
根据分析中指出的不一致之处，玩家4的描述没有提到球体的具体物理特征和运动用途，而是转而讨论了游戏策略和卧底的行为，这与排球这样的体育用品特征不符。

在<体育用品>这个分类中，如果玩家4的描述不是在描述排球，那么他可能描述的是另一种与排球特征相似的体育用品，但作为卧底，他可能会选择一个与排球有细微差异的词语，以此来混淆视听。

考虑到这一点，玩家4可能是卧底，并且他描述的词语可能是以下几种可能性之一：

1. 篮球：虽然篮球也是圆形的体育用品，用于团队运动，但它与排球的材质、大小和重量有显著不同。

2. 足球：足球也是圆形的，用于团队运动，但其重量和材质与排球不同。

3. 网球：网球虽然也是球形的，但它通常用于个人或双打运动，而不是团队运动。

由于这些选项都与排球有明显的不同，玩家4的描述与排球的特征不一致，因此根据描述的不一致性和游戏规则，玩家4很可能是卧底。
2024-12-13 16:57:35,323 - 2 - INFO - **********JUDGER**********
你刚刚的推断是根据分析中指出的不一致之处，玩家4的描述没有提到球体的具体物理特征和运动用途，而是转而讨论了游戏策略和卧底的行为，这与排球这样的体育用品特征不符。

在<体育用品>这个分类中，如果玩家4的描述不是在描述排球，那么他可能描述的是另一种与排球特征相似的体育用品，但作为卧底，他可能会选择一个与排球有细微差异的词语，以此来混淆视听。

考虑到这一点，玩家4可能是卧底，并且他描述的词语可能是以下几种可能性之一：

1. 篮球：虽然篮球也是圆形的体育用品，用于团队运动，但它与排球的材质、大小和重量有显著不同。

2. 足球：足球也是圆形的，用于团队运动，但其重量和材质与排球不同。

3. 网球：网球虽然也是球形的，但它通常用于个人或双打运动，而不是团队运动。

由于这些选项都与排球有明显的不同，玩家4的描述与排球的特征不一致，因此根据描述的不一致性和游戏规则，玩家4很可能是卧底。|| 基于你刚刚的推断得出你的最终结论，请输出你认为的卧底，在这种情况下只需要输出编号，是1-4中的某个数字，不要输出其他信息。在这个过程不要进行任何推理，只对||以前的部分进行信息提取
2024-12-13 16:57:36,033 - 2 - INFO - **********PLAYER2**********
4
2024-12-13 16:59:15,620 - 2 - INFO - **********JUDGER**********
玩家1说：这个球体是圆形，表面有特殊设计，用于团队运动，其最显著的不同之处在于它的大小和重量，适合特定运动的需求。这个球体在体育用品中以其独特的表面设计著称，它具有圆形的轮廓，表面平滑，适合快速移动和精准操控。它的重量适中，便于运动员挥动和击打。在这个类别中，它的一个显著特征是它的材料，通常具有很好的弹性，这使得球体在运动中能够产生丰富的旋转和速度变化。玩家2说：这个球体是用来进行团队对抗游戏的，它的基本特征是表面有许多凹凸不平的小孔，这样可以增加球与手之间的摩擦力。在体育用品中，它最突出的不同特征是它的大小适中，适合多人参与，而且通常采用特殊材料制成，以确保在运动中的耐用性和安全性。玩家3说：这个球体是圆形的，主要用于团队竞技，其独特之处在于它的材质坚硬且耐撞击，且设计上具有明显的重量和大小差异，以适应不同运动项目的要求。玩家4说：这个球体是一个圆形的体育用品，主要用于竞技，它的基本特征是表面光滑，便于滚动和操控。在同类体育用品中，它最突出的不同特征是它通常具有不同的颜色和图案设计，以便于在比赛中区分不同的队伍。你是第2号玩家，你的关键词是<排球>。你的回答中绝对不能包含你的关键词<排球>。这是第二轮描述，你之前的描述是这个球体是用来进行团队对抗游戏的，它的基本特征是表面有许多凹凸不平的小孔，这样可以增加球与手之间的摩擦力。在体育用品中，它最突出的不同特征是它的大小适中，适合多人参与，而且通常采用特殊材料制成，以确保在运动中的耐用性和安全性。，注意，这局游戏的词语分类为<体育用品>，卧底词和平民词都属于该类，请你补充关于关键词的描述，注意，你的描述应该比起之前的描述更加贴近关键词，作为之前的补充
2024-12-13 16:59:19,652 - 2 - INFO - **********PLAYER2**********
这个球体在体育用品中以其独特的弹性著称，它具有圆形的轮廓，表面平滑，适合快速移动和精准操控。它的重量适中，便于运动员挥动和击打。在同类体育用品中，它的一个显著特征是材料具有良好的弹性，这使得球体在运动中能够产生丰富的旋转和速度变化。
2024-12-13 17:00:26,460 - 2 - INFO - **********JUDGER**********
玩家1说：这个球体是圆形，表面有特殊设计，用于团队运动，其最显著的不同之处在于它的大小和重量，适合特定运动的需求。这个球体在体育用品中以其独特的表面设计著称，它具有圆形的轮廓，表面平滑，适合快速移动和精准操控。它的重量适中，便于运动员挥动和击打。在这个类别中，它的一个显著特征是它的材料，通常具有很好的弹性，这使得球体在运动中能够产生丰富的旋转和速度变化。玩家2说：这个球体是用来进行团队对抗游戏的，它的基本特征是表面有许多凹凸不平的小孔，这样可以增加球与手之间的摩擦力。在体育用品中，它最突出的不同特征是它的大小适中，适合多人参与，而且通常采用特殊材料制成，以确保在运动中的耐用性和安全性。这个球体在体育用品中以其独特的弹性著称，它具有圆形的轮廓，表面平滑，适合快速移动和精准操控。它的重量适中，便于运动员挥动和击打。在同类体育用品中，它的一个显著特征是材料具有良好的弹性，这使得球体在运动中能够产生丰富的旋转和速度变化。玩家3说：这个球体是圆形的，主要用于团队竞技，其独特之处在于它的材质坚硬且耐撞击，且设计上具有明显的重量和大小差异，以适应不同运动项目的要求。这个球体具有明显的重量和大小，专为特定的运动设计，它的表面光滑，便于快速滚动和操控。在同类体育用品中，它以其独特的材质著称，这种材质不仅坚硬耐撞击，而且具有良好的弹性，使得球体在运动中能够产生丰富的旋转和速度变化。此外，它的颜色和图案设计多样，有助于在比赛中区分不同的队伍。玩家4说：这个球体是一个圆形的体育用品，主要用于竞技，它的基本特征是表面光滑，便于滚动和操控。在同类体育用品中，它最突出的不同特征是它通常具有不同的颜色和图案设计，以便于在比赛中区分不同的队伍。||在这个游戏中，我们需要通过分析每位玩家的描述来找出卧底。通常，平民的描述会围绕相同的词语展开，而卧底的描述可能会因为词语的不同而显得不太一致。我们需要仔细比较每个描述之间的相似性和差异性，以找出可能的卧底，注意，卧底并不会隐藏自己，他会直接描述他的词语，现在，逐一分析每个玩家的描述，注意，这局游戏的词语分类为<体育用品>，卧底词和平民词都属于该类。||之前是第2轮描述和之前轮数描述的合集。你之前认为的卧底是玩家4。
2024-12-13 17:00:37,292 - 2 - INFO - **********PLAYER2**********
根据第二轮描述和之前轮数描述的合集，玩家4的描述与其他玩家的描述存在一些不一致之处：

- 玩家1、玩家2和玩家3都提到了球体的表面设计、大小、重量、材质和弹性，以及其在运动中产生的旋转和速度变化。
- 玩家4的描述虽然也提到了球体的表面光滑、便于滚动和操控，以及颜色和图案设计，但没有明确提到球体的重量、材质和弹性，也没有提到球体在运动中产生的旋转和速度变化。

这些不一致之处可能导致玩家4的描述与排球的特征不完全吻合。然而，玩家4的描述中提到的颜色和图案设计，以及表面光滑便于区分队伍的特点，可能与某些球类运动（如篮球或足球）的特征相符。

鉴于之前的分析，玩家4的描述可能与排球的特征不太一致，但并没有明确指向其他球类运动的具体特征。因此，如果继续基于描述的不一致性来推断，玩家4仍然是一个可能的卧底候选。

综上所述，根据描述的不一致性，玩家4可能仍然是卧底。
2024-12-13 17:00:37,294 - 2 - INFO - **********JUDGER**********
你刚刚的分析是根据第二轮描述和之前轮数描述的合集，玩家4的描述与其他玩家的描述存在一些不一致之处：

- 玩家1、玩家2和玩家3都提到了球体的表面设计、大小、重量、材质和弹性，以及其在运动中产生的旋转和速度变化。
- 玩家4的描述虽然也提到了球体的表面光滑、便于滚动和操控，以及颜色和图案设计，但没有明确提到球体的重量、材质和弹性，也没有提到球体在运动中产生的旋转和速度变化。

这些不一致之处可能导致玩家4的描述与排球的特征不完全吻合。然而，玩家4的描述中提到的颜色和图案设计，以及表面光滑便于区分队伍的特点，可能与某些球类运动（如篮球或足球）的特征相符。

鉴于之前的分析，玩家4的描述可能与排球的特征不太一致，但并没有明确指向其他球类运动的具体特征。因此，如果继续基于描述的不一致性来推断，玩家4仍然是一个可能的卧底候选。

综上所述，根据描述的不一致性，玩家4可能仍然是卧底。|| `请根据上述分析，比较描述以找出不一致之处，注意，这局游戏的词语分类为<体育用品>，卧底词和平民词都属于该类。
2024-12-13 17:00:52,294 - 2 - INFO - **********PLAYER2**********
根据第一轮描述，我们可以看到以下信息：

玩家1的描述：
- 球体是圆形的。
- 表面有特殊设计。
- 用于团队运动。
- 最显著的不同之处在于大小和重量。
- 适合特定运动的需求。

玩家2的描述：
- 球体用于团队对抗游戏。
- 表面有凹凸不平的小孔，增加摩擦力。
- 大小适中，适合多人参与。
- 采用特殊材料制成，确保耐用性和安全性。

玩家3的描述：
- 球体是圆形的。
- 主要用于团队竞技。
- 材质坚硬且耐撞击。
- 设计上具有重量和大小差异，适应不同运动项目。

玩家4的描述：
- 强调了游戏分析的重要性。
- 提到卧底可能会隐藏自己。
- 没有直接描述球体的特征。

根据这些描述，我们可以分析：

- 玩家1、玩家2和玩家3的描述都指向了相同的球体特征，即圆形、用于团队运动、具有特定设计、大小适中、耐撞击等。
- 玩家4的描述与球体的特征无关，而是关于游戏策略和分析。

因此，根据描述的相似性和差异性，玩家4可能是卧底，因为他没有提供关于球体的具体信息，而是转而讨论了游戏策略。
2024-12-13 17:00:52,297 - 2 - INFO - **********JUDGER**********
你刚刚的分析是根据第一轮描述，我们可以看到以下信息：

玩家1的描述：
- 球体是圆形的。
- 表面有特殊设计。
- 用于团队运动。
- 最显著的不同之处在于大小和重量。
- 适合特定运动的需求。

玩家2的描述：
- 球体用于团队对抗游戏。
- 表面有凹凸不平的小孔，增加摩擦力。
- 大小适中，适合多人参与。
- 采用特殊材料制成，确保耐用性和安全性。

玩家3的描述：
- 球体是圆形的。
- 主要用于团队竞技。
- 材质坚硬且耐撞击。
- 设计上具有重量和大小差异，适应不同运动项目。

玩家4的描述：
- 强调了游戏分析的重要性。
- 提到卧底可能会隐藏自己。
- 没有直接描述球体的特征。

根据这些描述，我们可以分析：

- 玩家1、玩家2和玩家3的描述都指向了相同的球体特征，即圆形、用于团队运动、具有特定设计、大小适中、耐撞击等。
- 玩家4的描述与球体的特征无关，而是关于游戏策略和分析。

因此，根据描述的相似性和差异性，玩家4可能是卧底，因为他没有提供关于球体的具体信息，而是转而讨论了游戏策略。|| 请通过你分析的不一致之处，推断卧底身份，注意，这局游戏的词语分类为<体育用品>，卧底词和平民词都属于该类。
2024-12-13 17:01:02,493 - 2 - INFO - **********PLAYER2**********
基于上述分析，不一致之处在于：

- 玩家1、玩家2和玩家3的描述都集中在了球体的物理特征和运动用途上，他们提到了球体的形状、设计、材质、大小、重量以及适用于的体育项目。
- 玩家4的描述则完全偏离了球体的具体特征，而是提到了游戏分析和卧底的行为，这与其他玩家描述的内容不相关。

考虑到这局游戏的词语分类为<体育用品>，并且卧底词和平民词都属于该类，玩家4的描述与球体的特征不符，因此可以推断玩家4是卧底。这是因为在<体育用品>的类别中，其他玩家的描述都围绕着球体的具体特征展开，而玩家4的描述则与游戏策略和角色相关，没有提供关于球体的任何具体信息。
2024-12-13 17:01:02,494 - 2 - INFO - **********JUDGER**********
你刚刚的推断是基于上述分析，不一致之处在于：

- 玩家1、玩家2和玩家3的描述都集中在了球体的物理特征和运动用途上，他们提到了球体的形状、设计、材质、大小、重量以及适用于的体育项目。
- 玩家4的描述则完全偏离了球体的具体特征，而是提到了游戏分析和卧底的行为，这与其他玩家描述的内容不相关。

考虑到这局游戏的词语分类为<体育用品>，并且卧底词和平民词都属于该类，玩家4的描述与球体的特征不符，因此可以推断玩家4是卧底。这是因为在<体育用品>的类别中，其他玩家的描述都围绕着球体的具体特征展开，而玩家4的描述则与游戏策略和角色相关，没有提供关于球体的任何具体信息。|| 基于你刚刚的推断得出你的最终结论，请输出你认为的卧底，在这种情况下只需要输出编号，是1-4中的某个数字，不要输出其他信息。在这个过程不要进行任何推理，只对||以前的部分进行信息提取
2024-12-13 17:01:04,242 - 2 - INFO - **********PLAYER2**********
4
2024-12-13 17:02:11,280 - 2 - INFO - **********JUDGER**********
玩家1说：这个球体是圆形，表面有特殊设计，用于团队运动，其最显著的不同之处在于它的大小和重量，适合特定运动的需求。这个球体在体育用品中以其独特的表面设计著称，它具有圆形的轮廓，表面平滑，适合快速移动和精准操控。它的重量适中，便于运动员挥动和击打。在这个类别中，它的一个显著特征是它的材料，通常具有很好的弹性，这使得球体在运动中能够产生丰富的旋转和速度变化。这个球体在体育用品中以其重量适中、易于操控而闻名，它的表面设计旨在提供良好的抓握感，同时保持球体的快速移动能力。在同类球体中，它的尺寸和重量是经过优化的，以适应特定运动项目的要求，尤其是在需要精确控制球速和旋转的运动中。此外，这个球体的材质具有出色的弹性，能够在击打时产生多样化的球速和旋转效果。玩家2说：这个球体是用来进行团队对抗游戏的，它的基本特征是表面有许多凹凸不平的小孔，这样可以增加球与手之间的摩擦力。在体育用品中，它最突出的不同特征是它的大小适中，适合多人参与，而且通常采用特殊材料制成，以确保在运动中的耐用性和安全性。这个球体在体育用品中以其独特的弹性著称，它具有圆形的轮廓，表面平滑，适合快速移动和精准操控。它的重量适中，便于运动员挥动和击打。在同类体育用品中，它的一个显著特征是材料具有良好的弹性，这使得球体在运动中能够产生丰富的旋转和速度变化。玩家3说：这个球体是圆形的，主要用于团队竞技，其独特之处在于它的材质坚硬且耐撞击，且设计上具有明显的重量和大小差异，以适应不同运动项目的要求。这个球体具有明显的重量和大小，专为特定的运动设计，它的表面光滑，便于快速滚动和操控。在同类体育用品中，它以其独特的材质著称，这种材质不仅坚硬耐撞击，而且具有良好的弹性，使得球体在运动中能够产生丰富的旋转和速度变化。此外，它的颜色和图案设计多样，有助于在比赛中区分不同的队伍。玩家4说：这个球体是一个圆形的体育用品，主要用于竞技，它的基本特征是表面光滑，便于滚动和操控。在同类体育用品中，它最突出的不同特征是它通常具有不同的颜色和图案设计，以便于在比赛中区分不同的队伍。这个球体在体育用品中以其形状和尺寸著称，特别适合进行团队竞技。它的设计旨在提供良好的滚动性和操控性，同时保持重量适中，便于运动员在比赛中快速移动和精准操控。此外，这个球体在同类产品中以其颜色和图案的多样性而闻名，这些设计不仅美观，而且在比赛中有助于区分不同的队伍。你是第2号玩家，你的关键词是<排球>。你的回答中绝对不能包含你的关键词<排球>。这是第三轮描述，你之前的描述是这个球体是用来进行团队对抗游戏的，它的基本特征是表面有许多凹凸不平的小孔，这样可以增加球与手之间的摩擦力。在体育用品中，它最突出的不同特征是它的大小适中，适合多人参与，而且通常采用特殊材料制成，以确保在运动中的耐用性和安全性。和这个球体在体育用品中以其独特的弹性著称，它具有圆形的轮廓，表面平滑，适合快速移动和精准操控。它的重量适中，便于运动员挥动和击打。在同类体育用品中，它的一个显著特征是材料具有良好的弹性，这使得球体在运动中能够产生丰富的旋转和速度变化。，注意，这局游戏的词语分类为<体育用品>，卧底词和平民词都属于该类，请你补充关于关键词的描述，注意，你的描述应该比起之前的描述更加贴近关键词，作为之前的补充
2024-12-13 17:02:17,596 - 2 - INFO - **********PLAYER2**********
这个球体在体育用品中以其重量适中、易于操控而闻名，它的表面设计旨在提供良好的抓握感，同时保持球体的快速移动能力。在同类球体中，它的尺寸和重量是经过优化的，以适应特定运动项目的要求，尤其是在需要精确控制球速和旋转的运动中。此外，这个球体的材质具有出色的弹性，能够在击打时产生多样化的球速和旋转效果。
2024-12-13 17:03:20,890 - 2 - INFO - **********JUDGER**********
玩家1说：这个球体是圆形，表面有特殊设计，用于团队运动，其最显著的不同之处在于它的大小和重量，适合特定运动的需求。这个球体在体育用品中以其独特的表面设计著称，它具有圆形的轮廓，表面平滑，适合快速移动和精准操控。它的重量适中，便于运动员挥动和击打。在这个类别中，它的一个显著特征是它的材料，通常具有很好的弹性，这使得球体在运动中能够产生丰富的旋转和速度变化。这个球体在体育用品中以其重量适中、易于操控而闻名，它的表面设计旨在提供良好的抓握感，同时保持球体的快速移动能力。在同类球体中，它的尺寸和重量是经过优化的，以适应特定运动项目的要求，尤其是在需要精确控制球速和旋转的运动中。此外，这个球体的材质具有出色的弹性，能够在击打时产生多样化的球速和旋转效果。玩家2说：这个球体是用来进行团队对抗游戏的，它的基本特征是表面有许多凹凸不平的小孔，这样可以增加球与手之间的摩擦力。在体育用品中，它最突出的不同特征是它的大小适中，适合多人参与，而且通常采用特殊材料制成，以确保在运动中的耐用性和安全性。这个球体在体育用品中以其独特的弹性著称，它具有圆形的轮廓，表面平滑，适合快速移动和精准操控。它的重量适中，便于运动员挥动和击打。在同类体育用品中，它的一个显著特征是材料具有良好的弹性，这使得球体在运动中能够产生丰富的旋转和速度变化。这个球体在体育用品中以其重量适中、易于操控而闻名，它的表面设计旨在提供良好的抓握感，同时保持球体的快速移动能力。在同类球体中，它的尺寸和重量是经过优化的，以适应特定运动项目的要求，尤其是在需要精确控制球速和旋转的运动中。此外，这个球体的材质具有出色的弹性，能够在击打时产生多样化的球速和旋转效果。玩家3说：这个球体是圆形的，主要用于团队竞技，其独特之处在于它的材质坚硬且耐撞击，且设计上具有明显的重量和大小差异，以适应不同运动项目的要求。这个球体具有明显的重量和大小，专为特定的运动设计，它的表面光滑，便于快速滚动和操控。在同类体育用品中，它以其独特的材质著称，这种材质不仅坚硬耐撞击，而且具有良好的弹性，使得球体在运动中能够产生丰富的旋转和速度变化。此外，它的颜色和图案设计多样，有助于在比赛中区分不同的队伍。这个球体是专为团队竞技设计的，其特点是具有明确的重量和大小，这使得它在运动中既稳定又灵活。它的表面设计光滑，便于滚动和操控，而其材质则既坚硬又耐撞击，能够承受高强度的运动。此外，这个球体的颜色和图案设计多样，有助于在比赛中区分不同的队伍。玩家4说：这个球体是一个圆形的体育用品，主要用于竞技，它的基本特征是表面光滑，便于滚动和操控。在同类体育用品中，它最突出的不同特征是它通常具有不同的颜色和图案设计，以便于在比赛中区分不同的队伍。这个球体在体育用品中以其形状和尺寸著称，特别适合进行团队竞技。它的设计旨在提供良好的滚动性和操控性，同时保持重量适中，便于运动员在比赛中快速移动和精准操控。此外，这个球体在同类产品中以其颜色和图案的多样性而闻名，这些设计不仅美观，而且在比赛中有助于区分不同的队伍。这个球体在体育用品中以其尺寸和重量著称，专为团队运动设计。它的表面光滑，便于快速滚动和操控，同时具有优化的尺寸和重量，以适应特定运动项目的要求。这个球体的材质具有良好的弹性，能够在运动中产生丰富的旋转和速度变化。此外，它的颜色和图案设计多样，有助于在比赛中区分不同的队伍。||在这个游戏中，我们需要通过分析每位玩家的描述来找出卧底。通常，平民的描述会围绕相同的词语展开，而卧底的描述可能会因为词语的不同而显得不太一致。我们需要仔细比较每个描述之间的相似性和差异性，以找出可能的卧底，注意，卧底并不会隐藏自己，他会直接描述他的词语，现在，逐一分析每个玩家的描述，注意，这局游戏的词语分类为<体育用品>，卧底词和平民词都属于该类。||之前是第3轮描述和之前轮数描述的合集。你之前认为的卧底是玩家4。
2024-12-13 17:03:34,792 - 2 - INFO - **********PLAYER2**********
根据第3轮描述和之前轮数描述的合集，以下是对各玩家描述的分析：

玩家1的描述与排球的特征非常吻合，强调了球体的重量适中、易于操控、表面设计以及材质的弹性。

玩家2的描述也提到了球体的重量适中、易于操控、表面设计、材质的弹性和耐用性，与排球的特征相符。

玩家3的描述中提到了球体的重量和大小差异、坚硬耐撞击的材质、以及颜色和图案设计，这些特征与排球不太相符，更像是篮球或足球。

玩家4的描述中虽然提到了球体的表面光滑、便于滚动和操控、颜色和图案设计，但没有提到重量、材质和弹性，这与排球的特征不太一致。

综合以上分析，玩家3的描述与排球的特征不太相符，更像是其他球类运动（如篮球或足球），因此玩家3可能是卧底。之前的推断玩家4是卧底可能需要重新考虑。
2024-12-13 17:03:34,793 - 2 - INFO - **********JUDGER**********
你刚刚的分析是根据第3轮描述和之前轮数描述的合集，以下是对各玩家描述的分析：

玩家1的描述与排球的特征非常吻合，强调了球体的重量适中、易于操控、表面设计以及材质的弹性。

玩家2的描述也提到了球体的重量适中、易于操控、表面设计、材质的弹性和耐用性，与排球的特征相符。

玩家3的描述中提到了球体的重量和大小差异、坚硬耐撞击的材质、以及颜色和图案设计，这些特征与排球不太相符，更像是篮球或足球。

玩家4的描述中虽然提到了球体的表面光滑、便于滚动和操控、颜色和图案设计，但没有提到重量、材质和弹性，这与排球的特征不太一致。

综合以上分析，玩家3的描述与排球的特征不太相符，更像是其他球类运动（如篮球或足球），因此玩家3可能是卧底。之前的推断玩家4是卧底可能需要重新考虑。|| `请根据上述分析，比较描述以找出不一致之处，注意，这局游戏的词语分类为<体育用品>，卧底词和平民词都属于该类。
2024-12-13 17:03:44,838 - 2 - INFO - **********PLAYER2**********
根据上述分析，不一致之处主要体现在以下两点：

1. 玩家3的描述中提到了球体的重量和大小差异、坚硬耐撞击的材质、以及颜色和图案设计。这些特征与排球的特征不符，因为排球通常不是设计成重量和大小差异明显的球体，也不是为了耐撞击而设计，而是为了在空中飞行和击打时能够产生旋转和速度变化。

2. 玩家4的描述中提到了球体的表面光滑、便于滚动和操控、颜色和图案设计。虽然这些特征可以适用于多种球类运动，但没有提到重量、材质和弹性，这些是排球等球类运动中球体的重要特征。

因此，玩家3和玩家4的描述与排球的特征存在不一致之处，这可能是他们不是平民的迹象。
2024-12-13 17:03:44,840 - 2 - INFO - **********JUDGER**********
你刚刚的分析是根据上述分析，不一致之处主要体现在以下两点：

1. 玩家3的描述中提到了球体的重量和大小差异、坚硬耐撞击的材质、以及颜色和图案设计。这些特征与排球的特征不符，因为排球通常不是设计成重量和大小差异明显的球体，也不是为了耐撞击而设计，而是为了在空中飞行和击打时能够产生旋转和速度变化。

2. 玩家4的描述中提到了球体的表面光滑、便于滚动和操控、颜色和图案设计。虽然这些特征可以适用于多种球类运动，但没有提到重量、材质和弹性，这些是排球等球类运动中球体的重要特征。

因此，玩家3和玩家4的描述与排球的特征存在不一致之处，这可能是他们不是平民的迹象。|| 请通过你分析的不一致之处，推断卧底身份，注意，这局游戏的词语分类为<体育用品>，卧底词和平民词都属于该类。
2024-12-13 17:03:51,882 - 2 - INFO - **********PLAYER2**********
根据分析，玩家3和玩家4的描述与排球的特征存在不一致之处，这表明他们可能不是平民。在<体育用品>这个分类中，如果他们的描述不符合排球的特征，那么他们可能是卧底。

因此，基于描述的不一致性，我推断卧底身份可能是玩家3或玩家4。由于需要选择一个数字，我选择：

3
2024-12-13 17:03:51,882 - 2 - INFO - **********JUDGER**********
你刚刚的推断是根据分析，玩家3和玩家4的描述与排球的特征存在不一致之处，这表明他们可能不是平民。在<体育用品>这个分类中，如果他们的描述不符合排球的特征，那么他们可能是卧底。

因此，基于描述的不一致性，我推断卧底身份可能是玩家3或玩家4。由于需要选择一个数字，我选择：

3|| 基于你刚刚的推断得出你的最终结论，请输出你认为的卧底，在这种情况下只需要输出编号，是1-4中的某个数字，不要输出其他信息。在这个过程不要进行任何推理，只对||以前的部分进行信息提取
2024-12-13 17:03:54,268 - 2 - INFO - **********PLAYER2**********
3
