2024-12-13 16:56:14,785 - 3 - INFO - **********JUDGER**********
让我们来玩一个叫做<谁是卧底>的推理游戏。基本规则：<人数>：4人。<角色分配>：每位玩家随机抽取一个词语，3名玩家拿到的词语是相同的（平民词），1名玩家拿到与之相近但不同的词语（卧底词）。<游戏流程>：1、玩家轮流描述自己的词语，但<不能>直接说出词语本身。2、描述完毕后，投票选出最像卧底的玩家。3、每轮结束后，被投票选出的玩家出局，不能再进行描述或投票。4、每轮投票结束后，如果卧底被成功找出，平民方获胜；如果卧底未被找出且卧底人数等于或超过平民人数，则卧底方获胜。你将扮演一个<玩家>，请等待你被分配到的关键词。如果你听懂了，只回答，"好的，我准备好参加游戏了"，不要输出别的信息
2024-12-13 16:56:16,309 - 3 - INFO - **********PLAYER3**********
好的，我准备好参加游戏了
2024-12-13 16:56:26,217 - 3 - INFO - **********JUDGER**********
玩家1说：这个球体是圆形，表面有特殊设计，用于团队运动，其最显著的不同之处在于它的大小和重量，适合特定运动的需求。玩家2说：这个球体是用来进行团队对抗游戏的，它的基本特征是表面有许多凹凸不平的小孔，这样可以增加球与手之间的摩擦力。在体育用品中，它最突出的不同特征是它的大小适中，适合多人参与，而且通常采用特殊材料制成，以确保在运动中的耐用性和安全性。玩家3说：玩家4说：|| 你是第3号玩家，你的关键词是<排球>。你的回答中绝对不能包含你的关键词<排球>。这是第一轮描述，不需要分析||之前别的玩家的描述，请你描述关键词基本特征，注意，这局游戏的词语分类为<体育用品>，卧底词和平民词都属于该类，描述包括以下两点，1.他的基本特征是什么2.他在该类（体育用品）中最突出不同的特征是什么，尽量简短
2024-12-13 16:56:28,357 - 3 - INFO - **********PLAYER3**********
这个球体是圆形的，主要用于团队竞技，其独特之处在于它的材质坚硬且耐撞击，且设计上具有明显的重量和大小差异，以适应不同运动项目的要求。
2024-12-13 16:57:36,033 - 3 - INFO - **********JUDGER**********
玩家1说：这个球体是圆形，表面有特殊设计，用于团队运动，其最显著的不同之处在于它的大小和重量，适合特定运动的需求。玩家2说：这个球体是用来进行团队对抗游戏的，它的基本特征是表面有许多凹凸不平的小孔，这样可以增加球与手之间的摩擦力。在体育用品中，它最突出的不同特征是它的大小适中，适合多人参与，而且通常采用特殊材料制成，以确保在运动中的耐用性和安全性。玩家3说：这个球体是圆形的，主要用于团队竞技，其独特之处在于它的材质坚硬且耐撞击，且设计上具有明显的重量和大小差异，以适应不同运动项目的要求。玩家4说：||在这个游戏中，我们需要通过分析每位玩家的描述来找出卧底。通常，平民的描述会围绕相同的词语展开，而卧底的描述可能会因为词语的不同而显得不太一致。我们需要仔细比较每个描述之间的相似性和差异性，以找出可能的卧底，注意，卧底并不会隐藏自己，他会直接描述他的词语，现在，逐一分析每个玩家的描述，注意，这局游戏的词语分类为<体育用品>，卧底词和平民词都属于该类。这是第一轮描述。
2024-12-13 16:57:47,843 - 3 - INFO - **********PLAYER3**********
玩家1和玩家3的描述非常相似，都强调了球体是圆形的，用于团队运动，并且具有大小和重量的差异。玩家2的描述也提到了球体用于团队对抗游戏，表面有凹凸不平的小孔，大小适中，适合多人参与，并强调了特殊材料和耐用性。

玩家4的描述与其他玩家有所不同，他并没有具体描述球体的特征，而是强调了游戏规则和描述分析的方法，这可能意味着玩家4的角色与众不同，或者他的描述方式是为了引导大家注意其他玩家的描述。

基于以上分析，玩家4的描述可能不太符合普通平民的描述风格，他可能是卧底，或者他的描述是为了混淆视听。需要进一步观察后续玩家的描述来确定。
2024-12-13 16:57:47,845 - 3 - INFO - **********JUDGER**********
你刚刚的分析是玩家1和玩家3的描述非常相似，都强调了球体是圆形的，用于团队运动，并且具有大小和重量的差异。玩家2的描述也提到了球体用于团队对抗游戏，表面有凹凸不平的小孔，大小适中，适合多人参与，并强调了特殊材料和耐用性。

玩家4的描述与其他玩家有所不同，他并没有具体描述球体的特征，而是强调了游戏规则和描述分析的方法，这可能意味着玩家4的角色与众不同，或者他的描述方式是为了引导大家注意其他玩家的描述。

基于以上分析，玩家4的描述可能不太符合普通平民的描述风格，他可能是卧底，或者他的描述是为了混淆视听。需要进一步观察后续玩家的描述来确定。|| `请根据上述分析，比较描述以找出不一致之处，注意，这局游戏的词语分类为<体育用品>，卧底词和平民词都属于该类。
2024-12-13 16:58:00,182 - 3 - INFO - **********PLAYER3**********
根据上述分析，我们可以比较每位玩家的描述以找出不一致之处：

1. 玩家1和玩家3的描述非常相似，都提到了球体是圆形的，用于团队运动，并且具有大小和重量的差异。这表明他们可能持有相同的平民词。

2. 玩家2的描述也提到了球体是圆形的，用于团队对抗游戏，表面有凹凸不平的小孔，大小适中，适合多人参与，并强调了特殊材料和耐用性。这与玩家1和玩家3的描述有部分重叠，但玩家2特别强调了球体表面的凹凸设计和材料特性。

3. 玩家4的描述并没有具体描述球体的特征，而是转而讨论了游戏规则和描述分析的方法。这与其他玩家的描述方向不同，因为他们都在描述球体的特征。

不一致之处在于：
- 玩家4的描述与其他玩家描述球体特征的方向不一致，他更专注于游戏策略而非球体的具体特征。
- 玩家2的描述中提到了球体的表面设计（凹凸不平的小孔）和材料（特殊材料），这可能与玩家1和玩家3的平民词有所不同，除非他们的词也是某种球类，但表面设计和材料描述可能指向了不同的球类。

因此，玩家4和玩家2的描述可能需要特别注意，他们可能是卧底或者他们的描述中包含了不同于其他玩家的关键信息。
2024-12-13 16:58:00,184 - 3 - INFO - **********JUDGER**********
你刚刚的分析是根据上述分析，我们可以比较每位玩家的描述以找出不一致之处：

1. 玩家1和玩家3的描述非常相似，都提到了球体是圆形的，用于团队运动，并且具有大小和重量的差异。这表明他们可能持有相同的平民词。

2. 玩家2的描述也提到了球体是圆形的，用于团队对抗游戏，表面有凹凸不平的小孔，大小适中，适合多人参与，并强调了特殊材料和耐用性。这与玩家1和玩家3的描述有部分重叠，但玩家2特别强调了球体表面的凹凸设计和材料特性。

3. 玩家4的描述并没有具体描述球体的特征，而是转而讨论了游戏规则和描述分析的方法。这与其他玩家的描述方向不同，因为他们都在描述球体的特征。

不一致之处在于：
- 玩家4的描述与其他玩家描述球体特征的方向不一致，他更专注于游戏策略而非球体的具体特征。
- 玩家2的描述中提到了球体的表面设计（凹凸不平的小孔）和材料（特殊材料），这可能与玩家1和玩家3的平民词有所不同，除非他们的词也是某种球类，但表面设计和材料描述可能指向了不同的球类。

因此，玩家4和玩家2的描述可能需要特别注意，他们可能是卧底或者他们的描述中包含了不同于其他玩家的关键信息。|| 请通过你分析的不一致之处，推断卧底身份，注意，这局游戏的词语分类为<体育用品>，卧底词和平民词都属于该类。
2024-12-13 16:58:28,825 - 3 - INFO - **********PLAYER3**********
根据分析的不一致之处，我们可以进行以下推断：

1. 玩家4的描述偏离了其他玩家描述球体特征的方向，而是讨论了游戏规则和描述分析的方法。这种描述方式在寻找球体特征的游戏中显得异常，因为它没有提供任何有关球体的具体信息。这可能意味着玩家4在试图引导讨论，或者他的描述与球体无关，因此玩家4可能是卧底。

2. 玩家2的描述中提到了球体的表面设计（凹凸不平的小孔）和材料（特殊材料），这与其他玩家描述的球体特征有所不同。如果玩家1和玩家3的平民词是像篮球或足球这样的标准球类，那么玩家2的描述可能指向了另一种球类，比如排球或橄榄球，这些球类的表面特征和材料可能与标准球类不同。

考虑到游戏分类为<体育用品>，且卧底词和平民词都属于该类，玩家2的描述中的特殊表面设计和材料特性可能是一个关键线索，指向了与标准球类不同的球类，这可能是卧底词。

综上所述，玩家4和玩家2的描述都可能是卧底的线索。如果玩家4的描述确实是引导性的，那么他可能是卧底。如果玩家2的描述中的特殊特征指向了不同于其他玩家描述的球类，那么他可能是卧底。在这种情况下，我们需要更多的信息或者下一轮的描述来进一步确定卧底的身份。
2024-12-13 16:58:28,827 - 3 - INFO - **********JUDGER**********
你刚刚的推断是根据分析的不一致之处，我们可以进行以下推断：

1. 玩家4的描述偏离了其他玩家描述球体特征的方向，而是讨论了游戏规则和描述分析的方法。这种描述方式在寻找球体特征的游戏中显得异常，因为它没有提供任何有关球体的具体信息。这可能意味着玩家4在试图引导讨论，或者他的描述与球体无关，因此玩家4可能是卧底。

2. 玩家2的描述中提到了球体的表面设计（凹凸不平的小孔）和材料（特殊材料），这与其他玩家描述的球体特征有所不同。如果玩家1和玩家3的平民词是像篮球或足球这样的标准球类，那么玩家2的描述可能指向了另一种球类，比如排球或橄榄球，这些球类的表面特征和材料可能与标准球类不同。

考虑到游戏分类为<体育用品>，且卧底词和平民词都属于该类，玩家2的描述中的特殊表面设计和材料特性可能是一个关键线索，指向了与标准球类不同的球类，这可能是卧底词。

综上所述，玩家4和玩家2的描述都可能是卧底的线索。如果玩家4的描述确实是引导性的，那么他可能是卧底。如果玩家2的描述中的特殊特征指向了不同于其他玩家描述的球类，那么他可能是卧底。在这种情况下，我们需要更多的信息或者下一轮的描述来进一步确定卧底的身份。|| 基于你刚刚的推断得出你的最终结论，请输出你认为的卧底，在这种情况下只需要输出编号，是1-4中的某个数字，不要输出其他信息。在这个过程不要进行任何推理，只对||以前的部分进行信息提取
2024-12-13 16:58:29,908 - 3 - INFO - **********PLAYER3**********
2
2024-12-13 16:59:19,652 - 3 - INFO - **********JUDGER**********
玩家1说：这个球体是圆形，表面有特殊设计，用于团队运动，其最显著的不同之处在于它的大小和重量，适合特定运动的需求。这个球体在体育用品中以其独特的表面设计著称，它具有圆形的轮廓，表面平滑，适合快速移动和精准操控。它的重量适中，便于运动员挥动和击打。在这个类别中，它的一个显著特征是它的材料，通常具有很好的弹性，这使得球体在运动中能够产生丰富的旋转和速度变化。玩家2说：这个球体是用来进行团队对抗游戏的，它的基本特征是表面有许多凹凸不平的小孔，这样可以增加球与手之间的摩擦力。在体育用品中，它最突出的不同特征是它的大小适中，适合多人参与，而且通常采用特殊材料制成，以确保在运动中的耐用性和安全性。这个球体在体育用品中以其独特的弹性著称，它具有圆形的轮廓，表面平滑，适合快速移动和精准操控。它的重量适中，便于运动员挥动和击打。在同类体育用品中，它的一个显著特征是材料具有良好的弹性，这使得球体在运动中能够产生丰富的旋转和速度变化。玩家3说：这个球体是圆形的，主要用于团队竞技，其独特之处在于它的材质坚硬且耐撞击，且设计上具有明显的重量和大小差异，以适应不同运动项目的要求。玩家4说：这个球体是一个圆形的体育用品，主要用于竞技，它的基本特征是表面光滑，便于滚动和操控。在同类体育用品中，它最突出的不同特征是它通常具有不同的颜色和图案设计，以便于在比赛中区分不同的队伍。你是第3号玩家，你的关键词是<排球>。你的回答中绝对不能包含你的关键词<排球>。这是第二轮描述，你之前的描述是这个球体是圆形的，主要用于团队竞技，其独特之处在于它的材质坚硬且耐撞击，且设计上具有明显的重量和大小差异，以适应不同运动项目的要求。，注意，这局游戏的词语分类为<体育用品>，卧底词和平民词都属于该类，请你补充关于关键词的描述，注意，你的描述应该比起之前的描述更加贴近关键词，作为之前的补充
2024-12-13 16:59:24,006 - 3 - INFO - **********PLAYER3**********
这个球体具有明显的重量和大小，专为特定的运动设计，它的表面光滑，便于快速滚动和操控。在同类体育用品中，它以其独特的材质著称，这种材质不仅坚硬耐撞击，而且具有良好的弹性，使得球体在运动中能够产生丰富的旋转和速度变化。此外，它的颜色和图案设计多样，有助于在比赛中区分不同的队伍。
2024-12-13 17:01:04,243 - 3 - INFO - **********JUDGER**********
玩家1说：这个球体是圆形，表面有特殊设计，用于团队运动，其最显著的不同之处在于它的大小和重量，适合特定运动的需求。这个球体在体育用品中以其独特的表面设计著称，它具有圆形的轮廓，表面平滑，适合快速移动和精准操控。它的重量适中，便于运动员挥动和击打。在这个类别中，它的一个显著特征是它的材料，通常具有很好的弹性，这使得球体在运动中能够产生丰富的旋转和速度变化。玩家2说：这个球体是用来进行团队对抗游戏的，它的基本特征是表面有许多凹凸不平的小孔，这样可以增加球与手之间的摩擦力。在体育用品中，它最突出的不同特征是它的大小适中，适合多人参与，而且通常采用特殊材料制成，以确保在运动中的耐用性和安全性。这个球体在体育用品中以其独特的弹性著称，它具有圆形的轮廓，表面平滑，适合快速移动和精准操控。它的重量适中，便于运动员挥动和击打。在同类体育用品中，它的一个显著特征是材料具有良好的弹性，这使得球体在运动中能够产生丰富的旋转和速度变化。玩家3说：这个球体是圆形的，主要用于团队竞技，其独特之处在于它的材质坚硬且耐撞击，且设计上具有明显的重量和大小差异，以适应不同运动项目的要求。这个球体具有明显的重量和大小，专为特定的运动设计，它的表面光滑，便于快速滚动和操控。在同类体育用品中，它以其独特的材质著称，这种材质不仅坚硬耐撞击，而且具有良好的弹性，使得球体在运动中能够产生丰富的旋转和速度变化。此外，它的颜色和图案设计多样，有助于在比赛中区分不同的队伍。玩家4说：这个球体是一个圆形的体育用品，主要用于竞技，它的基本特征是表面光滑，便于滚动和操控。在同类体育用品中，它最突出的不同特征是它通常具有不同的颜色和图案设计，以便于在比赛中区分不同的队伍。||在这个游戏中，我们需要通过分析每位玩家的描述来找出卧底。通常，平民的描述会围绕相同的词语展开，而卧底的描述可能会因为词语的不同而显得不太一致。我们需要仔细比较每个描述之间的相似性和差异性，以找出可能的卧底，注意，卧底并不会隐藏自己，他会直接描述他的词语，现在，逐一分析每个玩家的描述，注意，这局游戏的词语分类为<体育用品>，卧底词和平民词都属于该类。||之前是第2轮描述和之前轮数描述的合集。你之前认为的卧底是玩家2。
2024-12-13 17:01:20,814 - 3 - INFO - **********PLAYER3**********
根据第二轮描述和之前的分析，以下是对每位玩家描述的进一步分析：

玩家1的描述强调了球体的表面设计、重量、材料弹性和旋转速度变化，这些特征与篮球等球类运动相符合。

玩家2的描述与玩家1相似，也提到了球体的表面设计、重量、材料和旋转速度变化，但特别强调了球体表面的凹凸不平的小孔和耐用性，这听起来更像是排球或橄榄球等球类。

玩家3的描述与玩家1和玩家2的描述相似，但特别提到了球体的重量和大小差异以及颜色和图案设计，这可能与排球或篮球有关。

玩家4的描述强调了球体的表面光滑、颜色和图案设计，以及便于滚动和操控，这与篮球等球类运动相符合。

基于这些描述，玩家2的描述仍然与卧底词的特征不太一致，因为他提到的凹凸不平的小孔和耐用性特征在篮球等球类中不常见。而玩家4的描述虽然与篮球等球类运动相符，但他的描述没有提到球体的重量和大小差异，这与排球或篮球等球类的特征不完全吻合。

因此，根据第二轮描述和之前的分析，玩家2和玩家4的描述可能仍然指向卧底。如果玩家2的描述中的特殊特征是误导性的，那么玩家4可能是卧底。如果玩家4的描述中没有提到关键特征，那么玩家2可能是卧底。

由于之前分析时认为玩家2是卧底，如果现在需要保持这个结论，那么我会继续认为玩家2是卧底。但如果需要根据最新的描述重新评估，那么玩家4也可能是一个需要关注的对象。不过，根据题目要求，只需输出编号，所以：

2
2024-12-13 17:01:20,817 - 3 - INFO - **********JUDGER**********
你刚刚的分析是根据第二轮描述和之前的分析，以下是对每位玩家描述的进一步分析：

玩家1的描述强调了球体的表面设计、重量、材料弹性和旋转速度变化，这些特征与篮球等球类运动相符合。

玩家2的描述与玩家1相似，也提到了球体的表面设计、重量、材料和旋转速度变化，但特别强调了球体表面的凹凸不平的小孔和耐用性，这听起来更像是排球或橄榄球等球类。

玩家3的描述与玩家1和玩家2的描述相似，但特别提到了球体的重量和大小差异以及颜色和图案设计，这可能与排球或篮球有关。

玩家4的描述强调了球体的表面光滑、颜色和图案设计，以及便于滚动和操控，这与篮球等球类运动相符合。

基于这些描述，玩家2的描述仍然与卧底词的特征不太一致，因为他提到的凹凸不平的小孔和耐用性特征在篮球等球类中不常见。而玩家4的描述虽然与篮球等球类运动相符，但他的描述没有提到球体的重量和大小差异，这与排球或篮球等球类的特征不完全吻合。

因此，根据第二轮描述和之前的分析，玩家2和玩家4的描述可能仍然指向卧底。如果玩家2的描述中的特殊特征是误导性的，那么玩家4可能是卧底。如果玩家4的描述中没有提到关键特征，那么玩家2可能是卧底。

由于之前分析时认为玩家2是卧底，如果现在需要保持这个结论，那么我会继续认为玩家2是卧底。但如果需要根据最新的描述重新评估，那么玩家4也可能是一个需要关注的对象。不过，根据题目要求，只需输出编号，所以：

2|| `请根据上述分析，比较描述以找出不一致之处，注意，这局游戏的词语分类为<体育用品>，卧底词和平民词都属于该类。
2024-12-13 17:01:22,040 - 3 - INFO - **********PLAYER3**********
2
2024-12-13 17:01:22,041 - 3 - INFO - **********JUDGER**********
你刚刚的分析是2|| 请通过你分析的不一致之处，推断卧底身份，注意，这局游戏的词语分类为<体育用品>，卧底词和平民词都属于该类。
2024-12-13 17:01:23,150 - 3 - INFO - **********PLAYER3**********
2
2024-12-13 17:01:23,150 - 3 - INFO - **********JUDGER**********
你刚刚的推断是2|| 基于你刚刚的推断得出你的最终结论，请输出你认为的卧底，在这种情况下只需要输出编号，是1-4中的某个数字，不要输出其他信息。在这个过程不要进行任何推理，只对||以前的部分进行信息提取
2024-12-13 17:01:24,152 - 3 - INFO - **********PLAYER3**********
2
2024-12-13 17:02:17,597 - 3 - INFO - **********JUDGER**********
玩家1说：这个球体是圆形，表面有特殊设计，用于团队运动，其最显著的不同之处在于它的大小和重量，适合特定运动的需求。这个球体在体育用品中以其独特的表面设计著称，它具有圆形的轮廓，表面平滑，适合快速移动和精准操控。它的重量适中，便于运动员挥动和击打。在这个类别中，它的一个显著特征是它的材料，通常具有很好的弹性，这使得球体在运动中能够产生丰富的旋转和速度变化。这个球体在体育用品中以其重量适中、易于操控而闻名，它的表面设计旨在提供良好的抓握感，同时保持球体的快速移动能力。在同类球体中，它的尺寸和重量是经过优化的，以适应特定运动项目的要求，尤其是在需要精确控制球速和旋转的运动中。此外，这个球体的材质具有出色的弹性，能够在击打时产生多样化的球速和旋转效果。玩家2说：这个球体是用来进行团队对抗游戏的，它的基本特征是表面有许多凹凸不平的小孔，这样可以增加球与手之间的摩擦力。在体育用品中，它最突出的不同特征是它的大小适中，适合多人参与，而且通常采用特殊材料制成，以确保在运动中的耐用性和安全性。这个球体在体育用品中以其独特的弹性著称，它具有圆形的轮廓，表面平滑，适合快速移动和精准操控。它的重量适中，便于运动员挥动和击打。在同类体育用品中，它的一个显著特征是材料具有良好的弹性，这使得球体在运动中能够产生丰富的旋转和速度变化。这个球体在体育用品中以其重量适中、易于操控而闻名，它的表面设计旨在提供良好的抓握感，同时保持球体的快速移动能力。在同类球体中，它的尺寸和重量是经过优化的，以适应特定运动项目的要求，尤其是在需要精确控制球速和旋转的运动中。此外，这个球体的材质具有出色的弹性，能够在击打时产生多样化的球速和旋转效果。玩家3说：这个球体是圆形的，主要用于团队竞技，其独特之处在于它的材质坚硬且耐撞击，且设计上具有明显的重量和大小差异，以适应不同运动项目的要求。这个球体具有明显的重量和大小，专为特定的运动设计，它的表面光滑，便于快速滚动和操控。在同类体育用品中，它以其独特的材质著称，这种材质不仅坚硬耐撞击，而且具有良好的弹性，使得球体在运动中能够产生丰富的旋转和速度变化。此外，它的颜色和图案设计多样，有助于在比赛中区分不同的队伍。玩家4说：这个球体是一个圆形的体育用品，主要用于竞技，它的基本特征是表面光滑，便于滚动和操控。在同类体育用品中，它最突出的不同特征是它通常具有不同的颜色和图案设计，以便于在比赛中区分不同的队伍。这个球体在体育用品中以其形状和尺寸著称，特别适合进行团队竞技。它的设计旨在提供良好的滚动性和操控性，同时保持重量适中，便于运动员在比赛中快速移动和精准操控。此外，这个球体在同类产品中以其颜色和图案的多样性而闻名，这些设计不仅美观，而且在比赛中有助于区分不同的队伍。你是第3号玩家，你的关键词是<排球>。你的回答中绝对不能包含你的关键词<排球>。这是第三轮描述，你之前的描述是这个球体是圆形的，主要用于团队竞技，其独特之处在于它的材质坚硬且耐撞击，且设计上具有明显的重量和大小差异，以适应不同运动项目的要求。和这个球体具有明显的重量和大小，专为特定的运动设计，它的表面光滑，便于快速滚动和操控。在同类体育用品中，它以其独特的材质著称，这种材质不仅坚硬耐撞击，而且具有良好的弹性，使得球体在运动中能够产生丰富的旋转和速度变化。此外，它的颜色和图案设计多样，有助于在比赛中区分不同的队伍。，注意，这局游戏的词语分类为<体育用品>，卧底词和平民词都属于该类，请你补充关于关键词的描述，注意，你的描述应该比起之前的描述更加贴近关键词，作为之前的补充
2024-12-13 17:02:24,833 - 3 - INFO - **********PLAYER3**********
这个球体是专为团队竞技设计的，其特点是具有明确的重量和大小，这使得它在运动中既稳定又灵活。它的表面设计光滑，便于滚动和操控，而其材质则既坚硬又耐撞击，能够承受高强度的运动。此外，这个球体的颜色和图案设计多样，有助于在比赛中区分不同的队伍。
2024-12-13 17:03:54,269 - 3 - INFO - **********JUDGER**********
玩家1说：这个球体是圆形，表面有特殊设计，用于团队运动，其最显著的不同之处在于它的大小和重量，适合特定运动的需求。这个球体在体育用品中以其独特的表面设计著称，它具有圆形的轮廓，表面平滑，适合快速移动和精准操控。它的重量适中，便于运动员挥动和击打。在这个类别中，它的一个显著特征是它的材料，通常具有很好的弹性，这使得球体在运动中能够产生丰富的旋转和速度变化。这个球体在体育用品中以其重量适中、易于操控而闻名，它的表面设计旨在提供良好的抓握感，同时保持球体的快速移动能力。在同类球体中，它的尺寸和重量是经过优化的，以适应特定运动项目的要求，尤其是在需要精确控制球速和旋转的运动中。此外，这个球体的材质具有出色的弹性，能够在击打时产生多样化的球速和旋转效果。玩家2说：这个球体是用来进行团队对抗游戏的，它的基本特征是表面有许多凹凸不平的小孔，这样可以增加球与手之间的摩擦力。在体育用品中，它最突出的不同特征是它的大小适中，适合多人参与，而且通常采用特殊材料制成，以确保在运动中的耐用性和安全性。这个球体在体育用品中以其独特的弹性著称，它具有圆形的轮廓，表面平滑，适合快速移动和精准操控。它的重量适中，便于运动员挥动和击打。在同类体育用品中，它的一个显著特征是材料具有良好的弹性，这使得球体在运动中能够产生丰富的旋转和速度变化。这个球体在体育用品中以其重量适中、易于操控而闻名，它的表面设计旨在提供良好的抓握感，同时保持球体的快速移动能力。在同类球体中，它的尺寸和重量是经过优化的，以适应特定运动项目的要求，尤其是在需要精确控制球速和旋转的运动中。此外，这个球体的材质具有出色的弹性，能够在击打时产生多样化的球速和旋转效果。玩家3说：这个球体是圆形的，主要用于团队竞技，其独特之处在于它的材质坚硬且耐撞击，且设计上具有明显的重量和大小差异，以适应不同运动项目的要求。这个球体具有明显的重量和大小，专为特定的运动设计，它的表面光滑，便于快速滚动和操控。在同类体育用品中，它以其独特的材质著称，这种材质不仅坚硬耐撞击，而且具有良好的弹性，使得球体在运动中能够产生丰富的旋转和速度变化。此外，它的颜色和图案设计多样，有助于在比赛中区分不同的队伍。这个球体是专为团队竞技设计的，其特点是具有明确的重量和大小，这使得它在运动中既稳定又灵活。它的表面设计光滑，便于滚动和操控，而其材质则既坚硬又耐撞击，能够承受高强度的运动。此外，这个球体的颜色和图案设计多样，有助于在比赛中区分不同的队伍。玩家4说：这个球体是一个圆形的体育用品，主要用于竞技，它的基本特征是表面光滑，便于滚动和操控。在同类体育用品中，它最突出的不同特征是它通常具有不同的颜色和图案设计，以便于在比赛中区分不同的队伍。这个球体在体育用品中以其形状和尺寸著称，特别适合进行团队竞技。它的设计旨在提供良好的滚动性和操控性，同时保持重量适中，便于运动员在比赛中快速移动和精准操控。此外，这个球体在同类产品中以其颜色和图案的多样性而闻名，这些设计不仅美观，而且在比赛中有助于区分不同的队伍。这个球体在体育用品中以其尺寸和重量著称，专为团队运动设计。它的表面光滑，便于快速滚动和操控，同时具有优化的尺寸和重量，以适应特定运动项目的要求。这个球体的材质具有良好的弹性，能够在运动中产生丰富的旋转和速度变化。此外，它的颜色和图案设计多样，有助于在比赛中区分不同的队伍。||在这个游戏中，我们需要通过分析每位玩家的描述来找出卧底。通常，平民的描述会围绕相同的词语展开，而卧底的描述可能会因为词语的不同而显得不太一致。我们需要仔细比较每个描述之间的相似性和差异性，以找出可能的卧底，注意，卧底并不会隐藏自己，他会直接描述他的词语，现在，逐一分析每个玩家的描述，注意，这局游戏的词语分类为<体育用品>，卧底词和平民词都属于该类。||之前是第3轮描述和之前轮数描述的合集。你之前认为的卧底是玩家2。
2024-12-13 17:04:13,112 - 3 - INFO - **********PLAYER3**********
根据第三轮描述和之前的分析，以下是对每位玩家描述的进一步分析：

玩家1的描述强调了球体的表面设计、重量、材料弹性和旋转速度变化，这些特征与篮球等球类运动相符合。

玩家2的描述与玩家1非常相似，也提到了球体的表面设计、重量、材料弹性和旋转速度变化，以及球体的大小适中、耐用性和安全性。这些描述可能与篮球或足球等球类运动相符。

玩家3的描述与玩家1和玩家2的描述相似，但特别提到了球体的重量和大小差异以及颜色和图案设计，这可能与排球或篮球有关。

玩家4的描述与玩家1和玩家2的描述相似，但更加强调了球体的形状、尺寸、颜色和图案设计，这些特征可能与篮球或足球等球类运动相符。

基于这些描述，玩家2的描述与玩家1和玩家3的描述在关键特征上非常相似，这可能表明玩家2持有与玩家1和玩家3相同的平民词。而玩家4的描述虽然与球类运动相符，但他的描述没有提到球体的重量和大小差异，这与排球或篮球等球类的特征不完全吻合。

因此，如果之前认为玩家2是卧底，那么这个结论在第三轮描述中并没有得到强化。相反，玩家4的描述可能需要更多的关注，因为他的描述没有提到球体的重量和大小差异，这与排球或篮球等球类的特征不完全吻合。

根据题目要求，只需输出编号，所以：

4
2024-12-13 17:04:13,115 - 3 - INFO - **********JUDGER**********
你刚刚的分析是根据第三轮描述和之前的分析，以下是对每位玩家描述的进一步分析：

玩家1的描述强调了球体的表面设计、重量、材料弹性和旋转速度变化，这些特征与篮球等球类运动相符合。

玩家2的描述与玩家1非常相似，也提到了球体的表面设计、重量、材料弹性和旋转速度变化，以及球体的大小适中、耐用性和安全性。这些描述可能与篮球或足球等球类运动相符。

玩家3的描述与玩家1和玩家2的描述相似，但特别提到了球体的重量和大小差异以及颜色和图案设计，这可能与排球或篮球有关。

玩家4的描述与玩家1和玩家2的描述相似，但更加强调了球体的形状、尺寸、颜色和图案设计，这些特征可能与篮球或足球等球类运动相符。

基于这些描述，玩家2的描述与玩家1和玩家3的描述在关键特征上非常相似，这可能表明玩家2持有与玩家1和玩家3相同的平民词。而玩家4的描述虽然与球类运动相符，但他的描述没有提到球体的重量和大小差异，这与排球或篮球等球类的特征不完全吻合。

因此，如果之前认为玩家2是卧底，那么这个结论在第三轮描述中并没有得到强化。相反，玩家4的描述可能需要更多的关注，因为他的描述没有提到球体的重量和大小差异，这与排球或篮球等球类的特征不完全吻合。

根据题目要求，只需输出编号，所以：

4|| `请根据上述分析，比较描述以找出不一致之处，注意，这局游戏的词语分类为<体育用品>，卧底词和平民词都属于该类。
2024-12-13 17:04:14,815 - 3 - INFO - **********PLAYER3**********
4
2024-12-13 17:04:14,816 - 3 - INFO - **********JUDGER**********
你刚刚的分析是4|| 请通过你分析的不一致之处，推断卧底身份，注意，这局游戏的词语分类为<体育用品>，卧底词和平民词都属于该类。
2024-12-13 17:04:16,344 - 3 - INFO - **********PLAYER3**********
4
2024-12-13 17:04:16,345 - 3 - INFO - **********JUDGER**********
你刚刚的推断是4|| 基于你刚刚的推断得出你的最终结论，请输出你认为的卧底，在这种情况下只需要输出编号，是1-4中的某个数字，不要输出其他信息。在这个过程不要进行任何推理，只对||以前的部分进行信息提取
2024-12-13 17:04:17,757 - 3 - INFO - **********PLAYER3**********
4
