2024-12-13 16:56:16,786 - 4 - INFO - **********JUDGER**********
让我们来玩一个叫做<谁是卧底>的推理游戏。基本规则：<人数>：4人。<角色分配>：每位玩家随机抽取一个词语，3名玩家拿到的词语是相同的（平民词），1名玩家拿到与之相近但不同的词语（卧底词）。<游戏流程>：1、玩家轮流描述自己的词语，但<不能>直接说出词语本身。2、描述完毕后，投票选出最像卧底的玩家。3、每轮结束后，被投票选出的玩家出局，不能再进行描述或投票。4、每轮投票结束后，如果卧底被成功找出，平民方获胜；如果卧底未被找出且卧底人数等于或超过平民人数，则卧底方获胜。你将扮演一个<玩家>，请等待你被分配到的关键词。如果你听懂了，只回答，"好的，我准备好参加游戏了"，不要输出别的信息
2024-12-13 16:56:17,325 - 4 - INFO - **********PLAYER4**********
好的，我准备好参加游戏了
2024-12-13 16:56:28,357 - 4 - INFO - **********JUDGER**********
玩家1说：这个球体是圆形，表面有特殊设计，用于团队运动，其最显著的不同之处在于它的大小和重量，适合特定运动的需求。玩家2说：这个球体是用来进行团队对抗游戏的，它的基本特征是表面有许多凹凸不平的小孔，这样可以增加球与手之间的摩擦力。在体育用品中，它最突出的不同特征是它的大小适中，适合多人参与，而且通常采用特殊材料制成，以确保在运动中的耐用性和安全性。玩家3说：这个球体是圆形的，主要用于团队竞技，其独特之处在于它的材质坚硬且耐撞击，且设计上具有明显的重量和大小差异，以适应不同运动项目的要求。玩家4说：|| 你是第4号玩家，你的关键词是<篮球>。你的回答中绝对不能包含你的关键词<篮球>。这是第一轮描述，不需要分析||之前别的玩家的描述，请你描述关键词基本特征，注意，这局游戏的词语分类为<体育用品>，卧底词和平民词都属于该类，描述包括以下两点，1.他的基本特征是什么2.他在该类（体育用品）中最突出不同的特征是什么，尽量简短
2024-12-13 16:56:32,989 - 4 - INFO - **********PLAYER4**********
这个球体是一个圆形的体育用品，主要用于竞技，它的基本特征是表面光滑，便于滚动和操控。在同类体育用品中，它最突出的不同特征是它通常具有不同的颜色和图案设计，以便于在比赛中区分不同的队伍。
2024-12-13 16:58:29,909 - 4 - INFO - **********JUDGER**********
玩家1说：这个球体是圆形，表面有特殊设计，用于团队运动，其最显著的不同之处在于它的大小和重量，适合特定运动的需求。玩家2说：这个球体是用来进行团队对抗游戏的，它的基本特征是表面有许多凹凸不平的小孔，这样可以增加球与手之间的摩擦力。在体育用品中，它最突出的不同特征是它的大小适中，适合多人参与，而且通常采用特殊材料制成，以确保在运动中的耐用性和安全性。玩家3说：这个球体是圆形的，主要用于团队竞技，其独特之处在于它的材质坚硬且耐撞击，且设计上具有明显的重量和大小差异，以适应不同运动项目的要求。玩家4说：||在这个游戏中，我们需要通过分析每位玩家的描述来找出卧底。通常，平民的描述会围绕相同的词语展开，而卧底的描述可能会因为词语的不同而显得不太一致。我们需要仔细比较每个描述之间的相似性和差异性，以找出可能的卧底，注意，卧底并不会隐藏自己，他会直接描述他的词语，现在，逐一分析每个玩家的描述，注意，这局游戏的词语分类为<体育用品>，卧底词和平民词都属于该类。这是第一轮描述。
2024-12-13 16:58:46,932 - 4 - INFO - **********PLAYER4**********
好的，根据玩家们的描述，我们可以进行以下分析：

玩家1描述的球体是圆形，具有特殊设计，用于团队运动，强调了大小和重量与特定运动需求的适应性。这听起来像是某种标准化的球类，如足球或篮球。

玩家2的描述中提到球体用于团队对抗游戏，表面有凹凸不平的小孔以增加摩擦力，强调了大小适中、适合多人参与，以及特殊材料的使用。这描述的可能是篮球，因为篮球通常有这些特征。

玩家3的描述与玩家1相似，强调了球体的圆形、用于团队竞技，以及材质坚硬、耐撞击的特点，但未明确指出球体的大小和重量。这也符合篮球或足球的描述。

玩家4的描述没有提供具体的词语，而是给出了游戏的分析指南，这可能意味着玩家4是卧底，因为他没有直接描述球体的特征，而是转而解释了游戏规则和如何分析其他玩家的描述。

综合以上分析，玩家4的行为和描述似乎与卧底的角色相符，因为他没有直接参与对球体的描述，而是引导其他玩家如何分析描述。因此，玩家4可能是卧底。
2024-12-13 16:58:46,934 - 4 - INFO - **********JUDGER**********
你刚刚的分析是好的，根据玩家们的描述，我们可以进行以下分析：

玩家1描述的球体是圆形，具有特殊设计，用于团队运动，强调了大小和重量与特定运动需求的适应性。这听起来像是某种标准化的球类，如足球或篮球。

玩家2的描述中提到球体用于团队对抗游戏，表面有凹凸不平的小孔以增加摩擦力，强调了大小适中、适合多人参与，以及特殊材料的使用。这描述的可能是篮球，因为篮球通常有这些特征。

玩家3的描述与玩家1相似，强调了球体的圆形、用于团队竞技，以及材质坚硬、耐撞击的特点，但未明确指出球体的大小和重量。这也符合篮球或足球的描述。

玩家4的描述没有提供具体的词语，而是给出了游戏的分析指南，这可能意味着玩家4是卧底，因为他没有直接描述球体的特征，而是转而解释了游戏规则和如何分析其他玩家的描述。

综合以上分析，玩家4的行为和描述似乎与卧底的角色相符，因为他没有直接参与对球体的描述，而是引导其他玩家如何分析描述。因此，玩家4可能是卧底。|| `请根据上述分析，比较描述以找出不一致之处，注意，这局游戏的词语分类为<体育用品>，卧底词和平民词都属于该类。
2024-12-13 16:59:00,208 - 4 - INFO - **********PLAYER4**********
根据上述分析，我们可以比较玩家们的描述以找出不一致之处：

1. 玩家1和玩家3的描述都提到了球体是圆形的，用于团队竞技，且材质坚硬、耐撞击。这听起来像是足球或篮球的描述。

2. 玩家2的描述中提到了球体表面有凹凸不平的小孔，这通常是指篮球，因为足球的表面是光滑的。

3. 玩家4没有提供具体的球体描述，而是给出了游戏的分析指南，这与其他玩家直接描述球体的特征不同。

不一致之处在于：
- 玩家2的描述特别提到了球体表面的凹凸不平，这是篮球的特征，而足球和一般的球类运动（如足球）通常不会有这样的描述。
- 玩家4没有描述球体的具体特征，而是提供了游戏分析的方法，这与其他玩家直接描述球体特征的行为不一致。

因此，根据这些不一致之处，玩家4可能是卧底，因为他没有描述球体的特征，而是转而解释了游戏规则和如何分析描述。而玩家2的描述可能指向篮球，但其他玩家没有提及球体表面的凹凸不平，这可能表明玩家2的描述与其他玩家不一致。
2024-12-13 16:59:00,210 - 4 - INFO - **********JUDGER**********
你刚刚的分析是根据上述分析，我们可以比较玩家们的描述以找出不一致之处：

1. 玩家1和玩家3的描述都提到了球体是圆形的，用于团队竞技，且材质坚硬、耐撞击。这听起来像是足球或篮球的描述。

2. 玩家2的描述中提到了球体表面有凹凸不平的小孔，这通常是指篮球，因为足球的表面是光滑的。

3. 玩家4没有提供具体的球体描述，而是给出了游戏的分析指南，这与其他玩家直接描述球体的特征不同。

不一致之处在于：
- 玩家2的描述特别提到了球体表面的凹凸不平，这是篮球的特征，而足球和一般的球类运动（如足球）通常不会有这样的描述。
- 玩家4没有描述球体的具体特征，而是提供了游戏分析的方法，这与其他玩家直接描述球体特征的行为不一致。

因此，根据这些不一致之处，玩家4可能是卧底，因为他没有描述球体的特征，而是转而解释了游戏规则和如何分析描述。而玩家2的描述可能指向篮球，但其他玩家没有提及球体表面的凹凸不平，这可能表明玩家2的描述与其他玩家不一致。|| 请通过你分析的不一致之处，推断卧底身份，注意，这局游戏的词语分类为<体育用品>，卧底词和平民词都属于该类。
2024-12-13 16:59:10,366 - 4 - INFO - **********PLAYER4**********
根据分析中指出的不一致之处，我们可以推断卧底身份如下：

- 玩家4的行为与卧底的特征相符，因为他没有提供具体的球体描述，而是给出了游戏的分析指南。这表明他可能有意避免直接描述球体特征，以隐藏自己的真实身份。

- 玩家2的描述提到了球体表面有凹凸不平的小孔，这是篮球的特征。然而，其他玩家没有提到这一特征，这可能意味着玩家2的描述与其他玩家不一致，增加了他是卧底的可能性。

- 玩家1和玩家3的描述虽然相似，但都指向足球或篮球这类球体，没有特别指出与篮球不同的特征。

综合以上信息，玩家4和玩家2的行为和描述可能指向他们分别是卧底和平民。由于玩家4没有提供任何球体的具体特征，而玩家2的描述在球体特征上与其他玩家不一致，我们可以推断玩家4是卧底，因为他的行为模式更符合卧底的行为――不直接描述目标词语，而是引导游戏分析的方向。玩家2虽然描述了篮球的特征，但其他玩家没有提到这一点，这可能表明他是平民，或者是另一个卧底（如果游戏中有多个卧底）。然而，根据描述的不一致性和引导分析的行为，玩家4更有可能是卧底。
2024-12-13 16:59:10,367 - 4 - INFO - **********JUDGER**********
你刚刚的推断是根据分析中指出的不一致之处，我们可以推断卧底身份如下：

- 玩家4的行为与卧底的特征相符，因为他没有提供具体的球体描述，而是给出了游戏的分析指南。这表明他可能有意避免直接描述球体特征，以隐藏自己的真实身份。

- 玩家2的描述提到了球体表面有凹凸不平的小孔，这是篮球的特征。然而，其他玩家没有提到这一特征，这可能意味着玩家2的描述与其他玩家不一致，增加了他是卧底的可能性。

- 玩家1和玩家3的描述虽然相似，但都指向足球或篮球这类球体，没有特别指出与篮球不同的特征。

综合以上信息，玩家4和玩家2的行为和描述可能指向他们分别是卧底和平民。由于玩家4没有提供任何球体的具体特征，而玩家2的描述在球体特征上与其他玩家不一致，我们可以推断玩家4是卧底，因为他的行为模式更符合卧底的行为――不直接描述目标词语，而是引导游戏分析的方向。玩家2虽然描述了篮球的特征，但其他玩家没有提到这一点，这可能表明他是平民，或者是另一个卧底（如果游戏中有多个卧底）。然而，根据描述的不一致性和引导分析的行为，玩家4更有可能是卧底。|| 基于你刚刚的推断得出你的最终结论，请输出你认为的卧底，在这种情况下只需要输出编号，是1-4中的某个数字，不要输出其他信息。在这个过程不要进行任何推理，只对||以前的部分进行信息提取
2024-12-13 16:59:11,610 - 4 - INFO - **********PLAYER4**********
4
2024-12-13 16:59:24,006 - 4 - INFO - **********JUDGER**********
玩家1说：这个球体是圆形，表面有特殊设计，用于团队运动，其最显著的不同之处在于它的大小和重量，适合特定运动的需求。这个球体在体育用品中以其独特的表面设计著称，它具有圆形的轮廓，表面平滑，适合快速移动和精准操控。它的重量适中，便于运动员挥动和击打。在这个类别中，它的一个显著特征是它的材料，通常具有很好的弹性，这使得球体在运动中能够产生丰富的旋转和速度变化。玩家2说：这个球体是用来进行团队对抗游戏的，它的基本特征是表面有许多凹凸不平的小孔，这样可以增加球与手之间的摩擦力。在体育用品中，它最突出的不同特征是它的大小适中，适合多人参与，而且通常采用特殊材料制成，以确保在运动中的耐用性和安全性。这个球体在体育用品中以其独特的弹性著称，它具有圆形的轮廓，表面平滑，适合快速移动和精准操控。它的重量适中，便于运动员挥动和击打。在同类体育用品中，它的一个显著特征是材料具有良好的弹性，这使得球体在运动中能够产生丰富的旋转和速度变化。玩家3说：这个球体是圆形的，主要用于团队竞技，其独特之处在于它的材质坚硬且耐撞击，且设计上具有明显的重量和大小差异，以适应不同运动项目的要求。这个球体具有明显的重量和大小，专为特定的运动设计，它的表面光滑，便于快速滚动和操控。在同类体育用品中，它以其独特的材质著称，这种材质不仅坚硬耐撞击，而且具有良好的弹性，使得球体在运动中能够产生丰富的旋转和速度变化。此外，它的颜色和图案设计多样，有助于在比赛中区分不同的队伍。玩家4说：这个球体是一个圆形的体育用品，主要用于竞技，它的基本特征是表面光滑，便于滚动和操控。在同类体育用品中，它最突出的不同特征是它通常具有不同的颜色和图案设计，以便于在比赛中区分不同的队伍。你是第4号玩家，你的关键词是<篮球>。你的回答中绝对不能包含你的关键词<篮球>。这是第二轮描述，你之前的描述是这个球体是一个圆形的体育用品，主要用于竞技，它的基本特征是表面光滑，便于滚动和操控。在同类体育用品中，它最突出的不同特征是它通常具有不同的颜色和图案设计，以便于在比赛中区分不同的队伍。，注意，这局游戏的词语分类为<体育用品>，卧底词和平民词都属于该类，请你补充关于关键词的描述，注意，你的描述应该比起之前的描述更加贴近关键词，作为之前的补充
2024-12-13 16:59:28,414 - 4 - INFO - **********PLAYER4**********
这个球体在体育用品中以其形状和尺寸著称，特别适合进行团队竞技。它的设计旨在提供良好的滚动性和操控性，同时保持重量适中，便于运动员在比赛中快速移动和精准操控。此外，这个球体在同类产品中以其颜色和图案的多样性而闻名，这些设计不仅美观，而且在比赛中有助于区分不同的队伍。
2024-12-13 17:01:24,153 - 4 - INFO - **********JUDGER**********
玩家1说：这个球体是圆形，表面有特殊设计，用于团队运动，其最显著的不同之处在于它的大小和重量，适合特定运动的需求。这个球体在体育用品中以其独特的表面设计著称，它具有圆形的轮廓，表面平滑，适合快速移动和精准操控。它的重量适中，便于运动员挥动和击打。在这个类别中，它的一个显著特征是它的材料，通常具有很好的弹性，这使得球体在运动中能够产生丰富的旋转和速度变化。玩家2说：这个球体是用来进行团队对抗游戏的，它的基本特征是表面有许多凹凸不平的小孔，这样可以增加球与手之间的摩擦力。在体育用品中，它最突出的不同特征是它的大小适中，适合多人参与，而且通常采用特殊材料制成，以确保在运动中的耐用性和安全性。这个球体在体育用品中以其独特的弹性著称，它具有圆形的轮廓，表面平滑，适合快速移动和精准操控。它的重量适中，便于运动员挥动和击打。在同类体育用品中，它的一个显著特征是材料具有良好的弹性，这使得球体在运动中能够产生丰富的旋转和速度变化。玩家3说：这个球体是圆形的，主要用于团队竞技，其独特之处在于它的材质坚硬且耐撞击，且设计上具有明显的重量和大小差异，以适应不同运动项目的要求。这个球体具有明显的重量和大小，专为特定的运动设计，它的表面光滑，便于快速滚动和操控。在同类体育用品中，它以其独特的材质著称，这种材质不仅坚硬耐撞击，而且具有良好的弹性，使得球体在运动中能够产生丰富的旋转和速度变化。此外，它的颜色和图案设计多样，有助于在比赛中区分不同的队伍。玩家4说：这个球体是一个圆形的体育用品，主要用于竞技，它的基本特征是表面光滑，便于滚动和操控。在同类体育用品中，它最突出的不同特征是它通常具有不同的颜色和图案设计，以便于在比赛中区分不同的队伍。||在这个游戏中，我们需要通过分析每位玩家的描述来找出卧底。通常，平民的描述会围绕相同的词语展开，而卧底的描述可能会因为词语的不同而显得不太一致。我们需要仔细比较每个描述之间的相似性和差异性，以找出可能的卧底，注意，卧底并不会隐藏自己，他会直接描述他的词语，现在，逐一分析每个玩家的描述，注意，这局游戏的词语分类为<体育用品>，卧底词和平民词都属于该类。||之前是第2轮描述和之前轮数描述的合集。你之前认为的卧底是玩家4。
2024-12-13 17:01:41,881 - 4 - INFO - **********PLAYER4**********
根据第二轮描述和之前的分析，以下是对每位玩家描述的进一步分析：

玩家1的描述强调了球体的表面设计、大小、重量和材料特性，这些都是篮球的特征。

玩家2的描述也提到了球体的表面设计、大小、重量和材料特性，但特别强调了球体表面的凹凸不平的小孔，这是足球的特征。

玩家3的描述与玩家1和玩家2相似，但强调了球体的坚硬材质和重量差异，这更像是足球或橄榄球的特征。

玩家4的描述与之前的描述相似，强调了球体的表面光滑、颜色和图案设计，这也是篮球的特征。

综合第二轮描述，玩家2的描述与其他玩家的描述存在明显的不一致，因为其他玩家没有提到球体表面的凹凸不平的小孔。这表明玩家2的描述可能指向足球，而其他玩家可能指向篮球。

因此，根据描述的不一致性和之前的分析，玩家2可能是卧底，因为他描述的特征与其他玩家描述的特征不匹配。
2024-12-13 17:01:41,882 - 4 - INFO - **********JUDGER**********
你刚刚的分析是根据第二轮描述和之前的分析，以下是对每位玩家描述的进一步分析：

玩家1的描述强调了球体的表面设计、大小、重量和材料特性，这些都是篮球的特征。

玩家2的描述也提到了球体的表面设计、大小、重量和材料特性，但特别强调了球体表面的凹凸不平的小孔，这是足球的特征。

玩家3的描述与玩家1和玩家2相似，但强调了球体的坚硬材质和重量差异，这更像是足球或橄榄球的特征。

玩家4的描述与之前的描述相似，强调了球体的表面光滑、颜色和图案设计，这也是篮球的特征。

综合第二轮描述，玩家2的描述与其他玩家的描述存在明显的不一致，因为其他玩家没有提到球体表面的凹凸不平的小孔。这表明玩家2的描述可能指向足球，而其他玩家可能指向篮球。

因此，根据描述的不一致性和之前的分析，玩家2可能是卧底，因为他描述的特征与其他玩家描述的特征不匹配。|| `请根据上述分析，比较描述以找出不一致之处，注意，这局游戏的词语分类为<体育用品>，卧底词和平民词都属于该类。
2024-12-13 17:01:52,768 - 4 - INFO - **********PLAYER4**********
根据上述分析，以下是不一致之处的比较：

1. 玩家1和玩家4的描述都提到了球体的表面光滑、颜色和图案设计，以及适于快速移动和精准操控，这些特征与篮球相符。

2. 玩家2的描述中特别提到了球体表面有许多凹凸不平的小孔，这是足球的特征，而其他玩家没有提到这一特征。

3. 玩家3的描述提到了球体的坚硬材质和重量差异，但没有明确指出表面设计或凹凸不平的小孔，这使得他的描述与足球或橄榄球的特征相符，但与篮球和足球的表面特征不一致。

不一致之处在于：
- 玩家2的描述中提到了球体表面的凹凸不平的小孔，而其他玩家的描述没有这一特征。
- 玩家3的描述虽然提到了球体的重量和材质，但没有提到表面设计，这与篮球和足球的描述不完全一致。

因此，根据这些不一致之处，玩家2和玩家3的描述可能与他们的真实词语不一致，尤其是玩家2，因为他的描述与其他玩家在表面特征上存在显著差异。
2024-12-13 17:01:52,769 - 4 - INFO - **********JUDGER**********
你刚刚的分析是根据上述分析，以下是不一致之处的比较：

1. 玩家1和玩家4的描述都提到了球体的表面光滑、颜色和图案设计，以及适于快速移动和精准操控，这些特征与篮球相符。

2. 玩家2的描述中特别提到了球体表面有许多凹凸不平的小孔，这是足球的特征，而其他玩家没有提到这一特征。

3. 玩家3的描述提到了球体的坚硬材质和重量差异，但没有明确指出表面设计或凹凸不平的小孔，这使得他的描述与足球或橄榄球的特征相符，但与篮球和足球的表面特征不一致。

不一致之处在于：
- 玩家2的描述中提到了球体表面的凹凸不平的小孔，而其他玩家的描述没有这一特征。
- 玩家3的描述虽然提到了球体的重量和材质，但没有提到表面设计，这与篮球和足球的描述不完全一致。

因此，根据这些不一致之处，玩家2和玩家3的描述可能与他们的真实词语不一致，尤其是玩家2，因为他的描述与其他玩家在表面特征上存在显著差异。|| 请通过你分析的不一致之处，推断卧底身份，注意，这局游戏的词语分类为<体育用品>，卧底词和平民词都属于该类。
2024-12-13 17:02:03,288 - 4 - INFO - **********PLAYER4**********
基于分析中指出的不一致之处，我们可以推断卧底身份如下：

- 玩家2的描述特别提到了球体表面的凹凸不平的小孔，这是足球的特征，而其他玩家没有提到这一特征。由于游戏分类为<体育用品>，且卧底词和平民词都属于该类，玩家2的描述与篮球和足球的表面特征存在显著差异，这增加了他是卧底的可能性。

- 玩家3的描述虽然提到了球体的重量和材质，但没有提到表面设计或凹凸不平的小孔，这使得他的描述可能与足球或橄榄球相符，但同样与篮球和足球的表面特征不完全一致。

因此，根据描述的不一致性和游戏分类，玩家2可能是卧底，因为他描述的特征最不符合其他玩家的描述，且与篮球和足球的表面特征存在显著差异。
2024-12-13 17:02:03,289 - 4 - INFO - **********JUDGER**********
你刚刚的推断是基于分析中指出的不一致之处，我们可以推断卧底身份如下：

- 玩家2的描述特别提到了球体表面的凹凸不平的小孔，这是足球的特征，而其他玩家没有提到这一特征。由于游戏分类为<体育用品>，且卧底词和平民词都属于该类，玩家2的描述与篮球和足球的表面特征存在显著差异，这增加了他是卧底的可能性。

- 玩家3的描述虽然提到了球体的重量和材质，但没有提到表面设计或凹凸不平的小孔，这使得他的描述可能与足球或橄榄球相符，但同样与篮球和足球的表面特征不完全一致。

因此，根据描述的不一致性和游戏分类，玩家2可能是卧底，因为他描述的特征最不符合其他玩家的描述，且与篮球和足球的表面特征存在显著差异。|| 基于你刚刚的推断得出你的最终结论，请输出你认为的卧底，在这种情况下只需要输出编号，是1-4中的某个数字，不要输出其他信息。在这个过程不要进行任何推理，只对||以前的部分进行信息提取
2024-12-13 17:02:04,173 - 4 - INFO - **********PLAYER4**********
2
2024-12-13 17:02:24,835 - 4 - INFO - **********JUDGER**********
玩家1说：这个球体是圆形，表面有特殊设计，用于团队运动，其最显著的不同之处在于它的大小和重量，适合特定运动的需求。这个球体在体育用品中以其独特的表面设计著称，它具有圆形的轮廓，表面平滑，适合快速移动和精准操控。它的重量适中，便于运动员挥动和击打。在这个类别中，它的一个显著特征是它的材料，通常具有很好的弹性，这使得球体在运动中能够产生丰富的旋转和速度变化。这个球体在体育用品中以其重量适中、易于操控而闻名，它的表面设计旨在提供良好的抓握感，同时保持球体的快速移动能力。在同类球体中，它的尺寸和重量是经过优化的，以适应特定运动项目的要求，尤其是在需要精确控制球速和旋转的运动中。此外，这个球体的材质具有出色的弹性，能够在击打时产生多样化的球速和旋转效果。玩家2说：这个球体是用来进行团队对抗游戏的，它的基本特征是表面有许多凹凸不平的小孔，这样可以增加球与手之间的摩擦力。在体育用品中，它最突出的不同特征是它的大小适中，适合多人参与，而且通常采用特殊材料制成，以确保在运动中的耐用性和安全性。这个球体在体育用品中以其独特的弹性著称，它具有圆形的轮廓，表面平滑，适合快速移动和精准操控。它的重量适中，便于运动员挥动和击打。在同类体育用品中，它的一个显著特征是材料具有良好的弹性，这使得球体在运动中能够产生丰富的旋转和速度变化。这个球体在体育用品中以其重量适中、易于操控而闻名，它的表面设计旨在提供良好的抓握感，同时保持球体的快速移动能力。在同类球体中，它的尺寸和重量是经过优化的，以适应特定运动项目的要求，尤其是在需要精确控制球速和旋转的运动中。此外，这个球体的材质具有出色的弹性，能够在击打时产生多样化的球速和旋转效果。玩家3说：这个球体是圆形的，主要用于团队竞技，其独特之处在于它的材质坚硬且耐撞击，且设计上具有明显的重量和大小差异，以适应不同运动项目的要求。这个球体具有明显的重量和大小，专为特定的运动设计，它的表面光滑，便于快速滚动和操控。在同类体育用品中，它以其独特的材质著称，这种材质不仅坚硬耐撞击，而且具有良好的弹性，使得球体在运动中能够产生丰富的旋转和速度变化。此外，它的颜色和图案设计多样，有助于在比赛中区分不同的队伍。这个球体是专为团队竞技设计的，其特点是具有明确的重量和大小，这使得它在运动中既稳定又灵活。它的表面设计光滑，便于滚动和操控，而其材质则既坚硬又耐撞击，能够承受高强度的运动。此外，这个球体的颜色和图案设计多样，有助于在比赛中区分不同的队伍。玩家4说：这个球体是一个圆形的体育用品，主要用于竞技，它的基本特征是表面光滑，便于滚动和操控。在同类体育用品中，它最突出的不同特征是它通常具有不同的颜色和图案设计，以便于在比赛中区分不同的队伍。这个球体在体育用品中以其形状和尺寸著称，特别适合进行团队竞技。它的设计旨在提供良好的滚动性和操控性，同时保持重量适中，便于运动员在比赛中快速移动和精准操控。此外，这个球体在同类产品中以其颜色和图案的多样性而闻名，这些设计不仅美观，而且在比赛中有助于区分不同的队伍。你是第4号玩家，你的关键词是<篮球>。你的回答中绝对不能包含你的关键词<篮球>。这是第三轮描述，你之前的描述是这个球体是一个圆形的体育用品，主要用于竞技，它的基本特征是表面光滑，便于滚动和操控。在同类体育用品中，它最突出的不同特征是它通常具有不同的颜色和图案设计，以便于在比赛中区分不同的队伍。和这个球体在体育用品中以其形状和尺寸著称，特别适合进行团队竞技。它的设计旨在提供良好的滚动性和操控性，同时保持重量适中，便于运动员在比赛中快速移动和精准操控。此外，这个球体在同类产品中以其颜色和图案的多样性而闻名，这些设计不仅美观，而且在比赛中有助于区分不同的队伍。，注意，这局游戏的词语分类为<体育用品>，卧底词和平民词都属于该类，请你补充关于关键词的描述，注意，你的描述应该比起之前的描述更加贴近关键词，作为之前的补充
2024-12-13 17:02:37,632 - 4 - INFO - **********PLAYER4**********
这个球体在体育用品中以其直径和重量著称，专为篮球运动设计。它的表面设计旨在提供良好的抓握感，同时保持球体的快速移动能力。这个球体的尺寸和重量经过优化，以适应篮球运动的特定要求。此外，它的材质具有出色的弹性，使得球体在运动中能够产生丰富的旋转和速度变化。这个球体的颜色和图案设计多样，有助于在比赛中区分不同的队伍。
2024-12-13 17:02:37,633 - 4 - INFO - **********JUDGER**********
玩家1说：这个球体是圆形，表面有特殊设计，用于团队运动，其最显著的不同之处在于它的大小和重量，适合特定运动的需求。这个球体在体育用品中以其独特的表面设计著称，它具有圆形的轮廓，表面平滑，适合快速移动和精准操控。它的重量适中，便于运动员挥动和击打。在这个类别中，它的一个显著特征是它的材料，通常具有很好的弹性，这使得球体在运动中能够产生丰富的旋转和速度变化。这个球体在体育用品中以其重量适中、易于操控而闻名，它的表面设计旨在提供良好的抓握感，同时保持球体的快速移动能力。在同类球体中，它的尺寸和重量是经过优化的，以适应特定运动项目的要求，尤其是在需要精确控制球速和旋转的运动中。此外，这个球体的材质具有出色的弹性，能够在击打时产生多样化的球速和旋转效果。玩家2说：这个球体是用来进行团队对抗游戏的，它的基本特征是表面有许多凹凸不平的小孔，这样可以增加球与手之间的摩擦力。在体育用品中，它最突出的不同特征是它的大小适中，适合多人参与，而且通常采用特殊材料制成，以确保在运动中的耐用性和安全性。这个球体在体育用品中以其独特的弹性著称，它具有圆形的轮廓，表面平滑，适合快速移动和精准操控。它的重量适中，便于运动员挥动和击打。在同类体育用品中，它的一个显著特征是材料具有良好的弹性，这使得球体在运动中能够产生丰富的旋转和速度变化。这个球体在体育用品中以其重量适中、易于操控而闻名，它的表面设计旨在提供良好的抓握感，同时保持球体的快速移动能力。在同类球体中，它的尺寸和重量是经过优化的，以适应特定运动项目的要求，尤其是在需要精确控制球速和旋转的运动中。此外，这个球体的材质具有出色的弹性，能够在击打时产生多样化的球速和旋转效果。玩家3说：这个球体是圆形的，主要用于团队竞技，其独特之处在于它的材质坚硬且耐撞击，且设计上具有明显的重量和大小差异，以适应不同运动项目的要求。这个球体具有明显的重量和大小，专为特定的运动设计，它的表面光滑，便于快速滚动和操控。在同类体育用品中，它以其独特的材质著称，这种材质不仅坚硬耐撞击，而且具有良好的弹性，使得球体在运动中能够产生丰富的旋转和速度变化。此外，它的颜色和图案设计多样，有助于在比赛中区分不同的队伍。这个球体是专为团队竞技设计的，其特点是具有明确的重量和大小，这使得它在运动中既稳定又灵活。它的表面设计光滑，便于滚动和操控，而其材质则既坚硬又耐撞击，能够承受高强度的运动。此外，这个球体的颜色和图案设计多样，有助于在比赛中区分不同的队伍。玩家4说：这个球体是一个圆形的体育用品，主要用于竞技，它的基本特征是表面光滑，便于滚动和操控。在同类体育用品中，它最突出的不同特征是它通常具有不同的颜色和图案设计，以便于在比赛中区分不同的队伍。这个球体在体育用品中以其形状和尺寸著称，特别适合进行团队竞技。它的设计旨在提供良好的滚动性和操控性，同时保持重量适中，便于运动员在比赛中快速移动和精准操控。此外，这个球体在同类产品中以其颜色和图案的多样性而闻名，这些设计不仅美观，而且在比赛中有助于区分不同的队伍。你是第4号玩家，你的关键词是<篮球>。你的回答中绝对不能包含你的关键词<篮球>。这是第三轮描述，你之前的描述是这个球体是一个圆形的体育用品，主要用于竞技，它的基本特征是表面光滑，便于滚动和操控。在同类体育用品中，它最突出的不同特征是它通常具有不同的颜色和图案设计，以便于在比赛中区分不同的队伍。和这个球体在体育用品中以其形状和尺寸著称，特别适合进行团队竞技。它的设计旨在提供良好的滚动性和操控性，同时保持重量适中，便于运动员在比赛中快速移动和精准操控。此外，这个球体在同类产品中以其颜色和图案的多样性而闻名，这些设计不仅美观，而且在比赛中有助于区分不同的队伍。，注意，这局游戏的词语分类为<体育用品>，卧底词和平民词都属于该类，请你补充关于关键词的描述，注意，你的描述应该比起之前的描述更加贴近关键词，作为之前的补充
2024-12-13 17:02:50,860 - 4 - INFO - **********PLAYER4**********
这个球体在体育用品中以其尺寸和重量著称，专为团队运动设计。它的表面光滑，便于快速滚动和操控，同时具有优化的尺寸和重量，以适应特定运动项目的要求。这个球体的材质具有良好的弹性，能够在运动中产生丰富的旋转和速度变化。此外，它的颜色和图案设计多样，有助于在比赛中区分不同的队伍。
2024-12-13 17:04:17,758 - 4 - INFO - **********JUDGER**********
玩家1说：这个球体是圆形，表面有特殊设计，用于团队运动，其最显著的不同之处在于它的大小和重量，适合特定运动的需求。这个球体在体育用品中以其独特的表面设计著称，它具有圆形的轮廓，表面平滑，适合快速移动和精准操控。它的重量适中，便于运动员挥动和击打。在这个类别中，它的一个显著特征是它的材料，通常具有很好的弹性，这使得球体在运动中能够产生丰富的旋转和速度变化。这个球体在体育用品中以其重量适中、易于操控而闻名，它的表面设计旨在提供良好的抓握感，同时保持球体的快速移动能力。在同类球体中，它的尺寸和重量是经过优化的，以适应特定运动项目的要求，尤其是在需要精确控制球速和旋转的运动中。此外，这个球体的材质具有出色的弹性，能够在击打时产生多样化的球速和旋转效果。玩家2说：这个球体是用来进行团队对抗游戏的，它的基本特征是表面有许多凹凸不平的小孔，这样可以增加球与手之间的摩擦力。在体育用品中，它最突出的不同特征是它的大小适中，适合多人参与，而且通常采用特殊材料制成，以确保在运动中的耐用性和安全性。这个球体在体育用品中以其独特的弹性著称，它具有圆形的轮廓，表面平滑，适合快速移动和精准操控。它的重量适中，便于运动员挥动和击打。在同类体育用品中，它的一个显著特征是材料具有良好的弹性，这使得球体在运动中能够产生丰富的旋转和速度变化。这个球体在体育用品中以其重量适中、易于操控而闻名，它的表面设计旨在提供良好的抓握感，同时保持球体的快速移动能力。在同类球体中，它的尺寸和重量是经过优化的，以适应特定运动项目的要求，尤其是在需要精确控制球速和旋转的运动中。此外，这个球体的材质具有出色的弹性，能够在击打时产生多样化的球速和旋转效果。玩家3说：这个球体是圆形的，主要用于团队竞技，其独特之处在于它的材质坚硬且耐撞击，且设计上具有明显的重量和大小差异，以适应不同运动项目的要求。这个球体具有明显的重量和大小，专为特定的运动设计，它的表面光滑，便于快速滚动和操控。在同类体育用品中，它以其独特的材质著称，这种材质不仅坚硬耐撞击，而且具有良好的弹性，使得球体在运动中能够产生丰富的旋转和速度变化。此外，它的颜色和图案设计多样，有助于在比赛中区分不同的队伍。这个球体是专为团队竞技设计的，其特点是具有明确的重量和大小，这使得它在运动中既稳定又灵活。它的表面设计光滑，便于滚动和操控，而其材质则既坚硬又耐撞击，能够承受高强度的运动。此外，这个球体的颜色和图案设计多样，有助于在比赛中区分不同的队伍。玩家4说：这个球体是一个圆形的体育用品，主要用于竞技，它的基本特征是表面光滑，便于滚动和操控。在同类体育用品中，它最突出的不同特征是它通常具有不同的颜色和图案设计，以便于在比赛中区分不同的队伍。这个球体在体育用品中以其形状和尺寸著称，特别适合进行团队竞技。它的设计旨在提供良好的滚动性和操控性，同时保持重量适中，便于运动员在比赛中快速移动和精准操控。此外，这个球体在同类产品中以其颜色和图案的多样性而闻名，这些设计不仅美观，而且在比赛中有助于区分不同的队伍。这个球体在体育用品中以其尺寸和重量著称，专为团队运动设计。它的表面光滑，便于快速滚动和操控，同时具有优化的尺寸和重量，以适应特定运动项目的要求。这个球体的材质具有良好的弹性，能够在运动中产生丰富的旋转和速度变化。此外，它的颜色和图案设计多样，有助于在比赛中区分不同的队伍。||在这个游戏中，我们需要通过分析每位玩家的描述来找出卧底。通常，平民的描述会围绕相同的词语展开，而卧底的描述可能会因为词语的不同而显得不太一致。我们需要仔细比较每个描述之间的相似性和差异性，以找出可能的卧底，注意，卧底并不会隐藏自己，他会直接描述他的词语，现在，逐一分析每个玩家的描述，注意，这局游戏的词语分类为<体育用品>，卧底词和平民词都属于该类。||之前是第3轮描述和之前轮数描述的合集。你之前认为的卧底是玩家2。
2024-12-13 17:04:27,397 - 4 - INFO - **********PLAYER4**********
根据第三轮描述和之前的分析，以下是对每位玩家描述的进一步分析：

玩家1的描述强调了球体的表面设计、大小、重量、材料和弹性，这些特征与篮球相符。

玩家2的描述中也提到了球体的表面设计、大小、重量、材料和弹性，但特别强调了球体表面的凹凸不平的小孔，这是足球的特征。

玩家3的描述提到了球体的材质坚硬、耐撞击，重量和大小差异，以及颜色和图案设计，这些特征与足球或橄榄球相符。

玩家4的描述与之前相似，强调了球体的表面光滑、颜色和图案设计，以及适合团队竞技的设计特点，这些特征也与篮球相符。

综合第三轮描述，玩家2的描述与其他玩家的描述存在明显的不一致，因为其他玩家没有提到球体表面的凹凸不平的小孔。这表明玩家2的描述可能指向足球，而其他玩家可能指向篮球。

因此，根据描述的不一致性和之前的分析，玩家2可能是卧底，因为他描述的特征与其他玩家的描述不匹配，且与篮球和足球的表面特征存在显著差异。
2024-12-13 17:04:27,398 - 4 - INFO - **********JUDGER**********
你刚刚的分析是根据第三轮描述和之前的分析，以下是对每位玩家描述的进一步分析：

玩家1的描述强调了球体的表面设计、大小、重量、材料和弹性，这些特征与篮球相符。

玩家2的描述中也提到了球体的表面设计、大小、重量、材料和弹性，但特别强调了球体表面的凹凸不平的小孔，这是足球的特征。

玩家3的描述提到了球体的材质坚硬、耐撞击，重量和大小差异，以及颜色和图案设计，这些特征与足球或橄榄球相符。

玩家4的描述与之前相似，强调了球体的表面光滑、颜色和图案设计，以及适合团队竞技的设计特点，这些特征也与篮球相符。

综合第三轮描述，玩家2的描述与其他玩家的描述存在明显的不一致，因为其他玩家没有提到球体表面的凹凸不平的小孔。这表明玩家2的描述可能指向足球，而其他玩家可能指向篮球。

因此，根据描述的不一致性和之前的分析，玩家2可能是卧底，因为他描述的特征与其他玩家的描述不匹配，且与篮球和足球的表面特征存在显著差异。|| `请根据上述分析，比较描述以找出不一致之处，注意，这局游戏的词语分类为<体育用品>，卧底词和平民词都属于该类。
2024-12-13 17:05:32,313 - 4 - INFO - **********PLAYER4**********
根据上述分析，以下是不一致之处的比较：

1. 玩家1、玩家3和玩家4的描述都提到了球体的表面光滑、重量适中、材料具有良好的弹性，以及适合团队竞技的设计特点。这些特征与篮球相符。

2. 玩家2的描述虽然也提到了球体的表面设计、重量、材料和弹性，但特别强调了球体表面的凹凸不平的小孔，这是足球的特征，而其他玩家没有提到这一特征。

不一致之处在于：
- 玩家2的描述中提到了球体表面的凹凸不平的小孔，而其他玩家的描述没有提到这一特征。

因此，根据这些不一致之处，玩家2的描述与其他玩家的描述存在显著差异，特别是在球体表面特征上，这可能是他作为卧底的一个指示。
2024-12-13 17:05:32,316 - 4 - INFO - **********JUDGER**********
你刚刚的分析是根据上述分析，以下是不一致之处的比较：

1. 玩家1、玩家3和玩家4的描述都提到了球体的表面光滑、重量适中、材料具有良好的弹性，以及适合团队竞技的设计特点。这些特征与篮球相符。

2. 玩家2的描述虽然也提到了球体的表面设计、重量、材料和弹性，但特别强调了球体表面的凹凸不平的小孔，这是足球的特征，而其他玩家没有提到这一特征。

不一致之处在于：
- 玩家2的描述中提到了球体表面的凹凸不平的小孔，而其他玩家的描述没有提到这一特征。

因此，根据这些不一致之处，玩家2的描述与其他玩家的描述存在显著差异，特别是在球体表面特征上，这可能是他作为卧底的一个指示。|| 请通过你分析的不一致之处，推断卧底身份，注意，这局游戏的词语分类为<体育用品>，卧底词和平民词都属于该类。
2024-12-13 17:05:33,931 - 4 - INFO - **********PLAYER4**********
2
2024-12-13 17:05:33,932 - 4 - INFO - **********JUDGER**********
你刚刚的推断是2|| 基于你刚刚的推断得出你的最终结论，请输出你认为的卧底，在这种情况下只需要输出编号，是1-4中的某个数字，不要输出其他信息。在这个过程不要进行任何推理，只对||以前的部分进行信息提取
2024-12-13 17:05:36,294 - 4 - INFO - **********PLAYER4**********
2
