2024-12-13 17:32:32,001 - 1 - INFO - **********JUDGER**********
让我们来玩一个叫做<谁是卧底>的推理游戏。基本规则：<人数>：4人。<角色分配>：每位玩家随机抽取一个词语，3名玩家拿到的词语是相同的（平民词），1名玩家拿到与之相近但不同的词语（卧底词）。<游戏流程>：1、玩家轮流描述自己的词语，但<不能>直接说出词语本身。2、描述完毕后，投票选出最像卧底的玩家。3、每轮结束后，被投票选出的玩家出局，不能再进行描述或投票。4、每轮投票结束后，如果卧底被成功找出，平民方获胜；如果卧底未被找出且卧底人数等于或超过平民人数，则卧底方获胜。你将扮演一个<玩家>，请等待你被分配到的关键词。如果你听懂了，只回答，"好的，我准备好参加游戏了"，不要输出别的信息
2024-12-13 17:32:32,771 - 1 - INFO - **********PLAYER1**********
好的，我准备好参加游戏了
2024-12-13 17:32:36,601 - 1 - INFO - **********JUDGER**********
玩家1说：玩家2说：玩家3说：玩家4说：|| 你是第1号玩家，你的关键词是<苹果>。你的回答中绝对不能包含你的关键词<苹果>。这是第一轮描述，不需要分析||之前别的玩家的描述，请你描述关键词基本特征，注意，这局游戏的词语分类为<水果>，卧底词和平民词都属于该类，描述包括以下两点，1.他的基本特征是什么2.他在该类（水果）中最突出不同的特征是什么，尽量简短
2024-12-13 17:32:38,091 - 1 - INFO - **********PLAYER1**********
这个水果是红色的，有一个圆圆的形状，通常用来做水果沙拉或者果汁。在这个类别中，它可能因为甜味而显得特别。
2024-12-13 17:32:42,638 - 1 - INFO - **********JUDGER**********
玩家1说：这个水果是红色的，有一个圆圆的形状，通常用来做水果沙拉或者果汁。在这个类别中，它可能因为甜味而显得特别。玩家2说：这个水果是橙色的，形状圆润，常见于水果沙拉或果汁中。它在同类中以其独特的酸味而知名。玩家3说：这个水果通常呈圆形，皮薄，多汁，味道清甜。它在同类中特别之处在于它的味道可能比其他水果更加浓郁，且可能含有较少的酸味。玩家4说：||在这个游戏中，我们需要通过分析每位玩家的描述来找出卧底。通常，平民的描述会围绕相同的词语展开，而卧底的描述可能会因为词语的不同而显得不太一致。我们需要仔细比较每个描述之间的相似性和差异性，以找出可能的卧底，注意，卧底并不会隐藏自己，他会直接描述他的词语，现在，逐一分析每个玩家的描述，注意，这局游戏的词语分类为<水果>，卧底词和平民词都属于该类。这是第一轮描述。
2024-12-13 17:32:49,590 - 1 - INFO - **********PLAYER1**********
好的，根据每位玩家的描述，我们可以这样分析：

玩家1描述了一个红色的圆形水果，常用于水果沙拉或果汁，并可能因为甜味而特别。

玩家2描述了一个橙色的圆形水果，形状圆润，常用于水果沙拉或果汁，并以酸味著称。

玩家3描述了一个圆形的水果，皮薄多汁，味道清甜，其特别之处在于可能比其他水果更加浓郁，且酸味较少。

玩家4没有提供具体的描述，而是提醒我们如何分析游戏。

从描述中，我们可以看到玩家1、2和3的描述都指向了具体的水果，并且它们各自提到了一些该水果的特征。然而，玩家4的描述更像是游戏规则的提醒，而不是对某个水果的特征描述。因此，如果我们要根据描述来猜测卧底，玩家4可能是卧底，因为他的描述没有提供关于水果的具体信息，而其他玩家都给出了。当然，这只是一个基于描述的分析，实际情况可能需要更多的线索。
2024-12-13 17:32:49,593 - 1 - INFO - **********JUDGER**********
你刚刚的分析是好的，根据每位玩家的描述，我们可以这样分析：

玩家1描述了一个红色的圆形水果，常用于水果沙拉或果汁，并可能因为甜味而特别。

玩家2描述了一个橙色的圆形水果，形状圆润，常用于水果沙拉或果汁，并以酸味著称。

玩家3描述了一个圆形的水果，皮薄多汁，味道清甜，其特别之处在于可能比其他水果更加浓郁，且酸味较少。

玩家4没有提供具体的描述，而是提醒我们如何分析游戏。

从描述中，我们可以看到玩家1、2和3的描述都指向了具体的水果，并且它们各自提到了一些该水果的特征。然而，玩家4的描述更像是游戏规则的提醒，而不是对某个水果的特征描述。因此，如果我们要根据描述来猜测卧底，玩家4可能是卧底，因为他的描述没有提供关于水果的具体信息，而其他玩家都给出了。当然，这只是一个基于描述的分析，实际情况可能需要更多的线索。|| `请根据上述分析，比较描述以找出不一致之处，注意，这局游戏的词语分类为<水果>，卧底词和平民词都属于该类。
2024-12-13 17:33:04,480 - 1 - INFO - **********PLAYER1**********
根据上述分析，我们可以比较描述中的不一致之处如下：

1. 颜色描述：
   - 玩家1提到的是“红色”的水果。
   - 玩家2提到的是“橙色”的水果。
   - 玩家3没有直接提到颜色，但根据他的描述（皮薄多汁，味道清甜），我们可以推测他可能指的是一个无色或接近无色的水果，如葡萄或某些无色浆果。

2. 味道描述：
   - 玩家1提到可能因为“甜味”而特别。
   - 玩家2提到以其“酸味”而知名。
   - 玩家3提到味道可能“更加浓郁”，且“酸味较少”。

从这些描述中，我们可以看到玩家1和玩家2的描述在颜色和味道上有明显的差异。玩家1的描述更偏向于甜味，而玩家2的描述强调酸味。玩家3的描述则没有直接提到甜或酸，但暗示了可能是一个味道浓郁但酸味不多的水果。

玩家4的描述没有提供任何具体的水果特征，这与玩家1、2和3的具体描述形成了对比。

基于这些不一致之处，玩家4可能是卧底，因为他的描述与游戏的其他规则不符，即他并没有描述一个具体的水果特征。然而，这也可能是玩家4的战术，故意不提供具体信息以混淆视听。因此，我们需要更多的线索来确定卧底的身份。
2024-12-13 17:33:04,482 - 1 - INFO - **********JUDGER**********
你刚刚的分析是根据上述分析，我们可以比较描述中的不一致之处如下：

1. 颜色描述：
   - 玩家1提到的是“红色”的水果。
   - 玩家2提到的是“橙色”的水果。
   - 玩家3没有直接提到颜色，但根据他的描述（皮薄多汁，味道清甜），我们可以推测他可能指的是一个无色或接近无色的水果，如葡萄或某些无色浆果。

2. 味道描述：
   - 玩家1提到可能因为“甜味”而特别。
   - 玩家2提到以其“酸味”而知名。
   - 玩家3提到味道可能“更加浓郁”，且“酸味较少”。

从这些描述中，我们可以看到玩家1和玩家2的描述在颜色和味道上有明显的差异。玩家1的描述更偏向于甜味，而玩家2的描述强调酸味。玩家3的描述则没有直接提到甜或酸，但暗示了可能是一个味道浓郁但酸味不多的水果。

玩家4的描述没有提供任何具体的水果特征，这与玩家1、2和3的具体描述形成了对比。

基于这些不一致之处，玩家4可能是卧底，因为他的描述与游戏的其他规则不符，即他并没有描述一个具体的水果特征。然而，这也可能是玩家4的战术，故意不提供具体信息以混淆视听。因此，我们需要更多的线索来确定卧底的身份。|| 请通过你分析的不一致之处，推断卧底身份，注意，这局游戏的词语分类为<水果>，卧底词和平民词都属于该类。
2024-12-13 17:33:17,240 - 1 - INFO - **********PLAYER1**********
根据分析中提到的不一致之处，我们可以进行以下推断：

1. 颜色差异：玩家1和玩家2描述的水果颜色不同，一个是红色，一个是橙色。这表明他们可能描述的是两种不同的水果。

2. 味道描述：玩家1强调甜味，玩家2强调酸味，而玩家3描述的是一种味道浓郁但酸味较少的水果。这表明玩家3可能描述的是另一种水果，可能是介于甜和酸之间的。

3. 玩家4的描述：玩家4没有提供具体的水果特征，这与他人的描述形成对比。在《谁是卧底》游戏中，卧底通常会避免提供具体信息，因为这可能会暴露他们的身份。

结合以上点，我们可以推断：

- 如果卧底描述的是苹果，那么玩家1和玩家2的描述都可能是正确的，因为苹果可以是红色的（红富士）或橙色的（橙富士）。
- 如果卧底描述的是柠檬，那么玩家2的描述可能是正确的，因为柠檬以其酸味而知名。
- 如果卧底描述的是香蕉，那么玩家1的描述可能是正确的，因为香蕉通常被认为是甜的。

由于玩家4没有提供具体信息，我们不能确定他的描述对应的词语。但是，考虑到玩家1、2和3的描述中存在明显的颜色和味道差异，且玩家4没有提供具体信息，玩家4可能是卧底。

因此，基于以上分析，玩家4可能是卧底。
2024-12-13 17:33:17,242 - 1 - INFO - **********JUDGER**********
你刚刚的推断是根据分析中提到的不一致之处，我们可以进行以下推断：

1. 颜色差异：玩家1和玩家2描述的水果颜色不同，一个是红色，一个是橙色。这表明他们可能描述的是两种不同的水果。

2. 味道描述：玩家1强调甜味，玩家2强调酸味，而玩家3描述的是一种味道浓郁但酸味较少的水果。这表明玩家3可能描述的是另一种水果，可能是介于甜和酸之间的。

3. 玩家4的描述：玩家4没有提供具体的水果特征，这与他人的描述形成对比。在《谁是卧底》游戏中，卧底通常会避免提供具体信息，因为这可能会暴露他们的身份。

结合以上点，我们可以推断：

- 如果卧底描述的是苹果，那么玩家1和玩家2的描述都可能是正确的，因为苹果可以是红色的（红富士）或橙色的（橙富士）。
- 如果卧底描述的是柠檬，那么玩家2的描述可能是正确的，因为柠檬以其酸味而知名。
- 如果卧底描述的是香蕉，那么玩家1的描述可能是正确的，因为香蕉通常被认为是甜的。

由于玩家4没有提供具体信息，我们不能确定他的描述对应的词语。但是，考虑到玩家1、2和3的描述中存在明显的颜色和味道差异，且玩家4没有提供具体信息，玩家4可能是卧底。

因此，基于以上分析，玩家4可能是卧底。|| 基于你刚刚的推断得出你的最终结论，请输出你认为的卧底，在这种情况下只需要输出编号，是1-4中的某个数字，不要输出其他信息。在这个过程不要进行任何推理，只对||以前的部分进行信息提取
2024-12-13 17:33:18,058 - 1 - INFO - **********PLAYER1**********
4
2024-12-13 17:34:37,855 - 1 - INFO - **********JUDGER**********
玩家1说：这个水果是红色的，有一个圆圆的形状，通常用来做水果沙拉或者果汁。在这个类别中，它可能因为甜味而显得特别。玩家2说：这个水果是橙色的，形状圆润，常见于水果沙拉或果汁中。它在同类中以其独特的酸味而知名。玩家3说：这个水果通常呈圆形，皮薄，多汁，味道清甜。它在同类中特别之处在于它的味道可能比其他水果更加浓郁，且可能含有较少的酸味。玩家4说：这个水果颜色鲜艳，质地多汁，常见于各种甜品和饮品中。它在同类中以其独特的风味和口感而受到喜爱。你是第1号玩家，你的关键词是<苹果>。你的回答中绝对不能包含你的关键词<苹果>。这是第二轮描述，你之前的描述是这个水果是红色的，有一个圆圆的形状，通常用来做水果沙拉或者果汁。在这个类别中，它可能因为甜味而显得特别。，注意，这局游戏的词语分类为<水果>，卧底词和平民词都属于该类，请你补充关于关键词的描述，注意，你的描述应该比起之前的描述更加贴近关键词，作为之前的补充
2024-12-13 17:34:42,108 - 1 - INFO - **********PLAYER1**********
这个水果的口感脆甜，富含汁液，非常适合切片食用或者作为甜点的一部分。它经常被用来制作各种甜点，比如派和蛋糕，因其独特的风味而受到广泛喜爱。
2024-12-13 17:34:54,844 - 1 - INFO - **********JUDGER**********
玩家1说：这个水果是红色的，有一个圆圆的形状，通常用来做水果沙拉或者果汁。在这个类别中，它可能因为甜味而显得特别。这个水果的口感脆甜，富含汁液，非常适合切片食用或者作为甜点的一部分。它经常被用来制作各种甜点，比如派和蛋糕，因其独特的风味而受到广泛喜爱。玩家2说：这个水果是橙色的，形状圆润，常见于水果沙拉或果汁中。它在同类中以其独特的酸味而知名。这个水果的皮薄易剥，汁水丰富，味道酸甜适中，非常适合作为小吃或者搭配甜点食用。它在烹饪中常被用来增加风味，尤其在腌制或制作果酱时尤为突出。玩家3说：这个水果通常呈圆形，皮薄，多汁，味道清甜。它在同类中特别之处在于它的味道可能比其他水果更加浓郁，且可能含有较少的酸味。这种水果的色泽红润，口感脆爽，汁液丰富，非常适合直接食用或者作为甜品的一部分。它在烘焙和甜点制作中尤为受欢迎，常用于制作派、蛋糕等，因其清甜的滋味而受到广泛喜爱。玩家4说：这个水果颜色鲜艳，质地多汁，常见于各种甜品和饮品中。它在同类中以其独特的风味和口感而受到喜爱。||在这个游戏中，我们需要通过分析每位玩家的描述来找出卧底。通常，平民的描述会围绕相同的词语展开，而卧底的描述可能会因为词语的不同而显得不太一致。我们需要仔细比较每个描述之间的相似性和差异性，以找出可能的卧底，注意，卧底并不会隐藏自己，他会直接描述他的词语，现在，逐一分析每个玩家的描述，注意，这局游戏的词语分类为<水果>，卧底词和平民词都属于该类。||之前是第2轮描述和之前轮数描述的合集。你之前认为的卧底是玩家4。
2024-12-13 17:35:09,966 - 1 - INFO - **********PLAYER1**********
根据第二轮描述和之前轮数的描述，我们来分析每位玩家的描述：

玩家1：描述了一个红色的圆形水果，口感脆甜，富含汁液，适合切片食用或制作甜点，常用于烘焙和甜点制作。

玩家2：描述了一个橙色的圆形水果，皮薄易剥，汁水丰富，味道酸甜适中，适合作为小吃或搭配甜点食用，常用于腌制或制作果酱。

玩家3：描述了一个圆形的水果，皮薄，多汁，味道清甜，色泽红润，口感脆爽，适合直接食用或制作甜品，常用于烘焙和甜点制作。

玩家4：描述了一个颜色鲜艳、质地多汁的水果，常见于甜品和饮品中，以其独特的风味和口感受到喜爱。

从描述中，我们可以看到玩家1、2和3的描述都强调了水果的甜味、汁液丰富、适合制作甜点或烘焙，并且提到了色泽和口感。而玩家4的描述虽然也提到了颜色鲜艳和质地多汁，但更加强调了水果在甜品和饮品中的应用，以及其独特的风味和口感。

考虑到游戏规则和之前的分析，玩家4的描述与玩家1、2和3的描述在重点上有所不同，没有明确提及水果的甜味或制作甜点的用途，这可能与卧底的身份相符。因此，基于这些信息，我仍然认为玩家4是卧底。
2024-12-13 17:35:09,969 - 1 - INFO - **********JUDGER**********
你刚刚的分析是根据第二轮描述和之前轮数的描述，我们来分析每位玩家的描述：

玩家1：描述了一个红色的圆形水果，口感脆甜，富含汁液，适合切片食用或制作甜点，常用于烘焙和甜点制作。

玩家2：描述了一个橙色的圆形水果，皮薄易剥，汁水丰富，味道酸甜适中，适合作为小吃或搭配甜点食用，常用于腌制或制作果酱。

玩家3：描述了一个圆形的水果，皮薄，多汁，味道清甜，色泽红润，口感脆爽，适合直接食用或制作甜品，常用于烘焙和甜点制作。

玩家4：描述了一个颜色鲜艳、质地多汁的水果，常见于甜品和饮品中，以其独特的风味和口感受到喜爱。

从描述中，我们可以看到玩家1、2和3的描述都强调了水果的甜味、汁液丰富、适合制作甜点或烘焙，并且提到了色泽和口感。而玩家4的描述虽然也提到了颜色鲜艳和质地多汁，但更加强调了水果在甜品和饮品中的应用，以及其独特的风味和口感。

考虑到游戏规则和之前的分析，玩家4的描述与玩家1、2和3的描述在重点上有所不同，没有明确提及水果的甜味或制作甜点的用途，这可能与卧底的身份相符。因此，基于这些信息，我仍然认为玩家4是卧底。|| `请根据上述分析，比较描述以找出不一致之处，注意，这局游戏的词语分类为<水果>，卧底词和平民词都属于该类。
2024-12-13 17:35:22,844 - 1 - INFO - **********PLAYER1**********
根据上述分析，我们可以找出以下不一致之处：

1. 甜味描述：
   - 玩家1、2和3都提到了水果的甜味。
   - 玩家4没有明确提到水果的甜味，而是强调了水果在甜品和饮品中的应用以及其独特的风味和口感。

2. 制作甜点或烘焙的用途：
   - 玩家1、2和3都提到了水果适合制作甜点或烘焙。
   - 玩家4虽然提到了水果常见于甜品和饮品中，但没有直接提及用于烘焙或制作甜点的用途。

3. 色泽和口感的描述：
   - 玩家1、2和3都描述了水果的色泽和口感。
   - 玩家4提到了颜色鲜艳和质地多汁，但没有详细描述色泽和口感的其他方面。

这些不一致之处表明玩家4的描述与玩家1、2和3的描述存在差异，特别是在甜味、制作甜点或烘焙的用途以及色泽和口感的详细描述上。这些差异可能是玩家4作为卧底的特征。
2024-12-13 17:35:22,846 - 1 - INFO - **********JUDGER**********
你刚刚的分析是根据上述分析，我们可以找出以下不一致之处：

1. 甜味描述：
   - 玩家1、2和3都提到了水果的甜味。
   - 玩家4没有明确提到水果的甜味，而是强调了水果在甜品和饮品中的应用以及其独特的风味和口感。

2. 制作甜点或烘焙的用途：
   - 玩家1、2和3都提到了水果适合制作甜点或烘焙。
   - 玩家4虽然提到了水果常见于甜品和饮品中，但没有直接提及用于烘焙或制作甜点的用途。

3. 色泽和口感的描述：
   - 玩家1、2和3都描述了水果的色泽和口感。
   - 玩家4提到了颜色鲜艳和质地多汁，但没有详细描述色泽和口感的其他方面。

这些不一致之处表明玩家4的描述与玩家1、2和3的描述存在差异，特别是在甜味、制作甜点或烘焙的用途以及色泽和口感的详细描述上。这些差异可能是玩家4作为卧底的特征。|| 请通过你分析的不一致之处，推断卧底身份，注意，这局游戏的词语分类为<水果>，卧底词和平民词都属于该类。
2024-12-13 17:35:35,106 - 1 - INFO - **********PLAYER1**********
基于上述分析的不一致之处，我推断玩家4是卧底。原因是玩家4的描述与玩家1、2和3的描述在几个关键点上存在差异：

- 玩家4没有明确提及水果的甜味，而其他玩家都强调了甜味。
- 玩家4没有直接提及水果用于制作甜点或烘焙，而其他玩家都提到了这一点。
- 玩家4在色泽和口感的描述上较为笼统，没有像其他玩家那样提供详细的信息。

这些差异可能表明玩家4描述的水果与玩家1、2和3描述的水果不同，因此，根据游戏规则，玩家4很可能是卧底。
2024-12-13 17:35:35,107 - 1 - INFO - **********JUDGER**********
你刚刚的推断是基于上述分析的不一致之处，我推断玩家4是卧底。原因是玩家4的描述与玩家1、2和3的描述在几个关键点上存在差异：

- 玩家4没有明确提及水果的甜味，而其他玩家都强调了甜味。
- 玩家4没有直接提及水果用于制作甜点或烘焙，而其他玩家都提到了这一点。
- 玩家4在色泽和口感的描述上较为笼统，没有像其他玩家那样提供详细的信息。

这些差异可能表明玩家4描述的水果与玩家1、2和3描述的水果不同，因此，根据游戏规则，玩家4很可能是卧底。|| 基于你刚刚的推断得出你的最终结论，请输出你认为的卧底，在这种情况下只需要输出编号，是1-4中的某个数字，不要输出其他信息。在这个过程不要进行任何推理，只对||以前的部分进行信息提取
2024-12-13 17:35:36,458 - 1 - INFO - **********PLAYER1**********
4
2024-12-13 17:36:47,821 - 1 - INFO - **********JUDGER**********
玩家1说：这个水果是红色的，有一个圆圆的形状，通常用来做水果沙拉或者果汁。在这个类别中，它可能因为甜味而显得特别。这个水果的口感脆甜，富含汁液，非常适合切片食用或者作为甜点的一部分。它经常被用来制作各种甜点，比如派和蛋糕，因其独特的风味而受到广泛喜爱。玩家2说：这个水果是橙色的，形状圆润，常见于水果沙拉或果汁中。它在同类中以其独特的酸味而知名。这个水果的皮薄易剥，汁水丰富，味道酸甜适中，非常适合作为小吃或者搭配甜点食用。它在烹饪中常被用来增加风味，尤其在腌制或制作果酱时尤为突出。玩家3说：这个水果通常呈圆形，皮薄，多汁，味道清甜。它在同类中特别之处在于它的味道可能比其他水果更加浓郁，且可能含有较少的酸味。这种水果的色泽红润，口感脆爽，汁液丰富，非常适合直接食用或者作为甜品的一部分。它在烘焙和甜点制作中尤为受欢迎，常用于制作派、蛋糕等，因其清甜的滋味而受到广泛喜爱。玩家4说：这个水果颜色鲜艳，质地多汁，常见于各种甜品和饮品中。它在同类中以其独特的风味和口感而受到喜爱。这个水果是圆形的，皮薄易剥，汁液丰富，口感脆甜。它不仅适合直接食用，还常用于制作各种甜点，如派和蛋糕，因其清甜的滋味和独特的风味而深受喜爱。你是第1号玩家，你的关键词是<苹果>。你的回答中绝对不能包含你的关键词<苹果>。这是第三轮描述，你之前的描述是这个水果是红色的，有一个圆圆的形状，通常用来做水果沙拉或者果汁。在这个类别中，它可能因为甜味而显得特别。和这个水果的口感脆甜，富含汁液，非常适合切片食用或者作为甜点的一部分。它经常被用来制作各种甜点，比如派和蛋糕，因其独特的风味而受到广泛喜爱。，注意，这局游戏的词语分类为<水果>，卧底词和平民词都属于该类，请你补充关于关键词的描述，注意，你的描述应该比起之前的描述更加贴近关键词，作为之前的补充
2024-12-13 17:36:52,519 - 1 - INFO - **********PLAYER1**********
这种水果在阳光照耀下呈现出诱人的光泽，它的质地硬实，切片后保持完整，适合在餐前或餐后享用，不仅能提供清新的口感，还能增添餐点的色彩。它也是烘焙中的常用食材，尤其是制作派和蛋糕时，能够为甜点带来丰富的层次和香气。
2024-12-13 17:37:01,363 - 1 - INFO - **********JUDGER**********
玩家1说：这个水果是红色的，有一个圆圆的形状，通常用来做水果沙拉或者果汁。在这个类别中，它可能因为甜味而显得特别。这个水果的口感脆甜，富含汁液，非常适合切片食用或者作为甜点的一部分。它经常被用来制作各种甜点，比如派和蛋糕，因其独特的风味而受到广泛喜爱。这种水果在阳光照耀下呈现出诱人的光泽，它的质地硬实，切片后保持完整，适合在餐前或餐后享用，不仅能提供清新的口感，还能增添餐点的色彩。它也是烘焙中的常用食材，尤其是制作派和蛋糕时，能够为甜点带来丰富的层次和香气。玩家2说：这个水果是橙色的，形状圆润，常见于水果沙拉或果汁中。它在同类中以其独特的酸味而知名。这个水果的皮薄易剥，汁水丰富，味道酸甜适中，非常适合作为小吃或者搭配甜点食用。它在烹饪中常被用来增加风味，尤其在腌制或制作果酱时尤为突出。这个水果的汁液酸甜适中，皮薄易剥，非常适合作为小吃或者搭配甜点食用。它在烹饪中常被用来增加风味，尤其在腌制或制作果酱时尤为突出。玩家3说：这个水果通常呈圆形，皮薄，多汁，味道清甜。它在同类中特别之处在于它的味道可能比其他水果更加浓郁，且可能含有较少的酸味。这种水果的色泽红润，口感脆爽，汁液丰富，非常适合直接食用或者作为甜品的一部分。它在烘焙和甜点制作中尤为受欢迎，常用于制作派、蛋糕等，因其清甜的滋味而受到广泛喜爱。这种水果的色泽鲜艳，皮薄肉厚，汁水充沛，口感脆中带甜。它在烹饪中是派和蛋糕等甜点的常用食材，因其清甜的口感和丰富的层次而受到喜爱。玩家4说：这个水果颜色鲜艳，质地多汁，常见于各种甜品和饮品中。它在同类中以其独特的风味和口感而受到喜爱。这个水果是圆形的，皮薄易剥，汁液丰富，口感脆甜。它不仅适合直接食用，还常用于制作各种甜点，如派和蛋糕，因其清甜的滋味和独特的风味而深受喜爱。这种水果的色泽红润，质地硬实，切片后保持完整，适合在餐前或餐后享用。它的口感脆甜，富含汁液，能够为甜点带来丰富的层次和香气。||在这个游戏中，我们需要通过分析每位玩家的描述来找出卧底。通常，平民的描述会围绕相同的词语展开，而卧底的描述可能会因为词语的不同而显得不太一致。我们需要仔细比较每个描述之间的相似性和差异性，以找出可能的卧底，注意，卧底并不会隐藏自己，他会直接描述他的词语，现在，逐一分析每个玩家的描述，注意，这局游戏的词语分类为<水果>，卧底词和平民词都属于该类。||之前是第3轮描述和之前轮数描述的合集。你之前认为的卧底是玩家4。
2024-12-13 17:37:19,957 - 1 - INFO - **********PLAYER1**********
根据第三轮描述和之前轮数的描述，我们可以看到以下相似性和差异性：

相似性：
- 所有玩家都提到了水果的圆形、皮薄、多汁和甜味。
- 所有玩家都提到了水果适合制作甜点，如派和蛋糕。
- 所有玩家都提到了水果的色泽和口感。

差异性：
- 玩家1和玩家3特别强调了水果的质地硬实和切片后保持完整。
- 玩家2特别提到了水果的酸味和腌制或制作果酱的用途。
- 玩家4在描述中提到了水果的色泽红润和汁液丰富，但没有特别强调酸味。

基于这些信息，玩家4的描述在酸味这一点上与其他玩家的描述存在差异，而其他玩家都提到了水果的甜味和制作甜点的用途。因此，如果继续基于之前的推断，玩家4仍然是可能的卧底，因为他的描述在酸味这一点上与其他玩家的描述不一致。
2024-12-13 17:37:19,959 - 1 - INFO - **********JUDGER**********
你刚刚的分析是根据第三轮描述和之前轮数的描述，我们可以看到以下相似性和差异性：

相似性：
- 所有玩家都提到了水果的圆形、皮薄、多汁和甜味。
- 所有玩家都提到了水果适合制作甜点，如派和蛋糕。
- 所有玩家都提到了水果的色泽和口感。

差异性：
- 玩家1和玩家3特别强调了水果的质地硬实和切片后保持完整。
- 玩家2特别提到了水果的酸味和腌制或制作果酱的用途。
- 玩家4在描述中提到了水果的色泽红润和汁液丰富，但没有特别强调酸味。

基于这些信息，玩家4的描述在酸味这一点上与其他玩家的描述存在差异，而其他玩家都提到了水果的甜味和制作甜点的用途。因此，如果继续基于之前的推断，玩家4仍然是可能的卧底，因为他的描述在酸味这一点上与其他玩家的描述不一致。|| `请根据上述分析，比较描述以找出不一致之处，注意，这局游戏的词语分类为<水果>，卧底词和平民词都属于该类。
2024-12-13 17:37:29,683 - 1 - INFO - **********PLAYER1**********
根据上述分析，以下是不一致之处：

1. 酸味描述：
   - 玩家1、玩家3和玩家4的描述中都提到了水果的甜味，但没有特别强调酸味。
   - 玩家2的描述中特别提到了水果的酸味，并且强调了其在腌制或制作果酱时的用途。

2. 制作甜点和烹饪用途：
   - 玩家1、玩家3和玩家4的描述中都提到了水果常用于制作甜点，如派和蛋糕。
   - 玩家2的描述中也提到了水果适合作为小吃或搭配甜点食用，以及其在烹饪中的应用。

尽管玩家2的描述在其他方面与玩家1、3和4相似，但在酸味这一点上存在明显的不一致。这可能是玩家2作为卧底的特征，因为卧底词和平民词属于同一类（水果），但在某些特征上有所不同。因此，不一致之处在于玩家2对水果酸味的强调。
2024-12-13 17:37:29,684 - 1 - INFO - **********JUDGER**********
你刚刚的分析是根据上述分析，以下是不一致之处：

1. 酸味描述：
   - 玩家1、玩家3和玩家4的描述中都提到了水果的甜味，但没有特别强调酸味。
   - 玩家2的描述中特别提到了水果的酸味，并且强调了其在腌制或制作果酱时的用途。

2. 制作甜点和烹饪用途：
   - 玩家1、玩家3和玩家4的描述中都提到了水果常用于制作甜点，如派和蛋糕。
   - 玩家2的描述中也提到了水果适合作为小吃或搭配甜点食用，以及其在烹饪中的应用。

尽管玩家2的描述在其他方面与玩家1、3和4相似，但在酸味这一点上存在明显的不一致。这可能是玩家2作为卧底的特征，因为卧底词和平民词属于同一类（水果），但在某些特征上有所不同。因此，不一致之处在于玩家2对水果酸味的强调。|| 请通过你分析的不一致之处，推断卧底身份，注意，这局游戏的词语分类为<水果>，卧底词和平民词都属于该类。
2024-12-13 17:37:35,453 - 1 - INFO - **********PLAYER1**********
基于分析的不一致之处，我推断玩家2是卧底。原因是玩家2的描述中特别提到了水果的酸味，这是与其他玩家描述中普遍强调的甜味不同之处。在《谁是卧底》游戏中，这种对同一类别中关键词特征的不同描述是卧底的一个典型特征。因此，玩家2的描述与平民玩家的描述不一致，可能表明他持有的词语是卧底词。
2024-12-13 17:37:35,454 - 1 - INFO - **********JUDGER**********
你刚刚的推断是基于分析的不一致之处，我推断玩家2是卧底。原因是玩家2的描述中特别提到了水果的酸味，这是与其他玩家描述中普遍强调的甜味不同之处。在《谁是卧底》游戏中，这种对同一类别中关键词特征的不同描述是卧底的一个典型特征。因此，玩家2的描述与平民玩家的描述不一致，可能表明他持有的词语是卧底词。|| 基于你刚刚的推断得出你的最终结论，请输出你认为的卧底，在这种情况下只需要输出编号，是1-4中的某个数字，不要输出其他信息。在这个过程不要进行任何推理，只对||以前的部分进行信息提取
2024-12-13 17:37:37,461 - 1 - INFO - **********PLAYER1**********
2
