2024-12-13 17:32:33,261 - 2 - INFO - **********JUDGER**********
让我们来玩一个叫做<谁是卧底>的推理游戏。基本规则：<人数>：4人。<角色分配>：每位玩家随机抽取一个词语，3名玩家拿到的词语是相同的（平民词），1名玩家拿到与之相近但不同的词语（卧底词）。<游戏流程>：1、玩家轮流描述自己的词语，但<不能>直接说出词语本身。2、描述完毕后，投票选出最像卧底的玩家。3、每轮结束后，被投票选出的玩家出局，不能再进行描述或投票。4、每轮投票结束后，如果卧底被成功找出，平民方获胜；如果卧底未被找出且卧底人数等于或超过平民人数，则卧底方获胜。你将扮演一个<玩家>，请等待你被分配到的关键词。如果你听懂了，只回答，"好的，我准备好参加游戏了"，不要输出别的信息
2024-12-13 17:32:34,181 - 2 - INFO - **********PLAYER2**********
好的，我准备好参加游戏了
2024-12-13 17:32:38,092 - 2 - INFO - **********JUDGER**********
玩家1说：这个水果是红色的，有一个圆圆的形状，通常用来做水果沙拉或者果汁。在这个类别中，它可能因为甜味而显得特别。玩家2说：玩家3说：玩家4说：|| 你是第2号玩家，你的关键词是<橘子>。你的回答中绝对不能包含你的关键词<橘子>。这是第一轮描述，不需要分析||之前别的玩家的描述，请你描述关键词基本特征，注意，这局游戏的词语分类为<水果>，卧底词和平民词都属于该类，描述包括以下两点，1.他的基本特征是什么2.他在该类（水果）中最突出不同的特征是什么，尽量简短
2024-12-13 17:32:39,445 - 2 - INFO - **********PLAYER2**********
这个水果是橙色的，形状圆润，常见于水果沙拉或果汁中。它在同类中以其独特的酸味而知名。
2024-12-13 17:33:18,059 - 2 - INFO - **********JUDGER**********
玩家1说：这个水果是红色的，有一个圆圆的形状，通常用来做水果沙拉或者果汁。在这个类别中，它可能因为甜味而显得特别。玩家2说：这个水果是橙色的，形状圆润，常见于水果沙拉或果汁中。它在同类中以其独特的酸味而知名。玩家3说：这个水果通常呈圆形，皮薄，多汁，味道清甜。它在同类中特别之处在于它的味道可能比其他水果更加浓郁，且可能含有较少的酸味。玩家4说：||在这个游戏中，我们需要通过分析每位玩家的描述来找出卧底。通常，平民的描述会围绕相同的词语展开，而卧底的描述可能会因为词语的不同而显得不太一致。我们需要仔细比较每个描述之间的相似性和差异性，以找出可能的卧底，注意，卧底并不会隐藏自己，他会直接描述他的词语，现在，逐一分析每个玩家的描述，注意，这局游戏的词语分类为<水果>，卧底词和平民词都属于该类。这是第一轮描述。
2024-12-13 17:33:22,536 - 2 - INFO - **********PLAYER2**********
玩家1和玩家2的描述非常相似，都提到了红色的圆形水果，用于沙拉或果汁，且因为甜味而特别。玩家3的描述也提到了圆形、皮薄、多汁、清甜的水果，强调了味道的浓郁和较少的酸味。然而，玩家4的描述与其他三位玩家不同，他并没有直接描述水果的颜色、形状或味道，而是强调了游戏规则和描述分析的方法。

根据这些描述，玩家4的描述与其他玩家不太一致，他似乎在引导其他玩家分析描述而不是直接描述自己的词语。这可能意味着玩家4是卧底，因为他的描述并没有直接围绕某个特定的水果特征展开。然而，这只是一个猜测，真正的卧底可能也有可能在不直接描述关键词的情况下巧妙地引导其他玩家。
2024-12-13 17:33:22,537 - 2 - INFO - **********JUDGER**********
你刚刚的分析是玩家1和玩家2的描述非常相似，都提到了红色的圆形水果，用于沙拉或果汁，且因为甜味而特别。玩家3的描述也提到了圆形、皮薄、多汁、清甜的水果，强调了味道的浓郁和较少的酸味。然而，玩家4的描述与其他三位玩家不同，他并没有直接描述水果的颜色、形状或味道，而是强调了游戏规则和描述分析的方法。

根据这些描述，玩家4的描述与其他玩家不太一致，他似乎在引导其他玩家分析描述而不是直接描述自己的词语。这可能意味着玩家4是卧底，因为他的描述并没有直接围绕某个特定的水果特征展开。然而，这只是一个猜测，真正的卧底可能也有可能在不直接描述关键词的情况下巧妙地引导其他玩家。|| `请根据上述分析，比较描述以找出不一致之处，注意，这局游戏的词语分类为<水果>，卧底词和平民词都属于该类。
2024-12-13 17:33:31,471 - 2 - INFO - **********PLAYER2**********
根据上述分析，我们可以比较每位玩家的描述以找出不一致之处：

1. 玩家1和玩家2的描述非常相似，都指向了一个红色的圆形水果，适合做沙拉或果汁，且因为甜味而特别。这暗示了他们可能持有相同的平民词，比如苹果或草莓。

2. 玩家3的描述提到了一个圆形、皮薄、多汁、清甜的水果，强调其味道浓郁且酸味较少。这个描述与玩家1和玩家2的描述在水果的甜味和用途上有所重叠，但玩家3特别提到了酸味的减少，这可能暗示了另一种水果，比如橙子。

3. 玩家4的描述则完全不同，他没有提供任何关于水果的颜色、形状或味道的具体信息，而是讨论了游戏规则和描述分析的方法。这种描述与水果类别的描述完全脱节，这强烈暗示玩家4可能不是平民，而是卧底。

不一致之处在于玩家4的描述与水果类别的描述完全无关，而玩家1、2和3的描述都在围绕水果的特征进行描述。因此，玩家4的描述与其他玩家的描述不一致，可能是卧底。
2024-12-13 17:33:31,473 - 2 - INFO - **********JUDGER**********
你刚刚的分析是根据上述分析，我们可以比较每位玩家的描述以找出不一致之处：

1. 玩家1和玩家2的描述非常相似，都指向了一个红色的圆形水果，适合做沙拉或果汁，且因为甜味而特别。这暗示了他们可能持有相同的平民词，比如苹果或草莓。

2. 玩家3的描述提到了一个圆形、皮薄、多汁、清甜的水果，强调其味道浓郁且酸味较少。这个描述与玩家1和玩家2的描述在水果的甜味和用途上有所重叠，但玩家3特别提到了酸味的减少，这可能暗示了另一种水果，比如橙子。

3. 玩家4的描述则完全不同，他没有提供任何关于水果的颜色、形状或味道的具体信息，而是讨论了游戏规则和描述分析的方法。这种描述与水果类别的描述完全脱节，这强烈暗示玩家4可能不是平民，而是卧底。

不一致之处在于玩家4的描述与水果类别的描述完全无关，而玩家1、2和3的描述都在围绕水果的特征进行描述。因此，玩家4的描述与其他玩家的描述不一致，可能是卧底。|| 请通过你分析的不一致之处，推断卧底身份，注意，这局游戏的词语分类为<水果>，卧底词和平民词都属于该类。
2024-12-13 17:33:37,270 - 2 - INFO - **********PLAYER2**********
根据分析，不一致之处主要体现在玩家4的描述上。玩家1、2和3的描述都围绕着水果的特征，如颜色、形状、用途和味道，而玩家4的描述却偏离了这一主题，转而讨论了游戏规则和描述分析的方法。

在<水果>这个词语分类下，玩家4的描述没有提供任何与水果相关的具体信息，这与其他玩家围绕水果特征的描述形成了鲜明对比。因此，可以推断玩家4很可能是卧底，因为他的描述与游戏的主题不一致，没有遵循描述关键词的基本特征。

至于具体的卧底身份，由于玩家4没有提供任何线索，我们无法直接确定他持有的词语是什么。但是，由于他的描述与其他玩家不同，我们可以合理猜测他可能是持有与玩家1、2、3不同的词语的玩家，即他可能是卧底。
2024-12-13 17:33:37,271 - 2 - INFO - **********JUDGER**********
你刚刚的推断是根据分析，不一致之处主要体现在玩家4的描述上。玩家1、2和3的描述都围绕着水果的特征，如颜色、形状、用途和味道，而玩家4的描述却偏离了这一主题，转而讨论了游戏规则和描述分析的方法。

在<水果>这个词语分类下，玩家4的描述没有提供任何与水果相关的具体信息，这与其他玩家围绕水果特征的描述形成了鲜明对比。因此，可以推断玩家4很可能是卧底，因为他的描述与游戏的主题不一致，没有遵循描述关键词的基本特征。

至于具体的卧底身份，由于玩家4没有提供任何线索，我们无法直接确定他持有的词语是什么。但是，由于他的描述与其他玩家不同，我们可以合理猜测他可能是持有与玩家1、2、3不同的词语的玩家，即他可能是卧底。|| 基于你刚刚的推断得出你的最终结论，请输出你认为的卧底，在这种情况下只需要输出编号，是1-4中的某个数字，不要输出其他信息。在这个过程不要进行任何推理，只对||以前的部分进行信息提取
2024-12-13 17:33:37,771 - 2 - INFO - **********PLAYER2**********
4
2024-12-13 17:34:42,109 - 2 - INFO - **********JUDGER**********
玩家1说：这个水果是红色的，有一个圆圆的形状，通常用来做水果沙拉或者果汁。在这个类别中，它可能因为甜味而显得特别。这个水果的口感脆甜，富含汁液，非常适合切片食用或者作为甜点的一部分。它经常被用来制作各种甜点，比如派和蛋糕，因其独特的风味而受到广泛喜爱。玩家2说：这个水果是橙色的，形状圆润，常见于水果沙拉或果汁中。它在同类中以其独特的酸味而知名。玩家3说：这个水果通常呈圆形，皮薄，多汁，味道清甜。它在同类中特别之处在于它的味道可能比其他水果更加浓郁，且可能含有较少的酸味。玩家4说：这个水果颜色鲜艳，质地多汁，常见于各种甜品和饮品中。它在同类中以其独特的风味和口感而受到喜爱。你是第2号玩家，你的关键词是<橘子>。你的回答中绝对不能包含你的关键词<橘子>。这是第二轮描述，你之前的描述是这个水果是橙色的，形状圆润，常见于水果沙拉或果汁中。它在同类中以其独特的酸味而知名。，注意，这局游戏的词语分类为<水果>，卧底词和平民词都属于该类，请你补充关于关键词的描述，注意，你的描述应该比起之前的描述更加贴近关键词，作为之前的补充
2024-12-13 17:34:47,036 - 2 - INFO - **********PLAYER2**********
这个水果的皮薄易剥，汁水丰富，味道酸甜适中，非常适合作为小吃或者搭配甜点食用。它在烹饪中常被用来增加风味，尤其在腌制或制作果酱时尤为突出。
2024-12-13 17:35:36,459 - 2 - INFO - **********JUDGER**********
玩家1说：这个水果是红色的，有一个圆圆的形状，通常用来做水果沙拉或者果汁。在这个类别中，它可能因为甜味而显得特别。这个水果的口感脆甜，富含汁液，非常适合切片食用或者作为甜点的一部分。它经常被用来制作各种甜点，比如派和蛋糕，因其独特的风味而受到广泛喜爱。玩家2说：这个水果是橙色的，形状圆润，常见于水果沙拉或果汁中。它在同类中以其独特的酸味而知名。这个水果的皮薄易剥，汁水丰富，味道酸甜适中，非常适合作为小吃或者搭配甜点食用。它在烹饪中常被用来增加风味，尤其在腌制或制作果酱时尤为突出。玩家3说：这个水果通常呈圆形，皮薄，多汁，味道清甜。它在同类中特别之处在于它的味道可能比其他水果更加浓郁，且可能含有较少的酸味。这种水果的色泽红润，口感脆爽，汁液丰富，非常适合直接食用或者作为甜品的一部分。它在烘焙和甜点制作中尤为受欢迎，常用于制作派、蛋糕等，因其清甜的滋味而受到广泛喜爱。玩家4说：这个水果颜色鲜艳，质地多汁，常见于各种甜品和饮品中。它在同类中以其独特的风味和口感而受到喜爱。||在这个游戏中，我们需要通过分析每位玩家的描述来找出卧底。通常，平民的描述会围绕相同的词语展开，而卧底的描述可能会因为词语的不同而显得不太一致。我们需要仔细比较每个描述之间的相似性和差异性，以找出可能的卧底，注意，卧底并不会隐藏自己，他会直接描述他的词语，现在，逐一分析每个玩家的描述，注意，这局游戏的词语分类为<水果>，卧底词和平民词都属于该类。||之前是第2轮描述和之前轮数描述的合集。你之前认为的卧底是玩家4。
2024-12-13 17:35:37,952 - 2 - INFO - **********PLAYER2**********
4
2024-12-13 17:35:37,953 - 2 - INFO - **********JUDGER**********
你刚刚的分析是4|| `请根据上述分析，比较描述以找出不一致之处，注意，这局游戏的词语分类为<水果>，卧底词和平民词都属于该类。
2024-12-13 17:35:47,292 - 2 - INFO - **********PLAYER2**********
在比较四位玩家的描述后，以下是一致性和不一致之处：

一致之处：
- 所有玩家都描述了水果的圆形、皮薄、多汁和味道甜的特点。
- 所有玩家都提到了水果适合用于甜点、派、蛋糕和饮品。

不一致之处：
- 玩家1特别强调了水果的口感脆甜，适合切片食用，且常用于制作派和蛋糕。
- 玩家2提到了水果的酸味，这是与其他玩家描述中甜味的特点不一致的地方。
- 玩家3描述了水果的味道可能比其他水果更加浓郁，且可能含有较少的酸味。
- 玩家4强调了水果的颜色鲜艳和独特的风味，但没有特别提到酸味。

基于这些描述，玩家2的描述中提到了酸味，这与其他玩家主要强调的甜味特点不一致。此外，玩家4的描述虽然也提到了风味，但没有明确提到酸味，这与玩家2的描述形成对比。因此，不一致之处主要体现在玩家2和玩家4的描述上，他们可能是持有不同关键词的玩家。
2024-12-13 17:35:47,294 - 2 - INFO - **********JUDGER**********
你刚刚的分析是在比较四位玩家的描述后，以下是一致性和不一致之处：

一致之处：
- 所有玩家都描述了水果的圆形、皮薄、多汁和味道甜的特点。
- 所有玩家都提到了水果适合用于甜点、派、蛋糕和饮品。

不一致之处：
- 玩家1特别强调了水果的口感脆甜，适合切片食用，且常用于制作派和蛋糕。
- 玩家2提到了水果的酸味，这是与其他玩家描述中甜味的特点不一致的地方。
- 玩家3描述了水果的味道可能比其他水果更加浓郁，且可能含有较少的酸味。
- 玩家4强调了水果的颜色鲜艳和独特的风味，但没有特别提到酸味。

基于这些描述，玩家2的描述中提到了酸味，这与其他玩家主要强调的甜味特点不一致。此外，玩家4的描述虽然也提到了风味，但没有明确提到酸味，这与玩家2的描述形成对比。因此，不一致之处主要体现在玩家2和玩家4的描述上，他们可能是持有不同关键词的玩家。|| 请通过你分析的不一致之处，推断卧底身份，注意，这局游戏的词语分类为<水果>，卧底词和平民词都属于该类。
2024-12-13 17:35:48,629 - 2 - INFO - **********PLAYER2**********
2
2024-12-13 17:35:48,629 - 2 - INFO - **********JUDGER**********
你刚刚的推断是2|| 基于你刚刚的推断得出你的最终结论，请输出你认为的卧底，在这种情况下只需要输出编号，是1-4中的某个数字，不要输出其他信息。在这个过程不要进行任何推理，只对||以前的部分进行信息提取
2024-12-13 17:35:49,730 - 2 - INFO - **********PLAYER2**********
2
2024-12-13 17:36:52,521 - 2 - INFO - **********JUDGER**********
玩家1说：这个水果是红色的，有一个圆圆的形状，通常用来做水果沙拉或者果汁。在这个类别中，它可能因为甜味而显得特别。这个水果的口感脆甜，富含汁液，非常适合切片食用或者作为甜点的一部分。它经常被用来制作各种甜点，比如派和蛋糕，因其独特的风味而受到广泛喜爱。这种水果在阳光照耀下呈现出诱人的光泽，它的质地硬实，切片后保持完整，适合在餐前或餐后享用，不仅能提供清新的口感，还能增添餐点的色彩。它也是烘焙中的常用食材，尤其是制作派和蛋糕时，能够为甜点带来丰富的层次和香气。玩家2说：这个水果是橙色的，形状圆润，常见于水果沙拉或果汁中。它在同类中以其独特的酸味而知名。这个水果的皮薄易剥，汁水丰富，味道酸甜适中，非常适合作为小吃或者搭配甜点食用。它在烹饪中常被用来增加风味，尤其在腌制或制作果酱时尤为突出。玩家3说：这个水果通常呈圆形，皮薄，多汁，味道清甜。它在同类中特别之处在于它的味道可能比其他水果更加浓郁，且可能含有较少的酸味。这种水果的色泽红润，口感脆爽，汁液丰富，非常适合直接食用或者作为甜品的一部分。它在烘焙和甜点制作中尤为受欢迎，常用于制作派、蛋糕等，因其清甜的滋味而受到广泛喜爱。玩家4说：这个水果颜色鲜艳，质地多汁，常见于各种甜品和饮品中。它在同类中以其独特的风味和口感而受到喜爱。这个水果是圆形的，皮薄易剥，汁液丰富，口感脆甜。它不仅适合直接食用，还常用于制作各种甜点，如派和蛋糕，因其清甜的滋味和独特的风味而深受喜爱。你是第2号玩家，你的关键词是<橘子>。你的回答中绝对不能包含你的关键词<橘子>。这是第三轮描述，你之前的描述是这个水果是橙色的，形状圆润，常见于水果沙拉或果汁中。它在同类中以其独特的酸味而知名。和这个水果的皮薄易剥，汁水丰富，味道酸甜适中，非常适合作为小吃或者搭配甜点食用。它在烹饪中常被用来增加风味，尤其在腌制或制作果酱时尤为突出。，注意，这局游戏的词语分类为<水果>，卧底词和平民词都属于该类，请你补充关于关键词的描述，注意，你的描述应该比起之前的描述更加贴近关键词，作为之前的补充
2024-12-13 17:36:55,633 - 2 - INFO - **********PLAYER2**********
这个水果的汁液酸甜适中，皮薄易剥，非常适合作为小吃或者搭配甜点食用。它在烹饪中常被用来增加风味，尤其在腌制或制作果酱时尤为突出。
2024-12-13 17:37:37,463 - 2 - INFO - **********JUDGER**********
玩家1说：这个水果是红色的，有一个圆圆的形状，通常用来做水果沙拉或者果汁。在这个类别中，它可能因为甜味而显得特别。这个水果的口感脆甜，富含汁液，非常适合切片食用或者作为甜点的一部分。它经常被用来制作各种甜点，比如派和蛋糕，因其独特的风味而受到广泛喜爱。这种水果在阳光照耀下呈现出诱人的光泽，它的质地硬实，切片后保持完整，适合在餐前或餐后享用，不仅能提供清新的口感，还能增添餐点的色彩。它也是烘焙中的常用食材，尤其是制作派和蛋糕时，能够为甜点带来丰富的层次和香气。玩家2说：这个水果是橙色的，形状圆润，常见于水果沙拉或果汁中。它在同类中以其独特的酸味而知名。这个水果的皮薄易剥，汁水丰富，味道酸甜适中，非常适合作为小吃或者搭配甜点食用。它在烹饪中常被用来增加风味，尤其在腌制或制作果酱时尤为突出。这个水果的汁液酸甜适中，皮薄易剥，非常适合作为小吃或者搭配甜点食用。它在烹饪中常被用来增加风味，尤其在腌制或制作果酱时尤为突出。玩家3说：这个水果通常呈圆形，皮薄，多汁，味道清甜。它在同类中特别之处在于它的味道可能比其他水果更加浓郁，且可能含有较少的酸味。这种水果的色泽红润，口感脆爽，汁液丰富，非常适合直接食用或者作为甜品的一部分。它在烘焙和甜点制作中尤为受欢迎，常用于制作派、蛋糕等，因其清甜的滋味而受到广泛喜爱。这种水果的色泽鲜艳，皮薄肉厚，汁水充沛，口感脆中带甜。它在烹饪中是派和蛋糕等甜点的常用食材，因其清甜的口感和丰富的层次而受到喜爱。玩家4说：这个水果颜色鲜艳，质地多汁，常见于各种甜品和饮品中。它在同类中以其独特的风味和口感而受到喜爱。这个水果是圆形的，皮薄易剥，汁液丰富，口感脆甜。它不仅适合直接食用，还常用于制作各种甜点，如派和蛋糕，因其清甜的滋味和独特的风味而深受喜爱。这种水果的色泽红润，质地硬实，切片后保持完整，适合在餐前或餐后享用。它的口感脆甜，富含汁液，能够为甜点带来丰富的层次和香气。||在这个游戏中，我们需要通过分析每位玩家的描述来找出卧底。通常，平民的描述会围绕相同的词语展开，而卧底的描述可能会因为词语的不同而显得不太一致。我们需要仔细比较每个描述之间的相似性和差异性，以找出可能的卧底，注意，卧底并不会隐藏自己，他会直接描述他的词语，现在，逐一分析每个玩家的描述，注意，这局游戏的词语分类为<水果>，卧底词和平民词都属于该类。||之前是第3轮描述和之前轮数描述的合集。你之前认为的卧底是玩家2。
2024-12-13 17:37:38,688 - 2 - INFO - **********PLAYER2**********
2
2024-12-13 17:37:38,688 - 2 - INFO - **********JUDGER**********
你刚刚的分析是2|| `请根据上述分析，比较描述以找出不一致之处，注意，这局游戏的词语分类为<水果>，卧底词和平民词都属于该类。
2024-12-13 17:37:49,160 - 2 - INFO - **********PLAYER2**********
在比较四位玩家的描述后，以下是一致性和不一致之处：

一致之处：
- 所有玩家都提到了水果的圆形、皮薄、多汁和甜味的特点。
- 所有玩家都强调了水果适合用于制作甜点和饮品。
- 所有玩家都提到了水果在烹饪中的应用，尤其是制作派和蛋糕。

不一致之处：
- 玩家1的描述中特别提到了水果在阳光照耀下呈现出诱人的光泽，质地硬实，切片后保持完整，以及能为甜点带来丰富的层次和香气。
- 玩家2的描述中提到了水果的酸味，这是与其他玩家描述中甜味的特点不一致的地方。
- 玩家3的描述中强调了水果的味道可能比其他水果更加浓郁，且可能含有较少的酸味，以及色泽红润，口感脆爽。
- 玩家4的描述中提到了水果的颜色鲜艳，质地硬实，切片后保持完整，以及口感脆甜，富含汁液。

基于这些描述，玩家2的描述中提到了酸味，这与其他玩家主要强调的甜味特点不一致。此外，玩家4的描述虽然也提到了甜味，但没有特别提到酸味，这与玩家2的描述形成对比。因此，不一致之处主要体现在玩家2和玩家4的描述上，他们可能是持有不同关键词的玩家。
2024-12-13 17:37:49,166 - 2 - INFO - **********JUDGER**********
你刚刚的分析是在比较四位玩家的描述后，以下是一致性和不一致之处：

一致之处：
- 所有玩家都提到了水果的圆形、皮薄、多汁和甜味的特点。
- 所有玩家都强调了水果适合用于制作甜点和饮品。
- 所有玩家都提到了水果在烹饪中的应用，尤其是制作派和蛋糕。

不一致之处：
- 玩家1的描述中特别提到了水果在阳光照耀下呈现出诱人的光泽，质地硬实，切片后保持完整，以及能为甜点带来丰富的层次和香气。
- 玩家2的描述中提到了水果的酸味，这是与其他玩家描述中甜味的特点不一致的地方。
- 玩家3的描述中强调了水果的味道可能比其他水果更加浓郁，且可能含有较少的酸味，以及色泽红润，口感脆爽。
- 玩家4的描述中提到了水果的颜色鲜艳，质地硬实，切片后保持完整，以及口感脆甜，富含汁液。

基于这些描述，玩家2的描述中提到了酸味，这与其他玩家主要强调的甜味特点不一致。此外，玩家4的描述虽然也提到了甜味，但没有特别提到酸味，这与玩家2的描述形成对比。因此，不一致之处主要体现在玩家2和玩家4的描述上，他们可能是持有不同关键词的玩家。|| 请通过你分析的不一致之处，推断卧底身份，注意，这局游戏的词语分类为<水果>，卧底词和平民词都属于该类。
2024-12-13 17:37:51,011 - 2 - INFO - **********PLAYER2**********
2
2024-12-13 17:37:51,012 - 2 - INFO - **********JUDGER**********
你刚刚的推断是2|| 基于你刚刚的推断得出你的最终结论，请输出你认为的卧底，在这种情况下只需要输出编号，是1-4中的某个数字，不要输出其他信息。在这个过程不要进行任何推理，只对||以前的部分进行信息提取
2024-12-13 17:37:52,470 - 2 - INFO - **********PLAYER2**********
2
2024-12-13 17:37:52,471 - 2 - INFO - **********JUDGER**********
你认为卧底是你自己。你现在需要随便选一个人投票。请输出一个数字，是1-4中的某个数字，但这个数字不能是2，不要输出其他信息。
2024-12-13 17:37:53,915 - 2 - INFO - **********PLAYER2**********
1
