2024-12-13 17:32:34,690 - 3 - INFO - **********JUDGER**********
让我们来玩一个叫做<谁是卧底>的推理游戏。基本规则：<人数>：4人。<角色分配>：每位玩家随机抽取一个词语，3名玩家拿到的词语是相同的（平民词），1名玩家拿到与之相近但不同的词语（卧底词）。<游戏流程>：1、玩家轮流描述自己的词语，但<不能>直接说出词语本身。2、描述完毕后，投票选出最像卧底的玩家。3、每轮结束后，被投票选出的玩家出局，不能再进行描述或投票。4、每轮投票结束后，如果卧底被成功找出，平民方获胜；如果卧底未被找出且卧底人数等于或超过平民人数，则卧底方获胜。你将扮演一个<玩家>，请等待你被分配到的关键词。如果你听懂了，只回答，"好的，我准备好参加游戏了"，不要输出别的信息
2024-12-13 17:32:35,319 - 3 - INFO - **********PLAYER3**********
好的，我准备好参加游戏了
2024-12-13 17:32:39,446 - 3 - INFO - **********JUDGER**********
玩家1说：这个水果是红色的，有一个圆圆的形状，通常用来做水果沙拉或者果汁。在这个类别中，它可能因为甜味而显得特别。玩家2说：这个水果是橙色的，形状圆润，常见于水果沙拉或果汁中。它在同类中以其独特的酸味而知名。玩家3说：玩家4说：|| 你是第3号玩家，你的关键词是<苹果>。你的回答中绝对不能包含你的关键词<苹果>。这是第一轮描述，不需要分析||之前别的玩家的描述，请你描述关键词基本特征，注意，这局游戏的词语分类为<水果>，卧底词和平民词都属于该类，描述包括以下两点，1.他的基本特征是什么2.他在该类（水果）中最突出不同的特征是什么，尽量简短
2024-12-13 17:32:40,980 - 3 - INFO - **********PLAYER3**********
这个水果通常呈圆形，皮薄，多汁，味道清甜。它在同类中特别之处在于它的味道可能比其他水果更加浓郁，且可能含有较少的酸味。
2024-12-13 17:33:37,771 - 3 - INFO - **********JUDGER**********
玩家1说：这个水果是红色的，有一个圆圆的形状，通常用来做水果沙拉或者果汁。在这个类别中，它可能因为甜味而显得特别。玩家2说：这个水果是橙色的，形状圆润，常见于水果沙拉或果汁中。它在同类中以其独特的酸味而知名。玩家3说：这个水果通常呈圆形，皮薄，多汁，味道清甜。它在同类中特别之处在于它的味道可能比其他水果更加浓郁，且可能含有较少的酸味。玩家4说：||在这个游戏中，我们需要通过分析每位玩家的描述来找出卧底。通常，平民的描述会围绕相同的词语展开，而卧底的描述可能会因为词语的不同而显得不太一致。我们需要仔细比较每个描述之间的相似性和差异性，以找出可能的卧底，注意，卧底并不会隐藏自己，他会直接描述他的词语，现在，逐一分析每个玩家的描述，注意，这局游戏的词语分类为<水果>，卧底词和平民词都属于该类。这是第一轮描述。
2024-12-13 17:33:47,389 - 3 - INFO - **********PLAYER3**********
根据玩家们的描述，我们可以看出：

玩家1、玩家2和玩家3的描述都指向了苹果这一水果。他们都提到了圆形、皮薄、多汁、清甜等特征，以及苹果可能因为甜味而显得特别，或者味道浓郁且酸味较少。

玩家4的描述与前三者有所不同，虽然也提到了圆形、皮薄、多汁等特征，但没有明确指出甜味或者酸味，而是强调了味道可能比其他水果更加浓郁，且可能含有较少的酸味。这种描述与苹果的典型特征相比，显得有些模糊，没有明确指向苹果。

因此，根据描述的相似性和差异性，玩家4的描述可能更像是卧底的描述，因为他的描述没有与其他玩家的描述完全一致，且在细节上没有明确指向苹果。不过，这只是一个初步的判断，需要结合后续的描述和投票来进一步确认。
2024-12-13 17:33:47,391 - 3 - INFO - **********JUDGER**********
你刚刚的分析是根据玩家们的描述，我们可以看出：

玩家1、玩家2和玩家3的描述都指向了苹果这一水果。他们都提到了圆形、皮薄、多汁、清甜等特征，以及苹果可能因为甜味而显得特别，或者味道浓郁且酸味较少。

玩家4的描述与前三者有所不同，虽然也提到了圆形、皮薄、多汁等特征，但没有明确指出甜味或者酸味，而是强调了味道可能比其他水果更加浓郁，且可能含有较少的酸味。这种描述与苹果的典型特征相比，显得有些模糊，没有明确指向苹果。

因此，根据描述的相似性和差异性，玩家4的描述可能更像是卧底的描述，因为他的描述没有与其他玩家的描述完全一致，且在细节上没有明确指向苹果。不过，这只是一个初步的判断，需要结合后续的描述和投票来进一步确认。|| `请根据上述分析，比较描述以找出不一致之处，注意，这局游戏的词语分类为<水果>，卧底词和平民词都属于该类。
2024-12-13 17:33:54,506 - 3 - INFO - **********PLAYER3**********
根据上述分析，我们可以比较描述中的一致性和不一致之处如下：

一致性：
- 所有玩家都提到了水果的形状是圆形。
- 所有玩家都提到了水果的皮薄。
- 所有玩家都提到了水果多汁。
- 所有玩家都提到了水果的味道，尽管描述略有不同，但都指向了水果的风味特征。

不一致之处：
- 玩家1、玩家2和玩家3都提到了水果的甜味，而玩家4没有明确提到甜味。
- 玩家1、玩家2和玩家3提到了水果可能因为甜味而显得特别，或者味道浓郁且酸味较少，而玩家4提到了味道可能比其他水果更加浓郁，且可能含有较少的酸味，但没有直接提到甜味。

这些不一致之处表明玩家4的描述在甜味这一特征上与其他玩家的描述有所不同，这可能是一个线索，暗示玩家4可能是卧底，因为卧底的描述可能会因为词语的不同而显得不太一致。然而，这种不一致性也可能只是描述上的细微差别，因此需要更多的信息来确认。
2024-12-13 17:33:54,508 - 3 - INFO - **********JUDGER**********
你刚刚的分析是根据上述分析，我们可以比较描述中的一致性和不一致之处如下：

一致性：
- 所有玩家都提到了水果的形状是圆形。
- 所有玩家都提到了水果的皮薄。
- 所有玩家都提到了水果多汁。
- 所有玩家都提到了水果的味道，尽管描述略有不同，但都指向了水果的风味特征。

不一致之处：
- 玩家1、玩家2和玩家3都提到了水果的甜味，而玩家4没有明确提到甜味。
- 玩家1、玩家2和玩家3提到了水果可能因为甜味而显得特别，或者味道浓郁且酸味较少，而玩家4提到了味道可能比其他水果更加浓郁，且可能含有较少的酸味，但没有直接提到甜味。

这些不一致之处表明玩家4的描述在甜味这一特征上与其他玩家的描述有所不同，这可能是一个线索，暗示玩家4可能是卧底，因为卧底的描述可能会因为词语的不同而显得不太一致。然而，这种不一致性也可能只是描述上的细微差别，因此需要更多的信息来确认。|| 请通过你分析的不一致之处，推断卧底身份，注意，这局游戏的词语分类为<水果>，卧底词和平民词都属于该类。
2024-12-13 17:34:05,824 - 3 - INFO - **********PLAYER3**********
基于分析中提到的不一致之处，特别是关于甜味的描述，我们可以进行以下推断：

- 玩家1、玩家2和玩家3的描述都集中在苹果的甜味上，强调了苹果的甜味是其特别之处，或者味道浓郁且酸味较少。
- 玩家4的描述虽然也提到了味道浓郁，但没有明确提及甜味，而是提到了可能含有较少的酸味。

在水果类别中，通常被认为甜味是苹果的一个显著特征，而提到较少的酸味可能并不足以区分苹果，因为很多水果都有不同程度的酸味。因此，玩家4的描述在甜味这一关键特征上的缺失，以及他对酸味的提及，可能与苹果这一平民词的特征不太相符。

考虑到游戏规则和词语分类，玩家4的描述可能更接近于卧底词的特征，因为他的描述没有明确指向苹果的甜味这一典型特征。然而，这只是一个基于描述的分析，实际情况可能更为复杂，需要结合后续的描述和投票来最终确认卧底的身份。如果游戏继续进行，玩家们可能会提供更多线索来支持或反驳这一推断。
2024-12-13 17:34:05,826 - 3 - INFO - **********JUDGER**********
你刚刚的推断是基于分析中提到的不一致之处，特别是关于甜味的描述，我们可以进行以下推断：

- 玩家1、玩家2和玩家3的描述都集中在苹果的甜味上，强调了苹果的甜味是其特别之处，或者味道浓郁且酸味较少。
- 玩家4的描述虽然也提到了味道浓郁，但没有明确提及甜味，而是提到了可能含有较少的酸味。

在水果类别中，通常被认为甜味是苹果的一个显著特征，而提到较少的酸味可能并不足以区分苹果，因为很多水果都有不同程度的酸味。因此，玩家4的描述在甜味这一关键特征上的缺失，以及他对酸味的提及，可能与苹果这一平民词的特征不太相符。

考虑到游戏规则和词语分类，玩家4的描述可能更接近于卧底词的特征，因为他的描述没有明确指向苹果的甜味这一典型特征。然而，这只是一个基于描述的分析，实际情况可能更为复杂，需要结合后续的描述和投票来最终确认卧底的身份。如果游戏继续进行，玩家们可能会提供更多线索来支持或反驳这一推断。|| 基于你刚刚的推断得出你的最终结论，请输出你认为的卧底，在这种情况下只需要输出编号，是1-4中的某个数字，不要输出其他信息。在这个过程不要进行任何推理，只对||以前的部分进行信息提取
2024-12-13 17:34:06,372 - 3 - INFO - **********PLAYER3**********
4
2024-12-13 17:34:47,037 - 3 - INFO - **********JUDGER**********
玩家1说：这个水果是红色的，有一个圆圆的形状，通常用来做水果沙拉或者果汁。在这个类别中，它可能因为甜味而显得特别。这个水果的口感脆甜，富含汁液，非常适合切片食用或者作为甜点的一部分。它经常被用来制作各种甜点，比如派和蛋糕，因其独特的风味而受到广泛喜爱。玩家2说：这个水果是橙色的，形状圆润，常见于水果沙拉或果汁中。它在同类中以其独特的酸味而知名。这个水果的皮薄易剥，汁水丰富，味道酸甜适中，非常适合作为小吃或者搭配甜点食用。它在烹饪中常被用来增加风味，尤其在腌制或制作果酱时尤为突出。玩家3说：这个水果通常呈圆形，皮薄，多汁，味道清甜。它在同类中特别之处在于它的味道可能比其他水果更加浓郁，且可能含有较少的酸味。玩家4说：这个水果颜色鲜艳，质地多汁，常见于各种甜品和饮品中。它在同类中以其独特的风味和口感而受到喜爱。你是第3号玩家，你的关键词是<苹果>。你的回答中绝对不能包含你的关键词<苹果>。这是第二轮描述，你之前的描述是这个水果通常呈圆形，皮薄，多汁，味道清甜。它在同类中特别之处在于它的味道可能比其他水果更加浓郁，且可能含有较少的酸味。，注意，这局游戏的词语分类为<水果>，卧底词和平民词都属于该类，请你补充关于关键词的描述，注意，你的描述应该比起之前的描述更加贴近关键词，作为之前的补充
2024-12-13 17:34:49,841 - 3 - INFO - **********PLAYER3**********
这种水果的色泽红润，口感脆爽，汁液丰富，非常适合直接食用或者作为甜品的一部分。它在烘焙和甜点制作中尤为受欢迎，常用于制作派、蛋糕等，因其清甜的滋味而受到广泛喜爱。
2024-12-13 17:35:49,730 - 3 - INFO - **********JUDGER**********
玩家1说：这个水果是红色的，有一个圆圆的形状，通常用来做水果沙拉或者果汁。在这个类别中，它可能因为甜味而显得特别。这个水果的口感脆甜，富含汁液，非常适合切片食用或者作为甜点的一部分。它经常被用来制作各种甜点，比如派和蛋糕，因其独特的风味而受到广泛喜爱。玩家2说：这个水果是橙色的，形状圆润，常见于水果沙拉或果汁中。它在同类中以其独特的酸味而知名。这个水果的皮薄易剥，汁水丰富，味道酸甜适中，非常适合作为小吃或者搭配甜点食用。它在烹饪中常被用来增加风味，尤其在腌制或制作果酱时尤为突出。玩家3说：这个水果通常呈圆形，皮薄，多汁，味道清甜。它在同类中特别之处在于它的味道可能比其他水果更加浓郁，且可能含有较少的酸味。这种水果的色泽红润，口感脆爽，汁液丰富，非常适合直接食用或者作为甜品的一部分。它在烘焙和甜点制作中尤为受欢迎，常用于制作派、蛋糕等，因其清甜的滋味而受到广泛喜爱。玩家4说：这个水果颜色鲜艳，质地多汁，常见于各种甜品和饮品中。它在同类中以其独特的风味和口感而受到喜爱。||在这个游戏中，我们需要通过分析每位玩家的描述来找出卧底。通常，平民的描述会围绕相同的词语展开，而卧底的描述可能会因为词语的不同而显得不太一致。我们需要仔细比较每个描述之间的相似性和差异性，以找出可能的卧底，注意，卧底并不会隐藏自己，他会直接描述他的词语，现在，逐一分析每个玩家的描述，注意，这局游戏的词语分类为<水果>，卧底词和平民词都属于该类。||之前是第2轮描述和之前轮数描述的合集。你之前认为的卧底是玩家4。
2024-12-13 17:35:58,006 - 3 - INFO - **********PLAYER3**********
根据第2轮描述和之前的分析，玩家4的描述仍然与其他玩家的描述存在显著差异。尽管其他玩家都提到了水果的甜味和适合用于甜点，玩家4的描述强调了水果的颜色鲜艳和独特的风味，而没有特别强调甜味或者用于甜点的用途。

考虑到游戏规则和之前的推断，玩家4的描述可能更符合卧底的特征，因为他没有明确提到甜味，这是苹果这一水果的一个典型特征。同时，他的描述更偏向于水果的整体风味和用途，而不是特定的甜点应用。

因此，基于这些信息，我仍然认为玩家4可能是卧底。
2024-12-13 17:35:58,007 - 3 - INFO - **********JUDGER**********
你刚刚的分析是根据第2轮描述和之前的分析，玩家4的描述仍然与其他玩家的描述存在显著差异。尽管其他玩家都提到了水果的甜味和适合用于甜点，玩家4的描述强调了水果的颜色鲜艳和独特的风味，而没有特别强调甜味或者用于甜点的用途。

考虑到游戏规则和之前的推断，玩家4的描述可能更符合卧底的特征，因为他没有明确提到甜味，这是苹果这一水果的一个典型特征。同时，他的描述更偏向于水果的整体风味和用途，而不是特定的甜点应用。

因此，基于这些信息，我仍然认为玩家4可能是卧底。|| `请根据上述分析，比较描述以找出不一致之处，注意，这局游戏的词语分类为<水果>，卧底词和平民词都属于该类。
2024-12-13 17:36:07,720 - 3 - INFO - **********PLAYER3**********
根据上述分析，我们可以比较描述中的一致性和不一致之处如下：

一致性：
- 所有玩家都提到了水果的形状是圆形或圆润。
- 所有玩家都提到了水果的皮薄。
- 所有玩家都提到了水果多汁。
- 所有玩家都提到了水果适合用于制作甜点或饮品。

不一致之处：
- 玩家1、玩家2和玩家3都强调了水果的甜味，而玩家4没有明确提到甜味。
- 玩家1和玩家3提到了水果的口感脆甜，适合切片食用，而玩家2和玩家4没有特别强调这一点。
- 玩家2提到了水果的酸味，而玩家1、玩家3和玩家4没有提到酸味。
- 玩家4特别强调了水果的颜色鲜艳和独特的风味，而其他玩家没有特别强调颜色。

这些不一致之处，特别是关于甜味的缺失和颜色的强调，可能表明玩家4的描述与苹果这一平民词的特征不太一致，从而支持了玩家4可能是卧底的推断。
2024-12-13 17:36:07,722 - 3 - INFO - **********JUDGER**********
你刚刚的分析是根据上述分析，我们可以比较描述中的一致性和不一致之处如下：

一致性：
- 所有玩家都提到了水果的形状是圆形或圆润。
- 所有玩家都提到了水果的皮薄。
- 所有玩家都提到了水果多汁。
- 所有玩家都提到了水果适合用于制作甜点或饮品。

不一致之处：
- 玩家1、玩家2和玩家3都强调了水果的甜味，而玩家4没有明确提到甜味。
- 玩家1和玩家3提到了水果的口感脆甜，适合切片食用，而玩家2和玩家4没有特别强调这一点。
- 玩家2提到了水果的酸味，而玩家1、玩家3和玩家4没有提到酸味。
- 玩家4特别强调了水果的颜色鲜艳和独特的风味，而其他玩家没有特别强调颜色。

这些不一致之处，特别是关于甜味的缺失和颜色的强调，可能表明玩家4的描述与苹果这一平民词的特征不太一致，从而支持了玩家4可能是卧底的推断。|| 请通过你分析的不一致之处，推断卧底身份，注意，这局游戏的词语分类为<水果>，卧底词和平民词都属于该类。
2024-12-13 17:36:11,331 - 3 - INFO - **********PLAYER3**********
基于分析中提到的不一致之处，特别是关于甜味的缺失和颜色的强调，我推断玩家4可能是卧底。这些特征与苹果这一水果的典型描述不完全吻合，而更可能与另一个水果的特征相符，尤其是在甜味和颜色上的描述。因此，我的最终推断是玩家4是卧底。
2024-12-13 17:36:11,331 - 3 - INFO - **********JUDGER**********
你刚刚的推断是基于分析中提到的不一致之处，特别是关于甜味的缺失和颜色的强调，我推断玩家4可能是卧底。这些特征与苹果这一水果的典型描述不完全吻合，而更可能与另一个水果的特征相符，尤其是在甜味和颜色上的描述。因此，我的最终推断是玩家4是卧底。|| 基于你刚刚的推断得出你的最终结论，请输出你认为的卧底，在这种情况下只需要输出编号，是1-4中的某个数字，不要输出其他信息。在这个过程不要进行任何推理，只对||以前的部分进行信息提取
2024-12-13 17:36:12,464 - 3 - INFO - **********PLAYER3**********
4
2024-12-13 17:36:55,634 - 3 - INFO - **********JUDGER**********
玩家1说：这个水果是红色的，有一个圆圆的形状，通常用来做水果沙拉或者果汁。在这个类别中，它可能因为甜味而显得特别。这个水果的口感脆甜，富含汁液，非常适合切片食用或者作为甜点的一部分。它经常被用来制作各种甜点，比如派和蛋糕，因其独特的风味而受到广泛喜爱。这种水果在阳光照耀下呈现出诱人的光泽，它的质地硬实，切片后保持完整，适合在餐前或餐后享用，不仅能提供清新的口感，还能增添餐点的色彩。它也是烘焙中的常用食材，尤其是制作派和蛋糕时，能够为甜点带来丰富的层次和香气。玩家2说：这个水果是橙色的，形状圆润，常见于水果沙拉或果汁中。它在同类中以其独特的酸味而知名。这个水果的皮薄易剥，汁水丰富，味道酸甜适中，非常适合作为小吃或者搭配甜点食用。它在烹饪中常被用来增加风味，尤其在腌制或制作果酱时尤为突出。这个水果的汁液酸甜适中，皮薄易剥，非常适合作为小吃或者搭配甜点食用。它在烹饪中常被用来增加风味，尤其在腌制或制作果酱时尤为突出。玩家3说：这个水果通常呈圆形，皮薄，多汁，味道清甜。它在同类中特别之处在于它的味道可能比其他水果更加浓郁，且可能含有较少的酸味。这种水果的色泽红润，口感脆爽，汁液丰富，非常适合直接食用或者作为甜品的一部分。它在烘焙和甜点制作中尤为受欢迎，常用于制作派、蛋糕等，因其清甜的滋味而受到广泛喜爱。玩家4说：这个水果颜色鲜艳，质地多汁，常见于各种甜品和饮品中。它在同类中以其独特的风味和口感而受到喜爱。这个水果是圆形的，皮薄易剥，汁液丰富，口感脆甜。它不仅适合直接食用，还常用于制作各种甜点，如派和蛋糕，因其清甜的滋味和独特的风味而深受喜爱。你是第3号玩家，你的关键词是<苹果>。你的回答中绝对不能包含你的关键词<苹果>。这是第三轮描述，你之前的描述是这个水果通常呈圆形，皮薄，多汁，味道清甜。它在同类中特别之处在于它的味道可能比其他水果更加浓郁，且可能含有较少的酸味。和这种水果的色泽红润，口感脆爽，汁液丰富，非常适合直接食用或者作为甜品的一部分。它在烘焙和甜点制作中尤为受欢迎，常用于制作派、蛋糕等，因其清甜的滋味而受到广泛喜爱。，注意，这局游戏的词语分类为<水果>，卧底词和平民词都属于该类，请你补充关于关键词的描述，注意，你的描述应该比起之前的描述更加贴近关键词，作为之前的补充
2024-12-13 17:36:58,636 - 3 - INFO - **********PLAYER3**********
这种水果的色泽鲜艳，皮薄肉厚，汁水充沛，口感脆中带甜。它在烹饪中是派和蛋糕等甜点的常用食材，因其清甜的口感和丰富的层次而受到喜爱。
2024-12-13 17:37:53,916 - 3 - INFO - **********JUDGER**********
玩家1说：这个水果是红色的，有一个圆圆的形状，通常用来做水果沙拉或者果汁。在这个类别中，它可能因为甜味而显得特别。这个水果的口感脆甜，富含汁液，非常适合切片食用或者作为甜点的一部分。它经常被用来制作各种甜点，比如派和蛋糕，因其独特的风味而受到广泛喜爱。这种水果在阳光照耀下呈现出诱人的光泽，它的质地硬实，切片后保持完整，适合在餐前或餐后享用，不仅能提供清新的口感，还能增添餐点的色彩。它也是烘焙中的常用食材，尤其是制作派和蛋糕时，能够为甜点带来丰富的层次和香气。玩家2说：这个水果是橙色的，形状圆润，常见于水果沙拉或果汁中。它在同类中以其独特的酸味而知名。这个水果的皮薄易剥，汁水丰富，味道酸甜适中，非常适合作为小吃或者搭配甜点食用。它在烹饪中常被用来增加风味，尤其在腌制或制作果酱时尤为突出。这个水果的汁液酸甜适中，皮薄易剥，非常适合作为小吃或者搭配甜点食用。它在烹饪中常被用来增加风味，尤其在腌制或制作果酱时尤为突出。玩家3说：这个水果通常呈圆形，皮薄，多汁，味道清甜。它在同类中特别之处在于它的味道可能比其他水果更加浓郁，且可能含有较少的酸味。这种水果的色泽红润，口感脆爽，汁液丰富，非常适合直接食用或者作为甜品的一部分。它在烘焙和甜点制作中尤为受欢迎，常用于制作派、蛋糕等，因其清甜的滋味而受到广泛喜爱。这种水果的色泽鲜艳，皮薄肉厚，汁水充沛，口感脆中带甜。它在烹饪中是派和蛋糕等甜点的常用食材，因其清甜的口感和丰富的层次而受到喜爱。玩家4说：这个水果颜色鲜艳，质地多汁，常见于各种甜品和饮品中。它在同类中以其独特的风味和口感而受到喜爱。这个水果是圆形的，皮薄易剥，汁液丰富，口感脆甜。它不仅适合直接食用，还常用于制作各种甜点，如派和蛋糕，因其清甜的滋味和独特的风味而深受喜爱。这种水果的色泽红润，质地硬实，切片后保持完整，适合在餐前或餐后享用。它的口感脆甜，富含汁液，能够为甜点带来丰富的层次和香气。||在这个游戏中，我们需要通过分析每位玩家的描述来找出卧底。通常，平民的描述会围绕相同的词语展开，而卧底的描述可能会因为词语的不同而显得不太一致。我们需要仔细比较每个描述之间的相似性和差异性，以找出可能的卧底，注意，卧底并不会隐藏自己，他会直接描述他的词语，现在，逐一分析每个玩家的描述，注意，这局游戏的词语分类为<水果>，卧底词和平民词都属于该类。||之前是第3轮描述和之前轮数描述的合集。你之前认为的卧底是玩家4。
2024-12-13 17:38:06,757 - 3 - INFO - **********PLAYER3**********
根据第3轮描述和之前的分析，我们可以看到以下情况：

- 玩家1、玩家3和玩家4的描述都提到了水果的色泽红润，质地硬实，切片后保持完整，适合在餐前或餐后享用，以及口感脆甜，富含汁液，能够为甜点带来丰富的层次和香气。
- 玩家2的描述提到了水果的皮薄易剥，汁水丰富，味道酸甜适中，适合作为小吃或者搭配甜点食用，以及在烹饪中常被用来增加风味，尤其在腌制或制作果酱时尤为突出。
- 玩家4的描述与玩家1和玩家3的描述在许多方面相似，但玩家4特别强调了水果的颜色鲜艳和独特的风味，这与苹果的描述不完全一致。

尽管玩家4的描述在颜色和风味上与其他玩家有所不同，但玩家1和玩家3的描述在许多关键特征上都非常相似，这表明他们可能是平民。玩家2的描述则与苹果的典型特征不太相符，因为它提到了酸味，而其他玩家没有提到。

因此，根据这些信息，如果之前认为玩家4是卧底，那么现在可能会有新的线索表明玩家2的描述与苹果的特征不太一致，尤其是关于酸味的提及。这可能会重新考虑卧底的身份。然而，最终的决定需要基于整个游戏过程中的描述和投票。
2024-12-13 17:38:06,758 - 3 - INFO - **********JUDGER**********
你刚刚的分析是根据第3轮描述和之前的分析，我们可以看到以下情况：

- 玩家1、玩家3和玩家4的描述都提到了水果的色泽红润，质地硬实，切片后保持完整，适合在餐前或餐后享用，以及口感脆甜，富含汁液，能够为甜点带来丰富的层次和香气。
- 玩家2的描述提到了水果的皮薄易剥，汁水丰富，味道酸甜适中，适合作为小吃或者搭配甜点食用，以及在烹饪中常被用来增加风味，尤其在腌制或制作果酱时尤为突出。
- 玩家4的描述与玩家1和玩家3的描述在许多方面相似，但玩家4特别强调了水果的颜色鲜艳和独特的风味，这与苹果的描述不完全一致。

尽管玩家4的描述在颜色和风味上与其他玩家有所不同，但玩家1和玩家3的描述在许多关键特征上都非常相似，这表明他们可能是平民。玩家2的描述则与苹果的典型特征不太相符，因为它提到了酸味，而其他玩家没有提到。

因此，根据这些信息，如果之前认为玩家4是卧底，那么现在可能会有新的线索表明玩家2的描述与苹果的特征不太一致，尤其是关于酸味的提及。这可能会重新考虑卧底的身份。然而，最终的决定需要基于整个游戏过程中的描述和投票。|| `请根据上述分析，比较描述以找出不一致之处，注意，这局游戏的词语分类为<水果>，卧底词和平民词都属于该类。
2024-12-13 17:38:20,611 - 3 - INFO - **********PLAYER3**********
根据上述分析，我们可以比较描述中的一致性和不一致之处如下：

一致性：
- 玩家1、玩家3和玩家4的描述都提到了水果的色泽红润、质地硬实、切片后保持完整、适合在餐前或餐后享用、口感脆甜、富含汁液以及能够为甜点带来丰富的层次和香气。

不一致之处：
- 玩家2的描述中提到了水果的皮薄易剥、汁水丰富、味道酸甜适中、适合作为小吃或搭配甜点食用，以及在烹饪中常被用来增加风味，尤其在腌制或制作果酱时尤为突出。这些描述中包含了酸味这一特征，而其他玩家的描述中没有提到酸味。

这些不一致之处表明玩家2的描述在酸味的提及上与其他玩家的描述有所不同，这可能与苹果这一水果的特征不完全一致。因此，玩家2的描述可能是卧底描述的特征。
2024-12-13 17:38:20,613 - 3 - INFO - **********JUDGER**********
你刚刚的分析是根据上述分析，我们可以比较描述中的一致性和不一致之处如下：

一致性：
- 玩家1、玩家3和玩家4的描述都提到了水果的色泽红润、质地硬实、切片后保持完整、适合在餐前或餐后享用、口感脆甜、富含汁液以及能够为甜点带来丰富的层次和香气。

不一致之处：
- 玩家2的描述中提到了水果的皮薄易剥、汁水丰富、味道酸甜适中、适合作为小吃或搭配甜点食用，以及在烹饪中常被用来增加风味，尤其在腌制或制作果酱时尤为突出。这些描述中包含了酸味这一特征，而其他玩家的描述中没有提到酸味。

这些不一致之处表明玩家2的描述在酸味的提及上与其他玩家的描述有所不同，这可能与苹果这一水果的特征不完全一致。因此，玩家2的描述可能是卧底描述的特征。|| 请通过你分析的不一致之处，推断卧底身份，注意，这局游戏的词语分类为<水果>，卧底词和平民词都属于该类。
2024-12-13 17:38:22,151 - 3 - INFO - **********PLAYER3**********
2
2024-12-13 17:38:22,152 - 3 - INFO - **********JUDGER**********
你刚刚的推断是2|| 基于你刚刚的推断得出你的最终结论，请输出你认为的卧底，在这种情况下只需要输出编号，是1-4中的某个数字，不要输出其他信息。在这个过程不要进行任何推理，只对||以前的部分进行信息提取
2024-12-13 17:38:23,484 - 3 - INFO - **********PLAYER3**********
2
