2024-12-13 17:32:35,804 - 4 - INFO - **********JUDGER**********
让我们来玩一个叫做<谁是卧底>的推理游戏。基本规则：<人数>：4人。<角色分配>：每位玩家随机抽取一个词语，3名玩家拿到的词语是相同的（平民词），1名玩家拿到与之相近但不同的词语（卧底词）。<游戏流程>：1、玩家轮流描述自己的词语，但<不能>直接说出词语本身。2、描述完毕后，投票选出最像卧底的玩家。3、每轮结束后，被投票选出的玩家出局，不能再进行描述或投票。4、每轮投票结束后，如果卧底被成功找出，平民方获胜；如果卧底未被找出且卧底人数等于或超过平民人数，则卧底方获胜。你将扮演一个<玩家>，请等待你被分配到的关键词。如果你听懂了，只回答，"好的，我准备好参加游戏了"，不要输出别的信息
2024-12-13 17:32:36,600 - 4 - INFO - **********PLAYER4**********
好的，我准备好参加游戏了
2024-12-13 17:32:40,981 - 4 - INFO - **********JUDGER**********
玩家1说：这个水果是红色的，有一个圆圆的形状，通常用来做水果沙拉或者果汁。在这个类别中，它可能因为甜味而显得特别。玩家2说：这个水果是橙色的，形状圆润，常见于水果沙拉或果汁中。它在同类中以其独特的酸味而知名。玩家3说：这个水果通常呈圆形，皮薄，多汁，味道清甜。它在同类中特别之处在于它的味道可能比其他水果更加浓郁，且可能含有较少的酸味。玩家4说：|| 你是第4号玩家，你的关键词是<苹果>。你的回答中绝对不能包含你的关键词<苹果>。这是第一轮描述，不需要分析||之前别的玩家的描述，请你描述关键词基本特征，注意，这局游戏的词语分类为<水果>，卧底词和平民词都属于该类，描述包括以下两点，1.他的基本特征是什么2.他在该类（水果）中最突出不同的特征是什么，尽量简短
2024-12-13 17:32:42,636 - 4 - INFO - **********PLAYER4**********
这个水果颜色鲜艳，质地多汁，常见于各种甜品和饮品中。它在同类中以其独特的风味和口感而受到喜爱。
2024-12-13 17:34:06,373 - 4 - INFO - **********JUDGER**********
玩家1说：这个水果是红色的，有一个圆圆的形状，通常用来做水果沙拉或者果汁。在这个类别中，它可能因为甜味而显得特别。玩家2说：这个水果是橙色的，形状圆润，常见于水果沙拉或果汁中。它在同类中以其独特的酸味而知名。玩家3说：这个水果通常呈圆形，皮薄，多汁，味道清甜。它在同类中特别之处在于它的味道可能比其他水果更加浓郁，且可能含有较少的酸味。玩家4说：||在这个游戏中，我们需要通过分析每位玩家的描述来找出卧底。通常，平民的描述会围绕相同的词语展开，而卧底的描述可能会因为词语的不同而显得不太一致。我们需要仔细比较每个描述之间的相似性和差异性，以找出可能的卧底，注意，卧底并不会隐藏自己，他会直接描述他的词语，现在，逐一分析每个玩家的描述，注意，这局游戏的词语分类为<水果>，卧底词和平民词都属于该类。这是第一轮描述。
2024-12-13 17:34:12,547 - 4 - INFO - **********PLAYER4**********
根据玩家1、玩家2和玩家3的描述，我们可以看到他们都在描述一种圆形、多汁、味道甜美的水果，这与苹果的特征非常吻合。然而，玩家4的描述中提到了“独特的风味和口感”，以及“味道可能比其他水果更加浓郁，且可能含有较少的酸味”，这些特点似乎与苹果的普遍特征有所不同，因为苹果通常既甜又略带酸味。

考虑到这些描述，玩家4的描述似乎与苹果的常见特征有所出入，这可能会引起怀疑。因此，玩家4可能是卧底。当然，这只是基于第一轮描述的分析，后续的描述可能会提供更多的线索。
2024-12-13 17:34:12,548 - 4 - INFO - **********JUDGER**********
你刚刚的分析是根据玩家1、玩家2和玩家3的描述，我们可以看到他们都在描述一种圆形、多汁、味道甜美的水果，这与苹果的特征非常吻合。然而，玩家4的描述中提到了“独特的风味和口感”，以及“味道可能比其他水果更加浓郁，且可能含有较少的酸味”，这些特点似乎与苹果的普遍特征有所不同，因为苹果通常既甜又略带酸味。

考虑到这些描述，玩家4的描述似乎与苹果的常见特征有所出入，这可能会引起怀疑。因此，玩家4可能是卧底。当然，这只是基于第一轮描述的分析，后续的描述可能会提供更多的线索。|| `请根据上述分析，比较描述以找出不一致之处，注意，这局游戏的词语分类为<水果>，卧底词和平民词都属于该类。
2024-12-13 17:34:24,730 - 4 - INFO - **********PLAYER4**********
根据上述分析，我们可以比较各玩家的描述以找出不一致之处：

1. 玩家1描述的特征：红色、圆形、用于沙拉或果汁、甜味。
2. 玩家2描述的特征：橙色、圆形、用于沙拉或果汁、酸味。
3. 玩家3描述的特征：圆形、皮薄、多汁、清甜、味道浓郁、酸味少。
4. 玩家4描述的特征：鲜艳颜色、多汁、常见于甜品和饮品、独特风味和口感、味道浓郁、酸味少。

不一致之处：

- 玩家2的描述中提到了“酸味”，而玩家1、玩家3和玩家4的描述中都没有明确提到酸味。
- 玩家4的描述中提到了“鲜艳颜色”和“常见于甜品和饮品”，这些特征在玩家1、玩家2和玩家3的描述中没有出现。
- 玩家3的描述中特别强调了“清甜”和“酸味少”，这与玩家4的描述中的“味道浓郁”和“酸味少”有相似之处，但玩家4没有提到“清甜”。

这些不一致之处可能表明玩家4的描述与苹果的常见特征有所不同，从而引起怀疑。因此，玩家4可能是卧底。然而，需要更多的信息来确认这一点。
2024-12-13 17:34:24,736 - 4 - INFO - **********JUDGER**********
你刚刚的分析是根据上述分析，我们可以比较各玩家的描述以找出不一致之处：

1. 玩家1描述的特征：红色、圆形、用于沙拉或果汁、甜味。
2. 玩家2描述的特征：橙色、圆形、用于沙拉或果汁、酸味。
3. 玩家3描述的特征：圆形、皮薄、多汁、清甜、味道浓郁、酸味少。
4. 玩家4描述的特征：鲜艳颜色、多汁、常见于甜品和饮品、独特风味和口感、味道浓郁、酸味少。

不一致之处：

- 玩家2的描述中提到了“酸味”，而玩家1、玩家3和玩家4的描述中都没有明确提到酸味。
- 玩家4的描述中提到了“鲜艳颜色”和“常见于甜品和饮品”，这些特征在玩家1、玩家2和玩家3的描述中没有出现。
- 玩家3的描述中特别强调了“清甜”和“酸味少”，这与玩家4的描述中的“味道浓郁”和“酸味少”有相似之处，但玩家4没有提到“清甜”。

这些不一致之处可能表明玩家4的描述与苹果的常见特征有所不同，从而引起怀疑。因此，玩家4可能是卧底。然而，需要更多的信息来确认这一点。|| 请通过你分析的不一致之处，推断卧底身份，注意，这局游戏的词语分类为<水果>，卧底词和平民词都属于该类。
2024-12-13 17:34:36,176 - 4 - INFO - **********PLAYER4**********
根据上述分析的不一致之处，我们可以进行以下推断：

1. 玩家2的描述中提到了“酸味”，而其他玩家没有提到这一点。在常见的圆形多汁甜味水果中，酸味通常不是主要特征，因此这一点可能表明玩家2的词语与苹果不同。

2. 玩家4的描述中提到了“鲜艳颜色”和“常见于甜品和饮品”，这些特征并不是所有水果共有的，特别是“鲜艳颜色”这个描述更倾向于某些特定品种的水果。

3. 玩家3和玩家4都提到了“味道浓郁”和“酸味少”，但玩家3还特别提到了“清甜”，而玩家4没有。这表明玩家3的描述可能更接近苹果的甜味特征。

综合这些信息，玩家4的描述中包含了一些与苹果特征不完全吻合的元素，如“鲜艳颜色”和“常见于甜品和饮品”，这可能意味着玩家4的词语不是苹果。而玩家2的描述中提到的“酸味”可能与苹果的甜酸平衡不符。

因此，基于这些不一致之处，玩家4可能是卧底，而玩家2也可能是卧底，因为他们的描述与苹果的典型特征有所不同。然而，如果必须选择一个，玩家4的描述中包含的特征与苹果的差异可能更大，所以玩家4可能是更可能的卧底。
2024-12-13 17:34:36,178 - 4 - INFO - **********JUDGER**********
你刚刚的推断是根据上述分析的不一致之处，我们可以进行以下推断：

1. 玩家2的描述中提到了“酸味”，而其他玩家没有提到这一点。在常见的圆形多汁甜味水果中，酸味通常不是主要特征，因此这一点可能表明玩家2的词语与苹果不同。

2. 玩家4的描述中提到了“鲜艳颜色”和“常见于甜品和饮品”，这些特征并不是所有水果共有的，特别是“鲜艳颜色”这个描述更倾向于某些特定品种的水果。

3. 玩家3和玩家4都提到了“味道浓郁”和“酸味少”，但玩家3还特别提到了“清甜”，而玩家4没有。这表明玩家3的描述可能更接近苹果的甜味特征。

综合这些信息，玩家4的描述中包含了一些与苹果特征不完全吻合的元素，如“鲜艳颜色”和“常见于甜品和饮品”，这可能意味着玩家4的词语不是苹果。而玩家2的描述中提到的“酸味”可能与苹果的甜酸平衡不符。

因此，基于这些不一致之处，玩家4可能是卧底，而玩家2也可能是卧底，因为他们的描述与苹果的典型特征有所不同。然而，如果必须选择一个，玩家4的描述中包含的特征与苹果的差异可能更大，所以玩家4可能是更可能的卧底。|| 基于你刚刚的推断得出你的最终结论，请输出你认为的卧底，在这种情况下只需要输出编号，是1-4中的某个数字，不要输出其他信息。在这个过程不要进行任何推理，只对||以前的部分进行信息提取
2024-12-13 17:34:37,855 - 4 - INFO - **********PLAYER4**********
4
2024-12-13 17:34:49,841 - 4 - INFO - **********JUDGER**********
玩家1说：这个水果是红色的，有一个圆圆的形状，通常用来做水果沙拉或者果汁。在这个类别中，它可能因为甜味而显得特别。这个水果的口感脆甜，富含汁液，非常适合切片食用或者作为甜点的一部分。它经常被用来制作各种甜点，比如派和蛋糕，因其独特的风味而受到广泛喜爱。玩家2说：这个水果是橙色的，形状圆润，常见于水果沙拉或果汁中。它在同类中以其独特的酸味而知名。这个水果的皮薄易剥，汁水丰富，味道酸甜适中，非常适合作为小吃或者搭配甜点食用。它在烹饪中常被用来增加风味，尤其在腌制或制作果酱时尤为突出。玩家3说：这个水果通常呈圆形，皮薄，多汁，味道清甜。它在同类中特别之处在于它的味道可能比其他水果更加浓郁，且可能含有较少的酸味。这种水果的色泽红润，口感脆爽，汁液丰富，非常适合直接食用或者作为甜品的一部分。它在烘焙和甜点制作中尤为受欢迎，常用于制作派、蛋糕等，因其清甜的滋味而受到广泛喜爱。玩家4说：这个水果颜色鲜艳，质地多汁，常见于各种甜品和饮品中。它在同类中以其独特的风味和口感而受到喜爱。你是第4号玩家，你的关键词是<苹果>。你的回答中绝对不能包含你的关键词<苹果>。这是第二轮描述，你之前的描述是这个水果颜色鲜艳，质地多汁，常见于各种甜品和饮品中。它在同类中以其独特的风味和口感而受到喜爱。，注意，这局游戏的词语分类为<水果>，卧底词和平民词都属于该类，请你补充关于关键词的描述，注意，你的描述应该比起之前的描述更加贴近关键词，作为之前的补充
2024-12-13 17:34:54,844 - 4 - INFO - **********PLAYER4**********
这个水果是圆形的，皮薄易剥，汁液丰富，口感脆甜。它不仅适合直接食用，还常用于制作各种甜点，如派和蛋糕，因其清甜的滋味和独特的风味而深受喜爱。
2024-12-13 17:36:12,464 - 4 - INFO - **********JUDGER**********
玩家1说：这个水果是红色的，有一个圆圆的形状，通常用来做水果沙拉或者果汁。在这个类别中，它可能因为甜味而显得特别。这个水果的口感脆甜，富含汁液，非常适合切片食用或者作为甜点的一部分。它经常被用来制作各种甜点，比如派和蛋糕，因其独特的风味而受到广泛喜爱。玩家2说：这个水果是橙色的，形状圆润，常见于水果沙拉或果汁中。它在同类中以其独特的酸味而知名。这个水果的皮薄易剥，汁水丰富，味道酸甜适中，非常适合作为小吃或者搭配甜点食用。它在烹饪中常被用来增加风味，尤其在腌制或制作果酱时尤为突出。玩家3说：这个水果通常呈圆形，皮薄，多汁，味道清甜。它在同类中特别之处在于它的味道可能比其他水果更加浓郁，且可能含有较少的酸味。这种水果的色泽红润，口感脆爽，汁液丰富，非常适合直接食用或者作为甜品的一部分。它在烘焙和甜点制作中尤为受欢迎，常用于制作派、蛋糕等，因其清甜的滋味而受到广泛喜爱。玩家4说：这个水果颜色鲜艳，质地多汁，常见于各种甜品和饮品中。它在同类中以其独特的风味和口感而受到喜爱。||在这个游戏中，我们需要通过分析每位玩家的描述来找出卧底。通常，平民的描述会围绕相同的词语展开，而卧底的描述可能会因为词语的不同而显得不太一致。我们需要仔细比较每个描述之间的相似性和差异性，以找出可能的卧底，注意，卧底并不会隐藏自己，他会直接描述他的词语，现在，逐一分析每个玩家的描述，注意，这局游戏的词语分类为<水果>，卧底词和平民词都属于该类。||之前是第2轮描述和之前轮数描述的合集。你之前认为的卧底是玩家4。
2024-12-13 17:36:13,449 - 4 - INFO - **********PLAYER4**********
玩家4
2024-12-13 17:36:13,449 - 4 - INFO - **********JUDGER**********
你刚刚的分析是玩家4|| `请根据上述分析，比较描述以找出不一致之处，注意，这局游戏的词语分类为<水果>，卧底词和平民词都属于该类。
2024-12-13 17:36:24,801 - 4 - INFO - **********PLAYER4**********
根据上述分析，以下是不一致之处：

1. 玩家1、玩家3和玩家4的描述都提到了水果的甜味和用于甜点，而玩家2的描述中强调了水果的酸味和酸甜适中，这与其他玩家的描述有所不同。

2. 玩家2的描述中特别提到了水果的皮薄易剥，汁水丰富，味道酸甜适中，适合作为小吃或搭配甜点食用，这在其他玩家的描述中没有明确提及。

3. 玩家1和玩家3的描述中都提到了水果的色泽红润，而玩家2和玩家4没有提到这一点。

4. 玩家2的描述中提到了水果在腌制或制作果酱时尤为突出，这是一个与其他玩家描述中未提及的特定用途。

这些不一致之处表明玩家2的描述可能与其他玩家的描述不太一致，尤其是在酸味和用途的描述上，这可能与卧底的身份相符。因此，玩家2可能是卧底。
2024-12-13 17:36:24,802 - 4 - INFO - **********JUDGER**********
你刚刚的分析是根据上述分析，以下是不一致之处：

1. 玩家1、玩家3和玩家4的描述都提到了水果的甜味和用于甜点，而玩家2的描述中强调了水果的酸味和酸甜适中，这与其他玩家的描述有所不同。

2. 玩家2的描述中特别提到了水果的皮薄易剥，汁水丰富，味道酸甜适中，适合作为小吃或搭配甜点食用，这在其他玩家的描述中没有明确提及。

3. 玩家1和玩家3的描述中都提到了水果的色泽红润，而玩家2和玩家4没有提到这一点。

4. 玩家2的描述中提到了水果在腌制或制作果酱时尤为突出，这是一个与其他玩家描述中未提及的特定用途。

这些不一致之处表明玩家2的描述可能与其他玩家的描述不太一致，尤其是在酸味和用途的描述上，这可能与卧底的身份相符。因此，玩家2可能是卧底。|| 请通过你分析的不一致之处，推断卧底身份，注意，这局游戏的词语分类为<水果>，卧底词和平民词都属于该类。
2024-12-13 17:36:46,336 - 4 - INFO - **********PLAYER4**********
根据各位玩家的描述，我们可以分析如下：

- 玩家1的描述提到了一个红色的圆形水果，通常用于水果沙拉或果汁，并且可能因为甜味而显得特别。
- 玩家2的描述提到了一个橙色的圆形水果，形状圆润，常见于水果沙拉或果汁中，以其独特的酸味而知名。
- 玩家3的描述提到了一个圆形的水果，皮薄，多汁，味道清甜，可能比其他水果更加浓郁，且含有较少的酸味。

这三个玩家的描述都指向了水果的基本特征，但没有一个明确指出具体的种类。然而，玩家4的描述中没有给出任何关于水果的具体信息，只是简单地提到了“独特的风味和口感”。

基于这些描述，玩家4的描述似乎与前三名玩家的描述不太一致，因为他没有提供关于水果的具体特征。这可能表明玩家4的词语与前三名玩家不同，因此玩家4可能是卧底。然而，这也可能是玩家4故意模糊描述以隐藏自己的身份。因此，我们需要更多的信息或者进一步的描述来确定玩家4是否真的是卧底。
2024-12-13 17:36:46,338 - 4 - INFO - **********JUDGER**********
你刚刚的推断是根据各位玩家的描述，我们可以分析如下：

- 玩家1的描述提到了一个红色的圆形水果，通常用于水果沙拉或果汁，并且可能因为甜味而显得特别。
- 玩家2的描述提到了一个橙色的圆形水果，形状圆润，常见于水果沙拉或果汁中，以其独特的酸味而知名。
- 玩家3的描述提到了一个圆形的水果，皮薄，多汁，味道清甜，可能比其他水果更加浓郁，且含有较少的酸味。

这三个玩家的描述都指向了水果的基本特征，但没有一个明确指出具体的种类。然而，玩家4的描述中没有给出任何关于水果的具体信息，只是简单地提到了“独特的风味和口感”。

基于这些描述，玩家4的描述似乎与前三名玩家的描述不太一致，因为他没有提供关于水果的具体特征。这可能表明玩家4的词语与前三名玩家不同，因此玩家4可能是卧底。然而，这也可能是玩家4故意模糊描述以隐藏自己的身份。因此，我们需要更多的信息或者进一步的描述来确定玩家4是否真的是卧底。|| 基于你刚刚的推断得出你的最终结论，请输出你认为的卧底，在这种情况下只需要输出编号，是1-4中的某个数字，不要输出其他信息。在这个过程不要进行任何推理，只对||以前的部分进行信息提取
2024-12-13 17:36:47,820 - 4 - INFO - **********PLAYER4**********
4
2024-12-13 17:36:58,636 - 4 - INFO - **********JUDGER**********
玩家1说：这个水果是红色的，有一个圆圆的形状，通常用来做水果沙拉或者果汁。在这个类别中，它可能因为甜味而显得特别。这个水果的口感脆甜，富含汁液，非常适合切片食用或者作为甜点的一部分。它经常被用来制作各种甜点，比如派和蛋糕，因其独特的风味而受到广泛喜爱。这种水果在阳光照耀下呈现出诱人的光泽，它的质地硬实，切片后保持完整，适合在餐前或餐后享用，不仅能提供清新的口感，还能增添餐点的色彩。它也是烘焙中的常用食材，尤其是制作派和蛋糕时，能够为甜点带来丰富的层次和香气。玩家2说：这个水果是橙色的，形状圆润，常见于水果沙拉或果汁中。它在同类中以其独特的酸味而知名。这个水果的皮薄易剥，汁水丰富，味道酸甜适中，非常适合作为小吃或者搭配甜点食用。它在烹饪中常被用来增加风味，尤其在腌制或制作果酱时尤为突出。这个水果的汁液酸甜适中，皮薄易剥，非常适合作为小吃或者搭配甜点食用。它在烹饪中常被用来增加风味，尤其在腌制或制作果酱时尤为突出。玩家3说：这个水果通常呈圆形，皮薄，多汁，味道清甜。它在同类中特别之处在于它的味道可能比其他水果更加浓郁，且可能含有较少的酸味。这种水果的色泽红润，口感脆爽，汁液丰富，非常适合直接食用或者作为甜品的一部分。它在烘焙和甜点制作中尤为受欢迎，常用于制作派、蛋糕等，因其清甜的滋味而受到广泛喜爱。这种水果的色泽鲜艳，皮薄肉厚，汁水充沛，口感脆中带甜。它在烹饪中是派和蛋糕等甜点的常用食材，因其清甜的口感和丰富的层次而受到喜爱。玩家4说：这个水果颜色鲜艳，质地多汁，常见于各种甜品和饮品中。它在同类中以其独特的风味和口感而受到喜爱。这个水果是圆形的，皮薄易剥，汁液丰富，口感脆甜。它不仅适合直接食用，还常用于制作各种甜点，如派和蛋糕，因其清甜的滋味和独特的风味而深受喜爱。你是第4号玩家，你的关键词是<苹果>。你的回答中绝对不能包含你的关键词<苹果>。这是第三轮描述，你之前的描述是这个水果颜色鲜艳，质地多汁，常见于各种甜品和饮品中。它在同类中以其独特的风味和口感而受到喜爱。和这个水果是圆形的，皮薄易剥，汁液丰富，口感脆甜。它不仅适合直接食用，还常用于制作各种甜点，如派和蛋糕，因其清甜的滋味和独特的风味而深受喜爱。，注意，这局游戏的词语分类为<水果>，卧底词和平民词都属于该类，请你补充关于关键词的描述，注意，你的描述应该比起之前的描述更加贴近关键词，作为之前的补充
2024-12-13 17:37:01,362 - 4 - INFO - **********PLAYER4**********
这种水果的色泽红润，质地硬实，切片后保持完整，适合在餐前或餐后享用。它的口感脆甜，富含汁液，能够为甜点带来丰富的层次和香气。
2024-12-13 17:38:23,485 - 4 - INFO - **********JUDGER**********
玩家1说：这个水果是红色的，有一个圆圆的形状，通常用来做水果沙拉或者果汁。在这个类别中，它可能因为甜味而显得特别。这个水果的口感脆甜，富含汁液，非常适合切片食用或者作为甜点的一部分。它经常被用来制作各种甜点，比如派和蛋糕，因其独特的风味而受到广泛喜爱。这种水果在阳光照耀下呈现出诱人的光泽，它的质地硬实，切片后保持完整，适合在餐前或餐后享用，不仅能提供清新的口感，还能增添餐点的色彩。它也是烘焙中的常用食材，尤其是制作派和蛋糕时，能够为甜点带来丰富的层次和香气。玩家2说：这个水果是橙色的，形状圆润，常见于水果沙拉或果汁中。它在同类中以其独特的酸味而知名。这个水果的皮薄易剥，汁水丰富，味道酸甜适中，非常适合作为小吃或者搭配甜点食用。它在烹饪中常被用来增加风味，尤其在腌制或制作果酱时尤为突出。这个水果的汁液酸甜适中，皮薄易剥，非常适合作为小吃或者搭配甜点食用。它在烹饪中常被用来增加风味，尤其在腌制或制作果酱时尤为突出。玩家3说：这个水果通常呈圆形，皮薄，多汁，味道清甜。它在同类中特别之处在于它的味道可能比其他水果更加浓郁，且可能含有较少的酸味。这种水果的色泽红润，口感脆爽，汁液丰富，非常适合直接食用或者作为甜品的一部分。它在烘焙和甜点制作中尤为受欢迎，常用于制作派、蛋糕等，因其清甜的滋味而受到广泛喜爱。这种水果的色泽鲜艳，皮薄肉厚，汁水充沛，口感脆中带甜。它在烹饪中是派和蛋糕等甜点的常用食材，因其清甜的口感和丰富的层次而受到喜爱。玩家4说：这个水果颜色鲜艳，质地多汁，常见于各种甜品和饮品中。它在同类中以其独特的风味和口感而受到喜爱。这个水果是圆形的，皮薄易剥，汁液丰富，口感脆甜。它不仅适合直接食用，还常用于制作各种甜点，如派和蛋糕，因其清甜的滋味和独特的风味而深受喜爱。这种水果的色泽红润，质地硬实，切片后保持完整，适合在餐前或餐后享用。它的口感脆甜，富含汁液，能够为甜点带来丰富的层次和香气。||在这个游戏中，我们需要通过分析每位玩家的描述来找出卧底。通常，平民的描述会围绕相同的词语展开，而卧底的描述可能会因为词语的不同而显得不太一致。我们需要仔细比较每个描述之间的相似性和差异性，以找出可能的卧底，注意，卧底并不会隐藏自己，他会直接描述他的词语，现在，逐一分析每个玩家的描述，注意，这局游戏的词语分类为<水果>，卧底词和平民词都属于该类。||之前是第3轮描述和之前轮数描述的合集。你之前认为的卧底是玩家4。
2024-12-13 17:38:24,896 - 4 - INFO - **********PLAYER4**********
玩家4
2024-12-13 17:38:24,896 - 4 - INFO - **********JUDGER**********
你刚刚的分析是玩家4|| `请根据上述分析，比较描述以找出不一致之处，注意，这局游戏的词语分类为<水果>，卧底词和平民词都属于该类。
2024-12-13 17:38:33,811 - 4 - INFO - **********PLAYER4**********
在比较四位玩家的描述后，以下是不一致之处：

1. 玩家1和玩家3的描述中都提到了水果在阳光照耀下呈现出诱人的光泽，以及质地硬实，切片后保持完整。玩家4的描述中也有类似的提及，但玩家2没有提到这些特征。

2. 玩家2的描述中特别强调了水果的酸味，这是玩家1、玩家3和玩家4的描述中没有提到的。

3. 玩家1和玩家3的描述中都提到了水果经常被用来制作派和蛋糕，而玩家4也提到了这一点，但玩家2没有明确提及这一点。

4. 玩家2的描述中重复提到了水果在烹饪中增加风味，尤其在腌制或制作果酱时突出，而其他玩家的描述中没有这样的重复。

这些不一致之处表明玩家2的描述与其他玩家的描述在某些关键特征上有所不同，特别是关于水果的酸味和烹饪用途的强调，这可能与卧底的身份相符。因此，玩家2可能是卧底。
2024-12-13 17:38:33,818 - 4 - INFO - **********JUDGER**********
你刚刚的分析是在比较四位玩家的描述后，以下是不一致之处：

1. 玩家1和玩家3的描述中都提到了水果在阳光照耀下呈现出诱人的光泽，以及质地硬实，切片后保持完整。玩家4的描述中也有类似的提及，但玩家2没有提到这些特征。

2. 玩家2的描述中特别强调了水果的酸味，这是玩家1、玩家3和玩家4的描述中没有提到的。

3. 玩家1和玩家3的描述中都提到了水果经常被用来制作派和蛋糕，而玩家4也提到了这一点，但玩家2没有明确提及这一点。

4. 玩家2的描述中重复提到了水果在烹饪中增加风味，尤其在腌制或制作果酱时突出，而其他玩家的描述中没有这样的重复。

这些不一致之处表明玩家2的描述与其他玩家的描述在某些关键特征上有所不同，特别是关于水果的酸味和烹饪用途的强调，这可能与卧底的身份相符。因此，玩家2可能是卧底。|| 请通过你分析的不一致之处，推断卧底身份，注意，这局游戏的词语分类为<水果>，卧底词和平民词都属于该类。
2024-12-13 17:38:35,509 - 4 - INFO - **********PLAYER4**********
2
2024-12-13 17:38:35,510 - 4 - INFO - **********JUDGER**********
你刚刚的推断是2|| 基于你刚刚的推断得出你的最终结论，请输出你认为的卧底，在这种情况下只需要输出编号，是1-4中的某个数字，不要输出其他信息。在这个过程不要进行任何推理，只对||以前的部分进行信息提取
2024-12-13 17:38:36,837 - 4 - INFO - **********PLAYER4**********
2
