2024-12-13 15:32:17,210 - 2 - INFO - **********JUDGER**********
让我们来玩一个叫做<谁是卧底>的推理游戏。基本规则：<人数>：4人。<角色分配>：每位玩家随机抽取一个词语，3名玩家拿到的词语是相同的（平民词），1名玩家拿到与之相近但不同的词语（卧底词）。<游戏流程>：1、玩家轮流描述自己的词语，但<不能>直接说出词语本身。2、描述完毕后，投票选出最像卧底的玩家。3、每轮结束后，被投票选出的玩家出局，不能再进行描述或投票。4、每轮投票结束后，如果卧底被成功找出，平民方获胜；如果卧底未被找出且卧底人数等于或超过平民人数，则卧底方获胜。你将扮演一个<玩家>，请等待你被分配到的关键词。如果你听懂了，只回答，"好的，我准备好参加游戏了"，不要输出别的信息
2024-12-13 15:32:18,766 - 2 - INFO - **********PLAYER2**********
好的，我准备好参加游戏了
2024-12-13 15:32:28,493 - 2 - INFO - **********JUDGER**********
玩家1说：这是一种球体，通常用于网球场上的团队运动，其特征是弹性好，适合在空中进行多次击打。在体育用品中，它以其独特的尺寸和重量而著称。玩家2说：玩家3说：玩家4说：|| 你是第2号玩家，你的关键词是<排球>。你的回答中绝对不能包含你的关键词<排球>。这是第一轮描述，不需要分析||之前别的玩家的描述，请你描述关键词基本特征，注意，这局游戏的词语分类为<体育用品>，卧底词和平民词都属于该类，描述包括以下两点，1.他的基本特征是什么2.他在该类（体育用品）中最突出不同的特征是什么，尽量简短
2024-12-13 15:32:32,057 - 2 - INFO - **********PLAYER2**********
这是一种圆球形的体育用品，通常用于团队比赛，具有很好的弹性，可以在空中进行多次击打。它在同类体育用品中以其标准尺寸和重量而闻名，是许多团队运动中不可或缺的道具。与其他类似的球类相比，它在材质和制作工艺上有所不同，确保了其独特的性能。
2024-12-13 15:33:17,691 - 2 - INFO - **********JUDGER**********
玩家1说：这是一种球体，通常用于网球场上的团队运动，其特征是弹性好，适合在空中进行多次击打。在体育用品中，它以其独特的尺寸和重量而著称。玩家2说：这是一种圆球形的体育用品，通常用于团队比赛，具有很好的弹性，可以在空中进行多次击打。它在同类体育用品中以其标准尺寸和重量而闻名，是许多团队运动中不可或缺的道具。与其他类似的球类相比，它在材质和制作工艺上有所不同，确保了其独特的性能。玩家3说：这是一种球体，具有标准尺寸和重量，专为团队运动设计，材质和制作工艺确保了其独特的弹性和耐用性。与其他球类相比，它在重量和弹性上有所不同，适合在比赛中进行多次击打。玩家4说：||在这个游戏中，我们需要通过分析每位玩家的描述来找出卧底。通常，平民的描述会围绕相同的词语展开，而卧底的描述可能会因为词语的不同而显得不太一致。我们需要仔细比较每个描述之间的相似性和差异性，以找出可能的卧底，注意，卧底并不会隐藏自己，他会直接描述他的词语，现在，逐一分析每个玩家的描述，注意，这局游戏的词语分类为<体育用品>，卧底词和平民词都属于该类。这是第一轮描述。
2024-12-13 15:33:26,407 - 2 - INFO - **********PLAYER2**********
作为玩家2，我的回答将会是这样的：

玩家1和玩家2的描述非常相似，都强调了球体的弹性、尺寸和重量，以及它在网球运动中的应用。玩家3的描述与前面两位玩家也较为一致，提到了球体的尺寸、重量、弹性和耐用性，以及它在团队运动中的角色。然而，玩家4的描述并没有直接提及球体的具体特征，而是更多地强调了游戏规则和描述分析的方法。

根据这些描述，玩家4的描述与前三位的描述在内容上有所不同，他似乎更专注于游戏规则而非球体的特征。这可能表明玩家4可能是卧底，因为他的描述没有围绕球体的特征展开，而是引入了与游戏策略相关的内容。不过，由于卧底并不会直接隐藏自己，他可能会在后续的描述中更加明显地展示与平民不同的特征。因此，我会密切关注玩家4在接下来的描述中是否会出现与前面描述不一致的地方。
2024-12-13 15:33:26,407 - 2 - INFO - **********JUDGER**********
你刚刚的分析是作为玩家2，我的回答将会是这样的：

玩家1和玩家2的描述非常相似，都强调了球体的弹性、尺寸和重量，以及它在网球运动中的应用。玩家3的描述与前面两位玩家也较为一致，提到了球体的尺寸、重量、弹性和耐用性，以及它在团队运动中的角色。然而，玩家4的描述并没有直接提及球体的具体特征，而是更多地强调了游戏规则和描述分析的方法。

根据这些描述，玩家4的描述与前三位的描述在内容上有所不同，他似乎更专注于游戏规则而非球体的特征。这可能表明玩家4可能是卧底，因为他的描述没有围绕球体的特征展开，而是引入了与游戏策略相关的内容。不过，由于卧底并不会直接隐藏自己，他可能会在后续的描述中更加明显地展示与平民不同的特征。因此，我会密切关注玩家4在接下来的描述中是否会出现与前面描述不一致的地方。|| `请根据上述分析，比较描述以找出不一致之处，注意，这局游戏的词语分类为<体育用品>，卧底词和平民词都属于该类。
2024-12-13 15:33:35,613 - 2 - INFO - **********PLAYER2**********
根据上述分析，我们可以比较四位玩家的描述，寻找不一致之处：

1. 玩家1、玩家2和玩家3的描述都集中在球体的基本特征上，如弹性、尺寸、重量以及它们在团队运动中的应用。这些描述都是围绕同一个词语展开的，即一个特定的球体。

2. 玩家4的描述则偏离了这个主题，他没有提到球体的具体特征，而是转而讨论了游戏规则和描述分析的方法。这一点与玩家1、2和3的描述明显不同，因为他们都在描述一个具体的体育用品。

不一致之处在于：
- 玩家1、2和3的描述都聚焦于球体的物理特性和运动用途。
- 玩家4的描述则没有提到球体的任何物理特性，而是讨论了游戏策略。

这种不一致性表明玩家4的描述可能与其他玩家不同，可能是卧底。卧底可能会故意使用不同的描述方式来隐藏自己的真实身份。因此，玩家4的描述在词语分类<体育用品>的背景下显得尤为可疑。
2024-12-13 15:33:35,617 - 2 - INFO - **********JUDGER**********
你刚刚的分析是根据上述分析，我们可以比较四位玩家的描述，寻找不一致之处：

1. 玩家1、玩家2和玩家3的描述都集中在球体的基本特征上，如弹性、尺寸、重量以及它们在团队运动中的应用。这些描述都是围绕同一个词语展开的，即一个特定的球体。

2. 玩家4的描述则偏离了这个主题，他没有提到球体的具体特征，而是转而讨论了游戏规则和描述分析的方法。这一点与玩家1、2和3的描述明显不同，因为他们都在描述一个具体的体育用品。

不一致之处在于：
- 玩家1、2和3的描述都聚焦于球体的物理特性和运动用途。
- 玩家4的描述则没有提到球体的任何物理特性，而是讨论了游戏策略。

这种不一致性表明玩家4的描述可能与其他玩家不同，可能是卧底。卧底可能会故意使用不同的描述方式来隐藏自己的真实身份。因此，玩家4的描述在词语分类<体育用品>的背景下显得尤为可疑。|| 请通过你分析的不一致之处，推断卧底身份，注意，这局游戏的词语分类为<体育用品>，卧底词和平民词都属于该类。
2024-12-13 15:33:46,696 - 2 - INFO - **********PLAYER2**********
根据分析中提到的不一致之处，我们可以推断以下信息：

- 玩家1、玩家2和玩家3的描述都指向了同一个体育用品类别，即球体，并且具体描述了该球体的物理特征和其在运动中的应用。
- 玩家4的描述则没有提到任何球体的具体特征，而是转而讨论了游戏规则和描述分析的方法。

由于游戏规则要求卧底词和平民词都属于同一类别，即<体育用品>，而玩家4的描述与球体特征无关，这表明玩家4的描述可能与球体这一类别不符，或者至少在描述上与平民玩家的描述不一致。

因此，结合以上信息，玩家4可能是卧底，因为他没有遵循其他玩家围绕球体特征进行描述的常规，而是引入了与游戏策略相关的讨论，这与他所在类别的词语（体育用品）没有直接关联。这表明玩家4可能持有的是与球体不同的体育用品，或者他的描述策略是为了误导其他玩家。
2024-12-13 15:33:46,699 - 2 - INFO - **********JUDGER**********
你刚刚的推断是根据分析中提到的不一致之处，我们可以推断以下信息：

- 玩家1、玩家2和玩家3的描述都指向了同一个体育用品类别，即球体，并且具体描述了该球体的物理特征和其在运动中的应用。
- 玩家4的描述则没有提到任何球体的具体特征，而是转而讨论了游戏规则和描述分析的方法。

由于游戏规则要求卧底词和平民词都属于同一类别，即<体育用品>，而玩家4的描述与球体特征无关，这表明玩家4的描述可能与球体这一类别不符，或者至少在描述上与平民玩家的描述不一致。

因此，结合以上信息，玩家4可能是卧底，因为他没有遵循其他玩家围绕球体特征进行描述的常规，而是引入了与游戏策略相关的讨论，这与他所在类别的词语（体育用品）没有直接关联。这表明玩家4可能持有的是与球体不同的体育用品，或者他的描述策略是为了误导其他玩家。|| 基于你刚刚的推断得出你的最终结论，请输出你认为的卧底，在这种情况下只需要输出编号，是1-4中的某个数字，不要输出其他信息。在这个过程不要进行任何推理，只对||以前的部分进行信息提取
2024-12-13 15:33:47,431 - 2 - INFO - **********PLAYER2**********
4
2024-12-13 15:35:57,438 - 2 - INFO - **********JUDGER**********
玩家1说：这是一种球体，通常用于网球场上的团队运动，其特征是弹性好，适合在空中进行多次击打。在体育用品中，它以其独特的尺寸和重量而著称。这个球体在体育用品中以其特定的用途而知名，它的大小和重量经过精确设计，以便在网前进行精准的击打和拦网。它的表面处理增加了抓地力，使得球在空中飞行时更加稳定。玩家2说：这是一种圆球形的体育用品，通常用于团队比赛，具有很好的弹性，可以在空中进行多次击打。它在同类体育用品中以其标准尺寸和重量而闻名，是许多团队运动中不可或缺的道具。与其他类似的球类相比，它在材质和制作工艺上有所不同，确保了其独特的性能。玩家3说：这是一种球体，具有标准尺寸和重量，专为团队运动设计，材质和制作工艺确保了其独特的弹性和耐用性。与其他球类相比，它在重量和弹性上有所不同，适合在比赛中进行多次击打。玩家4说：这是一种球体，主要用于团队运动，具有标准尺寸和重量，材质坚固，弹性和耐用性出色。与同类球类相比，它在重量和弹性上有所不同，适合进行多次击打。你是第2号玩家，你的关键词是<排球>。你的回答中绝对不能包含你的关键词<排球>。这是第二轮描述，你之前的描述是这是一种圆球形的体育用品，通常用于团队比赛，具有很好的弹性，可以在空中进行多次击打。它在同类体育用品中以其标准尺寸和重量而闻名，是许多团队运动中不可或缺的道具。与其他类似的球类相比，它在材质和制作工艺上有所不同，确保了其独特的性能。，注意，这局游戏的词语分类为<体育用品>，卧底词和平民词都属于该类，请你补充关于关键词的描述，注意，你的描述应该比起之前的描述更加贴近关键词，作为之前的补充
2024-12-13 15:36:02,123 - 2 - INFO - **********PLAYER2**********
这是一种球体，设计用于特定的团队运动，它的表面处理和材质使其在空中飞行时非常稳定，且易于控制。它的大小和重量经过精心设计，以适应特定的运动需求，确保了在比赛中能够进行有效的击打和拦网。与其他同类体育用品相比，它在耐用性和手感上具有显著优势。
2024-12-13 15:36:59,111 - 2 - INFO - **********JUDGER**********
玩家1说：这是一种球体，通常用于网球场上的团队运动，其特征是弹性好，适合在空中进行多次击打。在体育用品中，它以其独特的尺寸和重量而著称。这个球体在体育用品中以其特定的用途而知名，它的大小和重量经过精确设计，以便在网前进行精准的击打和拦网。它的表面处理增加了抓地力，使得球在空中飞行时更加稳定。玩家2说：这是一种圆球形的体育用品，通常用于团队比赛，具有很好的弹性，可以在空中进行多次击打。它在同类体育用品中以其标准尺寸和重量而闻名，是许多团队运动中不可或缺的道具。与其他类似的球类相比，它在材质和制作工艺上有所不同，确保了其独特的性能。这是一种球体，设计用于特定的团队运动，它的表面处理和材质使其在空中飞行时非常稳定，且易于控制。它的大小和重量经过精心设计，以适应特定的运动需求，确保了在比赛中能够进行有效的击打和拦网。与其他同类体育用品相比，它在耐用性和手感上具有显著优势。玩家3说：这是一种球体，具有标准尺寸和重量，专为团队运动设计，材质和制作工艺确保了其独特的弹性和耐用性。与其他球类相比，它在重量和弹性上有所不同，适合在比赛中进行多次击打。这种球体在空中飞行时非常稳定，其表面处理增加了摩擦力，使得球在网前能够更好地控制。它的大小和重量经过精确计算，以适应网前快速移动和精准打击的要求。此外，这种球体的设计注重耐用性，能够在高强度的比赛中保持良好的性能。玩家4说：这是一种球体，主要用于团队运动，具有标准尺寸和重量，材质坚固，弹性和耐用性出色。与同类球类相比，它在重量和弹性上有所不同，适合进行多次击打。||在这个游戏中，我们需要通过分析每位玩家的描述来找出卧底。通常，平民的描述会围绕相同的词语展开，而卧底的描述可能会因为词语的不同而显得不太一致。我们需要仔细比较每个描述之间的相似性和差异性，以找出可能的卧底，注意，卧底并不会隐藏自己，他会直接描述他的词语，现在，逐一分析每个玩家的描述，注意，这局游戏的词语分类为<体育用品>，卧底词和平民词都属于该类。||之前是第2轮描述和之前轮数描述的合集。你之前认为的卧底是玩家4。
2024-12-13 15:37:04,198 - 2 - INFO - **********PLAYER2**********
4

根据之前的描述，玩家4的描述与其他玩家的描述在内容和重点上存在明显差异。其他玩家的描述集中在球体的物理特征和其在体育用品中的用途，而玩家4的描述则更偏向于描述游戏规则和策略。因此，根据这种描述方式的不同，我们可以推断玩家4可能是卧底。在接下来的描述中，如果玩家4继续偏离球体的物理特征和用途，那么这个推断将会得到加强。
2024-12-13 15:37:04,199 - 2 - INFO - **********JUDGER**********
你刚刚的分析是4

根据之前的描述，玩家4的描述与其他玩家的描述在内容和重点上存在明显差异。其他玩家的描述集中在球体的物理特征和其在体育用品中的用途，而玩家4的描述则更偏向于描述游戏规则和策略。因此，根据这种描述方式的不同，我们可以推断玩家4可能是卧底。在接下来的描述中，如果玩家4继续偏离球体的物理特征和用途，那么这个推断将会得到加强。|| `请根据上述分析，比较描述以找出不一致之处，注意，这局游戏的词语分类为<体育用品>，卧底词和平民词都属于该类。
2024-12-13 15:37:21,848 - 2 - INFO - **********PLAYER2**********
根据上述分析，我们可以比较四位玩家的描述，寻找以下不一致之处：

1. 玩家1的描述强调了球体在网球运动中的应用，其尺寸、重量和表面处理对其在网前的精准击打和拦网的重要性。

2. 玩家2的描述提到了球体的弹性、尺寸和重量，以及它在材质和制作工艺上的独特性，但没有明确指出具体的运动。

3. 玩家3的描述也提到了球体的标准尺寸和重量，以及它的弹性和耐用性，特别强调了它在重量和弹性上的不同，适合在比赛中进行多次击打，并且表面处理增加了摩擦力。

4. 玩家4的描述与前三者相比，虽然也提到了球体的尺寸、重量、弹性和耐用性，但没有明确指出球体用于哪种特定的运动，而是强调了球体在重量和弹性上的不同，适合进行多次击打，并且表面处理增加了摩擦力。

不一致之处在于：

- 玩家1、2和3的描述都指向了特定的运动（网球、团队比赛、团队运动），而玩家4的描述没有明确指出具体的运动。

- 玩家4的描述虽然提到了球体的物理特征，但没有像其他玩家那样强调这些特征在特定运动中的用途。

这些不一致之处表明玩家4的描述可能与其他玩家的描述有所不同，可能是因为他的关键词与球体相关，但与玩家1、2和3所描述的特定球体不同。因此，玩家4的描述可能需要进一步分析以确定他是否是卧底。
2024-12-13 15:37:21,850 - 2 - INFO - **********JUDGER**********
你刚刚的分析是根据上述分析，我们可以比较四位玩家的描述，寻找以下不一致之处：

1. 玩家1的描述强调了球体在网球运动中的应用，其尺寸、重量和表面处理对其在网前的精准击打和拦网的重要性。

2. 玩家2的描述提到了球体的弹性、尺寸和重量，以及它在材质和制作工艺上的独特性，但没有明确指出具体的运动。

3. 玩家3的描述也提到了球体的标准尺寸和重量，以及它的弹性和耐用性，特别强调了它在重量和弹性上的不同，适合在比赛中进行多次击打，并且表面处理增加了摩擦力。

4. 玩家4的描述与前三者相比，虽然也提到了球体的尺寸、重量、弹性和耐用性，但没有明确指出球体用于哪种特定的运动，而是强调了球体在重量和弹性上的不同，适合进行多次击打，并且表面处理增加了摩擦力。

不一致之处在于：

- 玩家1、2和3的描述都指向了特定的运动（网球、团队比赛、团队运动），而玩家4的描述没有明确指出具体的运动。

- 玩家4的描述虽然提到了球体的物理特征，但没有像其他玩家那样强调这些特征在特定运动中的用途。

这些不一致之处表明玩家4的描述可能与其他玩家的描述有所不同，可能是因为他的关键词与球体相关，但与玩家1、2和3所描述的特定球体不同。因此，玩家4的描述可能需要进一步分析以确定他是否是卧底。|| 请通过你分析的不一致之处，推断卧底身份，注意，这局游戏的词语分类为<体育用品>，卧底词和平民词都属于该类。
2024-12-13 15:37:30,727 - 2 - INFO - **********PLAYER2**********
4

基于分析中提到的不一致之处，玩家4的描述没有明确指出球体用于哪种特定的运动，而其他玩家的描述都围绕特定运动的球体特征展开。这种缺乏具体运动背景的描述与<体育用品>这一分类中的其他球体描述不一致，尤其是考虑到卧底词和平民词都属于同一类别。因此，玩家4的描述可能是基于一个与网球或其他提到的运动不同的球体，这使他成为卧底的可能性增加。
2024-12-13 15:37:30,728 - 2 - INFO - **********JUDGER**********
你刚刚的推断是4

基于分析中提到的不一致之处，玩家4的描述没有明确指出球体用于哪种特定的运动，而其他玩家的描述都围绕特定运动的球体特征展开。这种缺乏具体运动背景的描述与<体育用品>这一分类中的其他球体描述不一致，尤其是考虑到卧底词和平民词都属于同一类别。因此，玩家4的描述可能是基于一个与网球或其他提到的运动不同的球体，这使他成为卧底的可能性增加。|| 基于你刚刚的推断得出你的最终结论，请输出你认为的卧底，在这种情况下只需要输出编号，是1-4中的某个数字，不要输出其他信息。在这个过程不要进行任何推理，只对||以前的部分进行信息提取
2024-12-13 15:37:33,114 - 2 - INFO - **********PLAYER2**********
4
2024-12-13 15:38:44,137 - 2 - INFO - **********JUDGER**********
玩家1说：这是一种球体，通常用于网球场上的团队运动，其特征是弹性好，适合在空中进行多次击打。在体育用品中，它以其独特的尺寸和重量而著称。这个球体在体育用品中以其特定的用途而知名，它的大小和重量经过精确设计，以便在网前进行精准的击打和拦网。它的表面处理增加了抓地力，使得球在空中飞行时更加稳定。这个球体在体育用品中以其精确的圆形外观和尺寸而著称，专为团队运动设计，具有优异的弹性和耐久性。它的表面处理增强了抓地力，使得球在空中飞行时更加稳定，适合进行精准的操控和打击。玩家2说：这是一种圆球形的体育用品，通常用于团队比赛，具有很好的弹性，可以在空中进行多次击打。它在同类体育用品中以其标准尺寸和重量而闻名，是许多团队运动中不可或缺的道具。与其他类似的球类相比，它在材质和制作工艺上有所不同，确保了其独特的性能。这是一种球体，设计用于特定的团队运动，它的表面处理和材质使其在空中飞行时非常稳定，且易于控制。它的大小和重量经过精心设计，以适应特定的运动需求，确保了在比赛中能够进行有效的击打和拦网。与其他同类体育用品相比，它在耐用性和手感上具有显著优势。玩家3说：这是一种球体，具有标准尺寸和重量，专为团队运动设计，材质和制作工艺确保了其独特的弹性和耐用性。与其他球类相比，它在重量和弹性上有所不同，适合在比赛中进行多次击打。这种球体在空中飞行时非常稳定，其表面处理增加了摩擦力，使得球在网前能够更好地控制。它的大小和重量经过精确计算，以适应网前快速移动和精准打击的要求。此外，这种球体的设计注重耐用性，能够在高强度的比赛中保持良好的性能。玩家4说：这是一种球体，主要用于团队运动，具有标准尺寸和重量，材质坚固，弹性和耐用性出色。与同类球类相比，它在重量和弹性上有所不同，适合进行多次击打。这种球体在体育用品中以其独特的圆形外观和精确的尺寸而著称。它被设计用于在空中进行精准的操控和打击，其表面处理提高了抓地力，使得球在飞行中更加稳定。球体的重量和大小经过精心设计，以适应运动员在运动中的动态需求，确保了在比赛中的高效使用。此外，这种球体的耐用性使得它能够在频繁使用中保持其性能。你是第2号玩家，你的关键词是<排球>。你的回答中绝对不能包含你的关键词<排球>。这是第三轮描述，你之前的描述是这是一种圆球形的体育用品，通常用于团队比赛，具有很好的弹性，可以在空中进行多次击打。它在同类体育用品中以其标准尺寸和重量而闻名，是许多团队运动中不可或缺的道具。与其他类似的球类相比，它在材质和制作工艺上有所不同，确保了其独特的性能。和这是一种球体，设计用于特定的团队运动，它的表面处理和材质使其在空中飞行时非常稳定，且易于控制。它的大小和重量经过精心设计，以适应特定的运动需求，确保了在比赛中能够进行有效的击打和拦网。与其他同类体育用品相比，它在耐用性和手感上具有显著优势。，注意，这局游戏的词语分类为<体育用品>，卧底词和平民词都属于该类，请你补充关于关键词的描述，注意，你的描述应该比起之前的描述更加贴近关键词，作为之前的补充
2024-12-13 15:38:48,175 - 2 - INFO - **********PLAYER2**********
这种球体在体育用品中以其特定的用途而著称，它的大小和重量经过精确设计，以便在空中进行精准的操控和打击。它的表面处理增强了抓地力，使得球在飞行中更加稳定，适合进行高效的传球和攻击。这种球体的设计注重耐用性，能够在连续的比赛中保持其性能，且在材质和制作工艺上具有其独特性。
2024-12-13 15:39:30,699 - 2 - INFO - **********JUDGER**********
玩家1说：这是一种球体，通常用于网球场上的团队运动，其特征是弹性好，适合在空中进行多次击打。在体育用品中，它以其独特的尺寸和重量而著称。这个球体在体育用品中以其特定的用途而知名，它的大小和重量经过精确设计，以便在网前进行精准的击打和拦网。它的表面处理增加了抓地力，使得球在空中飞行时更加稳定。这个球体在体育用品中以其精确的圆形外观和尺寸而著称，专为团队运动设计，具有优异的弹性和耐久性。它的表面处理增强了抓地力，使得球在空中飞行时更加稳定，适合进行精准的操控和打击。玩家2说：这是一种圆球形的体育用品，通常用于团队比赛，具有很好的弹性，可以在空中进行多次击打。它在同类体育用品中以其标准尺寸和重量而闻名，是许多团队运动中不可或缺的道具。与其他类似的球类相比，它在材质和制作工艺上有所不同，确保了其独特的性能。这是一种球体，设计用于特定的团队运动，它的表面处理和材质使其在空中飞行时非常稳定，且易于控制。它的大小和重量经过精心设计，以适应特定的运动需求，确保了在比赛中能够进行有效的击打和拦网。与其他同类体育用品相比，它在耐用性和手感上具有显著优势。这种球体在体育用品中以其特定的用途而著称，它的大小和重量经过精确设计，以便在空中进行精准的操控和打击。它的表面处理增强了抓地力，使得球在飞行中更加稳定，适合进行高效的传球和攻击。这种球体的设计注重耐用性，能够在连续的比赛中保持其性能，且在材质和制作工艺上具有其独特性。玩家3说：这是一种球体，具有标准尺寸和重量，专为团队运动设计，材质和制作工艺确保了其独特的弹性和耐用性。与其他球类相比，它在重量和弹性上有所不同，适合在比赛中进行多次击打。这种球体在空中飞行时非常稳定，其表面处理增加了摩擦力，使得球在网前能够更好地控制。它的大小和重量经过精确计算，以适应网前快速移动和精准打击的要求。此外，这种球体的设计注重耐用性，能够在高强度的比赛中保持良好的性能。这种球体在体育用品中以其独特的尺寸和重量而著称，专为团队运动中的特定动作设计，如扣球和发球。它的表面处理增加了摩擦力，使得球在空中飞行时更加稳定，便于运动员进行精确操控。球体的重量和大小经过精心设计，以适应运动员在运动中的动态需求，确保了在比赛中的高效使用。此外，这种球体的耐用性使得它能够在频繁使用中保持其性能。玩家4说：这是一种球体，主要用于团队运动，具有标准尺寸和重量，材质坚固，弹性和耐用性出色。与同类球类相比，它在重量和弹性上有所不同，适合进行多次击打。这种球体在体育用品中以其独特的圆形外观和精确的尺寸而著称。它被设计用于在空中进行精准的操控和打击，其表面处理提高了抓地力，使得球在飞行中更加稳定。球体的重量和大小经过精心设计，以适应运动员在运动中的动态需求，确保了在比赛中的高效使用。此外，这种球体的耐用性使得它能够在频繁使用中保持其性能。这种球体在体育用品中以其标准的圆形外观和尺寸而著称，专为团队运动中的特定动作设计，如传球、投篮和扣篮。它的表面处理提高了抓地力，使得球在运动员手中更加稳定，便于在空中进行精准操控和打击。球体的重量和大小经过精确计算，以适应运动员在运动中的动态需求，确保了在比赛中的高效使用。此外，这种球体的耐用性使得它能够在连续的比赛中保持其性能。||在这个游戏中，我们需要通过分析每位玩家的描述来找出卧底。通常，平民的描述会围绕相同的词语展开，而卧底的描述可能会因为词语的不同而显得不太一致。我们需要仔细比较每个描述之间的相似性和差异性，以找出可能的卧底，注意，卧底并不会隐藏自己，他会直接描述他的词语，现在，逐一分析每个玩家的描述，注意，这局游戏的词语分类为<体育用品>，卧底词和平民词都属于该类。||之前是第3轮描述和之前轮数描述的合集。你之前认为的卧底是玩家4。
2024-12-13 15:39:42,282 - 2 - INFO - **********PLAYER2**********
4

根据玩家4的描述，他提到的球体主要用于团队运动，具有标准尺寸和重量，材质坚固，弹性和耐用性出色。他的描述中提到了球体在体育用品中的标准圆形外观和尺寸，以及专为团队运动中的特定动作设计，如传球、投篮和扣篮。这些描述与篮球的特征相符，而篮球是一种常见的体育用品，通常用于团队运动。

玩家1、玩家2和玩家3的描述都强调了球体的弹性、尺寸、重量、耐用性和在特定运动中的应用，但没有明确指出球体是用于篮球。尽管他们的描述包含了篮球的一些特征，但他们的描述更为通用，可以适用于多种球类运动。

因此，基于这些描述的差异，玩家4的描述似乎更接近于篮球这一特定的球类运动，这可能与他的关键词相符，因此我之前的推断是玩家4可能是卧底。
2024-12-13 15:39:42,284 - 2 - INFO - **********JUDGER**********
你刚刚的分析是4

根据玩家4的描述，他提到的球体主要用于团队运动，具有标准尺寸和重量，材质坚固，弹性和耐用性出色。他的描述中提到了球体在体育用品中的标准圆形外观和尺寸，以及专为团队运动中的特定动作设计，如传球、投篮和扣篮。这些描述与篮球的特征相符，而篮球是一种常见的体育用品，通常用于团队运动。

玩家1、玩家2和玩家3的描述都强调了球体的弹性、尺寸、重量、耐用性和在特定运动中的应用，但没有明确指出球体是用于篮球。尽管他们的描述包含了篮球的一些特征，但他们的描述更为通用，可以适用于多种球类运动。

因此，基于这些描述的差异，玩家4的描述似乎更接近于篮球这一特定的球类运动，这可能与他的关键词相符，因此我之前的推断是玩家4可能是卧底。|| `请根据上述分析，比较描述以找出不一致之处，注意，这局游戏的词语分类为<体育用品>，卧底词和平民词都属于该类。
2024-12-13 15:39:52,126 - 2 - INFO - **********PLAYER2**********
根据上述分析，我们可以比较四位玩家的描述，寻找以下不一致之处：

1. 玩家1、玩家2和玩家3的描述都较为通用，强调了球体的弹性、尺寸、重量、耐用性以及其在特定运动中的应用，但没有具体指出是哪种运动。

2. 玩家4的描述则更为具体，提到了球体在体育用品中的标准圆形外观和尺寸，以及专为团队运动中的特定动作设计，如传球、投篮和扣篮。

不一致之处在于：

- 玩家4的描述中明确提到了传球、投篮和扣篮等动作，这些动作与篮球运动紧密相关，而其他玩家的描述没有提及这些特定动作。

- 玩家4的描述强调了球体的标准圆形外观和尺寸，这是篮球的一个显著特征，而其他玩家没有特别强调这一点。

这些不一致之处表明玩家4的描述可能与其他玩家的描述有所不同，可能是因为他的关键词与篮球这一特定的球类运动相符，而其他玩家的描述则更为泛化，适用于多种球类运动。因此，玩家4的描述可能与他的实际关键词不符，使他成为卧底的可能性增加。
2024-12-13 15:39:52,127 - 2 - INFO - **********JUDGER**********
你刚刚的分析是根据上述分析，我们可以比较四位玩家的描述，寻找以下不一致之处：

1. 玩家1、玩家2和玩家3的描述都较为通用，强调了球体的弹性、尺寸、重量、耐用性以及其在特定运动中的应用，但没有具体指出是哪种运动。

2. 玩家4的描述则更为具体，提到了球体在体育用品中的标准圆形外观和尺寸，以及专为团队运动中的特定动作设计，如传球、投篮和扣篮。

不一致之处在于：

- 玩家4的描述中明确提到了传球、投篮和扣篮等动作，这些动作与篮球运动紧密相关，而其他玩家的描述没有提及这些特定动作。

- 玩家4的描述强调了球体的标准圆形外观和尺寸，这是篮球的一个显著特征，而其他玩家没有特别强调这一点。

这些不一致之处表明玩家4的描述可能与其他玩家的描述有所不同，可能是因为他的关键词与篮球这一特定的球类运动相符，而其他玩家的描述则更为泛化，适用于多种球类运动。因此，玩家4的描述可能与他的实际关键词不符，使他成为卧底的可能性增加。|| 请通过你分析的不一致之处，推断卧底身份，注意，这局游戏的词语分类为<体育用品>，卧底词和平民词都属于该类。
2024-12-13 15:39:56,248 - 2 - INFO - **********PLAYER2**********
4

根据分析的不一致之处，玩家4的描述与篮球运动紧密相关，提到了传球、投篮和扣篮等特定动作，以及球体的标准圆形外观和尺寸，这些特征与篮球相符。而其他玩家的描述虽然也提到了球体的通用特征，但没有明确指出是哪种具体的球类运动。因此，基于这些差异，玩家4的描述与其他玩家描述的不一致性较高，这增加了他作为卧底的可能性。
2024-12-13 15:39:56,249 - 2 - INFO - **********JUDGER**********
你刚刚的推断是4

根据分析的不一致之处，玩家4的描述与篮球运动紧密相关，提到了传球、投篮和扣篮等特定动作，以及球体的标准圆形外观和尺寸，这些特征与篮球相符。而其他玩家的描述虽然也提到了球体的通用特征，但没有明确指出是哪种具体的球类运动。因此，基于这些差异，玩家4的描述与其他玩家描述的不一致性较高，这增加了他作为卧底的可能性。|| 基于你刚刚的推断得出你的最终结论，请输出你认为的卧底，在这种情况下只需要输出编号，是1-4中的某个数字，不要输出其他信息。在这个过程不要进行任何推理，只对||以前的部分进行信息提取
2024-12-13 15:40:02,715 - 2 - INFO - **********PLAYER2**********
玩家2的描述中提到了球体在同类体育用品中的标准尺寸和重量，以及它是许多团队运动中不可或缺的道具，但没有具体指出是哪种运动。这与其他玩家的描述形成了对比，他们的描述更具体地提到了球体在网球场上的应用。因此，玩家2的描述可能与卧底词不同，因为卧底词可能是与排球或其他类似运动相关的球体。我的回答是：这种球体在同类体育用品中以其标准尺寸和重量而闻名，是许多团队运动中不可或缺的道具，但没有具体指出是哪种运动。
2024-12-13 15:40:02,716 - 2 - WARNING - Invalid vote: 玩家2的描述中提到了球体在同类体育用品中的标准尺寸和重量，以及它是许多团队运动中不可或缺的道具，但没有具体指出是哪种运动。这与其他玩家的描述形成了对比，他们的描述更具体地提到了球体在网球场上的应用。因此，玩家2的描述可能与卧底词不同，因为卧底词可能是与排球或其他类似运动相关的球体。我的回答是：这种球体在同类体育用品中以其标准尺寸和重量而闻名，是许多团队运动中不可或缺的道具，但没有具体指出是哪种运动。. Asking again.
2024-12-13 15:40:02,716 - 2 - INFO - **********JUDGER**********
你刚刚的推断是4

根据分析的不一致之处，玩家4的描述与篮球运动紧密相关，提到了传球、投篮和扣篮等特定动作，以及球体的标准圆形外观和尺寸，这些特征与篮球相符。而其他玩家的描述虽然也提到了球体的通用特征，但没有明确指出是哪种具体的球类运动。因此，基于这些差异，玩家4的描述与其他玩家描述的不一致性较高，这增加了他作为卧底的可能性。|| 基于你刚刚的推断得出你的最终结论，请输出你认为的卧底，在这种情况下只需要输出编号，是1-4中的某个数字，不要输出其他信息。在这个过程不要进行任何推理，只对||以前的部分进行信息提取
2024-12-13 15:40:04,380 - 2 - INFO - **********PLAYER2**********
4
