2024-12-13 15:32:19,267 - 3 - INFO - **********JUDGER**********
让我们来玩一个叫做<谁是卧底>的推理游戏。基本规则：<人数>：4人。<角色分配>：每位玩家随机抽取一个词语，3名玩家拿到的词语是相同的（平民词），1名玩家拿到与之相近但不同的词语（卧底词）。<游戏流程>：1、玩家轮流描述自己的词语，但<不能>直接说出词语本身。2、描述完毕后，投票选出最像卧底的玩家。3、每轮结束后，被投票选出的玩家出局，不能再进行描述或投票。4、每轮投票结束后，如果卧底被成功找出，平民方获胜；如果卧底未被找出且卧底人数等于或超过平民人数，则卧底方获胜。你将扮演一个<玩家>，请等待你被分配到的关键词。如果你听懂了，只回答，"好的，我准备好参加游戏了"，不要输出别的信息
2024-12-13 15:32:22,256 - 3 - INFO - **********PLAYER3**********
好的，我准备好参加游戏了
2024-12-13 15:32:32,058 - 3 - INFO - **********JUDGER**********
玩家1说：这是一种球体，通常用于网球场上的团队运动，其特征是弹性好，适合在空中进行多次击打。在体育用品中，它以其独特的尺寸和重量而著称。玩家2说：这是一种圆球形的体育用品，通常用于团队比赛，具有很好的弹性，可以在空中进行多次击打。它在同类体育用品中以其标准尺寸和重量而闻名，是许多团队运动中不可或缺的道具。与其他类似的球类相比，它在材质和制作工艺上有所不同，确保了其独特的性能。玩家3说：玩家4说：|| 你是第3号玩家，你的关键词是<排球>。你的回答中绝对不能包含你的关键词<排球>。这是第一轮描述，不需要分析||之前别的玩家的描述，请你描述关键词基本特征，注意，这局游戏的词语分类为<体育用品>，卧底词和平民词都属于该类，描述包括以下两点，1.他的基本特征是什么2.他在该类（体育用品）中最突出不同的特征是什么，尽量简短
2024-12-13 15:32:34,722 - 3 - INFO - **********PLAYER3**********
这是一种球体，具有标准尺寸和重量，专为团队运动设计，材质和制作工艺确保了其独特的弹性和耐用性。与其他球类相比，它在重量和弹性上有所不同，适合在比赛中进行多次击打。
2024-12-13 15:33:47,431 - 3 - INFO - **********JUDGER**********
玩家1说：这是一种球体，通常用于网球场上的团队运动，其特征是弹性好，适合在空中进行多次击打。在体育用品中，它以其独特的尺寸和重量而著称。玩家2说：这是一种圆球形的体育用品，通常用于团队比赛，具有很好的弹性，可以在空中进行多次击打。它在同类体育用品中以其标准尺寸和重量而闻名，是许多团队运动中不可或缺的道具。与其他类似的球类相比，它在材质和制作工艺上有所不同，确保了其独特的性能。玩家3说：这是一种球体，具有标准尺寸和重量，专为团队运动设计，材质和制作工艺确保了其独特的弹性和耐用性。与其他球类相比，它在重量和弹性上有所不同，适合在比赛中进行多次击打。玩家4说：||在这个游戏中，我们需要通过分析每位玩家的描述来找出卧底。通常，平民的描述会围绕相同的词语展开，而卧底的描述可能会因为词语的不同而显得不太一致。我们需要仔细比较每个描述之间的相似性和差异性，以找出可能的卧底，注意，卧底并不会隐藏自己，他会直接描述他的词语，现在，逐一分析每个玩家的描述，注意，这局游戏的词语分类为<体育用品>，卧底词和平民词都属于该类。这是第一轮描述。
2024-12-13 15:34:04,465 - 3 - INFO - **********PLAYER3**********
根据玩家1、玩家2和玩家3的描述，我们可以看出他们都在描述一个球体，用于团队运动，具有弹性和标准尺寸重量。这些描述都指向网球或排球等球类体育用品。

玩家4的描述与前三者相似，但没有提到具体的运动名称或材质制作工艺，这可能是卧底试图隐藏其词语的特征。玩家4的描述比较笼统，没有提供更多关于球类特征的细节。

因此，玩家4的描述可能需要进一步观察，以确定是否与玩家1、玩家2和玩家3的描述存在显著差异，这可能是找出卧底的关键。如果玩家4的描述在接下来的轮次中提供了更多具体信息，或者与其他玩家的描述出现不一致，那么玩家4可能是卧底。
2024-12-13 15:34:04,467 - 3 - INFO - **********JUDGER**********
你刚刚的分析是根据玩家1、玩家2和玩家3的描述，我们可以看出他们都在描述一个球体，用于团队运动，具有弹性和标准尺寸重量。这些描述都指向网球或排球等球类体育用品。

玩家4的描述与前三者相似，但没有提到具体的运动名称或材质制作工艺，这可能是卧底试图隐藏其词语的特征。玩家4的描述比较笼统，没有提供更多关于球类特征的细节。

因此，玩家4的描述可能需要进一步观察，以确定是否与玩家1、玩家2和玩家3的描述存在显著差异，这可能是找出卧底的关键。如果玩家4的描述在接下来的轮次中提供了更多具体信息，或者与其他玩家的描述出现不一致，那么玩家4可能是卧底。|| `请根据上述分析，比较描述以找出不一致之处，注意，这局游戏的词语分类为<体育用品>，卧底词和平民词都属于该类。
2024-12-13 15:34:26,725 - 3 - INFO - **********PLAYER3**********
根据上述分析，我们可以比较四位玩家的描述来寻找不一致之处：

1. 玩家1的描述提到了“网球场上的团队运动”，这暗示了网球运动，但并没有提到具体的球类名称。

2. 玩家2的描述中提到了“圆球形的体育用品”和“团队比赛”，同时强调了“标准尺寸和重量”，但没有提到具体的运动名称。

3. 玩家3的描述与玩家1和玩家2的描述相似，同样提到了“球体”、“团队运动”、“标准尺寸和重量”，但没有具体的运动名称。

4. 玩家4的描述比较笼统，提到了“球体”、“团队运动”、“具有很好的弹性”和“标准尺寸和重量”，但没有提供具体的运动名称或材质制作工艺。

不一致之处在于：

- 玩家1、玩家2和玩家3的描述都隐含或直接提到了“标准尺寸和重量”，而玩家4的描述中这一点被提及，但没有与其他玩家的描述形成直接的对应。
- 玩家1和玩家3的描述中提到了运动场地的名称（网球场），而玩家2和玩家4没有提到。
- 玩家4的描述中缺乏具体的运动名称或材质制作工艺的提及，这与玩家1、玩家2和玩家3的描述形成了一定的差异。

基于这些不一致之处，玩家4的描述可能是最值得怀疑的，因为它们没有提供与玩家1、玩家2和玩家3描述相匹配的具体细节。这可能是卧底试图隐藏其词语特征的表现。
2024-12-13 15:34:26,726 - 3 - INFO - **********JUDGER**********
你刚刚的分析是根据上述分析，我们可以比较四位玩家的描述来寻找不一致之处：

1. 玩家1的描述提到了“网球场上的团队运动”，这暗示了网球运动，但并没有提到具体的球类名称。

2. 玩家2的描述中提到了“圆球形的体育用品”和“团队比赛”，同时强调了“标准尺寸和重量”，但没有提到具体的运动名称。

3. 玩家3的描述与玩家1和玩家2的描述相似，同样提到了“球体”、“团队运动”、“标准尺寸和重量”，但没有具体的运动名称。

4. 玩家4的描述比较笼统，提到了“球体”、“团队运动”、“具有很好的弹性”和“标准尺寸和重量”，但没有提供具体的运动名称或材质制作工艺。

不一致之处在于：

- 玩家1、玩家2和玩家3的描述都隐含或直接提到了“标准尺寸和重量”，而玩家4的描述中这一点被提及，但没有与其他玩家的描述形成直接的对应。
- 玩家1和玩家3的描述中提到了运动场地的名称（网球场），而玩家2和玩家4没有提到。
- 玩家4的描述中缺乏具体的运动名称或材质制作工艺的提及，这与玩家1、玩家2和玩家3的描述形成了一定的差异。

基于这些不一致之处，玩家4的描述可能是最值得怀疑的，因为它们没有提供与玩家1、玩家2和玩家3描述相匹配的具体细节。这可能是卧底试图隐藏其词语特征的表现。|| 请通过你分析的不一致之处，推断卧底身份，注意，这局游戏的词语分类为<体育用品>，卧底词和平民词都属于该类。
2024-12-13 15:34:52,354 - 3 - INFO - **********PLAYER3**********
根据分析中提到的不一致之处，我们可以进行以下推断：

1. 玩家1、玩家2和玩家3的描述都提到了“标准尺寸和重量”，这是网球和排球等球类体育用品的共同特征。然而，玩家4的描述虽然也提到了这些特征，但没有提供其他具体的细节，这可能与卧底试图隐藏其词语特征的行为相符。

2. 玩家1和玩家3的描述中提到了“网球场”，这暗示了网球运动，而玩家2和玩家4没有提到具体的运动场地。如果所有玩家都是平民，那么他们很可能会提到他们共同词语相关的运动场地或细节。

3. 玩家4的描述中缺乏具体的运动名称或材质制作工艺的提及，这与玩家1、玩家2和玩家3的描述形成差异。平民通常会提供更多与词语相关的信息，而卧底可能会故意减少描述的细节以避免引起怀疑。

考虑到以上点，玩家4的描述与玩家1、玩家2和玩家3的描述存在明显的差异，尤其是在提供具体细节方面。因此，基于这些不一致之处，玩家4很可能是卧底。由于游戏的词语分类为<体育用品>，且卧底词和平民词都属于该类，玩家4的卧底词可能是与球类体育用品相关，但与网球或排球等球类有显著区别的物品，例如足球、篮球或其他类型的球类。
2024-12-13 15:34:52,356 - 3 - INFO - **********JUDGER**********
你刚刚的推断是根据分析中提到的不一致之处，我们可以进行以下推断：

1. 玩家1、玩家2和玩家3的描述都提到了“标准尺寸和重量”，这是网球和排球等球类体育用品的共同特征。然而，玩家4的描述虽然也提到了这些特征，但没有提供其他具体的细节，这可能与卧底试图隐藏其词语特征的行为相符。

2. 玩家1和玩家3的描述中提到了“网球场”，这暗示了网球运动，而玩家2和玩家4没有提到具体的运动场地。如果所有玩家都是平民，那么他们很可能会提到他们共同词语相关的运动场地或细节。

3. 玩家4的描述中缺乏具体的运动名称或材质制作工艺的提及，这与玩家1、玩家2和玩家3的描述形成差异。平民通常会提供更多与词语相关的信息，而卧底可能会故意减少描述的细节以避免引起怀疑。

考虑到以上点，玩家4的描述与玩家1、玩家2和玩家3的描述存在明显的差异，尤其是在提供具体细节方面。因此，基于这些不一致之处，玩家4很可能是卧底。由于游戏的词语分类为<体育用品>，且卧底词和平民词都属于该类，玩家4的卧底词可能是与球类体育用品相关，但与网球或排球等球类有显著区别的物品，例如足球、篮球或其他类型的球类。|| 基于你刚刚的推断得出你的最终结论，请输出你认为的卧底，在这种情况下只需要输出编号，是1-4中的某个数字，不要输出其他信息。在这个过程不要进行任何推理，只对||以前的部分进行信息提取
2024-12-13 15:34:53,023 - 3 - INFO - **********PLAYER3**********
4
2024-12-13 15:36:02,124 - 3 - INFO - **********JUDGER**********
玩家1说：这是一种球体，通常用于网球场上的团队运动，其特征是弹性好，适合在空中进行多次击打。在体育用品中，它以其独特的尺寸和重量而著称。这个球体在体育用品中以其特定的用途而知名，它的大小和重量经过精确设计，以便在网前进行精准的击打和拦网。它的表面处理增加了抓地力，使得球在空中飞行时更加稳定。玩家2说：这是一种圆球形的体育用品，通常用于团队比赛，具有很好的弹性，可以在空中进行多次击打。它在同类体育用品中以其标准尺寸和重量而闻名，是许多团队运动中不可或缺的道具。与其他类似的球类相比，它在材质和制作工艺上有所不同，确保了其独特的性能。这是一种球体，设计用于特定的团队运动，它的表面处理和材质使其在空中飞行时非常稳定，且易于控制。它的大小和重量经过精心设计，以适应特定的运动需求，确保了在比赛中能够进行有效的击打和拦网。与其他同类体育用品相比，它在耐用性和手感上具有显著优势。玩家3说：这是一种球体，具有标准尺寸和重量，专为团队运动设计，材质和制作工艺确保了其独特的弹性和耐用性。与其他球类相比，它在重量和弹性上有所不同，适合在比赛中进行多次击打。玩家4说：这是一种球体，主要用于团队运动，具有标准尺寸和重量，材质坚固，弹性和耐用性出色。与同类球类相比，它在重量和弹性上有所不同，适合进行多次击打。你是第3号玩家，你的关键词是<排球>。你的回答中绝对不能包含你的关键词<排球>。这是第二轮描述，你之前的描述是这是一种球体，具有标准尺寸和重量，专为团队运动设计，材质和制作工艺确保了其独特的弹性和耐用性。与其他球类相比，它在重量和弹性上有所不同，适合在比赛中进行多次击打。，注意，这局游戏的词语分类为<体育用品>，卧底词和平民词都属于该类，请你补充关于关键词的描述，注意，你的描述应该比起之前的描述更加贴近关键词，作为之前的补充
2024-12-13 15:36:12,195 - 3 - INFO - **********PLAYER3**********
这种球体在空中飞行时非常稳定，其表面处理增加了摩擦力，使得球在网前能够更好地控制。它的大小和重量经过精确计算，以适应网前快速移动和精准打击的要求。此外，这种球体的设计注重耐用性，能够在高强度的比赛中保持良好的性能。
2024-12-13 15:37:33,115 - 3 - INFO - **********JUDGER**********
玩家1说：这是一种球体，通常用于网球场上的团队运动，其特征是弹性好，适合在空中进行多次击打。在体育用品中，它以其独特的尺寸和重量而著称。这个球体在体育用品中以其特定的用途而知名，它的大小和重量经过精确设计，以便在网前进行精准的击打和拦网。它的表面处理增加了抓地力，使得球在空中飞行时更加稳定。玩家2说：这是一种圆球形的体育用品，通常用于团队比赛，具有很好的弹性，可以在空中进行多次击打。它在同类体育用品中以其标准尺寸和重量而闻名，是许多团队运动中不可或缺的道具。与其他类似的球类相比，它在材质和制作工艺上有所不同，确保了其独特的性能。这是一种球体，设计用于特定的团队运动，它的表面处理和材质使其在空中飞行时非常稳定，且易于控制。它的大小和重量经过精心设计，以适应特定的运动需求，确保了在比赛中能够进行有效的击打和拦网。与其他同类体育用品相比，它在耐用性和手感上具有显著优势。玩家3说：这是一种球体，具有标准尺寸和重量，专为团队运动设计，材质和制作工艺确保了其独特的弹性和耐用性。与其他球类相比，它在重量和弹性上有所不同，适合在比赛中进行多次击打。这种球体在空中飞行时非常稳定，其表面处理增加了摩擦力，使得球在网前能够更好地控制。它的大小和重量经过精确计算，以适应网前快速移动和精准打击的要求。此外，这种球体的设计注重耐用性，能够在高强度的比赛中保持良好的性能。玩家4说：这是一种球体，主要用于团队运动，具有标准尺寸和重量，材质坚固，弹性和耐用性出色。与同类球类相比，它在重量和弹性上有所不同，适合进行多次击打。||在这个游戏中，我们需要通过分析每位玩家的描述来找出卧底。通常，平民的描述会围绕相同的词语展开，而卧底的描述可能会因为词语的不同而显得不太一致。我们需要仔细比较每个描述之间的相似性和差异性，以找出可能的卧底，注意，卧底并不会隐藏自己，他会直接描述他的词语，现在，逐一分析每个玩家的描述，注意，这局游戏的词语分类为<体育用品>，卧底词和平民词都属于该类。||之前是第2轮描述和之前轮数描述的合集。你之前认为的卧底是玩家4。
2024-12-13 15:37:45,066 - 3 - INFO - **********PLAYER3**********
根据第二轮描述和之前的分析，玩家4的描述与玩家1、玩家2和玩家3的描述在几个关键点上存在一致性，包括球体的标准尺寸和重量、专为团队运动设计、独特的弹性和耐用性、以及球在空中飞行时的稳定性和摩擦力。然而，玩家4的描述与玩家1和玩家3相比，没有提到球体在网前进行精准击打和拦网的特点，也没有提到球体的大小和重量是为了适应网前快速移动和精准打击的要求。

玩家2的描述则提供了更多的细节，包括球体在同类体育用品中的标准尺寸和重量、材质和制作工艺的独特性、以及球体在空中飞行时的稳定性和易于控制，这些都与排球的特点相吻合。

基于这些信息，玩家4的描述与玩家1、玩家3的描述在细节上有所欠缺，而玩家2的描述则更加贴近排球的特点。因此，如果之前的推断是基于描述的一致性和差异性，那么玩家4可能不再是唯一值得怀疑的对象。玩家2的描述与排球的描述更加契合，因此在这个新的分析中，玩家2可能更有可能是卧底。
2024-12-13 15:37:45,068 - 3 - INFO - **********JUDGER**********
你刚刚的分析是根据第二轮描述和之前的分析，玩家4的描述与玩家1、玩家2和玩家3的描述在几个关键点上存在一致性，包括球体的标准尺寸和重量、专为团队运动设计、独特的弹性和耐用性、以及球在空中飞行时的稳定性和摩擦力。然而，玩家4的描述与玩家1和玩家3相比，没有提到球体在网前进行精准击打和拦网的特点，也没有提到球体的大小和重量是为了适应网前快速移动和精准打击的要求。

玩家2的描述则提供了更多的细节，包括球体在同类体育用品中的标准尺寸和重量、材质和制作工艺的独特性、以及球体在空中飞行时的稳定性和易于控制，这些都与排球的特点相吻合。

基于这些信息，玩家4的描述与玩家1、玩家3的描述在细节上有所欠缺，而玩家2的描述则更加贴近排球的特点。因此，如果之前的推断是基于描述的一致性和差异性，那么玩家4可能不再是唯一值得怀疑的对象。玩家2的描述与排球的描述更加契合，因此在这个新的分析中，玩家2可能更有可能是卧底。|| `请根据上述分析，比较描述以找出不一致之处，注意，这局游戏的词语分类为<体育用品>，卧底词和平民词都属于该类。
2024-12-13 15:37:56,193 - 3 - INFO - **********PLAYER3**********
根据上述分析，我们可以比较四位玩家的描述来找出不一致之处：

1. 玩家1和玩家3的描述都提到了球体的“标准尺寸和重量”、“专为团队运动设计”、“独特的弹性和耐用性”，以及“在空中飞行时的稳定性和摩擦力”。这些特征与排球的特点相符。

2. 玩家2的描述提到了球体在同类体育用品中的“标准尺寸和重量”、“材质和制作工艺的独特性”、“在空中飞行时的稳定性和易于控制”，以及“大小和重量是为了适应特定的运动需求”。这些描述也与排球的特点相符，并且提供了比玩家1和玩家3更多的细节。

3. 玩家4的描述提到了球体的“标准尺寸和重量”、“材质坚固，弹性和耐用性出色”，以及“重量和弹性上有所不同，适合进行多次击打”。这些描述与排球的特点相符，但没有提到球体在空中飞行时的稳定性和摩擦力，也没有强调球体是专为团队运动设计的。

不一致之处在于：

- 玩家1和玩家3的描述中强调了球体在网前进行精准击打和拦网的特点，而玩家4的描述中缺少这一细节。
- 玩家2的描述提供了关于球体材质和制作工艺的更多细节，而玩家1和玩家3的描述则没有提及这些信息。

基于这些不一致之处，玩家4的描述可能在细节上与排球的特点有所欠缺，而玩家2的描述则提供了更多的细节，与排球的特点更加契合。因此，玩家2可能是卧底，而玩家4可能是平民。
2024-12-13 15:37:56,195 - 3 - INFO - **********JUDGER**********
你刚刚的分析是根据上述分析，我们可以比较四位玩家的描述来找出不一致之处：

1. 玩家1和玩家3的描述都提到了球体的“标准尺寸和重量”、“专为团队运动设计”、“独特的弹性和耐用性”，以及“在空中飞行时的稳定性和摩擦力”。这些特征与排球的特点相符。

2. 玩家2的描述提到了球体在同类体育用品中的“标准尺寸和重量”、“材质和制作工艺的独特性”、“在空中飞行时的稳定性和易于控制”，以及“大小和重量是为了适应特定的运动需求”。这些描述也与排球的特点相符，并且提供了比玩家1和玩家3更多的细节。

3. 玩家4的描述提到了球体的“标准尺寸和重量”、“材质坚固，弹性和耐用性出色”，以及“重量和弹性上有所不同，适合进行多次击打”。这些描述与排球的特点相符，但没有提到球体在空中飞行时的稳定性和摩擦力，也没有强调球体是专为团队运动设计的。

不一致之处在于：

- 玩家1和玩家3的描述中强调了球体在网前进行精准击打和拦网的特点，而玩家4的描述中缺少这一细节。
- 玩家2的描述提供了关于球体材质和制作工艺的更多细节，而玩家1和玩家3的描述则没有提及这些信息。

基于这些不一致之处，玩家4的描述可能在细节上与排球的特点有所欠缺，而玩家2的描述则提供了更多的细节，与排球的特点更加契合。因此，玩家2可能是卧底，而玩家4可能是平民。|| 请通过你分析的不一致之处，推断卧底身份，注意，这局游戏的词语分类为<体育用品>，卧底词和平民词都属于该类。
2024-12-13 15:37:58,761 - 3 - INFO - **********PLAYER3**********
基于上述分析的不一致之处，玩家2的描述提供了关于球体材质和制作工艺的更多细节，这些细节与排球的特点更加契合，并且与玩家1和玩家3的描述存在一定的差异。因此，根据这些信息，玩家2可能是卧底。
2024-12-13 15:37:58,762 - 3 - INFO - **********JUDGER**********
你刚刚的推断是基于上述分析的不一致之处，玩家2的描述提供了关于球体材质和制作工艺的更多细节，这些细节与排球的特点更加契合，并且与玩家1和玩家3的描述存在一定的差异。因此，根据这些信息，玩家2可能是卧底。|| 基于你刚刚的推断得出你的最终结论，请输出你认为的卧底，在这种情况下只需要输出编号，是1-4中的某个数字，不要输出其他信息。在这个过程不要进行任何推理，只对||以前的部分进行信息提取
2024-12-13 15:37:59,744 - 3 - INFO - **********PLAYER3**********
2
2024-12-13 15:38:48,176 - 3 - INFO - **********JUDGER**********
玩家1说：这是一种球体，通常用于网球场上的团队运动，其特征是弹性好，适合在空中进行多次击打。在体育用品中，它以其独特的尺寸和重量而著称。这个球体在体育用品中以其特定的用途而知名，它的大小和重量经过精确设计，以便在网前进行精准的击打和拦网。它的表面处理增加了抓地力，使得球在空中飞行时更加稳定。这个球体在体育用品中以其精确的圆形外观和尺寸而著称，专为团队运动设计，具有优异的弹性和耐久性。它的表面处理增强了抓地力，使得球在空中飞行时更加稳定，适合进行精准的操控和打击。玩家2说：这是一种圆球形的体育用品，通常用于团队比赛，具有很好的弹性，可以在空中进行多次击打。它在同类体育用品中以其标准尺寸和重量而闻名，是许多团队运动中不可或缺的道具。与其他类似的球类相比，它在材质和制作工艺上有所不同，确保了其独特的性能。这是一种球体，设计用于特定的团队运动，它的表面处理和材质使其在空中飞行时非常稳定，且易于控制。它的大小和重量经过精心设计，以适应特定的运动需求，确保了在比赛中能够进行有效的击打和拦网。与其他同类体育用品相比，它在耐用性和手感上具有显著优势。这种球体在体育用品中以其特定的用途而著称，它的大小和重量经过精确设计，以便在空中进行精准的操控和打击。它的表面处理增强了抓地力，使得球在飞行中更加稳定，适合进行高效的传球和攻击。这种球体的设计注重耐用性，能够在连续的比赛中保持其性能，且在材质和制作工艺上具有其独特性。玩家3说：这是一种球体，具有标准尺寸和重量，专为团队运动设计，材质和制作工艺确保了其独特的弹性和耐用性。与其他球类相比，它在重量和弹性上有所不同，适合在比赛中进行多次击打。这种球体在空中飞行时非常稳定，其表面处理增加了摩擦力，使得球在网前能够更好地控制。它的大小和重量经过精确计算，以适应网前快速移动和精准打击的要求。此外，这种球体的设计注重耐用性，能够在高强度的比赛中保持良好的性能。玩家4说：这是一种球体，主要用于团队运动，具有标准尺寸和重量，材质坚固，弹性和耐用性出色。与同类球类相比，它在重量和弹性上有所不同，适合进行多次击打。这种球体在体育用品中以其独特的圆形外观和精确的尺寸而著称。它被设计用于在空中进行精准的操控和打击，其表面处理提高了抓地力，使得球在飞行中更加稳定。球体的重量和大小经过精心设计，以适应运动员在运动中的动态需求，确保了在比赛中的高效使用。此外，这种球体的耐用性使得它能够在频繁使用中保持其性能。你是第3号玩家，你的关键词是<排球>。你的回答中绝对不能包含你的关键词<排球>。这是第三轮描述，你之前的描述是这是一种球体，具有标准尺寸和重量，专为团队运动设计，材质和制作工艺确保了其独特的弹性和耐用性。与其他球类相比，它在重量和弹性上有所不同，适合在比赛中进行多次击打。和这种球体在空中飞行时非常稳定，其表面处理增加了摩擦力，使得球在网前能够更好地控制。它的大小和重量经过精确计算，以适应网前快速移动和精准打击的要求。此外，这种球体的设计注重耐用性，能够在高强度的比赛中保持良好的性能。，注意，这局游戏的词语分类为<体育用品>，卧底词和平民词都属于该类，请你补充关于关键词的描述，注意，你的描述应该比起之前的描述更加贴近关键词，作为之前的补充
2024-12-13 15:38:54,142 - 3 - INFO - **********PLAYER3**********
这种球体在体育用品中以其独特的尺寸和重量而著称，专为团队运动中的特定动作设计，如扣球和发球。它的表面处理增加了摩擦力，使得球在空中飞行时更加稳定，便于运动员进行精确操控。球体的重量和大小经过精心设计，以适应运动员在运动中的动态需求，确保了在比赛中的高效使用。此外，这种球体的耐用性使得它能够在频繁使用中保持其性能。
2024-12-13 15:40:04,381 - 3 - INFO - **********JUDGER**********
玩家1说：这是一种球体，通常用于网球场上的团队运动，其特征是弹性好，适合在空中进行多次击打。在体育用品中，它以其独特的尺寸和重量而著称。这个球体在体育用品中以其特定的用途而知名，它的大小和重量经过精确设计，以便在网前进行精准的击打和拦网。它的表面处理增加了抓地力，使得球在空中飞行时更加稳定。这个球体在体育用品中以其精确的圆形外观和尺寸而著称，专为团队运动设计，具有优异的弹性和耐久性。它的表面处理增强了抓地力，使得球在空中飞行时更加稳定，适合进行精准的操控和打击。玩家2说：这是一种圆球形的体育用品，通常用于团队比赛，具有很好的弹性，可以在空中进行多次击打。它在同类体育用品中以其标准尺寸和重量而闻名，是许多团队运动中不可或缺的道具。与其他类似的球类相比，它在材质和制作工艺上有所不同，确保了其独特的性能。这是一种球体，设计用于特定的团队运动，它的表面处理和材质使其在空中飞行时非常稳定，且易于控制。它的大小和重量经过精心设计，以适应特定的运动需求，确保了在比赛中能够进行有效的击打和拦网。与其他同类体育用品相比，它在耐用性和手感上具有显著优势。这种球体在体育用品中以其特定的用途而著称，它的大小和重量经过精确设计，以便在空中进行精准的操控和打击。它的表面处理增强了抓地力，使得球在飞行中更加稳定，适合进行高效的传球和攻击。这种球体的设计注重耐用性，能够在连续的比赛中保持其性能，且在材质和制作工艺上具有其独特性。玩家3说：这是一种球体，具有标准尺寸和重量，专为团队运动设计，材质和制作工艺确保了其独特的弹性和耐用性。与其他球类相比，它在重量和弹性上有所不同，适合在比赛中进行多次击打。这种球体在空中飞行时非常稳定，其表面处理增加了摩擦力，使得球在网前能够更好地控制。它的大小和重量经过精确计算，以适应网前快速移动和精准打击的要求。此外，这种球体的设计注重耐用性，能够在高强度的比赛中保持良好的性能。这种球体在体育用品中以其独特的尺寸和重量而著称，专为团队运动中的特定动作设计，如扣球和发球。它的表面处理增加了摩擦力，使得球在空中飞行时更加稳定，便于运动员进行精确操控。球体的重量和大小经过精心设计，以适应运动员在运动中的动态需求，确保了在比赛中的高效使用。此外，这种球体的耐用性使得它能够在频繁使用中保持其性能。玩家4说：这是一种球体，主要用于团队运动，具有标准尺寸和重量，材质坚固，弹性和耐用性出色。与同类球类相比，它在重量和弹性上有所不同，适合进行多次击打。这种球体在体育用品中以其独特的圆形外观和精确的尺寸而著称。它被设计用于在空中进行精准的操控和打击，其表面处理提高了抓地力，使得球在飞行中更加稳定。球体的重量和大小经过精心设计，以适应运动员在运动中的动态需求，确保了在比赛中的高效使用。此外，这种球体的耐用性使得它能够在频繁使用中保持其性能。这种球体在体育用品中以其标准的圆形外观和尺寸而著称，专为团队运动中的特定动作设计，如传球、投篮和扣篮。它的表面处理提高了抓地力，使得球在运动员手中更加稳定，便于在空中进行精准操控和打击。球体的重量和大小经过精确计算，以适应运动员在运动中的动态需求，确保了在比赛中的高效使用。此外，这种球体的耐用性使得它能够在连续的比赛中保持其性能。||在这个游戏中，我们需要通过分析每位玩家的描述来找出卧底。通常，平民的描述会围绕相同的词语展开，而卧底的描述可能会因为词语的不同而显得不太一致。我们需要仔细比较每个描述之间的相似性和差异性，以找出可能的卧底，注意，卧底并不会隐藏自己，他会直接描述他的词语，现在，逐一分析每个玩家的描述，注意，这局游戏的词语分类为<体育用品>，卧底词和平民词都属于该类。||之前是第3轮描述和之前轮数描述的合集。你之前认为的卧底是玩家2。
2024-12-13 15:40:40,812 - 3 - INFO - **********PLAYER3**********
根据第三轮描述和之前的分析，我们可以看到以下情况：

1. 玩家1的描述强调了球体在网球场上的使用，以及其尺寸、重量、弹性和耐久性。

2. 玩家2的描述提到了球体在多种团队运动中的使用，包括其尺寸、重量、弹性、耐用性、材质和制作工艺。

3. 玩家3的描述与玩家1相似，也提到了球体在团队运动中的使用，以及其尺寸、重量、弹性和耐久性。

4. 玩家4的描述提到了球体在团队运动中的使用，包括其尺寸、重量、弹性、耐久性、圆形外观、尺寸、表面处理和材质。

玩家2的描述与玩家1和玩家3的描述最为相似，但玩家2提到了更多的运动类型和球体的材质制作工艺，这可能是一个不一致之处。然而，玩家4的描述也提到了球体的材质和制作工艺，以及其在不同运动中的使用，这与玩家2的描述相似。

考虑到之前的分析，玩家2的描述与排球的特点更为吻合，但玩家4的描述同样详细且包含了球体在不同运动中的使用，这可能与足球或篮球等球类运动相符。

因此，基于描述的相似性和差异性，玩家4的描述与排球的特点有所差异，而与足球或篮球的特点更为接近。如果之前认为玩家2是卧底，那么现在玩家4也可能是卧底，因为他们两个的描述都提到了球体在不同运动中的使用，而其他玩家的描述更专注于团队运动中的特定运动。

最终结论是，玩家4可能是卧底。
2024-12-13 15:40:40,814 - 3 - INFO - **********JUDGER**********
你刚刚的分析是根据第三轮描述和之前的分析，我们可以看到以下情况：

1. 玩家1的描述强调了球体在网球场上的使用，以及其尺寸、重量、弹性和耐久性。

2. 玩家2的描述提到了球体在多种团队运动中的使用，包括其尺寸、重量、弹性、耐用性、材质和制作工艺。

3. 玩家3的描述与玩家1相似，也提到了球体在团队运动中的使用，以及其尺寸、重量、弹性和耐久性。

4. 玩家4的描述提到了球体在团队运动中的使用，包括其尺寸、重量、弹性、耐久性、圆形外观、尺寸、表面处理和材质。

玩家2的描述与玩家1和玩家3的描述最为相似，但玩家2提到了更多的运动类型和球体的材质制作工艺，这可能是一个不一致之处。然而，玩家4的描述也提到了球体的材质和制作工艺，以及其在不同运动中的使用，这与玩家2的描述相似。

考虑到之前的分析，玩家2的描述与排球的特点更为吻合，但玩家4的描述同样详细且包含了球体在不同运动中的使用，这可能与足球或篮球等球类运动相符。

因此，基于描述的相似性和差异性，玩家4的描述与排球的特点有所差异，而与足球或篮球的特点更为接近。如果之前认为玩家2是卧底，那么现在玩家4也可能是卧底，因为他们两个的描述都提到了球体在不同运动中的使用，而其他玩家的描述更专注于团队运动中的特定运动。

最终结论是，玩家4可能是卧底。|| `请根据上述分析，比较描述以找出不一致之处，注意，这局游戏的词语分类为<体育用品>，卧底词和平民词都属于该类。
2024-12-13 15:40:53,019 - 3 - INFO - **********PLAYER3**********
根据上述分析，我们可以比较四位玩家的描述来找出不一致之处：

1. 玩家1的描述集中在网球运动上，特别提到了“网球场”和“网前精准的击打和拦网”，这是排球和网球共有的特征。

2. 玩家2的描述提到了多种团队运动，包括“团队比赛”、“传球”和“攻击”，但没有具体指出是哪种运动，但提到了球体的材质和制作工艺，这可能与排球或足球等球类运动相关。

3. 玩家3的描述与玩家1相似，也提到了“团队运动”和“网前精准的击打和拦网”，但没有提及球体的材质和制作工艺。

4. 玩家4的描述提到了“团队运动”、“传球”、“投篮”和“扣篮”，这些特征与篮球运动相关，而不是排球或网球。

不一致之处在于：

- 玩家4的描述中提到了“投篮”和“扣篮”，这与排球或网球运动无关，而是与篮球运动相关。
- 玩家4的描述中提到了“传球”，这是篮球运动的特点，而不是排球或网球。
- 玩家1、玩家2和玩家3的描述都提到了与网前击打和拦网相关的特征，而玩家4没有提及。

基于这些不一致之处，玩家4的描述与排球或网球的特点不符，更接近于篮球。因此，玩家4的描述可能是与排球不同的球类运动，即篮球，这表明玩家4可能是卧底。
2024-12-13 15:40:53,023 - 3 - INFO - **********JUDGER**********
你刚刚的分析是根据上述分析，我们可以比较四位玩家的描述来找出不一致之处：

1. 玩家1的描述集中在网球运动上，特别提到了“网球场”和“网前精准的击打和拦网”，这是排球和网球共有的特征。

2. 玩家2的描述提到了多种团队运动，包括“团队比赛”、“传球”和“攻击”，但没有具体指出是哪种运动，但提到了球体的材质和制作工艺，这可能与排球或足球等球类运动相关。

3. 玩家3的描述与玩家1相似，也提到了“团队运动”和“网前精准的击打和拦网”，但没有提及球体的材质和制作工艺。

4. 玩家4的描述提到了“团队运动”、“传球”、“投篮”和“扣篮”，这些特征与篮球运动相关，而不是排球或网球。

不一致之处在于：

- 玩家4的描述中提到了“投篮”和“扣篮”，这与排球或网球运动无关，而是与篮球运动相关。
- 玩家4的描述中提到了“传球”，这是篮球运动的特点，而不是排球或网球。
- 玩家1、玩家2和玩家3的描述都提到了与网前击打和拦网相关的特征，而玩家4没有提及。

基于这些不一致之处，玩家4的描述与排球或网球的特点不符，更接近于篮球。因此，玩家4的描述可能是与排球不同的球类运动，即篮球，这表明玩家4可能是卧底。|| 请通过你分析的不一致之处，推断卧底身份，注意，这局游戏的词语分类为<体育用品>，卧底词和平民词都属于该类。
2024-12-13 15:40:54,717 - 3 - INFO - **********PLAYER3**********
4
2024-12-13 15:40:54,718 - 3 - INFO - **********JUDGER**********
你刚刚的推断是4|| 基于你刚刚的推断得出你的最终结论，请输出你认为的卧底，在这种情况下只需要输出编号，是1-4中的某个数字，不要输出其他信息。在这个过程不要进行任何推理，只对||以前的部分进行信息提取
2024-12-13 15:40:56,570 - 3 - INFO - **********PLAYER3**********
4
