2024-12-13 15:32:22,737 - 4 - INFO - **********JUDGER**********
让我们来玩一个叫做<谁是卧底>的推理游戏。基本规则：<人数>：4人。<角色分配>：每位玩家随机抽取一个词语，3名玩家拿到的词语是相同的（平民词），1名玩家拿到与之相近但不同的词语（卧底词）。<游戏流程>：1、玩家轮流描述自己的词语，但<不能>直接说出词语本身。2、描述完毕后，投票选出最像卧底的玩家。3、每轮结束后，被投票选出的玩家出局，不能再进行描述或投票。4、每轮投票结束后，如果卧底被成功找出，平民方获胜；如果卧底未被找出且卧底人数等于或超过平民人数，则卧底方获胜。你将扮演一个<玩家>，请等待你被分配到的关键词。如果你听懂了，只回答，"好的，我准备好参加游戏了"，不要输出别的信息
2024-12-13 15:32:23,648 - 4 - INFO - **********PLAYER4**********
好的，我准备好参加游戏了
2024-12-13 15:32:34,723 - 4 - INFO - **********JUDGER**********
玩家1说：这是一种球体，通常用于网球场上的团队运动，其特征是弹性好，适合在空中进行多次击打。在体育用品中，它以其独特的尺寸和重量而著称。玩家2说：这是一种圆球形的体育用品，通常用于团队比赛，具有很好的弹性，可以在空中进行多次击打。它在同类体育用品中以其标准尺寸和重量而闻名，是许多团队运动中不可或缺的道具。与其他类似的球类相比，它在材质和制作工艺上有所不同，确保了其独特的性能。玩家3说：这是一种球体，具有标准尺寸和重量，专为团队运动设计，材质和制作工艺确保了其独特的弹性和耐用性。与其他球类相比，它在重量和弹性上有所不同，适合在比赛中进行多次击打。玩家4说：|| 你是第4号玩家，你的关键词是<篮球>。你的回答中绝对不能包含你的关键词<篮球>。这是第一轮描述，不需要分析||之前别的玩家的描述，请你描述关键词基本特征，注意，这局游戏的词语分类为<体育用品>，卧底词和平民词都属于该类，描述包括以下两点，1.他的基本特征是什么2.他在该类（体育用品）中最突出不同的特征是什么，尽量简短
2024-12-13 15:32:37,081 - 4 - INFO - **********PLAYER4**********
这是一种球体，主要用于团队运动，具有标准尺寸和重量，材质坚固，弹性和耐用性出色。与同类球类相比，它在重量和弹性上有所不同，适合进行多次击打。
2024-12-13 15:34:53,024 - 4 - INFO - **********JUDGER**********
玩家1说：这是一种球体，通常用于网球场上的团队运动，其特征是弹性好，适合在空中进行多次击打。在体育用品中，它以其独特的尺寸和重量而著称。玩家2说：这是一种圆球形的体育用品，通常用于团队比赛，具有很好的弹性，可以在空中进行多次击打。它在同类体育用品中以其标准尺寸和重量而闻名，是许多团队运动中不可或缺的道具。与其他类似的球类相比，它在材质和制作工艺上有所不同，确保了其独特的性能。玩家3说：这是一种球体，具有标准尺寸和重量，专为团队运动设计，材质和制作工艺确保了其独特的弹性和耐用性。与其他球类相比，它在重量和弹性上有所不同，适合在比赛中进行多次击打。玩家4说：||在这个游戏中，我们需要通过分析每位玩家的描述来找出卧底。通常，平民的描述会围绕相同的词语展开，而卧底的描述可能会因为词语的不同而显得不太一致。我们需要仔细比较每个描述之间的相似性和差异性，以找出可能的卧底，注意，卧底并不会隐藏自己，他会直接描述他的词语，现在，逐一分析每个玩家的描述，注意，这局游戏的词语分类为<体育用品>，卧底词和平民词都属于该类。这是第一轮描述。
2024-12-13 15:35:07,694 - 4 - INFO - **********PLAYER4**********
好的，根据玩家的描述，我们可以进行以下分析：

玩家1描述了一个球体，用于网球场上的团队运动，强调弹性好，尺寸和重量独特。

玩家2的描述与玩家1相似，也提到了球体用于团队比赛，具有弹性，标准尺寸和重量，以及材质和制作工艺的独特性。

玩家3的描述再次提到了球体的标准尺寸和重量，专为团队运动设计，材质和制作工艺确保了弹性和耐用性，与球类的其他特性有所区别。

玩家4没有提供描述，而是提醒我们如何分析游戏。

从描述中可以看出，玩家1、2和3的描述都非常相似，都指向了一个具有标准尺寸和重量、用于团队运动、具有良好弹性的球体。这表明他们可能是平民，因为他们似乎在描述同一个词语。

然而，玩家4没有提供具体的描述，这可能会引起怀疑，因为平民通常会给出详细的描述来引导其他玩家。因此，玩家4可能是卧底，他在故意隐藏自己的词语。

综上所述，玩家4可能是卧底，因为他的描述与平民的描述不符，且没有提供具体的描述来引导其他玩家。
2024-12-13 15:35:07,696 - 4 - INFO - **********JUDGER**********
你刚刚的分析是好的，根据玩家的描述，我们可以进行以下分析：

玩家1描述了一个球体，用于网球场上的团队运动，强调弹性好，尺寸和重量独特。

玩家2的描述与玩家1相似，也提到了球体用于团队比赛，具有弹性，标准尺寸和重量，以及材质和制作工艺的独特性。

玩家3的描述再次提到了球体的标准尺寸和重量，专为团队运动设计，材质和制作工艺确保了弹性和耐用性，与球类的其他特性有所区别。

玩家4没有提供描述，而是提醒我们如何分析游戏。

从描述中可以看出，玩家1、2和3的描述都非常相似，都指向了一个具有标准尺寸和重量、用于团队运动、具有良好弹性的球体。这表明他们可能是平民，因为他们似乎在描述同一个词语。

然而，玩家4没有提供具体的描述，这可能会引起怀疑，因为平民通常会给出详细的描述来引导其他玩家。因此，玩家4可能是卧底，他在故意隐藏自己的词语。

综上所述，玩家4可能是卧底，因为他的描述与平民的描述不符，且没有提供具体的描述来引导其他玩家。|| `请根据上述分析，比较描述以找出不一致之处，注意，这局游戏的词语分类为<体育用品>，卧底词和平民词都属于该类。
2024-12-13 15:35:21,757 - 4 - INFO - **********PLAYER4**********
根据上述分析，我们可以比较描述以找出不一致之处：

1. 玩家1和玩家2的描述都提到了球体用于团队运动，具有弹性，标准尺寸和重量，以及材质和制作工艺的独特性。这些描述都非常相似，指向了同一个球体。

2. 玩家3的描述同样提到了球体的标准尺寸和重量，专为团队运动设计，材质和制作工艺确保了弹性和耐用性。这也与玩家1和玩家2的描述相符。

3. 玩家4没有提供具体的描述，而是提醒了游戏的分析方法。这与其他玩家的详细描述形成了对比。

不一致之处在于：

- 玩家4没有给出具体的描述，而玩家1、2和3都提供了关于球体的详细特征描述。
- 玩家4的行为与平民玩家的典型行为不符，平民玩家通常会给出描述以引导其他玩家。

因此，玩家4的描述与玩家1、2和3的描述不一致，这可能表明玩家4是卧底，因为卧底可能不会提供具体的描述来隐藏自己的身份。在<体育用品>的分类下，如果玩家4的词语与描述中的球体特征不匹配，那么玩家4的词语可能是与球体相关的另一种体育用品，从而成为卧底。
2024-12-13 15:35:21,758 - 4 - INFO - **********JUDGER**********
你刚刚的分析是根据上述分析，我们可以比较描述以找出不一致之处：

1. 玩家1和玩家2的描述都提到了球体用于团队运动，具有弹性，标准尺寸和重量，以及材质和制作工艺的独特性。这些描述都非常相似，指向了同一个球体。

2. 玩家3的描述同样提到了球体的标准尺寸和重量，专为团队运动设计，材质和制作工艺确保了弹性和耐用性。这也与玩家1和玩家2的描述相符。

3. 玩家4没有提供具体的描述，而是提醒了游戏的分析方法。这与其他玩家的详细描述形成了对比。

不一致之处在于：

- 玩家4没有给出具体的描述，而玩家1、2和3都提供了关于球体的详细特征描述。
- 玩家4的行为与平民玩家的典型行为不符，平民玩家通常会给出描述以引导其他玩家。

因此，玩家4的描述与玩家1、2和3的描述不一致，这可能表明玩家4是卧底，因为卧底可能不会提供具体的描述来隐藏自己的身份。在<体育用品>的分类下，如果玩家4的词语与描述中的球体特征不匹配，那么玩家4的词语可能是与球体相关的另一种体育用品，从而成为卧底。|| 请通过你分析的不一致之处，推断卧底身份，注意，这局游戏的词语分类为<体育用品>，卧底词和平民词都属于该类。
2024-12-13 15:35:51,063 - 4 - INFO - **********PLAYER4**********
基于分析中指出的不一致之处，我们可以推断卧底身份：

1. 玩家1、玩家2和玩家3的描述都指向了一个具有标准尺寸和重量、用于团队运动、具有良好弹性的球体。这种描述很可能是关于网球、篮球或足球等常见的球类体育用品。

2. 玩家4没有提供具体的描述，而是强调了分析游戏的方法。这种行为可能表明玩家4有意避免直接描述他的词语，这通常是一个卧底的行为，因为卧底可能会试图混淆视听，而不是提供清晰的线索。

3. 在<体育用品>的分类下，如果玩家4的词语与描述中的球体特征不匹配，那么他的词语可能是与球体相关的另一种体育用品。考虑到常见的球类体育用品，玩家4的卧底词可能是一个与标准球体特征不同的球类，比如排球、橄榄球或手球等。

综合以上分析，玩家4很可能是卧底，因为他的描述行为与其他玩家提供详细描述的行为不一致，且没有直接描述他的词语。考虑到体育用品的分类，玩家4的卧底词可能是排球、橄榄球或手球等，这些球类在尺寸、重量或用途上与网球、篮球或足球等标准球类有所不同。
2024-12-13 15:35:51,063 - 4 - INFO - **********JUDGER**********
你刚刚的推断是基于分析中指出的不一致之处，我们可以推断卧底身份：

1. 玩家1、玩家2和玩家3的描述都指向了一个具有标准尺寸和重量、用于团队运动、具有良好弹性的球体。这种描述很可能是关于网球、篮球或足球等常见的球类体育用品。

2. 玩家4没有提供具体的描述，而是强调了分析游戏的方法。这种行为可能表明玩家4有意避免直接描述他的词语，这通常是一个卧底的行为，因为卧底可能会试图混淆视听，而不是提供清晰的线索。

3. 在<体育用品>的分类下，如果玩家4的词语与描述中的球体特征不匹配，那么他的词语可能是与球体相关的另一种体育用品。考虑到常见的球类体育用品，玩家4的卧底词可能是一个与标准球体特征不同的球类，比如排球、橄榄球或手球等。

综合以上分析，玩家4很可能是卧底，因为他的描述行为与其他玩家提供详细描述的行为不一致，且没有直接描述他的词语。考虑到体育用品的分类，玩家4的卧底词可能是排球、橄榄球或手球等，这些球类在尺寸、重量或用途上与网球、篮球或足球等标准球类有所不同。|| 基于你刚刚的推断得出你的最终结论，请输出你认为的卧底，在这种情况下只需要输出编号，是1-4中的某个数字，不要输出其他信息。在这个过程不要进行任何推理，只对||以前的部分进行信息提取
2024-12-13 15:35:52,068 - 4 - INFO - **********PLAYER4**********
4
2024-12-13 15:36:12,196 - 4 - INFO - **********JUDGER**********
玩家1说：这是一种球体，通常用于网球场上的团队运动，其特征是弹性好，适合在空中进行多次击打。在体育用品中，它以其独特的尺寸和重量而著称。这个球体在体育用品中以其特定的用途而知名，它的大小和重量经过精确设计，以便在网前进行精准的击打和拦网。它的表面处理增加了抓地力，使得球在空中飞行时更加稳定。玩家2说：这是一种圆球形的体育用品，通常用于团队比赛，具有很好的弹性，可以在空中进行多次击打。它在同类体育用品中以其标准尺寸和重量而闻名，是许多团队运动中不可或缺的道具。与其他类似的球类相比，它在材质和制作工艺上有所不同，确保了其独特的性能。这是一种球体，设计用于特定的团队运动，它的表面处理和材质使其在空中飞行时非常稳定，且易于控制。它的大小和重量经过精心设计，以适应特定的运动需求，确保了在比赛中能够进行有效的击打和拦网。与其他同类体育用品相比，它在耐用性和手感上具有显著优势。玩家3说：这是一种球体，具有标准尺寸和重量，专为团队运动设计，材质和制作工艺确保了其独特的弹性和耐用性。与其他球类相比，它在重量和弹性上有所不同，适合在比赛中进行多次击打。这种球体在空中飞行时非常稳定，其表面处理增加了摩擦力，使得球在网前能够更好地控制。它的大小和重量经过精确计算，以适应网前快速移动和精准打击的要求。此外，这种球体的设计注重耐用性，能够在高强度的比赛中保持良好的性能。玩家4说：这是一种球体，主要用于团队运动，具有标准尺寸和重量，材质坚固，弹性和耐用性出色。与同类球类相比，它在重量和弹性上有所不同，适合进行多次击打。你是第4号玩家，你的关键词是<篮球>。你的回答中绝对不能包含你的关键词<篮球>。这是第二轮描述，你之前的描述是这是一种球体，主要用于团队运动，具有标准尺寸和重量，材质坚固，弹性和耐用性出色。与同类球类相比，它在重量和弹性上有所不同，适合进行多次击打。，注意，这局游戏的词语分类为<体育用品>，卧底词和平民词都属于该类，请你补充关于关键词的描述，注意，你的描述应该比起之前的描述更加贴近关键词，作为之前的补充
2024-12-13 15:36:17,840 - 4 - INFO - **********PLAYER4**********
这种球体在体育用品中以其独特的圆形外观和精确的尺寸而著称。它被设计用于在空中进行精准的操控和打击，其表面处理提高了抓地力，使得球在飞行中更加稳定。球体的重量和大小经过精心设计，以适应运动员在运动中的动态需求，确保了在比赛中的高效使用。此外，这种球体的耐用性使得它能够在频繁使用中保持其性能。
2024-12-13 15:37:59,744 - 4 - INFO - **********JUDGER**********
玩家1说：这是一种球体，通常用于网球场上的团队运动，其特征是弹性好，适合在空中进行多次击打。在体育用品中，它以其独特的尺寸和重量而著称。这个球体在体育用品中以其特定的用途而知名，它的大小和重量经过精确设计，以便在网前进行精准的击打和拦网。它的表面处理增加了抓地力，使得球在空中飞行时更加稳定。玩家2说：这是一种圆球形的体育用品，通常用于团队比赛，具有很好的弹性，可以在空中进行多次击打。它在同类体育用品中以其标准尺寸和重量而闻名，是许多团队运动中不可或缺的道具。与其他类似的球类相比，它在材质和制作工艺上有所不同，确保了其独特的性能。这是一种球体，设计用于特定的团队运动，它的表面处理和材质使其在空中飞行时非常稳定，且易于控制。它的大小和重量经过精心设计，以适应特定的运动需求，确保了在比赛中能够进行有效的击打和拦网。与其他同类体育用品相比，它在耐用性和手感上具有显著优势。玩家3说：这是一种球体，具有标准尺寸和重量，专为团队运动设计，材质和制作工艺确保了其独特的弹性和耐用性。与其他球类相比，它在重量和弹性上有所不同，适合在比赛中进行多次击打。这种球体在空中飞行时非常稳定，其表面处理增加了摩擦力，使得球在网前能够更好地控制。它的大小和重量经过精确计算，以适应网前快速移动和精准打击的要求。此外，这种球体的设计注重耐用性，能够在高强度的比赛中保持良好的性能。玩家4说：这是一种球体，主要用于团队运动，具有标准尺寸和重量，材质坚固，弹性和耐用性出色。与同类球类相比，它在重量和弹性上有所不同，适合进行多次击打。||在这个游戏中，我们需要通过分析每位玩家的描述来找出卧底。通常，平民的描述会围绕相同的词语展开，而卧底的描述可能会因为词语的不同而显得不太一致。我们需要仔细比较每个描述之间的相似性和差异性，以找出可能的卧底，注意，卧底并不会隐藏自己，他会直接描述他的词语，现在，逐一分析每个玩家的描述，注意，这局游戏的词语分类为<体育用品>，卧底词和平民词都属于该类。||之前是第2轮描述和之前轮数描述的合集。你之前认为的卧底是玩家4。
2024-12-13 15:38:13,834 - 4 - INFO - **********PLAYER4**********
根据第二轮描述和之前的分析，我之前的推断是玩家4可能是卧底。现在，让我们逐一分析每个玩家的描述：

玩家1的描述强调了球体在网球场上的团队运动中的特定用途，包括弹性、尺寸、重量和表面处理。

玩家2的描述与玩家1相似，也提到了球体在团队运动中的用途，以及其尺寸、重量、材质和制作工艺的独特性。

玩家3的描述再次提到了球体的标准尺寸和重量，以及其在比赛中的稳定性和耐用性，特别强调了其在网前的控制。

玩家4的描述提到了球体主要用于团队运动，具有标准尺寸和重量，材质坚固，弹性和耐用性出色，与同类球类相比，它在重量和弹性上有所不同。

从描述的相似性来看，玩家1、2和3的描述都围绕着球体的尺寸、重量、弹性、耐用性和在特定运动中的用途展开，这表明他们可能在使用相同的词语。

然而，玩家4的描述虽然也提到了尺寸、重量和弹性，但没有强调球体在特定运动中的用途，也没有提到表面处理或耐用性，这与玩家1、2和3的描述有所不同。

考虑到之前的分析，玩家4的描述与平民的描述相比显得不太一致，这仍然支持玩家4可能是卧底的推断。因此，基于第二轮描述的分析，我仍然认为玩家4是卧底。
2024-12-13 15:38:13,836 - 4 - INFO - **********JUDGER**********
你刚刚的分析是根据第二轮描述和之前的分析，我之前的推断是玩家4可能是卧底。现在，让我们逐一分析每个玩家的描述：

玩家1的描述强调了球体在网球场上的团队运动中的特定用途，包括弹性、尺寸、重量和表面处理。

玩家2的描述与玩家1相似，也提到了球体在团队运动中的用途，以及其尺寸、重量、材质和制作工艺的独特性。

玩家3的描述再次提到了球体的标准尺寸和重量，以及其在比赛中的稳定性和耐用性，特别强调了其在网前的控制。

玩家4的描述提到了球体主要用于团队运动，具有标准尺寸和重量，材质坚固，弹性和耐用性出色，与同类球类相比，它在重量和弹性上有所不同。

从描述的相似性来看，玩家1、2和3的描述都围绕着球体的尺寸、重量、弹性、耐用性和在特定运动中的用途展开，这表明他们可能在使用相同的词语。

然而，玩家4的描述虽然也提到了尺寸、重量和弹性，但没有强调球体在特定运动中的用途，也没有提到表面处理或耐用性，这与玩家1、2和3的描述有所不同。

考虑到之前的分析，玩家4的描述与平民的描述相比显得不太一致，这仍然支持玩家4可能是卧底的推断。因此，基于第二轮描述的分析，我仍然认为玩家4是卧底。|| `请根据上述分析，比较描述以找出不一致之处，注意，这局游戏的词语分类为<体育用品>，卧底词和平民词都属于该类。
2024-12-13 15:38:27,205 - 4 - INFO - **********PLAYER4**********
根据上述分析，我们可以比较描述以找出不一致之处：

1. 玩家1、玩家2和玩家3的描述都提到了球体的尺寸、重量、弹性、耐用性以及它们在特定运动中的用途。这些描述都强调了球体在比赛中的性能特征，如表面处理、抓地力、稳定性等。

2. 玩家4的描述虽然也提到了球体的尺寸、重量、弹性和耐用性，但没有提到球体在特定运动中的用途，也没有强调表面处理或抓地力等性能特征。

不一致之处在于：

- 玩家4的描述缺乏对球体在特定运动中用途的提及，而玩家1、2和3的描述都明确指出了球体适用于网球场上的团队运动。
- 玩家4的描述没有强调球体的表面处理或抓地力，而这是玩家1、2和3描述中的一个共同点。

这些不一致之处表明玩家4的描述可能与玩家1、2和3的描述指向不同的球类，从而增加了玩家4是卧底的可能性。在<体育用品>的分类下，如果玩家4的词语不是网球、篮球或足球等标准球类，那么他的词语可能是与这些球类不同的球类，比如排球、橄榄球或手球等。
2024-12-13 15:38:27,211 - 4 - INFO - **********JUDGER**********
你刚刚的分析是根据上述分析，我们可以比较描述以找出不一致之处：

1. 玩家1、玩家2和玩家3的描述都提到了球体的尺寸、重量、弹性、耐用性以及它们在特定运动中的用途。这些描述都强调了球体在比赛中的性能特征，如表面处理、抓地力、稳定性等。

2. 玩家4的描述虽然也提到了球体的尺寸、重量、弹性和耐用性，但没有提到球体在特定运动中的用途，也没有强调表面处理或抓地力等性能特征。

不一致之处在于：

- 玩家4的描述缺乏对球体在特定运动中用途的提及，而玩家1、2和3的描述都明确指出了球体适用于网球场上的团队运动。
- 玩家4的描述没有强调球体的表面处理或抓地力，而这是玩家1、2和3描述中的一个共同点。

这些不一致之处表明玩家4的描述可能与玩家1、2和3的描述指向不同的球类，从而增加了玩家4是卧底的可能性。在<体育用品>的分类下，如果玩家4的词语不是网球、篮球或足球等标准球类，那么他的词语可能是与这些球类不同的球类，比如排球、橄榄球或手球等。|| 请通过你分析的不一致之处，推断卧底身份，注意，这局游戏的词语分类为<体育用品>，卧底词和平民词都属于该类。
2024-12-13 15:38:32,620 - 4 - INFO - **********PLAYER4**********
基于分析的不一致之处，可以推断卧底身份：

- 玩家4的描述没有提到球体在特定运动中的用途，而玩家1、2和3的描述都明确指向了网球运动。
- 玩家4的描述没有强调球体的表面处理或抓地力，而玩家1、2和3的描述都提到了这些特性。

考虑到这些差异，以及游戏中的词语分类为<体育用品>，玩家4可能是卧底，因为他的描述与玩家1、2和3的描述不一致，且没有提到与网球相关的特定特征。因此，玩家4很可能是卧底。
2024-12-13 15:38:32,621 - 4 - INFO - **********JUDGER**********
你刚刚的推断是基于分析的不一致之处，可以推断卧底身份：

- 玩家4的描述没有提到球体在特定运动中的用途，而玩家1、2和3的描述都明确指向了网球运动。
- 玩家4的描述没有强调球体的表面处理或抓地力，而玩家1、2和3的描述都提到了这些特性。

考虑到这些差异，以及游戏中的词语分类为<体育用品>，玩家4可能是卧底，因为他的描述与玩家1、2和3的描述不一致，且没有提到与网球相关的特定特征。因此，玩家4很可能是卧底。|| 基于你刚刚的推断得出你的最终结论，请输出你认为的卧底，在这种情况下只需要输出编号，是1-4中的某个数字，不要输出其他信息。在这个过程不要进行任何推理，只对||以前的部分进行信息提取
2024-12-13 15:38:33,692 - 4 - INFO - **********PLAYER4**********
4
2024-12-13 15:38:54,144 - 4 - INFO - **********JUDGER**********
玩家1说：这是一种球体，通常用于网球场上的团队运动，其特征是弹性好，适合在空中进行多次击打。在体育用品中，它以其独特的尺寸和重量而著称。这个球体在体育用品中以其特定的用途而知名，它的大小和重量经过精确设计，以便在网前进行精准的击打和拦网。它的表面处理增加了抓地力，使得球在空中飞行时更加稳定。这个球体在体育用品中以其精确的圆形外观和尺寸而著称，专为团队运动设计，具有优异的弹性和耐久性。它的表面处理增强了抓地力，使得球在空中飞行时更加稳定，适合进行精准的操控和打击。玩家2说：这是一种圆球形的体育用品，通常用于团队比赛，具有很好的弹性，可以在空中进行多次击打。它在同类体育用品中以其标准尺寸和重量而闻名，是许多团队运动中不可或缺的道具。与其他类似的球类相比，它在材质和制作工艺上有所不同，确保了其独特的性能。这是一种球体，设计用于特定的团队运动，它的表面处理和材质使其在空中飞行时非常稳定，且易于控制。它的大小和重量经过精心设计，以适应特定的运动需求，确保了在比赛中能够进行有效的击打和拦网。与其他同类体育用品相比，它在耐用性和手感上具有显著优势。这种球体在体育用品中以其特定的用途而著称，它的大小和重量经过精确设计，以便在空中进行精准的操控和打击。它的表面处理增强了抓地力，使得球在飞行中更加稳定，适合进行高效的传球和攻击。这种球体的设计注重耐用性，能够在连续的比赛中保持其性能，且在材质和制作工艺上具有其独特性。玩家3说：这是一种球体，具有标准尺寸和重量，专为团队运动设计，材质和制作工艺确保了其独特的弹性和耐用性。与其他球类相比，它在重量和弹性上有所不同，适合在比赛中进行多次击打。这种球体在空中飞行时非常稳定，其表面处理增加了摩擦力，使得球在网前能够更好地控制。它的大小和重量经过精确计算，以适应网前快速移动和精准打击的要求。此外，这种球体的设计注重耐用性，能够在高强度的比赛中保持良好的性能。这种球体在体育用品中以其独特的尺寸和重量而著称，专为团队运动中的特定动作设计，如扣球和发球。它的表面处理增加了摩擦力，使得球在空中飞行时更加稳定，便于运动员进行精确操控。球体的重量和大小经过精心设计，以适应运动员在运动中的动态需求，确保了在比赛中的高效使用。此外，这种球体的耐用性使得它能够在频繁使用中保持其性能。玩家4说：这是一种球体，主要用于团队运动，具有标准尺寸和重量，材质坚固，弹性和耐用性出色。与同类球类相比，它在重量和弹性上有所不同，适合进行多次击打。这种球体在体育用品中以其独特的圆形外观和精确的尺寸而著称。它被设计用于在空中进行精准的操控和打击，其表面处理提高了抓地力，使得球在飞行中更加稳定。球体的重量和大小经过精心设计，以适应运动员在运动中的动态需求，确保了在比赛中的高效使用。此外，这种球体的耐用性使得它能够在频繁使用中保持其性能。你是第4号玩家，你的关键词是<篮球>。你的回答中绝对不能包含你的关键词<篮球>。这是第三轮描述，你之前的描述是这是一种球体，主要用于团队运动，具有标准尺寸和重量，材质坚固，弹性和耐用性出色。与同类球类相比，它在重量和弹性上有所不同，适合进行多次击打。和这种球体在体育用品中以其独特的圆形外观和精确的尺寸而著称。它被设计用于在空中进行精准的操控和打击，其表面处理提高了抓地力，使得球在飞行中更加稳定。球体的重量和大小经过精心设计，以适应运动员在运动中的动态需求，确保了在比赛中的高效使用。此外，这种球体的耐用性使得它能够在频繁使用中保持其性能。，注意，这局游戏的词语分类为<体育用品>，卧底词和平民词都属于该类，请你补充关于关键词的描述，注意，你的描述应该比起之前的描述更加贴近关键词，作为之前的补充
2024-12-13 15:38:58,127 - 4 - INFO - **********PLAYER4**********
这种球体在体育用品中以其标准的圆形外观和尺寸而著称，专为团队运动中的特定动作设计，如传球、投篮和扣篮。它的表面处理提高了抓地力，使得球在运动员手中更加稳定，便于在空中进行精准操控和打击。球体的重量和大小经过精确计算，以适应运动员在运动中的动态需求，确保了在比赛中的高效使用。此外，这种球体的耐用性使得它能够在连续的比赛中保持其性能。
2024-12-13 15:40:56,571 - 4 - INFO - **********JUDGER**********
玩家1说：这是一种球体，通常用于网球场上的团队运动，其特征是弹性好，适合在空中进行多次击打。在体育用品中，它以其独特的尺寸和重量而著称。这个球体在体育用品中以其特定的用途而知名，它的大小和重量经过精确设计，以便在网前进行精准的击打和拦网。它的表面处理增加了抓地力，使得球在空中飞行时更加稳定。这个球体在体育用品中以其精确的圆形外观和尺寸而著称，专为团队运动设计，具有优异的弹性和耐久性。它的表面处理增强了抓地力，使得球在空中飞行时更加稳定，适合进行精准的操控和打击。玩家2说：这是一种圆球形的体育用品，通常用于团队比赛，具有很好的弹性，可以在空中进行多次击打。它在同类体育用品中以其标准尺寸和重量而闻名，是许多团队运动中不可或缺的道具。与其他类似的球类相比，它在材质和制作工艺上有所不同，确保了其独特的性能。这是一种球体，设计用于特定的团队运动，它的表面处理和材质使其在空中飞行时非常稳定，且易于控制。它的大小和重量经过精心设计，以适应特定的运动需求，确保了在比赛中能够进行有效的击打和拦网。与其他同类体育用品相比，它在耐用性和手感上具有显著优势。这种球体在体育用品中以其特定的用途而著称，它的大小和重量经过精确设计，以便在空中进行精准的操控和打击。它的表面处理增强了抓地力，使得球在飞行中更加稳定，适合进行高效的传球和攻击。这种球体的设计注重耐用性，能够在连续的比赛中保持其性能，且在材质和制作工艺上具有其独特性。玩家3说：这是一种球体，具有标准尺寸和重量，专为团队运动设计，材质和制作工艺确保了其独特的弹性和耐用性。与其他球类相比，它在重量和弹性上有所不同，适合在比赛中进行多次击打。这种球体在空中飞行时非常稳定，其表面处理增加了摩擦力，使得球在网前能够更好地控制。它的大小和重量经过精确计算，以适应网前快速移动和精准打击的要求。此外，这种球体的设计注重耐用性，能够在高强度的比赛中保持良好的性能。这种球体在体育用品中以其独特的尺寸和重量而著称，专为团队运动中的特定动作设计，如扣球和发球。它的表面处理增加了摩擦力，使得球在空中飞行时更加稳定，便于运动员进行精确操控。球体的重量和大小经过精心设计，以适应运动员在运动中的动态需求，确保了在比赛中的高效使用。此外，这种球体的耐用性使得它能够在频繁使用中保持其性能。玩家4说：这是一种球体，主要用于团队运动，具有标准尺寸和重量，材质坚固，弹性和耐用性出色。与同类球类相比，它在重量和弹性上有所不同，适合进行多次击打。这种球体在体育用品中以其独特的圆形外观和精确的尺寸而著称。它被设计用于在空中进行精准的操控和打击，其表面处理提高了抓地力，使得球在飞行中更加稳定。球体的重量和大小经过精心设计，以适应运动员在运动中的动态需求，确保了在比赛中的高效使用。此外，这种球体的耐用性使得它能够在频繁使用中保持其性能。这种球体在体育用品中以其标准的圆形外观和尺寸而著称，专为团队运动中的特定动作设计，如传球、投篮和扣篮。它的表面处理提高了抓地力，使得球在运动员手中更加稳定，便于在空中进行精准操控和打击。球体的重量和大小经过精确计算，以适应运动员在运动中的动态需求，确保了在比赛中的高效使用。此外，这种球体的耐用性使得它能够在连续的比赛中保持其性能。||在这个游戏中，我们需要通过分析每位玩家的描述来找出卧底。通常，平民的描述会围绕相同的词语展开，而卧底的描述可能会因为词语的不同而显得不太一致。我们需要仔细比较每个描述之间的相似性和差异性，以找出可能的卧底，注意，卧底并不会隐藏自己，他会直接描述他的词语，现在，逐一分析每个玩家的描述，注意，这局游戏的词语分类为<体育用品>，卧底词和平民词都属于该类。||之前是第3轮描述和之前轮数描述的合集。你之前认为的卧底是玩家4。
2024-12-13 15:41:09,967 - 4 - INFO - **********PLAYER4**********
在第三轮描述中，我们可以看到玩家1、2、3和4的描述都非常相似，都强调了球体的圆形外观、标准尺寸和重量、弹性、耐用性以及表面处理等特点。这些描述都指向了网球、篮球或足球等常见的球类体育用品。

玩家1的描述中提到了球体在网球场上的团队运动中的特定用途，以及其在网前进行精准击打和拦网的设计。

玩家2的描述与玩家1相似，同样提到了球体在团队运动中的用途，以及其标准尺寸、重量、材质和制作工艺的独特性。

玩家3的描述也强调了球体的标准尺寸和重量、独特的弹性和耐用性，以及其在网前的控制。

玩家4的描述与之前几轮的描述非常相似，提到了球体的标准尺寸和重量、圆形外观、弹性和耐用性，以及其在空中飞行时的稳定性和运动员在运动中的动态需求。

由于玩家4的描述与玩家1、2、3的描述非常一致，没有出现显著的不一致之处，这表明玩家4的描述可能与平民的描述相同。因此，根据游戏规则和之前的分析，玩家4的描述并没有提供足够的信息来证明他不是卧底。

综合以上分析，玩家4的描述与平民的描述相似，没有出现明显的差异，因此，根据之前的推断，玩家4仍然可能是卧底。然而，由于所有玩家的描述都指向了相同的球类特征，这表明卧底可能是使用了与描述中的球类特征略有不同的词语。

因此，根据这些信息，我们可以得出结论，玩家4可能是卧底。
2024-12-13 15:41:09,970 - 4 - INFO - **********JUDGER**********
你刚刚的分析是在第三轮描述中，我们可以看到玩家1、2、3和4的描述都非常相似，都强调了球体的圆形外观、标准尺寸和重量、弹性、耐用性以及表面处理等特点。这些描述都指向了网球、篮球或足球等常见的球类体育用品。

玩家1的描述中提到了球体在网球场上的团队运动中的特定用途，以及其在网前进行精准击打和拦网的设计。

玩家2的描述与玩家1相似，同样提到了球体在团队运动中的用途，以及其标准尺寸、重量、材质和制作工艺的独特性。

玩家3的描述也强调了球体的标准尺寸和重量、独特的弹性和耐用性，以及其在网前的控制。

玩家4的描述与之前几轮的描述非常相似，提到了球体的标准尺寸和重量、圆形外观、弹性和耐用性，以及其在空中飞行时的稳定性和运动员在运动中的动态需求。

由于玩家4的描述与玩家1、2、3的描述非常一致，没有出现显著的不一致之处，这表明玩家4的描述可能与平民的描述相同。因此，根据游戏规则和之前的分析，玩家4的描述并没有提供足够的信息来证明他不是卧底。

综合以上分析，玩家4的描述与平民的描述相似，没有出现明显的差异，因此，根据之前的推断，玩家4仍然可能是卧底。然而，由于所有玩家的描述都指向了相同的球类特征，这表明卧底可能是使用了与描述中的球类特征略有不同的词语。

因此，根据这些信息，我们可以得出结论，玩家4可能是卧底。|| `请根据上述分析，比较描述以找出不一致之处，注意，这局游戏的词语分类为<体育用品>，卧底词和平民词都属于该类。
2024-12-13 15:41:28,537 - 4 - INFO - **********PLAYER4**********
根据上述分析，我们可以比较描述以找出不一致之处：

1. 玩家1、玩家2和玩家3的描述都强调了球体的标准尺寸和重量、弹性、耐用性、表面处理以及其在特定运动中的用途，如网前的控制、精准的击打和拦网。

2. 玩家4的描述与玩家1、2、3的描述在上述特征上非常相似，也提到了球体的标准尺寸和重量、弹性、耐用性、表面处理和运动中的动态需求。

不一致之处：

- 虽然玩家4的描述与玩家1、2、3的描述在许多方面相似，但没有一个描述明确指向了特定的运动或球类。玩家4的描述比较通用，没有像玩家1那样特别提到网球场上的团队运动，也没有像玩家2和玩家3那样强调球体的材质和制作工艺的独特性。

- 玩家4的描述中提到了球体的用途是“在空中进行精准的操控和打击”，但没有具体说明是哪种运动中的操控和打击。

由于所有玩家的描述都在很大程度上相似，没有明显的单一特征将玩家4与其他玩家区分开来，因此可以认为玩家4的描述没有提供足够的信息来排除他作为卧底的可能性。在<体育用品>的分类下，如果玩家4的词语与描述中的球体特征不匹配，那么他的词语可能是与描述中的球类不同的球类，比如排球、橄榄球或手球等。
2024-12-13 15:41:28,542 - 4 - INFO - **********JUDGER**********
你刚刚的分析是根据上述分析，我们可以比较描述以找出不一致之处：

1. 玩家1、玩家2和玩家3的描述都强调了球体的标准尺寸和重量、弹性、耐用性、表面处理以及其在特定运动中的用途，如网前的控制、精准的击打和拦网。

2. 玩家4的描述与玩家1、2、3的描述在上述特征上非常相似，也提到了球体的标准尺寸和重量、弹性、耐用性、表面处理和运动中的动态需求。

不一致之处：

- 虽然玩家4的描述与玩家1、2、3的描述在许多方面相似，但没有一个描述明确指向了特定的运动或球类。玩家4的描述比较通用，没有像玩家1那样特别提到网球场上的团队运动，也没有像玩家2和玩家3那样强调球体的材质和制作工艺的独特性。

- 玩家4的描述中提到了球体的用途是“在空中进行精准的操控和打击”，但没有具体说明是哪种运动中的操控和打击。

由于所有玩家的描述都在很大程度上相似，没有明显的单一特征将玩家4与其他玩家区分开来，因此可以认为玩家4的描述没有提供足够的信息来排除他作为卧底的可能性。在<体育用品>的分类下，如果玩家4的词语与描述中的球体特征不匹配，那么他的词语可能是与描述中的球类不同的球类，比如排球、橄榄球或手球等。|| 请通过你分析的不一致之处，推断卧底身份，注意，这局游戏的词语分类为<体育用品>，卧底词和平民词都属于该类。
2024-12-13 15:41:40,709 - 4 - INFO - **********PLAYER4**********
基于分析的不一致之处，可以推断卧底身份：

- 玩家4的描述虽然提到了球体的标准尺寸和重量、弹性、耐用性以及表面处理，但没有具体指向任何特定的运动或球类。这与玩家1、2、3的描述形成了对比，他们的描述中明确提到了球体在网球运动中的特定用途和性能特征。

- 玩家4的描述中提到的“在空中进行精准的操控和打击”是一个比较宽泛的描述，没有具体说明是哪种运动中的操控和打击，这增加了不确定性。

考虑到这些点，玩家4的描述没有提供足够的具体信息来与玩家1、2、3的描述相匹配，这表明玩家4的词语可能与描述中的球体特征不匹配。因此，玩家4可能是卧底，因为他的描述不够具体，没有指向一个明确的球类体育用品。

在<体育用品>的分类下，如果玩家4的词语不是网球、篮球或足球等标准球类，那么他的词语可能是排球、橄榄球或手球等，这些球类在尺寸、重量或用途上与描述中的球类不同。因此，根据分析，玩家4很可能是卧底。
2024-12-13 15:41:40,710 - 4 - INFO - **********JUDGER**********
你刚刚的推断是基于分析的不一致之处，可以推断卧底身份：

- 玩家4的描述虽然提到了球体的标准尺寸和重量、弹性、耐用性以及表面处理，但没有具体指向任何特定的运动或球类。这与玩家1、2、3的描述形成了对比，他们的描述中明确提到了球体在网球运动中的特定用途和性能特征。

- 玩家4的描述中提到的“在空中进行精准的操控和打击”是一个比较宽泛的描述，没有具体说明是哪种运动中的操控和打击，这增加了不确定性。

考虑到这些点，玩家4的描述没有提供足够的具体信息来与玩家1、2、3的描述相匹配，这表明玩家4的词语可能与描述中的球体特征不匹配。因此，玩家4可能是卧底，因为他的描述不够具体，没有指向一个明确的球类体育用品。

在<体育用品>的分类下，如果玩家4的词语不是网球、篮球或足球等标准球类，那么他的词语可能是排球、橄榄球或手球等，这些球类在尺寸、重量或用途上与描述中的球类不同。因此，根据分析，玩家4很可能是卧底。|| 基于你刚刚的推断得出你的最终结论，请输出你认为的卧底，在这种情况下只需要输出编号，是1-4中的某个数字，不要输出其他信息。在这个过程不要进行任何推理，只对||以前的部分进行信息提取
2024-12-13 15:41:42,817 - 4 - INFO - **********PLAYER4**********
4
2024-12-13 15:41:42,818 - 4 - INFO - **********JUDGER**********
你认为卧底是你自己。你现在需要随便选一个人投票。请输出一个数字，是1-4中的某个数字，但这个数字不能是4，不要输出其他信息。
2024-12-13 15:41:45,031 - 4 - INFO - **********PLAYER4**********
1
