2024-12-13 14:08:38,912 - 1 - INFO - **********JUDGER**********
让我们来玩一个叫做<谁是卧底>的推理游戏。基本规则：<人数>：4人。<角色分配>：每位玩家随机抽取一个词语，3名玩家拿到的词语是相同的（平民词），1名玩家拿到与之相近但不同的词语（卧底词）。<游戏流程>：1、玩家轮流描述自己的词语，但<不能>直接说出词语本身。2、描述完毕后，投票选出最像卧底的玩家。3、每轮结束后，被投票选出的玩家出局，不能再进行描述或投票。4、每轮投票结束后，如果卧底被成功找出，平民方获胜；如果卧底未被找出且卧底人数等于或超过平民人数，则卧底方获胜。你将扮演一个<玩家>，请等待你被分配到的关键词。如果你听懂了，只回答，"好的，我准备好参加游戏了"，不要输出别的信息
2024-12-13 14:08:41,154 - 1 - INFO - **********PLAYER1**********
好的，我准备好参加游戏了
2024-12-13 14:08:46,762 - 1 - INFO - **********JUDGER**********
玩家1说：玩家2说：玩家3说：玩家4说：|| 你是第1号玩家，你的关键词是<篮球>。你的回答中绝对不能包含你的关键词<篮球>。这是第一轮描述，不需要分析||之前别的玩家的描述，请你描述关键词基本特征，注意，这局游戏的词语分类为<体育用品>，卧底词和平民词都属于该类，描述包括以下两点，1.他的基本特征是什么2.他在该类（体育用品）中最突出不同的特征是什么，尽量简短
2024-12-13 14:08:48,887 - 1 - INFO - **********PLAYER1**********
这是一个圆形的，通常由橡胶或合成材料制成，用于各种篮球运动的物品。它在体育用品中以其在球类运动中的特殊用途而突出。
2024-12-13 14:08:48,889 - 1 - INFO - **********JUDGER**********
玩家1说：玩家2说：玩家3说：玩家4说：|| 你是第1号玩家，你的关键词是<篮球>。你的回答中绝对不能包含你的关键词<篮球>。这是第一轮描述，不需要分析||之前别的玩家的描述，请你描述关键词基本特征，注意，这局游戏的词语分类为<体育用品>，卧底词和平民词都属于该类，描述包括以下两点，1.他的基本特征是什么2.他在该类（体育用品）中最突出不同的特征是什么，尽量简短
2024-12-13 14:08:50,571 - 1 - INFO - **********PLAYER1**********
这个物品通常由皮革或合成材料制成，用于在比赛中传递和得分。它在该类中最特别的是，它的表面设计有助于球在空中旋转，增加控球和投掷的精确度。
2024-12-13 14:08:57,346 - 1 - INFO - **********JUDGER**********
玩家1说：这个物品通常由皮革或合成材料制成，用于在比赛中传递和得分。它在该类中最特别的是，它的表面设计有助于球在空中旋转，增加控球和投掷的精确度。玩家2说：这个物品通常用于户外运动，它的基本特征是坚硬且表面光滑。在这个类别中，它最突出的不同之处在于它的形状设计独特，有助于提高运动中的精准度和操控性。玩家3说：这个物品是一种圆形的，主要用于手部操作的设备，它的表面通常有特殊的纹理，便于抓握和操控。在这个类别中，它最突出的不同之处在于其材质和设计使其在特定运动中具有卓越的性能。玩家4说：||在这个游戏中，我们需要通过分析每位玩家的描述来找出卧底。通常，平民的描述会围绕相同的词语展开，而卧底的描述可能会因为词语的不同而显得不太一致。我们需要仔细比较每个描述之间的相似性和差异性，以找出可能的卧底，注意，卧底并不会隐藏自己，他会直接描述他的词语，现在，逐一分析每个玩家的描述，注意，这局游戏的词语分类为<体育用品>，卧底词和平民词都属于该类。这是第一轮描述。
2024-12-13 14:09:01,152 - 1 - INFO - **********PLAYER1**********
作为玩家1，我会这样回答：

这个物品通常由不同材质制成，它的主要功能是在户外活动中被使用。在体育用品中，它以其耐用性和易于携带的特点而著称。它在这个类别中特别之处在于，它不仅仅是一个单一的物品，而是一系列相关物品的总称。
2024-12-13 14:09:01,153 - 1 - INFO - **********JUDGER**********
你刚刚的分析是作为玩家1，我会这样回答：

这个物品通常由不同材质制成，它的主要功能是在户外活动中被使用。在体育用品中，它以其耐用性和易于携带的特点而著称。它在这个类别中特别之处在于，它不仅仅是一个单一的物品，而是一系列相关物品的总称。|| `请根据上述分析，比较描述以找出不一致之处，注意，这局游戏的词语分类为<体育用品>，卧底词和平民词都属于该类。
2024-12-13 14:09:18,788 - 1 - INFO - **********PLAYER1**********
根据上述分析，我们可以比较每位玩家的描述来找出不一致之处：

1. 玩家1的描述提到了物品的材质多样性、户外活动使用、耐用性和易于携带，以及它是一系列相关物品的总称。这听起来像是在描述一个类别，而不是一个具体的体育用品。

2. 玩家2的描述强调了物品的材质（皮革或合成材料）、比赛中的用途（传递和得分），以及表面设计的特点（旋转增加精确度）。这是一个具体物品的特征，与篮球相符。

3. 玩家3的描述提到了物品的圆形、手部操作、特殊纹理以及卓越的性能。这些特征更像是描述足球或其他球类，而不是篮球。

4. 玩家4的描述则是对游戏规则和策略的分析，而不是对体育用品的描述。

不一致之处在于玩家1和玩家3的描述似乎与篮球不直接相关，而玩家2的描述非常符合篮球的特征。玩家4的描述与体育用品无关，更像是游戏策略的说明。因此，玩家2的描述与篮球最为一致，而玩家1和玩家3的描述可能需要进一步观察，玩家4的描述则不适用当前的分析。
2024-12-13 14:09:18,789 - 1 - INFO - **********JUDGER**********
你刚刚的分析是根据上述分析，我们可以比较每位玩家的描述来找出不一致之处：

1. 玩家1的描述提到了物品的材质多样性、户外活动使用、耐用性和易于携带，以及它是一系列相关物品的总称。这听起来像是在描述一个类别，而不是一个具体的体育用品。

2. 玩家2的描述强调了物品的材质（皮革或合成材料）、比赛中的用途（传递和得分），以及表面设计的特点（旋转增加精确度）。这是一个具体物品的特征，与篮球相符。

3. 玩家3的描述提到了物品的圆形、手部操作、特殊纹理以及卓越的性能。这些特征更像是描述足球或其他球类，而不是篮球。

4. 玩家4的描述则是对游戏规则和策略的分析，而不是对体育用品的描述。

不一致之处在于玩家1和玩家3的描述似乎与篮球不直接相关，而玩家2的描述非常符合篮球的特征。玩家4的描述与体育用品无关，更像是游戏策略的说明。因此，玩家2的描述与篮球最为一致，而玩家1和玩家3的描述可能需要进一步观察，玩家4的描述则不适用当前的分析。|| 请通过你分析的不一致之处，推断卧底身份，注意，这局游戏的词语分类为<体育用品>，卧底词和平民词都属于该类。
2024-12-13 14:09:31,778 - 1 - INFO - **********PLAYER1**********
基于上述分析，我们可以推断卧底身份如下：

- 玩家1的描述提到的是一个类别而非具体物品，这可能与篮球不直接相关，因此玩家1的描述可能不符合平民的描述模式。
- 玩家2的描述非常具体，且所有特征都与篮球相符，这表明玩家2很可能是平民。
- 玩家3的描述提到的是圆形、手部操作、特殊纹理和卓越性能，这些特征更像是足球或其他球类，而不是篮球，因此玩家3的描述与篮球不匹配，这增加了玩家3是卧底的可能性。
- 玩家4的描述是对游戏规则和策略的分析，与体育用品无关，因此玩家4的描述不支持其作为平民或卧底。

综合以上信息，玩家3的描述与篮球的特征不符，且更像是描述足球或其他球类，因此玩家3最可能是卧底。
2024-12-13 14:09:31,780 - 1 - INFO - **********JUDGER**********
你刚刚的推断是基于上述分析，我们可以推断卧底身份如下：

- 玩家1的描述提到的是一个类别而非具体物品，这可能与篮球不直接相关，因此玩家1的描述可能不符合平民的描述模式。
- 玩家2的描述非常具体，且所有特征都与篮球相符，这表明玩家2很可能是平民。
- 玩家3的描述提到的是圆形、手部操作、特殊纹理和卓越性能，这些特征更像是足球或其他球类，而不是篮球，因此玩家3的描述与篮球不匹配，这增加了玩家3是卧底的可能性。
- 玩家4的描述是对游戏规则和策略的分析，与体育用品无关，因此玩家4的描述不支持其作为平民或卧底。

综合以上信息，玩家3的描述与篮球的特征不符，且更像是描述足球或其他球类，因此玩家3最可能是卧底。|| 基于你刚刚的推断得出你的最终结论，请输出你认为的卧底，在这种情况下只需要输出编号，是1-4中的某个数字，不要输出其他信息。在这个过程不要进行任何推理，只对||以前的部分进行信息提取
2024-12-13 14:09:32,900 - 1 - INFO - **********PLAYER1**********
3
2024-12-13 14:11:34,763 - 1 - INFO - **********JUDGER**********
玩家1说：这个物品通常由皮革或合成材料制成，用于在比赛中传递和得分。它在该类中最特别的是，它的表面设计有助于球在空中旋转，增加控球和投掷的精确度。玩家2说：这个物品通常用于户外运动，它的基本特征是坚硬且表面光滑。在这个类别中，它最突出的不同之处在于它的形状设计独特，有助于提高运动中的精准度和操控性。玩家3说：这个物品是一种圆形的，主要用于手部操作的设备，它的表面通常有特殊的纹理，便于抓握和操控。在这个类别中，它最突出的不同之处在于其材质和设计使其在特定运动中具有卓越的性能。玩家4说：这个物品是一种轻便的长条形器材，主要用于投掷和接住球。它的基本特征是两端尖锐，便于投掷和接球。在该类（体育用品）中最突出的不同特征是，它通常带有旋转，增加了投掷的精确度和控球能力。你是第1号玩家，你的关键词是<篮球>。你的回答中绝对不能包含你的关键词<篮球>。这是第二轮描述，你之前的描述是这是一个圆形的，通常由橡胶或合成材料制成，用于各种篮球运动的物品。它在体育用品中以其在球类运动中的特殊用途而突出。，注意，这局游戏的词语分类为<体育用品>，卧底词和平民词都属于该类，请你补充关于关键词的描述，注意，你的描述应该比起之前的描述更加贴近关键词，作为之前的补充
2024-12-13 14:11:42,233 - 1 - INFO - **********PLAYER1**********
这个物品有着明显的对称性，适合在手中翻转和操控。它的设计使得它可以在空中保持稳定，便于进行复杂的技巧动作。在同类体育用品中，它因其独特的操控性和在运动中的多功能性而备受推崇。
2024-12-13 14:11:55,557 - 1 - INFO - **********JUDGER**********
玩家1说：这个物品通常由皮革或合成材料制成，用于在比赛中传递和得分。它在该类中最特别的是，它的表面设计有助于球在空中旋转，增加控球和投掷的精确度。这个物品有着明显的对称性，适合在手中翻转和操控。它的设计使得它可以在空中保持稳定，便于进行复杂的技巧动作。在同类体育用品中，它因其独特的操控性和在运动中的多功能性而备受推崇。玩家2说：这个物品通常用于户外运动，它的基本特征是坚硬且表面光滑。在这个类别中，它最突出的不同之处在于它的形状设计独特，有助于提高运动中的精准度和操控性。这个物品是一种圆形的，主要用于手部操作的设备。它的表面设计特别，拥有独特的纹理，便于抓握和操控。在同类体育用品中，它以其出色的操控性和多功能性而著称，尤其在户外运动中扮演着重要角色。这个物品的设计使其在空中保持稳定，便于进行复杂的技巧动作，而且它的形状和材质使其在运动中具有卓越的精准度和操控性。玩家3说：这个物品是一种圆形的，主要用于手部操作的设备，它的表面通常有特殊的纹理，便于抓握和操控。在这个类别中，它最突出的不同之处在于其材质和设计使其在特定运动中具有卓越的性能。这个物品是一种轻便的圆形器材，主要用于在手中传递和操控。它的表面设计具有独特的纹理，不仅便于抓握，还能增加球在空中旋转的可能性，从而提高控球和投掷的精确度。这种设计使得它在同类体育用品中尤为突出，尤其在户外运动和比赛中扮演着关键角色。玩家4说：这个物品是一种轻便的长条形器材，主要用于投掷和接住球。它的基本特征是两端尖锐，便于投掷和接球。在该类（体育用品）中最突出的不同特征是，它通常带有旋转，增加了投掷的精确度和控球能力。||在这个游戏中，我们需要通过分析每位玩家的描述来找出卧底。通常，平民的描述会围绕相同的词语展开，而卧底的描述可能会因为词语的不同而显得不太一致。我们需要仔细比较每个描述之间的相似性和差异性，以找出可能的卧底，注意，卧底并不会隐藏自己，他会直接描述他的词语，现在，逐一分析每个玩家的描述，注意，这局游戏的词语分类为<体育用品>，卧底词和平民词都属于该类。||之前是第2轮描述和之前轮数描述的合集。你之前认为的卧底是玩家3。
2024-12-13 14:12:06,335 - 1 - INFO - **********PLAYER1**********
玩家1的描述和玩家3的描述非常相似，都强调了物品的圆形、手部操作、特殊纹理、轻便、传递和操控，以及旋转增加控球和投掷的精确度。玩家2的描述也提到了圆形、表面设计、操控性和精准度，但特别强调了坚硬和光滑的表面以及形状设计的独特性。玩家4的描述则描述了一个长条形器材，两端尖锐，主要用于投掷和接球，带有旋转以增加精确度和控球能力。

由于玩家1和玩家3的描述非常相似，且与篮球的特征相符，而玩家2和玩家4的描述则有所不同，玩家4的描述与篮球不直接相关，因此根据描述的相似性和差异性，玩家3可能是卧底，而玩家4的描述与之前认为是卧底的玩家3的描述有明显的不同，因此玩家4现在看起来更像是卧底。所以，基于当前的描述，我之前的推断可能需要重新考虑，玩家4现在看起来更有可能是卧底。
2024-12-13 14:12:06,336 - 1 - INFO - **********JUDGER**********
你刚刚的分析是玩家1的描述和玩家3的描述非常相似，都强调了物品的圆形、手部操作、特殊纹理、轻便、传递和操控，以及旋转增加控球和投掷的精确度。玩家2的描述也提到了圆形、表面设计、操控性和精准度，但特别强调了坚硬和光滑的表面以及形状设计的独特性。玩家4的描述则描述了一个长条形器材，两端尖锐，主要用于投掷和接球，带有旋转以增加精确度和控球能力。

由于玩家1和玩家3的描述非常相似，且与篮球的特征相符，而玩家2和玩家4的描述则有所不同，玩家4的描述与篮球不直接相关，因此根据描述的相似性和差异性，玩家3可能是卧底，而玩家4的描述与之前认为是卧底的玩家3的描述有明显的不同，因此玩家4现在看起来更像是卧底。所以，基于当前的描述，我之前的推断可能需要重新考虑，玩家4现在看起来更有可能是卧底。|| `请根据上述分析，比较描述以找出不一致之处，注意，这局游戏的词语分类为<体育用品>，卧底词和平民词都属于该类。
2024-12-13 14:12:18,643 - 1 - INFO - **********PLAYER1**********
根据上述分析，我们可以找出以下不一致之处：

1. 玩家1和玩家3的描述都非常具体，且特征高度相似，都提到了圆形、手部操作、特殊纹理、轻便、传递和操控，以及旋转增加控球和投掷的精确度。这表明他们可能是平民，描述的是同一个词语。

2. 玩家2的描述也提到了圆形、表面设计、操控性和精准度，但特别强调了坚硬和光滑的表面以及形状设计的独特性。这与玩家1和玩家3的描述有所不同，但没有提到轻便、传递等特征。

3. 玩家4的描述与篮球的特征不符，因为它描述了一个长条形器材，两端尖锐，主要用于投掷和接球，并带有旋转。这与篮球的圆形、手部操作等特征不匹配。

不一致之处在于玩家4的描述与篮球的特征不符，而玩家1和玩家3的描述非常相似，可能指向同一个词语。玩家2的描述虽然与篮球有关，但有一些额外的特征，使得它与玩家1和玩家3的描述不完全一致。因此，玩家4的描述在词语分类上与其他玩家不一致，可能是卧底。
2024-12-13 14:12:18,645 - 1 - INFO - **********JUDGER**********
你刚刚的分析是根据上述分析，我们可以找出以下不一致之处：

1. 玩家1和玩家3的描述都非常具体，且特征高度相似，都提到了圆形、手部操作、特殊纹理、轻便、传递和操控，以及旋转增加控球和投掷的精确度。这表明他们可能是平民，描述的是同一个词语。

2. 玩家2的描述也提到了圆形、表面设计、操控性和精准度，但特别强调了坚硬和光滑的表面以及形状设计的独特性。这与玩家1和玩家3的描述有所不同，但没有提到轻便、传递等特征。

3. 玩家4的描述与篮球的特征不符，因为它描述了一个长条形器材，两端尖锐，主要用于投掷和接球，并带有旋转。这与篮球的圆形、手部操作等特征不匹配。

不一致之处在于玩家4的描述与篮球的特征不符，而玩家1和玩家3的描述非常相似，可能指向同一个词语。玩家2的描述虽然与篮球有关，但有一些额外的特征，使得它与玩家1和玩家3的描述不完全一致。因此，玩家4的描述在词语分类上与其他玩家不一致，可能是卧底。|| 请通过你分析的不一致之处，推断卧底身份，注意，这局游戏的词语分类为<体育用品>，卧底词和平民词都属于该类。
2024-12-13 14:12:27,004 - 1 - INFO - **********PLAYER1**********
基于分析的不一致之处，我们可以推断卧底身份如下：

- 玩家1和玩家3的描述非常相似，且都符合篮球的特征，因此他们不太可能是卧底。
- 玩家2的描述虽然提到了篮球的一些特征，但增加了额外的特征（坚硬、光滑的表面、形状设计的独特性），这可能与篮球不完全一致。
- 玩家4的描述与篮球的特征明显不符，描述了一个长条形器材，这与篮球的圆形特征不匹配。

因此，根据描述的不一致性和与篮球特征的匹配度，玩家4的描述与篮球的特征最不匹配，因此玩家4最有可能是卧底。
2024-12-13 14:12:27,006 - 1 - INFO - **********JUDGER**********
你刚刚的推断是基于分析的不一致之处，我们可以推断卧底身份如下：

- 玩家1和玩家3的描述非常相似，且都符合篮球的特征，因此他们不太可能是卧底。
- 玩家2的描述虽然提到了篮球的一些特征，但增加了额外的特征（坚硬、光滑的表面、形状设计的独特性），这可能与篮球不完全一致。
- 玩家4的描述与篮球的特征明显不符，描述了一个长条形器材，这与篮球的圆形特征不匹配。

因此，根据描述的不一致性和与篮球特征的匹配度，玩家4的描述与篮球的特征最不匹配，因此玩家4最有可能是卧底。|| 基于你刚刚的推断得出你的最终结论，请输出你认为的卧底，在这种情况下只需要输出编号，是1-4中的某个数字，不要输出其他信息。在这个过程不要进行任何推理，只对||以前的部分进行信息提取
2024-12-13 14:12:28,128 - 1 - INFO - **********PLAYER1**********
4
2024-12-13 14:14:15,518 - 1 - INFO - **********JUDGER**********
玩家1说：这个物品通常由皮革或合成材料制成，用于在比赛中传递和得分。它在该类中最特别的是，它的表面设计有助于球在空中旋转，增加控球和投掷的精确度。这个物品有着明显的对称性，适合在手中翻转和操控。它的设计使得它可以在空中保持稳定，便于进行复杂的技巧动作。在同类体育用品中，它因其独特的操控性和在运动中的多功能性而备受推崇。玩家2说：这个物品通常用于户外运动，它的基本特征是坚硬且表面光滑。在这个类别中，它最突出的不同之处在于它的形状设计独特，有助于提高运动中的精准度和操控性。这个物品是一种圆形的，主要用于手部操作的设备。它的表面设计特别，拥有独特的纹理，便于抓握和操控。在同类体育用品中，它以其出色的操控性和多功能性而著称，尤其在户外运动中扮演着重要角色。这个物品的设计使其在空中保持稳定，便于进行复杂的技巧动作，而且它的形状和材质使其在运动中具有卓越的精准度和操控性。玩家3说：这个物品是一种圆形的，主要用于手部操作的设备，它的表面通常有特殊的纹理，便于抓握和操控。在这个类别中，它最突出的不同之处在于其材质和设计使其在特定运动中具有卓越的性能。这个物品是一种轻便的圆形器材，主要用于在手中传递和操控。它的表面设计具有独特的纹理，不仅便于抓握，还能增加球在空中旋转的可能性，从而提高控球和投掷的精确度。这种设计使得它在同类体育用品中尤为突出，尤其在户外运动和比赛中扮演着关键角色。玩家4说：这个物品是一种轻便的长条形器材，主要用于投掷和接住球。它的基本特征是两端尖锐，便于投掷和接球。在该类（体育用品）中最突出的不同特征是，它通常带有旋转，增加了投掷的精确度和控球能力。这个物品是专为挥拍击打而设计的，它通常由轻质材料制成，便于快速挥动。它的结构特别，两端尖锐，便于投掷和接球，同时，它的设计使得球在空中可以产生强烈的旋转，这对于增加击球的精确度和控制力至关重要。这种旋转特性是它在同类体育用品中最突出的特征之一，使得它在比赛中具有显著的优势。你是第1号玩家，你的关键词是<篮球>。你的回答中绝对不能包含你的关键词<篮球>。这是第三轮描述，你之前的描述是这是一个圆形的，通常由橡胶或合成材料制成，用于各种篮球运动的物品。它在体育用品中以其在球类运动中的特殊用途而突出。和这个物品通常由皮革或合成材料制成，用于在比赛中传递和得分。它在该类中最特别的是，它的表面设计有助于球在空中旋转，增加控球和投掷的精确度。，注意，这局游戏的词语分类为<体育用品>，卧底词和平民词都属于该类，请你补充关于关键词的描述，注意，你的描述应该比起之前的描述更加贴近关键词，作为之前的补充
2024-12-13 14:14:18,280 - 1 - INFO - **********PLAYER1**********
这个物品的设计注重平衡和重量分布，使得它在空中飞行时能够保持稳定。它的结构使得球员能够轻松地进行各种技巧动作，如转身和跳跃投篮。在同类体育用品中，它以其在比赛中的灵活性和对球员技巧的提升而受到重视。
2024-12-13 14:14:38,164 - 1 - INFO - **********JUDGER**********
玩家1说：这个物品通常由皮革或合成材料制成，用于在比赛中传递和得分。它在该类中最特别的是，它的表面设计有助于球在空中旋转，增加控球和投掷的精确度。这个物品有着明显的对称性，适合在手中翻转和操控。它的设计使得它可以在空中保持稳定，便于进行复杂的技巧动作。在同类体育用品中，它因其独特的操控性和在运动中的多功能性而备受推崇。这个物品的设计注重平衡和重量分布，使得它在空中飞行时能够保持稳定。它的结构使得球员能够轻松地进行各种技巧动作，如转身和跳跃投篮。在同类体育用品中，它以其在比赛中的灵活性和对球员技巧的提升而受到重视。玩家2说：这个物品通常用于户外运动，它的基本特征是坚硬且表面光滑。在这个类别中，它最突出的不同之处在于它的形状设计独特，有助于提高运动中的精准度和操控性。这个物品是一种圆形的，主要用于手部操作的设备。它的表面设计特别，拥有独特的纹理，便于抓握和操控。在同类体育用品中，它以其出色的操控性和多功能性而著称，尤其在户外运动中扮演着重要角色。这个物品的设计使其在空中保持稳定，便于进行复杂的技巧动作，而且它的形状和材质使其在运动中具有卓越的精准度和操控性。这个物品是一种轻便的圆形器材，主要用于手部操作。它的表面设计具有独特的纹理，不仅便于抓握，还能增加球在空中旋转的可能性，从而提高控球和投掷的精确度。这种设计使得它在同类体育用品中尤为突出，尤其在户外运动和比赛中扮演着关键角色。这个物品的材质和结构使其在空中飞行时能够保持稳定，便于进行复杂的技巧动作，如转身和跳跃投篮。它的设计注重平衡和重量分布，使得球员能够轻松地进行各种技巧动作，如转身和跳跃投篮。在同类体育用品中，它以其在比赛中的灵活性和对球员技巧的提升而受到重视。玩家3说：这个物品是一种圆形的，主要用于手部操作的设备，它的表面通常有特殊的纹理，便于抓握和操控。在这个类别中，它最突出的不同之处在于其材质和设计使其在特定运动中具有卓越的性能。这个物品是一种轻便的圆形器材，主要用于在手中传递和操控。它的表面设计具有独特的纹理，不仅便于抓握，还能增加球在空中旋转的可能性，从而提高控球和投掷的精确度。这种设计使得它在同类体育用品中尤为突出，尤其在户外运动和比赛中扮演着关键角色。这个物品是一种圆形的，主要用于手部操作的器材，它的表面设计有特殊的纹理，不仅便于抓握，还能增加球在空中旋转的可能性，从而提高控球和投掷的精确度。这种设计使得它在同类体育用品中尤为突出，尤其在户外运动和比赛中扮演着关键角色。它的材质和结构使得球在空中飞行时能够保持稳定，便于进行复杂的技巧动作，如转身和跳跃投篮。这种器材的设计注重平衡和重量分布，使得球员能够轻松地进行各种技巧动作，如转身和跳跃投篮。玩家4说：这个物品是一种轻便的长条形器材，主要用于投掷和接住球。它的基本特征是两端尖锐，便于投掷和接球。在该类（体育用品）中最突出的不同特征是，它通常带有旋转，增加了投掷的精确度和控球能力。这个物品是专为挥拍击打而设计的，它通常由轻质材料制成，便于快速挥动。它的结构特别，两端尖锐，便于投掷和接球，同时，它的设计使得球在空中可以产生强烈的旋转，这对于增加击球的精确度和控制力至关重要。这种旋转特性是它在同类体育用品中最突出的特征之一，使得它在比赛中具有显著的优势。这个物品是专为挥拍击打而设计的，它具有轻便的构造和灵活的握把，使得球员能够快速而精确地控制球拍。它的形状设计使得球拍面能够有效击中球，并在击球时产生旋转。这种旋转是它在同类体育用品中最显著的特征，能够显著提高球的飞行轨迹和控球能力。球拍的材质和平衡性使得球员在进行快速连续击球时能够保持稳定的手感。||在这个游戏中，我们需要通过分析每位玩家的描述来找出卧底。通常，平民的描述会围绕相同的词语展开，而卧底的描述可能会因为词语的不同而显得不太一致。我们需要仔细比较每个描述之间的相似性和差异性，以找出可能的卧底，注意，卧底并不会隐藏自己，他会直接描述他的词语，现在，逐一分析每个玩家的描述，注意，这局游戏的词语分类为<体育用品>，卧底词和平民词都属于该类。||之前是第3轮描述和之前轮数描述的合集。你之前认为的卧底是玩家4。
2024-12-13 14:14:48,413 - 1 - INFO - **********PLAYER1**********
根据第三轮描述和之前的分析，以下是不一致之处：

- 玩家1、玩家2和玩家3的描述都非常相似，都强调了物品的圆形、手部操作、特殊纹理、轻便、传递和操控，以及旋转增加控球和投掷的精确度。这些描述都与篮球的特征相符。
- 玩家4的描述与篮球的特征不符，因为它描述了一个长条形器材，两端尖锐，主要用于投掷和接球，并带有旋转。这与篮球的圆形特征不匹配。

基于这些信息，玩家4的描述与其他玩家的描述不一致，且与篮球的特征不匹配，因此玩家4仍然是最有可能的卧底。
2024-12-13 14:14:48,414 - 1 - INFO - **********JUDGER**********
你刚刚的分析是根据第三轮描述和之前的分析，以下是不一致之处：

- 玩家1、玩家2和玩家3的描述都非常相似，都强调了物品的圆形、手部操作、特殊纹理、轻便、传递和操控，以及旋转增加控球和投掷的精确度。这些描述都与篮球的特征相符。
- 玩家4的描述与篮球的特征不符，因为它描述了一个长条形器材，两端尖锐，主要用于投掷和接球，并带有旋转。这与篮球的圆形特征不匹配。

基于这些信息，玩家4的描述与其他玩家的描述不一致，且与篮球的特征不匹配，因此玩家4仍然是最有可能的卧底。|| `请根据上述分析，比较描述以找出不一致之处，注意，这局游戏的词语分类为<体育用品>，卧底词和平民词都属于该类。
2024-12-13 14:14:58,403 - 1 - INFO - **********PLAYER1**********
基于上述分析，我们可以进一步比较描述以找出不一致之处：

1. 玩家1、玩家2和玩家3的描述都集中在描述一个圆形的、用于手部操作的体育用品，具有特殊纹理，易于操控，并且在投掷时能够旋转以增加精确度。这些描述都与篮球的特征相符。

2. 玩家4的描述则不同，他提到了一个长条形器材，两端尖锐，主要用于投掷和接球，并且强调了旋转的特性。这个描述更像是描述网球拍或某种类型的球棒，而不是篮球。

不一致之处在于玩家4的描述与篮球的特征不匹配，而其他玩家的描述都围绕着篮球的属性展开。因此，玩家4的描述与其他玩家在描述上存在显著差异，这表明玩家4可能是卧底。
2024-12-13 14:14:58,404 - 1 - INFO - **********JUDGER**********
你刚刚的分析是基于上述分析，我们可以进一步比较描述以找出不一致之处：

1. 玩家1、玩家2和玩家3的描述都集中在描述一个圆形的、用于手部操作的体育用品，具有特殊纹理，易于操控，并且在投掷时能够旋转以增加精确度。这些描述都与篮球的特征相符。

2. 玩家4的描述则不同，他提到了一个长条形器材，两端尖锐，主要用于投掷和接球，并且强调了旋转的特性。这个描述更像是描述网球拍或某种类型的球棒，而不是篮球。

不一致之处在于玩家4的描述与篮球的特征不匹配，而其他玩家的描述都围绕着篮球的属性展开。因此，玩家4的描述与其他玩家在描述上存在显著差异，这表明玩家4可能是卧底。|| 请通过你分析的不一致之处，推断卧底身份，注意，这局游戏的词语分类为<体育用品>，卧底词和平民词都属于该类。
2024-12-13 14:15:00,063 - 1 - INFO - **********PLAYER1**********
4
2024-12-13 14:15:00,063 - 1 - INFO - **********JUDGER**********
你刚刚的推断是4|| 基于你刚刚的推断得出你的最终结论，请输出你认为的卧底，在这种情况下只需要输出编号，是1-4中的某个数字，不要输出其他信息。在这个过程不要进行任何推理，只对||以前的部分进行信息提取
2024-12-13 14:15:02,205 - 1 - INFO - **********PLAYER1**********
4
