2024-12-13 14:08:42,081 - 2 - INFO - **********JUDGER**********
让我们来玩一个叫做<谁是卧底>的推理游戏。基本规则：<人数>：4人。<角色分配>：每位玩家随机抽取一个词语，3名玩家拿到的词语是相同的（平民词），1名玩家拿到与之相近但不同的词语（卧底词）。<游戏流程>：1、玩家轮流描述自己的词语，但<不能>直接说出词语本身。2、描述完毕后，投票选出最像卧底的玩家。3、每轮结束后，被投票选出的玩家出局，不能再进行描述或投票。4、每轮投票结束后，如果卧底被成功找出，平民方获胜；如果卧底未被找出且卧底人数等于或超过平民人数，则卧底方获胜。你将扮演一个<玩家>，请等待你被分配到的关键词。如果你听懂了，只回答，"好的，我准备好参加游戏了"，不要输出别的信息
2024-12-13 14:08:42,864 - 2 - INFO - **********PLAYER2**********
好的，我准备好参加游戏了
2024-12-13 14:08:50,572 - 2 - INFO - **********JUDGER**********
玩家1说：这个物品通常由皮革或合成材料制成，用于在比赛中传递和得分。它在该类中最特别的是，它的表面设计有助于球在空中旋转，增加控球和投掷的精确度。玩家2说：玩家3说：玩家4说：|| 你是第2号玩家，你的关键词是<篮球>。你的回答中绝对不能包含你的关键词<篮球>。这是第一轮描述，不需要分析||之前别的玩家的描述，请你描述关键词基本特征，注意，这局游戏的词语分类为<体育用品>，卧底词和平民词都属于该类，描述包括以下两点，1.他的基本特征是什么2.他在该类（体育用品）中最突出不同的特征是什么，尽量简短
2024-12-13 14:08:52,777 - 2 - INFO - **********PLAYER2**********
这个物品通常用于户外运动，它的基本特征是坚硬且表面光滑。在这个类别中，它最突出的不同之处在于它的形状设计独特，有助于提高运动中的精准度和操控性。
2024-12-13 14:09:32,901 - 2 - INFO - **********JUDGER**********
玩家1说：这个物品通常由皮革或合成材料制成，用于在比赛中传递和得分。它在该类中最特别的是，它的表面设计有助于球在空中旋转，增加控球和投掷的精确度。玩家2说：这个物品通常用于户外运动，它的基本特征是坚硬且表面光滑。在这个类别中，它最突出的不同之处在于它的形状设计独特，有助于提高运动中的精准度和操控性。玩家3说：这个物品是一种圆形的，主要用于手部操作的设备，它的表面通常有特殊的纹理，便于抓握和操控。在这个类别中，它最突出的不同之处在于其材质和设计使其在特定运动中具有卓越的性能。玩家4说：||在这个游戏中，我们需要通过分析每位玩家的描述来找出卧底。通常，平民的描述会围绕相同的词语展开，而卧底的描述可能会因为词语的不同而显得不太一致。我们需要仔细比较每个描述之间的相似性和差异性，以找出可能的卧底，注意，卧底并不会隐藏自己，他会直接描述他的词语，现在，逐一分析每个玩家的描述，注意，这局游戏的词语分类为<体育用品>，卧底词和平民词都属于该类。这是第一轮描述。
2024-12-13 14:09:50,918 - 2 - INFO - **********PLAYER2**********
好的，根据四位玩家的描述，我们可以看出：

玩家1和玩家2的描述非常相似，都提到了由皮革或合成材料制成，用于比赛传递和得分，表面设计有助于球在空中旋转，增加控球和投掷的精确度。这些描述与篮球的特点相符。

玩家3的描述提到了圆形、手部操作、表面有特殊纹理，便于抓握和操控，以及卓越的性能。这些特点与篮球不太一致，但与足球或排球等圆形的体育用品相符。

玩家4的描述没有提供具体的物品特征，而是强调了通过描述来找出卧底的重要性，并提示了游戏规则和词语分类。

基于这些信息，玩家3的描述可能与篮球不同，可能是卧底。而玩家4的描述没有提供具体的物品特征，可能是为了引导其他玩家注意描述的具体性。因此，在第一轮投票中，我可能会倾向于投票给玩家3，因为他的描述与篮球的特点不太吻合。
2024-12-13 14:09:50,921 - 2 - INFO - **********JUDGER**********
你刚刚的分析是好的，根据四位玩家的描述，我们可以看出：

玩家1和玩家2的描述非常相似，都提到了由皮革或合成材料制成，用于比赛传递和得分，表面设计有助于球在空中旋转，增加控球和投掷的精确度。这些描述与篮球的特点相符。

玩家3的描述提到了圆形、手部操作、表面有特殊纹理，便于抓握和操控，以及卓越的性能。这些特点与篮球不太一致，但与足球或排球等圆形的体育用品相符。

玩家4的描述没有提供具体的物品特征，而是强调了通过描述来找出卧底的重要性，并提示了游戏规则和词语分类。

基于这些信息，玩家3的描述可能与篮球不同，可能是卧底。而玩家4的描述没有提供具体的物品特征，可能是为了引导其他玩家注意描述的具体性。因此，在第一轮投票中，我可能会倾向于投票给玩家3，因为他的描述与篮球的特点不太吻合。|| `请根据上述分析，比较描述以找出不一致之处，注意，这局游戏的词语分类为<体育用品>，卧底词和平民词都属于该类。
2024-12-13 14:10:02,818 - 2 - INFO - **********PLAYER2**********
根据上述分析，我们可以比较四位玩家的描述，找出以下不一致之处：

1. 玩家1和玩家2的描述高度相似，都集中在皮革或合成材料制成、比赛传递得分、表面设计有助于球在空中旋转等方面，这与篮球的特点非常吻合。

2. 玩家3的描述虽然也提到了圆形、手部操作、表面纹理等，但特别强调了卓越的性能，这一点在篮球的描述中并未提及。此外，玩家3的描述没有提到比赛传递得分这一关键点，而是强调了材质和设计，这与篮球的特点有所区别。

3. 玩家4的描述并没有提供具体的物品特征，而是更多地关注游戏规则和投票策略，这与其他玩家具体描述物品特征的描述形成鲜明对比。

综上所述，玩家3的描述在材质和性能的强调上，以及在是否用于比赛传递得分这一点上与篮球的特点存在不一致，因此可能是卧底。而玩家4的描述虽然与寻找卧底的过程相关，但并未提供关于体育用品的具体描述，这与其他玩家的描述形成了对比。因此，在第一轮投票中，玩家3和玩家4的描述可能需要特别关注。
2024-12-13 14:10:02,820 - 2 - INFO - **********JUDGER**********
你刚刚的分析是根据上述分析，我们可以比较四位玩家的描述，找出以下不一致之处：

1. 玩家1和玩家2的描述高度相似，都集中在皮革或合成材料制成、比赛传递得分、表面设计有助于球在空中旋转等方面，这与篮球的特点非常吻合。

2. 玩家3的描述虽然也提到了圆形、手部操作、表面纹理等，但特别强调了卓越的性能，这一点在篮球的描述中并未提及。此外，玩家3的描述没有提到比赛传递得分这一关键点，而是强调了材质和设计，这与篮球的特点有所区别。

3. 玩家4的描述并没有提供具体的物品特征，而是更多地关注游戏规则和投票策略，这与其他玩家具体描述物品特征的描述形成鲜明对比。

综上所述，玩家3的描述在材质和性能的强调上，以及在是否用于比赛传递得分这一点上与篮球的特点存在不一致，因此可能是卧底。而玩家4的描述虽然与寻找卧底的过程相关，但并未提供关于体育用品的具体描述，这与其他玩家的描述形成了对比。因此，在第一轮投票中，玩家3和玩家4的描述可能需要特别关注。|| 请通过你分析的不一致之处，推断卧底身份，注意，这局游戏的词语分类为<体育用品>，卧底词和平民词都属于该类。
2024-12-13 14:10:10,649 - 2 - INFO - **********PLAYER2**********
根据分析的不一致之处，我们可以进行以下推断：

1. 玩家1和玩家2的描述与篮球的特点非常吻合，他们的描述集中在篮球的制作材料、用途以及技术特性上，没有发现明显的差异。

2. 玩家3的描述虽然也提到了圆形、手部操作和表面纹理，但这些特征并不特指篮球，而是许多体育用品共有的特征。玩家3特别强调了卓越的性能，这一点在篮球的描述中并未被提及，且没有明确指出是用于比赛传递得分。这些特征更符合足球或排球等圆形球类运动器材。

3. 玩家4的描述没有提供具体的物品特征，而是关注游戏规则和投票策略，这并不直接指向任何特定的体育用品。

综合以上分析，玩家3的描述与篮球的特点存在不一致，且更符合足球或排球等球类运动器材的特点。因此，根据这些不一致之处，玩家3可能是卧底。而玩家4的描述虽然与游戏过程相关，但没有提供关于体育用品的具体信息，因此不太可能是卧底。

最终推断：玩家3可能是卧底。
2024-12-13 14:10:10,651 - 2 - INFO - **********JUDGER**********
你刚刚的推断是根据分析的不一致之处，我们可以进行以下推断：

1. 玩家1和玩家2的描述与篮球的特点非常吻合，他们的描述集中在篮球的制作材料、用途以及技术特性上，没有发现明显的差异。

2. 玩家3的描述虽然也提到了圆形、手部操作和表面纹理，但这些特征并不特指篮球，而是许多体育用品共有的特征。玩家3特别强调了卓越的性能，这一点在篮球的描述中并未被提及，且没有明确指出是用于比赛传递得分。这些特征更符合足球或排球等圆形球类运动器材。

3. 玩家4的描述没有提供具体的物品特征，而是关注游戏规则和投票策略，这并不直接指向任何特定的体育用品。

综合以上分析，玩家3的描述与篮球的特点存在不一致，且更符合足球或排球等球类运动器材的特点。因此，根据这些不一致之处，玩家3可能是卧底。而玩家4的描述虽然与游戏过程相关，但没有提供关于体育用品的具体信息，因此不太可能是卧底。

最终推断：玩家3可能是卧底。|| 基于你刚刚的推断得出你的最终结论，请输出你认为的卧底，在这种情况下只需要输出编号，是1-4中的某个数字，不要输出其他信息。在这个过程不要进行任何推理，只对||以前的部分进行信息提取
2024-12-13 14:10:12,025 - 2 - INFO - **********PLAYER2**********
3
2024-12-13 14:11:42,236 - 2 - INFO - **********JUDGER**********
玩家1说：这个物品通常由皮革或合成材料制成，用于在比赛中传递和得分。它在该类中最特别的是，它的表面设计有助于球在空中旋转，增加控球和投掷的精确度。这个物品有着明显的对称性，适合在手中翻转和操控。它的设计使得它可以在空中保持稳定，便于进行复杂的技巧动作。在同类体育用品中，它因其独特的操控性和在运动中的多功能性而备受推崇。玩家2说：这个物品通常用于户外运动，它的基本特征是坚硬且表面光滑。在这个类别中，它最突出的不同之处在于它的形状设计独特，有助于提高运动中的精准度和操控性。玩家3说：这个物品是一种圆形的，主要用于手部操作的设备，它的表面通常有特殊的纹理，便于抓握和操控。在这个类别中，它最突出的不同之处在于其材质和设计使其在特定运动中具有卓越的性能。玩家4说：这个物品是一种轻便的长条形器材，主要用于投掷和接住球。它的基本特征是两端尖锐，便于投掷和接球。在该类（体育用品）中最突出的不同特征是，它通常带有旋转，增加了投掷的精确度和控球能力。你是第2号玩家，你的关键词是<篮球>。你的回答中绝对不能包含你的关键词<篮球>。这是第二轮描述，你之前的描述是这个物品通常用于户外运动，它的基本特征是坚硬且表面光滑。在这个类别中，它最突出的不同之处在于它的形状设计独特，有助于提高运动中的精准度和操控性。，注意，这局游戏的词语分类为<体育用品>，卧底词和平民词都属于该类，请你补充关于关键词的描述，注意，你的描述应该比起之前的描述更加贴近关键词，作为之前的补充
2024-12-13 14:11:46,984 - 2 - INFO - **********PLAYER2**********
这个物品是一种圆形的，主要用于手部操作的设备。它的表面设计特别，拥有独特的纹理，便于抓握和操控。在同类体育用品中，它以其出色的操控性和多功能性而著称，尤其在户外运动中扮演着重要角色。这个物品的设计使其在空中保持稳定，便于进行复杂的技巧动作，而且它的形状和材质使其在运动中具有卓越的精准度和操控性。
2024-12-13 14:12:28,130 - 2 - INFO - **********JUDGER**********
玩家1说：这个物品通常由皮革或合成材料制成，用于在比赛中传递和得分。它在该类中最特别的是，它的表面设计有助于球在空中旋转，增加控球和投掷的精确度。这个物品有着明显的对称性，适合在手中翻转和操控。它的设计使得它可以在空中保持稳定，便于进行复杂的技巧动作。在同类体育用品中，它因其独特的操控性和在运动中的多功能性而备受推崇。玩家2说：这个物品通常用于户外运动，它的基本特征是坚硬且表面光滑。在这个类别中，它最突出的不同之处在于它的形状设计独特，有助于提高运动中的精准度和操控性。这个物品是一种圆形的，主要用于手部操作的设备。它的表面设计特别，拥有独特的纹理，便于抓握和操控。在同类体育用品中，它以其出色的操控性和多功能性而著称，尤其在户外运动中扮演着重要角色。这个物品的设计使其在空中保持稳定，便于进行复杂的技巧动作，而且它的形状和材质使其在运动中具有卓越的精准度和操控性。玩家3说：这个物品是一种圆形的，主要用于手部操作的设备，它的表面通常有特殊的纹理，便于抓握和操控。在这个类别中，它最突出的不同之处在于其材质和设计使其在特定运动中具有卓越的性能。这个物品是一种轻便的圆形器材，主要用于在手中传递和操控。它的表面设计具有独特的纹理，不仅便于抓握，还能增加球在空中旋转的可能性，从而提高控球和投掷的精确度。这种设计使得它在同类体育用品中尤为突出，尤其在户外运动和比赛中扮演着关键角色。玩家4说：这个物品是一种轻便的长条形器材，主要用于投掷和接住球。它的基本特征是两端尖锐，便于投掷和接球。在该类（体育用品）中最突出的不同特征是，它通常带有旋转，增加了投掷的精确度和控球能力。||在这个游戏中，我们需要通过分析每位玩家的描述来找出卧底。通常，平民的描述会围绕相同的词语展开，而卧底的描述可能会因为词语的不同而显得不太一致。我们需要仔细比较每个描述之间的相似性和差异性，以找出可能的卧底，注意，卧底并不会隐藏自己，他会直接描述他的词语，现在，逐一分析每个玩家的描述，注意，这局游戏的词语分类为<体育用品>，卧底词和平民词都属于该类。||之前是第2轮描述和之前轮数描述的合集。你之前认为的卧底是玩家3。
2024-12-13 14:12:39,056 - 2 - INFO - **********PLAYER2**********
基于第二轮描述和之前的分析，如果玩家3是卧底，那么他的描述应该与篮球的特点不一致。然而，玩家3的描述中提到了圆形、手部操作、特殊纹理、轻便、传递和操控等特征，这些都与篮球相符。

现在，让我们逐一分析每位玩家的描述，以确定是否玩家3是卧底：

- 玩家1的描述与篮球非常吻合，强调了皮革或合成材料、比赛传递得分、表面设计、对称性、空中稳定性、技巧动作和多功能性。
- 玩家2的描述也提到了圆形、户外运动、坚硬表面、独特形状设计、精准度和操控性，这些特征与篮球相符。
- 玩家3的描述与篮球的特征相符，提到了圆形、手部操作、特殊纹理、轻便、传递和操控、空中稳定性和技巧动作。
- 玩家4的描述提到了长条形器材、投掷和接球、尖锐两端、旋转、精确度和控球能力，这些特征与篮球不符，更像是某种投掷器材，如飞盘或曲棍球。

由于玩家4的描述与篮球的特点不符，而且其他玩家的描述都与篮球的特征相符，我们可以推断玩家4可能是卧底，因为他的描述与篮球存在明显的不一致。

因此，根据第二轮描述和之前的分析，玩家4可能是卧底。
2024-12-13 14:12:39,057 - 2 - INFO - **********JUDGER**********
你刚刚的分析是基于第二轮描述和之前的分析，如果玩家3是卧底，那么他的描述应该与篮球的特点不一致。然而，玩家3的描述中提到了圆形、手部操作、特殊纹理、轻便、传递和操控等特征，这些都与篮球相符。

现在，让我们逐一分析每位玩家的描述，以确定是否玩家3是卧底：

- 玩家1的描述与篮球非常吻合，强调了皮革或合成材料、比赛传递得分、表面设计、对称性、空中稳定性、技巧动作和多功能性。
- 玩家2的描述也提到了圆形、户外运动、坚硬表面、独特形状设计、精准度和操控性，这些特征与篮球相符。
- 玩家3的描述与篮球的特征相符，提到了圆形、手部操作、特殊纹理、轻便、传递和操控、空中稳定性和技巧动作。
- 玩家4的描述提到了长条形器材、投掷和接球、尖锐两端、旋转、精确度和控球能力，这些特征与篮球不符，更像是某种投掷器材，如飞盘或曲棍球。

由于玩家4的描述与篮球的特点不符，而且其他玩家的描述都与篮球的特征相符，我们可以推断玩家4可能是卧底，因为他的描述与篮球存在明显的不一致。

因此，根据第二轮描述和之前的分析，玩家4可能是卧底。|| `请根据上述分析，比较描述以找出不一致之处，注意，这局游戏的词语分类为<体育用品>，卧底词和平民词都属于该类。
2024-12-13 14:12:52,200 - 2 - INFO - **********PLAYER2**********
根据上述分析，我们可以比较描述，找出以下不一致之处：

1. 玩家1的描述详细提到了篮球的多个特征，如皮革或合成材料制成、比赛中的传递和得分、表面设计有助于球在空中旋转、对称性、空中稳定性、技巧动作和多功能性。

2. 玩家2的描述虽然也提到了圆形、户外运动、坚硬表面、独特形状设计、精准度和操控性，但没有提及皮革材料、对称性、空中稳定性和技巧动作等，这些是玩家1描述中与篮球直接相关的特征。

3. 玩家3的描述与篮球的特征相符，提到了圆形、手部操作、特殊纹理、轻便、传递和操控、空中稳定性和技巧动作，与玩家1的描述有高度重合。

4. 玩家4的描述提到了长条形器材、投掷和接球、尖锐两端、旋转、精确度和控球能力，这与篮球的圆形特征不符，更像是某种长条形投掷器材，如飞盘或曲棍球。

不一致之处在于玩家2和玩家4的描述没有提到皮革材料、对称性、空中稳定性等与篮球直接相关的特征，而玩家4的描述则完全不符合篮球的圆形特征。因此，玩家4的描述与篮球的不一致之处最为明显。
2024-12-13 14:12:52,207 - 2 - INFO - **********JUDGER**********
你刚刚的分析是根据上述分析，我们可以比较描述，找出以下不一致之处：

1. 玩家1的描述详细提到了篮球的多个特征，如皮革或合成材料制成、比赛中的传递和得分、表面设计有助于球在空中旋转、对称性、空中稳定性、技巧动作和多功能性。

2. 玩家2的描述虽然也提到了圆形、户外运动、坚硬表面、独特形状设计、精准度和操控性，但没有提及皮革材料、对称性、空中稳定性和技巧动作等，这些是玩家1描述中与篮球直接相关的特征。

3. 玩家3的描述与篮球的特征相符，提到了圆形、手部操作、特殊纹理、轻便、传递和操控、空中稳定性和技巧动作，与玩家1的描述有高度重合。

4. 玩家4的描述提到了长条形器材、投掷和接球、尖锐两端、旋转、精确度和控球能力，这与篮球的圆形特征不符，更像是某种长条形投掷器材，如飞盘或曲棍球。

不一致之处在于玩家2和玩家4的描述没有提到皮革材料、对称性、空中稳定性等与篮球直接相关的特征，而玩家4的描述则完全不符合篮球的圆形特征。因此，玩家4的描述与篮球的不一致之处最为明显。|| 请通过你分析的不一致之处，推断卧底身份，注意，这局游戏的词语分类为<体育用品>，卧底词和平民词都属于该类。
2024-12-13 14:13:03,209 - 2 - INFO - **********PLAYER2**********
基于分析的不一致之处，我们可以推断：

- 玩家1的描述与篮球的特征高度一致，没有发现不一致之处。
- 玩家2的描述虽然没有提到皮革材料、对称性、空中稳定性和技巧动作，但提到的圆形、户外运动、坚硬表面、独特形状设计、精准度和操控性等特征与篮球也较为吻合，只是没有详细到篮球的具体特征。
- 玩家3的描述与篮球的特征完全一致，没有不一致之处。
- 玩家4的描述提到了长条形器材、尖锐两端等特征，这与篮球的圆形特征不符，且提到了投掷和接球，这与篮球的得分和传递功能不完全一致。

因此，根据这些不一致之处，玩家4的描述与篮球的特征存在显著差异，这表明玩家4可能是卧底。他的描述更符合长条形投掷器材，而不是篮球。所以，推断玩家4是卧底。
2024-12-13 14:13:03,210 - 2 - INFO - **********JUDGER**********
你刚刚的推断是基于分析的不一致之处，我们可以推断：

- 玩家1的描述与篮球的特征高度一致，没有发现不一致之处。
- 玩家2的描述虽然没有提到皮革材料、对称性、空中稳定性和技巧动作，但提到的圆形、户外运动、坚硬表面、独特形状设计、精准度和操控性等特征与篮球也较为吻合，只是没有详细到篮球的具体特征。
- 玩家3的描述与篮球的特征完全一致，没有不一致之处。
- 玩家4的描述提到了长条形器材、尖锐两端等特征，这与篮球的圆形特征不符，且提到了投掷和接球，这与篮球的得分和传递功能不完全一致。

因此，根据这些不一致之处，玩家4的描述与篮球的特征存在显著差异，这表明玩家4可能是卧底。他的描述更符合长条形投掷器材，而不是篮球。所以，推断玩家4是卧底。|| 基于你刚刚的推断得出你的最终结论，请输出你认为的卧底，在这种情况下只需要输出编号，是1-4中的某个数字，不要输出其他信息。在这个过程不要进行任何推理，只对||以前的部分进行信息提取
2024-12-13 14:13:05,089 - 2 - INFO - **********PLAYER2**********
4
2024-12-13 14:14:18,280 - 2 - INFO - **********JUDGER**********
玩家1说：这个物品通常由皮革或合成材料制成，用于在比赛中传递和得分。它在该类中最特别的是，它的表面设计有助于球在空中旋转，增加控球和投掷的精确度。这个物品有着明显的对称性，适合在手中翻转和操控。它的设计使得它可以在空中保持稳定，便于进行复杂的技巧动作。在同类体育用品中，它因其独特的操控性和在运动中的多功能性而备受推崇。这个物品的设计注重平衡和重量分布，使得它在空中飞行时能够保持稳定。它的结构使得球员能够轻松地进行各种技巧动作，如转身和跳跃投篮。在同类体育用品中，它以其在比赛中的灵活性和对球员技巧的提升而受到重视。玩家2说：这个物品通常用于户外运动，它的基本特征是坚硬且表面光滑。在这个类别中，它最突出的不同之处在于它的形状设计独特，有助于提高运动中的精准度和操控性。这个物品是一种圆形的，主要用于手部操作的设备。它的表面设计特别，拥有独特的纹理，便于抓握和操控。在同类体育用品中，它以其出色的操控性和多功能性而著称，尤其在户外运动中扮演着重要角色。这个物品的设计使其在空中保持稳定，便于进行复杂的技巧动作，而且它的形状和材质使其在运动中具有卓越的精准度和操控性。玩家3说：这个物品是一种圆形的，主要用于手部操作的设备，它的表面通常有特殊的纹理，便于抓握和操控。在这个类别中，它最突出的不同之处在于其材质和设计使其在特定运动中具有卓越的性能。这个物品是一种轻便的圆形器材，主要用于在手中传递和操控。它的表面设计具有独特的纹理，不仅便于抓握，还能增加球在空中旋转的可能性，从而提高控球和投掷的精确度。这种设计使得它在同类体育用品中尤为突出，尤其在户外运动和比赛中扮演着关键角色。玩家4说：这个物品是一种轻便的长条形器材，主要用于投掷和接住球。它的基本特征是两端尖锐，便于投掷和接球。在该类（体育用品）中最突出的不同特征是，它通常带有旋转，增加了投掷的精确度和控球能力。这个物品是专为挥拍击打而设计的，它通常由轻质材料制成，便于快速挥动。它的结构特别，两端尖锐，便于投掷和接球，同时，它的设计使得球在空中可以产生强烈的旋转，这对于增加击球的精确度和控制力至关重要。这种旋转特性是它在同类体育用品中最突出的特征之一，使得它在比赛中具有显著的优势。你是第2号玩家，你的关键词是<篮球>。你的回答中绝对不能包含你的关键词<篮球>。这是第三轮描述，你之前的描述是这个物品通常用于户外运动，它的基本特征是坚硬且表面光滑。在这个类别中，它最突出的不同之处在于它的形状设计独特，有助于提高运动中的精准度和操控性。和这个物品是一种圆形的，主要用于手部操作的设备。它的表面设计特别，拥有独特的纹理，便于抓握和操控。在同类体育用品中，它以其出色的操控性和多功能性而著称，尤其在户外运动中扮演着重要角色。这个物品的设计使其在空中保持稳定，便于进行复杂的技巧动作，而且它的形状和材质使其在运动中具有卓越的精准度和操控性。，注意，这局游戏的词语分类为<体育用品>，卧底词和平民词都属于该类，请你补充关于关键词的描述，注意，你的描述应该比起之前的描述更加贴近关键词，作为之前的补充
2024-12-13 14:14:27,898 - 2 - INFO - **********PLAYER2**********
这个物品是一种轻便的圆形器材，主要用于手部操作。它的表面设计具有独特的纹理，不仅便于抓握，还能增加球在空中旋转的可能性，从而提高控球和投掷的精确度。这种设计使得它在同类体育用品中尤为突出，尤其在户外运动和比赛中扮演着关键角色。这个物品的材质和结构使其在空中飞行时能够保持稳定，便于进行复杂的技巧动作，如转身和跳跃投篮。它的设计注重平衡和重量分布，使得球员能够轻松地进行各种技巧动作，如转身和跳跃投篮。在同类体育用品中，它以其在比赛中的灵活性和对球员技巧的提升而受到重视。
2024-12-13 14:15:02,205 - 2 - INFO - **********JUDGER**********
玩家1说：这个物品通常由皮革或合成材料制成，用于在比赛中传递和得分。它在该类中最特别的是，它的表面设计有助于球在空中旋转，增加控球和投掷的精确度。这个物品有着明显的对称性，适合在手中翻转和操控。它的设计使得它可以在空中保持稳定，便于进行复杂的技巧动作。在同类体育用品中，它因其独特的操控性和在运动中的多功能性而备受推崇。这个物品的设计注重平衡和重量分布，使得它在空中飞行时能够保持稳定。它的结构使得球员能够轻松地进行各种技巧动作，如转身和跳跃投篮。在同类体育用品中，它以其在比赛中的灵活性和对球员技巧的提升而受到重视。玩家2说：这个物品通常用于户外运动，它的基本特征是坚硬且表面光滑。在这个类别中，它最突出的不同之处在于它的形状设计独特，有助于提高运动中的精准度和操控性。这个物品是一种圆形的，主要用于手部操作的设备。它的表面设计特别，拥有独特的纹理，便于抓握和操控。在同类体育用品中，它以其出色的操控性和多功能性而著称，尤其在户外运动中扮演着重要角色。这个物品的设计使其在空中保持稳定，便于进行复杂的技巧动作，而且它的形状和材质使其在运动中具有卓越的精准度和操控性。这个物品是一种轻便的圆形器材，主要用于手部操作。它的表面设计具有独特的纹理，不仅便于抓握，还能增加球在空中旋转的可能性，从而提高控球和投掷的精确度。这种设计使得它在同类体育用品中尤为突出，尤其在户外运动和比赛中扮演着关键角色。这个物品的材质和结构使其在空中飞行时能够保持稳定，便于进行复杂的技巧动作，如转身和跳跃投篮。它的设计注重平衡和重量分布，使得球员能够轻松地进行各种技巧动作，如转身和跳跃投篮。在同类体育用品中，它以其在比赛中的灵活性和对球员技巧的提升而受到重视。玩家3说：这个物品是一种圆形的，主要用于手部操作的设备，它的表面通常有特殊的纹理，便于抓握和操控。在这个类别中，它最突出的不同之处在于其材质和设计使其在特定运动中具有卓越的性能。这个物品是一种轻便的圆形器材，主要用于在手中传递和操控。它的表面设计具有独特的纹理，不仅便于抓握，还能增加球在空中旋转的可能性，从而提高控球和投掷的精确度。这种设计使得它在同类体育用品中尤为突出，尤其在户外运动和比赛中扮演着关键角色。这个物品是一种圆形的，主要用于手部操作的器材，它的表面设计有特殊的纹理，不仅便于抓握，还能增加球在空中旋转的可能性，从而提高控球和投掷的精确度。这种设计使得它在同类体育用品中尤为突出，尤其在户外运动和比赛中扮演着关键角色。它的材质和结构使得球在空中飞行时能够保持稳定，便于进行复杂的技巧动作，如转身和跳跃投篮。这种器材的设计注重平衡和重量分布，使得球员能够轻松地进行各种技巧动作，如转身和跳跃投篮。玩家4说：这个物品是一种轻便的长条形器材，主要用于投掷和接住球。它的基本特征是两端尖锐，便于投掷和接球。在该类（体育用品）中最突出的不同特征是，它通常带有旋转，增加了投掷的精确度和控球能力。这个物品是专为挥拍击打而设计的，它通常由轻质材料制成，便于快速挥动。它的结构特别，两端尖锐，便于投掷和接球，同时，它的设计使得球在空中可以产生强烈的旋转，这对于增加击球的精确度和控制力至关重要。这种旋转特性是它在同类体育用品中最突出的特征之一，使得它在比赛中具有显著的优势。这个物品是专为挥拍击打而设计的，它具有轻便的构造和灵活的握把，使得球员能够快速而精确地控制球拍。它的形状设计使得球拍面能够有效击中球，并在击球时产生旋转。这种旋转是它在同类体育用品中最显著的特征，能够显著提高球的飞行轨迹和控球能力。球拍的材质和平衡性使得球员在进行快速连续击球时能够保持稳定的手感。||在这个游戏中，我们需要通过分析每位玩家的描述来找出卧底。通常，平民的描述会围绕相同的词语展开，而卧底的描述可能会因为词语的不同而显得不太一致。我们需要仔细比较每个描述之间的相似性和差异性，以找出可能的卧底，注意，卧底并不会隐藏自己，他会直接描述他的词语，现在，逐一分析每个玩家的描述，注意，这局游戏的词语分类为<体育用品>，卧底词和平民词都属于该类。||之前是第3轮描述和之前轮数描述的合集。你之前认为的卧底是玩家4。
2024-12-13 14:15:17,562 - 2 - INFO - **********PLAYER2**********
基于第三轮描述和之前的分析，如果玩家4是卧底，那么他的描述应该与篮球的特点不一致。然而，玩家4的描述中提到了长条形器材、投掷和接球、尖锐两端、旋转、挥拍击打、轻质材料、快速挥动、球拍面、旋转特性、飞行轨迹和控球能力等特征，这些特征与篮球不符，更像是某种球拍类体育用品，如网球拍或羽毛球拍。

现在，让我们逐一分析每位玩家的描述，以确定是否玩家4是卧底：

- 玩家1的描述与篮球的特征高度一致，强调了皮革材料、比赛中的传递和得分、表面设计、对称性、空中稳定性、技巧动作和多功能性。
- 玩家2的描述也提到了圆形、户外运动、坚硬表面、独特形状设计、精准度和操控性，这些特征与篮球相符。
- 玩家3的描述与篮球的特征相符，提到了圆形、手部操作、特殊纹理、轻便、传递和操控、空中稳定性和技巧动作。
- 玩家4的描述提到了长条形器材、尖锐两端、旋转特性、挥拍击打等，这些特征与篮球的圆形特征不符，更像是球拍类体育用品。

由于玩家4的描述与篮球的特征存在显著差异，而其他玩家的描述都与篮球的特征相符，我们可以推断玩家4可能是卧底，因为他的描述与篮球存在明显的不一致。

因此，根据第三轮描述和之前的分析，玩家4可能是卧底。
2024-12-13 14:15:17,565 - 2 - INFO - **********JUDGER**********
你刚刚的分析是基于第三轮描述和之前的分析，如果玩家4是卧底，那么他的描述应该与篮球的特点不一致。然而，玩家4的描述中提到了长条形器材、投掷和接球、尖锐两端、旋转、挥拍击打、轻质材料、快速挥动、球拍面、旋转特性、飞行轨迹和控球能力等特征，这些特征与篮球不符，更像是某种球拍类体育用品，如网球拍或羽毛球拍。

现在，让我们逐一分析每位玩家的描述，以确定是否玩家4是卧底：

- 玩家1的描述与篮球的特征高度一致，强调了皮革材料、比赛中的传递和得分、表面设计、对称性、空中稳定性、技巧动作和多功能性。
- 玩家2的描述也提到了圆形、户外运动、坚硬表面、独特形状设计、精准度和操控性，这些特征与篮球相符。
- 玩家3的描述与篮球的特征相符，提到了圆形、手部操作、特殊纹理、轻便、传递和操控、空中稳定性和技巧动作。
- 玩家4的描述提到了长条形器材、尖锐两端、旋转特性、挥拍击打等，这些特征与篮球的圆形特征不符，更像是球拍类体育用品。

由于玩家4的描述与篮球的特征存在显著差异，而其他玩家的描述都与篮球的特征相符，我们可以推断玩家4可能是卧底，因为他的描述与篮球存在明显的不一致。

因此，根据第三轮描述和之前的分析，玩家4可能是卧底。|| `请根据上述分析，比较描述以找出不一致之处，注意，这局游戏的词语分类为<体育用品>，卧底词和平民词都属于该类。
2024-12-13 14:15:31,490 - 2 - INFO - **********PLAYER2**********
根据上述分析，我们可以比较描述，找出以下不一致之处：

1. 玩家1的描述详细提到了篮球的多个特征，如皮革或合成材料、比赛中的传递和得分、表面设计、对称性、空中稳定性、技巧动作、多功能性、平衡和重量分布、结构特点等。

2. 玩家2的描述也提到了圆形、户外运动、坚硬表面、独特形状设计、精准度和操控性，但没有详细提到皮革材料、对称性、空中稳定性、技巧动作、平衡和重量分布、结构特点等，这些是玩家1描述中与篮球直接相关的特征。

3. 玩家3的描述与篮球的特征相符，提到了圆形、手部操作、特殊纹理、轻便、传递和操控、空中稳定性和技巧动作，与玩家1的描述有高度重合。

4. 玩家4的描述提到了长条形器材、尖锐两端、旋转特性、挥拍击打、轻质材料、快速挥动、球拍面、旋转特性、飞行轨迹和控球能力等特征，这些特征与篮球的圆形特征不符，更像是球拍类体育用品，如网球拍或羽毛球拍。

不一致之处在于玩家4的描述与篮球的圆形特征不符，而是描述了长条形器材和挥拍击打，这与篮球的基本特征存在显著差异。因此，玩家4的描述与其他玩家描述的篮球特征不一致。
2024-12-13 14:15:31,491 - 2 - INFO - **********JUDGER**********
你刚刚的分析是根据上述分析，我们可以比较描述，找出以下不一致之处：

1. 玩家1的描述详细提到了篮球的多个特征，如皮革或合成材料、比赛中的传递和得分、表面设计、对称性、空中稳定性、技巧动作、多功能性、平衡和重量分布、结构特点等。

2. 玩家2的描述也提到了圆形、户外运动、坚硬表面、独特形状设计、精准度和操控性，但没有详细提到皮革材料、对称性、空中稳定性、技巧动作、平衡和重量分布、结构特点等，这些是玩家1描述中与篮球直接相关的特征。

3. 玩家3的描述与篮球的特征相符，提到了圆形、手部操作、特殊纹理、轻便、传递和操控、空中稳定性和技巧动作，与玩家1的描述有高度重合。

4. 玩家4的描述提到了长条形器材、尖锐两端、旋转特性、挥拍击打、轻质材料、快速挥动、球拍面、旋转特性、飞行轨迹和控球能力等特征，这些特征与篮球的圆形特征不符，更像是球拍类体育用品，如网球拍或羽毛球拍。

不一致之处在于玩家4的描述与篮球的圆形特征不符，而是描述了长条形器材和挥拍击打，这与篮球的基本特征存在显著差异。因此，玩家4的描述与其他玩家描述的篮球特征不一致。|| 请通过你分析的不一致之处，推断卧底身份，注意，这局游戏的词语分类为<体育用品>，卧底词和平民词都属于该类。
2024-12-13 14:15:45,403 - 2 - INFO - **********PLAYER2**********
基于分析的不一致之处，可以推断：

- 玩家1的描述与篮球的特征高度一致，没有发现不一致之处。
- 玩家2的描述虽然提到了圆形和户外运动，但没有具体到篮球的细节特征，但整体描述与篮球较为吻合。
- 玩家3的描述与篮球的特征相符，没有发现不一致之处。
- 玩家4的描述提到了长条形器材、尖锐两端、旋转特性、挥拍击打等特征，这些特征与篮球的圆形特征不符，更像是球拍类体育用品，如网球拍或羽毛球拍。

因此，根据这些不一致之处，玩家4的描述与篮球的特征存在显著差异，这表明玩家4可能是卧底。他的描述更符合球拍类体育用品，而不是篮球。所以，推断玩家4是卧底。
2024-12-13 14:15:45,405 - 2 - INFO - **********JUDGER**********
你刚刚的推断是基于分析的不一致之处，可以推断：

- 玩家1的描述与篮球的特征高度一致，没有发现不一致之处。
- 玩家2的描述虽然提到了圆形和户外运动，但没有具体到篮球的细节特征，但整体描述与篮球较为吻合。
- 玩家3的描述与篮球的特征相符，没有发现不一致之处。
- 玩家4的描述提到了长条形器材、尖锐两端、旋转特性、挥拍击打等特征，这些特征与篮球的圆形特征不符，更像是球拍类体育用品，如网球拍或羽毛球拍。

因此，根据这些不一致之处，玩家4的描述与篮球的特征存在显著差异，这表明玩家4可能是卧底。他的描述更符合球拍类体育用品，而不是篮球。所以，推断玩家4是卧底。|| 基于你刚刚的推断得出你的最终结论，请输出你认为的卧底，在这种情况下只需要输出编号，是1-4中的某个数字，不要输出其他信息。在这个过程不要进行任何推理，只对||以前的部分进行信息提取
2024-12-13 14:15:46,872 - 2 - INFO - **********PLAYER2**********
4
