2024-12-13 14:08:43,815 - 3 - INFO - **********JUDGER**********
让我们来玩一个叫做<谁是卧底>的推理游戏。基本规则：<人数>：4人。<角色分配>：每位玩家随机抽取一个词语，3名玩家拿到的词语是相同的（平民词），1名玩家拿到与之相近但不同的词语（卧底词）。<游戏流程>：1、玩家轮流描述自己的词语，但<不能>直接说出词语本身。2、描述完毕后，投票选出最像卧底的玩家。3、每轮结束后，被投票选出的玩家出局，不能再进行描述或投票。4、每轮投票结束后，如果卧底被成功找出，平民方获胜；如果卧底未被找出且卧底人数等于或超过平民人数，则卧底方获胜。你将扮演一个<玩家>，请等待你被分配到的关键词。如果你听懂了，只回答，"好的，我准备好参加游戏了"，不要输出别的信息
2024-12-13 14:08:45,139 - 3 - INFO - **********PLAYER3**********
好的，我准备好参加游戏了
2024-12-13 14:08:52,779 - 3 - INFO - **********JUDGER**********
玩家1说：这个物品通常由皮革或合成材料制成，用于在比赛中传递和得分。它在该类中最特别的是，它的表面设计有助于球在空中旋转，增加控球和投掷的精确度。玩家2说：这个物品通常用于户外运动，它的基本特征是坚硬且表面光滑。在这个类别中，它最突出的不同之处在于它的形状设计独特，有助于提高运动中的精准度和操控性。玩家3说：玩家4说：|| 你是第3号玩家，你的关键词是<篮球>。你的回答中绝对不能包含你的关键词<篮球>。这是第一轮描述，不需要分析||之前别的玩家的描述，请你描述关键词基本特征，注意，这局游戏的词语分类为<体育用品>，卧底词和平民词都属于该类，描述包括以下两点，1.他的基本特征是什么2.他在该类（体育用品）中最突出不同的特征是什么，尽量简短
2024-12-13 14:08:54,689 - 3 - INFO - **********PLAYER3**********
这个物品是一种圆形的，主要用于手部操作的设备，它的表面通常有特殊的纹理，便于抓握和操控。在这个类别中，它最突出的不同之处在于其材质和设计使其在特定运动中具有卓越的性能。
2024-12-13 14:10:12,026 - 3 - INFO - **********JUDGER**********
玩家1说：这个物品通常由皮革或合成材料制成，用于在比赛中传递和得分。它在该类中最特别的是，它的表面设计有助于球在空中旋转，增加控球和投掷的精确度。玩家2说：这个物品通常用于户外运动，它的基本特征是坚硬且表面光滑。在这个类别中，它最突出的不同之处在于它的形状设计独特，有助于提高运动中的精准度和操控性。玩家3说：这个物品是一种圆形的，主要用于手部操作的设备，它的表面通常有特殊的纹理，便于抓握和操控。在这个类别中，它最突出的不同之处在于其材质和设计使其在特定运动中具有卓越的性能。玩家4说：||在这个游戏中，我们需要通过分析每位玩家的描述来找出卧底。通常，平民的描述会围绕相同的词语展开，而卧底的描述可能会因为词语的不同而显得不太一致。我们需要仔细比较每个描述之间的相似性和差异性，以找出可能的卧底，注意，卧底并不会隐藏自己，他会直接描述他的词语，现在，逐一分析每个玩家的描述，注意，这局游戏的词语分类为<体育用品>，卧底词和平民词都属于该类。这是第一轮描述。
2024-12-13 14:10:24,798 - 3 - INFO - **********PLAYER3**********
根据玩家们的描述，我们可以进行以下分析：

玩家1描述的物品是用于比赛中传递和得分，表面设计有助于球在空中旋转，这听起来像是篮球。

玩家2描述的物品是用于户外运动，坚硬且表面光滑，形状设计独特，有助于提高精准度和操控性，这也很像是篮球。

玩家3的描述与玩家1和玩家2的描述非常相似，也是圆形的，主要用于手部操作，表面有特殊纹理，材质和设计使它在特定运动中具有卓越性能，这同样指向篮球。

玩家4的描述没有具体提到物品的名称，而是强调了通过分析描述来找出卧底的重要性，这可能是卧底在引导大家注意描述的分析过程，而不是直接描述物品。

综上所述，玩家1、2和3的描述都非常相似，指向篮球。玩家4的描述似乎在引导分析过程，这可能意味着他是卧底。不过，没有足够的信息来确定玩家4是否真的是卧底，因为卧底也可能在描述他的词语。我们需要更多的信息或者下一轮的描述来确定谁是卧底。
2024-12-13 14:10:24,800 - 3 - INFO - **********JUDGER**********
你刚刚的分析是根据玩家们的描述，我们可以进行以下分析：

玩家1描述的物品是用于比赛中传递和得分，表面设计有助于球在空中旋转，这听起来像是篮球。

玩家2描述的物品是用于户外运动，坚硬且表面光滑，形状设计独特，有助于提高精准度和操控性，这也很像是篮球。

玩家3的描述与玩家1和玩家2的描述非常相似，也是圆形的，主要用于手部操作，表面有特殊纹理，材质和设计使它在特定运动中具有卓越性能，这同样指向篮球。

玩家4的描述没有具体提到物品的名称，而是强调了通过分析描述来找出卧底的重要性，这可能是卧底在引导大家注意描述的分析过程，而不是直接描述物品。

综上所述，玩家1、2和3的描述都非常相似，指向篮球。玩家4的描述似乎在引导分析过程，这可能意味着他是卧底。不过，没有足够的信息来确定玩家4是否真的是卧底，因为卧底也可能在描述他的词语。我们需要更多的信息或者下一轮的描述来确定谁是卧底。|| `请根据上述分析，比较描述以找出不一致之处，注意，这局游戏的词语分类为<体育用品>，卧底词和平民词都属于该类。
2024-12-13 14:10:37,098 - 3 - INFO - **********PLAYER3**********
根据上述分析，我们可以比较每位玩家的描述，寻找其中的不一致之处：

1. 玩家1的描述强调了物品的表面设计有助于球在空中旋转，这通常指的是篮球中的篮球本身。

2. 玩家2的描述提到了物品用于户外运动，坚硬且表面光滑，形状设计独特，有助于提高精准度和操控性，这也符合篮球的特点。

3. 玩家3的描述与玩家1和玩家2相似，同样描述了物品的圆形、手部操作和特殊纹理，以及它在特定运动中的卓越性能，这也是篮球的特点。

4. 玩家4的描述没有直接提到物品的名称，而是强调了分析描述的重要性，这听起来像是卧底的行为，因为卧底通常会试图引导讨论，而不是直接描述物品。

不一致之处在于玩家4的描述。玩家1、2和3的描述都集中在物品的物理特征和运动特性上，这与篮球的描述相符。而玩家4的描述没有直接描述物品，而是引导大家关注分析描述的过程，这与其他三位玩家的描述风格不同。在《谁是卧底》游戏中，这种引导行为可能是卧底试图混淆视听的策略。

因此，根据描述的不一致之处，玩家4的描述与玩家1、2、3的描述风格不匹配，这可能意味着玩家4是卧底。然而，最终确定卧底还需要结合后续的描述和投票结果。
2024-12-13 14:10:37,100 - 3 - INFO - **********JUDGER**********
你刚刚的分析是根据上述分析，我们可以比较每位玩家的描述，寻找其中的不一致之处：

1. 玩家1的描述强调了物品的表面设计有助于球在空中旋转，这通常指的是篮球中的篮球本身。

2. 玩家2的描述提到了物品用于户外运动，坚硬且表面光滑，形状设计独特，有助于提高精准度和操控性，这也符合篮球的特点。

3. 玩家3的描述与玩家1和玩家2相似，同样描述了物品的圆形、手部操作和特殊纹理，以及它在特定运动中的卓越性能，这也是篮球的特点。

4. 玩家4的描述没有直接提到物品的名称，而是强调了分析描述的重要性，这听起来像是卧底的行为，因为卧底通常会试图引导讨论，而不是直接描述物品。

不一致之处在于玩家4的描述。玩家1、2和3的描述都集中在物品的物理特征和运动特性上，这与篮球的描述相符。而玩家4的描述没有直接描述物品，而是引导大家关注分析描述的过程，这与其他三位玩家的描述风格不同。在《谁是卧底》游戏中，这种引导行为可能是卧底试图混淆视听的策略。

因此，根据描述的不一致之处，玩家4的描述与玩家1、2、3的描述风格不匹配，这可能意味着玩家4是卧底。然而，最终确定卧底还需要结合后续的描述和投票结果。|| 请通过你分析的不一致之处，推断卧底身份，注意，这局游戏的词语分类为<体育用品>，卧底词和平民词都属于该类。
2024-12-13 14:10:49,635 - 3 - INFO - **********PLAYER3**********
基于上述分析，我们可以推断以下信息：

- 玩家1、2和3的描述都指向了篮球，这是一个体育用品，且所有描述都集中在篮球的物理特征和它在篮球运动中的作用。
- 玩家4的描述没有直接指向篮球，而是强调了分析描述的重要性，这种描述方式与玩家1、2、3的描述风格不同。

在《谁是卧底》游戏中，卧底通常会试图通过不同的描述风格或者引导讨论来隐藏自己的真实身份。玩家4的描述方式与平民玩家的描述不一致，这增加了他是卧底的可能性。

然而，由于游戏中的词语分类为<体育用品>，且卧底词和平民词都属于该类，我们不能仅凭描述风格的不同就断定玩家4是卧底。玩家4可能确实在描述一个与篮球不同的体育用品，但这个用品同样可能是一个平民词。

因此，虽然玩家4的描述风格与其他玩家不一致，这增加了他是卧底的可能性，但没有足够的信息来确定他确实是卧底。我们需要更多的描述或者投票结果来最终确定玩家的身份。在没有进一步信息的情况下，我们不能确切推断玩家4的身份。
2024-12-13 14:10:49,640 - 3 - INFO - **********JUDGER**********
你刚刚的推断是基于上述分析，我们可以推断以下信息：

- 玩家1、2和3的描述都指向了篮球，这是一个体育用品，且所有描述都集中在篮球的物理特征和它在篮球运动中的作用。
- 玩家4的描述没有直接指向篮球，而是强调了分析描述的重要性，这种描述方式与玩家1、2、3的描述风格不同。

在《谁是卧底》游戏中，卧底通常会试图通过不同的描述风格或者引导讨论来隐藏自己的真实身份。玩家4的描述方式与平民玩家的描述不一致，这增加了他是卧底的可能性。

然而，由于游戏中的词语分类为<体育用品>，且卧底词和平民词都属于该类，我们不能仅凭描述风格的不同就断定玩家4是卧底。玩家4可能确实在描述一个与篮球不同的体育用品，但这个用品同样可能是一个平民词。

因此，虽然玩家4的描述风格与其他玩家不一致，这增加了他是卧底的可能性，但没有足够的信息来确定他确实是卧底。我们需要更多的描述或者投票结果来最终确定玩家的身份。在没有进一步信息的情况下，我们不能确切推断玩家4的身份。|| 基于你刚刚的推断得出你的最终结论，请输出你认为的卧底，在这种情况下只需要输出编号，是1-4中的某个数字，不要输出其他信息。在这个过程不要进行任何推理，只对||以前的部分进行信息提取
2024-12-13 14:10:50,376 - 3 - INFO - **********PLAYER3**********
4
2024-12-13 14:11:46,985 - 3 - INFO - **********JUDGER**********
玩家1说：这个物品通常由皮革或合成材料制成，用于在比赛中传递和得分。它在该类中最特别的是，它的表面设计有助于球在空中旋转，增加控球和投掷的精确度。这个物品有着明显的对称性，适合在手中翻转和操控。它的设计使得它可以在空中保持稳定，便于进行复杂的技巧动作。在同类体育用品中，它因其独特的操控性和在运动中的多功能性而备受推崇。玩家2说：这个物品通常用于户外运动，它的基本特征是坚硬且表面光滑。在这个类别中，它最突出的不同之处在于它的形状设计独特，有助于提高运动中的精准度和操控性。这个物品是一种圆形的，主要用于手部操作的设备。它的表面设计特别，拥有独特的纹理，便于抓握和操控。在同类体育用品中，它以其出色的操控性和多功能性而著称，尤其在户外运动中扮演着重要角色。这个物品的设计使其在空中保持稳定，便于进行复杂的技巧动作，而且它的形状和材质使其在运动中具有卓越的精准度和操控性。玩家3说：这个物品是一种圆形的，主要用于手部操作的设备，它的表面通常有特殊的纹理，便于抓握和操控。在这个类别中，它最突出的不同之处在于其材质和设计使其在特定运动中具有卓越的性能。玩家4说：这个物品是一种轻便的长条形器材，主要用于投掷和接住球。它的基本特征是两端尖锐，便于投掷和接球。在该类（体育用品）中最突出的不同特征是，它通常带有旋转，增加了投掷的精确度和控球能力。你是第3号玩家，你的关键词是<篮球>。你的回答中绝对不能包含你的关键词<篮球>。这是第二轮描述，你之前的描述是这个物品是一种圆形的，主要用于手部操作的设备，它的表面通常有特殊的纹理，便于抓握和操控。在这个类别中，它最突出的不同之处在于其材质和设计使其在特定运动中具有卓越的性能。，注意，这局游戏的词语分类为<体育用品>，卧底词和平民词都属于该类，请你补充关于关键词的描述，注意，你的描述应该比起之前的描述更加贴近关键词，作为之前的补充
2024-12-13 14:11:51,224 - 3 - INFO - **********PLAYER3**********
这个物品是一种轻便的圆形器材，主要用于在手中传递和操控。它的表面设计具有独特的纹理，不仅便于抓握，还能增加球在空中旋转的可能性，从而提高控球和投掷的精确度。这种设计使得它在同类体育用品中尤为突出，尤其在户外运动和比赛中扮演着关键角色。
2024-12-13 14:13:05,089 - 3 - INFO - **********JUDGER**********
玩家1说：这个物品通常由皮革或合成材料制成，用于在比赛中传递和得分。它在该类中最特别的是，它的表面设计有助于球在空中旋转，增加控球和投掷的精确度。这个物品有着明显的对称性，适合在手中翻转和操控。它的设计使得它可以在空中保持稳定，便于进行复杂的技巧动作。在同类体育用品中，它因其独特的操控性和在运动中的多功能性而备受推崇。玩家2说：这个物品通常用于户外运动，它的基本特征是坚硬且表面光滑。在这个类别中，它最突出的不同之处在于它的形状设计独特，有助于提高运动中的精准度和操控性。这个物品是一种圆形的，主要用于手部操作的设备。它的表面设计特别，拥有独特的纹理，便于抓握和操控。在同类体育用品中，它以其出色的操控性和多功能性而著称，尤其在户外运动中扮演着重要角色。这个物品的设计使其在空中保持稳定，便于进行复杂的技巧动作，而且它的形状和材质使其在运动中具有卓越的精准度和操控性。玩家3说：这个物品是一种圆形的，主要用于手部操作的设备，它的表面通常有特殊的纹理，便于抓握和操控。在这个类别中，它最突出的不同之处在于其材质和设计使其在特定运动中具有卓越的性能。这个物品是一种轻便的圆形器材，主要用于在手中传递和操控。它的表面设计具有独特的纹理，不仅便于抓握，还能增加球在空中旋转的可能性，从而提高控球和投掷的精确度。这种设计使得它在同类体育用品中尤为突出，尤其在户外运动和比赛中扮演着关键角色。玩家4说：这个物品是一种轻便的长条形器材，主要用于投掷和接住球。它的基本特征是两端尖锐，便于投掷和接球。在该类（体育用品）中最突出的不同特征是，它通常带有旋转，增加了投掷的精确度和控球能力。||在这个游戏中，我们需要通过分析每位玩家的描述来找出卧底。通常，平民的描述会围绕相同的词语展开，而卧底的描述可能会因为词语的不同而显得不太一致。我们需要仔细比较每个描述之间的相似性和差异性，以找出可能的卧底，注意，卧底并不会隐藏自己，他会直接描述他的词语，现在，逐一分析每个玩家的描述，注意，这局游戏的词语分类为<体育用品>，卧底词和平民词都属于该类。||之前是第2轮描述和之前轮数描述的合集。你之前认为的卧底是玩家4。
2024-12-13 14:13:23,941 - 3 - INFO - **********PLAYER3**********
根据玩家们的第二轮描述，我们可以进行以下分析：

玩家1的描述与玩家3的描述非常相似，都提到了物品的表面设计有助于球在空中旋转，增加控球和投掷的精确度，以及物品的对称性和稳定性。

玩家2的描述与玩家1和玩家3的描述也有相似之处，都提到了物品的形状设计独特，有助于提高运动中的精准度和操控性，以及物品的圆形和手部操作的特点。

玩家3的描述与玩家1和玩家2的描述高度一致，强调了物品的圆形、手部操作、特殊纹理以及它在特定运动中的卓越性能。

玩家4的描述与前三位玩家的描述相比，有所不同。玩家4提到了物品是长条形的，两端尖锐，主要用于投掷和接住球，并且通常带有旋转，增加了投掷的精确度和控球能力。

基于这些描述，玩家4的描述与其他三位玩家的描述存在显著差异，因为他描述的是一种长条形的器材，而其他玩家描述的是圆形的器材。这种差异可能是由于玩家4的词语与篮球不同，或者是因为他确实是卧底，试图通过描述一个不同的物品来隐藏自己的真实身份。

因此，根据描述的差异性，玩家4的描述与其他玩家的描述不一致，这增加了他是卧底的可能性。结合之前的分析，我之前的推断是玩家4可能是卧底。
2024-12-13 14:13:23,945 - 3 - INFO - **********JUDGER**********
你刚刚的分析是根据玩家们的第二轮描述，我们可以进行以下分析：

玩家1的描述与玩家3的描述非常相似，都提到了物品的表面设计有助于球在空中旋转，增加控球和投掷的精确度，以及物品的对称性和稳定性。

玩家2的描述与玩家1和玩家3的描述也有相似之处，都提到了物品的形状设计独特，有助于提高运动中的精准度和操控性，以及物品的圆形和手部操作的特点。

玩家3的描述与玩家1和玩家2的描述高度一致，强调了物品的圆形、手部操作、特殊纹理以及它在特定运动中的卓越性能。

玩家4的描述与前三位玩家的描述相比，有所不同。玩家4提到了物品是长条形的，两端尖锐，主要用于投掷和接住球，并且通常带有旋转，增加了投掷的精确度和控球能力。

基于这些描述，玩家4的描述与其他三位玩家的描述存在显著差异，因为他描述的是一种长条形的器材，而其他玩家描述的是圆形的器材。这种差异可能是由于玩家4的词语与篮球不同，或者是因为他确实是卧底，试图通过描述一个不同的物品来隐藏自己的真实身份。

因此，根据描述的差异性，玩家4的描述与其他玩家的描述不一致，这增加了他是卧底的可能性。结合之前的分析，我之前的推断是玩家4可能是卧底。|| `请根据上述分析，比较描述以找出不一致之处，注意，这局游戏的词语分类为<体育用品>，卧底词和平民词都属于该类。
2024-12-13 14:13:34,991 - 3 - INFO - **********PLAYER3**********
根据上述分析，我们可以比较每位玩家的描述，找出以下不一致之处：

1. 玩家1、2和3的描述都集中在圆形物品上，它们提到了物品的表面设计、对称性、稳定性、特殊纹理、操控性以及多功能性。

2. 玩家4的描述与玩家1、2、3的描述不同，他提到了一个长条形的物品，两端尖锐，主要用于投掷和接住球，并且强调了这个物品在空中保持稳定和增加投掷精确度的旋转特性。

不一致之处在于形状的描述。玩家1、2、3描述的是圆形的物品，而玩家4描述的是长条形的物品。这种形状上的差异在《谁是卧底》游戏中可能是一个重要的线索，因为它直接指向了物品的不同类别。

在词语分类为<体育用品>的情况下，圆形物品的描述与篮球相符，而长条形物品的描述可能指向的是另一种体育用品，如橄榄球或者板球。这种形状上的差异可能表明玩家4的词语与篮球不同，因此，玩家4可能是卧底。
2024-12-13 14:13:34,992 - 3 - INFO - **********JUDGER**********
你刚刚的分析是根据上述分析，我们可以比较每位玩家的描述，找出以下不一致之处：

1. 玩家1、2和3的描述都集中在圆形物品上，它们提到了物品的表面设计、对称性、稳定性、特殊纹理、操控性以及多功能性。

2. 玩家4的描述与玩家1、2、3的描述不同，他提到了一个长条形的物品，两端尖锐，主要用于投掷和接住球，并且强调了这个物品在空中保持稳定和增加投掷精确度的旋转特性。

不一致之处在于形状的描述。玩家1、2、3描述的是圆形的物品，而玩家4描述的是长条形的物品。这种形状上的差异在《谁是卧底》游戏中可能是一个重要的线索，因为它直接指向了物品的不同类别。

在词语分类为<体育用品>的情况下，圆形物品的描述与篮球相符，而长条形物品的描述可能指向的是另一种体育用品，如橄榄球或者板球。这种形状上的差异可能表明玩家4的词语与篮球不同，因此，玩家4可能是卧底。|| 请通过你分析的不一致之处，推断卧底身份，注意，这局游戏的词语分类为<体育用品>，卧底词和平民词都属于该类。
2024-12-13 14:13:35,897 - 3 - INFO - **********PLAYER3**********
4
2024-12-13 14:13:35,898 - 3 - INFO - **********JUDGER**********
你刚刚的推断是4|| 基于你刚刚的推断得出你的最终结论，请输出你认为的卧底，在这种情况下只需要输出编号，是1-4中的某个数字，不要输出其他信息。在这个过程不要进行任何推理，只对||以前的部分进行信息提取
2024-12-13 14:13:37,074 - 3 - INFO - **********PLAYER3**********
4
2024-12-13 14:14:27,899 - 3 - INFO - **********JUDGER**********
玩家1说：这个物品通常由皮革或合成材料制成，用于在比赛中传递和得分。它在该类中最特别的是，它的表面设计有助于球在空中旋转，增加控球和投掷的精确度。这个物品有着明显的对称性，适合在手中翻转和操控。它的设计使得它可以在空中保持稳定，便于进行复杂的技巧动作。在同类体育用品中，它因其独特的操控性和在运动中的多功能性而备受推崇。这个物品的设计注重平衡和重量分布，使得它在空中飞行时能够保持稳定。它的结构使得球员能够轻松地进行各种技巧动作，如转身和跳跃投篮。在同类体育用品中，它以其在比赛中的灵活性和对球员技巧的提升而受到重视。玩家2说：这个物品通常用于户外运动，它的基本特征是坚硬且表面光滑。在这个类别中，它最突出的不同之处在于它的形状设计独特，有助于提高运动中的精准度和操控性。这个物品是一种圆形的，主要用于手部操作的设备。它的表面设计特别，拥有独特的纹理，便于抓握和操控。在同类体育用品中，它以其出色的操控性和多功能性而著称，尤其在户外运动中扮演着重要角色。这个物品的设计使其在空中保持稳定，便于进行复杂的技巧动作，而且它的形状和材质使其在运动中具有卓越的精准度和操控性。这个物品是一种轻便的圆形器材，主要用于手部操作。它的表面设计具有独特的纹理，不仅便于抓握，还能增加球在空中旋转的可能性，从而提高控球和投掷的精确度。这种设计使得它在同类体育用品中尤为突出，尤其在户外运动和比赛中扮演着关键角色。这个物品的材质和结构使其在空中飞行时能够保持稳定，便于进行复杂的技巧动作，如转身和跳跃投篮。它的设计注重平衡和重量分布，使得球员能够轻松地进行各种技巧动作，如转身和跳跃投篮。在同类体育用品中，它以其在比赛中的灵活性和对球员技巧的提升而受到重视。玩家3说：这个物品是一种圆形的，主要用于手部操作的设备，它的表面通常有特殊的纹理，便于抓握和操控。在这个类别中，它最突出的不同之处在于其材质和设计使其在特定运动中具有卓越的性能。这个物品是一种轻便的圆形器材，主要用于在手中传递和操控。它的表面设计具有独特的纹理，不仅便于抓握，还能增加球在空中旋转的可能性，从而提高控球和投掷的精确度。这种设计使得它在同类体育用品中尤为突出，尤其在户外运动和比赛中扮演着关键角色。玩家4说：这个物品是一种轻便的长条形器材，主要用于投掷和接住球。它的基本特征是两端尖锐，便于投掷和接球。在该类（体育用品）中最突出的不同特征是，它通常带有旋转，增加了投掷的精确度和控球能力。这个物品是专为挥拍击打而设计的，它通常由轻质材料制成，便于快速挥动。它的结构特别，两端尖锐，便于投掷和接球，同时，它的设计使得球在空中可以产生强烈的旋转，这对于增加击球的精确度和控制力至关重要。这种旋转特性是它在同类体育用品中最突出的特征之一，使得它在比赛中具有显著的优势。你是第3号玩家，你的关键词是<篮球>。你的回答中绝对不能包含你的关键词<篮球>。这是第三轮描述，你之前的描述是这个物品是一种圆形的，主要用于手部操作的设备，它的表面通常有特殊的纹理，便于抓握和操控。在这个类别中，它最突出的不同之处在于其材质和设计使其在特定运动中具有卓越的性能。和这个物品是一种轻便的圆形器材，主要用于在手中传递和操控。它的表面设计具有独特的纹理，不仅便于抓握，还能增加球在空中旋转的可能性，从而提高控球和投掷的精确度。这种设计使得它在同类体育用品中尤为突出，尤其在户外运动和比赛中扮演着关键角色。，注意，这局游戏的词语分类为<体育用品>，卧底词和平民词都属于该类，请你补充关于关键词的描述，注意，你的描述应该比起之前的描述更加贴近关键词，作为之前的补充
2024-12-13 14:14:32,725 - 3 - INFO - **********PLAYER3**********
这个物品是一种圆形的，主要用于手部操作的器材，它的表面设计有特殊的纹理，不仅便于抓握，还能增加球在空中旋转的可能性，从而提高控球和投掷的精确度。这种设计使得它在同类体育用品中尤为突出，尤其在户外运动和比赛中扮演着关键角色。它的材质和结构使得球在空中飞行时能够保持稳定，便于进行复杂的技巧动作，如转身和跳跃投篮。这种器材的设计注重平衡和重量分布，使得球员能够轻松地进行各种技巧动作，如转身和跳跃投篮。
2024-12-13 14:15:46,873 - 3 - INFO - **********JUDGER**********
玩家1说：这个物品通常由皮革或合成材料制成，用于在比赛中传递和得分。它在该类中最特别的是，它的表面设计有助于球在空中旋转，增加控球和投掷的精确度。这个物品有着明显的对称性，适合在手中翻转和操控。它的设计使得它可以在空中保持稳定，便于进行复杂的技巧动作。在同类体育用品中，它因其独特的操控性和在运动中的多功能性而备受推崇。这个物品的设计注重平衡和重量分布，使得它在空中飞行时能够保持稳定。它的结构使得球员能够轻松地进行各种技巧动作，如转身和跳跃投篮。在同类体育用品中，它以其在比赛中的灵活性和对球员技巧的提升而受到重视。玩家2说：这个物品通常用于户外运动，它的基本特征是坚硬且表面光滑。在这个类别中，它最突出的不同之处在于它的形状设计独特，有助于提高运动中的精准度和操控性。这个物品是一种圆形的，主要用于手部操作的设备。它的表面设计特别，拥有独特的纹理，便于抓握和操控。在同类体育用品中，它以其出色的操控性和多功能性而著称，尤其在户外运动中扮演着重要角色。这个物品的设计使其在空中保持稳定，便于进行复杂的技巧动作，而且它的形状和材质使其在运动中具有卓越的精准度和操控性。这个物品是一种轻便的圆形器材，主要用于手部操作。它的表面设计具有独特的纹理，不仅便于抓握，还能增加球在空中旋转的可能性，从而提高控球和投掷的精确度。这种设计使得它在同类体育用品中尤为突出，尤其在户外运动和比赛中扮演着关键角色。这个物品的材质和结构使其在空中飞行时能够保持稳定，便于进行复杂的技巧动作，如转身和跳跃投篮。它的设计注重平衡和重量分布，使得球员能够轻松地进行各种技巧动作，如转身和跳跃投篮。在同类体育用品中，它以其在比赛中的灵活性和对球员技巧的提升而受到重视。玩家3说：这个物品是一种圆形的，主要用于手部操作的设备，它的表面通常有特殊的纹理，便于抓握和操控。在这个类别中，它最突出的不同之处在于其材质和设计使其在特定运动中具有卓越的性能。这个物品是一种轻便的圆形器材，主要用于在手中传递和操控。它的表面设计具有独特的纹理，不仅便于抓握，还能增加球在空中旋转的可能性，从而提高控球和投掷的精确度。这种设计使得它在同类体育用品中尤为突出，尤其在户外运动和比赛中扮演着关键角色。这个物品是一种圆形的，主要用于手部操作的器材，它的表面设计有特殊的纹理，不仅便于抓握，还能增加球在空中旋转的可能性，从而提高控球和投掷的精确度。这种设计使得它在同类体育用品中尤为突出，尤其在户外运动和比赛中扮演着关键角色。它的材质和结构使得球在空中飞行时能够保持稳定，便于进行复杂的技巧动作，如转身和跳跃投篮。这种器材的设计注重平衡和重量分布，使得球员能够轻松地进行各种技巧动作，如转身和跳跃投篮。玩家4说：这个物品是一种轻便的长条形器材，主要用于投掷和接住球。它的基本特征是两端尖锐，便于投掷和接球。在该类（体育用品）中最突出的不同特征是，它通常带有旋转，增加了投掷的精确度和控球能力。这个物品是专为挥拍击打而设计的，它通常由轻质材料制成，便于快速挥动。它的结构特别，两端尖锐，便于投掷和接球，同时，它的设计使得球在空中可以产生强烈的旋转，这对于增加击球的精确度和控制力至关重要。这种旋转特性是它在同类体育用品中最突出的特征之一，使得它在比赛中具有显著的优势。这个物品是专为挥拍击打而设计的，它具有轻便的构造和灵活的握把，使得球员能够快速而精确地控制球拍。它的形状设计使得球拍面能够有效击中球，并在击球时产生旋转。这种旋转是它在同类体育用品中最显著的特征，能够显著提高球的飞行轨迹和控球能力。球拍的材质和平衡性使得球员在进行快速连续击球时能够保持稳定的手感。||在这个游戏中，我们需要通过分析每位玩家的描述来找出卧底。通常，平民的描述会围绕相同的词语展开，而卧底的描述可能会因为词语的不同而显得不太一致。我们需要仔细比较每个描述之间的相似性和差异性，以找出可能的卧底，注意，卧底并不会隐藏自己，他会直接描述他的词语，现在，逐一分析每个玩家的描述，注意，这局游戏的词语分类为<体育用品>，卧底词和平民词都属于该类。||之前是第3轮描述和之前轮数描述的合集。你之前认为的卧底是玩家4。
2024-12-13 14:15:50,002 - 3 - INFO - **********PLAYER3**********
4
2024-12-13 14:15:50,003 - 3 - INFO - **********JUDGER**********
你刚刚的分析是4|| `请根据上述分析，比较描述以找出不一致之处，注意，这局游戏的词语分类为<体育用品>，卧底词和平民词都属于该类。
2024-12-13 14:15:58,839 - 3 - INFO - **********PLAYER3**********
根据上述分析，我们可以比较每位玩家的描述，找出以下不一致之处：

1. 玩家1、2和3的描述都集中在圆形的物品上，它们强调了物品的材质（皮革或合成材料）、表面设计（有助于球在空中旋转）、对称性、操控性、多功能性、平衡和重量分布，以及物品在空中飞行时的稳定性。

2. 玩家4的描述与玩家1、2、3的描述存在显著差异。玩家4描述的是一个轻便的长条形器材，主要用于投掷和接住球，其特征是两端尖锐，便于投掷和接球，并且强调了物品在空中产生强烈旋转的特性，这是它在同类体育用品中最突出的特征。

不一致之处在于物品的形状和描述的旋转特性。玩家1、2、3描述的是圆形物品，而玩家4描述的是长条形物品。此外，玩家4特别强调了旋转这一特性，而其他玩家没有提到这一点。这种形状和特征的差异在《谁是卧底》游戏中可能是一个重要的线索，因为它指向了不同的体育用品类别。
2024-12-13 14:15:58,845 - 3 - INFO - **********JUDGER**********
你刚刚的分析是根据上述分析，我们可以比较每位玩家的描述，找出以下不一致之处：

1. 玩家1、2和3的描述都集中在圆形的物品上，它们强调了物品的材质（皮革或合成材料）、表面设计（有助于球在空中旋转）、对称性、操控性、多功能性、平衡和重量分布，以及物品在空中飞行时的稳定性。

2. 玩家4的描述与玩家1、2、3的描述存在显著差异。玩家4描述的是一个轻便的长条形器材，主要用于投掷和接住球，其特征是两端尖锐，便于投掷和接球，并且强调了物品在空中产生强烈旋转的特性，这是它在同类体育用品中最突出的特征。

不一致之处在于物品的形状和描述的旋转特性。玩家1、2、3描述的是圆形物品，而玩家4描述的是长条形物品。此外，玩家4特别强调了旋转这一特性，而其他玩家没有提到这一点。这种形状和特征的差异在《谁是卧底》游戏中可能是一个重要的线索，因为它指向了不同的体育用品类别。|| 请通过你分析的不一致之处，推断卧底身份，注意，这局游戏的词语分类为<体育用品>，卧底词和平民词都属于该类。
2024-12-13 14:16:01,221 - 3 - INFO - **********PLAYER3**********
4
2024-12-13 14:16:01,221 - 3 - INFO - **********JUDGER**********
你刚刚的推断是4|| 基于你刚刚的推断得出你的最终结论，请输出你认为的卧底，在这种情况下只需要输出编号，是1-4中的某个数字，不要输出其他信息。在这个过程不要进行任何推理，只对||以前的部分进行信息提取
2024-12-13 14:16:02,730 - 3 - INFO - **********PLAYER3**********
4
