2024-12-13 14:08:46,093 - 4 - INFO - **********JUDGER**********
让我们来玩一个叫做<谁是卧底>的推理游戏。基本规则：<人数>：4人。<角色分配>：每位玩家随机抽取一个词语，3名玩家拿到的词语是相同的（平民词），1名玩家拿到与之相近但不同的词语（卧底词）。<游戏流程>：1、玩家轮流描述自己的词语，但<不能>直接说出词语本身。2、描述完毕后，投票选出最像卧底的玩家。3、每轮结束后，被投票选出的玩家出局，不能再进行描述或投票。4、每轮投票结束后，如果卧底被成功找出，平民方获胜；如果卧底未被找出且卧底人数等于或超过平民人数，则卧底方获胜。你将扮演一个<玩家>，请等待你被分配到的关键词。如果你听懂了，只回答，"好的，我准备好参加游戏了"，不要输出别的信息
2024-12-13 14:08:46,760 - 4 - INFO - **********PLAYER4**********
好的，我准备好参加游戏了
2024-12-13 14:08:54,690 - 4 - INFO - **********JUDGER**********
玩家1说：这个物品通常由皮革或合成材料制成，用于在比赛中传递和得分。它在该类中最特别的是，它的表面设计有助于球在空中旋转，增加控球和投掷的精确度。玩家2说：这个物品通常用于户外运动，它的基本特征是坚硬且表面光滑。在这个类别中，它最突出的不同之处在于它的形状设计独特，有助于提高运动中的精准度和操控性。玩家3说：这个物品是一种圆形的，主要用于手部操作的设备，它的表面通常有特殊的纹理，便于抓握和操控。在这个类别中，它最突出的不同之处在于其材质和设计使其在特定运动中具有卓越的性能。玩家4说：|| 你是第4号玩家，你的关键词是<羽毛球>。你的回答中绝对不能包含你的关键词<羽毛球>。这是第一轮描述，不需要分析||之前别的玩家的描述，请你描述关键词基本特征，注意，这局游戏的词语分类为<体育用品>，卧底词和平民词都属于该类，描述包括以下两点，1.他的基本特征是什么2.他在该类（体育用品）中最突出不同的特征是什么，尽量简短
2024-12-13 14:08:57,346 - 4 - INFO - **********PLAYER4**********
这个物品是一种轻便的长条形器材，主要用于投掷和接住球。它的基本特征是两端尖锐，便于投掷和接球。在该类（体育用品）中最突出的不同特征是，它通常带有旋转，增加了投掷的精确度和控球能力。
2024-12-13 14:10:50,376 - 4 - INFO - **********JUDGER**********
玩家1说：这个物品通常由皮革或合成材料制成，用于在比赛中传递和得分。它在该类中最特别的是，它的表面设计有助于球在空中旋转，增加控球和投掷的精确度。玩家2说：这个物品通常用于户外运动，它的基本特征是坚硬且表面光滑。在这个类别中，它最突出的不同之处在于它的形状设计独特，有助于提高运动中的精准度和操控性。玩家3说：这个物品是一种圆形的，主要用于手部操作的设备，它的表面通常有特殊的纹理，便于抓握和操控。在这个类别中，它最突出的不同之处在于其材质和设计使其在特定运动中具有卓越的性能。玩家4说：||在这个游戏中，我们需要通过分析每位玩家的描述来找出卧底。通常，平民的描述会围绕相同的词语展开，而卧底的描述可能会因为词语的不同而显得不太一致。我们需要仔细比较每个描述之间的相似性和差异性，以找出可能的卧底，注意，卧底并不会隐藏自己，他会直接描述他的词语，现在，逐一分析每个玩家的描述，注意，这局游戏的词语分类为<体育用品>，卧底词和平民词都属于该类。这是第一轮描述。
2024-12-13 14:11:00,180 - 4 - INFO - **********PLAYER4**********
根据玩家们的描述，我们可以进行以下分析：

玩家1描述的物品听起来像是足球或篮球，因为它们通常由皮革或合成材料制成，用于比赛中的传递和得分，且表面设计有助于球在空中旋转。

玩家2的描述可能指向板球或高尔夫球，因为它提到的是户外运动，坚硬且表面光滑，形状设计独特，有助于提高精准度和操控性。

玩家3的描述很可能是篮球或足球，因为它描述的是圆形的，主要用于手部操作，表面有纹理，便于抓握和操控。

玩家4的描述没有提供足够的信息来确定具体的体育用品，但提到了材质和设计在特定运动中的卓越性能，这可能意味着他描述的是一种特殊设计的球，比如排球或网球。

综合分析，玩家1、2和3的描述都指向了具体的体育用品，而玩家4的描述较为模糊，没有明确的指向性。因此，玩家4可能是卧底，因为他的描述与平民的描述相比缺乏一致性。不过，最终需要通过投票来确定。
2024-12-13 14:11:00,182 - 4 - INFO - **********JUDGER**********
你刚刚的分析是根据玩家们的描述，我们可以进行以下分析：

玩家1描述的物品听起来像是足球或篮球，因为它们通常由皮革或合成材料制成，用于比赛中的传递和得分，且表面设计有助于球在空中旋转。

玩家2的描述可能指向板球或高尔夫球，因为它提到的是户外运动，坚硬且表面光滑，形状设计独特，有助于提高精准度和操控性。

玩家3的描述很可能是篮球或足球，因为它描述的是圆形的，主要用于手部操作，表面有纹理，便于抓握和操控。

玩家4的描述没有提供足够的信息来确定具体的体育用品，但提到了材质和设计在特定运动中的卓越性能，这可能意味着他描述的是一种特殊设计的球，比如排球或网球。

综合分析，玩家1、2和3的描述都指向了具体的体育用品，而玩家4的描述较为模糊，没有明确的指向性。因此，玩家4可能是卧底，因为他的描述与平民的描述相比缺乏一致性。不过，最终需要通过投票来确定。|| `请根据上述分析，比较描述以找出不一致之处，注意，这局游戏的词语分类为<体育用品>，卧底词和平民词都属于该类。
2024-12-13 14:11:11,177 - 4 - INFO - **********PLAYER4**********
根据上述分析，我们可以比较描述中的不一致之处如下：

1. 玩家1和玩家2的描述都提到了物品的材质（皮革或合成材料，坚硬且表面光滑），以及它们在运动中的特定用途（传递和得分，户外运动）。然而，玩家2的描述特别强调了物品的形状设计独特，这可能与玩家1描述的足球或篮球的圆形特征不一致。

2. 玩家3的描述也提到了圆形的物品，用于手部操作，表面有纹理，这与足球和篮球的描述相符。但是，玩家3没有提到物品的材质，而是强调了材质和设计在特定运动中的卓越性能，这与玩家1和玩家2的描述有所区别。

3. 玩家4的描述没有明确指出物品的形状或材质，而是强调了材质和设计在特定运动中的卓越性能，这与其他三位玩家的描述都不同。玩家4的描述更像是描述一个设计独特的球类，但没有具体指向某种特定的体育用品。

基于这些不一致之处，玩家4的描述似乎与平民的描述不太一致，因此可能是卧底。不过，需要注意的是，卧底也可能故意隐藏信息，所以最终判断还需要结合投票结果。
2024-12-13 14:11:11,179 - 4 - INFO - **********JUDGER**********
你刚刚的分析是根据上述分析，我们可以比较描述中的不一致之处如下：

1. 玩家1和玩家2的描述都提到了物品的材质（皮革或合成材料，坚硬且表面光滑），以及它们在运动中的特定用途（传递和得分，户外运动）。然而，玩家2的描述特别强调了物品的形状设计独特，这可能与玩家1描述的足球或篮球的圆形特征不一致。

2. 玩家3的描述也提到了圆形的物品，用于手部操作，表面有纹理，这与足球和篮球的描述相符。但是，玩家3没有提到物品的材质，而是强调了材质和设计在特定运动中的卓越性能，这与玩家1和玩家2的描述有所区别。

3. 玩家4的描述没有明确指出物品的形状或材质，而是强调了材质和设计在特定运动中的卓越性能，这与其他三位玩家的描述都不同。玩家4的描述更像是描述一个设计独特的球类，但没有具体指向某种特定的体育用品。

基于这些不一致之处，玩家4的描述似乎与平民的描述不太一致，因此可能是卧底。不过，需要注意的是，卧底也可能故意隐藏信息，所以最终判断还需要结合投票结果。|| 请通过你分析的不一致之处，推断卧底身份，注意，这局游戏的词语分类为<体育用品>，卧底词和平民词都属于该类。
2024-12-13 14:11:34,026 - 4 - INFO - **********PLAYER4**********
基于上述分析的不一致之处，我们可以做出以下推断：

1. 玩家1和玩家2的描述都指向了可能涉及皮革或合成材料的体育用品，且都强调了物品的材质和运动用途。玩家2的描述中提到的“形状设计独特”与足球或篮球的圆形特征不符，这可能意味着玩家2的描述指向的不是一个标准的圆形球类。

2. 玩家3的描述提到了圆形物品，表面有纹理，这同样符合足球或篮球的特征，但没有提及材质，而是强调了材质和设计在特定运动中的性能，这可能意味着玩家3的描述指向的是一个标准设计，但没有特别强调材质。

3. 玩家4的描述没有明确指出形状或材质，而是强调了材质和设计在特定运动中的卓越性能，这与其他玩家的描述都不太一致。玩家4的描述更像是在描述一个设计上有所创新的球类，但没有具体指向。

综合这些信息，玩家4的描述与玩家1和玩家2的描述相比，缺乏具体的形状和材质描述，而玩家3的描述则没有提及材质，但与其他描述相比，它没有明显的创新设计特征。因此，玩家4的描述似乎与标准体育用品的描述最为不同，可能是卧底。

考虑到词语分类为<体育用品>，且卧底词和平民词都属于该类，玩家4可能是卧底，因为他的描述没有明确指向一个特定的、常见的体育用品，而是强调了物品的设计特性，这可能意味着他手中的词语是一个较为特殊或创新的体育用品。
2024-12-13 14:11:34,033 - 4 - INFO - **********JUDGER**********
你刚刚的推断是基于上述分析的不一致之处，我们可以做出以下推断：

1. 玩家1和玩家2的描述都指向了可能涉及皮革或合成材料的体育用品，且都强调了物品的材质和运动用途。玩家2的描述中提到的“形状设计独特”与足球或篮球的圆形特征不符，这可能意味着玩家2的描述指向的不是一个标准的圆形球类。

2. 玩家3的描述提到了圆形物品，表面有纹理，这同样符合足球或篮球的特征，但没有提及材质，而是强调了材质和设计在特定运动中的性能，这可能意味着玩家3的描述指向的是一个标准设计，但没有特别强调材质。

3. 玩家4的描述没有明确指出形状或材质，而是强调了材质和设计在特定运动中的卓越性能，这与其他玩家的描述都不太一致。玩家4的描述更像是在描述一个设计上有所创新的球类，但没有具体指向。

综合这些信息，玩家4的描述与玩家1和玩家2的描述相比，缺乏具体的形状和材质描述，而玩家3的描述则没有提及材质，但与其他描述相比，它没有明显的创新设计特征。因此，玩家4的描述似乎与标准体育用品的描述最为不同，可能是卧底。

考虑到词语分类为<体育用品>，且卧底词和平民词都属于该类，玩家4可能是卧底，因为他的描述没有明确指向一个特定的、常见的体育用品，而是强调了物品的设计特性，这可能意味着他手中的词语是一个较为特殊或创新的体育用品。|| 基于你刚刚的推断得出你的最终结论，请输出你认为的卧底，在这种情况下只需要输出编号，是1-4中的某个数字，不要输出其他信息。在这个过程不要进行任何推理，只对||以前的部分进行信息提取
2024-12-13 14:11:34,759 - 4 - INFO - **********PLAYER4**********
4
2024-12-13 14:11:51,225 - 4 - INFO - **********JUDGER**********
玩家1说：这个物品通常由皮革或合成材料制成，用于在比赛中传递和得分。它在该类中最特别的是，它的表面设计有助于球在空中旋转，增加控球和投掷的精确度。这个物品有着明显的对称性，适合在手中翻转和操控。它的设计使得它可以在空中保持稳定，便于进行复杂的技巧动作。在同类体育用品中，它因其独特的操控性和在运动中的多功能性而备受推崇。玩家2说：这个物品通常用于户外运动，它的基本特征是坚硬且表面光滑。在这个类别中，它最突出的不同之处在于它的形状设计独特，有助于提高运动中的精准度和操控性。这个物品是一种圆形的，主要用于手部操作的设备。它的表面设计特别，拥有独特的纹理，便于抓握和操控。在同类体育用品中，它以其出色的操控性和多功能性而著称，尤其在户外运动中扮演着重要角色。这个物品的设计使其在空中保持稳定，便于进行复杂的技巧动作，而且它的形状和材质使其在运动中具有卓越的精准度和操控性。玩家3说：这个物品是一种圆形的，主要用于手部操作的设备，它的表面通常有特殊的纹理，便于抓握和操控。在这个类别中，它最突出的不同之处在于其材质和设计使其在特定运动中具有卓越的性能。这个物品是一种轻便的圆形器材，主要用于在手中传递和操控。它的表面设计具有独特的纹理，不仅便于抓握，还能增加球在空中旋转的可能性，从而提高控球和投掷的精确度。这种设计使得它在同类体育用品中尤为突出，尤其在户外运动和比赛中扮演着关键角色。玩家4说：这个物品是一种轻便的长条形器材，主要用于投掷和接住球。它的基本特征是两端尖锐，便于投掷和接球。在该类（体育用品）中最突出的不同特征是，它通常带有旋转，增加了投掷的精确度和控球能力。你是第4号玩家，你的关键词是<羽毛球>。你的回答中绝对不能包含你的关键词<羽毛球>。这是第二轮描述，你之前的描述是这个物品是一种轻便的长条形器材，主要用于投掷和接住球。它的基本特征是两端尖锐，便于投掷和接球。在该类（体育用品）中最突出的不同特征是，它通常带有旋转，增加了投掷的精确度和控球能力。，注意，这局游戏的词语分类为<体育用品>，卧底词和平民词都属于该类，请你补充关于关键词的描述，注意，你的描述应该比起之前的描述更加贴近关键词，作为之前的补充
2024-12-13 14:11:55,557 - 4 - INFO - **********PLAYER4**********
这个物品是专为挥拍击打而设计的，它通常由轻质材料制成，便于快速挥动。它的结构特别，两端尖锐，便于投掷和接球，同时，它的设计使得球在空中可以产生强烈的旋转，这对于增加击球的精确度和控制力至关重要。这种旋转特性是它在同类体育用品中最突出的特征之一，使得它在比赛中具有显著的优势。
2024-12-13 14:13:37,074 - 4 - INFO - **********JUDGER**********
玩家1说：这个物品通常由皮革或合成材料制成，用于在比赛中传递和得分。它在该类中最特别的是，它的表面设计有助于球在空中旋转，增加控球和投掷的精确度。这个物品有着明显的对称性，适合在手中翻转和操控。它的设计使得它可以在空中保持稳定，便于进行复杂的技巧动作。在同类体育用品中，它因其独特的操控性和在运动中的多功能性而备受推崇。玩家2说：这个物品通常用于户外运动，它的基本特征是坚硬且表面光滑。在这个类别中，它最突出的不同之处在于它的形状设计独特，有助于提高运动中的精准度和操控性。这个物品是一种圆形的，主要用于手部操作的设备。它的表面设计特别，拥有独特的纹理，便于抓握和操控。在同类体育用品中，它以其出色的操控性和多功能性而著称，尤其在户外运动中扮演着重要角色。这个物品的设计使其在空中保持稳定，便于进行复杂的技巧动作，而且它的形状和材质使其在运动中具有卓越的精准度和操控性。玩家3说：这个物品是一种圆形的，主要用于手部操作的设备，它的表面通常有特殊的纹理，便于抓握和操控。在这个类别中，它最突出的不同之处在于其材质和设计使其在特定运动中具有卓越的性能。这个物品是一种轻便的圆形器材，主要用于在手中传递和操控。它的表面设计具有独特的纹理，不仅便于抓握，还能增加球在空中旋转的可能性，从而提高控球和投掷的精确度。这种设计使得它在同类体育用品中尤为突出，尤其在户外运动和比赛中扮演着关键角色。玩家4说：这个物品是一种轻便的长条形器材，主要用于投掷和接住球。它的基本特征是两端尖锐，便于投掷和接球。在该类（体育用品）中最突出的不同特征是，它通常带有旋转，增加了投掷的精确度和控球能力。||在这个游戏中，我们需要通过分析每位玩家的描述来找出卧底。通常，平民的描述会围绕相同的词语展开，而卧底的描述可能会因为词语的不同而显得不太一致。我们需要仔细比较每个描述之间的相似性和差异性，以找出可能的卧底，注意，卧底并不会隐藏自己，他会直接描述他的词语，现在，逐一分析每个玩家的描述，注意，这局游戏的词语分类为<体育用品>，卧底词和平民词都属于该类。||之前是第2轮描述和之前轮数描述的合集。你之前认为的卧底是玩家4。
2024-12-13 14:13:54,197 - 4 - INFO - **********PLAYER4**********
根据第二轮描述和之前轮数的描述，我们可以进一步分析每位玩家的描述：

玩家1的描述提到了一个由皮革或合成材料制成、具有对称性、能够在空中保持稳定并允许复杂技巧动作的物品，这听起来像是足球或篮球。

玩家2的描述强调了一个坚硬且表面光滑的圆形物品，用于户外运动，具有独特的形状设计和纹理，这听起来像是高尔夫球。

玩家3的描述提到了一个圆形的、轻便的器材，具有特殊纹理，能够增加球在空中旋转的可能性，这听起来像是网球。

玩家4的描述提到了一个轻便的长条形器材，两端尖锐，带有旋转，便于投掷和接球，这听起来像是羽毛球。

根据这些描述，玩家1、2和3的描述都指向了具体的体育用品，而玩家4的描述与其他人的描述在材质、形状和用途上有所不同。玩家4的描述中提到的“两端尖锐”和“带有旋转”的特点更符合羽毛球的特点，而不是足球、篮球、高尔夫球或网球。

因此，基于描述的相似性和差异性，玩家4的描述与其他玩家相比显得不太一致，因此玩家4仍然可能是卧底。
2024-12-13 14:13:54,202 - 4 - INFO - **********JUDGER**********
你刚刚的分析是根据第二轮描述和之前轮数的描述，我们可以进一步分析每位玩家的描述：

玩家1的描述提到了一个由皮革或合成材料制成、具有对称性、能够在空中保持稳定并允许复杂技巧动作的物品，这听起来像是足球或篮球。

玩家2的描述强调了一个坚硬且表面光滑的圆形物品，用于户外运动，具有独特的形状设计和纹理，这听起来像是高尔夫球。

玩家3的描述提到了一个圆形的、轻便的器材，具有特殊纹理，能够增加球在空中旋转的可能性，这听起来像是网球。

玩家4的描述提到了一个轻便的长条形器材，两端尖锐，带有旋转，便于投掷和接球，这听起来像是羽毛球。

根据这些描述，玩家1、2和3的描述都指向了具体的体育用品，而玩家4的描述与其他人的描述在材质、形状和用途上有所不同。玩家4的描述中提到的“两端尖锐”和“带有旋转”的特点更符合羽毛球的特点，而不是足球、篮球、高尔夫球或网球。

因此，基于描述的相似性和差异性，玩家4的描述与其他玩家相比显得不太一致，因此玩家4仍然可能是卧底。|| `请根据上述分析，比较描述以找出不一致之处，注意，这局游戏的词语分类为<体育用品>，卧底词和平民词都属于该类。
2024-12-13 14:14:12,919 - 4 - INFO - **********PLAYER4**********
根据上述分析，以下是不一致之处：

1. 玩家1的描述中提到的物品具有对称性、能够在空中保持稳定，并允许复杂技巧动作，这听起来像是足球或篮球。然而，玩家2、3和4的描述都没有提到对称性或允许复杂技巧动作的特点。

2. 玩家2的描述中提到的物品是坚硬且表面光滑的圆形物品，用于户外运动，具有独特的形状设计和纹理。玩家1和玩家3的描述中都没有提到物品是圆形的，而玩家4的描述中提到了长条形器材。

3. 玩家3的描述中提到的物品是圆形的、轻便的，具有特殊纹理，能够增加球在空中旋转的可能性。玩家1和玩家2的描述中都没有提到旋转的特性。

4. 玩家4的描述中提到的物品是轻便的长条形器材，两端尖锐，带有旋转，便于投掷和接球。玩家1、2和3的描述中都没有提到物品是长条形的，两端尖锐，或者带有旋转。

综上所述，玩家4的描述在材质、形状、用途和特性上与其他玩家的描述存在明显的不一致，这可能是由于玩家4手中的词语与平民词不同，因此玩家4可能是卧底。
2024-12-13 14:14:12,921 - 4 - INFO - **********JUDGER**********
你刚刚的分析是根据上述分析，以下是不一致之处：

1. 玩家1的描述中提到的物品具有对称性、能够在空中保持稳定，并允许复杂技巧动作，这听起来像是足球或篮球。然而，玩家2、3和4的描述都没有提到对称性或允许复杂技巧动作的特点。

2. 玩家2的描述中提到的物品是坚硬且表面光滑的圆形物品，用于户外运动，具有独特的形状设计和纹理。玩家1和玩家3的描述中都没有提到物品是圆形的，而玩家4的描述中提到了长条形器材。

3. 玩家3的描述中提到的物品是圆形的、轻便的，具有特殊纹理，能够增加球在空中旋转的可能性。玩家1和玩家2的描述中都没有提到旋转的特性。

4. 玩家4的描述中提到的物品是轻便的长条形器材，两端尖锐，带有旋转，便于投掷和接球。玩家1、2和3的描述中都没有提到物品是长条形的，两端尖锐，或者带有旋转。

综上所述，玩家4的描述在材质、形状、用途和特性上与其他玩家的描述存在明显的不一致，这可能是由于玩家4手中的词语与平民词不同，因此玩家4可能是卧底。|| 请通过你分析的不一致之处，推断卧底身份，注意，这局游戏的词语分类为<体育用品>，卧底词和平民词都属于该类。
2024-12-13 14:14:14,223 - 4 - INFO - **********PLAYER4**********
基于分析的不一致之处，我推断卧底身份是玩家4。
2024-12-13 14:14:14,230 - 4 - INFO - **********JUDGER**********
你刚刚的推断是基于分析的不一致之处，我推断卧底身份是玩家4。|| 基于你刚刚的推断得出你的最终结论，请输出你认为的卧底，在这种情况下只需要输出编号，是1-4中的某个数字，不要输出其他信息。在这个过程不要进行任何推理，只对||以前的部分进行信息提取
2024-12-13 14:14:15,516 - 4 - INFO - **********PLAYER4**********
4
2024-12-13 14:14:32,726 - 4 - INFO - **********JUDGER**********
玩家1说：这个物品通常由皮革或合成材料制成，用于在比赛中传递和得分。它在该类中最特别的是，它的表面设计有助于球在空中旋转，增加控球和投掷的精确度。这个物品有着明显的对称性，适合在手中翻转和操控。它的设计使得它可以在空中保持稳定，便于进行复杂的技巧动作。在同类体育用品中，它因其独特的操控性和在运动中的多功能性而备受推崇。这个物品的设计注重平衡和重量分布，使得它在空中飞行时能够保持稳定。它的结构使得球员能够轻松地进行各种技巧动作，如转身和跳跃投篮。在同类体育用品中，它以其在比赛中的灵活性和对球员技巧的提升而受到重视。玩家2说：这个物品通常用于户外运动，它的基本特征是坚硬且表面光滑。在这个类别中，它最突出的不同之处在于它的形状设计独特，有助于提高运动中的精准度和操控性。这个物品是一种圆形的，主要用于手部操作的设备。它的表面设计特别，拥有独特的纹理，便于抓握和操控。在同类体育用品中，它以其出色的操控性和多功能性而著称，尤其在户外运动中扮演着重要角色。这个物品的设计使其在空中保持稳定，便于进行复杂的技巧动作，而且它的形状和材质使其在运动中具有卓越的精准度和操控性。这个物品是一种轻便的圆形器材，主要用于手部操作。它的表面设计具有独特的纹理，不仅便于抓握，还能增加球在空中旋转的可能性，从而提高控球和投掷的精确度。这种设计使得它在同类体育用品中尤为突出，尤其在户外运动和比赛中扮演着关键角色。这个物品的材质和结构使其在空中飞行时能够保持稳定，便于进行复杂的技巧动作，如转身和跳跃投篮。它的设计注重平衡和重量分布，使得球员能够轻松地进行各种技巧动作，如转身和跳跃投篮。在同类体育用品中，它以其在比赛中的灵活性和对球员技巧的提升而受到重视。玩家3说：这个物品是一种圆形的，主要用于手部操作的设备，它的表面通常有特殊的纹理，便于抓握和操控。在这个类别中，它最突出的不同之处在于其材质和设计使其在特定运动中具有卓越的性能。这个物品是一种轻便的圆形器材，主要用于在手中传递和操控。它的表面设计具有独特的纹理，不仅便于抓握，还能增加球在空中旋转的可能性，从而提高控球和投掷的精确度。这种设计使得它在同类体育用品中尤为突出，尤其在户外运动和比赛中扮演着关键角色。这个物品是一种圆形的，主要用于手部操作的器材，它的表面设计有特殊的纹理，不仅便于抓握，还能增加球在空中旋转的可能性，从而提高控球和投掷的精确度。这种设计使得它在同类体育用品中尤为突出，尤其在户外运动和比赛中扮演着关键角色。它的材质和结构使得球在空中飞行时能够保持稳定，便于进行复杂的技巧动作，如转身和跳跃投篮。这种器材的设计注重平衡和重量分布，使得球员能够轻松地进行各种技巧动作，如转身和跳跃投篮。玩家4说：这个物品是一种轻便的长条形器材，主要用于投掷和接住球。它的基本特征是两端尖锐，便于投掷和接球。在该类（体育用品）中最突出的不同特征是，它通常带有旋转，增加了投掷的精确度和控球能力。这个物品是专为挥拍击打而设计的，它通常由轻质材料制成，便于快速挥动。它的结构特别，两端尖锐，便于投掷和接球，同时，它的设计使得球在空中可以产生强烈的旋转，这对于增加击球的精确度和控制力至关重要。这种旋转特性是它在同类体育用品中最突出的特征之一，使得它在比赛中具有显著的优势。你是第4号玩家，你的关键词是<羽毛球>。你的回答中绝对不能包含你的关键词<羽毛球>。这是第三轮描述，你之前的描述是这个物品是一种轻便的长条形器材，主要用于投掷和接住球。它的基本特征是两端尖锐，便于投掷和接球。在该类（体育用品）中最突出的不同特征是，它通常带有旋转，增加了投掷的精确度和控球能力。和这个物品是专为挥拍击打而设计的，它通常由轻质材料制成，便于快速挥动。它的结构特别，两端尖锐，便于投掷和接球，同时，它的设计使得球在空中可以产生强烈的旋转，这对于增加击球的精确度和控制力至关重要。这种旋转特性是它在同类体育用品中最突出的特征之一，使得它在比赛中具有显著的优势。，注意，这局游戏的词语分类为<体育用品>，卧底词和平民词都属于该类，请你补充关于关键词的描述，注意，你的描述应该比起之前的描述更加贴近关键词，作为之前的补充
2024-12-13 14:14:38,163 - 4 - INFO - **********PLAYER4**********
这个物品是专为挥拍击打而设计的，它具有轻便的构造和灵活的握把，使得球员能够快速而精确地控制球拍。它的形状设计使得球拍面能够有效击中球，并在击球时产生旋转。这种旋转是它在同类体育用品中最显著的特征，能够显著提高球的飞行轨迹和控球能力。球拍的材质和平衡性使得球员在进行快速连续击球时能够保持稳定的手感。
2024-12-13 14:16:02,730 - 4 - INFO - **********JUDGER**********
玩家1说：这个物品通常由皮革或合成材料制成，用于在比赛中传递和得分。它在该类中最特别的是，它的表面设计有助于球在空中旋转，增加控球和投掷的精确度。这个物品有着明显的对称性，适合在手中翻转和操控。它的设计使得它可以在空中保持稳定，便于进行复杂的技巧动作。在同类体育用品中，它因其独特的操控性和在运动中的多功能性而备受推崇。这个物品的设计注重平衡和重量分布，使得它在空中飞行时能够保持稳定。它的结构使得球员能够轻松地进行各种技巧动作，如转身和跳跃投篮。在同类体育用品中，它以其在比赛中的灵活性和对球员技巧的提升而受到重视。玩家2说：这个物品通常用于户外运动，它的基本特征是坚硬且表面光滑。在这个类别中，它最突出的不同之处在于它的形状设计独特，有助于提高运动中的精准度和操控性。这个物品是一种圆形的，主要用于手部操作的设备。它的表面设计特别，拥有独特的纹理，便于抓握和操控。在同类体育用品中，它以其出色的操控性和多功能性而著称，尤其在户外运动中扮演着重要角色。这个物品的设计使其在空中保持稳定，便于进行复杂的技巧动作，而且它的形状和材质使其在运动中具有卓越的精准度和操控性。这个物品是一种轻便的圆形器材，主要用于手部操作。它的表面设计具有独特的纹理，不仅便于抓握，还能增加球在空中旋转的可能性，从而提高控球和投掷的精确度。这种设计使得它在同类体育用品中尤为突出，尤其在户外运动和比赛中扮演着关键角色。这个物品的材质和结构使其在空中飞行时能够保持稳定，便于进行复杂的技巧动作，如转身和跳跃投篮。它的设计注重平衡和重量分布，使得球员能够轻松地进行各种技巧动作，如转身和跳跃投篮。在同类体育用品中，它以其在比赛中的灵活性和对球员技巧的提升而受到重视。玩家3说：这个物品是一种圆形的，主要用于手部操作的设备，它的表面通常有特殊的纹理，便于抓握和操控。在这个类别中，它最突出的不同之处在于其材质和设计使其在特定运动中具有卓越的性能。这个物品是一种轻便的圆形器材，主要用于在手中传递和操控。它的表面设计具有独特的纹理，不仅便于抓握，还能增加球在空中旋转的可能性，从而提高控球和投掷的精确度。这种设计使得它在同类体育用品中尤为突出，尤其在户外运动和比赛中扮演着关键角色。这个物品是一种圆形的，主要用于手部操作的器材，它的表面设计有特殊的纹理，不仅便于抓握，还能增加球在空中旋转的可能性，从而提高控球和投掷的精确度。这种设计使得它在同类体育用品中尤为突出，尤其在户外运动和比赛中扮演着关键角色。它的材质和结构使得球在空中飞行时能够保持稳定，便于进行复杂的技巧动作，如转身和跳跃投篮。这种器材的设计注重平衡和重量分布，使得球员能够轻松地进行各种技巧动作，如转身和跳跃投篮。玩家4说：这个物品是一种轻便的长条形器材，主要用于投掷和接住球。它的基本特征是两端尖锐，便于投掷和接球。在该类（体育用品）中最突出的不同特征是，它通常带有旋转，增加了投掷的精确度和控球能力。这个物品是专为挥拍击打而设计的，它通常由轻质材料制成，便于快速挥动。它的结构特别，两端尖锐，便于投掷和接球，同时，它的设计使得球在空中可以产生强烈的旋转，这对于增加击球的精确度和控制力至关重要。这种旋转特性是它在同类体育用品中最突出的特征之一，使得它在比赛中具有显著的优势。这个物品是专为挥拍击打而设计的，它具有轻便的构造和灵活的握把，使得球员能够快速而精确地控制球拍。它的形状设计使得球拍面能够有效击中球，并在击球时产生旋转。这种旋转是它在同类体育用品中最显著的特征，能够显著提高球的飞行轨迹和控球能力。球拍的材质和平衡性使得球员在进行快速连续击球时能够保持稳定的手感。||在这个游戏中，我们需要通过分析每位玩家的描述来找出卧底。通常，平民的描述会围绕相同的词语展开，而卧底的描述可能会因为词语的不同而显得不太一致。我们需要仔细比较每个描述之间的相似性和差异性，以找出可能的卧底，注意，卧底并不会隐藏自己，他会直接描述他的词语，现在，逐一分析每个玩家的描述，注意，这局游戏的词语分类为<体育用品>，卧底词和平民词都属于该类。||之前是第3轮描述和之前轮数描述的合集。你之前认为的卧底是玩家4。
2024-12-13 14:16:14,251 - 4 - INFO - **********PLAYER4**********
根据第三轮描述和之前的描述，我们可以逐一分析每位玩家的描述：

玩家1的描述提到了一个由皮革或合成材料制成、具有对称性、能够在空中保持稳定并允许复杂技巧动作的物品，这听起来像是足球或篮球。

玩家2的描述强调了一个坚硬且表面光滑的圆形物品，用于户外运动，具有独特的形状设计和纹理，这听起来像是高尔夫球。

玩家3的描述提到了一个圆形的、轻便的器材，具有特殊纹理，能够增加球在空中旋转的可能性，这听起来像是网球。

玩家4的描述提到了一个轻便的长条形器材，两端尖锐，带有旋转，便于投掷和接球，并强调了这个物品是专为挥拍击打而设计的，这听起来非常像是羽毛球。

综合分析，玩家4的描述与其他玩家的描述在材质、形状和用途上存在显著的不一致，尤其是关于物品的投掷和挥拍击打特性，这与其他描述中提到的传递和得分、坚硬表面、圆形设备等特征不符。因此，基于描述的相似性和差异性，玩家4的描述与其他玩家相比显得不太一致，这进一步支持了玩家4可能是卧底的推断。
2024-12-13 14:16:14,253 - 4 - INFO - **********JUDGER**********
你刚刚的分析是根据第三轮描述和之前的描述，我们可以逐一分析每位玩家的描述：

玩家1的描述提到了一个由皮革或合成材料制成、具有对称性、能够在空中保持稳定并允许复杂技巧动作的物品，这听起来像是足球或篮球。

玩家2的描述强调了一个坚硬且表面光滑的圆形物品，用于户外运动，具有独特的形状设计和纹理，这听起来像是高尔夫球。

玩家3的描述提到了一个圆形的、轻便的器材，具有特殊纹理，能够增加球在空中旋转的可能性，这听起来像是网球。

玩家4的描述提到了一个轻便的长条形器材，两端尖锐，带有旋转，便于投掷和接球，并强调了这个物品是专为挥拍击打而设计的，这听起来非常像是羽毛球。

综合分析，玩家4的描述与其他玩家的描述在材质、形状和用途上存在显著的不一致，尤其是关于物品的投掷和挥拍击打特性，这与其他描述中提到的传递和得分、坚硬表面、圆形设备等特征不符。因此，基于描述的相似性和差异性，玩家4的描述与其他玩家相比显得不太一致，这进一步支持了玩家4可能是卧底的推断。|| `请根据上述分析，比较描述以找出不一致之处，注意，这局游戏的词语分类为<体育用品>，卧底词和平民词都属于该类。
2024-12-13 14:16:36,289 - 4 - INFO - **********PLAYER4**********
根据上述分析，以下是不一致之处：

1. 玩家1的描述中提到的物品由皮革或合成材料制成，具有对称性，能够在空中保持稳定，并允许复杂技巧动作，这符合足球或篮球的特征。

2. 玩家2的描述中提到的物品是坚硬且表面光滑的圆形物品，用于户外运动，具有独特的形状设计和纹理，这符合高尔夫球的特征。

3. 玩家3的描述中提到的物品是圆形的、轻便的，具有特殊纹理，能够增加球在空中旋转的可能性，这符合网球的特征。

4. 玩家4的描述中提到的物品是轻便的长条形器材，两端尖锐，带有旋转，便于投掷和接球，并强调了这个物品是专为挥拍击打而设计的，这符合羽毛球的特征。

不一致之处在于，玩家1、2和3的描述都指向了具体的球类，且这些球类在材质、形状和用途上都有明确的特征。而玩家4的描述虽然也提到了旋转和投掷，但强调了物品是专为挥拍击打而设计的，这与其他玩家描述的球类特征有所不同，且更接近羽毛球的特点。因此，玩家4的描述在材质、形状和用途上与其他玩家的描述存在不一致之处。
2024-12-13 14:16:36,296 - 4 - INFO - **********JUDGER**********
你刚刚的分析是根据上述分析，以下是不一致之处：

1. 玩家1的描述中提到的物品由皮革或合成材料制成，具有对称性，能够在空中保持稳定，并允许复杂技巧动作，这符合足球或篮球的特征。

2. 玩家2的描述中提到的物品是坚硬且表面光滑的圆形物品，用于户外运动，具有独特的形状设计和纹理，这符合高尔夫球的特征。

3. 玩家3的描述中提到的物品是圆形的、轻便的，具有特殊纹理，能够增加球在空中旋转的可能性，这符合网球的特征。

4. 玩家4的描述中提到的物品是轻便的长条形器材，两端尖锐，带有旋转，便于投掷和接球，并强调了这个物品是专为挥拍击打而设计的，这符合羽毛球的特征。

不一致之处在于，玩家1、2和3的描述都指向了具体的球类，且这些球类在材质、形状和用途上都有明确的特征。而玩家4的描述虽然也提到了旋转和投掷，但强调了物品是专为挥拍击打而设计的，这与其他玩家描述的球类特征有所不同，且更接近羽毛球的特点。因此，玩家4的描述在材质、形状和用途上与其他玩家的描述存在不一致之处。|| 请通过你分析的不一致之处，推断卧底身份，注意，这局游戏的词语分类为<体育用品>，卧底词和平民词都属于该类。
2024-12-13 14:16:41,477 - 4 - INFO - **********PLAYER4**********
4
2024-12-13 14:16:41,477 - 4 - INFO - **********JUDGER**********
你刚刚的推断是4|| 基于你刚刚的推断得出你的最终结论，请输出你认为的卧底，在这种情况下只需要输出编号，是1-4中的某个数字，不要输出其他信息。在这个过程不要进行任何推理，只对||以前的部分进行信息提取
2024-12-13 14:16:43,316 - 4 - INFO - **********PLAYER4**********
4
2024-12-13 14:16:43,316 - 4 - INFO - **********JUDGER**********
你认为卧底是你自己。你现在需要随便选一个人投票。请输出一个数字，是1-4中的某个数字，但这个数字不能是4，不要输出其他信息。
2024-12-13 14:16:45,119 - 4 - INFO - **********PLAYER4**********
1
