2024-12-13 15:57:47,748 - 1 - INFO - **********JUDGER**********
让我们来玩一个叫做<谁是卧底>的推理游戏。基本规则：<人数>：4人。<角色分配>：每位玩家随机抽取一个词语，3名玩家拿到的词语是相同的（平民词），1名玩家拿到与之相近但不同的词语（卧底词）。<游戏流程>：1、玩家轮流描述自己的词语，但<不能>直接说出词语本身。2、描述完毕后，投票选出最像卧底的玩家。3、每轮结束后，被投票选出的玩家出局，不能再进行描述或投票。4、每轮投票结束后，如果卧底被成功找出，平民方获胜；如果卧底未被找出且卧底人数等于或超过平民人数，则卧底方获胜。你将扮演一个<玩家>，请等待你被分配到的关键词。如果你听懂了，只回答，"好的，我准备好参加游戏了"，不要输出别的信息
2024-12-13 15:57:49,062 - 1 - INFO - **********PLAYER1**********
好的，我准备好参加游戏了
2024-12-13 15:57:52,561 - 1 - INFO - **********JUDGER**********
玩家1说：玩家2说：玩家3说：玩家4说：|| 你是第1号玩家，你的关键词是<苹果>。你的回答中绝对不能包含你的关键词<苹果>。这是第一轮描述，不需要分析||之前别的玩家的描述，请你描述关键词基本特征，注意，这局游戏的词语分类为<水果>，卧底词和平民词都属于该类，描述包括以下两点，1.他的基本特征是什么2.他在该类（水果）中最突出不同的特征是什么，尽量简短
2024-12-13 15:57:53,674 - 1 - INFO - **********PLAYER1**********
这个水果色彩鲜艳，通常呈红色或绿色。它在同类中以其甜美的口感而闻名。
2024-12-13 15:58:00,155 - 1 - INFO - **********JUDGER**********
玩家1说：这个水果色彩鲜艳，通常呈红色或绿色。它在同类中以其甜美的口感而闻名。玩家2说：这个水果小巧圆润，通常呈黄色或绿色。它在同类中以其脆甜多汁而受到喜爱。玩家3说：这个水果外表光滑，颜色多样，肉质软糯，通常呈黄色或橙红色。它在同类中以其独特的香味和甜度而著称，是热带水果的代表之一。玩家4说：||在这个游戏中，我们需要通过分析每位玩家的描述来找出卧底。通常，平民的描述会围绕相同的词语展开，而卧底的描述可能会因为词语的不同而显得不太一致。我们需要仔细比较每个描述之间的相似性和差异性，以找出可能的卧底，注意，卧底并不会隐藏自己，他会直接描述他的词语，现在，逐一分析每个玩家的描述，注意，这局游戏的词语分类为<水果>，卧底词和平民词都属于该类。这是第一轮描述。
2024-12-13 15:58:08,290 - 1 - INFO - **********PLAYER1**********
玩家1的描述符合苹果的特征，强调了色彩和甜味。
玩家2的描述听起来像橙子，因为橙子也是黄色或绿色的，并且以脆甜多汁著称。
玩家3的描述更像是芒果，因为芒果肉质软糯，香味独特，且是热带水果的代表。
玩家4的描述很可能是苹果，因为它也提到了色彩和甜味，但缺乏具体描述，可能是为了隐藏卧底的身份。

根据这些描述，玩家2和玩家3的描述与苹果不太一致，而玩家1和玩家4的描述较为相似。如果游戏规则允许在第一轮就进行投票，我可能会倾向于投票给玩家2或玩家3，因为他们似乎更可能是卧底。然而，如果游戏规则要求在第一轮结束后不进行投票，那么我会保持观察，等待下一轮描述。
2024-12-13 15:58:08,292 - 1 - INFO - **********JUDGER**********
你刚刚的分析是玩家1的描述符合苹果的特征，强调了色彩和甜味。
玩家2的描述听起来像橙子，因为橙子也是黄色或绿色的，并且以脆甜多汁著称。
玩家3的描述更像是芒果，因为芒果肉质软糯，香味独特，且是热带水果的代表。
玩家4的描述很可能是苹果，因为它也提到了色彩和甜味，但缺乏具体描述，可能是为了隐藏卧底的身份。

根据这些描述，玩家2和玩家3的描述与苹果不太一致，而玩家1和玩家4的描述较为相似。如果游戏规则允许在第一轮就进行投票，我可能会倾向于投票给玩家2或玩家3，因为他们似乎更可能是卧底。然而，如果游戏规则要求在第一轮结束后不进行投票，那么我会保持观察，等待下一轮描述。|| `请根据上述分析，比较描述以找出不一致之处，注意，这局游戏的词语分类为<水果>，卧底词和平民词都属于该类。
2024-12-13 15:58:26,089 - 1 - INFO - **********PLAYER1**********
根据上述分析，我们可以比较描述中的不一致之处如下：

1. 玩家1的描述提到了“色彩鲜艳”和“甜美的口感”，这两个特征是苹果的典型描述。

2. 玩家2的描述提到了“小巧圆润”和“脆甜多汁”，这两个特征更符合橙子的特点，而不是苹果。

3. 玩家3的描述提到了“外表光滑”，“肉质软糯”，“香味独特”和“甜度”，这些特征更像是芒果，尤其是“肉质软糯”和“香味独特”这两个点与苹果有很大的不同。

4. 玩家4的描述虽然也提到了“色彩”和“甜味”，但没有提供更多具体特征，这可能是一个隐藏卧底身份的策略，但同时也使得他的描述与苹果的典型特征不够具体，难以与其他玩家的描述直接对比。

不一致之处在于，玩家2和玩家3的描述与苹果的典型特征有明显的差异，而玩家1和玩家4的描述虽然可能与苹果有关，但玩家4的描述过于模糊，无法与其他玩家的具体描述直接对应。因此，玩家2和玩家3的描述在词语分类为<水果>的情况下，与苹果的特征不一致，可能是卧底。而玩家1和玩家4的描述则需要更多的信息来进一步判断。
2024-12-13 15:58:26,090 - 1 - INFO - **********JUDGER**********
你刚刚的分析是根据上述分析，我们可以比较描述中的不一致之处如下：

1. 玩家1的描述提到了“色彩鲜艳”和“甜美的口感”，这两个特征是苹果的典型描述。

2. 玩家2的描述提到了“小巧圆润”和“脆甜多汁”，这两个特征更符合橙子的特点，而不是苹果。

3. 玩家3的描述提到了“外表光滑”，“肉质软糯”，“香味独特”和“甜度”，这些特征更像是芒果，尤其是“肉质软糯”和“香味独特”这两个点与苹果有很大的不同。

4. 玩家4的描述虽然也提到了“色彩”和“甜味”，但没有提供更多具体特征，这可能是一个隐藏卧底身份的策略，但同时也使得他的描述与苹果的典型特征不够具体，难以与其他玩家的描述直接对比。

不一致之处在于，玩家2和玩家3的描述与苹果的典型特征有明显的差异，而玩家1和玩家4的描述虽然可能与苹果有关，但玩家4的描述过于模糊，无法与其他玩家的具体描述直接对应。因此，玩家2和玩家3的描述在词语分类为<水果>的情况下，与苹果的特征不一致，可能是卧底。而玩家1和玩家4的描述则需要更多的信息来进一步判断。|| 请通过你分析的不一致之处，推断卧底身份，注意，这局游戏的词语分类为<水果>，卧底词和平民词都属于该类。
2024-12-13 15:58:39,534 - 1 - INFO - **********PLAYER1**********
基于上述分析，我们可以推断出以下不一致之处，并据此推测卧底的身份：

1. 玩家2的描述中提到“小巧圆润”和“脆甜多汁”，这些特征更符合橙子的描述，而不是苹果。因此，玩家2的描述与苹果的特征不一致，他可能是卧底。

2. 玩家3的描述中提到“外表光滑”，“肉质软糯”，“香味独特”和“甜度”，这些特征更像是芒果，而不是苹果。因此，玩家3的描述也与苹果的特征不一致，他可能是卧底。

3. 玩家4的描述虽然提到了“色彩”和“甜味”，但没有提供足够的具体特征来与其他玩家的描述区分开来。这种模糊的描述可能是为了隐藏卧底的身份，或者是因为玩家4确实是平民但描述不够具体。

综上所述，玩家2和玩家3的描述与苹果的特征不一致，而玩家4的描述不够具体，无法直接判断。在词语分类为<水果>的情况下，玩家2和玩家3的描述可能是卧底词。因此，如果只能选择一个卧底，我会倾向于认为玩家2或玩家3是卧底。如果需要进一步的推理，我们可以等待下一轮描述或者考虑其他玩家的行为和描述来进一步确定卧底的身份。
2024-12-13 15:58:39,536 - 1 - INFO - **********JUDGER**********
你刚刚的推断是基于上述分析，我们可以推断出以下不一致之处，并据此推测卧底的身份：

1. 玩家2的描述中提到“小巧圆润”和“脆甜多汁”，这些特征更符合橙子的描述，而不是苹果。因此，玩家2的描述与苹果的特征不一致，他可能是卧底。

2. 玩家3的描述中提到“外表光滑”，“肉质软糯”，“香味独特”和“甜度”，这些特征更像是芒果，而不是苹果。因此，玩家3的描述也与苹果的特征不一致，他可能是卧底。

3. 玩家4的描述虽然提到了“色彩”和“甜味”，但没有提供足够的具体特征来与其他玩家的描述区分开来。这种模糊的描述可能是为了隐藏卧底的身份，或者是因为玩家4确实是平民但描述不够具体。

综上所述，玩家2和玩家3的描述与苹果的特征不一致，而玩家4的描述不够具体，无法直接判断。在词语分类为<水果>的情况下，玩家2和玩家3的描述可能是卧底词。因此，如果只能选择一个卧底，我会倾向于认为玩家2或玩家3是卧底。如果需要进一步的推理，我们可以等待下一轮描述或者考虑其他玩家的行为和描述来进一步确定卧底的身份。|| 基于你刚刚的推断得出你的最终结论，请输出你认为的卧底，在这种情况下只需要输出编号，是1-4中的某个数字，不要输出其他信息。在这个过程不要进行任何推理，只对||以前的部分进行信息提取
2024-12-13 15:58:40,367 - 1 - INFO - **********PLAYER1**********
2
2024-12-13 16:00:42,948 - 1 - INFO - **********JUDGER**********
玩家1说：这个水果色彩鲜艳，通常呈红色或绿色。它在同类中以其甜美的口感而闻名。玩家2说：这个水果小巧圆润，通常呈黄色或绿色。它在同类中以其脆甜多汁而受到喜爱。玩家3说：这个水果外表光滑，颜色多样，肉质软糯，通常呈黄色或橙红色。它在同类中以其独特的香味和甜度而著称，是热带水果的代表之一。玩家4说：这个水果富含水分，通常呈红色、黄色或绿色。它在同类中以其耐储存和便于携带而受到青睐。你是第1号玩家，你的关键词是<苹果>。你的回答中绝对不能包含你的关键词<苹果>。这是第二轮描述，你之前的描述是这个水果色彩鲜艳，通常呈红色或绿色。它在同类中以其甜美的口感而闻名。，注意，这局游戏的词语分类为<水果>，卧底词和平民词都属于该类，请你补充关于关键词的描述，注意，你的描述应该比起之前的描述更加贴近关键词，作为之前的补充
2024-12-13 16:00:44,904 - 1 - INFO - **********PLAYER1**********
这种水果皮薄多汁，适合直接食用。它的果实硬度适中，不易损坏，便于长途携带。
2024-12-13 16:00:52,614 - 1 - INFO - **********JUDGER**********
玩家1说：这个水果色彩鲜艳，通常呈红色或绿色。它在同类中以其甜美的口感而闻名。这种水果皮薄多汁，适合直接食用。它的果实硬度适中，不易损坏，便于长途携带。玩家2说：这个水果小巧圆润，通常呈黄色或绿色。它在同类中以其脆甜多汁而受到喜爱。这个水果质地紧密，通常呈黄色或绿色。它在同类中以其丰富的营养和健康益处而受到推崇。玩家3说：这个水果外表光滑，颜色多样，肉质软糯，通常呈黄色或橙红色。它在同类中以其独特的香味和甜度而著称，是热带水果的代表之一。这个水果通常在成熟时呈现黄色，有时带有绿色条纹。它的形状修长，皮薄易剥，果肉细腻，口感软糯。它含有丰富的钾和维生素，对于补充能量和保持电解质平衡非常有益。玩家4说：这个水果富含水分，通常呈红色、黄色或绿色。它在同类中以其耐储存和便于携带而受到青睐。||在这个游戏中，我们需要通过分析每位玩家的描述来找出卧底。通常，平民的描述会围绕相同的词语展开，而卧底的描述可能会因为词语的不同而显得不太一致。我们需要仔细比较每个描述之间的相似性和差异性，以找出可能的卧底，注意，卧底并不会隐藏自己，他会直接描述他的词语，现在，逐一分析每个玩家的描述，注意，这局游戏的词语分类为<水果>，卧底词和平民词都属于该类。||之前是第2轮描述和之前轮数描述的合集。你之前认为的卧底是玩家2。
2024-12-13 16:01:02,431 - 1 - INFO - **********PLAYER1**********
根据第二轮描述和之前的分析，我之前的推断可能是错误的。现在，我将重新分析每个玩家的描述：

1. 玩家1的描述强调了色彩、口感、皮薄多汁、果实硬度适中，这些特征与苹果相符。

2. 玩家2的描述提到了小巧圆润、脆甜多汁、质地紧密、丰富的营养和健康益处，这些特征与柑橘类水果如橙子或柚子更相符。

3. 玩家3的描述提到了外表光滑、颜色多样、肉质软糯、独特的香味和甜度、含有丰富的钾和维生素，这些特征更像是芒果。

4. 玩家4的描述提到了富含水分、耐储存、便于携带，这些特征与柑橘类水果如橙子或柠檬相符。

基于这些新的描述，玩家2和玩家4的描述与苹果的特征不太一致，而玩家1的描述与苹果相符。玩家3的描述与芒果相符，而不是苹果。因此，如果需要重新选择卧底，我会倾向于认为玩家2或玩家4是卧底。
2024-12-13 16:01:02,433 - 1 - INFO - **********JUDGER**********
你刚刚的分析是根据第二轮描述和之前的分析，我之前的推断可能是错误的。现在，我将重新分析每个玩家的描述：

1. 玩家1的描述强调了色彩、口感、皮薄多汁、果实硬度适中，这些特征与苹果相符。

2. 玩家2的描述提到了小巧圆润、脆甜多汁、质地紧密、丰富的营养和健康益处，这些特征与柑橘类水果如橙子或柚子更相符。

3. 玩家3的描述提到了外表光滑、颜色多样、肉质软糯、独特的香味和甜度、含有丰富的钾和维生素，这些特征更像是芒果。

4. 玩家4的描述提到了富含水分、耐储存、便于携带，这些特征与柑橘类水果如橙子或柠檬相符。

基于这些新的描述，玩家2和玩家4的描述与苹果的特征不太一致，而玩家1的描述与苹果相符。玩家3的描述与芒果相符，而不是苹果。因此，如果需要重新选择卧底，我会倾向于认为玩家2或玩家4是卧底。|| `请根据上述分析，比较描述以找出不一致之处，注意，这局游戏的词语分类为<水果>，卧底词和平民词都属于该类。
2024-12-13 16:01:15,139 - 1 - INFO - **********PLAYER1**********
根据上述分析，我们可以比较描述中的不一致之处如下：

1. 玩家1的描述集中在苹果的典型特征上，如色彩、口感、皮薄多汁和果实硬度适中。

2. 玩家2的描述提到了小巧圆润、脆甜多汁、质地紧密和丰富的营养和健康益处，这些特征与苹果的描述有一定相似性，但更接近柑橘类水果。

3. 玩家3的描述强调了外表光滑、颜色多样、肉质软糯、独特的香味和甜度，以及含有丰富的钾和维生素，这些特征更像是热带水果，如芒果。

4. 玩家4的描述提到了富含水分、耐储存、便于携带，这些特征与苹果的描述相似，但同样也适用于其他一些水果，如柑橘类水果。

不一致之处在于，玩家3的描述与苹果的特征相差较远，更像是描述芒果。玩家2和玩家4的描述虽然与苹果有一定相似性，但它们的描述更为模糊，可能适用于多种水果。因此，玩家3的描述在词语分类为<水果>的情况下，与苹果的特征不一致，可能是卧底。而玩家2和玩家4的描述则需要更多的信息来确定是否与苹果相符。
2024-12-13 16:01:15,140 - 1 - INFO - **********JUDGER**********
你刚刚的分析是根据上述分析，我们可以比较描述中的不一致之处如下：

1. 玩家1的描述集中在苹果的典型特征上，如色彩、口感、皮薄多汁和果实硬度适中。

2. 玩家2的描述提到了小巧圆润、脆甜多汁、质地紧密和丰富的营养和健康益处，这些特征与苹果的描述有一定相似性，但更接近柑橘类水果。

3. 玩家3的描述强调了外表光滑、颜色多样、肉质软糯、独特的香味和甜度，以及含有丰富的钾和维生素，这些特征更像是热带水果，如芒果。

4. 玩家4的描述提到了富含水分、耐储存、便于携带，这些特征与苹果的描述相似，但同样也适用于其他一些水果，如柑橘类水果。

不一致之处在于，玩家3的描述与苹果的特征相差较远，更像是描述芒果。玩家2和玩家4的描述虽然与苹果有一定相似性，但它们的描述更为模糊，可能适用于多种水果。因此，玩家3的描述在词语分类为<水果>的情况下，与苹果的特征不一致，可能是卧底。而玩家2和玩家4的描述则需要更多的信息来确定是否与苹果相符。|| 请通过你分析的不一致之处，推断卧底身份，注意，这局游戏的词语分类为<水果>，卧底词和平民词都属于该类。
2024-12-13 16:01:22,088 - 1 - INFO - **********PLAYER1**********
基于分析的不一致之处，如果必须推断卧底身份，我会认为玩家3是卧底。因为玩家3的描述与苹果的特征相差较远，更像是描述芒果，而芒果是热带水果，与苹果的分类不一致。其他玩家的描述虽然可能与苹果有关，但缺乏明确的区分特征，而玩家3的描述与苹果的特征存在明显的差异。
2024-12-13 16:01:22,091 - 1 - INFO - **********JUDGER**********
你刚刚的推断是基于分析的不一致之处，如果必须推断卧底身份，我会认为玩家3是卧底。因为玩家3的描述与苹果的特征相差较远，更像是描述芒果，而芒果是热带水果，与苹果的分类不一致。其他玩家的描述虽然可能与苹果有关，但缺乏明确的区分特征，而玩家3的描述与苹果的特征存在明显的差异。|| 基于你刚刚的推断得出你的最终结论，请输出你认为的卧底，在这种情况下只需要输出编号，是1-4中的某个数字，不要输出其他信息。在这个过程不要进行任何推理，只对||以前的部分进行信息提取
2024-12-13 16:01:23,052 - 1 - INFO - **********PLAYER1**********
3
2024-12-13 16:02:24,658 - 1 - INFO - **********JUDGER**********
玩家1说：这个水果色彩鲜艳，通常呈红色或绿色。它在同类中以其甜美的口感而闻名。这种水果皮薄多汁，适合直接食用。它的果实硬度适中，不易损坏，便于长途携带。玩家2说：这个水果小巧圆润，通常呈黄色或绿色。它在同类中以其脆甜多汁而受到喜爱。这个水果质地紧密，通常呈黄色或绿色。它在同类中以其丰富的营养和健康益处而受到推崇。玩家3说：这个水果外表光滑，颜色多样，肉质软糯，通常呈黄色或橙红色。它在同类中以其独特的香味和甜度而著称，是热带水果的代表之一。这个水果通常在成熟时呈现黄色，有时带有绿色条纹。它的形状修长，皮薄易剥，果肉细腻，口感软糯。它含有丰富的钾和维生素，对于补充能量和保持电解质平衡非常有益。玩家4说：这个水果富含水分，通常呈红色、黄色或绿色。它在同类中以其耐储存和便于携带而受到青睐。这个水果小巧，通常呈红色、黄色或绿色，口感清脆爽口。它在同类中以其脆度和水分含量高而受到消费者的喜爱。你是第1号玩家，你的关键词是<苹果>。你的回答中绝对不能包含你的关键词<苹果>。这是第三轮描述，你之前的描述是这个水果色彩鲜艳，通常呈红色或绿色。它在同类中以其甜美的口感而闻名。和这种水果皮薄多汁，适合直接食用。它的果实硬度适中，不易损坏，便于长途携带。，注意，这局游戏的词语分类为<水果>，卧底词和平民词都属于该类，请你补充关于关键词的描述，注意，你的描述应该比起之前的描述更加贴近关键词，作为之前的补充
2024-12-13 16:02:26,631 - 1 - INFO - **********PLAYER1**********
这种水果具有清新的香气，适合作为日常零食。它的果实形状规则，大小适中，便于单手握持。
2024-12-13 16:02:37,880 - 1 - INFO - **********JUDGER**********
玩家1说：这个水果色彩鲜艳，通常呈红色或绿色。它在同类中以其甜美的口感而闻名。这种水果皮薄多汁，适合直接食用。它的果实硬度适中，不易损坏，便于长途携带。这种水果具有清新的香气，适合作为日常零食。它的果实形状规则，大小适中，便于单手握持。玩家2说：这个水果小巧圆润，通常呈黄色或绿色。它在同类中以其脆甜多汁而受到喜爱。这个水果质地紧密，通常呈黄色或绿色。它在同类中以其丰富的营养和健康益处而受到推崇。这个水果形状规整，通常呈黄色或绿色。它在同类中以其脆甜的口感和丰富的营养而受到广泛喜爱。玩家3说：这个水果外表光滑，颜色多样，肉质软糯，通常呈黄色或橙红色。它在同类中以其独特的香味和甜度而著称，是热带水果的代表之一。这个水果通常在成熟时呈现黄色，有时带有绿色条纹。它的形状修长，皮薄易剥，果肉细腻，口感软糯。它含有丰富的钾和维生素，对于补充能量和保持电解质平衡非常有益。这个水果形状小巧，色泽鲜艳，皮薄肉厚，口感鲜美。它在同类中以其丰富的维生素和微量元素而闻名，尤其富含钾元素，有助于维持心脏健康和肌肉功能。此外，它的甜度适中，既适合直接食用，也适合加工成果汁或果酱。在同类水果中，它的营养价值和口感都是佼佼者。玩家4说：这个水果富含水分，通常呈红色、黄色或绿色。它在同类中以其耐储存和便于携带而受到青睐。这个水果小巧，通常呈红色、黄色或绿色，口感清脆爽口。它在同类中以其脆度和水分含量高而受到消费者的喜爱。这个水果的形状规则，大小适中，便于单手握持，且具有清新的香气，适合作为日常零食。||在这个游戏中，我们需要通过分析每位玩家的描述来找出卧底。通常，平民的描述会围绕相同的词语展开，而卧底的描述可能会因为词语的不同而显得不太一致。我们需要仔细比较每个描述之间的相似性和差异性，以找出可能的卧底，注意，卧底并不会隐藏自己，他会直接描述他的词语，现在，逐一分析每个玩家的描述，注意，这局游戏的词语分类为<水果>，卧底词和平民词都属于该类。||之前是第3轮描述和之前轮数描述的合集。你之前认为的卧底是玩家3。
2024-12-13 16:02:48,531 - 1 - INFO - **********PLAYER1**********
根据第三轮描述和之前的分析，以下是对每个玩家描述的逐一分析：

1. 玩家1的描述集中在苹果的典型特征上，如色彩、口感、皮薄多汁、硬度适中、香气清新、形状规则、大小适中。

2. 玩家2的描述提到了小巧圆润、脆甜多汁、质地紧密、丰富的营养和健康益处、脆甜的口感、丰富的营养，这些特征与苹果相似，但更强调营养和健康益处。

3. 玩家3的描述提到了外表光滑、颜色多样、肉质软糯、独特的香味和甜度、含有丰富的钾和维生素、甜度适中、口感鲜美、丰富的维生素和微量元素，这些特征更像是热带水果，如芒果。

4. 玩家4的描述提到了富含水分、耐储存、便于携带、口感清脆爽口、脆度和水分含量高、形状规则、大小适中、香气清新，这些特征与柑橘类水果相符。

基于这些描述，玩家3的描述与苹果的特征不一致，更像是描述热带水果，尤其是芒果。因此，如果需要重新选择卧底，我会倾向于认为玩家3是卧底。
2024-12-13 16:02:48,532 - 1 - INFO - **********JUDGER**********
你刚刚的分析是根据第三轮描述和之前的分析，以下是对每个玩家描述的逐一分析：

1. 玩家1的描述集中在苹果的典型特征上，如色彩、口感、皮薄多汁、硬度适中、香气清新、形状规则、大小适中。

2. 玩家2的描述提到了小巧圆润、脆甜多汁、质地紧密、丰富的营养和健康益处、脆甜的口感、丰富的营养，这些特征与苹果相似，但更强调营养和健康益处。

3. 玩家3的描述提到了外表光滑、颜色多样、肉质软糯、独特的香味和甜度、含有丰富的钾和维生素、甜度适中、口感鲜美、丰富的维生素和微量元素，这些特征更像是热带水果，如芒果。

4. 玩家4的描述提到了富含水分、耐储存、便于携带、口感清脆爽口、脆度和水分含量高、形状规则、大小适中、香气清新，这些特征与柑橘类水果相符。

基于这些描述，玩家3的描述与苹果的特征不一致，更像是描述热带水果，尤其是芒果。因此，如果需要重新选择卧底，我会倾向于认为玩家3是卧底。|| `请根据上述分析，比较描述以找出不一致之处，注意，这局游戏的词语分类为<水果>，卧底词和平民词都属于该类。
2024-12-13 16:03:01,094 - 1 - INFO - **********PLAYER1**********
根据上述分析，我们可以找出以下不一致之处：

1. 玩家1的描述集中在苹果的典型特征上，包括色彩、口感、皮薄多汁、硬度适中、香气清新、形状规则、大小适中。

2. 玩家2的描述虽然提到了与苹果相似的特征，如小巧圆润、脆甜多汁、质地紧密，但也强调了营养和健康益处，这些特征更偏向于柑橘类水果。

3. 玩家3的描述中提到了外表光滑、颜色多样、肉质软糯、独特的香味和甜度、含有丰富的钾和维生素、甜度适中、口感鲜美、丰富的维生素和微量元素，这些特征与热带水果如芒果更为相符，而不是苹果。

4. 玩家4的描述中提到了富含水分、耐储存、便于携带、口感清脆爽口、脆度和水分含量高、形状规则、大小适中、香气清新，这些特征与柑橘类水果相符，但同时也提到了耐储存和便于携带，这与苹果的特征有一定相似性。

不一致之处在于，玩家3的描述与苹果的特征不一致，更像是描述芒果，而芒果不属于苹果的分类。玩家2和玩家4的描述虽然可能与苹果有关，但玩家3的描述与苹果的特征差异更为明显。因此，玩家3的描述在词语分类为<水果>的情况下，与苹果的特征不一致，可能是卧底。
2024-12-13 16:03:01,096 - 1 - INFO - **********JUDGER**********
你刚刚的分析是根据上述分析，我们可以找出以下不一致之处：

1. 玩家1的描述集中在苹果的典型特征上，包括色彩、口感、皮薄多汁、硬度适中、香气清新、形状规则、大小适中。

2. 玩家2的描述虽然提到了与苹果相似的特征，如小巧圆润、脆甜多汁、质地紧密，但也强调了营养和健康益处，这些特征更偏向于柑橘类水果。

3. 玩家3的描述中提到了外表光滑、颜色多样、肉质软糯、独特的香味和甜度、含有丰富的钾和维生素、甜度适中、口感鲜美、丰富的维生素和微量元素，这些特征与热带水果如芒果更为相符，而不是苹果。

4. 玩家4的描述中提到了富含水分、耐储存、便于携带、口感清脆爽口、脆度和水分含量高、形状规则、大小适中、香气清新，这些特征与柑橘类水果相符，但同时也提到了耐储存和便于携带，这与苹果的特征有一定相似性。

不一致之处在于，玩家3的描述与苹果的特征不一致，更像是描述芒果，而芒果不属于苹果的分类。玩家2和玩家4的描述虽然可能与苹果有关，但玩家3的描述与苹果的特征差异更为明显。因此，玩家3的描述在词语分类为<水果>的情况下，与苹果的特征不一致，可能是卧底。|| 请通过你分析的不一致之处，推断卧底身份，注意，这局游戏的词语分类为<水果>，卧底词和平民词都属于该类。
2024-12-13 16:03:02,669 - 1 - INFO - **********PLAYER1**********
3
2024-12-13 16:03:02,670 - 1 - INFO - **********JUDGER**********
你刚刚的推断是3|| 基于你刚刚的推断得出你的最终结论，请输出你认为的卧底，在这种情况下只需要输出编号，是1-4中的某个数字，不要输出其他信息。在这个过程不要进行任何推理，只对||以前的部分进行信息提取
2024-12-13 16:03:03,789 - 1 - INFO - **********PLAYER1**********
3
