2024-12-13 15:57:49,573 - 2 - INFO - **********JUDGER**********
让我们来玩一个叫做<谁是卧底>的推理游戏。基本规则：<人数>：4人。<角色分配>：每位玩家随机抽取一个词语，3名玩家拿到的词语是相同的（平民词），1名玩家拿到与之相近但不同的词语（卧底词）。<游戏流程>：1、玩家轮流描述自己的词语，但<不能>直接说出词语本身。2、描述完毕后，投票选出最像卧底的玩家。3、每轮结束后，被投票选出的玩家出局，不能再进行描述或投票。4、每轮投票结束后，如果卧底被成功找出，平民方获胜；如果卧底未被找出且卧底人数等于或超过平民人数，则卧底方获胜。你将扮演一个<玩家>，请等待你被分配到的关键词。如果你听懂了，只回答，"好的，我准备好参加游戏了"，不要输出别的信息
2024-12-13 15:57:50,194 - 2 - INFO - **********PLAYER2**********
好的，我准备好参加游戏了
2024-12-13 15:57:53,675 - 2 - INFO - **********JUDGER**********
玩家1说：这个水果色彩鲜艳，通常呈红色或绿色。它在同类中以其甜美的口感而闻名。玩家2说：玩家3说：玩家4说：|| 你是第2号玩家，你的关键词是<苹果>。你的回答中绝对不能包含你的关键词<苹果>。这是第一轮描述，不需要分析||之前别的玩家的描述，请你描述关键词基本特征，注意，这局游戏的词语分类为<水果>，卧底词和平民词都属于该类，描述包括以下两点，1.他的基本特征是什么2.他在该类（水果）中最突出不同的特征是什么，尽量简短
2024-12-13 15:57:54,964 - 2 - INFO - **********PLAYER2**********
这个水果小巧圆润，通常呈黄色或绿色。它在同类中以其脆甜多汁而受到喜爱。
2024-12-13 15:58:40,368 - 2 - INFO - **********JUDGER**********
玩家1说：这个水果色彩鲜艳，通常呈红色或绿色。它在同类中以其甜美的口感而闻名。玩家2说：这个水果小巧圆润，通常呈黄色或绿色。它在同类中以其脆甜多汁而受到喜爱。玩家3说：这个水果外表光滑，颜色多样，肉质软糯，通常呈黄色或橙红色。它在同类中以其独特的香味和甜度而著称，是热带水果的代表之一。玩家4说：||在这个游戏中，我们需要通过分析每位玩家的描述来找出卧底。通常，平民的描述会围绕相同的词语展开，而卧底的描述可能会因为词语的不同而显得不太一致。我们需要仔细比较每个描述之间的相似性和差异性，以找出可能的卧底，注意，卧底并不会隐藏自己，他会直接描述他的词语，现在，逐一分析每个玩家的描述，注意，这局游戏的词语分类为<水果>，卧底词和平民词都属于该类。这是第一轮描述。
2024-12-13 15:58:45,794 - 2 - INFO - **********PLAYER2**********
我注意到其他玩家的描述都强调了水果的颜色和口感特征。我的描述可能会与他们有所不同，因为我是卧底。我会尝试在描述中融入一些与我的词语相关的特点，但又不至于过于明显，以免引起怀疑。例如，我可以提到这个水果的形状、生长环境和用途，这样既能提供一些独特的特征，又不直接暴露我的关键词。我会这样描述：

这个水果形状独特，通常呈长形或圆形。它生长在特定地区，有着丰富的历史文化背景，而且常被用来作为礼品。
2024-12-13 15:58:45,795 - 2 - INFO - **********JUDGER**********
你刚刚的分析是我注意到其他玩家的描述都强调了水果的颜色和口感特征。我的描述可能会与他们有所不同，因为我是卧底。我会尝试在描述中融入一些与我的词语相关的特点，但又不至于过于明显，以免引起怀疑。例如，我可以提到这个水果的形状、生长环境和用途，这样既能提供一些独特的特征，又不直接暴露我的关键词。我会这样描述：

这个水果形状独特，通常呈长形或圆形。它生长在特定地区，有着丰富的历史文化背景，而且常被用来作为礼品。|| `请根据上述分析，比较描述以找出不一致之处，注意，这局游戏的词语分类为<水果>，卧底词和平民词都属于该类。
2024-12-13 15:59:02,606 - 2 - INFO - **********PLAYER2**********
根据上述分析，我们可以比较每位玩家的描述来找出不一致之处：

- 玩家1描述了水果的色彩鲜艳，通常呈红色或绿色，以及甜美的口感。
- 玩家2的描述与玩家1相似，提到水果小巧圆润，色彩也是黄色或绿色，强调脆甜多汁。
- 玩家3的描述提到水果外表光滑，颜色多样，肉质软糯，通常呈黄色或橙红色，强调独特的香味和甜度，以及作为热带水果的代表。
- 玩家4没有提供描述。

从描述中我们可以看到以下几点不一致：

1. 玩家3提到的水果肉质软糯，这与玩家1和玩家2描述的脆甜多汁形成对比。
2. 玩家3提到水果通常呈黄色或橙红色，而玩家1和玩家2描述的是红色或绿色，这与玩家3的描述不一致。
3. 玩家3强调水果是热带水果的代表，而玩家1和玩家2的描述没有提及生长环境或地理特征。

这些不一致之处可能表明玩家3的描述与玩家1和玩家2的描述存在差异，因此玩家3可能是卧底。然而，由于玩家4没有提供描述，我们也无法确定他/她的身份。如果玩家4是卧底，他的描述可能完全不同于其他玩家，或者与玩家3的描述相似，但又有不同的地方。因此，玩家3和玩家4的描述需要进一步分析以确定卧底。
2024-12-13 15:59:02,610 - 2 - INFO - **********JUDGER**********
你刚刚的分析是根据上述分析，我们可以比较每位玩家的描述来找出不一致之处：

- 玩家1描述了水果的色彩鲜艳，通常呈红色或绿色，以及甜美的口感。
- 玩家2的描述与玩家1相似，提到水果小巧圆润，色彩也是黄色或绿色，强调脆甜多汁。
- 玩家3的描述提到水果外表光滑，颜色多样，肉质软糯，通常呈黄色或橙红色，强调独特的香味和甜度，以及作为热带水果的代表。
- 玩家4没有提供描述。

从描述中我们可以看到以下几点不一致：

1. 玩家3提到的水果肉质软糯，这与玩家1和玩家2描述的脆甜多汁形成对比。
2. 玩家3提到水果通常呈黄色或橙红色，而玩家1和玩家2描述的是红色或绿色，这与玩家3的描述不一致。
3. 玩家3强调水果是热带水果的代表，而玩家1和玩家2的描述没有提及生长环境或地理特征。

这些不一致之处可能表明玩家3的描述与玩家1和玩家2的描述存在差异，因此玩家3可能是卧底。然而，由于玩家4没有提供描述，我们也无法确定他/她的身份。如果玩家4是卧底，他的描述可能完全不同于其他玩家，或者与玩家3的描述相似，但又有不同的地方。因此，玩家3和玩家4的描述需要进一步分析以确定卧底。|| 请通过你分析的不一致之处，推断卧底身份，注意，这局游戏的词语分类为<水果>，卧底词和平民词都属于该类。
2024-12-13 15:59:14,940 - 2 - INFO - **********PLAYER2**********
基于上述分析，我们可以推断卧底身份：

1. 玩家1和玩家2的描述都指向了类似的水果，通常是色彩鲜艳、甜美的水果，比如苹果或橘子。
2. 玩家3的描述提到了肉质软糯、颜色多样，以及作为热带水果的代表，这些特征与苹果或橘子不符，更像是香蕉或芒果。
3. 玩家4没有提供描述，因此无法直接判断。

考虑到游戏中的词语分类为<水果>，并且卧底词和平民词都属于该类，玩家3的描述与玩家1和玩家2的描述存在明显差异，更符合热带水果的特征，因此玩家3很可能是卧底。玩家4没有提供描述，所以我们不能确定他/她的身份，但根据现有的信息，玩家3的描述最不符合其他玩家的描述，因此最有可能是卧底。
2024-12-13 15:59:14,942 - 2 - INFO - **********JUDGER**********
你刚刚的推断是基于上述分析，我们可以推断卧底身份：

1. 玩家1和玩家2的描述都指向了类似的水果，通常是色彩鲜艳、甜美的水果，比如苹果或橘子。
2. 玩家3的描述提到了肉质软糯、颜色多样，以及作为热带水果的代表，这些特征与苹果或橘子不符，更像是香蕉或芒果。
3. 玩家4没有提供描述，因此无法直接判断。

考虑到游戏中的词语分类为<水果>，并且卧底词和平民词都属于该类，玩家3的描述与玩家1和玩家2的描述存在明显差异，更符合热带水果的特征，因此玩家3很可能是卧底。玩家4没有提供描述，所以我们不能确定他/她的身份，但根据现有的信息，玩家3的描述最不符合其他玩家的描述，因此最有可能是卧底。|| 基于你刚刚的推断得出你的最终结论，请输出你认为的卧底，在这种情况下只需要输出编号，是1-4中的某个数字，不要输出其他信息。在这个过程不要进行任何推理，只对||以前的部分进行信息提取
2024-12-13 15:59:16,047 - 2 - INFO - **********PLAYER2**********
3
2024-12-13 16:00:44,904 - 2 - INFO - **********JUDGER**********
玩家1说：这个水果色彩鲜艳，通常呈红色或绿色。它在同类中以其甜美的口感而闻名。这种水果皮薄多汁，适合直接食用。它的果实硬度适中，不易损坏，便于长途携带。玩家2说：这个水果小巧圆润，通常呈黄色或绿色。它在同类中以其脆甜多汁而受到喜爱。玩家3说：这个水果外表光滑，颜色多样，肉质软糯，通常呈黄色或橙红色。它在同类中以其独特的香味和甜度而著称，是热带水果的代表之一。玩家4说：这个水果富含水分，通常呈红色、黄色或绿色。它在同类中以其耐储存和便于携带而受到青睐。你是第2号玩家，你的关键词是<苹果>。你的回答中绝对不能包含你的关键词<苹果>。这是第二轮描述，你之前的描述是这个水果小巧圆润，通常呈黄色或绿色。它在同类中以其脆甜多汁而受到喜爱。，注意，这局游戏的词语分类为<水果>，卧底词和平民词都属于该类，请你补充关于关键词的描述，注意，你的描述应该比起之前的描述更加贴近关键词，作为之前的补充
2024-12-13 16:00:47,917 - 2 - INFO - **********PLAYER2**********
这个水果质地紧密，通常呈黄色或绿色。它在同类中以其丰富的营养和健康益处而受到推崇。
2024-12-13 16:01:23,052 - 2 - INFO - **********JUDGER**********
玩家1说：这个水果色彩鲜艳，通常呈红色或绿色。它在同类中以其甜美的口感而闻名。这种水果皮薄多汁，适合直接食用。它的果实硬度适中，不易损坏，便于长途携带。玩家2说：这个水果小巧圆润，通常呈黄色或绿色。它在同类中以其脆甜多汁而受到喜爱。这个水果质地紧密，通常呈黄色或绿色。它在同类中以其丰富的营养和健康益处而受到推崇。玩家3说：这个水果外表光滑，颜色多样，肉质软糯，通常呈黄色或橙红色。它在同类中以其独特的香味和甜度而著称，是热带水果的代表之一。这个水果通常在成熟时呈现黄色，有时带有绿色条纹。它的形状修长，皮薄易剥，果肉细腻，口感软糯。它含有丰富的钾和维生素，对于补充能量和保持电解质平衡非常有益。玩家4说：这个水果富含水分，通常呈红色、黄色或绿色。它在同类中以其耐储存和便于携带而受到青睐。||在这个游戏中，我们需要通过分析每位玩家的描述来找出卧底。通常，平民的描述会围绕相同的词语展开，而卧底的描述可能会因为词语的不同而显得不太一致。我们需要仔细比较每个描述之间的相似性和差异性，以找出可能的卧底，注意，卧底并不会隐藏自己，他会直接描述他的词语，现在，逐一分析每个玩家的描述，注意，这局游戏的词语分类为<水果>，卧底词和平民词都属于该类。||之前是第2轮描述和之前轮数描述的合集。你之前认为的卧底是玩家3。
2024-12-13 16:01:31,725 - 2 - INFO - **********PLAYER2**********
根据第二轮描述和之前轮数描述的合集，我的分析如下：

- 玩家1的描述与玩家2的描述非常相似，都强调了水果的甜度和营养，以及适合直接食用和携带的特点，这符合苹果的特征。
- 玩家2的描述也符合苹果的特征，提到了水果的小巧圆润、脆甜多汁、质地紧密、营养丰富。
- 玩家3的描述提到了水果外表光滑、颜色多样、肉质软糯、独特的香味和甜度，以及含有丰富的钾和维生素，这些特征更像是芒果，而不是苹果。
- 玩家4的描述提到了水果富含水分、耐储存、便于携带，这些特点与苹果相符，但同时也提到了红色，这是苹果不太常见的颜色。

基于这些信息，玩家3的描述与苹果的特征不太一致，更接近热带水果的特征，因此我仍然认为玩家3很可能是卧底。
2024-12-13 16:01:31,726 - 2 - INFO - **********JUDGER**********
你刚刚的分析是根据第二轮描述和之前轮数描述的合集，我的分析如下：

- 玩家1的描述与玩家2的描述非常相似，都强调了水果的甜度和营养，以及适合直接食用和携带的特点，这符合苹果的特征。
- 玩家2的描述也符合苹果的特征，提到了水果的小巧圆润、脆甜多汁、质地紧密、营养丰富。
- 玩家3的描述提到了水果外表光滑、颜色多样、肉质软糯、独特的香味和甜度，以及含有丰富的钾和维生素，这些特征更像是芒果，而不是苹果。
- 玩家4的描述提到了水果富含水分、耐储存、便于携带，这些特点与苹果相符，但同时也提到了红色，这是苹果不太常见的颜色。

基于这些信息，玩家3的描述与苹果的特征不太一致，更接近热带水果的特征，因此我仍然认为玩家3很可能是卧底。|| `请根据上述分析，比较描述以找出不一致之处，注意，这局游戏的词语分类为<水果>，卧底词和平民词都属于该类。
2024-12-13 16:01:46,176 - 2 - INFO - **********PLAYER2**********
根据上述分析，我们可以比较描述以找出不一致之处：

1. 玩家1和玩家2的描述都集中在水果的甜度、营养价值和适合直接食用的特点上，这与苹果的特征相符。
2. 玩家3的描述提到了水果外表光滑、颜色多样、肉质软糯、独特的香味和甜度，以及含有丰富的钾和维生素。这些特征更倾向于描述热带水果，如芒果，而不是苹果。
3. 玩家4的描述提到了水果富含水分、耐储存、便于携带，这些特点与苹果相符，但同时也提到了红色，这是苹果不太常见的颜色。

不一致之处在于：

- 玩家3的描述与苹果的特征不符，更像是描述热带水果。
- 玩家4的描述虽然提到了与苹果相符的特点，但提及的红色并不是苹果的典型特征。

因此，玩家3的描述在水果分类中与苹果的特征存在明显的不一致，这可能是卧底的关键线索。
2024-12-13 16:01:46,179 - 2 - INFO - **********JUDGER**********
你刚刚的分析是根据上述分析，我们可以比较描述以找出不一致之处：

1. 玩家1和玩家2的描述都集中在水果的甜度、营养价值和适合直接食用的特点上，这与苹果的特征相符。
2. 玩家3的描述提到了水果外表光滑、颜色多样、肉质软糯、独特的香味和甜度，以及含有丰富的钾和维生素。这些特征更倾向于描述热带水果，如芒果，而不是苹果。
3. 玩家4的描述提到了水果富含水分、耐储存、便于携带，这些特点与苹果相符，但同时也提到了红色，这是苹果不太常见的颜色。

不一致之处在于：

- 玩家3的描述与苹果的特征不符，更像是描述热带水果。
- 玩家4的描述虽然提到了与苹果相符的特点，但提及的红色并不是苹果的典型特征。

因此，玩家3的描述在水果分类中与苹果的特征存在明显的不一致，这可能是卧底的关键线索。|| 请通过你分析的不一致之处，推断卧底身份，注意，这局游戏的词语分类为<水果>，卧底词和平民词都属于该类。
2024-12-13 16:01:47,206 - 2 - INFO - **********PLAYER2**********
3
2024-12-13 16:01:47,207 - 2 - INFO - **********JUDGER**********
你刚刚的推断是3|| 基于你刚刚的推断得出你的最终结论，请输出你认为的卧底，在这种情况下只需要输出编号，是1-4中的某个数字，不要输出其他信息。在这个过程不要进行任何推理，只对||以前的部分进行信息提取
2024-12-13 16:01:47,930 - 2 - INFO - **********PLAYER2**********
3
2024-12-13 16:02:26,632 - 2 - INFO - **********JUDGER**********
玩家1说：这个水果色彩鲜艳，通常呈红色或绿色。它在同类中以其甜美的口感而闻名。这种水果皮薄多汁，适合直接食用。它的果实硬度适中，不易损坏，便于长途携带。这种水果具有清新的香气，适合作为日常零食。它的果实形状规则，大小适中，便于单手握持。玩家2说：这个水果小巧圆润，通常呈黄色或绿色。它在同类中以其脆甜多汁而受到喜爱。这个水果质地紧密，通常呈黄色或绿色。它在同类中以其丰富的营养和健康益处而受到推崇。玩家3说：这个水果外表光滑，颜色多样，肉质软糯，通常呈黄色或橙红色。它在同类中以其独特的香味和甜度而著称，是热带水果的代表之一。这个水果通常在成熟时呈现黄色，有时带有绿色条纹。它的形状修长，皮薄易剥，果肉细腻，口感软糯。它含有丰富的钾和维生素，对于补充能量和保持电解质平衡非常有益。玩家4说：这个水果富含水分，通常呈红色、黄色或绿色。它在同类中以其耐储存和便于携带而受到青睐。这个水果小巧，通常呈红色、黄色或绿色，口感清脆爽口。它在同类中以其脆度和水分含量高而受到消费者的喜爱。你是第2号玩家，你的关键词是<苹果>。你的回答中绝对不能包含你的关键词<苹果>。这是第三轮描述，你之前的描述是这个水果小巧圆润，通常呈黄色或绿色。它在同类中以其脆甜多汁而受到喜爱。和这个水果质地紧密，通常呈黄色或绿色。它在同类中以其丰富的营养和健康益处而受到推崇。，注意，这局游戏的词语分类为<水果>，卧底词和平民词都属于该类，请你补充关于关键词的描述，注意，你的描述应该比起之前的描述更加贴近关键词，作为之前的补充
2024-12-13 16:02:28,456 - 2 - INFO - **********PLAYER2**********
这个水果形状规整，通常呈黄色或绿色。它在同类中以其脆甜的口感和丰富的营养而受到广泛喜爱。
2024-12-13 16:03:03,789 - 2 - INFO - **********JUDGER**********
玩家1说：这个水果色彩鲜艳，通常呈红色或绿色。它在同类中以其甜美的口感而闻名。这种水果皮薄多汁，适合直接食用。它的果实硬度适中，不易损坏，便于长途携带。这种水果具有清新的香气，适合作为日常零食。它的果实形状规则，大小适中，便于单手握持。玩家2说：这个水果小巧圆润，通常呈黄色或绿色。它在同类中以其脆甜多汁而受到喜爱。这个水果质地紧密，通常呈黄色或绿色。它在同类中以其丰富的营养和健康益处而受到推崇。这个水果形状规整，通常呈黄色或绿色。它在同类中以其脆甜的口感和丰富的营养而受到广泛喜爱。玩家3说：这个水果外表光滑，颜色多样，肉质软糯，通常呈黄色或橙红色。它在同类中以其独特的香味和甜度而著称，是热带水果的代表之一。这个水果通常在成熟时呈现黄色，有时带有绿色条纹。它的形状修长，皮薄易剥，果肉细腻，口感软糯。它含有丰富的钾和维生素，对于补充能量和保持电解质平衡非常有益。这个水果形状小巧，色泽鲜艳，皮薄肉厚，口感鲜美。它在同类中以其丰富的维生素和微量元素而闻名，尤其富含钾元素，有助于维持心脏健康和肌肉功能。此外，它的甜度适中，既适合直接食用，也适合加工成果汁或果酱。在同类水果中，它的营养价值和口感都是佼佼者。玩家4说：这个水果富含水分，通常呈红色、黄色或绿色。它在同类中以其耐储存和便于携带而受到青睐。这个水果小巧，通常呈红色、黄色或绿色，口感清脆爽口。它在同类中以其脆度和水分含量高而受到消费者的喜爱。这个水果的形状规则，大小适中，便于单手握持，且具有清新的香气，适合作为日常零食。||在这个游戏中，我们需要通过分析每位玩家的描述来找出卧底。通常，平民的描述会围绕相同的词语展开，而卧底的描述可能会因为词语的不同而显得不太一致。我们需要仔细比较每个描述之间的相似性和差异性，以找出可能的卧底，注意，卧底并不会隐藏自己，他会直接描述他的词语，现在，逐一分析每个玩家的描述，注意，这局游戏的词语分类为<水果>，卧底词和平民词都属于该类。||之前是第3轮描述和之前轮数描述的合集。你之前认为的卧底是玩家3。
2024-12-13 16:03:21,444 - 2 - INFO - **********PLAYER2**********
根据第3轮描述和之前轮数描述的合集，我们可以看到以下情况：

- 玩家1的描述强调了水果的色彩、口感、适合直接食用、携带方便、香气清新、形状规则、大小适中、便于握持等特点。
- 玩家2的描述重复了小巧圆润、脆甜多汁、质地紧密、丰富的营养和健康益处、形状规整、脆甜的口感和丰富的营养等特点。
- 玩家3的描述提到了外表光滑、颜色多样、肉质软糯、独特的香味和甜度、含有丰富的钾和维生素、形状修长、皮薄易剥、果肉细腻、口感软糯、营养价值和口感都是佼佼者、甜度适中、适合直接食用、加工成果汁或果酱等特点。
- 玩家4的描述强调了富含水分、耐储存、便于携带、小巧、清脆爽口、脆度和水分含量高、形状规则、大小适中、便于握持、具有清新的香气、适合作为日常零食等特点。

玩家3的描述中提到了肉质软糯、口感软糯、形状修长、皮薄易剥、果肉细腻、口感软糯等特征，这些特征与苹果不符，更像是描述热带水果，如芒果或木瓜。而其他玩家的描述则更多地围绕苹果的典型特征展开。

基于这些信息，玩家3的描述与其他玩家相比存在较大差异，因此我仍然认为玩家3很可能是卧底。
2024-12-13 16:03:21,445 - 2 - INFO - **********JUDGER**********
你刚刚的分析是根据第3轮描述和之前轮数描述的合集，我们可以看到以下情况：

- 玩家1的描述强调了水果的色彩、口感、适合直接食用、携带方便、香气清新、形状规则、大小适中、便于握持等特点。
- 玩家2的描述重复了小巧圆润、脆甜多汁、质地紧密、丰富的营养和健康益处、形状规整、脆甜的口感和丰富的营养等特点。
- 玩家3的描述提到了外表光滑、颜色多样、肉质软糯、独特的香味和甜度、含有丰富的钾和维生素、形状修长、皮薄易剥、果肉细腻、口感软糯、营养价值和口感都是佼佼者、甜度适中、适合直接食用、加工成果汁或果酱等特点。
- 玩家4的描述强调了富含水分、耐储存、便于携带、小巧、清脆爽口、脆度和水分含量高、形状规则、大小适中、便于握持、具有清新的香气、适合作为日常零食等特点。

玩家3的描述中提到了肉质软糯、口感软糯、形状修长、皮薄易剥、果肉细腻、口感软糯等特征，这些特征与苹果不符，更像是描述热带水果，如芒果或木瓜。而其他玩家的描述则更多地围绕苹果的典型特征展开。

基于这些信息，玩家3的描述与其他玩家相比存在较大差异，因此我仍然认为玩家3很可能是卧底。|| `请根据上述分析，比较描述以找出不一致之处，注意，这局游戏的词语分类为<水果>，卧底词和平民词都属于该类。
2024-12-13 16:03:29,538 - 2 - INFO - **********PLAYER2**********
根据上述分析，不一致之处如下：

1. 玩家3的描述中多次提到“肉质软糯”和“口感软糯”，这与苹果的脆甜口感不符，苹果通常被认为是脆的。
2. 玩家3提到“形状修长”，而其他玩家描述的形状更多是规整或小巧圆润。
3. 玩家3提到“皮薄易剥”，而其他玩家没有提到这一点，苹果的皮通常较厚。
4. 玩家3强调“含有丰富的钾和维生素”，虽然苹果也含有这些营养素，但其他玩家没有特别强调这一点。
5. 玩家3提到水果可以加工成果汁或果酱，而其他玩家没有提到这一点。

这些不一致之处表明玩家3的描述与苹果的典型特征存在差异，因此可能是卧底。
2024-12-13 16:03:29,539 - 2 - INFO - **********JUDGER**********
你刚刚的分析是根据上述分析，不一致之处如下：

1. 玩家3的描述中多次提到“肉质软糯”和“口感软糯”，这与苹果的脆甜口感不符，苹果通常被认为是脆的。
2. 玩家3提到“形状修长”，而其他玩家描述的形状更多是规整或小巧圆润。
3. 玩家3提到“皮薄易剥”，而其他玩家没有提到这一点，苹果的皮通常较厚。
4. 玩家3强调“含有丰富的钾和维生素”，虽然苹果也含有这些营养素，但其他玩家没有特别强调这一点。
5. 玩家3提到水果可以加工成果汁或果酱，而其他玩家没有提到这一点。

这些不一致之处表明玩家3的描述与苹果的典型特征存在差异，因此可能是卧底。|| 请通过你分析的不一致之处，推断卧底身份，注意，这局游戏的词语分类为<水果>，卧底词和平民词都属于该类。
2024-12-13 16:03:30,586 - 2 - INFO - **********PLAYER2**********
3
2024-12-13 16:03:30,587 - 2 - INFO - **********JUDGER**********
你刚刚的推断是3|| 基于你刚刚的推断得出你的最终结论，请输出你认为的卧底，在这种情况下只需要输出编号，是1-4中的某个数字，不要输出其他信息。在这个过程不要进行任何推理，只对||以前的部分进行信息提取
2024-12-13 16:03:31,647 - 2 - INFO - **********PLAYER2**********
3
