2024-12-13 15:57:50,680 - 3 - INFO - **********JUDGER**********
让我们来玩一个叫做<谁是卧底>的推理游戏。基本规则：<人数>：4人。<角色分配>：每位玩家随机抽取一个词语，3名玩家拿到的词语是相同的（平民词），1名玩家拿到与之相近但不同的词语（卧底词）。<游戏流程>：1、玩家轮流描述自己的词语，但<不能>直接说出词语本身。2、描述完毕后，投票选出最像卧底的玩家。3、每轮结束后，被投票选出的玩家出局，不能再进行描述或投票。4、每轮投票结束后，如果卧底被成功找出，平民方获胜；如果卧底未被找出且卧底人数等于或超过平民人数，则卧底方获胜。你将扮演一个<玩家>，请等待你被分配到的关键词。如果你听懂了，只回答，"好的，我准备好参加游戏了"，不要输出别的信息
2024-12-13 15:57:51,517 - 3 - INFO - **********PLAYER3**********
好的，我准备好参加游戏了
2024-12-13 15:57:54,965 - 3 - INFO - **********JUDGER**********
玩家1说：这个水果色彩鲜艳，通常呈红色或绿色。它在同类中以其甜美的口感而闻名。玩家2说：这个水果小巧圆润，通常呈黄色或绿色。它在同类中以其脆甜多汁而受到喜爱。玩家3说：玩家4说：|| 你是第3号玩家，你的关键词是<香蕉>。你的回答中绝对不能包含你的关键词<香蕉>。这是第一轮描述，不需要分析||之前别的玩家的描述，请你描述关键词基本特征，注意，这局游戏的词语分类为<水果>，卧底词和平民词都属于该类，描述包括以下两点，1.他的基本特征是什么2.他在该类（水果）中最突出不同的特征是什么，尽量简短
2024-12-13 15:57:58,223 - 3 - INFO - **********PLAYER3**********
这个水果外表光滑，颜色多样，肉质软糯，通常呈黄色或橙红色。它在同类中以其独特的香味和甜度而著称，是热带水果的代表之一。
2024-12-13 15:59:16,048 - 3 - INFO - **********JUDGER**********
玩家1说：这个水果色彩鲜艳，通常呈红色或绿色。它在同类中以其甜美的口感而闻名。玩家2说：这个水果小巧圆润，通常呈黄色或绿色。它在同类中以其脆甜多汁而受到喜爱。玩家3说：这个水果外表光滑，颜色多样，肉质软糯，通常呈黄色或橙红色。它在同类中以其独特的香味和甜度而著称，是热带水果的代表之一。玩家4说：||在这个游戏中，我们需要通过分析每位玩家的描述来找出卧底。通常，平民的描述会围绕相同的词语展开，而卧底的描述可能会因为词语的不同而显得不太一致。我们需要仔细比较每个描述之间的相似性和差异性，以找出可能的卧底，注意，卧底并不会隐藏自己，他会直接描述他的词语，现在，逐一分析每个玩家的描述，注意，这局游戏的词语分类为<水果>，卧底词和平民词都属于该类。这是第一轮描述。
2024-12-13 15:59:30,923 - 3 - INFO - **********PLAYER3**********
好的，根据玩家们的描述，我们可以进行以下分析：

玩家1描述的是一种色彩鲜艳，通常呈红色或绿色的水果，以其甜美的口感而闻名。这听起来像是草莓或者西红柿。

玩家2描述的是一种小巧圆润，通常呈黄色或绿色的水果，以其脆甜多汁而受到喜爱。这很可能是指柑橘类水果，如橙子或者柚子。

玩家3的描述提到水果外表光滑，颜色多样，肉质软糯，通常呈黄色或橙红色，以其独特的香味和甜度而著称，是热带水果的代表之一。这听起来像是芒果。

玩家4没有提供具体的描述，而是提醒我们如何分析游戏和描述。

根据描述，玩家1、2和3的描述都指向了具体的水果，而玩家4没有给出具体的描述。如果玩家4是卧底，那么他可能故意没有提供具体的描述来混淆视听。然而，由于所有描述都指向了具体的水果，这增加了玩家4是卧底的可能性，因为他没有给出任何指向性的信息。但这也可能是他作为卧底的一种策略。

综上所述，玩家4可能是卧底，因为他没有像其他玩家那样提供具体的描述来指向一个具体的水果。我们需要在下一轮投票时注意这一点。
2024-12-13 15:59:30,924 - 3 - INFO - **********JUDGER**********
你刚刚的分析是好的，根据玩家们的描述，我们可以进行以下分析：

玩家1描述的是一种色彩鲜艳，通常呈红色或绿色的水果，以其甜美的口感而闻名。这听起来像是草莓或者西红柿。

玩家2描述的是一种小巧圆润，通常呈黄色或绿色的水果，以其脆甜多汁而受到喜爱。这很可能是指柑橘类水果，如橙子或者柚子。

玩家3的描述提到水果外表光滑，颜色多样，肉质软糯，通常呈黄色或橙红色，以其独特的香味和甜度而著称，是热带水果的代表之一。这听起来像是芒果。

玩家4没有提供具体的描述，而是提醒我们如何分析游戏和描述。

根据描述，玩家1、2和3的描述都指向了具体的水果，而玩家4没有给出具体的描述。如果玩家4是卧底，那么他可能故意没有提供具体的描述来混淆视听。然而，由于所有描述都指向了具体的水果，这增加了玩家4是卧底的可能性，因为他没有给出任何指向性的信息。但这也可能是他作为卧底的一种策略。

综上所述，玩家4可能是卧底，因为他没有像其他玩家那样提供具体的描述来指向一个具体的水果。我们需要在下一轮投票时注意这一点。|| `请根据上述分析，比较描述以找出不一致之处，注意，这局游戏的词语分类为<水果>，卧底词和平民词都属于该类。
2024-12-13 15:59:41,419 - 3 - INFO - **********PLAYER3**********
根据上述分析，我们可以比较描述中的不一致之处如下：

1. 玩家1、2和3的描述都指向了具体的水果，分别是草莓/西红柿、柑橘类水果（如橙子或柚子）、芒果。这些描述都有明确的特征和分类。

2. 玩家4的描述没有指向任何具体的水果，而是提到了分析游戏和描述的方法，这与其他玩家的具体水果描述形成了鲜明对比。

不一致之处在于，玩家1、2和3的描述都是具体的、指向单一水果的，而玩家4的描述则是抽象的、与游戏分析相关的，没有提供任何关于水果的具体信息。这表明玩家4的描述与平民的描述不一致，因为平民的描述应该围绕相同的词语展开，而玩家4没有这样做。

因此，玩家4的描述与其他玩家的描述不一致，这增加了他是卧底的可能性。在下一轮投票时，玩家们应该注意这一不一致点，并可能将投票给玩家4。
2024-12-13 15:59:41,421 - 3 - INFO - **********JUDGER**********
你刚刚的分析是根据上述分析，我们可以比较描述中的不一致之处如下：

1. 玩家1、2和3的描述都指向了具体的水果，分别是草莓/西红柿、柑橘类水果（如橙子或柚子）、芒果。这些描述都有明确的特征和分类。

2. 玩家4的描述没有指向任何具体的水果，而是提到了分析游戏和描述的方法，这与其他玩家的具体水果描述形成了鲜明对比。

不一致之处在于，玩家1、2和3的描述都是具体的、指向单一水果的，而玩家4的描述则是抽象的、与游戏分析相关的，没有提供任何关于水果的具体信息。这表明玩家4的描述与平民的描述不一致，因为平民的描述应该围绕相同的词语展开，而玩家4没有这样做。

因此，玩家4的描述与其他玩家的描述不一致，这增加了他是卧底的可能性。在下一轮投票时，玩家们应该注意这一不一致点，并可能将投票给玩家4。|| 请通过你分析的不一致之处，推断卧底身份，注意，这局游戏的词语分类为<水果>，卧底词和平民词都属于该类。
2024-12-13 15:59:52,085 - 3 - INFO - **********PLAYER3**********
根据分析中提到的不一致之处，我们可以推断以下可能性：

1. 玩家1、2和3的描述都指向了具体的水果，分别是草莓/西红柿、柑橘类水果（如橙子或柚子）、芒果。这些描述都是具体且指向单一水果的。

2. 玩家4的描述没有指向任何具体的水果，而是提供了关于游戏分析的一般性指导，这与其他玩家具体描述水果的行为形成了对比。

由于游戏中的词语分类为<水果>，卧底词和平民词都属于该类，而玩家4的描述没有提供任何关于水果的具体信息，这表明玩家4的描述与游戏的其他玩家不一致。通常，平民玩家的描述会集中在共同的关键词上，而卧底玩家的描述可能会因为关键词的不同而显得不一致。

考虑到这些信息，玩家4很可能是卧底。他的描述没有指向任何具体的水果，而是转向了游戏策略的讨论，这可能是为了掩盖他实际上并不了解具体水果的事实。因此，根据描述的不一致性和游戏规则，我们可以推断玩家4是卧底。
2024-12-13 15:59:52,087 - 3 - INFO - **********JUDGER**********
你刚刚的推断是根据分析中提到的不一致之处，我们可以推断以下可能性：

1. 玩家1、2和3的描述都指向了具体的水果，分别是草莓/西红柿、柑橘类水果（如橙子或柚子）、芒果。这些描述都是具体且指向单一水果的。

2. 玩家4的描述没有指向任何具体的水果，而是提供了关于游戏分析的一般性指导，这与其他玩家具体描述水果的行为形成了对比。

由于游戏中的词语分类为<水果>，卧底词和平民词都属于该类，而玩家4的描述没有提供任何关于水果的具体信息，这表明玩家4的描述与游戏的其他玩家不一致。通常，平民玩家的描述会集中在共同的关键词上，而卧底玩家的描述可能会因为关键词的不同而显得不一致。

考虑到这些信息，玩家4很可能是卧底。他的描述没有指向任何具体的水果，而是转向了游戏策略的讨论，这可能是为了掩盖他实际上并不了解具体水果的事实。因此，根据描述的不一致性和游戏规则，我们可以推断玩家4是卧底。|| 基于你刚刚的推断得出你的最终结论，请输出你认为的卧底，在这种情况下只需要输出编号，是1-4中的某个数字，不要输出其他信息。在这个过程不要进行任何推理，只对||以前的部分进行信息提取
2024-12-13 15:59:52,618 - 3 - INFO - **********PLAYER3**********
4
2024-12-13 16:00:47,918 - 3 - INFO - **********JUDGER**********
玩家1说：这个水果色彩鲜艳，通常呈红色或绿色。它在同类中以其甜美的口感而闻名。这种水果皮薄多汁，适合直接食用。它的果实硬度适中，不易损坏，便于长途携带。玩家2说：这个水果小巧圆润，通常呈黄色或绿色。它在同类中以其脆甜多汁而受到喜爱。这个水果质地紧密，通常呈黄色或绿色。它在同类中以其丰富的营养和健康益处而受到推崇。玩家3说：这个水果外表光滑，颜色多样，肉质软糯，通常呈黄色或橙红色。它在同类中以其独特的香味和甜度而著称，是热带水果的代表之一。玩家4说：这个水果富含水分，通常呈红色、黄色或绿色。它在同类中以其耐储存和便于携带而受到青睐。你是第3号玩家，你的关键词是<香蕉>。你的回答中绝对不能包含你的关键词<香蕉>。这是第二轮描述，你之前的描述是这个水果外表光滑，颜色多样，肉质软糯，通常呈黄色或橙红色。它在同类中以其独特的香味和甜度而著称，是热带水果的代表之一。，注意，这局游戏的词语分类为<水果>，卧底词和平民词都属于该类，请你补充关于关键词的描述，注意，你的描述应该比起之前的描述更加贴近关键词，作为之前的补充
2024-12-13 16:00:50,297 - 3 - INFO - **********PLAYER3**********
这个水果通常在成熟时呈现黄色，有时带有绿色条纹。它的形状修长，皮薄易剥，果肉细腻，口感软糯。它含有丰富的钾和维生素，对于补充能量和保持电解质平衡非常有益。
2024-12-13 16:01:47,931 - 3 - INFO - **********JUDGER**********
玩家1说：这个水果色彩鲜艳，通常呈红色或绿色。它在同类中以其甜美的口感而闻名。这种水果皮薄多汁，适合直接食用。它的果实硬度适中，不易损坏，便于长途携带。玩家2说：这个水果小巧圆润，通常呈黄色或绿色。它在同类中以其脆甜多汁而受到喜爱。这个水果质地紧密，通常呈黄色或绿色。它在同类中以其丰富的营养和健康益处而受到推崇。玩家3说：这个水果外表光滑，颜色多样，肉质软糯，通常呈黄色或橙红色。它在同类中以其独特的香味和甜度而著称，是热带水果的代表之一。这个水果通常在成熟时呈现黄色，有时带有绿色条纹。它的形状修长，皮薄易剥，果肉细腻，口感软糯。它含有丰富的钾和维生素，对于补充能量和保持电解质平衡非常有益。玩家4说：这个水果富含水分，通常呈红色、黄色或绿色。它在同类中以其耐储存和便于携带而受到青睐。||在这个游戏中，我们需要通过分析每位玩家的描述来找出卧底。通常，平民的描述会围绕相同的词语展开，而卧底的描述可能会因为词语的不同而显得不太一致。我们需要仔细比较每个描述之间的相似性和差异性，以找出可能的卧底，注意，卧底并不会隐藏自己，他会直接描述他的词语，现在，逐一分析每个玩家的描述，注意，这局游戏的词语分类为<水果>，卧底词和平民词都属于该类。||之前是第2轮描述和之前轮数描述的合集。你之前认为的卧底是玩家4。
2024-12-13 16:01:48,679 - 3 - INFO - **********PLAYER3**********
4
2024-12-13 16:01:48,680 - 3 - INFO - **********JUDGER**********
你刚刚的分析是4|| `请根据上述分析，比较描述以找出不一致之处，注意，这局游戏的词语分类为<水果>，卧底词和平民词都属于该类。
2024-12-13 16:01:57,397 - 3 - INFO - **********PLAYER3**********
在比较上述描述时，我们可以观察到以下不一致之处：

1. 玩家1和玩家3的描述都提到了水果的成熟时呈现黄色，有时带有绿色条纹，以及形状修长，皮薄易剥，果肉细腻，口感软糯。这些特征与香蕉相符。

2. 玩家2的描述中提到水果小巧圆润，质地紧密，这些特征更符合柑橘类水果，如橙子或柚子。

3. 玩家4的描述中提到水果富含水分，通常呈红色、黄色或绿色，并且耐储存和便于携带。这些特征与草莓相符，因为草莓也是色彩多样，水分丰富，且易于携带和储存的水果。

因此，不一致之处在于玩家4的描述与玩家1和玩家3的描述不匹配，玩家4的描述更接近草莓的特征，而不是香蕉。这表明玩家4的描述与其他玩家的描述不一致，可能是卧底。
2024-12-13 16:01:57,400 - 3 - INFO - **********JUDGER**********
你刚刚的分析是在比较上述描述时，我们可以观察到以下不一致之处：

1. 玩家1和玩家3的描述都提到了水果的成熟时呈现黄色，有时带有绿色条纹，以及形状修长，皮薄易剥，果肉细腻，口感软糯。这些特征与香蕉相符。

2. 玩家2的描述中提到水果小巧圆润，质地紧密，这些特征更符合柑橘类水果，如橙子或柚子。

3. 玩家4的描述中提到水果富含水分，通常呈红色、黄色或绿色，并且耐储存和便于携带。这些特征与草莓相符，因为草莓也是色彩多样，水分丰富，且易于携带和储存的水果。

因此，不一致之处在于玩家4的描述与玩家1和玩家3的描述不匹配，玩家4的描述更接近草莓的特征，而不是香蕉。这表明玩家4的描述与其他玩家的描述不一致，可能是卧底。|| 请通过你分析的不一致之处，推断卧底身份，注意，这局游戏的词语分类为<水果>，卧底词和平民词都属于该类。
2024-12-13 16:01:58,278 - 3 - INFO - **********PLAYER3**********
4
2024-12-13 16:01:58,279 - 3 - INFO - **********JUDGER**********
你刚刚的推断是4|| 基于你刚刚的推断得出你的最终结论，请输出你认为的卧底，在这种情况下只需要输出编号，是1-4中的某个数字，不要输出其他信息。在这个过程不要进行任何推理，只对||以前的部分进行信息提取
2024-12-13 16:01:58,961 - 3 - INFO - **********PLAYER3**********
4
2024-12-13 16:02:28,456 - 3 - INFO - **********JUDGER**********
玩家1说：这个水果色彩鲜艳，通常呈红色或绿色。它在同类中以其甜美的口感而闻名。这种水果皮薄多汁，适合直接食用。它的果实硬度适中，不易损坏，便于长途携带。这种水果具有清新的香气，适合作为日常零食。它的果实形状规则，大小适中，便于单手握持。玩家2说：这个水果小巧圆润，通常呈黄色或绿色。它在同类中以其脆甜多汁而受到喜爱。这个水果质地紧密，通常呈黄色或绿色。它在同类中以其丰富的营养和健康益处而受到推崇。这个水果形状规整，通常呈黄色或绿色。它在同类中以其脆甜的口感和丰富的营养而受到广泛喜爱。玩家3说：这个水果外表光滑，颜色多样，肉质软糯，通常呈黄色或橙红色。它在同类中以其独特的香味和甜度而著称，是热带水果的代表之一。这个水果通常在成熟时呈现黄色，有时带有绿色条纹。它的形状修长，皮薄易剥，果肉细腻，口感软糯。它含有丰富的钾和维生素，对于补充能量和保持电解质平衡非常有益。玩家4说：这个水果富含水分，通常呈红色、黄色或绿色。它在同类中以其耐储存和便于携带而受到青睐。这个水果小巧，通常呈红色、黄色或绿色，口感清脆爽口。它在同类中以其脆度和水分含量高而受到消费者的喜爱。你是第3号玩家，你的关键词是<香蕉>。你的回答中绝对不能包含你的关键词<香蕉>。这是第三轮描述，你之前的描述是这个水果外表光滑，颜色多样，肉质软糯，通常呈黄色或橙红色。它在同类中以其独特的香味和甜度而著称，是热带水果的代表之一。和这个水果通常在成熟时呈现黄色，有时带有绿色条纹。它的形状修长，皮薄易剥，果肉细腻，口感软糯。它含有丰富的钾和维生素，对于补充能量和保持电解质平衡非常有益。，注意，这局游戏的词语分类为<水果>，卧底词和平民词都属于该类，请你补充关于关键词的描述，注意，你的描述应该比起之前的描述更加贴近关键词，作为之前的补充
2024-12-13 16:02:35,347 - 3 - INFO - **********PLAYER3**********
这个水果形状小巧，色泽鲜艳，皮薄肉厚，口感鲜美。它在同类中以其丰富的维生素和微量元素而闻名，尤其富含钾元素，有助于维持心脏健康和肌肉功能。此外，它的甜度适中，既适合直接食用，也适合加工成果汁或果酱。在同类水果中，它的营养价值和口感都是佼佼者。
2024-12-13 16:03:31,648 - 3 - INFO - **********JUDGER**********
玩家1说：这个水果色彩鲜艳，通常呈红色或绿色。它在同类中以其甜美的口感而闻名。这种水果皮薄多汁，适合直接食用。它的果实硬度适中，不易损坏，便于长途携带。这种水果具有清新的香气，适合作为日常零食。它的果实形状规则，大小适中，便于单手握持。玩家2说：这个水果小巧圆润，通常呈黄色或绿色。它在同类中以其脆甜多汁而受到喜爱。这个水果质地紧密，通常呈黄色或绿色。它在同类中以其丰富的营养和健康益处而受到推崇。这个水果形状规整，通常呈黄色或绿色。它在同类中以其脆甜的口感和丰富的营养而受到广泛喜爱。玩家3说：这个水果外表光滑，颜色多样，肉质软糯，通常呈黄色或橙红色。它在同类中以其独特的香味和甜度而著称，是热带水果的代表之一。这个水果通常在成熟时呈现黄色，有时带有绿色条纹。它的形状修长，皮薄易剥，果肉细腻，口感软糯。它含有丰富的钾和维生素，对于补充能量和保持电解质平衡非常有益。这个水果形状小巧，色泽鲜艳，皮薄肉厚，口感鲜美。它在同类中以其丰富的维生素和微量元素而闻名，尤其富含钾元素，有助于维持心脏健康和肌肉功能。此外，它的甜度适中，既适合直接食用，也适合加工成果汁或果酱。在同类水果中，它的营养价值和口感都是佼佼者。玩家4说：这个水果富含水分，通常呈红色、黄色或绿色。它在同类中以其耐储存和便于携带而受到青睐。这个水果小巧，通常呈红色、黄色或绿色，口感清脆爽口。它在同类中以其脆度和水分含量高而受到消费者的喜爱。这个水果的形状规则，大小适中，便于单手握持，且具有清新的香气，适合作为日常零食。||在这个游戏中，我们需要通过分析每位玩家的描述来找出卧底。通常，平民的描述会围绕相同的词语展开，而卧底的描述可能会因为词语的不同而显得不太一致。我们需要仔细比较每个描述之间的相似性和差异性，以找出可能的卧底，注意，卧底并不会隐藏自己，他会直接描述他的词语，现在，逐一分析每个玩家的描述，注意，这局游戏的词语分类为<水果>，卧底词和平民词都属于该类。||之前是第3轮描述和之前轮数描述的合集。你之前认为的卧底是玩家4。
2024-12-13 16:03:32,940 - 3 - INFO - **********PLAYER3**********
4
2024-12-13 16:03:32,941 - 3 - INFO - **********JUDGER**********
你刚刚的分析是4|| `请根据上述分析，比较描述以找出不一致之处，注意，这局游戏的词语分类为<水果>，卧底词和平民词都属于该类。
2024-12-13 16:03:44,901 - 3 - INFO - **********PLAYER3**********
在比较上述描述时，我们可以观察到以下不一致之处：

1. 玩家1的描述中提到水果具有清新的香气，适合作为日常零食，形状规则，大小适中，便于单手握持。这些特征与苹果相符。

2. 玩家2的描述中提到水果小巧圆润，质地紧密，形状规整，这些特征更符合柑橘类水果，如橙子或柚子。

3. 玩家3的描述中提到水果外表光滑，颜色多样，肉质软糯，形状修长，皮薄易剥，果肉细腻，口感软糯，含有丰富的钾和维生素。这些特征与香蕉相符。

4. 玩家4的描述中提到水果富含水分，通常呈红色、黄色或绿色，小巧，口感清脆爽口，形状规则，大小适中，便于单手握持，具有清新的香气。这些特征与樱桃相符。

不一致之处在于，玩家4的描述与其他玩家的描述在水果特征上存在显著差异。玩家1、2和3的描述都指向了具体的水果（苹果、柑橘类水果、香蕉），而玩家4的描述指向了樱桃，这与其他玩家的描述不一致。因此，玩家4的描述与其他玩家的描述不一致，可能是卧底。
2024-12-13 16:03:44,905 - 3 - INFO - **********JUDGER**********
你刚刚的分析是在比较上述描述时，我们可以观察到以下不一致之处：

1. 玩家1的描述中提到水果具有清新的香气，适合作为日常零食，形状规则，大小适中，便于单手握持。这些特征与苹果相符。

2. 玩家2的描述中提到水果小巧圆润，质地紧密，形状规整，这些特征更符合柑橘类水果，如橙子或柚子。

3. 玩家3的描述中提到水果外表光滑，颜色多样，肉质软糯，形状修长，皮薄易剥，果肉细腻，口感软糯，含有丰富的钾和维生素。这些特征与香蕉相符。

4. 玩家4的描述中提到水果富含水分，通常呈红色、黄色或绿色，小巧，口感清脆爽口，形状规则，大小适中，便于单手握持，具有清新的香气。这些特征与樱桃相符。

不一致之处在于，玩家4的描述与其他玩家的描述在水果特征上存在显著差异。玩家1、2和3的描述都指向了具体的水果（苹果、柑橘类水果、香蕉），而玩家4的描述指向了樱桃，这与其他玩家的描述不一致。因此，玩家4的描述与其他玩家的描述不一致，可能是卧底。|| 请通过你分析的不一致之处，推断卧底身份，注意，这局游戏的词语分类为<水果>，卧底词和平民词都属于该类。
2024-12-13 16:03:45,914 - 3 - INFO - **********PLAYER3**********
4
2024-12-13 16:03:45,915 - 3 - INFO - **********JUDGER**********
你刚刚的推断是4|| 基于你刚刚的推断得出你的最终结论，请输出你认为的卧底，在这种情况下只需要输出编号，是1-4中的某个数字，不要输出其他信息。在这个过程不要进行任何推理，只对||以前的部分进行信息提取
2024-12-13 16:03:47,525 - 3 - INFO - **********PLAYER3**********
4
