2024-12-13 15:57:52,019 - 4 - INFO - **********JUDGER**********
让我们来玩一个叫做<谁是卧底>的推理游戏。基本规则：<人数>：4人。<角色分配>：每位玩家随机抽取一个词语，3名玩家拿到的词语是相同的（平民词），1名玩家拿到与之相近但不同的词语（卧底词）。<游戏流程>：1、玩家轮流描述自己的词语，但<不能>直接说出词语本身。2、描述完毕后，投票选出最像卧底的玩家。3、每轮结束后，被投票选出的玩家出局，不能再进行描述或投票。4、每轮投票结束后，如果卧底被成功找出，平民方获胜；如果卧底未被找出且卧底人数等于或超过平民人数，则卧底方获胜。你将扮演一个<玩家>，请等待你被分配到的关键词。如果你听懂了，只回答，"好的，我准备好参加游戏了"，不要输出别的信息
2024-12-13 15:57:52,560 - 4 - INFO - **********PLAYER4**********
好的，我准备好参加游戏了
2024-12-13 15:57:58,223 - 4 - INFO - **********JUDGER**********
玩家1说：这个水果色彩鲜艳，通常呈红色或绿色。它在同类中以其甜美的口感而闻名。玩家2说：这个水果小巧圆润，通常呈黄色或绿色。它在同类中以其脆甜多汁而受到喜爱。玩家3说：这个水果外表光滑，颜色多样，肉质软糯，通常呈黄色或橙红色。它在同类中以其独特的香味和甜度而著称，是热带水果的代表之一。玩家4说：|| 你是第4号玩家，你的关键词是<苹果>。你的回答中绝对不能包含你的关键词<苹果>。这是第一轮描述，不需要分析||之前别的玩家的描述，请你描述关键词基本特征，注意，这局游戏的词语分类为<水果>，卧底词和平民词都属于该类，描述包括以下两点，1.他的基本特征是什么2.他在该类（水果）中最突出不同的特征是什么，尽量简短
2024-12-13 15:58:00,153 - 4 - INFO - **********PLAYER4**********
这个水果富含水分，通常呈红色、黄色或绿色。它在同类中以其耐储存和便于携带而受到青睐。
2024-12-13 15:59:52,619 - 4 - INFO - **********JUDGER**********
玩家1说：这个水果色彩鲜艳，通常呈红色或绿色。它在同类中以其甜美的口感而闻名。玩家2说：这个水果小巧圆润，通常呈黄色或绿色。它在同类中以其脆甜多汁而受到喜爱。玩家3说：这个水果外表光滑，颜色多样，肉质软糯，通常呈黄色或橙红色。它在同类中以其独特的香味和甜度而著称，是热带水果的代表之一。玩家4说：||在这个游戏中，我们需要通过分析每位玩家的描述来找出卧底。通常，平民的描述会围绕相同的词语展开，而卧底的描述可能会因为词语的不同而显得不太一致。我们需要仔细比较每个描述之间的相似性和差异性，以找出可能的卧底，注意，卧底并不会隐藏自己，他会直接描述他的词语，现在，逐一分析每个玩家的描述，注意，这局游戏的词语分类为<水果>，卧底词和平民词都属于该类。这是第一轮描述。
2024-12-13 16:00:03,755 - 4 - INFO - **********PLAYER4**********
好的，根据玩家的描述，我们可以进行以下分析：

玩家1描述的水果色彩鲜艳，呈红色或绿色，口感甜美，这符合草莓或樱桃的特征。

玩家2描述的水果小巧圆润，呈黄色或绿色，脆甜多汁，这很像是橙子的特征。

玩家3描述的水果外表光滑，颜色多样，肉质软糯，呈黄色或橙红色，独特的香味和甜度，是热带水果，这听起来像是芒果的特征。

玩家4没有提供具体的描述，只是提到了游戏规则和需要分析描述来找出卧底。

从描述来看，玩家1、2和3的描述都指向了具体的水果，且彼此之间有相似之处，而玩家4没有提供具体的描述，这可能是一个提示。如果玩家4是卧底，他可能会故意不提供具体的描述来混淆视听。但是，没有更多的信息，我们无法确定谁是卧底。需要更多的描述或者玩家的行为来进一步判断。
2024-12-13 16:00:03,756 - 4 - INFO - **********JUDGER**********
你刚刚的分析是好的，根据玩家的描述，我们可以进行以下分析：

玩家1描述的水果色彩鲜艳，呈红色或绿色，口感甜美，这符合草莓或樱桃的特征。

玩家2描述的水果小巧圆润，呈黄色或绿色，脆甜多汁，这很像是橙子的特征。

玩家3描述的水果外表光滑，颜色多样，肉质软糯，呈黄色或橙红色，独特的香味和甜度，是热带水果，这听起来像是芒果的特征。

玩家4没有提供具体的描述，只是提到了游戏规则和需要分析描述来找出卧底。

从描述来看，玩家1、2和3的描述都指向了具体的水果，且彼此之间有相似之处，而玩家4没有提供具体的描述，这可能是一个提示。如果玩家4是卧底，他可能会故意不提供具体的描述来混淆视听。但是，没有更多的信息，我们无法确定谁是卧底。需要更多的描述或者玩家的行为来进一步判断。|| `请根据上述分析，比较描述以找出不一致之处，注意，这局游戏的词语分类为<水果>，卧底词和平民词都属于该类。
2024-12-13 16:00:22,445 - 4 - INFO - **********PLAYER4**********
根据上述分析，我们可以注意到以下几点不一致之处：

1. 玩家1描述的水果是色彩鲜艳的，通常呈红色或绿色，口感甜美，这指向草莓或樱桃。

2. 玩家2描述的水果小巧圆润，呈黄色或绿色，脆甜多汁，这很像是橙子。

3. 玩家3描述的水果外表光滑，颜色多样，肉质软糯，呈黄色或橙红色，具有独特的香味和甜度，是热带水果，这听起来像是芒果。

4. 玩家4没有提供具体的描述，只是提到了游戏规则和需要分析描述来找出卧底。

不一致之处在于，玩家1、2和3的描述都指向了具体的水果种类，而且这些水果的特征之间有一定的相似性，都强调了颜色、口感和甜度等特征。然而，玩家4的描述非常笼统，没有具体指向任何一种水果，这与其他三位玩家的具体描述形成了鲜明对比。

如果玩家4是卧底，他的描述可能是故意模糊不清，以避免与其他玩家的描述产生直接冲突。这种不具体的描述可能是在试图混淆视听，而不是像平民那样提供具体的水果特征。

因此，玩家4的描述与其他玩家的描述不一致，这可能是一个重要的线索，指向玩家4可能是卧底。
2024-12-13 16:00:22,446 - 4 - INFO - **********JUDGER**********
你刚刚的分析是根据上述分析，我们可以注意到以下几点不一致之处：

1. 玩家1描述的水果是色彩鲜艳的，通常呈红色或绿色，口感甜美，这指向草莓或樱桃。

2. 玩家2描述的水果小巧圆润，呈黄色或绿色，脆甜多汁，这很像是橙子。

3. 玩家3描述的水果外表光滑，颜色多样，肉质软糯，呈黄色或橙红色，具有独特的香味和甜度，是热带水果，这听起来像是芒果。

4. 玩家4没有提供具体的描述，只是提到了游戏规则和需要分析描述来找出卧底。

不一致之处在于，玩家1、2和3的描述都指向了具体的水果种类，而且这些水果的特征之间有一定的相似性，都强调了颜色、口感和甜度等特征。然而，玩家4的描述非常笼统，没有具体指向任何一种水果，这与其他三位玩家的具体描述形成了鲜明对比。

如果玩家4是卧底，他的描述可能是故意模糊不清，以避免与其他玩家的描述产生直接冲突。这种不具体的描述可能是在试图混淆视听，而不是像平民那样提供具体的水果特征。

因此，玩家4的描述与其他玩家的描述不一致，这可能是一个重要的线索，指向玩家4可能是卧底。|| 请通过你分析的不一致之处，推断卧底身份，注意，这局游戏的词语分类为<水果>，卧底词和平民词都属于该类。
2024-12-13 16:00:42,296 - 4 - INFO - **********PLAYER4**********
基于上述分析，我们可以推断以下可能性：

1. 玩家1的描述指向草莓或樱桃，这两种水果都是色彩鲜艳，口感甜美的。

2. 玩家2的描述指向橙子，橙子是小巧圆润，呈黄色或绿色，脆甜多汁的水果。

3. 玩家3的描述指向芒果，芒果外表光滑，颜色多样，肉质软糯，呈黄色或橙红色，具有独特的香味和甜度，且是热带水果。

4. 玩家4的描述没有提供具体的水果特征，只是提到了游戏规则和描述分析的重要性。

由于玩家1、2和3的描述都指向了具体的水果种类，且这些水果的特征有明显的相似性，它们都属于常见的水果，且在描述中强调了色彩、口感和甜度等特征。而玩家4的描述缺乏具体性，没有指向任何特定的水果，这与其他玩家的描述形成了对比。

考虑到游戏规则中卧底词和平民词都属于同一类（水果），且卧底通常会试图通过不具体的描述来隐藏自己的真实身份，玩家4的不具体描述可能是在暗示他可能是卧底。因此，根据描述的不一致性和游戏规则，我们可以推断玩家4可能是卧底。然而，没有确凿的证据，这个推断仍然基于描述上的差异，最终需要通过投票来确认。
2024-12-13 16:00:42,298 - 4 - INFO - **********JUDGER**********
你刚刚的推断是基于上述分析，我们可以推断以下可能性：

1. 玩家1的描述指向草莓或樱桃，这两种水果都是色彩鲜艳，口感甜美的。

2. 玩家2的描述指向橙子，橙子是小巧圆润，呈黄色或绿色，脆甜多汁的水果。

3. 玩家3的描述指向芒果，芒果外表光滑，颜色多样，肉质软糯，呈黄色或橙红色，具有独特的香味和甜度，且是热带水果。

4. 玩家4的描述没有提供具体的水果特征，只是提到了游戏规则和描述分析的重要性。

由于玩家1、2和3的描述都指向了具体的水果种类，且这些水果的特征有明显的相似性，它们都属于常见的水果，且在描述中强调了色彩、口感和甜度等特征。而玩家4的描述缺乏具体性，没有指向任何特定的水果，这与其他玩家的描述形成了对比。

考虑到游戏规则中卧底词和平民词都属于同一类（水果），且卧底通常会试图通过不具体的描述来隐藏自己的真实身份，玩家4的不具体描述可能是在暗示他可能是卧底。因此，根据描述的不一致性和游戏规则，我们可以推断玩家4可能是卧底。然而，没有确凿的证据，这个推断仍然基于描述上的差异，最终需要通过投票来确认。|| 基于你刚刚的推断得出你的最终结论，请输出你认为的卧底，在这种情况下只需要输出编号，是1-4中的某个数字，不要输出其他信息。在这个过程不要进行任何推理，只对||以前的部分进行信息提取
2024-12-13 16:00:42,948 - 4 - INFO - **********PLAYER4**********
4
2024-12-13 16:00:50,297 - 4 - INFO - **********JUDGER**********
玩家1说：这个水果色彩鲜艳，通常呈红色或绿色。它在同类中以其甜美的口感而闻名。这种水果皮薄多汁，适合直接食用。它的果实硬度适中，不易损坏，便于长途携带。玩家2说：这个水果小巧圆润，通常呈黄色或绿色。它在同类中以其脆甜多汁而受到喜爱。这个水果质地紧密，通常呈黄色或绿色。它在同类中以其丰富的营养和健康益处而受到推崇。玩家3说：这个水果外表光滑，颜色多样，肉质软糯，通常呈黄色或橙红色。它在同类中以其独特的香味和甜度而著称，是热带水果的代表之一。这个水果通常在成熟时呈现黄色，有时带有绿色条纹。它的形状修长，皮薄易剥，果肉细腻，口感软糯。它含有丰富的钾和维生素，对于补充能量和保持电解质平衡非常有益。玩家4说：这个水果富含水分，通常呈红色、黄色或绿色。它在同类中以其耐储存和便于携带而受到青睐。你是第4号玩家，你的关键词是<苹果>。你的回答中绝对不能包含你的关键词<苹果>。这是第二轮描述，你之前的描述是这个水果富含水分，通常呈红色、黄色或绿色。它在同类中以其耐储存和便于携带而受到青睐。，注意，这局游戏的词语分类为<水果>，卧底词和平民词都属于该类，请你补充关于关键词的描述，注意，你的描述应该比起之前的描述更加贴近关键词，作为之前的补充
2024-12-13 16:00:52,613 - 4 - INFO - **********PLAYER4**********
这个水果小巧，通常呈红色、黄色或绿色，口感清脆爽口。它在同类中以其脆度和水分含量高而受到消费者的喜爱。
2024-12-13 16:01:58,962 - 4 - INFO - **********JUDGER**********
玩家1说：这个水果色彩鲜艳，通常呈红色或绿色。它在同类中以其甜美的口感而闻名。这种水果皮薄多汁，适合直接食用。它的果实硬度适中，不易损坏，便于长途携带。玩家2说：这个水果小巧圆润，通常呈黄色或绿色。它在同类中以其脆甜多汁而受到喜爱。这个水果质地紧密，通常呈黄色或绿色。它在同类中以其丰富的营养和健康益处而受到推崇。玩家3说：这个水果外表光滑，颜色多样，肉质软糯，通常呈黄色或橙红色。它在同类中以其独特的香味和甜度而著称，是热带水果的代表之一。这个水果通常在成熟时呈现黄色，有时带有绿色条纹。它的形状修长，皮薄易剥，果肉细腻，口感软糯。它含有丰富的钾和维生素，对于补充能量和保持电解质平衡非常有益。玩家4说：这个水果富含水分，通常呈红色、黄色或绿色。它在同类中以其耐储存和便于携带而受到青睐。||在这个游戏中，我们需要通过分析每位玩家的描述来找出卧底。通常，平民的描述会围绕相同的词语展开，而卧底的描述可能会因为词语的不同而显得不太一致。我们需要仔细比较每个描述之间的相似性和差异性，以找出可能的卧底，注意，卧底并不会隐藏自己，他会直接描述他的词语，现在，逐一分析每个玩家的描述，注意，这局游戏的词语分类为<水果>，卧底词和平民词都属于该类。||之前是第2轮描述和之前轮数描述的合集。你之前认为的卧底是玩家4。
2024-12-13 16:02:10,045 - 4 - INFO - **********PLAYER4**********
根据第二轮描述和之前的分析，我的初步判断依然是玩家4可能是卧底。以下是详细的分析：

1. 玩家1的描述指向草莓或樱桃，这些水果通常色彩鲜艳，口感甜美，皮薄多汁，适合直接食用，且果实硬度适中，便于携带。

2. 玩家2的描述指向橙子，描述了其小巧圆润的外形，脆甜多汁的口感，以及丰富的营养和健康益处。

3. 玩家3的描述指向芒果，强调了其外表光滑，颜色多样，肉质软糯，香味独特，富含钾和维生素，形状修长，皮薄易剥，果肉细腻，口感软糯。

4. 玩家4的描述虽然提到水果富含水分，通常呈红色、黄色或绿色，耐储存和便于携带，但没有具体指向某种水果的特征，这与其他玩家的具体描述形成了对比。

虽然玩家4的描述在第一轮时没有提供具体的水果特征，但在第二轮中，他的描述依然缺乏具体的细节，这与玩家1、2和3的详细描述形成了鲜明对比。玩家4的描述没有提到水果的口感、质地、形状或其他具体特征，这可能是他在试图隐藏自己的真实身份。

因此，基于描述的不一致性和缺乏具体特征，我仍然认为玩家4可能是卧底。然而，最终需要通过投票来确定。
2024-12-13 16:02:10,047 - 4 - INFO - **********JUDGER**********
你刚刚的分析是根据第二轮描述和之前的分析，我的初步判断依然是玩家4可能是卧底。以下是详细的分析：

1. 玩家1的描述指向草莓或樱桃，这些水果通常色彩鲜艳，口感甜美，皮薄多汁，适合直接食用，且果实硬度适中，便于携带。

2. 玩家2的描述指向橙子，描述了其小巧圆润的外形，脆甜多汁的口感，以及丰富的营养和健康益处。

3. 玩家3的描述指向芒果，强调了其外表光滑，颜色多样，肉质软糯，香味独特，富含钾和维生素，形状修长，皮薄易剥，果肉细腻，口感软糯。

4. 玩家4的描述虽然提到水果富含水分，通常呈红色、黄色或绿色，耐储存和便于携带，但没有具体指向某种水果的特征，这与其他玩家的具体描述形成了对比。

虽然玩家4的描述在第一轮时没有提供具体的水果特征，但在第二轮中，他的描述依然缺乏具体的细节，这与玩家1、2和3的详细描述形成了鲜明对比。玩家4的描述没有提到水果的口感、质地、形状或其他具体特征，这可能是他在试图隐藏自己的真实身份。

因此，基于描述的不一致性和缺乏具体特征，我仍然认为玩家4可能是卧底。然而，最终需要通过投票来确定。|| `请根据上述分析，比较描述以找出不一致之处，注意，这局游戏的词语分类为<水果>，卧底词和平民词都属于该类。
2024-12-13 16:02:19,375 - 4 - INFO - **********PLAYER4**********
根据上述分析，以下是不一致之处：

1. 玩家1、2和3的描述都提供了关于水果的具体特征，如色彩、口感、质地、形状、营养价值和健康益处等。

2. 玩家4的描述虽然提到了水果的颜色（红色、黄色或绿色）、水分含量、耐储存性和便于携带的特点，但没有提及任何关于口感、质地、形状或营养价值的具体信息。

3. 玩家1、2和3的描述都指向了特定的水果种类（草莓/樱桃、橙子、芒果），而玩家4的描述没有明确指向任何单一的水果。

这些不一致之处表明玩家4的描述与其他玩家的描述在细节和具体性上存在差异，这可能是卧底特征的一个线索。在游戏规则中，卧底词和平民词都属于同一类（水果），但卧底的描述可能会因为词语的不同而显得不太一致。因此，玩家4的描述可能与卧底的身份相符。
2024-12-13 16:02:19,377 - 4 - INFO - **********JUDGER**********
你刚刚的分析是根据上述分析，以下是不一致之处：

1. 玩家1、2和3的描述都提供了关于水果的具体特征，如色彩、口感、质地、形状、营养价值和健康益处等。

2. 玩家4的描述虽然提到了水果的颜色（红色、黄色或绿色）、水分含量、耐储存性和便于携带的特点，但没有提及任何关于口感、质地、形状或营养价值的具体信息。

3. 玩家1、2和3的描述都指向了特定的水果种类（草莓/樱桃、橙子、芒果），而玩家4的描述没有明确指向任何单一的水果。

这些不一致之处表明玩家4的描述与其他玩家的描述在细节和具体性上存在差异，这可能是卧底特征的一个线索。在游戏规则中，卧底词和平民词都属于同一类（水果），但卧底的描述可能会因为词语的不同而显得不太一致。因此，玩家4的描述可能与卧底的身份相符。|| 请通过你分析的不一致之处，推断卧底身份，注意，这局游戏的词语分类为<水果>，卧底词和平民词都属于该类。
2024-12-13 16:02:23,691 - 4 - INFO - **********PLAYER4**********
根据分析的不一致之处，结合游戏规则和词语分类为<水果>，我推断玩家4可能是卧底。他的描述缺乏关于水果口感、质地、形状和营养价值的具体信息，且没有明确指向任何单一的水果种类，这与玩家1、2和3的具体描述形成了对比。在《谁是卧底》游戏中，这种描述上的不一致性往往是卧底的特征。因此，根据这些线索，玩家4可能是卧底。
2024-12-13 16:02:23,692 - 4 - INFO - **********JUDGER**********
你刚刚的推断是根据分析的不一致之处，结合游戏规则和词语分类为<水果>，我推断玩家4可能是卧底。他的描述缺乏关于水果口感、质地、形状和营养价值的具体信息，且没有明确指向任何单一的水果种类，这与玩家1、2和3的具体描述形成了对比。在《谁是卧底》游戏中，这种描述上的不一致性往往是卧底的特征。因此，根据这些线索，玩家4可能是卧底。|| 基于你刚刚的推断得出你的最终结论，请输出你认为的卧底，在这种情况下只需要输出编号，是1-4中的某个数字，不要输出其他信息。在这个过程不要进行任何推理，只对||以前的部分进行信息提取
2024-12-13 16:02:24,658 - 4 - INFO - **********PLAYER4**********
4
2024-12-13 16:02:35,349 - 4 - INFO - **********JUDGER**********
玩家1说：这个水果色彩鲜艳，通常呈红色或绿色。它在同类中以其甜美的口感而闻名。这种水果皮薄多汁，适合直接食用。它的果实硬度适中，不易损坏，便于长途携带。这种水果具有清新的香气，适合作为日常零食。它的果实形状规则，大小适中，便于单手握持。玩家2说：这个水果小巧圆润，通常呈黄色或绿色。它在同类中以其脆甜多汁而受到喜爱。这个水果质地紧密，通常呈黄色或绿色。它在同类中以其丰富的营养和健康益处而受到推崇。这个水果形状规整，通常呈黄色或绿色。它在同类中以其脆甜的口感和丰富的营养而受到广泛喜爱。玩家3说：这个水果外表光滑，颜色多样，肉质软糯，通常呈黄色或橙红色。它在同类中以其独特的香味和甜度而著称，是热带水果的代表之一。这个水果通常在成熟时呈现黄色，有时带有绿色条纹。它的形状修长，皮薄易剥，果肉细腻，口感软糯。它含有丰富的钾和维生素，对于补充能量和保持电解质平衡非常有益。这个水果形状小巧，色泽鲜艳，皮薄肉厚，口感鲜美。它在同类中以其丰富的维生素和微量元素而闻名，尤其富含钾元素，有助于维持心脏健康和肌肉功能。此外，它的甜度适中，既适合直接食用，也适合加工成果汁或果酱。在同类水果中，它的营养价值和口感都是佼佼者。玩家4说：这个水果富含水分，通常呈红色、黄色或绿色。它在同类中以其耐储存和便于携带而受到青睐。这个水果小巧，通常呈红色、黄色或绿色，口感清脆爽口。它在同类中以其脆度和水分含量高而受到消费者的喜爱。你是第4号玩家，你的关键词是<苹果>。你的回答中绝对不能包含你的关键词<苹果>。这是第三轮描述，你之前的描述是这个水果富含水分，通常呈红色、黄色或绿色。它在同类中以其耐储存和便于携带而受到青睐。和这个水果小巧，通常呈红色、黄色或绿色，口感清脆爽口。它在同类中以其脆度和水分含量高而受到消费者的喜爱。，注意，这局游戏的词语分类为<水果>，卧底词和平民词都属于该类，请你补充关于关键词的描述，注意，你的描述应该比起之前的描述更加贴近关键词，作为之前的补充
2024-12-13 16:02:37,879 - 4 - INFO - **********PLAYER4**********
这个水果的形状规则，大小适中，便于单手握持，且具有清新的香气，适合作为日常零食。
2024-12-13 16:03:47,526 - 4 - INFO - **********JUDGER**********
玩家1说：这个水果色彩鲜艳，通常呈红色或绿色。它在同类中以其甜美的口感而闻名。这种水果皮薄多汁，适合直接食用。它的果实硬度适中，不易损坏，便于长途携带。这种水果具有清新的香气，适合作为日常零食。它的果实形状规则，大小适中，便于单手握持。玩家2说：这个水果小巧圆润，通常呈黄色或绿色。它在同类中以其脆甜多汁而受到喜爱。这个水果质地紧密，通常呈黄色或绿色。它在同类中以其丰富的营养和健康益处而受到推崇。这个水果形状规整，通常呈黄色或绿色。它在同类中以其脆甜的口感和丰富的营养而受到广泛喜爱。玩家3说：这个水果外表光滑，颜色多样，肉质软糯，通常呈黄色或橙红色。它在同类中以其独特的香味和甜度而著称，是热带水果的代表之一。这个水果通常在成熟时呈现黄色，有时带有绿色条纹。它的形状修长，皮薄易剥，果肉细腻，口感软糯。它含有丰富的钾和维生素，对于补充能量和保持电解质平衡非常有益。这个水果形状小巧，色泽鲜艳，皮薄肉厚，口感鲜美。它在同类中以其丰富的维生素和微量元素而闻名，尤其富含钾元素，有助于维持心脏健康和肌肉功能。此外，它的甜度适中，既适合直接食用，也适合加工成果汁或果酱。在同类水果中，它的营养价值和口感都是佼佼者。玩家4说：这个水果富含水分，通常呈红色、黄色或绿色。它在同类中以其耐储存和便于携带而受到青睐。这个水果小巧，通常呈红色、黄色或绿色，口感清脆爽口。它在同类中以其脆度和水分含量高而受到消费者的喜爱。这个水果的形状规则，大小适中，便于单手握持，且具有清新的香气，适合作为日常零食。||在这个游戏中，我们需要通过分析每位玩家的描述来找出卧底。通常，平民的描述会围绕相同的词语展开，而卧底的描述可能会因为词语的不同而显得不太一致。我们需要仔细比较每个描述之间的相似性和差异性，以找出可能的卧底，注意，卧底并不会隐藏自己，他会直接描述他的词语，现在，逐一分析每个玩家的描述，注意，这局游戏的词语分类为<水果>，卧底词和平民词都属于该类。||之前是第3轮描述和之前轮数描述的合集。你之前认为的卧底是玩家4。
2024-12-13 16:04:02,907 - 4 - INFO - **********PLAYER4**********
根据第三轮描述和之前的分析，以下是我的分析：

1. 玩家1的描述指向了色彩鲜艳、甜美的水果，如草莓或樱桃，强调了其适合直接食用、耐携带和适中的硬度。

2. 玩家2的描述指向了小巧圆润、脆甜多汁的水果，如橙子，并提到了其丰富的营养和健康益处。

3. 玩家3的描述指向了外表光滑、肉质软糯、具有独特香味和甜度的热带水果，如芒果，并提到了其营养价值和健康益处。

4. 玩家4的描述提到了富含水分、小巧、清脆爽口的水果，形状规则，大小适中，便于单手握持，具有清新的香气，适合作为日常零食。

从描述的相似性和差异性来看，玩家1、2和3的描述都指向了具体的水果种类，并且这些描述之间有相似之处，如对水果的颜色、口感、形状和营养价值的描述。玩家4的描述虽然也提到了水果的颜色、口感和形状，但没有像其他玩家那样提供关于水果具体种类的详细信息，而是更多地强调了水果的通用特性，如耐储存、便于携带和适合作为零食。

基于这些分析，玩家4的描述与其他玩家的描述存在一定的差异，这可能是一个提示，指向玩家4可能是卧底。然而，没有确凿的证据，这个推断仍然基于描述上的差异，最终需要通过投票来确认。因此，我仍然认为玩家4可能是卧底。
2024-12-13 16:04:02,910 - 4 - INFO - **********JUDGER**********
你刚刚的分析是根据第三轮描述和之前的分析，以下是我的分析：

1. 玩家1的描述指向了色彩鲜艳、甜美的水果，如草莓或樱桃，强调了其适合直接食用、耐携带和适中的硬度。

2. 玩家2的描述指向了小巧圆润、脆甜多汁的水果，如橙子，并提到了其丰富的营养和健康益处。

3. 玩家3的描述指向了外表光滑、肉质软糯、具有独特香味和甜度的热带水果，如芒果，并提到了其营养价值和健康益处。

4. 玩家4的描述提到了富含水分、小巧、清脆爽口的水果，形状规则，大小适中，便于单手握持，具有清新的香气，适合作为日常零食。

从描述的相似性和差异性来看，玩家1、2和3的描述都指向了具体的水果种类，并且这些描述之间有相似之处，如对水果的颜色、口感、形状和营养价值的描述。玩家4的描述虽然也提到了水果的颜色、口感和形状，但没有像其他玩家那样提供关于水果具体种类的详细信息，而是更多地强调了水果的通用特性，如耐储存、便于携带和适合作为零食。

基于这些分析，玩家4的描述与其他玩家的描述存在一定的差异，这可能是一个提示，指向玩家4可能是卧底。然而，没有确凿的证据，这个推断仍然基于描述上的差异，最终需要通过投票来确认。因此，我仍然认为玩家4可能是卧底。|| `请根据上述分析，比较描述以找出不一致之处，注意，这局游戏的词语分类为<水果>，卧底词和平民词都属于该类。
2024-12-13 16:04:10,574 - 4 - INFO - **********PLAYER4**********
根据上述分析，不一致之处主要体现在以下几个方面：

1. 玩家1、2和3的描述都具体指向了某种或某类水果，如草莓/樱桃、橙子、芒果，并详细描述了这些水果的特征，包括颜色、口感、形状、营养价值和健康益处。

2. 玩家4的描述虽然也提到了水果的颜色、口感、形状和香气，但没有明确指向任何特定的水果种类。相反，玩家4的描述更多地强调了水果的通用特性，如耐储存、便于携带、适合作为零食等。

3. 玩家1、2和3的描述中包含了对水果具体特征的详细描述，而玩家4的描述则显得较为笼统，没有提供关于水果质地、营养或健康益处的具体信息。

这些不一致之处表明玩家4的描述在具体性和指向性上与其他玩家的描述有所不同，这可能是卧底特征的一个线索。在《谁是卧底》游戏中，这种描述上的不一致性往往提示玩家可能持有不同的词语。
2024-12-13 16:04:10,576 - 4 - INFO - **********JUDGER**********
你刚刚的分析是根据上述分析，不一致之处主要体现在以下几个方面：

1. 玩家1、2和3的描述都具体指向了某种或某类水果，如草莓/樱桃、橙子、芒果，并详细描述了这些水果的特征，包括颜色、口感、形状、营养价值和健康益处。

2. 玩家4的描述虽然也提到了水果的颜色、口感、形状和香气，但没有明确指向任何特定的水果种类。相反，玩家4的描述更多地强调了水果的通用特性，如耐储存、便于携带、适合作为零食等。

3. 玩家1、2和3的描述中包含了对水果具体特征的详细描述，而玩家4的描述则显得较为笼统，没有提供关于水果质地、营养或健康益处的具体信息。

这些不一致之处表明玩家4的描述在具体性和指向性上与其他玩家的描述有所不同，这可能是卧底特征的一个线索。在《谁是卧底》游戏中，这种描述上的不一致性往往提示玩家可能持有不同的词语。|| 请通过你分析的不一致之处，推断卧底身份，注意，这局游戏的词语分类为<水果>，卧底词和平民词都属于该类。
2024-12-13 16:04:11,782 - 4 - INFO - **********PLAYER4**********
4
2024-12-13 16:04:11,783 - 4 - INFO - **********JUDGER**********
你刚刚的推断是4|| 基于你刚刚的推断得出你的最终结论，请输出你认为的卧底，在这种情况下只需要输出编号，是1-4中的某个数字，不要输出其他信息。在这个过程不要进行任何推理，只对||以前的部分进行信息提取
2024-12-13 16:04:13,144 - 4 - INFO - **********PLAYER4**********
4
2024-12-13 16:04:13,145 - 4 - INFO - **********JUDGER**********
你认为卧底是你自己。你现在需要随便选一个人投票。请输出一个数字，是1-4中的某个数字，但这个数字不能是4，不要输出其他信息。
2024-12-13 16:04:14,244 - 4 - INFO - **********PLAYER4**********
1
