2024-11-15 14:58:40,756 - 1 - INFO - **********JUDGER**********
让我们来玩一个叫做<谁是卧底>的推理游戏。基本规则：<人数>：4人。<角色分配>：每位玩家随机抽取一个词语，3名玩家拿到的词语是相同的（平民词），1名玩家拿到与之相近但不同的词语（卧底词）。<游戏流程>：1、玩家轮流描述自己的词语，但<不能>直接说出词语本身。2、描述完毕后，投票选出最像卧底的玩家。3、每轮结束后，被投票选出的玩家出局，不能再进行描述或投票。4、每轮投票结束后，如果卧底被成功找出，平民方获胜；如果卧底未被找出且卧底人数等于或超过平民人数，则卧底方获胜。你将扮演一个<玩家>，请等待你被分配到的关键词。
2024-11-15 14:58:46,883 - 1 - INFO - **********PLAYER1**********
关键词已分配给你：**水果**

现在你可以开始游戏了。请记住，你的目标是避免被其他玩家投票出局，同时帮助你的同伴找出卧底。你可以开始描述你的词语，但不要直接说出“水果”，而是用其他方式来描述它。例如：“这是一个常见的食物，可以生吃也可以烹饪，很多种颜色和形状。”轮到你描述后，其他玩家将根据你的描述进行投票。祝你好运！
2024-11-15 14:58:57,479 - 1 - INFO - **********JUDGER**********
你是第1号玩家。你分配到的关键词是：<班主任>。请开始描述。
2024-11-15 14:59:00,161 - 1 - INFO - **********PLAYER1**********
作为第1号玩家，我描述我的关键词“班主任”：

“他/她通常在学校里负责管理班级纪律，是学生和老师之间的沟通桥梁。他们每天都会批改作业，关心学生的学习和生活，有时候还会组织一些课外活动。在我们的记忆中，他们可能是严肃的，也可能是慈祥的。”
2024-11-15 14:59:00,161 - 1 - INFO - **********JUDGER**********
不能直接说出词语本身，请重新描述。
2024-11-15 14:59:02,484 - 1 - INFO - **********PLAYER1**********
抱歉，让我重新描述：

“这个角色在校园中扮演着重要的管理角色，他们负责维持秩序，同时也是老师和同学们信赖的顾问。他们经常穿着制服，每天忙碌于教室和办公室之间，是连接学生和学校领导层的纽带。”
2024-11-15 14:59:36,653 - 1 - INFO - **********JUDGER**********
玩家1说：抱歉，让我重新描述：

“这个角色在校园中扮演着重要的管理角色，他们负责维持秩序，同时也是老师和同学们信赖的顾问。他们经常穿着制服，每天忙碌于教室和办公室之间，是连接学生和学校领导层的纽带。”玩家2说：了解了，我会再次尝试避免直接提及关键词。我的描述如下：

“在学校里，有一群人，他们承担着管理学生日常活动的重要职责。他们通常穿着统一的服装，活跃在教室和办公室之间。他们是学生学习和生活的重要指导者，不仅传授知识，还关心学生的成长和心理健康。他们还是学校与家庭之间沟通的桥梁，对学生的全面发展有着深远的影响。”玩家3说：当然，我会重新描述：

“在校园的角落里，有那样一群人，他们总是耐心倾听，细心指导。他们不在讲台上授课，却时常在办公室里为学生排忧解难。他们既是学生的心灵导师，也是学校决策的参与者。他们用自己的知识和经验，为学生提供方向，他们的存在对学生的发展至关重要，但却往往不被人注意。”玩家4说：当然，我会重新描述：

“在学校里，有这样一个角色，他们承担着管理和指导的双重职责。他们经常穿梭于教室和办公室，对学生的学习和生活都有着密切的关怀。他们不仅是学生眼中的权威，也是家校沟通的桥梁。他们的存在，就像是校园中不可或缺的指南针，引导学生们在知识的海洋中航行。”请投票,只输出数字。
2024-11-15 14:59:37,643 - 1 - INFO - **********PLAYER1**********
1
