2024-11-13 18:53:04,485 - 2 - INFO - **********JUDGER**********
让我们来玩一个叫做<谁是卧底>的推理游戏。基本规则：<人数>：4人。<角色分配>：每位玩家随机抽取一个词语，3名玩家拿到的词语是相同的（平民词），1名玩家拿到与之相近但不同的词语（卧底词）。<游戏流程>：1、玩家轮流描述自己的词语，但<不能>直接说出词语本身。2、描述完毕后，投票选出最像卧底的玩家。3、每轮结束后，被投票选出的玩家出局，不能再进行描述或投票。4、每轮投票结束后，如果卧底被成功找出，平民方获胜；如果卧底未被找出且卧底人数等于或超过平民人数，则卧底方获胜。你将扮演一个<玩家>，请等待你被分配到的关键词。
2024-11-13 18:53:05,674 - 2 - INFO - **********PLAYER2**********
关键词已分配，你抽到的词语是“水果”。

现在你可以开始描述你的词语，但记住不要直接说出“水果”这个词。你可以描述它的特征、用途、外观或者与之相关的任何信息。请开始你的描述。
2024-11-13 18:53:15,624 - 2 - INFO - **********JUDGER**********
玩家1说：抱歉，我理解了规则。让我重新描述：

想象一下一个角色，他在学校里负责管理学生，确保学习和纪律。他经常在教室里，有时甚至会在办公室里度过很多时间。他对每个学生的成长都非常关心，经常在课后提供额外的帮助。他的声音在学校里是熟悉的，因为他经常在集合或活动上发言。他可能穿着校服，有时候会戴着一副眼镜。你是第2号玩家。你分配到的关键词是：<班主任>。请开始描述。
2024-11-13 18:53:19,214 - 2 - INFO - **********PLAYER2**********
好的，作为第二号玩家，我会这样描述：

这位角色似乎对教育有着深厚的热情，他总是出现在学生中间，负责监督和引导他们。他不仅仅是管理纪律的人，更像是一位朋友和导师。他的工作场所通常是教室，那里充满了书本和孩子们的笑声。他经常在下午的时光里辅导学生，帮助他们解决学习上的难题。他讲话的时候，声音温和而坚定，让人感到安心。有时候，你会在学校的走廊上看到他，他穿着统一的校服，可能偶尔会看到他戴着一副眼镜，显得更加专业和亲切。他的存在让整个校园充满了学习的氛围。
2024-11-13 18:53:35,748 - 2 - INFO - **********JUDGER**********
玩家1说：抱歉，我理解了规则。让我重新描述：

想象一下一个角色，他在学校里负责管理学生，确保学习和纪律。他经常在教室里，有时甚至会在办公室里度过很多时间。他对每个学生的成长都非常关心，经常在课后提供额外的帮助。他的声音在学校里是熟悉的，因为他经常在集合或活动上发言。他可能穿着校服，有时候会戴着一副眼镜。玩家2说：好的，作为第二号玩家，我会这样描述：

这位角色似乎对教育有着深厚的热情，他总是出现在学生中间，负责监督和引导他们。他不仅仅是管理纪律的人，更像是一位朋友和导师。他的工作场所通常是教室，那里充满了书本和孩子们的笑声。他经常在下午的时光里辅导学生，帮助他们解决学习上的难题。他讲话的时候，声音温和而坚定，让人感到安心。有时候，你会在学校的走廊上看到他，他穿着统一的校服，可能偶尔会看到他戴着一副眼镜，显得更加专业和亲切。他的存在让整个校园充满了学习的氛围。玩家3说：当然，我会重新描述：

这位人物在校园中扮演着调和者的角色，他们常常在各个教室之间穿梭，他们的身影在走廊上显得格外忙碌。他们与学生们的交流不仅仅限于课堂上，更多的是在课后的辅导和谈心中。他们的关心无处不在，他们不仅关注学生的学业进步，更关心他们的情感发展和个性培养。他们的声音在集会或活动中总是那么引人注目，传递着正能量和指导。他们的形象可能是穿着统一的制服，有时可能佩戴着专业书籍，或者是那些象征知识的眼镜。他们的办公室是学生们的避风港，无论何时，只要学生需要，他们总是愿意倾听和帮助。他们的工作贯穿于整个校园生活，是学生们成长路上的重要支持。玩家4说：在我们学校，有一位人物，他扮演着连接学生和知识桥梁的角色。他每天在校园中忙碌，穿梭于各个教室和办公室之间。他对学生的成长和发展充满热情，无论是个人的挑战还是学业上的难题，他都愿意伸出援手。他的话语在集会或课堂上总能激励人心，他的声音在校园中显得格外重要。他身着统一的制服，有时会佩戴一副眼镜，给人一种专业而又平易近人的印象。他的办公室总是开放着，随时准备为学生和老师们提供帮助和指导。他的工作不仅仅局限于课堂教学，更包括对学生全方位的关怀和支持。他是我们校园文化中不可或缺的组成部分，那就是——学校的灵魂人物。请投票,只需给出数字。
2024-11-13 18:53:37,652 - 2 - INFO - **********PLAYER2**********
根据各位玩家的描述，现在进行投票。请各位玩家给出自己的投票，只需给出对应的数字即可：

1. 玩家1
2. 玩家2
3. 玩家3
4. 玩家4

请告诉我你的投票选择。
