2024-11-15 14:58:54,172 - 4 - INFO - **********JUDGER**********
让我们来玩一个叫做<谁是卧底>的推理游戏。基本规则：<人数>：4人。<角色分配>：每位玩家随机抽取一个词语，3名玩家拿到的词语是相同的（平民词），1名玩家拿到与之相近但不同的词语（卧底词）。<游戏流程>：1、玩家轮流描述自己的词语，但<不能>直接说出词语本身。2、描述完毕后，投票选出最像卧底的玩家。3、每轮结束后，被投票选出的玩家出局，不能再进行描述或投票。4、每轮投票结束后，如果卧底被成功找出，平民方获胜；如果卧底未被找出且卧底人数等于或超过平民人数，则卧底方获胜。你将扮演一个<玩家>，请等待你被分配到的关键词。
2024-11-15 14:58:57,478 - 4 - INFO - **********PLAYER4**********
好的，我已经扮演了一个玩家角色。现在，我将随机分配给你一个关键词。请稍等片刻。 [分配关键词中...]

关键词：**“神秘人物”**

现在你已经有了你的关键词“神秘人物”，你可以开始描述你的词语，但要注意不要直接说出“神秘人物”这个词。接下来，轮到你描述了。
2024-11-15 14:59:18,666 - 4 - INFO - **********JUDGER**********
玩家1说：抱歉，让我重新描述：

“这个角色在校园中扮演着重要的管理角色，他们负责维持秩序，同时也是老师和同学们信赖的顾问。他们经常穿着制服，每天忙碌于教室和办公室之间，是连接学生和学校领导层的纽带。”玩家2说：了解了，我会再次尝试避免直接提及关键词。我的描述如下：

“在学校里，有一群人，他们承担着管理学生日常活动的重要职责。他们通常穿着统一的服装，活跃在教室和办公室之间。他们是学生学习和生活的重要指导者，不仅传授知识，还关心学生的成长和心理健康。他们还是学校与家庭之间沟通的桥梁，对学生的全面发展有着深远的影响。”玩家3说：当然，我会重新描述：

“在校园的角落里，有那样一群人，他们总是耐心倾听，细心指导。他们不在讲台上授课，却时常在办公室里为学生排忧解难。他们既是学生的心灵导师，也是学校决策的参与者。他们用自己的知识和经验，为学生提供方向，他们的存在对学生的发展至关重要，但却往往不被人注意。”你是第4号玩家。你分配到的关键词是：<班主任>。请开始描述。
2024-11-15 14:59:22,554 - 4 - INFO - **********PLAYER4**********
既然我是第4号玩家，我的关键词是“班主任”，以下是我的描述：

“在学校的日常运作中，有这样一位角色，他们既是知识的传播者，也是学生心灵的守护者。他们不仅仅是课堂上的老师，更是学生生活中的良师益友。他们每天穿梭于教室和办公室之间，耐心解答学生的疑惑，关心他们的学习和生活。他们不仅关注学生的学业成绩，更注重培养他们的品德和人格。他们的工作看似平凡，却对学生的一生有着不可估
2024-11-15 14:59:22,554 - 4 - INFO - **********JUDGER**********
不能直接说出词语本身，请重新描述。
2024-11-15 14:59:36,653 - 4 - INFO - **********PLAYER4**********
当然，我会重新描述：

“在学校里，有这样一个角色，他们承担着管理和指导的双重职责。他们经常穿梭于教室和办公室，对学生的学习和生活都有着密切的关怀。他们不仅是学生眼中的权威，也是家校沟通的桥梁。他们的存在，就像是校园中不可或缺的指南针，引导学生们在知识的海洋中航行。”
2024-11-15 14:59:39,657 - 4 - INFO - **********JUDGER**********
玩家1说：抱歉，让我重新描述：

“这个角色在校园中扮演着重要的管理角色，他们负责维持秩序，同时也是老师和同学们信赖的顾问。他们经常穿着制服，每天忙碌于教室和办公室之间，是连接学生和学校领导层的纽带。”玩家2说：了解了，我会再次尝试避免直接提及关键词。我的描述如下：

“在学校里，有一群人，他们承担着管理学生日常活动的重要职责。他们通常穿着统一的服装，活跃在教室和办公室之间。他们是学生学习和生活的重要指导者，不仅传授知识，还关心学生的成长和心理健康。他们还是学校与家庭之间沟通的桥梁，对学生的全面发展有着深远的影响。”玩家3说：当然，我会重新描述：

“在校园的角落里，有那样一群人，他们总是耐心倾听，细心指导。他们不在讲台上授课，却时常在办公室里为学生排忧解难。他们既是学生的心灵导师，也是学校决策的参与者。他们用自己的知识和经验，为学生提供方向，他们的存在对学生的发展至关重要，但却往往不被人注意。”玩家4说：当然，我会重新描述：

“在学校里，有这样一个角色，他们承担着管理和指导的双重职责。他们经常穿梭于教室和办公室，对学生的学习和生活都有着密切的关怀。他们不仅是学生眼中的权威，也是家校沟通的桥梁。他们的存在，就像是校园中不可或缺的指南针，引导学生们在知识的海洋中航行。”请投票,只输出数字。
2024-11-15 14:59:40,752 - 4 - INFO - **********PLAYER4**********
3
