2024-12-13 12:31:55,908 - 1 - INFO - **********JUDGER**********
让我们来玩一个叫做<谁是卧底>的推理游戏。基本规则：<人数>：4人。<角色分配>：每位玩家随机抽取一个词语，3名玩家拿到的词语是相同的（平民词），1名玩家拿到与之相近但不同的词语（卧底词）。<游戏流程>：1、玩家轮流描述自己的词语，但<不能>直接说出词语本身。2、描述完毕后，投票选出最像卧底的玩家。3、每轮结束后，被投票选出的玩家出局，不能再进行描述或投票。4、每轮投票结束后，如果卧底被成功找出，平民方获胜；如果卧底未被找出且卧底人数等于或超过平民人数，则卧底方获胜。你将扮演一个<玩家>，请等待你被分配到的关键词。如果你听懂了，只回答，"好的，我准备好参加游戏了"，不要输出别的信息
2024-12-13 12:31:58,016 - 1 - INFO - **********PLAYER1**********
好的，我准备好参加游戏了
2024-12-13 12:32:03,416 - 1 - INFO - **********JUDGER**********
玩家1说：玩家2说：玩家3说：玩家4说：|| 你是第1号玩家，你的关键词是<篮球>。你的回答中绝对不能包含你的关键词<篮球>。这是第一轮描述，不需要分析||之前别的玩家的描述，请你描述关键词基本特征，注意，这局游戏的词语分类为<体育用品>，卧底词和平民词都属于该类，描述包括以下两点，1.他的基本特征是什么2.他在该类（体育用品）中最突出不同的特征是什么，尽量简短
2024-12-13 12:32:05,739 - 1 - INFO - **********PLAYER1**********
这个词语是一种圆形的，表面有网状结构的球体，通常用于篮球运动中。在体育用品中，它以其独特的网状设计而与众不同。
2024-12-13 12:32:05,740 - 1 - INFO - **********JUDGER**********
玩家1说：玩家2说：玩家3说：玩家4说：|| 你是第1号玩家，你的关键词是<篮球>。你的回答中绝对不能包含你的关键词<篮球>。这是第一轮描述，不需要分析||之前别的玩家的描述，请你描述关键词基本特征，注意，这局游戏的词语分类为<体育用品>，卧底词和平民词都属于该类，描述包括以下两点，1.他的基本特征是什么2.他在该类（体育用品）中最突出不同的特征是什么，尽量简短
2024-12-13 12:32:07,975 - 1 - INFO - **********PLAYER1**********
这是一种圆形的球体，表面有六边形和五边形的几何图案。它在体育用品中以其在特定运动中的使用而著称，区别于其他球体的是它的尺寸和材质。
2024-12-13 12:32:23,251 - 1 - INFO - **********JUDGER**********
玩家1说：这是一种圆形的球体，表面有六边形和五边形的几何图案。它在体育用品中以其在特定运动中的使用而著称，区别于其他球体的是它的尺寸和材质。玩家2说：这是一个用于多种体育运动的球体，具有明显的黑白相间的线条图案。它通常由橡胶或合成材料制成，表面较为光滑。相比其他球体，它的表面设计独特，有助于提高运动性能。玩家3说：这是一个中等的球体，主要用于一项团队运动。它的表面光滑，由耐用材料制成，易于滚动和操控。在同类体育用品中，它以其特定的尺寸和适合运动的手感而闻名。玩家4说：||在这个游戏中，我们需要通过分析每位玩家的描述来找出卧底。通常，平民的描述会围绕相同的词语展开，而卧底的描述可能会因为词语的不同而显得不太一致。我们需要仔细比较每个描述之间的相似性和差异性，以找出可能的卧底，注意，卧底并不会隐藏自己，他会直接描述他的词语，现在，逐一分析每个玩家的描述，注意，这局游戏的词语分类为<体育用品>，卧底词和平民词都属于该类。这是第一轮描述。
2024-12-13 12:32:31,542 - 1 - INFO - **********PLAYER1**********
玩家1的描述提到了球体、几何图案、特定运动和材质，但没有明确指出是哪种运动或材质。
玩家2的描述强调了运动的多功能性、黑白相间的线条图案、材质和表面光滑，以及表面设计对运动性能的影响。
玩家3的描述提到了球体的尺寸、团队运动、耐用材料和滚动操控性，以及特定的尺寸和手感。
玩家4的描述提供了游戏规则和推理的指导，但没有给出具体的描述。

从描述中可以看出，玩家1、2和3的描述都围绕着球体的特征和运动用途，而玩家4没有提供具体的描述。如果所有玩家都拿到了与篮球相关的词语，那么玩家4的描述可能是卧底的线索，因为卧底可能会直接描述他的词语，而不是围绕篮球的特征进行描述。不过，这只是一个猜测，需要更多的信息来确定卧底。
2024-12-13 12:32:31,544 - 1 - INFO - **********JUDGER**********
你刚刚的分析是玩家1的描述提到了球体、几何图案、特定运动和材质，但没有明确指出是哪种运动或材质。
玩家2的描述强调了运动的多功能性、黑白相间的线条图案、材质和表面光滑，以及表面设计对运动性能的影响。
玩家3的描述提到了球体的尺寸、团队运动、耐用材料和滚动操控性，以及特定的尺寸和手感。
玩家4的描述提供了游戏规则和推理的指导，但没有给出具体的描述。

从描述中可以看出，玩家1、2和3的描述都围绕着球体的特征和运动用途，而玩家4没有提供具体的描述。如果所有玩家都拿到了与篮球相关的词语，那么玩家4的描述可能是卧底的线索，因为卧底可能会直接描述他的词语，而不是围绕篮球的特征进行描述。不过，这只是一个猜测，需要更多的信息来确定卧底。|| `请根据上述分析，比较描述以找出不一致之处，注意，这局游戏的词语分类为<体育用品>，卧底词和平民词都属于该类。
2024-12-13 12:32:42,857 - 1 - INFO - **********PLAYER1**********
根据上述分析，我们可以比较每位玩家的描述来寻找不一致之处：

1. 玩家1的描述提到了球体的几何图案，但没有明确指出是哪种运动或材质。
2. 玩家2的描述提到了黑白相间的线条图案，这是篮球的一个非常显著的特征，因为它通常与篮球的配色相联系。
3. 玩家3的描述强调了球体的尺寸、耐用材料和滚动操控性，但没有提到篮球特有的黑白相间图案。
4. 玩家4的描述提供了游戏规则和推理指导，没有具体的描述，这本身可能就是一个不一致之处，因为其他玩家都在描述球体的特征。

不一致之处可能在于：
- 玩家2的描述特别提到了黑白相间的线条图案，这是一个非常具体的特征，而其他玩家没有提及这一点。
- 玩家3的描述虽然提到了球体的尺寸和材料，但没有提到篮球的特定图案，这与篮球作为一个球体的典型特征不符。
- 玩家4没有提供关于球体的具体描述，这与其他玩家的描述形成了对比。

基于这些不一致之处，玩家4可能是卧底，因为他没有提供与篮球相关的具体描述，而其他玩家都在围绕篮球的特征进行描述。然而，这只是一个基于当前信息的初步判断，实际游戏过程中还需要更多的线索和玩家的描述来进一步确定。
2024-12-13 12:32:42,858 - 1 - INFO - **********JUDGER**********
你刚刚的分析是根据上述分析，我们可以比较每位玩家的描述来寻找不一致之处：

1. 玩家1的描述提到了球体的几何图案，但没有明确指出是哪种运动或材质。
2. 玩家2的描述提到了黑白相间的线条图案，这是篮球的一个非常显著的特征，因为它通常与篮球的配色相联系。
3. 玩家3的描述强调了球体的尺寸、耐用材料和滚动操控性，但没有提到篮球特有的黑白相间图案。
4. 玩家4的描述提供了游戏规则和推理指导，没有具体的描述，这本身可能就是一个不一致之处，因为其他玩家都在描述球体的特征。

不一致之处可能在于：
- 玩家2的描述特别提到了黑白相间的线条图案，这是一个非常具体的特征，而其他玩家没有提及这一点。
- 玩家3的描述虽然提到了球体的尺寸和材料，但没有提到篮球的特定图案，这与篮球作为一个球体的典型特征不符。
- 玩家4没有提供关于球体的具体描述，这与其他玩家的描述形成了对比。

基于这些不一致之处，玩家4可能是卧底，因为他没有提供与篮球相关的具体描述，而其他玩家都在围绕篮球的特征进行描述。然而，这只是一个基于当前信息的初步判断，实际游戏过程中还需要更多的线索和玩家的描述来进一步确定。|| 请通过你分析的不一致之处，推断卧底身份，注意，这局游戏的词语分类为<体育用品>，卧底词和平民词都属于该类。
2024-12-13 12:33:12,800 - 1 - INFO - **********PLAYER1**********
基于上述分析，我们可以推断以下可能的情况：

1. 玩家2的描述提到了黑白相间的线条图案，这是篮球的一个非常显著的特征。如果其他玩家都拿到了篮球作为关键词，那么他们的描述应该也会包含这一特征。玩家2的描述中这一特定特征的出现，与其他玩家的描述形成了对比。

2. 玩家3的描述提到了球体的尺寸、耐用材料和滚动操控性，但没有提到篮球特有的黑白相间图案。如果其他玩家都拿到了篮球，他们的描述可能会更详细地描述篮球的特定属性，如尺寸标准、材质特性等。

3. 玩家4的描述提供了游戏规则和推理指导，没有具体的描述。在《谁是卧底》游戏中，卧底可能会故意避免提供与关键词相关的具体信息，或者提供与平民描述不同的信息。

综合以上点，以下是一些推断：

- 如果所有玩家都拿到了篮球作为关键词，那么玩家2的描述可能是不一致的，因为其他玩家没有提到黑白相间的线条图案。
- 玩家3的描述虽然没有提到黑白相间的图案，但也没有与其他描述形成显著的不一致，除非有更多信息表明篮球的尺寸和材料不是其最突出的特征。
- 玩家4没有提供具体的描述，这可能意味着他要么是卧底，要么是故意保持沉默以避免引起注意。

因此，基于当前的信息，玩家2可能是卧底，因为他提供了一个与其他玩家描述不一致的特定特征。然而，如果没有更多的信息或进一步的描述，这个推断仍然是不确定的。卧底可能是玩家2，也可能是其他没有提供具体描述的玩家。
2024-12-13 12:33:12,807 - 1 - INFO - **********JUDGER**********
你刚刚的推断是基于上述分析，我们可以推断以下可能的情况：

1. 玩家2的描述提到了黑白相间的线条图案，这是篮球的一个非常显著的特征。如果其他玩家都拿到了篮球作为关键词，那么他们的描述应该也会包含这一特征。玩家2的描述中这一特定特征的出现，与其他玩家的描述形成了对比。

2. 玩家3的描述提到了球体的尺寸、耐用材料和滚动操控性，但没有提到篮球特有的黑白相间图案。如果其他玩家都拿到了篮球，他们的描述可能会更详细地描述篮球的特定属性，如尺寸标准、材质特性等。

3. 玩家4的描述提供了游戏规则和推理指导，没有具体的描述。在《谁是卧底》游戏中，卧底可能会故意避免提供与关键词相关的具体信息，或者提供与平民描述不同的信息。

综合以上点，以下是一些推断：

- 如果所有玩家都拿到了篮球作为关键词，那么玩家2的描述可能是不一致的，因为其他玩家没有提到黑白相间的线条图案。
- 玩家3的描述虽然没有提到黑白相间的图案，但也没有与其他描述形成显著的不一致，除非有更多信息表明篮球的尺寸和材料不是其最突出的特征。
- 玩家4没有提供具体的描述，这可能意味着他要么是卧底，要么是故意保持沉默以避免引起注意。

因此，基于当前的信息，玩家2可能是卧底，因为他提供了一个与其他玩家描述不一致的特定特征。然而，如果没有更多的信息或进一步的描述，这个推断仍然是不确定的。卧底可能是玩家2，也可能是其他没有提供具体描述的玩家。|| 基于你刚刚的推断得出你的最终结论，请输出你认为的卧底，在这种情况下只需要输出编号，是1-4中的某个数字，不要输出其他信息。在这个过程不要进行任何推理，只对||以前的部分进行信息提取
2024-12-13 12:33:14,200 - 1 - INFO - **********PLAYER1**********
2
2024-12-13 12:36:18,493 - 1 - INFO - **********JUDGER**********
玩家1说：这是一种圆形的球体，表面有六边形和五边形的几何图案。它在体育用品中以其在特定运动中的使用而著称，区别于其他球体的是它的尺寸和材质。玩家2说：这是一个用于多种体育运动的球体，具有明显的黑白相间的线条图案。它通常由橡胶或合成材料制成，表面较为光滑。相比其他球体，它的表面设计独特，有助于提高运动性能。玩家3说：这是一个中等的球体，主要用于一项团队运动。它的表面光滑，由耐用材料制成，易于滚动和操控。在同类体育用品中，它以其特定的尺寸和适合运动的手感而闻名。玩家4说：这是一个中等的球体，主要用于一项团队运动。它的表面光滑，由耐用材料制成，易于滚动和操控。在同类体育用品中，它以其特定的尺寸和适合运动的手感而闻名。与其他球体相比，它最突出的不同特征是其独特的几何图案设计。你是第1号玩家，你的关键词是<篮球>。你的回答中绝对不能包含你的关键词<篮球>。这是第二轮描述，你之前的描述是这个词语是一种圆形的，表面有网状结构的球体，通常用于篮球运动中。在体育用品中，它以其独特的网状设计而与众不同。，注意，这局游戏的词语分类为<体育用品>，卧底词和平民词都属于该类，请你补充关于关键词的描述，注意，你的描述应该比起之前的描述更加贴近关键词，作为之前的补充
2024-12-13 12:36:21,340 - 1 - INFO - **********PLAYER1**********
这是一个中等大小的球体，用于团队竞技，表面具有多边形网状结构，便于抓握和传递。它通常由合成材料制成，确保了耐用性和适当的弹性。
2024-12-13 12:36:39,374 - 1 - INFO - **********JUDGER**********
玩家1说：这是一种圆形的球体，表面有六边形和五边形的几何图案。它在体育用品中以其在特定运动中的使用而著称，区别于其他球体的是它的尺寸和材质。这是一个中等大小的球体，用于团队竞技，表面具有多边形网状结构，便于抓握和传递。它通常由合成材料制成，确保了耐用性和适当的弹性。玩家2说：这是一个用于多种体育运动的球体，具有明显的黑白相间的线条图案。它通常由橡胶或合成材料制成，表面较为光滑。相比其他球体，它的表面设计独特，有助于提高运动性能。这个球体是中等大小的，主要用于一项特定的团队运动。它的表面光滑，由耐用材料制成，易于滚动和操控。在同类体育用品中，它以其独特的几何图案设计而著称，这种设计有助于提高运动性能，并且与传统的球体相比，它的尺寸和材质也略有不同。玩家3说：这是一个中等的球体，主要用于一项团队运动。它的表面光滑，由耐用材料制成，易于滚动和操控。在同类体育用品中，它以其特定的尺寸和适合运动的手感而闻名。这个球体是中等大小的，主要用于一项团队竞技运动。它的表面光滑且耐用，由合成材料制成，确保了球体的弹性和耐用性。这个球体在体育用品中以其独特的圆形设计和特定的尺寸而著称，这种设计使得它非常适合团队运动中的传球和投篮。它的表面结构便于抓握和传递，是这项运动中不可或缺的器材。玩家4说：这是一个中等的球体，主要用于一项团队运动。它的表面光滑，由耐用材料制成，易于滚动和操控。在同类体育用品中，它以其特定的尺寸和适合运动的手感而闻名。与其他球体相比，它最突出的不同特征是其独特的几何图案设计。||在这个游戏中，我们需要通过分析每位玩家的描述来找出卧底。通常，平民的描述会围绕相同的词语展开，而卧底的描述可能会因为词语的不同而显得不太一致。我们需要仔细比较每个描述之间的相似性和差异性，以找出可能的卧底，注意，卧底并不会隐藏自己，他会直接描述他的词语，现在，逐一分析每个玩家的描述，注意，这局游戏的词语分类为<体育用品>，卧底词和平民词都属于该类。||之前是第2轮描述和之前轮数描述的合集。你之前认为的卧底是玩家2。
2024-12-13 12:36:40,431 - 1 - INFO - **********PLAYER1**********
玩家2
2024-12-13 12:36:40,434 - 1 - INFO - **********JUDGER**********
你刚刚的分析是玩家2|| `请根据上述分析，比较描述以找出不一致之处，注意，这局游戏的词语分类为<体育用品>，卧底词和平民词都属于该类。
2024-12-13 12:36:49,248 - 1 - INFO - **********PLAYER1**********
在比较玩家的描述时，我们可以注意到以下不一致之处：

1. 玩家1和玩家2都提到了球体的多边形网状结构，而玩家3和玩家4没有提到这一点，尽管玩家4在最后一句话中提到了“独特的几何图案设计”，但没有具体描述这种图案。

2. 玩家2特别强调了球体的黑白相间线条图案，这是篮球的典型特征，而玩家1、玩家3和玩家4没有提到这一点。

3. 玩家2和玩家4都提到了球体有助于提高运动性能的独特设计，但没有具体说明是哪种设计。玩家1和玩家3提到了球体的尺寸和材质，但没有提到这一点。

4. 玩家3和玩家4的描述非常相似，都强调了球体的尺寸、耐用材料、滚动操控性、特定的尺寸和手感，以及适合运动的特点。这与玩家1和玩家2的描述形成了对比，他们提到了球体的网状结构和黑白相间图案。

基于这些不一致之处，玩家2的描述可能与其他玩家有所不同，尤其是在提到球体的黑白相间线条图案这一点上，这可能是区分平民和卧底的关键特征。因此，玩家2的描述可能存在不一致之处。
2024-12-13 12:36:49,251 - 1 - INFO - **********JUDGER**********
你刚刚的分析是在比较玩家的描述时，我们可以注意到以下不一致之处：

1. 玩家1和玩家2都提到了球体的多边形网状结构，而玩家3和玩家4没有提到这一点，尽管玩家4在最后一句话中提到了“独特的几何图案设计”，但没有具体描述这种图案。

2. 玩家2特别强调了球体的黑白相间线条图案，这是篮球的典型特征，而玩家1、玩家3和玩家4没有提到这一点。

3. 玩家2和玩家4都提到了球体有助于提高运动性能的独特设计，但没有具体说明是哪种设计。玩家1和玩家3提到了球体的尺寸和材质，但没有提到这一点。

4. 玩家3和玩家4的描述非常相似，都强调了球体的尺寸、耐用材料、滚动操控性、特定的尺寸和手感，以及适合运动的特点。这与玩家1和玩家2的描述形成了对比，他们提到了球体的网状结构和黑白相间图案。

基于这些不一致之处，玩家2的描述可能与其他玩家有所不同，尤其是在提到球体的黑白相间线条图案这一点上，这可能是区分平民和卧底的关键特征。因此，玩家2的描述可能存在不一致之处。|| 请通过你分析的不一致之处，推断卧底身份，注意，这局游戏的词语分类为<体育用品>，卧底词和平民词都属于该类。
2024-12-13 12:36:50,102 - 1 - INFO - **********PLAYER1**********
2
2024-12-13 12:36:50,103 - 1 - INFO - **********JUDGER**********
你刚刚的推断是2|| 基于你刚刚的推断得出你的最终结论，请输出你认为的卧底，在这种情况下只需要输出编号，是1-4中的某个数字，不要输出其他信息。在这个过程不要进行任何推理，只对||以前的部分进行信息提取
2024-12-13 12:36:50,948 - 1 - INFO - **********PLAYER1**********
2
2024-12-13 12:38:23,205 - 1 - INFO - **********JUDGER**********
玩家1说：这是一种圆形的球体，表面有六边形和五边形的几何图案。它在体育用品中以其在特定运动中的使用而著称，区别于其他球体的是它的尺寸和材质。这是一个中等大小的球体，用于团队竞技，表面具有多边形网状结构，便于抓握和传递。它通常由合成材料制成，确保了耐用性和适当的弹性。玩家2说：这是一个用于多种体育运动的球体，具有明显的黑白相间的线条图案。它通常由橡胶或合成材料制成，表面较为光滑。相比其他球体，它的表面设计独特，有助于提高运动性能。这个球体是中等大小的，主要用于一项特定的团队运动。它的表面光滑，由耐用材料制成，易于滚动和操控。在同类体育用品中，它以其独特的几何图案设计而著称，这种设计有助于提高运动性能，并且与传统的球体相比，它的尺寸和材质也略有不同。玩家3说：这是一个中等的球体，主要用于一项团队运动。它的表面光滑，由耐用材料制成，易于滚动和操控。在同类体育用品中，它以其特定的尺寸和适合运动的手感而闻名。这个球体是中等大小的，主要用于一项团队竞技运动。它的表面光滑且耐用，由合成材料制成，确保了球体的弹性和耐用性。这个球体在体育用品中以其独特的圆形设计和特定的尺寸而著称，这种设计使得它非常适合团队运动中的传球和投篮。它的表面结构便于抓握和传递，是这项运动中不可或缺的器材。玩家4说：这是一个中等的球体，主要用于一项团队运动。它的表面光滑，由耐用材料制成，易于滚动和操控。在同类体育用品中，它以其特定的尺寸和适合运动的手感而闻名。与其他球体相比，它最突出的不同特征是其独特的几何图案设计。这个球体在体育用品中以其独特的圆形设计和特定的尺寸而著称，这种设计使得它非常适合团队运动中的传球和投篮。它的表面结构便于抓握和传递，是这项运动中不可或缺的器材。此外，它的表面材质经过特殊处理，增加了球的耐用性和对地面的抓地力，确保了球在运动过程中的稳定性和准确性。你是第1号玩家，你的关键词是<篮球>。你的回答中绝对不能包含你的关键词<篮球>。这是第三轮描述，你之前的描述是这个词语是一种圆形的，表面有网状结构的球体，通常用于篮球运动中。在体育用品中，它以其独特的网状设计而与众不同。和这是一种圆形的球体，表面有六边形和五边形的几何图案。它在体育用品中以其在特定运动中的使用而著称，区别于其他球体的是它的尺寸和材质。，注意，这局游戏的词语分类为<体育用品>，卧底词和平民词都属于该类，请你补充关于关键词的描述，注意，你的描述应该比起之前的描述更加贴近关键词，作为之前的补充
2024-12-13 12:38:25,732 - 1 - INFO - **********PLAYER1**********
这个球体在体育用品中以其独特的网状结构和尺寸而著称，是篮球运动中不可或缺的器材。它的材质耐用，表面设计便于抓握和操控，适合在比赛中进行传球和投篮。
2024-12-13 12:38:25,732 - 1 - INFO - **********JUDGER**********
玩家1说：这是一种圆形的球体，表面有六边形和五边形的几何图案。它在体育用品中以其在特定运动中的使用而著称，区别于其他球体的是它的尺寸和材质。这是一个中等大小的球体，用于团队竞技，表面具有多边形网状结构，便于抓握和传递。它通常由合成材料制成，确保了耐用性和适当的弹性。玩家2说：这是一个用于多种体育运动的球体，具有明显的黑白相间的线条图案。它通常由橡胶或合成材料制成，表面较为光滑。相比其他球体，它的表面设计独特，有助于提高运动性能。这个球体是中等大小的，主要用于一项特定的团队运动。它的表面光滑，由耐用材料制成，易于滚动和操控。在同类体育用品中，它以其独特的几何图案设计而著称，这种设计有助于提高运动性能，并且与传统的球体相比，它的尺寸和材质也略有不同。玩家3说：这是一个中等的球体，主要用于一项团队运动。它的表面光滑，由耐用材料制成，易于滚动和操控。在同类体育用品中，它以其特定的尺寸和适合运动的手感而闻名。这个球体是中等大小的，主要用于一项团队竞技运动。它的表面光滑且耐用，由合成材料制成，确保了球体的弹性和耐用性。这个球体在体育用品中以其独特的圆形设计和特定的尺寸而著称，这种设计使得它非常适合团队运动中的传球和投篮。它的表面结构便于抓握和传递，是这项运动中不可或缺的器材。玩家4说：这是一个中等的球体，主要用于一项团队运动。它的表面光滑，由耐用材料制成，易于滚动和操控。在同类体育用品中，它以其特定的尺寸和适合运动的手感而闻名。与其他球体相比，它最突出的不同特征是其独特的几何图案设计。这个球体在体育用品中以其独特的圆形设计和特定的尺寸而著称，这种设计使得它非常适合团队运动中的传球和投篮。它的表面结构便于抓握和传递，是这项运动中不可或缺的器材。此外，它的表面材质经过特殊处理，增加了球的耐用性和对地面的抓地力，确保了球在运动过程中的稳定性和准确性。你是第1号玩家，你的关键词是<篮球>。你的回答中绝对不能包含你的关键词<篮球>。这是第三轮描述，你之前的描述是这个词语是一种圆形的，表面有网状结构的球体，通常用于篮球运动中。在体育用品中，它以其独特的网状设计而与众不同。和这是一种圆形的球体，表面有六边形和五边形的几何图案。它在体育用品中以其在特定运动中的使用而著称，区别于其他球体的是它的尺寸和材质。，注意，这局游戏的词语分类为<体育用品>，卧底词和平民词都属于该类，请你补充关于关键词的描述，注意，你的描述应该比起之前的描述更加贴近关键词，作为之前的补充
2024-12-13 12:38:28,051 - 1 - INFO - **********PLAYER1**********
这个球体在体育用品中以其多边形网状表面和特定的尺寸而闻名，是团队运动中传递和控制的理想选择。它的材质坚固，表面处理增加了抓地力，确保了运动中的稳定性和准确性。
2024-12-13 12:38:45,595 - 1 - INFO - **********JUDGER**********
玩家1说：这是一种圆形的球体，表面有六边形和五边形的几何图案。它在体育用品中以其在特定运动中的使用而著称，区别于其他球体的是它的尺寸和材质。这是一个中等大小的球体，用于团队竞技，表面具有多边形网状结构，便于抓握和传递。它通常由合成材料制成，确保了耐用性和适当的弹性。这个球体在体育用品中以其多边形网状表面和特定的尺寸而闻名，是团队运动中传递和控制的理想选择。它的材质坚固，表面处理增加了抓地力，确保了运动中的稳定性和准确性。玩家2说：这是一个用于多种体育运动的球体，具有明显的黑白相间的线条图案。它通常由橡胶或合成材料制成，表面较为光滑。相比其他球体，它的表面设计独特，有助于提高运动性能。这个球体是中等大小的，主要用于一项特定的团队运动。它的表面光滑，由耐用材料制成，易于滚动和操控。在同类体育用品中，它以其独特的几何图案设计而著称，这种设计有助于提高运动性能，并且与传统的球体相比，它的尺寸和材质也略有不同。这个球体是专门为团队运动设计的，它的表面设计独特，具有明显的几何图案，这种设计不仅提高了运动性能，还增加了球的耐用性和对地面的抓地力。球体的大小适中，便于在比赛中传递和操控。它的材质坚固，经过特殊处理，确保了球在运动过程中的稳定性和准确性。这个球体在同类体育用品中以其特定的尺寸和材质而闻名，是进行特定团队运动时的理想选择。玩家3说：这是一个中等的球体，主要用于一项团队运动。它的表面光滑，由耐用材料制成，易于滚动和操控。在同类体育用品中，它以其特定的尺寸和适合运动的手感而闻名。这个球体是中等大小的，主要用于一项团队竞技运动。它的表面光滑且耐用，由合成材料制成，确保了球体的弹性和耐用性。这个球体在体育用品中以其独特的圆形设计和特定的尺寸而著称，这种设计使得它非常适合团队运动中的传球和投篮。它的表面结构便于抓握和传递，是这项运动中不可或缺的器材。这个球体在体育用品中以其特定的形状和尺寸而著称，适合在空中飞行和地面滚动。它的材质确保了球体的耐用性和适当的弹性，使其在运动中能够保持形状和性能。这个球体的表面处理增加了抓地力，使得它在传递和投篮时更加稳定。此外，它的设计考虑了运动中的空气动力学，有助于球在空中保持流畅的轨迹。这个球体是团队运动中传递和控球的关键工具，对于比赛结果有着重要影响。玩家4说：这是一个中等的球体，主要用于一项团队运动。它的表面光滑，由耐用材料制成，易于滚动和操控。在同类体育用品中，它以其特定的尺寸和适合运动的手感而闻名。与其他球体相比，它最突出的不同特征是其独特的几何图案设计。这个球体在体育用品中以其独特的圆形设计和特定的尺寸而著称，这种设计使得它非常适合团队运动中的传球和投篮。它的表面结构便于抓握和传递，是这项运动中不可或缺的器材。此外，它的表面材质经过特殊处理，增加了球的耐用性和对地面的抓地力，确保了球在运动过程中的稳定性和准确性。这个球体在体育用品中以其独特的表面纹理和颜色搭配而著称，这种设计不仅提高了球的视觉辨识度，还有助于球员在比赛中快速识别和操控。它的尺寸和重量经过精心设计，以适应不同运动的需求，确保球员在传球、投篮和运球时能够获得最佳的手感和控制。此外，球体的材质选择旨在提供良好的耐用性，同时保持足够的弹性，以承受频繁的使用和撞击。这种球体在同类体育用品中以其精准的飞行轨迹和稳定的性能而受到推崇。||在这个游戏中，我们需要通过分析每位玩家的描述来找出卧底。通常，平民的描述会围绕相同的词语展开，而卧底的描述可能会因为词语的不同而显得不太一致。我们需要仔细比较每个描述之间的相似性和差异性，以找出可能的卧底，注意，卧底并不会隐藏自己，他会直接描述他的词语，现在，逐一分析每个玩家的描述，注意，这局游戏的词语分类为<体育用品>，卧底词和平民词都属于该类。||之前是第3轮描述和之前轮数描述的合集。你之前认为的卧底是玩家2。
2024-12-13 12:38:47,019 - 1 - INFO - **********PLAYER1**********
2
2024-12-13 12:38:47,020 - 1 - INFO - **********JUDGER**********
你刚刚的分析是2|| `请根据上述分析，比较描述以找出不一致之处，注意，这局游戏的词语分类为<体育用品>，卧底词和平民词都属于该类。
2024-12-13 12:38:57,451 - 1 - INFO - **********PLAYER1**********
在比较玩家的描述时，以下是不一致之处：

1. 玩家2的描述中多次提到了“特定的尺寸”和“特定的团队运动”，而其他玩家的描述中并没有特别强调这些特征。

2. 玩家2的描述中特别提到了球体的“黑白相间的线条图案”和“独特的几何图案设计”，这是篮球的典型特征，而其他玩家没有提到这些具体的图案特征。

3. 玩家2的描述中强调了球体的“表面设计独特，有助于提高运动性能”，而其他玩家的描述中虽然也提到了球体的设计特点，但没有如此突出这一点。

4. 玩家3和玩家4的描述非常相似，都强调了球体的尺寸、耐用材料、滚动操控性、适合运动的手感以及表面处理增加了抓地力，而玩家1和玩家2的描述中并没有这些具体的细节。

基于这些不一致之处，玩家2的描述与其他玩家的描述在细节上存在差异，特别是在提到球体的图案设计和尺寸特征上，这可能是区分平民和卧底的关键。
2024-12-13 12:38:57,452 - 1 - INFO - **********JUDGER**********
你刚刚的分析是在比较玩家的描述时，以下是不一致之处：

1. 玩家2的描述中多次提到了“特定的尺寸”和“特定的团队运动”，而其他玩家的描述中并没有特别强调这些特征。

2. 玩家2的描述中特别提到了球体的“黑白相间的线条图案”和“独特的几何图案设计”，这是篮球的典型特征，而其他玩家没有提到这些具体的图案特征。

3. 玩家2的描述中强调了球体的“表面设计独特，有助于提高运动性能”，而其他玩家的描述中虽然也提到了球体的设计特点，但没有如此突出这一点。

4. 玩家3和玩家4的描述非常相似，都强调了球体的尺寸、耐用材料、滚动操控性、适合运动的手感以及表面处理增加了抓地力，而玩家1和玩家2的描述中并没有这些具体的细节。

基于这些不一致之处，玩家2的描述与其他玩家的描述在细节上存在差异，特别是在提到球体的图案设计和尺寸特征上，这可能是区分平民和卧底的关键。|| 请通过你分析的不一致之处，推断卧底身份，注意，这局游戏的词语分类为<体育用品>，卧底词和平民词都属于该类。
2024-12-13 12:38:59,854 - 1 - INFO - **********PLAYER1**********
2
2024-12-13 12:38:59,856 - 1 - INFO - **********JUDGER**********
你刚刚的推断是2|| 基于你刚刚的推断得出你的最终结论，请输出你认为的卧底，在这种情况下只需要输出编号，是1-4中的某个数字，不要输出其他信息。在这个过程不要进行任何推理，只对||以前的部分进行信息提取
2024-12-13 12:39:00,906 - 1 - INFO - **********PLAYER1**********
2
