2024-12-13 12:31:58,957 - 2 - INFO - **********JUDGER**********
让我们来玩一个叫做<谁是卧底>的推理游戏。基本规则：<人数>：4人。<角色分配>：每位玩家随机抽取一个词语，3名玩家拿到的词语是相同的（平民词），1名玩家拿到与之相近但不同的词语（卧底词）。<游戏流程>：1、玩家轮流描述自己的词语，但<不能>直接说出词语本身。2、描述完毕后，投票选出最像卧底的玩家。3、每轮结束后，被投票选出的玩家出局，不能再进行描述或投票。4、每轮投票结束后，如果卧底被成功找出，平民方获胜；如果卧底未被找出且卧底人数等于或超过平民人数，则卧底方获胜。你将扮演一个<玩家>，请等待你被分配到的关键词。如果你听懂了，只回答，"好的，我准备好参加游戏了"，不要输出别的信息
2024-12-13 12:31:59,733 - 2 - INFO - **********PLAYER2**********
好的，我准备好参加游戏了
2024-12-13 12:32:07,976 - 2 - INFO - **********JUDGER**********
玩家1说：这是一种圆形的球体，表面有六边形和五边形的几何图案。它在体育用品中以其在特定运动中的使用而著称，区别于其他球体的是它的尺寸和材质。玩家2说：玩家3说：玩家4说：|| 你是第2号玩家，你的关键词是<排球>。你的回答中绝对不能包含你的关键词<排球>。这是第一轮描述，不需要分析||之前别的玩家的描述，请你描述关键词基本特征，注意，这局游戏的词语分类为<体育用品>，卧底词和平民词都属于该类，描述包括以下两点，1.他的基本特征是什么2.他在该类（体育用品）中最突出不同的特征是什么，尽量简短
2024-12-13 12:32:10,627 - 2 - INFO - **********PLAYER2**********
这是一个用于多种体育运动的球体，具有明显的黑白相间的线条图案。它通常由橡胶或合成材料制成，表面较为光滑。相比其他球体，它的表面设计独特，有助于提高运动性能。
2024-12-13 12:33:14,201 - 2 - INFO - **********JUDGER**********
玩家1说：这是一种圆形的球体，表面有六边形和五边形的几何图案。它在体育用品中以其在特定运动中的使用而著称，区别于其他球体的是它的尺寸和材质。玩家2说：这是一个用于多种体育运动的球体，具有明显的黑白相间的线条图案。它通常由橡胶或合成材料制成，表面较为光滑。相比其他球体，它的表面设计独特，有助于提高运动性能。玩家3说：这是一个中等的球体，主要用于一项团队运动。它的表面光滑，由耐用材料制成，易于滚动和操控。在同类体育用品中，它以其特定的尺寸和适合运动的手感而闻名。玩家4说：||在这个游戏中，我们需要通过分析每位玩家的描述来找出卧底。通常，平民的描述会围绕相同的词语展开，而卧底的描述可能会因为词语的不同而显得不太一致。我们需要仔细比较每个描述之间的相似性和差异性，以找出可能的卧底，注意，卧底并不会隐藏自己，他会直接描述他的词语，现在，逐一分析每个玩家的描述，注意，这局游戏的词语分类为<体育用品>，卧底词和平民词都属于该类。这是第一轮描述。
2024-12-13 12:33:22,584 - 2 - INFO - **********PLAYER2**********
好的，根据四位玩家的描述，我们可以进行以下分析：

玩家1和玩家2的描述非常相似，都提到了球体、六边形和五边形的几何图案、特定运动、尺寸和材质。这些描述很可能是围绕同一个词语展开的。

玩家3的描述提到了球体、团队运动、耐用材料、易于滚动和操控，以及特定的尺寸和手感。这些描述与玩家1和玩家2的描述有相似之处，但增加了团队运动和耐用性的描述，这可能是一个线索。

玩家4的描述虽然提供了游戏规则和策略指导，但并没有提供具体的词语描述，因此无法直接判断是否与主题相关。

综合以上分析，玩家3的描述似乎与玩家1和玩家2的描述有所不同，增加了团队运动和耐用性的元素，这可能是区分平民和卧底的线索。因此，玩家3可能是卧底。
2024-12-13 12:33:22,585 - 2 - INFO - **********JUDGER**********
你刚刚的分析是好的，根据四位玩家的描述，我们可以进行以下分析：

玩家1和玩家2的描述非常相似，都提到了球体、六边形和五边形的几何图案、特定运动、尺寸和材质。这些描述很可能是围绕同一个词语展开的。

玩家3的描述提到了球体、团队运动、耐用材料、易于滚动和操控，以及特定的尺寸和手感。这些描述与玩家1和玩家2的描述有相似之处，但增加了团队运动和耐用性的描述，这可能是一个线索。

玩家4的描述虽然提供了游戏规则和策略指导，但并没有提供具体的词语描述，因此无法直接判断是否与主题相关。

综合以上分析，玩家3的描述似乎与玩家1和玩家2的描述有所不同，增加了团队运动和耐用性的元素，这可能是区分平民和卧底的线索。因此，玩家3可能是卧底。|| `请根据上述分析，比较描述以找出不一致之处，注意，这局游戏的词语分类为<体育用品>，卧底词和平民词都属于该类。
2024-12-13 12:33:33,801 - 2 - INFO - **********PLAYER2**********
根据上述分析，我们可以比较四位玩家的描述以找出不一致之处：

1. 玩家1和玩家2的描述：
   - 都提到球体。
   - 都提到六边形和五边形的几何图案。
   - 都提到特定运动，但没有具体说明是哪项运动。
   - 都提到尺寸和材质。

2. 玩家3的描述：
   - 提到球体。
   - 没有提到六边形和五边形的几何图案。
   - 强调了团队运动。
   - 提到耐用材料、易于滚动和操控。
   - 提到特定的尺寸和手感。

不一致之处：
- 玩家3的描述中没有提到球体表面的六边形和五边形图案，而玩家1和玩家2的描述中都提到了这一点。
- 玩家3的描述中强调了团队运动，而玩家1和玩家2的描述中没有提及这一点。
- 玩家3的描述中提到了耐用材料、易于滚动和操控，以及特定的尺寸和手感，这些细节在玩家1和玩家2的描述中没有出现。

这些不一致之处可能是玩家3作为卧底，使用与平民不同的词语时的特征。因此，玩家3的描述与玩家1和玩家2的描述在细节上有明显的差异。
2024-12-13 12:33:33,814 - 2 - INFO - **********JUDGER**********
你刚刚的分析是根据上述分析，我们可以比较四位玩家的描述以找出不一致之处：

1. 玩家1和玩家2的描述：
   - 都提到球体。
   - 都提到六边形和五边形的几何图案。
   - 都提到特定运动，但没有具体说明是哪项运动。
   - 都提到尺寸和材质。

2. 玩家3的描述：
   - 提到球体。
   - 没有提到六边形和五边形的几何图案。
   - 强调了团队运动。
   - 提到耐用材料、易于滚动和操控。
   - 提到特定的尺寸和手感。

不一致之处：
- 玩家3的描述中没有提到球体表面的六边形和五边形图案，而玩家1和玩家2的描述中都提到了这一点。
- 玩家3的描述中强调了团队运动，而玩家1和玩家2的描述中没有提及这一点。
- 玩家3的描述中提到了耐用材料、易于滚动和操控，以及特定的尺寸和手感，这些细节在玩家1和玩家2的描述中没有出现。

这些不一致之处可能是玩家3作为卧底，使用与平民不同的词语时的特征。因此，玩家3的描述与玩家1和玩家2的描述在细节上有明显的差异。|| 请通过你分析的不一致之处，推断卧底身份，注意，这局游戏的词语分类为<体育用品>，卧底词和平民词都属于该类。
2024-12-13 12:34:08,128 - 2 - INFO - **********PLAYER2**********
基于上述分析的不一致之处，我们可以推断卧底的身份：

1. 玩家3的描述中没有提到球体表面的六边形和五边形图案，而玩家1和玩家2的描述中都提到了这一点。这表明玩家3的词语可能不是指代具有这种图案的球体。

2. 玩家3的描述中强调了团队运动，而玩家1和玩家2的描述中没有提及这一点。这暗示玩家3的词语可能与团队运动有关。

3. 玩家3的描述中提到了耐用材料、易于滚动和操控，以及特定的尺寸和手感，这些细节在玩家1和玩家2的描述中没有出现。这些特征可能指向一种特定类型的球体，这种球体在体育用品中以其耐用性和操控性而闻名。

综合这些线索，我们可以推断玩家3的卧底身份可能是与以下特征相符的体育用品：

- 不是具有六边形和五边形图案的球体。
- 与团队运动有关。
- 具有耐用材料、易于滚动和操控的特点。

考虑到这些特征，最可能的卧底词语是“足球”。足球是一种圆形的球体，通常用于团队运动，由耐用材料制成，易于滚动和操控，但它的表面并不具有六边形和五边形的图案。这与玩家3的描述相符，因此玩家3很可能是卧底，词语是“足球”。
2024-12-13 12:34:08,130 - 2 - INFO - **********JUDGER**********
你刚刚的推断是基于上述分析的不一致之处，我们可以推断卧底的身份：

1. 玩家3的描述中没有提到球体表面的六边形和五边形图案，而玩家1和玩家2的描述中都提到了这一点。这表明玩家3的词语可能不是指代具有这种图案的球体。

2. 玩家3的描述中强调了团队运动，而玩家1和玩家2的描述中没有提及这一点。这暗示玩家3的词语可能与团队运动有关。

3. 玩家3的描述中提到了耐用材料、易于滚动和操控，以及特定的尺寸和手感，这些细节在玩家1和玩家2的描述中没有出现。这些特征可能指向一种特定类型的球体，这种球体在体育用品中以其耐用性和操控性而闻名。

综合这些线索，我们可以推断玩家3的卧底身份可能是与以下特征相符的体育用品：

- 不是具有六边形和五边形图案的球体。
- 与团队运动有关。
- 具有耐用材料、易于滚动和操控的特点。

考虑到这些特征，最可能的卧底词语是“足球”。足球是一种圆形的球体，通常用于团队运动，由耐用材料制成，易于滚动和操控，但它的表面并不具有六边形和五边形的图案。这与玩家3的描述相符，因此玩家3很可能是卧底，词语是“足球”。|| 基于你刚刚的推断得出你的最终结论，请输出你认为的卧底，在这种情况下只需要输出编号，是1-4中的某个数字，不要输出其他信息。在这个过程不要进行任何推理，只对||以前的部分进行信息提取
2024-12-13 12:34:11,881 - 2 - INFO - **********PLAYER2**********
之前的分析中，我推断玩家3的卧底身份可能是与以下特征相符的体育用品：

- 不是具有六边形和五边形图案的球体。
- 与团队运动有关。
- 具有耐用材料、易于滚动和操控的特点。

基于这些特征，我得出的最终结论是：

玩家3
2024-12-13 12:34:11,884 - 2 - WARNING - Invalid vote: 之前的分析中，我推断玩家3的卧底身份可能是与以下特征相符的体育用品：

- 不是具有六边形和五边形图案的球体。
- 与团队运动有关。
- 具有耐用材料、易于滚动和操控的特点。

基于这些特征，我得出的最终结论是：

玩家3. Asking again.
2024-12-13 12:34:11,887 - 2 - INFO - **********JUDGER**********
你刚刚的推断是基于上述分析的不一致之处，我们可以推断卧底的身份：

1. 玩家3的描述中没有提到球体表面的六边形和五边形图案，而玩家1和玩家2的描述中都提到了这一点。这表明玩家3的词语可能不是指代具有这种图案的球体。

2. 玩家3的描述中强调了团队运动，而玩家1和玩家2的描述中没有提及这一点。这暗示玩家3的词语可能与团队运动有关。

3. 玩家3的描述中提到了耐用材料、易于滚动和操控，以及特定的尺寸和手感，这些细节在玩家1和玩家2的描述中没有出现。这些特征可能指向一种特定类型的球体，这种球体在体育用品中以其耐用性和操控性而闻名。

综合这些线索，我们可以推断玩家3的卧底身份可能是与以下特征相符的体育用品：

- 不是具有六边形和五边形图案的球体。
- 与团队运动有关。
- 具有耐用材料、易于滚动和操控的特点。

考虑到这些特征，最可能的卧底词语是“足球”。足球是一种圆形的球体，通常用于团队运动，由耐用材料制成，易于滚动和操控，但它的表面并不具有六边形和五边形的图案。这与玩家3的描述相符，因此玩家3很可能是卧底，词语是“足球”。|| 基于你刚刚的推断得出你的最终结论，请输出你认为的卧底，在这种情况下只需要输出编号，是1-4中的某个数字，不要输出其他信息。在这个过程不要进行任何推理，只对||以前的部分进行信息提取
2024-12-13 12:34:13,593 - 2 - INFO - **********PLAYER2**********
3
2024-12-13 12:36:21,341 - 2 - INFO - **********JUDGER**********
玩家1说：这是一种圆形的球体，表面有六边形和五边形的几何图案。它在体育用品中以其在特定运动中的使用而著称，区别于其他球体的是它的尺寸和材质。这是一个中等大小的球体，用于团队竞技，表面具有多边形网状结构，便于抓握和传递。它通常由合成材料制成，确保了耐用性和适当的弹性。玩家2说：这是一个用于多种体育运动的球体，具有明显的黑白相间的线条图案。它通常由橡胶或合成材料制成，表面较为光滑。相比其他球体，它的表面设计独特，有助于提高运动性能。玩家3说：这是一个中等的球体，主要用于一项团队运动。它的表面光滑，由耐用材料制成，易于滚动和操控。在同类体育用品中，它以其特定的尺寸和适合运动的手感而闻名。玩家4说：这是一个中等的球体，主要用于一项团队运动。它的表面光滑，由耐用材料制成，易于滚动和操控。在同类体育用品中，它以其特定的尺寸和适合运动的手感而闻名。与其他球体相比，它最突出的不同特征是其独特的几何图案设计。你是第2号玩家，你的关键词是<排球>。你的回答中绝对不能包含你的关键词<排球>。这是第二轮描述，你之前的描述是这是一个用于多种体育运动的球体，具有明显的黑白相间的线条图案。它通常由橡胶或合成材料制成，表面较为光滑。相比其他球体，它的表面设计独特，有助于提高运动性能。，注意，这局游戏的词语分类为<体育用品>，卧底词和平民词都属于该类，请你补充关于关键词的描述，注意，你的描述应该比起之前的描述更加贴近关键词，作为之前的补充
2024-12-13 12:36:29,777 - 2 - INFO - **********PLAYER2**********
这个球体是中等大小的，主要用于一项特定的团队运动。它的表面光滑，由耐用材料制成，易于滚动和操控。在同类体育用品中，它以其独特的几何图案设计而著称，这种设计有助于提高运动性能，并且与传统的球体相比，它的尺寸和材质也略有不同。
2024-12-13 12:36:50,948 - 2 - INFO - **********JUDGER**********
玩家1说：这是一种圆形的球体，表面有六边形和五边形的几何图案。它在体育用品中以其在特定运动中的使用而著称，区别于其他球体的是它的尺寸和材质。这是一个中等大小的球体，用于团队竞技，表面具有多边形网状结构，便于抓握和传递。它通常由合成材料制成，确保了耐用性和适当的弹性。玩家2说：这是一个用于多种体育运动的球体，具有明显的黑白相间的线条图案。它通常由橡胶或合成材料制成，表面较为光滑。相比其他球体，它的表面设计独特，有助于提高运动性能。这个球体是中等大小的，主要用于一项特定的团队运动。它的表面光滑，由耐用材料制成，易于滚动和操控。在同类体育用品中，它以其独特的几何图案设计而著称，这种设计有助于提高运动性能，并且与传统的球体相比，它的尺寸和材质也略有不同。玩家3说：这是一个中等的球体，主要用于一项团队运动。它的表面光滑，由耐用材料制成，易于滚动和操控。在同类体育用品中，它以其特定的尺寸和适合运动的手感而闻名。这个球体是中等大小的，主要用于一项团队竞技运动。它的表面光滑且耐用，由合成材料制成，确保了球体的弹性和耐用性。这个球体在体育用品中以其独特的圆形设计和特定的尺寸而著称，这种设计使得它非常适合团队运动中的传球和投篮。它的表面结构便于抓握和传递，是这项运动中不可或缺的器材。玩家4说：这是一个中等的球体，主要用于一项团队运动。它的表面光滑，由耐用材料制成，易于滚动和操控。在同类体育用品中，它以其特定的尺寸和适合运动的手感而闻名。与其他球体相比，它最突出的不同特征是其独特的几何图案设计。||在这个游戏中，我们需要通过分析每位玩家的描述来找出卧底。通常，平民的描述会围绕相同的词语展开，而卧底的描述可能会因为词语的不同而显得不太一致。我们需要仔细比较每个描述之间的相似性和差异性，以找出可能的卧底，注意，卧底并不会隐藏自己，他会直接描述他的词语，现在，逐一分析每个玩家的描述，注意，这局游戏的词语分类为<体育用品>，卧底词和平民词都属于该类。||之前是第2轮描述和之前轮数描述的合集。你之前认为的卧底是玩家3。
2024-12-13 12:37:02,840 - 2 - INFO - **********PLAYER2**********
根据四位玩家的描述，我们可以进行以下分析：

玩家1的描述中提到了球体表面的六边形和五边形图案，以及用于特定运动的尺寸和材质，这与排球的特征不完全吻合。

玩家2的描述中提到了球体的黑白相间线条图案、用于多种体育运动的橡胶或合成材料，以及表面设计对运动性能的提升，这些特征也与排球有关，但并没有明确指出是排球。

玩家3的描述中多次提到了球体的特定尺寸、耐用材料、适合运动的手感、独特的圆形设计、便于抓握和传递，以及适合团队运动中的传球和投篮，这些特征与排球非常吻合。

玩家4的描述与玩家2和玩家3的描述相似，强调了球体的特定尺寸、耐用材料、适合运动的手感和独特的几何图案设计，但没有提到圆形设计和传球投篮的细节。

基于以上分析，玩家3的描述与排球的特征最为吻合，且在描述中多次提到了与排球相关的细节，因此，如果之前认为玩家3是卧底，那么这一轮的分析仍然支持这一结论。所以，根据描述，我认为卧底是玩家3。
2024-12-13 12:37:02,852 - 2 - INFO - **********JUDGER**********
你刚刚的分析是根据四位玩家的描述，我们可以进行以下分析：

玩家1的描述中提到了球体表面的六边形和五边形图案，以及用于特定运动的尺寸和材质，这与排球的特征不完全吻合。

玩家2的描述中提到了球体的黑白相间线条图案、用于多种体育运动的橡胶或合成材料，以及表面设计对运动性能的提升，这些特征也与排球有关，但并没有明确指出是排球。

玩家3的描述中多次提到了球体的特定尺寸、耐用材料、适合运动的手感、独特的圆形设计、便于抓握和传递，以及适合团队运动中的传球和投篮，这些特征与排球非常吻合。

玩家4的描述与玩家2和玩家3的描述相似，强调了球体的特定尺寸、耐用材料、适合运动的手感和独特的几何图案设计，但没有提到圆形设计和传球投篮的细节。

基于以上分析，玩家3的描述与排球的特征最为吻合，且在描述中多次提到了与排球相关的细节，因此，如果之前认为玩家3是卧底，那么这一轮的分析仍然支持这一结论。所以，根据描述，我认为卧底是玩家3。|| `请根据上述分析，比较描述以找出不一致之处，注意，这局游戏的词语分类为<体育用品>，卧底词和平民词都属于该类。
2024-12-13 12:37:10,559 - 2 - INFO - **********PLAYER2**********
根据上述分析，我们可以比较四位玩家的描述以找出不一致之处：

1. 玩家1和玩家2的描述都提到了球体的表面设计（六边形和五边形图案，黑白相间线条图案），而玩家3和玩家4的描述中没有提到这些图案。

2. 玩家3和玩家4的描述中都提到了球体的特定尺寸、耐用材料、适合运动的手感、独特的圆形设计，以及便于抓握和传递，而玩家1和玩家2的描述中并没有强调这些特征。

3. 玩家3的描述中特别提到了球体适合团队运动中的传球和投篮，而玩家4的描述中没有提到这一点。

4. 玩家1和玩家2的描述中提到了球体用于特定运动或多种运动，但没有具体说明是哪种运动，而玩家3和玩家4的描述中也没有具体指出是哪种运动。

不一致之处主要体现在表面图案的描述和球体用途的具体性上。玩家3和玩家4的描述更加具体，提到了球体的用途和设计细节，而玩家1和玩家2的描述则更加泛泛而谈。这些差异可能是区分平民和卧底的线索。
2024-12-13 12:37:10,560 - 2 - INFO - **********JUDGER**********
你刚刚的分析是根据上述分析，我们可以比较四位玩家的描述以找出不一致之处：

1. 玩家1和玩家2的描述都提到了球体的表面设计（六边形和五边形图案，黑白相间线条图案），而玩家3和玩家4的描述中没有提到这些图案。

2. 玩家3和玩家4的描述中都提到了球体的特定尺寸、耐用材料、适合运动的手感、独特的圆形设计，以及便于抓握和传递，而玩家1和玩家2的描述中并没有强调这些特征。

3. 玩家3的描述中特别提到了球体适合团队运动中的传球和投篮，而玩家4的描述中没有提到这一点。

4. 玩家1和玩家2的描述中提到了球体用于特定运动或多种运动，但没有具体说明是哪种运动，而玩家3和玩家4的描述中也没有具体指出是哪种运动。

不一致之处主要体现在表面图案的描述和球体用途的具体性上。玩家3和玩家4的描述更加具体，提到了球体的用途和设计细节，而玩家1和玩家2的描述则更加泛泛而谈。这些差异可能是区分平民和卧底的线索。|| 请通过你分析的不一致之处，推断卧底身份，注意，这局游戏的词语分类为<体育用品>，卧底词和平民词都属于该类。
2024-12-13 12:37:20,207 - 2 - INFO - **********PLAYER2**********
基于分析的不一致之处，我们可以推断卧底身份：

1. 玩家3和玩家4的描述中提到了球体的特定尺寸、耐用材料、适合运动的手感、独特的圆形设计，以及便于抓握和传递，而玩家1和玩家2的描述中没有强调这些特征。这表明玩家3和玩家4的描述可能更接近卧底词。

2. 玩家3的描述中特别提到了球体适合团队运动中的传球和投篮，这是一个非常具体的特征，而玩家4的描述中没有提到这一点。

3. 玩家1和玩家2的描述都提到了球体的表面设计，而玩家3和玩家4没有，这可能意味着卧底词与表面设计无关。

综合以上线索，玩家3的描述中包含了更多具体的特征和细节，特别是提到了传球和投篮，这是排球等球类运动中常见的动作。因此，根据这些不一致之处，我认为卧底是玩家3。
2024-12-13 12:37:20,214 - 2 - INFO - **********JUDGER**********
你刚刚的推断是基于分析的不一致之处，我们可以推断卧底身份：

1. 玩家3和玩家4的描述中提到了球体的特定尺寸、耐用材料、适合运动的手感、独特的圆形设计，以及便于抓握和传递，而玩家1和玩家2的描述中没有强调这些特征。这表明玩家3和玩家4的描述可能更接近卧底词。

2. 玩家3的描述中特别提到了球体适合团队运动中的传球和投篮，这是一个非常具体的特征，而玩家4的描述中没有提到这一点。

3. 玩家1和玩家2的描述都提到了球体的表面设计，而玩家3和玩家4没有，这可能意味着卧底词与表面设计无关。

综合以上线索，玩家3的描述中包含了更多具体的特征和细节，特别是提到了传球和投篮，这是排球等球类运动中常见的动作。因此，根据这些不一致之处，我认为卧底是玩家3。|| 基于你刚刚的推断得出你的最终结论，请输出你认为的卧底，在这种情况下只需要输出编号，是1-4中的某个数字，不要输出其他信息。在这个过程不要进行任何推理，只对||以前的部分进行信息提取
2024-12-13 12:37:21,618 - 2 - INFO - **********PLAYER2**********
3
2024-12-13 12:38:28,051 - 2 - INFO - **********JUDGER**********
玩家1说：这是一种圆形的球体，表面有六边形和五边形的几何图案。它在体育用品中以其在特定运动中的使用而著称，区别于其他球体的是它的尺寸和材质。这是一个中等大小的球体，用于团队竞技，表面具有多边形网状结构，便于抓握和传递。它通常由合成材料制成，确保了耐用性和适当的弹性。这个球体在体育用品中以其多边形网状表面和特定的尺寸而闻名，是团队运动中传递和控制的理想选择。它的材质坚固，表面处理增加了抓地力，确保了运动中的稳定性和准确性。玩家2说：这是一个用于多种体育运动的球体，具有明显的黑白相间的线条图案。它通常由橡胶或合成材料制成，表面较为光滑。相比其他球体，它的表面设计独特，有助于提高运动性能。这个球体是中等大小的，主要用于一项特定的团队运动。它的表面光滑，由耐用材料制成，易于滚动和操控。在同类体育用品中，它以其独特的几何图案设计而著称，这种设计有助于提高运动性能，并且与传统的球体相比，它的尺寸和材质也略有不同。玩家3说：这是一个中等的球体，主要用于一项团队运动。它的表面光滑，由耐用材料制成，易于滚动和操控。在同类体育用品中，它以其特定的尺寸和适合运动的手感而闻名。这个球体是中等大小的，主要用于一项团队竞技运动。它的表面光滑且耐用，由合成材料制成，确保了球体的弹性和耐用性。这个球体在体育用品中以其独特的圆形设计和特定的尺寸而著称，这种设计使得它非常适合团队运动中的传球和投篮。它的表面结构便于抓握和传递，是这项运动中不可或缺的器材。玩家4说：这是一个中等的球体，主要用于一项团队运动。它的表面光滑，由耐用材料制成，易于滚动和操控。在同类体育用品中，它以其特定的尺寸和适合运动的手感而闻名。与其他球体相比，它最突出的不同特征是其独特的几何图案设计。这个球体在体育用品中以其独特的圆形设计和特定的尺寸而著称，这种设计使得它非常适合团队运动中的传球和投篮。它的表面结构便于抓握和传递，是这项运动中不可或缺的器材。此外，它的表面材质经过特殊处理，增加了球的耐用性和对地面的抓地力，确保了球在运动过程中的稳定性和准确性。你是第2号玩家，你的关键词是<排球>。你的回答中绝对不能包含你的关键词<排球>。这是第三轮描述，你之前的描述是这是一个用于多种体育运动的球体，具有明显的黑白相间的线条图案。它通常由橡胶或合成材料制成，表面较为光滑。相比其他球体，它的表面设计独特，有助于提高运动性能。和这个球体是中等大小的，主要用于一项特定的团队运动。它的表面光滑，由耐用材料制成，易于滚动和操控。在同类体育用品中，它以其独特的几何图案设计而著称，这种设计有助于提高运动性能，并且与传统的球体相比，它的尺寸和材质也略有不同。，注意，这局游戏的词语分类为<体育用品>，卧底词和平民词都属于该类，请你补充关于关键词的描述，注意，你的描述应该比起之前的描述更加贴近关键词，作为之前的补充
2024-12-13 12:38:32,306 - 2 - INFO - **********PLAYER2**********
这个球体是专门为团队运动设计的，它的表面设计独特，具有明显的几何图案，这种设计不仅提高了运动性能，还增加了球的耐用性和对地面的抓地力。球体的大小适中，便于在比赛中传递和操控。它的材质坚固，经过特殊处理，确保了球在运动过程中的稳定性和准确性。这个球体在同类体育用品中以其特定的尺寸和材质而闻名，是进行特定团队运动时的理想选择。
2024-12-13 12:39:00,907 - 2 - INFO - **********JUDGER**********
玩家1说：这是一种圆形的球体，表面有六边形和五边形的几何图案。它在体育用品中以其在特定运动中的使用而著称，区别于其他球体的是它的尺寸和材质。这是一个中等大小的球体，用于团队竞技，表面具有多边形网状结构，便于抓握和传递。它通常由合成材料制成，确保了耐用性和适当的弹性。这个球体在体育用品中以其多边形网状表面和特定的尺寸而闻名，是团队运动中传递和控制的理想选择。它的材质坚固，表面处理增加了抓地力，确保了运动中的稳定性和准确性。玩家2说：这是一个用于多种体育运动的球体，具有明显的黑白相间的线条图案。它通常由橡胶或合成材料制成，表面较为光滑。相比其他球体，它的表面设计独特，有助于提高运动性能。这个球体是中等大小的，主要用于一项特定的团队运动。它的表面光滑，由耐用材料制成，易于滚动和操控。在同类体育用品中，它以其独特的几何图案设计而著称，这种设计有助于提高运动性能，并且与传统的球体相比，它的尺寸和材质也略有不同。这个球体是专门为团队运动设计的，它的表面设计独特，具有明显的几何图案，这种设计不仅提高了运动性能，还增加了球的耐用性和对地面的抓地力。球体的大小适中，便于在比赛中传递和操控。它的材质坚固，经过特殊处理，确保了球在运动过程中的稳定性和准确性。这个球体在同类体育用品中以其特定的尺寸和材质而闻名，是进行特定团队运动时的理想选择。玩家3说：这是一个中等的球体，主要用于一项团队运动。它的表面光滑，由耐用材料制成，易于滚动和操控。在同类体育用品中，它以其特定的尺寸和适合运动的手感而闻名。这个球体是中等大小的，主要用于一项团队竞技运动。它的表面光滑且耐用，由合成材料制成，确保了球体的弹性和耐用性。这个球体在体育用品中以其独特的圆形设计和特定的尺寸而著称，这种设计使得它非常适合团队运动中的传球和投篮。它的表面结构便于抓握和传递，是这项运动中不可或缺的器材。这个球体在体育用品中以其特定的形状和尺寸而著称，适合在空中飞行和地面滚动。它的材质确保了球体的耐用性和适当的弹性，使其在运动中能够保持形状和性能。这个球体的表面处理增加了抓地力，使得它在传递和投篮时更加稳定。此外，它的设计考虑了运动中的空气动力学，有助于球在空中保持流畅的轨迹。这个球体是团队运动中传递和控球的关键工具，对于比赛结果有着重要影响。玩家4说：这是一个中等的球体，主要用于一项团队运动。它的表面光滑，由耐用材料制成，易于滚动和操控。在同类体育用品中，它以其特定的尺寸和适合运动的手感而闻名。与其他球体相比，它最突出的不同特征是其独特的几何图案设计。这个球体在体育用品中以其独特的圆形设计和特定的尺寸而著称，这种设计使得它非常适合团队运动中的传球和投篮。它的表面结构便于抓握和传递，是这项运动中不可或缺的器材。此外，它的表面材质经过特殊处理，增加了球的耐用性和对地面的抓地力，确保了球在运动过程中的稳定性和准确性。这个球体在体育用品中以其独特的表面纹理和颜色搭配而著称，这种设计不仅提高了球的视觉辨识度，还有助于球员在比赛中快速识别和操控。它的尺寸和重量经过精心设计，以适应不同运动的需求，确保球员在传球、投篮和运球时能够获得最佳的手感和控制。此外，球体的材质选择旨在提供良好的耐用性，同时保持足够的弹性，以承受频繁的使用和撞击。这种球体在同类体育用品中以其精准的飞行轨迹和稳定的性能而受到推崇。||在这个游戏中，我们需要通过分析每位玩家的描述来找出卧底。通常，平民的描述会围绕相同的词语展开，而卧底的描述可能会因为词语的不同而显得不太一致。我们需要仔细比较每个描述之间的相似性和差异性，以找出可能的卧底，注意，卧底并不会隐藏自己，他会直接描述他的词语，现在，逐一分析每个玩家的描述，注意，这局游戏的词语分类为<体育用品>，卧底词和平民词都属于该类。||之前是第3轮描述和之前轮数描述的合集。你之前认为的卧底是玩家3。
2024-12-13 12:39:14,906 - 2 - INFO - **********PLAYER2**********
根据四位玩家的描述，我们可以进行以下分析：

玩家1的描述中提到了球体的多边形网状表面、特定的尺寸、合成材料制成、耐用性、弹性、抓地力、稳定性和准确性，以及适合团队运动中的传递和控制。

玩家2的描述中提到了球体的黑白相间线条图案、橡胶或合成材料制成、光滑表面、独特的几何图案设计、提高运动性能、特定的尺寸和材质、耐用性、滚动和操控性、适合团队运动、独特的几何图案设计、耐用性和对地面的抓地力。

玩家3的描述中提到了球体的中等大小、耐用材料、易于滚动和操控、特定尺寸、适合运动的手感、圆形设计、特定的形状和尺寸、弹性、耐用性、抓地力、表面处理、空气动力学、精准的飞行轨迹、稳定的性能、视觉辨识度、颜色搭配、尺寸和重量设计、耐用性、弹性。

玩家4的描述中提到了球体的中等大小、耐用材料、易于滚动和操控、特定尺寸、适合运动的手感、独特的几何图案设计、圆形设计、特定的形状和尺寸、抓地力、表面纹理、颜色搭配、视觉辨识度、尺寸和重量设计、耐用性、弹性。

综合以上描述，玩家1、2和4的描述都强调了球体的特定尺寸、耐用性、滚动和操控性、抓地力、表面设计、视觉辨识度、耐用性和弹性。而玩家3的描述中虽然也提到了这些特征，但还特别强调了圆形设计、空气动力学、精准的飞行轨迹和稳定的性能，这些特征在其他玩家的描述中没有出现。

因此，基于描述的差异性，玩家3的描述中包含了与其他玩家不同的特征，这可能是区分平民和卧底的线索。所以，如果之前认为玩家3是卧底，那么这一轮的分析仍然支持这一结论。因此，我认为卧底是玩家3。
2024-12-13 12:39:14,909 - 2 - INFO - **********JUDGER**********
你刚刚的分析是根据四位玩家的描述，我们可以进行以下分析：

玩家1的描述中提到了球体的多边形网状表面、特定的尺寸、合成材料制成、耐用性、弹性、抓地力、稳定性和准确性，以及适合团队运动中的传递和控制。

玩家2的描述中提到了球体的黑白相间线条图案、橡胶或合成材料制成、光滑表面、独特的几何图案设计、提高运动性能、特定的尺寸和材质、耐用性、滚动和操控性、适合团队运动、独特的几何图案设计、耐用性和对地面的抓地力。

玩家3的描述中提到了球体的中等大小、耐用材料、易于滚动和操控、特定尺寸、适合运动的手感、圆形设计、特定的形状和尺寸、弹性、耐用性、抓地力、表面处理、空气动力学、精准的飞行轨迹、稳定的性能、视觉辨识度、颜色搭配、尺寸和重量设计、耐用性、弹性。

玩家4的描述中提到了球体的中等大小、耐用材料、易于滚动和操控、特定尺寸、适合运动的手感、独特的几何图案设计、圆形设计、特定的形状和尺寸、抓地力、表面纹理、颜色搭配、视觉辨识度、尺寸和重量设计、耐用性、弹性。

综合以上描述，玩家1、2和4的描述都强调了球体的特定尺寸、耐用性、滚动和操控性、抓地力、表面设计、视觉辨识度、耐用性和弹性。而玩家3的描述中虽然也提到了这些特征，但还特别强调了圆形设计、空气动力学、精准的飞行轨迹和稳定的性能，这些特征在其他玩家的描述中没有出现。

因此，基于描述的差异性，玩家3的描述中包含了与其他玩家不同的特征，这可能是区分平民和卧底的线索。所以，如果之前认为玩家3是卧底，那么这一轮的分析仍然支持这一结论。因此，我认为卧底是玩家3。|| `请根据上述分析，比较描述以找出不一致之处，注意，这局游戏的词语分类为<体育用品>，卧底词和平民词都属于该类。
2024-12-13 12:39:33,530 - 2 - INFO - **********PLAYER2**********
根据上述分析，我们可以比较四位玩家的描述以找出不一致之处：

1. 玩家1和玩家2的描述都提到了球体的黑白相间线条图案、合成材料制成、光滑表面、独特的几何图案设计、耐用性、滚动和操控性、适合团队运动，以及耐用性和对地面的抓地力。

2. 玩家3的描述中提到了球体的中等大小、耐用材料、易于滚动和操控、特定尺寸、适合运动的手感、圆形设计、特定的形状和尺寸、弹性、耐用性、抓地力、表面处理、空气动力学、精准的飞行轨迹、稳定的性能、视觉辨识度、颜色搭配、尺寸和重量设计、耐用性、弹性。

3. 玩家4的描述中提到了球体的中等大小、耐用材料、易于滚动和操控、特定尺寸、适合运动的手感、独特的几何图案设计、圆形设计、特定的形状和尺寸、抓地力、表面纹理、颜色搭配、视觉辨识度、尺寸和重量设计、耐用性、弹性。

不一致之处：
- 玩家3的描述中特别提到了圆形设计、空气动力学、精准的飞行轨迹和稳定的性能，这些特征在玩家1和玩家2的描述中没有出现。
- 玩家3的描述中提到了表面处理、尺寸和重量设计，这些细节在玩家1和玩家2的描述中没有提及。
- 玩家4的描述中提到了表面纹理，而玩家1和玩家2的描述中提到的是光滑表面和独特的几何图案设计。

这些不一致之处表明玩家3的描述包含了更多的具体特征和细节，这些特征在玩家1和玩家2的描述中没有得到体现，这可能是区分平民和卧底的线索。
2024-12-13 12:39:33,536 - 2 - INFO - **********JUDGER**********
你刚刚的分析是根据上述分析，我们可以比较四位玩家的描述以找出不一致之处：

1. 玩家1和玩家2的描述都提到了球体的黑白相间线条图案、合成材料制成、光滑表面、独特的几何图案设计、耐用性、滚动和操控性、适合团队运动，以及耐用性和对地面的抓地力。

2. 玩家3的描述中提到了球体的中等大小、耐用材料、易于滚动和操控、特定尺寸、适合运动的手感、圆形设计、特定的形状和尺寸、弹性、耐用性、抓地力、表面处理、空气动力学、精准的飞行轨迹、稳定的性能、视觉辨识度、颜色搭配、尺寸和重量设计、耐用性、弹性。

3. 玩家4的描述中提到了球体的中等大小、耐用材料、易于滚动和操控、特定尺寸、适合运动的手感、独特的几何图案设计、圆形设计、特定的形状和尺寸、抓地力、表面纹理、颜色搭配、视觉辨识度、尺寸和重量设计、耐用性、弹性。

不一致之处：
- 玩家3的描述中特别提到了圆形设计、空气动力学、精准的飞行轨迹和稳定的性能，这些特征在玩家1和玩家2的描述中没有出现。
- 玩家3的描述中提到了表面处理、尺寸和重量设计，这些细节在玩家1和玩家2的描述中没有提及。
- 玩家4的描述中提到了表面纹理，而玩家1和玩家2的描述中提到的是光滑表面和独特的几何图案设计。

这些不一致之处表明玩家3的描述包含了更多的具体特征和细节，这些特征在玩家1和玩家2的描述中没有得到体现，这可能是区分平民和卧底的线索。|| 请通过你分析的不一致之处，推断卧底身份，注意，这局游戏的词语分类为<体育用品>，卧底词和平民词都属于该类。
2024-12-13 12:39:44,232 - 2 - INFO - **********PLAYER2**********
基于分析的不一致之处，我们可以推断卧底身份：

1. 玩家3的描述中包含了“圆形设计”、“空气动力学”、“精准的飞行轨迹”和“稳定的性能”等特征，这些在玩家1和玩家2的描述中没有出现。

2. 玩家3的描述中还提到了“表面处理”和“尺寸和重量设计”，这些也是玩家1和玩家2没有提到的。

3. 玩家4的描述中提到了“表面纹理”，这与玩家1和玩家2提到的“光滑表面”和“独特的几何图案设计”有所不同。

综合这些不一致之处，玩家3的描述包含了更多与球体设计和性能相关的具体细节，这些细节在玩家1和玩家2的描述中没有得到体现。因此，根据这些差异，我认为卧底是玩家3。
2024-12-13 12:39:44,234 - 2 - INFO - **********JUDGER**********
你刚刚的推断是基于分析的不一致之处，我们可以推断卧底身份：

1. 玩家3的描述中包含了“圆形设计”、“空气动力学”、“精准的飞行轨迹”和“稳定的性能”等特征，这些在玩家1和玩家2的描述中没有出现。

2. 玩家3的描述中还提到了“表面处理”和“尺寸和重量设计”，这些也是玩家1和玩家2没有提到的。

3. 玩家4的描述中提到了“表面纹理”，这与玩家1和玩家2提到的“光滑表面”和“独特的几何图案设计”有所不同。

综合这些不一致之处，玩家3的描述包含了更多与球体设计和性能相关的具体细节，这些细节在玩家1和玩家2的描述中没有得到体现。因此，根据这些差异，我认为卧底是玩家3。|| 基于你刚刚的推断得出你的最终结论，请输出你认为的卧底，在这种情况下只需要输出编号，是1-4中的某个数字，不要输出其他信息。在这个过程不要进行任何推理，只对||以前的部分进行信息提取
2024-12-13 12:39:45,889 - 2 - INFO - **********PLAYER2**********
3
