2024-12-13 12:32:02,576 - 4 - INFO - **********JUDGER**********
让我们来玩一个叫做<谁是卧底>的推理游戏。基本规则：<人数>：4人。<角色分配>：每位玩家随机抽取一个词语，3名玩家拿到的词语是相同的（平民词），1名玩家拿到与之相近但不同的词语（卧底词）。<游戏流程>：1、玩家轮流描述自己的词语，但<不能>直接说出词语本身。2、描述完毕后，投票选出最像卧底的玩家。3、每轮结束后，被投票选出的玩家出局，不能再进行描述或投票。4、每轮投票结束后，如果卧底被成功找出，平民方获胜；如果卧底未被找出且卧底人数等于或超过平民人数，则卧底方获胜。你将扮演一个<玩家>，请等待你被分配到的关键词。如果你听懂了，只回答，"好的，我准备好参加游戏了"，不要输出别的信息
2024-12-13 12:32:03,415 - 4 - INFO - **********PLAYER4**********
好的，我准备好参加游戏了
2024-12-13 12:32:19,773 - 4 - INFO - **********JUDGER**********
玩家1说：这是一种圆形的球体，表面有六边形和五边形的几何图案。它在体育用品中以其在特定运动中的使用而著称，区别于其他球体的是它的尺寸和材质。玩家2说：这是一个用于多种体育运动的球体，具有明显的黑白相间的线条图案。它通常由橡胶或合成材料制成，表面较为光滑。相比其他球体，它的表面设计独特，有助于提高运动性能。玩家3说：这是一个中等的球体，主要用于一项团队运动。它的表面光滑，由耐用材料制成，易于滚动和操控。在同类体育用品中，它以其特定的尺寸和适合运动的手感而闻名。玩家4说：|| 你是第4号玩家，你的关键词是<篮球>。你的回答中绝对不能包含你的关键词<篮球>。这是第一轮描述，不需要分析||之前别的玩家的描述，请你描述关键词基本特征，注意，这局游戏的词语分类为<体育用品>，卧底词和平民词都属于该类，描述包括以下两点，1.他的基本特征是什么2.他在该类（体育用品）中最突出不同的特征是什么，尽量简短
2024-12-13 12:32:23,245 - 4 - INFO - **********PLAYER4**********
这是一个中等的球体，主要用于一项团队运动。它的表面光滑，由耐用材料制成，易于滚动和操控。在同类体育用品中，它以其特定的尺寸和适合运动的手感而闻名。与其他球体相比，它最突出的不同特征是其独特的几何图案设计。
2024-12-13 12:35:27,854 - 4 - INFO - **********JUDGER**********
玩家1说：这是一种圆形的球体，表面有六边形和五边形的几何图案。它在体育用品中以其在特定运动中的使用而著称，区别于其他球体的是它的尺寸和材质。玩家2说：这是一个用于多种体育运动的球体，具有明显的黑白相间的线条图案。它通常由橡胶或合成材料制成，表面较为光滑。相比其他球体，它的表面设计独特，有助于提高运动性能。玩家3说：这是一个中等的球体，主要用于一项团队运动。它的表面光滑，由耐用材料制成，易于滚动和操控。在同类体育用品中，它以其特定的尺寸和适合运动的手感而闻名。玩家4说：||在这个游戏中，我们需要通过分析每位玩家的描述来找出卧底。通常，平民的描述会围绕相同的词语展开，而卧底的描述可能会因为词语的不同而显得不太一致。我们需要仔细比较每个描述之间的相似性和差异性，以找出可能的卧底，注意，卧底并不会隐藏自己，他会直接描述他的词语，现在，逐一分析每个玩家的描述，注意，这局游戏的词语分类为<体育用品>，卧底词和平民词都属于该类。这是第一轮描述。
2024-12-13 12:35:37,991 - 4 - INFO - **********PLAYER4**********
玩家1的描述提到了一个圆形球体，具有六边形和五边形的几何图案，特定运动和尺寸材质的特点。玩家2的描述也提到了一个球体，具有黑白相间的线条图案，用于多种运动，由橡胶或合成材料制成，表面光滑，表面设计独特。玩家3的描述是一个中等的球体，主要用于一项团队运动，表面光滑，耐用，易于滚动和操控，具有特定的尺寸和手感。

从这些描述中，玩家1和玩家2的描述都指向了足球，而玩家3的描述指向了篮球。由于足球和篮球都是体育用品中的球类，它们的基本特征和用途有相似之处，但玩家3的描述中没有提到与足球相同的几何图案或线条图案，这可能是他的描述与足球不同的地方。

因此，玩家3的描述可能与卧底词不符，因为他没有提到与足球相关的特征，而其他两位玩家的描述都较为一致地指向了足球。这提示我们玩家3可能是卧底。然而，卧底也可能故意制造混淆，所以需要进一步的信息来确认。在下一轮中，我们可以观察玩家3是否试图通过描述来纠正或加强他的描述，或者是否继续与其他玩家的描述保持一致。
2024-12-13 12:35:37,991 - 4 - INFO - **********JUDGER**********
你刚刚的分析是玩家1的描述提到了一个圆形球体，具有六边形和五边形的几何图案，特定运动和尺寸材质的特点。玩家2的描述也提到了一个球体，具有黑白相间的线条图案，用于多种运动，由橡胶或合成材料制成，表面光滑，表面设计独特。玩家3的描述是一个中等的球体，主要用于一项团队运动，表面光滑，耐用，易于滚动和操控，具有特定的尺寸和手感。

从这些描述中，玩家1和玩家2的描述都指向了足球，而玩家3的描述指向了篮球。由于足球和篮球都是体育用品中的球类，它们的基本特征和用途有相似之处，但玩家3的描述中没有提到与足球相同的几何图案或线条图案，这可能是他的描述与足球不同的地方。

因此，玩家3的描述可能与卧底词不符，因为他没有提到与足球相关的特征，而其他两位玩家的描述都较为一致地指向了足球。这提示我们玩家3可能是卧底。然而，卧底也可能故意制造混淆，所以需要进一步的信息来确认。在下一轮中，我们可以观察玩家3是否试图通过描述来纠正或加强他的描述，或者是否继续与其他玩家的描述保持一致。|| `请根据上述分析，比较描述以找出不一致之处，注意，这局游戏的词语分类为<体育用品>，卧底词和平民词都属于该类。
2024-12-13 12:36:04,759 - 4 - INFO - **********PLAYER4**********
根据上述分析，以下是不一致之处：

1. 玩家1和玩家2的描述都提到了球体表面有特定的图案（六边形和五边形的几何图案，以及黑白相间的线条图案），而玩家3的描述没有提到任何表面图案。

2. 玩家1和玩家2的描述都提到了球体用于多种运动，而玩家3的描述只提到了球体用于一项团队运动，并没有提到它适用于多种运动。

3. 玩家1和玩家2的描述都强调了球体的表面设计（独特、光滑、有助于提高运动性能），而玩家3的描述虽然也提到了球体的表面光滑和耐用，但没有强调表面设计对于运动性能的影响。

这些不一致之处可能表明玩家3的描述与足球或篮球的特征不完全相符，因此可能是卧底。然而，卧底也可能在故意混淆视听，所以需要更多的信息来进一步确认。在下一轮中，我们可以观察玩家3是否会继续强调这些不一致点，或者是否会试图通过描述来澄清或改变他的描述，以使其与其他玩家的描述更加一致。
2024-12-13 12:36:04,763 - 4 - INFO - **********JUDGER**********
你刚刚的分析是根据上述分析，以下是不一致之处：

1. 玩家1和玩家2的描述都提到了球体表面有特定的图案（六边形和五边形的几何图案，以及黑白相间的线条图案），而玩家3的描述没有提到任何表面图案。

2. 玩家1和玩家2的描述都提到了球体用于多种运动，而玩家3的描述只提到了球体用于一项团队运动，并没有提到它适用于多种运动。

3. 玩家1和玩家2的描述都强调了球体的表面设计（独特、光滑、有助于提高运动性能），而玩家3的描述虽然也提到了球体的表面光滑和耐用，但没有强调表面设计对于运动性能的影响。

这些不一致之处可能表明玩家3的描述与足球或篮球的特征不完全相符，因此可能是卧底。然而，卧底也可能在故意混淆视听，所以需要更多的信息来进一步确认。在下一轮中，我们可以观察玩家3是否会继续强调这些不一致点，或者是否会试图通过描述来澄清或改变他的描述，以使其与其他玩家的描述更加一致。|| 请通过你分析的不一致之处，推断卧底身份，注意，这局游戏的词语分类为<体育用品>，卧底词和平民词都属于该类。
2024-12-13 12:36:15,858 - 4 - INFO - **********PLAYER4**********
根据分析中提到的不一致之处，以下是我的推断：

1. 玩家3没有提到球体的表面图案，而玩家1和玩家2的描述中都提到了与特定图案相关的特征。这可能是关键线索，因为足球（玩家1和玩家2可能描述的词）有一个非常著名的特征，即它的表面由32块六边形和五边形的多边形组成。

2. 玩家3的描述只提到球体用于一项团队运动，而玩家1和玩家2的描述中提到了球体用于多种运动。这暗示玩家3可能描述的是一种更专业或特定用途的球体。

3. 玩家3的描述中提到了球体的表面光滑和耐用，但没有强调表面设计对运动性能的影响，这与足球的描述不同，因为足球的表面设计对于控制球和踢球技巧至关重要。

综合这些点，玩家3的描述最不符合足球的特征，因此根据这些不一致之处，我推断玩家3可能是卧底，他的关键词可能是与上述特征不同的体育用品，例如篮球。篮球虽然也是圆形的球体，用于团队运动，但它没有足球那样的特定图案设计，而且它的表面设计更多地是为了耐用性和抓握感，而不是为了控制球。
2024-12-13 12:36:15,862 - 4 - INFO - **********JUDGER**********
你刚刚的推断是根据分析中提到的不一致之处，以下是我的推断：

1. 玩家3没有提到球体的表面图案，而玩家1和玩家2的描述中都提到了与特定图案相关的特征。这可能是关键线索，因为足球（玩家1和玩家2可能描述的词）有一个非常著名的特征，即它的表面由32块六边形和五边形的多边形组成。

2. 玩家3的描述只提到球体用于一项团队运动，而玩家1和玩家2的描述中提到了球体用于多种运动。这暗示玩家3可能描述的是一种更专业或特定用途的球体。

3. 玩家3的描述中提到了球体的表面光滑和耐用，但没有强调表面设计对运动性能的影响，这与足球的描述不同，因为足球的表面设计对于控制球和踢球技巧至关重要。

综合这些点，玩家3的描述最不符合足球的特征，因此根据这些不一致之处，我推断玩家3可能是卧底，他的关键词可能是与上述特征不同的体育用品，例如篮球。篮球虽然也是圆形的球体，用于团队运动，但它没有足球那样的特定图案设计，而且它的表面设计更多地是为了耐用性和抓握感，而不是为了控制球。|| 基于你刚刚的推断得出你的最终结论，请输出你认为的卧底，在这种情况下只需要输出编号，是1-4中的某个数字，不要输出其他信息。在这个过程不要进行任何推理，只对||以前的部分进行信息提取
2024-12-13 12:36:17,651 - 4 - INFO - **********PLAYER4**********
我准备好参加游戏了。
2024-12-13 12:36:17,652 - 4 - WARNING - Invalid vote: 我准备好参加游戏了。. Asking again.
2024-12-13 12:36:17,653 - 4 - INFO - **********JUDGER**********
你刚刚的推断是根据分析中提到的不一致之处，以下是我的推断：

1. 玩家3没有提到球体的表面图案，而玩家1和玩家2的描述中都提到了与特定图案相关的特征。这可能是关键线索，因为足球（玩家1和玩家2可能描述的词）有一个非常著名的特征，即它的表面由32块六边形和五边形的多边形组成。

2. 玩家3的描述只提到球体用于一项团队运动，而玩家1和玩家2的描述中提到了球体用于多种运动。这暗示玩家3可能描述的是一种更专业或特定用途的球体。

3. 玩家3的描述中提到了球体的表面光滑和耐用，但没有强调表面设计对运动性能的影响，这与足球的描述不同，因为足球的表面设计对于控制球和踢球技巧至关重要。

综合这些点，玩家3的描述最不符合足球的特征，因此根据这些不一致之处，我推断玩家3可能是卧底，他的关键词可能是与上述特征不同的体育用品，例如篮球。篮球虽然也是圆形的球体，用于团队运动，但它没有足球那样的特定图案设计，而且它的表面设计更多地是为了耐用性和抓握感，而不是为了控制球。|| 基于你刚刚的推断得出你的最终结论，请输出你认为的卧底，在这种情况下只需要输出编号，是1-4中的某个数字，不要输出其他信息。在这个过程不要进行任何推理，只对||以前的部分进行信息提取
2024-12-13 12:36:18,492 - 4 - INFO - **********PLAYER4**********
3
2024-12-13 12:36:33,937 - 4 - INFO - **********JUDGER**********
玩家1说：这是一种圆形的球体，表面有六边形和五边形的几何图案。它在体育用品中以其在特定运动中的使用而著称，区别于其他球体的是它的尺寸和材质。这是一个中等大小的球体，用于团队竞技，表面具有多边形网状结构，便于抓握和传递。它通常由合成材料制成，确保了耐用性和适当的弹性。玩家2说：这是一个用于多种体育运动的球体，具有明显的黑白相间的线条图案。它通常由橡胶或合成材料制成，表面较为光滑。相比其他球体，它的表面设计独特，有助于提高运动性能。这个球体是中等大小的，主要用于一项特定的团队运动。它的表面光滑，由耐用材料制成，易于滚动和操控。在同类体育用品中，它以其独特的几何图案设计而著称，这种设计有助于提高运动性能，并且与传统的球体相比，它的尺寸和材质也略有不同。玩家3说：这是一个中等的球体，主要用于一项团队运动。它的表面光滑，由耐用材料制成，易于滚动和操控。在同类体育用品中，它以其特定的尺寸和适合运动的手感而闻名。这个球体是中等大小的，主要用于一项团队竞技运动。它的表面光滑且耐用，由合成材料制成，确保了球体的弹性和耐用性。这个球体在体育用品中以其独特的圆形设计和特定的尺寸而著称，这种设计使得它非常适合团队运动中的传球和投篮。它的表面结构便于抓握和传递，是这项运动中不可或缺的器材。玩家4说：这是一个中等的球体，主要用于一项团队运动。它的表面光滑，由耐用材料制成，易于滚动和操控。在同类体育用品中，它以其特定的尺寸和适合运动的手感而闻名。与其他球体相比，它最突出的不同特征是其独特的几何图案设计。你是第4号玩家，你的关键词是<篮球>。你的回答中绝对不能包含你的关键词<篮球>。这是第二轮描述，你之前的描述是这是一个中等的球体，主要用于一项团队运动。它的表面光滑，由耐用材料制成，易于滚动和操控。在同类体育用品中，它以其特定的尺寸和适合运动的手感而闻名。与其他球体相比，它最突出的不同特征是其独特的几何图案设计。，注意，这局游戏的词语分类为<体育用品>，卧底词和平民词都属于该类，请你补充关于关键词的描述，注意，你的描述应该比起之前的描述更加贴近关键词，作为之前的补充
2024-12-13 12:36:39,374 - 4 - INFO - **********PLAYER4**********
这个球体在体育用品中以其独特的圆形设计和特定的尺寸而著称，这种设计使得它非常适合团队运动中的传球和投篮。它的表面结构便于抓握和传递，是这项运动中不可或缺的器材。此外，它的表面材质经过特殊处理，增加了球的耐用性和对地面的抓地力，确保了球在运动过程中的稳定性和准确性。
2024-12-13 12:37:51,766 - 4 - INFO - **********JUDGER**********
玩家1说：这是一种圆形的球体，表面有六边形和五边形的几何图案。它在体育用品中以其在特定运动中的使用而著称，区别于其他球体的是它的尺寸和材质。这是一个中等大小的球体，用于团队竞技，表面具有多边形网状结构，便于抓握和传递。它通常由合成材料制成，确保了耐用性和适当的弹性。玩家2说：这是一个用于多种体育运动的球体，具有明显的黑白相间的线条图案。它通常由橡胶或合成材料制成，表面较为光滑。相比其他球体，它的表面设计独特，有助于提高运动性能。这个球体是中等大小的，主要用于一项特定的团队运动。它的表面光滑，由耐用材料制成，易于滚动和操控。在同类体育用品中，它以其独特的几何图案设计而著称，这种设计有助于提高运动性能，并且与传统的球体相比，它的尺寸和材质也略有不同。玩家3说：这是一个中等的球体，主要用于一项团队运动。它的表面光滑，由耐用材料制成，易于滚动和操控。在同类体育用品中，它以其特定的尺寸和适合运动的手感而闻名。这个球体是中等大小的，主要用于一项团队竞技运动。它的表面光滑且耐用，由合成材料制成，确保了球体的弹性和耐用性。这个球体在体育用品中以其独特的圆形设计和特定的尺寸而著称，这种设计使得它非常适合团队运动中的传球和投篮。它的表面结构便于抓握和传递，是这项运动中不可或缺的器材。玩家4说：这是一个中等的球体，主要用于一项团队运动。它的表面光滑，由耐用材料制成，易于滚动和操控。在同类体育用品中，它以其特定的尺寸和适合运动的手感而闻名。与其他球体相比，它最突出的不同特征是其独特的几何图案设计。||在这个游戏中，我们需要通过分析每位玩家的描述来找出卧底。通常，平民的描述会围绕相同的词语展开，而卧底的描述可能会因为词语的不同而显得不太一致。我们需要仔细比较每个描述之间的相似性和差异性，以找出可能的卧底，注意，卧底并不会隐藏自己，他会直接描述他的词语，现在，逐一分析每个玩家的描述，注意，这局游戏的词语分类为<体育用品>，卧底词和平民词都属于该类。||之前是第2轮描述和之前轮数描述的合集。你之前认为的卧底是玩家3。
2024-12-13 12:38:05,942 - 4 - INFO - **********PLAYER4**********
根据第二轮描述和之前的分析，以下是每位玩家的描述总结：

玩家1：描述了一个具有六边形和五边形几何图案的球体，用于特定运动，强调尺寸和材质的独特性。

玩家2：描述了一个具有黑白相间线条图案的球体，用于多种运动，强调表面设计对运动性能的提升。

玩家3：描述了一个中等大小的球体，用于团队运动，强调表面光滑、耐用材料、易于滚动和操控，以及特定的尺寸和手感。

玩家4：描述了一个中等大小的球体，用于团队运动，强调表面光滑、耐用材料、易于滚动和操控，以及独特的几何图案设计。

从描述中可以看出，玩家1和玩家2的描述都强调了球体的表面图案和设计，这与足球的特征相符。玩家4的描述虽然也提到了表面图案，但没有像玩家1和玩家2那样强调图案的独特性和对运动性能的影响。玩家3的描述则更侧重于球体的物理特性，如表面光滑、耐用材料等，但没有提到图案或设计。

考虑到之前的推断，玩家3的描述虽然与足球的特征不完全一致，但也没有明显的矛盾。然而，玩家1和玩家2的描述更加贴合足球的特征。因此，如果之前的推断是基于描述中的图案和设计特征，那么玩家3可能不是卧底。

现在，我们需要重新评估卧底的可能性。由于玩家1和玩家2的描述都强调了球体的图案和设计，而玩家3的描述没有，这可能意味着玩家3的描述与足球的特征不太一致，从而增加了他作为卧底的可能性。

综上所述，基于第二轮描述和之前的分析，玩家3可能是卧底。
2024-12-13 12:38:05,944 - 4 - INFO - **********JUDGER**********
你刚刚的分析是根据第二轮描述和之前的分析，以下是每位玩家的描述总结：

玩家1：描述了一个具有六边形和五边形几何图案的球体，用于特定运动，强调尺寸和材质的独特性。

玩家2：描述了一个具有黑白相间线条图案的球体，用于多种运动，强调表面设计对运动性能的提升。

玩家3：描述了一个中等大小的球体，用于团队运动，强调表面光滑、耐用材料、易于滚动和操控，以及特定的尺寸和手感。

玩家4：描述了一个中等大小的球体，用于团队运动，强调表面光滑、耐用材料、易于滚动和操控，以及独特的几何图案设计。

从描述中可以看出，玩家1和玩家2的描述都强调了球体的表面图案和设计，这与足球的特征相符。玩家4的描述虽然也提到了表面图案，但没有像玩家1和玩家2那样强调图案的独特性和对运动性能的影响。玩家3的描述则更侧重于球体的物理特性，如表面光滑、耐用材料等，但没有提到图案或设计。

考虑到之前的推断，玩家3的描述虽然与足球的特征不完全一致，但也没有明显的矛盾。然而，玩家1和玩家2的描述更加贴合足球的特征。因此，如果之前的推断是基于描述中的图案和设计特征，那么玩家3可能不是卧底。

现在，我们需要重新评估卧底的可能性。由于玩家1和玩家2的描述都强调了球体的图案和设计，而玩家3的描述没有，这可能意味着玩家3的描述与足球的特征不太一致，从而增加了他作为卧底的可能性。

综上所述，基于第二轮描述和之前的分析，玩家3可能是卧底。|| `请根据上述分析，比较描述以找出不一致之处，注意，这局游戏的词语分类为<体育用品>，卧底词和平民词都属于该类。
2024-12-13 12:38:13,193 - 4 - INFO - **********PLAYER4**********
根据上述分析，以下是不一致之处：

1. 玩家1和玩家2的描述都提到了球体的表面图案（六边形和五边形的几何图案，以及黑白相间的线条图案），而玩家3和玩家4的描述没有提到任何表面图案。

2. 玩家1和玩家2的描述都强调了球体设计对运动性能的提升，而玩家3和玩家4的描述主要侧重于球体的物理特性（表面光滑、耐用材料、易于滚动和操控）。

3. 玩家1和玩家2的描述中提到了球体用于特定运动或多种运动，而玩家3和玩家4的描述没有明确指出球体用于哪些具体运动。

4. 玩家3和玩家4的描述都提到了球体的尺寸和手感，而玩家1和玩家2没有强调这些特征。

这些不一致之处表明玩家3和玩家4的描述可能与足球的特征不完全一致，而玩家1和玩家2的描述更接近足球的特征。因此，玩家3和玩家4的描述可能存在不一致之处。
2024-12-13 12:38:13,195 - 4 - INFO - **********JUDGER**********
你刚刚的分析是根据上述分析，以下是不一致之处：

1. 玩家1和玩家2的描述都提到了球体的表面图案（六边形和五边形的几何图案，以及黑白相间的线条图案），而玩家3和玩家4的描述没有提到任何表面图案。

2. 玩家1和玩家2的描述都强调了球体设计对运动性能的提升，而玩家3和玩家4的描述主要侧重于球体的物理特性（表面光滑、耐用材料、易于滚动和操控）。

3. 玩家1和玩家2的描述中提到了球体用于特定运动或多种运动，而玩家3和玩家4的描述没有明确指出球体用于哪些具体运动。

4. 玩家3和玩家4的描述都提到了球体的尺寸和手感，而玩家1和玩家2没有强调这些特征。

这些不一致之处表明玩家3和玩家4的描述可能与足球的特征不完全一致，而玩家1和玩家2的描述更接近足球的特征。因此，玩家3和玩家4的描述可能存在不一致之处。|| 请通过你分析的不一致之处，推断卧底身份，注意，这局游戏的词语分类为<体育用品>，卧底词和平民词都属于该类。
2024-12-13 12:38:21,935 - 4 - INFO - **********PLAYER4**********
基于分析的不一致之处，以下是我的推断：

玩家3和玩家4的描述没有提到球体的表面图案，而玩家1和玩家2的描述中都提到了球体的表面图案，这是一个显著的不一致点。此外，玩家3和玩家4的描述更侧重于球体的物理特性和尺寸手感，而没有强调设计对运动性能的提升，这也是与玩家1和玩家2描述的一个区别。

考虑到这些不一致之处，玩家3和玩家4的描述可能与足球的特征不太一致，这增加了他们作为卧底的可能性。由于玩家4的描述中提到了“独特的几何图案设计”，这可能与足球的表面图案特征相冲突，因此玩家4的描述可能是与卧底词最不一致的。

因此，根据这些分析，我推断玩家4可能是卧底。
2024-12-13 12:38:21,936 - 4 - INFO - **********JUDGER**********
你刚刚的推断是基于分析的不一致之处，以下是我的推断：

玩家3和玩家4的描述没有提到球体的表面图案，而玩家1和玩家2的描述中都提到了球体的表面图案，这是一个显著的不一致点。此外，玩家3和玩家4的描述更侧重于球体的物理特性和尺寸手感，而没有强调设计对运动性能的提升，这也是与玩家1和玩家2描述的一个区别。

考虑到这些不一致之处，玩家3和玩家4的描述可能与足球的特征不太一致，这增加了他们作为卧底的可能性。由于玩家4的描述中提到了“独特的几何图案设计”，这可能与足球的表面图案特征相冲突，因此玩家4的描述可能是与卧底词最不一致的。

因此，根据这些分析，我推断玩家4可能是卧底。|| 基于你刚刚的推断得出你的最终结论，请输出你认为的卧底，在这种情况下只需要输出编号，是1-4中的某个数字，不要输出其他信息。在这个过程不要进行任何推理，只对||以前的部分进行信息提取
2024-12-13 12:38:23,202 - 4 - INFO - **********PLAYER4**********
4
2024-12-13 12:38:39,962 - 4 - INFO - **********JUDGER**********
玩家1说：这是一种圆形的球体，表面有六边形和五边形的几何图案。它在体育用品中以其在特定运动中的使用而著称，区别于其他球体的是它的尺寸和材质。这是一个中等大小的球体，用于团队竞技，表面具有多边形网状结构，便于抓握和传递。它通常由合成材料制成，确保了耐用性和适当的弹性。这个球体在体育用品中以其多边形网状表面和特定的尺寸而闻名，是团队运动中传递和控制的理想选择。它的材质坚固，表面处理增加了抓地力，确保了运动中的稳定性和准确性。玩家2说：这是一个用于多种体育运动的球体，具有明显的黑白相间的线条图案。它通常由橡胶或合成材料制成，表面较为光滑。相比其他球体，它的表面设计独特，有助于提高运动性能。这个球体是中等大小的，主要用于一项特定的团队运动。它的表面光滑，由耐用材料制成，易于滚动和操控。在同类体育用品中，它以其独特的几何图案设计而著称，这种设计有助于提高运动性能，并且与传统的球体相比，它的尺寸和材质也略有不同。这个球体是专门为团队运动设计的，它的表面设计独特，具有明显的几何图案，这种设计不仅提高了运动性能，还增加了球的耐用性和对地面的抓地力。球体的大小适中，便于在比赛中传递和操控。它的材质坚固，经过特殊处理，确保了球在运动过程中的稳定性和准确性。这个球体在同类体育用品中以其特定的尺寸和材质而闻名，是进行特定团队运动时的理想选择。玩家3说：这是一个中等的球体，主要用于一项团队运动。它的表面光滑，由耐用材料制成，易于滚动和操控。在同类体育用品中，它以其特定的尺寸和适合运动的手感而闻名。这个球体是中等大小的，主要用于一项团队竞技运动。它的表面光滑且耐用，由合成材料制成，确保了球体的弹性和耐用性。这个球体在体育用品中以其独特的圆形设计和特定的尺寸而著称，这种设计使得它非常适合团队运动中的传球和投篮。它的表面结构便于抓握和传递，是这项运动中不可或缺的器材。这个球体在体育用品中以其特定的形状和尺寸而著称，适合在空中飞行和地面滚动。它的材质确保了球体的耐用性和适当的弹性，使其在运动中能够保持形状和性能。这个球体的表面处理增加了抓地力，使得它在传递和投篮时更加稳定。此外，它的设计考虑了运动中的空气动力学，有助于球在空中保持流畅的轨迹。这个球体是团队运动中传递和控球的关键工具，对于比赛结果有着重要影响。玩家4说：这是一个中等的球体，主要用于一项团队运动。它的表面光滑，由耐用材料制成，易于滚动和操控。在同类体育用品中，它以其特定的尺寸和适合运动的手感而闻名。与其他球体相比，它最突出的不同特征是其独特的几何图案设计。这个球体在体育用品中以其独特的圆形设计和特定的尺寸而著称，这种设计使得它非常适合团队运动中的传球和投篮。它的表面结构便于抓握和传递，是这项运动中不可或缺的器材。此外，它的表面材质经过特殊处理，增加了球的耐用性和对地面的抓地力，确保了球在运动过程中的稳定性和准确性。你是第4号玩家，你的关键词是<篮球>。你的回答中绝对不能包含你的关键词<篮球>。这是第三轮描述，你之前的描述是这是一个中等的球体，主要用于一项团队运动。它的表面光滑，由耐用材料制成，易于滚动和操控。在同类体育用品中，它以其特定的尺寸和适合运动的手感而闻名。与其他球体相比，它最突出的不同特征是其独特的几何图案设计。和这个球体在体育用品中以其独特的圆形设计和特定的尺寸而著称，这种设计使得它非常适合团队运动中的传球和投篮。它的表面结构便于抓握和传递，是这项运动中不可或缺的器材。此外，它的表面材质经过特殊处理，增加了球的耐用性和对地面的抓地力，确保了球在运动过程中的稳定性和准确性。，注意，这局游戏的词语分类为<体育用品>，卧底词和平民词都属于该类，请你补充关于关键词的描述，注意，你的描述应该比起之前的描述更加贴近关键词，作为之前的补充
2024-12-13 12:38:45,591 - 4 - INFO - **********PLAYER4**********
这个球体在体育用品中以其独特的表面纹理和颜色搭配而著称，这种设计不仅提高了球的视觉辨识度，还有助于球员在比赛中快速识别和操控。它的尺寸和重量经过精心设计，以适应不同运动的需求，确保球员在传球、投篮和运球时能够获得最佳的手感和控制。此外，球体的材质选择旨在提供良好的耐用性，同时保持足够的弹性，以承受频繁的使用和撞击。这种球体在同类体育用品中以其精准的飞行轨迹和稳定的性能而受到推崇。
2024-12-13 12:40:13,083 - 4 - INFO - **********JUDGER**********
玩家1说：这是一种圆形的球体，表面有六边形和五边形的几何图案。它在体育用品中以其在特定运动中的使用而著称，区别于其他球体的是它的尺寸和材质。这是一个中等大小的球体，用于团队竞技，表面具有多边形网状结构，便于抓握和传递。它通常由合成材料制成，确保了耐用性和适当的弹性。这个球体在体育用品中以其多边形网状表面和特定的尺寸而闻名，是团队运动中传递和控制的理想选择。它的材质坚固，表面处理增加了抓地力，确保了运动中的稳定性和准确性。玩家2说：这是一个用于多种体育运动的球体，具有明显的黑白相间的线条图案。它通常由橡胶或合成材料制成，表面较为光滑。相比其他球体，它的表面设计独特，有助于提高运动性能。这个球体是中等大小的，主要用于一项特定的团队运动。它的表面光滑，由耐用材料制成，易于滚动和操控。在同类体育用品中，它以其独特的几何图案设计而著称，这种设计有助于提高运动性能，并且与传统的球体相比，它的尺寸和材质也略有不同。这个球体是专门为团队运动设计的，它的表面设计独特，具有明显的几何图案，这种设计不仅提高了运动性能，还增加了球的耐用性和对地面的抓地力。球体的大小适中，便于在比赛中传递和操控。它的材质坚固，经过特殊处理，确保了球在运动过程中的稳定性和准确性。这个球体在同类体育用品中以其特定的尺寸和材质而闻名，是进行特定团队运动时的理想选择。玩家3说：这是一个中等的球体，主要用于一项团队运动。它的表面光滑，由耐用材料制成，易于滚动和操控。在同类体育用品中，它以其特定的尺寸和适合运动的手感而闻名。这个球体是中等大小的，主要用于一项团队竞技运动。它的表面光滑且耐用，由合成材料制成，确保了球体的弹性和耐用性。这个球体在体育用品中以其独特的圆形设计和特定的尺寸而著称，这种设计使得它非常适合团队运动中的传球和投篮。它的表面结构便于抓握和传递，是这项运动中不可或缺的器材。这个球体在体育用品中以其特定的形状和尺寸而著称，适合在空中飞行和地面滚动。它的材质确保了球体的耐用性和适当的弹性，使其在运动中能够保持形状和性能。这个球体的表面处理增加了抓地力，使得它在传递和投篮时更加稳定。此外，它的设计考虑了运动中的空气动力学，有助于球在空中保持流畅的轨迹。这个球体是团队运动中传递和控球的关键工具，对于比赛结果有着重要影响。玩家4说：这是一个中等的球体，主要用于一项团队运动。它的表面光滑，由耐用材料制成，易于滚动和操控。在同类体育用品中，它以其特定的尺寸和适合运动的手感而闻名。与其他球体相比，它最突出的不同特征是其独特的几何图案设计。这个球体在体育用品中以其独特的圆形设计和特定的尺寸而著称，这种设计使得它非常适合团队运动中的传球和投篮。它的表面结构便于抓握和传递，是这项运动中不可或缺的器材。此外，它的表面材质经过特殊处理，增加了球的耐用性和对地面的抓地力，确保了球在运动过程中的稳定性和准确性。这个球体在体育用品中以其独特的表面纹理和颜色搭配而著称，这种设计不仅提高了球的视觉辨识度，还有助于球员在比赛中快速识别和操控。它的尺寸和重量经过精心设计，以适应不同运动的需求，确保球员在传球、投篮和运球时能够获得最佳的手感和控制。此外，球体的材质选择旨在提供良好的耐用性，同时保持足够的弹性，以承受频繁的使用和撞击。这种球体在同类体育用品中以其精准的飞行轨迹和稳定的性能而受到推崇。||在这个游戏中，我们需要通过分析每位玩家的描述来找出卧底。通常，平民的描述会围绕相同的词语展开，而卧底的描述可能会因为词语的不同而显得不太一致。我们需要仔细比较每个描述之间的相似性和差异性，以找出可能的卧底，注意，卧底并不会隐藏自己，他会直接描述他的词语，现在，逐一分析每个玩家的描述，注意，这局游戏的词语分类为<体育用品>，卧底词和平民词都属于该类。||之前是第3轮描述和之前轮数描述的合集。你之前认为的卧底是玩家4。
2024-12-13 12:40:26,609 - 4 - INFO - **********PLAYER4**********
根据第三轮描述和之前的分析，以下是每位玩家的描述总结：

玩家1：描述了一个具有六边形和五边形几何图案的球体，用于团队竞技，强调尺寸、材质、耐用性和弹性。

玩家2：描述了一个具有黑白相间线条图案的球体，用于多种运动，强调表面设计、耐用性、抓地力、尺寸和材质。

玩家3：描述了一个中等大小的球体，用于团队运动，强调表面光滑、耐用、弹性、尺寸、形状、空气动力学和抓地力。

玩家4：描述了一个中等大小的球体，用于团队运动，强调表面光滑、耐用、尺寸、重量、手感、耐用性、抓地力、视觉辨识度和操控性。

从描述中可以看出，玩家1和玩家2的描述都提到了球体的图案设计、耐用性、抓地力和尺寸，这与足球的特征相符。玩家3的描述虽然也提到了尺寸和耐用性，但没有提到图案设计，而是强调了形状、空气动力学和抓地力，这可能与篮球的特征相符。玩家4的描述与足球和篮球的特征都有相似之处，但更偏向于篮球，因为它强调了球的视觉辨识度和操控性。

考虑到之前的推断，玩家4的描述可能与其他玩家的描述不太一致，因此我之前的推断是玩家4可能是卧底。

综上所述，基于第三轮描述和之前的分析，玩家4可能是卧底。
2024-12-13 12:40:26,611 - 4 - INFO - **********JUDGER**********
你刚刚的分析是根据第三轮描述和之前的分析，以下是每位玩家的描述总结：

玩家1：描述了一个具有六边形和五边形几何图案的球体，用于团队竞技，强调尺寸、材质、耐用性和弹性。

玩家2：描述了一个具有黑白相间线条图案的球体，用于多种运动，强调表面设计、耐用性、抓地力、尺寸和材质。

玩家3：描述了一个中等大小的球体，用于团队运动，强调表面光滑、耐用、弹性、尺寸、形状、空气动力学和抓地力。

玩家4：描述了一个中等大小的球体，用于团队运动，强调表面光滑、耐用、尺寸、重量、手感、耐用性、抓地力、视觉辨识度和操控性。

从描述中可以看出，玩家1和玩家2的描述都提到了球体的图案设计、耐用性、抓地力和尺寸，这与足球的特征相符。玩家3的描述虽然也提到了尺寸和耐用性，但没有提到图案设计，而是强调了形状、空气动力学和抓地力，这可能与篮球的特征相符。玩家4的描述与足球和篮球的特征都有相似之处，但更偏向于篮球，因为它强调了球的视觉辨识度和操控性。

考虑到之前的推断，玩家4的描述可能与其他玩家的描述不太一致，因此我之前的推断是玩家4可能是卧底。

综上所述，基于第三轮描述和之前的分析，玩家4可能是卧底。|| `请根据上述分析，比较描述以找出不一致之处，注意，这局游戏的词语分类为<体育用品>，卧底词和平民词都属于该类。
2024-12-13 12:40:39,327 - 4 - INFO - **********PLAYER4**********
根据上述分析，以下是不一致之处：

1. 玩家1和玩家2的描述都提到了球体的图案设计（六边形和五边形的几何图案，以及黑白相间的线条图案），而玩家3和玩家4的描述没有提到球体的图案设计。

2. 玩家1和玩家2的描述都强调了球体的耐用性和抓地力，而玩家3的描述虽然也提到了耐用性和抓地力，但没有像玩家1和玩家2那样强调。

3. 玩家3的描述中提到了球体的形状、空气动力学和尺寸，而玩家1和玩家2没有提到这些特征。

4. 玩家4的描述中提到了球的重量、手感和视觉辨识度，这些特征在玩家1和玩家2的描述中没有出现。

这些不一致之处表明玩家3和玩家4的描述可能与足球的特征不太一致，而玩家1和玩家2的描述更加贴合足球的特征。因此，玩家3和玩家4的描述可能存在不一致之处。
2024-12-13 12:40:39,328 - 4 - INFO - **********JUDGER**********
你刚刚的分析是根据上述分析，以下是不一致之处：

1. 玩家1和玩家2的描述都提到了球体的图案设计（六边形和五边形的几何图案，以及黑白相间的线条图案），而玩家3和玩家4的描述没有提到球体的图案设计。

2. 玩家1和玩家2的描述都强调了球体的耐用性和抓地力，而玩家3的描述虽然也提到了耐用性和抓地力，但没有像玩家1和玩家2那样强调。

3. 玩家3的描述中提到了球体的形状、空气动力学和尺寸，而玩家1和玩家2没有提到这些特征。

4. 玩家4的描述中提到了球的重量、手感和视觉辨识度，这些特征在玩家1和玩家2的描述中没有出现。

这些不一致之处表明玩家3和玩家4的描述可能与足球的特征不太一致，而玩家1和玩家2的描述更加贴合足球的特征。因此，玩家3和玩家4的描述可能存在不一致之处。|| 请通过你分析的不一致之处，推断卧底身份，注意，这局游戏的词语分类为<体育用品>，卧底词和平民词都属于该类。
2024-12-13 12:40:48,477 - 4 - INFO - **********PLAYER4**********
基于分析的不一致之处，以下是我的推断：

玩家3和玩家4的描述中都没有提到球体的图案设计，而玩家1和玩家2的描述中都强调了这一点，这可能是玩家3和玩家4作为卧底的一个线索。此外，玩家3的描述中提到了球体的形状、空气动力学和尺寸，而玩家1和玩家2没有提到这些特征，这也可能表明玩家3的描述与足球的特征不太一致。

综合考虑，玩家3的描述与足球的特征相比，存在更多的不一致之处。因此，根据这些分析，我推断玩家3可能是卧底。
2024-12-13 12:40:48,487 - 4 - INFO - **********JUDGER**********
你刚刚的推断是基于分析的不一致之处，以下是我的推断：

玩家3和玩家4的描述中都没有提到球体的图案设计，而玩家1和玩家2的描述中都强调了这一点，这可能是玩家3和玩家4作为卧底的一个线索。此外，玩家3的描述中提到了球体的形状、空气动力学和尺寸，而玩家1和玩家2没有提到这些特征，这也可能表明玩家3的描述与足球的特征不太一致。

综合考虑，玩家3的描述与足球的特征相比，存在更多的不一致之处。因此，根据这些分析，我推断玩家3可能是卧底。|| 基于你刚刚的推断得出你的最终结论，请输出你认为的卧底，在这种情况下只需要输出编号，是1-4中的某个数字，不要输出其他信息。在这个过程不要进行任何推理，只对||以前的部分进行信息提取
2024-12-13 12:40:50,253 - 4 - INFO - **********PLAYER4**********
3
