2024-12-13 11:16:15,041 - 1 - INFO - **********JUDGER**********
让我们来玩一个叫做<谁是卧底>的推理游戏。基本规则：<人数>：4人。<角色分配>：每位玩家随机抽取一个词语，3名玩家拿到的词语是相同的（平民词），1名玩家拿到与之相近但不同的词语（卧底词）。<游戏流程>：1、玩家轮流描述自己的词语，但<不能>直接说出词语本身。2、描述完毕后，投票选出最像卧底的玩家。3、每轮结束后，被投票选出的玩家出局，不能再进行描述或投票。4、每轮投票结束后，如果卧底被成功找出，平民方获胜；如果卧底未被找出且卧底人数等于或超过平民人数，则卧底方获胜。你将扮演一个<玩家>，请等待你被分配到的关键词。如果你听懂了，只回答，"好的，我准备好参加游戏了"，不要输出别的信息
2024-12-13 11:16:15,608 - 1 - INFO - **********PLAYER1**********
好的，我准备好参加游戏了
2024-12-13 11:16:21,462 - 1 - INFO - **********JUDGER**********
玩家1说：玩家2说：玩家3说：玩家4说：|| 你是第1号玩家，你的关键词是<火车>。你的回答中绝对不能包含你的关键词<火车>。这是第一轮描述，不需要分析||之前别的玩家的描述，请你描述关键词基本特征，注意，这局游戏的词语分类为<交通工具>，卧底词和平民词都属于该类，描述包括以下两点，1.他的基本特征是什么2.他在该类（交通工具）中最突出不同的特征是什么，尽量简短
2024-12-13 11:16:23,044 - 1 - INFO - **********PLAYER1**********
这是一辆常见的交通工具，它的特点是可以在铁轨上高速行驶。在交通工具类别中，它最突出的不同特征可能是它的长距离运输能力和较高的速度。
2024-12-13 11:16:29,825 - 1 - INFO - **********JUDGER**********
玩家1说：这是一辆常见的交通工具，它的特点是可以在铁轨上高速行驶。在交通工具类别中，它最突出的不同特征可能是它的长距离运输能力和较高的速度。玩家2说：这是一种在轨道上运行的，用于长距离运输的交通工具，它以其高速和稳定性而著称。在同类交通工具中，它最突出的不同特征可能是它的固定轨道运行和长距离、大容量的运输能力。玩家3说：这是一种用于日常出行的交通工具，通常有四个轮子，可以搭载乘客。在同类交通工具中，它最突出的不同特征可能是它的灵活性和便捷性，适用于城市短途交通。玩家4说：||在这个游戏中，我们需要通过分析每位玩家的描述来找出卧底。通常，平民的描述会围绕相同的词语展开，而卧底的描述可能会因为词语的不同而显得不太一致。我们需要仔细比较每个描述之间的相似性和差异性，以找出可能的卧底，注意，卧底并不会隐藏自己，他会直接描述他的词语，现在，逐一分析每个玩家的描述，注意，这局游戏的词语分类为<交通工具>，卧底词和平民词都属于该类。这是第一轮描述。
2024-12-13 11:16:34,418 - 1 - INFO - **********PLAYER1**********
我注意到玩家1和玩家2的描述都强调了高速和长距离运输，这与火车的基本特征相符。玩家3的描述提到了四个轮子和适用于日常出行，这与火车不符，更像是汽车的描述。玩家4的描述更像是对游戏规则和策略的分析，而不是对词语的描述。因此，根据描述的内容和一致性，玩家3和玩家4的描述可能偏离了火车这一词语的特征，其中玩家4的描述尤其显得不相关。我会将他们作为可能的卧底候选人进行投票。
2024-12-13 11:16:34,420 - 1 - INFO - **********JUDGER**********
你刚刚的分析是我注意到玩家1和玩家2的描述都强调了高速和长距离运输，这与火车的基本特征相符。玩家3的描述提到了四个轮子和适用于日常出行，这与火车不符，更像是汽车的描述。玩家4的描述更像是对游戏规则和策略的分析，而不是对词语的描述。因此，根据描述的内容和一致性，玩家3和玩家4的描述可能偏离了火车这一词语的特征，其中玩家4的描述尤其显得不相关。我会将他们作为可能的卧底候选人进行投票。|| `请根据上述分析，比较描述以找出不一致之处，注意，这局游戏的词语分类为<交通工具>，卧底词和平民词都属于该类。
2024-12-13 11:16:42,360 - 1 - INFO - **********PLAYER1**********
根据上述分析，我们可以看到以下不一致之处：

1. 玩家1和玩家2的描述都集中在火车的典型特征上，即高速和长距离运输，这与火车的基本特征相符。

2. 玩家3的描述提到了四个轮子和适用于日常出行，这些特征更符合汽车而不是火车。火车通常不会用于日常出行，且通常不会与汽车的轮子数量相提并论。

3. 玩家4的描述没有提到任何具体的交通工具特征，而是对游戏规则和策略进行了分析，这与寻找卧底的目标不一致。

因此，玩家3的描述在交通工具的类别中与火车最不匹配，而玩家4的描述与游戏寻找词语的目标不相关，这两者都是潜在的卧底候选人。玩家4的描述可能是故意引导其他玩家注意力的策略，这进一步增加了他作为卧底的可能性。
2024-12-13 11:16:42,361 - 1 - INFO - **********JUDGER**********
你刚刚的分析是根据上述分析，我们可以看到以下不一致之处：

1. 玩家1和玩家2的描述都集中在火车的典型特征上，即高速和长距离运输，这与火车的基本特征相符。

2. 玩家3的描述提到了四个轮子和适用于日常出行，这些特征更符合汽车而不是火车。火车通常不会用于日常出行，且通常不会与汽车的轮子数量相提并论。

3. 玩家4的描述没有提到任何具体的交通工具特征，而是对游戏规则和策略进行了分析，这与寻找卧底的目标不一致。

因此，玩家3的描述在交通工具的类别中与火车最不匹配，而玩家4的描述与游戏寻找词语的目标不相关，这两者都是潜在的卧底候选人。玩家4的描述可能是故意引导其他玩家注意力的策略，这进一步增加了他作为卧底的可能性。|| 请通过你分析的不一致之处，推断卧底身份，注意，这局游戏的词语分类为<交通工具>，卧底词和平民词都属于该类。
2024-12-13 11:16:48,714 - 1 - INFO - **********PLAYER1**********
基于分析的不一致之处，以下是我的推断：

- 玩家1和玩家2的描述与火车的特征相符，没有明显的不一致，因此他们不太可能是卧底。
- 玩家3的描述与火车的特征不符，反而更像是对汽车的描述，这表明他的词语可能与火车不同，可能是卧底。
- 玩家4的描述虽然与游戏寻找词语的目标不相关，但这可能是为了误导其他玩家，因此他也可能是卧底。

考虑到词语分类为<交通工具>，且卧底词和平民词都属于该类，结合描述的不一致，我认为玩家3和玩家4更有可能是卧底。玩家3的描述直接与火车特征不符，而玩家4的描述则完全偏离了词语描述的范畴，这两者都表明他们的词语可能与火车不同。因此，我会投票给玩家3和玩家4，认为他们是卧底。
2024-12-13 11:16:48,715 - 1 - INFO - **********JUDGER**********
你刚刚的推断是基于分析的不一致之处，以下是我的推断：

- 玩家1和玩家2的描述与火车的特征相符，没有明显的不一致，因此他们不太可能是卧底。
- 玩家3的描述与火车的特征不符，反而更像是对汽车的描述，这表明他的词语可能与火车不同，可能是卧底。
- 玩家4的描述虽然与游戏寻找词语的目标不相关，但这可能是为了误导其他玩家，因此他也可能是卧底。

考虑到词语分类为<交通工具>，且卧底词和平民词都属于该类，结合描述的不一致，我认为玩家3和玩家4更有可能是卧底。玩家3的描述直接与火车特征不符，而玩家4的描述则完全偏离了词语描述的范畴，这两者都表明他们的词语可能与火车不同。因此，我会投票给玩家3和玩家4，认为他们是卧底。|| 基于你刚刚的推断得出你的最终结论，请输出你认为的卧底，在这种情况下只需要输出编号，是1-4中的某个数字，不要输出其他信息。在这个过程不要进行任何推理，只对||以前的部分进行信息提取
2024-12-13 11:16:49,201 - 1 - INFO - **********PLAYER1**********
3
2024-12-13 11:18:10,564 - 1 - INFO - **********JUDGER**********
玩家1说：这是一辆常见的交通工具，它的特点是可以在铁轨上高速行驶。在交通工具类别中，它最突出的不同特征可能是它的长距离运输能力和较高的速度。玩家2说：这是一种在轨道上运行的，用于长距离运输的交通工具，它以其高速和稳定性而著称。在同类交通工具中，它最突出的不同特征可能是它的固定轨道运行和长距离、大容量的运输能力。玩家3说：这是一种用于日常出行的交通工具，通常有四个轮子，可以搭载乘客。在同类交通工具中，它最突出的不同特征可能是它的灵活性和便捷性，适用于城市短途交通。玩家4说：这是一种主要用于长途运输的交通工具，它的基本特征是依靠轨道运行，具有高速和长距离运输的能力。在同类交通工具中，它最突出的不同特征可能是它的长距离连续运行能力和高速行驶。你是第1号玩家，你的关键词是<火车>。你的回答中绝对不能包含你的关键词<火车>。这是第二轮描述，你之前的描述是这是一辆常见的交通工具，它的特点是可以在铁轨上高速行驶。在交通工具类别中，它最突出的不同特征可能是它的长距离运输能力和较高的速度。，注意，这局游戏的词语分类为<交通工具>，卧底词和平民词都属于该类，请你补充关于关键词的描述，注意，你的描述应该比起之前的描述更加贴近关键词，作为之前的补充
2024-12-13 11:18:12,522 - 1 - INFO - **********PLAYER1**********
它是一种依靠固定轨道运行的车辆，专为长距离旅行设计，以其稳定的速度和高效的运输能力著称。在同类交通工具中，它能够持续长时间运行，不受路况影响，是长途旅行的主要选择之一。
2024-12-13 11:18:28,519 - 1 - INFO - **********JUDGER**********
玩家1说：这是一辆常见的交通工具，它的特点是可以在铁轨上高速行驶。在交通工具类别中，它最突出的不同特征可能是它的长距离运输能力和较高的速度。它是一种依靠固定轨道运行的车辆，专为长距离旅行设计，以其稳定的速度和高效的运输能力著称。在同类交通工具中，它能够持续长时间运行，不受路况影响，是长途旅行的主要选择之一。玩家2说：这是一种在轨道上运行的，用于长距离运输的交通工具，它以其高速和稳定性而著称。在同类交通工具中，它最突出的不同特征可能是它的固定轨道运行和长距离、大容量的运输能力。这是一种专门设计用于长距离高速行驶的交通工具，它依赖固定的轨道系统运行，以其稳定的速度和高效的运输能力著称。在所有交通工具中，它最突出的不同特征是其固定轨道和长距离、大容量的运输能力，这使得它成为长途旅行的主要选择之一。玩家3说：这是一种用于日常出行的交通工具，通常有四个轮子，可以搭载乘客。在同类交通工具中，它最突出的不同特征可能是它的灵活性和便捷性，适用于城市短途交通。这是一种依赖内燃机或电动机驱动的陆上交通工具，主要用于城市和乡村之间的短途或长途旅行。它的特点是具有较高的速度和舒适性，能够在各种路况下灵活行驶。在同类交通工具中，它以其可变载客量和个性化服务而著称，是现代生活中不可或缺的出行方式之一。玩家4说：这是一种主要用于长途运输的交通工具，它的基本特征是依靠轨道运行，具有高速和长距离运输的能力。在同类交通工具中，它最突出的不同特征可能是它的长距离连续运行能力和高速行驶。||在这个游戏中，我们需要通过分析每位玩家的描述来找出卧底。通常，平民的描述会围绕相同的词语展开，而卧底的描述可能会因为词语的不同而显得不太一致。我们需要仔细比较每个描述之间的相似性和差异性，以找出可能的卧底，注意，卧底并不会隐藏自己，他会直接描述他的词语，现在，逐一分析每个玩家的描述，注意，这局游戏的词语分类为<交通工具>，卧底词和平民词都属于该类。||之前是第2轮描述和之前轮数描述的合集。你之前认为的卧底是玩家3。
2024-12-13 11:18:38,360 - 1 - INFO - **********PLAYER1**********
根据第二轮描述和之前轮数的描述，我的分析如下：

- 玩家1的描述与火车的基本特征高度一致，强调了高速、长距离运输和固定轨道运行。
- 玩家2的描述也与火车相符，提到了固定轨道、长距离运输、高速和大容量。
- 玩家3的描述提到了四个轮子、日常出行、灵活性和便捷性，这与火车的特征不符，更像是汽车的描述。
- 玩家4的描述再次强调了依靠轨道运行、高速和长距离运输，与火车特征相符。

由于玩家3的描述与火车的特征不符，而且他在第一轮和第二轮的描述中都提到了与火车不相关的特征（四个轮子、日常出行、灵活性等），这增加了他作为卧底的可能性。因此，尽管之前认为玩家3是卧底，但根据最新的描述，我认为玩家3仍然是卧底。
2024-12-13 11:18:38,364 - 1 - INFO - **********JUDGER**********
你刚刚的分析是根据第二轮描述和之前轮数的描述，我的分析如下：

- 玩家1的描述与火车的基本特征高度一致，强调了高速、长距离运输和固定轨道运行。
- 玩家2的描述也与火车相符，提到了固定轨道、长距离运输、高速和大容量。
- 玩家3的描述提到了四个轮子、日常出行、灵活性和便捷性，这与火车的特征不符，更像是汽车的描述。
- 玩家4的描述再次强调了依靠轨道运行、高速和长距离运输，与火车特征相符。

由于玩家3的描述与火车的特征不符，而且他在第一轮和第二轮的描述中都提到了与火车不相关的特征（四个轮子、日常出行、灵活性等），这增加了他作为卧底的可能性。因此，尽管之前认为玩家3是卧底，但根据最新的描述，我认为玩家3仍然是卧底。|| `请根据上述分析，比较描述以找出不一致之处，注意，这局游戏的词语分类为<交通工具>，卧底词和平民词都属于该类。
2024-12-13 11:18:43,026 - 1 - INFO - **********PLAYER1**********
根据上述分析，以下是不一致之处：

- 玩家1、玩家2和玩家4的描述都集中在火车的特征上，如固定轨道、长距离运输、高速和大容量。
- 玩家3的描述则集中在汽车的特性上，包括四个轮子、日常出行、灵活性和便捷性。这些特征与火车的特征不符，更符合汽车的描述。

因此，不一致之处在于玩家3的描述与火车这一词语的特征不一致，而其他玩家的描述都与火车的特征相符。这表明玩家3的词语可能与火车不同，可能是卧底。
2024-12-13 11:18:43,027 - 1 - INFO - **********JUDGER**********
你刚刚的分析是根据上述分析，以下是不一致之处：

- 玩家1、玩家2和玩家4的描述都集中在火车的特征上，如固定轨道、长距离运输、高速和大容量。
- 玩家3的描述则集中在汽车的特性上，包括四个轮子、日常出行、灵活性和便捷性。这些特征与火车的特征不符，更符合汽车的描述。

因此，不一致之处在于玩家3的描述与火车这一词语的特征不一致，而其他玩家的描述都与火车的特征相符。这表明玩家3的词语可能与火车不同，可能是卧底。|| 请通过你分析的不一致之处，推断卧底身份，注意，这局游戏的词语分类为<交通工具>，卧底词和平民词都属于该类。
2024-12-13 11:18:44,155 - 1 - INFO - **********PLAYER1**********
基于分析的不一致之处，我推断卧底身份是玩家3。
2024-12-13 11:18:44,157 - 1 - INFO - **********JUDGER**********
你刚刚的推断是基于分析的不一致之处，我推断卧底身份是玩家3。|| 基于你刚刚的推断得出你的最终结论，请输出你认为的卧底，在这种情况下只需要输出编号，是1-4中的某个数字，不要输出其他信息。在这个过程不要进行任何推理，只对||以前的部分进行信息提取
2024-12-13 11:18:45,118 - 1 - INFO - **********PLAYER1**********
3
2024-12-13 11:19:57,913 - 1 - INFO - **********JUDGER**********
玩家1说：这是一辆常见的交通工具，它的特点是可以在铁轨上高速行驶。在交通工具类别中，它最突出的不同特征可能是它的长距离运输能力和较高的速度。它是一种依靠固定轨道运行的车辆，专为长距离旅行设计，以其稳定的速度和高效的运输能力著称。在同类交通工具中，它能够持续长时间运行，不受路况影响，是长途旅行的主要选择之一。玩家2说：这是一种在轨道上运行的，用于长距离运输的交通工具，它以其高速和稳定性而著称。在同类交通工具中，它最突出的不同特征可能是它的固定轨道运行和长距离、大容量的运输能力。这是一种专门设计用于长距离高速行驶的交通工具，它依赖固定的轨道系统运行，以其稳定的速度和高效的运输能力著称。在所有交通工具中，它最突出的不同特征是其固定轨道和长距离、大容量的运输能力，这使得它成为长途旅行的主要选择之一。玩家3说：这是一种用于日常出行的交通工具，通常有四个轮子，可以搭载乘客。在同类交通工具中，它最突出的不同特征可能是它的灵活性和便捷性，适用于城市短途交通。这是一种依赖内燃机或电动机驱动的陆上交通工具，主要用于城市和乡村之间的短途或长途旅行。它的特点是具有较高的速度和舒适性，能够在各种路况下灵活行驶。在同类交通工具中，它以其可变载客量和个性化服务而著称，是现代生活中不可或缺的出行方式之一。玩家4说：这是一种主要用于长途运输的交通工具，它的基本特征是依靠轨道运行，具有高速和长距离运输的能力。在同类交通工具中，它最突出的不同特征可能是它的长距离连续运行能力和高速行驶。这种交通工具以其强大的动力和精确的控制系统而闻名，能够在直线轨道上高速前进，为长途旅行提供高效、可靠的运输服务。它的设计允许它跨越长距离，不受地面路况的限制，因此在长途运输领域占据重要地位。这种交通工具的特点还包括它的高载客量和频繁的发车频率，使得它成为长途旅行的主要选择之一。你是第1号玩家，你的关键词是<火车>。你的回答中绝对不能包含你的关键词<火车>。这是第三轮描述，你之前的描述是这是一辆常见的交通工具，它的特点是可以在铁轨上高速行驶。在交通工具类别中，它最突出的不同特征可能是它的长距离运输能力和较高的速度。和它是一种依靠固定轨道运行的车辆，专为长距离旅行设计，以其稳定的速度和高效的运输能力著称。在同类交通工具中，它能够持续长时间运行，不受路况影响，是长途旅行的主要选择之一。，注意，这局游戏的词语分类为<交通工具>，卧底词和平民词都属于该类，请你补充关于关键词的描述，注意，你的描述应该比起之前的描述更加贴近关键词，作为之前的补充
2024-12-13 11:19:59,949 - 1 - INFO - **********PLAYER1**********
它是一种专为长途旅行设计的交通工具，以其在固定轨道上的稳定高速行驶而闻名。在同类交通工具中，它以其能够持续长时间运行、不受路况影响、提供高效运输服务的能力为特点。
2024-12-13 11:20:10,103 - 1 - INFO - **********JUDGER**********
玩家1说：这是一辆常见的交通工具，它的特点是可以在铁轨上高速行驶。在交通工具类别中，它最突出的不同特征可能是它的长距离运输能力和较高的速度。它是一种依靠固定轨道运行的车辆，专为长距离旅行设计，以其稳定的速度和高效的运输能力著称。在同类交通工具中，它能够持续长时间运行，不受路况影响，是长途旅行的主要选择之一。它是一种专为长途旅行设计的交通工具，以其在固定轨道上的稳定高速行驶而闻名。在同类交通工具中，它以其能够持续长时间运行、不受路况影响、提供高效运输服务的能力为特点。玩家2说：这是一种在轨道上运行的，用于长距离运输的交通工具，它以其高速和稳定性而著称。在同类交通工具中，它最突出的不同特征可能是它的固定轨道运行和长距离、大容量的运输能力。这是一种专门设计用于长距离高速行驶的交通工具，它依赖固定的轨道系统运行，以其稳定的速度和高效的运输能力著称。在所有交通工具中，它最突出的不同特征是其固定轨道和长距离、大容量的运输能力，这使得它成为长途旅行的主要选择之一。这是一种高速且稳定的交通工具，专为长距离旅行而设计。它在固定的轨道上运行，能够持续长时间高速行驶，不受地面路况的影响。这种交通工具以其高载客量和频繁的发车频率为特点，为长途旅行提供了高效、可靠的运输服务。玩家3说：这是一种用于日常出行的交通工具，通常有四个轮子，可以搭载乘客。在同类交通工具中，它最突出的不同特征可能是它的灵活性和便捷性，适用于城市短途交通。这是一种依赖内燃机或电动机驱动的陆上交通工具，主要用于城市和乡村之间的短途或长途旅行。它的特点是具有较高的速度和舒适性，能够在各种路况下灵活行驶。在同类交通工具中，它以其可变载客量和个性化服务而著称，是现代生活中不可或缺的出行方式之一。这是一种日常使用的交通工具，它能够在城市和乡村之间提供便捷的出行服务。它的特点是轻便、灵活，能够在各种路况下快速移动。这种交通工具的设计允许它适应不同的驾驶环境，无论是平坦的道路还是崎岖的山路，它都能保持较高的行驶速度。此外，它通常配备了舒适的座椅和便捷的操控系统，使得驾驶和乘坐体验都十分友好。在同类交通工具中，它以其多功能性和广泛的适用性而受到人们的喜爱。玩家4说：这是一种主要用于长途运输的交通工具，它的基本特征是依靠轨道运行，具有高速和长距离运输的能力。在同类交通工具中，它最突出的不同特征可能是它的长距离连续运行能力和高速行驶。这种交通工具以其强大的动力和精确的控制系统而闻名，能够在直线轨道上高速前进，为长途旅行提供高效、可靠的运输服务。它的设计允许它跨越长距离，不受地面路况的限制，因此在长途运输领域占据重要地位。这种交通工具的特点还包括它的高载客量和频繁的发车频率，使得它成为长途旅行的主要选择之一。这种交通工具以其独特的运行方式在交通运输领域中占据重要地位，它通过固定轨道系统连接起远距离的城市和地区，为乘客和货物提供快速的点对点服务。它的动力系统强大，能够确保即使在长距离的旅行中也能保持高速行驶。这种交通工具的特点还包括它的准时性和可靠性，因为它不依赖于外部路况，能够在预定的时间和路线上一路高速行驶。此外，它的高效运输能力和频繁的发车频率，使得它成为长途旅行中的首选工具。||在这个游戏中，我们需要通过分析每位玩家的描述来找出卧底。通常，平民的描述会围绕相同的词语展开，而卧底的描述可能会因为词语的不同而显得不太一致。我们需要仔细比较每个描述之间的相似性和差异性，以找出可能的卧底，注意，卧底并不会隐藏自己，他会直接描述他的词语，现在，逐一分析每个玩家的描述，注意，这局游戏的词语分类为<交通工具>，卧底词和平民词都属于该类。||之前是第3轮描述和之前轮数描述的合集。你之前认为的卧底是玩家3。
2024-12-13 11:20:22,578 - 1 - INFO - **********PLAYER1**********
根据第三轮描述和之前轮数的描述，我的分析如下：

- 玩家1的描述与火车的基本特征高度一致，强调了固定轨道、长距离运输、高速和稳定性。
- 玩家2的描述同样与火车相符，强调了固定轨道、长距离运输、高速和大容量。
- 玩家3的描述提到了四个轮子、日常出行、灵活性和便捷性，这与火车的特征不符，更像是汽车的描述。
- 玩家4的描述与火车相符，强调了固定轨道、长距离运输、高速和强大的动力系统。

由于玩家3的描述与火车的特征不符，而且他在第一轮、第二轮和第三轮的描述中都提到了与火车不相关的特征（四个轮子、日常出行、灵活性等），这增加了他作为卧底的可能性。因此，尽管之前认为玩家3是卧底，但根据最新的描述，我认为玩家3仍然是卧底。
2024-12-13 11:20:22,580 - 1 - INFO - **********JUDGER**********
你刚刚的分析是根据第三轮描述和之前轮数的描述，我的分析如下：

- 玩家1的描述与火车的基本特征高度一致，强调了固定轨道、长距离运输、高速和稳定性。
- 玩家2的描述同样与火车相符，强调了固定轨道、长距离运输、高速和大容量。
- 玩家3的描述提到了四个轮子、日常出行、灵活性和便捷性，这与火车的特征不符，更像是汽车的描述。
- 玩家4的描述与火车相符，强调了固定轨道、长距离运输、高速和强大的动力系统。

由于玩家3的描述与火车的特征不符，而且他在第一轮、第二轮和第三轮的描述中都提到了与火车不相关的特征（四个轮子、日常出行、灵活性等），这增加了他作为卧底的可能性。因此，尽管之前认为玩家3是卧底，但根据最新的描述，我认为玩家3仍然是卧底。|| `请根据上述分析，比较描述以找出不一致之处，注意，这局游戏的词语分类为<交通工具>，卧底词和平民词都属于该类。
2024-12-13 11:20:27,498 - 1 - INFO - **********PLAYER1**********
根据上述分析，不一致之处如下：

- 玩家1、玩家2和玩家4的描述都集中在火车的特征上，如固定轨道、长距离运输、高速、稳定性和强大的动力系统。
- 玩家3的描述则集中在汽车的特性上，包括四个轮子、日常出行、灵活性、便捷性、依赖内燃机或电动机驱动，以及适用于城市短途交通。

玩家3的描述与火车这一词语的特征不一致，更符合汽车的描述，因此在交通工具这一分类中，玩家3的描述与平民的描述不一致。
2024-12-13 11:20:27,502 - 1 - INFO - **********JUDGER**********
你刚刚的分析是根据上述分析，不一致之处如下：

- 玩家1、玩家2和玩家4的描述都集中在火车的特征上，如固定轨道、长距离运输、高速、稳定性和强大的动力系统。
- 玩家3的描述则集中在汽车的特性上，包括四个轮子、日常出行、灵活性、便捷性、依赖内燃机或电动机驱动，以及适用于城市短途交通。

玩家3的描述与火车这一词语的特征不一致，更符合汽车的描述，因此在交通工具这一分类中，玩家3的描述与平民的描述不一致。|| 请通过你分析的不一致之处，推断卧底身份，注意，这局游戏的词语分类为<交通工具>，卧底词和平民词都属于该类。
2024-12-13 11:20:28,470 - 1 - INFO - **********PLAYER1**********
3
2024-12-13 11:20:28,471 - 1 - INFO - **********JUDGER**********
你刚刚的推断是3|| 基于你刚刚的推断得出你的最终结论，请输出你认为的卧底，在这种情况下只需要输出编号，是1-4中的某个数字，不要输出其他信息。在这个过程不要进行任何推理，只对||以前的部分进行信息提取
2024-12-13 11:20:29,445 - 1 - INFO - **********PLAYER1**********
3
