2024-12-13 11:16:16,558 - 2 - INFO - **********JUDGER**********
让我们来玩一个叫做<谁是卧底>的推理游戏。基本规则：<人数>：4人。<角色分配>：每位玩家随机抽取一个词语，3名玩家拿到的词语是相同的（平民词），1名玩家拿到与之相近但不同的词语（卧底词）。<游戏流程>：1、玩家轮流描述自己的词语，但<不能>直接说出词语本身。2、描述完毕后，投票选出最像卧底的玩家。3、每轮结束后，被投票选出的玩家出局，不能再进行描述或投票。4、每轮投票结束后，如果卧底被成功找出，平民方获胜；如果卧底未被找出且卧底人数等于或超过平民人数，则卧底方获胜。你将扮演一个<玩家>，请等待你被分配到的关键词。如果你听懂了，只回答，"好的，我准备好参加游戏了"，不要输出别的信息
2024-12-13 11:16:17,943 - 2 - INFO - **********PLAYER2**********
好的，我准备好参加游戏了
2024-12-13 11:16:23,045 - 2 - INFO - **********JUDGER**********
玩家1说：这是一辆常见的交通工具，它的特点是可以在铁轨上高速行驶。在交通工具类别中，它最突出的不同特征可能是它的长距离运输能力和较高的速度。玩家2说：玩家3说：玩家4说：|| 你是第2号玩家，你的关键词是<火车>。你的回答中绝对不能包含你的关键词<火车>。这是第一轮描述，不需要分析||之前别的玩家的描述，请你描述关键词基本特征，注意，这局游戏的词语分类为<交通工具>，卧底词和平民词都属于该类，描述包括以下两点，1.他的基本特征是什么2.他在该类（交通工具）中最突出不同的特征是什么，尽量简短
2024-12-13 11:16:26,256 - 2 - INFO - **********PLAYER2**********
这是一种在轨道上运行的，用于长距离运输的交通工具，它以其高速和稳定性而著称。在同类交通工具中，它最突出的不同特征可能是它的固定轨道运行和长距离、大容量的运输能力。
2024-12-13 11:16:49,203 - 2 - INFO - **********JUDGER**********
玩家1说：这是一辆常见的交通工具，它的特点是可以在铁轨上高速行驶。在交通工具类别中，它最突出的不同特征可能是它的长距离运输能力和较高的速度。玩家2说：这是一种在轨道上运行的，用于长距离运输的交通工具，它以其高速和稳定性而著称。在同类交通工具中，它最突出的不同特征可能是它的固定轨道运行和长距离、大容量的运输能力。玩家3说：这是一种用于日常出行的交通工具，通常有四个轮子，可以搭载乘客。在同类交通工具中，它最突出的不同特征可能是它的灵活性和便捷性，适用于城市短途交通。玩家4说：||在这个游戏中，我们需要通过分析每位玩家的描述来找出卧底。通常，平民的描述会围绕相同的词语展开，而卧底的描述可能会因为词语的不同而显得不太一致。我们需要仔细比较每个描述之间的相似性和差异性，以找出可能的卧底，注意，卧底并不会隐藏自己，他会直接描述他的词语，现在，逐一分析每个玩家的描述，注意，这局游戏的词语分类为<交通工具>，卧底词和平民词都属于该类。这是第一轮描述。
2024-12-13 11:16:52,700 - 2 - INFO - **********PLAYER2**********
好的，我注意到玩家1和玩家2的描述非常相似，都强调了高速、长距离运输和固定轨道的特点，这听起来像是火车。玩家3的描述提到了四个轮子、乘客和城市短途交通，这听起来像是汽车。玩家4的描述虽然提到了游戏规则和卧底的特点，但并没有直接描述一个具体的交通工具。根据这些信息，如果我是玩家2，我会推测玩家3可能是卧底，因为他的描述与火车不太相符，而火车是所有描述中最常见和最符合的交通工具。我会小心投票，避免过早排除可能的平民。
2024-12-13 11:16:52,701 - 2 - INFO - **********JUDGER**********
你刚刚的分析是好的，我注意到玩家1和玩家2的描述非常相似，都强调了高速、长距离运输和固定轨道的特点，这听起来像是火车。玩家3的描述提到了四个轮子、乘客和城市短途交通，这听起来像是汽车。玩家4的描述虽然提到了游戏规则和卧底的特点，但并没有直接描述一个具体的交通工具。根据这些信息，如果我是玩家2，我会推测玩家3可能是卧底，因为他的描述与火车不太相符，而火车是所有描述中最常见和最符合的交通工具。我会小心投票，避免过早排除可能的平民。|| `请根据上述分析，比较描述以找出不一致之处，注意，这局游戏的词语分类为<交通工具>，卧底词和平民词都属于该类。
2024-12-13 11:17:04,576 - 2 - INFO - **********PLAYER2**********
根据上述分析，我们可以比较描述中的一致性和不一致性如下：

- 一致性：
  - 玩家1和玩家2的描述非常相似，都提到了高速、长距离运输和固定轨道，这些都是火车的主要特征。
  - 玩家3的描述虽然提到了四个轮子和乘客，但没有提到固定轨道或高速，这与其他描述中的火车特征不一致。

- 不一致性：
  - 玩家3的描述与玩家1和玩家2的描述相比，缺少了固定轨道和高速这两个关键特征，这是火车与其他交通工具（如汽车）的主要区别。
  - 玩家4的描述主要集中在游戏规则和卧底的行为上，而不是具体的交通工具特征，这与其他玩家的描述方向不同。

基于这些比较，玩家3的描述与火车这一类别中的其他描述不一致，因此他可能是卧底。玩家4的描述虽然不直接，但至少是在描述交通工具类别，而玩家3的描述则在关键特征上有所偏离。因此，玩家3的描述是不一致的，他可能是卧底。
2024-12-13 11:17:04,578 - 2 - INFO - **********JUDGER**********
你刚刚的分析是根据上述分析，我们可以比较描述中的一致性和不一致性如下：

- 一致性：
  - 玩家1和玩家2的描述非常相似，都提到了高速、长距离运输和固定轨道，这些都是火车的主要特征。
  - 玩家3的描述虽然提到了四个轮子和乘客，但没有提到固定轨道或高速，这与其他描述中的火车特征不一致。

- 不一致性：
  - 玩家3的描述与玩家1和玩家2的描述相比，缺少了固定轨道和高速这两个关键特征，这是火车与其他交通工具（如汽车）的主要区别。
  - 玩家4的描述主要集中在游戏规则和卧底的行为上，而不是具体的交通工具特征，这与其他玩家的描述方向不同。

基于这些比较，玩家3的描述与火车这一类别中的其他描述不一致，因此他可能是卧底。玩家4的描述虽然不直接，但至少是在描述交通工具类别，而玩家3的描述则在关键特征上有所偏离。因此，玩家3的描述是不一致的，他可能是卧底。|| 请通过你分析的不一致之处，推断卧底身份，注意，这局游戏的词语分类为<交通工具>，卧底词和平民词都属于该类。
2024-12-13 11:17:13,700 - 2 - INFO - **********PLAYER2**********
根据分析的不一致之处，我们可以推断卧底身份如下：

- 玩家1和玩家2的描述都指向了火车，这是一个在固定轨道上高速行驶的交通工具，具有长距离运输的能力。
- 玩家3的描述提到了四个轮子、乘客和城市短途交通，但没有提到固定轨道或高速，这与其他描述中的火车特征不一致。
- 玩家4的描述虽然提到了游戏规则和卧底的行为，但并没有提供关于交通工具的具体信息。

由于玩家3的描述与火车的主要特征不符，且没有提到固定轨道和高速，而这两个特征是火车与其他交通工具（如汽车）的主要区别，因此玩家3的描述与火车这一类别中的其他描述不一致。结合游戏规则和词语分类为交通工具，我们可以推断玩家3是卧底，因为他的描述更符合汽车的特性，而不是火车的特性。
2024-12-13 11:17:13,705 - 2 - INFO - **********JUDGER**********
你刚刚的推断是根据分析的不一致之处，我们可以推断卧底身份如下：

- 玩家1和玩家2的描述都指向了火车，这是一个在固定轨道上高速行驶的交通工具，具有长距离运输的能力。
- 玩家3的描述提到了四个轮子、乘客和城市短途交通，但没有提到固定轨道或高速，这与其他描述中的火车特征不一致。
- 玩家4的描述虽然提到了游戏规则和卧底的行为，但并没有提供关于交通工具的具体信息。

由于玩家3的描述与火车的主要特征不符，且没有提到固定轨道和高速，而这两个特征是火车与其他交通工具（如汽车）的主要区别，因此玩家3的描述与火车这一类别中的其他描述不一致。结合游戏规则和词语分类为交通工具，我们可以推断玩家3是卧底，因为他的描述更符合汽车的特性，而不是火车的特性。|| 基于你刚刚的推断得出你的最终结论，请输出你认为的卧底，在这种情况下只需要输出编号，是1-4中的某个数字，不要输出其他信息。在这个过程不要进行任何推理，只对||以前的部分进行信息提取
2024-12-13 11:17:14,154 - 2 - INFO - **********PLAYER2**********
3
2024-12-13 11:18:12,524 - 2 - INFO - **********JUDGER**********
玩家1说：这是一辆常见的交通工具，它的特点是可以在铁轨上高速行驶。在交通工具类别中，它最突出的不同特征可能是它的长距离运输能力和较高的速度。它是一种依靠固定轨道运行的车辆，专为长距离旅行设计，以其稳定的速度和高效的运输能力著称。在同类交通工具中，它能够持续长时间运行，不受路况影响，是长途旅行的主要选择之一。玩家2说：这是一种在轨道上运行的，用于长距离运输的交通工具，它以其高速和稳定性而著称。在同类交通工具中，它最突出的不同特征可能是它的固定轨道运行和长距离、大容量的运输能力。玩家3说：这是一种用于日常出行的交通工具，通常有四个轮子，可以搭载乘客。在同类交通工具中，它最突出的不同特征可能是它的灵活性和便捷性，适用于城市短途交通。玩家4说：这是一种主要用于长途运输的交通工具，它的基本特征是依靠轨道运行，具有高速和长距离运输的能力。在同类交通工具中，它最突出的不同特征可能是它的长距离连续运行能力和高速行驶。你是第2号玩家，你的关键词是<火车>。你的回答中绝对不能包含你的关键词<火车>。这是第二轮描述，你之前的描述是这是一种在轨道上运行的，用于长距离运输的交通工具，它以其高速和稳定性而著称。在同类交通工具中，它最突出的不同特征可能是它的固定轨道运行和长距离、大容量的运输能力。，注意，这局游戏的词语分类为<交通工具>，卧底词和平民词都属于该类，请你补充关于关键词的描述，注意，你的描述应该比起之前的描述更加贴近关键词，作为之前的补充
2024-12-13 11:18:19,867 - 2 - INFO - **********PLAYER2**********
这是一种专门设计用于长距离高速行驶的交通工具，它依赖固定的轨道系统运行，以其稳定的速度和高效的运输能力著称。在所有交通工具中，它最突出的不同特征是其固定轨道和长距离、大容量的运输能力，这使得它成为长途旅行的主要选择之一。
2024-12-13 11:18:45,119 - 2 - INFO - **********JUDGER**********
玩家1说：这是一辆常见的交通工具，它的特点是可以在铁轨上高速行驶。在交通工具类别中，它最突出的不同特征可能是它的长距离运输能力和较高的速度。它是一种依靠固定轨道运行的车辆，专为长距离旅行设计，以其稳定的速度和高效的运输能力著称。在同类交通工具中，它能够持续长时间运行，不受路况影响，是长途旅行的主要选择之一。玩家2说：这是一种在轨道上运行的，用于长距离运输的交通工具，它以其高速和稳定性而著称。在同类交通工具中，它最突出的不同特征可能是它的固定轨道运行和长距离、大容量的运输能力。这是一种专门设计用于长距离高速行驶的交通工具，它依赖固定的轨道系统运行，以其稳定的速度和高效的运输能力著称。在所有交通工具中，它最突出的不同特征是其固定轨道和长距离、大容量的运输能力，这使得它成为长途旅行的主要选择之一。玩家3说：这是一种用于日常出行的交通工具，通常有四个轮子，可以搭载乘客。在同类交通工具中，它最突出的不同特征可能是它的灵活性和便捷性，适用于城市短途交通。这是一种依赖内燃机或电动机驱动的陆上交通工具，主要用于城市和乡村之间的短途或长途旅行。它的特点是具有较高的速度和舒适性，能够在各种路况下灵活行驶。在同类交通工具中，它以其可变载客量和个性化服务而著称，是现代生活中不可或缺的出行方式之一。玩家4说：这是一种主要用于长途运输的交通工具，它的基本特征是依靠轨道运行，具有高速和长距离运输的能力。在同类交通工具中，它最突出的不同特征可能是它的长距离连续运行能力和高速行驶。||在这个游戏中，我们需要通过分析每位玩家的描述来找出卧底。通常，平民的描述会围绕相同的词语展开，而卧底的描述可能会因为词语的不同而显得不太一致。我们需要仔细比较每个描述之间的相似性和差异性，以找出可能的卧底，注意，卧底并不会隐藏自己，他会直接描述他的词语，现在，逐一分析每个玩家的描述，注意，这局游戏的词语分类为<交通工具>，卧底词和平民词都属于该类。||之前是第2轮描述和之前轮数描述的合集。你之前认为的卧底是玩家3。
2024-12-13 11:18:54,510 - 2 - INFO - **********PLAYER2**********
根据第2轮描述和之前的分析，我之前的推断是玩家3可能是卧底，因为他的描述与火车的主要特征不一致，更像是汽车的特性。然而，现在玩家1和玩家2的描述非常相似，都强调了火车的固定轨道、长距离运输、高速和稳定性等特征。玩家4的描述也与火车相关，尽管他没有提到“高速”这个词，但其他特征与火车相符。

玩家3的描述虽然提到了四个轮子和乘客，但他也提到了“依赖内燃机或电动机驱动的陆上交通工具”，这进一步指向了汽车。然而，玩家3的描述中也提到了“可变载客量和个性化服务”，这并不是火车的主要特征。

综合考虑，如果玩家3的描述中提到的“可变载客量和个性化服务”是误导性的信息，那么他的描述可能与火车的特征不完全一致，这增加了他是卧底的可能性。但是，由于玩家1和玩家2的描述非常一致，且玩家4的描述虽然有所省略，但整体上仍然符合火车的特征，玩家3的描述中的不一致性变得更加明显。

因此，基于这些信息，我仍然认为玩家3是卧底。
2024-12-13 11:18:54,511 - 2 - INFO - **********JUDGER**********
你刚刚的分析是根据第2轮描述和之前的分析，我之前的推断是玩家3可能是卧底，因为他的描述与火车的主要特征不一致，更像是汽车的特性。然而，现在玩家1和玩家2的描述非常相似，都强调了火车的固定轨道、长距离运输、高速和稳定性等特征。玩家4的描述也与火车相关，尽管他没有提到“高速”这个词，但其他特征与火车相符。

玩家3的描述虽然提到了四个轮子和乘客，但他也提到了“依赖内燃机或电动机驱动的陆上交通工具”，这进一步指向了汽车。然而，玩家3的描述中也提到了“可变载客量和个性化服务”，这并不是火车的主要特征。

综合考虑，如果玩家3的描述中提到的“可变载客量和个性化服务”是误导性的信息，那么他的描述可能与火车的特征不完全一致，这增加了他是卧底的可能性。但是，由于玩家1和玩家2的描述非常一致，且玩家4的描述虽然有所省略，但整体上仍然符合火车的特征，玩家3的描述中的不一致性变得更加明显。

因此，基于这些信息，我仍然认为玩家3是卧底。|| `请根据上述分析，比较描述以找出不一致之处，注意，这局游戏的词语分类为<交通工具>，卧底词和平民词都属于该类。
2024-12-13 11:19:04,803 - 2 - INFO - **********PLAYER2**********
根据上述分析，我们可以比较描述中的一致性和不一致性如下：

- 一致性：
  - 玩家1和玩家2的描述高度一致，都强调了火车的固定轨道、长距离运输、高速和稳定性等特征。
  - 玩家4的描述虽然未提及“高速”，但提到了固定轨道和长距离运输，与火车的特征相符。

- 不一致性：
  - 玩家3的描述提到了“四个轮子”、“依赖内燃机或电动机驱动的陆上交通工具”以及“可变载客量和个性化服务”。这些特征更符合汽车，而不是火车。特别是“可变载客量和个性化服务”这一描述，并不是火车的主要特征，这与其他玩家的描述存在显著差异。

由于玩家3的描述与火车的主要特征不一致，而更偏向于汽车的特性，因此可以认为玩家3的描述是不一致的。在交通工具这个类别中，这种不一致性使得玩家3的描述更有可能是卧底。
2024-12-13 11:19:04,810 - 2 - INFO - **********JUDGER**********
你刚刚的分析是根据上述分析，我们可以比较描述中的一致性和不一致性如下：

- 一致性：
  - 玩家1和玩家2的描述高度一致，都强调了火车的固定轨道、长距离运输、高速和稳定性等特征。
  - 玩家4的描述虽然未提及“高速”，但提到了固定轨道和长距离运输，与火车的特征相符。

- 不一致性：
  - 玩家3的描述提到了“四个轮子”、“依赖内燃机或电动机驱动的陆上交通工具”以及“可变载客量和个性化服务”。这些特征更符合汽车，而不是火车。特别是“可变载客量和个性化服务”这一描述，并不是火车的主要特征，这与其他玩家的描述存在显著差异。

由于玩家3的描述与火车的主要特征不一致，而更偏向于汽车的特性，因此可以认为玩家3的描述是不一致的。在交通工具这个类别中，这种不一致性使得玩家3的描述更有可能是卧底。|| 请通过你分析的不一致之处，推断卧底身份，注意，这局游戏的词语分类为<交通工具>，卧底词和平民词都属于该类。
2024-12-13 11:19:07,157 - 2 - INFO - **********PLAYER2**********
基于分析的不一致之处，我可以推断卧底身份如下：

由于玩家3的描述中提到的特征（四个轮子、依赖内燃机或电动机驱动的陆上交通工具、可变载客量和个性化服务）与火车的主要特征（固定轨道、长距离运输、高速和稳定性）不符，而是更符合汽车的特性，因此可以推断玩家3是卧底。
2024-12-13 11:19:07,158 - 2 - INFO - **********JUDGER**********
你刚刚的推断是基于分析的不一致之处，我可以推断卧底身份如下：

由于玩家3的描述中提到的特征（四个轮子、依赖内燃机或电动机驱动的陆上交通工具、可变载客量和个性化服务）与火车的主要特征（固定轨道、长距离运输、高速和稳定性）不符，而是更符合汽车的特性，因此可以推断玩家3是卧底。|| 基于你刚刚的推断得出你的最终结论，请输出你认为的卧底，在这种情况下只需要输出编号，是1-4中的某个数字，不要输出其他信息。在这个过程不要进行任何推理，只对||以前的部分进行信息提取
2024-12-13 11:19:07,811 - 2 - INFO - **********PLAYER2**********
3
2024-12-13 11:19:59,951 - 2 - INFO - **********JUDGER**********
玩家1说：这是一辆常见的交通工具，它的特点是可以在铁轨上高速行驶。在交通工具类别中，它最突出的不同特征可能是它的长距离运输能力和较高的速度。它是一种依靠固定轨道运行的车辆，专为长距离旅行设计，以其稳定的速度和高效的运输能力著称。在同类交通工具中，它能够持续长时间运行，不受路况影响，是长途旅行的主要选择之一。它是一种专为长途旅行设计的交通工具，以其在固定轨道上的稳定高速行驶而闻名。在同类交通工具中，它以其能够持续长时间运行、不受路况影响、提供高效运输服务的能力为特点。玩家2说：这是一种在轨道上运行的，用于长距离运输的交通工具，它以其高速和稳定性而著称。在同类交通工具中，它最突出的不同特征可能是它的固定轨道运行和长距离、大容量的运输能力。这是一种专门设计用于长距离高速行驶的交通工具，它依赖固定的轨道系统运行，以其稳定的速度和高效的运输能力著称。在所有交通工具中，它最突出的不同特征是其固定轨道和长距离、大容量的运输能力，这使得它成为长途旅行的主要选择之一。玩家3说：这是一种用于日常出行的交通工具，通常有四个轮子，可以搭载乘客。在同类交通工具中，它最突出的不同特征可能是它的灵活性和便捷性，适用于城市短途交通。这是一种依赖内燃机或电动机驱动的陆上交通工具，主要用于城市和乡村之间的短途或长途旅行。它的特点是具有较高的速度和舒适性，能够在各种路况下灵活行驶。在同类交通工具中，它以其可变载客量和个性化服务而著称，是现代生活中不可或缺的出行方式之一。玩家4说：这是一种主要用于长途运输的交通工具，它的基本特征是依靠轨道运行，具有高速和长距离运输的能力。在同类交通工具中，它最突出的不同特征可能是它的长距离连续运行能力和高速行驶。这种交通工具以其强大的动力和精确的控制系统而闻名，能够在直线轨道上高速前进，为长途旅行提供高效、可靠的运输服务。它的设计允许它跨越长距离，不受地面路况的限制，因此在长途运输领域占据重要地位。这种交通工具的特点还包括它的高载客量和频繁的发车频率，使得它成为长途旅行的主要选择之一。你是第2号玩家，你的关键词是<火车>。你的回答中绝对不能包含你的关键词<火车>。这是第三轮描述，你之前的描述是这是一种在轨道上运行的，用于长距离运输的交通工具，它以其高速和稳定性而著称。在同类交通工具中，它最突出的不同特征可能是它的固定轨道运行和长距离、大容量的运输能力。和这是一种专门设计用于长距离高速行驶的交通工具，它依赖固定的轨道系统运行，以其稳定的速度和高效的运输能力著称。在所有交通工具中，它最突出的不同特征是其固定轨道和长距离、大容量的运输能力，这使得它成为长途旅行的主要选择之一。，注意，这局游戏的词语分类为<交通工具>，卧底词和平民词都属于该类，请你补充关于关键词的描述，注意，你的描述应该比起之前的描述更加贴近关键词，作为之前的补充
2024-12-13 11:20:02,919 - 2 - INFO - **********PLAYER2**********
这是一种高速且稳定的交通工具，专为长距离旅行而设计。它在固定的轨道上运行，能够持续长时间高速行驶，不受地面路况的影响。这种交通工具以其高载客量和频繁的发车频率为特点，为长途旅行提供了高效、可靠的运输服务。
2024-12-13 11:20:29,446 - 2 - INFO - **********JUDGER**********
玩家1说：这是一辆常见的交通工具，它的特点是可以在铁轨上高速行驶。在交通工具类别中，它最突出的不同特征可能是它的长距离运输能力和较高的速度。它是一种依靠固定轨道运行的车辆，专为长距离旅行设计，以其稳定的速度和高效的运输能力著称。在同类交通工具中，它能够持续长时间运行，不受路况影响，是长途旅行的主要选择之一。它是一种专为长途旅行设计的交通工具，以其在固定轨道上的稳定高速行驶而闻名。在同类交通工具中，它以其能够持续长时间运行、不受路况影响、提供高效运输服务的能力为特点。玩家2说：这是一种在轨道上运行的，用于长距离运输的交通工具，它以其高速和稳定性而著称。在同类交通工具中，它最突出的不同特征可能是它的固定轨道运行和长距离、大容量的运输能力。这是一种专门设计用于长距离高速行驶的交通工具，它依赖固定的轨道系统运行，以其稳定的速度和高效的运输能力著称。在所有交通工具中，它最突出的不同特征是其固定轨道和长距离、大容量的运输能力，这使得它成为长途旅行的主要选择之一。这是一种高速且稳定的交通工具，专为长距离旅行而设计。它在固定的轨道上运行，能够持续长时间高速行驶，不受地面路况的影响。这种交通工具以其高载客量和频繁的发车频率为特点，为长途旅行提供了高效、可靠的运输服务。玩家3说：这是一种用于日常出行的交通工具，通常有四个轮子，可以搭载乘客。在同类交通工具中，它最突出的不同特征可能是它的灵活性和便捷性，适用于城市短途交通。这是一种依赖内燃机或电动机驱动的陆上交通工具，主要用于城市和乡村之间的短途或长途旅行。它的特点是具有较高的速度和舒适性，能够在各种路况下灵活行驶。在同类交通工具中，它以其可变载客量和个性化服务而著称，是现代生活中不可或缺的出行方式之一。这是一种日常使用的交通工具，它能够在城市和乡村之间提供便捷的出行服务。它的特点是轻便、灵活，能够在各种路况下快速移动。这种交通工具的设计允许它适应不同的驾驶环境，无论是平坦的道路还是崎岖的山路，它都能保持较高的行驶速度。此外，它通常配备了舒适的座椅和便捷的操控系统，使得驾驶和乘坐体验都十分友好。在同类交通工具中，它以其多功能性和广泛的适用性而受到人们的喜爱。玩家4说：这是一种主要用于长途运输的交通工具，它的基本特征是依靠轨道运行，具有高速和长距离运输的能力。在同类交通工具中，它最突出的不同特征可能是它的长距离连续运行能力和高速行驶。这种交通工具以其强大的动力和精确的控制系统而闻名，能够在直线轨道上高速前进，为长途旅行提供高效、可靠的运输服务。它的设计允许它跨越长距离，不受地面路况的限制，因此在长途运输领域占据重要地位。这种交通工具的特点还包括它的高载客量和频繁的发车频率，使得它成为长途旅行的主要选择之一。这种交通工具以其独特的运行方式在交通运输领域中占据重要地位，它通过固定轨道系统连接起远距离的城市和地区，为乘客和货物提供快速的点对点服务。它的动力系统强大，能够确保即使在长距离的旅行中也能保持高速行驶。这种交通工具的特点还包括它的准时性和可靠性，因为它不依赖于外部路况，能够在预定的时间和路线上一路高速行驶。此外，它的高效运输能力和频繁的发车频率，使得它成为长途旅行中的首选工具。||在这个游戏中，我们需要通过分析每位玩家的描述来找出卧底。通常，平民的描述会围绕相同的词语展开，而卧底的描述可能会因为词语的不同而显得不太一致。我们需要仔细比较每个描述之间的相似性和差异性，以找出可能的卧底，注意，卧底并不会隐藏自己，他会直接描述他的词语，现在，逐一分析每个玩家的描述，注意，这局游戏的词语分类为<交通工具>，卧底词和平民词都属于该类。||之前是第3轮描述和之前轮数描述的合集。你之前认为的卧底是玩家3。
2024-12-13 11:20:41,271 - 2 - INFO - **********PLAYER2**********
根据第3轮描述和之前轮数的描述，我们可以分析如下：

- 玩家1、玩家2和玩家4的描述都非常相似，都强调了交通工具在轨道上运行、用于长距离运输、高速、稳定、固定轨道、大容量运输等特点，这些描述都指向了火车。
- 玩家3的描述则提到了日常出行、四个轮子、灵活性、便捷性、适用于城市短途交通、依赖内燃机或电动机、可变载客量、个性化服务等特点，这些描述更符合汽车。

由于玩家3的描述与火车的主要特征不一致，而是更符合汽车的特性，这与其他玩家的描述存在显著差异，因此可以推断玩家3是卧底。这与我之前的推断一致。
2024-12-13 11:20:41,273 - 2 - INFO - **********JUDGER**********
你刚刚的分析是根据第3轮描述和之前轮数的描述，我们可以分析如下：

- 玩家1、玩家2和玩家4的描述都非常相似，都强调了交通工具在轨道上运行、用于长距离运输、高速、稳定、固定轨道、大容量运输等特点，这些描述都指向了火车。
- 玩家3的描述则提到了日常出行、四个轮子、灵活性、便捷性、适用于城市短途交通、依赖内燃机或电动机、可变载客量、个性化服务等特点，这些描述更符合汽车。

由于玩家3的描述与火车的主要特征不一致，而是更符合汽车的特性，这与其他玩家的描述存在显著差异，因此可以推断玩家3是卧底。这与我之前的推断一致。|| `请根据上述分析，比较描述以找出不一致之处，注意，这局游戏的词语分类为<交通工具>，卧底词和平民词都属于该类。
2024-12-13 11:20:47,951 - 2 - INFO - **********PLAYER2**********
根据上述分析，不一致之处如下：

- 玩家1、玩家2和玩家4的描述都集中在火车的主要特征上，包括轨道运行、长距离运输、高速、稳定性、固定轨道和大容量运输。
- 玩家3的描述则集中在汽车的特性上，包括日常出行、四个轮子、灵活性、便捷性、适用于城市短途交通、依赖内燃机或电动机、可变载客量和个性化服务。

玩家3的描述与火车的主要特征不符，而是更偏向于描述汽车的特性，这是与其他玩家描述不一致的地方。在交通工具这个分类中，这种不一致性表明玩家3可能是卧底。
2024-12-13 11:20:47,957 - 2 - INFO - **********JUDGER**********
你刚刚的分析是根据上述分析，不一致之处如下：

- 玩家1、玩家2和玩家4的描述都集中在火车的主要特征上，包括轨道运行、长距离运输、高速、稳定性、固定轨道和大容量运输。
- 玩家3的描述则集中在汽车的特性上，包括日常出行、四个轮子、灵活性、便捷性、适用于城市短途交通、依赖内燃机或电动机、可变载客量和个性化服务。

玩家3的描述与火车的主要特征不符，而是更偏向于描述汽车的特性，这是与其他玩家描述不一致的地方。在交通工具这个分类中，这种不一致性表明玩家3可能是卧底。|| 请通过你分析的不一致之处，推断卧底身份，注意，这局游戏的词语分类为<交通工具>，卧底词和平民词都属于该类。
2024-12-13 11:20:49,233 - 2 - INFO - **********PLAYER2**********
基于分析的不一致之处，可以推断卧底身份为玩家3。
2024-12-13 11:20:49,234 - 2 - INFO - **********JUDGER**********
你刚刚的推断是基于分析的不一致之处，可以推断卧底身份为玩家3。|| 基于你刚刚的推断得出你的最终结论，请输出你认为的卧底，在这种情况下只需要输出编号，是1-4中的某个数字，不要输出其他信息。在这个过程不要进行任何推理，只对||以前的部分进行信息提取
2024-12-13 11:20:50,424 - 2 - INFO - **********PLAYER2**********
3
