2024-12-13 11:16:18,902 - 3 - INFO - **********JUDGER**********
让我们来玩一个叫做<谁是卧底>的推理游戏。基本规则：<人数>：4人。<角色分配>：每位玩家随机抽取一个词语，3名玩家拿到的词语是相同的（平民词），1名玩家拿到与之相近但不同的词语（卧底词）。<游戏流程>：1、玩家轮流描述自己的词语，但<不能>直接说出词语本身。2、描述完毕后，投票选出最像卧底的玩家。3、每轮结束后，被投票选出的玩家出局，不能再进行描述或投票。4、每轮投票结束后，如果卧底被成功找出，平民方获胜；如果卧底未被找出且卧底人数等于或超过平民人数，则卧底方获胜。你将扮演一个<玩家>，请等待你被分配到的关键词。如果你听懂了，只回答，"好的，我准备好参加游戏了"，不要输出别的信息
2024-12-13 11:16:19,803 - 3 - INFO - **********PLAYER3**********
好的，我准备好参加游戏了
2024-12-13 11:16:26,256 - 3 - INFO - **********JUDGER**********
玩家1说：这是一辆常见的交通工具，它的特点是可以在铁轨上高速行驶。在交通工具类别中，它最突出的不同特征可能是它的长距离运输能力和较高的速度。玩家2说：这是一种在轨道上运行的，用于长距离运输的交通工具，它以其高速和稳定性而著称。在同类交通工具中，它最突出的不同特征可能是它的固定轨道运行和长距离、大容量的运输能力。玩家3说：玩家4说：|| 你是第3号玩家，你的关键词是<汽车>。你的回答中绝对不能包含你的关键词<汽车>。这是第一轮描述，不需要分析||之前别的玩家的描述，请你描述关键词基本特征，注意，这局游戏的词语分类为<交通工具>，卧底词和平民词都属于该类，描述包括以下两点，1.他的基本特征是什么2.他在该类（交通工具）中最突出不同的特征是什么，尽量简短
2024-12-13 11:16:28,252 - 3 - INFO - **********PLAYER3**********
这是一种用于日常出行的交通工具，通常有四个轮子，可以搭载乘客。在同类交通工具中，它最突出的不同特征可能是它的灵活性和便捷性，适用于城市短途交通。
2024-12-13 11:17:14,155 - 3 - INFO - **********JUDGER**********
玩家1说：这是一辆常见的交通工具，它的特点是可以在铁轨上高速行驶。在交通工具类别中，它最突出的不同特征可能是它的长距离运输能力和较高的速度。玩家2说：这是一种在轨道上运行的，用于长距离运输的交通工具，它以其高速和稳定性而著称。在同类交通工具中，它最突出的不同特征可能是它的固定轨道运行和长距离、大容量的运输能力。玩家3说：这是一种用于日常出行的交通工具，通常有四个轮子，可以搭载乘客。在同类交通工具中，它最突出的不同特征可能是它的灵活性和便捷性，适用于城市短途交通。玩家4说：||在这个游戏中，我们需要通过分析每位玩家的描述来找出卧底。通常，平民的描述会围绕相同的词语展开，而卧底的描述可能会因为词语的不同而显得不太一致。我们需要仔细比较每个描述之间的相似性和差异性，以找出可能的卧底，注意，卧底并不会隐藏自己，他会直接描述他的词语，现在，逐一分析每个玩家的描述，注意，这局游戏的词语分类为<交通工具>，卧底词和平民词都属于该类。这是第一轮描述。
2024-12-13 11:17:24,399 - 3 - INFO - **********PLAYER3**********
好的，根据玩家们的描述，我们可以进行以下分析：

- 玩家1和玩家2的描述非常相似，都提到了铁轨、高速、长距离运输和稳定性，这暗示他们可能是平民，因为他们描述的可能是同一类词语。
- 玩家3的描述提到了四个轮子、日常出行、灵活性和便捷性，这与玩家1和玩家2的描述不同，但与玩家4的描述有一定的相似性，因为都提到了日常出行。
- 玩家4的描述似乎在引导我们分析整个游戏的过程和规则，而不是直接描述一个词语，这可能是卧底的行为，因为卧底通常不会直接描述他的词语。

基于这些信息，玩家4的描述可能是卧底，因为他没有像其他玩家那样描述一个具体的交通工具。不过，最终需要通过投票来确定。
2024-12-13 11:17:24,400 - 3 - INFO - **********JUDGER**********
你刚刚的分析是好的，根据玩家们的描述，我们可以进行以下分析：

- 玩家1和玩家2的描述非常相似，都提到了铁轨、高速、长距离运输和稳定性，这暗示他们可能是平民，因为他们描述的可能是同一类词语。
- 玩家3的描述提到了四个轮子、日常出行、灵活性和便捷性，这与玩家1和玩家2的描述不同，但与玩家4的描述有一定的相似性，因为都提到了日常出行。
- 玩家4的描述似乎在引导我们分析整个游戏的过程和规则，而不是直接描述一个词语，这可能是卧底的行为，因为卧底通常不会直接描述他的词语。

基于这些信息，玩家4的描述可能是卧底，因为他没有像其他玩家那样描述一个具体的交通工具。不过，最终需要通过投票来确定。|| `请根据上述分析，比较描述以找出不一致之处，注意，这局游戏的词语分类为<交通工具>，卧底词和平民词都属于该类。
2024-12-13 11:17:35,165 - 3 - INFO - **********PLAYER3**********
根据上述分析，我们可以比较描述中的一致性和不一致之处如下：

- 一致性：
  - 玩家1和玩家2的描述都强调了“铁轨”、“高速”、“长距离运输”和“稳定性”，这些特征指向同一类交通工具，可能是火车或高铁。
  - 玩家3和玩家4的描述都提到了“日常出行”和“便捷性”，这一点在玩家3的描述中尤为明显，这可能意味着他们描述的是汽车或类似的私人交通工具。

- 不一致性：
  - 玩家1和玩家2的描述与玩家3和玩家4的描述在关键词汇上存在明显差异。玩家1和玩家2的描述更偏向于公共、长距离的运输工具，而玩家3和玩家4的描述更偏向于个人、短途的出行工具。
  - 玩家4的描述没有直接描述任何具体的交通工具特征，而是转而解释了游戏规则和投票过程，这与玩家1、2和3的直接描述交通工具特征的行为不同。

基于这些不一致之处，玩家4的描述可能是卧底，因为他没有描述具体的交通工具特征，而是提供了游戏分析的建议。然而，这只是一个基于描述的分析，最终需要通过投票来确定。
2024-12-13 11:17:35,167 - 3 - INFO - **********JUDGER**********
你刚刚的分析是根据上述分析，我们可以比较描述中的一致性和不一致之处如下：

- 一致性：
  - 玩家1和玩家2的描述都强调了“铁轨”、“高速”、“长距离运输”和“稳定性”，这些特征指向同一类交通工具，可能是火车或高铁。
  - 玩家3和玩家4的描述都提到了“日常出行”和“便捷性”，这一点在玩家3的描述中尤为明显，这可能意味着他们描述的是汽车或类似的私人交通工具。

- 不一致性：
  - 玩家1和玩家2的描述与玩家3和玩家4的描述在关键词汇上存在明显差异。玩家1和玩家2的描述更偏向于公共、长距离的运输工具，而玩家3和玩家4的描述更偏向于个人、短途的出行工具。
  - 玩家4的描述没有直接描述任何具体的交通工具特征，而是转而解释了游戏规则和投票过程，这与玩家1、2和3的直接描述交通工具特征的行为不同。

基于这些不一致之处，玩家4的描述可能是卧底，因为他没有描述具体的交通工具特征，而是提供了游戏分析的建议。然而，这只是一个基于描述的分析，最终需要通过投票来确定。|| 请通过你分析的不一致之处，推断卧底身份，注意，这局游戏的词语分类为<交通工具>，卧底词和平民词都属于该类。
2024-12-13 11:17:49,591 - 3 - INFO - **********PLAYER3**********
根据分析中提到的不一致之处，以下是对卧底身份的推断：

- 玩家1和玩家2的描述指向的是公共、长距离的运输工具，如火车或高铁，这表明他们的词语可能是与这类交通工具相关的。
- 玩家3的描述提到了日常出行、灵活性和便捷性，这与个人、短途的出行工具相符，如汽车。
- 玩家4的描述没有提供具体的交通工具特征，而是引导我们分析游戏过程，这表明他可能没有直接参与描述交通工具。

考虑到游戏词语分类为<交通工具>，且卧底词和平民词都属于该类，玩家4没有直接描述交通工具特征，这可能意味着他的词语与玩家1和玩家2的描述不太一样，但又属于同一类别，可能是某种介于公共和私人交通工具之间的类型，或者是一个更广泛的交通工具类别。

因此，基于描述的不一致性，玩家4可能是卧底，因为他的描述没有直接指向任何具体的交通工具，而是提供了一个更宏观的分析角度。然而，这种推断仍然基于描述，实际的卧底身份需要通过投票来确认。
2024-12-13 11:17:49,592 - 3 - INFO - **********JUDGER**********
你刚刚的推断是根据分析中提到的不一致之处，以下是对卧底身份的推断：

- 玩家1和玩家2的描述指向的是公共、长距离的运输工具，如火车或高铁，这表明他们的词语可能是与这类交通工具相关的。
- 玩家3的描述提到了日常出行、灵活性和便捷性，这与个人、短途的出行工具相符，如汽车。
- 玩家4的描述没有提供具体的交通工具特征，而是引导我们分析游戏过程，这表明他可能没有直接参与描述交通工具。

考虑到游戏词语分类为<交通工具>，且卧底词和平民词都属于该类，玩家4没有直接描述交通工具特征，这可能意味着他的词语与玩家1和玩家2的描述不太一样，但又属于同一类别，可能是某种介于公共和私人交通工具之间的类型，或者是一个更广泛的交通工具类别。

因此，基于描述的不一致性，玩家4可能是卧底，因为他的描述没有直接指向任何具体的交通工具，而是提供了一个更宏观的分析角度。然而，这种推断仍然基于描述，实际的卧底身份需要通过投票来确认。|| 基于你刚刚的推断得出你的最终结论，请输出你认为的卧底，在这种情况下只需要输出编号，是1-4中的某个数字，不要输出其他信息。在这个过程不要进行任何推理，只对||以前的部分进行信息提取
2024-12-13 11:17:50,450 - 3 - INFO - **********PLAYER3**********
4
2024-12-13 11:18:19,869 - 3 - INFO - **********JUDGER**********
玩家1说：这是一辆常见的交通工具，它的特点是可以在铁轨上高速行驶。在交通工具类别中，它最突出的不同特征可能是它的长距离运输能力和较高的速度。它是一种依靠固定轨道运行的车辆，专为长距离旅行设计，以其稳定的速度和高效的运输能力著称。在同类交通工具中，它能够持续长时间运行，不受路况影响，是长途旅行的主要选择之一。玩家2说：这是一种在轨道上运行的，用于长距离运输的交通工具，它以其高速和稳定性而著称。在同类交通工具中，它最突出的不同特征可能是它的固定轨道运行和长距离、大容量的运输能力。这是一种专门设计用于长距离高速行驶的交通工具，它依赖固定的轨道系统运行，以其稳定的速度和高效的运输能力著称。在所有交通工具中，它最突出的不同特征是其固定轨道和长距离、大容量的运输能力，这使得它成为长途旅行的主要选择之一。玩家3说：这是一种用于日常出行的交通工具，通常有四个轮子，可以搭载乘客。在同类交通工具中，它最突出的不同特征可能是它的灵活性和便捷性，适用于城市短途交通。玩家4说：这是一种主要用于长途运输的交通工具，它的基本特征是依靠轨道运行，具有高速和长距离运输的能力。在同类交通工具中，它最突出的不同特征可能是它的长距离连续运行能力和高速行驶。你是第3号玩家，你的关键词是<汽车>。你的回答中绝对不能包含你的关键词<汽车>。这是第二轮描述，你之前的描述是这是一种用于日常出行的交通工具，通常有四个轮子，可以搭载乘客。在同类交通工具中，它最突出的不同特征可能是它的灵活性和便捷性，适用于城市短途交通。，注意，这局游戏的词语分类为<交通工具>，卧底词和平民词都属于该类，请你补充关于关键词的描述，注意，你的描述应该比起之前的描述更加贴近关键词，作为之前的补充
2024-12-13 11:18:23,487 - 3 - INFO - **********PLAYER3**********
这是一种依赖内燃机或电动机驱动的陆上交通工具，主要用于城市和乡村之间的短途或长途旅行。它的特点是具有较高的速度和舒适性，能够在各种路况下灵活行驶。在同类交通工具中，它以其可变载客量和个性化服务而著称，是现代生活中不可或缺的出行方式之一。
2024-12-13 11:19:07,812 - 3 - INFO - **********JUDGER**********
玩家1说：这是一辆常见的交通工具，它的特点是可以在铁轨上高速行驶。在交通工具类别中，它最突出的不同特征可能是它的长距离运输能力和较高的速度。它是一种依靠固定轨道运行的车辆，专为长距离旅行设计，以其稳定的速度和高效的运输能力著称。在同类交通工具中，它能够持续长时间运行，不受路况影响，是长途旅行的主要选择之一。玩家2说：这是一种在轨道上运行的，用于长距离运输的交通工具，它以其高速和稳定性而著称。在同类交通工具中，它最突出的不同特征可能是它的固定轨道运行和长距离、大容量的运输能力。这是一种专门设计用于长距离高速行驶的交通工具，它依赖固定的轨道系统运行，以其稳定的速度和高效的运输能力著称。在所有交通工具中，它最突出的不同特征是其固定轨道和长距离、大容量的运输能力，这使得它成为长途旅行的主要选择之一。玩家3说：这是一种用于日常出行的交通工具，通常有四个轮子，可以搭载乘客。在同类交通工具中，它最突出的不同特征可能是它的灵活性和便捷性，适用于城市短途交通。这是一种依赖内燃机或电动机驱动的陆上交通工具，主要用于城市和乡村之间的短途或长途旅行。它的特点是具有较高的速度和舒适性，能够在各种路况下灵活行驶。在同类交通工具中，它以其可变载客量和个性化服务而著称，是现代生活中不可或缺的出行方式之一。玩家4说：这是一种主要用于长途运输的交通工具，它的基本特征是依靠轨道运行，具有高速和长距离运输的能力。在同类交通工具中，它最突出的不同特征可能是它的长距离连续运行能力和高速行驶。||在这个游戏中，我们需要通过分析每位玩家的描述来找出卧底。通常，平民的描述会围绕相同的词语展开，而卧底的描述可能会因为词语的不同而显得不太一致。我们需要仔细比较每个描述之间的相似性和差异性，以找出可能的卧底，注意，卧底并不会隐藏自己，他会直接描述他的词语，现在，逐一分析每个玩家的描述，注意，这局游戏的词语分类为<交通工具>，卧底词和平民词都属于该类。||之前是第2轮描述和之前轮数描述的合集。你之前认为的卧底是玩家4。
2024-12-13 11:19:15,433 - 3 - INFO - **********PLAYER3**********
根据第二轮描述和之前的分析，我之前的推断是基于玩家4的描述与玩家1和玩家2的描述存在不一致之处，因为玩家4的描述没有强调“固定轨道”和“大容量运输能力”，而玩家1和玩家2的描述中这些特征非常突出。

现在，我们来分析第二轮的描述：

- 玩家1和玩家2的描述仍然非常相似，强调了固定轨道、长距离运输、高速和稳定性，这进一步加强了他们可能是平民的可能性。
- 玩家3的描述提到了四个轮子、日常出行、灵活性和便捷性，这与之前的描述一致，但与玩家1和玩家2的描述存在明显差异。
- 玩家4的描述虽然也提到了高速和长距离运输，但没有强调固定轨道和高效运输能力，这与玩家1和玩家2的描述存在差异。

基于这些信息，玩家4的描述仍然与玩家1和玩家2的描述存在不一致之处，因此，如果必须根据描述来选择卧底，玩家4仍然是一个可能的候选人。然而，玩家3的描述与玩家4的描述相比，更接近于玩家1和玩家2的描述，这可能意味着玩家3的描述与卧底词更不一致。

因此，如果我要根据描述来选择卧底，我仍然会选择玩家4，因为他的描述与玩家1和玩家2的描述在关键特征上存在更多的不一致。
2024-12-13 11:19:15,436 - 3 - INFO - **********JUDGER**********
你刚刚的分析是根据第二轮描述和之前的分析，我之前的推断是基于玩家4的描述与玩家1和玩家2的描述存在不一致之处，因为玩家4的描述没有强调“固定轨道”和“大容量运输能力”，而玩家1和玩家2的描述中这些特征非常突出。

现在，我们来分析第二轮的描述：

- 玩家1和玩家2的描述仍然非常相似，强调了固定轨道、长距离运输、高速和稳定性，这进一步加强了他们可能是平民的可能性。
- 玩家3的描述提到了四个轮子、日常出行、灵活性和便捷性，这与之前的描述一致，但与玩家1和玩家2的描述存在明显差异。
- 玩家4的描述虽然也提到了高速和长距离运输，但没有强调固定轨道和高效运输能力，这与玩家1和玩家2的描述存在差异。

基于这些信息，玩家4的描述仍然与玩家1和玩家2的描述存在不一致之处，因此，如果必须根据描述来选择卧底，玩家4仍然是一个可能的候选人。然而，玩家3的描述与玩家4的描述相比，更接近于玩家1和玩家2的描述，这可能意味着玩家3的描述与卧底词更不一致。

因此，如果我要根据描述来选择卧底，我仍然会选择玩家4，因为他的描述与玩家1和玩家2的描述在关键特征上存在更多的不一致。|| `请根据上述分析，比较描述以找出不一致之处，注意，这局游戏的词语分类为<交通工具>，卧底词和平民词都属于该类。
2024-12-13 11:19:33,104 - 3 - INFO - **********PLAYER3**********
根据上述分析，以下是不一致之处的比较：

- 玩家1和玩家2的描述高度一致，都强调了固定轨道、长距离运输、高速和稳定性，这些特征指向火车或高铁这样的交通工具。
- 玩家3的描述提到了四个轮子、日常出行、灵活性和便捷性，这与玩家1和玩家2的描述不同，但与玩家4的描述有相似之处，都提到了速度和运输能力，但没有强调固定轨道。
- 玩家4的描述虽然也提到了高速和长距离运输，但没有强调固定轨道和高效运输能力，这与玩家1和玩家2的描述存在差异。

不一致之处主要体现在以下几点：
1. 玩家1和玩家2的描述中明确提到了固定轨道，而玩家4的描述没有提及。
2. 玩家1和玩家2的描述强调了长距离和大容量的运输能力，而玩家4的描述虽然提到了长距离运输，但没有提及大容量。
3. 玩家3的描述与玩家4的描述在速度和运输能力上有相似之处，但玩家3的描述中提到了四个轮子和日常出行，而玩家4没有提及这些特征。

基于这些不一致之处，玩家4的描述可能与卧底词更不匹配，因为他在描述中没有强调固定轨道和运输能力，这是玩家1和玩家2描述中的关键特征。因此，玩家4可能是卧底。
2024-12-13 11:19:33,106 - 3 - INFO - **********JUDGER**********
你刚刚的分析是根据上述分析，以下是不一致之处的比较：

- 玩家1和玩家2的描述高度一致，都强调了固定轨道、长距离运输、高速和稳定性，这些特征指向火车或高铁这样的交通工具。
- 玩家3的描述提到了四个轮子、日常出行、灵活性和便捷性，这与玩家1和玩家2的描述不同，但与玩家4的描述有相似之处，都提到了速度和运输能力，但没有强调固定轨道。
- 玩家4的描述虽然也提到了高速和长距离运输，但没有强调固定轨道和高效运输能力，这与玩家1和玩家2的描述存在差异。

不一致之处主要体现在以下几点：
1. 玩家1和玩家2的描述中明确提到了固定轨道，而玩家4的描述没有提及。
2. 玩家1和玩家2的描述强调了长距离和大容量的运输能力，而玩家4的描述虽然提到了长距离运输，但没有提及大容量。
3. 玩家3的描述与玩家4的描述在速度和运输能力上有相似之处，但玩家3的描述中提到了四个轮子和日常出行，而玩家4没有提及这些特征。

基于这些不一致之处，玩家4的描述可能与卧底词更不匹配，因为他在描述中没有强调固定轨道和运输能力，这是玩家1和玩家2描述中的关键特征。因此，玩家4可能是卧底。|| 请通过你分析的不一致之处，推断卧底身份，注意，这局游戏的词语分类为<交通工具>，卧底词和平民词都属于该类。
2024-12-13 11:19:40,918 - 3 - INFO - **********PLAYER3**********
基于分析中提到的不一致之处，推断卧底身份如下：

- 玩家1和玩家2的描述都指向火车或高铁，强调了固定轨道、长距离运输、高速和稳定性。
- 玩家3的描述指向汽车，提到了四个轮子、日常出行、灵活性和便捷性。
- 玩家4的描述虽然提到了高速和长距离运输，但没有强调固定轨道和高效运输能力，这与玩家1和玩家2的描述存在显著差异。

因此，根据这些不一致之处，玩家4可能是卧底，因为他的描述与玩家1和玩家2的描述在关键特征上不一致，而且他的描述没有明确指向火车或高铁这样的固定轨道交通工具。所以，卧底身份可能是玩家4。
2024-12-13 11:19:40,918 - 3 - INFO - **********JUDGER**********
你刚刚的推断是基于分析中提到的不一致之处，推断卧底身份如下：

- 玩家1和玩家2的描述都指向火车或高铁，强调了固定轨道、长距离运输、高速和稳定性。
- 玩家3的描述指向汽车，提到了四个轮子、日常出行、灵活性和便捷性。
- 玩家4的描述虽然提到了高速和长距离运输，但没有强调固定轨道和高效运输能力，这与玩家1和玩家2的描述存在显著差异。

因此，根据这些不一致之处，玩家4可能是卧底，因为他的描述与玩家1和玩家2的描述在关键特征上不一致，而且他的描述没有明确指向火车或高铁这样的固定轨道交通工具。所以，卧底身份可能是玩家4。|| 基于你刚刚的推断得出你的最终结论，请输出你认为的卧底，在这种情况下只需要输出编号，是1-4中的某个数字，不要输出其他信息。在这个过程不要进行任何推理，只对||以前的部分进行信息提取
2024-12-13 11:19:42,495 - 3 - INFO - **********PLAYER3**********
4
2024-12-13 11:20:02,920 - 3 - INFO - **********JUDGER**********
玩家1说：这是一辆常见的交通工具，它的特点是可以在铁轨上高速行驶。在交通工具类别中，它最突出的不同特征可能是它的长距离运输能力和较高的速度。它是一种依靠固定轨道运行的车辆，专为长距离旅行设计，以其稳定的速度和高效的运输能力著称。在同类交通工具中，它能够持续长时间运行，不受路况影响，是长途旅行的主要选择之一。它是一种专为长途旅行设计的交通工具，以其在固定轨道上的稳定高速行驶而闻名。在同类交通工具中，它以其能够持续长时间运行、不受路况影响、提供高效运输服务的能力为特点。玩家2说：这是一种在轨道上运行的，用于长距离运输的交通工具，它以其高速和稳定性而著称。在同类交通工具中，它最突出的不同特征可能是它的固定轨道运行和长距离、大容量的运输能力。这是一种专门设计用于长距离高速行驶的交通工具，它依赖固定的轨道系统运行，以其稳定的速度和高效的运输能力著称。在所有交通工具中，它最突出的不同特征是其固定轨道和长距离、大容量的运输能力，这使得它成为长途旅行的主要选择之一。这是一种高速且稳定的交通工具，专为长距离旅行而设计。它在固定的轨道上运行，能够持续长时间高速行驶，不受地面路况的影响。这种交通工具以其高载客量和频繁的发车频率为特点，为长途旅行提供了高效、可靠的运输服务。玩家3说：这是一种用于日常出行的交通工具，通常有四个轮子，可以搭载乘客。在同类交通工具中，它最突出的不同特征可能是它的灵活性和便捷性，适用于城市短途交通。这是一种依赖内燃机或电动机驱动的陆上交通工具，主要用于城市和乡村之间的短途或长途旅行。它的特点是具有较高的速度和舒适性，能够在各种路况下灵活行驶。在同类交通工具中，它以其可变载客量和个性化服务而著称，是现代生活中不可或缺的出行方式之一。玩家4说：这是一种主要用于长途运输的交通工具，它的基本特征是依靠轨道运行，具有高速和长距离运输的能力。在同类交通工具中，它最突出的不同特征可能是它的长距离连续运行能力和高速行驶。这种交通工具以其强大的动力和精确的控制系统而闻名，能够在直线轨道上高速前进，为长途旅行提供高效、可靠的运输服务。它的设计允许它跨越长距离，不受地面路况的限制，因此在长途运输领域占据重要地位。这种交通工具的特点还包括它的高载客量和频繁的发车频率，使得它成为长途旅行的主要选择之一。你是第3号玩家，你的关键词是<汽车>。你的回答中绝对不能包含你的关键词<汽车>。这是第三轮描述，你之前的描述是这是一种用于日常出行的交通工具，通常有四个轮子，可以搭载乘客。在同类交通工具中，它最突出的不同特征可能是它的灵活性和便捷性，适用于城市短途交通。和这是一种依赖内燃机或电动机驱动的陆上交通工具，主要用于城市和乡村之间的短途或长途旅行。它的特点是具有较高的速度和舒适性，能够在各种路况下灵活行驶。在同类交通工具中，它以其可变载客量和个性化服务而著称，是现代生活中不可或缺的出行方式之一。，注意，这局游戏的词语分类为<交通工具>，卧底词和平民词都属于该类，请你补充关于关键词的描述，注意，你的描述应该比起之前的描述更加贴近关键词，作为之前的补充
2024-12-13 11:20:06,131 - 3 - INFO - **********PLAYER3**********
这是一种日常使用的交通工具，它能够在城市和乡村之间提供便捷的出行服务。它的特点是轻便、灵活，能够在各种路况下快速移动。这种交通工具的设计允许它适应不同的驾驶环境，无论是平坦的道路还是崎岖的山路，它都能保持较高的行驶速度。此外，它通常配备了舒适的座椅和便捷的操控系统，使得驾驶和乘坐体验都十分友好。在同类交通工具中，它以其多功能性和广泛的适用性而受到人们的喜爱。
2024-12-13 11:20:50,425 - 3 - INFO - **********JUDGER**********
玩家1说：这是一辆常见的交通工具，它的特点是可以在铁轨上高速行驶。在交通工具类别中，它最突出的不同特征可能是它的长距离运输能力和较高的速度。它是一种依靠固定轨道运行的车辆，专为长距离旅行设计，以其稳定的速度和高效的运输能力著称。在同类交通工具中，它能够持续长时间运行，不受路况影响，是长途旅行的主要选择之一。它是一种专为长途旅行设计的交通工具，以其在固定轨道上的稳定高速行驶而闻名。在同类交通工具中，它以其能够持续长时间运行、不受路况影响、提供高效运输服务的能力为特点。玩家2说：这是一种在轨道上运行的，用于长距离运输的交通工具，它以其高速和稳定性而著称。在同类交通工具中，它最突出的不同特征可能是它的固定轨道运行和长距离、大容量的运输能力。这是一种专门设计用于长距离高速行驶的交通工具，它依赖固定的轨道系统运行，以其稳定的速度和高效的运输能力著称。在所有交通工具中，它最突出的不同特征是其固定轨道和长距离、大容量的运输能力，这使得它成为长途旅行的主要选择之一。这是一种高速且稳定的交通工具，专为长距离旅行而设计。它在固定的轨道上运行，能够持续长时间高速行驶，不受地面路况的影响。这种交通工具以其高载客量和频繁的发车频率为特点，为长途旅行提供了高效、可靠的运输服务。玩家3说：这是一种用于日常出行的交通工具，通常有四个轮子，可以搭载乘客。在同类交通工具中，它最突出的不同特征可能是它的灵活性和便捷性，适用于城市短途交通。这是一种依赖内燃机或电动机驱动的陆上交通工具，主要用于城市和乡村之间的短途或长途旅行。它的特点是具有较高的速度和舒适性，能够在各种路况下灵活行驶。在同类交通工具中，它以其可变载客量和个性化服务而著称，是现代生活中不可或缺的出行方式之一。这是一种日常使用的交通工具，它能够在城市和乡村之间提供便捷的出行服务。它的特点是轻便、灵活，能够在各种路况下快速移动。这种交通工具的设计允许它适应不同的驾驶环境，无论是平坦的道路还是崎岖的山路，它都能保持较高的行驶速度。此外，它通常配备了舒适的座椅和便捷的操控系统，使得驾驶和乘坐体验都十分友好。在同类交通工具中，它以其多功能性和广泛的适用性而受到人们的喜爱。玩家4说：这是一种主要用于长途运输的交通工具，它的基本特征是依靠轨道运行，具有高速和长距离运输的能力。在同类交通工具中，它最突出的不同特征可能是它的长距离连续运行能力和高速行驶。这种交通工具以其强大的动力和精确的控制系统而闻名，能够在直线轨道上高速前进，为长途旅行提供高效、可靠的运输服务。它的设计允许它跨越长距离，不受地面路况的限制，因此在长途运输领域占据重要地位。这种交通工具的特点还包括它的高载客量和频繁的发车频率，使得它成为长途旅行的主要选择之一。这种交通工具以其独特的运行方式在交通运输领域中占据重要地位，它通过固定轨道系统连接起远距离的城市和地区，为乘客和货物提供快速的点对点服务。它的动力系统强大，能够确保即使在长距离的旅行中也能保持高速行驶。这种交通工具的特点还包括它的准时性和可靠性，因为它不依赖于外部路况，能够在预定的时间和路线上一路高速行驶。此外，它的高效运输能力和频繁的发车频率，使得它成为长途旅行中的首选工具。||在这个游戏中，我们需要通过分析每位玩家的描述来找出卧底。通常，平民的描述会围绕相同的词语展开，而卧底的描述可能会因为词语的不同而显得不太一致。我们需要仔细比较每个描述之间的相似性和差异性，以找出可能的卧底，注意，卧底并不会隐藏自己，他会直接描述他的词语，现在，逐一分析每个玩家的描述，注意，这局游戏的词语分类为<交通工具>，卧底词和平民词都属于该类。||之前是第3轮描述和之前轮数描述的合集。你之前认为的卧底是玩家4。
2024-12-13 11:21:01,828 - 3 - INFO - **********PLAYER3**********
根据第三轮描述和之前的分析，以下是每位玩家的描述分析：

- 玩家1和玩家2的描述非常相似，都强调了固定轨道、长距离运输、高速和稳定性，这指向火车或高铁。
- 玩家3的描述提到了四个轮子、日常出行、灵活性和便捷性，这与玩家1和玩家2的描述不同，但与玩家4的描述有相似之处，都提到了速度和运输能力。
- 玩家4的描述虽然也提到了高速和长距离运输，但没有强调固定轨道和高效运输能力，这与玩家1和玩家2的描述存在差异，同时也没有提到四个轮子或日常出行。

基于这些分析，玩家4的描述与玩家1和玩家2的描述在关键特征上存在不一致，且没有提到与玩家3描述相似的日常出行和灵活性。因此，如果必须根据描述来选择卧底，玩家4仍然是一个可能的候选人，因为他的描述与平民的描述在关键特征上存在差异。

因此，基于第三轮描述，我的最终结论仍然是玩家4可能是卧底。
2024-12-13 11:21:01,833 - 3 - INFO - **********JUDGER**********
你刚刚的分析是根据第三轮描述和之前的分析，以下是每位玩家的描述分析：

- 玩家1和玩家2的描述非常相似，都强调了固定轨道、长距离运输、高速和稳定性，这指向火车或高铁。
- 玩家3的描述提到了四个轮子、日常出行、灵活性和便捷性，这与玩家1和玩家2的描述不同，但与玩家4的描述有相似之处，都提到了速度和运输能力。
- 玩家4的描述虽然也提到了高速和长距离运输，但没有强调固定轨道和高效运输能力，这与玩家1和玩家2的描述存在差异，同时也没有提到四个轮子或日常出行。

基于这些分析，玩家4的描述与玩家1和玩家2的描述在关键特征上存在不一致，且没有提到与玩家3描述相似的日常出行和灵活性。因此，如果必须根据描述来选择卧底，玩家4仍然是一个可能的候选人，因为他的描述与平民的描述在关键特征上存在差异。

因此，基于第三轮描述，我的最终结论仍然是玩家4可能是卧底。|| `请根据上述分析，比较描述以找出不一致之处，注意，这局游戏的词语分类为<交通工具>，卧底词和平民词都属于该类。
2024-12-13 11:21:13,185 - 3 - INFO - **********PLAYER3**********
根据上述分析，以下是不一致之处的比较：

1. 玩家1和玩家2的描述都强调了“固定轨道”、“长距离运输”、“高速”和“稳定性”，这些特征指向火车或高铁。

2. 玩家3的描述提到了“四个轮子”、“日常出行”、“灵活性和便捷性”，这些特征指向汽车。

3. 玩家4的描述虽然也提到了“高速”和“长距离运输”，但没有强调“固定轨道”和“稳定性”，并且没有提到“四个轮子”或“日常出行”，这与火车或高铁的特征不符，但与汽车的特征也有一定的相似性。

不一致之处主要体现在以下几点：
- 玩家1和玩家2的描述与玩家4的描述在“固定轨道”和“稳定性”上有明显差异。
- 玩家3的描述与玩家4的描述在“四个轮子”和“日常出行”上有明显差异。
- 玩家4的描述在特征上既不完全符合玩家1和玩家2的火车或高铁特征，也不完全符合玩家3的汽车特征，显示出了不一致性。

基于这些不一致之处，玩家4的描述可能是与卧底词最不匹配的，因为他没有明确指向火车或高铁，也没有完全符合汽车的描述。因此，玩家4可能是卧底。
2024-12-13 11:21:13,190 - 3 - INFO - **********JUDGER**********
你刚刚的分析是根据上述分析，以下是不一致之处的比较：

1. 玩家1和玩家2的描述都强调了“固定轨道”、“长距离运输”、“高速”和“稳定性”，这些特征指向火车或高铁。

2. 玩家3的描述提到了“四个轮子”、“日常出行”、“灵活性和便捷性”，这些特征指向汽车。

3. 玩家4的描述虽然也提到了“高速”和“长距离运输”，但没有强调“固定轨道”和“稳定性”，并且没有提到“四个轮子”或“日常出行”，这与火车或高铁的特征不符，但与汽车的特征也有一定的相似性。

不一致之处主要体现在以下几点：
- 玩家1和玩家2的描述与玩家4的描述在“固定轨道”和“稳定性”上有明显差异。
- 玩家3的描述与玩家4的描述在“四个轮子”和“日常出行”上有明显差异。
- 玩家4的描述在特征上既不完全符合玩家1和玩家2的火车或高铁特征，也不完全符合玩家3的汽车特征，显示出了不一致性。

基于这些不一致之处，玩家4的描述可能是与卧底词最不匹配的，因为他没有明确指向火车或高铁，也没有完全符合汽车的描述。因此，玩家4可能是卧底。|| 请通过你分析的不一致之处，推断卧底身份，注意，这局游戏的词语分类为<交通工具>，卧底词和平民词都属于该类。
2024-12-13 11:21:20,685 - 3 - INFO - **********PLAYER3**********
基于分析的不一致之处，推断卧底身份如下：

- 玩家1和玩家2的描述指向火车或高铁，强调了固定轨道、长距离运输、高速和稳定性。
- 玩家3的描述指向汽车，提到了四个轮子、日常出行、灵活性和便捷性。
- 玩家4的描述虽然提到了高速和长距离运输，但没有强调固定轨道和稳定性，也没有提到四个轮子或日常出行，这既不完全符合火车或高铁的特征，也不完全符合汽车的描述。

因此，玩家4的描述与火车或高铁和汽车的描述都有显著差异，他的描述更可能是与卧底词不匹配的。所以，根据描述的不一致性，玩家4可能是卧底。
2024-12-13 11:21:20,688 - 3 - INFO - **********JUDGER**********
你刚刚的推断是基于分析的不一致之处，推断卧底身份如下：

- 玩家1和玩家2的描述指向火车或高铁，强调了固定轨道、长距离运输、高速和稳定性。
- 玩家3的描述指向汽车，提到了四个轮子、日常出行、灵活性和便捷性。
- 玩家4的描述虽然提到了高速和长距离运输，但没有强调固定轨道和稳定性，也没有提到四个轮子或日常出行，这既不完全符合火车或高铁的特征，也不完全符合汽车的描述。

因此，玩家4的描述与火车或高铁和汽车的描述都有显著差异，他的描述更可能是与卧底词不匹配的。所以，根据描述的不一致性，玩家4可能是卧底。|| 基于你刚刚的推断得出你的最终结论，请输出你认为的卧底，在这种情况下只需要输出编号，是1-4中的某个数字，不要输出其他信息。在这个过程不要进行任何推理，只对||以前的部分进行信息提取
2024-12-13 11:21:22,854 - 3 - INFO - **********PLAYER3**********
4
