2024-12-13 11:51:56,500 - 1 - INFO - **********JUDGER**********
让我们来玩一个叫做<谁是卧底>的推理游戏。基本规则：<人数>：4人。<角色分配>：每位玩家随机抽取一个词语，3名玩家拿到的词语是相同的（平民词），1名玩家拿到与之相近但不同的词语（卧底词）。<游戏流程>：1、玩家轮流描述自己的词语，但<不能>直接说出词语本身。2、描述完毕后，投票选出最像卧底的玩家。3、每轮结束后，被投票选出的玩家出局，不能再进行描述或投票。4、每轮投票结束后，如果卧底被成功找出，平民方获胜；如果卧底未被找出且卧底人数等于或超过平民人数，则卧底方获胜。你将扮演一个<玩家>，请等待你被分配到的关键词。如果你听懂了，只回答，"好的，我准备好参加游戏了"，不要输出别的信息
2024-12-13 11:51:57,014 - 1 - INFO - **********PLAYER1**********
好的，我准备好参加游戏了
2024-12-13 11:52:02,935 - 1 - INFO - **********JUDGER**********
玩家1说：玩家2说：玩家3说：玩家4说：|| 你是第1号玩家，你的关键词是<篮球>。你的回答中绝对不能包含你的关键词<篮球>。这是第一轮描述，不需要分析||之前别的玩家的描述，请你描述关键词基本特征，注意，这局游戏的词语分类为<体育用品>，卧底词和平民词都属于该类，描述包括以下两点，1.他的基本特征是什么2.他在该类（体育用品）中最突出不同的特征是什么，尽量简短
2024-12-13 11:52:04,630 - 1 - INFO - **********PLAYER1**********
它是一种圆形的，表面有网孔的球体，通常用于各种球类运动。在体育用品中，它以其独特的弹性和可操控性而脱颖而出。
2024-12-13 11:52:09,786 - 1 - INFO - **********JUDGER**********
玩家1说：它是一种圆形的，表面有网孔的球体，通常用于各种球类运动。在体育用品中，它以其独特的弹性和可操控性而脱颖而出。玩家2说：这是一个表面带有特殊纹理的中空球体，主要用于特定的团队运动。它在同类体育用品中以其特殊的材质和设计，特别适合进行高强度的互动和传球。玩家3说：它是一个中空的球体，主要用于球类运动。它的表面通常有特定的纹理，这使得它在接触时能提供良好的手感。与其他体育用品相比，它在球类运动中的操控性和适应性尤为突出。玩家4说：||在这个游戏中，我们需要通过分析每位玩家的描述来找出卧底。通常，平民的描述会围绕相同的词语展开，而卧底的描述可能会因为词语的不同而显得不太一致。我们需要仔细比较每个描述之间的相似性和差异性，以找出可能的卧底，注意，卧底并不会隐藏自己，他会直接描述他的词语，现在，逐一分析每个玩家的描述，注意，这局游戏的词语分类为<体育用品>，卧底词和平民词都属于该类。这是第一轮描述。
2024-12-13 11:52:14,431 - 1 - INFO - **********PLAYER1**********
好的，现在我们来分析每个玩家的描述：

玩家1的描述提到了球体的圆形和网孔表面，以及用于各种球类运动，这符合篮球的特征。

玩家2的描述提到了表面带有特殊纹理的中空球体，用于特定的团队运动，并强调了材质和设计的特点，这与篮球的描述有所不同，可能指向了足球或其他类似的球类。

玩家3的描述强调了球体的中空和表面纹理，以及良好的手感，这也符合篮球的特征。

玩家4没有提供任何描述，因此无法通过描述来判断其是否是卧底。

根据描述，玩家2的描述与篮球的特征不太一致，因此可能是卧底。然而，由于玩家4没有提供描述，我们无法确定他是平民还是卧底。需要更多的信息或者下一轮的描述来进一步判断。
2024-12-13 11:52:14,433 - 1 - INFO - **********JUDGER**********
你刚刚的分析是好的，现在我们来分析每个玩家的描述：

玩家1的描述提到了球体的圆形和网孔表面，以及用于各种球类运动，这符合篮球的特征。

玩家2的描述提到了表面带有特殊纹理的中空球体，用于特定的团队运动，并强调了材质和设计的特点，这与篮球的描述有所不同，可能指向了足球或其他类似的球类。

玩家3的描述强调了球体的中空和表面纹理，以及良好的手感，这也符合篮球的特征。

玩家4没有提供任何描述，因此无法通过描述来判断其是否是卧底。

根据描述，玩家2的描述与篮球的特征不太一致，因此可能是卧底。然而，由于玩家4没有提供描述，我们无法确定他是平民还是卧底。需要更多的信息或者下一轮的描述来进一步判断。|| `请根据上述分析，比较描述以找出不一致之处，注意，这局游戏的词语分类为<体育用品>，卧底词和平民词都属于该类。
2024-12-13 11:52:22,920 - 1 - INFO - **********PLAYER1**********
根据上述分析，我们可以比较描述中的一致性和不一致性如下：

1. 一致性：
   - 玩家1、玩家3和玩家4的描述都提到了球体的中空、表面纹理和用于球类运动，这些特征与篮球相符。
   - 所有玩家的描述都提到了球体是圆形的，这也是篮球的一个显著特征。

2. 不一致性：
   - 玩家2的描述提到了球体表面带有特殊纹理，这通常不是篮球的特征，因为篮球的表面纹理是为了增加摩擦而不是特殊设计。
   - 玩家2的描述中提到球体用于特定的团队运动，但没有具体说明是哪种运动，而篮球是一种非常具体的运动，通常不会用“特定的团队运动”来泛指。
   - 玩家2强调了球体的材质和设计特点，而篮球的材质和设计相对标准，不是其突出不同的特征。

基于这些不一致之处，玩家2的描述与篮球的特征相比显得不太一致，因此他可能是卧底。玩家4没有提供描述，无法判断其身份。
2024-12-13 11:52:22,927 - 1 - INFO - **********JUDGER**********
你刚刚的分析是根据上述分析，我们可以比较描述中的一致性和不一致性如下：

1. 一致性：
   - 玩家1、玩家3和玩家4的描述都提到了球体的中空、表面纹理和用于球类运动，这些特征与篮球相符。
   - 所有玩家的描述都提到了球体是圆形的，这也是篮球的一个显著特征。

2. 不一致性：
   - 玩家2的描述提到了球体表面带有特殊纹理，这通常不是篮球的特征，因为篮球的表面纹理是为了增加摩擦而不是特殊设计。
   - 玩家2的描述中提到球体用于特定的团队运动，但没有具体说明是哪种运动，而篮球是一种非常具体的运动，通常不会用“特定的团队运动”来泛指。
   - 玩家2强调了球体的材质和设计特点，而篮球的材质和设计相对标准，不是其突出不同的特征。

基于这些不一致之处，玩家2的描述与篮球的特征相比显得不太一致，因此他可能是卧底。玩家4没有提供描述，无法判断其身份。|| 请通过你分析的不一致之处，推断卧底身份，注意，这局游戏的词语分类为<体育用品>，卧底词和平民词都属于该类。
2024-12-13 11:52:26,649 - 1 - INFO - **********PLAYER1**********
根据分析中提到的不一致之处，我们可以推断如下：

- 玩家2的描述中提到的“表面带有特殊纹理的中空球体”和“材质和设计特点”与篮球的标准特征不符，因为篮球的表面纹理是为了增加抓握和摩擦，而不是为了特殊设计，且篮球的材质和设计通常是标准化的。
- 玩家2的描述中提到的“用于特定的团队运动”也没有明确指出是篮球，而篮球是一种非常具体的运动，不会用这样的泛指来描述。

综合这些信息，玩家2的描述与篮球的特征存在显著的不一致，因此可以推断玩家2是卧底。卧底词可能是与篮球相似但不同类的体育用品，例如足球、排球或其他球类运动中的球。
2024-12-13 11:52:26,654 - 1 - INFO - **********JUDGER**********
你刚刚的推断是根据分析中提到的不一致之处，我们可以推断如下：

- 玩家2的描述中提到的“表面带有特殊纹理的中空球体”和“材质和设计特点”与篮球的标准特征不符，因为篮球的表面纹理是为了增加抓握和摩擦，而不是为了特殊设计，且篮球的材质和设计通常是标准化的。
- 玩家2的描述中提到的“用于特定的团队运动”也没有明确指出是篮球，而篮球是一种非常具体的运动，不会用这样的泛指来描述。

综合这些信息，玩家2的描述与篮球的特征存在显著的不一致，因此可以推断玩家2是卧底。卧底词可能是与篮球相似但不同类的体育用品，例如足球、排球或其他球类运动中的球。|| 基于你刚刚的推断得出你的最终结论，请输出你认为的卧底，在这种情况下只需要输出编号，是1-4中的某个数字，不要输出其他信息。在这个过程不要进行任何推理，只对||以前的部分进行信息提取
2024-12-13 11:52:27,484 - 1 - INFO - **********PLAYER1**********
2
2024-12-13 11:53:40,880 - 1 - INFO - **********JUDGER**********
玩家1说：它是一种圆形的，表面有网孔的球体，通常用于各种球类运动。在体育用品中，它以其独特的弹性和可操控性而脱颖而出。玩家2说：这是一个表面带有特殊纹理的中空球体，主要用于特定的团队运动。它在同类体育用品中以其特殊的材质和设计，特别适合进行高强度的互动和传球。玩家3说：它是一个中空的球体，主要用于球类运动。它的表面通常有特定的纹理，这使得它在接触时能提供良好的手感。与其他体育用品相比，它在球类运动中的操控性和适应性尤为突出。玩家4说：它是一种中空的球体，通常用于各种球类运动。与同类体育用品相比，它具有独特的弹性，这使得操控性更加出色。你是第1号玩家，你的关键词是<篮球>。你的回答中绝对不能包含你的关键词<篮球>。这是第二轮描述，你之前的描述是它是一种圆形的，表面有网孔的球体，通常用于各种球类运动。在体育用品中，它以其独特的弹性和可操控性而脱颖而出。，注意，这局游戏的词语分类为<体育用品>，卧底词和平民词都属于该类，请你补充关于关键词的描述，注意，你的描述应该比起之前的描述更加贴近关键词，作为之前的补充
2024-12-13 11:53:44,232 - 1 - INFO - **********PLAYER1**********
它的设计简洁而高效，主要用于室内外团队比赛，其表面的网孔不仅美观，还能提供良好的空气流通，减少球体在高速运动中的阻力。这种球体的弹性适中，适合各种技术动作的施展，是球类运动中不可或缺的伙伴。
2024-12-13 11:53:55,166 - 1 - INFO - **********JUDGER**********
玩家1说：它是一种圆形的，表面有网孔的球体，通常用于各种球类运动。在体育用品中，它以其独特的弹性和可操控性而脱颖而出。它的设计简洁而高效，主要用于室内外团队比赛，其表面的网孔不仅美观，还能提供良好的空气流通，减少球体在高速运动中的阻力。这种球体的弹性适中，适合各种技术动作的施展，是球类运动中不可或缺的伙伴。玩家2说：这是一个表面带有特殊纹理的中空球体，主要用于特定的团队运动。它在同类体育用品中以其特殊的材质和设计，特别适合进行高强度的互动和传球。这种球体是中空的，表面设计独特，具有多孔结构，使得它在运动中能够提供良好的空气流动和减震效果。它被广泛用于户外和室内团队运动，因其出色的耐用性和易于操控性而受到运动员的青睐。与其他体育用品相比，这种球体的重量适中，便于携带和搬运，是团队运动中不可或缺的装备。玩家3说：它是一个中空的球体，主要用于球类运动。它的表面通常有特定的纹理，这使得它在接触时能提供良好的手感。与其他体育用品相比，它在球类运动中的操控性和适应性尤为突出。这种球体的设计简洁，表面有网孔，适合在室内外多种球类运动中使用。它的弹性适中，不仅美观，还能提供良好的空气流通，减少球体在高速运动中的阻力。这种球体在球类运动中的操控性和适应性非常突出，使得运动员能够轻松地进行各种技术动作。它的重量适中，便于携带和搬运，是团队运动中不可或缺的伙伴。玩家4说：它是一种中空的球体，通常用于各种球类运动。与同类体育用品相比，它具有独特的弹性，这使得操控性更加出色。||在这个游戏中，我们需要通过分析每位玩家的描述来找出卧底。通常，平民的描述会围绕相同的词语展开，而卧底的描述可能会因为词语的不同而显得不太一致。我们需要仔细比较每个描述之间的相似性和差异性，以找出可能的卧底，注意，卧底并不会隐藏自己，他会直接描述他的词语，现在，逐一分析每个玩家的描述，注意，这局游戏的词语分类为<体育用品>，卧底词和平民词都属于该类。||之前是第2轮描述和之前轮数描述的合集。你之前认为的卧底是玩家2。
2024-12-13 11:54:10,454 - 1 - INFO - **********PLAYER1**********
根据第二轮描述和之前轮数描述的合集，我们可以重新分析每个玩家的描述：

1. 玩家1的描述与篮球的特征非常吻合，强调了球体的设计、用途和特性。
2. 玩家2的描述提到了表面带有特殊纹理的中空球体，以及特殊的材质和设计，这与篮球的标准特征有所不同，但描述中的一些元素（如中空、表面纹理、团队运动）也可能适用于足球或其他球类。
3. 玩家3的描述同样强调了球体的中空、表面纹理、操控性和适应性，以及设计简洁和弹性适中，这些特征与篮球相符。
4. 玩家4的描述提到了球体的独特弹性和操控性，这也是篮球的一个特征。

尽管玩家2的描述与篮球的特征存在不一致之处，但玩家3和玩家4的描述同样强调了球体的中空、表面纹理和操控性，这些特征与篮球相符。因此，如果之前认为玩家2是卧底，那么现在看来，玩家3和玩家4的描述同样没有提供明确的卧底特征。

由于游戏规则中卧底不会隐藏自己，且会直接描述词语，我们可以推测玩家2可能并不是卧底，而玩家3和玩家4的描述可能更符合卧底的特征，尤其是如果卧底词是一个与篮球相似但具有不同特性的球类运动用品。

因此，基于第二轮描述，我之前的推断可能需要重新考虑。如果必须选择一个玩家作为卧底，那么玩家2可能不再是首要嫌疑人，而玩家3或玩家4可能更有可能是卧底。然而，没有更多的信息，我们无法确定最终答案。
2024-12-13 11:54:10,455 - 1 - INFO - **********JUDGER**********
你刚刚的分析是根据第二轮描述和之前轮数描述的合集，我们可以重新分析每个玩家的描述：

1. 玩家1的描述与篮球的特征非常吻合，强调了球体的设计、用途和特性。
2. 玩家2的描述提到了表面带有特殊纹理的中空球体，以及特殊的材质和设计，这与篮球的标准特征有所不同，但描述中的一些元素（如中空、表面纹理、团队运动）也可能适用于足球或其他球类。
3. 玩家3的描述同样强调了球体的中空、表面纹理、操控性和适应性，以及设计简洁和弹性适中，这些特征与篮球相符。
4. 玩家4的描述提到了球体的独特弹性和操控性，这也是篮球的一个特征。

尽管玩家2的描述与篮球的特征存在不一致之处，但玩家3和玩家4的描述同样强调了球体的中空、表面纹理和操控性，这些特征与篮球相符。因此，如果之前认为玩家2是卧底，那么现在看来，玩家3和玩家4的描述同样没有提供明确的卧底特征。

由于游戏规则中卧底不会隐藏自己，且会直接描述词语，我们可以推测玩家2可能并不是卧底，而玩家3和玩家4的描述可能更符合卧底的特征，尤其是如果卧底词是一个与篮球相似但具有不同特性的球类运动用品。

因此，基于第二轮描述，我之前的推断可能需要重新考虑。如果必须选择一个玩家作为卧底，那么玩家2可能不再是首要嫌疑人，而玩家3或玩家4可能更有可能是卧底。然而，没有更多的信息，我们无法确定最终答案。|| `请根据上述分析，比较描述以找出不一致之处，注意，这局游戏的词语分类为<体育用品>，卧底词和平民词都属于该类。
2024-12-13 11:54:21,906 - 1 - INFO - **********PLAYER1**********
根据上述分析，我们可以比较描述中的一致性和不一致性如下：

1. 一致性：
   - 所有玩家都提到了球体是中空的，用于球类运动，表面有特定的纹理，以及具有良好的弹性和操控性。
   - 所有玩家都提到了球体在运动中的空气流通和减震效果，以及球体的重量适中，便于携带和搬运。

2. 不一致性：
   - 玩家1的描述强调了球体的设计简洁而高效，主要用于室内外团队比赛，以及表面网孔的美观性和空气流通功能，这些特点在玩家2、玩家3和玩家4的描述中并未提及。
   - 玩家2的描述特别提到了球体表面带有特殊纹理，以及特殊的材质和设计，这些特征在玩家1、玩家3和玩家4的描述中并未提及。
   - 玩家3的描述强调了球体的设计简洁和弹性适中，这些特点在玩家2和玩家4的描述中并未提及。
   - 玩家4的描述提到了球体的独特弹性，这使得操控性更加出色，这一特点在玩家1、玩家2和玩家3的描述中并未提及。

基于这些不一致之处，玩家1的描述似乎与篮球的标准特征最为吻合，而玩家2、玩家3和玩家4的描述中包含了一些可能指向其他球类运动用品的特征。因此，玩家1的描述与篮球的特征最为一致，而玩家2、玩家3和玩家4的描述中可能存在不一致之处，这可能是卧底的特征。
2024-12-13 11:54:21,909 - 1 - INFO - **********JUDGER**********
你刚刚的分析是根据上述分析，我们可以比较描述中的一致性和不一致性如下：

1. 一致性：
   - 所有玩家都提到了球体是中空的，用于球类运动，表面有特定的纹理，以及具有良好的弹性和操控性。
   - 所有玩家都提到了球体在运动中的空气流通和减震效果，以及球体的重量适中，便于携带和搬运。

2. 不一致性：
   - 玩家1的描述强调了球体的设计简洁而高效，主要用于室内外团队比赛，以及表面网孔的美观性和空气流通功能，这些特点在玩家2、玩家3和玩家4的描述中并未提及。
   - 玩家2的描述特别提到了球体表面带有特殊纹理，以及特殊的材质和设计，这些特征在玩家1、玩家3和玩家4的描述中并未提及。
   - 玩家3的描述强调了球体的设计简洁和弹性适中，这些特点在玩家2和玩家4的描述中并未提及。
   - 玩家4的描述提到了球体的独特弹性，这使得操控性更加出色，这一特点在玩家1、玩家2和玩家3的描述中并未提及。

基于这些不一致之处，玩家1的描述似乎与篮球的标准特征最为吻合，而玩家2、玩家3和玩家4的描述中包含了一些可能指向其他球类运动用品的特征。因此，玩家1的描述与篮球的特征最为一致，而玩家2、玩家3和玩家4的描述中可能存在不一致之处，这可能是卧底的特征。|| 请通过你分析的不一致之处，推断卧底身份，注意，这局游戏的词语分类为<体育用品>，卧底词和平民词都属于该类。
2024-12-13 11:54:29,837 - 1 - INFO - **********PLAYER1**********
根据分析的不一致之处，我们可以推断如下：

- 玩家1的描述与篮球的标准特征最为吻合，没有明显的不一致之处。
- 玩家2的描述提到了球体表面带有特殊纹理和特殊的材质设计，这与篮球的描述有所不同，可能指向了足球或其他类似的球类。
- 玩家3的描述虽然也提到了球体的设计简洁和弹性适中，但没有提及特殊纹理或材质设计，这与玩家2的描述有相似之处，但不够明确。
- 玩家4的描述提到了球体的独特弹性，这虽然是篮球的一个特征，但没有提到其他可能指向不同球类运动用品的特征。

综合上述分析，玩家2的描述中包含的特征与篮球的标准特征不一致，且具有指向其他球类运动用品的线索，因此可以推断玩家2是卧底。
2024-12-13 11:54:29,839 - 1 - INFO - **********JUDGER**********
你刚刚的推断是根据分析的不一致之处，我们可以推断如下：

- 玩家1的描述与篮球的标准特征最为吻合，没有明显的不一致之处。
- 玩家2的描述提到了球体表面带有特殊纹理和特殊的材质设计，这与篮球的描述有所不同，可能指向了足球或其他类似的球类。
- 玩家3的描述虽然也提到了球体的设计简洁和弹性适中，但没有提及特殊纹理或材质设计，这与玩家2的描述有相似之处，但不够明确。
- 玩家4的描述提到了球体的独特弹性，这虽然是篮球的一个特征，但没有提到其他可能指向不同球类运动用品的特征。

综合上述分析，玩家2的描述中包含的特征与篮球的标准特征不一致，且具有指向其他球类运动用品的线索，因此可以推断玩家2是卧底。|| 基于你刚刚的推断得出你的最终结论，请输出你认为的卧底，在这种情况下只需要输出编号，是1-4中的某个数字，不要输出其他信息。在这个过程不要进行任何推理，只对||以前的部分进行信息提取
2024-12-13 11:54:31,059 - 1 - INFO - **********PLAYER1**********
2
2024-12-13 11:55:34,060 - 1 - INFO - **********JUDGER**********
玩家1说：它是一种圆形的，表面有网孔的球体，通常用于各种球类运动。在体育用品中，它以其独特的弹性和可操控性而脱颖而出。它的设计简洁而高效，主要用于室内外团队比赛，其表面的网孔不仅美观，还能提供良好的空气流通，减少球体在高速运动中的阻力。这种球体的弹性适中，适合各种技术动作的施展，是球类运动中不可或缺的伙伴。玩家2说：这是一个表面带有特殊纹理的中空球体，主要用于特定的团队运动。它在同类体育用品中以其特殊的材质和设计，特别适合进行高强度的互动和传球。这种球体是中空的，表面设计独特，具有多孔结构，使得它在运动中能够提供良好的空气流动和减震效果。它被广泛用于户外和室内团队运动，因其出色的耐用性和易于操控性而受到运动员的青睐。与其他体育用品相比，这种球体的重量适中，便于携带和搬运，是团队运动中不可或缺的装备。玩家3说：它是一个中空的球体，主要用于球类运动。它的表面通常有特定的纹理，这使得它在接触时能提供良好的手感。与其他体育用品相比，它在球类运动中的操控性和适应性尤为突出。这种球体的设计简洁，表面有网孔，适合在室内外多种球类运动中使用。它的弹性适中，不仅美观，还能提供良好的空气流通，减少球体在高速运动中的阻力。这种球体在球类运动中的操控性和适应性非常突出，使得运动员能够轻松地进行各种技术动作。它的重量适中，便于携带和搬运，是团队运动中不可或缺的伙伴。玩家4说：它是一种中空的球体，通常用于各种球类运动。与同类体育用品相比，它具有独特的弹性，这使得操控性更加出色。这种球体的表面设计具有独特的凹凸纹理，有助于增加球与手之间的摩擦力，从而提升控球和传球时的精确度。它的材质轻便，便于携带，且重量适中，适合在多种球类运动中使用。这种球体在高速运动中表现出良好的稳定性，减少因空气阻力造成的球体偏移。它的设计简洁，既美观又实用，是团队运动中不可或缺的伙伴。你是第1号玩家，你的关键词是<篮球>。你的回答中绝对不能包含你的关键词<篮球>。这是第三轮描述，你之前的描述是它是一种圆形的，表面有网孔的球体，通常用于各种球类运动。在体育用品中，它以其独特的弹性和可操控性而脱颖而出。和它的设计简洁而高效，主要用于室内外团队比赛，其表面的网孔不仅美观，还能提供良好的空气流通，减少球体在高速运动中的阻力。这种球体的弹性适中，适合各种技术动作的施展，是球类运动中不可或缺的伙伴。，注意，这局游戏的词语分类为<体育用品>，卧底词和平民词都属于该类，请你补充关于关键词的描述，注意，你的描述应该比起之前的描述更加贴近关键词，作为之前的补充
2024-12-13 11:55:40,549 - 1 - INFO - **********PLAYER1**********
这种球体的尺寸标准，便于在比赛中的传递和捕捉，同时其重量和大小使得它既适合室内运动，也适合户外使用。它的制造工艺注重耐用性，确保了在频繁使用和碰撞后仍能保持良好的性能。此外，这种球体的表面处理能够适应不同天气条件，保持球体在比赛中的稳定性和准确性。
2024-12-13 11:55:51,880 - 1 - INFO - **********JUDGER**********
玩家1说：它是一种圆形的，表面有网孔的球体，通常用于各种球类运动。在体育用品中，它以其独特的弹性和可操控性而脱颖而出。它的设计简洁而高效，主要用于室内外团队比赛，其表面的网孔不仅美观，还能提供良好的空气流通，减少球体在高速运动中的阻力。这种球体的弹性适中，适合各种技术动作的施展，是球类运动中不可或缺的伙伴。这种球体的尺寸标准，便于在比赛中的传递和捕捉，同时其重量和大小使得它既适合室内运动，也适合户外使用。它的制造工艺注重耐用性，确保了在频繁使用和碰撞后仍能保持良好的性能。此外，这种球体的表面处理能够适应不同天气条件，保持球体在比赛中的稳定性和准确性。玩家2说：这是一个表面带有特殊纹理的中空球体，主要用于特定的团队运动。它在同类体育用品中以其特殊的材质和设计，特别适合进行高强度的互动和传球。这种球体是中空的，表面设计独特，具有多孔结构，使得它在运动中能够提供良好的空气流动和减震效果。它被广泛用于户外和室内团队运动，因其出色的耐用性和易于操控性而受到运动员的青睐。与其他体育用品相比，这种球体的重量适中，便于携带和搬运，是团队运动中不可或缺的装备。这种球体是中空的，拥有独特的材质和结构，使其在特定的团队运动中表现出色。它的表面设计有助于增加球与手之间的摩擦力，提升控球和传球的精确度。这种球体的重量适中，便于携带和搬运，且在高速运动中展现出良好的稳定性。它的设计既美观又实用，是团队运动中不可或缺的伙伴。玩家3说：它是一个中空的球体，主要用于球类运动。它的表面通常有特定的纹理，这使得它在接触时能提供良好的手感。与其他体育用品相比，它在球类运动中的操控性和适应性尤为突出。这种球体的设计简洁，表面有网孔，适合在室内外多种球类运动中使用。它的弹性适中，不仅美观，还能提供良好的空气流通，减少球体在高速运动中的阻力。这种球体在球类运动中的操控性和适应性非常突出，使得运动员能够轻松地进行各种技术动作。它的重量适中，便于携带和搬运，是团队运动中不可或缺的伙伴。这种球体的设计注重于提供稳定的弹性和良好的手感，它的表面处理使得球体在运动中能够适应不同的天气条件，保持球体的稳定性和准确性。这种球体的尺寸标准，便于在比赛中的传递和捕捉，同时其重量和大小使得它既适合室内运动，也适合户外使用。它的制造工艺注重耐用性，确保了在频繁使用和碰撞后仍能保持良好的性能。此外，这种球体的表面处理能够适应不同天气条件，保持球体在比赛中的稳定性和准确性。玩家4说：它是一种中空的球体，通常用于各种球类运动。与同类体育用品相比，它具有独特的弹性，这使得操控性更加出色。这种球体的表面设计具有独特的凹凸纹理，有助于增加球与手之间的摩擦力，从而提升控球和传球时的精确度。它的材质轻便，便于携带，且重量适中，适合在多种球类运动中使用。这种球体在高速运动中表现出良好的稳定性，减少因空气阻力造成的球体偏移。它的设计简洁，既美观又实用，是团队运动中不可或缺的伙伴。这种球体的尺寸标准，适合在比赛中进行精确的传递和捕捉。它的重量和大小使得球体既便于在室内场地使用，也能适应户外环境的挑战。球体的表面处理技术确保了球体在不同天气条件下都能保持良好的性能和稳定性。此外，球体的制造工艺注重耐用性，能够在频繁的比赛中保持其结构和性能的完整性。这种球体的设计考虑到了运动员在不同技术动作中的需求，提供了良好的操控性和适应性。||在这个游戏中，我们需要通过分析每位玩家的描述来找出卧底。通常，平民的描述会围绕相同的词语展开，而卧底的描述可能会因为词语的不同而显得不太一致。我们需要仔细比较每个描述之间的相似性和差异性，以找出可能的卧底，注意，卧底并不会隐藏自己，他会直接描述他的词语，现在，逐一分析每个玩家的描述，注意，这局游戏的词语分类为<体育用品>，卧底词和平民词都属于该类。||之前是第3轮描述和之前轮数描述的合集。你之前认为的卧底是玩家2。
2024-12-13 11:56:01,283 - 1 - INFO - **********PLAYER1**********
根据第3轮描述和之前轮数描述的合集，我们可以逐一分析每个玩家的描述：

1. 玩家1的描述与篮球的特征非常吻合，强调了球体的设计、用途、尺寸标准、制造工艺以及表面处理等方面。

2. 玩家2的描述提到了球体表面带有特殊纹理、特殊的材质和设计，以及独特的多孔结构，这些特征与篮球的标准特征有所不同，更像是足球或其他球类运动用品。

3. 玩家3的描述同样强调了球体的设计、用途、尺寸标准、制造工艺以及表面处理等方面，与玩家1的描述非常相似，但同样提到了球体的重量适中，便于携带和搬运。

4. 玩家4的描述也强调了球体的设计、用途、尺寸标准、制造工艺以及表面处理等方面，与玩家1和玩家3的描述相似，但特别提到了球体的独特弹性和表面凹凸纹理。

综合上述分析，玩家2的描述中包含了一些与篮球特征不一致的特征，如特殊纹理、材质和设计，这可能是其他球类运动用品的特征。因此，基于这些差异，玩家2的描述仍然可能指向卧底身份。尽管玩家3和玩家4的描述与玩家1相似，但玩家2的描述中的不一致之处仍然是最显著的。因此，我之前的推断保持不变，玩家2可能是卧底。
2024-12-13 11:56:01,284 - 1 - INFO - **********JUDGER**********
你刚刚的分析是根据第3轮描述和之前轮数描述的合集，我们可以逐一分析每个玩家的描述：

1. 玩家1的描述与篮球的特征非常吻合，强调了球体的设计、用途、尺寸标准、制造工艺以及表面处理等方面。

2. 玩家2的描述提到了球体表面带有特殊纹理、特殊的材质和设计，以及独特的多孔结构，这些特征与篮球的标准特征有所不同，更像是足球或其他球类运动用品。

3. 玩家3的描述同样强调了球体的设计、用途、尺寸标准、制造工艺以及表面处理等方面，与玩家1的描述非常相似，但同样提到了球体的重量适中，便于携带和搬运。

4. 玩家4的描述也强调了球体的设计、用途、尺寸标准、制造工艺以及表面处理等方面，与玩家1和玩家3的描述相似，但特别提到了球体的独特弹性和表面凹凸纹理。

综合上述分析，玩家2的描述中包含了一些与篮球特征不一致的特征，如特殊纹理、材质和设计，这可能是其他球类运动用品的特征。因此，基于这些差异，玩家2的描述仍然可能指向卧底身份。尽管玩家3和玩家4的描述与玩家1相似，但玩家2的描述中的不一致之处仍然是最显著的。因此，我之前的推断保持不变，玩家2可能是卧底。|| `请根据上述分析，比较描述以找出不一致之处，注意，这局游戏的词语分类为<体育用品>，卧底词和平民词都属于该类。
2024-12-13 11:56:10,816 - 1 - INFO - **********PLAYER1**********
根据上述分析，我们可以比较描述中的一致性和不一致性如下：

1. 一致性：
   - 所有玩家的描述都提到了球体是中空的，用于球类运动，具有特定的纹理，弹性适中，重量适中，便于携带和搬运。
   - 所有玩家都提到了球体在球类运动中的操控性和适应性，以及表面处理能够适应不同天气条件，保持球体的稳定性和准确性。

2. 不一致性：
   - 玩家1的描述强调了球体的设计简洁而高效，主要用于室内外团队比赛，以及表面网孔的美观性和空气流通功能，这些特点在玩家2、玩家3和玩家4的描述中并未提及。
   - 玩家2的描述特别提到了球体表面带有特殊纹理、特殊的材质和设计，以及独特的多孔结构，这些特征在玩家1、玩家3和玩家4的描述中并未提及。
   - 玩家3的描述与玩家1相似，但没有提到球体表面带有特殊纹理或材质设计。
   - 玩家4的描述提到了球体的独特弹性和表面凹凸纹理，但没有提到球体表面带有特殊纹理或材质设计。

基于这些不一致之处，玩家2的描述中包含了一些与篮球标准特征不一致的特征，如特殊纹理、材质和设计，这可能是其他球类运动用品的特征。因此，玩家2的描述可能存在不一致之处，这可能是卧底的特征。
2024-12-13 11:56:10,818 - 1 - INFO - **********JUDGER**********
你刚刚的分析是根据上述分析，我们可以比较描述中的一致性和不一致性如下：

1. 一致性：
   - 所有玩家的描述都提到了球体是中空的，用于球类运动，具有特定的纹理，弹性适中，重量适中，便于携带和搬运。
   - 所有玩家都提到了球体在球类运动中的操控性和适应性，以及表面处理能够适应不同天气条件，保持球体的稳定性和准确性。

2. 不一致性：
   - 玩家1的描述强调了球体的设计简洁而高效，主要用于室内外团队比赛，以及表面网孔的美观性和空气流通功能，这些特点在玩家2、玩家3和玩家4的描述中并未提及。
   - 玩家2的描述特别提到了球体表面带有特殊纹理、特殊的材质和设计，以及独特的多孔结构，这些特征在玩家1、玩家3和玩家4的描述中并未提及。
   - 玩家3的描述与玩家1相似，但没有提到球体表面带有特殊纹理或材质设计。
   - 玩家4的描述提到了球体的独特弹性和表面凹凸纹理，但没有提到球体表面带有特殊纹理或材质设计。

基于这些不一致之处，玩家2的描述中包含了一些与篮球标准特征不一致的特征，如特殊纹理、材质和设计，这可能是其他球类运动用品的特征。因此，玩家2的描述可能存在不一致之处，这可能是卧底的特征。|| 请通过你分析的不一致之处，推断卧底身份，注意，这局游戏的词语分类为<体育用品>，卧底词和平民词都属于该类。
2024-12-13 11:56:14,068 - 1 - INFO - **********PLAYER1**********
基于分析的不一致之处，可以推断玩家2是卧底。玩家2的描述中提到的“特殊纹理”、“特殊的材质和设计”以及“独特的多孔结构”这些特征与篮球的标准特征不符，而这些描述可能更符合足球或其他球类运动用品的特征。因此，玩家2的描述中的不一致性表明他可能是持有不同词语的卧底。
2024-12-13 11:56:14,072 - 1 - INFO - **********JUDGER**********
你刚刚的推断是基于分析的不一致之处，可以推断玩家2是卧底。玩家2的描述中提到的“特殊纹理”、“特殊的材质和设计”以及“独特的多孔结构”这些特征与篮球的标准特征不符，而这些描述可能更符合足球或其他球类运动用品的特征。因此，玩家2的描述中的不一致性表明他可能是持有不同词语的卧底。|| 基于你刚刚的推断得出你的最终结论，请输出你认为的卧底，在这种情况下只需要输出编号，是1-4中的某个数字，不要输出其他信息。在这个过程不要进行任何推理，只对||以前的部分进行信息提取
2024-12-13 11:56:15,237 - 1 - INFO - **********PLAYER1**********
2
