2024-12-13 11:51:57,974 - 2 - INFO - **********JUDGER**********
让我们来玩一个叫做<谁是卧底>的推理游戏。基本规则：<人数>：4人。<角色分配>：每位玩家随机抽取一个词语，3名玩家拿到的词语是相同的（平民词），1名玩家拿到与之相近但不同的词语（卧底词）。<游戏流程>：1、玩家轮流描述自己的词语，但<不能>直接说出词语本身。2、描述完毕后，投票选出最像卧底的玩家。3、每轮结束后，被投票选出的玩家出局，不能再进行描述或投票。4、每轮投票结束后，如果卧底被成功找出，平民方获胜；如果卧底未被找出且卧底人数等于或超过平民人数，则卧底方获胜。你将扮演一个<玩家>，请等待你被分配到的关键词。如果你听懂了，只回答，"好的，我准备好参加游戏了"，不要输出别的信息
2024-12-13 11:51:59,275 - 2 - INFO - **********PLAYER2**********
好的，我准备好参加游戏了
2024-12-13 11:52:04,631 - 2 - INFO - **********JUDGER**********
玩家1说：它是一种圆形的，表面有网孔的球体，通常用于各种球类运动。在体育用品中，它以其独特的弹性和可操控性而脱颖而出。玩家2说：玩家3说：玩家4说：|| 你是第2号玩家，你的关键词是<排球>。你的回答中绝对不能包含你的关键词<排球>。这是第一轮描述，不需要分析||之前别的玩家的描述，请你描述关键词基本特征，注意，这局游戏的词语分类为<体育用品>，卧底词和平民词都属于该类，描述包括以下两点，1.他的基本特征是什么2.他在该类（体育用品）中最突出不同的特征是什么，尽量简短
2024-12-13 11:52:06,151 - 2 - INFO - **********PLAYER2**********
它是一个中空的球体，表面有凹凸不平的网孔设计。在体育用品中，它以其在特定运动中的独特作用而著称，比如在排球运动中，它可以帮助运动员进行精准的传球和扣杀。
2024-12-13 11:52:06,152 - 2 - INFO - **********JUDGER**********
玩家1说：它是一种圆形的，表面有网孔的球体，通常用于各种球类运动。在体育用品中，它以其独特的弹性和可操控性而脱颖而出。玩家2说：玩家3说：玩家4说：|| 你是第2号玩家，你的关键词是<排球>。你的回答中绝对不能包含你的关键词<排球>。这是第一轮描述，不需要分析||之前别的玩家的描述，请你描述关键词基本特征，注意，这局游戏的词语分类为<体育用品>，卧底词和平民词都属于该类，描述包括以下两点，1.他的基本特征是什么2.他在该类（体育用品）中最突出不同的特征是什么，尽量简短
2024-12-13 11:52:07,173 - 2 - INFO - **********PLAYER2**********
这是一个表面带有特殊纹理的中空球体，主要用于特定的团队运动。它在同类体育用品中以其特殊的材质和设计，特别适合进行高强度的互动和传球。
2024-12-13 11:52:27,485 - 2 - INFO - **********JUDGER**********
玩家1说：它是一种圆形的，表面有网孔的球体，通常用于各种球类运动。在体育用品中，它以其独特的弹性和可操控性而脱颖而出。玩家2说：这是一个表面带有特殊纹理的中空球体，主要用于特定的团队运动。它在同类体育用品中以其特殊的材质和设计，特别适合进行高强度的互动和传球。玩家3说：它是一个中空的球体，主要用于球类运动。它的表面通常有特定的纹理，这使得它在接触时能提供良好的手感。与其他体育用品相比，它在球类运动中的操控性和适应性尤为突出。玩家4说：||在这个游戏中，我们需要通过分析每位玩家的描述来找出卧底。通常，平民的描述会围绕相同的词语展开，而卧底的描述可能会因为词语的不同而显得不太一致。我们需要仔细比较每个描述之间的相似性和差异性，以找出可能的卧底，注意，卧底并不会隐藏自己，他会直接描述他的词语，现在，逐一分析每个玩家的描述，注意，这局游戏的词语分类为<体育用品>，卧底词和平民词都属于该类。这是第一轮描述。
2024-12-13 11:52:32,704 - 2 - INFO - **********PLAYER2**********
好的，根据玩家1、玩家2和玩家3的描述，他们都在描述一个表面有纹理、中空、用于球类运动且具有良好弹性和操控性的球体。这些描述都指向了同一个词语，可能是足球或篮球等常见的球类。

玩家4的描述没有给出具体的特征，而是强调了通过描述分析来找出卧底的重要性，这可能与球类无关，或者是在暗示他的描述与其他人不同。

由于玩家1、玩家2和玩家3的描述高度一致，而玩家4的描述似乎是在引导讨论而非描述具体物品，我倾向于认为玩家4可能是卧底。不过，这只是一个初步的推测，需要进一步观察和比较描述的细节来确认。
2024-12-13 11:52:32,707 - 2 - INFO - **********JUDGER**********
你刚刚的分析是好的，根据玩家1、玩家2和玩家3的描述，他们都在描述一个表面有纹理、中空、用于球类运动且具有良好弹性和操控性的球体。这些描述都指向了同一个词语，可能是足球或篮球等常见的球类。

玩家4的描述没有给出具体的特征，而是强调了通过描述分析来找出卧底的重要性，这可能与球类无关，或者是在暗示他的描述与其他人不同。

由于玩家1、玩家2和玩家3的描述高度一致，而玩家4的描述似乎是在引导讨论而非描述具体物品，我倾向于认为玩家4可能是卧底。不过，这只是一个初步的推测，需要进一步观察和比较描述的细节来确认。|| `请根据上述分析，比较描述以找出不一致之处，注意，这局游戏的词语分类为<体育用品>，卧底词和平民词都属于该类。
2024-12-13 11:52:38,633 - 2 - INFO - **********PLAYER2**********
根据上述分析，我们可以比较四位玩家的描述来寻找不一致之处：

1. 玩家1的描述提到球体“通常用于各种球类运动”，但没有明确指出具体的球类运动。
2. 玩家2的描述中提到球体“主要用于特定的团队运动”，这暗示了一个特定的球类运动。
3. 玩家3的描述指出球体“主要用于球类运动”并强调“表面通常有特定的纹理”，这同样没有具体指出是哪种球类。
4. 玩家4的描述没有具体描述球体的特征，而是引导大家关注描述分析的过程。

不一致之处在于：

- 玩家1、玩家2和玩家3都提到了球体用于球类运动，但没有明确指出是哪种球类。
- 玩家4的描述与球体特征无关，而是关注游戏策略，这与其他玩家的描述方向不同。

因此，玩家4的描述与球类特征无关，这可能是他作为卧底的一个明显线索。他的描述与其他玩家的描述不一致，这可能表明他的关键词不属于《体育用品》类别，或者与普通球类特征不匹配。这增加了玩家4作为卧底的可能性。
2024-12-13 11:52:38,635 - 2 - INFO - **********JUDGER**********
你刚刚的分析是根据上述分析，我们可以比较四位玩家的描述来寻找不一致之处：

1. 玩家1的描述提到球体“通常用于各种球类运动”，但没有明确指出具体的球类运动。
2. 玩家2的描述中提到球体“主要用于特定的团队运动”，这暗示了一个特定的球类运动。
3. 玩家3的描述指出球体“主要用于球类运动”并强调“表面通常有特定的纹理”，这同样没有具体指出是哪种球类。
4. 玩家4的描述没有具体描述球体的特征，而是引导大家关注描述分析的过程。

不一致之处在于：

- 玩家1、玩家2和玩家3都提到了球体用于球类运动，但没有明确指出是哪种球类。
- 玩家4的描述与球体特征无关，而是关注游戏策略，这与其他玩家的描述方向不同。

因此，玩家4的描述与球类特征无关，这可能是他作为卧底的一个明显线索。他的描述与其他玩家的描述不一致，这可能表明他的关键词不属于《体育用品》类别，或者与普通球类特征不匹配。这增加了玩家4作为卧底的可能性。|| 请通过你分析的不一致之处，推断卧底身份，注意，这局游戏的词语分类为<体育用品>，卧底词和平民词都属于该类。
2024-12-13 11:52:48,228 - 2 - INFO - **********PLAYER2**********
基于分析的不一致之处，我们可以做出以下推断：

1. 玩家1、玩家2和玩家3的描述都集中在球体的通用特征上，如表面纹理、中空结构、用于球类运动等，但没有指向具体的球类运动。

2. 玩家4的描述与球体特征无关，而是转向了游戏策略的讨论，这与其他玩家的描述方向显著不同。

由于游戏规则指出卧底词和平民词都属于《体育用品》类别，玩家4的描述与球体特征无关，这表明他的关键词可能不是球类，而是另一种体育用品。

考虑到这些信息，玩家4的卧底身份可能指向以下几种情况之一：

- 玩家4的关键词可能是某种非球类的体育用品，如运动器材、健身器械或其他体育配件。
- 玩家4的关键词可能是球类运动中的非球体物品，如球网、球门、运动服装等。
- 玩家4的关键词可能是与球类运动相关但不属于球体的物品，如裁判哨子、计分板等。

综上所述，玩家4很可能是卧底，因为他的描述与球体特征不符，且引导了讨论的方向，而不是描述具体的球体特征。
2024-12-13 11:52:48,236 - 2 - INFO - **********JUDGER**********
你刚刚的推断是基于分析的不一致之处，我们可以做出以下推断：

1. 玩家1、玩家2和玩家3的描述都集中在球体的通用特征上，如表面纹理、中空结构、用于球类运动等，但没有指向具体的球类运动。

2. 玩家4的描述与球体特征无关，而是转向了游戏策略的讨论，这与其他玩家的描述方向显著不同。

由于游戏规则指出卧底词和平民词都属于《体育用品》类别，玩家4的描述与球体特征无关，这表明他的关键词可能不是球类，而是另一种体育用品。

考虑到这些信息，玩家4的卧底身份可能指向以下几种情况之一：

- 玩家4的关键词可能是某种非球类的体育用品，如运动器材、健身器械或其他体育配件。
- 玩家4的关键词可能是球类运动中的非球体物品，如球网、球门、运动服装等。
- 玩家4的关键词可能是与球类运动相关但不属于球体的物品，如裁判哨子、计分板等。

综上所述，玩家4很可能是卧底，因为他的描述与球体特征不符，且引导了讨论的方向，而不是描述具体的球体特征。|| 基于你刚刚的推断得出你的最终结论，请输出你认为的卧底，在这种情况下只需要输出编号，是1-4中的某个数字，不要输出其他信息。在这个过程不要进行任何推理，只对||以前的部分进行信息提取
2024-12-13 11:52:48,754 - 2 - INFO - **********PLAYER2**********
4
2024-12-13 11:53:44,233 - 2 - INFO - **********JUDGER**********
玩家1说：它是一种圆形的，表面有网孔的球体，通常用于各种球类运动。在体育用品中，它以其独特的弹性和可操控性而脱颖而出。它的设计简洁而高效，主要用于室内外团队比赛，其表面的网孔不仅美观，还能提供良好的空气流通，减少球体在高速运动中的阻力。这种球体的弹性适中，适合各种技术动作的施展，是球类运动中不可或缺的伙伴。玩家2说：这是一个表面带有特殊纹理的中空球体，主要用于特定的团队运动。它在同类体育用品中以其特殊的材质和设计，特别适合进行高强度的互动和传球。玩家3说：它是一个中空的球体，主要用于球类运动。它的表面通常有特定的纹理，这使得它在接触时能提供良好的手感。与其他体育用品相比，它在球类运动中的操控性和适应性尤为突出。玩家4说：它是一种中空的球体，通常用于各种球类运动。与同类体育用品相比，它具有独特的弹性，这使得操控性更加出色。你是第2号玩家，你的关键词是<排球>。你的回答中绝对不能包含你的关键词<排球>。这是第二轮描述，你之前的描述是它是一个中空的球体，表面有凹凸不平的网孔设计。在体育用品中，它以其在特定运动中的独特作用而著称，比如在排球运动中，它可以帮助运动员进行精准的传球和扣杀。，注意，这局游戏的词语分类为<体育用品>，卧底词和平民词都属于该类，请你补充关于关键词的描述，注意，你的描述应该比起之前的描述更加贴近关键词，作为之前的补充
2024-12-13 11:53:48,085 - 2 - INFO - **********PLAYER2**********
这种球体是中空的，表面设计独特，具有多孔结构，使得它在运动中能够提供良好的空气流动和减震效果。它被广泛用于户外和室内团队运动，因其出色的耐用性和易于操控性而受到运动员的青睐。与其他体育用品相比，这种球体的重量适中，便于携带和搬运，是团队运动中不可或缺的装备。
2024-12-13 11:54:31,060 - 2 - INFO - **********JUDGER**********
玩家1说：它是一种圆形的，表面有网孔的球体，通常用于各种球类运动。在体育用品中，它以其独特的弹性和可操控性而脱颖而出。它的设计简洁而高效，主要用于室内外团队比赛，其表面的网孔不仅美观，还能提供良好的空气流通，减少球体在高速运动中的阻力。这种球体的弹性适中，适合各种技术动作的施展，是球类运动中不可或缺的伙伴。玩家2说：这是一个表面带有特殊纹理的中空球体，主要用于特定的团队运动。它在同类体育用品中以其特殊的材质和设计，特别适合进行高强度的互动和传球。这种球体是中空的，表面设计独特，具有多孔结构，使得它在运动中能够提供良好的空气流动和减震效果。它被广泛用于户外和室内团队运动，因其出色的耐用性和易于操控性而受到运动员的青睐。与其他体育用品相比，这种球体的重量适中，便于携带和搬运，是团队运动中不可或缺的装备。玩家3说：它是一个中空的球体，主要用于球类运动。它的表面通常有特定的纹理，这使得它在接触时能提供良好的手感。与其他体育用品相比，它在球类运动中的操控性和适应性尤为突出。这种球体的设计简洁，表面有网孔，适合在室内外多种球类运动中使用。它的弹性适中，不仅美观，还能提供良好的空气流通，减少球体在高速运动中的阻力。这种球体在球类运动中的操控性和适应性非常突出，使得运动员能够轻松地进行各种技术动作。它的重量适中，便于携带和搬运，是团队运动中不可或缺的伙伴。玩家4说：它是一种中空的球体，通常用于各种球类运动。与同类体育用品相比，它具有独特的弹性，这使得操控性更加出色。||在这个游戏中，我们需要通过分析每位玩家的描述来找出卧底。通常，平民的描述会围绕相同的词语展开，而卧底的描述可能会因为词语的不同而显得不太一致。我们需要仔细比较每个描述之间的相似性和差异性，以找出可能的卧底，注意，卧底并不会隐藏自己，他会直接描述他的词语，现在，逐一分析每个玩家的描述，注意，这局游戏的词语分类为<体育用品>，卧底词和平民词都属于该类。||之前是第2轮描述和之前轮数描述的合集。你之前认为的卧底是玩家4。
2024-12-13 11:54:31,941 - 2 - INFO - **********PLAYER2**********
玩家4
2024-12-13 11:54:31,942 - 2 - INFO - **********JUDGER**********
你刚刚的分析是玩家4|| `请根据上述分析，比较描述以找出不一致之处，注意，这局游戏的词语分类为<体育用品>，卧底词和平民词都属于该类。
2024-12-13 11:54:43,703 - 2 - INFO - **********PLAYER2**********
在比较四位玩家的描述时，我们可以注意到以下不一致之处：

1. 玩家1提到球体“通常用于各种球类运动”，而玩家2和玩家3的描述都明确指出球体用于“特定的团队运动”或“球类运动”。玩家4的描述与玩家1和玩家3相似，但没有提到“特定的团队运动”。

2. 玩家1、玩家2和玩家3都强调了球体的“设计简洁而高效”、“特殊的材质和设计”、“特定的纹理”以及“弹性适中”等特点。然而，玩家4的描述虽然也提到了球体的“独特的弹性”，但没有提及其他特定的设计或材质特征。

3. 玩家1和玩家3都提到了球体“表面的网孔”和“减少球体在高速运动中的阻力”，而玩家2和玩家4没有提到这一点。

4. 玩家1的描述中特别强调了球体的“美观”，而玩家2、玩家3和玩家4没有提及这一特征。

这些不一致之处表明玩家4的描述可能与其他玩家描述的球体特征有所不同，这可能是他作为卧底的一个线索。他的描述没有提及设计、材质、纹理或网孔等特征，而是仅仅提到了弹性和用途，这可能暗示他的关键词与球体的这些特征不匹配。
2024-12-13 11:54:43,705 - 2 - INFO - **********JUDGER**********
你刚刚的分析是在比较四位玩家的描述时，我们可以注意到以下不一致之处：

1. 玩家1提到球体“通常用于各种球类运动”，而玩家2和玩家3的描述都明确指出球体用于“特定的团队运动”或“球类运动”。玩家4的描述与玩家1和玩家3相似，但没有提到“特定的团队运动”。

2. 玩家1、玩家2和玩家3都强调了球体的“设计简洁而高效”、“特殊的材质和设计”、“特定的纹理”以及“弹性适中”等特点。然而，玩家4的描述虽然也提到了球体的“独特的弹性”，但没有提及其他特定的设计或材质特征。

3. 玩家1和玩家3都提到了球体“表面的网孔”和“减少球体在高速运动中的阻力”，而玩家2和玩家4没有提到这一点。

4. 玩家1的描述中特别强调了球体的“美观”，而玩家2、玩家3和玩家4没有提及这一特征。

这些不一致之处表明玩家4的描述可能与其他玩家描述的球体特征有所不同，这可能是他作为卧底的一个线索。他的描述没有提及设计、材质、纹理或网孔等特征，而是仅仅提到了弹性和用途，这可能暗示他的关键词与球体的这些特征不匹配。|| 请通过你分析的不一致之处，推断卧底身份，注意，这局游戏的词语分类为<体育用品>，卧底词和平民词都属于该类。
2024-12-13 11:54:48,524 - 2 - INFO - **********PLAYER2**********
基于分析的不一致之处，玩家4的描述与其他玩家的描述存在以下差异：

- 玩家4没有提到球体的设计、材质、纹理或网孔等特征，而其他玩家都提到了这些细节。
- 玩家4没有提到球体的美观性，而玩家1特别强调了这一点。
- 玩家4的描述没有提到球体用于“特定的团队运动”，而玩家2和玩家3明确指出了这一点。

这些差异表明玩家4的描述可能不够具体，或者与球类运动的常见特征不完全吻合。考虑到游戏规则中提到的词语分类为《体育用品》，且卧底词和平民词都属于该类，玩家4的描述可能与球类运动中常见的球体特征不匹配。

因此，基于这些不一致之处，玩家4可能是卧底。
2024-12-13 11:54:48,526 - 2 - INFO - **********JUDGER**********
你刚刚的推断是基于分析的不一致之处，玩家4的描述与其他玩家的描述存在以下差异：

- 玩家4没有提到球体的设计、材质、纹理或网孔等特征，而其他玩家都提到了这些细节。
- 玩家4没有提到球体的美观性，而玩家1特别强调了这一点。
- 玩家4的描述没有提到球体用于“特定的团队运动”，而玩家2和玩家3明确指出了这一点。

这些差异表明玩家4的描述可能不够具体，或者与球类运动的常见特征不完全吻合。考虑到游戏规则中提到的词语分类为《体育用品》，且卧底词和平民词都属于该类，玩家4的描述可能与球类运动中常见的球体特征不匹配。

因此，基于这些不一致之处，玩家4可能是卧底。|| 基于你刚刚的推断得出你的最终结论，请输出你认为的卧底，在这种情况下只需要输出编号，是1-4中的某个数字，不要输出其他信息。在这个过程不要进行任何推理，只对||以前的部分进行信息提取
2024-12-13 11:54:49,289 - 2 - INFO - **********PLAYER2**********
4
2024-12-13 11:55:40,553 - 2 - INFO - **********JUDGER**********
玩家1说：它是一种圆形的，表面有网孔的球体，通常用于各种球类运动。在体育用品中，它以其独特的弹性和可操控性而脱颖而出。它的设计简洁而高效，主要用于室内外团队比赛，其表面的网孔不仅美观，还能提供良好的空气流通，减少球体在高速运动中的阻力。这种球体的弹性适中，适合各种技术动作的施展，是球类运动中不可或缺的伙伴。这种球体的尺寸标准，便于在比赛中的传递和捕捉，同时其重量和大小使得它既适合室内运动，也适合户外使用。它的制造工艺注重耐用性，确保了在频繁使用和碰撞后仍能保持良好的性能。此外，这种球体的表面处理能够适应不同天气条件，保持球体在比赛中的稳定性和准确性。玩家2说：这是一个表面带有特殊纹理的中空球体，主要用于特定的团队运动。它在同类体育用品中以其特殊的材质和设计，特别适合进行高强度的互动和传球。这种球体是中空的，表面设计独特，具有多孔结构，使得它在运动中能够提供良好的空气流动和减震效果。它被广泛用于户外和室内团队运动，因其出色的耐用性和易于操控性而受到运动员的青睐。与其他体育用品相比，这种球体的重量适中，便于携带和搬运，是团队运动中不可或缺的装备。玩家3说：它是一个中空的球体，主要用于球类运动。它的表面通常有特定的纹理，这使得它在接触时能提供良好的手感。与其他体育用品相比，它在球类运动中的操控性和适应性尤为突出。这种球体的设计简洁，表面有网孔，适合在室内外多种球类运动中使用。它的弹性适中，不仅美观，还能提供良好的空气流通，减少球体在高速运动中的阻力。这种球体在球类运动中的操控性和适应性非常突出，使得运动员能够轻松地进行各种技术动作。它的重量适中，便于携带和搬运，是团队运动中不可或缺的伙伴。玩家4说：它是一种中空的球体，通常用于各种球类运动。与同类体育用品相比，它具有独特的弹性，这使得操控性更加出色。这种球体的表面设计具有独特的凹凸纹理，有助于增加球与手之间的摩擦力，从而提升控球和传球时的精确度。它的材质轻便，便于携带，且重量适中，适合在多种球类运动中使用。这种球体在高速运动中表现出良好的稳定性，减少因空气阻力造成的球体偏移。它的设计简洁，既美观又实用，是团队运动中不可或缺的伙伴。你是第2号玩家，你的关键词是<排球>。你的回答中绝对不能包含你的关键词<排球>。这是第三轮描述，你之前的描述是它是一个中空的球体，表面有凹凸不平的网孔设计。在体育用品中，它以其在特定运动中的独特作用而著称，比如在排球运动中，它可以帮助运动员进行精准的传球和扣杀。和这是一个表面带有特殊纹理的中空球体，主要用于特定的团队运动。它在同类体育用品中以其特殊的材质和设计，特别适合进行高强度的互动和传球。，注意，这局游戏的词语分类为<体育用品>，卧底词和平民词都属于该类，请你补充关于关键词的描述，注意，你的描述应该比起之前的描述更加贴近关键词，作为之前的补充
2024-12-13 11:55:44,460 - 2 - INFO - **********PLAYER2**********
这种球体是中空的，拥有独特的材质和结构，使其在特定的团队运动中表现出色。它的表面设计有助于增加球与手之间的摩擦力，提升控球和传球的精确度。这种球体的重量适中，便于携带和搬运，且在高速运动中展现出良好的稳定性。它的设计既美观又实用，是团队运动中不可或缺的伙伴。
2024-12-13 11:56:15,238 - 2 - INFO - **********JUDGER**********
玩家1说：它是一种圆形的，表面有网孔的球体，通常用于各种球类运动。在体育用品中，它以其独特的弹性和可操控性而脱颖而出。它的设计简洁而高效，主要用于室内外团队比赛，其表面的网孔不仅美观，还能提供良好的空气流通，减少球体在高速运动中的阻力。这种球体的弹性适中，适合各种技术动作的施展，是球类运动中不可或缺的伙伴。这种球体的尺寸标准，便于在比赛中的传递和捕捉，同时其重量和大小使得它既适合室内运动，也适合户外使用。它的制造工艺注重耐用性，确保了在频繁使用和碰撞后仍能保持良好的性能。此外，这种球体的表面处理能够适应不同天气条件，保持球体在比赛中的稳定性和准确性。玩家2说：这是一个表面带有特殊纹理的中空球体，主要用于特定的团队运动。它在同类体育用品中以其特殊的材质和设计，特别适合进行高强度的互动和传球。这种球体是中空的，表面设计独特，具有多孔结构，使得它在运动中能够提供良好的空气流动和减震效果。它被广泛用于户外和室内团队运动，因其出色的耐用性和易于操控性而受到运动员的青睐。与其他体育用品相比，这种球体的重量适中，便于携带和搬运，是团队运动中不可或缺的装备。这种球体是中空的，拥有独特的材质和结构，使其在特定的团队运动中表现出色。它的表面设计有助于增加球与手之间的摩擦力，提升控球和传球的精确度。这种球体的重量适中，便于携带和搬运，且在高速运动中展现出良好的稳定性。它的设计既美观又实用，是团队运动中不可或缺的伙伴。玩家3说：它是一个中空的球体，主要用于球类运动。它的表面通常有特定的纹理，这使得它在接触时能提供良好的手感。与其他体育用品相比，它在球类运动中的操控性和适应性尤为突出。这种球体的设计简洁，表面有网孔，适合在室内外多种球类运动中使用。它的弹性适中，不仅美观，还能提供良好的空气流通，减少球体在高速运动中的阻力。这种球体在球类运动中的操控性和适应性非常突出，使得运动员能够轻松地进行各种技术动作。它的重量适中，便于携带和搬运，是团队运动中不可或缺的伙伴。这种球体的设计注重于提供稳定的弹性和良好的手感，它的表面处理使得球体在运动中能够适应不同的天气条件，保持球体的稳定性和准确性。这种球体的尺寸标准，便于在比赛中的传递和捕捉，同时其重量和大小使得它既适合室内运动，也适合户外使用。它的制造工艺注重耐用性，确保了在频繁使用和碰撞后仍能保持良好的性能。此外，这种球体的表面处理能够适应不同天气条件，保持球体在比赛中的稳定性和准确性。玩家4说：它是一种中空的球体，通常用于各种球类运动。与同类体育用品相比，它具有独特的弹性，这使得操控性更加出色。这种球体的表面设计具有独特的凹凸纹理，有助于增加球与手之间的摩擦力，从而提升控球和传球时的精确度。它的材质轻便，便于携带，且重量适中，适合在多种球类运动中使用。这种球体在高速运动中表现出良好的稳定性，减少因空气阻力造成的球体偏移。它的设计简洁，既美观又实用，是团队运动中不可或缺的伙伴。这种球体的尺寸标准，适合在比赛中进行精确的传递和捕捉。它的重量和大小使得球体既便于在室内场地使用，也能适应户外环境的挑战。球体的表面处理技术确保了球体在不同天气条件下都能保持良好的性能和稳定性。此外，球体的制造工艺注重耐用性，能够在频繁的比赛中保持其结构和性能的完整性。这种球体的设计考虑到了运动员在不同技术动作中的需求，提供了良好的操控性和适应性。||在这个游戏中，我们需要通过分析每位玩家的描述来找出卧底。通常，平民的描述会围绕相同的词语展开，而卧底的描述可能会因为词语的不同而显得不太一致。我们需要仔细比较每个描述之间的相似性和差异性，以找出可能的卧底，注意，卧底并不会隐藏自己，他会直接描述他的词语，现在，逐一分析每个玩家的描述，注意，这局游戏的词语分类为<体育用品>，卧底词和平民词都属于该类。||之前是第3轮描述和之前轮数描述的合集。你之前认为的卧底是玩家4。
2024-12-13 11:56:16,410 - 2 - INFO - **********PLAYER2**********
玩家4
2024-12-13 11:56:16,411 - 2 - INFO - **********JUDGER**********
你刚刚的分析是玩家4|| `请根据上述分析，比较描述以找出不一致之处，注意，这局游戏的词语分类为<体育用品>，卧底词和平民词都属于该类。
2024-12-13 11:56:27,130 - 2 - INFO - **********PLAYER2**********
在比较四位玩家的描述时，以下是不一致之处：

1. 玩家1和玩家3的描述都提到了球体的“制造工艺注重耐用性”和“表面处理能够适应不同天气条件”，而玩家2和玩家4没有提到这些细节。

2. 玩家1的描述中提到了球体的“尺寸标准，便于在比赛中的传递和捕捉”，这一点在玩家2、玩家3和玩家4的描述中没有出现。

3. 玩家2的描述中特别强调了球体的“多孔结构，使得它在运动中能够提供良好的空气流动和减震效果”，而这一点在玩家1、玩家3和玩家4的描述中没有提及。

4. 玩家4的描述中提到了球体的“材质轻便”，而这一点在玩家1、玩家2和玩家3的描述中没有出现。

这些不一致之处表明玩家4的描述在某些特征上与其他玩家的描述有所不同，这可能表明他的关键词与球体的这些特定特征不匹配。
2024-12-13 11:56:27,135 - 2 - INFO - **********JUDGER**********
你刚刚的分析是在比较四位玩家的描述时，以下是不一致之处：

1. 玩家1和玩家3的描述都提到了球体的“制造工艺注重耐用性”和“表面处理能够适应不同天气条件”，而玩家2和玩家4没有提到这些细节。

2. 玩家1的描述中提到了球体的“尺寸标准，便于在比赛中的传递和捕捉”，这一点在玩家2、玩家3和玩家4的描述中没有出现。

3. 玩家2的描述中特别强调了球体的“多孔结构，使得它在运动中能够提供良好的空气流动和减震效果”，而这一点在玩家1、玩家3和玩家4的描述中没有提及。

4. 玩家4的描述中提到了球体的“材质轻便”，而这一点在玩家1、玩家2和玩家3的描述中没有出现。

这些不一致之处表明玩家4的描述在某些特征上与其他玩家的描述有所不同，这可能表明他的关键词与球体的这些特定特征不匹配。|| 请通过你分析的不一致之处，推断卧底身份，注意，这局游戏的词语分类为<体育用品>，卧底词和平民词都属于该类。
2024-12-13 11:56:28,125 - 2 - INFO - **********PLAYER2**********
玩家4
2024-12-13 11:56:28,127 - 2 - INFO - **********JUDGER**********
你刚刚的推断是玩家4|| 基于你刚刚的推断得出你的最终结论，请输出你认为的卧底，在这种情况下只需要输出编号，是1-4中的某个数字，不要输出其他信息。在这个过程不要进行任何推理，只对||以前的部分进行信息提取
2024-12-13 11:56:37,325 - 2 - INFO - **********PLAYER2**********
以前的部分进行信息提取，以下是对四位玩家描述的分析：

1. 玩家1的描述强调了球体的通用特征，如圆形、网孔、用于球类运动、弹性和可操控性，以及适用于室内外团队比赛。

2. 玩家2的描述提到了球体的特殊纹理、中空结构、用于特定团队运动、特殊材质和设计，以及适合高强度互动和传球。

3. 玩家3的描述提到了球体的中空结构、用于球类运动、表面纹理、操控性和适应性，以及适用于室内外多种球类运动。

4. 玩家4的描述提到了球体的中空结构、用于各种球类运动、独特弹性、表面设计、材质轻便、重量适中，以及适应高速运动和不同天气条件。

综合以上描述，玩家4的描述与其他玩家的描述相比，没有明确提到球体的网孔、弹性和用于团队运动的具体类型，而是更多地强调了球体的设计、材质和适应性。因此，基于描述的差异，玩家4可能是卧底。最终结论：

4
2024-12-13 11:56:37,327 - 2 - WARNING - Invalid vote: 以前的部分进行信息提取，以下是对四位玩家描述的分析：

1. 玩家1的描述强调了球体的通用特征，如圆形、网孔、用于球类运动、弹性和可操控性，以及适用于室内外团队比赛。

2. 玩家2的描述提到了球体的特殊纹理、中空结构、用于特定团队运动、特殊材质和设计，以及适合高强度互动和传球。

3. 玩家3的描述提到了球体的中空结构、用于球类运动、表面纹理、操控性和适应性，以及适用于室内外多种球类运动。

4. 玩家4的描述提到了球体的中空结构、用于各种球类运动、独特弹性、表面设计、材质轻便、重量适中，以及适应高速运动和不同天气条件。

综合以上描述，玩家4的描述与其他玩家的描述相比，没有明确提到球体的网孔、弹性和用于团队运动的具体类型，而是更多地强调了球体的设计、材质和适应性。因此，基于描述的差异，玩家4可能是卧底。最终结论：

4. Asking again.
2024-12-13 11:56:37,327 - 2 - INFO - **********JUDGER**********
你刚刚的推断是玩家4|| 基于你刚刚的推断得出你的最终结论，请输出你认为的卧底，在这种情况下只需要输出编号，是1-4中的某个数字，不要输出其他信息。在这个过程不要进行任何推理，只对||以前的部分进行信息提取
2024-12-13 11:56:38,707 - 2 - INFO - **********PLAYER2**********
4
