2024-12-13 11:52:00,257 - 3 - INFO - **********JUDGER**********
让我们来玩一个叫做<谁是卧底>的推理游戏。基本规则：<人数>：4人。<角色分配>：每位玩家随机抽取一个词语，3名玩家拿到的词语是相同的（平民词），1名玩家拿到与之相近但不同的词语（卧底词）。<游戏流程>：1、玩家轮流描述自己的词语，但<不能>直接说出词语本身。2、描述完毕后，投票选出最像卧底的玩家。3、每轮结束后，被投票选出的玩家出局，不能再进行描述或投票。4、每轮投票结束后，如果卧底被成功找出，平民方获胜；如果卧底未被找出且卧底人数等于或超过平民人数，则卧底方获胜。你将扮演一个<玩家>，请等待你被分配到的关键词。如果你听懂了，只回答，"好的，我准备好参加游戏了"，不要输出别的信息
2024-12-13 11:52:00,915 - 3 - INFO - **********PLAYER3**********
好的，我准备好参加游戏了
2024-12-13 11:52:07,174 - 3 - INFO - **********JUDGER**********
玩家1说：它是一种圆形的，表面有网孔的球体，通常用于各种球类运动。在体育用品中，它以其独特的弹性和可操控性而脱颖而出。玩家2说：这是一个表面带有特殊纹理的中空球体，主要用于特定的团队运动。它在同类体育用品中以其特殊的材质和设计，特别适合进行高强度的互动和传球。玩家3说：玩家4说：|| 你是第3号玩家，你的关键词是<篮球>。你的回答中绝对不能包含你的关键词<篮球>。这是第一轮描述，不需要分析||之前别的玩家的描述，请你描述关键词基本特征，注意，这局游戏的词语分类为<体育用品>，卧底词和平民词都属于该类，描述包括以下两点，1.他的基本特征是什么2.他在该类（体育用品）中最突出不同的特征是什么，尽量简短
2024-12-13 11:52:08,372 - 3 - INFO - **********PLAYER3**********
它是一个中空的球体，主要用于球类运动。它的表面通常有特定的纹理，这使得它在接触时能提供良好的手感。与其他体育用品相比，它在球类运动中的操控性和适应性尤为突出。
2024-12-13 11:52:48,755 - 3 - INFO - **********JUDGER**********
玩家1说：它是一种圆形的，表面有网孔的球体，通常用于各种球类运动。在体育用品中，它以其独特的弹性和可操控性而脱颖而出。玩家2说：这是一个表面带有特殊纹理的中空球体，主要用于特定的团队运动。它在同类体育用品中以其特殊的材质和设计，特别适合进行高强度的互动和传球。玩家3说：它是一个中空的球体，主要用于球类运动。它的表面通常有特定的纹理，这使得它在接触时能提供良好的手感。与其他体育用品相比，它在球类运动中的操控性和适应性尤为突出。玩家4说：||在这个游戏中，我们需要通过分析每位玩家的描述来找出卧底。通常，平民的描述会围绕相同的词语展开，而卧底的描述可能会因为词语的不同而显得不太一致。我们需要仔细比较每个描述之间的相似性和差异性，以找出可能的卧底，注意，卧底并不会隐藏自己，他会直接描述他的词语，现在，逐一分析每个玩家的描述，注意，这局游戏的词语分类为<体育用品>，卧底词和平民词都属于该类。这是第一轮描述。
2024-12-13 11:52:53,045 - 3 - INFO - **********PLAYER3**********
玩家1的描述提到了“网孔”这一特征，这让我联想到的是篮球，因为篮球的表面有网孔设计。玩家2的描述强调了“特殊纹理”和“高强度的互动和传球”，这听起来更像是足球，因为足球的材质和设计确实是为了适应高强度的比赛。玩家3的描述与玩家1和玩家4的描述相似，都提到了“中空球体”和“特定的纹理”，这进一步支持了篮球的可能性。玩家4的描述没有给出具体的特征，而是强调了通过描述来找出卧底的重要性。

从描述的相似性来看，玩家1、玩家3和玩家4的描述都指向了篮球。然而，玩家2的描述中提到了“特定的团队运动”和“高强度的互动和传球”，这与足球的特点更相符。因此，玩家2的描述可能与篮球不太一致，可能是卧底。当然，这只是一个初步的分析，后续的描述可能会提供更多的线索。
2024-12-13 11:52:53,047 - 3 - INFO - **********JUDGER**********
你刚刚的分析是玩家1的描述提到了“网孔”这一特征，这让我联想到的是篮球，因为篮球的表面有网孔设计。玩家2的描述强调了“特殊纹理”和“高强度的互动和传球”，这听起来更像是足球，因为足球的材质和设计确实是为了适应高强度的比赛。玩家3的描述与玩家1和玩家4的描述相似，都提到了“中空球体”和“特定的纹理”，这进一步支持了篮球的可能性。玩家4的描述没有给出具体的特征，而是强调了通过描述来找出卧底的重要性。

从描述的相似性来看，玩家1、玩家3和玩家4的描述都指向了篮球。然而，玩家2的描述中提到了“特定的团队运动”和“高强度的互动和传球”，这与足球的特点更相符。因此，玩家2的描述可能与篮球不太一致，可能是卧底。当然，这只是一个初步的分析，后续的描述可能会提供更多的线索。|| `请根据上述分析，比较描述以找出不一致之处，注意，这局游戏的词语分类为<体育用品>，卧底词和平民词都属于该类。
2024-12-13 11:52:59,065 - 3 - INFO - **********PLAYER3**********
根据上述分析，我们可以比较描述中找出以下不一致之处：

1. 玩家1、玩家3和玩家4的描述都集中在“圆形的球体”、“中空”、“表面有纹理”和“用于球类运动”这些特征上，这些特征高度相似，指向了篮球。

2. 玩家2的描述虽然也提到了“中空球体”和“表面有纹理”，但特别强调了“特殊纹理”和“用于特定的团队运动”，以及“高强度的互动和传球”，这些描述与篮球的特点不完全吻合，更像是足球。

不一致之处在于：
- 玩家2的描述中提到了“特定的团队运动”，而篮球和足球都是团队运动，但足球通常与“高强度的互动和传球”联系更紧密。
- 玩家2的描述中强调了“特殊纹理”，而篮球的纹理通常是网孔，足球的纹理则可能是为了控制球或增加摩擦。

因此，玩家2的描述与玩家1、玩家3和玩家4的描述存在不一致之处，这可能是由于玩家2的卧底词与篮球不同，而是足球。然而，最终判断还需要结合后续的描述和游戏进展来确定。
2024-12-13 11:52:59,066 - 3 - INFO - **********JUDGER**********
你刚刚的分析是根据上述分析，我们可以比较描述中找出以下不一致之处：

1. 玩家1、玩家3和玩家4的描述都集中在“圆形的球体”、“中空”、“表面有纹理”和“用于球类运动”这些特征上，这些特征高度相似，指向了篮球。

2. 玩家2的描述虽然也提到了“中空球体”和“表面有纹理”，但特别强调了“特殊纹理”和“用于特定的团队运动”，以及“高强度的互动和传球”，这些描述与篮球的特点不完全吻合，更像是足球。

不一致之处在于：
- 玩家2的描述中提到了“特定的团队运动”，而篮球和足球都是团队运动，但足球通常与“高强度的互动和传球”联系更紧密。
- 玩家2的描述中强调了“特殊纹理”，而篮球的纹理通常是网孔，足球的纹理则可能是为了控制球或增加摩擦。

因此，玩家2的描述与玩家1、玩家3和玩家4的描述存在不一致之处，这可能是由于玩家2的卧底词与篮球不同，而是足球。然而，最终判断还需要结合后续的描述和游戏进展来确定。|| 请通过你分析的不一致之处，推断卧底身份，注意，这局游戏的词语分类为<体育用品>，卧底词和平民词都属于该类。
2024-12-13 11:53:04,365 - 3 - INFO - **********PLAYER3**********
根据分析中提到的不一致之处，以下是我对卧底身份的推断：

玩家1、玩家3和玩家4的描述都指向了篮球，因为它们共同提到了篮球的典型特征，如圆形、中空、表面有纹理（网孔），以及用于球类运动。

相比之下，玩家2的描述虽然也提到了圆形、中空和表面有纹理，但特别强调了“特殊纹理”和“用于特定的团队运动”，以及“高强度的互动和传球”。这些描述更符合足球的特点，因为足球通常在团队运动中与高强度的互动和传球相关联，且足球的表面纹理设计是为了控制球而不是像篮球那样提供网孔。

因此，结合这些信息，玩家2的描述与篮球的描述不一致，且更符合足球的特征。由此推断，玩家2很可能是卧底，其关键词是足球。
2024-12-13 11:53:04,369 - 3 - INFO - **********JUDGER**********
你刚刚的推断是根据分析中提到的不一致之处，以下是我对卧底身份的推断：

玩家1、玩家3和玩家4的描述都指向了篮球，因为它们共同提到了篮球的典型特征，如圆形、中空、表面有纹理（网孔），以及用于球类运动。

相比之下，玩家2的描述虽然也提到了圆形、中空和表面有纹理，但特别强调了“特殊纹理”和“用于特定的团队运动”，以及“高强度的互动和传球”。这些描述更符合足球的特点，因为足球通常在团队运动中与高强度的互动和传球相关联，且足球的表面纹理设计是为了控制球而不是像篮球那样提供网孔。

因此，结合这些信息，玩家2的描述与篮球的描述不一致，且更符合足球的特征。由此推断，玩家2很可能是卧底，其关键词是足球。|| 基于你刚刚的推断得出你的最终结论，请输出你认为的卧底，在这种情况下只需要输出编号，是1-4中的某个数字，不要输出其他信息。在这个过程不要进行任何推理，只对||以前的部分进行信息提取
2024-12-13 11:53:04,986 - 3 - INFO - **********PLAYER3**********
2
2024-12-13 11:53:48,085 - 3 - INFO - **********JUDGER**********
玩家1说：它是一种圆形的，表面有网孔的球体，通常用于各种球类运动。在体育用品中，它以其独特的弹性和可操控性而脱颖而出。它的设计简洁而高效，主要用于室内外团队比赛，其表面的网孔不仅美观，还能提供良好的空气流通，减少球体在高速运动中的阻力。这种球体的弹性适中，适合各种技术动作的施展，是球类运动中不可或缺的伙伴。玩家2说：这是一个表面带有特殊纹理的中空球体，主要用于特定的团队运动。它在同类体育用品中以其特殊的材质和设计，特别适合进行高强度的互动和传球。这种球体是中空的，表面设计独特，具有多孔结构，使得它在运动中能够提供良好的空气流动和减震效果。它被广泛用于户外和室内团队运动，因其出色的耐用性和易于操控性而受到运动员的青睐。与其他体育用品相比，这种球体的重量适中，便于携带和搬运，是团队运动中不可或缺的装备。玩家3说：它是一个中空的球体，主要用于球类运动。它的表面通常有特定的纹理，这使得它在接触时能提供良好的手感。与其他体育用品相比，它在球类运动中的操控性和适应性尤为突出。玩家4说：它是一种中空的球体，通常用于各种球类运动。与同类体育用品相比，它具有独特的弹性，这使得操控性更加出色。你是第3号玩家，你的关键词是<篮球>。你的回答中绝对不能包含你的关键词<篮球>。这是第二轮描述，你之前的描述是它是一个中空的球体，主要用于球类运动。它的表面通常有特定的纹理，这使得它在接触时能提供良好的手感。与其他体育用品相比，它在球类运动中的操控性和适应性尤为突出。，注意，这局游戏的词语分类为<体育用品>，卧底词和平民词都属于该类，请你补充关于关键词的描述，注意，你的描述应该比起之前的描述更加贴近关键词，作为之前的补充
2024-12-13 11:53:50,821 - 3 - INFO - **********PLAYER3**********
这种球体的设计简洁，表面有网孔，适合在室内外多种球类运动中使用。它的弹性适中，不仅美观，还能提供良好的空气流通，减少球体在高速运动中的阻力。这种球体在球类运动中的操控性和适应性非常突出，使得运动员能够轻松地进行各种技术动作。它的重量适中，便于携带和搬运，是团队运动中不可或缺的伙伴。
2024-12-13 11:54:49,290 - 3 - INFO - **********JUDGER**********
玩家1说：它是一种圆形的，表面有网孔的球体，通常用于各种球类运动。在体育用品中，它以其独特的弹性和可操控性而脱颖而出。它的设计简洁而高效，主要用于室内外团队比赛，其表面的网孔不仅美观，还能提供良好的空气流通，减少球体在高速运动中的阻力。这种球体的弹性适中，适合各种技术动作的施展，是球类运动中不可或缺的伙伴。玩家2说：这是一个表面带有特殊纹理的中空球体，主要用于特定的团队运动。它在同类体育用品中以其特殊的材质和设计，特别适合进行高强度的互动和传球。这种球体是中空的，表面设计独特，具有多孔结构，使得它在运动中能够提供良好的空气流动和减震效果。它被广泛用于户外和室内团队运动，因其出色的耐用性和易于操控性而受到运动员的青睐。与其他体育用品相比，这种球体的重量适中，便于携带和搬运，是团队运动中不可或缺的装备。玩家3说：它是一个中空的球体，主要用于球类运动。它的表面通常有特定的纹理，这使得它在接触时能提供良好的手感。与其他体育用品相比，它在球类运动中的操控性和适应性尤为突出。这种球体的设计简洁，表面有网孔，适合在室内外多种球类运动中使用。它的弹性适中，不仅美观，还能提供良好的空气流通，减少球体在高速运动中的阻力。这种球体在球类运动中的操控性和适应性非常突出，使得运动员能够轻松地进行各种技术动作。它的重量适中，便于携带和搬运，是团队运动中不可或缺的伙伴。玩家4说：它是一种中空的球体，通常用于各种球类运动。与同类体育用品相比，它具有独特的弹性，这使得操控性更加出色。||在这个游戏中，我们需要通过分析每位玩家的描述来找出卧底。通常，平民的描述会围绕相同的词语展开，而卧底的描述可能会因为词语的不同而显得不太一致。我们需要仔细比较每个描述之间的相似性和差异性，以找出可能的卧底，注意，卧底并不会隐藏自己，他会直接描述他的词语，现在，逐一分析每个玩家的描述，注意，这局游戏的词语分类为<体育用品>，卧底词和平民词都属于该类。||之前是第2轮描述和之前轮数描述的合集。你之前认为的卧底是玩家2。
2024-12-13 11:54:57,529 - 3 - INFO - **********PLAYER3**********
根据第二轮描述和之前的分析，以下是对每位玩家描述的分析：

玩家1的描述与玩家3的描述非常相似，都提到了球体的网孔设计、弹性和适用性，以及适用于室内外团队比赛。这些特征指向了篮球。

玩家2的描述中提到了“特殊纹理”和“多孔结构”，以及球体在户外和室内团队运动中的应用，这些特征与足球更为吻合。

玩家3的描述与玩家1的描述几乎相同，强调了球体的网孔、弹性和适用性，以及其在球类运动中的表现。

玩家4的描述与玩家1和玩家3的描述相似，但没有特别强调网孔设计，而是提到了球体的独特弹性和操控性。

基于这些信息，玩家2的描述与篮球的描述存在明显差异，而更接近足球的特征。因此，如果之前认为玩家2是卧底，那么这个推断是基于描述中与篮球特征的不一致。然而，现在玩家3的描述与玩家1的描述高度一致，这加强了篮球的可能性。

如果必须在这个阶段做出选择，考虑到玩家2的描述与足球更为吻合，而玩家3的描述与篮球更为一致，那么玩家2仍然可能是卧底。但这个结论是基于对描述的初步分析，实际情况可能需要更多的信息来确认。
2024-12-13 11:54:57,530 - 3 - INFO - **********JUDGER**********
你刚刚的分析是根据第二轮描述和之前的分析，以下是对每位玩家描述的分析：

玩家1的描述与玩家3的描述非常相似，都提到了球体的网孔设计、弹性和适用性，以及适用于室内外团队比赛。这些特征指向了篮球。

玩家2的描述中提到了“特殊纹理”和“多孔结构”，以及球体在户外和室内团队运动中的应用，这些特征与足球更为吻合。

玩家3的描述与玩家1的描述几乎相同，强调了球体的网孔、弹性和适用性，以及其在球类运动中的表现。

玩家4的描述与玩家1和玩家3的描述相似，但没有特别强调网孔设计，而是提到了球体的独特弹性和操控性。

基于这些信息，玩家2的描述与篮球的描述存在明显差异，而更接近足球的特征。因此，如果之前认为玩家2是卧底，那么这个推断是基于描述中与篮球特征的不一致。然而，现在玩家3的描述与玩家1的描述高度一致，这加强了篮球的可能性。

如果必须在这个阶段做出选择，考虑到玩家2的描述与足球更为吻合，而玩家3的描述与篮球更为一致，那么玩家2仍然可能是卧底。但这个结论是基于对描述的初步分析，实际情况可能需要更多的信息来确认。|| `请根据上述分析，比较描述以找出不一致之处，注意，这局游戏的词语分类为<体育用品>，卧底词和平民词都属于该类。
2024-12-13 11:55:04,274 - 3 - INFO - **********PLAYER3**********
根据上述分析，以下是比较描述中找出的一致性和不一致之处：

一致性：
- 玩家1和玩家3的描述非常相似，都提到了球体的网孔设计、弹性和适用性，以及其在室内外团队比赛中的应用。
- 玩家4的描述与玩家1和玩家3的描述相似，虽然没有特别强调网孔设计，但也提到了球体的独特弹性和操控性。

不一致之处：
- 玩家2的描述与玩家1和玩家3的描述存在差异。玩家2提到了球体的“特殊纹理”和“多孔结构”，以及其在户外和室内团队运动中的应用，这些特征与足球更为吻合，而不是篮球。

总结来说，玩家2的描述与篮球的描述不一致，而更接近足球的特征。这表明玩家2的描述可能存在不一致之处，从而可能是卧底。
2024-12-13 11:55:04,278 - 3 - INFO - **********JUDGER**********
你刚刚的分析是根据上述分析，以下是比较描述中找出的一致性和不一致之处：

一致性：
- 玩家1和玩家3的描述非常相似，都提到了球体的网孔设计、弹性和适用性，以及其在室内外团队比赛中的应用。
- 玩家4的描述与玩家1和玩家3的描述相似，虽然没有特别强调网孔设计，但也提到了球体的独特弹性和操控性。

不一致之处：
- 玩家2的描述与玩家1和玩家3的描述存在差异。玩家2提到了球体的“特殊纹理”和“多孔结构”，以及其在户外和室内团队运动中的应用，这些特征与足球更为吻合，而不是篮球。

总结来说，玩家2的描述与篮球的描述不一致，而更接近足球的特征。这表明玩家2的描述可能存在不一致之处，从而可能是卧底。|| 请通过你分析的不一致之处，推断卧底身份，注意，这局游戏的词语分类为<体育用品>，卧底词和平民词都属于该类。
2024-12-13 11:55:07,340 - 3 - INFO - **********PLAYER3**********
根据分析中提到的不一致之处，我推断卧底身份为玩家2。玩家2的描述中提到的“特殊纹理”和“多孔结构”，以及球体在户外和室内团队运动中的应用，这些特征更符合足球而不是篮球。因此，玩家2很可能是持有不同词语的卧底。
2024-12-13 11:55:07,341 - 3 - INFO - **********JUDGER**********
你刚刚的推断是根据分析中提到的不一致之处，我推断卧底身份为玩家2。玩家2的描述中提到的“特殊纹理”和“多孔结构”，以及球体在户外和室内团队运动中的应用，这些特征更符合足球而不是篮球。因此，玩家2很可能是持有不同词语的卧底。|| 基于你刚刚的推断得出你的最终结论，请输出你认为的卧底，在这种情况下只需要输出编号，是1-4中的某个数字，不要输出其他信息。在这个过程不要进行任何推理，只对||以前的部分进行信息提取
2024-12-13 11:55:07,988 - 3 - INFO - **********PLAYER3**********
2
2024-12-13 11:55:44,464 - 3 - INFO - **********JUDGER**********
玩家1说：它是一种圆形的，表面有网孔的球体，通常用于各种球类运动。在体育用品中，它以其独特的弹性和可操控性而脱颖而出。它的设计简洁而高效，主要用于室内外团队比赛，其表面的网孔不仅美观，还能提供良好的空气流通，减少球体在高速运动中的阻力。这种球体的弹性适中，适合各种技术动作的施展，是球类运动中不可或缺的伙伴。这种球体的尺寸标准，便于在比赛中的传递和捕捉，同时其重量和大小使得它既适合室内运动，也适合户外使用。它的制造工艺注重耐用性，确保了在频繁使用和碰撞后仍能保持良好的性能。此外，这种球体的表面处理能够适应不同天气条件，保持球体在比赛中的稳定性和准确性。玩家2说：这是一个表面带有特殊纹理的中空球体，主要用于特定的团队运动。它在同类体育用品中以其特殊的材质和设计，特别适合进行高强度的互动和传球。这种球体是中空的，表面设计独特，具有多孔结构，使得它在运动中能够提供良好的空气流动和减震效果。它被广泛用于户外和室内团队运动，因其出色的耐用性和易于操控性而受到运动员的青睐。与其他体育用品相比，这种球体的重量适中，便于携带和搬运，是团队运动中不可或缺的装备。这种球体是中空的，拥有独特的材质和结构，使其在特定的团队运动中表现出色。它的表面设计有助于增加球与手之间的摩擦力，提升控球和传球的精确度。这种球体的重量适中，便于携带和搬运，且在高速运动中展现出良好的稳定性。它的设计既美观又实用，是团队运动中不可或缺的伙伴。玩家3说：它是一个中空的球体，主要用于球类运动。它的表面通常有特定的纹理，这使得它在接触时能提供良好的手感。与其他体育用品相比，它在球类运动中的操控性和适应性尤为突出。这种球体的设计简洁，表面有网孔，适合在室内外多种球类运动中使用。它的弹性适中，不仅美观，还能提供良好的空气流通，减少球体在高速运动中的阻力。这种球体在球类运动中的操控性和适应性非常突出，使得运动员能够轻松地进行各种技术动作。它的重量适中，便于携带和搬运，是团队运动中不可或缺的伙伴。玩家4说：它是一种中空的球体，通常用于各种球类运动。与同类体育用品相比，它具有独特的弹性，这使得操控性更加出色。这种球体的表面设计具有独特的凹凸纹理，有助于增加球与手之间的摩擦力，从而提升控球和传球时的精确度。它的材质轻便，便于携带，且重量适中，适合在多种球类运动中使用。这种球体在高速运动中表现出良好的稳定性，减少因空气阻力造成的球体偏移。它的设计简洁，既美观又实用，是团队运动中不可或缺的伙伴。你是第3号玩家，你的关键词是<篮球>。你的回答中绝对不能包含你的关键词<篮球>。这是第三轮描述，你之前的描述是它是一个中空的球体，主要用于球类运动。它的表面通常有特定的纹理，这使得它在接触时能提供良好的手感。与其他体育用品相比，它在球类运动中的操控性和适应性尤为突出。和这种球体的设计简洁，表面有网孔，适合在室内外多种球类运动中使用。它的弹性适中，不仅美观，还能提供良好的空气流通，减少球体在高速运动中的阻力。这种球体在球类运动中的操控性和适应性非常突出，使得运动员能够轻松地进行各种技术动作。它的重量适中，便于携带和搬运，是团队运动中不可或缺的伙伴。，注意，这局游戏的词语分类为<体育用品>，卧底词和平民词都属于该类，请你补充关于关键词的描述，注意，你的描述应该比起之前的描述更加贴近关键词，作为之前的补充
2024-12-13 11:55:47,858 - 3 - INFO - **********PLAYER3**********
这种球体的设计注重于提供稳定的弹性和良好的手感，它的表面处理使得球体在运动中能够适应不同的天气条件，保持球体的稳定性和准确性。这种球体的尺寸标准，便于在比赛中的传递和捕捉，同时其重量和大小使得它既适合室内运动，也适合户外使用。它的制造工艺注重耐用性，确保了在频繁使用和碰撞后仍能保持良好的性能。此外，这种球体的表面处理能够适应不同天气条件，保持球体在比赛中的稳定性和准确性。
2024-12-13 11:56:38,708 - 3 - INFO - **********JUDGER**********
玩家1说：它是一种圆形的，表面有网孔的球体，通常用于各种球类运动。在体育用品中，它以其独特的弹性和可操控性而脱颖而出。它的设计简洁而高效，主要用于室内外团队比赛，其表面的网孔不仅美观，还能提供良好的空气流通，减少球体在高速运动中的阻力。这种球体的弹性适中，适合各种技术动作的施展，是球类运动中不可或缺的伙伴。这种球体的尺寸标准，便于在比赛中的传递和捕捉，同时其重量和大小使得它既适合室内运动，也适合户外使用。它的制造工艺注重耐用性，确保了在频繁使用和碰撞后仍能保持良好的性能。此外，这种球体的表面处理能够适应不同天气条件，保持球体在比赛中的稳定性和准确性。玩家2说：这是一个表面带有特殊纹理的中空球体，主要用于特定的团队运动。它在同类体育用品中以其特殊的材质和设计，特别适合进行高强度的互动和传球。这种球体是中空的，表面设计独特，具有多孔结构，使得它在运动中能够提供良好的空气流动和减震效果。它被广泛用于户外和室内团队运动，因其出色的耐用性和易于操控性而受到运动员的青睐。与其他体育用品相比，这种球体的重量适中，便于携带和搬运，是团队运动中不可或缺的装备。这种球体是中空的，拥有独特的材质和结构，使其在特定的团队运动中表现出色。它的表面设计有助于增加球与手之间的摩擦力，提升控球和传球的精确度。这种球体的重量适中，便于携带和搬运，且在高速运动中展现出良好的稳定性。它的设计既美观又实用，是团队运动中不可或缺的伙伴。玩家3说：它是一个中空的球体，主要用于球类运动。它的表面通常有特定的纹理，这使得它在接触时能提供良好的手感。与其他体育用品相比，它在球类运动中的操控性和适应性尤为突出。这种球体的设计简洁，表面有网孔，适合在室内外多种球类运动中使用。它的弹性适中，不仅美观，还能提供良好的空气流通，减少球体在高速运动中的阻力。这种球体在球类运动中的操控性和适应性非常突出，使得运动员能够轻松地进行各种技术动作。它的重量适中，便于携带和搬运，是团队运动中不可或缺的伙伴。这种球体的设计注重于提供稳定的弹性和良好的手感，它的表面处理使得球体在运动中能够适应不同的天气条件，保持球体的稳定性和准确性。这种球体的尺寸标准，便于在比赛中的传递和捕捉，同时其重量和大小使得它既适合室内运动，也适合户外使用。它的制造工艺注重耐用性，确保了在频繁使用和碰撞后仍能保持良好的性能。此外，这种球体的表面处理能够适应不同天气条件，保持球体在比赛中的稳定性和准确性。玩家4说：它是一种中空的球体，通常用于各种球类运动。与同类体育用品相比，它具有独特的弹性，这使得操控性更加出色。这种球体的表面设计具有独特的凹凸纹理，有助于增加球与手之间的摩擦力，从而提升控球和传球时的精确度。它的材质轻便，便于携带，且重量适中，适合在多种球类运动中使用。这种球体在高速运动中表现出良好的稳定性，减少因空气阻力造成的球体偏移。它的设计简洁，既美观又实用，是团队运动中不可或缺的伙伴。这种球体的尺寸标准，适合在比赛中进行精确的传递和捕捉。它的重量和大小使得球体既便于在室内场地使用，也能适应户外环境的挑战。球体的表面处理技术确保了球体在不同天气条件下都能保持良好的性能和稳定性。此外，球体的制造工艺注重耐用性，能够在频繁的比赛中保持其结构和性能的完整性。这种球体的设计考虑到了运动员在不同技术动作中的需求，提供了良好的操控性和适应性。||在这个游戏中，我们需要通过分析每位玩家的描述来找出卧底。通常，平民的描述会围绕相同的词语展开，而卧底的描述可能会因为词语的不同而显得不太一致。我们需要仔细比较每个描述之间的相似性和差异性，以找出可能的卧底，注意，卧底并不会隐藏自己，他会直接描述他的词语，现在，逐一分析每个玩家的描述，注意，这局游戏的词语分类为<体育用品>，卧底词和平民词都属于该类。||之前是第3轮描述和之前轮数描述的合集。你之前认为的卧底是玩家2。
2024-12-13 11:56:47,119 - 3 - INFO - **********PLAYER3**********
在第三轮描述中，我们可以看到以下情况：

玩家1的描述与之前相似，强调了球体的网孔设计、弹性和适用性，以及其在室内外团队比赛中的应用。

玩家2的描述与之前相似，提到了球体的特殊纹理、中空结构和适用于特定团队运动，强调了其在高强度互动和传球中的表现。

玩家3的描述与之前相似，强调了球体的网孔设计、弹性和适用性，以及其在室内外多种球类运动中的应用。

玩家4的描述与之前相似，提到了球体的独特弹性、表面凹凸纹理和适用于多种球类运动，强调了其在高速运动中的稳定性和操控性。

从描述的相似性来看，玩家1、玩家3和玩家4的描述都指向了篮球，因为它们共同提到了球体的网孔设计、弹性和适用性，以及其在多种球类运动中的应用。

玩家2的描述虽然也提到了球体的特殊纹理和适用于特定团队运动，但与篮球的描述相比，更强调了球体的中空结构和高强度互动，这与足球的特点更为吻合。

因此，基于描述的相似性和差异性，玩家2的描述仍然与足球更为一致，这表明玩家2可能是卧底。之前的推断仍然成立。
2024-12-13 11:56:47,124 - 3 - INFO - **********JUDGER**********
你刚刚的分析是在第三轮描述中，我们可以看到以下情况：

玩家1的描述与之前相似，强调了球体的网孔设计、弹性和适用性，以及其在室内外团队比赛中的应用。

玩家2的描述与之前相似，提到了球体的特殊纹理、中空结构和适用于特定团队运动，强调了其在高强度互动和传球中的表现。

玩家3的描述与之前相似，强调了球体的网孔设计、弹性和适用性，以及其在室内外多种球类运动中的应用。

玩家4的描述与之前相似，提到了球体的独特弹性、表面凹凸纹理和适用于多种球类运动，强调了其在高速运动中的稳定性和操控性。

从描述的相似性来看，玩家1、玩家3和玩家4的描述都指向了篮球，因为它们共同提到了球体的网孔设计、弹性和适用性，以及其在多种球类运动中的应用。

玩家2的描述虽然也提到了球体的特殊纹理和适用于特定团队运动，但与篮球的描述相比，更强调了球体的中空结构和高强度互动，这与足球的特点更为吻合。

因此，基于描述的相似性和差异性，玩家2的描述仍然与足球更为一致，这表明玩家2可能是卧底。之前的推断仍然成立。|| `请根据上述分析，比较描述以找出不一致之处，注意，这局游戏的词语分类为<体育用品>，卧底词和平民词都属于该类。
2024-12-13 11:56:55,967 - 3 - INFO - **********PLAYER3**********
根据上述分析，不一致之处主要体现在以下几个方面：

1. 玩家1、玩家3和玩家4的描述都强调了球体的网孔设计，而玩家2的描述虽然也提到了球体的表面纹理，但没有明确提到网孔。

2. 玩家1、玩家3和玩家4的描述都提到了球体的弹性和适用性，而玩家2的描述则更侧重于球体的中空结构和适用于高强度互动和传球。

3. 玩家1、玩家3和玩家4的描述都提到了球体适用于室内外多种球类运动，而玩家2的描述则提到了球体适用于特定团队运动，暗示了可能是足球。

4. 玩家2的描述中提到了球体的多孔结构和减震效果，这些特征在篮球的描述中并未出现。

综上所述，玩家2的描述与玩家1、玩家3和玩家4的描述在球体的网孔设计、弹性和适用性、适用范围以及特定特征上存在不一致之处，这可能是由于玩家2的卧底词与篮球不同，而是足球。
2024-12-13 11:56:55,969 - 3 - INFO - **********JUDGER**********
你刚刚的分析是根据上述分析，不一致之处主要体现在以下几个方面：

1. 玩家1、玩家3和玩家4的描述都强调了球体的网孔设计，而玩家2的描述虽然也提到了球体的表面纹理，但没有明确提到网孔。

2. 玩家1、玩家3和玩家4的描述都提到了球体的弹性和适用性，而玩家2的描述则更侧重于球体的中空结构和适用于高强度互动和传球。

3. 玩家1、玩家3和玩家4的描述都提到了球体适用于室内外多种球类运动，而玩家2的描述则提到了球体适用于特定团队运动，暗示了可能是足球。

4. 玩家2的描述中提到了球体的多孔结构和减震效果，这些特征在篮球的描述中并未出现。

综上所述，玩家2的描述与玩家1、玩家3和玩家4的描述在球体的网孔设计、弹性和适用性、适用范围以及特定特征上存在不一致之处，这可能是由于玩家2的卧底词与篮球不同，而是足球。|| 请通过你分析的不一致之处，推断卧底身份，注意，这局游戏的词语分类为<体育用品>，卧底词和平民词都属于该类。
2024-12-13 11:57:00,826 - 3 - INFO - **********PLAYER3**********
基于上述分析的不一致之处，我推断卧底身份为玩家2。玩家2的描述中提到的“特定团队运动”、“高强度互动和传球”、“多孔结构”和“减震效果”等特征与篮球的典型描述不吻合，更符合足球的特征。因此，玩家2可能是持有足球这个不同词语的卧底。
2024-12-13 11:57:00,828 - 3 - INFO - **********JUDGER**********
你刚刚的推断是基于上述分析的不一致之处，我推断卧底身份为玩家2。玩家2的描述中提到的“特定团队运动”、“高强度互动和传球”、“多孔结构”和“减震效果”等特征与篮球的典型描述不吻合，更符合足球的特征。因此，玩家2可能是持有足球这个不同词语的卧底。|| 基于你刚刚的推断得出你的最终结论，请输出你认为的卧底，在这种情况下只需要输出编号，是1-4中的某个数字，不要输出其他信息。在这个过程不要进行任何推理，只对||以前的部分进行信息提取
2024-12-13 11:57:02,139 - 3 - INFO - **********PLAYER3**********
2
