2024-12-13 11:52:01,839 - 4 - INFO - **********JUDGER**********
让我们来玩一个叫做<谁是卧底>的推理游戏。基本规则：<人数>：4人。<角色分配>：每位玩家随机抽取一个词语，3名玩家拿到的词语是相同的（平民词），1名玩家拿到与之相近但不同的词语（卧底词）。<游戏流程>：1、玩家轮流描述自己的词语，但<不能>直接说出词语本身。2、描述完毕后，投票选出最像卧底的玩家。3、每轮结束后，被投票选出的玩家出局，不能再进行描述或投票。4、每轮投票结束后，如果卧底被成功找出，平民方获胜；如果卧底未被找出且卧底人数等于或超过平民人数，则卧底方获胜。你将扮演一个<玩家>，请等待你被分配到的关键词。如果你听懂了，只回答，"好的，我准备好参加游戏了"，不要输出别的信息
2024-12-13 11:52:02,933 - 4 - INFO - **********PLAYER4**********
好的，我准备好参加游戏了
2024-12-13 11:52:08,373 - 4 - INFO - **********JUDGER**********
玩家1说：它是一种圆形的，表面有网孔的球体，通常用于各种球类运动。在体育用品中，它以其独特的弹性和可操控性而脱颖而出。玩家2说：这是一个表面带有特殊纹理的中空球体，主要用于特定的团队运动。它在同类体育用品中以其特殊的材质和设计，特别适合进行高强度的互动和传球。玩家3说：它是一个中空的球体，主要用于球类运动。它的表面通常有特定的纹理，这使得它在接触时能提供良好的手感。与其他体育用品相比，它在球类运动中的操控性和适应性尤为突出。玩家4说：|| 你是第4号玩家，你的关键词是<篮球>。你的回答中绝对不能包含你的关键词<篮球>。这是第一轮描述，不需要分析||之前别的玩家的描述，请你描述关键词基本特征，注意，这局游戏的词语分类为<体育用品>，卧底词和平民词都属于该类，描述包括以下两点，1.他的基本特征是什么2.他在该类（体育用品）中最突出不同的特征是什么，尽量简短
2024-12-13 11:52:09,785 - 4 - INFO - **********PLAYER4**********
它是一种中空的球体，通常用于各种球类运动。与同类体育用品相比，它具有独特的弹性，这使得操控性更加出色。
2024-12-13 11:53:04,991 - 4 - INFO - **********JUDGER**********
玩家1说：它是一种圆形的，表面有网孔的球体，通常用于各种球类运动。在体育用品中，它以其独特的弹性和可操控性而脱颖而出。玩家2说：这是一个表面带有特殊纹理的中空球体，主要用于特定的团队运动。它在同类体育用品中以其特殊的材质和设计，特别适合进行高强度的互动和传球。玩家3说：它是一个中空的球体，主要用于球类运动。它的表面通常有特定的纹理，这使得它在接触时能提供良好的手感。与其他体育用品相比，它在球类运动中的操控性和适应性尤为突出。玩家4说：||在这个游戏中，我们需要通过分析每位玩家的描述来找出卧底。通常，平民的描述会围绕相同的词语展开，而卧底的描述可能会因为词语的不同而显得不太一致。我们需要仔细比较每个描述之间的相似性和差异性，以找出可能的卧底，注意，卧底并不会隐藏自己，他会直接描述他的词语，现在，逐一分析每个玩家的描述，注意，这局游戏的词语分类为<体育用品>，卧底词和平民词都属于该类。这是第一轮描述。
2024-12-13 11:53:13,839 - 4 - INFO - **********PLAYER4**********
根据玩家的描述，我们可以分析如下：

玩家1的描述提到了“圆形的，表面有网孔的球体”，这听起来像是篮球或者足球等球类运动中使用的球。他强调了弹性和可操控性，这通常是篮球或足球等球的共同特征。

玩家2的描述中提到“表面带有特殊纹理的中空球体”，并指出主要用于特定的团队运动，以及适合高强度的互动和传球。这些特征更像是篮球的特征，因为篮球在团队运动中特别强调传球和互动。

玩家3的描述与玩家1和玩家2相似，也提到了中空球体和特定的纹理，以及球类运动和操控性。这与篮球的描述相符。

玩家4的描述没有提供具体信息，只是提醒我们要通过分析找出卧底。

从描述中，玩家1、玩家2和玩家3的描述都与篮球的特征相符，而玩家4没有提供具体的描述。因此，如果篮球是平民词，那么玩家4可能是卧底，因为他没有给出具体的描述。如果篮球是卧底词，那么玩家4可能是平民，因为他没有直接提到关键词。不过，由于篮球通常与特定的团队运动和高强度互动联系在一起，玩家4的描述如果确实是篮球，那么他的描述应该也会包含这些特征。因此，我们需要更多的信息或者后续的描述来进一步确定玩家4的身份。
2024-12-13 11:53:13,846 - 4 - INFO - **********JUDGER**********
你刚刚的分析是根据玩家的描述，我们可以分析如下：

玩家1的描述提到了“圆形的，表面有网孔的球体”，这听起来像是篮球或者足球等球类运动中使用的球。他强调了弹性和可操控性，这通常是篮球或足球等球的共同特征。

玩家2的描述中提到“表面带有特殊纹理的中空球体”，并指出主要用于特定的团队运动，以及适合高强度的互动和传球。这些特征更像是篮球的特征，因为篮球在团队运动中特别强调传球和互动。

玩家3的描述与玩家1和玩家2相似，也提到了中空球体和特定的纹理，以及球类运动和操控性。这与篮球的描述相符。

玩家4的描述没有提供具体信息，只是提醒我们要通过分析找出卧底。

从描述中，玩家1、玩家2和玩家3的描述都与篮球的特征相符，而玩家4没有提供具体的描述。因此，如果篮球是平民词，那么玩家4可能是卧底，因为他没有给出具体的描述。如果篮球是卧底词，那么玩家4可能是平民，因为他没有直接提到关键词。不过，由于篮球通常与特定的团队运动和高强度互动联系在一起，玩家4的描述如果确实是篮球，那么他的描述应该也会包含这些特征。因此，我们需要更多的信息或者后续的描述来进一步确定玩家4的身份。|| `请根据上述分析，比较描述以找出不一致之处，注意，这局游戏的词语分类为<体育用品>，卧底词和平民词都属于该类。
2024-12-13 11:53:26,408 - 4 - INFO - **********PLAYER4**********
根据上述分析，我们可以比较描述中的一致性和不一致性如下：

一致性：
- 玩家1、玩家2和玩家3的描述都提到了“圆形的球体”，这表明他们可能使用的词语都是球类。
- 三位玩家的描述都提到了球体的“中空”特征。
- 他们都提到了球体表面的“纹理”，这可能是指球表面的设计，以增加摩擦或影响球的操控性。
- 他们都强调了球在球类运动中的“操控性”和“适应性”。

不一致性：
- 玩家1提到了球体的“网孔”，这是一个独特的特征，通常不用于篮球或足球，而是像排球这样的球类。
- 玩家2特别提到了球体用于“特定的团队运动”和“高强度的互动和传球”，这听起来更像篮球的描述，而不是足球。
- 玩家3的描述与玩家1和玩家2的描述非常相似，没有明显的不同点。

结论：
- 如果篮球是平民词，那么玩家4的描述缺乏具体信息，这可能会引起怀疑，因为他没有提供与篮球相关的具体特征。
- 如果篮球是卧底词，那么玩家4的描述可能是基于篮球的常见特征，但没有直接提到“篮球”这个词，这可能会让他看起来像是一个平民。
- 网孔这一特征是玩家1描述中唯一的不一致点，这可能表明玩家1的词语与篮球不同，或者他可能是卧底。
- 玩家2和玩家3的描述与篮球的特征非常吻合，这增加了他们作为平民的可能性。

因此，根据这些不一致之处，玩家1和玩家4可能是卧底，而玩家2和玩家3可能是平民。然而，最终需要更多的描述或者投票来确定卧底的身份。
2024-12-13 11:53:26,411 - 4 - INFO - **********JUDGER**********
你刚刚的分析是根据上述分析，我们可以比较描述中的一致性和不一致性如下：

一致性：
- 玩家1、玩家2和玩家3的描述都提到了“圆形的球体”，这表明他们可能使用的词语都是球类。
- 三位玩家的描述都提到了球体的“中空”特征。
- 他们都提到了球体表面的“纹理”，这可能是指球表面的设计，以增加摩擦或影响球的操控性。
- 他们都强调了球在球类运动中的“操控性”和“适应性”。

不一致性：
- 玩家1提到了球体的“网孔”，这是一个独特的特征，通常不用于篮球或足球，而是像排球这样的球类。
- 玩家2特别提到了球体用于“特定的团队运动”和“高强度的互动和传球”，这听起来更像篮球的描述，而不是足球。
- 玩家3的描述与玩家1和玩家2的描述非常相似，没有明显的不同点。

结论：
- 如果篮球是平民词，那么玩家4的描述缺乏具体信息，这可能会引起怀疑，因为他没有提供与篮球相关的具体特征。
- 如果篮球是卧底词，那么玩家4的描述可能是基于篮球的常见特征，但没有直接提到“篮球”这个词，这可能会让他看起来像是一个平民。
- 网孔这一特征是玩家1描述中唯一的不一致点，这可能表明玩家1的词语与篮球不同，或者他可能是卧底。
- 玩家2和玩家3的描述与篮球的特征非常吻合，这增加了他们作为平民的可能性。

因此，根据这些不一致之处，玩家1和玩家4可能是卧底，而玩家2和玩家3可能是平民。然而，最终需要更多的描述或者投票来确定卧底的身份。|| 请通过你分析的不一致之处，推断卧底身份，注意，这局游戏的词语分类为<体育用品>，卧底词和平民词都属于该类。
2024-12-13 11:53:39,853 - 4 - INFO - **********PLAYER4**********
基于分析中提到的不一致之处，我们可以进行以下推断：

1. 玩家1的描述中提到了“网孔”，这是一个与篮球或足球等常见球类运动不符的特征。通常，篮球和足球都是实心或无缝的球体，不会设计有网孔。因此，玩家1的描述可能是基于一个与篮球或足球不同的球类，或者他可能是卧底。

2. 玩家2和玩家3的描述非常相似，并且强调了球体的中空、纹理、操控性和适应性，这些都是篮球的典型特征。他们的描述没有提到任何与篮球不符的独特特征。

3. 玩家4的描述缺乏具体信息，没有提供任何独特或具体的特征，这使得他可能是卧底，因为他没有明确地指向篮球的特征。

考虑到这些信息，以下是一些可能的推断：

- 如果篮球是平民词，那么玩家1可能是卧底，因为他的描述包含了“网孔”，这是一个不常见于篮球的特征。
- 如果篮球是卧底词，那么玩家1的描述中的“网孔”可能是他为了混淆视听而故意加入的，以掩盖他实际上是卧底的事实。
- 玩家4的描述模糊不清，可能是一个中立角色，也可能是卧底，因为他没有提供任何可以确定他身份的特征。
- 玩家2和玩家3的描述非常一致，且与篮球的特征相符，因此他们更有可能是平民。

综上所述，玩家1可能是卧底，因为他的描述中包含了与篮球不符的独特特征。然而，最终的卧底身份还需要通过后续的描述和投票来确定。
2024-12-13 11:53:39,857 - 4 - INFO - **********JUDGER**********
你刚刚的推断是基于分析中提到的不一致之处，我们可以进行以下推断：

1. 玩家1的描述中提到了“网孔”，这是一个与篮球或足球等常见球类运动不符的特征。通常，篮球和足球都是实心或无缝的球体，不会设计有网孔。因此，玩家1的描述可能是基于一个与篮球或足球不同的球类，或者他可能是卧底。

2. 玩家2和玩家3的描述非常相似，并且强调了球体的中空、纹理、操控性和适应性，这些都是篮球的典型特征。他们的描述没有提到任何与篮球不符的独特特征。

3. 玩家4的描述缺乏具体信息，没有提供任何独特或具体的特征，这使得他可能是卧底，因为他没有明确地指向篮球的特征。

考虑到这些信息，以下是一些可能的推断：

- 如果篮球是平民词，那么玩家1可能是卧底，因为他的描述包含了“网孔”，这是一个不常见于篮球的特征。
- 如果篮球是卧底词，那么玩家1的描述中的“网孔”可能是他为了混淆视听而故意加入的，以掩盖他实际上是卧底的事实。
- 玩家4的描述模糊不清，可能是一个中立角色，也可能是卧底，因为他没有提供任何可以确定他身份的特征。
- 玩家2和玩家3的描述非常一致，且与篮球的特征相符，因此他们更有可能是平民。

综上所述，玩家1可能是卧底，因为他的描述中包含了与篮球不符的独特特征。然而，最终的卧底身份还需要通过后续的描述和投票来确定。|| 基于你刚刚的推断得出你的最终结论，请输出你认为的卧底，在这种情况下只需要输出编号，是1-4中的某个数字，不要输出其他信息。在这个过程不要进行任何推理，只对||以前的部分进行信息提取
2024-12-13 11:53:40,880 - 4 - INFO - **********PLAYER4**********
1
2024-12-13 11:53:50,822 - 4 - INFO - **********JUDGER**********
玩家1说：它是一种圆形的，表面有网孔的球体，通常用于各种球类运动。在体育用品中，它以其独特的弹性和可操控性而脱颖而出。它的设计简洁而高效，主要用于室内外团队比赛，其表面的网孔不仅美观，还能提供良好的空气流通，减少球体在高速运动中的阻力。这种球体的弹性适中，适合各种技术动作的施展，是球类运动中不可或缺的伙伴。玩家2说：这是一个表面带有特殊纹理的中空球体，主要用于特定的团队运动。它在同类体育用品中以其特殊的材质和设计，特别适合进行高强度的互动和传球。这种球体是中空的，表面设计独特，具有多孔结构，使得它在运动中能够提供良好的空气流动和减震效果。它被广泛用于户外和室内团队运动，因其出色的耐用性和易于操控性而受到运动员的青睐。与其他体育用品相比，这种球体的重量适中，便于携带和搬运，是团队运动中不可或缺的装备。玩家3说：它是一个中空的球体，主要用于球类运动。它的表面通常有特定的纹理，这使得它在接触时能提供良好的手感。与其他体育用品相比，它在球类运动中的操控性和适应性尤为突出。这种球体的设计简洁，表面有网孔，适合在室内外多种球类运动中使用。它的弹性适中，不仅美观，还能提供良好的空气流通，减少球体在高速运动中的阻力。这种球体在球类运动中的操控性和适应性非常突出，使得运动员能够轻松地进行各种技术动作。它的重量适中，便于携带和搬运，是团队运动中不可或缺的伙伴。玩家4说：它是一种中空的球体，通常用于各种球类运动。与同类体育用品相比，它具有独特的弹性，这使得操控性更加出色。你是第4号玩家，你的关键词是<篮球>。你的回答中绝对不能包含你的关键词<篮球>。这是第二轮描述，你之前的描述是它是一种中空的球体，通常用于各种球类运动。与同类体育用品相比，它具有独特的弹性，这使得操控性更加出色。，注意，这局游戏的词语分类为<体育用品>，卧底词和平民词都属于该类，请你补充关于关键词的描述，注意，你的描述应该比起之前的描述更加贴近关键词，作为之前的补充
2024-12-13 11:53:55,166 - 4 - INFO - **********PLAYER4**********
这种球体的表面设计具有独特的凹凸纹理，有助于增加球与手之间的摩擦力，从而提升控球和传球时的精确度。它的材质轻便，便于携带，且重量适中，适合在多种球类运动中使用。这种球体在高速运动中表现出良好的稳定性，减少因空气阻力造成的球体偏移。它的设计简洁，既美观又实用，是团队运动中不可或缺的伙伴。
2024-12-13 11:55:07,988 - 4 - INFO - **********JUDGER**********
玩家1说：它是一种圆形的，表面有网孔的球体，通常用于各种球类运动。在体育用品中，它以其独特的弹性和可操控性而脱颖而出。它的设计简洁而高效，主要用于室内外团队比赛，其表面的网孔不仅美观，还能提供良好的空气流通，减少球体在高速运动中的阻力。这种球体的弹性适中，适合各种技术动作的施展，是球类运动中不可或缺的伙伴。玩家2说：这是一个表面带有特殊纹理的中空球体，主要用于特定的团队运动。它在同类体育用品中以其特殊的材质和设计，特别适合进行高强度的互动和传球。这种球体是中空的，表面设计独特，具有多孔结构，使得它在运动中能够提供良好的空气流动和减震效果。它被广泛用于户外和室内团队运动，因其出色的耐用性和易于操控性而受到运动员的青睐。与其他体育用品相比，这种球体的重量适中，便于携带和搬运，是团队运动中不可或缺的装备。玩家3说：它是一个中空的球体，主要用于球类运动。它的表面通常有特定的纹理，这使得它在接触时能提供良好的手感。与其他体育用品相比，它在球类运动中的操控性和适应性尤为突出。这种球体的设计简洁，表面有网孔，适合在室内外多种球类运动中使用。它的弹性适中，不仅美观，还能提供良好的空气流通，减少球体在高速运动中的阻力。这种球体在球类运动中的操控性和适应性非常突出，使得运动员能够轻松地进行各种技术动作。它的重量适中，便于携带和搬运，是团队运动中不可或缺的伙伴。玩家4说：它是一种中空的球体，通常用于各种球类运动。与同类体育用品相比，它具有独特的弹性，这使得操控性更加出色。||在这个游戏中，我们需要通过分析每位玩家的描述来找出卧底。通常，平民的描述会围绕相同的词语展开，而卧底的描述可能会因为词语的不同而显得不太一致。我们需要仔细比较每个描述之间的相似性和差异性，以找出可能的卧底，注意，卧底并不会隐藏自己，他会直接描述他的词语，现在，逐一分析每个玩家的描述，注意，这局游戏的词语分类为<体育用品>，卧底词和平民词都属于该类。||之前是第2轮描述和之前轮数描述的合集。你之前认为的卧底是玩家1。
2024-12-13 11:55:16,107 - 4 - INFO - **********PLAYER4**********
根据第二轮描述和之前的分析，我们可以重新审视每位玩家的描述：

玩家1的描述中提到了“表面有网孔的球体”，这与他之前的描述相符，强调了球体的弹性和可操控性，以及其在室内外团队比赛中的应用。

玩家2的描述中提到了“表面带有特殊纹理的中空球体”，这与篮球的描述相符，但也提到了“多孔结构”和“减震效果”，这些特征在篮球中并不常见。

玩家3的描述与玩家1和玩家2的描述相似，提到了球体的中空、纹理、操控性和适应性，以及网孔和弹性，但没有提到特殊纹理或减震效果。

玩家4的描述中提到了“中空的球体”和“独特的弹性”，这与篮球的描述相符，但没有提到网孔或其他特殊特征。

现在，如果之前的推断是玩家1可能是卧底，那么我们需要考虑以下新的信息：

- 玩家1和玩家3的描述在强调球体的弹性和可操控性方面非常相似，这可能表明他们有相同的平民词。
- 玩家2的描述中提到了一些与篮球不同的特征，如“多孔结构”和“减震效果”，这可能表明他可能有不同的平民词。
- 玩家4的描述与篮球的描述相符，但没有提供任何额外的信息来支持或反驳他作为平民的可能性。

基于这些新的信息，如果之前的推断是玩家1是卧底，那么玩家2或玩家4可能是新的嫌疑人，因为他们提供了与篮球描述相似的特征，但没有完全匹配玩家1的描述。然而，如果没有更多的信息来明确区分他们，我们无法确定谁是卧底。

因此，基于当前的描述，我无法确定谁是卧底。我们需要更多的信息或者后续的描述和投票来解决这个问题。
2024-12-13 11:55:16,109 - 4 - INFO - **********JUDGER**********
你刚刚的分析是根据第二轮描述和之前的分析，我们可以重新审视每位玩家的描述：

玩家1的描述中提到了“表面有网孔的球体”，这与他之前的描述相符，强调了球体的弹性和可操控性，以及其在室内外团队比赛中的应用。

玩家2的描述中提到了“表面带有特殊纹理的中空球体”，这与篮球的描述相符，但也提到了“多孔结构”和“减震效果”，这些特征在篮球中并不常见。

玩家3的描述与玩家1和玩家2的描述相似，提到了球体的中空、纹理、操控性和适应性，以及网孔和弹性，但没有提到特殊纹理或减震效果。

玩家4的描述中提到了“中空的球体”和“独特的弹性”，这与篮球的描述相符，但没有提到网孔或其他特殊特征。

现在，如果之前的推断是玩家1可能是卧底，那么我们需要考虑以下新的信息：

- 玩家1和玩家3的描述在强调球体的弹性和可操控性方面非常相似，这可能表明他们有相同的平民词。
- 玩家2的描述中提到了一些与篮球不同的特征，如“多孔结构”和“减震效果”，这可能表明他可能有不同的平民词。
- 玩家4的描述与篮球的描述相符，但没有提供任何额外的信息来支持或反驳他作为平民的可能性。

基于这些新的信息，如果之前的推断是玩家1是卧底，那么玩家2或玩家4可能是新的嫌疑人，因为他们提供了与篮球描述相似的特征，但没有完全匹配玩家1的描述。然而，如果没有更多的信息来明确区分他们，我们无法确定谁是卧底。

因此，基于当前的描述，我无法确定谁是卧底。我们需要更多的信息或者后续的描述和投票来解决这个问题。|| `请根据上述分析，比较描述以找出不一致之处，注意，这局游戏的词语分类为<体育用品>，卧底词和平民词都属于该类。
2024-12-13 11:55:27,927 - 4 - INFO - **********PLAYER4**********
根据上述分析，我们可以比较描述中的一致性和不一致性如下：

一致性：
- 玩家1、玩家3和玩家4的描述都提到了球体是“中空的”，这表明他们可能使用的词语都是中空的球类。
- 三位玩家的描述都强调了球体在球类运动中的“操控性”和“适应性”。
- 他们都提到了球体的“弹性”，这是球类运动中球体的一个重要特征。
- 玩家1和玩家3的描述都提到了球体的“网孔”，而玩家4没有提到这一特征。

不一致性：
- 玩家2的描述中提到了球体“表面带有特殊纹理”和“多孔结构”，这与篮球的描述相符，但没有提到网孔。
- 玩家2还提到了球体适合“高强度的互动和传球”以及“出色的耐用性和易于操控性”，这些特征在篮球中也很常见，但没有在玩家1、玩家3和玩家4的描述中特别强调。
- 玩家4的描述中没有提到球体的网孔，而玩家1和玩家3都提到了这一点。

结论：
- 玩家1和玩家3的描述在强调球体的弹性和可操控性方面非常相似，这可能表明他们有相同的平民词。
- 玩家2的描述中提到了一些特征，如特殊纹理和多孔结构，这些特征在篮球中并不常见，这可能导致他认为自己可能是卧底。
- 玩家4的描述与篮球的描述相符，但没有提到网孔这一特征，这可能与篮球的描述不完全一致。

基于这些不一致之处，玩家2和玩家4可能是卧底，因为他们提供了与篮球描述相似的特征，但没有完全匹配玩家1和玩家3的描述。然而，最终需要更多的描述或者投票来确定卧底的身份。
2024-12-13 11:55:27,928 - 4 - INFO - **********JUDGER**********
你刚刚的分析是根据上述分析，我们可以比较描述中的一致性和不一致性如下：

一致性：
- 玩家1、玩家3和玩家4的描述都提到了球体是“中空的”，这表明他们可能使用的词语都是中空的球类。
- 三位玩家的描述都强调了球体在球类运动中的“操控性”和“适应性”。
- 他们都提到了球体的“弹性”，这是球类运动中球体的一个重要特征。
- 玩家1和玩家3的描述都提到了球体的“网孔”，而玩家4没有提到这一特征。

不一致性：
- 玩家2的描述中提到了球体“表面带有特殊纹理”和“多孔结构”，这与篮球的描述相符，但没有提到网孔。
- 玩家2还提到了球体适合“高强度的互动和传球”以及“出色的耐用性和易于操控性”，这些特征在篮球中也很常见，但没有在玩家1、玩家3和玩家4的描述中特别强调。
- 玩家4的描述中没有提到球体的网孔，而玩家1和玩家3都提到了这一点。

结论：
- 玩家1和玩家3的描述在强调球体的弹性和可操控性方面非常相似，这可能表明他们有相同的平民词。
- 玩家2的描述中提到了一些特征，如特殊纹理和多孔结构，这些特征在篮球中并不常见，这可能导致他认为自己可能是卧底。
- 玩家4的描述与篮球的描述相符，但没有提到网孔这一特征，这可能与篮球的描述不完全一致。

基于这些不一致之处，玩家2和玩家4可能是卧底，因为他们提供了与篮球描述相似的特征，但没有完全匹配玩家1和玩家3的描述。然而，最终需要更多的描述或者投票来确定卧底的身份。|| 请通过你分析的不一致之处，推断卧底身份，注意，这局游戏的词语分类为<体育用品>，卧底词和平民词都属于该类。
2024-12-13 11:55:32,911 - 4 - INFO - **********PLAYER4**********
基于分析中提到的不一致之处，以下是我的推断：

- 玩家1和玩家3的描述都提到了“网孔”，而玩家4没有提到这一点。在篮球的描述中，通常不会特别强调网孔这一特征，因此玩家4的描述可能更加贴近篮球的常见特征。
- 玩家2的描述中提到了“特殊纹理”和“多孔结构”，这些特征在篮球中并不常见，这可能与篮球的描述不完全一致。

因此，根据这些不一致之处，玩家2可能是卧底，因为他描述的特征与篮球的常见描述不太吻合。而玩家4的描述虽然没有提到网孔，但其他特征与篮球相符，所以玩家4更可能是平民。玩家1和玩家3的描述相似，且与篮球的描述相符，因此他们更可能是平民。

推断结果：玩家2可能是卧底。
2024-12-13 11:55:32,914 - 4 - INFO - **********JUDGER**********
你刚刚的推断是基于分析中提到的不一致之处，以下是我的推断：

- 玩家1和玩家3的描述都提到了“网孔”，而玩家4没有提到这一点。在篮球的描述中，通常不会特别强调网孔这一特征，因此玩家4的描述可能更加贴近篮球的常见特征。
- 玩家2的描述中提到了“特殊纹理”和“多孔结构”，这些特征在篮球中并不常见，这可能与篮球的描述不完全一致。

因此，根据这些不一致之处，玩家2可能是卧底，因为他描述的特征与篮球的常见描述不太吻合。而玩家4的描述虽然没有提到网孔，但其他特征与篮球相符，所以玩家4更可能是平民。玩家1和玩家3的描述相似，且与篮球的描述相符，因此他们更可能是平民。

推断结果：玩家2可能是卧底。|| 基于你刚刚的推断得出你的最终结论，请输出你认为的卧底，在这种情况下只需要输出编号，是1-4中的某个数字，不要输出其他信息。在这个过程不要进行任何推理，只对||以前的部分进行信息提取
2024-12-13 11:55:34,058 - 4 - INFO - **********PLAYER4**********
2
2024-12-13 11:55:47,859 - 4 - INFO - **********JUDGER**********
玩家1说：它是一种圆形的，表面有网孔的球体，通常用于各种球类运动。在体育用品中，它以其独特的弹性和可操控性而脱颖而出。它的设计简洁而高效，主要用于室内外团队比赛，其表面的网孔不仅美观，还能提供良好的空气流通，减少球体在高速运动中的阻力。这种球体的弹性适中，适合各种技术动作的施展，是球类运动中不可或缺的伙伴。这种球体的尺寸标准，便于在比赛中的传递和捕捉，同时其重量和大小使得它既适合室内运动，也适合户外使用。它的制造工艺注重耐用性，确保了在频繁使用和碰撞后仍能保持良好的性能。此外，这种球体的表面处理能够适应不同天气条件，保持球体在比赛中的稳定性和准确性。玩家2说：这是一个表面带有特殊纹理的中空球体，主要用于特定的团队运动。它在同类体育用品中以其特殊的材质和设计，特别适合进行高强度的互动和传球。这种球体是中空的，表面设计独特，具有多孔结构，使得它在运动中能够提供良好的空气流动和减震效果。它被广泛用于户外和室内团队运动，因其出色的耐用性和易于操控性而受到运动员的青睐。与其他体育用品相比，这种球体的重量适中，便于携带和搬运，是团队运动中不可或缺的装备。这种球体是中空的，拥有独特的材质和结构，使其在特定的团队运动中表现出色。它的表面设计有助于增加球与手之间的摩擦力，提升控球和传球的精确度。这种球体的重量适中，便于携带和搬运，且在高速运动中展现出良好的稳定性。它的设计既美观又实用，是团队运动中不可或缺的伙伴。玩家3说：它是一个中空的球体，主要用于球类运动。它的表面通常有特定的纹理，这使得它在接触时能提供良好的手感。与其他体育用品相比，它在球类运动中的操控性和适应性尤为突出。这种球体的设计简洁，表面有网孔，适合在室内外多种球类运动中使用。它的弹性适中，不仅美观，还能提供良好的空气流通，减少球体在高速运动中的阻力。这种球体在球类运动中的操控性和适应性非常突出，使得运动员能够轻松地进行各种技术动作。它的重量适中，便于携带和搬运，是团队运动中不可或缺的伙伴。这种球体的设计注重于提供稳定的弹性和良好的手感，它的表面处理使得球体在运动中能够适应不同的天气条件，保持球体的稳定性和准确性。这种球体的尺寸标准，便于在比赛中的传递和捕捉，同时其重量和大小使得它既适合室内运动，也适合户外使用。它的制造工艺注重耐用性，确保了在频繁使用和碰撞后仍能保持良好的性能。此外，这种球体的表面处理能够适应不同天气条件，保持球体在比赛中的稳定性和准确性。玩家4说：它是一种中空的球体，通常用于各种球类运动。与同类体育用品相比，它具有独特的弹性，这使得操控性更加出色。这种球体的表面设计具有独特的凹凸纹理，有助于增加球与手之间的摩擦力，从而提升控球和传球时的精确度。它的材质轻便，便于携带，且重量适中，适合在多种球类运动中使用。这种球体在高速运动中表现出良好的稳定性，减少因空气阻力造成的球体偏移。它的设计简洁，既美观又实用，是团队运动中不可或缺的伙伴。你是第4号玩家，你的关键词是<篮球>。你的回答中绝对不能包含你的关键词<篮球>。这是第三轮描述，你之前的描述是它是一种中空的球体，通常用于各种球类运动。与同类体育用品相比，它具有独特的弹性，这使得操控性更加出色。和这种球体的表面设计具有独特的凹凸纹理，有助于增加球与手之间的摩擦力，从而提升控球和传球时的精确度。它的材质轻便，便于携带，且重量适中，适合在多种球类运动中使用。这种球体在高速运动中表现出良好的稳定性，减少因空气阻力造成的球体偏移。它的设计简洁，既美观又实用，是团队运动中不可或缺的伙伴。，注意，这局游戏的词语分类为<体育用品>，卧底词和平民词都属于该类，请你补充关于关键词的描述，注意，你的描述应该比起之前的描述更加贴近关键词，作为之前的补充
2024-12-13 11:55:51,879 - 4 - INFO - **********PLAYER4**********
这种球体的尺寸标准，适合在比赛中进行精确的传递和捕捉。它的重量和大小使得球体既便于在室内场地使用，也能适应户外环境的挑战。球体的表面处理技术确保了球体在不同天气条件下都能保持良好的性能和稳定性。此外，球体的制造工艺注重耐用性，能够在频繁的比赛中保持其结构和性能的完整性。这种球体的设计考虑到了运动员在不同技术动作中的需求，提供了良好的操控性和适应性。
2024-12-13 11:57:02,140 - 4 - INFO - **********JUDGER**********
玩家1说：它是一种圆形的，表面有网孔的球体，通常用于各种球类运动。在体育用品中，它以其独特的弹性和可操控性而脱颖而出。它的设计简洁而高效，主要用于室内外团队比赛，其表面的网孔不仅美观，还能提供良好的空气流通，减少球体在高速运动中的阻力。这种球体的弹性适中，适合各种技术动作的施展，是球类运动中不可或缺的伙伴。这种球体的尺寸标准，便于在比赛中的传递和捕捉，同时其重量和大小使得它既适合室内运动，也适合户外使用。它的制造工艺注重耐用性，确保了在频繁使用和碰撞后仍能保持良好的性能。此外，这种球体的表面处理能够适应不同天气条件，保持球体在比赛中的稳定性和准确性。玩家2说：这是一个表面带有特殊纹理的中空球体，主要用于特定的团队运动。它在同类体育用品中以其特殊的材质和设计，特别适合进行高强度的互动和传球。这种球体是中空的，表面设计独特，具有多孔结构，使得它在运动中能够提供良好的空气流动和减震效果。它被广泛用于户外和室内团队运动，因其出色的耐用性和易于操控性而受到运动员的青睐。与其他体育用品相比，这种球体的重量适中，便于携带和搬运，是团队运动中不可或缺的装备。这种球体是中空的，拥有独特的材质和结构，使其在特定的团队运动中表现出色。它的表面设计有助于增加球与手之间的摩擦力，提升控球和传球的精确度。这种球体的重量适中，便于携带和搬运，且在高速运动中展现出良好的稳定性。它的设计既美观又实用，是团队运动中不可或缺的伙伴。玩家3说：它是一个中空的球体，主要用于球类运动。它的表面通常有特定的纹理，这使得它在接触时能提供良好的手感。与其他体育用品相比，它在球类运动中的操控性和适应性尤为突出。这种球体的设计简洁，表面有网孔，适合在室内外多种球类运动中使用。它的弹性适中，不仅美观，还能提供良好的空气流通，减少球体在高速运动中的阻力。这种球体在球类运动中的操控性和适应性非常突出，使得运动员能够轻松地进行各种技术动作。它的重量适中，便于携带和搬运，是团队运动中不可或缺的伙伴。这种球体的设计注重于提供稳定的弹性和良好的手感，它的表面处理使得球体在运动中能够适应不同的天气条件，保持球体的稳定性和准确性。这种球体的尺寸标准，便于在比赛中的传递和捕捉，同时其重量和大小使得它既适合室内运动，也适合户外使用。它的制造工艺注重耐用性，确保了在频繁使用和碰撞后仍能保持良好的性能。此外，这种球体的表面处理能够适应不同天气条件，保持球体在比赛中的稳定性和准确性。玩家4说：它是一种中空的球体，通常用于各种球类运动。与同类体育用品相比，它具有独特的弹性，这使得操控性更加出色。这种球体的表面设计具有独特的凹凸纹理，有助于增加球与手之间的摩擦力，从而提升控球和传球时的精确度。它的材质轻便，便于携带，且重量适中，适合在多种球类运动中使用。这种球体在高速运动中表现出良好的稳定性，减少因空气阻力造成的球体偏移。它的设计简洁，既美观又实用，是团队运动中不可或缺的伙伴。这种球体的尺寸标准，适合在比赛中进行精确的传递和捕捉。它的重量和大小使得球体既便于在室内场地使用，也能适应户外环境的挑战。球体的表面处理技术确保了球体在不同天气条件下都能保持良好的性能和稳定性。此外，球体的制造工艺注重耐用性，能够在频繁的比赛中保持其结构和性能的完整性。这种球体的设计考虑到了运动员在不同技术动作中的需求，提供了良好的操控性和适应性。||在这个游戏中，我们需要通过分析每位玩家的描述来找出卧底。通常，平民的描述会围绕相同的词语展开，而卧底的描述可能会因为词语的不同而显得不太一致。我们需要仔细比较每个描述之间的相似性和差异性，以找出可能的卧底，注意，卧底并不会隐藏自己，他会直接描述他的词语，现在，逐一分析每个玩家的描述，注意，这局游戏的词语分类为<体育用品>，卧底词和平民词都属于该类。||之前是第3轮描述和之前轮数描述的合集。你之前认为的卧底是玩家2。
2024-12-13 11:57:13,117 - 4 - INFO - **********PLAYER4**********
根据第三轮描述和之前的分析，我们可以逐一分析每位玩家的描述：

玩家1的描述强调了球体的网孔、弹性和可操控性，以及其在室内外团队比赛中的应用，与篮球的描述相符。

玩家2的描述中提到了球体的特殊纹理、多孔结构和耐用性，以及适合高强度的互动和传球，这些特征在篮球中也很常见，但没有提到网孔。

玩家3的描述与玩家1和玩家2的描述相似，强调了球体的中空、纹理、操控性和适应性，以及网孔和弹性，但没有提到特殊纹理或减震效果。

玩家4的描述中提到了球体的独特弹性和凹凸纹理，以及轻便的材质和适中的重量，这与篮球的描述相符。

现在，如果之前的推断是玩家2可能是卧底，那么我们需要考虑以下新的信息：

- 玩家2的描述中提到了球体的特殊材质和结构，但没有提到网孔，这是玩家1和玩家3描述中强调的特征。
- 玩家4的描述与篮球的描述相符，但没有提到网孔这一特征，这与玩家1和玩家3的描述不完全一致。

基于这些新的信息，玩家2和玩家4的描述都与篮球的描述相符，但没有提到网孔这一特征。然而，玩家2的描述中提到了球体的特殊材质和结构，这可能是一个与篮球不同的特征，而玩家4的描述则没有提到任何可能指向其他球类的特征。

因此，基于当前的描述，玩家2和玩家4都可能是卧底，因为他们提供了与篮球描述相似的特征，但没有完全匹配玩家1和玩家3的描述。最终需要更多的描述或者投票来确定卧底的身份。
2024-12-13 11:57:13,118 - 4 - INFO - **********JUDGER**********
你刚刚的分析是根据第三轮描述和之前的分析，我们可以逐一分析每位玩家的描述：

玩家1的描述强调了球体的网孔、弹性和可操控性，以及其在室内外团队比赛中的应用，与篮球的描述相符。

玩家2的描述中提到了球体的特殊纹理、多孔结构和耐用性，以及适合高强度的互动和传球，这些特征在篮球中也很常见，但没有提到网孔。

玩家3的描述与玩家1和玩家2的描述相似，强调了球体的中空、纹理、操控性和适应性，以及网孔和弹性，但没有提到特殊纹理或减震效果。

玩家4的描述中提到了球体的独特弹性和凹凸纹理，以及轻便的材质和适中的重量，这与篮球的描述相符。

现在，如果之前的推断是玩家2可能是卧底，那么我们需要考虑以下新的信息：

- 玩家2的描述中提到了球体的特殊材质和结构，但没有提到网孔，这是玩家1和玩家3描述中强调的特征。
- 玩家4的描述与篮球的描述相符，但没有提到网孔这一特征，这与玩家1和玩家3的描述不完全一致。

基于这些新的信息，玩家2和玩家4的描述都与篮球的描述相符，但没有提到网孔这一特征。然而，玩家2的描述中提到了球体的特殊材质和结构，这可能是一个与篮球不同的特征，而玩家4的描述则没有提到任何可能指向其他球类的特征。

因此，基于当前的描述，玩家2和玩家4都可能是卧底，因为他们提供了与篮球描述相似的特征，但没有完全匹配玩家1和玩家3的描述。最终需要更多的描述或者投票来确定卧底的身份。|| `请根据上述分析，比较描述以找出不一致之处，注意，这局游戏的词语分类为<体育用品>，卧底词和平民词都属于该类。
2024-12-13 11:57:37,742 - 4 - INFO - **********PLAYER4**********
根据上述分析，我们可以比较描述中的一致性和不一致性如下：

一致性：
- 玩家1、玩家2、玩家3和玩家4的描述都提到了球体是“中空的”，这表明他们可能使用的词语都是中空的球类。
- 四位玩家的描述都强调了球体在球类运动中的“操控性”和“适应性”。
- 他们都提到了球体的“弹性”，这是球类运动中球体的一个重要特征。
- 玩家1和玩家3的描述都提到了球体的“网孔”，而玩家2和玩家4没有提到这一特征。
- 玩家2和玩家4的描述中提到了球体的特殊纹理和凹凸纹理，这可能指向篮球或足球等球类。

不一致性：
- 玩家2的描述中特别提到了球体的“特殊材质”和“多孔结构”，以及“适合高强度的互动和传球”，这些特征在篮球中也很常见，但没有提到网孔。
- 玩家4的描述中没有提到网孔，这与玩家1和玩家3的描述不一致，但其他特征与篮球相符。

结论：
- 玩家1和玩家3的描述中都提到了网孔，而玩家2和玩家4没有，这可能表明玩家2和玩家4的词语与篮球的描述不完全一致。
- 玩家2的描述中提到的特殊材质和多孔结构，以及高强度互动和传球，可能指向其他球类，如足球。
- 玩家4的描述虽然没有提到网孔，但其他特征与篮球相符，这可能表明他可能是平民。

基于这些不一致之处，玩家2可能是卧底，因为他描述的特征可能指向其他球类，而玩家4的描述虽然没有提到网孔，但其他特征与篮球相符，因此玩家4更可能是平民。玩家1和玩家3的描述相似，且与篮球的描述相符，因此他们更可能是平民。
2024-12-13 11:57:37,743 - 4 - INFO - **********JUDGER**********
你刚刚的分析是根据上述分析，我们可以比较描述中的一致性和不一致性如下：

一致性：
- 玩家1、玩家2、玩家3和玩家4的描述都提到了球体是“中空的”，这表明他们可能使用的词语都是中空的球类。
- 四位玩家的描述都强调了球体在球类运动中的“操控性”和“适应性”。
- 他们都提到了球体的“弹性”，这是球类运动中球体的一个重要特征。
- 玩家1和玩家3的描述都提到了球体的“网孔”，而玩家2和玩家4没有提到这一特征。
- 玩家2和玩家4的描述中提到了球体的特殊纹理和凹凸纹理，这可能指向篮球或足球等球类。

不一致性：
- 玩家2的描述中特别提到了球体的“特殊材质”和“多孔结构”，以及“适合高强度的互动和传球”，这些特征在篮球中也很常见，但没有提到网孔。
- 玩家4的描述中没有提到网孔，这与玩家1和玩家3的描述不一致，但其他特征与篮球相符。

结论：
- 玩家1和玩家3的描述中都提到了网孔，而玩家2和玩家4没有，这可能表明玩家2和玩家4的词语与篮球的描述不完全一致。
- 玩家2的描述中提到的特殊材质和多孔结构，以及高强度互动和传球，可能指向其他球类，如足球。
- 玩家4的描述虽然没有提到网孔，但其他特征与篮球相符，这可能表明他可能是平民。

基于这些不一致之处，玩家2可能是卧底，因为他描述的特征可能指向其他球类，而玩家4的描述虽然没有提到网孔，但其他特征与篮球相符，因此玩家4更可能是平民。玩家1和玩家3的描述相似，且与篮球的描述相符，因此他们更可能是平民。|| 请通过你分析的不一致之处，推断卧底身份，注意，这局游戏的词语分类为<体育用品>，卧底词和平民词都属于该类。
2024-12-13 11:57:39,852 - 4 - INFO - **********PLAYER4**********
2
2024-12-13 11:57:39,852 - 4 - INFO - **********JUDGER**********
你刚刚的推断是2|| 基于你刚刚的推断得出你的最终结论，请输出你认为的卧底，在这种情况下只需要输出编号，是1-4中的某个数字，不要输出其他信息。在这个过程不要进行任何推理，只对||以前的部分进行信息提取
2024-12-13 11:57:41,671 - 4 - INFO - **********PLAYER4**********
2
