2024-12-13 15:50:29,351 - 1 - INFO - **********JUDGER**********
让我们来玩一个叫做<谁是卧底>的推理游戏。基本规则：<人数>：4人。<角色分配>：每位玩家随机抽取一个词语，3名玩家拿到的词语是相同的（平民词），1名玩家拿到与之相近但不同的词语（卧底词）。<游戏流程>：1、玩家轮流描述自己的词语，但<不能>直接说出词语本身。2、描述完毕后，投票选出最像卧底的玩家。3、每轮结束后，被投票选出的玩家出局，不能再进行描述或投票。4、每轮投票结束后，如果卧底被成功找出，平民方获胜；如果卧底未被找出且卧底人数等于或超过平民人数，则卧底方获胜。你将扮演一个<玩家>，请等待你被分配到的关键词。如果你听懂了，只回答，"好的，我准备好参加游戏了"，不要输出别的信息
2024-12-13 15:50:30,438 - 1 - INFO - **********PLAYER1**********
好的，我准备好参加游戏了
2024-12-13 15:50:34,077 - 1 - INFO - **********JUDGER**********
玩家1说：玩家2说：玩家3说：玩家4说：|| 你是第1号玩家，你的关键词是<芒果>。你的回答中绝对不能包含你的关键词<芒果>。这是第一轮描述，不需要分析||之前别的玩家的描述，请你描述关键词基本特征，注意，这局游戏的词语分类为<水果>，卧底词和平民词都属于该类，描述包括以下两点，1.他的基本特征是什么2.他在该类（水果）中最突出不同的特征是什么，尽量简短
2024-12-13 15:50:38,280 - 1 - INFO - **********PLAYER1**********
这个水果色泽鲜艳，形状圆润，口感丰富多汁。在水果类中，它最特别的地方在于它的香气独特，很多人认为它的香味是其最大的特点。
2024-12-13 15:50:44,580 - 1 - INFO - **********JUDGER**********
玩家1说：这个水果色泽鲜艳，形状圆润，口感丰富多汁。在水果类中，它最特别的地方在于它的香气独特，很多人认为它的香味是其最大的特点。玩家2说：这个水果外表光滑，富含丰富的维生素，味道甘甜。在水果中，它以其特有的热带风情和浓郁的香气而著称。玩家3说：这个水果色泽诱人，果实饱满，含有多种维生素。在同类水果中，它最显著的特征是味道甜美，特别适合鲜食。玩家4说：||在这个游戏中，我们需要通过分析每位玩家的描述来找出卧底。通常，平民的描述会围绕相同的词语展开，而卧底的描述可能会因为词语的不同而显得不太一致。我们需要仔细比较每个描述之间的相似性和差异性，以找出可能的卧底，注意，卧底并不会隐藏自己，他会直接描述他的词语，现在，逐一分析每个玩家的描述，注意，这局游戏的词语分类为<水果>，卧底词和平民词都属于该类。这是第一轮描述。
2024-12-13 15:50:50,615 - 1 - INFO - **********PLAYER1**********
好的，我已经听到了其他玩家的描述。在分析他们的描述时，我会注意以下几点：

1. 玩家1的描述强调了香气和香味，这与我所知道的关键词特征相符。
2. 玩家2的描述提到了热带风情和浓郁的香气，这也与我的关键词特征一致。
3. 玩家3的描述提到了色泽诱人和味道甜美，这些特征也与我的关键词相符。
4. 玩家4的描述虽然提到了分析的方法和游戏的规则，但没有提供任何关于关键词的直接信息。

由于所有玩家的描述都与我的关键词特征有一定的相似性，而且没有明显的矛盾或不一致之处，我无法仅凭这一轮的描述来确定谁是卧底。因此，我需要等待下一轮的描述或者更多的信息来进一步推理。
2024-12-13 15:50:50,616 - 1 - INFO - **********JUDGER**********
你刚刚的分析是好的，我已经听到了其他玩家的描述。在分析他们的描述时，我会注意以下几点：

1. 玩家1的描述强调了香气和香味，这与我所知道的关键词特征相符。
2. 玩家2的描述提到了热带风情和浓郁的香气，这也与我的关键词特征一致。
3. 玩家3的描述提到了色泽诱人和味道甜美，这些特征也与我的关键词相符。
4. 玩家4的描述虽然提到了分析的方法和游戏的规则，但没有提供任何关于关键词的直接信息。

由于所有玩家的描述都与我的关键词特征有一定的相似性，而且没有明显的矛盾或不一致之处，我无法仅凭这一轮的描述来确定谁是卧底。因此，我需要等待下一轮的描述或者更多的信息来进一步推理。|| `请根据上述分析，比较描述以找出不一致之处，注意，这局游戏的词语分类为<水果>，卧底词和平民词都属于该类。
2024-12-13 15:51:01,904 - 1 - INFO - **********PLAYER1**********
根据上述分析，我们可以比较描述中可能存在的不一致之处：

1. 玩家1、玩家2和玩家3的描述都提到了香气、香味、色泽和味道，这些都是芒果的共同特征。然而，玩家4的描述没有具体提到这些特征，而是提到了分析的方法和游戏规则，这与其他玩家的描述方向不同。

2. 玩家4的描述没有直接与任何特定水果的特征联系起来，而其他玩家的描述都在试图描述一个具体的水果特征。

3. 玩家4的描述似乎在引导其他玩家注意分析的方法，而不是描述一个具体的水果，这与其他玩家试图描述芒果特征的意图不一致。

基于这些观察，玩家4的描述与其他玩家描述的不一致之处可能表明他是卧底，因为卧底的角色通常不会直接描述词语的特征，而是可能通过引导讨论或者提供与游戏无关的信息来混淆其他玩家。然而，这只是一个初步的观察，需要更多的信息和后续的描述来确认。
2024-12-13 15:51:01,907 - 1 - INFO - **********JUDGER**********
你刚刚的分析是根据上述分析，我们可以比较描述中可能存在的不一致之处：

1. 玩家1、玩家2和玩家3的描述都提到了香气、香味、色泽和味道，这些都是芒果的共同特征。然而，玩家4的描述没有具体提到这些特征，而是提到了分析的方法和游戏规则，这与其他玩家的描述方向不同。

2. 玩家4的描述没有直接与任何特定水果的特征联系起来，而其他玩家的描述都在试图描述一个具体的水果特征。

3. 玩家4的描述似乎在引导其他玩家注意分析的方法，而不是描述一个具体的水果，这与其他玩家试图描述芒果特征的意图不一致。

基于这些观察，玩家4的描述与其他玩家描述的不一致之处可能表明他是卧底，因为卧底的角色通常不会直接描述词语的特征，而是可能通过引导讨论或者提供与游戏无关的信息来混淆其他玩家。然而，这只是一个初步的观察，需要更多的信息和后续的描述来确认。|| 请通过你分析的不一致之处，推断卧底身份，注意，这局游戏的词语分类为<水果>，卧底词和平民词都属于该类。
2024-12-13 15:51:09,035 - 1 - INFO - **********PLAYER1**********
根据分析的不一致之处，以下是我对卧底身份的推断：

由于玩家4的描述没有具体提到香气、香味、色泽和味道等与水果特征相关的词汇，而是提到了分析的方法和游戏规则，这与其他玩家试图描述具体水果特征的意图不一致。此外，玩家4的描述似乎在引导讨论，而不是直接描述一个具体的水果。

考虑到游戏规则中卧底词和平民词都属于同一类（水果），而玩家4的描述与描述水果特征的方向不一致，这可能意味着玩家4持有的词语与芒果这个水果没有直接关联，或者他可能持有的词语与水果这一类别完全不同。

因此，基于这些不一致之处，玩家4可能是卧底，因为他的描述行为与平民玩家描述特征的行为不匹配，这符合卧底试图混淆视听的策略。当然，这个推断需要后续的描述和投票来最终确认。
2024-12-13 15:51:09,043 - 1 - INFO - **********JUDGER**********
你刚刚的推断是根据分析的不一致之处，以下是我对卧底身份的推断：

由于玩家4的描述没有具体提到香气、香味、色泽和味道等与水果特征相关的词汇，而是提到了分析的方法和游戏规则，这与其他玩家试图描述具体水果特征的意图不一致。此外，玩家4的描述似乎在引导讨论，而不是直接描述一个具体的水果。

考虑到游戏规则中卧底词和平民词都属于同一类（水果），而玩家4的描述与描述水果特征的方向不一致，这可能意味着玩家4持有的词语与芒果这个水果没有直接关联，或者他可能持有的词语与水果这一类别完全不同。

因此，基于这些不一致之处，玩家4可能是卧底，因为他的描述行为与平民玩家描述特征的行为不匹配，这符合卧底试图混淆视听的策略。当然，这个推断需要后续的描述和投票来最终确认。|| 基于你刚刚的推断得出你的最终结论，请输出你认为的卧底，在这种情况下只需要输出编号，是1-4中的某个数字，不要输出其他信息。在这个过程不要进行任何推理，只对||以前的部分进行信息提取
2024-12-13 15:51:09,561 - 1 - INFO - **********PLAYER1**********
4
2024-12-13 15:53:14,106 - 1 - INFO - **********JUDGER**********
玩家1说：这个水果色泽鲜艳，形状圆润，口感丰富多汁。在水果类中，它最特别的地方在于它的香气独特，很多人认为它的香味是其最大的特点。玩家2说：这个水果外表光滑，富含丰富的维生素，味道甘甜。在水果中，它以其特有的热带风情和浓郁的香气而著称。玩家3说：这个水果色泽诱人，果实饱满，含有多种维生素。在同类水果中，它最显著的特征是味道甜美，特别适合鲜食。玩家4说：这个水果通常颜色鲜艳，水分充足，是夏季常见的消暑佳品。它在同类水果中最为特别的是其独特的甜味和清凉感。你是第1号玩家，你的关键词是<芒果>。你的回答中绝对不能包含你的关键词<芒果>。这是第二轮描述，你之前的描述是这个水果色泽鲜艳，形状圆润，口感丰富多汁。在水果类中，它最特别的地方在于它的香气独特，很多人认为它的香味是其最大的特点。，注意，这局游戏的词语分类为<水果>，卧底词和平民词都属于该类，请你补充关于关键词的描述，注意，你的描述应该比起之前的描述更加贴近关键词，作为之前的补充
2024-12-13 15:53:20,748 - 1 - INFO - **********PLAYER1**********
这个水果的皮薄核小，质地细腻，其甜味浓郁，适合直接食用。在同类水果中，它因其独特的甜度和丝滑的口感而受到喜爱。
2024-12-13 15:53:30,759 - 1 - INFO - **********JUDGER**********
玩家1说：这个水果色泽鲜艳，形状圆润，口感丰富多汁。在水果类中，它最特别的地方在于它的香气独特，很多人认为它的香味是其最大的特点。这个水果的皮薄核小，质地细腻，其甜味浓郁，适合直接食用。在同类水果中，它因其独特的甜度和丝滑的口感而受到喜爱。玩家2说：这个水果外表光滑，富含丰富的维生素，味道甘甜。在水果中，它以其特有的热带风情和浓郁的香气而著称。这个水果的甜度极高，几乎可以达到甜蜜的顶峰，而它的香气更是迷人，能够在短时间内弥漫整个空间。它的果肉质地细腻，几乎无籽，非常适合直接食用，特别是在炎热的天气里，它能够带来一丝清凉。这个水果的色泽通常是金黄色，非常诱人，而且它的水分含量也很高，是夏季消暑的好选择。玩家3说：这个水果色泽诱人，果实饱满，含有多种维生素。在同类水果中，它最显著的特征是味道甜美，特别适合鲜食。这个水果有着独特的甜香，果肉细腻，甜度适中，适合作为夏日的清凉甜品。它的形状通常比较长而弯曲，表皮光滑，给人一种热带风情。在同类水果中，它以其丰富的营养价值和独特的风味而受到人们的喜爱。玩家4说：这个水果通常颜色鲜艳，水分充足，是夏季常见的消暑佳品。它在同类水果中最为特别的是其独特的甜味和清凉感。||在这个游戏中，我们需要通过分析每位玩家的描述来找出卧底。通常，平民的描述会围绕相同的词语展开，而卧底的描述可能会因为词语的不同而显得不太一致。我们需要仔细比较每个描述之间的相似性和差异性，以找出可能的卧底，注意，卧底并不会隐藏自己，他会直接描述他的词语，现在，逐一分析每个玩家的描述，注意，这局游戏的词语分类为<水果>，卧底词和平民词都属于该类。||之前是第2轮描述和之前轮数描述的合集。你之前认为的卧底是玩家4。
2024-12-13 15:53:53,527 - 1 - INFO - **********PLAYER1**********
根据第二轮描述和其他玩家的描述，我的初步推断是：

玩家1的描述与芒果的特征非常吻合，强调了香气、甜味和适合鲜食。
玩家2的描述也提到了芒果的特征，如甜度、香气、适合鲜食，以及夏季消暑的特性。
玩家3的描述同样描述了芒果的色泽、甜味、营养价值和热带风情。
玩家4的描述虽然提到了颜色鲜艳、水分充足、甜味和清凉感，但没有特别强调香气，这与芒果的特点有所出入。

由于玩家4的描述没有特别强调香气这一芒果的显著特征，而其他玩家的描述都围绕这一特征展开，这可能会让我重新考虑我的初步推断。然而，根据之前的分析，玩家4的描述似乎在引导讨论，而不是直接描述水果特征，这可能是他作为卧底的行为。

因此，尽管玩家4的描述与芒果的特征有所出入，但考虑到他之前的描述行为，我仍然倾向于认为玩家4是卧底。
2024-12-13 15:53:53,529 - 1 - INFO - **********JUDGER**********
你刚刚的分析是根据第二轮描述和其他玩家的描述，我的初步推断是：

玩家1的描述与芒果的特征非常吻合，强调了香气、甜味和适合鲜食。
玩家2的描述也提到了芒果的特征，如甜度、香气、适合鲜食，以及夏季消暑的特性。
玩家3的描述同样描述了芒果的色泽、甜味、营养价值和热带风情。
玩家4的描述虽然提到了颜色鲜艳、水分充足、甜味和清凉感，但没有特别强调香气，这与芒果的特点有所出入。

由于玩家4的描述没有特别强调香气这一芒果的显著特征，而其他玩家的描述都围绕这一特征展开，这可能会让我重新考虑我的初步推断。然而，根据之前的分析，玩家4的描述似乎在引导讨论，而不是直接描述水果特征，这可能是他作为卧底的行为。

因此，尽管玩家4的描述与芒果的特征有所出入，但考虑到他之前的描述行为，我仍然倾向于认为玩家4是卧底。|| `请根据上述分析，比较描述以找出不一致之处，注意，这局游戏的词语分类为<水果>，卧底词和平民词都属于该类。
2024-12-13 15:54:02,266 - 1 - INFO - **********PLAYER1**********
根据上述分析，以下是一致性和不一致之处的比较：

一致之处：
- 所有玩家都提到了水果的色泽鲜艳、水分充足、甜味、适合鲜食等特征。
- 所有玩家都提到了水果在夏季或热带环境中的消暑特性。

不一致之处：
- 玩家1、玩家2和玩家3都特别强调了水果的香气或香味，而玩家4没有特别提到香气或香味。
- 玩家4的描述中提到了清凉感，这是其他玩家没有提到的特征。

基于这些不一致之处，玩家4的描述与芒果的特征不完全吻合，尤其是没有提到香气这一显著特点，这可能表明他持有的词语与芒果不同，或者他可能持有的词语属于另一个水果类别。因此，玩家4的描述与其他玩家的描述存在不一致之处。
2024-12-13 15:54:02,269 - 1 - INFO - **********JUDGER**********
你刚刚的分析是根据上述分析，以下是一致性和不一致之处的比较：

一致之处：
- 所有玩家都提到了水果的色泽鲜艳、水分充足、甜味、适合鲜食等特征。
- 所有玩家都提到了水果在夏季或热带环境中的消暑特性。

不一致之处：
- 玩家1、玩家2和玩家3都特别强调了水果的香气或香味，而玩家4没有特别提到香气或香味。
- 玩家4的描述中提到了清凉感，这是其他玩家没有提到的特征。

基于这些不一致之处，玩家4的描述与芒果的特征不完全吻合，尤其是没有提到香气这一显著特点，这可能表明他持有的词语与芒果不同，或者他可能持有的词语属于另一个水果类别。因此，玩家4的描述与其他玩家的描述存在不一致之处。|| 请通过你分析的不一致之处，推断卧底身份，注意，这局游戏的词语分类为<水果>，卧底词和平民词都属于该类。
2024-12-13 15:54:07,599 - 1 - INFO - **********PLAYER1**********
基于分析的不一致之处，我推断玩家4是卧底。他的描述中没有提到香气这一芒果的显著特征，而其他玩家都强调了这一点。此外，玩家4提到了清凉感，这是一个与芒果特征不完全吻合的额外特征。这些差异提示玩家4可能持有的词语与芒果不同，或者他可能持有的词语属于另一个水果类别。因此，我倾向于认为玩家4是卧底。
2024-12-13 15:54:07,600 - 1 - INFO - **********JUDGER**********
你刚刚的推断是基于分析的不一致之处，我推断玩家4是卧底。他的描述中没有提到香气这一芒果的显著特征，而其他玩家都强调了这一点。此外，玩家4提到了清凉感，这是一个与芒果特征不完全吻合的额外特征。这些差异提示玩家4可能持有的词语与芒果不同，或者他可能持有的词语属于另一个水果类别。因此，我倾向于认为玩家4是卧底。|| 基于你刚刚的推断得出你的最终结论，请输出你认为的卧底，在这种情况下只需要输出编号，是1-4中的某个数字，不要输出其他信息。在这个过程不要进行任何推理，只对||以前的部分进行信息提取
2024-12-13 15:54:08,660 - 1 - INFO - **********PLAYER1**********
4
2024-12-13 15:55:46,550 - 1 - INFO - **********JUDGER**********
玩家1说：这个水果色泽鲜艳，形状圆润，口感丰富多汁。在水果类中，它最特别的地方在于它的香气独特，很多人认为它的香味是其最大的特点。这个水果的皮薄核小，质地细腻，其甜味浓郁，适合直接食用。在同类水果中，它因其独特的甜度和丝滑的口感而受到喜爱。玩家2说：这个水果外表光滑，富含丰富的维生素，味道甘甜。在水果中，它以其特有的热带风情和浓郁的香气而著称。这个水果的甜度极高，几乎可以达到甜蜜的顶峰，而它的香气更是迷人，能够在短时间内弥漫整个空间。它的果肉质地细腻，几乎无籽，非常适合直接食用，特别是在炎热的天气里，它能够带来一丝清凉。这个水果的色泽通常是金黄色，非常诱人，而且它的水分含量也很高，是夏季消暑的好选择。玩家3说：这个水果色泽诱人，果实饱满，含有多种维生素。在同类水果中，它最显著的特征是味道甜美，特别适合鲜食。这个水果有着独特的甜香，果肉细腻，甜度适中，适合作为夏日的清凉甜品。它的形状通常比较长而弯曲，表皮光滑，给人一种热带风情。在同类水果中，它以其丰富的营养价值和独特的风味而受到人们的喜爱。玩家4说：这个水果通常颜色鲜艳，水分充足，是夏季常见的消暑佳品。它在同类水果中最为特别的是其独特的甜味和清凉感。这个水果是夏季的清凉代表，它的形状通常比较规则，切开后可以看到清晰的纹理。它的果肉色彩鲜艳，口感脆嫩，甜度适中，非常适合炎炎夏日解渴消暑。在同类水果中，它以其独特的口感和清凉属性而受到人们的喜爱。你是第1号玩家，你的关键词是<芒果>。你的回答中绝对不能包含你的关键词<芒果>。这是第三轮描述，你之前的描述是这个水果色泽鲜艳，形状圆润，口感丰富多汁。在水果类中，它最特别的地方在于它的香气独特，很多人认为它的香味是其最大的特点。和这个水果的皮薄核小，质地细腻，其甜味浓郁，适合直接食用。在同类水果中，它因其独特的甜度和丝滑的口感而受到喜爱。，注意，这局游戏的词语分类为<水果>，卧底词和平民词都属于该类，请你补充关于关键词的描述，注意，你的描述应该比起之前的描述更加贴近关键词，作为之前的补充
2024-12-13 15:55:49,462 - 1 - INFO - **********PLAYER1**********
这个水果的果肉细腻丝滑，甜度适中，适合各种食用方式，不仅美味，而且营养价值高，富含多种维生素和矿物质。在夏季，它是一种理想的消暑水果，能够带来清凉的感觉。
2024-12-13 15:56:03,806 - 1 - INFO - **********JUDGER**********
玩家1说：这个水果色泽鲜艳，形状圆润，口感丰富多汁。在水果类中，它最特别的地方在于它的香气独特，很多人认为它的香味是其最大的特点。这个水果的皮薄核小，质地细腻，其甜味浓郁，适合直接食用。在同类水果中，它因其独特的甜度和丝滑的口感而受到喜爱。这个水果的果肉细腻丝滑，甜度适中，适合各种食用方式，不仅美味，而且营养价值高，富含多种维生素和矿物质。在夏季，它是一种理想的消暑水果，能够带来清凉的感觉。玩家2说：这个水果外表光滑，富含丰富的维生素，味道甘甜。在水果中，它以其特有的热带风情和浓郁的香气而著称。这个水果的甜度极高，几乎可以达到甜蜜的顶峰，而它的香气更是迷人，能够在短时间内弥漫整个空间。它的果肉质地细腻，几乎无籽，非常适合直接食用，特别是在炎热的天气里，它能够带来一丝清凉。这个水果的色泽通常是金黄色，非常诱人，而且它的水分含量也很高，是夏季消暑的好选择。这个水果的甜度非常独特，它的味道既清新又浓郁，给人一种层次丰富的口感体验。它的香气非常迷人，能够在短时间内充满整个空间，让人忍不住想要品尝。这个水果的果肉质地非常细腻，几乎无籽，非常适合直接食用，尤其是在炎热的夏天，它能够带来一丝清凉感。此外，这个水果的色泽通常是金黄色，非常诱人，而且它的水分含量也很高，是夏季消暑的佳品。玩家3说：这个水果色泽诱人，果实饱满，含有多种维生素。在同类水果中，它最显著的特征是味道甜美，特别适合鲜食。这个水果有着独特的甜香，果肉细腻，甜度适中，适合作为夏日的清凉甜品。它的形状通常比较长而弯曲，表皮光滑，给人一种热带风情。在同类水果中，它以其丰富的营养价值和独特的风味而受到人们的喜爱。这个水果以其金黄色的外观和诱人的色泽著称，它的形状通常是长而略弯曲，给人一种热带的感觉。果肉细腻，口感丝滑，甜度适中，非常适合作为夏日的消暑甜品。这种水果的香气独特，能够带来一丝清凉，非常适合直接食用。它的营养价值高，含有多种维生素和矿物质，对健康非常有益。玩家4说：这个水果通常颜色鲜艳，水分充足，是夏季常见的消暑佳品。它在同类水果中最为特别的是其独特的甜味和清凉感。这个水果是夏季的清凉代表，它的形状通常比较规则，切开后可以看到清晰的纹理。它的果肉色彩鲜艳，口感脆嫩，甜度适中，非常适合炎炎夏日解渴消暑。在同类水果中，它以其独特的口感和清凉属性而受到人们的喜爱。这个水果通常有着明显的条纹，切开后可以看到分布均匀的红色果肉和黑色的种子。它的口感清甜爽口，水分含量高，是夏日消暑的佳选。它的形状通常呈椭圆形或球形，非常适合作为夏日饮品或直接食用。||在这个游戏中，我们需要通过分析每位玩家的描述来找出卧底。通常，平民的描述会围绕相同的词语展开，而卧底的描述可能会因为词语的不同而显得不太一致。我们需要仔细比较每个描述之间的相似性和差异性，以找出可能的卧底，注意，卧底并不会隐藏自己，他会直接描述他的词语，现在，逐一分析每个玩家的描述，注意，这局游戏的词语分类为<水果>，卧底词和平民词都属于该类。||之前是第3轮描述和之前轮数描述的合集。你之前认为的卧底是玩家4。
2024-12-13 15:56:19,158 - 1 - INFO - **********PLAYER1**********
根据第三轮描述和之前的描述，我之前的推断是玩家4可能是卧底，因为他的描述中没有特别强调香气这一芒果的显著特征，而其他玩家都强调了这一点。此外，玩家4提到了清凉感，这是一个与芒果特征不完全吻合的额外特征。

现在，我将继续分析每个玩家的描述：

- 玩家1的描述与芒果的特征非常吻合，强调了香气、甜味和适合鲜食。
- 玩家2的描述也提到了芒果的特征，如甜度、香气、适合鲜食，以及夏季消暑的特性。
- 玩家3的描述同样描述了芒果的色泽、甜味、营养价值和热带风情。
- 玩家4的描述虽然提到了颜色鲜艳、水分充足、甜味和清凉感，但没有特别强调香气，这与芒果的特点有所出入。

尽管玩家4的描述中没有特别强调香气，但他提到的清凉感和明显的条纹，以及红色果肉和黑色种子的描述，可能与芒果的特征不完全一致。然而，其他玩家的描述都围绕芒果的典型特征展开，没有出现明显的矛盾或不一致之处。

基于这些信息，我仍然倾向于认为玩家4是卧底，因为他的描述中没有完全符合芒果的所有典型特征，而且他在描述中提到了一些可能与芒果不同的特征。因此，我的最终结论是玩家4是卧底。
2024-12-13 15:56:19,162 - 1 - INFO - **********JUDGER**********
你刚刚的分析是根据第三轮描述和之前的描述，我之前的推断是玩家4可能是卧底，因为他的描述中没有特别强调香气这一芒果的显著特征，而其他玩家都强调了这一点。此外，玩家4提到了清凉感，这是一个与芒果特征不完全吻合的额外特征。

现在，我将继续分析每个玩家的描述：

- 玩家1的描述与芒果的特征非常吻合，强调了香气、甜味和适合鲜食。
- 玩家2的描述也提到了芒果的特征，如甜度、香气、适合鲜食，以及夏季消暑的特性。
- 玩家3的描述同样描述了芒果的色泽、甜味、营养价值和热带风情。
- 玩家4的描述虽然提到了颜色鲜艳、水分充足、甜味和清凉感，但没有特别强调香气，这与芒果的特点有所出入。

尽管玩家4的描述中没有特别强调香气，但他提到的清凉感和明显的条纹，以及红色果肉和黑色种子的描述，可能与芒果的特征不完全一致。然而，其他玩家的描述都围绕芒果的典型特征展开，没有出现明显的矛盾或不一致之处。

基于这些信息，我仍然倾向于认为玩家4是卧底，因为他的描述中没有完全符合芒果的所有典型特征，而且他在描述中提到了一些可能与芒果不同的特征。因此，我的最终结论是玩家4是卧底。|| `请根据上述分析，比较描述以找出不一致之处，注意，这局游戏的词语分类为<水果>，卧底词和平民词都属于该类。
2024-12-13 15:56:26,780 - 1 - INFO - **********PLAYER1**********
根据上述分析，以下是不一致之处的比较：

1. 玩家4的描述中提到了“清凉感”，这是一个与芒果通常描述的香气和甜味不太相符的特征。芒果通常被描述为具有独特的香气和甜味，而不是清凉感。

2. 玩家4的描述中提到了“明显的条纹”和“红色果肉和黑色种子”，这与芒果的典型特征（金黄色果肉，没有明显的条纹）不一致。

3. 虽然其他玩家都提到了芒果的甜味和香气，但玩家4的描述中并没有特别强调这些特征，而是更多地提到了颜色和清凉感。

这些不一致之处表明玩家4的描述可能与芒果的特征不完全吻合，这可能意味着他持有的词语与芒果不同，或者他可能持有的词语属于另一个水果类别。因此，玩家4的描述与其他玩家的描述存在不一致之处。
2024-12-13 15:56:26,781 - 1 - INFO - **********JUDGER**********
你刚刚的分析是根据上述分析，以下是不一致之处的比较：

1. 玩家4的描述中提到了“清凉感”，这是一个与芒果通常描述的香气和甜味不太相符的特征。芒果通常被描述为具有独特的香气和甜味，而不是清凉感。

2. 玩家4的描述中提到了“明显的条纹”和“红色果肉和黑色种子”，这与芒果的典型特征（金黄色果肉，没有明显的条纹）不一致。

3. 虽然其他玩家都提到了芒果的甜味和香气，但玩家4的描述中并没有特别强调这些特征，而是更多地提到了颜色和清凉感。

这些不一致之处表明玩家4的描述可能与芒果的特征不完全吻合，这可能意味着他持有的词语与芒果不同，或者他可能持有的词语属于另一个水果类别。因此，玩家4的描述与其他玩家的描述存在不一致之处。|| 请通过你分析的不一致之处，推断卧底身份，注意，这局游戏的词语分类为<水果>，卧底词和平民词都属于该类。
2024-12-13 15:56:29,452 - 1 - INFO - **********PLAYER1**********
基于分析的不一致之处，我推断玩家4是卧底。他的描述中提到的“清凉感”、“明显的条纹”和“红色果肉和黑色种子”这些特征与芒果的典型特征不符，这表明他可能持有的词语不是芒果，而是另一个属于水果类别的词语。
2024-12-13 15:56:29,453 - 1 - INFO - **********JUDGER**********
你刚刚的推断是基于分析的不一致之处，我推断玩家4是卧底。他的描述中提到的“清凉感”、“明显的条纹”和“红色果肉和黑色种子”这些特征与芒果的典型特征不符，这表明他可能持有的词语不是芒果，而是另一个属于水果类别的词语。|| 基于你刚刚的推断得出你的最终结论，请输出你认为的卧底，在这种情况下只需要输出编号，是1-4中的某个数字，不要输出其他信息。在这个过程不要进行任何推理，只对||以前的部分进行信息提取
2024-12-13 15:56:31,992 - 1 - INFO - **********PLAYER1**********
4
