2024-12-13 15:50:30,909 - 2 - INFO - **********JUDGER**********
让我们来玩一个叫做<谁是卧底>的推理游戏。基本规则：<人数>：4人。<角色分配>：每位玩家随机抽取一个词语，3名玩家拿到的词语是相同的（平民词），1名玩家拿到与之相近但不同的词语（卧底词）。<游戏流程>：1、玩家轮流描述自己的词语，但<不能>直接说出词语本身。2、描述完毕后，投票选出最像卧底的玩家。3、每轮结束后，被投票选出的玩家出局，不能再进行描述或投票。4、每轮投票结束后，如果卧底被成功找出，平民方获胜；如果卧底未被找出且卧底人数等于或超过平民人数，则卧底方获胜。你将扮演一个<玩家>，请等待你被分配到的关键词。如果你听懂了，只回答，"好的，我准备好参加游戏了"，不要输出别的信息
2024-12-13 15:50:31,566 - 2 - INFO - **********PLAYER2**********
好的，我准备好参加游戏了
2024-12-13 15:50:38,281 - 2 - INFO - **********JUDGER**********
玩家1说：这个水果色泽鲜艳，形状圆润，口感丰富多汁。在水果类中，它最特别的地方在于它的香气独特，很多人认为它的香味是其最大的特点。玩家2说：玩家3说：玩家4说：|| 你是第2号玩家，你的关键词是<芒果>。你的回答中绝对不能包含你的关键词<芒果>。这是第一轮描述，不需要分析||之前别的玩家的描述，请你描述关键词基本特征，注意，这局游戏的词语分类为<水果>，卧底词和平民词都属于该类，描述包括以下两点，1.他的基本特征是什么2.他在该类（水果）中最突出不同的特征是什么，尽量简短
2024-12-13 15:50:39,864 - 2 - INFO - **********PLAYER2**********
这个水果外表光滑，富含丰富的维生素，味道甘甜。在水果中，它以其特有的热带风情和浓郁的香气而著称。
2024-12-13 15:51:09,561 - 2 - INFO - **********JUDGER**********
玩家1说：这个水果色泽鲜艳，形状圆润，口感丰富多汁。在水果类中，它最特别的地方在于它的香气独特，很多人认为它的香味是其最大的特点。玩家2说：这个水果外表光滑，富含丰富的维生素，味道甘甜。在水果中，它以其特有的热带风情和浓郁的香气而著称。玩家3说：这个水果色泽诱人，果实饱满，含有多种维生素。在同类水果中，它最显著的特征是味道甜美，特别适合鲜食。玩家4说：||在这个游戏中，我们需要通过分析每位玩家的描述来找出卧底。通常，平民的描述会围绕相同的词语展开，而卧底的描述可能会因为词语的不同而显得不太一致。我们需要仔细比较每个描述之间的相似性和差异性，以找出可能的卧底，注意，卧底并不会隐藏自己，他会直接描述他的词语，现在，逐一分析每个玩家的描述，注意，这局游戏的词语分类为<水果>，卧底词和平民词都属于该类。这是第一轮描述。
2024-12-13 15:51:14,010 - 2 - INFO - **********PLAYER2**********
作为玩家2，我会这样回应：

我同意玩家4的分析。从我们三个平民的描述来看，我们都在强调水果的色泽、维生素含量和甜美的味道。这些特征都与我们的关键词相符合。然而，如果有人描述的水果特征与我们的大多数描述不一致，那么他可能就是卧底。例如，如果有人提到的是一种在味道上与我们描述的明显不同的水果，或者强调的是水果的药用价值而非口感，那么他可能就是卧底。我们需要在下一轮中更加注意描述的细微差别。
2024-12-13 15:51:14,012 - 2 - INFO - **********JUDGER**********
你刚刚的分析是作为玩家2，我会这样回应：

我同意玩家4的分析。从我们三个平民的描述来看，我们都在强调水果的色泽、维生素含量和甜美的味道。这些特征都与我们的关键词相符合。然而，如果有人描述的水果特征与我们的大多数描述不一致，那么他可能就是卧底。例如，如果有人提到的是一种在味道上与我们描述的明显不同的水果，或者强调的是水果的药用价值而非口感，那么他可能就是卧底。我们需要在下一轮中更加注意描述的细微差别。|| `请根据上述分析，比较描述以找出不一致之处，注意，这局游戏的词语分类为<水果>，卧底词和平民词都属于该类。
2024-12-13 15:51:29,743 - 2 - INFO - **********PLAYER2**********
词

根据玩家1、玩家2和玩家3的描述，我们可以看到以下共同点：

1. **色泽**：三人都提到了水果的色泽鲜艳或诱人。
2. **维生素含量**：玩家2和玩家3都提到了水果富含维生素。
3. **味道**：三人都强调了水果的甜味。

然而，也存在一些差异：

- **香气**：玩家1特别提到了香气独特，而玩家2和玩家3没有提及。
- **热带风情**：玩家2提到了热带风情，而玩家1和玩家3没有。
- **口感**：玩家3提到了特别适合鲜食，而玩家1和玩家2没有明确提及。

如果我们的关键词是芒果，那么这些描述都是符合的，因为芒果色泽鲜艳、富含维生素、味道甜美、有独特的香气和热带风情。但是，如果卧底的关键词是另一种水果，那么他可能会在这些共同点中遗漏一些，或者在描述中加入与芒果不符的特征。

基于这些分析，如果卧底是芒果，那么他可能没有提到香气或热带风情，或者没有强调维生素含量。如果卧底的关键词是另一种水果，那么他可能会在这些方面有所不同，比如提到其他水果特有的味道或用途。因此，我们应该关注那些在描述中遗漏了芒果特征的玩家，或者那些加入了一些与芒果不符的新特征的玩家。
2024-12-13 15:51:29,745 - 2 - INFO - **********JUDGER**********
你刚刚的分析是词

根据玩家1、玩家2和玩家3的描述，我们可以看到以下共同点：

1. **色泽**：三人都提到了水果的色泽鲜艳或诱人。
2. **维生素含量**：玩家2和玩家3都提到了水果富含维生素。
3. **味道**：三人都强调了水果的甜味。

然而，也存在一些差异：

- **香气**：玩家1特别提到了香气独特，而玩家2和玩家3没有提及。
- **热带风情**：玩家2提到了热带风情，而玩家1和玩家3没有。
- **口感**：玩家3提到了特别适合鲜食，而玩家1和玩家2没有明确提及。

如果我们的关键词是芒果，那么这些描述都是符合的，因为芒果色泽鲜艳、富含维生素、味道甜美、有独特的香气和热带风情。但是，如果卧底的关键词是另一种水果，那么他可能会在这些共同点中遗漏一些，或者在描述中加入与芒果不符的特征。

基于这些分析，如果卧底是芒果，那么他可能没有提到香气或热带风情，或者没有强调维生素含量。如果卧底的关键词是另一种水果，那么他可能会在这些方面有所不同，比如提到其他水果特有的味道或用途。因此，我们应该关注那些在描述中遗漏了芒果特征的玩家，或者那些加入了一些与芒果不符的新特征的玩家。|| 请通过你分析的不一致之处，推断卧底身份，注意，这局游戏的词语分类为<水果>，卧底词和平民词都属于该类。
2024-12-13 15:51:43,240 - 2 - INFO - **********PLAYER2**********
根据我的分析，以下是一些可能的推断：

1. 如果卧底的关键词是芒果，那么他可能没有提到芒果的香气或热带风情，或者没有强调芒果富含维生素。这可能会让他的描述与其他玩家有所不同。

2. 如果卧底的关键词是另一种水果，那么他的描述可能会在以下方面与芒果的特征不一致：
   - 没有提到水果的色泽鲜艳或诱人。
   - 没有提到水果富含维生素。
   - 没有提到水果的味道甜美。
   - 没有提到水果有独特的香气。
   - 没有提到水果具有热带风情。
   - 没有提到水果特别适合鲜食。

考虑到这些不一致之处，以下是一些可能的卧底候选：

- 玩家1：如果他没有提到香气或热带风情，或者没有强调维生素含量，那么他可能是卧底。
- 玩家2：如果他没有提到热带风情，那么他可能是卧底。
- 玩家3：如果他没有提到香气或热带风情，或者没有强调维生素含量，那么他可能是卧底。

需要注意的是，这些推断是基于描述中的不一致之处，而实际上卧底可能会以其他方式隐藏他的词语。因此，最终的判断需要结合所有玩家的描述和游戏进程来确定。
2024-12-13 15:51:43,242 - 2 - INFO - **********JUDGER**********
你刚刚的推断是根据我的分析，以下是一些可能的推断：

1. 如果卧底的关键词是芒果，那么他可能没有提到芒果的香气或热带风情，或者没有强调芒果富含维生素。这可能会让他的描述与其他玩家有所不同。

2. 如果卧底的关键词是另一种水果，那么他的描述可能会在以下方面与芒果的特征不一致：
   - 没有提到水果的色泽鲜艳或诱人。
   - 没有提到水果富含维生素。
   - 没有提到水果的味道甜美。
   - 没有提到水果有独特的香气。
   - 没有提到水果具有热带风情。
   - 没有提到水果特别适合鲜食。

考虑到这些不一致之处，以下是一些可能的卧底候选：

- 玩家1：如果他没有提到香气或热带风情，或者没有强调维生素含量，那么他可能是卧底。
- 玩家2：如果他没有提到热带风情，那么他可能是卧底。
- 玩家3：如果他没有提到香气或热带风情，或者没有强调维生素含量，那么他可能是卧底。

需要注意的是，这些推断是基于描述中的不一致之处，而实际上卧底可能会以其他方式隐藏他的词语。因此，最终的判断需要结合所有玩家的描述和游戏进程来确定。|| 基于你刚刚的推断得出你的最终结论，请输出你认为的卧底，在这种情况下只需要输出编号，是1-4中的某个数字，不要输出其他信息。在这个过程不要进行任何推理，只对||以前的部分进行信息提取
2024-12-13 15:51:44,095 - 2 - INFO - **********PLAYER2**********
1
2024-12-13 15:53:20,750 - 2 - INFO - **********JUDGER**********
玩家1说：这个水果色泽鲜艳，形状圆润，口感丰富多汁。在水果类中，它最特别的地方在于它的香气独特，很多人认为它的香味是其最大的特点。这个水果的皮薄核小，质地细腻，其甜味浓郁，适合直接食用。在同类水果中，它因其独特的甜度和丝滑的口感而受到喜爱。玩家2说：这个水果外表光滑，富含丰富的维生素，味道甘甜。在水果中，它以其特有的热带风情和浓郁的香气而著称。玩家3说：这个水果色泽诱人，果实饱满，含有多种维生素。在同类水果中，它最显著的特征是味道甜美，特别适合鲜食。玩家4说：这个水果通常颜色鲜艳，水分充足，是夏季常见的消暑佳品。它在同类水果中最为特别的是其独特的甜味和清凉感。你是第2号玩家，你的关键词是<芒果>。你的回答中绝对不能包含你的关键词<芒果>。这是第二轮描述，你之前的描述是这个水果外表光滑，富含丰富的维生素，味道甘甜。在水果中，它以其特有的热带风情和浓郁的香气而著称。，注意，这局游戏的词语分类为<水果>，卧底词和平民词都属于该类，请你补充关于关键词的描述，注意，你的描述应该比起之前的描述更加贴近关键词，作为之前的补充
2024-12-13 15:53:24,627 - 2 - INFO - **********PLAYER2**********
这个水果的甜度极高，几乎可以达到甜蜜的顶峰，而它的香气更是迷人，能够在短时间内弥漫整个空间。它的果肉质地细腻，几乎无籽，非常适合直接食用，特别是在炎热的天气里，它能够带来一丝清凉。这个水果的色泽通常是金黄色，非常诱人，而且它的水分含量也很高，是夏季消暑的好选择。
2024-12-13 15:54:08,660 - 2 - INFO - **********JUDGER**********
玩家1说：这个水果色泽鲜艳，形状圆润，口感丰富多汁。在水果类中，它最特别的地方在于它的香气独特，很多人认为它的香味是其最大的特点。这个水果的皮薄核小，质地细腻，其甜味浓郁，适合直接食用。在同类水果中，它因其独特的甜度和丝滑的口感而受到喜爱。玩家2说：这个水果外表光滑，富含丰富的维生素，味道甘甜。在水果中，它以其特有的热带风情和浓郁的香气而著称。这个水果的甜度极高，几乎可以达到甜蜜的顶峰，而它的香气更是迷人，能够在短时间内弥漫整个空间。它的果肉质地细腻，几乎无籽，非常适合直接食用，特别是在炎热的天气里，它能够带来一丝清凉。这个水果的色泽通常是金黄色，非常诱人，而且它的水分含量也很高，是夏季消暑的好选择。玩家3说：这个水果色泽诱人，果实饱满，含有多种维生素。在同类水果中，它最显著的特征是味道甜美，特别适合鲜食。这个水果有着独特的甜香，果肉细腻，甜度适中，适合作为夏日的清凉甜品。它的形状通常比较长而弯曲，表皮光滑，给人一种热带风情。在同类水果中，它以其丰富的营养价值和独特的风味而受到人们的喜爱。玩家4说：这个水果通常颜色鲜艳，水分充足，是夏季常见的消暑佳品。它在同类水果中最为特别的是其独特的甜味和清凉感。||在这个游戏中，我们需要通过分析每位玩家的描述来找出卧底。通常，平民的描述会围绕相同的词语展开，而卧底的描述可能会因为词语的不同而显得不太一致。我们需要仔细比较每个描述之间的相似性和差异性，以找出可能的卧底，注意，卧底并不会隐藏自己，他会直接描述他的词语，现在，逐一分析每个玩家的描述，注意，这局游戏的词语分类为<水果>，卧底词和平民词都属于该类。||之前是第2轮描述和之前轮数描述的合集。你之前认为的卧底是玩家1。
2024-12-13 15:54:10,577 - 2 - INFO - **********PLAYER2**********
1
2024-12-13 15:54:10,577 - 2 - INFO - **********JUDGER**********
你刚刚的分析是1|| `请根据上述分析，比较描述以找出不一致之处，注意，这局游戏的词语分类为<水果>，卧底词和平民词都属于该类。
2024-12-13 15:54:24,537 - 2 - INFO - **********PLAYER2**********
根据上述分析，以下是玩家描述中可能存在的不一致之处：

1. 玩家1的描述中提到了“香气独特”和“皮薄核小”，这些特征在玩家2和玩家3的描述中没有出现。

2. 玩家2的描述中提到了“热带风情”和“甜度极高”，这些特征在玩家1和玩家3的描述中没有出现。

3. 玩家3的描述中提到了“独特的甜香”和“甜度适中”，这些特征在玩家1和玩家2的描述中没有出现。

4. 玩家4的描述中提到了“颜色鲜艳”和“水分充足”，这些特征在玩家1、玩家2和玩家3的描述中没有出现。

5. 玩家3的描述中提到了“形状通常比较长而弯曲”，这与玩家1、玩家2和玩家4的描述中的“形状圆润”或“外表光滑”有所不同。

6. 玩家4的描述中提到了“独特的甜味和清凉感”，这与玩家1、玩家2和玩家3的描述中的“甜味浓郁”或“甜度极高”有所不同。

这些不一致之处可能表明玩家3的描述与其他玩家有所不同，从而可能是卧底。然而，由于所有玩家的描述都属于水果类别，这些差异可能只是描述风格或侧重点的不同，而不一定意味着玩家3就是卧底。需要更多的信息或进一步的描述来确认卧底的身份。
2024-12-13 15:54:24,539 - 2 - INFO - **********JUDGER**********
你刚刚的分析是根据上述分析，以下是玩家描述中可能存在的不一致之处：

1. 玩家1的描述中提到了“香气独特”和“皮薄核小”，这些特征在玩家2和玩家3的描述中没有出现。

2. 玩家2的描述中提到了“热带风情”和“甜度极高”，这些特征在玩家1和玩家3的描述中没有出现。

3. 玩家3的描述中提到了“独特的甜香”和“甜度适中”，这些特征在玩家1和玩家2的描述中没有出现。

4. 玩家4的描述中提到了“颜色鲜艳”和“水分充足”，这些特征在玩家1、玩家2和玩家3的描述中没有出现。

5. 玩家3的描述中提到了“形状通常比较长而弯曲”，这与玩家1、玩家2和玩家4的描述中的“形状圆润”或“外表光滑”有所不同。

6. 玩家4的描述中提到了“独特的甜味和清凉感”，这与玩家1、玩家2和玩家3的描述中的“甜味浓郁”或“甜度极高”有所不同。

这些不一致之处可能表明玩家3的描述与其他玩家有所不同，从而可能是卧底。然而，由于所有玩家的描述都属于水果类别，这些差异可能只是描述风格或侧重点的不同，而不一定意味着玩家3就是卧底。需要更多的信息或进一步的描述来确认卧底的身份。|| 请通过你分析的不一致之处，推断卧底身份，注意，这局游戏的词语分类为<水果>，卧底词和平民词都属于该类。
2024-12-13 15:54:25,546 - 2 - INFO - **********PLAYER2**********
3
2024-12-13 15:54:25,546 - 2 - INFO - **********JUDGER**********
你刚刚的推断是3|| 基于你刚刚的推断得出你的最终结论，请输出你认为的卧底，在这种情况下只需要输出编号，是1-4中的某个数字，不要输出其他信息。在这个过程不要进行任何推理，只对||以前的部分进行信息提取
2024-12-13 15:54:26,553 - 2 - INFO - **********PLAYER2**********
3
2024-12-13 15:55:49,462 - 2 - INFO - **********JUDGER**********
玩家1说：这个水果色泽鲜艳，形状圆润，口感丰富多汁。在水果类中，它最特别的地方在于它的香气独特，很多人认为它的香味是其最大的特点。这个水果的皮薄核小，质地细腻，其甜味浓郁，适合直接食用。在同类水果中，它因其独特的甜度和丝滑的口感而受到喜爱。这个水果的果肉细腻丝滑，甜度适中，适合各种食用方式，不仅美味，而且营养价值高，富含多种维生素和矿物质。在夏季，它是一种理想的消暑水果，能够带来清凉的感觉。玩家2说：这个水果外表光滑，富含丰富的维生素，味道甘甜。在水果中，它以其特有的热带风情和浓郁的香气而著称。这个水果的甜度极高，几乎可以达到甜蜜的顶峰，而它的香气更是迷人，能够在短时间内弥漫整个空间。它的果肉质地细腻，几乎无籽，非常适合直接食用，特别是在炎热的天气里，它能够带来一丝清凉。这个水果的色泽通常是金黄色，非常诱人，而且它的水分含量也很高，是夏季消暑的好选择。玩家3说：这个水果色泽诱人，果实饱满，含有多种维生素。在同类水果中，它最显著的特征是味道甜美，特别适合鲜食。这个水果有着独特的甜香，果肉细腻，甜度适中，适合作为夏日的清凉甜品。它的形状通常比较长而弯曲，表皮光滑，给人一种热带风情。在同类水果中，它以其丰富的营养价值和独特的风味而受到人们的喜爱。玩家4说：这个水果通常颜色鲜艳，水分充足，是夏季常见的消暑佳品。它在同类水果中最为特别的是其独特的甜味和清凉感。这个水果是夏季的清凉代表，它的形状通常比较规则，切开后可以看到清晰的纹理。它的果肉色彩鲜艳，口感脆嫩，甜度适中，非常适合炎炎夏日解渴消暑。在同类水果中，它以其独特的口感和清凉属性而受到人们的喜爱。你是第2号玩家，你的关键词是<芒果>。你的回答中绝对不能包含你的关键词<芒果>。这是第三轮描述，你之前的描述是这个水果外表光滑，富含丰富的维生素，味道甘甜。在水果中，它以其特有的热带风情和浓郁的香气而著称。和这个水果的甜度极高，几乎可以达到甜蜜的顶峰，而它的香气更是迷人，能够在短时间内弥漫整个空间。它的果肉质地细腻，几乎无籽，非常适合直接食用，特别是在炎热的天气里，它能够带来一丝清凉。这个水果的色泽通常是金黄色，非常诱人，而且它的水分含量也很高，是夏季消暑的好选择。，注意，这局游戏的词语分类为<水果>，卧底词和平民词都属于该类，请你补充关于关键词的描述，注意，你的描述应该比起之前的描述更加贴近关键词，作为之前的补充
2024-12-13 15:55:54,537 - 2 - INFO - **********PLAYER2**********
这个水果的甜度非常独特，它的味道既清新又浓郁，给人一种层次丰富的口感体验。它的香气非常迷人，能够在短时间内充满整个空间，让人忍不住想要品尝。这个水果的果肉质地非常细腻，几乎无籽，非常适合直接食用，尤其是在炎热的夏天，它能够带来一丝清凉感。此外，这个水果的色泽通常是金黄色，非常诱人，而且它的水分含量也很高，是夏季消暑的佳品。
2024-12-13 15:56:31,993 - 2 - INFO - **********JUDGER**********
玩家1说：这个水果色泽鲜艳，形状圆润，口感丰富多汁。在水果类中，它最特别的地方在于它的香气独特，很多人认为它的香味是其最大的特点。这个水果的皮薄核小，质地细腻，其甜味浓郁，适合直接食用。在同类水果中，它因其独特的甜度和丝滑的口感而受到喜爱。这个水果的果肉细腻丝滑，甜度适中，适合各种食用方式，不仅美味，而且营养价值高，富含多种维生素和矿物质。在夏季，它是一种理想的消暑水果，能够带来清凉的感觉。玩家2说：这个水果外表光滑，富含丰富的维生素，味道甘甜。在水果中，它以其特有的热带风情和浓郁的香气而著称。这个水果的甜度极高，几乎可以达到甜蜜的顶峰，而它的香气更是迷人，能够在短时间内弥漫整个空间。它的果肉质地细腻，几乎无籽，非常适合直接食用，特别是在炎热的天气里，它能够带来一丝清凉。这个水果的色泽通常是金黄色，非常诱人，而且它的水分含量也很高，是夏季消暑的好选择。这个水果的甜度非常独特，它的味道既清新又浓郁，给人一种层次丰富的口感体验。它的香气非常迷人，能够在短时间内充满整个空间，让人忍不住想要品尝。这个水果的果肉质地非常细腻，几乎无籽，非常适合直接食用，尤其是在炎热的夏天，它能够带来一丝清凉感。此外，这个水果的色泽通常是金黄色，非常诱人，而且它的水分含量也很高，是夏季消暑的佳品。玩家3说：这个水果色泽诱人，果实饱满，含有多种维生素。在同类水果中，它最显著的特征是味道甜美，特别适合鲜食。这个水果有着独特的甜香，果肉细腻，甜度适中，适合作为夏日的清凉甜品。它的形状通常比较长而弯曲，表皮光滑，给人一种热带风情。在同类水果中，它以其丰富的营养价值和独特的风味而受到人们的喜爱。这个水果以其金黄色的外观和诱人的色泽著称，它的形状通常是长而略弯曲，给人一种热带的感觉。果肉细腻，口感丝滑，甜度适中，非常适合作为夏日的消暑甜品。这种水果的香气独特，能够带来一丝清凉，非常适合直接食用。它的营养价值高，含有多种维生素和矿物质，对健康非常有益。玩家4说：这个水果通常颜色鲜艳，水分充足，是夏季常见的消暑佳品。它在同类水果中最为特别的是其独特的甜味和清凉感。这个水果是夏季的清凉代表，它的形状通常比较规则，切开后可以看到清晰的纹理。它的果肉色彩鲜艳，口感脆嫩，甜度适中，非常适合炎炎夏日解渴消暑。在同类水果中，它以其独特的口感和清凉属性而受到人们的喜爱。这个水果通常有着明显的条纹，切开后可以看到分布均匀的红色果肉和黑色的种子。它的口感清甜爽口，水分含量高，是夏日消暑的佳选。它的形状通常呈椭圆形或球形，非常适合作为夏日饮品或直接食用。||在这个游戏中，我们需要通过分析每位玩家的描述来找出卧底。通常，平民的描述会围绕相同的词语展开，而卧底的描述可能会因为词语的不同而显得不太一致。我们需要仔细比较每个描述之间的相似性和差异性，以找出可能的卧底，注意，卧底并不会隐藏自己，他会直接描述他的词语，现在，逐一分析每个玩家的描述，注意，这局游戏的词语分类为<水果>，卧底词和平民词都属于该类。||之前是第3轮描述和之前轮数描述的合集。你之前认为的卧底是玩家3。
2024-12-13 15:56:34,115 - 2 - INFO - **********PLAYER2**********
3
2024-12-13 15:56:34,117 - 2 - INFO - **********JUDGER**********
你刚刚的分析是3|| `请根据上述分析，比较描述以找出不一致之处，注意，这局游戏的词语分类为<水果>，卧底词和平民词都属于该类。
2024-12-13 15:56:48,047 - 2 - INFO - **********PLAYER2**********
在比较四位玩家的描述时，以下是不一致之处：

1. **香气描述**：玩家1和玩家2都强调了香气的独特性和迷人程度，而玩家3和玩家4没有特别提及香气。

2. **甜度描述**：玩家1和玩家2提到甜度极高，几乎达到甜蜜的顶峰，而玩家3和玩家4则提到甜度适中。

3. **果肉质地描述**：玩家1和玩家2描述果肉为细腻且几乎无籽，适合直接食用，而玩家3和玩家4没有明确提及果肉质地。

4. **形状描述**：玩家3提到果实形状通常比较长而弯曲，而玩家1、玩家2和玩家4的描述中没有提及形状。

5. **纹理描述**：玩家4提到切开后可以看到清晰的纹理，而其他玩家没有提及这一点。

6. **果肉色彩描述**：玩家4描述果肉色彩鲜艳，而其他玩家没有提及果肉色彩。

7. **种子描述**：玩家4提到有黑色的种子，而其他玩家没有提及种子。

8. **食用方式描述**：玩家1提到适合各种食用方式，而其他玩家没有提及这一点。

这些不一致之处可能表明玩家3和玩家4的描述与其他玩家有所不同，从而可能是卧底。然而，由于所有玩家的描述都属于水果类别，这些差异可能只是描述风格或侧重点的不同，而不一定意味着玩家3和玩家4就是卧底。需要更多的信息或进一步的描述来确认卧底的身份。
2024-12-13 15:56:48,048 - 2 - INFO - **********JUDGER**********
你刚刚的分析是在比较四位玩家的描述时，以下是不一致之处：

1. **香气描述**：玩家1和玩家2都强调了香气的独特性和迷人程度，而玩家3和玩家4没有特别提及香气。

2. **甜度描述**：玩家1和玩家2提到甜度极高，几乎达到甜蜜的顶峰，而玩家3和玩家4则提到甜度适中。

3. **果肉质地描述**：玩家1和玩家2描述果肉为细腻且几乎无籽，适合直接食用，而玩家3和玩家4没有明确提及果肉质地。

4. **形状描述**：玩家3提到果实形状通常比较长而弯曲，而玩家1、玩家2和玩家4的描述中没有提及形状。

5. **纹理描述**：玩家4提到切开后可以看到清晰的纹理，而其他玩家没有提及这一点。

6. **果肉色彩描述**：玩家4描述果肉色彩鲜艳，而其他玩家没有提及果肉色彩。

7. **种子描述**：玩家4提到有黑色的种子，而其他玩家没有提及种子。

8. **食用方式描述**：玩家1提到适合各种食用方式，而其他玩家没有提及这一点。

这些不一致之处可能表明玩家3和玩家4的描述与其他玩家有所不同，从而可能是卧底。然而，由于所有玩家的描述都属于水果类别，这些差异可能只是描述风格或侧重点的不同，而不一定意味着玩家3和玩家4就是卧底。需要更多的信息或进一步的描述来确认卧底的身份。|| 请通过你分析的不一致之处，推断卧底身份，注意，这局游戏的词语分类为<水果>，卧底词和平民词都属于该类。
2024-12-13 15:56:50,181 - 2 - INFO - **********PLAYER2**********
3
2024-12-13 15:56:50,182 - 2 - INFO - **********JUDGER**********
你刚刚的推断是3|| 基于你刚刚的推断得出你的最终结论，请输出你认为的卧底，在这种情况下只需要输出编号，是1-4中的某个数字，不要输出其他信息。在这个过程不要进行任何推理，只对||以前的部分进行信息提取
2024-12-13 15:56:51,311 - 2 - INFO - **********PLAYER2**********
3
