2024-12-13 15:50:32,044 - 3 - INFO - **********JUDGER**********
让我们来玩一个叫做<谁是卧底>的推理游戏。基本规则：<人数>：4人。<角色分配>：每位玩家随机抽取一个词语，3名玩家拿到的词语是相同的（平民词），1名玩家拿到与之相近但不同的词语（卧底词）。<游戏流程>：1、玩家轮流描述自己的词语，但<不能>直接说出词语本身。2、描述完毕后，投票选出最像卧底的玩家。3、每轮结束后，被投票选出的玩家出局，不能再进行描述或投票。4、每轮投票结束后，如果卧底被成功找出，平民方获胜；如果卧底未被找出且卧底人数等于或超过平民人数，则卧底方获胜。你将扮演一个<玩家>，请等待你被分配到的关键词。如果你听懂了，只回答，"好的，我准备好参加游戏了"，不要输出别的信息
2024-12-13 15:50:32,693 - 3 - INFO - **********PLAYER3**********
好的，我准备好参加游戏了
2024-12-13 15:50:39,865 - 3 - INFO - **********JUDGER**********
玩家1说：这个水果色泽鲜艳，形状圆润，口感丰富多汁。在水果类中，它最特别的地方在于它的香气独特，很多人认为它的香味是其最大的特点。玩家2说：这个水果外表光滑，富含丰富的维生素，味道甘甜。在水果中，它以其特有的热带风情和浓郁的香气而著称。玩家3说：玩家4说：|| 你是第3号玩家，你的关键词是<芒果>。你的回答中绝对不能包含你的关键词<芒果>。这是第一轮描述，不需要分析||之前别的玩家的描述，请你描述关键词基本特征，注意，这局游戏的词语分类为<水果>，卧底词和平民词都属于该类，描述包括以下两点，1.他的基本特征是什么2.他在该类（水果）中最突出不同的特征是什么，尽量简短
2024-12-13 15:50:42,232 - 3 - INFO - **********PLAYER3**********
这个水果色泽诱人，果实饱满，含有多种维生素。在同类水果中，它最显著的特征是味道甜美，特别适合鲜食。
2024-12-13 15:51:44,096 - 3 - INFO - **********JUDGER**********
玩家1说：这个水果色泽鲜艳，形状圆润，口感丰富多汁。在水果类中，它最特别的地方在于它的香气独特，很多人认为它的香味是其最大的特点。玩家2说：这个水果外表光滑，富含丰富的维生素，味道甘甜。在水果中，它以其特有的热带风情和浓郁的香气而著称。玩家3说：这个水果色泽诱人，果实饱满，含有多种维生素。在同类水果中，它最显著的特征是味道甜美，特别适合鲜食。玩家4说：||在这个游戏中，我们需要通过分析每位玩家的描述来找出卧底。通常，平民的描述会围绕相同的词语展开，而卧底的描述可能会因为词语的不同而显得不太一致。我们需要仔细比较每个描述之间的相似性和差异性，以找出可能的卧底，注意，卧底并不会隐藏自己，他会直接描述他的词语，现在，逐一分析每个玩家的描述，注意，这局游戏的词语分类为<水果>，卧底词和平民词都属于该类。这是第一轮描述。
2024-12-13 15:52:07,513 - 3 - INFO - **********PLAYER3**********
根据玩家们的描述，我们可以看到以下几点：

1. 玩家1、玩家2和玩家3的描述都提到了水果的色泽鲜艳、形状圆润、口感丰富多汁、外表光滑、富含维生素、味道甘甜、香气浓郁、热带风情等特点。

2. 玩家4的描述虽然也提到了色泽诱人、果实饱满、含有多种维生素、味道甜美等，但没有明确提到香气、热带风情等特征，也没有直接提到形状圆润或外表光滑。

基于这些信息，玩家4的描述可能较为独特，因为它没有明确地包含所有其他玩家提到的共同特征，这可能是一个线索，表明玩家4可能是卧底。然而，由于所有玩家的描述都属于水果类，我们还需要更多的信息或者后续的描述来进一步确认卧底的身份。
2024-12-13 15:52:07,514 - 3 - INFO - **********JUDGER**********
你刚刚的分析是根据玩家们的描述，我们可以看到以下几点：

1. 玩家1、玩家2和玩家3的描述都提到了水果的色泽鲜艳、形状圆润、口感丰富多汁、外表光滑、富含维生素、味道甘甜、香气浓郁、热带风情等特点。

2. 玩家4的描述虽然也提到了色泽诱人、果实饱满、含有多种维生素、味道甜美等，但没有明确提到香气、热带风情等特征，也没有直接提到形状圆润或外表光滑。

基于这些信息，玩家4的描述可能较为独特，因为它没有明确地包含所有其他玩家提到的共同特征，这可能是一个线索，表明玩家4可能是卧底。然而，由于所有玩家的描述都属于水果类，我们还需要更多的信息或者后续的描述来进一步确认卧底的身份。|| `请根据上述分析，比较描述以找出不一致之处，注意，这局游戏的词语分类为<水果>，卧底词和平民词都属于该类。
2024-12-13 15:52:16,070 - 3 - INFO - **********PLAYER3**********
根据上述分析，我们可以比较玩家们的描述，找出以下不一致之处：

1. 玩家1、玩家2和玩家3的描述中都提到了“香气浓郁”和“热带风情”，而玩家4的描述中没有提到这些特征。
2. 玩家1、玩家2和玩家3都提到了“形状圆润”和“外表光滑”，而玩家4的描述中只提到了“色泽诱人”和“果实饱满”，没有直接提到形状和外表的描述。

这些不一致之处可能是玩家4作为卧底的一个线索，因为她的描述没有完全符合其他平民玩家所描述的共同特征。然而，由于所有描述都涉及水果类，这些不一致可能并不足以直接确定玩家4就是卧底，还需要结合后续的描述和游戏进程来进一步判断。
2024-12-13 15:52:16,072 - 3 - INFO - **********JUDGER**********
你刚刚的分析是根据上述分析，我们可以比较玩家们的描述，找出以下不一致之处：

1. 玩家1、玩家2和玩家3的描述中都提到了“香气浓郁”和“热带风情”，而玩家4的描述中没有提到这些特征。
2. 玩家1、玩家2和玩家3都提到了“形状圆润”和“外表光滑”，而玩家4的描述中只提到了“色泽诱人”和“果实饱满”，没有直接提到形状和外表的描述。

这些不一致之处可能是玩家4作为卧底的一个线索，因为她的描述没有完全符合其他平民玩家所描述的共同特征。然而，由于所有描述都涉及水果类，这些不一致可能并不足以直接确定玩家4就是卧底，还需要结合后续的描述和游戏进程来进一步判断。|| 请通过你分析的不一致之处，推断卧底身份，注意，这局游戏的词语分类为<水果>，卧底词和平民词都属于该类。
2024-12-13 15:52:30,015 - 3 - INFO - **********PLAYER3**********
根据分析中提到的不一致之处，我们可以进行以下推断：

1. 如果所有玩家都是平民，那么他们的描述应该会围绕一个共同的水果词语展开，包括该水果的所有显著特征。然而，玩家4的描述中缺少了“香气浓郁”和“热带风情”这两个特征，这是与其他玩家描述不一致的地方。

2. 通常，描述一个水果时，如果它以香气或热带风情著称，这些特征往往会成为描述的重点。玩家4的描述没有强调这些，可能意味着她描述的水果与大多数描述中的水果不同。

3. 在水果类中，香气浓郁和热带风情通常与某些特定水果相关联，比如芒果。芒果以其独特的香气和热带风味而闻名，而玩家4的描述中没有提到这些特征，这与芒果的特征不符。

综合以上分析，玩家4可能是卧底，因为她描述的水果特征与其他平民玩家的描述不一致，且没有提到可能将她的词语与平民词语区分开的显著特征。如果这个游戏的关键词分类确实为水果，且卧底词和平民词都属于该类，那么玩家4可能是那个持有不同水果词语的卧底。
2024-12-13 15:52:30,019 - 3 - INFO - **********JUDGER**********
你刚刚的推断是根据分析中提到的不一致之处，我们可以进行以下推断：

1. 如果所有玩家都是平民，那么他们的描述应该会围绕一个共同的水果词语展开，包括该水果的所有显著特征。然而，玩家4的描述中缺少了“香气浓郁”和“热带风情”这两个特征，这是与其他玩家描述不一致的地方。

2. 通常，描述一个水果时，如果它以香气或热带风情著称，这些特征往往会成为描述的重点。玩家4的描述没有强调这些，可能意味着她描述的水果与大多数描述中的水果不同。

3. 在水果类中，香气浓郁和热带风情通常与某些特定水果相关联，比如芒果。芒果以其独特的香气和热带风味而闻名，而玩家4的描述中没有提到这些特征，这与芒果的特征不符。

综合以上分析，玩家4可能是卧底，因为她描述的水果特征与其他平民玩家的描述不一致，且没有提到可能将她的词语与平民词语区分开的显著特征。如果这个游戏的关键词分类确实为水果，且卧底词和平民词都属于该类，那么玩家4可能是那个持有不同水果词语的卧底。|| 基于你刚刚的推断得出你的最终结论，请输出你认为的卧底，在这种情况下只需要输出编号，是1-4中的某个数字，不要输出其他信息。在这个过程不要进行任何推理，只对||以前的部分进行信息提取
2024-12-13 15:52:30,809 - 3 - INFO - **********PLAYER3**********
4
2024-12-13 15:53:24,629 - 3 - INFO - **********JUDGER**********
玩家1说：这个水果色泽鲜艳，形状圆润，口感丰富多汁。在水果类中，它最特别的地方在于它的香气独特，很多人认为它的香味是其最大的特点。这个水果的皮薄核小，质地细腻，其甜味浓郁，适合直接食用。在同类水果中，它因其独特的甜度和丝滑的口感而受到喜爱。玩家2说：这个水果外表光滑，富含丰富的维生素，味道甘甜。在水果中，它以其特有的热带风情和浓郁的香气而著称。这个水果的甜度极高，几乎可以达到甜蜜的顶峰，而它的香气更是迷人，能够在短时间内弥漫整个空间。它的果肉质地细腻，几乎无籽，非常适合直接食用，特别是在炎热的天气里，它能够带来一丝清凉。这个水果的色泽通常是金黄色，非常诱人，而且它的水分含量也很高，是夏季消暑的好选择。玩家3说：这个水果色泽诱人，果实饱满，含有多种维生素。在同类水果中，它最显著的特征是味道甜美，特别适合鲜食。玩家4说：这个水果通常颜色鲜艳，水分充足，是夏季常见的消暑佳品。它在同类水果中最为特别的是其独特的甜味和清凉感。你是第3号玩家，你的关键词是<芒果>。你的回答中绝对不能包含你的关键词<芒果>。这是第二轮描述，你之前的描述是这个水果色泽诱人，果实饱满，含有多种维生素。在同类水果中，它最显著的特征是味道甜美，特别适合鲜食。，注意，这局游戏的词语分类为<水果>，卧底词和平民词都属于该类，请你补充关于关键词的描述，注意，你的描述应该比起之前的描述更加贴近关键词，作为之前的补充
2024-12-13 15:53:27,334 - 3 - INFO - **********PLAYER3**********
这个水果有着独特的甜香，果肉细腻，甜度适中，适合作为夏日的清凉甜品。它的形状通常比较长而弯曲，表皮光滑，给人一种热带风情。在同类水果中，它以其丰富的营养价值和独特的风味而受到人们的喜爱。
2024-12-13 15:54:26,553 - 3 - INFO - **********JUDGER**********
玩家1说：这个水果色泽鲜艳，形状圆润，口感丰富多汁。在水果类中，它最特别的地方在于它的香气独特，很多人认为它的香味是其最大的特点。这个水果的皮薄核小，质地细腻，其甜味浓郁，适合直接食用。在同类水果中，它因其独特的甜度和丝滑的口感而受到喜爱。玩家2说：这个水果外表光滑，富含丰富的维生素，味道甘甜。在水果中，它以其特有的热带风情和浓郁的香气而著称。这个水果的甜度极高，几乎可以达到甜蜜的顶峰，而它的香气更是迷人，能够在短时间内弥漫整个空间。它的果肉质地细腻，几乎无籽，非常适合直接食用，特别是在炎热的天气里，它能够带来一丝清凉。这个水果的色泽通常是金黄色，非常诱人，而且它的水分含量也很高，是夏季消暑的好选择。玩家3说：这个水果色泽诱人，果实饱满，含有多种维生素。在同类水果中，它最显著的特征是味道甜美，特别适合鲜食。这个水果有着独特的甜香，果肉细腻，甜度适中，适合作为夏日的清凉甜品。它的形状通常比较长而弯曲，表皮光滑，给人一种热带风情。在同类水果中，它以其丰富的营养价值和独特的风味而受到人们的喜爱。玩家4说：这个水果通常颜色鲜艳，水分充足，是夏季常见的消暑佳品。它在同类水果中最为特别的是其独特的甜味和清凉感。||在这个游戏中，我们需要通过分析每位玩家的描述来找出卧底。通常，平民的描述会围绕相同的词语展开，而卧底的描述可能会因为词语的不同而显得不太一致。我们需要仔细比较每个描述之间的相似性和差异性，以找出可能的卧底，注意，卧底并不会隐藏自己，他会直接描述他的词语，现在，逐一分析每个玩家的描述，注意，这局游戏的词语分类为<水果>，卧底词和平民词都属于该类。||之前是第2轮描述和之前轮数描述的合集。你之前认为的卧底是玩家4。
2024-12-13 15:54:39,947 - 3 - INFO - **********PLAYER3**********
根据第二轮描述和之前轮数的描述，我的分析如下：

1. 玩家1的描述中强调了香气独特、甜味浓郁、皮薄核小、丝滑口感等特征，这与芒果的特征相符。

2. 玩家2的描述中提到了外表光滑、富含维生素、甜度极高、香气迷人、果肉细腻、无籽等，这些描述也与芒果的特征非常吻合。

3. 玩家3的描述中提到色泽诱人、果实饱满、含有多种维生素、味道甜美、甜香、果肉细腻、长而弯曲、热带风情、丰富的营养价值等，这些描述同样与芒果的特征一致。

4. 玩家4的描述中提到颜色鲜艳、水分充足、甜味独特、清凉感等，这些描述虽然也与水果有关，但没有特别强调香气、甜度或热带风情，与芒果的描述相比，缺乏一些关键特征。

基于以上分析，如果之前认为玩家4是卧底，那么现在看来，所有玩家的描述都与芒果的特征高度相似，没有明显的差异。因此，如果必须从这些描述中推断卧底，可能需要更多的信息或者进一步的描述来区分。如果按照之前的判断，那么玩家4仍然是一个可能的卧底人选，但根据目前的描述，无法明确排除其他玩家。
2024-12-13 15:54:39,949 - 3 - INFO - **********JUDGER**********
你刚刚的分析是根据第二轮描述和之前轮数的描述，我的分析如下：

1. 玩家1的描述中强调了香气独特、甜味浓郁、皮薄核小、丝滑口感等特征，这与芒果的特征相符。

2. 玩家2的描述中提到了外表光滑、富含维生素、甜度极高、香气迷人、果肉细腻、无籽等，这些描述也与芒果的特征非常吻合。

3. 玩家3的描述中提到色泽诱人、果实饱满、含有多种维生素、味道甜美、甜香、果肉细腻、长而弯曲、热带风情、丰富的营养价值等，这些描述同样与芒果的特征一致。

4. 玩家4的描述中提到颜色鲜艳、水分充足、甜味独特、清凉感等，这些描述虽然也与水果有关，但没有特别强调香气、甜度或热带风情，与芒果的描述相比，缺乏一些关键特征。

基于以上分析，如果之前认为玩家4是卧底，那么现在看来，所有玩家的描述都与芒果的特征高度相似，没有明显的差异。因此，如果必须从这些描述中推断卧底，可能需要更多的信息或者进一步的描述来区分。如果按照之前的判断，那么玩家4仍然是一个可能的卧底人选，但根据目前的描述，无法明确排除其他玩家。|| `请根据上述分析，比较描述以找出不一致之处，注意，这局游戏的词语分类为<水果>，卧底词和平民词都属于该类。
2024-12-13 15:54:48,557 - 3 - INFO - **********PLAYER3**********
根据玩家们的描述，我们可以看到以下信息：

- 玩家1、玩家2和玩家3的描述都强调了水果的色泽、形状、口感、香气、营养价值和甜度等特征，这些描述与芒果这一水果的特性相符。
- 玩家4的描述虽然也提到了一些水果的特征，但没有直接提及芒果，且没有提到与芒果相关的关键词，这可能与卧底的角色相符。

综合以上信息，玩家4的描述可能存在不一致之处，因为他的描述没有明确指向芒果这一特定水果。这可能是卧底的一个线索。因此，在接下来的投票中，如果我是卧底，我会注意观察其他玩家的投票倾向，如果玩家4被选为嫌疑人，我会考虑是否需要适时地调整策略，以避免被识破。如果我是平民，我会密切注意玩家4的描述，并在投票时考虑到他描述的不一致性。
2024-12-13 15:54:48,559 - 3 - INFO - **********JUDGER**********
你刚刚的分析是根据玩家们的描述，我们可以看到以下信息：

- 玩家1、玩家2和玩家3的描述都强调了水果的色泽、形状、口感、香气、营养价值和甜度等特征，这些描述与芒果这一水果的特性相符。
- 玩家4的描述虽然也提到了一些水果的特征，但没有直接提及芒果，且没有提到与芒果相关的关键词，这可能与卧底的角色相符。

综合以上信息，玩家4的描述可能存在不一致之处，因为他的描述没有明确指向芒果这一特定水果。这可能是卧底的一个线索。因此，在接下来的投票中，如果我是卧底，我会注意观察其他玩家的投票倾向，如果玩家4被选为嫌疑人，我会考虑是否需要适时地调整策略，以避免被识破。如果我是平民，我会密切注意玩家4的描述，并在投票时考虑到他描述的不一致性。|| 请通过你分析的不一致之处，推断卧底身份，注意，这局游戏的词语分类为<水果>，卧底词和平民词都属于该类。
2024-12-13 15:54:56,065 - 3 - INFO - **********PLAYER3**********
基于分析的不一致之处，如果必须根据描述来推断卧底身份，玩家4可能是卧底。原因如下：

- 玩家1、玩家2和玩家3的描述都包含了芒果的显著特征，如香气、甜度、皮薄核小、丝滑口感等。
- 玩家4的描述虽然也提到了一些水果的特征，但没有明确提及与芒果相关的关键词，如香气、甜度、皮薄核小等，这可能与卧底的角色相符，因为卧底通常不会完全模仿平民的描述。

因此，在当前的信息下，玩家4的描述与芒果的特征不够吻合，这使他成为卧底的一个可能人选。然而，这种推断并不是绝对的，因为游戏中的信息可能随着游戏的进行而变化。
2024-12-13 15:54:56,068 - 3 - INFO - **********JUDGER**********
你刚刚的推断是基于分析的不一致之处，如果必须根据描述来推断卧底身份，玩家4可能是卧底。原因如下：

- 玩家1、玩家2和玩家3的描述都包含了芒果的显著特征，如香气、甜度、皮薄核小、丝滑口感等。
- 玩家4的描述虽然也提到了一些水果的特征，但没有明确提及与芒果相关的关键词，如香气、甜度、皮薄核小等，这可能与卧底的角色相符，因为卧底通常不会完全模仿平民的描述。

因此，在当前的信息下，玩家4的描述与芒果的特征不够吻合，这使他成为卧底的一个可能人选。然而，这种推断并不是绝对的，因为游戏中的信息可能随着游戏的进行而变化。|| 基于你刚刚的推断得出你的最终结论，请输出你认为的卧底，在这种情况下只需要输出编号，是1-4中的某个数字，不要输出其他信息。在这个过程不要进行任何推理，只对||以前的部分进行信息提取
2024-12-13 15:54:57,132 - 3 - INFO - **********PLAYER3**********
4
2024-12-13 15:55:54,538 - 3 - INFO - **********JUDGER**********
玩家1说：这个水果色泽鲜艳，形状圆润，口感丰富多汁。在水果类中，它最特别的地方在于它的香气独特，很多人认为它的香味是其最大的特点。这个水果的皮薄核小，质地细腻，其甜味浓郁，适合直接食用。在同类水果中，它因其独特的甜度和丝滑的口感而受到喜爱。这个水果的果肉细腻丝滑，甜度适中，适合各种食用方式，不仅美味，而且营养价值高，富含多种维生素和矿物质。在夏季，它是一种理想的消暑水果，能够带来清凉的感觉。玩家2说：这个水果外表光滑，富含丰富的维生素，味道甘甜。在水果中，它以其特有的热带风情和浓郁的香气而著称。这个水果的甜度极高，几乎可以达到甜蜜的顶峰，而它的香气更是迷人，能够在短时间内弥漫整个空间。它的果肉质地细腻，几乎无籽，非常适合直接食用，特别是在炎热的天气里，它能够带来一丝清凉。这个水果的色泽通常是金黄色，非常诱人，而且它的水分含量也很高，是夏季消暑的好选择。这个水果的甜度非常独特，它的味道既清新又浓郁，给人一种层次丰富的口感体验。它的香气非常迷人，能够在短时间内充满整个空间，让人忍不住想要品尝。这个水果的果肉质地非常细腻，几乎无籽，非常适合直接食用，尤其是在炎热的夏天，它能够带来一丝清凉感。此外，这个水果的色泽通常是金黄色，非常诱人，而且它的水分含量也很高，是夏季消暑的佳品。玩家3说：这个水果色泽诱人，果实饱满，含有多种维生素。在同类水果中，它最显著的特征是味道甜美，特别适合鲜食。这个水果有着独特的甜香，果肉细腻，甜度适中，适合作为夏日的清凉甜品。它的形状通常比较长而弯曲，表皮光滑，给人一种热带风情。在同类水果中，它以其丰富的营养价值和独特的风味而受到人们的喜爱。玩家4说：这个水果通常颜色鲜艳，水分充足，是夏季常见的消暑佳品。它在同类水果中最为特别的是其独特的甜味和清凉感。这个水果是夏季的清凉代表，它的形状通常比较规则，切开后可以看到清晰的纹理。它的果肉色彩鲜艳，口感脆嫩，甜度适中，非常适合炎炎夏日解渴消暑。在同类水果中，它以其独特的口感和清凉属性而受到人们的喜爱。你是第3号玩家，你的关键词是<芒果>。你的回答中绝对不能包含你的关键词<芒果>。这是第三轮描述，你之前的描述是这个水果色泽诱人，果实饱满，含有多种维生素。在同类水果中，它最显著的特征是味道甜美，特别适合鲜食。和这个水果有着独特的甜香，果肉细腻，甜度适中，适合作为夏日的清凉甜品。它的形状通常比较长而弯曲，表皮光滑，给人一种热带风情。在同类水果中，它以其丰富的营养价值和独特的风味而受到人们的喜爱。，注意，这局游戏的词语分类为<水果>，卧底词和平民词都属于该类，请你补充关于关键词的描述，注意，你的描述应该比起之前的描述更加贴近关键词，作为之前的补充
2024-12-13 15:56:00,573 - 3 - INFO - **********PLAYER3**********
这个水果以其金黄色的外观和诱人的色泽著称，它的形状通常是长而略弯曲，给人一种热带的感觉。果肉细腻，口感丝滑，甜度适中，非常适合作为夏日的消暑甜品。这种水果的香气独特，能够带来一丝清凉，非常适合直接食用。它的营养价值高，含有多种维生素和矿物质，对健康非常有益。
2024-12-13 15:56:51,311 - 3 - INFO - **********JUDGER**********
玩家1说：这个水果色泽鲜艳，形状圆润，口感丰富多汁。在水果类中，它最特别的地方在于它的香气独特，很多人认为它的香味是其最大的特点。这个水果的皮薄核小，质地细腻，其甜味浓郁，适合直接食用。在同类水果中，它因其独特的甜度和丝滑的口感而受到喜爱。这个水果的果肉细腻丝滑，甜度适中，适合各种食用方式，不仅美味，而且营养价值高，富含多种维生素和矿物质。在夏季，它是一种理想的消暑水果，能够带来清凉的感觉。玩家2说：这个水果外表光滑，富含丰富的维生素，味道甘甜。在水果中，它以其特有的热带风情和浓郁的香气而著称。这个水果的甜度极高，几乎可以达到甜蜜的顶峰，而它的香气更是迷人，能够在短时间内弥漫整个空间。它的果肉质地细腻，几乎无籽，非常适合直接食用，特别是在炎热的天气里，它能够带来一丝清凉。这个水果的色泽通常是金黄色，非常诱人，而且它的水分含量也很高，是夏季消暑的好选择。这个水果的甜度非常独特，它的味道既清新又浓郁，给人一种层次丰富的口感体验。它的香气非常迷人，能够在短时间内充满整个空间，让人忍不住想要品尝。这个水果的果肉质地非常细腻，几乎无籽，非常适合直接食用，尤其是在炎热的夏天，它能够带来一丝清凉感。此外，这个水果的色泽通常是金黄色，非常诱人，而且它的水分含量也很高，是夏季消暑的佳品。玩家3说：这个水果色泽诱人，果实饱满，含有多种维生素。在同类水果中，它最显著的特征是味道甜美，特别适合鲜食。这个水果有着独特的甜香，果肉细腻，甜度适中，适合作为夏日的清凉甜品。它的形状通常比较长而弯曲，表皮光滑，给人一种热带风情。在同类水果中，它以其丰富的营养价值和独特的风味而受到人们的喜爱。这个水果以其金黄色的外观和诱人的色泽著称，它的形状通常是长而略弯曲，给人一种热带的感觉。果肉细腻，口感丝滑，甜度适中，非常适合作为夏日的消暑甜品。这种水果的香气独特，能够带来一丝清凉，非常适合直接食用。它的营养价值高，含有多种维生素和矿物质，对健康非常有益。玩家4说：这个水果通常颜色鲜艳，水分充足，是夏季常见的消暑佳品。它在同类水果中最为特别的是其独特的甜味和清凉感。这个水果是夏季的清凉代表，它的形状通常比较规则，切开后可以看到清晰的纹理。它的果肉色彩鲜艳，口感脆嫩，甜度适中，非常适合炎炎夏日解渴消暑。在同类水果中，它以其独特的口感和清凉属性而受到人们的喜爱。这个水果通常有着明显的条纹，切开后可以看到分布均匀的红色果肉和黑色的种子。它的口感清甜爽口，水分含量高，是夏日消暑的佳选。它的形状通常呈椭圆形或球形，非常适合作为夏日饮品或直接食用。||在这个游戏中，我们需要通过分析每位玩家的描述来找出卧底。通常，平民的描述会围绕相同的词语展开，而卧底的描述可能会因为词语的不同而显得不太一致。我们需要仔细比较每个描述之间的相似性和差异性，以找出可能的卧底，注意，卧底并不会隐藏自己，他会直接描述他的词语，现在，逐一分析每个玩家的描述，注意，这局游戏的词语分类为<水果>，卧底词和平民词都属于该类。||之前是第3轮描述和之前轮数描述的合集。你之前认为的卧底是玩家4。
2024-12-13 15:57:05,140 - 3 - INFO - **********PLAYER3**********
根据玩家们的描述，以下是分析：

1. 玩家1的描述强调了水果的色泽、形状、口感、香气、甜度、皮薄核小、营养价值等特点，这些描述与芒果的特征相符。

2. 玩家2的描述也提到了水果的色泽、香气、甜度、果肉质地、水分含量等特点，与芒果的特征非常吻合，并且强调了甜度极高和香气迷人。

3. 玩家3的描述与玩家1和玩家2的描述相似，强调了色泽、形状、口感、香气、甜度、营养价值等特点，同样与芒果的特征一致。

4. 玩家4的描述中提到了颜色鲜艳、水分充足、甜味、清凉感、口感脆嫩、红色果肉和黑色种子等特点。虽然描述了甜味和清凉感，但没有提到芒果特有的香气和皮薄核小，且提到了红色果肉和黑色种子，这与芒果的描述不符。

基于上述分析，玩家4的描述与芒果的特征不完全吻合，特别是提到了红色果肉和黑色种子，这与芒果的黄色果肉和几乎无籽的特征不一致。因此，如果之前认为玩家4是卧底，那么根据这些描述，玩家4仍然是一个可能的卧底人选。
2024-12-13 15:57:05,142 - 3 - INFO - **********JUDGER**********
你刚刚的分析是根据玩家们的描述，以下是分析：

1. 玩家1的描述强调了水果的色泽、形状、口感、香气、甜度、皮薄核小、营养价值等特点，这些描述与芒果的特征相符。

2. 玩家2的描述也提到了水果的色泽、香气、甜度、果肉质地、水分含量等特点，与芒果的特征非常吻合，并且强调了甜度极高和香气迷人。

3. 玩家3的描述与玩家1和玩家2的描述相似，强调了色泽、形状、口感、香气、甜度、营养价值等特点，同样与芒果的特征一致。

4. 玩家4的描述中提到了颜色鲜艳、水分充足、甜味、清凉感、口感脆嫩、红色果肉和黑色种子等特点。虽然描述了甜味和清凉感，但没有提到芒果特有的香气和皮薄核小，且提到了红色果肉和黑色种子，这与芒果的描述不符。

基于上述分析，玩家4的描述与芒果的特征不完全吻合，特别是提到了红色果肉和黑色种子，这与芒果的黄色果肉和几乎无籽的特征不一致。因此，如果之前认为玩家4是卧底，那么根据这些描述，玩家4仍然是一个可能的卧底人选。|| `请根据上述分析，比较描述以找出不一致之处，注意，这局游戏的词语分类为<水果>，卧底词和平民词都属于该类。
2024-12-13 15:57:10,123 - 3 - INFO - **********PLAYER3**********
根据上述分析，不一致之处主要体现在以下两点：

1. 玩家4的描述中提到了“红色果肉和黑色种子”，这与芒果的特征不符。芒果的果肉通常是黄色的，且通常没有明显的种子。

2. 玩家4的描述中没有提到芒果的典型特征，如香气、皮薄核小、甜度适中、丝滑口感等，而其他玩家的描述中都有所提及。

这些不一致之处表明玩家4的描述可能与芒果的特征不完全吻合，这可能是卧底的一个线索。
2024-12-13 15:57:10,125 - 3 - INFO - **********JUDGER**********
你刚刚的分析是根据上述分析，不一致之处主要体现在以下两点：

1. 玩家4的描述中提到了“红色果肉和黑色种子”，这与芒果的特征不符。芒果的果肉通常是黄色的，且通常没有明显的种子。

2. 玩家4的描述中没有提到芒果的典型特征，如香气、皮薄核小、甜度适中、丝滑口感等，而其他玩家的描述中都有所提及。

这些不一致之处表明玩家4的描述可能与芒果的特征不完全吻合，这可能是卧底的一个线索。|| 请通过你分析的不一致之处，推断卧底身份，注意，这局游戏的词语分类为<水果>，卧底词和平民词都属于该类。
2024-12-13 15:57:11,529 - 3 - INFO - **********PLAYER3**********
4
2024-12-13 15:57:11,530 - 3 - INFO - **********JUDGER**********
你刚刚的推断是4|| 基于你刚刚的推断得出你的最终结论，请输出你认为的卧底，在这种情况下只需要输出编号，是1-4中的某个数字，不要输出其他信息。在这个过程不要进行任何推理，只对||以前的部分进行信息提取
2024-12-13 15:57:12,895 - 3 - INFO - **********PLAYER3**********
4
