2024-12-13 15:50:33,172 - 4 - INFO - **********JUDGER**********
让我们来玩一个叫做<谁是卧底>的推理游戏。基本规则：<人数>：4人。<角色分配>：每位玩家随机抽取一个词语，3名玩家拿到的词语是相同的（平民词），1名玩家拿到与之相近但不同的词语（卧底词）。<游戏流程>：1、玩家轮流描述自己的词语，但<不能>直接说出词语本身。2、描述完毕后，投票选出最像卧底的玩家。3、每轮结束后，被投票选出的玩家出局，不能再进行描述或投票。4、每轮投票结束后，如果卧底被成功找出，平民方获胜；如果卧底未被找出且卧底人数等于或超过平民人数，则卧底方获胜。你将扮演一个<玩家>，请等待你被分配到的关键词。如果你听懂了，只回答，"好的，我准备好参加游戏了"，不要输出别的信息
2024-12-13 15:50:34,076 - 4 - INFO - **********PLAYER4**********
好的，我准备好参加游戏了
2024-12-13 15:50:42,233 - 4 - INFO - **********JUDGER**********
玩家1说：这个水果色泽鲜艳，形状圆润，口感丰富多汁。在水果类中，它最特别的地方在于它的香气独特，很多人认为它的香味是其最大的特点。玩家2说：这个水果外表光滑，富含丰富的维生素，味道甘甜。在水果中，它以其特有的热带风情和浓郁的香气而著称。玩家3说：这个水果色泽诱人，果实饱满，含有多种维生素。在同类水果中，它最显著的特征是味道甜美，特别适合鲜食。玩家4说：|| 你是第4号玩家，你的关键词是<西瓜>。你的回答中绝对不能包含你的关键词<西瓜>。这是第一轮描述，不需要分析||之前别的玩家的描述，请你描述关键词基本特征，注意，这局游戏的词语分类为<水果>，卧底词和平民词都属于该类，描述包括以下两点，1.他的基本特征是什么2.他在该类（水果）中最突出不同的特征是什么，尽量简短
2024-12-13 15:50:44,579 - 4 - INFO - **********PLAYER4**********
这个水果通常颜色鲜艳，水分充足，是夏季常见的消暑佳品。它在同类水果中最为特别的是其独特的甜味和清凉感。
2024-12-13 15:52:30,809 - 4 - INFO - **********JUDGER**********
玩家1说：这个水果色泽鲜艳，形状圆润，口感丰富多汁。在水果类中，它最特别的地方在于它的香气独特，很多人认为它的香味是其最大的特点。玩家2说：这个水果外表光滑，富含丰富的维生素，味道甘甜。在水果中，它以其特有的热带风情和浓郁的香气而著称。玩家3说：这个水果色泽诱人，果实饱满，含有多种维生素。在同类水果中，它最显著的特征是味道甜美，特别适合鲜食。玩家4说：||在这个游戏中，我们需要通过分析每位玩家的描述来找出卧底。通常，平民的描述会围绕相同的词语展开，而卧底的描述可能会因为词语的不同而显得不太一致。我们需要仔细比较每个描述之间的相似性和差异性，以找出可能的卧底，注意，卧底并不会隐藏自己，他会直接描述他的词语，现在，逐一分析每个玩家的描述，注意，这局游戏的词语分类为<水果>，卧底词和平民词都属于该类。这是第一轮描述。
2024-12-13 15:52:48,951 - 4 - INFO - **********PLAYER4**********
根据玩家1、玩家2和玩家3的描述，他们似乎在描述一种常见的水果，具有鲜艳的色泽、圆润的形状、多汁的口感、丰富的维生素、甘甜的味道和独特的香气。这些描述都指向了一种在水果中广为人知且具有代表性的水果。

玩家4的描述没有给出具体的词语特征，只是强调了游戏规则和描述分析的重要性，并没有提供关于关键词的具体信息。

如果我是卧底，我会注意到玩家1、2、3的描述都集中在某些共同的特征上，而我需要找出自己的描述与他们的不同之处。我的描述可能会强调西瓜的某个独特特征，比如它的种子分布、重量或者它是如何作为解暑食品的，以此来区分我的描述与其他玩家。例如，我可能会说：“这个水果是夏季的清凉代表，它的种子是黑色的，且通常在食用前会被取出。”这样的描述可能会因为与前面描述的相似性较低而引起怀疑。
2024-12-13 15:52:48,952 - 4 - INFO - **********JUDGER**********
你刚刚的分析是根据玩家1、玩家2和玩家3的描述，他们似乎在描述一种常见的水果，具有鲜艳的色泽、圆润的形状、多汁的口感、丰富的维生素、甘甜的味道和独特的香气。这些描述都指向了一种在水果中广为人知且具有代表性的水果。

玩家4的描述没有给出具体的词语特征，只是强调了游戏规则和描述分析的重要性，并没有提供关于关键词的具体信息。

如果我是卧底，我会注意到玩家1、2、3的描述都集中在某些共同的特征上，而我需要找出自己的描述与他们的不同之处。我的描述可能会强调西瓜的某个独特特征，比如它的种子分布、重量或者它是如何作为解暑食品的，以此来区分我的描述与其他玩家。例如，我可能会说：“这个水果是夏季的清凉代表，它的种子是黑色的，且通常在食用前会被取出。”这样的描述可能会因为与前面描述的相似性较低而引起怀疑。|| `请根据上述分析，比较描述以找出不一致之处，注意，这局游戏的词语分类为<水果>，卧底词和平民词都属于该类。
2024-12-13 15:53:03,344 - 4 - INFO - **********PLAYER4**********
根据上述分析，我们可以比较玩家的描述来找出不一致之处：

- 玩家1提到“香气独特”，这可能会让人联想到某些具有强烈香气的热带水果。
- 玩家2强调“热带风情”和“浓郁的香气”，这进一步指向了热带水果，如芒果或榴莲。
- 玩家3描述了“味道甜美”和“特别适合鲜食”，这也是许多水果的共同特征。

现在，如果我是卧底，我的描述应该与上述描述有所区别，以避免引起怀疑。以下是一些可能的区别点：

- 如果我是卧底，我的描述可能会避免提到香气、热带风情或味道甜美等特征，因为这些特征在玩家1、2、3的描述中都有出现。
- 我可能会强调西瓜的重量或种子分布，比如：“这个水果通常很重，它的种子分布在果肉中，不是特别集中。”

这样的描述与前面玩家的描述相比，可能会因为不强调香气或味道等普遍特征，而显得有些不同，从而引起其他玩家的注意。如果其他玩家注意到描述中的这种差异，他们可能会开始怀疑我的身份。
2024-12-13 15:53:03,348 - 4 - INFO - **********JUDGER**********
你刚刚的分析是根据上述分析，我们可以比较玩家的描述来找出不一致之处：

- 玩家1提到“香气独特”，这可能会让人联想到某些具有强烈香气的热带水果。
- 玩家2强调“热带风情”和“浓郁的香气”，这进一步指向了热带水果，如芒果或榴莲。
- 玩家3描述了“味道甜美”和“特别适合鲜食”，这也是许多水果的共同特征。

现在，如果我是卧底，我的描述应该与上述描述有所区别，以避免引起怀疑。以下是一些可能的区别点：

- 如果我是卧底，我的描述可能会避免提到香气、热带风情或味道甜美等特征，因为这些特征在玩家1、2、3的描述中都有出现。
- 我可能会强调西瓜的重量或种子分布，比如：“这个水果通常很重，它的种子分布在果肉中，不是特别集中。”

这样的描述与前面玩家的描述相比，可能会因为不强调香气或味道等普遍特征，而显得有些不同，从而引起其他玩家的注意。如果其他玩家注意到描述中的这种差异，他们可能会开始怀疑我的身份。|| 请通过你分析的不一致之处，推断卧底身份，注意，这局游戏的词语分类为<水果>，卧底词和平民词都属于该类。
2024-12-13 15:53:13,346 - 4 - INFO - **********PLAYER4**********
基于上述分析，如果我是卧底，并且我的描述应该与玩家1、2、3的描述有所区别，以下是我的推断：

玩家1、2、3的描述都强调了水果的香气、味道和热带风情，这些都是许多水果共有的特征。如果我是卧底，我的描述应该避开这些普遍特征，而是选择一些不那么常见的或者与西瓜这个水果类型不太相符的特征。

考虑到西瓜的一些独特特征，如它的重量、种子分布、食用方式等，以下是我可能的推断：

- 如果我描述的是西瓜，我可能会避免提到香气、热带风情和味道甜美，因为这些描述过于普遍。
- 我可能会提到西瓜的重量，比如：“这个水果通常很重，有时甚至超过20公斤。”
- 或者，我可能会强调西瓜的种子分布，比如：“这个水果的种子不是集中在果肉中，而是分散在各个部位。”

如果其他玩家的描述都集中在香气、味道和热带风情上，而我的描述却突出了西瓜的重量或种子分布，这样的差异可能会让我显得与众不同，从而增加我被怀疑为卧底的可能性。因此，如果游戏中的卧底是西瓜，那么我的描述与玩家1、2、3的差异可能会成为关键线索。
2024-12-13 15:53:13,348 - 4 - INFO - **********JUDGER**********
你刚刚的推断是基于上述分析，如果我是卧底，并且我的描述应该与玩家1、2、3的描述有所区别，以下是我的推断：

玩家1、2、3的描述都强调了水果的香气、味道和热带风情，这些都是许多水果共有的特征。如果我是卧底，我的描述应该避开这些普遍特征，而是选择一些不那么常见的或者与西瓜这个水果类型不太相符的特征。

考虑到西瓜的一些独特特征，如它的重量、种子分布、食用方式等，以下是我可能的推断：

- 如果我描述的是西瓜，我可能会避免提到香气、热带风情和味道甜美，因为这些描述过于普遍。
- 我可能会提到西瓜的重量，比如：“这个水果通常很重，有时甚至超过20公斤。”
- 或者，我可能会强调西瓜的种子分布，比如：“这个水果的种子不是集中在果肉中，而是分散在各个部位。”

如果其他玩家的描述都集中在香气、味道和热带风情上，而我的描述却突出了西瓜的重量或种子分布，这样的差异可能会让我显得与众不同，从而增加我被怀疑为卧底的可能性。因此，如果游戏中的卧底是西瓜，那么我的描述与玩家1、2、3的差异可能会成为关键线索。|| 基于你刚刚的推断得出你的最终结论，请输出你认为的卧底，在这种情况下只需要输出编号，是1-4中的某个数字，不要输出其他信息。在这个过程不要进行任何推理，只对||以前的部分进行信息提取
2024-12-13 15:53:14,105 - 4 - INFO - **********PLAYER4**********
4
2024-12-13 15:53:27,334 - 4 - INFO - **********JUDGER**********
玩家1说：这个水果色泽鲜艳，形状圆润，口感丰富多汁。在水果类中，它最特别的地方在于它的香气独特，很多人认为它的香味是其最大的特点。这个水果的皮薄核小，质地细腻，其甜味浓郁，适合直接食用。在同类水果中，它因其独特的甜度和丝滑的口感而受到喜爱。玩家2说：这个水果外表光滑，富含丰富的维生素，味道甘甜。在水果中，它以其特有的热带风情和浓郁的香气而著称。这个水果的甜度极高，几乎可以达到甜蜜的顶峰，而它的香气更是迷人，能够在短时间内弥漫整个空间。它的果肉质地细腻，几乎无籽，非常适合直接食用，特别是在炎热的天气里，它能够带来一丝清凉。这个水果的色泽通常是金黄色，非常诱人，而且它的水分含量也很高，是夏季消暑的好选择。玩家3说：这个水果色泽诱人，果实饱满，含有多种维生素。在同类水果中，它最显著的特征是味道甜美，特别适合鲜食。这个水果有着独特的甜香，果肉细腻，甜度适中，适合作为夏日的清凉甜品。它的形状通常比较长而弯曲，表皮光滑，给人一种热带风情。在同类水果中，它以其丰富的营养价值和独特的风味而受到人们的喜爱。玩家4说：这个水果通常颜色鲜艳，水分充足，是夏季常见的消暑佳品。它在同类水果中最为特别的是其独特的甜味和清凉感。你是第4号玩家，你的关键词是<西瓜>。你的回答中绝对不能包含你的关键词<西瓜>。这是第二轮描述，你之前的描述是这个水果通常颜色鲜艳，水分充足，是夏季常见的消暑佳品。它在同类水果中最为特别的是其独特的甜味和清凉感。，注意，这局游戏的词语分类为<水果>，卧底词和平民词都属于该类，请你补充关于关键词的描述，注意，你的描述应该比起之前的描述更加贴近关键词，作为之前的补充
2024-12-13 15:53:30,759 - 4 - INFO - **********PLAYER4**********
这个水果是夏季的清凉代表，它的形状通常比较规则，切开后可以看到清晰的纹理。它的果肉色彩鲜艳，口感脆嫩，甜度适中，非常适合炎炎夏日解渴消暑。在同类水果中，它以其独特的口感和清凉属性而受到人们的喜爱。
2024-12-13 15:54:57,133 - 4 - INFO - **********JUDGER**********
玩家1说：这个水果色泽鲜艳，形状圆润，口感丰富多汁。在水果类中，它最特别的地方在于它的香气独特，很多人认为它的香味是其最大的特点。这个水果的皮薄核小，质地细腻，其甜味浓郁，适合直接食用。在同类水果中，它因其独特的甜度和丝滑的口感而受到喜爱。玩家2说：这个水果外表光滑，富含丰富的维生素，味道甘甜。在水果中，它以其特有的热带风情和浓郁的香气而著称。这个水果的甜度极高，几乎可以达到甜蜜的顶峰，而它的香气更是迷人，能够在短时间内弥漫整个空间。它的果肉质地细腻，几乎无籽，非常适合直接食用，特别是在炎热的天气里，它能够带来一丝清凉。这个水果的色泽通常是金黄色，非常诱人，而且它的水分含量也很高，是夏季消暑的好选择。玩家3说：这个水果色泽诱人，果实饱满，含有多种维生素。在同类水果中，它最显著的特征是味道甜美，特别适合鲜食。这个水果有着独特的甜香，果肉细腻，甜度适中，适合作为夏日的清凉甜品。它的形状通常比较长而弯曲，表皮光滑，给人一种热带风情。在同类水果中，它以其丰富的营养价值和独特的风味而受到人们的喜爱。玩家4说：这个水果通常颜色鲜艳，水分充足，是夏季常见的消暑佳品。它在同类水果中最为特别的是其独特的甜味和清凉感。||在这个游戏中，我们需要通过分析每位玩家的描述来找出卧底。通常，平民的描述会围绕相同的词语展开，而卧底的描述可能会因为词语的不同而显得不太一致。我们需要仔细比较每个描述之间的相似性和差异性，以找出可能的卧底，注意，卧底并不会隐藏自己，他会直接描述他的词语，现在，逐一分析每个玩家的描述，注意，这局游戏的词语分类为<水果>，卧底词和平民词都属于该类。||之前是第2轮描述和之前轮数描述的合集。你之前认为的卧底是玩家4。
2024-12-13 15:55:19,678 - 4 - INFO - **********PLAYER4**********
在分析每位玩家的描述后，以下是我的观察：

玩家1描述的水果具有鲜艳的色泽、圆润的形状、丰富多汁的口感、独特的香气、皮薄核小、质地细腻、甜味浓郁，以及适合直接食用的特点。

玩家2的描述强调了水果的光滑外表、丰富的维生素、甘甜的味道、热带风情、浓郁的香气、高甜度、几乎无籽、适合炎热的天气食用，以及诱人的金黄色色泽和夏季消暑的特性。

玩家3的描述提到了色泽诱人、果实饱满、含有多种维生素、味道甜美、独特的甜香、细腻的果肉、适中的甜度、适合夏日甜品、长而弯曲的形状、光滑的表皮以及热带风情。

玩家4的描述与玩家1和玩家2有较高的相似性，强调了颜色鲜艳、水分充足、夏季消暑、独特的甜味和清凉感。

根据之前的分析，我之前认为玩家4是卧底，因为他的描述与其他玩家相比，没有明显的不同点，且都集中在水果的甜味和清凉感上。

然而，现在我们需要重新审视所有描述，寻找不一致之处。玩家1、2、3的描述都提到了水果的甜味、香气、外表、色泽等特征，而玩家4的描述虽然也提到了甜味和清凉感，但他的描述没有特别强调香气，且对果肉质地和形状的描述较为模糊。

因此，如果必须根据目前的描述来选择，玩家4的描述与其他玩家的描述最为接近，但也没有足够的信息来排除他。在这种情况下，如果我是要选择一个可能的不一致点，我可能会选择玩家4，因为他的描述在强调甜味和清凉感的同时，没有像其他玩家那样详细描述香气和外表等特征。

综上所述，尽管之前的推断是玩家4，但在没有更多线索的情况下，我仍然会倾向于认为玩家4是卧底，因为他可能没有在描述中突出与其他玩家描述的不同之处。然而，这只是一个基于现有信息的初步判断，实际的卧底身份可能需要更多的信息来确认。
2024-12-13 15:55:19,680 - 4 - INFO - **********JUDGER**********
你刚刚的分析是在分析每位玩家的描述后，以下是我的观察：

玩家1描述的水果具有鲜艳的色泽、圆润的形状、丰富多汁的口感、独特的香气、皮薄核小、质地细腻、甜味浓郁，以及适合直接食用的特点。

玩家2的描述强调了水果的光滑外表、丰富的维生素、甘甜的味道、热带风情、浓郁的香气、高甜度、几乎无籽、适合炎热的天气食用，以及诱人的金黄色色泽和夏季消暑的特性。

玩家3的描述提到了色泽诱人、果实饱满、含有多种维生素、味道甜美、独特的甜香、细腻的果肉、适中的甜度、适合夏日甜品、长而弯曲的形状、光滑的表皮以及热带风情。

玩家4的描述与玩家1和玩家2有较高的相似性，强调了颜色鲜艳、水分充足、夏季消暑、独特的甜味和清凉感。

根据之前的分析，我之前认为玩家4是卧底，因为他的描述与其他玩家相比，没有明显的不同点，且都集中在水果的甜味和清凉感上。

然而，现在我们需要重新审视所有描述，寻找不一致之处。玩家1、2、3的描述都提到了水果的甜味、香气、外表、色泽等特征，而玩家4的描述虽然也提到了甜味和清凉感，但他的描述没有特别强调香气，且对果肉质地和形状的描述较为模糊。

因此，如果必须根据目前的描述来选择，玩家4的描述与其他玩家的描述最为接近，但也没有足够的信息来排除他。在这种情况下，如果我是要选择一个可能的不一致点，我可能会选择玩家4，因为他的描述在强调甜味和清凉感的同时，没有像其他玩家那样详细描述香气和外表等特征。

综上所述，尽管之前的推断是玩家4，但在没有更多线索的情况下，我仍然会倾向于认为玩家4是卧底，因为他可能没有在描述中突出与其他玩家描述的不同之处。然而，这只是一个基于现有信息的初步判断，实际的卧底身份可能需要更多的信息来确认。|| `请根据上述分析，比较描述以找出不一致之处，注意，这局游戏的词语分类为<水果>，卧底词和平民词都属于该类。
2024-12-13 15:55:34,942 - 4 - INFO - **********PLAYER4**********
根据上述分析，以下是我对玩家描述的比较和找出的一致性或不一致性：

玩家1、2、3的描述中，都包含了以下共同点：
- 色泽鲜艳
- 形状圆润或光滑
- 口感丰富多汁或细腻
- 甜味浓郁或甘甜
- 维生素丰富
- 香气独特或浓郁
- 适合直接食用或无籽
- 热带风情或适合夏季消暑

玩家4的描述中，包含了以下共同点：
- 色泽鲜艳
- 水分充足
- 甜味独特
- 清凉感
- 适合夏季消暑

不一致之处：
- 玩家1、2、3的描述中多次提到了香气和甜度，而玩家4的描述中虽然也提到了甜味和清凉感，但没有特别强调香气。
- 玩家1、2、3的描述中提到了皮薄核小、果肉质地细腻、高甜度、几乎无籽等细节，而玩家4的描述中没有具体提及这些细节。
- 玩家2的描述中特别提到了金黄色色泽，而玩家4的描述中没有提及色泽的具体颜色。

基于这些不一致之处，如果需要找出可能的卧底，玩家4的描述可能在细节上与其他玩家的描述有所不同，尤其是在香气和色泽的具体描述上。因此，玩家4可能是卧底，因为他没有像其他玩家那样详细描述水果的香气和色泽等特征。然而，这只是一个基于描述不一致性的推测，实际的卧底身份可能需要更多的信息或更深入的讨论来确认。
2024-12-13 15:55:34,945 - 4 - INFO - **********JUDGER**********
你刚刚的分析是根据上述分析，以下是我对玩家描述的比较和找出的一致性或不一致性：

玩家1、2、3的描述中，都包含了以下共同点：
- 色泽鲜艳
- 形状圆润或光滑
- 口感丰富多汁或细腻
- 甜味浓郁或甘甜
- 维生素丰富
- 香气独特或浓郁
- 适合直接食用或无籽
- 热带风情或适合夏季消暑

玩家4的描述中，包含了以下共同点：
- 色泽鲜艳
- 水分充足
- 甜味独特
- 清凉感
- 适合夏季消暑

不一致之处：
- 玩家1、2、3的描述中多次提到了香气和甜度，而玩家4的描述中虽然也提到了甜味和清凉感，但没有特别强调香气。
- 玩家1、2、3的描述中提到了皮薄核小、果肉质地细腻、高甜度、几乎无籽等细节，而玩家4的描述中没有具体提及这些细节。
- 玩家2的描述中特别提到了金黄色色泽，而玩家4的描述中没有提及色泽的具体颜色。

基于这些不一致之处，如果需要找出可能的卧底，玩家4的描述可能在细节上与其他玩家的描述有所不同，尤其是在香气和色泽的具体描述上。因此，玩家4可能是卧底，因为他没有像其他玩家那样详细描述水果的香气和色泽等特征。然而，这只是一个基于描述不一致性的推测，实际的卧底身份可能需要更多的信息或更深入的讨论来确认。|| 请通过你分析的不一致之处，推断卧底身份，注意，这局游戏的词语分类为<水果>，卧底词和平民词都属于该类。
2024-12-13 15:55:44,568 - 4 - INFO - **********PLAYER4**********
基于分析的不一致之处，以下是我的推断：

玩家1、2、3的描述都指向了一种具有浓郁香气和甜味的常见水果，比如芒果或榴莲，它们通常被描述为色泽鲜艳、形状圆润、口感丰富、甜度适中或浓郁，且具有热带风情。

玩家4的描述虽然也提到了色泽鲜艳、水分充足、甜味独特和适合夏季消暑，但没有强调香气，也没有提及甜度或热带风情，且没有具体描述果肉质地或形状。

考虑到游戏中的词语分类为<水果>，且卧底词和平民词都属于该类，玩家4的描述缺乏与其他玩家描述的明显共同点，特别是在香气和甜度这两个关键特征上。这表明玩家4的描述可能与普通水果的典型特征有所不同。

因此，基于描述中的不一致之处，我推断玩家4可能是卧底。他的描述可能指向了一种与玩家1、2、3描述的水果不同的水果，或者是一种具有不同特征的普通水果，这使他与其他玩家的描述产生了差异。
2024-12-13 15:55:44,570 - 4 - INFO - **********JUDGER**********
你刚刚的推断是基于分析的不一致之处，以下是我的推断：

玩家1、2、3的描述都指向了一种具有浓郁香气和甜味的常见水果，比如芒果或榴莲，它们通常被描述为色泽鲜艳、形状圆润、口感丰富、甜度适中或浓郁，且具有热带风情。

玩家4的描述虽然也提到了色泽鲜艳、水分充足、甜味独特和适合夏季消暑，但没有强调香气，也没有提及甜度或热带风情，且没有具体描述果肉质地或形状。

考虑到游戏中的词语分类为<水果>，且卧底词和平民词都属于该类，玩家4的描述缺乏与其他玩家描述的明显共同点，特别是在香气和甜度这两个关键特征上。这表明玩家4的描述可能与普通水果的典型特征有所不同。

因此，基于描述中的不一致之处，我推断玩家4可能是卧底。他的描述可能指向了一种与玩家1、2、3描述的水果不同的水果，或者是一种具有不同特征的普通水果，这使他与其他玩家的描述产生了差异。|| 基于你刚刚的推断得出你的最终结论，请输出你认为的卧底，在这种情况下只需要输出编号，是1-4中的某个数字，不要输出其他信息。在这个过程不要进行任何推理，只对||以前的部分进行信息提取
2024-12-13 15:55:46,550 - 4 - INFO - **********PLAYER4**********
4
2024-12-13 15:56:00,573 - 4 - INFO - **********JUDGER**********
玩家1说：这个水果色泽鲜艳，形状圆润，口感丰富多汁。在水果类中，它最特别的地方在于它的香气独特，很多人认为它的香味是其最大的特点。这个水果的皮薄核小，质地细腻，其甜味浓郁，适合直接食用。在同类水果中，它因其独特的甜度和丝滑的口感而受到喜爱。这个水果的果肉细腻丝滑，甜度适中，适合各种食用方式，不仅美味，而且营养价值高，富含多种维生素和矿物质。在夏季，它是一种理想的消暑水果，能够带来清凉的感觉。玩家2说：这个水果外表光滑，富含丰富的维生素，味道甘甜。在水果中，它以其特有的热带风情和浓郁的香气而著称。这个水果的甜度极高，几乎可以达到甜蜜的顶峰，而它的香气更是迷人，能够在短时间内弥漫整个空间。它的果肉质地细腻，几乎无籽，非常适合直接食用，特别是在炎热的天气里，它能够带来一丝清凉。这个水果的色泽通常是金黄色，非常诱人，而且它的水分含量也很高，是夏季消暑的好选择。这个水果的甜度非常独特，它的味道既清新又浓郁，给人一种层次丰富的口感体验。它的香气非常迷人，能够在短时间内充满整个空间，让人忍不住想要品尝。这个水果的果肉质地非常细腻，几乎无籽，非常适合直接食用，尤其是在炎热的夏天，它能够带来一丝清凉感。此外，这个水果的色泽通常是金黄色，非常诱人，而且它的水分含量也很高，是夏季消暑的佳品。玩家3说：这个水果色泽诱人，果实饱满，含有多种维生素。在同类水果中，它最显著的特征是味道甜美，特别适合鲜食。这个水果有着独特的甜香，果肉细腻，甜度适中，适合作为夏日的清凉甜品。它的形状通常比较长而弯曲，表皮光滑，给人一种热带风情。在同类水果中，它以其丰富的营养价值和独特的风味而受到人们的喜爱。这个水果以其金黄色的外观和诱人的色泽著称，它的形状通常是长而略弯曲，给人一种热带的感觉。果肉细腻，口感丝滑，甜度适中，非常适合作为夏日的消暑甜品。这种水果的香气独特，能够带来一丝清凉，非常适合直接食用。它的营养价值高，含有多种维生素和矿物质，对健康非常有益。玩家4说：这个水果通常颜色鲜艳，水分充足，是夏季常见的消暑佳品。它在同类水果中最为特别的是其独特的甜味和清凉感。这个水果是夏季的清凉代表，它的形状通常比较规则，切开后可以看到清晰的纹理。它的果肉色彩鲜艳，口感脆嫩，甜度适中，非常适合炎炎夏日解渴消暑。在同类水果中，它以其独特的口感和清凉属性而受到人们的喜爱。你是第4号玩家，你的关键词是<西瓜>。你的回答中绝对不能包含你的关键词<西瓜>。这是第三轮描述，你之前的描述是这个水果通常颜色鲜艳，水分充足，是夏季常见的消暑佳品。它在同类水果中最为特别的是其独特的甜味和清凉感。和这个水果是夏季的清凉代表，它的形状通常比较规则，切开后可以看到清晰的纹理。它的果肉色彩鲜艳，口感脆嫩，甜度适中，非常适合炎炎夏日解渴消暑。在同类水果中，它以其独特的口感和清凉属性而受到人们的喜爱。，注意，这局游戏的词语分类为<水果>，卧底词和平民词都属于该类，请你补充关于关键词的描述，注意，你的描述应该比起之前的描述更加贴近关键词，作为之前的补充
2024-12-13 15:56:03,805 - 4 - INFO - **********PLAYER4**********
这个水果通常有着明显的条纹，切开后可以看到分布均匀的红色果肉和黑色的种子。它的口感清甜爽口，水分含量高，是夏日消暑的佳选。它的形状通常呈椭圆形或球形，非常适合作为夏日饮品或直接食用。
2024-12-13 15:57:12,896 - 4 - INFO - **********JUDGER**********
玩家1说：这个水果色泽鲜艳，形状圆润，口感丰富多汁。在水果类中，它最特别的地方在于它的香气独特，很多人认为它的香味是其最大的特点。这个水果的皮薄核小，质地细腻，其甜味浓郁，适合直接食用。在同类水果中，它因其独特的甜度和丝滑的口感而受到喜爱。这个水果的果肉细腻丝滑，甜度适中，适合各种食用方式，不仅美味，而且营养价值高，富含多种维生素和矿物质。在夏季，它是一种理想的消暑水果，能够带来清凉的感觉。玩家2说：这个水果外表光滑，富含丰富的维生素，味道甘甜。在水果中，它以其特有的热带风情和浓郁的香气而著称。这个水果的甜度极高，几乎可以达到甜蜜的顶峰，而它的香气更是迷人，能够在短时间内弥漫整个空间。它的果肉质地细腻，几乎无籽，非常适合直接食用，特别是在炎热的天气里，它能够带来一丝清凉。这个水果的色泽通常是金黄色，非常诱人，而且它的水分含量也很高，是夏季消暑的好选择。这个水果的甜度非常独特，它的味道既清新又浓郁，给人一种层次丰富的口感体验。它的香气非常迷人，能够在短时间内充满整个空间，让人忍不住想要品尝。这个水果的果肉质地非常细腻，几乎无籽，非常适合直接食用，尤其是在炎热的夏天，它能够带来一丝清凉感。此外，这个水果的色泽通常是金黄色，非常诱人，而且它的水分含量也很高，是夏季消暑的佳品。玩家3说：这个水果色泽诱人，果实饱满，含有多种维生素。在同类水果中，它最显著的特征是味道甜美，特别适合鲜食。这个水果有着独特的甜香，果肉细腻，甜度适中，适合作为夏日的清凉甜品。它的形状通常比较长而弯曲，表皮光滑，给人一种热带风情。在同类水果中，它以其丰富的营养价值和独特的风味而受到人们的喜爱。这个水果以其金黄色的外观和诱人的色泽著称，它的形状通常是长而略弯曲，给人一种热带的感觉。果肉细腻，口感丝滑，甜度适中，非常适合作为夏日的消暑甜品。这种水果的香气独特，能够带来一丝清凉，非常适合直接食用。它的营养价值高，含有多种维生素和矿物质，对健康非常有益。玩家4说：这个水果通常颜色鲜艳，水分充足，是夏季常见的消暑佳品。它在同类水果中最为特别的是其独特的甜味和清凉感。这个水果是夏季的清凉代表，它的形状通常比较规则，切开后可以看到清晰的纹理。它的果肉色彩鲜艳，口感脆嫩，甜度适中，非常适合炎炎夏日解渴消暑。在同类水果中，它以其独特的口感和清凉属性而受到人们的喜爱。这个水果通常有着明显的条纹，切开后可以看到分布均匀的红色果肉和黑色的种子。它的口感清甜爽口，水分含量高，是夏日消暑的佳选。它的形状通常呈椭圆形或球形，非常适合作为夏日饮品或直接食用。||在这个游戏中，我们需要通过分析每位玩家的描述来找出卧底。通常，平民的描述会围绕相同的词语展开，而卧底的描述可能会因为词语的不同而显得不太一致。我们需要仔细比较每个描述之间的相似性和差异性，以找出可能的卧底，注意，卧底并不会隐藏自己，他会直接描述他的词语，现在，逐一分析每个玩家的描述，注意，这局游戏的词语分类为<水果>，卧底词和平民词都属于该类。||之前是第3轮描述和之前轮数描述的合集。你之前认为的卧底是玩家4。
2024-12-13 15:57:27,804 - 4 - INFO - **********PLAYER4**********
基于玩家4的描述，以下是我的分析：

玩家4的描述中提到了以下特征：
- 颜色鲜艳
- 水分充足
- 夏季常见
- 独特的甜味和清凉感
- 形状规则
- 清晰的纹理
- 红色果肉和黑色种子
- 清甜爽口
- 椭圆形或球形
- 适合作为饮品或直接食用

这些特征与西瓜这一水果非常吻合，尤其是描述中提到的红色果肉和黑色种子，这是西瓜的独特特征。其他玩家虽然也提到了甜味和清凉感，但没有像玩家4那样具体描述果肉和种子的颜色。

因此，结合之前的分析，我认为玩家4很可能是卧底，因为他的描述与西瓜这一水果的特征高度吻合，而其他玩家的描述则更倾向于描述一系列常见水果的普遍特征。如果游戏中的词语分类为<水果>，且卧底词和平民词都属于该类，那么玩家4的描述与西瓜这一特定水果的特征最为贴切，因此我推断玩家4是卧底。

卧底编号：4
2024-12-13 15:57:27,807 - 4 - INFO - **********JUDGER**********
你刚刚的分析是基于玩家4的描述，以下是我的分析：

玩家4的描述中提到了以下特征：
- 颜色鲜艳
- 水分充足
- 夏季常见
- 独特的甜味和清凉感
- 形状规则
- 清晰的纹理
- 红色果肉和黑色种子
- 清甜爽口
- 椭圆形或球形
- 适合作为饮品或直接食用

这些特征与西瓜这一水果非常吻合，尤其是描述中提到的红色果肉和黑色种子，这是西瓜的独特特征。其他玩家虽然也提到了甜味和清凉感，但没有像玩家4那样具体描述果肉和种子的颜色。

因此，结合之前的分析，我认为玩家4很可能是卧底，因为他的描述与西瓜这一水果的特征高度吻合，而其他玩家的描述则更倾向于描述一系列常见水果的普遍特征。如果游戏中的词语分类为<水果>，且卧底词和平民词都属于该类，那么玩家4的描述与西瓜这一特定水果的特征最为贴切，因此我推断玩家4是卧底。

卧底编号：4|| `请根据上述分析，比较描述以找出不一致之处，注意，这局游戏的词语分类为<水果>，卧底词和平民词都属于该类。
2024-12-13 15:57:41,161 - 4 - INFO - **********PLAYER4**********
在比较每位玩家的描述后，以下是我找出的一致性和不一致之处：

一致性：
- 所有玩家都提到了水果的色泽鲜艳、水分充足、甜味和清凉感，以及适合夏季消暑。
- 所有玩家都提到了水果的口感细腻，适合直接食用。

不一致之处：
- 玩家1、2、3的描述中强调了水果的香气独特、皮薄核小、甜度适中或高、形状圆润或光滑、金黄色色泽等特征。
- 玩家4的描述中虽然也提到了色泽鲜艳、甜味和清凉感，但没有强调香气、皮薄核小、金黄色色泽等特征。玩家4特别提到了红色果肉和黑色种子，这是西瓜的特征，而其他玩家没有提及这一点。

基于这些不一致之处，玩家4的描述与其他玩家的描述在细节上有明显的差异，特别是在提到果肉颜色和种子分布这一点上。其他玩家的描述更倾向于描述一系列常见水果的普遍特征，而玩家4的描述则更具体地指向了西瓜这一特定水果。

因此，不一致之处在于玩家4没有提到与其他玩家描述中普遍存在的香气、金黄色色泽等特征，而是具体提到了红色果肉和黑色种子，这是西瓜的独特特征。这可能是区分卧底和其他玩家的关键线索。
2024-12-13 15:57:41,163 - 4 - INFO - **********JUDGER**********
你刚刚的分析是在比较每位玩家的描述后，以下是我找出的一致性和不一致之处：

一致性：
- 所有玩家都提到了水果的色泽鲜艳、水分充足、甜味和清凉感，以及适合夏季消暑。
- 所有玩家都提到了水果的口感细腻，适合直接食用。

不一致之处：
- 玩家1、2、3的描述中强调了水果的香气独特、皮薄核小、甜度适中或高、形状圆润或光滑、金黄色色泽等特征。
- 玩家4的描述中虽然也提到了色泽鲜艳、甜味和清凉感，但没有强调香气、皮薄核小、金黄色色泽等特征。玩家4特别提到了红色果肉和黑色种子，这是西瓜的特征，而其他玩家没有提及这一点。

基于这些不一致之处，玩家4的描述与其他玩家的描述在细节上有明显的差异，特别是在提到果肉颜色和种子分布这一点上。其他玩家的描述更倾向于描述一系列常见水果的普遍特征，而玩家4的描述则更具体地指向了西瓜这一特定水果。

因此，不一致之处在于玩家4没有提到与其他玩家描述中普遍存在的香气、金黄色色泽等特征，而是具体提到了红色果肉和黑色种子，这是西瓜的独特特征。这可能是区分卧底和其他玩家的关键线索。|| 请通过你分析的不一致之处，推断卧底身份，注意，这局游戏的词语分类为<水果>，卧底词和平民词都属于该类。
2024-12-13 15:57:43,624 - 4 - INFO - **********PLAYER4**********
基于分析的不一致之处，我推断卧底身份为：

卧底编号：4
2024-12-13 15:57:43,624 - 4 - INFO - **********JUDGER**********
你刚刚的推断是基于分析的不一致之处，我推断卧底身份为：

卧底编号：4|| 基于你刚刚的推断得出你的最终结论，请输出你认为的卧底，在这种情况下只需要输出编号，是1-4中的某个数字，不要输出其他信息。在这个过程不要进行任何推理，只对||以前的部分进行信息提取
2024-12-13 15:57:45,555 - 4 - INFO - **********PLAYER4**********
4
2024-12-13 15:57:45,556 - 4 - INFO - **********JUDGER**********
你认为卧底是你自己。你现在需要随便选一个人投票。请输出一个数字，是1-4中的某个数字，但这个数字不能是4，不要输出其他信息。
2024-12-13 15:57:47,227 - 4 - INFO - **********PLAYER4**********
4
