2024-12-13 16:24:46,824 - 2 - INFO - **********JUDGER**********
让我们来玩一个叫做<谁是卧底>的推理游戏。基本规则：<人数>：4人。<角色分配>：每位玩家随机抽取一个词语，3名玩家拿到的词语是相同的（平民词），1名玩家拿到与之相近但不同的词语（卧底词）。<游戏流程>：1、玩家轮流描述自己的词语，但<不能>直接说出词语本身。2、描述完毕后，投票选出最像卧底的玩家。3、每轮结束后，被投票选出的玩家出局，不能再进行描述或投票。4、每轮投票结束后，如果卧底被成功找出，平民方获胜；如果卧底未被找出且卧底人数等于或超过平民人数，则卧底方获胜。你将扮演一个<玩家>，请等待你被分配到的关键词。如果你听懂了，只回答，"好的，我准备好参加游戏了"，不要输出别的信息
2024-12-13 16:24:47,382 - 2 - INFO - **********PLAYER2**********
好的，我准备好参加游戏了
2024-12-13 16:24:54,611 - 2 - INFO - **********JUDGER**********
玩家1说：这个水果水分充足，夏天吃特别解渴。在水果类中，它通常是圆形的，有着绿色的外皮和红色的果肉。与其他水果相比，它可能更甜一些。玩家2说：玩家3说：玩家4说：|| 你是第2号玩家，你的关键词是<西瓜>。你的回答中绝对不能包含你的关键词<西瓜>。这是第一轮描述，不需要分析||之前别的玩家的描述，请你描述关键词基本特征，注意，这局游戏的词语分类为<水果>，卧底词和平民词都属于该类，描述包括以下两点，1.他的基本特征是什么2.他在该类（水果）中最突出不同的特征是什么，尽量简短
2024-12-13 16:24:58,434 - 2 - INFO - **********PLAYER2**********
这个水果汁多，特别适合在炎热的夏天食用。它通常呈圆形，外皮绿色，果肉红色，口感较甜。与同类水果相比，它的甜度可能更为突出。
2024-12-13 16:26:03,845 - 2 - INFO - **********JUDGER**********
玩家1说：这个水果水分充足，夏天吃特别解渴。在水果类中，它通常是圆形的，有着绿色的外皮和红色的果肉。与其他水果相比，它可能更甜一些。玩家2说：这个水果汁多，特别适合在炎热的夏天食用。它通常呈圆形，外皮绿色，果肉红色，口感较甜。与同类水果相比，它的甜度可能更为突出。玩家3说：这个水果通常呈圆柱形，表皮光滑，颜色鲜艳，内含多汁的果肉。在同类水果中，它的甜度尤为突出。玩家4说：||在这个游戏中，我们需要通过分析每位玩家的描述来找出卧底。通常，平民的描述会围绕相同的词语展开，而卧底的描述可能会因为词语的不同而显得不太一致。我们需要仔细比较每个描述之间的相似性和差异性，以找出可能的卧底，注意，卧底并不会隐藏自己，他会直接描述他的词语，现在，逐一分析每个玩家的描述，注意，这局游戏的词语分类为<水果>，卧底词和平民词都属于该类。这是第一轮描述。
2024-12-13 16:26:08,220 - 2 - INFO - **********PLAYER2**********
我注意到其他玩家的描述都集中在描述一个圆形、绿色外皮、红色果肉、汁多且甜的水果上。我的描述与他们的描述有所不同，因为我描述的是一个圆柱形、表皮光滑、颜色鲜艳、内含多汁果肉的水果，并且强调了它的甜度尤为突出。这可能与他们描述的词语不完全一致，所以我怀疑我的词语可能是不同的。
2024-12-13 16:26:08,221 - 2 - INFO - **********JUDGER**********
你刚刚的分析是我注意到其他玩家的描述都集中在描述一个圆形、绿色外皮、红色果肉、汁多且甜的水果上。我的描述与他们的描述有所不同，因为我描述的是一个圆柱形、表皮光滑、颜色鲜艳、内含多汁果肉的水果，并且强调了它的甜度尤为突出。这可能与他们描述的词语不完全一致，所以我怀疑我的词语可能是不同的。|| `请根据上述分析，比较描述以找出不一致之处，注意，这局游戏的词语分类为<水果>，卧底词和平民词都属于该类。
2024-12-13 16:26:19,775 - 2 - INFO - **********PLAYER2**********
根据上述分析，我们可以比较描述中的一致性和不一致性：

1. 圆形 vs 圆柱形：玩家1、玩家2和玩家3都描述了圆形的水果，而玩家3描述的是圆柱形。这是一个明显的不一致点。

2. 绿色外皮 vs 表皮光滑：玩家1和玩家2提到了绿色外皮，而玩家3描述的是表皮光滑，没有提到颜色。

3. 红色果肉 vs 颜色鲜艳：玩家1和玩家2提到了红色果肉，玩家3描述的是颜色鲜艳，但没有具体提到果肉的颜色。

4. 汁多且甜 vs 甜度尤为突出：所有玩家都提到了水果的甜度和汁多，但玩家3特别强调了甜度的突出。

基于这些不一致点，玩家3的描述与其他玩家相比有较大的差异，特别是在形状和表皮描述上。因此，玩家3的描述可能是基于不同的水果，可能是卧底。然而，由于所有描述都属于水果类别，我们不能完全确定玩家3就是卧底，但他的描述确实与平民的描述存在显著的不同。
2024-12-13 16:26:19,778 - 2 - INFO - **********JUDGER**********
你刚刚的分析是根据上述分析，我们可以比较描述中的一致性和不一致性：

1. 圆形 vs 圆柱形：玩家1、玩家2和玩家3都描述了圆形的水果，而玩家3描述的是圆柱形。这是一个明显的不一致点。

2. 绿色外皮 vs 表皮光滑：玩家1和玩家2提到了绿色外皮，而玩家3描述的是表皮光滑，没有提到颜色。

3. 红色果肉 vs 颜色鲜艳：玩家1和玩家2提到了红色果肉，玩家3描述的是颜色鲜艳，但没有具体提到果肉的颜色。

4. 汁多且甜 vs 甜度尤为突出：所有玩家都提到了水果的甜度和汁多，但玩家3特别强调了甜度的突出。

基于这些不一致点，玩家3的描述与其他玩家相比有较大的差异，特别是在形状和表皮描述上。因此，玩家3的描述可能是基于不同的水果，可能是卧底。然而，由于所有描述都属于水果类别，我们不能完全确定玩家3就是卧底，但他的描述确实与平民的描述存在显著的不同。|| 请通过你分析的不一致之处，推断卧底身份，注意，这局游戏的词语分类为<水果>，卧底词和平民词都属于该类。
2024-12-13 16:26:31,412 - 2 - INFO - **********PLAYER2**********
根据分析中提到的不一致之处，我们可以推断以下可能性：

1. 玩家3描述的圆柱形水果与玩家1、玩家2描述的圆形水果不符。在常见的圆形水果中，西瓜是一个典型的例子，而圆柱形的水果在常见水果中较为罕见。

2. 玩家3提到的“表皮光滑”和“颜色鲜艳”并没有具体指向某种特定的颜色，而玩家1和玩家2描述的绿色外皮和红色果肉则指向了西瓜。

3. 玩家3特别强调了甜度的突出，这可能是一个提示，因为西瓜以其甜度高而闻名。

综合以上点，玩家3的描述与西瓜的特征最为接近，而西瓜在玩家1和玩家2的描述中并未被直接提及。因此，基于这些线索，玩家3可能是卧底，他的关键词可能是与西瓜特征相似但又不完全相同的另一种水果，或者是与西瓜有相似特征的蔬菜。由于西瓜是常见的圆形绿色外皮红色果肉的水果，且以其甜度高而著称，玩家3的描述很可能指向了一个与西瓜相关的不同水果或蔬菜。
2024-12-13 16:26:31,413 - 2 - INFO - **********JUDGER**********
你刚刚的推断是根据分析中提到的不一致之处，我们可以推断以下可能性：

1. 玩家3描述的圆柱形水果与玩家1、玩家2描述的圆形水果不符。在常见的圆形水果中，西瓜是一个典型的例子，而圆柱形的水果在常见水果中较为罕见。

2. 玩家3提到的“表皮光滑”和“颜色鲜艳”并没有具体指向某种特定的颜色，而玩家1和玩家2描述的绿色外皮和红色果肉则指向了西瓜。

3. 玩家3特别强调了甜度的突出，这可能是一个提示，因为西瓜以其甜度高而闻名。

综合以上点，玩家3的描述与西瓜的特征最为接近，而西瓜在玩家1和玩家2的描述中并未被直接提及。因此，基于这些线索，玩家3可能是卧底，他的关键词可能是与西瓜特征相似但又不完全相同的另一种水果，或者是与西瓜有相似特征的蔬菜。由于西瓜是常见的圆形绿色外皮红色果肉的水果，且以其甜度高而著称，玩家3的描述很可能指向了一个与西瓜相关的不同水果或蔬菜。|| 基于你刚刚的推断得出你的最终结论，请输出你认为的卧底，在这种情况下只需要输出编号，是1-4中的某个数字，不要输出其他信息。在这个过程不要进行任何推理，只对||以前的部分进行信息提取
2024-12-13 16:26:32,260 - 2 - INFO - **********PLAYER2**********
3
2024-12-13 16:27:51,704 - 2 - INFO - **********JUDGER**********
玩家1说：这个水果水分充足，夏天吃特别解渴。在水果类中，它通常是圆形的，有着绿色的外皮和红色的果肉。与其他水果相比，它可能更甜一些。这个水果在成熟时外皮呈现出鲜艳的绿色，果肉饱满多汁，呈现出诱人的红色。它的甜度非常高，几乎每口都能感受到清甜的滋味，非常适合作为消暑解渴的夏日水果。玩家2说：这个水果汁多，特别适合在炎热的夏天食用。它通常呈圆形，外皮绿色，果肉红色，口感较甜。与同类水果相比，它的甜度可能更为突出。玩家3说：这个水果通常呈圆柱形，表皮光滑，颜色鲜艳，内含多汁的果肉。在同类水果中，它的甜度尤为突出。玩家4说：这个水果体积较大，皮色以绿色为主，肉色为红色，味道甜美多汁。它在同类水果中以其独特的甜度和汁水丰富而著称。你是第2号玩家，你的关键词是<西瓜>。你的回答中绝对不能包含你的关键词<西瓜>。这是第二轮描述，你之前的描述是这个水果汁多，特别适合在炎热的夏天食用。它通常呈圆形，外皮绿色，果肉红色，口感较甜。与同类水果相比，它的甜度可能更为突出。，注意，这局游戏的词语分类为<水果>，卧底词和平民词都属于该类，请你补充关于关键词的描述，注意，你的描述应该比起之前的描述更加贴近关键词，作为之前的补充
2024-12-13 16:27:55,054 - 2 - INFO - **********PLAYER2**********
这个水果是夏日的清凉之选，其特点是皮薄肉厚，汁水丰富，味道甜美。在同类水果中，它的甜度尤为明显，每一口都能带来清甜的享受。
2024-12-13 16:28:22,413 - 2 - INFO - **********JUDGER**********
玩家1说：这个水果水分充足，夏天吃特别解渴。在水果类中，它通常是圆形的，有着绿色的外皮和红色的果肉。与其他水果相比，它可能更甜一些。这个水果在成熟时外皮呈现出鲜艳的绿色，果肉饱满多汁，呈现出诱人的红色。它的甜度非常高，几乎每口都能感受到清甜的滋味，非常适合作为消暑解渴的夏日水果。玩家2说：这个水果汁多，特别适合在炎热的夏天食用。它通常呈圆形，外皮绿色，果肉红色，口感较甜。与同类水果相比，它的甜度可能更为突出。这个水果是夏日的清凉之选，其特点是皮薄肉厚，汁水丰富，味道甜美。在同类水果中，它的甜度尤为明显，每一口都能带来清甜的享受。玩家3说：这个水果通常呈圆柱形，表皮光滑，颜色鲜艳，内含多汁的果肉。在同类水果中，它的甜度尤为突出。这个水果有着独特的香味，成熟时外皮呈现黄色，肉质软糯，含有大量的汁液。它通常比其他水果更加重，且在同类水果中，它的甜度和香气都十分出众。玩家4说：这个水果体积较大，皮色以绿色为主，肉色为红色，味道甜美多汁。它在同类水果中以其独特的甜度和汁水丰富而著称。||在这个游戏中，我们需要通过分析每位玩家的描述来找出卧底。通常，平民的描述会围绕相同的词语展开，而卧底的描述可能会因为词语的不同而显得不太一致。我们需要仔细比较每个描述之间的相似性和差异性，以找出可能的卧底，注意，卧底并不会隐藏自己，他会直接描述他的词语，现在，逐一分析每个玩家的描述，注意，这局游戏的词语分类为<水果>，卧底词和平民词都属于该类。||之前是第2轮描述和之前轮数描述的合集。你之前认为的卧底是玩家3。
2024-12-13 16:28:32,289 - 2 - INFO - **********PLAYER2**********
玩家3的描述与其他玩家相比仍然存在不一致之处。虽然玩家3提到了圆柱形、表皮光滑、颜色鲜艳、内含多汁的果肉以及甜度突出，但他还提到了独特的香味、成熟时外皮呈现黄色、肉质软糯，这些特征与玩家1、玩家2和玩家4描述的圆形、绿色外皮、红色果肉的水果不符。玩家4的描述虽然与玩家1和玩家2相似，但在甜度和汁水的描述上更为强调独特性。

综合这些信息，玩家3的描述与西瓜的特征最为不符，因为西瓜是圆形的，而玩家3描述的是圆柱形。此外，玩家3还提到了成熟时外皮呈黄色，这与西瓜成熟时鲜艳的绿色外皮不一致。因此，基于这些不一致点，玩家3的描述仍然指向卧底的可能性较高。
2024-12-13 16:28:32,291 - 2 - INFO - **********JUDGER**********
你刚刚的分析是玩家3的描述与其他玩家相比仍然存在不一致之处。虽然玩家3提到了圆柱形、表皮光滑、颜色鲜艳、内含多汁的果肉以及甜度突出，但他还提到了独特的香味、成熟时外皮呈现黄色、肉质软糯，这些特征与玩家1、玩家2和玩家4描述的圆形、绿色外皮、红色果肉的水果不符。玩家4的描述虽然与玩家1和玩家2相似，但在甜度和汁水的描述上更为强调独特性。

综合这些信息，玩家3的描述与西瓜的特征最为不符，因为西瓜是圆形的，而玩家3描述的是圆柱形。此外，玩家3还提到了成熟时外皮呈黄色，这与西瓜成熟时鲜艳的绿色外皮不一致。因此，基于这些不一致点，玩家3的描述仍然指向卧底的可能性较高。|| `请根据上述分析，比较描述以找出不一致之处，注意，这局游戏的词语分类为<水果>，卧底词和平民词都属于该类。
2024-12-13 16:28:51,178 - 2 - INFO - **********PLAYER2**********
根据上述分析，我们可以进一步比较描述中的一致性和不一致性：

1. 形状描述：
   - 玩家1、玩家2和玩家4都描述了圆形的水果。
   - 玩家3描述了圆柱形的水果，这与圆形水果的特征不一致。

2. 外皮颜色描述：
   - 玩家1、玩家2和玩家4都提到了绿色外皮。
   - 玩家3描述了成熟时外皮呈现黄色，这与绿色外皮的特征不一致。

3. 果肉颜色描述：
   - 玩家1、玩家2和玩家4都描述了红色果肉。
   - 玩家3的描述没有提到果肉颜色，但提到了肉质软糯，这与红色果肉的特征不一致。

4. 甜度描述：
   - 所有玩家都提到了甜度，但玩家3特别强调了甜度和香气的出众，这与玩家1、玩家2和玩家4的描述相似，但没有具体提到香气。

5. 其他特征：
   - 玩家3提到了独特的香味和肉质软糯，这些特征在玩家1、玩家2和玩家4的描述中没有出现。

综上所述，玩家3的描述在形状、外皮颜色、果肉颜色和其他特征上与玩家1、玩家2和玩家4的描述存在不一致之处，这表明玩家3的描述可能与卧底词不符。
2024-12-13 16:28:51,181 - 2 - INFO - **********JUDGER**********
你刚刚的分析是根据上述分析，我们可以进一步比较描述中的一致性和不一致性：

1. 形状描述：
   - 玩家1、玩家2和玩家4都描述了圆形的水果。
   - 玩家3描述了圆柱形的水果，这与圆形水果的特征不一致。

2. 外皮颜色描述：
   - 玩家1、玩家2和玩家4都提到了绿色外皮。
   - 玩家3描述了成熟时外皮呈现黄色，这与绿色外皮的特征不一致。

3. 果肉颜色描述：
   - 玩家1、玩家2和玩家4都描述了红色果肉。
   - 玩家3的描述没有提到果肉颜色，但提到了肉质软糯，这与红色果肉的特征不一致。

4. 甜度描述：
   - 所有玩家都提到了甜度，但玩家3特别强调了甜度和香气的出众，这与玩家1、玩家2和玩家4的描述相似，但没有具体提到香气。

5. 其他特征：
   - 玩家3提到了独特的香味和肉质软糯，这些特征在玩家1、玩家2和玩家4的描述中没有出现。

综上所述，玩家3的描述在形状、外皮颜色、果肉颜色和其他特征上与玩家1、玩家2和玩家4的描述存在不一致之处，这表明玩家3的描述可能与卧底词不符。|| 请通过你分析的不一致之处，推断卧底身份，注意，这局游戏的词语分类为<水果>，卧底词和平民词都属于该类。
2024-12-13 16:28:55,742 - 2 - INFO - **********PLAYER2**********
基于分析的不一致之处，玩家3的描述在多个关键特征上与玩家1、玩家2和玩家4的描述不符，特别是形状（圆柱形 vs 圆形）、外皮颜色（黄色 vs 绿色）和肉质描述（软糯 vs 红色果肉）。这些差异表明玩家3的描述可能与卧底词不符。

因此，根据这些不一致之处，玩家3可能是卧底。
2024-12-13 16:28:55,743 - 2 - INFO - **********JUDGER**********
你刚刚的推断是基于分析的不一致之处，玩家3的描述在多个关键特征上与玩家1、玩家2和玩家4的描述不符，特别是形状（圆柱形 vs 圆形）、外皮颜色（黄色 vs 绿色）和肉质描述（软糯 vs 红色果肉）。这些差异表明玩家3的描述可能与卧底词不符。

因此，根据这些不一致之处，玩家3可能是卧底。|| 基于你刚刚的推断得出你的最终结论，请输出你认为的卧底，在这种情况下只需要输出编号，是1-4中的某个数字，不要输出其他信息。在这个过程不要进行任何推理，只对||以前的部分进行信息提取
2024-12-13 16:28:57,146 - 2 - INFO - **********PLAYER2**********
3
2024-12-13 16:29:43,145 - 2 - INFO - **********JUDGER**********
玩家1说：这个水果水分充足，夏天吃特别解渴。在水果类中，它通常是圆形的，有着绿色的外皮和红色的果肉。与其他水果相比，它可能更甜一些。这个水果在成熟时外皮呈现出鲜艳的绿色，果肉饱满多汁，呈现出诱人的红色。它的甜度非常高，几乎每口都能感受到清甜的滋味，非常适合作为消暑解渴的夏日水果。这个水果的甜度适中，口感清爽，适合夏天食用，能够带来清凉感。它的外皮光滑，颜色翠绿，果肉鲜艳，多汁。玩家2说：这个水果汁多，特别适合在炎热的夏天食用。它通常呈圆形，外皮绿色，果肉红色，口感较甜。与同类水果相比，它的甜度可能更为突出。这个水果是夏日的清凉之选，其特点是皮薄肉厚，汁水丰富，味道甜美。在同类水果中，它的甜度尤为明显，每一口都能带来清甜的享受。玩家3说：这个水果通常呈圆柱形，表皮光滑，颜色鲜艳，内含多汁的果肉。在同类水果中，它的甜度尤为突出。这个水果有着独特的香味，成熟时外皮呈现黄色，肉质软糯，含有大量的汁液。它通常比其他水果更加重，且在同类水果中，它的甜度和香气都十分出众。玩家4说：这个水果体积较大，皮色以绿色为主，肉色为红色，味道甜美多汁。它在同类水果中以其独特的甜度和汁水丰富而著称。这个水果在炎热的夏季特别受欢迎，它有着厚实的绿色外皮，切开时可以看到鲜红的果肉，每一口都能带来清凉和甜蜜。它的汁水饱满，甜度适中，是消暑解渴的佳品。在同类水果中，它的甜度和水分含量都是上乘的。你是第2号玩家，你的关键词是<西瓜>。你的回答中绝对不能包含你的关键词<西瓜>。这是第三轮描述，你之前的描述是这个水果汁多，特别适合在炎热的夏天食用。它通常呈圆形，外皮绿色，果肉红色，口感较甜。与同类水果相比，它的甜度可能更为突出。和这个水果是夏日的清凉之选，其特点是皮薄肉厚，汁水丰富，味道甜美。在同类水果中，它的甜度尤为明显，每一口都能带来清甜的享受。，注意，这局游戏的词语分类为<水果>，卧底词和平民词都属于该类，请你补充关于关键词的描述，注意，你的描述应该比起之前的描述更加贴近关键词，作为之前的补充
2024-12-13 16:29:46,650 - 2 - INFO - **********PLAYER2**********
这个水果在炎热的夏天是消暑解渴的佳选，它的外皮光滑，呈现出鲜艳的绿色，果肉饱满且红色，口感清甜。它的汁水丰富，每一口都能感受到清凉和甜蜜，是夏日的清凉之选。
2024-12-13 16:30:13,867 - 2 - INFO - **********JUDGER**********
玩家1说：这个水果水分充足，夏天吃特别解渴。在水果类中，它通常是圆形的，有着绿色的外皮和红色的果肉。与其他水果相比，它可能更甜一些。这个水果在成熟时外皮呈现出鲜艳的绿色，果肉饱满多汁，呈现出诱人的红色。它的甜度非常高，几乎每口都能感受到清甜的滋味，非常适合作为消暑解渴的夏日水果。这个水果的甜度适中，口感清爽，适合夏天食用，能够带来清凉感。它的外皮光滑，颜色翠绿，果肉鲜艳，多汁。玩家2说：这个水果汁多，特别适合在炎热的夏天食用。它通常呈圆形，外皮绿色，果肉红色，口感较甜。与同类水果相比，它的甜度可能更为突出。这个水果是夏日的清凉之选，其特点是皮薄肉厚，汁水丰富，味道甜美。在同类水果中，它的甜度尤为明显，每一口都能带来清甜的享受。这个水果在炎热的夏天是消暑解渴的佳选，它的外皮光滑，呈现出鲜艳的绿色，果肉饱满且红色，口感清甜。它的汁水丰富，每一口都能感受到清凉和甜蜜，是夏日的清凉之选。玩家3说：这个水果通常呈圆柱形，表皮光滑，颜色鲜艳，内含多汁的果肉。在同类水果中，它的甜度尤为突出。这个水果有着独特的香味，成熟时外皮呈现黄色，肉质软糯，含有大量的汁液。它通常比其他水果更加重，且在同类水果中，它的甜度和香气都十分出众。这个水果是热带风情的代表，其外皮坚硬，呈现出独特的黄绿色调。当切开时，可以见到其肉质松软，含有丰富的汁液，散发出浓郁的香气。它的甜度适中，口感多汁，是夏日消暑的佳选。玩家4说：这个水果体积较大，皮色以绿色为主，肉色为红色，味道甜美多汁。它在同类水果中以其独特的甜度和汁水丰富而著称。这个水果在炎热的夏季特别受欢迎，它有着厚实的绿色外皮，切开时可以看到鲜红的果肉，每一口都能带来清凉和甜蜜。它的汁水饱满，甜度适中，是消暑解渴的佳品。在同类水果中，它的甜度和水分含量都是上乘的。这个水果在炎热的夏季尤其受欢迎，它的外皮呈现出深邃的绿色，果肉鲜红，甜度适中，每一口都能感受到清甜的滋味。它的汁水丰富，多到几乎能溢出来，是消暑解渴的理想选择。在同类水果中，它的甜度和水分含量都十分出色，让人回味无穷。||在这个游戏中，我们需要通过分析每位玩家的描述来找出卧底。通常，平民的描述会围绕相同的词语展开，而卧底的描述可能会因为词语的不同而显得不太一致。我们需要仔细比较每个描述之间的相似性和差异性，以找出可能的卧底，注意，卧底并不会隐藏自己，他会直接描述他的词语，现在，逐一分析每个玩家的描述，注意，这局游戏的词语分类为<水果>，卧底词和平民词都属于该类。||之前是第3轮描述和之前轮数描述的合集。你之前认为的卧底是玩家3。
2024-12-13 16:30:20,891 - 2 - INFO - **********PLAYER2**********
根据之前的描述，玩家3的描述与其他玩家的描述存在显著的不一致。玩家3描述的是一个圆柱形的水果，成熟时外皮呈黄色，肉质软糯，且具有独特的香味和较重的重量。这些特征与玩家1、玩家2和玩家4描述的圆形、绿色外皮、红色果肉、甜度适中的水果特征不符。

而玩家1、玩家2和玩家4的描述都围绕着圆形、绿色外皮、红色果肉、甜度和汁水的特征，这些特征与西瓜相符合。因此，基于这些不一致之处，玩家3的描述仍然指向卧底的可能性较高。
2024-12-13 16:30:20,893 - 2 - INFO - **********JUDGER**********
你刚刚的分析是根据之前的描述，玩家3的描述与其他玩家的描述存在显著的不一致。玩家3描述的是一个圆柱形的水果，成熟时外皮呈黄色，肉质软糯，且具有独特的香味和较重的重量。这些特征与玩家1、玩家2和玩家4描述的圆形、绿色外皮、红色果肉、甜度适中的水果特征不符。

而玩家1、玩家2和玩家4的描述都围绕着圆形、绿色外皮、红色果肉、甜度和汁水的特征，这些特征与西瓜相符合。因此，基于这些不一致之处，玩家3的描述仍然指向卧底的可能性较高。|| `请根据上述分析，比较描述以找出不一致之处，注意，这局游戏的词语分类为<水果>，卧底词和平民词都属于该类。
2024-12-13 16:30:35,957 - 2 - INFO - **********PLAYER2**********
根据上述分析，以下是不一致之处：

1. 形状：
   - 玩家1、玩家2和玩家4描述的是圆形水果。
   - 玩家3描述的是圆柱形水果。

2. 外皮颜色：
   - 玩家1、玩家2和玩家4描述的是绿色外皮。
   - 玩家3描述的是成熟时外皮呈黄色。

3. 肉质描述：
   - 玩家1、玩家2和玩家4描述的是红色果肉。
   - 玩家3描述的是肉质软糯。

4. 甜度描述：
   - 玩家1、玩家2和玩家4描述的是甜度适中。
   - 玩家3描述的是甜度尤为突出，但没有提到适中的描述。

5. 香味和重量：
   - 玩家3特别提到了独特的香味和较重的重量，这些特征在玩家1、玩家2和玩家4的描述中没有出现。

这些不一致之处表明玩家3的描述与玩家1、玩家2和玩家4的描述不符，可能是卧底。
2024-12-13 16:30:35,960 - 2 - INFO - **********JUDGER**********
你刚刚的分析是根据上述分析，以下是不一致之处：

1. 形状：
   - 玩家1、玩家2和玩家4描述的是圆形水果。
   - 玩家3描述的是圆柱形水果。

2. 外皮颜色：
   - 玩家1、玩家2和玩家4描述的是绿色外皮。
   - 玩家3描述的是成熟时外皮呈黄色。

3. 肉质描述：
   - 玩家1、玩家2和玩家4描述的是红色果肉。
   - 玩家3描述的是肉质软糯。

4. 甜度描述：
   - 玩家1、玩家2和玩家4描述的是甜度适中。
   - 玩家3描述的是甜度尤为突出，但没有提到适中的描述。

5. 香味和重量：
   - 玩家3特别提到了独特的香味和较重的重量，这些特征在玩家1、玩家2和玩家4的描述中没有出现。

这些不一致之处表明玩家3的描述与玩家1、玩家2和玩家4的描述不符，可能是卧底。|| 请通过你分析的不一致之处，推断卧底身份，注意，这局游戏的词语分类为<水果>，卧底词和平民词都属于该类。
2024-12-13 16:30:37,423 - 2 - INFO - **********PLAYER2**********
3
2024-12-13 16:30:37,424 - 2 - INFO - **********JUDGER**********
你刚刚的推断是3|| 基于你刚刚的推断得出你的最终结论，请输出你认为的卧底，在这种情况下只需要输出编号，是1-4中的某个数字，不要输出其他信息。在这个过程不要进行任何推理，只对||以前的部分进行信息提取
2024-12-13 16:30:38,719 - 2 - INFO - **********PLAYER2**********
3
