2024-12-13 16:24:47,878 - 3 - INFO - **********JUDGER**********
让我们来玩一个叫做<谁是卧底>的推理游戏。基本规则：<人数>：4人。<角色分配>：每位玩家随机抽取一个词语，3名玩家拿到的词语是相同的（平民词），1名玩家拿到与之相近但不同的词语（卧底词）。<游戏流程>：1、玩家轮流描述自己的词语，但<不能>直接说出词语本身。2、描述完毕后，投票选出最像卧底的玩家。3、每轮结束后，被投票选出的玩家出局，不能再进行描述或投票。4、每轮投票结束后，如果卧底被成功找出，平民方获胜；如果卧底未被找出且卧底人数等于或超过平民人数，则卧底方获胜。你将扮演一个<玩家>，请等待你被分配到的关键词。如果你听懂了，只回答，"好的，我准备好参加游戏了"，不要输出别的信息
2024-12-13 16:24:49,078 - 3 - INFO - **********PLAYER3**********
好的，我准备好参加游戏了
2024-12-13 16:24:58,436 - 3 - INFO - **********JUDGER**********
玩家1说：这个水果水分充足，夏天吃特别解渴。在水果类中，它通常是圆形的，有着绿色的外皮和红色的果肉。与其他水果相比，它可能更甜一些。玩家2说：这个水果汁多，特别适合在炎热的夏天食用。它通常呈圆形，外皮绿色，果肉红色，口感较甜。与同类水果相比，它的甜度可能更为突出。玩家3说：玩家4说：|| 你是第3号玩家，你的关键词是<菠萝>。你的回答中绝对不能包含你的关键词<菠萝>。这是第一轮描述，不需要分析||之前别的玩家的描述，请你描述关键词基本特征，注意，这局游戏的词语分类为<水果>，卧底词和平民词都属于该类，描述包括以下两点，1.他的基本特征是什么2.他在该类（水果）中最突出不同的特征是什么，尽量简短
2024-12-13 16:25:00,726 - 3 - INFO - **********PLAYER3**********
这个水果通常呈圆柱形，表皮光滑，颜色鲜艳，内含多汁的果肉。在同类水果中，它的甜度尤为突出。
2024-12-13 16:26:32,261 - 3 - INFO - **********JUDGER**********
玩家1说：这个水果水分充足，夏天吃特别解渴。在水果类中，它通常是圆形的，有着绿色的外皮和红色的果肉。与其他水果相比，它可能更甜一些。玩家2说：这个水果汁多，特别适合在炎热的夏天食用。它通常呈圆形，外皮绿色，果肉红色，口感较甜。与同类水果相比，它的甜度可能更为突出。玩家3说：这个水果通常呈圆柱形，表皮光滑，颜色鲜艳，内含多汁的果肉。在同类水果中，它的甜度尤为突出。玩家4说：||在这个游戏中，我们需要通过分析每位玩家的描述来找出卧底。通常，平民的描述会围绕相同的词语展开，而卧底的描述可能会因为词语的不同而显得不太一致。我们需要仔细比较每个描述之间的相似性和差异性，以找出可能的卧底，注意，卧底并不会隐藏自己，他会直接描述他的词语，现在，逐一分析每个玩家的描述，注意，这局游戏的词语分类为<水果>，卧底词和平民词都属于该类。这是第一轮描述。
2024-12-13 16:26:41,185 - 3 - INFO - **********PLAYER3**********
根据玩家1、玩家2和玩家3的描述，我们可以看出他们描述的水果具有以下共同特征：水分充足、汁多、适合夏天食用、圆形、绿色外皮、红色果肉、甜度高。这些描述都指向了同一类水果，可能是西瓜或草莓等常见的水果。

然而，玩家4的描述虽然也提到了水分充足、汁多、适合夏天食用、圆形、绿色外皮、红色果肉和甜度高，但他特别强调了卧底不会隐藏自己，并提示卧底会直接描述他的词语。这可能是玩家4作为卧底试图引导大家注意到他可能没有隐藏的描述。

综合分析，如果所有玩家描述的是同一类水果，那么玩家4的描述可能会因为过于直接而显得不太符合平民的描述风格。因此，玩家4可能是卧底。当然，这只是基于描述的初步分析，还需要在后续的描述中进一步确认。
2024-12-13 16:26:41,186 - 3 - INFO - **********JUDGER**********
你刚刚的分析是根据玩家1、玩家2和玩家3的描述，我们可以看出他们描述的水果具有以下共同特征：水分充足、汁多、适合夏天食用、圆形、绿色外皮、红色果肉、甜度高。这些描述都指向了同一类水果，可能是西瓜或草莓等常见的水果。

然而，玩家4的描述虽然也提到了水分充足、汁多、适合夏天食用、圆形、绿色外皮、红色果肉和甜度高，但他特别强调了卧底不会隐藏自己，并提示卧底会直接描述他的词语。这可能是玩家4作为卧底试图引导大家注意到他可能没有隐藏的描述。

综合分析，如果所有玩家描述的是同一类水果，那么玩家4的描述可能会因为过于直接而显得不太符合平民的描述风格。因此，玩家4可能是卧底。当然，这只是基于描述的初步分析，还需要在后续的描述中进一步确认。|| `请根据上述分析，比较描述以找出不一致之处，注意，这局游戏的词语分类为<水果>，卧底词和平民词都属于该类。
2024-12-13 16:27:06,933 - 3 - INFO - **********PLAYER3**********
词

根据上述分析，玩家4的描述确实与玩家1、玩家2和玩家3的描述有相似之处，但玩家4的描述中包含了额外的信息，即他直接提到了卧底不会隐藏自己，并且可能会直接描述他的词语。这种直接性似乎与平民玩家通常的描述风格不符，因为平民玩家通常会试图隐藏他们的词语，而不是直接指出。

考虑到这一点，玩家4的描述可能是不一致的，这可能是他作为卧底的一个线索。然而，仅凭这一轮的描述，我们无法完全确定玩家4就是卧底，因为可能存在其他原因导致他的描述风格与平民不同。

在接下来的游戏中，我们需要继续观察每位玩家的描述，并注意他们之间的相似性和差异性，以便在下一轮投票时做出更准确的判断。如果玩家4在后续的描述中继续表现出与平民玩家不同的风格，那么他作为卧底的可能性会增大。
2024-12-13 16:27:06,935 - 3 - INFO - **********JUDGER**********
你刚刚的分析是词

根据上述分析，玩家4的描述确实与玩家1、玩家2和玩家3的描述有相似之处，但玩家4的描述中包含了额外的信息，即他直接提到了卧底不会隐藏自己，并且可能会直接描述他的词语。这种直接性似乎与平民玩家通常的描述风格不符，因为平民玩家通常会试图隐藏他们的词语，而不是直接指出。

考虑到这一点，玩家4的描述可能是不一致的，这可能是他作为卧底的一个线索。然而，仅凭这一轮的描述，我们无法完全确定玩家4就是卧底，因为可能存在其他原因导致他的描述风格与平民不同。

在接下来的游戏中，我们需要继续观察每位玩家的描述，并注意他们之间的相似性和差异性，以便在下一轮投票时做出更准确的判断。如果玩家4在后续的描述中继续表现出与平民玩家不同的风格，那么他作为卧底的可能性会增大。|| 请通过你分析的不一致之处，推断卧底身份，注意，这局游戏的词语分类为<水果>，卧底词和平民词都属于该类。
2024-12-13 16:27:19,098 - 3 - INFO - **********PLAYER3**********
基于玩家4的描述与玩家1、玩家2和玩家3描述之间的不一致之处，我们可以进行以下推断：

1. **描述的直接性**：玩家4的描述中直接提到了“卧底不会隐藏自己”和“可能会直接描述他的词语”，这种直接性在通常的平民描述中并不常见。平民玩家通常会尽量避免直接透露自己的词语，而是通过暗示或间接的方式来描述。

2. **词语分类**：游戏中的词语分类为<水果>，卧底词和平民词都属于该类。玩家4的描述虽然提到了水果的共同特征，但他没有明确指出具体的词语，而是强调了卧底的特点，这可能是在引导大家关注他的描述，而不是在描述一个具体的水果。

3. **引导注意**：玩家4的描述中包含的引导性信息，如“卧底不会隐藏自己”，可能是故意为之，以引起其他玩家的注意，从而增加自己作为卧底的可能性。

综合以上分析，玩家4的描述风格与平民玩家描述的风格不一致，特别是在直接性和引导注意方面，这增加了他作为卧底的嫌疑。然而，要确定卧底身份，还需要更多的信息和后续的描述来进一步确认。如果玩家4在后续的描述中继续表现出与平民不同的风格，那么他作为卧底的可能性将更高。
2024-12-13 16:27:19,099 - 3 - INFO - **********JUDGER**********
你刚刚的推断是基于玩家4的描述与玩家1、玩家2和玩家3描述之间的不一致之处，我们可以进行以下推断：

1. **描述的直接性**：玩家4的描述中直接提到了“卧底不会隐藏自己”和“可能会直接描述他的词语”，这种直接性在通常的平民描述中并不常见。平民玩家通常会尽量避免直接透露自己的词语，而是通过暗示或间接的方式来描述。

2. **词语分类**：游戏中的词语分类为<水果>，卧底词和平民词都属于该类。玩家4的描述虽然提到了水果的共同特征，但他没有明确指出具体的词语，而是强调了卧底的特点，这可能是在引导大家关注他的描述，而不是在描述一个具体的水果。

3. **引导注意**：玩家4的描述中包含的引导性信息，如“卧底不会隐藏自己”，可能是故意为之，以引起其他玩家的注意，从而增加自己作为卧底的可能性。

综合以上分析，玩家4的描述风格与平民玩家描述的风格不一致，特别是在直接性和引导注意方面，这增加了他作为卧底的嫌疑。然而，要确定卧底身份，还需要更多的信息和后续的描述来进一步确认。如果玩家4在后续的描述中继续表现出与平民不同的风格，那么他作为卧底的可能性将更高。|| 基于你刚刚的推断得出你的最终结论，请输出你认为的卧底，在这种情况下只需要输出编号，是1-4中的某个数字，不要输出其他信息。在这个过程不要进行任何推理，只对||以前的部分进行信息提取
2024-12-13 16:27:20,514 - 3 - INFO - **********PLAYER3**********
4
2024-12-13 16:27:55,054 - 3 - INFO - **********JUDGER**********
玩家1说：这个水果水分充足，夏天吃特别解渴。在水果类中，它通常是圆形的，有着绿色的外皮和红色的果肉。与其他水果相比，它可能更甜一些。这个水果在成熟时外皮呈现出鲜艳的绿色，果肉饱满多汁，呈现出诱人的红色。它的甜度非常高，几乎每口都能感受到清甜的滋味，非常适合作为消暑解渴的夏日水果。玩家2说：这个水果汁多，特别适合在炎热的夏天食用。它通常呈圆形，外皮绿色，果肉红色，口感较甜。与同类水果相比，它的甜度可能更为突出。这个水果是夏日的清凉之选，其特点是皮薄肉厚，汁水丰富，味道甜美。在同类水果中，它的甜度尤为明显，每一口都能带来清甜的享受。玩家3说：这个水果通常呈圆柱形，表皮光滑，颜色鲜艳，内含多汁的果肉。在同类水果中，它的甜度尤为突出。玩家4说：这个水果体积较大，皮色以绿色为主，肉色为红色，味道甜美多汁。它在同类水果中以其独特的甜度和汁水丰富而著称。你是第3号玩家，你的关键词是<菠萝>。你的回答中绝对不能包含你的关键词<菠萝>。这是第二轮描述，你之前的描述是这个水果通常呈圆柱形，表皮光滑，颜色鲜艳，内含多汁的果肉。在同类水果中，它的甜度尤为突出。，注意，这局游戏的词语分类为<水果>，卧底词和平民词都属于该类，请你补充关于关键词的描述，注意，你的描述应该比起之前的描述更加贴近关键词，作为之前的补充
2024-12-13 16:28:00,672 - 3 - INFO - **********PLAYER3**********
这个水果有着独特的香味，成熟时外皮呈现黄色，肉质软糯，含有大量的汁液。它通常比其他水果更加重，且在同类水果中，它的甜度和香气都十分出众。
2024-12-13 16:28:57,147 - 3 - INFO - **********JUDGER**********
玩家1说：这个水果水分充足，夏天吃特别解渴。在水果类中，它通常是圆形的，有着绿色的外皮和红色的果肉。与其他水果相比，它可能更甜一些。这个水果在成熟时外皮呈现出鲜艳的绿色，果肉饱满多汁，呈现出诱人的红色。它的甜度非常高，几乎每口都能感受到清甜的滋味，非常适合作为消暑解渴的夏日水果。玩家2说：这个水果汁多，特别适合在炎热的夏天食用。它通常呈圆形，外皮绿色，果肉红色，口感较甜。与同类水果相比，它的甜度可能更为突出。这个水果是夏日的清凉之选，其特点是皮薄肉厚，汁水丰富，味道甜美。在同类水果中，它的甜度尤为明显，每一口都能带来清甜的享受。玩家3说：这个水果通常呈圆柱形，表皮光滑，颜色鲜艳，内含多汁的果肉。在同类水果中，它的甜度尤为突出。这个水果有着独特的香味，成熟时外皮呈现黄色，肉质软糯，含有大量的汁液。它通常比其他水果更加重，且在同类水果中，它的甜度和香气都十分出众。玩家4说：这个水果体积较大，皮色以绿色为主，肉色为红色，味道甜美多汁。它在同类水果中以其独特的甜度和汁水丰富而著称。||在这个游戏中，我们需要通过分析每位玩家的描述来找出卧底。通常，平民的描述会围绕相同的词语展开，而卧底的描述可能会因为词语的不同而显得不太一致。我们需要仔细比较每个描述之间的相似性和差异性，以找出可能的卧底，注意，卧底并不会隐藏自己，他会直接描述他的词语，现在，逐一分析每个玩家的描述，注意，这局游戏的词语分类为<水果>，卧底词和平民词都属于该类。||之前是第2轮描述和之前轮数描述的合集。你之前认为的卧底是玩家4。
2024-12-13 16:28:59,740 - 3 - INFO - **********PLAYER3**********
玩家4
2024-12-13 16:28:59,740 - 3 - INFO - **********JUDGER**********
你刚刚的分析是玩家4|| `请根据上述分析，比较描述以找出不一致之处，注意，这局游戏的词语分类为<水果>，卧底词和平民词都属于该类。
2024-12-13 16:29:13,116 - 3 - INFO - **********PLAYER3**********
在比较玩家1、玩家2、玩家3和玩家4的描述后，以下是不一致之处：

1. **形状描述**：玩家1、玩家2和玩家4都描述了水果是圆形的，而玩家3描述水果是圆柱形的。这种形状描述的差异可能是关键点。

2. **颜色描述**：玩家1、玩家2和玩家4都提到了水果的绿色外皮和红色果肉，而玩家3没有明确提到颜色。

3. **成熟特征**：玩家1和玩家2提到了水果成熟时外皮呈现出鲜艳的绿色，而玩家3描述的是成熟时外皮呈现黄色，这与玩家1和玩家2的描述不一致。

4. **香味描述**：玩家3提到了水果的独特香味，而玩家1、玩家2和玩家4没有提到这一点。

5. **口感描述**：玩家3描述了水果的肉质软糯，而玩家1、玩家2和玩家4没有提到这一点。

这些不一致之处表明玩家3的描述可能与其他玩家的描述有出入，这可能是一个找出卧底的关键线索。
2024-12-13 16:29:13,117 - 3 - INFO - **********JUDGER**********
你刚刚的分析是在比较玩家1、玩家2、玩家3和玩家4的描述后，以下是不一致之处：

1. **形状描述**：玩家1、玩家2和玩家4都描述了水果是圆形的，而玩家3描述水果是圆柱形的。这种形状描述的差异可能是关键点。

2. **颜色描述**：玩家1、玩家2和玩家4都提到了水果的绿色外皮和红色果肉，而玩家3没有明确提到颜色。

3. **成熟特征**：玩家1和玩家2提到了水果成熟时外皮呈现出鲜艳的绿色，而玩家3描述的是成熟时外皮呈现黄色，这与玩家1和玩家2的描述不一致。

4. **香味描述**：玩家3提到了水果的独特香味，而玩家1、玩家2和玩家4没有提到这一点。

5. **口感描述**：玩家3描述了水果的肉质软糯，而玩家1、玩家2和玩家4没有提到这一点。

这些不一致之处表明玩家3的描述可能与其他玩家的描述有出入，这可能是一个找出卧底的关键线索。|| 请通过你分析的不一致之处，推断卧底身份，注意，这局游戏的词语分类为<水果>，卧底词和平民词都属于该类。
2024-12-13 16:29:19,419 - 3 - INFO - **********PLAYER3**********
根据上述不一致之处，玩家3的描述与其他玩家的描述存在明显差异，特别是在形状描述（圆柱形 vs. 圆形）、颜色描述（未提及绿色）、成熟特征（外皮黄色 vs. 鲜艳绿色）、香味描述（提到了独特香味）和口感描述（肉质软糯）上。这些差异可能表明玩家3的描述与普通的水果特征不符，尤其是在形状和颜色描述上的差异，这可能是他作为卧底的一个线索。

因此，基于这些不一致之处，玩家3可能是卧底。
2024-12-13 16:29:19,420 - 3 - INFO - **********JUDGER**********
你刚刚的推断是根据上述不一致之处，玩家3的描述与其他玩家的描述存在明显差异，特别是在形状描述（圆柱形 vs. 圆形）、颜色描述（未提及绿色）、成熟特征（外皮黄色 vs. 鲜艳绿色）、香味描述（提到了独特香味）和口感描述（肉质软糯）上。这些差异可能表明玩家3的描述与普通的水果特征不符，尤其是在形状和颜色描述上的差异，这可能是他作为卧底的一个线索。

因此，基于这些不一致之处，玩家3可能是卧底。|| 基于你刚刚的推断得出你的最终结论，请输出你认为的卧底，在这种情况下只需要输出编号，是1-4中的某个数字，不要输出其他信息。在这个过程不要进行任何推理，只对||以前的部分进行信息提取
2024-12-13 16:29:20,247 - 3 - INFO - **********PLAYER3**********
3
2024-12-13 16:29:46,650 - 3 - INFO - **********JUDGER**********
玩家1说：这个水果水分充足，夏天吃特别解渴。在水果类中，它通常是圆形的，有着绿色的外皮和红色的果肉。与其他水果相比，它可能更甜一些。这个水果在成熟时外皮呈现出鲜艳的绿色，果肉饱满多汁，呈现出诱人的红色。它的甜度非常高，几乎每口都能感受到清甜的滋味，非常适合作为消暑解渴的夏日水果。这个水果的甜度适中，口感清爽，适合夏天食用，能够带来清凉感。它的外皮光滑，颜色翠绿，果肉鲜艳，多汁。玩家2说：这个水果汁多，特别适合在炎热的夏天食用。它通常呈圆形，外皮绿色，果肉红色，口感较甜。与同类水果相比，它的甜度可能更为突出。这个水果是夏日的清凉之选，其特点是皮薄肉厚，汁水丰富，味道甜美。在同类水果中，它的甜度尤为明显，每一口都能带来清甜的享受。这个水果在炎热的夏天是消暑解渴的佳选，它的外皮光滑，呈现出鲜艳的绿色，果肉饱满且红色，口感清甜。它的汁水丰富，每一口都能感受到清凉和甜蜜，是夏日的清凉之选。玩家3说：这个水果通常呈圆柱形，表皮光滑，颜色鲜艳，内含多汁的果肉。在同类水果中，它的甜度尤为突出。这个水果有着独特的香味，成熟时外皮呈现黄色，肉质软糯，含有大量的汁液。它通常比其他水果更加重，且在同类水果中，它的甜度和香气都十分出众。玩家4说：这个水果体积较大，皮色以绿色为主，肉色为红色，味道甜美多汁。它在同类水果中以其独特的甜度和汁水丰富而著称。这个水果在炎热的夏季特别受欢迎，它有着厚实的绿色外皮，切开时可以看到鲜红的果肉，每一口都能带来清凉和甜蜜。它的汁水饱满，甜度适中，是消暑解渴的佳品。在同类水果中，它的甜度和水分含量都是上乘的。你是第3号玩家，你的关键词是<菠萝>。你的回答中绝对不能包含你的关键词<菠萝>。这是第三轮描述，你之前的描述是这个水果通常呈圆柱形，表皮光滑，颜色鲜艳，内含多汁的果肉。在同类水果中，它的甜度尤为突出。和这个水果有着独特的香味，成熟时外皮呈现黄色，肉质软糯，含有大量的汁液。它通常比其他水果更加重，且在同类水果中，它的甜度和香气都十分出众。，注意，这局游戏的词语分类为<水果>，卧底词和平民词都属于该类，请你补充关于关键词的描述，注意，你的描述应该比起之前的描述更加贴近关键词，作为之前的补充
2024-12-13 16:29:49,790 - 3 - INFO - **********PLAYER3**********
这个水果是热带风情的代表，其外皮坚硬，呈现出独特的黄绿色调。当切开时，可以见到其肉质松软，含有丰富的汁液，散发出浓郁的香气。它的甜度适中，口感多汁，是夏日消暑的佳选。
2024-12-13 16:30:38,720 - 3 - INFO - **********JUDGER**********
玩家1说：这个水果水分充足，夏天吃特别解渴。在水果类中，它通常是圆形的，有着绿色的外皮和红色的果肉。与其他水果相比，它可能更甜一些。这个水果在成熟时外皮呈现出鲜艳的绿色，果肉饱满多汁，呈现出诱人的红色。它的甜度非常高，几乎每口都能感受到清甜的滋味，非常适合作为消暑解渴的夏日水果。这个水果的甜度适中，口感清爽，适合夏天食用，能够带来清凉感。它的外皮光滑，颜色翠绿，果肉鲜艳，多汁。玩家2说：这个水果汁多，特别适合在炎热的夏天食用。它通常呈圆形，外皮绿色，果肉红色，口感较甜。与同类水果相比，它的甜度可能更为突出。这个水果是夏日的清凉之选，其特点是皮薄肉厚，汁水丰富，味道甜美。在同类水果中，它的甜度尤为明显，每一口都能带来清甜的享受。这个水果在炎热的夏天是消暑解渴的佳选，它的外皮光滑，呈现出鲜艳的绿色，果肉饱满且红色，口感清甜。它的汁水丰富，每一口都能感受到清凉和甜蜜，是夏日的清凉之选。玩家3说：这个水果通常呈圆柱形，表皮光滑，颜色鲜艳，内含多汁的果肉。在同类水果中，它的甜度尤为突出。这个水果有着独特的香味，成熟时外皮呈现黄色，肉质软糯，含有大量的汁液。它通常比其他水果更加重，且在同类水果中，它的甜度和香气都十分出众。这个水果是热带风情的代表，其外皮坚硬，呈现出独特的黄绿色调。当切开时，可以见到其肉质松软，含有丰富的汁液，散发出浓郁的香气。它的甜度适中，口感多汁，是夏日消暑的佳选。玩家4说：这个水果体积较大，皮色以绿色为主，肉色为红色，味道甜美多汁。它在同类水果中以其独特的甜度和汁水丰富而著称。这个水果在炎热的夏季特别受欢迎，它有着厚实的绿色外皮，切开时可以看到鲜红的果肉，每一口都能带来清凉和甜蜜。它的汁水饱满，甜度适中，是消暑解渴的佳品。在同类水果中，它的甜度和水分含量都是上乘的。这个水果在炎热的夏季尤其受欢迎，它的外皮呈现出深邃的绿色，果肉鲜红，甜度适中，每一口都能感受到清甜的滋味。它的汁水丰富，多到几乎能溢出来，是消暑解渴的理想选择。在同类水果中，它的甜度和水分含量都十分出色，让人回味无穷。||在这个游戏中，我们需要通过分析每位玩家的描述来找出卧底。通常，平民的描述会围绕相同的词语展开，而卧底的描述可能会因为词语的不同而显得不太一致。我们需要仔细比较每个描述之间的相似性和差异性，以找出可能的卧底，注意，卧底并不会隐藏自己，他会直接描述他的词语，现在，逐一分析每个玩家的描述，注意，这局游戏的词语分类为<水果>，卧底词和平民词都属于该类。||之前是第3轮描述和之前轮数描述的合集。你之前认为的卧底是玩家3。
2024-12-13 16:30:48,412 - 3 - INFO - **********PLAYER3**********
根据玩家3的描述，我们可以看到以下几点：

1. 玩家3描述的水果通常呈圆柱形，这与玩家1、玩家2和玩家4描述的圆形水果不一致。
2. 玩家3提到水果成熟时外皮呈现黄色，而其他玩家描述的是绿色。
3. 玩家3强调水果的肉质软糯，而其他玩家没有提及这一点。
4. 玩家3提到水果比其他水果更重，以及甜度和香气出众，这些点没有在其他玩家的描述中找到对应。

基于这些差异，玩家3的描述与其他玩家相比显得不太一致，尤其是在形状、颜色、口感和描述的侧重点上。这些差异增加了玩家3作为卧底的可能性。

因此，基于之前的分析，我仍然认为玩家3可能是卧底。
2024-12-13 16:30:48,414 - 3 - INFO - **********JUDGER**********
你刚刚的分析是根据玩家3的描述，我们可以看到以下几点：

1. 玩家3描述的水果通常呈圆柱形，这与玩家1、玩家2和玩家4描述的圆形水果不一致。
2. 玩家3提到水果成熟时外皮呈现黄色，而其他玩家描述的是绿色。
3. 玩家3强调水果的肉质软糯，而其他玩家没有提及这一点。
4. 玩家3提到水果比其他水果更重，以及甜度和香气出众，这些点没有在其他玩家的描述中找到对应。

基于这些差异，玩家3的描述与其他玩家相比显得不太一致，尤其是在形状、颜色、口感和描述的侧重点上。这些差异增加了玩家3作为卧底的可能性。

因此，基于之前的分析，我仍然认为玩家3可能是卧底。|| `请根据上述分析，比较描述以找出不一致之处，注意，这局游戏的词语分类为<水果>，卧底词和平民词都属于该类。
2024-12-13 16:30:54,973 - 3 - INFO - **********PLAYER3**********
根据上述分析，以下是不一致之处：

1. **形状描述**：玩家3描述的水果是圆柱形的，而其他玩家描述的是圆形的。

2. **成熟时外皮颜色**：玩家3提到水果成熟时外皮呈现黄色，其他玩家描述的是绿色。

3. **肉质描述**：玩家3强调水果肉质软糯，而其他玩家没有提及这一点。

4. **重量描述**：玩家3提到水果比其他水果更重，这一点没有在其他玩家的描述中找到对应。

5. **甜度和香气描述**：玩家3提到水果的甜度和香气都十分出众，这些点没有在其他玩家的描述中找到对应。

这些不一致之处表明玩家3的描述在多个关键特征上与其他玩家的描述存在差异，这可能是他作为卧底的一个线索。
2024-12-13 16:30:54,975 - 3 - INFO - **********JUDGER**********
你刚刚的分析是根据上述分析，以下是不一致之处：

1. **形状描述**：玩家3描述的水果是圆柱形的，而其他玩家描述的是圆形的。

2. **成熟时外皮颜色**：玩家3提到水果成熟时外皮呈现黄色，其他玩家描述的是绿色。

3. **肉质描述**：玩家3强调水果肉质软糯，而其他玩家没有提及这一点。

4. **重量描述**：玩家3提到水果比其他水果更重，这一点没有在其他玩家的描述中找到对应。

5. **甜度和香气描述**：玩家3提到水果的甜度和香气都十分出众，这些点没有在其他玩家的描述中找到对应。

这些不一致之处表明玩家3的描述在多个关键特征上与其他玩家的描述存在差异，这可能是他作为卧底的一个线索。|| 请通过你分析的不一致之处，推断卧底身份，注意，这局游戏的词语分类为<水果>，卧底词和平民词都属于该类。
2024-12-13 16:30:56,177 - 3 - INFO - **********PLAYER3**********
3
2024-12-13 16:30:56,178 - 3 - INFO - **********JUDGER**********
你刚刚的推断是3|| 基于你刚刚的推断得出你的最终结论，请输出你认为的卧底，在这种情况下只需要输出编号，是1-4中的某个数字，不要输出其他信息。在这个过程不要进行任何推理，只对||以前的部分进行信息提取
2024-12-13 16:30:57,628 - 3 - INFO - **********PLAYER3**********
3
2024-12-13 16:30:57,629 - 3 - INFO - **********JUDGER**********
你认为卧底是你自己。你现在需要随便选一个人投票。请输出一个数字，是1-4中的某个数字，但这个数字不能是3，不要输出其他信息。
2024-12-13 16:30:59,109 - 3 - INFO - **********PLAYER3**********
1
