2024-12-13 16:24:49,565 - 4 - INFO - **********JUDGER**********
让我们来玩一个叫做<谁是卧底>的推理游戏。基本规则：<人数>：4人。<角色分配>：每位玩家随机抽取一个词语，3名玩家拿到的词语是相同的（平民词），1名玩家拿到与之相近但不同的词语（卧底词）。<游戏流程>：1、玩家轮流描述自己的词语，但<不能>直接说出词语本身。2、描述完毕后，投票选出最像卧底的玩家。3、每轮结束后，被投票选出的玩家出局，不能再进行描述或投票。4、每轮投票结束后，如果卧底被成功找出，平民方获胜；如果卧底未被找出且卧底人数等于或超过平民人数，则卧底方获胜。你将扮演一个<玩家>，请等待你被分配到的关键词。如果你听懂了，只回答，"好的，我准备好参加游戏了"，不要输出别的信息
2024-12-13 16:24:50,463 - 4 - INFO - **********PLAYER4**********
好的，我准备好参加游戏了
2024-12-13 16:25:00,727 - 4 - INFO - **********JUDGER**********
玩家1说：这个水果水分充足，夏天吃特别解渴。在水果类中，它通常是圆形的，有着绿色的外皮和红色的果肉。与其他水果相比，它可能更甜一些。玩家2说：这个水果汁多，特别适合在炎热的夏天食用。它通常呈圆形，外皮绿色，果肉红色，口感较甜。与同类水果相比，它的甜度可能更为突出。玩家3说：这个水果通常呈圆柱形，表皮光滑，颜色鲜艳，内含多汁的果肉。在同类水果中，它的甜度尤为突出。玩家4说：|| 你是第4号玩家，你的关键词是<西瓜>。你的回答中绝对不能包含你的关键词<西瓜>。这是第一轮描述，不需要分析||之前别的玩家的描述，请你描述关键词基本特征，注意，这局游戏的词语分类为<水果>，卧底词和平民词都属于该类，描述包括以下两点，1.他的基本特征是什么2.他在该类（水果）中最突出不同的特征是什么，尽量简短
2024-12-13 16:25:03,619 - 4 - INFO - **********PLAYER4**********
这个水果体积较大，皮色以绿色为主，肉色为红色，味道甜美多汁。它在同类水果中以其独特的甜度和汁水丰富而著称。
2024-12-13 16:27:20,514 - 4 - INFO - **********JUDGER**********
玩家1说：这个水果水分充足，夏天吃特别解渴。在水果类中，它通常是圆形的，有着绿色的外皮和红色的果肉。与其他水果相比，它可能更甜一些。玩家2说：这个水果汁多，特别适合在炎热的夏天食用。它通常呈圆形，外皮绿色，果肉红色，口感较甜。与同类水果相比，它的甜度可能更为突出。玩家3说：这个水果通常呈圆柱形，表皮光滑，颜色鲜艳，内含多汁的果肉。在同类水果中，它的甜度尤为突出。玩家4说：||在这个游戏中，我们需要通过分析每位玩家的描述来找出卧底。通常，平民的描述会围绕相同的词语展开，而卧底的描述可能会因为词语的不同而显得不太一致。我们需要仔细比较每个描述之间的相似性和差异性，以找出可能的卧底，注意，卧底并不会隐藏自己，他会直接描述他的词语，现在，逐一分析每个玩家的描述，注意，这局游戏的词语分类为<水果>，卧底词和平民词都属于该类。这是第一轮描述。
2024-12-13 16:27:26,079 - 4 - INFO - **********PLAYER4**********
玩家1和玩家2的描述非常相似，都提到了水果的水分充足、适合夏天食用、圆形、绿色外皮、红色果肉和甜度。玩家3的描述中提到了圆柱形和颜色鲜艳，这与圆形和绿色外皮的特征有所出入，但仍然提到了多汁和甜度。如果我是玩家4，我会注意玩家3的描述，因为它与前面两位玩家的描述在形状和颜色上有明显的不同。我会假设玩家3可能是卧底，因为他的描述在水果类中并不常见，而其他两位玩家的描述更加一致。当然，这只是一个初步的分析，随着游戏的进行，还需要更多的信息来确认卧底的身份。
2024-12-13 16:27:26,081 - 4 - INFO - **********JUDGER**********
你刚刚的分析是玩家1和玩家2的描述非常相似，都提到了水果的水分充足、适合夏天食用、圆形、绿色外皮、红色果肉和甜度。玩家3的描述中提到了圆柱形和颜色鲜艳，这与圆形和绿色外皮的特征有所出入，但仍然提到了多汁和甜度。如果我是玩家4，我会注意玩家3的描述，因为它与前面两位玩家的描述在形状和颜色上有明显的不同。我会假设玩家3可能是卧底，因为他的描述在水果类中并不常见，而其他两位玩家的描述更加一致。当然，这只是一个初步的分析，随着游戏的进行，还需要更多的信息来确认卧底的身份。|| `请根据上述分析，比较描述以找出不一致之处，注意，这局游戏的词语分类为<水果>，卧底词和平民词都属于该类。
2024-12-13 16:27:34,760 - 4 - INFO - **********PLAYER4**********
根据上述分析，我们可以比较描述中的不一致之处如下：

1. 形状描述：
   - 玩家1和玩家2的描述中提到水果通常是圆形的。
   - 玩家3的描述中提到水果是圆柱形的，这与圆形的特征不一致。

2. 颜色描述：
   - 玩家1和玩家2的描述中提到水果的外皮是绿色的。
   - 玩家3的描述中并没有提到颜色，而是强调了表皮光滑和颜色鲜艳，这可能与绿色外皮的特征不一致。

3. 其他特征：
   - 玩家1、玩家2和玩家3都提到了水果的多汁和甜度，这一点是一致的。

综上所述，玩家3的描述在形状和颜色上与玩家1和玩家2的描述存在不一致之处，这可能是判断玩家3为卧底的一个依据。然而，需要注意的是，卧底可能会故意制造不一致性，所以这个分析只是初步的，需要结合更多信息和后续的描述来进一步确认。
2024-12-13 16:27:34,762 - 4 - INFO - **********JUDGER**********
你刚刚的分析是根据上述分析，我们可以比较描述中的不一致之处如下：

1. 形状描述：
   - 玩家1和玩家2的描述中提到水果通常是圆形的。
   - 玩家3的描述中提到水果是圆柱形的，这与圆形的特征不一致。

2. 颜色描述：
   - 玩家1和玩家2的描述中提到水果的外皮是绿色的。
   - 玩家3的描述中并没有提到颜色，而是强调了表皮光滑和颜色鲜艳，这可能与绿色外皮的特征不一致。

3. 其他特征：
   - 玩家1、玩家2和玩家3都提到了水果的多汁和甜度，这一点是一致的。

综上所述，玩家3的描述在形状和颜色上与玩家1和玩家2的描述存在不一致之处，这可能是判断玩家3为卧底的一个依据。然而，需要注意的是，卧底可能会故意制造不一致性，所以这个分析只是初步的，需要结合更多信息和后续的描述来进一步确认。|| 请通过你分析的不一致之处，推断卧底身份，注意，这局游戏的词语分类为<水果>，卧底词和平民词都属于该类。
2024-12-13 16:27:44,660 - 4 - INFO - **********PLAYER4**********
根据分析的不一致之处，我们可以进行以下推断：

1. 玩家3描述的“圆柱形”与通常圆形的水果特征不符，这可能是一个关键的不一致点。
2. 玩家3没有提到“绿色外皮”，而玩家1和玩家2都提到了这一点，这进一步增加了玩家3描述的不一致性。

在<水果>这一分类中，圆形和绿色外皮是许多水果的共同特征，尤其是像苹果、橙子、梨等。然而，圆柱形的水果并不常见，这让我们怀疑玩家3描述的水果是否属于这一类。

考虑到这些信息，如果我是玩家4，我会倾向于认为玩家3可能是卧底，因为他的描述在形状和颜色上与玩家1和玩家2的描述不一致，而这些不一致点在水果类中并不常见。这可能是玩家3故意制造的，以隐藏他实际上持有的卧底词。然而，最终确定卧底身份还需要结合更多玩家的描述和游戏进展。
2024-12-13 16:27:44,662 - 4 - INFO - **********JUDGER**********
你刚刚的推断是根据分析的不一致之处，我们可以进行以下推断：

1. 玩家3描述的“圆柱形”与通常圆形的水果特征不符，这可能是一个关键的不一致点。
2. 玩家3没有提到“绿色外皮”，而玩家1和玩家2都提到了这一点，这进一步增加了玩家3描述的不一致性。

在<水果>这一分类中，圆形和绿色外皮是许多水果的共同特征，尤其是像苹果、橙子、梨等。然而，圆柱形的水果并不常见，这让我们怀疑玩家3描述的水果是否属于这一类。

考虑到这些信息，如果我是玩家4，我会倾向于认为玩家3可能是卧底，因为他的描述在形状和颜色上与玩家1和玩家2的描述不一致，而这些不一致点在水果类中并不常见。这可能是玩家3故意制造的，以隐藏他实际上持有的卧底词。然而，最终确定卧底身份还需要结合更多玩家的描述和游戏进展。|| 基于你刚刚的推断得出你的最终结论，请输出你认为的卧底，在这种情况下只需要输出编号，是1-4中的某个数字，不要输出其他信息。在这个过程不要进行任何推理，只对||以前的部分进行信息提取
2024-12-13 16:27:45,718 - 4 - INFO - **********PLAYER4**********
3
2024-12-13 16:28:00,673 - 4 - INFO - **********JUDGER**********
玩家1说：这个水果水分充足，夏天吃特别解渴。在水果类中，它通常是圆形的，有着绿色的外皮和红色的果肉。与其他水果相比，它可能更甜一些。这个水果在成熟时外皮呈现出鲜艳的绿色，果肉饱满多汁，呈现出诱人的红色。它的甜度非常高，几乎每口都能感受到清甜的滋味，非常适合作为消暑解渴的夏日水果。玩家2说：这个水果汁多，特别适合在炎热的夏天食用。它通常呈圆形，外皮绿色，果肉红色，口感较甜。与同类水果相比，它的甜度可能更为突出。这个水果是夏日的清凉之选，其特点是皮薄肉厚，汁水丰富，味道甜美。在同类水果中，它的甜度尤为明显，每一口都能带来清甜的享受。玩家3说：这个水果通常呈圆柱形，表皮光滑，颜色鲜艳，内含多汁的果肉。在同类水果中，它的甜度尤为突出。这个水果有着独特的香味，成熟时外皮呈现黄色，肉质软糯，含有大量的汁液。它通常比其他水果更加重，且在同类水果中，它的甜度和香气都十分出众。玩家4说：这个水果体积较大，皮色以绿色为主，肉色为红色，味道甜美多汁。它在同类水果中以其独特的甜度和汁水丰富而著称。你是第4号玩家，你的关键词是<西瓜>。你的回答中绝对不能包含你的关键词<西瓜>。这是第二轮描述，你之前的描述是这个水果体积较大，皮色以绿色为主，肉色为红色，味道甜美多汁。它在同类水果中以其独特的甜度和汁水丰富而著称。，注意，这局游戏的词语分类为<水果>，卧底词和平民词都属于该类，请你补充关于关键词的描述，注意，你的描述应该比起之前的描述更加贴近关键词，作为之前的补充
2024-12-13 16:28:03,271 - 4 - INFO - **********PLAYER4**********
这个水果在炎热的夏季特别受欢迎，它有着厚实的绿色外皮，切开时可以看到鲜红的果肉，每一口都能带来清凉和甜蜜。它的汁水饱满，甜度适中，是消暑解渴的佳品。在同类水果中，它的甜度和水分含量都是上乘的。
2024-12-13 16:29:20,248 - 4 - INFO - **********JUDGER**********
玩家1说：这个水果水分充足，夏天吃特别解渴。在水果类中，它通常是圆形的，有着绿色的外皮和红色的果肉。与其他水果相比，它可能更甜一些。这个水果在成熟时外皮呈现出鲜艳的绿色，果肉饱满多汁，呈现出诱人的红色。它的甜度非常高，几乎每口都能感受到清甜的滋味，非常适合作为消暑解渴的夏日水果。玩家2说：这个水果汁多，特别适合在炎热的夏天食用。它通常呈圆形，外皮绿色，果肉红色，口感较甜。与同类水果相比，它的甜度可能更为突出。这个水果是夏日的清凉之选，其特点是皮薄肉厚，汁水丰富，味道甜美。在同类水果中，它的甜度尤为明显，每一口都能带来清甜的享受。玩家3说：这个水果通常呈圆柱形，表皮光滑，颜色鲜艳，内含多汁的果肉。在同类水果中，它的甜度尤为突出。这个水果有着独特的香味，成熟时外皮呈现黄色，肉质软糯，含有大量的汁液。它通常比其他水果更加重，且在同类水果中，它的甜度和香气都十分出众。玩家4说：这个水果体积较大，皮色以绿色为主，肉色为红色，味道甜美多汁。它在同类水果中以其独特的甜度和汁水丰富而著称。||在这个游戏中，我们需要通过分析每位玩家的描述来找出卧底。通常，平民的描述会围绕相同的词语展开，而卧底的描述可能会因为词语的不同而显得不太一致。我们需要仔细比较每个描述之间的相似性和差异性，以找出可能的卧底，注意，卧底并不会隐藏自己，他会直接描述他的词语，现在，逐一分析每个玩家的描述，注意，这局游戏的词语分类为<水果>，卧底词和平民词都属于该类。||之前是第2轮描述和之前轮数描述的合集。你之前认为的卧底是玩家3。
2024-12-13 16:29:25,012 - 4 - INFO - **********PLAYER4**********
根据第二轮描述和之前的分析，我的结论依然是玩家3可能是卧底。玩家3的描述中提到的圆柱形水果、成熟时外皮呈黄色、肉质软糯、比其他水果更重以及甜度和香气出众等特征，与玩家1和玩家2描述的圆形、绿色外皮、红色果肉、甜度高且汁水丰富的特征存在显著差异。这些差异使得玩家3的描述在水果类中显得较为独特，这与卧底的特征相符。因此，我仍然认为玩家3是卧底。
2024-12-13 16:29:25,013 - 4 - INFO - **********JUDGER**********
你刚刚的分析是根据第二轮描述和之前的分析，我的结论依然是玩家3可能是卧底。玩家3的描述中提到的圆柱形水果、成熟时外皮呈黄色、肉质软糯、比其他水果更重以及甜度和香气出众等特征，与玩家1和玩家2描述的圆形、绿色外皮、红色果肉、甜度高且汁水丰富的特征存在显著差异。这些差异使得玩家3的描述在水果类中显得较为独特，这与卧底的特征相符。因此，我仍然认为玩家3是卧底。|| `请根据上述分析，比较描述以找出不一致之处，注意，这局游戏的词语分类为<水果>，卧底词和平民词都属于该类。
2024-12-13 16:29:33,226 - 4 - INFO - **********PLAYER4**********
根据上述分析，我们可以比较描述中的一致性和不一致之处如下：

一致性：
- 玩家1、玩家2和玩家4的描述都提到了水果的水分充足、汁多、适合夏天食用、甜度高、红色果肉和绿色外皮。

不一致之处：
- 玩家3的描述中提到水果呈圆柱形，而其他玩家描述的水果是圆形的。
- 玩家3描述水果成熟时外皮呈黄色，而其他玩家提到的是绿色。
- 玩家3描述水果肉质软糯，而其他玩家没有提到肉质的具体描述。
- 玩家3提到水果比其他水果更重，这一点在玩家1、玩家2和玩家4的描述中没有提及。
- 玩家3强调水果的甜度和香气出众，而其他玩家虽然也提到甜度，但没有特别强调香气。

这些不一致之处表明玩家3的描述与玩家1、玩家2和玩家4的描述在水果的特征上存在显著差异，这可能是判断玩家3为卧底的关键点。
2024-12-13 16:29:33,227 - 4 - INFO - **********JUDGER**********
你刚刚的分析是根据上述分析，我们可以比较描述中的一致性和不一致之处如下：

一致性：
- 玩家1、玩家2和玩家4的描述都提到了水果的水分充足、汁多、适合夏天食用、甜度高、红色果肉和绿色外皮。

不一致之处：
- 玩家3的描述中提到水果呈圆柱形，而其他玩家描述的水果是圆形的。
- 玩家3描述水果成熟时外皮呈黄色，而其他玩家提到的是绿色。
- 玩家3描述水果肉质软糯，而其他玩家没有提到肉质的具体描述。
- 玩家3提到水果比其他水果更重，这一点在玩家1、玩家2和玩家4的描述中没有提及。
- 玩家3强调水果的甜度和香气出众，而其他玩家虽然也提到甜度，但没有特别强调香气。

这些不一致之处表明玩家3的描述与玩家1、玩家2和玩家4的描述在水果的特征上存在显著差异，这可能是判断玩家3为卧底的关键点。|| 请通过你分析的不一致之处，推断卧底身份，注意，这局游戏的词语分类为<水果>，卧底词和平民词都属于该类。
2024-12-13 16:29:38,491 - 4 - INFO - **********PLAYER4**********
基于上述分析的不一致之处，我推断玩家3是卧底。因为他的描述中提到的圆柱形、黄色外皮、肉质软糯、更重以及强调甜度和香气等特征，与玩家1、玩家2和玩家4描述的圆形、绿色外皮、红色果肉、甜度高且汁水丰富的特征不一致，这些特征在常见的圆形绿色外皮的水果中并不常见，因此玩家3的描述与平民词不符，更可能是卧底词。
2024-12-13 16:29:38,492 - 4 - INFO - **********JUDGER**********
你刚刚的推断是基于上述分析的不一致之处，我推断玩家3是卧底。因为他的描述中提到的圆柱形、黄色外皮、肉质软糯、更重以及强调甜度和香气等特征，与玩家1、玩家2和玩家4描述的圆形、绿色外皮、红色果肉、甜度高且汁水丰富的特征不一致，这些特征在常见的圆形绿色外皮的水果中并不常见，因此玩家3的描述与平民词不符，更可能是卧底词。|| 基于你刚刚的推断得出你的最终结论，请输出你认为的卧底，在这种情况下只需要输出编号，是1-4中的某个数字，不要输出其他信息。在这个过程不要进行任何推理，只对||以前的部分进行信息提取
2024-12-13 16:29:39,471 - 4 - INFO - **********PLAYER4**********
3
2024-12-13 16:29:49,791 - 4 - INFO - **********JUDGER**********
玩家1说：这个水果水分充足，夏天吃特别解渴。在水果类中，它通常是圆形的，有着绿色的外皮和红色的果肉。与其他水果相比，它可能更甜一些。这个水果在成熟时外皮呈现出鲜艳的绿色，果肉饱满多汁，呈现出诱人的红色。它的甜度非常高，几乎每口都能感受到清甜的滋味，非常适合作为消暑解渴的夏日水果。这个水果的甜度适中，口感清爽，适合夏天食用，能够带来清凉感。它的外皮光滑，颜色翠绿，果肉鲜艳，多汁。玩家2说：这个水果汁多，特别适合在炎热的夏天食用。它通常呈圆形，外皮绿色，果肉红色，口感较甜。与同类水果相比，它的甜度可能更为突出。这个水果是夏日的清凉之选，其特点是皮薄肉厚，汁水丰富，味道甜美。在同类水果中，它的甜度尤为明显，每一口都能带来清甜的享受。这个水果在炎热的夏天是消暑解渴的佳选，它的外皮光滑，呈现出鲜艳的绿色，果肉饱满且红色，口感清甜。它的汁水丰富，每一口都能感受到清凉和甜蜜，是夏日的清凉之选。玩家3说：这个水果通常呈圆柱形，表皮光滑，颜色鲜艳，内含多汁的果肉。在同类水果中，它的甜度尤为突出。这个水果有着独特的香味，成熟时外皮呈现黄色，肉质软糯，含有大量的汁液。它通常比其他水果更加重，且在同类水果中，它的甜度和香气都十分出众。这个水果是热带风情的代表，其外皮坚硬，呈现出独特的黄绿色调。当切开时，可以见到其肉质松软，含有丰富的汁液，散发出浓郁的香气。它的甜度适中，口感多汁，是夏日消暑的佳选。玩家4说：这个水果体积较大，皮色以绿色为主，肉色为红色，味道甜美多汁。它在同类水果中以其独特的甜度和汁水丰富而著称。这个水果在炎热的夏季特别受欢迎，它有着厚实的绿色外皮，切开时可以看到鲜红的果肉，每一口都能带来清凉和甜蜜。它的汁水饱满，甜度适中，是消暑解渴的佳品。在同类水果中，它的甜度和水分含量都是上乘的。你是第4号玩家，你的关键词是<西瓜>。你的回答中绝对不能包含你的关键词<西瓜>。这是第三轮描述，你之前的描述是这个水果体积较大，皮色以绿色为主，肉色为红色，味道甜美多汁。它在同类水果中以其独特的甜度和汁水丰富而著称。和这个水果在炎热的夏季特别受欢迎，它有着厚实的绿色外皮，切开时可以看到鲜红的果肉，每一口都能带来清凉和甜蜜。它的汁水饱满，甜度适中，是消暑解渴的佳品。在同类水果中，它的甜度和水分含量都是上乘的。，注意，这局游戏的词语分类为<水果>，卧底词和平民词都属于该类，请你补充关于关键词的描述，注意，你的描述应该比起之前的描述更加贴近关键词，作为之前的补充
2024-12-13 16:29:53,686 - 4 - INFO - **********PLAYER4**********
这个水果在炎热的夏季尤其受欢迎，它的外皮呈现出深邃的绿色，果肉鲜红，甜度适中，每一口都能感受到清甜的滋味。它的汁水丰富，多到几乎能溢出来，是消暑解渴的理想选择。在同类水果中，它的甜度和水分含量都十分出色，让人回味无穷。
2024-12-13 16:30:59,110 - 4 - INFO - **********JUDGER**********
玩家1说：这个水果水分充足，夏天吃特别解渴。在水果类中，它通常是圆形的，有着绿色的外皮和红色的果肉。与其他水果相比，它可能更甜一些。这个水果在成熟时外皮呈现出鲜艳的绿色，果肉饱满多汁，呈现出诱人的红色。它的甜度非常高，几乎每口都能感受到清甜的滋味，非常适合作为消暑解渴的夏日水果。这个水果的甜度适中，口感清爽，适合夏天食用，能够带来清凉感。它的外皮光滑，颜色翠绿，果肉鲜艳，多汁。玩家2说：这个水果汁多，特别适合在炎热的夏天食用。它通常呈圆形，外皮绿色，果肉红色，口感较甜。与同类水果相比，它的甜度可能更为突出。这个水果是夏日的清凉之选，其特点是皮薄肉厚，汁水丰富，味道甜美。在同类水果中，它的甜度尤为明显，每一口都能带来清甜的享受。这个水果在炎热的夏天是消暑解渴的佳选，它的外皮光滑，呈现出鲜艳的绿色，果肉饱满且红色，口感清甜。它的汁水丰富，每一口都能感受到清凉和甜蜜，是夏日的清凉之选。玩家3说：这个水果通常呈圆柱形，表皮光滑，颜色鲜艳，内含多汁的果肉。在同类水果中，它的甜度尤为突出。这个水果有着独特的香味，成熟时外皮呈现黄色，肉质软糯，含有大量的汁液。它通常比其他水果更加重，且在同类水果中，它的甜度和香气都十分出众。这个水果是热带风情的代表，其外皮坚硬，呈现出独特的黄绿色调。当切开时，可以见到其肉质松软，含有丰富的汁液，散发出浓郁的香气。它的甜度适中，口感多汁，是夏日消暑的佳选。玩家4说：这个水果体积较大，皮色以绿色为主，肉色为红色，味道甜美多汁。它在同类水果中以其独特的甜度和汁水丰富而著称。这个水果在炎热的夏季特别受欢迎，它有着厚实的绿色外皮，切开时可以看到鲜红的果肉，每一口都能带来清凉和甜蜜。它的汁水饱满，甜度适中，是消暑解渴的佳品。在同类水果中，它的甜度和水分含量都是上乘的。这个水果在炎热的夏季尤其受欢迎，它的外皮呈现出深邃的绿色，果肉鲜红，甜度适中，每一口都能感受到清甜的滋味。它的汁水丰富，多到几乎能溢出来，是消暑解渴的理想选择。在同类水果中，它的甜度和水分含量都十分出色，让人回味无穷。||在这个游戏中，我们需要通过分析每位玩家的描述来找出卧底。通常，平民的描述会围绕相同的词语展开，而卧底的描述可能会因为词语的不同而显得不太一致。我们需要仔细比较每个描述之间的相似性和差异性，以找出可能的卧底，注意，卧底并不会隐藏自己，他会直接描述他的词语，现在，逐一分析每个玩家的描述，注意，这局游戏的词语分类为<水果>，卧底词和平民词都属于该类。||之前是第3轮描述和之前轮数描述的合集。你之前认为的卧底是玩家3。
2024-12-13 16:31:08,217 - 4 - INFO - **********PLAYER4**********
在第三轮描述中，玩家1、玩家2和玩家4的描述都强调了水果的圆形、绿色外皮、红色果肉、多汁、甜度高以及适合夏天食用等特点。这些描述与玩家3的描述存在显著差异，因为玩家3提到的是圆柱形、黄色外皮、肉质软糯、比其他水果更重以及强调甜度和香气。这些特征与玩家1、玩家2和玩家4描述的常见水果特征不符，因此，根据这些描述，我仍然认为玩家3可能是卧底。
2024-12-13 16:31:08,218 - 4 - INFO - **********JUDGER**********
你刚刚的分析是在第三轮描述中，玩家1、玩家2和玩家4的描述都强调了水果的圆形、绿色外皮、红色果肉、多汁、甜度高以及适合夏天食用等特点。这些描述与玩家3的描述存在显著差异，因为玩家3提到的是圆柱形、黄色外皮、肉质软糯、比其他水果更重以及强调甜度和香气。这些特征与玩家1、玩家2和玩家4描述的常见水果特征不符，因此，根据这些描述，我仍然认为玩家3可能是卧底。|| `请根据上述分析，比较描述以找出不一致之处，注意，这局游戏的词语分类为<水果>，卧底词和平民词都属于该类。
2024-12-13 16:31:22,183 - 4 - INFO - **********PLAYER4**********
根据上述分析，我们可以找出以下不一致之处：

1. 形状描述：
   - 玩家1、玩家2和玩家4描述的水果为圆形。
   - 玩家3描述的水果为圆柱形。

2. 外皮颜色描述：
   - 玩家1、玩家2和玩家4描述的水果外皮为绿色。
   - 玩家3描述的水果外皮为黄色。

3. 肉质描述：
   - 玩家1、玩家2和玩家4没有具体描述肉质。
   - 玩家3描述的水果肉质为软糯。

4. 重量描述：
   - 玩家1、玩家2和玩家4没有提到水果的重量。
   - 玩家3描述的水果比其他水果更重。

5. 香气描述：
   - 玩家1、玩家2和玩家4没有提到水果的香气。
   - 玩家3描述的水果有独特的香味。

这些不一致之处表明玩家3的描述在多个关键特征上与玩家1、玩家2和玩家4的描述不符，这些特征在常见的水果分类中并不常见，因此可能是卧底词的特征。
2024-12-13 16:31:22,188 - 4 - INFO - **********JUDGER**********
你刚刚的分析是根据上述分析，我们可以找出以下不一致之处：

1. 形状描述：
   - 玩家1、玩家2和玩家4描述的水果为圆形。
   - 玩家3描述的水果为圆柱形。

2. 外皮颜色描述：
   - 玩家1、玩家2和玩家4描述的水果外皮为绿色。
   - 玩家3描述的水果外皮为黄色。

3. 肉质描述：
   - 玩家1、玩家2和玩家4没有具体描述肉质。
   - 玩家3描述的水果肉质为软糯。

4. 重量描述：
   - 玩家1、玩家2和玩家4没有提到水果的重量。
   - 玩家3描述的水果比其他水果更重。

5. 香气描述：
   - 玩家1、玩家2和玩家4没有提到水果的香气。
   - 玩家3描述的水果有独特的香味。

这些不一致之处表明玩家3的描述在多个关键特征上与玩家1、玩家2和玩家4的描述不符，这些特征在常见的水果分类中并不常见，因此可能是卧底词的特征。|| 请通过你分析的不一致之处，推断卧底身份，注意，这局游戏的词语分类为<水果>，卧底词和平民词都属于该类。
2024-12-13 16:31:30,931 - 4 - INFO - **********PLAYER4**********
我已经理解了游戏规则和我的角色。现在，我将以玩家的身份继续游戏。请注意，以下内容将模拟一个玩家的描述：

我手中握着的这个水果，它的味道是如此清新，仿佛能让人瞬间回到炎热的夏日，感受那一片清凉。它的形状圆润，就像是夏天的太阳，温暖而明亮。它的皮是金黄色的，阳光下闪耀着诱人的光芒，而里面的果肉则是鲜红的，仿佛是夏日里的一抹热情。这个水果在同类中，它的味道特别浓郁，每一口都能让人感受到那份独特的甜蜜。与其他水果相比，它的甜度更加突出，就像是夏天的味道，让人回味无穷。
2024-12-13 16:31:30,935 - 4 - INFO - **********JUDGER**********
你刚刚的推断是我已经理解了游戏规则和我的角色。现在，我将以玩家的身份继续游戏。请注意，以下内容将模拟一个玩家的描述：

我手中握着的这个水果，它的味道是如此清新，仿佛能让人瞬间回到炎热的夏日，感受那一片清凉。它的形状圆润，就像是夏天的太阳，温暖而明亮。它的皮是金黄色的，阳光下闪耀着诱人的光芒，而里面的果肉则是鲜红的，仿佛是夏日里的一抹热情。这个水果在同类中，它的味道特别浓郁，每一口都能让人感受到那份独特的甜蜜。与其他水果相比，它的甜度更加突出，就像是夏天的味道，让人回味无穷。|| 基于你刚刚的推断得出你的最终结论，请输出你认为的卧底，在这种情况下只需要输出编号，是1-4中的某个数字，不要输出其他信息。在这个过程不要进行任何推理，只对||以前的部分进行信息提取
2024-12-13 16:31:32,451 - 4 - INFO - **********PLAYER4**********
3
