2024-12-13 12:59:49,865 - 1 - INFO - **********JUDGER**********
让我们来玩一个叫做<谁是卧底>的推理游戏。基本规则：<人数>：4人。<角色分配>：每位玩家随机抽取一个词语，3名玩家拿到的词语是相同的（平民词），1名玩家拿到与之相近但不同的词语（卧底词）。<游戏流程>：1、玩家轮流描述自己的词语，但<不能>直接说出词语本身。2、描述完毕后，投票选出最像卧底的玩家。3、每轮结束后，被投票选出的玩家出局，不能再进行描述或投票。4、每轮投票结束后，如果卧底被成功找出，平民方获胜；如果卧底未被找出且卧底人数等于或超过平民人数，则卧底方获胜。你将扮演一个<玩家>，请等待你被分配到的关键词。如果你听懂了，只回答，"好的，我准备好参加游戏了"，不要输出别的信息
2024-12-13 12:59:50,275 - 1 - INFO - **********PLAYER1**********
好的，我准备好参加游戏了
2024-12-13 12:59:54,498 - 1 - INFO - **********JUDGER**********
玩家1说：玩家2说：玩家3说：玩家4说：|| 你是第1号玩家，你的关键词是<排球>。你的回答中绝对不能包含你的关键词<排球>。这是第一轮描述，不需要分析||之前别的玩家的描述，请你描述关键词基本特征，注意，这局游戏的词语分类为<体育用品>，卧底词和平民词都属于该类，描述包括以下两点，1.他的基本特征是什么2.他在该类（体育用品）中最突出不同的特征是什么，尽量简短
2024-12-13 12:59:55,210 - 1 - INFO - **********PLAYER1**********
这是一种球类，通常用于运动比赛。它在体育用品中以其独特的网状结构而著名。
2024-12-13 13:00:04,411 - 1 - INFO - **********JUDGER**********
玩家1说：这是一种球类，通常用于运动比赛。它在体育用品中以其独特的网状结构而著名。玩家2说：这个球体是圆形的，表面有复杂的图案，常用于团队运动。它在该类体育用品中以其网格设计而特别。玩家3说：这是一个圆形的物体，表面由多个小孔组成，可以拉伸和收缩。它在该类体育用品中最突出的不同特征是，它通常由橡胶或其他弹性材料制成，且用于特定的运动项目。玩家4说：||在这个游戏中，我们需要通过分析每位玩家的描述来找出卧底。通常，平民的描述会围绕相同的词语展开，而卧底的描述可能会因为词语的不同而显得不太一致。我们需要仔细比较每个描述之间的相似性和差异性，以找出可能的卧底，注意，卧底并不会隐藏自己，他会直接描述他的词语，现在，逐一分析每个玩家的描述，注意，这局游戏的词语分类为<体育用品>，卧底词和平民词都属于该类。这是第一轮描述。
2024-12-13 13:00:08,458 - 1 - INFO - **********PLAYER1**********
好的，我会根据每位玩家的描述来分析：

玩家1的描述提到了球类和运动比赛，以及网状结构，这与排球的特征相符。

玩家2的描述进一步强调了球体是圆形的，有复杂的图案，常用于团队运动，网格设计，这些也是排球的典型特征。

玩家3的描述提到了圆形物体、小孔、拉伸和收缩，以及由橡胶或其他弹性材料制成，这听起来更像是气排球或其他充气球类的特征，而不是排球。

玩家4的描述更像是对游戏规则的提醒和分析指南，并没有提供关于关键词的具体信息。

根据这些描述，玩家3的描述与排球的典型特征不太一致，因此他可能是卧底。不过，最终还需要结合后续的描述和投票结果来确定。
2024-12-13 13:00:08,459 - 1 - INFO - **********JUDGER**********
你刚刚的分析是好的，我会根据每位玩家的描述来分析：

玩家1的描述提到了球类和运动比赛，以及网状结构，这与排球的特征相符。

玩家2的描述进一步强调了球体是圆形的，有复杂的图案，常用于团队运动，网格设计，这些也是排球的典型特征。

玩家3的描述提到了圆形物体、小孔、拉伸和收缩，以及由橡胶或其他弹性材料制成，这听起来更像是气排球或其他充气球类的特征，而不是排球。

玩家4的描述更像是对游戏规则的提醒和分析指南，并没有提供关于关键词的具体信息。

根据这些描述，玩家3的描述与排球的典型特征不太一致，因此他可能是卧底。不过，最终还需要结合后续的描述和投票结果来确定。|| `请根据上述分析，比较描述以找出不一致之处，注意，这局游戏的词语分类为<体育用品>，卧底词和平民词都属于该类。
2024-12-13 13:00:13,038 - 1 - INFO - **********PLAYER1**********
根据上述分析，我们可以比较描述中的一致性和不一致之处：

1. 玩家1和玩家2的描述都集中在球类的圆形、团队运动和网格设计上，这与排球的特征高度一致。

2. 玩家3的描述提到了圆形物体、小孔、拉伸和收缩，以及由橡胶或其他弹性材料制成。这些特征虽然也适用于排球，但它们更通用于各种球类，包括足球、篮球、排球等。玩家3的描述中缺乏对排球特定特征的强调，如网状结构和团队运动的特定规则。

3. 玩家4的描述没有提供任何与关键词相关的具体信息，而是给出了游戏的分析指南，这并不影响卧底或平民的识别。

不一致之处在于玩家3的描述相对较为宽泛，没有像玩家1和玩家2那样明确指向排球的特定特征。这可能是玩家3作为卧底，故意使用了一个更通用的描述来混淆视听。因此，玩家3的描述与玩家1和玩家2的描述存在不一致之处，这可能表明玩家3是卧底。
2024-12-13 13:00:13,043 - 1 - INFO - **********JUDGER**********
你刚刚的分析是根据上述分析，我们可以比较描述中的一致性和不一致之处：

1. 玩家1和玩家2的描述都集中在球类的圆形、团队运动和网格设计上，这与排球的特征高度一致。

2. 玩家3的描述提到了圆形物体、小孔、拉伸和收缩，以及由橡胶或其他弹性材料制成。这些特征虽然也适用于排球，但它们更通用于各种球类，包括足球、篮球、排球等。玩家3的描述中缺乏对排球特定特征的强调，如网状结构和团队运动的特定规则。

3. 玩家4的描述没有提供任何与关键词相关的具体信息，而是给出了游戏的分析指南，这并不影响卧底或平民的识别。

不一致之处在于玩家3的描述相对较为宽泛，没有像玩家1和玩家2那样明确指向排球的特定特征。这可能是玩家3作为卧底，故意使用了一个更通用的描述来混淆视听。因此，玩家3的描述与玩家1和玩家2的描述存在不一致之处，这可能表明玩家3是卧底。|| 请通过你分析的不一致之处，推断卧底身份，注意，这局游戏的词语分类为<体育用品>，卧底词和平民词都属于该类。
2024-12-13 13:00:19,797 - 1 - INFO - **********PLAYER1**********
基于上述分析的不一致之处，我们可以推断以下可能性：

玩家3的描述虽然提到了圆形物体、小孔、拉伸和收缩，以及由橡胶或其他弹性材料制成，但这些特征过于通用，没有具体指向排球这一特定的体育用品。相比之下，玩家1和玩家2的描述更加具体，提到了网状结构和团队运动，这些都是排球独有的特征。

由于游戏的词语分类为<体育用品>，且卧底词和平民词都属于该类，玩家3的描述与排球的关键特征不符，而更像是其他球类的特征，这表明玩家3的词语可能是一个更通用的球类，而不是排球。

因此，根据描述中的一致性和不一致之处，玩家3最有可能被推断为卧底，因为他提供的描述与排球的关键特征不一致，且更符合其他球类的特征。
2024-12-13 13:00:19,797 - 1 - INFO - **********JUDGER**********
你刚刚的推断是基于上述分析的不一致之处，我们可以推断以下可能性：

玩家3的描述虽然提到了圆形物体、小孔、拉伸和收缩，以及由橡胶或其他弹性材料制成，但这些特征过于通用，没有具体指向排球这一特定的体育用品。相比之下，玩家1和玩家2的描述更加具体，提到了网状结构和团队运动，这些都是排球独有的特征。

由于游戏的词语分类为<体育用品>，且卧底词和平民词都属于该类，玩家3的描述与排球的关键特征不符，而更像是其他球类的特征，这表明玩家3的词语可能是一个更通用的球类，而不是排球。

因此，根据描述中的一致性和不一致之处，玩家3最有可能被推断为卧底，因为他提供的描述与排球的关键特征不一致，且更符合其他球类的特征。|| 基于你刚刚的推断得出你的最终结论，请输出你认为的卧底，在这种情况下只需要输出编号，是1-4中的某个数字，不要输出其他信息。在这个过程不要进行任何推理，只对||以前的部分进行信息提取
2024-12-13 13:00:21,045 - 1 - INFO - **********PLAYER1**********
3
2024-12-13 13:01:17,928 - 1 - INFO - **********JUDGER**********
玩家1说：这是一种球类，通常用于运动比赛。它在体育用品中以其独特的网状结构而著名。玩家2说：这个球体是圆形的，表面有复杂的图案，常用于团队运动。它在该类体育用品中以其网格设计而特别。玩家3说：这是一个圆形的物体，表面由多个小孔组成，可以拉伸和收缩。它在该类体育用品中最突出的不同特征是，它通常由橡胶或其他弹性材料制成，且用于特定的运动项目。玩家4说：这是一种球类，主要用于团体比赛，它的表面具有许多孔洞，便于抓握。在这个类别中，它最突出的不同特征是它的孔洞结构，使得它在运动中具有独特的弹性和灵活性。你是第1号玩家，你的关键词是<排球>。你的回答中绝对不能包含你的关键词<排球>。这是第二轮描述，你之前的描述是这是一种球类，通常用于运动比赛。它在体育用品中以其独特的网状结构而著名。，注意，这局游戏的词语分类为<体育用品>，卧底词和平民词都属于该类，请你补充关于关键词的描述，注意，你的描述应该比起之前的描述更加贴近关键词，作为之前的补充
2024-12-13 13:01:19,614 - 1 - INFO - **********PLAYER1**********
这种球类在比赛中需要精准的团队协作，它的尺寸和重量都有严格的标准。在体育用品中，它以其轻便的材质和易于操控的属性而受到青睐。
2024-12-13 13:01:26,231 - 1 - INFO - **********JUDGER**********
玩家1说：这是一种球类，通常用于运动比赛。它在体育用品中以其独特的网状结构而著名。这种球类在比赛中需要精准的团队协作，它的尺寸和重量都有严格的标准。在体育用品中，它以其轻便的材质和易于操控的属性而受到青睐。玩家2说：这个球体是圆形的，表面有复杂的图案，常用于团队运动。它在该类体育用品中以其网格设计而特别。这个球体是圆的，表面由许多小孔组成，设计上注重手感和操控性。它适用于多种户外运动，特别强调团队协作和精准传递。在同类体育用品中，它的孔洞结构提供了额外的弹性和灵活性，使其在运动中更加出色。玩家3说：这是一个圆形的物体，表面由多个小孔组成，可以拉伸和收缩。它在该类体育用品中最突出的不同特征是，它通常由橡胶或其他弹性材料制成，且用于特定的运动项目。这个球类在体育用品中以其轻便的材质和易于操控的属性而受到青睐，特别适用于团队运动。它的表面设计注重手感和操控性，使得它在比赛中能够提供额外的弹性和灵活性。玩家4说：这是一种球类，主要用于团体比赛，它的表面具有许多孔洞，便于抓握。在这个类别中，它最突出的不同特征是它的孔洞结构，使得它在运动中具有独特的弹性和灵活性。||在这个游戏中，我们需要通过分析每位玩家的描述来找出卧底。通常，平民的描述会围绕相同的词语展开，而卧底的描述可能会因为词语的不同而显得不太一致。我们需要仔细比较每个描述之间的相似性和差异性，以找出可能的卧底，注意，卧底并不会隐藏自己，他会直接描述他的词语，现在，逐一分析每个玩家的描述，注意，这局游戏的词语分类为<体育用品>，卧底词和平民词都属于该类。||之前是第2轮描述和之前轮数描述的合集。你之前认为的卧底是玩家3。
2024-12-13 13:01:32,288 - 1 - INFO - **********PLAYER1**********
玩家1的描述与排球的特征非常吻合，强调了网状结构、团队协作、尺寸和重量标准以及轻便材质。

玩家2的描述也指向排球，提到了圆形球体、网格设计、孔洞结构、手感和操控性，以及适用于户外运动和团队协作。

玩家3的描述与排球的特征相似，但特别强调了球体的弹性材料、拉伸和收缩特性，以及它在特定运动项目中的应用。

玩家4的描述同样提到了团体比赛、孔洞结构、弹性和灵活性，但没有明确提及网状结构或团队协作的特定要求。

根据这些描述，玩家3的描述与排球的描述相比，更加突出球体的材料和物理特性，而不是排球的特定运动规则和团队协作。这与其他玩家的描述相比，可能存在一定的差异。因此，如果之前的推断是基于描述的不一致性，玩家3仍然是一个可能的卧底候选。然而，玩家4的描述虽然没有提及网状结构，但其他特征也与排球相符，因此玩家4也是一个可能的卧底候选。

综合考虑，如果必须选择一个，我会保持之前的推断，即玩家3可能是卧底。
2024-12-13 13:01:32,294 - 1 - INFO - **********JUDGER**********
你刚刚的分析是玩家1的描述与排球的特征非常吻合，强调了网状结构、团队协作、尺寸和重量标准以及轻便材质。

玩家2的描述也指向排球，提到了圆形球体、网格设计、孔洞结构、手感和操控性，以及适用于户外运动和团队协作。

玩家3的描述与排球的特征相似，但特别强调了球体的弹性材料、拉伸和收缩特性，以及它在特定运动项目中的应用。

玩家4的描述同样提到了团体比赛、孔洞结构、弹性和灵活性，但没有明确提及网状结构或团队协作的特定要求。

根据这些描述，玩家3的描述与排球的描述相比，更加突出球体的材料和物理特性，而不是排球的特定运动规则和团队协作。这与其他玩家的描述相比，可能存在一定的差异。因此，如果之前的推断是基于描述的不一致性，玩家3仍然是一个可能的卧底候选。然而，玩家4的描述虽然没有提及网状结构，但其他特征也与排球相符，因此玩家4也是一个可能的卧底候选。

综合考虑，如果必须选择一个，我会保持之前的推断，即玩家3可能是卧底。|| `请根据上述分析，比较描述以找出不一致之处，注意，这局游戏的词语分类为<体育用品>，卧底词和平民词都属于该类。
2024-12-13 13:01:39,854 - 1 - INFO - **********PLAYER1**********
根据上述分析，我们可以比较描述中的一致性和不一致之处：

1. 玩家1和玩家2的描述都提到了球体的圆形、网格设计、团队运动和孔洞结构，这些特征都与排球相符。

2. 玩家3的描述也提到了球体的圆形、孔洞结构、弹性和灵活性，以及适用于特定运动项目，但没有明确提到网格设计或团队运动的特定要求。这与其他玩家的描述相比，显得有些不同。

3. 玩家4的描述与玩家2和玩家3相似，提到了球体的圆形、孔洞结构、弹性和灵活性，以及适用于团体比赛，但没有提到网格设计。

不一致之处在于，玩家3的描述相对于其他玩家更加侧重于球体的物理特性，如弹性材料和拉伸收缩特性，而没有像其他玩家那样强调球体的运动用途（如团队运动）和结构特征（如网格设计）。这可能导致玩家3的描述与其他玩家的描述存在差异。

因此，基于描述的不一致性，玩家3的描述可能与排球的关键特征有所不同，这可能是卧底的一个线索。
2024-12-13 13:01:39,858 - 1 - INFO - **********JUDGER**********
你刚刚的分析是根据上述分析，我们可以比较描述中的一致性和不一致之处：

1. 玩家1和玩家2的描述都提到了球体的圆形、网格设计、团队运动和孔洞结构，这些特征都与排球相符。

2. 玩家3的描述也提到了球体的圆形、孔洞结构、弹性和灵活性，以及适用于特定运动项目，但没有明确提到网格设计或团队运动的特定要求。这与其他玩家的描述相比，显得有些不同。

3. 玩家4的描述与玩家2和玩家3相似，提到了球体的圆形、孔洞结构、弹性和灵活性，以及适用于团体比赛，但没有提到网格设计。

不一致之处在于，玩家3的描述相对于其他玩家更加侧重于球体的物理特性，如弹性材料和拉伸收缩特性，而没有像其他玩家那样强调球体的运动用途（如团队运动）和结构特征（如网格设计）。这可能导致玩家3的描述与其他玩家的描述存在差异。

因此，基于描述的不一致性，玩家3的描述可能与排球的关键特征有所不同，这可能是卧底的一个线索。|| 请通过你分析的不一致之处，推断卧底身份，注意，这局游戏的词语分类为<体育用品>，卧底词和平民词都属于该类。
2024-12-13 13:01:41,058 - 1 - INFO - **********PLAYER1**********
基于分析的不一致之处，我推断卧底身份是玩家3。
2024-12-13 13:01:41,061 - 1 - INFO - **********JUDGER**********
你刚刚的推断是基于分析的不一致之处，我推断卧底身份是玩家3。|| 基于你刚刚的推断得出你的最终结论，请输出你认为的卧底，在这种情况下只需要输出编号，是1-4中的某个数字，不要输出其他信息。在这个过程不要进行任何推理，只对||以前的部分进行信息提取
2024-12-13 13:01:42,009 - 1 - INFO - **********PLAYER1**********
3
2024-12-13 13:03:03,990 - 1 - INFO - **********JUDGER**********
玩家1说：这是一种球类，通常用于运动比赛。它在体育用品中以其独特的网状结构而著名。这种球类在比赛中需要精准的团队协作，它的尺寸和重量都有严格的标准。在体育用品中，它以其轻便的材质和易于操控的属性而受到青睐。玩家2说：这个球体是圆形的，表面有复杂的图案，常用于团队运动。它在该类体育用品中以其网格设计而特别。这个球体是圆的，表面由许多小孔组成，设计上注重手感和操控性。它适用于多种户外运动，特别强调团队协作和精准传递。在同类体育用品中，它的孔洞结构提供了额外的弹性和灵活性，使其在运动中更加出色。玩家3说：这是一个圆形的物体，表面由多个小孔组成，可以拉伸和收缩。它在该类体育用品中最突出的不同特征是，它通常由橡胶或其他弹性材料制成，且用于特定的运动项目。这个球类在体育用品中以其轻便的材质和易于操控的属性而受到青睐，特别适用于团队运动。它的表面设计注重手感和操控性，使得它在比赛中能够提供额外的弹性和灵活性。玩家4说：这是一种球类，主要用于团体比赛，它的表面具有许多孔洞，便于抓握。在这个类别中，它最突出的不同特征是它的孔洞结构，使得它在运动中具有独特的弹性和灵活性。这是一种球类，主要用于团体比赛，它的表面设计具有独特的网格结构，使得球体既轻便又易于操控。在同类体育用品中，这种球体的材质和设计注重弹性和灵活性，非常适合进行高强度的团队协作运动。你是第1号玩家，你的关键词是<排球>。你的回答中绝对不能包含你的关键词<排球>。这是第三轮描述，你之前的描述是这是一种球类，通常用于运动比赛。它在体育用品中以其独特的网状结构而著名。和这种球类在比赛中需要精准的团队协作，它的尺寸和重量都有严格的标准。在体育用品中，它以其轻便的材质和易于操控的属性而受到青睐。，注意，这局游戏的词语分类为<体育用品>，卧底词和平民词都属于该类，请你补充关于关键词的描述，注意，你的描述应该比起之前的描述更加贴近关键词，作为之前的补充
2024-12-13 13:03:06,549 - 1 - INFO - **********PLAYER1**********
这种球类在比赛中需要高度的技巧和战术配合，它的制造工艺要求精确，以确保每个球都能达到相同的性能标准。它的材质轻巧，便于运动员在空中进行操控，同时球体的表面设计有助于增加空气阻力，提高球的飞行轨迹的预测性。
2024-12-13 13:03:17,531 - 1 - INFO - **********JUDGER**********
玩家1说：这是一种球类，通常用于运动比赛。它在体育用品中以其独特的网状结构而著名。这种球类在比赛中需要精准的团队协作，它的尺寸和重量都有严格的标准。在体育用品中，它以其轻便的材质和易于操控的属性而受到青睐。这种球类在比赛中需要高度的技巧和战术配合，它的制造工艺要求精确，以确保每个球都能达到相同的性能标准。它的材质轻巧，便于运动员在空中进行操控，同时球体的表面设计有助于增加空气阻力，提高球的飞行轨迹的预测性。玩家2说：这个球体是圆形的，表面有复杂的图案，常用于团队运动。它在该类体育用品中以其网格设计而特别。这个球体是圆的，表面由许多小孔组成，设计上注重手感和操控性。它适用于多种户外运动，特别强调团队协作和精准传递。在同类体育用品中，它的孔洞结构提供了额外的弹性和灵活性，使其在运动中更加出色。这个球体是圆的，它的表面设计有多个小孔，便于抓握和操控。这种球体在户外运动中非常常见，特别适合团队协作和精准传递。它的材质轻便，使得运动员可以轻松地在空中操控球，同时球体的表面设计有助于增加空气阻力，使得球的飞行轨迹更加可预测。在同类体育用品中，这种球体的设计和制造工艺都非常注重弹性和灵活性。玩家3说：这是一个圆形的物体，表面由多个小孔组成，可以拉伸和收缩。它在该类体育用品中最突出的不同特征是，它通常由橡胶或其他弹性材料制成，且用于特定的运动项目。这个球类在体育用品中以其轻便的材质和易于操控的属性而受到青睐，特别适用于团队运动。它的表面设计注重手感和操控性，使得它在比赛中能够提供额外的弹性和灵活性。这个球类在体育用品中以其网格设计而著名，它通常由弹性材料制成，具有轻便的材质和易于操控的属性。它的表面设计注重手感和操控性，使得它在比赛中能够提供额外的弹性和灵活性，特别适用于团队运动。玩家4说：这是一种球类，主要用于团体比赛，它的表面具有许多孔洞，便于抓握。在这个类别中，它最突出的不同特征是它的孔洞结构，使得它在运动中具有独特的弹性和灵活性。这是一种球类，主要用于团体比赛，它的表面设计具有独特的网格结构，使得球体既轻便又易于操控。在同类体育用品中，这种球体的材质和设计注重弹性和灵活性，非常适合进行高强度的团队协作运动。这种球类在体育用品中以其轻便的材质和易于操控的属性而受到青睐，特别适用于团队运动。它的表面设计注重手感和操控性，使得运动员在比赛中能够进行精准的传递和攻击。这种球类的尺寸和重量都有严格的标准，以确保比赛的公平性。它的表面具有许多小孔，便于运动员的抓握和操控，同时也增加了球在空中的稳定性。||在这个游戏中，我们需要通过分析每位玩家的描述来找出卧底。通常，平民的描述会围绕相同的词语展开，而卧底的描述可能会因为词语的不同而显得不太一致。我们需要仔细比较每个描述之间的相似性和差异性，以找出可能的卧底，注意，卧底并不会隐藏自己，他会直接描述他的词语，现在，逐一分析每个玩家的描述，注意，这局游戏的词语分类为<体育用品>，卧底词和平民词都属于该类。||之前是第3轮描述和之前轮数描述的合集。你之前认为的卧底是玩家3。
2024-12-13 13:03:30,924 - 1 - INFO - **********PLAYER1**********
基于第三轮描述和之前的描述，我们可以看到以下情况：

玩家1的描述强调了球类的网状结构、团队协作、尺寸和重量标准、轻便材质、易于操控的属性、高度的技巧和战术配合，以及精确的制造工艺。

玩家2的描述提到了球体的圆形、复杂图案、网格设计、小孔、手感和操控性、适用于户外运动、团队协作和精准传递，以及额外的弹性和灵活性。

玩家3的描述提到了球体的圆形、小孔、拉伸和收缩、弹性材料、特定的运动项目、轻便材质、易于操控的属性、手感和操控性、额外的弹性和灵活性、网格设计，以及适用于团队运动。

玩家4的描述提到了球体的圆形、孔洞、抓握、独特的弹性和灵活性、网格结构、轻便、易于操控的属性、适用于团体比赛、高强度的团队协作运动、轻便材质、易于操控的属性、精准的传递和攻击、严格的标准、稳定性。

玩家3的描述与其他玩家的描述相比，特别强调了球体的拉伸和收缩特性，这是排球所不具备的。其他玩家虽然也提到了球体的弹性、轻便材质、易于操控的属性和网格设计，但没有像玩家3那样强调球体的物理变化能力。

因此，根据描述的差异性，玩家3的描述可能与其他玩家的描述不一致，这可能是卧底的一个线索。然而，玩家4的描述虽然也提到了网格设计和轻便材质，但没有像玩家3那样强调球体的物理变化能力。

综合考虑，如果必须选择一个，我会保持之前的推断，即玩家3可能是卧底。
2024-12-13 13:03:30,925 - 1 - INFO - **********JUDGER**********
你刚刚的分析是基于第三轮描述和之前的描述，我们可以看到以下情况：

玩家1的描述强调了球类的网状结构、团队协作、尺寸和重量标准、轻便材质、易于操控的属性、高度的技巧和战术配合，以及精确的制造工艺。

玩家2的描述提到了球体的圆形、复杂图案、网格设计、小孔、手感和操控性、适用于户外运动、团队协作和精准传递，以及额外的弹性和灵活性。

玩家3的描述提到了球体的圆形、小孔、拉伸和收缩、弹性材料、特定的运动项目、轻便材质、易于操控的属性、手感和操控性、额外的弹性和灵活性、网格设计，以及适用于团队运动。

玩家4的描述提到了球体的圆形、孔洞、抓握、独特的弹性和灵活性、网格结构、轻便、易于操控的属性、适用于团体比赛、高强度的团队协作运动、轻便材质、易于操控的属性、精准的传递和攻击、严格的标准、稳定性。

玩家3的描述与其他玩家的描述相比，特别强调了球体的拉伸和收缩特性，这是排球所不具备的。其他玩家虽然也提到了球体的弹性、轻便材质、易于操控的属性和网格设计，但没有像玩家3那样强调球体的物理变化能力。

因此，根据描述的差异性，玩家3的描述可能与其他玩家的描述不一致，这可能是卧底的一个线索。然而，玩家4的描述虽然也提到了网格设计和轻便材质，但没有像玩家3那样强调球体的物理变化能力。

综合考虑，如果必须选择一个，我会保持之前的推断，即玩家3可能是卧底。|| `请根据上述分析，比较描述以找出不一致之处，注意，这局游戏的词语分类为<体育用品>，卧底词和平民词都属于该类。
2024-12-13 13:03:34,643 - 1 - INFO - **********PLAYER1**********
根据上述分析，不一致之处在于：

玩家3的描述中特别提到了球体的“拉伸和收缩”特性，这是排球所不具备的特征。其他玩家的描述中虽然也提到了球的弹性、轻便材质、易于操控的属性和网格设计，但没有提到球体能够拉伸和收缩。

这种对球体物理特性的描述差异，可能是玩家3作为卧底的一个明显线索，因为排球没有这种特性。因此，玩家3的描述与其他玩家描述的不一致性，是判断卧底身份的关键点。
2024-12-13 13:03:34,645 - 1 - INFO - **********JUDGER**********
你刚刚的分析是根据上述分析，不一致之处在于：

玩家3的描述中特别提到了球体的“拉伸和收缩”特性，这是排球所不具备的特征。其他玩家的描述中虽然也提到了球的弹性、轻便材质、易于操控的属性和网格设计，但没有提到球体能够拉伸和收缩。

这种对球体物理特性的描述差异，可能是玩家3作为卧底的一个明显线索，因为排球没有这种特性。因此，玩家3的描述与其他玩家描述的不一致性，是判断卧底身份的关键点。|| 请通过你分析的不一致之处，推断卧底身份，注意，这局游戏的词语分类为<体育用品>，卧底词和平民词都属于该类。
2024-12-13 13:03:35,561 - 1 - INFO - **********PLAYER1**********
3
2024-12-13 13:03:35,574 - 1 - INFO - **********JUDGER**********
你刚刚的推断是3|| 基于你刚刚的推断得出你的最终结论，请输出你认为的卧底，在这种情况下只需要输出编号，是1-4中的某个数字，不要输出其他信息。在这个过程不要进行任何推理，只对||以前的部分进行信息提取
2024-12-13 13:03:37,376 - 1 - INFO - **********PLAYER1**********
3
