2024-12-13 12:59:51,170 - 2 - INFO - **********JUDGER**********
让我们来玩一个叫做<谁是卧底>的推理游戏。基本规则：<人数>：4人。<角色分配>：每位玩家随机抽取一个词语，3名玩家拿到的词语是相同的（平民词），1名玩家拿到与之相近但不同的词语（卧底词）。<游戏流程>：1、玩家轮流描述自己的词语，但<不能>直接说出词语本身。2、描述完毕后，投票选出最像卧底的玩家。3、每轮结束后，被投票选出的玩家出局，不能再进行描述或投票。4、每轮投票结束后，如果卧底被成功找出，平民方获胜；如果卧底未被找出且卧底人数等于或超过平民人数，则卧底方获胜。你将扮演一个<玩家>，请等待你被分配到的关键词。如果你听懂了，只回答，"好的，我准备好参加游戏了"，不要输出别的信息
2024-12-13 12:59:51,578 - 2 - INFO - **********PLAYER2**********
好的，我准备好参加游戏了
2024-12-13 12:59:55,212 - 2 - INFO - **********JUDGER**********
玩家1说：这是一种球类，通常用于运动比赛。它在体育用品中以其独特的网状结构而著名。玩家2说：玩家3说：玩家4说：|| 你是第2号玩家，你的关键词是<篮球>。你的回答中绝对不能包含你的关键词<篮球>。这是第一轮描述，不需要分析||之前别的玩家的描述，请你描述关键词基本特征，注意，这局游戏的词语分类为<体育用品>，卧底词和平民词都属于该类，描述包括以下两点，1.他的基本特征是什么2.他在该类（体育用品）中最突出不同的特征是什么，尽量简短
2024-12-13 12:59:59,399 - 2 - INFO - **********PLAYER2**********
这是一种圆形的体育用品，主要用于户外运动。它的表面有多个六边形和五边形的网格，这种网状结构使其在运动中具有特殊的弹性和透气性。在同类体育用品中，它因其网格的特定设计和在篮球运动中的核心作用而最为突出。
2024-12-13 12:59:59,400 - 2 - INFO - **********JUDGER**********
玩家1说：这是一种球类，通常用于运动比赛。它在体育用品中以其独特的网状结构而著名。玩家2说：玩家3说：玩家4说：|| 你是第2号玩家，你的关键词是<篮球>。你的回答中绝对不能包含你的关键词<篮球>。这是第一轮描述，不需要分析||之前别的玩家的描述，请你描述关键词基本特征，注意，这局游戏的词语分类为<体育用品>，卧底词和平民词都属于该类，描述包括以下两点，1.他的基本特征是什么2.他在该类（体育用品）中最突出不同的特征是什么，尽量简短
2024-12-13 13:00:00,682 - 2 - INFO - **********PLAYER2**********
这个球体是圆形的，表面有复杂的图案，常用于团队运动。它在该类体育用品中以其网格设计而特别。
2024-12-13 13:00:21,045 - 2 - INFO - **********JUDGER**********
玩家1说：这是一种球类，通常用于运动比赛。它在体育用品中以其独特的网状结构而著名。玩家2说：这个球体是圆形的，表面有复杂的图案，常用于团队运动。它在该类体育用品中以其网格设计而特别。玩家3说：这是一个圆形的物体，表面由多个小孔组成，可以拉伸和收缩。它在该类体育用品中最突出的不同特征是，它通常由橡胶或其他弹性材料制成，且用于特定的运动项目。玩家4说：||在这个游戏中，我们需要通过分析每位玩家的描述来找出卧底。通常，平民的描述会围绕相同的词语展开，而卧底的描述可能会因为词语的不同而显得不太一致。我们需要仔细比较每个描述之间的相似性和差异性，以找出可能的卧底，注意，卧底并不会隐藏自己，他会直接描述他的词语，现在，逐一分析每个玩家的描述，注意，这局游戏的词语分类为<体育用品>，卧底词和平民词都属于该类。这是第一轮描述。
2024-12-13 13:00:23,887 - 2 - INFO - **********PLAYER2**********
玩家1和玩家2的描述都提到了球体、运动比赛、网状结构和团队运动，这与篮球的特征相符。玩家3的描述提到了圆形物体、小孔、弹性材料和特定运动项目，这与跳绳的特征相符。由于玩家4没有提供描述，我们无法判断其词语。

根据描述的一致性和差异性，玩家3的描述与篮球和玩家1、2的描述不太一致，因此玩家3可能是卧底。而玩家4没有提供描述，我们暂时无法确定其身份。
2024-12-13 13:00:23,888 - 2 - INFO - **********JUDGER**********
你刚刚的分析是玩家1和玩家2的描述都提到了球体、运动比赛、网状结构和团队运动，这与篮球的特征相符。玩家3的描述提到了圆形物体、小孔、弹性材料和特定运动项目，这与跳绳的特征相符。由于玩家4没有提供描述，我们无法判断其词语。

根据描述的一致性和差异性，玩家3的描述与篮球和玩家1、2的描述不太一致，因此玩家3可能是卧底。而玩家4没有提供描述，我们暂时无法确定其身份。|| `请根据上述分析，比较描述以找出不一致之处，注意，这局游戏的词语分类为<体育用品>，卧底词和平民词都属于该类。
2024-12-13 13:00:28,497 - 2 - INFO - **********PLAYER2**********
根据上述分析，我们可以比较描述中的不一致之处如下：

1. 玩家1和玩家2的描述都强调了球体、运动比赛、网状结构和团队运动，这些特征与篮球相关。

2. 玩家3的描述中提到了圆形物体、小孔、弹性材料和特定运动项目。虽然圆形物体和特定运动项目可以与篮球相关，但“小孔”和“弹性材料”并不是篮球的主要特征。这些描述与跳绳的特征更为吻合。

3. 玩家4没有提供描述，因此无法直接比较。

不一致之处在于玩家3的描述中包含了一些与篮球不直接相关的特征，如“小孔”和“弹性材料”，这可能是由于他抽取了跳绳这个词语，而跳绳与篮球在体育用品分类中属于同一类别，但在描述上有显著差异。因此，玩家3的描述与玩家1和玩家2的描述不一致，可能是卧底。
2024-12-13 13:00:28,498 - 2 - INFO - **********JUDGER**********
你刚刚的分析是根据上述分析，我们可以比较描述中的不一致之处如下：

1. 玩家1和玩家2的描述都强调了球体、运动比赛、网状结构和团队运动，这些特征与篮球相关。

2. 玩家3的描述中提到了圆形物体、小孔、弹性材料和特定运动项目。虽然圆形物体和特定运动项目可以与篮球相关，但“小孔”和“弹性材料”并不是篮球的主要特征。这些描述与跳绳的特征更为吻合。

3. 玩家4没有提供描述，因此无法直接比较。

不一致之处在于玩家3的描述中包含了一些与篮球不直接相关的特征，如“小孔”和“弹性材料”，这可能是由于他抽取了跳绳这个词语，而跳绳与篮球在体育用品分类中属于同一类别，但在描述上有显著差异。因此，玩家3的描述与玩家1和玩家2的描述不一致，可能是卧底。|| 请通过你分析的不一致之处，推断卧底身份，注意，这局游戏的词语分类为<体育用品>，卧底词和平民词都属于该类。
2024-12-13 13:00:30,937 - 2 - INFO - **********PLAYER2**********
根据我的分析，玩家3的描述中提到的“小孔”和“弹性材料”这两个特征与篮球的主要特征（球体、网状结构、运动比赛等）不直接相关，而这些特征更符合跳绳的描述。由于所有词语都属于《体育用品》这一类别，且玩家1和玩家2的描述都与篮球的特征相符，而玩家3的描述与篮球不一致，这表明玩家3的词语很可能不是篮球。

因此，根据描述的不一致之处，我推断玩家3是卧底。
2024-12-13 13:00:30,938 - 2 - INFO - **********JUDGER**********
你刚刚的推断是根据我的分析，玩家3的描述中提到的“小孔”和“弹性材料”这两个特征与篮球的主要特征（球体、网状结构、运动比赛等）不直接相关，而这些特征更符合跳绳的描述。由于所有词语都属于《体育用品》这一类别，且玩家1和玩家2的描述都与篮球的特征相符，而玩家3的描述与篮球不一致，这表明玩家3的词语很可能不是篮球。

因此，根据描述的不一致之处，我推断玩家3是卧底。|| 基于你刚刚的推断得出你的最终结论，请输出你认为的卧底，在这种情况下只需要输出编号，是1-4中的某个数字，不要输出其他信息。在这个过程不要进行任何推理，只对||以前的部分进行信息提取
2024-12-13 13:00:31,303 - 2 - INFO - **********PLAYER2**********
3
2024-12-13 13:01:19,615 - 2 - INFO - **********JUDGER**********
玩家1说：这是一种球类，通常用于运动比赛。它在体育用品中以其独特的网状结构而著名。这种球类在比赛中需要精准的团队协作，它的尺寸和重量都有严格的标准。在体育用品中，它以其轻便的材质和易于操控的属性而受到青睐。玩家2说：这个球体是圆形的，表面有复杂的图案，常用于团队运动。它在该类体育用品中以其网格设计而特别。玩家3说：这是一个圆形的物体，表面由多个小孔组成，可以拉伸和收缩。它在该类体育用品中最突出的不同特征是，它通常由橡胶或其他弹性材料制成，且用于特定的运动项目。玩家4说：这是一种球类，主要用于团体比赛，它的表面具有许多孔洞，便于抓握。在这个类别中，它最突出的不同特征是它的孔洞结构，使得它在运动中具有独特的弹性和灵活性。你是第2号玩家，你的关键词是<篮球>。你的回答中绝对不能包含你的关键词<篮球>。这是第二轮描述，你之前的描述是这是一种圆形的体育用品，主要用于户外运动。它的表面有多个六边形和五边形的网格，这种网状结构使其在运动中具有特殊的弹性和透气性。在同类体育用品中，它因其网格的特定设计和在篮球运动中的核心作用而最为突出。，注意，这局游戏的词语分类为<体育用品>，卧底词和平民词都属于该类，请你补充关于关键词的描述，注意，你的描述应该比起之前的描述更加贴近关键词，作为之前的补充
2024-12-13 13:01:22,652 - 2 - INFO - **********PLAYER2**********
这个球体是圆的，表面由许多小孔组成，设计上注重手感和操控性。它适用于多种户外运动，特别强调团队协作和精准传递。在同类体育用品中，它的孔洞结构提供了额外的弹性和灵活性，使其在运动中更加出色。
2024-12-13 13:01:42,010 - 2 - INFO - **********JUDGER**********
玩家1说：这是一种球类，通常用于运动比赛。它在体育用品中以其独特的网状结构而著名。这种球类在比赛中需要精准的团队协作，它的尺寸和重量都有严格的标准。在体育用品中，它以其轻便的材质和易于操控的属性而受到青睐。玩家2说：这个球体是圆形的，表面有复杂的图案，常用于团队运动。它在该类体育用品中以其网格设计而特别。这个球体是圆的，表面由许多小孔组成，设计上注重手感和操控性。它适用于多种户外运动，特别强调团队协作和精准传递。在同类体育用品中，它的孔洞结构提供了额外的弹性和灵活性，使其在运动中更加出色。玩家3说：这是一个圆形的物体，表面由多个小孔组成，可以拉伸和收缩。它在该类体育用品中最突出的不同特征是，它通常由橡胶或其他弹性材料制成，且用于特定的运动项目。这个球类在体育用品中以其轻便的材质和易于操控的属性而受到青睐，特别适用于团队运动。它的表面设计注重手感和操控性，使得它在比赛中能够提供额外的弹性和灵活性。玩家4说：这是一种球类，主要用于团体比赛，它的表面具有许多孔洞，便于抓握。在这个类别中，它最突出的不同特征是它的孔洞结构，使得它在运动中具有独特的弹性和灵活性。||在这个游戏中，我们需要通过分析每位玩家的描述来找出卧底。通常，平民的描述会围绕相同的词语展开，而卧底的描述可能会因为词语的不同而显得不太一致。我们需要仔细比较每个描述之间的相似性和差异性，以找出可能的卧底，注意，卧底并不会隐藏自己，他会直接描述他的词语，现在，逐一分析每个玩家的描述，注意，这局游戏的词语分类为<体育用品>，卧底词和平民词都属于该类。||之前是第2轮描述和之前轮数描述的合集。你之前认为的卧底是玩家3。
2024-12-13 13:01:47,843 - 2 - INFO - **********PLAYER2**********
根据第二轮描述的分析，玩家1、玩家2和玩家4的描述都提到了球体、圆形、团队运动、网格设计、孔洞结构、弹性、灵活性、轻便材质和易于操控的属性。这些描述都与篮球的特征相符。

然而，玩家3的描述虽然也提到了圆形物体、小孔、弹性材料、轻便材质、易于操控的属性，但他的描述中特别强调了物体的“可以拉伸和收缩”这一特征，这是篮球所不具备的。此外，玩家3的描述中两次提到了“轻便的材质和易于操控的属性”，这在之前的描述中并没有重复出现，这可能是一个不一致之处。

基于这些信息，如果之前的推断是玩家3是卧底，那么在第二轮描述中，玩家3的描述虽然与篮球的特征有相似之处，但“可以拉伸和收缩”这一特征与篮球不符，且描述的重复性可能表明他在直接描述他的词语。因此，根据第二轮的描述，玩家3仍然可能是卧底。
2024-12-13 13:01:47,844 - 2 - INFO - **********JUDGER**********
你刚刚的分析是根据第二轮描述的分析，玩家1、玩家2和玩家4的描述都提到了球体、圆形、团队运动、网格设计、孔洞结构、弹性、灵活性、轻便材质和易于操控的属性。这些描述都与篮球的特征相符。

然而，玩家3的描述虽然也提到了圆形物体、小孔、弹性材料、轻便材质、易于操控的属性，但他的描述中特别强调了物体的“可以拉伸和收缩”这一特征，这是篮球所不具备的。此外，玩家3的描述中两次提到了“轻便的材质和易于操控的属性”，这在之前的描述中并没有重复出现，这可能是一个不一致之处。

基于这些信息，如果之前的推断是玩家3是卧底，那么在第二轮描述中，玩家3的描述虽然与篮球的特征有相似之处，但“可以拉伸和收缩”这一特征与篮球不符，且描述的重复性可能表明他在直接描述他的词语。因此，根据第二轮的描述，玩家3仍然可能是卧底。|| `请根据上述分析，比较描述以找出不一致之处，注意，这局游戏的词语分类为<体育用品>，卧底词和平民词都属于该类。
2024-12-13 13:01:51,784 - 2 - INFO - **********PLAYER2**********
在第二轮描述中，不一致之处主要体现在以下两点：

1. 玩家3的描述中特别提到了“可以拉伸和收缩”这一特征，这与篮球的描述不符，因为篮球通常不具备这一特性。

2. 玩家3的描述中两次提到了“轻便的材质和易于操控的属性”，而在其他玩家的描述中，这一特征只被提到了一次，且没有重复。这种重复性可能表明玩家3在强调某个关键特征，而这一特征在其他玩家中并未被如此强调。

这些不一致之处可能表明玩家3的描述与篮球的特征不完全吻合，从而增加了他作为卧底的可能性。
2024-12-13 13:01:51,785 - 2 - INFO - **********JUDGER**********
你刚刚的分析是在第二轮描述中，不一致之处主要体现在以下两点：

1. 玩家3的描述中特别提到了“可以拉伸和收缩”这一特征，这与篮球的描述不符，因为篮球通常不具备这一特性。

2. 玩家3的描述中两次提到了“轻便的材质和易于操控的属性”，而在其他玩家的描述中，这一特征只被提到了一次，且没有重复。这种重复性可能表明玩家3在强调某个关键特征，而这一特征在其他玩家中并未被如此强调。

这些不一致之处可能表明玩家3的描述与篮球的特征不完全吻合，从而增加了他作为卧底的可能性。|| 请通过你分析的不一致之处，推断卧底身份，注意，这局游戏的词语分类为<体育用品>，卧底词和平民词都属于该类。
2024-12-13 13:01:54,024 - 2 - INFO - **********PLAYER2**********
基于上述分析的不一致之处，我推断卧底身份是玩家3。
2024-12-13 13:01:54,026 - 2 - INFO - **********JUDGER**********
你刚刚的推断是基于上述分析的不一致之处，我推断卧底身份是玩家3。|| 基于你刚刚的推断得出你的最终结论，请输出你认为的卧底，在这种情况下只需要输出编号，是1-4中的某个数字，不要输出其他信息。在这个过程不要进行任何推理，只对||以前的部分进行信息提取
2024-12-13 13:01:54,992 - 2 - INFO - **********PLAYER2**********
3
2024-12-13 13:03:06,550 - 2 - INFO - **********JUDGER**********
玩家1说：这是一种球类，通常用于运动比赛。它在体育用品中以其独特的网状结构而著名。这种球类在比赛中需要精准的团队协作，它的尺寸和重量都有严格的标准。在体育用品中，它以其轻便的材质和易于操控的属性而受到青睐。这种球类在比赛中需要高度的技巧和战术配合，它的制造工艺要求精确，以确保每个球都能达到相同的性能标准。它的材质轻巧，便于运动员在空中进行操控，同时球体的表面设计有助于增加空气阻力，提高球的飞行轨迹的预测性。玩家2说：这个球体是圆形的，表面有复杂的图案，常用于团队运动。它在该类体育用品中以其网格设计而特别。这个球体是圆的，表面由许多小孔组成，设计上注重手感和操控性。它适用于多种户外运动，特别强调团队协作和精准传递。在同类体育用品中，它的孔洞结构提供了额外的弹性和灵活性，使其在运动中更加出色。玩家3说：这是一个圆形的物体，表面由多个小孔组成，可以拉伸和收缩。它在该类体育用品中最突出的不同特征是，它通常由橡胶或其他弹性材料制成，且用于特定的运动项目。这个球类在体育用品中以其轻便的材质和易于操控的属性而受到青睐，特别适用于团队运动。它的表面设计注重手感和操控性，使得它在比赛中能够提供额外的弹性和灵活性。玩家4说：这是一种球类，主要用于团体比赛，它的表面具有许多孔洞，便于抓握。在这个类别中，它最突出的不同特征是它的孔洞结构，使得它在运动中具有独特的弹性和灵活性。这是一种球类，主要用于团体比赛，它的表面设计具有独特的网格结构，使得球体既轻便又易于操控。在同类体育用品中，这种球体的材质和设计注重弹性和灵活性，非常适合进行高强度的团队协作运动。你是第2号玩家，你的关键词是<篮球>。你的回答中绝对不能包含你的关键词<篮球>。这是第三轮描述，你之前的描述是这是一种圆形的体育用品，主要用于户外运动。它的表面有多个六边形和五边形的网格，这种网状结构使其在运动中具有特殊的弹性和透气性。在同类体育用品中，它因其网格的特定设计和在篮球运动中的核心作用而最为突出。和这个球体是圆形的，表面有复杂的图案，常用于团队运动。它在该类体育用品中以其网格设计而特别。，注意，这局游戏的词语分类为<体育用品>，卧底词和平民词都属于该类，请你补充关于关键词的描述，注意，你的描述应该比起之前的描述更加贴近关键词，作为之前的补充
2024-12-13 13:03:10,258 - 2 - INFO - **********PLAYER2**********
这个球体是圆的，它的表面设计有多个小孔，便于抓握和操控。这种球体在户外运动中非常常见，特别适合团队协作和精准传递。它的材质轻便，使得运动员可以轻松地在空中操控球，同时球体的表面设计有助于增加空气阻力，使得球的飞行轨迹更加可预测。在同类体育用品中，这种球体的设计和制造工艺都非常注重弹性和灵活性。
2024-12-13 13:03:37,377 - 2 - INFO - **********JUDGER**********
玩家1说：这是一种球类，通常用于运动比赛。它在体育用品中以其独特的网状结构而著名。这种球类在比赛中需要精准的团队协作，它的尺寸和重量都有严格的标准。在体育用品中，它以其轻便的材质和易于操控的属性而受到青睐。这种球类在比赛中需要高度的技巧和战术配合，它的制造工艺要求精确，以确保每个球都能达到相同的性能标准。它的材质轻巧，便于运动员在空中进行操控，同时球体的表面设计有助于增加空气阻力，提高球的飞行轨迹的预测性。玩家2说：这个球体是圆形的，表面有复杂的图案，常用于团队运动。它在该类体育用品中以其网格设计而特别。这个球体是圆的，表面由许多小孔组成，设计上注重手感和操控性。它适用于多种户外运动，特别强调团队协作和精准传递。在同类体育用品中，它的孔洞结构提供了额外的弹性和灵活性，使其在运动中更加出色。这个球体是圆的，它的表面设计有多个小孔，便于抓握和操控。这种球体在户外运动中非常常见，特别适合团队协作和精准传递。它的材质轻便，使得运动员可以轻松地在空中操控球，同时球体的表面设计有助于增加空气阻力，使得球的飞行轨迹更加可预测。在同类体育用品中，这种球体的设计和制造工艺都非常注重弹性和灵活性。玩家3说：这是一个圆形的物体，表面由多个小孔组成，可以拉伸和收缩。它在该类体育用品中最突出的不同特征是，它通常由橡胶或其他弹性材料制成，且用于特定的运动项目。这个球类在体育用品中以其轻便的材质和易于操控的属性而受到青睐，特别适用于团队运动。它的表面设计注重手感和操控性，使得它在比赛中能够提供额外的弹性和灵活性。这个球类在体育用品中以其网格设计而著名，它通常由弹性材料制成，具有轻便的材质和易于操控的属性。它的表面设计注重手感和操控性，使得它在比赛中能够提供额外的弹性和灵活性，特别适用于团队运动。玩家4说：这是一种球类，主要用于团体比赛，它的表面具有许多孔洞，便于抓握。在这个类别中，它最突出的不同特征是它的孔洞结构，使得它在运动中具有独特的弹性和灵活性。这是一种球类，主要用于团体比赛，它的表面设计具有独特的网格结构，使得球体既轻便又易于操控。在同类体育用品中，这种球体的材质和设计注重弹性和灵活性，非常适合进行高强度的团队协作运动。这种球类在体育用品中以其轻便的材质和易于操控的属性而受到青睐，特别适用于团队运动。它的表面设计注重手感和操控性，使得运动员在比赛中能够进行精准的传递和攻击。这种球类的尺寸和重量都有严格的标准，以确保比赛的公平性。它的表面具有许多小孔，便于运动员的抓握和操控，同时也增加了球在空中的稳定性。||在这个游戏中，我们需要通过分析每位玩家的描述来找出卧底。通常，平民的描述会围绕相同的词语展开，而卧底的描述可能会因为词语的不同而显得不太一致。我们需要仔细比较每个描述之间的相似性和差异性，以找出可能的卧底，注意，卧底并不会隐藏自己，他会直接描述他的词语，现在，逐一分析每个玩家的描述，注意，这局游戏的词语分类为<体育用品>，卧底词和平民词都属于该类。||之前是第3轮描述和之前轮数描述的合集。你之前认为的卧底是玩家3。
2024-12-13 13:03:47,714 - 2 - INFO - **********PLAYER2**********
根据第三轮描述的分析，以下是不一致之处：

1. 玩家1的描述中提到了球体的轻便材质、易于操控、制造工艺精确、尺寸和重量标准，以及增加空气阻力的表面设计。

2. 玩家2的描述中提到了球体的圆形、复杂图案、网格设计、孔洞结构、轻便材质、易于操控、弹性和灵活性，以及适用于户外运动和团队协作。

3. 玩家3的描述中提到了球体的圆形、小孔、可以拉伸和收缩、由弹性材料制成、轻便、易于操控、手感和操控性、网格设计、弹性和灵活性，以及适用于特定运动项目和团队运动。

4. 玩家4的描述中提到了球体的圆形、孔洞、便于抓握、独特的弹性和灵活性、网格结构、轻便、易于操控、适用于团体比赛、尺寸和重量标准，以及确保比赛公平性。

玩家3的描述中提到了球体可以“拉伸和收缩”，这一特征在篮球中并不常见，而且在其他玩家的描述中没有出现。此外，玩家3的描述中多次提到了球体的“网格设计”，这可能是一个与篮球描述不完全一致的点，因为篮球的描述更侧重于球体的材质和操控性。

基于这些不一致之处，玩家3的描述与篮球的特征不完全吻合，因此我仍然认为玩家3可能是卧底。
2024-12-13 13:03:47,720 - 2 - INFO - **********JUDGER**********
你刚刚的分析是根据第三轮描述的分析，以下是不一致之处：

1. 玩家1的描述中提到了球体的轻便材质、易于操控、制造工艺精确、尺寸和重量标准，以及增加空气阻力的表面设计。

2. 玩家2的描述中提到了球体的圆形、复杂图案、网格设计、孔洞结构、轻便材质、易于操控、弹性和灵活性，以及适用于户外运动和团队协作。

3. 玩家3的描述中提到了球体的圆形、小孔、可以拉伸和收缩、由弹性材料制成、轻便、易于操控、手感和操控性、网格设计、弹性和灵活性，以及适用于特定运动项目和团队运动。

4. 玩家4的描述中提到了球体的圆形、孔洞、便于抓握、独特的弹性和灵活性、网格结构、轻便、易于操控、适用于团体比赛、尺寸和重量标准，以及确保比赛公平性。

玩家3的描述中提到了球体可以“拉伸和收缩”，这一特征在篮球中并不常见，而且在其他玩家的描述中没有出现。此外，玩家3的描述中多次提到了球体的“网格设计”，这可能是一个与篮球描述不完全一致的点，因为篮球的描述更侧重于球体的材质和操控性。

基于这些不一致之处，玩家3的描述与篮球的特征不完全吻合，因此我仍然认为玩家3可能是卧底。|| `请根据上述分析，比较描述以找出不一致之处，注意，这局游戏的词语分类为<体育用品>，卧底词和平民词都属于该类。
2024-12-13 13:03:51,016 - 2 - INFO - **********PLAYER2**********
根据上述分析，不一致之处主要体现在以下两点：

1. 玩家3的描述中提到球体“可以拉伸和收缩”，这一特征与篮球的标准特性不符，因为篮球通常是不具备这种可变形性的。

2. 玩家3的描述中多次强调了球体的“网格设计”，而其他玩家的描述中并没有突出这一特征，尽管篮球也有网状结构，但描述的侧重点不同。

这些不一致之处表明玩家3的描述可能与篮球的典型特征有所出入，可能是由于他抽取了不同的词语。
2024-12-13 13:03:51,018 - 2 - INFO - **********JUDGER**********
你刚刚的分析是根据上述分析，不一致之处主要体现在以下两点：

1. 玩家3的描述中提到球体“可以拉伸和收缩”，这一特征与篮球的标准特性不符，因为篮球通常是不具备这种可变形性的。

2. 玩家3的描述中多次强调了球体的“网格设计”，而其他玩家的描述中并没有突出这一特征，尽管篮球也有网状结构，但描述的侧重点不同。

这些不一致之处表明玩家3的描述可能与篮球的典型特征有所出入，可能是由于他抽取了不同的词语。|| 请通过你分析的不一致之处，推断卧底身份，注意，这局游戏的词语分类为<体育用品>，卧底词和平民词都属于该类。
2024-12-13 13:03:51,902 - 2 - INFO - **********PLAYER2**********
3
2024-12-13 13:03:51,903 - 2 - INFO - **********JUDGER**********
你刚刚的推断是3|| 基于你刚刚的推断得出你的最终结论，请输出你认为的卧底，在这种情况下只需要输出编号，是1-4中的某个数字，不要输出其他信息。在这个过程不要进行任何推理，只对||以前的部分进行信息提取
2024-12-13 13:03:52,878 - 2 - INFO - **********PLAYER2**********
3
