2024-12-13 12:59:52,534 - 3 - INFO - **********JUDGER**********
让我们来玩一个叫做<谁是卧底>的推理游戏。基本规则：<人数>：4人。<角色分配>：每位玩家随机抽取一个词语，3名玩家拿到的词语是相同的（平民词），1名玩家拿到与之相近但不同的词语（卧底词）。<游戏流程>：1、玩家轮流描述自己的词语，但<不能>直接说出词语本身。2、描述完毕后，投票选出最像卧底的玩家。3、每轮结束后，被投票选出的玩家出局，不能再进行描述或投票。4、每轮投票结束后，如果卧底被成功找出，平民方获胜；如果卧底未被找出且卧底人数等于或超过平民人数，则卧底方获胜。你将扮演一个<玩家>，请等待你被分配到的关键词。如果你听懂了，只回答，"好的，我准备好参加游戏了"，不要输出别的信息
2024-12-13 12:59:52,959 - 3 - INFO - **********PLAYER3**********
好的，我准备好参加游戏了
2024-12-13 13:00:00,683 - 3 - INFO - **********JUDGER**********
玩家1说：这是一种球类，通常用于运动比赛。它在体育用品中以其独特的网状结构而著名。玩家2说：这个球体是圆形的，表面有复杂的图案，常用于团队运动。它在该类体育用品中以其网格设计而特别。玩家3说：玩家4说：|| 你是第3号玩家，你的关键词是<排球>。你的回答中绝对不能包含你的关键词<排球>。这是第一轮描述，不需要分析||之前别的玩家的描述，请你描述关键词基本特征，注意，这局游戏的词语分类为<体育用品>，卧底词和平民词都属于该类，描述包括以下两点，1.他的基本特征是什么2.他在该类（体育用品）中最突出不同的特征是什么，尽量简短
2024-12-13 13:00:03,060 - 3 - INFO - **********PLAYER3**********
这是一个圆形的物体，表面由多个小孔组成，可以拉伸和收缩。它在该类体育用品中最突出的不同特征是，它通常由橡胶或其他弹性材料制成，且用于特定的运动项目。
2024-12-13 13:00:31,304 - 3 - INFO - **********JUDGER**********
玩家1说：这是一种球类，通常用于运动比赛。它在体育用品中以其独特的网状结构而著名。玩家2说：这个球体是圆形的，表面有复杂的图案，常用于团队运动。它在该类体育用品中以其网格设计而特别。玩家3说：这是一个圆形的物体，表面由多个小孔组成，可以拉伸和收缩。它在该类体育用品中最突出的不同特征是，它通常由橡胶或其他弹性材料制成，且用于特定的运动项目。玩家4说：||在这个游戏中，我们需要通过分析每位玩家的描述来找出卧底。通常，平民的描述会围绕相同的词语展开，而卧底的描述可能会因为词语的不同而显得不太一致。我们需要仔细比较每个描述之间的相似性和差异性，以找出可能的卧底，注意，卧底并不会隐藏自己，他会直接描述他的词语，现在，逐一分析每个玩家的描述，注意，这局游戏的词语分类为<体育用品>，卧底词和平民词都属于该类。这是第一轮描述。
2024-12-13 13:00:36,786 - 3 - INFO - **********PLAYER3**********
根据玩家们的描述，我们可以进行以下分析：

玩家1描述了一个球类，强调了其网状结构，这听起来像是排球或足球等。

玩家2的描述提到了球体是圆形的，表面有复杂的图案，常用于团队运动，并特别提到了网格设计，这同样指向了排球或足球。

玩家3的描述提到了一个圆形物体，表面有小孔，可以拉伸和收缩，由弹性材料制成，用于特定运动项目，这同样符合排球或足球的描述。

玩家4的描述没有直接给出关键词，而是强调了分析描述的重要性，并提示了卧底可能会直接描述他的词语，这可能是为了引导大家注意后续的描述。

从描述中可以看出，玩家1、2和3的描述都非常相似，都在描述一个圆形的球类，通常用于团队运动，且具有特定的结构特征。而玩家4的描述似乎是在引导大家如何分析，而不是直接描述一个具体的词语。

因此，根据目前的信息，玩家4可能是卧底，因为他没有提供具体的词语描述，而是给出了游戏策略的提示。不过，这只是一个初步的分析，需要更多的信息来确定卧底的身份。
2024-12-13 13:00:36,788 - 3 - INFO - **********JUDGER**********
你刚刚的分析是根据玩家们的描述，我们可以进行以下分析：

玩家1描述了一个球类，强调了其网状结构，这听起来像是排球或足球等。

玩家2的描述提到了球体是圆形的，表面有复杂的图案，常用于团队运动，并特别提到了网格设计，这同样指向了排球或足球。

玩家3的描述提到了一个圆形物体，表面有小孔，可以拉伸和收缩，由弹性材料制成，用于特定运动项目，这同样符合排球或足球的描述。

玩家4的描述没有直接给出关键词，而是强调了分析描述的重要性，并提示了卧底可能会直接描述他的词语，这可能是为了引导大家注意后续的描述。

从描述中可以看出，玩家1、2和3的描述都非常相似，都在描述一个圆形的球类，通常用于团队运动，且具有特定的结构特征。而玩家4的描述似乎是在引导大家如何分析，而不是直接描述一个具体的词语。

因此，根据目前的信息，玩家4可能是卧底，因为他没有提供具体的词语描述，而是给出了游戏策略的提示。不过，这只是一个初步的分析，需要更多的信息来确定卧底的身份。|| `请根据上述分析，比较描述以找出不一致之处，注意，这局游戏的词语分类为<体育用品>，卧底词和平民词都属于该类。
2024-12-13 13:00:46,471 - 3 - INFO - **********PLAYER3**********
根据上述分析，我们可以比较玩家们的描述以找出不一致之处：

- 玩家1提到球类具有独特的网状结构。
- 玩家2描述球体表面有复杂的图案，并提到了网格设计。
- 玩家3提到球体表面由多个小孔组成，可以拉伸和收缩。
- 玩家4没有直接描述球类的特征，而是强调了分析描述的重要性。

不一致之处在于：

1. 网状结构：玩家1提到网状结构，但没有具体说明是哪种网状结构。
2. 复杂图案和网格设计：玩家2提到了复杂的图案和网格设计，这与网状结构有一定的关联，但没有明确指出是同一种结构。
3. 小孔和弹性材料：玩家3描述了球体表面的小孔和弹性材料，这与网状结构和网格设计不完全一致。
4. 描述的抽象程度：玩家4的描述更偏向于指导性的分析，而不是具体的球类特征，这与前三位玩家的具体描述形成了对比。

综合这些不一致之处，玩家4的描述与前三名玩家描述的具体特征相比，显得较为抽象和策略性，这可能是一个线索，表明玩家4可能是卧底，因为卧底通常会试图引导或混淆其他玩家的判断。然而，最终确定卧底身份还需要结合更多信息和后续的描述。
2024-12-13 13:00:46,474 - 3 - INFO - **********JUDGER**********
你刚刚的分析是根据上述分析，我们可以比较玩家们的描述以找出不一致之处：

- 玩家1提到球类具有独特的网状结构。
- 玩家2描述球体表面有复杂的图案，并提到了网格设计。
- 玩家3提到球体表面由多个小孔组成，可以拉伸和收缩。
- 玩家4没有直接描述球类的特征，而是强调了分析描述的重要性。

不一致之处在于：

1. 网状结构：玩家1提到网状结构，但没有具体说明是哪种网状结构。
2. 复杂图案和网格设计：玩家2提到了复杂的图案和网格设计，这与网状结构有一定的关联，但没有明确指出是同一种结构。
3. 小孔和弹性材料：玩家3描述了球体表面的小孔和弹性材料，这与网状结构和网格设计不完全一致。
4. 描述的抽象程度：玩家4的描述更偏向于指导性的分析，而不是具体的球类特征，这与前三位玩家的具体描述形成了对比。

综合这些不一致之处，玩家4的描述与前三名玩家描述的具体特征相比，显得较为抽象和策略性，这可能是一个线索，表明玩家4可能是卧底，因为卧底通常会试图引导或混淆其他玩家的判断。然而，最终确定卧底身份还需要结合更多信息和后续的描述。|| 请通过你分析的不一致之处，推断卧底身份，注意，这局游戏的词语分类为<体育用品>，卧底词和平民词都属于该类。
2024-12-13 13:00:54,746 - 3 - INFO - **********PLAYER3**********
基于上述分析的不一致之处，我们可以进行以下推断：

1. 网状结构：玩家1的描述较为笼统，没有具体说明网状结构的类型，这可能是一个开放性描述，旨在让其他玩家猜测。

2. 复杂图案和网格设计：玩家2的描述提到了复杂的图案和网格设计，这听起来像是排球的特点，因为排球表面有明显的网格设计。

3. 小孔和弹性材料：玩家3的描述提到了球体表面的小孔和弹性材料，这听起来像是气球的特征，因为气球表面通常有小孔，且由弹性材料制成。

4. 描述的抽象程度：玩家4的描述没有提供具体的球类特征，而是给出了分析建议，这可能是为了分散注意力，让其他玩家认为他可能是卧底。

综合以上信息，我们可以推断：

- 玩家1和玩家2的描述都与排球有关，但玩家1的描述不够具体，可能是在等待其他玩家的确认。
- 玩家3的描述与气球相符，这与排球和足球的描述有所不同。
- 玩家4的描述虽然抽象，但并没有直接指向某个具体的球类，因此可能是为了引导大家注意其他玩家的描述。

考虑到所有玩家描述的球类都属于体育用品，且卧底词和平民词都属于该类，玩家3的描述与排球和足球的描述不一致，且指向了一个完全不同的球类（气球），这可能是为了混淆视听。因此，玩家3可能是卧底，因为他提供的描述与大多数球类特征不符，并且他的描述可能是故意与平民词不一致的。然而，这只是一个推断，最终确定卧底身份还需要进一步的描述和投票。
2024-12-13 13:00:54,748 - 3 - INFO - **********JUDGER**********
你刚刚的推断是基于上述分析的不一致之处，我们可以进行以下推断：

1. 网状结构：玩家1的描述较为笼统，没有具体说明网状结构的类型，这可能是一个开放性描述，旨在让其他玩家猜测。

2. 复杂图案和网格设计：玩家2的描述提到了复杂的图案和网格设计，这听起来像是排球的特点，因为排球表面有明显的网格设计。

3. 小孔和弹性材料：玩家3的描述提到了球体表面的小孔和弹性材料，这听起来像是气球的特征，因为气球表面通常有小孔，且由弹性材料制成。

4. 描述的抽象程度：玩家4的描述没有提供具体的球类特征，而是给出了分析建议，这可能是为了分散注意力，让其他玩家认为他可能是卧底。

综合以上信息，我们可以推断：

- 玩家1和玩家2的描述都与排球有关，但玩家1的描述不够具体，可能是在等待其他玩家的确认。
- 玩家3的描述与气球相符，这与排球和足球的描述有所不同。
- 玩家4的描述虽然抽象，但并没有直接指向某个具体的球类，因此可能是为了引导大家注意其他玩家的描述。

考虑到所有玩家描述的球类都属于体育用品，且卧底词和平民词都属于该类，玩家3的描述与排球和足球的描述不一致，且指向了一个完全不同的球类（气球），这可能是为了混淆视听。因此，玩家3可能是卧底，因为他提供的描述与大多数球类特征不符，并且他的描述可能是故意与平民词不一致的。然而，这只是一个推断，最终确定卧底身份还需要进一步的描述和投票。|| 基于你刚刚的推断得出你的最终结论，请输出你认为的卧底，在这种情况下只需要输出编号，是1-4中的某个数字，不要输出其他信息。在这个过程不要进行任何推理，只对||以前的部分进行信息提取
2024-12-13 13:00:55,483 - 3 - INFO - **********PLAYER3**********
3
2024-12-13 13:01:22,653 - 3 - INFO - **********JUDGER**********
玩家1说：这是一种球类，通常用于运动比赛。它在体育用品中以其独特的网状结构而著名。这种球类在比赛中需要精准的团队协作，它的尺寸和重量都有严格的标准。在体育用品中，它以其轻便的材质和易于操控的属性而受到青睐。玩家2说：这个球体是圆形的，表面有复杂的图案，常用于团队运动。它在该类体育用品中以其网格设计而特别。这个球体是圆的，表面由许多小孔组成，设计上注重手感和操控性。它适用于多种户外运动，特别强调团队协作和精准传递。在同类体育用品中，它的孔洞结构提供了额外的弹性和灵活性，使其在运动中更加出色。玩家3说：这是一个圆形的物体，表面由多个小孔组成，可以拉伸和收缩。它在该类体育用品中最突出的不同特征是，它通常由橡胶或其他弹性材料制成，且用于特定的运动项目。玩家4说：这是一种球类，主要用于团体比赛，它的表面具有许多孔洞，便于抓握。在这个类别中，它最突出的不同特征是它的孔洞结构，使得它在运动中具有独特的弹性和灵活性。你是第3号玩家，你的关键词是<排球>。你的回答中绝对不能包含你的关键词<排球>。这是第二轮描述，你之前的描述是这是一个圆形的物体，表面由多个小孔组成，可以拉伸和收缩。它在该类体育用品中最突出的不同特征是，它通常由橡胶或其他弹性材料制成，且用于特定的运动项目。，注意，这局游戏的词语分类为<体育用品>，卧底词和平民词都属于该类，请你补充关于关键词的描述，注意，你的描述应该比起之前的描述更加贴近关键词，作为之前的补充
2024-12-13 13:01:24,269 - 3 - INFO - **********PLAYER3**********
这个球类在体育用品中以其轻便的材质和易于操控的属性而受到青睐，特别适用于团队运动。它的表面设计注重手感和操控性，使得它在比赛中能够提供额外的弹性和灵活性。
2024-12-13 13:01:54,994 - 3 - INFO - **********JUDGER**********
玩家1说：这是一种球类，通常用于运动比赛。它在体育用品中以其独特的网状结构而著名。这种球类在比赛中需要精准的团队协作，它的尺寸和重量都有严格的标准。在体育用品中，它以其轻便的材质和易于操控的属性而受到青睐。玩家2说：这个球体是圆形的，表面有复杂的图案，常用于团队运动。它在该类体育用品中以其网格设计而特别。这个球体是圆的，表面由许多小孔组成，设计上注重手感和操控性。它适用于多种户外运动，特别强调团队协作和精准传递。在同类体育用品中，它的孔洞结构提供了额外的弹性和灵活性，使其在运动中更加出色。玩家3说：这是一个圆形的物体，表面由多个小孔组成，可以拉伸和收缩。它在该类体育用品中最突出的不同特征是，它通常由橡胶或其他弹性材料制成，且用于特定的运动项目。这个球类在体育用品中以其轻便的材质和易于操控的属性而受到青睐，特别适用于团队运动。它的表面设计注重手感和操控性，使得它在比赛中能够提供额外的弹性和灵活性。玩家4说：这是一种球类，主要用于团体比赛，它的表面具有许多孔洞，便于抓握。在这个类别中，它最突出的不同特征是它的孔洞结构，使得它在运动中具有独特的弹性和灵活性。||在这个游戏中，我们需要通过分析每位玩家的描述来找出卧底。通常，平民的描述会围绕相同的词语展开，而卧底的描述可能会因为词语的不同而显得不太一致。我们需要仔细比较每个描述之间的相似性和差异性，以找出可能的卧底，注意，卧底并不会隐藏自己，他会直接描述他的词语，现在，逐一分析每个玩家的描述，注意，这局游戏的词语分类为<体育用品>，卧底词和平民词都属于该类。||之前是第2轮描述和之前轮数描述的合集。你之前认为的卧底是玩家3。
2024-12-13 13:02:13,202 - 3 - INFO - **********PLAYER3**********
根据第二轮描述和之前的信息，我们可以重新分析每位玩家的描述：

- 玩家1的描述强调了球类的网状结构、团队协作、尺寸和重量标准，以及轻便的材质和易于操控的属性。
- 玩家2的描述提到了球体的圆形、复杂图案、网格设计、小孔、手感和操控性，以及适用于户外运动和团队协作。
- 玩家3的描述与玩家1和玩家2相似，提到了球类的圆形、小孔、弹性材料、轻便的材质、易于操控的属性、团队运动和弹性和灵活性。
- 玩家4的描述提到了球类的圆形、孔洞结构、便于抓握、团体比赛、弹性和灵活性。

从描述的相似性来看，玩家1、2和3的描述都非常接近，都提到了球类的形状、材质、操控性、团队运动和弹性等特征。而玩家4的描述虽然也提到了孔洞结构和弹性，但与其他玩家的描述相比，没有强调网格设计或小孔的图案，而是更侧重于球类在团体比赛中的应用和抓握的便利性。

考虑到之前的推断，玩家3可能是卧底，因为他的描述与其他玩家相似，但基于第二轮的描述，玩家4的描述似乎更偏离了其他玩家所描述的共同特征。因此，根据描述的相似性和差异性，玩家4可能是新的卧底候选。

然而，由于之前的推断是基于玩家3的描述与气球的特征相符，而第二轮描述中玩家3的描述与排球的特征更为吻合，所以玩家3的卧底可能性仍然存在。最终，我们需要更多的信息来确定卧底的身份。如果必须在这两个可能性之间选择，基于描述的相似性，玩家3仍然是一个可能的卧底。
2024-12-13 13:02:13,208 - 3 - INFO - **********JUDGER**********
你刚刚的分析是根据第二轮描述和之前的信息，我们可以重新分析每位玩家的描述：

- 玩家1的描述强调了球类的网状结构、团队协作、尺寸和重量标准，以及轻便的材质和易于操控的属性。
- 玩家2的描述提到了球体的圆形、复杂图案、网格设计、小孔、手感和操控性，以及适用于户外运动和团队协作。
- 玩家3的描述与玩家1和玩家2相似，提到了球类的圆形、小孔、弹性材料、轻便的材质、易于操控的属性、团队运动和弹性和灵活性。
- 玩家4的描述提到了球类的圆形、孔洞结构、便于抓握、团体比赛、弹性和灵活性。

从描述的相似性来看，玩家1、2和3的描述都非常接近，都提到了球类的形状、材质、操控性、团队运动和弹性等特征。而玩家4的描述虽然也提到了孔洞结构和弹性，但与其他玩家的描述相比，没有强调网格设计或小孔的图案，而是更侧重于球类在团体比赛中的应用和抓握的便利性。

考虑到之前的推断，玩家3可能是卧底，因为他的描述与其他玩家相似，但基于第二轮的描述，玩家4的描述似乎更偏离了其他玩家所描述的共同特征。因此，根据描述的相似性和差异性，玩家4可能是新的卧底候选。

然而，由于之前的推断是基于玩家3的描述与气球的特征相符，而第二轮描述中玩家3的描述与排球的特征更为吻合，所以玩家3的卧底可能性仍然存在。最终，我们需要更多的信息来确定卧底的身份。如果必须在这两个可能性之间选择，基于描述的相似性，玩家3仍然是一个可能的卧底。|| `请根据上述分析，比较描述以找出不一致之处，注意，这局游戏的词语分类为<体育用品>，卧底词和平民词都属于该类。
2024-12-13 13:02:31,069 - 3 - INFO - **********PLAYER3**********
根据上述分析，我们可以比较描述以找出不一致之处：

1. 网状结构：玩家1和玩家2都提到了网格设计或网状结构，但玩家4没有明确提到这一点。

2. 小孔图案：玩家2和玩家4都提到了球体表面的孔洞结构，但没有详细描述孔洞的图案。玩家3提到了小孔，但没有提到图案。

3. 材质和操控性：玩家1、2和3都提到了球类的轻便材质和易于操控的属性，而玩家4没有明确提到这些特征。

4. 团队运动和户外运动：玩家1、2和3都提到了球类适用于团队运动，而玩家4也提到了团体比赛，但没有特别强调户外运动。

5. 弹性和灵活性：所有玩家都提到了球类的弹性和灵活性，但描述的侧重点略有不同。玩家2特别强调了孔洞结构提供的额外弹性和灵活性。

综合这些不一致之处，玩家4的描述在几个关键点上与其他玩家的描述有所不同，尤其是在网状结构和材质操控性的描述上。这可能是玩家4作为卧底试图混淆视听的迹象。因此，不一致之处可能指向玩家4作为卧底的嫌疑。
2024-12-13 13:02:31,070 - 3 - INFO - **********JUDGER**********
你刚刚的分析是根据上述分析，我们可以比较描述以找出不一致之处：

1. 网状结构：玩家1和玩家2都提到了网格设计或网状结构，但玩家4没有明确提到这一点。

2. 小孔图案：玩家2和玩家4都提到了球体表面的孔洞结构，但没有详细描述孔洞的图案。玩家3提到了小孔，但没有提到图案。

3. 材质和操控性：玩家1、2和3都提到了球类的轻便材质和易于操控的属性，而玩家4没有明确提到这些特征。

4. 团队运动和户外运动：玩家1、2和3都提到了球类适用于团队运动，而玩家4也提到了团体比赛，但没有特别强调户外运动。

5. 弹性和灵活性：所有玩家都提到了球类的弹性和灵活性，但描述的侧重点略有不同。玩家2特别强调了孔洞结构提供的额外弹性和灵活性。

综合这些不一致之处，玩家4的描述在几个关键点上与其他玩家的描述有所不同，尤其是在网状结构和材质操控性的描述上。这可能是玩家4作为卧底试图混淆视听的迹象。因此，不一致之处可能指向玩家4作为卧底的嫌疑。|| 请通过你分析的不一致之处，推断卧底身份，注意，这局游戏的词语分类为<体育用品>，卧底词和平民词都属于该类。
2024-12-13 13:02:34,054 - 3 - INFO - **********PLAYER3**********
基于上述分析的不一致之处，结合游戏规则和词语分类为<体育用品>，我可以推断：

玩家4的描述在网状结构和材质操控性方面的缺失，与其他玩家的描述形成对比。这可能是卧底试图通过不同的描述来混淆视听。因此，根据描述的不一致性和游戏规则，玩家4可能是卧底。
2024-12-13 13:02:34,055 - 3 - INFO - **********JUDGER**********
你刚刚的推断是基于上述分析的不一致之处，结合游戏规则和词语分类为<体育用品>，我可以推断：

玩家4的描述在网状结构和材质操控性方面的缺失，与其他玩家的描述形成对比。这可能是卧底试图通过不同的描述来混淆视听。因此，根据描述的不一致性和游戏规则，玩家4可能是卧底。|| 基于你刚刚的推断得出你的最终结论，请输出你认为的卧底，在这种情况下只需要输出编号，是1-4中的某个数字，不要输出其他信息。在这个过程不要进行任何推理，只对||以前的部分进行信息提取
2024-12-13 13:02:34,886 - 3 - INFO - **********PLAYER3**********
4
2024-12-13 13:03:10,259 - 3 - INFO - **********JUDGER**********
玩家1说：这是一种球类，通常用于运动比赛。它在体育用品中以其独特的网状结构而著名。这种球类在比赛中需要精准的团队协作，它的尺寸和重量都有严格的标准。在体育用品中，它以其轻便的材质和易于操控的属性而受到青睐。这种球类在比赛中需要高度的技巧和战术配合，它的制造工艺要求精确，以确保每个球都能达到相同的性能标准。它的材质轻巧，便于运动员在空中进行操控，同时球体的表面设计有助于增加空气阻力，提高球的飞行轨迹的预测性。玩家2说：这个球体是圆形的，表面有复杂的图案，常用于团队运动。它在该类体育用品中以其网格设计而特别。这个球体是圆的，表面由许多小孔组成，设计上注重手感和操控性。它适用于多种户外运动，特别强调团队协作和精准传递。在同类体育用品中，它的孔洞结构提供了额外的弹性和灵活性，使其在运动中更加出色。这个球体是圆的，它的表面设计有多个小孔，便于抓握和操控。这种球体在户外运动中非常常见，特别适合团队协作和精准传递。它的材质轻便，使得运动员可以轻松地在空中操控球，同时球体的表面设计有助于增加空气阻力，使得球的飞行轨迹更加可预测。在同类体育用品中，这种球体的设计和制造工艺都非常注重弹性和灵活性。玩家3说：这是一个圆形的物体，表面由多个小孔组成，可以拉伸和收缩。它在该类体育用品中最突出的不同特征是，它通常由橡胶或其他弹性材料制成，且用于特定的运动项目。这个球类在体育用品中以其轻便的材质和易于操控的属性而受到青睐，特别适用于团队运动。它的表面设计注重手感和操控性，使得它在比赛中能够提供额外的弹性和灵活性。玩家4说：这是一种球类，主要用于团体比赛，它的表面具有许多孔洞，便于抓握。在这个类别中，它最突出的不同特征是它的孔洞结构，使得它在运动中具有独特的弹性和灵活性。这是一种球类，主要用于团体比赛，它的表面设计具有独特的网格结构，使得球体既轻便又易于操控。在同类体育用品中，这种球体的材质和设计注重弹性和灵活性，非常适合进行高强度的团队协作运动。你是第3号玩家，你的关键词是<排球>。你的回答中绝对不能包含你的关键词<排球>。这是第三轮描述，你之前的描述是这是一个圆形的物体，表面由多个小孔组成，可以拉伸和收缩。它在该类体育用品中最突出的不同特征是，它通常由橡胶或其他弹性材料制成，且用于特定的运动项目。和这个球类在体育用品中以其轻便的材质和易于操控的属性而受到青睐，特别适用于团队运动。它的表面设计注重手感和操控性，使得它在比赛中能够提供额外的弹性和灵活性。，注意，这局游戏的词语分类为<体育用品>，卧底词和平民词都属于该类，请你补充关于关键词的描述，注意，你的描述应该比起之前的描述更加贴近关键词，作为之前的补充
2024-12-13 13:03:12,565 - 3 - INFO - **********PLAYER3**********
这个球类在体育用品中以其网格设计而著名，它通常由弹性材料制成，具有轻便的材质和易于操控的属性。它的表面设计注重手感和操控性，使得它在比赛中能够提供额外的弹性和灵活性，特别适用于团队运动。
2024-12-13 13:03:52,878 - 3 - INFO - **********JUDGER**********
玩家1说：这是一种球类，通常用于运动比赛。它在体育用品中以其独特的网状结构而著名。这种球类在比赛中需要精准的团队协作，它的尺寸和重量都有严格的标准。在体育用品中，它以其轻便的材质和易于操控的属性而受到青睐。这种球类在比赛中需要高度的技巧和战术配合，它的制造工艺要求精确，以确保每个球都能达到相同的性能标准。它的材质轻巧，便于运动员在空中进行操控，同时球体的表面设计有助于增加空气阻力，提高球的飞行轨迹的预测性。玩家2说：这个球体是圆形的，表面有复杂的图案，常用于团队运动。它在该类体育用品中以其网格设计而特别。这个球体是圆的，表面由许多小孔组成，设计上注重手感和操控性。它适用于多种户外运动，特别强调团队协作和精准传递。在同类体育用品中，它的孔洞结构提供了额外的弹性和灵活性，使其在运动中更加出色。这个球体是圆的，它的表面设计有多个小孔，便于抓握和操控。这种球体在户外运动中非常常见，特别适合团队协作和精准传递。它的材质轻便，使得运动员可以轻松地在空中操控球，同时球体的表面设计有助于增加空气阻力，使得球的飞行轨迹更加可预测。在同类体育用品中，这种球体的设计和制造工艺都非常注重弹性和灵活性。玩家3说：这是一个圆形的物体，表面由多个小孔组成，可以拉伸和收缩。它在该类体育用品中最突出的不同特征是，它通常由橡胶或其他弹性材料制成，且用于特定的运动项目。这个球类在体育用品中以其轻便的材质和易于操控的属性而受到青睐，特别适用于团队运动。它的表面设计注重手感和操控性，使得它在比赛中能够提供额外的弹性和灵活性。这个球类在体育用品中以其网格设计而著名，它通常由弹性材料制成，具有轻便的材质和易于操控的属性。它的表面设计注重手感和操控性，使得它在比赛中能够提供额外的弹性和灵活性，特别适用于团队运动。玩家4说：这是一种球类，主要用于团体比赛，它的表面具有许多孔洞，便于抓握。在这个类别中，它最突出的不同特征是它的孔洞结构，使得它在运动中具有独特的弹性和灵活性。这是一种球类，主要用于团体比赛，它的表面设计具有独特的网格结构，使得球体既轻便又易于操控。在同类体育用品中，这种球体的材质和设计注重弹性和灵活性，非常适合进行高强度的团队协作运动。这种球类在体育用品中以其轻便的材质和易于操控的属性而受到青睐，特别适用于团队运动。它的表面设计注重手感和操控性，使得运动员在比赛中能够进行精准的传递和攻击。这种球类的尺寸和重量都有严格的标准，以确保比赛的公平性。它的表面具有许多小孔，便于运动员的抓握和操控，同时也增加了球在空中的稳定性。||在这个游戏中，我们需要通过分析每位玩家的描述来找出卧底。通常，平民的描述会围绕相同的词语展开，而卧底的描述可能会因为词语的不同而显得不太一致。我们需要仔细比较每个描述之间的相似性和差异性，以找出可能的卧底，注意，卧底并不会隐藏自己，他会直接描述他的词语，现在，逐一分析每个玩家的描述，注意，这局游戏的词语分类为<体育用品>，卧底词和平民词都属于该类。||之前是第3轮描述和之前轮数描述的合集。你之前认为的卧底是玩家4。
2024-12-13 13:04:08,153 - 3 - INFO - **********PLAYER3**********
根据第三轮描述和之前的信息，我们可以逐一分析每位玩家的描述：

- 玩家1的描述强调了球类的网状结构、尺寸和重量标准、轻便材质、易于操控、技巧和战术配合、制造工艺的精确性、材质轻巧、空气阻力和飞行轨迹的预测性。
- 玩家2的描述提到了球体的圆形、复杂图案、网格设计、小孔、手感和操控性、户外运动、团队协作、精准传递、弹性和灵活性、材质轻便、空气阻力、飞行轨迹的可预测性。
- 玩家3的描述与玩家1和玩家2相似，提到了球类的圆形、网格设计、弹性材料、轻便材质、易于操控、手感和操控性、弹性和灵活性、团队运动、尺寸和重量标准。
- 玩家4的描述提到了球类的圆形、孔洞结构、抓握、弹性和灵活性、网格结构、轻便材质、易于操控、团队运动、尺寸和重量标准、抓握和操控、空中稳定性。

从描述的相似性来看，玩家1、2和3的描述都非常接近，都提到了球类的形状、网格设计、弹性材料、轻便材质、易于操控、团队运动和尺寸重量标准。而玩家4的描述虽然也提到了网格结构、轻便材质、易于操控和团队运动，但与玩家1、2和3相比，没有强调网状结构、尺寸和重量标准，也没有提到制造工艺的精确性或空气阻力。

综合这些信息，玩家4的描述在几个关键点上与其他玩家的描述有所不同，尤其是在网状结构、尺寸和重量标准以及制造工艺的精确性上。这可能是玩家4作为卧底试图混淆视听的迹象。因此，根据描述的相似性和差异性，玩家4可能是新的卧底候选。
2024-12-13 13:04:08,161 - 3 - INFO - **********JUDGER**********
你刚刚的分析是根据第三轮描述和之前的信息，我们可以逐一分析每位玩家的描述：

- 玩家1的描述强调了球类的网状结构、尺寸和重量标准、轻便材质、易于操控、技巧和战术配合、制造工艺的精确性、材质轻巧、空气阻力和飞行轨迹的预测性。
- 玩家2的描述提到了球体的圆形、复杂图案、网格设计、小孔、手感和操控性、户外运动、团队协作、精准传递、弹性和灵活性、材质轻便、空气阻力、飞行轨迹的可预测性。
- 玩家3的描述与玩家1和玩家2相似，提到了球类的圆形、网格设计、弹性材料、轻便材质、易于操控、手感和操控性、弹性和灵活性、团队运动、尺寸和重量标准。
- 玩家4的描述提到了球类的圆形、孔洞结构、抓握、弹性和灵活性、网格结构、轻便材质、易于操控、团队运动、尺寸和重量标准、抓握和操控、空中稳定性。

从描述的相似性来看，玩家1、2和3的描述都非常接近，都提到了球类的形状、网格设计、弹性材料、轻便材质、易于操控、团队运动和尺寸重量标准。而玩家4的描述虽然也提到了网格结构、轻便材质、易于操控和团队运动，但与玩家1、2和3相比，没有强调网状结构、尺寸和重量标准，也没有提到制造工艺的精确性或空气阻力。

综合这些信息，玩家4的描述在几个关键点上与其他玩家的描述有所不同，尤其是在网状结构、尺寸和重量标准以及制造工艺的精确性上。这可能是玩家4作为卧底试图混淆视听的迹象。因此，根据描述的相似性和差异性，玩家4可能是新的卧底候选。|| `请根据上述分析，比较描述以找出不一致之处，注意，这局游戏的词语分类为<体育用品>，卧底词和平民词都属于该类。
2024-12-13 13:04:15,823 - 3 - INFO - **********PLAYER3**********
根据上述分析，我们可以比较描述以找出不一致之处：

1. 网状结构：玩家1和玩家3都提到了球类的网状结构，而玩家4没有明确提到这一点。

2. 尺寸和重量标准：玩家1和玩家3都提到了球类的尺寸和重量标准，而玩家4没有特别强调这一点。

3. 制造工艺的精确性：玩家1提到了球类制造工艺的精确性，而玩家4没有提及。

4. 空气阻力和飞行轨迹：玩家1提到了球体的空气阻力和飞行轨迹的预测性，而玩家4没有提到这些特征。

5. 抓握和操控：玩家4特别强调了球类的抓握和操控，而玩家1、2和3虽然也提到了手感和操控性，但没有像玩家4那样突出这一点。

6. 空中稳定性：玩家4提到了球在空中的稳定性，而玩家1、2和3没有提及。

这些不一致之处表明玩家4的描述在某些关键特征上与其他玩家的描述有所不同，这可能是一个线索，表明玩家4可能是卧底。
2024-12-13 13:04:15,826 - 3 - INFO - **********JUDGER**********
你刚刚的分析是根据上述分析，我们可以比较描述以找出不一致之处：

1. 网状结构：玩家1和玩家3都提到了球类的网状结构，而玩家4没有明确提到这一点。

2. 尺寸和重量标准：玩家1和玩家3都提到了球类的尺寸和重量标准，而玩家4没有特别强调这一点。

3. 制造工艺的精确性：玩家1提到了球类制造工艺的精确性，而玩家4没有提及。

4. 空气阻力和飞行轨迹：玩家1提到了球体的空气阻力和飞行轨迹的预测性，而玩家4没有提到这些特征。

5. 抓握和操控：玩家4特别强调了球类的抓握和操控，而玩家1、2和3虽然也提到了手感和操控性，但没有像玩家4那样突出这一点。

6. 空中稳定性：玩家4提到了球在空中的稳定性，而玩家1、2和3没有提及。

这些不一致之处表明玩家4的描述在某些关键特征上与其他玩家的描述有所不同，这可能是一个线索，表明玩家4可能是卧底。|| 请通过你分析的不一致之处，推断卧底身份，注意，这局游戏的词语分类为<体育用品>，卧底词和平民词都属于该类。
2024-12-13 13:04:19,852 - 3 - INFO - **********PLAYER3**********
基于上述分析的不一致之处，结合游戏规则和词语分类为<体育用品>，我推断：

卧底可能是玩家4。
2024-12-13 13:04:19,854 - 3 - INFO - **********JUDGER**********
你刚刚的推断是基于上述分析的不一致之处，结合游戏规则和词语分类为<体育用品>，我推断：

卧底可能是玩家4。|| 基于你刚刚的推断得出你的最终结论，请输出你认为的卧底，在这种情况下只需要输出编号，是1-4中的某个数字，不要输出其他信息。在这个过程不要进行任何推理，只对||以前的部分进行信息提取
2024-12-13 13:04:22,042 - 3 - INFO - **********PLAYER3**********
4
