2024-12-13 12:59:53,958 - 4 - INFO - **********JUDGER**********
让我们来玩一个叫做<谁是卧底>的推理游戏。基本规则：<人数>：4人。<角色分配>：每位玩家随机抽取一个词语，3名玩家拿到的词语是相同的（平民词），1名玩家拿到与之相近但不同的词语（卧底词）。<游戏流程>：1、玩家轮流描述自己的词语，但<不能>直接说出词语本身。2、描述完毕后，投票选出最像卧底的玩家。3、每轮结束后，被投票选出的玩家出局，不能再进行描述或投票。4、每轮投票结束后，如果卧底被成功找出，平民方获胜；如果卧底未被找出且卧底人数等于或超过平民人数，则卧底方获胜。你将扮演一个<玩家>，请等待你被分配到的关键词。如果你听懂了，只回答，"好的，我准备好参加游戏了"，不要输出别的信息
2024-12-13 12:59:54,497 - 4 - INFO - **********PLAYER4**********
好的，我准备好参加游戏了
2024-12-13 13:00:03,061 - 4 - INFO - **********JUDGER**********
玩家1说：这是一种球类，通常用于运动比赛。它在体育用品中以其独特的网状结构而著名。玩家2说：这个球体是圆形的，表面有复杂的图案，常用于团队运动。它在该类体育用品中以其网格设计而特别。玩家3说：这是一个圆形的物体，表面由多个小孔组成，可以拉伸和收缩。它在该类体育用品中最突出的不同特征是，它通常由橡胶或其他弹性材料制成，且用于特定的运动项目。玩家4说：|| 你是第4号玩家，你的关键词是<排球>。你的回答中绝对不能包含你的关键词<排球>。这是第一轮描述，不需要分析||之前别的玩家的描述，请你描述关键词基本特征，注意，这局游戏的词语分类为<体育用品>，卧底词和平民词都属于该类，描述包括以下两点，1.他的基本特征是什么2.他在该类（体育用品）中最突出不同的特征是什么，尽量简短
2024-12-13 13:00:04,411 - 4 - INFO - **********PLAYER4**********
这是一种球类，主要用于团体比赛，它的表面具有许多孔洞，便于抓握。在这个类别中，它最突出的不同特征是它的孔洞结构，使得它在运动中具有独特的弹性和灵活性。
2024-12-13 13:00:55,485 - 4 - INFO - **********JUDGER**********
玩家1说：这是一种球类，通常用于运动比赛。它在体育用品中以其独特的网状结构而著名。玩家2说：这个球体是圆形的，表面有复杂的图案，常用于团队运动。它在该类体育用品中以其网格设计而特别。玩家3说：这是一个圆形的物体，表面由多个小孔组成，可以拉伸和收缩。它在该类体育用品中最突出的不同特征是，它通常由橡胶或其他弹性材料制成，且用于特定的运动项目。玩家4说：||在这个游戏中，我们需要通过分析每位玩家的描述来找出卧底。通常，平民的描述会围绕相同的词语展开，而卧底的描述可能会因为词语的不同而显得不太一致。我们需要仔细比较每个描述之间的相似性和差异性，以找出可能的卧底，注意，卧底并不会隐藏自己，他会直接描述他的词语，现在，逐一分析每个玩家的描述，注意，这局游戏的词语分类为<体育用品>，卧底词和平民词都属于该类。这是第一轮描述。
2024-12-13 13:01:03,766 - 4 - INFO - **********PLAYER4**********
根据玩家们的描述，我们可以初步分析如下：

玩家1的描述提到了“球类”和“网状结构”，这指向的是网球或排球等带有网状结构的球类。

玩家2的描述提到了“圆形”和“复杂的图案”，以及“网格设计”，这与足球或篮球等带有复杂图案的球类相符。

玩家3的描述提到了“圆形”的物体和“多个小孔”，以及“弹性材料”，这指向的是气球或足球等具有弹性特征的球类。

玩家4的描述提到了“球类”和“拉伸和收缩”，这同样指向气球或足球等可以变形的球类。

由于所有玩家的描述都提到了球类，且都涉及到了圆形、网格或弹性等特征，但描述之间没有明显的共同点，这可能是由于卧底词和平民词的细微差异造成的。玩家3的描述中提到了“拉伸和收缩”，这与其他描述中的“网状结构”和“网格设计”不太一样，这可能是卧底词的线索。

因此，玩家3的描述可能需要进一步关注，以确定是否是卧底。
2024-12-13 13:01:03,769 - 4 - INFO - **********JUDGER**********
你刚刚的分析是根据玩家们的描述，我们可以初步分析如下：

玩家1的描述提到了“球类”和“网状结构”，这指向的是网球或排球等带有网状结构的球类。

玩家2的描述提到了“圆形”和“复杂的图案”，以及“网格设计”，这与足球或篮球等带有复杂图案的球类相符。

玩家3的描述提到了“圆形”的物体和“多个小孔”，以及“弹性材料”，这指向的是气球或足球等具有弹性特征的球类。

玩家4的描述提到了“球类”和“拉伸和收缩”，这同样指向气球或足球等可以变形的球类。

由于所有玩家的描述都提到了球类，且都涉及到了圆形、网格或弹性等特征，但描述之间没有明显的共同点，这可能是由于卧底词和平民词的细微差异造成的。玩家3的描述中提到了“拉伸和收缩”，这与其他描述中的“网状结构”和“网格设计”不太一样，这可能是卧底词的线索。

因此，玩家3的描述可能需要进一步关注，以确定是否是卧底。|| `请根据上述分析，比较描述以找出不一致之处，注意，这局游戏的词语分类为<体育用品>，卧底词和平民词都属于该类。
2024-12-13 13:01:10,563 - 4 - INFO - **********PLAYER4**********
根据上述分析，我们可以比较描述中的一致性和不一致性如下：

- 一致性：
  - 所有玩家都提到了“球类”，这是体育用品的共性。
  - 所有描述都涉及到了球的形状，即“圆形”。
  - 描述中都提到了球在体育用品中的某些特定特征，如“网状结构”、“网格设计”、“多个小孔”和“弹性材料”。

- 不一致性：
  - 玩家1提到了“网状结构”，这通常与排球或网球相关。
  - 玩家2提到了“复杂的图案”和“网格设计”，这更符合足球或篮球的特征。
  - 玩家3提到了“多个小孔”和“弹性材料”，这描述了气球或足球的特性，但特别提到了“拉伸和收缩”，这与其他描述中的特征不太一致。
  - 玩家4的描述中提到了“拉伸和收缩”，这是一个较为独特的描述，没有直接提到其他玩家提到的特征。

基于这些不一致之处，玩家3的描述可能最为可疑，因为他的描述中包含了“拉伸和收缩”，而其他玩家没有提到这一点，这可能是卧底词的线索。此外，玩家4的描述虽然独特，但没有提到其他玩家提到的特征，这也可能是一个不一致点。因此，玩家3和玩家4的描述可能是我们需要重点关注的对象。
2024-12-13 13:01:10,565 - 4 - INFO - **********JUDGER**********
你刚刚的分析是根据上述分析，我们可以比较描述中的一致性和不一致性如下：

- 一致性：
  - 所有玩家都提到了“球类”，这是体育用品的共性。
  - 所有描述都涉及到了球的形状，即“圆形”。
  - 描述中都提到了球在体育用品中的某些特定特征，如“网状结构”、“网格设计”、“多个小孔”和“弹性材料”。

- 不一致性：
  - 玩家1提到了“网状结构”，这通常与排球或网球相关。
  - 玩家2提到了“复杂的图案”和“网格设计”，这更符合足球或篮球的特征。
  - 玩家3提到了“多个小孔”和“弹性材料”，这描述了气球或足球的特性，但特别提到了“拉伸和收缩”，这与其他描述中的特征不太一致。
  - 玩家4的描述中提到了“拉伸和收缩”，这是一个较为独特的描述，没有直接提到其他玩家提到的特征。

基于这些不一致之处，玩家3的描述可能最为可疑，因为他的描述中包含了“拉伸和收缩”，而其他玩家没有提到这一点，这可能是卧底词的线索。此外，玩家4的描述虽然独特，但没有提到其他玩家提到的特征，这也可能是一个不一致点。因此，玩家3和玩家4的描述可能是我们需要重点关注的对象。|| 请通过你分析的不一致之处，推断卧底身份，注意，这局游戏的词语分类为<体育用品>，卧底词和平民词都属于该类。
2024-12-13 13:01:16,877 - 4 - INFO - **********PLAYER4**********
基于上述分析，我们可以进行以下推断：

- 玩家1描述的“网状结构”通常与排球或网球相关，但这两个球类在描述中并没有被其他玩家提及。
- 玩家2描述的“复杂的图案”和“网格设计”更符合足球或篮球，但这些球类也没有被其他玩家直接提及。
- 玩家3描述的“多个小孔”和“弹性材料”，以及“拉伸和收缩”特征，这与气球或足球相符，尤其是足球，因为足球在描述中没有被其他玩家提及。
- 玩家4的描述虽然独特，但没有直接提及其他玩家提到的特征，这可能表明他的描述是为了引导其他玩家注意他的不同点。

考虑到所有玩家都提到了球类，但只有玩家3的描述中包含了“拉伸和收缩”这一特征，这是一个与其他描述不一致的点，而且这个特征与足球的充气特性相符。足球在这个游戏中没有被其他玩家提及，因此玩家3的描述可能是基于卧底词“足球”的描述。

综上所述，根据描述中的一致性和不一致性，玩家3可能是卧底，他的关键词是“足球”。
2024-12-13 13:01:16,880 - 4 - INFO - **********JUDGER**********
你刚刚的推断是基于上述分析，我们可以进行以下推断：

- 玩家1描述的“网状结构”通常与排球或网球相关，但这两个球类在描述中并没有被其他玩家提及。
- 玩家2描述的“复杂的图案”和“网格设计”更符合足球或篮球，但这些球类也没有被其他玩家直接提及。
- 玩家3描述的“多个小孔”和“弹性材料”，以及“拉伸和收缩”特征，这与气球或足球相符，尤其是足球，因为足球在描述中没有被其他玩家提及。
- 玩家4的描述虽然独特，但没有直接提及其他玩家提到的特征，这可能表明他的描述是为了引导其他玩家注意他的不同点。

考虑到所有玩家都提到了球类，但只有玩家3的描述中包含了“拉伸和收缩”这一特征，这是一个与其他描述不一致的点，而且这个特征与足球的充气特性相符。足球在这个游戏中没有被其他玩家提及，因此玩家3的描述可能是基于卧底词“足球”的描述。

综上所述，根据描述中的一致性和不一致性，玩家3可能是卧底，他的关键词是“足球”。|| 基于你刚刚的推断得出你的最终结论，请输出你认为的卧底，在这种情况下只需要输出编号，是1-4中的某个数字，不要输出其他信息。在这个过程不要进行任何推理，只对||以前的部分进行信息提取
2024-12-13 13:01:17,926 - 4 - INFO - **********PLAYER4**********
3
2024-12-13 13:01:24,270 - 4 - INFO - **********JUDGER**********
玩家1说：这是一种球类，通常用于运动比赛。它在体育用品中以其独特的网状结构而著名。这种球类在比赛中需要精准的团队协作，它的尺寸和重量都有严格的标准。在体育用品中，它以其轻便的材质和易于操控的属性而受到青睐。玩家2说：这个球体是圆形的，表面有复杂的图案，常用于团队运动。它在该类体育用品中以其网格设计而特别。这个球体是圆的，表面由许多小孔组成，设计上注重手感和操控性。它适用于多种户外运动，特别强调团队协作和精准传递。在同类体育用品中，它的孔洞结构提供了额外的弹性和灵活性，使其在运动中更加出色。玩家3说：这是一个圆形的物体，表面由多个小孔组成，可以拉伸和收缩。它在该类体育用品中最突出的不同特征是，它通常由橡胶或其他弹性材料制成，且用于特定的运动项目。这个球类在体育用品中以其轻便的材质和易于操控的属性而受到青睐，特别适用于团队运动。它的表面设计注重手感和操控性，使得它在比赛中能够提供额外的弹性和灵活性。玩家4说：这是一种球类，主要用于团体比赛，它的表面具有许多孔洞，便于抓握。在这个类别中，它最突出的不同特征是它的孔洞结构，使得它在运动中具有独特的弹性和灵活性。你是第4号玩家，你的关键词是<排球>。你的回答中绝对不能包含你的关键词<排球>。这是第二轮描述，你之前的描述是这是一种球类，主要用于团体比赛，它的表面具有许多孔洞，便于抓握。在这个类别中，它最突出的不同特征是它的孔洞结构，使得它在运动中具有独特的弹性和灵活性。，注意，这局游戏的词语分类为<体育用品>，卧底词和平民词都属于该类，请你补充关于关键词的描述，注意，你的描述应该比起之前的描述更加贴近关键词，作为之前的补充
2024-12-13 13:01:26,230 - 4 - INFO - **********PLAYER4**********
这是一种球类，主要用于团体比赛，它的表面设计具有独特的网格结构，使得球体既轻便又易于操控。在同类体育用品中，这种球体的材质和设计注重弹性和灵活性，非常适合进行高强度的团队协作运动。
2024-12-13 13:02:34,887 - 4 - INFO - **********JUDGER**********
玩家1说：这是一种球类，通常用于运动比赛。它在体育用品中以其独特的网状结构而著名。这种球类在比赛中需要精准的团队协作，它的尺寸和重量都有严格的标准。在体育用品中，它以其轻便的材质和易于操控的属性而受到青睐。玩家2说：这个球体是圆形的，表面有复杂的图案，常用于团队运动。它在该类体育用品中以其网格设计而特别。这个球体是圆的，表面由许多小孔组成，设计上注重手感和操控性。它适用于多种户外运动，特别强调团队协作和精准传递。在同类体育用品中，它的孔洞结构提供了额外的弹性和灵活性，使其在运动中更加出色。玩家3说：这是一个圆形的物体，表面由多个小孔组成，可以拉伸和收缩。它在该类体育用品中最突出的不同特征是，它通常由橡胶或其他弹性材料制成，且用于特定的运动项目。这个球类在体育用品中以其轻便的材质和易于操控的属性而受到青睐，特别适用于团队运动。它的表面设计注重手感和操控性，使得它在比赛中能够提供额外的弹性和灵活性。玩家4说：这是一种球类，主要用于团体比赛，它的表面具有许多孔洞，便于抓握。在这个类别中，它最突出的不同特征是它的孔洞结构，使得它在运动中具有独特的弹性和灵活性。||在这个游戏中，我们需要通过分析每位玩家的描述来找出卧底。通常，平民的描述会围绕相同的词语展开，而卧底的描述可能会因为词语的不同而显得不太一致。我们需要仔细比较每个描述之间的相似性和差异性，以找出可能的卧底，注意，卧底并不会隐藏自己，他会直接描述他的词语，现在，逐一分析每个玩家的描述，注意，这局游戏的词语分类为<体育用品>，卧底词和平民词都属于该类。||之前是第2轮描述和之前轮数描述的合集。你之前认为的卧底是玩家3。
2024-12-13 13:02:45,624 - 4 - INFO - **********PLAYER4**********
根据玩家们的第二轮描述，我们可以进行以下分析：

- 玩家1的描述提到了“网状结构”、“精准的团队协作”、“严格的标准”和“轻便的材质”，这与排球或网球的特征相符。
- 玩家2的描述提到了“复杂的图案”、“网格设计”、“手感和操控性”、“户外运动”和“弹性和灵活性”，这些特征也与排球或足球等球类运动相关。
- 玩家3的描述与玩家1和玩家2相似，提到了“圆形”、“小孔”、“弹性材料”、“轻便的材质”、“易于操控”和“弹性和灵活性”，但没有特别强调网格结构或户外运动。
- 玩家4的描述与玩家3相似，提到了“孔洞结构”、“弹性和灵活性”，但没有提及网格结构或户外运动。

玩家3的描述与玩家1和玩家2的描述相比，虽然也提到了弹性和灵活性，但没有强调网格结构和户外运动，这可能与排球或网球的特征不完全吻合。而玩家4的描述与玩家3的描述非常相似，没有提供额外的线索来区分它们。

考虑到之前的分析，玩家3的描述仍然显得有些不一致，因为它没有特别强调网格结构或户外运动，而这些特征在排球或网球中是较为突出的。因此，基于这些相似性和差异性，玩家3的描述仍然可能是卧底。

所以，基于第二轮描述，我仍然认为玩家3可能是卧底。
2024-12-13 13:02:45,632 - 4 - INFO - **********JUDGER**********
你刚刚的分析是根据玩家们的第二轮描述，我们可以进行以下分析：

- 玩家1的描述提到了“网状结构”、“精准的团队协作”、“严格的标准”和“轻便的材质”，这与排球或网球的特征相符。
- 玩家2的描述提到了“复杂的图案”、“网格设计”、“手感和操控性”、“户外运动”和“弹性和灵活性”，这些特征也与排球或足球等球类运动相关。
- 玩家3的描述与玩家1和玩家2相似，提到了“圆形”、“小孔”、“弹性材料”、“轻便的材质”、“易于操控”和“弹性和灵活性”，但没有特别强调网格结构或户外运动。
- 玩家4的描述与玩家3相似，提到了“孔洞结构”、“弹性和灵活性”，但没有提及网格结构或户外运动。

玩家3的描述与玩家1和玩家2的描述相比，虽然也提到了弹性和灵活性，但没有强调网格结构和户外运动，这可能与排球或网球的特征不完全吻合。而玩家4的描述与玩家3的描述非常相似，没有提供额外的线索来区分它们。

考虑到之前的分析，玩家3的描述仍然显得有些不一致，因为它没有特别强调网格结构或户外运动，而这些特征在排球或网球中是较为突出的。因此，基于这些相似性和差异性，玩家3的描述仍然可能是卧底。

所以，基于第二轮描述，我仍然认为玩家3可能是卧底。|| `请根据上述分析，比较描述以找出不一致之处，注意，这局游戏的词语分类为<体育用品>，卧底词和平民词都属于该类。
2024-12-13 13:02:54,386 - 4 - INFO - **********PLAYER4**********
根据上述分析，我们可以比较描述中的一致性和不一致性如下：

- 一致性：
  - 所有玩家的描述都提到了球类是圆形的。
  - 描述中都有提及球类用于团队运动和强调操控性。
  - 所有描述都提到了球类的弹性和灵活性。

- 不一致性：
  - 玩家1特别提到了“网状结构”、“精准的团队协作”、“严格的标准”和“轻便的材质”，这些特征在排球或网球中较为突出，但没有被其他玩家提及。
  - 玩家2提到了“复杂的图案”、“网格设计”、“户外运动”，这些特征在足球中较为常见，但与排球或网球的特征有所不同。
  - 玩家3的描述与玩家1和玩家2相似，但没有特别强调网格结构或户外运动，这可能与排球或网球的特征不完全吻合。
  - 玩家4的描述与玩家3相似，但没有提供额外的线索来区分它们。

在这些不一致之处中，玩家1的描述中提到的“网状结构”和“严格的标准”是排球或网球独有的特征，而玩家2和玩家3的描述中虽然也提到了弹性、灵活性和操控性，但没有强调这些特定特征。玩家4的描述与玩家3非常相似，没有提供区分的线索。

因此，不一致之处在于玩家1的描述中包含的特征在玩家2和玩家3的描述中没有得到体现，这可能是区分平民和卧底的关键。玩家3的描述虽然接近，但没有特别强调网格结构，这可能表明他与玩家1的平民词不完全一致。
2024-12-13 13:02:54,388 - 4 - INFO - **********JUDGER**********
你刚刚的分析是根据上述分析，我们可以比较描述中的一致性和不一致性如下：

- 一致性：
  - 所有玩家的描述都提到了球类是圆形的。
  - 描述中都有提及球类用于团队运动和强调操控性。
  - 所有描述都提到了球类的弹性和灵活性。

- 不一致性：
  - 玩家1特别提到了“网状结构”、“精准的团队协作”、“严格的标准”和“轻便的材质”，这些特征在排球或网球中较为突出，但没有被其他玩家提及。
  - 玩家2提到了“复杂的图案”、“网格设计”、“户外运动”，这些特征在足球中较为常见，但与排球或网球的特征有所不同。
  - 玩家3的描述与玩家1和玩家2相似，但没有特别强调网格结构或户外运动，这可能与排球或网球的特征不完全吻合。
  - 玩家4的描述与玩家3相似，但没有提供额外的线索来区分它们。

在这些不一致之处中，玩家1的描述中提到的“网状结构”和“严格的标准”是排球或网球独有的特征，而玩家2和玩家3的描述中虽然也提到了弹性、灵活性和操控性，但没有强调这些特定特征。玩家4的描述与玩家3非常相似，没有提供区分的线索。

因此，不一致之处在于玩家1的描述中包含的特征在玩家2和玩家3的描述中没有得到体现，这可能是区分平民和卧底的关键。玩家3的描述虽然接近，但没有特别强调网格结构，这可能表明他与玩家1的平民词不完全一致。|| 请通过你分析的不一致之处，推断卧底身份，注意，这局游戏的词语分类为<体育用品>，卧底词和平民词都属于该类。
2024-12-13 13:03:02,496 - 4 - INFO - **********PLAYER4**********
基于分析的不一致之处，我们可以推断卧底身份：

- 玩家1的描述中提到了“网状结构”，这是一个在排球或网球中常见的特征，但其他玩家没有提及这一点。
- 玩家2的描述提到了“复杂的图案”和“网格设计”，这些特征在足球中更为常见。
- 玩家3的描述与玩家1和玩家2相似，但没有特别强调网格结构，这表明他的描述可能不是完全一致的。
- 玩家4的描述与玩家3相似，没有提供额外的线索。

由于玩家1的描述中包含了“网状结构”这一特征，而其他玩家没有提及，这可能是区分平民和卧底的关键。因此，根据这些线索，玩家1可能是卧底。
2024-12-13 13:03:02,498 - 4 - INFO - **********JUDGER**********
你刚刚的推断是基于分析的不一致之处，我们可以推断卧底身份：

- 玩家1的描述中提到了“网状结构”，这是一个在排球或网球中常见的特征，但其他玩家没有提及这一点。
- 玩家2的描述提到了“复杂的图案”和“网格设计”，这些特征在足球中更为常见。
- 玩家3的描述与玩家1和玩家2相似，但没有特别强调网格结构，这表明他的描述可能不是完全一致的。
- 玩家4的描述与玩家3相似，没有提供额外的线索。

由于玩家1的描述中包含了“网状结构”这一特征，而其他玩家没有提及，这可能是区分平民和卧底的关键。因此，根据这些线索，玩家1可能是卧底。|| 基于你刚刚的推断得出你的最终结论，请输出你认为的卧底，在这种情况下只需要输出编号，是1-4中的某个数字，不要输出其他信息。在这个过程不要进行任何推理，只对||以前的部分进行信息提取
2024-12-13 13:03:03,982 - 4 - INFO - **********PLAYER4**********
1
2024-12-13 13:03:12,566 - 4 - INFO - **********JUDGER**********
玩家1说：这是一种球类，通常用于运动比赛。它在体育用品中以其独特的网状结构而著名。这种球类在比赛中需要精准的团队协作，它的尺寸和重量都有严格的标准。在体育用品中，它以其轻便的材质和易于操控的属性而受到青睐。这种球类在比赛中需要高度的技巧和战术配合，它的制造工艺要求精确，以确保每个球都能达到相同的性能标准。它的材质轻巧，便于运动员在空中进行操控，同时球体的表面设计有助于增加空气阻力，提高球的飞行轨迹的预测性。玩家2说：这个球体是圆形的，表面有复杂的图案，常用于团队运动。它在该类体育用品中以其网格设计而特别。这个球体是圆的，表面由许多小孔组成，设计上注重手感和操控性。它适用于多种户外运动，特别强调团队协作和精准传递。在同类体育用品中，它的孔洞结构提供了额外的弹性和灵活性，使其在运动中更加出色。这个球体是圆的，它的表面设计有多个小孔，便于抓握和操控。这种球体在户外运动中非常常见，特别适合团队协作和精准传递。它的材质轻便，使得运动员可以轻松地在空中操控球，同时球体的表面设计有助于增加空气阻力，使得球的飞行轨迹更加可预测。在同类体育用品中，这种球体的设计和制造工艺都非常注重弹性和灵活性。玩家3说：这是一个圆形的物体，表面由多个小孔组成，可以拉伸和收缩。它在该类体育用品中最突出的不同特征是，它通常由橡胶或其他弹性材料制成，且用于特定的运动项目。这个球类在体育用品中以其轻便的材质和易于操控的属性而受到青睐，特别适用于团队运动。它的表面设计注重手感和操控性，使得它在比赛中能够提供额外的弹性和灵活性。这个球类在体育用品中以其网格设计而著名，它通常由弹性材料制成，具有轻便的材质和易于操控的属性。它的表面设计注重手感和操控性，使得它在比赛中能够提供额外的弹性和灵活性，特别适用于团队运动。玩家4说：这是一种球类，主要用于团体比赛，它的表面具有许多孔洞，便于抓握。在这个类别中，它最突出的不同特征是它的孔洞结构，使得它在运动中具有独特的弹性和灵活性。这是一种球类，主要用于团体比赛，它的表面设计具有独特的网格结构，使得球体既轻便又易于操控。在同类体育用品中，这种球体的材质和设计注重弹性和灵活性，非常适合进行高强度的团队协作运动。你是第4号玩家，你的关键词是<排球>。你的回答中绝对不能包含你的关键词<排球>。这是第三轮描述，你之前的描述是这是一种球类，主要用于团体比赛，它的表面具有许多孔洞，便于抓握。在这个类别中，它最突出的不同特征是它的孔洞结构，使得它在运动中具有独特的弹性和灵活性。和这是一种球类，主要用于团体比赛，它的表面设计具有独特的网格结构，使得球体既轻便又易于操控。在同类体育用品中，这种球体的材质和设计注重弹性和灵活性，非常适合进行高强度的团队协作运动。，注意，这局游戏的词语分类为<体育用品>，卧底词和平民词都属于该类，请你补充关于关键词的描述，注意，你的描述应该比起之前的描述更加贴近关键词，作为之前的补充
2024-12-13 13:03:17,530 - 4 - INFO - **********PLAYER4**********
这种球类在体育用品中以其轻便的材质和易于操控的属性而受到青睐，特别适用于团队运动。它的表面设计注重手感和操控性，使得运动员在比赛中能够进行精准的传递和攻击。这种球类的尺寸和重量都有严格的标准，以确保比赛的公平性。它的表面具有许多小孔，便于运动员的抓握和操控，同时也增加了球在空中的稳定性。
2024-12-13 13:04:22,043 - 4 - INFO - **********JUDGER**********
玩家1说：这是一种球类，通常用于运动比赛。它在体育用品中以其独特的网状结构而著名。这种球类在比赛中需要精准的团队协作，它的尺寸和重量都有严格的标准。在体育用品中，它以其轻便的材质和易于操控的属性而受到青睐。这种球类在比赛中需要高度的技巧和战术配合，它的制造工艺要求精确，以确保每个球都能达到相同的性能标准。它的材质轻巧，便于运动员在空中进行操控，同时球体的表面设计有助于增加空气阻力，提高球的飞行轨迹的预测性。玩家2说：这个球体是圆形的，表面有复杂的图案，常用于团队运动。它在该类体育用品中以其网格设计而特别。这个球体是圆的，表面由许多小孔组成，设计上注重手感和操控性。它适用于多种户外运动，特别强调团队协作和精准传递。在同类体育用品中，它的孔洞结构提供了额外的弹性和灵活性，使其在运动中更加出色。这个球体是圆的，它的表面设计有多个小孔，便于抓握和操控。这种球体在户外运动中非常常见，特别适合团队协作和精准传递。它的材质轻便，使得运动员可以轻松地在空中操控球，同时球体的表面设计有助于增加空气阻力，使得球的飞行轨迹更加可预测。在同类体育用品中，这种球体的设计和制造工艺都非常注重弹性和灵活性。玩家3说：这是一个圆形的物体，表面由多个小孔组成，可以拉伸和收缩。它在该类体育用品中最突出的不同特征是，它通常由橡胶或其他弹性材料制成，且用于特定的运动项目。这个球类在体育用品中以其轻便的材质和易于操控的属性而受到青睐，特别适用于团队运动。它的表面设计注重手感和操控性，使得它在比赛中能够提供额外的弹性和灵活性。这个球类在体育用品中以其网格设计而著名，它通常由弹性材料制成，具有轻便的材质和易于操控的属性。它的表面设计注重手感和操控性，使得它在比赛中能够提供额外的弹性和灵活性，特别适用于团队运动。玩家4说：这是一种球类，主要用于团体比赛，它的表面具有许多孔洞，便于抓握。在这个类别中，它最突出的不同特征是它的孔洞结构，使得它在运动中具有独特的弹性和灵活性。这是一种球类，主要用于团体比赛，它的表面设计具有独特的网格结构，使得球体既轻便又易于操控。在同类体育用品中，这种球体的材质和设计注重弹性和灵活性，非常适合进行高强度的团队协作运动。这种球类在体育用品中以其轻便的材质和易于操控的属性而受到青睐，特别适用于团队运动。它的表面设计注重手感和操控性，使得运动员在比赛中能够进行精准的传递和攻击。这种球类的尺寸和重量都有严格的标准，以确保比赛的公平性。它的表面具有许多小孔，便于运动员的抓握和操控，同时也增加了球在空中的稳定性。||在这个游戏中，我们需要通过分析每位玩家的描述来找出卧底。通常，平民的描述会围绕相同的词语展开，而卧底的描述可能会因为词语的不同而显得不太一致。我们需要仔细比较每个描述之间的相似性和差异性，以找出可能的卧底，注意，卧底并不会隐藏自己，他会直接描述他的词语，现在，逐一分析每个玩家的描述，注意，这局游戏的词语分类为<体育用品>，卧底词和平民词都属于该类。||之前是第3轮描述和之前轮数描述的合集。你之前认为的卧底是玩家1。
2024-12-13 13:04:34,596 - 4 - INFO - **********PLAYER4**********
根据玩家们的第三轮描述，我们可以进行以下分析：

- 玩家1的描述中强调了“网状结构”、“精准的团队协作”、“严格的标准”、“轻便的材质”、“易于操控的属性”、“高度的技巧和战术配合”以及“精确的制造工艺”，这些特征与排球或网球相符。
- 玩家2的描述中提到了“复杂的图案”、“网格设计”、“手感和操控性”、“户外运动”、“弹性和灵活性”、“轻便的材质”以及“空气阻力”，这些特征也与足球或篮球等球类运动相关。
- 玩家3的描述中强调了“圆形”、“小孔”、“弹性材料”、“轻便的材质”、“易于操控的属性”、“手感和操控性”、“弹性和灵活性”以及“网格设计”，这些特征同样与足球或篮球等球类运动相关。
- 玩家4的描述中提到了“孔洞结构”、“弹性和灵活性”、“轻便的材质”、“易于操控的属性”、“手感和操控性”、“轻便的材质”、“严格的标准”以及“尺寸和重量都有严格的标准”，这些特征与排球或足球等球类运动相关。

玩家1的描述中特别强调了“网状结构”和“精确的制造工艺”，这是排球或网球独有的特征，而其他玩家没有特别提及这些点。玩家2和玩家3的描述中虽然也提到了网格设计和弹性和灵活性，但没有像玩家1那样强调网状结构和制造工艺的精确性。玩家4的描述则包含了多个特征，但没有特别强调任何一点，使得它与玩家1和玩家2的描述相比显得较为模糊。

基于这些分析，玩家1的描述可能仍然是最为独特的，因为它特别强调了网状结构和制造工艺的精确性，这可能与排球或网球的特征更为吻合。因此，基于第三轮描述，我仍然认为玩家1可能是卧底。
2024-12-13 13:04:34,597 - 4 - INFO - **********JUDGER**********
你刚刚的分析是根据玩家们的第三轮描述，我们可以进行以下分析：

- 玩家1的描述中强调了“网状结构”、“精准的团队协作”、“严格的标准”、“轻便的材质”、“易于操控的属性”、“高度的技巧和战术配合”以及“精确的制造工艺”，这些特征与排球或网球相符。
- 玩家2的描述中提到了“复杂的图案”、“网格设计”、“手感和操控性”、“户外运动”、“弹性和灵活性”、“轻便的材质”以及“空气阻力”，这些特征也与足球或篮球等球类运动相关。
- 玩家3的描述中强调了“圆形”、“小孔”、“弹性材料”、“轻便的材质”、“易于操控的属性”、“手感和操控性”、“弹性和灵活性”以及“网格设计”，这些特征同样与足球或篮球等球类运动相关。
- 玩家4的描述中提到了“孔洞结构”、“弹性和灵活性”、“轻便的材质”、“易于操控的属性”、“手感和操控性”、“轻便的材质”、“严格的标准”以及“尺寸和重量都有严格的标准”，这些特征与排球或足球等球类运动相关。

玩家1的描述中特别强调了“网状结构”和“精确的制造工艺”，这是排球或网球独有的特征，而其他玩家没有特别提及这些点。玩家2和玩家3的描述中虽然也提到了网格设计和弹性和灵活性，但没有像玩家1那样强调网状结构和制造工艺的精确性。玩家4的描述则包含了多个特征，但没有特别强调任何一点，使得它与玩家1和玩家2的描述相比显得较为模糊。

基于这些分析，玩家1的描述可能仍然是最为独特的，因为它特别强调了网状结构和制造工艺的精确性，这可能与排球或网球的特征更为吻合。因此，基于第三轮描述，我仍然认为玩家1可能是卧底。|| `请根据上述分析，比较描述以找出不一致之处，注意，这局游戏的词语分类为<体育用品>，卧底词和平民词都属于该类。
2024-12-13 13:04:52,546 - 4 - INFO - **********PLAYER4**********
根据上述分析，我们可以比较描述中的一致性和不一致性如下：

- 一致性：
  - 所有玩家的描述都提到了球类用于运动比赛，且常用于团队运动。
  - 描述中都强调了球类的轻便材质和易于操控的属性。
  - 描述中都有提及球类的表面设计注重手感和操控性。
  - 描述中都提到了球类的弹性和灵活性。
  - 描述中都提到了球类的尺寸和重量有严格的标准。

- 不一致性：
  - 玩家1特别强调了“网状结构”和“精确的制造工艺”，这是排球或网球的特征，而其他玩家没有提及这一点。
  - 玩家2提到了“复杂的图案”和“空气阻力”，这些特征在足球或篮球中更为常见。
  - 玩家3的描述中提到了“圆形”和“小孔”，但没有特别强调网状结构或空气阻力。
  - 玩家4的描述中提到了“孔洞结构”和“严格的标准”，但没有特别强调网状结构。

在这些不一致之处中，玩家1的描述中提到的“网状结构”和“精确的制造工艺”是排球或网球独有的特征，而其他玩家的描述中虽然也提到了球类的某些特征，但没有像玩家1那样特别强调这些点。这可能是区分平民和卧底的关键。因此，不一致之处在于玩家1的描述中包含的特征在玩家2、玩家3和玩家4的描述中没有得到同样程度的强调。
2024-12-13 13:04:52,548 - 4 - INFO - **********JUDGER**********
你刚刚的分析是根据上述分析，我们可以比较描述中的一致性和不一致性如下：

- 一致性：
  - 所有玩家的描述都提到了球类用于运动比赛，且常用于团队运动。
  - 描述中都强调了球类的轻便材质和易于操控的属性。
  - 描述中都有提及球类的表面设计注重手感和操控性。
  - 描述中都提到了球类的弹性和灵活性。
  - 描述中都提到了球类的尺寸和重量有严格的标准。

- 不一致性：
  - 玩家1特别强调了“网状结构”和“精确的制造工艺”，这是排球或网球的特征，而其他玩家没有提及这一点。
  - 玩家2提到了“复杂的图案”和“空气阻力”，这些特征在足球或篮球中更为常见。
  - 玩家3的描述中提到了“圆形”和“小孔”，但没有特别强调网状结构或空气阻力。
  - 玩家4的描述中提到了“孔洞结构”和“严格的标准”，但没有特别强调网状结构。

在这些不一致之处中，玩家1的描述中提到的“网状结构”和“精确的制造工艺”是排球或网球独有的特征，而其他玩家的描述中虽然也提到了球类的某些特征，但没有像玩家1那样特别强调这些点。这可能是区分平民和卧底的关键。因此，不一致之处在于玩家1的描述中包含的特征在玩家2、玩家3和玩家4的描述中没有得到同样程度的强调。|| 请通过你分析的不一致之处，推断卧底身份，注意，这局游戏的词语分类为<体育用品>，卧底词和平民词都属于该类。
2024-12-13 13:04:58,785 - 4 - INFO - **********PLAYER4**********
基于分析的不一致之处，可以推断卧底身份：

- 玩家1的描述中特别提到了“网状结构”和“精确的制造工艺”，这些特征与排球或网球相符，而其他玩家没有提及这些特定特征。
- 玩家2、玩家3和玩家4的描述中没有特别强调网状结构或精确的制造工艺。

因此，根据这些线索，玩家1可能是卧底。
2024-12-13 13:04:58,787 - 4 - INFO - **********JUDGER**********
你刚刚的推断是基于分析的不一致之处，可以推断卧底身份：

- 玩家1的描述中特别提到了“网状结构”和“精确的制造工艺”，这些特征与排球或网球相符，而其他玩家没有提及这些特定特征。
- 玩家2、玩家3和玩家4的描述中没有特别强调网状结构或精确的制造工艺。

因此，根据这些线索，玩家1可能是卧底。|| 基于你刚刚的推断得出你的最终结论，请输出你认为的卧底，在这种情况下只需要输出编号，是1-4中的某个数字，不要输出其他信息。在这个过程不要进行任何推理，只对||以前的部分进行信息提取
2024-12-13 13:05:01,022 - 4 - INFO - **********PLAYER4**********
1
