2024-12-12 22:08:52,333 - 1 - INFO - **********JUDGER**********
让我们来玩一个叫做<谁是卧底>的推理游戏。基本规则：<人数>：4人。<角色分配>：每位玩家随机抽取一个词语，3名玩家拿到的词语是相同的（平民词），1名玩家拿到与之相近但不同的词语（卧底词）。<游戏流程>：1、玩家轮流描述自己的词语，但<不能>直接说出词语本身。2、描述完毕后，投票选出最像卧底的玩家。3、每轮结束后，被投票选出的玩家出局，不能再进行描述或投票。4、每轮投票结束后，如果卧底被成功找出，平民方获胜；如果卧底未被找出且卧底人数等于或超过平民人数，则卧底方获胜。你将扮演一个<玩家>，请等待你被分配到的关键词。如果你听懂了，只回答，"好的，我准备好参加游戏了"，不要输出别的信息
2024-12-12 22:08:52,726 - 1 - INFO - **********PLAYER1**********
好的，我准备好参加游戏了
2024-12-12 22:08:55,910 - 1 - INFO - **********JUDGER**********
玩家1说：玩家2说：玩家3说：玩家4说：|| 你是第1号玩家，你的关键词是<月亮>。你的回答中绝对不能包含你的关键词<月亮>。这是第一轮描述，不需要分析||之前别的玩家的描述，请你描述关键词基本特征，注意，这局游戏的词语分类为<天文>，卧底词和平民词都属于该类，描述包括以下两点，1.他的基本特征是什么2.他在该类（天文）中最突出不同的特征是什么，尽量简短
2024-12-12 22:08:59,739 - 1 - INFO - **********PLAYER1**********
这是一个夜空中常见的天体，它通常呈现出圆盘状，夜晚亮度较高。在同类天体中，它以其周期性的圆缺变化而最为突出。
2024-12-12 22:09:04,333 - 1 - INFO - **********JUDGER**********
玩家1说：这是一个夜空中常见的天体，它通常呈现出圆盘状，夜晚亮度较高。在同类天体中，它以其周期性的圆缺变化而最为突出。玩家2说：这是一颗红色的行星，位于太阳系内，与地球相似，但表面环境恶劣。它在同类天体中最突出的特征是红色的外观和表面的火山活动。玩家3说：这是一个围绕地球旋转的天体，它的表面通常覆盖着岩石和尘埃。在同类天体中，它最突出的不同特征是它对地球的潮汐影响。玩家4说：||在这个游戏中，我们需要通过分析每位玩家的描述来找出卧底。通常，平民的描述会围绕相同的词语展开，而卧底的描述可能会因为词语的不同而显得不太一致。我们需要仔细比较每个描述之间的相似性和差异性，以找出可能的卧底，注意，卧底并不会隐藏自己，他会直接描述他的词语，现在，逐一分析每个玩家的描述，注意，这局游戏的词语分类为<天文>，卧底词和平民词都属于该类。这是第一轮描述。
2024-12-12 22:09:06,444 - 1 - INFO - **********PLAYER1**********
好的，我注意到玩家2的描述提到了一颗红色的行星，这与其他玩家的描述有所不同，他们提到的都是围绕地球旋转的天体。此外，玩家2还提到了表面的火山活动，这也是一个独特的特征。因此，玩家2的描述可能与卧底词相符。我会保持警惕，注意接下来的描述，以便在下一轮投票时做出判断。
2024-12-12 22:09:06,445 - 1 - INFO - **********JUDGER**********
你刚刚的分析是好的，我注意到玩家2的描述提到了一颗红色的行星，这与其他玩家的描述有所不同，他们提到的都是围绕地球旋转的天体。此外，玩家2还提到了表面的火山活动，这也是一个独特的特征。因此，玩家2的描述可能与卧底词相符。我会保持警惕，注意接下来的描述，以便在下一轮投票时做出判断。|| `请根据上述分析，比较描述以找出不一致之处，注意，这局游戏的词语分类为<天文>，卧底词和平民词都属于该类。
2024-12-12 22:09:13,066 - 1 - INFO - **********PLAYER1**********
根据上述分析，我们可以看到以下不一致之处：

1. 玩家2的描述提到了“红色的行星”和“表面的火山活动”，这两个特征在玩家1、玩家3和玩家4的描述中都没有出现。玩家1、玩家3和玩家4的描述都集中在天体围绕地球旋转、表面覆盖岩石和尘埃以及天体的亮度或圆缺变化上。

2. 玩家1、玩家3和玩家4的描述都较为相似，都集中在天体的外观特征和它们与地球的关系上，而玩家2的描述则引入了行星的表面特征，这是一个与“月亮”或“天文”类别的其他天体（如行星、卫星）不同的特征。

3. 玩家4的描述虽然是一个提醒，但它本身并没有提供具体的描述内容，因此不能作为判断的依据。

基于这些不一致之处，玩家2的描述可能是与卧底词相符的，因为它包含了与平民词不匹配的特征。在接下来的描述中，我会继续关注玩家2的描述，并留意是否有其他玩家开始模仿玩家2的描述，这可能会进一步确认玩家2是否是卧底。
2024-12-12 22:09:13,067 - 1 - INFO - **********JUDGER**********
你刚刚的分析是根据上述分析，我们可以看到以下不一致之处：

1. 玩家2的描述提到了“红色的行星”和“表面的火山活动”，这两个特征在玩家1、玩家3和玩家4的描述中都没有出现。玩家1、玩家3和玩家4的描述都集中在天体围绕地球旋转、表面覆盖岩石和尘埃以及天体的亮度或圆缺变化上。

2. 玩家1、玩家3和玩家4的描述都较为相似，都集中在天体的外观特征和它们与地球的关系上，而玩家2的描述则引入了行星的表面特征，这是一个与“月亮”或“天文”类别的其他天体（如行星、卫星）不同的特征。

3. 玩家4的描述虽然是一个提醒，但它本身并没有提供具体的描述内容，因此不能作为判断的依据。

基于这些不一致之处，玩家2的描述可能是与卧底词相符的，因为它包含了与平民词不匹配的特征。在接下来的描述中，我会继续关注玩家2的描述，并留意是否有其他玩家开始模仿玩家2的描述，这可能会进一步确认玩家2是否是卧底。|| 请通过你分析的不一致之处，推断卧底身份，注意，这局游戏的词语分类为<天文>，卧底词和平民词都属于该类。
2024-12-12 22:09:18,099 - 1 - INFO - **********PLAYER1**********
根据上述分析，我们可以推断以下信息：

- 玩家2的描述提到了“红色的行星”和“表面的火山活动”，这些特征与“月亮”这个词语不匹配，因为月亮是地球的卫星，通常不会与红色行星或火山活动相关联。
- 玩家1、玩家3和玩家4的描述都集中在天体围绕地球旋转、表面特征以及亮度或圆缺变化上，这些特征更符合月亮或地球的卫星这一类别。

因此，结合游戏分类为<天文>，且卧底词和平民词都属于该类，我们可以推断玩家2很可能是卧底，因为他的描述与月亮这一平民词不匹配，而是描述了一个与地球相关的红色行星，这可能是游戏中的卧底词，如火星或其他红色行星。在接下来的游戏中，我会继续观察玩家2的描述，并注意是否有其他玩家试图模仿或跟随玩家2的描述，以进一步确认卧底的身份。
2024-12-12 22:09:18,100 - 1 - INFO - **********JUDGER**********
你刚刚的推断是根据上述分析，我们可以推断以下信息：

- 玩家2的描述提到了“红色的行星”和“表面的火山活动”，这些特征与“月亮”这个词语不匹配，因为月亮是地球的卫星，通常不会与红色行星或火山活动相关联。
- 玩家1、玩家3和玩家4的描述都集中在天体围绕地球旋转、表面特征以及亮度或圆缺变化上，这些特征更符合月亮或地球的卫星这一类别。

因此，结合游戏分类为<天文>，且卧底词和平民词都属于该类，我们可以推断玩家2很可能是卧底，因为他的描述与月亮这一平民词不匹配，而是描述了一个与地球相关的红色行星，这可能是游戏中的卧底词，如火星或其他红色行星。在接下来的游戏中，我会继续观察玩家2的描述，并注意是否有其他玩家试图模仿或跟随玩家2的描述，以进一步确认卧底的身份。|| 基于你刚刚的推断得出你的最终结论，请输出你认为的卧底，在这种情况下只需要输出编号，是1-4中的某个数字，不要输出其他信息。在这个过程不要进行任何推理，只对||以前的部分进行信息提取
2024-12-12 22:09:18,565 - 1 - INFO - **********PLAYER1**********
2
2024-12-12 22:10:16,396 - 1 - INFO - **********JUDGER**********
玩家1说：这是一个夜空中常见的天体，它通常呈现出圆盘状，夜晚亮度较高。在同类天体中，它以其周期性的圆缺变化而最为突出。玩家2说：这是一颗红色的行星，位于太阳系内，与地球相似，但表面环境恶劣。它在同类天体中最突出的特征是红色的外观和表面的火山活动。玩家3说：这是一个围绕地球旋转的天体，它的表面通常覆盖着岩石和尘埃。在同类天体中，它最突出的不同特征是它对地球的潮汐影响。玩家4说：这是一颗环绕地球运行的天体，表面主要是岩石和尘埃构成。它在同类天体中最突出的不同特征是它对地球的潮汐现象产生显著影响。你是第1号玩家，你的关键词是<月亮>。你的回答中绝对不能包含你的关键词<月亮>。这是第二轮描述，你之前的描述是这是一个夜空中常见的天体，它通常呈现出圆盘状，夜晚亮度较高。在同类天体中，它以其周期性的圆缺变化而最为突出。，注意，这局游戏的词语分类为<天文>，卧底词和平民词都属于该类，请你补充关于关键词的描述，注意，你的描述应该比起之前的描述更加贴近关键词，作为之前的补充
2024-12-12 22:10:17,936 - 1 - INFO - **********PLAYER1**********
它是一颗在夜空中定期变化形状的天体，其亮度在夜晚中较为明显，这种变化是它在同类天体中独有的特点。
2024-12-12 22:10:25,661 - 1 - INFO - **********JUDGER**********
玩家1说：这是一个夜空中常见的天体，它通常呈现出圆盘状，夜晚亮度较高。在同类天体中，它以其周期性的圆缺变化而最为突出。它是一颗在夜空中定期变化形状的天体，其亮度在夜晚中较为明显，这种变化是它在同类天体中独有的特点。玩家2说：这是一颗红色的行星，位于太阳系内，与地球相似，但表面环境恶劣。它在同类天体中最突出的特征是红色的外观和表面的火山活动。它是一颗在太阳系中相对较近的行星，其表面特征与地球有相似之处，但气候极端，昼夜温差大。在这类天体中，它以其独特的红色外表和频繁的火山喷发而著称。玩家3说：这是一个围绕地球旋转的天体，它的表面通常覆盖着岩石和尘埃。在同类天体中，它最突出的不同特征是它对地球的潮汐影响。它是一颗在夜空中定期变化亮度，形状各异的天体，其周期性的变化在同类天体中独一无二。玩家4说：这是一颗环绕地球运行的天体，表面主要是岩石和尘埃构成。它在同类天体中最突出的不同特征是它对地球的潮汐现象产生显著影响。||在这个游戏中，我们需要通过分析每位玩家的描述来找出卧底。通常，平民的描述会围绕相同的词语展开，而卧底的描述可能会因为词语的不同而显得不太一致。我们需要仔细比较每个描述之间的相似性和差异性，以找出可能的卧底，注意，卧底并不会隐藏自己，他会直接描述他的词语，现在，逐一分析每个玩家的描述，注意，这局游戏的词语分类为<天文>，卧底词和平民词都属于该类。||之前是第2轮描述和之前轮数描述的合集。你之前认为的卧底是玩家2。
2024-12-12 22:10:31,069 - 1 - INFO - **********PLAYER1**********
根据第二轮描述和之前轮数的描述，我的推断如下：

- 玩家1的描述与月亮的特征非常吻合，没有出现不一致之处。
- 玩家2的描述虽然提到了红色行星和火山活动，但在第二轮描述中，他进一步强调了这颗行星的独特外表和频繁的火山喷发，这与火星的特征更为接近，而不是月亮。
- 玩家3的描述虽然也提到了围绕地球旋转的天体和对地球的潮汐影响，但他强调的是天体的周期性亮度变化，这与月亮的圆缺变化特征相符。
- 玩家4的描述与玩家3的描述相似，同样提到了环绕地球运行的天体和对地球的潮汐影响，但同样强调了天体的亮度变化。

综合以上信息，玩家2的描述虽然包含了一些与月亮不同的特征，但第二轮描述中他对火星特征的强调似乎更为明显。因此，我仍然认为玩家2可能是卧底。
2024-12-12 22:10:31,070 - 1 - INFO - **********JUDGER**********
你刚刚的分析是根据第二轮描述和之前轮数的描述，我的推断如下：

- 玩家1的描述与月亮的特征非常吻合，没有出现不一致之处。
- 玩家2的描述虽然提到了红色行星和火山活动，但在第二轮描述中，他进一步强调了这颗行星的独特外表和频繁的火山喷发，这与火星的特征更为接近，而不是月亮。
- 玩家3的描述虽然也提到了围绕地球旋转的天体和对地球的潮汐影响，但他强调的是天体的周期性亮度变化，这与月亮的圆缺变化特征相符。
- 玩家4的描述与玩家3的描述相似，同样提到了环绕地球运行的天体和对地球的潮汐影响，但同样强调了天体的亮度变化。

综合以上信息，玩家2的描述虽然包含了一些与月亮不同的特征，但第二轮描述中他对火星特征的强调似乎更为明显。因此，我仍然认为玩家2可能是卧底。|| `请根据上述分析，比较描述以找出不一致之处，注意，这局游戏的词语分类为<天文>，卧底词和平民词都属于该类。
2024-12-12 22:10:34,930 - 1 - INFO - **********PLAYER1**********
根据上述分析，以下是不一致之处：

1. 玩家2的描述中，提到了“红色的行星”和“表面的火山活动”，这与月亮的特征不符。月亮没有红色的外观，也没有火山活动。

2. 玩家3和玩家4的描述都强调了天体对地球的潮汐影响，以及天体的亮度变化。这些特征与月亮的圆缺变化有关，但玩家2的描述并没有提到这些特征。

3. 玩家1的描述则直接提到了月亮的周期性圆缺变化，这与玩家2、玩家3和玩家4的描述不一致。

综上所述，玩家2的描述在特征上与月亮不匹配，而其他玩家的描述则更符合月亮这一天文词语的特征。因此，玩家2的描述在一致性上与其他玩家存在明显的不一致。
2024-12-12 22:10:34,932 - 1 - INFO - **********JUDGER**********
你刚刚的分析是根据上述分析，以下是不一致之处：

1. 玩家2的描述中，提到了“红色的行星”和“表面的火山活动”，这与月亮的特征不符。月亮没有红色的外观，也没有火山活动。

2. 玩家3和玩家4的描述都强调了天体对地球的潮汐影响，以及天体的亮度变化。这些特征与月亮的圆缺变化有关，但玩家2的描述并没有提到这些特征。

3. 玩家1的描述则直接提到了月亮的周期性圆缺变化，这与玩家2、玩家3和玩家4的描述不一致。

综上所述，玩家2的描述在特征上与月亮不匹配，而其他玩家的描述则更符合月亮这一天文词语的特征。因此，玩家2的描述在一致性上与其他玩家存在明显的不一致。|| 请通过你分析的不一致之处，推断卧底身份，注意，这局游戏的词语分类为<天文>，卧底词和平民词都属于该类。
2024-12-12 22:10:35,538 - 1 - INFO - **********PLAYER1**********
2
2024-12-12 22:10:35,539 - 1 - INFO - **********JUDGER**********
你刚刚的推断是2|| 基于你刚刚的推断得出你的最终结论，请输出你认为的卧底，在这种情况下只需要输出编号，是1-4中的某个数字，不要输出其他信息。在这个过程不要进行任何推理，只对||以前的部分进行信息提取
2024-12-12 22:10:36,174 - 1 - INFO - **********PLAYER1**********
2
2024-12-12 22:11:27,260 - 1 - INFO - **********JUDGER**********
玩家1说：这是一个夜空中常见的天体，它通常呈现出圆盘状，夜晚亮度较高。在同类天体中，它以其周期性的圆缺变化而最为突出。它是一颗在夜空中定期变化形状的天体，其亮度在夜晚中较为明显，这种变化是它在同类天体中独有的特点。玩家2说：这是一颗红色的行星，位于太阳系内，与地球相似，但表面环境恶劣。它在同类天体中最突出的特征是红色的外观和表面的火山活动。它是一颗在太阳系中相对较近的行星，其表面特征与地球有相似之处，但气候极端，昼夜温差大。在这类天体中，它以其独特的红色外表和频繁的火山喷发而著称。玩家3说：这是一个围绕地球旋转的天体，它的表面通常覆盖着岩石和尘埃。在同类天体中，它最突出的不同特征是它对地球的潮汐影响。它是一颗在夜空中定期变化亮度，形状各异的天体，其周期性的变化在同类天体中独一无二。玩家4说：这是一颗环绕地球运行的天体，表面主要是岩石和尘埃构成。它在同类天体中最突出的不同特征是它对地球的潮汐现象产生显著影响。这是一颗在夜空中定期变化亮度，形状各异的天体，它的周期性变化在同类天体中独一无二，并且它的亮度在夜晚中非常明显。你是第1号玩家，你的关键词是<月亮>。你的回答中绝对不能包含你的关键词<月亮>。这是第三轮描述，你之前的描述是这是一个夜空中常见的天体，它通常呈现出圆盘状，夜晚亮度较高。在同类天体中，它以其周期性的圆缺变化而最为突出。和它是一颗在夜空中定期变化形状的天体，其亮度在夜晚中较为明显，这种变化是它在同类天体中独有的特点。，注意，这局游戏的词语分类为<天文>，卧底词和平民词都属于该类，请你补充关于关键词的描述，注意，你的描述应该比起之前的描述更加贴近关键词，作为之前的补充
2024-12-12 22:11:28,741 - 1 - INFO - **********PLAYER1**********
它是一颗在夜空中定期出现，形状会随时间变化的天体，其亮度在夜晚中很容易被观察到。
2024-12-12 22:11:33,983 - 1 - INFO - **********JUDGER**********
玩家1说：这是一个夜空中常见的天体，它通常呈现出圆盘状，夜晚亮度较高。在同类天体中，它以其周期性的圆缺变化而最为突出。它是一颗在夜空中定期变化形状的天体，其亮度在夜晚中较为明显，这种变化是它在同类天体中独有的特点。它是一颗在夜空中定期出现，形状会随时间变化的天体，其亮度在夜晚中很容易被观察到。玩家2说：这是一颗红色的行星，位于太阳系内，与地球相似，但表面环境恶劣。它在同类天体中最突出的特征是红色的外观和表面的火山活动。它是一颗在太阳系中相对较近的行星，其表面特征与地球有相似之处，但气候极端，昼夜温差大。在这类天体中，它以其独特的红色外表和频繁的火山喷发而著称。它是一颗在夜空中可见的行星，其表面特征包括沙丘和沙漠，以及稀薄的大气层。这颗行星的气候条件极端，有着显著的季节变化和强烈的温差。玩家3说：这是一个围绕地球旋转的天体，它的表面通常覆盖着岩石和尘埃。在同类天体中，它最突出的不同特征是它对地球的潮汐影响。它是一颗在夜空中定期变化亮度，形状各异的天体，其周期性的变化在同类天体中独一无二。它是一颗在夜空中定期变化亮度，且形状随着月相变化的天体，这种变化在同类天体中是非常特别的。玩家4说：这是一颗环绕地球运行的天体，表面主要是岩石和尘埃构成。它在同类天体中最突出的不同特征是它对地球的潮汐现象产生显著影响。这是一颗在夜空中定期变化亮度，形状各异的天体，它的周期性变化在同类天体中独一无二，并且它的亮度在夜晚中非常明显。这是一颗在夜空中定期变化亮度，形状各异的天体，其周期性变化在同类天体中独一无二，且这种变化在夜空中很容易被观察到。||在这个游戏中，我们需要通过分析每位玩家的描述来找出卧底。通常，平民的描述会围绕相同的词语展开，而卧底的描述可能会因为词语的不同而显得不太一致。我们需要仔细比较每个描述之间的相似性和差异性，以找出可能的卧底，注意，卧底并不会隐藏自己，他会直接描述他的词语，现在，逐一分析每个玩家的描述，注意，这局游戏的词语分类为<天文>，卧底词和平民词都属于该类。||之前是第3轮描述和之前轮数描述的合集。你之前认为的卧底是玩家2。
2024-12-12 22:11:42,204 - 1 - INFO - **********PLAYER1**********
基于第三轮描述和之前轮数的描述，以下是不一致之处：

1. 玩家1的描述多次强调了天体的圆缺变化和亮度变化，这与月亮的特征相符。

2. 玩家2的描述中，除了提到红色的外观和火山活动，还提到了沙丘、沙漠和稀薄的大气层，这些特征与月亮不符，更像是描述火星。

3. 玩家3的描述中，虽然提到了天体的周期性变化和潮汐影响，但他强调的是天体形状的变化，这与月亮的圆缺变化相似，但没有提到红色或火山活动。

4. 玩家4的描述与玩家3相似，也提到了天体的周期性变化和潮汐影响，但没有提到红色或火山活动。

综合这些信息，玩家2的描述与月亮的特征不匹配，而是更接近火星的特征。因此，我仍然认为玩家2可能是卧底。
2024-12-12 22:11:42,205 - 1 - INFO - **********JUDGER**********
你刚刚的分析是基于第三轮描述和之前轮数的描述，以下是不一致之处：

1. 玩家1的描述多次强调了天体的圆缺变化和亮度变化，这与月亮的特征相符。

2. 玩家2的描述中，除了提到红色的外观和火山活动，还提到了沙丘、沙漠和稀薄的大气层，这些特征与月亮不符，更像是描述火星。

3. 玩家3的描述中，虽然提到了天体的周期性变化和潮汐影响，但他强调的是天体形状的变化，这与月亮的圆缺变化相似，但没有提到红色或火山活动。

4. 玩家4的描述与玩家3相似，也提到了天体的周期性变化和潮汐影响，但没有提到红色或火山活动。

综合这些信息，玩家2的描述与月亮的特征不匹配，而是更接近火星的特征。因此，我仍然认为玩家2可能是卧底。|| `请根据上述分析，比较描述以找出不一致之处，注意，这局游戏的词语分类为<天文>，卧底词和平民词都属于该类。
2024-12-12 22:11:46,857 - 1 - INFO - **********PLAYER1**********
不一致之处如下：

1. 玩家2的描述中提到了“红色的外观”和“表面的火山活动”，这些特征与月亮不符，因为月亮没有红色外观，也没有火山活动。

2. 玩家2还提到了“沙丘”和“沙漠”，以及“稀薄的大气层”，这些特征也与月亮不符，因为月亮没有这些地表特征。

3. 玩家1、玩家3和玩家4的描述都集中在天体的周期性变化和潮汐影响上，但没有提到红色外观、火山活动、沙丘、沙漠或稀薄大气层。

因此，玩家2的描述在特征上与月亮不一致，而其他玩家的描述则更符合月亮这一天文词语的特征。
2024-12-12 22:11:46,857 - 1 - INFO - **********JUDGER**********
你刚刚的分析是不一致之处如下：

1. 玩家2的描述中提到了“红色的外观”和“表面的火山活动”，这些特征与月亮不符，因为月亮没有红色外观，也没有火山活动。

2. 玩家2还提到了“沙丘”和“沙漠”，以及“稀薄的大气层”，这些特征也与月亮不符，因为月亮没有这些地表特征。

3. 玩家1、玩家3和玩家4的描述都集中在天体的周期性变化和潮汐影响上，但没有提到红色外观、火山活动、沙丘、沙漠或稀薄大气层。

因此，玩家2的描述在特征上与月亮不一致，而其他玩家的描述则更符合月亮这一天文词语的特征。|| 请通过你分析的不一致之处，推断卧底身份，注意，这局游戏的词语分类为<天文>，卧底词和平民词都属于该类。
2024-12-12 22:11:47,867 - 1 - INFO - **********PLAYER1**********
2
2024-12-12 22:11:47,867 - 1 - INFO - **********JUDGER**********
你刚刚的推断是2|| 基于你刚刚的推断得出你的最终结论，请输出你认为的卧底，在这种情况下只需要输出编号，是1-4中的某个数字，不要输出其他信息。在这个过程不要进行任何推理，只对||以前的部分进行信息提取
2024-12-12 22:11:48,672 - 1 - INFO - **********PLAYER1**********
2
