2024-12-12 22:08:53,243 - 2 - INFO - **********JUDGER**********
让我们来玩一个叫做<谁是卧底>的推理游戏。基本规则：<人数>：4人。<角色分配>：每位玩家随机抽取一个词语，3名玩家拿到的词语是相同的（平民词），1名玩家拿到与之相近但不同的词语（卧底词）。<游戏流程>：1、玩家轮流描述自己的词语，但<不能>直接说出词语本身。2、描述完毕后，投票选出最像卧底的玩家。3、每轮结束后，被投票选出的玩家出局，不能再进行描述或投票。4、每轮投票结束后，如果卧底被成功找出，平民方获胜；如果卧底未被找出且卧底人数等于或超过平民人数，则卧底方获胜。你将扮演一个<玩家>，请等待你被分配到的关键词。如果你听懂了，只回答，"好的，我准备好参加游戏了"，不要输出别的信息
2024-12-12 22:08:53,945 - 2 - INFO - **********PLAYER2**********
好的，我准备好参加游戏了
2024-12-12 22:08:59,740 - 2 - INFO - **********JUDGER**********
玩家1说：这是一个夜空中常见的天体，它通常呈现出圆盘状，夜晚亮度较高。在同类天体中，它以其周期性的圆缺变化而最为突出。玩家2说：玩家3说：玩家4说：|| 你是第2号玩家，你的关键词是<火星>。你的回答中绝对不能包含你的关键词<火星>。这是第一轮描述，不需要分析||之前别的玩家的描述，请你描述关键词基本特征，注意，这局游戏的词语分类为<天文>，卧底词和平民词都属于该类，描述包括以下两点，1.他的基本特征是什么2.他在该类（天文）中最突出不同的特征是什么，尽量简短
2024-12-12 22:09:01,427 - 2 - INFO - **********PLAYER2**********
这是一颗红色的行星，位于太阳系内，与地球相似，但表面环境恶劣。它在同类天体中最突出的特征是红色的外观和表面的火山活动。
2024-12-12 22:09:18,566 - 2 - INFO - **********JUDGER**********
玩家1说：这是一个夜空中常见的天体，它通常呈现出圆盘状，夜晚亮度较高。在同类天体中，它以其周期性的圆缺变化而最为突出。玩家2说：这是一颗红色的行星，位于太阳系内，与地球相似，但表面环境恶劣。它在同类天体中最突出的特征是红色的外观和表面的火山活动。玩家3说：这是一个围绕地球旋转的天体，它的表面通常覆盖着岩石和尘埃。在同类天体中，它最突出的不同特征是它对地球的潮汐影响。玩家4说：||在这个游戏中，我们需要通过分析每位玩家的描述来找出卧底。通常，平民的描述会围绕相同的词语展开，而卧底的描述可能会因为词语的不同而显得不太一致。我们需要仔细比较每个描述之间的相似性和差异性，以找出可能的卧底，注意，卧底并不会隐藏自己，他会直接描述他的词语，现在，逐一分析每个玩家的描述，注意，这局游戏的词语分类为<天文>，卧底词和平民词都属于该类。这是第一轮描述。
2024-12-12 22:09:26,196 - 2 - INFO - **********PLAYER2**********
玩家1的描述符合月亮的特征，因为它确实是一个夜空中常见的天体，呈圆盘状，夜晚亮度较高，并且以其周期性的圆缺变化而最为突出。

玩家2的描述与火星的特征相符，因为它提到了红色的行星，位于太阳系内，与地球相似但表面环境恶劣，以及红色的外观和火山活动。

玩家3的描述听起来像是描述月球，因为它提到了围绕地球旋转的天体，表面覆盖岩石和尘埃，以及对地球的潮汐影响。

玩家4的描述似乎是在提供游戏规则和提示，而不是在描述一个天文天体。

根据这些描述，玩家4可能是卧底，因为他的描述没有直接指向任何特定的天文天体，而是提供了游戏的分析和提示。其他玩家的描述都指向了特定的天文天体，而玩家4的描述与他们的描述不符。
2024-12-12 22:09:26,197 - 2 - INFO - **********JUDGER**********
你刚刚的分析是玩家1的描述符合月亮的特征，因为它确实是一个夜空中常见的天体，呈圆盘状，夜晚亮度较高，并且以其周期性的圆缺变化而最为突出。

玩家2的描述与火星的特征相符，因为它提到了红色的行星，位于太阳系内，与地球相似但表面环境恶劣，以及红色的外观和火山活动。

玩家3的描述听起来像是描述月球，因为它提到了围绕地球旋转的天体，表面覆盖岩石和尘埃，以及对地球的潮汐影响。

玩家4的描述似乎是在提供游戏规则和提示，而不是在描述一个天文天体。

根据这些描述，玩家4可能是卧底，因为他的描述没有直接指向任何特定的天文天体，而是提供了游戏的分析和提示。其他玩家的描述都指向了特定的天文天体，而玩家4的描述与他们的描述不符。|| `请根据上述分析，比较描述以找出不一致之处，注意，这局游戏的词语分类为<天文>，卧底词和平民词都属于该类。
2024-12-12 22:09:32,106 - 2 - INFO - **********PLAYER2**********
根据上述分析，我们可以比较描述中的不一致之处如下：

1. 玩家1的描述提到了“周期性的圆缺变化”，这是月亮的典型特征。
2. 玩家2的描述提到了“红色的行星”和“火山活动”，这是火星的典型特征。
3. 玩家3的描述提到了“围绕地球旋转的天体”和“对地球的潮汐影响”，这与月球的特征相符。
4. 玩家4的描述没有具体指向任何一个特定的天文天体，而是提供了游戏规则和提示。

不一致之处在于，玩家1、2和3的描述都指向了具体的天体（月亮、火星、月球），而玩家4的描述则与他们的描述不同，没有描述具体的天体特征。这表明玩家4的描述可能是在提供游戏分析，而不是在描述一个天文天体，因此玩家4的描述与其他玩家的描述不一致，可能是卧底。其他玩家的描述都在同一个词语分类（天文）内，而玩家4的描述则跳出了这个范围。
2024-12-12 22:09:32,108 - 2 - INFO - **********JUDGER**********
你刚刚的分析是根据上述分析，我们可以比较描述中的不一致之处如下：

1. 玩家1的描述提到了“周期性的圆缺变化”，这是月亮的典型特征。
2. 玩家2的描述提到了“红色的行星”和“火山活动”，这是火星的典型特征。
3. 玩家3的描述提到了“围绕地球旋转的天体”和“对地球的潮汐影响”，这与月球的特征相符。
4. 玩家4的描述没有具体指向任何一个特定的天文天体，而是提供了游戏规则和提示。

不一致之处在于，玩家1、2和3的描述都指向了具体的天体（月亮、火星、月球），而玩家4的描述则与他们的描述不同，没有描述具体的天体特征。这表明玩家4的描述可能是在提供游戏分析，而不是在描述一个天文天体，因此玩家4的描述与其他玩家的描述不一致，可能是卧底。其他玩家的描述都在同一个词语分类（天文）内，而玩家4的描述则跳出了这个范围。|| 请通过你分析的不一致之处，推断卧底身份，注意，这局游戏的词语分类为<天文>，卧底词和平民词都属于该类。
2024-12-12 22:09:36,639 - 2 - INFO - **********PLAYER2**********
根据分析中提到的不一致之处，我们可以推断以下情况：

- 玩家1的描述指向了月亮。
- 玩家2的描述指向了火星。
- 玩家3的描述指向了月球。

这三位玩家的描述都明确指向了特定的天文天体，并且这些描述都在同一个词语分类（天文）内。

玩家4的描述则不同，他没有描述具体的天体特征，而是提供了游戏规则和提示。这表明玩家4的描述与天文天体的特征无关，而是与游戏本身有关。

因此，结合游戏规则和词语分类，我们可以推断玩家4是卧底，因为他的描述与其他玩家的描述不一致，且没有遵循游戏规定的天文词语分类。玩家4的卧底词可能是一个与天文无关的词语，或者是一个与描述中的天体特征完全不相关的词语。
2024-12-12 22:09:36,641 - 2 - INFO - **********JUDGER**********
你刚刚的推断是根据分析中提到的不一致之处，我们可以推断以下情况：

- 玩家1的描述指向了月亮。
- 玩家2的描述指向了火星。
- 玩家3的描述指向了月球。

这三位玩家的描述都明确指向了特定的天文天体，并且这些描述都在同一个词语分类（天文）内。

玩家4的描述则不同，他没有描述具体的天体特征，而是提供了游戏规则和提示。这表明玩家4的描述与天文天体的特征无关，而是与游戏本身有关。

因此，结合游戏规则和词语分类，我们可以推断玩家4是卧底，因为他的描述与其他玩家的描述不一致，且没有遵循游戏规定的天文词语分类。玩家4的卧底词可能是一个与天文无关的词语，或者是一个与描述中的天体特征完全不相关的词语。|| 基于你刚刚的推断得出你的最终结论，请输出你认为的卧底，在这种情况下只需要输出编号，是1-4中的某个数字，不要输出其他信息。在这个过程不要进行任何推理，只对||以前的部分进行信息提取
2024-12-12 22:09:37,093 - 2 - INFO - **********PLAYER2**********
4
2024-12-12 22:10:17,937 - 2 - INFO - **********JUDGER**********
玩家1说：这是一个夜空中常见的天体，它通常呈现出圆盘状，夜晚亮度较高。在同类天体中，它以其周期性的圆缺变化而最为突出。它是一颗在夜空中定期变化形状的天体，其亮度在夜晚中较为明显，这种变化是它在同类天体中独有的特点。玩家2说：这是一颗红色的行星，位于太阳系内，与地球相似，但表面环境恶劣。它在同类天体中最突出的特征是红色的外观和表面的火山活动。玩家3说：这是一个围绕地球旋转的天体，它的表面通常覆盖着岩石和尘埃。在同类天体中，它最突出的不同特征是它对地球的潮汐影响。玩家4说：这是一颗环绕地球运行的天体，表面主要是岩石和尘埃构成。它在同类天体中最突出的不同特征是它对地球的潮汐现象产生显著影响。你是第2号玩家，你的关键词是<火星>。你的回答中绝对不能包含你的关键词<火星>。这是第二轮描述，你之前的描述是这是一颗红色的行星，位于太阳系内，与地球相似，但表面环境恶劣。它在同类天体中最突出的特征是红色的外观和表面的火山活动。，注意，这局游戏的词语分类为<天文>，卧底词和平民词都属于该类，请你补充关于关键词的描述，注意，你的描述应该比起之前的描述更加贴近关键词，作为之前的补充
2024-12-12 22:10:21,846 - 2 - INFO - **********PLAYER2**********
它是一颗在太阳系中相对较近的行星，其表面特征与地球有相似之处，但气候极端，昼夜温差大。在这类天体中，它以其独特的红色外表和频繁的火山喷发而著称。
2024-12-12 22:10:36,175 - 2 - INFO - **********JUDGER**********
玩家1说：这是一个夜空中常见的天体，它通常呈现出圆盘状，夜晚亮度较高。在同类天体中，它以其周期性的圆缺变化而最为突出。它是一颗在夜空中定期变化形状的天体，其亮度在夜晚中较为明显，这种变化是它在同类天体中独有的特点。玩家2说：这是一颗红色的行星，位于太阳系内，与地球相似，但表面环境恶劣。它在同类天体中最突出的特征是红色的外观和表面的火山活动。它是一颗在太阳系中相对较近的行星，其表面特征与地球有相似之处，但气候极端，昼夜温差大。在这类天体中，它以其独特的红色外表和频繁的火山喷发而著称。玩家3说：这是一个围绕地球旋转的天体，它的表面通常覆盖着岩石和尘埃。在同类天体中，它最突出的不同特征是它对地球的潮汐影响。它是一颗在夜空中定期变化亮度，形状各异的天体，其周期性的变化在同类天体中独一无二。玩家4说：这是一颗环绕地球运行的天体，表面主要是岩石和尘埃构成。它在同类天体中最突出的不同特征是它对地球的潮汐现象产生显著影响。||在这个游戏中，我们需要通过分析每位玩家的描述来找出卧底。通常，平民的描述会围绕相同的词语展开，而卧底的描述可能会因为词语的不同而显得不太一致。我们需要仔细比较每个描述之间的相似性和差异性，以找出可能的卧底，注意，卧底并不会隐藏自己，他会直接描述他的词语，现在，逐一分析每个玩家的描述，注意，这局游戏的词语分类为<天文>，卧底词和平民词都属于该类。||之前是第2轮描述和之前轮数描述的合集。你之前认为的卧底是玩家4。
2024-12-12 22:10:45,504 - 2 - INFO - **********PLAYER2**********
根据第二轮描述和之前的分析，玩家1、2和3的描述都指向了月球，而玩家4的描述提到了环绕地球运行的天体，表面主要是岩石和尘埃构成，并强调了它对地球的潮汐现象产生显著影响。

虽然玩家4的描述中提到了潮汐现象，但这个特征并不是月球独有的，因为地球上的潮汐现象也是由月球引起的。因此，玩家4的描述虽然与月球有关，但没有提供足够的独特特征来区分它和月球的描述。

然而，玩家4的描述与玩家1、2和3的描述在细节上有所不同，尤其是没有提到“红色外观”和“火山活动”，这两个特征在玩家2的描述中被明确提及，而在玩家1和玩家3的描述中也有所暗示。

基于这些信息，如果之前认为玩家4是卧底，那么现在依然可以保持这个观点，因为玩家4的描述虽然包含了月球的一些特征，但没有提供足够的独特性来排除它是卧底的可能性。同时，玩家4的描述与玩家1、2和3的描述在细节上存在差异，这增加了玩家4是卧底的可能性。

因此，我的最终结论仍然是玩家4可能是卧底。
2024-12-12 22:10:45,505 - 2 - INFO - **********JUDGER**********
你刚刚的分析是根据第二轮描述和之前的分析，玩家1、2和3的描述都指向了月球，而玩家4的描述提到了环绕地球运行的天体，表面主要是岩石和尘埃构成，并强调了它对地球的潮汐现象产生显著影响。

虽然玩家4的描述中提到了潮汐现象，但这个特征并不是月球独有的，因为地球上的潮汐现象也是由月球引起的。因此，玩家4的描述虽然与月球有关，但没有提供足够的独特特征来区分它和月球的描述。

然而，玩家4的描述与玩家1、2和3的描述在细节上有所不同，尤其是没有提到“红色外观”和“火山活动”，这两个特征在玩家2的描述中被明确提及，而在玩家1和玩家3的描述中也有所暗示。

基于这些信息，如果之前认为玩家4是卧底，那么现在依然可以保持这个观点，因为玩家4的描述虽然包含了月球的一些特征，但没有提供足够的独特性来排除它是卧底的可能性。同时，玩家4的描述与玩家1、2和3的描述在细节上存在差异，这增加了玩家4是卧底的可能性。

因此，我的最终结论仍然是玩家4可能是卧底。|| `请根据上述分析，比较描述以找出不一致之处，注意，这局游戏的词语分类为<天文>，卧底词和平民词都属于该类。
2024-12-12 22:10:50,352 - 2 - INFO - **********PLAYER2**********
根据上述分析，以下是不一致之处：

1. 玩家1、2和3的描述都指向了月球，强调了月球的圆缺变化、红色外观、火山活动和潮汐影响。

2. 玩家4的描述虽然也提到了环绕地球运行的天体和潮汐现象，但没有提及月球的红色外观和火山活动。

3. 玩家4的描述中提到的是“表面主要是岩石和尘埃构成”，而玩家1、2和3的描述中并没有特别强调这一点，而是更多地集中在月球的特殊特征上。

4. 玩家4的描述中没有提到“周期性的圆缺变化”，这是玩家1描述中月球的一个关键特征。

这些不一致之处表明玩家4的描述可能与其他玩家描述的月球特征有所不同，因此可能是卧底。
2024-12-12 22:10:50,353 - 2 - INFO - **********JUDGER**********
你刚刚的分析是根据上述分析，以下是不一致之处：

1. 玩家1、2和3的描述都指向了月球，强调了月球的圆缺变化、红色外观、火山活动和潮汐影响。

2. 玩家4的描述虽然也提到了环绕地球运行的天体和潮汐现象，但没有提及月球的红色外观和火山活动。

3. 玩家4的描述中提到的是“表面主要是岩石和尘埃构成”，而玩家1、2和3的描述中并没有特别强调这一点，而是更多地集中在月球的特殊特征上。

4. 玩家4的描述中没有提到“周期性的圆缺变化”，这是玩家1描述中月球的一个关键特征。

这些不一致之处表明玩家4的描述可能与其他玩家描述的月球特征有所不同，因此可能是卧底。|| 请通过你分析的不一致之处，推断卧底身份，注意，这局游戏的词语分类为<天文>，卧底词和平民词都属于该类。
2024-12-12 22:10:52,829 - 2 - INFO - **********PLAYER2**********
根据分析的不一致之处，可以推断卧底身份为玩家4。因为其他玩家的描述都集中指向了月球，而玩家4的描述虽然提到了环绕地球运行的天体和对地球的潮汐影响，但没有提到月球的其他特征，如红色外观、火山活动和周期性的圆缺变化。这表明玩家4的描述可能指向的是另一个与月球不同的天文天体，因此玩家4很可能是卧底。
2024-12-12 22:10:52,829 - 2 - INFO - **********JUDGER**********
你刚刚的推断是根据分析的不一致之处，可以推断卧底身份为玩家4。因为其他玩家的描述都集中指向了月球，而玩家4的描述虽然提到了环绕地球运行的天体和对地球的潮汐影响，但没有提到月球的其他特征，如红色外观、火山活动和周期性的圆缺变化。这表明玩家4的描述可能指向的是另一个与月球不同的天文天体，因此玩家4很可能是卧底。|| 基于你刚刚的推断得出你的最终结论，请输出你认为的卧底，在这种情况下只需要输出编号，是1-4中的某个数字，不要输出其他信息。在这个过程不要进行任何推理，只对||以前的部分进行信息提取
2024-12-12 22:10:53,696 - 2 - INFO - **********PLAYER2**********
4
2024-12-12 22:11:28,742 - 2 - INFO - **********JUDGER**********
玩家1说：这是一个夜空中常见的天体，它通常呈现出圆盘状，夜晚亮度较高。在同类天体中，它以其周期性的圆缺变化而最为突出。它是一颗在夜空中定期变化形状的天体，其亮度在夜晚中较为明显，这种变化是它在同类天体中独有的特点。它是一颗在夜空中定期出现，形状会随时间变化的天体，其亮度在夜晚中很容易被观察到。玩家2说：这是一颗红色的行星，位于太阳系内，与地球相似，但表面环境恶劣。它在同类天体中最突出的特征是红色的外观和表面的火山活动。它是一颗在太阳系中相对较近的行星，其表面特征与地球有相似之处，但气候极端，昼夜温差大。在这类天体中，它以其独特的红色外表和频繁的火山喷发而著称。玩家3说：这是一个围绕地球旋转的天体，它的表面通常覆盖着岩石和尘埃。在同类天体中，它最突出的不同特征是它对地球的潮汐影响。它是一颗在夜空中定期变化亮度，形状各异的天体，其周期性的变化在同类天体中独一无二。玩家4说：这是一颗环绕地球运行的天体，表面主要是岩石和尘埃构成。它在同类天体中最突出的不同特征是它对地球的潮汐现象产生显著影响。这是一颗在夜空中定期变化亮度，形状各异的天体，它的周期性变化在同类天体中独一无二，并且它的亮度在夜晚中非常明显。你是第2号玩家，你的关键词是<火星>。你的回答中绝对不能包含你的关键词<火星>。这是第三轮描述，你之前的描述是这是一颗红色的行星，位于太阳系内，与地球相似，但表面环境恶劣。它在同类天体中最突出的特征是红色的外观和表面的火山活动。和它是一颗在太阳系中相对较近的行星，其表面特征与地球有相似之处，但气候极端，昼夜温差大。在这类天体中，它以其独特的红色外表和频繁的火山喷发而著称。，注意，这局游戏的词语分类为<天文>，卧底词和平民词都属于该类，请你补充关于关键词的描述，注意，你的描述应该比起之前的描述更加贴近关键词，作为之前的补充
2024-12-12 22:11:30,873 - 2 - INFO - **********PLAYER2**********
它是一颗在夜空中可见的行星，其表面特征包括沙丘和沙漠，以及稀薄的大气层。这颗行星的气候条件极端，有着显著的季节变化和强烈的温差。
2024-12-12 22:11:48,673 - 2 - INFO - **********JUDGER**********
玩家1说：这是一个夜空中常见的天体，它通常呈现出圆盘状，夜晚亮度较高。在同类天体中，它以其周期性的圆缺变化而最为突出。它是一颗在夜空中定期变化形状的天体，其亮度在夜晚中较为明显，这种变化是它在同类天体中独有的特点。它是一颗在夜空中定期出现，形状会随时间变化的天体，其亮度在夜晚中很容易被观察到。玩家2说：这是一颗红色的行星，位于太阳系内，与地球相似，但表面环境恶劣。它在同类天体中最突出的特征是红色的外观和表面的火山活动。它是一颗在太阳系中相对较近的行星，其表面特征与地球有相似之处，但气候极端，昼夜温差大。在这类天体中，它以其独特的红色外表和频繁的火山喷发而著称。它是一颗在夜空中可见的行星，其表面特征包括沙丘和沙漠，以及稀薄的大气层。这颗行星的气候条件极端，有着显著的季节变化和强烈的温差。玩家3说：这是一个围绕地球旋转的天体，它的表面通常覆盖着岩石和尘埃。在同类天体中，它最突出的不同特征是它对地球的潮汐影响。它是一颗在夜空中定期变化亮度，形状各异的天体，其周期性的变化在同类天体中独一无二。它是一颗在夜空中定期变化亮度，且形状随着月相变化的天体，这种变化在同类天体中是非常特别的。玩家4说：这是一颗环绕地球运行的天体，表面主要是岩石和尘埃构成。它在同类天体中最突出的不同特征是它对地球的潮汐现象产生显著影响。这是一颗在夜空中定期变化亮度，形状各异的天体，它的周期性变化在同类天体中独一无二，并且它的亮度在夜晚中非常明显。这是一颗在夜空中定期变化亮度，形状各异的天体，其周期性变化在同类天体中独一无二，且这种变化在夜空中很容易被观察到。||在这个游戏中，我们需要通过分析每位玩家的描述来找出卧底。通常，平民的描述会围绕相同的词语展开，而卧底的描述可能会因为词语的不同而显得不太一致。我们需要仔细比较每个描述之间的相似性和差异性，以找出可能的卧底，注意，卧底并不会隐藏自己，他会直接描述他的词语，现在，逐一分析每个玩家的描述，注意，这局游戏的词语分类为<天文>，卧底词和平民词都属于该类。||之前是第3轮描述和之前轮数描述的合集。你之前认为的卧底是玩家4。
2024-12-12 22:11:55,043 - 2 - INFO - **********PLAYER2**********
根据第三轮描述和之前的分析，以下是每位玩家的描述与月球特征的一致性：

1. 玩家1的描述与月球特征非常一致，强调了月球的圆缺变化、亮度变化以及夜空中容易观察到的特点。

2. 玩家2的描述同样与月球特征一致，提到了月球的红色外观、火山活动、沙丘和沙漠，以及气候条件。

3. 玩家3的描述也指向了月球，提到了月球的岩石和尘埃表面、潮汐影响以及周期性的亮度变化。

4. 玩家4的描述虽然多次提到了周期性变化和亮度变化，但没有特别强调月球的红色外观、火山活动或沙丘和沙漠等特征，而是更侧重于天体的亮度变化和形状变化。

基于这些描述，玩家4的描述与其他玩家的描述相比，在细节上存在一定的差异，尤其是没有提及月球的一些显著特征。因此，如果之前认为玩家4是卧底，那么这个观点在第三轮描述中依然成立，因为玩家4的描述与其他玩家的描述在细节上不太一致，这增加了他是卧底的可能性。

因此，我的最终结论仍然是玩家4可能是卧底。
2024-12-12 22:11:55,043 - 2 - INFO - **********JUDGER**********
你刚刚的分析是根据第三轮描述和之前的分析，以下是每位玩家的描述与月球特征的一致性：

1. 玩家1的描述与月球特征非常一致，强调了月球的圆缺变化、亮度变化以及夜空中容易观察到的特点。

2. 玩家2的描述同样与月球特征一致，提到了月球的红色外观、火山活动、沙丘和沙漠，以及气候条件。

3. 玩家3的描述也指向了月球，提到了月球的岩石和尘埃表面、潮汐影响以及周期性的亮度变化。

4. 玩家4的描述虽然多次提到了周期性变化和亮度变化，但没有特别强调月球的红色外观、火山活动或沙丘和沙漠等特征，而是更侧重于天体的亮度变化和形状变化。

基于这些描述，玩家4的描述与其他玩家的描述相比，在细节上存在一定的差异，尤其是没有提及月球的一些显著特征。因此，如果之前认为玩家4是卧底，那么这个观点在第三轮描述中依然成立，因为玩家4的描述与其他玩家的描述在细节上不太一致，这增加了他是卧底的可能性。

因此，我的最终结论仍然是玩家4可能是卧底。|| `请根据上述分析，比较描述以找出不一致之处，注意，这局游戏的词语分类为<天文>，卧底词和平民词都属于该类。
2024-12-12 22:12:01,900 - 2 - INFO - **********PLAYER2**********
根据上述分析，不一致之处如下：

1. 玩家1、2和3的描述都提到了月球的显著特征，如圆缺变化、红色外观、火山活动、沙丘和沙漠、岩石和尘埃表面以及潮汐影响。

2. 玩家4的描述虽然也提到了周期性变化和亮度变化，但没有提及红色外观、火山活动、沙丘和沙漠、岩石和尘埃表面以及潮汐影响这些特征。

3. 玩家4的描述更侧重于天体的亮度变化和形状变化，而没有像其他玩家那样详细描述月球的特定特征。

这些不一致之处表明玩家4的描述在细节上与其他玩家的描述有所不同，特别是在描述月球的具体特征上，这可能是由于玩家4的词语与月球不同，因此玩家4可能是卧底。
2024-12-12 22:12:01,901 - 2 - INFO - **********JUDGER**********
你刚刚的分析是根据上述分析，不一致之处如下：

1. 玩家1、2和3的描述都提到了月球的显著特征，如圆缺变化、红色外观、火山活动、沙丘和沙漠、岩石和尘埃表面以及潮汐影响。

2. 玩家4的描述虽然也提到了周期性变化和亮度变化，但没有提及红色外观、火山活动、沙丘和沙漠、岩石和尘埃表面以及潮汐影响这些特征。

3. 玩家4的描述更侧重于天体的亮度变化和形状变化，而没有像其他玩家那样详细描述月球的特定特征。

这些不一致之处表明玩家4的描述在细节上与其他玩家的描述有所不同，特别是在描述月球的具体特征上，这可能是由于玩家4的词语与月球不同，因此玩家4可能是卧底。|| 请通过你分析的不一致之处，推断卧底身份，注意，这局游戏的词语分类为<天文>，卧底词和平民词都属于该类。
2024-12-12 22:12:02,865 - 2 - INFO - **********PLAYER2**********
4
2024-12-12 22:12:02,866 - 2 - INFO - **********JUDGER**********
你刚刚的推断是4|| 基于你刚刚的推断得出你的最终结论，请输出你认为的卧底，在这种情况下只需要输出编号，是1-4中的某个数字，不要输出其他信息。在这个过程不要进行任何推理，只对||以前的部分进行信息提取
2024-12-12 22:12:03,890 - 2 - INFO - **********PLAYER2**********
4
