2024-12-12 22:08:54,472 - 3 - INFO - **********JUDGER**********
让我们来玩一个叫做<谁是卧底>的推理游戏。基本规则：<人数>：4人。<角色分配>：每位玩家随机抽取一个词语，3名玩家拿到的词语是相同的（平民词），1名玩家拿到与之相近但不同的词语（卧底词）。<游戏流程>：1、玩家轮流描述自己的词语，但<不能>直接说出词语本身。2、描述完毕后，投票选出最像卧底的玩家。3、每轮结束后，被投票选出的玩家出局，不能再进行描述或投票。4、每轮投票结束后，如果卧底被成功找出，平民方获胜；如果卧底未被找出且卧底人数等于或超过平民人数，则卧底方获胜。你将扮演一个<玩家>，请等待你被分配到的关键词。如果你听懂了，只回答，"好的，我准备好参加游戏了"，不要输出别的信息
2024-12-12 22:08:54,979 - 3 - INFO - **********PLAYER3**********
好的，我准备好参加游戏了
2024-12-12 22:09:01,428 - 3 - INFO - **********JUDGER**********
玩家1说：这是一个夜空中常见的天体，它通常呈现出圆盘状，夜晚亮度较高。在同类天体中，它以其周期性的圆缺变化而最为突出。玩家2说：这是一颗红色的行星，位于太阳系内，与地球相似，但表面环境恶劣。它在同类天体中最突出的特征是红色的外观和表面的火山活动。玩家3说：玩家4说：|| 你是第3号玩家，你的关键词是<月亮>。你的回答中绝对不能包含你的关键词<月亮>。这是第一轮描述，不需要分析||之前别的玩家的描述，请你描述关键词基本特征，注意，这局游戏的词语分类为<天文>，卧底词和平民词都属于该类，描述包括以下两点，1.他的基本特征是什么2.他在该类（天文）中最突出不同的特征是什么，尽量简短
2024-12-12 22:09:03,119 - 3 - INFO - **********PLAYER3**********
这是一个围绕地球旋转的天体，它的表面通常覆盖着岩石和尘埃。在同类天体中，它最突出的不同特征是它对地球的潮汐影响。
2024-12-12 22:09:37,094 - 3 - INFO - **********JUDGER**********
玩家1说：这是一个夜空中常见的天体，它通常呈现出圆盘状，夜晚亮度较高。在同类天体中，它以其周期性的圆缺变化而最为突出。玩家2说：这是一颗红色的行星，位于太阳系内，与地球相似，但表面环境恶劣。它在同类天体中最突出的特征是红色的外观和表面的火山活动。玩家3说：这是一个围绕地球旋转的天体，它的表面通常覆盖着岩石和尘埃。在同类天体中，它最突出的不同特征是它对地球的潮汐影响。玩家4说：||在这个游戏中，我们需要通过分析每位玩家的描述来找出卧底。通常，平民的描述会围绕相同的词语展开，而卧底的描述可能会因为词语的不同而显得不太一致。我们需要仔细比较每个描述之间的相似性和差异性，以找出可能的卧底，注意，卧底并不会隐藏自己，他会直接描述他的词语，现在，逐一分析每个玩家的描述，注意，这局游戏的词语分类为<天文>，卧底词和平民词都属于该类。这是第一轮描述。
2024-12-12 22:09:45,563 - 3 - INFO - **********PLAYER3**********
好的，根据玩家们的描述，我们可以进行以下分析：

玩家1描述的是夜空中常见的圆盘状天体，具有周期性的圆缺变化，这与月亮的特征非常吻合。

玩家2描述的是一颗红色的行星，位于太阳系内，表面环境恶劣，有火山活动，这与火星的特征相符。

玩家3的描述与玩家1相似，提到了围绕地球旋转的天体和表面的岩石和尘埃，但特别强调了潮汐影响，这也是月亮的一个特征。

玩家4的描述则是在提醒我们如何分析游戏，并没有给出具体的描述，因此无法直接判断其是否为卧底。

从描述来看，玩家1和玩家3的描述非常接近，都与月亮有关，而玩家2的描述指向火星，与月亮和玩家1、3的描述有明显的不同。因此，玩家2可能是卧底，他的描述与平民的描述不一致，且指向了另一个天体。玩家4的描述没有提供足够的信息来判断其身份。
2024-12-12 22:09:45,564 - 3 - INFO - **********JUDGER**********
你刚刚的分析是好的，根据玩家们的描述，我们可以进行以下分析：

玩家1描述的是夜空中常见的圆盘状天体，具有周期性的圆缺变化，这与月亮的特征非常吻合。

玩家2描述的是一颗红色的行星，位于太阳系内，表面环境恶劣，有火山活动，这与火星的特征相符。

玩家3的描述与玩家1相似，提到了围绕地球旋转的天体和表面的岩石和尘埃，但特别强调了潮汐影响，这也是月亮的一个特征。

玩家4的描述则是在提醒我们如何分析游戏，并没有给出具体的描述，因此无法直接判断其是否为卧底。

从描述来看，玩家1和玩家3的描述非常接近，都与月亮有关，而玩家2的描述指向火星，与月亮和玩家1、3的描述有明显的不同。因此，玩家2可能是卧底，他的描述与平民的描述不一致，且指向了另一个天体。玩家4的描述没有提供足够的信息来判断其身份。|| `请根据上述分析，比较描述以找出不一致之处，注意，这局游戏的词语分类为<天文>，卧底词和平民词都属于该类。
2024-12-12 22:09:53,150 - 3 - INFO - **********PLAYER3**********
根据上述分析，我们可以比较描述以找出不一致之处：

1. 玩家1和玩家3的描述都提到了“围绕地球旋转的天体”和“表面的岩石和尘埃”，这符合月亮的特征。玩家1还特别提到了“周期性的圆缺变化”，这是月亮的一个显著特征。

2. 玩家2的描述提到了“一颗红色的行星”和“表面的火山活动”，这些特征与火星相符，而不是月亮。这与玩家1和玩家3的描述有明显的不同。

3. 玩家3在描述中特别强调了“潮汐影响”，这是月亮对地球的一个独特影响，但这个特征并没有在玩家1的描述中明确提到。

4. 玩家4的描述并没有提供具体的天体特征，而是提醒了分析的方法，因此无法直接判断其描述是否与月亮或火星相符。

不一致之处在于玩家2的描述与玩家1和玩家3的描述在描述的天体类型和特征上存在显著差异，这表明玩家2的词语可能是火星，而不是月亮。因此，玩家2的描述是不一致的。
2024-12-12 22:09:53,150 - 3 - INFO - **********JUDGER**********
你刚刚的分析是根据上述分析，我们可以比较描述以找出不一致之处：

1. 玩家1和玩家3的描述都提到了“围绕地球旋转的天体”和“表面的岩石和尘埃”，这符合月亮的特征。玩家1还特别提到了“周期性的圆缺变化”，这是月亮的一个显著特征。

2. 玩家2的描述提到了“一颗红色的行星”和“表面的火山活动”，这些特征与火星相符，而不是月亮。这与玩家1和玩家3的描述有明显的不同。

3. 玩家3在描述中特别强调了“潮汐影响”，这是月亮对地球的一个独特影响，但这个特征并没有在玩家1的描述中明确提到。

4. 玩家4的描述并没有提供具体的天体特征，而是提醒了分析的方法，因此无法直接判断其描述是否与月亮或火星相符。

不一致之处在于玩家2的描述与玩家1和玩家3的描述在描述的天体类型和特征上存在显著差异，这表明玩家2的词语可能是火星，而不是月亮。因此，玩家2的描述是不一致的。|| 请通过你分析的不一致之处，推断卧底身份，注意，这局游戏的词语分类为<天文>，卧底词和平民词都属于该类。
2024-12-12 22:09:56,480 - 3 - INFO - **********PLAYER3**********
根据上述分析中指出的不一致之处，我们可以推断卧底身份：

- 玩家1和玩家3的描述都指向月亮，这与平民词相符。
- 玩家2的描述指向火星，这与月亮的特征不符，且与玩家1和玩家3的描述有显著差异。
- 玩家4的描述没有提供具体的天体特征，而是起到了引导分析的作用。

由于玩家2的描述与月亮的特征不匹配，且在描述的天体类型和特征上与玩家1和玩家3的描述不一致，这强烈暗示玩家2的词语是火星，而不是月亮。因此，根据游戏规则和描述分析，玩家2很可能是卧底。
2024-12-12 22:09:56,480 - 3 - INFO - **********JUDGER**********
你刚刚的推断是根据上述分析中指出的不一致之处，我们可以推断卧底身份：

- 玩家1和玩家3的描述都指向月亮，这与平民词相符。
- 玩家2的描述指向火星，这与月亮的特征不符，且与玩家1和玩家3的描述有显著差异。
- 玩家4的描述没有提供具体的天体特征，而是起到了引导分析的作用。

由于玩家2的描述与月亮的特征不匹配，且在描述的天体类型和特征上与玩家1和玩家3的描述不一致，这强烈暗示玩家2的词语是火星，而不是月亮。因此，根据游戏规则和描述分析，玩家2很可能是卧底。|| 基于你刚刚的推断得出你的最终结论，请输出你认为的卧底，在这种情况下只需要输出编号，是1-4中的某个数字，不要输出其他信息。在这个过程不要进行任何推理，只对||以前的部分进行信息提取
2024-12-12 22:09:57,143 - 3 - INFO - **********PLAYER3**********
2
2024-12-12 22:10:21,846 - 3 - INFO - **********JUDGER**********
玩家1说：这是一个夜空中常见的天体，它通常呈现出圆盘状，夜晚亮度较高。在同类天体中，它以其周期性的圆缺变化而最为突出。它是一颗在夜空中定期变化形状的天体，其亮度在夜晚中较为明显，这种变化是它在同类天体中独有的特点。玩家2说：这是一颗红色的行星，位于太阳系内，与地球相似，但表面环境恶劣。它在同类天体中最突出的特征是红色的外观和表面的火山活动。它是一颗在太阳系中相对较近的行星，其表面特征与地球有相似之处，但气候极端，昼夜温差大。在这类天体中，它以其独特的红色外表和频繁的火山喷发而著称。玩家3说：这是一个围绕地球旋转的天体，它的表面通常覆盖着岩石和尘埃。在同类天体中，它最突出的不同特征是它对地球的潮汐影响。玩家4说：这是一颗环绕地球运行的天体，表面主要是岩石和尘埃构成。它在同类天体中最突出的不同特征是它对地球的潮汐现象产生显著影响。你是第3号玩家，你的关键词是<月亮>。你的回答中绝对不能包含你的关键词<月亮>。这是第二轮描述，你之前的描述是这是一个围绕地球旋转的天体，它的表面通常覆盖着岩石和尘埃。在同类天体中，它最突出的不同特征是它对地球的潮汐影响。，注意，这局游戏的词语分类为<天文>，卧底词和平民词都属于该类，请你补充关于关键词的描述，注意，你的描述应该比起之前的描述更加贴近关键词，作为之前的补充
2024-12-12 22:10:23,995 - 3 - INFO - **********PLAYER3**********
它是一颗在夜空中定期变化亮度，形状各异的天体，其周期性的变化在同类天体中独一无二。
2024-12-12 22:10:53,696 - 3 - INFO - **********JUDGER**********
玩家1说：这是一个夜空中常见的天体，它通常呈现出圆盘状，夜晚亮度较高。在同类天体中，它以其周期性的圆缺变化而最为突出。它是一颗在夜空中定期变化形状的天体，其亮度在夜晚中较为明显，这种变化是它在同类天体中独有的特点。玩家2说：这是一颗红色的行星，位于太阳系内，与地球相似，但表面环境恶劣。它在同类天体中最突出的特征是红色的外观和表面的火山活动。它是一颗在太阳系中相对较近的行星，其表面特征与地球有相似之处，但气候极端，昼夜温差大。在这类天体中，它以其独特的红色外表和频繁的火山喷发而著称。玩家3说：这是一个围绕地球旋转的天体，它的表面通常覆盖着岩石和尘埃。在同类天体中，它最突出的不同特征是它对地球的潮汐影响。它是一颗在夜空中定期变化亮度，形状各异的天体，其周期性的变化在同类天体中独一无二。玩家4说：这是一颗环绕地球运行的天体，表面主要是岩石和尘埃构成。它在同类天体中最突出的不同特征是它对地球的潮汐现象产生显著影响。||在这个游戏中，我们需要通过分析每位玩家的描述来找出卧底。通常，平民的描述会围绕相同的词语展开，而卧底的描述可能会因为词语的不同而显得不太一致。我们需要仔细比较每个描述之间的相似性和差异性，以找出可能的卧底，注意，卧底并不会隐藏自己，他会直接描述他的词语，现在，逐一分析每个玩家的描述，注意，这局游戏的词语分类为<天文>，卧底词和平民词都属于该类。||之前是第2轮描述和之前轮数描述的合集。你之前认为的卧底是玩家2。
2024-12-12 22:10:59,138 - 3 - INFO - **********PLAYER3**********
根据玩家们的第二轮描述和之前的分析，我们可以进行以下新一轮的分析：

玩家1的描述强调了天体的圆盘状、周期性的圆缺变化以及在夜空中的亮度，这与月亮的特征相符。

玩家2的描述提到了红色的行星、火山活动和极端气候，这与火星的特征相符，与月亮的描述有显著差异。

玩家3的描述再次提到了围绕地球旋转的天体、岩石和尘埃表面以及潮汐影响，这与月亮的特征相符，且与玩家1的描述相似。

玩家4的描述提到了环绕地球运行的天体、岩石和尘埃表面以及对地球潮汐现象的显著影响，这也与月亮的特征相符。

综合分析，玩家2的描述与火星的特征更为吻合，而其他玩家的描述更加集中在月亮的特征上。因此，基于描述的相似性和差异性，玩家2仍然是最可能的卧底。
2024-12-12 22:10:59,139 - 3 - INFO - **********JUDGER**********
你刚刚的分析是根据玩家们的第二轮描述和之前的分析，我们可以进行以下新一轮的分析：

玩家1的描述强调了天体的圆盘状、周期性的圆缺变化以及在夜空中的亮度，这与月亮的特征相符。

玩家2的描述提到了红色的行星、火山活动和极端气候，这与火星的特征相符，与月亮的描述有显著差异。

玩家3的描述再次提到了围绕地球旋转的天体、岩石和尘埃表面以及潮汐影响，这与月亮的特征相符，且与玩家1的描述相似。

玩家4的描述提到了环绕地球运行的天体、岩石和尘埃表面以及对地球潮汐现象的显著影响，这也与月亮的特征相符。

综合分析，玩家2的描述与火星的特征更为吻合，而其他玩家的描述更加集中在月亮的特征上。因此，基于描述的相似性和差异性，玩家2仍然是最可能的卧底。|| `请根据上述分析，比较描述以找出不一致之处，注意，这局游戏的词语分类为<天文>，卧底词和平民词都属于该类。
2024-12-12 22:11:05,528 - 3 - INFO - **********PLAYER3**********
根据上述分析，我们可以比较描述以找出不一致之处：

1. 玩家1和玩家3的描述都强调了天体围绕地球旋转、表面覆盖岩石和尘埃，以及天体对地球的潮汐影响。这些特征与月亮相符。

2. 玩家4的描述也提到了天体环绕地球运行、表面主要是岩石和尘埃构成，以及对地球潮汐现象的显著影响，这与月亮的特征相符。

3. 玩家2的描述则提到了红色的行星、火山活动和极端气候，以及独特的红色外表和频繁的火山喷发。这些特征与火星相符，与月亮的描述有显著差异。

不一致之处在于玩家2的描述与月亮的特征不匹配，而是指向了火星。这表明玩家2的描述与其他玩家的描述不一致，因此玩家2可能是卧底。
2024-12-12 22:11:05,529 - 3 - INFO - **********JUDGER**********
你刚刚的分析是根据上述分析，我们可以比较描述以找出不一致之处：

1. 玩家1和玩家3的描述都强调了天体围绕地球旋转、表面覆盖岩石和尘埃，以及天体对地球的潮汐影响。这些特征与月亮相符。

2. 玩家4的描述也提到了天体环绕地球运行、表面主要是岩石和尘埃构成，以及对地球潮汐现象的显著影响，这与月亮的特征相符。

3. 玩家2的描述则提到了红色的行星、火山活动和极端气候，以及独特的红色外表和频繁的火山喷发。这些特征与火星相符，与月亮的描述有显著差异。

不一致之处在于玩家2的描述与月亮的特征不匹配，而是指向了火星。这表明玩家2的描述与其他玩家的描述不一致，因此玩家2可能是卧底。|| 请通过你分析的不一致之处，推断卧底身份，注意，这局游戏的词语分类为<天文>，卧底词和平民词都属于该类。
2024-12-12 22:11:06,400 - 3 - INFO - **********PLAYER3**********
2
2024-12-12 22:11:06,400 - 3 - INFO - **********JUDGER**********
你刚刚的推断是2|| 基于你刚刚的推断得出你的最终结论，请输出你认为的卧底，在这种情况下只需要输出编号，是1-4中的某个数字，不要输出其他信息。在这个过程不要进行任何推理，只对||以前的部分进行信息提取
2024-12-12 22:11:07,073 - 3 - INFO - **********PLAYER3**********
2
2024-12-12 22:11:30,874 - 3 - INFO - **********JUDGER**********
玩家1说：这是一个夜空中常见的天体，它通常呈现出圆盘状，夜晚亮度较高。在同类天体中，它以其周期性的圆缺变化而最为突出。它是一颗在夜空中定期变化形状的天体，其亮度在夜晚中较为明显，这种变化是它在同类天体中独有的特点。它是一颗在夜空中定期出现，形状会随时间变化的天体，其亮度在夜晚中很容易被观察到。玩家2说：这是一颗红色的行星，位于太阳系内，与地球相似，但表面环境恶劣。它在同类天体中最突出的特征是红色的外观和表面的火山活动。它是一颗在太阳系中相对较近的行星，其表面特征与地球有相似之处，但气候极端，昼夜温差大。在这类天体中，它以其独特的红色外表和频繁的火山喷发而著称。它是一颗在夜空中可见的行星，其表面特征包括沙丘和沙漠，以及稀薄的大气层。这颗行星的气候条件极端，有着显著的季节变化和强烈的温差。玩家3说：这是一个围绕地球旋转的天体，它的表面通常覆盖着岩石和尘埃。在同类天体中，它最突出的不同特征是它对地球的潮汐影响。它是一颗在夜空中定期变化亮度，形状各异的天体，其周期性的变化在同类天体中独一无二。玩家4说：这是一颗环绕地球运行的天体，表面主要是岩石和尘埃构成。它在同类天体中最突出的不同特征是它对地球的潮汐现象产生显著影响。这是一颗在夜空中定期变化亮度，形状各异的天体，它的周期性变化在同类天体中独一无二，并且它的亮度在夜晚中非常明显。你是第3号玩家，你的关键词是<月亮>。你的回答中绝对不能包含你的关键词<月亮>。这是第三轮描述，你之前的描述是这是一个围绕地球旋转的天体，它的表面通常覆盖着岩石和尘埃。在同类天体中，它最突出的不同特征是它对地球的潮汐影响。和它是一颗在夜空中定期变化亮度，形状各异的天体，其周期性的变化在同类天体中独一无二。，注意，这局游戏的词语分类为<天文>，卧底词和平民词都属于该类，请你补充关于关键词的描述，注意，你的描述应该比起之前的描述更加贴近关键词，作为之前的补充
2024-12-12 22:11:32,232 - 3 - INFO - **********PLAYER3**********
它是一颗在夜空中定期变化亮度，且形状随着月相变化的天体，这种变化在同类天体中是非常特别的。
2024-12-12 22:12:03,891 - 3 - INFO - **********JUDGER**********
玩家1说：这是一个夜空中常见的天体，它通常呈现出圆盘状，夜晚亮度较高。在同类天体中，它以其周期性的圆缺变化而最为突出。它是一颗在夜空中定期变化形状的天体，其亮度在夜晚中较为明显，这种变化是它在同类天体中独有的特点。它是一颗在夜空中定期出现，形状会随时间变化的天体，其亮度在夜晚中很容易被观察到。玩家2说：这是一颗红色的行星，位于太阳系内，与地球相似，但表面环境恶劣。它在同类天体中最突出的特征是红色的外观和表面的火山活动。它是一颗在太阳系中相对较近的行星，其表面特征与地球有相似之处，但气候极端，昼夜温差大。在这类天体中，它以其独特的红色外表和频繁的火山喷发而著称。它是一颗在夜空中可见的行星，其表面特征包括沙丘和沙漠，以及稀薄的大气层。这颗行星的气候条件极端，有着显著的季节变化和强烈的温差。玩家3说：这是一个围绕地球旋转的天体，它的表面通常覆盖着岩石和尘埃。在同类天体中，它最突出的不同特征是它对地球的潮汐影响。它是一颗在夜空中定期变化亮度，形状各异的天体，其周期性的变化在同类天体中独一无二。它是一颗在夜空中定期变化亮度，且形状随着月相变化的天体，这种变化在同类天体中是非常特别的。玩家4说：这是一颗环绕地球运行的天体，表面主要是岩石和尘埃构成。它在同类天体中最突出的不同特征是它对地球的潮汐现象产生显著影响。这是一颗在夜空中定期变化亮度，形状各异的天体，它的周期性变化在同类天体中独一无二，并且它的亮度在夜晚中非常明显。这是一颗在夜空中定期变化亮度，形状各异的天体，其周期性变化在同类天体中独一无二，且这种变化在夜空中很容易被观察到。||在这个游戏中，我们需要通过分析每位玩家的描述来找出卧底。通常，平民的描述会围绕相同的词语展开，而卧底的描述可能会因为词语的不同而显得不太一致。我们需要仔细比较每个描述之间的相似性和差异性，以找出可能的卧底，注意，卧底并不会隐藏自己，他会直接描述他的词语，现在，逐一分析每个玩家的描述，注意，这局游戏的词语分类为<天文>，卧底词和平民词都属于该类。||之前是第3轮描述和之前轮数描述的合集。你之前认为的卧底是玩家2。
2024-12-12 22:12:09,588 - 3 - INFO - **********PLAYER3**********
根据玩家们的描述，我们可以进行以下分析：

玩家1的描述多次强调了天体的圆盘状、周期性的圆缺变化以及在夜空中的亮度，这与月亮的特征非常吻合。

玩家2的描述提到了红色的行星、火山活动和极端气候，这些特征与火星相符，与月亮的描述有显著差异。

玩家3的描述同样提到了围绕地球旋转的天体、岩石和尘埃表面，以及对地球的潮汐影响，这与月亮的特征相符，且与玩家1的描述相似。

玩家4的描述与玩家3类似，强调了天体环绕地球运行、表面主要是岩石和尘埃构成，以及对地球潮汐现象的显著影响，这也与月亮的特征相符。

综合分析，玩家2的描述与火星的特征更为吻合，而其他玩家的描述更加集中在月亮的特征上。因此，基于描述的相似性和差异性，玩家2仍然是最可能的卧底。
2024-12-12 22:12:09,589 - 3 - INFO - **********JUDGER**********
你刚刚的分析是根据玩家们的描述，我们可以进行以下分析：

玩家1的描述多次强调了天体的圆盘状、周期性的圆缺变化以及在夜空中的亮度，这与月亮的特征非常吻合。

玩家2的描述提到了红色的行星、火山活动和极端气候，这些特征与火星相符，与月亮的描述有显著差异。

玩家3的描述同样提到了围绕地球旋转的天体、岩石和尘埃表面，以及对地球的潮汐影响，这与月亮的特征相符，且与玩家1的描述相似。

玩家4的描述与玩家3类似，强调了天体环绕地球运行、表面主要是岩石和尘埃构成，以及对地球潮汐现象的显著影响，这也与月亮的特征相符。

综合分析，玩家2的描述与火星的特征更为吻合，而其他玩家的描述更加集中在月亮的特征上。因此，基于描述的相似性和差异性，玩家2仍然是最可能的卧底。|| `请根据上述分析，比较描述以找出不一致之处，注意，这局游戏的词语分类为<天文>，卧底词和平民词都属于该类。
2024-12-12 22:12:12,582 - 3 - INFO - **********PLAYER3**********
不一致之处在于玩家2的描述与月亮的特征不匹配，而是指向了火星。玩家2提到了红色的外观、火山活动和极端气候，这些特征与火星相符，而其他玩家（1、3、4）的描述则更多地与月亮的特征相吻合。因此，玩家2的描述在特征上与其他玩家的描述不一致。
2024-12-12 22:12:12,583 - 3 - INFO - **********JUDGER**********
你刚刚的分析是不一致之处在于玩家2的描述与月亮的特征不匹配，而是指向了火星。玩家2提到了红色的外观、火山活动和极端气候，这些特征与火星相符，而其他玩家（1、3、4）的描述则更多地与月亮的特征相吻合。因此，玩家2的描述在特征上与其他玩家的描述不一致。|| 请通过你分析的不一致之处，推断卧底身份，注意，这局游戏的词语分类为<天文>，卧底词和平民词都属于该类。
2024-12-12 22:12:13,663 - 3 - INFO - **********PLAYER3**********
2
2024-12-12 22:12:13,663 - 3 - INFO - **********JUDGER**********
你刚刚的推断是2|| 基于你刚刚的推断得出你的最终结论，请输出你认为的卧底，在这种情况下只需要输出编号，是1-4中的某个数字，不要输出其他信息。在这个过程不要进行任何推理，只对||以前的部分进行信息提取
2024-12-12 22:12:14,652 - 3 - INFO - **********PLAYER3**********
2
