2024-12-12 22:08:55,494 - 4 - INFO - **********JUDGER**********
让我们来玩一个叫做<谁是卧底>的推理游戏。基本规则：<人数>：4人。<角色分配>：每位玩家随机抽取一个词语，3名玩家拿到的词语是相同的（平民词），1名玩家拿到与之相近但不同的词语（卧底词）。<游戏流程>：1、玩家轮流描述自己的词语，但<不能>直接说出词语本身。2、描述完毕后，投票选出最像卧底的玩家。3、每轮结束后，被投票选出的玩家出局，不能再进行描述或投票。4、每轮投票结束后，如果卧底被成功找出，平民方获胜；如果卧底未被找出且卧底人数等于或超过平民人数，则卧底方获胜。你将扮演一个<玩家>，请等待你被分配到的关键词。如果你听懂了，只回答，"好的，我准备好参加游戏了"，不要输出别的信息
2024-12-12 22:08:55,909 - 4 - INFO - **********PLAYER4**********
好的，我准备好参加游戏了
2024-12-12 22:09:03,120 - 4 - INFO - **********JUDGER**********
玩家1说：这是一个夜空中常见的天体，它通常呈现出圆盘状，夜晚亮度较高。在同类天体中，它以其周期性的圆缺变化而最为突出。玩家2说：这是一颗红色的行星，位于太阳系内，与地球相似，但表面环境恶劣。它在同类天体中最突出的特征是红色的外观和表面的火山活动。玩家3说：这是一个围绕地球旋转的天体，它的表面通常覆盖着岩石和尘埃。在同类天体中，它最突出的不同特征是它对地球的潮汐影响。玩家4说：|| 你是第4号玩家，你的关键词是<月亮>。你的回答中绝对不能包含你的关键词<月亮>。这是第一轮描述，不需要分析||之前别的玩家的描述，请你描述关键词基本特征，注意，这局游戏的词语分类为<天文>，卧底词和平民词都属于该类，描述包括以下两点，1.他的基本特征是什么2.他在该类（天文）中最突出不同的特征是什么，尽量简短
2024-12-12 22:09:04,332 - 4 - INFO - **********PLAYER4**********
这是一颗环绕地球运行的天体，表面主要是岩石和尘埃构成。它在同类天体中最突出的不同特征是它对地球的潮汐现象产生显著影响。
2024-12-12 22:09:57,143 - 4 - INFO - **********JUDGER**********
玩家1说：这是一个夜空中常见的天体，它通常呈现出圆盘状，夜晚亮度较高。在同类天体中，它以其周期性的圆缺变化而最为突出。玩家2说：这是一颗红色的行星，位于太阳系内，与地球相似，但表面环境恶劣。它在同类天体中最突出的特征是红色的外观和表面的火山活动。玩家3说：这是一个围绕地球旋转的天体，它的表面通常覆盖着岩石和尘埃。在同类天体中，它最突出的不同特征是它对地球的潮汐影响。玩家4说：||在这个游戏中，我们需要通过分析每位玩家的描述来找出卧底。通常，平民的描述会围绕相同的词语展开，而卧底的描述可能会因为词语的不同而显得不太一致。我们需要仔细比较每个描述之间的相似性和差异性，以找出可能的卧底，注意，卧底并不会隐藏自己，他会直接描述他的词语，现在，逐一分析每个玩家的描述，注意，这局游戏的词语分类为<天文>，卧底词和平民词都属于该类。这是第一轮描述。
2024-12-12 22:10:05,674 - 4 - INFO - **********PLAYER4**********
好的，我们来分析一下每个玩家的描述：

玩家1描述的词语是月亮。他提到了月亮在夜空中常见，呈现圆盘状，夜晚亮度高，以及周期性的圆缺变化。

玩家2描述的词语是火星。他提到了火星是红色的行星，位于太阳系内，表面环境恶劣，有红色外观和火山活动。

玩家3的描述与玩家1的描述非常相似，他描述的也是月亮，提到了围绕地球旋转，表面覆盖岩石和尘埃，以及对地球的潮汐影响。

玩家4没有直接描述词语，而是提供了一个分析指南，提醒我们要注意描述的相似性和差异性，以及卧底可能不会隐藏自己的事实。

根据这些描述，玩家1和玩家3的描述高度相似，都是关于月亮的。玩家2的描述与他们的描述不同，提到了红色的行星和火山活动，这可能与火星有关。玩家4没有提供具体的描述，而是提供了分析游戏的策略。

因此，如果我们要根据描述来猜测卧底，玩家2可能是卧底，因为他的描述与玩家1和玩家3的描述不同，且与“天文”这一分类下的其他可能词语（如火星）相符。但需要注意的是，这个分析基于第一轮描述，随着游戏的进行，可能会有新的线索出现。
2024-12-12 22:10:05,675 - 4 - INFO - **********JUDGER**********
你刚刚的分析是好的，我们来分析一下每个玩家的描述：

玩家1描述的词语是月亮。他提到了月亮在夜空中常见，呈现圆盘状，夜晚亮度高，以及周期性的圆缺变化。

玩家2描述的词语是火星。他提到了火星是红色的行星，位于太阳系内，表面环境恶劣，有红色外观和火山活动。

玩家3的描述与玩家1的描述非常相似，他描述的也是月亮，提到了围绕地球旋转，表面覆盖岩石和尘埃，以及对地球的潮汐影响。

玩家4没有直接描述词语，而是提供了一个分析指南，提醒我们要注意描述的相似性和差异性，以及卧底可能不会隐藏自己的事实。

根据这些描述，玩家1和玩家3的描述高度相似，都是关于月亮的。玩家2的描述与他们的描述不同，提到了红色的行星和火山活动，这可能与火星有关。玩家4没有提供具体的描述，而是提供了分析游戏的策略。

因此，如果我们要根据描述来猜测卧底，玩家2可能是卧底，因为他的描述与玩家1和玩家3的描述不同，且与“天文”这一分类下的其他可能词语（如火星）相符。但需要注意的是，这个分析基于第一轮描述，随着游戏的进行，可能会有新的线索出现。|| `请根据上述分析，比较描述以找出不一致之处，注意，这局游戏的词语分类为<天文>，卧底词和平民词都属于该类。
2024-12-12 22:10:11,034 - 4 - INFO - **********PLAYER4**********
根据上述分析，我们可以比较描述中的不一致之处如下：

1. 玩家1和玩家3的描述都指向了“月亮”，这一点是一致的。玩家1提到了月亮的圆盘状、夜晚亮度高和周期性的圆缺变化，而玩家3提到了月亮围绕地球旋转、表面覆盖岩石和尘埃，以及对地球的潮汐影响。这两个描述都符合月亮的特征。

2. 玩家2的描述指向了“火星”，这与玩家1和玩家3的描述不一致。玩家2提到了火星是红色的行星，位于太阳系内，表面环境恶劣，有红色外观和火山活动。这些特征与月亮不符，因此玩家2的描述与其他两位玩家的描述不一致。

3. 玩家4没有提供具体的描述，而是提供了分析指南，这并不直接指向任何特定的词语，因此不构成描述上的不一致。

综上所述，不一致之处在于玩家2的描述与其他两位描述了“月亮”的玩家不同。这可能是由于玩家2是卧底，他的关键词是“火星”，而不是“月亮”。因此，根据描述的不一致，玩家2可能是卧底。
2024-12-12 22:10:11,035 - 4 - INFO - **********JUDGER**********
你刚刚的分析是根据上述分析，我们可以比较描述中的不一致之处如下：

1. 玩家1和玩家3的描述都指向了“月亮”，这一点是一致的。玩家1提到了月亮的圆盘状、夜晚亮度高和周期性的圆缺变化，而玩家3提到了月亮围绕地球旋转、表面覆盖岩石和尘埃，以及对地球的潮汐影响。这两个描述都符合月亮的特征。

2. 玩家2的描述指向了“火星”，这与玩家1和玩家3的描述不一致。玩家2提到了火星是红色的行星，位于太阳系内，表面环境恶劣，有红色外观和火山活动。这些特征与月亮不符，因此玩家2的描述与其他两位玩家的描述不一致。

3. 玩家4没有提供具体的描述，而是提供了分析指南，这并不直接指向任何特定的词语，因此不构成描述上的不一致。

综上所述，不一致之处在于玩家2的描述与其他两位描述了“月亮”的玩家不同。这可能是由于玩家2是卧底，他的关键词是“火星”，而不是“月亮”。因此，根据描述的不一致，玩家2可能是卧底。|| 请通过你分析的不一致之处，推断卧底身份，注意，这局游戏的词语分类为<天文>，卧底词和平民词都属于该类。
2024-12-12 22:10:15,940 - 4 - INFO - **********PLAYER4**********
根据分析中指出的不一致之处，我们可以推断卧底身份如下：

- 玩家1和玩家3的描述都指向了“月亮”，这表明他们可能是平民，因为他们描述的词语是相同的。
- 玩家2的描述指向了“火星”，这与玩家1和玩家3的描述不同，表明玩家2的词语可能是不同的，即玩家2可能是卧底。
- 玩家4没有提供具体的描述，而是提供了游戏分析指南，这并不直接指向任何特定的词语，因此不能确定玩家4的身份。

由于游戏规则指出卧底词和平民词都属于天文类，且玩家2的描述与“月亮”这一词语的特征不一致，我们可以推断玩家2是卧底，因为他的描述指向了“火星”，这是天文类中的一个不同词语。

因此，根据描述的不一致性和游戏规则，玩家2很可能是卧底。
2024-12-12 22:10:15,940 - 4 - INFO - **********JUDGER**********
你刚刚的推断是根据分析中指出的不一致之处，我们可以推断卧底身份如下：

- 玩家1和玩家3的描述都指向了“月亮”，这表明他们可能是平民，因为他们描述的词语是相同的。
- 玩家2的描述指向了“火星”，这与玩家1和玩家3的描述不同，表明玩家2的词语可能是不同的，即玩家2可能是卧底。
- 玩家4没有提供具体的描述，而是提供了游戏分析指南，这并不直接指向任何特定的词语，因此不能确定玩家4的身份。

由于游戏规则指出卧底词和平民词都属于天文类，且玩家2的描述与“月亮”这一词语的特征不一致，我们可以推断玩家2是卧底，因为他的描述指向了“火星”，这是天文类中的一个不同词语。

因此，根据描述的不一致性和游戏规则，玩家2很可能是卧底。|| 基于你刚刚的推断得出你的最终结论，请输出你认为的卧底，在这种情况下只需要输出编号，是1-4中的某个数字，不要输出其他信息。在这个过程不要进行任何推理，只对||以前的部分进行信息提取
2024-12-12 22:10:16,396 - 4 - INFO - **********PLAYER4**********
2
2024-12-12 22:10:23,996 - 4 - INFO - **********JUDGER**********
玩家1说：这是一个夜空中常见的天体，它通常呈现出圆盘状，夜晚亮度较高。在同类天体中，它以其周期性的圆缺变化而最为突出。它是一颗在夜空中定期变化形状的天体，其亮度在夜晚中较为明显，这种变化是它在同类天体中独有的特点。玩家2说：这是一颗红色的行星，位于太阳系内，与地球相似，但表面环境恶劣。它在同类天体中最突出的特征是红色的外观和表面的火山活动。它是一颗在太阳系中相对较近的行星，其表面特征与地球有相似之处，但气候极端，昼夜温差大。在这类天体中，它以其独特的红色外表和频繁的火山喷发而著称。玩家3说：这是一个围绕地球旋转的天体，它的表面通常覆盖着岩石和尘埃。在同类天体中，它最突出的不同特征是它对地球的潮汐影响。它是一颗在夜空中定期变化亮度，形状各异的天体，其周期性的变化在同类天体中独一无二。玩家4说：这是一颗环绕地球运行的天体，表面主要是岩石和尘埃构成。它在同类天体中最突出的不同特征是它对地球的潮汐现象产生显著影响。你是第4号玩家，你的关键词是<月亮>。你的回答中绝对不能包含你的关键词<月亮>。这是第二轮描述，你之前的描述是这是一颗环绕地球运行的天体，表面主要是岩石和尘埃构成。它在同类天体中最突出的不同特征是它对地球的潮汐现象产生显著影响。，注意，这局游戏的词语分类为<天文>，卧底词和平民词都属于该类，请你补充关于关键词的描述，注意，你的描述应该比起之前的描述更加贴近关键词，作为之前的补充
2024-12-12 22:10:25,660 - 4 - INFO - **********PLAYER4**********
这是一颗在夜空中定期变化亮度，形状各异的天体，它的周期性变化在同类天体中独一无二，并且它的亮度在夜晚中非常明显。
2024-12-12 22:11:07,074 - 4 - INFO - **********JUDGER**********
玩家1说：这是一个夜空中常见的天体，它通常呈现出圆盘状，夜晚亮度较高。在同类天体中，它以其周期性的圆缺变化而最为突出。它是一颗在夜空中定期变化形状的天体，其亮度在夜晚中较为明显，这种变化是它在同类天体中独有的特点。玩家2说：这是一颗红色的行星，位于太阳系内，与地球相似，但表面环境恶劣。它在同类天体中最突出的特征是红色的外观和表面的火山活动。它是一颗在太阳系中相对较近的行星，其表面特征与地球有相似之处，但气候极端，昼夜温差大。在这类天体中，它以其独特的红色外表和频繁的火山喷发而著称。玩家3说：这是一个围绕地球旋转的天体，它的表面通常覆盖着岩石和尘埃。在同类天体中，它最突出的不同特征是它对地球的潮汐影响。它是一颗在夜空中定期变化亮度，形状各异的天体，其周期性的变化在同类天体中独一无二。玩家4说：这是一颗环绕地球运行的天体，表面主要是岩石和尘埃构成。它在同类天体中最突出的不同特征是它对地球的潮汐现象产生显著影响。||在这个游戏中，我们需要通过分析每位玩家的描述来找出卧底。通常，平民的描述会围绕相同的词语展开，而卧底的描述可能会因为词语的不同而显得不太一致。我们需要仔细比较每个描述之间的相似性和差异性，以找出可能的卧底，注意，卧底并不会隐藏自己，他会直接描述他的词语，现在，逐一分析每个玩家的描述，注意，这局游戏的词语分类为<天文>，卧底词和平民词都属于该类。||之前是第2轮描述和之前轮数描述的合集。你之前认为的卧底是玩家2。
2024-12-12 22:11:11,702 - 4 - INFO - **********PLAYER4**********
玩家1和玩家3的描述都指向了“月亮”，因为它们都提到了夜空中常见的圆盘状天体，周期性的圆缺变化，以及亮度在夜晚中较为明显。这些特征与月亮相符。

玩家2的描述指向了“火星”，因为提到了红色的行星，表面环境恶劣，火山活动，以及昼夜温差大。这些特征与火星相符。

玩家4的描述与玩家1和玩家3的描述相似，都提到了环绕地球运行的天体，表面覆盖岩石和尘埃，以及对地球的潮汐影响。这些特征也与月亮相符。

根据这些描述，玩家2的描述与玩家1和玩家3的描述存在显著差异，因为玩家2描述的是火星的特征，而玩家1和玩家3描述的是月亮的特征。因此，基于描述的不一致性，我之前的推断是玩家2是卧底，这个结论仍然成立。
2024-12-12 22:11:11,703 - 4 - INFO - **********JUDGER**********
你刚刚的分析是玩家1和玩家3的描述都指向了“月亮”，因为它们都提到了夜空中常见的圆盘状天体，周期性的圆缺变化，以及亮度在夜晚中较为明显。这些特征与月亮相符。

玩家2的描述指向了“火星”，因为提到了红色的行星，表面环境恶劣，火山活动，以及昼夜温差大。这些特征与火星相符。

玩家4的描述与玩家1和玩家3的描述相似，都提到了环绕地球运行的天体，表面覆盖岩石和尘埃，以及对地球的潮汐影响。这些特征也与月亮相符。

根据这些描述，玩家2的描述与玩家1和玩家3的描述存在显著差异，因为玩家2描述的是火星的特征，而玩家1和玩家3描述的是月亮的特征。因此，基于描述的不一致性，我之前的推断是玩家2是卧底，这个结论仍然成立。|| `请根据上述分析，比较描述以找出不一致之处，注意，这局游戏的词语分类为<天文>，卧底词和平民词都属于该类。
2024-12-12 22:11:22,868 - 4 - INFO - **********PLAYER4**********
根据上述分析，我们可以找出以下不一致之处：

1. 玩家1和玩家3的描述都指向了“月亮”，它们提到了夜空中常见的天体、圆盘状、周期性的圆缺变化、亮度高、定期变化形状、形状各异以及周期性的变化等特征。

2. 玩家2的描述指向了“火星”，它提到了红色的行星、表面环境恶劣、火山活动、昼夜温差大、独特的红色外表、频繁的火山喷发以及相对较近的行星等特征。

3. 玩家4的描述也指向了“月亮”，与玩家1和玩家3的描述相似，提到了环绕地球运行的天体、表面覆盖岩石和尘埃、对地球的潮汐影响、定期变化亮度、形状各异以及周期性的变化等特征。

不一致之处在于玩家2的描述与其他两位玩家的描述不同。玩家2的描述与月亮的特征不符，而是与火星的特征相符。因此，玩家2的描述在<天文>这个分类中与其他玩家的描述不一致。
2024-12-12 22:11:22,870 - 4 - INFO - **********JUDGER**********
你刚刚的分析是根据上述分析，我们可以找出以下不一致之处：

1. 玩家1和玩家3的描述都指向了“月亮”，它们提到了夜空中常见的天体、圆盘状、周期性的圆缺变化、亮度高、定期变化形状、形状各异以及周期性的变化等特征。

2. 玩家2的描述指向了“火星”，它提到了红色的行星、表面环境恶劣、火山活动、昼夜温差大、独特的红色外表、频繁的火山喷发以及相对较近的行星等特征。

3. 玩家4的描述也指向了“月亮”，与玩家1和玩家3的描述相似，提到了环绕地球运行的天体、表面覆盖岩石和尘埃、对地球的潮汐影响、定期变化亮度、形状各异以及周期性的变化等特征。

不一致之处在于玩家2的描述与其他两位玩家的描述不同。玩家2的描述与月亮的特征不符，而是与火星的特征相符。因此，玩家2的描述在<天文>这个分类中与其他玩家的描述不一致。|| 请通过你分析的不一致之处，推断卧底身份，注意，这局游戏的词语分类为<天文>，卧底词和平民词都属于该类。
2024-12-12 22:11:26,537 - 4 - INFO - **********PLAYER4**********
根据分析的不一致之处，我们可以推断卧底身份为玩家2。因为玩家2的描述特征与月亮不符，而是与火星相符，而游戏规则指出卧底词和平民词都属于天文类，因此玩家2很可能是卧底。
2024-12-12 22:11:26,537 - 4 - INFO - **********JUDGER**********
你刚刚的推断是根据分析的不一致之处，我们可以推断卧底身份为玩家2。因为玩家2的描述特征与月亮不符，而是与火星相符，而游戏规则指出卧底词和平民词都属于天文类，因此玩家2很可能是卧底。|| 基于你刚刚的推断得出你的最终结论，请输出你认为的卧底，在这种情况下只需要输出编号，是1-4中的某个数字，不要输出其他信息。在这个过程不要进行任何推理，只对||以前的部分进行信息提取
2024-12-12 22:11:27,259 - 4 - INFO - **********PLAYER4**********
2
2024-12-12 22:11:32,234 - 4 - INFO - **********JUDGER**********
玩家1说：这是一个夜空中常见的天体，它通常呈现出圆盘状，夜晚亮度较高。在同类天体中，它以其周期性的圆缺变化而最为突出。它是一颗在夜空中定期变化形状的天体，其亮度在夜晚中较为明显，这种变化是它在同类天体中独有的特点。它是一颗在夜空中定期出现，形状会随时间变化的天体，其亮度在夜晚中很容易被观察到。玩家2说：这是一颗红色的行星，位于太阳系内，与地球相似，但表面环境恶劣。它在同类天体中最突出的特征是红色的外观和表面的火山活动。它是一颗在太阳系中相对较近的行星，其表面特征与地球有相似之处，但气候极端，昼夜温差大。在这类天体中，它以其独特的红色外表和频繁的火山喷发而著称。它是一颗在夜空中可见的行星，其表面特征包括沙丘和沙漠，以及稀薄的大气层。这颗行星的气候条件极端，有着显著的季节变化和强烈的温差。玩家3说：这是一个围绕地球旋转的天体，它的表面通常覆盖着岩石和尘埃。在同类天体中，它最突出的不同特征是它对地球的潮汐影响。它是一颗在夜空中定期变化亮度，形状各异的天体，其周期性的变化在同类天体中独一无二。它是一颗在夜空中定期变化亮度，且形状随着月相变化的天体，这种变化在同类天体中是非常特别的。玩家4说：这是一颗环绕地球运行的天体，表面主要是岩石和尘埃构成。它在同类天体中最突出的不同特征是它对地球的潮汐现象产生显著影响。这是一颗在夜空中定期变化亮度，形状各异的天体，它的周期性变化在同类天体中独一无二，并且它的亮度在夜晚中非常明显。你是第4号玩家，你的关键词是<月亮>。你的回答中绝对不能包含你的关键词<月亮>。这是第三轮描述，你之前的描述是这是一颗环绕地球运行的天体，表面主要是岩石和尘埃构成。它在同类天体中最突出的不同特征是它对地球的潮汐现象产生显著影响。和这是一颗在夜空中定期变化亮度，形状各异的天体，它的周期性变化在同类天体中独一无二，并且它的亮度在夜晚中非常明显。，注意，这局游戏的词语分类为<天文>，卧底词和平民词都属于该类，请你补充关于关键词的描述，注意，你的描述应该比起之前的描述更加贴近关键词，作为之前的补充
2024-12-12 22:11:33,982 - 4 - INFO - **********PLAYER4**********
这是一颗在夜空中定期变化亮度，形状各异的天体，其周期性变化在同类天体中独一无二，且这种变化在夜空中很容易被观察到。
2024-12-12 22:12:14,652 - 4 - INFO - **********JUDGER**********
玩家1说：这是一个夜空中常见的天体，它通常呈现出圆盘状，夜晚亮度较高。在同类天体中，它以其周期性的圆缺变化而最为突出。它是一颗在夜空中定期变化形状的天体，其亮度在夜晚中较为明显，这种变化是它在同类天体中独有的特点。它是一颗在夜空中定期出现，形状会随时间变化的天体，其亮度在夜晚中很容易被观察到。玩家2说：这是一颗红色的行星，位于太阳系内，与地球相似，但表面环境恶劣。它在同类天体中最突出的特征是红色的外观和表面的火山活动。它是一颗在太阳系中相对较近的行星，其表面特征与地球有相似之处，但气候极端，昼夜温差大。在这类天体中，它以其独特的红色外表和频繁的火山喷发而著称。它是一颗在夜空中可见的行星，其表面特征包括沙丘和沙漠，以及稀薄的大气层。这颗行星的气候条件极端，有着显著的季节变化和强烈的温差。玩家3说：这是一个围绕地球旋转的天体，它的表面通常覆盖着岩石和尘埃。在同类天体中，它最突出的不同特征是它对地球的潮汐影响。它是一颗在夜空中定期变化亮度，形状各异的天体，其周期性的变化在同类天体中独一无二。它是一颗在夜空中定期变化亮度，且形状随着月相变化的天体，这种变化在同类天体中是非常特别的。玩家4说：这是一颗环绕地球运行的天体，表面主要是岩石和尘埃构成。它在同类天体中最突出的不同特征是它对地球的潮汐现象产生显著影响。这是一颗在夜空中定期变化亮度，形状各异的天体，它的周期性变化在同类天体中独一无二，并且它的亮度在夜晚中非常明显。这是一颗在夜空中定期变化亮度，形状各异的天体，其周期性变化在同类天体中独一无二，且这种变化在夜空中很容易被观察到。||在这个游戏中，我们需要通过分析每位玩家的描述来找出卧底。通常，平民的描述会围绕相同的词语展开，而卧底的描述可能会因为词语的不同而显得不太一致。我们需要仔细比较每个描述之间的相似性和差异性，以找出可能的卧底，注意，卧底并不会隐藏自己，他会直接描述他的词语，现在，逐一分析每个玩家的描述，注意，这局游戏的词语分类为<天文>，卧底词和平民词都属于该类。||之前是第3轮描述和之前轮数描述的合集。你之前认为的卧底是玩家2。
2024-12-12 22:12:24,454 - 4 - INFO - **********PLAYER4**********
根据提供的描述和之前的分析，我们可以继续分析每个玩家的描述：

玩家1的描述与月亮的特征相符，强调了夜空中常见的圆盘状天体，周期性的圆缺变化，以及亮度在夜晚中的明显变化。

玩家2的描述仍然指向火星，提到了红色的外观、火山活动、沙丘和沙漠、稀薄的大气层以及极端的气候条件。

玩家3的描述再次指向月亮，提到了围绕地球旋转的天体、岩石和尘埃的表面、潮汐影响以及周期性的亮度变化和形状变化。

玩家4的描述与玩家1和玩家3的描述非常相似，强调了环绕地球运行的天体、岩石和尘埃的表面、潮汐影响以及周期性的亮度变化和形状变化。

综合以上分析，玩家2的描述与其他三位玩家的描述存在显著差异，因为他描述的是火星的特征，而其他玩家描述的是月亮的特征。因此，基于描述的不一致性，我之前的推断是玩家2是卧底，这个结论仍然成立。
2024-12-12 22:12:24,455 - 4 - INFO - **********JUDGER**********
你刚刚的分析是根据提供的描述和之前的分析，我们可以继续分析每个玩家的描述：

玩家1的描述与月亮的特征相符，强调了夜空中常见的圆盘状天体，周期性的圆缺变化，以及亮度在夜晚中的明显变化。

玩家2的描述仍然指向火星，提到了红色的外观、火山活动、沙丘和沙漠、稀薄的大气层以及极端的气候条件。

玩家3的描述再次指向月亮，提到了围绕地球旋转的天体、岩石和尘埃的表面、潮汐影响以及周期性的亮度变化和形状变化。

玩家4的描述与玩家1和玩家3的描述非常相似，强调了环绕地球运行的天体、岩石和尘埃的表面、潮汐影响以及周期性的亮度变化和形状变化。

综合以上分析，玩家2的描述与其他三位玩家的描述存在显著差异，因为他描述的是火星的特征，而其他玩家描述的是月亮的特征。因此，基于描述的不一致性，我之前的推断是玩家2是卧底，这个结论仍然成立。|| `请根据上述分析，比较描述以找出不一致之处，注意，这局游戏的词语分类为<天文>，卧底词和平民词都属于该类。
2024-12-12 22:12:29,890 - 4 - INFO - **********PLAYER4**********
根据上述分析，不一致之处如下：

1. 玩家1和玩家3的描述都指向了“月亮”，它们都提到了夜空中常见的圆盘状天体、周期性的圆缺变化、亮度在夜晚中的明显变化、围绕地球旋转、岩石和尘埃的表面、潮汐影响以及周期性的亮度变化和形状变化。

2. 玩家4的描述也与“月亮”相符，强调了环绕地球运行的天体、岩石和尘埃的表面、潮汐影响以及周期性的亮度变化和形状变化。

3. 玩家2的描述则指向了“火星”，提到了红色的外观、火山活动、沙丘和沙漠、稀薄的大气层以及极端的气候条件。这些特征与月亮不符，而是与火星的特征相符。

因此，不一致之处在于玩家2的描述与其他两位描述了“月亮”的玩家不同，他的描述更符合火星的特征。这表明玩家2可能是卧底。
2024-12-12 22:12:29,891 - 4 - INFO - **********JUDGER**********
你刚刚的分析是根据上述分析，不一致之处如下：

1. 玩家1和玩家3的描述都指向了“月亮”，它们都提到了夜空中常见的圆盘状天体、周期性的圆缺变化、亮度在夜晚中的明显变化、围绕地球旋转、岩石和尘埃的表面、潮汐影响以及周期性的亮度变化和形状变化。

2. 玩家4的描述也与“月亮”相符，强调了环绕地球运行的天体、岩石和尘埃的表面、潮汐影响以及周期性的亮度变化和形状变化。

3. 玩家2的描述则指向了“火星”，提到了红色的外观、火山活动、沙丘和沙漠、稀薄的大气层以及极端的气候条件。这些特征与月亮不符，而是与火星的特征相符。

因此，不一致之处在于玩家2的描述与其他两位描述了“月亮”的玩家不同，他的描述更符合火星的特征。这表明玩家2可能是卧底。|| 请通过你分析的不一致之处，推断卧底身份，注意，这局游戏的词语分类为<天文>，卧底词和平民词都属于该类。
2024-12-12 22:12:31,135 - 4 - INFO - **********PLAYER4**********
基于分析的不一致之处，推断卧底身份为玩家2。
2024-12-12 22:12:31,136 - 4 - INFO - **********JUDGER**********
你刚刚的推断是基于分析的不一致之处，推断卧底身份为玩家2。|| 基于你刚刚的推断得出你的最终结论，请输出你认为的卧底，在这种情况下只需要输出编号，是1-4中的某个数字，不要输出其他信息。在这个过程不要进行任何推理，只对||以前的部分进行信息提取
2024-12-12 22:12:32,110 - 4 - INFO - **********PLAYER4**********
2
