2024-12-13 12:24:20,811 - 1 - INFO - **********JUDGER**********
让我们来玩一个叫做<谁是卧底>的推理游戏。基本规则：<人数>：4人。<角色分配>：每位玩家随机抽取一个词语，3名玩家拿到的词语是相同的（平民词），1名玩家拿到与之相近但不同的词语（卧底词）。<游戏流程>：1、玩家轮流描述自己的词语，但<不能>直接说出词语本身。2、描述完毕后，投票选出最像卧底的玩家。3、每轮结束后，被投票选出的玩家出局，不能再进行描述或投票。4、每轮投票结束后，如果卧底被成功找出，平民方获胜；如果卧底未被找出且卧底人数等于或超过平民人数，则卧底方获胜。你将扮演一个<玩家>，请等待你被分配到的关键词。如果你听懂了，只回答，"好的，我准备好参加游戏了"，不要输出别的信息
2024-12-13 12:24:22,550 - 1 - INFO - **********PLAYER1**********
好的，我准备好参加游戏了
2024-12-13 12:24:28,611 - 1 - INFO - **********JUDGER**********
玩家1说：玩家2说：玩家3说：玩家4说：|| 你是第1号玩家，你的关键词是<火车>。你的回答中绝对不能包含你的关键词<火车>。这是第一轮描述，不需要分析||之前别的玩家的描述，请你描述关键词基本特征，注意，这局游戏的词语分类为<交通工具>，卧底词和平民词都属于该类，描述包括以下两点，1.他的基本特征是什么2.他在该类（交通工具）中最突出不同的特征是什么，尽量简短
2024-12-13 12:24:30,694 - 1 - INFO - **********PLAYER1**********
这是一款载着人们旅行的工具，它的速度在同类交通工具中较快。它在交通工具中最独特的地方可能在于它的铁轨运行方式。
2024-12-13 12:24:38,513 - 1 - INFO - **********JUDGER**********
玩家1说：这是一款载着人们旅行的工具，它的速度在同类交通工具中较快。它在交通工具中最独特的地方可能在于它的铁轨运行方式。玩家2说：这是一种四轮驱动的机器，用于在道路上行驶。它以其高速性能和内部装饰豪华而闻名。玩家3说：这是一种陆上交通工具，通常由多个车厢组成，乘客可以乘坐它进行长距离旅行。它最突出的不同特征是通常沿着固定的铁轨运行，这使其在直线上的速度和稳定性非常高。玩家4说：||在这个游戏中，我们需要通过分析每位玩家的描述来找出卧底。通常，平民的描述会围绕相同的词语展开，而卧底的描述可能会因为词语的不同而显得不太一致。我们需要仔细比较每个描述之间的相似性和差异性，以找出可能的卧底，注意，卧底并不会隐藏自己，他会直接描述他的词语，现在，逐一分析每个玩家的描述，注意，这局游戏的词语分类为<交通工具>，卧底词和平民词都属于该类。这是第一轮描述。
2024-12-13 12:24:43,495 - 1 - INFO - **********PLAYER1**********
我注意到玩家1和玩家3的描述都提到了速度较快和铁轨运行方式，这与我的关键词特征相符。玩家2的描述提到了四轮驱动和高速性能，这与火车不太一致，因为火车通常不是四轮驱动的。玩家4的描述更像是在引导大家分析，而不是直接描述一个交通工具。因此，我会关注玩家2的描述，因为它与火车的基本特征不太匹配。
2024-12-13 12:24:43,499 - 1 - INFO - **********JUDGER**********
你刚刚的分析是我注意到玩家1和玩家3的描述都提到了速度较快和铁轨运行方式，这与我的关键词特征相符。玩家2的描述提到了四轮驱动和高速性能，这与火车不太一致，因为火车通常不是四轮驱动的。玩家4的描述更像是在引导大家分析，而不是直接描述一个交通工具。因此，我会关注玩家2的描述，因为它与火车的基本特征不太匹配。|| `请根据上述分析，比较描述以找出不一致之处，注意，这局游戏的词语分类为<交通工具>，卧底词和平民词都属于该类。
2024-12-13 12:24:51,372 - 1 - INFO - **********PLAYER1**********
根据上述分析，我们可以看到以下不一致之处：

1. 玩家1和玩家3的描述都集中在火车的速度和铁轨运行方式上，这与火车的基本特征相符。
2. 玩家2的描述提到了“四轮驱动”和“高速性能”，这些特征更符合汽车而不是火车。火车通常不是四轮驱动的，而是依靠铁轨和蒸汽、电力或内燃机来推动。
3. 玩家4的描述更像是对游戏分析方法的提示，而不是对某个交通工具的具体描述。

因此，玩家2的描述与火车的基本特征不一致，这可能是卧底。他的描述中包含的特征与火车不符，而其他玩家的描述更符合火车这一交通工具。
2024-12-13 12:24:51,373 - 1 - INFO - **********JUDGER**********
你刚刚的分析是根据上述分析，我们可以看到以下不一致之处：

1. 玩家1和玩家3的描述都集中在火车的速度和铁轨运行方式上，这与火车的基本特征相符。
2. 玩家2的描述提到了“四轮驱动”和“高速性能”，这些特征更符合汽车而不是火车。火车通常不是四轮驱动的，而是依靠铁轨和蒸汽、电力或内燃机来推动。
3. 玩家4的描述更像是对游戏分析方法的提示，而不是对某个交通工具的具体描述。

因此，玩家2的描述与火车的基本特征不一致，这可能是卧底。他的描述中包含的特征与火车不符，而其他玩家的描述更符合火车这一交通工具。|| 请通过你分析的不一致之处，推断卧底身份，注意，这局游戏的词语分类为<交通工具>，卧底词和平民词都属于该类。
2024-12-13 12:24:54,620 - 1 - INFO - **********PLAYER1**********
根据分析的不一致之处，我推断玩家2可能是卧底。他的描述中提到的“四轮驱动”和“高速性能”是汽车的特征，而不是火车。由于所有词语都属于<交通工具>类别，且其他玩家的描述都围绕着火车这一关键词，玩家2的描述与火车这一类别中的平民词不符，因此他可能是持有不同词语的卧底。
2024-12-13 12:24:54,621 - 1 - INFO - **********JUDGER**********
你刚刚的推断是根据分析的不一致之处，我推断玩家2可能是卧底。他的描述中提到的“四轮驱动”和“高速性能”是汽车的特征，而不是火车。由于所有词语都属于<交通工具>类别，且其他玩家的描述都围绕着火车这一关键词，玩家2的描述与火车这一类别中的平民词不符，因此他可能是持有不同词语的卧底。|| 基于你刚刚的推断得出你的最终结论，请输出你认为的卧底，在这种情况下只需要输出编号，是1-4中的某个数字，不要输出其他信息。在这个过程不要进行任何推理，只对||以前的部分进行信息提取
2024-12-13 12:24:55,241 - 1 - INFO - **********PLAYER1**********
2
2024-12-13 12:26:30,406 - 1 - INFO - **********JUDGER**********
玩家1说：这是一款载着人们旅行的工具，它的速度在同类交通工具中较快。它在交通工具中最独特的地方可能在于它的铁轨运行方式。玩家2说：这是一种四轮驱动的机器，用于在道路上行驶。它以其高速性能和内部装饰豪华而闻名。玩家3说：这是一种陆上交通工具，通常由多个车厢组成，乘客可以乘坐它进行长距离旅行。它最突出的不同特征是通常沿着固定的铁轨运行，这使其在直线上的速度和稳定性非常高。玩家4说：这是一款能够搭载大量乘客进行远距离旅行的工具，它主要依靠发动机驱动，在水面上行驶。它在同类交通工具中最独特的地方可能在于它的浮动能力和能够跨越水域的能力。你是第1号玩家，你的关键词是<火车>。你的回答中绝对不能包含你的关键词<火车>。这是第二轮描述，你之前的描述是这是一款载着人们旅行的工具，它的速度在同类交通工具中较快。它在交通工具中最独特的地方可能在于它的铁轨运行方式。，注意，这局游戏的词语分类为<交通工具>，卧底词和平民词都属于该类，请你补充关于关键词的描述，注意，你的描述应该比起之前的描述更加贴近关键词，作为之前的补充
2024-12-13 12:26:33,263 - 1 - INFO - **********PLAYER1**********
这款交通工具以其宽敞的车厢和舒适的乘坐体验而著称，它能够在多条轨道上穿梭，连接不同的城市和地区。它在同类交通工具中以其可靠的准时性和大规模的运输能力脱颖而出。
2024-12-13 12:26:53,507 - 1 - INFO - **********JUDGER**********
玩家1说：这是一款载着人们旅行的工具，它的速度在同类交通工具中较快。它在交通工具中最独特的地方可能在于它的铁轨运行方式。这款交通工具以其宽敞的车厢和舒适的乘坐体验而著称，它能够在多条轨道上穿梭，连接不同的城市和地区。它在同类交通工具中以其可靠的准时性和大规模的运输能力脱颖而出。玩家2说：这是一种四轮驱动的机器，用于在道路上行驶。它以其高速性能和内部装饰豪华而闻名。这种交通工具通常由多个部分组成，可以在固定轨道上平稳行驶。它能够承载大量乘客，并以其高效的运输能力和准时性著称。与同类交通工具相比，它的速度虽然不是最快的，但提供了舒适的乘坐体验和较高的安全性。玩家3说：这是一种陆上交通工具，通常由多个车厢组成，乘客可以乘坐它进行长距离旅行。它最突出的不同特征是通常沿着固定的铁轨运行，这使其在直线上的速度和稳定性非常高。这种交通工具以其精确的准时性和强大的动力系统而闻名，能够在多条线路间高效地穿梭。它的车厢设计宽敞，内部设施齐全，为乘客提供舒适的乘坐环境。此外，它的运行依赖于稳定的轨道系统，确保了高速行驶的同时，也保障了乘客的安全。这种交通工具在连接城市和地区方面发挥着重要作用，是长途旅行的主要选择之一。玩家4说：这是一款能够搭载大量乘客进行远距离旅行的工具，它主要依靠发动机驱动，在水面上行驶。它在同类交通工具中最独特的地方可能在于它的浮动能力和能够跨越水域的能力。||在这个游戏中，我们需要通过分析每位玩家的描述来找出卧底。通常，平民的描述会围绕相同的词语展开，而卧底的描述可能会因为词语的不同而显得不太一致。我们需要仔细比较每个描述之间的相似性和差异性，以找出可能的卧底，注意，卧底并不会隐藏自己，他会直接描述他的词语，现在，逐一分析每个玩家的描述，注意，这局游戏的词语分类为<交通工具>，卧底词和平民词都属于该类。||之前是第2轮描述和之前轮数描述的合集。你之前认为的卧底是玩家2。
2024-12-13 12:27:03,616 - 1 - INFO - **********PLAYER1**********
根据第二轮描述和之前轮数描述的合集，我之前的推断是玩家2可能是卧底。现在，我注意到以下情况：

- 玩家1和玩家3的描述都强调了火车的铁轨运行方式、车厢宽敞、舒适乘坐体验、准时性和动力系统。
- 玩家4的描述提到了能够搭载大量乘客进行远距离旅行的工具，依靠发动机驱动，在水面上行驶，具有浮动能力和跨越水域的能力。

玩家2的描述虽然提到了四轮驱动、高速性能、内部装饰豪华、承载大量乘客、高效的运输能力和安全性，但与火车相比，更接近汽车的特性。然而，玩家4的描述与火车和汽车都不太一致，提到了在水面上行驶的工具，这与火车和汽车的主要特征都不符。

因此，基于这些信息，我会重新考虑我的推断，并认为玩家4的描述与火车和汽车都不匹配，可能是卧底。所以，我的最终结论是玩家4可能是卧底。
2024-12-13 12:27:03,617 - 1 - INFO - **********JUDGER**********
你刚刚的分析是根据第二轮描述和之前轮数描述的合集，我之前的推断是玩家2可能是卧底。现在，我注意到以下情况：

- 玩家1和玩家3的描述都强调了火车的铁轨运行方式、车厢宽敞、舒适乘坐体验、准时性和动力系统。
- 玩家4的描述提到了能够搭载大量乘客进行远距离旅行的工具，依靠发动机驱动，在水面上行驶，具有浮动能力和跨越水域的能力。

玩家2的描述虽然提到了四轮驱动、高速性能、内部装饰豪华、承载大量乘客、高效的运输能力和安全性，但与火车相比，更接近汽车的特性。然而，玩家4的描述与火车和汽车都不太一致，提到了在水面上行驶的工具，这与火车和汽车的主要特征都不符。

因此，基于这些信息，我会重新考虑我的推断，并认为玩家4的描述与火车和汽车都不匹配，可能是卧底。所以，我的最终结论是玩家4可能是卧底。|| `请根据上述分析，比较描述以找出不一致之处，注意，这局游戏的词语分类为<交通工具>，卧底词和平民词都属于该类。
2024-12-13 12:27:13,419 - 1 - INFO - **********PLAYER1**********
根据上述分析，以下是不一致之处：

1. 玩家1和玩家3的描述都集中在火车的基本特征上，如铁轨运行、车厢宽敞、舒适乘坐、准时性和动力系统。

2. 玩家2的描述虽然提到了承载大量乘客、高效的运输能力和安全性，但强调了四轮驱动、高速性能和内部装饰豪华，这些特征更符合汽车。

3. 玩家4的描述提到了一个能够搭载大量乘客、依靠发动机驱动、在水面上行驶的工具，具有浮动能力和跨越水域的能力。这个描述既不符合火车的主要特征，也不符合汽车的主要特征。

由于所有词语都属于<交通工具>类别，玩家4的描述与火车和汽车的主要特征都不相符，这表明它可能是卧底词。因此，不一致之处在于玩家4的描述与其他玩家的描述在交通工具类别特征上的不符。
2024-12-13 12:27:13,420 - 1 - INFO - **********JUDGER**********
你刚刚的分析是根据上述分析，以下是不一致之处：

1. 玩家1和玩家3的描述都集中在火车的基本特征上，如铁轨运行、车厢宽敞、舒适乘坐、准时性和动力系统。

2. 玩家2的描述虽然提到了承载大量乘客、高效的运输能力和安全性，但强调了四轮驱动、高速性能和内部装饰豪华，这些特征更符合汽车。

3. 玩家4的描述提到了一个能够搭载大量乘客、依靠发动机驱动、在水面上行驶的工具，具有浮动能力和跨越水域的能力。这个描述既不符合火车的主要特征，也不符合汽车的主要特征。

由于所有词语都属于<交通工具>类别，玩家4的描述与火车和汽车的主要特征都不相符，这表明它可能是卧底词。因此，不一致之处在于玩家4的描述与其他玩家的描述在交通工具类别特征上的不符。|| 请通过你分析的不一致之处，推断卧底身份，注意，这局游戏的词语分类为<交通工具>，卧底词和平民词都属于该类。
2024-12-13 12:27:14,080 - 1 - INFO - **********PLAYER1**********
4
2024-12-13 12:27:14,080 - 1 - INFO - **********JUDGER**********
你刚刚的推断是4|| 基于你刚刚的推断得出你的最终结论，请输出你认为的卧底，在这种情况下只需要输出编号，是1-4中的某个数字，不要输出其他信息。在这个过程不要进行任何推理，只对||以前的部分进行信息提取
2024-12-13 12:27:15,148 - 1 - INFO - **********PLAYER1**********
4
2024-12-13 12:29:18,160 - 1 - INFO - **********JUDGER**********
玩家1说：这是一款载着人们旅行的工具，它的速度在同类交通工具中较快。它在交通工具中最独特的地方可能在于它的铁轨运行方式。这款交通工具以其宽敞的车厢和舒适的乘坐体验而著称，它能够在多条轨道上穿梭，连接不同的城市和地区。它在同类交通工具中以其可靠的准时性和大规模的运输能力脱颖而出。玩家2说：这是一种四轮驱动的机器，用于在道路上行驶。它以其高速性能和内部装饰豪华而闻名。这种交通工具通常由多个部分组成，可以在固定轨道上平稳行驶。它能够承载大量乘客，并以其高效的运输能力和准时性著称。与同类交通工具相比，它的速度虽然不是最快的，但提供了舒适的乘坐体验和较高的安全性。玩家3说：这是一种陆上交通工具，通常由多个车厢组成，乘客可以乘坐它进行长距离旅行。它最突出的不同特征是通常沿着固定的铁轨运行，这使其在直线上的速度和稳定性非常高。这种交通工具以其精确的准时性和强大的动力系统而闻名，能够在多条线路间高效地穿梭。它的车厢设计宽敞，内部设施齐全，为乘客提供舒适的乘坐环境。此外，它的运行依赖于稳定的轨道系统，确保了高速行驶的同时，也保障了乘客的安全。这种交通工具在连接城市和地区方面发挥着重要作用，是长途旅行的主要选择之一。玩家4说：这是一款能够搭载大量乘客进行远距离旅行的工具，它主要依靠发动机驱动，在水面上行驶。它在同类交通工具中最独特的地方可能在于它的浮动能力和能够跨越水域的能力。这款交通工具以其卓越的航行能力而著称，它能够在广阔的水域中平稳行驶，连接世界各地的港口。它的设计注重耐用性和安全性，能够在不同的海况下保持稳定。这种交通工具的内部空间宽敞，设施完善，为乘客提供舒适的旅行体验。它的动力系统高效，能够在多条航线之间快速切换，是国际间旅行和货物运输的关键工具。你是第1号玩家，你的关键词是<火车>。你的回答中绝对不能包含你的关键词<火车>。这是第三轮描述，你之前的描述是这是一款载着人们旅行的工具，它的速度在同类交通工具中较快。它在交通工具中最独特的地方可能在于它的铁轨运行方式。和这款交通工具以其宽敞的车厢和舒适的乘坐体验而著称，它能够在多条轨道上穿梭，连接不同的城市和地区。它在同类交通工具中以其可靠的准时性和大规模的运输能力脱颖而出。，注意，这局游戏的词语分类为<交通工具>，卧底词和平民词都属于该类，请你补充关于关键词的描述，注意，你的描述应该比起之前的描述更加贴近关键词，作为之前的补充
2024-12-13 12:29:22,113 - 1 - INFO - **********PLAYER1**********
这款交通工具以其在复杂铁路网络中的灵活调度和频繁的站停服务而闻名，它能够快速连接内陆与城市，为长途旅客提供便捷的出行选择。它的车厢内部设计注重空间利用，提供足够的行李存放空间，同时确保乘客在长途旅行中的舒适度。此外，它通常配备有先进的通讯系统，便于乘客在旅途中保持与外界的联系。
2024-12-13 12:29:37,299 - 1 - INFO - **********JUDGER**********
玩家1说：这是一款载着人们旅行的工具，它的速度在同类交通工具中较快。它在交通工具中最独特的地方可能在于它的铁轨运行方式。这款交通工具以其宽敞的车厢和舒适的乘坐体验而著称，它能够在多条轨道上穿梭，连接不同的城市和地区。它在同类交通工具中以其可靠的准时性和大规模的运输能力脱颖而出。这款交通工具以其在复杂铁路网络中的灵活调度和频繁的站停服务而闻名，它能够快速连接内陆与城市，为长途旅客提供便捷的出行选择。它的车厢内部设计注重空间利用，提供足够的行李存放空间，同时确保乘客在长途旅行中的舒适度。此外，它通常配备有先进的通讯系统，便于乘客在旅途中保持与外界的联系。玩家2说：这是一种四轮驱动的机器，用于在道路上行驶。它以其高速性能和内部装饰豪华而闻名。这种交通工具通常由多个部分组成，可以在固定轨道上平稳行驶。它能够承载大量乘客，并以其高效的运输能力和准时性著称。与同类交通工具相比，它的速度虽然不是最快的，但提供了舒适的乘坐体验和较高的安全性。这种交通工具以其独特的动力系统和在轨道上的平稳运行而著称。它能够连接多个城市和地区，提供高效的运输服务。尽管它的速度不是最快的，但它的准时性和舒适性使其成为长途旅行的优选。玩家3说：这是一种陆上交通工具，通常由多个车厢组成，乘客可以乘坐它进行长距离旅行。它最突出的不同特征是通常沿着固定的铁轨运行，这使其在直线上的速度和稳定性非常高。这种交通工具以其精确的准时性和强大的动力系统而闻名，能够在多条线路间高效地穿梭。它的车厢设计宽敞，内部设施齐全，为乘客提供舒适的乘坐环境。此外，它的运行依赖于稳定的轨道系统，确保了高速行驶的同时，也保障了乘客的安全。这种交通工具在连接城市和地区方面发挥着重要作用，是长途旅行的主要选择之一。这种交通工具以其高效的能量转换和精确的驾驶控制系统而著称，能够在不同的地形和气候条件下保持稳定的运行。它的设计注重长距离旅行的舒适性，提供了宽敞的座位和充足的行李空间。此外，它通常配备有现代化的娱乐系统，为乘客提供旅途中的娱乐。这款交通工具的维护成本相对较低，且对环境的影响较小，因此在环保方面也具有优势。玩家4说：这是一款能够搭载大量乘客进行远距离旅行的工具，它主要依靠发动机驱动，在水面上行驶。它在同类交通工具中最独特的地方可能在于它的浮动能力和能够跨越水域的能力。这款交通工具以其卓越的航行能力而著称，它能够在广阔的水域中平稳行驶，连接世界各地的港口。它的设计注重耐用性和安全性，能够在不同的海况下保持稳定。这种交通工具的内部空间宽敞，设施完善，为乘客提供舒适的旅行体验。它的动力系统高效，能够在多条航线之间快速切换，是国际间旅行和货物运输的关键工具。这款交通工具以其强大的动力和精确的导航系统而闻名，能够在海洋中稳健地行驶。它的船体结构坚固，能够抵御海浪的冲击，确保乘客和货物的安全。这种交通工具的甲板空间广阔，提供了多样化的娱乐和休闲设施，让乘客在长途航行中也能享受舒适的体验。它的航行路线遍布全球，连接着世界各地的港口和城市，是国际贸易和远洋运输的重要支柱。||在这个游戏中，我们需要通过分析每位玩家的描述来找出卧底。通常，平民的描述会围绕相同的词语展开，而卧底的描述可能会因为词语的不同而显得不太一致。我们需要仔细比较每个描述之间的相似性和差异性，以找出可能的卧底，注意，卧底并不会隐藏自己，他会直接描述他的词语，现在，逐一分析每个玩家的描述，注意，这局游戏的词语分类为<交通工具>，卧底词和平民词都属于该类。||之前是第3轮描述和之前轮数描述的合集。你之前认为的卧底是玩家4。
2024-12-13 12:29:48,684 - 1 - INFO - **********PLAYER1**********
根据第3轮描述和之前轮数描述的合集，我之前的推断是玩家4可能是卧底。现在，我将逐一分析每个玩家的描述：

1. 玩家1的描述与火车的基本特征相符，强调了铁轨运行、宽敞车厢、舒适体验、复杂铁路网络和准时性。

2. 玩家2的描述也符合火车的特征，提到了四轮驱动（可能指的是铁路车辆的多轮设计）、高速性能、内部装饰、承载能力、运输能力和准时性。

3. 玩家3的描述再次强调了火车的特征，包括固定铁轨运行、精确的准时性、强大动力系统、宽敞车厢、内部设施、安全性、高效穿梭和环保优势。

4. 玩家4的描述提到了能够搭载大量乘客进行远距离旅行的工具，依靠发动机驱动，在水面上行驶，具有浮动能力和跨越水域的能力。这与火车的主要特征不符，因为火车是铁轨上行驶的，而不是水面上。

综合以上分析，玩家4的描述与火车的主要特征不一致，因此，我的最终结论是玩家4仍然是可能的卧底。
2024-12-13 12:29:48,685 - 1 - INFO - **********JUDGER**********
你刚刚的分析是根据第3轮描述和之前轮数描述的合集，我之前的推断是玩家4可能是卧底。现在，我将逐一分析每个玩家的描述：

1. 玩家1的描述与火车的基本特征相符，强调了铁轨运行、宽敞车厢、舒适体验、复杂铁路网络和准时性。

2. 玩家2的描述也符合火车的特征，提到了四轮驱动（可能指的是铁路车辆的多轮设计）、高速性能、内部装饰、承载能力、运输能力和准时性。

3. 玩家3的描述再次强调了火车的特征，包括固定铁轨运行、精确的准时性、强大动力系统、宽敞车厢、内部设施、安全性、高效穿梭和环保优势。

4. 玩家4的描述提到了能够搭载大量乘客进行远距离旅行的工具，依靠发动机驱动，在水面上行驶，具有浮动能力和跨越水域的能力。这与火车的主要特征不符，因为火车是铁轨上行驶的，而不是水面上。

综合以上分析，玩家4的描述与火车的主要特征不一致，因此，我的最终结论是玩家4仍然是可能的卧底。|| `请根据上述分析，比较描述以找出不一致之处，注意，这局游戏的词语分类为<交通工具>，卧底词和平民词都属于该类。
2024-12-13 12:29:54,590 - 1 - INFO - **********PLAYER1**********
根据上述分析，不一致之处如下：

1. 玩家1、2和3的描述都强调了交通工具的铁轨运行、宽敞车厢、舒适体验、准时性、强大动力系统、内部设施、安全性、高效穿梭和环保优势等特征，这些都是火车的主要特征。

2. 玩家4的描述提到了能够搭载大量乘客进行远距离旅行的工具，依靠发动机驱动，在水面上行驶，具有浮动能力和跨越水域的能力。这些特征与火车不符，因为火车是沿铁轨行驶的，而不是在水面上行驶。

因此，不一致之处在于玩家4的描述中提到的“在水面上行驶”和“浮动能力”，这与火车作为铁轨上行驶的交通工具的特征不一致。
2024-12-13 12:29:54,591 - 1 - INFO - **********JUDGER**********
你刚刚的分析是根据上述分析，不一致之处如下：

1. 玩家1、2和3的描述都强调了交通工具的铁轨运行、宽敞车厢、舒适体验、准时性、强大动力系统、内部设施、安全性、高效穿梭和环保优势等特征，这些都是火车的主要特征。

2. 玩家4的描述提到了能够搭载大量乘客进行远距离旅行的工具，依靠发动机驱动，在水面上行驶，具有浮动能力和跨越水域的能力。这些特征与火车不符，因为火车是沿铁轨行驶的，而不是在水面上行驶。

因此，不一致之处在于玩家4的描述中提到的“在水面上行驶”和“浮动能力”，这与火车作为铁轨上行驶的交通工具的特征不一致。|| 请通过你分析的不一致之处，推断卧底身份，注意，这局游戏的词语分类为<交通工具>，卧底词和平民词都属于该类。
2024-12-13 12:29:55,685 - 1 - INFO - **********PLAYER1**********
4
2024-12-13 12:29:55,686 - 1 - INFO - **********JUDGER**********
你刚刚的推断是4|| 基于你刚刚的推断得出你的最终结论，请输出你认为的卧底，在这种情况下只需要输出编号，是1-4中的某个数字，不要输出其他信息。在这个过程不要进行任何推理，只对||以前的部分进行信息提取
2024-12-13 12:29:58,297 - 1 - INFO - **********PLAYER1**********
4
