2024-12-13 12:24:23,519 - 2 - INFO - **********JUDGER**********
让我们来玩一个叫做<谁是卧底>的推理游戏。基本规则：<人数>：4人。<角色分配>：每位玩家随机抽取一个词语，3名玩家拿到的词语是相同的（平民词），1名玩家拿到与之相近但不同的词语（卧底词）。<游戏流程>：1、玩家轮流描述自己的词语，但<不能>直接说出词语本身。2、描述完毕后，投票选出最像卧底的玩家。3、每轮结束后，被投票选出的玩家出局，不能再进行描述或投票。4、每轮投票结束后，如果卧底被成功找出，平民方获胜；如果卧底未被找出且卧底人数等于或超过平民人数，则卧底方获胜。你将扮演一个<玩家>，请等待你被分配到的关键词。如果你听懂了，只回答，"好的，我准备好参加游戏了"，不要输出别的信息
2024-12-13 12:24:24,564 - 2 - INFO - **********PLAYER2**********
好的，我准备好参加游戏了
2024-12-13 12:24:30,695 - 2 - INFO - **********JUDGER**********
玩家1说：这是一款载着人们旅行的工具，它的速度在同类交通工具中较快。它在交通工具中最独特的地方可能在于它的铁轨运行方式。玩家2说：玩家3说：玩家4说：|| 你是第2号玩家，你的关键词是<火车>。你的回答中绝对不能包含你的关键词<火车>。这是第一轮描述，不需要分析||之前别的玩家的描述，请你描述关键词基本特征，注意，这局游戏的词语分类为<交通工具>，卧底词和平民词都属于该类，描述包括以下两点，1.他的基本特征是什么2.他在该类（交通工具）中最突出不同的特征是什么，尽量简短
2024-12-13 12:24:31,937 - 2 - INFO - **********PLAYER2**********
这是一种四轮驱动的机器，用于在道路上行驶。它以其高速性能和内部装饰豪华而闻名。
2024-12-13 12:24:55,251 - 2 - INFO - **********JUDGER**********
玩家1说：这是一款载着人们旅行的工具，它的速度在同类交通工具中较快。它在交通工具中最独特的地方可能在于它的铁轨运行方式。玩家2说：这是一种四轮驱动的机器，用于在道路上行驶。它以其高速性能和内部装饰豪华而闻名。玩家3说：这是一种陆上交通工具，通常由多个车厢组成，乘客可以乘坐它进行长距离旅行。它最突出的不同特征是通常沿着固定的铁轨运行，这使其在直线上的速度和稳定性非常高。玩家4说：||在这个游戏中，我们需要通过分析每位玩家的描述来找出卧底。通常，平民的描述会围绕相同的词语展开，而卧底的描述可能会因为词语的不同而显得不太一致。我们需要仔细比较每个描述之间的相似性和差异性，以找出可能的卧底，注意，卧底并不会隐藏自己，他会直接描述他的词语，现在，逐一分析每个玩家的描述，注意，这局游戏的词语分类为<交通工具>，卧底词和平民词都属于该类。这是第一轮描述。
2024-12-13 12:24:59,768 - 2 - INFO - **********PLAYER2**********
我注意到玩家1、玩家3和玩家4的描述都指向了同一种交通工具，即火车，特别是提到了铁轨和速度。玩家2的描述则提到了四轮驱动和道路行驶，这与火车不符。因此，根据描述的相似性和差异性，玩家2的描述可能是不一致的，他可能是卧底。不过，我们需要更多的信息来确认这一点。
2024-12-13 12:24:59,770 - 2 - INFO - **********JUDGER**********
你刚刚的分析是我注意到玩家1、玩家3和玩家4的描述都指向了同一种交通工具，即火车，特别是提到了铁轨和速度。玩家2的描述则提到了四轮驱动和道路行驶，这与火车不符。因此，根据描述的相似性和差异性，玩家2的描述可能是不一致的，他可能是卧底。不过，我们需要更多的信息来确认这一点。|| `请根据上述分析，比较描述以找出不一致之处，注意，这局游戏的词语分类为<交通工具>，卧底词和平民词都属于该类。
2024-12-13 12:25:10,103 - 2 - INFO - **********PLAYER2**********
根据上述分析，我们可以比较描述以找出不一致之处：

- 玩家1的描述强调了交通工具的速度快和铁轨运行方式。
- 玩家3的描述提到了交通工具由多个车厢组成，用于长距离旅行，并且强调了铁轨运行和高速稳定性。
- 玩家4的描述是一个提示，他提醒我们通过分析描述来找出卧底，并且指出了平民的描述会围绕相同的词语展开，而卧底可能会直接描述他的词语。

玩家2的描述提到了四轮驱动的机器，用于在道路上行驶，并以其高速性能和内部装饰豪华而闻名。这个描述与火车不符，因为火车不是四轮驱动的，也不是在道路上行驶的，而是沿着铁轨运行的。因此，玩家2的描述在关键词的类别（交通工具）中是不一致的，这可能是卧底的特征。

不一致之处总结：
- 玩家2的描述提到了四轮驱动和道路行驶，这与火车（铁轨运行）的特性不符。
- 玩家1、玩家3和玩家4的描述都围绕着火车的特征，如铁轨、车厢和速度稳定性。
2024-12-13 12:25:10,107 - 2 - INFO - **********JUDGER**********
你刚刚的分析是根据上述分析，我们可以比较描述以找出不一致之处：

- 玩家1的描述强调了交通工具的速度快和铁轨运行方式。
- 玩家3的描述提到了交通工具由多个车厢组成，用于长距离旅行，并且强调了铁轨运行和高速稳定性。
- 玩家4的描述是一个提示，他提醒我们通过分析描述来找出卧底，并且指出了平民的描述会围绕相同的词语展开，而卧底可能会直接描述他的词语。

玩家2的描述提到了四轮驱动的机器，用于在道路上行驶，并以其高速性能和内部装饰豪华而闻名。这个描述与火车不符，因为火车不是四轮驱动的，也不是在道路上行驶的，而是沿着铁轨运行的。因此，玩家2的描述在关键词的类别（交通工具）中是不一致的，这可能是卧底的特征。

不一致之处总结：
- 玩家2的描述提到了四轮驱动和道路行驶，这与火车（铁轨运行）的特性不符。
- 玩家1、玩家3和玩家4的描述都围绕着火车的特征，如铁轨、车厢和速度稳定性。|| 请通过你分析的不一致之处，推断卧底身份，注意，这局游戏的词语分类为<交通工具>，卧底词和平民词都属于该类。
2024-12-13 12:25:20,144 - 2 - INFO - **********PLAYER2**********
基于上述分析的不一致之处，我们可以推断以下信息：

- 玩家1、玩家3和玩家4的描述都指向了火车这一特定的交通工具，强调了其铁轨运行、多车厢、长距离旅行和高速稳定性等特征。
- 玩家2的描述则提到了四轮驱动和道路行驶，这与火车不符，因为火车不是在道路上行驶的，而是沿着铁轨运行的。

由于游戏规则中提到卧底词和平民词都属于交通工具类别，而玩家2的描述与火车这一类别的其他描述不一致，我们可以推断玩家2很可能是卧底。他的关键词可能是一种在道路上行驶的、具有四轮驱动的交通工具，例如汽车或摩托车，而不是火车。
2024-12-13 12:25:20,146 - 2 - INFO - **********JUDGER**********
你刚刚的推断是基于上述分析的不一致之处，我们可以推断以下信息：

- 玩家1、玩家3和玩家4的描述都指向了火车这一特定的交通工具，强调了其铁轨运行、多车厢、长距离旅行和高速稳定性等特征。
- 玩家2的描述则提到了四轮驱动和道路行驶，这与火车不符，因为火车不是在道路上行驶的，而是沿着铁轨运行的。

由于游戏规则中提到卧底词和平民词都属于交通工具类别，而玩家2的描述与火车这一类别的其他描述不一致，我们可以推断玩家2很可能是卧底。他的关键词可能是一种在道路上行驶的、具有四轮驱动的交通工具，例如汽车或摩托车，而不是火车。|| 基于你刚刚的推断得出你的最终结论，请输出你认为的卧底，在这种情况下只需要输出编号，是1-4中的某个数字，不要输出其他信息。在这个过程不要进行任何推理，只对||以前的部分进行信息提取
2024-12-13 12:25:20,810 - 2 - INFO - **********PLAYER2**********
2
2024-12-13 12:26:33,264 - 2 - INFO - **********JUDGER**********
玩家1说：这是一款载着人们旅行的工具，它的速度在同类交通工具中较快。它在交通工具中最独特的地方可能在于它的铁轨运行方式。这款交通工具以其宽敞的车厢和舒适的乘坐体验而著称，它能够在多条轨道上穿梭，连接不同的城市和地区。它在同类交通工具中以其可靠的准时性和大规模的运输能力脱颖而出。玩家2说：这是一种四轮驱动的机器，用于在道路上行驶。它以其高速性能和内部装饰豪华而闻名。玩家3说：这是一种陆上交通工具，通常由多个车厢组成，乘客可以乘坐它进行长距离旅行。它最突出的不同特征是通常沿着固定的铁轨运行，这使其在直线上的速度和稳定性非常高。玩家4说：这是一款能够搭载大量乘客进行远距离旅行的工具，它主要依靠发动机驱动，在水面上行驶。它在同类交通工具中最独特的地方可能在于它的浮动能力和能够跨越水域的能力。你是第2号玩家，你的关键词是<火车>。你的回答中绝对不能包含你的关键词<火车>。这是第二轮描述，你之前的描述是这是一种四轮驱动的机器，用于在道路上行驶。它以其高速性能和内部装饰豪华而闻名。，注意，这局游戏的词语分类为<交通工具>，卧底词和平民词都属于该类，请你补充关于关键词的描述，注意，你的描述应该比起之前的描述更加贴近关键词，作为之前的补充
2024-12-13 12:26:35,573 - 2 - INFO - **********PLAYER2**********
这种交通工具通常由多个部分组成，可以在固定轨道上平稳行驶。它能够承载大量乘客，并以其高效的运输能力和准时性著称。与同类交通工具相比，它的速度虽然不是最快的，但提供了舒适的乘坐体验和较高的安全性。
2024-12-13 12:27:15,149 - 2 - INFO - **********JUDGER**********
玩家1说：这是一款载着人们旅行的工具，它的速度在同类交通工具中较快。它在交通工具中最独特的地方可能在于它的铁轨运行方式。这款交通工具以其宽敞的车厢和舒适的乘坐体验而著称，它能够在多条轨道上穿梭，连接不同的城市和地区。它在同类交通工具中以其可靠的准时性和大规模的运输能力脱颖而出。玩家2说：这是一种四轮驱动的机器，用于在道路上行驶。它以其高速性能和内部装饰豪华而闻名。这种交通工具通常由多个部分组成，可以在固定轨道上平稳行驶。它能够承载大量乘客，并以其高效的运输能力和准时性著称。与同类交通工具相比，它的速度虽然不是最快的，但提供了舒适的乘坐体验和较高的安全性。玩家3说：这是一种陆上交通工具，通常由多个车厢组成，乘客可以乘坐它进行长距离旅行。它最突出的不同特征是通常沿着固定的铁轨运行，这使其在直线上的速度和稳定性非常高。这种交通工具以其精确的准时性和强大的动力系统而闻名，能够在多条线路间高效地穿梭。它的车厢设计宽敞，内部设施齐全，为乘客提供舒适的乘坐环境。此外，它的运行依赖于稳定的轨道系统，确保了高速行驶的同时，也保障了乘客的安全。这种交通工具在连接城市和地区方面发挥着重要作用，是长途旅行的主要选择之一。玩家4说：这是一款能够搭载大量乘客进行远距离旅行的工具，它主要依靠发动机驱动，在水面上行驶。它在同类交通工具中最独特的地方可能在于它的浮动能力和能够跨越水域的能力。||在这个游戏中，我们需要通过分析每位玩家的描述来找出卧底。通常，平民的描述会围绕相同的词语展开，而卧底的描述可能会因为词语的不同而显得不太一致。我们需要仔细比较每个描述之间的相似性和差异性，以找出可能的卧底，注意，卧底并不会隐藏自己，他会直接描述他的词语，现在，逐一分析每个玩家的描述，注意，这局游戏的词语分类为<交通工具>，卧底词和平民词都属于该类。||之前是第2轮描述和之前轮数描述的合集。你之前认为的卧底是玩家2。
2024-12-13 12:27:31,721 - 2 - INFO - **********PLAYER2**********
根据目前所有玩家的描述，我们可以看到以下模式：

- 玩家1、玩家3和玩家4的描述都集中在一种陆上交通工具，这种交通工具通常由多个车厢组成，用于长距离旅行，沿着固定铁轨运行，具有高速、准时和舒适性等特点。
- 玩家2的描述虽然也提到了承载大量乘客、运输能力和准时性，但强调了四轮驱动、在道路上行驶、高速性能和内部装饰豪华，这些特点与火车不符。

尽管玩家2的描述在第一轮中显得不一致，但在第二轮中，他的描述与玩家1、玩家3和玩家4的描述更加接近，都提到了承载大量乘客、运输能力和准时性。因此，如果之前的推断是基于第一轮描述，那么在第二轮描述中，玩家2的描述并没有显示出明显的不一致性。

由于所有玩家的描述都在同一类别下，即交通工具，而且没有明显的错误或矛盾，我们可以推断玩家2可能并不是卧底。然而，由于没有新的信息表明玩家2的描述与火车这一特定词语有明显的差异，我们无法确定他是卧底。

因此，基于目前的信息，我们不能确定玩家2是卧底，也无法排除其他玩家的可能性。需要更多的信息或者下一轮的描述来进一步判断。
2024-12-13 12:27:31,724 - 2 - INFO - **********JUDGER**********
你刚刚的分析是根据目前所有玩家的描述，我们可以看到以下模式：

- 玩家1、玩家3和玩家4的描述都集中在一种陆上交通工具，这种交通工具通常由多个车厢组成，用于长距离旅行，沿着固定铁轨运行，具有高速、准时和舒适性等特点。
- 玩家2的描述虽然也提到了承载大量乘客、运输能力和准时性，但强调了四轮驱动、在道路上行驶、高速性能和内部装饰豪华，这些特点与火车不符。

尽管玩家2的描述在第一轮中显得不一致，但在第二轮中，他的描述与玩家1、玩家3和玩家4的描述更加接近，都提到了承载大量乘客、运输能力和准时性。因此，如果之前的推断是基于第一轮描述，那么在第二轮描述中，玩家2的描述并没有显示出明显的不一致性。

由于所有玩家的描述都在同一类别下，即交通工具，而且没有明显的错误或矛盾，我们可以推断玩家2可能并不是卧底。然而，由于没有新的信息表明玩家2的描述与火车这一特定词语有明显的差异，我们无法确定他是卧底。

因此，基于目前的信息，我们不能确定玩家2是卧底，也无法排除其他玩家的可能性。需要更多的信息或者下一轮的描述来进一步判断。|| `请根据上述分析，比较描述以找出不一致之处，注意，这局游戏的词语分类为<交通工具>，卧底词和平民词都属于该类。
2024-12-13 12:27:40,616 - 2 - INFO - **********PLAYER2**********
根据上述分析，我们可以比较描述以找出不一致之处：

- 玩家1、玩家3和玩家4的描述都指向了同一种交通工具，即火车。这些描述都强调了火车的多个车厢、长距离旅行、铁轨运行、高速、准时、舒适性、大规模运输能力以及连接城市和地区的作用。
- 玩家2的描述虽然也提到了承载大量乘客、运输能力和准时性，但他强调了四轮驱动、在道路上行驶、高速性能和内部装饰豪华。这些特点与火车不符，因为火车不是四轮驱动的，也不是在道路上行驶的。

不一致之处总结：
- 玩家2的描述中提到的“四轮驱动”和“在道路上行驶”与火车不符，而其他玩家描述的特点与火车相符。
2024-12-13 12:27:40,617 - 2 - INFO - **********JUDGER**********
你刚刚的分析是根据上述分析，我们可以比较描述以找出不一致之处：

- 玩家1、玩家3和玩家4的描述都指向了同一种交通工具，即火车。这些描述都强调了火车的多个车厢、长距离旅行、铁轨运行、高速、准时、舒适性、大规模运输能力以及连接城市和地区的作用。
- 玩家2的描述虽然也提到了承载大量乘客、运输能力和准时性，但他强调了四轮驱动、在道路上行驶、高速性能和内部装饰豪华。这些特点与火车不符，因为火车不是四轮驱动的，也不是在道路上行驶的。

不一致之处总结：
- 玩家2的描述中提到的“四轮驱动”和“在道路上行驶”与火车不符，而其他玩家描述的特点与火车相符。|| 请通过你分析的不一致之处，推断卧底身份，注意，这局游戏的词语分类为<交通工具>，卧底词和平民词都属于该类。
2024-12-13 12:27:42,632 - 2 - INFO - **********PLAYER2**********
2
2024-12-13 12:27:42,632 - 2 - INFO - **********JUDGER**********
你刚刚的推断是2|| 基于你刚刚的推断得出你的最终结论，请输出你认为的卧底，在这种情况下只需要输出编号，是1-4中的某个数字，不要输出其他信息。在这个过程不要进行任何推理，只对||以前的部分进行信息提取
2024-12-13 12:27:43,691 - 2 - INFO - **********PLAYER2**********
2
2024-12-13 12:29:22,114 - 2 - INFO - **********JUDGER**********
玩家1说：这是一款载着人们旅行的工具，它的速度在同类交通工具中较快。它在交通工具中最独特的地方可能在于它的铁轨运行方式。这款交通工具以其宽敞的车厢和舒适的乘坐体验而著称，它能够在多条轨道上穿梭，连接不同的城市和地区。它在同类交通工具中以其可靠的准时性和大规模的运输能力脱颖而出。这款交通工具以其在复杂铁路网络中的灵活调度和频繁的站停服务而闻名，它能够快速连接内陆与城市，为长途旅客提供便捷的出行选择。它的车厢内部设计注重空间利用，提供足够的行李存放空间，同时确保乘客在长途旅行中的舒适度。此外，它通常配备有先进的通讯系统，便于乘客在旅途中保持与外界的联系。玩家2说：这是一种四轮驱动的机器，用于在道路上行驶。它以其高速性能和内部装饰豪华而闻名。这种交通工具通常由多个部分组成，可以在固定轨道上平稳行驶。它能够承载大量乘客，并以其高效的运输能力和准时性著称。与同类交通工具相比，它的速度虽然不是最快的，但提供了舒适的乘坐体验和较高的安全性。玩家3说：这是一种陆上交通工具，通常由多个车厢组成，乘客可以乘坐它进行长距离旅行。它最突出的不同特征是通常沿着固定的铁轨运行，这使其在直线上的速度和稳定性非常高。这种交通工具以其精确的准时性和强大的动力系统而闻名，能够在多条线路间高效地穿梭。它的车厢设计宽敞，内部设施齐全，为乘客提供舒适的乘坐环境。此外，它的运行依赖于稳定的轨道系统，确保了高速行驶的同时，也保障了乘客的安全。这种交通工具在连接城市和地区方面发挥着重要作用，是长途旅行的主要选择之一。玩家4说：这是一款能够搭载大量乘客进行远距离旅行的工具，它主要依靠发动机驱动，在水面上行驶。它在同类交通工具中最独特的地方可能在于它的浮动能力和能够跨越水域的能力。这款交通工具以其卓越的航行能力而著称，它能够在广阔的水域中平稳行驶，连接世界各地的港口。它的设计注重耐用性和安全性，能够在不同的海况下保持稳定。这种交通工具的内部空间宽敞，设施完善，为乘客提供舒适的旅行体验。它的动力系统高效，能够在多条航线之间快速切换，是国际间旅行和货物运输的关键工具。你是第2号玩家，你的关键词是<火车>。你的回答中绝对不能包含你的关键词<火车>。这是第三轮描述，你之前的描述是这是一种四轮驱动的机器，用于在道路上行驶。它以其高速性能和内部装饰豪华而闻名。和这种交通工具通常由多个部分组成，可以在固定轨道上平稳行驶。它能够承载大量乘客，并以其高效的运输能力和准时性著称。与同类交通工具相比，它的速度虽然不是最快的，但提供了舒适的乘坐体验和较高的安全性。，注意，这局游戏的词语分类为<交通工具>，卧底词和平民词都属于该类，请你补充关于关键词的描述，注意，你的描述应该比起之前的描述更加贴近关键词，作为之前的补充
2024-12-13 12:29:28,248 - 2 - INFO - **********PLAYER2**********
这种交通工具以其独特的动力系统和在轨道上的平稳运行而著称。它能够连接多个城市和地区，提供高效的运输服务。尽管它的速度不是最快的，但它的准时性和舒适性使其成为长途旅行的优选。
2024-12-13 12:29:58,297 - 2 - INFO - **********JUDGER**********
玩家1说：这是一款载着人们旅行的工具，它的速度在同类交通工具中较快。它在交通工具中最独特的地方可能在于它的铁轨运行方式。这款交通工具以其宽敞的车厢和舒适的乘坐体验而著称，它能够在多条轨道上穿梭，连接不同的城市和地区。它在同类交通工具中以其可靠的准时性和大规模的运输能力脱颖而出。这款交通工具以其在复杂铁路网络中的灵活调度和频繁的站停服务而闻名，它能够快速连接内陆与城市，为长途旅客提供便捷的出行选择。它的车厢内部设计注重空间利用，提供足够的行李存放空间，同时确保乘客在长途旅行中的舒适度。此外，它通常配备有先进的通讯系统，便于乘客在旅途中保持与外界的联系。玩家2说：这是一种四轮驱动的机器，用于在道路上行驶。它以其高速性能和内部装饰豪华而闻名。这种交通工具通常由多个部分组成，可以在固定轨道上平稳行驶。它能够承载大量乘客，并以其高效的运输能力和准时性著称。与同类交通工具相比，它的速度虽然不是最快的，但提供了舒适的乘坐体验和较高的安全性。这种交通工具以其独特的动力系统和在轨道上的平稳运行而著称。它能够连接多个城市和地区，提供高效的运输服务。尽管它的速度不是最快的，但它的准时性和舒适性使其成为长途旅行的优选。玩家3说：这是一种陆上交通工具，通常由多个车厢组成，乘客可以乘坐它进行长距离旅行。它最突出的不同特征是通常沿着固定的铁轨运行，这使其在直线上的速度和稳定性非常高。这种交通工具以其精确的准时性和强大的动力系统而闻名，能够在多条线路间高效地穿梭。它的车厢设计宽敞，内部设施齐全，为乘客提供舒适的乘坐环境。此外，它的运行依赖于稳定的轨道系统，确保了高速行驶的同时，也保障了乘客的安全。这种交通工具在连接城市和地区方面发挥着重要作用，是长途旅行的主要选择之一。这种交通工具以其高效的能量转换和精确的驾驶控制系统而著称，能够在不同的地形和气候条件下保持稳定的运行。它的设计注重长距离旅行的舒适性，提供了宽敞的座位和充足的行李空间。此外，它通常配备有现代化的娱乐系统，为乘客提供旅途中的娱乐。这款交通工具的维护成本相对较低，且对环境的影响较小，因此在环保方面也具有优势。玩家4说：这是一款能够搭载大量乘客进行远距离旅行的工具，它主要依靠发动机驱动，在水面上行驶。它在同类交通工具中最独特的地方可能在于它的浮动能力和能够跨越水域的能力。这款交通工具以其卓越的航行能力而著称，它能够在广阔的水域中平稳行驶，连接世界各地的港口。它的设计注重耐用性和安全性，能够在不同的海况下保持稳定。这种交通工具的内部空间宽敞，设施完善，为乘客提供舒适的旅行体验。它的动力系统高效，能够在多条航线之间快速切换，是国际间旅行和货物运输的关键工具。这款交通工具以其强大的动力和精确的导航系统而闻名，能够在海洋中稳健地行驶。它的船体结构坚固，能够抵御海浪的冲击，确保乘客和货物的安全。这种交通工具的甲板空间广阔，提供了多样化的娱乐和休闲设施，让乘客在长途航行中也能享受舒适的体验。它的航行路线遍布全球，连接着世界各地的港口和城市，是国际贸易和远洋运输的重要支柱。||在这个游戏中，我们需要通过分析每位玩家的描述来找出卧底。通常，平民的描述会围绕相同的词语展开，而卧底的描述可能会因为词语的不同而显得不太一致。我们需要仔细比较每个描述之间的相似性和差异性，以找出可能的卧底，注意，卧底并不会隐藏自己，他会直接描述他的词语，现在，逐一分析每个玩家的描述，注意，这局游戏的词语分类为<交通工具>，卧底词和平民词都属于该类。||之前是第3轮描述和之前轮数描述的合集。你之前认为的卧底是玩家2。
2024-12-13 12:30:07,960 - 2 - INFO - **********PLAYER2**********
根据目前所有玩家的描述，以下是我的分析：

- 玩家1、玩家2和玩家3的描述都指向了同一种交通工具，即火车。他们都提到了火车的铁轨运行方式、宽敞的车厢、舒适的乘坐体验、连接城市和地区、可靠的准时性、大规模的运输能力、灵活的调度和频繁的站停服务、车厢内部设计、行李存放空间、通讯系统等特征。
- 玩家4的描述则指向了另一种交通工具，即船舶。他提到了船舶的浮动能力、跨越水域、航行能力、连接港口、耐用性、安全性、内部空间、设施完善、动力系统、航线、甲板空间、娱乐和休闲设施、全球航行路线等特征。

由于玩家4的描述与火车不符，而是指向了船舶，因此可以推断玩家4可能是卧底。其他玩家的描述在交通工具类别中保持一致，指向火车。

因此，基于目前的信息，我认为卧底是玩家4。
2024-12-13 12:30:07,962 - 2 - INFO - **********JUDGER**********
你刚刚的分析是根据目前所有玩家的描述，以下是我的分析：

- 玩家1、玩家2和玩家3的描述都指向了同一种交通工具，即火车。他们都提到了火车的铁轨运行方式、宽敞的车厢、舒适的乘坐体验、连接城市和地区、可靠的准时性、大规模的运输能力、灵活的调度和频繁的站停服务、车厢内部设计、行李存放空间、通讯系统等特征。
- 玩家4的描述则指向了另一种交通工具，即船舶。他提到了船舶的浮动能力、跨越水域、航行能力、连接港口、耐用性、安全性、内部空间、设施完善、动力系统、航线、甲板空间、娱乐和休闲设施、全球航行路线等特征。

由于玩家4的描述与火车不符，而是指向了船舶，因此可以推断玩家4可能是卧底。其他玩家的描述在交通工具类别中保持一致，指向火车。

因此，基于目前的信息，我认为卧底是玩家4。|| `请根据上述分析，比较描述以找出不一致之处，注意，这局游戏的词语分类为<交通工具>，卧底词和平民词都属于该类。
2024-12-13 12:30:21,028 - 2 - INFO - **********PLAYER2**********
根据上述分析，我们可以比较描述以找出不一致之处：

- 玩家1、玩家2和玩家3的描述都集中在火车这一交通工具上，提到了火车的铁轨运行、车厢、乘坐体验、连接城市和地区、准时性、运输能力、调度、站停服务、内部设计、行李存放空间、通讯系统等特征。
- 玩家4的描述则指向了船舶，提到了船舶的浮动能力、跨越水域、航行能力、连接港口、耐用性、安全性、内部空间、设施完善、动力系统、航线、甲板空间、娱乐和休闲设施、全球航行路线等特征。

不一致之处总结：
- 玩家4的描述与火车这一类别不符，而是指向了船舶这一类别。
- 玩家1、玩家2和玩家3的描述都围绕火车展开，强调了火车作为陆上交通工具的特征。

因此，基于描述的不一致性，我们可以推断玩家4的描述与游戏中的交通工具类别不一致，他可能是卧底。
2024-12-13 12:30:21,030 - 2 - INFO - **********JUDGER**********
你刚刚的分析是根据上述分析，我们可以比较描述以找出不一致之处：

- 玩家1、玩家2和玩家3的描述都集中在火车这一交通工具上，提到了火车的铁轨运行、车厢、乘坐体验、连接城市和地区、准时性、运输能力、调度、站停服务、内部设计、行李存放空间、通讯系统等特征。
- 玩家4的描述则指向了船舶，提到了船舶的浮动能力、跨越水域、航行能力、连接港口、耐用性、安全性、内部空间、设施完善、动力系统、航线、甲板空间、娱乐和休闲设施、全球航行路线等特征。

不一致之处总结：
- 玩家4的描述与火车这一类别不符，而是指向了船舶这一类别。
- 玩家1、玩家2和玩家3的描述都围绕火车展开，强调了火车作为陆上交通工具的特征。

因此，基于描述的不一致性，我们可以推断玩家4的描述与游戏中的交通工具类别不一致，他可能是卧底。|| 请通过你分析的不一致之处，推断卧底身份，注意，这局游戏的词语分类为<交通工具>，卧底词和平民词都属于该类。
2024-12-13 12:30:23,393 - 2 - INFO - **********PLAYER2**********
4
2024-12-13 12:30:23,394 - 2 - INFO - **********JUDGER**********
你刚刚的推断是4|| 基于你刚刚的推断得出你的最终结论，请输出你认为的卧底，在这种情况下只需要输出编号，是1-4中的某个数字，不要输出其他信息。在这个过程不要进行任何推理，只对||以前的部分进行信息提取
2024-12-13 12:30:24,902 - 2 - INFO - **********PLAYER2**********
4
