2024-12-13 12:24:25,511 - 3 - INFO - **********JUDGER**********
让我们来玩一个叫做<谁是卧底>的推理游戏。基本规则：<人数>：4人。<角色分配>：每位玩家随机抽取一个词语，3名玩家拿到的词语是相同的（平民词），1名玩家拿到与之相近但不同的词语（卧底词）。<游戏流程>：1、玩家轮流描述自己的词语，但<不能>直接说出词语本身。2、描述完毕后，投票选出最像卧底的玩家。3、每轮结束后，被投票选出的玩家出局，不能再进行描述或投票。4、每轮投票结束后，如果卧底被成功找出，平民方获胜；如果卧底未被找出且卧底人数等于或超过平民人数，则卧底方获胜。你将扮演一个<玩家>，请等待你被分配到的关键词。如果你听懂了，只回答，"好的，我准备好参加游戏了"，不要输出别的信息
2024-12-13 12:24:26,918 - 3 - INFO - **********PLAYER3**********
好的，我准备好参加游戏了
2024-12-13 12:24:31,938 - 3 - INFO - **********JUDGER**********
玩家1说：这是一款载着人们旅行的工具，它的速度在同类交通工具中较快。它在交通工具中最独特的地方可能在于它的铁轨运行方式。玩家2说：这是一种四轮驱动的机器，用于在道路上行驶。它以其高速性能和内部装饰豪华而闻名。玩家3说：玩家4说：|| 你是第3号玩家，你的关键词是<火车>。你的回答中绝对不能包含你的关键词<火车>。这是第一轮描述，不需要分析||之前别的玩家的描述，请你描述关键词基本特征，注意，这局游戏的词语分类为<交通工具>，卧底词和平民词都属于该类，描述包括以下两点，1.他的基本特征是什么2.他在该类（交通工具）中最突出不同的特征是什么，尽量简短
2024-12-13 12:24:33,761 - 3 - INFO - **********PLAYER3**********
这是一种陆上交通工具，通常由多个车厢组成，乘客可以乘坐它进行长距离旅行。它最突出的不同特征是通常沿着固定的铁轨运行，这使其在直线上的速度和稳定性非常高。
2024-12-13 12:25:20,811 - 3 - INFO - **********JUDGER**********
玩家1说：这是一款载着人们旅行的工具，它的速度在同类交通工具中较快。它在交通工具中最独特的地方可能在于它的铁轨运行方式。玩家2说：这是一种四轮驱动的机器，用于在道路上行驶。它以其高速性能和内部装饰豪华而闻名。玩家3说：这是一种陆上交通工具，通常由多个车厢组成，乘客可以乘坐它进行长距离旅行。它最突出的不同特征是通常沿着固定的铁轨运行，这使其在直线上的速度和稳定性非常高。玩家4说：||在这个游戏中，我们需要通过分析每位玩家的描述来找出卧底。通常，平民的描述会围绕相同的词语展开，而卧底的描述可能会因为词语的不同而显得不太一致。我们需要仔细比较每个描述之间的相似性和差异性，以找出可能的卧底，注意，卧底并不会隐藏自己，他会直接描述他的词语，现在，逐一分析每个玩家的描述，注意，这局游戏的词语分类为<交通工具>，卧底词和平民词都属于该类。这是第一轮描述。
2024-12-13 12:25:27,191 - 3 - INFO - **********PLAYER3**********
玩家1和玩家3的描述都提到了交通工具的速度快、沿着铁轨运行，以及用于长距离旅行，这些特征与火车相符。玩家2的描述提到了四轮驱动、道路行驶、高速性能和豪华内部装饰，这些特征与火车不太相符，更像是汽车的描述。玩家4的描述虽然也提到了铁轨运行和速度，但没有具体提到车厢和长距离旅行的特征，这与火车描述的完整性有所不同。

根据这些信息，玩家2的描述可能最不符合火车的特征，因此可能是卧底。玩家4的描述虽然有一些不完整，但仍然包含了火车的关键特征，因此看起来更像是一个平民。然而，这只是一个初步的分析，需要更多的描述和投票来确定卧底的身份。
2024-12-13 12:25:27,192 - 3 - INFO - **********JUDGER**********
你刚刚的分析是玩家1和玩家3的描述都提到了交通工具的速度快、沿着铁轨运行，以及用于长距离旅行，这些特征与火车相符。玩家2的描述提到了四轮驱动、道路行驶、高速性能和豪华内部装饰，这些特征与火车不太相符，更像是汽车的描述。玩家4的描述虽然也提到了铁轨运行和速度，但没有具体提到车厢和长距离旅行的特征，这与火车描述的完整性有所不同。

根据这些信息，玩家2的描述可能最不符合火车的特征，因此可能是卧底。玩家4的描述虽然有一些不完整，但仍然包含了火车的关键特征，因此看起来更像是一个平民。然而，这只是一个初步的分析，需要更多的描述和投票来确定卧底的身份。|| `请根据上述分析，比较描述以找出不一致之处，注意，这局游戏的词语分类为<交通工具>，卧底词和平民词都属于该类。
2024-12-13 12:25:35,640 - 3 - INFO - **********PLAYER3**********
根据上述分析，我们可以比较描述中的一致性和不一致性如下：

1. 一致性：
   - 玩家1和玩家3的描述都提到了“速度快”、“沿着铁轨运行”和“用于长距离旅行”，这些都是火车的典型特征。

2. 不一致性：
   - 玩家2的描述提到了“四轮驱动”、“道路行驶”、“高速性能”和“豪华内部装饰”。这些特征更符合汽车，而不是火车。火车通常不被称为“四轮驱动”的机器，也不在道路上行驶，而是沿着铁轨运行。

   - 玩家4的描述提到了“铁轨运行”和“速度”，但没有提到火车特有的“车厢”和“长距离旅行”等特征。这表明玩家4的描述可能不如玩家1和玩家3的描述完整。

综上所述，玩家2的描述与火车的特征最不一致，而玩家4的描述虽然不够完整，但仍然包含了火车的关键特征。因此，玩家2的描述可能是卧底，而玩家4的描述可能是平民。然而，最终确定卧底身份还需要进一步的描述和投票。
2024-12-13 12:25:35,643 - 3 - INFO - **********JUDGER**********
你刚刚的分析是根据上述分析，我们可以比较描述中的一致性和不一致性如下：

1. 一致性：
   - 玩家1和玩家3的描述都提到了“速度快”、“沿着铁轨运行”和“用于长距离旅行”，这些都是火车的典型特征。

2. 不一致性：
   - 玩家2的描述提到了“四轮驱动”、“道路行驶”、“高速性能”和“豪华内部装饰”。这些特征更符合汽车，而不是火车。火车通常不被称为“四轮驱动”的机器，也不在道路上行驶，而是沿着铁轨运行。

   - 玩家4的描述提到了“铁轨运行”和“速度”，但没有提到火车特有的“车厢”和“长距离旅行”等特征。这表明玩家4的描述可能不如玩家1和玩家3的描述完整。

综上所述，玩家2的描述与火车的特征最不一致，而玩家4的描述虽然不够完整，但仍然包含了火车的关键特征。因此，玩家2的描述可能是卧底，而玩家4的描述可能是平民。然而，最终确定卧底身份还需要进一步的描述和投票。|| 请通过你分析的不一致之处，推断卧底身份，注意，这局游戏的词语分类为<交通工具>，卧底词和平民词都属于该类。
2024-12-13 12:25:46,694 - 3 - INFO - **********PLAYER3**********
基于上述分析，我们可以做出以下推断：

- 玩家1和玩家3的描述都集中在火车的基本特征上，即“速度快”、“沿着铁轨运行”和“用于长距离旅行”，这与火车的典型特征高度一致。
- 玩家4的描述虽然提到了“铁轨运行”和“速度”，但缺乏关于车厢和长距离旅行的描述，这可能意味着玩家4是平民，因为火车的完整描述应该包括这些特征。
- 玩家2的描述则完全不符合火车的特征，提到了“四轮驱动”、“道路行驶”、“高速性能”和“豪华内部装饰”，这些特征更符合汽车，尤其是豪华汽车。

因此，根据描述中的不一致性，玩家2的描述最可能是与游戏类别<交通工具>不匹配的卧底词。玩家的任务是通过进一步的描述和投票来确认这一推断。
2024-12-13 12:25:46,698 - 3 - INFO - **********JUDGER**********
你刚刚的推断是基于上述分析，我们可以做出以下推断：

- 玩家1和玩家3的描述都集中在火车的基本特征上，即“速度快”、“沿着铁轨运行”和“用于长距离旅行”，这与火车的典型特征高度一致。
- 玩家4的描述虽然提到了“铁轨运行”和“速度”，但缺乏关于车厢和长距离旅行的描述，这可能意味着玩家4是平民，因为火车的完整描述应该包括这些特征。
- 玩家2的描述则完全不符合火车的特征，提到了“四轮驱动”、“道路行驶”、“高速性能”和“豪华内部装饰”，这些特征更符合汽车，尤其是豪华汽车。

因此，根据描述中的不一致性，玩家2的描述最可能是与游戏类别<交通工具>不匹配的卧底词。玩家的任务是通过进一步的描述和投票来确认这一推断。|| 基于你刚刚的推断得出你的最终结论，请输出你认为的卧底，在这种情况下只需要输出编号，是1-4中的某个数字，不要输出其他信息。在这个过程不要进行任何推理，只对||以前的部分进行信息提取
2024-12-13 12:25:47,420 - 3 - INFO - **********PLAYER3**********
2
2024-12-13 12:26:35,574 - 3 - INFO - **********JUDGER**********
玩家1说：这是一款载着人们旅行的工具，它的速度在同类交通工具中较快。它在交通工具中最独特的地方可能在于它的铁轨运行方式。这款交通工具以其宽敞的车厢和舒适的乘坐体验而著称，它能够在多条轨道上穿梭，连接不同的城市和地区。它在同类交通工具中以其可靠的准时性和大规模的运输能力脱颖而出。玩家2说：这是一种四轮驱动的机器，用于在道路上行驶。它以其高速性能和内部装饰豪华而闻名。这种交通工具通常由多个部分组成，可以在固定轨道上平稳行驶。它能够承载大量乘客，并以其高效的运输能力和准时性著称。与同类交通工具相比，它的速度虽然不是最快的，但提供了舒适的乘坐体验和较高的安全性。玩家3说：这是一种陆上交通工具，通常由多个车厢组成，乘客可以乘坐它进行长距离旅行。它最突出的不同特征是通常沿着固定的铁轨运行，这使其在直线上的速度和稳定性非常高。玩家4说：这是一款能够搭载大量乘客进行远距离旅行的工具，它主要依靠发动机驱动，在水面上行驶。它在同类交通工具中最独特的地方可能在于它的浮动能力和能够跨越水域的能力。你是第3号玩家，你的关键词是<火车>。你的回答中绝对不能包含你的关键词<火车>。这是第二轮描述，你之前的描述是这是一种陆上交通工具，通常由多个车厢组成，乘客可以乘坐它进行长距离旅行。它最突出的不同特征是通常沿着固定的铁轨运行，这使其在直线上的速度和稳定性非常高。，注意，这局游戏的词语分类为<交通工具>，卧底词和平民词都属于该类，请你补充关于关键词的描述，注意，你的描述应该比起之前的描述更加贴近关键词，作为之前的补充
2024-12-13 12:26:40,014 - 3 - INFO - **********PLAYER3**********
这种交通工具以其精确的准时性和强大的动力系统而闻名，能够在多条线路间高效地穿梭。它的车厢设计宽敞，内部设施齐全，为乘客提供舒适的乘坐环境。此外，它的运行依赖于稳定的轨道系统，确保了高速行驶的同时，也保障了乘客的安全。这种交通工具在连接城市和地区方面发挥着重要作用，是长途旅行的主要选择之一。
2024-12-13 12:27:43,694 - 3 - INFO - **********JUDGER**********
玩家1说：这是一款载着人们旅行的工具，它的速度在同类交通工具中较快。它在交通工具中最独特的地方可能在于它的铁轨运行方式。这款交通工具以其宽敞的车厢和舒适的乘坐体验而著称，它能够在多条轨道上穿梭，连接不同的城市和地区。它在同类交通工具中以其可靠的准时性和大规模的运输能力脱颖而出。玩家2说：这是一种四轮驱动的机器，用于在道路上行驶。它以其高速性能和内部装饰豪华而闻名。这种交通工具通常由多个部分组成，可以在固定轨道上平稳行驶。它能够承载大量乘客，并以其高效的运输能力和准时性著称。与同类交通工具相比，它的速度虽然不是最快的，但提供了舒适的乘坐体验和较高的安全性。玩家3说：这是一种陆上交通工具，通常由多个车厢组成，乘客可以乘坐它进行长距离旅行。它最突出的不同特征是通常沿着固定的铁轨运行，这使其在直线上的速度和稳定性非常高。这种交通工具以其精确的准时性和强大的动力系统而闻名，能够在多条线路间高效地穿梭。它的车厢设计宽敞，内部设施齐全，为乘客提供舒适的乘坐环境。此外，它的运行依赖于稳定的轨道系统，确保了高速行驶的同时，也保障了乘客的安全。这种交通工具在连接城市和地区方面发挥着重要作用，是长途旅行的主要选择之一。玩家4说：这是一款能够搭载大量乘客进行远距离旅行的工具，它主要依靠发动机驱动，在水面上行驶。它在同类交通工具中最独特的地方可能在于它的浮动能力和能够跨越水域的能力。||在这个游戏中，我们需要通过分析每位玩家的描述来找出卧底。通常，平民的描述会围绕相同的词语展开，而卧底的描述可能会因为词语的不同而显得不太一致。我们需要仔细比较每个描述之间的相似性和差异性，以找出可能的卧底，注意，卧底并不会隐藏自己，他会直接描述他的词语，现在，逐一分析每个玩家的描述，注意，这局游戏的词语分类为<交通工具>，卧底词和平民词都属于该类。||之前是第2轮描述和之前轮数描述的合集。你之前认为的卧底是玩家2。
2024-12-13 12:27:59,024 - 3 - INFO - **********PLAYER3**********
根据第二轮描述和之前的分析，以下是对每位玩家描述的分析：

- 玩家1的描述与火车特征相符，强调了速度快、铁轨运行、宽敞车厢、舒适体验、多条轨道、连接城市和地区、可靠准时性以及大规模运输能力。
- 玩家2的描述虽然提到了固定轨道、承载大量乘客、高效的运输能力和准时性，但强调了四轮驱动、道路行驶、高速性能和豪华内部装饰，这与火车的特征不完全一致，更像是汽车的描述。
- 玩家3的描述与火车特征高度一致，强调了固定铁轨运行、精确的准时性、强大的动力系统、多条线路穿梭、宽敞车厢、舒适环境和连接城市和地区。
- 玩家4的描述提到了搭载大量乘客、远距离旅行、发动机驱动和水面上行驶，强调了浮动能力和跨越水域的能力，这与火车的特征不一致，更像是轮船或某些类型的船只。

基于这些描述，玩家2和玩家4的描述与火车特征不一致，而玩家1和玩家3的描述与火车特征高度一致。由于玩家2在第一轮描述中已经被怀疑是卧底，且第二轮描述仍然没有提供明确的火车特征，因此玩家2仍然是一个可能的卧底候选人。玩家4的描述与火车特征不一致，且提到了水面上行驶，这与火车在水上行驶的特征不符，因此玩家4也可能是卧底。

综上所述，玩家2和玩家4都有可能是卧底。由于之前已经怀疑玩家2是卧底，而玩家4的描述提供了新的不一致性，所以在这个轮次，我仍然认为玩家2是卧底。
2024-12-13 12:27:59,032 - 3 - INFO - **********JUDGER**********
你刚刚的分析是根据第二轮描述和之前的分析，以下是对每位玩家描述的分析：

- 玩家1的描述与火车特征相符，强调了速度快、铁轨运行、宽敞车厢、舒适体验、多条轨道、连接城市和地区、可靠准时性以及大规模运输能力。
- 玩家2的描述虽然提到了固定轨道、承载大量乘客、高效的运输能力和准时性，但强调了四轮驱动、道路行驶、高速性能和豪华内部装饰，这与火车的特征不完全一致，更像是汽车的描述。
- 玩家3的描述与火车特征高度一致，强调了固定铁轨运行、精确的准时性、强大的动力系统、多条线路穿梭、宽敞车厢、舒适环境和连接城市和地区。
- 玩家4的描述提到了搭载大量乘客、远距离旅行、发动机驱动和水面上行驶，强调了浮动能力和跨越水域的能力，这与火车的特征不一致，更像是轮船或某些类型的船只。

基于这些描述，玩家2和玩家4的描述与火车特征不一致，而玩家1和玩家3的描述与火车特征高度一致。由于玩家2在第一轮描述中已经被怀疑是卧底，且第二轮描述仍然没有提供明确的火车特征，因此玩家2仍然是一个可能的卧底候选人。玩家4的描述与火车特征不一致，且提到了水面上行驶，这与火车在水上行驶的特征不符，因此玩家4也可能是卧底。

综上所述，玩家2和玩家4都有可能是卧底。由于之前已经怀疑玩家2是卧底，而玩家4的描述提供了新的不一致性，所以在这个轮次，我仍然认为玩家2是卧底。|| `请根据上述分析，比较描述以找出不一致之处，注意，这局游戏的词语分类为<交通工具>，卧底词和平民词都属于该类。
2024-12-13 12:28:14,736 - 3 - INFO - **********PLAYER3**********
根据上述分析，我们可以比较描述中的一致性和不一致性如下：

1. 一致性：
   - 玩家1和玩家3的描述都强调了火车的关键特征，如铁轨运行、准时性、动力系统、宽敞车厢、舒适体验、多条轨道和大规模运输能力。

2. 不一致性：
   - 玩家2的描述虽然提到了固定轨道、承载大量乘客、高效的运输能力和准时性，但强调了四轮驱动、道路行驶、高速性能和豪华内部装饰，这些特征更符合汽车，而不是火车。
   - 玩家4的描述提到了搭载大量乘客、远距离旅行、发动机驱动和水面上行驶，强调了浮动能力和跨越水域的能力，这些特征更符合轮船或某些类型的船只，而不是火车。

由于游戏的词语分类为<交通工具>，且卧底词和平民词都属于该类，玩家2和玩家4的描述与火车特征的不一致性表明他们可能是卧底。玩家1和玩家3的描述则与火车特征相符，因此更像是平民。在这不一致性中，玩家2和玩家4的描述与火车特征存在明显差异。
2024-12-13 12:28:14,737 - 3 - INFO - **********JUDGER**********
你刚刚的分析是根据上述分析，我们可以比较描述中的一致性和不一致性如下：

1. 一致性：
   - 玩家1和玩家3的描述都强调了火车的关键特征，如铁轨运行、准时性、动力系统、宽敞车厢、舒适体验、多条轨道和大规模运输能力。

2. 不一致性：
   - 玩家2的描述虽然提到了固定轨道、承载大量乘客、高效的运输能力和准时性，但强调了四轮驱动、道路行驶、高速性能和豪华内部装饰，这些特征更符合汽车，而不是火车。
   - 玩家4的描述提到了搭载大量乘客、远距离旅行、发动机驱动和水面上行驶，强调了浮动能力和跨越水域的能力，这些特征更符合轮船或某些类型的船只，而不是火车。

由于游戏的词语分类为<交通工具>，且卧底词和平民词都属于该类，玩家2和玩家4的描述与火车特征的不一致性表明他们可能是卧底。玩家1和玩家3的描述则与火车特征相符，因此更像是平民。在这不一致性中，玩家2和玩家4的描述与火车特征存在明显差异。|| 请通过你分析的不一致之处，推断卧底身份，注意，这局游戏的词语分类为<交通工具>，卧底词和平民词都属于该类。
2024-12-13 12:28:25,094 - 3 - INFO - **********PLAYER3**********
根据分析的不一致性，可以推断卧底身份如下：

- 玩家2的描述中提到了四轮驱动、道路行驶、高速性能和豪华内部装饰，这些特征与火车不符，更像是汽车的描述。因此，玩家2可能是卧底。

- 玩家4的描述中提到了搭载大量乘客、远距离旅行、发动机驱动和水面上行驶，强调了浮动能力和跨越水域的能力，这些特征与火车不符，更像是轮船或某些类型的船只的描述。因此，玩家4也可能是卧底。

由于游戏要求卧底词和平民词都属于<交通工具>类别，玩家2和玩家4的描述都与火车特征不一致，因此在这不一致性中，玩家2和玩家4都有可能是卧底。
2024-12-13 12:28:25,096 - 3 - INFO - **********JUDGER**********
你刚刚的推断是根据分析的不一致性，可以推断卧底身份如下：

- 玩家2的描述中提到了四轮驱动、道路行驶、高速性能和豪华内部装饰，这些特征与火车不符，更像是汽车的描述。因此，玩家2可能是卧底。

- 玩家4的描述中提到了搭载大量乘客、远距离旅行、发动机驱动和水面上行驶，强调了浮动能力和跨越水域的能力，这些特征与火车不符，更像是轮船或某些类型的船只的描述。因此，玩家4也可能是卧底。

由于游戏要求卧底词和平民词都属于<交通工具>类别，玩家2和玩家4的描述都与火车特征不一致，因此在这不一致性中，玩家2和玩家4都有可能是卧底。|| 基于你刚刚的推断得出你的最终结论，请输出你认为的卧底，在这种情况下只需要输出编号，是1-4中的某个数字，不要输出其他信息。在这个过程不要进行任何推理，只对||以前的部分进行信息提取
2024-12-13 12:28:26,444 - 3 - INFO - **********PLAYER3**********
2
2024-12-13 12:29:28,248 - 3 - INFO - **********JUDGER**********
玩家1说：这是一款载着人们旅行的工具，它的速度在同类交通工具中较快。它在交通工具中最独特的地方可能在于它的铁轨运行方式。这款交通工具以其宽敞的车厢和舒适的乘坐体验而著称，它能够在多条轨道上穿梭，连接不同的城市和地区。它在同类交通工具中以其可靠的准时性和大规模的运输能力脱颖而出。这款交通工具以其在复杂铁路网络中的灵活调度和频繁的站停服务而闻名，它能够快速连接内陆与城市，为长途旅客提供便捷的出行选择。它的车厢内部设计注重空间利用，提供足够的行李存放空间，同时确保乘客在长途旅行中的舒适度。此外，它通常配备有先进的通讯系统，便于乘客在旅途中保持与外界的联系。玩家2说：这是一种四轮驱动的机器，用于在道路上行驶。它以其高速性能和内部装饰豪华而闻名。这种交通工具通常由多个部分组成，可以在固定轨道上平稳行驶。它能够承载大量乘客，并以其高效的运输能力和准时性著称。与同类交通工具相比，它的速度虽然不是最快的，但提供了舒适的乘坐体验和较高的安全性。这种交通工具以其独特的动力系统和在轨道上的平稳运行而著称。它能够连接多个城市和地区，提供高效的运输服务。尽管它的速度不是最快的，但它的准时性和舒适性使其成为长途旅行的优选。玩家3说：这是一种陆上交通工具，通常由多个车厢组成，乘客可以乘坐它进行长距离旅行。它最突出的不同特征是通常沿着固定的铁轨运行，这使其在直线上的速度和稳定性非常高。这种交通工具以其精确的准时性和强大的动力系统而闻名，能够在多条线路间高效地穿梭。它的车厢设计宽敞，内部设施齐全，为乘客提供舒适的乘坐环境。此外，它的运行依赖于稳定的轨道系统，确保了高速行驶的同时，也保障了乘客的安全。这种交通工具在连接城市和地区方面发挥着重要作用，是长途旅行的主要选择之一。玩家4说：这是一款能够搭载大量乘客进行远距离旅行的工具，它主要依靠发动机驱动，在水面上行驶。它在同类交通工具中最独特的地方可能在于它的浮动能力和能够跨越水域的能力。这款交通工具以其卓越的航行能力而著称，它能够在广阔的水域中平稳行驶，连接世界各地的港口。它的设计注重耐用性和安全性，能够在不同的海况下保持稳定。这种交通工具的内部空间宽敞，设施完善，为乘客提供舒适的旅行体验。它的动力系统高效，能够在多条航线之间快速切换，是国际间旅行和货物运输的关键工具。你是第3号玩家，你的关键词是<火车>。你的回答中绝对不能包含你的关键词<火车>。这是第三轮描述，你之前的描述是这是一种陆上交通工具，通常由多个车厢组成，乘客可以乘坐它进行长距离旅行。它最突出的不同特征是通常沿着固定的铁轨运行，这使其在直线上的速度和稳定性非常高。和这种交通工具以其精确的准时性和强大的动力系统而闻名，能够在多条线路间高效地穿梭。它的车厢设计宽敞，内部设施齐全，为乘客提供舒适的乘坐环境。此外，它的运行依赖于稳定的轨道系统，确保了高速行驶的同时，也保障了乘客的安全。这种交通工具在连接城市和地区方面发挥着重要作用，是长途旅行的主要选择之一。，注意，这局游戏的词语分类为<交通工具>，卧底词和平民词都属于该类，请你补充关于关键词的描述，注意，你的描述应该比起之前的描述更加贴近关键词，作为之前的补充
2024-12-13 12:29:32,769 - 3 - INFO - **********PLAYER3**********
这种交通工具以其高效的能量转换和精确的驾驶控制系统而著称，能够在不同的地形和气候条件下保持稳定的运行。它的设计注重长距离旅行的舒适性，提供了宽敞的座位和充足的行李空间。此外，它通常配备有现代化的娱乐系统，为乘客提供旅途中的娱乐。这款交通工具的维护成本相对较低，且对环境的影响较小，因此在环保方面也具有优势。
2024-12-13 12:30:24,904 - 3 - INFO - **********JUDGER**********
玩家1说：这是一款载着人们旅行的工具，它的速度在同类交通工具中较快。它在交通工具中最独特的地方可能在于它的铁轨运行方式。这款交通工具以其宽敞的车厢和舒适的乘坐体验而著称，它能够在多条轨道上穿梭，连接不同的城市和地区。它在同类交通工具中以其可靠的准时性和大规模的运输能力脱颖而出。这款交通工具以其在复杂铁路网络中的灵活调度和频繁的站停服务而闻名，它能够快速连接内陆与城市，为长途旅客提供便捷的出行选择。它的车厢内部设计注重空间利用，提供足够的行李存放空间，同时确保乘客在长途旅行中的舒适度。此外，它通常配备有先进的通讯系统，便于乘客在旅途中保持与外界的联系。玩家2说：这是一种四轮驱动的机器，用于在道路上行驶。它以其高速性能和内部装饰豪华而闻名。这种交通工具通常由多个部分组成，可以在固定轨道上平稳行驶。它能够承载大量乘客，并以其高效的运输能力和准时性著称。与同类交通工具相比，它的速度虽然不是最快的，但提供了舒适的乘坐体验和较高的安全性。这种交通工具以其独特的动力系统和在轨道上的平稳运行而著称。它能够连接多个城市和地区，提供高效的运输服务。尽管它的速度不是最快的，但它的准时性和舒适性使其成为长途旅行的优选。玩家3说：这是一种陆上交通工具，通常由多个车厢组成，乘客可以乘坐它进行长距离旅行。它最突出的不同特征是通常沿着固定的铁轨运行，这使其在直线上的速度和稳定性非常高。这种交通工具以其精确的准时性和强大的动力系统而闻名，能够在多条线路间高效地穿梭。它的车厢设计宽敞，内部设施齐全，为乘客提供舒适的乘坐环境。此外，它的运行依赖于稳定的轨道系统，确保了高速行驶的同时，也保障了乘客的安全。这种交通工具在连接城市和地区方面发挥着重要作用，是长途旅行的主要选择之一。这种交通工具以其高效的能量转换和精确的驾驶控制系统而著称，能够在不同的地形和气候条件下保持稳定的运行。它的设计注重长距离旅行的舒适性，提供了宽敞的座位和充足的行李空间。此外，它通常配备有现代化的娱乐系统，为乘客提供旅途中的娱乐。这款交通工具的维护成本相对较低，且对环境的影响较小，因此在环保方面也具有优势。玩家4说：这是一款能够搭载大量乘客进行远距离旅行的工具，它主要依靠发动机驱动，在水面上行驶。它在同类交通工具中最独特的地方可能在于它的浮动能力和能够跨越水域的能力。这款交通工具以其卓越的航行能力而著称，它能够在广阔的水域中平稳行驶，连接世界各地的港口。它的设计注重耐用性和安全性，能够在不同的海况下保持稳定。这种交通工具的内部空间宽敞，设施完善，为乘客提供舒适的旅行体验。它的动力系统高效，能够在多条航线之间快速切换，是国际间旅行和货物运输的关键工具。这款交通工具以其强大的动力和精确的导航系统而闻名，能够在海洋中稳健地行驶。它的船体结构坚固，能够抵御海浪的冲击，确保乘客和货物的安全。这种交通工具的甲板空间广阔，提供了多样化的娱乐和休闲设施，让乘客在长途航行中也能享受舒适的体验。它的航行路线遍布全球，连接着世界各地的港口和城市，是国际贸易和远洋运输的重要支柱。||在这个游戏中，我们需要通过分析每位玩家的描述来找出卧底。通常，平民的描述会围绕相同的词语展开，而卧底的描述可能会因为词语的不同而显得不太一致。我们需要仔细比较每个描述之间的相似性和差异性，以找出可能的卧底，注意，卧底并不会隐藏自己，他会直接描述他的词语，现在，逐一分析每个玩家的描述，注意，这局游戏的词语分类为<交通工具>，卧底词和平民词都属于该类。||之前是第3轮描述和之前轮数描述的合集。你之前认为的卧底是玩家2。
2024-12-13 12:30:44,021 - 3 - INFO - **********PLAYER3**********
根据第三轮描述和之前的分析，以下是对每位玩家描述的进一步分析：

- 玩家1的描述与火车特征高度一致，强调了铁轨运行、宽敞车厢、舒适体验、多条轨道、连接城市和地区、准时性、大规模运输能力、灵活调度、站停服务、空间利用、行李存放空间、通讯系统等。

- 玩家2的描述虽然提到了高速性能、内部装饰、固定轨道、承载大量乘客、高效的运输能力和准时性，但强调了四轮驱动、道路行驶、独特的动力系统和在轨道上的平稳运行，这些特征更符合汽车，而不是火车。

- 玩家3的描述与火车特征非常相似，强调了固定铁轨运行、精确的准时性、强大的动力系统、多条线路穿梭、宽敞车厢、舒适环境、稳定的轨道系统、高效能量转换、驾驶控制系统、舒适性、行李空间、娱乐系统、维护成本、环境影响等。

- 玩家4的描述与火车特征不符，提到了发动机驱动、水面上行驶、浮动能力、跨越水域、航行能力、广阔水域、耐用性、安全性、内部空间、设施完善、动力系统、航线、全球航行路线、国际贸易、远洋运输等，这些特征更符合轮船或某些类型的船只。

基于这些描述，玩家2和玩家4的描述与火车特征存在不一致性，而玩家1和玩家3的描述与火车特征高度一致。由于之前已经怀疑玩家2是卧底，而玩家4的描述提供了新的不一致性，因此在这个轮次，我仍然认为玩家2是卧底。
2024-12-13 12:30:44,023 - 3 - INFO - **********JUDGER**********
你刚刚的分析是根据第三轮描述和之前的分析，以下是对每位玩家描述的进一步分析：

- 玩家1的描述与火车特征高度一致，强调了铁轨运行、宽敞车厢、舒适体验、多条轨道、连接城市和地区、准时性、大规模运输能力、灵活调度、站停服务、空间利用、行李存放空间、通讯系统等。

- 玩家2的描述虽然提到了高速性能、内部装饰、固定轨道、承载大量乘客、高效的运输能力和准时性，但强调了四轮驱动、道路行驶、独特的动力系统和在轨道上的平稳运行，这些特征更符合汽车，而不是火车。

- 玩家3的描述与火车特征非常相似，强调了固定铁轨运行、精确的准时性、强大的动力系统、多条线路穿梭、宽敞车厢、舒适环境、稳定的轨道系统、高效能量转换、驾驶控制系统、舒适性、行李空间、娱乐系统、维护成本、环境影响等。

- 玩家4的描述与火车特征不符，提到了发动机驱动、水面上行驶、浮动能力、跨越水域、航行能力、广阔水域、耐用性、安全性、内部空间、设施完善、动力系统、航线、全球航行路线、国际贸易、远洋运输等，这些特征更符合轮船或某些类型的船只。

基于这些描述，玩家2和玩家4的描述与火车特征存在不一致性，而玩家1和玩家3的描述与火车特征高度一致。由于之前已经怀疑玩家2是卧底，而玩家4的描述提供了新的不一致性，因此在这个轮次，我仍然认为玩家2是卧底。|| `请根据上述分析，比较描述以找出不一致之处，注意，这局游戏的词语分类为<交通工具>，卧底词和平民词都属于该类。
2024-12-13 12:30:57,650 - 3 - INFO - **********PLAYER3**********
根据上述分析，以下是比较描述中找出的一致性和不一致性：

一致性：
- 玩家1和玩家3的描述都强调了火车的基本特征，如铁轨运行、准时性、动力系统、宽敞车厢、舒适环境、稳定的轨道系统、多条线路穿梭、连接城市和地区、大规模运输能力等。

不一致性：
- 玩家2的描述虽然提到了铁轨、承载大量乘客、运输能力和准时性，但强调了四轮驱动、道路行驶、高速性能、内部装饰和独特的动力系统，这些特征与火车不符，更像是汽车的描述。
- 玩家4的描述提到了发动机驱动、水面上行驶、浮动能力、航行能力、耐用性、安全性、内部空间和设施完善，这些特征与火车不符，更像是轮船或某些类型的船只的描述。

因此，玩家2和玩家4的描述与火车特征存在不一致性，而玩家1和玩家3的描述与火车特征相符。在<交通工具>这个分类下，玩家2和玩家4的描述可能是卧底。
2024-12-13 12:30:57,651 - 3 - INFO - **********JUDGER**********
你刚刚的分析是根据上述分析，以下是比较描述中找出的一致性和不一致性：

一致性：
- 玩家1和玩家3的描述都强调了火车的基本特征，如铁轨运行、准时性、动力系统、宽敞车厢、舒适环境、稳定的轨道系统、多条线路穿梭、连接城市和地区、大规模运输能力等。

不一致性：
- 玩家2的描述虽然提到了铁轨、承载大量乘客、运输能力和准时性，但强调了四轮驱动、道路行驶、高速性能、内部装饰和独特的动力系统，这些特征与火车不符，更像是汽车的描述。
- 玩家4的描述提到了发动机驱动、水面上行驶、浮动能力、航行能力、耐用性、安全性、内部空间和设施完善，这些特征与火车不符，更像是轮船或某些类型的船只的描述。

因此，玩家2和玩家4的描述与火车特征存在不一致性，而玩家1和玩家3的描述与火车特征相符。在<交通工具>这个分类下，玩家2和玩家4的描述可能是卧底。|| 请通过你分析的不一致之处，推断卧底身份，注意，这局游戏的词语分类为<交通工具>，卧底词和平民词都属于该类。
2024-12-13 12:31:12,132 - 3 - INFO - **********PLAYER3**********
根据分析的不一致性，可以推断卧底身份如下：

- 玩家2的描述中提到了四轮驱动、道路行驶、高速性能、内部装饰和独特的动力系统，这些特征与火车不符，更符合汽车的描述。因此，玩家2可能是卧底。

- 玩家4的描述中提到了发动机驱动、水面上行驶、浮动能力、航行能力、耐用性、安全性、内部空间和设施完善，这些特征与火车不符，更像是轮船或某些类型的船只的描述。因此，玩家4也可能是卧底。

由于游戏的词语分类为<交通工具>，且卧底词和平民词都属于该类，玩家2和玩家4的描述与火车特征不一致，因此在这不一致性中，玩家2和玩家4都有可能是卧底。根据之前的分析，如果必须选择一个，玩家2的描述与汽车特征更为接近，因此我推断玩家2是卧底。
2024-12-13 12:31:12,140 - 3 - INFO - **********JUDGER**********
你刚刚的推断是根据分析的不一致性，可以推断卧底身份如下：

- 玩家2的描述中提到了四轮驱动、道路行驶、高速性能、内部装饰和独特的动力系统，这些特征与火车不符，更符合汽车的描述。因此，玩家2可能是卧底。

- 玩家4的描述中提到了发动机驱动、水面上行驶、浮动能力、航行能力、耐用性、安全性、内部空间和设施完善，这些特征与火车不符，更像是轮船或某些类型的船只的描述。因此，玩家4也可能是卧底。

由于游戏的词语分类为<交通工具>，且卧底词和平民词都属于该类，玩家2和玩家4的描述与火车特征不一致，因此在这不一致性中，玩家2和玩家4都有可能是卧底。根据之前的分析，如果必须选择一个，玩家2的描述与汽车特征更为接近，因此我推断玩家2是卧底。|| 基于你刚刚的推断得出你的最终结论，请输出你认为的卧底，在这种情况下只需要输出编号，是1-4中的某个数字，不要输出其他信息。在这个过程不要进行任何推理，只对||以前的部分进行信息提取
2024-12-13 12:31:13,793 - 3 - INFO - **********PLAYER3**********
2
