2024-12-13 12:24:27,857 - 4 - INFO - **********JUDGER**********
让我们来玩一个叫做<谁是卧底>的推理游戏。基本规则：<人数>：4人。<角色分配>：每位玩家随机抽取一个词语，3名玩家拿到的词语是相同的（平民词），1名玩家拿到与之相近但不同的词语（卧底词）。<游戏流程>：1、玩家轮流描述自己的词语，但<不能>直接说出词语本身。2、描述完毕后，投票选出最像卧底的玩家。3、每轮结束后，被投票选出的玩家出局，不能再进行描述或投票。4、每轮投票结束后，如果卧底被成功找出，平民方获胜；如果卧底未被找出且卧底人数等于或超过平民人数，则卧底方获胜。你将扮演一个<玩家>，请等待你被分配到的关键词。如果你听懂了，只回答，"好的，我准备好参加游戏了"，不要输出别的信息
2024-12-13 12:24:28,609 - 4 - INFO - **********PLAYER4**********
好的，我准备好参加游戏了
2024-12-13 12:24:33,763 - 4 - INFO - **********JUDGER**********
玩家1说：这是一款载着人们旅行的工具，它的速度在同类交通工具中较快。它在交通工具中最独特的地方可能在于它的铁轨运行方式。玩家2说：这是一种四轮驱动的机器，用于在道路上行驶。它以其高速性能和内部装饰豪华而闻名。玩家3说：这是一种陆上交通工具，通常由多个车厢组成，乘客可以乘坐它进行长距离旅行。它最突出的不同特征是通常沿着固定的铁轨运行，这使其在直线上的速度和稳定性非常高。玩家4说：|| 你是第4号玩家，你的关键词是<轮船>。你的回答中绝对不能包含你的关键词<轮船>。这是第一轮描述，不需要分析||之前别的玩家的描述，请你描述关键词基本特征，注意，这局游戏的词语分类为<交通工具>，卧底词和平民词都属于该类，描述包括以下两点，1.他的基本特征是什么2.他在该类（交通工具）中最突出不同的特征是什么，尽量简短
2024-12-13 12:24:38,512 - 4 - INFO - **********PLAYER4**********
这是一款能够搭载大量乘客进行远距离旅行的工具，它主要依靠发动机驱动，在水面上行驶。它在同类交通工具中最独特的地方可能在于它的浮动能力和能够跨越水域的能力。
2024-12-13 12:25:47,423 - 4 - INFO - **********JUDGER**********
玩家1说：这是一款载着人们旅行的工具，它的速度在同类交通工具中较快。它在交通工具中最独特的地方可能在于它的铁轨运行方式。玩家2说：这是一种四轮驱动的机器，用于在道路上行驶。它以其高速性能和内部装饰豪华而闻名。玩家3说：这是一种陆上交通工具，通常由多个车厢组成，乘客可以乘坐它进行长距离旅行。它最突出的不同特征是通常沿着固定的铁轨运行，这使其在直线上的速度和稳定性非常高。玩家4说：||在这个游戏中，我们需要通过分析每位玩家的描述来找出卧底。通常，平民的描述会围绕相同的词语展开，而卧底的描述可能会因为词语的不同而显得不太一致。我们需要仔细比较每个描述之间的相似性和差异性，以找出可能的卧底，注意，卧底并不会隐藏自己，他会直接描述他的词语，现在，逐一分析每个玩家的描述，注意，这局游戏的词语分类为<交通工具>，卧底词和平民词都属于该类。这是第一轮描述。
2024-12-13 12:25:54,489 - 4 - INFO - **********PLAYER4**********
根据玩家们的描述，我们可以进行以下分析：

玩家1的描述提到了“载着人们旅行的工具”和“铁轨运行方式”，这听起来像是火车。

玩家2的描述提到了“四轮驱动的机器”和“高速性能”，以及“内部装饰豪华”，这听起来像是赛车。

玩家3的描述提到了“陆上交通工具”和“多个车厢组成”，以及“沿着固定的铁轨运行”，这也指向火车。

玩家4的描述没有直接提及关键词，但根据游戏规则，我们需要注意描述中的关键词特征。玩家4没有提到任何与“轮船”相关的特征，而其他玩家都提到了与火车或赛车相关的特征。

综合分析，玩家4的描述与火车和赛车都不符，且没有提及任何与轮船相关的特征，因此玩家4可能是卧底。其他玩家的描述则更加一致，都指向了火车这一词语。
2024-12-13 12:25:54,490 - 4 - INFO - **********JUDGER**********
你刚刚的分析是根据玩家们的描述，我们可以进行以下分析：

玩家1的描述提到了“载着人们旅行的工具”和“铁轨运行方式”，这听起来像是火车。

玩家2的描述提到了“四轮驱动的机器”和“高速性能”，以及“内部装饰豪华”，这听起来像是赛车。

玩家3的描述提到了“陆上交通工具”和“多个车厢组成”，以及“沿着固定的铁轨运行”，这也指向火车。

玩家4的描述没有直接提及关键词，但根据游戏规则，我们需要注意描述中的关键词特征。玩家4没有提到任何与“轮船”相关的特征，而其他玩家都提到了与火车或赛车相关的特征。

综合分析，玩家4的描述与火车和赛车都不符，且没有提及任何与轮船相关的特征，因此玩家4可能是卧底。其他玩家的描述则更加一致，都指向了火车这一词语。|| `请根据上述分析，比较描述以找出不一致之处，注意，这局游戏的词语分类为<交通工具>，卧底词和平民词都属于该类。
2024-12-13 12:26:06,772 - 4 - INFO - **********PLAYER4**********
根据上述分析，我们可以比较描述中的不一致之处如下：

1. 玩家1和玩家3的描述都提到了“铁轨运行方式”，这与火车相符，而玩家4的描述没有提到铁轨，这与火车和赛车都不直接相关。

2. 玩家2的描述提到了“四轮驱动的机器”和“内部装饰豪华”，这听起来像是赛车，而其他玩家的描述没有提及任何与赛车相关的特征。

3. 玩家3的描述中提到了“多个车厢组成”，这是火车的典型特征，而玩家1和玩家2的描述没有提及车厢这一特征。

4. 玩家4的描述没有提到任何与火车或赛车相关的特征，这与轮船也不符，因为轮船通常不被描述为陆上交通工具或具有内部装饰豪华的特点。

基于这些不一致之处，玩家4的描述与其他玩家的描述相比，最有可能是不一致的，因此玩家4可能是卧底。其他玩家的描述更倾向于指向火车这一共同词语。
2024-12-13 12:26:06,774 - 4 - INFO - **********JUDGER**********
你刚刚的分析是根据上述分析，我们可以比较描述中的不一致之处如下：

1. 玩家1和玩家3的描述都提到了“铁轨运行方式”，这与火车相符，而玩家4的描述没有提到铁轨，这与火车和赛车都不直接相关。

2. 玩家2的描述提到了“四轮驱动的机器”和“内部装饰豪华”，这听起来像是赛车，而其他玩家的描述没有提及任何与赛车相关的特征。

3. 玩家3的描述中提到了“多个车厢组成”，这是火车的典型特征，而玩家1和玩家2的描述没有提及车厢这一特征。

4. 玩家4的描述没有提到任何与火车或赛车相关的特征，这与轮船也不符，因为轮船通常不被描述为陆上交通工具或具有内部装饰豪华的特点。

基于这些不一致之处，玩家4的描述与其他玩家的描述相比，最有可能是不一致的，因此玩家4可能是卧底。其他玩家的描述更倾向于指向火车这一共同词语。|| 请通过你分析的不一致之处，推断卧底身份，注意，这局游戏的词语分类为<交通工具>，卧底词和平民词都属于该类。
2024-12-13 12:26:29,269 - 4 - INFO - **********PLAYER4**********
根据上述分析中提到的不一致之处，我们可以进一步推断卧底身份：

1. 玩家1和玩家3的描述都指向火车，这是陆上交通工具，且都提到了铁轨运行方式，这与火车的一致性很高。

2. 玩家2的描述指向赛车，这是另一种交通工具，但赛车通常不被认为是载着人们旅行的工具，且不运行在铁轨上。

3. 玩家3的描述进一步强化了火车的特征，特别是提到“多个车厢组成”，这是火车的一个显著特征。

4. 玩家4的描述没有提到铁轨、车厢或与火车相关的任何特征，同时也没有提到赛车或与赛车相关的豪华装饰，这意味着他的描述与火车和赛车都不直接相关。

由于所有玩家的描述都集中在陆上交通工具，且玩家1、2、3的描述都有明显的指向性，而玩家4的描述没有提到任何与陆上交通工具（火车或赛车）相关的特征，因此玩家4的描述与游戏分类<交通工具>中的其他描述不一致。

综上所述，玩家4的描述最有可能是不一致的，因此推断玩家4是卧底。由于所有其他玩家的描述都指向火车，卧底的身份可能是与火车不相关的另一种交通工具，如赛车或飞机。但由于描述中没有提及飞机的特征，赛车因为其描述中提到的“四轮驱动的机器”和“内部装饰豪华”与玩家2的描述更相符，因此玩家4的卧底身份可能是赛车。
2024-12-13 12:26:29,272 - 4 - INFO - **********JUDGER**********
你刚刚的推断是根据上述分析中提到的不一致之处，我们可以进一步推断卧底身份：

1. 玩家1和玩家3的描述都指向火车，这是陆上交通工具，且都提到了铁轨运行方式，这与火车的一致性很高。

2. 玩家2的描述指向赛车，这是另一种交通工具，但赛车通常不被认为是载着人们旅行的工具，且不运行在铁轨上。

3. 玩家3的描述进一步强化了火车的特征，特别是提到“多个车厢组成”，这是火车的一个显著特征。

4. 玩家4的描述没有提到铁轨、车厢或与火车相关的任何特征，同时也没有提到赛车或与赛车相关的豪华装饰，这意味着他的描述与火车和赛车都不直接相关。

由于所有玩家的描述都集中在陆上交通工具，且玩家1、2、3的描述都有明显的指向性，而玩家4的描述没有提到任何与陆上交通工具（火车或赛车）相关的特征，因此玩家4的描述与游戏分类<交通工具>中的其他描述不一致。

综上所述，玩家4的描述最有可能是不一致的，因此推断玩家4是卧底。由于所有其他玩家的描述都指向火车，卧底的身份可能是与火车不相关的另一种交通工具，如赛车或飞机。但由于描述中没有提及飞机的特征，赛车因为其描述中提到的“四轮驱动的机器”和“内部装饰豪华”与玩家2的描述更相符，因此玩家4的卧底身份可能是赛车。|| 基于你刚刚的推断得出你的最终结论，请输出你认为的卧底，在这种情况下只需要输出编号，是1-4中的某个数字，不要输出其他信息。在这个过程不要进行任何推理，只对||以前的部分进行信息提取
2024-12-13 12:26:30,406 - 4 - INFO - **********PLAYER4**********
4
2024-12-13 12:26:40,018 - 4 - INFO - **********JUDGER**********
玩家1说：这是一款载着人们旅行的工具，它的速度在同类交通工具中较快。它在交通工具中最独特的地方可能在于它的铁轨运行方式。这款交通工具以其宽敞的车厢和舒适的乘坐体验而著称，它能够在多条轨道上穿梭，连接不同的城市和地区。它在同类交通工具中以其可靠的准时性和大规模的运输能力脱颖而出。玩家2说：这是一种四轮驱动的机器，用于在道路上行驶。它以其高速性能和内部装饰豪华而闻名。这种交通工具通常由多个部分组成，可以在固定轨道上平稳行驶。它能够承载大量乘客，并以其高效的运输能力和准时性著称。与同类交通工具相比，它的速度虽然不是最快的，但提供了舒适的乘坐体验和较高的安全性。玩家3说：这是一种陆上交通工具，通常由多个车厢组成，乘客可以乘坐它进行长距离旅行。它最突出的不同特征是通常沿着固定的铁轨运行，这使其在直线上的速度和稳定性非常高。这种交通工具以其精确的准时性和强大的动力系统而闻名，能够在多条线路间高效地穿梭。它的车厢设计宽敞，内部设施齐全，为乘客提供舒适的乘坐环境。此外，它的运行依赖于稳定的轨道系统，确保了高速行驶的同时，也保障了乘客的安全。这种交通工具在连接城市和地区方面发挥着重要作用，是长途旅行的主要选择之一。玩家4说：这是一款能够搭载大量乘客进行远距离旅行的工具，它主要依靠发动机驱动，在水面上行驶。它在同类交通工具中最独特的地方可能在于它的浮动能力和能够跨越水域的能力。你是第4号玩家，你的关键词是<轮船>。你的回答中绝对不能包含你的关键词<轮船>。这是第二轮描述，你之前的描述是这是一款能够搭载大量乘客进行远距离旅行的工具，它主要依靠发动机驱动，在水面上行驶。它在同类交通工具中最独特的地方可能在于它的浮动能力和能够跨越水域的能力。，注意，这局游戏的词语分类为<交通工具>，卧底词和平民词都属于该类，请你补充关于关键词的描述，注意，你的描述应该比起之前的描述更加贴近关键词，作为之前的补充
2024-12-13 12:26:48,797 - 4 - INFO - **********PLAYER4**********
关键词是一种在水面上行驶的交通工具，它通过浮力支撑在水面上航行，能够承载大量乘客和货物进行长距离的远洋或内河旅行。与其他交通工具相比，轮船的独特之处在于它的航行不受陆上道路和轨道的限制，能够直接连接不同的大陆和港口，是国际间贸易和人员往来不可或缺的重要方式。轮船的设计通常注重稳定性和安全性，确保在恶劣天气和复杂海况下也能安全航行。
2024-12-13 12:26:48,798 - 4 - INFO - **********JUDGER**********
玩家1说：这是一款载着人们旅行的工具，它的速度在同类交通工具中较快。它在交通工具中最独特的地方可能在于它的铁轨运行方式。这款交通工具以其宽敞的车厢和舒适的乘坐体验而著称，它能够在多条轨道上穿梭，连接不同的城市和地区。它在同类交通工具中以其可靠的准时性和大规模的运输能力脱颖而出。玩家2说：这是一种四轮驱动的机器，用于在道路上行驶。它以其高速性能和内部装饰豪华而闻名。这种交通工具通常由多个部分组成，可以在固定轨道上平稳行驶。它能够承载大量乘客，并以其高效的运输能力和准时性著称。与同类交通工具相比，它的速度虽然不是最快的，但提供了舒适的乘坐体验和较高的安全性。玩家3说：这是一种陆上交通工具，通常由多个车厢组成，乘客可以乘坐它进行长距离旅行。它最突出的不同特征是通常沿着固定的铁轨运行，这使其在直线上的速度和稳定性非常高。这种交通工具以其精确的准时性和强大的动力系统而闻名，能够在多条线路间高效地穿梭。它的车厢设计宽敞，内部设施齐全，为乘客提供舒适的乘坐环境。此外，它的运行依赖于稳定的轨道系统，确保了高速行驶的同时，也保障了乘客的安全。这种交通工具在连接城市和地区方面发挥着重要作用，是长途旅行的主要选择之一。玩家4说：这是一款能够搭载大量乘客进行远距离旅行的工具，它主要依靠发动机驱动，在水面上行驶。它在同类交通工具中最独特的地方可能在于它的浮动能力和能够跨越水域的能力。你是第4号玩家，你的关键词是<轮船>。你的回答中绝对不能包含你的关键词<轮船>。这是第二轮描述，你之前的描述是这是一款能够搭载大量乘客进行远距离旅行的工具，它主要依靠发动机驱动，在水面上行驶。它在同类交通工具中最独特的地方可能在于它的浮动能力和能够跨越水域的能力。，注意，这局游戏的词语分类为<交通工具>，卧底词和平民词都属于该类，请你补充关于关键词的描述，注意，你的描述应该比起之前的描述更加贴近关键词，作为之前的补充
2024-12-13 12:26:53,495 - 4 - INFO - **********PLAYER4**********
这款交通工具以其卓越的航行能力而著称，它能够在广阔的水域中平稳行驶，连接世界各地的港口。它的设计注重耐用性和安全性，能够在不同的海况下保持稳定。这种交通工具的内部空间宽敞，设施完善，为乘客提供舒适的旅行体验。它的动力系统高效，能够在多条航线之间快速切换，是国际间旅行和货物运输的关键工具。
2024-12-13 12:28:26,445 - 4 - INFO - **********JUDGER**********
玩家1说：这是一款载着人们旅行的工具，它的速度在同类交通工具中较快。它在交通工具中最独特的地方可能在于它的铁轨运行方式。这款交通工具以其宽敞的车厢和舒适的乘坐体验而著称，它能够在多条轨道上穿梭，连接不同的城市和地区。它在同类交通工具中以其可靠的准时性和大规模的运输能力脱颖而出。玩家2说：这是一种四轮驱动的机器，用于在道路上行驶。它以其高速性能和内部装饰豪华而闻名。这种交通工具通常由多个部分组成，可以在固定轨道上平稳行驶。它能够承载大量乘客，并以其高效的运输能力和准时性著称。与同类交通工具相比，它的速度虽然不是最快的，但提供了舒适的乘坐体验和较高的安全性。玩家3说：这是一种陆上交通工具，通常由多个车厢组成，乘客可以乘坐它进行长距离旅行。它最突出的不同特征是通常沿着固定的铁轨运行，这使其在直线上的速度和稳定性非常高。这种交通工具以其精确的准时性和强大的动力系统而闻名，能够在多条线路间高效地穿梭。它的车厢设计宽敞，内部设施齐全，为乘客提供舒适的乘坐环境。此外，它的运行依赖于稳定的轨道系统，确保了高速行驶的同时，也保障了乘客的安全。这种交通工具在连接城市和地区方面发挥着重要作用，是长途旅行的主要选择之一。玩家4说：这是一款能够搭载大量乘客进行远距离旅行的工具，它主要依靠发动机驱动，在水面上行驶。它在同类交通工具中最独特的地方可能在于它的浮动能力和能够跨越水域的能力。||在这个游戏中，我们需要通过分析每位玩家的描述来找出卧底。通常，平民的描述会围绕相同的词语展开，而卧底的描述可能会因为词语的不同而显得不太一致。我们需要仔细比较每个描述之间的相似性和差异性，以找出可能的卧底，注意，卧底并不会隐藏自己，他会直接描述他的词语，现在，逐一分析每个玩家的描述，注意，这局游戏的词语分类为<交通工具>，卧底词和平民词都属于该类。||之前是第2轮描述和之前轮数描述的合集。你之前认为的卧底是玩家4。
2024-12-13 12:28:46,723 - 4 - INFO - **********PLAYER4**********
根据第二轮描述和之前的分析，我之前的推断是玩家4可能是卧底，因为他的描述与其他玩家的描述不一致，没有提到铁轨、车厢或与火车相关的特征，同时也没有提到赛车或与赛车相关的豪华装饰。

现在，我们来逐一分析每个玩家的描述：

- 玩家1的描述与火车相符，提到了铁轨、车厢、连接城市和地区、准时性等特征。
- 玩家2的描述提到了四轮驱动、道路、固定轨道、承载大量乘客、舒适性和安全性，这些特征与赛车相符。
- 玩家3的描述同样指向火车，提到了车厢、固定铁轨、速度稳定性、动力系统、长途旅行等特征。
- 玩家4的描述提到了搭载大量乘客、发动机驱动、水面上行驶、浮动能力、跨越水域，这些特征与轮船相符。

由于玩家4的描述与火车和赛车都不完全一致，且与轮船的特征相符，且其他玩家的描述都指向火车，因此玩家4的描述仍然与其他玩家的描述不一致。因此，根据这些信息，玩家4仍然是卧底的最可能人选。
2024-12-13 12:28:46,729 - 4 - INFO - **********JUDGER**********
你刚刚的分析是根据第二轮描述和之前的分析，我之前的推断是玩家4可能是卧底，因为他的描述与其他玩家的描述不一致，没有提到铁轨、车厢或与火车相关的特征，同时也没有提到赛车或与赛车相关的豪华装饰。

现在，我们来逐一分析每个玩家的描述：

- 玩家1的描述与火车相符，提到了铁轨、车厢、连接城市和地区、准时性等特征。
- 玩家2的描述提到了四轮驱动、道路、固定轨道、承载大量乘客、舒适性和安全性，这些特征与赛车相符。
- 玩家3的描述同样指向火车，提到了车厢、固定铁轨、速度稳定性、动力系统、长途旅行等特征。
- 玩家4的描述提到了搭载大量乘客、发动机驱动、水面上行驶、浮动能力、跨越水域，这些特征与轮船相符。

由于玩家4的描述与火车和赛车都不完全一致，且与轮船的特征相符，且其他玩家的描述都指向火车，因此玩家4的描述仍然与其他玩家的描述不一致。因此，根据这些信息，玩家4仍然是卧底的最可能人选。|| `请根据上述分析，比较描述以找出不一致之处，注意，这局游戏的词语分类为<交通工具>，卧底词和平民词都属于该类。
2024-12-13 12:29:09,614 - 4 - INFO - **********PLAYER4**********
根据上述分析，我们可以找出以下不一致之处：

1. 玩家1、玩家2和玩家3的描述都明确提到了“铁轨”或“固定轨道”，这是火车的主要特征。而玩家4的描述中没有提及“铁轨”或“固定轨道”，这与火车和部分赛车（通常不提及铁轨）的描述不同。

2. 玩家1和玩家3的描述中都提到了“车厢”，而玩家2的描述中虽然提到了“多个部分组成”，但没有明确提到“车厢”，这与火车和部分赛车的描述有所区别。

3. 玩家2的描述中提到了“四轮驱动”和“道路”，这些特征与赛车相符，而其他玩家的描述没有提及这些特征。

4. 玩家4的描述中提到了“水面上行驶”和“浮动能力”，这些特征与轮船相符，与其他玩家描述的火车或赛车特征不一致。

基于这些不一致之处，玩家4的描述在交通工具的分类中与其他玩家的描述存在明显的差异，因此可以认为玩家4的描述与其他玩家不一致，可能是卧底。
2024-12-13 12:29:09,618 - 4 - INFO - **********JUDGER**********
你刚刚的分析是根据上述分析，我们可以找出以下不一致之处：

1. 玩家1、玩家2和玩家3的描述都明确提到了“铁轨”或“固定轨道”，这是火车的主要特征。而玩家4的描述中没有提及“铁轨”或“固定轨道”，这与火车和部分赛车（通常不提及铁轨）的描述不同。

2. 玩家1和玩家3的描述中都提到了“车厢”，而玩家2的描述中虽然提到了“多个部分组成”，但没有明确提到“车厢”，这与火车和部分赛车的描述有所区别。

3. 玩家2的描述中提到了“四轮驱动”和“道路”，这些特征与赛车相符，而其他玩家的描述没有提及这些特征。

4. 玩家4的描述中提到了“水面上行驶”和“浮动能力”，这些特征与轮船相符，与其他玩家描述的火车或赛车特征不一致。

基于这些不一致之处，玩家4的描述在交通工具的分类中与其他玩家的描述存在明显的差异，因此可以认为玩家4的描述与其他玩家不一致，可能是卧底。|| 请通过你分析的不一致之处，推断卧底身份，注意，这局游戏的词语分类为<交通工具>，卧底词和平民词都属于该类。
2024-12-13 12:29:16,461 - 4 - INFO - **********PLAYER4**********
基于分析的不一致之处，可以推断卧底身份如下：

- 玩家1、玩家2和玩家3的描述都指向火车，而玩家4的描述中没有提到火车的主要特征如“铁轨”或“车厢”。
- 玩家2的描述提到了赛车特征如“四轮驱动”和“道路”，但玩家4的描述中也没有提到这些特征。
- 玩家4的描述提到了“水面上行驶”和“浮动能力”，这些特征与轮船相符，而其他玩家的描述中没有提到这些与水相关的特征。

因此，考虑到游戏分类为<交通工具>，且玩家4的描述与火车和赛车的主要特征都不相符，而与轮船的特征相符，玩家4的卧底身份可能是轮船。
2024-12-13 12:29:16,462 - 4 - INFO - **********JUDGER**********
你刚刚的推断是基于分析的不一致之处，可以推断卧底身份如下：

- 玩家1、玩家2和玩家3的描述都指向火车，而玩家4的描述中没有提到火车的主要特征如“铁轨”或“车厢”。
- 玩家2的描述提到了赛车特征如“四轮驱动”和“道路”，但玩家4的描述中也没有提到这些特征。
- 玩家4的描述提到了“水面上行驶”和“浮动能力”，这些特征与轮船相符，而其他玩家的描述中没有提到这些与水相关的特征。

因此，考虑到游戏分类为<交通工具>，且玩家4的描述与火车和赛车的主要特征都不相符，而与轮船的特征相符，玩家4的卧底身份可能是轮船。|| 基于你刚刚的推断得出你的最终结论，请输出你认为的卧底，在这种情况下只需要输出编号，是1-4中的某个数字，不要输出其他信息。在这个过程不要进行任何推理，只对||以前的部分进行信息提取
2024-12-13 12:29:18,158 - 4 - INFO - **********PLAYER4**********
4
2024-12-13 12:29:32,770 - 4 - INFO - **********JUDGER**********
玩家1说：这是一款载着人们旅行的工具，它的速度在同类交通工具中较快。它在交通工具中最独特的地方可能在于它的铁轨运行方式。这款交通工具以其宽敞的车厢和舒适的乘坐体验而著称，它能够在多条轨道上穿梭，连接不同的城市和地区。它在同类交通工具中以其可靠的准时性和大规模的运输能力脱颖而出。这款交通工具以其在复杂铁路网络中的灵活调度和频繁的站停服务而闻名，它能够快速连接内陆与城市，为长途旅客提供便捷的出行选择。它的车厢内部设计注重空间利用，提供足够的行李存放空间，同时确保乘客在长途旅行中的舒适度。此外，它通常配备有先进的通讯系统，便于乘客在旅途中保持与外界的联系。玩家2说：这是一种四轮驱动的机器，用于在道路上行驶。它以其高速性能和内部装饰豪华而闻名。这种交通工具通常由多个部分组成，可以在固定轨道上平稳行驶。它能够承载大量乘客，并以其高效的运输能力和准时性著称。与同类交通工具相比，它的速度虽然不是最快的，但提供了舒适的乘坐体验和较高的安全性。这种交通工具以其独特的动力系统和在轨道上的平稳运行而著称。它能够连接多个城市和地区，提供高效的运输服务。尽管它的速度不是最快的，但它的准时性和舒适性使其成为长途旅行的优选。玩家3说：这是一种陆上交通工具，通常由多个车厢组成，乘客可以乘坐它进行长距离旅行。它最突出的不同特征是通常沿着固定的铁轨运行，这使其在直线上的速度和稳定性非常高。这种交通工具以其精确的准时性和强大的动力系统而闻名，能够在多条线路间高效地穿梭。它的车厢设计宽敞，内部设施齐全，为乘客提供舒适的乘坐环境。此外，它的运行依赖于稳定的轨道系统，确保了高速行驶的同时，也保障了乘客的安全。这种交通工具在连接城市和地区方面发挥着重要作用，是长途旅行的主要选择之一。这种交通工具以其高效的能量转换和精确的驾驶控制系统而著称，能够在不同的地形和气候条件下保持稳定的运行。它的设计注重长距离旅行的舒适性，提供了宽敞的座位和充足的行李空间。此外，它通常配备有现代化的娱乐系统，为乘客提供旅途中的娱乐。这款交通工具的维护成本相对较低，且对环境的影响较小，因此在环保方面也具有优势。玩家4说：这是一款能够搭载大量乘客进行远距离旅行的工具，它主要依靠发动机驱动，在水面上行驶。它在同类交通工具中最独特的地方可能在于它的浮动能力和能够跨越水域的能力。这款交通工具以其卓越的航行能力而著称，它能够在广阔的水域中平稳行驶，连接世界各地的港口。它的设计注重耐用性和安全性，能够在不同的海况下保持稳定。这种交通工具的内部空间宽敞，设施完善，为乘客提供舒适的旅行体验。它的动力系统高效，能够在多条航线之间快速切换，是国际间旅行和货物运输的关键工具。你是第4号玩家，你的关键词是<轮船>。你的回答中绝对不能包含你的关键词<轮船>。这是第三轮描述，你之前的描述是这是一款能够搭载大量乘客进行远距离旅行的工具，它主要依靠发动机驱动，在水面上行驶。它在同类交通工具中最独特的地方可能在于它的浮动能力和能够跨越水域的能力。和关键词是一种在水面上行驶的交通工具，它通过浮力支撑在水面上航行，能够承载大量乘客和货物进行长距离的远洋或内河旅行。与其他交通工具相比，轮船的独特之处在于它的航行不受陆上道路和轨道的限制，能够直接连接不同的大陆和港口，是国际间贸易和人员往来不可或缺的重要方式。轮船的设计通常注重稳定性和安全性，确保在恶劣天气和复杂海况下也能安全航行。，注意，这局游戏的词语分类为<交通工具>，卧底词和平民词都属于该类，请你补充关于关键词的描述，注意，你的描述应该比起之前的描述更加贴近关键词，作为之前的补充
2024-12-13 12:29:37,298 - 4 - INFO - **********PLAYER4**********
这款交通工具以其强大的动力和精确的导航系统而闻名，能够在海洋中稳健地行驶。它的船体结构坚固，能够抵御海浪的冲击，确保乘客和货物的安全。这种交通工具的甲板空间广阔，提供了多样化的娱乐和休闲设施，让乘客在长途航行中也能享受舒适的体验。它的航行路线遍布全球，连接着世界各地的港口和城市，是国际贸易和远洋运输的重要支柱。
2024-12-13 12:31:13,794 - 4 - INFO - **********JUDGER**********
玩家1说：这是一款载着人们旅行的工具，它的速度在同类交通工具中较快。它在交通工具中最独特的地方可能在于它的铁轨运行方式。这款交通工具以其宽敞的车厢和舒适的乘坐体验而著称，它能够在多条轨道上穿梭，连接不同的城市和地区。它在同类交通工具中以其可靠的准时性和大规模的运输能力脱颖而出。这款交通工具以其在复杂铁路网络中的灵活调度和频繁的站停服务而闻名，它能够快速连接内陆与城市，为长途旅客提供便捷的出行选择。它的车厢内部设计注重空间利用，提供足够的行李存放空间，同时确保乘客在长途旅行中的舒适度。此外，它通常配备有先进的通讯系统，便于乘客在旅途中保持与外界的联系。玩家2说：这是一种四轮驱动的机器，用于在道路上行驶。它以其高速性能和内部装饰豪华而闻名。这种交通工具通常由多个部分组成，可以在固定轨道上平稳行驶。它能够承载大量乘客，并以其高效的运输能力和准时性著称。与同类交通工具相比，它的速度虽然不是最快的，但提供了舒适的乘坐体验和较高的安全性。这种交通工具以其独特的动力系统和在轨道上的平稳运行而著称。它能够连接多个城市和地区，提供高效的运输服务。尽管它的速度不是最快的，但它的准时性和舒适性使其成为长途旅行的优选。玩家3说：这是一种陆上交通工具，通常由多个车厢组成，乘客可以乘坐它进行长距离旅行。它最突出的不同特征是通常沿着固定的铁轨运行，这使其在直线上的速度和稳定性非常高。这种交通工具以其精确的准时性和强大的动力系统而闻名，能够在多条线路间高效地穿梭。它的车厢设计宽敞，内部设施齐全，为乘客提供舒适的乘坐环境。此外，它的运行依赖于稳定的轨道系统，确保了高速行驶的同时，也保障了乘客的安全。这种交通工具在连接城市和地区方面发挥着重要作用，是长途旅行的主要选择之一。这种交通工具以其高效的能量转换和精确的驾驶控制系统而著称，能够在不同的地形和气候条件下保持稳定的运行。它的设计注重长距离旅行的舒适性，提供了宽敞的座位和充足的行李空间。此外，它通常配备有现代化的娱乐系统，为乘客提供旅途中的娱乐。这款交通工具的维护成本相对较低，且对环境的影响较小，因此在环保方面也具有优势。玩家4说：这是一款能够搭载大量乘客进行远距离旅行的工具，它主要依靠发动机驱动，在水面上行驶。它在同类交通工具中最独特的地方可能在于它的浮动能力和能够跨越水域的能力。这款交通工具以其卓越的航行能力而著称，它能够在广阔的水域中平稳行驶，连接世界各地的港口。它的设计注重耐用性和安全性，能够在不同的海况下保持稳定。这种交通工具的内部空间宽敞，设施完善，为乘客提供舒适的旅行体验。它的动力系统高效，能够在多条航线之间快速切换，是国际间旅行和货物运输的关键工具。这款交通工具以其强大的动力和精确的导航系统而闻名，能够在海洋中稳健地行驶。它的船体结构坚固，能够抵御海浪的冲击，确保乘客和货物的安全。这种交通工具的甲板空间广阔，提供了多样化的娱乐和休闲设施，让乘客在长途航行中也能享受舒适的体验。它的航行路线遍布全球，连接着世界各地的港口和城市，是国际贸易和远洋运输的重要支柱。||在这个游戏中，我们需要通过分析每位玩家的描述来找出卧底。通常，平民的描述会围绕相同的词语展开，而卧底的描述可能会因为词语的不同而显得不太一致。我们需要仔细比较每个描述之间的相似性和差异性，以找出可能的卧底，注意，卧底并不会隐藏自己，他会直接描述他的词语，现在，逐一分析每个玩家的描述，注意，这局游戏的词语分类为<交通工具>，卧底词和平民词都属于该类。||之前是第3轮描述和之前轮数描述的合集。你之前认为的卧底是玩家4。
2024-12-13 12:31:28,938 - 4 - INFO - **********PLAYER4**********
根据第三轮描述和之前的分析，我之前的推断是玩家4可能是卧底，因为他的描述与其他玩家的描述不一致，没有提到铁轨、车厢或与火车相关的特征，同时也没有提到赛车或与赛车相关的豪华装饰。

现在，我们来逐一分析每个玩家的描述：

- 玩家1的描述与火车相符，提到了铁轨、车厢、连接城市和地区、准时性等特征。
- 玩家2的描述提到了四轮驱动、道路、固定轨道、承载大量乘客、舒适性和安全性，这些特征与赛车相符。
- 玩家3的描述同样指向火车，提到了车厢、固定铁轨、速度稳定性、动力系统、长途旅行等特征。
- 玩家4的描述提到了搭载大量乘客、发动机驱动、水面上行驶、浮动能力、跨越水域，这些特征与轮船相符。

由于玩家4的描述与火车和赛车都不完全一致，且与轮船的特征相符，且其他玩家的描述都指向火车，因此玩家4的描述仍然与其他玩家的描述不一致。因此，根据这些信息，玩家4仍然是卧底的最可能人选。
2024-12-13 12:31:28,941 - 4 - INFO - **********JUDGER**********
你刚刚的分析是根据第三轮描述和之前的分析，我之前的推断是玩家4可能是卧底，因为他的描述与其他玩家的描述不一致，没有提到铁轨、车厢或与火车相关的特征，同时也没有提到赛车或与赛车相关的豪华装饰。

现在，我们来逐一分析每个玩家的描述：

- 玩家1的描述与火车相符，提到了铁轨、车厢、连接城市和地区、准时性等特征。
- 玩家2的描述提到了四轮驱动、道路、固定轨道、承载大量乘客、舒适性和安全性，这些特征与赛车相符。
- 玩家3的描述同样指向火车，提到了车厢、固定铁轨、速度稳定性、动力系统、长途旅行等特征。
- 玩家4的描述提到了搭载大量乘客、发动机驱动、水面上行驶、浮动能力、跨越水域，这些特征与轮船相符。

由于玩家4的描述与火车和赛车都不完全一致，且与轮船的特征相符，且其他玩家的描述都指向火车，因此玩家4的描述仍然与其他玩家的描述不一致。因此，根据这些信息，玩家4仍然是卧底的最可能人选。|| `请根据上述分析，比较描述以找出不一致之处，注意，这局游戏的词语分类为<交通工具>，卧底词和平民词都属于该类。
2024-12-13 12:31:44,900 - 4 - INFO - **********PLAYER4**********
根据上述分析，以下是不一致之处：

1. 玩家1、玩家3和玩家4的描述都提到了“搭载大量乘客”和“长途旅行”，但玩家2的描述虽然也提到了承载大量乘客，但没有特别强调长途旅行。

2. 玩家1和玩家3的描述都提到了“铁轨”或“固定轨道”，而玩家2和玩家4没有提到这些与轨道相关的词汇。

3. 玩家2的描述中提到了“四轮驱动”和“道路”，这与赛车相符，而玩家1、玩家3和玩家4的描述没有提到这些特征。

4. 玩家4的描述中提到了“水面上行驶”和“浮动能力”，这与轮船相符，而其他玩家的描述没有提到与水相关的特征。

5. 玩家2和玩家3的描述中都提到了“动力系统”和“稳定性”，但没有特别强调“准时性”或“复杂的铁路网络”等与火车相关的特征。

基于这些不一致之处，玩家4的描述在交通工具的分类中与其他玩家的描述存在明显的差异，尤其是他没有提到与铁轨或道路相关的词汇，而是提到了与水相关的特征，这与其他玩家描述的火车或赛车特征不一致。因此，玩家4的描述可能是与其他玩家不一致的卧底描述。
2024-12-13 12:31:44,901 - 4 - INFO - **********JUDGER**********
你刚刚的分析是根据上述分析，以下是不一致之处：

1. 玩家1、玩家3和玩家4的描述都提到了“搭载大量乘客”和“长途旅行”，但玩家2的描述虽然也提到了承载大量乘客，但没有特别强调长途旅行。

2. 玩家1和玩家3的描述都提到了“铁轨”或“固定轨道”，而玩家2和玩家4没有提到这些与轨道相关的词汇。

3. 玩家2的描述中提到了“四轮驱动”和“道路”，这与赛车相符，而玩家1、玩家3和玩家4的描述没有提到这些特征。

4. 玩家4的描述中提到了“水面上行驶”和“浮动能力”，这与轮船相符，而其他玩家的描述没有提到与水相关的特征。

5. 玩家2和玩家3的描述中都提到了“动力系统”和“稳定性”，但没有特别强调“准时性”或“复杂的铁路网络”等与火车相关的特征。

基于这些不一致之处，玩家4的描述在交通工具的分类中与其他玩家的描述存在明显的差异，尤其是他没有提到与铁轨或道路相关的词汇，而是提到了与水相关的特征，这与其他玩家描述的火车或赛车特征不一致。因此，玩家4的描述可能是与其他玩家不一致的卧底描述。|| 请通过你分析的不一致之处，推断卧底身份，注意，这局游戏的词语分类为<交通工具>，卧底词和平民词都属于该类。
2024-12-13 12:31:51,261 - 4 - INFO - **********PLAYER4**********
基于分析的不一致之处，可以推断卧底身份如下：

- 玩家1、玩家3的描述都提到了“铁轨”或“固定轨道”，指向火车。
- 玩家2的描述提到了“四轮驱动”和“道路”，指向赛车。
- 玩家4的描述提到了“水面上行驶”和“浮动能力”，这与轮船的特征相符，而其他玩家的描述没有提到与水相关的特征。

由于游戏分类为<交通工具>，且玩家4的描述与火车和赛车的主要特征都不相符，而与轮船的特征相符，因此可以推断玩家4是卧底。
2024-12-13 12:31:51,262 - 4 - INFO - **********JUDGER**********
你刚刚的推断是基于分析的不一致之处，可以推断卧底身份如下：

- 玩家1、玩家3的描述都提到了“铁轨”或“固定轨道”，指向火车。
- 玩家2的描述提到了“四轮驱动”和“道路”，指向赛车。
- 玩家4的描述提到了“水面上行驶”和“浮动能力”，这与轮船的特征相符，而其他玩家的描述没有提到与水相关的特征。

由于游戏分类为<交通工具>，且玩家4的描述与火车和赛车的主要特征都不相符，而与轮船的特征相符，因此可以推断玩家4是卧底。|| 基于你刚刚的推断得出你的最终结论，请输出你认为的卧底，在这种情况下只需要输出编号，是1-4中的某个数字，不要输出其他信息。在这个过程不要进行任何推理，只对||以前的部分进行信息提取
2024-12-13 12:31:52,742 - 4 - INFO - **********PLAYER4**********
4
2024-12-13 12:31:52,742 - 4 - INFO - **********JUDGER**********
你认为卧底是你自己。你现在需要随便选一个人投票。请输出一个数字，是1-4中的某个数字，但这个数字不能是4，不要输出其他信息。
2024-12-13 12:31:54,968 - 4 - INFO - **********PLAYER4**********
1
