2024-12-13 15:41:45,503 - 1 - INFO - **********JUDGER**********
让我们来玩一个叫做<谁是卧底>的推理游戏。基本规则：<人数>：4人。<角色分配>：每位玩家随机抽取一个词语，3名玩家拿到的词语是相同的（平民词），1名玩家拿到与之相近但不同的词语（卧底词）。<游戏流程>：1、玩家轮流描述自己的词语，但<不能>直接说出词语本身。2、描述完毕后，投票选出最像卧底的玩家。3、每轮结束后，被投票选出的玩家出局，不能再进行描述或投票。4、每轮投票结束后，如果卧底被成功找出，平民方获胜；如果卧底未被找出且卧底人数等于或超过平民人数，则卧底方获胜。你将扮演一个<玩家>，请等待你被分配到的关键词。如果你听懂了，只回答，"好的，我准备好参加游戏了"，不要输出别的信息
2024-12-13 15:41:46,083 - 1 - INFO - **********PLAYER1**********
好的，我准备好参加游戏了
2024-12-13 15:41:50,055 - 1 - INFO - **********JUDGER**********
玩家1说：玩家2说：玩家3说：玩家4说：|| 你是第1号玩家，你的关键词是<葡萄>。你的回答中绝对不能包含你的关键词<葡萄>。这是第一轮描述，不需要分析||之前别的玩家的描述，请你描述关键词基本特征，注意，这局游戏的词语分类为<水果>，卧底词和平民词都属于该类，描述包括以下两点，1.他的基本特征是什么2.他在该类（水果）中最突出不同的特征是什么，尽量简短
2024-12-13 15:41:51,491 - 1 - INFO - **********PLAYER1**********
它是一种圆形或多边形的果实，通常皮薄汁多。在水果类中，它特别适合酿酒。
2024-12-13 15:41:57,852 - 1 - INFO - **********JUDGER**********
玩家1说：它是一种圆形或多边形的果实，通常皮薄汁多。在水果类中，它特别适合酿酒。玩家2说：这是一个甜美的果实，通常呈圆形或椭圆形，皮薄肉厚，富含汁液。在水果类中，它以其独特的风味和易于酿造的特性而著称。玩家3说：这是一个多汁的果实，外表光滑，颜色多样。在水果类中，它以其独特的甜味和丰富的营养而受到喜爱。与其他水果相比，它在口感和甜度上尤为突出。玩家4说：||在这个游戏中，我们需要通过分析每位玩家的描述来找出卧底。通常，平民的描述会围绕相同的词语展开，而卧底的描述可能会因为词语的不同而显得不太一致。我们需要仔细比较每个描述之间的相似性和差异性，以找出可能的卧底，注意，卧底并不会隐藏自己，他会直接描述他的词语，现在，逐一分析每个玩家的描述，注意，这局游戏的词语分类为<水果>，卧底词和平民词都属于该类。这是第一轮描述。
2024-12-13 15:42:04,188 - 1 - INFO - **********PLAYER1**********
玩家1的描述强调了果实的外形和酿酒特性，这符合葡萄的特征。
玩家2的描述与玩家1相似，强调了果实的甜味和酿酒特性，也符合葡萄。
玩家3的描述提到了果实的多汁、光滑外表和丰富的营养，这同样符合葡萄的特征。
玩家4的描述则更像是在引导我们分析，而不是直接描述葡萄。

根据玩家们的描述，玩家1、2和3的描述都非常一致，都围绕着葡萄的特征进行描述。而玩家4的描述没有具体指向任何水果的特征，更像是在分析游戏规则和描述方法。因此，根据描述的一致性和特异性，玩家4可能是卧底。不过，这只是基于描述的分析，真正的卧底还需要通过后续的描述和投票来确定。
2024-12-13 15:42:04,189 - 1 - INFO - **********JUDGER**********
你刚刚的分析是玩家1的描述强调了果实的外形和酿酒特性，这符合葡萄的特征。
玩家2的描述与玩家1相似，强调了果实的甜味和酿酒特性，也符合葡萄。
玩家3的描述提到了果实的多汁、光滑外表和丰富的营养，这同样符合葡萄的特征。
玩家4的描述则更像是在引导我们分析，而不是直接描述葡萄。

根据玩家们的描述，玩家1、2和3的描述都非常一致，都围绕着葡萄的特征进行描述。而玩家4的描述没有具体指向任何水果的特征，更像是在分析游戏规则和描述方法。因此，根据描述的一致性和特异性，玩家4可能是卧底。不过，这只是基于描述的分析，真正的卧底还需要通过后续的描述和投票来确定。|| `请根据上述分析，比较描述以找出不一致之处，注意，这局游戏的词语分类为<水果>，卧底词和平民词都属于该类。
2024-12-13 15:42:12,342 - 1 - INFO - **********PLAYER1**********
根据上述分析，我们可以注意到以下几点不一致之处：

1. **描述的一致性**：
   - 玩家1、2和3的描述都非常一致，都集中在葡萄的特征上，如圆形或多边形的果实、皮薄汁多、适合酿酒、甜美的风味、多汁、光滑外表、丰富的营养等。

2. **描述的特异性**：
   - 玩家4的描述并没有具体指向任何单一的水果特征，而是更像是在提供游戏策略和分析指导，这与其他玩家专注于具体水果特征的描述形成了对比。

3. **描述的深度**：
   - 玩家1、2和3的描述较为详细，不仅提到了水果的外形和味道，还涉及了其用途和营养。玩家4的描述则较为抽象，没有深入到具体水果的细节。

基于这些不一致之处，玩家4的描述与玩家1、2和3的描述存在明显的差异，这可能是卧底的特征之一。卧底通常会避免与其他平民玩家的描述过于一致，以免被轻易识别。因此，玩家4可能是卧底。然而，这只是一个初步的分析，真正的卧底身份还需要通过后续的描述和投票来确认。
2024-12-13 15:42:12,344 - 1 - INFO - **********JUDGER**********
你刚刚的分析是根据上述分析，我们可以注意到以下几点不一致之处：

1. **描述的一致性**：
   - 玩家1、2和3的描述都非常一致，都集中在葡萄的特征上，如圆形或多边形的果实、皮薄汁多、适合酿酒、甜美的风味、多汁、光滑外表、丰富的营养等。

2. **描述的特异性**：
   - 玩家4的描述并没有具体指向任何单一的水果特征，而是更像是在提供游戏策略和分析指导，这与其他玩家专注于具体水果特征的描述形成了对比。

3. **描述的深度**：
   - 玩家1、2和3的描述较为详细，不仅提到了水果的外形和味道，还涉及了其用途和营养。玩家4的描述则较为抽象，没有深入到具体水果的细节。

基于这些不一致之处，玩家4的描述与玩家1、2和3的描述存在明显的差异，这可能是卧底的特征之一。卧底通常会避免与其他平民玩家的描述过于一致，以免被轻易识别。因此，玩家4可能是卧底。然而，这只是一个初步的分析，真正的卧底身份还需要通过后续的描述和投票来确认。|| 请通过你分析的不一致之处，推断卧底身份，注意，这局游戏的词语分类为<水果>，卧底词和平民词都属于该类。
2024-12-13 15:42:25,706 - 1 - INFO - **********PLAYER1**********
基于分析中提到的不一致之处，以下是推断卧底身份的逻辑：

1. **描述的一致性**：玩家1、2和3的描述高度一致，且都集中在葡萄的特征上，这表明他们可能是平民，因为他们的描述没有暴露出任何不一致或矛盾的地方。

2. **描述的特异性**：玩家4的描述与玩家1、2和3的描述不同，他没有具体指向任何单一的水果特征，而是提供了关于游戏策略和分析的指导。这种描述方式与玩家1、2和3的详细水果特征描述形成了鲜明对比。

3. **描述的深度**：玩家4的描述较为抽象，没有深入到具体水果的细节，这可能是为了不暴露自己作为卧底的身份。

考虑到游戏规则和词语分类为<水果>，卧底词和平民词都属于该类，但卧底需要保持描述的不一致性。因此，玩家4的描述方式――不具体指向任何单一水果特征，且提供游戏分析――与卧底的角色相符。玩家4的描述可能是在引导讨论，而不是在描述特定的水果，这增加了他是卧底的可能性。

综上所述，根据描述的不一致性和游戏规则，玩家4可能是卧底。然而，这只是一个基于当前信息的推断，最终的确认还需要通过后续的描述和投票结果。
2024-12-13 15:42:25,709 - 1 - INFO - **********JUDGER**********
你刚刚的推断是基于分析中提到的不一致之处，以下是推断卧底身份的逻辑：

1. **描述的一致性**：玩家1、2和3的描述高度一致，且都集中在葡萄的特征上，这表明他们可能是平民，因为他们的描述没有暴露出任何不一致或矛盾的地方。

2. **描述的特异性**：玩家4的描述与玩家1、2和3的描述不同，他没有具体指向任何单一的水果特征，而是提供了关于游戏策略和分析的指导。这种描述方式与玩家1、2和3的详细水果特征描述形成了鲜明对比。

3. **描述的深度**：玩家4的描述较为抽象，没有深入到具体水果的细节，这可能是为了不暴露自己作为卧底的身份。

考虑到游戏规则和词语分类为<水果>，卧底词和平民词都属于该类，但卧底需要保持描述的不一致性。因此，玩家4的描述方式――不具体指向任何单一水果特征，且提供游戏分析――与卧底的角色相符。玩家4的描述可能是在引导讨论，而不是在描述特定的水果，这增加了他是卧底的可能性。

综上所述，根据描述的不一致性和游戏规则，玩家4可能是卧底。然而，这只是一个基于当前信息的推断，最终的确认还需要通过后续的描述和投票结果。|| 基于你刚刚的推断得出你的最终结论，请输出你认为的卧底，在这种情况下只需要输出编号，是1-4中的某个数字，不要输出其他信息。在这个过程不要进行任何推理，只对||以前的部分进行信息提取
2024-12-13 15:42:26,343 - 1 - INFO - **********PLAYER1**********
4
2024-12-13 15:44:13,726 - 1 - INFO - **********JUDGER**********
玩家1说：它是一种圆形或多边形的果实，通常皮薄汁多。在水果类中，它特别适合酿酒。玩家2说：这是一个甜美的果实，通常呈圆形或椭圆形，皮薄肉厚，富含汁液。在水果类中，它以其独特的风味和易于酿造的特性而著称。玩家3说：这是一个多汁的果实，外表光滑，颜色多样。在水果类中，它以其独特的甜味和丰富的营养而受到喜爱。与其他水果相比，它在口感和甜度上尤为突出。玩家4说：这是一个多汁的果实，表面光滑，颜色丰富。在水果类中，它以其独特的甜味和丰富的营养而著称，尤其在酿造方面表现突出。与其他水果相比，它在甜度和口感上尤为出色。你是第1号玩家，你的关键词是<葡萄>。你的回答中绝对不能包含你的关键词<葡萄>。这是第二轮描述，你之前的描述是它是一种圆形或多边形的果实，通常皮薄汁多。在水果类中，它特别适合酿酒。，注意，这局游戏的词语分类为<水果>，卧底词和平民词都属于该类，请你补充关于关键词的描述，注意，你的描述应该比起之前的描述更加贴近关键词，作为之前的补充
2024-12-13 15:44:15,336 - 1 - INFO - **********PLAYER1**********
这种水果通常用于制作各种酒类，它的种子可以被用来提取油，而它的果实则含有丰富的糖分，非常适合食用或酿造。
2024-12-13 15:44:43,792 - 1 - INFO - **********JUDGER**********
玩家1说：它是一种圆形或多边形的果实，通常皮薄汁多。在水果类中，它特别适合酿酒。这种水果通常用于制作各种酒类，它的种子可以被用来提取油，而它的果实则含有丰富的糖分，非常适合食用或酿造。玩家2说：这是一个甜美的果实，通常呈圆形或椭圆形，皮薄肉厚，富含汁液。在水果类中，它以其独特的风味和易于酿造的特性而著称。这是一个多汁、表面光滑的果实，常用于酿造，其风味独特，富含天然糖分，深受人们喜爱。在水果中，它的甜度和营养价值特别高，尤其适合用来制作各种酒类。玩家3说：这是一个多汁的果实，外表光滑，颜色多样。在水果类中，它以其独特的甜味和丰富的营养而受到喜爱。与其他水果相比，它在口感和甜度上尤为突出。这个水果通常呈长条形，肉质柔软，含有丰富的营养素。它不仅适合直接食用，还常用于制作甜点和其他食品。尽管它的甜度不如其他水果那么高，但它独特的风味和口感使其在水果中占有一席之地。玩家4说：这是一个多汁的果实，表面光滑，颜色丰富。在水果类中，它以其独特的甜味和丰富的营养而著称，尤其在酿造方面表现突出。与其他水果相比，它在甜度和口感上尤为出色。||在这个游戏中，我们需要通过分析每位玩家的描述来找出卧底。通常，平民的描述会围绕相同的词语展开，而卧底的描述可能会因为词语的不同而显得不太一致。我们需要仔细比较每个描述之间的相似性和差异性，以找出可能的卧底，注意，卧底并不会隐藏自己，他会直接描述他的词语，现在，逐一分析每个玩家的描述，注意，这局游戏的词语分类为<水果>，卧底词和平民词都属于该类。||之前是第2轮描述和之前轮数描述的合集。你之前认为的卧底是玩家4。
2024-12-13 15:44:45,040 - 1 - INFO - **********PLAYER1**********
玩家4
2024-12-13 15:44:45,040 - 1 - INFO - **********JUDGER**********
你刚刚的分析是玩家4|| `请根据上述分析，比较描述以找出不一致之处，注意，这局游戏的词语分类为<水果>，卧底词和平民词都属于该类。
2024-12-13 15:44:59,823 - 1 - INFO - **********PLAYER1**********
在比较玩家1、2、3和4的描述时，以下是不一致之处：

1. **外形描述**：
   - 玩家1、2和4都提到了果实通常是圆形或椭圆形的，而玩家3描述果实为长条形，这与圆形或椭圆形的特征不符。

2. **甜度和口感**：
   - 玩家2和4都强调了果实的高甜度和口感，而玩家1和3虽然也提到了甜味，但没有像玩家2和4那样突出这一点。

3. **营养和用途**：
   - 玩家3提到了果实含有丰富的营养素，并常用于制作甜点和食品，这与玩家1、2和4的描述有所不同，后者更侧重于酿造用途。

4. **甜度比较**：
   - 玩家3提到果实的甜度不如其他水果那么高，这与玩家2和4的描述相矛盾，后者认为果实的甜度特别高。

这些不一致之处表明玩家3的描述与其他玩家有所不同，可能是因为他扮演的是卧底角色，而卧底通常会提供与平民不同的信息，以此来隐藏自己的身份。因此，基于这些差异，玩家3可能是卧底。
2024-12-13 15:44:59,825 - 1 - INFO - **********JUDGER**********
你刚刚的分析是在比较玩家1、2、3和4的描述时，以下是不一致之处：

1. **外形描述**：
   - 玩家1、2和4都提到了果实通常是圆形或椭圆形的，而玩家3描述果实为长条形，这与圆形或椭圆形的特征不符。

2. **甜度和口感**：
   - 玩家2和4都强调了果实的高甜度和口感，而玩家1和3虽然也提到了甜味，但没有像玩家2和4那样突出这一点。

3. **营养和用途**：
   - 玩家3提到了果实含有丰富的营养素，并常用于制作甜点和食品，这与玩家1、2和4的描述有所不同，后者更侧重于酿造用途。

4. **甜度比较**：
   - 玩家3提到果实的甜度不如其他水果那么高，这与玩家2和4的描述相矛盾，后者认为果实的甜度特别高。

这些不一致之处表明玩家3的描述与其他玩家有所不同，可能是因为他扮演的是卧底角色，而卧底通常会提供与平民不同的信息，以此来隐藏自己的身份。因此，基于这些差异，玩家3可能是卧底。|| 请通过你分析的不一致之处，推断卧底身份，注意，这局游戏的词语分类为<水果>，卧底词和平民词都属于该类。
2024-12-13 15:45:00,867 - 1 - INFO - **********PLAYER1**********
玩家3
2024-12-13 15:45:00,867 - 1 - INFO - **********JUDGER**********
你刚刚的推断是玩家3|| 基于你刚刚的推断得出你的最终结论，请输出你认为的卧底，在这种情况下只需要输出编号，是1-4中的某个数字，不要输出其他信息。在这个过程不要进行任何推理，只对||以前的部分进行信息提取
2024-12-13 15:45:02,070 - 1 - INFO - **********PLAYER1**********
3
2024-12-13 15:47:33,064 - 1 - INFO - **********JUDGER**********
玩家1说：它是一种圆形或多边形的果实，通常皮薄汁多。在水果类中，它特别适合酿酒。这种水果通常用于制作各种酒类，它的种子可以被用来提取油，而它的果实则含有丰富的糖分，非常适合食用或酿造。玩家2说：这是一个甜美的果实，通常呈圆形或椭圆形，皮薄肉厚，富含汁液。在水果类中，它以其独特的风味和易于酿造的特性而著称。这是一个多汁、表面光滑的果实，常用于酿造，其风味独特，富含天然糖分，深受人们喜爱。在水果中，它的甜度和营养价值特别高，尤其适合用来制作各种酒类。玩家3说：这是一个多汁的果实，外表光滑，颜色多样。在水果类中，它以其独特的甜味和丰富的营养而受到喜爱。与其他水果相比，它在口感和甜度上尤为突出。这个水果通常呈长条形，肉质柔软，含有丰富的营养素。它不仅适合直接食用，还常用于制作甜点和其他食品。尽管它的甜度不如其他水果那么高，但它独特的风味和口感使其在水果中占有一席之地。玩家4说：这是一个多汁的果实，表面光滑，颜色丰富。在水果类中，它以其独特的甜味和丰富的营养而著称，尤其在酿造方面表现突出。与其他水果相比，它在甜度和口感上尤为出色。这种水果通常呈圆形或椭圆形，皮薄肉厚，汁液丰富。它含有天然糖分，不仅适合直接食用，还广泛用于酿造各种酒类。它的甜度和营养价值高，是酿造业的重要原料。与其他水果相比，它在口感上更为圆润，甜度适中，深受消费者喜爱。你是第1号玩家，你的关键词是<葡萄>。你的回答中绝对不能包含你的关键词<葡萄>。这是第三轮描述，你之前的描述是它是一种圆形或多边形的果实，通常皮薄汁多。在水果类中，它特别适合酿酒。和这种水果通常用于制作各种酒类，它的种子可以被用来提取油，而它的果实则含有丰富的糖分，非常适合食用或酿造。，注意，这局游戏的词语分类为<水果>，卧底词和平民词都属于该类，请你补充关于关键词的描述，注意，你的描述应该比起之前的描述更加贴近关键词，作为之前的补充
2024-12-13 15:47:37,084 - 1 - INFO - **********PLAYER1**********
这种果实有着独特的风味，适合在阳光充足的地方生长，成熟时颜色鲜艳，果实内部含有许多小颗粒，适合作为水果食用或用于制作甜点和酒类。
2024-12-13 15:47:53,335 - 1 - INFO - **********JUDGER**********
玩家1说：它是一种圆形或多边形的果实，通常皮薄汁多。在水果类中，它特别适合酿酒。这种水果通常用于制作各种酒类，它的种子可以被用来提取油，而它的果实则含有丰富的糖分，非常适合食用或酿造。这种果实有着独特的风味，适合在阳光充足的地方生长，成熟时颜色鲜艳，果实内部含有许多小颗粒，适合作为水果食用或用于制作甜点和酒类。玩家2说：这是一个甜美的果实，通常呈圆形或椭圆形，皮薄肉厚，富含汁液。在水果类中，它以其独特的风味和易于酿造的特性而著称。这是一个多汁、表面光滑的果实，常用于酿造，其风味独特，富含天然糖分，深受人们喜爱。在水果中，它的甜度和营养价值特别高，尤其适合用来制作各种酒类。1. 这种果实有着鲜艳的颜色，成熟时尤为吸引人，内部含有许多小颗粒，增加了它的口感层次。
2. 它在阳光充足的地方生长最为理想，这种环境有助于它积累更多的糖分和风味。玩家3说：这是一个多汁的果实，外表光滑，颜色多样。在水果类中，它以其独特的甜味和丰富的营养而受到喜爱。与其他水果相比，它在口感和甜度上尤为突出。这个水果通常呈长条形，肉质柔软，含有丰富的营养素。它不仅适合直接食用，还常用于制作甜点和其他食品。尽管它的甜度不如其他水果那么高，但它独特的风味和口感使其在水果中占有一席之地。这个水果通常呈黄色，有时带有绿色条纹，形状弯曲或略微扁平。它的皮薄且易于剥离，肉质柔软，富含淀粉和糖分。这种水果在热带地区生长，喜欢温暖湿润的环境，成熟时甜度较高，口感细腻。它不仅适合直接食用，还常用于制作甜点、果汁和糕点。玩家4说：这是一个多汁的果实，表面光滑，颜色丰富。在水果类中，它以其独特的甜味和丰富的营养而著称，尤其在酿造方面表现突出。与其他水果相比，它在甜度和口感上尤为出色。这种水果通常呈圆形或椭圆形，皮薄肉厚，汁液丰富。它含有天然糖分，不仅适合直接食用，还广泛用于酿造各种酒类。它的甜度和营养价值高，是酿造业的重要原料。与其他水果相比，它在口感上更为圆润，甜度适中，深受消费者喜爱。这种果实通常呈圆形或椭圆形，皮薄肉厚，汁液丰富，含有天然糖分。它在阳光充足的地方生长，成熟时颜色鲜艳，果实内部含有许多小颗粒，增加了它的口感层次。这种水果不仅适合直接食用，还广泛用于酿造各种酒类，是酿造业的重要原料。与其他水果相比，它在甜度和营养价值上尤为出色，口感圆润，甜度适中，深受消费者喜爱。||在这个游戏中，我们需要通过分析每位玩家的描述来找出卧底。通常，平民的描述会围绕相同的词语展开，而卧底的描述可能会因为词语的不同而显得不太一致。我们需要仔细比较每个描述之间的相似性和差异性，以找出可能的卧底，注意，卧底并不会隐藏自己，他会直接描述他的词语，现在，逐一分析每个玩家的描述，注意，这局游戏的词语分类为<水果>，卧底词和平民词都属于该类。||之前是第3轮描述和之前轮数描述的合集。你之前认为的卧底是玩家3。
2024-12-13 15:47:54,666 - 1 - INFO - **********PLAYER1**********
玩家3
2024-12-13 15:47:54,667 - 1 - INFO - **********JUDGER**********
你刚刚的分析是玩家3|| `请根据上述分析，比较描述以找出不一致之处，注意，这局游戏的词语分类为<水果>，卧底词和平民词都属于该类。
2024-12-13 15:48:07,091 - 1 - INFO - **********PLAYER1**********
在比较玩家1、2、3和4的描述时，以下是不一致之处：

1. **外形描述**：
   - 玩家1、2和4的描述都提到了圆形或椭圆形的果实，而玩家3描述的是长条形，肉质柔软，形状弯曲或略微扁平，这与圆形或椭圆形的特征不符。

2. **颜色描述**：
   - 玩家1、2和4都提到了果实成熟时颜色鲜艳，而玩家3描述的是黄色，有时带有绿色条纹，这与“颜色鲜艳”的描述不一致。

3. **生长环境和成熟甜度**：
   - 玩家1、2和4的描述中，果实适合在阳光充足的地方生长，成熟时甜度较高，而玩家3描述的是在热带地区生长，喜欢温暖湿润的环境，成熟时甜度较高，但口感细腻，这与“阳光充足”的环境描述不一致。

4. **用途描述**：
   - 玩家1、2和4的描述中，果实不仅适合直接食用，还广泛用于酿造各种酒类，而玩家3描述的是常用于制作甜点和其他食品，以及制作甜点、果汁和糕点，这与“酿造”的用途描述不一致。

这些不一致之处表明玩家3的描述与其他玩家有所不同，可能是因为他扮演的是卧底角色。
2024-12-13 15:48:07,092 - 1 - INFO - **********JUDGER**********
你刚刚的分析是在比较玩家1、2、3和4的描述时，以下是不一致之处：

1. **外形描述**：
   - 玩家1、2和4的描述都提到了圆形或椭圆形的果实，而玩家3描述的是长条形，肉质柔软，形状弯曲或略微扁平，这与圆形或椭圆形的特征不符。

2. **颜色描述**：
   - 玩家1、2和4都提到了果实成熟时颜色鲜艳，而玩家3描述的是黄色，有时带有绿色条纹，这与“颜色鲜艳”的描述不一致。

3. **生长环境和成熟甜度**：
   - 玩家1、2和4的描述中，果实适合在阳光充足的地方生长，成熟时甜度较高，而玩家3描述的是在热带地区生长，喜欢温暖湿润的环境，成熟时甜度较高，但口感细腻，这与“阳光充足”的环境描述不一致。

4. **用途描述**：
   - 玩家1、2和4的描述中，果实不仅适合直接食用，还广泛用于酿造各种酒类，而玩家3描述的是常用于制作甜点和其他食品，以及制作甜点、果汁和糕点，这与“酿造”的用途描述不一致。

这些不一致之处表明玩家3的描述与其他玩家有所不同，可能是因为他扮演的是卧底角色。|| 请通过你分析的不一致之处，推断卧底身份，注意，这局游戏的词语分类为<水果>，卧底词和平民词都属于该类。
2024-12-13 15:48:08,366 - 1 - INFO - **********PLAYER1**********
玩家3
2024-12-13 15:48:08,366 - 1 - INFO - **********JUDGER**********
你刚刚的推断是玩家3|| 基于你刚刚的推断得出你的最终结论，请输出你认为的卧底，在这种情况下只需要输出编号，是1-4中的某个数字，不要输出其他信息。在这个过程不要进行任何推理，只对||以前的部分进行信息提取
2024-12-13 15:48:09,614 - 1 - INFO - **********PLAYER1**********
3
