2024-12-13 15:41:46,598 - 2 - INFO - **********JUDGER**********
让我们来玩一个叫做<谁是卧底>的推理游戏。基本规则：<人数>：4人。<角色分配>：每位玩家随机抽取一个词语，3名玩家拿到的词语是相同的（平民词），1名玩家拿到与之相近但不同的词语（卧底词）。<游戏流程>：1、玩家轮流描述自己的词语，但<不能>直接说出词语本身。2、描述完毕后，投票选出最像卧底的玩家。3、每轮结束后，被投票选出的玩家出局，不能再进行描述或投票。4、每轮投票结束后，如果卧底被成功找出，平民方获胜；如果卧底未被找出且卧底人数等于或超过平民人数，则卧底方获胜。你将扮演一个<玩家>，请等待你被分配到的关键词。如果你听懂了，只回答，"好的，我准备好参加游戏了"，不要输出别的信息
2024-12-13 15:41:47,367 - 2 - INFO - **********PLAYER2**********
好的，我准备好参加游戏了
2024-12-13 15:41:51,491 - 2 - INFO - **********JUDGER**********
玩家1说：它是一种圆形或多边形的果实，通常皮薄汁多。在水果类中，它特别适合酿酒。玩家2说：玩家3说：玩家4说：|| 你是第2号玩家，你的关键词是<葡萄>。你的回答中绝对不能包含你的关键词<葡萄>。这是第一轮描述，不需要分析||之前别的玩家的描述，请你描述关键词基本特征，注意，这局游戏的词语分类为<水果>，卧底词和平民词都属于该类，描述包括以下两点，1.他的基本特征是什么2.他在该类（水果）中最突出不同的特征是什么，尽量简短
2024-12-13 15:41:53,096 - 2 - INFO - **********PLAYER2**********
这是一个甜美的果实，通常呈圆形或椭圆形，皮薄肉厚，富含汁液。在水果类中，它以其独特的风味和易于酿造的特性而著称。
2024-12-13 15:42:26,345 - 2 - INFO - **********JUDGER**********
玩家1说：它是一种圆形或多边形的果实，通常皮薄汁多。在水果类中，它特别适合酿酒。玩家2说：这是一个甜美的果实，通常呈圆形或椭圆形，皮薄肉厚，富含汁液。在水果类中，它以其独特的风味和易于酿造的特性而著称。玩家3说：这是一个多汁的果实，外表光滑，颜色多样。在水果类中，它以其独特的甜味和丰富的营养而受到喜爱。与其他水果相比，它在口感和甜度上尤为突出。玩家4说：||在这个游戏中，我们需要通过分析每位玩家的描述来找出卧底。通常，平民的描述会围绕相同的词语展开，而卧底的描述可能会因为词语的不同而显得不太一致。我们需要仔细比较每个描述之间的相似性和差异性，以找出可能的卧底，注意，卧底并不会隐藏自己，他会直接描述他的词语，现在，逐一分析每个玩家的描述，注意，这局游戏的词语分类为<水果>，卧底词和平民词都属于该类。这是第一轮描述。
2024-12-13 15:42:33,737 - 2 - INFO - **********PLAYER2**********
作为玩家2，我会这样分析：

玩家1和玩家2的描述非常相似，都强调了果实的圆形或多边形、皮薄汁多、适合酿酒的特点，这表明我们可能是平民。

玩家3的描述也提到了果实的多汁、光滑外表、多样的颜色、独特的甜味和营养，以及口感和甜度的突出，这与我们之前的描述有一定的重叠，但更详细，这可能意味着玩家3也是平民。

玩家4的描述没有直接给出任何具体特征，而是提醒我们如何分析游戏，这可能是为了引导我们注意其他玩家的描述，或者可能是卧底的策略，试图通过引导来混淆判断。

综合来看，玩家1、玩家2和玩家3的描述都在描述一种甜美的、适合酿酒的水果，而玩家4的描述似乎更像是游戏规则提醒，没有给出具体的词语特征。因此，我会倾向于认为玩家4可能是卧底，因为他没有像其他玩家那样提供具体的词语特征。不过，最终判断还需要在下一轮中继续观察和比较。
2024-12-13 15:42:33,738 - 2 - INFO - **********JUDGER**********
你刚刚的分析是作为玩家2，我会这样分析：

玩家1和玩家2的描述非常相似，都强调了果实的圆形或多边形、皮薄汁多、适合酿酒的特点，这表明我们可能是平民。

玩家3的描述也提到了果实的多汁、光滑外表、多样的颜色、独特的甜味和营养，以及口感和甜度的突出，这与我们之前的描述有一定的重叠，但更详细，这可能意味着玩家3也是平民。

玩家4的描述没有直接给出任何具体特征，而是提醒我们如何分析游戏，这可能是为了引导我们注意其他玩家的描述，或者可能是卧底的策略，试图通过引导来混淆判断。

综合来看，玩家1、玩家2和玩家3的描述都在描述一种甜美的、适合酿酒的水果，而玩家4的描述似乎更像是游戏规则提醒，没有给出具体的词语特征。因此，我会倾向于认为玩家4可能是卧底，因为他没有像其他玩家那样提供具体的词语特征。不过，最终判断还需要在下一轮中继续观察和比较。|| `请根据上述分析，比较描述以找出不一致之处，注意，这局游戏的词语分类为<水果>，卧底词和平民词都属于该类。
2024-12-13 15:42:43,024 - 2 - INFO - **********PLAYER2**********
根据上述分析，我们可以比较描述中的一致性和不一致性如下：

一致之处：
- 玩家1、玩家2和玩家3都提到了果实的圆形或多边形、皮薄汁多、适合酿酒的特点。
- 玩家1、玩家2和玩家3的描述都强调了果实的甜味和营养。
- 玩家1、玩家2和玩家3都提到了果实在口感和甜度上的突出。

不一致之处：
- 玩家4的描述没有提供具体的词语特征，而是专注于游戏分析的方法，这与其他玩家描述果实的特征不同。
- 玩家3的描述比玩家1和玩家2的描述更为详细，提到了果实的多样颜色，而玩家1和玩家2没有提到这一点。

基于这些不一致之处，玩家4的描述与游戏的其他描述相比显得异常，因此玩家4可能是卧底。然而，需要注意的是，玩家3的描述虽然详细，但并没有与玩家1和玩家2的描述产生根本性的冲突，因此也有可能是平民。最终判断还需要在下一轮中继续观察和比较。
2024-12-13 15:42:43,026 - 2 - INFO - **********JUDGER**********
你刚刚的分析是根据上述分析，我们可以比较描述中的一致性和不一致性如下：

一致之处：
- 玩家1、玩家2和玩家3都提到了果实的圆形或多边形、皮薄汁多、适合酿酒的特点。
- 玩家1、玩家2和玩家3的描述都强调了果实的甜味和营养。
- 玩家1、玩家2和玩家3都提到了果实在口感和甜度上的突出。

不一致之处：
- 玩家4的描述没有提供具体的词语特征，而是专注于游戏分析的方法，这与其他玩家描述果实的特征不同。
- 玩家3的描述比玩家1和玩家2的描述更为详细，提到了果实的多样颜色，而玩家1和玩家2没有提到这一点。

基于这些不一致之处，玩家4的描述与游戏的其他描述相比显得异常，因此玩家4可能是卧底。然而，需要注意的是，玩家3的描述虽然详细，但并没有与玩家1和玩家2的描述产生根本性的冲突，因此也有可能是平民。最终判断还需要在下一轮中继续观察和比较。|| 请通过你分析的不一致之处，推断卧底身份，注意，这局游戏的词语分类为<水果>，卧底词和平民词都属于该类。
2024-12-13 15:42:49,803 - 2 - INFO - **********PLAYER2**********
作为玩家2，我的分析如下：

玩家1、玩家2和玩家3的描述都集中在描述一种水果的基本特征，如圆形或多边形的形状、皮薄汁多、甜味、适合酿酒等。这些描述都非常相似，几乎可以确定我们三人持有的是相同的平民词。

然而，玩家4的描述与其他玩家的描述相比，没有明确指出任何具体的水果特征，而是更多地关注了游戏策略和描述分析的方法。这种描述方式与其他玩家描述的实质性内容形成了鲜明对比，这让我怀疑玩家4可能是卧底。

玩家4的描述可能是为了误导我们，让我们认为卧底会直接描述他的词语，从而忽略了他可能通过间接方式揭示的线索。因此，我会倾向于将玩家4作为卧底候选人，并在下一轮投票时考虑这一点。
2024-12-13 15:42:49,805 - 2 - INFO - **********JUDGER**********
你刚刚的推断是作为玩家2，我的分析如下：

玩家1、玩家2和玩家3的描述都集中在描述一种水果的基本特征，如圆形或多边形的形状、皮薄汁多、甜味、适合酿酒等。这些描述都非常相似，几乎可以确定我们三人持有的是相同的平民词。

然而，玩家4的描述与其他玩家的描述相比，没有明确指出任何具体的水果特征，而是更多地关注了游戏策略和描述分析的方法。这种描述方式与其他玩家描述的实质性内容形成了鲜明对比，这让我怀疑玩家4可能是卧底。

玩家4的描述可能是为了误导我们，让我们认为卧底会直接描述他的词语，从而忽略了他可能通过间接方式揭示的线索。因此，我会倾向于将玩家4作为卧底候选人，并在下一轮投票时考虑这一点。|| 基于你刚刚的推断得出你的最终结论，请输出你认为的卧底，在这种情况下只需要输出编号，是1-4中的某个数字，不要输出其他信息。在这个过程不要进行任何推理，只对||以前的部分进行信息提取
2024-12-13 15:42:50,372 - 2 - INFO - **********PLAYER2**********
4
2024-12-13 15:44:15,337 - 2 - INFO - **********JUDGER**********
玩家1说：它是一种圆形或多边形的果实，通常皮薄汁多。在水果类中，它特别适合酿酒。这种水果通常用于制作各种酒类，它的种子可以被用来提取油，而它的果实则含有丰富的糖分，非常适合食用或酿造。玩家2说：这是一个甜美的果实，通常呈圆形或椭圆形，皮薄肉厚，富含汁液。在水果类中，它以其独特的风味和易于酿造的特性而著称。玩家3说：这是一个多汁的果实，外表光滑，颜色多样。在水果类中，它以其独特的甜味和丰富的营养而受到喜爱。与其他水果相比，它在口感和甜度上尤为突出。玩家4说：这是一个多汁的果实，表面光滑，颜色丰富。在水果类中，它以其独特的甜味和丰富的营养而著称，尤其在酿造方面表现突出。与其他水果相比，它在甜度和口感上尤为出色。你是第2号玩家，你的关键词是<葡萄>。你的回答中绝对不能包含你的关键词<葡萄>。这是第二轮描述，你之前的描述是这是一个甜美的果实，通常呈圆形或椭圆形，皮薄肉厚，富含汁液。在水果类中，它以其独特的风味和易于酿造的特性而著称。，注意，这局游戏的词语分类为<水果>，卧底词和平民词都属于该类，请你补充关于关键词的描述，注意，你的描述应该比起之前的描述更加贴近关键词，作为之前的补充
2024-12-13 15:44:27,691 - 2 - INFO - **********PLAYER2**********
作为玩家2，我的关键词是“葡萄”，但在这个描述环节中，我不能直接提到“葡萄”。因此，我将尝试描述葡萄的基本特征和它在水果类中最突出的不同特征：

1. 它是一种圆形或多边形的果实，通常皮薄汁多，含有丰富的天然糖分和多种维生素。
2. 在水果类中，葡萄最突出的不同特征是它的高糖分和丰富的营养，以及其独特的风味，这使得它不仅适合食用，还特别适合酿酒和制作葡萄干等食品。
2024-12-13 15:44:27,694 - 2 - INFO - **********JUDGER**********
玩家1说：它是一种圆形或多边形的果实，通常皮薄汁多。在水果类中，它特别适合酿酒。这种水果通常用于制作各种酒类，它的种子可以被用来提取油，而它的果实则含有丰富的糖分，非常适合食用或酿造。玩家2说：这是一个甜美的果实，通常呈圆形或椭圆形，皮薄肉厚，富含汁液。在水果类中，它以其独特的风味和易于酿造的特性而著称。玩家3说：这是一个多汁的果实，外表光滑，颜色多样。在水果类中，它以其独特的甜味和丰富的营养而受到喜爱。与其他水果相比，它在口感和甜度上尤为突出。玩家4说：这是一个多汁的果实，表面光滑，颜色丰富。在水果类中，它以其独特的甜味和丰富的营养而著称，尤其在酿造方面表现突出。与其他水果相比，它在甜度和口感上尤为出色。你是第2号玩家，你的关键词是<葡萄>。你的回答中绝对不能包含你的关键词<葡萄>。这是第二轮描述，你之前的描述是这是一个甜美的果实，通常呈圆形或椭圆形，皮薄肉厚，富含汁液。在水果类中，它以其独特的风味和易于酿造的特性而著称。，注意，这局游戏的词语分类为<水果>，卧底词和平民词都属于该类，请你补充关于关键词的描述，注意，你的描述应该比起之前的描述更加贴近关键词，作为之前的补充
2024-12-13 15:44:31,146 - 2 - INFO - **********PLAYER2**********
这是一个多汁、表面光滑的果实，常用于酿造，其风味独特，富含天然糖分，深受人们喜爱。在水果中，它的甜度和营养价值特别高，尤其适合用来制作各种酒类。
2024-12-13 15:45:02,071 - 2 - INFO - **********JUDGER**********
玩家1说：它是一种圆形或多边形的果实，通常皮薄汁多。在水果类中，它特别适合酿酒。这种水果通常用于制作各种酒类，它的种子可以被用来提取油，而它的果实则含有丰富的糖分，非常适合食用或酿造。玩家2说：这是一个甜美的果实，通常呈圆形或椭圆形，皮薄肉厚，富含汁液。在水果类中，它以其独特的风味和易于酿造的特性而著称。这是一个多汁、表面光滑的果实，常用于酿造，其风味独特，富含天然糖分，深受人们喜爱。在水果中，它的甜度和营养价值特别高，尤其适合用来制作各种酒类。玩家3说：这是一个多汁的果实，外表光滑，颜色多样。在水果类中，它以其独特的甜味和丰富的营养而受到喜爱。与其他水果相比，它在口感和甜度上尤为突出。这个水果通常呈长条形，肉质柔软，含有丰富的营养素。它不仅适合直接食用，还常用于制作甜点和其他食品。尽管它的甜度不如其他水果那么高，但它独特的风味和口感使其在水果中占有一席之地。玩家4说：这是一个多汁的果实，表面光滑，颜色丰富。在水果类中，它以其独特的甜味和丰富的营养而著称，尤其在酿造方面表现突出。与其他水果相比，它在甜度和口感上尤为出色。||在这个游戏中，我们需要通过分析每位玩家的描述来找出卧底。通常，平民的描述会围绕相同的词语展开，而卧底的描述可能会因为词语的不同而显得不太一致。我们需要仔细比较每个描述之间的相似性和差异性，以找出可能的卧底，注意，卧底并不会隐藏自己，他会直接描述他的词语，现在，逐一分析每个玩家的描述，注意，这局游戏的词语分类为<水果>，卧底词和平民词都属于该类。||之前是第2轮描述和之前轮数描述的合集。你之前认为的卧底是玩家4。
2024-12-13 15:45:42,257 - 2 - INFO - **********PLAYER2**********
根据第二轮描述和之前轮数的描述，我会继续分析每个玩家的描述：

玩家1的描述非常详细，提到了果实用于酿酒、提取油以及丰富的糖分，这些特征与其他玩家的描述有一定的重叠，但玩家1的描述更侧重于果实的实用性和营养成分。

玩家2的描述与玩家1相似，也提到了甜美的风味和酿造特性，但玩家2的描述更加简洁，没有提及提取油或营养成分。

玩家3的描述与玩家1和玩家2的描述有所不同，特别强调了果实的长条形、肉质柔软和营养素，这与之前描述的圆形或椭圆形、多汁、表面光滑的特征不一致。

玩家4的描述与玩家1和玩家2的描述相似，也提到了甜味、营养和酿造特性，但玩家4的描述强调了果实的甜度和口感的出色，这与玩家3描述的甜度不如其他水果的特点形成了对比。

综合来看，玩家3的描述与玩家1和玩家2的描述在果实的形状、肉质和营养描述上存在明显差异，这可能是由于玩家3持有的词语与玩家1和玩家2不同。因此，根据这些差异，我会继续将玩家3视为可能的卧底候选人。同时，玩家4的描述虽然与玩家1和玩家2相似，但由于玩家3的描述存在显著不同，这增加了玩家3作为卧底的可能性。因此，我仍然倾向于认为玩家3是卧底。
2024-12-13 15:45:42,260 - 2 - INFO - **********JUDGER**********
你刚刚的分析是根据第二轮描述和之前轮数的描述，我会继续分析每个玩家的描述：

玩家1的描述非常详细，提到了果实用于酿酒、提取油以及丰富的糖分，这些特征与其他玩家的描述有一定的重叠，但玩家1的描述更侧重于果实的实用性和营养成分。

玩家2的描述与玩家1相似，也提到了甜美的风味和酿造特性，但玩家2的描述更加简洁，没有提及提取油或营养成分。

玩家3的描述与玩家1和玩家2的描述有所不同，特别强调了果实的长条形、肉质柔软和营养素，这与之前描述的圆形或椭圆形、多汁、表面光滑的特征不一致。

玩家4的描述与玩家1和玩家2的描述相似，也提到了甜味、营养和酿造特性，但玩家4的描述强调了果实的甜度和口感的出色，这与玩家3描述的甜度不如其他水果的特点形成了对比。

综合来看，玩家3的描述与玩家1和玩家2的描述在果实的形状、肉质和营养描述上存在明显差异，这可能是由于玩家3持有的词语与玩家1和玩家2不同。因此，根据这些差异，我会继续将玩家3视为可能的卧底候选人。同时，玩家4的描述虽然与玩家1和玩家2相似，但由于玩家3的描述存在显著不同，这增加了玩家3作为卧底的可能性。因此，我仍然倾向于认为玩家3是卧底。|| `请根据上述分析，比较描述以找出不一致之处，注意，这局游戏的词语分类为<水果>，卧底词和平民词都属于该类。
2024-12-13 15:45:51,807 - 2 - INFO - **********PLAYER2**********
根据上述分析，以下是不一致之处：

1. 玩家1、玩家2和玩家4的描述都提到了果实适合酿造酒类，而玩家3的描述没有提到这一点。
2. 玩家1和玩家2的描述中提到了果实的糖分和营养成分，而玩家3没有具体提到这些特征。
3. 玩家3的描述特别提到了果实的长条形和肉质柔软，这与玩家1和玩家2描述的圆形或椭圆形、多汁、表面光滑的特征不一致。
4. 玩家3描述了果实的甜度不如其他水果，而玩家1、玩家2和玩家4都强调了果实的甜味和口感。

这些不一致之处表明玩家3的描述与玩家1和玩家2的描述存在显著差异，这可能是由于玩家3持有的词语与玩家1和玩家2不同，从而使得玩家3的描述显得较为异常。因此，玩家3的描述在一致性上与其他玩家有所不同，可能是卧底。
2024-12-13 15:45:51,810 - 2 - INFO - **********JUDGER**********
你刚刚的分析是根据上述分析，以下是不一致之处：

1. 玩家1、玩家2和玩家4的描述都提到了果实适合酿造酒类，而玩家3的描述没有提到这一点。
2. 玩家1和玩家2的描述中提到了果实的糖分和营养成分，而玩家3没有具体提到这些特征。
3. 玩家3的描述特别提到了果实的长条形和肉质柔软，这与玩家1和玩家2描述的圆形或椭圆形、多汁、表面光滑的特征不一致。
4. 玩家3描述了果实的甜度不如其他水果，而玩家1、玩家2和玩家4都强调了果实的甜味和口感。

这些不一致之处表明玩家3的描述与玩家1和玩家2的描述存在显著差异，这可能是由于玩家3持有的词语与玩家1和玩家2不同，从而使得玩家3的描述显得较为异常。因此，玩家3的描述在一致性上与其他玩家有所不同，可能是卧底。|| 请通过你分析的不一致之处，推断卧底身份，注意，这局游戏的词语分类为<水果>，卧底词和平民词都属于该类。
2024-12-13 15:45:58,246 - 2 - INFO - **********PLAYER2**********
根据分析的不一致之处，我会推断玩家3是卧底。这是因为玩家3的描述在多个关键点上与玩家1和玩家2的描述不一致，包括对果实形状的描述、对果实甜度的描述以及对酿造特性的提及。这些差异表明玩家3可能持有与玩家1和玩家2不同的词语，从而使得他的描述与其他玩家相比显得异常。因此，我倾向于认为玩家3是卧底。
2024-12-13 15:45:58,248 - 2 - INFO - **********JUDGER**********
你刚刚的推断是根据分析的不一致之处，我会推断玩家3是卧底。这是因为玩家3的描述在多个关键点上与玩家1和玩家2的描述不一致，包括对果实形状的描述、对果实甜度的描述以及对酿造特性的提及。这些差异表明玩家3可能持有与玩家1和玩家2不同的词语，从而使得他的描述与其他玩家相比显得异常。因此，我倾向于认为玩家3是卧底。|| 基于你刚刚的推断得出你的最终结论，请输出你认为的卧底，在这种情况下只需要输出编号，是1-4中的某个数字，不要输出其他信息。在这个过程不要进行任何推理，只对||以前的部分进行信息提取
2024-12-13 15:45:59,676 - 2 - INFO - **********PLAYER2**********
3
2024-12-13 15:47:37,085 - 2 - INFO - **********JUDGER**********
玩家1说：它是一种圆形或多边形的果实，通常皮薄汁多。在水果类中，它特别适合酿酒。这种水果通常用于制作各种酒类，它的种子可以被用来提取油，而它的果实则含有丰富的糖分，非常适合食用或酿造。这种果实有着独特的风味，适合在阳光充足的地方生长，成熟时颜色鲜艳，果实内部含有许多小颗粒，适合作为水果食用或用于制作甜点和酒类。玩家2说：这是一个甜美的果实，通常呈圆形或椭圆形，皮薄肉厚，富含汁液。在水果类中，它以其独特的风味和易于酿造的特性而著称。这是一个多汁、表面光滑的果实，常用于酿造，其风味独特，富含天然糖分，深受人们喜爱。在水果中，它的甜度和营养价值特别高，尤其适合用来制作各种酒类。玩家3说：这是一个多汁的果实，外表光滑，颜色多样。在水果类中，它以其独特的甜味和丰富的营养而受到喜爱。与其他水果相比，它在口感和甜度上尤为突出。这个水果通常呈长条形，肉质柔软，含有丰富的营养素。它不仅适合直接食用，还常用于制作甜点和其他食品。尽管它的甜度不如其他水果那么高，但它独特的风味和口感使其在水果中占有一席之地。玩家4说：这是一个多汁的果实，表面光滑，颜色丰富。在水果类中，它以其独特的甜味和丰富的营养而著称，尤其在酿造方面表现突出。与其他水果相比，它在甜度和口感上尤为出色。这种水果通常呈圆形或椭圆形，皮薄肉厚，汁液丰富。它含有天然糖分，不仅适合直接食用，还广泛用于酿造各种酒类。它的甜度和营养价值高，是酿造业的重要原料。与其他水果相比，它在口感上更为圆润，甜度适中，深受消费者喜爱。你是第2号玩家，你的关键词是<葡萄>。你的回答中绝对不能包含你的关键词<葡萄>。这是第三轮描述，你之前的描述是这是一个甜美的果实，通常呈圆形或椭圆形，皮薄肉厚，富含汁液。在水果类中，它以其独特的风味和易于酿造的特性而著称。和作为玩家2，我的关键词是“葡萄”，但在这个描述环节中，我不能直接提到“葡萄”。因此，我将尝试描述葡萄的基本特征和它在水果类中最突出的不同特征：

1. 它是一种圆形或多边形的果实，通常皮薄汁多，含有丰富的天然糖分和多种维生素。
2. 在水果类中，葡萄最突出的不同特征是它的高糖分和丰富的营养，以及其独特的风味，这使得它不仅适合食用，还特别适合酿酒和制作葡萄干等食品。，注意，这局游戏的词语分类为<水果>，卧底词和平民词都属于该类，请你补充关于关键词的描述，注意，你的描述应该比起之前的描述更加贴近关键词，作为之前的补充
2024-12-13 15:47:41,459 - 2 - INFO - **********PLAYER2**********
1. 这种果实有着鲜艳的颜色，成熟时尤为吸引人，内部含有许多小颗粒，增加了它的口感层次。
2. 它在阳光充足的地方生长最为理想，这种环境有助于它积累更多的糖分和风味。
2024-12-13 15:48:09,615 - 2 - INFO - **********JUDGER**********
玩家1说：它是一种圆形或多边形的果实，通常皮薄汁多。在水果类中，它特别适合酿酒。这种水果通常用于制作各种酒类，它的种子可以被用来提取油，而它的果实则含有丰富的糖分，非常适合食用或酿造。这种果实有着独特的风味，适合在阳光充足的地方生长，成熟时颜色鲜艳，果实内部含有许多小颗粒，适合作为水果食用或用于制作甜点和酒类。玩家2说：这是一个甜美的果实，通常呈圆形或椭圆形，皮薄肉厚，富含汁液。在水果类中，它以其独特的风味和易于酿造的特性而著称。这是一个多汁、表面光滑的果实，常用于酿造，其风味独特，富含天然糖分，深受人们喜爱。在水果中，它的甜度和营养价值特别高，尤其适合用来制作各种酒类。1. 这种果实有着鲜艳的颜色，成熟时尤为吸引人，内部含有许多小颗粒，增加了它的口感层次。
2. 它在阳光充足的地方生长最为理想，这种环境有助于它积累更多的糖分和风味。玩家3说：这是一个多汁的果实，外表光滑，颜色多样。在水果类中，它以其独特的甜味和丰富的营养而受到喜爱。与其他水果相比，它在口感和甜度上尤为突出。这个水果通常呈长条形，肉质柔软，含有丰富的营养素。它不仅适合直接食用，还常用于制作甜点和其他食品。尽管它的甜度不如其他水果那么高，但它独特的风味和口感使其在水果中占有一席之地。这个水果通常呈黄色，有时带有绿色条纹，形状弯曲或略微扁平。它的皮薄且易于剥离，肉质柔软，富含淀粉和糖分。这种水果在热带地区生长，喜欢温暖湿润的环境，成熟时甜度较高，口感细腻。它不仅适合直接食用，还常用于制作甜点、果汁和糕点。玩家4说：这是一个多汁的果实，表面光滑，颜色丰富。在水果类中，它以其独特的甜味和丰富的营养而著称，尤其在酿造方面表现突出。与其他水果相比，它在甜度和口感上尤为出色。这种水果通常呈圆形或椭圆形，皮薄肉厚，汁液丰富。它含有天然糖分，不仅适合直接食用，还广泛用于酿造各种酒类。它的甜度和营养价值高，是酿造业的重要原料。与其他水果相比，它在口感上更为圆润，甜度适中，深受消费者喜爱。这种果实通常呈圆形或椭圆形，皮薄肉厚，汁液丰富，含有天然糖分。它在阳光充足的地方生长，成熟时颜色鲜艳，果实内部含有许多小颗粒，增加了它的口感层次。这种水果不仅适合直接食用，还广泛用于酿造各种酒类，是酿造业的重要原料。与其他水果相比，它在甜度和营养价值上尤为出色，口感圆润，甜度适中，深受消费者喜爱。||在这个游戏中，我们需要通过分析每位玩家的描述来找出卧底。通常，平民的描述会围绕相同的词语展开，而卧底的描述可能会因为词语的不同而显得不太一致。我们需要仔细比较每个描述之间的相似性和差异性，以找出可能的卧底，注意，卧底并不会隐藏自己，他会直接描述他的词语，现在，逐一分析每个玩家的描述，注意，这局游戏的词语分类为<水果>，卧底词和平民词都属于该类。||之前是第3轮描述和之前轮数描述的合集。你之前认为的卧底是玩家3。
2024-12-13 15:48:23,602 - 2 - INFO - **********PLAYER2**********
根据第3轮描述和之前轮数的描述，我会继续分析每个玩家的描述：

玩家1的描述强调了果实适合酿酒、富含糖分、成熟时颜色鲜艳、内部含有小颗粒，适合制作甜点和酒类。

玩家2的描述与玩家1相似，也提到了果实适合酿酒、风味独特、富含糖分、成熟时颜色鲜艳、适合制作酒类。

玩家3的描述提到了果实多汁、外表光滑、颜色多样、肉质柔软、富含营养素、甜度较高、适合制作甜点和酒类，但提到了果实通常呈黄色，有时带有绿色条纹，形状弯曲或略微扁平，这与之前描述的圆形或椭圆形、皮薄肉厚、汁液丰富有所不同。

玩家4的描述与玩家1和玩家2相似，强调了果实多汁、风味独特、富含糖分、适合酿造酒类、甜度和营养价值高、口感圆润、甜度适中。

综合来看，玩家3的描述在果实的形状、颜色和描述上与玩家1和玩家2的描述存在显著差异，这可能是由于玩家3持有的词语与玩家1和玩家2不同，从而使得玩家3的描述与其他玩家相比显得异常。因此，我会继续将玩家3视为可能的卧底候选人。
2024-12-13 15:48:23,604 - 2 - INFO - **********JUDGER**********
你刚刚的分析是根据第3轮描述和之前轮数的描述，我会继续分析每个玩家的描述：

玩家1的描述强调了果实适合酿酒、富含糖分、成熟时颜色鲜艳、内部含有小颗粒，适合制作甜点和酒类。

玩家2的描述与玩家1相似，也提到了果实适合酿酒、风味独特、富含糖分、成熟时颜色鲜艳、适合制作酒类。

玩家3的描述提到了果实多汁、外表光滑、颜色多样、肉质柔软、富含营养素、甜度较高、适合制作甜点和酒类，但提到了果实通常呈黄色，有时带有绿色条纹，形状弯曲或略微扁平，这与之前描述的圆形或椭圆形、皮薄肉厚、汁液丰富有所不同。

玩家4的描述与玩家1和玩家2相似，强调了果实多汁、风味独特、富含糖分、适合酿造酒类、甜度和营养价值高、口感圆润、甜度适中。

综合来看，玩家3的描述在果实的形状、颜色和描述上与玩家1和玩家2的描述存在显著差异，这可能是由于玩家3持有的词语与玩家1和玩家2不同，从而使得玩家3的描述与其他玩家相比显得异常。因此，我会继续将玩家3视为可能的卧底候选人。|| `请根据上述分析，比较描述以找出不一致之处，注意，这局游戏的词语分类为<水果>，卧底词和平民词都属于该类。
2024-12-13 15:48:34,833 - 2 - INFO - **********PLAYER2**********
根据上述分析，以下是不一致之处：

1. 玩家1、玩家2和玩家4的描述都提到了果实适合酿酒、风味独特、富含糖分、成熟时颜色鲜艳等特征。
2. 玩家3的描述中提到了果实通常呈黄色，有时带有绿色条纹，形状弯曲或略微扁平，这与玩家1、玩家2和玩家4描述的圆形或椭圆形、皮薄肉厚、汁液丰富等特征不一致。
3. 玩家3的描述中提到了果实甜度较高，而玩家1、玩家2和玩家4的描述中虽然没有明确提到甜度，但都强调了甜味和营养价值。

这些不一致之处表明玩家3的描述在果实的形状、颜色和甜度描述上与其他玩家的描述存在显著差异，这可能是由于玩家3持有的词语与玩家1和玩家2不同，从而使得玩家3的描述显得较为异常。因此，玩家3的描述在一致性上与其他玩家有所不同，可能是卧底。
2024-12-13 15:48:34,834 - 2 - INFO - **********JUDGER**********
你刚刚的分析是根据上述分析，以下是不一致之处：

1. 玩家1、玩家2和玩家4的描述都提到了果实适合酿酒、风味独特、富含糖分、成熟时颜色鲜艳等特征。
2. 玩家3的描述中提到了果实通常呈黄色，有时带有绿色条纹，形状弯曲或略微扁平，这与玩家1、玩家2和玩家4描述的圆形或椭圆形、皮薄肉厚、汁液丰富等特征不一致。
3. 玩家3的描述中提到了果实甜度较高，而玩家1、玩家2和玩家4的描述中虽然没有明确提到甜度，但都强调了甜味和营养价值。

这些不一致之处表明玩家3的描述在果实的形状、颜色和甜度描述上与其他玩家的描述存在显著差异，这可能是由于玩家3持有的词语与玩家1和玩家2不同，从而使得玩家3的描述显得较为异常。因此，玩家3的描述在一致性上与其他玩家有所不同，可能是卧底。|| 请通过你分析的不一致之处，推断卧底身份，注意，这局游戏的词语分类为<水果>，卧底词和平民词都属于该类。
2024-12-13 15:48:36,460 - 2 - INFO - **********PLAYER2**********
3
2024-12-13 15:48:36,461 - 2 - INFO - **********JUDGER**********
你刚刚的推断是3|| 基于你刚刚的推断得出你的最终结论，请输出你认为的卧底，在这种情况下只需要输出编号，是1-4中的某个数字，不要输出其他信息。在这个过程不要进行任何推理，只对||以前的部分进行信息提取
2024-12-13 15:48:38,763 - 2 - INFO - **********PLAYER2**********
3
