2024-12-13 15:41:47,855 - 3 - INFO - **********JUDGER**********
让我们来玩一个叫做<谁是卧底>的推理游戏。基本规则：<人数>：4人。<角色分配>：每位玩家随机抽取一个词语，3名玩家拿到的词语是相同的（平民词），1名玩家拿到与之相近但不同的词语（卧底词）。<游戏流程>：1、玩家轮流描述自己的词语，但<不能>直接说出词语本身。2、描述完毕后，投票选出最像卧底的玩家。3、每轮结束后，被投票选出的玩家出局，不能再进行描述或投票。4、每轮投票结束后，如果卧底被成功找出，平民方获胜；如果卧底未被找出且卧底人数等于或超过平民人数，则卧底方获胜。你将扮演一个<玩家>，请等待你被分配到的关键词。如果你听懂了，只回答，"好的，我准备好参加游戏了"，不要输出别的信息
2024-12-13 15:41:48,619 - 3 - INFO - **********PLAYER3**********
好的，我准备好参加游戏了
2024-12-13 15:41:53,097 - 3 - INFO - **********JUDGER**********
玩家1说：它是一种圆形或多边形的果实，通常皮薄汁多。在水果类中，它特别适合酿酒。玩家2说：这是一个甜美的果实，通常呈圆形或椭圆形，皮薄肉厚，富含汁液。在水果类中，它以其独特的风味和易于酿造的特性而著称。玩家3说：玩家4说：|| 你是第3号玩家，你的关键词是<香蕉>。你的回答中绝对不能包含你的关键词<香蕉>。这是第一轮描述，不需要分析||之前别的玩家的描述，请你描述关键词基本特征，注意，这局游戏的词语分类为<水果>，卧底词和平民词都属于该类，描述包括以下两点，1.他的基本特征是什么2.他在该类（水果）中最突出不同的特征是什么，尽量简短
2024-12-13 15:41:55,198 - 3 - INFO - **********PLAYER3**********
这是一个多汁的果实，外表光滑，颜色多样。在水果类中，它以其独特的甜味和丰富的营养而受到喜爱。与其他水果相比，它在口感和甜度上尤为突出。
2024-12-13 15:42:50,373 - 3 - INFO - **********JUDGER**********
玩家1说：它是一种圆形或多边形的果实，通常皮薄汁多。在水果类中，它特别适合酿酒。玩家2说：这是一个甜美的果实，通常呈圆形或椭圆形，皮薄肉厚，富含汁液。在水果类中，它以其独特的风味和易于酿造的特性而著称。玩家3说：这是一个多汁的果实，外表光滑，颜色多样。在水果类中，它以其独特的甜味和丰富的营养而受到喜爱。与其他水果相比，它在口感和甜度上尤为突出。玩家4说：||在这个游戏中，我们需要通过分析每位玩家的描述来找出卧底。通常，平民的描述会围绕相同的词语展开，而卧底的描述可能会因为词语的不同而显得不太一致。我们需要仔细比较每个描述之间的相似性和差异性，以找出可能的卧底，注意，卧底并不会隐藏自己，他会直接描述他的词语，现在，逐一分析每个玩家的描述，注意，这局游戏的词语分类为<水果>，卧底词和平民词都属于该类。这是第一轮描述。
2024-12-13 15:42:57,004 - 3 - INFO - **********PLAYER3**********
玩家1的描述提到了圆形或多边形的果实，皮薄汁多，适合酿酒，这与葡萄的特征相符。

玩家2的描述强调了甜美的果实，圆形或椭圆形，皮薄肉厚，富含汁液，易于酿造，这也是葡萄的特点。

玩家3的描述提到多汁的果实，外表光滑，颜色多样，甜味突出，这也是葡萄的一些特征。

玩家4的描述没有提供具体的线索，只是提醒了游戏规则和如何分析描述。

综合来看，玩家1、2和3的描述都与葡萄高度相似，而玩家4没有提供具体的描述，这可能会引起怀疑。如果玩家4是卧底，他的描述可能不会像其他玩家那样具体或与葡萄的描述相匹配。因此，玩家4可能是卧底。
2024-12-13 15:42:57,007 - 3 - INFO - **********JUDGER**********
你刚刚的分析是玩家1的描述提到了圆形或多边形的果实，皮薄汁多，适合酿酒，这与葡萄的特征相符。

玩家2的描述强调了甜美的果实，圆形或椭圆形，皮薄肉厚，富含汁液，易于酿造，这也是葡萄的特点。

玩家3的描述提到多汁的果实，外表光滑，颜色多样，甜味突出，这也是葡萄的一些特征。

玩家4的描述没有提供具体的线索，只是提醒了游戏规则和如何分析描述。

综合来看，玩家1、2和3的描述都与葡萄高度相似，而玩家4没有提供具体的描述，这可能会引起怀疑。如果玩家4是卧底，他的描述可能不会像其他玩家那样具体或与葡萄的描述相匹配。因此，玩家4可能是卧底。|| `请根据上述分析，比较描述以找出不一致之处，注意，这局游戏的词语分类为<水果>，卧底词和平民词都属于该类。
2024-12-13 15:43:07,297 - 3 - INFO - **********PLAYER3**********
根据上述分析，我们可以比较每位玩家的描述以找出不一致之处：

1. 玩家1、2和3的描述都集中在葡萄的几个特征上，如圆形或多边形、皮薄汁多、甜味突出、易于酿造等。这些描述都指向了葡萄这一水果。

2. 玩家4的描述相对比较笼统，没有具体指出是哪种水果。他提到了多汁、外表光滑、颜色多样等特征，但没有提到皮薄、甜味或酿造等与葡萄相关的具体信息。

不一致之处在于玩家4的描述缺乏与葡萄直接相关的特征，而其他玩家则提供了更具体且与葡萄相符的描述。这可能导致玩家怀疑玩家4可能是卧底，因为他没有提供与其他玩家描述相匹配的详细信息。然而，这种不一致也可能是由于玩家4的描述策略，即故意模糊以隐藏自己的卧底身份。因此，需要进一步的信息或者下一轮的描述来确认玩家4是否真的是卧底。
2024-12-13 15:43:07,299 - 3 - INFO - **********JUDGER**********
你刚刚的分析是根据上述分析，我们可以比较每位玩家的描述以找出不一致之处：

1. 玩家1、2和3的描述都集中在葡萄的几个特征上，如圆形或多边形、皮薄汁多、甜味突出、易于酿造等。这些描述都指向了葡萄这一水果。

2. 玩家4的描述相对比较笼统，没有具体指出是哪种水果。他提到了多汁、外表光滑、颜色多样等特征，但没有提到皮薄、甜味或酿造等与葡萄相关的具体信息。

不一致之处在于玩家4的描述缺乏与葡萄直接相关的特征，而其他玩家则提供了更具体且与葡萄相符的描述。这可能导致玩家怀疑玩家4可能是卧底，因为他没有提供与其他玩家描述相匹配的详细信息。然而，这种不一致也可能是由于玩家4的描述策略，即故意模糊以隐藏自己的卧底身份。因此，需要进一步的信息或者下一轮的描述来确认玩家4是否真的是卧底。|| 请通过你分析的不一致之处，推断卧底身份，注意，这局游戏的词语分类为<水果>，卧底词和平民词都属于该类。
2024-12-13 15:43:15,442 - 3 - INFO - **********PLAYER3**********
基于上述分析，我们可以推断卧底身份的可能性如下：

1. 玩家4的描述与其他三位玩家相比，缺乏具体的与葡萄相关的特征，如皮薄、汁多、甜味、易于酿造等。这表明玩家4的描述可能是故意模糊的，以隐藏其卧底身份。

2. 在这个游戏中，卧底词和平民词都属于水果类，但卧底词应该与平民词有所不同，且在描述上不应与平民词过于相似，以免被轻易识别。

3. 由于玩家4的描述没有明确指向任何特定水果，且其他玩家的描述都指向了葡萄，这增加了玩家4是卧底的可能性。

因此，根据描述的不一致性和游戏规则，玩家4可能是卧底。然而，最终的身份确认需要通过进一步的描述或者投票来决定。如果下一轮玩家4的描述仍然保持模糊，或者与其他玩家的描述差异较大，那么玩家4很可能就是卧底。
2024-12-13 15:43:15,444 - 3 - INFO - **********JUDGER**********
你刚刚的推断是基于上述分析，我们可以推断卧底身份的可能性如下：

1. 玩家4的描述与其他三位玩家相比，缺乏具体的与葡萄相关的特征，如皮薄、汁多、甜味、易于酿造等。这表明玩家4的描述可能是故意模糊的，以隐藏其卧底身份。

2. 在这个游戏中，卧底词和平民词都属于水果类，但卧底词应该与平民词有所不同，且在描述上不应与平民词过于相似，以免被轻易识别。

3. 由于玩家4的描述没有明确指向任何特定水果，且其他玩家的描述都指向了葡萄，这增加了玩家4是卧底的可能性。

因此，根据描述的不一致性和游戏规则，玩家4可能是卧底。然而，最终的身份确认需要通过进一步的描述或者投票来决定。如果下一轮玩家4的描述仍然保持模糊，或者与其他玩家的描述差异较大，那么玩家4很可能就是卧底。|| 基于你刚刚的推断得出你的最终结论，请输出你认为的卧底，在这种情况下只需要输出编号，是1-4中的某个数字，不要输出其他信息。在这个过程不要进行任何推理，只对||以前的部分进行信息提取
2024-12-13 15:43:15,832 - 3 - INFO - **********PLAYER3**********
4
2024-12-13 15:44:31,147 - 3 - INFO - **********JUDGER**********
玩家1说：它是一种圆形或多边形的果实，通常皮薄汁多。在水果类中，它特别适合酿酒。这种水果通常用于制作各种酒类，它的种子可以被用来提取油，而它的果实则含有丰富的糖分，非常适合食用或酿造。玩家2说：这是一个甜美的果实，通常呈圆形或椭圆形，皮薄肉厚，富含汁液。在水果类中，它以其独特的风味和易于酿造的特性而著称。这是一个多汁、表面光滑的果实，常用于酿造，其风味独特，富含天然糖分，深受人们喜爱。在水果中，它的甜度和营养价值特别高，尤其适合用来制作各种酒类。玩家3说：这是一个多汁的果实，外表光滑，颜色多样。在水果类中，它以其独特的甜味和丰富的营养而受到喜爱。与其他水果相比，它在口感和甜度上尤为突出。玩家4说：这是一个多汁的果实，表面光滑，颜色丰富。在水果类中，它以其独特的甜味和丰富的营养而著称，尤其在酿造方面表现突出。与其他水果相比，它在甜度和口感上尤为出色。你是第3号玩家，你的关键词是<香蕉>。你的回答中绝对不能包含你的关键词<香蕉>。这是第二轮描述，你之前的描述是这是一个多汁的果实，外表光滑，颜色多样。在水果类中，它以其独特的甜味和丰富的营养而受到喜爱。与其他水果相比，它在口感和甜度上尤为突出。，注意，这局游戏的词语分类为<水果>，卧底词和平民词都属于该类，请你补充关于关键词的描述，注意，你的描述应该比起之前的描述更加贴近关键词，作为之前的补充
2024-12-13 15:44:34,653 - 3 - INFO - **********PLAYER3**********
这个水果通常呈长条形，肉质柔软，含有丰富的营养素。它不仅适合直接食用，还常用于制作甜点和其他食品。尽管它的甜度不如其他水果那么高，但它独特的风味和口感使其在水果中占有一席之地。
2024-12-13 15:45:59,677 - 3 - INFO - **********JUDGER**********
玩家1说：它是一种圆形或多边形的果实，通常皮薄汁多。在水果类中，它特别适合酿酒。这种水果通常用于制作各种酒类，它的种子可以被用来提取油，而它的果实则含有丰富的糖分，非常适合食用或酿造。玩家2说：这是一个甜美的果实，通常呈圆形或椭圆形，皮薄肉厚，富含汁液。在水果类中，它以其独特的风味和易于酿造的特性而著称。这是一个多汁、表面光滑的果实，常用于酿造，其风味独特，富含天然糖分，深受人们喜爱。在水果中，它的甜度和营养价值特别高，尤其适合用来制作各种酒类。玩家3说：这是一个多汁的果实，外表光滑，颜色多样。在水果类中，它以其独特的甜味和丰富的营养而受到喜爱。与其他水果相比，它在口感和甜度上尤为突出。这个水果通常呈长条形，肉质柔软，含有丰富的营养素。它不仅适合直接食用，还常用于制作甜点和其他食品。尽管它的甜度不如其他水果那么高，但它独特的风味和口感使其在水果中占有一席之地。玩家4说：这是一个多汁的果实，表面光滑，颜色丰富。在水果类中，它以其独特的甜味和丰富的营养而著称，尤其在酿造方面表现突出。与其他水果相比，它在甜度和口感上尤为出色。||在这个游戏中，我们需要通过分析每位玩家的描述来找出卧底。通常，平民的描述会围绕相同的词语展开，而卧底的描述可能会因为词语的不同而显得不太一致。我们需要仔细比较每个描述之间的相似性和差异性，以找出可能的卧底，注意，卧底并不会隐藏自己，他会直接描述他的词语，现在，逐一分析每个玩家的描述，注意，这局游戏的词语分类为<水果>，卧底词和平民词都属于该类。||之前是第2轮描述和之前轮数描述的合集。你之前认为的卧底是玩家4。
2024-12-13 15:46:12,466 - 3 - INFO - **********PLAYER3**********
根据第二轮描述和之前轮数描述的合集，我之前的推断是基于玩家4的描述与其他玩家的描述相比，没有提供与葡萄直接相关的具体特征，而且描述相对较为笼统。然而，现在我们来逐一分析每个玩家的描述：

1. 玩家1的描述提到了圆形或多边形的果实，适合酿酒，用于制作酒类，种子可以提取油，果实含糖分，适合食用或酿造。这些描述与葡萄非常吻合。

2. 玩家2的描述与玩家1相似，强调了甜美的果实，圆形或椭圆形，皮薄肉厚，富含汁液，易于酿造，风味独特，甜度和营养价值高，适合制作酒类。这些描述也指向了葡萄。

3. 玩家3的描述提到了长条形，肉质柔软，营养素丰富，适合直接食用和制作甜点，甜度不如其他水果高，但风味独特。这些描述与香蕉更为吻合。

4. 玩家4的描述与玩家3相似，提到了多汁、表面光滑、颜色丰富，甜味和营养著称，尤其在酿造方面突出，甜度和口感出色。这些描述与葡萄更为吻合。

基于上述分析，玩家3的描述与香蕉的特征更为吻合，而其他玩家的描述更倾向于指向葡萄。因此，根据新的信息，我之前的推断可能是错误的，玩家4可能不是卧底。新的卧底可能是玩家3。
2024-12-13 15:46:12,469 - 3 - INFO - **********JUDGER**********
你刚刚的分析是根据第二轮描述和之前轮数描述的合集，我之前的推断是基于玩家4的描述与其他玩家的描述相比，没有提供与葡萄直接相关的具体特征，而且描述相对较为笼统。然而，现在我们来逐一分析每个玩家的描述：

1. 玩家1的描述提到了圆形或多边形的果实，适合酿酒，用于制作酒类，种子可以提取油，果实含糖分，适合食用或酿造。这些描述与葡萄非常吻合。

2. 玩家2的描述与玩家1相似，强调了甜美的果实，圆形或椭圆形，皮薄肉厚，富含汁液，易于酿造，风味独特，甜度和营养价值高，适合制作酒类。这些描述也指向了葡萄。

3. 玩家3的描述提到了长条形，肉质柔软，营养素丰富，适合直接食用和制作甜点，甜度不如其他水果高，但风味独特。这些描述与香蕉更为吻合。

4. 玩家4的描述与玩家3相似，提到了多汁、表面光滑、颜色丰富，甜味和营养著称，尤其在酿造方面突出，甜度和口感出色。这些描述与葡萄更为吻合。

基于上述分析，玩家3的描述与香蕉的特征更为吻合，而其他玩家的描述更倾向于指向葡萄。因此，根据新的信息，我之前的推断可能是错误的，玩家4可能不是卧底。新的卧底可能是玩家3。|| `请根据上述分析，比较描述以找出不一致之处，注意，这局游戏的词语分类为<水果>，卧底词和平民词都属于该类。
2024-12-13 15:46:27,881 - 3 - INFO - **********PLAYER3**********
根据上述分析，我们可以比较描述以找出不一致之处：

1. 玩家1和玩家2的描述都集中在了圆形或多边形、适合酿酒、富含汁液、甜度高、营养价值高等特征上，这些描述与葡萄的特征非常一致。

2. 玩家3的描述提到了长条形、肉质柔软、甜度不如其他水果高、风味独特，这些特征与香蕉更为吻合，而不是葡萄。

3. 玩家4的描述与玩家3相似，提到了多汁、表面光滑、颜色丰富、甜味和营养著称、酿造方面突出、甜度和口感出色，这些描述同样与葡萄的特征更为一致。

不一致之处在于玩家3的描述与香蕉的特征更为接近，而玩家4的描述与葡萄的特征更为接近。如果所有玩家都应该描述相同的水果（葡萄），那么玩家3的描述就显得不太一致，因为它指向了另一种水果（香蕉）。这可能是玩家3是卧底的一个线索。
2024-12-13 15:46:27,882 - 3 - INFO - **********JUDGER**********
你刚刚的分析是根据上述分析，我们可以比较描述以找出不一致之处：

1. 玩家1和玩家2的描述都集中在了圆形或多边形、适合酿酒、富含汁液、甜度高、营养价值高等特征上，这些描述与葡萄的特征非常一致。

2. 玩家3的描述提到了长条形、肉质柔软、甜度不如其他水果高、风味独特，这些特征与香蕉更为吻合，而不是葡萄。

3. 玩家4的描述与玩家3相似，提到了多汁、表面光滑、颜色丰富、甜味和营养著称、酿造方面突出、甜度和口感出色，这些描述同样与葡萄的特征更为一致。

不一致之处在于玩家3的描述与香蕉的特征更为接近，而玩家4的描述与葡萄的特征更为接近。如果所有玩家都应该描述相同的水果（葡萄），那么玩家3的描述就显得不太一致，因为它指向了另一种水果（香蕉）。这可能是玩家3是卧底的一个线索。|| 请通过你分析的不一致之处，推断卧底身份，注意，这局游戏的词语分类为<水果>，卧底词和平民词都属于该类。
2024-12-13 15:46:33,914 - 3 - INFO - **********PLAYER3**********
基于分析的不一致之处，我们可以推断卧底身份：

1. 玩家3的描述与香蕉的特征更为吻合，而其他玩家的描述都指向了葡萄。如果游戏中的所有玩家都应该描述相同的水果（葡萄），那么玩家3的描述与其他玩家的描述不一致，这增加了他是卧底的可能性。

2. 玩家4的描述虽然与葡萄的特征更为接近，但考虑到玩家3的描述已经指向了另一水果（香蕉），玩家4的描述虽然一致，但不足以排除玩家3是卧底的可能性。

因此，根据描述的不一致性，玩家3可能是卧底。
2024-12-13 15:46:33,917 - 3 - INFO - **********JUDGER**********
你刚刚的推断是基于分析的不一致之处，我们可以推断卧底身份：

1. 玩家3的描述与香蕉的特征更为吻合，而其他玩家的描述都指向了葡萄。如果游戏中的所有玩家都应该描述相同的水果（葡萄），那么玩家3的描述与其他玩家的描述不一致，这增加了他是卧底的可能性。

2. 玩家4的描述虽然与葡萄的特征更为接近，但考虑到玩家3的描述已经指向了另一水果（香蕉），玩家4的描述虽然一致，但不足以排除玩家3是卧底的可能性。

因此，根据描述的不一致性，玩家3可能是卧底。|| 基于你刚刚的推断得出你的最终结论，请输出你认为的卧底，在这种情况下只需要输出编号，是1-4中的某个数字，不要输出其他信息。在这个过程不要进行任何推理，只对||以前的部分进行信息提取
2024-12-13 15:46:35,696 - 3 - INFO - **********PLAYER3**********
3
2024-12-13 15:47:41,461 - 3 - INFO - **********JUDGER**********
玩家1说：它是一种圆形或多边形的果实，通常皮薄汁多。在水果类中，它特别适合酿酒。这种水果通常用于制作各种酒类，它的种子可以被用来提取油，而它的果实则含有丰富的糖分，非常适合食用或酿造。这种果实有着独特的风味，适合在阳光充足的地方生长，成熟时颜色鲜艳，果实内部含有许多小颗粒，适合作为水果食用或用于制作甜点和酒类。玩家2说：这是一个甜美的果实，通常呈圆形或椭圆形，皮薄肉厚，富含汁液。在水果类中，它以其独特的风味和易于酿造的特性而著称。这是一个多汁、表面光滑的果实，常用于酿造，其风味独特，富含天然糖分，深受人们喜爱。在水果中，它的甜度和营养价值特别高，尤其适合用来制作各种酒类。1. 这种果实有着鲜艳的颜色，成熟时尤为吸引人，内部含有许多小颗粒，增加了它的口感层次。
2. 它在阳光充足的地方生长最为理想，这种环境有助于它积累更多的糖分和风味。玩家3说：这是一个多汁的果实，外表光滑，颜色多样。在水果类中，它以其独特的甜味和丰富的营养而受到喜爱。与其他水果相比，它在口感和甜度上尤为突出。这个水果通常呈长条形，肉质柔软，含有丰富的营养素。它不仅适合直接食用，还常用于制作甜点和其他食品。尽管它的甜度不如其他水果那么高，但它独特的风味和口感使其在水果中占有一席之地。玩家4说：这是一个多汁的果实，表面光滑，颜色丰富。在水果类中，它以其独特的甜味和丰富的营养而著称，尤其在酿造方面表现突出。与其他水果相比，它在甜度和口感上尤为出色。这种水果通常呈圆形或椭圆形，皮薄肉厚，汁液丰富。它含有天然糖分，不仅适合直接食用，还广泛用于酿造各种酒类。它的甜度和营养价值高，是酿造业的重要原料。与其他水果相比，它在口感上更为圆润，甜度适中，深受消费者喜爱。你是第3号玩家，你的关键词是<香蕉>。你的回答中绝对不能包含你的关键词<香蕉>。这是第三轮描述，你之前的描述是这是一个多汁的果实，外表光滑，颜色多样。在水果类中，它以其独特的甜味和丰富的营养而受到喜爱。与其他水果相比，它在口感和甜度上尤为突出。和这个水果通常呈长条形，肉质柔软，含有丰富的营养素。它不仅适合直接食用，还常用于制作甜点和其他食品。尽管它的甜度不如其他水果那么高，但它独特的风味和口感使其在水果中占有一席之地。，注意，这局游戏的词语分类为<水果>，卧底词和平民词都属于该类，请你补充关于关键词的描述，注意，你的描述应该比起之前的描述更加贴近关键词，作为之前的补充
2024-12-13 15:47:45,944 - 3 - INFO - **********PLAYER3**********
这个水果通常呈黄色，有时带有绿色条纹，形状弯曲或略微扁平。它的皮薄且易于剥离，肉质柔软，富含淀粉和糖分。这种水果在热带地区生长，喜欢温暖湿润的环境，成熟时甜度较高，口感细腻。它不仅适合直接食用，还常用于制作甜点、果汁和糕点。
2024-12-13 15:48:38,763 - 3 - INFO - **********JUDGER**********
玩家1说：它是一种圆形或多边形的果实，通常皮薄汁多。在水果类中，它特别适合酿酒。这种水果通常用于制作各种酒类，它的种子可以被用来提取油，而它的果实则含有丰富的糖分，非常适合食用或酿造。这种果实有着独特的风味，适合在阳光充足的地方生长，成熟时颜色鲜艳，果实内部含有许多小颗粒，适合作为水果食用或用于制作甜点和酒类。玩家2说：这是一个甜美的果实，通常呈圆形或椭圆形，皮薄肉厚，富含汁液。在水果类中，它以其独特的风味和易于酿造的特性而著称。这是一个多汁、表面光滑的果实，常用于酿造，其风味独特，富含天然糖分，深受人们喜爱。在水果中，它的甜度和营养价值特别高，尤其适合用来制作各种酒类。1. 这种果实有着鲜艳的颜色，成熟时尤为吸引人，内部含有许多小颗粒，增加了它的口感层次。
2. 它在阳光充足的地方生长最为理想，这种环境有助于它积累更多的糖分和风味。玩家3说：这是一个多汁的果实，外表光滑，颜色多样。在水果类中，它以其独特的甜味和丰富的营养而受到喜爱。与其他水果相比，它在口感和甜度上尤为突出。这个水果通常呈长条形，肉质柔软，含有丰富的营养素。它不仅适合直接食用，还常用于制作甜点和其他食品。尽管它的甜度不如其他水果那么高，但它独特的风味和口感使其在水果中占有一席之地。这个水果通常呈黄色，有时带有绿色条纹，形状弯曲或略微扁平。它的皮薄且易于剥离，肉质柔软，富含淀粉和糖分。这种水果在热带地区生长，喜欢温暖湿润的环境，成熟时甜度较高，口感细腻。它不仅适合直接食用，还常用于制作甜点、果汁和糕点。玩家4说：这是一个多汁的果实，表面光滑，颜色丰富。在水果类中，它以其独特的甜味和丰富的营养而著称，尤其在酿造方面表现突出。与其他水果相比，它在甜度和口感上尤为出色。这种水果通常呈圆形或椭圆形，皮薄肉厚，汁液丰富。它含有天然糖分，不仅适合直接食用，还广泛用于酿造各种酒类。它的甜度和营养价值高，是酿造业的重要原料。与其他水果相比，它在口感上更为圆润，甜度适中，深受消费者喜爱。这种果实通常呈圆形或椭圆形，皮薄肉厚，汁液丰富，含有天然糖分。它在阳光充足的地方生长，成熟时颜色鲜艳，果实内部含有许多小颗粒，增加了它的口感层次。这种水果不仅适合直接食用，还广泛用于酿造各种酒类，是酿造业的重要原料。与其他水果相比，它在甜度和营养价值上尤为出色，口感圆润，甜度适中，深受消费者喜爱。||在这个游戏中，我们需要通过分析每位玩家的描述来找出卧底。通常，平民的描述会围绕相同的词语展开，而卧底的描述可能会因为词语的不同而显得不太一致。我们需要仔细比较每个描述之间的相似性和差异性，以找出可能的卧底，注意，卧底并不会隐藏自己，他会直接描述他的词语，现在，逐一分析每个玩家的描述，注意，这局游戏的词语分类为<水果>，卧底词和平民词都属于该类。||之前是第3轮描述和之前轮数描述的合集。你之前认为的卧底是玩家3。
2024-12-13 15:49:02,798 - 3 - INFO - **********PLAYER3**********
根据第三轮描述和之前轮数描述的合集，我们可以逐一分析每个玩家的描述：

1. 玩家1的描述强调了果实圆形或多边形，适合酿酒，成熟时颜色鲜艳，内部含有小颗粒，适合制作甜点和酒类。

2. 玩家2的描述提到了果实甜美，圆形或椭圆形，皮薄肉厚，多汁，表面光滑，风味独特，富含天然糖分，适合酿造酒类。

3. 玩家3的描述提到了果实多汁，外表光滑，颜色多样，长条形，肉质柔软，富含营养素，适合直接食用和制作甜点。

4. 玩家4的描述提到了果实多汁，表面光滑，颜色丰富，圆形或椭圆形，皮薄肉厚，汁液丰富，含有天然糖分，适合酿造酒类。

从描述的相似性来看，玩家1、2和4的描述都包含了果实适合酿酒、多汁、风味独特、富含糖分等特征，这些特征指向了葡萄。而玩家3的描述虽然也提到了果实多汁、外表光滑、肉质柔软等特征，但没有明确提到适合酿酒或富含糖分，这与葡萄的特征不完全一致。

因此，根据描述的差异性，玩家3的描述与其他玩家的描述相比，没有完全围绕葡萄的特征展开，这增加了玩家3是卧底的可能性。之前的推断玩家3是卧底可能是有根据的。
2024-12-13 15:49:02,799 - 3 - INFO - **********JUDGER**********
你刚刚的分析是根据第三轮描述和之前轮数描述的合集，我们可以逐一分析每个玩家的描述：

1. 玩家1的描述强调了果实圆形或多边形，适合酿酒，成熟时颜色鲜艳，内部含有小颗粒，适合制作甜点和酒类。

2. 玩家2的描述提到了果实甜美，圆形或椭圆形，皮薄肉厚，多汁，表面光滑，风味独特，富含天然糖分，适合酿造酒类。

3. 玩家3的描述提到了果实多汁，外表光滑，颜色多样，长条形，肉质柔软，富含营养素，适合直接食用和制作甜点。

4. 玩家4的描述提到了果实多汁，表面光滑，颜色丰富，圆形或椭圆形，皮薄肉厚，汁液丰富，含有天然糖分，适合酿造酒类。

从描述的相似性来看，玩家1、2和4的描述都包含了果实适合酿酒、多汁、风味独特、富含糖分等特征，这些特征指向了葡萄。而玩家3的描述虽然也提到了果实多汁、外表光滑、肉质柔软等特征，但没有明确提到适合酿酒或富含糖分，这与葡萄的特征不完全一致。

因此，根据描述的差异性，玩家3的描述与其他玩家的描述相比，没有完全围绕葡萄的特征展开，这增加了玩家3是卧底的可能性。之前的推断玩家3是卧底可能是有根据的。|| `请根据上述分析，比较描述以找出不一致之处，注意，这局游戏的词语分类为<水果>，卧底词和平民词都属于该类。
2024-12-13 15:49:11,529 - 3 - INFO - **********PLAYER3**********
根据上述分析，我们可以找出以下不一致之处：

1. 玩家1、2和4的描述都提到了果实适合酿酒、多汁、风味独特、富含糖分等特征，这些特征与葡萄的特征相符。

2. 玩家3的描述虽然也提到了果实多汁、外表光滑、肉质柔软等特征，但没有提到适合酿酒或富含糖分，这与葡萄的特征不完全一致。

3. 玩家3的描述中提到了果实“颜色多样”和“长条形”，而其他玩家的描述中并没有提到这些特征，这与葡萄的常见特征（如圆形或椭圆形）不匹配。

4. 玩家3的描述强调了果实适合直接食用和制作甜点，而没有提到酿造酒类，这与其他玩家描述的果实用途不完全一致。

这些不一致之处表明玩家3的描述可能与其他玩家描述的水果（葡萄）的特征有所不同，因此玩家3的描述可能是卧底的不一致线索。
2024-12-13 15:49:11,531 - 3 - INFO - **********JUDGER**********
你刚刚的分析是根据上述分析，我们可以找出以下不一致之处：

1. 玩家1、2和4的描述都提到了果实适合酿酒、多汁、风味独特、富含糖分等特征，这些特征与葡萄的特征相符。

2. 玩家3的描述虽然也提到了果实多汁、外表光滑、肉质柔软等特征，但没有提到适合酿酒或富含糖分，这与葡萄的特征不完全一致。

3. 玩家3的描述中提到了果实“颜色多样”和“长条形”，而其他玩家的描述中并没有提到这些特征，这与葡萄的常见特征（如圆形或椭圆形）不匹配。

4. 玩家3的描述强调了果实适合直接食用和制作甜点，而没有提到酿造酒类，这与其他玩家描述的果实用途不完全一致。

这些不一致之处表明玩家3的描述可能与其他玩家描述的水果（葡萄）的特征有所不同，因此玩家3的描述可能是卧底的不一致线索。|| 请通过你分析的不一致之处，推断卧底身份，注意，这局游戏的词语分类为<水果>，卧底词和平民词都属于该类。
2024-12-13 15:49:13,675 - 3 - INFO - **********PLAYER3**********
根据分析的不一致之处，推断卧底身份：

3
2024-12-13 15:49:13,676 - 3 - INFO - **********JUDGER**********
你刚刚的推断是根据分析的不一致之处，推断卧底身份：

3|| 基于你刚刚的推断得出你的最终结论，请输出你认为的卧底，在这种情况下只需要输出编号，是1-4中的某个数字，不要输出其他信息。在这个过程不要进行任何推理，只对||以前的部分进行信息提取
2024-12-13 15:49:15,053 - 3 - INFO - **********PLAYER3**********
3
2024-12-13 15:49:15,054 - 3 - INFO - **********JUDGER**********
你认为卧底是你自己。你现在需要随便选一个人投票。请输出一个数字，是1-4中的某个数字，但这个数字不能是3，不要输出其他信息。
2024-12-13 15:49:17,448 - 3 - INFO - **********PLAYER3**********
1
