2024-12-13 15:41:49,101 - 4 - INFO - **********JUDGER**********
让我们来玩一个叫做<谁是卧底>的推理游戏。基本规则：<人数>：4人。<角色分配>：每位玩家随机抽取一个词语，3名玩家拿到的词语是相同的（平民词），1名玩家拿到与之相近但不同的词语（卧底词）。<游戏流程>：1、玩家轮流描述自己的词语，但<不能>直接说出词语本身。2、描述完毕后，投票选出最像卧底的玩家。3、每轮结束后，被投票选出的玩家出局，不能再进行描述或投票。4、每轮投票结束后，如果卧底被成功找出，平民方获胜；如果卧底未被找出且卧底人数等于或超过平民人数，则卧底方获胜。你将扮演一个<玩家>，请等待你被分配到的关键词。如果你听懂了，只回答，"好的，我准备好参加游戏了"，不要输出别的信息
2024-12-13 15:41:50,053 - 4 - INFO - **********PLAYER4**********
好的，我准备好参加游戏了
2024-12-13 15:41:55,199 - 4 - INFO - **********JUDGER**********
玩家1说：它是一种圆形或多边形的果实，通常皮薄汁多。在水果类中，它特别适合酿酒。玩家2说：这是一个甜美的果实，通常呈圆形或椭圆形，皮薄肉厚，富含汁液。在水果类中，它以其独特的风味和易于酿造的特性而著称。玩家3说：这是一个多汁的果实，外表光滑，颜色多样。在水果类中，它以其独特的甜味和丰富的营养而受到喜爱。与其他水果相比，它在口感和甜度上尤为突出。玩家4说：|| 你是第4号玩家，你的关键词是<葡萄>。你的回答中绝对不能包含你的关键词<葡萄>。这是第一轮描述，不需要分析||之前别的玩家的描述，请你描述关键词基本特征，注意，这局游戏的词语分类为<水果>，卧底词和平民词都属于该类，描述包括以下两点，1.他的基本特征是什么2.他在该类（水果）中最突出不同的特征是什么，尽量简短
2024-12-13 15:41:57,851 - 4 - INFO - **********PLAYER4**********
这是一个多汁的果实，表面光滑，颜色丰富。在水果类中，它以其独特的甜味和丰富的营养而著称，尤其在酿造方面表现突出。与其他水果相比，它在甜度和口感上尤为出色。
2024-12-13 15:43:15,833 - 4 - INFO - **********JUDGER**********
玩家1说：它是一种圆形或多边形的果实，通常皮薄汁多。在水果类中，它特别适合酿酒。玩家2说：这是一个甜美的果实，通常呈圆形或椭圆形，皮薄肉厚，富含汁液。在水果类中，它以其独特的风味和易于酿造的特性而著称。玩家3说：这是一个多汁的果实，外表光滑，颜色多样。在水果类中，它以其独特的甜味和丰富的营养而受到喜爱。与其他水果相比，它在口感和甜度上尤为突出。玩家4说：||在这个游戏中，我们需要通过分析每位玩家的描述来找出卧底。通常，平民的描述会围绕相同的词语展开，而卧底的描述可能会因为词语的不同而显得不太一致。我们需要仔细比较每个描述之间的相似性和差异性，以找出可能的卧底，注意，卧底并不会隐藏自己，他会直接描述他的词语，现在，逐一分析每个玩家的描述，注意，这局游戏的词语分类为<水果>，卧底词和平民词都属于该类。这是第一轮描述。
2024-12-13 15:43:29,944 - 4 - INFO - **********PLAYER4**********
根据玩家们的描述，我们可以看到：

玩家1描述的是一种圆形或多边形的果实，皮薄汁多，适合酿酒。
玩家2描述的是圆形或椭圆形的果实，皮薄肉厚，富含汁液，风味独特，易于酿造。
玩家3描述的是外表光滑，颜色多样的多汁果实，甜味独特，营养丰富，口感和甜度突出。

从这些描述中，玩家1和玩家2的描述非常相似，都提到了适合酿酒和风味独特，而玩家3的描述则强调了甜味和营养。如果玩家4是卧底，他的描述应该与前三者有所不同，但又不至于完全脱离水果类的特征。

玩家4的描述没有给出具体的形状、味道或酿造特性，而是强调了甜味和营养，这与玩家3的描述相似，但缺乏其他细节。如果玩家4是卧底，他的描述可能是故意与前三者保持一定的相似性，以便在后续的描述中通过增加不同的特征来脱颖而出。

综上所述，玩家4的描述可能是基于葡萄这一关键词的，但他的描述方式与前三者有所不同，这可能是一个线索。我们需要在下一轮中观察玩家4是否能够提供更多关于其关键词的详细信息，以此来判断他是否是卧底。
2024-12-13 15:43:29,945 - 4 - INFO - **********JUDGER**********
你刚刚的分析是根据玩家们的描述，我们可以看到：

玩家1描述的是一种圆形或多边形的果实，皮薄汁多，适合酿酒。
玩家2描述的是圆形或椭圆形的果实，皮薄肉厚，富含汁液，风味独特，易于酿造。
玩家3描述的是外表光滑，颜色多样的多汁果实，甜味独特，营养丰富，口感和甜度突出。

从这些描述中，玩家1和玩家2的描述非常相似，都提到了适合酿酒和风味独特，而玩家3的描述则强调了甜味和营养。如果玩家4是卧底，他的描述应该与前三者有所不同，但又不至于完全脱离水果类的特征。

玩家4的描述没有给出具体的形状、味道或酿造特性，而是强调了甜味和营养，这与玩家3的描述相似，但缺乏其他细节。如果玩家4是卧底，他的描述可能是故意与前三者保持一定的相似性，以便在后续的描述中通过增加不同的特征来脱颖而出。

综上所述，玩家4的描述可能是基于葡萄这一关键词的，但他的描述方式与前三者有所不同，这可能是一个线索。我们需要在下一轮中观察玩家4是否能够提供更多关于其关键词的详细信息，以此来判断他是否是卧底。|| `请根据上述分析，比较描述以找出不一致之处，注意，这局游戏的词语分类为<水果>，卧底词和平民词都属于该类。
2024-12-13 15:43:53,351 - 4 - INFO - **********PLAYER4**********
根据上述分析，我们可以比较描述中的一致性和不一致之处如下：

1. **形状和外观**：
   - 玩家1：圆形或多边形
   - 玩家2：圆形或椭圆形
   - 玩家3：外表光滑，颜色多样
   - 玩家4：未提供具体形状信息

   不一致之处：玩家4的描述没有提及果实的形状，而其他玩家都描述了果实的形状或外观特征。

2. **汁液和质地**：
   - 玩家1：皮薄汁多
   - 玩家2：皮薄肉厚，富含汁液
   - 玩家3：多汁
   - 玩家4：未提供具体汁液或质地信息

   不一致之处：玩家4的描述没有提及果实的汁液或质地。

3. **风味和酿造**：
   - 玩家1：适合酿酒
   - 玩家2：风味独特，易于酿造
   - 玩家3：未提及风味或酿造
   - 玩家4：未提及风味或酿造

   不一致之处：玩家4的描述没有提及果实的风味或酿造特性，而玩家1和玩家2都提到了这一点。

4. **甜味和营养**：
   - 玩家1：未提及甜味或营养
   - 玩家2：未提及甜味或营养
   - 玩家3：甜味独特，营养丰富
   - 玩家4：强调了甜味和营养

   不一致之处：玩家4的描述强调了甜味和营养，而其他玩家没有提及这些特征。

综合这些不一致之处，玩家4的描述在形状、汁液、风味、酿造和甜味营养的描述上都与前三者有所不同，这可能表明玩家4的描述与卧底词不符，或者他有意在后续描述中增加不同特征来揭示自己的身份。因此，玩家4可能是卧底。
2024-12-13 15:43:53,354 - 4 - INFO - **********JUDGER**********
你刚刚的分析是根据上述分析，我们可以比较描述中的一致性和不一致之处如下：

1. **形状和外观**：
   - 玩家1：圆形或多边形
   - 玩家2：圆形或椭圆形
   - 玩家3：外表光滑，颜色多样
   - 玩家4：未提供具体形状信息

   不一致之处：玩家4的描述没有提及果实的形状，而其他玩家都描述了果实的形状或外观特征。

2. **汁液和质地**：
   - 玩家1：皮薄汁多
   - 玩家2：皮薄肉厚，富含汁液
   - 玩家3：多汁
   - 玩家4：未提供具体汁液或质地信息

   不一致之处：玩家4的描述没有提及果实的汁液或质地。

3. **风味和酿造**：
   - 玩家1：适合酿酒
   - 玩家2：风味独特，易于酿造
   - 玩家3：未提及风味或酿造
   - 玩家4：未提及风味或酿造

   不一致之处：玩家4的描述没有提及果实的风味或酿造特性，而玩家1和玩家2都提到了这一点。

4. **甜味和营养**：
   - 玩家1：未提及甜味或营养
   - 玩家2：未提及甜味或营养
   - 玩家3：甜味独特，营养丰富
   - 玩家4：强调了甜味和营养

   不一致之处：玩家4的描述强调了甜味和营养，而其他玩家没有提及这些特征。

综合这些不一致之处，玩家4的描述在形状、汁液、风味、酿造和甜味营养的描述上都与前三者有所不同，这可能表明玩家4的描述与卧底词不符，或者他有意在后续描述中增加不同特征来揭示自己的身份。因此，玩家4可能是卧底。|| 请通过你分析的不一致之处，推断卧底身份，注意，这局游戏的词语分类为<水果>，卧底词和平民词都属于该类。
2024-12-13 15:44:13,120 - 4 - INFO - **********PLAYER4**********
根据上述分析中的一致性和不一致之处，我们可以推断卧底身份如下：

1. **形状和外观**：玩家4没有提供具体的形状信息，而其他玩家都描述了果实的形状或外观特征。

2. **汁液和质地**：玩家4没有提及汁液或质地，而其他玩家都提到了与汁液或质地相关的描述。

3. **风味和酿造**：玩家4没有提及风味或酿造特性，而玩家1和玩家2都提到了适合酿酒或风味独特。

4. **甜味和营养**：玩家4强调了甜味和营养，而玩家3也提到了甜味和营养，但没有提到其他玩家提到的酿造特性。

考虑到这局游戏的词语分类为<水果>，且卧底词和平民词都属于该类，玩家4的描述中唯一与玩家3描述重叠但与其他玩家描述不同之处在于强调了甜味和营养。然而，玩家3的描述中还提到了甜味独特和营养丰富，而玩家4的描述中并没有提到“独特”这一特征。

因此，结合所有这些不一致之处，玩家4的描述与玩家3的描述最为接近，但又不完全一致，这可能是由于玩家4试图通过强调甜味和营养来隐藏自己的卧底身份。考虑到葡萄是一种常见的水果，且玩家4的描述中强调了甜味和营养，但没有提到其他玩家提到的酿造特性或独特的风味，我们可以推断玩家4可能是卧底，他的关键词可能是“葡萄”。
2024-12-13 15:44:13,125 - 4 - INFO - **********JUDGER**********
你刚刚的推断是根据上述分析中的一致性和不一致之处，我们可以推断卧底身份如下：

1. **形状和外观**：玩家4没有提供具体的形状信息，而其他玩家都描述了果实的形状或外观特征。

2. **汁液和质地**：玩家4没有提及汁液或质地，而其他玩家都提到了与汁液或质地相关的描述。

3. **风味和酿造**：玩家4没有提及风味或酿造特性，而玩家1和玩家2都提到了适合酿酒或风味独特。

4. **甜味和营养**：玩家4强调了甜味和营养，而玩家3也提到了甜味和营养，但没有提到其他玩家提到的酿造特性。

考虑到这局游戏的词语分类为<水果>，且卧底词和平民词都属于该类，玩家4的描述中唯一与玩家3描述重叠但与其他玩家描述不同之处在于强调了甜味和营养。然而，玩家3的描述中还提到了甜味独特和营养丰富，而玩家4的描述中并没有提到“独特”这一特征。

因此，结合所有这些不一致之处，玩家4的描述与玩家3的描述最为接近，但又不完全一致，这可能是由于玩家4试图通过强调甜味和营养来隐藏自己的卧底身份。考虑到葡萄是一种常见的水果，且玩家4的描述中强调了甜味和营养，但没有提到其他玩家提到的酿造特性或独特的风味，我们可以推断玩家4可能是卧底，他的关键词可能是“葡萄”。|| 基于你刚刚的推断得出你的最终结论，请输出你认为的卧底，在这种情况下只需要输出编号，是1-4中的某个数字，不要输出其他信息。在这个过程不要进行任何推理，只对||以前的部分进行信息提取
2024-12-13 15:44:13,725 - 4 - INFO - **********PLAYER4**********
4
2024-12-13 15:44:34,655 - 4 - INFO - **********JUDGER**********
玩家1说：它是一种圆形或多边形的果实，通常皮薄汁多。在水果类中，它特别适合酿酒。这种水果通常用于制作各种酒类，它的种子可以被用来提取油，而它的果实则含有丰富的糖分，非常适合食用或酿造。玩家2说：这是一个甜美的果实，通常呈圆形或椭圆形，皮薄肉厚，富含汁液。在水果类中，它以其独特的风味和易于酿造的特性而著称。这是一个多汁、表面光滑的果实，常用于酿造，其风味独特，富含天然糖分，深受人们喜爱。在水果中，它的甜度和营养价值特别高，尤其适合用来制作各种酒类。玩家3说：这是一个多汁的果实，外表光滑，颜色多样。在水果类中，它以其独特的甜味和丰富的营养而受到喜爱。与其他水果相比，它在口感和甜度上尤为突出。这个水果通常呈长条形，肉质柔软，含有丰富的营养素。它不仅适合直接食用，还常用于制作甜点和其他食品。尽管它的甜度不如其他水果那么高，但它独特的风味和口感使其在水果中占有一席之地。玩家4说：这是一个多汁的果实，表面光滑，颜色丰富。在水果类中，它以其独特的甜味和丰富的营养而著称，尤其在酿造方面表现突出。与其他水果相比，它在甜度和口感上尤为出色。你是第4号玩家，你的关键词是<葡萄>。你的回答中绝对不能包含你的关键词<葡萄>。这是第二轮描述，你之前的描述是这是一个多汁的果实，表面光滑，颜色丰富。在水果类中，它以其独特的甜味和丰富的营养而著称，尤其在酿造方面表现突出。与其他水果相比，它在甜度和口感上尤为出色。，注意，这局游戏的词语分类为<水果>，卧底词和平民词都属于该类，请你补充关于关键词的描述，注意，你的描述应该比起之前的描述更加贴近关键词，作为之前的补充
2024-12-13 15:44:43,791 - 4 - INFO - **********PLAYER4**********
这种水果通常呈圆形或椭圆形，皮薄肉厚，汁液丰富。它含有天然糖分，不仅适合直接食用，还广泛用于酿造各种酒类。它的甜度和营养价值高，是酿造业的重要原料。与其他水果相比，它在口感上更为圆润，甜度适中，深受消费者喜爱。
2024-12-13 15:46:35,697 - 4 - INFO - **********JUDGER**********
玩家1说：它是一种圆形或多边形的果实，通常皮薄汁多。在水果类中，它特别适合酿酒。这种水果通常用于制作各种酒类，它的种子可以被用来提取油，而它的果实则含有丰富的糖分，非常适合食用或酿造。玩家2说：这是一个甜美的果实，通常呈圆形或椭圆形，皮薄肉厚，富含汁液。在水果类中，它以其独特的风味和易于酿造的特性而著称。这是一个多汁、表面光滑的果实，常用于酿造，其风味独特，富含天然糖分，深受人们喜爱。在水果中，它的甜度和营养价值特别高，尤其适合用来制作各种酒类。玩家3说：这是一个多汁的果实，外表光滑，颜色多样。在水果类中，它以其独特的甜味和丰富的营养而受到喜爱。与其他水果相比，它在口感和甜度上尤为突出。这个水果通常呈长条形，肉质柔软，含有丰富的营养素。它不仅适合直接食用，还常用于制作甜点和其他食品。尽管它的甜度不如其他水果那么高，但它独特的风味和口感使其在水果中占有一席之地。玩家4说：这是一个多汁的果实，表面光滑，颜色丰富。在水果类中，它以其独特的甜味和丰富的营养而著称，尤其在酿造方面表现突出。与其他水果相比，它在甜度和口感上尤为出色。||在这个游戏中，我们需要通过分析每位玩家的描述来找出卧底。通常，平民的描述会围绕相同的词语展开，而卧底的描述可能会因为词语的不同而显得不太一致。我们需要仔细比较每个描述之间的相似性和差异性，以找出可能的卧底，注意，卧底并不会隐藏自己，他会直接描述他的词语，现在，逐一分析每个玩家的描述，注意，这局游戏的词语分类为<水果>，卧底词和平民词都属于该类。||之前是第2轮描述和之前轮数描述的合集。你之前认为的卧底是玩家4。
2024-12-13 15:46:52,486 - 4 - INFO - **********PLAYER4**********
根据玩家们的第二轮描述，我们可以进行以下分析：

1. **玩家1**的描述强调了果实适合酿酒，含有丰富的糖分，适用于食用和提取油，这与玩家2和玩家4的描述中关于酿造和甜度的特点相呼应。

2. **玩家2**的描述详细说明了果实的甜美、多汁、表面光滑，以及丰富的天然糖分，特别适合酿造酒类，这与玩家1和玩家4的描述有共同点。

3. **玩家3**的描述提到了果实多汁、外表光滑、颜色多样，以及独特的甜味和营养，长条形、肉质柔软，适合食用和制作甜点。这与玩家1和玩家2的描述在甜味和营养上有相似之处，但在形状和用途上有所不同。

4. **玩家4**的描述与玩家1和玩家2的描述相似，强调了果实的多汁、表面光滑、颜色丰富，独特的甜味和丰富的营养，以及突出的甜度和口感，特别适合酿造。

综合分析，玩家1、玩家2和玩家4的描述在甜味、营养和酿造特性上有较高的相似性，而玩家3的描述在形状和用途上与他们的描述有所不同。然而，玩家4的描述在甜度和口感的强调上与玩家1和玩家2更为接近，这与之前的推断相符。

尽管如此，玩家3的描述中提到了果实通常呈长条形，而其他玩家没有提及这一点，这可能是玩家3作为卧底的一个不同之处。此外，玩家3的描述中提到果实尽管甜度不如其他水果那么高，但独特的风味和口感使其占有一席之地，这一点与其他玩家的描述也有所不同。

因此，基于这些分析，玩家3的描述在多个方面与玩家1、玩家2和玩家4有所不同，且在形状和用途上有独特之处，这可能导致玩家3是卧底的结论。所以，根据第二轮描述，我认为可能的卧底是玩家3。
2024-12-13 15:46:52,487 - 4 - INFO - **********JUDGER**********
你刚刚的分析是根据玩家们的第二轮描述，我们可以进行以下分析：

1. **玩家1**的描述强调了果实适合酿酒，含有丰富的糖分，适用于食用和提取油，这与玩家2和玩家4的描述中关于酿造和甜度的特点相呼应。

2. **玩家2**的描述详细说明了果实的甜美、多汁、表面光滑，以及丰富的天然糖分，特别适合酿造酒类，这与玩家1和玩家4的描述有共同点。

3. **玩家3**的描述提到了果实多汁、外表光滑、颜色多样，以及独特的甜味和营养，长条形、肉质柔软，适合食用和制作甜点。这与玩家1和玩家2的描述在甜味和营养上有相似之处，但在形状和用途上有所不同。

4. **玩家4**的描述与玩家1和玩家2的描述相似，强调了果实的多汁、表面光滑、颜色丰富，独特的甜味和丰富的营养，以及突出的甜度和口感，特别适合酿造。

综合分析，玩家1、玩家2和玩家4的描述在甜味、营养和酿造特性上有较高的相似性，而玩家3的描述在形状和用途上与他们的描述有所不同。然而，玩家4的描述在甜度和口感的强调上与玩家1和玩家2更为接近，这与之前的推断相符。

尽管如此，玩家3的描述中提到了果实通常呈长条形，而其他玩家没有提及这一点，这可能是玩家3作为卧底的一个不同之处。此外，玩家3的描述中提到果实尽管甜度不如其他水果那么高，但独特的风味和口感使其占有一席之地，这一点与其他玩家的描述也有所不同。

因此，基于这些分析，玩家3的描述在多个方面与玩家1、玩家2和玩家4有所不同，且在形状和用途上有独特之处，这可能导致玩家3是卧底的结论。所以，根据第二轮描述，我认为可能的卧底是玩家3。|| `请根据上述分析，比较描述以找出不一致之处，注意，这局游戏的词语分类为<水果>，卧底词和平民词都属于该类。
2024-12-13 15:47:17,679 - 4 - INFO - **********PLAYER4**********
根据上述分析，我们可以比较描述中的一致性和不一致之处如下：

1. **形状描述**：
   - 玩家1：圆形或多边形
   - 玩家2：圆形或椭圆形
   - 玩家3：长条形
   - 玩家4：未提及形状

   不一致之处：玩家3描述的果实为长条形，与其他玩家的圆形或椭圆形描述不一致。

2. **用途描述**：
   - 玩家1：适合酿酒，可提取油，适合食用
   - 玩家2：适合酿造酒类，适合食用
   - 玩家3：适合食用，制作甜点，其他食品
   - 玩家4：适合酿造酒类，适合食用

   不一致之处：玩家3的描述中提到了制作甜点和其他食品，而其他玩家主要强调酿造酒类。

3. **甜度描述**：
   - 玩家1：含有丰富的糖分
   - 玩家2：富含天然糖分，甜度特别高
   - 玩家3：甜度不如其他水果那么高
   - 玩家4：甜度突出

   不一致之处：玩家3的描述中提到甜度不如其他水果那么高，与其他玩家描述的甜度高或甜度突出不一致。

4. **风味描述**：
   - 玩家1：未提及风味
   - 玩家2：风味独特
   - 玩家3：独特的风味和口感
   - 玩家4：独特的甜味和丰富的营养

   不一致之处：玩家3的描述中提到了独特的风味和口感，但没有强调甜味。

5. **营养描述**：
   - 玩家1：含有丰富的糖分
   - 玩家2：营养价值特别高
   - 玩家3：含有丰富的营养素
   - 玩家4：丰富的营养

   不一致之处：玩家3的描述中提到了丰富的营养素，但没有提到营养价值特别高。

综合以上不一致之处，玩家3的描述在形状、用途、甜度、风味和营养的描述上与玩家1、玩家2和玩家4有所不同，这可能是玩家3作为卧底的一个线索。
2024-12-13 15:47:17,681 - 4 - INFO - **********JUDGER**********
你刚刚的分析是根据上述分析，我们可以比较描述中的一致性和不一致之处如下：

1. **形状描述**：
   - 玩家1：圆形或多边形
   - 玩家2：圆形或椭圆形
   - 玩家3：长条形
   - 玩家4：未提及形状

   不一致之处：玩家3描述的果实为长条形，与其他玩家的圆形或椭圆形描述不一致。

2. **用途描述**：
   - 玩家1：适合酿酒，可提取油，适合食用
   - 玩家2：适合酿造酒类，适合食用
   - 玩家3：适合食用，制作甜点，其他食品
   - 玩家4：适合酿造酒类，适合食用

   不一致之处：玩家3的描述中提到了制作甜点和其他食品，而其他玩家主要强调酿造酒类。

3. **甜度描述**：
   - 玩家1：含有丰富的糖分
   - 玩家2：富含天然糖分，甜度特别高
   - 玩家3：甜度不如其他水果那么高
   - 玩家4：甜度突出

   不一致之处：玩家3的描述中提到甜度不如其他水果那么高，与其他玩家描述的甜度高或甜度突出不一致。

4. **风味描述**：
   - 玩家1：未提及风味
   - 玩家2：风味独特
   - 玩家3：独特的风味和口感
   - 玩家4：独特的甜味和丰富的营养

   不一致之处：玩家3的描述中提到了独特的风味和口感，但没有强调甜味。

5. **营养描述**：
   - 玩家1：含有丰富的糖分
   - 玩家2：营养价值特别高
   - 玩家3：含有丰富的营养素
   - 玩家4：丰富的营养

   不一致之处：玩家3的描述中提到了丰富的营养素，但没有提到营养价值特别高。

综合以上不一致之处，玩家3的描述在形状、用途、甜度、风味和营养的描述上与玩家1、玩家2和玩家4有所不同，这可能是玩家3作为卧底的一个线索。|| 请通过你分析的不一致之处，推断卧底身份，注意，这局游戏的词语分类为<水果>，卧底词和平民词都属于该类。
2024-12-13 15:47:31,342 - 4 - INFO - **********PLAYER4**********
基于上述分析中的一致性和不一致之处，可以推断卧底身份如下：

1. **形状描述**：玩家3描述的果实为长条形，而其他玩家描述的果实为圆形或椭圆形，这是一个显著的不一致点。

2. **用途描述**：玩家3提到果实适合制作甜点和其他食品，而其他玩家主要强调果实适合酿造酒类。

3. **甜度描述**：玩家3提到果实的甜度不如其他水果那么高，而其他玩家描述的果实具有高甜度或突出的甜度。

4. **风味描述**：玩家3提到果实具有独特的风味和口感，但没有强调甜味，而其他玩家描述的果实具有独特的风味和甜味。

5. **营养描述**：玩家3提到果实含有丰富的营养素，但没有提到营养价值特别高，而其他玩家提到营养价值特别高或丰富的营养。

考虑到这局游戏的词语分类为<水果>，且卧底词和平民词都属于该类，玩家3的描述在多个关键点上与玩家1、玩家2和玩家4不一致，特别是在形状、用途、甜度和营养价值的描述上。这些不一致之处表明玩家3的描述可能与卧底词不符。

因此，根据这些不一致之处，玩家3可能是卧底。
2024-12-13 15:47:31,346 - 4 - INFO - **********JUDGER**********
你刚刚的推断是基于上述分析中的一致性和不一致之处，可以推断卧底身份如下：

1. **形状描述**：玩家3描述的果实为长条形，而其他玩家描述的果实为圆形或椭圆形，这是一个显著的不一致点。

2. **用途描述**：玩家3提到果实适合制作甜点和其他食品，而其他玩家主要强调果实适合酿造酒类。

3. **甜度描述**：玩家3提到果实的甜度不如其他水果那么高，而其他玩家描述的果实具有高甜度或突出的甜度。

4. **风味描述**：玩家3提到果实具有独特的风味和口感，但没有强调甜味，而其他玩家描述的果实具有独特的风味和甜味。

5. **营养描述**：玩家3提到果实含有丰富的营养素，但没有提到营养价值特别高，而其他玩家提到营养价值特别高或丰富的营养。

考虑到这局游戏的词语分类为<水果>，且卧底词和平民词都属于该类，玩家3的描述在多个关键点上与玩家1、玩家2和玩家4不一致，特别是在形状、用途、甜度和营养价值的描述上。这些不一致之处表明玩家3的描述可能与卧底词不符。

因此，根据这些不一致之处，玩家3可能是卧底。|| 基于你刚刚的推断得出你的最终结论，请输出你认为的卧底，在这种情况下只需要输出编号，是1-4中的某个数字，不要输出其他信息。在这个过程不要进行任何推理，只对||以前的部分进行信息提取
2024-12-13 15:47:33,062 - 4 - INFO - **********PLAYER4**********
3
2024-12-13 15:47:45,946 - 4 - INFO - **********JUDGER**********
玩家1说：它是一种圆形或多边形的果实，通常皮薄汁多。在水果类中，它特别适合酿酒。这种水果通常用于制作各种酒类，它的种子可以被用来提取油，而它的果实则含有丰富的糖分，非常适合食用或酿造。这种果实有着独特的风味，适合在阳光充足的地方生长，成熟时颜色鲜艳，果实内部含有许多小颗粒，适合作为水果食用或用于制作甜点和酒类。玩家2说：这是一个甜美的果实，通常呈圆形或椭圆形，皮薄肉厚，富含汁液。在水果类中，它以其独特的风味和易于酿造的特性而著称。这是一个多汁、表面光滑的果实，常用于酿造，其风味独特，富含天然糖分，深受人们喜爱。在水果中，它的甜度和营养价值特别高，尤其适合用来制作各种酒类。1. 这种果实有着鲜艳的颜色，成熟时尤为吸引人，内部含有许多小颗粒，增加了它的口感层次。
2. 它在阳光充足的地方生长最为理想，这种环境有助于它积累更多的糖分和风味。玩家3说：这是一个多汁的果实，外表光滑，颜色多样。在水果类中，它以其独特的甜味和丰富的营养而受到喜爱。与其他水果相比，它在口感和甜度上尤为突出。这个水果通常呈长条形，肉质柔软，含有丰富的营养素。它不仅适合直接食用，还常用于制作甜点和其他食品。尽管它的甜度不如其他水果那么高，但它独特的风味和口感使其在水果中占有一席之地。这个水果通常呈黄色，有时带有绿色条纹，形状弯曲或略微扁平。它的皮薄且易于剥离，肉质柔软，富含淀粉和糖分。这种水果在热带地区生长，喜欢温暖湿润的环境，成熟时甜度较高，口感细腻。它不仅适合直接食用，还常用于制作甜点、果汁和糕点。玩家4说：这是一个多汁的果实，表面光滑，颜色丰富。在水果类中，它以其独特的甜味和丰富的营养而著称，尤其在酿造方面表现突出。与其他水果相比，它在甜度和口感上尤为出色。这种水果通常呈圆形或椭圆形，皮薄肉厚，汁液丰富。它含有天然糖分，不仅适合直接食用，还广泛用于酿造各种酒类。它的甜度和营养价值高，是酿造业的重要原料。与其他水果相比，它在口感上更为圆润，甜度适中，深受消费者喜爱。你是第4号玩家，你的关键词是<葡萄>。你的回答中绝对不能包含你的关键词<葡萄>。这是第三轮描述，你之前的描述是这是一个多汁的果实，表面光滑，颜色丰富。在水果类中，它以其独特的甜味和丰富的营养而著称，尤其在酿造方面表现突出。与其他水果相比，它在甜度和口感上尤为出色。和这种水果通常呈圆形或椭圆形，皮薄肉厚，汁液丰富。它含有天然糖分，不仅适合直接食用，还广泛用于酿造各种酒类。它的甜度和营养价值高，是酿造业的重要原料。与其他水果相比，它在口感上更为圆润，甜度适中，深受消费者喜爱。，注意，这局游戏的词语分类为<水果>，卧底词和平民词都属于该类，请你补充关于关键词的描述，注意，你的描述应该比起之前的描述更加贴近关键词，作为之前的补充
2024-12-13 15:47:53,335 - 4 - INFO - **********PLAYER4**********
这种果实通常呈圆形或椭圆形，皮薄肉厚，汁液丰富，含有天然糖分。它在阳光充足的地方生长，成熟时颜色鲜艳，果实内部含有许多小颗粒，增加了它的口感层次。这种水果不仅适合直接食用，还广泛用于酿造各种酒类，是酿造业的重要原料。与其他水果相比，它在甜度和营养价值上尤为出色，口感圆润，甜度适中，深受消费者喜爱。
2024-12-13 15:49:17,448 - 4 - INFO - **********JUDGER**********
玩家1说：它是一种圆形或多边形的果实，通常皮薄汁多。在水果类中，它特别适合酿酒。这种水果通常用于制作各种酒类，它的种子可以被用来提取油，而它的果实则含有丰富的糖分，非常适合食用或酿造。这种果实有着独特的风味，适合在阳光充足的地方生长，成熟时颜色鲜艳，果实内部含有许多小颗粒，适合作为水果食用或用于制作甜点和酒类。玩家2说：这是一个甜美的果实，通常呈圆形或椭圆形，皮薄肉厚，富含汁液。在水果类中，它以其独特的风味和易于酿造的特性而著称。这是一个多汁、表面光滑的果实，常用于酿造，其风味独特，富含天然糖分，深受人们喜爱。在水果中，它的甜度和营养价值特别高，尤其适合用来制作各种酒类。1. 这种果实有着鲜艳的颜色，成熟时尤为吸引人，内部含有许多小颗粒，增加了它的口感层次。
2. 它在阳光充足的地方生长最为理想，这种环境有助于它积累更多的糖分和风味。玩家3说：这是一个多汁的果实，外表光滑，颜色多样。在水果类中，它以其独特的甜味和丰富的营养而受到喜爱。与其他水果相比，它在口感和甜度上尤为突出。这个水果通常呈长条形，肉质柔软，含有丰富的营养素。它不仅适合直接食用，还常用于制作甜点和其他食品。尽管它的甜度不如其他水果那么高，但它独特的风味和口感使其在水果中占有一席之地。这个水果通常呈黄色，有时带有绿色条纹，形状弯曲或略微扁平。它的皮薄且易于剥离，肉质柔软，富含淀粉和糖分。这种水果在热带地区生长，喜欢温暖湿润的环境，成熟时甜度较高，口感细腻。它不仅适合直接食用，还常用于制作甜点、果汁和糕点。玩家4说：这是一个多汁的果实，表面光滑，颜色丰富。在水果类中，它以其独特的甜味和丰富的营养而著称，尤其在酿造方面表现突出。与其他水果相比，它在甜度和口感上尤为出色。这种水果通常呈圆形或椭圆形，皮薄肉厚，汁液丰富。它含有天然糖分，不仅适合直接食用，还广泛用于酿造各种酒类。它的甜度和营养价值高，是酿造业的重要原料。与其他水果相比，它在口感上更为圆润，甜度适中，深受消费者喜爱。这种果实通常呈圆形或椭圆形，皮薄肉厚，汁液丰富，含有天然糖分。它在阳光充足的地方生长，成熟时颜色鲜艳，果实内部含有许多小颗粒，增加了它的口感层次。这种水果不仅适合直接食用，还广泛用于酿造各种酒类，是酿造业的重要原料。与其他水果相比，它在甜度和营养价值上尤为出色，口感圆润，甜度适中，深受消费者喜爱。||在这个游戏中，我们需要通过分析每位玩家的描述来找出卧底。通常，平民的描述会围绕相同的词语展开，而卧底的描述可能会因为词语的不同而显得不太一致。我们需要仔细比较每个描述之间的相似性和差异性，以找出可能的卧底，注意，卧底并不会隐藏自己，他会直接描述他的词语，现在，逐一分析每个玩家的描述，注意，这局游戏的词语分类为<水果>，卧底词和平民词都属于该类。||之前是第3轮描述和之前轮数描述的合集。你之前认为的卧底是玩家3。
2024-12-13 15:49:33,328 - 4 - INFO - **********PLAYER4**********
根据玩家们的第三轮描述，我们可以进行以下分析：

1. **玩家1**的描述强调了果实适合酿酒，含有丰富的糖分，适用于食用和提取油，具有独特的风味，适合在阳光充足的地方生长，成熟时颜色鲜艳。

2. **玩家2**的描述详细说明了果实的甜美、多汁、表面光滑，以及丰富的天然糖分，特别适合酿造酒类，具有鲜艳的颜色，成熟时吸引人，内部含有小颗粒。

3. **玩家3**的描述提到了果实多汁、外表光滑、颜色多样，独特的甜味和营养，长条形，肉质柔软，含有丰富的营养素，成熟时甜度较高，口感细腻。

4. **玩家4**的描述与玩家1和玩家2的描述相似，强调了果实的多汁、表面光滑、颜色丰富，独特的甜味和丰富的营养，适合酿造酒类，成熟时颜色鲜艳，内部含有小颗粒。

综合分析，玩家1、玩家2和玩家4的描述在甜味、营养、酿造和成熟特征上有较高的相似性，而玩家3的描述在形状（长条形）和成熟特征（甜度较高，口感细腻）上与他们的描述有所不同。

玩家3的描述中提到的果实形状和成熟特征与玩家1、玩家2和玩家4的描述不一致，这可能是玩家3作为卧底的一个线索。因此，基于这些分析，玩家3的描述在多个方面与玩家1、玩家2和玩家4有所不同，这可能导致玩家3是卧底的结论。所以，根据第三轮描述，我认为可能的卧底仍然是玩家3。
2024-12-13 15:49:33,331 - 4 - INFO - **********JUDGER**********
你刚刚的分析是根据玩家们的第三轮描述，我们可以进行以下分析：

1. **玩家1**的描述强调了果实适合酿酒，含有丰富的糖分，适用于食用和提取油，具有独特的风味，适合在阳光充足的地方生长，成熟时颜色鲜艳。

2. **玩家2**的描述详细说明了果实的甜美、多汁、表面光滑，以及丰富的天然糖分，特别适合酿造酒类，具有鲜艳的颜色，成熟时吸引人，内部含有小颗粒。

3. **玩家3**的描述提到了果实多汁、外表光滑、颜色多样，独特的甜味和营养，长条形，肉质柔软，含有丰富的营养素，成熟时甜度较高，口感细腻。

4. **玩家4**的描述与玩家1和玩家2的描述相似，强调了果实的多汁、表面光滑、颜色丰富，独特的甜味和丰富的营养，适合酿造酒类，成熟时颜色鲜艳，内部含有小颗粒。

综合分析，玩家1、玩家2和玩家4的描述在甜味、营养、酿造和成熟特征上有较高的相似性，而玩家3的描述在形状（长条形）和成熟特征（甜度较高，口感细腻）上与他们的描述有所不同。

玩家3的描述中提到的果实形状和成熟特征与玩家1、玩家2和玩家4的描述不一致，这可能是玩家3作为卧底的一个线索。因此，基于这些分析，玩家3的描述在多个方面与玩家1、玩家2和玩家4有所不同，这可能导致玩家3是卧底的结论。所以，根据第三轮描述，我认为可能的卧底仍然是玩家3。|| `请根据上述分析，比较描述以找出不一致之处，注意，这局游戏的词语分类为<水果>，卧底词和平民词都属于该类。
2024-12-13 15:50:06,600 - 4 - INFO - **********PLAYER4**********
根据上述分析，我们可以比较描述中的一致性和不一致之处如下：

1. **形状描述**：
   - 玩家1：圆形或多边形
   - 玩家2：圆形或椭圆形
   - 玩家3：长条形
   - 玩家4：圆形或椭圆形

   不一致之处：玩家3描述的果实为长条形，而玩家1、玩家2和玩家4描述的果实为圆形或椭圆形。

2. **成熟特征描述**：
   - 玩家1：颜色鲜艳，内部含有许多小颗粒
   - 玩家2：鲜艳的颜色，内部含有小颗粒
   - 玩家3：成熟时甜度较高，口感细腻
   - 玩家4：颜色鲜艳，内部含有小颗粒

   不一致之处：玩家3描述的果实成熟时甜度较高，口感细腻，而玩家1、玩家2和玩家4描述的果实成熟时颜色鲜艳，内部含有小颗粒，但没有特别提到甜度和口感的描述。

3. **用途描述**：
   - 玩家1：适合食用、酿造酒类、提取油
   - 玩家2：适合酿造酒类、食用
   - 玩家3：适合食用、制作甜点、其他食品、酿造酒类
   - 玩家4：适合酿造酒类、食用

   不一致之处：玩家3的描述中提到了制作甜点和其他食品，而玩家1和玩家2的描述中提到了提取油，玩家4的描述与玩家1和玩家2相似。

综合以上不一致之处，玩家3的描述在果实的形状和成熟特征上与玩家1、玩家2和玩家4有所不同，这可能是玩家3作为卧底的一个线索。因此，不一致之处主要集中在果实的形状和成熟时的描述上。
2024-12-13 15:50:06,610 - 4 - INFO - **********JUDGER**********
你刚刚的分析是根据上述分析，我们可以比较描述中的一致性和不一致之处如下：

1. **形状描述**：
   - 玩家1：圆形或多边形
   - 玩家2：圆形或椭圆形
   - 玩家3：长条形
   - 玩家4：圆形或椭圆形

   不一致之处：玩家3描述的果实为长条形，而玩家1、玩家2和玩家4描述的果实为圆形或椭圆形。

2. **成熟特征描述**：
   - 玩家1：颜色鲜艳，内部含有许多小颗粒
   - 玩家2：鲜艳的颜色，内部含有小颗粒
   - 玩家3：成熟时甜度较高，口感细腻
   - 玩家4：颜色鲜艳，内部含有小颗粒

   不一致之处：玩家3描述的果实成熟时甜度较高，口感细腻，而玩家1、玩家2和玩家4描述的果实成熟时颜色鲜艳，内部含有小颗粒，但没有特别提到甜度和口感的描述。

3. **用途描述**：
   - 玩家1：适合食用、酿造酒类、提取油
   - 玩家2：适合酿造酒类、食用
   - 玩家3：适合食用、制作甜点、其他食品、酿造酒类
   - 玩家4：适合酿造酒类、食用

   不一致之处：玩家3的描述中提到了制作甜点和其他食品，而玩家1和玩家2的描述中提到了提取油，玩家4的描述与玩家1和玩家2相似。

综合以上不一致之处，玩家3的描述在果实的形状和成熟特征上与玩家1、玩家2和玩家4有所不同，这可能是玩家3作为卧底的一个线索。因此，不一致之处主要集中在果实的形状和成熟时的描述上。|| 请通过你分析的不一致之处，推断卧底身份，注意，这局游戏的词语分类为<水果>，卧底词和平民词都属于该类。
2024-12-13 15:50:27,078 - 4 - INFO - **********PLAYER4**********
基于以上分析的不一致之处，可以推断卧底身份如下：

1. **形状描述**：玩家3描述的果实为长条形，而其他玩家描述的果实为圆形或椭圆形。这是一个明显的形状差异。

2. **成熟特征描述**：玩家3提到果实成熟时甜度较高，口感细腻，而其他玩家没有特别强调甜度和口感的细节。

3. **用途描述**：玩家3的描述中提到了制作甜点和其他食品，而其他玩家主要强调果实的食用和酿造用途。

考虑到这局游戏的词语分类为<水果>，且卧底词和平民词都属于该类，玩家3的描述在形状、成熟特征和用途上与玩家1、玩家2和玩家4有所不同，这可能是玩家3作为卧底的一个线索。

因此，根据这些不一致之处，玩家3可能是卧底。
2024-12-13 15:50:27,079 - 4 - INFO - **********JUDGER**********
你刚刚的推断是基于以上分析的不一致之处，可以推断卧底身份如下：

1. **形状描述**：玩家3描述的果实为长条形，而其他玩家描述的果实为圆形或椭圆形。这是一个明显的形状差异。

2. **成熟特征描述**：玩家3提到果实成熟时甜度较高，口感细腻，而其他玩家没有特别强调甜度和口感的细节。

3. **用途描述**：玩家3的描述中提到了制作甜点和其他食品，而其他玩家主要强调果实的食用和酿造用途。

考虑到这局游戏的词语分类为<水果>，且卧底词和平民词都属于该类，玩家3的描述在形状、成熟特征和用途上与玩家1、玩家2和玩家4有所不同，这可能是玩家3作为卧底的一个线索。

因此，根据这些不一致之处，玩家3可能是卧底。|| 基于你刚刚的推断得出你的最终结论，请输出你认为的卧底，在这种情况下只需要输出编号，是1-4中的某个数字，不要输出其他信息。在这个过程不要进行任何推理，只对||以前的部分进行信息提取
2024-12-13 15:50:28,865 - 4 - INFO - **********PLAYER4**********
3
