2024-12-13 11:06:27,044 - 1 - INFO - **********JUDGER**********
让我们来玩一个叫做<谁是卧底>的推理游戏。基本规则：<人数>：4人。<角色分配>：每位玩家随机抽取一个词语，3名玩家拿到的词语是相同的（平民词），1名玩家拿到与之相近但不同的词语（卧底词）。<游戏流程>：1、玩家轮流描述自己的词语，但<不能>直接说出词语本身。2、描述完毕后，投票选出最像卧底的玩家。3、每轮结束后，被投票选出的玩家出局，不能再进行描述或投票。4、每轮投票结束后，如果卧底被成功找出，平民方获胜；如果卧底未被找出且卧底人数等于或超过平民人数，则卧底方获胜。你将扮演一个<玩家>，请等待你被分配到的关键词。如果你听懂了，只回答，"好的，我准备好参加游戏了"，不要输出别的信息
2024-12-13 11:06:27,592 - 1 - INFO - **********PLAYER1**********
好的，我准备好参加游戏了
2024-12-13 11:06:32,487 - 1 - INFO - **********JUDGER**********
玩家1说：玩家2说：玩家3说：玩家4说：|| 你是第1号玩家，你的关键词是<西瓜>。你的回答中绝对不能包含你的关键词<西瓜>。这是第一轮描述，不需要分析||之前别的玩家的描述，请你描述关键词基本特征，注意，这局游戏的词语分类为<水果>，卧底词和平民词都属于该类，描述包括以下两点，1.他的基本特征是什么2.他在该类（水果）中最突出不同的特征是什么，尽量简短
2024-12-13 11:06:34,924 - 1 - INFO - **********PLAYER1**********
这个水果通常很大，圆形，皮是绿色的，里面是红色的果肉，非常甜美多汁。在所有水果中，它可能是最常见于夏季的。
2024-12-13 11:06:42,409 - 1 - INFO - **********JUDGER**********
玩家1说：这个水果通常很大，圆形，皮是绿色的，里面是红色的果肉，非常甜美多汁。在所有水果中，它可能是最常见于夏季的。玩家2说：这种水果通常很大，皮绿肉红，汁多甜度高，夏季尤为常见。它在同类水果中以其独特的甜味和丰富的水分而著称。玩家3说：这种水果体积较大，果实呈圆形，外皮绿色，内部肉质鲜红，甜度高，多汁。在同类水果中，它以独特的气味和口感而著称。玩家4说：||在这个游戏中，我们需要通过分析每位玩家的描述来找出卧底。通常，平民的描述会围绕相同的词语展开，而卧底的描述可能会因为词语的不同而显得不太一致。我们需要仔细比较每个描述之间的相似性和差异性，以找出可能的卧底，注意，卧底并不会隐藏自己，他会直接描述他的词语，现在，逐一分析每个玩家的描述，注意，这局游戏的词语分类为<水果>，卧底词和平民词都属于该类。这是第一轮描述。
2024-12-13 11:06:47,577 - 1 - INFO - **********PLAYER1**********
玩家1、玩家2和玩家3的描述都符合西瓜的基本特征，强调了它的体积、颜色、甜度和多汁性。他们的描述在细节上略有不同，但都集中在西瓜的普遍特征上。

玩家4的描述与前三名玩家的描述相比，显得更加概括和抽象，他没有具体提到西瓜的任何特征，而是强调了通过描述来找出卧底的游戏规则和目的。这种描述方式与前三名玩家具体描述西瓜特征的描述方式不同，可能是一个线索。

基于这些信息，玩家4的描述可能与卧底词更相符，因为他没有直接描述西瓜的具体特征，而是转而描述了游戏本身。但这只是一个初步的推测，需要更多的信息来确认。
2024-12-13 11:06:47,577 - 1 - INFO - **********JUDGER**********
你刚刚的分析是玩家1、玩家2和玩家3的描述都符合西瓜的基本特征，强调了它的体积、颜色、甜度和多汁性。他们的描述在细节上略有不同，但都集中在西瓜的普遍特征上。

玩家4的描述与前三名玩家的描述相比，显得更加概括和抽象，他没有具体提到西瓜的任何特征，而是强调了通过描述来找出卧底的游戏规则和目的。这种描述方式与前三名玩家具体描述西瓜特征的描述方式不同，可能是一个线索。

基于这些信息，玩家4的描述可能与卧底词更相符，因为他没有直接描述西瓜的具体特征，而是转而描述了游戏本身。但这只是一个初步的推测，需要更多的信息来确认。|| `请根据上述分析，比较描述以找出不一致之处，注意，这局游戏的词语分类为<水果>，卧底词和平民词都属于该类。
2024-12-13 11:06:52,379 - 1 - INFO - **********PLAYER1**********
根据上述分析，我们可以比较描述中的一致性和不一致之处如下：

一致性：
- 所有玩家的描述都集中在水果这个大类别上。
- 所有玩家都提到了水果的体积、颜色、甜度和多汁性等特征。
- 所有玩家都提到了这种水果在夏季尤为常见。

不一致之处：
- 玩家4的描述与前三名玩家相比，没有具体提到任何关于水果的特征，而是转而描述了游戏规则和目的。这与其他玩家专注于描述水果特征的描述方式形成了鲜明对比。
- 玩家4的描述更像是对游戏过程的解释，而不是对某个特定水果特征的描述。

基于这些不一致之处，玩家4的描述可能是一个潜在的线索，表明他可能是卧底，因为他没有像其他玩家那样具体描述一个水果的特征。然而，这只是一个初步的推断，需要更多的信息和后续的描述来进一步确认。
2024-12-13 11:06:52,384 - 1 - INFO - **********JUDGER**********
你刚刚的分析是根据上述分析，我们可以比较描述中的一致性和不一致之处如下：

一致性：
- 所有玩家的描述都集中在水果这个大类别上。
- 所有玩家都提到了水果的体积、颜色、甜度和多汁性等特征。
- 所有玩家都提到了这种水果在夏季尤为常见。

不一致之处：
- 玩家4的描述与前三名玩家相比，没有具体提到任何关于水果的特征，而是转而描述了游戏规则和目的。这与其他玩家专注于描述水果特征的描述方式形成了鲜明对比。
- 玩家4的描述更像是对游戏过程的解释，而不是对某个特定水果特征的描述。

基于这些不一致之处，玩家4的描述可能是一个潜在的线索，表明他可能是卧底，因为他没有像其他玩家那样具体描述一个水果的特征。然而，这只是一个初步的推断，需要更多的信息和后续的描述来进一步确认。|| 请通过你分析的不一致之处，推断卧底身份，注意，这局游戏的词语分类为<水果>，卧底词和平民词都属于该类。
2024-12-13 11:07:00,583 - 1 - INFO - **********PLAYER1**********
根据分析中提到的不一致之处，以下是我对卧底身份的推断：

- 玩家4的描述没有具体提到任何关于水果的特征，而是转向解释游戏规则和目的。这与其他玩家具体描述水果特征的描述方式形成了显著对比。
- 在这个游戏中，所有玩家都应当属于同一个词语类别，即<水果>。因此，玩家4的描述方式与游戏规则不符，因为他没有描述一个具体的水果。

综合以上两点，玩家4的描述方式不符合常规的平民描述模式，这强烈暗示他可能是卧底。他的描述可能是故意模糊，以隐藏他实际上不属于<水果>类别的词语。因此，基于当前的信息，玩家4有很高的可能性是卧底。
2024-12-13 11:07:00,584 - 1 - INFO - **********JUDGER**********
你刚刚的推断是根据分析中提到的不一致之处，以下是我对卧底身份的推断：

- 玩家4的描述没有具体提到任何关于水果的特征，而是转向解释游戏规则和目的。这与其他玩家具体描述水果特征的描述方式形成了显著对比。
- 在这个游戏中，所有玩家都应当属于同一个词语类别，即<水果>。因此，玩家4的描述方式与游戏规则不符，因为他没有描述一个具体的水果。

综合以上两点，玩家4的描述方式不符合常规的平民描述模式，这强烈暗示他可能是卧底。他的描述可能是故意模糊，以隐藏他实际上不属于<水果>类别的词语。因此，基于当前的信息，玩家4有很高的可能性是卧底。|| 基于你刚刚的推断得出你的最终结论，请输出你认为的卧底，在这种情况下只需要输出编号，是1-4中的某个数字，不要输出其他信息。在这个过程不要进行任何推理，只对||以前的部分进行信息提取
2024-12-13 11:07:01,867 - 1 - INFO - **********PLAYER1**********
4
2024-12-13 11:07:59,418 - 1 - INFO - **********JUDGER**********
玩家1说：这个水果通常很大，圆形，皮是绿色的，里面是红色的果肉，非常甜美多汁。在所有水果中，它可能是最常见于夏季的。玩家2说：这种水果通常很大，皮绿肉红，汁多甜度高，夏季尤为常见。它在同类水果中以其独特的甜味和丰富的水分而著称。玩家3说：这种水果体积较大，果实呈圆形，外皮绿色，内部肉质鲜红，甜度高，多汁。在同类水果中，它以独特的气味和口感而著称。玩家4说：这种水果是夏季常见的，体积较大，外皮通常是绿色的，内部肉质鲜红多汁，甜度高。它在同类水果中最突出的不同特征是它独特的口感和甜度。你是第1号玩家，你的关键词是<西瓜>。你的回答中绝对不能包含你的关键词<西瓜>。这是第二轮描述，你之前的描述是这个水果通常很大，圆形，皮是绿色的，里面是红色的果肉，非常甜美多汁。在所有水果中，它可能是最常见于夏季的。，注意，这局游戏的词语分类为<水果>，卧底词和平民词都属于该类，请你补充关于关键词的描述，注意，你的描述应该比起之前的描述更加贴近关键词，作为之前的补充
2024-12-13 11:08:03,314 - 1 - INFO - **********PLAYER1**********
这种水果在炎热的夏季尤其受欢迎，它的外皮光滑，颜色鲜绿，切开时内部的肉质呈现出鲜艳的红色，每一口都能感受到它那令人陶醉的甜味和清新的汁液。它不仅是消暑佳品，而且在同类水果中以其独特的风味和清凉感而闻名。
2024-12-13 11:08:12,316 - 1 - INFO - **********JUDGER**********
玩家1说：这个水果通常很大，圆形，皮是绿色的，里面是红色的果肉，非常甜美多汁。在所有水果中，它可能是最常见于夏季的。这种水果在炎热的夏季尤其受欢迎，它的外皮光滑，颜色鲜绿，切开时内部的肉质呈现出鲜艳的红色，每一口都能感受到它那令人陶醉的甜味和清新的汁液。它不仅是消暑佳品，而且在同类水果中以其独特的风味和清凉感而闻名。玩家2说：这种水果通常很大，皮绿肉红，汁多甜度高，夏季尤为常见。它在同类水果中以其独特的甜味和丰富的水分而著称。这种水果在炎热的夏季特别受欢迎，它的外皮光滑，颜色鲜绿，内部肉质呈现出鲜艳的红色，每一口都能感受到它那令人陶醉的甜味和清新的汁液。它的体积通常较大，是同类水果中甜度最高的之一，而且它的口感清爽，非常适合消暑。玩家3说：这种水果体积较大，果实呈圆形，外皮绿色，内部肉质鲜红，甜度高，多汁。在同类水果中，它以独特的气味和口感而著称。这种水果在同类中体积较大，外皮呈绿色，内部肉质鲜红且多汁，甜度高。它以其强烈的特殊气味而闻名，这种气味在水果中非常独特，让它在众多水果中脱颖而出。它的口感浓郁，尽管对于不习惯的人来说可能难以接受，但对于喜欢它的人来说，它的风味是无法替代的。玩家4说：这种水果是夏季常见的，体积较大，外皮通常是绿色的，内部肉质鲜红多汁，甜度高。它在同类水果中最突出的不同特征是它独特的口感和甜度。||在这个游戏中，我们需要通过分析每位玩家的描述来找出卧底。通常，平民的描述会围绕相同的词语展开，而卧底的描述可能会因为词语的不同而显得不太一致。我们需要仔细比较每个描述之间的相似性和差异性，以找出可能的卧底，注意，卧底并不会隐藏自己，他会直接描述他的词语，现在，逐一分析每个玩家的描述，注意，这局游戏的词语分类为<水果>，卧底词和平民词都属于该类。||之前是第2轮描述和之前轮数描述的合集。你之前认为的卧底是玩家4。
2024-12-13 11:08:22,703 - 1 - INFO - **********PLAYER1**********
根据玩家4的描述，我们可以看到以下特点：

- 这种水果是夏季常见的。
- 体积较大。
- 外皮通常是绿色的。
- 内部肉质鲜红多汁。
- 甜度高。
- 最突出的不同特征是独特的口感和甜度。

现在，我们需要比较玩家1、玩家2、玩家3和玩家4的描述，找出可能的卧底。

玩家1、玩家2和玩家3的描述都强调了水果的体积、颜色、甜度、多汁性以及它们在夏季的常见性。他们还提到了水果的甜味、水分、气味和口感。

玩家4的描述与前三名玩家的描述非常相似，都提到了体积、颜色、甜度和多汁性，但特别强调了口感和甜度。然而，玩家4的描述中提到“最突出的不同特征是它独特的口感和甜度”，这可能是一个误导性的线索，因为其他玩家也提到了这些特征。

考虑到所有玩家的描述都围绕相同的水果类别展开，且玩家4的描述在表面上与其他玩家没有显著不同，我们可以推断玩家4可能并不是卧底。因此，基于目前的信息，我没有改变之前的推断，玩家4可能是卧底，但这个结论需要更多的信息来证实。如果必须在这四个选项中选择一个作为卧底，我会选择玩家4，但这个选择是基于之前分析的不一致之处，而不是基于当前的信息。
2024-12-13 11:08:22,708 - 1 - INFO - **********JUDGER**********
你刚刚的分析是根据玩家4的描述，我们可以看到以下特点：

- 这种水果是夏季常见的。
- 体积较大。
- 外皮通常是绿色的。
- 内部肉质鲜红多汁。
- 甜度高。
- 最突出的不同特征是独特的口感和甜度。

现在，我们需要比较玩家1、玩家2、玩家3和玩家4的描述，找出可能的卧底。

玩家1、玩家2和玩家3的描述都强调了水果的体积、颜色、甜度、多汁性以及它们在夏季的常见性。他们还提到了水果的甜味、水分、气味和口感。

玩家4的描述与前三名玩家的描述非常相似，都提到了体积、颜色、甜度和多汁性，但特别强调了口感和甜度。然而，玩家4的描述中提到“最突出的不同特征是它独特的口感和甜度”，这可能是一个误导性的线索，因为其他玩家也提到了这些特征。

考虑到所有玩家的描述都围绕相同的水果类别展开，且玩家4的描述在表面上与其他玩家没有显著不同，我们可以推断玩家4可能并不是卧底。因此，基于目前的信息，我没有改变之前的推断，玩家4可能是卧底，但这个结论需要更多的信息来证实。如果必须在这四个选项中选择一个作为卧底，我会选择玩家4，但这个选择是基于之前分析的不一致之处，而不是基于当前的信息。|| `请根据上述分析，比较描述以找出不一致之处，注意，这局游戏的词语分类为<水果>，卧底词和平民词都属于该类。
2024-12-13 11:08:28,676 - 1 - INFO - **********PLAYER1**********
在比较四位玩家的描述时，以下是一致性和不一致之处的分析：

一致性：
- 所有玩家都提到了水果的体积较大、颜色鲜绿、肉质鲜红、甜度高和多汁。
- 所有玩家都提到了这种水果在夏季尤为常见。
- 所有玩家都提到了水果的甜味和水分。

不一致之处：
- 玩家1、玩家2和玩家3的描述都提到了水果的气味和口感，而玩家4的描述中只提到了口感和甜度，没有特别提到气味。
- 玩家3的描述特别强调了水果的强烈特殊气味，这是玩家1、玩家2和玩家4所没有提到的。

基于这些不一致之处，玩家3的描述与玩家1、玩家2和玩家4的描述有所不同，特别是在提到气味这一特征上。这可能是区分卧底的一个关键点，因为卧底可能会因为词语的不同而提供不同的特征描述。因此，玩家3的描述可能表明他是卧底，因为他的描述中包含了其他玩家没有提到的信息。
2024-12-13 11:08:28,678 - 1 - INFO - **********JUDGER**********
你刚刚的分析是在比较四位玩家的描述时，以下是一致性和不一致之处的分析：

一致性：
- 所有玩家都提到了水果的体积较大、颜色鲜绿、肉质鲜红、甜度高和多汁。
- 所有玩家都提到了这种水果在夏季尤为常见。
- 所有玩家都提到了水果的甜味和水分。

不一致之处：
- 玩家1、玩家2和玩家3的描述都提到了水果的气味和口感，而玩家4的描述中只提到了口感和甜度，没有特别提到气味。
- 玩家3的描述特别强调了水果的强烈特殊气味，这是玩家1、玩家2和玩家4所没有提到的。

基于这些不一致之处，玩家3的描述与玩家1、玩家2和玩家4的描述有所不同，特别是在提到气味这一特征上。这可能是区分卧底的一个关键点，因为卧底可能会因为词语的不同而提供不同的特征描述。因此，玩家3的描述可能表明他是卧底，因为他的描述中包含了其他玩家没有提到的信息。|| 请通过你分析的不一致之处，推断卧底身份，注意，这局游戏的词语分类为<水果>，卧底词和平民词都属于该类。
2024-12-13 11:08:34,003 - 1 - INFO - **********PLAYER1**********
基于分析中提到的不一致之处，以下是我对卧底身份的推断：

- 玩家3的描述中提到了“强烈的特殊气味”，这是其他玩家（玩家1、玩家2和玩家4）没有提到的特征。
- 在这个游戏中，所有玩家的词语都属于<水果>类别，且卧底词和平民词都应该符合这个类别。
- 玩家3的描述提供了与其他玩家不同的信息，这可能是因为他的词语与西瓜（玩家1、玩家2和玩家4的关键词）的特征不完全一致。

因此，根据这些信息，玩家3的描述中包含的额外特征――强烈的特殊气味――可能表明他持有与西瓜不同的水果词语，从而可能是卧底。所以，我认为玩家3是卧底。
2024-12-13 11:08:34,006 - 1 - INFO - **********JUDGER**********
你刚刚的推断是基于分析中提到的不一致之处，以下是我对卧底身份的推断：

- 玩家3的描述中提到了“强烈的特殊气味”，这是其他玩家（玩家1、玩家2和玩家4）没有提到的特征。
- 在这个游戏中，所有玩家的词语都属于<水果>类别，且卧底词和平民词都应该符合这个类别。
- 玩家3的描述提供了与其他玩家不同的信息，这可能是因为他的词语与西瓜（玩家1、玩家2和玩家4的关键词）的特征不完全一致。

因此，根据这些信息，玩家3的描述中包含的额外特征――强烈的特殊气味――可能表明他持有与西瓜不同的水果词语，从而可能是卧底。所以，我认为玩家3是卧底。|| 基于你刚刚的推断得出你的最终结论，请输出你认为的卧底，在这种情况下只需要输出编号，是1-4中的某个数字，不要输出其他信息。在这个过程不要进行任何推理，只对||以前的部分进行信息提取
2024-12-13 11:08:34,761 - 1 - INFO - **********PLAYER1**********
3
2024-12-13 11:09:19,134 - 1 - INFO - **********JUDGER**********
玩家1说：这个水果通常很大，圆形，皮是绿色的，里面是红色的果肉，非常甜美多汁。在所有水果中，它可能是最常见于夏季的。这种水果在炎热的夏季尤其受欢迎，它的外皮光滑，颜色鲜绿，切开时内部的肉质呈现出鲜艳的红色，每一口都能感受到它那令人陶醉的甜味和清新的汁液。它不仅是消暑佳品，而且在同类水果中以其独特的风味和清凉感而闻名。玩家2说：这种水果通常很大，皮绿肉红，汁多甜度高，夏季尤为常见。它在同类水果中以其独特的甜味和丰富的水分而著称。这种水果在炎热的夏季特别受欢迎，它的外皮光滑，颜色鲜绿，内部肉质呈现出鲜艳的红色，每一口都能感受到它那令人陶醉的甜味和清新的汁液。它的体积通常较大，是同类水果中甜度最高的之一，而且它的口感清爽，非常适合消暑。玩家3说：这种水果体积较大，果实呈圆形，外皮绿色，内部肉质鲜红，甜度高，多汁。在同类水果中，它以独特的气味和口感而著称。这种水果在同类中体积较大，外皮呈绿色，内部肉质鲜红且多汁，甜度高。它以其强烈的特殊气味而闻名，这种气味在水果中非常独特，让它在众多水果中脱颖而出。它的口感浓郁，尽管对于不习惯的人来说可能难以接受，但对于喜欢它的人来说，它的风味是无法替代的。玩家4说：这种水果是夏季常见的，体积较大，外皮通常是绿色的，内部肉质鲜红多汁，甜度高。它在同类水果中最突出的不同特征是它独特的口感和甜度。这种水果在炎热的夏季尤其受欢迎，它的外皮光滑，颜色鲜绿，内部肉质呈现出鲜艳的红色，每一口都能感受到它那令人陶醉的甜味和清新的汁液。它不仅是消暑佳品，而且在同类水果中以其独特的风味和清凉感而闻名。它的体积通常较大，是同类水果中甜度最高的之一，而且它的口感清爽，非常适合消暑。你是第1号玩家，你的关键词是<西瓜>。你的回答中绝对不能包含你的关键词<西瓜>。这是第三轮描述，你之前的描述是这个水果通常很大，圆形，皮是绿色的，里面是红色的果肉，非常甜美多汁。在所有水果中，它可能是最常见于夏季的。和这种水果在炎热的夏季尤其受欢迎，它的外皮光滑，颜色鲜绿，切开时内部的肉质呈现出鲜艳的红色，每一口都能感受到它那令人陶醉的甜味和清新的汁液。它不仅是消暑佳品，而且在同类水果中以其独特的风味和清凉感而闻名。，注意，这局游戏的词语分类为<水果>，卧底词和平民词都属于该类，请你补充关于关键词的描述，注意，你的描述应该比起之前的描述更加贴近关键词，作为之前的补充
2024-12-13 11:09:23,755 - 1 - INFO - **********PLAYER1**********
这种水果在炎热的夏季被广泛喜爱，它的外表光滑，皮色鲜绿，切开后果肉呈现出诱人的红色，每一口都充满了清甜的汁液。它不仅是消暑解渴的好选择，而且其独特的口感和甜度在同类水果中独树一帜。
2024-12-13 11:09:33,130 - 1 - INFO - **********JUDGER**********
玩家1说：这个水果通常很大，圆形，皮是绿色的，里面是红色的果肉，非常甜美多汁。在所有水果中，它可能是最常见于夏季的。这种水果在炎热的夏季尤其受欢迎，它的外皮光滑，颜色鲜绿，切开时内部的肉质呈现出鲜艳的红色，每一口都能感受到它那令人陶醉的甜味和清新的汁液。它不仅是消暑佳品，而且在同类水果中以其独特的风味和清凉感而闻名。这种水果在炎热的夏季被广泛喜爱，它的外表光滑，皮色鲜绿，切开后果肉呈现出诱人的红色，每一口都充满了清甜的汁液。它不仅是消暑解渴的好选择，而且其独特的口感和甜度在同类水果中独树一帜。玩家2说：这种水果通常很大，皮绿肉红，汁多甜度高，夏季尤为常见。它在同类水果中以其独特的甜味和丰富的水分而著称。这种水果在炎热的夏季特别受欢迎，它的外皮光滑，颜色鲜绿，内部肉质呈现出鲜艳的红色，每一口都能感受到它那令人陶醉的甜味和清新的汁液。它的体积通常较大，是同类水果中甜度最高的之一，而且它的口感清爽，非常适合消暑。这种水果以其清爽的口感和甜度著称，尤其在炎热的夏季，它成为了消暑解渴的佳选。它的外皮光滑，呈现出诱人的鲜绿色，而内部的肉质则呈现出鲜艳的红色，每一口都能带来清甜的汁液。这种水果在同类水果中以其独特的风味和清凉感而闻名，是夏季最受欢迎的水果之一。玩家3说：这种水果体积较大，果实呈圆形，外皮绿色，内部肉质鲜红，甜度高，多汁。在同类水果中，它以独特的气味和口感而著称。这种水果在同类中体积较大，外皮呈绿色，内部肉质鲜红且多汁，甜度高。它以其强烈的特殊气味而闻名，这种气味在水果中非常独特，让它在众多水果中脱颖而出。它的口感浓郁，尽管对于不习惯的人来说可能难以接受，但对于喜欢它的人来说，它的风味是无法替代的。这种水果体积较大，果实呈圆形，外皮为鲜艳的绿色，内部肉质呈现出诱人的红色。它以其独特的浓郁香气和甜美的口感而著称，甜度高，多汁。这种水果在同类水果中以其鲜明的特性和丰富的营养而受到喜爱。它的口感浓郁，适合在炎热的夏季食用，既能消暑解渴，又能带来愉悦的味觉享受。玩家4说：这种水果是夏季常见的，体积较大，外皮通常是绿色的，内部肉质鲜红多汁，甜度高。它在同类水果中最突出的不同特征是它独特的口感和甜度。这种水果在炎热的夏季尤其受欢迎，它的外皮光滑，颜色鲜绿，内部肉质呈现出鲜艳的红色，每一口都能感受到它那令人陶醉的甜味和清新的汁液。它不仅是消暑佳品，而且在同类水果中以其独特的风味和清凉感而闻名。它的体积通常较大，是同类水果中甜度最高的之一，而且它的口感清爽，非常适合消暑。这种水果是夏季的清凉代表，其甜度高，汁液丰富，能够带来清凉的口感。它的外皮光滑，呈现出诱人的鲜绿色，内部肉质呈现出鲜艳的红色，每一口都能感受到清甜的汁液。这种水果不仅是消暑解渴的好选择，而且在同类水果中以其独特的风味和清凉感而闻名。||在这个游戏中，我们需要通过分析每位玩家的描述来找出卧底。通常，平民的描述会围绕相同的词语展开，而卧底的描述可能会因为词语的不同而显得不太一致。我们需要仔细比较每个描述之间的相似性和差异性，以找出可能的卧底，注意，卧底并不会隐藏自己，他会直接描述他的词语，现在，逐一分析每个玩家的描述，注意，这局游戏的词语分类为<水果>，卧底词和平民词都属于该类。||之前是第3轮描述和之前轮数描述的合集。你之前认为的卧底是玩家3。
2024-12-13 11:09:42,399 - 1 - INFO - **********PLAYER1**********
在分析四位玩家的描述时，以下是一致性和不一致之处的分析：

一致性：
- 所有玩家都提到了水果的体积较大、颜色鲜绿、肉质鲜红、甜度高和多汁。
- 所有玩家都提到了这种水果在夏季尤为常见，并且是消暑佳品。
- 所有玩家都强调了水果的甜味和清凉感。

不一致之处：
- 玩家3的描述中特别提到了水果的“强烈的特殊气味”和“浓郁的香气”，这是其他玩家没有提到的。
- 玩家3的描述中提到口感“尽管对于不习惯的人来说可能难以接受”，这与其他玩家的描述中普遍的正面评价有所不同。

基于这些不一致之处，玩家3的描述中包含了一些与西瓜（玩家1、玩家2和玩家4的关键词）特征不完全一致的信息。因此，玩家3的描述可能表明他是卧底，因为他的描述中包含了其他玩家没有提到的特征，并且对口感的态度与其他玩家有所不同。所以，基于当前的信息，我仍然认为玩家3是卧底。
2024-12-13 11:09:42,408 - 1 - INFO - **********JUDGER**********
你刚刚的分析是在分析四位玩家的描述时，以下是一致性和不一致之处的分析：

一致性：
- 所有玩家都提到了水果的体积较大、颜色鲜绿、肉质鲜红、甜度高和多汁。
- 所有玩家都提到了这种水果在夏季尤为常见，并且是消暑佳品。
- 所有玩家都强调了水果的甜味和清凉感。

不一致之处：
- 玩家3的描述中特别提到了水果的“强烈的特殊气味”和“浓郁的香气”，这是其他玩家没有提到的。
- 玩家3的描述中提到口感“尽管对于不习惯的人来说可能难以接受”，这与其他玩家的描述中普遍的正面评价有所不同。

基于这些不一致之处，玩家3的描述中包含了一些与西瓜（玩家1、玩家2和玩家4的关键词）特征不完全一致的信息。因此，玩家3的描述可能表明他是卧底，因为他的描述中包含了其他玩家没有提到的特征，并且对口感的态度与其他玩家有所不同。所以，基于当前的信息，我仍然认为玩家3是卧底。|| `请根据上述分析，比较描述以找出不一致之处，注意，这局游戏的词语分类为<水果>，卧底词和平民词都属于该类。
2024-12-13 11:09:47,594 - 1 - INFO - **********PLAYER1**********
根据上述分析，以下是不一致之处的具体比较：

1. 特殊气味：
   - 玩家3的描述中提到了“强烈的特殊气味”和“浓郁的香气”，而其他玩家（玩家1、玩家2和玩家4）的描述中没有提到这一点。

2. 口感评价：
   - 玩家3的描述中提到口感“尽管对于不习惯的人来说可能难以接受”，这与其他玩家对水果口感的正面评价形成了对比。

3. 特征强调：
   - 玩家3的描述中特别强调了水果的气味和口感，而其他玩家的描述则更多地集中在体积、颜色、甜度和多汁性上。

这些不一致之处表明玩家3的描述可能与卧底词更为相符，因为他的描述中包含了一些与其他玩家描述不匹配的特征，并且在评价口感时采取了不同的角度。这可能是区分卧底的一个关键点。
2024-12-13 11:09:47,599 - 1 - INFO - **********JUDGER**********
你刚刚的分析是根据上述分析，以下是不一致之处的具体比较：

1. 特殊气味：
   - 玩家3的描述中提到了“强烈的特殊气味”和“浓郁的香气”，而其他玩家（玩家1、玩家2和玩家4）的描述中没有提到这一点。

2. 口感评价：
   - 玩家3的描述中提到口感“尽管对于不习惯的人来说可能难以接受”，这与其他玩家对水果口感的正面评价形成了对比。

3. 特征强调：
   - 玩家3的描述中特别强调了水果的气味和口感，而其他玩家的描述则更多地集中在体积、颜色、甜度和多汁性上。

这些不一致之处表明玩家3的描述可能与卧底词更为相符，因为他的描述中包含了一些与其他玩家描述不匹配的特征，并且在评价口感时采取了不同的角度。这可能是区分卧底的一个关键点。|| 请通过你分析的不一致之处，推断卧底身份，注意，这局游戏的词语分类为<水果>，卧底词和平民词都属于该类。
2024-12-13 11:09:48,717 - 1 - INFO - **********PLAYER1**********
3
2024-12-13 11:09:48,718 - 1 - INFO - **********JUDGER**********
你刚刚的推断是3|| 基于你刚刚的推断得出你的最终结论，请输出你认为的卧底，在这种情况下只需要输出编号，是1-4中的某个数字，不要输出其他信息。在这个过程不要进行任何推理，只对||以前的部分进行信息提取
2024-12-13 11:09:49,625 - 1 - INFO - **********PLAYER1**********
3
