2024-12-13 11:06:28,569 - 2 - INFO - **********JUDGER**********
让我们来玩一个叫做<谁是卧底>的推理游戏。基本规则：<人数>：4人。<角色分配>：每位玩家随机抽取一个词语，3名玩家拿到的词语是相同的（平民词），1名玩家拿到与之相近但不同的词语（卧底词）。<游戏流程>：1、玩家轮流描述自己的词语，但<不能>直接说出词语本身。2、描述完毕后，投票选出最像卧底的玩家。3、每轮结束后，被投票选出的玩家出局，不能再进行描述或投票。4、每轮投票结束后，如果卧底被成功找出，平民方获胜；如果卧底未被找出且卧底人数等于或超过平民人数，则卧底方获胜。你将扮演一个<玩家>，请等待你被分配到的关键词。如果你听懂了，只回答，"好的，我准备好参加游戏了"，不要输出别的信息
2024-12-13 11:06:29,079 - 2 - INFO - **********PLAYER2**********
好的，我准备好参加游戏了
2024-12-13 11:06:34,927 - 2 - INFO - **********JUDGER**********
玩家1说：这个水果通常很大，圆形，皮是绿色的，里面是红色的果肉，非常甜美多汁。在所有水果中，它可能是最常见于夏季的。玩家2说：玩家3说：玩家4说：|| 你是第2号玩家，你的关键词是<西瓜>。你的回答中绝对不能包含你的关键词<西瓜>。这是第一轮描述，不需要分析||之前别的玩家的描述，请你描述关键词基本特征，注意，这局游戏的词语分类为<水果>，卧底词和平民词都属于该类，描述包括以下两点，1.他的基本特征是什么2.他在该类（水果）中最突出不同的特征是什么，尽量简短
2024-12-13 11:06:37,144 - 2 - INFO - **********PLAYER2**********
这种水果通常很大，皮绿肉红，汁多甜度高，夏季尤为常见。它在同类水果中以其独特的甜味和丰富的水分而著称。
2024-12-13 11:07:01,869 - 2 - INFO - **********JUDGER**********
玩家1说：这个水果通常很大，圆形，皮是绿色的，里面是红色的果肉，非常甜美多汁。在所有水果中，它可能是最常见于夏季的。玩家2说：这种水果通常很大，皮绿肉红，汁多甜度高，夏季尤为常见。它在同类水果中以其独特的甜味和丰富的水分而著称。玩家3说：这种水果体积较大，果实呈圆形，外皮绿色，内部肉质鲜红，甜度高，多汁。在同类水果中，它以独特的气味和口感而著称。玩家4说：||在这个游戏中，我们需要通过分析每位玩家的描述来找出卧底。通常，平民的描述会围绕相同的词语展开，而卧底的描述可能会因为词语的不同而显得不太一致。我们需要仔细比较每个描述之间的相似性和差异性，以找出可能的卧底，注意，卧底并不会隐藏自己，他会直接描述他的词语，现在，逐一分析每个玩家的描述，注意，这局游戏的词语分类为<水果>，卧底词和平民词都属于该类。这是第一轮描述。
2024-12-13 11:07:05,344 - 2 - INFO - **********PLAYER2**********
我注意到前三位玩家的描述都集中在水果的体积、颜色、果肉和甜度上，而且都提到了夏季和水分丰富。我的描述中，我会强调水果的气味和口感，这是与前三位玩家描述中未提及的不同之处。我会在描述中提到这种水果的香气独特，口感可能与其他水果有所不同，以此来暗示我的词语与其他人不同。不过，我会在描述中避免直接提到“西瓜”，以保持一致性。
2024-12-13 11:07:05,345 - 2 - INFO - **********JUDGER**********
你刚刚的分析是我注意到前三位玩家的描述都集中在水果的体积、颜色、果肉和甜度上，而且都提到了夏季和水分丰富。我的描述中，我会强调水果的气味和口感，这是与前三位玩家描述中未提及的不同之处。我会在描述中提到这种水果的香气独特，口感可能与其他水果有所不同，以此来暗示我的词语与其他人不同。不过，我会在描述中避免直接提到“西瓜”，以保持一致性。|| `请根据上述分析，比较描述以找出不一致之处，注意，这局游戏的词语分类为<水果>，卧底词和平民词都属于该类。
2024-12-13 11:07:13,089 - 2 - INFO - **********PLAYER2**********
根据上述分析，我们可以比较四位玩家的描述来寻找不一致之处：

1. 玩家1的描述：强调了水果的大小、形状、颜色、果肉、甜度、多汁以及季节性。
2. 玩家2的描述：与玩家1的描述几乎完全相同，重复了上述所有特征。
3. 玩家3的描述：同样提到了大小、形状、颜色、果肉、甜度、多汁，但增加了对气味的提及。
4. 玩家4的描述：提供了关于游戏规则和描述分析的指导，没有提供关于水果的具体描述。

不一致之处在于：

- 玩家4没有提供关于水果的具体描述，而是给出了关于游戏的分析和规则说明。
- 玩家3在描述中提到了“气味”这一特征，而玩家1和玩家2没有提及。
- 玩家1、玩家2和玩家3的描述高度一致，这可能表明他们拥有相同的平民词。

基于这些不一致之处，玩家4可能是卧底，因为他没有提供与水果相关的描述，而是提供了关于游戏策略的分析。而玩家3的描述中提到了气味，这可能与他的平民词或卧底词相关，需要进一步的信息来确定。
2024-12-13 11:07:13,092 - 2 - INFO - **********JUDGER**********
你刚刚的分析是根据上述分析，我们可以比较四位玩家的描述来寻找不一致之处：

1. 玩家1的描述：强调了水果的大小、形状、颜色、果肉、甜度、多汁以及季节性。
2. 玩家2的描述：与玩家1的描述几乎完全相同，重复了上述所有特征。
3. 玩家3的描述：同样提到了大小、形状、颜色、果肉、甜度、多汁，但增加了对气味的提及。
4. 玩家4的描述：提供了关于游戏规则和描述分析的指导，没有提供关于水果的具体描述。

不一致之处在于：

- 玩家4没有提供关于水果的具体描述，而是给出了关于游戏的分析和规则说明。
- 玩家3在描述中提到了“气味”这一特征，而玩家1和玩家2没有提及。
- 玩家1、玩家2和玩家3的描述高度一致，这可能表明他们拥有相同的平民词。

基于这些不一致之处，玩家4可能是卧底，因为他没有提供与水果相关的描述，而是提供了关于游戏策略的分析。而玩家3的描述中提到了气味，这可能与他的平民词或卧底词相关，需要进一步的信息来确定。|| 请通过你分析的不一致之处，推断卧底身份，注意，这局游戏的词语分类为<水果>，卧底词和平民词都属于该类。
2024-12-13 11:07:21,080 - 2 - INFO - **********PLAYER2**********
根据分析，我们可以做出以下推断：

- 玩家4的描述没有提供任何关于水果的信息，而是专注于游戏策略，这与他作为卧底的角色相符，因为卧底通常不会直接描述自己的词语。
- 玩家1、玩家2和玩家3的描述非常相似，都强调了水果的大小、形状、颜色、果肉、甜度、多汁和季节性，这可能意味着他们持有相同的平民词。
- 玩家3的描述中提到了“气味”这一特征，这是与其他两位玩家描述的不同之处。然而，由于玩家1和玩家2的描述没有提及气味，我们不能仅凭这一点就确定玩家3是卧底。气味可能是他平民词的一个特征，也可能是他为了混淆视听而故意加入的线索。

因此，基于以上分析，玩家4最有可能是卧底，因为他没有描述任何与水果相关的特征，而是提供了关于游戏的分析。玩家3的描述虽然有所不同，但由于玩家1和玩家2的描述没有提到这一点，我们无法确定他是卧底还是持有相同平民词的玩家。
2024-12-13 11:07:21,082 - 2 - INFO - **********JUDGER**********
你刚刚的推断是根据分析，我们可以做出以下推断：

- 玩家4的描述没有提供任何关于水果的信息，而是专注于游戏策略，这与他作为卧底的角色相符，因为卧底通常不会直接描述自己的词语。
- 玩家1、玩家2和玩家3的描述非常相似，都强调了水果的大小、形状、颜色、果肉、甜度、多汁和季节性，这可能意味着他们持有相同的平民词。
- 玩家3的描述中提到了“气味”这一特征，这是与其他两位玩家描述的不同之处。然而，由于玩家1和玩家2的描述没有提及气味，我们不能仅凭这一点就确定玩家3是卧底。气味可能是他平民词的一个特征，也可能是他为了混淆视听而故意加入的线索。

因此，基于以上分析，玩家4最有可能是卧底，因为他没有描述任何与水果相关的特征，而是提供了关于游戏的分析。玩家3的描述虽然有所不同，但由于玩家1和玩家2的描述没有提到这一点，我们无法确定他是卧底还是持有相同平民词的玩家。|| 基于你刚刚的推断得出你的最终结论，请输出你认为的卧底，在这种情况下只需要输出编号，是1-4中的某个数字，不要输出其他信息。在这个过程不要进行任何推理，只对||以前的部分进行信息提取
2024-12-13 11:07:21,745 - 2 - INFO - **********PLAYER2**********
4
2024-12-13 11:08:03,315 - 2 - INFO - **********JUDGER**********
玩家1说：这个水果通常很大，圆形，皮是绿色的，里面是红色的果肉，非常甜美多汁。在所有水果中，它可能是最常见于夏季的。这种水果在炎热的夏季尤其受欢迎，它的外皮光滑，颜色鲜绿，切开时内部的肉质呈现出鲜艳的红色，每一口都能感受到它那令人陶醉的甜味和清新的汁液。它不仅是消暑佳品，而且在同类水果中以其独特的风味和清凉感而闻名。玩家2说：这种水果通常很大，皮绿肉红，汁多甜度高，夏季尤为常见。它在同类水果中以其独特的甜味和丰富的水分而著称。玩家3说：这种水果体积较大，果实呈圆形，外皮绿色，内部肉质鲜红，甜度高，多汁。在同类水果中，它以独特的气味和口感而著称。玩家4说：这种水果是夏季常见的，体积较大，外皮通常是绿色的，内部肉质鲜红多汁，甜度高。它在同类水果中最突出的不同特征是它独特的口感和甜度。你是第2号玩家，你的关键词是<西瓜>。你的回答中绝对不能包含你的关键词<西瓜>。这是第二轮描述，你之前的描述是这种水果通常很大，皮绿肉红，汁多甜度高，夏季尤为常见。它在同类水果中以其独特的甜味和丰富的水分而著称。，注意，这局游戏的词语分类为<水果>，卧底词和平民词都属于该类，请你补充关于关键词的描述，注意，你的描述应该比起之前的描述更加贴近关键词，作为之前的补充
2024-12-13 11:08:06,413 - 2 - INFO - **********PLAYER2**********
这种水果在炎热的夏季特别受欢迎，它的外皮光滑，颜色鲜绿，内部肉质呈现出鲜艳的红色，每一口都能感受到它那令人陶醉的甜味和清新的汁液。它的体积通常较大，是同类水果中甜度最高的之一，而且它的口感清爽，非常适合消暑。
2024-12-13 11:08:34,763 - 2 - INFO - **********JUDGER**********
玩家1说：这个水果通常很大，圆形，皮是绿色的，里面是红色的果肉，非常甜美多汁。在所有水果中，它可能是最常见于夏季的。这种水果在炎热的夏季尤其受欢迎，它的外皮光滑，颜色鲜绿，切开时内部的肉质呈现出鲜艳的红色，每一口都能感受到它那令人陶醉的甜味和清新的汁液。它不仅是消暑佳品，而且在同类水果中以其独特的风味和清凉感而闻名。玩家2说：这种水果通常很大，皮绿肉红，汁多甜度高，夏季尤为常见。它在同类水果中以其独特的甜味和丰富的水分而著称。这种水果在炎热的夏季特别受欢迎，它的外皮光滑，颜色鲜绿，内部肉质呈现出鲜艳的红色，每一口都能感受到它那令人陶醉的甜味和清新的汁液。它的体积通常较大，是同类水果中甜度最高的之一，而且它的口感清爽，非常适合消暑。玩家3说：这种水果体积较大，果实呈圆形，外皮绿色，内部肉质鲜红，甜度高，多汁。在同类水果中，它以独特的气味和口感而著称。这种水果在同类中体积较大，外皮呈绿色，内部肉质鲜红且多汁，甜度高。它以其强烈的特殊气味而闻名，这种气味在水果中非常独特，让它在众多水果中脱颖而出。它的口感浓郁，尽管对于不习惯的人来说可能难以接受，但对于喜欢它的人来说，它的风味是无法替代的。玩家4说：这种水果是夏季常见的，体积较大，外皮通常是绿色的，内部肉质鲜红多汁，甜度高。它在同类水果中最突出的不同特征是它独特的口感和甜度。||在这个游戏中，我们需要通过分析每位玩家的描述来找出卧底。通常，平民的描述会围绕相同的词语展开，而卧底的描述可能会因为词语的不同而显得不太一致。我们需要仔细比较每个描述之间的相似性和差异性，以找出可能的卧底，注意，卧底并不会隐藏自己，他会直接描述他的词语，现在，逐一分析每个玩家的描述，注意，这局游戏的词语分类为<水果>，卧底词和平民词都属于该类。||之前是第2轮描述和之前轮数描述的合集。你之前认为的卧底是玩家4。
2024-12-13 11:08:35,465 - 2 - INFO - **********PLAYER2**********
4
2024-12-13 11:08:35,465 - 2 - INFO - **********JUDGER**********
你刚刚的分析是4|| `请根据上述分析，比较描述以找出不一致之处，注意，这局游戏的词语分类为<水果>，卧底词和平民词都属于该类。
2024-12-13 11:08:49,387 - 2 - INFO - **********PLAYER2**********
根据上述分析，我们可以比较四位玩家的描述来寻找不一致之处：

1. 玩家1的描述中，强调了水果的大小、形状、颜色、果肉、甜度、多汁、季节性、风味和清凉感。
2. 玩家2的描述与玩家1相似，也提到了大小、形状、颜色、果肉、甜度、多汁、季节性、风味和清凉感，但重复了一些信息。
3. 玩家3的描述提到了体积、形状、颜色、果肉、甜度、多汁、气味、口感，并强调了特殊气味和浓郁的风味。
4. 玩家4的描述提到了大小、形状、颜色、果肉、甜度、季节性、口感和甜度，并强调了独特的口感。

不一致之处在于：

- 玩家3的描述中特别强调了“气味”和“浓郁的风味”，这是与其他玩家描述中未提及的。
- 玩家4的描述没有提到气味，而是更侧重于口感和甜度。
- 玩家1和玩家2的描述虽然相似，但玩家1的描述更为详细，包括风味和清凉感，而玩家2的描述重复了信息但没有新内容。
- 玩家4的描述没有提到清凉感和风味，这是与玩家1和玩家2描述中的共同点。

基于这些不一致之处，玩家3的描述中提到的气味可能是他作为卧底的不同之处，因为其他玩家的描述没有强调这一点。而玩家4的描述虽然与玩家1和玩家2有相似之处，但没有提及气味，这可能是他作为平民的描述。因此，玩家3可能是卧底。
2024-12-13 11:08:49,389 - 2 - INFO - **********JUDGER**********
你刚刚的分析是根据上述分析，我们可以比较四位玩家的描述来寻找不一致之处：

1. 玩家1的描述中，强调了水果的大小、形状、颜色、果肉、甜度、多汁、季节性、风味和清凉感。
2. 玩家2的描述与玩家1相似，也提到了大小、形状、颜色、果肉、甜度、多汁、季节性、风味和清凉感，但重复了一些信息。
3. 玩家3的描述提到了体积、形状、颜色、果肉、甜度、多汁、气味、口感，并强调了特殊气味和浓郁的风味。
4. 玩家4的描述提到了大小、形状、颜色、果肉、甜度、季节性、口感和甜度，并强调了独特的口感。

不一致之处在于：

- 玩家3的描述中特别强调了“气味”和“浓郁的风味”，这是与其他玩家描述中未提及的。
- 玩家4的描述没有提到气味，而是更侧重于口感和甜度。
- 玩家1和玩家2的描述虽然相似，但玩家1的描述更为详细，包括风味和清凉感，而玩家2的描述重复了信息但没有新内容。
- 玩家4的描述没有提到清凉感和风味，这是与玩家1和玩家2描述中的共同点。

基于这些不一致之处，玩家3的描述中提到的气味可能是他作为卧底的不同之处，因为其他玩家的描述没有强调这一点。而玩家4的描述虽然与玩家1和玩家2有相似之处，但没有提及气味，这可能是他作为平民的描述。因此，玩家3可能是卧底。|| 请通过你分析的不一致之处，推断卧底身份，注意，这局游戏的词语分类为<水果>，卧底词和平民词都属于该类。
2024-12-13 11:08:50,240 - 2 - INFO - **********PLAYER2**********
3
2024-12-13 11:08:50,241 - 2 - INFO - **********JUDGER**********
你刚刚的推断是3|| 基于你刚刚的推断得出你的最终结论，请输出你认为的卧底，在这种情况下只需要输出编号，是1-4中的某个数字，不要输出其他信息。在这个过程不要进行任何推理，只对||以前的部分进行信息提取
2024-12-13 11:08:50,918 - 2 - INFO - **********PLAYER2**********
3
2024-12-13 11:09:23,757 - 2 - INFO - **********JUDGER**********
玩家1说：这个水果通常很大，圆形，皮是绿色的，里面是红色的果肉，非常甜美多汁。在所有水果中，它可能是最常见于夏季的。这种水果在炎热的夏季尤其受欢迎，它的外皮光滑，颜色鲜绿，切开时内部的肉质呈现出鲜艳的红色，每一口都能感受到它那令人陶醉的甜味和清新的汁液。它不仅是消暑佳品，而且在同类水果中以其独特的风味和清凉感而闻名。这种水果在炎热的夏季被广泛喜爱，它的外表光滑，皮色鲜绿，切开后果肉呈现出诱人的红色，每一口都充满了清甜的汁液。它不仅是消暑解渴的好选择，而且其独特的口感和甜度在同类水果中独树一帜。玩家2说：这种水果通常很大，皮绿肉红，汁多甜度高，夏季尤为常见。它在同类水果中以其独特的甜味和丰富的水分而著称。这种水果在炎热的夏季特别受欢迎，它的外皮光滑，颜色鲜绿，内部肉质呈现出鲜艳的红色，每一口都能感受到它那令人陶醉的甜味和清新的汁液。它的体积通常较大，是同类水果中甜度最高的之一，而且它的口感清爽，非常适合消暑。玩家3说：这种水果体积较大，果实呈圆形，外皮绿色，内部肉质鲜红，甜度高，多汁。在同类水果中，它以独特的气味和口感而著称。这种水果在同类中体积较大，外皮呈绿色，内部肉质鲜红且多汁，甜度高。它以其强烈的特殊气味而闻名，这种气味在水果中非常独特，让它在众多水果中脱颖而出。它的口感浓郁，尽管对于不习惯的人来说可能难以接受，但对于喜欢它的人来说，它的风味是无法替代的。玩家4说：这种水果是夏季常见的，体积较大，外皮通常是绿色的，内部肉质鲜红多汁，甜度高。它在同类水果中最突出的不同特征是它独特的口感和甜度。这种水果在炎热的夏季尤其受欢迎，它的外皮光滑，颜色鲜绿，内部肉质呈现出鲜艳的红色，每一口都能感受到它那令人陶醉的甜味和清新的汁液。它不仅是消暑佳品，而且在同类水果中以其独特的风味和清凉感而闻名。它的体积通常较大，是同类水果中甜度最高的之一，而且它的口感清爽，非常适合消暑。你是第2号玩家，你的关键词是<西瓜>。你的回答中绝对不能包含你的关键词<西瓜>。这是第三轮描述，你之前的描述是这种水果通常很大，皮绿肉红，汁多甜度高，夏季尤为常见。它在同类水果中以其独特的甜味和丰富的水分而著称。和这种水果在炎热的夏季特别受欢迎，它的外皮光滑，颜色鲜绿，内部肉质呈现出鲜艳的红色，每一口都能感受到它那令人陶醉的甜味和清新的汁液。它的体积通常较大，是同类水果中甜度最高的之一，而且它的口感清爽，非常适合消暑。，注意，这局游戏的词语分类为<水果>，卧底词和平民词都属于该类，请你补充关于关键词的描述，注意，你的描述应该比起之前的描述更加贴近关键词，作为之前的补充
2024-12-13 11:09:26,789 - 2 - INFO - **********PLAYER2**********
这种水果以其清爽的口感和甜度著称，尤其在炎热的夏季，它成为了消暑解渴的佳选。它的外皮光滑，呈现出诱人的鲜绿色，而内部的肉质则呈现出鲜艳的红色，每一口都能带来清甜的汁液。这种水果在同类水果中以其独特的风味和清凉感而闻名，是夏季最受欢迎的水果之一。
2024-12-13 11:09:49,626 - 2 - INFO - **********JUDGER**********
玩家1说：这个水果通常很大，圆形，皮是绿色的，里面是红色的果肉，非常甜美多汁。在所有水果中，它可能是最常见于夏季的。这种水果在炎热的夏季尤其受欢迎，它的外皮光滑，颜色鲜绿，切开时内部的肉质呈现出鲜艳的红色，每一口都能感受到它那令人陶醉的甜味和清新的汁液。它不仅是消暑佳品，而且在同类水果中以其独特的风味和清凉感而闻名。这种水果在炎热的夏季被广泛喜爱，它的外表光滑，皮色鲜绿，切开后果肉呈现出诱人的红色，每一口都充满了清甜的汁液。它不仅是消暑解渴的好选择，而且其独特的口感和甜度在同类水果中独树一帜。玩家2说：这种水果通常很大，皮绿肉红，汁多甜度高，夏季尤为常见。它在同类水果中以其独特的甜味和丰富的水分而著称。这种水果在炎热的夏季特别受欢迎，它的外皮光滑，颜色鲜绿，内部肉质呈现出鲜艳的红色，每一口都能感受到它那令人陶醉的甜味和清新的汁液。它的体积通常较大，是同类水果中甜度最高的之一，而且它的口感清爽，非常适合消暑。这种水果以其清爽的口感和甜度著称，尤其在炎热的夏季，它成为了消暑解渴的佳选。它的外皮光滑，呈现出诱人的鲜绿色，而内部的肉质则呈现出鲜艳的红色，每一口都能带来清甜的汁液。这种水果在同类水果中以其独特的风味和清凉感而闻名，是夏季最受欢迎的水果之一。玩家3说：这种水果体积较大，果实呈圆形，外皮绿色，内部肉质鲜红，甜度高，多汁。在同类水果中，它以独特的气味和口感而著称。这种水果在同类中体积较大，外皮呈绿色，内部肉质鲜红且多汁，甜度高。它以其强烈的特殊气味而闻名，这种气味在水果中非常独特，让它在众多水果中脱颖而出。它的口感浓郁，尽管对于不习惯的人来说可能难以接受，但对于喜欢它的人来说，它的风味是无法替代的。这种水果体积较大，果实呈圆形，外皮为鲜艳的绿色，内部肉质呈现出诱人的红色。它以其独特的浓郁香气和甜美的口感而著称，甜度高，多汁。这种水果在同类水果中以其鲜明的特性和丰富的营养而受到喜爱。它的口感浓郁，适合在炎热的夏季食用，既能消暑解渴，又能带来愉悦的味觉享受。玩家4说：这种水果是夏季常见的，体积较大，外皮通常是绿色的，内部肉质鲜红多汁，甜度高。它在同类水果中最突出的不同特征是它独特的口感和甜度。这种水果在炎热的夏季尤其受欢迎，它的外皮光滑，颜色鲜绿，内部肉质呈现出鲜艳的红色，每一口都能感受到它那令人陶醉的甜味和清新的汁液。它不仅是消暑佳品，而且在同类水果中以其独特的风味和清凉感而闻名。它的体积通常较大，是同类水果中甜度最高的之一，而且它的口感清爽，非常适合消暑。这种水果是夏季的清凉代表，其甜度高，汁液丰富，能够带来清凉的口感。它的外皮光滑，呈现出诱人的鲜绿色，内部肉质呈现出鲜艳的红色，每一口都能感受到清甜的汁液。这种水果不仅是消暑解渴的好选择，而且在同类水果中以其独特的风味和清凉感而闻名。||在这个游戏中，我们需要通过分析每位玩家的描述来找出卧底。通常，平民的描述会围绕相同的词语展开，而卧底的描述可能会因为词语的不同而显得不太一致。我们需要仔细比较每个描述之间的相似性和差异性，以找出可能的卧底，注意，卧底并不会隐藏自己，他会直接描述他的词语，现在，逐一分析每个玩家的描述，注意，这局游戏的词语分类为<水果>，卧底词和平民词都属于该类。||之前是第3轮描述和之前轮数描述的合集。你之前认为的卧底是玩家3。
2024-12-13 11:09:51,096 - 2 - INFO - **********PLAYER2**********
3
2024-12-13 11:09:51,097 - 2 - INFO - **********JUDGER**********
你刚刚的分析是3|| `请根据上述分析，比较描述以找出不一致之处，注意，这局游戏的词语分类为<水果>，卧底词和平民词都属于该类。
2024-12-13 11:10:05,788 - 2 - INFO - **********PLAYER2**********
根据上述分析，我们可以比较四位玩家的描述来寻找不一致之处：

1. 玩家1的描述中，强调了水果的大小、形状、颜色、果肉、甜度、多汁、季节性、风味和清凉感。
2. 玩家2的描述与玩家1相似，也提到了大小、形状、颜色、果肉、甜度、多汁、季节性、风味和清凉感，但重复了一些信息。
3. 玩家3的描述中特别强调了水果的气味和口感的独特性，以及它的浓郁风味，并提到了这种气味在水果中非常独特。
4. 玩家4的描述与玩家1和玩家2相似，强调了水果的大小、形状、颜色、果肉、甜度、多汁、季节性、风味和清凉感。

不一致之处在于：

- 玩家3的描述中特别提到了“气味”和“浓郁的风味”，这是与其他玩家描述中未提及的，尤其是与其他玩家对甜度和清凉感的强调不同。
- 玩家4的描述虽然与玩家1和玩家2相似，但没有特别提到气味，而是更侧重于口感和甜度。

基于这些不一致之处，玩家3的描述中提到的气味可能是他作为卧底的不同之处，因为其他玩家的描述没有强调这一点。而玩家4的描述虽然与玩家1和玩家2有相似之处，但没有提及气味，这可能是他作为平民的描述。因此，玩家3可能是卧底。
2024-12-13 11:10:05,790 - 2 - INFO - **********JUDGER**********
你刚刚的分析是根据上述分析，我们可以比较四位玩家的描述来寻找不一致之处：

1. 玩家1的描述中，强调了水果的大小、形状、颜色、果肉、甜度、多汁、季节性、风味和清凉感。
2. 玩家2的描述与玩家1相似，也提到了大小、形状、颜色、果肉、甜度、多汁、季节性、风味和清凉感，但重复了一些信息。
3. 玩家3的描述中特别强调了水果的气味和口感的独特性，以及它的浓郁风味，并提到了这种气味在水果中非常独特。
4. 玩家4的描述与玩家1和玩家2相似，强调了水果的大小、形状、颜色、果肉、甜度、多汁、季节性、风味和清凉感。

不一致之处在于：

- 玩家3的描述中特别提到了“气味”和“浓郁的风味”，这是与其他玩家描述中未提及的，尤其是与其他玩家对甜度和清凉感的强调不同。
- 玩家4的描述虽然与玩家1和玩家2相似，但没有特别提到气味，而是更侧重于口感和甜度。

基于这些不一致之处，玩家3的描述中提到的气味可能是他作为卧底的不同之处，因为其他玩家的描述没有强调这一点。而玩家4的描述虽然与玩家1和玩家2有相似之处，但没有提及气味，这可能是他作为平民的描述。因此，玩家3可能是卧底。|| 请通过你分析的不一致之处，推断卧底身份，注意，这局游戏的词语分类为<水果>，卧底词和平民词都属于该类。
2024-12-13 11:10:06,902 - 2 - INFO - **********PLAYER2**********
3
2024-12-13 11:10:06,902 - 2 - INFO - **********JUDGER**********
你刚刚的推断是3|| 基于你刚刚的推断得出你的最终结论，请输出你认为的卧底，在这种情况下只需要输出编号，是1-4中的某个数字，不要输出其他信息。在这个过程不要进行任何推理，只对||以前的部分进行信息提取
2024-12-13 11:10:08,065 - 2 - INFO - **********PLAYER2**********
3
