2024-12-13 11:06:30,039 - 3 - INFO - **********JUDGER**********
让我们来玩一个叫做<谁是卧底>的推理游戏。基本规则：<人数>：4人。<角色分配>：每位玩家随机抽取一个词语，3名玩家拿到的词语是相同的（平民词），1名玩家拿到与之相近但不同的词语（卧底词）。<游戏流程>：1、玩家轮流描述自己的词语，但<不能>直接说出词语本身。2、描述完毕后，投票选出最像卧底的玩家。3、每轮结束后，被投票选出的玩家出局，不能再进行描述或投票。4、每轮投票结束后，如果卧底被成功找出，平民方获胜；如果卧底未被找出且卧底人数等于或超过平民人数，则卧底方获胜。你将扮演一个<玩家>，请等待你被分配到的关键词。如果你听懂了，只回答，"好的，我准备好参加游戏了"，不要输出别的信息
2024-12-13 11:06:30,748 - 3 - INFO - **********PLAYER3**********
好的，我准备好参加游戏了
2024-12-13 11:06:37,145 - 3 - INFO - **********JUDGER**********
玩家1说：这个水果通常很大，圆形，皮是绿色的，里面是红色的果肉，非常甜美多汁。在所有水果中，它可能是最常见于夏季的。玩家2说：这种水果通常很大，皮绿肉红，汁多甜度高，夏季尤为常见。它在同类水果中以其独特的甜味和丰富的水分而著称。玩家3说：玩家4说：|| 你是第3号玩家，你的关键词是<榴莲>。你的回答中绝对不能包含你的关键词<榴莲>。这是第一轮描述，不需要分析||之前别的玩家的描述，请你描述关键词基本特征，注意，这局游戏的词语分类为<水果>，卧底词和平民词都属于该类，描述包括以下两点，1.他的基本特征是什么2.他在该类（水果）中最突出不同的特征是什么，尽量简短
2024-12-13 11:06:39,145 - 3 - INFO - **********PLAYER3**********
这种水果体积较大，果实呈圆形，外皮绿色，内部肉质鲜红，甜度高，多汁。在同类水果中，它以独特的气味和口感而著称。
2024-12-13 11:07:21,746 - 3 - INFO - **********JUDGER**********
玩家1说：这个水果通常很大，圆形，皮是绿色的，里面是红色的果肉，非常甜美多汁。在所有水果中，它可能是最常见于夏季的。玩家2说：这种水果通常很大，皮绿肉红，汁多甜度高，夏季尤为常见。它在同类水果中以其独特的甜味和丰富的水分而著称。玩家3说：这种水果体积较大，果实呈圆形，外皮绿色，内部肉质鲜红，甜度高，多汁。在同类水果中，它以独特的气味和口感而著称。玩家4说：||在这个游戏中，我们需要通过分析每位玩家的描述来找出卧底。通常，平民的描述会围绕相同的词语展开，而卧底的描述可能会因为词语的不同而显得不太一致。我们需要仔细比较每个描述之间的相似性和差异性，以找出可能的卧底，注意，卧底并不会隐藏自己，他会直接描述他的词语，现在，逐一分析每个玩家的描述，注意，这局游戏的词语分类为<水果>，卧底词和平民词都属于该类。这是第一轮描述。
2024-12-13 11:07:27,757 - 3 - INFO - **********PLAYER3**********
好的，根据玩家1、玩家2和玩家3的描述，他们都在描述一种体积较大、果实圆形、外皮绿色、内部肉质鲜红、甜度高、多汁的水果，且在夏季尤为常见。这种水果的甜味和水分含量是其显著特点。

玩家4的描述中提到了卧底识别的规则和游戏的目标，并没有提供关于关键词的具体描述。因此，从描述内容来看，玩家4的描述与其他三位玩家的描述在内容上没有重叠，这可能会引起怀疑，因为平民的描述通常会围绕相同的词语展开。

综上所述，玩家4的描述与其他三位玩家相比显得异常，他可能是在引导大家注意卧底的识别方法，而不是直接描述他的关键词。因此，玩家4可能是卧底。
2024-12-13 11:07:27,758 - 3 - INFO - **********JUDGER**********
你刚刚的分析是好的，根据玩家1、玩家2和玩家3的描述，他们都在描述一种体积较大、果实圆形、外皮绿色、内部肉质鲜红、甜度高、多汁的水果，且在夏季尤为常见。这种水果的甜味和水分含量是其显著特点。

玩家4的描述中提到了卧底识别的规则和游戏的目标，并没有提供关于关键词的具体描述。因此，从描述内容来看，玩家4的描述与其他三位玩家的描述在内容上没有重叠，这可能会引起怀疑，因为平民的描述通常会围绕相同的词语展开。

综上所述，玩家4的描述与其他三位玩家相比显得异常，他可能是在引导大家注意卧底的识别方法，而不是直接描述他的关键词。因此，玩家4可能是卧底。|| `请根据上述分析，比较描述以找出不一致之处，注意，这局游戏的词语分类为<水果>，卧底词和平民词都属于该类。
2024-12-13 11:07:32,191 - 3 - INFO - **********PLAYER3**********
根据上述分析，我们可以比较四位玩家的描述，寻找不一致之处：

1. 玩家1、玩家2和玩家3的描述都集中在描述一种特定类型的水果，特点是体积大、圆形、外皮绿色、内部肉质鲜红、甜度高、多汁，且在夏季常见。

2. 玩家4的描述没有提供具体的水果特征，而是强调了游戏规则和目标，这与其他三位玩家的描述直接描述水果特征的方式不同。

不一致之处在于：
- 玩家4的描述没有提供关于水果的具体特征，而其他三位玩家都详细描述了水果的外观和味道特征。
- 玩家4的描述似乎在引导游戏过程，而不是参与描述关键词，这与其他三位玩家的参与方式不同。

因此，玩家4的描述与其他三位玩家在内容和参与方式上存在明显的不一致，这可能是识别卧底的关键线索。
2024-12-13 11:07:32,193 - 3 - INFO - **********JUDGER**********
你刚刚的分析是根据上述分析，我们可以比较四位玩家的描述，寻找不一致之处：

1. 玩家1、玩家2和玩家3的描述都集中在描述一种特定类型的水果，特点是体积大、圆形、外皮绿色、内部肉质鲜红、甜度高、多汁，且在夏季常见。

2. 玩家4的描述没有提供具体的水果特征，而是强调了游戏规则和目标，这与其他三位玩家的描述直接描述水果特征的方式不同。

不一致之处在于：
- 玩家4的描述没有提供关于水果的具体特征，而其他三位玩家都详细描述了水果的外观和味道特征。
- 玩家4的描述似乎在引导游戏过程，而不是参与描述关键词，这与其他三位玩家的参与方式不同。

因此，玩家4的描述与其他三位玩家在内容和参与方式上存在明显的不一致，这可能是识别卧底的关键线索。|| 请通过你分析的不一致之处，推断卧底身份，注意，这局游戏的词语分类为<水果>，卧底词和平民词都属于该类。
2024-12-13 11:07:38,077 - 3 - INFO - **********PLAYER3**********
基于上述分析的不一致之处，我们可以推断以下信息：

1. 玩家4的描述没有提供具体的水果特征，而是转而解释了游戏规则和目标。这表明玩家4可能没有直接参与描述游戏中的水果关键词。

2. 玩家1、玩家2和玩家3的描述都符合同一类水果的普遍特征，即体积大、圆形、外皮绿色、内部肉质鲜红、甜度高、多汁，且在夏季常见。

3. 在《谁是卧底》游戏中，卧底通常会使用与平民相同的词语类别，但描述时会因为词语的不同而显得不一致。

考虑到这些信息，玩家4可能是卧底，因为他没有提供关于水果的具体描述，而是引导了游戏的规则分析。这与其他三位玩家直接描述水果特征的参与方式形成鲜明对比。因此，根据描述的不一致性和游戏规则，玩家4很可能是卧底。
2024-12-13 11:07:38,079 - 3 - INFO - **********JUDGER**********
你刚刚的推断是基于上述分析的不一致之处，我们可以推断以下信息：

1. 玩家4的描述没有提供具体的水果特征，而是转而解释了游戏规则和目标。这表明玩家4可能没有直接参与描述游戏中的水果关键词。

2. 玩家1、玩家2和玩家3的描述都符合同一类水果的普遍特征，即体积大、圆形、外皮绿色、内部肉质鲜红、甜度高、多汁，且在夏季常见。

3. 在《谁是卧底》游戏中，卧底通常会使用与平民相同的词语类别，但描述时会因为词语的不同而显得不一致。

考虑到这些信息，玩家4可能是卧底，因为他没有提供关于水果的具体描述，而是引导了游戏的规则分析。这与其他三位玩家直接描述水果特征的参与方式形成鲜明对比。因此，根据描述的不一致性和游戏规则，玩家4很可能是卧底。|| 基于你刚刚的推断得出你的最终结论，请输出你认为的卧底，在这种情况下只需要输出编号，是1-4中的某个数字，不要输出其他信息。在这个过程不要进行任何推理，只对||以前的部分进行信息提取
2024-12-13 11:07:41,668 - 3 - INFO - **********PLAYER3**********
4
2024-12-13 11:08:06,414 - 3 - INFO - **********JUDGER**********
玩家1说：这个水果通常很大，圆形，皮是绿色的，里面是红色的果肉，非常甜美多汁。在所有水果中，它可能是最常见于夏季的。这种水果在炎热的夏季尤其受欢迎，它的外皮光滑，颜色鲜绿，切开时内部的肉质呈现出鲜艳的红色，每一口都能感受到它那令人陶醉的甜味和清新的汁液。它不仅是消暑佳品，而且在同类水果中以其独特的风味和清凉感而闻名。玩家2说：这种水果通常很大，皮绿肉红，汁多甜度高，夏季尤为常见。它在同类水果中以其独特的甜味和丰富的水分而著称。这种水果在炎热的夏季特别受欢迎，它的外皮光滑，颜色鲜绿，内部肉质呈现出鲜艳的红色，每一口都能感受到它那令人陶醉的甜味和清新的汁液。它的体积通常较大，是同类水果中甜度最高的之一，而且它的口感清爽，非常适合消暑。玩家3说：这种水果体积较大，果实呈圆形，外皮绿色，内部肉质鲜红，甜度高，多汁。在同类水果中，它以独特的气味和口感而著称。玩家4说：这种水果是夏季常见的，体积较大，外皮通常是绿色的，内部肉质鲜红多汁，甜度高。它在同类水果中最突出的不同特征是它独特的口感和甜度。你是第3号玩家，你的关键词是<榴莲>。你的回答中绝对不能包含你的关键词<榴莲>。这是第二轮描述，你之前的描述是这种水果体积较大，果实呈圆形，外皮绿色，内部肉质鲜红，甜度高，多汁。在同类水果中，它以独特的气味和口感而著称。，注意，这局游戏的词语分类为<水果>，卧底词和平民词都属于该类，请你补充关于关键词的描述，注意，你的描述应该比起之前的描述更加贴近关键词，作为之前的补充
2024-12-13 11:08:09,192 - 3 - INFO - **********PLAYER3**********
这种水果在同类中体积较大，外皮呈绿色，内部肉质鲜红且多汁，甜度高。它以其强烈的特殊气味而闻名，这种气味在水果中非常独特，让它在众多水果中脱颖而出。它的口感浓郁，尽管对于不习惯的人来说可能难以接受，但对于喜欢它的人来说，它的风味是无法替代的。
2024-12-13 11:08:50,920 - 3 - INFO - **********JUDGER**********
玩家1说：这个水果通常很大，圆形，皮是绿色的，里面是红色的果肉，非常甜美多汁。在所有水果中，它可能是最常见于夏季的。这种水果在炎热的夏季尤其受欢迎，它的外皮光滑，颜色鲜绿，切开时内部的肉质呈现出鲜艳的红色，每一口都能感受到它那令人陶醉的甜味和清新的汁液。它不仅是消暑佳品，而且在同类水果中以其独特的风味和清凉感而闻名。玩家2说：这种水果通常很大，皮绿肉红，汁多甜度高，夏季尤为常见。它在同类水果中以其独特的甜味和丰富的水分而著称。这种水果在炎热的夏季特别受欢迎，它的外皮光滑，颜色鲜绿，内部肉质呈现出鲜艳的红色，每一口都能感受到它那令人陶醉的甜味和清新的汁液。它的体积通常较大，是同类水果中甜度最高的之一，而且它的口感清爽，非常适合消暑。玩家3说：这种水果体积较大，果实呈圆形，外皮绿色，内部肉质鲜红，甜度高，多汁。在同类水果中，它以独特的气味和口感而著称。这种水果在同类中体积较大，外皮呈绿色，内部肉质鲜红且多汁，甜度高。它以其强烈的特殊气味而闻名，这种气味在水果中非常独特，让它在众多水果中脱颖而出。它的口感浓郁，尽管对于不习惯的人来说可能难以接受，但对于喜欢它的人来说，它的风味是无法替代的。玩家4说：这种水果是夏季常见的，体积较大，外皮通常是绿色的，内部肉质鲜红多汁，甜度高。它在同类水果中最突出的不同特征是它独特的口感和甜度。||在这个游戏中，我们需要通过分析每位玩家的描述来找出卧底。通常，平民的描述会围绕相同的词语展开，而卧底的描述可能会因为词语的不同而显得不太一致。我们需要仔细比较每个描述之间的相似性和差异性，以找出可能的卧底，注意，卧底并不会隐藏自己，他会直接描述他的词语，现在，逐一分析每个玩家的描述，注意，这局游戏的词语分类为<水果>，卧底词和平民词都属于该类。||之前是第2轮描述和之前轮数描述的合集。你之前认为的卧底是玩家4。
2024-12-13 11:08:52,276 - 3 - INFO - **********PLAYER3**********
玩家4
2024-12-13 11:08:52,276 - 3 - INFO - **********JUDGER**********
你刚刚的分析是玩家4|| `请根据上述分析，比较描述以找出不一致之处，注意，这局游戏的词语分类为<水果>，卧底词和平民词都属于该类。
2024-12-13 11:08:57,446 - 3 - INFO - **********PLAYER3**********
在比较四位玩家的描述时，我们可以注意到以下不一致之处：

1. 玩家1、玩家2和玩家3的描述都强调了水果的体积较大、外皮绿色、内部肉质鲜红、甜度高、多汁，以及夏季常见和具有独特的风味或气味。

2. 玩家4的描述也提到了体积较大、外皮绿色、内部肉质鲜红、甜度高，以及夏季常见，但特别强调了水果的“独特的口感和甜度”。

不一致之处在于：

- 玩家4的描述中提到了“独特的口感”，而其他三位玩家没有特别强调这一点。
- 玩家4的描述中提到了“甜度”，但没有像其他玩家那样详细描述甜味的程度和与清凉感的关系。

这些细微的差别可能表明玩家4的描述与平民的描述存在微妙的差异，尤其是在描述水果的独特特性时。这种不一致可能是识别卧底的关键。
2024-12-13 11:08:57,449 - 3 - INFO - **********JUDGER**********
你刚刚的分析是在比较四位玩家的描述时，我们可以注意到以下不一致之处：

1. 玩家1、玩家2和玩家3的描述都强调了水果的体积较大、外皮绿色、内部肉质鲜红、甜度高、多汁，以及夏季常见和具有独特的风味或气味。

2. 玩家4的描述也提到了体积较大、外皮绿色、内部肉质鲜红、甜度高，以及夏季常见，但特别强调了水果的“独特的口感和甜度”。

不一致之处在于：

- 玩家4的描述中提到了“独特的口感”，而其他三位玩家没有特别强调这一点。
- 玩家4的描述中提到了“甜度”，但没有像其他玩家那样详细描述甜味的程度和与清凉感的关系。

这些细微的差别可能表明玩家4的描述与平民的描述存在微妙的差异，尤其是在描述水果的独特特性时。这种不一致可能是识别卧底的关键。|| 请通过你分析的不一致之处，推断卧底身份，注意，这局游戏的词语分类为<水果>，卧底词和平民词都属于该类。
2024-12-13 11:09:08,727 - 3 - INFO - **********PLAYER3**********
基于上述分析，如果需要推断卧底身份，我们可以考虑以下几点：

1. 玩家4的描述中特别提到了“独特的口感和甜度”，这一点在其他玩家的描述中没有得到强调。

2. 玩家4的描述没有像其他玩家那样详细描述甜味的程度和与清凉感的关系。

3. 玩家4的描述中提到的“独特的口感”可能暗示了某种水果的特定特征，而其他玩家可能没有注意到这一点或者故意避免了这样的描述。

基于这些观察，如果需要推断卧底身份，玩家4可能是卧底，因为他的描述在某些细节上与其他玩家有所不同。因此，卧底身份可能是玩家4。
2024-12-13 11:09:08,728 - 3 - INFO - **********JUDGER**********
你刚刚的推断是基于上述分析，如果需要推断卧底身份，我们可以考虑以下几点：

1. 玩家4的描述中特别提到了“独特的口感和甜度”，这一点在其他玩家的描述中没有得到强调。

2. 玩家4的描述没有像其他玩家那样详细描述甜味的程度和与清凉感的关系。

3. 玩家4的描述中提到的“独特的口感”可能暗示了某种水果的特定特征，而其他玩家可能没有注意到这一点或者故意避免了这样的描述。

基于这些观察，如果需要推断卧底身份，玩家4可能是卧底，因为他的描述在某些细节上与其他玩家有所不同。因此，卧底身份可能是玩家4。|| 基于你刚刚的推断得出你的最终结论，请输出你认为的卧底，在这种情况下只需要输出编号，是1-4中的某个数字，不要输出其他信息。在这个过程不要进行任何推理，只对||以前的部分进行信息提取
2024-12-13 11:09:09,341 - 3 - INFO - **********PLAYER3**********
4
2024-12-13 11:09:26,790 - 3 - INFO - **********JUDGER**********
玩家1说：这个水果通常很大，圆形，皮是绿色的，里面是红色的果肉，非常甜美多汁。在所有水果中，它可能是最常见于夏季的。这种水果在炎热的夏季尤其受欢迎，它的外皮光滑，颜色鲜绿，切开时内部的肉质呈现出鲜艳的红色，每一口都能感受到它那令人陶醉的甜味和清新的汁液。它不仅是消暑佳品，而且在同类水果中以其独特的风味和清凉感而闻名。这种水果在炎热的夏季被广泛喜爱，它的外表光滑，皮色鲜绿，切开后果肉呈现出诱人的红色，每一口都充满了清甜的汁液。它不仅是消暑解渴的好选择，而且其独特的口感和甜度在同类水果中独树一帜。玩家2说：这种水果通常很大，皮绿肉红，汁多甜度高，夏季尤为常见。它在同类水果中以其独特的甜味和丰富的水分而著称。这种水果在炎热的夏季特别受欢迎，它的外皮光滑，颜色鲜绿，内部肉质呈现出鲜艳的红色，每一口都能感受到它那令人陶醉的甜味和清新的汁液。它的体积通常较大，是同类水果中甜度最高的之一，而且它的口感清爽，非常适合消暑。这种水果以其清爽的口感和甜度著称，尤其在炎热的夏季，它成为了消暑解渴的佳选。它的外皮光滑，呈现出诱人的鲜绿色，而内部的肉质则呈现出鲜艳的红色，每一口都能带来清甜的汁液。这种水果在同类水果中以其独特的风味和清凉感而闻名，是夏季最受欢迎的水果之一。玩家3说：这种水果体积较大，果实呈圆形，外皮绿色，内部肉质鲜红，甜度高，多汁。在同类水果中，它以独特的气味和口感而著称。这种水果在同类中体积较大，外皮呈绿色，内部肉质鲜红且多汁，甜度高。它以其强烈的特殊气味而闻名，这种气味在水果中非常独特，让它在众多水果中脱颖而出。它的口感浓郁，尽管对于不习惯的人来说可能难以接受，但对于喜欢它的人来说，它的风味是无法替代的。玩家4说：这种水果是夏季常见的，体积较大，外皮通常是绿色的，内部肉质鲜红多汁，甜度高。它在同类水果中最突出的不同特征是它独特的口感和甜度。这种水果在炎热的夏季尤其受欢迎，它的外皮光滑，颜色鲜绿，内部肉质呈现出鲜艳的红色，每一口都能感受到它那令人陶醉的甜味和清新的汁液。它不仅是消暑佳品，而且在同类水果中以其独特的风味和清凉感而闻名。它的体积通常较大，是同类水果中甜度最高的之一，而且它的口感清爽，非常适合消暑。你是第3号玩家，你的关键词是<榴莲>。你的回答中绝对不能包含你的关键词<榴莲>。这是第三轮描述，你之前的描述是这种水果体积较大，果实呈圆形，外皮绿色，内部肉质鲜红，甜度高，多汁。在同类水果中，它以独特的气味和口感而著称。和这种水果在同类中体积较大，外皮呈绿色，内部肉质鲜红且多汁，甜度高。它以其强烈的特殊气味而闻名，这种气味在水果中非常独特，让它在众多水果中脱颖而出。它的口感浓郁，尽管对于不习惯的人来说可能难以接受，但对于喜欢它的人来说，它的风味是无法替代的。，注意，这局游戏的词语分类为<水果>，卧底词和平民词都属于该类，请你补充关于关键词的描述，注意，你的描述应该比起之前的描述更加贴近关键词，作为之前的补充
2024-12-13 11:09:30,502 - 3 - INFO - **********PLAYER3**********
这种水果体积较大，果实呈圆形，外皮为鲜艳的绿色，内部肉质呈现出诱人的红色。它以其独特的浓郁香气和甜美的口感而著称，甜度高，多汁。这种水果在同类水果中以其鲜明的特性和丰富的营养而受到喜爱。它的口感浓郁，适合在炎热的夏季食用，既能消暑解渴，又能带来愉悦的味觉享受。
2024-12-13 11:10:08,066 - 3 - INFO - **********JUDGER**********
玩家1说：这个水果通常很大，圆形，皮是绿色的，里面是红色的果肉，非常甜美多汁。在所有水果中，它可能是最常见于夏季的。这种水果在炎热的夏季尤其受欢迎，它的外皮光滑，颜色鲜绿，切开时内部的肉质呈现出鲜艳的红色，每一口都能感受到它那令人陶醉的甜味和清新的汁液。它不仅是消暑佳品，而且在同类水果中以其独特的风味和清凉感而闻名。这种水果在炎热的夏季被广泛喜爱，它的外表光滑，皮色鲜绿，切开后果肉呈现出诱人的红色，每一口都充满了清甜的汁液。它不仅是消暑解渴的好选择，而且其独特的口感和甜度在同类水果中独树一帜。玩家2说：这种水果通常很大，皮绿肉红，汁多甜度高，夏季尤为常见。它在同类水果中以其独特的甜味和丰富的水分而著称。这种水果在炎热的夏季特别受欢迎，它的外皮光滑，颜色鲜绿，内部肉质呈现出鲜艳的红色，每一口都能感受到它那令人陶醉的甜味和清新的汁液。它的体积通常较大，是同类水果中甜度最高的之一，而且它的口感清爽，非常适合消暑。这种水果以其清爽的口感和甜度著称，尤其在炎热的夏季，它成为了消暑解渴的佳选。它的外皮光滑，呈现出诱人的鲜绿色，而内部的肉质则呈现出鲜艳的红色，每一口都能带来清甜的汁液。这种水果在同类水果中以其独特的风味和清凉感而闻名，是夏季最受欢迎的水果之一。玩家3说：这种水果体积较大，果实呈圆形，外皮绿色，内部肉质鲜红，甜度高，多汁。在同类水果中，它以独特的气味和口感而著称。这种水果在同类中体积较大，外皮呈绿色，内部肉质鲜红且多汁，甜度高。它以其强烈的特殊气味而闻名，这种气味在水果中非常独特，让它在众多水果中脱颖而出。它的口感浓郁，尽管对于不习惯的人来说可能难以接受，但对于喜欢它的人来说，它的风味是无法替代的。这种水果体积较大，果实呈圆形，外皮为鲜艳的绿色，内部肉质呈现出诱人的红色。它以其独特的浓郁香气和甜美的口感而著称，甜度高，多汁。这种水果在同类水果中以其鲜明的特性和丰富的营养而受到喜爱。它的口感浓郁，适合在炎热的夏季食用，既能消暑解渴，又能带来愉悦的味觉享受。玩家4说：这种水果是夏季常见的，体积较大，外皮通常是绿色的，内部肉质鲜红多汁，甜度高。它在同类水果中最突出的不同特征是它独特的口感和甜度。这种水果在炎热的夏季尤其受欢迎，它的外皮光滑，颜色鲜绿，内部肉质呈现出鲜艳的红色，每一口都能感受到它那令人陶醉的甜味和清新的汁液。它不仅是消暑佳品，而且在同类水果中以其独特的风味和清凉感而闻名。它的体积通常较大，是同类水果中甜度最高的之一，而且它的口感清爽，非常适合消暑。这种水果是夏季的清凉代表，其甜度高，汁液丰富，能够带来清凉的口感。它的外皮光滑，呈现出诱人的鲜绿色，内部肉质呈现出鲜艳的红色，每一口都能感受到清甜的汁液。这种水果不仅是消暑解渴的好选择，而且在同类水果中以其独特的风味和清凉感而闻名。||在这个游戏中，我们需要通过分析每位玩家的描述来找出卧底。通常，平民的描述会围绕相同的词语展开，而卧底的描述可能会因为词语的不同而显得不太一致。我们需要仔细比较每个描述之间的相似性和差异性，以找出可能的卧底，注意，卧底并不会隐藏自己，他会直接描述他的词语，现在，逐一分析每个玩家的描述，注意，这局游戏的词语分类为<水果>，卧底词和平民词都属于该类。||之前是第3轮描述和之前轮数描述的合集。你之前认为的卧底是玩家4。
2024-12-13 11:10:09,546 - 3 - INFO - **********PLAYER3**********
玩家4
2024-12-13 11:10:09,549 - 3 - INFO - **********JUDGER**********
你刚刚的分析是玩家4|| `请根据上述分析，比较描述以找出不一致之处，注意，这局游戏的词语分类为<水果>，卧底词和平民词都属于该类。
2024-12-13 11:10:17,582 - 3 - INFO - **********PLAYER3**********
在比较四位玩家的描述时，我们可以注意到以下不一致之处：

1. 玩家1、玩家2和玩家3的描述都强调了水果的体积较大、外皮绿色、内部肉质鲜红、甜度高、多汁，以及夏季常见和具有独特的风味或气味。

2. 玩家4的描述与上述特征相似，但特别强调了水果的“独特的口感和甜度”，这一点在其他玩家的描述中也有所提及，但玩家4的描述中似乎更加突出。

3. 玩家4的描述中多次提到“它的体积通常较大”，而其他玩家在描述中对此没有如此强调。

4. 玩家4的描述中提到“它的外皮光滑，颜色鲜绿”，这一点在其他玩家的描述中也有提及，但没有玩家4那样频繁。

5. 玩家4的描述中提到“每一口都能感受到它那令人陶醉的甜味和清新的汁液”，这一点在其他玩家的描述中也有所体现，但玩家4的描述中这种感受的描述更为强烈。

这些细微的差异可能表明玩家4的描述在强调某些特征时与其他玩家有所不同，这可能是识别卧底的关键。
2024-12-13 11:10:17,585 - 3 - INFO - **********JUDGER**********
你刚刚的分析是在比较四位玩家的描述时，我们可以注意到以下不一致之处：

1. 玩家1、玩家2和玩家3的描述都强调了水果的体积较大、外皮绿色、内部肉质鲜红、甜度高、多汁，以及夏季常见和具有独特的风味或气味。

2. 玩家4的描述与上述特征相似，但特别强调了水果的“独特的口感和甜度”，这一点在其他玩家的描述中也有所提及，但玩家4的描述中似乎更加突出。

3. 玩家4的描述中多次提到“它的体积通常较大”，而其他玩家在描述中对此没有如此强调。

4. 玩家4的描述中提到“它的外皮光滑，颜色鲜绿”，这一点在其他玩家的描述中也有提及，但没有玩家4那样频繁。

5. 玩家4的描述中提到“每一口都能感受到它那令人陶醉的甜味和清新的汁液”，这一点在其他玩家的描述中也有所体现，但玩家4的描述中这种感受的描述更为强烈。

这些细微的差异可能表明玩家4的描述在强调某些特征时与其他玩家有所不同，这可能是识别卧底的关键。|| 请通过你分析的不一致之处，推断卧底身份，注意，这局游戏的词语分类为<水果>，卧底词和平民词都属于该类。
2024-12-13 11:10:18,963 - 3 - INFO - **********PLAYER3**********
4
2024-12-13 11:10:18,964 - 3 - INFO - **********JUDGER**********
你刚刚的推断是4|| 基于你刚刚的推断得出你的最终结论，请输出你认为的卧底，在这种情况下只需要输出编号，是1-4中的某个数字，不要输出其他信息。在这个过程不要进行任何推理，只对||以前的部分进行信息提取
2024-12-13 11:10:20,228 - 3 - INFO - **********PLAYER3**********
4
