2024-12-13 11:06:31,872 - 4 - INFO - **********JUDGER**********
让我们来玩一个叫做<谁是卧底>的推理游戏。基本规则：<人数>：4人。<角色分配>：每位玩家随机抽取一个词语，3名玩家拿到的词语是相同的（平民词），1名玩家拿到与之相近但不同的词语（卧底词）。<游戏流程>：1、玩家轮流描述自己的词语，但<不能>直接说出词语本身。2、描述完毕后，投票选出最像卧底的玩家。3、每轮结束后，被投票选出的玩家出局，不能再进行描述或投票。4、每轮投票结束后，如果卧底被成功找出，平民方获胜；如果卧底未被找出且卧底人数等于或超过平民人数，则卧底方获胜。你将扮演一个<玩家>，请等待你被分配到的关键词。如果你听懂了，只回答，"好的，我准备好参加游戏了"，不要输出别的信息
2024-12-13 11:06:32,485 - 4 - INFO - **********PLAYER4**********
好的，我准备好参加游戏了
2024-12-13 11:06:39,154 - 4 - INFO - **********JUDGER**********
玩家1说：这个水果通常很大，圆形，皮是绿色的，里面是红色的果肉，非常甜美多汁。在所有水果中，它可能是最常见于夏季的。玩家2说：这种水果通常很大，皮绿肉红，汁多甜度高，夏季尤为常见。它在同类水果中以其独特的甜味和丰富的水分而著称。玩家3说：这种水果体积较大，果实呈圆形，外皮绿色，内部肉质鲜红，甜度高，多汁。在同类水果中，它以独特的气味和口感而著称。玩家4说：|| 你是第4号玩家，你的关键词是<西瓜>。你的回答中绝对不能包含你的关键词<西瓜>。这是第一轮描述，不需要分析||之前别的玩家的描述，请你描述关键词基本特征，注意，这局游戏的词语分类为<水果>，卧底词和平民词都属于该类，描述包括以下两点，1.他的基本特征是什么2.他在该类（水果）中最突出不同的特征是什么，尽量简短
2024-12-13 11:06:42,408 - 4 - INFO - **********PLAYER4**********
这种水果是夏季常见的，体积较大，外皮通常是绿色的，内部肉质鲜红多汁，甜度高。它在同类水果中最突出的不同特征是它独特的口感和甜度。
2024-12-13 11:07:41,669 - 4 - INFO - **********JUDGER**********
玩家1说：这个水果通常很大，圆形，皮是绿色的，里面是红色的果肉，非常甜美多汁。在所有水果中，它可能是最常见于夏季的。玩家2说：这种水果通常很大，皮绿肉红，汁多甜度高，夏季尤为常见。它在同类水果中以其独特的甜味和丰富的水分而著称。玩家3说：这种水果体积较大，果实呈圆形，外皮绿色，内部肉质鲜红，甜度高，多汁。在同类水果中，它以独特的气味和口感而著称。玩家4说：||在这个游戏中，我们需要通过分析每位玩家的描述来找出卧底。通常，平民的描述会围绕相同的词语展开，而卧底的描述可能会因为词语的不同而显得不太一致。我们需要仔细比较每个描述之间的相似性和差异性，以找出可能的卧底，注意，卧底并不会隐藏自己，他会直接描述他的词语，现在，逐一分析每个玩家的描述，注意，这局游戏的词语分类为<水果>，卧底词和平民词都属于该类。这是第一轮描述。
2024-12-13 11:07:46,213 - 4 - INFO - **********PLAYER4**********
根据玩家1、玩家2和玩家3的描述，他们都在描述一个体积较大、圆形、外皮绿色、内部肉质鲜红、甜度高、多汁的水果，且在夏季尤为常见。这些描述非常相似，都指向了同一个水果――西瓜。

然而，玩家3的描述中提到了“独特的气味和口感”，这与其他玩家的描述有所不同，因为西瓜的甜味和汁多已经被多次提及，而气味和口感通常是更主观的描述，不太可能成为共识。

因此，根据描述的相似性和差异性，玩家3的描述可能有所不同，他可能是卧底。
2024-12-13 11:07:46,218 - 4 - INFO - **********JUDGER**********
你刚刚的分析是根据玩家1、玩家2和玩家3的描述，他们都在描述一个体积较大、圆形、外皮绿色、内部肉质鲜红、甜度高、多汁的水果，且在夏季尤为常见。这些描述非常相似，都指向了同一个水果――西瓜。

然而，玩家3的描述中提到了“独特的气味和口感”，这与其他玩家的描述有所不同，因为西瓜的甜味和汁多已经被多次提及，而气味和口感通常是更主观的描述，不太可能成为共识。

因此，根据描述的相似性和差异性，玩家3的描述可能有所不同，他可能是卧底。|| `请根据上述分析，比较描述以找出不一致之处，注意，这局游戏的词语分类为<水果>，卧底词和平民词都属于该类。
2024-12-13 11:07:51,956 - 4 - INFO - **********PLAYER4**********
根据上述分析，我们可以比较描述中的一致性和不一致性如下：

一致性：
- 所有玩家都描述了水果的体积较大、圆形、外皮绿色、内部肉质鲜红、甜度高、多汁，以及夏季常见。

不一致性：
- 玩家3的描述中特别提到了“独特的气味和口感”，而其他玩家没有提到这一点。通常，气味和口感是较为主观的特征，不太可能成为描述中的一致点，尤其是在描述一个普遍认可的水果特征时。

结论：
- 玩家3的描述中的“独特的气味和口感”可能是一个不一致之处，这可能是他作为卧底试图引入的差异性特征，以混淆判断。因此，玩家3的描述可能暗示他持有的词语与玩家1、玩家2的词语有所不同，可能是卧底。
2024-12-13 11:07:51,958 - 4 - INFO - **********JUDGER**********
你刚刚的分析是根据上述分析，我们可以比较描述中的一致性和不一致性如下：

一致性：
- 所有玩家都描述了水果的体积较大、圆形、外皮绿色、内部肉质鲜红、甜度高、多汁，以及夏季常见。

不一致性：
- 玩家3的描述中特别提到了“独特的气味和口感”，而其他玩家没有提到这一点。通常，气味和口感是较为主观的特征，不太可能成为描述中的一致点，尤其是在描述一个普遍认可的水果特征时。

结论：
- 玩家3的描述中的“独特的气味和口感”可能是一个不一致之处，这可能是他作为卧底试图引入的差异性特征，以混淆判断。因此，玩家3的描述可能暗示他持有的词语与玩家1、玩家2的词语有所不同，可能是卧底。|| 请通过你分析的不一致之处，推断卧底身份，注意，这局游戏的词语分类为<水果>，卧底词和平民词都属于该类。
2024-12-13 11:07:58,993 - 4 - INFO - **********PLAYER4**********
基于分析中提到的不一致之处，即玩家3在描述中提到了“独特的气味和口感”，而其他玩家没有提及这一点，我们可以推断以下几点：

1. 玩家3的描述中包含了一个与其他玩家描述不一致的特征，这可能是他作为卧底试图引入的，以区别于其他平民玩家。

2. 由于所有玩家都在描述一个夏季常见、体积较大、圆形、外皮绿色、内部肉质鲜红、甜度高、多汁的水果，这些特征非常符合西瓜的描述。

3. 玩家3提到的“独特的气味和口感”并不是西瓜的普遍特征，因此，如果他确实是卧底，那么他可能持有的词语不是西瓜，而是另一种在气味或口感上有明显不同特征的水果。

考虑到这些信息，如果词语分类为<水果>，且卧底词和平民词都属于该类，那么玩家3可能是卧底，因为他描述的特征与其他玩家描述的水果特征不一致。然而，由于没有具体的其他水果被提及，我们无法确定玩家3的卧底词是什么，只能推断他持有的不是西瓜。其他玩家可能持有的平民词是西瓜。
2024-12-13 11:07:58,995 - 4 - INFO - **********JUDGER**********
你刚刚的推断是基于分析中提到的不一致之处，即玩家3在描述中提到了“独特的气味和口感”，而其他玩家没有提及这一点，我们可以推断以下几点：

1. 玩家3的描述中包含了一个与其他玩家描述不一致的特征，这可能是他作为卧底试图引入的，以区别于其他平民玩家。

2. 由于所有玩家都在描述一个夏季常见、体积较大、圆形、外皮绿色、内部肉质鲜红、甜度高、多汁的水果，这些特征非常符合西瓜的描述。

3. 玩家3提到的“独特的气味和口感”并不是西瓜的普遍特征，因此，如果他确实是卧底，那么他可能持有的词语不是西瓜，而是另一种在气味或口感上有明显不同特征的水果。

考虑到这些信息，如果词语分类为<水果>，且卧底词和平民词都属于该类，那么玩家3可能是卧底，因为他描述的特征与其他玩家描述的水果特征不一致。然而，由于没有具体的其他水果被提及，我们无法确定玩家3的卧底词是什么，只能推断他持有的不是西瓜。其他玩家可能持有的平民词是西瓜。|| 基于你刚刚的推断得出你的最终结论，请输出你认为的卧底，在这种情况下只需要输出编号，是1-4中的某个数字，不要输出其他信息。在这个过程不要进行任何推理，只对||以前的部分进行信息提取
2024-12-13 11:07:59,417 - 4 - INFO - **********PLAYER4**********
3
2024-12-13 11:08:09,193 - 4 - INFO - **********JUDGER**********
玩家1说：这个水果通常很大，圆形，皮是绿色的，里面是红色的果肉，非常甜美多汁。在所有水果中，它可能是最常见于夏季的。这种水果在炎热的夏季尤其受欢迎，它的外皮光滑，颜色鲜绿，切开时内部的肉质呈现出鲜艳的红色，每一口都能感受到它那令人陶醉的甜味和清新的汁液。它不仅是消暑佳品，而且在同类水果中以其独特的风味和清凉感而闻名。玩家2说：这种水果通常很大，皮绿肉红，汁多甜度高，夏季尤为常见。它在同类水果中以其独特的甜味和丰富的水分而著称。这种水果在炎热的夏季特别受欢迎，它的外皮光滑，颜色鲜绿，内部肉质呈现出鲜艳的红色，每一口都能感受到它那令人陶醉的甜味和清新的汁液。它的体积通常较大，是同类水果中甜度最高的之一，而且它的口感清爽，非常适合消暑。玩家3说：这种水果体积较大，果实呈圆形，外皮绿色，内部肉质鲜红，甜度高，多汁。在同类水果中，它以独特的气味和口感而著称。这种水果在同类中体积较大，外皮呈绿色，内部肉质鲜红且多汁，甜度高。它以其强烈的特殊气味而闻名，这种气味在水果中非常独特，让它在众多水果中脱颖而出。它的口感浓郁，尽管对于不习惯的人来说可能难以接受，但对于喜欢它的人来说，它的风味是无法替代的。玩家4说：这种水果是夏季常见的，体积较大，外皮通常是绿色的，内部肉质鲜红多汁，甜度高。它在同类水果中最突出的不同特征是它独特的口感和甜度。你是第4号玩家，你的关键词是<西瓜>。你的回答中绝对不能包含你的关键词<西瓜>。这是第二轮描述，你之前的描述是这种水果是夏季常见的，体积较大，外皮通常是绿色的，内部肉质鲜红多汁，甜度高。它在同类水果中最突出的不同特征是它独特的口感和甜度。，注意，这局游戏的词语分类为<水果>，卧底词和平民词都属于该类，请你补充关于关键词的描述，注意，你的描述应该比起之前的描述更加贴近关键词，作为之前的补充
2024-12-13 11:08:12,315 - 4 - INFO - **********PLAYER4**********
这种水果在炎热的夏季尤其受欢迎，它的外皮光滑，颜色鲜绿，内部肉质呈现出鲜艳的红色，每一口都能感受到它那令人陶醉的甜味和清新的汁液。它不仅是消暑佳品，而且在同类水果中以其独特的风味和清凉感而闻名。它的体积通常较大，是同类水果中甜度最高的之一，而且它的口感清爽，非常适合消暑。
2024-12-13 11:09:09,342 - 4 - INFO - **********JUDGER**********
玩家1说：这个水果通常很大，圆形，皮是绿色的，里面是红色的果肉，非常甜美多汁。在所有水果中，它可能是最常见于夏季的。这种水果在炎热的夏季尤其受欢迎，它的外皮光滑，颜色鲜绿，切开时内部的肉质呈现出鲜艳的红色，每一口都能感受到它那令人陶醉的甜味和清新的汁液。它不仅是消暑佳品，而且在同类水果中以其独特的风味和清凉感而闻名。玩家2说：这种水果通常很大，皮绿肉红，汁多甜度高，夏季尤为常见。它在同类水果中以其独特的甜味和丰富的水分而著称。这种水果在炎热的夏季特别受欢迎，它的外皮光滑，颜色鲜绿，内部肉质呈现出鲜艳的红色，每一口都能感受到它那令人陶醉的甜味和清新的汁液。它的体积通常较大，是同类水果中甜度最高的之一，而且它的口感清爽，非常适合消暑。玩家3说：这种水果体积较大，果实呈圆形，外皮绿色，内部肉质鲜红，甜度高，多汁。在同类水果中，它以独特的气味和口感而著称。这种水果在同类中体积较大，外皮呈绿色，内部肉质鲜红且多汁，甜度高。它以其强烈的特殊气味而闻名，这种气味在水果中非常独特，让它在众多水果中脱颖而出。它的口感浓郁，尽管对于不习惯的人来说可能难以接受，但对于喜欢它的人来说，它的风味是无法替代的。玩家4说：这种水果是夏季常见的，体积较大，外皮通常是绿色的，内部肉质鲜红多汁，甜度高。它在同类水果中最突出的不同特征是它独特的口感和甜度。||在这个游戏中，我们需要通过分析每位玩家的描述来找出卧底。通常，平民的描述会围绕相同的词语展开，而卧底的描述可能会因为词语的不同而显得不太一致。我们需要仔细比较每个描述之间的相似性和差异性，以找出可能的卧底，注意，卧底并不会隐藏自己，他会直接描述他的词语，现在，逐一分析每个玩家的描述，注意，这局游戏的词语分类为<水果>，卧底词和平民词都属于该类。||之前是第2轮描述和之前轮数描述的合集。你之前认为的卧底是玩家3。
2024-12-13 11:09:10,159 - 4 - INFO - **********PLAYER4**********
玩家3
2024-12-13 11:09:10,160 - 4 - INFO - **********JUDGER**********
你刚刚的分析是玩家3|| `请根据上述分析，比较描述以找出不一致之处，注意，这局游戏的词语分类为<水果>，卧底词和平民词都属于该类。
2024-12-13 11:09:16,881 - 4 - INFO - **********PLAYER4**********
根据上述分析，我们可以比较描述中的一致性和不一致性如下：

一致性：
- 所有玩家都描述了水果的体积较大、圆形、外皮绿色、内部肉质鲜红、甜度高、多汁，以及夏季常见。
- 所有玩家都提到了水果的外皮光滑，颜色鲜绿，内部肉质鲜艳的红色，以及甜味和清新的汁液。
- 所有玩家都强调了这种水果在夏季特别受欢迎，是消暑佳品。

不一致性：
- 玩家3的描述中特别提到了“独特的气味和口感”，以及“强烈的特殊气味”和“浓郁的口感”，这些特征在玩家1、玩家2和玩家4的描述中没有出现。
- 玩家3的描述中提到“尽管对于不习惯的人来说可能难以接受”，这暗示了这种水果的口感可能不是所有人都能接受的。

结论：
- 玩家3的描述中关于气味和口感的描述与其他玩家的描述不一致，这可能表明他持有的词语与西瓜的特征有所不同，因此玩家3可能是卧底。
2024-12-13 11:09:16,882 - 4 - INFO - **********JUDGER**********
你刚刚的分析是根据上述分析，我们可以比较描述中的一致性和不一致性如下：

一致性：
- 所有玩家都描述了水果的体积较大、圆形、外皮绿色、内部肉质鲜红、甜度高、多汁，以及夏季常见。
- 所有玩家都提到了水果的外皮光滑，颜色鲜绿，内部肉质鲜艳的红色，以及甜味和清新的汁液。
- 所有玩家都强调了这种水果在夏季特别受欢迎，是消暑佳品。

不一致性：
- 玩家3的描述中特别提到了“独特的气味和口感”，以及“强烈的特殊气味”和“浓郁的口感”，这些特征在玩家1、玩家2和玩家4的描述中没有出现。
- 玩家3的描述中提到“尽管对于不习惯的人来说可能难以接受”，这暗示了这种水果的口感可能不是所有人都能接受的。

结论：
- 玩家3的描述中关于气味和口感的描述与其他玩家的描述不一致，这可能表明他持有的词语与西瓜的特征有所不同，因此玩家3可能是卧底。|| 请通过你分析的不一致之处，推断卧底身份，注意，这局游戏的词语分类为<水果>，卧底词和平民词都属于该类。
2024-12-13 11:09:18,264 - 4 - INFO - **********PLAYER4**********
玩家3
2024-12-13 11:09:18,265 - 4 - INFO - **********JUDGER**********
你刚刚的推断是玩家3|| 基于你刚刚的推断得出你的最终结论，请输出你认为的卧底，在这种情况下只需要输出编号，是1-4中的某个数字，不要输出其他信息。在这个过程不要进行任何推理，只对||以前的部分进行信息提取
2024-12-13 11:09:19,133 - 4 - INFO - **********PLAYER4**********
3
2024-12-13 11:09:30,503 - 4 - INFO - **********JUDGER**********
玩家1说：这个水果通常很大，圆形，皮是绿色的，里面是红色的果肉，非常甜美多汁。在所有水果中，它可能是最常见于夏季的。这种水果在炎热的夏季尤其受欢迎，它的外皮光滑，颜色鲜绿，切开时内部的肉质呈现出鲜艳的红色，每一口都能感受到它那令人陶醉的甜味和清新的汁液。它不仅是消暑佳品，而且在同类水果中以其独特的风味和清凉感而闻名。这种水果在炎热的夏季被广泛喜爱，它的外表光滑，皮色鲜绿，切开后果肉呈现出诱人的红色，每一口都充满了清甜的汁液。它不仅是消暑解渴的好选择，而且其独特的口感和甜度在同类水果中独树一帜。玩家2说：这种水果通常很大，皮绿肉红，汁多甜度高，夏季尤为常见。它在同类水果中以其独特的甜味和丰富的水分而著称。这种水果在炎热的夏季特别受欢迎，它的外皮光滑，颜色鲜绿，内部肉质呈现出鲜艳的红色，每一口都能感受到它那令人陶醉的甜味和清新的汁液。它的体积通常较大，是同类水果中甜度最高的之一，而且它的口感清爽，非常适合消暑。这种水果以其清爽的口感和甜度著称，尤其在炎热的夏季，它成为了消暑解渴的佳选。它的外皮光滑，呈现出诱人的鲜绿色，而内部的肉质则呈现出鲜艳的红色，每一口都能带来清甜的汁液。这种水果在同类水果中以其独特的风味和清凉感而闻名，是夏季最受欢迎的水果之一。玩家3说：这种水果体积较大，果实呈圆形，外皮绿色，内部肉质鲜红，甜度高，多汁。在同类水果中，它以独特的气味和口感而著称。这种水果在同类中体积较大，外皮呈绿色，内部肉质鲜红且多汁，甜度高。它以其强烈的特殊气味而闻名，这种气味在水果中非常独特，让它在众多水果中脱颖而出。它的口感浓郁，尽管对于不习惯的人来说可能难以接受，但对于喜欢它的人来说，它的风味是无法替代的。这种水果体积较大，果实呈圆形，外皮为鲜艳的绿色，内部肉质呈现出诱人的红色。它以其独特的浓郁香气和甜美的口感而著称，甜度高，多汁。这种水果在同类水果中以其鲜明的特性和丰富的营养而受到喜爱。它的口感浓郁，适合在炎热的夏季食用，既能消暑解渴，又能带来愉悦的味觉享受。玩家4说：这种水果是夏季常见的，体积较大，外皮通常是绿色的，内部肉质鲜红多汁，甜度高。它在同类水果中最突出的不同特征是它独特的口感和甜度。这种水果在炎热的夏季尤其受欢迎，它的外皮光滑，颜色鲜绿，内部肉质呈现出鲜艳的红色，每一口都能感受到它那令人陶醉的甜味和清新的汁液。它不仅是消暑佳品，而且在同类水果中以其独特的风味和清凉感而闻名。它的体积通常较大，是同类水果中甜度最高的之一，而且它的口感清爽，非常适合消暑。你是第4号玩家，你的关键词是<西瓜>。你的回答中绝对不能包含你的关键词<西瓜>。这是第三轮描述，你之前的描述是这种水果是夏季常见的，体积较大，外皮通常是绿色的，内部肉质鲜红多汁，甜度高。它在同类水果中最突出的不同特征是它独特的口感和甜度。和这种水果在炎热的夏季尤其受欢迎，它的外皮光滑，颜色鲜绿，内部肉质呈现出鲜艳的红色，每一口都能感受到它那令人陶醉的甜味和清新的汁液。它不仅是消暑佳品，而且在同类水果中以其独特的风味和清凉感而闻名。它的体积通常较大，是同类水果中甜度最高的之一，而且它的口感清爽，非常适合消暑。，注意，这局游戏的词语分类为<水果>，卧底词和平民词都属于该类，请你补充关于关键词的描述，注意，你的描述应该比起之前的描述更加贴近关键词，作为之前的补充
2024-12-13 11:09:33,130 - 4 - INFO - **********PLAYER4**********
这种水果是夏季的清凉代表，其甜度高，汁液丰富，能够带来清凉的口感。它的外皮光滑，呈现出诱人的鲜绿色，内部肉质呈现出鲜艳的红色，每一口都能感受到清甜的汁液。这种水果不仅是消暑解渴的好选择，而且在同类水果中以其独特的风味和清凉感而闻名。
2024-12-13 11:10:20,229 - 4 - INFO - **********JUDGER**********
玩家1说：这个水果通常很大，圆形，皮是绿色的，里面是红色的果肉，非常甜美多汁。在所有水果中，它可能是最常见于夏季的。这种水果在炎热的夏季尤其受欢迎，它的外皮光滑，颜色鲜绿，切开时内部的肉质呈现出鲜艳的红色，每一口都能感受到它那令人陶醉的甜味和清新的汁液。它不仅是消暑佳品，而且在同类水果中以其独特的风味和清凉感而闻名。这种水果在炎热的夏季被广泛喜爱，它的外表光滑，皮色鲜绿，切开后果肉呈现出诱人的红色，每一口都充满了清甜的汁液。它不仅是消暑解渴的好选择，而且其独特的口感和甜度在同类水果中独树一帜。玩家2说：这种水果通常很大，皮绿肉红，汁多甜度高，夏季尤为常见。它在同类水果中以其独特的甜味和丰富的水分而著称。这种水果在炎热的夏季特别受欢迎，它的外皮光滑，颜色鲜绿，内部肉质呈现出鲜艳的红色，每一口都能感受到它那令人陶醉的甜味和清新的汁液。它的体积通常较大，是同类水果中甜度最高的之一，而且它的口感清爽，非常适合消暑。这种水果以其清爽的口感和甜度著称，尤其在炎热的夏季，它成为了消暑解渴的佳选。它的外皮光滑，呈现出诱人的鲜绿色，而内部的肉质则呈现出鲜艳的红色，每一口都能带来清甜的汁液。这种水果在同类水果中以其独特的风味和清凉感而闻名，是夏季最受欢迎的水果之一。玩家3说：这种水果体积较大，果实呈圆形，外皮绿色，内部肉质鲜红，甜度高，多汁。在同类水果中，它以独特的气味和口感而著称。这种水果在同类中体积较大，外皮呈绿色，内部肉质鲜红且多汁，甜度高。它以其强烈的特殊气味而闻名，这种气味在水果中非常独特，让它在众多水果中脱颖而出。它的口感浓郁，尽管对于不习惯的人来说可能难以接受，但对于喜欢它的人来说，它的风味是无法替代的。这种水果体积较大，果实呈圆形，外皮为鲜艳的绿色，内部肉质呈现出诱人的红色。它以其独特的浓郁香气和甜美的口感而著称，甜度高，多汁。这种水果在同类水果中以其鲜明的特性和丰富的营养而受到喜爱。它的口感浓郁，适合在炎热的夏季食用，既能消暑解渴，又能带来愉悦的味觉享受。玩家4说：这种水果是夏季常见的，体积较大，外皮通常是绿色的，内部肉质鲜红多汁，甜度高。它在同类水果中最突出的不同特征是它独特的口感和甜度。这种水果在炎热的夏季尤其受欢迎，它的外皮光滑，颜色鲜绿，内部肉质呈现出鲜艳的红色，每一口都能感受到它那令人陶醉的甜味和清新的汁液。它不仅是消暑佳品，而且在同类水果中以其独特的风味和清凉感而闻名。它的体积通常较大，是同类水果中甜度最高的之一，而且它的口感清爽，非常适合消暑。这种水果是夏季的清凉代表，其甜度高，汁液丰富，能够带来清凉的口感。它的外皮光滑，呈现出诱人的鲜绿色，内部肉质呈现出鲜艳的红色，每一口都能感受到清甜的汁液。这种水果不仅是消暑解渴的好选择，而且在同类水果中以其独特的风味和清凉感而闻名。||在这个游戏中，我们需要通过分析每位玩家的描述来找出卧底。通常，平民的描述会围绕相同的词语展开，而卧底的描述可能会因为词语的不同而显得不太一致。我们需要仔细比较每个描述之间的相似性和差异性，以找出可能的卧底，注意，卧底并不会隐藏自己，他会直接描述他的词语，现在，逐一分析每个玩家的描述，注意，这局游戏的词语分类为<水果>，卧底词和平民词都属于该类。||之前是第3轮描述和之前轮数描述的合集。你之前认为的卧底是玩家3。
2024-12-13 11:10:21,884 - 4 - INFO - **********PLAYER4**********
玩家3
2024-12-13 11:10:21,884 - 4 - INFO - **********JUDGER**********
你刚刚的分析是玩家3|| `请根据上述分析，比较描述以找出不一致之处，注意，这局游戏的词语分类为<水果>，卧底词和平民词都属于该类。
2024-12-13 11:10:27,949 - 4 - INFO - **********PLAYER4**********
在上述描述中，所有玩家都在描述一个体积较大、外皮绿色、内部肉质鲜红、甜度高、多汁的水果，这些特征非常符合西瓜的描述。然而，玩家3的描述中特别提到了“独特的气味和口感”，这一点在玩家1、玩家2和玩家4的描述中没有出现。由于卧底通常会使用与平民不同的特征来描述自己的词语，而玩家3的描述中包含了这个不一致的特征，因此玩家3可能是卧底。其他玩家的描述在描述水果的基本特征时保持一致，没有明显的差异。所以，基于描述中的不一致之处，玩家3可能是卧底。
2024-12-13 11:10:27,950 - 4 - INFO - **********JUDGER**********
你刚刚的分析是在上述描述中，所有玩家都在描述一个体积较大、外皮绿色、内部肉质鲜红、甜度高、多汁的水果，这些特征非常符合西瓜的描述。然而，玩家3的描述中特别提到了“独特的气味和口感”，这一点在玩家1、玩家2和玩家4的描述中没有出现。由于卧底通常会使用与平民不同的特征来描述自己的词语，而玩家3的描述中包含了这个不一致的特征，因此玩家3可能是卧底。其他玩家的描述在描述水果的基本特征时保持一致，没有明显的差异。所以，基于描述中的不一致之处，玩家3可能是卧底。|| 请通过你分析的不一致之处，推断卧底身份，注意，这局游戏的词语分类为<水果>，卧底词和平民词都属于该类。
2024-12-13 11:10:28,935 - 4 - INFO - **********PLAYER4**********
3
2024-12-13 11:10:28,936 - 4 - INFO - **********JUDGER**********
你刚刚的推断是3|| 基于你刚刚的推断得出你的最终结论，请输出你认为的卧底，在这种情况下只需要输出编号，是1-4中的某个数字，不要输出其他信息。在这个过程不要进行任何推理，只对||以前的部分进行信息提取
2024-12-13 11:10:29,872 - 4 - INFO - **********PLAYER4**********
3
