2024-12-12 21:49:27,577 - 1 - INFO - **********JUDGER**********
让我们来玩一个叫做<谁是卧底>的推理游戏。基本规则：<人数>：4人。<角色分配>：每位玩家随机抽取一个词语，3名玩家拿到的词语是相同的（平民词），1名玩家拿到与之相近但不同的词语（卧底词）。<游戏流程>：1、玩家轮流描述自己的词语，但<不能>直接说出词语本身。2、描述完毕后，投票选出最像卧底的玩家。3、每轮结束后，被投票选出的玩家出局，不能再进行描述或投票。4、每轮投票结束后，如果卧底被成功找出，平民方获胜；如果卧底未被找出且卧底人数等于或超过平民人数，则卧底方获胜。你将扮演一个<玩家>，请等待你被分配到的关键词。如果你听懂了，只回答，"好的，我准备好参加游戏了"，不要输出别的信息
2024-12-12 21:49:28,007 - 1 - INFO - **********PLAYER1**********
好的，我准备好参加游戏了
2024-12-12 21:49:31,342 - 1 - INFO - **********JUDGER**********
玩家1说：玩家2说：玩家3说：玩家4说：|| 你是第1号玩家，你的关键词是<熊>。你的回答中绝对不能包含你的关键词<熊>。这是第一轮描述，不需要分析||之前别的玩家的描述，请你描述关键词基本特征，注意，这局游戏的词语分类为<动物>，卧底词和平民词都属于该类，描述包括以下两点，1.他的基本特征是什么2.他在该类（动物）中最突出不同的特征是什么，尽量简短
2024-12-12 21:49:32,632 - 1 - INFO - **********PLAYER1**********
它是一种温顺的哺乳动物，有着长长的鼻子和可爱的外表。在同类中，它最突出的不同特征是它的棕色皮毛和憨态可掬的形象。
2024-12-12 21:49:38,044 - 1 - INFO - **********JUDGER**********
玩家1说：它是一种温顺的哺乳动物，有着长长的鼻子和可爱的外表。在同类中，它最突出的不同特征是它的棕色皮毛和憨态可掬的形象。玩家2说：它是一种灵活多变的哺乳动物，拥有锐利的爪子和尾巴。在同类中，它以其多彩的毛皮和善于模仿人类动作而著称。玩家3说：它是一种善于攀爬的哺乳动物，以其细长的身体和强壮的四肢而著称。在同类中，它最突出的不同特征是它的长尾巴，可以在攀爬时帮助保持平衡。玩家4说：||在这个游戏中，我们需要通过分析每位玩家的描述来找出卧底。通常，平民的描述会围绕相同的词语展开，而卧底的描述可能会因为词语的不同而显得不太一致。我们需要仔细比较每个描述之间的相似性和差异性，以找出可能的卧底，注意，卧底并不会隐藏自己，他会直接描述他的词语，现在，逐一分析每个玩家的描述，注意，这局游戏的词语分类为<动物>，卧底词和平民词都属于该类。这是第一轮描述。
2024-12-12 21:49:44,477 - 1 - INFO - **********PLAYER1**********
玩家1的描述提到了“温顺的哺乳动物”、“长长的鼻子”和“可爱的外表”，这与熊的形象相符，但没有提到熊的棕色皮毛。

玩家2的描述提到了“灵活多变的哺乳动物”、“锐利的爪子”和“多彩的毛皮”，这听起来更像是一只猫科动物，如猫或豹，而不是熊。

玩家3的描述提到了“善于攀爬的哺乳动物”、“细长的身体”和“长尾巴”，这更像是猴子的特征。

玩家4没有提供描述，所以无法判断其描述内容。

根据这些描述，玩家2和玩家3的描述与熊的特征不太相符，而玩家1的描述虽然与熊相符，但没有提到棕色皮毛这一关键特征。因此，玩家2和玩家3的描述可能是卧底词的描述。不过，由于没有玩家4的描述，我们无法确定谁是卧底。需要更多的信息或者下一轮的描述来进一步判断。
2024-12-12 21:49:44,478 - 1 - INFO - **********JUDGER**********
你刚刚的分析是玩家1的描述提到了“温顺的哺乳动物”、“长长的鼻子”和“可爱的外表”，这与熊的形象相符，但没有提到熊的棕色皮毛。

玩家2的描述提到了“灵活多变的哺乳动物”、“锐利的爪子”和“多彩的毛皮”，这听起来更像是一只猫科动物，如猫或豹，而不是熊。

玩家3的描述提到了“善于攀爬的哺乳动物”、“细长的身体”和“长尾巴”，这更像是猴子的特征。

玩家4没有提供描述，所以无法判断其描述内容。

根据这些描述，玩家2和玩家3的描述与熊的特征不太相符，而玩家1的描述虽然与熊相符，但没有提到棕色皮毛这一关键特征。因此，玩家2和玩家3的描述可能是卧底词的描述。不过，由于没有玩家4的描述，我们无法确定谁是卧底。需要更多的信息或者下一轮的描述来进一步判断。|| `请根据上述分析，比较描述以找出不一致之处，注意，这局游戏的词语分类为<动物>，卧底词和平民词都属于该类。
2024-12-12 21:49:52,063 - 1 - INFO - **********PLAYER1**********
根据上述分析，我们可以观察到以下不一致之处：

1. 玩家1的描述集中在熊的温顺性、长鼻子和可爱外表，但没有提到熊的标志性特征――棕色皮毛。这与其他描述中可能包含的动物特征不一致。

2. 玩家2的描述提到了“灵活多变”、“锐利的爪子”和“多彩的毛皮”，这些特征更符合猫科动物，而不是熊。熊通常不会被认为是灵活多变的动物，也没有锐利的爪子。

3. 玩家3的描述强调了攀爬能力、细长的身体和长尾巴，这些特征更符合猴子，而不是熊。熊并不是以攀爬能力著称的动物。

4. 玩家4没有提供描述，因此无法直接比较其描述与熊或其他动物特征的一致性。

基于这些不一致之处，玩家2和玩家3的描述与熊的特征不太相符，而玩家1的描述虽然与熊相符，但没有提到熊的棕色皮毛这一关键特征。因此，玩家2和玩家3的描述可能是卧底词的描述。然而，由于玩家4没有提供描述，我们无法确定他们是否也是卧底。如果玩家4的描述与熊的特征相符，那么玩家2和玩家3的可能性就会增加。如果玩家4的描述与熊的特征不相符，那么他们可能是卧底。需要更多的信息或下一轮的描述来确定卧底的身份。
2024-12-12 21:49:52,064 - 1 - INFO - **********JUDGER**********
你刚刚的分析是根据上述分析，我们可以观察到以下不一致之处：

1. 玩家1的描述集中在熊的温顺性、长鼻子和可爱外表，但没有提到熊的标志性特征――棕色皮毛。这与其他描述中可能包含的动物特征不一致。

2. 玩家2的描述提到了“灵活多变”、“锐利的爪子”和“多彩的毛皮”，这些特征更符合猫科动物，而不是熊。熊通常不会被认为是灵活多变的动物，也没有锐利的爪子。

3. 玩家3的描述强调了攀爬能力、细长的身体和长尾巴，这些特征更符合猴子，而不是熊。熊并不是以攀爬能力著称的动物。

4. 玩家4没有提供描述，因此无法直接比较其描述与熊或其他动物特征的一致性。

基于这些不一致之处，玩家2和玩家3的描述与熊的特征不太相符，而玩家1的描述虽然与熊相符，但没有提到熊的棕色皮毛这一关键特征。因此，玩家2和玩家3的描述可能是卧底词的描述。然而，由于玩家4没有提供描述，我们无法确定他们是否也是卧底。如果玩家4的描述与熊的特征相符，那么玩家2和玩家3的可能性就会增加。如果玩家4的描述与熊的特征不相符，那么他们可能是卧底。需要更多的信息或下一轮的描述来确定卧底的身份。|| 请通过你分析的不一致之处，推断卧底身份，注意，这局游戏的词语分类为<动物>，卧底词和平民词都属于该类。
2024-12-12 21:49:59,196 - 1 - INFO - **********PLAYER1**********
根据分析的不一致之处，以下是我的推断：

1. 玩家1的描述虽然提到了熊的温顺性、长鼻子和可爱外表，但没有提到熊的棕色皮毛，这是一个关键的标志性特征。这可能意味着玩家1没有拿到正确的平民词，因为所有拿到熊的玩家应该会提到这个特征。

2. 玩家2的描述提到了“灵活多变”、“锐利的爪子”和“多彩的毛皮”，这些特征与熊不符，更像是猫科动物，如猫或豹。因此，玩家2的描述可能表明他拿到了与熊不同的词语。

3. 玩家3的描述提到了攀爬能力、细长的身体和长尾巴，这些特征与猴子相符，而不是熊。因此，玩家3的描述也可能表明他拿到了与熊不同的词语。

4. 玩家4没有提供描述，所以无法直接判断其词语。

综合以上信息，玩家2和玩家3的描述与熊的特征不一致，因此他们可能是卧底。而玩家1没有提到熊的棕色皮毛，这也增加了他是卧底的可能性。由于玩家4没有描述，我们无法确定他的身份。

因此，根据当前的信息，玩家2、玩家3和玩家1都有可能是卧底。需要更多的描述或信息来确定最终的身份。
2024-12-12 21:49:59,196 - 1 - INFO - **********JUDGER**********
你刚刚的推断是根据分析的不一致之处，以下是我的推断：

1. 玩家1的描述虽然提到了熊的温顺性、长鼻子和可爱外表，但没有提到熊的棕色皮毛，这是一个关键的标志性特征。这可能意味着玩家1没有拿到正确的平民词，因为所有拿到熊的玩家应该会提到这个特征。

2. 玩家2的描述提到了“灵活多变”、“锐利的爪子”和“多彩的毛皮”，这些特征与熊不符，更像是猫科动物，如猫或豹。因此，玩家2的描述可能表明他拿到了与熊不同的词语。

3. 玩家3的描述提到了攀爬能力、细长的身体和长尾巴，这些特征与猴子相符，而不是熊。因此，玩家3的描述也可能表明他拿到了与熊不同的词语。

4. 玩家4没有提供描述，所以无法直接判断其词语。

综合以上信息，玩家2和玩家3的描述与熊的特征不一致，因此他们可能是卧底。而玩家1没有提到熊的棕色皮毛，这也增加了他是卧底的可能性。由于玩家4没有描述，我们无法确定他的身份。

因此，根据当前的信息，玩家2、玩家3和玩家1都有可能是卧底。需要更多的描述或信息来确定最终的身份。|| 基于你刚刚的推断得出你的最终结论，请输出你认为的卧底，在这种情况下只需要输出编号，是1-4中的某个数字，不要输出其他信息。在这个过程不要进行任何推理，只对||以前的部分进行信息提取
2024-12-12 21:50:00,334 - 1 - INFO - **********PLAYER1**********
1
2024-12-12 21:50:57,737 - 1 - INFO - **********JUDGER**********
玩家1说：它是一种温顺的哺乳动物，有着长长的鼻子和可爱的外表。在同类中，它最突出的不同特征是它的棕色皮毛和憨态可掬的形象。玩家2说：它是一种灵活多变的哺乳动物，拥有锐利的爪子和尾巴。在同类中，它以其多彩的毛皮和善于模仿人类动作而著称。玩家3说：它是一种善于攀爬的哺乳动物，以其细长的身体和强壮的四肢而著称。在同类中，它最突出的不同特征是它的长尾巴，可以在攀爬时帮助保持平衡。玩家4说：它是一种陆地哺乳动物，通常具有厚实的身体和强壮的四肢。在同类中，它最突出的不同特征是它的体型庞大和通常为黑白相间的毛皮。你是第1号玩家，你的关键词是<熊>。你的回答中绝对不能包含你的关键词<熊>。这是第二轮描述，你之前的描述是它是一种温顺的哺乳动物，有着长长的鼻子和可爱的外表。在同类中，它最突出的不同特征是它的棕色皮毛和憨态可掬的形象。，注意，这局游戏的词语分类为<动物>，卧底词和平民词都属于该类，请你补充关于关键词的描述，注意，你的描述应该比起之前的描述更加贴近关键词，作为之前的补充
2024-12-12 21:51:00,770 - 1 - INFO - **********PLAYER1**********
这种动物体型庞大，拥有强壮的肌肉和锋利的爪牙，它们在同类中以其力量和敏捷著称。在同类中，它最显著的特征是它的厚实身体和黑白相间的毛皮，给人一种威严和力量感。
2024-12-12 21:51:07,630 - 1 - INFO - **********JUDGER**********
玩家1说：它是一种温顺的哺乳动物，有着长长的鼻子和可爱的外表。在同类中，它最突出的不同特征是它的棕色皮毛和憨态可掬的形象。这种动物体型庞大，拥有强壮的肌肉和锋利的爪牙，它们在同类中以其力量和敏捷著称。在同类中，它最显著的特征是它的厚实身体和黑白相间的毛皮，给人一种威严和力量感。玩家2说：它是一种灵活多变的哺乳动物，拥有锐利的爪子和尾巴。在同类中，它以其多彩的毛皮和善于模仿人类动作而著称。它是一种生活在森林中的哺乳动物，以其机敏的听觉和善于跳跃的能力而闻名。在同类中，它以其手部的灵活性而著称，能够使用工具，并且通常在夜间活动。玩家3说：它是一种善于攀爬的哺乳动物，以其细长的身体和强壮的四肢而著称。在同类中，它最突出的不同特征是它的长尾巴，可以在攀爬时帮助保持平衡。它是一种以力量和耐力著称的哺乳动物，拥有厚重的身躯和强大的肌肉。在同类中，它以其独特的力量和沉稳的姿态而闻名，通常在森林中生活，以果实和昆虫为食。它的步态稳重，行动缓慢但充满力量。玩家4说：它是一种陆地哺乳动物，通常具有厚实的身体和强壮的四肢。在同类中，它最突出的不同特征是它的体型庞大和通常为黑白相间的毛皮。||在这个游戏中，我们需要通过分析每位玩家的描述来找出卧底。通常，平民的描述会围绕相同的词语展开，而卧底的描述可能会因为词语的不同而显得不太一致。我们需要仔细比较每个描述之间的相似性和差异性，以找出可能的卧底，注意，卧底并不会隐藏自己，他会直接描述他的词语，现在，逐一分析每个玩家的描述，注意，这局游戏的词语分类为<动物>，卧底词和平民词都属于该类。||之前是第2轮描述和之前轮数描述的合集。你之前认为的卧底是玩家1。
2024-12-12 21:51:15,168 - 1 - INFO - **********PLAYER1**********
根据第二轮描述和之前的描述，我的分析如下：

玩家1的描述中提到了熊的温顺性、长鼻子、可爱外表、棕色皮毛、憨态可掬的形象、厚实身体、黑白相间的毛皮、力量和敏捷，以及体型庞大和威严的力量感。这些描述与熊的特征非常吻合。

玩家2的描述中提到了灵活多变、锐利的爪子和尾巴、多彩的毛皮、模仿人类动作、机敏的听觉、善于跳跃、手部的灵活性、使用工具、夜间活动。这些特征更像是猫科动物，特别是猫。

玩家3的描述中提到了善于攀爬、细长的身体、强壮的四肢、长尾巴、力量和耐力、厚重的身躯、强大的肌肉、独特的力量、沉稳的姿态、森林生活、以果实和昆虫为食、步态稳重、行动缓慢但充满力量。这些特征与猴子的形象更为吻合。

玩家4的描述中提到了陆地哺乳动物、厚实的身体、强壮的四肢、体型庞大、黑白相间的毛皮。这些描述与熊的特征也相符。

综合第二轮描述，玩家2和玩家3的描述与熊的特征不太一致，而玩家1和玩家4的描述与熊的特征较为吻合。由于之前认为玩家1是卧底，但根据第二轮描述，玩家1的描述与熊的特征非常吻合，因此我的最终结论是：

卧底是玩家2或玩家3。
2024-12-12 21:51:15,169 - 1 - INFO - **********JUDGER**********
你刚刚的分析是根据第二轮描述和之前的描述，我的分析如下：

玩家1的描述中提到了熊的温顺性、长鼻子、可爱外表、棕色皮毛、憨态可掬的形象、厚实身体、黑白相间的毛皮、力量和敏捷，以及体型庞大和威严的力量感。这些描述与熊的特征非常吻合。

玩家2的描述中提到了灵活多变、锐利的爪子和尾巴、多彩的毛皮、模仿人类动作、机敏的听觉、善于跳跃、手部的灵活性、使用工具、夜间活动。这些特征更像是猫科动物，特别是猫。

玩家3的描述中提到了善于攀爬、细长的身体、强壮的四肢、长尾巴、力量和耐力、厚重的身躯、强大的肌肉、独特的力量、沉稳的姿态、森林生活、以果实和昆虫为食、步态稳重、行动缓慢但充满力量。这些特征与猴子的形象更为吻合。

玩家4的描述中提到了陆地哺乳动物、厚实的身体、强壮的四肢、体型庞大、黑白相间的毛皮。这些描述与熊的特征也相符。

综合第二轮描述，玩家2和玩家3的描述与熊的特征不太一致，而玩家1和玩家4的描述与熊的特征较为吻合。由于之前认为玩家1是卧底，但根据第二轮描述，玩家1的描述与熊的特征非常吻合，因此我的最终结论是：

卧底是玩家2或玩家3。|| `请根据上述分析，比较描述以找出不一致之处，注意，这局游戏的词语分类为<动物>，卧底词和平民词都属于该类。
2024-12-12 21:51:28,810 - 1 - INFO - **********PLAYER1**********
根据上述分析，以下是一致性和不一致之处的比较：

一致之处：
- 玩家1和玩家4的描述都提到了熊的体型庞大、厚实的身体、强壮的四肢和黑白相间的毛皮，这些特征与熊的形象相符。

不一致之处：
- 玩家1的描述中提到了熊的温顺性、长鼻子、可爱外表、棕色皮毛、憨态可掬的形象、力量和敏捷，以及威严的力量感，这些特征也符合熊的形象。
- 玩家4的描述中未提及熊的温顺性、长鼻子、可爱外表、棕色皮毛和憨态可掬的形象，但同样提到了熊的体型庞大、厚实的身体、强壮的四肢和黑白相间的毛皮。
- 玩家2的描述中提到了灵活多变、锐利的爪子和尾巴、多彩的毛皮、模仿人类动作、机敏的听觉、善于跳跃、手部的灵活性、使用工具、夜间活动，这些特征与熊不符，更像是猫科动物。
- 玩家3的描述中提到了善于攀爬、细长的身体、强壮的四肢、长尾巴、力量和耐力、厚重的身躯、强大的肌肉、独特的力量、沉稳的姿态、森林生活、以果实和昆虫为食、步态稳重、行动缓慢但充满力量，这些特征与猴子更为吻合。

基于以上比较，不一致之处在于玩家2和玩家3的描述与熊的特征不符，而玩家1和玩家4的描述更符合熊的特征。因此，不一致之处在于玩家2和玩家3的描述中包含的特征与熊不符，而玩家1和玩家4的描述中未提及的特征可能是熊的特征。
2024-12-12 21:51:28,811 - 1 - INFO - **********JUDGER**********
你刚刚的分析是根据上述分析，以下是一致性和不一致之处的比较：

一致之处：
- 玩家1和玩家4的描述都提到了熊的体型庞大、厚实的身体、强壮的四肢和黑白相间的毛皮，这些特征与熊的形象相符。

不一致之处：
- 玩家1的描述中提到了熊的温顺性、长鼻子、可爱外表、棕色皮毛、憨态可掬的形象、力量和敏捷，以及威严的力量感，这些特征也符合熊的形象。
- 玩家4的描述中未提及熊的温顺性、长鼻子、可爱外表、棕色皮毛和憨态可掬的形象，但同样提到了熊的体型庞大、厚实的身体、强壮的四肢和黑白相间的毛皮。
- 玩家2的描述中提到了灵活多变、锐利的爪子和尾巴、多彩的毛皮、模仿人类动作、机敏的听觉、善于跳跃、手部的灵活性、使用工具、夜间活动，这些特征与熊不符，更像是猫科动物。
- 玩家3的描述中提到了善于攀爬、细长的身体、强壮的四肢、长尾巴、力量和耐力、厚重的身躯、强大的肌肉、独特的力量、沉稳的姿态、森林生活、以果实和昆虫为食、步态稳重、行动缓慢但充满力量，这些特征与猴子更为吻合。

基于以上比较，不一致之处在于玩家2和玩家3的描述与熊的特征不符，而玩家1和玩家4的描述更符合熊的特征。因此，不一致之处在于玩家2和玩家3的描述中包含的特征与熊不符，而玩家1和玩家4的描述中未提及的特征可能是熊的特征。|| 请通过你分析的不一致之处，推断卧底身份，注意，这局游戏的词语分类为<动物>，卧底词和平民词都属于该类。
2024-12-12 21:51:34,181 - 1 - INFO - **********PLAYER1**********
根据分析的不一致之处，以下是我的推断：

- 玩家1的描述中虽然提到了熊的特征，但同时也提到了一些可能与其他动物（如猫）相关的特征，如“多彩的毛皮”和“憨态可掬的形象”，这些特征虽然与熊相符，但也不是熊独有的。
- 玩家4的描述完全符合熊的特征，没有提及任何与熊不符的特征。
- 玩家2的描述中提到的特征与熊不符，更像是猫科动物，这表明他可能拿到了与熊不同的词语。
- 玩家3的描述中提到的特征与熊不符，更像是猴子，这也表明他可能拿到了与熊不同的词语。

因此，基于这些不一致之处，我推断卧底身份是玩家2或玩家3。在这两个可能性中，由于玩家3的描述与熊的特征不符的更多，而且描述中包含了猴子的一些特征，因此我认为玩家3更有可能是卧底。
2024-12-12 21:51:34,181 - 1 - INFO - **********JUDGER**********
你刚刚的推断是根据分析的不一致之处，以下是我的推断：

- 玩家1的描述中虽然提到了熊的特征，但同时也提到了一些可能与其他动物（如猫）相关的特征，如“多彩的毛皮”和“憨态可掬的形象”，这些特征虽然与熊相符，但也不是熊独有的。
- 玩家4的描述完全符合熊的特征，没有提及任何与熊不符的特征。
- 玩家2的描述中提到的特征与熊不符，更像是猫科动物，这表明他可能拿到了与熊不同的词语。
- 玩家3的描述中提到的特征与熊不符，更像是猴子，这也表明他可能拿到了与熊不同的词语。

因此，基于这些不一致之处，我推断卧底身份是玩家2或玩家3。在这两个可能性中，由于玩家3的描述与熊的特征不符的更多，而且描述中包含了猴子的一些特征，因此我认为玩家3更有可能是卧底。|| 基于你刚刚的推断得出你的最终结论，请输出你认为的卧底，在这种情况下只需要输出编号，是1-4中的某个数字，不要输出其他信息。在这个过程不要进行任何推理，只对||以前的部分进行信息提取
2024-12-12 21:51:34,964 - 1 - INFO - **********PLAYER1**********
3
2024-12-12 21:52:32,569 - 1 - INFO - **********JUDGER**********
玩家1说：它是一种温顺的哺乳动物，有着长长的鼻子和可爱的外表。在同类中，它最突出的不同特征是它的棕色皮毛和憨态可掬的形象。这种动物体型庞大，拥有强壮的肌肉和锋利的爪牙，它们在同类中以其力量和敏捷著称。在同类中，它最显著的特征是它的厚实身体和黑白相间的毛皮，给人一种威严和力量感。玩家2说：它是一种灵活多变的哺乳动物，拥有锐利的爪子和尾巴。在同类中，它以其多彩的毛皮和善于模仿人类动作而著称。它是一种生活在森林中的哺乳动物，以其机敏的听觉和善于跳跃的能力而闻名。在同类中，它以其手部的灵活性而著称，能够使用工具，并且通常在夜间活动。玩家3说：它是一种善于攀爬的哺乳动物，以其细长的身体和强壮的四肢而著称。在同类中，它最突出的不同特征是它的长尾巴，可以在攀爬时帮助保持平衡。它是一种以力量和耐力著称的哺乳动物，拥有厚重的身躯和强大的肌肉。在同类中，它以其独特的力量和沉稳的姿态而闻名，通常在森林中生活，以果实和昆虫为食。它的步态稳重，行动缓慢但充满力量。玩家4说：它是一种陆地哺乳动物，通常具有厚实的身体和强壮的四肢。在同类中，它最突出的不同特征是它的体型庞大和通常为黑白相间的毛皮。这种动物在同类中以其强大的力量和坚固的骨架而著称。它的步态稳重，行动虽然缓慢但充满力量，给人一种可靠和稳重的感觉。在同类中，它以其独特的体型和厚实的身体结构而闻名，这种结构使它能够在寒冷的环境中生存。你是第1号玩家，你的关键词是<熊>。你的回答中绝对不能包含你的关键词<熊>。这是第三轮描述，你之前的描述是它是一种温顺的哺乳动物，有着长长的鼻子和可爱的外表。在同类中，它最突出的不同特征是它的棕色皮毛和憨态可掬的形象。和这种动物体型庞大，拥有强壮的肌肉和锋利的爪牙，它们在同类中以其力量和敏捷著称。在同类中，它最显著的特征是它的厚实身体和黑白相间的毛皮，给人一种威严和力量感。，注意，这局游戏的词语分类为<动物>，卧底词和平民词都属于该类，请你补充关于关键词的描述，注意，你的描述应该比起之前的描述更加贴近关键词，作为之前的补充
2024-12-12 21:52:35,111 - 1 - INFO - **********PLAYER1**********
这种动物以其在森林中的隐秘生活而闻名，它们通常在夜间活动，以避免天敌。它们的行为虽然看起来笨拙，但实际上非常敏捷，能够迅速移动以捕捉猎物或逃避危险。这种动物的嗅觉极为敏锐，能够探测到远处的食物和潜在的威胁。在同类中，它们以其坚定的意志和适应寒冷气候的能力而著称。
2024-12-12 21:52:44,574 - 1 - INFO - **********JUDGER**********
玩家1说：它是一种温顺的哺乳动物，有着长长的鼻子和可爱的外表。在同类中，它最突出的不同特征是它的棕色皮毛和憨态可掬的形象。这种动物体型庞大，拥有强壮的肌肉和锋利的爪牙，它们在同类中以其力量和敏捷著称。在同类中，它最显著的特征是它的厚实身体和黑白相间的毛皮，给人一种威严和力量感。这种动物以其在森林中的隐秘生活而闻名，它们通常在夜间活动，以避免天敌。它们的行为虽然看起来笨拙，但实际上非常敏捷，能够迅速移动以捕捉猎物或逃避危险。这种动物的嗅觉极为敏锐，能够探测到远处的食物和潜在的威胁。在同类中，它们以其坚定的意志和适应寒冷气候的能力而著称。玩家2说：它是一种灵活多变的哺乳动物，拥有锐利的爪子和尾巴。在同类中，它以其多彩的毛皮和善于模仿人类动作而著称。它是一种生活在森林中的哺乳动物，以其机敏的听觉和善于跳跃的能力而闻名。在同类中，它以其手部的灵活性而著称，能够使用工具，并且通常在夜间活动。它是一种以敏捷和好奇心著称的动物，经常在树上活动，以其灵活的跳跃和手部的抓握能力而闻名。这种动物以其多样化的饮食和适应各种环境的能力而著称。玩家3说：它是一种善于攀爬的哺乳动物，以其细长的身体和强壮的四肢而著称。在同类中，它最突出的不同特征是它的长尾巴，可以在攀爬时帮助保持平衡。它是一种以力量和耐力著称的哺乳动物，拥有厚重的身躯和强大的肌肉。在同类中，它以其独特的力量和沉稳的姿态而闻名，通常在森林中生活，以果实和昆虫为食。它的步态稳重，行动缓慢但充满力量。它是一种在森林中生活的哺乳动物，以其强大的前肢和锋利的爪子而著称。这种动物以它那厚重的身躯和强大的肌肉力量在同类中独树一帜。它的动作虽然看起来笨拙，但实际上非常敏捷，能够在森林中迅速移动和攀爬。这种动物通常以果实、昆虫和小型哺乳动物为食，它的适应能力使其能够在多种环境中生存。玩家4说：它是一种陆地哺乳动物，通常具有厚实的身体和强壮的四肢。在同类中，它最突出的不同特征是它的体型庞大和通常为黑白相间的毛皮。这种动物在同类中以其强大的力量和坚固的骨架而著称。它的步态稳重，行动虽然缓慢但充满力量，给人一种可靠和稳重的感觉。在同类中，它以其独特的体型和厚实的身体结构而闻名，这种结构使它能够在寒冷的环境中生存。这种动物在同类中以其强大的防御能力和威严的姿态而著称。它的皮肤粗糙，有时带有周期性的脱落，这种特征在同类中相对罕见。它通常在寒冷的环境中寻找庇护，以保护自己免受恶劣天气的影响。这种动物的个性通常被认为是独立和孤独的，它们很少与同类互动。||在这个游戏中，我们需要通过分析每位玩家的描述来找出卧底。通常，平民的描述会围绕相同的词语展开，而卧底的描述可能会因为词语的不同而显得不太一致。我们需要仔细比较每个描述之间的相似性和差异性，以找出可能的卧底，注意，卧底并不会隐藏自己，他会直接描述他的词语，现在，逐一分析每个玩家的描述，注意，这局游戏的词语分类为<动物>，卧底词和平民词都属于该类。||之前是第3轮描述和之前轮数描述的合集。你之前认为的卧底是玩家3。
2024-12-12 21:52:56,580 - 1 - INFO - **********PLAYER1**********
根据第三轮描述和之前的描述，以下是我的分析：

玩家1的描述中提到了熊的温顺性、长鼻子、可爱外表、棕色皮毛、憨态可掬的形象、厚实身体、黑白相间的毛皮、力量、敏捷、坚定的意志、适应寒冷气候的能力、隐秘生活、夜间活动、敏锐的嗅觉。

玩家2的描述中提到了灵活多变、锐利的爪子和尾巴、多彩的毛皮、模仿人类动作、机敏的听觉、善于跳跃、手部的灵活性、使用工具、夜间活动、敏捷、好奇心、多样化的饮食、适应各种环境的能力。

玩家3的描述中提到了善于攀爬、细长的身体、强壮的四肢、长尾巴、力量、耐力、厚重的身躯、强大的肌肉、独特的力量、沉稳的姿态、森林生活、以果实和昆虫为食、步态稳重、行动缓慢但充满力量、强大的前肢、锋利的爪子、适应能力、多种环境生存。

玩家4的描述中提到了陆地哺乳动物、厚实的身体、强壮的四肢、体型庞大、黑白相间的毛皮、强大的力量、坚固的骨架、稳重、行动缓慢但充满力量、独特的体型、厚实的身体结构、寒冷环境生存、强大的防御能力、威严的姿态、皮肤粗糙、周期性脱落、独立和孤独的个性、很少与同类互动。

综合分析，玩家1、玩家2和玩家4的描述都包含了熊的一些特征，如力量、厚实的身体、黑白相间的毛皮等，但玩家3的描述中提到了更多的攀爬和森林生活的特征，这些特征与熊的形象不太一致，更像是猴子或猿类动物。

因此，根据描述的相似性和差异性，我之前的推断玩家3是卧底可能是不准确的。现在，基于新的描述，我认为卧底可能是玩家2，因为他的描述中包含了一些与熊不太相符的特征，如模仿人类动作、使用工具和多样化的饮食，这些特征更像是猫科动物，如猫或豹。
2024-12-12 21:52:56,581 - 1 - INFO - **********JUDGER**********
你刚刚的分析是根据第三轮描述和之前的描述，以下是我的分析：

玩家1的描述中提到了熊的温顺性、长鼻子、可爱外表、棕色皮毛、憨态可掬的形象、厚实身体、黑白相间的毛皮、力量、敏捷、坚定的意志、适应寒冷气候的能力、隐秘生活、夜间活动、敏锐的嗅觉。

玩家2的描述中提到了灵活多变、锐利的爪子和尾巴、多彩的毛皮、模仿人类动作、机敏的听觉、善于跳跃、手部的灵活性、使用工具、夜间活动、敏捷、好奇心、多样化的饮食、适应各种环境的能力。

玩家3的描述中提到了善于攀爬、细长的身体、强壮的四肢、长尾巴、力量、耐力、厚重的身躯、强大的肌肉、独特的力量、沉稳的姿态、森林生活、以果实和昆虫为食、步态稳重、行动缓慢但充满力量、强大的前肢、锋利的爪子、适应能力、多种环境生存。

玩家4的描述中提到了陆地哺乳动物、厚实的身体、强壮的四肢、体型庞大、黑白相间的毛皮、强大的力量、坚固的骨架、稳重、行动缓慢但充满力量、独特的体型、厚实的身体结构、寒冷环境生存、强大的防御能力、威严的姿态、皮肤粗糙、周期性脱落、独立和孤独的个性、很少与同类互动。

综合分析，玩家1、玩家2和玩家4的描述都包含了熊的一些特征，如力量、厚实的身体、黑白相间的毛皮等，但玩家3的描述中提到了更多的攀爬和森林生活的特征，这些特征与熊的形象不太一致，更像是猴子或猿类动物。

因此，根据描述的相似性和差异性，我之前的推断玩家3是卧底可能是不准确的。现在，基于新的描述，我认为卧底可能是玩家2，因为他的描述中包含了一些与熊不太相符的特征，如模仿人类动作、使用工具和多样化的饮食，这些特征更像是猫科动物，如猫或豹。|| `请根据上述分析，比较描述以找出不一致之处，注意，这局游戏的词语分类为<动物>，卧底词和平民词都属于该类。
2024-12-12 21:53:07,525 - 1 - INFO - **********PLAYER1**********
根据上述分析，以下是不一致之处的比较：

1. 玩家1的描述主要集中在熊的温顺性、力量、敏捷、坚定的意志、适应寒冷气候的能力等方面，这些特征与熊的形象相符。

2. 玩家2的描述提到了灵活多变、模仿人类动作、使用工具、多样化的饮食等特征，这些特征更像是猫科动物，尤其是猫或豹，而不是熊。

3. 玩家3的描述提到了善于攀爬、森林生活、以果实和昆虫为食等特征，这些特征与熊的部分特征相符，但也强调了攀爬和森林生活，这与熊通常被描述的笨拙和大型食肉动物形象有所不同。

4. 玩家4的描述提到了熊的体型庞大、厚实的身体、黑白相间的毛皮、强大的力量、坚固的骨架、稳重、行动缓慢但充满力量等特征，与熊的形象非常吻合。

不一致之处主要体现在玩家2和玩家3的描述中。玩家2的描述包含了与熊不符的特征，如模仿人类动作和使用工具，这些特征更倾向于猫科动物。玩家3的描述虽然提到了熊的一些特征，但更强调了攀爬和森林生活，这与熊通常被描述的形象有所不同。相比之下，玩家1和玩家4的描述与熊的特征更为一致。
2024-12-12 21:53:07,525 - 1 - INFO - **********JUDGER**********
你刚刚的分析是根据上述分析，以下是不一致之处的比较：

1. 玩家1的描述主要集中在熊的温顺性、力量、敏捷、坚定的意志、适应寒冷气候的能力等方面，这些特征与熊的形象相符。

2. 玩家2的描述提到了灵活多变、模仿人类动作、使用工具、多样化的饮食等特征，这些特征更像是猫科动物，尤其是猫或豹，而不是熊。

3. 玩家3的描述提到了善于攀爬、森林生活、以果实和昆虫为食等特征，这些特征与熊的部分特征相符，但也强调了攀爬和森林生活，这与熊通常被描述的笨拙和大型食肉动物形象有所不同。

4. 玩家4的描述提到了熊的体型庞大、厚实的身体、黑白相间的毛皮、强大的力量、坚固的骨架、稳重、行动缓慢但充满力量等特征，与熊的形象非常吻合。

不一致之处主要体现在玩家2和玩家3的描述中。玩家2的描述包含了与熊不符的特征，如模仿人类动作和使用工具，这些特征更倾向于猫科动物。玩家3的描述虽然提到了熊的一些特征，但更强调了攀爬和森林生活，这与熊通常被描述的形象有所不同。相比之下，玩家1和玩家4的描述与熊的特征更为一致。|| 请通过你分析的不一致之处，推断卧底身份，注意，这局游戏的词语分类为<动物>，卧底词和平民词都属于该类。
2024-12-12 21:53:13,899 - 1 - INFO - **********PLAYER1**********
基于分析的不一致之处，以下是我的推断：

- 玩家2的描述中提到了与熊不符的特征，如模仿人类动作、使用工具和多样化的饮食，这些特征更像是猫科动物，尤其是猫或豹。
- 玩家3的描述虽然提到了熊的一些特征，但更强调了攀爬和森林生活，这与熊通常被描述的笨拙和大型食肉动物形象有所不同。

由于玩家2的描述与熊的特征相差较远，而玩家3的描述虽然与熊的特征有重叠，但强调的攀爬和森林生活特征可能暗示了与熊不同的动物。因此，我认为卧底身份更有可能是玩家2或玩家3。

在这两个可能性中，如果玩家3的描述中攀爬和森林生活的特征是为了隐藏其他与熊不符的特征，那么玩家2可能是更明显的卧底，因为他的描述与熊的特征差异更大。

因此，我的最终推断是：

卧底是玩家2。
2024-12-12 21:53:13,900 - 1 - INFO - **********JUDGER**********
你刚刚的推断是基于分析的不一致之处，以下是我的推断：

- 玩家2的描述中提到了与熊不符的特征，如模仿人类动作、使用工具和多样化的饮食，这些特征更像是猫科动物，尤其是猫或豹。
- 玩家3的描述虽然提到了熊的一些特征，但更强调了攀爬和森林生活，这与熊通常被描述的笨拙和大型食肉动物形象有所不同。

由于玩家2的描述与熊的特征相差较远，而玩家3的描述虽然与熊的特征有重叠，但强调的攀爬和森林生活特征可能暗示了与熊不同的动物。因此，我认为卧底身份更有可能是玩家2或玩家3。

在这两个可能性中，如果玩家3的描述中攀爬和森林生活的特征是为了隐藏其他与熊不符的特征，那么玩家2可能是更明显的卧底，因为他的描述与熊的特征差异更大。

因此，我的最终推断是：

卧底是玩家2。|| 基于你刚刚的推断得出你的最终结论，请输出你认为的卧底，在这种情况下只需要输出编号，是1-4中的某个数字，不要输出其他信息。在这个过程不要进行任何推理，只对||以前的部分进行信息提取
2024-12-12 21:53:15,300 - 1 - INFO - **********PLAYER1**********
2
