2024-12-12 21:49:28,553 - 2 - INFO - **********JUDGER**********
让我们来玩一个叫做<谁是卧底>的推理游戏。基本规则：<人数>：4人。<角色分配>：每位玩家随机抽取一个词语，3名玩家拿到的词语是相同的（平民词），1名玩家拿到与之相近但不同的词语（卧底词）。<游戏流程>：1、玩家轮流描述自己的词语，但<不能>直接说出词语本身。2、描述完毕后，投票选出最像卧底的玩家。3、每轮结束后，被投票选出的玩家出局，不能再进行描述或投票。4、每轮投票结束后，如果卧底被成功找出，平民方获胜；如果卧底未被找出且卧底人数等于或超过平民人数，则卧底方获胜。你将扮演一个<玩家>，请等待你被分配到的关键词。如果你听懂了，只回答，"好的，我准备好参加游戏了"，不要输出别的信息
2024-12-12 21:49:28,997 - 2 - INFO - **********PLAYER2**********
好的，我准备好参加游戏了
2024-12-12 21:49:32,633 - 2 - INFO - **********JUDGER**********
玩家1说：它是一种温顺的哺乳动物，有着长长的鼻子和可爱的外表。在同类中，它最突出的不同特征是它的棕色皮毛和憨态可掬的形象。玩家2说：玩家3说：玩家4说：|| 你是第2号玩家，你的关键词是<猴子>。你的回答中绝对不能包含你的关键词<猴子>。这是第一轮描述，不需要分析||之前别的玩家的描述，请你描述关键词基本特征，注意，这局游戏的词语分类为<动物>，卧底词和平民词都属于该类，描述包括以下两点，1.他的基本特征是什么2.他在该类（动物）中最突出不同的特征是什么，尽量简短
2024-12-12 21:49:33,580 - 2 - INFO - **********PLAYER2**********
它是一种灵活多变的哺乳动物，拥有锐利的爪子和尾巴。在同类中，它以其多彩的毛皮和善于模仿人类动作而著称。
2024-12-12 21:50:00,335 - 2 - INFO - **********JUDGER**********
玩家1说：它是一种温顺的哺乳动物，有着长长的鼻子和可爱的外表。在同类中，它最突出的不同特征是它的棕色皮毛和憨态可掬的形象。玩家2说：它是一种灵活多变的哺乳动物，拥有锐利的爪子和尾巴。在同类中，它以其多彩的毛皮和善于模仿人类动作而著称。玩家3说：它是一种善于攀爬的哺乳动物，以其细长的身体和强壮的四肢而著称。在同类中，它最突出的不同特征是它的长尾巴，可以在攀爬时帮助保持平衡。玩家4说：||在这个游戏中，我们需要通过分析每位玩家的描述来找出卧底。通常，平民的描述会围绕相同的词语展开，而卧底的描述可能会因为词语的不同而显得不太一致。我们需要仔细比较每个描述之间的相似性和差异性，以找出可能的卧底，注意，卧底并不会隐藏自己，他会直接描述他的词语，现在，逐一分析每个玩家的描述，注意，这局游戏的词语分类为<动物>，卧底词和平民词都属于该类。这是第一轮描述。
2024-12-12 21:50:05,624 - 2 - INFO - **********PLAYER2**********
玩家1描述的动物听起来像是熊，特别是提到了“棕色皮毛”和“憨态可掬的形象”。

玩家2的描述更像是猫科动物，特别是提到了“灵活多变”和“多彩的毛皮”。

玩家3的描述听起来像是猴子，尤其是“善于攀爬”和“长尾巴”的特点。

玩家4没有提供描述，因此无法判断其关键词。

根据描述的相似性和差异性，玩家3的描述与“动物”类中的其他描述不太一致，因为他提到了“攀爬”和“长尾巴”，这是前两个描述中未提及的。因此，玩家3可能是卧底。然而，由于玩家4没有提供描述，我们也不能排除他是卧底的可能性。需要更多的信息来进一步判断。
2024-12-12 21:50:05,625 - 2 - INFO - **********JUDGER**********
你刚刚的分析是玩家1描述的动物听起来像是熊，特别是提到了“棕色皮毛”和“憨态可掬的形象”。

玩家2的描述更像是猫科动物，特别是提到了“灵活多变”和“多彩的毛皮”。

玩家3的描述听起来像是猴子，尤其是“善于攀爬”和“长尾巴”的特点。

玩家4没有提供描述，因此无法判断其关键词。

根据描述的相似性和差异性，玩家3的描述与“动物”类中的其他描述不太一致，因为他提到了“攀爬”和“长尾巴”，这是前两个描述中未提及的。因此，玩家3可能是卧底。然而，由于玩家4没有提供描述，我们也不能排除他是卧底的可能性。需要更多的信息来进一步判断。|| `请根据上述分析，比较描述以找出不一致之处，注意，这局游戏的词语分类为<动物>，卧底词和平民词都属于该类。
2024-12-12 21:50:12,260 - 2 - INFO - **********PLAYER2**********
根据上述分析，我们可以比较描述中的一致性和不一致性如下：

- 玩家1的描述提到了“温顺的哺乳动物”、“长长的鼻子”、“可爱的外表”、“棕色皮毛”和“憨态可掬的形象”。这些特征与熊的特征较为吻合。

- 玩家2的描述提到了“灵活多变的哺乳动物”、“锐利的爪子”、“尾巴”和“多彩的毛皮”。这些特征与猫科动物，如猫或豹等，较为吻合。

- 玩家3的描述提到了“善于攀爬的哺乳动物”、“细长的身体”、“强壮的四肢”和“长尾巴”。这些特征与猴子非常吻合，特别是“长尾巴”这一点。

- 玩家4没有提供描述，所以无法直接比较。

不一致之处在于：

- 玩家1和玩家2的描述都提到了“多彩的毛皮”，但玩家3的描述没有提到这一点。
- 玩家1和玩家2的描述都没有提到“长尾巴”，而玩家3的描述强调了这一点。
- 玩家1的描述提到了“憨态可掬的形象”，这与玩家2和玩家3的描述不符。

综上所述，玩家3的描述与玩家1和玩家2的描述存在明显的不一致，特别是关于“长尾巴”的提及，这可能是他作为卧底的不同之处。因此，玩家3的描述可能是与大家不同的词语。然而，没有玩家4的描述，我们无法确定他是否也是卧底。
2024-12-12 21:50:12,261 - 2 - INFO - **********JUDGER**********
你刚刚的分析是根据上述分析，我们可以比较描述中的一致性和不一致性如下：

- 玩家1的描述提到了“温顺的哺乳动物”、“长长的鼻子”、“可爱的外表”、“棕色皮毛”和“憨态可掬的形象”。这些特征与熊的特征较为吻合。

- 玩家2的描述提到了“灵活多变的哺乳动物”、“锐利的爪子”、“尾巴”和“多彩的毛皮”。这些特征与猫科动物，如猫或豹等，较为吻合。

- 玩家3的描述提到了“善于攀爬的哺乳动物”、“细长的身体”、“强壮的四肢”和“长尾巴”。这些特征与猴子非常吻合，特别是“长尾巴”这一点。

- 玩家4没有提供描述，所以无法直接比较。

不一致之处在于：

- 玩家1和玩家2的描述都提到了“多彩的毛皮”，但玩家3的描述没有提到这一点。
- 玩家1和玩家2的描述都没有提到“长尾巴”，而玩家3的描述强调了这一点。
- 玩家1的描述提到了“憨态可掬的形象”，这与玩家2和玩家3的描述不符。

综上所述，玩家3的描述与玩家1和玩家2的描述存在明显的不一致，特别是关于“长尾巴”的提及，这可能是他作为卧底的不同之处。因此，玩家3的描述可能是与大家不同的词语。然而，没有玩家4的描述，我们无法确定他是否也是卧底。|| 请通过你分析的不一致之处，推断卧底身份，注意，这局游戏的词语分类为<动物>，卧底词和平民词都属于该类。
2024-12-12 21:50:19,645 - 2 - INFO - **********PLAYER2**********
根据分析中提到的不一致之处，我们可以推断如下：

- 玩家1和玩家2的描述都提到了“多彩的毛皮”，而玩家3没有，这表明玩家3的词语可能不是与毛皮颜色相关的动物。
- 玩家1和玩家2的描述都没有提到“长尾巴”，而玩家3的描述中这一点非常突出，这表明玩家3的词语可能是一个以其长尾巴而著名的动物。
- 玩家1的描述中提到了“憨态可掬的形象”，这通常与熊的形象相关，而玩家2和玩家3的描述中没有这样的描述。

结合这些信息，我们可以推断：

- 玩家1和玩家2的词语可能是熊，因为熊以其棕色皮毛和可爱的外表而闻名。
- 玩家3的词语可能是猴子，因为猴子以其善于攀爬、细长的身体、强壮的四肢和长尾巴而著称，且与熊和猫科动物的特征存在明显差异。

由于游戏中的词语分类为<动物>，且卧底词和平民词都属于该类，而玩家3的描述与玩家1和玩家2的描述不一致，因此玩家3很可能是卧底。
2024-12-12 21:50:19,646 - 2 - INFO - **********JUDGER**********
你刚刚的推断是根据分析中提到的不一致之处，我们可以推断如下：

- 玩家1和玩家2的描述都提到了“多彩的毛皮”，而玩家3没有，这表明玩家3的词语可能不是与毛皮颜色相关的动物。
- 玩家1和玩家2的描述都没有提到“长尾巴”，而玩家3的描述中这一点非常突出，这表明玩家3的词语可能是一个以其长尾巴而著名的动物。
- 玩家1的描述中提到了“憨态可掬的形象”，这通常与熊的形象相关，而玩家2和玩家3的描述中没有这样的描述。

结合这些信息，我们可以推断：

- 玩家1和玩家2的词语可能是熊，因为熊以其棕色皮毛和可爱的外表而闻名。
- 玩家3的词语可能是猴子，因为猴子以其善于攀爬、细长的身体、强壮的四肢和长尾巴而著称，且与熊和猫科动物的特征存在明显差异。

由于游戏中的词语分类为<动物>，且卧底词和平民词都属于该类，而玩家3的描述与玩家1和玩家2的描述不一致，因此玩家3很可能是卧底。|| 基于你刚刚的推断得出你的最终结论，请输出你认为的卧底，在这种情况下只需要输出编号，是1-4中的某个数字，不要输出其他信息。在这个过程不要进行任何推理，只对||以前的部分进行信息提取
2024-12-12 21:50:20,529 - 2 - INFO - **********PLAYER2**********
3
2024-12-12 21:51:00,770 - 2 - INFO - **********JUDGER**********
玩家1说：它是一种温顺的哺乳动物，有着长长的鼻子和可爱的外表。在同类中，它最突出的不同特征是它的棕色皮毛和憨态可掬的形象。这种动物体型庞大，拥有强壮的肌肉和锋利的爪牙，它们在同类中以其力量和敏捷著称。在同类中，它最显著的特征是它的厚实身体和黑白相间的毛皮，给人一种威严和力量感。玩家2说：它是一种灵活多变的哺乳动物，拥有锐利的爪子和尾巴。在同类中，它以其多彩的毛皮和善于模仿人类动作而著称。玩家3说：它是一种善于攀爬的哺乳动物，以其细长的身体和强壮的四肢而著称。在同类中，它最突出的不同特征是它的长尾巴，可以在攀爬时帮助保持平衡。玩家4说：它是一种陆地哺乳动物，通常具有厚实的身体和强壮的四肢。在同类中，它最突出的不同特征是它的体型庞大和通常为黑白相间的毛皮。你是第2号玩家，你的关键词是<猴子>。你的回答中绝对不能包含你的关键词<猴子>。这是第二轮描述，你之前的描述是它是一种灵活多变的哺乳动物，拥有锐利的爪子和尾巴。在同类中，它以其多彩的毛皮和善于模仿人类动作而著称。，注意，这局游戏的词语分类为<动物>，卧底词和平民词都属于该类，请你补充关于关键词的描述，注意，你的描述应该比起之前的描述更加贴近关键词，作为之前的补充
2024-12-12 21:51:03,150 - 2 - INFO - **********PLAYER2**********
它是一种生活在森林中的哺乳动物，以其机敏的听觉和善于跳跃的能力而闻名。在同类中，它以其手部的灵活性而著称，能够使用工具，并且通常在夜间活动。
2024-12-12 21:51:34,965 - 2 - INFO - **********JUDGER**********
玩家1说：它是一种温顺的哺乳动物，有着长长的鼻子和可爱的外表。在同类中，它最突出的不同特征是它的棕色皮毛和憨态可掬的形象。这种动物体型庞大，拥有强壮的肌肉和锋利的爪牙，它们在同类中以其力量和敏捷著称。在同类中，它最显著的特征是它的厚实身体和黑白相间的毛皮，给人一种威严和力量感。玩家2说：它是一种灵活多变的哺乳动物，拥有锐利的爪子和尾巴。在同类中，它以其多彩的毛皮和善于模仿人类动作而著称。它是一种生活在森林中的哺乳动物，以其机敏的听觉和善于跳跃的能力而闻名。在同类中，它以其手部的灵活性而著称，能够使用工具，并且通常在夜间活动。玩家3说：它是一种善于攀爬的哺乳动物，以其细长的身体和强壮的四肢而著称。在同类中，它最突出的不同特征是它的长尾巴，可以在攀爬时帮助保持平衡。它是一种以力量和耐力著称的哺乳动物，拥有厚重的身躯和强大的肌肉。在同类中，它以其独特的力量和沉稳的姿态而闻名，通常在森林中生活，以果实和昆虫为食。它的步态稳重，行动缓慢但充满力量。玩家4说：它是一种陆地哺乳动物，通常具有厚实的身体和强壮的四肢。在同类中，它最突出的不同特征是它的体型庞大和通常为黑白相间的毛皮。||在这个游戏中，我们需要通过分析每位玩家的描述来找出卧底。通常，平民的描述会围绕相同的词语展开，而卧底的描述可能会因为词语的不同而显得不太一致。我们需要仔细比较每个描述之间的相似性和差异性，以找出可能的卧底，注意，卧底并不会隐藏自己，他会直接描述他的词语，现在，逐一分析每个玩家的描述，注意，这局游戏的词语分类为<动物>，卧底词和平民词都属于该类。||之前是第2轮描述和之前轮数描述的合集。你之前认为的卧底是玩家3。
2024-12-12 21:51:38,040 - 2 - INFO - **********PLAYER2**********
根据第二轮描述和之前轮数描述的合集，以及之前的分析，我的最终结论是玩家3很可能是卧底。
2024-12-12 21:51:38,040 - 2 - INFO - **********JUDGER**********
你刚刚的分析是根据第二轮描述和之前轮数描述的合集，以及之前的分析，我的最终结论是玩家3很可能是卧底。|| `请根据上述分析，比较描述以找出不一致之处，注意，这局游戏的词语分类为<动物>，卧底词和平民词都属于该类。
2024-12-12 21:51:49,671 - 2 - INFO - **********PLAYER2**********
根据第二轮描述和之前轮数描述的合集，以下是不一致之处：

- 玩家1描述的动物具有“棕色皮毛”、“厚实身体”和“黑白相间的毛皮”，体型庞大，拥有强壮的肌肉和锋利的爪牙，这些特征与熊较为吻合。

- 玩家2描述的动物是灵活多变的，拥有多彩的毛皮和善于模仿人类动作，生活在森林中，具有机敏的听觉和善于跳跃的能力，这些特征与猴子较为吻合。

- 玩家3描述的动物善于攀爬，具有细长的身体和强壮的四肢，长尾巴有助于攀爬，以力量和耐力著称，拥有厚重的身躯和强大的肌肉，这些特征与猿或某些大型猴子（如黑猩猩）较为吻合。

- 玩家4描述的动物具有厚实的身体和强壮的四肢，体型庞大，通常为黑白相间的毛皮，这些特征也与熊较为吻合。

不一致之处在于：

- 玩家1和玩家4的描述都提到了“厚实的身体”和“黑白相间的毛皮”，这与玩家2和玩家3的描述不符。
- 玩家1和玩家4的描述都强调了体型庞大和力量感，而玩家2的描述强调了灵活多变和模仿人类动作，玩家3的描述则强调了攀爬能力和力量耐力。
- 玩家2的描述中提到了“机敏的听觉”和“善于跳跃”，这些特征在玩家1、玩家3和玩家4的描述中没有出现。

因此，玩家2的描述与玩家1、玩家3和玩家4的描述存在显著的不一致，这可能是他作为卧底的不同之处。
2024-12-12 21:51:49,672 - 2 - INFO - **********JUDGER**********
你刚刚的分析是根据第二轮描述和之前轮数描述的合集，以下是不一致之处：

- 玩家1描述的动物具有“棕色皮毛”、“厚实身体”和“黑白相间的毛皮”，体型庞大，拥有强壮的肌肉和锋利的爪牙，这些特征与熊较为吻合。

- 玩家2描述的动物是灵活多变的，拥有多彩的毛皮和善于模仿人类动作，生活在森林中，具有机敏的听觉和善于跳跃的能力，这些特征与猴子较为吻合。

- 玩家3描述的动物善于攀爬，具有细长的身体和强壮的四肢，长尾巴有助于攀爬，以力量和耐力著称，拥有厚重的身躯和强大的肌肉，这些特征与猿或某些大型猴子（如黑猩猩）较为吻合。

- 玩家4描述的动物具有厚实的身体和强壮的四肢，体型庞大，通常为黑白相间的毛皮，这些特征也与熊较为吻合。

不一致之处在于：

- 玩家1和玩家4的描述都提到了“厚实的身体”和“黑白相间的毛皮”，这与玩家2和玩家3的描述不符。
- 玩家1和玩家4的描述都强调了体型庞大和力量感，而玩家2的描述强调了灵活多变和模仿人类动作，玩家3的描述则强调了攀爬能力和力量耐力。
- 玩家2的描述中提到了“机敏的听觉”和“善于跳跃”，这些特征在玩家1、玩家3和玩家4的描述中没有出现。

因此，玩家2的描述与玩家1、玩家3和玩家4的描述存在显著的不一致，这可能是他作为卧底的不同之处。|| 请通过你分析的不一致之处，推断卧底身份，注意，这局游戏的词语分类为<动物>，卧底词和平民词都属于该类。
2024-12-12 21:51:53,468 - 2 - INFO - **********PLAYER2**********
基于分析的不一致之处，可以推断玩家2很可能是卧底。他的描述与玩家1、玩家3和玩家4的描述在特征上有明显的不同，特别是他提到了“机敏的听觉”和“善于跳跃”，而这些特征在描述熊和猿的玩家中没有出现。此外，玩家2的描述强调了“灵活多变”和“模仿人类动作”，这与猴子较为吻合，而猴子并不是其他玩家描述中提到的动物。因此，玩家2的描述与群体中的描述不一致，他可能是持有不同关键词的卧底。
2024-12-12 21:51:53,468 - 2 - INFO - **********JUDGER**********
你刚刚的推断是基于分析的不一致之处，可以推断玩家2很可能是卧底。他的描述与玩家1、玩家3和玩家4的描述在特征上有明显的不同，特别是他提到了“机敏的听觉”和“善于跳跃”，而这些特征在描述熊和猿的玩家中没有出现。此外，玩家2的描述强调了“灵活多变”和“模仿人类动作”，这与猴子较为吻合，而猴子并不是其他玩家描述中提到的动物。因此，玩家2的描述与群体中的描述不一致，他可能是持有不同关键词的卧底。|| 基于你刚刚的推断得出你的最终结论，请输出你认为的卧底，在这种情况下只需要输出编号，是1-4中的某个数字，不要输出其他信息。在这个过程不要进行任何推理，只对||以前的部分进行信息提取
2024-12-12 21:51:54,104 - 2 - INFO - **********PLAYER2**********
2
2024-12-12 21:52:35,112 - 2 - INFO - **********JUDGER**********
玩家1说：它是一种温顺的哺乳动物，有着长长的鼻子和可爱的外表。在同类中，它最突出的不同特征是它的棕色皮毛和憨态可掬的形象。这种动物体型庞大，拥有强壮的肌肉和锋利的爪牙，它们在同类中以其力量和敏捷著称。在同类中，它最显著的特征是它的厚实身体和黑白相间的毛皮，给人一种威严和力量感。这种动物以其在森林中的隐秘生活而闻名，它们通常在夜间活动，以避免天敌。它们的行为虽然看起来笨拙，但实际上非常敏捷，能够迅速移动以捕捉猎物或逃避危险。这种动物的嗅觉极为敏锐，能够探测到远处的食物和潜在的威胁。在同类中，它们以其坚定的意志和适应寒冷气候的能力而著称。玩家2说：它是一种灵活多变的哺乳动物，拥有锐利的爪子和尾巴。在同类中，它以其多彩的毛皮和善于模仿人类动作而著称。它是一种生活在森林中的哺乳动物，以其机敏的听觉和善于跳跃的能力而闻名。在同类中，它以其手部的灵活性而著称，能够使用工具，并且通常在夜间活动。玩家3说：它是一种善于攀爬的哺乳动物，以其细长的身体和强壮的四肢而著称。在同类中，它最突出的不同特征是它的长尾巴，可以在攀爬时帮助保持平衡。它是一种以力量和耐力著称的哺乳动物，拥有厚重的身躯和强大的肌肉。在同类中，它以其独特的力量和沉稳的姿态而闻名，通常在森林中生活，以果实和昆虫为食。它的步态稳重，行动缓慢但充满力量。玩家4说：它是一种陆地哺乳动物，通常具有厚实的身体和强壮的四肢。在同类中，它最突出的不同特征是它的体型庞大和通常为黑白相间的毛皮。这种动物在同类中以其强大的力量和坚固的骨架而著称。它的步态稳重，行动虽然缓慢但充满力量，给人一种可靠和稳重的感觉。在同类中，它以其独特的体型和厚实的身体结构而闻名，这种结构使它能够在寒冷的环境中生存。你是第2号玩家，你的关键词是<猴子>。你的回答中绝对不能包含你的关键词<猴子>。这是第三轮描述，你之前的描述是它是一种灵活多变的哺乳动物，拥有锐利的爪子和尾巴。在同类中，它以其多彩的毛皮和善于模仿人类动作而著称。和它是一种生活在森林中的哺乳动物，以其机敏的听觉和善于跳跃的能力而闻名。在同类中，它以其手部的灵活性而著称，能够使用工具，并且通常在夜间活动。，注意，这局游戏的词语分类为<动物>，卧底词和平民词都属于该类，请你补充关于关键词的描述，注意，你的描述应该比起之前的描述更加贴近关键词，作为之前的补充
2024-12-12 21:52:36,657 - 2 - INFO - **********PLAYER2**********
它是一种以敏捷和好奇心著称的动物，经常在树上活动，以其灵活的跳跃和手部的抓握能力而闻名。这种动物以其多样化的饮食和适应各种环境的能力而著称。
2024-12-12 21:53:15,301 - 2 - INFO - **********JUDGER**********
玩家1说：它是一种温顺的哺乳动物，有着长长的鼻子和可爱的外表。在同类中，它最突出的不同特征是它的棕色皮毛和憨态可掬的形象。这种动物体型庞大，拥有强壮的肌肉和锋利的爪牙，它们在同类中以其力量和敏捷著称。在同类中，它最显著的特征是它的厚实身体和黑白相间的毛皮，给人一种威严和力量感。这种动物以其在森林中的隐秘生活而闻名，它们通常在夜间活动，以避免天敌。它们的行为虽然看起来笨拙，但实际上非常敏捷，能够迅速移动以捕捉猎物或逃避危险。这种动物的嗅觉极为敏锐，能够探测到远处的食物和潜在的威胁。在同类中，它们以其坚定的意志和适应寒冷气候的能力而著称。玩家2说：它是一种灵活多变的哺乳动物，拥有锐利的爪子和尾巴。在同类中，它以其多彩的毛皮和善于模仿人类动作而著称。它是一种生活在森林中的哺乳动物，以其机敏的听觉和善于跳跃的能力而闻名。在同类中，它以其手部的灵活性而著称，能够使用工具，并且通常在夜间活动。它是一种以敏捷和好奇心著称的动物，经常在树上活动，以其灵活的跳跃和手部的抓握能力而闻名。这种动物以其多样化的饮食和适应各种环境的能力而著称。玩家3说：它是一种善于攀爬的哺乳动物，以其细长的身体和强壮的四肢而著称。在同类中，它最突出的不同特征是它的长尾巴，可以在攀爬时帮助保持平衡。它是一种以力量和耐力著称的哺乳动物，拥有厚重的身躯和强大的肌肉。在同类中，它以其独特的力量和沉稳的姿态而闻名，通常在森林中生活，以果实和昆虫为食。它的步态稳重，行动缓慢但充满力量。它是一种在森林中生活的哺乳动物，以其强大的前肢和锋利的爪子而著称。这种动物以它那厚重的身躯和强大的肌肉力量在同类中独树一帜。它的动作虽然看起来笨拙，但实际上非常敏捷，能够在森林中迅速移动和攀爬。这种动物通常以果实、昆虫和小型哺乳动物为食，它的适应能力使其能够在多种环境中生存。玩家4说：它是一种陆地哺乳动物，通常具有厚实的身体和强壮的四肢。在同类中，它最突出的不同特征是它的体型庞大和通常为黑白相间的毛皮。这种动物在同类中以其强大的力量和坚固的骨架而著称。它的步态稳重，行动虽然缓慢但充满力量，给人一种可靠和稳重的感觉。在同类中，它以其独特的体型和厚实的身体结构而闻名，这种结构使它能够在寒冷的环境中生存。这种动物在同类中以其强大的防御能力和威严的姿态而著称。它的皮肤粗糙，有时带有周期性的脱落，这种特征在同类中相对罕见。它通常在寒冷的环境中寻找庇护，以保护自己免受恶劣天气的影响。这种动物的个性通常被认为是独立和孤独的，它们很少与同类互动。||在这个游戏中，我们需要通过分析每位玩家的描述来找出卧底。通常，平民的描述会围绕相同的词语展开，而卧底的描述可能会因为词语的不同而显得不太一致。我们需要仔细比较每个描述之间的相似性和差异性，以找出可能的卧底，注意，卧底并不会隐藏自己，他会直接描述他的词语，现在，逐一分析每个玩家的描述，注意，这局游戏的词语分类为<动物>，卧底词和平民词都属于该类。||之前是第3轮描述和之前轮数描述的合集。你之前认为的卧底是玩家2。
2024-12-12 21:53:28,466 - 2 - INFO - **********PLAYER2**********
基于第3轮描述和之前轮数描述的合集，以下是不一致之处：

- 玩家1的描述强调了动物的温顺、棕色皮毛、厚实身体、黑白相间的毛皮、力量、敏捷、隐秘生活、敏锐的嗅觉、坚定的意志和适应寒冷气候的能力，这些特征与熊较为吻合。

- 玩家2的描述提到了动物的灵活多变、多彩的毛皮、模仿人类动作、机敏的听觉、善于跳跃、手部灵活性、使用工具、夜间活动、敏捷和好奇心、树上活动、灵活的跳跃、手部的抓握能力、多样化的饮食和适应各种环境的能力，这些特征与猴子较为吻合。

- 玩家3的描述提到了动物的攀爬能力、细长的身体、强壮的四肢、长尾巴、力量、耐力、厚重的身躯、强大的肌肉、独特的力量和沉稳的姿态、森林生活、以果实和昆虫为食、强大的前肢、锋利的爪子、厚重的身躯和强大的肌肉力量、敏捷、在森林中迅速移动和攀爬、以果实、昆虫和小型哺乳动物为食、适应能力，这些特征与猿或某些大型猴子（如黑猩猩）较为吻合。

- 玩家4的描述提到了动物的厚实身体、强壮的四肢、体型庞大、黑白相间的毛皮、强大的力量、坚固的骨架、稳重、可靠、独特的体型、厚实的身体结构、适应寒冷环境、强大的防御能力、威严的姿态、皮肤粗糙、周期性脱落、在寒冷环境中寻找庇护、独立和孤独的个性、很少与同类互动，这些特征与熊较为吻合。

由于玩家2的描述与其他玩家的描述存在明显的不一致，尤其是关于动物的行为特征和生活习性，这表明玩家2的描述可能更接近于卧底词。因此，玩家2可能是卧底。
2024-12-12 21:53:28,467 - 2 - INFO - **********JUDGER**********
你刚刚的分析是基于第3轮描述和之前轮数描述的合集，以下是不一致之处：

- 玩家1的描述强调了动物的温顺、棕色皮毛、厚实身体、黑白相间的毛皮、力量、敏捷、隐秘生活、敏锐的嗅觉、坚定的意志和适应寒冷气候的能力，这些特征与熊较为吻合。

- 玩家2的描述提到了动物的灵活多变、多彩的毛皮、模仿人类动作、机敏的听觉、善于跳跃、手部灵活性、使用工具、夜间活动、敏捷和好奇心、树上活动、灵活的跳跃、手部的抓握能力、多样化的饮食和适应各种环境的能力，这些特征与猴子较为吻合。

- 玩家3的描述提到了动物的攀爬能力、细长的身体、强壮的四肢、长尾巴、力量、耐力、厚重的身躯、强大的肌肉、独特的力量和沉稳的姿态、森林生活、以果实和昆虫为食、强大的前肢、锋利的爪子、厚重的身躯和强大的肌肉力量、敏捷、在森林中迅速移动和攀爬、以果实、昆虫和小型哺乳动物为食、适应能力，这些特征与猿或某些大型猴子（如黑猩猩）较为吻合。

- 玩家4的描述提到了动物的厚实身体、强壮的四肢、体型庞大、黑白相间的毛皮、强大的力量、坚固的骨架、稳重、可靠、独特的体型、厚实的身体结构、适应寒冷环境、强大的防御能力、威严的姿态、皮肤粗糙、周期性脱落、在寒冷环境中寻找庇护、独立和孤独的个性、很少与同类互动，这些特征与熊较为吻合。

由于玩家2的描述与其他玩家的描述存在明显的不一致，尤其是关于动物的行为特征和生活习性，这表明玩家2的描述可能更接近于卧底词。因此，玩家2可能是卧底。|| `请根据上述分析，比较描述以找出不一致之处，注意，这局游戏的词语分类为<动物>，卧底词和平民词都属于该类。
2024-12-12 21:53:39,992 - 2 - INFO - **********PLAYER2**********
根据上述分析，不一致之处主要体现在以下几个方面：

1. **生活习性**：
   - 玩家1描述的动物通常在夜间活动，以避免天敌，而玩家2描述的动物通常在夜间活动，但没有特别提到避免天敌。
   - 玩家3描述的动物通常在森林中生活，以果实和昆虫为食，而玩家4描述的动物同样在森林中生活，但未提及具体食物来源。

2. **身体特征**：
   - 玩家1描述的动物具有“厚实身体”和“黑白相间的毛皮”，而玩家2描述的动物具有“多彩的毛皮”，没有提到黑白相间的特征。
   - 玩家3描述的动物具有“长尾巴”，而玩家1和玩家4的描述中没有提到长尾巴。

3. **行为特征**：
   - 玩家1描述的动物行为上“看起来笨拙，但实际上非常敏捷”，而玩家2描述的动物“以敏捷和好奇心著称”。
   - 玩家2描述的动物“善于模仿人类动作”，而其他玩家没有提到这一特征。

4. **社会行为**：
   - 玩家4描述的动物“很少与同类互动”，而其他玩家没有提到动物的社会行为。

这些不一致之处表明玩家2的描述与其他玩家在动物的生活习性、身体特征、行为特征和社会行为上存在显著差异，这可能是他作为卧底的不同之处。
2024-12-12 21:53:39,993 - 2 - INFO - **********JUDGER**********
你刚刚的分析是根据上述分析，不一致之处主要体现在以下几个方面：

1. **生活习性**：
   - 玩家1描述的动物通常在夜间活动，以避免天敌，而玩家2描述的动物通常在夜间活动，但没有特别提到避免天敌。
   - 玩家3描述的动物通常在森林中生活，以果实和昆虫为食，而玩家4描述的动物同样在森林中生活，但未提及具体食物来源。

2. **身体特征**：
   - 玩家1描述的动物具有“厚实身体”和“黑白相间的毛皮”，而玩家2描述的动物具有“多彩的毛皮”，没有提到黑白相间的特征。
   - 玩家3描述的动物具有“长尾巴”，而玩家1和玩家4的描述中没有提到长尾巴。

3. **行为特征**：
   - 玩家1描述的动物行为上“看起来笨拙，但实际上非常敏捷”，而玩家2描述的动物“以敏捷和好奇心著称”。
   - 玩家2描述的动物“善于模仿人类动作”，而其他玩家没有提到这一特征。

4. **社会行为**：
   - 玩家4描述的动物“很少与同类互动”，而其他玩家没有提到动物的社会行为。

这些不一致之处表明玩家2的描述与其他玩家在动物的生活习性、身体特征、行为特征和社会行为上存在显著差异，这可能是他作为卧底的不同之处。|| 请通过你分析的不一致之处，推断卧底身份，注意，这局游戏的词语分类为<动物>，卧底词和平民词都属于该类。
2024-12-12 21:53:44,898 - 2 - INFO - **********PLAYER2**********
基于分析的不一致之处，可以推断玩家2很可能是卧底。他的描述在多个方面与其他玩家的描述不一致，包括生活习性、身体特征、行为特征和社会行为。这些差异表明玩家2的描述可能基于一个与群体中其他人不同的动物。由于游戏分类为<动物>，卧底词和平民词都属于该类，玩家2的描述中的不一致性增加了他作为卧底的可能性。
2024-12-12 21:53:44,899 - 2 - INFO - **********JUDGER**********
你刚刚的推断是基于分析的不一致之处，可以推断玩家2很可能是卧底。他的描述在多个方面与其他玩家的描述不一致，包括生活习性、身体特征、行为特征和社会行为。这些差异表明玩家2的描述可能基于一个与群体中其他人不同的动物。由于游戏分类为<动物>，卧底词和平民词都属于该类，玩家2的描述中的不一致性增加了他作为卧底的可能性。|| 基于你刚刚的推断得出你的最终结论，请输出你认为的卧底，在这种情况下只需要输出编号，是1-4中的某个数字，不要输出其他信息。在这个过程不要进行任何推理，只对||以前的部分进行信息提取
2024-12-12 21:53:46,324 - 2 - INFO - **********PLAYER2**********
2
2024-12-12 21:53:46,324 - 2 - INFO - **********JUDGER**********
你认为卧底是你自己。你现在需要随便选一个人投票。请输出一个数字，是1-4中的某个数字，但这个数字不能是2，不要输出其他信息。
2024-12-12 21:53:47,537 - 2 - INFO - **********PLAYER2**********
1
