2024-12-12 21:49:29,526 - 3 - INFO - **********JUDGER**********
让我们来玩一个叫做<谁是卧底>的推理游戏。基本规则：<人数>：4人。<角色分配>：每位玩家随机抽取一个词语，3名玩家拿到的词语是相同的（平民词），1名玩家拿到与之相近但不同的词语（卧底词）。<游戏流程>：1、玩家轮流描述自己的词语，但<不能>直接说出词语本身。2、描述完毕后，投票选出最像卧底的玩家。3、每轮结束后，被投票选出的玩家出局，不能再进行描述或投票。4、每轮投票结束后，如果卧底被成功找出，平民方获胜；如果卧底未被找出且卧底人数等于或超过平民人数，则卧底方获胜。你将扮演一个<玩家>，请等待你被分配到的关键词。如果你听懂了，只回答，"好的，我准备好参加游戏了"，不要输出别的信息
2024-12-12 21:49:29,909 - 3 - INFO - **********PLAYER3**********
好的，我准备好参加游戏了
2024-12-12 21:49:33,581 - 3 - INFO - **********JUDGER**********
玩家1说：它是一种温顺的哺乳动物，有着长长的鼻子和可爱的外表。在同类中，它最突出的不同特征是它的棕色皮毛和憨态可掬的形象。玩家2说：它是一种灵活多变的哺乳动物，拥有锐利的爪子和尾巴。在同类中，它以其多彩的毛皮和善于模仿人类动作而著称。玩家3说：玩家4说：|| 你是第3号玩家，你的关键词是<熊>。你的回答中绝对不能包含你的关键词<熊>。这是第一轮描述，不需要分析||之前别的玩家的描述，请你描述关键词基本特征，注意，这局游戏的词语分类为<动物>，卧底词和平民词都属于该类，描述包括以下两点，1.他的基本特征是什么2.他在该类（动物）中最突出不同的特征是什么，尽量简短
2024-12-12 21:49:34,720 - 3 - INFO - **********PLAYER3**********
它是一种善于攀爬的哺乳动物，以其细长的身体和强壮的四肢而著称。在同类中，它最突出的不同特征是它的长尾巴，可以在攀爬时帮助保持平衡。
2024-12-12 21:50:20,529 - 3 - INFO - **********JUDGER**********
玩家1说：它是一种温顺的哺乳动物，有着长长的鼻子和可爱的外表。在同类中，它最突出的不同特征是它的棕色皮毛和憨态可掬的形象。玩家2说：它是一种灵活多变的哺乳动物，拥有锐利的爪子和尾巴。在同类中，它以其多彩的毛皮和善于模仿人类动作而著称。玩家3说：它是一种善于攀爬的哺乳动物，以其细长的身体和强壮的四肢而著称。在同类中，它最突出的不同特征是它的长尾巴，可以在攀爬时帮助保持平衡。玩家4说：||在这个游戏中，我们需要通过分析每位玩家的描述来找出卧底。通常，平民的描述会围绕相同的词语展开，而卧底的描述可能会因为词语的不同而显得不太一致。我们需要仔细比较每个描述之间的相似性和差异性，以找出可能的卧底，注意，卧底并不会隐藏自己，他会直接描述他的词语，现在，逐一分析每个玩家的描述，注意，这局游戏的词语分类为<动物>，卧底词和平民词都属于该类。这是第一轮描述。
2024-12-12 21:50:25,116 - 3 - INFO - **********PLAYER3**********
好的，我来分析一下：

玩家1描述的词语特征是温顺、长鼻子、可爱外表、棕色皮毛和憨态可掬，这听起来像是熊。

玩家2描述的词语特征是灵活多变、锐利爪子、尾巴、多彩毛皮和模仿人类动作，这更像是猫科动物，比如猫。

玩家3描述的词语特征是善于攀爬、细长身体、强壮四肢、长尾巴，这也符合猫科动物的特征。

玩家4没有提供描述，所以无法根据描述来判断。

根据描述，玩家1、玩家2和玩家3的描述都指向了猫科动物，而玩家4没有描述，所以目前来看，玩家4可能是卧底，因为其他三个玩家的描述有较高的相似性。不过，最终还需要结合后续的描述和投票来确定。
2024-12-12 21:50:25,116 - 3 - INFO - **********JUDGER**********
你刚刚的分析是好的，我来分析一下：

玩家1描述的词语特征是温顺、长鼻子、可爱外表、棕色皮毛和憨态可掬，这听起来像是熊。

玩家2描述的词语特征是灵活多变、锐利爪子、尾巴、多彩毛皮和模仿人类动作，这更像是猫科动物，比如猫。

玩家3描述的词语特征是善于攀爬、细长身体、强壮四肢、长尾巴，这也符合猫科动物的特征。

玩家4没有提供描述，所以无法根据描述来判断。

根据描述，玩家1、玩家2和玩家3的描述都指向了猫科动物，而玩家4没有描述，所以目前来看，玩家4可能是卧底，因为其他三个玩家的描述有较高的相似性。不过，最终还需要结合后续的描述和投票来确定。|| `请根据上述分析，比较描述以找出不一致之处，注意，这局游戏的词语分类为<动物>，卧底词和平民词都属于该类。
2024-12-12 21:50:29,264 - 3 - INFO - **********PLAYER3**********
根据上述分析，我们可以比较描述以找出不一致之处：

1. 玩家1的描述提到了“棕色皮毛”，这与猫科动物的一般特征不符，因为猫科动物的毛皮颜色多样，不仅仅是棕色。

2. 玩家2和玩家3的描述都强调了动物的行为特征（灵活多变、善于攀爬），而玩家1的描述则更侧重于外观特征（温顺、可爱外表、憨态可掬）。

3. 玩家2和玩家3的描述中都提到了动物的尾巴，而玩家1没有提到。

4. 玩家4没有提供描述，因此无法与其他玩家的描述进行比较。

基于这些不一致之处，玩家1的描述与玩家2和玩家3的描述在细节上有明显的差异，这可能是由于玩家1可能是平民，而玩家2和玩家3可能是卧底，他们的关键词可能是同一类动物但不同的具体物种。而玩家4没有提供描述，无法确定其身份。
2024-12-12 21:50:29,265 - 3 - INFO - **********JUDGER**********
你刚刚的分析是根据上述分析，我们可以比较描述以找出不一致之处：

1. 玩家1的描述提到了“棕色皮毛”，这与猫科动物的一般特征不符，因为猫科动物的毛皮颜色多样，不仅仅是棕色。

2. 玩家2和玩家3的描述都强调了动物的行为特征（灵活多变、善于攀爬），而玩家1的描述则更侧重于外观特征（温顺、可爱外表、憨态可掬）。

3. 玩家2和玩家3的描述中都提到了动物的尾巴，而玩家1没有提到。

4. 玩家4没有提供描述，因此无法与其他玩家的描述进行比较。

基于这些不一致之处，玩家1的描述与玩家2和玩家3的描述在细节上有明显的差异，这可能是由于玩家1可能是平民，而玩家2和玩家3可能是卧底，他们的关键词可能是同一类动物但不同的具体物种。而玩家4没有提供描述，无法确定其身份。|| 请通过你分析的不一致之处，推断卧底身份，注意，这局游戏的词语分类为<动物>，卧底词和平民词都属于该类。
2024-12-12 21:50:35,325 - 3 - INFO - **********PLAYER3**********
根据分析中提到的不一致之处，我们可以进行以下推断：

1. 玩家1提到“棕色皮毛”，这与猫科动物中常见的多彩毛皮特征不符，而熊的毛皮通常是棕色或灰色的。因此，玩家1的描述可能指向熊，而熊是猫科动物之外的一种动物。

2. 玩家2和玩家3的描述都强调了动物的行为特征，这与熊的行为特征（温顺、可爱外表、憨态可掬）不太相符，而更像是猫科动物的行为特征。

3. 玩家2和玩家3的描述中都提到了尾巴，这通常是猫科动物的特征，而熊的尾巴相对较短。

综合以上点，玩家1的描述与玩家2和玩家3的描述存在较大差异，且玩家1的描述更符合熊的特征。因此，根据游戏规则，玩家1可能是卧底，因为他的描述与平民的描述不一致，且指向了一个不同的动物类别（熊）。而玩家2和玩家3的描述更一致，可能是平民，他们的关键词可能是同一类动物，比如猫。至于玩家4，由于没有提供描述，我们无法确定其身份。
2024-12-12 21:50:35,326 - 3 - INFO - **********JUDGER**********
你刚刚的推断是根据分析中提到的不一致之处，我们可以进行以下推断：

1. 玩家1提到“棕色皮毛”，这与猫科动物中常见的多彩毛皮特征不符，而熊的毛皮通常是棕色或灰色的。因此，玩家1的描述可能指向熊，而熊是猫科动物之外的一种动物。

2. 玩家2和玩家3的描述都强调了动物的行为特征，这与熊的行为特征（温顺、可爱外表、憨态可掬）不太相符，而更像是猫科动物的行为特征。

3. 玩家2和玩家3的描述中都提到了尾巴，这通常是猫科动物的特征，而熊的尾巴相对较短。

综合以上点，玩家1的描述与玩家2和玩家3的描述存在较大差异，且玩家1的描述更符合熊的特征。因此，根据游戏规则，玩家1可能是卧底，因为他的描述与平民的描述不一致，且指向了一个不同的动物类别（熊）。而玩家2和玩家3的描述更一致，可能是平民，他们的关键词可能是同一类动物，比如猫。至于玩家4，由于没有提供描述，我们无法确定其身份。|| 基于你刚刚的推断得出你的最终结论，请输出你认为的卧底，在这种情况下只需要输出编号，是1-4中的某个数字，不要输出其他信息。在这个过程不要进行任何推理，只对||以前的部分进行信息提取
2024-12-12 21:50:35,851 - 3 - INFO - **********PLAYER3**********
1
2024-12-12 21:51:03,150 - 3 - INFO - **********JUDGER**********
玩家1说：它是一种温顺的哺乳动物，有着长长的鼻子和可爱的外表。在同类中，它最突出的不同特征是它的棕色皮毛和憨态可掬的形象。这种动物体型庞大，拥有强壮的肌肉和锋利的爪牙，它们在同类中以其力量和敏捷著称。在同类中，它最显著的特征是它的厚实身体和黑白相间的毛皮，给人一种威严和力量感。玩家2说：它是一种灵活多变的哺乳动物，拥有锐利的爪子和尾巴。在同类中，它以其多彩的毛皮和善于模仿人类动作而著称。它是一种生活在森林中的哺乳动物，以其机敏的听觉和善于跳跃的能力而闻名。在同类中，它以其手部的灵活性而著称，能够使用工具，并且通常在夜间活动。玩家3说：它是一种善于攀爬的哺乳动物，以其细长的身体和强壮的四肢而著称。在同类中，它最突出的不同特征是它的长尾巴，可以在攀爬时帮助保持平衡。玩家4说：它是一种陆地哺乳动物，通常具有厚实的身体和强壮的四肢。在同类中，它最突出的不同特征是它的体型庞大和通常为黑白相间的毛皮。你是第3号玩家，你的关键词是<熊>。你的回答中绝对不能包含你的关键词<熊>。这是第二轮描述，你之前的描述是它是一种善于攀爬的哺乳动物，以其细长的身体和强壮的四肢而著称。在同类中，它最突出的不同特征是它的长尾巴，可以在攀爬时帮助保持平衡。，注意，这局游戏的词语分类为<动物>，卧底词和平民词都属于该类，请你补充关于关键词的描述，注意，你的描述应该比起之前的描述更加贴近关键词，作为之前的补充
2024-12-12 21:51:05,675 - 3 - INFO - **********PLAYER3**********
它是一种以力量和耐力著称的哺乳动物，拥有厚重的身躯和强大的肌肉。在同类中，它以其独特的力量和沉稳的姿态而闻名，通常在森林中生活，以果实和昆虫为食。它的步态稳重，行动缓慢但充满力量。
2024-12-12 21:51:54,104 - 3 - INFO - **********JUDGER**********
玩家1说：它是一种温顺的哺乳动物，有着长长的鼻子和可爱的外表。在同类中，它最突出的不同特征是它的棕色皮毛和憨态可掬的形象。这种动物体型庞大，拥有强壮的肌肉和锋利的爪牙，它们在同类中以其力量和敏捷著称。在同类中，它最显著的特征是它的厚实身体和黑白相间的毛皮，给人一种威严和力量感。玩家2说：它是一种灵活多变的哺乳动物，拥有锐利的爪子和尾巴。在同类中，它以其多彩的毛皮和善于模仿人类动作而著称。它是一种生活在森林中的哺乳动物，以其机敏的听觉和善于跳跃的能力而闻名。在同类中，它以其手部的灵活性而著称，能够使用工具，并且通常在夜间活动。玩家3说：它是一种善于攀爬的哺乳动物，以其细长的身体和强壮的四肢而著称。在同类中，它最突出的不同特征是它的长尾巴，可以在攀爬时帮助保持平衡。它是一种以力量和耐力著称的哺乳动物，拥有厚重的身躯和强大的肌肉。在同类中，它以其独特的力量和沉稳的姿态而闻名，通常在森林中生活，以果实和昆虫为食。它的步态稳重，行动缓慢但充满力量。玩家4说：它是一种陆地哺乳动物，通常具有厚实的身体和强壮的四肢。在同类中，它最突出的不同特征是它的体型庞大和通常为黑白相间的毛皮。||在这个游戏中，我们需要通过分析每位玩家的描述来找出卧底。通常，平民的描述会围绕相同的词语展开，而卧底的描述可能会因为词语的不同而显得不太一致。我们需要仔细比较每个描述之间的相似性和差异性，以找出可能的卧底，注意，卧底并不会隐藏自己，他会直接描述他的词语，现在，逐一分析每个玩家的描述，注意，这局游戏的词语分类为<动物>，卧底词和平民词都属于该类。||之前是第2轮描述和之前轮数描述的合集。你之前认为的卧底是玩家1。
2024-12-12 21:52:04,946 - 3 - INFO - **********PLAYER3**********
根据第二轮描述和之前的描述，我们可以进行以下分析：

玩家1的描述提到了“棕色皮毛”和“厚实身体和黑白相间的毛皮”，这与熊的特征相符，但同时也提到了“力量和敏捷”，这可能是对熊的误解。

玩家2的描述提到了“多彩的毛皮”和“善于模仿人类动作”，这听起来像是猫科动物，尤其是猫。

玩家3的描述强调了“力量和耐力”、“厚重的身躯和强大的肌肉”，这与熊的特征相符，但之前的描述已经指向了熊。

玩家4的描述提到了“体型庞大和通常为黑白相间的毛皮”，这同样指向了熊。

由于玩家1的描述中提到了“厚实身体和黑白相间的毛皮”，这与熊的特征相符，但同时也包含了其他特征，这可能是由于对熊特征的误解。玩家3和玩家4的描述与熊的特征更为接近，但玩家3的描述与之前的描述重复，这可能意味着玩家3没有意识到自己的描述已经指向了熊。

基于以上分析，如果之前的推断是基于描述中的相似性，那么玩家2的描述与猫科动物的特征更为吻合，因此玩家2可能是卧底。但如果考虑到玩家1描述中的混淆，那么玩家1也可能是卧底。由于之前的推断是玩家1，我们将保持这一结论，即玩家1可能是卧底。
2024-12-12 21:52:04,947 - 3 - INFO - **********JUDGER**********
你刚刚的分析是根据第二轮描述和之前的描述，我们可以进行以下分析：

玩家1的描述提到了“棕色皮毛”和“厚实身体和黑白相间的毛皮”，这与熊的特征相符，但同时也提到了“力量和敏捷”，这可能是对熊的误解。

玩家2的描述提到了“多彩的毛皮”和“善于模仿人类动作”，这听起来像是猫科动物，尤其是猫。

玩家3的描述强调了“力量和耐力”、“厚重的身躯和强大的肌肉”，这与熊的特征相符，但之前的描述已经指向了熊。

玩家4的描述提到了“体型庞大和通常为黑白相间的毛皮”，这同样指向了熊。

由于玩家1的描述中提到了“厚实身体和黑白相间的毛皮”，这与熊的特征相符，但同时也包含了其他特征，这可能是由于对熊特征的误解。玩家3和玩家4的描述与熊的特征更为接近，但玩家3的描述与之前的描述重复，这可能意味着玩家3没有意识到自己的描述已经指向了熊。

基于以上分析，如果之前的推断是基于描述中的相似性，那么玩家2的描述与猫科动物的特征更为吻合，因此玩家2可能是卧底。但如果考虑到玩家1描述中的混淆，那么玩家1也可能是卧底。由于之前的推断是玩家1，我们将保持这一结论，即玩家1可能是卧底。|| `请根据上述分析，比较描述以找出不一致之处，注意，这局游戏的词语分类为<动物>，卧底词和平民词都属于该类。
2024-12-12 21:52:12,041 - 3 - INFO - **********PLAYER3**********
根据上述分析，我们可以比较描述以找出不一致之处：

1. 玩家1的描述中提到了“力量和敏捷”，这通常不是熊的特征，而熊的典型特征是“力量和耐力”。这表明玩家1的描述可能存在混淆。

2. 玩家2的描述提到了“多彩的毛皮”和“善于模仿人类动作”，这与猫科动物的特征更为吻合，而不是熊。

3. 玩家3的描述与第一轮相似，强调了“力量和耐力”以及“厚重的身躯和强大的肌肉”，这与熊的特征相符，但与玩家1和玩家4的描述相似。

4. 玩家4的描述提到了“体型庞大和通常为黑白相间的毛皮”，这与熊的特征相符，特别是提到了黑白相间的毛皮，这是熊猫的特征，而不是熊。

不一致之处在于玩家1和玩家4的描述都提到了黑白相间的毛皮，这是熊猫的特征，而不是熊或猫科动物。玩家2的描述则更偏向于猫科动物。因此，不一致之处在于对毛皮颜色的描述，这可能表明玩家1和玩家4的描述指向了不同的动物，而玩家2的描述则更符合猫科动物的特征。
2024-12-12 21:52:12,043 - 3 - INFO - **********JUDGER**********
你刚刚的分析是根据上述分析，我们可以比较描述以找出不一致之处：

1. 玩家1的描述中提到了“力量和敏捷”，这通常不是熊的特征，而熊的典型特征是“力量和耐力”。这表明玩家1的描述可能存在混淆。

2. 玩家2的描述提到了“多彩的毛皮”和“善于模仿人类动作”，这与猫科动物的特征更为吻合，而不是熊。

3. 玩家3的描述与第一轮相似，强调了“力量和耐力”以及“厚重的身躯和强大的肌肉”，这与熊的特征相符，但与玩家1和玩家4的描述相似。

4. 玩家4的描述提到了“体型庞大和通常为黑白相间的毛皮”，这与熊的特征相符，特别是提到了黑白相间的毛皮，这是熊猫的特征，而不是熊。

不一致之处在于玩家1和玩家4的描述都提到了黑白相间的毛皮，这是熊猫的特征，而不是熊或猫科动物。玩家2的描述则更偏向于猫科动物。因此，不一致之处在于对毛皮颜色的描述，这可能表明玩家1和玩家4的描述指向了不同的动物，而玩家2的描述则更符合猫科动物的特征。|| 请通过你分析的不一致之处，推断卧底身份，注意，这局游戏的词语分类为<动物>，卧底词和平民词都属于该类。
2024-12-12 21:52:17,733 - 3 - INFO - **********PLAYER3**********
根据分析中提到的不一致之处，可以推断卧底身份如下：

玩家1和玩家4的描述都提到了“黑白相间的毛皮”，这指向了熊猫，而不是熊或猫科动物。由于游戏中的词语分类为<动物>，且卧底词和平民词都属于该类，玩家1和玩家4的描述与大多数玩家描述的动物种类不一致。

玩家2的描述则更偏向于猫科动物，这与玩家1和玩家4的描述在动物种类上形成对比。

因此，基于对毛皮颜色描述的不一致，玩家1或玩家4可能是卧底，因为他们指向了熊猫，而其他玩家描述的动物种类与熊猫不匹配。在这种情况下，无法确定是玩家1还是玩家4是卧底，需要进一步的描述和投票来确定。
2024-12-12 21:52:17,734 - 3 - INFO - **********JUDGER**********
你刚刚的推断是根据分析中提到的不一致之处，可以推断卧底身份如下：

玩家1和玩家4的描述都提到了“黑白相间的毛皮”，这指向了熊猫，而不是熊或猫科动物。由于游戏中的词语分类为<动物>，且卧底词和平民词都属于该类，玩家1和玩家4的描述与大多数玩家描述的动物种类不一致。

玩家2的描述则更偏向于猫科动物，这与玩家1和玩家4的描述在动物种类上形成对比。

因此，基于对毛皮颜色描述的不一致，玩家1或玩家4可能是卧底，因为他们指向了熊猫，而其他玩家描述的动物种类与熊猫不匹配。在这种情况下，无法确定是玩家1还是玩家4是卧底，需要进一步的描述和投票来确定。|| 基于你刚刚的推断得出你的最终结论，请输出你认为的卧底，在这种情况下只需要输出编号，是1-4中的某个数字，不要输出其他信息。在这个过程不要进行任何推理，只对||以前的部分进行信息提取
2024-12-12 21:52:18,906 - 3 - INFO - **********PLAYER3**********
1
2024-12-12 21:52:36,658 - 3 - INFO - **********JUDGER**********
玩家1说：它是一种温顺的哺乳动物，有着长长的鼻子和可爱的外表。在同类中，它最突出的不同特征是它的棕色皮毛和憨态可掬的形象。这种动物体型庞大，拥有强壮的肌肉和锋利的爪牙，它们在同类中以其力量和敏捷著称。在同类中，它最显著的特征是它的厚实身体和黑白相间的毛皮，给人一种威严和力量感。这种动物以其在森林中的隐秘生活而闻名，它们通常在夜间活动，以避免天敌。它们的行为虽然看起来笨拙，但实际上非常敏捷，能够迅速移动以捕捉猎物或逃避危险。这种动物的嗅觉极为敏锐，能够探测到远处的食物和潜在的威胁。在同类中，它们以其坚定的意志和适应寒冷气候的能力而著称。玩家2说：它是一种灵活多变的哺乳动物，拥有锐利的爪子和尾巴。在同类中，它以其多彩的毛皮和善于模仿人类动作而著称。它是一种生活在森林中的哺乳动物，以其机敏的听觉和善于跳跃的能力而闻名。在同类中，它以其手部的灵活性而著称，能够使用工具，并且通常在夜间活动。它是一种以敏捷和好奇心著称的动物，经常在树上活动，以其灵活的跳跃和手部的抓握能力而闻名。这种动物以其多样化的饮食和适应各种环境的能力而著称。玩家3说：它是一种善于攀爬的哺乳动物，以其细长的身体和强壮的四肢而著称。在同类中，它最突出的不同特征是它的长尾巴，可以在攀爬时帮助保持平衡。它是一种以力量和耐力著称的哺乳动物，拥有厚重的身躯和强大的肌肉。在同类中，它以其独特的力量和沉稳的姿态而闻名，通常在森林中生活，以果实和昆虫为食。它的步态稳重，行动缓慢但充满力量。玩家4说：它是一种陆地哺乳动物，通常具有厚实的身体和强壮的四肢。在同类中，它最突出的不同特征是它的体型庞大和通常为黑白相间的毛皮。这种动物在同类中以其强大的力量和坚固的骨架而著称。它的步态稳重，行动虽然缓慢但充满力量，给人一种可靠和稳重的感觉。在同类中，它以其独特的体型和厚实的身体结构而闻名，这种结构使它能够在寒冷的环境中生存。你是第3号玩家，你的关键词是<熊>。你的回答中绝对不能包含你的关键词<熊>。这是第三轮描述，你之前的描述是它是一种善于攀爬的哺乳动物，以其细长的身体和强壮的四肢而著称。在同类中，它最突出的不同特征是它的长尾巴，可以在攀爬时帮助保持平衡。和它是一种以力量和耐力著称的哺乳动物，拥有厚重的身躯和强大的肌肉。在同类中，它以其独特的力量和沉稳的姿态而闻名，通常在森林中生活，以果实和昆虫为食。它的步态稳重，行动缓慢但充满力量。，注意，这局游戏的词语分类为<动物>，卧底词和平民词都属于该类，请你补充关于关键词的描述，注意，你的描述应该比起之前的描述更加贴近关键词，作为之前的补充
2024-12-12 21:52:41,605 - 3 - INFO - **********PLAYER3**********
它是一种在森林中生活的哺乳动物，以其强大的前肢和锋利的爪子而著称。这种动物以它那厚重的身躯和强大的肌肉力量在同类中独树一帜。它的动作虽然看起来笨拙，但实际上非常敏捷，能够在森林中迅速移动和攀爬。这种动物通常以果实、昆虫和小型哺乳动物为食，它的适应能力使其能够在多种环境中生存。
2024-12-12 21:53:47,537 - 3 - INFO - **********JUDGER**********
玩家1说：它是一种温顺的哺乳动物，有着长长的鼻子和可爱的外表。在同类中，它最突出的不同特征是它的棕色皮毛和憨态可掬的形象。这种动物体型庞大，拥有强壮的肌肉和锋利的爪牙，它们在同类中以其力量和敏捷著称。在同类中，它最显著的特征是它的厚实身体和黑白相间的毛皮，给人一种威严和力量感。这种动物以其在森林中的隐秘生活而闻名，它们通常在夜间活动，以避免天敌。它们的行为虽然看起来笨拙，但实际上非常敏捷，能够迅速移动以捕捉猎物或逃避危险。这种动物的嗅觉极为敏锐，能够探测到远处的食物和潜在的威胁。在同类中，它们以其坚定的意志和适应寒冷气候的能力而著称。玩家2说：它是一种灵活多变的哺乳动物，拥有锐利的爪子和尾巴。在同类中，它以其多彩的毛皮和善于模仿人类动作而著称。它是一种生活在森林中的哺乳动物，以其机敏的听觉和善于跳跃的能力而闻名。在同类中，它以其手部的灵活性而著称，能够使用工具，并且通常在夜间活动。它是一种以敏捷和好奇心著称的动物，经常在树上活动，以其灵活的跳跃和手部的抓握能力而闻名。这种动物以其多样化的饮食和适应各种环境的能力而著称。玩家3说：它是一种善于攀爬的哺乳动物，以其细长的身体和强壮的四肢而著称。在同类中，它最突出的不同特征是它的长尾巴，可以在攀爬时帮助保持平衡。它是一种以力量和耐力著称的哺乳动物，拥有厚重的身躯和强大的肌肉。在同类中，它以其独特的力量和沉稳的姿态而闻名，通常在森林中生活，以果实和昆虫为食。它的步态稳重，行动缓慢但充满力量。它是一种在森林中生活的哺乳动物，以其强大的前肢和锋利的爪子而著称。这种动物以它那厚重的身躯和强大的肌肉力量在同类中独树一帜。它的动作虽然看起来笨拙，但实际上非常敏捷，能够在森林中迅速移动和攀爬。这种动物通常以果实、昆虫和小型哺乳动物为食，它的适应能力使其能够在多种环境中生存。玩家4说：它是一种陆地哺乳动物，通常具有厚实的身体和强壮的四肢。在同类中，它最突出的不同特征是它的体型庞大和通常为黑白相间的毛皮。这种动物在同类中以其强大的力量和坚固的骨架而著称。它的步态稳重，行动虽然缓慢但充满力量，给人一种可靠和稳重的感觉。在同类中，它以其独特的体型和厚实的身体结构而闻名，这种结构使它能够在寒冷的环境中生存。这种动物在同类中以其强大的防御能力和威严的姿态而著称。它的皮肤粗糙，有时带有周期性的脱落，这种特征在同类中相对罕见。它通常在寒冷的环境中寻找庇护，以保护自己免受恶劣天气的影响。这种动物的个性通常被认为是独立和孤独的，它们很少与同类互动。||在这个游戏中，我们需要通过分析每位玩家的描述来找出卧底。通常，平民的描述会围绕相同的词语展开，而卧底的描述可能会因为词语的不同而显得不太一致。我们需要仔细比较每个描述之间的相似性和差异性，以找出可能的卧底，注意，卧底并不会隐藏自己，他会直接描述他的词语，现在，逐一分析每个玩家的描述，注意，这局游戏的词语分类为<动物>，卧底词和平民词都属于该类。||之前是第3轮描述和之前轮数描述的合集。你之前认为的卧底是玩家1。
2024-12-12 21:53:56,377 - 3 - INFO - **********PLAYER3**********
根据第三轮描述和之前的描述，我们可以进行以下分析：

玩家1的描述提到了“厚实身体和黑白相间的毛皮”，这与熊的特征相符，尤其是提到“坚定的意志和适应寒冷气候的能力”，这进一步强化了熊的特征。

玩家2的描述强调了“多彩的毛皮”和“善于模仿人类动作”，这听起来像是猫科动物，尤其是猫。

玩家3的描述与之前相似，提到了“厚重的身躯和强大的肌肉”，以及“强大的前肢和锋利的爪子”，这与熊的特征相符。

玩家4的描述中提到了“体型庞大和通常为黑白相间的毛皮”，这同样指向了熊，尤其是提到“强大的防御能力和威严的姿态”，这与熊的威严形象相符。

综合以上描述，玩家1、玩家3和玩家4的描述都指向了熊的特征，而玩家2的描述则更偏向于猫科动物。由于之前的推断是玩家1可能是卧底，但现在玩家3和玩家4的描述也与熊的特征相符，我们需要重新评估。

如果玩家2的描述是卧底词，那么他的描述应该与猫科动物的其他成员更为相似，而不是与熊的特征相似。然而，玩家2的描述中提到了“多彩的毛皮”和“善于模仿人类动作”，这并不是猫科动物中所有成员的共同特征。

因此，基于描述的相似性和差异性，玩家2的描述可能与其他玩家的描述不太一致，这使他成为一个可能的卧底候选。然而，由于玩家1、玩家3和玩家4的描述都指向了熊，而玩家2的描述也提到了熊的特征，我们不能排除玩家2是卧底的可能性。

在这种情况下，没有足够的证据来确定唯一的卧底，因此我们需要更多的信息或投票来决定。如果必须选择一个，玩家2可能是最可能的卧底，因为他的描述与其他玩家的描述在细节上存在差异。
2024-12-12 21:53:56,379 - 3 - INFO - **********JUDGER**********
你刚刚的分析是根据第三轮描述和之前的描述，我们可以进行以下分析：

玩家1的描述提到了“厚实身体和黑白相间的毛皮”，这与熊的特征相符，尤其是提到“坚定的意志和适应寒冷气候的能力”，这进一步强化了熊的特征。

玩家2的描述强调了“多彩的毛皮”和“善于模仿人类动作”，这听起来像是猫科动物，尤其是猫。

玩家3的描述与之前相似，提到了“厚重的身躯和强大的肌肉”，以及“强大的前肢和锋利的爪子”，这与熊的特征相符。

玩家4的描述中提到了“体型庞大和通常为黑白相间的毛皮”，这同样指向了熊，尤其是提到“强大的防御能力和威严的姿态”，这与熊的威严形象相符。

综合以上描述，玩家1、玩家3和玩家4的描述都指向了熊的特征，而玩家2的描述则更偏向于猫科动物。由于之前的推断是玩家1可能是卧底，但现在玩家3和玩家4的描述也与熊的特征相符，我们需要重新评估。

如果玩家2的描述是卧底词，那么他的描述应该与猫科动物的其他成员更为相似，而不是与熊的特征相似。然而，玩家2的描述中提到了“多彩的毛皮”和“善于模仿人类动作”，这并不是猫科动物中所有成员的共同特征。

因此，基于描述的相似性和差异性，玩家2的描述可能与其他玩家的描述不太一致，这使他成为一个可能的卧底候选。然而，由于玩家1、玩家3和玩家4的描述都指向了熊，而玩家2的描述也提到了熊的特征，我们不能排除玩家2是卧底的可能性。

在这种情况下，没有足够的证据来确定唯一的卧底，因此我们需要更多的信息或投票来决定。如果必须选择一个，玩家2可能是最可能的卧底，因为他的描述与其他玩家的描述在细节上存在差异。|| `请根据上述分析，比较描述以找出不一致之处，注意，这局游戏的词语分类为<动物>，卧底词和平民词都属于该类。
2024-12-12 21:54:06,242 - 3 - INFO - **********PLAYER3**********
根据上述分析，我们可以比较描述以找出不一致之处：

1. 玩家1、玩家3和玩家4的描述都集中在熊的特征上，如“厚实身体”、“黑白相间的毛皮”、“强大的力量”和“适应寒冷气候的能力”。

2. 玩家2的描述提到了“多彩的毛皮”和“善于模仿人类动作”，这些特征更偏向于猫科动物，尤其是猫。

3. 玩家2的描述中还提到了“机敏的听觉”和“善于跳跃的能力”，这些特征也更多见于猫科动物。

4. 玩家2的描述中提到了“手部的灵活性”和“使用工具”，这些特征在熊的描述中并未提及。

5. 玩家2的描述中提到了“夜间活动”和“敏捷和好奇心”，这些特征在熊的描述中并未特别强调。

不一致之处在于玩家2的描述中包含了一些与熊的特征不匹配的动物特征，特别是与猫科动物的特征更为相似。这表明玩家2的描述可能与其他玩家的描述不一致，可能是卧底。
2024-12-12 21:54:06,242 - 3 - INFO - **********JUDGER**********
你刚刚的分析是根据上述分析，我们可以比较描述以找出不一致之处：

1. 玩家1、玩家3和玩家4的描述都集中在熊的特征上，如“厚实身体”、“黑白相间的毛皮”、“强大的力量”和“适应寒冷气候的能力”。

2. 玩家2的描述提到了“多彩的毛皮”和“善于模仿人类动作”，这些特征更偏向于猫科动物，尤其是猫。

3. 玩家2的描述中还提到了“机敏的听觉”和“善于跳跃的能力”，这些特征也更多见于猫科动物。

4. 玩家2的描述中提到了“手部的灵活性”和“使用工具”，这些特征在熊的描述中并未提及。

5. 玩家2的描述中提到了“夜间活动”和“敏捷和好奇心”，这些特征在熊的描述中并未特别强调。

不一致之处在于玩家2的描述中包含了一些与熊的特征不匹配的动物特征，特别是与猫科动物的特征更为相似。这表明玩家2的描述可能与其他玩家的描述不一致，可能是卧底。|| 请通过你分析的不一致之处，推断卧底身份，注意，这局游戏的词语分类为<动物>，卧底词和平民词都属于该类。
2024-12-12 21:54:09,296 - 3 - INFO - **********PLAYER3**********
基于分析中提到的不一致之处，可以推断卧底身份如下：

玩家2的描述中提到的特征，如“多彩的毛皮”、“善于模仿人类动作”、“机敏的听觉”、“善于跳跃的能力”、“手部的灵活性”和“使用工具”，这些特征与熊的特征不符，反而更像是猫科动物，特别是猫的特征。

因此，根据这些不一致之处，玩家2可能是卧底。
2024-12-12 21:54:09,297 - 3 - INFO - **********JUDGER**********
你刚刚的推断是基于分析中提到的不一致之处，可以推断卧底身份如下：

玩家2的描述中提到的特征，如“多彩的毛皮”、“善于模仿人类动作”、“机敏的听觉”、“善于跳跃的能力”、“手部的灵活性”和“使用工具”，这些特征与熊的特征不符，反而更像是猫科动物，特别是猫的特征。

因此，根据这些不一致之处，玩家2可能是卧底。|| 基于你刚刚的推断得出你的最终结论，请输出你认为的卧底，在这种情况下只需要输出编号，是1-4中的某个数字，不要输出其他信息。在这个过程不要进行任何推理，只对||以前的部分进行信息提取
2024-12-12 21:54:10,652 - 3 - INFO - **********PLAYER3**********
2
