2024-12-12 21:49:30,458 - 4 - INFO - **********JUDGER**********
让我们来玩一个叫做<谁是卧底>的推理游戏。基本规则：<人数>：4人。<角色分配>：每位玩家随机抽取一个词语，3名玩家拿到的词语是相同的（平民词），1名玩家拿到与之相近但不同的词语（卧底词）。<游戏流程>：1、玩家轮流描述自己的词语，但<不能>直接说出词语本身。2、描述完毕后，投票选出最像卧底的玩家。3、每轮结束后，被投票选出的玩家出局，不能再进行描述或投票。4、每轮投票结束后，如果卧底被成功找出，平民方获胜；如果卧底未被找出且卧底人数等于或超过平民人数，则卧底方获胜。你将扮演一个<玩家>，请等待你被分配到的关键词。如果你听懂了，只回答，"好的，我准备好参加游戏了"，不要输出别的信息
2024-12-12 21:49:31,341 - 4 - INFO - **********PLAYER4**********
好的，我准备好参加游戏了
2024-12-12 21:49:34,721 - 4 - INFO - **********JUDGER**********
玩家1说：它是一种温顺的哺乳动物，有着长长的鼻子和可爱的外表。在同类中，它最突出的不同特征是它的棕色皮毛和憨态可掬的形象。玩家2说：它是一种灵活多变的哺乳动物，拥有锐利的爪子和尾巴。在同类中，它以其多彩的毛皮和善于模仿人类动作而著称。玩家3说：它是一种善于攀爬的哺乳动物，以其细长的身体和强壮的四肢而著称。在同类中，它最突出的不同特征是它的长尾巴，可以在攀爬时帮助保持平衡。玩家4说：|| 你是第4号玩家，你的关键词是<熊>。你的回答中绝对不能包含你的关键词<熊>。这是第一轮描述，不需要分析||之前别的玩家的描述，请你描述关键词基本特征，注意，这局游戏的词语分类为<动物>，卧底词和平民词都属于该类，描述包括以下两点，1.他的基本特征是什么2.他在该类（动物）中最突出不同的特征是什么，尽量简短
2024-12-12 21:49:38,043 - 4 - INFO - **********PLAYER4**********
它是一种陆地哺乳动物，通常具有厚实的身体和强壮的四肢。在同类中，它最突出的不同特征是它的体型庞大和通常为黑白相间的毛皮。
2024-12-12 21:50:35,851 - 4 - INFO - **********JUDGER**********
玩家1说：它是一种温顺的哺乳动物，有着长长的鼻子和可爱的外表。在同类中，它最突出的不同特征是它的棕色皮毛和憨态可掬的形象。玩家2说：它是一种灵活多变的哺乳动物，拥有锐利的爪子和尾巴。在同类中，它以其多彩的毛皮和善于模仿人类动作而著称。玩家3说：它是一种善于攀爬的哺乳动物，以其细长的身体和强壮的四肢而著称。在同类中，它最突出的不同特征是它的长尾巴，可以在攀爬时帮助保持平衡。玩家4说：||在这个游戏中，我们需要通过分析每位玩家的描述来找出卧底。通常，平民的描述会围绕相同的词语展开，而卧底的描述可能会因为词语的不同而显得不太一致。我们需要仔细比较每个描述之间的相似性和差异性，以找出可能的卧底，注意，卧底并不会隐藏自己，他会直接描述他的词语，现在，逐一分析每个玩家的描述，注意，这局游戏的词语分类为<动物>，卧底词和平民词都属于该类。这是第一轮描述。
2024-12-12 21:50:45,169 - 4 - INFO - **********PLAYER4**********
玩家1的描述与玩家4的关键词<熊>相符，因为它提到了棕色皮毛和憨态可掬的形象，这些特征通常与熊相联系。

玩家2的描述提到“灵活多变”和“多彩的毛皮”，这听起来更像是猫科动物，尤其是像猫这样的动物，它们以多彩的毛皮和模仿人类动作而著称。

玩家3的描述提到“善于攀爬”和“长尾巴”，这更像是猴子或猿类动物的特征。

玩家4的描述没有提供足够的信息来直接确定是哪一种动物，因为它没有直接提到任何具体的特征。

根据这些描述，玩家2和玩家3的描述似乎与<熊>不太相符，而玩家1的描述与<熊>更接近。因此，玩家4的描述可能是最可疑的，因为它没有提供足够的信息来明确指向任何一种动物。但是，最终判断还需要结合后续的描述和投票情况。
2024-12-12 21:50:45,170 - 4 - INFO - **********JUDGER**********
你刚刚的分析是玩家1的描述与玩家4的关键词<熊>相符，因为它提到了棕色皮毛和憨态可掬的形象，这些特征通常与熊相联系。

玩家2的描述提到“灵活多变”和“多彩的毛皮”，这听起来更像是猫科动物，尤其是像猫这样的动物，它们以多彩的毛皮和模仿人类动作而著称。

玩家3的描述提到“善于攀爬”和“长尾巴”，这更像是猴子或猿类动物的特征。

玩家4的描述没有提供足够的信息来直接确定是哪一种动物，因为它没有直接提到任何具体的特征。

根据这些描述，玩家2和玩家3的描述似乎与<熊>不太相符，而玩家1的描述与<熊>更接近。因此，玩家4的描述可能是最可疑的，因为它没有提供足够的信息来明确指向任何一种动物。但是，最终判断还需要结合后续的描述和投票情况。|| `请根据上述分析，比较描述以找出不一致之处，注意，这局游戏的词语分类为<动物>，卧底词和平民词都属于该类。
2024-12-12 21:50:52,115 - 4 - INFO - **********PLAYER4**********
根据上述分析，我们可以比较描述中的一致性和不一致之处如下：

1. 一致性：
   - 玩家1和玩家4的描述都提到了“温顺的哺乳动物”，这可能与熊的温顺形象相符。
   - 玩家2和玩家3的描述都提到了“灵活多变的哺乳动物”和“善于攀爬”，这可能与猫科动物或猴子类动物的特征相符。

2. 不一致性：
   - 玩家1的描述特别提到了“棕色皮毛和憨态可掬的形象”，这与熊的特征更为吻合，而玩家2和玩家3的描述中并没有提到这些特征。
   - 玩家2的描述强调了“多彩的毛皮和模仿人类动作”，这与猫科动物的特征更为吻合，而玩家1和玩家3的描述中并没有提到这些特征。
   - 玩家3的描述提到了“细长的身体和强壮的四肢”，这与猴子类动物的特征更为吻合，而玩家1和玩家2的描述中并没有提到这些特征。
   - 玩家4的描述缺乏具体特征，没有明确指向任何一种动物，这与玩家1、2、3的描述形成了对比。

综上所述，玩家4的描述与玩家1、2、3的描述在具体特征上存在明显的不一致性，这可能是玩家4作为卧底的表现。然而，最终确定是否为卧底还需要结合后续的描述和投票结果。
2024-12-12 21:50:52,116 - 4 - INFO - **********JUDGER**********
你刚刚的分析是根据上述分析，我们可以比较描述中的一致性和不一致之处如下：

1. 一致性：
   - 玩家1和玩家4的描述都提到了“温顺的哺乳动物”，这可能与熊的温顺形象相符。
   - 玩家2和玩家3的描述都提到了“灵活多变的哺乳动物”和“善于攀爬”，这可能与猫科动物或猴子类动物的特征相符。

2. 不一致性：
   - 玩家1的描述特别提到了“棕色皮毛和憨态可掬的形象”，这与熊的特征更为吻合，而玩家2和玩家3的描述中并没有提到这些特征。
   - 玩家2的描述强调了“多彩的毛皮和模仿人类动作”，这与猫科动物的特征更为吻合，而玩家1和玩家3的描述中并没有提到这些特征。
   - 玩家3的描述提到了“细长的身体和强壮的四肢”，这与猴子类动物的特征更为吻合，而玩家1和玩家2的描述中并没有提到这些特征。
   - 玩家4的描述缺乏具体特征，没有明确指向任何一种动物，这与玩家1、2、3的描述形成了对比。

综上所述，玩家4的描述与玩家1、2、3的描述在具体特征上存在明显的不一致性，这可能是玩家4作为卧底的表现。然而，最终确定是否为卧底还需要结合后续的描述和投票结果。|| 请通过你分析的不一致之处，推断卧底身份，注意，这局游戏的词语分类为<动物>，卧底词和平民词都属于该类。
2024-12-12 21:50:57,078 - 4 - INFO - **********PLAYER4**********
根据上述分析中提到的不一致性，我们可以进行以下推断：

- 玩家1的描述与熊的特征相符，特别是提到了“棕色皮毛和憨态可掬的形象”，这与熊的形象非常吻合。
- 玩家2的描述与猫科动物的特征相符，特别是提到了“多彩的毛皮和模仿人类动作”，这与猫的特征相符。
- 玩家3的描述与猴子类动物的特征相符，特别是提到了“善于攀爬”和“细长的身体和强壮的四肢”，这与猴子的特征相符。

玩家4的描述没有提供具体特征，这使得它与其他玩家的描述形成了对比。由于玩家4的描述缺乏具体指向，而其他玩家的描述都指向了特定的动物类别，这增加了玩家4是卧底的可能性。

考虑到游戏词语分类为<动物>，且卧底词和平民词都属于该类，玩家4的描述不具体，无法明确指向任何一种动物，这可能是为了隐藏卧底的真实身份。因此，基于描述的不一致性和缺乏具体特征，玩家4可能是卧底。然而，最终的身份确定还需要结合后续的描述和投票结果。
2024-12-12 21:50:57,079 - 4 - INFO - **********JUDGER**********
你刚刚的推断是根据上述分析中提到的不一致性，我们可以进行以下推断：

- 玩家1的描述与熊的特征相符，特别是提到了“棕色皮毛和憨态可掬的形象”，这与熊的形象非常吻合。
- 玩家2的描述与猫科动物的特征相符，特别是提到了“多彩的毛皮和模仿人类动作”，这与猫的特征相符。
- 玩家3的描述与猴子类动物的特征相符，特别是提到了“善于攀爬”和“细长的身体和强壮的四肢”，这与猴子的特征相符。

玩家4的描述没有提供具体特征，这使得它与其他玩家的描述形成了对比。由于玩家4的描述缺乏具体指向，而其他玩家的描述都指向了特定的动物类别，这增加了玩家4是卧底的可能性。

考虑到游戏词语分类为<动物>，且卧底词和平民词都属于该类，玩家4的描述不具体，无法明确指向任何一种动物，这可能是为了隐藏卧底的真实身份。因此，基于描述的不一致性和缺乏具体特征，玩家4可能是卧底。然而，最终的身份确定还需要结合后续的描述和投票结果。|| 基于你刚刚的推断得出你的最终结论，请输出你认为的卧底，在这种情况下只需要输出编号，是1-4中的某个数字，不要输出其他信息。在这个过程不要进行任何推理，只对||以前的部分进行信息提取
2024-12-12 21:50:57,736 - 4 - INFO - **********PLAYER4**********
4
2024-12-12 21:51:05,676 - 4 - INFO - **********JUDGER**********
玩家1说：它是一种温顺的哺乳动物，有着长长的鼻子和可爱的外表。在同类中，它最突出的不同特征是它的棕色皮毛和憨态可掬的形象。这种动物体型庞大，拥有强壮的肌肉和锋利的爪牙，它们在同类中以其力量和敏捷著称。在同类中，它最显著的特征是它的厚实身体和黑白相间的毛皮，给人一种威严和力量感。玩家2说：它是一种灵活多变的哺乳动物，拥有锐利的爪子和尾巴。在同类中，它以其多彩的毛皮和善于模仿人类动作而著称。它是一种生活在森林中的哺乳动物，以其机敏的听觉和善于跳跃的能力而闻名。在同类中，它以其手部的灵活性而著称，能够使用工具，并且通常在夜间活动。玩家3说：它是一种善于攀爬的哺乳动物，以其细长的身体和强壮的四肢而著称。在同类中，它最突出的不同特征是它的长尾巴，可以在攀爬时帮助保持平衡。它是一种以力量和耐力著称的哺乳动物，拥有厚重的身躯和强大的肌肉。在同类中，它以其独特的力量和沉稳的姿态而闻名，通常在森林中生活，以果实和昆虫为食。它的步态稳重，行动缓慢但充满力量。玩家4说：它是一种陆地哺乳动物，通常具有厚实的身体和强壮的四肢。在同类中，它最突出的不同特征是它的体型庞大和通常为黑白相间的毛皮。你是第4号玩家，你的关键词是<熊>。你的回答中绝对不能包含你的关键词<熊>。这是第二轮描述，你之前的描述是它是一种陆地哺乳动物，通常具有厚实的身体和强壮的四肢。在同类中，它最突出的不同特征是它的体型庞大和通常为黑白相间的毛皮。，注意，这局游戏的词语分类为<动物>，卧底词和平民词都属于该类，请你补充关于关键词的描述，注意，你的描述应该比起之前的描述更加贴近关键词，作为之前的补充
2024-12-12 21:51:07,630 - 4 - INFO - **********PLAYER4**********
这种动物在同类中以其强大的力量和坚固的骨架而著称。它的步态稳重，行动虽然缓慢但充满力量，给人一种可靠和稳重的感觉。在同类中，它以其独特的体型和厚实的身体结构而闻名，这种结构使它能够在寒冷的环境中生存。
2024-12-12 21:52:18,907 - 4 - INFO - **********JUDGER**********
玩家1说：它是一种温顺的哺乳动物，有着长长的鼻子和可爱的外表。在同类中，它最突出的不同特征是它的棕色皮毛和憨态可掬的形象。这种动物体型庞大，拥有强壮的肌肉和锋利的爪牙，它们在同类中以其力量和敏捷著称。在同类中，它最显著的特征是它的厚实身体和黑白相间的毛皮，给人一种威严和力量感。玩家2说：它是一种灵活多变的哺乳动物，拥有锐利的爪子和尾巴。在同类中，它以其多彩的毛皮和善于模仿人类动作而著称。它是一种生活在森林中的哺乳动物，以其机敏的听觉和善于跳跃的能力而闻名。在同类中，它以其手部的灵活性而著称，能够使用工具，并且通常在夜间活动。玩家3说：它是一种善于攀爬的哺乳动物，以其细长的身体和强壮的四肢而著称。在同类中，它最突出的不同特征是它的长尾巴，可以在攀爬时帮助保持平衡。它是一种以力量和耐力著称的哺乳动物，拥有厚重的身躯和强大的肌肉。在同类中，它以其独特的力量和沉稳的姿态而闻名，通常在森林中生活，以果实和昆虫为食。它的步态稳重，行动缓慢但充满力量。玩家4说：它是一种陆地哺乳动物，通常具有厚实的身体和强壮的四肢。在同类中，它最突出的不同特征是它的体型庞大和通常为黑白相间的毛皮。||在这个游戏中，我们需要通过分析每位玩家的描述来找出卧底。通常，平民的描述会围绕相同的词语展开，而卧底的描述可能会因为词语的不同而显得不太一致。我们需要仔细比较每个描述之间的相似性和差异性，以找出可能的卧底，注意，卧底并不会隐藏自己，他会直接描述他的词语，现在，逐一分析每个玩家的描述，注意，这局游戏的词语分类为<动物>，卧底词和平民词都属于该类。||之前是第2轮描述和之前轮数描述的合集。你之前认为的卧底是玩家4。
2024-12-12 21:52:19,763 - 4 - INFO - **********PLAYER4**********
玩家4
2024-12-12 21:52:19,764 - 4 - INFO - **********JUDGER**********
你刚刚的分析是玩家4|| `请根据上述分析，比较描述以找出不一致之处，注意，这局游戏的词语分类为<动物>，卧底词和平民词都属于该类。
2024-12-12 21:52:31,161 - 4 - INFO - **********PLAYER4**********
在比较玩家1、玩家2、玩家3和玩家4的描述后，以下是不一致之处：

- 玩家1的描述强调了动物的温顺性、棕色皮毛、憨态可掬的形象，以及厚实身体和黑白相间的毛皮，这与熊的特征相符。
- 玩家2的描述提到了动物的灵活多变、多彩的毛皮、模仿人类动作的能力、机敏的听觉、善于跳跃、手部灵活性和夜间活动，这些特征更像是猫科动物，特别是猫。
- 玩家3的描述提到了动物的攀爬能力、细长的身体、强壮的四肢、长尾巴、力量和耐力、厚重的身躯、强大的肌肉、沉稳的姿态、森林生活、以果实和昆虫为食，这些特征更像是猴子或猿类动物。
- 玩家4的描述提到了动物的厚实身体、强壮的四肢、体型庞大、黑白相间的毛皮，这些特征与玩家1的描述相似，但玩家4没有提到棕色皮毛、憨态可掬的形象、力量和敏捷等特征。

不一致之处在于：
- 玩家2和玩家3的描述与玩家1和玩家4的描述在特征上有所不同，玩家1和玩家4的描述更倾向于熊的特征，而玩家2和玩家3的描述更倾向于猫科动物和猴子类动物的特征。
- 玩家4的描述与玩家1的描述在提到的特征上有所重叠，但没有提及玩家1描述中的棕色皮毛和憨态可掬的形象，这可能导致玩家4的描述看起来不够具体或者与其他描述不太一致。

因此，玩家4的描述与其他玩家的描述在特征上存在不一致，这可能是玩家4作为卧底的表现。
2024-12-12 21:52:31,162 - 4 - INFO - **********JUDGER**********
你刚刚的分析是在比较玩家1、玩家2、玩家3和玩家4的描述后，以下是不一致之处：

- 玩家1的描述强调了动物的温顺性、棕色皮毛、憨态可掬的形象，以及厚实身体和黑白相间的毛皮，这与熊的特征相符。
- 玩家2的描述提到了动物的灵活多变、多彩的毛皮、模仿人类动作的能力、机敏的听觉、善于跳跃、手部灵活性和夜间活动，这些特征更像是猫科动物，特别是猫。
- 玩家3的描述提到了动物的攀爬能力、细长的身体、强壮的四肢、长尾巴、力量和耐力、厚重的身躯、强大的肌肉、沉稳的姿态、森林生活、以果实和昆虫为食，这些特征更像是猴子或猿类动物。
- 玩家4的描述提到了动物的厚实身体、强壮的四肢、体型庞大、黑白相间的毛皮，这些特征与玩家1的描述相似，但玩家4没有提到棕色皮毛、憨态可掬的形象、力量和敏捷等特征。

不一致之处在于：
- 玩家2和玩家3的描述与玩家1和玩家4的描述在特征上有所不同，玩家1和玩家4的描述更倾向于熊的特征，而玩家2和玩家3的描述更倾向于猫科动物和猴子类动物的特征。
- 玩家4的描述与玩家1的描述在提到的特征上有所重叠，但没有提及玩家1描述中的棕色皮毛和憨态可掬的形象，这可能导致玩家4的描述看起来不够具体或者与其他描述不太一致。

因此，玩家4的描述与其他玩家的描述在特征上存在不一致，这可能是玩家4作为卧底的表现。|| 请通过你分析的不一致之处，推断卧底身份，注意，这局游戏的词语分类为<动物>，卧底词和平民词都属于该类。
2024-12-12 21:52:31,846 - 4 - INFO - **********PLAYER4**********
4
2024-12-12 21:52:31,847 - 4 - INFO - **********JUDGER**********
你刚刚的推断是4|| 基于你刚刚的推断得出你的最终结论，请输出你认为的卧底，在这种情况下只需要输出编号，是1-4中的某个数字，不要输出其他信息。在这个过程不要进行任何推理，只对||以前的部分进行信息提取
2024-12-12 21:52:32,568 - 4 - INFO - **********PLAYER4**********
4
2024-12-12 21:52:41,605 - 4 - INFO - **********JUDGER**********
玩家1说：它是一种温顺的哺乳动物，有着长长的鼻子和可爱的外表。在同类中，它最突出的不同特征是它的棕色皮毛和憨态可掬的形象。这种动物体型庞大，拥有强壮的肌肉和锋利的爪牙，它们在同类中以其力量和敏捷著称。在同类中，它最显著的特征是它的厚实身体和黑白相间的毛皮，给人一种威严和力量感。这种动物以其在森林中的隐秘生活而闻名，它们通常在夜间活动，以避免天敌。它们的行为虽然看起来笨拙，但实际上非常敏捷，能够迅速移动以捕捉猎物或逃避危险。这种动物的嗅觉极为敏锐，能够探测到远处的食物和潜在的威胁。在同类中，它们以其坚定的意志和适应寒冷气候的能力而著称。玩家2说：它是一种灵活多变的哺乳动物，拥有锐利的爪子和尾巴。在同类中，它以其多彩的毛皮和善于模仿人类动作而著称。它是一种生活在森林中的哺乳动物，以其机敏的听觉和善于跳跃的能力而闻名。在同类中，它以其手部的灵活性而著称，能够使用工具，并且通常在夜间活动。它是一种以敏捷和好奇心著称的动物，经常在树上活动，以其灵活的跳跃和手部的抓握能力而闻名。这种动物以其多样化的饮食和适应各种环境的能力而著称。玩家3说：它是一种善于攀爬的哺乳动物，以其细长的身体和强壮的四肢而著称。在同类中，它最突出的不同特征是它的长尾巴，可以在攀爬时帮助保持平衡。它是一种以力量和耐力著称的哺乳动物，拥有厚重的身躯和强大的肌肉。在同类中，它以其独特的力量和沉稳的姿态而闻名，通常在森林中生活，以果实和昆虫为食。它的步态稳重，行动缓慢但充满力量。它是一种在森林中生活的哺乳动物，以其强大的前肢和锋利的爪子而著称。这种动物以它那厚重的身躯和强大的肌肉力量在同类中独树一帜。它的动作虽然看起来笨拙，但实际上非常敏捷，能够在森林中迅速移动和攀爬。这种动物通常以果实、昆虫和小型哺乳动物为食，它的适应能力使其能够在多种环境中生存。玩家4说：它是一种陆地哺乳动物，通常具有厚实的身体和强壮的四肢。在同类中，它最突出的不同特征是它的体型庞大和通常为黑白相间的毛皮。这种动物在同类中以其强大的力量和坚固的骨架而著称。它的步态稳重，行动虽然缓慢但充满力量，给人一种可靠和稳重的感觉。在同类中，它以其独特的体型和厚实的身体结构而闻名，这种结构使它能够在寒冷的环境中生存。你是第4号玩家，你的关键词是<熊>。你的回答中绝对不能包含你的关键词<熊>。这是第三轮描述，你之前的描述是它是一种陆地哺乳动物，通常具有厚实的身体和强壮的四肢。在同类中，它最突出的不同特征是它的体型庞大和通常为黑白相间的毛皮。和这种动物在同类中以其强大的力量和坚固的骨架而著称。它的步态稳重，行动虽然缓慢但充满力量，给人一种可靠和稳重的感觉。在同类中，它以其独特的体型和厚实的身体结构而闻名，这种结构使它能够在寒冷的环境中生存。，注意，这局游戏的词语分类为<动物>，卧底词和平民词都属于该类，请你补充关于关键词的描述，注意，你的描述应该比起之前的描述更加贴近关键词，作为之前的补充
2024-12-12 21:52:44,573 - 4 - INFO - **********PLAYER4**********
这种动物在同类中以其强大的防御能力和威严的姿态而著称。它的皮肤粗糙，有时带有周期性的脱落，这种特征在同类中相对罕见。它通常在寒冷的环境中寻找庇护，以保护自己免受恶劣天气的影响。这种动物的个性通常被认为是独立和孤独的，它们很少与同类互动。
2024-12-12 21:54:10,652 - 4 - INFO - **********JUDGER**********
玩家1说：它是一种温顺的哺乳动物，有着长长的鼻子和可爱的外表。在同类中，它最突出的不同特征是它的棕色皮毛和憨态可掬的形象。这种动物体型庞大，拥有强壮的肌肉和锋利的爪牙，它们在同类中以其力量和敏捷著称。在同类中，它最显著的特征是它的厚实身体和黑白相间的毛皮，给人一种威严和力量感。这种动物以其在森林中的隐秘生活而闻名，它们通常在夜间活动，以避免天敌。它们的行为虽然看起来笨拙，但实际上非常敏捷，能够迅速移动以捕捉猎物或逃避危险。这种动物的嗅觉极为敏锐，能够探测到远处的食物和潜在的威胁。在同类中，它们以其坚定的意志和适应寒冷气候的能力而著称。玩家2说：它是一种灵活多变的哺乳动物，拥有锐利的爪子和尾巴。在同类中，它以其多彩的毛皮和善于模仿人类动作而著称。它是一种生活在森林中的哺乳动物，以其机敏的听觉和善于跳跃的能力而闻名。在同类中，它以其手部的灵活性而著称，能够使用工具，并且通常在夜间活动。它是一种以敏捷和好奇心著称的动物，经常在树上活动，以其灵活的跳跃和手部的抓握能力而闻名。这种动物以其多样化的饮食和适应各种环境的能力而著称。玩家3说：它是一种善于攀爬的哺乳动物，以其细长的身体和强壮的四肢而著称。在同类中，它最突出的不同特征是它的长尾巴，可以在攀爬时帮助保持平衡。它是一种以力量和耐力著称的哺乳动物，拥有厚重的身躯和强大的肌肉。在同类中，它以其独特的力量和沉稳的姿态而闻名，通常在森林中生活，以果实和昆虫为食。它的步态稳重，行动缓慢但充满力量。它是一种在森林中生活的哺乳动物，以其强大的前肢和锋利的爪子而著称。这种动物以它那厚重的身躯和强大的肌肉力量在同类中独树一帜。它的动作虽然看起来笨拙，但实际上非常敏捷，能够在森林中迅速移动和攀爬。这种动物通常以果实、昆虫和小型哺乳动物为食，它的适应能力使其能够在多种环境中生存。玩家4说：它是一种陆地哺乳动物，通常具有厚实的身体和强壮的四肢。在同类中，它最突出的不同特征是它的体型庞大和通常为黑白相间的毛皮。这种动物在同类中以其强大的力量和坚固的骨架而著称。它的步态稳重，行动虽然缓慢但充满力量，给人一种可靠和稳重的感觉。在同类中，它以其独特的体型和厚实的身体结构而闻名，这种结构使它能够在寒冷的环境中生存。这种动物在同类中以其强大的防御能力和威严的姿态而著称。它的皮肤粗糙，有时带有周期性的脱落，这种特征在同类中相对罕见。它通常在寒冷的环境中寻找庇护，以保护自己免受恶劣天气的影响。这种动物的个性通常被认为是独立和孤独的，它们很少与同类互动。||在这个游戏中，我们需要通过分析每位玩家的描述来找出卧底。通常，平民的描述会围绕相同的词语展开，而卧底的描述可能会因为词语的不同而显得不太一致。我们需要仔细比较每个描述之间的相似性和差异性，以找出可能的卧底，注意，卧底并不会隐藏自己，他会直接描述他的词语，现在，逐一分析每个玩家的描述，注意，这局游戏的词语分类为<动物>，卧底词和平民词都属于该类。||之前是第3轮描述和之前轮数描述的合集。你之前认为的卧底是玩家4。
2024-12-12 21:54:11,639 - 4 - INFO - **********PLAYER4**********
4
2024-12-12 21:54:11,640 - 4 - INFO - **********JUDGER**********
你刚刚的分析是4|| `请根据上述分析，比较描述以找出不一致之处，注意，这局游戏的词语分类为<动物>，卧底词和平民词都属于该类。
2024-12-12 21:54:25,967 - 4 - INFO - **********PLAYER4**********
在比较玩家1、玩家2、玩家3和玩家4的描述后，以下是不一致之处：

- 玩家1的描述强调了动物的温顺性、棕色皮毛、憨态可掬的形象、厚实身体、黑白相间的毛皮、力量、敏捷、隐秘生活、夜间活动、敏锐的嗅觉、坚定的意志和适应寒冷气候的能力。
- 玩家2的描述提到了动物的灵活多变、锐利的爪子和尾巴、多彩的毛皮、模仿人类动作、机敏的听觉、善于跳跃、手部灵活性、使用工具、夜间活动、敏捷、好奇心、在树上活动、灵活的跳跃、手部的抓握能力、多样化的饮食、适应各种环境的能力。
- 玩家3的描述提到了动物的攀爬能力、细长的身体、强壮的四肢、长尾巴、力量、耐力、厚重的身躯、强大的肌肉、独特的力量、沉稳的姿态、森林生活、以果实和昆虫为食、强大的前肢、锋利的爪子、厚重的身躯、强大的肌肉力量、敏捷、在森林中迅速移动和攀爬、适应能力、多种环境。
- 玩家4的描述提到了动物的厚实身体、强壮的四肢、体型庞大、黑白相间的毛皮、强大的力量、坚固的骨架、步态稳重、行动缓慢但充满力量、可靠和稳重的感觉、独特的体型、厚实的身体结构、能够在寒冷的环境中生存、强大的防御能力、威严的姿态、皮肤粗糙、周期性的脱落、在寒冷环境中寻找庇护、独立和孤独的个性、很少与同类互动。

不一致之处在于：
- 玩家2的描述中提到了“模仿人类动作”、“使用工具”和“手部的灵活性”，这些特征在玩家1、玩家3和玩家4的描述中并没有出现。
- 玩家3的描述中提到了“攀爬能力”和“长尾巴”，这些特征在玩家1、玩家2和玩家4的描述中并没有被强调。
- 玩家4的描述中提到了“皮肤粗糙”和“周期性的脱落”，这些特征在玩家1、玩家2和玩家3的描述中也没有被提及。

这些不一致之处表明玩家2的描述与其他玩家的描述在动物特征上有明显的差异，这可能是玩家2作为卧底的表现。
2024-12-12 21:54:25,969 - 4 - INFO - **********JUDGER**********
你刚刚的分析是在比较玩家1、玩家2、玩家3和玩家4的描述后，以下是不一致之处：

- 玩家1的描述强调了动物的温顺性、棕色皮毛、憨态可掬的形象、厚实身体、黑白相间的毛皮、力量、敏捷、隐秘生活、夜间活动、敏锐的嗅觉、坚定的意志和适应寒冷气候的能力。
- 玩家2的描述提到了动物的灵活多变、锐利的爪子和尾巴、多彩的毛皮、模仿人类动作、机敏的听觉、善于跳跃、手部灵活性、使用工具、夜间活动、敏捷、好奇心、在树上活动、灵活的跳跃、手部的抓握能力、多样化的饮食、适应各种环境的能力。
- 玩家3的描述提到了动物的攀爬能力、细长的身体、强壮的四肢、长尾巴、力量、耐力、厚重的身躯、强大的肌肉、独特的力量、沉稳的姿态、森林生活、以果实和昆虫为食、强大的前肢、锋利的爪子、厚重的身躯、强大的肌肉力量、敏捷、在森林中迅速移动和攀爬、适应能力、多种环境。
- 玩家4的描述提到了动物的厚实身体、强壮的四肢、体型庞大、黑白相间的毛皮、强大的力量、坚固的骨架、步态稳重、行动缓慢但充满力量、可靠和稳重的感觉、独特的体型、厚实的身体结构、能够在寒冷的环境中生存、强大的防御能力、威严的姿态、皮肤粗糙、周期性的脱落、在寒冷环境中寻找庇护、独立和孤独的个性、很少与同类互动。

不一致之处在于：
- 玩家2的描述中提到了“模仿人类动作”、“使用工具”和“手部的灵活性”，这些特征在玩家1、玩家3和玩家4的描述中并没有出现。
- 玩家3的描述中提到了“攀爬能力”和“长尾巴”，这些特征在玩家1、玩家2和玩家4的描述中并没有被强调。
- 玩家4的描述中提到了“皮肤粗糙”和“周期性的脱落”，这些特征在玩家1、玩家2和玩家3的描述中也没有被提及。

这些不一致之处表明玩家2的描述与其他玩家的描述在动物特征上有明显的差异，这可能是玩家2作为卧底的表现。|| 请通过你分析的不一致之处，推断卧底身份，注意，这局游戏的词语分类为<动物>，卧底词和平民词都属于该类。
2024-12-12 21:54:27,380 - 4 - INFO - **********PLAYER4**********
2
2024-12-12 21:54:27,380 - 4 - INFO - **********JUDGER**********
你刚刚的推断是2|| 基于你刚刚的推断得出你的最终结论，请输出你认为的卧底，在这种情况下只需要输出编号，是1-4中的某个数字，不要输出其他信息。在这个过程不要进行任何推理，只对||以前的部分进行信息提取
2024-12-12 21:54:28,631 - 4 - INFO - **********PLAYER4**********
2
