2024-12-13 17:13:21,832 - 1 - INFO - **********JUDGER**********
让我们来玩一个叫做<谁是卧底>的推理游戏。基本规则：<人数>：4人。<角色分配>：每位玩家随机抽取一个词语，3名玩家拿到的词语是相同的（平民词），1名玩家拿到与之相近但不同的词语（卧底词）。<游戏流程>：1、玩家轮流描述自己的词语，但<不能>直接说出词语本身。2、描述完毕后，投票选出最像卧底的玩家。3、每轮结束后，被投票选出的玩家出局，不能再进行描述或投票。4、每轮投票结束后，如果卧底被成功找出，平民方获胜；如果卧底未被找出且卧底人数等于或超过平民人数，则卧底方获胜。你将扮演一个<玩家>，请等待你被分配到的关键词。如果你听懂了，只回答，"好的，我准备好参加游戏了"，不要输出别的信息
2024-12-13 17:13:22,835 - 1 - INFO - **********PLAYER1**********
好的，我准备好参加游戏了
2024-12-13 17:13:28,224 - 1 - INFO - **********JUDGER**********
玩家1说：玩家2说：玩家3说：玩家4说：|| 你是第1号玩家，你的关键词是<星星>。你的回答中绝对不能包含你的关键词<星星>。这是第一轮描述，不需要分析||之前别的玩家的描述，请你描述关键词基本特征，注意，这局游戏的词语分类为<天文>，卧底词和平民词都属于该类，描述包括以下两点，1.他的基本特征是什么2.他在该类（天文）中最突出不同的特征是什么，尽量简短
2024-12-13 17:14:00,499 - 1 - INFO - **********PLAYER1**********
它是一种天体，通常在夜空中发光。它在天文类中最为显著的特征是，它通常是一个由气体和尘埃组成的球体，并且是宇宙中最常见的天体之一。
2024-12-13 17:14:07,373 - 1 - INFO - **********JUDGER**********
玩家1说：它是一种天体，通常在夜空中发光。它在天文类中最为显著的特征是，它通常是一个由气体和尘埃组成的球体，并且是宇宙中最常见的天体之一。玩家2说：它是一种由气体和尘埃组成的宇宙天体，通过核聚变产生光和热。在同类天体中，它最突出的不同特征是能够稳定地发光发热，并且通常是夜空中可见的亮点。玩家3说：它是一种天体，由气体和尘埃构成，通常在夜空中发光。在同类天体中，它最突出的不同特征是能够稳定地发光发热，是夜空中可见的亮点。玩家4说：||在这个游戏中，我们需要通过分析每位玩家的描述来找出卧底。通常，平民的描述会围绕相同的词语展开，而卧底的描述可能会因为词语的不同而显得不太一致。我们需要仔细比较每个描述之间的相似性和差异性，以找出可能的卧底，注意，卧底并不会隐藏自己，他会直接描述他的词语，现在，逐一分析每个玩家的描述，注意，这局游戏的词语分类为<天文>，卧底词和平民词都属于该类。这是第一轮描述。
2024-12-13 17:14:12,018 - 1 - INFO - **********PLAYER1**********
好的，根据其他玩家的描述，我们可以看到他们都在描述一种天体，由气体和尘埃构成，通常在夜空中发光，并且能够稳定地发光发热。这些描述都指向了恒星这一概念。我的描述与他们的描述非常相似，没有明显的不同点。因此，根据目前的信息，我推测自己可能是平民。不过，卧底可能会在下一轮描述中通过细微的差别来揭示自己的身份。我将继续保持警惕，并在下一轮中寻找任何可能的不同之处。
2024-12-13 17:14:12,018 - 1 - INFO - **********JUDGER**********
你刚刚的分析是好的，根据其他玩家的描述，我们可以看到他们都在描述一种天体，由气体和尘埃构成，通常在夜空中发光，并且能够稳定地发光发热。这些描述都指向了恒星这一概念。我的描述与他们的描述非常相似，没有明显的不同点。因此，根据目前的信息，我推测自己可能是平民。不过，卧底可能会在下一轮描述中通过细微的差别来揭示自己的身份。我将继续保持警惕，并在下一轮中寻找任何可能的不同之处。|| `请根据上述分析，比较描述以找出不一致之处，注意，这局游戏的词语分类为<天文>，卧底词和平民词都属于该类。
2024-12-13 17:14:26,364 - 1 - INFO - **********PLAYER1**********
根据上述分析，我们可以注意到以下几点：

1. 玩家1的描述提到了“宇宙中最常见的天体之一”，这是一个较为宽泛的描述，没有特别指出与恒星相关的独特特征。

2. 玩家2的描述中提到了“通过核聚变产生光和热”，这是恒星的一个关键特征，但同时也可能是一个误导性的描述，因为其他天体如行星或黑洞在特定条件下也可能产生光和热。

3. 玩家3的描述与玩家2相似，但更加简洁，没有提及核聚变，这可能是为了避免过于具体的描述。

4. 玩家4的描述是一个提醒，强调了分析描述的重要性，并没有提供具体的描述内容。

基于这些观察，以下是不一致之处：

- 玩家1的描述较为笼统，没有提供恒星的具体特征。
- 玩家2和玩家3的描述虽然都提到了恒星的关键特征，但玩家2的描述更详细，可能是一个误导。
- 玩家4的描述是一个引导，而不是具体的描述内容。

因此，如果我是卧底，我可能会在下一轮描述中利用这些不一致之处来提供更多的线索，比如通过强调我词语的独特性或者与恒星描述的不同点。如果我是平民，我会注意玩家2和玩家3的描述是否会在下一轮中变得更加一致或者出现细微的调整，以排除或确认他们中是否有卧底。
2024-12-13 17:14:26,365 - 1 - INFO - **********JUDGER**********
你刚刚的分析是根据上述分析，我们可以注意到以下几点：

1. 玩家1的描述提到了“宇宙中最常见的天体之一”，这是一个较为宽泛的描述，没有特别指出与恒星相关的独特特征。

2. 玩家2的描述中提到了“通过核聚变产生光和热”，这是恒星的一个关键特征，但同时也可能是一个误导性的描述，因为其他天体如行星或黑洞在特定条件下也可能产生光和热。

3. 玩家3的描述与玩家2相似，但更加简洁，没有提及核聚变，这可能是为了避免过于具体的描述。

4. 玩家4的描述是一个提醒，强调了分析描述的重要性，并没有提供具体的描述内容。

基于这些观察，以下是不一致之处：

- 玩家1的描述较为笼统，没有提供恒星的具体特征。
- 玩家2和玩家3的描述虽然都提到了恒星的关键特征，但玩家2的描述更详细，可能是一个误导。
- 玩家4的描述是一个引导，而不是具体的描述内容。

因此，如果我是卧底，我可能会在下一轮描述中利用这些不一致之处来提供更多的线索，比如通过强调我词语的独特性或者与恒星描述的不同点。如果我是平民，我会注意玩家2和玩家3的描述是否会在下一轮中变得更加一致或者出现细微的调整，以排除或确认他们中是否有卧底。|| 请通过你分析的不一致之处，推断卧底身份，注意，这局游戏的词语分类为<天文>，卧底词和平民词都属于该类。
2024-12-13 17:14:42,517 - 1 - INFO - **********PLAYER1**********
基于上述分析，以下是我对卧底身份的推断：

1. 玩家1的描述非常笼统，没有提供具体的特征，这可能意味着他可能是一个平民，因为他的描述没有明确指向恒星。

2. 玩家2的描述详细地提到了恒星通过核聚变产生光和热，这是一个明确的特征，但同时也可能是一个误导，因为核聚变不是所有天文物体的特征。这表明玩家2可能是一个平民，因为他的描述虽然详细，但没有明显的误导。

3. 玩家3的描述与玩家2相似，但没有提及核聚变，这可能意味着他也在描述恒星，但以一种更为简洁的方式。

4. 玩家4的描述是一个提醒，而不是具体的描述，因此不能用来推断卧底身份。

考虑到以上信息，以下是我对卧底身份的推断：

- 如果玩家1是卧底，他的描述过于笼统，这通常不是一个平民的描述方式。
- 如果玩家2是卧底，他的描述可能会因为过于详细而显得可疑，尤其是在没有提到核聚变这一点上。
- 如果玩家3是卧底，他的简洁描述可能不会引起怀疑，除非玩家2的详细描述揭示出卧底的存在。

因此，根据描述的不一致之处，玩家2可能是卧底，因为他的描述详细且可能存在误导性，而玩家3的简洁描述可能掩盖了他的真实身份。然而，这个推断是基于描述的分析，真正的卧底可能隐藏在其他玩家的描述中，需要更多的信息来确认。
2024-12-13 17:14:42,519 - 1 - INFO - **********JUDGER**********
你刚刚的推断是基于上述分析，以下是我对卧底身份的推断：

1. 玩家1的描述非常笼统，没有提供具体的特征，这可能意味着他可能是一个平民，因为他的描述没有明确指向恒星。

2. 玩家2的描述详细地提到了恒星通过核聚变产生光和热，这是一个明确的特征，但同时也可能是一个误导，因为核聚变不是所有天文物体的特征。这表明玩家2可能是一个平民，因为他的描述虽然详细，但没有明显的误导。

3. 玩家3的描述与玩家2相似，但没有提及核聚变，这可能意味着他也在描述恒星，但以一种更为简洁的方式。

4. 玩家4的描述是一个提醒，而不是具体的描述，因此不能用来推断卧底身份。

考虑到以上信息，以下是我对卧底身份的推断：

- 如果玩家1是卧底，他的描述过于笼统，这通常不是一个平民的描述方式。
- 如果玩家2是卧底，他的描述可能会因为过于详细而显得可疑，尤其是在没有提到核聚变这一点上。
- 如果玩家3是卧底，他的简洁描述可能不会引起怀疑，除非玩家2的详细描述揭示出卧底的存在。

因此，根据描述的不一致之处，玩家2可能是卧底，因为他的描述详细且可能存在误导性，而玩家3的简洁描述可能掩盖了他的真实身份。然而，这个推断是基于描述的分析，真正的卧底可能隐藏在其他玩家的描述中，需要更多的信息来确认。|| 基于你刚刚的推断得出你的最终结论，请输出你认为的卧底，在这种情况下只需要输出编号，是1-4中的某个数字，不要输出其他信息。在这个过程不要进行任何推理，只对||以前的部分进行信息提取
2024-12-13 17:14:43,462 - 1 - INFO - **********PLAYER1**********
2
2024-12-13 17:16:47,367 - 1 - INFO - **********JUDGER**********
玩家1说：它是一种天体，通常在夜空中发光。它在天文类中最为显著的特征是，它通常是一个由气体和尘埃组成的球体，并且是宇宙中最常见的天体之一。玩家2说：它是一种由气体和尘埃组成的宇宙天体，通过核聚变产生光和热。在同类天体中，它最突出的不同特征是能够稳定地发光发热，并且通常是夜空中可见的亮点。玩家3说：它是一种天体，由气体和尘埃构成，通常在夜空中发光。在同类天体中，它最突出的不同特征是能够稳定地发光发热，是夜空中可见的亮点。玩家4说：它是一种天体，主要由岩石和土壤构成，表面特征是红色，有着火山和峡谷。在同类天体中，它最突出的不同特征是含有丰富的矿物质和可能存在液态水的迹象。你是第1号玩家，你的关键词是<星星>。你的回答中绝对不能包含你的关键词<星星>。这是第二轮描述，你之前的描述是它是一种天体，通常在夜空中发光。它在天文类中最为显著的特征是，它通常是一个由气体和尘埃组成的球体，并且是宇宙中最常见的天体之一。，注意，这局游戏的词语分类为<天文>，卧底词和平民词都属于该类，请你补充关于关键词的描述，注意，你的描述应该比起之前的描述更加贴近关键词，作为之前的补充
2024-12-13 17:16:49,534 - 1 - INFO - **********PLAYER1**********
它是一个由等离子体组成的球形天体，通过其核心的核聚变反应产生能量，从而在夜空中发出持续的光芒。在同类天体中，它以其恒定的光亮和稳定的亮度而著称。
2024-12-13 17:17:00,142 - 1 - INFO - **********JUDGER**********
玩家1说：它是一种天体，通常在夜空中发光。它在天文类中最为显著的特征是，它通常是一个由气体和尘埃组成的球体，并且是宇宙中最常见的天体之一。它是一个由等离子体组成的球形天体，通过其核心的核聚变反应产生能量，从而在夜空中发出持续的光芒。在同类天体中，它以其恒定的光亮和稳定的亮度而著称。玩家2说：它是一种由气体和尘埃组成的宇宙天体，通过核聚变产生光和热。在同类天体中，它最突出的不同特征是能够稳定地发光发热，并且通常是夜空中可见的亮点。它是一种在天空中闪烁的宇宙现象，由炽热的气体构成，通过其内部的核聚变过程产生能量，使得它能够持续地在夜空中发出明亮的光芒。这种天体在同类中以其持续的光辉和相对稳定的亮度而闻名。玩家3说：它是一种天体，由气体和尘埃构成，通常在夜空中发光。在同类天体中，它最突出的不同特征是能够稳定地发光发热，是夜空中可见的亮点。这种天体是宇宙中的璀璨之花，它的光芒照亮了夜空，是无数故事和传说的源泉。它的表面由等离子体构成，内部进行着核聚变反应，释放出巨大的能量。这种天体在夜空中以其独特的光芒和恒定的亮度而著称，是宇宙中最引人注目的现象之一。玩家4说：它是一种天体，主要由岩石和土壤构成，表面特征是红色，有着火山和峡谷。在同类天体中，它最突出的不同特征是含有丰富的矿物质和可能存在液态水的迹象。||在这个游戏中，我们需要通过分析每位玩家的描述来找出卧底。通常，平民的描述会围绕相同的词语展开，而卧底的描述可能会因为词语的不同而显得不太一致。我们需要仔细比较每个描述之间的相似性和差异性，以找出可能的卧底，注意，卧底并不会隐藏自己，他会直接描述他的词语，现在，逐一分析每个玩家的描述，注意，这局游戏的词语分类为<天文>，卧底词和平民词都属于该类。||之前是第2轮描述和之前轮数描述的合集。你之前认为的卧底是玩家2。
2024-12-13 17:17:01,272 - 1 - INFO - **********PLAYER1**********
玩家2
2024-12-13 17:17:01,272 - 1 - INFO - **********JUDGER**********
你刚刚的分析是玩家2|| `请根据上述分析，比较描述以找出不一致之处，注意，这局游戏的词语分类为<天文>，卧底词和平民词都属于该类。
2024-12-13 17:17:14,425 - 1 - INFO - **********PLAYER1**********
根据玩家们的描述，以下是一致性和不一致之处的比较：

一致之处：
- 所有玩家的描述都提到了天体由气体和尘埃构成。
- 所有玩家的描述都提到了天体在夜空中发光。
- 所有玩家的描述都提到了天体能够稳定地发光发热。
- 所有玩家的描述都提到了天体在同类天体中的显著特征。
- 所有玩家的描述都提到了天体在夜空中可见。

不一致之处：
- 玩家1、玩家3和玩家4的描述中都提到了天体是由等离子体组成的，而玩家2没有明确提到等离子体。
- 玩家2的描述中特别提到了天体是通过核聚变产生光和热的，而玩家1、玩家3和玩家4没有提到核聚变。
- 玩家2的描述中提到了天体是天空中闪烁的宇宙现象，而其他玩家的描述中没有提到闪烁。
- 玩家2的描述中提到了天体在同类天体中以其持续的光辉和相对稳定的亮度而闻名，而其他玩家的描述中没有这样的表述。
- 玩家4的描述中提到了天体主要由岩石和土壤构成，表面特征是红色，有着火山和峡谷，这与其他玩家的描述中的气体和尘埃构成的天体明显不同。

基于这些不一致之处，玩家4的描述与其他玩家的描述差异最大，因为它提到了岩石和土壤构成的特性，而其他玩家描述的是气体和尘埃构成的天体。这表明玩家4的描述可能是与卧底词不一致的，因此玩家4可能是卧底。
2024-12-13 17:17:14,426 - 1 - INFO - **********JUDGER**********
你刚刚的分析是根据玩家们的描述，以下是一致性和不一致之处的比较：

一致之处：
- 所有玩家的描述都提到了天体由气体和尘埃构成。
- 所有玩家的描述都提到了天体在夜空中发光。
- 所有玩家的描述都提到了天体能够稳定地发光发热。
- 所有玩家的描述都提到了天体在同类天体中的显著特征。
- 所有玩家的描述都提到了天体在夜空中可见。

不一致之处：
- 玩家1、玩家3和玩家4的描述中都提到了天体是由等离子体组成的，而玩家2没有明确提到等离子体。
- 玩家2的描述中特别提到了天体是通过核聚变产生光和热的，而玩家1、玩家3和玩家4没有提到核聚变。
- 玩家2的描述中提到了天体是天空中闪烁的宇宙现象，而其他玩家的描述中没有提到闪烁。
- 玩家2的描述中提到了天体在同类天体中以其持续的光辉和相对稳定的亮度而闻名，而其他玩家的描述中没有这样的表述。
- 玩家4的描述中提到了天体主要由岩石和土壤构成，表面特征是红色，有着火山和峡谷，这与其他玩家的描述中的气体和尘埃构成的天体明显不同。

基于这些不一致之处，玩家4的描述与其他玩家的描述差异最大，因为它提到了岩石和土壤构成的特性，而其他玩家描述的是气体和尘埃构成的天体。这表明玩家4的描述可能是与卧底词不一致的，因此玩家4可能是卧底。|| 请通过你分析的不一致之处，推断卧底身份，注意，这局游戏的词语分类为<天文>，卧底词和平民词都属于该类。
2024-12-13 17:17:15,924 - 1 - INFO - **********PLAYER1**********
玩家4
2024-12-13 17:17:15,925 - 1 - INFO - **********JUDGER**********
你刚刚的推断是玩家4|| 基于你刚刚的推断得出你的最终结论，请输出你认为的卧底，在这种情况下只需要输出编号，是1-4中的某个数字，不要输出其他信息。在这个过程不要进行任何推理，只对||以前的部分进行信息提取
2024-12-13 17:17:16,884 - 1 - INFO - **********PLAYER1**********
4
2024-12-13 17:18:40,056 - 1 - INFO - **********JUDGER**********
玩家1说：它是一种天体，通常在夜空中发光。它在天文类中最为显著的特征是，它通常是一个由气体和尘埃组成的球体，并且是宇宙中最常见的天体之一。它是一个由等离子体组成的球形天体，通过其核心的核聚变反应产生能量，从而在夜空中发出持续的光芒。在同类天体中，它以其恒定的光亮和稳定的亮度而著称。玩家2说：它是一种由气体和尘埃组成的宇宙天体，通过核聚变产生光和热。在同类天体中，它最突出的不同特征是能够稳定地发光发热，并且通常是夜空中可见的亮点。它是一种在天空中闪烁的宇宙现象，由炽热的气体构成，通过其内部的核聚变过程产生能量，使得它能够持续地在夜空中发出明亮的光芒。这种天体在同类中以其持续的光辉和相对稳定的亮度而闻名。玩家3说：它是一种天体，由气体和尘埃构成，通常在夜空中发光。在同类天体中，它最突出的不同特征是能够稳定地发光发热，是夜空中可见的亮点。这种天体是宇宙中的璀璨之花，它的光芒照亮了夜空，是无数故事和传说的源泉。它的表面由等离子体构成，内部进行着核聚变反应，释放出巨大的能量。这种天体在夜空中以其独特的光芒和恒定的亮度而著称，是宇宙中最引人注目的现象之一。玩家4说：它是一种天体，主要由岩石和土壤构成，表面特征是红色，有着火山和峡谷。在同类天体中，它最突出的不同特征是含有丰富的矿物质和可能存在液态水的迹象。它是一种岩石构成的天体，表面遍布火山和峡谷，呈现出独特的红色外观。在同类天体中，它以其丰富的矿物质和潜在的水存在而备受关注。这种天体在夜空中相对较暗，但它的地质特征和潜在的生命迹象使其在宇宙中占有特殊地位。你是第1号玩家，你的关键词是<星星>。你的回答中绝对不能包含你的关键词<星星>。这是第三轮描述，你之前的描述是它是一种天体，通常在夜空中发光。它在天文类中最为显著的特征是，它通常是一个由气体和尘埃组成的球体，并且是宇宙中最常见的天体之一。和它是一个由等离子体组成的球形天体，通过其核心的核聚变反应产生能量，从而在夜空中发出持续的光芒。在同类天体中，它以其恒定的光亮和稳定的亮度而著称。，注意，这局游戏的词语分类为<天文>，卧底词和平民词都属于该类，请你补充关于关键词的描述，注意，你的描述应该比起之前的描述更加贴近关键词，作为之前的补充
2024-12-13 17:18:43,158 - 1 - INFO - **********PLAYER1**********
它是一个在夜空中独立发光的球形物体，主要由气体构成，其核心的核聚变反应是其能量来源。这个天体在夜空中保持稳定的亮度，是宇宙中极为普遍的现象。
2024-12-13 17:18:55,799 - 1 - INFO - **********JUDGER**********
玩家1说：它是一种天体，通常在夜空中发光。它在天文类中最为显著的特征是，它通常是一个由气体和尘埃组成的球体，并且是宇宙中最常见的天体之一。它是一个由等离子体组成的球形天体，通过其核心的核聚变反应产生能量，从而在夜空中发出持续的光芒。在同类天体中，它以其恒定的光亮和稳定的亮度而著称。它是一个在夜空中独立发光的球形物体，主要由气体构成，其核心的核聚变反应是其能量来源。这个天体在夜空中保持稳定的亮度，是宇宙中极为普遍的现象。玩家2说：它是一种由气体和尘埃组成的宇宙天体，通过核聚变产生光和热。在同类天体中，它最突出的不同特征是能够稳定地发光发热，并且通常是夜空中可见的亮点。它是一种在天空中闪烁的宇宙现象，由炽热的气体构成，通过其内部的核聚变过程产生能量，使得它能够持续地在夜空中发出明亮的光芒。这种天体在同类中以其持续的光辉和相对稳定的亮度而闻名。它是一种天体，由炽热的气体组成，通过核聚变反应产生能量，使它能够在夜空中持续发光发热。在同类天体中，它以其稳定的光亮和相对恒定的亮度而著称，是夜空中可见的亮点之一。玩家3说：它是一种天体，由气体和尘埃构成，通常在夜空中发光。在同类天体中，它最突出的不同特征是能够稳定地发光发热，是夜空中可见的亮点。这种天体是宇宙中的璀璨之花，它的光芒照亮了夜空，是无数故事和传说的源泉。它的表面由等离子体构成，内部进行着核聚变反应，释放出巨大的能量。这种天体在夜空中以其独特的光芒和恒定的亮度而著称，是宇宙中最引人注目的现象之一。这个天体在夜空中闪烁，它是由炽热的气体组成的，不断地通过核聚变反应释放出能量，使得它在黑暗的宇宙中成为一道亮丽的风景线。它的光芒稳定而持久，无论是在晴朗的夜晚还是透过云层的缝隙，都能清晰地看到它的存在。这个天体是宇宙的见证者，它的存在激发了无数人类的想象和探索欲望。玩家4说：它是一种天体，主要由岩石和土壤构成，表面特征是红色，有着火山和峡谷。在同类天体中，它最突出的不同特征是含有丰富的矿物质和可能存在液态水的迹象。它是一种岩石构成的天体，表面遍布火山和峡谷，呈现出独特的红色外观。在同类天体中，它以其丰富的矿物质和潜在的水存在而备受关注。这种天体在夜空中相对较暗，但它的地质特征和潜在的生命迹象使其在宇宙中占有特殊地位。它是一种岩石构成的天体，以其红色的外表和复杂的地质结构而闻名。这种天体在宇宙中相对较小，但其表面特征如火山和峡谷表明它经历了地质活动。它的土壤富含多种矿物质，并且有可能存在液态水的迹象，这使得它在寻找外星生命的研究中备受瞩目。这种天体在夜空中不易被看到，但它的存在对理解地球以外的行星环境具有重要意义。||在这个游戏中，我们需要通过分析每位玩家的描述来找出卧底。通常，平民的描述会围绕相同的词语展开，而卧底的描述可能会因为词语的不同而显得不太一致。我们需要仔细比较每个描述之间的相似性和差异性，以找出可能的卧底，注意，卧底并不会隐藏自己，他会直接描述他的词语，现在，逐一分析每个玩家的描述，注意，这局游戏的词语分类为<天文>，卧底词和平民词都属于该类。||之前是第3轮描述和之前轮数描述的合集。你之前认为的卧底是玩家4。
2024-12-13 17:18:57,354 - 1 - INFO - **********PLAYER1**********
玩家4
2024-12-13 17:18:57,355 - 1 - INFO - **********JUDGER**********
你刚刚的分析是玩家4|| `请根据上述分析，比较描述以找出不一致之处，注意，这局游戏的词语分类为<天文>，卧底词和平民词都属于该类。
2024-12-13 17:19:19,379 - 1 - INFO - **********PLAYER1**********
在比较玩家的描述时，以下是不一致之处：

1. 玩家1、玩家2和玩家3的描述都集中在气体、尘埃、核聚变、发光发热、稳定亮度等特征上，这些特征与恒星相关。

2. 玩家4的描述则提到了岩石、土壤、红色外表、火山和峡谷，这些特征与岩石构成的天体（如行星或某些特殊类型的恒星）相关。

3. 玩家4的描述中还提到了含有丰富的矿物质和可能存在液态水的迹象，这些特征与地球上的一些行星（如火星）相关。

4. 玩家4的描述中提到这种天体在夜空中相对较暗，这与恒星通常在夜空中非常明亮的特点不符。

5. 玩家4的描述中提到这种天体的存在对理解地球以外的行星环境具有重要意义，这暗示了这种天体可能与行星科学相关，而不是恒星。

这些不一致之处表明玩家4的描述与恒星的特征不符，因此可能是在描述一个与恒星不同的天文物体，从而指向玩家4可能是卧底。
2024-12-13 17:19:19,380 - 1 - INFO - **********JUDGER**********
你刚刚的分析是在比较玩家的描述时，以下是不一致之处：

1. 玩家1、玩家2和玩家3的描述都集中在气体、尘埃、核聚变、发光发热、稳定亮度等特征上，这些特征与恒星相关。

2. 玩家4的描述则提到了岩石、土壤、红色外表、火山和峡谷，这些特征与岩石构成的天体（如行星或某些特殊类型的恒星）相关。

3. 玩家4的描述中还提到了含有丰富的矿物质和可能存在液态水的迹象，这些特征与地球上的一些行星（如火星）相关。

4. 玩家4的描述中提到这种天体在夜空中相对较暗，这与恒星通常在夜空中非常明亮的特点不符。

5. 玩家4的描述中提到这种天体的存在对理解地球以外的行星环境具有重要意义，这暗示了这种天体可能与行星科学相关，而不是恒星。

这些不一致之处表明玩家4的描述与恒星的特征不符，因此可能是在描述一个与恒星不同的天文物体，从而指向玩家4可能是卧底。|| 请通过你分析的不一致之处，推断卧底身份，注意，这局游戏的词语分类为<天文>，卧底词和平民词都属于该类。
2024-12-13 17:19:24,076 - 1 - INFO - **********PLAYER1**********
基于上述分析，考虑到游戏的词语分类为<天文>，且卧底词和平民词都属于该类，玩家4的描述与恒星的特征不符，而是提到了岩石、土壤、火山和峡谷等特征，这些特征更符合行星或特殊类型恒星（如红色巨星）的描述。因此，根据描述的不一致性和游戏规则，玩家4很可能是卧底。所以，卧底是玩家4。
2024-12-13 17:19:24,077 - 1 - INFO - **********JUDGER**********
你刚刚的推断是基于上述分析，考虑到游戏的词语分类为<天文>，且卧底词和平民词都属于该类，玩家4的描述与恒星的特征不符，而是提到了岩石、土壤、火山和峡谷等特征，这些特征更符合行星或特殊类型恒星（如红色巨星）的描述。因此，根据描述的不一致性和游戏规则，玩家4很可能是卧底。所以，卧底是玩家4。|| 基于你刚刚的推断得出你的最终结论，请输出你认为的卧底，在这种情况下只需要输出编号，是1-4中的某个数字，不要输出其他信息。在这个过程不要进行任何推理，只对||以前的部分进行信息提取
2024-12-13 17:19:25,891 - 1 - INFO - **********PLAYER1**********
4
