2024-12-13 17:13:23,338 - 2 - INFO - **********JUDGER**********
让我们来玩一个叫做<谁是卧底>的推理游戏。基本规则：<人数>：4人。<角色分配>：每位玩家随机抽取一个词语，3名玩家拿到的词语是相同的（平民词），1名玩家拿到与之相近但不同的词语（卧底词）。<游戏流程>：1、玩家轮流描述自己的词语，但<不能>直接说出词语本身。2、描述完毕后，投票选出最像卧底的玩家。3、每轮结束后，被投票选出的玩家出局，不能再进行描述或投票。4、每轮投票结束后，如果卧底被成功找出，平民方获胜；如果卧底未被找出且卧底人数等于或超过平民人数，则卧底方获胜。你将扮演一个<玩家>，请等待你被分配到的关键词。如果你听懂了，只回答，"好的，我准备好参加游戏了"，不要输出别的信息
2024-12-13 17:13:24,230 - 2 - INFO - **********PLAYER2**********
好的，我准备好参加游戏了
2024-12-13 17:14:00,500 - 2 - INFO - **********JUDGER**********
玩家1说：它是一种天体，通常在夜空中发光。它在天文类中最为显著的特征是，它通常是一个由气体和尘埃组成的球体，并且是宇宙中最常见的天体之一。玩家2说：玩家3说：玩家4说：|| 你是第2号玩家，你的关键词是<星星>。你的回答中绝对不能包含你的关键词<星星>。这是第一轮描述，不需要分析||之前别的玩家的描述，请你描述关键词基本特征，注意，这局游戏的词语分类为<天文>，卧底词和平民词都属于该类，描述包括以下两点，1.他的基本特征是什么2.他在该类（天文）中最突出不同的特征是什么，尽量简短
2024-12-13 17:14:02,977 - 2 - INFO - **********PLAYER2**********
它是一种由气体和尘埃组成的宇宙天体，通过核聚变产生光和热。在同类天体中，它最突出的不同特征是能够稳定地发光发热，并且通常是夜空中可见的亮点。
2024-12-13 17:14:43,462 - 2 - INFO - **********JUDGER**********
玩家1说：它是一种天体，通常在夜空中发光。它在天文类中最为显著的特征是，它通常是一个由气体和尘埃组成的球体，并且是宇宙中最常见的天体之一。玩家2说：它是一种由气体和尘埃组成的宇宙天体，通过核聚变产生光和热。在同类天体中，它最突出的不同特征是能够稳定地发光发热，并且通常是夜空中可见的亮点。玩家3说：它是一种天体，由气体和尘埃构成，通常在夜空中发光。在同类天体中，它最突出的不同特征是能够稳定地发光发热，是夜空中可见的亮点。玩家4说：||在这个游戏中，我们需要通过分析每位玩家的描述来找出卧底。通常，平民的描述会围绕相同的词语展开，而卧底的描述可能会因为词语的不同而显得不太一致。我们需要仔细比较每个描述之间的相似性和差异性，以找出可能的卧底，注意，卧底并不会隐藏自己，他会直接描述他的词语，现在，逐一分析每个玩家的描述，注意，这局游戏的词语分类为<天文>，卧底词和平民词都属于该类。这是第一轮描述。
2024-12-13 17:14:52,415 - 2 - INFO - **********PLAYER2**********
好的，根据玩家1、玩家2和玩家3的描述，他们都在描述一种由气体和尘埃组成的宇宙天体，通常在夜空中发光，能够稳定地发光发热，是夜空中可见的亮点。这些描述都指向了同一类天体，即恒星。

作为玩家4，我的描述应该与他们的描述保持一致，但又不能直接使用“星星”这个关键词。因此，我会这样描述：

它是一种在天空中发出光芒的宇宙现象，由气体和尘埃构成，是构成宇宙的基本组成部分之一。在所有天体中，它以其持续的光芒和热量而显著。
2024-12-13 17:14:52,416 - 2 - INFO - **********JUDGER**********
你刚刚的分析是好的，根据玩家1、玩家2和玩家3的描述，他们都在描述一种由气体和尘埃组成的宇宙天体，通常在夜空中发光，能够稳定地发光发热，是夜空中可见的亮点。这些描述都指向了同一类天体，即恒星。

作为玩家4，我的描述应该与他们的描述保持一致，但又不能直接使用“星星”这个关键词。因此，我会这样描述：

它是一种在天空中发出光芒的宇宙现象，由气体和尘埃构成，是构成宇宙的基本组成部分之一。在所有天体中，它以其持续的光芒和热量而显著。|| `请根据上述分析，比较描述以找出不一致之处，注意，这局游戏的词语分类为<天文>，卧底词和平民词都属于该类。
2024-12-13 17:15:04,098 - 2 - INFO - **********PLAYER2**********
根据玩家1、玩家2和玩家3的描述，他们都强调了天体由气体和尘埃组成，夜空中发光，能够稳定发光发热，并且是夜空中可见的亮点。这些描述都非常一致，指向了恒星这一类天体。

如果我是玩家4，并且我的关键词是“星星”，我的描述应该与他们的描述保持一致，但是我不能直接使用“星星”这个词。因此，我的描述也应该包含这些基本特征。然而，如果我的描述与他们的描述在以下方面有所不同：

1. 如果我的描述中包含了与恒星不同的特征，比如提到了它是行星、卫星或者其他天体，那么这可能会引起不一致。
2. 如果我的描述中使用了与恒星不同的术语，比如提到了它是“宇宙尘埃云”或者“光点”，这可能会与他们的描述有所出入。

由于我扮演的是玩家4，如果我的关键词确实是“星星”，那么我的描述应该与他们的描述保持高度一致，不会有明显的不同之处。因此，根据目前的信息，没有明显的不一致之处表明我是卧底。如果确实存在不一致，那么可能需要进一步的分析来确定哪个玩家的描述与群体不一致，从而可能指向卧底。
2024-12-13 17:15:04,100 - 2 - INFO - **********JUDGER**********
你刚刚的分析是根据玩家1、玩家2和玩家3的描述，他们都强调了天体由气体和尘埃组成，夜空中发光，能够稳定发光发热，并且是夜空中可见的亮点。这些描述都非常一致，指向了恒星这一类天体。

如果我是玩家4，并且我的关键词是“星星”，我的描述应该与他们的描述保持一致，但是我不能直接使用“星星”这个词。因此，我的描述也应该包含这些基本特征。然而，如果我的描述与他们的描述在以下方面有所不同：

1. 如果我的描述中包含了与恒星不同的特征，比如提到了它是行星、卫星或者其他天体，那么这可能会引起不一致。
2. 如果我的描述中使用了与恒星不同的术语，比如提到了它是“宇宙尘埃云”或者“光点”，这可能会与他们的描述有所出入。

由于我扮演的是玩家4，如果我的关键词确实是“星星”，那么我的描述应该与他们的描述保持高度一致，不会有明显的不同之处。因此，根据目前的信息，没有明显的不一致之处表明我是卧底。如果确实存在不一致，那么可能需要进一步的分析来确定哪个玩家的描述与群体不一致，从而可能指向卧底。|| 请通过你分析的不一致之处，推断卧底身份，注意，这局游戏的词语分类为<天文>，卧底词和平民词都属于该类。
2024-12-13 17:15:20,160 - 2 - INFO - **********PLAYER2**********
根据前面的分析，如果所有玩家的关键词都属于天文类，且描述都指向恒星这一类天体，那么卧底的关键词很可能不是恒星，而是其他天文类中的不同天体。

以下是一些可能的不一致之处，这些不一致可能会指向卧底：

1. 如果某个玩家的描述中提到了行星、卫星或者彗星等天体，而这些天体与恒星的基本特征不一致，那么这个玩家可能是卧底。

2. 如果某个玩家的描述中使用了与恒星不同的术语，比如将恒星描述为“宇宙尘埃云”或“光点”，而没有提到它是由气体和尘埃组成并能稳定发光发热，那么这个玩家的描述可能不一致，可能是卧底。

3. 如果某个玩家的描述过于简略，没有包含恒星的关键特征，或者包含了一些与恒星不相关的特征，这也可能是卧底的一个迹象。

由于我扮演的是玩家4，如果我的关键词是“星星”，我的描述应该与前面的玩家保持一致，因此我不会是卧底。如果其他玩家的描述中出现了上述不一致之处，那么他们中的任何一个都有可能是卧底。例如，如果玩家2的描述中提到了“宇宙尘埃云”，而其他玩家都没有，那么玩家2可能是卧底。如果所有描述都一致，那么卧底可能是尚未发言的玩家。
2024-12-13 17:15:20,164 - 2 - INFO - **********JUDGER**********
你刚刚的推断是根据前面的分析，如果所有玩家的关键词都属于天文类，且描述都指向恒星这一类天体，那么卧底的关键词很可能不是恒星，而是其他天文类中的不同天体。

以下是一些可能的不一致之处，这些不一致可能会指向卧底：

1. 如果某个玩家的描述中提到了行星、卫星或者彗星等天体，而这些天体与恒星的基本特征不一致，那么这个玩家可能是卧底。

2. 如果某个玩家的描述中使用了与恒星不同的术语，比如将恒星描述为“宇宙尘埃云”或“光点”，而没有提到它是由气体和尘埃组成并能稳定发光发热，那么这个玩家的描述可能不一致，可能是卧底。

3. 如果某个玩家的描述过于简略，没有包含恒星的关键特征，或者包含了一些与恒星不相关的特征，这也可能是卧底的一个迹象。

由于我扮演的是玩家4，如果我的关键词是“星星”，我的描述应该与前面的玩家保持一致，因此我不会是卧底。如果其他玩家的描述中出现了上述不一致之处，那么他们中的任何一个都有可能是卧底。例如，如果玩家2的描述中提到了“宇宙尘埃云”，而其他玩家都没有，那么玩家2可能是卧底。如果所有描述都一致，那么卧底可能是尚未发言的玩家。|| 基于你刚刚的推断得出你的最终结论，请输出你认为的卧底，在这种情况下只需要输出编号，是1-4中的某个数字，不要输出其他信息。在这个过程不要进行任何推理，只对||以前的部分进行信息提取
2024-12-13 17:15:21,050 - 2 - INFO - **********PLAYER2**********
2
2024-12-13 17:16:49,536 - 2 - INFO - **********JUDGER**********
玩家1说：它是一种天体，通常在夜空中发光。它在天文类中最为显著的特征是，它通常是一个由气体和尘埃组成的球体，并且是宇宙中最常见的天体之一。它是一个由等离子体组成的球形天体，通过其核心的核聚变反应产生能量，从而在夜空中发出持续的光芒。在同类天体中，它以其恒定的光亮和稳定的亮度而著称。玩家2说：它是一种由气体和尘埃组成的宇宙天体，通过核聚变产生光和热。在同类天体中，它最突出的不同特征是能够稳定地发光发热，并且通常是夜空中可见的亮点。玩家3说：它是一种天体，由气体和尘埃构成，通常在夜空中发光。在同类天体中，它最突出的不同特征是能够稳定地发光发热，是夜空中可见的亮点。玩家4说：它是一种天体，主要由岩石和土壤构成，表面特征是红色，有着火山和峡谷。在同类天体中，它最突出的不同特征是含有丰富的矿物质和可能存在液态水的迹象。你是第2号玩家，你的关键词是<星星>。你的回答中绝对不能包含你的关键词<星星>。这是第二轮描述，你之前的描述是它是一种由气体和尘埃组成的宇宙天体，通过核聚变产生光和热。在同类天体中，它最突出的不同特征是能够稳定地发光发热，并且通常是夜空中可见的亮点。，注意，这局游戏的词语分类为<天文>，卧底词和平民词都属于该类，请你补充关于关键词的描述，注意，你的描述应该比起之前的描述更加贴近关键词，作为之前的补充
2024-12-13 17:16:53,079 - 2 - INFO - **********PLAYER2**********
它是一种在天空中闪烁的宇宙现象，由炽热的气体构成，通过其内部的核聚变过程产生能量，使得它能够持续地在夜空中发出明亮的光芒。这种天体在同类中以其持续的光辉和相对稳定的亮度而闻名。
2024-12-13 17:17:16,885 - 2 - INFO - **********JUDGER**********
玩家1说：它是一种天体，通常在夜空中发光。它在天文类中最为显著的特征是，它通常是一个由气体和尘埃组成的球体，并且是宇宙中最常见的天体之一。它是一个由等离子体组成的球形天体，通过其核心的核聚变反应产生能量，从而在夜空中发出持续的光芒。在同类天体中，它以其恒定的光亮和稳定的亮度而著称。玩家2说：它是一种由气体和尘埃组成的宇宙天体，通过核聚变产生光和热。在同类天体中，它最突出的不同特征是能够稳定地发光发热，并且通常是夜空中可见的亮点。它是一种在天空中闪烁的宇宙现象，由炽热的气体构成，通过其内部的核聚变过程产生能量，使得它能够持续地在夜空中发出明亮的光芒。这种天体在同类中以其持续的光辉和相对稳定的亮度而闻名。玩家3说：它是一种天体，由气体和尘埃构成，通常在夜空中发光。在同类天体中，它最突出的不同特征是能够稳定地发光发热，是夜空中可见的亮点。这种天体是宇宙中的璀璨之花，它的光芒照亮了夜空，是无数故事和传说的源泉。它的表面由等离子体构成，内部进行着核聚变反应，释放出巨大的能量。这种天体在夜空中以其独特的光芒和恒定的亮度而著称，是宇宙中最引人注目的现象之一。玩家4说：它是一种天体，主要由岩石和土壤构成，表面特征是红色，有着火山和峡谷。在同类天体中，它最突出的不同特征是含有丰富的矿物质和可能存在液态水的迹象。||在这个游戏中，我们需要通过分析每位玩家的描述来找出卧底。通常，平民的描述会围绕相同的词语展开，而卧底的描述可能会因为词语的不同而显得不太一致。我们需要仔细比较每个描述之间的相似性和差异性，以找出可能的卧底，注意，卧底并不会隐藏自己，他会直接描述他的词语，现在，逐一分析每个玩家的描述，注意，这局游戏的词语分类为<天文>，卧底词和平民词都属于该类。||之前是第2轮描述和之前轮数描述的合集。你之前认为的卧底是玩家2。
2024-12-13 17:17:18,096 - 2 - INFO - **********PLAYER2**********
4
2024-12-13 17:17:18,096 - 2 - INFO - **********JUDGER**********
你刚刚的分析是4|| `请根据上述分析，比较描述以找出不一致之处，注意，这局游戏的词语分类为<天文>，卧底词和平民词都属于该类。
2024-12-13 17:17:24,199 - 2 - INFO - **********PLAYER2**********
根据上述分析，以下是不一致之处：

1. 玩家1、玩家2和玩家3的描述都集中在由气体和尘埃组成的球体，通过核聚变产生光和热，以及稳定发光发热的特征上。他们描述的天体通常与恒星相关。

2. 玩家4的描述则不同，他提到的天体主要由岩石和土壤构成，表面特征是红色，有火山和峡谷，以及含有丰富的矿物质和可能存在液态水的迹象。

玩家4的描述与恒星的特征不一致，因此存在明显的不一致之处，这表明玩家4可能是卧底。
2024-12-13 17:17:24,201 - 2 - INFO - **********JUDGER**********
你刚刚的分析是根据上述分析，以下是不一致之处：

1. 玩家1、玩家2和玩家3的描述都集中在由气体和尘埃组成的球体，通过核聚变产生光和热，以及稳定发光发热的特征上。他们描述的天体通常与恒星相关。

2. 玩家4的描述则不同，他提到的天体主要由岩石和土壤构成，表面特征是红色，有火山和峡谷，以及含有丰富的矿物质和可能存在液态水的迹象。

玩家4的描述与恒星的特征不一致，因此存在明显的不一致之处，这表明玩家4可能是卧底。|| 请通过你分析的不一致之处，推断卧底身份，注意，这局游戏的词语分类为<天文>，卧底词和平民词都属于该类。
2024-12-13 17:17:24,920 - 2 - INFO - **********PLAYER2**********
4
2024-12-13 17:17:24,921 - 2 - INFO - **********JUDGER**********
你刚刚的推断是4|| 基于你刚刚的推断得出你的最终结论，请输出你认为的卧底，在这种情况下只需要输出编号，是1-4中的某个数字，不要输出其他信息。在这个过程不要进行任何推理，只对||以前的部分进行信息提取
2024-12-13 17:17:25,593 - 2 - INFO - **********PLAYER2**********
4
2024-12-13 17:18:43,158 - 2 - INFO - **********JUDGER**********
玩家1说：它是一种天体，通常在夜空中发光。它在天文类中最为显著的特征是，它通常是一个由气体和尘埃组成的球体，并且是宇宙中最常见的天体之一。它是一个由等离子体组成的球形天体，通过其核心的核聚变反应产生能量，从而在夜空中发出持续的光芒。在同类天体中，它以其恒定的光亮和稳定的亮度而著称。它是一个在夜空中独立发光的球形物体，主要由气体构成，其核心的核聚变反应是其能量来源。这个天体在夜空中保持稳定的亮度，是宇宙中极为普遍的现象。玩家2说：它是一种由气体和尘埃组成的宇宙天体，通过核聚变产生光和热。在同类天体中，它最突出的不同特征是能够稳定地发光发热，并且通常是夜空中可见的亮点。它是一种在天空中闪烁的宇宙现象，由炽热的气体构成，通过其内部的核聚变过程产生能量，使得它能够持续地在夜空中发出明亮的光芒。这种天体在同类中以其持续的光辉和相对稳定的亮度而闻名。玩家3说：它是一种天体，由气体和尘埃构成，通常在夜空中发光。在同类天体中，它最突出的不同特征是能够稳定地发光发热，是夜空中可见的亮点。这种天体是宇宙中的璀璨之花，它的光芒照亮了夜空，是无数故事和传说的源泉。它的表面由等离子体构成，内部进行着核聚变反应，释放出巨大的能量。这种天体在夜空中以其独特的光芒和恒定的亮度而著称，是宇宙中最引人注目的现象之一。玩家4说：它是一种天体，主要由岩石和土壤构成，表面特征是红色，有着火山和峡谷。在同类天体中，它最突出的不同特征是含有丰富的矿物质和可能存在液态水的迹象。它是一种岩石构成的天体，表面遍布火山和峡谷，呈现出独特的红色外观。在同类天体中，它以其丰富的矿物质和潜在的水存在而备受关注。这种天体在夜空中相对较暗，但它的地质特征和潜在的生命迹象使其在宇宙中占有特殊地位。你是第2号玩家，你的关键词是<星星>。你的回答中绝对不能包含你的关键词<星星>。这是第三轮描述，你之前的描述是它是一种由气体和尘埃组成的宇宙天体，通过核聚变产生光和热。在同类天体中，它最突出的不同特征是能够稳定地发光发热，并且通常是夜空中可见的亮点。和它是一种在天空中闪烁的宇宙现象，由炽热的气体构成，通过其内部的核聚变过程产生能量，使得它能够持续地在夜空中发出明亮的光芒。这种天体在同类中以其持续的光辉和相对稳定的亮度而闻名。，注意，这局游戏的词语分类为<天文>，卧底词和平民词都属于该类，请你补充关于关键词的描述，注意，你的描述应该比起之前的描述更加贴近关键词，作为之前的补充
2024-12-13 17:18:46,610 - 2 - INFO - **********PLAYER2**********
它是一种天体，由炽热的气体组成，通过核聚变反应产生能量，使它能够在夜空中持续发光发热。在同类天体中，它以其稳定的光亮和相对恒定的亮度而著称，是夜空中可见的亮点之一。
2024-12-13 17:19:25,892 - 2 - INFO - **********JUDGER**********
玩家1说：它是一种天体，通常在夜空中发光。它在天文类中最为显著的特征是，它通常是一个由气体和尘埃组成的球体，并且是宇宙中最常见的天体之一。它是一个由等离子体组成的球形天体，通过其核心的核聚变反应产生能量，从而在夜空中发出持续的光芒。在同类天体中，它以其恒定的光亮和稳定的亮度而著称。它是一个在夜空中独立发光的球形物体，主要由气体构成，其核心的核聚变反应是其能量来源。这个天体在夜空中保持稳定的亮度，是宇宙中极为普遍的现象。玩家2说：它是一种由气体和尘埃组成的宇宙天体，通过核聚变产生光和热。在同类天体中，它最突出的不同特征是能够稳定地发光发热，并且通常是夜空中可见的亮点。它是一种在天空中闪烁的宇宙现象，由炽热的气体构成，通过其内部的核聚变过程产生能量，使得它能够持续地在夜空中发出明亮的光芒。这种天体在同类中以其持续的光辉和相对稳定的亮度而闻名。它是一种天体，由炽热的气体组成，通过核聚变反应产生能量，使它能够在夜空中持续发光发热。在同类天体中，它以其稳定的光亮和相对恒定的亮度而著称，是夜空中可见的亮点之一。玩家3说：它是一种天体，由气体和尘埃构成，通常在夜空中发光。在同类天体中，它最突出的不同特征是能够稳定地发光发热，是夜空中可见的亮点。这种天体是宇宙中的璀璨之花，它的光芒照亮了夜空，是无数故事和传说的源泉。它的表面由等离子体构成，内部进行着核聚变反应，释放出巨大的能量。这种天体在夜空中以其独特的光芒和恒定的亮度而著称，是宇宙中最引人注目的现象之一。这个天体在夜空中闪烁，它是由炽热的气体组成的，不断地通过核聚变反应释放出能量，使得它在黑暗的宇宙中成为一道亮丽的风景线。它的光芒稳定而持久，无论是在晴朗的夜晚还是透过云层的缝隙，都能清晰地看到它的存在。这个天体是宇宙的见证者，它的存在激发了无数人类的想象和探索欲望。玩家4说：它是一种天体，主要由岩石和土壤构成，表面特征是红色，有着火山和峡谷。在同类天体中，它最突出的不同特征是含有丰富的矿物质和可能存在液态水的迹象。它是一种岩石构成的天体，表面遍布火山和峡谷，呈现出独特的红色外观。在同类天体中，它以其丰富的矿物质和潜在的水存在而备受关注。这种天体在夜空中相对较暗，但它的地质特征和潜在的生命迹象使其在宇宙中占有特殊地位。它是一种岩石构成的天体，以其红色的外表和复杂的地质结构而闻名。这种天体在宇宙中相对较小，但其表面特征如火山和峡谷表明它经历了地质活动。它的土壤富含多种矿物质，并且有可能存在液态水的迹象，这使得它在寻找外星生命的研究中备受瞩目。这种天体在夜空中不易被看到，但它的存在对理解地球以外的行星环境具有重要意义。||在这个游戏中，我们需要通过分析每位玩家的描述来找出卧底。通常，平民的描述会围绕相同的词语展开，而卧底的描述可能会因为词语的不同而显得不太一致。我们需要仔细比较每个描述之间的相似性和差异性，以找出可能的卧底，注意，卧底并不会隐藏自己，他会直接描述他的词语，现在，逐一分析每个玩家的描述，注意，这局游戏的词语分类为<天文>，卧底词和平民词都属于该类。||之前是第3轮描述和之前轮数描述的合集。你之前认为的卧底是玩家4。
2024-12-13 17:19:27,081 - 2 - INFO - **********PLAYER2**********
4
2024-12-13 17:19:27,083 - 2 - INFO - **********JUDGER**********
你刚刚的分析是4|| `请根据上述分析，比较描述以找出不一致之处，注意，这局游戏的词语分类为<天文>，卧底词和平民词都属于该类。
2024-12-13 17:19:34,796 - 2 - INFO - **********PLAYER2**********
根据上述分析，以下是不一致之处：

1. 玩家1、玩家2和玩家3的描述都集中在恒星的特征上，包括由气体和尘埃组成、通过核聚变产生能量、在夜空中发光发热、恒定的光亮和稳定的亮度等。

2. 玩家4的描述则与恒星的特征有所不同。他提到的天体主要由岩石和土壤构成，具有红色外观，有火山和峡谷，含有丰富的矿物质和可能存在液态水的迹象。这些特征与恒星不符，更像是描述一个行星或类似的地外天体。

因此，玩家4的描述与恒星的特征不一致，存在明显的不一致之处，这表明玩家4可能是卧底。
2024-12-13 17:19:34,797 - 2 - INFO - **********JUDGER**********
你刚刚的分析是根据上述分析，以下是不一致之处：

1. 玩家1、玩家2和玩家3的描述都集中在恒星的特征上，包括由气体和尘埃组成、通过核聚变产生能量、在夜空中发光发热、恒定的光亮和稳定的亮度等。

2. 玩家4的描述则与恒星的特征有所不同。他提到的天体主要由岩石和土壤构成，具有红色外观，有火山和峡谷，含有丰富的矿物质和可能存在液态水的迹象。这些特征与恒星不符，更像是描述一个行星或类似的地外天体。

因此，玩家4的描述与恒星的特征不一致，存在明显的不一致之处，这表明玩家4可能是卧底。|| 请通过你分析的不一致之处，推断卧底身份，注意，这局游戏的词语分类为<天文>，卧底词和平民词都属于该类。
2024-12-13 17:19:36,018 - 2 - INFO - **********PLAYER2**********
4
2024-12-13 17:19:36,019 - 2 - INFO - **********JUDGER**********
你刚刚的推断是4|| 基于你刚刚的推断得出你的最终结论，请输出你认为的卧底，在这种情况下只需要输出编号，是1-4中的某个数字，不要输出其他信息。在这个过程不要进行任何推理，只对||以前的部分进行信息提取
2024-12-13 17:19:37,930 - 2 - INFO - **********PLAYER2**********
4
