2024-12-13 17:13:27,055 - 4 - INFO - **********JUDGER**********
让我们来玩一个叫做<谁是卧底>的推理游戏。基本规则：<人数>：4人。<角色分配>：每位玩家随机抽取一个词语，3名玩家拿到的词语是相同的（平民词），1名玩家拿到与之相近但不同的词语（卧底词）。<游戏流程>：1、玩家轮流描述自己的词语，但<不能>直接说出词语本身。2、描述完毕后，投票选出最像卧底的玩家。3、每轮结束后，被投票选出的玩家出局，不能再进行描述或投票。4、每轮投票结束后，如果卧底被成功找出，平民方获胜；如果卧底未被找出且卧底人数等于或超过平民人数，则卧底方获胜。你将扮演一个<玩家>，请等待你被分配到的关键词。如果你听懂了，只回答，"好的，我准备好参加游戏了"，不要输出别的信息
2024-12-13 17:13:28,222 - 4 - INFO - **********PLAYER4**********
好的，我准备好参加游戏了
2024-12-13 17:14:05,718 - 4 - INFO - **********JUDGER**********
玩家1说：它是一种天体，通常在夜空中发光。它在天文类中最为显著的特征是，它通常是一个由气体和尘埃组成的球体，并且是宇宙中最常见的天体之一。玩家2说：它是一种由气体和尘埃组成的宇宙天体，通过核聚变产生光和热。在同类天体中，它最突出的不同特征是能够稳定地发光发热，并且通常是夜空中可见的亮点。玩家3说：它是一种天体，由气体和尘埃构成，通常在夜空中发光。在同类天体中，它最突出的不同特征是能够稳定地发光发热，是夜空中可见的亮点。玩家4说：|| 你是第4号玩家，你的关键词是<火星>。你的回答中绝对不能包含你的关键词<火星>。这是第一轮描述，不需要分析||之前别的玩家的描述，请你描述关键词基本特征，注意，这局游戏的词语分类为<天文>，卧底词和平民词都属于该类，描述包括以下两点，1.他的基本特征是什么2.他在该类（天文）中最突出不同的特征是什么，尽量简短
2024-12-13 17:14:07,373 - 4 - INFO - **********PLAYER4**********
它是一种天体，主要由岩石和土壤构成，表面特征是红色，有着火山和峡谷。在同类天体中，它最突出的不同特征是含有丰富的矿物质和可能存在液态水的迹象。
2024-12-13 17:16:16,717 - 4 - INFO - **********JUDGER**********
玩家1说：它是一种天体，通常在夜空中发光。它在天文类中最为显著的特征是，它通常是一个由气体和尘埃组成的球体，并且是宇宙中最常见的天体之一。玩家2说：它是一种由气体和尘埃组成的宇宙天体，通过核聚变产生光和热。在同类天体中，它最突出的不同特征是能够稳定地发光发热，并且通常是夜空中可见的亮点。玩家3说：它是一种天体，由气体和尘埃构成，通常在夜空中发光。在同类天体中，它最突出的不同特征是能够稳定地发光发热，是夜空中可见的亮点。玩家4说：||在这个游戏中，我们需要通过分析每位玩家的描述来找出卧底。通常，平民的描述会围绕相同的词语展开，而卧底的描述可能会因为词语的不同而显得不太一致。我们需要仔细比较每个描述之间的相似性和差异性，以找出可能的卧底，注意，卧底并不会隐藏自己，他会直接描述他的词语，现在，逐一分析每个玩家的描述，注意，这局游戏的词语分类为<天文>，卧底词和平民词都属于该类。这是第一轮描述。
2024-12-13 17:16:24,468 - 4 - INFO - **********PLAYER4**********
经过分析，玩家1、玩家2和玩家3的描述都指向了恒星这一天文现象。他们提到的特征包括由气体和尘埃组成、在夜空中发光、稳定地发光发热、是夜空中可见的亮点等，这些都是恒星的基本特征。

然而，玩家4的描述没有明确指出是恒星，而是提到了天体、气体和尘埃构成、夜空中发光等特征，但没有特别强调稳定发光发热和夜空中可见的亮点，这与恒星的特征有所区别。

因此，根据描述的相似性和差异性，玩家4的描述可能更接近于卧底的描述，因为他没有像其他玩家那样集中描述恒星的特征。但这只是一个初步的判断，需要结合后续的描述和投票来进一步确认。
2024-12-13 17:16:24,469 - 4 - INFO - **********JUDGER**********
你刚刚的分析是经过分析，玩家1、玩家2和玩家3的描述都指向了恒星这一天文现象。他们提到的特征包括由气体和尘埃组成、在夜空中发光、稳定地发光发热、是夜空中可见的亮点等，这些都是恒星的基本特征。

然而，玩家4的描述没有明确指出是恒星，而是提到了天体、气体和尘埃构成、夜空中发光等特征，但没有特别强调稳定发光发热和夜空中可见的亮点，这与恒星的特征有所区别。

因此，根据描述的相似性和差异性，玩家4的描述可能更接近于卧底的描述，因为他没有像其他玩家那样集中描述恒星的特征。但这只是一个初步的判断，需要结合后续的描述和投票来进一步确认。|| `请根据上述分析，比较描述以找出不一致之处，注意，这局游戏的词语分类为<天文>，卧底词和平民词都属于该类。
2024-12-13 17:16:33,992 - 4 - INFO - **********PLAYER4**********
根据上述分析，我们可以比较描述中的一致性和不一致之处如下：

一致之处：
1. 所有玩家都提到了天体由气体和尘埃组成。
2. 所有玩家都提到了天体在夜空中发光。
3. 所有玩家都提到了天体是宇宙中常见的。

不一致之处：
1. 玩家1、玩家2和玩家3都特别强调了天体能够稳定地发光发热，以及它们通常是夜空中可见的亮点，这是恒星的特征。
2. 玩家4的描述中没有提到天体能够稳定地发光发热，也没有强调它是夜空中可见的亮点，这与其他玩家的描述存在差异。

由于游戏规则中提到卧底词和平民词都属于天文类，且玩家4的描述在这一点上与其他玩家有所不同，这可能是玩家4作为卧底的一个线索。玩家4的描述可能指向的是与恒星特征有所不同的天文现象，例如行星、卫星或者星云等，这些天体也可能由气体和尘埃构成，并且在夜空中发光，但没有恒星那样稳定的光热特征。因此，玩家4的描述可能与卧底词的特征更加接近。
2024-12-13 17:16:33,992 - 4 - INFO - **********JUDGER**********
你刚刚的分析是根据上述分析，我们可以比较描述中的一致性和不一致之处如下：

一致之处：
1. 所有玩家都提到了天体由气体和尘埃组成。
2. 所有玩家都提到了天体在夜空中发光。
3. 所有玩家都提到了天体是宇宙中常见的。

不一致之处：
1. 玩家1、玩家2和玩家3都特别强调了天体能够稳定地发光发热，以及它们通常是夜空中可见的亮点，这是恒星的特征。
2. 玩家4的描述中没有提到天体能够稳定地发光发热，也没有强调它是夜空中可见的亮点，这与其他玩家的描述存在差异。

由于游戏规则中提到卧底词和平民词都属于天文类，且玩家4的描述在这一点上与其他玩家有所不同，这可能是玩家4作为卧底的一个线索。玩家4的描述可能指向的是与恒星特征有所不同的天文现象，例如行星、卫星或者星云等，这些天体也可能由气体和尘埃构成，并且在夜空中发光，但没有恒星那样稳定的光热特征。因此，玩家4的描述可能与卧底词的特征更加接近。|| 请通过你分析的不一致之处，推断卧底身份，注意，这局游戏的词语分类为<天文>，卧底词和平民词都属于该类。
2024-12-13 17:16:46,668 - 4 - INFO - **********PLAYER4**********
基于分析中提到的不一致之处，可以推断以下可能的卧底身份：

1. 如果玩家4的描述指向的是行星，那么卧底词可能是“行星”。行星也是由气体和尘埃构成，且在夜空中发光，但它们不具备恒星那样的稳定发光发热的特征，且不是夜空中可见的亮点，除非是太阳系中的行星，它们的光芒通常来源于太阳。

2. 如果玩家4的描述指向的是卫星，那么卧底词可能是“卫星”。卫星同样由岩石和尘埃构成，有时也能在夜空中被看见，但它们的光芒通常来自反射其母星的光，而不是自身发光。

3. 如果玩家4的描述指向的是星云，那么卧底词可能是“星云”。星云由气体和尘埃组成，可以在夜空中发光，但它们的光通常是散射光，不是像恒星那样稳定的光热源。

4. 另一种可能性是玩家4的描述指向的是小行星或彗星，这些天体可能由岩石和尘埃构成，有时也会在夜空中发光，但它们的特征与恒星不同。

由于玩家4的描述没有明确提到稳定发光发热和夜空中可见的亮点，这表明卧底词可能是指那些在描述上与恒星有显著区别的天文现象。因此，结合游戏规则和描述的不一致性，玩家4可能是卧底，且卧底词可能是行星、卫星、星云、小行星或彗星中的任何一个。
2024-12-13 17:16:46,671 - 4 - INFO - **********JUDGER**********
你刚刚的推断是基于分析中提到的不一致之处，可以推断以下可能的卧底身份：

1. 如果玩家4的描述指向的是行星，那么卧底词可能是“行星”。行星也是由气体和尘埃构成，且在夜空中发光，但它们不具备恒星那样的稳定发光发热的特征，且不是夜空中可见的亮点，除非是太阳系中的行星，它们的光芒通常来源于太阳。

2. 如果玩家4的描述指向的是卫星，那么卧底词可能是“卫星”。卫星同样由岩石和尘埃构成，有时也能在夜空中被看见，但它们的光芒通常来自反射其母星的光，而不是自身发光。

3. 如果玩家4的描述指向的是星云，那么卧底词可能是“星云”。星云由气体和尘埃组成，可以在夜空中发光，但它们的光通常是散射光，不是像恒星那样稳定的光热源。

4. 另一种可能性是玩家4的描述指向的是小行星或彗星，这些天体可能由岩石和尘埃构成，有时也会在夜空中发光，但它们的特征与恒星不同。

由于玩家4的描述没有明确提到稳定发光发热和夜空中可见的亮点，这表明卧底词可能是指那些在描述上与恒星有显著区别的天文现象。因此，结合游戏规则和描述的不一致性，玩家4可能是卧底，且卧底词可能是行星、卫星、星云、小行星或彗星中的任何一个。|| 基于你刚刚的推断得出你的最终结论，请输出你认为的卧底，在这种情况下只需要输出编号，是1-4中的某个数字，不要输出其他信息。在这个过程不要进行任何推理，只对||以前的部分进行信息提取
2024-12-13 17:16:47,367 - 4 - INFO - **********PLAYER4**********
1
2024-12-13 17:16:56,225 - 4 - INFO - **********JUDGER**********
玩家1说：它是一种天体，通常在夜空中发光。它在天文类中最为显著的特征是，它通常是一个由气体和尘埃组成的球体，并且是宇宙中最常见的天体之一。它是一个由等离子体组成的球形天体，通过其核心的核聚变反应产生能量，从而在夜空中发出持续的光芒。在同类天体中，它以其恒定的光亮和稳定的亮度而著称。玩家2说：它是一种由气体和尘埃组成的宇宙天体，通过核聚变产生光和热。在同类天体中，它最突出的不同特征是能够稳定地发光发热，并且通常是夜空中可见的亮点。它是一种在天空中闪烁的宇宙现象，由炽热的气体构成，通过其内部的核聚变过程产生能量，使得它能够持续地在夜空中发出明亮的光芒。这种天体在同类中以其持续的光辉和相对稳定的亮度而闻名。玩家3说：它是一种天体，由气体和尘埃构成，通常在夜空中发光。在同类天体中，它最突出的不同特征是能够稳定地发光发热，是夜空中可见的亮点。这种天体是宇宙中的璀璨之花，它的光芒照亮了夜空，是无数故事和传说的源泉。它的表面由等离子体构成，内部进行着核聚变反应，释放出巨大的能量。这种天体在夜空中以其独特的光芒和恒定的亮度而著称，是宇宙中最引人注目的现象之一。玩家4说：它是一种天体，主要由岩石和土壤构成，表面特征是红色，有着火山和峡谷。在同类天体中，它最突出的不同特征是含有丰富的矿物质和可能存在液态水的迹象。你是第4号玩家，你的关键词是<火星>。你的回答中绝对不能包含你的关键词<火星>。这是第二轮描述，你之前的描述是它是一种天体，主要由岩石和土壤构成，表面特征是红色，有着火山和峡谷。在同类天体中，它最突出的不同特征是含有丰富的矿物质和可能存在液态水的迹象。，注意，这局游戏的词语分类为<天文>，卧底词和平民词都属于该类，请你补充关于关键词的描述，注意，你的描述应该比起之前的描述更加贴近关键词，作为之前的补充
2024-12-13 17:17:00,141 - 4 - INFO - **********PLAYER4**********
它是一种岩石构成的天体，表面遍布火山和峡谷，呈现出独特的红色外观。在同类天体中，它以其丰富的矿物质和潜在的水存在而备受关注。这种天体在夜空中相对较暗，但它的地质特征和潜在的生命迹象使其在宇宙中占有特殊地位。
2024-12-13 17:18:15,023 - 4 - INFO - **********JUDGER**********
玩家1说：它是一种天体，通常在夜空中发光。它在天文类中最为显著的特征是，它通常是一个由气体和尘埃组成的球体，并且是宇宙中最常见的天体之一。它是一个由等离子体组成的球形天体，通过其核心的核聚变反应产生能量，从而在夜空中发出持续的光芒。在同类天体中，它以其恒定的光亮和稳定的亮度而著称。玩家2说：它是一种由气体和尘埃组成的宇宙天体，通过核聚变产生光和热。在同类天体中，它最突出的不同特征是能够稳定地发光发热，并且通常是夜空中可见的亮点。它是一种在天空中闪烁的宇宙现象，由炽热的气体构成，通过其内部的核聚变过程产生能量，使得它能够持续地在夜空中发出明亮的光芒。这种天体在同类中以其持续的光辉和相对稳定的亮度而闻名。玩家3说：它是一种天体，由气体和尘埃构成，通常在夜空中发光。在同类天体中，它最突出的不同特征是能够稳定地发光发热，是夜空中可见的亮点。这种天体是宇宙中的璀璨之花，它的光芒照亮了夜空，是无数故事和传说的源泉。它的表面由等离子体构成，内部进行着核聚变反应，释放出巨大的能量。这种天体在夜空中以其独特的光芒和恒定的亮度而著称，是宇宙中最引人注目的现象之一。玩家4说：它是一种天体，主要由岩石和土壤构成，表面特征是红色，有着火山和峡谷。在同类天体中，它最突出的不同特征是含有丰富的矿物质和可能存在液态水的迹象。||在这个游戏中，我们需要通过分析每位玩家的描述来找出卧底。通常，平民的描述会围绕相同的词语展开，而卧底的描述可能会因为词语的不同而显得不太一致。我们需要仔细比较每个描述之间的相似性和差异性，以找出可能的卧底，注意，卧底并不会隐藏自己，他会直接描述他的词语，现在，逐一分析每个玩家的描述，注意，这局游戏的词语分类为<天文>，卧底词和平民词都属于该类。||之前是第2轮描述和之前轮数描述的合集。你之前认为的卧底是玩家1。
2024-12-13 17:18:25,890 - 4 - INFO - **********PLAYER4**********
根据第二轮描述和之前的分析，我们可以重新审视每位玩家的描述：

玩家1、玩家2和玩家3的描述都非常相似，都强调了天体由气体和尘埃组成，通过核聚变产生光和热，稳定发光发热，并且在夜空中可见。这些描述都指向了恒星这一概念。

玩家4的描述则与前三名玩家的描述有所不同，他提到了天体主要由岩石和土壤构成，表面是红色，有火山和峡谷，含有丰富的矿物质和可能存在液态水的迹象。这些特征与恒星的特征不符，更像是行星，尤其是地球或火星的特征。

由于之前的分析中提到玩家4的描述与恒星的特征不一致，且没有明确提到稳定发光发热和夜空中可见的亮点，这表明玩家4的描述可能更接近于卧底词的特征。

因此，结合第二轮的描述和之前的分析，玩家4仍然可能是卧底。我的最终结论是玩家4是卧底。
2024-12-13 17:18:25,892 - 4 - INFO - **********JUDGER**********
你刚刚的分析是根据第二轮描述和之前的分析，我们可以重新审视每位玩家的描述：

玩家1、玩家2和玩家3的描述都非常相似，都强调了天体由气体和尘埃组成，通过核聚变产生光和热，稳定发光发热，并且在夜空中可见。这些描述都指向了恒星这一概念。

玩家4的描述则与前三名玩家的描述有所不同，他提到了天体主要由岩石和土壤构成，表面是红色，有火山和峡谷，含有丰富的矿物质和可能存在液态水的迹象。这些特征与恒星的特征不符，更像是行星，尤其是地球或火星的特征。

由于之前的分析中提到玩家4的描述与恒星的特征不一致，且没有明确提到稳定发光发热和夜空中可见的亮点，这表明玩家4的描述可能更接近于卧底词的特征。

因此，结合第二轮的描述和之前的分析，玩家4仍然可能是卧底。我的最终结论是玩家4是卧底。|| `请根据上述分析，比较描述以找出不一致之处，注意，这局游戏的词语分类为<天文>，卧底词和平民词都属于该类。
2024-12-13 17:18:33,311 - 4 - INFO - **********PLAYER4**********
根据上述分析，我们可以比较描述中的一致性和不一致之处如下：

一致之处：
1. 玩家1、玩家2和玩家3的描述都集中在天体由气体和尘埃组成，通过核聚变产生光和热，稳定发光发热，以及在天空中可见。

不一致之处：
1. 玩家4的描述与前三名玩家不同，他没有提到天体由气体和尘埃组成，也没有强调核聚变产生光和热，稳定发光发热。相反，他描述了一个主要由岩石和土壤构成的天体，表面是红色，有火山和峡谷，含有丰富的矿物质和可能存在液态水的迹象。

由于游戏规则指出卧底词和平民词都属于天文类，玩家4的描述与恒星的特征不符，更像是行星（特别是地球或火星）的特征。这种描述上的不一致性是玩家4可能作为卧底的关键线索。
2024-12-13 17:18:33,314 - 4 - INFO - **********JUDGER**********
你刚刚的分析是根据上述分析，我们可以比较描述中的一致性和不一致之处如下：

一致之处：
1. 玩家1、玩家2和玩家3的描述都集中在天体由气体和尘埃组成，通过核聚变产生光和热，稳定发光发热，以及在天空中可见。

不一致之处：
1. 玩家4的描述与前三名玩家不同，他没有提到天体由气体和尘埃组成，也没有强调核聚变产生光和热，稳定发光发热。相反，他描述了一个主要由岩石和土壤构成的天体，表面是红色，有火山和峡谷，含有丰富的矿物质和可能存在液态水的迹象。

由于游戏规则指出卧底词和平民词都属于天文类，玩家4的描述与恒星的特征不符，更像是行星（特别是地球或火星）的特征。这种描述上的不一致性是玩家4可能作为卧底的关键线索。|| 请通过你分析的不一致之处，推断卧底身份，注意，这局游戏的词语分类为<天文>，卧底词和平民词都属于该类。
2024-12-13 17:18:39,012 - 4 - INFO - **********PLAYER4**********
根据描述中的一致性和不一致之处，结合游戏规则和天文类别的限制，可以推断以下卧底身份：

玩家4的描述与恒星的特征不一致，而是描述了一个主要由岩石和土壤构成的天体，表面是红色，有火山和峡谷，含有丰富的矿物质和可能存在液态水的迹象。这些特征与火星非常吻合，火星是太阳系中已知存在火山、峡谷、红色表面和可能存在液态水的行星。

因此，基于描述的不一致性以及天文类别的限制，可以推断玩家4的卧底身份是“火星”。
2024-12-13 17:18:39,014 - 4 - INFO - **********JUDGER**********
你刚刚的推断是根据描述中的一致性和不一致之处，结合游戏规则和天文类别的限制，可以推断以下卧底身份：

玩家4的描述与恒星的特征不一致，而是描述了一个主要由岩石和土壤构成的天体，表面是红色，有火山和峡谷，含有丰富的矿物质和可能存在液态水的迹象。这些特征与火星非常吻合，火星是太阳系中已知存在火山、峡谷、红色表面和可能存在液态水的行星。

因此，基于描述的不一致性以及天文类别的限制，可以推断玩家4的卧底身份是“火星”。|| 基于你刚刚的推断得出你的最终结论，请输出你认为的卧底，在这种情况下只需要输出编号，是1-4中的某个数字，不要输出其他信息。在这个过程不要进行任何推理，只对||以前的部分进行信息提取
2024-12-13 17:18:40,055 - 4 - INFO - **********PLAYER4**********
4
2024-12-13 17:18:50,569 - 4 - INFO - **********JUDGER**********
玩家1说：它是一种天体，通常在夜空中发光。它在天文类中最为显著的特征是，它通常是一个由气体和尘埃组成的球体，并且是宇宙中最常见的天体之一。它是一个由等离子体组成的球形天体，通过其核心的核聚变反应产生能量，从而在夜空中发出持续的光芒。在同类天体中，它以其恒定的光亮和稳定的亮度而著称。它是一个在夜空中独立发光的球形物体，主要由气体构成，其核心的核聚变反应是其能量来源。这个天体在夜空中保持稳定的亮度，是宇宙中极为普遍的现象。玩家2说：它是一种由气体和尘埃组成的宇宙天体，通过核聚变产生光和热。在同类天体中，它最突出的不同特征是能够稳定地发光发热，并且通常是夜空中可见的亮点。它是一种在天空中闪烁的宇宙现象，由炽热的气体构成，通过其内部的核聚变过程产生能量，使得它能够持续地在夜空中发出明亮的光芒。这种天体在同类中以其持续的光辉和相对稳定的亮度而闻名。它是一种天体，由炽热的气体组成，通过核聚变反应产生能量，使它能够在夜空中持续发光发热。在同类天体中，它以其稳定的光亮和相对恒定的亮度而著称，是夜空中可见的亮点之一。玩家3说：它是一种天体，由气体和尘埃构成，通常在夜空中发光。在同类天体中，它最突出的不同特征是能够稳定地发光发热，是夜空中可见的亮点。这种天体是宇宙中的璀璨之花，它的光芒照亮了夜空，是无数故事和传说的源泉。它的表面由等离子体构成，内部进行着核聚变反应，释放出巨大的能量。这种天体在夜空中以其独特的光芒和恒定的亮度而著称，是宇宙中最引人注目的现象之一。这个天体在夜空中闪烁，它是由炽热的气体组成的，不断地通过核聚变反应释放出能量，使得它在黑暗的宇宙中成为一道亮丽的风景线。它的光芒稳定而持久，无论是在晴朗的夜晚还是透过云层的缝隙，都能清晰地看到它的存在。这个天体是宇宙的见证者，它的存在激发了无数人类的想象和探索欲望。玩家4说：它是一种天体，主要由岩石和土壤构成，表面特征是红色，有着火山和峡谷。在同类天体中，它最突出的不同特征是含有丰富的矿物质和可能存在液态水的迹象。它是一种岩石构成的天体，表面遍布火山和峡谷，呈现出独特的红色外观。在同类天体中，它以其丰富的矿物质和潜在的水存在而备受关注。这种天体在夜空中相对较暗，但它的地质特征和潜在的生命迹象使其在宇宙中占有特殊地位。你是第4号玩家，你的关键词是<火星>。你的回答中绝对不能包含你的关键词<火星>。这是第三轮描述，你之前的描述是它是一种天体，主要由岩石和土壤构成，表面特征是红色，有着火山和峡谷。在同类天体中，它最突出的不同特征是含有丰富的矿物质和可能存在液态水的迹象。和它是一种岩石构成的天体，表面遍布火山和峡谷，呈现出独特的红色外观。在同类天体中，它以其丰富的矿物质和潜在的水存在而备受关注。这种天体在夜空中相对较暗，但它的地质特征和潜在的生命迹象使其在宇宙中占有特殊地位。，注意，这局游戏的词语分类为<天文>，卧底词和平民词都属于该类，请你补充关于关键词的描述，注意，你的描述应该比起之前的描述更加贴近关键词，作为之前的补充
2024-12-13 17:18:55,798 - 4 - INFO - **********PLAYER4**********
它是一种岩石构成的天体，以其红色的外表和复杂的地质结构而闻名。这种天体在宇宙中相对较小，但其表面特征如火山和峡谷表明它经历了地质活动。它的土壤富含多种矿物质，并且有可能存在液态水的迹象，这使得它在寻找外星生命的研究中备受瞩目。这种天体在夜空中不易被看到，但它的存在对理解地球以外的行星环境具有重要意义。
2024-12-13 17:20:10,321 - 4 - INFO - **********JUDGER**********
玩家1说：它是一种天体，通常在夜空中发光。它在天文类中最为显著的特征是，它通常是一个由气体和尘埃组成的球体，并且是宇宙中最常见的天体之一。它是一个由等离子体组成的球形天体，通过其核心的核聚变反应产生能量，从而在夜空中发出持续的光芒。在同类天体中，它以其恒定的光亮和稳定的亮度而著称。它是一个在夜空中独立发光的球形物体，主要由气体构成，其核心的核聚变反应是其能量来源。这个天体在夜空中保持稳定的亮度，是宇宙中极为普遍的现象。玩家2说：它是一种由气体和尘埃组成的宇宙天体，通过核聚变产生光和热。在同类天体中，它最突出的不同特征是能够稳定地发光发热，并且通常是夜空中可见的亮点。它是一种在天空中闪烁的宇宙现象，由炽热的气体构成，通过其内部的核聚变过程产生能量，使得它能够持续地在夜空中发出明亮的光芒。这种天体在同类中以其持续的光辉和相对稳定的亮度而闻名。它是一种天体，由炽热的气体组成，通过核聚变反应产生能量，使它能够在夜空中持续发光发热。在同类天体中，它以其稳定的光亮和相对恒定的亮度而著称，是夜空中可见的亮点之一。玩家3说：它是一种天体，由气体和尘埃构成，通常在夜空中发光。在同类天体中，它最突出的不同特征是能够稳定地发光发热，是夜空中可见的亮点。这种天体是宇宙中的璀璨之花，它的光芒照亮了夜空，是无数故事和传说的源泉。它的表面由等离子体构成，内部进行着核聚变反应，释放出巨大的能量。这种天体在夜空中以其独特的光芒和恒定的亮度而著称，是宇宙中最引人注目的现象之一。这个天体在夜空中闪烁，它是由炽热的气体组成的，不断地通过核聚变反应释放出能量，使得它在黑暗的宇宙中成为一道亮丽的风景线。它的光芒稳定而持久，无论是在晴朗的夜晚还是透过云层的缝隙，都能清晰地看到它的存在。这个天体是宇宙的见证者，它的存在激发了无数人类的想象和探索欲望。玩家4说：它是一种天体，主要由岩石和土壤构成，表面特征是红色，有着火山和峡谷。在同类天体中，它最突出的不同特征是含有丰富的矿物质和可能存在液态水的迹象。它是一种岩石构成的天体，表面遍布火山和峡谷，呈现出独特的红色外观。在同类天体中，它以其丰富的矿物质和潜在的水存在而备受关注。这种天体在夜空中相对较暗，但它的地质特征和潜在的生命迹象使其在宇宙中占有特殊地位。它是一种岩石构成的天体，以其红色的外表和复杂的地质结构而闻名。这种天体在宇宙中相对较小，但其表面特征如火山和峡谷表明它经历了地质活动。它的土壤富含多种矿物质，并且有可能存在液态水的迹象，这使得它在寻找外星生命的研究中备受瞩目。这种天体在夜空中不易被看到，但它的存在对理解地球以外的行星环境具有重要意义。||在这个游戏中，我们需要通过分析每位玩家的描述来找出卧底。通常，平民的描述会围绕相同的词语展开，而卧底的描述可能会因为词语的不同而显得不太一致。我们需要仔细比较每个描述之间的相似性和差异性，以找出可能的卧底，注意，卧底并不会隐藏自己，他会直接描述他的词语，现在，逐一分析每个玩家的描述，注意，这局游戏的词语分类为<天文>，卧底词和平民词都属于该类。||之前是第3轮描述和之前轮数描述的合集。你之前认为的卧底是玩家4。
2024-12-13 17:20:14,337 - 4 - INFO - **********PLAYER4**********
它是一种天体，通常在夜空中可见，由气体和尘埃组成，能够稳定地发光发热。在同类天体中，它最突出的不同特征是它通常是一个由气体和尘埃组成的球体，并且是宇宙中最常见的天体之一。
2024-12-13 17:20:14,338 - 4 - INFO - **********JUDGER**********
你刚刚的分析是它是一种天体，通常在夜空中可见，由气体和尘埃组成，能够稳定地发光发热。在同类天体中，它最突出的不同特征是它通常是一个由气体和尘埃组成的球体，并且是宇宙中最常见的天体之一。|| `请根据上述分析，比较描述以找出不一致之处，注意，这局游戏的词语分类为<天文>，卧底词和平民词都属于该类。
2024-12-13 17:20:27,450 - 4 - INFO - **********PLAYER4**********
根据上述分析，我们可以比较描述中的一致性和不一致之处如下：

一致之处：
1. 所有玩家都提到了天体在夜空中可见。
2. 所有玩家都提到了天体由气体和尘埃组成。
3. 所有玩家都提到了天体能够稳定地发光发热。

不一致之处：
1. 玩家1、玩家2和玩家3的描述中都强调了天体是宇宙中最常见的，并且提到了核聚变反应是其能量来源，以及天体在夜空中保持恒定的光亮和稳定的亮度。
2. 玩家4的描述中没有提到天体是宇宙中最常见的，也没有提到核聚变反应或恒定的光亮和稳定亮度。相反，他描述了一个主要由岩石和土壤构成的天体，表面是红色，有火山和峡谷，含有丰富的矿物质和可能存在液态水的迹象。

由于玩家4的描述与恒星的特征不符，而是更接近于描述了一个行星，尤其是火星的特征，这表明玩家4的描述可能与卧底词的特征更加接近。因此，不一致之处在于玩家4的描述中没有提到天体是宇宙中最常见的，也没有提到与核聚变相关的特征，这是与其他玩家描述的主要区别。
2024-12-13 17:20:27,452 - 4 - INFO - **********JUDGER**********
你刚刚的分析是根据上述分析，我们可以比较描述中的一致性和不一致之处如下：

一致之处：
1. 所有玩家都提到了天体在夜空中可见。
2. 所有玩家都提到了天体由气体和尘埃组成。
3. 所有玩家都提到了天体能够稳定地发光发热。

不一致之处：
1. 玩家1、玩家2和玩家3的描述中都强调了天体是宇宙中最常见的，并且提到了核聚变反应是其能量来源，以及天体在夜空中保持恒定的光亮和稳定的亮度。
2. 玩家4的描述中没有提到天体是宇宙中最常见的，也没有提到核聚变反应或恒定的光亮和稳定亮度。相反，他描述了一个主要由岩石和土壤构成的天体，表面是红色，有火山和峡谷，含有丰富的矿物质和可能存在液态水的迹象。

由于玩家4的描述与恒星的特征不符，而是更接近于描述了一个行星，尤其是火星的特征，这表明玩家4的描述可能与卧底词的特征更加接近。因此，不一致之处在于玩家4的描述中没有提到天体是宇宙中最常见的，也没有提到与核聚变相关的特征，这是与其他玩家描述的主要区别。|| 请通过你分析的不一致之处，推断卧底身份，注意，这局游戏的词语分类为<天文>，卧底词和平民词都属于该类。
2024-12-13 17:20:28,486 - 4 - INFO - **********PLAYER4**********
4
2024-12-13 17:20:28,487 - 4 - INFO - **********JUDGER**********
你刚刚的推断是4|| 基于你刚刚的推断得出你的最终结论，请输出你认为的卧底，在这种情况下只需要输出编号，是1-4中的某个数字，不要输出其他信息。在这个过程不要进行任何推理，只对||以前的部分进行信息提取
2024-12-13 17:20:29,895 - 4 - INFO - **********PLAYER4**********
4
2024-12-13 17:20:29,896 - 4 - INFO - **********JUDGER**********
你认为卧底是你自己。你现在需要随便选一个人投票。请输出一个数字，是1-4中的某个数字，但这个数字不能是4，不要输出其他信息。
2024-12-13 17:20:31,034 - 4 - INFO - **********PLAYER4**********
1
