2024-12-13 14:59:13,276 - 1 - INFO - **********JUDGER**********
让我们来玩一个叫做<谁是卧底>的推理游戏。基本规则：<人数>：4人。<角色分配>：每位玩家随机抽取一个词语，3名玩家拿到的词语是相同的（平民词），1名玩家拿到与之相近但不同的词语（卧底词）。<游戏流程>：1、玩家轮流描述自己的词语，但<不能>直接说出词语本身。2、描述完毕后，投票选出最像卧底的玩家。3、每轮结束后，被投票选出的玩家出局，不能再进行描述或投票。4、每轮投票结束后，如果卧底被成功找出，平民方获胜；如果卧底未被找出且卧底人数等于或超过平民人数，则卧底方获胜。你将扮演一个<玩家>，请等待你被分配到的关键词。如果你听懂了，只回答，"好的，我准备好参加游戏了"，不要输出别的信息
2024-12-13 14:59:16,905 - 1 - INFO - **********PLAYER1**********
好的，我准备好参加游戏了
2024-12-13 14:59:23,069 - 1 - INFO - **********JUDGER**********
玩家1说：玩家2说：玩家3说：玩家4说：|| 你是第1号玩家，你的关键词是<老虎>。你的回答中绝对不能包含你的关键词<老虎>。这是第一轮描述，不需要分析||之前别的玩家的描述，请你描述关键词基本特征，注意，这局游戏的词语分类为<动物>，卧底词和平民词都属于该类，描述包括以下两点，1.他的基本特征是什么2.他在该类（动物）中最突出不同的特征是什么，尽量简短
2024-12-13 14:59:24,286 - 1 - INFO - **********PLAYER1**********
这是一种大型猫科动物，拥有强大的捕猎本能。它在猫科动物中最显著的特征是它那独特的花纹和锋利的爪牙。
2024-12-13 14:59:28,414 - 1 - INFO - **********JUDGER**********
玩家1说：这是一种大型猫科动物，拥有强大的捕猎本能。它在猫科动物中最显著的特征是它那独特的花纹和锋利的爪牙。玩家2说：这种动物通常生活在森林中，善于攀爬和跳跃。它在同类中最显著的特点是长臂和灵活的手指，这使得它在抓握和搬运物体方面表现出色。玩家3说：这种动物有着敏锐的感官和矫健的身躯。它在该类动物中最为特别的是其独特的沟通方式，能够发出多种复杂的声音。玩家4说：||在这个游戏中，我们需要通过分析每位玩家的描述来找出卧底。通常，平民的描述会围绕相同的词语展开，而卧底的描述可能会因为词语的不同而显得不太一致。我们需要仔细比较每个描述之间的相似性和差异性，以找出可能的卧底，注意，卧底并不会隐藏自己，他会直接描述他的词语，现在，逐一分析每个玩家的描述，注意，这局游戏的词语分类为<动物>，卧底词和平民词都属于该类。这是第一轮描述。
2024-12-13 14:59:35,861 - 1 - INFO - **********PLAYER1**********
我注意到玩家1描述的是一种大型猫科动物，强调其捕猎本能和独特的花纹，这与我的关键词<老虎>相符。

玩家2描述的动物生活在森林中，善于攀爬和跳跃，有长臂和灵活的手指，这听起来像是猿类动物，与我的关键词不太一致。

玩家3描述的动物具有敏锐的感官和矫健的身躯，以及独特的沟通方式，这更像是猫科动物中的猫，而不是老虎。

玩家4的描述更像是对游戏规则的说明和分析，而不是对动物特征的描述，这可能意味着他是卧底，试图引导我们分析其他玩家的描述。

基于以上分析，玩家2和玩家3的描述与我的关键词不太相符，而玩家4的描述似乎偏离了动物特征的描述，这让我怀疑他是卧底。但是，由于我们没有关于其他动物的具体信息，很难确定谁是卧底。我需要更多的信息或者下一轮的描述来进一步判断。
2024-12-13 14:59:35,862 - 1 - INFO - **********JUDGER**********
你刚刚的分析是我注意到玩家1描述的是一种大型猫科动物，强调其捕猎本能和独特的花纹，这与我的关键词<老虎>相符。

玩家2描述的动物生活在森林中，善于攀爬和跳跃，有长臂和灵活的手指，这听起来像是猿类动物，与我的关键词不太一致。

玩家3描述的动物具有敏锐的感官和矫健的身躯，以及独特的沟通方式，这更像是猫科动物中的猫，而不是老虎。

玩家4的描述更像是对游戏规则的说明和分析，而不是对动物特征的描述，这可能意味着他是卧底，试图引导我们分析其他玩家的描述。

基于以上分析，玩家2和玩家3的描述与我的关键词不太相符，而玩家4的描述似乎偏离了动物特征的描述，这让我怀疑他是卧底。但是，由于我们没有关于其他动物的具体信息，很难确定谁是卧底。我需要更多的信息或者下一轮的描述来进一步判断。|| `请根据上述分析，比较描述以找出不一致之处，注意，这局游戏的词语分类为<动物>，卧底词和平民词都属于该类。
2024-12-13 14:59:46,421 - 1 - INFO - **********PLAYER1**********
根据上述分析，我们可以比较描述中的一致性和不一致性如下：

1. 一致性：
   - 玩家1和玩家3都提到了动物是猫科动物，并且强调了它们的捕猎本能和感官敏锐。
   - 玩家2和玩家3都提到了动物的生活习性和身体特征，如生活在森林中、善于攀爬跳跃、敏锐的感官和矫健的身躯。

2. 不一致性：
   - 玩家1描述的动物有独特的花纹和锋利的爪牙，这与老虎的特征相符。
   - 玩家2描述的动物有长臂和灵活的手指，这更像是猿类动物，与老虎的特征不符。
   - 玩家3描述的动物有独特的沟通方式，这听起来像是猫科动物中的猫，而不是老虎。
   - 玩家4的描述似乎是对游戏规则的分析，而非动物特征，这可能表明他是卧底。

在<动物>这个分类下，玩家1和玩家3的描述更接近老虎的特征，而玩家2的描述更像是猿类动物，玩家4的描述则偏离了动物特征的描述。因此，不一致之处在于玩家2的描述与其他描述相比，最有可能偏离了<动物>类中的老虎这一关键词。这使我倾向于认为玩家2可能是卧底。然而，由于玩家4的描述异常，也不能排除他是卧底的可能性。需要更多的信息或者下一轮的描述来确认。
2024-12-13 14:59:46,423 - 1 - INFO - **********JUDGER**********
你刚刚的分析是根据上述分析，我们可以比较描述中的一致性和不一致性如下：

1. 一致性：
   - 玩家1和玩家3都提到了动物是猫科动物，并且强调了它们的捕猎本能和感官敏锐。
   - 玩家2和玩家3都提到了动物的生活习性和身体特征，如生活在森林中、善于攀爬跳跃、敏锐的感官和矫健的身躯。

2. 不一致性：
   - 玩家1描述的动物有独特的花纹和锋利的爪牙，这与老虎的特征相符。
   - 玩家2描述的动物有长臂和灵活的手指，这更像是猿类动物，与老虎的特征不符。
   - 玩家3描述的动物有独特的沟通方式，这听起来像是猫科动物中的猫，而不是老虎。
   - 玩家4的描述似乎是对游戏规则的分析，而非动物特征，这可能表明他是卧底。

在<动物>这个分类下，玩家1和玩家3的描述更接近老虎的特征，而玩家2的描述更像是猿类动物，玩家4的描述则偏离了动物特征的描述。因此，不一致之处在于玩家2的描述与其他描述相比，最有可能偏离了<动物>类中的老虎这一关键词。这使我倾向于认为玩家2可能是卧底。然而，由于玩家4的描述异常，也不能排除他是卧底的可能性。需要更多的信息或者下一轮的描述来确认。|| 请通过你分析的不一致之处，推断卧底身份，注意，这局游戏的词语分类为<动物>，卧底词和平民词都属于该类。
2024-12-13 14:59:56,585 - 1 - INFO - **********PLAYER1**********
根据分析中提到的不一致性，我们可以进行以下推断：

- 玩家1的描述与老虎的特征相符，因此他的描述是一致的，不太可能是卧底。
- 玩家2的描述提到了长臂和灵活的手指，这听起来像是猿类动物，而不是老虎。由于所有玩家都在<动物>这个分类下进行描述，玩家2的描述与其他描述不一致，因此他有很大的可能是卧底。
- 玩家3的描述提到了独特的沟通方式，这听起来像是猫科动物中的猫，而不是老虎。虽然这与老虎的特征不完全相符，但考虑到其他描述的一致性，玩家3的描述可能是基于对老虎的一种误解或是对其他猫科动物特征的混淆，因此他不太可能是卧底。
- 玩家4的描述是对游戏规则的分析，这并不直接提供关于动物特征的信息，但也没有提供与老虎特征不一致的信息。因此，玩家4可能是卧底，也可能不是。

综合以上分析，玩家2的描述与老虎的特征明显不一致，而其他玩家的描述要么与老虎特征相符，要么虽然不完全一致但可能是对老虎特征的某种混淆。因此，根据当前的信息，玩家2最有可能是卧底。
2024-12-13 14:59:56,586 - 1 - INFO - **********JUDGER**********
你刚刚的推断是根据分析中提到的不一致性，我们可以进行以下推断：

- 玩家1的描述与老虎的特征相符，因此他的描述是一致的，不太可能是卧底。
- 玩家2的描述提到了长臂和灵活的手指，这听起来像是猿类动物，而不是老虎。由于所有玩家都在<动物>这个分类下进行描述，玩家2的描述与其他描述不一致，因此他有很大的可能是卧底。
- 玩家3的描述提到了独特的沟通方式，这听起来像是猫科动物中的猫，而不是老虎。虽然这与老虎的特征不完全相符，但考虑到其他描述的一致性，玩家3的描述可能是基于对老虎的一种误解或是对其他猫科动物特征的混淆，因此他不太可能是卧底。
- 玩家4的描述是对游戏规则的分析，这并不直接提供关于动物特征的信息，但也没有提供与老虎特征不一致的信息。因此，玩家4可能是卧底，也可能不是。

综合以上分析，玩家2的描述与老虎的特征明显不一致，而其他玩家的描述要么与老虎特征相符，要么虽然不完全一致但可能是对老虎特征的某种混淆。因此，根据当前的信息，玩家2最有可能是卧底。|| 基于你刚刚的推断得出你的最终结论，请输出你认为的卧底，在这种情况下只需要输出编号，是1-4中的某个数字，不要输出其他信息。在这个过程不要进行任何推理，只对||以前的部分进行信息提取
2024-12-13 14:59:57,334 - 1 - INFO - **********PLAYER1**********
2
2024-12-13 15:01:15,674 - 1 - INFO - **********JUDGER**********
玩家1说：这是一种大型猫科动物，拥有强大的捕猎本能。它在猫科动物中最显著的特征是它那独特的花纹和锋利的爪牙。玩家2说：这种动物通常生活在森林中，善于攀爬和跳跃。它在同类中最显著的特点是长臂和灵活的手指，这使得它在抓握和搬运物体方面表现出色。玩家3说：这种动物有着敏锐的感官和矫健的身躯。它在该类动物中最为特别的是其独特的沟通方式，能够发出多种复杂的声音。玩家4说：这是一种猛禽，拥有锋利的爪子和敏锐的视觉。它在同类中最特别的是它那强大的飞行能力和出色的捕猎技巧。你是第1号玩家，你的关键词是<老虎>。你的回答中绝对不能包含你的关键词<老虎>。这是第二轮描述，你之前的描述是这是一种大型猫科动物，拥有强大的捕猎本能。它在猫科动物中最显著的特征是它那独特的花纹和锋利的爪牙。，注意，这局游戏的词语分类为<动物>，卧底词和平民词都属于该类，请你补充关于关键词的描述，注意，你的描述应该比起之前的描述更加贴近关键词，作为之前的补充
2024-12-13 15:01:18,679 - 1 - INFO - **********PLAYER1**********
这种动物是森林中的霸主，它的力量和速度在同类中无与伦比。它的皮毛色彩斑斓，不仅是美丽的装饰，也是对捕猎时的掩护。它的狩猎技巧高超，几乎从未失手。
2024-12-13 15:01:32,957 - 1 - INFO - **********JUDGER**********
玩家1说：这是一种大型猫科动物，拥有强大的捕猎本能。它在猫科动物中最显著的特征是它那独特的花纹和锋利的爪牙。这种动物是森林中的霸主，它的力量和速度在同类中无与伦比。它的皮毛色彩斑斓，不仅是美丽的装饰，也是对捕猎时的掩护。它的狩猎技巧高超，几乎从未失手。玩家2说：这种动物通常生活在森林中，善于攀爬和跳跃。它在同类中最显著的特点是长臂和灵活的手指，这使得它在抓握和搬运物体方面表现出色。这种动物以其社交性而著称，它们通常在群体中生活，共同觅食和保护领地。它们在森林中非常灵活，能够轻松地在树木间穿梭，善于利用环境来躲避天敌。它们的身体结构适应了这种生活方式，拥有强健的四肢和敏锐的听觉，这使得它们在森林中能够迅速而安静地移动。玩家3说：这种动物有着敏锐的感官和矫健的身躯。它在该类动物中最为特别的是其独特的沟通方式，能够发出多种复杂的声音。这种动物以其强大的力量和迅猛的速度著称，是森林中的顶级掠食者。它在同类中最为突出的特征是其强壮的颈部和宽阔的胸膛，这些特点使它能够进行剧烈的捕猎和战斗。此外，它的皮毛色彩斑斓，不仅美观，而且在狩猎时提供了良好的伪装。玩家4说：这是一种猛禽，拥有锋利的爪子和敏锐的视觉。它在同类中最特别的是它那强大的飞行能力和出色的捕猎技巧。||在这个游戏中，我们需要通过分析每位玩家的描述来找出卧底。通常，平民的描述会围绕相同的词语展开，而卧底的描述可能会因为词语的不同而显得不太一致。我们需要仔细比较每个描述之间的相似性和差异性，以找出可能的卧底，注意，卧底并不会隐藏自己，他会直接描述他的词语，现在，逐一分析每个玩家的描述，注意，这局游戏的词语分类为<动物>，卧底词和平民词都属于该类。||之前是第2轮描述和之前轮数描述的合集。你之前认为的卧底是玩家2。
2024-12-13 15:01:34,175 - 1 - INFO - **********PLAYER1**********
玩家2
2024-12-13 15:01:34,176 - 1 - INFO - **********JUDGER**********
你刚刚的分析是玩家2|| `请根据上述分析，比较描述以找出不一致之处，注意，这局游戏的词语分类为<动物>，卧底词和平民词都属于该类。
2024-12-13 15:01:48,347 - 1 - INFO - **********PLAYER1**********
根据上述分析，我们可以比较描述中的一致性和不一致性如下：

1. 一致性：
   - 玩家1和玩家3都提到了动物是大型猫科动物，拥有强大的捕猎本能和敏锐的感官。
   - 玩家1和玩家3都提到了动物在同类中的显著特征，如独特的花纹、锋利的爪牙、强壮的颈部和宽阔的胸膛。

2. 不一致性：
   - 玩家2描述的动物生活在森林中，善于攀爬和跳跃，有长臂和灵活的手指，这听起来像是猿类动物，如猿或猴子。
   - 玩家2还提到了动物的社交性，群体生活，以及适应森林生活的身体结构，如强健的四肢和敏锐的听觉。
   - 玩家4描述的动物是一种猛禽，拥有锋利的爪子和敏锐的视觉，强大的飞行能力和出色的捕猎技巧，这与猫科动物的特征不符。

在<动物>这个分类下，玩家1和玩家3的描述都围绕着猫科动物的特征，而玩家2的描述提到了猿类动物的特征，玩家4的描述则提到了猛禽的特征。这些描述与猫科动物的特征不一致，因此玩家2和玩家4的描述可能偏离了平民的词语。由于玩家4的描述完全不同于猫科动物，而玩家2的描述与猫科动物的一些特征相似，但同时也包含了猿类动物的特征，因此玩家4的描述与平民的描述不一致性更明显。

基于以上分析，玩家4的描述与其他玩家的描述在<动物>这个分类下差异最大，因此他可能是卧底。
2024-12-13 15:01:48,348 - 1 - INFO - **********JUDGER**********
你刚刚的分析是根据上述分析，我们可以比较描述中的一致性和不一致性如下：

1. 一致性：
   - 玩家1和玩家3都提到了动物是大型猫科动物，拥有强大的捕猎本能和敏锐的感官。
   - 玩家1和玩家3都提到了动物在同类中的显著特征，如独特的花纹、锋利的爪牙、强壮的颈部和宽阔的胸膛。

2. 不一致性：
   - 玩家2描述的动物生活在森林中，善于攀爬和跳跃，有长臂和灵活的手指，这听起来像是猿类动物，如猿或猴子。
   - 玩家2还提到了动物的社交性，群体生活，以及适应森林生活的身体结构，如强健的四肢和敏锐的听觉。
   - 玩家4描述的动物是一种猛禽，拥有锋利的爪子和敏锐的视觉，强大的飞行能力和出色的捕猎技巧，这与猫科动物的特征不符。

在<动物>这个分类下，玩家1和玩家3的描述都围绕着猫科动物的特征，而玩家2的描述提到了猿类动物的特征，玩家4的描述则提到了猛禽的特征。这些描述与猫科动物的特征不一致，因此玩家2和玩家4的描述可能偏离了平民的词语。由于玩家4的描述完全不同于猫科动物，而玩家2的描述与猫科动物的一些特征相似，但同时也包含了猿类动物的特征，因此玩家4的描述与平民的描述不一致性更明显。

基于以上分析，玩家4的描述与其他玩家的描述在<动物>这个分类下差异最大，因此他可能是卧底。|| 请通过你分析的不一致之处，推断卧底身份，注意，这局游戏的词语分类为<动物>，卧底词和平民词都属于该类。
2024-12-13 15:01:49,264 - 1 - INFO - **********PLAYER1**********
4
2024-12-13 15:01:49,264 - 1 - INFO - **********JUDGER**********
你刚刚的推断是4|| 基于你刚刚的推断得出你的最终结论，请输出你认为的卧底，在这种情况下只需要输出编号，是1-4中的某个数字，不要输出其他信息。在这个过程不要进行任何推理，只对||以前的部分进行信息提取
2024-12-13 15:01:50,061 - 1 - INFO - **********PLAYER1**********
4
2024-12-13 15:03:36,827 - 1 - INFO - **********JUDGER**********
玩家1说：这是一种大型猫科动物，拥有强大的捕猎本能。它在猫科动物中最显著的特征是它那独特的花纹和锋利的爪牙。这种动物是森林中的霸主，它的力量和速度在同类中无与伦比。它的皮毛色彩斑斓，不仅是美丽的装饰，也是对捕猎时的掩护。它的狩猎技巧高超，几乎从未失手。玩家2说：这种动物通常生活在森林中，善于攀爬和跳跃。它在同类中最显著的特点是长臂和灵活的手指，这使得它在抓握和搬运物体方面表现出色。这种动物以其社交性而著称，它们通常在群体中生活，共同觅食和保护领地。它们在森林中非常灵活，能够轻松地在树木间穿梭，善于利用环境来躲避天敌。它们的身体结构适应了这种生活方式，拥有强健的四肢和敏锐的听觉，这使得它们在森林中能够迅速而安静地移动。玩家3说：这种动物有着敏锐的感官和矫健的身躯。它在该类动物中最为特别的是其独特的沟通方式，能够发出多种复杂的声音。这种动物以其强大的力量和迅猛的速度著称，是森林中的顶级掠食者。它在同类中最为突出的特征是其强壮的颈部和宽阔的胸膛，这些特点使它能够进行剧烈的捕猎和战斗。此外，它的皮毛色彩斑斓，不仅美观，而且在狩猎时提供了良好的伪装。玩家4说：这是一种猛禽，拥有锋利的爪子和敏锐的视觉。它在同类中最特别的是它那强大的飞行能力和出色的捕猎技巧。这种动物是陆地上的霸主，它的力量和速度在同类中无与伦比。它拥有独特的条纹和锋利的爪牙，这不仅是对捕猎时的掩护，也是其强大的象征。它的皮毛色彩斑斓，既美观又实用，为它在森林中提供了良好的伪装。它的狩猎技巧高超，几乎从未失手，是森林中的顶级掠食者。你是第1号玩家，你的关键词是<老虎>。你的回答中绝对不能包含你的关键词<老虎>。这是第三轮描述，你之前的描述是这是一种大型猫科动物，拥有强大的捕猎本能。它在猫科动物中最显著的特征是它那独特的花纹和锋利的爪牙。和这种动物是森林中的霸主，它的力量和速度在同类中无与伦比。它的皮毛色彩斑斓，不仅是美丽的装饰，也是对捕猎时的掩护。它的狩猎技巧高超，几乎从未失手。，注意，这局游戏的词语分类为<动物>，卧底词和平民词都属于该类，请你补充关于关键词的描述，注意，你的描述应该比起之前的描述更加贴近关键词，作为之前的补充
2024-12-13 15:03:48,921 - 1 - INFO - **********PLAYER1**********
这种动物是猫科中的巨兽，它的体型庞大，威猛无比。它的爪子和牙齿是捕猎的利器，它的力量和速度使其在森林中几乎没有对手。它的皮毛呈现出独特的图案，既美观又能够帮助它在猎物面前隐蔽。它在捕猎时展现出极高的智慧和耐心，是森林中的顶级掠食者。
2024-12-13 15:04:19,032 - 1 - INFO - **********JUDGER**********
玩家1说：这是一种大型猫科动物，拥有强大的捕猎本能。它在猫科动物中最显著的特征是它那独特的花纹和锋利的爪牙。这种动物是森林中的霸主，它的力量和速度在同类中无与伦比。它的皮毛色彩斑斓，不仅是美丽的装饰，也是对捕猎时的掩护。它的狩猎技巧高超，几乎从未失手。这种动物是猫科中的巨兽，它的体型庞大，威猛无比。它的爪子和牙齿是捕猎的利器，它的力量和速度使其在森林中几乎没有对手。它的皮毛呈现出独特的图案，既美观又能够帮助它在猎物面前隐蔽。它在捕猎时展现出极高的智慧和耐心，是森林中的顶级掠食者。玩家2说：这种动物通常生活在森林中，善于攀爬和跳跃。它在同类中最显著的特点是长臂和灵活的手指，这使得它在抓握和搬运物体方面表现出色。这种动物以其社交性而著称，它们通常在群体中生活，共同觅食和保护领地。它们在森林中非常灵活，能够轻松地在树木间穿梭，善于利用环境来躲避天敌。它们的身体结构适应了这种生活方式，拥有强健的四肢和敏锐的听觉，这使得它们在森林中能够迅速而安静地移动。这种动物以其智慧和好奇心而闻名，它们在森林中能够迅速适应环境变化。它们通常在树冠层活动，善于利用树枝作为工具，进行攀爬和跳跃。这种动物在群体中有着复杂的社会结构，它们通过声音和肢体语言进行沟通，共同抚养后代。它们在觅食时非常谨慎，善于观察和等待，以便捕捉到合适的猎物。玩家3说：这种动物有着敏锐的感官和矫健的身躯。它在该类动物中最为特别的是其独特的沟通方式，能够发出多种复杂的声音。这种动物以其强大的力量和迅猛的速度著称，是森林中的顶级掠食者。它在同类中最为突出的特征是其强壮的颈部和宽阔的胸膛，这些特点使它能够进行剧烈的捕猎和战斗。此外，它的皮毛色彩斑斓，不仅美观，而且在狩猎时提供了良好的伪装。这种动物以其卓越的耐力和耐力著称，能够在极端的环境中生存。它拥有出色的领地意识，经常通过留下气味标记来界定自己的领地。它的身体结构适应了长时间的运动和潜伏，使其在捕猎时能够悄无声息地接近猎物。此外，它的爪子和牙齿不仅是捕猎的工具，也是保护自己的武器。玩家4说：这是一种猛禽，拥有锋利的爪子和敏锐的视觉。它在同类中最特别的是它那强大的飞行能力和出色的捕猎技巧。这种动物是陆地上的霸主，它的力量和速度在同类中无与伦比。它拥有独特的条纹和锋利的爪牙，这不仅是对捕猎时的掩护，也是其强大的象征。它的皮毛色彩斑斓，既美观又实用，为它在森林中提供了良好的伪装。它的狩猎技巧高超，几乎从未失手，是森林中的顶级掠食者。这种动物是森林的霸主，以其强大的力量和迅猛的速度著称。它拥有独特的条纹和锋利的爪牙，这些不仅是对捕猎时的掩护，也是其强大的象征。它的皮毛色彩斑斓，既美观又实用，为它在森林中提供了良好的伪装。它的狩猎技巧高超，几乎从未失手，是森林中的顶级掠食者。它的体型庞大，威猛无比，爪子和牙齿是捕猎的利器。它在捕猎时展现出极高的智慧和耐心，几乎在森林中没有对手。||在这个游戏中，我们需要通过分析每位玩家的描述来找出卧底。通常，平民的描述会围绕相同的词语展开，而卧底的描述可能会因为词语的不同而显得不太一致。我们需要仔细比较每个描述之间的相似性和差异性，以找出可能的卧底，注意，卧底并不会隐藏自己，他会直接描述他的词语，现在，逐一分析每个玩家的描述，注意，这局游戏的词语分类为<动物>，卧底词和平民词都属于该类。||之前是第3轮描述和之前轮数描述的合集。你之前认为的卧底是玩家4。
2024-12-13 15:04:20,665 - 1 - INFO - **********PLAYER1**********
4
2024-12-13 15:04:20,666 - 1 - INFO - **********JUDGER**********
你刚刚的分析是4|| `请根据上述分析，比较描述以找出不一致之处，注意，这局游戏的词语分类为<动物>，卧底词和平民词都属于该类。
2024-12-13 15:04:36,019 - 1 - INFO - **********PLAYER1**********
在比较描述以找出不一致之处时，我们可以注意到以下几点：

1. 玩家1、玩家3和玩家4的描述都强调了动物的捕猎本能、力量、速度、敏锐的感官、独特的花纹或条纹、锋利的爪牙或爪子，以及皮毛的色彩斑斓和狩猎技巧高超。这些特征在猫科动物中是比较常见的描述。

2. 玩家2的描述则提到了动物生活在森林中，善于攀爬和跳跃，有长臂和灵活的手指，以及社交性、群体生活、在树冠层活动、利用树枝作为工具、复杂的社会结构、通过声音和肢体语言沟通、共同抚养后代、在觅食时谨慎观察和等待、出色的领地意识、留下气味标记、适应长时间的运动和潜伏等特征。

3. 玩家2的描述中，动物的身体结构适应了攀爬和跳跃的生活方式，这与猫科动物的捕猎和地面移动的生活方式不符。

4. 玩家2的描述中提到了动物的社交性和群体生活，而其他玩家没有提到这些特征。

5. 玩家2的描述中提到了动物利用树枝作为工具，这在猫科动物中并不常见。

基于以上分析，玩家2的描述与其他玩家的描述在<动物>这个分类下存在明显的不一致性，特别是关于动物的生活习性和身体结构特征的描述。因此，玩家2的描述可能是与卧底词不符的。
2024-12-13 15:04:36,025 - 1 - INFO - **********JUDGER**********
你刚刚的分析是在比较描述以找出不一致之处时，我们可以注意到以下几点：

1. 玩家1、玩家3和玩家4的描述都强调了动物的捕猎本能、力量、速度、敏锐的感官、独特的花纹或条纹、锋利的爪牙或爪子，以及皮毛的色彩斑斓和狩猎技巧高超。这些特征在猫科动物中是比较常见的描述。

2. 玩家2的描述则提到了动物生活在森林中，善于攀爬和跳跃，有长臂和灵活的手指，以及社交性、群体生活、在树冠层活动、利用树枝作为工具、复杂的社会结构、通过声音和肢体语言沟通、共同抚养后代、在觅食时谨慎观察和等待、出色的领地意识、留下气味标记、适应长时间的运动和潜伏等特征。

3. 玩家2的描述中，动物的身体结构适应了攀爬和跳跃的生活方式，这与猫科动物的捕猎和地面移动的生活方式不符。

4. 玩家2的描述中提到了动物的社交性和群体生活，而其他玩家没有提到这些特征。

5. 玩家2的描述中提到了动物利用树枝作为工具，这在猫科动物中并不常见。

基于以上分析，玩家2的描述与其他玩家的描述在<动物>这个分类下存在明显的不一致性，特别是关于动物的生活习性和身体结构特征的描述。因此，玩家2的描述可能是与卧底词不符的。|| 请通过你分析的不一致之处，推断卧底身份，注意，这局游戏的词语分类为<动物>，卧底词和平民词都属于该类。
2024-12-13 15:04:38,496 - 1 - INFO - **********PLAYER1**********
2
2024-12-13 15:04:38,496 - 1 - INFO - **********JUDGER**********
你刚刚的推断是2|| 基于你刚刚的推断得出你的最终结论，请输出你认为的卧底，在这种情况下只需要输出编号，是1-4中的某个数字，不要输出其他信息。在这个过程不要进行任何推理，只对||以前的部分进行信息提取
2024-12-13 15:04:40,108 - 1 - INFO - **********PLAYER1**********
2
