2024-12-13 14:59:17,408 - 2 - INFO - **********JUDGER**********
让我们来玩一个叫做<谁是卧底>的推理游戏。基本规则：<人数>：4人。<角色分配>：每位玩家随机抽取一个词语，3名玩家拿到的词语是相同的（平民词），1名玩家拿到与之相近但不同的词语（卧底词）。<游戏流程>：1、玩家轮流描述自己的词语，但<不能>直接说出词语本身。2、描述完毕后，投票选出最像卧底的玩家。3、每轮结束后，被投票选出的玩家出局，不能再进行描述或投票。4、每轮投票结束后，如果卧底被成功找出，平民方获胜；如果卧底未被找出且卧底人数等于或超过平民人数，则卧底方获胜。你将扮演一个<玩家>，请等待你被分配到的关键词。如果你听懂了，只回答，"好的，我准备好参加游戏了"，不要输出别的信息
2024-12-13 14:59:17,960 - 2 - INFO - **********PLAYER2**********
好的，我准备好参加游戏了
2024-12-13 14:59:24,287 - 2 - INFO - **********JUDGER**********
玩家1说：这是一种大型猫科动物，拥有强大的捕猎本能。它在猫科动物中最显著的特征是它那独特的花纹和锋利的爪牙。玩家2说：玩家3说：玩家4说：|| 你是第2号玩家，你的关键词是<猴子>。你的回答中绝对不能包含你的关键词<猴子>。这是第一轮描述，不需要分析||之前别的玩家的描述，请你描述关键词基本特征，注意，这局游戏的词语分类为<动物>，卧底词和平民词都属于该类，描述包括以下两点，1.他的基本特征是什么2.他在该类（动物）中最突出不同的特征是什么，尽量简短
2024-12-13 14:59:25,839 - 2 - INFO - **********PLAYER2**********
这种动物通常生活在森林中，善于攀爬和跳跃。它在同类中最显著的特点是长臂和灵活的手指，这使得它在抓握和搬运物体方面表现出色。
2024-12-13 14:59:57,334 - 2 - INFO - **********JUDGER**********
玩家1说：这是一种大型猫科动物，拥有强大的捕猎本能。它在猫科动物中最显著的特征是它那独特的花纹和锋利的爪牙。玩家2说：这种动物通常生活在森林中，善于攀爬和跳跃。它在同类中最显著的特点是长臂和灵活的手指，这使得它在抓握和搬运物体方面表现出色。玩家3说：这种动物有着敏锐的感官和矫健的身躯。它在该类动物中最为特别的是其独特的沟通方式，能够发出多种复杂的声音。玩家4说：||在这个游戏中，我们需要通过分析每位玩家的描述来找出卧底。通常，平民的描述会围绕相同的词语展开，而卧底的描述可能会因为词语的不同而显得不太一致。我们需要仔细比较每个描述之间的相似性和差异性，以找出可能的卧底，注意，卧底并不会隐藏自己，他会直接描述他的词语，现在，逐一分析每个玩家的描述，注意，这局游戏的词语分类为<动物>，卧底词和平民词都属于该类。这是第一轮描述。
2024-12-13 15:00:05,409 - 2 - INFO - **********PLAYER2**********
好的，根据其他玩家的描述，我们可以看到玩家1提到了“大型猫科动物”、“独特的花纹”和“锋利的爪牙”，这与狮子或老虎等猫科动物的描述相符。

玩家2描述了“生活在森林中”、“善于攀爬和跳跃”、“长臂和灵活的手指”，这些特点更像是猿类动物，如黑猩猩或大猩猩。

玩家3提到了“敏锐的感官”、“矫健的身躯”和“独特的沟通方式”，这些特征与猴类动物相符合，尤其是长臂猿。

玩家4的描述虽然提醒我们要分析每个玩家的描述，但并没有提供具体的动物特征，这可能是为了引导我们注意其他玩家的描述。

根据这些信息，如果我是玩家2，我会注意到我的描述与其他玩家提到的特征有所不同，尤其是我没有提到任何关于花纹或爪牙的描述，而其他玩家都提到了与猫科动物相关的特征。因此，我会怀疑自己可能是卧底，因为我的描述与大家提到的动物特征不太一致。然而，我也可能会认为其他玩家中可能有卧底，因为他们的描述可能也是基于不同的关键词。
2024-12-13 15:00:05,411 - 2 - INFO - **********JUDGER**********
你刚刚的分析是好的，根据其他玩家的描述，我们可以看到玩家1提到了“大型猫科动物”、“独特的花纹”和“锋利的爪牙”，这与狮子或老虎等猫科动物的描述相符。

玩家2描述了“生活在森林中”、“善于攀爬和跳跃”、“长臂和灵活的手指”，这些特点更像是猿类动物，如黑猩猩或大猩猩。

玩家3提到了“敏锐的感官”、“矫健的身躯”和“独特的沟通方式”，这些特征与猴类动物相符合，尤其是长臂猿。

玩家4的描述虽然提醒我们要分析每个玩家的描述，但并没有提供具体的动物特征，这可能是为了引导我们注意其他玩家的描述。

根据这些信息，如果我是玩家2，我会注意到我的描述与其他玩家提到的特征有所不同，尤其是我没有提到任何关于花纹或爪牙的描述，而其他玩家都提到了与猫科动物相关的特征。因此，我会怀疑自己可能是卧底，因为我的描述与大家提到的动物特征不太一致。然而，我也可能会认为其他玩家中可能有卧底，因为他们的描述可能也是基于不同的关键词。|| `请根据上述分析，比较描述以找出不一致之处，注意，这局游戏的词语分类为<动物>，卧底词和平民词都属于该类。
2024-12-13 15:00:16,497 - 2 - INFO - **********PLAYER2**********
根据上述分析，我们可以比较每位玩家的描述来找出不一致之处：

1. 玩家1的描述强调了猫科动物的特征，如“大型”、“独特的花纹”和“锋利的爪牙”，这指向了狮子或老虎等猫科动物。

2. 玩家2的描述提到了“生活在森林中”、“善于攀爬和跳跃”、“长臂和灵活的手指”，这些特征与猿类动物更相符，尤其是黑猩猩或大猩猩。

3. 玩家3的描述提到了“敏锐的感官”、“矫健的身躯”和“独特的沟通方式”，这些特点与猴类动物相符合，尤其是长臂猿。

4. 玩家4的描述没有提供具体的动物特征，而是提醒我们要分析其他玩家的描述。

不一致之处在于：
- 玩家2的描述与其他玩家提到的猫科动物特征不符，而是提到了与猿类动物相关的特征。
- 玩家3的描述虽然也提到了动物的特征，但与玩家2类似，没有提到与猫科动物相符的具体特征，而是提到了猴类动物的特征。

因此，玩家2和玩家3的描述与其他玩家的描述不一致，这可能表明他们中有一个或两个是卧底，因为他们的描述没有围绕相同的动物特征展开。玩家4的描述没有提供具体特征，所以无法直接判断其是否为卧底。
2024-12-13 15:00:16,498 - 2 - INFO - **********JUDGER**********
你刚刚的分析是根据上述分析，我们可以比较每位玩家的描述来找出不一致之处：

1. 玩家1的描述强调了猫科动物的特征，如“大型”、“独特的花纹”和“锋利的爪牙”，这指向了狮子或老虎等猫科动物。

2. 玩家2的描述提到了“生活在森林中”、“善于攀爬和跳跃”、“长臂和灵活的手指”，这些特征与猿类动物更相符，尤其是黑猩猩或大猩猩。

3. 玩家3的描述提到了“敏锐的感官”、“矫健的身躯”和“独特的沟通方式”，这些特点与猴类动物相符合，尤其是长臂猿。

4. 玩家4的描述没有提供具体的动物特征，而是提醒我们要分析其他玩家的描述。

不一致之处在于：
- 玩家2的描述与其他玩家提到的猫科动物特征不符，而是提到了与猿类动物相关的特征。
- 玩家3的描述虽然也提到了动物的特征，但与玩家2类似，没有提到与猫科动物相符的具体特征，而是提到了猴类动物的特征。

因此，玩家2和玩家3的描述与其他玩家的描述不一致，这可能表明他们中有一个或两个是卧底，因为他们的描述没有围绕相同的动物特征展开。玩家4的描述没有提供具体特征，所以无法直接判断其是否为卧底。|| 请通过你分析的不一致之处，推断卧底身份，注意，这局游戏的词语分类为<动物>，卧底词和平民词都属于该类。
2024-12-13 15:00:26,486 - 2 - INFO - **********PLAYER2**********
根据分析的不一致之处，我们可以推断以下可能性：

- 玩家1的描述与猫科动物的特征相符，这可能是平民词，也可能是卧底词，但与猫科动物相关的描述较少。
- 玩家2的描述与猿类动物的特征相符，这与其他玩家描述的猫科动物特征不一致，因此玩家2很可能是卧底。
- 玩家3的描述与猴类动物的特征相符，同样与猫科动物的特征不一致，因此玩家3也可能是卧底。

由于玩家4没有提供具体的动物特征，我们无法确定其是否为卧底。

在《谁是卧底》游戏中，通常卧底会试图隐藏自己的身份，但也会通过描述来引导其他玩家。考虑到这一点，玩家2和玩家3的描述可能都是在引导其他玩家认为他们的词是猫科动物，从而掩盖自己的卧底身份。

因此，基于描述的不一致性和卧底的隐藏策略，玩家2和玩家3中至少有一个是卧底。如果玩家4的词也是与猫科动物无关的动物，那么玩家2和玩家3中可能有两个卧底。如果玩家4的词与猫科动物有关，那么可能是玩家1是卧底。如果玩家4的词与猿类或猴类动物有关，那么玩家2和玩家3可能都是平民。
2024-12-13 15:00:26,487 - 2 - INFO - **********JUDGER**********
你刚刚的推断是根据分析的不一致之处，我们可以推断以下可能性：

- 玩家1的描述与猫科动物的特征相符，这可能是平民词，也可能是卧底词，但与猫科动物相关的描述较少。
- 玩家2的描述与猿类动物的特征相符，这与其他玩家描述的猫科动物特征不一致，因此玩家2很可能是卧底。
- 玩家3的描述与猴类动物的特征相符，同样与猫科动物的特征不一致，因此玩家3也可能是卧底。

由于玩家4没有提供具体的动物特征，我们无法确定其是否为卧底。

在《谁是卧底》游戏中，通常卧底会试图隐藏自己的身份，但也会通过描述来引导其他玩家。考虑到这一点，玩家2和玩家3的描述可能都是在引导其他玩家认为他们的词是猫科动物，从而掩盖自己的卧底身份。

因此，基于描述的不一致性和卧底的隐藏策略，玩家2和玩家3中至少有一个是卧底。如果玩家4的词也是与猫科动物无关的动物，那么玩家2和玩家3中可能有两个卧底。如果玩家4的词与猫科动物有关，那么可能是玩家1是卧底。如果玩家4的词与猿类或猴类动物有关，那么玩家2和玩家3可能都是平民。|| 基于你刚刚的推断得出你的最终结论，请输出你认为的卧底，在这种情况下只需要输出编号，是1-4中的某个数字，不要输出其他信息。在这个过程不要进行任何推理，只对||以前的部分进行信息提取
2024-12-13 15:00:27,183 - 2 - INFO - **********PLAYER2**********
2
2024-12-13 15:01:18,680 - 2 - INFO - **********JUDGER**********
玩家1说：这是一种大型猫科动物，拥有强大的捕猎本能。它在猫科动物中最显著的特征是它那独特的花纹和锋利的爪牙。这种动物是森林中的霸主，它的力量和速度在同类中无与伦比。它的皮毛色彩斑斓，不仅是美丽的装饰，也是对捕猎时的掩护。它的狩猎技巧高超，几乎从未失手。玩家2说：这种动物通常生活在森林中，善于攀爬和跳跃。它在同类中最显著的特点是长臂和灵活的手指，这使得它在抓握和搬运物体方面表现出色。玩家3说：这种动物有着敏锐的感官和矫健的身躯。它在该类动物中最为特别的是其独特的沟通方式，能够发出多种复杂的声音。玩家4说：这是一种猛禽，拥有锋利的爪子和敏锐的视觉。它在同类中最特别的是它那强大的飞行能力和出色的捕猎技巧。你是第2号玩家，你的关键词是<猴子>。你的回答中绝对不能包含你的关键词<猴子>。这是第二轮描述，你之前的描述是这种动物通常生活在森林中，善于攀爬和跳跃。它在同类中最显著的特点是长臂和灵活的手指，这使得它在抓握和搬运物体方面表现出色。，注意，这局游戏的词语分类为<动物>，卧底词和平民词都属于该类，请你补充关于关键词的描述，注意，你的描述应该比起之前的描述更加贴近关键词，作为之前的补充
2024-12-13 15:01:22,543 - 2 - INFO - **********PLAYER2**********
这种动物以其社交性而著称，它们通常在群体中生活，共同觅食和保护领地。它们在森林中非常灵活，能够轻松地在树木间穿梭，善于利用环境来躲避天敌。它们的身体结构适应了这种生活方式，拥有强健的四肢和敏锐的听觉，这使得它们在森林中能够迅速而安静地移动。
2024-12-13 15:01:50,061 - 2 - INFO - **********JUDGER**********
玩家1说：这是一种大型猫科动物，拥有强大的捕猎本能。它在猫科动物中最显著的特征是它那独特的花纹和锋利的爪牙。这种动物是森林中的霸主，它的力量和速度在同类中无与伦比。它的皮毛色彩斑斓，不仅是美丽的装饰，也是对捕猎时的掩护。它的狩猎技巧高超，几乎从未失手。玩家2说：这种动物通常生活在森林中，善于攀爬和跳跃。它在同类中最显著的特点是长臂和灵活的手指，这使得它在抓握和搬运物体方面表现出色。这种动物以其社交性而著称，它们通常在群体中生活，共同觅食和保护领地。它们在森林中非常灵活，能够轻松地在树木间穿梭，善于利用环境来躲避天敌。它们的身体结构适应了这种生活方式，拥有强健的四肢和敏锐的听觉，这使得它们在森林中能够迅速而安静地移动。玩家3说：这种动物有着敏锐的感官和矫健的身躯。它在该类动物中最为特别的是其独特的沟通方式，能够发出多种复杂的声音。这种动物以其强大的力量和迅猛的速度著称，是森林中的顶级掠食者。它在同类中最为突出的特征是其强壮的颈部和宽阔的胸膛，这些特点使它能够进行剧烈的捕猎和战斗。此外，它的皮毛色彩斑斓，不仅美观，而且在狩猎时提供了良好的伪装。玩家4说：这是一种猛禽，拥有锋利的爪子和敏锐的视觉。它在同类中最特别的是它那强大的飞行能力和出色的捕猎技巧。||在这个游戏中，我们需要通过分析每位玩家的描述来找出卧底。通常，平民的描述会围绕相同的词语展开，而卧底的描述可能会因为词语的不同而显得不太一致。我们需要仔细比较每个描述之间的相似性和差异性，以找出可能的卧底，注意，卧底并不会隐藏自己，他会直接描述他的词语，现在，逐一分析每个玩家的描述，注意，这局游戏的词语分类为<动物>，卧底词和平民词都属于该类。||之前是第2轮描述和之前轮数描述的合集。你之前认为的卧底是玩家2。
2024-12-13 15:01:51,378 - 2 - INFO - **********PLAYER2**********
2
2024-12-13 15:01:51,379 - 2 - INFO - **********JUDGER**********
你刚刚的分析是2|| `请根据上述分析，比较描述以找出不一致之处，注意，这局游戏的词语分类为<动物>，卧底词和平民词都属于该类。
2024-12-13 15:02:07,816 - 2 - INFO - **********PLAYER2**********
根据上述描述，我们可以比较每位玩家的描述来找出不一致之处：

1. 玩家1描述的是一种大型猫科动物，具有独特的花纹、锋利的爪牙，强大的捕猎本能，以及皮毛色彩斑斓等特征。

2. 玩家2描述的是一种生活在森林中，善于攀爬和跳跃的动物，拥有长臂和灵活的手指，强健的四肢和敏锐的听觉，以及社交性和群体生活习性。

3. 玩家3描述的是一种动物，具有敏锐的感官、矫健的身躯、独特的沟通方式、强大的力量和迅猛的速度，强壮的颈部和宽阔的胸膛，以及皮毛色彩斑斓。

4. 玩家4描述的是一种猛禽，拥有锋利的爪子和敏锐的视觉，强大的飞行能力和出色的捕猎技巧。

不一致之处在于：

- 玩家1和玩家3的描述都提到了皮毛色彩斑斓和强大的捕猎本能，这与玩家2的描述中的社交性和群体生活习性以及玩家4的描述中的飞行能力和捕猎技巧不符。
- 玩家2的描述强调了动物的生活习性和身体结构，而玩家1和玩家3的描述则更侧重于动物的感官和力量特征，玩家4的描述则提到了飞行能力，这与前两者描述的地面动物特征不同。
- 玩家4的描述是关于猛禽的，这与玩家1、玩家2和玩家3描述的陆地动物特征不符。

因此，不一致之处主要体现在动物的生活环境、身体特征和行为习性上，这可能表明玩家4的描述与其他玩家的描述不一致，从而可能是卧底。
2024-12-13 15:02:07,818 - 2 - INFO - **********JUDGER**********
你刚刚的分析是根据上述描述，我们可以比较每位玩家的描述来找出不一致之处：

1. 玩家1描述的是一种大型猫科动物，具有独特的花纹、锋利的爪牙，强大的捕猎本能，以及皮毛色彩斑斓等特征。

2. 玩家2描述的是一种生活在森林中，善于攀爬和跳跃的动物，拥有长臂和灵活的手指，强健的四肢和敏锐的听觉，以及社交性和群体生活习性。

3. 玩家3描述的是一种动物，具有敏锐的感官、矫健的身躯、独特的沟通方式、强大的力量和迅猛的速度，强壮的颈部和宽阔的胸膛，以及皮毛色彩斑斓。

4. 玩家4描述的是一种猛禽，拥有锋利的爪子和敏锐的视觉，强大的飞行能力和出色的捕猎技巧。

不一致之处在于：

- 玩家1和玩家3的描述都提到了皮毛色彩斑斓和强大的捕猎本能，这与玩家2的描述中的社交性和群体生活习性以及玩家4的描述中的飞行能力和捕猎技巧不符。
- 玩家2的描述强调了动物的生活习性和身体结构，而玩家1和玩家3的描述则更侧重于动物的感官和力量特征，玩家4的描述则提到了飞行能力，这与前两者描述的地面动物特征不同。
- 玩家4的描述是关于猛禽的，这与玩家1、玩家2和玩家3描述的陆地动物特征不符。

因此，不一致之处主要体现在动物的生活环境、身体特征和行为习性上，这可能表明玩家4的描述与其他玩家的描述不一致，从而可能是卧底。|| 请通过你分析的不一致之处，推断卧底身份，注意，这局游戏的词语分类为<动物>，卧底词和平民词都属于该类。
2024-12-13 15:02:09,311 - 2 - INFO - **********PLAYER2**********
4
2024-12-13 15:02:09,311 - 2 - INFO - **********JUDGER**********
你刚刚的推断是4|| 基于你刚刚的推断得出你的最终结论，请输出你认为的卧底，在这种情况下只需要输出编号，是1-4中的某个数字，不要输出其他信息。在这个过程不要进行任何推理，只对||以前的部分进行信息提取
2024-12-13 15:02:10,133 - 2 - INFO - **********PLAYER2**********
4
2024-12-13 15:03:48,922 - 2 - INFO - **********JUDGER**********
玩家1说：这是一种大型猫科动物，拥有强大的捕猎本能。它在猫科动物中最显著的特征是它那独特的花纹和锋利的爪牙。这种动物是森林中的霸主，它的力量和速度在同类中无与伦比。它的皮毛色彩斑斓，不仅是美丽的装饰，也是对捕猎时的掩护。它的狩猎技巧高超，几乎从未失手。这种动物是猫科中的巨兽，它的体型庞大，威猛无比。它的爪子和牙齿是捕猎的利器，它的力量和速度使其在森林中几乎没有对手。它的皮毛呈现出独特的图案，既美观又能够帮助它在猎物面前隐蔽。它在捕猎时展现出极高的智慧和耐心，是森林中的顶级掠食者。玩家2说：这种动物通常生活在森林中，善于攀爬和跳跃。它在同类中最显著的特点是长臂和灵活的手指，这使得它在抓握和搬运物体方面表现出色。这种动物以其社交性而著称，它们通常在群体中生活，共同觅食和保护领地。它们在森林中非常灵活，能够轻松地在树木间穿梭，善于利用环境来躲避天敌。它们的身体结构适应了这种生活方式，拥有强健的四肢和敏锐的听觉，这使得它们在森林中能够迅速而安静地移动。玩家3说：这种动物有着敏锐的感官和矫健的身躯。它在该类动物中最为特别的是其独特的沟通方式，能够发出多种复杂的声音。这种动物以其强大的力量和迅猛的速度著称，是森林中的顶级掠食者。它在同类中最为突出的特征是其强壮的颈部和宽阔的胸膛，这些特点使它能够进行剧烈的捕猎和战斗。此外，它的皮毛色彩斑斓，不仅美观，而且在狩猎时提供了良好的伪装。玩家4说：这是一种猛禽，拥有锋利的爪子和敏锐的视觉。它在同类中最特别的是它那强大的飞行能力和出色的捕猎技巧。这种动物是陆地上的霸主，它的力量和速度在同类中无与伦比。它拥有独特的条纹和锋利的爪牙，这不仅是对捕猎时的掩护，也是其强大的象征。它的皮毛色彩斑斓，既美观又实用，为它在森林中提供了良好的伪装。它的狩猎技巧高超，几乎从未失手，是森林中的顶级掠食者。你是第2号玩家，你的关键词是<猴子>。你的回答中绝对不能包含你的关键词<猴子>。这是第三轮描述，你之前的描述是这种动物通常生活在森林中，善于攀爬和跳跃。它在同类中最显著的特点是长臂和灵活的手指，这使得它在抓握和搬运物体方面表现出色。和这种动物以其社交性而著称，它们通常在群体中生活，共同觅食和保护领地。它们在森林中非常灵活，能够轻松地在树木间穿梭，善于利用环境来躲避天敌。它们的身体结构适应了这种生活方式，拥有强健的四肢和敏锐的听觉，这使得它们在森林中能够迅速而安静地移动。，注意，这局游戏的词语分类为<动物>，卧底词和平民词都属于该类，请你补充关于关键词的描述，注意，你的描述应该比起之前的描述更加贴近关键词，作为之前的补充
2024-12-13 15:04:00,345 - 2 - INFO - **********PLAYER2**********
这种动物以其智慧和好奇心而闻名，它们在森林中能够迅速适应环境变化。它们通常在树冠层活动，善于利用树枝作为工具，进行攀爬和跳跃。这种动物在群体中有着复杂的社会结构，它们通过声音和肢体语言进行沟通，共同抚养后代。它们在觅食时非常谨慎，善于观察和等待，以便捕捉到合适的猎物。
2024-12-13 15:04:40,108 - 2 - INFO - **********JUDGER**********
玩家1说：这是一种大型猫科动物，拥有强大的捕猎本能。它在猫科动物中最显著的特征是它那独特的花纹和锋利的爪牙。这种动物是森林中的霸主，它的力量和速度在同类中无与伦比。它的皮毛色彩斑斓，不仅是美丽的装饰，也是对捕猎时的掩护。它的狩猎技巧高超，几乎从未失手。这种动物是猫科中的巨兽，它的体型庞大，威猛无比。它的爪子和牙齿是捕猎的利器，它的力量和速度使其在森林中几乎没有对手。它的皮毛呈现出独特的图案，既美观又能够帮助它在猎物面前隐蔽。它在捕猎时展现出极高的智慧和耐心，是森林中的顶级掠食者。玩家2说：这种动物通常生活在森林中，善于攀爬和跳跃。它在同类中最显著的特点是长臂和灵活的手指，这使得它在抓握和搬运物体方面表现出色。这种动物以其社交性而著称，它们通常在群体中生活，共同觅食和保护领地。它们在森林中非常灵活，能够轻松地在树木间穿梭，善于利用环境来躲避天敌。它们的身体结构适应了这种生活方式，拥有强健的四肢和敏锐的听觉，这使得它们在森林中能够迅速而安静地移动。这种动物以其智慧和好奇心而闻名，它们在森林中能够迅速适应环境变化。它们通常在树冠层活动，善于利用树枝作为工具，进行攀爬和跳跃。这种动物在群体中有着复杂的社会结构，它们通过声音和肢体语言进行沟通，共同抚养后代。它们在觅食时非常谨慎，善于观察和等待，以便捕捉到合适的猎物。玩家3说：这种动物有着敏锐的感官和矫健的身躯。它在该类动物中最为特别的是其独特的沟通方式，能够发出多种复杂的声音。这种动物以其强大的力量和迅猛的速度著称，是森林中的顶级掠食者。它在同类中最为突出的特征是其强壮的颈部和宽阔的胸膛，这些特点使它能够进行剧烈的捕猎和战斗。此外，它的皮毛色彩斑斓，不仅美观，而且在狩猎时提供了良好的伪装。这种动物以其卓越的耐力和耐力著称，能够在极端的环境中生存。它拥有出色的领地意识，经常通过留下气味标记来界定自己的领地。它的身体结构适应了长时间的运动和潜伏，使其在捕猎时能够悄无声息地接近猎物。此外，它的爪子和牙齿不仅是捕猎的工具，也是保护自己的武器。玩家4说：这是一种猛禽，拥有锋利的爪子和敏锐的视觉。它在同类中最特别的是它那强大的飞行能力和出色的捕猎技巧。这种动物是陆地上的霸主，它的力量和速度在同类中无与伦比。它拥有独特的条纹和锋利的爪牙，这不仅是对捕猎时的掩护，也是其强大的象征。它的皮毛色彩斑斓，既美观又实用，为它在森林中提供了良好的伪装。它的狩猎技巧高超，几乎从未失手，是森林中的顶级掠食者。这种动物是森林的霸主，以其强大的力量和迅猛的速度著称。它拥有独特的条纹和锋利的爪牙，这些不仅是对捕猎时的掩护，也是其强大的象征。它的皮毛色彩斑斓，既美观又实用，为它在森林中提供了良好的伪装。它的狩猎技巧高超，几乎从未失手，是森林中的顶级掠食者。它的体型庞大，威猛无比，爪子和牙齿是捕猎的利器。它在捕猎时展现出极高的智慧和耐心，几乎在森林中没有对手。||在这个游戏中，我们需要通过分析每位玩家的描述来找出卧底。通常，平民的描述会围绕相同的词语展开，而卧底的描述可能会因为词语的不同而显得不太一致。我们需要仔细比较每个描述之间的相似性和差异性，以找出可能的卧底，注意，卧底并不会隐藏自己，他会直接描述他的词语，现在，逐一分析每个玩家的描述，注意，这局游戏的词语分类为<动物>，卧底词和平民词都属于该类。||之前是第3轮描述和之前轮数描述的合集。你之前认为的卧底是玩家4。
2024-12-13 15:04:43,589 - 2 - INFO - **********PLAYER2**********
4
2024-12-13 15:04:43,589 - 2 - INFO - **********JUDGER**********
你刚刚的分析是4|| `请根据上述分析，比较描述以找出不一致之处，注意，这局游戏的词语分类为<动物>，卧底词和平民词都属于该类。
2024-12-13 15:05:00,590 - 2 - INFO - **********PLAYER2**********
在比较四位玩家的描述时，我们可以发现以下不一致之处：

1. 玩家1的描述集中在大型猫科动物的特征上，如独特的花纹、锋利的爪牙、强大的力量和速度，以及皮毛色彩斑斓等。

2. 玩家2的描述提到了长臂、灵活的手指、社交性、群体生活、强健的四肢、敏锐的听觉，以及善于利用环境躲避天敌。

3. 玩家3的描述强调了敏锐的感官、矫健的身躯、独特的沟通方式、强大的力量和迅猛的速度，以及强壮的颈部和宽阔的胸膛。

4. 玩家4的描述提到了猛禽的特征，如锋利的爪子和视觉、强大的飞行能力、独特的条纹、皮毛色彩斑斓，以及高超的狩猎技巧。

不一致之处主要体现在以下几个方面：

- 玩家1、2和4的描述都提到了皮毛色彩斑斓，而玩家3没有。
- 玩家1和4的描述都提到了力量和速度，而玩家2和3没有。
- 玩家2的描述提到了社交性和群体生活，而玩家1、3和4没有。
- 玩家3的描述提到了独特的沟通方式和强壮的颈部和胸膛，而玩家1、2和4没有。
- 玩家4的描述提到了飞行能力和猛禽的特征，而玩家1、2和3没有。

这些不一致之处表明玩家4的描述与其他玩家的描述在动物类别和特征上有所不同，因此可能是卧底。
2024-12-13 15:05:00,592 - 2 - INFO - **********JUDGER**********
你刚刚的分析是在比较四位玩家的描述时，我们可以发现以下不一致之处：

1. 玩家1的描述集中在大型猫科动物的特征上，如独特的花纹、锋利的爪牙、强大的力量和速度，以及皮毛色彩斑斓等。

2. 玩家2的描述提到了长臂、灵活的手指、社交性、群体生活、强健的四肢、敏锐的听觉，以及善于利用环境躲避天敌。

3. 玩家3的描述强调了敏锐的感官、矫健的身躯、独特的沟通方式、强大的力量和迅猛的速度，以及强壮的颈部和宽阔的胸膛。

4. 玩家4的描述提到了猛禽的特征，如锋利的爪子和视觉、强大的飞行能力、独特的条纹、皮毛色彩斑斓，以及高超的狩猎技巧。

不一致之处主要体现在以下几个方面：

- 玩家1、2和4的描述都提到了皮毛色彩斑斓，而玩家3没有。
- 玩家1和4的描述都提到了力量和速度，而玩家2和3没有。
- 玩家2的描述提到了社交性和群体生活，而玩家1、3和4没有。
- 玩家3的描述提到了独特的沟通方式和强壮的颈部和胸膛，而玩家1、2和4没有。
- 玩家4的描述提到了飞行能力和猛禽的特征，而玩家1、2和3没有。

这些不一致之处表明玩家4的描述与其他玩家的描述在动物类别和特征上有所不同，因此可能是卧底。|| 请通过你分析的不一致之处，推断卧底身份，注意，这局游戏的词语分类为<动物>，卧底词和平民词都属于该类。
2024-12-13 15:05:02,110 - 2 - INFO - **********PLAYER2**********
4
2024-12-13 15:05:02,110 - 2 - INFO - **********JUDGER**********
你刚刚的推断是4|| 基于你刚刚的推断得出你的最终结论，请输出你认为的卧底，在这种情况下只需要输出编号，是1-4中的某个数字，不要输出其他信息。在这个过程不要进行任何推理，只对||以前的部分进行信息提取
2024-12-13 15:05:05,049 - 2 - INFO - **********PLAYER2**********
4
