2024-12-13 14:59:18,500 - 3 - INFO - **********JUDGER**********
让我们来玩一个叫做<谁是卧底>的推理游戏。基本规则：<人数>：4人。<角色分配>：每位玩家随机抽取一个词语，3名玩家拿到的词语是相同的（平民词），1名玩家拿到与之相近但不同的词语（卧底词）。<游戏流程>：1、玩家轮流描述自己的词语，但<不能>直接说出词语本身。2、描述完毕后，投票选出最像卧底的玩家。3、每轮结束后，被投票选出的玩家出局，不能再进行描述或投票。4、每轮投票结束后，如果卧底被成功找出，平民方获胜；如果卧底未被找出且卧底人数等于或超过平民人数，则卧底方获胜。你将扮演一个<玩家>，请等待你被分配到的关键词。如果你听懂了，只回答，"好的，我准备好参加游戏了"，不要输出别的信息
2024-12-13 14:59:19,696 - 3 - INFO - **********PLAYER3**********
。"好的，我准备好参加游戏了"
2024-12-13 14:59:25,840 - 3 - INFO - **********JUDGER**********
玩家1说：这是一种大型猫科动物，拥有强大的捕猎本能。它在猫科动物中最显著的特征是它那独特的花纹和锋利的爪牙。玩家2说：这种动物通常生活在森林中，善于攀爬和跳跃。它在同类中最显著的特点是长臂和灵活的手指，这使得它在抓握和搬运物体方面表现出色。玩家3说：玩家4说：|| 你是第3号玩家，你的关键词是<老虎>。你的回答中绝对不能包含你的关键词<老虎>。这是第一轮描述，不需要分析||之前别的玩家的描述，请你描述关键词基本特征，注意，这局游戏的词语分类为<动物>，卧底词和平民词都属于该类，描述包括以下两点，1.他的基本特征是什么2.他在该类（动物）中最突出不同的特征是什么，尽量简短
2024-12-13 14:59:27,263 - 3 - INFO - **********PLAYER3**********
这种动物有着敏锐的感官和矫健的身躯。它在该类动物中最为特别的是其独特的沟通方式，能够发出多种复杂的声音。
2024-12-13 15:00:27,183 - 3 - INFO - **********JUDGER**********
玩家1说：这是一种大型猫科动物，拥有强大的捕猎本能。它在猫科动物中最显著的特征是它那独特的花纹和锋利的爪牙。玩家2说：这种动物通常生活在森林中，善于攀爬和跳跃。它在同类中最显著的特点是长臂和灵活的手指，这使得它在抓握和搬运物体方面表现出色。玩家3说：这种动物有着敏锐的感官和矫健的身躯。它在该类动物中最为特别的是其独特的沟通方式，能够发出多种复杂的声音。玩家4说：||在这个游戏中，我们需要通过分析每位玩家的描述来找出卧底。通常，平民的描述会围绕相同的词语展开，而卧底的描述可能会因为词语的不同而显得不太一致。我们需要仔细比较每个描述之间的相似性和差异性，以找出可能的卧底，注意，卧底并不会隐藏自己，他会直接描述他的词语，现在，逐一分析每个玩家的描述，注意，这局游戏的词语分类为<动物>，卧底词和平民词都属于该类。这是第一轮描述。
2024-12-13 15:00:33,571 - 3 - INFO - **********PLAYER3**********
好的，根据玩家们的描述，我们可以分析如下：

玩家1和玩家3的描述都提到了“大型猫科动物”、“捕猎本能”、“敏锐的感官”、“矫健的身躯”和“独特的花纹”，这些特征都与老虎相符。

玩家2的描述提到了“生活在森林中”、“善于攀爬和跳跃”、“长臂和灵活的手指”，这些特征也与老虎的习性有关，但提到了“长臂和灵活的手指”，这一点与老虎的特征不太吻合，因为老虎虽然强壮，但并没有特别长臂和灵活的手指。

玩家4的描述虽然也提到了老虎的特征，但更多地是在引导大家分析描述，并没有提供具体的描述信息，而是强调了游戏规则和分析的方法。

综上所述，玩家2的描述中提到的“长臂和灵活的手指”与老虎的特征不太一致，这可能是卧底描述中故意加入的误导信息。因此，玩家2可能是卧底。当然，这只是一个初步的分析，后续的描述和投票将帮助我们进一步确认。
2024-12-13 15:00:33,573 - 3 - INFO - **********JUDGER**********
你刚刚的分析是好的，根据玩家们的描述，我们可以分析如下：

玩家1和玩家3的描述都提到了“大型猫科动物”、“捕猎本能”、“敏锐的感官”、“矫健的身躯”和“独特的花纹”，这些特征都与老虎相符。

玩家2的描述提到了“生活在森林中”、“善于攀爬和跳跃”、“长臂和灵活的手指”，这些特征也与老虎的习性有关，但提到了“长臂和灵活的手指”，这一点与老虎的特征不太吻合，因为老虎虽然强壮，但并没有特别长臂和灵活的手指。

玩家4的描述虽然也提到了老虎的特征，但更多地是在引导大家分析描述，并没有提供具体的描述信息，而是强调了游戏规则和分析的方法。

综上所述，玩家2的描述中提到的“长臂和灵活的手指”与老虎的特征不太一致，这可能是卧底描述中故意加入的误导信息。因此，玩家2可能是卧底。当然，这只是一个初步的分析，后续的描述和投票将帮助我们进一步确认。|| `请根据上述分析，比较描述以找出不一致之处，注意，这局游戏的词语分类为<动物>，卧底词和平民词都属于该类。
2024-12-13 15:00:40,661 - 3 - INFO - **********PLAYER3**********
根据上述分析，我们可以比较描述以找出不一致之处：

1. 玩家1和玩家3的描述非常相似，都强调了老虎的猫科动物属性、捕猎本能、感官敏锐、身体矫健和独特花纹，这些都是老虎的典型特征。

2. 玩家2的描述中提到了“长臂和灵活的手指”，这与老虎的特征不符。老虎虽然拥有锋利的爪牙和强大的捕猎能力，但并不以长臂和灵活的手指著称。

3. 玩家4的描述则更像是对游戏分析方法的指导，而非对特定动物特征的描述，因此与玩家1、2、3的描述在内容上没有直接可比性。

不一致之处在于玩家2的描述中包含了与老虎特征不符的“长臂和灵活的手指”，这可能是一个关键线索，表明玩家2的词语可能与老虎不同，因此玩家2的描述需要特别注意。其他玩家的描述都集中在老虎的特征上，没有出现明显的偏差。
2024-12-13 15:00:40,665 - 3 - INFO - **********JUDGER**********
你刚刚的分析是根据上述分析，我们可以比较描述以找出不一致之处：

1. 玩家1和玩家3的描述非常相似，都强调了老虎的猫科动物属性、捕猎本能、感官敏锐、身体矫健和独特花纹，这些都是老虎的典型特征。

2. 玩家2的描述中提到了“长臂和灵活的手指”，这与老虎的特征不符。老虎虽然拥有锋利的爪牙和强大的捕猎能力，但并不以长臂和灵活的手指著称。

3. 玩家4的描述则更像是对游戏分析方法的指导，而非对特定动物特征的描述，因此与玩家1、2、3的描述在内容上没有直接可比性。

不一致之处在于玩家2的描述中包含了与老虎特征不符的“长臂和灵活的手指”，这可能是一个关键线索，表明玩家2的词语可能与老虎不同，因此玩家2的描述需要特别注意。其他玩家的描述都集中在老虎的特征上，没有出现明显的偏差。|| 请通过你分析的不一致之处，推断卧底身份，注意，这局游戏的词语分类为<动物>，卧底词和平民词都属于该类。
2024-12-13 15:00:46,689 - 3 - INFO - **********PLAYER3**********
根据分析中提到的不一致之处，玩家2的描述中出现了“长臂和灵活的手指”，这一特征与老虎不符。在游戏规则中，卧底的角色是持有与平民不同的词语，且这个词语应该与平民的词语属于同一类别，但具有显著的不同。

由于老虎是猫科动物，且玩家1和玩家3的描述都集中在老虎的特征上，这表明他们持有的词语很可能是“老虎”。而玩家2的描述与老虎的特征不一致，且提到了“长臂和灵活的手指”，这可能是另一个动物的特征，比如大猩猩或猿类动物。

因此，根据描述的不一致性和游戏规则，可以推断玩家2很可能是卧底，因为他的描述中包含了一个与老虎特征不符的动物特征，且这个特征属于同一类别（动物）。
2024-12-13 15:00:46,691 - 3 - INFO - **********JUDGER**********
你刚刚的推断是根据分析中提到的不一致之处，玩家2的描述中出现了“长臂和灵活的手指”，这一特征与老虎不符。在游戏规则中，卧底的角色是持有与平民不同的词语，且这个词语应该与平民的词语属于同一类别，但具有显著的不同。

由于老虎是猫科动物，且玩家1和玩家3的描述都集中在老虎的特征上，这表明他们持有的词语很可能是“老虎”。而玩家2的描述与老虎的特征不一致，且提到了“长臂和灵活的手指”，这可能是另一个动物的特征，比如大猩猩或猿类动物。

因此，根据描述的不一致性和游戏规则，可以推断玩家2很可能是卧底，因为他的描述中包含了一个与老虎特征不符的动物特征，且这个特征属于同一类别（动物）。|| 基于你刚刚的推断得出你的最终结论，请输出你认为的卧底，在这种情况下只需要输出编号，是1-4中的某个数字，不要输出其他信息。在这个过程不要进行任何推理，只对||以前的部分进行信息提取
2024-12-13 15:00:47,458 - 3 - INFO - **********PLAYER3**********
2
2024-12-13 15:01:22,543 - 3 - INFO - **********JUDGER**********
玩家1说：这是一种大型猫科动物，拥有强大的捕猎本能。它在猫科动物中最显著的特征是它那独特的花纹和锋利的爪牙。这种动物是森林中的霸主，它的力量和速度在同类中无与伦比。它的皮毛色彩斑斓，不仅是美丽的装饰，也是对捕猎时的掩护。它的狩猎技巧高超，几乎从未失手。玩家2说：这种动物通常生活在森林中，善于攀爬和跳跃。它在同类中最显著的特点是长臂和灵活的手指，这使得它在抓握和搬运物体方面表现出色。这种动物以其社交性而著称，它们通常在群体中生活，共同觅食和保护领地。它们在森林中非常灵活，能够轻松地在树木间穿梭，善于利用环境来躲避天敌。它们的身体结构适应了这种生活方式，拥有强健的四肢和敏锐的听觉，这使得它们在森林中能够迅速而安静地移动。玩家3说：这种动物有着敏锐的感官和矫健的身躯。它在该类动物中最为特别的是其独特的沟通方式，能够发出多种复杂的声音。玩家4说：这是一种猛禽，拥有锋利的爪子和敏锐的视觉。它在同类中最特别的是它那强大的飞行能力和出色的捕猎技巧。你是第3号玩家，你的关键词是<老虎>。你的回答中绝对不能包含你的关键词<老虎>。这是第二轮描述，你之前的描述是这种动物有着敏锐的感官和矫健的身躯。它在该类动物中最为特别的是其独特的沟通方式，能够发出多种复杂的声音。，注意，这局游戏的词语分类为<动物>，卧底词和平民词都属于该类，请你补充关于关键词的描述，注意，你的描述应该比起之前的描述更加贴近关键词，作为之前的补充
2024-12-13 15:01:28,337 - 3 - INFO - **********PLAYER3**********
这种动物以其强大的力量和迅猛的速度著称，是森林中的顶级掠食者。它在同类中最为突出的特征是其强壮的颈部和宽阔的胸膛，这些特点使它能够进行剧烈的捕猎和战斗。此外，它的皮毛色彩斑斓，不仅美观，而且在狩猎时提供了良好的伪装。
2024-12-13 15:02:10,133 - 3 - INFO - **********JUDGER**********
玩家1说：这是一种大型猫科动物，拥有强大的捕猎本能。它在猫科动物中最显著的特征是它那独特的花纹和锋利的爪牙。这种动物是森林中的霸主，它的力量和速度在同类中无与伦比。它的皮毛色彩斑斓，不仅是美丽的装饰，也是对捕猎时的掩护。它的狩猎技巧高超，几乎从未失手。玩家2说：这种动物通常生活在森林中，善于攀爬和跳跃。它在同类中最显著的特点是长臂和灵活的手指，这使得它在抓握和搬运物体方面表现出色。这种动物以其社交性而著称，它们通常在群体中生活，共同觅食和保护领地。它们在森林中非常灵活，能够轻松地在树木间穿梭，善于利用环境来躲避天敌。它们的身体结构适应了这种生活方式，拥有强健的四肢和敏锐的听觉，这使得它们在森林中能够迅速而安静地移动。玩家3说：这种动物有着敏锐的感官和矫健的身躯。它在该类动物中最为特别的是其独特的沟通方式，能够发出多种复杂的声音。这种动物以其强大的力量和迅猛的速度著称，是森林中的顶级掠食者。它在同类中最为突出的特征是其强壮的颈部和宽阔的胸膛，这些特点使它能够进行剧烈的捕猎和战斗。此外，它的皮毛色彩斑斓，不仅美观，而且在狩猎时提供了良好的伪装。玩家4说：这是一种猛禽，拥有锋利的爪子和敏锐的视觉。它在同类中最特别的是它那强大的飞行能力和出色的捕猎技巧。||在这个游戏中，我们需要通过分析每位玩家的描述来找出卧底。通常，平民的描述会围绕相同的词语展开，而卧底的描述可能会因为词语的不同而显得不太一致。我们需要仔细比较每个描述之间的相似性和差异性，以找出可能的卧底，注意，卧底并不会隐藏自己，他会直接描述他的词语，现在，逐一分析每个玩家的描述，注意，这局游戏的词语分类为<动物>，卧底词和平民词都属于该类。||之前是第2轮描述和之前轮数描述的合集。你之前认为的卧底是玩家2。
2024-12-13 15:02:27,095 - 3 - INFO - **********PLAYER3**********
根据玩家们的描述，我们可以进行以下分析：

玩家1的描述中提到了“大型猫科动物”、“捕猎本能”、“独特的花纹”、“锋利的爪牙”、“力量”、“速度”、“皮毛色彩斑斓”、“狩猎技巧高超”，这些特征与老虎相符。

玩家2的描述中提到了“生活在森林中”、“善于攀爬和跳跃”、“长臂和灵活的手指”、“社交性”、“群体生活”、“共同觅食和保护领地”、“强健的四肢和敏锐的听觉”，这些特征与猿类动物（如大猩猩）相符，与老虎的特征有显著差异。

玩家3的描述中提到了“敏锐的感官”、“矫健的身躯”、“独特的沟通方式”、“复杂的声音”、“强大的力量”、“迅猛的速度”、“强壮的颈部和宽阔的胸膛”、“皮毛色彩斑斓”、“狩猎技巧高超”，这些特征同样与老虎相符，与玩家1的描述非常相似。

玩家4的描述中提到了“猛禽”、“锋利的爪子”、“敏锐的视觉”、“强大的飞行能力”、“出色的捕猎技巧”，这些特征与鹰或其他猛禽相符，与老虎的特征有显著差异。

基于以上分析，玩家2和玩家4的描述与老虎的特征不符，而玩家1和玩家3的描述与老虎的特征相符。因此，如果之前认为玩家2是卧底，那么在新的描述中，玩家4的描述同样与老虎的特征不一致，这增加了玩家4作为卧底的可能性。

综合之前的分析和新的描述，我们可以重新考虑卧底的可能性。如果必须在这两个选项之间选择，那么玩家4的描述与老虎的特征差异更大，因此玩家4可能是新的卧底。然而，如果考虑所有玩家的描述，玩家2的描述与老虎的特征仍然存在差异，因此玩家2仍然是一个可能的卧底。
2024-12-13 15:02:27,097 - 3 - INFO - **********JUDGER**********
你刚刚的分析是根据玩家们的描述，我们可以进行以下分析：

玩家1的描述中提到了“大型猫科动物”、“捕猎本能”、“独特的花纹”、“锋利的爪牙”、“力量”、“速度”、“皮毛色彩斑斓”、“狩猎技巧高超”，这些特征与老虎相符。

玩家2的描述中提到了“生活在森林中”、“善于攀爬和跳跃”、“长臂和灵活的手指”、“社交性”、“群体生活”、“共同觅食和保护领地”、“强健的四肢和敏锐的听觉”，这些特征与猿类动物（如大猩猩）相符，与老虎的特征有显著差异。

玩家3的描述中提到了“敏锐的感官”、“矫健的身躯”、“独特的沟通方式”、“复杂的声音”、“强大的力量”、“迅猛的速度”、“强壮的颈部和宽阔的胸膛”、“皮毛色彩斑斓”、“狩猎技巧高超”，这些特征同样与老虎相符，与玩家1的描述非常相似。

玩家4的描述中提到了“猛禽”、“锋利的爪子”、“敏锐的视觉”、“强大的飞行能力”、“出色的捕猎技巧”，这些特征与鹰或其他猛禽相符，与老虎的特征有显著差异。

基于以上分析，玩家2和玩家4的描述与老虎的特征不符，而玩家1和玩家3的描述与老虎的特征相符。因此，如果之前认为玩家2是卧底，那么在新的描述中，玩家4的描述同样与老虎的特征不一致，这增加了玩家4作为卧底的可能性。

综合之前的分析和新的描述，我们可以重新考虑卧底的可能性。如果必须在这两个选项之间选择，那么玩家4的描述与老虎的特征差异更大，因此玩家4可能是新的卧底。然而，如果考虑所有玩家的描述，玩家2的描述与老虎的特征仍然存在差异，因此玩家2仍然是一个可能的卧底。|| `请根据上述分析，比较描述以找出不一致之处，注意，这局游戏的词语分类为<动物>，卧底词和平民词都属于该类。
2024-12-13 15:02:36,761 - 3 - INFO - **********PLAYER3**********
根据上述分析，我们可以找出以下不一致之处：

1. 玩家1和玩家3的描述都集中在老虎的特征上，包括捕猎本能、独特花纹、锋利爪牙、强大的力量和速度、皮毛色彩斑斓等，这些特征在老虎中是共有的。

2. 玩家2的描述提到了“长臂和灵活的手指”、“社交性”、“群体生活”、“共同觅食和保护领地”等特征，这些特征更符合猿类动物，如大猩猩，而不是老虎。

3. 玩家4的描述提到了“猛禽”、“锋利的爪子”、“敏锐的视觉”、“强大的飞行能力”等特征，这些特征与猛禽类动物相符，如鹰或其他猛禽，而不是老虎。

不一致之处在于玩家2和玩家4的描述与老虎的特征不符，而玩家1和玩家3的描述则与老虎的特征相符。这表明玩家2和玩家4的词语可能与老虎不同，可能是卧底。
2024-12-13 15:02:36,762 - 3 - INFO - **********JUDGER**********
你刚刚的分析是根据上述分析，我们可以找出以下不一致之处：

1. 玩家1和玩家3的描述都集中在老虎的特征上，包括捕猎本能、独特花纹、锋利爪牙、强大的力量和速度、皮毛色彩斑斓等，这些特征在老虎中是共有的。

2. 玩家2的描述提到了“长臂和灵活的手指”、“社交性”、“群体生活”、“共同觅食和保护领地”等特征，这些特征更符合猿类动物，如大猩猩，而不是老虎。

3. 玩家4的描述提到了“猛禽”、“锋利的爪子”、“敏锐的视觉”、“强大的飞行能力”等特征，这些特征与猛禽类动物相符，如鹰或其他猛禽，而不是老虎。

不一致之处在于玩家2和玩家4的描述与老虎的特征不符，而玩家1和玩家3的描述则与老虎的特征相符。这表明玩家2和玩家4的词语可能与老虎不同，可能是卧底。|| 请通过你分析的不一致之处，推断卧底身份，注意，这局游戏的词语分类为<动物>，卧底词和平民词都属于该类。
2024-12-13 15:02:43,403 - 3 - INFO - **********PLAYER3**********
根据分析的不一致之处，玩家2和玩家4的描述与老虎的特征不符，而玩家1和玩家3的描述与老虎的特征相符。考虑到游戏规则中卧底词和平民词都属于同一类别（动物），我们可以推断：

玩家2的描述更接近猿类动物的特征，而不是老虎。
玩家4的描述则更接近猛禽的特征，而不是老虎。

因此，在这两个选项中，玩家4的描述与老虎的特征差异更大，所以玩家4可能是卧底。
2024-12-13 15:02:43,404 - 3 - INFO - **********JUDGER**********
你刚刚的推断是根据分析的不一致之处，玩家2和玩家4的描述与老虎的特征不符，而玩家1和玩家3的描述与老虎的特征相符。考虑到游戏规则中卧底词和平民词都属于同一类别（动物），我们可以推断：

玩家2的描述更接近猿类动物的特征，而不是老虎。
玩家4的描述则更接近猛禽的特征，而不是老虎。

因此，在这两个选项中，玩家4的描述与老虎的特征差异更大，所以玩家4可能是卧底。|| 基于你刚刚的推断得出你的最终结论，请输出你认为的卧底，在这种情况下只需要输出编号，是1-4中的某个数字，不要输出其他信息。在这个过程不要进行任何推理，只对||以前的部分进行信息提取
2024-12-13 15:02:44,827 - 3 - INFO - **********PLAYER3**********
4
2024-12-13 15:04:00,346 - 3 - INFO - **********JUDGER**********
玩家1说：这是一种大型猫科动物，拥有强大的捕猎本能。它在猫科动物中最显著的特征是它那独特的花纹和锋利的爪牙。这种动物是森林中的霸主，它的力量和速度在同类中无与伦比。它的皮毛色彩斑斓，不仅是美丽的装饰，也是对捕猎时的掩护。它的狩猎技巧高超，几乎从未失手。这种动物是猫科中的巨兽，它的体型庞大，威猛无比。它的爪子和牙齿是捕猎的利器，它的力量和速度使其在森林中几乎没有对手。它的皮毛呈现出独特的图案，既美观又能够帮助它在猎物面前隐蔽。它在捕猎时展现出极高的智慧和耐心，是森林中的顶级掠食者。玩家2说：这种动物通常生活在森林中，善于攀爬和跳跃。它在同类中最显著的特点是长臂和灵活的手指，这使得它在抓握和搬运物体方面表现出色。这种动物以其社交性而著称，它们通常在群体中生活，共同觅食和保护领地。它们在森林中非常灵活，能够轻松地在树木间穿梭，善于利用环境来躲避天敌。它们的身体结构适应了这种生活方式，拥有强健的四肢和敏锐的听觉，这使得它们在森林中能够迅速而安静地移动。这种动物以其智慧和好奇心而闻名，它们在森林中能够迅速适应环境变化。它们通常在树冠层活动，善于利用树枝作为工具，进行攀爬和跳跃。这种动物在群体中有着复杂的社会结构，它们通过声音和肢体语言进行沟通，共同抚养后代。它们在觅食时非常谨慎，善于观察和等待，以便捕捉到合适的猎物。玩家3说：这种动物有着敏锐的感官和矫健的身躯。它在该类动物中最为特别的是其独特的沟通方式，能够发出多种复杂的声音。这种动物以其强大的力量和迅猛的速度著称，是森林中的顶级掠食者。它在同类中最为突出的特征是其强壮的颈部和宽阔的胸膛，这些特点使它能够进行剧烈的捕猎和战斗。此外，它的皮毛色彩斑斓，不仅美观，而且在狩猎时提供了良好的伪装。玩家4说：这是一种猛禽，拥有锋利的爪子和敏锐的视觉。它在同类中最特别的是它那强大的飞行能力和出色的捕猎技巧。这种动物是陆地上的霸主，它的力量和速度在同类中无与伦比。它拥有独特的条纹和锋利的爪牙，这不仅是对捕猎时的掩护，也是其强大的象征。它的皮毛色彩斑斓，既美观又实用，为它在森林中提供了良好的伪装。它的狩猎技巧高超，几乎从未失手，是森林中的顶级掠食者。你是第3号玩家，你的关键词是<老虎>。你的回答中绝对不能包含你的关键词<老虎>。这是第三轮描述，你之前的描述是这种动物有着敏锐的感官和矫健的身躯。它在该类动物中最为特别的是其独特的沟通方式，能够发出多种复杂的声音。和这种动物以其强大的力量和迅猛的速度著称，是森林中的顶级掠食者。它在同类中最为突出的特征是其强壮的颈部和宽阔的胸膛，这些特点使它能够进行剧烈的捕猎和战斗。此外，它的皮毛色彩斑斓，不仅美观，而且在狩猎时提供了良好的伪装。，注意，这局游戏的词语分类为<动物>，卧底词和平民词都属于该类，请你补充关于关键词的描述，注意，你的描述应该比起之前的描述更加贴近关键词，作为之前的补充
2024-12-13 15:04:08,392 - 3 - INFO - **********PLAYER3**********
这种动物以其卓越的耐力和耐力著称，能够在极端的环境中生存。它拥有出色的领地意识，经常通过留下气味标记来界定自己的领地。它的身体结构适应了长时间的运动和潜伏，使其在捕猎时能够悄无声息地接近猎物。此外，它的爪子和牙齿不仅是捕猎的工具，也是保护自己的武器。
2024-12-13 15:05:05,049 - 3 - INFO - **********JUDGER**********
玩家1说：这是一种大型猫科动物，拥有强大的捕猎本能。它在猫科动物中最显著的特征是它那独特的花纹和锋利的爪牙。这种动物是森林中的霸主，它的力量和速度在同类中无与伦比。它的皮毛色彩斑斓，不仅是美丽的装饰，也是对捕猎时的掩护。它的狩猎技巧高超，几乎从未失手。这种动物是猫科中的巨兽，它的体型庞大，威猛无比。它的爪子和牙齿是捕猎的利器，它的力量和速度使其在森林中几乎没有对手。它的皮毛呈现出独特的图案，既美观又能够帮助它在猎物面前隐蔽。它在捕猎时展现出极高的智慧和耐心，是森林中的顶级掠食者。玩家2说：这种动物通常生活在森林中，善于攀爬和跳跃。它在同类中最显著的特点是长臂和灵活的手指，这使得它在抓握和搬运物体方面表现出色。这种动物以其社交性而著称，它们通常在群体中生活，共同觅食和保护领地。它们在森林中非常灵活，能够轻松地在树木间穿梭，善于利用环境来躲避天敌。它们的身体结构适应了这种生活方式，拥有强健的四肢和敏锐的听觉，这使得它们在森林中能够迅速而安静地移动。这种动物以其智慧和好奇心而闻名，它们在森林中能够迅速适应环境变化。它们通常在树冠层活动，善于利用树枝作为工具，进行攀爬和跳跃。这种动物在群体中有着复杂的社会结构，它们通过声音和肢体语言进行沟通，共同抚养后代。它们在觅食时非常谨慎，善于观察和等待，以便捕捉到合适的猎物。玩家3说：这种动物有着敏锐的感官和矫健的身躯。它在该类动物中最为特别的是其独特的沟通方式，能够发出多种复杂的声音。这种动物以其强大的力量和迅猛的速度著称，是森林中的顶级掠食者。它在同类中最为突出的特征是其强壮的颈部和宽阔的胸膛，这些特点使它能够进行剧烈的捕猎和战斗。此外，它的皮毛色彩斑斓，不仅美观，而且在狩猎时提供了良好的伪装。这种动物以其卓越的耐力和耐力著称，能够在极端的环境中生存。它拥有出色的领地意识，经常通过留下气味标记来界定自己的领地。它的身体结构适应了长时间的运动和潜伏，使其在捕猎时能够悄无声息地接近猎物。此外，它的爪子和牙齿不仅是捕猎的工具，也是保护自己的武器。玩家4说：这是一种猛禽，拥有锋利的爪子和敏锐的视觉。它在同类中最特别的是它那强大的飞行能力和出色的捕猎技巧。这种动物是陆地上的霸主，它的力量和速度在同类中无与伦比。它拥有独特的条纹和锋利的爪牙，这不仅是对捕猎时的掩护，也是其强大的象征。它的皮毛色彩斑斓，既美观又实用，为它在森林中提供了良好的伪装。它的狩猎技巧高超，几乎从未失手，是森林中的顶级掠食者。这种动物是森林的霸主，以其强大的力量和迅猛的速度著称。它拥有独特的条纹和锋利的爪牙，这些不仅是对捕猎时的掩护，也是其强大的象征。它的皮毛色彩斑斓，既美观又实用，为它在森林中提供了良好的伪装。它的狩猎技巧高超，几乎从未失手，是森林中的顶级掠食者。它的体型庞大，威猛无比，爪子和牙齿是捕猎的利器。它在捕猎时展现出极高的智慧和耐心，几乎在森林中没有对手。||在这个游戏中，我们需要通过分析每位玩家的描述来找出卧底。通常，平民的描述会围绕相同的词语展开，而卧底的描述可能会因为词语的不同而显得不太一致。我们需要仔细比较每个描述之间的相似性和差异性，以找出可能的卧底，注意，卧底并不会隐藏自己，他会直接描述他的词语，现在，逐一分析每个玩家的描述，注意，这局游戏的词语分类为<动物>，卧底词和平民词都属于该类。||之前是第3轮描述和之前轮数描述的合集。你之前认为的卧底是玩家4。
2024-12-13 15:05:19,151 - 3 - INFO - **********PLAYER3**********
根据玩家们的描述，我们可以进行以下分析：

玩家1的描述强调了老虎的捕猎本能、力量、速度、皮毛图案、智慧和耐心，这些都是老虎的典型特征。

玩家2的描述提到了动物生活在森林中、善于攀爬和跳跃、长臂、灵活的手指、社交性、群体生活、共同觅食和保护领地、敏锐的听觉、智慧和好奇心，这些特征更符合猿类动物，如大猩猩。

玩家3的描述同样提到了动物有敏锐的感官、矫健的身躯、独特的沟通方式、强大的力量、迅猛的速度、强壮的颈部和宽阔的胸膛、皮毛色彩斑斓、耐力和领地意识，这些特征与老虎相符。

玩家4的描述提到了猛禽、锋利的爪子、敏锐的视觉、强大的飞行能力、出色的捕猎技巧、独特的条纹、皮毛色彩斑斓、体型庞大、威猛无比、爪子和牙齿、智慧、耐心，这些特征更符合猛禽，如鹰或其他猛禽。

综合之前的分析和新的描述，玩家2和玩家4的描述与老虎的特征不符，而玩家1和玩家3的描述与老虎的特征相符。由于玩家4的描述中提到了“猛禽”，这与老虎的特征差异最大，因此玩家4的描述与老虎的特征不符的可能性更高。

因此，基于描述的分析，玩家4可能是卧底。
2024-12-13 15:05:19,153 - 3 - INFO - **********JUDGER**********
你刚刚的分析是根据玩家们的描述，我们可以进行以下分析：

玩家1的描述强调了老虎的捕猎本能、力量、速度、皮毛图案、智慧和耐心，这些都是老虎的典型特征。

玩家2的描述提到了动物生活在森林中、善于攀爬和跳跃、长臂、灵活的手指、社交性、群体生活、共同觅食和保护领地、敏锐的听觉、智慧和好奇心，这些特征更符合猿类动物，如大猩猩。

玩家3的描述同样提到了动物有敏锐的感官、矫健的身躯、独特的沟通方式、强大的力量、迅猛的速度、强壮的颈部和宽阔的胸膛、皮毛色彩斑斓、耐力和领地意识，这些特征与老虎相符。

玩家4的描述提到了猛禽、锋利的爪子、敏锐的视觉、强大的飞行能力、出色的捕猎技巧、独特的条纹、皮毛色彩斑斓、体型庞大、威猛无比、爪子和牙齿、智慧、耐心，这些特征更符合猛禽，如鹰或其他猛禽。

综合之前的分析和新的描述，玩家2和玩家4的描述与老虎的特征不符，而玩家1和玩家3的描述与老虎的特征相符。由于玩家4的描述中提到了“猛禽”，这与老虎的特征差异最大，因此玩家4的描述与老虎的特征不符的可能性更高。

因此，基于描述的分析，玩家4可能是卧底。|| `请根据上述分析，比较描述以找出不一致之处，注意，这局游戏的词语分类为<动物>，卧底词和平民词都属于该类。
2024-12-13 15:05:42,612 - 3 - INFO - **********PLAYER3**********
根据上述分析，不一致之处如下：

1. 玩家1和玩家3的描述都集中在老虎的特征上，包括捕猎本能、力量、速度、皮毛图案、智慧和耐心等，这些特征与老虎的习性高度一致。

2. 玩家2的描述虽然也提到了生活在森林中、有敏锐的听觉和智慧等特征，但强调了动物善于攀爬和跳跃、长臂、灵活的手指、社交性、群体生活等，这些特征更符合猿类动物，如大猩猩。

3. 玩家4的描述提到了猛禽、锋利的爪子、敏锐的视觉、强大的飞行能力、出色的捕猎技巧、独特的条纹、体型庞大、威猛无比等特征，这些特征与猛禽，如鹰或其他猛禽相符，与老虎的特征有显著差异。

因此，不一致之处在于玩家2和玩家4的描述与老虎的特征不符，而玩家1和玩家3的描述则与老虎的特征相符。这表明玩家2和玩家4的词语可能与老虎不同，可能是卧底。
2024-12-13 15:05:42,616 - 3 - INFO - **********JUDGER**********
你刚刚的分析是根据上述分析，不一致之处如下：

1. 玩家1和玩家3的描述都集中在老虎的特征上，包括捕猎本能、力量、速度、皮毛图案、智慧和耐心等，这些特征与老虎的习性高度一致。

2. 玩家2的描述虽然也提到了生活在森林中、有敏锐的听觉和智慧等特征，但强调了动物善于攀爬和跳跃、长臂、灵活的手指、社交性、群体生活等，这些特征更符合猿类动物，如大猩猩。

3. 玩家4的描述提到了猛禽、锋利的爪子、敏锐的视觉、强大的飞行能力、出色的捕猎技巧、独特的条纹、体型庞大、威猛无比等特征，这些特征与猛禽，如鹰或其他猛禽相符，与老虎的特征有显著差异。

因此，不一致之处在于玩家2和玩家4的描述与老虎的特征不符，而玩家1和玩家3的描述则与老虎的特征相符。这表明玩家2和玩家4的词语可能与老虎不同，可能是卧底。|| 请通过你分析的不一致之处，推断卧底身份，注意，这局游戏的词语分类为<动物>，卧底词和平民词都属于该类。
2024-12-13 15:05:44,660 - 3 - INFO - **********PLAYER3**********
2
2024-12-13 15:05:44,661 - 3 - INFO - **********JUDGER**********
你刚刚的推断是2|| 基于你刚刚的推断得出你的最终结论，请输出你认为的卧底，在这种情况下只需要输出编号，是1-4中的某个数字，不要输出其他信息。在这个过程不要进行任何推理，只对||以前的部分进行信息提取
2024-12-13 15:05:46,945 - 3 - INFO - **********PLAYER3**********
2
