2024-12-13 14:59:20,235 - 4 - INFO - **********JUDGER**********
让我们来玩一个叫做<谁是卧底>的推理游戏。基本规则：<人数>：4人。<角色分配>：每位玩家随机抽取一个词语，3名玩家拿到的词语是相同的（平民词），1名玩家拿到与之相近但不同的词语（卧底词）。<游戏流程>：1、玩家轮流描述自己的词语，但<不能>直接说出词语本身。2、描述完毕后，投票选出最像卧底的玩家。3、每轮结束后，被投票选出的玩家出局，不能再进行描述或投票。4、每轮投票结束后，如果卧底被成功找出，平民方获胜；如果卧底未被找出且卧底人数等于或超过平民人数，则卧底方获胜。你将扮演一个<玩家>，请等待你被分配到的关键词。如果你听懂了，只回答，"好的，我准备好参加游戏了"，不要输出别的信息
2024-12-13 14:59:23,068 - 4 - INFO - **********PLAYER4**********
好的，我准备好参加游戏了
2024-12-13 14:59:27,264 - 4 - INFO - **********JUDGER**********
玩家1说：这是一种大型猫科动物，拥有强大的捕猎本能。它在猫科动物中最显著的特征是它那独特的花纹和锋利的爪牙。玩家2说：这种动物通常生活在森林中，善于攀爬和跳跃。它在同类中最显著的特点是长臂和灵活的手指，这使得它在抓握和搬运物体方面表现出色。玩家3说：这种动物有着敏锐的感官和矫健的身躯。它在该类动物中最为特别的是其独特的沟通方式，能够发出多种复杂的声音。玩家4说：|| 你是第4号玩家，你的关键词是<老虎>。你的回答中绝对不能包含你的关键词<老虎>。这是第一轮描述，不需要分析||之前别的玩家的描述，请你描述关键词基本特征，注意，这局游戏的词语分类为<动物>，卧底词和平民词都属于该类，描述包括以下两点，1.他的基本特征是什么2.他在该类（动物）中最突出不同的特征是什么，尽量简短
2024-12-13 14:59:28,414 - 4 - INFO - **********PLAYER4**********
这是一种猛禽，拥有锋利的爪子和敏锐的视觉。它在同类中最特别的是它那强大的飞行能力和出色的捕猎技巧。
2024-12-13 15:00:47,458 - 4 - INFO - **********JUDGER**********
玩家1说：这是一种大型猫科动物，拥有强大的捕猎本能。它在猫科动物中最显著的特征是它那独特的花纹和锋利的爪牙。玩家2说：这种动物通常生活在森林中，善于攀爬和跳跃。它在同类中最显著的特点是长臂和灵活的手指，这使得它在抓握和搬运物体方面表现出色。玩家3说：这种动物有着敏锐的感官和矫健的身躯。它在该类动物中最为特别的是其独特的沟通方式，能够发出多种复杂的声音。玩家4说：||在这个游戏中，我们需要通过分析每位玩家的描述来找出卧底。通常，平民的描述会围绕相同的词语展开，而卧底的描述可能会因为词语的不同而显得不太一致。我们需要仔细比较每个描述之间的相似性和差异性，以找出可能的卧底，注意，卧底并不会隐藏自己，他会直接描述他的词语，现在，逐一分析每个玩家的描述，注意，这局游戏的词语分类为<动物>，卧底词和平民词都属于该类。这是第一轮描述。
2024-12-13 15:01:01,688 - 4 - INFO - **********PLAYER4**********
好的，根据玩家1的描述，我们可以推测他可能提到的动物是老虎，因为它是一种大型猫科动物，以其独特的花纹和捕猎本能著称。

玩家2的描述提到的是一种生活在森林中，善于攀爬和跳跃的动物，具有长臂和灵活的手指，这听起来像是猿类动物，比如黑猩猩。

玩家3的描述强调了动物的敏锐感官和矫健身躯，以及独特的沟通方式，这很符合猫科动物中的一些成员，比如狮子。

玩家4的描述中提到的是一种猛禽，具有强大的飞行能力和捕猎技巧，这与猫科动物的特征不符，因此可能是卧底。

在第一轮描述中，玩家4的描述与其他玩家的描述在动物类别上存在明显差异，这可能是我们寻找卧底的线索。
2024-12-13 15:01:01,689 - 4 - INFO - **********JUDGER**********
你刚刚的分析是好的，根据玩家1的描述，我们可以推测他可能提到的动物是老虎，因为它是一种大型猫科动物，以其独特的花纹和捕猎本能著称。

玩家2的描述提到的是一种生活在森林中，善于攀爬和跳跃的动物，具有长臂和灵活的手指，这听起来像是猿类动物，比如黑猩猩。

玩家3的描述强调了动物的敏锐感官和矫健身躯，以及独特的沟通方式，这很符合猫科动物中的一些成员，比如狮子。

玩家4的描述中提到的是一种猛禽，具有强大的飞行能力和捕猎技巧，这与猫科动物的特征不符，因此可能是卧底。

在第一轮描述中，玩家4的描述与其他玩家的描述在动物类别上存在明显差异，这可能是我们寻找卧底的线索。|| `请根据上述分析，比较描述以找出不一致之处，注意，这局游戏的词语分类为<动物>，卧底词和平民词都属于该类。
2024-12-13 15:01:08,015 - 4 - INFO - **********PLAYER4**********
根据上述分析，我们可以看到以下不一致之处：

1. 玩家1的描述与玩家4的描述存在明显差异。玩家1描述的是一种大型猫科动物，而玩家4描述的是一种猛禽。这两种动物不属于同一类。

2. 玩家2的描述提到的是猿类动物，具有长臂和灵活的手指，这与猫科动物的特征不符。

3. 玩家3的描述虽然提到了猫科动物的一些特征，如敏锐的感官和矫健身躯，但重点在于动物的沟通方式，这与玩家1和玩家2的描述相比，显得有些偏离。

综上所述，玩家4的描述与其他玩家的描述在动物类别和特征上存在最显著的差异，这可能是卧底的线索。同时，玩家2的描述也显示出与猫科动物特征的不一致，但玩家4的描述差异更为明显。因此，玩家4可能是卧底。
2024-12-13 15:01:08,017 - 4 - INFO - **********JUDGER**********
你刚刚的分析是根据上述分析，我们可以看到以下不一致之处：

1. 玩家1的描述与玩家4的描述存在明显差异。玩家1描述的是一种大型猫科动物，而玩家4描述的是一种猛禽。这两种动物不属于同一类。

2. 玩家2的描述提到的是猿类动物，具有长臂和灵活的手指，这与猫科动物的特征不符。

3. 玩家3的描述虽然提到了猫科动物的一些特征，如敏锐的感官和矫健身躯，但重点在于动物的沟通方式，这与玩家1和玩家2的描述相比，显得有些偏离。

综上所述，玩家4的描述与其他玩家的描述在动物类别和特征上存在最显著的差异，这可能是卧底的线索。同时，玩家2的描述也显示出与猫科动物特征的不一致，但玩家4的描述差异更为明显。因此，玩家4可能是卧底。|| 请通过你分析的不一致之处，推断卧底身份，注意，这局游戏的词语分类为<动物>，卧底词和平民词都属于该类。
2024-12-13 15:01:15,030 - 4 - INFO - **********PLAYER4**********
根据分析的不一致之处，我们可以推断卧底身份如下：

- 玩家1描述的是大型猫科动物，与老虎的特征相符。
- 玩家2描述的是具有长臂和灵活手指的猿类动物，这符合黑猩猩的特征。
- 玩家3描述的是具有敏锐感官和矫健身躯，以及独特沟通方式的猫科动物，这符合狮子的特征。
- 玩家4描述的是猛禽，具有强大的飞行能力和捕猎技巧，这与猫科动物不符，更像是鹰或老鹰等猛禽。

由于游戏中的词语分类为<动物>，且卧底词和平民词都属于该类，玩家4的描述与猫科动物的特征不一致，而是指向了猛禽，这表明玩家4的词语不是猫科动物，而是猛禽。因此，玩家4很可能是卧底。
2024-12-13 15:01:15,031 - 4 - INFO - **********JUDGER**********
你刚刚的推断是根据分析的不一致之处，我们可以推断卧底身份如下：

- 玩家1描述的是大型猫科动物，与老虎的特征相符。
- 玩家2描述的是具有长臂和灵活手指的猿类动物，这符合黑猩猩的特征。
- 玩家3描述的是具有敏锐感官和矫健身躯，以及独特沟通方式的猫科动物，这符合狮子的特征。
- 玩家4描述的是猛禽，具有强大的飞行能力和捕猎技巧，这与猫科动物不符，更像是鹰或老鹰等猛禽。

由于游戏中的词语分类为<动物>，且卧底词和平民词都属于该类，玩家4的描述与猫科动物的特征不一致，而是指向了猛禽，这表明玩家4的词语不是猫科动物，而是猛禽。因此，玩家4很可能是卧底。|| 基于你刚刚的推断得出你的最终结论，请输出你认为的卧底，在这种情况下只需要输出编号，是1-4中的某个数字，不要输出其他信息。在这个过程不要进行任何推理，只对||以前的部分进行信息提取
2024-12-13 15:01:15,674 - 4 - INFO - **********PLAYER4**********
4
2024-12-13 15:01:28,338 - 4 - INFO - **********JUDGER**********
玩家1说：这是一种大型猫科动物，拥有强大的捕猎本能。它在猫科动物中最显著的特征是它那独特的花纹和锋利的爪牙。这种动物是森林中的霸主，它的力量和速度在同类中无与伦比。它的皮毛色彩斑斓，不仅是美丽的装饰，也是对捕猎时的掩护。它的狩猎技巧高超，几乎从未失手。玩家2说：这种动物通常生活在森林中，善于攀爬和跳跃。它在同类中最显著的特点是长臂和灵活的手指，这使得它在抓握和搬运物体方面表现出色。这种动物以其社交性而著称，它们通常在群体中生活，共同觅食和保护领地。它们在森林中非常灵活，能够轻松地在树木间穿梭，善于利用环境来躲避天敌。它们的身体结构适应了这种生活方式，拥有强健的四肢和敏锐的听觉，这使得它们在森林中能够迅速而安静地移动。玩家3说：这种动物有着敏锐的感官和矫健的身躯。它在该类动物中最为特别的是其独特的沟通方式，能够发出多种复杂的声音。这种动物以其强大的力量和迅猛的速度著称，是森林中的顶级掠食者。它在同类中最为突出的特征是其强壮的颈部和宽阔的胸膛，这些特点使它能够进行剧烈的捕猎和战斗。此外，它的皮毛色彩斑斓，不仅美观，而且在狩猎时提供了良好的伪装。玩家4说：这是一种猛禽，拥有锋利的爪子和敏锐的视觉。它在同类中最特别的是它那强大的飞行能力和出色的捕猎技巧。你是第4号玩家，你的关键词是<老虎>。你的回答中绝对不能包含你的关键词<老虎>。这是第二轮描述，你之前的描述是这是一种猛禽，拥有锋利的爪子和敏锐的视觉。它在同类中最特别的是它那强大的飞行能力和出色的捕猎技巧。，注意，这局游戏的词语分类为<动物>，卧底词和平民词都属于该类，请你补充关于关键词的描述，注意，你的描述应该比起之前的描述更加贴近关键词，作为之前的补充
2024-12-13 15:01:32,956 - 4 - INFO - **********PLAYER4**********
这种动物是陆地上的霸主，它的力量和速度在同类中无与伦比。它拥有独特的条纹和锋利的爪牙，这不仅是对捕猎时的掩护，也是其强大的象征。它的皮毛色彩斑斓，既美观又实用，为它在森林中提供了良好的伪装。它的狩猎技巧高超，几乎从未失手，是森林中的顶级掠食者。
2024-12-13 15:02:44,828 - 4 - INFO - **********JUDGER**********
玩家1说：这是一种大型猫科动物，拥有强大的捕猎本能。它在猫科动物中最显著的特征是它那独特的花纹和锋利的爪牙。这种动物是森林中的霸主，它的力量和速度在同类中无与伦比。它的皮毛色彩斑斓，不仅是美丽的装饰，也是对捕猎时的掩护。它的狩猎技巧高超，几乎从未失手。玩家2说：这种动物通常生活在森林中，善于攀爬和跳跃。它在同类中最显著的特点是长臂和灵活的手指，这使得它在抓握和搬运物体方面表现出色。这种动物以其社交性而著称，它们通常在群体中生活，共同觅食和保护领地。它们在森林中非常灵活，能够轻松地在树木间穿梭，善于利用环境来躲避天敌。它们的身体结构适应了这种生活方式，拥有强健的四肢和敏锐的听觉，这使得它们在森林中能够迅速而安静地移动。玩家3说：这种动物有着敏锐的感官和矫健的身躯。它在该类动物中最为特别的是其独特的沟通方式，能够发出多种复杂的声音。这种动物以其强大的力量和迅猛的速度著称，是森林中的顶级掠食者。它在同类中最为突出的特征是其强壮的颈部和宽阔的胸膛，这些特点使它能够进行剧烈的捕猎和战斗。此外，它的皮毛色彩斑斓，不仅美观，而且在狩猎时提供了良好的伪装。玩家4说：这是一种猛禽，拥有锋利的爪子和敏锐的视觉。它在同类中最特别的是它那强大的飞行能力和出色的捕猎技巧。||在这个游戏中，我们需要通过分析每位玩家的描述来找出卧底。通常，平民的描述会围绕相同的词语展开，而卧底的描述可能会因为词语的不同而显得不太一致。我们需要仔细比较每个描述之间的相似性和差异性，以找出可能的卧底，注意，卧底并不会隐藏自己，他会直接描述他的词语，现在，逐一分析每个玩家的描述，注意，这局游戏的词语分类为<动物>，卧底词和平民词都属于该类。||之前是第2轮描述和之前轮数描述的合集。你之前认为的卧底是玩家4。
2024-12-13 15:03:04,859 - 4 - INFO - **********PLAYER4**********
根据第二轮描述和之前的描述，我之前的推断是玩家4可能是卧底。现在，让我们逐一分析每个玩家的描述：

- 玩家1的描述非常符合老虎的特征，强调了它的捕猎本能、花纹、力量、速度和皮毛的伪装作用。
- 玩家2的描述提到了生活在森林中、善于攀爬和跳跃、社交性、群体生活、灵活性和敏锐听觉的动物，这听起来像是猿类动物，尤其是黑猩猩。
- 玩家3的描述提到了敏锐的感官、矫健的身躯、独特的沟通方式、强大的力量、迅猛的速度、强壮的颈部和宽阔的胸膛，这更像是狮子的特征。
- 玩家4的描述在第一轮是猛禽，第二轮则没有直接描述老虎的特征，但提到了捕猎技巧和视觉，这仍然与猛禽的特征相符。

由于玩家1和玩家3的描述都高度集中在一种特定的动物上，并且没有提到猛禽的特征，而玩家4的描述始终没有明确指向老虎，因此，如果我们要基于描述的相似性和差异性来找出卧底，玩家4的描述与其他玩家描述的不一致之处最为明显。因此，基于这些信息，玩家4仍然是可能的卧底。
2024-12-13 15:03:04,861 - 4 - INFO - **********JUDGER**********
你刚刚的分析是根据第二轮描述和之前的描述，我之前的推断是玩家4可能是卧底。现在，让我们逐一分析每个玩家的描述：

- 玩家1的描述非常符合老虎的特征，强调了它的捕猎本能、花纹、力量、速度和皮毛的伪装作用。
- 玩家2的描述提到了生活在森林中、善于攀爬和跳跃、社交性、群体生活、灵活性和敏锐听觉的动物，这听起来像是猿类动物，尤其是黑猩猩。
- 玩家3的描述提到了敏锐的感官、矫健的身躯、独特的沟通方式、强大的力量、迅猛的速度、强壮的颈部和宽阔的胸膛，这更像是狮子的特征。
- 玩家4的描述在第一轮是猛禽，第二轮则没有直接描述老虎的特征，但提到了捕猎技巧和视觉，这仍然与猛禽的特征相符。

由于玩家1和玩家3的描述都高度集中在一种特定的动物上，并且没有提到猛禽的特征，而玩家4的描述始终没有明确指向老虎，因此，如果我们要基于描述的相似性和差异性来找出卧底，玩家4的描述与其他玩家描述的不一致之处最为明显。因此，基于这些信息，玩家4仍然是可能的卧底。|| `请根据上述分析，比较描述以找出不一致之处，注意，这局游戏的词语分类为<动物>，卧底词和平民词都属于该类。
2024-12-13 15:03:17,240 - 4 - INFO - **********PLAYER4**********
根据上述分析，以下是不一致之处：

1. 玩家1的描述集中在老虎的特征上，包括捕猎本能、花纹、力量、速度和皮毛的伪装作用，这与猛禽的特征不符。

2. 玩家2的描述描述了一种生活在森林中、善于攀爬和跳跃、具有社交性的动物，这些特征更符合猿类动物，如黑猩猩，而不是猛禽。

3. 玩家3的描述强调了动物的力量、速度、沟通方式和身体结构，这些特征与狮子相符，而不是猛禽。

4. 玩家4的描述在第一轮提到猛禽，第二轮提到捕猎技巧和视觉，但没有提到老虎的特征，这与其他玩家描述的猫科动物特征不符。

不一致之处在于玩家4的描述始终没有指向老虎，而是提到了猛禽的特征，而其他玩家的描述都集中在猫科动物上，特别是老虎和狮子。这表明玩家4的描述与其他玩家描述的动物类别不一致，因此存在不一致之处。
2024-12-13 15:03:17,241 - 4 - INFO - **********JUDGER**********
你刚刚的分析是根据上述分析，以下是不一致之处：

1. 玩家1的描述集中在老虎的特征上，包括捕猎本能、花纹、力量、速度和皮毛的伪装作用，这与猛禽的特征不符。

2. 玩家2的描述描述了一种生活在森林中、善于攀爬和跳跃、具有社交性的动物，这些特征更符合猿类动物，如黑猩猩，而不是猛禽。

3. 玩家3的描述强调了动物的力量、速度、沟通方式和身体结构，这些特征与狮子相符，而不是猛禽。

4. 玩家4的描述在第一轮提到猛禽，第二轮提到捕猎技巧和视觉，但没有提到老虎的特征，这与其他玩家描述的猫科动物特征不符。

不一致之处在于玩家4的描述始终没有指向老虎，而是提到了猛禽的特征，而其他玩家的描述都集中在猫科动物上，特别是老虎和狮子。这表明玩家4的描述与其他玩家描述的动物类别不一致，因此存在不一致之处。|| 请通过你分析的不一致之处，推断卧底身份，注意，这局游戏的词语分类为<动物>，卧底词和平民词都属于该类。
2024-12-13 15:03:33,396 - 4 - INFO - **********PLAYER4**********
基于分析的不一致之处，我们可以推断卧底身份如下：

由于游戏中的词语分类为<动物>，且卧底词和平民词都属于该类，而玩家4的描述始终没有明确指向老虎（即猫科动物），而是提到了猛禽的特征，这与其他玩家描述的猫科动物（老虎和狮子）不符。

因此，根据描述的不一致性，玩家4很可能是卧底。
2024-12-13 15:03:33,398 - 4 - INFO - **********JUDGER**********
你刚刚的推断是基于分析的不一致之处，我们可以推断卧底身份如下：

由于游戏中的词语分类为<动物>，且卧底词和平民词都属于该类，而玩家4的描述始终没有明确指向老虎（即猫科动物），而是提到了猛禽的特征，这与其他玩家描述的猫科动物（老虎和狮子）不符。

因此，根据描述的不一致性，玩家4很可能是卧底。|| 基于你刚刚的推断得出你的最终结论，请输出你认为的卧底，在这种情况下只需要输出编号，是1-4中的某个数字，不要输出其他信息。在这个过程不要进行任何推理，只对||以前的部分进行信息提取
2024-12-13 15:03:36,826 - 4 - INFO - **********PLAYER4**********
4
2024-12-13 15:04:08,393 - 4 - INFO - **********JUDGER**********
玩家1说：这是一种大型猫科动物，拥有强大的捕猎本能。它在猫科动物中最显著的特征是它那独特的花纹和锋利的爪牙。这种动物是森林中的霸主，它的力量和速度在同类中无与伦比。它的皮毛色彩斑斓，不仅是美丽的装饰，也是对捕猎时的掩护。它的狩猎技巧高超，几乎从未失手。这种动物是猫科中的巨兽，它的体型庞大，威猛无比。它的爪子和牙齿是捕猎的利器，它的力量和速度使其在森林中几乎没有对手。它的皮毛呈现出独特的图案，既美观又能够帮助它在猎物面前隐蔽。它在捕猎时展现出极高的智慧和耐心，是森林中的顶级掠食者。玩家2说：这种动物通常生活在森林中，善于攀爬和跳跃。它在同类中最显著的特点是长臂和灵活的手指，这使得它在抓握和搬运物体方面表现出色。这种动物以其社交性而著称，它们通常在群体中生活，共同觅食和保护领地。它们在森林中非常灵活，能够轻松地在树木间穿梭，善于利用环境来躲避天敌。它们的身体结构适应了这种生活方式，拥有强健的四肢和敏锐的听觉，这使得它们在森林中能够迅速而安静地移动。这种动物以其智慧和好奇心而闻名，它们在森林中能够迅速适应环境变化。它们通常在树冠层活动，善于利用树枝作为工具，进行攀爬和跳跃。这种动物在群体中有着复杂的社会结构，它们通过声音和肢体语言进行沟通，共同抚养后代。它们在觅食时非常谨慎，善于观察和等待，以便捕捉到合适的猎物。玩家3说：这种动物有着敏锐的感官和矫健的身躯。它在该类动物中最为特别的是其独特的沟通方式，能够发出多种复杂的声音。这种动物以其强大的力量和迅猛的速度著称，是森林中的顶级掠食者。它在同类中最为突出的特征是其强壮的颈部和宽阔的胸膛，这些特点使它能够进行剧烈的捕猎和战斗。此外，它的皮毛色彩斑斓，不仅美观，而且在狩猎时提供了良好的伪装。这种动物以其卓越的耐力和耐力著称，能够在极端的环境中生存。它拥有出色的领地意识，经常通过留下气味标记来界定自己的领地。它的身体结构适应了长时间的运动和潜伏，使其在捕猎时能够悄无声息地接近猎物。此外，它的爪子和牙齿不仅是捕猎的工具，也是保护自己的武器。玩家4说：这是一种猛禽，拥有锋利的爪子和敏锐的视觉。它在同类中最特别的是它那强大的飞行能力和出色的捕猎技巧。这种动物是陆地上的霸主，它的力量和速度在同类中无与伦比。它拥有独特的条纹和锋利的爪牙，这不仅是对捕猎时的掩护，也是其强大的象征。它的皮毛色彩斑斓，既美观又实用，为它在森林中提供了良好的伪装。它的狩猎技巧高超，几乎从未失手，是森林中的顶级掠食者。你是第4号玩家，你的关键词是<老虎>。你的回答中绝对不能包含你的关键词<老虎>。这是第三轮描述，你之前的描述是这是一种猛禽，拥有锋利的爪子和敏锐的视觉。它在同类中最特别的是它那强大的飞行能力和出色的捕猎技巧。和这种动物是陆地上的霸主，它的力量和速度在同类中无与伦比。它拥有独特的条纹和锋利的爪牙，这不仅是对捕猎时的掩护，也是其强大的象征。它的皮毛色彩斑斓，既美观又实用，为它在森林中提供了良好的伪装。它的狩猎技巧高超，几乎从未失手，是森林中的顶级掠食者。，注意，这局游戏的词语分类为<动物>，卧底词和平民词都属于该类，请你补充关于关键词的描述，注意，你的描述应该比起之前的描述更加贴近关键词，作为之前的补充
2024-12-13 15:04:19,031 - 4 - INFO - **********PLAYER4**********
这种动物是森林的霸主，以其强大的力量和迅猛的速度著称。它拥有独特的条纹和锋利的爪牙，这些不仅是对捕猎时的掩护，也是其强大的象征。它的皮毛色彩斑斓，既美观又实用，为它在森林中提供了良好的伪装。它的狩猎技巧高超，几乎从未失手，是森林中的顶级掠食者。它的体型庞大，威猛无比，爪子和牙齿是捕猎的利器。它在捕猎时展现出极高的智慧和耐心，几乎在森林中没有对手。
2024-12-13 15:05:46,945 - 4 - INFO - **********JUDGER**********
玩家1说：这是一种大型猫科动物，拥有强大的捕猎本能。它在猫科动物中最显著的特征是它那独特的花纹和锋利的爪牙。这种动物是森林中的霸主，它的力量和速度在同类中无与伦比。它的皮毛色彩斑斓，不仅是美丽的装饰，也是对捕猎时的掩护。它的狩猎技巧高超，几乎从未失手。这种动物是猫科中的巨兽，它的体型庞大，威猛无比。它的爪子和牙齿是捕猎的利器，它的力量和速度使其在森林中几乎没有对手。它的皮毛呈现出独特的图案，既美观又能够帮助它在猎物面前隐蔽。它在捕猎时展现出极高的智慧和耐心，是森林中的顶级掠食者。玩家2说：这种动物通常生活在森林中，善于攀爬和跳跃。它在同类中最显著的特点是长臂和灵活的手指，这使得它在抓握和搬运物体方面表现出色。这种动物以其社交性而著称，它们通常在群体中生活，共同觅食和保护领地。它们在森林中非常灵活，能够轻松地在树木间穿梭，善于利用环境来躲避天敌。它们的身体结构适应了这种生活方式，拥有强健的四肢和敏锐的听觉，这使得它们在森林中能够迅速而安静地移动。这种动物以其智慧和好奇心而闻名，它们在森林中能够迅速适应环境变化。它们通常在树冠层活动，善于利用树枝作为工具，进行攀爬和跳跃。这种动物在群体中有着复杂的社会结构，它们通过声音和肢体语言进行沟通，共同抚养后代。它们在觅食时非常谨慎，善于观察和等待，以便捕捉到合适的猎物。玩家3说：这种动物有着敏锐的感官和矫健的身躯。它在该类动物中最为特别的是其独特的沟通方式，能够发出多种复杂的声音。这种动物以其强大的力量和迅猛的速度著称，是森林中的顶级掠食者。它在同类中最为突出的特征是其强壮的颈部和宽阔的胸膛，这些特点使它能够进行剧烈的捕猎和战斗。此外，它的皮毛色彩斑斓，不仅美观，而且在狩猎时提供了良好的伪装。这种动物以其卓越的耐力和耐力著称，能够在极端的环境中生存。它拥有出色的领地意识，经常通过留下气味标记来界定自己的领地。它的身体结构适应了长时间的运动和潜伏，使其在捕猎时能够悄无声息地接近猎物。此外，它的爪子和牙齿不仅是捕猎的工具，也是保护自己的武器。玩家4说：这是一种猛禽，拥有锋利的爪子和敏锐的视觉。它在同类中最特别的是它那强大的飞行能力和出色的捕猎技巧。这种动物是陆地上的霸主，它的力量和速度在同类中无与伦比。它拥有独特的条纹和锋利的爪牙，这不仅是对捕猎时的掩护，也是其强大的象征。它的皮毛色彩斑斓，既美观又实用，为它在森林中提供了良好的伪装。它的狩猎技巧高超，几乎从未失手，是森林中的顶级掠食者。这种动物是森林的霸主，以其强大的力量和迅猛的速度著称。它拥有独特的条纹和锋利的爪牙，这些不仅是对捕猎时的掩护，也是其强大的象征。它的皮毛色彩斑斓，既美观又实用，为它在森林中提供了良好的伪装。它的狩猎技巧高超，几乎从未失手，是森林中的顶级掠食者。它的体型庞大，威猛无比，爪子和牙齿是捕猎的利器。它在捕猎时展现出极高的智慧和耐心，几乎在森林中没有对手。||在这个游戏中，我们需要通过分析每位玩家的描述来找出卧底。通常，平民的描述会围绕相同的词语展开，而卧底的描述可能会因为词语的不同而显得不太一致。我们需要仔细比较每个描述之间的相似性和差异性，以找出可能的卧底，注意，卧底并不会隐藏自己，他会直接描述他的词语，现在，逐一分析每个玩家的描述，注意，这局游戏的词语分类为<动物>，卧底词和平民词都属于该类。||之前是第3轮描述和之前轮数描述的合集。你之前认为的卧底是玩家4。
2024-12-13 15:09:37,173 - 4 - INFO - **********PLAYER4**********
根据第三轮描述和之前的描述，我之前的推断是玩家4可能是卧底。现在，让我们逐一分析每个玩家的描述：

- 玩家1的描述非常详细地描述了一种大型猫科动物，强调了其捕猎本能、花纹、力量、速度和皮毛的伪装作用，以及其在森林中的霸主地位。

- 玩家2的描述提到了一种生活在森林中、善于攀爬和跳跃的动物，具有长臂和灵活的手指，这些特征与猿类动物相符，尤其是黑
2024-12-13 15:09:37,176 - 4 - INFO - **********JUDGER**********
你刚刚的分析是根据第三轮描述和之前的描述，我之前的推断是玩家4可能是卧底。现在，让我们逐一分析每个玩家的描述：

- 玩家1的描述非常详细地描述了一种大型猫科动物，强调了其捕猎本能、花纹、力量、速度和皮毛的伪装作用，以及其在森林中的霸主地位。

- 玩家2的描述提到了一种生活在森林中、善于攀爬和跳跃的动物，具有长臂和灵活的手指，这些特征与猿类动物相符，尤其是黑|| `请根据上述分析，比较描述以找出不一致之处，注意，这局游戏的词语分类为<动物>，卧底词和平民词都属于该类。
2024-12-13 15:09:51,249 - 4 - INFO - **********PLAYER4**********
根据上述分析，以下是不一致之处：

- 玩家1的描述和玩家4的描述都提到了大型猫科动物的特征，如力量、速度、花纹、爪牙和皮毛的伪装作用。然而，玩家1的描述中强调了这种动物是森林中的霸主，而玩家4的描述中则提到了这种动物是陆地上的霸主，并且强调了其飞行能力和捕猎技巧，这与猫科动物的特征不符。

- 玩家2的描述与玩家4的描述存在显著差异。玩家2描述的动物具有长臂、灵活的手指，善于攀爬和跳跃，这更像是猿类动物的特征。而玩家4的描述中提到的猛禽并不具备这些特征。

- 玩家3的描述虽然也提到了动物的力量、速度和皮毛的伪装作用，但他描述的是一种具有独特沟通方式、强壮颈部和宽阔胸膛的动物，这些特征更符合狮子的特征，而不是猛禽。

综上所述，玩家4的描述与其他玩家的描述在动物类别和特征上存在最显著的差异，特别是与玩家1和玩家2的描述不符，因此玩家4的描述与其他玩家的描述不一致。
2024-12-13 15:09:51,250 - 4 - INFO - **********JUDGER**********
你刚刚的分析是根据上述分析，以下是不一致之处：

- 玩家1的描述和玩家4的描述都提到了大型猫科动物的特征，如力量、速度、花纹、爪牙和皮毛的伪装作用。然而，玩家1的描述中强调了这种动物是森林中的霸主，而玩家4的描述中则提到了这种动物是陆地上的霸主，并且强调了其飞行能力和捕猎技巧，这与猫科动物的特征不符。

- 玩家2的描述与玩家4的描述存在显著差异。玩家2描述的动物具有长臂、灵活的手指，善于攀爬和跳跃，这更像是猿类动物的特征。而玩家4的描述中提到的猛禽并不具备这些特征。

- 玩家3的描述虽然也提到了动物的力量、速度和皮毛的伪装作用，但他描述的是一种具有独特沟通方式、强壮颈部和宽阔胸膛的动物，这些特征更符合狮子的特征，而不是猛禽。

综上所述，玩家4的描述与其他玩家的描述在动物类别和特征上存在最显著的差异，特别是与玩家1和玩家2的描述不符，因此玩家4的描述与其他玩家的描述不一致。|| 请通过你分析的不一致之处，推断卧底身份，注意，这局游戏的词语分类为<动物>，卧底词和平民词都属于该类。
2024-12-13 15:10:04,141 - 4 - INFO - **********PLAYER4**********
根据分析的不一致之处，可以推断卧底身份如下：

- 玩家4的描述与玩家1和玩家2的描述存在显著差异，因为他描述的是一种猛禽，而玩家1描述的是一种大型猫科动物（可能是老虎），玩家2描述的是一种猿类动物（可能是黑猩猩）。

- 玩家3的描述虽然也提到了力量、速度和皮毛的伪装作用，但他描述的是具有独特沟通方式、强壮颈部和宽阔胸膛的动物，这些特征更符合狮子的特征。

由于游戏中的词语分类为<动物>，且卧底词和平民词都属于该类，而玩家4的描述与猫科动物和猿类动物的特征都不相符，因此，玩家4很可能是卧底。
2024-12-13 15:10:04,142 - 4 - INFO - **********JUDGER**********
你刚刚的推断是根据分析的不一致之处，可以推断卧底身份如下：

- 玩家4的描述与玩家1和玩家2的描述存在显著差异，因为他描述的是一种猛禽，而玩家1描述的是一种大型猫科动物（可能是老虎），玩家2描述的是一种猿类动物（可能是黑猩猩）。

- 玩家3的描述虽然也提到了力量、速度和皮毛的伪装作用，但他描述的是具有独特沟通方式、强壮颈部和宽阔胸膛的动物，这些特征更符合狮子的特征。

由于游戏中的词语分类为<动物>，且卧底词和平民词都属于该类，而玩家4的描述与猫科动物和猿类动物的特征都不相符，因此，玩家4很可能是卧底。|| 基于你刚刚的推断得出你的最终结论，请输出你认为的卧底，在这种情况下只需要输出编号，是1-4中的某个数字，不要输出其他信息。在这个过程不要进行任何推理，只对||以前的部分进行信息提取
2024-12-13 15:10:05,862 - 4 - INFO - **********PLAYER4**********
4
2024-12-13 15:10:05,863 - 4 - INFO - **********JUDGER**********
你认为卧底是你自己。你现在需要随便选一个人投票。请输出一个数字，是1-4中的某个数字，但这个数字不能是4，不要输出其他信息。
2024-12-13 15:10:08,264 - 4 - INFO - **********PLAYER4**********
1
