2024-12-12 21:30:59,092 - 1 - INFO - **********JUDGER**********
让我们来玩一个叫做<谁是卧底>的推理游戏。基本规则：<人数>：4人。<角色分配>：每位玩家随机抽取一个词语，3名玩家拿到的词语是相同的（平民词），1名玩家拿到与之相近但不同的词语（卧底词）。<游戏流程>：1、玩家轮流描述自己的词语，但<不能>直接说出词语本身。2、描述完毕后，投票选出最像卧底的玩家。3、每轮结束后，被投票选出的玩家出局，不能再进行描述或投票。4、每轮投票结束后，如果卧底被成功找出，平民方获胜；如果卧底未被找出且卧底人数等于或超过平民人数，则卧底方获胜。你将扮演一个<玩家>，请等待你被分配到的关键词。如果你听懂了，只回答，"好的，我准备好参加游戏了"，不要输出别的信息
2024-12-12 21:31:00,138 - 1 - INFO - **********PLAYER1**********
好的，我准备好参加游戏了
2024-12-12 21:31:03,571 - 1 - INFO - **********JUDGER**********
玩家1说：玩家2说：玩家3说：玩家4说：|| 你是第1号玩家，你的关键词是<篮球>。你的回答中绝对不能包含你的关键词<篮球>。这是第一轮描述，不需要分析||之前别的玩家的描述，请你描述关键词基本特征，注意，这局游戏的词语分类为<体育用品>，卧底词和平民词都属于该类，描述包括以下两点，1.他的基本特征是什么2.他在该类（体育用品）中最突出不同的特征是什么，尽量简短
2024-12-12 21:31:05,164 - 1 - INFO - **********PLAYER1**********
它是一种圆形的球体，通常用于各种球类运动。它在该类中最突出的不同特征可能是它的材质和尺寸，以及它通常与特定的运动紧密相关。
2024-12-12 21:31:08,526 - 1 - INFO - **********JUDGER**********
玩家1说：它是一种圆形的球体，通常用于各种球类运动。它在该类中最突出的不同特征可能是它的材质和尺寸，以及它通常与特定的运动紧密相关。玩家2说：它是一种圆滑的物品，通常用于竞技运动。它的尺寸标准，材质多样，是许多运动中不可或缺的配件。相较于其他球类，它在材质和设计上可能更为专业。玩家3说：它是一个用于各种运动的圆形物品，具有标准尺寸和材质。在体育用品类中，它的不同之处在于其通常与特定运动紧密相关，并且在材质和设计上可能更为专业。玩家4说：||在这个游戏中，我们需要通过分析每位玩家的描述来找出卧底。通常，平民的描述会围绕相同的词语展开，而卧底的描述可能会因为词语的不同而显得不太一致。我们需要仔细比较每个描述之间的相似性和差异性，以找出可能的卧底，注意，卧底并不会隐藏自己，他会直接描述他的词语，现在，逐一分析每个玩家的描述，注意，这局游戏的词语分类为<体育用品>，卧底词和平民词都属于该类。这是第一轮描述。
2024-12-12 21:31:14,816 - 1 - INFO - **********PLAYER1**********
好的，我理解了游戏规则和描述分析的要求。现在，我将根据其他玩家的描述来推测可能的卧底。

玩家1的描述提到了球体、用于球类运动、材质和尺寸，这与篮球的描述相符。

玩家2的描述也提到了球体、竞技运动、标准尺寸、材质多样和专业设计，这同样符合篮球的特征。

玩家3的描述与玩家1和玩家2的描述类似，强调了球体、标准尺寸、材质、专业设计和特定运动的相关性，这也是篮球的特点。

玩家4的描述则是一个分析性的陈述，他提到了游戏规则和描述分析的方法，并没有直接描述任何具体的特征。这表明玩家4可能是在引导大家如何分析描述，而不是在描述一个具体的词语。

基于以上分析，如果我的关键词是篮球，那么玩家4的描述可能是卧底的特征，因为他没有提供关于篮球的具体信息，而是提供了关于游戏分析的提示。然而，如果我的关键词确实是篮球，那么玩家4可能是平民，因为他没有提供任何与篮球不一致的信息。

因此，如果我是卧底，我可能会怀疑玩家4，因为他没有给出具体的描述。但如果我是平民，我可能会认为其他三个玩家的描述都非常一致，没有明显的不同之处。所以，根据这些信息，玩家4可能是卧底。
2024-12-12 21:31:14,817 - 1 - INFO - **********JUDGER**********
你刚刚的分析是好的，我理解了游戏规则和描述分析的要求。现在，我将根据其他玩家的描述来推测可能的卧底。

玩家1的描述提到了球体、用于球类运动、材质和尺寸，这与篮球的描述相符。

玩家2的描述也提到了球体、竞技运动、标准尺寸、材质多样和专业设计，这同样符合篮球的特征。

玩家3的描述与玩家1和玩家2的描述类似，强调了球体、标准尺寸、材质、专业设计和特定运动的相关性，这也是篮球的特点。

玩家4的描述则是一个分析性的陈述，他提到了游戏规则和描述分析的方法，并没有直接描述任何具体的特征。这表明玩家4可能是在引导大家如何分析描述，而不是在描述一个具体的词语。

基于以上分析，如果我的关键词是篮球，那么玩家4的描述可能是卧底的特征，因为他没有提供关于篮球的具体信息，而是提供了关于游戏分析的提示。然而，如果我的关键词确实是篮球，那么玩家4可能是平民，因为他没有提供任何与篮球不一致的信息。

因此，如果我是卧底，我可能会怀疑玩家4，因为他没有给出具体的描述。但如果我是平民，我可能会认为其他三个玩家的描述都非常一致，没有明显的不同之处。所以，根据这些信息，玩家4可能是卧底。|| `请根据上述分析，比较描述以找出不一致之处，注意，这局游戏的词语分类为<体育用品>，卧底词和平民词都属于该类。
2024-12-12 21:31:23,684 - 1 - INFO - **********PLAYER1**********
根据上述分析，我们可以比较每个玩家的描述，寻找不一致之处：

1. 玩家1、玩家2和玩家3的描述都集中在球体、尺寸、材质和专业设计上，这些都是篮球的典型特征。

2. 玩家4的描述则侧重于游戏规则和描述分析的方法，并没有提供关于篮球或其他体育用品的具体信息。

不一致之处在于玩家4的描述与篮球或其他体育用品的具体特征无关，而是提供了一个关于如何进行游戏分析的框架。这与其他三个玩家围绕篮球特征的描述形成了对比。

因此，如果我们要找出不一致之处，玩家4的描述可能是关键点。他的描述没有直接参与到体育用品的具体特征讨论中，这可能表明他持有与篮球不同的词语，即他可能是卧底。而玩家1、玩家2和玩家3的描述一致，强化了他们可能是持有相同平民词语的可能性。

综上所述，玩家4的描述与其他玩家的描述不一致，这可能表明他是卧底。
2024-12-12 21:31:23,684 - 1 - INFO - **********JUDGER**********
你刚刚的分析是根据上述分析，我们可以比较每个玩家的描述，寻找不一致之处：

1. 玩家1、玩家2和玩家3的描述都集中在球体、尺寸、材质和专业设计上，这些都是篮球的典型特征。

2. 玩家4的描述则侧重于游戏规则和描述分析的方法，并没有提供关于篮球或其他体育用品的具体信息。

不一致之处在于玩家4的描述与篮球或其他体育用品的具体特征无关，而是提供了一个关于如何进行游戏分析的框架。这与其他三个玩家围绕篮球特征的描述形成了对比。

因此，如果我们要找出不一致之处，玩家4的描述可能是关键点。他的描述没有直接参与到体育用品的具体特征讨论中，这可能表明他持有与篮球不同的词语，即他可能是卧底。而玩家1、玩家2和玩家3的描述一致，强化了他们可能是持有相同平民词语的可能性。

综上所述，玩家4的描述与其他玩家的描述不一致，这可能表明他是卧底。|| 请通过你分析的不一致之处，推断卧底身份，注意，这局游戏的词语分类为<体育用品>，卧底词和平民词都属于该类。
2024-12-12 21:31:27,647 - 1 - INFO - **********PLAYER1**********
根据分析中提到的不一致之处，玩家4的描述没有涉及到体育用品的具体特征，而是提供了关于游戏分析的指导。这与其他玩家描述的篮球特征形成了鲜明对比。

考虑到游戏的词语分类为<体育用品>，且卧底词和平民词都属于该类，我们可以推断玩家4可能是卧底，因为他没有提供任何关于体育用品的具体描述，这与他可能是平民持有相同词语的假设不符。

因此，基于描述的不一致性和游戏规则，玩家4的身份很可能是卧底。他的词语可能是与篮球不同的另一种体育用品，或者是与篮球不直接相关的体育用品，从而使得他的描述与平民玩家们的描述不一致。
2024-12-12 21:31:27,648 - 1 - INFO - **********JUDGER**********
你刚刚的推断是根据分析中提到的不一致之处，玩家4的描述没有涉及到体育用品的具体特征，而是提供了关于游戏分析的指导。这与其他玩家描述的篮球特征形成了鲜明对比。

考虑到游戏的词语分类为<体育用品>，且卧底词和平民词都属于该类，我们可以推断玩家4可能是卧底，因为他没有提供任何关于体育用品的具体描述，这与他可能是平民持有相同词语的假设不符。

因此，基于描述的不一致性和游戏规则，玩家4的身份很可能是卧底。他的词语可能是与篮球不同的另一种体育用品，或者是与篮球不直接相关的体育用品，从而使得他的描述与平民玩家们的描述不一致。|| 基于你刚刚的推断得出你的最终结论，请输出你认为的卧底，在这种情况下只需要输出编号，是1-4中的某个数字，不要输出其他信息。在这个过程不要进行任何推理，只对||以前的部分进行信息提取
2024-12-12 21:31:28,123 - 1 - INFO - **********PLAYER1**********
4
2024-12-12 21:32:25,506 - 1 - INFO - **********JUDGER**********
玩家1说：它是一种圆形的球体，通常用于各种球类运动。它在该类中最突出的不同特征可能是它的材质和尺寸，以及它通常与特定的运动紧密相关。玩家2说：它是一种圆滑的物品，通常用于竞技运动。它的尺寸标准，材质多样，是许多运动中不可或缺的配件。相较于其他球类，它在材质和设计上可能更为专业。玩家3说：它是一个用于各种运动的圆形物品，具有标准尺寸和材质。在体育用品类中，它的不同之处在于其通常与特定运动紧密相关，并且在材质和设计上可能更为专业。玩家4说：它是一种圆形的物品，用于竞技，有标准尺寸，材质多样。与其他球类相比，它在设计和材质上可能更注重专业性和运动特性。你是第1号玩家，你的关键词是<篮球>。你的回答中绝对不能包含你的关键词<篮球>。这是第二轮描述，你之前的描述是它是一种圆形的球体，通常用于各种球类运动。它在该类中最突出的不同特征可能是它的材质和尺寸，以及它通常与特定的运动紧密相关。，注意，这局游戏的词语分类为<体育用品>，卧底词和平民词都属于该类，请你补充关于关键词的描述，注意，你的描述应该比起之前的描述更加贴近关键词，作为之前的补充
2024-12-12 21:32:27,067 - 1 - INFO - **********PLAYER1**********
它是一种标准的圆形物体，主要用于一项特定的竞技运动。这个物体的设计充分考虑了运动性能，其材质通常比其他球类更为耐用和适合高速运动。
2024-12-12 21:32:35,644 - 1 - INFO - **********JUDGER**********
玩家1说：它是一种圆形的球体，通常用于各种球类运动。它在该类中最突出的不同特征可能是它的材质和尺寸，以及它通常与特定的运动紧密相关。它是一种标准的圆形物体，主要用于一项特定的竞技运动。这个物体的设计充分考虑了运动性能，其材质通常比其他球类更为耐用和适合高速运动。玩家2说：它是一种圆滑的物品，通常用于竞技运动。它的尺寸标准，材质多样，是许多运动中不可或缺的配件。相较于其他球类，它在材质和设计上可能更为专业。它是一种球体，用于一项团队竞技运动。这个球体的材质轻便且弹性好，适合在空中飞行和被击打。它的表面处理特殊，有助于球员更好地控制球的方向和速度。在所有球类中，它可能因为其独特的表面和重量而显得与众不同。玩家3说：它是一个用于各种运动的圆形物品，具有标准尺寸和材质。在体育用品类中，它的不同之处在于其通常与特定运动紧密相关，并且在材质和设计上可能更为专业。它是一种直径约为24厘米的球体，表面通常具有网状纹理，材质坚固耐用，专为在硬木地板上滚动设计。这个球体的重量适中，便于球员控制，且其设计考虑到了在运动中的稳定性和耐久性。在体育用品中，它的独特之处在于其与一项特定运动――一项涉及团队协作和球技的运动――的紧密联系。玩家4说：它是一种圆形的物品，用于竞技，有标准尺寸，材质多样。与其他球类相比，它在设计和材质上可能更注重专业性和运动特性。||在这个游戏中，我们需要通过分析每位玩家的描述来找出卧底。通常，平民的描述会围绕相同的词语展开，而卧底的描述可能会因为词语的不同而显得不太一致。我们需要仔细比较每个描述之间的相似性和差异性，以找出可能的卧底，注意，卧底并不会隐藏自己，他会直接描述他的词语，现在，逐一分析每个玩家的描述，注意，这局游戏的词语分类为<体育用品>，卧底词和平民词都属于该类。||之前是第2轮描述和之前轮数描述的合集。你之前认为的卧底是玩家4。
2024-12-12 21:32:36,171 - 1 - INFO - **********PLAYER1**********
4
2024-12-12 21:32:36,171 - 1 - INFO - **********JUDGER**********
你刚刚的分析是4|| `请根据上述分析，比较描述以找出不一致之处，注意，这局游戏的词语分类为<体育用品>，卧底词和平民词都属于该类。
2024-12-12 21:32:52,181 - 1 - INFO - **********PLAYER1**********
根据上述分析，我们来比较每个玩家的描述，寻找不一致之处：

1. 玩家1的描述强调了篮球的材质、尺寸和与特定运动的紧密相关性，以及其在球类运动中的独特性。

2. 玩家2的描述提到了球体的圆滑性、标准尺寸、材质多样、专业设计、轻便弹性、特殊表面处理，以及其在空中飞行和被击打时的特性。

3. 玩家3的描述提到了球体的标准尺寸、网状纹理、坚固耐用、适中重量、滚动设计、稳定性和耐久性，以及其与特定运动（涉及团队协作和球技）的紧密联系。

4. 玩家4的描述提到了球体的圆形、标准尺寸、材质多样、专业性和运动特性。

不一致之处在于：

- 玩家2和玩家4的描述都提到了球体的材质多样和专业性，但没有提及尺寸和特定运动的紧密相关性。
- 玩家3的描述详细提到了球体的尺寸、材质、纹理、重量、滚动设计、稳定性和耐久性，以及与特定运动的联系，这与玩家1和玩家2的描述有所不同。
- 玩家4的描述相对简略，没有提到材质、尺寸、专业设计、滚动设计等具体特征。

基于这些差异，玩家4的描述似乎与其他玩家的描述不太一致，特别是在详细特征和与特定运动的相关性上。因此，玩家4的描述可能是卧底的不一致之处。
2024-12-12 21:32:52,182 - 1 - INFO - **********JUDGER**********
你刚刚的分析是根据上述分析，我们来比较每个玩家的描述，寻找不一致之处：

1. 玩家1的描述强调了篮球的材质、尺寸和与特定运动的紧密相关性，以及其在球类运动中的独特性。

2. 玩家2的描述提到了球体的圆滑性、标准尺寸、材质多样、专业设计、轻便弹性、特殊表面处理，以及其在空中飞行和被击打时的特性。

3. 玩家3的描述提到了球体的标准尺寸、网状纹理、坚固耐用、适中重量、滚动设计、稳定性和耐久性，以及其与特定运动（涉及团队协作和球技）的紧密联系。

4. 玩家4的描述提到了球体的圆形、标准尺寸、材质多样、专业性和运动特性。

不一致之处在于：

- 玩家2和玩家4的描述都提到了球体的材质多样和专业性，但没有提及尺寸和特定运动的紧密相关性。
- 玩家3的描述详细提到了球体的尺寸、材质、纹理、重量、滚动设计、稳定性和耐久性，以及与特定运动的联系，这与玩家1和玩家2的描述有所不同。
- 玩家4的描述相对简略，没有提到材质、尺寸、专业设计、滚动设计等具体特征。

基于这些差异，玩家4的描述似乎与其他玩家的描述不太一致，特别是在详细特征和与特定运动的相关性上。因此，玩家4的描述可能是卧底的不一致之处。|| 请通过你分析的不一致之处，推断卧底身份，注意，这局游戏的词语分类为<体育用品>，卧底词和平民词都属于该类。
2024-12-12 21:32:52,891 - 1 - INFO - **********PLAYER1**********
4
2024-12-12 21:32:52,891 - 1 - INFO - **********JUDGER**********
你刚刚的推断是4|| 基于你刚刚的推断得出你的最终结论，请输出你认为的卧底，在这种情况下只需要输出编号，是1-4中的某个数字，不要输出其他信息。在这个过程不要进行任何推理，只对||以前的部分进行信息提取
2024-12-12 21:32:53,489 - 1 - INFO - **********PLAYER1**********
4
2024-12-12 21:33:57,116 - 1 - INFO - **********JUDGER**********
玩家1说：它是一种圆形的球体，通常用于各种球类运动。它在该类中最突出的不同特征可能是它的材质和尺寸，以及它通常与特定的运动紧密相关。它是一种标准的圆形物体，主要用于一项特定的竞技运动。这个物体的设计充分考虑了运动性能，其材质通常比其他球类更为耐用和适合高速运动。玩家2说：它是一种圆滑的物品，通常用于竞技运动。它的尺寸标准，材质多样，是许多运动中不可或缺的配件。相较于其他球类，它在材质和设计上可能更为专业。它是一种球体，用于一项团队竞技运动。这个球体的材质轻便且弹性好，适合在空中飞行和被击打。它的表面处理特殊，有助于球员更好地控制球的方向和速度。在所有球类中，它可能因为其独特的表面和重量而显得与众不同。玩家3说：它是一个用于各种运动的圆形物品，具有标准尺寸和材质。在体育用品类中，它的不同之处在于其通常与特定运动紧密相关，并且在材质和设计上可能更为专业。它是一种直径约为24厘米的球体，表面通常具有网状纹理，材质坚固耐用，专为在硬木地板上滚动设计。这个球体的重量适中，便于球员控制，且其设计考虑到了在运动中的稳定性和耐久性。在体育用品中，它的独特之处在于其与一项特定运动――一项涉及团队协作和球技的运动――的紧密联系。玩家4说：它是一种圆形的物品，用于竞技，有标准尺寸，材质多样。与其他球类相比，它在设计和材质上可能更注重专业性和运动特性。这个物品在竞技运动中具有独特的形状和大小，它的设计旨在提供良好的手感。它通常由多种材料制成，结合了轻便性和耐用性。它的表面可能具有特殊的纹理，有助于提高抓地力和控制。这个物品在特定运动中扮演着核心角色，对于提高比赛效率和观赏性至关重要。你是第1号玩家，你的关键词是<篮球>。你的回答中绝对不能包含你的关键词<篮球>。这是第三轮描述，你之前的描述是它是一种圆形的球体，通常用于各种球类运动。它在该类中最突出的不同特征可能是它的材质和尺寸，以及它通常与特定的运动紧密相关。和它是一种标准的圆形物体，主要用于一项特定的竞技运动。这个物体的设计充分考虑了运动性能，其材质通常比其他球类更为耐用和适合高速运动。，注意，这局游戏的词语分类为<体育用品>，卧底词和平民词都属于该类，请你补充关于关键词的描述，注意，你的描述应该比起之前的描述更加贴近关键词，作为之前的补充
2024-12-12 21:33:59,403 - 1 - INFO - **********PLAYER1**********
它是一种直径较大的球体，表面光滑，主要用于一项团队竞技运动。这个球体的设计注重于提升球员的操控性和运动中的稳定性。
2024-12-12 21:34:11,604 - 1 - INFO - **********JUDGER**********
玩家1说：它是一种圆形的球体，通常用于各种球类运动。它在该类中最突出的不同特征可能是它的材质和尺寸，以及它通常与特定的运动紧密相关。它是一种标准的圆形物体，主要用于一项特定的竞技运动。这个物体的设计充分考虑了运动性能，其材质通常比其他球类更为耐用和适合高速运动。它是一种直径较大的球体，表面光滑，主要用于一项团队竞技运动。这个球体的设计注重于提升球员的操控性和运动中的稳定性。玩家2说：它是一种圆滑的物品，通常用于竞技运动。它的尺寸标准，材质多样，是许多运动中不可或缺的配件。相较于其他球类，它在材质和设计上可能更为专业。它是一种球体，用于一项团队竞技运动。这个球体的材质轻便且弹性好，适合在空中飞行和被击打。它的表面处理特殊，有助于球员更好地控制球的方向和速度。在所有球类中，它可能因为其独特的表面和重量而显得与众不同。它是一种直径较大的球体，通常由柔软的材料制成，如橡胶或皮革。这个球体的表面设计有特殊的凹凸纹理，增加了摩擦力，便于球员在比赛中控制。它的重量适中，既不会太轻以至于难以控制，也不会太重以至于影响球员的操控性。这个球体在空中飞行时具有较好的稳定性，适合进行传球、扣球和发球等动作。在竞技运动中，这个球体的设计和材质都是为了提高比赛效率和观赏性。玩家3说：它是一个用于各种运动的圆形物品，具有标准尺寸和材质。在体育用品类中，它的不同之处在于其通常与特定运动紧密相关，并且在材质和设计上可能更为专业。它是一种直径约为24厘米的球体，表面通常具有网状纹理，材质坚固耐用，专为在硬木地板上滚动设计。这个球体的重量适中，便于球员控制，且其设计考虑到了在运动中的稳定性和耐久性。在体育用品中，它的独特之处在于其与一项特定运动――一项涉及团队协作和球技的运动――的紧密联系。它是一种直径约为24厘米的球体，通常由柔软的材料制成，如橡胶或皮革。这个球体的表面设计有特殊的凹凸纹理，增加了摩擦力，便于球员在比赛中控制。它的重量适中，既不会太轻以至于难以控制，也不会太重以至于影响球员的操控性。这个球体在空中飞行时具有较好的稳定性，适合进行传球、扣球和发球等动作。在竞技运动中，这个球体的设计和材质都是为了提高比赛效率和观赏性。玩家4说：它是一种圆形的物品，用于竞技，有标准尺寸，材质多样。与其他球类相比，它在设计和材质上可能更注重专业性和运动特性。这个物品在竞技运动中具有独特的形状和大小，它的设计旨在提供良好的手感。它通常由多种材料制成，结合了轻便性和耐用性。它的表面可能具有特殊的纹理，有助于提高抓地力和控制。这个物品在特定运动中扮演着核心角色，对于提高比赛效率和观赏性至关重要。这个物品在竞技运动中具有独特的形状和大小，它的设计充分考虑了球员的操控性和运动中的稳定性。它通常由柔软的材料制成，如橡胶或皮革，并且表面具有特殊的凹凸纹理，增加了摩擦力，便于球员在比赛中控制。这个物品的重量适中，既不会太轻以至于难以控制，也不会太重以至于影响球员的操控性。在空中飞行时，它具有较好的稳定性，适合进行传球、扣球和发球等动作。这个物品在特定运动中扮演着核心角色，对于提高比赛效率和观赏性至关重要。||在这个游戏中，我们需要通过分析每位玩家的描述来找出卧底。通常，平民的描述会围绕相同的词语展开，而卧底的描述可能会因为词语的不同而显得不太一致。我们需要仔细比较每个描述之间的相似性和差异性，以找出可能的卧底，注意，卧底并不会隐藏自己，他会直接描述他的词语，现在，逐一分析每个玩家的描述，注意，这局游戏的词语分类为<体育用品>，卧底词和平民词都属于该类。||之前是第3轮描述和之前轮数描述的合集。你之前认为的卧底是玩家4。
2024-12-12 21:34:12,503 - 1 - INFO - **********PLAYER1**********
4
2024-12-12 21:34:12,503 - 1 - INFO - **********JUDGER**********
你刚刚的分析是4|| `请根据上述分析，比较描述以找出不一致之处，注意，这局游戏的词语分类为<体育用品>，卧底词和平民词都属于该类。
2024-12-12 21:34:22,024 - 1 - INFO - **********PLAYER1**********
在比较玩家的描述时，我们可以注意到以下不一致之处：

1. 玩家1、玩家2和玩家3的描述都提到了球体的直径约为24厘米，表面具有特殊的凹凸纹理，材质柔软（如橡胶或皮革），重量适中，以及球体在空中飞行时的稳定性。

2. 玩家4的描述虽然也提到了球体的直径、表面纹理、材质柔软、重量适中，以及球体的稳定性，但他没有提到球体在空中飞行时的稳定性，而是强调了球体在特定运动中的核心角色和对比赛效率和观赏性的重要性。

3. 玩家4的描述中提到球体通常由多种材料制成，结合了轻便性和耐用性，而玩家1、玩家2和玩家3的描述中虽然提到了材质柔软，但没有明确提到结合轻便性和耐用性。

4. 玩家4的描述中强调了球体在竞技运动中的独特形状和大小，以及其设计旨在提供良好的手感，而玩家1、玩家2和玩家3的描述则没有这样的强调。

这些不一致之处表明玩家4的描述在某些方面与其他玩家的描述有所不同，特别是在球体的稳定性描述和球体在特定运动中的角色描述上。因此，玩家4的描述可能与他的实际词语不一致，这可能是卧底的不一致之处。
2024-12-12 21:34:22,024 - 1 - INFO - **********JUDGER**********
你刚刚的分析是在比较玩家的描述时，我们可以注意到以下不一致之处：

1. 玩家1、玩家2和玩家3的描述都提到了球体的直径约为24厘米，表面具有特殊的凹凸纹理，材质柔软（如橡胶或皮革），重量适中，以及球体在空中飞行时的稳定性。

2. 玩家4的描述虽然也提到了球体的直径、表面纹理、材质柔软、重量适中，以及球体的稳定性，但他没有提到球体在空中飞行时的稳定性，而是强调了球体在特定运动中的核心角色和对比赛效率和观赏性的重要性。

3. 玩家4的描述中提到球体通常由多种材料制成，结合了轻便性和耐用性，而玩家1、玩家2和玩家3的描述中虽然提到了材质柔软，但没有明确提到结合轻便性和耐用性。

4. 玩家4的描述中强调了球体在竞技运动中的独特形状和大小，以及其设计旨在提供良好的手感，而玩家1、玩家2和玩家3的描述则没有这样的强调。

这些不一致之处表明玩家4的描述在某些方面与其他玩家的描述有所不同，特别是在球体的稳定性描述和球体在特定运动中的角色描述上。因此，玩家4的描述可能与他的实际词语不一致，这可能是卧底的不一致之处。|| 请通过你分析的不一致之处，推断卧底身份，注意，这局游戏的词语分类为<体育用品>，卧底词和平民词都属于该类。
2024-12-12 21:34:23,268 - 1 - INFO - **********PLAYER1**********
4
2024-12-12 21:34:23,269 - 1 - INFO - **********JUDGER**********
你刚刚的推断是4|| 基于你刚刚的推断得出你的最终结论，请输出你认为的卧底，在这种情况下只需要输出编号，是1-4中的某个数字，不要输出其他信息。在这个过程不要进行任何推理，只对||以前的部分进行信息提取
2024-12-12 21:34:24,228 - 1 - INFO - **********PLAYER1**********
4
