2024-12-12 21:31:00,684 - 2 - INFO - **********JUDGER**********
让我们来玩一个叫做<谁是卧底>的推理游戏。基本规则：<人数>：4人。<角色分配>：每位玩家随机抽取一个词语，3名玩家拿到的词语是相同的（平民词），1名玩家拿到与之相近但不同的词语（卧底词）。<游戏流程>：1、玩家轮流描述自己的词语，但<不能>直接说出词语本身。2、描述完毕后，投票选出最像卧底的玩家。3、每轮结束后，被投票选出的玩家出局，不能再进行描述或投票。4、每轮投票结束后，如果卧底被成功找出，平民方获胜；如果卧底未被找出且卧底人数等于或超过平民人数，则卧底方获胜。你将扮演一个<玩家>，请等待你被分配到的关键词。如果你听懂了，只回答，"好的，我准备好参加游戏了"，不要输出别的信息
2024-12-12 21:31:01,186 - 2 - INFO - **********PLAYER2**********
好的，我准备好参加游戏了
2024-12-12 21:31:05,164 - 2 - INFO - **********JUDGER**********
玩家1说：它是一种圆形的球体，通常用于各种球类运动。它在该类中最突出的不同特征可能是它的材质和尺寸，以及它通常与特定的运动紧密相关。玩家2说：玩家3说：玩家4说：|| 你是第2号玩家，你的关键词是<排球>。你的回答中绝对不能包含你的关键词<排球>。这是第一轮描述，不需要分析||之前别的玩家的描述，请你描述关键词基本特征，注意，这局游戏的词语分类为<体育用品>，卧底词和平民词都属于该类，描述包括以下两点，1.他的基本特征是什么2.他在该类（体育用品）中最突出不同的特征是什么，尽量简短
2024-12-12 21:31:06,344 - 2 - INFO - **********PLAYER2**********
它是一种圆滑的物品，通常用于竞技运动。它的尺寸标准，材质多样，是许多运动中不可或缺的配件。相较于其他球类，它在材质和设计上可能更为专业。
2024-12-12 21:31:28,124 - 2 - INFO - **********JUDGER**********
玩家1说：它是一种圆形的球体，通常用于各种球类运动。它在该类中最突出的不同特征可能是它的材质和尺寸，以及它通常与特定的运动紧密相关。玩家2说：它是一种圆滑的物品，通常用于竞技运动。它的尺寸标准，材质多样，是许多运动中不可或缺的配件。相较于其他球类，它在材质和设计上可能更为专业。玩家3说：它是一个用于各种运动的圆形物品，具有标准尺寸和材质。在体育用品类中，它的不同之处在于其通常与特定运动紧密相关，并且在材质和设计上可能更为专业。玩家4说：||在这个游戏中，我们需要通过分析每位玩家的描述来找出卧底。通常，平民的描述会围绕相同的词语展开，而卧底的描述可能会因为词语的不同而显得不太一致。我们需要仔细比较每个描述之间的相似性和差异性，以找出可能的卧底，注意，卧底并不会隐藏自己，他会直接描述他的词语，现在，逐一分析每个玩家的描述，注意，这局游戏的词语分类为<体育用品>，卧底词和平民词都属于该类。这是第一轮描述。
2024-12-12 21:31:32,181 - 2 - INFO - **********PLAYER2**********
好的，我注意到玩家1、2和3的描述都非常相似，都强调了球体的圆形、标准尺寸、材质多样以及与特定运动的关联性。这些描述都指向了一个普遍的体育用品特征，即球类。而玩家4的描述则更像是在引导我们分析，他并没有提供具体的描述信息，而是提醒我们要注意分析。

基于这些信息，如果我是玩家2，我会认为玩家4可能是卧底，因为他没有提供与球体相关的具体描述，而是转而引导大家分析。我的描述与玩家1和3的非常接近，这可能意味着我们三人拿到了相同的平民词。因此，我会准备在下一轮投票时选择玩家4作为潜在的卧底。
2024-12-12 21:31:32,182 - 2 - INFO - **********JUDGER**********
你刚刚的分析是好的，我注意到玩家1、2和3的描述都非常相似，都强调了球体的圆形、标准尺寸、材质多样以及与特定运动的关联性。这些描述都指向了一个普遍的体育用品特征，即球类。而玩家4的描述则更像是在引导我们分析，他并没有提供具体的描述信息，而是提醒我们要注意分析。

基于这些信息，如果我是玩家2，我会认为玩家4可能是卧底，因为他没有提供与球体相关的具体描述，而是转而引导大家分析。我的描述与玩家1和3的非常接近，这可能意味着我们三人拿到了相同的平民词。因此，我会准备在下一轮投票时选择玩家4作为潜在的卧底。|| `请根据上述分析，比较描述以找出不一致之处，注意，这局游戏的词语分类为<体育用品>，卧底词和平民词都属于该类。
2024-12-12 21:31:40,126 - 2 - INFO - **********PLAYER2**********
根据上述分析，我们可以比较每位玩家的描述以找出不一致之处：

1. 玩家1的描述提到了球体的材质和尺寸，以及与特定运动的紧密相关。
2. 玩家2的描述与玩家1非常相似，也提到了材质、尺寸和与特定运动的关联。
3. 玩家3的描述也提到了球体的标准尺寸、材质和与特定运动的紧密相关。
4. 玩家4的描述则更侧重于分析游戏规则和投票策略，而不是提供关于球体的具体描述。

不一致之处在于：

- 玩家4的描述与球体的特征无关，而是提供了关于游戏策略的分析。
- 玩家1、2和3的描述在细节上非常一致，都集中在球体的物理特征和与运动的联系上。

因此，如果我们要找出不一致之处，玩家4的描述与球体相关的描述不一致，这可能是他作为卧底的一个线索。而玩家1、2和3的描述高度相似，这可能表明他们拿到了相同的平民词。
2024-12-12 21:31:40,127 - 2 - INFO - **********JUDGER**********
你刚刚的分析是根据上述分析，我们可以比较每位玩家的描述以找出不一致之处：

1. 玩家1的描述提到了球体的材质和尺寸，以及与特定运动的紧密相关。
2. 玩家2的描述与玩家1非常相似，也提到了材质、尺寸和与特定运动的关联。
3. 玩家3的描述也提到了球体的标准尺寸、材质和与特定运动的紧密相关。
4. 玩家4的描述则更侧重于分析游戏规则和投票策略，而不是提供关于球体的具体描述。

不一致之处在于：

- 玩家4的描述与球体的特征无关，而是提供了关于游戏策略的分析。
- 玩家1、2和3的描述在细节上非常一致，都集中在球体的物理特征和与运动的联系上。

因此，如果我们要找出不一致之处，玩家4的描述与球体相关的描述不一致，这可能是他作为卧底的一个线索。而玩家1、2和3的描述高度相似，这可能表明他们拿到了相同的平民词。|| 请通过你分析的不一致之处，推断卧底身份，注意，这局游戏的词语分类为<体育用品>，卧底词和平民词都属于该类。
2024-12-12 21:31:46,217 - 2 - INFO - **********PLAYER2**********
根据分析的不一致之处，我们可以推断以下可能性：

- 玩家4的描述与球体的特征无关，而是提供了关于游戏规则和策略的分析，这与他作为卧底的角色不符。卧底通常会尝试隐藏自己的不同，而不是提供与游戏无关的信息。因此，玩家4可能是卧底。

- 玩家1、2和3的描述在细节上非常一致，这表明他们可能拿到了相同的平民词，即同一种球类体育用品。由于游戏规则中提到卧底词和平民词都属于<体育用品>类别，这意味着卧底词也应该是某种球类，但与平民词不同。

综合以上分析，玩家4的描述与球体特征的不一致以及玩家1、2、3描述的一致性，强烈暗示玩家4是卧底。而玩家1、2、3则可能是拿到相同平民词的平民玩家。因此，根据这些线索，我们可以推断玩家4是卧底。
2024-12-12 21:31:46,217 - 2 - INFO - **********JUDGER**********
你刚刚的推断是根据分析的不一致之处，我们可以推断以下可能性：

- 玩家4的描述与球体的特征无关，而是提供了关于游戏规则和策略的分析，这与他作为卧底的角色不符。卧底通常会尝试隐藏自己的不同，而不是提供与游戏无关的信息。因此，玩家4可能是卧底。

- 玩家1、2和3的描述在细节上非常一致，这表明他们可能拿到了相同的平民词，即同一种球类体育用品。由于游戏规则中提到卧底词和平民词都属于<体育用品>类别，这意味着卧底词也应该是某种球类，但与平民词不同。

综合以上分析，玩家4的描述与球体特征的不一致以及玩家1、2、3描述的一致性，强烈暗示玩家4是卧底。而玩家1、2、3则可能是拿到相同平民词的平民玩家。因此，根据这些线索，我们可以推断玩家4是卧底。|| 基于你刚刚的推断得出你的最终结论，请输出你认为的卧底，在这种情况下只需要输出编号，是1-4中的某个数字，不要输出其他信息。在这个过程不要进行任何推理，只对||以前的部分进行信息提取
2024-12-12 21:31:46,635 - 2 - INFO - **********PLAYER2**********
4
2024-12-12 21:32:27,067 - 2 - INFO - **********JUDGER**********
玩家1说：它是一种圆形的球体，通常用于各种球类运动。它在该类中最突出的不同特征可能是它的材质和尺寸，以及它通常与特定的运动紧密相关。它是一种标准的圆形物体，主要用于一项特定的竞技运动。这个物体的设计充分考虑了运动性能，其材质通常比其他球类更为耐用和适合高速运动。玩家2说：它是一种圆滑的物品，通常用于竞技运动。它的尺寸标准，材质多样，是许多运动中不可或缺的配件。相较于其他球类，它在材质和设计上可能更为专业。玩家3说：它是一个用于各种运动的圆形物品，具有标准尺寸和材质。在体育用品类中，它的不同之处在于其通常与特定运动紧密相关，并且在材质和设计上可能更为专业。玩家4说：它是一种圆形的物品，用于竞技，有标准尺寸，材质多样。与其他球类相比，它在设计和材质上可能更注重专业性和运动特性。你是第2号玩家，你的关键词是<排球>。你的回答中绝对不能包含你的关键词<排球>。这是第二轮描述，你之前的描述是它是一种圆滑的物品，通常用于竞技运动。它的尺寸标准，材质多样，是许多运动中不可或缺的配件。相较于其他球类，它在材质和设计上可能更为专业。，注意，这局游戏的词语分类为<体育用品>，卧底词和平民词都属于该类，请你补充关于关键词的描述，注意，你的描述应该比起之前的描述更加贴近关键词，作为之前的补充
2024-12-12 21:32:29,008 - 2 - INFO - **********PLAYER2**********
它是一种球体，用于一项团队竞技运动。这个球体的材质轻便且弹性好，适合在空中飞行和被击打。它的表面处理特殊，有助于球员更好地控制球的方向和速度。在所有球类中，它可能因为其独特的表面和重量而显得与众不同。
2024-12-12 21:32:53,489 - 2 - INFO - **********JUDGER**********
玩家1说：它是一种圆形的球体，通常用于各种球类运动。它在该类中最突出的不同特征可能是它的材质和尺寸，以及它通常与特定的运动紧密相关。它是一种标准的圆形物体，主要用于一项特定的竞技运动。这个物体的设计充分考虑了运动性能，其材质通常比其他球类更为耐用和适合高速运动。玩家2说：它是一种圆滑的物品，通常用于竞技运动。它的尺寸标准，材质多样，是许多运动中不可或缺的配件。相较于其他球类，它在材质和设计上可能更为专业。它是一种球体，用于一项团队竞技运动。这个球体的材质轻便且弹性好，适合在空中飞行和被击打。它的表面处理特殊，有助于球员更好地控制球的方向和速度。在所有球类中，它可能因为其独特的表面和重量而显得与众不同。玩家3说：它是一个用于各种运动的圆形物品，具有标准尺寸和材质。在体育用品类中，它的不同之处在于其通常与特定运动紧密相关，并且在材质和设计上可能更为专业。它是一种直径约为24厘米的球体，表面通常具有网状纹理，材质坚固耐用，专为在硬木地板上滚动设计。这个球体的重量适中，便于球员控制，且其设计考虑到了在运动中的稳定性和耐久性。在体育用品中，它的独特之处在于其与一项特定运动――一项涉及团队协作和球技的运动――的紧密联系。玩家4说：它是一种圆形的物品，用于竞技，有标准尺寸，材质多样。与其他球类相比，它在设计和材质上可能更注重专业性和运动特性。||在这个游戏中，我们需要通过分析每位玩家的描述来找出卧底。通常，平民的描述会围绕相同的词语展开，而卧底的描述可能会因为词语的不同而显得不太一致。我们需要仔细比较每个描述之间的相似性和差异性，以找出可能的卧底，注意，卧底并不会隐藏自己，他会直接描述他的词语，现在，逐一分析每个玩家的描述，注意，这局游戏的词语分类为<体育用品>，卧底词和平民词都属于该类。||之前是第2轮描述和之前轮数描述的合集。你之前认为的卧底是玩家4。
2024-12-12 21:33:01,482 - 2 - INFO - **********PLAYER2**********
根据第二轮描述和之前的描述，我之前的推断是基于玩家4的描述与其他玩家的描述在细节上有相似之处，但并没有明显的不同特征。然而，现在重新审视所有玩家的描述，我注意到以下关键点：

- 玩家1、2和3的描述都提到了球体的材质、尺寸、标准性和与特定运动的紧密相关性。
- 玩家4的描述虽然也提到了标准尺寸、材质多样和专业性，但没有提到球体的弹性、表面处理或重量等特征，这些特征在玩家1、2和3的描述中都有提及。

基于这些新的信息，如果之前认为玩家4是卧底，那么现在需要重新评估。玩家4的描述虽然与其他玩家有重叠，但没有提供更多独特的信息，这可能意味着玩家4并不是卧底。

因此，我之前的结论可能需要修正。在没有更多信息的情况下，我无法确定新的卧底是谁，但可以推测玩家4可能不是卧底。我需要更多的信息或者进一步的分析来确定卧底的身份。
2024-12-12 21:33:01,483 - 2 - INFO - **********JUDGER**********
你刚刚的分析是根据第二轮描述和之前的描述，我之前的推断是基于玩家4的描述与其他玩家的描述在细节上有相似之处，但并没有明显的不同特征。然而，现在重新审视所有玩家的描述，我注意到以下关键点：

- 玩家1、2和3的描述都提到了球体的材质、尺寸、标准性和与特定运动的紧密相关性。
- 玩家4的描述虽然也提到了标准尺寸、材质多样和专业性，但没有提到球体的弹性、表面处理或重量等特征，这些特征在玩家1、2和3的描述中都有提及。

基于这些新的信息，如果之前认为玩家4是卧底，那么现在需要重新评估。玩家4的描述虽然与其他玩家有重叠，但没有提供更多独特的信息，这可能意味着玩家4并不是卧底。

因此，我之前的结论可能需要修正。在没有更多信息的情况下，我无法确定新的卧底是谁，但可以推测玩家4可能不是卧底。我需要更多的信息或者进一步的分析来确定卧底的身份。|| `请根据上述分析，比较描述以找出不一致之处，注意，这局游戏的词语分类为<体育用品>，卧底词和平民词都属于该类。
2024-12-12 21:33:09,796 - 2 - INFO - **********PLAYER2**********
根据上述分析，我们可以比较每位玩家的描述以找出不一致之处：

- 玩家1的描述中提到了球体的材质、尺寸、标准性和与特定运动的紧密相关性，以及球体的设计充分考虑了运动性能，材质比其他球类更为耐用和适合高速运动。
- 玩家2的描述与玩家1相似，也提到了球体的材质、尺寸、标准性和与特定运动的紧密相关性，以及球体的材质多样和专业性。
- 玩家3的描述中提到了球体的标准尺寸、材质和与特定运动的紧密相关性，以及球体的表面纹理、材质坚固耐用，专为在硬木地板上滚动设计，重量适中，设计考虑了稳定性和耐久性。
- 玩家4的描述提到了球体的标准尺寸、材质多样和专业性，以及球体的设计和材质可能更注重专业性和运动特性。

不一致之处在于：

- 玩家1、2和3的描述都提到了球体的耐用性、高速运动适应性、表面处理、重量和稳定性等特征，而玩家4的描述没有提到这些具体的技术细节。
- 玩家4的描述没有提到球体是用于特定类型的运动，而玩家1、2和3的描述都暗示了球体与特定运动（如高速运动、硬木地板滚动）的紧密联系。

基于这些不一致之处，玩家4的描述可能缺少了与其他玩家描述中共同提到的技术细节，这可能是卧底的一个线索。因此，不一致之处可能指向玩家4是卧底。
2024-12-12 21:33:09,798 - 2 - INFO - **********JUDGER**********
你刚刚的分析是根据上述分析，我们可以比较每位玩家的描述以找出不一致之处：

- 玩家1的描述中提到了球体的材质、尺寸、标准性和与特定运动的紧密相关性，以及球体的设计充分考虑了运动性能，材质比其他球类更为耐用和适合高速运动。
- 玩家2的描述与玩家1相似，也提到了球体的材质、尺寸、标准性和与特定运动的紧密相关性，以及球体的材质多样和专业性。
- 玩家3的描述中提到了球体的标准尺寸、材质和与特定运动的紧密相关性，以及球体的表面纹理、材质坚固耐用，专为在硬木地板上滚动设计，重量适中，设计考虑了稳定性和耐久性。
- 玩家4的描述提到了球体的标准尺寸、材质多样和专业性，以及球体的设计和材质可能更注重专业性和运动特性。

不一致之处在于：

- 玩家1、2和3的描述都提到了球体的耐用性、高速运动适应性、表面处理、重量和稳定性等特征，而玩家4的描述没有提到这些具体的技术细节。
- 玩家4的描述没有提到球体是用于特定类型的运动，而玩家1、2和3的描述都暗示了球体与特定运动（如高速运动、硬木地板滚动）的紧密联系。

基于这些不一致之处，玩家4的描述可能缺少了与其他玩家描述中共同提到的技术细节，这可能是卧底的一个线索。因此，不一致之处可能指向玩家4是卧底。|| 请通过你分析的不一致之处，推断卧底身份，注意，这局游戏的词语分类为<体育用品>，卧底词和平民词都属于该类。
2024-12-12 21:33:14,076 - 2 - INFO - **********PLAYER2**********
基于分析的不一致之处，如果需要推断卧底身份，我会选择玩家4作为卧底。原因如下：

- 玩家4的描述中没有提到球体的耐用性、高速运动适应性、表面处理、重量和稳定性等特征，而这些特征在玩家1、2和3的描述中都有详细提及。
- 玩家4的描述也没有明确指出球体是用于特定类型的运动，而玩家1、2和3的描述都暗示了球体与特定运动（如高速运动、硬木地板滚动）的紧密联系。

这些不一致之处表明玩家4的描述可能没有紧扣游戏词语分类<体育用品>中的特定球类特征，而是可能指向了与玩家1、2、3描述中的球类不同的词语，因此玩家4可能是卧底。
2024-12-12 21:33:14,077 - 2 - INFO - **********JUDGER**********
你刚刚的推断是基于分析的不一致之处，如果需要推断卧底身份，我会选择玩家4作为卧底。原因如下：

- 玩家4的描述中没有提到球体的耐用性、高速运动适应性、表面处理、重量和稳定性等特征，而这些特征在玩家1、2和3的描述中都有详细提及。
- 玩家4的描述也没有明确指出球体是用于特定类型的运动，而玩家1、2和3的描述都暗示了球体与特定运动（如高速运动、硬木地板滚动）的紧密联系。

这些不一致之处表明玩家4的描述可能没有紧扣游戏词语分类<体育用品>中的特定球类特征，而是可能指向了与玩家1、2、3描述中的球类不同的词语，因此玩家4可能是卧底。|| 基于你刚刚的推断得出你的最终结论，请输出你认为的卧底，在这种情况下只需要输出编号，是1-4中的某个数字，不要输出其他信息。在这个过程不要进行任何推理，只对||以前的部分进行信息提取
2024-12-12 21:33:14,929 - 2 - INFO - **********PLAYER2**********
4
2024-12-12 21:33:59,404 - 2 - INFO - **********JUDGER**********
玩家1说：它是一种圆形的球体，通常用于各种球类运动。它在该类中最突出的不同特征可能是它的材质和尺寸，以及它通常与特定的运动紧密相关。它是一种标准的圆形物体，主要用于一项特定的竞技运动。这个物体的设计充分考虑了运动性能，其材质通常比其他球类更为耐用和适合高速运动。它是一种直径较大的球体，表面光滑，主要用于一项团队竞技运动。这个球体的设计注重于提升球员的操控性和运动中的稳定性。玩家2说：它是一种圆滑的物品，通常用于竞技运动。它的尺寸标准，材质多样，是许多运动中不可或缺的配件。相较于其他球类，它在材质和设计上可能更为专业。它是一种球体，用于一项团队竞技运动。这个球体的材质轻便且弹性好，适合在空中飞行和被击打。它的表面处理特殊，有助于球员更好地控制球的方向和速度。在所有球类中，它可能因为其独特的表面和重量而显得与众不同。玩家3说：它是一个用于各种运动的圆形物品，具有标准尺寸和材质。在体育用品类中，它的不同之处在于其通常与特定运动紧密相关，并且在材质和设计上可能更为专业。它是一种直径约为24厘米的球体，表面通常具有网状纹理，材质坚固耐用，专为在硬木地板上滚动设计。这个球体的重量适中，便于球员控制，且其设计考虑到了在运动中的稳定性和耐久性。在体育用品中，它的独特之处在于其与一项特定运动――一项涉及团队协作和球技的运动――的紧密联系。玩家4说：它是一种圆形的物品，用于竞技，有标准尺寸，材质多样。与其他球类相比，它在设计和材质上可能更注重专业性和运动特性。这个物品在竞技运动中具有独特的形状和大小，它的设计旨在提供良好的手感。它通常由多种材料制成，结合了轻便性和耐用性。它的表面可能具有特殊的纹理，有助于提高抓地力和控制。这个物品在特定运动中扮演着核心角色，对于提高比赛效率和观赏性至关重要。你是第2号玩家，你的关键词是<排球>。你的回答中绝对不能包含你的关键词<排球>。这是第三轮描述，你之前的描述是它是一种圆滑的物品，通常用于竞技运动。它的尺寸标准，材质多样，是许多运动中不可或缺的配件。相较于其他球类，它在材质和设计上可能更为专业。和它是一种球体，用于一项团队竞技运动。这个球体的材质轻便且弹性好，适合在空中飞行和被击打。它的表面处理特殊，有助于球员更好地控制球的方向和速度。在所有球类中，它可能因为其独特的表面和重量而显得与众不同。，注意，这局游戏的词语分类为<体育用品>，卧底词和平民词都属于该类，请你补充关于关键词的描述，注意，你的描述应该比起之前的描述更加贴近关键词，作为之前的补充
2024-12-12 21:34:03,572 - 2 - INFO - **********PLAYER2**********
它是一种直径较大的球体，通常由柔软的材料制成，如橡胶或皮革。这个球体的表面设计有特殊的凹凸纹理，增加了摩擦力，便于球员在比赛中控制。它的重量适中，既不会太轻以至于难以控制，也不会太重以至于影响球员的操控性。这个球体在空中飞行时具有较好的稳定性，适合进行传球、扣球和发球等动作。在竞技运动中，这个球体的设计和材质都是为了提高比赛效率和观赏性。
2024-12-12 21:34:24,228 - 2 - INFO - **********JUDGER**********
玩家1说：它是一种圆形的球体，通常用于各种球类运动。它在该类中最突出的不同特征可能是它的材质和尺寸，以及它通常与特定的运动紧密相关。它是一种标准的圆形物体，主要用于一项特定的竞技运动。这个物体的设计充分考虑了运动性能，其材质通常比其他球类更为耐用和适合高速运动。它是一种直径较大的球体，表面光滑，主要用于一项团队竞技运动。这个球体的设计注重于提升球员的操控性和运动中的稳定性。玩家2说：它是一种圆滑的物品，通常用于竞技运动。它的尺寸标准，材质多样，是许多运动中不可或缺的配件。相较于其他球类，它在材质和设计上可能更为专业。它是一种球体，用于一项团队竞技运动。这个球体的材质轻便且弹性好，适合在空中飞行和被击打。它的表面处理特殊，有助于球员更好地控制球的方向和速度。在所有球类中，它可能因为其独特的表面和重量而显得与众不同。它是一种直径较大的球体，通常由柔软的材料制成，如橡胶或皮革。这个球体的表面设计有特殊的凹凸纹理，增加了摩擦力，便于球员在比赛中控制。它的重量适中，既不会太轻以至于难以控制，也不会太重以至于影响球员的操控性。这个球体在空中飞行时具有较好的稳定性，适合进行传球、扣球和发球等动作。在竞技运动中，这个球体的设计和材质都是为了提高比赛效率和观赏性。玩家3说：它是一个用于各种运动的圆形物品，具有标准尺寸和材质。在体育用品类中，它的不同之处在于其通常与特定运动紧密相关，并且在材质和设计上可能更为专业。它是一种直径约为24厘米的球体，表面通常具有网状纹理，材质坚固耐用，专为在硬木地板上滚动设计。这个球体的重量适中，便于球员控制，且其设计考虑到了在运动中的稳定性和耐久性。在体育用品中，它的独特之处在于其与一项特定运动――一项涉及团队协作和球技的运动――的紧密联系。它是一种直径约为24厘米的球体，通常由柔软的材料制成，如橡胶或皮革。这个球体的表面设计有特殊的凹凸纹理，增加了摩擦力，便于球员在比赛中控制。它的重量适中，既不会太轻以至于难以控制，也不会太重以至于影响球员的操控性。这个球体在空中飞行时具有较好的稳定性，适合进行传球、扣球和发球等动作。在竞技运动中，这个球体的设计和材质都是为了提高比赛效率和观赏性。玩家4说：它是一种圆形的物品，用于竞技，有标准尺寸，材质多样。与其他球类相比，它在设计和材质上可能更注重专业性和运动特性。这个物品在竞技运动中具有独特的形状和大小，它的设计旨在提供良好的手感。它通常由多种材料制成，结合了轻便性和耐用性。它的表面可能具有特殊的纹理，有助于提高抓地力和控制。这个物品在特定运动中扮演着核心角色，对于提高比赛效率和观赏性至关重要。这个物品在竞技运动中具有独特的形状和大小，它的设计充分考虑了球员的操控性和运动中的稳定性。它通常由柔软的材料制成，如橡胶或皮革，并且表面具有特殊的凹凸纹理，增加了摩擦力，便于球员在比赛中控制。这个物品的重量适中，既不会太轻以至于难以控制，也不会太重以至于影响球员的操控性。在空中飞行时，它具有较好的稳定性，适合进行传球、扣球和发球等动作。这个物品在特定运动中扮演着核心角色，对于提高比赛效率和观赏性至关重要。||在这个游戏中，我们需要通过分析每位玩家的描述来找出卧底。通常，平民的描述会围绕相同的词语展开，而卧底的描述可能会因为词语的不同而显得不太一致。我们需要仔细比较每个描述之间的相似性和差异性，以找出可能的卧底，注意，卧底并不会隐藏自己，他会直接描述他的词语，现在，逐一分析每个玩家的描述，注意，这局游戏的词语分类为<体育用品>，卧底词和平民词都属于该类。||之前是第3轮描述和之前轮数描述的合集。你之前认为的卧底是玩家4。
2024-12-12 21:34:34,314 - 2 - INFO - **********PLAYER2**********
根据第3轮描述和之前的描述，我们可以分析每位玩家的描述：

- 玩家1的描述强调了球体的圆形、材质、尺寸、耐用性、高速运动适应性、表面光滑、团队竞技运动、操控性和稳定性。
- 玩家2的描述提到了球体的圆滑性、尺寸标准、材质多样、轻便、弹性好、表面处理、专业设计、团队竞技运动、摩擦力、重量适中、空中飞行稳定性、传球、扣球、发球。
- 玩家3的描述强调了球体的圆形、标准尺寸、材质坚固耐用、网状纹理、重量适中、团队协作、球技、操控性、稳定性、传球、扣球、发球。
- 玩家4的描述提到了球体的圆形、竞技运动、标准尺寸、材质多样、独特形状和大小、轻便、耐用性、特殊纹理、抓地力、控制、核心角色、比赛效率、观赏性、操控性、稳定性、传球、扣球、发球。

分析这些描述，我们可以看到玩家1、2和4的描述都非常详细，并且有大量重叠的信息，如球体的圆形、材质、重量、操控性、稳定性以及与特定运动（如团队竞技运动）的关联。玩家3的描述与玩家1、2和4的描述也非常相似，尽管有一些细节上的差异，但整体上都是围绕球体的物理特征和运动性能。

然而，玩家4的描述在提到球体的独特形状和大小、材质的轻便性和耐用性、特殊纹理、抓地力、控制以及核心角色等方面，与其他玩家的描述有所不同，这些特点似乎更贴近某种特定的球类，而不是一个通用的球类描述。

基于这些分析，玩家4的描述可能指向了与玩家1、2和3不同的球类，这可能是卧底的一个线索。因此，根据这些信息，如果之前认为玩家4是卧底，那么这个推断仍然成立。所以，我的最终结论是玩家4可能是卧底。
2024-12-12 21:34:34,315 - 2 - INFO - **********JUDGER**********
你刚刚的分析是根据第3轮描述和之前的描述，我们可以分析每位玩家的描述：

- 玩家1的描述强调了球体的圆形、材质、尺寸、耐用性、高速运动适应性、表面光滑、团队竞技运动、操控性和稳定性。
- 玩家2的描述提到了球体的圆滑性、尺寸标准、材质多样、轻便、弹性好、表面处理、专业设计、团队竞技运动、摩擦力、重量适中、空中飞行稳定性、传球、扣球、发球。
- 玩家3的描述强调了球体的圆形、标准尺寸、材质坚固耐用、网状纹理、重量适中、团队协作、球技、操控性、稳定性、传球、扣球、发球。
- 玩家4的描述提到了球体的圆形、竞技运动、标准尺寸、材质多样、独特形状和大小、轻便、耐用性、特殊纹理、抓地力、控制、核心角色、比赛效率、观赏性、操控性、稳定性、传球、扣球、发球。

分析这些描述，我们可以看到玩家1、2和4的描述都非常详细，并且有大量重叠的信息，如球体的圆形、材质、重量、操控性、稳定性以及与特定运动（如团队竞技运动）的关联。玩家3的描述与玩家1、2和4的描述也非常相似，尽管有一些细节上的差异，但整体上都是围绕球体的物理特征和运动性能。

然而，玩家4的描述在提到球体的独特形状和大小、材质的轻便性和耐用性、特殊纹理、抓地力、控制以及核心角色等方面，与其他玩家的描述有所不同，这些特点似乎更贴近某种特定的球类，而不是一个通用的球类描述。

基于这些分析，玩家4的描述可能指向了与玩家1、2和3不同的球类，这可能是卧底的一个线索。因此，根据这些信息，如果之前认为玩家4是卧底，那么这个推断仍然成立。所以，我的最终结论是玩家4可能是卧底。|| `请根据上述分析，比较描述以找出不一致之处，注意，这局游戏的词语分类为<体育用品>，卧底词和平民词都属于该类。
2024-12-12 21:34:47,022 - 2 - INFO - **********PLAYER2**********
根据上述分析，不一致之处主要体现在以下方面：

1. 玩家1、2和4的描述都提到了球体的圆形、材质、重量、操控性、稳定性和与特定运动的关联，但玩家4的描述特别强调了球体的独特形状和大小、轻便性、耐用性、特殊纹理、抓地力、控制以及其在比赛中的核心角色。

2. 玩家3的描述虽然与玩家1、2和4的描述相似，但没有提到球体的独特形状和大小、轻便性、耐用性、特殊纹理、抓地力等特征，而是更侧重于球体的标准尺寸、材质坚固耐用、网状纹理和重量适中。

3. 玩家4的描述中提到的“特殊纹理”和“抓地力”等特征，在玩家1、2和3的描述中没有明确提及。

4. 玩家4的描述中多次强调了球体的“轻便性”和“耐用性”，这在玩家1、2和3的描述中并不是一个突出的特征。

这些不一致之处表明玩家4的描述可能包含了一些与玩家1、2和3描述不同的球类特征，这可能是卧底的一个线索。因此，玩家4的描述与玩家1、2和3的描述在《体育用品》这一分类下可能存在差异。
2024-12-12 21:34:47,023 - 2 - INFO - **********JUDGER**********
你刚刚的分析是根据上述分析，不一致之处主要体现在以下方面：

1. 玩家1、2和4的描述都提到了球体的圆形、材质、重量、操控性、稳定性和与特定运动的关联，但玩家4的描述特别强调了球体的独特形状和大小、轻便性、耐用性、特殊纹理、抓地力、控制以及其在比赛中的核心角色。

2. 玩家3的描述虽然与玩家1、2和4的描述相似，但没有提到球体的独特形状和大小、轻便性、耐用性、特殊纹理、抓地力等特征，而是更侧重于球体的标准尺寸、材质坚固耐用、网状纹理和重量适中。

3. 玩家4的描述中提到的“特殊纹理”和“抓地力”等特征，在玩家1、2和3的描述中没有明确提及。

4. 玩家4的描述中多次强调了球体的“轻便性”和“耐用性”，这在玩家1、2和3的描述中并不是一个突出的特征。

这些不一致之处表明玩家4的描述可能包含了一些与玩家1、2和3描述不同的球类特征，这可能是卧底的一个线索。因此，玩家4的描述与玩家1、2和3的描述在《体育用品》这一分类下可能存在差异。|| 请通过你分析的不一致之处，推断卧底身份，注意，这局游戏的词语分类为<体育用品>，卧底词和平民词都属于该类。
2024-12-12 21:34:54,224 - 2 - INFO - **********PLAYER2**********
基于分析的不一致之处，可以推断玩家4是卧底。原因如下：

- 玩家4的描述中包含了“独特形状和大小”、“轻便性”、“耐用性”、“特殊纹理”和“抓地力”等特征，这些特征在玩家1、2和3的描述中没有明确提及。
- 玩家4的描述强调了球体在比赛中的“核心角色”，这一点虽然也在玩家1、2和3的描述中有所体现，但并没有像玩家4那样作为一个突出的特征。
- 玩家4的描述多次提到球体的“轻便性”和“耐用性”，而这一点在玩家1、2和3的描述中并没有被强调。

由于卧底词和平民词都属于<体育用品>这一分类，但卧底词应该与平民词不同，因此玩家4的描述中这些独特且不一致的特征可能表明他拿到了与玩家1、2和3不同的球类词语，从而推断玩家4是卧底。
2024-12-12 21:34:54,224 - 2 - INFO - **********JUDGER**********
你刚刚的推断是基于分析的不一致之处，可以推断玩家4是卧底。原因如下：

- 玩家4的描述中包含了“独特形状和大小”、“轻便性”、“耐用性”、“特殊纹理”和“抓地力”等特征，这些特征在玩家1、2和3的描述中没有明确提及。
- 玩家4的描述强调了球体在比赛中的“核心角色”，这一点虽然也在玩家1、2和3的描述中有所体现，但并没有像玩家4那样作为一个突出的特征。
- 玩家4的描述多次提到球体的“轻便性”和“耐用性”，而这一点在玩家1、2和3的描述中并没有被强调。

由于卧底词和平民词都属于<体育用品>这一分类，但卧底词应该与平民词不同，因此玩家4的描述中这些独特且不一致的特征可能表明他拿到了与玩家1、2和3不同的球类词语，从而推断玩家4是卧底。|| 基于你刚刚的推断得出你的最终结论，请输出你认为的卧底，在这种情况下只需要输出编号，是1-4中的某个数字，不要输出其他信息。在这个过程不要进行任何推理，只对||以前的部分进行信息提取
2024-12-12 21:34:55,728 - 2 - INFO - **********PLAYER2**********
4
