2024-12-12 21:31:02,966 - 4 - INFO - **********JUDGER**********
让我们来玩一个叫做<谁是卧底>的推理游戏。基本规则：<人数>：4人。<角色分配>：每位玩家随机抽取一个词语，3名玩家拿到的词语是相同的（平民词），1名玩家拿到与之相近但不同的词语（卧底词）。<游戏流程>：1、玩家轮流描述自己的词语，但<不能>直接说出词语本身。2、描述完毕后，投票选出最像卧底的玩家。3、每轮结束后，被投票选出的玩家出局，不能再进行描述或投票。4、每轮投票结束后，如果卧底被成功找出，平民方获胜；如果卧底未被找出且卧底人数等于或超过平民人数，则卧底方获胜。你将扮演一个<玩家>，请等待你被分配到的关键词。如果你听懂了，只回答，"好的，我准备好参加游戏了"，不要输出别的信息
2024-12-12 21:31:03,571 - 4 - INFO - **********PLAYER4**********
好的，我准备好参加游戏了
2024-12-12 21:31:07,484 - 4 - INFO - **********JUDGER**********
玩家1说：它是一种圆形的球体，通常用于各种球类运动。它在该类中最突出的不同特征可能是它的材质和尺寸，以及它通常与特定的运动紧密相关。玩家2说：它是一种圆滑的物品，通常用于竞技运动。它的尺寸标准，材质多样，是许多运动中不可或缺的配件。相较于其他球类，它在材质和设计上可能更为专业。玩家3说：它是一个用于各种运动的圆形物品，具有标准尺寸和材质。在体育用品类中，它的不同之处在于其通常与特定运动紧密相关，并且在材质和设计上可能更为专业。玩家4说：|| 你是第4号玩家，你的关键词是<篮球>。你的回答中绝对不能包含你的关键词<篮球>。这是第一轮描述，不需要分析||之前别的玩家的描述，请你描述关键词基本特征，注意，这局游戏的词语分类为<体育用品>，卧底词和平民词都属于该类，描述包括以下两点，1.他的基本特征是什么2.他在该类（体育用品）中最突出不同的特征是什么，尽量简短
2024-12-12 21:31:08,525 - 4 - INFO - **********PLAYER4**********
它是一种圆形的物品，用于竞技，有标准尺寸，材质多样。与其他球类相比，它在设计和材质上可能更注重专业性和运动特性。
2024-12-12 21:32:05,860 - 4 - INFO - **********JUDGER**********
玩家1说：它是一种圆形的球体，通常用于各种球类运动。它在该类中最突出的不同特征可能是它的材质和尺寸，以及它通常与特定的运动紧密相关。玩家2说：它是一种圆滑的物品，通常用于竞技运动。它的尺寸标准，材质多样，是许多运动中不可或缺的配件。相较于其他球类，它在材质和设计上可能更为专业。玩家3说：它是一个用于各种运动的圆形物品，具有标准尺寸和材质。在体育用品类中，它的不同之处在于其通常与特定运动紧密相关，并且在材质和设计上可能更为专业。玩家4说：||在这个游戏中，我们需要通过分析每位玩家的描述来找出卧底。通常，平民的描述会围绕相同的词语展开，而卧底的描述可能会因为词语的不同而显得不太一致。我们需要仔细比较每个描述之间的相似性和差异性，以找出可能的卧底，注意，卧底并不会隐藏自己，他会直接描述他的词语，现在，逐一分析每个玩家的描述，注意，这局游戏的词语分类为<体育用品>，卧底词和平民词都属于该类。这是第一轮描述。
2024-12-12 21:32:10,630 - 4 - INFO - **********PLAYER4**********
好的，根据玩家的描述，我们可以进行以下分析：

玩家1、玩家2和玩家3的描述都围绕着球体这一基本特征，强调了它的圆形、用于运动、尺寸标准、材质多样以及与特定运动的关联性。这些描述之间有较高的相似性，都集中在球体的通用特征上。

玩家4的描述则更多地强调了游戏规则和策略，而不是具体描述某个球体的特征。这与其他玩家的描述有所不同，因为他们都在描述球体的具体特征。

基于这些信息，玩家4的描述可能与其他玩家不一致，这可能会让人怀疑他是卧底。然而，由于卧底并不会隐藏自己，他可能会直接描述他的词语，所以我们需要在下一轮描述中继续观察，看玩家4是否会提供更多关于他词语的描述。目前，玩家4的描述可能是基于游戏规则的分析，而不是他的词语描述。
2024-12-12 21:32:10,631 - 4 - INFO - **********JUDGER**********
你刚刚的分析是好的，根据玩家的描述，我们可以进行以下分析：

玩家1、玩家2和玩家3的描述都围绕着球体这一基本特征，强调了它的圆形、用于运动、尺寸标准、材质多样以及与特定运动的关联性。这些描述之间有较高的相似性，都集中在球体的通用特征上。

玩家4的描述则更多地强调了游戏规则和策略，而不是具体描述某个球体的特征。这与其他玩家的描述有所不同，因为他们都在描述球体的具体特征。

基于这些信息，玩家4的描述可能与其他玩家不一致，这可能会让人怀疑他是卧底。然而，由于卧底并不会隐藏自己，他可能会直接描述他的词语，所以我们需要在下一轮描述中继续观察，看玩家4是否会提供更多关于他词语的描述。目前，玩家4的描述可能是基于游戏规则的分析，而不是他的词语描述。|| `请根据上述分析，比较描述以找出不一致之处，注意，这局游戏的词语分类为<体育用品>，卧底词和平民词都属于该类。
2024-12-12 21:32:16,153 - 4 - INFO - **********PLAYER4**********
根据上述分析，我们可以比较描述找出以下不一致之处：

1. 描述的焦点：
   - 玩家1、玩家2和玩家3的描述都集中在球体的物理特征和运动用途上。
   - 玩家4的描述则偏离了这一焦点，转而讨论游戏规则和策略。

2. 描述的深度：
   - 玩家1、玩家2和玩家3的描述较为具体，详细提到了球体的材质、尺寸和与特定运动的关联。
   - 玩家4的描述较为抽象，没有具体提及任何球体的具体特征。

3. 描述的意图：
   - 玩家1、玩家2和玩家3的描述似乎是为了描述一个共同的球体特征，这可能是平民词的描述。
   - 玩家4的描述似乎是为了引导其他玩家注意游戏规则，这可能与他的角色（卧底）有关。

基于这些不一致之处，玩家4的描述与其他玩家的描述存在显著差异，这可能是他作为卧底的一个线索。玩家4的描述可能是故意引导其他玩家注意游戏策略，而不是描述实际的球体特征。这需要进一步观察玩家4在下一轮的描述来确认他的角色。
2024-12-12 21:32:16,154 - 4 - INFO - **********JUDGER**********
你刚刚的分析是根据上述分析，我们可以比较描述找出以下不一致之处：

1. 描述的焦点：
   - 玩家1、玩家2和玩家3的描述都集中在球体的物理特征和运动用途上。
   - 玩家4的描述则偏离了这一焦点，转而讨论游戏规则和策略。

2. 描述的深度：
   - 玩家1、玩家2和玩家3的描述较为具体，详细提到了球体的材质、尺寸和与特定运动的关联。
   - 玩家4的描述较为抽象，没有具体提及任何球体的具体特征。

3. 描述的意图：
   - 玩家1、玩家2和玩家3的描述似乎是为了描述一个共同的球体特征，这可能是平民词的描述。
   - 玩家4的描述似乎是为了引导其他玩家注意游戏规则，这可能与他的角色（卧底）有关。

基于这些不一致之处，玩家4的描述与其他玩家的描述存在显著差异，这可能是他作为卧底的一个线索。玩家4的描述可能是故意引导其他玩家注意游戏策略，而不是描述实际的球体特征。这需要进一步观察玩家4在下一轮的描述来确认他的角色。|| 请通过你分析的不一致之处，推断卧底身份，注意，这局游戏的词语分类为<体育用品>，卧底词和平民词都属于该类。
2024-12-12 21:32:24,985 - 4 - INFO - **********PLAYER4**********
根据分析中提到的不一致之处，我们可以做出以下推断：

1. 玩家1、玩家2和玩家3的描述都集中在球体的物理特征和运动用途上，这表明他们可能持有的词语是同一类球体，即平民词。

2. 玩家4的描述偏离了这一焦点，转而讨论游戏规则和策略，而没有具体提及球体的特征。这表明玩家4的描述可能与球体无关，或者他的描述方式与平民不同。

3. 玩家4的描述意图可能是引导其他玩家注意游戏规则，而不是描述球体，这可能意味着他持有的词语与体育用品类中的球体不同，或者他可能不是球体的相关词语。

考虑到游戏分类为<体育用品>，且卧底词和平民词都属于该类，玩家4的描述与球体无关，且似乎有意引导讨论，这强烈暗示他可能是卧底。由于他描述的内容与球体特征不相关，且在体育用品类别中，除了球类，还有其他可能的卧底词，如“运动服”、“运动鞋”等。

因此，基于上述分析，玩家4很可能是卧底。
2024-12-12 21:32:24,987 - 4 - INFO - **********JUDGER**********
你刚刚的推断是根据分析中提到的不一致之处，我们可以做出以下推断：

1. 玩家1、玩家2和玩家3的描述都集中在球体的物理特征和运动用途上，这表明他们可能持有的词语是同一类球体，即平民词。

2. 玩家4的描述偏离了这一焦点，转而讨论游戏规则和策略，而没有具体提及球体的特征。这表明玩家4的描述可能与球体无关，或者他的描述方式与平民不同。

3. 玩家4的描述意图可能是引导其他玩家注意游戏规则，而不是描述球体，这可能意味着他持有的词语与体育用品类中的球体不同，或者他可能不是球体的相关词语。

考虑到游戏分类为<体育用品>，且卧底词和平民词都属于该类，玩家4的描述与球体无关，且似乎有意引导讨论，这强烈暗示他可能是卧底。由于他描述的内容与球体特征不相关，且在体育用品类别中，除了球类，还有其他可能的卧底词，如“运动服”、“运动鞋”等。

因此，基于上述分析，玩家4很可能是卧底。|| 基于你刚刚的推断得出你的最终结论，请输出你认为的卧底，在这种情况下只需要输出编号，是1-4中的某个数字，不要输出其他信息。在这个过程不要进行任何推理，只对||以前的部分进行信息提取
2024-12-12 21:32:25,506 - 4 - INFO - **********PLAYER4**********
4
2024-12-12 21:32:33,627 - 4 - INFO - **********JUDGER**********
玩家1说：它是一种圆形的球体，通常用于各种球类运动。它在该类中最突出的不同特征可能是它的材质和尺寸，以及它通常与特定的运动紧密相关。它是一种标准的圆形物体，主要用于一项特定的竞技运动。这个物体的设计充分考虑了运动性能，其材质通常比其他球类更为耐用和适合高速运动。玩家2说：它是一种圆滑的物品，通常用于竞技运动。它的尺寸标准，材质多样，是许多运动中不可或缺的配件。相较于其他球类，它在材质和设计上可能更为专业。它是一种球体，用于一项团队竞技运动。这个球体的材质轻便且弹性好，适合在空中飞行和被击打。它的表面处理特殊，有助于球员更好地控制球的方向和速度。在所有球类中，它可能因为其独特的表面和重量而显得与众不同。玩家3说：它是一个用于各种运动的圆形物品，具有标准尺寸和材质。在体育用品类中，它的不同之处在于其通常与特定运动紧密相关，并且在材质和设计上可能更为专业。它是一种直径约为24厘米的球体，表面通常具有网状纹理，材质坚固耐用，专为在硬木地板上滚动设计。这个球体的重量适中，便于球员控制，且其设计考虑到了在运动中的稳定性和耐久性。在体育用品中，它的独特之处在于其与一项特定运动――一项涉及团队协作和球技的运动――的紧密联系。玩家4说：它是一种圆形的物品，用于竞技，有标准尺寸，材质多样。与其他球类相比，它在设计和材质上可能更注重专业性和运动特性。你是第4号玩家，你的关键词是<篮球>。你的回答中绝对不能包含你的关键词<篮球>。这是第二轮描述，你之前的描述是它是一种圆形的物品，用于竞技，有标准尺寸，材质多样。与其他球类相比，它在设计和材质上可能更注重专业性和运动特性。，注意，这局游戏的词语分类为<体育用品>，卧底词和平民词都属于该类，请你补充关于关键词的描述，注意，你的描述应该比起之前的描述更加贴近关键词，作为之前的补充
2024-12-12 21:32:35,644 - 4 - INFO - **********PLAYER4**********
这个物品在竞技运动中具有独特的形状和大小，它的设计旨在提供良好的手感。它通常由多种材料制成，结合了轻便性和耐用性。它的表面可能具有特殊的纹理，有助于提高抓地力和控制。这个物品在特定运动中扮演着核心角色，对于提高比赛效率和观赏性至关重要。
2024-12-12 21:33:33,496 - 4 - INFO - **********JUDGER**********
玩家1说：它是一种圆形的球体，通常用于各种球类运动。它在该类中最突出的不同特征可能是它的材质和尺寸，以及它通常与特定的运动紧密相关。它是一种标准的圆形物体，主要用于一项特定的竞技运动。这个物体的设计充分考虑了运动性能，其材质通常比其他球类更为耐用和适合高速运动。玩家2说：它是一种圆滑的物品，通常用于竞技运动。它的尺寸标准，材质多样，是许多运动中不可或缺的配件。相较于其他球类，它在材质和设计上可能更为专业。它是一种球体，用于一项团队竞技运动。这个球体的材质轻便且弹性好，适合在空中飞行和被击打。它的表面处理特殊，有助于球员更好地控制球的方向和速度。在所有球类中，它可能因为其独特的表面和重量而显得与众不同。玩家3说：它是一个用于各种运动的圆形物品，具有标准尺寸和材质。在体育用品类中，它的不同之处在于其通常与特定运动紧密相关，并且在材质和设计上可能更为专业。它是一种直径约为24厘米的球体，表面通常具有网状纹理，材质坚固耐用，专为在硬木地板上滚动设计。这个球体的重量适中，便于球员控制，且其设计考虑到了在运动中的稳定性和耐久性。在体育用品中，它的独特之处在于其与一项特定运动――一项涉及团队协作和球技的运动――的紧密联系。玩家4说：它是一种圆形的物品，用于竞技，有标准尺寸，材质多样。与其他球类相比，它在设计和材质上可能更注重专业性和运动特性。||在这个游戏中，我们需要通过分析每位玩家的描述来找出卧底。通常，平民的描述会围绕相同的词语展开，而卧底的描述可能会因为词语的不同而显得不太一致。我们需要仔细比较每个描述之间的相似性和差异性，以找出可能的卧底，注意，卧底并不会隐藏自己，他会直接描述他的词语，现在，逐一分析每个玩家的描述，注意，这局游戏的词语分类为<体育用品>，卧底词和平民词都属于该类。||之前是第2轮描述和之前轮数描述的合集。你之前认为的卧底是玩家4。
2024-12-12 21:33:45,132 - 4 - INFO - **********PLAYER4**********
根据第2轮描述和之前的分析，以下是对每位玩家描述的进一步分析：

玩家1的描述强调了球体的材质、尺寸和与特定运动的相关性，以及设计的运动性能和耐用性。这与玩家2和玩家3的描述有一定的相似性，他们都提到了球体的尺寸标准、材质多样性和与特定运动的关联。

玩家2的描述详细描述了球体的材质、弹性、表面处理以及它在空中飞行和被击打时的特性。这些描述与玩家1和玩家3的描述有一些重叠，尤其是关于球体的专业性和与特定运动的联系。

玩家3的描述提到了球体的标准尺寸、网状纹理、材质的坚固耐用性，以及它专为在硬木地板上滚动设计的特性。这些描述与玩家1和玩家2的描述有相似之处，都强调了球体的专业性和与特定运动的紧密联系。

玩家4的描述虽然也提到了球体的标准尺寸和材质多样性，但并没有像其他玩家那样详细描述球体的材质、设计和与特定运动的相关性。玩家4的描述相对较为笼统，没有提供关于球体专业性和运动特性的具体信息。

基于这些分析，玩家4的描述与其他玩家的描述相比，缺乏对球体专业性和运动特性的具体描述，这可能与他的角色（卧底）有关。因此，基于之前的分析，我仍然认为玩家4是卧底。
2024-12-12 21:33:45,133 - 4 - INFO - **********JUDGER**********
你刚刚的分析是根据第2轮描述和之前的分析，以下是对每位玩家描述的进一步分析：

玩家1的描述强调了球体的材质、尺寸和与特定运动的相关性，以及设计的运动性能和耐用性。这与玩家2和玩家3的描述有一定的相似性，他们都提到了球体的尺寸标准、材质多样性和与特定运动的关联。

玩家2的描述详细描述了球体的材质、弹性、表面处理以及它在空中飞行和被击打时的特性。这些描述与玩家1和玩家3的描述有一些重叠，尤其是关于球体的专业性和与特定运动的联系。

玩家3的描述提到了球体的标准尺寸、网状纹理、材质的坚固耐用性，以及它专为在硬木地板上滚动设计的特性。这些描述与玩家1和玩家2的描述有相似之处，都强调了球体的专业性和与特定运动的紧密联系。

玩家4的描述虽然也提到了球体的标准尺寸和材质多样性，但并没有像其他玩家那样详细描述球体的材质、设计和与特定运动的相关性。玩家4的描述相对较为笼统，没有提供关于球体专业性和运动特性的具体信息。

基于这些分析，玩家4的描述与其他玩家的描述相比，缺乏对球体专业性和运动特性的具体描述，这可能与他的角色（卧底）有关。因此，基于之前的分析，我仍然认为玩家4是卧底。|| `请根据上述分析，比较描述以找出不一致之处，注意，这局游戏的词语分类为<体育用品>，卧底词和平民词都属于该类。
2024-12-12 21:33:50,893 - 4 - INFO - **********PLAYER4**********
根据上述分析，以下是不一致之处：

1. 描述的详细程度：
   - 玩家1、玩家2和玩家3的描述都较为详细，具体提到了球体的材质、尺寸、纹理、耐用性、弹性、表面处理以及与特定运动的相关性。
   - 玩家4的描述相对较为笼统，没有提供关于球体材质、设计细节或与特定运动关联的详细信息。

2. 描述的专业性：
   - 玩家1、玩家2和玩家3的描述强调了球体的专业性和运动特性，如耐用性、弹性、表面处理和设计考虑。
   - 玩家4的描述没有体现出球体的专业性或运动特性，而是仅仅提到了标准尺寸和材质多样性。

3. 描述的针对性：
   - 玩家1、玩家2和玩家3的描述都针对特定的运动或球类，如特定竞技运动、团队竞技运动、硬木地板滚动等。
   - 玩家4的描述没有明确指出球体与特定运动或球类的关联。

这些不一致之处表明玩家4的描述与其他玩家的描述在详细程度、专业性和针对性上存在差异，这可能是卧底描述的一个特征。
2024-12-12 21:33:50,894 - 4 - INFO - **********JUDGER**********
你刚刚的分析是根据上述分析，以下是不一致之处：

1. 描述的详细程度：
   - 玩家1、玩家2和玩家3的描述都较为详细，具体提到了球体的材质、尺寸、纹理、耐用性、弹性、表面处理以及与特定运动的相关性。
   - 玩家4的描述相对较为笼统，没有提供关于球体材质、设计细节或与特定运动关联的详细信息。

2. 描述的专业性：
   - 玩家1、玩家2和玩家3的描述强调了球体的专业性和运动特性，如耐用性、弹性、表面处理和设计考虑。
   - 玩家4的描述没有体现出球体的专业性或运动特性，而是仅仅提到了标准尺寸和材质多样性。

3. 描述的针对性：
   - 玩家1、玩家2和玩家3的描述都针对特定的运动或球类，如特定竞技运动、团队竞技运动、硬木地板滚动等。
   - 玩家4的描述没有明确指出球体与特定运动或球类的关联。

这些不一致之处表明玩家4的描述与其他玩家的描述在详细程度、专业性和针对性上存在差异，这可能是卧底描述的一个特征。|| 请通过你分析的不一致之处，推断卧底身份，注意，这局游戏的词语分类为<体育用品>，卧底词和平民词都属于该类。
2024-12-12 21:33:55,189 - 4 - INFO - **********PLAYER4**********
基于分析的不一致之处，玩家4的描述在详细程度、专业性和针对性上与其他玩家的描述存在明显差异。这些差异表明玩家4的描述可能不是针对同一类球体，或者他的描述方式与平民不同。

考虑到游戏分类为<体育用品>，且卧底词和平民词都属于该类，玩家4的描述缺乏对球体专业性和运动特性的具体描述，这可能是他作为卧底的一个线索。由于其他玩家的描述都指向了具有特定材质、尺寸和与特定运动紧密相关的球体，而玩家4的描述没有提供这些具体信息，因此可以推断玩家4很可能是卧底。

因此，根据这些分析，玩家4是卧底。
2024-12-12 21:33:55,190 - 4 - INFO - **********JUDGER**********
你刚刚的推断是基于分析的不一致之处，玩家4的描述在详细程度、专业性和针对性上与其他玩家的描述存在明显差异。这些差异表明玩家4的描述可能不是针对同一类球体，或者他的描述方式与平民不同。

考虑到游戏分类为<体育用品>，且卧底词和平民词都属于该类，玩家4的描述缺乏对球体专业性和运动特性的具体描述，这可能是他作为卧底的一个线索。由于其他玩家的描述都指向了具有特定材质、尺寸和与特定运动紧密相关的球体，而玩家4的描述没有提供这些具体信息，因此可以推断玩家4很可能是卧底。

因此，根据这些分析，玩家4是卧底。|| 基于你刚刚的推断得出你的最终结论，请输出你认为的卧底，在这种情况下只需要输出编号，是1-4中的某个数字，不要输出其他信息。在这个过程不要进行任何推理，只对||以前的部分进行信息提取
2024-12-12 21:33:57,116 - 4 - INFO - **********PLAYER4**********
4
2024-12-12 21:34:08,042 - 4 - INFO - **********JUDGER**********
玩家1说：它是一种圆形的球体，通常用于各种球类运动。它在该类中最突出的不同特征可能是它的材质和尺寸，以及它通常与特定的运动紧密相关。它是一种标准的圆形物体，主要用于一项特定的竞技运动。这个物体的设计充分考虑了运动性能，其材质通常比其他球类更为耐用和适合高速运动。它是一种直径较大的球体，表面光滑，主要用于一项团队竞技运动。这个球体的设计注重于提升球员的操控性和运动中的稳定性。玩家2说：它是一种圆滑的物品，通常用于竞技运动。它的尺寸标准，材质多样，是许多运动中不可或缺的配件。相较于其他球类，它在材质和设计上可能更为专业。它是一种球体，用于一项团队竞技运动。这个球体的材质轻便且弹性好，适合在空中飞行和被击打。它的表面处理特殊，有助于球员更好地控制球的方向和速度。在所有球类中，它可能因为其独特的表面和重量而显得与众不同。它是一种直径较大的球体，通常由柔软的材料制成，如橡胶或皮革。这个球体的表面设计有特殊的凹凸纹理，增加了摩擦力，便于球员在比赛中控制。它的重量适中，既不会太轻以至于难以控制，也不会太重以至于影响球员的操控性。这个球体在空中飞行时具有较好的稳定性，适合进行传球、扣球和发球等动作。在竞技运动中，这个球体的设计和材质都是为了提高比赛效率和观赏性。玩家3说：它是一个用于各种运动的圆形物品，具有标准尺寸和材质。在体育用品类中，它的不同之处在于其通常与特定运动紧密相关，并且在材质和设计上可能更为专业。它是一种直径约为24厘米的球体，表面通常具有网状纹理，材质坚固耐用，专为在硬木地板上滚动设计。这个球体的重量适中，便于球员控制，且其设计考虑到了在运动中的稳定性和耐久性。在体育用品中，它的独特之处在于其与一项特定运动――一项涉及团队协作和球技的运动――的紧密联系。它是一种直径约为24厘米的球体，通常由柔软的材料制成，如橡胶或皮革。这个球体的表面设计有特殊的凹凸纹理，增加了摩擦力，便于球员在比赛中控制。它的重量适中，既不会太轻以至于难以控制，也不会太重以至于影响球员的操控性。这个球体在空中飞行时具有较好的稳定性，适合进行传球、扣球和发球等动作。在竞技运动中，这个球体的设计和材质都是为了提高比赛效率和观赏性。玩家4说：它是一种圆形的物品，用于竞技，有标准尺寸，材质多样。与其他球类相比，它在设计和材质上可能更注重专业性和运动特性。这个物品在竞技运动中具有独特的形状和大小，它的设计旨在提供良好的手感。它通常由多种材料制成，结合了轻便性和耐用性。它的表面可能具有特殊的纹理，有助于提高抓地力和控制。这个物品在特定运动中扮演着核心角色，对于提高比赛效率和观赏性至关重要。你是第4号玩家，你的关键词是<篮球>。你的回答中绝对不能包含你的关键词<篮球>。这是第三轮描述，你之前的描述是它是一种圆形的物品，用于竞技，有标准尺寸，材质多样。与其他球类相比，它在设计和材质上可能更注重专业性和运动特性。和这个物品在竞技运动中具有独特的形状和大小，它的设计旨在提供良好的手感。它通常由多种材料制成，结合了轻便性和耐用性。它的表面可能具有特殊的纹理，有助于提高抓地力和控制。这个物品在特定运动中扮演着核心角色，对于提高比赛效率和观赏性至关重要。，注意，这局游戏的词语分类为<体育用品>，卧底词和平民词都属于该类，请你补充关于关键词的描述，注意，你的描述应该比起之前的描述更加贴近关键词，作为之前的补充
2024-12-12 21:34:11,604 - 4 - INFO - **********PLAYER4**********
这个物品在竞技运动中具有独特的形状和大小，它的设计充分考虑了球员的操控性和运动中的稳定性。它通常由柔软的材料制成，如橡胶或皮革，并且表面具有特殊的凹凸纹理，增加了摩擦力，便于球员在比赛中控制。这个物品的重量适中，既不会太轻以至于难以控制，也不会太重以至于影响球员的操控性。在空中飞行时，它具有较好的稳定性，适合进行传球、扣球和发球等动作。这个物品在特定运动中扮演着核心角色，对于提高比赛效率和观赏性至关重要。
2024-12-12 21:35:15,999 - 4 - INFO - **********JUDGER**********
玩家1说：它是一种圆形的球体，通常用于各种球类运动。它在该类中最突出的不同特征可能是它的材质和尺寸，以及它通常与特定的运动紧密相关。它是一种标准的圆形物体，主要用于一项特定的竞技运动。这个物体的设计充分考虑了运动性能，其材质通常比其他球类更为耐用和适合高速运动。它是一种直径较大的球体，表面光滑，主要用于一项团队竞技运动。这个球体的设计注重于提升球员的操控性和运动中的稳定性。玩家2说：它是一种圆滑的物品，通常用于竞技运动。它的尺寸标准，材质多样，是许多运动中不可或缺的配件。相较于其他球类，它在材质和设计上可能更为专业。它是一种球体，用于一项团队竞技运动。这个球体的材质轻便且弹性好，适合在空中飞行和被击打。它的表面处理特殊，有助于球员更好地控制球的方向和速度。在所有球类中，它可能因为其独特的表面和重量而显得与众不同。它是一种直径较大的球体，通常由柔软的材料制成，如橡胶或皮革。这个球体的表面设计有特殊的凹凸纹理，增加了摩擦力，便于球员在比赛中控制。它的重量适中，既不会太轻以至于难以控制，也不会太重以至于影响球员的操控性。这个球体在空中飞行时具有较好的稳定性，适合进行传球、扣球和发球等动作。在竞技运动中，这个球体的设计和材质都是为了提高比赛效率和观赏性。玩家3说：它是一个用于各种运动的圆形物品，具有标准尺寸和材质。在体育用品类中，它的不同之处在于其通常与特定运动紧密相关，并且在材质和设计上可能更为专业。它是一种直径约为24厘米的球体，表面通常具有网状纹理，材质坚固耐用，专为在硬木地板上滚动设计。这个球体的重量适中，便于球员控制，且其设计考虑到了在运动中的稳定性和耐久性。在体育用品中，它的独特之处在于其与一项特定运动――一项涉及团队协作和球技的运动――的紧密联系。它是一种直径约为24厘米的球体，通常由柔软的材料制成，如橡胶或皮革。这个球体的表面设计有特殊的凹凸纹理，增加了摩擦力，便于球员在比赛中控制。它的重量适中，既不会太轻以至于难以控制，也不会太重以至于影响球员的操控性。这个球体在空中飞行时具有较好的稳定性，适合进行传球、扣球和发球等动作。在竞技运动中，这个球体的设计和材质都是为了提高比赛效率和观赏性。玩家4说：它是一种圆形的物品，用于竞技，有标准尺寸，材质多样。与其他球类相比，它在设计和材质上可能更注重专业性和运动特性。这个物品在竞技运动中具有独特的形状和大小，它的设计旨在提供良好的手感。它通常由多种材料制成，结合了轻便性和耐用性。它的表面可能具有特殊的纹理，有助于提高抓地力和控制。这个物品在特定运动中扮演着核心角色，对于提高比赛效率和观赏性至关重要。这个物品在竞技运动中具有独特的形状和大小，它的设计充分考虑了球员的操控性和运动中的稳定性。它通常由柔软的材料制成，如橡胶或皮革，并且表面具有特殊的凹凸纹理，增加了摩擦力，便于球员在比赛中控制。这个物品的重量适中，既不会太轻以至于难以控制，也不会太重以至于影响球员的操控性。在空中飞行时，它具有较好的稳定性，适合进行传球、扣球和发球等动作。这个物品在特定运动中扮演着核心角色，对于提高比赛效率和观赏性至关重要。||在这个游戏中，我们需要通过分析每位玩家的描述来找出卧底。通常，平民的描述会围绕相同的词语展开，而卧底的描述可能会因为词语的不同而显得不太一致。我们需要仔细比较每个描述之间的相似性和差异性，以找出可能的卧底，注意，卧底并不会隐藏自己，他会直接描述他的词语，现在，逐一分析每个玩家的描述，注意，这局游戏的词语分类为<体育用品>，卧底词和平民词都属于该类。||之前是第3轮描述和之前轮数描述的合集。你之前认为的卧底是玩家4。
2024-12-12 21:35:27,769 - 4 - INFO - **********PLAYER4**********
根据第3轮描述和之前的分析，以下是对每位玩家描述的进一步分析：

玩家1的描述强调了球体的材质、尺寸、耐用性、适合高速运动的特性，以及设计上的操控性和稳定性，特别提到了球体用于团队竞技运动。

玩家2的描述与玩家1有相似之处，也提到了球体的材质、尺寸、轻便性、弹性、表面处理，以及与特定团队竞技运动的关联。

玩家3的描述与玩家1和玩家2相似，提到了球体的标准尺寸、材质、网状纹理、坚固耐用性、滚动设计，以及与特定团队协作和球技运动的紧密联系。

玩家4的描述与玩家1、玩家2和玩家3相似，提到了球体的形状、大小、材质、轻便性、耐用性、表面纹理、重量适中、稳定性，以及与特定运动中传球、扣球和发球等动作的关联。

在所有玩家的描述中，玩家4的描述与其他玩家的描述最为一致，没有明显的差异。因此，根据描述的相似性，玩家4并不显得像卧底。

之前的推断是基于玩家4描述的笼统性和缺乏专业性描述，但在第三轮描述中，玩家4的描述与其他玩家更加接近，没有出现明显的不一致之处。因此，根据第三轮描述，无法确定玩家4是卧底。
2024-12-12 21:35:27,773 - 4 - INFO - **********JUDGER**********
你刚刚的分析是根据第3轮描述和之前的分析，以下是对每位玩家描述的进一步分析：

玩家1的描述强调了球体的材质、尺寸、耐用性、适合高速运动的特性，以及设计上的操控性和稳定性，特别提到了球体用于团队竞技运动。

玩家2的描述与玩家1有相似之处，也提到了球体的材质、尺寸、轻便性、弹性、表面处理，以及与特定团队竞技运动的关联。

玩家3的描述与玩家1和玩家2相似，提到了球体的标准尺寸、材质、网状纹理、坚固耐用性、滚动设计，以及与特定团队协作和球技运动的紧密联系。

玩家4的描述与玩家1、玩家2和玩家3相似，提到了球体的形状、大小、材质、轻便性、耐用性、表面纹理、重量适中、稳定性，以及与特定运动中传球、扣球和发球等动作的关联。

在所有玩家的描述中，玩家4的描述与其他玩家的描述最为一致，没有明显的差异。因此，根据描述的相似性，玩家4并不显得像卧底。

之前的推断是基于玩家4描述的笼统性和缺乏专业性描述，但在第三轮描述中，玩家4的描述与其他玩家更加接近，没有出现明显的不一致之处。因此，根据第三轮描述，无法确定玩家4是卧底。|| `请根据上述分析，比较描述以找出不一致之处，注意，这局游戏的词语分类为<体育用品>，卧底词和平民词都属于该类。
2024-12-12 21:35:35,795 - 4 - INFO - **********PLAYER4**********
根据上述分析，以下是不一致之处：

1. 描述的细节：
   - 玩家1、玩家2和玩家3的描述都包含了球体的材质、尺寸、耐用性、弹性、表面处理等具体细节。
   - 玩家4的描述虽然也提到了材质、轻便性、耐用性、表面纹理等，但没有像其他玩家那样详细描述球体的弹性、表面处理或滚动设计等特性。

2. 描述的特定运动关联：
   - 玩家1、玩家2和玩家3的描述都明确提到了球体与特定团队竞技运动的关联，如高速运动、传球、扣球、发球等。
   - 玩家4的描述虽然也提到了特定运动中的操控性和稳定性，但没有具体指出是哪种团队竞技运动。

3. 描述的球体形状和大小：
   - 玩家1、玩家2和玩家3的描述都提到了球体的直径大小或滚动设计等特征。
   - 玩家4的描述没有明确提到球体的直径大小或滚动设计。

这些不一致之处表明玩家4的描述在细节描述和特定运动关联上与其他玩家的描述存在差异，这可能是卧底描述的一个特征。然而，由于所有玩家的描述都属于<体育用品>类别，且都涉及球体，因此这些差异可能不足以确定玩家4是卧底。需要更多的信息或进一步的描述来确认。
2024-12-12 21:35:35,796 - 4 - INFO - **********JUDGER**********
你刚刚的分析是根据上述分析，以下是不一致之处：

1. 描述的细节：
   - 玩家1、玩家2和玩家3的描述都包含了球体的材质、尺寸、耐用性、弹性、表面处理等具体细节。
   - 玩家4的描述虽然也提到了材质、轻便性、耐用性、表面纹理等，但没有像其他玩家那样详细描述球体的弹性、表面处理或滚动设计等特性。

2. 描述的特定运动关联：
   - 玩家1、玩家2和玩家3的描述都明确提到了球体与特定团队竞技运动的关联，如高速运动、传球、扣球、发球等。
   - 玩家4的描述虽然也提到了特定运动中的操控性和稳定性，但没有具体指出是哪种团队竞技运动。

3. 描述的球体形状和大小：
   - 玩家1、玩家2和玩家3的描述都提到了球体的直径大小或滚动设计等特征。
   - 玩家4的描述没有明确提到球体的直径大小或滚动设计。

这些不一致之处表明玩家4的描述在细节描述和特定运动关联上与其他玩家的描述存在差异，这可能是卧底描述的一个特征。然而，由于所有玩家的描述都属于<体育用品>类别，且都涉及球体，因此这些差异可能不足以确定玩家4是卧底。需要更多的信息或进一步的描述来确认。|| 请通过你分析的不一致之处，推断卧底身份，注意，这局游戏的词语分类为<体育用品>，卧底词和平民词都属于该类。
2024-12-12 21:35:46,184 - 4 - INFO - **********PLAYER4**********
根据分析的不一致之处，玩家4的描述在细节描述和特定运动关联上与其他玩家的描述存在差异，这可能是卧底描述的一个特征。然而，由于所有玩家的描述都属于<体育用品>类别，且都涉及球体，这些差异可能不足以确定玩家4是卧底。

考虑到游戏规则和之前的信息，以下是对卧底身份的推断：

- 玩家1、玩家2和玩家3的描述都非常具体，提到了球体的材质、尺寸、耐用性、弹性、表面处理等，并且明确指出球体用于特定的团队竞技运动。
- 玩家4的描述虽然也提到了球体的材质、轻便性、耐用性等，但没有提供与特定运动相关的具体细节，如球体的直径大小、表面处理的具体类型，也没有明确指出球体用于哪种特定的团队竞技运动。

因此，基于这些信息，玩家4的描述与其他玩家的描述相比，可能在细节上不够具体，这可能是他作为卧底的一个线索。然而，由于所有描述都涉及球体，无法仅凭这些不一致之处确定玩家4就是卧底。需要更多的信息或进一步的描述来确认卧底身份。在这种情况下，无法直接推断出卧底的具体身份。
2024-12-12 21:35:46,185 - 4 - INFO - **********JUDGER**********
你刚刚的推断是根据分析的不一致之处，玩家4的描述在细节描述和特定运动关联上与其他玩家的描述存在差异，这可能是卧底描述的一个特征。然而，由于所有玩家的描述都属于<体育用品>类别，且都涉及球体，这些差异可能不足以确定玩家4是卧底。

考虑到游戏规则和之前的信息，以下是对卧底身份的推断：

- 玩家1、玩家2和玩家3的描述都非常具体，提到了球体的材质、尺寸、耐用性、弹性、表面处理等，并且明确指出球体用于特定的团队竞技运动。
- 玩家4的描述虽然也提到了球体的材质、轻便性、耐用性等，但没有提供与特定运动相关的具体细节，如球体的直径大小、表面处理的具体类型，也没有明确指出球体用于哪种特定的团队竞技运动。

因此，基于这些信息，玩家4的描述与其他玩家的描述相比，可能在细节上不够具体，这可能是他作为卧底的一个线索。然而，由于所有描述都涉及球体，无法仅凭这些不一致之处确定玩家4就是卧底。需要更多的信息或进一步的描述来确认卧底身份。在这种情况下，无法直接推断出卧底的具体身份。|| 基于你刚刚的推断得出你的最终结论，请输出你认为的卧底，在这种情况下只需要输出编号，是1-4中的某个数字，不要输出其他信息。在这个过程不要进行任何推理，只对||以前的部分进行信息提取
2024-12-12 21:35:47,863 - 4 - INFO - **********PLAYER4**********
4
2024-12-12 21:35:47,863 - 4 - INFO - **********JUDGER**********
你认为卧底是你自己。你现在需要随便选一个人投票。请输出一个数字，是1-4中的某个数字，但这个数字不能是4，不要输出其他信息。
2024-12-12 21:35:49,332 - 4 - INFO - **********PLAYER4**********
1
