2024-12-13 11:10:30,848 - 1 - INFO - **********JUDGER**********
让我们来玩一个叫做<谁是卧底>的推理游戏。基本规则：<人数>：4人。<角色分配>：每位玩家随机抽取一个词语，3名玩家拿到的词语是相同的（平民词），1名玩家拿到与之相近但不同的词语（卧底词）。<游戏流程>：1、玩家轮流描述自己的词语，但<不能>直接说出词语本身。2、描述完毕后，投票选出最像卧底的玩家。3、每轮结束后，被投票选出的玩家出局，不能再进行描述或投票。4、每轮投票结束后，如果卧底被成功找出，平民方获胜；如果卧底未被找出且卧底人数等于或超过平民人数，则卧底方获胜。你将扮演一个<玩家>，请等待你被分配到的关键词。如果你听懂了，只回答，"好的，我准备好参加游戏了"，不要输出别的信息
2024-12-13 11:10:31,318 - 1 - INFO - **********PLAYER1**********
好的，我准备好参加游戏了
2024-12-13 11:10:36,125 - 1 - INFO - **********JUDGER**********
玩家1说：玩家2说：玩家3说：玩家4说：|| 你是第1号玩家，你的关键词是<火车>。你的回答中绝对不能包含你的关键词<火车>。这是第一轮描述，不需要分析||之前别的玩家的描述，请你描述关键词基本特征，注意，这局游戏的词语分类为<交通工具>，卧底词和平民词都属于该类，描述包括以下两点，1.他的基本特征是什么2.他在该类（交通工具）中最突出不同的特征是什么，尽量简短
2024-12-13 11:10:39,428 - 1 - INFO - **********PLAYER1**********
这是一辆载客的陆上交通工具，它的轮子在铁轨上行驶，速度较快。与同类交通工具相比，它在长途旅行中更为舒适。
2024-12-13 11:10:46,954 - 1 - INFO - **********JUDGER**********
玩家1说：这是一辆载客的陆上交通工具，它的轮子在铁轨上行驶，速度较快。与同类交通工具相比，它在长途旅行中更为舒适。玩家2说：这是一类用于远距离运输的交通工具，它的主要特点是能在铁轨上高速行驶，相比其他交通工具，它提供了更加平稳和舒适的乘坐体验。其中最突出的不同之处在于它依赖于固定的铁轨系统，这使得它与其他交通工具如汽车或飞机相比，在舒适性和连续性上有所区别。玩家3说：这是一辆在道路上行驶的交通工具，拥有四个轮子，适用于城市交通。它最突出的不同之处在于它的动力来源于内燃机，这使得它在启动和加速方面比其他交通工具如电动车或自行车更快。玩家4说：||在这个游戏中，我们需要通过分析每位玩家的描述来找出卧底。通常，平民的描述会围绕相同的词语展开，而卧底的描述可能会因为词语的不同而显得不太一致。我们需要仔细比较每个描述之间的相似性和差异性，以找出可能的卧底，注意，卧底并不会隐藏自己，他会直接描述他的词语，现在，逐一分析每个玩家的描述，注意，这局游戏的词语分类为<交通工具>，卧底词和平民词都属于该类。这是第一轮描述。
2024-12-13 11:10:49,177 - 1 - INFO - **********PLAYER1**********
作为玩家1，我的描述如下：

我所说的交通工具，它通常用于承载大量乘客，具有宽敞的内部空间和舒适的座椅。它的独特之处在于它能够在多条线路之间穿梭，连接不同的城市和地区，这一点在长途旅行中尤为明显。与其他交通工具相比，它的运行更为稳定，不受天气影响，且具有较高的准时率。
2024-12-13 11:10:49,179 - 1 - INFO - **********JUDGER**********
你刚刚的分析是作为玩家1，我的描述如下：

我所说的交通工具，它通常用于承载大量乘客，具有宽敞的内部空间和舒适的座椅。它的独特之处在于它能够在多条线路之间穿梭，连接不同的城市和地区，这一点在长途旅行中尤为明显。与其他交通工具相比，它的运行更为稳定，不受天气影响，且具有较高的准时率。|| `请根据上述分析，比较描述以找出不一致之处，注意，这局游戏的词语分类为<交通工具>，卧底词和平民词都属于该类。
2024-12-13 11:10:56,775 - 1 - INFO - **********PLAYER1**********
根据玩家1的描述，我们可以看到以下几点：

1. 承载大量乘客，宽敞内部空间和舒适座椅。
2. 能够在多条线路之间穿梭，连接城市和地区。
3. 运行稳定，不受天气影响，准时率较高。

现在，我们需要比较这些描述与其他玩家的描述，以找出不一致之处。由于我没有玩家2、玩家3和玩家4的具体描述，我将根据玩家1的描述提出一些可能的不一致点：

- 如果玩家2、玩家3和玩家4的描述中提到了“铁轨”、“高速行驶”、“平稳和舒适的乘坐体验”等与铁路或火车相关的词汇，那么这些描述将与玩家1的描述更加一致。
- 如果玩家3的描述中提到了“在道路上行驶”和“动力来源于内燃机”，这与火车的基本特征不符，因为火车通常不在道路上行驶，且其动力来源主要是电力而非内燃机。
- 如果玩家4的描述中强调了“固定的铁轨系统”，这与玩家1的描述中提到的“能够在多条线路之间穿梭”存在矛盾，因为固定铁轨系统意味着线路是固定的，而不是穿梭于多条线路。

基于以上分析，不一致之处可能在于玩家3和玩家4的描述，因为它们提到了与火车不相关的特征，如道路行驶和内燃机动力，这与火车作为铁路交通工具的基本特征不符。这可能是寻找卧底的关键线索。
2024-12-13 11:10:56,781 - 1 - INFO - **********JUDGER**********
你刚刚的分析是根据玩家1的描述，我们可以看到以下几点：

1. 承载大量乘客，宽敞内部空间和舒适座椅。
2. 能够在多条线路之间穿梭，连接城市和地区。
3. 运行稳定，不受天气影响，准时率较高。

现在，我们需要比较这些描述与其他玩家的描述，以找出不一致之处。由于我没有玩家2、玩家3和玩家4的具体描述，我将根据玩家1的描述提出一些可能的不一致点：

- 如果玩家2、玩家3和玩家4的描述中提到了“铁轨”、“高速行驶”、“平稳和舒适的乘坐体验”等与铁路或火车相关的词汇，那么这些描述将与玩家1的描述更加一致。
- 如果玩家3的描述中提到了“在道路上行驶”和“动力来源于内燃机”，这与火车的基本特征不符，因为火车通常不在道路上行驶，且其动力来源主要是电力而非内燃机。
- 如果玩家4的描述中强调了“固定的铁轨系统”，这与玩家1的描述中提到的“能够在多条线路之间穿梭”存在矛盾，因为固定铁轨系统意味着线路是固定的，而不是穿梭于多条线路。

基于以上分析，不一致之处可能在于玩家3和玩家4的描述，因为它们提到了与火车不相关的特征，如道路行驶和内燃机动力，这与火车作为铁路交通工具的基本特征不符。这可能是寻找卧底的关键线索。|| 请通过你分析的不一致之处，推断卧底身份，注意，这局游戏的词语分类为<交通工具>，卧底词和平民词都属于该类。
2024-12-13 11:11:08,191 - 1 - INFO - **********PLAYER1**********
根据分析中提到的不一致之处，我们可以做出以下推断：

- 玩家3的描述提到“在道路上行驶”和“动力来源于内燃机”，这与火车的基本特征不符，因为火车是铁路交通工具，不在道路上行驶，且其动力来源主要是电力，而非内燃机。因此，玩家3的描述可能指向了与火车不同的交通工具，如汽车或卡车。

- 玩家4的描述强调“固定的铁轨系统”，这看似与玩家1的描述相符，但实际上可能存在误导。因为火车确实依赖于固定的铁轨系统，但玩家1的描述中提到的“能够在多条线路之间穿梭”暗示了火车的灵活性和广泛的线路覆盖，而玩家4的描述可能过于强调固定性，而没有提及穿梭于多条线路的能力。

综合以上分析，玩家3的描述最有可能是不一致的，因为它指向了一个与火车明显不同的交通工具。因此，根据这个线索，玩家3可能是卧底，他的关键词可能不是火车，而是另一个与铁路无关的交通工具，如汽车。
2024-12-13 11:11:08,195 - 1 - INFO - **********JUDGER**********
你刚刚的推断是根据分析中提到的不一致之处，我们可以做出以下推断：

- 玩家3的描述提到“在道路上行驶”和“动力来源于内燃机”，这与火车的基本特征不符，因为火车是铁路交通工具，不在道路上行驶，且其动力来源主要是电力，而非内燃机。因此，玩家3的描述可能指向了与火车不同的交通工具，如汽车或卡车。

- 玩家4的描述强调“固定的铁轨系统”，这看似与玩家1的描述相符，但实际上可能存在误导。因为火车确实依赖于固定的铁轨系统，但玩家1的描述中提到的“能够在多条线路之间穿梭”暗示了火车的灵活性和广泛的线路覆盖，而玩家4的描述可能过于强调固定性，而没有提及穿梭于多条线路的能力。

综合以上分析，玩家3的描述最有可能是不一致的，因为它指向了一个与火车明显不同的交通工具。因此，根据这个线索，玩家3可能是卧底，他的关键词可能不是火车，而是另一个与铁路无关的交通工具，如汽车。|| 基于你刚刚的推断得出你的最终结论，请输出你认为的卧底，在这种情况下只需要输出编号，是1-4中的某个数字，不要输出其他信息。在这个过程不要进行任何推理，只对||以前的部分进行信息提取
2024-12-13 11:11:08,666 - 1 - INFO - **********PLAYER1**********
3
2024-12-13 11:12:23,967 - 1 - INFO - **********JUDGER**********
玩家1说：这是一辆载客的陆上交通工具，它的轮子在铁轨上行驶，速度较快。与同类交通工具相比，它在长途旅行中更为舒适。玩家2说：这是一类用于远距离运输的交通工具，它的主要特点是能在铁轨上高速行驶，相比其他交通工具，它提供了更加平稳和舒适的乘坐体验。其中最突出的不同之处在于它依赖于固定的铁轨系统，这使得它与其他交通工具如汽车或飞机相比，在舒适性和连续性上有所区别。玩家3说：这是一辆在道路上行驶的交通工具，拥有四个轮子，适用于城市交通。它最突出的不同之处在于它的动力来源于内燃机，这使得它在启动和加速方面比其他交通工具如电动车或自行车更快。玩家4说：这是一类主要用于长途旅行的交通工具，具有固定轨道，依靠内燃机或电力驱动，能够在铁轨上高速行驶。它在该类交通工具中最突出的不同特征是依赖铁轨系统，提供稳定的速度和舒适的乘坐体验。你是第1号玩家，你的关键词是<火车>。你的回答中绝对不能包含你的关键词<火车>。这是第二轮描述，你之前的描述是这是一辆载客的陆上交通工具，它的轮子在铁轨上行驶，速度较快。与同类交通工具相比，它在长途旅行中更为舒适。，注意，这局游戏的词语分类为<交通工具>，卧底词和平民词都属于该类，请你补充关于关键词的描述，注意，你的描述应该比起之前的描述更加贴近关键词，作为之前的补充
2024-12-13 11:12:27,092 - 1 - INFO - **********PLAYER1**********
这是一款在固定轨道上运行的交通工具，它以其平稳的行驶和高效的运输能力著称。在长途旅行中，它能够提供一种与其他交通工具相比更为宁静和舒适的体验。
2024-12-13 11:12:39,210 - 1 - INFO - **********JUDGER**********
玩家1说：这是一辆载客的陆上交通工具，它的轮子在铁轨上行驶，速度较快。与同类交通工具相比，它在长途旅行中更为舒适。这是一款在固定轨道上运行的交通工具，它以其平稳的行驶和高效的运输能力著称。在长途旅行中，它能够提供一种与其他交通工具相比更为宁静和舒适的体验。玩家2说：这是一类用于远距离运输的交通工具，它的主要特点是能在铁轨上高速行驶，相比其他交通工具，它提供了更加平稳和舒适的乘坐体验。其中最突出的不同之处在于它依赖于固定的铁轨系统，这使得它与其他交通工具如汽车或飞机相比，在舒适性和连续性上有所区别。这类交通工具以其在固定轨道上的运行而闻名，它能够在长途旅行中提供无与伦比的平稳性和连续性。它的设计使得乘客能够在高速移动的同时享受到相对宁静的旅行环境。这种交通工具的内部空间通常宽敞，座椅舒适，适合长时间的乘坐。它的速度虽然快，但舒适度是它最显著的特点之一。玩家3说：这是一辆在道路上行驶的交通工具，拥有四个轮子，适用于城市交通。它最突出的不同之处在于它的动力来源于内燃机，这使得它在启动和加速方面比其他交通工具如电动车或自行车更快。这是一类在水中行驶的交通工具，它通过推进器或螺旋桨来驱动，适合在水下进行远距离旅行。与陆地上的交通工具不同，它在水中航行时不受道路或地形的限制，能够在水下提供稳定的速度和舒适的环境。这类交通工具通常用于军事、科研或特定的商业用途，它的内部设计旨在提供良好的乘客体验，即使在长时间的水下航行中也能保持舒适。玩家4说：这是一类主要用于长途旅行的交通工具，具有固定轨道，依靠内燃机或电力驱动，能够在铁轨上高速行驶。它在该类交通工具中最突出的不同特征是依赖铁轨系统，提供稳定的速度和舒适的乘坐体验。||在这个游戏中，我们需要通过分析每位玩家的描述来找出卧底。通常，平民的描述会围绕相同的词语展开，而卧底的描述可能会因为词语的不同而显得不太一致。我们需要仔细比较每个描述之间的相似性和差异性，以找出可能的卧底，注意，卧底并不会隐藏自己，他会直接描述他的词语，现在，逐一分析每个玩家的描述，注意，这局游戏的词语分类为<交通工具>，卧底词和平民词都属于该类。||之前是第2轮描述和之前轮数描述的合集。你之前认为的卧底是玩家3。
2024-12-13 11:12:40,381 - 1 - INFO - **********PLAYER1**********
玩家3
2024-12-13 11:12:40,382 - 1 - INFO - **********JUDGER**********
你刚刚的分析是玩家3|| `请根据上述分析，比较描述以找出不一致之处，注意，这局游戏的词语分类为<交通工具>，卧底词和平民词都属于该类。
2024-12-13 11:13:07,590 - 1 - INFO - **********PLAYER1**********
根据玩家3的描述，我们可以看到以下几点：

1. 描述了一辆在道路上行驶的交通工具。
2. 拥有四个轮子，适用于城市交通。
3. 动力来源于内燃机，启动和加速快。
4. 还描述了一类在水中行驶的交通工具。
5. 通过推进器或螺旋桨驱动，适合水下远距离旅行。
6. 在水中航行时不受道路或地形限制。
7. 旨在提供良好的乘客体验，即使在长时间水下航行中也能保持舒适。

现在，我们将玩家3的描述与其他玩家的描述进行比较：

- 玩家1的描述主要集中在火车的载客、铁轨行驶、速度快和长途旅行舒适的特点上。
- 玩家2的描述也集中在火车的远距离运输、铁轨高速行驶、平稳舒适和固定铁轨系统上。
- 玩家4的描述与玩家2相似，强调了火车的固定轨道、高速行驶、稳定速度和舒适体验。

玩家3的描述中提到了两个完全不同的交通工具：一辆在道路上行驶的交通工具（可能是指汽车）和一辆在水中行驶的交通工具（可能是指潜艇或某些特殊用途的船只）。这与玩家1、2和4的描述中只提到火车的特点形成了鲜明对比。

不一致之处在于玩家3的描述中同时提到了陆地和水中行驶的交通工具，而其他玩家的描述都集中在火车的特征上。这表明玩家3的描述可能包含与火车不同的交通工具，因此可能是卧底。
2024-12-13 11:13:07,591 - 1 - INFO - **********JUDGER**********
你刚刚的分析是根据玩家3的描述，我们可以看到以下几点：

1. 描述了一辆在道路上行驶的交通工具。
2. 拥有四个轮子，适用于城市交通。
3. 动力来源于内燃机，启动和加速快。
4. 还描述了一类在水中行驶的交通工具。
5. 通过推进器或螺旋桨驱动，适合水下远距离旅行。
6. 在水中航行时不受道路或地形限制。
7. 旨在提供良好的乘客体验，即使在长时间水下航行中也能保持舒适。

现在，我们将玩家3的描述与其他玩家的描述进行比较：

- 玩家1的描述主要集中在火车的载客、铁轨行驶、速度快和长途旅行舒适的特点上。
- 玩家2的描述也集中在火车的远距离运输、铁轨高速行驶、平稳舒适和固定铁轨系统上。
- 玩家4的描述与玩家2相似，强调了火车的固定轨道、高速行驶、稳定速度和舒适体验。

玩家3的描述中提到了两个完全不同的交通工具：一辆在道路上行驶的交通工具（可能是指汽车）和一辆在水中行驶的交通工具（可能是指潜艇或某些特殊用途的船只）。这与玩家1、2和4的描述中只提到火车的特点形成了鲜明对比。

不一致之处在于玩家3的描述中同时提到了陆地和水中行驶的交通工具，而其他玩家的描述都集中在火车的特征上。这表明玩家3的描述可能包含与火车不同的交通工具，因此可能是卧底。|| 请通过你分析的不一致之处，推断卧底身份，注意，这局游戏的词语分类为<交通工具>，卧底词和平民词都属于该类。
2024-12-13 11:13:08,969 - 1 - INFO - **********PLAYER1**********
玩家3
2024-12-13 11:13:08,971 - 1 - INFO - **********JUDGER**********
你刚刚的推断是玩家3|| 基于你刚刚的推断得出你的最终结论，请输出你认为的卧底，在这种情况下只需要输出编号，是1-4中的某个数字，不要输出其他信息。在这个过程不要进行任何推理，只对||以前的部分进行信息提取
2024-12-13 11:13:09,871 - 1 - INFO - **********PLAYER1**********
3
2024-12-13 11:14:22,481 - 1 - INFO - **********JUDGER**********
玩家1说：这是一辆载客的陆上交通工具，它的轮子在铁轨上行驶，速度较快。与同类交通工具相比，它在长途旅行中更为舒适。这是一款在固定轨道上运行的交通工具，它以其平稳的行驶和高效的运输能力著称。在长途旅行中，它能够提供一种与其他交通工具相比更为宁静和舒适的体验。玩家2说：这是一类用于远距离运输的交通工具，它的主要特点是能在铁轨上高速行驶，相比其他交通工具，它提供了更加平稳和舒适的乘坐体验。其中最突出的不同之处在于它依赖于固定的铁轨系统，这使得它与其他交通工具如汽车或飞机相比，在舒适性和连续性上有所区别。这类交通工具以其在固定轨道上的运行而闻名，它能够在长途旅行中提供无与伦比的平稳性和连续性。它的设计使得乘客能够在高速移动的同时享受到相对宁静的旅行环境。这种交通工具的内部空间通常宽敞，座椅舒适，适合长时间的乘坐。它的速度虽然快，但舒适度是它最显著的特点之一。玩家3说：这是一辆在道路上行驶的交通工具，拥有四个轮子，适用于城市交通。它最突出的不同之处在于它的动力来源于内燃机，这使得它在启动和加速方面比其他交通工具如电动车或自行车更快。这是一类在水中行驶的交通工具，它通过推进器或螺旋桨来驱动，适合在水下进行远距离旅行。与陆地上的交通工具不同，它在水中航行时不受道路或地形的限制，能够在水下提供稳定的速度和舒适的环境。这类交通工具通常用于军事、科研或特定的商业用途，它的内部设计旨在提供良好的乘客体验，即使在长时间的水下航行中也能保持舒适。玩家4说：这是一类主要用于长途旅行的交通工具，具有固定轨道，依靠内燃机或电力驱动，能够在铁轨上高速行驶。它在该类交通工具中最突出的不同特征是依赖铁轨系统，提供稳定的速度和舒适的乘坐体验。这是一款在固定轨道上运行的交通工具，以其能够跨越长距离而闻名。它通过内燃机或电力驱动，提供高速、平稳的旅行体验。相比其他交通工具，它能够在长途旅行中保持较高的舒适度，让乘客在旅途中感受到宁静和放松。这种交通工具的内部空间设计注重乘客的乘坐体验，通常配备有宽敞的座位和现代化的设施，使得长时间旅行变得更加舒适。你是第1号玩家，你的关键词是<火车>。你的回答中绝对不能包含你的关键词<火车>。这是第三轮描述，你之前的描述是这是一辆载客的陆上交通工具，它的轮子在铁轨上行驶，速度较快。与同类交通工具相比，它在长途旅行中更为舒适。和这是一款在固定轨道上运行的交通工具，它以其平稳的行驶和高效的运输能力著称。在长途旅行中，它能够提供一种与其他交通工具相比更为宁静和舒适的体验。，注意，这局游戏的词语分类为<交通工具>，卧底词和平民词都属于该类，请你补充关于关键词的描述，注意，你的描述应该比起之前的描述更加贴近关键词，作为之前的补充
2024-12-13 11:14:25,981 - 1 - INFO - **********PLAYER1**********
这是一款依靠固定轨道运行的交通工具，它以其稳定的速度和可靠性著称。在长途旅行中，它能够提供一种与其他交通工具相比更为平和和舒适的体验，尤其适合跨越长距离。
2024-12-13 11:14:35,443 - 1 - INFO - **********JUDGER**********
玩家1说：这是一辆载客的陆上交通工具，它的轮子在铁轨上行驶，速度较快。与同类交通工具相比，它在长途旅行中更为舒适。这是一款在固定轨道上运行的交通工具，它以其平稳的行驶和高效的运输能力著称。在长途旅行中，它能够提供一种与其他交通工具相比更为宁静和舒适的体验。这是一款依靠固定轨道运行的交通工具，它以其稳定的速度和可靠性著称。在长途旅行中，它能够提供一种与其他交通工具相比更为平和和舒适的体验，尤其适合跨越长距离。玩家2说：这是一类用于远距离运输的交通工具，它的主要特点是能在铁轨上高速行驶，相比其他交通工具，它提供了更加平稳和舒适的乘坐体验。其中最突出的不同之处在于它依赖于固定的铁轨系统，这使得它与其他交通工具如汽车或飞机相比，在舒适性和连续性上有所区别。这类交通工具以其在固定轨道上的运行而闻名，它能够在长途旅行中提供无与伦比的平稳性和连续性。它的设计使得乘客能够在高速移动的同时享受到相对宁静的旅行环境。这种交通工具的内部空间通常宽敞，座椅舒适，适合长时间的乘坐。它的速度虽然快，但舒适度是它最显著的特点之一。这类交通工具以其在特定轨道上的运行而著称，它能够跨越长距离，连接城市和地区，提供高效且可靠的运输服务。它的特点是拥有多个车厢，可以容纳大量乘客，且在行驶过程中能够保持高度稳定性。这种交通工具在长途旅行中尤为受欢迎，因为它能够在不同气候条件下保持一致的速度，同时提供宽敞的座位和良好的通风，确保乘客在长时间乘坐中保持舒适。玩家3说：这是一辆在道路上行驶的交通工具，拥有四个轮子，适用于城市交通。它最突出的不同之处在于它的动力来源于内燃机，这使得它在启动和加速方面比其他交通工具如电动车或自行车更快。这是一类在水中行驶的交通工具，它通过推进器或螺旋桨来驱动，适合在水下进行远距离旅行。与陆地上的交通工具不同，它在水中航行时不受道路或地形的限制，能够在水下提供稳定的速度和舒适的环境。这类交通工具通常用于军事、科研或特定的商业用途，它的内部设计旨在提供良好的乘客体验，即使在长时间的水下航行中也能保持舒适。这是一类在水中行驶的交通工具，它通过推进器或螺旋桨来驱动，适合在水下进行远距离旅行。这类交通工具通常用于军事、科研或特定的商业用途，它的内部设计注重乘客的舒适性和安全性，即使在长时间的水下航行中也能保持稳定。与陆地上的交通工具相比，它在水中航行时不受道路或地形的限制，能够在水下提供稳定的速度。这类交通工具的构造复杂，需要特殊的耐压材料和技术，以确保在深水压力下能够正常运作。玩家4说：这是一类主要用于长途旅行的交通工具，具有固定轨道，依靠内燃机或电力驱动，能够在铁轨上高速行驶。它在该类交通工具中最突出的不同特征是依赖铁轨系统，提供稳定的速度和舒适的乘坐体验。这是一款在固定轨道上运行的交通工具，以其能够跨越长距离而闻名。它通过内燃机或电力驱动，提供高速、平稳的旅行体验。相比其他交通工具，它能够在长途旅行中保持较高的舒适度，让乘客在旅途中感受到宁静和放松。这种交通工具的内部空间设计注重乘客的乘坐体验，通常配备有宽敞的座位和现代化的设施，使得长时间旅行变得更加舒适。这款交通工具以其在特定轨道上运行的连续性和稳定性著称。它能够跨越广泛的地理距离，连接不同的城市和地区，为乘客提供快速、可靠的旅行方式。它的设计允许在长途旅行中保持一致的速度，同时减少颠簸，确保乘客的舒适度。这种交通工具的内部空间通常被优化以容纳大量乘客，并提供必要的设施，如餐车和休息区，以支持长时间的旅程。它的动力来源可以是内燃机或电力，这取决于具体的设计和运营需求。||在这个游戏中，我们需要通过分析每位玩家的描述来找出卧底。通常，平民的描述会围绕相同的词语展开，而卧底的描述可能会因为词语的不同而显得不太一致。我们需要仔细比较每个描述之间的相似性和差异性，以找出可能的卧底，注意，卧底并不会隐藏自己，他会直接描述他的词语，现在，逐一分析每个玩家的描述，注意，这局游戏的词语分类为<交通工具>，卧底词和平民词都属于该类。||之前是第3轮描述和之前轮数描述的合集。你之前认为的卧底是玩家3。
2024-12-13 11:14:37,586 - 1 - INFO - **********PLAYER1**********
3
2024-12-13 11:14:37,587 - 1 - INFO - **********JUDGER**********
你刚刚的分析是3|| `请根据上述分析，比较描述以找出不一致之处，注意，这局游戏的词语分类为<交通工具>，卧底词和平民词都属于该类。
2024-12-13 11:14:45,486 - 1 - INFO - **********PLAYER1**********
根据玩家们的描述，以下是不一致之处：

- 玩家1、玩家2和玩家4的描述都集中在一种固定轨道上运行的交通工具上，强调其高速、平稳、舒适和用于长途旅行等特点。
- 玩家3的描述则提到了两种不同的交通工具：一种在道路上行驶，拥有四个轮子，适用于城市交通，动力来源于内燃机；另一种在水中行驶，通过推进器或螺旋桨驱动，适合水下远距离旅行。
- 玩家3的描述中提到了“不受道路或地形的限制”和“在水下提供稳定的速度和舒适的环境”，这与固定轨道上的交通工具（如火车）的特征不符。
- 玩家3的描述中还提到了“这类交通工具通常用于军事、科研或特定的商业用途”，这与玩家1、2和4描述的长途旅行和大众运输用途不同。

这些不一致之处表明玩家3的描述与其他玩家的描述在交通工具的类型和用途上存在显著差异，因此玩家3的描述可能指向了与火车不同的交通工具，从而可能是卧底。
2024-12-13 11:14:45,491 - 1 - INFO - **********JUDGER**********
你刚刚的分析是根据玩家们的描述，以下是不一致之处：

- 玩家1、玩家2和玩家4的描述都集中在一种固定轨道上运行的交通工具上，强调其高速、平稳、舒适和用于长途旅行等特点。
- 玩家3的描述则提到了两种不同的交通工具：一种在道路上行驶，拥有四个轮子，适用于城市交通，动力来源于内燃机；另一种在水中行驶，通过推进器或螺旋桨驱动，适合水下远距离旅行。
- 玩家3的描述中提到了“不受道路或地形的限制”和“在水下提供稳定的速度和舒适的环境”，这与固定轨道上的交通工具（如火车）的特征不符。
- 玩家3的描述中还提到了“这类交通工具通常用于军事、科研或特定的商业用途”，这与玩家1、2和4描述的长途旅行和大众运输用途不同。

这些不一致之处表明玩家3的描述与其他玩家的描述在交通工具的类型和用途上存在显著差异，因此玩家3的描述可能指向了与火车不同的交通工具，从而可能是卧底。|| 请通过你分析的不一致之处，推断卧底身份，注意，这局游戏的词语分类为<交通工具>，卧底词和平民词都属于该类。
2024-12-13 11:14:46,337 - 1 - INFO - **********PLAYER1**********
3
2024-12-13 11:14:46,339 - 1 - INFO - **********JUDGER**********
你刚刚的推断是3|| 基于你刚刚的推断得出你的最终结论，请输出你认为的卧底，在这种情况下只需要输出编号，是1-4中的某个数字，不要输出其他信息。在这个过程不要进行任何推理，只对||以前的部分进行信息提取
2024-12-13 11:14:48,247 - 1 - INFO - **********PLAYER1**********
以前的信息提取中，玩家3的描述与火车这一关键词不符，因为他提到了在道路上行驶的交通工具和在水下行驶的交通工具，这些都是与火车不同的特征。因此，根据之前的信息提取，卧底是玩家3。
2024-12-13 11:14:48,249 - 1 - WARNING - Invalid vote: 以前的信息提取中，玩家3的描述与火车这一关键词不符，因为他提到了在道路上行驶的交通工具和在水下行驶的交通工具，这些都是与火车不同的特征。因此，根据之前的信息提取，卧底是玩家3。. Asking again.
2024-12-13 11:14:48,250 - 1 - INFO - **********JUDGER**********
你刚刚的推断是3|| 基于你刚刚的推断得出你的最终结论，请输出你认为的卧底，在这种情况下只需要输出编号，是1-4中的某个数字，不要输出其他信息。在这个过程不要进行任何推理，只对||以前的部分进行信息提取
2024-12-13 11:14:49,314 - 1 - INFO - **********PLAYER1**********
3
