2024-12-13 11:10:32,380 - 2 - INFO - **********JUDGER**********
让我们来玩一个叫做<谁是卧底>的推理游戏。基本规则：<人数>：4人。<角色分配>：每位玩家随机抽取一个词语，3名玩家拿到的词语是相同的（平民词），1名玩家拿到与之相近但不同的词语（卧底词）。<游戏流程>：1、玩家轮流描述自己的词语，但<不能>直接说出词语本身。2、描述完毕后，投票选出最像卧底的玩家。3、每轮结束后，被投票选出的玩家出局，不能再进行描述或投票。4、每轮投票结束后，如果卧底被成功找出，平民方获胜；如果卧底未被找出且卧底人数等于或超过平民人数，则卧底方获胜。你将扮演一个<玩家>，请等待你被分配到的关键词。如果你听懂了，只回答，"好的，我准备好参加游戏了"，不要输出别的信息
2024-12-13 11:10:33,052 - 2 - INFO - **********PLAYER2**********
好的，我准备好参加游戏了
2024-12-13 11:10:39,430 - 2 - INFO - **********JUDGER**********
玩家1说：这是一辆载客的陆上交通工具，它的轮子在铁轨上行驶，速度较快。与同类交通工具相比，它在长途旅行中更为舒适。玩家2说：玩家3说：玩家4说：|| 你是第2号玩家，你的关键词是<火车>。你的回答中绝对不能包含你的关键词<火车>。这是第一轮描述，不需要分析||之前别的玩家的描述，请你描述关键词基本特征，注意，这局游戏的词语分类为<交通工具>，卧底词和平民词都属于该类，描述包括以下两点，1.他的基本特征是什么2.他在该类（交通工具）中最突出不同的特征是什么，尽量简短
2024-12-13 11:10:42,690 - 2 - INFO - **********PLAYER2**********
这是一类用于远距离运输的交通工具，它的主要特点是能在铁轨上高速行驶，相比其他交通工具，它提供了更加平稳和舒适的乘坐体验。其中最突出的不同之处在于它依赖于固定的铁轨系统，这使得它与其他交通工具如汽车或飞机相比，在舒适性和连续性上有所区别。
2024-12-13 11:11:08,667 - 2 - INFO - **********JUDGER**********
玩家1说：这是一辆载客的陆上交通工具，它的轮子在铁轨上行驶，速度较快。与同类交通工具相比，它在长途旅行中更为舒适。玩家2说：这是一类用于远距离运输的交通工具，它的主要特点是能在铁轨上高速行驶，相比其他交通工具，它提供了更加平稳和舒适的乘坐体验。其中最突出的不同之处在于它依赖于固定的铁轨系统，这使得它与其他交通工具如汽车或飞机相比，在舒适性和连续性上有所区别。玩家3说：这是一辆在道路上行驶的交通工具，拥有四个轮子，适用于城市交通。它最突出的不同之处在于它的动力来源于内燃机，这使得它在启动和加速方面比其他交通工具如电动车或自行车更快。玩家4说：||在这个游戏中，我们需要通过分析每位玩家的描述来找出卧底。通常，平民的描述会围绕相同的词语展开，而卧底的描述可能会因为词语的不同而显得不太一致。我们需要仔细比较每个描述之间的相似性和差异性，以找出可能的卧底，注意，卧底并不会隐藏自己，他会直接描述他的词语，现在，逐一分析每个玩家的描述，注意，这局游戏的词语分类为<交通工具>，卧底词和平民词都属于该类。这是第一轮描述。
2024-12-13 11:11:13,976 - 2 - INFO - **********PLAYER2**********
好的，根据玩家们的描述，我们可以进行以下分析：

玩家1和玩家2的描述非常相似，都提到了载客、铁轨、高速行驶、长途旅行和舒适度，这暗示他们可能是平民，因为他们的描述都围绕着同一个词语展开。

玩家3的描述提到了在道路上行驶、四个轮子、城市交通、内燃机、启动快等特征，这些描述与玩家1和玩家2的描述有明显的差异，且提到了“启动快”，这可能是对火车速度的误解，因此玩家3的描述可能指向了一个不同的词语，他可能是卧底。

玩家4的描述更像是对游戏规则的总结和提示，而不是对某个词语的描述，因此玩家4可能是平民。

综上所述，玩家3的描述与玩家1和玩家2的描述不一致，且包含了可能的误解，因此玩家3可能是卧底。
2024-12-13 11:11:13,978 - 2 - INFO - **********JUDGER**********
你刚刚的分析是好的，根据玩家们的描述，我们可以进行以下分析：

玩家1和玩家2的描述非常相似，都提到了载客、铁轨、高速行驶、长途旅行和舒适度，这暗示他们可能是平民，因为他们的描述都围绕着同一个词语展开。

玩家3的描述提到了在道路上行驶、四个轮子、城市交通、内燃机、启动快等特征，这些描述与玩家1和玩家2的描述有明显的差异，且提到了“启动快”，这可能是对火车速度的误解，因此玩家3的描述可能指向了一个不同的词语，他可能是卧底。

玩家4的描述更像是对游戏规则的总结和提示，而不是对某个词语的描述，因此玩家4可能是平民。

综上所述，玩家3的描述与玩家1和玩家2的描述不一致，且包含了可能的误解，因此玩家3可能是卧底。|| `请根据上述分析，比较描述以找出不一致之处，注意，这局游戏的词语分类为<交通工具>，卧底词和平民词都属于该类。
2024-12-13 11:11:22,570 - 2 - INFO - **********PLAYER2**********
根据上述分析，我们可以比较描述中的不一致之处如下：

1. 玩家1和玩家2的描述都集中在“载客”、“铁轨”、“高速行驶”、“长途旅行”和“舒适度”这些特征上，这些特征与火车这一交通工具相符。

2. 玩家3的描述提到了“道路上行驶”、“四个轮子”、“城市交通”、“内燃机”和“启动快”，这些特征更符合汽车或摩托车等交通工具，而不是火车。

3. 玩家4的描述没有具体指向任何交通工具，而是对游戏规则进行了总结，这表明玩家4可能是平民，而不是在描述一个具体的交通工具。

不一致之处主要体现在玩家3的描述中，它提到的特征与火车不符，而是与汽车或摩托车等交通工具更为接近。因此，玩家3的描述可能是基于一个与火车不同的词语，这表明他可能是卧底。而玩家1、玩家2和玩家4的描述则更倾向于指向火车这一词语。
2024-12-13 11:11:22,574 - 2 - INFO - **********JUDGER**********
你刚刚的分析是根据上述分析，我们可以比较描述中的不一致之处如下：

1. 玩家1和玩家2的描述都集中在“载客”、“铁轨”、“高速行驶”、“长途旅行”和“舒适度”这些特征上，这些特征与火车这一交通工具相符。

2. 玩家3的描述提到了“道路上行驶”、“四个轮子”、“城市交通”、“内燃机”和“启动快”，这些特征更符合汽车或摩托车等交通工具，而不是火车。

3. 玩家4的描述没有具体指向任何交通工具，而是对游戏规则进行了总结，这表明玩家4可能是平民，而不是在描述一个具体的交通工具。

不一致之处主要体现在玩家3的描述中，它提到的特征与火车不符，而是与汽车或摩托车等交通工具更为接近。因此，玩家3的描述可能是基于一个与火车不同的词语，这表明他可能是卧底。而玩家1、玩家2和玩家4的描述则更倾向于指向火车这一词语。|| 请通过你分析的不一致之处，推断卧底身份，注意，这局游戏的词语分类为<交通工具>，卧底词和平民词都属于该类。
2024-12-13 11:11:27,004 - 2 - INFO - **********PLAYER2**********
根据上述分析的不一致之处，可以推断以下卧底身份：

- 玩家3的描述中提到的特征“道路上行驶”、“四个轮子”、“城市交通”、“内燃机”和“启动快”与火车不符，这些特征更符合汽车或摩托车等交通工具。由于游戏中的词语分类为<交通工具>，且卧底词和平民词都属于该类，因此玩家3的描述指向的词语很可能是汽车或摩托车。

因此，根据描述中的不一致之处，玩家3很可能是卧底。
2024-12-13 11:11:27,006 - 2 - INFO - **********JUDGER**********
你刚刚的推断是根据上述分析的不一致之处，可以推断以下卧底身份：

- 玩家3的描述中提到的特征“道路上行驶”、“四个轮子”、“城市交通”、“内燃机”和“启动快”与火车不符，这些特征更符合汽车或摩托车等交通工具。由于游戏中的词语分类为<交通工具>，且卧底词和平民词都属于该类，因此玩家3的描述指向的词语很可能是汽车或摩托车。

因此，根据描述中的不一致之处，玩家3很可能是卧底。|| 基于你刚刚的推断得出你的最终结论，请输出你认为的卧底，在这种情况下只需要输出编号，是1-4中的某个数字，不要输出其他信息。在这个过程不要进行任何推理，只对||以前的部分进行信息提取
2024-12-13 11:11:27,465 - 2 - INFO - **********PLAYER2**********
3
2024-12-13 11:12:27,094 - 2 - INFO - **********JUDGER**********
玩家1说：这是一辆载客的陆上交通工具，它的轮子在铁轨上行驶，速度较快。与同类交通工具相比，它在长途旅行中更为舒适。这是一款在固定轨道上运行的交通工具，它以其平稳的行驶和高效的运输能力著称。在长途旅行中，它能够提供一种与其他交通工具相比更为宁静和舒适的体验。玩家2说：这是一类用于远距离运输的交通工具，它的主要特点是能在铁轨上高速行驶，相比其他交通工具，它提供了更加平稳和舒适的乘坐体验。其中最突出的不同之处在于它依赖于固定的铁轨系统，这使得它与其他交通工具如汽车或飞机相比，在舒适性和连续性上有所区别。玩家3说：这是一辆在道路上行驶的交通工具，拥有四个轮子，适用于城市交通。它最突出的不同之处在于它的动力来源于内燃机，这使得它在启动和加速方面比其他交通工具如电动车或自行车更快。玩家4说：这是一类主要用于长途旅行的交通工具，具有固定轨道，依靠内燃机或电力驱动，能够在铁轨上高速行驶。它在该类交通工具中最突出的不同特征是依赖铁轨系统，提供稳定的速度和舒适的乘坐体验。你是第2号玩家，你的关键词是<火车>。你的回答中绝对不能包含你的关键词<火车>。这是第二轮描述，你之前的描述是这是一类用于远距离运输的交通工具，它的主要特点是能在铁轨上高速行驶，相比其他交通工具，它提供了更加平稳和舒适的乘坐体验。其中最突出的不同之处在于它依赖于固定的铁轨系统，这使得它与其他交通工具如汽车或飞机相比，在舒适性和连续性上有所区别。，注意，这局游戏的词语分类为<交通工具>，卧底词和平民词都属于该类，请你补充关于关键词的描述，注意，你的描述应该比起之前的描述更加贴近关键词，作为之前的补充
2024-12-13 11:12:30,563 - 2 - INFO - **********PLAYER2**********
这类交通工具以其在固定轨道上的运行而闻名，它能够在长途旅行中提供无与伦比的平稳性和连续性。它的设计使得乘客能够在高速移动的同时享受到相对宁静的旅行环境。这种交通工具的内部空间通常宽敞，座椅舒适，适合长时间的乘坐。它的速度虽然快，但舒适度是它最显著的特点之一。
2024-12-13 11:13:09,872 - 2 - INFO - **********JUDGER**********
玩家1说：这是一辆载客的陆上交通工具，它的轮子在铁轨上行驶，速度较快。与同类交通工具相比，它在长途旅行中更为舒适。这是一款在固定轨道上运行的交通工具，它以其平稳的行驶和高效的运输能力著称。在长途旅行中，它能够提供一种与其他交通工具相比更为宁静和舒适的体验。玩家2说：这是一类用于远距离运输的交通工具，它的主要特点是能在铁轨上高速行驶，相比其他交通工具，它提供了更加平稳和舒适的乘坐体验。其中最突出的不同之处在于它依赖于固定的铁轨系统，这使得它与其他交通工具如汽车或飞机相比，在舒适性和连续性上有所区别。这类交通工具以其在固定轨道上的运行而闻名，它能够在长途旅行中提供无与伦比的平稳性和连续性。它的设计使得乘客能够在高速移动的同时享受到相对宁静的旅行环境。这种交通工具的内部空间通常宽敞，座椅舒适，适合长时间的乘坐。它的速度虽然快，但舒适度是它最显著的特点之一。玩家3说：这是一辆在道路上行驶的交通工具，拥有四个轮子，适用于城市交通。它最突出的不同之处在于它的动力来源于内燃机，这使得它在启动和加速方面比其他交通工具如电动车或自行车更快。这是一类在水中行驶的交通工具，它通过推进器或螺旋桨来驱动，适合在水下进行远距离旅行。与陆地上的交通工具不同，它在水中航行时不受道路或地形的限制，能够在水下提供稳定的速度和舒适的环境。这类交通工具通常用于军事、科研或特定的商业用途，它的内部设计旨在提供良好的乘客体验，即使在长时间的水下航行中也能保持舒适。玩家4说：这是一类主要用于长途旅行的交通工具，具有固定轨道，依靠内燃机或电力驱动，能够在铁轨上高速行驶。它在该类交通工具中最突出的不同特征是依赖铁轨系统，提供稳定的速度和舒适的乘坐体验。||在这个游戏中，我们需要通过分析每位玩家的描述来找出卧底。通常，平民的描述会围绕相同的词语展开，而卧底的描述可能会因为词语的不同而显得不太一致。我们需要仔细比较每个描述之间的相似性和差异性，以找出可能的卧底，注意，卧底并不会隐藏自己，他会直接描述他的词语，现在，逐一分析每个玩家的描述，注意，这局游戏的词语分类为<交通工具>，卧底词和平民词都属于该类。||之前是第2轮描述和之前轮数描述的合集。你之前认为的卧底是玩家3。
2024-12-13 11:13:15,631 - 2 - INFO - **********PLAYER2**********
根据第二轮描述和之前的分析，以下是对每位玩家描述的进一步分析：

玩家1和玩家2的描述高度一致，都强调了铁轨、高速、平稳和舒适，这与火车这一交通工具的特征非常吻合。他们的描述中没有出现与火车不符的特征。

玩家3的描述提到了“道路上行驶”、“四个轮子”、“适用于城市交通”、“内燃机”和“启动快”，这与火车不符，更像是描述汽车或摩托车。同时，玩家3还提到了“一类在水中行驶的交通工具”，这与火车也不符，更像是描述潜艇或某些水运工具。

玩家4的描述再次提到了固定轨道、高速行驶、稳定的速度和舒适的乘坐体验，这与火车相符，与玩家1和玩家2的描述一致。

基于上述分析，玩家3的描述与火车这一关键词不符，而且他提到了一个完全不同的交通工具类别，这进一步支持了玩家3是卧底的推断。因此，我的最终结论仍然是玩家3是卧底。
2024-12-13 11:13:15,633 - 2 - INFO - **********JUDGER**********
你刚刚的分析是根据第二轮描述和之前的分析，以下是对每位玩家描述的进一步分析：

玩家1和玩家2的描述高度一致，都强调了铁轨、高速、平稳和舒适，这与火车这一交通工具的特征非常吻合。他们的描述中没有出现与火车不符的特征。

玩家3的描述提到了“道路上行驶”、“四个轮子”、“适用于城市交通”、“内燃机”和“启动快”，这与火车不符，更像是描述汽车或摩托车。同时，玩家3还提到了“一类在水中行驶的交通工具”，这与火车也不符，更像是描述潜艇或某些水运工具。

玩家4的描述再次提到了固定轨道、高速行驶、稳定的速度和舒适的乘坐体验，这与火车相符，与玩家1和玩家2的描述一致。

基于上述分析，玩家3的描述与火车这一关键词不符，而且他提到了一个完全不同的交通工具类别，这进一步支持了玩家3是卧底的推断。因此，我的最终结论仍然是玩家3是卧底。|| `请根据上述分析，比较描述以找出不一致之处，注意，这局游戏的词语分类为<交通工具>，卧底词和平民词都属于该类。
2024-12-13 11:13:25,300 - 2 - INFO - **********PLAYER2**********
根据上述分析，不一致之处如下：

1. 玩家1和玩家2的描述都集中在火车的主要特征上，如铁轨、高速、平稳和舒适，没有提到任何与火车不符的特征。

2. 玩家3的描述提到了“道路上行驶”、“四个轮子”、“适用于城市交通”、“内燃机”和“启动快”，这些特征与火车不符，更像是描述汽车或摩托车。此外，玩家3还提到了“一类在水中行驶的交通工具”，这与火车的陆地交通工具特性不符。

3. 玩家4的描述也提到了固定轨道、高速行驶、稳定的速度和舒适的乘坐体验，这与火车相符，与玩家1和玩家2的描述一致。

因此，不一致之处主要体现在玩家3的描述中，他的描述包含了与火车不相关的特征，并且提到了一个完全不同的交通工具类别。这表明玩家3的描述与火车这一关键词不一致。
2024-12-13 11:13:25,301 - 2 - INFO - **********JUDGER**********
你刚刚的分析是根据上述分析，不一致之处如下：

1. 玩家1和玩家2的描述都集中在火车的主要特征上，如铁轨、高速、平稳和舒适，没有提到任何与火车不符的特征。

2. 玩家3的描述提到了“道路上行驶”、“四个轮子”、“适用于城市交通”、“内燃机”和“启动快”，这些特征与火车不符，更像是描述汽车或摩托车。此外，玩家3还提到了“一类在水中行驶的交通工具”，这与火车的陆地交通工具特性不符。

3. 玩家4的描述也提到了固定轨道、高速行驶、稳定的速度和舒适的乘坐体验，这与火车相符，与玩家1和玩家2的描述一致。

因此，不一致之处主要体现在玩家3的描述中，他的描述包含了与火车不相关的特征，并且提到了一个完全不同的交通工具类别。这表明玩家3的描述与火车这一关键词不一致。|| 请通过你分析的不一致之处，推断卧底身份，注意，这局游戏的词语分类为<交通工具>，卧底词和平民词都属于该类。
2024-12-13 11:13:30,981 - 2 - INFO - **********PLAYER2**********
基于分析的不一致之处，可以推断玩家3是卧底。他的描述中提到了“道路上行驶”、“四个轮子”、“适用于城市交通”、“内燃机”和“启动快”，这些特征与火车不符，更像是描述汽车或摩托车。此外，他还提到了“一类在水中行驶的交通工具”，这与火车的陆地交通工具特性完全不符。因此，玩家3的描述与火车这一关键词不一致，这表明他持有的词语可能是与火车不同的其他交通工具，符合卧底的身份。
2024-12-13 11:13:30,982 - 2 - INFO - **********JUDGER**********
你刚刚的推断是基于分析的不一致之处，可以推断玩家3是卧底。他的描述中提到了“道路上行驶”、“四个轮子”、“适用于城市交通”、“内燃机”和“启动快”，这些特征与火车不符，更像是描述汽车或摩托车。此外，他还提到了“一类在水中行驶的交通工具”，这与火车的陆地交通工具特性完全不符。因此，玩家3的描述与火车这一关键词不一致，这表明他持有的词语可能是与火车不同的其他交通工具，符合卧底的身份。|| 基于你刚刚的推断得出你的最终结论，请输出你认为的卧底，在这种情况下只需要输出编号，是1-4中的某个数字，不要输出其他信息。在这个过程不要进行任何推理，只对||以前的部分进行信息提取
2024-12-13 11:13:31,851 - 2 - INFO - **********PLAYER2**********
3
2024-12-13 11:14:25,982 - 2 - INFO - **********JUDGER**********
玩家1说：这是一辆载客的陆上交通工具，它的轮子在铁轨上行驶，速度较快。与同类交通工具相比，它在长途旅行中更为舒适。这是一款在固定轨道上运行的交通工具，它以其平稳的行驶和高效的运输能力著称。在长途旅行中，它能够提供一种与其他交通工具相比更为宁静和舒适的体验。这是一款依靠固定轨道运行的交通工具，它以其稳定的速度和可靠性著称。在长途旅行中，它能够提供一种与其他交通工具相比更为平和和舒适的体验，尤其适合跨越长距离。玩家2说：这是一类用于远距离运输的交通工具，它的主要特点是能在铁轨上高速行驶，相比其他交通工具，它提供了更加平稳和舒适的乘坐体验。其中最突出的不同之处在于它依赖于固定的铁轨系统，这使得它与其他交通工具如汽车或飞机相比，在舒适性和连续性上有所区别。这类交通工具以其在固定轨道上的运行而闻名，它能够在长途旅行中提供无与伦比的平稳性和连续性。它的设计使得乘客能够在高速移动的同时享受到相对宁静的旅行环境。这种交通工具的内部空间通常宽敞，座椅舒适，适合长时间的乘坐。它的速度虽然快，但舒适度是它最显著的特点之一。玩家3说：这是一辆在道路上行驶的交通工具，拥有四个轮子，适用于城市交通。它最突出的不同之处在于它的动力来源于内燃机，这使得它在启动和加速方面比其他交通工具如电动车或自行车更快。这是一类在水中行驶的交通工具，它通过推进器或螺旋桨来驱动，适合在水下进行远距离旅行。与陆地上的交通工具不同，它在水中航行时不受道路或地形的限制，能够在水下提供稳定的速度和舒适的环境。这类交通工具通常用于军事、科研或特定的商业用途，它的内部设计旨在提供良好的乘客体验，即使在长时间的水下航行中也能保持舒适。玩家4说：这是一类主要用于长途旅行的交通工具，具有固定轨道，依靠内燃机或电力驱动，能够在铁轨上高速行驶。它在该类交通工具中最突出的不同特征是依赖铁轨系统，提供稳定的速度和舒适的乘坐体验。这是一款在固定轨道上运行的交通工具，以其能够跨越长距离而闻名。它通过内燃机或电力驱动，提供高速、平稳的旅行体验。相比其他交通工具，它能够在长途旅行中保持较高的舒适度，让乘客在旅途中感受到宁静和放松。这种交通工具的内部空间设计注重乘客的乘坐体验，通常配备有宽敞的座位和现代化的设施，使得长时间旅行变得更加舒适。你是第2号玩家，你的关键词是<火车>。你的回答中绝对不能包含你的关键词<火车>。这是第三轮描述，你之前的描述是这是一类用于远距离运输的交通工具，它的主要特点是能在铁轨上高速行驶，相比其他交通工具，它提供了更加平稳和舒适的乘坐体验。其中最突出的不同之处在于它依赖于固定的铁轨系统，这使得它与其他交通工具如汽车或飞机相比，在舒适性和连续性上有所区别。和这类交通工具以其在固定轨道上的运行而闻名，它能够在长途旅行中提供无与伦比的平稳性和连续性。它的设计使得乘客能够在高速移动的同时享受到相对宁静的旅行环境。这种交通工具的内部空间通常宽敞，座椅舒适，适合长时间的乘坐。它的速度虽然快，但舒适度是它最显著的特点之一。，注意，这局游戏的词语分类为<交通工具>，卧底词和平民词都属于该类，请你补充关于关键词的描述，注意，你的描述应该比起之前的描述更加贴近关键词，作为之前的补充
2024-12-13 11:14:28,885 - 2 - INFO - **********PLAYER2**********
这类交通工具以其在特定轨道上的运行而著称，它能够跨越长距离，连接城市和地区，提供高效且可靠的运输服务。它的特点是拥有多个车厢，可以容纳大量乘客，且在行驶过程中能够保持高度稳定性。这种交通工具在长途旅行中尤为受欢迎，因为它能够在不同气候条件下保持一致的速度，同时提供宽敞的座位和良好的通风，确保乘客在长时间乘坐中保持舒适。
2024-12-13 11:14:49,315 - 2 - INFO - **********JUDGER**********
玩家1说：这是一辆载客的陆上交通工具，它的轮子在铁轨上行驶，速度较快。与同类交通工具相比，它在长途旅行中更为舒适。这是一款在固定轨道上运行的交通工具，它以其平稳的行驶和高效的运输能力著称。在长途旅行中，它能够提供一种与其他交通工具相比更为宁静和舒适的体验。这是一款依靠固定轨道运行的交通工具，它以其稳定的速度和可靠性著称。在长途旅行中，它能够提供一种与其他交通工具相比更为平和和舒适的体验，尤其适合跨越长距离。玩家2说：这是一类用于远距离运输的交通工具，它的主要特点是能在铁轨上高速行驶，相比其他交通工具，它提供了更加平稳和舒适的乘坐体验。其中最突出的不同之处在于它依赖于固定的铁轨系统，这使得它与其他交通工具如汽车或飞机相比，在舒适性和连续性上有所区别。这类交通工具以其在固定轨道上的运行而闻名，它能够在长途旅行中提供无与伦比的平稳性和连续性。它的设计使得乘客能够在高速移动的同时享受到相对宁静的旅行环境。这种交通工具的内部空间通常宽敞，座椅舒适，适合长时间的乘坐。它的速度虽然快，但舒适度是它最显著的特点之一。这类交通工具以其在特定轨道上的运行而著称，它能够跨越长距离，连接城市和地区，提供高效且可靠的运输服务。它的特点是拥有多个车厢，可以容纳大量乘客，且在行驶过程中能够保持高度稳定性。这种交通工具在长途旅行中尤为受欢迎，因为它能够在不同气候条件下保持一致的速度，同时提供宽敞的座位和良好的通风，确保乘客在长时间乘坐中保持舒适。玩家3说：这是一辆在道路上行驶的交通工具，拥有四个轮子，适用于城市交通。它最突出的不同之处在于它的动力来源于内燃机，这使得它在启动和加速方面比其他交通工具如电动车或自行车更快。这是一类在水中行驶的交通工具，它通过推进器或螺旋桨来驱动，适合在水下进行远距离旅行。与陆地上的交通工具不同，它在水中航行时不受道路或地形的限制，能够在水下提供稳定的速度和舒适的环境。这类交通工具通常用于军事、科研或特定的商业用途，它的内部设计旨在提供良好的乘客体验，即使在长时间的水下航行中也能保持舒适。这是一类在水中行驶的交通工具，它通过推进器或螺旋桨来驱动，适合在水下进行远距离旅行。这类交通工具通常用于军事、科研或特定的商业用途，它的内部设计注重乘客的舒适性和安全性，即使在长时间的水下航行中也能保持稳定。与陆地上的交通工具相比，它在水中航行时不受道路或地形的限制，能够在水下提供稳定的速度。这类交通工具的构造复杂，需要特殊的耐压材料和技术，以确保在深水压力下能够正常运作。玩家4说：这是一类主要用于长途旅行的交通工具，具有固定轨道，依靠内燃机或电力驱动，能够在铁轨上高速行驶。它在该类交通工具中最突出的不同特征是依赖铁轨系统，提供稳定的速度和舒适的乘坐体验。这是一款在固定轨道上运行的交通工具，以其能够跨越长距离而闻名。它通过内燃机或电力驱动，提供高速、平稳的旅行体验。相比其他交通工具，它能够在长途旅行中保持较高的舒适度，让乘客在旅途中感受到宁静和放松。这种交通工具的内部空间设计注重乘客的乘坐体验，通常配备有宽敞的座位和现代化的设施，使得长时间旅行变得更加舒适。这款交通工具以其在特定轨道上运行的连续性和稳定性著称。它能够跨越广泛的地理距离，连接不同的城市和地区，为乘客提供快速、可靠的旅行方式。它的设计允许在长途旅行中保持一致的速度，同时减少颠簸，确保乘客的舒适度。这种交通工具的内部空间通常被优化以容纳大量乘客，并提供必要的设施，如餐车和休息区，以支持长时间的旅程。它的动力来源可以是内燃机或电力，这取决于具体的设计和运营需求。||在这个游戏中，我们需要通过分析每位玩家的描述来找出卧底。通常，平民的描述会围绕相同的词语展开，而卧底的描述可能会因为词语的不同而显得不太一致。我们需要仔细比较每个描述之间的相似性和差异性，以找出可能的卧底，注意，卧底并不会隐藏自己，他会直接描述他的词语，现在，逐一分析每个玩家的描述，注意，这局游戏的词语分类为<交通工具>，卧底词和平民词都属于该类。||之前是第3轮描述和之前轮数描述的合集。你之前认为的卧底是玩家3。
2024-12-13 11:15:03,808 - 2 - INFO - **********PLAYER2**********
根据第三轮描述和之前轮数的描述，以下是对每位玩家描述的进一步分析：

玩家1和玩家2的描述非常相似，都强调了火车在固定轨道上运行、高速、平稳、舒适、适用于长途旅行、拥有多个车厢、连接城市和地区、提供高效且可靠的运输服务、保持高度稳定性、在不同气候条件下保持一致的速度、提供宽敞的座位和良好的通风、减少颠簸、优化以容纳大量乘客、提供必要的设施如餐车和休息区等特点。

玩家3的描述提到了“在道路上行驶”、“四个轮子”、“适用于城市交通”、“内燃机”、“启动和加速快”、“在水中行驶”、“通过推进器或螺旋桨驱动”、“适合在水下进行远距离旅行”、“不受道路或地形的限制”、“军事、科研或特定的商业用途”、“内部设计注重乘客的舒适性和安全性”、“构造复杂”、“需要特殊的耐压材料和技术”、“深水压力下正常运作”等特点。

玩家4的描述与玩家1和玩家2的描述相似，也强调了火车在固定轨道上运行、高速、平稳、舒适、适用于长途旅行、依赖铁轨系统、提供稳定的速度和舒适的乘坐体验、能够跨越长距离、连接城市和地区、提供快速、可靠的旅行方式、保持一致的速度、减少颠簸、优化以容纳大量乘客、提供必要的设施如餐车和休息区、动力来源可以是内燃机或电力等特点。

基于上述分析，玩家3的描述与火车这一关键词不符，而是提到了一系列与陆地和水中交通工具相关的特征，这些特征更像是描述汽车、摩托车或某些特定类型的船只。因此，玩家3的描述与火车这一关键词不一致，这表明他可能是卧底。这与之前推断的玩家3是卧底的结论一致。
2024-12-13 11:15:03,809 - 2 - INFO - **********JUDGER**********
你刚刚的分析是根据第三轮描述和之前轮数的描述，以下是对每位玩家描述的进一步分析：

玩家1和玩家2的描述非常相似，都强调了火车在固定轨道上运行、高速、平稳、舒适、适用于长途旅行、拥有多个车厢、连接城市和地区、提供高效且可靠的运输服务、保持高度稳定性、在不同气候条件下保持一致的速度、提供宽敞的座位和良好的通风、减少颠簸、优化以容纳大量乘客、提供必要的设施如餐车和休息区等特点。

玩家3的描述提到了“在道路上行驶”、“四个轮子”、“适用于城市交通”、“内燃机”、“启动和加速快”、“在水中行驶”、“通过推进器或螺旋桨驱动”、“适合在水下进行远距离旅行”、“不受道路或地形的限制”、“军事、科研或特定的商业用途”、“内部设计注重乘客的舒适性和安全性”、“构造复杂”、“需要特殊的耐压材料和技术”、“深水压力下正常运作”等特点。

玩家4的描述与玩家1和玩家2的描述相似，也强调了火车在固定轨道上运行、高速、平稳、舒适、适用于长途旅行、依赖铁轨系统、提供稳定的速度和舒适的乘坐体验、能够跨越长距离、连接城市和地区、提供快速、可靠的旅行方式、保持一致的速度、减少颠簸、优化以容纳大量乘客、提供必要的设施如餐车和休息区、动力来源可以是内燃机或电力等特点。

基于上述分析，玩家3的描述与火车这一关键词不符，而是提到了一系列与陆地和水中交通工具相关的特征，这些特征更像是描述汽车、摩托车或某些特定类型的船只。因此，玩家3的描述与火车这一关键词不一致，这表明他可能是卧底。这与之前推断的玩家3是卧底的结论一致。|| `请根据上述分析，比较描述以找出不一致之处，注意，这局游戏的词语分类为<交通工具>，卧底词和平民词都属于该类。
2024-12-13 11:15:15,090 - 2 - INFO - **********PLAYER2**********
根据上述分析，不一致之处如下：

1. 玩家1和玩家2的描述都集中在火车的特征上，如固定轨道、高速、平稳、舒适、长途旅行、多车厢、连接城市和地区、高效可靠、稳定性、不同气候条件下的速度、宽敞座位、良好通风、减少颠簸、优化乘客容量、餐车和休息区等。

2. 玩家3的描述提到了“在道路上行驶”、“四个轮子”、“适用于城市交通”、“内燃机”、“启动和加速快”、“在水中行驶”、“通过推进器或螺旋桨驱动”、“适合在水下进行远距离旅行”、“不受道路或地形的限制”、“军事、科研或特定的商业用途”、“内部设计注重乘客的舒适性和安全性”、“构造复杂”、“需要特殊的耐压材料和技术”、“深水压力下正常运作”等特征，这些特征与火车不符，更像是描述汽车、摩托车或潜艇。

3. 玩家4的描述与玩家1和玩家2的描述相似，强调了火车的固定轨道、高速、平稳、舒适、长途旅行、依赖铁轨系统、稳定速度、舒适体验、长距离连接、快速可靠、一致速度、减少颠簸、优化乘客容量、动力来源等特征。

不一致之处主要体现在玩家3的描述中，他的描述包含了与火车不相关的特征，如适用于城市交通、内燃机驱动、在水中行驶等，这些特征与火车这一交通工具的分类不符。
2024-12-13 11:15:15,092 - 2 - INFO - **********JUDGER**********
你刚刚的分析是根据上述分析，不一致之处如下：

1. 玩家1和玩家2的描述都集中在火车的特征上，如固定轨道、高速、平稳、舒适、长途旅行、多车厢、连接城市和地区、高效可靠、稳定性、不同气候条件下的速度、宽敞座位、良好通风、减少颠簸、优化乘客容量、餐车和休息区等。

2. 玩家3的描述提到了“在道路上行驶”、“四个轮子”、“适用于城市交通”、“内燃机”、“启动和加速快”、“在水中行驶”、“通过推进器或螺旋桨驱动”、“适合在水下进行远距离旅行”、“不受道路或地形的限制”、“军事、科研或特定的商业用途”、“内部设计注重乘客的舒适性和安全性”、“构造复杂”、“需要特殊的耐压材料和技术”、“深水压力下正常运作”等特征，这些特征与火车不符，更像是描述汽车、摩托车或潜艇。

3. 玩家4的描述与玩家1和玩家2的描述相似，强调了火车的固定轨道、高速、平稳、舒适、长途旅行、依赖铁轨系统、稳定速度、舒适体验、长距离连接、快速可靠、一致速度、减少颠簸、优化乘客容量、动力来源等特征。

不一致之处主要体现在玩家3的描述中，他的描述包含了与火车不相关的特征，如适用于城市交通、内燃机驱动、在水中行驶等，这些特征与火车这一交通工具的分类不符。|| 请通过你分析的不一致之处，推断卧底身份，注意，这局游戏的词语分类为<交通工具>，卧底词和平民词都属于该类。
2024-12-13 11:15:24,144 - 2 - INFO - **********PLAYER2**********
基于分析的不一致之处，可以推断玩家3是卧底。他的描述中提到了“在道路上行驶”、“四个轮子”、“适用于城市交通”、“内燃机”和“在水中行驶”等特征，这些特征与火车不符，更像是描述汽车、摩托车或潜艇等交通工具。由于游戏中的词语分类为<交通工具>，且卧底词和平民词都属于该类，玩家3的描述指向的词语很可能不是火车，因此他可能是卧底。
2024-12-13 11:15:24,145 - 2 - INFO - **********JUDGER**********
你刚刚的推断是基于分析的不一致之处，可以推断玩家3是卧底。他的描述中提到了“在道路上行驶”、“四个轮子”、“适用于城市交通”、“内燃机”和“在水中行驶”等特征，这些特征与火车不符，更像是描述汽车、摩托车或潜艇等交通工具。由于游戏中的词语分类为<交通工具>，且卧底词和平民词都属于该类，玩家3的描述指向的词语很可能不是火车，因此他可能是卧底。|| 基于你刚刚的推断得出你的最终结论，请输出你认为的卧底，在这种情况下只需要输出编号，是1-4中的某个数字，不要输出其他信息。在这个过程不要进行任何推理，只对||以前的部分进行信息提取
2024-12-13 11:15:25,651 - 2 - INFO - **********PLAYER2**********
3
