2024-12-13 11:10:33,980 - 3 - INFO - **********JUDGER**********
让我们来玩一个叫做<谁是卧底>的推理游戏。基本规则：<人数>：4人。<角色分配>：每位玩家随机抽取一个词语，3名玩家拿到的词语是相同的（平民词），1名玩家拿到与之相近但不同的词语（卧底词）。<游戏流程>：1、玩家轮流描述自己的词语，但<不能>直接说出词语本身。2、描述完毕后，投票选出最像卧底的玩家。3、每轮结束后，被投票选出的玩家出局，不能再进行描述或投票。4、每轮投票结束后，如果卧底被成功找出，平民方获胜；如果卧底未被找出且卧底人数等于或超过平民人数，则卧底方获胜。你将扮演一个<玩家>，请等待你被分配到的关键词。如果你听懂了，只回答，"好的，我准备好参加游戏了"，不要输出别的信息
2024-12-13 11:10:34,449 - 3 - INFO - **********PLAYER3**********
好的，我准备好参加游戏了
2024-12-13 11:10:42,691 - 3 - INFO - **********JUDGER**********
玩家1说：这是一辆载客的陆上交通工具，它的轮子在铁轨上行驶，速度较快。与同类交通工具相比，它在长途旅行中更为舒适。玩家2说：这是一类用于远距离运输的交通工具，它的主要特点是能在铁轨上高速行驶，相比其他交通工具，它提供了更加平稳和舒适的乘坐体验。其中最突出的不同之处在于它依赖于固定的铁轨系统，这使得它与其他交通工具如汽车或飞机相比，在舒适性和连续性上有所区别。玩家3说：玩家4说：|| 你是第3号玩家，你的关键词是<潜艇>。你的回答中绝对不能包含你的关键词<潜艇>。这是第一轮描述，不需要分析||之前别的玩家的描述，请你描述关键词基本特征，注意，这局游戏的词语分类为<交通工具>，卧底词和平民词都属于该类，描述包括以下两点，1.他的基本特征是什么2.他在该类（交通工具）中最突出不同的特征是什么，尽量简短
2024-12-13 11:10:44,655 - 3 - INFO - **********PLAYER3**********
这是一辆在道路上行驶的交通工具，拥有四个轮子，适用于城市交通。它最突出的不同之处在于它的动力来源于内燃机，这使得它在启动和加速方面比其他交通工具如电动车或自行车更快。
2024-12-13 11:11:27,466 - 3 - INFO - **********JUDGER**********
玩家1说：这是一辆载客的陆上交通工具，它的轮子在铁轨上行驶，速度较快。与同类交通工具相比，它在长途旅行中更为舒适。玩家2说：这是一类用于远距离运输的交通工具，它的主要特点是能在铁轨上高速行驶，相比其他交通工具，它提供了更加平稳和舒适的乘坐体验。其中最突出的不同之处在于它依赖于固定的铁轨系统，这使得它与其他交通工具如汽车或飞机相比，在舒适性和连续性上有所区别。玩家3说：这是一辆在道路上行驶的交通工具，拥有四个轮子，适用于城市交通。它最突出的不同之处在于它的动力来源于内燃机，这使得它在启动和加速方面比其他交通工具如电动车或自行车更快。玩家4说：||在这个游戏中，我们需要通过分析每位玩家的描述来找出卧底。通常，平民的描述会围绕相同的词语展开，而卧底的描述可能会因为词语的不同而显得不太一致。我们需要仔细比较每个描述之间的相似性和差异性，以找出可能的卧底，注意，卧底并不会隐藏自己，他会直接描述他的词语，现在，逐一分析每个玩家的描述，注意，这局游戏的词语分类为<交通工具>，卧底词和平民词都属于该类。这是第一轮描述。
2024-12-13 11:11:31,201 - 3 - INFO - **********PLAYER3**********
经过分析，玩家1和玩家2的描述都指向了高速铁路或火车，强调了铁轨行驶、长途旅行舒适等特点。玩家3的描述则提到了轮子在道路上行驶的交通工具，强调了内燃机和启动加速的特点，这与火车不太一致。玩家4的描述没有提供具体信息，只是强调了游戏规则和描述分析的方法。

根据这些描述，玩家3的描述似乎与其他两位玩家的描述不太一致，尤其是关于行驶方式和动力来源的描述。因此，玩家3可能是卧底，因为他的描述没有明确指向火车或高铁，而是提到了轮子在道路上行驶和内燃机，这与火车的主要特征不符。不过，最终是否为卧底还需要通过后续的描述和投票来确认。
2024-12-13 11:11:31,202 - 3 - INFO - **********JUDGER**********
你刚刚的分析是经过分析，玩家1和玩家2的描述都指向了高速铁路或火车，强调了铁轨行驶、长途旅行舒适等特点。玩家3的描述则提到了轮子在道路上行驶的交通工具，强调了内燃机和启动加速的特点，这与火车不太一致。玩家4的描述没有提供具体信息，只是强调了游戏规则和描述分析的方法。

根据这些描述，玩家3的描述似乎与其他两位玩家的描述不太一致，尤其是关于行驶方式和动力来源的描述。因此，玩家3可能是卧底，因为他的描述没有明确指向火车或高铁，而是提到了轮子在道路上行驶和内燃机，这与火车的主要特征不符。不过，最终是否为卧底还需要通过后续的描述和投票来确认。|| `请根据上述分析，比较描述以找出不一致之处，注意，这局游戏的词语分类为<交通工具>，卧底词和平民词都属于该类。
2024-12-13 11:11:43,866 - 3 - INFO - **********PLAYER3**********
根据上述分析，我们可以比较每位玩家的描述，寻找不一致之处：

1. 玩家1的描述：
   - 载客的陆上交通工具
   - 轮子在铁轨上行驶
   - 速度较快
   - 长途旅行中更为舒适

2. 玩家2的描述：
   - 用于远距离运输的交通工具
   - 能在铁轨上高速行驶
   - 提供更加平稳和舒适的乘坐体验
   - 依赖于固定的铁轨系统
   - 与汽车或飞机相比，在舒适性和连续性上有所区别

3. 玩家3的描述：
   - 在道路上行驶的交通工具
   - 拥有四个轮子
   - 适用于城市交通
   - 动力来源于内燃机
   - 启动和加速方面比其他交通工具更快

4. 玩家4的描述：
   - 强调了游戏规则和描述分析的方法
   - 没有提供关于词语的具体信息

不一致之处：

- 玩家1和玩家2的描述都集中在铁轨行驶和长途旅行的舒适性，而玩家3的描述则提到了道路行驶、城市交通和内燃机动力，这与火车或高铁的特点不符。
- 玩家3的描述中提到的“适用于城市交通”和“启动和加速方面比其他交通工具更快”与火车或高铁的长途高速运输特点相悖。
- 玩家4的描述没有提供任何关于词语本身的线索，而是提供了游戏策略的说明。

综合这些信息，玩家3的描述与其他玩家的描述存在显著的不一致，因此玩家3可能是卧底。
2024-12-13 11:11:43,870 - 3 - INFO - **********JUDGER**********
你刚刚的分析是根据上述分析，我们可以比较每位玩家的描述，寻找不一致之处：

1. 玩家1的描述：
   - 载客的陆上交通工具
   - 轮子在铁轨上行驶
   - 速度较快
   - 长途旅行中更为舒适

2. 玩家2的描述：
   - 用于远距离运输的交通工具
   - 能在铁轨上高速行驶
   - 提供更加平稳和舒适的乘坐体验
   - 依赖于固定的铁轨系统
   - 与汽车或飞机相比，在舒适性和连续性上有所区别

3. 玩家3的描述：
   - 在道路上行驶的交通工具
   - 拥有四个轮子
   - 适用于城市交通
   - 动力来源于内燃机
   - 启动和加速方面比其他交通工具更快

4. 玩家4的描述：
   - 强调了游戏规则和描述分析的方法
   - 没有提供关于词语的具体信息

不一致之处：

- 玩家1和玩家2的描述都集中在铁轨行驶和长途旅行的舒适性，而玩家3的描述则提到了道路行驶、城市交通和内燃机动力，这与火车或高铁的特点不符。
- 玩家3的描述中提到的“适用于城市交通”和“启动和加速方面比其他交通工具更快”与火车或高铁的长途高速运输特点相悖。
- 玩家4的描述没有提供任何关于词语本身的线索，而是提供了游戏策略的说明。

综合这些信息，玩家3的描述与其他玩家的描述存在显著的不一致，因此玩家3可能是卧底。|| 请通过你分析的不一致之处，推断卧底身份，注意，这局游戏的词语分类为<交通工具>，卧底词和平民词都属于该类。
2024-12-13 11:11:50,225 - 3 - INFO - **********PLAYER3**********
根据分析的不一致之处，我们可以推断出卧底身份：

- 玩家1和玩家2的描述都指向了火车或高速铁路，这是在铁轨上行驶的交通工具，适合长途旅行，并且以舒适著称。
- 玩家3的描述则指向了汽车，这是在道路上行驶的交通工具，拥有四个轮子，适用于城市交通，动力来源于内燃机，并且强调其启动和加速速度快。
- 玩家4的描述没有提供具体的词语信息，而是提供了游戏策略的说明，这并不足以帮助确定卧底。

由于玩家3的描述与火车或高速铁路的特点不符，而是更符合汽车的特征，因此根据游戏规则和词语分类，玩家3很可能是卧底。卧底的关键词很可能是“汽车”。
2024-12-13 11:11:50,226 - 3 - INFO - **********JUDGER**********
你刚刚的推断是根据分析的不一致之处，我们可以推断出卧底身份：

- 玩家1和玩家2的描述都指向了火车或高速铁路，这是在铁轨上行驶的交通工具，适合长途旅行，并且以舒适著称。
- 玩家3的描述则指向了汽车，这是在道路上行驶的交通工具，拥有四个轮子，适用于城市交通，动力来源于内燃机，并且强调其启动和加速速度快。
- 玩家4的描述没有提供具体的词语信息，而是提供了游戏策略的说明，这并不足以帮助确定卧底。

由于玩家3的描述与火车或高速铁路的特点不符，而是更符合汽车的特征，因此根据游戏规则和词语分类，玩家3很可能是卧底。卧底的关键词很可能是“汽车”。|| 基于你刚刚的推断得出你的最终结论，请输出你认为的卧底，在这种情况下只需要输出编号，是1-4中的某个数字，不要输出其他信息。在这个过程不要进行任何推理，只对||以前的部分进行信息提取
2024-12-13 11:11:50,691 - 3 - INFO - **********PLAYER3**********
3
2024-12-13 11:12:30,563 - 3 - INFO - **********JUDGER**********
玩家1说：这是一辆载客的陆上交通工具，它的轮子在铁轨上行驶，速度较快。与同类交通工具相比，它在长途旅行中更为舒适。这是一款在固定轨道上运行的交通工具，它以其平稳的行驶和高效的运输能力著称。在长途旅行中，它能够提供一种与其他交通工具相比更为宁静和舒适的体验。玩家2说：这是一类用于远距离运输的交通工具，它的主要特点是能在铁轨上高速行驶，相比其他交通工具，它提供了更加平稳和舒适的乘坐体验。其中最突出的不同之处在于它依赖于固定的铁轨系统，这使得它与其他交通工具如汽车或飞机相比，在舒适性和连续性上有所区别。这类交通工具以其在固定轨道上的运行而闻名，它能够在长途旅行中提供无与伦比的平稳性和连续性。它的设计使得乘客能够在高速移动的同时享受到相对宁静的旅行环境。这种交通工具的内部空间通常宽敞，座椅舒适，适合长时间的乘坐。它的速度虽然快，但舒适度是它最显著的特点之一。玩家3说：这是一辆在道路上行驶的交通工具，拥有四个轮子，适用于城市交通。它最突出的不同之处在于它的动力来源于内燃机，这使得它在启动和加速方面比其他交通工具如电动车或自行车更快。玩家4说：这是一类主要用于长途旅行的交通工具，具有固定轨道，依靠内燃机或电力驱动，能够在铁轨上高速行驶。它在该类交通工具中最突出的不同特征是依赖铁轨系统，提供稳定的速度和舒适的乘坐体验。你是第3号玩家，你的关键词是<潜艇>。你的回答中绝对不能包含你的关键词<潜艇>。这是第二轮描述，你之前的描述是这是一辆在道路上行驶的交通工具，拥有四个轮子，适用于城市交通。它最突出的不同之处在于它的动力来源于内燃机，这使得它在启动和加速方面比其他交通工具如电动车或自行车更快。，注意，这局游戏的词语分类为<交通工具>，卧底词和平民词都属于该类，请你补充关于关键词的描述，注意，你的描述应该比起之前的描述更加贴近关键词，作为之前的补充
2024-12-13 11:12:33,167 - 3 - INFO - **********PLAYER3**********
这是一类在水中行驶的交通工具，它通过推进器或螺旋桨来驱动，适合在水下进行远距离旅行。与陆地上的交通工具不同，它在水中航行时不受道路或地形的限制，能够在水下提供稳定的速度和舒适的环境。这类交通工具通常用于军事、科研或特定的商业用途，它的内部设计旨在提供良好的乘客体验，即使在长时间的水下航行中也能保持舒适。
2024-12-13 11:13:31,852 - 3 - INFO - **********JUDGER**********
玩家1说：这是一辆载客的陆上交通工具，它的轮子在铁轨上行驶，速度较快。与同类交通工具相比，它在长途旅行中更为舒适。这是一款在固定轨道上运行的交通工具，它以其平稳的行驶和高效的运输能力著称。在长途旅行中，它能够提供一种与其他交通工具相比更为宁静和舒适的体验。玩家2说：这是一类用于远距离运输的交通工具，它的主要特点是能在铁轨上高速行驶，相比其他交通工具，它提供了更加平稳和舒适的乘坐体验。其中最突出的不同之处在于它依赖于固定的铁轨系统，这使得它与其他交通工具如汽车或飞机相比，在舒适性和连续性上有所区别。这类交通工具以其在固定轨道上的运行而闻名，它能够在长途旅行中提供无与伦比的平稳性和连续性。它的设计使得乘客能够在高速移动的同时享受到相对宁静的旅行环境。这种交通工具的内部空间通常宽敞，座椅舒适，适合长时间的乘坐。它的速度虽然快，但舒适度是它最显著的特点之一。玩家3说：这是一辆在道路上行驶的交通工具，拥有四个轮子，适用于城市交通。它最突出的不同之处在于它的动力来源于内燃机，这使得它在启动和加速方面比其他交通工具如电动车或自行车更快。这是一类在水中行驶的交通工具，它通过推进器或螺旋桨来驱动，适合在水下进行远距离旅行。与陆地上的交通工具不同，它在水中航行时不受道路或地形的限制，能够在水下提供稳定的速度和舒适的环境。这类交通工具通常用于军事、科研或特定的商业用途，它的内部设计旨在提供良好的乘客体验，即使在长时间的水下航行中也能保持舒适。玩家4说：这是一类主要用于长途旅行的交通工具，具有固定轨道，依靠内燃机或电力驱动，能够在铁轨上高速行驶。它在该类交通工具中最突出的不同特征是依赖铁轨系统，提供稳定的速度和舒适的乘坐体验。||在这个游戏中，我们需要通过分析每位玩家的描述来找出卧底。通常，平民的描述会围绕相同的词语展开，而卧底的描述可能会因为词语的不同而显得不太一致。我们需要仔细比较每个描述之间的相似性和差异性，以找出可能的卧底，注意，卧底并不会隐藏自己，他会直接描述他的词语，现在，逐一分析每个玩家的描述，注意，这局游戏的词语分类为<交通工具>，卧底词和平民词都属于该类。||之前是第2轮描述和之前轮数描述的合集。你之前认为的卧底是玩家3。
2024-12-13 11:13:42,078 - 3 - INFO - **********PLAYER3**********
经过第二轮描述的分析，我们可以看到以下情况：

- 玩家1和玩家2的描述都非常一致，都强调了交通工具在铁轨上行驶、长途旅行舒适、平稳高效等特点，这指向了火车或高速铁路。
- 玩家4的描述也提到了固定轨道、高速行驶、稳定速度和舒适体验，与玩家1和玩家2的描述相符，进一步支持了火车或高速铁路的可能性。
- 玩家3的描述在前两轮中分别提到了城市交通的汽车和水中行驶的潜艇，这与火车或高速铁路的描述不一致。

由于玩家3的描述在前两轮中都未能与火车或高速铁路的特点相符，而且在第二轮中提到了潜艇，这是一个完全不同的交通工具类别，与之前的描述不符。因此，根据描述的不一致性和游戏规则，玩家3仍然是最有可能的卧底候选人。之前的推断仍然是玩家3可能是卧底。
2024-12-13 11:13:42,079 - 3 - INFO - **********JUDGER**********
你刚刚的分析是经过第二轮描述的分析，我们可以看到以下情况：

- 玩家1和玩家2的描述都非常一致，都强调了交通工具在铁轨上行驶、长途旅行舒适、平稳高效等特点，这指向了火车或高速铁路。
- 玩家4的描述也提到了固定轨道、高速行驶、稳定速度和舒适体验，与玩家1和玩家2的描述相符，进一步支持了火车或高速铁路的可能性。
- 玩家3的描述在前两轮中分别提到了城市交通的汽车和水中行驶的潜艇，这与火车或高速铁路的描述不一致。

由于玩家3的描述在前两轮中都未能与火车或高速铁路的特点相符，而且在第二轮中提到了潜艇，这是一个完全不同的交通工具类别，与之前的描述不符。因此，根据描述的不一致性和游戏规则，玩家3仍然是最有可能的卧底候选人。之前的推断仍然是玩家3可能是卧底。|| `请根据上述分析，比较描述以找出不一致之处，注意，这局游戏的词语分类为<交通工具>，卧底词和平民词都属于该类。
2024-12-13 11:13:49,245 - 3 - INFO - **********PLAYER3**********
根据上述分析，我们可以比较每位玩家的描述，寻找不一致之处：

- 玩家1和玩家2的描述都集中在铁轨上行驶的交通工具，强调了长途旅行、舒适、平稳和高速等特点，这与火车或高速铁路的特征相符。
- 玩家4的描述同样提到了固定轨道、高速行驶、稳定速度和舒适体验，与玩家1和玩家2的描述一致，进一步指向火车或高速铁路。
- 玩家3的描述在第一轮提到了适用于城市交通的汽车，第二轮提到了在水中行驶的潜艇。这两个描述都与铁轨上行驶的火车或高速铁路的特征不符。

不一致之处总结：

- 玩家3的描述与火车或高速铁路的特征不一致，因为他提到了汽车和潜艇，这两个词语都不属于铁轨上行驶的交通工具类别。
- 玩家3的描述在两轮中都有所不同，而其他玩家的描述在两轮中保持了高度的一致性。
2024-12-13 11:13:49,247 - 3 - INFO - **********JUDGER**********
你刚刚的分析是根据上述分析，我们可以比较每位玩家的描述，寻找不一致之处：

- 玩家1和玩家2的描述都集中在铁轨上行驶的交通工具，强调了长途旅行、舒适、平稳和高速等特点，这与火车或高速铁路的特征相符。
- 玩家4的描述同样提到了固定轨道、高速行驶、稳定速度和舒适体验，与玩家1和玩家2的描述一致，进一步指向火车或高速铁路。
- 玩家3的描述在第一轮提到了适用于城市交通的汽车，第二轮提到了在水中行驶的潜艇。这两个描述都与铁轨上行驶的火车或高速铁路的特征不符。

不一致之处总结：

- 玩家3的描述与火车或高速铁路的特征不一致，因为他提到了汽车和潜艇，这两个词语都不属于铁轨上行驶的交通工具类别。
- 玩家3的描述在两轮中都有所不同，而其他玩家的描述在两轮中保持了高度的一致性。|| 请通过你分析的不一致之处，推断卧底身份，注意，这局游戏的词语分类为<交通工具>，卧底词和平民词都属于该类。
2024-12-13 11:13:55,696 - 3 - INFO - **********PLAYER3**********
根据分析的不一致之处，我们可以推断出卧底身份：

- 玩家1和玩家2的描述都指向了火车或高速铁路，这是在铁轨上行驶的交通工具，适合长途旅行，并且以舒适和平稳著称。
- 玩家4的描述与玩家1和玩家2的描述一致，同样指向火车或高速铁路。
- 玩家3的描述在第一轮提到了汽车，第二轮提到了潜艇，这两个描述都与铁轨上行驶的火车或高速铁路的特征不符。

由于玩家3的描述与火车或高速铁路的特征不一致，而且他提到了两个完全不同的交通工具类别，因此玩家3的描述与游戏规则中的<交通工具>类别不符。因此，根据这些信息，玩家3很可能是卧底。卧底的关键词很可能是“潜艇”。
2024-12-13 11:13:55,697 - 3 - INFO - **********JUDGER**********
你刚刚的推断是根据分析的不一致之处，我们可以推断出卧底身份：

- 玩家1和玩家2的描述都指向了火车或高速铁路，这是在铁轨上行驶的交通工具，适合长途旅行，并且以舒适和平稳著称。
- 玩家4的描述与玩家1和玩家2的描述一致，同样指向火车或高速铁路。
- 玩家3的描述在第一轮提到了汽车，第二轮提到了潜艇，这两个描述都与铁轨上行驶的火车或高速铁路的特征不符。

由于玩家3的描述与火车或高速铁路的特征不一致，而且他提到了两个完全不同的交通工具类别，因此玩家3的描述与游戏规则中的<交通工具>类别不符。因此，根据这些信息，玩家3很可能是卧底。卧底的关键词很可能是“潜艇”。|| 基于你刚刚的推断得出你的最终结论，请输出你认为的卧底，在这种情况下只需要输出编号，是1-4中的某个数字，不要输出其他信息。在这个过程不要进行任何推理，只对||以前的部分进行信息提取
2024-12-13 11:13:56,439 - 3 - INFO - **********PLAYER3**********
3
2024-12-13 11:14:28,886 - 3 - INFO - **********JUDGER**********
玩家1说：这是一辆载客的陆上交通工具，它的轮子在铁轨上行驶，速度较快。与同类交通工具相比，它在长途旅行中更为舒适。这是一款在固定轨道上运行的交通工具，它以其平稳的行驶和高效的运输能力著称。在长途旅行中，它能够提供一种与其他交通工具相比更为宁静和舒适的体验。这是一款依靠固定轨道运行的交通工具，它以其稳定的速度和可靠性著称。在长途旅行中，它能够提供一种与其他交通工具相比更为平和和舒适的体验，尤其适合跨越长距离。玩家2说：这是一类用于远距离运输的交通工具，它的主要特点是能在铁轨上高速行驶，相比其他交通工具，它提供了更加平稳和舒适的乘坐体验。其中最突出的不同之处在于它依赖于固定的铁轨系统，这使得它与其他交通工具如汽车或飞机相比，在舒适性和连续性上有所区别。这类交通工具以其在固定轨道上的运行而闻名，它能够在长途旅行中提供无与伦比的平稳性和连续性。它的设计使得乘客能够在高速移动的同时享受到相对宁静的旅行环境。这种交通工具的内部空间通常宽敞，座椅舒适，适合长时间的乘坐。它的速度虽然快，但舒适度是它最显著的特点之一。这类交通工具以其在特定轨道上的运行而著称，它能够跨越长距离，连接城市和地区，提供高效且可靠的运输服务。它的特点是拥有多个车厢，可以容纳大量乘客，且在行驶过程中能够保持高度稳定性。这种交通工具在长途旅行中尤为受欢迎，因为它能够在不同气候条件下保持一致的速度，同时提供宽敞的座位和良好的通风，确保乘客在长时间乘坐中保持舒适。玩家3说：这是一辆在道路上行驶的交通工具，拥有四个轮子，适用于城市交通。它最突出的不同之处在于它的动力来源于内燃机，这使得它在启动和加速方面比其他交通工具如电动车或自行车更快。这是一类在水中行驶的交通工具，它通过推进器或螺旋桨来驱动，适合在水下进行远距离旅行。与陆地上的交通工具不同，它在水中航行时不受道路或地形的限制，能够在水下提供稳定的速度和舒适的环境。这类交通工具通常用于军事、科研或特定的商业用途，它的内部设计旨在提供良好的乘客体验，即使在长时间的水下航行中也能保持舒适。玩家4说：这是一类主要用于长途旅行的交通工具，具有固定轨道，依靠内燃机或电力驱动，能够在铁轨上高速行驶。它在该类交通工具中最突出的不同特征是依赖铁轨系统，提供稳定的速度和舒适的乘坐体验。这是一款在固定轨道上运行的交通工具，以其能够跨越长距离而闻名。它通过内燃机或电力驱动，提供高速、平稳的旅行体验。相比其他交通工具，它能够在长途旅行中保持较高的舒适度，让乘客在旅途中感受到宁静和放松。这种交通工具的内部空间设计注重乘客的乘坐体验，通常配备有宽敞的座位和现代化的设施，使得长时间旅行变得更加舒适。你是第3号玩家，你的关键词是<潜艇>。你的回答中绝对不能包含你的关键词<潜艇>。这是第三轮描述，你之前的描述是这是一辆在道路上行驶的交通工具，拥有四个轮子，适用于城市交通。它最突出的不同之处在于它的动力来源于内燃机，这使得它在启动和加速方面比其他交通工具如电动车或自行车更快。和这是一类在水中行驶的交通工具，它通过推进器或螺旋桨来驱动，适合在水下进行远距离旅行。与陆地上的交通工具不同，它在水中航行时不受道路或地形的限制，能够在水下提供稳定的速度和舒适的环境。这类交通工具通常用于军事、科研或特定的商业用途，它的内部设计旨在提供良好的乘客体验，即使在长时间的水下航行中也能保持舒适。，注意，这局游戏的词语分类为<交通工具>，卧底词和平民词都属于该类，请你补充关于关键词的描述，注意，你的描述应该比起之前的描述更加贴近关键词，作为之前的补充
2024-12-13 11:14:32,450 - 3 - INFO - **********PLAYER3**********
这是一类在水中行驶的交通工具，它通过推进器或螺旋桨来驱动，适合在水下进行远距离旅行。这类交通工具通常用于军事、科研或特定的商业用途，它的内部设计注重乘客的舒适性和安全性，即使在长时间的水下航行中也能保持稳定。与陆地上的交通工具相比，它在水中航行时不受道路或地形的限制，能够在水下提供稳定的速度。这类交通工具的构造复杂，需要特殊的耐压材料和技术，以确保在深水压力下能够正常运作。
2024-12-13 11:15:25,654 - 3 - INFO - **********JUDGER**********
玩家1说：这是一辆载客的陆上交通工具，它的轮子在铁轨上行驶，速度较快。与同类交通工具相比，它在长途旅行中更为舒适。这是一款在固定轨道上运行的交通工具，它以其平稳的行驶和高效的运输能力著称。在长途旅行中，它能够提供一种与其他交通工具相比更为宁静和舒适的体验。这是一款依靠固定轨道运行的交通工具，它以其稳定的速度和可靠性著称。在长途旅行中，它能够提供一种与其他交通工具相比更为平和和舒适的体验，尤其适合跨越长距离。玩家2说：这是一类用于远距离运输的交通工具，它的主要特点是能在铁轨上高速行驶，相比其他交通工具，它提供了更加平稳和舒适的乘坐体验。其中最突出的不同之处在于它依赖于固定的铁轨系统，这使得它与其他交通工具如汽车或飞机相比，在舒适性和连续性上有所区别。这类交通工具以其在固定轨道上的运行而闻名，它能够在长途旅行中提供无与伦比的平稳性和连续性。它的设计使得乘客能够在高速移动的同时享受到相对宁静的旅行环境。这种交通工具的内部空间通常宽敞，座椅舒适，适合长时间的乘坐。它的速度虽然快，但舒适度是它最显著的特点之一。这类交通工具以其在特定轨道上的运行而著称，它能够跨越长距离，连接城市和地区，提供高效且可靠的运输服务。它的特点是拥有多个车厢，可以容纳大量乘客，且在行驶过程中能够保持高度稳定性。这种交通工具在长途旅行中尤为受欢迎，因为它能够在不同气候条件下保持一致的速度，同时提供宽敞的座位和良好的通风，确保乘客在长时间乘坐中保持舒适。玩家3说：这是一辆在道路上行驶的交通工具，拥有四个轮子，适用于城市交通。它最突出的不同之处在于它的动力来源于内燃机，这使得它在启动和加速方面比其他交通工具如电动车或自行车更快。这是一类在水中行驶的交通工具，它通过推进器或螺旋桨来驱动，适合在水下进行远距离旅行。与陆地上的交通工具不同，它在水中航行时不受道路或地形的限制，能够在水下提供稳定的速度和舒适的环境。这类交通工具通常用于军事、科研或特定的商业用途，它的内部设计旨在提供良好的乘客体验，即使在长时间的水下航行中也能保持舒适。这是一类在水中行驶的交通工具，它通过推进器或螺旋桨来驱动，适合在水下进行远距离旅行。这类交通工具通常用于军事、科研或特定的商业用途，它的内部设计注重乘客的舒适性和安全性，即使在长时间的水下航行中也能保持稳定。与陆地上的交通工具相比，它在水中航行时不受道路或地形的限制，能够在水下提供稳定的速度。这类交通工具的构造复杂，需要特殊的耐压材料和技术，以确保在深水压力下能够正常运作。玩家4说：这是一类主要用于长途旅行的交通工具，具有固定轨道，依靠内燃机或电力驱动，能够在铁轨上高速行驶。它在该类交通工具中最突出的不同特征是依赖铁轨系统，提供稳定的速度和舒适的乘坐体验。这是一款在固定轨道上运行的交通工具，以其能够跨越长距离而闻名。它通过内燃机或电力驱动，提供高速、平稳的旅行体验。相比其他交通工具，它能够在长途旅行中保持较高的舒适度，让乘客在旅途中感受到宁静和放松。这种交通工具的内部空间设计注重乘客的乘坐体验，通常配备有宽敞的座位和现代化的设施，使得长时间旅行变得更加舒适。这款交通工具以其在特定轨道上运行的连续性和稳定性著称。它能够跨越广泛的地理距离，连接不同的城市和地区，为乘客提供快速、可靠的旅行方式。它的设计允许在长途旅行中保持一致的速度，同时减少颠簸，确保乘客的舒适度。这种交通工具的内部空间通常被优化以容纳大量乘客，并提供必要的设施，如餐车和休息区，以支持长时间的旅程。它的动力来源可以是内燃机或电力，这取决于具体的设计和运营需求。||在这个游戏中，我们需要通过分析每位玩家的描述来找出卧底。通常，平民的描述会围绕相同的词语展开，而卧底的描述可能会因为词语的不同而显得不太一致。我们需要仔细比较每个描述之间的相似性和差异性，以找出可能的卧底，注意，卧底并不会隐藏自己，他会直接描述他的词语，现在，逐一分析每个玩家的描述，注意，这局游戏的词语分类为<交通工具>，卧底词和平民词都属于该类。||之前是第3轮描述和之前轮数描述的合集。你之前认为的卧底是玩家3。
2024-12-13 11:15:32,117 - 3 - INFO - **********PLAYER3**********
根据第三轮描述和之前的描述，我们可以看到以下情况：

- 玩家1和玩家2的描述都非常一致，都指向了火车或高速铁路，这是在铁轨上行驶的交通工具，适合长途旅行，并且以舒适和平稳著称。
- 玩家4的描述与玩家1和玩家2的描述也一致，强调了固定轨道、高速行驶、稳定速度和舒适的乘坐体验，这同样指向火车或高速铁路。
- 玩家3的描述在前两轮中分别提到了汽车和潜艇，而在第三轮中再次提到了潜艇，并且详细描述了潜艇的特性和用途，这与火车或高速铁路的描述完全不同。

由于玩家3的描述与其他玩家的描述存在显著的不一致，且他的描述与火车或高速铁路的特征不符，因此玩家3仍然是最有可能的卧底候选人。之前的推断仍然是玩家3可能是卧底。
2024-12-13 11:15:32,119 - 3 - INFO - **********JUDGER**********
你刚刚的分析是根据第三轮描述和之前的描述，我们可以看到以下情况：

- 玩家1和玩家2的描述都非常一致，都指向了火车或高速铁路，这是在铁轨上行驶的交通工具，适合长途旅行，并且以舒适和平稳著称。
- 玩家4的描述与玩家1和玩家2的描述也一致，强调了固定轨道、高速行驶、稳定速度和舒适的乘坐体验，这同样指向火车或高速铁路。
- 玩家3的描述在前两轮中分别提到了汽车和潜艇，而在第三轮中再次提到了潜艇，并且详细描述了潜艇的特性和用途，这与火车或高速铁路的描述完全不同。

由于玩家3的描述与其他玩家的描述存在显著的不一致，且他的描述与火车或高速铁路的特征不符，因此玩家3仍然是最有可能的卧底候选人。之前的推断仍然是玩家3可能是卧底。|| `请根据上述分析，比较描述以找出不一致之处，注意，这局游戏的词语分类为<交通工具>，卧底词和平民词都属于该类。
2024-12-13 11:15:42,842 - 3 - INFO - **********PLAYER3**********
根据上述分析，我们可以比较每位玩家的描述，找出以下不一致之处：

- 玩家1和玩家2的描述都集中在火车或高速铁路上，强调了铁轨行驶、长途旅行、舒适和平稳等特点。
- 玩家4的描述与玩家1和玩家2的描述一致，同样强调了固定轨道、高速行驶、稳定速度和舒适体验。
- 玩家3的描述则完全不同，他在前两轮中提到了汽车和潜艇，在第三轮中再次提到了潜艇，并详细描述了潜艇的特性和用途。这些描述与火车或高速铁路的特征不符，因为潜艇不是在铁轨上行驶的交通工具，而是水下的。

不一致之处总结：

- 玩家3的描述与火车或高速铁路的特征不一致，因为他提到了汽车和潜艇，这两个词语都不属于铁轨上行驶的交通工具类别。
- 玩家3的描述在三轮中都与火车或高速铁路的描述不一致，而其他玩家的描述在三轮中保持了高度的一致性。
2024-12-13 11:15:42,843 - 3 - INFO - **********JUDGER**********
你刚刚的分析是根据上述分析，我们可以比较每位玩家的描述，找出以下不一致之处：

- 玩家1和玩家2的描述都集中在火车或高速铁路上，强调了铁轨行驶、长途旅行、舒适和平稳等特点。
- 玩家4的描述与玩家1和玩家2的描述一致，同样强调了固定轨道、高速行驶、稳定速度和舒适体验。
- 玩家3的描述则完全不同，他在前两轮中提到了汽车和潜艇，在第三轮中再次提到了潜艇，并详细描述了潜艇的特性和用途。这些描述与火车或高速铁路的特征不符，因为潜艇不是在铁轨上行驶的交通工具，而是水下的。

不一致之处总结：

- 玩家3的描述与火车或高速铁路的特征不一致，因为他提到了汽车和潜艇，这两个词语都不属于铁轨上行驶的交通工具类别。
- 玩家3的描述在三轮中都与火车或高速铁路的描述不一致，而其他玩家的描述在三轮中保持了高度的一致性。|| 请通过你分析的不一致之处，推断卧底身份，注意，这局游戏的词语分类为<交通工具>，卧底词和平民词都属于该类。
2024-12-13 11:15:47,679 - 3 - INFO - **********PLAYER3**********
根据分析的不一致之处，我们可以推断出卧底身份：

- 玩家3的描述在三轮中都与火车或高速铁路的描述不一致，而是提到了汽车和潜艇，这两个词语都不属于铁轨上行驶的交通工具类别。
- 玩家1、玩家2和玩家4的描述都指向了火车或高速铁路，这与游戏规则中的<交通工具>类别相符。

因此，基于这些信息，玩家3很可能是卧底。卧底的关键词很可能是“潜艇”。
2024-12-13 11:15:47,680 - 3 - INFO - **********JUDGER**********
你刚刚的推断是根据分析的不一致之处，我们可以推断出卧底身份：

- 玩家3的描述在三轮中都与火车或高速铁路的描述不一致，而是提到了汽车和潜艇，这两个词语都不属于铁轨上行驶的交通工具类别。
- 玩家1、玩家2和玩家4的描述都指向了火车或高速铁路，这与游戏规则中的<交通工具>类别相符。

因此，基于这些信息，玩家3很可能是卧底。卧底的关键词很可能是“潜艇”。|| 基于你刚刚的推断得出你的最终结论，请输出你认为的卧底，在这种情况下只需要输出编号，是1-4中的某个数字，不要输出其他信息。在这个过程不要进行任何推理，只对||以前的部分进行信息提取
2024-12-13 11:15:48,974 - 3 - INFO - **********PLAYER3**********
3
2024-12-13 11:15:48,975 - 3 - INFO - **********JUDGER**********
你认为卧底是你自己。你现在需要随便选一个人投票。请输出一个数字，是1-4中的某个数字，但这个数字不能是3，不要输出其他信息。
2024-12-13 11:15:50,344 - 3 - INFO - **********PLAYER3**********
1
