2024-12-13 11:10:35,398 - 4 - INFO - **********JUDGER**********
让我们来玩一个叫做<谁是卧底>的推理游戏。基本规则：<人数>：4人。<角色分配>：每位玩家随机抽取一个词语，3名玩家拿到的词语是相同的（平民词），1名玩家拿到与之相近但不同的词语（卧底词）。<游戏流程>：1、玩家轮流描述自己的词语，但<不能>直接说出词语本身。2、描述完毕后，投票选出最像卧底的玩家。3、每轮结束后，被投票选出的玩家出局，不能再进行描述或投票。4、每轮投票结束后，如果卧底被成功找出，平民方获胜；如果卧底未被找出且卧底人数等于或超过平民人数，则卧底方获胜。你将扮演一个<玩家>，请等待你被分配到的关键词。如果你听懂了，只回答，"好的，我准备好参加游戏了"，不要输出别的信息
2024-12-13 11:10:36,123 - 4 - INFO - **********PLAYER4**********
好的，我准备好参加游戏了
2024-12-13 11:10:44,656 - 4 - INFO - **********JUDGER**********
玩家1说：这是一辆载客的陆上交通工具，它的轮子在铁轨上行驶，速度较快。与同类交通工具相比，它在长途旅行中更为舒适。玩家2说：这是一类用于远距离运输的交通工具，它的主要特点是能在铁轨上高速行驶，相比其他交通工具，它提供了更加平稳和舒适的乘坐体验。其中最突出的不同之处在于它依赖于固定的铁轨系统，这使得它与其他交通工具如汽车或飞机相比，在舒适性和连续性上有所区别。玩家3说：这是一辆在道路上行驶的交通工具，拥有四个轮子，适用于城市交通。它最突出的不同之处在于它的动力来源于内燃机，这使得它在启动和加速方面比其他交通工具如电动车或自行车更快。玩家4说：|| 你是第4号玩家，你的关键词是<火车>。你的回答中绝对不能包含你的关键词<火车>。这是第一轮描述，不需要分析||之前别的玩家的描述，请你描述关键词基本特征，注意，这局游戏的词语分类为<交通工具>，卧底词和平民词都属于该类，描述包括以下两点，1.他的基本特征是什么2.他在该类（交通工具）中最突出不同的特征是什么，尽量简短
2024-12-13 11:10:46,953 - 4 - INFO - **********PLAYER4**********
这是一类主要用于长途旅行的交通工具，具有固定轨道，依靠内燃机或电力驱动，能够在铁轨上高速行驶。它在该类交通工具中最突出的不同特征是依赖铁轨系统，提供稳定的速度和舒适的乘坐体验。
2024-12-13 11:11:50,694 - 4 - INFO - **********JUDGER**********
玩家1说：这是一辆载客的陆上交通工具，它的轮子在铁轨上行驶，速度较快。与同类交通工具相比，它在长途旅行中更为舒适。玩家2说：这是一类用于远距离运输的交通工具，它的主要特点是能在铁轨上高速行驶，相比其他交通工具，它提供了更加平稳和舒适的乘坐体验。其中最突出的不同之处在于它依赖于固定的铁轨系统，这使得它与其他交通工具如汽车或飞机相比，在舒适性和连续性上有所区别。玩家3说：这是一辆在道路上行驶的交通工具，拥有四个轮子，适用于城市交通。它最突出的不同之处在于它的动力来源于内燃机，这使得它在启动和加速方面比其他交通工具如电动车或自行车更快。玩家4说：||在这个游戏中，我们需要通过分析每位玩家的描述来找出卧底。通常，平民的描述会围绕相同的词语展开，而卧底的描述可能会因为词语的不同而显得不太一致。我们需要仔细比较每个描述之间的相似性和差异性，以找出可能的卧底，注意，卧底并不会隐藏自己，他会直接描述他的词语，现在，逐一分析每个玩家的描述，注意，这局游戏的词语分类为<交通工具>，卧底词和平民词都属于该类。这是第一轮描述。
2024-12-13 11:12:00,459 - 4 - INFO - **********PLAYER4**********
根据玩家们的描述，我们可以进行以下分析：

玩家1的描述提到了载客、铁轨、速度较快和长途旅行中的舒适性，这与火车的基本特征相符。

玩家2的描述强调了远距离运输、铁轨高速行驶、平稳舒适和依赖固定铁轨系统，这些特点也与火车相吻合。

玩家3的描述提到了在道路上行驶、四个轮子、城市交通和内燃机动力，这些特征更像是汽车，与火车不太一致。

玩家4没有提供描述，因此无法根据描述来判断其是否为卧底。

从描述的相似性来看，玩家1和玩家2的描述与火车非常接近，而玩家3的描述则指向了汽车。由于游戏规则中卧底词和平民词都属于交通工具类别，且玩家3的描述与火车存在显著差异，因此玩家3的描述可能是卧底词。然而，由于玩家4没有提供描述，我们无法确定其身份。在第一轮描述中，玩家3的描述似乎与其他玩家的描述不太一致，这可能是卧底的一个线索。
2024-12-13 11:12:00,460 - 4 - INFO - **********JUDGER**********
你刚刚的分析是根据玩家们的描述，我们可以进行以下分析：

玩家1的描述提到了载客、铁轨、速度较快和长途旅行中的舒适性，这与火车的基本特征相符。

玩家2的描述强调了远距离运输、铁轨高速行驶、平稳舒适和依赖固定铁轨系统，这些特点也与火车相吻合。

玩家3的描述提到了在道路上行驶、四个轮子、城市交通和内燃机动力，这些特征更像是汽车，与火车不太一致。

玩家4没有提供描述，因此无法根据描述来判断其是否为卧底。

从描述的相似性来看，玩家1和玩家2的描述与火车非常接近，而玩家3的描述则指向了汽车。由于游戏规则中卧底词和平民词都属于交通工具类别，且玩家3的描述与火车存在显著差异，因此玩家3的描述可能是卧底词。然而，由于玩家4没有提供描述，我们无法确定其身份。在第一轮描述中，玩家3的描述似乎与其他玩家的描述不太一致，这可能是卧底的一个线索。|| `请根据上述分析，比较描述以找出不一致之处，注意，这局游戏的词语分类为<交通工具>，卧底词和平民词都属于该类。
2024-12-13 11:12:14,232 - 4 - INFO - **********PLAYER4**********
根据上述分析，我们可以比较描述中的一致性和不一致之处如下：

1. 玩家1和玩家2的描述都提到了“铁轨”、“高速行驶”、“长途旅行”和“舒适性”，这些特点都是火车的主要特征，因此他们的描述与火车相符，显示了相似性。

2. 玩家3的描述提到了“道路上行驶”、“四个轮子”、“城市交通”和“内燃机动力”，这些特点更符合汽车，而不是火车。这与玩家1和玩家2的描述存在显著差异，因为火车的特点是依赖铁轨而非道路，且通常不用于城市交通。

3. 玩家4没有提供描述，因此无法判断其描述与火车或其他交通工具的一致性或差异性。

总结来说，不一致之处在于玩家3的描述与火车的主要特征不符，更像是汽车的描述。这可能是卧底的一个线索，因为卧底词应该与平民词有显著的不同。其他玩家的描述则更倾向于指向火车这一共同的交通工具。
2024-12-13 11:12:14,235 - 4 - INFO - **********JUDGER**********
你刚刚的分析是根据上述分析，我们可以比较描述中的一致性和不一致之处如下：

1. 玩家1和玩家2的描述都提到了“铁轨”、“高速行驶”、“长途旅行”和“舒适性”，这些特点都是火车的主要特征，因此他们的描述与火车相符，显示了相似性。

2. 玩家3的描述提到了“道路上行驶”、“四个轮子”、“城市交通”和“内燃机动力”，这些特点更符合汽车，而不是火车。这与玩家1和玩家2的描述存在显著差异，因为火车的特点是依赖铁轨而非道路，且通常不用于城市交通。

3. 玩家4没有提供描述，因此无法判断其描述与火车或其他交通工具的一致性或差异性。

总结来说，不一致之处在于玩家3的描述与火车的主要特征不符，更像是汽车的描述。这可能是卧底的一个线索，因为卧底词应该与平民词有显著的不同。其他玩家的描述则更倾向于指向火车这一共同的交通工具。|| 请通过你分析的不一致之处，推断卧底身份，注意，这局游戏的词语分类为<交通工具>，卧底词和平民词都属于该类。
2024-12-13 11:12:23,048 - 4 - INFO - **********PLAYER4**********
根据上述分析，不一致之处在于玩家3的描述与火车的主要特征不符，而是更符合汽车的描述。考虑到游戏规则中卧底词和平民词都属于交通工具类别，且卧底词应该与平民词有显著的不同，我们可以推断：

玩家3很可能是卧底，因为他的描述与火车（玩家1和玩家2的描述）的特征不一致，反而更像汽车。这表明玩家3拿到的可能是与火车不同的交通工具词，即汽车。因此，在当前的情况下，玩家3的卧底身份是比较明显的。
2024-12-13 11:12:23,049 - 4 - INFO - **********JUDGER**********
你刚刚的推断是根据上述分析，不一致之处在于玩家3的描述与火车的主要特征不符，而是更符合汽车的描述。考虑到游戏规则中卧底词和平民词都属于交通工具类别，且卧底词应该与平民词有显著的不同，我们可以推断：

玩家3很可能是卧底，因为他的描述与火车（玩家1和玩家2的描述）的特征不一致，反而更像汽车。这表明玩家3拿到的可能是与火车不同的交通工具词，即汽车。因此，在当前的情况下，玩家3的卧底身份是比较明显的。|| 基于你刚刚的推断得出你的最终结论，请输出你认为的卧底，在这种情况下只需要输出编号，是1-4中的某个数字，不要输出其他信息。在这个过程不要进行任何推理，只对||以前的部分进行信息提取
2024-12-13 11:12:23,965 - 4 - INFO - **********PLAYER4**********
3
2024-12-13 11:12:33,168 - 4 - INFO - **********JUDGER**********
玩家1说：这是一辆载客的陆上交通工具，它的轮子在铁轨上行驶，速度较快。与同类交通工具相比，它在长途旅行中更为舒适。这是一款在固定轨道上运行的交通工具，它以其平稳的行驶和高效的运输能力著称。在长途旅行中，它能够提供一种与其他交通工具相比更为宁静和舒适的体验。玩家2说：这是一类用于远距离运输的交通工具，它的主要特点是能在铁轨上高速行驶，相比其他交通工具，它提供了更加平稳和舒适的乘坐体验。其中最突出的不同之处在于它依赖于固定的铁轨系统，这使得它与其他交通工具如汽车或飞机相比，在舒适性和连续性上有所区别。这类交通工具以其在固定轨道上的运行而闻名，它能够在长途旅行中提供无与伦比的平稳性和连续性。它的设计使得乘客能够在高速移动的同时享受到相对宁静的旅行环境。这种交通工具的内部空间通常宽敞，座椅舒适，适合长时间的乘坐。它的速度虽然快，但舒适度是它最显著的特点之一。玩家3说：这是一辆在道路上行驶的交通工具，拥有四个轮子，适用于城市交通。它最突出的不同之处在于它的动力来源于内燃机，这使得它在启动和加速方面比其他交通工具如电动车或自行车更快。这是一类在水中行驶的交通工具，它通过推进器或螺旋桨来驱动，适合在水下进行远距离旅行。与陆地上的交通工具不同，它在水中航行时不受道路或地形的限制，能够在水下提供稳定的速度和舒适的环境。这类交通工具通常用于军事、科研或特定的商业用途，它的内部设计旨在提供良好的乘客体验，即使在长时间的水下航行中也能保持舒适。玩家4说：这是一类主要用于长途旅行的交通工具，具有固定轨道，依靠内燃机或电力驱动，能够在铁轨上高速行驶。它在该类交通工具中最突出的不同特征是依赖铁轨系统，提供稳定的速度和舒适的乘坐体验。你是第4号玩家，你的关键词是<火车>。你的回答中绝对不能包含你的关键词<火车>。这是第二轮描述，你之前的描述是这是一类主要用于长途旅行的交通工具，具有固定轨道，依靠内燃机或电力驱动，能够在铁轨上高速行驶。它在该类交通工具中最突出的不同特征是依赖铁轨系统，提供稳定的速度和舒适的乘坐体验。，注意，这局游戏的词语分类为<交通工具>，卧底词和平民词都属于该类，请你补充关于关键词的描述，注意，你的描述应该比起之前的描述更加贴近关键词，作为之前的补充
2024-12-13 11:12:39,209 - 4 - INFO - **********PLAYER4**********
这是一款在固定轨道上运行的交通工具，以其能够跨越长距离而闻名。它通过内燃机或电力驱动，提供高速、平稳的旅行体验。相比其他交通工具，它能够在长途旅行中保持较高的舒适度，让乘客在旅途中感受到宁静和放松。这种交通工具的内部空间设计注重乘客的乘坐体验，通常配备有宽敞的座位和现代化的设施，使得长时间旅行变得更加舒适。
2024-12-13 11:13:56,440 - 4 - INFO - **********JUDGER**********
玩家1说：这是一辆载客的陆上交通工具，它的轮子在铁轨上行驶，速度较快。与同类交通工具相比，它在长途旅行中更为舒适。这是一款在固定轨道上运行的交通工具，它以其平稳的行驶和高效的运输能力著称。在长途旅行中，它能够提供一种与其他交通工具相比更为宁静和舒适的体验。玩家2说：这是一类用于远距离运输的交通工具，它的主要特点是能在铁轨上高速行驶，相比其他交通工具，它提供了更加平稳和舒适的乘坐体验。其中最突出的不同之处在于它依赖于固定的铁轨系统，这使得它与其他交通工具如汽车或飞机相比，在舒适性和连续性上有所区别。这类交通工具以其在固定轨道上的运行而闻名，它能够在长途旅行中提供无与伦比的平稳性和连续性。它的设计使得乘客能够在高速移动的同时享受到相对宁静的旅行环境。这种交通工具的内部空间通常宽敞，座椅舒适，适合长时间的乘坐。它的速度虽然快，但舒适度是它最显著的特点之一。玩家3说：这是一辆在道路上行驶的交通工具，拥有四个轮子，适用于城市交通。它最突出的不同之处在于它的动力来源于内燃机，这使得它在启动和加速方面比其他交通工具如电动车或自行车更快。这是一类在水中行驶的交通工具，它通过推进器或螺旋桨来驱动，适合在水下进行远距离旅行。与陆地上的交通工具不同，它在水中航行时不受道路或地形的限制，能够在水下提供稳定的速度和舒适的环境。这类交通工具通常用于军事、科研或特定的商业用途，它的内部设计旨在提供良好的乘客体验，即使在长时间的水下航行中也能保持舒适。玩家4说：这是一类主要用于长途旅行的交通工具，具有固定轨道，依靠内燃机或电力驱动，能够在铁轨上高速行驶。它在该类交通工具中最突出的不同特征是依赖铁轨系统，提供稳定的速度和舒适的乘坐体验。||在这个游戏中，我们需要通过分析每位玩家的描述来找出卧底。通常，平民的描述会围绕相同的词语展开，而卧底的描述可能会因为词语的不同而显得不太一致。我们需要仔细比较每个描述之间的相似性和差异性，以找出可能的卧底，注意，卧底并不会隐藏自己，他会直接描述他的词语，现在，逐一分析每个玩家的描述，注意，这局游戏的词语分类为<交通工具>，卧底词和平民词都属于该类。||之前是第2轮描述和之前轮数描述的合集。你之前认为的卧底是玩家3。
2024-12-13 11:14:06,623 - 4 - INFO - **********PLAYER4**********
根据第二轮描述和之前的分析，以下是每位玩家的描述分析：

玩家1和玩家2的描述非常相似，都强调了铁轨、高速行驶、平稳、舒适、长途旅行和固定轨道系统等特点，这些描述与火车相符。

玩家3的描述提到了在道路上行驶的交通工具，拥有四个轮子，适用于城市交通，动力来源于内燃机，并且还提到了一类在水中行驶的交通工具，这表明玩家3的描述可能涉及两种不同的交通工具，而不是单一的火车。

玩家4的描述提到了固定轨道、内燃机或电力驱动、高速行驶和铁轨系统，这些特点与火车相符。

基于以上分析，玩家3的描述包含了两种不同的交通工具（陆地上的汽车和水面上的潜艇），这与玩家1、2和4的单一交通工具描述（火车）存在显著差异。因此，如果之前的推断是基于描述的一致性和差异性，那么玩家3仍然是卧底的最强候选人。然而，玩家4的描述虽然与火车相符，但考虑到玩家3描述的多样性，玩家4也可能是在尝试混淆视听。

最终，根据描述的多样性和与其他玩家描述的不一致性，玩家3仍然是卧底的最有可能候选人。
2024-12-13 11:14:06,626 - 4 - INFO - **********JUDGER**********
你刚刚的分析是根据第二轮描述和之前的分析，以下是每位玩家的描述分析：

玩家1和玩家2的描述非常相似，都强调了铁轨、高速行驶、平稳、舒适、长途旅行和固定轨道系统等特点，这些描述与火车相符。

玩家3的描述提到了在道路上行驶的交通工具，拥有四个轮子，适用于城市交通，动力来源于内燃机，并且还提到了一类在水中行驶的交通工具，这表明玩家3的描述可能涉及两种不同的交通工具，而不是单一的火车。

玩家4的描述提到了固定轨道、内燃机或电力驱动、高速行驶和铁轨系统，这些特点与火车相符。

基于以上分析，玩家3的描述包含了两种不同的交通工具（陆地上的汽车和水面上的潜艇），这与玩家1、2和4的单一交通工具描述（火车）存在显著差异。因此，如果之前的推断是基于描述的一致性和差异性，那么玩家3仍然是卧底的最强候选人。然而，玩家4的描述虽然与火车相符，但考虑到玩家3描述的多样性，玩家4也可能是在尝试混淆视听。

最终，根据描述的多样性和与其他玩家描述的不一致性，玩家3仍然是卧底的最有可能候选人。|| `请根据上述分析，比较描述以找出不一致之处，注意，这局游戏的词语分类为<交通工具>，卧底词和平民词都属于该类。
2024-12-13 11:14:15,647 - 4 - INFO - **********PLAYER4**********
根据上述分析，不一致之处主要体现在以下两点：

1. 玩家3的描述中提到了两种不同的交通工具：陆地上的汽车和水面上的潜艇。这与其他玩家描述的单一交通工具（火车）存在显著差异。玩家1、2和4的描述都集中在火车的特征上，如铁轨、高速行驶、平稳、舒适等。

2. 玩家4的描述虽然也提到了火车的特征，如固定轨道、内燃机或电力驱动、高速行驶和铁轨系统，但没有提到其他交通工具，这使得玩家4的描述看起来与其他玩家更为一致。然而，由于玩家3描述了两种交通工具，这可能是在试图混淆视听，使得玩家4的单一交通工具描述显得不那么明显。

因此，不一致之处在于玩家3描述的多样性，以及玩家4描述的单一性可能是在尝试模仿平民的描述。这种多样性使得玩家3的描述与其他玩家的描述不一致，从而可能是卧底。
2024-12-13 11:14:15,650 - 4 - INFO - **********JUDGER**********
你刚刚的分析是根据上述分析，不一致之处主要体现在以下两点：

1. 玩家3的描述中提到了两种不同的交通工具：陆地上的汽车和水面上的潜艇。这与其他玩家描述的单一交通工具（火车）存在显著差异。玩家1、2和4的描述都集中在火车的特征上，如铁轨、高速行驶、平稳、舒适等。

2. 玩家4的描述虽然也提到了火车的特征，如固定轨道、内燃机或电力驱动、高速行驶和铁轨系统，但没有提到其他交通工具，这使得玩家4的描述看起来与其他玩家更为一致。然而，由于玩家3描述了两种交通工具，这可能是在试图混淆视听，使得玩家4的单一交通工具描述显得不那么明显。

因此，不一致之处在于玩家3描述的多样性，以及玩家4描述的单一性可能是在尝试模仿平民的描述。这种多样性使得玩家3的描述与其他玩家的描述不一致，从而可能是卧底。|| 请通过你分析的不一致之处，推断卧底身份，注意，这局游戏的词语分类为<交通工具>，卧底词和平民词都属于该类。
2024-12-13 11:14:20,743 - 4 - INFO - **********PLAYER4**********
基于分析的不一致之处，可以推断：

玩家3的描述中提到了两种不同的交通工具（陆地上的汽车和水面上的潜艇），这与其他玩家描述的单一交通工具（火车）存在明显差异。由于游戏规则中卧底词和平民词都属于交通工具类别，且卧底词应该与平民词有显著的不同，玩家3的描述符合卧底的特征。

因此，根据描述的多样性和与其他玩家描述的不一致性，玩家3很可能是卧底。
2024-12-13 11:14:20,749 - 4 - INFO - **********JUDGER**********
你刚刚的推断是基于分析的不一致之处，可以推断：

玩家3的描述中提到了两种不同的交通工具（陆地上的汽车和水面上的潜艇），这与其他玩家描述的单一交通工具（火车）存在明显差异。由于游戏规则中卧底词和平民词都属于交通工具类别，且卧底词应该与平民词有显著的不同，玩家3的描述符合卧底的特征。

因此，根据描述的多样性和与其他玩家描述的不一致性，玩家3很可能是卧底。|| 基于你刚刚的推断得出你的最终结论，请输出你认为的卧底，在这种情况下只需要输出编号，是1-4中的某个数字，不要输出其他信息。在这个过程不要进行任何推理，只对||以前的部分进行信息提取
2024-12-13 11:14:22,479 - 4 - INFO - **********PLAYER4**********
3
2024-12-13 11:14:32,451 - 4 - INFO - **********JUDGER**********
玩家1说：这是一辆载客的陆上交通工具，它的轮子在铁轨上行驶，速度较快。与同类交通工具相比，它在长途旅行中更为舒适。这是一款在固定轨道上运行的交通工具，它以其平稳的行驶和高效的运输能力著称。在长途旅行中，它能够提供一种与其他交通工具相比更为宁静和舒适的体验。这是一款依靠固定轨道运行的交通工具，它以其稳定的速度和可靠性著称。在长途旅行中，它能够提供一种与其他交通工具相比更为平和和舒适的体验，尤其适合跨越长距离。玩家2说：这是一类用于远距离运输的交通工具，它的主要特点是能在铁轨上高速行驶，相比其他交通工具，它提供了更加平稳和舒适的乘坐体验。其中最突出的不同之处在于它依赖于固定的铁轨系统，这使得它与其他交通工具如汽车或飞机相比，在舒适性和连续性上有所区别。这类交通工具以其在固定轨道上的运行而闻名，它能够在长途旅行中提供无与伦比的平稳性和连续性。它的设计使得乘客能够在高速移动的同时享受到相对宁静的旅行环境。这种交通工具的内部空间通常宽敞，座椅舒适，适合长时间的乘坐。它的速度虽然快，但舒适度是它最显著的特点之一。这类交通工具以其在特定轨道上的运行而著称，它能够跨越长距离，连接城市和地区，提供高效且可靠的运输服务。它的特点是拥有多个车厢，可以容纳大量乘客，且在行驶过程中能够保持高度稳定性。这种交通工具在长途旅行中尤为受欢迎，因为它能够在不同气候条件下保持一致的速度，同时提供宽敞的座位和良好的通风，确保乘客在长时间乘坐中保持舒适。玩家3说：这是一辆在道路上行驶的交通工具，拥有四个轮子，适用于城市交通。它最突出的不同之处在于它的动力来源于内燃机，这使得它在启动和加速方面比其他交通工具如电动车或自行车更快。这是一类在水中行驶的交通工具，它通过推进器或螺旋桨来驱动，适合在水下进行远距离旅行。与陆地上的交通工具不同，它在水中航行时不受道路或地形的限制，能够在水下提供稳定的速度和舒适的环境。这类交通工具通常用于军事、科研或特定的商业用途，它的内部设计旨在提供良好的乘客体验，即使在长时间的水下航行中也能保持舒适。这是一类在水中行驶的交通工具，它通过推进器或螺旋桨来驱动，适合在水下进行远距离旅行。这类交通工具通常用于军事、科研或特定的商业用途，它的内部设计注重乘客的舒适性和安全性，即使在长时间的水下航行中也能保持稳定。与陆地上的交通工具相比，它在水中航行时不受道路或地形的限制，能够在水下提供稳定的速度。这类交通工具的构造复杂，需要特殊的耐压材料和技术，以确保在深水压力下能够正常运作。玩家4说：这是一类主要用于长途旅行的交通工具，具有固定轨道，依靠内燃机或电力驱动，能够在铁轨上高速行驶。它在该类交通工具中最突出的不同特征是依赖铁轨系统，提供稳定的速度和舒适的乘坐体验。这是一款在固定轨道上运行的交通工具，以其能够跨越长距离而闻名。它通过内燃机或电力驱动，提供高速、平稳的旅行体验。相比其他交通工具，它能够在长途旅行中保持较高的舒适度，让乘客在旅途中感受到宁静和放松。这种交通工具的内部空间设计注重乘客的乘坐体验，通常配备有宽敞的座位和现代化的设施，使得长时间旅行变得更加舒适。你是第4号玩家，你的关键词是<火车>。你的回答中绝对不能包含你的关键词<火车>。这是第三轮描述，你之前的描述是这是一类主要用于长途旅行的交通工具，具有固定轨道，依靠内燃机或电力驱动，能够在铁轨上高速行驶。它在该类交通工具中最突出的不同特征是依赖铁轨系统，提供稳定的速度和舒适的乘坐体验。和这是一款在固定轨道上运行的交通工具，以其能够跨越长距离而闻名。它通过内燃机或电力驱动，提供高速、平稳的旅行体验。相比其他交通工具，它能够在长途旅行中保持较高的舒适度，让乘客在旅途中感受到宁静和放松。这种交通工具的内部空间设计注重乘客的乘坐体验，通常配备有宽敞的座位和现代化的设施，使得长时间旅行变得更加舒适。，注意，这局游戏的词语分类为<交通工具>，卧底词和平民词都属于该类，请你补充关于关键词的描述，注意，你的描述应该比起之前的描述更加贴近关键词，作为之前的补充
2024-12-13 11:14:35,442 - 4 - INFO - **********PLAYER4**********
这款交通工具以其在特定轨道上运行的连续性和稳定性著称。它能够跨越广泛的地理距离，连接不同的城市和地区，为乘客提供快速、可靠的旅行方式。它的设计允许在长途旅行中保持一致的速度，同时减少颠簸，确保乘客的舒适度。这种交通工具的内部空间通常被优化以容纳大量乘客，并提供必要的设施，如餐车和休息区，以支持长时间的旅程。它的动力来源可以是内燃机或电力，这取决于具体的设计和运营需求。
2024-12-13 11:15:50,345 - 4 - INFO - **********JUDGER**********
玩家1说：这是一辆载客的陆上交通工具，它的轮子在铁轨上行驶，速度较快。与同类交通工具相比，它在长途旅行中更为舒适。这是一款在固定轨道上运行的交通工具，它以其平稳的行驶和高效的运输能力著称。在长途旅行中，它能够提供一种与其他交通工具相比更为宁静和舒适的体验。这是一款依靠固定轨道运行的交通工具，它以其稳定的速度和可靠性著称。在长途旅行中，它能够提供一种与其他交通工具相比更为平和和舒适的体验，尤其适合跨越长距离。玩家2说：这是一类用于远距离运输的交通工具，它的主要特点是能在铁轨上高速行驶，相比其他交通工具，它提供了更加平稳和舒适的乘坐体验。其中最突出的不同之处在于它依赖于固定的铁轨系统，这使得它与其他交通工具如汽车或飞机相比，在舒适性和连续性上有所区别。这类交通工具以其在固定轨道上的运行而闻名，它能够在长途旅行中提供无与伦比的平稳性和连续性。它的设计使得乘客能够在高速移动的同时享受到相对宁静的旅行环境。这种交通工具的内部空间通常宽敞，座椅舒适，适合长时间的乘坐。它的速度虽然快，但舒适度是它最显著的特点之一。这类交通工具以其在特定轨道上的运行而著称，它能够跨越长距离，连接城市和地区，提供高效且可靠的运输服务。它的特点是拥有多个车厢，可以容纳大量乘客，且在行驶过程中能够保持高度稳定性。这种交通工具在长途旅行中尤为受欢迎，因为它能够在不同气候条件下保持一致的速度，同时提供宽敞的座位和良好的通风，确保乘客在长时间乘坐中保持舒适。玩家3说：这是一辆在道路上行驶的交通工具，拥有四个轮子，适用于城市交通。它最突出的不同之处在于它的动力来源于内燃机，这使得它在启动和加速方面比其他交通工具如电动车或自行车更快。这是一类在水中行驶的交通工具，它通过推进器或螺旋桨来驱动，适合在水下进行远距离旅行。与陆地上的交通工具不同，它在水中航行时不受道路或地形的限制，能够在水下提供稳定的速度和舒适的环境。这类交通工具通常用于军事、科研或特定的商业用途，它的内部设计旨在提供良好的乘客体验，即使在长时间的水下航行中也能保持舒适。这是一类在水中行驶的交通工具，它通过推进器或螺旋桨来驱动，适合在水下进行远距离旅行。这类交通工具通常用于军事、科研或特定的商业用途，它的内部设计注重乘客的舒适性和安全性，即使在长时间的水下航行中也能保持稳定。与陆地上的交通工具相比，它在水中航行时不受道路或地形的限制，能够在水下提供稳定的速度。这类交通工具的构造复杂，需要特殊的耐压材料和技术，以确保在深水压力下能够正常运作。玩家4说：这是一类主要用于长途旅行的交通工具，具有固定轨道，依靠内燃机或电力驱动，能够在铁轨上高速行驶。它在该类交通工具中最突出的不同特征是依赖铁轨系统，提供稳定的速度和舒适的乘坐体验。这是一款在固定轨道上运行的交通工具，以其能够跨越长距离而闻名。它通过内燃机或电力驱动，提供高速、平稳的旅行体验。相比其他交通工具，它能够在长途旅行中保持较高的舒适度，让乘客在旅途中感受到宁静和放松。这种交通工具的内部空间设计注重乘客的乘坐体验，通常配备有宽敞的座位和现代化的设施，使得长时间旅行变得更加舒适。这款交通工具以其在特定轨道上运行的连续性和稳定性著称。它能够跨越广泛的地理距离，连接不同的城市和地区，为乘客提供快速、可靠的旅行方式。它的设计允许在长途旅行中保持一致的速度，同时减少颠簸，确保乘客的舒适度。这种交通工具的内部空间通常被优化以容纳大量乘客，并提供必要的设施，如餐车和休息区，以支持长时间的旅程。它的动力来源可以是内燃机或电力，这取决于具体的设计和运营需求。||在这个游戏中，我们需要通过分析每位玩家的描述来找出卧底。通常，平民的描述会围绕相同的词语展开，而卧底的描述可能会因为词语的不同而显得不太一致。我们需要仔细比较每个描述之间的相似性和差异性，以找出可能的卧底，注意，卧底并不会隐藏自己，他会直接描述他的词语，现在，逐一分析每个玩家的描述，注意，这局游戏的词语分类为<交通工具>，卧底词和平民词都属于该类。||之前是第3轮描述和之前轮数描述的合集。你之前认为的卧底是玩家3。
2024-12-13 11:15:57,155 - 4 - INFO - **********PLAYER4**********
根据第三轮描述和之前轮数的描述，以下是每位玩家的描述分析：

玩家1和玩家2的描述都非常相似，都强调了火车的固定轨道、高速行驶、平稳、舒适、长途旅行和连续性等特点，这些描述与火车相符。

玩家3的描述提到了在道路上行驶的交通工具，拥有四个轮子，适用于城市交通，动力来源于内燃机，并且还提到了一类在水中行驶的交通工具，这表明玩家3的描述可能涉及两种不同的交通工具，而不是单一的火车。

玩家4的描述提到了固定轨道、内燃机或电力驱动、高速行驶和铁轨系统，这些特点与火车相符，但玩家4的描述也提到了内燃机和电力驱动，这可能是在尝试模仿平民的描述。

基于以上分析，玩家3的描述中提到了两种不同的交通工具（陆地上的汽车和水面上的潜艇），这与玩家1和玩家2的单一交通工具描述（火车）存在显著差异。因此，根据描述的多样性和与其他玩家描述的不一致性，玩家3仍然是卧底的最有可能候选人。
2024-12-13 11:15:57,162 - 4 - INFO - **********JUDGER**********
你刚刚的分析是根据第三轮描述和之前轮数的描述，以下是每位玩家的描述分析：

玩家1和玩家2的描述都非常相似，都强调了火车的固定轨道、高速行驶、平稳、舒适、长途旅行和连续性等特点，这些描述与火车相符。

玩家3的描述提到了在道路上行驶的交通工具，拥有四个轮子，适用于城市交通，动力来源于内燃机，并且还提到了一类在水中行驶的交通工具，这表明玩家3的描述可能涉及两种不同的交通工具，而不是单一的火车。

玩家4的描述提到了固定轨道、内燃机或电力驱动、高速行驶和铁轨系统，这些特点与火车相符，但玩家4的描述也提到了内燃机和电力驱动，这可能是在尝试模仿平民的描述。

基于以上分析，玩家3的描述中提到了两种不同的交通工具（陆地上的汽车和水面上的潜艇），这与玩家1和玩家2的单一交通工具描述（火车）存在显著差异。因此，根据描述的多样性和与其他玩家描述的不一致性，玩家3仍然是卧底的最有可能候选人。|| `请根据上述分析，比较描述以找出不一致之处，注意，这局游戏的词语分类为<交通工具>，卧底词和平民词都属于该类。
2024-12-13 11:16:08,389 - 4 - INFO - **********PLAYER4**********
根据上述分析，不一致之处主要体现在以下两点：

1. 玩家3的描述中提到了两种不同的交通工具：陆地上的汽车和水面上的潜艇。这与其他玩家描述的单一交通工具（火车）存在显著差异。玩家1和玩家2的描述都集中在火车的特征上，如固定轨道、高速行驶、平稳、舒适等。

2. 玩家4的描述虽然提到了火车的特征，如固定轨道、内燃机或电力驱动、高速行驶和铁轨系统，但同时也提到了内燃机和电力驱动，这与其他玩家强调的火车特征有所不同，可能会让其他玩家误以为他的描述与火车相符，从而造成混淆。

因此，不一致之处在于玩家3描述的多样性，以及玩家4描述中提到的动力驱动方式，这两个点都与火车描述存在差异。
2024-12-13 11:16:08,390 - 4 - INFO - **********JUDGER**********
你刚刚的分析是根据上述分析，不一致之处主要体现在以下两点：

1. 玩家3的描述中提到了两种不同的交通工具：陆地上的汽车和水面上的潜艇。这与其他玩家描述的单一交通工具（火车）存在显著差异。玩家1和玩家2的描述都集中在火车的特征上，如固定轨道、高速行驶、平稳、舒适等。

2. 玩家4的描述虽然提到了火车的特征，如固定轨道、内燃机或电力驱动、高速行驶和铁轨系统，但同时也提到了内燃机和电力驱动，这与其他玩家强调的火车特征有所不同，可能会让其他玩家误以为他的描述与火车相符，从而造成混淆。

因此，不一致之处在于玩家3描述的多样性，以及玩家4描述中提到的动力驱动方式，这两个点都与火车描述存在差异。|| 请通过你分析的不一致之处，推断卧底身份，注意，这局游戏的词语分类为<交通工具>，卧底词和平民词都属于该类。
2024-12-13 11:16:12,947 - 4 - INFO - **********PLAYER4**********
基于分析的不一致之处，可以推断：

玩家3的描述中提到了两种不同的交通工具（陆地上的汽车和水面上的潜艇），这与火车这一单一交通工具的描述不符，因此玩家3很可能是卧底。

玩家4的描述虽然提到了火车的特征，但也提到了内燃机和电力驱动，这可能是在尝试模仿平民的描述，但与玩家1和玩家2的描述相比，玩家4的描述在强调单一性方面稍显不足，因此玩家4也可能是卧底。

综合考虑，玩家3的描述与火车这一类别的单一性要求不符，因此玩家3是更明显的卧底候选人。所以，推断的卧底是玩家3。
2024-12-13 11:16:12,953 - 4 - INFO - **********JUDGER**********
你刚刚的推断是基于分析的不一致之处，可以推断：

玩家3的描述中提到了两种不同的交通工具（陆地上的汽车和水面上的潜艇），这与火车这一单一交通工具的描述不符，因此玩家3很可能是卧底。

玩家4的描述虽然提到了火车的特征，但也提到了内燃机和电力驱动，这可能是在尝试模仿平民的描述，但与玩家1和玩家2的描述相比，玩家4的描述在强调单一性方面稍显不足，因此玩家4也可能是卧底。

综合考虑，玩家3的描述与火车这一类别的单一性要求不符，因此玩家3是更明显的卧底候选人。所以，推断的卧底是玩家3。|| 基于你刚刚的推断得出你的最终结论，请输出你认为的卧底，在这种情况下只需要输出编号，是1-4中的某个数字，不要输出其他信息。在这个过程不要进行任何推理，只对||以前的部分进行信息提取
2024-12-13 11:16:14,086 - 4 - INFO - **********PLAYER4**********
3
