2024-12-13 16:49:26,323 - 1 - INFO - **********JUDGER**********
让我们来玩一个叫做<谁是卧底>的推理游戏。基本规则：<人数>：4人。<角色分配>：每位玩家随机抽取一个词语，3名玩家拿到的词语是相同的（平民词），1名玩家拿到与之相近但不同的词语（卧底词）。<游戏流程>：1、玩家轮流描述自己的词语，但<不能>直接说出词语本身。2、描述完毕后，投票选出最像卧底的玩家。3、每轮结束后，被投票选出的玩家出局，不能再进行描述或投票。4、每轮投票结束后，如果卧底被成功找出，平民方获胜；如果卧底未被找出且卧底人数等于或超过平民人数，则卧底方获胜。你将扮演一个<玩家>，请等待你被分配到的关键词。如果你听懂了，只回答，"好的，我准备好参加游戏了"，不要输出别的信息
2024-12-13 16:49:27,099 - 1 - INFO - **********PLAYER1**********
好的，我准备好参加游戏了
2024-12-13 16:49:30,271 - 1 - INFO - **********JUDGER**********
玩家1说：玩家2说：玩家3说：玩家4说：|| 你是第1号玩家，你的关键词是<老虎>。你的回答中绝对不能包含你的关键词<老虎>。这是第一轮描述，不需要分析||之前别的玩家的描述，请你描述关键词基本特征，注意，这局游戏的词语分类为<动物>，卧底词和平民词都属于该类，描述包括以下两点，1.他的基本特征是什么2.他在该类（动物）中最突出不同的特征是什么，尽量简短
2024-12-13 16:49:35,836 - 1 - INFO - **********PLAYER1**********
这是一只大型猫科动物，它的基本特征是拥有强壮的体格和锋利的爪牙。在猫科动物中，它最突出的不同特征是它的条纹或斑点皮肤。
2024-12-13 16:49:42,949 - 1 - INFO - **********JUDGER**********
玩家1说：这是一只大型猫科动物，它的基本特征是拥有强壮的体格和锋利的爪牙。在猫科动物中，它最突出的不同特征是它的条纹或斑点皮肤。玩家2说：它是一种体格强健的动物，拥有锐利的爪牙。在其同类中，它最显著的特点是皮毛上有独特的条纹或斑点图案。玩家3说：这是一种常见的温血哺乳动物，以其厚实的身体和强大的力量而闻名。在同类中，它最特别的地方在于其具有保护色和锋利的爪牙。玩家4说：||在这个游戏中，我们需要通过分析每位玩家的描述来找出卧底。通常，平民的描述会围绕相同的词语展开，而卧底的描述可能会因为词语的不同而显得不太一致。我们需要仔细比较每个描述之间的相似性和差异性，以找出可能的卧底，注意，卧底并不会隐藏自己，他会直接描述他的词语，现在，逐一分析每个玩家的描述，注意，这局游戏的词语分类为<动物>，卧底词和平民词都属于该类。这是第一轮描述。
2024-12-13 16:49:47,404 - 1 - INFO - **********PLAYER1**********
好的，我注意到玩家1、玩家2和玩家3的描述都非常相似，都在强调动物的大型、强健的体格、锋利的爪牙和保护色。而玩家4的描述中，虽然也提到了动物的体格和力量，但更强调了保护色这一点，并且没有提到条纹或斑点的特征。如果我们的关键词是“老虎”，那么玩家4的描述可能会因为缺少条纹或斑点的描述而显得有些不同。因此，基于描述的相似性和差异性，玩家4的描述可能与我们的关键词不太一致，他可能是卧底。
2024-12-13 16:49:47,406 - 1 - INFO - **********JUDGER**********
你刚刚的分析是好的，我注意到玩家1、玩家2和玩家3的描述都非常相似，都在强调动物的大型、强健的体格、锋利的爪牙和保护色。而玩家4的描述中，虽然也提到了动物的体格和力量，但更强调了保护色这一点，并且没有提到条纹或斑点的特征。如果我们的关键词是“老虎”，那么玩家4的描述可能会因为缺少条纹或斑点的描述而显得有些不同。因此，基于描述的相似性和差异性，玩家4的描述可能与我们的关键词不太一致，他可能是卧底。|| `请根据上述分析，比较描述以找出不一致之处，注意，这局游戏的词语分类为<动物>，卧底词和平民词都属于该类。
2024-12-13 16:49:59,108 - 1 - INFO - **********PLAYER1**********
根据上述分析，我们可以比较描述中的不一致之处如下：

1. 玩家1、玩家2和玩家3的描述都提到了动物的基本特征，包括大型、强健的体格、锋利的爪牙和保护色。

2. 玩家4的描述也提到了大型和强健的体格，以及保护色，但没有提到锋利的爪牙这一点。

3. 最关键的不一致在于条纹或斑点的特征。玩家1、玩家2和玩家3的描述中都提到了这一点，而玩家4的描述中并没有提及。

由于我们的关键词是“老虎”，并且老虎的特征之一就是其条纹或斑点皮肤，玩家4的描述在这点上与老虎的特征不符，因此，玩家4的描述与平民的描述不一致，可能是卧底。
2024-12-13 16:49:59,110 - 1 - INFO - **********JUDGER**********
你刚刚的分析是根据上述分析，我们可以比较描述中的不一致之处如下：

1. 玩家1、玩家2和玩家3的描述都提到了动物的基本特征，包括大型、强健的体格、锋利的爪牙和保护色。

2. 玩家4的描述也提到了大型和强健的体格，以及保护色，但没有提到锋利的爪牙这一点。

3. 最关键的不一致在于条纹或斑点的特征。玩家1、玩家2和玩家3的描述中都提到了这一点，而玩家4的描述中并没有提及。

由于我们的关键词是“老虎”，并且老虎的特征之一就是其条纹或斑点皮肤，玩家4的描述在这点上与老虎的特征不符，因此，玩家4的描述与平民的描述不一致，可能是卧底。|| 请通过你分析的不一致之处，推断卧底身份，注意，这局游戏的词语分类为<动物>，卧底词和平民词都属于该类。
2024-12-13 16:50:05,526 - 1 - INFO - **********PLAYER1**********
根据分析的不一致之处，可以推断出以下结论：

1. 玩家4的描述没有提到“条纹或斑点”这一特征，而根据游戏的规则，所有平民玩家的关键词都是“老虎”，老虎的显著特征之一就是其独特的条纹或斑点皮肤。

2. 玩家1、玩家2和玩家3的描述中都包含了这一特征，这与老虎的描述相符。

3. 由于游戏中的词语分类为<动物>，卧底词和平民词都属于该类，而玩家4的描述在关键特征上与老虎不符，这表明玩家4可能持有的是与老虎不同的动物关键词。

综合以上信息，可以推断玩家4是卧底，因为他的描述与所有平民玩家的描述在关键特征上不一致，而其他玩家的描述都指向了“老虎”这一关键词。
2024-12-13 16:50:05,527 - 1 - INFO - **********JUDGER**********
你刚刚的推断是根据分析的不一致之处，可以推断出以下结论：

1. 玩家4的描述没有提到“条纹或斑点”这一特征，而根据游戏的规则，所有平民玩家的关键词都是“老虎”，老虎的显著特征之一就是其独特的条纹或斑点皮肤。

2. 玩家1、玩家2和玩家3的描述中都包含了这一特征，这与老虎的描述相符。

3. 由于游戏中的词语分类为<动物>，卧底词和平民词都属于该类，而玩家4的描述在关键特征上与老虎不符，这表明玩家4可能持有的是与老虎不同的动物关键词。

综合以上信息，可以推断玩家4是卧底，因为他的描述与所有平民玩家的描述在关键特征上不一致，而其他玩家的描述都指向了“老虎”这一关键词。|| 基于你刚刚的推断得出你的最终结论，请输出你认为的卧底，在这种情况下只需要输出编号，是1-4中的某个数字，不要输出其他信息。在这个过程不要进行任何推理，只对||以前的部分进行信息提取
2024-12-13 16:50:06,796 - 1 - INFO - **********PLAYER1**********
基于以上分析，我推断玩家4可能是卧底。因此，我会投票给玩家4。
2024-12-13 16:50:06,797 - 1 - WARNING - Invalid vote: 基于以上分析，我推断玩家4可能是卧底。因此，我会投票给玩家4。. Asking again.
2024-12-13 16:50:06,798 - 1 - INFO - **********JUDGER**********
你刚刚的推断是根据分析的不一致之处，可以推断出以下结论：

1. 玩家4的描述没有提到“条纹或斑点”这一特征，而根据游戏的规则，所有平民玩家的关键词都是“老虎”，老虎的显著特征之一就是其独特的条纹或斑点皮肤。

2. 玩家1、玩家2和玩家3的描述中都包含了这一特征，这与老虎的描述相符。

3. 由于游戏中的词语分类为<动物>，卧底词和平民词都属于该类，而玩家4的描述在关键特征上与老虎不符，这表明玩家4可能持有的是与老虎不同的动物关键词。

综合以上信息，可以推断玩家4是卧底，因为他的描述与所有平民玩家的描述在关键特征上不一致，而其他玩家的描述都指向了“老虎”这一关键词。|| 基于你刚刚的推断得出你的最终结论，请输出你认为的卧底，在这种情况下只需要输出编号，是1-4中的某个数字，不要输出其他信息。在这个过程不要进行任何推理，只对||以前的部分进行信息提取
2024-12-13 16:50:07,317 - 1 - INFO - **********PLAYER1**********
4
2024-12-13 16:51:34,291 - 1 - INFO - **********JUDGER**********
玩家1说：这是一只大型猫科动物，它的基本特征是拥有强壮的体格和锋利的爪牙。在猫科动物中，它最突出的不同特征是它的条纹或斑点皮肤。玩家2说：它是一种体格强健的动物，拥有锐利的爪牙。在其同类中，它最显著的特点是皮毛上有独特的条纹或斑点图案。玩家3说：这是一种常见的温血哺乳动物，以其厚实的身体和强大的力量而闻名。在同类中，它最特别的地方在于其具有保护色和锋利的爪牙。玩家4说：这是一类有着厚实皮毛和强大肌肉的动物，它们通常具有独特的花纹或斑点。在同类中，它们以其强大的捕猎能力和独特的领地意识而最为突出。你是第1号玩家，你的关键词是<老虎>。你的回答中绝对不能包含你的关键词<老虎>。这是第二轮描述，你之前的描述是这是一只大型猫科动物，它的基本特征是拥有强壮的体格和锋利的爪牙。在猫科动物中，它最突出的不同特征是它的条纹或斑点皮肤。，注意，这局游戏的词语分类为<动物>，卧底词和平民词都属于该类，请你补充关于关键词的描述，注意，你的描述应该比起之前的描述更加贴近关键词，作为之前的补充
2024-12-13 16:51:36,789 - 1 - INFO - **********PLAYER1**********
这是一种力量惊人的动物，以其强大的狩猎技巧和敏锐的感官而著称。在同类中，它以其独特的图案和条纹在丛林中脱颖而出。
2024-12-13 16:51:51,171 - 1 - INFO - **********JUDGER**********
玩家1说：这是一只大型猫科动物，它的基本特征是拥有强壮的体格和锋利的爪牙。在猫科动物中，它最突出的不同特征是它的条纹或斑点皮肤。这是一种力量惊人的动物，以其强大的狩猎技巧和敏锐的感官而著称。在同类中，它以其独特的图案和条纹在丛林中脱颖而出。玩家2说：它是一种体格强健的动物，拥有锐利的爪牙。在其同类中，它最显著的特点是皮毛上有独特的条纹或斑点图案。它是一种以黄色或橙色为主色调的大型猫科动物，体型庞大，肌肉发达。它的皮毛上有黑色条纹或斑点，这些图案不仅美观，而且在丛林中起到了伪装的作用。这种动物以其出色的捕猎技巧和强大的领地意识而著称。玩家3说：这是一种常见的温血哺乳动物，以其厚实的身体和强大的力量而闻名。在同类中，它最特别的地方在于其具有保护色和锋利的爪牙。这种动物以其庞大的体型和厚重的皮毛而著称，它们通常在森林中生活，拥有强壮的肌肉和锋利的爪牙。在同类中，它们以其在丛林中的隐秘性和对领地的强烈占有欲而特别突出。这种动物的力量和耐力使其成为丛林中的顶级捕食者。玩家4说：这是一类有着厚实皮毛和强大肌肉的动物，它们通常具有独特的花纹或斑点。在同类中，它们以其强大的捕猎能力和独特的领地意识而最为突出。||在这个游戏中，我们需要通过分析每位玩家的描述来找出卧底。通常，平民的描述会围绕相同的词语展开，而卧底的描述可能会因为词语的不同而显得不太一致。我们需要仔细比较每个描述之间的相似性和差异性，以找出可能的卧底，注意，卧底并不会隐藏自己，他会直接描述他的词语，现在，逐一分析每个玩家的描述，注意，这局游戏的词语分类为<动物>，卧底词和平民词都属于该类。||之前是第2轮描述和之前轮数描述的合集。你之前认为的卧底是玩家4。
2024-12-13 16:51:59,928 - 1 - INFO - **********PLAYER1**********
经过对第二轮描述的分析，我之前的推断是基于玩家4的描述中缺少了关于“条纹或斑点”这一特征的提及，而其他玩家的描述都强调了这一点。然而，现在玩家2的描述中提到了“皮毛上有黑色条纹或斑点”，这与老虎的特征相符。同时，玩家2的描述中提到了黄色或橙色的主色调，这也是老虎的典型颜色。

考虑到这些信息，玩家2的描述与老虎的特征更加吻合，而玩家4的描述仍然没有明确提到条纹或斑点的特征。因此，根据目前的描述，我现在的推断是玩家2可能是卧底。
2024-12-13 16:51:59,930 - 1 - INFO - **********JUDGER**********
你刚刚的分析是经过对第二轮描述的分析，我之前的推断是基于玩家4的描述中缺少了关于“条纹或斑点”这一特征的提及，而其他玩家的描述都强调了这一点。然而，现在玩家2的描述中提到了“皮毛上有黑色条纹或斑点”，这与老虎的特征相符。同时，玩家2的描述中提到了黄色或橙色的主色调，这也是老虎的典型颜色。

考虑到这些信息，玩家2的描述与老虎的特征更加吻合，而玩家4的描述仍然没有明确提到条纹或斑点的特征。因此，根据目前的描述，我现在的推断是玩家2可能是卧底。|| `请根据上述分析，比较描述以找出不一致之处，注意，这局游戏的词语分类为<动物>，卧底词和平民词都属于该类。
2024-12-13 16:52:10,775 - 1 - INFO - **********PLAYER1**********
根据上述分析，我们可以比较描述中的不一致之处如下：

1. 玩家1、玩家2、玩家3和玩家4的描述都提到了动物的大型体格、强健肌肉和锋利的爪牙，这些特征在猫科动物中是共同的。

2. 玩家1、玩家2和玩家3的描述都明确提到了动物皮毛上的条纹或斑点，这是老虎的一个显著特征。

3. 玩家4的描述也提到了皮毛上的花纹或斑点，但没有明确指出是条纹或斑点。

4. 玩家2的描述中提到了动物的主色调为黄色或橙色，这与老虎的典型颜色相符。

5. 玩家3的描述中提到了动物的保护色，这同样与老虎的特征相符。

6. 玩家4的描述中提到了动物的捕猎能力和领地意识，这些特征在猫科动物中也很常见，但并没有特别指向老虎。

基于这些不一致之处，玩家4的描述在条纹或斑点的描述上不够明确，而玩家2和玩家3的描述在颜色和保护色等方面与老虎的特征更为吻合。因此，玩家4的描述可能与老虎的特征不完全一致，可能是卧底。
2024-12-13 16:52:10,778 - 1 - INFO - **********JUDGER**********
你刚刚的分析是根据上述分析，我们可以比较描述中的不一致之处如下：

1. 玩家1、玩家2、玩家3和玩家4的描述都提到了动物的大型体格、强健肌肉和锋利的爪牙，这些特征在猫科动物中是共同的。

2. 玩家1、玩家2和玩家3的描述都明确提到了动物皮毛上的条纹或斑点，这是老虎的一个显著特征。

3. 玩家4的描述也提到了皮毛上的花纹或斑点，但没有明确指出是条纹或斑点。

4. 玩家2的描述中提到了动物的主色调为黄色或橙色，这与老虎的典型颜色相符。

5. 玩家3的描述中提到了动物的保护色，这同样与老虎的特征相符。

6. 玩家4的描述中提到了动物的捕猎能力和领地意识，这些特征在猫科动物中也很常见，但并没有特别指向老虎。

基于这些不一致之处，玩家4的描述在条纹或斑点的描述上不够明确，而玩家2和玩家3的描述在颜色和保护色等方面与老虎的特征更为吻合。因此，玩家4的描述可能与老虎的特征不完全一致，可能是卧底。|| 请通过你分析的不一致之处，推断卧底身份，注意，这局游戏的词语分类为<动物>，卧底词和平民词都属于该类。
2024-12-13 16:52:13,696 - 1 - INFO - **********PLAYER1**********
基于分析的不一致之处，我推断玩家4可能是卧底。
2024-12-13 16:52:13,697 - 1 - INFO - **********JUDGER**********
你刚刚的推断是基于分析的不一致之处，我推断玩家4可能是卧底。|| 基于你刚刚的推断得出你的最终结论，请输出你认为的卧底，在这种情况下只需要输出编号，是1-4中的某个数字，不要输出其他信息。在这个过程不要进行任何推理，只对||以前的部分进行信息提取
2024-12-13 16:52:15,266 - 1 - INFO - **********PLAYER1**********
4
2024-12-13 16:54:07,705 - 1 - INFO - **********JUDGER**********
玩家1说：这是一只大型猫科动物，它的基本特征是拥有强壮的体格和锋利的爪牙。在猫科动物中，它最突出的不同特征是它的条纹或斑点皮肤。这是一种力量惊人的动物，以其强大的狩猎技巧和敏锐的感官而著称。在同类中，它以其独特的图案和条纹在丛林中脱颖而出。玩家2说：它是一种体格强健的动物，拥有锐利的爪牙。在其同类中，它最显著的特点是皮毛上有独特的条纹或斑点图案。它是一种以黄色或橙色为主色调的大型猫科动物，体型庞大，肌肉发达。它的皮毛上有黑色条纹或斑点，这些图案不仅美观，而且在丛林中起到了伪装的作用。这种动物以其出色的捕猎技巧和强大的领地意识而著称。玩家3说：这是一种常见的温血哺乳动物，以其厚实的身体和强大的力量而闻名。在同类中，它最特别的地方在于其具有保护色和锋利的爪牙。这种动物以其庞大的体型和厚重的皮毛而著称，它们通常在森林中生活，拥有强壮的肌肉和锋利的爪牙。在同类中，它们以其在丛林中的隐秘性和对领地的强烈占有欲而特别突出。这种动物的力量和耐力使其成为丛林中的顶级捕食者。玩家4说：这是一类有着厚实皮毛和强大肌肉的动物，它们通常具有独特的花纹或斑点。在同类中，它们以其强大的捕猎能力和独特的领地意识而最为突出。这种动物在同类中以其卓越的狩猎技巧和敏锐的感官而著称，它们在丛林中的条纹或斑点皮肤提供了极佳的伪装，使它们能够在狩猎时几乎不被发现。它们的领地意识极强，对于保护自己的领地和猎物有着极高的警觉性。你是第1号玩家，你的关键词是<老虎>。你的回答中绝对不能包含你的关键词<老虎>。这是第三轮描述，你之前的描述是这是一只大型猫科动物，它的基本特征是拥有强壮的体格和锋利的爪牙。在猫科动物中，它最突出的不同特征是它的条纹或斑点皮肤。和这是一种力量惊人的动物，以其强大的狩猎技巧和敏锐的感官而著称。在同类中，它以其独特的图案和条纹在丛林中脱颖而出。，注意，这局游戏的词语分类为<动物>，卧底词和平民词都属于该类，请你补充关于关键词的描述，注意，你的描述应该比起之前的描述更加贴近关键词，作为之前的补充
2024-12-13 16:54:10,584 - 1 - INFO - **********PLAYER1**********
这种动物以其在夜间活动的习性而闻名，它们通常在黄昏或黎明时分出没，利用这一时间进行狩猎。
2024-12-13 16:54:27,382 - 1 - INFO - **********JUDGER**********
玩家1说：这是一只大型猫科动物，它的基本特征是拥有强壮的体格和锋利的爪牙。在猫科动物中，它最突出的不同特征是它的条纹或斑点皮肤。这是一种力量惊人的动物，以其强大的狩猎技巧和敏锐的感官而著称。在同类中，它以其独特的图案和条纹在丛林中脱颖而出。这种动物以其在夜间活动的习性而闻名，它们通常在黄昏或黎明时分出没，利用这一时间进行狩猎。玩家2说：它是一种体格强健的动物，拥有锐利的爪牙。在其同类中，它最显著的特点是皮毛上有独特的条纹或斑点图案。它是一种以黄色或橙色为主色调的大型猫科动物，体型庞大，肌肉发达。它的皮毛上有黑色条纹或斑点，这些图案不仅美观，而且在丛林中起到了伪装的作用。这种动物以其出色的捕猎技巧和强大的领地意识而著称。这种动物在夜间活动，通常在黄昏或黎明时分出没，利用这一时间进行狩猎。它们在丛林中的条纹或斑点皮肤提供了极佳的伪装，使它们能够在狩猎时几乎不被发现。它们的领地意识极强，对于保护自己的领地和猎物有着极高的警觉性。玩家3说：这是一种常见的温血哺乳动物，以其厚实的身体和强大的力量而闻名。在同类中，它最特别的地方在于其具有保护色和锋利的爪牙。这种动物以其庞大的体型和厚重的皮毛而著称，它们通常在森林中生活，拥有强壮的肌肉和锋利的爪牙。在同类中，它们以其在丛林中的隐秘性和对领地的强烈占有欲而特别突出。这种动物的力量和耐力使其成为丛林中的顶级捕食者。这种动物以其适应寒冷环境的厚实皮毛而著称，它们通常在寒冷的森林或山区生活。它们拥有强壮的肌肉和锋利的爪牙，这使得它们在同类中具有很强的攻击力。这种动物以其强大的力量和耐力而闻名，能够在严酷的环境中生存。在同类中，它们以其在森林中的隐秘性和对领地的占有欲而特别突出。这种动物的力量和耐力使其成为森林中的顶级捕食者。玩家4说：这是一类有着厚实皮毛和强大肌肉的动物，它们通常具有独特的花纹或斑点。在同类中，它们以其强大的捕猎能力和独特的领地意识而最为突出。这种动物在同类中以其卓越的狩猎技巧和敏锐的感官而著称，它们在丛林中的条纹或斑点皮肤提供了极佳的伪装，使它们能够在狩猎时几乎不被发现。它们的领地意识极强，对于保护自己的领地和猎物有着极高的警觉性。这种动物在同类中以其出色的适应能力和强大的生存本能而著称。它们在夜间活动，利用夜晚的宁静进行狩猎，依靠敏锐的感官和敏捷的身手捕捉猎物。它们的条纹或斑点皮肤不仅提供了有效的伪装，还增强了它们的社交和领地标识。这种动物以其强大的领地意识和对家族的忠诚而闻名。||在这个游戏中，我们需要通过分析每位玩家的描述来找出卧底。通常，平民的描述会围绕相同的词语展开，而卧底的描述可能会因为词语的不同而显得不太一致。我们需要仔细比较每个描述之间的相似性和差异性，以找出可能的卧底，注意，卧底并不会隐藏自己，他会直接描述他的词语，现在，逐一分析每个玩家的描述，注意，这局游戏的词语分类为<动物>，卧底词和平民词都属于该类。||之前是第3轮描述和之前轮数描述的合集。你之前认为的卧底是玩家4。
2024-12-13 16:54:35,241 - 1 - INFO - **********PLAYER1**********
经过对第三轮描述的分析，我之前的推断是基于玩家4的描述中虽然提到了条纹或斑点皮肤，但没有明确指出是老虎的特征，如黄色或橙色主色调、黑色条纹、以及夜间活动的习性。而其他玩家的描述中，玩家2和玩家3的描述更加详细地描述了老虎的特征，包括颜色、条纹、伪装、捕猎技巧、领地意识等。

然而，玩家3的描述中提到了“适应寒冷环境的厚实皮毛而著称，它们通常在寒冷的森林或山区生活”，这与老虎的生活环境和特征不符。老虎通常生活在热带或亚热带的森林中，而不是寒冷的山区。

因此，基于描述的差异性，玩家3的描述可能更不符合老虎的特征，我现在的推断是玩家3可能是卧底。
2024-12-13 16:54:35,242 - 1 - INFO - **********JUDGER**********
你刚刚的分析是经过对第三轮描述的分析，我之前的推断是基于玩家4的描述中虽然提到了条纹或斑点皮肤，但没有明确指出是老虎的特征，如黄色或橙色主色调、黑色条纹、以及夜间活动的习性。而其他玩家的描述中，玩家2和玩家3的描述更加详细地描述了老虎的特征，包括颜色、条纹、伪装、捕猎技巧、领地意识等。

然而，玩家3的描述中提到了“适应寒冷环境的厚实皮毛而著称，它们通常在寒冷的森林或山区生活”，这与老虎的生活环境和特征不符。老虎通常生活在热带或亚热带的森林中，而不是寒冷的山区。

因此，基于描述的差异性，玩家3的描述可能更不符合老虎的特征，我现在的推断是玩家3可能是卧底。|| `请根据上述分析，比较描述以找出不一致之处，注意，这局游戏的词语分类为<动物>，卧底词和平民词都属于该类。
2024-12-13 16:54:47,400 - 1 - INFO - **********PLAYER1**********
根据上述分析，我们可以比较描述中的不一致之处如下：

1. 玩家1、玩家2和玩家4的描述都提到了老虎的条纹或斑点皮肤、黄色或橙色主色调、黑色条纹、夜间活动习性、捕猎技巧和领地意识。

2. 玩家3的描述中提到了“适应寒冷环境的厚实皮毛而著称，它们通常在寒冷的森林或山区生活”。

3. 老虎实际上生活在热带或亚热带的森林中，而不是寒冷的山区。

4. 玩家3的描述中提到的特征与老虎的实际生活环境和特征不符。

因此，玩家3的描述在生活环境和皮毛特征上与老虎的不一致，这可能是卧底的不一致之处。
2024-12-13 16:54:47,402 - 1 - INFO - **********JUDGER**********
你刚刚的分析是根据上述分析，我们可以比较描述中的不一致之处如下：

1. 玩家1、玩家2和玩家4的描述都提到了老虎的条纹或斑点皮肤、黄色或橙色主色调、黑色条纹、夜间活动习性、捕猎技巧和领地意识。

2. 玩家3的描述中提到了“适应寒冷环境的厚实皮毛而著称，它们通常在寒冷的森林或山区生活”。

3. 老虎实际上生活在热带或亚热带的森林中，而不是寒冷的山区。

4. 玩家3的描述中提到的特征与老虎的实际生活环境和特征不符。

因此，玩家3的描述在生活环境和皮毛特征上与老虎的不一致，这可能是卧底的不一致之处。|| 请通过你分析的不一致之处，推断卧底身份，注意，这局游戏的词语分类为<动物>，卧底词和平民词都属于该类。
2024-12-13 16:54:49,303 - 1 - INFO - **********PLAYER1**********
基于分析的不一致之处，我推断玩家3可能是卧底。
2024-12-13 16:54:49,303 - 1 - INFO - **********JUDGER**********
你刚刚的推断是基于分析的不一致之处，我推断玩家3可能是卧底。|| 基于你刚刚的推断得出你的最终结论，请输出你认为的卧底，在这种情况下只需要输出编号，是1-4中的某个数字，不要输出其他信息。在这个过程不要进行任何推理，只对||以前的部分进行信息提取
2024-12-13 16:54:50,506 - 1 - INFO - **********PLAYER1**********
3
