2024-12-13 16:49:27,576 - 2 - INFO - **********JUDGER**********
让我们来玩一个叫做<谁是卧底>的推理游戏。基本规则：<人数>：4人。<角色分配>：每位玩家随机抽取一个词语，3名玩家拿到的词语是相同的（平民词），1名玩家拿到与之相近但不同的词语（卧底词）。<游戏流程>：1、玩家轮流描述自己的词语，但<不能>直接说出词语本身。2、描述完毕后，投票选出最像卧底的玩家。3、每轮结束后，被投票选出的玩家出局，不能再进行描述或投票。4、每轮投票结束后，如果卧底被成功找出，平民方获胜；如果卧底未被找出且卧底人数等于或超过平民人数，则卧底方获胜。你将扮演一个<玩家>，请等待你被分配到的关键词。如果你听懂了，只回答，"好的，我准备好参加游戏了"，不要输出别的信息
2024-12-13 16:49:28,183 - 2 - INFO - **********PLAYER2**********
好的，我准备好参加游戏了
2024-12-13 16:49:35,837 - 2 - INFO - **********JUDGER**********
玩家1说：这是一只大型猫科动物，它的基本特征是拥有强壮的体格和锋利的爪牙。在猫科动物中，它最突出的不同特征是它的条纹或斑点皮肤。玩家2说：玩家3说：玩家4说：|| 你是第2号玩家，你的关键词是<老虎>。你的回答中绝对不能包含你的关键词<老虎>。这是第一轮描述，不需要分析||之前别的玩家的描述，请你描述关键词基本特征，注意，这局游戏的词语分类为<动物>，卧底词和平民词都属于该类，描述包括以下两点，1.他的基本特征是什么2.他在该类（动物）中最突出不同的特征是什么，尽量简短
2024-12-13 16:49:39,140 - 2 - INFO - **********PLAYER2**********
它是一种体格强健的动物，拥有锐利的爪牙。在其同类中，它最显著的特点是皮毛上有独特的条纹或斑点图案。
2024-12-13 16:50:07,318 - 2 - INFO - **********JUDGER**********
玩家1说：这是一只大型猫科动物，它的基本特征是拥有强壮的体格和锋利的爪牙。在猫科动物中，它最突出的不同特征是它的条纹或斑点皮肤。玩家2说：它是一种体格强健的动物，拥有锐利的爪牙。在其同类中，它最显著的特点是皮毛上有独特的条纹或斑点图案。玩家3说：这是一种常见的温血哺乳动物，以其厚实的身体和强大的力量而闻名。在同类中，它最特别的地方在于其具有保护色和锋利的爪牙。玩家4说：||在这个游戏中，我们需要通过分析每位玩家的描述来找出卧底。通常，平民的描述会围绕相同的词语展开，而卧底的描述可能会因为词语的不同而显得不太一致。我们需要仔细比较每个描述之间的相似性和差异性，以找出可能的卧底，注意，卧底并不会隐藏自己，他会直接描述他的词语，现在，逐一分析每个玩家的描述，注意，这局游戏的词语分类为<动物>，卧底词和平民词都属于该类。这是第一轮描述。
2024-12-13 16:50:10,352 - 2 - INFO - **********PLAYER2**********
了解了，根据之前的描述，玩家1、玩家2和玩家3的描述都指向了同一个动物，即大型猫科动物，具有强壮的体格、锋利的爪牙和条纹或斑点皮肤。而玩家4的描述则提到了保护色，这与之前的描述有所不同，但同样符合<动物>的分类。在第一轮描述中，没有明显的矛盾或不一致之处，因此我需要继续观察接下来的描述，以便在第二轮投票时做出判断。
2024-12-13 16:50:10,352 - 2 - INFO - **********JUDGER**********
你刚刚的分析是了解了，根据之前的描述，玩家1、玩家2和玩家3的描述都指向了同一个动物，即大型猫科动物，具有强壮的体格、锋利的爪牙和条纹或斑点皮肤。而玩家4的描述则提到了保护色，这与之前的描述有所不同，但同样符合<动物>的分类。在第一轮描述中，没有明显的矛盾或不一致之处，因此我需要继续观察接下来的描述，以便在第二轮投票时做出判断。|| `请根据上述分析，比较描述以找出不一致之处，注意，这局游戏的词语分类为<动物>，卧底词和平民词都属于该类。
2024-12-13 16:50:20,330 - 2 - INFO - **********PLAYER2**********
根据上述分析，我们可以看到以下几点：

1. 玩家1、玩家2和玩家3的描述都非常一致，都指向了具有强壮体格、锋利爪牙和条纹或斑点皮肤的大型猫科动物。这种描述在同类动物中是非常具体的，很可能指向了同一个物种。

2. 玩家4的描述虽然也提到了体格强健、具有保护色和锋利的爪牙，但加入了“保护色”这一特征，这与玩家1、2、3的描述中的“条纹或斑点皮肤”有所不同。虽然保护色也是动物的一种特征，但它并不是猫科动物普遍拥有的特征，尤其是在大型猫科动物中。

基于这些信息，玩家4的描述中包含了一个与玩家1、2、3描述中的动物特征不一致的点，即“保护色”。这可能是一个不一致之处，值得在第二轮投票时考虑。然而，由于我们不知道哪个是卧底词，也不能确定玩家4的描述是出于故意混淆还是对动物知识的误解。因此，我们需要更多的信息来决定是否在第二轮投票中针对玩家4进行投票。
2024-12-13 16:50:20,331 - 2 - INFO - **********JUDGER**********
你刚刚的分析是根据上述分析，我们可以看到以下几点：

1. 玩家1、玩家2和玩家3的描述都非常一致，都指向了具有强壮体格、锋利爪牙和条纹或斑点皮肤的大型猫科动物。这种描述在同类动物中是非常具体的，很可能指向了同一个物种。

2. 玩家4的描述虽然也提到了体格强健、具有保护色和锋利的爪牙，但加入了“保护色”这一特征，这与玩家1、2、3的描述中的“条纹或斑点皮肤”有所不同。虽然保护色也是动物的一种特征，但它并不是猫科动物普遍拥有的特征，尤其是在大型猫科动物中。

基于这些信息，玩家4的描述中包含了一个与玩家1、2、3描述中的动物特征不一致的点，即“保护色”。这可能是一个不一致之处，值得在第二轮投票时考虑。然而，由于我们不知道哪个是卧底词，也不能确定玩家4的描述是出于故意混淆还是对动物知识的误解。因此，我们需要更多的信息来决定是否在第二轮投票中针对玩家4进行投票。|| 请通过你分析的不一致之处，推断卧底身份，注意，这局游戏的词语分类为<动物>，卧底词和平民词都属于该类。
2024-12-13 16:50:30,416 - 2 - INFO - **********PLAYER2**********
根据分析，玩家4的描述中提到的“保护色”这一特征与玩家1、2、3的描述中的“条纹或斑点皮肤”存在差异。在猫科动物中，条纹或斑点皮肤是许多物种的特征，如老虎、豹子、狮子等，而保护色通常指的是与环境颜色相似的皮毛，如变色龙或某些类型的猫科动物（如猎豹）。

考虑到游戏中的词语分类为<动物>，且卧底词和平民词都属于该类，玩家4的描述中的“保护色”可能是用来混淆视听的，因为它不是所有大型猫科动物普遍拥有的特征。因此，结合描述中的不一致之处，玩家4的卧底身份的可能性较高。

然而，没有确凿的证据表明玩家4就是卧底，因为玩家可能只是对动物知识有误解或者故意混淆。但根据目前的信息，玩家4的描述提供了最可能的不一致点，因此在第二轮投票时，将玩家4作为投票对象可能是基于逻辑推断的一个合理选择。
2024-12-13 16:50:30,419 - 2 - INFO - **********JUDGER**********
你刚刚的推断是根据分析，玩家4的描述中提到的“保护色”这一特征与玩家1、2、3的描述中的“条纹或斑点皮肤”存在差异。在猫科动物中，条纹或斑点皮肤是许多物种的特征，如老虎、豹子、狮子等，而保护色通常指的是与环境颜色相似的皮毛，如变色龙或某些类型的猫科动物（如猎豹）。

考虑到游戏中的词语分类为<动物>，且卧底词和平民词都属于该类，玩家4的描述中的“保护色”可能是用来混淆视听的，因为它不是所有大型猫科动物普遍拥有的特征。因此，结合描述中的不一致之处，玩家4的卧底身份的可能性较高。

然而，没有确凿的证据表明玩家4就是卧底，因为玩家可能只是对动物知识有误解或者故意混淆。但根据目前的信息，玩家4的描述提供了最可能的不一致点，因此在第二轮投票时，将玩家4作为投票对象可能是基于逻辑推断的一个合理选择。|| 基于你刚刚的推断得出你的最终结论，请输出你认为的卧底，在这种情况下只需要输出编号，是1-4中的某个数字，不要输出其他信息。在这个过程不要进行任何推理，只对||以前的部分进行信息提取
2024-12-13 16:50:30,899 - 2 - INFO - **********PLAYER2**********
4
2024-12-13 16:51:36,790 - 2 - INFO - **********JUDGER**********
玩家1说：这是一只大型猫科动物，它的基本特征是拥有强壮的体格和锋利的爪牙。在猫科动物中，它最突出的不同特征是它的条纹或斑点皮肤。这是一种力量惊人的动物，以其强大的狩猎技巧和敏锐的感官而著称。在同类中，它以其独特的图案和条纹在丛林中脱颖而出。玩家2说：它是一种体格强健的动物，拥有锐利的爪牙。在其同类中，它最显著的特点是皮毛上有独特的条纹或斑点图案。玩家3说：这是一种常见的温血哺乳动物，以其厚实的身体和强大的力量而闻名。在同类中，它最特别的地方在于其具有保护色和锋利的爪牙。玩家4说：这是一类有着厚实皮毛和强大肌肉的动物，它们通常具有独特的花纹或斑点。在同类中，它们以其强大的捕猎能力和独特的领地意识而最为突出。你是第2号玩家，你的关键词是<老虎>。你的回答中绝对不能包含你的关键词<老虎>。这是第二轮描述，你之前的描述是它是一种体格强健的动物，拥有锐利的爪牙。在其同类中，它最显著的特点是皮毛上有独特的条纹或斑点图案。，注意，这局游戏的词语分类为<动物>，卧底词和平民词都属于该类，请你补充关于关键词的描述，注意，你的描述应该比起之前的描述更加贴近关键词，作为之前的补充
2024-12-13 16:51:39,866 - 2 - INFO - **********PLAYER2**********
它是一种以黄色或橙色为主色调的大型猫科动物，体型庞大，肌肉发达。它的皮毛上有黑色条纹或斑点，这些图案不仅美观，而且在丛林中起到了伪装的作用。这种动物以其出色的捕猎技巧和强大的领地意识而著称。
2024-12-13 16:52:15,266 - 2 - INFO - **********JUDGER**********
玩家1说：这是一只大型猫科动物，它的基本特征是拥有强壮的体格和锋利的爪牙。在猫科动物中，它最突出的不同特征是它的条纹或斑点皮肤。这是一种力量惊人的动物，以其强大的狩猎技巧和敏锐的感官而著称。在同类中，它以其独特的图案和条纹在丛林中脱颖而出。玩家2说：它是一种体格强健的动物，拥有锐利的爪牙。在其同类中，它最显著的特点是皮毛上有独特的条纹或斑点图案。它是一种以黄色或橙色为主色调的大型猫科动物，体型庞大，肌肉发达。它的皮毛上有黑色条纹或斑点，这些图案不仅美观，而且在丛林中起到了伪装的作用。这种动物以其出色的捕猎技巧和强大的领地意识而著称。玩家3说：这是一种常见的温血哺乳动物，以其厚实的身体和强大的力量而闻名。在同类中，它最特别的地方在于其具有保护色和锋利的爪牙。这种动物以其庞大的体型和厚重的皮毛而著称，它们通常在森林中生活，拥有强壮的肌肉和锋利的爪牙。在同类中，它们以其在丛林中的隐秘性和对领地的强烈占有欲而特别突出。这种动物的力量和耐力使其成为丛林中的顶级捕食者。玩家4说：这是一类有着厚实皮毛和强大肌肉的动物，它们通常具有独特的花纹或斑点。在同类中，它们以其强大的捕猎能力和独特的领地意识而最为突出。||在这个游戏中，我们需要通过分析每位玩家的描述来找出卧底。通常，平民的描述会围绕相同的词语展开，而卧底的描述可能会因为词语的不同而显得不太一致。我们需要仔细比较每个描述之间的相似性和差异性，以找出可能的卧底，注意，卧底并不会隐藏自己，他会直接描述他的词语，现在，逐一分析每个玩家的描述，注意，这局游戏的词语分类为<动物>，卧底词和平民词都属于该类。||之前是第2轮描述和之前轮数描述的合集。你之前认为的卧底是玩家4。
2024-12-13 16:52:15,979 - 2 - INFO - **********PLAYER2**********
4
2024-12-13 16:52:15,980 - 2 - INFO - **********JUDGER**********
你刚刚的分析是4|| `请根据上述分析，比较描述以找出不一致之处，注意，这局游戏的词语分类为<动物>，卧底词和平民词都属于该类。
2024-12-13 16:52:30,499 - 2 - INFO - **********PLAYER2**********
在上述描述中，玩家1、玩家2和玩家3的描述都高度一致，都指向了具有厚实皮毛、强壮肌肉、黄色或橙色主色调、黑色条纹或斑点图案的大型猫科动物。这些描述强调了动物的体格、颜色特征和捕猎能力。

然而，玩家4的描述虽然也提到了厚实皮毛、强大肌肉和独特的花纹或斑点，但并未明确提及颜色特征，也没有强调捕猎技巧和领地意识。玩家4的描述更加笼统，没有像其他玩家那样具体地描述动物的体型、颜色和捕猎行为。

这种描述上的不一致可能表明玩家4的词语与玩家1、2、3的词语有所不同，尤其是在<动物>这个分类下。因此，玩家4的描述可能是与其他玩家不一致的地方。
2024-12-13 16:52:30,500 - 2 - INFO - **********JUDGER**********
你刚刚的分析是在上述描述中，玩家1、玩家2和玩家3的描述都高度一致，都指向了具有厚实皮毛、强壮肌肉、黄色或橙色主色调、黑色条纹或斑点图案的大型猫科动物。这些描述强调了动物的体格、颜色特征和捕猎能力。

然而，玩家4的描述虽然也提到了厚实皮毛、强大肌肉和独特的花纹或斑点，但并未明确提及颜色特征，也没有强调捕猎技巧和领地意识。玩家4的描述更加笼统，没有像其他玩家那样具体地描述动物的体型、颜色和捕猎行为。

这种描述上的不一致可能表明玩家4的词语与玩家1、2、3的词语有所不同，尤其是在<动物>这个分类下。因此，玩家4的描述可能是与其他玩家不一致的地方。|| 请通过你分析的不一致之处，推断卧底身份，注意，这局游戏的词语分类为<动物>，卧底词和平民词都属于该类。
2024-12-13 16:52:31,755 - 2 - INFO - **********PLAYER2**********
4
2024-12-13 16:52:31,756 - 2 - INFO - **********JUDGER**********
你刚刚的推断是4|| 基于你刚刚的推断得出你的最终结论，请输出你认为的卧底，在这种情况下只需要输出编号，是1-4中的某个数字，不要输出其他信息。在这个过程不要进行任何推理，只对||以前的部分进行信息提取
2024-12-13 16:52:32,862 - 2 - INFO - **********PLAYER2**********
4
2024-12-13 16:54:10,584 - 2 - INFO - **********JUDGER**********
玩家1说：这是一只大型猫科动物，它的基本特征是拥有强壮的体格和锋利的爪牙。在猫科动物中，它最突出的不同特征是它的条纹或斑点皮肤。这是一种力量惊人的动物，以其强大的狩猎技巧和敏锐的感官而著称。在同类中，它以其独特的图案和条纹在丛林中脱颖而出。这种动物以其在夜间活动的习性而闻名，它们通常在黄昏或黎明时分出没，利用这一时间进行狩猎。玩家2说：它是一种体格强健的动物，拥有锐利的爪牙。在其同类中，它最显著的特点是皮毛上有独特的条纹或斑点图案。它是一种以黄色或橙色为主色调的大型猫科动物，体型庞大，肌肉发达。它的皮毛上有黑色条纹或斑点，这些图案不仅美观，而且在丛林中起到了伪装的作用。这种动物以其出色的捕猎技巧和强大的领地意识而著称。玩家3说：这是一种常见的温血哺乳动物，以其厚实的身体和强大的力量而闻名。在同类中，它最特别的地方在于其具有保护色和锋利的爪牙。这种动物以其庞大的体型和厚重的皮毛而著称，它们通常在森林中生活，拥有强壮的肌肉和锋利的爪牙。在同类中，它们以其在丛林中的隐秘性和对领地的强烈占有欲而特别突出。这种动物的力量和耐力使其成为丛林中的顶级捕食者。玩家4说：这是一类有着厚实皮毛和强大肌肉的动物，它们通常具有独特的花纹或斑点。在同类中，它们以其强大的捕猎能力和独特的领地意识而最为突出。这种动物在同类中以其卓越的狩猎技巧和敏锐的感官而著称，它们在丛林中的条纹或斑点皮肤提供了极佳的伪装，使它们能够在狩猎时几乎不被发现。它们的领地意识极强，对于保护自己的领地和猎物有着极高的警觉性。你是第2号玩家，你的关键词是<老虎>。你的回答中绝对不能包含你的关键词<老虎>。这是第三轮描述，你之前的描述是它是一种体格强健的动物，拥有锐利的爪牙。在其同类中，它最显著的特点是皮毛上有独特的条纹或斑点图案。和它是一种以黄色或橙色为主色调的大型猫科动物，体型庞大，肌肉发达。它的皮毛上有黑色条纹或斑点，这些图案不仅美观，而且在丛林中起到了伪装的作用。这种动物以其出色的捕猎技巧和强大的领地意识而著称。，注意，这局游戏的词语分类为<动物>，卧底词和平民词都属于该类，请你补充关于关键词的描述，注意，你的描述应该比起之前的描述更加贴近关键词，作为之前的补充
2024-12-13 16:54:18,783 - 2 - INFO - **********PLAYER2**********
这种动物在夜间活动，通常在黄昏或黎明时分出没，利用这一时间进行狩猎。它们在丛林中的条纹或斑点皮肤提供了极佳的伪装，使它们能够在狩猎时几乎不被发现。它们的领地意识极强，对于保护自己的领地和猎物有着极高的警觉性。
2024-12-13 16:54:50,507 - 2 - INFO - **********JUDGER**********
玩家1说：这是一只大型猫科动物，它的基本特征是拥有强壮的体格和锋利的爪牙。在猫科动物中，它最突出的不同特征是它的条纹或斑点皮肤。这是一种力量惊人的动物，以其强大的狩猎技巧和敏锐的感官而著称。在同类中，它以其独特的图案和条纹在丛林中脱颖而出。这种动物以其在夜间活动的习性而闻名，它们通常在黄昏或黎明时分出没，利用这一时间进行狩猎。玩家2说：它是一种体格强健的动物，拥有锐利的爪牙。在其同类中，它最显著的特点是皮毛上有独特的条纹或斑点图案。它是一种以黄色或橙色为主色调的大型猫科动物，体型庞大，肌肉发达。它的皮毛上有黑色条纹或斑点，这些图案不仅美观，而且在丛林中起到了伪装的作用。这种动物以其出色的捕猎技巧和强大的领地意识而著称。这种动物在夜间活动，通常在黄昏或黎明时分出没，利用这一时间进行狩猎。它们在丛林中的条纹或斑点皮肤提供了极佳的伪装，使它们能够在狩猎时几乎不被发现。它们的领地意识极强，对于保护自己的领地和猎物有着极高的警觉性。玩家3说：这是一种常见的温血哺乳动物，以其厚实的身体和强大的力量而闻名。在同类中，它最特别的地方在于其具有保护色和锋利的爪牙。这种动物以其庞大的体型和厚重的皮毛而著称，它们通常在森林中生活，拥有强壮的肌肉和锋利的爪牙。在同类中，它们以其在丛林中的隐秘性和对领地的强烈占有欲而特别突出。这种动物的力量和耐力使其成为丛林中的顶级捕食者。这种动物以其适应寒冷环境的厚实皮毛而著称，它们通常在寒冷的森林或山区生活。它们拥有强壮的肌肉和锋利的爪牙，这使得它们在同类中具有很强的攻击力。这种动物以其强大的力量和耐力而闻名，能够在严酷的环境中生存。在同类中，它们以其在森林中的隐秘性和对领地的占有欲而特别突出。这种动物的力量和耐力使其成为森林中的顶级捕食者。玩家4说：这是一类有着厚实皮毛和强大肌肉的动物，它们通常具有独特的花纹或斑点。在同类中，它们以其强大的捕猎能力和独特的领地意识而最为突出。这种动物在同类中以其卓越的狩猎技巧和敏锐的感官而著称，它们在丛林中的条纹或斑点皮肤提供了极佳的伪装，使它们能够在狩猎时几乎不被发现。它们的领地意识极强，对于保护自己的领地和猎物有着极高的警觉性。这种动物在同类中以其出色的适应能力和强大的生存本能而著称。它们在夜间活动，利用夜晚的宁静进行狩猎，依靠敏锐的感官和敏捷的身手捕捉猎物。它们的条纹或斑点皮肤不仅提供了有效的伪装，还增强了它们的社交和领地标识。这种动物以其强大的领地意识和对家族的忠诚而闻名。||在这个游戏中，我们需要通过分析每位玩家的描述来找出卧底。通常，平民的描述会围绕相同的词语展开，而卧底的描述可能会因为词语的不同而显得不太一致。我们需要仔细比较每个描述之间的相似性和差异性，以找出可能的卧底，注意，卧底并不会隐藏自己，他会直接描述他的词语，现在，逐一分析每个玩家的描述，注意，这局游戏的词语分类为<动物>，卧底词和平民词都属于该类。||之前是第3轮描述和之前轮数描述的合集。你之前认为的卧底是玩家4。
2024-12-13 16:54:51,626 - 2 - INFO - **********PLAYER2**********
4
2024-12-13 16:54:51,626 - 2 - INFO - **********JUDGER**********
你刚刚的分析是4|| `请根据上述分析，比较描述以找出不一致之处，注意，这局游戏的词语分类为<动物>，卧底词和平民词都属于该类。
2024-12-13 16:55:04,042 - 2 - INFO - **********PLAYER2**********
在比较每位玩家的描述时，我们可以观察到以下不一致之处：

1. 玩家1、玩家2和玩家4的描述都强调了动物的条纹或斑点皮肤在丛林中的伪装作用，以及它们在夜间活动，通常在黄昏或黎明时分出没，利用这一时间进行狩猎。

2. 玩家3的描述中，除了提到动物的厚实身体、强大力量、强壮肌肉、锋利爪牙和保护色外，还特别提到了动物适应寒冷环境的厚实皮毛，以及它们通常在寒冷的森林或山区生活。

3. 玩家3的描述中多次强调了动物在森林中的隐秘性和对领地的占有欲，以及它们在同类中具有很强的攻击力和强大的力量与耐力。

这些不一致之处表明玩家3的描述与玩家1、2、4的描述在动物的生活习性、环境适应性和特征描述上有所不同。玩家3的描述中包含了关于动物适应寒冷环境的细节，而其他玩家的描述则更侧重于动物的伪装、狩猎习性和领地意识。这些差异可能表明玩家3的词语与玩家1、2、4的词语不同，尤其是在<动物>这个分类下。
2024-12-13 16:55:04,045 - 2 - INFO - **********JUDGER**********
你刚刚的分析是在比较每位玩家的描述时，我们可以观察到以下不一致之处：

1. 玩家1、玩家2和玩家4的描述都强调了动物的条纹或斑点皮肤在丛林中的伪装作用，以及它们在夜间活动，通常在黄昏或黎明时分出没，利用这一时间进行狩猎。

2. 玩家3的描述中，除了提到动物的厚实身体、强大力量、强壮肌肉、锋利爪牙和保护色外，还特别提到了动物适应寒冷环境的厚实皮毛，以及它们通常在寒冷的森林或山区生活。

3. 玩家3的描述中多次强调了动物在森林中的隐秘性和对领地的占有欲，以及它们在同类中具有很强的攻击力和强大的力量与耐力。

这些不一致之处表明玩家3的描述与玩家1、2、4的描述在动物的生活习性、环境适应性和特征描述上有所不同。玩家3的描述中包含了关于动物适应寒冷环境的细节，而其他玩家的描述则更侧重于动物的伪装、狩猎习性和领地意识。这些差异可能表明玩家3的词语与玩家1、2、4的词语不同，尤其是在<动物>这个分类下。|| 请通过你分析的不一致之处，推断卧底身份，注意，这局游戏的词语分类为<动物>，卧底词和平民词都属于该类。
2024-12-13 16:55:05,172 - 2 - INFO - **********PLAYER2**********
3
2024-12-13 16:55:05,172 - 2 - INFO - **********JUDGER**********
你刚刚的推断是3|| 基于你刚刚的推断得出你的最终结论，请输出你认为的卧底，在这种情况下只需要输出编号，是1-4中的某个数字，不要输出其他信息。在这个过程不要进行任何推理，只对||以前的部分进行信息提取
2024-12-13 16:55:06,661 - 2 - INFO - **********PLAYER2**********
3
