2024-12-13 16:49:28,669 - 3 - INFO - **********JUDGER**********
让我们来玩一个叫做<谁是卧底>的推理游戏。基本规则：<人数>：4人。<角色分配>：每位玩家随机抽取一个词语，3名玩家拿到的词语是相同的（平民词），1名玩家拿到与之相近但不同的词语（卧底词）。<游戏流程>：1、玩家轮流描述自己的词语，但<不能>直接说出词语本身。2、描述完毕后，投票选出最像卧底的玩家。3、每轮结束后，被投票选出的玩家出局，不能再进行描述或投票。4、每轮投票结束后，如果卧底被成功找出，平民方获胜；如果卧底未被找出且卧底人数等于或超过平民人数，则卧底方获胜。你将扮演一个<玩家>，请等待你被分配到的关键词。如果你听懂了，只回答，"好的，我准备好参加游戏了"，不要输出别的信息
2024-12-13 16:49:29,255 - 3 - INFO - **********PLAYER3**********
好的，我准备好参加游戏了
2024-12-13 16:49:39,141 - 3 - INFO - **********JUDGER**********
玩家1说：这是一只大型猫科动物，它的基本特征是拥有强壮的体格和锋利的爪牙。在猫科动物中，它最突出的不同特征是它的条纹或斑点皮肤。玩家2说：它是一种体格强健的动物，拥有锐利的爪牙。在其同类中，它最显著的特点是皮毛上有独特的条纹或斑点图案。玩家3说：玩家4说：|| 你是第3号玩家，你的关键词是<熊>。你的回答中绝对不能包含你的关键词<熊>。这是第一轮描述，不需要分析||之前别的玩家的描述，请你描述关键词基本特征，注意，这局游戏的词语分类为<动物>，卧底词和平民词都属于该类，描述包括以下两点，1.他的基本特征是什么2.他在该类（动物）中最突出不同的特征是什么，尽量简短
2024-12-13 16:49:41,101 - 3 - INFO - **********PLAYER3**********
这是一种常见的温血哺乳动物，以其厚实的身体和强大的力量而闻名。在同类中，它最特别的地方在于其具有保护色和锋利的爪牙。
2024-12-13 16:50:30,900 - 3 - INFO - **********JUDGER**********
玩家1说：这是一只大型猫科动物，它的基本特征是拥有强壮的体格和锋利的爪牙。在猫科动物中，它最突出的不同特征是它的条纹或斑点皮肤。玩家2说：它是一种体格强健的动物，拥有锐利的爪牙。在其同类中，它最显著的特点是皮毛上有独特的条纹或斑点图案。玩家3说：这是一种常见的温血哺乳动物，以其厚实的身体和强大的力量而闻名。在同类中，它最特别的地方在于其具有保护色和锋利的爪牙。玩家4说：||在这个游戏中，我们需要通过分析每位玩家的描述来找出卧底。通常，平民的描述会围绕相同的词语展开，而卧底的描述可能会因为词语的不同而显得不太一致。我们需要仔细比较每个描述之间的相似性和差异性，以找出可能的卧底，注意，卧底并不会隐藏自己，他会直接描述他的词语，现在，逐一分析每个玩家的描述，注意，这局游戏的词语分类为<动物>，卧底词和平民词都属于该类。这是第一轮描述。
2024-12-13 16:50:39,050 - 3 - INFO - **********PLAYER3**********
玩家1的描述非常具体，提到了大型猫科动物、强壮的体格、锋利的爪牙，以及条纹或斑点皮肤。这听起来像是虎或者豹。

玩家2的描述与玩家1相似，强调了体格强健、锐利的爪牙，以及皮毛上的条纹或斑点图案。这也指向了虎或者豹。

玩家3的描述提到了温血哺乳动物、厚实的身体和强大的力量，以及保护色和锋利的爪牙。这同样符合虎或豹的特征。

玩家4的描述中，提到了通过分析描述来找出卧底，以及卧底的描述可能会因为词语的不同而显得不太一致。这暗示玩家4可能是卧底，因为他在引导大家去分析描述，而不是直接描述动物的特征。

综合分析，玩家1、2和3的描述都指向了虎或豹这样的猫科动物，而玩家4的描述则更像是引导性的，而不是具体的动物特征描述。因此，玩家4可能是卧底。
2024-12-13 16:50:39,051 - 3 - INFO - **********JUDGER**********
你刚刚的分析是玩家1的描述非常具体，提到了大型猫科动物、强壮的体格、锋利的爪牙，以及条纹或斑点皮肤。这听起来像是虎或者豹。

玩家2的描述与玩家1相似，强调了体格强健、锐利的爪牙，以及皮毛上的条纹或斑点图案。这也指向了虎或者豹。

玩家3的描述提到了温血哺乳动物、厚实的身体和强大的力量，以及保护色和锋利的爪牙。这同样符合虎或豹的特征。

玩家4的描述中，提到了通过分析描述来找出卧底，以及卧底的描述可能会因为词语的不同而显得不太一致。这暗示玩家4可能是卧底，因为他在引导大家去分析描述，而不是直接描述动物的特征。

综合分析，玩家1、2和3的描述都指向了虎或豹这样的猫科动物，而玩家4的描述则更像是引导性的，而不是具体的动物特征描述。因此，玩家4可能是卧底。|| `请根据上述分析，比较描述以找出不一致之处，注意，这局游戏的词语分类为<动物>，卧底词和平民词都属于该类。
2024-12-13 16:50:53,275 - 3 - INFO - **********PLAYER3**********
根据上述分析，我们可以比较四位玩家的描述，寻找不一致之处：

- 玩家1、玩家2和玩家3的描述都集中在猫科动物的特征上，如强壮的体格、锋利的爪牙、条纹或斑点皮肤、保护色等，这些都是虎或豹的典型特征。
- 玩家4的描述则更多地关注于推理游戏的策略，提到了分析描述、卧底的描述可能不一致等，这与其他玩家描述动物特征的内容明显不同。

不一致之处在于：

1. 玩家4的描述与动物特征无关，而是关于游戏策略和推理过程。
2. 玩家1、2和3的描述在动物特征上高度一致，而玩家4的描述则与他们的描述在内容上不匹配。

因此，根据描述的一致性，玩家4的描述与其他三位玩家描述的不一致之处较为明显，这可能是玩家4作为卧底的一个线索。
2024-12-13 16:50:53,279 - 3 - INFO - **********JUDGER**********
你刚刚的分析是根据上述分析，我们可以比较四位玩家的描述，寻找不一致之处：

- 玩家1、玩家2和玩家3的描述都集中在猫科动物的特征上，如强壮的体格、锋利的爪牙、条纹或斑点皮肤、保护色等，这些都是虎或豹的典型特征。
- 玩家4的描述则更多地关注于推理游戏的策略，提到了分析描述、卧底的描述可能不一致等，这与其他玩家描述动物特征的内容明显不同。

不一致之处在于：

1. 玩家4的描述与动物特征无关，而是关于游戏策略和推理过程。
2. 玩家1、2和3的描述在动物特征上高度一致，而玩家4的描述则与他们的描述在内容上不匹配。

因此，根据描述的一致性，玩家4的描述与其他三位玩家描述的不一致之处较为明显，这可能是玩家4作为卧底的一个线索。|| 请通过你分析的不一致之处，推断卧底身份，注意，这局游戏的词语分类为<动物>，卧底词和平民词都属于该类。
2024-12-13 16:51:01,854 - 3 - INFO - **********PLAYER3**********
基于分析的不一致之处，我们可以推断卧底身份如下：

- 玩家1、玩家2和玩家3的描述都集中在描述猫科动物的特征，这表明他们可能是平民，因为他们描述的内容与游戏中的动物类别相符。
- 玩家4的描述与动物特征无关，而是关于游戏策略和推理过程，这表明他可能是在引导大家注意描述的一致性，而不是在描述一个动物。

然而，由于玩家4的描述没有直接提及任何动物特征，而且他的描述似乎是在引导大家分析其他玩家的描述，这可能是在掩饰他作为卧底的事实。通常，卧底会试图通过误导性的描述来隐藏自己的真实身份。

因此，考虑到玩家4的描述与游戏策略相关，且没有直接描述动物特征，以及他在引导大家分析其他玩家的描述，玩家4很可能是卧底。尽管如此，我们需要记住，卧底可能会隐藏自己的真实意图，所以这个推断是基于描述不一致性做出的初步判断。
2024-12-13 16:51:01,857 - 3 - INFO - **********JUDGER**********
你刚刚的推断是基于分析的不一致之处，我们可以推断卧底身份如下：

- 玩家1、玩家2和玩家3的描述都集中在描述猫科动物的特征，这表明他们可能是平民，因为他们描述的内容与游戏中的动物类别相符。
- 玩家4的描述与动物特征无关，而是关于游戏策略和推理过程，这表明他可能是在引导大家注意描述的一致性，而不是在描述一个动物。

然而，由于玩家4的描述没有直接提及任何动物特征，而且他的描述似乎是在引导大家分析其他玩家的描述，这可能是在掩饰他作为卧底的事实。通常，卧底会试图通过误导性的描述来隐藏自己的真实身份。

因此，考虑到玩家4的描述与游戏策略相关，且没有直接描述动物特征，以及他在引导大家分析其他玩家的描述，玩家4很可能是卧底。尽管如此，我们需要记住，卧底可能会隐藏自己的真实意图，所以这个推断是基于描述不一致性做出的初步判断。|| 基于你刚刚的推断得出你的最终结论，请输出你认为的卧底，在这种情况下只需要输出编号，是1-4中的某个数字，不要输出其他信息。在这个过程不要进行任何推理，只对||以前的部分进行信息提取
2024-12-13 16:51:03,039 - 3 - INFO - **********PLAYER3**********
4
2024-12-13 16:51:39,868 - 3 - INFO - **********JUDGER**********
玩家1说：这是一只大型猫科动物，它的基本特征是拥有强壮的体格和锋利的爪牙。在猫科动物中，它最突出的不同特征是它的条纹或斑点皮肤。这是一种力量惊人的动物，以其强大的狩猎技巧和敏锐的感官而著称。在同类中，它以其独特的图案和条纹在丛林中脱颖而出。玩家2说：它是一种体格强健的动物，拥有锐利的爪牙。在其同类中，它最显著的特点是皮毛上有独特的条纹或斑点图案。它是一种以黄色或橙色为主色调的大型猫科动物，体型庞大，肌肉发达。它的皮毛上有黑色条纹或斑点，这些图案不仅美观，而且在丛林中起到了伪装的作用。这种动物以其出色的捕猎技巧和强大的领地意识而著称。玩家3说：这是一种常见的温血哺乳动物，以其厚实的身体和强大的力量而闻名。在同类中，它最特别的地方在于其具有保护色和锋利的爪牙。玩家4说：这是一类有着厚实皮毛和强大肌肉的动物，它们通常具有独特的花纹或斑点。在同类中，它们以其强大的捕猎能力和独特的领地意识而最为突出。你是第3号玩家，你的关键词是<熊>。你的回答中绝对不能包含你的关键词<熊>。这是第二轮描述，你之前的描述是这是一种常见的温血哺乳动物，以其厚实的身体和强大的力量而闻名。在同类中，它最特别的地方在于其具有保护色和锋利的爪牙。，注意，这局游戏的词语分类为<动物>，卧底词和平民词都属于该类，请你补充关于关键词的描述，注意，你的描述应该比起之前的描述更加贴近关键词，作为之前的补充
2024-12-13 16:51:43,540 - 3 - INFO - **********PLAYER3**********
这种动物以其庞大的体型和厚重的皮毛而著称，它们通常在森林中生活，拥有强壮的肌肉和锋利的爪牙。在同类中，它们以其在丛林中的隐秘性和对领地的强烈占有欲而特别突出。这种动物的力量和耐力使其成为丛林中的顶级捕食者。
2024-12-13 16:52:32,863 - 3 - INFO - **********JUDGER**********
玩家1说：这是一只大型猫科动物，它的基本特征是拥有强壮的体格和锋利的爪牙。在猫科动物中，它最突出的不同特征是它的条纹或斑点皮肤。这是一种力量惊人的动物，以其强大的狩猎技巧和敏锐的感官而著称。在同类中，它以其独特的图案和条纹在丛林中脱颖而出。玩家2说：它是一种体格强健的动物，拥有锐利的爪牙。在其同类中，它最显著的特点是皮毛上有独特的条纹或斑点图案。它是一种以黄色或橙色为主色调的大型猫科动物，体型庞大，肌肉发达。它的皮毛上有黑色条纹或斑点，这些图案不仅美观，而且在丛林中起到了伪装的作用。这种动物以其出色的捕猎技巧和强大的领地意识而著称。玩家3说：这是一种常见的温血哺乳动物，以其厚实的身体和强大的力量而闻名。在同类中，它最特别的地方在于其具有保护色和锋利的爪牙。这种动物以其庞大的体型和厚重的皮毛而著称，它们通常在森林中生活，拥有强壮的肌肉和锋利的爪牙。在同类中，它们以其在丛林中的隐秘性和对领地的强烈占有欲而特别突出。这种动物的力量和耐力使其成为丛林中的顶级捕食者。玩家4说：这是一类有着厚实皮毛和强大肌肉的动物，它们通常具有独特的花纹或斑点。在同类中，它们以其强大的捕猎能力和独特的领地意识而最为突出。||在这个游戏中，我们需要通过分析每位玩家的描述来找出卧底。通常，平民的描述会围绕相同的词语展开，而卧底的描述可能会因为词语的不同而显得不太一致。我们需要仔细比较每个描述之间的相似性和差异性，以找出可能的卧底，注意，卧底并不会隐藏自己，他会直接描述他的词语，现在，逐一分析每个玩家的描述，注意，这局游戏的词语分类为<动物>，卧底词和平民词都属于该类。||之前是第2轮描述和之前轮数描述的合集。你之前认为的卧底是玩家4。
2024-12-13 16:52:47,975 - 3 - INFO - **********PLAYER3**********
根据第二轮描述和之前轮数的描述，玩家1、玩家2和玩家3的描述都集中在描述具有独特花纹或斑点的猫科动物，这些特征与虎或豹相符。玩家4的描述则提到了厚实皮毛、强大肌肉、独特花纹或斑点，以及强大的捕猎能力和领地意识，但没有明确提到猫科动物的特征。

综合这些描述，玩家4的描述与玩家1、2和3的描述在动物特征上存在差异，因为玩家4的描述没有明确指出是猫科动物，而其他玩家的描述都围绕猫科动物的特征展开。因此，基于描述的差异性，玩家4的描述仍然可能指向卧底身份。

由于之前分析中玩家4被认为是卧底，并且没有新的信息改变这一判断，我的最终结论仍然是玩家4可能是卧底。
2024-12-13 16:52:47,976 - 3 - INFO - **********JUDGER**********
你刚刚的分析是根据第二轮描述和之前轮数的描述，玩家1、玩家2和玩家3的描述都集中在描述具有独特花纹或斑点的猫科动物，这些特征与虎或豹相符。玩家4的描述则提到了厚实皮毛、强大肌肉、独特花纹或斑点，以及强大的捕猎能力和领地意识，但没有明确提到猫科动物的特征。

综合这些描述，玩家4的描述与玩家1、2和3的描述在动物特征上存在差异，因为玩家4的描述没有明确指出是猫科动物，而其他玩家的描述都围绕猫科动物的特征展开。因此，基于描述的差异性，玩家4的描述仍然可能指向卧底身份。

由于之前分析中玩家4被认为是卧底，并且没有新的信息改变这一判断，我的最终结论仍然是玩家4可能是卧底。|| `请根据上述分析，比较描述以找出不一致之处，注意，这局游戏的词语分类为<动物>，卧底词和平民词都属于该类。
2024-12-13 16:53:00,242 - 3 - INFO - **********PLAYER3**********
根据上述分析，不一致之处主要体现在以下几个方面：

1. 猫科动物特征的一致性：玩家1、玩家2和玩家3的描述都明确指向了猫科动物，特别是提到了条纹或斑点皮肤、锋利的爪牙、强大的狩猎技巧和领地意识等特征。

2. 玩家4的描述缺乏猫科动物特征：玩家4的描述虽然提到了厚实皮毛、强大肌肉、独特花纹或斑点以及强大的捕猎能力和领地意识，但没有明确指出这些特征属于猫科动物。

3. 词语的明确性：玩家1、2和3的描述中，词语使用较为明确，如“大型猫科动物”、“皮毛上有独特的条纹或斑点图案”等，而玩家4的描述虽然提到了类似特征，但没有明确将它们与猫科动物联系起来。

因此，不一致之处在于玩家4的描述没有像其他玩家那样明确指向猫科动物，这可能是其作为卧底的一个线索。
2024-12-13 16:53:00,243 - 3 - INFO - **********JUDGER**********
你刚刚的分析是根据上述分析，不一致之处主要体现在以下几个方面：

1. 猫科动物特征的一致性：玩家1、玩家2和玩家3的描述都明确指向了猫科动物，特别是提到了条纹或斑点皮肤、锋利的爪牙、强大的狩猎技巧和领地意识等特征。

2. 玩家4的描述缺乏猫科动物特征：玩家4的描述虽然提到了厚实皮毛、强大肌肉、独特花纹或斑点以及强大的捕猎能力和领地意识，但没有明确指出这些特征属于猫科动物。

3. 词语的明确性：玩家1、2和3的描述中，词语使用较为明确，如“大型猫科动物”、“皮毛上有独特的条纹或斑点图案”等，而玩家4的描述虽然提到了类似特征，但没有明确将它们与猫科动物联系起来。

因此，不一致之处在于玩家4的描述没有像其他玩家那样明确指向猫科动物，这可能是其作为卧底的一个线索。|| 请通过你分析的不一致之处，推断卧底身份，注意，这局游戏的词语分类为<动物>，卧底词和平民词都属于该类。
2024-12-13 16:53:15,775 - 3 - INFO - **********PLAYER3**********
基于分析的不一致之处，可以推断卧底身份为玩家4。原因如下：

- 玩家1、玩家2和玩家3的描述都集中且一致地指向了猫科动物，特别是提到了条纹或斑点皮肤、锋利的爪牙等特征，这些特征与虎或豹等猫科动物相符。
- 玩家4的描述虽然也提到了一些动物特征，如厚实皮毛、强大肌肉、独特花纹或斑点以及强大的捕猎能力和领地意识，但没有明确指出这些特征属于猫科动物，这与其他玩家的描述存在差异。
- 在动物类别游戏中，卧底通常会选择一个与平民词相似但不完全相同的词，以避免立即被识别。玩家4的描述可能是在模糊地描述熊的特征，而熊并不是猫科动物，这与游戏中的动物类别<动物>相符，但与平民词存在不一致。

因此，根据描述的一致性和差异性，玩家4可能是卧底。
2024-12-13 16:53:15,777 - 3 - INFO - **********JUDGER**********
你刚刚的推断是基于分析的不一致之处，可以推断卧底身份为玩家4。原因如下：

- 玩家1、玩家2和玩家3的描述都集中且一致地指向了猫科动物，特别是提到了条纹或斑点皮肤、锋利的爪牙等特征，这些特征与虎或豹等猫科动物相符。
- 玩家4的描述虽然也提到了一些动物特征，如厚实皮毛、强大肌肉、独特花纹或斑点以及强大的捕猎能力和领地意识，但没有明确指出这些特征属于猫科动物，这与其他玩家的描述存在差异。
- 在动物类别游戏中，卧底通常会选择一个与平民词相似但不完全相同的词，以避免立即被识别。玩家4的描述可能是在模糊地描述熊的特征，而熊并不是猫科动物，这与游戏中的动物类别<动物>相符，但与平民词存在不一致。

因此，根据描述的一致性和差异性，玩家4可能是卧底。|| 基于你刚刚的推断得出你的最终结论，请输出你认为的卧底，在这种情况下只需要输出编号，是1-4中的某个数字，不要输出其他信息。在这个过程不要进行任何推理，只对||以前的部分进行信息提取
2024-12-13 16:53:21,659 - 3 - INFO - **********PLAYER3**********
4
2024-12-13 16:54:18,783 - 3 - INFO - **********JUDGER**********
玩家1说：这是一只大型猫科动物，它的基本特征是拥有强壮的体格和锋利的爪牙。在猫科动物中，它最突出的不同特征是它的条纹或斑点皮肤。这是一种力量惊人的动物，以其强大的狩猎技巧和敏锐的感官而著称。在同类中，它以其独特的图案和条纹在丛林中脱颖而出。这种动物以其在夜间活动的习性而闻名，它们通常在黄昏或黎明时分出没，利用这一时间进行狩猎。玩家2说：它是一种体格强健的动物，拥有锐利的爪牙。在其同类中，它最显著的特点是皮毛上有独特的条纹或斑点图案。它是一种以黄色或橙色为主色调的大型猫科动物，体型庞大，肌肉发达。它的皮毛上有黑色条纹或斑点，这些图案不仅美观，而且在丛林中起到了伪装的作用。这种动物以其出色的捕猎技巧和强大的领地意识而著称。这种动物在夜间活动，通常在黄昏或黎明时分出没，利用这一时间进行狩猎。它们在丛林中的条纹或斑点皮肤提供了极佳的伪装，使它们能够在狩猎时几乎不被发现。它们的领地意识极强，对于保护自己的领地和猎物有着极高的警觉性。玩家3说：这是一种常见的温血哺乳动物，以其厚实的身体和强大的力量而闻名。在同类中，它最特别的地方在于其具有保护色和锋利的爪牙。这种动物以其庞大的体型和厚重的皮毛而著称，它们通常在森林中生活，拥有强壮的肌肉和锋利的爪牙。在同类中，它们以其在丛林中的隐秘性和对领地的强烈占有欲而特别突出。这种动物的力量和耐力使其成为丛林中的顶级捕食者。玩家4说：这是一类有着厚实皮毛和强大肌肉的动物，它们通常具有独特的花纹或斑点。在同类中，它们以其强大的捕猎能力和独特的领地意识而最为突出。这种动物在同类中以其卓越的狩猎技巧和敏锐的感官而著称，它们在丛林中的条纹或斑点皮肤提供了极佳的伪装，使它们能够在狩猎时几乎不被发现。它们的领地意识极强，对于保护自己的领地和猎物有着极高的警觉性。你是第3号玩家，你的关键词是<熊>。你的回答中绝对不能包含你的关键词<熊>。这是第三轮描述，你之前的描述是这是一种常见的温血哺乳动物，以其厚实的身体和强大的力量而闻名。在同类中，它最特别的地方在于其具有保护色和锋利的爪牙。和这种动物以其庞大的体型和厚重的皮毛而著称，它们通常在森林中生活，拥有强壮的肌肉和锋利的爪牙。在同类中，它们以其在丛林中的隐秘性和对领地的强烈占有欲而特别突出。这种动物的力量和耐力使其成为丛林中的顶级捕食者。，注意，这局游戏的词语分类为<动物>，卧底词和平民词都属于该类，请你补充关于关键词的描述，注意，你的描述应该比起之前的描述更加贴近关键词，作为之前的补充
2024-12-13 16:54:23,578 - 3 - INFO - **********PLAYER3**********
这种动物以其适应寒冷环境的厚实皮毛而著称，它们通常在寒冷的森林或山区生活。它们拥有强壮的肌肉和锋利的爪牙，这使得它们在同类中具有很强的攻击力。这种动物以其强大的力量和耐力而闻名，能够在严酷的环境中生存。在同类中，它们以其在森林中的隐秘性和对领地的占有欲而特别突出。这种动物的力量和耐力使其成为森林中的顶级捕食者。
2024-12-13 16:55:06,662 - 3 - INFO - **********JUDGER**********
玩家1说：这是一只大型猫科动物，它的基本特征是拥有强壮的体格和锋利的爪牙。在猫科动物中，它最突出的不同特征是它的条纹或斑点皮肤。这是一种力量惊人的动物，以其强大的狩猎技巧和敏锐的感官而著称。在同类中，它以其独特的图案和条纹在丛林中脱颖而出。这种动物以其在夜间活动的习性而闻名，它们通常在黄昏或黎明时分出没，利用这一时间进行狩猎。玩家2说：它是一种体格强健的动物，拥有锐利的爪牙。在其同类中，它最显著的特点是皮毛上有独特的条纹或斑点图案。它是一种以黄色或橙色为主色调的大型猫科动物，体型庞大，肌肉发达。它的皮毛上有黑色条纹或斑点，这些图案不仅美观，而且在丛林中起到了伪装的作用。这种动物以其出色的捕猎技巧和强大的领地意识而著称。这种动物在夜间活动，通常在黄昏或黎明时分出没，利用这一时间进行狩猎。它们在丛林中的条纹或斑点皮肤提供了极佳的伪装，使它们能够在狩猎时几乎不被发现。它们的领地意识极强，对于保护自己的领地和猎物有着极高的警觉性。玩家3说：这是一种常见的温血哺乳动物，以其厚实的身体和强大的力量而闻名。在同类中，它最特别的地方在于其具有保护色和锋利的爪牙。这种动物以其庞大的体型和厚重的皮毛而著称，它们通常在森林中生活，拥有强壮的肌肉和锋利的爪牙。在同类中，它们以其在丛林中的隐秘性和对领地的强烈占有欲而特别突出。这种动物的力量和耐力使其成为丛林中的顶级捕食者。这种动物以其适应寒冷环境的厚实皮毛而著称，它们通常在寒冷的森林或山区生活。它们拥有强壮的肌肉和锋利的爪牙，这使得它们在同类中具有很强的攻击力。这种动物以其强大的力量和耐力而闻名，能够在严酷的环境中生存。在同类中，它们以其在森林中的隐秘性和对领地的占有欲而特别突出。这种动物的力量和耐力使其成为森林中的顶级捕食者。玩家4说：这是一类有着厚实皮毛和强大肌肉的动物，它们通常具有独特的花纹或斑点。在同类中，它们以其强大的捕猎能力和独特的领地意识而最为突出。这种动物在同类中以其卓越的狩猎技巧和敏锐的感官而著称，它们在丛林中的条纹或斑点皮肤提供了极佳的伪装，使它们能够在狩猎时几乎不被发现。它们的领地意识极强，对于保护自己的领地和猎物有着极高的警觉性。这种动物在同类中以其出色的适应能力和强大的生存本能而著称。它们在夜间活动，利用夜晚的宁静进行狩猎，依靠敏锐的感官和敏捷的身手捕捉猎物。它们的条纹或斑点皮肤不仅提供了有效的伪装，还增强了它们的社交和领地标识。这种动物以其强大的领地意识和对家族的忠诚而闻名。||在这个游戏中，我们需要通过分析每位玩家的描述来找出卧底。通常，平民的描述会围绕相同的词语展开，而卧底的描述可能会因为词语的不同而显得不太一致。我们需要仔细比较每个描述之间的相似性和差异性，以找出可能的卧底，注意，卧底并不会隐藏自己，他会直接描述他的词语，现在，逐一分析每个玩家的描述，注意，这局游戏的词语分类为<动物>，卧底词和平民词都属于该类。||之前是第3轮描述和之前轮数描述的合集。你之前认为的卧底是玩家4。
2024-12-13 16:55:21,067 - 3 - INFO - **********PLAYER3**********
根据第3轮描述和之前轮数的描述，以下是每位玩家的描述分析：

- 玩家1描述了一种大型猫科动物，具有条纹或斑点皮肤，夜间活动，这些特征与虎或豹相符。
- 玩家2的描述与玩家1相似，也提到了条纹或斑点皮肤，大型猫科动物，夜间活动，捕猎技巧和领地意识，这些特征同样指向虎或豹。
- 玩家3的描述提到了温血哺乳动物，厚实身体，强大力量，保护色，锋利的爪牙，庞大的体型，厚重的皮毛，强壮的肌肉，强大的力量和耐力，隐秘性，对领地的占有欲，这些特征与熊相符。
- 玩家4的描述提到了厚实皮毛，强大肌肉，独特花纹或斑点，强大的捕猎能力，独特的领地意识，卓越的狩猎技巧，敏锐的感官，条纹或斑点皮肤，出色的适应能力和生存本能，夜间活动，这些特征也与熊相符。

玩家1、2和4的描述都指向了具有条纹或斑点皮肤的大型猫科动物，而玩家3的描述则提到了熊的特征，包括厚实身体、保护色和强大的力量。由于玩家3的描述与熊的特征相符，而其他玩家描述的特征更倾向于猫科动物，因此玩家3的描述与整体描述存在不一致之处。

基于描述的一致性和差异性，玩家3可能是卧底。
2024-12-13 16:55:21,069 - 3 - INFO - **********JUDGER**********
你刚刚的分析是根据第3轮描述和之前轮数的描述，以下是每位玩家的描述分析：

- 玩家1描述了一种大型猫科动物，具有条纹或斑点皮肤，夜间活动，这些特征与虎或豹相符。
- 玩家2的描述与玩家1相似，也提到了条纹或斑点皮肤，大型猫科动物，夜间活动，捕猎技巧和领地意识，这些特征同样指向虎或豹。
- 玩家3的描述提到了温血哺乳动物，厚实身体，强大力量，保护色，锋利的爪牙，庞大的体型，厚重的皮毛，强壮的肌肉，强大的力量和耐力，隐秘性，对领地的占有欲，这些特征与熊相符。
- 玩家4的描述提到了厚实皮毛，强大肌肉，独特花纹或斑点，强大的捕猎能力，独特的领地意识，卓越的狩猎技巧，敏锐的感官，条纹或斑点皮肤，出色的适应能力和生存本能，夜间活动，这些特征也与熊相符。

玩家1、2和4的描述都指向了具有条纹或斑点皮肤的大型猫科动物，而玩家3的描述则提到了熊的特征，包括厚实身体、保护色和强大的力量。由于玩家3的描述与熊的特征相符，而其他玩家描述的特征更倾向于猫科动物，因此玩家3的描述与整体描述存在不一致之处。

基于描述的一致性和差异性，玩家3可能是卧底。|| `请根据上述分析，比较描述以找出不一致之处，注意，这局游戏的词语分类为<动物>，卧底词和平民词都属于该类。
2024-12-13 16:55:29,404 - 3 - INFO - **********PLAYER3**********
根据上述分析，不一致之处主要体现在以下几个方面：

1. 猫科动物特征的集中性：玩家1、玩家2和玩家4的描述都集中在猫科动物的特征上，如条纹或斑点皮肤、夜间活动、强大的狩猎技巧、领地意识等。

2. 熊的特征的差异性：玩家3的描述则提到了熊的特征，如厚实身体、保护色、强大的力量、隐秘性、对领地的占有欲等，这些特征与猫科动物的特征不一致。

3. 描述的细节差异：玩家3的描述中提到了“庞大的体型”和“厚重的皮毛”，这些特征与猫科动物的一般描述有所不同，更接近熊的描述。

因此，不一致之处在于玩家3的描述与玩家1、2和4的描述在动物特征上存在显著差异，这可能是玩家3作为卧底的一个线索。
2024-12-13 16:55:29,406 - 3 - INFO - **********JUDGER**********
你刚刚的分析是根据上述分析，不一致之处主要体现在以下几个方面：

1. 猫科动物特征的集中性：玩家1、玩家2和玩家4的描述都集中在猫科动物的特征上，如条纹或斑点皮肤、夜间活动、强大的狩猎技巧、领地意识等。

2. 熊的特征的差异性：玩家3的描述则提到了熊的特征，如厚实身体、保护色、强大的力量、隐秘性、对领地的占有欲等，这些特征与猫科动物的特征不一致。

3. 描述的细节差异：玩家3的描述中提到了“庞大的体型”和“厚重的皮毛”，这些特征与猫科动物的一般描述有所不同，更接近熊的描述。

因此，不一致之处在于玩家3的描述与玩家1、2和4的描述在动物特征上存在显著差异，这可能是玩家3作为卧底的一个线索。|| 请通过你分析的不一致之处，推断卧底身份，注意，这局游戏的词语分类为<动物>，卧底词和平民词都属于该类。
2024-12-13 16:55:30,786 - 3 - INFO - **********PLAYER3**********
3
2024-12-13 16:55:30,787 - 3 - INFO - **********JUDGER**********
你刚刚的推断是3|| 基于你刚刚的推断得出你的最终结论，请输出你认为的卧底，在这种情况下只需要输出编号，是1-4中的某个数字，不要输出其他信息。在这个过程不要进行任何推理，只对||以前的部分进行信息提取
2024-12-13 16:55:32,500 - 3 - INFO - **********PLAYER3**********
3
2024-12-13 16:55:32,501 - 3 - INFO - **********JUDGER**********
你认为卧底是你自己。你现在需要随便选一个人投票。请输出一个数字，是1-4中的某个数字，但这个数字不能是3，不要输出其他信息。
2024-12-13 16:55:33,733 - 3 - INFO - **********PLAYER3**********
1
