2024-12-13 16:49:29,734 - 4 - INFO - **********JUDGER**********
让我们来玩一个叫做<谁是卧底>的推理游戏。基本规则：<人数>：4人。<角色分配>：每位玩家随机抽取一个词语，3名玩家拿到的词语是相同的（平民词），1名玩家拿到与之相近但不同的词语（卧底词）。<游戏流程>：1、玩家轮流描述自己的词语，但<不能>直接说出词语本身。2、描述完毕后，投票选出最像卧底的玩家。3、每轮结束后，被投票选出的玩家出局，不能再进行描述或投票。4、每轮投票结束后，如果卧底被成功找出，平民方获胜；如果卧底未被找出且卧底人数等于或超过平民人数，则卧底方获胜。你将扮演一个<玩家>，请等待你被分配到的关键词。如果你听懂了，只回答，"好的，我准备好参加游戏了"，不要输出别的信息
2024-12-13 16:49:30,269 - 4 - INFO - **********PLAYER4**********
好的，我准备好参加游戏了
2024-12-13 16:49:41,101 - 4 - INFO - **********JUDGER**********
玩家1说：这是一只大型猫科动物，它的基本特征是拥有强壮的体格和锋利的爪牙。在猫科动物中，它最突出的不同特征是它的条纹或斑点皮肤。玩家2说：它是一种体格强健的动物，拥有锐利的爪牙。在其同类中，它最显著的特点是皮毛上有独特的条纹或斑点图案。玩家3说：这是一种常见的温血哺乳动物，以其厚实的身体和强大的力量而闻名。在同类中，它最特别的地方在于其具有保护色和锋利的爪牙。玩家4说：|| 你是第4号玩家，你的关键词是<老虎>。你的回答中绝对不能包含你的关键词<老虎>。这是第一轮描述，不需要分析||之前别的玩家的描述，请你描述关键词基本特征，注意，这局游戏的词语分类为<动物>，卧底词和平民词都属于该类，描述包括以下两点，1.他的基本特征是什么2.他在该类（动物）中最突出不同的特征是什么，尽量简短
2024-12-13 16:49:42,949 - 4 - INFO - **********PLAYER4**********
这是一类有着厚实皮毛和强大肌肉的动物，它们通常具有独特的花纹或斑点。在同类中，它们以其强大的捕猎能力和独特的领地意识而最为突出。
2024-12-13 16:51:03,040 - 4 - INFO - **********JUDGER**********
玩家1说：这是一只大型猫科动物，它的基本特征是拥有强壮的体格和锋利的爪牙。在猫科动物中，它最突出的不同特征是它的条纹或斑点皮肤。玩家2说：它是一种体格强健的动物，拥有锐利的爪牙。在其同类中，它最显著的特点是皮毛上有独特的条纹或斑点图案。玩家3说：这是一种常见的温血哺乳动物，以其厚实的身体和强大的力量而闻名。在同类中，它最特别的地方在于其具有保护色和锋利的爪牙。玩家4说：||在这个游戏中，我们需要通过分析每位玩家的描述来找出卧底。通常，平民的描述会围绕相同的词语展开，而卧底的描述可能会因为词语的不同而显得不太一致。我们需要仔细比较每个描述之间的相似性和差异性，以找出可能的卧底，注意，卧底并不会隐藏自己，他会直接描述他的词语，现在，逐一分析每个玩家的描述，注意，这局游戏的词语分类为<动物>，卧底词和平民词都属于该类。这是第一轮描述。
2024-12-13 16:51:09,180 - 4 - INFO - **********PLAYER4**********
好的，根据玩家1、玩家2和玩家3的描述，他们都在描述一种大型猫科动物，具有强壮的体格、锋利的爪牙，以及皮毛上的条纹或斑点。这种描述与典型的猫科动物如老虎或豹子的特征相符。

玩家4的描述则提到了“厚实的身体和强大的力量”，以及“保护色和锋利的爪牙”，这些特征虽然也适用于猫科动物，但描述的侧重点与前三名玩家有所不同，更偏向于强调身体的力量和保护色。

由于游戏规则中提到卧底可能会因为词语的不同而显得描述不太一致，玩家4的描述在这三点上与前三名玩家的描述略有差异，这可能会引起怀疑。然而，没有足够的信息来确定玩家4是否是卧底，因为所有描述都在动物类别内，且描述特征有重叠。

为了进一步分析，我们需要玩家4的描述，以及之后的投票情况来确定卧底。
2024-12-13 16:51:09,181 - 4 - INFO - **********JUDGER**********
你刚刚的分析是好的，根据玩家1、玩家2和玩家3的描述，他们都在描述一种大型猫科动物，具有强壮的体格、锋利的爪牙，以及皮毛上的条纹或斑点。这种描述与典型的猫科动物如老虎或豹子的特征相符。

玩家4的描述则提到了“厚实的身体和强大的力量”，以及“保护色和锋利的爪牙”，这些特征虽然也适用于猫科动物，但描述的侧重点与前三名玩家有所不同，更偏向于强调身体的力量和保护色。

由于游戏规则中提到卧底可能会因为词语的不同而显得描述不太一致，玩家4的描述在这三点上与前三名玩家的描述略有差异，这可能会引起怀疑。然而，没有足够的信息来确定玩家4是否是卧底，因为所有描述都在动物类别内，且描述特征有重叠。

为了进一步分析，我们需要玩家4的描述，以及之后的投票情况来确定卧底。|| `请根据上述分析，比较描述以找出不一致之处，注意，这局游戏的词语分类为<动物>，卧底词和平民词都属于该类。
2024-12-13 16:51:23,924 - 4 - INFO - **********PLAYER4**********
根据上述分析，我们可以注意到以下不一致之处：

1. **描述的侧重点**：
   - 玩家1、2、3的描述集中在猫科动物的特征上，特别是它们的条纹或斑点皮肤。
   - 玩家4的描述虽然也提到了条纹或斑点皮肤，但更强调的是动物的厚实身体、强大力量和保护色。

2. **特征的强调**：
   - 玩家1、2、3的描述中，强调了猫科动物的外貌特征（条纹或斑点皮肤）和它们的捕猎能力（强壮的体格和锋利的爪牙）。
   - 玩家4的描述中，除了外貌特征，还提到了动物的生存策略（保护色）和力量（强大的力量）。

这些不一致之处可能表明玩家4的词语与玩家1、2、3的词语有所不同，因为他们的描述侧重点和强调的特征有所不同。然而，由于所有描述都在动物类别内，并且某些特征（如条纹或斑点皮肤、锋利的爪牙）在多个动物中都有，这并不足以确定玩家4是否是卧底。我们需要更多的信息或者后续的投票结果来进一步确定。
2024-12-13 16:51:23,925 - 4 - INFO - **********JUDGER**********
你刚刚的分析是根据上述分析，我们可以注意到以下不一致之处：

1. **描述的侧重点**：
   - 玩家1、2、3的描述集中在猫科动物的特征上，特别是它们的条纹或斑点皮肤。
   - 玩家4的描述虽然也提到了条纹或斑点皮肤，但更强调的是动物的厚实身体、强大力量和保护色。

2. **特征的强调**：
   - 玩家1、2、3的描述中，强调了猫科动物的外貌特征（条纹或斑点皮肤）和它们的捕猎能力（强壮的体格和锋利的爪牙）。
   - 玩家4的描述中，除了外貌特征，还提到了动物的生存策略（保护色）和力量（强大的力量）。

这些不一致之处可能表明玩家4的词语与玩家1、2、3的词语有所不同，因为他们的描述侧重点和强调的特征有所不同。然而，由于所有描述都在动物类别内，并且某些特征（如条纹或斑点皮肤、锋利的爪牙）在多个动物中都有，这并不足以确定玩家4是否是卧底。我们需要更多的信息或者后续的投票结果来进一步确定。|| 请通过你分析的不一致之处，推断卧底身份，注意，这局游戏的词语分类为<动物>，卧底词和平民词都属于该类。
2024-12-13 16:51:33,604 - 4 - INFO - **********PLAYER4**********
基于上述分析的不一致之处，我们可以进行以下推断：

1. 玩家1、2、3的描述都集中在猫科动物的特征上，特别是条纹或斑点皮肤，这暗示他们可能持有的词语是猫科动物，如老虎或豹子。

2. 玩家4的描述虽然也提到了条纹或斑点皮肤，但更强调了动物的厚实身体、强大力量和保护色。这些特征虽然也适用于猫科动物，但更普遍地描述了一些其他类型的动物，如熊或狮子。

考虑到游戏规则中提到卧底词和平民词都属于动物类别，以下是一些可能的推断：

- 如果卧底词是猫科动物，那么玩家4的描述可能会显得有些不协调，因为他的描述没有像其他玩家那样集中在猫科动物特有的条纹或斑点上。
- 如果卧底词是熊，那么玩家4的描述可能更符合，因为熊也有厚实的身体、强大的力量和保护色，这些特征在猫科动物中并不是最突出的。

因此，根据描述的不一致之处，玩家4可能是卧底，尤其是如果他们的词语不是典型的猫科动物。然而，这只是一个基于描述的初步推断，最终需要通过投票和后续的描述来确认卧底的身份。
2024-12-13 16:51:33,605 - 4 - INFO - **********JUDGER**********
你刚刚的推断是基于上述分析的不一致之处，我们可以进行以下推断：

1. 玩家1、2、3的描述都集中在猫科动物的特征上，特别是条纹或斑点皮肤，这暗示他们可能持有的词语是猫科动物，如老虎或豹子。

2. 玩家4的描述虽然也提到了条纹或斑点皮肤，但更强调了动物的厚实身体、强大力量和保护色。这些特征虽然也适用于猫科动物，但更普遍地描述了一些其他类型的动物，如熊或狮子。

考虑到游戏规则中提到卧底词和平民词都属于动物类别，以下是一些可能的推断：

- 如果卧底词是猫科动物，那么玩家4的描述可能会显得有些不协调，因为他的描述没有像其他玩家那样集中在猫科动物特有的条纹或斑点上。
- 如果卧底词是熊，那么玩家4的描述可能更符合，因为熊也有厚实的身体、强大的力量和保护色，这些特征在猫科动物中并不是最突出的。

因此，根据描述的不一致之处，玩家4可能是卧底，尤其是如果他们的词语不是典型的猫科动物。然而，这只是一个基于描述的初步推断，最终需要通过投票和后续的描述来确认卧底的身份。|| 基于你刚刚的推断得出你的最终结论，请输出你认为的卧底，在这种情况下只需要输出编号，是1-4中的某个数字，不要输出其他信息。在这个过程不要进行任何推理，只对||以前的部分进行信息提取
2024-12-13 16:51:34,290 - 4 - INFO - **********PLAYER4**********
4
2024-12-13 16:51:43,541 - 4 - INFO - **********JUDGER**********
玩家1说：这是一只大型猫科动物，它的基本特征是拥有强壮的体格和锋利的爪牙。在猫科动物中，它最突出的不同特征是它的条纹或斑点皮肤。这是一种力量惊人的动物，以其强大的狩猎技巧和敏锐的感官而著称。在同类中，它以其独特的图案和条纹在丛林中脱颖而出。玩家2说：它是一种体格强健的动物，拥有锐利的爪牙。在其同类中，它最显著的特点是皮毛上有独特的条纹或斑点图案。它是一种以黄色或橙色为主色调的大型猫科动物，体型庞大，肌肉发达。它的皮毛上有黑色条纹或斑点，这些图案不仅美观，而且在丛林中起到了伪装的作用。这种动物以其出色的捕猎技巧和强大的领地意识而著称。玩家3说：这是一种常见的温血哺乳动物，以其厚实的身体和强大的力量而闻名。在同类中，它最特别的地方在于其具有保护色和锋利的爪牙。这种动物以其庞大的体型和厚重的皮毛而著称，它们通常在森林中生活，拥有强壮的肌肉和锋利的爪牙。在同类中，它们以其在丛林中的隐秘性和对领地的强烈占有欲而特别突出。这种动物的力量和耐力使其成为丛林中的顶级捕食者。玩家4说：这是一类有着厚实皮毛和强大肌肉的动物，它们通常具有独特的花纹或斑点。在同类中，它们以其强大的捕猎能力和独特的领地意识而最为突出。你是第4号玩家，你的关键词是<老虎>。你的回答中绝对不能包含你的关键词<老虎>。这是第二轮描述，你之前的描述是这是一类有着厚实皮毛和强大肌肉的动物，它们通常具有独特的花纹或斑点。在同类中，它们以其强大的捕猎能力和独特的领地意识而最为突出。，注意，这局游戏的词语分类为<动物>，卧底词和平民词都属于该类，请你补充关于关键词的描述，注意，你的描述应该比起之前的描述更加贴近关键词，作为之前的补充
2024-12-13 16:51:51,170 - 4 - INFO - **********PLAYER4**********
这种动物在同类中以其卓越的狩猎技巧和敏锐的感官而著称，它们在丛林中的条纹或斑点皮肤提供了极佳的伪装，使它们能够在狩猎时几乎不被发现。它们的领地意识极强，对于保护自己的领地和猎物有着极高的警觉性。
2024-12-13 16:53:21,660 - 4 - INFO - **********JUDGER**********
玩家1说：这是一只大型猫科动物，它的基本特征是拥有强壮的体格和锋利的爪牙。在猫科动物中，它最突出的不同特征是它的条纹或斑点皮肤。这是一种力量惊人的动物，以其强大的狩猎技巧和敏锐的感官而著称。在同类中，它以其独特的图案和条纹在丛林中脱颖而出。玩家2说：它是一种体格强健的动物，拥有锐利的爪牙。在其同类中，它最显著的特点是皮毛上有独特的条纹或斑点图案。它是一种以黄色或橙色为主色调的大型猫科动物，体型庞大，肌肉发达。它的皮毛上有黑色条纹或斑点，这些图案不仅美观，而且在丛林中起到了伪装的作用。这种动物以其出色的捕猎技巧和强大的领地意识而著称。玩家3说：这是一种常见的温血哺乳动物，以其厚实的身体和强大的力量而闻名。在同类中，它最特别的地方在于其具有保护色和锋利的爪牙。这种动物以其庞大的体型和厚重的皮毛而著称，它们通常在森林中生活，拥有强壮的肌肉和锋利的爪牙。在同类中，它们以其在丛林中的隐秘性和对领地的强烈占有欲而特别突出。这种动物的力量和耐力使其成为丛林中的顶级捕食者。玩家4说：这是一类有着厚实皮毛和强大肌肉的动物，它们通常具有独特的花纹或斑点。在同类中，它们以其强大的捕猎能力和独特的领地意识而最为突出。||在这个游戏中，我们需要通过分析每位玩家的描述来找出卧底。通常，平民的描述会围绕相同的词语展开，而卧底的描述可能会因为词语的不同而显得不太一致。我们需要仔细比较每个描述之间的相似性和差异性，以找出可能的卧底，注意，卧底并不会隐藏自己，他会直接描述他的词语，现在，逐一分析每个玩家的描述，注意，这局游戏的词语分类为<动物>，卧底词和平民词都属于该类。||之前是第2轮描述和之前轮数描述的合集。你之前认为的卧底是玩家4。
2024-12-13 16:53:32,890 - 4 - INFO - **********PLAYER4**********
根据第二轮描述和之前的描述，我之前的推断是玩家4可能是卧底，因为他的描述与其他玩家的描述在侧重点和强调的特征上有所不同。然而，现在我们需要进一步分析：

- 玩家1、2和3的描述都非常详细且一致，都强调了动物的条纹或斑点皮肤、强壮的体格、锋利的爪牙、出色的捕猎技巧和强大的领地意识。这些描述都与猫科动物，特别是老虎的特征非常吻合。

- 玩家4的描述虽然也提到了条纹或斑点皮肤、强大的捕猎能力和领地意识，但没有像其他玩家那样强调条纹或斑点的具体作用（如伪装），也没有提到皮毛的主色调和体型庞大等特征。

综合以上信息，玩家4的描述虽然与其他玩家的描述有重叠，但在细节上存在差异，这增加了他作为卧底的可能性。因此，基于目前的描述，我仍然认为玩家4可能是卧底。
2024-12-13 16:53:32,892 - 4 - INFO - **********JUDGER**********
你刚刚的分析是根据第二轮描述和之前的描述，我之前的推断是玩家4可能是卧底，因为他的描述与其他玩家的描述在侧重点和强调的特征上有所不同。然而，现在我们需要进一步分析：

- 玩家1、2和3的描述都非常详细且一致，都强调了动物的条纹或斑点皮肤、强壮的体格、锋利的爪牙、出色的捕猎技巧和强大的领地意识。这些描述都与猫科动物，特别是老虎的特征非常吻合。

- 玩家4的描述虽然也提到了条纹或斑点皮肤、强大的捕猎能力和领地意识，但没有像其他玩家那样强调条纹或斑点的具体作用（如伪装），也没有提到皮毛的主色调和体型庞大等特征。

综合以上信息，玩家4的描述虽然与其他玩家的描述有重叠，但在细节上存在差异，这增加了他作为卧底的可能性。因此，基于目前的描述，我仍然认为玩家4可能是卧底。|| `请根据上述分析，比较描述以找出不一致之处，注意，这局游戏的词语分类为<动物>，卧底词和平民词都属于该类。
2024-12-13 16:53:45,699 - 4 - INFO - **********PLAYER4**********
根据上述分析，以下是不一致之处：

1. **条纹或斑点皮肤的具体作用**：
   - 玩家1、2和3都提到了条纹或斑点皮肤在丛林中的伪装作用。
   - 玩家4的描述中并没有明确提到条纹或斑点皮肤作为伪装的具体功能。

2. **皮毛的主色调和体型描述**：
   - 玩家2的描述中提到了动物以黄色或橙色为主色调，体型庞大，肌肉发达。
   - 玩家3的描述中也提到了动物的厚实身体和庞大体型。
   - 玩家4的描述中没有提到皮毛的主色调和体型特征。

3. **捕猎技巧的描述**：
   - 玩家1、2和3都提到了动物强大的狩猎技巧。
   - 玩家4的描述中虽然提到了强大的捕猎能力，但没有具体描述狩猎技巧。

这些不一致之处表明玩家4的描述在某些细节上与玩家1、2和3的描述有所不同，这可能是由于玩家4的词语与他们的词语不同。在动物类别中，这些差异可能有助于识别出卧底。
2024-12-13 16:53:45,702 - 4 - INFO - **********JUDGER**********
你刚刚的分析是根据上述分析，以下是不一致之处：

1. **条纹或斑点皮肤的具体作用**：
   - 玩家1、2和3都提到了条纹或斑点皮肤在丛林中的伪装作用。
   - 玩家4的描述中并没有明确提到条纹或斑点皮肤作为伪装的具体功能。

2. **皮毛的主色调和体型描述**：
   - 玩家2的描述中提到了动物以黄色或橙色为主色调，体型庞大，肌肉发达。
   - 玩家3的描述中也提到了动物的厚实身体和庞大体型。
   - 玩家4的描述中没有提到皮毛的主色调和体型特征。

3. **捕猎技巧的描述**：
   - 玩家1、2和3都提到了动物强大的狩猎技巧。
   - 玩家4的描述中虽然提到了强大的捕猎能力，但没有具体描述狩猎技巧。

这些不一致之处表明玩家4的描述在某些细节上与玩家1、2和3的描述有所不同，这可能是由于玩家4的词语与他们的词语不同。在动物类别中，这些差异可能有助于识别出卧底。|| 请通过你分析的不一致之处，推断卧底身份，注意，这局游戏的词语分类为<动物>，卧底词和平民词都属于该类。
2024-12-13 16:54:06,917 - 4 - INFO - **********PLAYER4**********
基于上述分析的不一致之处，以及考虑到游戏规则和词语分类为<动物>，我推断玩家4可能是卧底。以下是我的推断：

- 玩家4的描述没有明确提到条纹或斑点皮肤的具体作用，而其他玩家的描述都强调了这一点。
- 玩家4的描述没有提及皮毛的主色调和体型特征，而玩家2和玩家3的描述中都有提及。
- 玩家4的描述虽然提到了强大的捕猎能力，但没有具体描述狩猎技巧，而玩家1、2和3的描述中都有详细描述。

综合这些差异，玩家4的描述可能不符合典型猫科动物的特征，因此我推断玩家4是卧底。请注意，这只是一个基于描述的分析，最终结果还需要通过投票来确定。
2024-12-13 16:54:06,918 - 4 - INFO - **********JUDGER**********
你刚刚的推断是基于上述分析的不一致之处，以及考虑到游戏规则和词语分类为<动物>，我推断玩家4可能是卧底。以下是我的推断：

- 玩家4的描述没有明确提到条纹或斑点皮肤的具体作用，而其他玩家的描述都强调了这一点。
- 玩家4的描述没有提及皮毛的主色调和体型特征，而玩家2和玩家3的描述中都有提及。
- 玩家4的描述虽然提到了强大的捕猎能力，但没有具体描述狩猎技巧，而玩家1、2和3的描述中都有详细描述。

综合这些差异，玩家4的描述可能不符合典型猫科动物的特征，因此我推断玩家4是卧底。请注意，这只是一个基于描述的分析，最终结果还需要通过投票来确定。|| 基于你刚刚的推断得出你的最终结论，请输出你认为的卧底，在这种情况下只需要输出编号，是1-4中的某个数字，不要输出其他信息。在这个过程不要进行任何推理，只对||以前的部分进行信息提取
2024-12-13 16:54:07,704 - 4 - INFO - **********PLAYER4**********
4
2024-12-13 16:54:23,578 - 4 - INFO - **********JUDGER**********
玩家1说：这是一只大型猫科动物，它的基本特征是拥有强壮的体格和锋利的爪牙。在猫科动物中，它最突出的不同特征是它的条纹或斑点皮肤。这是一种力量惊人的动物，以其强大的狩猎技巧和敏锐的感官而著称。在同类中，它以其独特的图案和条纹在丛林中脱颖而出。这种动物以其在夜间活动的习性而闻名，它们通常在黄昏或黎明时分出没，利用这一时间进行狩猎。玩家2说：它是一种体格强健的动物，拥有锐利的爪牙。在其同类中，它最显著的特点是皮毛上有独特的条纹或斑点图案。它是一种以黄色或橙色为主色调的大型猫科动物，体型庞大，肌肉发达。它的皮毛上有黑色条纹或斑点，这些图案不仅美观，而且在丛林中起到了伪装的作用。这种动物以其出色的捕猎技巧和强大的领地意识而著称。这种动物在夜间活动，通常在黄昏或黎明时分出没，利用这一时间进行狩猎。它们在丛林中的条纹或斑点皮肤提供了极佳的伪装，使它们能够在狩猎时几乎不被发现。它们的领地意识极强，对于保护自己的领地和猎物有着极高的警觉性。玩家3说：这是一种常见的温血哺乳动物，以其厚实的身体和强大的力量而闻名。在同类中，它最特别的地方在于其具有保护色和锋利的爪牙。这种动物以其庞大的体型和厚重的皮毛而著称，它们通常在森林中生活，拥有强壮的肌肉和锋利的爪牙。在同类中，它们以其在丛林中的隐秘性和对领地的强烈占有欲而特别突出。这种动物的力量和耐力使其成为丛林中的顶级捕食者。这种动物以其适应寒冷环境的厚实皮毛而著称，它们通常在寒冷的森林或山区生活。它们拥有强壮的肌肉和锋利的爪牙，这使得它们在同类中具有很强的攻击力。这种动物以其强大的力量和耐力而闻名，能够在严酷的环境中生存。在同类中，它们以其在森林中的隐秘性和对领地的占有欲而特别突出。这种动物的力量和耐力使其成为森林中的顶级捕食者。玩家4说：这是一类有着厚实皮毛和强大肌肉的动物，它们通常具有独特的花纹或斑点。在同类中，它们以其强大的捕猎能力和独特的领地意识而最为突出。这种动物在同类中以其卓越的狩猎技巧和敏锐的感官而著称，它们在丛林中的条纹或斑点皮肤提供了极佳的伪装，使它们能够在狩猎时几乎不被发现。它们的领地意识极强，对于保护自己的领地和猎物有着极高的警觉性。你是第4号玩家，你的关键词是<老虎>。你的回答中绝对不能包含你的关键词<老虎>。这是第三轮描述，你之前的描述是这是一类有着厚实皮毛和强大肌肉的动物，它们通常具有独特的花纹或斑点。在同类中，它们以其强大的捕猎能力和独特的领地意识而最为突出。和这种动物在同类中以其卓越的狩猎技巧和敏锐的感官而著称，它们在丛林中的条纹或斑点皮肤提供了极佳的伪装，使它们能够在狩猎时几乎不被发现。它们的领地意识极强，对于保护自己的领地和猎物有着极高的警觉性。，注意，这局游戏的词语分类为<动物>，卧底词和平民词都属于该类，请你补充关于关键词的描述，注意，你的描述应该比起之前的描述更加贴近关键词，作为之前的补充
2024-12-13 16:54:27,382 - 4 - INFO - **********PLAYER4**********
这种动物在同类中以其出色的适应能力和强大的生存本能而著称。它们在夜间活动，利用夜晚的宁静进行狩猎，依靠敏锐的感官和敏捷的身手捕捉猎物。它们的条纹或斑点皮肤不仅提供了有效的伪装，还增强了它们的社交和领地标识。这种动物以其强大的领地意识和对家族的忠诚而闻名。
2024-12-13 16:55:33,733 - 4 - INFO - **********JUDGER**********
玩家1说：这是一只大型猫科动物，它的基本特征是拥有强壮的体格和锋利的爪牙。在猫科动物中，它最突出的不同特征是它的条纹或斑点皮肤。这是一种力量惊人的动物，以其强大的狩猎技巧和敏锐的感官而著称。在同类中，它以其独特的图案和条纹在丛林中脱颖而出。这种动物以其在夜间活动的习性而闻名，它们通常在黄昏或黎明时分出没，利用这一时间进行狩猎。玩家2说：它是一种体格强健的动物，拥有锐利的爪牙。在其同类中，它最显著的特点是皮毛上有独特的条纹或斑点图案。它是一种以黄色或橙色为主色调的大型猫科动物，体型庞大，肌肉发达。它的皮毛上有黑色条纹或斑点，这些图案不仅美观，而且在丛林中起到了伪装的作用。这种动物以其出色的捕猎技巧和强大的领地意识而著称。这种动物在夜间活动，通常在黄昏或黎明时分出没，利用这一时间进行狩猎。它们在丛林中的条纹或斑点皮肤提供了极佳的伪装，使它们能够在狩猎时几乎不被发现。它们的领地意识极强，对于保护自己的领地和猎物有着极高的警觉性。玩家3说：这是一种常见的温血哺乳动物，以其厚实的身体和强大的力量而闻名。在同类中，它最特别的地方在于其具有保护色和锋利的爪牙。这种动物以其庞大的体型和厚重的皮毛而著称，它们通常在森林中生活，拥有强壮的肌肉和锋利的爪牙。在同类中，它们以其在丛林中的隐秘性和对领地的强烈占有欲而特别突出。这种动物的力量和耐力使其成为丛林中的顶级捕食者。这种动物以其适应寒冷环境的厚实皮毛而著称，它们通常在寒冷的森林或山区生活。它们拥有强壮的肌肉和锋利的爪牙，这使得它们在同类中具有很强的攻击力。这种动物以其强大的力量和耐力而闻名，能够在严酷的环境中生存。在同类中，它们以其在森林中的隐秘性和对领地的占有欲而特别突出。这种动物的力量和耐力使其成为森林中的顶级捕食者。玩家4说：这是一类有着厚实皮毛和强大肌肉的动物，它们通常具有独特的花纹或斑点。在同类中，它们以其强大的捕猎能力和独特的领地意识而最为突出。这种动物在同类中以其卓越的狩猎技巧和敏锐的感官而著称，它们在丛林中的条纹或斑点皮肤提供了极佳的伪装，使它们能够在狩猎时几乎不被发现。它们的领地意识极强，对于保护自己的领地和猎物有着极高的警觉性。这种动物在同类中以其出色的适应能力和强大的生存本能而著称。它们在夜间活动，利用夜晚的宁静进行狩猎，依靠敏锐的感官和敏捷的身手捕捉猎物。它们的条纹或斑点皮肤不仅提供了有效的伪装，还增强了它们的社交和领地标识。这种动物以其强大的领地意识和对家族的忠诚而闻名。||在这个游戏中，我们需要通过分析每位玩家的描述来找出卧底。通常，平民的描述会围绕相同的词语展开，而卧底的描述可能会因为词语的不同而显得不太一致。我们需要仔细比较每个描述之间的相似性和差异性，以找出可能的卧底，注意，卧底并不会隐藏自己，他会直接描述他的词语，现在，逐一分析每个玩家的描述，注意，这局游戏的词语分类为<动物>，卧底词和平民词都属于该类。||之前是第3轮描述和之前轮数描述的合集。你之前认为的卧底是玩家4。
2024-12-13 16:55:48,489 - 4 - INFO - **********PLAYER4**********
在第三轮描述中，玩家1、2、3和4的描述都强调了动物的特点，包括：

- 强壮的体格和锋利的爪牙
- 独特的条纹或斑点皮肤
- 出色的捕猎技巧
- 强大的领地意识
- 夜间活动的习性

玩家1和玩家2的描述非常相似，都提到了动物是大型猫科动物，具有条纹或斑点皮肤，以黄色或橙色为主色调，体型庞大，肌肉发达，并且是夜行性动物。他们还提到了动物的皮毛图案在丛林中起到伪装作用，以及它们的领地意识和捕猎技巧。

玩家3的描述提到了一种常见的温血哺乳动物，具有保护色和厚重的皮毛，通常在森林或山区生活，适应寒冷环境，拥有强壮的肌肉和攻击力，以及强大的力量和耐力。

玩家4的描述与玩家1和2的描述有相似之处，提到了厚实皮毛、条纹或斑点皮肤、出色的狩猎技巧、领地意识和夜行性，但没有提到动物的主色调和体型特征。

基于这些描述，玩家3的描述与其他玩家的描述存在一些差异，特别是关于动物的生活环境和适应特性的描述。因此，如果要根据描述的差异来推断卧底，玩家3可能是卧底，因为他提到的特征与其他玩家的描述不太一致。然而，这只是一个基于描述的分析，最终结果还需要通过投票来确定。
2024-12-13 16:55:48,492 - 4 - INFO - **********JUDGER**********
你刚刚的分析是在第三轮描述中，玩家1、2、3和4的描述都强调了动物的特点，包括：

- 强壮的体格和锋利的爪牙
- 独特的条纹或斑点皮肤
- 出色的捕猎技巧
- 强大的领地意识
- 夜间活动的习性

玩家1和玩家2的描述非常相似，都提到了动物是大型猫科动物，具有条纹或斑点皮肤，以黄色或橙色为主色调，体型庞大，肌肉发达，并且是夜行性动物。他们还提到了动物的皮毛图案在丛林中起到伪装作用，以及它们的领地意识和捕猎技巧。

玩家3的描述提到了一种常见的温血哺乳动物，具有保护色和厚重的皮毛，通常在森林或山区生活，适应寒冷环境，拥有强壮的肌肉和攻击力，以及强大的力量和耐力。

玩家4的描述与玩家1和2的描述有相似之处，提到了厚实皮毛、条纹或斑点皮肤、出色的狩猎技巧、领地意识和夜行性，但没有提到动物的主色调和体型特征。

基于这些描述，玩家3的描述与其他玩家的描述存在一些差异，特别是关于动物的生活环境和适应特性的描述。因此，如果要根据描述的差异来推断卧底，玩家3可能是卧底，因为他提到的特征与其他玩家的描述不太一致。然而，这只是一个基于描述的分析，最终结果还需要通过投票来确定。|| `请根据上述分析，比较描述以找出不一致之处，注意，这局游戏的词语分类为<动物>，卧底词和平民词都属于该类。
2024-12-13 16:56:02,510 - 4 - INFO - **********PLAYER4**********
根据上述分析，以下是不一致之处：

1. **生活环境和适应特性**：
   - 玩家1和玩家2的描述中提到了动物是大型猫科动物，生活在丛林中，皮毛以黄色或橙色为主色调，适应热带环境。
   - 玩家3的描述中提到的动物适应寒冷环境，通常在森林或山区生活，拥有厚重的皮毛，这与玩家1和2描述的动物特征不符。

2. **皮毛描述**：
   - 玩家1和玩家2的描述中提到了动物皮毛上的条纹或斑点图案，但没有特别强调皮毛的厚度。
   - 玩家3的描述中特别强调了动物具有厚重的皮毛，这与其他玩家的描述不同。

3. **活动时间和习性**：
   - 玩家1、2和4的描述中都提到了动物是夜行性动物，通常在黄昏或黎明时分出没。
   - 玩家3的描述中没有提到动物的活动时间，但提到了动物在森林或山区生活，这可能暗示了它们的活动时间，但没有明确说明。

这些不一致之处表明玩家3的描述在某些方面与其他玩家的描述有所不同，这可能是由于玩家3的词语与他们的词语不同。在动物类别中，这些差异可能有助于识别出卧底。
2024-12-13 16:56:02,512 - 4 - INFO - **********JUDGER**********
你刚刚的分析是根据上述分析，以下是不一致之处：

1. **生活环境和适应特性**：
   - 玩家1和玩家2的描述中提到了动物是大型猫科动物，生活在丛林中，皮毛以黄色或橙色为主色调，适应热带环境。
   - 玩家3的描述中提到的动物适应寒冷环境，通常在森林或山区生活，拥有厚重的皮毛，这与玩家1和2描述的动物特征不符。

2. **皮毛描述**：
   - 玩家1和玩家2的描述中提到了动物皮毛上的条纹或斑点图案，但没有特别强调皮毛的厚度。
   - 玩家3的描述中特别强调了动物具有厚重的皮毛，这与其他玩家的描述不同。

3. **活动时间和习性**：
   - 玩家1、2和4的描述中都提到了动物是夜行性动物，通常在黄昏或黎明时分出没。
   - 玩家3的描述中没有提到动物的活动时间，但提到了动物在森林或山区生活，这可能暗示了它们的活动时间，但没有明确说明。

这些不一致之处表明玩家3的描述在某些方面与其他玩家的描述有所不同，这可能是由于玩家3的词语与他们的词语不同。在动物类别中，这些差异可能有助于识别出卧底。|| 请通过你分析的不一致之处，推断卧底身份，注意，这局游戏的词语分类为<动物>，卧底词和平民词都属于该类。
2024-12-13 16:56:09,181 - 4 - INFO - **********PLAYER4**********
基于分析的不一致之处，我推断玩家3可能是卧底。以下是推断的依据：

- 玩家3的描述提到了动物适应寒冷环境，通常在森林或山区生活，拥有厚重的皮毛，这与玩家1和2描述的热带环境中的大型猫科动物特征不符。
- 玩家3的描述中没有明确提到动物的活动时间，而玩家1、2和4的描述都强调了动物的夜行性。
- 玩家3的描述中提到了动物的厚实皮毛，而玩家1和2的描述中没有特别强调皮毛的厚度。

这些差异可能表明玩家3的词语与玩家1和2的词语不同，因此玩家3可能是卧底。
2024-12-13 16:56:09,183 - 4 - INFO - **********JUDGER**********
你刚刚的推断是基于分析的不一致之处，我推断玩家3可能是卧底。以下是推断的依据：

- 玩家3的描述提到了动物适应寒冷环境，通常在森林或山区生活，拥有厚重的皮毛，这与玩家1和2描述的热带环境中的大型猫科动物特征不符。
- 玩家3的描述中没有明确提到动物的活动时间，而玩家1、2和4的描述都强调了动物的夜行性。
- 玩家3的描述中提到了动物的厚实皮毛，而玩家1和2的描述中没有特别强调皮毛的厚度。

这些差异可能表明玩家3的词语与玩家1和2的词语不同，因此玩家3可能是卧底。|| 基于你刚刚的推断得出你的最终结论，请输出你认为的卧底，在这种情况下只需要输出编号，是1-4中的某个数字，不要输出其他信息。在这个过程不要进行任何推理，只对||以前的部分进行信息提取
2024-12-13 16:56:10,806 - 4 - INFO - **********PLAYER4**********
3
