2024-12-13 17:26:54,545 - 1 - INFO - **********JUDGER**********
让我们来玩一个叫做<谁是卧底>的推理游戏。基本规则：<人数>：4人。<角色分配>：每位玩家随机抽取一个词语，3名玩家拿到的词语是相同的（平民词），1名玩家拿到与之相近但不同的词语（卧底词）。<游戏流程>：1、玩家轮流描述自己的词语，但<不能>直接说出词语本身。2、描述完毕后，投票选出最像卧底的玩家。3、每轮结束后，被投票选出的玩家出局，不能再进行描述或投票。4、每轮投票结束后，如果卧底被成功找出，平民方获胜；如果卧底未被找出且卧底人数等于或超过平民人数，则卧底方获胜。你将扮演一个<玩家>，请等待你被分配到的关键词。如果你听懂了，只回答，"好的，我准备好参加游戏了"，不要输出别的信息
2024-12-13 17:26:55,158 - 1 - INFO - **********PLAYER1**********
好的，我准备好参加游戏了
2024-12-13 17:26:58,666 - 1 - INFO - **********JUDGER**********
玩家1说：玩家2说：玩家3说：玩家4说：|| 你是第1号玩家，你的关键词是<飞机>。你的回答中绝对不能包含你的关键词<飞机>。这是第一轮描述，不需要分析||之前别的玩家的描述，请你描述关键词基本特征，注意，这局游戏的词语分类为<交通工具>，卧底词和平民词都属于该类，描述包括以下两点，1.他的基本特征是什么2.他在该类（交通工具）中最突出不同的特征是什么，尽量简短
2024-12-13 17:27:00,162 - 1 - INFO - **********PLAYER1**********
它是一种可以飞行的交通工具，通常由多个座位和机舱组成。它在同类别中特别在于其能够在空中飞行，而不是在地面上行驶。
2024-12-13 17:27:05,168 - 1 - INFO - **********JUDGER**********
玩家1说：它是一种可以飞行的交通工具，通常由多个座位和机舱组成。它在同类别中特别在于其能够在空中飞行，而不是在地面上行驶。玩家2说：它是一种陆地行驶的交通工具，主要用于日常出行，具备一定的舒适性。与同类交通工具相比，它最突出的不同特征是它的机动性和便捷性，能够在道路上灵活行驶，适应各种路况。玩家3说：这是一种用于长距离运输的交通工具，它通过机翼产生升力，使得能够在空中飞行。在同类交通工具中，它最突出的不同特征是它的速度和高度，能够在空中高速飞行，超越地面交通工具的速度限制。玩家4说：||在这个游戏中，我们需要通过分析每位玩家的描述来找出卧底。通常，平民的描述会围绕相同的词语展开，而卧底的描述可能会因为词语的不同而显得不太一致。我们需要仔细比较每个描述之间的相似性和差异性，以找出可能的卧底，注意，卧底并不会隐藏自己，他会直接描述他的词语，现在，逐一分析每个玩家的描述，注意，这局游戏的词语分类为<交通工具>，卧底词和平民词都属于该类。这是第一轮描述。
2024-12-13 17:27:10,507 - 1 - INFO - **********PLAYER1**********
玩家1的描述符合飞机的基本特征，强调了其飞行和在空中行驶的特性。

玩家2的描述更像是汽车的特性，提到了陆地行驶、机动性和便捷性，这与飞机的飞行特征不符。

玩家3的描述同样提到了飞行，强调了速度和高度，这与飞机的特征相符。

玩家4的描述没有给出具体的词语特征，而是强调了分析描述的重要性，这可能是为了引导其他玩家注意分析，也可能是在暗示自己可能是卧底。

根据描述，玩家2的描述与飞机的特征不一致，因此可能是卧底。而玩家4的描述没有给出具体的词语特征，也可能是一个线索，需要进一步观察其他玩家的描述和游戏进程。
2024-12-13 17:27:10,509 - 1 - INFO - **********JUDGER**********
你刚刚的分析是玩家1的描述符合飞机的基本特征，强调了其飞行和在空中行驶的特性。

玩家2的描述更像是汽车的特性，提到了陆地行驶、机动性和便捷性，这与飞机的飞行特征不符。

玩家3的描述同样提到了飞行，强调了速度和高度，这与飞机的特征相符。

玩家4的描述没有给出具体的词语特征，而是强调了分析描述的重要性，这可能是为了引导其他玩家注意分析，也可能是在暗示自己可能是卧底。

根据描述，玩家2的描述与飞机的特征不一致，因此可能是卧底。而玩家4的描述没有给出具体的词语特征，也可能是一个线索，需要进一步观察其他玩家的描述和游戏进程。|| `请根据上述分析，比较描述以找出不一致之处，注意，这局游戏的词语分类为<交通工具>，卧底词和平民词都属于该类。
2024-12-13 17:27:17,740 - 1 - INFO - **********PLAYER1**********
根据上述分析，我们可以观察到以下不一致之处：

1. 玩家2的描述与飞机的特征不一致。玩家2提到的是一种陆地行驶的交通工具，具有机动性和便捷性，这与飞机的空中飞行特性明显不符。

2. 玩家4的描述没有提供具体的词语特征，而是强调了分析的重要性。这与其他玩家描述具体特征的策略不同，可能会引起其他玩家的怀疑。

由于游戏规则中提到卧底词和平民词都属于交通工具类别，我们可以推测玩家2的描述可能是基于一个与飞机不同的交通工具，如汽车。而玩家4的描述可能是为了引导其他玩家注意分析，或者暗示自己可能是卧底。

因此，玩家2和玩家4的描述可能是不一致的，需要进一步观察他们的后续描述和游戏中的行为来确认他们的身份。
2024-12-13 17:27:17,742 - 1 - INFO - **********JUDGER**********
你刚刚的分析是根据上述分析，我们可以观察到以下不一致之处：

1. 玩家2的描述与飞机的特征不一致。玩家2提到的是一种陆地行驶的交通工具，具有机动性和便捷性，这与飞机的空中飞行特性明显不符。

2. 玩家4的描述没有提供具体的词语特征，而是强调了分析的重要性。这与其他玩家描述具体特征的策略不同，可能会引起其他玩家的怀疑。

由于游戏规则中提到卧底词和平民词都属于交通工具类别，我们可以推测玩家2的描述可能是基于一个与飞机不同的交通工具，如汽车。而玩家4的描述可能是为了引导其他玩家注意分析，或者暗示自己可能是卧底。

因此，玩家2和玩家4的描述可能是不一致的，需要进一步观察他们的后续描述和游戏中的行为来确认他们的身份。|| 请通过你分析的不一致之处，推断卧底身份，注意，这局游戏的词语分类为<交通工具>，卧底词和平民词都属于该类。
2024-12-13 17:27:34,246 - 1 - INFO - **********PLAYER1**********
根据分析，我们可以进行以下推断：

1. 玩家2的描述与飞机的飞行特性明显不符，他描述的是一种陆地行驶的交通工具，这与汽车的特征相符。因此，玩家2的描述与飞机这一交通工具类别的其他描述不一致，他可能是卧底，因为他的描述更符合汽车这一交通工具。

2. 玩家4的描述没有提供具体的词语特征，而是强调了分析的重要性，这确实与其他玩家描述具体特征的策略不同。虽然这可能是为了引导其他玩家，但也有可能是为了隐藏自己作为卧底的事实。由于玩家4没有给出具体的特征，我们无法直接确定他是否是卧底。

综合以上分析，玩家2的描述与飞机这一类别的其他描述不一致，且更符合另一种交通工具（汽车）的特征，因此玩家2很可能是卧底。玩家4的描述虽然引起了注意，但没有足够的信息来直接推断他是否是卧底。在下一轮中，我们可以继续观察玩家2和玩家4的描述和行为，以进一步确认他们的身份。
2024-12-13 17:27:34,250 - 1 - INFO - **********JUDGER**********
你刚刚的推断是根据分析，我们可以进行以下推断：

1. 玩家2的描述与飞机的飞行特性明显不符，他描述的是一种陆地行驶的交通工具，这与汽车的特征相符。因此，玩家2的描述与飞机这一交通工具类别的其他描述不一致，他可能是卧底，因为他的描述更符合汽车这一交通工具。

2. 玩家4的描述没有提供具体的词语特征，而是强调了分析的重要性，这确实与其他玩家描述具体特征的策略不同。虽然这可能是为了引导其他玩家，但也有可能是为了隐藏自己作为卧底的事实。由于玩家4没有给出具体的特征，我们无法直接确定他是否是卧底。

综合以上分析，玩家2的描述与飞机这一类别的其他描述不一致，且更符合另一种交通工具（汽车）的特征，因此玩家2很可能是卧底。玩家4的描述虽然引起了注意，但没有足够的信息来直接推断他是否是卧底。在下一轮中，我们可以继续观察玩家2和玩家4的描述和行为，以进一步确认他们的身份。|| 基于你刚刚的推断得出你的最终结论，请输出你认为的卧底，在这种情况下只需要输出编号，是1-4中的某个数字，不要输出其他信息。在这个过程不要进行任何推理，只对||以前的部分进行信息提取
2024-12-13 17:27:35,140 - 1 - INFO - **********PLAYER1**********
2
2024-12-13 17:29:03,688 - 1 - INFO - **********JUDGER**********
玩家1说：它是一种可以飞行的交通工具，通常由多个座位和机舱组成。它在同类别中特别在于其能够在空中飞行，而不是在地面上行驶。玩家2说：它是一种陆地行驶的交通工具，主要用于日常出行，具备一定的舒适性。与同类交通工具相比，它最突出的不同特征是它的机动性和便捷性，能够在道路上灵活行驶，适应各种路况。玩家3说：这是一种用于长距离运输的交通工具，它通过机翼产生升力，使得能够在空中飞行。在同类交通工具中，它最突出的不同特征是它的速度和高度，能够在空中高速飞行，超越地面交通工具的速度限制。玩家4说：这是一种具有强大动力和流线型设计的交通工具，它的基本特征是能够在空中飞行，不受地面限制。在同类交通工具中，它最突出的不同特征是它的飞行能力和速度。你是第1号玩家，你的关键词是<飞机>。你的回答中绝对不能包含你的关键词<飞机>。这是第二轮描述，你之前的描述是它是一种可以飞行的交通工具，通常由多个座位和机舱组成。它在同类别中特别在于其能够在空中飞行，而不是在地面上行驶。，注意，这局游戏的词语分类为<交通工具>，卧底词和平民词都属于该类，请你补充关于关键词的描述，注意，你的描述应该比起之前的描述更加贴近关键词，作为之前的补充
2024-12-13 17:29:05,461 - 1 - INFO - **********PLAYER1**********
这种交通工具拥有高效的推进系统，能够在短距离内迅速加速。它以其远距离飞行能力和稳定的性能在同类交通工具中独树一帜。
2024-12-13 17:29:16,373 - 1 - INFO - **********JUDGER**********
玩家1说：它是一种可以飞行的交通工具，通常由多个座位和机舱组成。它在同类别中特别在于其能够在空中飞行，而不是在地面上行驶。这种交通工具拥有高效的推进系统，能够在短距离内迅速加速。它以其远距离飞行能力和稳定的性能在同类交通工具中独树一帜。玩家2说：它是一种陆地行驶的交通工具，主要用于日常出行，具备一定的舒适性。与同类交通工具相比，它最突出的不同特征是它的机动性和便捷性，能够在道路上灵活行驶，适应各种路况。这种交通工具以其坚固的车身和耐用性著称，适用于各种气候和地形条件。它通常配备有先进的导航和通信系统，确保驾驶安全与便利。在同类交通工具中，它以其独立性和自主性为特色，不受公共交通网络限制。玩家3说：这是一种用于长距离运输的交通工具，它通过机翼产生升力，使得能够在空中飞行。在同类交通工具中，它最突出的不同特征是它的速度和高度，能够在空中高速飞行，超越地面交通工具的速度限制。这种交通工具以其优雅的线条和先进的科技闻名，它能够在短时间内从地面起飞，迅速穿越云层，抵达遥远的目的地。它的设计注重效率和舒适，能够在飞行中提供平稳的乘坐体验。与其他同类交通工具相比，它能够在高空飞行，不受地面环境的限制，这使得它成为长距离、快速旅行的首选。玩家4说：这是一种具有强大动力和流线型设计的交通工具，它的基本特征是能够在空中飞行，不受地面限制。在同类交通工具中，它最突出的不同特征是它的飞行能力和速度。||在这个游戏中，我们需要通过分析每位玩家的描述来找出卧底。通常，平民的描述会围绕相同的词语展开，而卧底的描述可能会因为词语的不同而显得不太一致。我们需要仔细比较每个描述之间的相似性和差异性，以找出可能的卧底，注意，卧底并不会隐藏自己，他会直接描述他的词语，现在，逐一分析每个玩家的描述，注意，这局游戏的词语分类为<交通工具>，卧底词和平民词都属于该类。||之前是第2轮描述和之前轮数描述的合集。你之前认为的卧底是玩家2。
2024-12-13 17:29:26,015 - 1 - INFO - **********PLAYER1**********
根据第二轮描述和之前的描述，我们可以看到以下情况：

- 玩家1的描述与飞机的特征非常一致，强调了飞行、座位、机舱、高效的推进系统、远距离飞行能力和稳定性能。
- 玩家2的描述与之前的描述不符，他描述的是一种陆地行驶的交通工具，这与飞机的空中飞行特性不符。
- 玩家3的描述与飞机的特征相符，他提到了长距离运输、机翼产生升力、速度、高度、优雅的线条和先进的科技。
- 玩家4的描述也符合飞机的特征，他强调了强大动力、流线型设计、飞行能力和速度。

由于玩家2的描述与飞机的空中飞行特性不符，而其他玩家的描述都围绕飞机的特征展开，因此玩家2的描述仍然是不一致的。这加强了之前关于玩家2可能是卧底的推断。

因此，基于第二轮的描述，我仍然认为玩家2是卧底。
2024-12-13 17:29:26,017 - 1 - INFO - **********JUDGER**********
你刚刚的分析是根据第二轮描述和之前的描述，我们可以看到以下情况：

- 玩家1的描述与飞机的特征非常一致，强调了飞行、座位、机舱、高效的推进系统、远距离飞行能力和稳定性能。
- 玩家2的描述与之前的描述不符，他描述的是一种陆地行驶的交通工具，这与飞机的空中飞行特性不符。
- 玩家3的描述与飞机的特征相符，他提到了长距离运输、机翼产生升力、速度、高度、优雅的线条和先进的科技。
- 玩家4的描述也符合飞机的特征，他强调了强大动力、流线型设计、飞行能力和速度。

由于玩家2的描述与飞机的空中飞行特性不符，而其他玩家的描述都围绕飞机的特征展开，因此玩家2的描述仍然是不一致的。这加强了之前关于玩家2可能是卧底的推断。

因此，基于第二轮的描述，我仍然认为玩家2是卧底。|| `请根据上述分析，比较描述以找出不一致之处，注意，这局游戏的词语分类为<交通工具>，卧底词和平民词都属于该类。
2024-12-13 17:29:32,425 - 1 - INFO - **********PLAYER1**********
根据上述分析，不一致之处如下：

- 玩家2的描述两次都提到了陆地行驶的交通工具，这与飞机的空中飞行特性明显不符。其他玩家的描述都集中在飞机的飞行特征上，如飞行、远距离、机翼产生升力、强大动力、流线型设计等。

因此，玩家2的描述在两个轮次中都与飞机这一交通工具的特征不一致，这表明他的描述可能是基于一个与飞机不同的交通工具，如汽车。这强化了玩家2作为卧底的可能性。
2024-12-13 17:29:32,426 - 1 - INFO - **********JUDGER**********
你刚刚的分析是根据上述分析，不一致之处如下：

- 玩家2的描述两次都提到了陆地行驶的交通工具，这与飞机的空中飞行特性明显不符。其他玩家的描述都集中在飞机的飞行特征上，如飞行、远距离、机翼产生升力、强大动力、流线型设计等。

因此，玩家2的描述在两个轮次中都与飞机这一交通工具的特征不一致，这表明他的描述可能是基于一个与飞机不同的交通工具，如汽车。这强化了玩家2作为卧底的可能性。|| 请通过你分析的不一致之处，推断卧底身份，注意，这局游戏的词语分类为<交通工具>，卧底词和平民词都属于该类。
2024-12-13 17:29:33,650 - 1 - INFO - **********PLAYER1**********
2
2024-12-13 17:29:33,650 - 1 - INFO - **********JUDGER**********
你刚刚的推断是2|| 基于你刚刚的推断得出你的最终结论，请输出你认为的卧底，在这种情况下只需要输出编号，是1-4中的某个数字，不要输出其他信息。在这个过程不要进行任何推理，只对||以前的部分进行信息提取
2024-12-13 17:29:38,827 - 1 - INFO - **********PLAYER1**********
以前的信息提取如下：

- 玩家1的描述与飞机的特征非常一致，强调了飞行、座位、机舱、高效的推进系统、远距离飞行能力和稳定性能。
- 玩家2的描述与之前的描述不符，他描述的是一种陆地行驶的交通工具，这与飞机的空中飞行特性不符。
- 玩家3的描述与飞机的特征相符，他提到了长距离运输、机翼产生升力、速度、高度、优雅的线条和先进的科技。
- 玩家4的描述也符合飞机的特征，他强调了强大动力、流线型设计、飞行能力和速度。

最终结论：2
2024-12-13 17:29:38,829 - 1 - WARNING - Invalid vote: 以前的信息提取如下：

- 玩家1的描述与飞机的特征非常一致，强调了飞行、座位、机舱、高效的推进系统、远距离飞行能力和稳定性能。
- 玩家2的描述与之前的描述不符，他描述的是一种陆地行驶的交通工具，这与飞机的空中飞行特性不符。
- 玩家3的描述与飞机的特征相符，他提到了长距离运输、机翼产生升力、速度、高度、优雅的线条和先进的科技。
- 玩家4的描述也符合飞机的特征，他强调了强大动力、流线型设计、飞行能力和速度。

最终结论：2. Asking again.
2024-12-13 17:29:38,829 - 1 - INFO - **********JUDGER**********
你刚刚的推断是2|| 基于你刚刚的推断得出你的最终结论，请输出你认为的卧底，在这种情况下只需要输出编号，是1-4中的某个数字，不要输出其他信息。在这个过程不要进行任何推理，只对||以前的部分进行信息提取
2024-12-13 17:29:39,565 - 1 - INFO - **********PLAYER1**********
2
2024-12-13 17:30:56,918 - 1 - INFO - **********JUDGER**********
玩家1说：它是一种可以飞行的交通工具，通常由多个座位和机舱组成。它在同类别中特别在于其能够在空中飞行，而不是在地面上行驶。这种交通工具拥有高效的推进系统，能够在短距离内迅速加速。它以其远距离飞行能力和稳定的性能在同类交通工具中独树一帜。玩家2说：它是一种陆地行驶的交通工具，主要用于日常出行，具备一定的舒适性。与同类交通工具相比，它最突出的不同特征是它的机动性和便捷性，能够在道路上灵活行驶，适应各种路况。这种交通工具以其坚固的车身和耐用性著称，适用于各种气候和地形条件。它通常配备有先进的导航和通信系统，确保驾驶安全与便利。在同类交通工具中，它以其独立性和自主性为特色，不受公共交通网络限制。玩家3说：这是一种用于长距离运输的交通工具，它通过机翼产生升力，使得能够在空中飞行。在同类交通工具中，它最突出的不同特征是它的速度和高度，能够在空中高速飞行，超越地面交通工具的速度限制。这种交通工具以其优雅的线条和先进的科技闻名，它能够在短时间内从地面起飞，迅速穿越云层，抵达遥远的目的地。它的设计注重效率和舒适，能够在飞行中提供平稳的乘坐体验。与其他同类交通工具相比，它能够在高空飞行，不受地面环境的限制，这使得它成为长距离、快速旅行的首选。玩家4说：这是一种具有强大动力和流线型设计的交通工具，它的基本特征是能够在空中飞行，不受地面限制。在同类交通工具中，它最突出的不同特征是它的飞行能力和速度。这种交通工具以其高速和远程航行的能力著称，它能够在短时间内在空中迅速移动，跨越广阔的地域。它的设计特别注重空气动力学，以确保在飞行中保持高效的推进和稳定的飞行路径。你是第1号玩家，你的关键词是<飞机>。你的回答中绝对不能包含你的关键词<飞机>。这是第三轮描述，你之前的描述是它是一种可以飞行的交通工具，通常由多个座位和机舱组成。它在同类别中特别在于其能够在空中飞行，而不是在地面上行驶。和这种交通工具拥有高效的推进系统，能够在短距离内迅速加速。它以其远距离飞行能力和稳定的性能在同类交通工具中独树一帜。，注意，这局游戏的词语分类为<交通工具>，卧底词和平民词都属于该类，请你补充关于关键词的描述，注意，你的描述应该比起之前的描述更加贴近关键词，作为之前的补充
2024-12-13 17:30:59,032 - 1 - INFO - **********PLAYER1**********
这种交通工具的特点是能够在不同的天气条件下保持飞行，具有出色的气候适应性，并且通常配备有高级的导航和通信设备，以确保安全和精确的路线规划。
2024-12-13 17:31:08,238 - 1 - INFO - **********JUDGER**********
玩家1说：它是一种可以飞行的交通工具，通常由多个座位和机舱组成。它在同类别中特别在于其能够在空中飞行，而不是在地面上行驶。这种交通工具拥有高效的推进系统，能够在短距离内迅速加速。它以其远距离飞行能力和稳定的性能在同类交通工具中独树一帜。这种交通工具的特点是能够在不同的天气条件下保持飞行，具有出色的气候适应性，并且通常配备有高级的导航和通信设备，以确保安全和精确的路线规划。玩家2说：它是一种陆地行驶的交通工具，主要用于日常出行，具备一定的舒适性。与同类交通工具相比，它最突出的不同特征是它的机动性和便捷性，能够在道路上灵活行驶，适应各种路况。这种交通工具以其坚固的车身和耐用性著称，适用于各种气候和地形条件。它通常配备有先进的导航和通信系统，确保驾驶安全与便利。在同类交通工具中，它以其独立性和自主性为特色，不受公共交通网络限制。这种交通工具以其轻便的设计和灵活的操控性著称，它能够在城市和乡村的道路上轻松穿梭。它通常配备有现代化的安全特性，如防抱死刹车系统和电子稳定程序，以提高行驶的安全性。此外，它的高效能源利用和较低的环境影响使其成为环保出行的首选。玩家3说：这是一种用于长距离运输的交通工具，它通过机翼产生升力，使得能够在空中飞行。在同类交通工具中，它最突出的不同特征是它的速度和高度，能够在空中高速飞行，超越地面交通工具的速度限制。这种交通工具以其优雅的线条和先进的科技闻名，它能够在短时间内从地面起飞，迅速穿越云层，抵达遥远的目的地。它的设计注重效率和舒适，能够在飞行中提供平稳的乘坐体验。与其他同类交通工具相比，它能够在高空飞行，不受地面环境的限制，这使得它成为长距离、快速旅行的首选。这种交通工具以其轻巧的结构和高效的动力系统著称，它能够在空中迅速攀升至高空，享受无与伦比的飞行体验。它的性能在同类交通工具中极为出色，能够在恶劣天气条件下保持稳定的飞行，同时提供乘客舒适的乘坐感受。此外，它的高效率使其能够在短时间内覆盖长距离，成为长距离旅行和运输的理想选择。玩家4说：这是一种具有强大动力和流线型设计的交通工具，它的基本特征是能够在空中飞行，不受地面限制。在同类交通工具中，它最突出的不同特征是它的飞行能力和速度。这种交通工具以其高速和远程航行的能力著称，它能够在短时间内在空中迅速移动，跨越广阔的地域。它的设计特别注重空气动力学，以确保在飞行中保持高效的推进和稳定的飞行路径。这种交通工具以其卓越的飞行效率和远程覆盖能力闻名，它能够在短时间内穿越长距离，连接世界的各个角落。其设计强调轻便性和高效性，能够在不同的气候条件下保持出色的飞行性能。||在这个游戏中，我们需要通过分析每位玩家的描述来找出卧底。通常，平民的描述会围绕相同的词语展开，而卧底的描述可能会因为词语的不同而显得不太一致。我们需要仔细比较每个描述之间的相似性和差异性，以找出可能的卧底，注意，卧底并不会隐藏自己，他会直接描述他的词语，现在，逐一分析每个玩家的描述，注意，这局游戏的词语分类为<交通工具>，卧底词和平民词都属于该类。||之前是第3轮描述和之前轮数描述的合集。你之前认为的卧底是玩家2。
2024-12-13 17:31:17,717 - 1 - INFO - **********PLAYER1**********
根据第三轮描述和之前的描述，我们可以看到以下情况：

- 玩家1的描述与飞机的特征非常一致，强调了飞行、座位、机舱、高效的推进系统、远距离飞行能力、气候适应性、导航和通信设备。
- 玩家2的描述与之前的描述一致，他描述的是一种陆地行驶的交通工具，这与飞机的空中飞行特性不符。
- 玩家3的描述与飞机的特征相符，他提到了长距离运输、机翼产生升力、速度、高度、优雅的线条、先进的科技、轻巧的结构、高效的动力系统、恶劣天气条件下的稳定飞行、乘客舒适、高效率。
- 玩家4的描述也符合飞机的特征，他强调了强大动力、流线型设计、飞行能力、速度、高速远程航行能力、空气动力学、卓越的飞行效率、远程覆盖能力、轻便性和高效性。

由于玩家2的描述与飞机的空中飞行特性不符，而其他玩家的描述都围绕飞机的特征展开，因此玩家2的描述仍然是不一致的。这强化了之前关于玩家2可能是卧底的推断。

因此，基于第三轮的描述，我仍然认为玩家2是卧底。
2024-12-13 17:31:17,719 - 1 - INFO - **********JUDGER**********
你刚刚的分析是根据第三轮描述和之前的描述，我们可以看到以下情况：

- 玩家1的描述与飞机的特征非常一致，强调了飞行、座位、机舱、高效的推进系统、远距离飞行能力、气候适应性、导航和通信设备。
- 玩家2的描述与之前的描述一致，他描述的是一种陆地行驶的交通工具，这与飞机的空中飞行特性不符。
- 玩家3的描述与飞机的特征相符，他提到了长距离运输、机翼产生升力、速度、高度、优雅的线条、先进的科技、轻巧的结构、高效的动力系统、恶劣天气条件下的稳定飞行、乘客舒适、高效率。
- 玩家4的描述也符合飞机的特征，他强调了强大动力、流线型设计、飞行能力、速度、高速远程航行能力、空气动力学、卓越的飞行效率、远程覆盖能力、轻便性和高效性。

由于玩家2的描述与飞机的空中飞行特性不符，而其他玩家的描述都围绕飞机的特征展开，因此玩家2的描述仍然是不一致的。这强化了之前关于玩家2可能是卧底的推断。

因此，基于第三轮的描述，我仍然认为玩家2是卧底。|| `请根据上述分析，比较描述以找出不一致之处，注意，这局游戏的词语分类为<交通工具>，卧底词和平民词都属于该类。
2024-12-13 17:31:22,324 - 1 - INFO - **********PLAYER1**********
根据上述分析，不一致之处如下：

- 玩家2的描述两次都提到了陆地行驶的交通工具，这与飞机的空中飞行特性明显不符。其他玩家的描述都集中在飞机的飞行特征上，包括长距离运输、机翼产生升力、速度、高度、流线型设计、动力系统、气候适应性、导航和通信设备等。

因此，玩家2的描述与其他玩家关于飞机的描述不一致，这表明他的描述可能是基于一个与飞机不同的交通工具，如汽车。
2024-12-13 17:31:22,325 - 1 - INFO - **********JUDGER**********
你刚刚的分析是根据上述分析，不一致之处如下：

- 玩家2的描述两次都提到了陆地行驶的交通工具，这与飞机的空中飞行特性明显不符。其他玩家的描述都集中在飞机的飞行特征上，包括长距离运输、机翼产生升力、速度、高度、流线型设计、动力系统、气候适应性、导航和通信设备等。

因此，玩家2的描述与其他玩家关于飞机的描述不一致，这表明他的描述可能是基于一个与飞机不同的交通工具，如汽车。|| 请通过你分析的不一致之处，推断卧底身份，注意，这局游戏的词语分类为<交通工具>，卧底词和平民词都属于该类。
2024-12-13 17:31:23,559 - 1 - INFO - **********PLAYER1**********
2
2024-12-13 17:31:23,560 - 1 - INFO - **********JUDGER**********
你刚刚的推断是2|| 基于你刚刚的推断得出你的最终结论，请输出你认为的卧底，在这种情况下只需要输出编号，是1-4中的某个数字，不要输出其他信息。在这个过程不要进行任何推理，只对||以前的部分进行信息提取
2024-12-13 17:31:24,512 - 1 - INFO - **********PLAYER1**********
2
