2024-12-13 17:26:55,651 - 2 - INFO - **********JUDGER**********
让我们来玩一个叫做<谁是卧底>的推理游戏。基本规则：<人数>：4人。<角色分配>：每位玩家随机抽取一个词语，3名玩家拿到的词语是相同的（平民词），1名玩家拿到与之相近但不同的词语（卧底词）。<游戏流程>：1、玩家轮流描述自己的词语，但<不能>直接说出词语本身。2、描述完毕后，投票选出最像卧底的玩家。3、每轮结束后，被投票选出的玩家出局，不能再进行描述或投票。4、每轮投票结束后，如果卧底被成功找出，平民方获胜；如果卧底未被找出且卧底人数等于或超过平民人数，则卧底方获胜。你将扮演一个<玩家>，请等待你被分配到的关键词。如果你听懂了，只回答，"好的，我准备好参加游戏了"，不要输出别的信息
2024-12-13 17:26:56,532 - 2 - INFO - **********PLAYER2**********
好的，我准备好参加游戏了
2024-12-13 17:27:00,163 - 2 - INFO - **********JUDGER**********
玩家1说：它是一种可以飞行的交通工具，通常由多个座位和机舱组成。它在同类别中特别在于其能够在空中飞行，而不是在地面上行驶。玩家2说：玩家3说：玩家4说：|| 你是第2号玩家，你的关键词是<汽车>。你的回答中绝对不能包含你的关键词<汽车>。这是第一轮描述，不需要分析||之前别的玩家的描述，请你描述关键词基本特征，注意，这局游戏的词语分类为<交通工具>，卧底词和平民词都属于该类，描述包括以下两点，1.他的基本特征是什么2.他在该类（交通工具）中最突出不同的特征是什么，尽量简短
2024-12-13 17:27:01,668 - 2 - INFO - **********PLAYER2**********
它是一种陆地行驶的交通工具，主要用于日常出行，具备一定的舒适性。与同类交通工具相比，它最突出的不同特征是它的机动性和便捷性，能够在道路上灵活行驶，适应各种路况。
2024-12-13 17:27:35,141 - 2 - INFO - **********JUDGER**********
玩家1说：它是一种可以飞行的交通工具，通常由多个座位和机舱组成。它在同类别中特别在于其能够在空中飞行，而不是在地面上行驶。玩家2说：它是一种陆地行驶的交通工具，主要用于日常出行，具备一定的舒适性。与同类交通工具相比，它最突出的不同特征是它的机动性和便捷性，能够在道路上灵活行驶，适应各种路况。玩家3说：这是一种用于长距离运输的交通工具，它通过机翼产生升力，使得能够在空中飞行。在同类交通工具中，它最突出的不同特征是它的速度和高度，能够在空中高速飞行，超越地面交通工具的速度限制。玩家4说：||在这个游戏中，我们需要通过分析每位玩家的描述来找出卧底。通常，平民的描述会围绕相同的词语展开，而卧底的描述可能会因为词语的不同而显得不太一致。我们需要仔细比较每个描述之间的相似性和差异性，以找出可能的卧底，注意，卧底并不会隐藏自己，他会直接描述他的词语，现在，逐一分析每个玩家的描述，注意，这局游戏的词语分类为<交通工具>，卧底词和平民词都属于该类。这是第一轮描述。
2024-12-13 17:27:43,863 - 2 - INFO - **********PLAYER2**********
玩家1的描述提到了“可以飞行的交通工具”，并强调了它不同于地面行驶的特点。

玩家2的描述提到了“陆地行驶的交通工具”，并强调了它的机动性和便捷性。

玩家3的描述再次提到了“可以飞行的交通工具”，并特别强调了它的速度和高度，以及它超越地面交通工具的速度限制。

玩家4没有提供描述，而是提供了一个分析指南。

根据这些描述，玩家1和玩家3的描述都指向了飞行交通工具，而玩家2的描述指向了陆地交通工具。由于游戏规则中提到卧底词和平民词都属于交通工具类别，但卧底词与平民词不同，我们可以推测玩家2可能是卧底，因为他描述的是与飞行交通工具不同的陆地交通工具。而玩家1和玩家3的描述虽然都提到了飞行，但描述的角度和重点有所不同，这可能意味着他们中有一个是卧底，另一个是平民。

为了进一步确定卧底，我们需要在下一轮中继续观察描述的细微差别。
2024-12-13 17:27:43,864 - 2 - INFO - **********JUDGER**********
你刚刚的分析是玩家1的描述提到了“可以飞行的交通工具”，并强调了它不同于地面行驶的特点。

玩家2的描述提到了“陆地行驶的交通工具”，并强调了它的机动性和便捷性。

玩家3的描述再次提到了“可以飞行的交通工具”，并特别强调了它的速度和高度，以及它超越地面交通工具的速度限制。

玩家4没有提供描述，而是提供了一个分析指南。

根据这些描述，玩家1和玩家3的描述都指向了飞行交通工具，而玩家2的描述指向了陆地交通工具。由于游戏规则中提到卧底词和平民词都属于交通工具类别，但卧底词与平民词不同，我们可以推测玩家2可能是卧底，因为他描述的是与飞行交通工具不同的陆地交通工具。而玩家1和玩家3的描述虽然都提到了飞行，但描述的角度和重点有所不同，这可能意味着他们中有一个是卧底，另一个是平民。

为了进一步确定卧底，我们需要在下一轮中继续观察描述的细微差别。|| `请根据上述分析，比较描述以找出不一致之处，注意，这局游戏的词语分类为<交通工具>，卧底词和平民词都属于该类。
2024-12-13 17:27:55,208 - 2 - INFO - **********PLAYER2**********
根据上述分析，我们可以注意到以下不一致之处：

1. 玩家1和玩家3都提到了“飞行交通工具”，但玩家1没有具体说明这种交通工具的速度或高度，而玩家3特别强调了这种交通工具的速度和高度，以及它超越地面交通工具的速度限制。这表明玩家3的描述可能更接近于一种特定的飞行交通工具，而玩家1的描述可能更笼统。

2. 玩家2的描述是关于“陆地行驶的交通工具”，这与玩家1和玩家3描述的飞行交通工具明显不同。如果游戏中的词语分类为交通工具，那么玩家2的描述可能是基于与飞行交通工具相对应的类别，这暗示他可能是卧底。

3. 玩家4没有提供描述，而是提供了一个分析指南，这本身并不提供直接的信息，但可以作为一种策略，让其他玩家知道需要关注描述的细微差别。

基于这些观察，玩家2的描述与飞行交通工具的描述不一致，而且他描述的是陆地交通工具，这与游戏规则中提到的词语分类相符合。因此，玩家2可能是卧底。然而，玩家1和玩家3的描述虽然都提到了飞行交通工具，但描述的侧重点不同，这也可能导致其中一个是卧底。为了确定谁是卧底，我们需要更多的信息和下一轮的描述。
2024-12-13 17:27:55,209 - 2 - INFO - **********JUDGER**********
你刚刚的分析是根据上述分析，我们可以注意到以下不一致之处：

1. 玩家1和玩家3都提到了“飞行交通工具”，但玩家1没有具体说明这种交通工具的速度或高度，而玩家3特别强调了这种交通工具的速度和高度，以及它超越地面交通工具的速度限制。这表明玩家3的描述可能更接近于一种特定的飞行交通工具，而玩家1的描述可能更笼统。

2. 玩家2的描述是关于“陆地行驶的交通工具”，这与玩家1和玩家3描述的飞行交通工具明显不同。如果游戏中的词语分类为交通工具，那么玩家2的描述可能是基于与飞行交通工具相对应的类别，这暗示他可能是卧底。

3. 玩家4没有提供描述，而是提供了一个分析指南，这本身并不提供直接的信息，但可以作为一种策略，让其他玩家知道需要关注描述的细微差别。

基于这些观察，玩家2的描述与飞行交通工具的描述不一致，而且他描述的是陆地交通工具，这与游戏规则中提到的词语分类相符合。因此，玩家2可能是卧底。然而，玩家1和玩家3的描述虽然都提到了飞行交通工具，但描述的侧重点不同，这也可能导致其中一个是卧底。为了确定谁是卧底，我们需要更多的信息和下一轮的描述。|| 请通过你分析的不一致之处，推断卧底身份，注意，这局游戏的词语分类为<交通工具>，卧底词和平民词都属于该类。
2024-12-13 17:28:05,974 - 2 - INFO - **********PLAYER2**********
基于上述分析，我们可以进行以下推断：

- 玩家2的描述与飞行交通工具的描述不一致，他描述的是“陆地行驶的交通工具”，这与游戏规则中提到的词语分类相符合，而且与玩家1和玩家3描述的飞行交通工具完全不同。因此，玩家2的描述最不符合游戏中的交通工具分类，他可能是卧底。

- 玩家1和玩家3的描述都指向了飞行交通工具，但玩家3的描述中特别强调了速度和高度，这可能是对某种特定飞行交通工具的描述，而玩家1的描述则更为笼统。这表明玩家3的描述可能比玩家1更具体，但两者都指向了飞行交通工具，因此他们两个中可能有一个是卧底。

- 玩家4没有提供描述，而是提供了一个分析指南，这并不直接提供卧底身份的信息。

综上所述，根据描述的不一致之处，玩家2可能是卧底，因为他描述的是陆地交通工具，与飞行交通工具的描述相矛盾。而玩家1和玩家3的描述虽然都指向飞行交通工具，但玩家3的描述可能更具体，这增加了他是卧底的可能性。然而，没有更多的信息，我们无法确定玩家1和玩家3中谁是卧底。因此，最可能的卧底是玩家2。
2024-12-13 17:28:05,976 - 2 - INFO - **********JUDGER**********
你刚刚的推断是基于上述分析，我们可以进行以下推断：

- 玩家2的描述与飞行交通工具的描述不一致，他描述的是“陆地行驶的交通工具”，这与游戏规则中提到的词语分类相符合，而且与玩家1和玩家3描述的飞行交通工具完全不同。因此，玩家2的描述最不符合游戏中的交通工具分类，他可能是卧底。

- 玩家1和玩家3的描述都指向了飞行交通工具，但玩家3的描述中特别强调了速度和高度，这可能是对某种特定飞行交通工具的描述，而玩家1的描述则更为笼统。这表明玩家3的描述可能比玩家1更具体，但两者都指向了飞行交通工具，因此他们两个中可能有一个是卧底。

- 玩家4没有提供描述，而是提供了一个分析指南，这并不直接提供卧底身份的信息。

综上所述，根据描述的不一致之处，玩家2可能是卧底，因为他描述的是陆地交通工具，与飞行交通工具的描述相矛盾。而玩家1和玩家3的描述虽然都指向飞行交通工具，但玩家3的描述可能更具体，这增加了他是卧底的可能性。然而，没有更多的信息，我们无法确定玩家1和玩家3中谁是卧底。因此，最可能的卧底是玩家2。|| 基于你刚刚的推断得出你的最终结论，请输出你认为的卧底，在这种情况下只需要输出编号，是1-4中的某个数字，不要输出其他信息。在这个过程不要进行任何推理，只对||以前的部分进行信息提取
2024-12-13 17:28:06,744 - 2 - INFO - **********PLAYER2**********
2
2024-12-13 17:29:05,461 - 2 - INFO - **********JUDGER**********
玩家1说：它是一种可以飞行的交通工具，通常由多个座位和机舱组成。它在同类别中特别在于其能够在空中飞行，而不是在地面上行驶。这种交通工具拥有高效的推进系统，能够在短距离内迅速加速。它以其远距离飞行能力和稳定的性能在同类交通工具中独树一帜。玩家2说：它是一种陆地行驶的交通工具，主要用于日常出行，具备一定的舒适性。与同类交通工具相比，它最突出的不同特征是它的机动性和便捷性，能够在道路上灵活行驶，适应各种路况。玩家3说：这是一种用于长距离运输的交通工具，它通过机翼产生升力，使得能够在空中飞行。在同类交通工具中，它最突出的不同特征是它的速度和高度，能够在空中高速飞行，超越地面交通工具的速度限制。玩家4说：这是一种具有强大动力和流线型设计的交通工具，它的基本特征是能够在空中飞行，不受地面限制。在同类交通工具中，它最突出的不同特征是它的飞行能力和速度。你是第2号玩家，你的关键词是<汽车>。你的回答中绝对不能包含你的关键词<汽车>。这是第二轮描述，你之前的描述是它是一种陆地行驶的交通工具，主要用于日常出行，具备一定的舒适性。与同类交通工具相比，它最突出的不同特征是它的机动性和便捷性，能够在道路上灵活行驶，适应各种路况。，注意，这局游戏的词语分类为<交通工具>，卧底词和平民词都属于该类，请你补充关于关键词的描述，注意，你的描述应该比起之前的描述更加贴近关键词，作为之前的补充
2024-12-13 17:29:09,370 - 2 - INFO - **********PLAYER2**********
这种交通工具以其坚固的车身和耐用性著称，适用于各种气候和地形条件。它通常配备有先进的导航和通信系统，确保驾驶安全与便利。在同类交通工具中，它以其独立性和自主性为特色，不受公共交通网络限制。
2024-12-13 17:29:39,565 - 2 - INFO - **********JUDGER**********
玩家1说：它是一种可以飞行的交通工具，通常由多个座位和机舱组成。它在同类别中特别在于其能够在空中飞行，而不是在地面上行驶。这种交通工具拥有高效的推进系统，能够在短距离内迅速加速。它以其远距离飞行能力和稳定的性能在同类交通工具中独树一帜。玩家2说：它是一种陆地行驶的交通工具，主要用于日常出行，具备一定的舒适性。与同类交通工具相比，它最突出的不同特征是它的机动性和便捷性，能够在道路上灵活行驶，适应各种路况。这种交通工具以其坚固的车身和耐用性著称，适用于各种气候和地形条件。它通常配备有先进的导航和通信系统，确保驾驶安全与便利。在同类交通工具中，它以其独立性和自主性为特色，不受公共交通网络限制。玩家3说：这是一种用于长距离运输的交通工具，它通过机翼产生升力，使得能够在空中飞行。在同类交通工具中，它最突出的不同特征是它的速度和高度，能够在空中高速飞行，超越地面交通工具的速度限制。这种交通工具以其优雅的线条和先进的科技闻名，它能够在短时间内从地面起飞，迅速穿越云层，抵达遥远的目的地。它的设计注重效率和舒适，能够在飞行中提供平稳的乘坐体验。与其他同类交通工具相比，它能够在高空飞行，不受地面环境的限制，这使得它成为长距离、快速旅行的首选。玩家4说：这是一种具有强大动力和流线型设计的交通工具，它的基本特征是能够在空中飞行，不受地面限制。在同类交通工具中，它最突出的不同特征是它的飞行能力和速度。||在这个游戏中，我们需要通过分析每位玩家的描述来找出卧底。通常，平民的描述会围绕相同的词语展开，而卧底的描述可能会因为词语的不同而显得不太一致。我们需要仔细比较每个描述之间的相似性和差异性，以找出可能的卧底，注意，卧底并不会隐藏自己，他会直接描述他的词语，现在，逐一分析每个玩家的描述，注意，这局游戏的词语分类为<交通工具>，卧底词和平民词都属于该类。||之前是第2轮描述和之前轮数描述的合集。你之前认为的卧底是玩家2。
2024-12-13 17:29:49,569 - 2 - INFO - **********PLAYER2**********
底
根据每位玩家的描述，我们可以进行以下分析：

玩家1描述的交通工具是一种能够在空中飞行的，具有多个座位和机舱的交通工具，强调其高效的推进系统和远距离飞行能力。

玩家2描述的交通工具是一种陆地行驶的，用于日常出行的，具备舒适性和机动性的交通工具。

玩家3描述的交通工具是一种用于长距离运输的空中交通工具，强调其速度和高度，能够在空中高速飞行，超越地面交通工具的速度限制。

玩家4描述的交通工具是一种具有强大动力和流线型设计的空中交通工具，强调其飞行能力和速度。

从描述的相似性和差异性来看，玩家1、玩家3和玩家4的描述都集中在空中飞行的交通工具上，尽管他们的描述各有侧重点，但都符合交通工具的分类。而玩家2的描述是陆地行驶的交通工具，与其他三人的描述存在明显差异。

因此，基于描述的不一致性和游戏规则，玩家2的描述与“交通工具”分类的卧底词或平民词不太一致，他可能是卧底。之前分析中提到的玩家2作为卧底的可能性仍然成立。
2024-12-13 17:29:49,574 - 2 - INFO - **********JUDGER**********
你刚刚的分析是底
根据每位玩家的描述，我们可以进行以下分析：

玩家1描述的交通工具是一种能够在空中飞行的，具有多个座位和机舱的交通工具，强调其高效的推进系统和远距离飞行能力。

玩家2描述的交通工具是一种陆地行驶的，用于日常出行的，具备舒适性和机动性的交通工具。

玩家3描述的交通工具是一种用于长距离运输的空中交通工具，强调其速度和高度，能够在空中高速飞行，超越地面交通工具的速度限制。

玩家4描述的交通工具是一种具有强大动力和流线型设计的空中交通工具，强调其飞行能力和速度。

从描述的相似性和差异性来看，玩家1、玩家3和玩家4的描述都集中在空中飞行的交通工具上，尽管他们的描述各有侧重点，但都符合交通工具的分类。而玩家2的描述是陆地行驶的交通工具，与其他三人的描述存在明显差异。

因此，基于描述的不一致性和游戏规则，玩家2的描述与“交通工具”分类的卧底词或平民词不太一致，他可能是卧底。之前分析中提到的玩家2作为卧底的可能性仍然成立。|| `请根据上述分析，比较描述以找出不一致之处，注意，这局游戏的词语分类为<交通工具>，卧底词和平民词都属于该类。
2024-12-13 17:29:57,849 - 2 - INFO - **********PLAYER2**********
根据上述分析，不一致之处如下：

1. 玩家1、玩家3和玩家4的描述都指向空中飞行的交通工具，而玩家2的描述指向的是陆地行驶的交通工具。这表明玩家2的描述与其他三人的描述在飞行性质上存在根本差异。

2. 玩家1、玩家3和玩家4的描述都强调了飞行相关的特点，如高效的推进系统、速度、高度、动力和流线型设计等，而玩家2的描述则强调了陆地行驶的特点，如机动性、便捷性、舒适性等。

3. 玩家2的描述中提到了坚固的车身和耐用性，适用于各种气候和地形条件，以及先进的导航和通信系统，这些特点与空中飞行的交通工具的描述不符。

综上所述，玩家2的描述与其他三人的描述在交通工具的类别和特点上存在不一致之处，这可能是由于他持有的关键词与空中飞行的交通工具不同，因此玩家2可能是卧底。
2024-12-13 17:29:57,850 - 2 - INFO - **********JUDGER**********
你刚刚的分析是根据上述分析，不一致之处如下：

1. 玩家1、玩家3和玩家4的描述都指向空中飞行的交通工具，而玩家2的描述指向的是陆地行驶的交通工具。这表明玩家2的描述与其他三人的描述在飞行性质上存在根本差异。

2. 玩家1、玩家3和玩家4的描述都强调了飞行相关的特点，如高效的推进系统、速度、高度、动力和流线型设计等，而玩家2的描述则强调了陆地行驶的特点，如机动性、便捷性、舒适性等。

3. 玩家2的描述中提到了坚固的车身和耐用性，适用于各种气候和地形条件，以及先进的导航和通信系统，这些特点与空中飞行的交通工具的描述不符。

综上所述，玩家2的描述与其他三人的描述在交通工具的类别和特点上存在不一致之处，这可能是由于他持有的关键词与空中飞行的交通工具不同，因此玩家2可能是卧底。|| 请通过你分析的不一致之处，推断卧底身份，注意，这局游戏的词语分类为<交通工具>，卧底词和平民词都属于该类。
2024-12-13 17:29:58,821 - 2 - INFO - **********PLAYER2**********
2
2024-12-13 17:29:58,822 - 2 - INFO - **********JUDGER**********
你刚刚的推断是2|| 基于你刚刚的推断得出你的最终结论，请输出你认为的卧底，在这种情况下只需要输出编号，是1-4中的某个数字，不要输出其他信息。在这个过程不要进行任何推理，只对||以前的部分进行信息提取
2024-12-13 17:29:59,944 - 2 - INFO - **********PLAYER2**********
2
2024-12-13 17:30:59,033 - 2 - INFO - **********JUDGER**********
玩家1说：它是一种可以飞行的交通工具，通常由多个座位和机舱组成。它在同类别中特别在于其能够在空中飞行，而不是在地面上行驶。这种交通工具拥有高效的推进系统，能够在短距离内迅速加速。它以其远距离飞行能力和稳定的性能在同类交通工具中独树一帜。这种交通工具的特点是能够在不同的天气条件下保持飞行，具有出色的气候适应性，并且通常配备有高级的导航和通信设备，以确保安全和精确的路线规划。玩家2说：它是一种陆地行驶的交通工具，主要用于日常出行，具备一定的舒适性。与同类交通工具相比，它最突出的不同特征是它的机动性和便捷性，能够在道路上灵活行驶，适应各种路况。这种交通工具以其坚固的车身和耐用性著称，适用于各种气候和地形条件。它通常配备有先进的导航和通信系统，确保驾驶安全与便利。在同类交通工具中，它以其独立性和自主性为特色，不受公共交通网络限制。玩家3说：这是一种用于长距离运输的交通工具，它通过机翼产生升力，使得能够在空中飞行。在同类交通工具中，它最突出的不同特征是它的速度和高度，能够在空中高速飞行，超越地面交通工具的速度限制。这种交通工具以其优雅的线条和先进的科技闻名，它能够在短时间内从地面起飞，迅速穿越云层，抵达遥远的目的地。它的设计注重效率和舒适，能够在飞行中提供平稳的乘坐体验。与其他同类交通工具相比，它能够在高空飞行，不受地面环境的限制，这使得它成为长距离、快速旅行的首选。玩家4说：这是一种具有强大动力和流线型设计的交通工具，它的基本特征是能够在空中飞行，不受地面限制。在同类交通工具中，它最突出的不同特征是它的飞行能力和速度。这种交通工具以其高速和远程航行的能力著称，它能够在短时间内在空中迅速移动，跨越广阔的地域。它的设计特别注重空气动力学，以确保在飞行中保持高效的推进和稳定的飞行路径。你是第2号玩家，你的关键词是<汽车>。你的回答中绝对不能包含你的关键词<汽车>。这是第三轮描述，你之前的描述是它是一种陆地行驶的交通工具，主要用于日常出行，具备一定的舒适性。与同类交通工具相比，它最突出的不同特征是它的机动性和便捷性，能够在道路上灵活行驶，适应各种路况。和这种交通工具以其坚固的车身和耐用性著称，适用于各种气候和地形条件。它通常配备有先进的导航和通信系统，确保驾驶安全与便利。在同类交通工具中，它以其独立性和自主性为特色，不受公共交通网络限制。，注意，这局游戏的词语分类为<交通工具>，卧底词和平民词都属于该类，请你补充关于关键词的描述，注意，你的描述应该比起之前的描述更加贴近关键词，作为之前的补充
2024-12-13 17:31:01,881 - 2 - INFO - **********PLAYER2**********
这种交通工具以其轻便的设计和灵活的操控性著称，它能够在城市和乡村的道路上轻松穿梭。它通常配备有现代化的安全特性，如防抱死刹车系统和电子稳定程序，以提高行驶的安全性。此外，它的高效能源利用和较低的环境影响使其成为环保出行的首选。
2024-12-13 17:31:24,513 - 2 - INFO - **********JUDGER**********
玩家1说：它是一种可以飞行的交通工具，通常由多个座位和机舱组成。它在同类别中特别在于其能够在空中飞行，而不是在地面上行驶。这种交通工具拥有高效的推进系统，能够在短距离内迅速加速。它以其远距离飞行能力和稳定的性能在同类交通工具中独树一帜。这种交通工具的特点是能够在不同的天气条件下保持飞行，具有出色的气候适应性，并且通常配备有高级的导航和通信设备，以确保安全和精确的路线规划。玩家2说：它是一种陆地行驶的交通工具，主要用于日常出行，具备一定的舒适性。与同类交通工具相比，它最突出的不同特征是它的机动性和便捷性，能够在道路上灵活行驶，适应各种路况。这种交通工具以其坚固的车身和耐用性著称，适用于各种气候和地形条件。它通常配备有先进的导航和通信系统，确保驾驶安全与便利。在同类交通工具中，它以其独立性和自主性为特色，不受公共交通网络限制。这种交通工具以其轻便的设计和灵活的操控性著称，它能够在城市和乡村的道路上轻松穿梭。它通常配备有现代化的安全特性，如防抱死刹车系统和电子稳定程序，以提高行驶的安全性。此外，它的高效能源利用和较低的环境影响使其成为环保出行的首选。玩家3说：这是一种用于长距离运输的交通工具，它通过机翼产生升力，使得能够在空中飞行。在同类交通工具中，它最突出的不同特征是它的速度和高度，能够在空中高速飞行，超越地面交通工具的速度限制。这种交通工具以其优雅的线条和先进的科技闻名，它能够在短时间内从地面起飞，迅速穿越云层，抵达遥远的目的地。它的设计注重效率和舒适，能够在飞行中提供平稳的乘坐体验。与其他同类交通工具相比，它能够在高空飞行，不受地面环境的限制，这使得它成为长距离、快速旅行的首选。这种交通工具以其轻巧的结构和高效的动力系统著称，它能够在空中迅速攀升至高空，享受无与伦比的飞行体验。它的性能在同类交通工具中极为出色，能够在恶劣天气条件下保持稳定的飞行，同时提供乘客舒适的乘坐感受。此外，它的高效率使其能够在短时间内覆盖长距离，成为长距离旅行和运输的理想选择。玩家4说：这是一种具有强大动力和流线型设计的交通工具，它的基本特征是能够在空中飞行，不受地面限制。在同类交通工具中，它最突出的不同特征是它的飞行能力和速度。这种交通工具以其高速和远程航行的能力著称，它能够在短时间内在空中迅速移动，跨越广阔的地域。它的设计特别注重空气动力学，以确保在飞行中保持高效的推进和稳定的飞行路径。这种交通工具以其卓越的飞行效率和远程覆盖能力闻名，它能够在短时间内穿越长距离，连接世界的各个角落。其设计强调轻便性和高效性，能够在不同的气候条件下保持出色的飞行性能。||在这个游戏中，我们需要通过分析每位玩家的描述来找出卧底。通常，平民的描述会围绕相同的词语展开，而卧底的描述可能会因为词语的不同而显得不太一致。我们需要仔细比较每个描述之间的相似性和差异性，以找出可能的卧底，注意，卧底并不会隐藏自己，他会直接描述他的词语，现在，逐一分析每个玩家的描述，注意，这局游戏的词语分类为<交通工具>，卧底词和平民词都属于该类。||之前是第3轮描述和之前轮数描述的合集。你之前认为的卧底是玩家2。
2024-12-13 17:31:33,023 - 2 - INFO - **********PLAYER2**********
根据玩家们的描述，以下是不一致之处：

1. 玩家1、玩家3和玩家4的描述都指向空中飞行的交通工具，而玩家2的描述指向的是陆地行驶的交通工具。这表明玩家2的描述与其他三人的描述在飞行性质上存在根本差异。

2. 玩家1、玩家3和玩家4的描述中都强调了飞行相关的特点，如推进系统、速度、高度、导航和通信设备等，而玩家2的描述则强调了陆地行驶的特点，如机动性、便捷性、舒适性、安全特性和环保性能等。

3. 玩家1的描述特别提到了这种交通工具能够在不同天气条件下保持飞行，具有出色的气候适应性，而玩家2、玩家3和玩家4的描述中没有提到这一点。

基于这些不一致之处，玩家2的描述与其他三人的描述在交通工具的类别和特点上存在显著差异，这进一步支持了玩家2可能是卧底的推断。因此，我的最终结论仍然是玩家2可能是卧底。
2024-12-13 17:31:33,025 - 2 - INFO - **********JUDGER**********
你刚刚的分析是根据玩家们的描述，以下是不一致之处：

1. 玩家1、玩家3和玩家4的描述都指向空中飞行的交通工具，而玩家2的描述指向的是陆地行驶的交通工具。这表明玩家2的描述与其他三人的描述在飞行性质上存在根本差异。

2. 玩家1、玩家3和玩家4的描述中都强调了飞行相关的特点，如推进系统、速度、高度、导航和通信设备等，而玩家2的描述则强调了陆地行驶的特点，如机动性、便捷性、舒适性、安全特性和环保性能等。

3. 玩家1的描述特别提到了这种交通工具能够在不同天气条件下保持飞行，具有出色的气候适应性，而玩家2、玩家3和玩家4的描述中没有提到这一点。

基于这些不一致之处，玩家2的描述与其他三人的描述在交通工具的类别和特点上存在显著差异，这进一步支持了玩家2可能是卧底的推断。因此，我的最终结论仍然是玩家2可能是卧底。|| `请根据上述分析，比较描述以找出不一致之处，注意，这局游戏的词语分类为<交通工具>，卧底词和平民词都属于该类。
2024-12-13 17:31:41,478 - 2 - INFO - **********PLAYER2**********
根据上述分析，以下是不一致之处：

1. 玩家2的描述是关于陆地行驶的交通工具，而玩家1、玩家3和玩家4的描述都指向空中飞行的交通工具。这直接表明玩家2的描述与飞行交通工具的类别不符。

2. 玩家1、玩家3和玩家4的描述都强调了飞行相关的特征，如推进系统、速度、高度、导航和通信设备等，而玩家2的描述则侧重于陆地行驶的特征，如机动性、便捷性、舒适性、安全特性和环保性能。

3. 玩家1的描述中提到了交通工具能够在不同天气条件下保持飞行，而这一点在玩家2、玩家3和玩家4的描述中并未提及。

综上所述，这些不一致之处表明玩家2的描述与游戏规则中定义的交通工具类别（包括空中和陆地交通工具）存在显著差异，因此玩家2可能是卧底。
2024-12-13 17:31:41,480 - 2 - INFO - **********JUDGER**********
你刚刚的分析是根据上述分析，以下是不一致之处：

1. 玩家2的描述是关于陆地行驶的交通工具，而玩家1、玩家3和玩家4的描述都指向空中飞行的交通工具。这直接表明玩家2的描述与飞行交通工具的类别不符。

2. 玩家1、玩家3和玩家4的描述都强调了飞行相关的特征，如推进系统、速度、高度、导航和通信设备等，而玩家2的描述则侧重于陆地行驶的特征，如机动性、便捷性、舒适性、安全特性和环保性能。

3. 玩家1的描述中提到了交通工具能够在不同天气条件下保持飞行，而这一点在玩家2、玩家3和玩家4的描述中并未提及。

综上所述，这些不一致之处表明玩家2的描述与游戏规则中定义的交通工具类别（包括空中和陆地交通工具）存在显著差异，因此玩家2可能是卧底。|| 请通过你分析的不一致之处，推断卧底身份，注意，这局游戏的词语分类为<交通工具>，卧底词和平民词都属于该类。
2024-12-13 17:31:43,158 - 2 - INFO - **********PLAYER2**********
2
2024-12-13 17:31:43,158 - 2 - INFO - **********JUDGER**********
你刚刚的推断是2|| 基于你刚刚的推断得出你的最终结论，请输出你认为的卧底，在这种情况下只需要输出编号，是1-4中的某个数字，不要输出其他信息。在这个过程不要进行任何推理，只对||以前的部分进行信息提取
2024-12-13 17:31:44,455 - 2 - INFO - **********PLAYER2**********
2
2024-12-13 17:31:44,456 - 2 - INFO - **********JUDGER**********
你认为卧底是你自己。你现在需要随便选一个人投票。请输出一个数字，是1-4中的某个数字，但这个数字不能是2，不要输出其他信息。
2024-12-13 17:31:45,426 - 2 - INFO - **********PLAYER2**********
1
