2024-12-13 17:26:57,013 - 3 - INFO - **********JUDGER**********
让我们来玩一个叫做<谁是卧底>的推理游戏。基本规则：<人数>：4人。<角色分配>：每位玩家随机抽取一个词语，3名玩家拿到的词语是相同的（平民词），1名玩家拿到与之相近但不同的词语（卧底词）。<游戏流程>：1、玩家轮流描述自己的词语，但<不能>直接说出词语本身。2、描述完毕后，投票选出最像卧底的玩家。3、每轮结束后，被投票选出的玩家出局，不能再进行描述或投票。4、每轮投票结束后，如果卧底被成功找出，平民方获胜；如果卧底未被找出且卧底人数等于或超过平民人数，则卧底方获胜。你将扮演一个<玩家>，请等待你被分配到的关键词。如果你听懂了，只回答，"好的，我准备好参加游戏了"，不要输出别的信息
2024-12-13 17:26:57,495 - 3 - INFO - **********PLAYER3**********
好的，我准备好参加游戏了
2024-12-13 17:27:01,670 - 3 - INFO - **********JUDGER**********
玩家1说：它是一种可以飞行的交通工具，通常由多个座位和机舱组成。它在同类别中特别在于其能够在空中飞行，而不是在地面上行驶。玩家2说：它是一种陆地行驶的交通工具，主要用于日常出行，具备一定的舒适性。与同类交通工具相比，它最突出的不同特征是它的机动性和便捷性，能够在道路上灵活行驶，适应各种路况。玩家3说：玩家4说：|| 你是第3号玩家，你的关键词是<飞机>。你的回答中绝对不能包含你的关键词<飞机>。这是第一轮描述，不需要分析||之前别的玩家的描述，请你描述关键词基本特征，注意，这局游戏的词语分类为<交通工具>，卧底词和平民词都属于该类，描述包括以下两点，1.他的基本特征是什么2.他在该类（交通工具）中最突出不同的特征是什么，尽量简短
2024-12-13 17:27:03,553 - 3 - INFO - **********PLAYER3**********
这是一种用于长距离运输的交通工具，它通过机翼产生升力，使得能够在空中飞行。在同类交通工具中，它最突出的不同特征是它的速度和高度，能够在空中高速飞行，超越地面交通工具的速度限制。
2024-12-13 17:28:06,744 - 3 - INFO - **********JUDGER**********
玩家1说：它是一种可以飞行的交通工具，通常由多个座位和机舱组成。它在同类别中特别在于其能够在空中飞行，而不是在地面上行驶。玩家2说：它是一种陆地行驶的交通工具，主要用于日常出行，具备一定的舒适性。与同类交通工具相比，它最突出的不同特征是它的机动性和便捷性，能够在道路上灵活行驶，适应各种路况。玩家3说：这是一种用于长距离运输的交通工具，它通过机翼产生升力，使得能够在空中飞行。在同类交通工具中，它最突出的不同特征是它的速度和高度，能够在空中高速飞行，超越地面交通工具的速度限制。玩家4说：||在这个游戏中，我们需要通过分析每位玩家的描述来找出卧底。通常，平民的描述会围绕相同的词语展开，而卧底的描述可能会因为词语的不同而显得不太一致。我们需要仔细比较每个描述之间的相似性和差异性，以找出可能的卧底，注意，卧底并不会隐藏自己，他会直接描述他的词语，现在，逐一分析每个玩家的描述，注意，这局游戏的词语分类为<交通工具>，卧底词和平民词都属于该类。这是第一轮描述。
2024-12-13 17:28:17,923 - 3 - INFO - **********PLAYER3**********
好的，根据第一轮描述，我们可以分析如下：

玩家1的描述强调了飞行交通工具的特点，提到了多个座位和机舱，以及空中飞行的独特性。

玩家2的描述则明确指出是一种陆地行驶的交通工具，强调了机动性和便捷性。

玩家3的描述再次提到了飞行交通工具，并强调了速度和高度的优势。

玩家4的描述似乎在解释游戏规则和如何分析描述，并没有提供关于词语的直接信息。

从描述的内容来看，玩家1和玩家3的描述都是关于飞行交通工具，而玩家2的描述是关于陆地行驶的交通工具。玩家4的描述似乎与找出卧底无关，而是提供了分析的方法。

因此，如果我们的词语分类是<交通工具>，且卧底词和平民词都属于该类，那么玩家2可能是卧底，因为他的描述与飞行交通工具的描述不一致，而是描述了一种陆地行驶的交通工具。而玩家1和玩家3的描述虽然都是关于飞行交通工具，但如果没有其他信息，我们无法确定他们中谁是卧底，除非有更多的线索或者描述细节来区分他们。
2024-12-13 17:28:17,926 - 3 - INFO - **********JUDGER**********
你刚刚的分析是好的，根据第一轮描述，我们可以分析如下：

玩家1的描述强调了飞行交通工具的特点，提到了多个座位和机舱，以及空中飞行的独特性。

玩家2的描述则明确指出是一种陆地行驶的交通工具，强调了机动性和便捷性。

玩家3的描述再次提到了飞行交通工具，并强调了速度和高度的优势。

玩家4的描述似乎在解释游戏规则和如何分析描述，并没有提供关于词语的直接信息。

从描述的内容来看，玩家1和玩家3的描述都是关于飞行交通工具，而玩家2的描述是关于陆地行驶的交通工具。玩家4的描述似乎与找出卧底无关，而是提供了分析的方法。

因此，如果我们的词语分类是<交通工具>，且卧底词和平民词都属于该类，那么玩家2可能是卧底，因为他的描述与飞行交通工具的描述不一致，而是描述了一种陆地行驶的交通工具。而玩家1和玩家3的描述虽然都是关于飞行交通工具，但如果没有其他信息，我们无法确定他们中谁是卧底，除非有更多的线索或者描述细节来区分他们。|| `请根据上述分析，比较描述以找出不一致之处，注意，这局游戏的词语分类为<交通工具>，卧底词和平民词都属于该类。
2024-12-13 17:28:34,278 - 3 - INFO - **********PLAYER3**********
根据上述分析，我们可以比较描述以找出不一致之处：

1. 玩家1和玩家3的描述都指向飞行交通工具，强调了空中飞行、多个座位和机舱等特点。他们的描述在飞行交通工具的通用特征上是一致的。

2. 玩家2的描述则指向陆地行驶的交通工具，特别强调了机动性和便捷性，这与飞行交通工具的特点明显不同。

3. 玩家4的描述没有提供关于词语的直接信息，而是解释了游戏规则和分析描述的方法，因此不参与比较。

不一致之处在于玩家2的描述与其他两位玩家关于飞行交通工具的描述不同。由于游戏规则指出卧底词和平民词都属于交通工具类别，玩家2的描述作为唯一一个指向陆地交通工具的描述，很可能是不一致的卧底词。

因此，玩家2的描述与玩家1和玩家3的描述不一致，是这一轮中可能的不一致之处。
2024-12-13 17:28:34,279 - 3 - INFO - **********JUDGER**********
你刚刚的分析是根据上述分析，我们可以比较描述以找出不一致之处：

1. 玩家1和玩家3的描述都指向飞行交通工具，强调了空中飞行、多个座位和机舱等特点。他们的描述在飞行交通工具的通用特征上是一致的。

2. 玩家2的描述则指向陆地行驶的交通工具，特别强调了机动性和便捷性，这与飞行交通工具的特点明显不同。

3. 玩家4的描述没有提供关于词语的直接信息，而是解释了游戏规则和分析描述的方法，因此不参与比较。

不一致之处在于玩家2的描述与其他两位玩家关于飞行交通工具的描述不同。由于游戏规则指出卧底词和平民词都属于交通工具类别，玩家2的描述作为唯一一个指向陆地交通工具的描述，很可能是不一致的卧底词。

因此，玩家2的描述与玩家1和玩家3的描述不一致，是这一轮中可能的不一致之处。|| 请通过你分析的不一致之处，推断卧底身份，注意，这局游戏的词语分类为<交通工具>，卧底词和平民词都属于该类。
2024-12-13 17:28:40,688 - 3 - INFO - **********PLAYER3**********
根据分析中指出的不一致之处，我们可以推断：

- 玩家1和玩家3的描述都指向飞行交通工具，这与飞行相关的描述可能意味着他们的关键词是飞行相关的交通工具，如飞机、直升机等。
- 玩家2的描述指向陆地行驶的交通工具，并强调了机动性和便捷性，这与飞行交通工具的特点明显不同，暗示他的关键词可能是汽车、摩托车等。
- 玩家4的描述没有提供关于词语的直接信息，因此不涉及卧底身份的推断。

由于游戏规则指出卧底词和平民词都属于交通工具类别，且玩家2的描述与飞行交通工具的描述不一致，因此可以推断玩家2是卧底。他的关键词很可能是与陆地行驶的交通工具相关的词语，而不是飞行交通工具。
2024-12-13 17:28:40,690 - 3 - INFO - **********JUDGER**********
你刚刚的推断是根据分析中指出的不一致之处，我们可以推断：

- 玩家1和玩家3的描述都指向飞行交通工具，这与飞行相关的描述可能意味着他们的关键词是飞行相关的交通工具，如飞机、直升机等。
- 玩家2的描述指向陆地行驶的交通工具，并强调了机动性和便捷性，这与飞行交通工具的特点明显不同，暗示他的关键词可能是汽车、摩托车等。
- 玩家4的描述没有提供关于词语的直接信息，因此不涉及卧底身份的推断。

由于游戏规则指出卧底词和平民词都属于交通工具类别，且玩家2的描述与飞行交通工具的描述不一致，因此可以推断玩家2是卧底。他的关键词很可能是与陆地行驶的交通工具相关的词语，而不是飞行交通工具。|| 基于你刚刚的推断得出你的最终结论，请输出你认为的卧底，在这种情况下只需要输出编号，是1-4中的某个数字，不要输出其他信息。在这个过程不要进行任何推理，只对||以前的部分进行信息提取
2024-12-13 17:28:43,746 - 3 - INFO - **********PLAYER3**********
之前的分析表明，玩家2的描述与其他两位玩家的描述不一致，因为玩家2描述的是陆地行驶的交通工具，而玩家1和玩家3描述的是飞行交通工具。根据游戏规则，卧底词和平民词都属于交通工具类别，所以玩家2的描述更可能是卧底词。

因此，在这种情况下，我认为的卧底是：
2
2024-12-13 17:28:43,747 - 3 - WARNING - Invalid vote: 之前的分析表明，玩家2的描述与其他两位玩家的描述不一致，因为玩家2描述的是陆地行驶的交通工具，而玩家1和玩家3描述的是飞行交通工具。根据游戏规则，卧底词和平民词都属于交通工具类别，所以玩家2的描述更可能是卧底词。

因此，在这种情况下，我认为的卧底是：
2. Asking again.
2024-12-13 17:28:43,747 - 3 - INFO - **********JUDGER**********
你刚刚的推断是根据分析中指出的不一致之处，我们可以推断：

- 玩家1和玩家3的描述都指向飞行交通工具，这与飞行相关的描述可能意味着他们的关键词是飞行相关的交通工具，如飞机、直升机等。
- 玩家2的描述指向陆地行驶的交通工具，并强调了机动性和便捷性，这与飞行交通工具的特点明显不同，暗示他的关键词可能是汽车、摩托车等。
- 玩家4的描述没有提供关于词语的直接信息，因此不涉及卧底身份的推断。

由于游戏规则指出卧底词和平民词都属于交通工具类别，且玩家2的描述与飞行交通工具的描述不一致，因此可以推断玩家2是卧底。他的关键词很可能是与陆地行驶的交通工具相关的词语，而不是飞行交通工具。|| 基于你刚刚的推断得出你的最终结论，请输出你认为的卧底，在这种情况下只需要输出编号，是1-4中的某个数字，不要输出其他信息。在这个过程不要进行任何推理，只对||以前的部分进行信息提取
2024-12-13 17:28:44,409 - 3 - INFO - **********PLAYER3**********
2
2024-12-13 17:29:09,371 - 3 - INFO - **********JUDGER**********
玩家1说：它是一种可以飞行的交通工具，通常由多个座位和机舱组成。它在同类别中特别在于其能够在空中飞行，而不是在地面上行驶。这种交通工具拥有高效的推进系统，能够在短距离内迅速加速。它以其远距离飞行能力和稳定的性能在同类交通工具中独树一帜。玩家2说：它是一种陆地行驶的交通工具，主要用于日常出行，具备一定的舒适性。与同类交通工具相比，它最突出的不同特征是它的机动性和便捷性，能够在道路上灵活行驶，适应各种路况。这种交通工具以其坚固的车身和耐用性著称，适用于各种气候和地形条件。它通常配备有先进的导航和通信系统，确保驾驶安全与便利。在同类交通工具中，它以其独立性和自主性为特色，不受公共交通网络限制。玩家3说：这是一种用于长距离运输的交通工具，它通过机翼产生升力，使得能够在空中飞行。在同类交通工具中，它最突出的不同特征是它的速度和高度，能够在空中高速飞行，超越地面交通工具的速度限制。玩家4说：这是一种具有强大动力和流线型设计的交通工具，它的基本特征是能够在空中飞行，不受地面限制。在同类交通工具中，它最突出的不同特征是它的飞行能力和速度。你是第3号玩家，你的关键词是<飞机>。你的回答中绝对不能包含你的关键词<飞机>。这是第二轮描述，你之前的描述是这是一种用于长距离运输的交通工具，它通过机翼产生升力，使得能够在空中飞行。在同类交通工具中，它最突出的不同特征是它的速度和高度，能够在空中高速飞行，超越地面交通工具的速度限制。，注意，这局游戏的词语分类为<交通工具>，卧底词和平民词都属于该类，请你补充关于关键词的描述，注意，你的描述应该比起之前的描述更加贴近关键词，作为之前的补充
2024-12-13 17:29:13,892 - 3 - INFO - **********PLAYER3**********
这种交通工具以其优雅的线条和先进的科技闻名，它能够在短时间内从地面起飞，迅速穿越云层，抵达遥远的目的地。它的设计注重效率和舒适，能够在飞行中提供平稳的乘坐体验。与其他同类交通工具相比，它能够在高空飞行，不受地面环境的限制，这使得它成为长距离、快速旅行的首选。
2024-12-13 17:29:59,945 - 3 - INFO - **********JUDGER**********
玩家1说：它是一种可以飞行的交通工具，通常由多个座位和机舱组成。它在同类别中特别在于其能够在空中飞行，而不是在地面上行驶。这种交通工具拥有高效的推进系统，能够在短距离内迅速加速。它以其远距离飞行能力和稳定的性能在同类交通工具中独树一帜。玩家2说：它是一种陆地行驶的交通工具，主要用于日常出行，具备一定的舒适性。与同类交通工具相比，它最突出的不同特征是它的机动性和便捷性，能够在道路上灵活行驶，适应各种路况。这种交通工具以其坚固的车身和耐用性著称，适用于各种气候和地形条件。它通常配备有先进的导航和通信系统，确保驾驶安全与便利。在同类交通工具中，它以其独立性和自主性为特色，不受公共交通网络限制。玩家3说：这是一种用于长距离运输的交通工具，它通过机翼产生升力，使得能够在空中飞行。在同类交通工具中，它最突出的不同特征是它的速度和高度，能够在空中高速飞行，超越地面交通工具的速度限制。这种交通工具以其优雅的线条和先进的科技闻名，它能够在短时间内从地面起飞，迅速穿越云层，抵达遥远的目的地。它的设计注重效率和舒适，能够在飞行中提供平稳的乘坐体验。与其他同类交通工具相比，它能够在高空飞行，不受地面环境的限制，这使得它成为长距离、快速旅行的首选。玩家4说：这是一种具有强大动力和流线型设计的交通工具，它的基本特征是能够在空中飞行，不受地面限制。在同类交通工具中，它最突出的不同特征是它的飞行能力和速度。||在这个游戏中，我们需要通过分析每位玩家的描述来找出卧底。通常，平民的描述会围绕相同的词语展开，而卧底的描述可能会因为词语的不同而显得不太一致。我们需要仔细比较每个描述之间的相似性和差异性，以找出可能的卧底，注意，卧底并不会隐藏自己，他会直接描述他的词语，现在，逐一分析每个玩家的描述，注意，这局游戏的词语分类为<交通工具>，卧底词和平民词都属于该类。||之前是第2轮描述和之前轮数描述的合集。你之前认为的卧底是玩家2。
2024-12-13 17:30:11,492 - 3 - INFO - **********PLAYER3**********
玩家1和玩家3的描述都强调了飞行交通工具的速度、高度和远距离能力，以及它们在空中飞行的特点。玩家4的描述也提到了飞行能力和速度，但没有提及推进系统或远距离飞行能力。

玩家2的描述则完全不同，他描述的是一种陆地行驶的交通工具，强调了机动性、便捷性、坚固的车身、耐用性，以及不受公共交通网络限制的独立性和自主性。

基于这些描述，玩家2的描述与飞行交通工具的主题不一致，因此我之前的推断是玩家2是卧底。然而，玩家1和玩家3的描述在细节上有所不同，玩家1提到了高效的推进系统和远距离飞行能力，而玩家3没有提到这些。玩家4的描述与玩家1和玩家3的描述相似，但没有提及推进系统。

如果必须在这个基础上做出选择，我会倾向于认为玩家2仍然是卧底，因为他的描述与飞行交通工具的主题完全不符，而玩家1和玩家3的描述虽然相似，但玩家3的描述没有提到关键的特征，使得玩家2的描述显得更加不一致。

因此，我仍然认为玩家2是卧底。
2024-12-13 17:30:11,494 - 3 - INFO - **********JUDGER**********
你刚刚的分析是玩家1和玩家3的描述都强调了飞行交通工具的速度、高度和远距离能力，以及它们在空中飞行的特点。玩家4的描述也提到了飞行能力和速度，但没有提及推进系统或远距离飞行能力。

玩家2的描述则完全不同，他描述的是一种陆地行驶的交通工具，强调了机动性、便捷性、坚固的车身、耐用性，以及不受公共交通网络限制的独立性和自主性。

基于这些描述，玩家2的描述与飞行交通工具的主题不一致，因此我之前的推断是玩家2是卧底。然而，玩家1和玩家3的描述在细节上有所不同，玩家1提到了高效的推进系统和远距离飞行能力，而玩家3没有提到这些。玩家4的描述与玩家1和玩家3的描述相似，但没有提及推进系统。

如果必须在这个基础上做出选择，我会倾向于认为玩家2仍然是卧底，因为他的描述与飞行交通工具的主题完全不符，而玩家1和玩家3的描述虽然相似，但玩家3的描述没有提到关键的特征，使得玩家2的描述显得更加不一致。

因此，我仍然认为玩家2是卧底。|| `请根据上述分析，比较描述以找出不一致之处，注意，这局游戏的词语分类为<交通工具>，卧底词和平民词都属于该类。
2024-12-13 17:30:20,414 - 3 - INFO - **********PLAYER3**********
根据上述分析，我们可以比较描述以找出不一致之处：

1. 玩家1和玩家3的描述都指向飞行交通工具，且都提到了空中飞行、速度、高度和远距离飞行能力。他们的描述在飞行交通工具的通用特征上是一致的。

2. 玩家4的描述也指向飞行交通工具，提到了飞行能力和速度，但没有详细提及推进系统和远距离飞行能力，但与玩家1和玩家3的描述在飞行特征上仍然保持一致。

3. 玩家2的描述则指向陆地行驶的交通工具，强调了机动性、便捷性、坚固的车身、耐用性，以及不受公共交通网络限制的独立性和自主性。这与飞行交通工具的描述完全不同。

不一致之处在于玩家2的描述与飞行交通工具的描述不一致，他描述的是一种陆地行驶的交通工具，而其他玩家的描述都是关于飞行交通工具。这表明玩家2的描述与其他玩家在交通工具类别上存在显著差异，因此玩家2的描述可能是不一致的卧底词。
2024-12-13 17:30:20,417 - 3 - INFO - **********JUDGER**********
你刚刚的分析是根据上述分析，我们可以比较描述以找出不一致之处：

1. 玩家1和玩家3的描述都指向飞行交通工具，且都提到了空中飞行、速度、高度和远距离飞行能力。他们的描述在飞行交通工具的通用特征上是一致的。

2. 玩家4的描述也指向飞行交通工具，提到了飞行能力和速度，但没有详细提及推进系统和远距离飞行能力，但与玩家1和玩家3的描述在飞行特征上仍然保持一致。

3. 玩家2的描述则指向陆地行驶的交通工具，强调了机动性、便捷性、坚固的车身、耐用性，以及不受公共交通网络限制的独立性和自主性。这与飞行交通工具的描述完全不同。

不一致之处在于玩家2的描述与飞行交通工具的描述不一致，他描述的是一种陆地行驶的交通工具，而其他玩家的描述都是关于飞行交通工具。这表明玩家2的描述与其他玩家在交通工具类别上存在显著差异，因此玩家2的描述可能是不一致的卧底词。|| 请通过你分析的不一致之处，推断卧底身份，注意，这局游戏的词语分类为<交通工具>，卧底词和平民词都属于该类。
2024-12-13 17:30:27,945 - 3 - INFO - **********PLAYER3**********
根据上述分析，我们可以得出以下结论：

- 玩家1和玩家3的描述都指向飞行交通工具，且都提到了空中飞行、速度、高度和远距离飞行能力。他们的描述在飞行交通工具的通用特征上是一致的，因此他们的关键词可能是飞行相关的交通工具，如飞机、直升机等。

- 玩家4的描述与玩家1和玩家3的描述相似，也指向飞行交通工具，提到了飞行能力和速度，但没有详细提及推进系统和远距离飞行能力。因此，玩家4的描述也与飞行交通工具相关。

- 玩家2的描述则指向陆地行驶的交通工具，强调了机动性、便捷性、坚固的车身、耐用性，以及不受公共交通网络限制的独立性和自主性。这与飞行交通工具的描述完全不同，因此玩家2的描述很可能是不一致的卧底词。

基于这些分析，玩家2很可能是卧底，他的关键词与飞行交通工具不同，而是指向陆地行驶的交通工具。因此，根据游戏规则，玩家2是卧底。
2024-12-13 17:30:27,950 - 3 - INFO - **********JUDGER**********
你刚刚的推断是根据上述分析，我们可以得出以下结论：

- 玩家1和玩家3的描述都指向飞行交通工具，且都提到了空中飞行、速度、高度和远距离飞行能力。他们的描述在飞行交通工具的通用特征上是一致的，因此他们的关键词可能是飞行相关的交通工具，如飞机、直升机等。

- 玩家4的描述与玩家1和玩家3的描述相似，也指向飞行交通工具，提到了飞行能力和速度，但没有详细提及推进系统和远距离飞行能力。因此，玩家4的描述也与飞行交通工具相关。

- 玩家2的描述则指向陆地行驶的交通工具，强调了机动性、便捷性、坚固的车身、耐用性，以及不受公共交通网络限制的独立性和自主性。这与飞行交通工具的描述完全不同，因此玩家2的描述很可能是不一致的卧底词。

基于这些分析，玩家2很可能是卧底，他的关键词与飞行交通工具不同，而是指向陆地行驶的交通工具。因此，根据游戏规则，玩家2是卧底。|| 基于你刚刚的推断得出你的最终结论，请输出你认为的卧底，在这种情况下只需要输出编号，是1-4中的某个数字，不要输出其他信息。在这个过程不要进行任何推理，只对||以前的部分进行信息提取
2024-12-13 17:30:29,180 - 3 - INFO - **********PLAYER3**********
2
2024-12-13 17:31:01,882 - 3 - INFO - **********JUDGER**********
玩家1说：它是一种可以飞行的交通工具，通常由多个座位和机舱组成。它在同类别中特别在于其能够在空中飞行，而不是在地面上行驶。这种交通工具拥有高效的推进系统，能够在短距离内迅速加速。它以其远距离飞行能力和稳定的性能在同类交通工具中独树一帜。这种交通工具的特点是能够在不同的天气条件下保持飞行，具有出色的气候适应性，并且通常配备有高级的导航和通信设备，以确保安全和精确的路线规划。玩家2说：它是一种陆地行驶的交通工具，主要用于日常出行，具备一定的舒适性。与同类交通工具相比，它最突出的不同特征是它的机动性和便捷性，能够在道路上灵活行驶，适应各种路况。这种交通工具以其坚固的车身和耐用性著称，适用于各种气候和地形条件。它通常配备有先进的导航和通信系统，确保驾驶安全与便利。在同类交通工具中，它以其独立性和自主性为特色，不受公共交通网络限制。这种交通工具以其轻便的设计和灵活的操控性著称，它能够在城市和乡村的道路上轻松穿梭。它通常配备有现代化的安全特性，如防抱死刹车系统和电子稳定程序，以提高行驶的安全性。此外，它的高效能源利用和较低的环境影响使其成为环保出行的首选。玩家3说：这是一种用于长距离运输的交通工具，它通过机翼产生升力，使得能够在空中飞行。在同类交通工具中，它最突出的不同特征是它的速度和高度，能够在空中高速飞行，超越地面交通工具的速度限制。这种交通工具以其优雅的线条和先进的科技闻名，它能够在短时间内从地面起飞，迅速穿越云层，抵达遥远的目的地。它的设计注重效率和舒适，能够在飞行中提供平稳的乘坐体验。与其他同类交通工具相比，它能够在高空飞行，不受地面环境的限制，这使得它成为长距离、快速旅行的首选。玩家4说：这是一种具有强大动力和流线型设计的交通工具，它的基本特征是能够在空中飞行，不受地面限制。在同类交通工具中，它最突出的不同特征是它的飞行能力和速度。这种交通工具以其高速和远程航行的能力著称，它能够在短时间内在空中迅速移动，跨越广阔的地域。它的设计特别注重空气动力学，以确保在飞行中保持高效的推进和稳定的飞行路径。你是第3号玩家，你的关键词是<飞机>。你的回答中绝对不能包含你的关键词<飞机>。这是第三轮描述，你之前的描述是这是一种用于长距离运输的交通工具，它通过机翼产生升力，使得能够在空中飞行。在同类交通工具中，它最突出的不同特征是它的速度和高度，能够在空中高速飞行，超越地面交通工具的速度限制。和这种交通工具以其优雅的线条和先进的科技闻名，它能够在短时间内从地面起飞，迅速穿越云层，抵达遥远的目的地。它的设计注重效率和舒适，能够在飞行中提供平稳的乘坐体验。与其他同类交通工具相比，它能够在高空飞行，不受地面环境的限制，这使得它成为长距离、快速旅行的首选。，注意，这局游戏的词语分类为<交通工具>，卧底词和平民词都属于该类，请你补充关于关键词的描述，注意，你的描述应该比起之前的描述更加贴近关键词，作为之前的补充
2024-12-13 17:31:05,007 - 3 - INFO - **********PLAYER3**********
这种交通工具以其轻巧的结构和高效的动力系统著称，它能够在空中迅速攀升至高空，享受无与伦比的飞行体验。它的性能在同类交通工具中极为出色，能够在恶劣天气条件下保持稳定的飞行，同时提供乘客舒适的乘坐感受。此外，它的高效率使其能够在短时间内覆盖长距离，成为长距离旅行和运输的理想选择。
2024-12-13 17:31:45,426 - 3 - INFO - **********JUDGER**********
玩家1说：它是一种可以飞行的交通工具，通常由多个座位和机舱组成。它在同类别中特别在于其能够在空中飞行，而不是在地面上行驶。这种交通工具拥有高效的推进系统，能够在短距离内迅速加速。它以其远距离飞行能力和稳定的性能在同类交通工具中独树一帜。这种交通工具的特点是能够在不同的天气条件下保持飞行，具有出色的气候适应性，并且通常配备有高级的导航和通信设备，以确保安全和精确的路线规划。玩家2说：它是一种陆地行驶的交通工具，主要用于日常出行，具备一定的舒适性。与同类交通工具相比，它最突出的不同特征是它的机动性和便捷性，能够在道路上灵活行驶，适应各种路况。这种交通工具以其坚固的车身和耐用性著称，适用于各种气候和地形条件。它通常配备有先进的导航和通信系统，确保驾驶安全与便利。在同类交通工具中，它以其独立性和自主性为特色，不受公共交通网络限制。这种交通工具以其轻便的设计和灵活的操控性著称，它能够在城市和乡村的道路上轻松穿梭。它通常配备有现代化的安全特性，如防抱死刹车系统和电子稳定程序，以提高行驶的安全性。此外，它的高效能源利用和较低的环境影响使其成为环保出行的首选。玩家3说：这是一种用于长距离运输的交通工具，它通过机翼产生升力，使得能够在空中飞行。在同类交通工具中，它最突出的不同特征是它的速度和高度，能够在空中高速飞行，超越地面交通工具的速度限制。这种交通工具以其优雅的线条和先进的科技闻名，它能够在短时间内从地面起飞，迅速穿越云层，抵达遥远的目的地。它的设计注重效率和舒适，能够在飞行中提供平稳的乘坐体验。与其他同类交通工具相比，它能够在高空飞行，不受地面环境的限制，这使得它成为长距离、快速旅行的首选。这种交通工具以其轻巧的结构和高效的动力系统著称，它能够在空中迅速攀升至高空，享受无与伦比的飞行体验。它的性能在同类交通工具中极为出色，能够在恶劣天气条件下保持稳定的飞行，同时提供乘客舒适的乘坐感受。此外，它的高效率使其能够在短时间内覆盖长距离，成为长距离旅行和运输的理想选择。玩家4说：这是一种具有强大动力和流线型设计的交通工具，它的基本特征是能够在空中飞行，不受地面限制。在同类交通工具中，它最突出的不同特征是它的飞行能力和速度。这种交通工具以其高速和远程航行的能力著称，它能够在短时间内在空中迅速移动，跨越广阔的地域。它的设计特别注重空气动力学，以确保在飞行中保持高效的推进和稳定的飞行路径。这种交通工具以其卓越的飞行效率和远程覆盖能力闻名，它能够在短时间内穿越长距离，连接世界的各个角落。其设计强调轻便性和高效性，能够在不同的气候条件下保持出色的飞行性能。||在这个游戏中，我们需要通过分析每位玩家的描述来找出卧底。通常，平民的描述会围绕相同的词语展开，而卧底的描述可能会因为词语的不同而显得不太一致。我们需要仔细比较每个描述之间的相似性和差异性，以找出可能的卧底，注意，卧底并不会隐藏自己，他会直接描述他的词语，现在，逐一分析每个玩家的描述，注意，这局游戏的词语分类为<交通工具>，卧底词和平民词都属于该类。||之前是第3轮描述和之前轮数描述的合集。你之前认为的卧底是玩家2。
2024-12-13 17:31:54,674 - 3 - INFO - **********PLAYER3**********
根据第三轮描述和之前的描述的合集，我们可以进行以下分析：

- 玩家1的描述强调了飞行交通工具的远距离飞行能力、稳定的性能、气候适应性和高级的导航通信设备。

- 玩家2的描述提到了陆地行驶的交通工具，强调了机动性、便捷性、坚固的车身、耐用性、独立性和自主性，以及环保特性。

- 玩家3的描述与玩家1相似，再次强调了飞行交通工具的速度、高度、优雅线条、先进科技、轻巧结构、高效动力系统，以及恶劣天气条件下的稳定飞行。

- 玩家4的描述也强调了飞行交通工具的强大动力、流线型设计、飞行能力、速度、远程航行能力、空气动力学和轻便性。

玩家2的描述与其他玩家的描述在交通工具类别上存在显著差异，因为他描述的是陆地行驶的交通工具，而其他玩家描述的是飞行交通工具。因此，基于这些描述，玩家2的描述仍然与飞行交通工具的主题不一致，他可能是卧底。

所以，根据上述分析，我仍然认为玩家2是卧底。
2024-12-13 17:31:54,677 - 3 - INFO - **********JUDGER**********
你刚刚的分析是根据第三轮描述和之前的描述的合集，我们可以进行以下分析：

- 玩家1的描述强调了飞行交通工具的远距离飞行能力、稳定的性能、气候适应性和高级的导航通信设备。

- 玩家2的描述提到了陆地行驶的交通工具，强调了机动性、便捷性、坚固的车身、耐用性、独立性和自主性，以及环保特性。

- 玩家3的描述与玩家1相似，再次强调了飞行交通工具的速度、高度、优雅线条、先进科技、轻巧结构、高效动力系统，以及恶劣天气条件下的稳定飞行。

- 玩家4的描述也强调了飞行交通工具的强大动力、流线型设计、飞行能力、速度、远程航行能力、空气动力学和轻便性。

玩家2的描述与其他玩家的描述在交通工具类别上存在显著差异，因为他描述的是陆地行驶的交通工具，而其他玩家描述的是飞行交通工具。因此，基于这些描述，玩家2的描述仍然与飞行交通工具的主题不一致，他可能是卧底。

所以，根据上述分析，我仍然认为玩家2是卧底。|| `请根据上述分析，比较描述以找出不一致之处，注意，这局游戏的词语分类为<交通工具>，卧底词和平民词都属于该类。
2024-12-13 17:32:00,484 - 3 - INFO - **********PLAYER3**********
根据上述分析，不一致之处如下：

- 玩家1、玩家3和玩家4的描述都集中在飞行交通工具上，强调了其飞行能力、速度、性能、设计和适应不同气候的能力。

- 玩家2的描述则专注于陆地行驶的交通工具，提到了机动性、便捷性、坚固的车身、耐用性、独立性和自主性，以及环保特性。

不一致之处在于玩家2的描述与飞行交通工具的主题不一致，他描述的是一种陆地行驶的交通工具，而其他玩家描述的是飞行交通工具。这表明玩家2的描述在交通工具类别上与其他玩家存在显著差异，因此玩家2的描述可能是不一致的卧底词。
2024-12-13 17:32:00,485 - 3 - INFO - **********JUDGER**********
你刚刚的分析是根据上述分析，不一致之处如下：

- 玩家1、玩家3和玩家4的描述都集中在飞行交通工具上，强调了其飞行能力、速度、性能、设计和适应不同气候的能力。

- 玩家2的描述则专注于陆地行驶的交通工具，提到了机动性、便捷性、坚固的车身、耐用性、独立性和自主性，以及环保特性。

不一致之处在于玩家2的描述与飞行交通工具的主题不一致，他描述的是一种陆地行驶的交通工具，而其他玩家描述的是飞行交通工具。这表明玩家2的描述在交通工具类别上与其他玩家存在显著差异，因此玩家2的描述可能是不一致的卧底词。|| 请通过你分析的不一致之处，推断卧底身份，注意，这局游戏的词语分类为<交通工具>，卧底词和平民词都属于该类。
2024-12-13 17:32:03,379 - 3 - INFO - **********PLAYER3**********
根据分析的不一致之处，可以推断卧底身份是玩家2。他的描述与飞行交通工具的主题不一致，而是描述了陆地行驶的交通工具，这与其他玩家描述的飞行交通工具存在显著差异。因此，玩家2很可能是卧底。
2024-12-13 17:32:03,380 - 3 - INFO - **********JUDGER**********
你刚刚的推断是根据分析的不一致之处，可以推断卧底身份是玩家2。他的描述与飞行交通工具的主题不一致，而是描述了陆地行驶的交通工具，这与其他玩家描述的飞行交通工具存在显著差异。因此，玩家2很可能是卧底。|| 基于你刚刚的推断得出你的最终结论，请输出你认为的卧底，在这种情况下只需要输出编号，是1-4中的某个数字，不要输出其他信息。在这个过程不要进行任何推理，只对||以前的部分进行信息提取
2024-12-13 17:32:04,784 - 3 - INFO - **********PLAYER3**********
2
