2024-12-13 17:26:57,989 - 4 - INFO - **********JUDGER**********
让我们来玩一个叫做<谁是卧底>的推理游戏。基本规则：<人数>：4人。<角色分配>：每位玩家随机抽取一个词语，3名玩家拿到的词语是相同的（平民词），1名玩家拿到与之相近但不同的词语（卧底词）。<游戏流程>：1、玩家轮流描述自己的词语，但<不能>直接说出词语本身。2、描述完毕后，投票选出最像卧底的玩家。3、每轮结束后，被投票选出的玩家出局，不能再进行描述或投票。4、每轮投票结束后，如果卧底被成功找出，平民方获胜；如果卧底未被找出且卧底人数等于或超过平民人数，则卧底方获胜。你将扮演一个<玩家>，请等待你被分配到的关键词。如果你听懂了，只回答，"好的，我准备好参加游戏了"，不要输出别的信息
2024-12-13 17:26:58,665 - 4 - INFO - **********PLAYER4**********
好的，我准备好参加游戏了
2024-12-13 17:27:03,554 - 4 - INFO - **********JUDGER**********
玩家1说：它是一种可以飞行的交通工具，通常由多个座位和机舱组成。它在同类别中特别在于其能够在空中飞行，而不是在地面上行驶。玩家2说：它是一种陆地行驶的交通工具，主要用于日常出行，具备一定的舒适性。与同类交通工具相比，它最突出的不同特征是它的机动性和便捷性，能够在道路上灵活行驶，适应各种路况。玩家3说：这是一种用于长距离运输的交通工具，它通过机翼产生升力，使得能够在空中飞行。在同类交通工具中，它最突出的不同特征是它的速度和高度，能够在空中高速飞行，超越地面交通工具的速度限制。玩家4说：|| 你是第4号玩家，你的关键词是<飞机>。你的回答中绝对不能包含你的关键词<飞机>。这是第一轮描述，不需要分析||之前别的玩家的描述，请你描述关键词基本特征，注意，这局游戏的词语分类为<交通工具>，卧底词和平民词都属于该类，描述包括以下两点，1.他的基本特征是什么2.他在该类（交通工具）中最突出不同的特征是什么，尽量简短
2024-12-13 17:27:05,166 - 4 - INFO - **********PLAYER4**********
这是一种具有强大动力和流线型设计的交通工具，它的基本特征是能够在空中飞行，不受地面限制。在同类交通工具中，它最突出的不同特征是它的飞行能力和速度。
2024-12-13 17:28:44,411 - 4 - INFO - **********JUDGER**********
玩家1说：它是一种可以飞行的交通工具，通常由多个座位和机舱组成。它在同类别中特别在于其能够在空中飞行，而不是在地面上行驶。玩家2说：它是一种陆地行驶的交通工具，主要用于日常出行，具备一定的舒适性。与同类交通工具相比，它最突出的不同特征是它的机动性和便捷性，能够在道路上灵活行驶，适应各种路况。玩家3说：这是一种用于长距离运输的交通工具，它通过机翼产生升力，使得能够在空中飞行。在同类交通工具中，它最突出的不同特征是它的速度和高度，能够在空中高速飞行，超越地面交通工具的速度限制。玩家4说：||在这个游戏中，我们需要通过分析每位玩家的描述来找出卧底。通常，平民的描述会围绕相同的词语展开，而卧底的描述可能会因为词语的不同而显得不太一致。我们需要仔细比较每个描述之间的相似性和差异性，以找出可能的卧底，注意，卧底并不会隐藏自己，他会直接描述他的词语，现在，逐一分析每个玩家的描述，注意，这局游戏的词语分类为<交通工具>，卧底词和平民词都属于该类。这是第一轮描述。
2024-12-13 17:28:49,333 - 4 - INFO - **********PLAYER4**********
根据玩家1、玩家3和玩家4的描述，他们都在谈论能够在空中飞行的交通工具，这与飞机的典型特征相符。然而，玩家2的描述集中在陆地行驶的交通工具，强调了机动性和便捷性，这与飞机的特征不符。

因此，玩家2的描述可能是卧底，因为他的描述与飞机的特征不一致，而是更接近于另一种交通工具，比如汽车。为了确认这一点，我们需要在下一轮中观察玩家2的描述是否继续偏离飞机的特征。
2024-12-13 17:28:49,335 - 4 - INFO - **********JUDGER**********
你刚刚的分析是根据玩家1、玩家3和玩家4的描述，他们都在谈论能够在空中飞行的交通工具，这与飞机的典型特征相符。然而，玩家2的描述集中在陆地行驶的交通工具，强调了机动性和便捷性，这与飞机的特征不符。

因此，玩家2的描述可能是卧底，因为他的描述与飞机的特征不一致，而是更接近于另一种交通工具，比如汽车。为了确认这一点，我们需要在下一轮中观察玩家2的描述是否继续偏离飞机的特征。|| `请根据上述分析，比较描述以找出不一致之处，注意，这局游戏的词语分类为<交通工具>，卧底词和平民词都属于该类。
2024-12-13 17:28:57,050 - 4 - INFO - **********PLAYER4**********
根据上述分析，我们可以比较描述中的一致性和不一致性如下：

- 玩家1、玩家3和玩家4的描述都强调了交通工具的飞行能力，这与飞机的基本特征一致。
- 玩家2的描述则集中在陆地行驶的交通工具，并强调了机动性和便捷性，这与飞机的飞行特征不符，反而更像是汽车或其他地面交通工具的特征。

不一致之处在于：
- 玩家2的描述与飞机的飞行特征不一致，而是描述了地面交通工具的特性。
- 玩家1、玩家3和玩家4的描述都在描述飞行交通工具，尽管他们可能从不同的角度（如机舱、速度、高度等）进行描述，但都集中在飞行这一核心特征上。

因此，玩家2的描述与飞机的特征不一致，可能是卧底。
2024-12-13 17:28:57,052 - 4 - INFO - **********JUDGER**********
你刚刚的分析是根据上述分析，我们可以比较描述中的一致性和不一致性如下：

- 玩家1、玩家3和玩家4的描述都强调了交通工具的飞行能力，这与飞机的基本特征一致。
- 玩家2的描述则集中在陆地行驶的交通工具，并强调了机动性和便捷性，这与飞机的飞行特征不符，反而更像是汽车或其他地面交通工具的特征。

不一致之处在于：
- 玩家2的描述与飞机的飞行特征不一致，而是描述了地面交通工具的特性。
- 玩家1、玩家3和玩家4的描述都在描述飞行交通工具，尽管他们可能从不同的角度（如机舱、速度、高度等）进行描述，但都集中在飞行这一核心特征上。

因此，玩家2的描述与飞机的特征不一致，可能是卧底。|| 请通过你分析的不一致之处，推断卧底身份，注意，这局游戏的词语分类为<交通工具>，卧底词和平民词都属于该类。
2024-12-13 17:29:02,766 - 4 - INFO - **********PLAYER4**********
根据分析中指出的不一致之处，玩家2的描述与飞机的飞行特征不符，而是描述了陆地行驶的交通工具，如汽车。因此，可以推断玩家2的卧底身份可能是与汽车相关的词语，例如“汽车”。这是因为汽车是典型的地面交通工具，与飞机的空中飞行特性形成鲜明对比，而玩家1、玩家3和玩家4的描述都集中在飞行交通工具上，与飞机的特征相符。
2024-12-13 17:29:02,766 - 4 - INFO - **********JUDGER**********
你刚刚的推断是根据分析中指出的不一致之处，玩家2的描述与飞机的飞行特征不符，而是描述了陆地行驶的交通工具，如汽车。因此，可以推断玩家2的卧底身份可能是与汽车相关的词语，例如“汽车”。这是因为汽车是典型的地面交通工具，与飞机的空中飞行特性形成鲜明对比，而玩家1、玩家3和玩家4的描述都集中在飞行交通工具上，与飞机的特征相符。|| 基于你刚刚的推断得出你的最终结论，请输出你认为的卧底，在这种情况下只需要输出编号，是1-4中的某个数字，不要输出其他信息。在这个过程不要进行任何推理，只对||以前的部分进行信息提取
2024-12-13 17:29:03,687 - 4 - INFO - **********PLAYER4**********
2
2024-12-13 17:29:13,894 - 4 - INFO - **********JUDGER**********
玩家1说：它是一种可以飞行的交通工具，通常由多个座位和机舱组成。它在同类别中特别在于其能够在空中飞行，而不是在地面上行驶。这种交通工具拥有高效的推进系统，能够在短距离内迅速加速。它以其远距离飞行能力和稳定的性能在同类交通工具中独树一帜。玩家2说：它是一种陆地行驶的交通工具，主要用于日常出行，具备一定的舒适性。与同类交通工具相比，它最突出的不同特征是它的机动性和便捷性，能够在道路上灵活行驶，适应各种路况。这种交通工具以其坚固的车身和耐用性著称，适用于各种气候和地形条件。它通常配备有先进的导航和通信系统，确保驾驶安全与便利。在同类交通工具中，它以其独立性和自主性为特色，不受公共交通网络限制。玩家3说：这是一种用于长距离运输的交通工具，它通过机翼产生升力，使得能够在空中飞行。在同类交通工具中，它最突出的不同特征是它的速度和高度，能够在空中高速飞行，超越地面交通工具的速度限制。这种交通工具以其优雅的线条和先进的科技闻名，它能够在短时间内从地面起飞，迅速穿越云层，抵达遥远的目的地。它的设计注重效率和舒适，能够在飞行中提供平稳的乘坐体验。与其他同类交通工具相比，它能够在高空飞行，不受地面环境的限制，这使得它成为长距离、快速旅行的首选。玩家4说：这是一种具有强大动力和流线型设计的交通工具，它的基本特征是能够在空中飞行，不受地面限制。在同类交通工具中，它最突出的不同特征是它的飞行能力和速度。你是第4号玩家，你的关键词是<飞机>。你的回答中绝对不能包含你的关键词<飞机>。这是第二轮描述，你之前的描述是这是一种具有强大动力和流线型设计的交通工具，它的基本特征是能够在空中飞行，不受地面限制。在同类交通工具中，它最突出的不同特征是它的飞行能力和速度。，注意，这局游戏的词语分类为<交通工具>，卧底词和平民词都属于该类，请你补充关于关键词的描述，注意，你的描述应该比起之前的描述更加贴近关键词，作为之前的补充
2024-12-13 17:29:16,371 - 4 - INFO - **********PLAYER4**********
这种交通工具以其高速和远程航行的能力著称，它能够在短时间内在空中迅速移动，跨越广阔的地域。它的设计特别注重空气动力学，以确保在飞行中保持高效的推进和稳定的飞行路径。
2024-12-13 17:30:29,181 - 4 - INFO - **********JUDGER**********
玩家1说：它是一种可以飞行的交通工具，通常由多个座位和机舱组成。它在同类别中特别在于其能够在空中飞行，而不是在地面上行驶。这种交通工具拥有高效的推进系统，能够在短距离内迅速加速。它以其远距离飞行能力和稳定的性能在同类交通工具中独树一帜。玩家2说：它是一种陆地行驶的交通工具，主要用于日常出行，具备一定的舒适性。与同类交通工具相比，它最突出的不同特征是它的机动性和便捷性，能够在道路上灵活行驶，适应各种路况。这种交通工具以其坚固的车身和耐用性著称，适用于各种气候和地形条件。它通常配备有先进的导航和通信系统，确保驾驶安全与便利。在同类交通工具中，它以其独立性和自主性为特色，不受公共交通网络限制。玩家3说：这是一种用于长距离运输的交通工具，它通过机翼产生升力，使得能够在空中飞行。在同类交通工具中，它最突出的不同特征是它的速度和高度，能够在空中高速飞行，超越地面交通工具的速度限制。这种交通工具以其优雅的线条和先进的科技闻名，它能够在短时间内从地面起飞，迅速穿越云层，抵达遥远的目的地。它的设计注重效率和舒适，能够在飞行中提供平稳的乘坐体验。与其他同类交通工具相比，它能够在高空飞行，不受地面环境的限制，这使得它成为长距离、快速旅行的首选。玩家4说：这是一种具有强大动力和流线型设计的交通工具，它的基本特征是能够在空中飞行，不受地面限制。在同类交通工具中，它最突出的不同特征是它的飞行能力和速度。||在这个游戏中，我们需要通过分析每位玩家的描述来找出卧底。通常，平民的描述会围绕相同的词语展开，而卧底的描述可能会因为词语的不同而显得不太一致。我们需要仔细比较每个描述之间的相似性和差异性，以找出可能的卧底，注意，卧底并不会隐藏自己，他会直接描述他的词语，现在，逐一分析每个玩家的描述，注意，这局游戏的词语分类为<交通工具>，卧底词和平民词都属于该类。||之前是第2轮描述和之前轮数描述的合集。你之前认为的卧底是玩家2。
2024-12-13 17:30:38,512 - 4 - INFO - **********PLAYER4**********
根据玩家1、玩家3和玩家4的描述，他们都提到了交通工具的飞行能力、高效的推进系统、远距离飞行能力、速度和高度等特征，这些都与飞机的特征相符。玩家2的描述则集中在陆地行驶的交通工具，强调了机动性、便捷性、坚固的车身、耐用性以及独立性和自主性，这些特征更像是汽车。

虽然之前的分析认为玩家2可能是卧底，但根据第二轮描述，玩家2的描述仍然与汽车的特征相符，而玩家1、玩家3和玩家4的描述更加集中在飞行交通工具上。因此，玩家2的描述在这轮中并没有显示出与飞机特征的不一致。

在这种情况下，如果之前推断玩家2是卧底是基于第一轮描述，那么在第二轮描述中，玩家2的描述仍然支持这一推断。但如果玩家2的描述在第一轮中就已经显示出与飞机特征的不一致，那么第二轮描述的相似性可能会减弱这一推断。

综合考虑，玩家2的描述在这两轮中都没有明确地显示出与飞机特征的不一致，因此，如果必须根据现有的描述来选择卧底，玩家2仍然是一个可能的候选者。然而，由于所有其他玩家的描述都指向飞机，玩家2的描述与飞机特征的不一致性在这两轮描述中并没有得到加强，因此，玩家2仍然可能是卧底。
2024-12-13 17:30:38,514 - 4 - INFO - **********JUDGER**********
你刚刚的分析是根据玩家1、玩家3和玩家4的描述，他们都提到了交通工具的飞行能力、高效的推进系统、远距离飞行能力、速度和高度等特征，这些都与飞机的特征相符。玩家2的描述则集中在陆地行驶的交通工具，强调了机动性、便捷性、坚固的车身、耐用性以及独立性和自主性，这些特征更像是汽车。

虽然之前的分析认为玩家2可能是卧底，但根据第二轮描述，玩家2的描述仍然与汽车的特征相符，而玩家1、玩家3和玩家4的描述更加集中在飞行交通工具上。因此，玩家2的描述在这轮中并没有显示出与飞机特征的不一致。

在这种情况下，如果之前推断玩家2是卧底是基于第一轮描述，那么在第二轮描述中，玩家2的描述仍然支持这一推断。但如果玩家2的描述在第一轮中就已经显示出与飞机特征的不一致，那么第二轮描述的相似性可能会减弱这一推断。

综合考虑，玩家2的描述在这两轮中都没有明确地显示出与飞机特征的不一致，因此，如果必须根据现有的描述来选择卧底，玩家2仍然是一个可能的候选者。然而，由于所有其他玩家的描述都指向飞机，玩家2的描述与飞机特征的不一致性在这两轮描述中并没有得到加强，因此，玩家2仍然可能是卧底。|| `请根据上述分析，比较描述以找出不一致之处，注意，这局游戏的词语分类为<交通工具>，卧底词和平民词都属于该类。
2024-12-13 17:30:53,427 - 4 - INFO - **********PLAYER4**********
在比较描述以找出不一致之处时，我们可以注意到以下几点：

- 玩家1、玩家3和玩家4的描述都集中在空中飞行的交通工具上，强调了飞行能力、推进系统、远距离飞行、速度和高度等特征。
- 玩家2的描述则集中在陆地行驶的交通工具上，强调了机动性、便捷性、坚固的车身、耐用性、导航和通信系统以及独立性和自主性。

不一致之处在于：

- 玩家2的描述没有提到飞行能力，而是描述了地面行驶的交通工具。
- 玩家2的描述中提到的特征（如导航和通信系统、独立性和自主性）并不是飞机特有的，而是许多现代交通工具都具备的通用特性。
- 玩家2的描述中提到的“坚固的车身和耐用性”以及“适应各种气候和地形条件”也不是飞机独有的特征，这些特征在汽车、火车等其他交通工具上也很常见。

因此，不一致之处在于玩家2的描述与空中飞行的交通工具（如飞机）的特征不符，而是更符合陆地行驶的交通工具（如汽车）的特征。
2024-12-13 17:30:53,428 - 4 - INFO - **********JUDGER**********
你刚刚的分析是在比较描述以找出不一致之处时，我们可以注意到以下几点：

- 玩家1、玩家3和玩家4的描述都集中在空中飞行的交通工具上，强调了飞行能力、推进系统、远距离飞行、速度和高度等特征。
- 玩家2的描述则集中在陆地行驶的交通工具上，强调了机动性、便捷性、坚固的车身、耐用性、导航和通信系统以及独立性和自主性。

不一致之处在于：

- 玩家2的描述没有提到飞行能力，而是描述了地面行驶的交通工具。
- 玩家2的描述中提到的特征（如导航和通信系统、独立性和自主性）并不是飞机特有的，而是许多现代交通工具都具备的通用特性。
- 玩家2的描述中提到的“坚固的车身和耐用性”以及“适应各种气候和地形条件”也不是飞机独有的特征，这些特征在汽车、火车等其他交通工具上也很常见。

因此，不一致之处在于玩家2的描述与空中飞行的交通工具（如飞机）的特征不符，而是更符合陆地行驶的交通工具（如汽车）的特征。|| 请通过你分析的不一致之处，推断卧底身份，注意，这局游戏的词语分类为<交通工具>，卧底词和平民词都属于该类。
2024-12-13 17:30:56,112 - 4 - INFO - **********PLAYER4**********
根据分析中指出的不一致之处，玩家2的描述与空中飞行的交通工具（如飞机）的特征不符，而是更符合陆地行驶的交通工具（如汽车）的特征。因此，可以推断玩家2的卧底身份可能是与汽车相关的词语，例如“汽车”。
2024-12-13 17:30:56,113 - 4 - INFO - **********JUDGER**********
你刚刚的推断是根据分析中指出的不一致之处，玩家2的描述与空中飞行的交通工具（如飞机）的特征不符，而是更符合陆地行驶的交通工具（如汽车）的特征。因此，可以推断玩家2的卧底身份可能是与汽车相关的词语，例如“汽车”。|| 基于你刚刚的推断得出你的最终结论，请输出你认为的卧底，在这种情况下只需要输出编号，是1-4中的某个数字，不要输出其他信息。在这个过程不要进行任何推理，只对||以前的部分进行信息提取
2024-12-13 17:30:56,917 - 4 - INFO - **********PLAYER4**********
2
2024-12-13 17:31:05,007 - 4 - INFO - **********JUDGER**********
玩家1说：它是一种可以飞行的交通工具，通常由多个座位和机舱组成。它在同类别中特别在于其能够在空中飞行，而不是在地面上行驶。这种交通工具拥有高效的推进系统，能够在短距离内迅速加速。它以其远距离飞行能力和稳定的性能在同类交通工具中独树一帜。这种交通工具的特点是能够在不同的天气条件下保持飞行，具有出色的气候适应性，并且通常配备有高级的导航和通信设备，以确保安全和精确的路线规划。玩家2说：它是一种陆地行驶的交通工具，主要用于日常出行，具备一定的舒适性。与同类交通工具相比，它最突出的不同特征是它的机动性和便捷性，能够在道路上灵活行驶，适应各种路况。这种交通工具以其坚固的车身和耐用性著称，适用于各种气候和地形条件。它通常配备有先进的导航和通信系统，确保驾驶安全与便利。在同类交通工具中，它以其独立性和自主性为特色，不受公共交通网络限制。这种交通工具以其轻便的设计和灵活的操控性著称，它能够在城市和乡村的道路上轻松穿梭。它通常配备有现代化的安全特性，如防抱死刹车系统和电子稳定程序，以提高行驶的安全性。此外，它的高效能源利用和较低的环境影响使其成为环保出行的首选。玩家3说：这是一种用于长距离运输的交通工具，它通过机翼产生升力，使得能够在空中飞行。在同类交通工具中，它最突出的不同特征是它的速度和高度，能够在空中高速飞行，超越地面交通工具的速度限制。这种交通工具以其优雅的线条和先进的科技闻名，它能够在短时间内从地面起飞，迅速穿越云层，抵达遥远的目的地。它的设计注重效率和舒适，能够在飞行中提供平稳的乘坐体验。与其他同类交通工具相比，它能够在高空飞行，不受地面环境的限制，这使得它成为长距离、快速旅行的首选。这种交通工具以其轻巧的结构和高效的动力系统著称，它能够在空中迅速攀升至高空，享受无与伦比的飞行体验。它的性能在同类交通工具中极为出色，能够在恶劣天气条件下保持稳定的飞行，同时提供乘客舒适的乘坐感受。此外，它的高效率使其能够在短时间内覆盖长距离，成为长距离旅行和运输的理想选择。玩家4说：这是一种具有强大动力和流线型设计的交通工具，它的基本特征是能够在空中飞行，不受地面限制。在同类交通工具中，它最突出的不同特征是它的飞行能力和速度。这种交通工具以其高速和远程航行的能力著称，它能够在短时间内在空中迅速移动，跨越广阔的地域。它的设计特别注重空气动力学，以确保在飞行中保持高效的推进和稳定的飞行路径。你是第4号玩家，你的关键词是<飞机>。你的回答中绝对不能包含你的关键词<飞机>。这是第三轮描述，你之前的描述是这是一种具有强大动力和流线型设计的交通工具，它的基本特征是能够在空中飞行，不受地面限制。在同类交通工具中，它最突出的不同特征是它的飞行能力和速度。和这种交通工具以其高速和远程航行的能力著称，它能够在短时间内在空中迅速移动，跨越广阔的地域。它的设计特别注重空气动力学，以确保在飞行中保持高效的推进和稳定的飞行路径。，注意，这局游戏的词语分类为<交通工具>，卧底词和平民词都属于该类，请你补充关于关键词的描述，注意，你的描述应该比起之前的描述更加贴近关键词，作为之前的补充
2024-12-13 17:31:08,237 - 4 - INFO - **********PLAYER4**********
这种交通工具以其卓越的飞行效率和远程覆盖能力闻名，它能够在短时间内穿越长距离，连接世界的各个角落。其设计强调轻便性和高效性，能够在不同的气候条件下保持出色的飞行性能。
2024-12-13 17:32:04,785 - 4 - INFO - **********JUDGER**********
玩家1说：它是一种可以飞行的交通工具，通常由多个座位和机舱组成。它在同类别中特别在于其能够在空中飞行，而不是在地面上行驶。这种交通工具拥有高效的推进系统，能够在短距离内迅速加速。它以其远距离飞行能力和稳定的性能在同类交通工具中独树一帜。这种交通工具的特点是能够在不同的天气条件下保持飞行，具有出色的气候适应性，并且通常配备有高级的导航和通信设备，以确保安全和精确的路线规划。玩家2说：它是一种陆地行驶的交通工具，主要用于日常出行，具备一定的舒适性。与同类交通工具相比，它最突出的不同特征是它的机动性和便捷性，能够在道路上灵活行驶，适应各种路况。这种交通工具以其坚固的车身和耐用性著称，适用于各种气候和地形条件。它通常配备有先进的导航和通信系统，确保驾驶安全与便利。在同类交通工具中，它以其独立性和自主性为特色，不受公共交通网络限制。这种交通工具以其轻便的设计和灵活的操控性著称，它能够在城市和乡村的道路上轻松穿梭。它通常配备有现代化的安全特性，如防抱死刹车系统和电子稳定程序，以提高行驶的安全性。此外，它的高效能源利用和较低的环境影响使其成为环保出行的首选。玩家3说：这是一种用于长距离运输的交通工具，它通过机翼产生升力，使得能够在空中飞行。在同类交通工具中，它最突出的不同特征是它的速度和高度，能够在空中高速飞行，超越地面交通工具的速度限制。这种交通工具以其优雅的线条和先进的科技闻名，它能够在短时间内从地面起飞，迅速穿越云层，抵达遥远的目的地。它的设计注重效率和舒适，能够在飞行中提供平稳的乘坐体验。与其他同类交通工具相比，它能够在高空飞行，不受地面环境的限制，这使得它成为长距离、快速旅行的首选。这种交通工具以其轻巧的结构和高效的动力系统著称，它能够在空中迅速攀升至高空，享受无与伦比的飞行体验。它的性能在同类交通工具中极为出色，能够在恶劣天气条件下保持稳定的飞行，同时提供乘客舒适的乘坐感受。此外，它的高效率使其能够在短时间内覆盖长距离，成为长距离旅行和运输的理想选择。玩家4说：这是一种具有强大动力和流线型设计的交通工具，它的基本特征是能够在空中飞行，不受地面限制。在同类交通工具中，它最突出的不同特征是它的飞行能力和速度。这种交通工具以其高速和远程航行的能力著称，它能够在短时间内在空中迅速移动，跨越广阔的地域。它的设计特别注重空气动力学，以确保在飞行中保持高效的推进和稳定的飞行路径。这种交通工具以其卓越的飞行效率和远程覆盖能力闻名，它能够在短时间内穿越长距离，连接世界的各个角落。其设计强调轻便性和高效性，能够在不同的气候条件下保持出色的飞行性能。||在这个游戏中，我们需要通过分析每位玩家的描述来找出卧底。通常，平民的描述会围绕相同的词语展开，而卧底的描述可能会因为词语的不同而显得不太一致。我们需要仔细比较每个描述之间的相似性和差异性，以找出可能的卧底，注意，卧底并不会隐藏自己，他会直接描述他的词语，现在，逐一分析每个玩家的描述，注意，这局游戏的词语分类为<交通工具>，卧底词和平民词都属于该类。||之前是第3轮描述和之前轮数描述的合集。你之前认为的卧底是玩家2。
2024-12-13 17:32:14,976 - 4 - INFO - **********PLAYER4**********
根据玩家1、玩家3和玩家4的描述，他们都提到了交通工具的飞行能力、推进系统、远距离飞行、速度、气候适应性和导航通信设备等特征，这些都与飞机的特征相符。

玩家2的描述则集中在陆地行驶的交通工具上，强调了机动性、便捷性、坚固的车身、耐用性、独立性和自主性，以及环保和安全性。这些特征更符合汽车，而不是飞机。

因此，玩家2的描述与飞机的特征不一致，而是更接近于另一种交通工具，即汽车。这加强了之前推断玩家2可能是卧底的结论。玩家2的描述在这轮中仍然没有显示出与飞机特征的不一致，反而与汽车的特性更加吻合。

综上所述，基于现有的描述，玩家2的卧底身份仍然是一个合理的推断。
2024-12-13 17:32:14,978 - 4 - INFO - **********JUDGER**********
你刚刚的分析是根据玩家1、玩家3和玩家4的描述，他们都提到了交通工具的飞行能力、推进系统、远距离飞行、速度、气候适应性和导航通信设备等特征，这些都与飞机的特征相符。

玩家2的描述则集中在陆地行驶的交通工具上，强调了机动性、便捷性、坚固的车身、耐用性、独立性和自主性，以及环保和安全性。这些特征更符合汽车，而不是飞机。

因此，玩家2的描述与飞机的特征不一致，而是更接近于另一种交通工具，即汽车。这加强了之前推断玩家2可能是卧底的结论。玩家2的描述在这轮中仍然没有显示出与飞机特征的不一致，反而与汽车的特性更加吻合。

综上所述，基于现有的描述，玩家2的卧底身份仍然是一个合理的推断。|| `请根据上述分析，比较描述以找出不一致之处，注意，这局游戏的词语分类为<交通工具>，卧底词和平民词都属于该类。
2024-12-13 17:32:22,307 - 4 - INFO - **********PLAYER4**********
不一致之处在于：

- 玩家1、玩家3和玩家4的描述都集中在空中飞行的交通工具上，强调了飞行能力、高效的推进系统、远距离飞行、速度、气候适应性以及导航和通信设备。
- 玩家2的描述则集中在陆地行驶的交通工具上，强调了机动性、便捷性、坚固的车身、耐用性、独立性和自主性、环保和安全性，以及现代化的安全特性，如防抱死刹车系统和电子稳定程序。

玩家2的描述中没有提到飞行能力，而是描述了地面行驶的交通工具，这与飞机的特征不符。其他玩家的描述都围绕飞行交通工具进行，与飞机的特征一致。
2024-12-13 17:32:22,309 - 4 - INFO - **********JUDGER**********
你刚刚的分析是不一致之处在于：

- 玩家1、玩家3和玩家4的描述都集中在空中飞行的交通工具上，强调了飞行能力、高效的推进系统、远距离飞行、速度、气候适应性以及导航和通信设备。
- 玩家2的描述则集中在陆地行驶的交通工具上，强调了机动性、便捷性、坚固的车身、耐用性、独立性和自主性、环保和安全性，以及现代化的安全特性，如防抱死刹车系统和电子稳定程序。

玩家2的描述中没有提到飞行能力，而是描述了地面行驶的交通工具，这与飞机的特征不符。其他玩家的描述都围绕飞行交通工具进行，与飞机的特征一致。|| 请通过你分析的不一致之处，推断卧底身份，注意，这局游戏的词语分类为<交通工具>，卧底词和平民词都属于该类。
2024-12-13 17:32:25,857 - 4 - INFO - **********PLAYER4**********
基于分析中提到的不一致之处，可以推断玩家2的卧底身份可能是与汽车相关的词语，例如“汽车”。这是因为玩家2的描述与飞机的飞行特征不符，而是描述了陆地行驶的交通工具，这与汽车的特性相符。
2024-12-13 17:32:25,858 - 4 - INFO - **********JUDGER**********
你刚刚的推断是基于分析中提到的不一致之处，可以推断玩家2的卧底身份可能是与汽车相关的词语，例如“汽车”。这是因为玩家2的描述与飞机的飞行特征不符，而是描述了陆地行驶的交通工具，这与汽车的特性相符。|| 基于你刚刚的推断得出你的最终结论，请输出你认为的卧底，在这种情况下只需要输出编号，是1-4中的某个数字，不要输出其他信息。在这个过程不要进行任何推理，只对||以前的部分进行信息提取
2024-12-13 17:32:31,512 - 4 - INFO - **********PLAYER4**********
2
