2024-12-13 13:26:45,405 - 1 - INFO - **********JUDGER**********
让我们来玩一个叫做<谁是卧底>的推理游戏。基本规则：<人数>：4人。<角色分配>：每位玩家随机抽取一个词语，3名玩家拿到的词语是相同的（平民词），1名玩家拿到与之相近但不同的词语（卧底词）。<游戏流程>：1、玩家轮流描述自己的词语，但<不能>直接说出词语本身。2、描述完毕后，投票选出最像卧底的玩家。3、每轮结束后，被投票选出的玩家出局，不能再进行描述或投票。4、每轮投票结束后，如果卧底被成功找出，平民方获胜；如果卧底未被找出且卧底人数等于或超过平民人数，则卧底方获胜。你将扮演一个<玩家>，请等待你被分配到的关键词。如果你听懂了，只回答，"好的，我准备好参加游戏了"，不要输出别的信息
2024-12-13 13:26:46,495 - 1 - INFO - **********PLAYER1**********
好的，我准备好参加游戏了
2024-12-13 13:26:51,413 - 1 - INFO - **********JUDGER**********
玩家1说：玩家2说：玩家3说：玩家4说：|| 你是第1号玩家，你的关键词是<芒果>。你的回答中绝对不能包含你的关键词<芒果>。这是第一轮描述，不需要分析||之前别的玩家的描述，请你描述关键词基本特征，注意，这局游戏的词语分类为<水果>，卧底词和平民词都属于该类，描述包括以下两点，1.他的基本特征是什么2.他在该类（水果）中最突出不同的特征是什么，尽量简短
2024-12-13 13:26:53,538 - 1 - INFO - **********PLAYER1**********
这个水果通常呈金黄色，形状圆润，味道甜而多汁。在水果类中，它最突出的不同特征是富含胡萝卜素，有助于改善视力。
2024-12-13 13:26:59,526 - 1 - INFO - **********JUDGER**********
玩家1说：这个水果通常呈金黄色，形状圆润，味道甜而多汁。在水果类中，它最突出的不同特征是富含胡萝卜素，有助于改善视力。玩家2说：这种水果外表光滑，颜色鲜艳，果实大而饱满。在同类水果中，它以其独特的风味和丰富的维生素C而闻名。玩家3说：这个水果颜色鲜艳，肉质细嫩，水分充足。它在同类水果中特别的是，它的核是空心的。玩家4说：||在这个游戏中，我们需要通过分析每位玩家的描述来找出卧底。通常，平民的描述会围绕相同的词语展开，而卧底的描述可能会因为词语的不同而显得不太一致。我们需要仔细比较每个描述之间的相似性和差异性，以找出可能的卧底，注意，卧底并不会隐藏自己，他会直接描述他的词语，现在，逐一分析每个玩家的描述，注意，这局游戏的词语分类为<水果>，卧底词和平民词都属于该类。这是第一轮描述。
2024-12-13 13:27:03,704 - 1 - INFO - **********PLAYER1**********
我注意到玩家1、玩家2和玩家3的描述都非常相似，都在强调水果的颜色、形状、味道和营养价值。然而，玩家4的描述似乎与前三者有所不同，他没有提到水果的颜色、形状或味道，而是提到了游戏规则和卧底的特征，这可能是为了引导我们关注他的描述，而不是其他玩家的。在水果类中，芒果通常不会被称为“颜色鲜艳”，因为它的颜色是金黄色的，而且它的核不是空心的。因此，我认为玩家4可能是卧底。
2024-12-13 13:27:03,705 - 1 - INFO - **********JUDGER**********
你刚刚的分析是我注意到玩家1、玩家2和玩家3的描述都非常相似，都在强调水果的颜色、形状、味道和营养价值。然而，玩家4的描述似乎与前三者有所不同，他没有提到水果的颜色、形状或味道，而是提到了游戏规则和卧底的特征，这可能是为了引导我们关注他的描述，而不是其他玩家的。在水果类中，芒果通常不会被称为“颜色鲜艳”，因为它的颜色是金黄色的，而且它的核不是空心的。因此，我认为玩家4可能是卧底。|| `请根据上述分析，比较描述以找出不一致之处，注意，这局游戏的词语分类为<水果>，卧底词和平民词都属于该类。
2024-12-13 13:27:13,343 - 1 - INFO - **********PLAYER1**********
根据上述分析，我们可以比较描述中的一致性和不一致之处如下：

1. **一致性**：
   - 玩家1、玩家2和玩家3的描述都集中在水果的基本特征上，如颜色、形状、味道和营养价值。
   - 他们都提到了水果的颜色（金黄色、鲜艳）、形状（圆润、饱满）、味道（甜、风味独特）和营养价值（富含胡萝卜素、维生素C、水分充足）。

2. **不一致性**：
   - 玩家4的描述与前三者有显著不同。他没有提到水果的颜色、形状或味道，而是提到了游戏规则和卧底的特征，这显然与水果类描述无关。
   - 玩家4提到的“颜色鲜艳”与芒果的实际颜色描述不符，芒果通常不被描述为颜色鲜艳。
   - 玩家4提到的“它的核是空心的”也与芒果的特征不符，芒果的核是实心的。

基于这些不一致之处，玩家4的描述与水果类特征描述不符，而且他的描述似乎有意引导我们关注游戏规则而非水果特征，这增加了他是卧底的可能性。因此，玩家4的描述在一致性上与其他玩家存在显著差异。
2024-12-13 13:27:13,344 - 1 - INFO - **********JUDGER**********
你刚刚的分析是根据上述分析，我们可以比较描述中的一致性和不一致之处如下：

1. **一致性**：
   - 玩家1、玩家2和玩家3的描述都集中在水果的基本特征上，如颜色、形状、味道和营养价值。
   - 他们都提到了水果的颜色（金黄色、鲜艳）、形状（圆润、饱满）、味道（甜、风味独特）和营养价值（富含胡萝卜素、维生素C、水分充足）。

2. **不一致性**：
   - 玩家4的描述与前三者有显著不同。他没有提到水果的颜色、形状或味道，而是提到了游戏规则和卧底的特征，这显然与水果类描述无关。
   - 玩家4提到的“颜色鲜艳”与芒果的实际颜色描述不符，芒果通常不被描述为颜色鲜艳。
   - 玩家4提到的“它的核是空心的”也与芒果的特征不符，芒果的核是实心的。

基于这些不一致之处，玩家4的描述与水果类特征描述不符，而且他的描述似乎有意引导我们关注游戏规则而非水果特征，这增加了他是卧底的可能性。因此，玩家4的描述在一致性上与其他玩家存在显著差异。|| 请通过你分析的不一致之处，推断卧底身份，注意，这局游戏的词语分类为<水果>，卧底词和平民词都属于该类。
2024-12-13 13:27:20,729 - 1 - INFO - **********PLAYER1**********
根据分析中提到的不一致之处，我们可以推断以下信息：

- 玩家4的描述与水果类特征不符，特别是关于颜色和核的描述。
- 芒果的实际颜色是金黄色，不是鲜艳的颜色，而且芒果的核是实心的，不是空心的。

由于这些描述与芒果的真实特征不符，且玩家4的描述似乎有意避开水果的常规特征，这强烈暗示他可能不是平民。考虑到游戏规则中卧底词和平民词都属于水果类，而玩家4的描述中包含的信息与芒果不一致，我们可以推断玩家4很可能是卧底。因此，根据这些不一致之处，玩家4可能是卧底。
2024-12-13 13:27:20,730 - 1 - INFO - **********JUDGER**********
你刚刚的推断是根据分析中提到的不一致之处，我们可以推断以下信息：

- 玩家4的描述与水果类特征不符，特别是关于颜色和核的描述。
- 芒果的实际颜色是金黄色，不是鲜艳的颜色，而且芒果的核是实心的，不是空心的。

由于这些描述与芒果的真实特征不符，且玩家4的描述似乎有意避开水果的常规特征，这强烈暗示他可能不是平民。考虑到游戏规则中卧底词和平民词都属于水果类，而玩家4的描述中包含的信息与芒果不一致，我们可以推断玩家4很可能是卧底。因此，根据这些不一致之处，玩家4可能是卧底。|| 基于你刚刚的推断得出你的最终结论，请输出你认为的卧底，在这种情况下只需要输出编号，是1-4中的某个数字，不要输出其他信息。在这个过程不要进行任何推理，只对||以前的部分进行信息提取
2024-12-13 13:27:21,480 - 1 - INFO - **********PLAYER1**********
4
2024-12-13 13:28:53,661 - 1 - INFO - **********JUDGER**********
玩家1说：这个水果通常呈金黄色，形状圆润，味道甜而多汁。在水果类中，它最突出的不同特征是富含胡萝卜素，有助于改善视力。玩家2说：这种水果外表光滑，颜色鲜艳，果实大而饱满。在同类水果中，它以其独特的风味和丰富的维生素C而闻名。玩家3说：这个水果颜色鲜艳，肉质细嫩，水分充足。它在同类水果中特别的是，它的核是空心的。玩家4说：这个水果通常呈黄色，形状椭圆，味道香甜。在水果类中，它最突出的不同特征是香气浓郁，但有些人对其气味敏感。你是第1号玩家，你的关键词是<芒果>。你的回答中绝对不能包含你的关键词<芒果>。这是第二轮描述，你之前的描述是这个水果通常呈金黄色，形状圆润，味道甜而多汁。在水果类中，它最突出的不同特征是富含胡萝卜素，有助于改善视力。，注意，这局游戏的词语分类为<水果>，卧底词和平民词都属于该类，请你补充关于关键词的描述，注意，你的描述应该比起之前的描述更加贴近关键词，作为之前的补充
2024-12-13 13:28:55,544 - 1 - INFO - **********PLAYER1**********
这种水果皮薄易剥，果肉细腻，汁水丰富，口感软糯。在同类水果中，它以其独特的香气和丰富的营养成分而受到喜爱。
2024-12-13 13:29:06,960 - 1 - INFO - **********JUDGER**********
玩家1说：这个水果通常呈金黄色，形状圆润，味道甜而多汁。在水果类中，它最突出的不同特征是富含胡萝卜素，有助于改善视力。这种水果皮薄易剥，果肉细腻，汁水丰富，口感软糯。在同类水果中，它以其独特的香气和丰富的营养成分而受到喜爱。玩家2说：这种水果外表光滑，颜色鲜艳，果实大而饱满。在同类水果中，它以其独特的风味和丰富的维生素C而闻名。这种水果的皮薄且易于剥离，果肉细腻，口感软糯，汁水丰富。它在同类水果中以其独特的风味和丰富的营养素而受到人们的喜爱。玩家3说：这个水果颜色鲜艳，肉质细嫩，水分充足。它在同类水果中特别的是，它的核是空心的。这种水果味道香甜，质地柔软，汁水丰富。它的外皮呈现出诱人的金黄色，切开后，果肉呈现出细腻的丝状，口感非常滑嫩。它通常在成熟时具有浓郁的香气，但有时候这种香气可能会让人感到略带刺激。玩家4说：这个水果通常呈黄色，形状椭圆，味道香甜。在水果类中，它最突出的不同特征是香气浓郁，但有些人对其气味敏感。||在这个游戏中，我们需要通过分析每位玩家的描述来找出卧底。通常，平民的描述会围绕相同的词语展开，而卧底的描述可能会因为词语的不同而显得不太一致。我们需要仔细比较每个描述之间的相似性和差异性，以找出可能的卧底，注意，卧底并不会隐藏自己，他会直接描述他的词语，现在，逐一分析每个玩家的描述，注意，这局游戏的词语分类为<水果>，卧底词和平民词都属于该类。||之前是第2轮描述和之前轮数描述的合集。你之前认为的卧底是玩家4。
2024-12-13 13:29:14,466 - 1 - INFO - **********PLAYER1**********
根据第二轮描述和之前的信息，我之前的推断是玩家4可能是卧底，因为他的描述中包含了与芒果特征不符的信息，如提到“形状椭圆”和“香气浓郁但有些人对其气味敏感”，这与芒果的“形状圆润”和“香气独特”有所不同。

现在，我将对所有玩家的描述进行进一步的分析：

- 玩家1的描述与芒果的特征非常吻合，没有发现不一致之处。
- 玩家2的描述也符合芒果的特征，强调了芒果的颜色、风味和营养。
- 玩家3的描述同样与芒果的特征一致，特别提到了芒果核是空心的，这是芒果的一个独特特征。
- 玩家4的描述中提到“形状椭圆”和“香气浓郁但有些人对其气味敏感”，这与芒果的“形状圆润”和“香气独特”有所差异。

基于这些信息，玩家4的描述仍然与芒果的特征不完全一致，因此我仍然认为玩家4是卧底。
2024-12-13 13:29:14,469 - 1 - INFO - **********JUDGER**********
你刚刚的分析是根据第二轮描述和之前的信息，我之前的推断是玩家4可能是卧底，因为他的描述中包含了与芒果特征不符的信息，如提到“形状椭圆”和“香气浓郁但有些人对其气味敏感”，这与芒果的“形状圆润”和“香气独特”有所不同。

现在，我将对所有玩家的描述进行进一步的分析：

- 玩家1的描述与芒果的特征非常吻合，没有发现不一致之处。
- 玩家2的描述也符合芒果的特征，强调了芒果的颜色、风味和营养。
- 玩家3的描述同样与芒果的特征一致，特别提到了芒果核是空心的，这是芒果的一个独特特征。
- 玩家4的描述中提到“形状椭圆”和“香气浓郁但有些人对其气味敏感”，这与芒果的“形状圆润”和“香气独特”有所差异。

基于这些信息，玩家4的描述仍然与芒果的特征不完全一致，因此我仍然认为玩家4是卧底。|| `请根据上述分析，比较描述以找出不一致之处，注意，这局游戏的词语分类为<水果>，卧底词和平民词都属于该类。
2024-12-13 13:29:22,086 - 1 - INFO - **********PLAYER1**********
在比较描述以找出不一致之处时，我们可以注意到以下几点：

1. **形状描述**：
   - 玩家1、玩家2和玩家3都描述了水果的形状为“金黄色”或“颜色鲜艳”，而玩家4描述了水果的形状为“椭圆”。

2. **香气描述**：
   - 玩家1、玩家2和玩家3没有特别提到香气的浓郁程度或敏感性，而玩家4提到了“香气浓郁，但有些人对其气味敏感”。

3. **核的特征**：
   - 玩家1、玩家2和玩家3没有提到核的特征，而玩家3特别提到了芒果核是空心的。

这些不一致之处表明玩家4的描述与芒果的特征不完全吻合，特别是关于形状和香气的描述。因此，玩家4的描述在水果类特征描述上与其他玩家存在差异。
2024-12-13 13:29:22,087 - 1 - INFO - **********JUDGER**********
你刚刚的分析是在比较描述以找出不一致之处时，我们可以注意到以下几点：

1. **形状描述**：
   - 玩家1、玩家2和玩家3都描述了水果的形状为“金黄色”或“颜色鲜艳”，而玩家4描述了水果的形状为“椭圆”。

2. **香气描述**：
   - 玩家1、玩家2和玩家3没有特别提到香气的浓郁程度或敏感性，而玩家4提到了“香气浓郁，但有些人对其气味敏感”。

3. **核的特征**：
   - 玩家1、玩家2和玩家3没有提到核的特征，而玩家3特别提到了芒果核是空心的。

这些不一致之处表明玩家4的描述与芒果的特征不完全吻合，特别是关于形状和香气的描述。因此，玩家4的描述在水果类特征描述上与其他玩家存在差异。|| 请通过你分析的不一致之处，推断卧底身份，注意，这局游戏的词语分类为<水果>，卧底词和平民词都属于该类。
2024-12-13 13:29:25,405 - 1 - INFO - **********PLAYER1**********
基于分析的不一致之处，我推断玩家4是卧底。他的描述中提到的“形状椭圆”和“香气浓郁但有些人对其气味敏感”与芒果的通常特征“形状圆润”和“香气独特”不符，这表明他可能持有的词语与芒果不同。
2024-12-13 13:29:25,407 - 1 - INFO - **********JUDGER**********
你刚刚的推断是基于分析的不一致之处，我推断玩家4是卧底。他的描述中提到的“形状椭圆”和“香气浓郁但有些人对其气味敏感”与芒果的通常特征“形状圆润”和“香气独特”不符，这表明他可能持有的词语与芒果不同。|| 基于你刚刚的推断得出你的最终结论，请输出你认为的卧底，在这种情况下只需要输出编号，是1-4中的某个数字，不要输出其他信息。在这个过程不要进行任何推理，只对||以前的部分进行信息提取
2024-12-13 13:29:26,420 - 1 - INFO - **********PLAYER1**********
4
2024-12-13 13:30:36,965 - 1 - INFO - **********JUDGER**********
玩家1说：这个水果通常呈金黄色，形状圆润，味道甜而多汁。在水果类中，它最突出的不同特征是富含胡萝卜素，有助于改善视力。这种水果皮薄易剥，果肉细腻，汁水丰富，口感软糯。在同类水果中，它以其独特的香气和丰富的营养成分而受到喜爱。玩家2说：这种水果外表光滑，颜色鲜艳，果实大而饱满。在同类水果中，它以其独特的风味和丰富的维生素C而闻名。这种水果的皮薄且易于剥离，果肉细腻，口感软糯，汁水丰富。它在同类水果中以其独特的风味和丰富的营养素而受到人们的喜爱。玩家3说：这个水果颜色鲜艳，肉质细嫩，水分充足。它在同类水果中特别的是，它的核是空心的。这种水果味道香甜，质地柔软，汁水丰富。它的外皮呈现出诱人的金黄色，切开后，果肉呈现出细腻的丝状，口感非常滑嫩。它通常在成熟时具有浓郁的香气，但有时候这种香气可能会让人感到略带刺激。玩家4说：这个水果通常呈黄色，形状椭圆，味道香甜。在水果类中，它最突出的不同特征是香气浓郁，但有些人对其气味敏感。这个水果的皮较厚，质地坚硬，需要一定的力量才能剥开。它的果肉纤维较多，口感较为粗糙。在同类水果中，它的味道独特，既有甜味也有苦味，香气非常浓郁，但它的气味可能会引起人们的不同反应。你是第1号玩家，你的关键词是<芒果>。你的回答中绝对不能包含你的关键词<芒果>。这是第三轮描述，你之前的描述是这个水果通常呈金黄色，形状圆润，味道甜而多汁。在水果类中，它最突出的不同特征是富含胡萝卜素，有助于改善视力。和这种水果皮薄易剥，果肉细腻，汁水丰富，口感软糯。在同类水果中，它以其独特的香气和丰富的营养成分而受到喜爱。，注意，这局游戏的词语分类为<水果>，卧底词和平民词都属于该类，请你补充关于关键词的描述，注意，你的描述应该比起之前的描述更加贴近关键词，作为之前的补充
2024-12-13 13:30:41,512 - 1 - INFO - **********PLAYER1**********
这种水果的果实较大，果皮光滑，色泽金黄，果肉厚实，口感甘甜，富含纤维，有助于消化。它的果实通常单个较大，适合鲜食或加工。在同类水果中，它以其丰富的维生素和矿物质含量而受到推崇。
2024-12-13 13:31:03,175 - 1 - INFO - **********JUDGER**********
玩家1说：这个水果通常呈金黄色，形状圆润，味道甜而多汁。在水果类中，它最突出的不同特征是富含胡萝卜素，有助于改善视力。这种水果皮薄易剥，果肉细腻，汁水丰富，口感软糯。在同类水果中，它以其独特的香气和丰富的营养成分而受到喜爱。这种水果的果实较大，果皮光滑，色泽金黄，果肉厚实，口感甘甜，富含纤维，有助于消化。它的果实通常单个较大，适合鲜食或加工。在同类水果中，它以其丰富的维生素和矿物质含量而受到推崇。玩家2说：这种水果外表光滑，颜色鲜艳，果实大而饱满。在同类水果中，它以其独特的风味和丰富的维生素C而闻名。这种水果的皮薄且易于剥离，果肉细腻，口感软糯，汁水丰富。它在同类水果中以其独特的风味和丰富的营养素而受到人们的喜爱。这种水果的果肉柔软，含有明显的纤维，口感滑爽，含有丰富的天然糖分和多种维生素。它的皮相对较厚，需要一定的力度才能剥开，但剥开后可以直接食用或用于制作各种甜点。玩家3说：这个水果颜色鲜艳，肉质细嫩，水分充足。它在同类水果中特别的是，它的核是空心的。这种水果味道香甜，质地柔软，汁水丰富。它的外皮呈现出诱人的金黄色，切开后，果肉呈现出细腻的丝状，口感非常滑嫩。它通常在成熟时具有浓郁的香气，但有时候这种香气可能会让人感到略带刺激。关键词描述：

这种水果通常呈现出明亮的黄色，形状略为椭圆，果肉鲜嫩多汁。它的外皮光滑，容易剥离，露出细腻的果肉。这种水果的甜味浓郁，口感滑顺，水分含量高，是夏季非常受欢迎的水果。它的香气独特，成熟时尤为明显，但有时可能会因为香气过于浓郁而让人感到微妙的刺激。这种水果适合鲜食，也常用于制作各种甜品和饮品。玩家4说：这个水果通常呈黄色，形状椭圆，味道香甜。在水果类中，它最突出的不同特征是香气浓郁，但有些人对其气味敏感。这个水果的皮较厚，质地坚硬，需要一定的力量才能剥开。它的果肉纤维较多，口感较为粗糙。在同类水果中，它的味道独特，既有甜味也有苦味，香气非常浓郁，但它的气味可能会引起人们的不同反应。这种水果的外皮坚硬，颜色偏黄，剥开时需要用工具辅助。内部的果肉呈多瓣状，质地绵密，含有明显的纤维。它的香气非常强烈，对于喜欢它的人来说，是一种独特的诱惑，但对于不喜欢它的人来说，可能会感到难以忍受。这种水果的味道复杂，既有甜味也有微妙的苦味，且纤维含量较高，口感较为粗糙。||在这个游戏中，我们需要通过分析每位玩家的描述来找出卧底。通常，平民的描述会围绕相同的词语展开，而卧底的描述可能会因为词语的不同而显得不太一致。我们需要仔细比较每个描述之间的相似性和差异性，以找出可能的卧底，注意，卧底并不会隐藏自己，他会直接描述他的词语，现在，逐一分析每个玩家的描述，注意，这局游戏的词语分类为<水果>，卧底词和平民词都属于该类。||之前是第3轮描述和之前轮数描述的合集。你之前认为的卧底是玩家4。
2024-12-13 13:31:11,611 - 1 - INFO - **********PLAYER1**********
根据第三轮描述和之前的信息，我之前的推断是玩家4可能是卧底，因为他的描述中提到了与芒果特征不符的信息，如“皮较厚，质地坚硬”，“果肉纤维较多，口感较为粗糙”，“味道既有甜味也有苦味”，这些特征与芒果的通常特征不符。

现在，我将对所有玩家的描述进行进一步的分析：

- 玩家1的描述与芒果的特征非常吻合，没有发现不一致之处。
- 玩家2的描述也符合芒果的特征，强调了芒果的颜色、风味和营养。
- 玩家3的描述同样与芒果的特征一致，特别提到了芒果核是空心的，这是芒果的一个独特特征。
- 玩家4的描述中提到的“皮较厚，质地坚硬”，“果肉纤维较多，口感较为粗糙”，“味道既有甜味也有苦味”与芒果的通常特征不符。

基于这些信息，玩家4的描述仍然与芒果的特征不完全一致，因此我仍然认为玩家4是卧底。
2024-12-13 13:31:11,613 - 1 - INFO - **********JUDGER**********
你刚刚的分析是根据第三轮描述和之前的信息，我之前的推断是玩家4可能是卧底，因为他的描述中提到了与芒果特征不符的信息，如“皮较厚，质地坚硬”，“果肉纤维较多，口感较为粗糙”，“味道既有甜味也有苦味”，这些特征与芒果的通常特征不符。

现在，我将对所有玩家的描述进行进一步的分析：

- 玩家1的描述与芒果的特征非常吻合，没有发现不一致之处。
- 玩家2的描述也符合芒果的特征，强调了芒果的颜色、风味和营养。
- 玩家3的描述同样与芒果的特征一致，特别提到了芒果核是空心的，这是芒果的一个独特特征。
- 玩家4的描述中提到的“皮较厚，质地坚硬”，“果肉纤维较多，口感较为粗糙”，“味道既有甜味也有苦味”与芒果的通常特征不符。

基于这些信息，玩家4的描述仍然与芒果的特征不完全一致，因此我仍然认为玩家4是卧底。|| `请根据上述分析，比较描述以找出不一致之处，注意，这局游戏的词语分类为<水果>，卧底词和平民词都属于该类。
2024-12-13 13:31:30,909 - 1 - INFO - **********PLAYER1**********
在比较描述以找出不一致之处时，我们可以注意到以下几点：

1. **皮的特征**：
   - 玩家1、玩家2和玩家3都描述了水果的皮薄且容易剥离，而玩家4描述了水果的皮较厚，质地坚硬，需要用工具辅助剥开。

2. **果肉的特征**：
   - 玩家1、玩家2和玩家3都描述了果肉细腻、汁水丰富，而玩家4描述了果肉纤维较多，口感较为粗糙。

3. **味道描述**：
   - 玩家1、玩家2和玩家3都描述了水果的味道甜而多汁，而玩家4描述了水果的味道既有甜味也有苦味。

4. **香气描述**：
   - 玩家1、玩家2和玩家3都提到了水果的香气，但没有特别强调香气的强度，而玩家4描述了香气非常浓郁，但有些人可能对气味敏感。

这些不一致之处表明玩家4的描述在皮的特征、果肉的特征和味道描述上与其他玩家的描述存在显著差异，这增加了他是卧底的可能性。
2024-12-13 13:31:30,911 - 1 - INFO - **********JUDGER**********
你刚刚的分析是在比较描述以找出不一致之处时，我们可以注意到以下几点：

1. **皮的特征**：
   - 玩家1、玩家2和玩家3都描述了水果的皮薄且容易剥离，而玩家4描述了水果的皮较厚，质地坚硬，需要用工具辅助剥开。

2. **果肉的特征**：
   - 玩家1、玩家2和玩家3都描述了果肉细腻、汁水丰富，而玩家4描述了果肉纤维较多，口感较为粗糙。

3. **味道描述**：
   - 玩家1、玩家2和玩家3都描述了水果的味道甜而多汁，而玩家4描述了水果的味道既有甜味也有苦味。

4. **香气描述**：
   - 玩家1、玩家2和玩家3都提到了水果的香气，但没有特别强调香气的强度，而玩家4描述了香气非常浓郁，但有些人可能对气味敏感。

这些不一致之处表明玩家4的描述在皮的特征、果肉的特征和味道描述上与其他玩家的描述存在显著差异，这增加了他是卧底的可能性。|| 请通过你分析的不一致之处，推断卧底身份，注意，这局游戏的词语分类为<水果>，卧底词和平民词都属于该类。
2024-12-13 13:31:31,881 - 1 - INFO - **********PLAYER1**********
4
2024-12-13 13:31:31,882 - 1 - INFO - **********JUDGER**********
你刚刚的推断是4|| 基于你刚刚的推断得出你的最终结论，请输出你认为的卧底，在这种情况下只需要输出编号，是1-4中的某个数字，不要输出其他信息。在这个过程不要进行任何推理，只对||以前的部分进行信息提取
2024-12-13 13:31:33,117 - 1 - INFO - **********PLAYER1**********
4
