2024-12-13 13:26:47,461 - 2 - INFO - **********JUDGER**********
让我们来玩一个叫做<谁是卧底>的推理游戏。基本规则：<人数>：4人。<角色分配>：每位玩家随机抽取一个词语，3名玩家拿到的词语是相同的（平民词），1名玩家拿到与之相近但不同的词语（卧底词）。<游戏流程>：1、玩家轮流描述自己的词语，但<不能>直接说出词语本身。2、描述完毕后，投票选出最像卧底的玩家。3、每轮结束后，被投票选出的玩家出局，不能再进行描述或投票。4、每轮投票结束后，如果卧底被成功找出，平民方获胜；如果卧底未被找出且卧底人数等于或超过平民人数，则卧底方获胜。你将扮演一个<玩家>，请等待你被分配到的关键词。如果你听懂了，只回答，"好的，我准备好参加游戏了"，不要输出别的信息
2024-12-13 13:26:48,122 - 2 - INFO - **********PLAYER2**********
好的，我准备好参加游戏了
2024-12-13 13:26:53,539 - 2 - INFO - **********JUDGER**********
玩家1说：这个水果通常呈金黄色，形状圆润，味道甜而多汁。在水果类中，它最突出的不同特征是富含胡萝卜素，有助于改善视力。玩家2说：玩家3说：玩家4说：|| 你是第2号玩家，你的关键词是<芒果>。你的回答中绝对不能包含你的关键词<芒果>。这是第一轮描述，不需要分析||之前别的玩家的描述，请你描述关键词基本特征，注意，这局游戏的词语分类为<水果>，卧底词和平民词都属于该类，描述包括以下两点，1.他的基本特征是什么2.他在该类（水果）中最突出不同的特征是什么，尽量简短
2024-12-13 13:26:55,126 - 2 - INFO - **********PLAYER2**********
这种水果外表光滑，颜色鲜艳，果实大而饱满。在同类水果中，它以其独特的风味和丰富的维生素C而闻名。
2024-12-13 13:27:21,481 - 2 - INFO - **********JUDGER**********
玩家1说：这个水果通常呈金黄色，形状圆润，味道甜而多汁。在水果类中，它最突出的不同特征是富含胡萝卜素，有助于改善视力。玩家2说：这种水果外表光滑，颜色鲜艳，果实大而饱满。在同类水果中，它以其独特的风味和丰富的维生素C而闻名。玩家3说：这个水果颜色鲜艳，肉质细嫩，水分充足。它在同类水果中特别的是，它的核是空心的。玩家4说：||在这个游戏中，我们需要通过分析每位玩家的描述来找出卧底。通常，平民的描述会围绕相同的词语展开，而卧底的描述可能会因为词语的不同而显得不太一致。我们需要仔细比较每个描述之间的相似性和差异性，以找出可能的卧底，注意，卧底并不会隐藏自己，他会直接描述他的词语，现在，逐一分析每个玩家的描述，注意，这局游戏的词语分类为<水果>，卧底词和平民词都属于该类。这是第一轮描述。
2024-12-13 13:27:32,576 - 2 - INFO - **********PLAYER2**********
好的，我准备好参与第一轮描述分析了。根据玩家1、玩家2和玩家3的描述，他们似乎在描述一种金黄色、圆润、甜而多汁的水果，富含胡萝卜素和维生素C，肉质细嫩，水分充足，核可能是空心的。这些描述都符合常见的水果特征，如香蕉、橘子或某些类型的芒果。

现在，作为玩家2，我会注意我的描述与他们的描述是否一致，以及是否有任何明显的差异。如果我的描述与他们的描述完全不同，那么我可能会被认为是卧底。如果我的描述在细节上有所不同，但整体上还是围绕着相同的水果类别，那么我可能会被认为是平民。

由于我的关键词是“芒果”，我会确保我的描述不直接提及“芒果”，同时要尽量让我的描述与其他玩家的描述保持一致，但又不能太过明显，以免被怀疑是卧底。以下是我的描述：

这种水果色泽金黄，口感鲜美，富含多种维生素。在水果界，它以其独特的香气和营养价值而著称。
2024-12-13 13:27:32,577 - 2 - INFO - **********JUDGER**********
你刚刚的分析是好的，我准备好参与第一轮描述分析了。根据玩家1、玩家2和玩家3的描述，他们似乎在描述一种金黄色、圆润、甜而多汁的水果，富含胡萝卜素和维生素C，肉质细嫩，水分充足，核可能是空心的。这些描述都符合常见的水果特征，如香蕉、橘子或某些类型的芒果。

现在，作为玩家2，我会注意我的描述与他们的描述是否一致，以及是否有任何明显的差异。如果我的描述与他们的描述完全不同，那么我可能会被认为是卧底。如果我的描述在细节上有所不同，但整体上还是围绕着相同的水果类别，那么我可能会被认为是平民。

由于我的关键词是“芒果”，我会确保我的描述不直接提及“芒果”，同时要尽量让我的描述与其他玩家的描述保持一致，但又不能太过明显，以免被怀疑是卧底。以下是我的描述：

这种水果色泽金黄，口感鲜美，富含多种维生素。在水果界，它以其独特的香气和营养价值而著称。|| `请根据上述分析，比较描述以找出不一致之处，注意，这局游戏的词语分类为<水果>，卧底词和平民词都属于该类。
2024-12-13 13:27:45,548 - 2 - INFO - **********PLAYER2**********
根据上述分析，我们可以比较四位玩家的描述，寻找不一致之处：

玩家1的描述提到了“富含胡萝卜素，有助于改善视力”，这暗示了一种特定的营养特性。
玩家2的描述强调了“独特的香气和营养价值”，这与玩家1的描述中的营养特性有所呼应。
玩家3的描述提到了“肉质细嫩，水分充足，核可能是空心的”，这增加了一些关于水果物理特征的细节。
玩家4的描述则没有明确指出具体的营养或物理特征，而是笼统地提到了色泽、口感和营养价值。

不一致之处可能在于：

- 玩家4的描述没有提供具体的营养或物理特征，而玩家1、2和3的描述都包含了对水果特定特性的描述。
- 玩家4的描述较为笼统，没有像其他玩家那样给出具体的细节，如金黄色、圆润、甜而多汁等。

这些不一致之处可能会引起怀疑，因为卧底通常会试图通过不同的描述来隐藏自己的真实身份。如果玩家4的描述与玩家1、2和3的描述在细节上差异较大，那么玩家4可能被认为是卧底。然而，如果玩家4的描述在整体上仍然符合水果类别的特征，那么他们可能只是提供了一个不同角度的描述。最终，是否是卧底还需要通过后续的描述和投票来进一步判断。
2024-12-13 13:27:45,550 - 2 - INFO - **********JUDGER**********
你刚刚的分析是根据上述分析，我们可以比较四位玩家的描述，寻找不一致之处：

玩家1的描述提到了“富含胡萝卜素，有助于改善视力”，这暗示了一种特定的营养特性。
玩家2的描述强调了“独特的香气和营养价值”，这与玩家1的描述中的营养特性有所呼应。
玩家3的描述提到了“肉质细嫩，水分充足，核可能是空心的”，这增加了一些关于水果物理特征的细节。
玩家4的描述则没有明确指出具体的营养或物理特征，而是笼统地提到了色泽、口感和营养价值。

不一致之处可能在于：

- 玩家4的描述没有提供具体的营养或物理特征，而玩家1、2和3的描述都包含了对水果特定特性的描述。
- 玩家4的描述较为笼统，没有像其他玩家那样给出具体的细节，如金黄色、圆润、甜而多汁等。

这些不一致之处可能会引起怀疑，因为卧底通常会试图通过不同的描述来隐藏自己的真实身份。如果玩家4的描述与玩家1、2和3的描述在细节上差异较大，那么玩家4可能被认为是卧底。然而，如果玩家4的描述在整体上仍然符合水果类别的特征，那么他们可能只是提供了一个不同角度的描述。最终，是否是卧底还需要通过后续的描述和投票来进一步判断。|| 请通过你分析的不一致之处，推断卧底身份，注意，这局游戏的词语分类为<水果>，卧底词和平民词都属于该类。
2024-12-13 13:27:54,223 - 2 - INFO - **********PLAYER2**********
基于上述分析，我们可以做出以下推断：

玩家1、玩家2和玩家3的描述都提供了关于水果的具体营养和物理特征，如颜色、形状、味道、营养价值和物理结构。这些描述都是具体而详细的，且在某种程度上相互呼应。

相比之下，玩家4的描述虽然也提到了色泽、口感和营养价值，但没有提供具体的营养或物理特征，描述较为笼统。这种笼统性和缺乏具体细节可能是一个不一致之处。

在《谁是卧底》游戏中，卧底通常会试图通过不同的描述来隐藏自己的真实身份。玩家4的描述如果与其他玩家的描述在细节上差异较大，而又没有提供足够的信息来支持其描述，那么玩家4可能就是卧底。

考虑到游戏中的词语分类为<水果>，卧底词和平民词都属于该类，且玩家4的描述没有提供具体的特征来明确指出其水果身份，这增加了玩家4是卧底的可能性。因此，根据描述的不一致性，玩家4可能是卧底。然而，最终的身份需要通过后续的描述和投票来确定。
2024-12-13 13:27:54,231 - 2 - INFO - **********JUDGER**********
你刚刚的推断是基于上述分析，我们可以做出以下推断：

玩家1、玩家2和玩家3的描述都提供了关于水果的具体营养和物理特征，如颜色、形状、味道、营养价值和物理结构。这些描述都是具体而详细的，且在某种程度上相互呼应。

相比之下，玩家4的描述虽然也提到了色泽、口感和营养价值，但没有提供具体的营养或物理特征，描述较为笼统。这种笼统性和缺乏具体细节可能是一个不一致之处。

在《谁是卧底》游戏中，卧底通常会试图通过不同的描述来隐藏自己的真实身份。玩家4的描述如果与其他玩家的描述在细节上差异较大，而又没有提供足够的信息来支持其描述，那么玩家4可能就是卧底。

考虑到游戏中的词语分类为<水果>，卧底词和平民词都属于该类，且玩家4的描述没有提供具体的特征来明确指出其水果身份，这增加了玩家4是卧底的可能性。因此，根据描述的不一致性，玩家4可能是卧底。然而，最终的身份需要通过后续的描述和投票来确定。|| 基于你刚刚的推断得出你的最终结论，请输出你认为的卧底，在这种情况下只需要输出编号，是1-4中的某个数字，不要输出其他信息。在这个过程不要进行任何推理，只对||以前的部分进行信息提取
2024-12-13 13:27:54,810 - 2 - INFO - **********PLAYER2**********
4
2024-12-13 13:28:55,544 - 2 - INFO - **********JUDGER**********
玩家1说：这个水果通常呈金黄色，形状圆润，味道甜而多汁。在水果类中，它最突出的不同特征是富含胡萝卜素，有助于改善视力。这种水果皮薄易剥，果肉细腻，汁水丰富，口感软糯。在同类水果中，它以其独特的香气和丰富的营养成分而受到喜爱。玩家2说：这种水果外表光滑，颜色鲜艳，果实大而饱满。在同类水果中，它以其独特的风味和丰富的维生素C而闻名。玩家3说：这个水果颜色鲜艳，肉质细嫩，水分充足。它在同类水果中特别的是，它的核是空心的。玩家4说：这个水果通常呈黄色，形状椭圆，味道香甜。在水果类中，它最突出的不同特征是香气浓郁，但有些人对其气味敏感。你是第2号玩家，你的关键词是<芒果>。你的回答中绝对不能包含你的关键词<芒果>。这是第二轮描述，你之前的描述是这种水果外表光滑，颜色鲜艳，果实大而饱满。在同类水果中，它以其独特的风味和丰富的维生素C而闻名。，注意，这局游戏的词语分类为<水果>，卧底词和平民词都属于该类，请你补充关于关键词的描述，注意，你的描述应该比起之前的描述更加贴近关键词，作为之前的补充
2024-12-13 13:28:58,641 - 2 - INFO - **********PLAYER2**********
这种水果的皮薄且易于剥离，果肉细腻，口感软糯，汁水丰富。它在同类水果中以其独特的风味和丰富的营养素而受到人们的喜爱。
2024-12-13 13:29:26,423 - 2 - INFO - **********JUDGER**********
玩家1说：这个水果通常呈金黄色，形状圆润，味道甜而多汁。在水果类中，它最突出的不同特征是富含胡萝卜素，有助于改善视力。这种水果皮薄易剥，果肉细腻，汁水丰富，口感软糯。在同类水果中，它以其独特的香气和丰富的营养成分而受到喜爱。玩家2说：这种水果外表光滑，颜色鲜艳，果实大而饱满。在同类水果中，它以其独特的风味和丰富的维生素C而闻名。这种水果的皮薄且易于剥离，果肉细腻，口感软糯，汁水丰富。它在同类水果中以其独特的风味和丰富的营养素而受到人们的喜爱。玩家3说：这个水果颜色鲜艳，肉质细嫩，水分充足。它在同类水果中特别的是，它的核是空心的。这种水果味道香甜，质地柔软，汁水丰富。它的外皮呈现出诱人的金黄色，切开后，果肉呈现出细腻的丝状，口感非常滑嫩。它通常在成熟时具有浓郁的香气，但有时候这种香气可能会让人感到略带刺激。玩家4说：这个水果通常呈黄色，形状椭圆，味道香甜。在水果类中，它最突出的不同特征是香气浓郁，但有些人对其气味敏感。||在这个游戏中，我们需要通过分析每位玩家的描述来找出卧底。通常，平民的描述会围绕相同的词语展开，而卧底的描述可能会因为词语的不同而显得不太一致。我们需要仔细比较每个描述之间的相似性和差异性，以找出可能的卧底，注意，卧底并不会隐藏自己，他会直接描述他的词语，现在，逐一分析每个玩家的描述，注意，这局游戏的词语分类为<水果>，卧底词和平民词都属于该类。||之前是第2轮描述和之前轮数描述的合集。你之前认为的卧底是玩家4。
2024-12-13 13:29:27,094 - 2 - INFO - **********PLAYER2**********
4
2024-12-13 13:29:27,095 - 2 - INFO - **********JUDGER**********
你刚刚的分析是4|| `请根据上述分析，比较描述以找出不一致之处，注意，这局游戏的词语分类为<水果>，卧底词和平民词都属于该类。
2024-12-13 13:29:38,174 - 2 - INFO - **********PLAYER2**********
在比较四位玩家的描述后，以下是不一致之处：

1. 玩家1和玩家2的描述都提到了水果的颜色（金黄色、颜色鲜艳），形状（圆润），味道（甜而多汁），以及皮薄易剥、果肉细腻、汁水丰富等特征，这些描述与玩家3和玩家4的描述在基本特征上有重叠。

2. 玩家3的描述特别提到了这个水果的核是空心的，这是一个独特的物理特征，而其他玩家的描述中没有提到这一点。

3. 玩家4的描述中提到水果的形状是椭圆，这与其他玩家描述的圆形或圆润形状有所不同。

4. 玩家4的描述中强调了香气浓郁，但有些人对其气味敏感，这是一个关于气味的特征，而其他玩家没有提到气味的具体描述。

5. 玩家1、2和3的描述中都提到了水果的香气和营养成分，而玩家4虽然也提到了香气，但没有进一步描述营养成分。

这些不一致之处表明玩家4的描述在细节上与其他玩家的描述有所不同，特别是在核的形状和气味的描述上，这可能是卧底的特征。
2024-12-13 13:29:38,176 - 2 - INFO - **********JUDGER**********
你刚刚的分析是在比较四位玩家的描述后，以下是不一致之处：

1. 玩家1和玩家2的描述都提到了水果的颜色（金黄色、颜色鲜艳），形状（圆润），味道（甜而多汁），以及皮薄易剥、果肉细腻、汁水丰富等特征，这些描述与玩家3和玩家4的描述在基本特征上有重叠。

2. 玩家3的描述特别提到了这个水果的核是空心的，这是一个独特的物理特征，而其他玩家的描述中没有提到这一点。

3. 玩家4的描述中提到水果的形状是椭圆，这与其他玩家描述的圆形或圆润形状有所不同。

4. 玩家4的描述中强调了香气浓郁，但有些人对其气味敏感，这是一个关于气味的特征，而其他玩家没有提到气味的具体描述。

5. 玩家1、2和3的描述中都提到了水果的香气和营养成分，而玩家4虽然也提到了香气，但没有进一步描述营养成分。

这些不一致之处表明玩家4的描述在细节上与其他玩家的描述有所不同，特别是在核的形状和气味的描述上，这可能是卧底的特征。|| 请通过你分析的不一致之处，推断卧底身份，注意，这局游戏的词语分类为<水果>，卧底词和平民词都属于该类。
2024-12-13 13:29:39,115 - 2 - INFO - **********PLAYER2**********
4
2024-12-13 13:29:39,116 - 2 - INFO - **********JUDGER**********
你刚刚的推断是4|| 基于你刚刚的推断得出你的最终结论，请输出你认为的卧底，在这种情况下只需要输出编号，是1-4中的某个数字，不要输出其他信息。在这个过程不要进行任何推理，只对||以前的部分进行信息提取
2024-12-13 13:29:41,423 - 2 - INFO - **********PLAYER2**********
4
2024-12-13 13:30:41,513 - 2 - INFO - **********JUDGER**********
玩家1说：这个水果通常呈金黄色，形状圆润，味道甜而多汁。在水果类中，它最突出的不同特征是富含胡萝卜素，有助于改善视力。这种水果皮薄易剥，果肉细腻，汁水丰富，口感软糯。在同类水果中，它以其独特的香气和丰富的营养成分而受到喜爱。这种水果的果实较大，果皮光滑，色泽金黄，果肉厚实，口感甘甜，富含纤维，有助于消化。它的果实通常单个较大，适合鲜食或加工。在同类水果中，它以其丰富的维生素和矿物质含量而受到推崇。玩家2说：这种水果外表光滑，颜色鲜艳，果实大而饱满。在同类水果中，它以其独特的风味和丰富的维生素C而闻名。这种水果的皮薄且易于剥离，果肉细腻，口感软糯，汁水丰富。它在同类水果中以其独特的风味和丰富的营养素而受到人们的喜爱。玩家3说：这个水果颜色鲜艳，肉质细嫩，水分充足。它在同类水果中特别的是，它的核是空心的。这种水果味道香甜，质地柔软，汁水丰富。它的外皮呈现出诱人的金黄色，切开后，果肉呈现出细腻的丝状，口感非常滑嫩。它通常在成熟时具有浓郁的香气，但有时候这种香气可能会让人感到略带刺激。玩家4说：这个水果通常呈黄色，形状椭圆，味道香甜。在水果类中，它最突出的不同特征是香气浓郁，但有些人对其气味敏感。这个水果的皮较厚，质地坚硬，需要一定的力量才能剥开。它的果肉纤维较多，口感较为粗糙。在同类水果中，它的味道独特，既有甜味也有苦味，香气非常浓郁，但它的气味可能会引起人们的不同反应。你是第2号玩家，你的关键词是<芒果>。你的回答中绝对不能包含你的关键词<芒果>。这是第三轮描述，你之前的描述是这种水果外表光滑，颜色鲜艳，果实大而饱满。在同类水果中，它以其独特的风味和丰富的维生素C而闻名。和这种水果的皮薄且易于剥离，果肉细腻，口感软糯，汁水丰富。它在同类水果中以其独特的风味和丰富的营养素而受到人们的喜爱。，注意，这局游戏的词语分类为<水果>，卧底词和平民词都属于该类，请你补充关于关键词的描述，注意，你的描述应该比起之前的描述更加贴近关键词，作为之前的补充
2024-12-13 13:30:43,837 - 2 - INFO - **********PLAYER2**********
这种水果的果肉柔软，含有明显的纤维，口感滑爽，含有丰富的天然糖分和多种维生素。它的皮相对较厚，需要一定的力度才能剥开，但剥开后可以直接食用或用于制作各种甜点。
2024-12-13 13:31:33,120 - 2 - INFO - **********JUDGER**********
玩家1说：这个水果通常呈金黄色，形状圆润，味道甜而多汁。在水果类中，它最突出的不同特征是富含胡萝卜素，有助于改善视力。这种水果皮薄易剥，果肉细腻，汁水丰富，口感软糯。在同类水果中，它以其独特的香气和丰富的营养成分而受到喜爱。这种水果的果实较大，果皮光滑，色泽金黄，果肉厚实，口感甘甜，富含纤维，有助于消化。它的果实通常单个较大，适合鲜食或加工。在同类水果中，它以其丰富的维生素和矿物质含量而受到推崇。玩家2说：这种水果外表光滑，颜色鲜艳，果实大而饱满。在同类水果中，它以其独特的风味和丰富的维生素C而闻名。这种水果的皮薄且易于剥离，果肉细腻，口感软糯，汁水丰富。它在同类水果中以其独特的风味和丰富的营养素而受到人们的喜爱。这种水果的果肉柔软，含有明显的纤维，口感滑爽，含有丰富的天然糖分和多种维生素。它的皮相对较厚，需要一定的力度才能剥开，但剥开后可以直接食用或用于制作各种甜点。玩家3说：这个水果颜色鲜艳，肉质细嫩，水分充足。它在同类水果中特别的是，它的核是空心的。这种水果味道香甜，质地柔软，汁水丰富。它的外皮呈现出诱人的金黄色，切开后，果肉呈现出细腻的丝状，口感非常滑嫩。它通常在成熟时具有浓郁的香气，但有时候这种香气可能会让人感到略带刺激。关键词描述：

这种水果通常呈现出明亮的黄色，形状略为椭圆，果肉鲜嫩多汁。它的外皮光滑，容易剥离，露出细腻的果肉。这种水果的甜味浓郁，口感滑顺，水分含量高，是夏季非常受欢迎的水果。它的香气独特，成熟时尤为明显，但有时可能会因为香气过于浓郁而让人感到微妙的刺激。这种水果适合鲜食，也常用于制作各种甜品和饮品。玩家4说：这个水果通常呈黄色，形状椭圆，味道香甜。在水果类中，它最突出的不同特征是香气浓郁，但有些人对其气味敏感。这个水果的皮较厚，质地坚硬，需要一定的力量才能剥开。它的果肉纤维较多，口感较为粗糙。在同类水果中，它的味道独特，既有甜味也有苦味，香气非常浓郁，但它的气味可能会引起人们的不同反应。这种水果的外皮坚硬，颜色偏黄，剥开时需要用工具辅助。内部的果肉呈多瓣状，质地绵密，含有明显的纤维。它的香气非常强烈，对于喜欢它的人来说，是一种独特的诱惑，但对于不喜欢它的人来说，可能会感到难以忍受。这种水果的味道复杂，既有甜味也有微妙的苦味，且纤维含量较高，口感较为粗糙。||在这个游戏中，我们需要通过分析每位玩家的描述来找出卧底。通常，平民的描述会围绕相同的词语展开，而卧底的描述可能会因为词语的不同而显得不太一致。我们需要仔细比较每个描述之间的相似性和差异性，以找出可能的卧底，注意，卧底并不会隐藏自己，他会直接描述他的词语，现在，逐一分析每个玩家的描述，注意，这局游戏的词语分类为<水果>，卧底词和平民词都属于该类。||之前是第3轮描述和之前轮数描述的合集。你之前认为的卧底是玩家4。
2024-12-13 13:31:34,065 - 2 - INFO - **********PLAYER2**********
4
2024-12-13 13:31:34,067 - 2 - INFO - **********JUDGER**********
你刚刚的分析是4|| `请根据上述分析，比较描述以找出不一致之处，注意，这局游戏的词语分类为<水果>，卧底词和平民词都属于该类。
2024-12-13 13:31:44,678 - 2 - INFO - **********PLAYER2**********
在比较四位玩家的描述后，以下是不一致之处：

1. 玩家1、2和3的描述中都提到了水果的颜色为金黄色，而玩家4的描述中提到水果的皮较厚，颜色偏黄，这与前者的金黄色描述有所差异。

2. 玩家1、2和3的描述中都提到了水果的皮薄易剥，而玩家4的描述中提到皮较厚，质地坚硬，需要一定的力量才能剥开。

3. 玩家1、2和3的描述中都提到了果肉细腻、汁水丰富，而玩家4的描述中提到果肉纤维较多，口感较为粗糙。

4. 玩家1、2和3的描述中都提到了水果的香气浓郁，而玩家4的描述中提到香气非常强烈，但同时也提到了对于不喜欢它的人来说可能会感到难以忍受。

5. 玩家1、2和3的描述中都强调了水果的营养价值和口感，而玩家4的描述中提到了味道复杂，既有甜味也有微妙的苦味，且纤维含量较高。

这些不一致之处表明玩家4的描述在多个方面与其他玩家的描述有所不同，特别是在水果的颜色、皮薄厚、果肉质地和香气描述上，这可能是卧底的特征。
2024-12-13 13:31:44,687 - 2 - INFO - **********JUDGER**********
你刚刚的分析是在比较四位玩家的描述后，以下是不一致之处：

1. 玩家1、2和3的描述中都提到了水果的颜色为金黄色，而玩家4的描述中提到水果的皮较厚，颜色偏黄，这与前者的金黄色描述有所差异。

2. 玩家1、2和3的描述中都提到了水果的皮薄易剥，而玩家4的描述中提到皮较厚，质地坚硬，需要一定的力量才能剥开。

3. 玩家1、2和3的描述中都提到了果肉细腻、汁水丰富，而玩家4的描述中提到果肉纤维较多，口感较为粗糙。

4. 玩家1、2和3的描述中都提到了水果的香气浓郁，而玩家4的描述中提到香气非常强烈，但同时也提到了对于不喜欢它的人来说可能会感到难以忍受。

5. 玩家1、2和3的描述中都强调了水果的营养价值和口感，而玩家4的描述中提到了味道复杂，既有甜味也有微妙的苦味，且纤维含量较高。

这些不一致之处表明玩家4的描述在多个方面与其他玩家的描述有所不同，特别是在水果的颜色、皮薄厚、果肉质地和香气描述上，这可能是卧底的特征。|| 请通过你分析的不一致之处，推断卧底身份，注意，这局游戏的词语分类为<水果>，卧底词和平民词都属于该类。
2024-12-13 13:31:45,943 - 2 - INFO - **********PLAYER2**********
4
2024-12-13 13:31:45,945 - 2 - INFO - **********JUDGER**********
你刚刚的推断是4|| 基于你刚刚的推断得出你的最终结论，请输出你认为的卧底，在这种情况下只需要输出编号，是1-4中的某个数字，不要输出其他信息。在这个过程不要进行任何推理，只对||以前的部分进行信息提取
2024-12-13 13:31:46,768 - 2 - INFO - **********PLAYER2**********
4
