2024-12-13 13:26:49,218 - 3 - INFO - **********JUDGER**********
让我们来玩一个叫做<谁是卧底>的推理游戏。基本规则：<人数>：4人。<角色分配>：每位玩家随机抽取一个词语，3名玩家拿到的词语是相同的（平民词），1名玩家拿到与之相近但不同的词语（卧底词）。<游戏流程>：1、玩家轮流描述自己的词语，但<不能>直接说出词语本身。2、描述完毕后，投票选出最像卧底的玩家。3、每轮结束后，被投票选出的玩家出局，不能再进行描述或投票。4、每轮投票结束后，如果卧底被成功找出，平民方获胜；如果卧底未被找出且卧底人数等于或超过平民人数，则卧底方获胜。你将扮演一个<玩家>，请等待你被分配到的关键词。如果你听懂了，只回答，"好的，我准备好参加游戏了"，不要输出别的信息
2024-12-13 13:26:49,989 - 3 - INFO - **********PLAYER3**********
好的，我准备好参加游戏了
2024-12-13 13:26:55,127 - 3 - INFO - **********JUDGER**********
玩家1说：这个水果通常呈金黄色，形状圆润，味道甜而多汁。在水果类中，它最突出的不同特征是富含胡萝卜素，有助于改善视力。玩家2说：这种水果外表光滑，颜色鲜艳，果实大而饱满。在同类水果中，它以其独特的风味和丰富的维生素C而闻名。玩家3说：玩家4说：|| 你是第3号玩家，你的关键词是<芒果>。你的回答中绝对不能包含你的关键词<芒果>。这是第一轮描述，不需要分析||之前别的玩家的描述，请你描述关键词基本特征，注意，这局游戏的词语分类为<水果>，卧底词和平民词都属于该类，描述包括以下两点，1.他的基本特征是什么2.他在该类（水果）中最突出不同的特征是什么，尽量简短
2024-12-13 13:26:56,255 - 3 - INFO - **********PLAYER3**********
这个水果颜色鲜艳，肉质细嫩，水分充足。它在同类水果中特别的是，它的核是空心的。
2024-12-13 13:27:54,811 - 3 - INFO - **********JUDGER**********
玩家1说：这个水果通常呈金黄色，形状圆润，味道甜而多汁。在水果类中，它最突出的不同特征是富含胡萝卜素，有助于改善视力。玩家2说：这种水果外表光滑，颜色鲜艳，果实大而饱满。在同类水果中，它以其独特的风味和丰富的维生素C而闻名。玩家3说：这个水果颜色鲜艳，肉质细嫩，水分充足。它在同类水果中特别的是，它的核是空心的。玩家4说：||在这个游戏中，我们需要通过分析每位玩家的描述来找出卧底。通常，平民的描述会围绕相同的词语展开，而卧底的描述可能会因为词语的不同而显得不太一致。我们需要仔细比较每个描述之间的相似性和差异性，以找出可能的卧底，注意，卧底并不会隐藏自己，他会直接描述他的词语，现在，逐一分析每个玩家的描述，注意，这局游戏的词语分类为<水果>，卧底词和平民词都属于该类。这是第一轮描述。
2024-12-13 13:28:06,923 - 3 - INFO - **********PLAYER3**********
好的，根据玩家们的描述，我们可以进行以下分析：

玩家1描述的是一种金黄色、圆润、甜而多汁的水果，富含胡萝卜素，有助于改善视力。
玩家2描述的是一种外表光滑、颜色鲜艳、果实大而饱满的水果，以其独特的风味和丰富的维生素C而闻名。
玩家3的描述与玩家2相似，也是外表光滑、颜色鲜艳、果实大而饱满，但特别指出核是空心的。

从描述中，玩家1和玩家2的描述有较高的相似性，都提到了颜色、风味和营养元素。玩家3的描述与玩家2有相似之处，但特别提到了核的形状，这可能与玩家2的描述有所不同。

由于游戏规则中提到卧底的描述可能会因为词语的不同而显得不太一致，我们需要注意到玩家4的提示，即卧底不会隐藏自己，会直接描述他的词语。在这种情况下，玩家1和玩家2的描述更可能是平民词，因为它们相似，而玩家3的描述可能更接近卧底词，因为它提供了一个与前面描述不同的特征。

然而，没有更多的信息，我们无法确定谁是卧底。我们需要更多的描述或者观察后续的投票和描述来进一步推断。
2024-12-13 13:28:06,929 - 3 - INFO - **********JUDGER**********
你刚刚的分析是好的，根据玩家们的描述，我们可以进行以下分析：

玩家1描述的是一种金黄色、圆润、甜而多汁的水果，富含胡萝卜素，有助于改善视力。
玩家2描述的是一种外表光滑、颜色鲜艳、果实大而饱满的水果，以其独特的风味和丰富的维生素C而闻名。
玩家3的描述与玩家2相似，也是外表光滑、颜色鲜艳、果实大而饱满，但特别指出核是空心的。

从描述中，玩家1和玩家2的描述有较高的相似性，都提到了颜色、风味和营养元素。玩家3的描述与玩家2有相似之处，但特别提到了核的形状，这可能与玩家2的描述有所不同。

由于游戏规则中提到卧底的描述可能会因为词语的不同而显得不太一致，我们需要注意到玩家4的提示，即卧底不会隐藏自己，会直接描述他的词语。在这种情况下，玩家1和玩家2的描述更可能是平民词，因为它们相似，而玩家3的描述可能更接近卧底词，因为它提供了一个与前面描述不同的特征。

然而，没有更多的信息，我们无法确定谁是卧底。我们需要更多的描述或者观察后续的投票和描述来进一步推断。|| `请根据上述分析，比较描述以找出不一致之处，注意，这局游戏的词语分类为<水果>，卧底词和平民词都属于该类。
2024-12-13 13:28:16,622 - 3 - INFO - **********PLAYER3**********
根据上述分析，我们可以注意到以下不一致之处：

1. 玩家1和玩家2的描述在颜色、风味和营养元素上高度相似，这表明他们可能持有相同的平民词。
2. 玩家3的描述虽然与玩家2有相似之处，但特别提到了核是空心的，这一点在玩家2的描述中没有出现。
3. 玩家4的提示指出卧底会直接描述他的词语，这意味着卧底可能会提供一些与前面描述不一致的信息，以掩盖自己的真实身份。

基于这些信息，我们可以推测：

- 如果玩家1和玩家2持有相同的平民词，那么他们的描述应该是一致的，但玩家3提到的核是空心的这一特征可能是为了误导，因为他可能持有与玩家1和玩家2不同的卧底词。
- 玩家3的描述中的核是空心的这一特征可能是用来区分他的词语与玩家1和玩家2的词语的，因为这个特征在玩家1和玩家2的描述中没有出现。

因此，玩家3的描述可能是最不一致的，这可能是我们寻找卧底的关键线索。然而，没有更多的信息，我们无法确定玩家3是否真的是卧底，或者他的描述是否是故意用来混淆视听的。需要进一步的信息或者观察后续的描述和投票来确定。
2024-12-13 13:28:16,625 - 3 - INFO - **********JUDGER**********
你刚刚的分析是根据上述分析，我们可以注意到以下不一致之处：

1. 玩家1和玩家2的描述在颜色、风味和营养元素上高度相似，这表明他们可能持有相同的平民词。
2. 玩家3的描述虽然与玩家2有相似之处，但特别提到了核是空心的，这一点在玩家2的描述中没有出现。
3. 玩家4的提示指出卧底会直接描述他的词语，这意味着卧底可能会提供一些与前面描述不一致的信息，以掩盖自己的真实身份。

基于这些信息，我们可以推测：

- 如果玩家1和玩家2持有相同的平民词，那么他们的描述应该是一致的，但玩家3提到的核是空心的这一特征可能是为了误导，因为他可能持有与玩家1和玩家2不同的卧底词。
- 玩家3的描述中的核是空心的这一特征可能是用来区分他的词语与玩家1和玩家2的词语的，因为这个特征在玩家1和玩家2的描述中没有出现。

因此，玩家3的描述可能是最不一致的，这可能是我们寻找卧底的关键线索。然而，没有更多的信息，我们无法确定玩家3是否真的是卧底，或者他的描述是否是故意用来混淆视听的。需要进一步的信息或者观察后续的描述和投票来确定。|| 请通过你分析的不一致之处，推断卧底身份，注意，这局游戏的词语分类为<水果>，卧底词和平民词都属于该类。
2024-12-13 13:28:29,926 - 3 - INFO - **********PLAYER3**********
基于我们分析的不一致之处，以下是我对卧底身份的推断：

1. 玩家1和玩家2的描述在颜色、风味和营养元素上高度相似，这表明他们可能持有相同的平民词。由于他们的描述没有明显的矛盾点，我们可以暂时假设他们不是卧底。

2. 玩家3的描述与玩家2相似，但也提到了一个独特的特征――核是空心的。这个特征在玩家2的描述中没有出现，这可能是一个误导性的信息。

3. 玩家4的提示指出卧底会直接描述他的词语，这意味着卧底可能会提供一些与前面描述不一致的信息。玩家3提到的核是空心的特征，如果是为了误导，那么这可能是一个关键的线索。

考虑到游戏规则和玩家4的提示，玩家3的描述中的核是空心的特征可能是故意用来混淆视听的。在水果类中，核是空心的特征并不是非常常见，这可能是用来区分他的词语与玩家1和玩家2的词语的。

因此，根据这些分析，玩家3可能是卧底，因为他提供了一个与玩家1和玩家2描述不一致的特征，这个特征可能是用来掩盖他真实身份的。然而，这个推断还需要通过后续的描述和投票来验证。如果玩家3在接下来的描述中继续提供不一致的信息，那么他更有可能是卧底。
2024-12-13 13:28:29,930 - 3 - INFO - **********JUDGER**********
你刚刚的推断是基于我们分析的不一致之处，以下是我对卧底身份的推断：

1. 玩家1和玩家2的描述在颜色、风味和营养元素上高度相似，这表明他们可能持有相同的平民词。由于他们的描述没有明显的矛盾点，我们可以暂时假设他们不是卧底。

2. 玩家3的描述与玩家2相似，但也提到了一个独特的特征――核是空心的。这个特征在玩家2的描述中没有出现，这可能是一个误导性的信息。

3. 玩家4的提示指出卧底会直接描述他的词语，这意味着卧底可能会提供一些与前面描述不一致的信息。玩家3提到的核是空心的特征，如果是为了误导，那么这可能是一个关键的线索。

考虑到游戏规则和玩家4的提示，玩家3的描述中的核是空心的特征可能是故意用来混淆视听的。在水果类中，核是空心的特征并不是非常常见，这可能是用来区分他的词语与玩家1和玩家2的词语的。

因此，根据这些分析，玩家3可能是卧底，因为他提供了一个与玩家1和玩家2描述不一致的特征，这个特征可能是用来掩盖他真实身份的。然而，这个推断还需要通过后续的描述和投票来验证。如果玩家3在接下来的描述中继续提供不一致的信息，那么他更有可能是卧底。|| 基于你刚刚的推断得出你的最终结论，请输出你认为的卧底，在这种情况下只需要输出编号，是1-4中的某个数字，不要输出其他信息。在这个过程不要进行任何推理，只对||以前的部分进行信息提取
2024-12-13 13:28:30,566 - 3 - INFO - **********PLAYER3**********
3
2024-12-13 13:28:58,642 - 3 - INFO - **********JUDGER**********
玩家1说：这个水果通常呈金黄色，形状圆润，味道甜而多汁。在水果类中，它最突出的不同特征是富含胡萝卜素，有助于改善视力。这种水果皮薄易剥，果肉细腻，汁水丰富，口感软糯。在同类水果中，它以其独特的香气和丰富的营养成分而受到喜爱。玩家2说：这种水果外表光滑，颜色鲜艳，果实大而饱满。在同类水果中，它以其独特的风味和丰富的维生素C而闻名。这种水果的皮薄且易于剥离，果肉细腻，口感软糯，汁水丰富。它在同类水果中以其独特的风味和丰富的营养素而受到人们的喜爱。玩家3说：这个水果颜色鲜艳，肉质细嫩，水分充足。它在同类水果中特别的是，它的核是空心的。玩家4说：这个水果通常呈黄色，形状椭圆，味道香甜。在水果类中，它最突出的不同特征是香气浓郁，但有些人对其气味敏感。你是第3号玩家，你的关键词是<芒果>。你的回答中绝对不能包含你的关键词<芒果>。这是第二轮描述，你之前的描述是这个水果颜色鲜艳，肉质细嫩，水分充足。它在同类水果中特别的是，它的核是空心的。，注意，这局游戏的词语分类为<水果>，卧底词和平民词都属于该类，请你补充关于关键词的描述，注意，你的描述应该比起之前的描述更加贴近关键词，作为之前的补充
2024-12-13 13:29:04,112 - 3 - INFO - **********PLAYER3**********
这种水果味道香甜，质地柔软，汁水丰富。它的外皮呈现出诱人的金黄色，切开后，果肉呈现出细腻的丝状，口感非常滑嫩。它通常在成熟时具有浓郁的香气，但有时候这种香气可能会让人感到略带刺激。
2024-12-13 13:29:41,428 - 3 - INFO - **********JUDGER**********
玩家1说：这个水果通常呈金黄色，形状圆润，味道甜而多汁。在水果类中，它最突出的不同特征是富含胡萝卜素，有助于改善视力。这种水果皮薄易剥，果肉细腻，汁水丰富，口感软糯。在同类水果中，它以其独特的香气和丰富的营养成分而受到喜爱。玩家2说：这种水果外表光滑，颜色鲜艳，果实大而饱满。在同类水果中，它以其独特的风味和丰富的维生素C而闻名。这种水果的皮薄且易于剥离，果肉细腻，口感软糯，汁水丰富。它在同类水果中以其独特的风味和丰富的营养素而受到人们的喜爱。玩家3说：这个水果颜色鲜艳，肉质细嫩，水分充足。它在同类水果中特别的是，它的核是空心的。这种水果味道香甜，质地柔软，汁水丰富。它的外皮呈现出诱人的金黄色，切开后，果肉呈现出细腻的丝状，口感非常滑嫩。它通常在成熟时具有浓郁的香气，但有时候这种香气可能会让人感到略带刺激。玩家4说：这个水果通常呈黄色，形状椭圆，味道香甜。在水果类中，它最突出的不同特征是香气浓郁，但有些人对其气味敏感。||在这个游戏中，我们需要通过分析每位玩家的描述来找出卧底。通常，平民的描述会围绕相同的词语展开，而卧底的描述可能会因为词语的不同而显得不太一致。我们需要仔细比较每个描述之间的相似性和差异性，以找出可能的卧底，注意，卧底并不会隐藏自己，他会直接描述他的词语，现在，逐一分析每个玩家的描述，注意，这局游戏的词语分类为<水果>，卧底词和平民词都属于该类。||之前是第2轮描述和之前轮数描述的合集。你之前认为的卧底是玩家3。
2024-12-13 13:29:50,006 - 3 - INFO - **********PLAYER3**********
根据第二轮描述和之前轮数描述的合集，以及之前的分析，如果之前的推断是正确的，那么玩家3的描述与其他玩家的描述在多个方面存在不一致之处：

1. 玩家1和玩家2的描述都强调了水果的香气、风味、维生素C含量和营养成分，这与玩家3和玩家4的描述有所不同。
2. 玩家3特别提到了水果核是空心的这一特征，而其他玩家没有提及这一点。
3. 玩家4的描述虽然也提到了香气浓郁，但没有提及维生素C或其他营养素，这与玩家1和玩家2的描述不一致。

基于这些不一致之处，玩家3的描述仍然与之前的推断相符，他可能是卧底。因此，如果继续坚持之前的推断，我会继续认为玩家3是卧底。
2024-12-13 13:29:50,007 - 3 - INFO - **********JUDGER**********
你刚刚的分析是根据第二轮描述和之前轮数描述的合集，以及之前的分析，如果之前的推断是正确的，那么玩家3的描述与其他玩家的描述在多个方面存在不一致之处：

1. 玩家1和玩家2的描述都强调了水果的香气、风味、维生素C含量和营养成分，这与玩家3和玩家4的描述有所不同。
2. 玩家3特别提到了水果核是空心的这一特征，而其他玩家没有提及这一点。
3. 玩家4的描述虽然也提到了香气浓郁，但没有提及维生素C或其他营养素，这与玩家1和玩家2的描述不一致。

基于这些不一致之处，玩家3的描述仍然与之前的推断相符，他可能是卧底。因此，如果继续坚持之前的推断，我会继续认为玩家3是卧底。|| `请根据上述分析，比较描述以找出不一致之处，注意，这局游戏的词语分类为<水果>，卧底词和平民词都属于该类。
2024-12-13 13:29:59,375 - 3 - INFO - **********PLAYER3**********
根据上述分析，以下是一致性和不一致之处：

一致之处：
- 玩家1和玩家2的描述都提到了水果的香气、风味、维生素C含量和营养成分，这表明他们可能持有相同的平民词。
- 玩家3和玩家4的描述都提到了水果的香气，但没有提及维生素C或其他营养素，这可能意味着他们也可能持有相同的平民词。

不一致之处：
- 玩家3的描述特别提到了水果核是空心的，而玩家1、玩家2和玩家4的描述中都没有提及这一特征。
- 玩家4的描述提到了水果呈黄色、形状椭圆，而玩家1、玩家2和玩家3的描述中并没有提及这些具体的形状和颜色描述。

基于这些不一致之处，玩家3的描述与玩家1、玩家2和玩家4的描述在核的形状这一特征上存在明显差异，这可能表明玩家3持有与大家不同的卧底词。而玩家4的描述在颜色和形状上与大家有所不同，这也可能是另一个不一致之处。因此，这些不一致性可以作为找出卧底的重要线索。
2024-12-13 13:29:59,377 - 3 - INFO - **********JUDGER**********
你刚刚的分析是根据上述分析，以下是一致性和不一致之处：

一致之处：
- 玩家1和玩家2的描述都提到了水果的香气、风味、维生素C含量和营养成分，这表明他们可能持有相同的平民词。
- 玩家3和玩家4的描述都提到了水果的香气，但没有提及维生素C或其他营养素，这可能意味着他们也可能持有相同的平民词。

不一致之处：
- 玩家3的描述特别提到了水果核是空心的，而玩家1、玩家2和玩家4的描述中都没有提及这一特征。
- 玩家4的描述提到了水果呈黄色、形状椭圆，而玩家1、玩家2和玩家3的描述中并没有提及这些具体的形状和颜色描述。

基于这些不一致之处，玩家3的描述与玩家1、玩家2和玩家4的描述在核的形状这一特征上存在明显差异，这可能表明玩家3持有与大家不同的卧底词。而玩家4的描述在颜色和形状上与大家有所不同，这也可能是另一个不一致之处。因此，这些不一致性可以作为找出卧底的重要线索。|| 请通过你分析的不一致之处，推断卧底身份，注意，这局游戏的词语分类为<水果>，卧底词和平民词都属于该类。
2024-12-13 13:30:06,204 - 3 - INFO - **********PLAYER3**********
基于分析的不一致之处，以下是推断卧底身份的结论：

- 玩家3的描述中提到了“核是空心的”，这是一个在玩家1、玩家2和玩家4的描述中没有出现的特征。在水果类中，核是空心的特征并不常见，这可能是用来区分他的词语与玩家1、玩家2和玩家4的词语的。
- 玩家4的描述中提到了“呈黄色，形状椭圆”，这也是一个在玩家1、玩家2和玩家3的描述中没有提及的具体特征。

考虑到这些不一致之处，玩家3和玩家4的描述都包含了与其他玩家描述不同的独特特征。然而，玩家3的描述提供了一个更为明显和独特的特征（空心的核），这可能是用来掩盖他真实身份的。因此，根据这些信息，我推断玩家3可能是卧底。
2024-12-13 13:30:06,206 - 3 - INFO - **********JUDGER**********
你刚刚的推断是基于分析的不一致之处，以下是推断卧底身份的结论：

- 玩家3的描述中提到了“核是空心的”，这是一个在玩家1、玩家2和玩家4的描述中没有出现的特征。在水果类中，核是空心的特征并不常见，这可能是用来区分他的词语与玩家1、玩家2和玩家4的词语的。
- 玩家4的描述中提到了“呈黄色，形状椭圆”，这也是一个在玩家1、玩家2和玩家3的描述中没有提及的具体特征。

考虑到这些不一致之处，玩家3和玩家4的描述都包含了与其他玩家描述不同的独特特征。然而，玩家3的描述提供了一个更为明显和独特的特征（空心的核），这可能是用来掩盖他真实身份的。因此，根据这些信息，我推断玩家3可能是卧底。|| 基于你刚刚的推断得出你的最终结论，请输出你认为的卧底，在这种情况下只需要输出编号，是1-4中的某个数字，不要输出其他信息。在这个过程不要进行任何推理，只对||以前的部分进行信息提取
2024-12-13 13:30:07,081 - 3 - INFO - **********PLAYER3**********
3
2024-12-13 13:30:43,839 - 3 - INFO - **********JUDGER**********
玩家1说：这个水果通常呈金黄色，形状圆润，味道甜而多汁。在水果类中，它最突出的不同特征是富含胡萝卜素，有助于改善视力。这种水果皮薄易剥，果肉细腻，汁水丰富，口感软糯。在同类水果中，它以其独特的香气和丰富的营养成分而受到喜爱。这种水果的果实较大，果皮光滑，色泽金黄，果肉厚实，口感甘甜，富含纤维，有助于消化。它的果实通常单个较大，适合鲜食或加工。在同类水果中，它以其丰富的维生素和矿物质含量而受到推崇。玩家2说：这种水果外表光滑，颜色鲜艳，果实大而饱满。在同类水果中，它以其独特的风味和丰富的维生素C而闻名。这种水果的皮薄且易于剥离，果肉细腻，口感软糯，汁水丰富。它在同类水果中以其独特的风味和丰富的营养素而受到人们的喜爱。这种水果的果肉柔软，含有明显的纤维，口感滑爽，含有丰富的天然糖分和多种维生素。它的皮相对较厚，需要一定的力度才能剥开，但剥开后可以直接食用或用于制作各种甜点。玩家3说：这个水果颜色鲜艳，肉质细嫩，水分充足。它在同类水果中特别的是，它的核是空心的。这种水果味道香甜，质地柔软，汁水丰富。它的外皮呈现出诱人的金黄色，切开后，果肉呈现出细腻的丝状，口感非常滑嫩。它通常在成熟时具有浓郁的香气，但有时候这种香气可能会让人感到略带刺激。玩家4说：这个水果通常呈黄色，形状椭圆，味道香甜。在水果类中，它最突出的不同特征是香气浓郁，但有些人对其气味敏感。这个水果的皮较厚，质地坚硬，需要一定的力量才能剥开。它的果肉纤维较多，口感较为粗糙。在同类水果中，它的味道独特，既有甜味也有苦味，香气非常浓郁，但它的气味可能会引起人们的不同反应。你是第3号玩家，你的关键词是<芒果>。你的回答中绝对不能包含你的关键词<芒果>。这是第三轮描述，你之前的描述是这个水果颜色鲜艳，肉质细嫩，水分充足。它在同类水果中特别的是，它的核是空心的。和这种水果味道香甜，质地柔软，汁水丰富。它的外皮呈现出诱人的金黄色，切开后，果肉呈现出细腻的丝状，口感非常滑嫩。它通常在成熟时具有浓郁的香气，但有时候这种香气可能会让人感到略带刺激。，注意，这局游戏的词语分类为<水果>，卧底词和平民词都属于该类，请你补充关于关键词的描述，注意，你的描述应该比起之前的描述更加贴近关键词，作为之前的补充
2024-12-13 13:30:49,221 - 3 - INFO - **********PLAYER3**********
关键词描述：<芒果>

描述：
芒果是一种热带水果，通常呈金黄色，形状圆润，肉质细腻，味道甜美多汁。它的皮薄而光滑，易于剥离。芒果含有丰富的维生素A和C，对视力有很好的改善作用。在水果类中，芒果以其独特的风味和丰富的维生素C而闻名。它的核是空心的，这是它在同类水果中最突出的不同特征之一。芒果的口感多样，从脆甜到浓郁，深受人们喜爱。在制作甜品或果汁时，芒果是常用的食材。
2024-12-13 13:30:49,222 - 3 - INFO - **********JUDGER**********
玩家1说：这个水果通常呈金黄色，形状圆润，味道甜而多汁。在水果类中，它最突出的不同特征是富含胡萝卜素，有助于改善视力。这种水果皮薄易剥，果肉细腻，汁水丰富，口感软糯。在同类水果中，它以其独特的香气和丰富的营养成分而受到喜爱。这种水果的果实较大，果皮光滑，色泽金黄，果肉厚实，口感甘甜，富含纤维，有助于消化。它的果实通常单个较大，适合鲜食或加工。在同类水果中，它以其丰富的维生素和矿物质含量而受到推崇。玩家2说：这种水果外表光滑，颜色鲜艳，果实大而饱满。在同类水果中，它以其独特的风味和丰富的维生素C而闻名。这种水果的皮薄且易于剥离，果肉细腻，口感软糯，汁水丰富。它在同类水果中以其独特的风味和丰富的营养素而受到人们的喜爱。这种水果的果肉柔软，含有明显的纤维，口感滑爽，含有丰富的天然糖分和多种维生素。它的皮相对较厚，需要一定的力度才能剥开，但剥开后可以直接食用或用于制作各种甜点。玩家3说：这个水果颜色鲜艳，肉质细嫩，水分充足。它在同类水果中特别的是，它的核是空心的。这种水果味道香甜，质地柔软，汁水丰富。它的外皮呈现出诱人的金黄色，切开后，果肉呈现出细腻的丝状，口感非常滑嫩。它通常在成熟时具有浓郁的香气，但有时候这种香气可能会让人感到略带刺激。玩家4说：这个水果通常呈黄色，形状椭圆，味道香甜。在水果类中，它最突出的不同特征是香气浓郁，但有些人对其气味敏感。这个水果的皮较厚，质地坚硬，需要一定的力量才能剥开。它的果肉纤维较多，口感较为粗糙。在同类水果中，它的味道独特，既有甜味也有苦味，香气非常浓郁，但它的气味可能会引起人们的不同反应。你是第3号玩家，你的关键词是<芒果>。你的回答中绝对不能包含你的关键词<芒果>。这是第三轮描述，你之前的描述是这个水果颜色鲜艳，肉质细嫩，水分充足。它在同类水果中特别的是，它的核是空心的。和这种水果味道香甜，质地柔软，汁水丰富。它的外皮呈现出诱人的金黄色，切开后，果肉呈现出细腻的丝状，口感非常滑嫩。它通常在成熟时具有浓郁的香气，但有时候这种香气可能会让人感到略带刺激。，注意，这局游戏的词语分类为<水果>，卧底词和平民词都属于该类，请你补充关于关键词的描述，注意，你的描述应该比起之前的描述更加贴近关键词，作为之前的补充
2024-12-13 13:30:53,739 - 3 - INFO - **********PLAYER3**********
关键词描述：

这种水果通常呈现出明亮的黄色，形状略为椭圆，果肉鲜嫩多汁。它的外皮光滑，容易剥离，露出细腻的果肉。这种水果的甜味浓郁，口感滑顺，水分含量高，是夏季非常受欢迎的水果。它的香气独特，成熟时尤为明显，但有时可能会因为香气过于浓郁而让人感到微妙的刺激。这种水果适合鲜食，也常用于制作各种甜品和饮品。
2024-12-13 13:31:46,770 - 3 - INFO - **********JUDGER**********
玩家1说：这个水果通常呈金黄色，形状圆润，味道甜而多汁。在水果类中，它最突出的不同特征是富含胡萝卜素，有助于改善视力。这种水果皮薄易剥，果肉细腻，汁水丰富，口感软糯。在同类水果中，它以其独特的香气和丰富的营养成分而受到喜爱。这种水果的果实较大，果皮光滑，色泽金黄，果肉厚实，口感甘甜，富含纤维，有助于消化。它的果实通常单个较大，适合鲜食或加工。在同类水果中，它以其丰富的维生素和矿物质含量而受到推崇。玩家2说：这种水果外表光滑，颜色鲜艳，果实大而饱满。在同类水果中，它以其独特的风味和丰富的维生素C而闻名。这种水果的皮薄且易于剥离，果肉细腻，口感软糯，汁水丰富。它在同类水果中以其独特的风味和丰富的营养素而受到人们的喜爱。这种水果的果肉柔软，含有明显的纤维，口感滑爽，含有丰富的天然糖分和多种维生素。它的皮相对较厚，需要一定的力度才能剥开，但剥开后可以直接食用或用于制作各种甜点。玩家3说：这个水果颜色鲜艳，肉质细嫩，水分充足。它在同类水果中特别的是，它的核是空心的。这种水果味道香甜，质地柔软，汁水丰富。它的外皮呈现出诱人的金黄色，切开后，果肉呈现出细腻的丝状，口感非常滑嫩。它通常在成熟时具有浓郁的香气，但有时候这种香气可能会让人感到略带刺激。关键词描述：

这种水果通常呈现出明亮的黄色，形状略为椭圆，果肉鲜嫩多汁。它的外皮光滑，容易剥离，露出细腻的果肉。这种水果的甜味浓郁，口感滑顺，水分含量高，是夏季非常受欢迎的水果。它的香气独特，成熟时尤为明显，但有时可能会因为香气过于浓郁而让人感到微妙的刺激。这种水果适合鲜食，也常用于制作各种甜品和饮品。玩家4说：这个水果通常呈黄色，形状椭圆，味道香甜。在水果类中，它最突出的不同特征是香气浓郁，但有些人对其气味敏感。这个水果的皮较厚，质地坚硬，需要一定的力量才能剥开。它的果肉纤维较多，口感较为粗糙。在同类水果中，它的味道独特，既有甜味也有苦味，香气非常浓郁，但它的气味可能会引起人们的不同反应。这种水果的外皮坚硬，颜色偏黄，剥开时需要用工具辅助。内部的果肉呈多瓣状，质地绵密，含有明显的纤维。它的香气非常强烈，对于喜欢它的人来说，是一种独特的诱惑，但对于不喜欢它的人来说，可能会感到难以忍受。这种水果的味道复杂，既有甜味也有微妙的苦味，且纤维含量较高，口感较为粗糙。||在这个游戏中，我们需要通过分析每位玩家的描述来找出卧底。通常，平民的描述会围绕相同的词语展开，而卧底的描述可能会因为词语的不同而显得不太一致。我们需要仔细比较每个描述之间的相似性和差异性，以找出可能的卧底，注意，卧底并不会隐藏自己，他会直接描述他的词语，现在，逐一分析每个玩家的描述，注意，这局游戏的词语分类为<水果>，卧底词和平民词都属于该类。||之前是第3轮描述和之前轮数描述的合集。你之前认为的卧底是玩家3。
2024-12-13 13:32:00,890 - 3 - INFO - **********PLAYER3**********
根据第三轮描述和之前轮数描述的合集，以下是对每位玩家描述的分析：

玩家1和玩家2的描述都提到了水果的色泽、大小、风味、维生素C含量、皮薄易剥、果肉细腻、汁水丰富、口感软糯，以及营养素丰富等特点。这些描述高度相似，表明他们可能持有相同的平民词。

玩家3的描述也提到了水果的颜色鲜艳、肉质细嫩、水分充足、味道香甜、质地柔软、汁水丰富、外皮金黄色、果肉细腻、口感滑嫩、香气浓郁，但特别强调了核是空心的这一特征。

玩家4的描述提到了水果的色泽、形状、味道、香气、皮厚、质地坚硬、果肉纤维多、口感粗糙、味道复杂、纤维含量高、香气强烈、味道既有甜味也有苦味等特征。

比较这些描述，我们可以看到：

- 玩家1和玩家2的描述最为相似，这表明他们可能是平民。
- 玩家3的描述与玩家1和玩家2的描述在许多方面相似，但特别强调了核是空心的，这与玩家1和玩家2的描述不同。
- 玩家4的描述与玩家1和玩家2的描述在多个方面存在差异，如皮厚、质地坚硬、口感粗糙、味道复杂等，这些特征与玩家1和玩家2的描述不符。

基于之前的推断，玩家3的描述在核的特征上与其他玩家不同，这仍然是一个不一致之处。然而，玩家4的描述提供了更多与玩家1和玩家2不一致的特征，这表明玩家4的描述可能与卧底词更为接近。

因此，如果继续坚持之前的推断，我会继续认为玩家3可能是卧底。但考虑到玩家4的描述提供了更多的不一致性，玩家4也可能是卧底。
2024-12-13 13:32:00,891 - 3 - INFO - **********JUDGER**********
你刚刚的分析是根据第三轮描述和之前轮数描述的合集，以下是对每位玩家描述的分析：

玩家1和玩家2的描述都提到了水果的色泽、大小、风味、维生素C含量、皮薄易剥、果肉细腻、汁水丰富、口感软糯，以及营养素丰富等特点。这些描述高度相似，表明他们可能持有相同的平民词。

玩家3的描述也提到了水果的颜色鲜艳、肉质细嫩、水分充足、味道香甜、质地柔软、汁水丰富、外皮金黄色、果肉细腻、口感滑嫩、香气浓郁，但特别强调了核是空心的这一特征。

玩家4的描述提到了水果的色泽、形状、味道、香气、皮厚、质地坚硬、果肉纤维多、口感粗糙、味道复杂、纤维含量高、香气强烈、味道既有甜味也有苦味等特征。

比较这些描述，我们可以看到：

- 玩家1和玩家2的描述最为相似，这表明他们可能是平民。
- 玩家3的描述与玩家1和玩家2的描述在许多方面相似，但特别强调了核是空心的，这与玩家1和玩家2的描述不同。
- 玩家4的描述与玩家1和玩家2的描述在多个方面存在差异，如皮厚、质地坚硬、口感粗糙、味道复杂等，这些特征与玩家1和玩家2的描述不符。

基于之前的推断，玩家3的描述在核的特征上与其他玩家不同，这仍然是一个不一致之处。然而，玩家4的描述提供了更多与玩家1和玩家2不一致的特征，这表明玩家4的描述可能与卧底词更为接近。

因此，如果继续坚持之前的推断，我会继续认为玩家3可能是卧底。但考虑到玩家4的描述提供了更多的不一致性，玩家4也可能是卧底。|| `请根据上述分析，比较描述以找出不一致之处，注意，这局游戏的词语分类为<水果>，卧底词和平民词都属于该类。
2024-12-13 13:32:07,809 - 3 - INFO - **********PLAYER3**********
根据上述分析，以下是一致性和不一致之处：

一致之处：
- 玩家1和玩家2的描述在色泽、风味、维生素C含量、皮薄易剥、果肉细腻、汁水丰富、口感软糯以及营养素丰富等方面高度相似，这表明他们可能持有相同的平民词。

不一致之处：
- 玩家3的描述与玩家1和玩家2相似，但在核的特征上有所不同，强调了核是空心的，这一点在玩家1和玩家2的描述中没有提及。
- 玩家4的描述与玩家1和玩家2在多个方面存在差异，包括皮厚、质地坚硬、果肉纤维多、口感粗糙、味道复杂、纤维含量高、香气强烈、味道既有甜味也有苦味等，这些特征与玩家1和玩家2的描述不一致。

基于这些不一致之处，玩家3的描述在核的特征上提供了一个与玩家1和玩家2不同的独特点，而玩家4的描述则提供了更多与玩家1和玩家2不一致的特征。这表明玩家3和玩家4的描述可能更接近卧底词，而玩家1和玩家2的描述可能更符合平民词。
2024-12-13 13:32:07,811 - 3 - INFO - **********JUDGER**********
你刚刚的分析是根据上述分析，以下是一致性和不一致之处：

一致之处：
- 玩家1和玩家2的描述在色泽、风味、维生素C含量、皮薄易剥、果肉细腻、汁水丰富、口感软糯以及营养素丰富等方面高度相似，这表明他们可能持有相同的平民词。

不一致之处：
- 玩家3的描述与玩家1和玩家2相似，但在核的特征上有所不同，强调了核是空心的，这一点在玩家1和玩家2的描述中没有提及。
- 玩家4的描述与玩家1和玩家2在多个方面存在差异，包括皮厚、质地坚硬、果肉纤维多、口感粗糙、味道复杂、纤维含量高、香气强烈、味道既有甜味也有苦味等，这些特征与玩家1和玩家2的描述不一致。

基于这些不一致之处，玩家3的描述在核的特征上提供了一个与玩家1和玩家2不同的独特点，而玩家4的描述则提供了更多与玩家1和玩家2不一致的特征。这表明玩家3和玩家4的描述可能更接近卧底词，而玩家1和玩家2的描述可能更符合平民词。|| 请通过你分析的不一致之处，推断卧底身份，注意，这局游戏的词语分类为<水果>，卧底词和平民词都属于该类。
2024-12-13 13:32:14,786 - 3 - INFO - **********PLAYER3**********
基于分析的不一致之处，以下是我对卧底身份的推断：

- 玩家1和玩家2的描述非常相似，这表明他们可能持有相同的平民词。
- 玩家3的描述与玩家1和玩家2相似，但特别提到了核是空心的，这一特征在玩家1和玩家2的描述中没有出现，这可能是用来混淆视听的。
- 玩家4的描述与玩家1和玩家2在多个方面存在差异，包括皮厚、质地坚硬、果肉纤维多、口感粗糙、味道复杂等，这些特征与玩家1和玩家2的描述不一致，这强烈暗示玩家4可能持有与大家不同的卧底词。

考虑到这些信息，玩家4的描述提供了更多与玩家1和玩家2不一致的特征，因此，根据这些分析，我认为玩家4更有可能是卧底。
2024-12-13 13:32:14,793 - 3 - INFO - **********JUDGER**********
你刚刚的推断是基于分析的不一致之处，以下是我对卧底身份的推断：

- 玩家1和玩家2的描述非常相似，这表明他们可能持有相同的平民词。
- 玩家3的描述与玩家1和玩家2相似，但特别提到了核是空心的，这一特征在玩家1和玩家2的描述中没有出现，这可能是用来混淆视听的。
- 玩家4的描述与玩家1和玩家2在多个方面存在差异，包括皮厚、质地坚硬、果肉纤维多、口感粗糙、味道复杂等，这些特征与玩家1和玩家2的描述不一致，这强烈暗示玩家4可能持有与大家不同的卧底词。

考虑到这些信息，玩家4的描述提供了更多与玩家1和玩家2不一致的特征，因此，根据这些分析，我认为玩家4更有可能是卧底。|| 基于你刚刚的推断得出你的最终结论，请输出你认为的卧底，在这种情况下只需要输出编号，是1-4中的某个数字，不要输出其他信息。在这个过程不要进行任何推理，只对||以前的部分进行信息提取
2024-12-13 13:32:16,028 - 3 - INFO - **********PLAYER3**********
4
