2024-12-13 13:26:50,910 - 4 - INFO - **********JUDGER**********
让我们来玩一个叫做<谁是卧底>的推理游戏。基本规则：<人数>：4人。<角色分配>：每位玩家随机抽取一个词语，3名玩家拿到的词语是相同的（平民词），1名玩家拿到与之相近但不同的词语（卧底词）。<游戏流程>：1、玩家轮流描述自己的词语，但<不能>直接说出词语本身。2、描述完毕后，投票选出最像卧底的玩家。3、每轮结束后，被投票选出的玩家出局，不能再进行描述或投票。4、每轮投票结束后，如果卧底被成功找出，平民方获胜；如果卧底未被找出且卧底人数等于或超过平民人数，则卧底方获胜。你将扮演一个<玩家>，请等待你被分配到的关键词。如果你听懂了，只回答，"好的，我准备好参加游戏了"，不要输出别的信息
2024-12-13 13:26:51,411 - 4 - INFO - **********PLAYER4**********
好的，我准备好参加游戏了
2024-12-13 13:26:56,257 - 4 - INFO - **********JUDGER**********
玩家1说：这个水果通常呈金黄色，形状圆润，味道甜而多汁。在水果类中，它最突出的不同特征是富含胡萝卜素，有助于改善视力。玩家2说：这种水果外表光滑，颜色鲜艳，果实大而饱满。在同类水果中，它以其独特的风味和丰富的维生素C而闻名。玩家3说：这个水果颜色鲜艳，肉质细嫩，水分充足。它在同类水果中特别的是，它的核是空心的。玩家4说：|| 你是第4号玩家，你的关键词是<榴莲>。你的回答中绝对不能包含你的关键词<榴莲>。这是第一轮描述，不需要分析||之前别的玩家的描述，请你描述关键词基本特征，注意，这局游戏的词语分类为<水果>，卧底词和平民词都属于该类，描述包括以下两点，1.他的基本特征是什么2.他在该类（水果）中最突出不同的特征是什么，尽量简短
2024-12-13 13:26:59,516 - 4 - INFO - **********PLAYER4**********
这个水果通常呈黄色，形状椭圆，味道香甜。在水果类中，它最突出的不同特征是香气浓郁，但有些人对其气味敏感。
2024-12-13 13:28:30,566 - 4 - INFO - **********JUDGER**********
玩家1说：这个水果通常呈金黄色，形状圆润，味道甜而多汁。在水果类中，它最突出的不同特征是富含胡萝卜素，有助于改善视力。玩家2说：这种水果外表光滑，颜色鲜艳，果实大而饱满。在同类水果中，它以其独特的风味和丰富的维生素C而闻名。玩家3说：这个水果颜色鲜艳，肉质细嫩，水分充足。它在同类水果中特别的是，它的核是空心的。玩家4说：||在这个游戏中，我们需要通过分析每位玩家的描述来找出卧底。通常，平民的描述会围绕相同的词语展开，而卧底的描述可能会因为词语的不同而显得不太一致。我们需要仔细比较每个描述之间的相似性和差异性，以找出可能的卧底，注意，卧底并不会隐藏自己，他会直接描述他的词语，现在，逐一分析每个玩家的描述，注意，这局游戏的词语分类为<水果>，卧底词和平民词都属于该类。这是第一轮描述。
2024-12-13 13:28:36,204 - 4 - INFO - **********PLAYER4**********
玩家1描述的水果听起来像是胡萝卜，因为它提到了金黄色、富含胡萝卜素和改善视力的特点。

玩家2的描述更像是柑橘类水果，如橙子或柚子，因为它们外表光滑、颜色鲜艳、果实大而饱满，并且以维生素C闻名。

玩家3的描述可能指的是芒果，因为芒果肉质细嫩、水分充足，且核是空心的。

玩家4的描述没有提供足够的信息来确定具体是哪种水果，但是从描述中可以看出，他可能是在描述一个有强烈气味的果实，这与榴莲的特征相符。

根据这些描述，玩家4的描述与其他玩家相比可能不太一致，特别是如果其他玩家描述的是柑橘类水果或芒果，而玩家4没有提到这些特征，那么玩家4可能是卧底。
2024-12-13 13:28:36,207 - 4 - INFO - **********JUDGER**********
你刚刚的分析是玩家1描述的水果听起来像是胡萝卜，因为它提到了金黄色、富含胡萝卜素和改善视力的特点。

玩家2的描述更像是柑橘类水果，如橙子或柚子，因为它们外表光滑、颜色鲜艳、果实大而饱满，并且以维生素C闻名。

玩家3的描述可能指的是芒果，因为芒果肉质细嫩、水分充足，且核是空心的。

玩家4的描述没有提供足够的信息来确定具体是哪种水果，但是从描述中可以看出，他可能是在描述一个有强烈气味的果实，这与榴莲的特征相符。

根据这些描述，玩家4的描述与其他玩家相比可能不太一致，特别是如果其他玩家描述的是柑橘类水果或芒果，而玩家4没有提到这些特征，那么玩家4可能是卧底。|| `请根据上述分析，比较描述以找出不一致之处，注意，这局游戏的词语分类为<水果>，卧底词和平民词都属于该类。
2024-12-13 13:28:46,067 - 4 - INFO - **********PLAYER4**********
根据上述分析，我们可以比较描述以找出不一致之处：

- 玩家1描述了金黄色、富含胡萝卜素和改善视力的特点，这与胡萝卜相符。
- 玩家2描述了外表光滑、颜色鲜艳、果实大而饱满，以及独特的风味和丰富的维生素C，这与柑橘类水果（如橙子或柚子）相符。
- 玩家3描述了颜色鲜艳、肉质细嫩、水分充足，且核是空心的，这与芒果相符。
- 玩家4没有明确提到颜色、形状或营养成分，但描述了一个有强烈气味的果实，这与榴莲相符。

不一致之处在于：
- 玩家1、2、3的描述都指向了具体的、常见的、广为人知的水果特征。
- 玩家4的描述则没有明确指向某个具体的水果，而是强调了气味这一特征，这与榴莲的强烈气味相吻合，而榴莲的气味是其他常见水果所不具备的，且可能会引起人们的不同反应。

因此，玩家4的描述与其他玩家相比可能更不符合常见的描述模式，这可能是寻找卧底的一个线索。
2024-12-13 13:28:46,071 - 4 - INFO - **********JUDGER**********
你刚刚的分析是根据上述分析，我们可以比较描述以找出不一致之处：

- 玩家1描述了金黄色、富含胡萝卜素和改善视力的特点，这与胡萝卜相符。
- 玩家2描述了外表光滑、颜色鲜艳、果实大而饱满，以及独特的风味和丰富的维生素C，这与柑橘类水果（如橙子或柚子）相符。
- 玩家3描述了颜色鲜艳、肉质细嫩、水分充足，且核是空心的，这与芒果相符。
- 玩家4没有明确提到颜色、形状或营养成分，但描述了一个有强烈气味的果实，这与榴莲相符。

不一致之处在于：
- 玩家1、2、3的描述都指向了具体的、常见的、广为人知的水果特征。
- 玩家4的描述则没有明确指向某个具体的水果，而是强调了气味这一特征，这与榴莲的强烈气味相吻合，而榴莲的气味是其他常见水果所不具备的，且可能会引起人们的不同反应。

因此，玩家4的描述与其他玩家相比可能更不符合常见的描述模式，这可能是寻找卧底的一个线索。|| 请通过你分析的不一致之处，推断卧底身份，注意，这局游戏的词语分类为<水果>，卧底词和平民词都属于该类。
2024-12-13 13:28:53,002 - 4 - INFO - **********PLAYER4**********
根据上述分析，不一致之处在于玩家4的描述没有明确指向某个具体的水果特征，而是强调了气味这一特征，这与榴莲的强烈气味相吻合。榴莲的气味是独特的，而且它并不是一个广为人知的水果，尤其是在与其他常见水果的描述相比较时。

在词语分类为<水果>的游戏中，如果其他玩家的描述都指向了具体、常见的水果特征，而玩家4的描述没有这样的指向，并且提到了一个具有强烈气味的特征，这很可能意味着玩家4的词语是榴莲，因为榴莲的气味是它最显著的特征之一，而且这种气味对于很多人来说是独特的，容易与其他水果区分开来。

因此，基于这些线索，可以推断玩家4很可能是卧底，因为他的描述与其他玩家描述的具体水果特征不一致，而是指向了一个特征鲜明的、不常见的水果――榴莲。
2024-12-13 13:28:53,003 - 4 - INFO - **********JUDGER**********
你刚刚的推断是根据上述分析，不一致之处在于玩家4的描述没有明确指向某个具体的水果特征，而是强调了气味这一特征，这与榴莲的强烈气味相吻合。榴莲的气味是独特的，而且它并不是一个广为人知的水果，尤其是在与其他常见水果的描述相比较时。

在词语分类为<水果>的游戏中，如果其他玩家的描述都指向了具体、常见的水果特征，而玩家4的描述没有这样的指向，并且提到了一个具有强烈气味的特征，这很可能意味着玩家4的词语是榴莲，因为榴莲的气味是它最显著的特征之一，而且这种气味对于很多人来说是独特的，容易与其他水果区分开来。

因此，基于这些线索，可以推断玩家4很可能是卧底，因为他的描述与其他玩家描述的具体水果特征不一致，而是指向了一个特征鲜明的、不常见的水果――榴莲。|| 基于你刚刚的推断得出你的最终结论，请输出你认为的卧底，在这种情况下只需要输出编号，是1-4中的某个数字，不要输出其他信息。在这个过程不要进行任何推理，只对||以前的部分进行信息提取
2024-12-13 13:28:53,661 - 4 - INFO - **********PLAYER4**********
4
2024-12-13 13:29:04,113 - 4 - INFO - **********JUDGER**********
玩家1说：这个水果通常呈金黄色，形状圆润，味道甜而多汁。在水果类中，它最突出的不同特征是富含胡萝卜素，有助于改善视力。这种水果皮薄易剥，果肉细腻，汁水丰富，口感软糯。在同类水果中，它以其独特的香气和丰富的营养成分而受到喜爱。玩家2说：这种水果外表光滑，颜色鲜艳，果实大而饱满。在同类水果中，它以其独特的风味和丰富的维生素C而闻名。这种水果的皮薄且易于剥离，果肉细腻，口感软糯，汁水丰富。它在同类水果中以其独特的风味和丰富的营养素而受到人们的喜爱。玩家3说：这个水果颜色鲜艳，肉质细嫩，水分充足。它在同类水果中特别的是，它的核是空心的。这种水果味道香甜，质地柔软，汁水丰富。它的外皮呈现出诱人的金黄色，切开后，果肉呈现出细腻的丝状，口感非常滑嫩。它通常在成熟时具有浓郁的香气，但有时候这种香气可能会让人感到略带刺激。玩家4说：这个水果通常呈黄色，形状椭圆，味道香甜。在水果类中，它最突出的不同特征是香气浓郁，但有些人对其气味敏感。你是第4号玩家，你的关键词是<榴莲>。你的回答中绝对不能包含你的关键词<榴莲>。这是第二轮描述，你之前的描述是这个水果通常呈黄色，形状椭圆，味道香甜。在水果类中，它最突出的不同特征是香气浓郁，但有些人对其气味敏感。，注意，这局游戏的词语分类为<水果>，卧底词和平民词都属于该类，请你补充关于关键词的描述，注意，你的描述应该比起之前的描述更加贴近关键词，作为之前的补充
2024-12-13 13:29:06,956 - 4 - INFO - **********PLAYER4**********
这个水果的皮较厚，质地坚硬，需要一定的力量才能剥开。它的果肉纤维较多，口感较为粗糙。在同类水果中，它的味道独特，既有甜味也有苦味，香气非常浓郁，但它的气味可能会引起人们的不同反应。
2024-12-13 13:30:07,081 - 4 - INFO - **********JUDGER**********
玩家1说：这个水果通常呈金黄色，形状圆润，味道甜而多汁。在水果类中，它最突出的不同特征是富含胡萝卜素，有助于改善视力。这种水果皮薄易剥，果肉细腻，汁水丰富，口感软糯。在同类水果中，它以其独特的香气和丰富的营养成分而受到喜爱。玩家2说：这种水果外表光滑，颜色鲜艳，果实大而饱满。在同类水果中，它以其独特的风味和丰富的维生素C而闻名。这种水果的皮薄且易于剥离，果肉细腻，口感软糯，汁水丰富。它在同类水果中以其独特的风味和丰富的营养素而受到人们的喜爱。玩家3说：这个水果颜色鲜艳，肉质细嫩，水分充足。它在同类水果中特别的是，它的核是空心的。这种水果味道香甜，质地柔软，汁水丰富。它的外皮呈现出诱人的金黄色，切开后，果肉呈现出细腻的丝状，口感非常滑嫩。它通常在成熟时具有浓郁的香气，但有时候这种香气可能会让人感到略带刺激。玩家4说：这个水果通常呈黄色，形状椭圆，味道香甜。在水果类中，它最突出的不同特征是香气浓郁，但有些人对其气味敏感。||在这个游戏中，我们需要通过分析每位玩家的描述来找出卧底。通常，平民的描述会围绕相同的词语展开，而卧底的描述可能会因为词语的不同而显得不太一致。我们需要仔细比较每个描述之间的相似性和差异性，以找出可能的卧底，注意，卧底并不会隐藏自己，他会直接描述他的词语，现在，逐一分析每个玩家的描述，注意，这局游戏的词语分类为<水果>，卧底词和平民词都属于该类。||之前是第2轮描述和之前轮数描述的合集。你之前认为的卧底是玩家4。
2024-12-13 13:30:17,537 - 4 - INFO - **********PLAYER4**********
根据玩家们的第二轮描述，我们可以再次分析：

- 玩家1描述的水果具有金黄色、圆润形状、甜而多汁的特点，富含胡萝卜素，有助于改善视力，皮薄易剥，果肉细腻，汁水丰富，口感软糯，香气独特，营养成分丰富。
- 玩家2的描述与玩家1相似，强调了外表光滑、颜色鲜艳、果实大而饱满，皮薄易剥，果肉细腻，口感软糯，汁水丰富，独特的风味和丰富的维生素C，以及营养素。
- 玩家3的描述也提到了颜色鲜艳、肉质细嫩、水分充足，核空心，味道香甜，质地柔软，汁水丰富，金黄色外皮，细腻丝状果肉，成熟时香气浓郁但可能略带刺激。
- 玩家4的描述提到了黄色、椭圆形状、香甜味道，香气浓郁但有些人对其气味敏感。

从这些描述中，玩家1、2、3的描述都围绕着相似的水果特征，如金黄色、甜味、香气、细腻的果肉和丰富的汁水等。而玩家4的描述虽然也提到了香气浓郁和气味敏感，但没有提到其他与玩家1、2、3描述相一致的具体特征，如颜色、形状、维生素C或胡萝卜素等。

基于这些信息，如果之前推断玩家4是卧底，那么在第二轮描述中，玩家4的描述仍然没有与其他玩家描述的具体特征相吻合，这进一步支持了之前的推断。因此，基于当前的信息，玩家4仍然是卧底的可能性较大。
2024-12-13 13:30:17,538 - 4 - INFO - **********JUDGER**********
你刚刚的分析是根据玩家们的第二轮描述，我们可以再次分析：

- 玩家1描述的水果具有金黄色、圆润形状、甜而多汁的特点，富含胡萝卜素，有助于改善视力，皮薄易剥，果肉细腻，汁水丰富，口感软糯，香气独特，营养成分丰富。
- 玩家2的描述与玩家1相似，强调了外表光滑、颜色鲜艳、果实大而饱满，皮薄易剥，果肉细腻，口感软糯，汁水丰富，独特的风味和丰富的维生素C，以及营养素。
- 玩家3的描述也提到了颜色鲜艳、肉质细嫩、水分充足，核空心，味道香甜，质地柔软，汁水丰富，金黄色外皮，细腻丝状果肉，成熟时香气浓郁但可能略带刺激。
- 玩家4的描述提到了黄色、椭圆形状、香甜味道，香气浓郁但有些人对其气味敏感。

从这些描述中，玩家1、2、3的描述都围绕着相似的水果特征，如金黄色、甜味、香气、细腻的果肉和丰富的汁水等。而玩家4的描述虽然也提到了香气浓郁和气味敏感，但没有提到其他与玩家1、2、3描述相一致的具体特征，如颜色、形状、维生素C或胡萝卜素等。

基于这些信息，如果之前推断玩家4是卧底，那么在第二轮描述中，玩家4的描述仍然没有与其他玩家描述的具体特征相吻合，这进一步支持了之前的推断。因此，基于当前的信息，玩家4仍然是卧底的可能性较大。|| `请根据上述分析，比较描述以找出不一致之处，注意，这局游戏的词语分类为<水果>，卧底词和平民词都属于该类。
2024-12-13 13:30:24,128 - 4 - INFO - **********PLAYER4**********
根据其他玩家的描述，我的关键词很可能是“榴莲”。因为其他玩家描述的水果特征都较为具体，而我提到的水果没有直接被明确指出，且提到了“香气浓郁，但有些人对其气味敏感”，这与榴莲的特点相符。因此，我作为卧底，我的关键词是“榴莲”，而我的描述应该围绕这个关键词，但不直接说出“榴莲”这个词。例如：

这个水果有着独特的浓烈香气，虽然不是每个人都喜欢，但它对某些人来说，是难以抗拒的美食。在水果界，它以其特殊的气味和丰富的营养价值而著称。
2024-12-13 13:30:24,129 - 4 - INFO - **********JUDGER**********
你刚刚的分析是根据其他玩家的描述，我的关键词很可能是“榴莲”。因为其他玩家描述的水果特征都较为具体，而我提到的水果没有直接被明确指出，且提到了“香气浓郁，但有些人对其气味敏感”，这与榴莲的特点相符。因此，我作为卧底，我的关键词是“榴莲”，而我的描述应该围绕这个关键词，但不直接说出“榴莲”这个词。例如：

这个水果有着独特的浓烈香气，虽然不是每个人都喜欢，但它对某些人来说，是难以抗拒的美食。在水果界，它以其特殊的气味和丰富的营养价值而著称。|| 请通过你分析的不一致之处，推断卧底身份，注意，这局游戏的词语分类为<水果>，卧底词和平民词都属于该类。
2024-12-13 13:30:36,062 - 4 - INFO - **********PLAYER4**********
基于上述分析，以下是一致性和不一致性的总结：

一致性的描述：
- 所有玩家都提到了水果的甜味。
- 玩家1、2、3都描述了水果的皮薄易剥，果肉细腻，汁水丰富。
- 玩家1、2、3都提到了水果的香气，尽管描述略有不同。

不一致性的描述：
- 玩家1提到了金黄色、圆润形状、富含胡萝卜素，有助于改善视力。
- 玩家2提到了外表光滑、颜色鲜艳、果实大而饱满，丰富的维生素C。
- 玩家3提到了颜色鲜艳、肉质细嫩、核空心，味道香甜，质地柔软。
- 玩家4提到了黄色、椭圆形状、香甜味道，香气浓郁但有些人对其气味敏感。

由于玩家4的描述没有提到其他玩家提到的具体颜色、形状、营养成分或味道等特征，而是强调了气味的浓烈和某些人对气味的敏感，这与榴莲的描述相符。榴莲以其独特的强烈气味而闻名，这种气味对一些人来说是难以接受的，但对另一些人来说却是美食的一部分。

因此，根据描述的不一致性，玩家4的描述与其他玩家相比最不吻合，这表明玩家4很可能是卧底。所以，卧底身份是玩家4。
2024-12-13 13:30:36,064 - 4 - INFO - **********JUDGER**********
你刚刚的推断是基于上述分析，以下是一致性和不一致性的总结：

一致性的描述：
- 所有玩家都提到了水果的甜味。
- 玩家1、2、3都描述了水果的皮薄易剥，果肉细腻，汁水丰富。
- 玩家1、2、3都提到了水果的香气，尽管描述略有不同。

不一致性的描述：
- 玩家1提到了金黄色、圆润形状、富含胡萝卜素，有助于改善视力。
- 玩家2提到了外表光滑、颜色鲜艳、果实大而饱满，丰富的维生素C。
- 玩家3提到了颜色鲜艳、肉质细嫩、核空心，味道香甜，质地柔软。
- 玩家4提到了黄色、椭圆形状、香甜味道，香气浓郁但有些人对其气味敏感。

由于玩家4的描述没有提到其他玩家提到的具体颜色、形状、营养成分或味道等特征，而是强调了气味的浓烈和某些人对气味的敏感，这与榴莲的描述相符。榴莲以其独特的强烈气味而闻名，这种气味对一些人来说是难以接受的，但对另一些人来说却是美食的一部分。

因此，根据描述的不一致性，玩家4的描述与其他玩家相比最不吻合，这表明玩家4很可能是卧底。所以，卧底身份是玩家4。|| 基于你刚刚的推断得出你的最终结论，请输出你认为的卧底，在这种情况下只需要输出编号，是1-4中的某个数字，不要输出其他信息。在这个过程不要进行任何推理，只对||以前的部分进行信息提取
2024-12-13 13:30:36,955 - 4 - INFO - **********PLAYER4**********
4
2024-12-13 13:30:53,751 - 4 - INFO - **********JUDGER**********
玩家1说：这个水果通常呈金黄色，形状圆润，味道甜而多汁。在水果类中，它最突出的不同特征是富含胡萝卜素，有助于改善视力。这种水果皮薄易剥，果肉细腻，汁水丰富，口感软糯。在同类水果中，它以其独特的香气和丰富的营养成分而受到喜爱。这种水果的果实较大，果皮光滑，色泽金黄，果肉厚实，口感甘甜，富含纤维，有助于消化。它的果实通常单个较大，适合鲜食或加工。在同类水果中，它以其丰富的维生素和矿物质含量而受到推崇。玩家2说：这种水果外表光滑，颜色鲜艳，果实大而饱满。在同类水果中，它以其独特的风味和丰富的维生素C而闻名。这种水果的皮薄且易于剥离，果肉细腻，口感软糯，汁水丰富。它在同类水果中以其独特的风味和丰富的营养素而受到人们的喜爱。这种水果的果肉柔软，含有明显的纤维，口感滑爽，含有丰富的天然糖分和多种维生素。它的皮相对较厚，需要一定的力度才能剥开，但剥开后可以直接食用或用于制作各种甜点。玩家3说：这个水果颜色鲜艳，肉质细嫩，水分充足。它在同类水果中特别的是，它的核是空心的。这种水果味道香甜，质地柔软，汁水丰富。它的外皮呈现出诱人的金黄色，切开后，果肉呈现出细腻的丝状，口感非常滑嫩。它通常在成熟时具有浓郁的香气，但有时候这种香气可能会让人感到略带刺激。关键词描述：

这种水果通常呈现出明亮的黄色，形状略为椭圆，果肉鲜嫩多汁。它的外皮光滑，容易剥离，露出细腻的果肉。这种水果的甜味浓郁，口感滑顺，水分含量高，是夏季非常受欢迎的水果。它的香气独特，成熟时尤为明显，但有时可能会因为香气过于浓郁而让人感到微妙的刺激。这种水果适合鲜食，也常用于制作各种甜品和饮品。玩家4说：这个水果通常呈黄色，形状椭圆，味道香甜。在水果类中，它最突出的不同特征是香气浓郁，但有些人对其气味敏感。这个水果的皮较厚，质地坚硬，需要一定的力量才能剥开。它的果肉纤维较多，口感较为粗糙。在同类水果中，它的味道独特，既有甜味也有苦味，香气非常浓郁，但它的气味可能会引起人们的不同反应。你是第4号玩家，你的关键词是<榴莲>。你的回答中绝对不能包含你的关键词<榴莲>。这是第三轮描述，你之前的描述是这个水果通常呈黄色，形状椭圆，味道香甜。在水果类中，它最突出的不同特征是香气浓郁，但有些人对其气味敏感。和这个水果的皮较厚，质地坚硬，需要一定的力量才能剥开。它的果肉纤维较多，口感较为粗糙。在同类水果中，它的味道独特，既有甜味也有苦味，香气非常浓郁，但它的气味可能会引起人们的不同反应。，注意，这局游戏的词语分类为<水果>，卧底词和平民词都属于该类，请你补充关于关键词的描述，注意，你的描述应该比起之前的描述更加贴近关键词，作为之前的补充
2024-12-13 13:31:03,174 - 4 - INFO - **********PLAYER4**********
这种水果的外皮坚硬，颜色偏黄，剥开时需要用工具辅助。内部的果肉呈多瓣状，质地绵密，含有明显的纤维。它的香气非常强烈，对于喜欢它的人来说，是一种独特的诱惑，但对于不喜欢它的人来说，可能会感到难以忍受。这种水果的味道复杂，既有甜味也有微妙的苦味，且纤维含量较高，口感较为粗糙。
2024-12-13 13:32:16,029 - 4 - INFO - **********JUDGER**********
玩家1说：这个水果通常呈金黄色，形状圆润，味道甜而多汁。在水果类中，它最突出的不同特征是富含胡萝卜素，有助于改善视力。这种水果皮薄易剥，果肉细腻，汁水丰富，口感软糯。在同类水果中，它以其独特的香气和丰富的营养成分而受到喜爱。这种水果的果实较大，果皮光滑，色泽金黄，果肉厚实，口感甘甜，富含纤维，有助于消化。它的果实通常单个较大，适合鲜食或加工。在同类水果中，它以其丰富的维生素和矿物质含量而受到推崇。玩家2说：这种水果外表光滑，颜色鲜艳，果实大而饱满。在同类水果中，它以其独特的风味和丰富的维生素C而闻名。这种水果的皮薄且易于剥离，果肉细腻，口感软糯，汁水丰富。它在同类水果中以其独特的风味和丰富的营养素而受到人们的喜爱。这种水果的果肉柔软，含有明显的纤维，口感滑爽，含有丰富的天然糖分和多种维生素。它的皮相对较厚，需要一定的力度才能剥开，但剥开后可以直接食用或用于制作各种甜点。玩家3说：这个水果颜色鲜艳，肉质细嫩，水分充足。它在同类水果中特别的是，它的核是空心的。这种水果味道香甜，质地柔软，汁水丰富。它的外皮呈现出诱人的金黄色，切开后，果肉呈现出细腻的丝状，口感非常滑嫩。它通常在成熟时具有浓郁的香气，但有时候这种香气可能会让人感到略带刺激。关键词描述：

这种水果通常呈现出明亮的黄色，形状略为椭圆，果肉鲜嫩多汁。它的外皮光滑，容易剥离，露出细腻的果肉。这种水果的甜味浓郁，口感滑顺，水分含量高，是夏季非常受欢迎的水果。它的香气独特，成熟时尤为明显，但有时可能会因为香气过于浓郁而让人感到微妙的刺激。这种水果适合鲜食，也常用于制作各种甜品和饮品。玩家4说：这个水果通常呈黄色，形状椭圆，味道香甜。在水果类中，它最突出的不同特征是香气浓郁，但有些人对其气味敏感。这个水果的皮较厚，质地坚硬，需要一定的力量才能剥开。它的果肉纤维较多，口感较为粗糙。在同类水果中，它的味道独特，既有甜味也有苦味，香气非常浓郁，但它的气味可能会引起人们的不同反应。这种水果的外皮坚硬，颜色偏黄，剥开时需要用工具辅助。内部的果肉呈多瓣状，质地绵密，含有明显的纤维。它的香气非常强烈，对于喜欢它的人来说，是一种独特的诱惑，但对于不喜欢它的人来说，可能会感到难以忍受。这种水果的味道复杂，既有甜味也有微妙的苦味，且纤维含量较高，口感较为粗糙。||在这个游戏中，我们需要通过分析每位玩家的描述来找出卧底。通常，平民的描述会围绕相同的词语展开，而卧底的描述可能会因为词语的不同而显得不太一致。我们需要仔细比较每个描述之间的相似性和差异性，以找出可能的卧底，注意，卧底并不会隐藏自己，他会直接描述他的词语，现在，逐一分析每个玩家的描述，注意，这局游戏的词语分类为<水果>，卧底词和平民词都属于该类。||之前是第3轮描述和之前轮数描述的合集。你之前认为的卧底是玩家4。
2024-12-13 13:32:27,719 - 4 - INFO - **********PLAYER4**********
根据第三轮描述和之前的分析，我们可以看到以下模式：

- 玩家1和玩家2的描述都非常详细，提到了水果的颜色、形状、味道、香气、营养成分、皮薄易剥、果肉细腻、汁水丰富、口感、大小、用途等。
- 玩家3的描述也包含了颜色、形状、味道、香气、核的特点、口感、汁水丰富、外皮颜色、果肉结构等特征。
- 玩家4的描述与玩家1、2、3相比，虽然也提到了颜色、形状、味道、香气、口感等，但在描述中强调了皮厚、质地坚硬、剥开需要用工具、果肉纤维较多、口感粗糙、味道复杂（既有甜味也有苦味）、香气强烈等特征。

玩家4的描述中，与玩家1、2、3的描述不一致的地方在于对水果皮和果肉的描述，尤其是强调了皮厚、质地坚硬、剥开困难、果肉纤维多、口感粗糙等，这与榴莲的特征不符，因为榴莲的皮并不厚，且果肉纤维不多，口感也不粗糙。

因此，基于描述中的不一致性，玩家4的描述与其他玩家的描述相比显得不太一致，这进一步支持了之前的推断。玩家4的描述中强调了与榴莲不符的特征，因此，根据当前的信息，玩家4仍然是卧底的可能性较大。
2024-12-13 13:32:27,720 - 4 - INFO - **********JUDGER**********
你刚刚的分析是根据第三轮描述和之前的分析，我们可以看到以下模式：

- 玩家1和玩家2的描述都非常详细，提到了水果的颜色、形状、味道、香气、营养成分、皮薄易剥、果肉细腻、汁水丰富、口感、大小、用途等。
- 玩家3的描述也包含了颜色、形状、味道、香气、核的特点、口感、汁水丰富、外皮颜色、果肉结构等特征。
- 玩家4的描述与玩家1、2、3相比，虽然也提到了颜色、形状、味道、香气、口感等，但在描述中强调了皮厚、质地坚硬、剥开需要用工具、果肉纤维较多、口感粗糙、味道复杂（既有甜味也有苦味）、香气强烈等特征。

玩家4的描述中，与玩家1、2、3的描述不一致的地方在于对水果皮和果肉的描述，尤其是强调了皮厚、质地坚硬、剥开困难、果肉纤维多、口感粗糙等，这与榴莲的特征不符，因为榴莲的皮并不厚，且果肉纤维不多，口感也不粗糙。

因此，基于描述中的不一致性，玩家4的描述与其他玩家的描述相比显得不太一致，这进一步支持了之前的推断。玩家4的描述中强调了与榴莲不符的特征，因此，根据当前的信息，玩家4仍然是卧底的可能性较大。|| `请根据上述分析，比较描述以找出不一致之处，注意，这局游戏的词语分类为<水果>，卧底词和平民词都属于该类。
2024-12-13 13:32:32,471 - 4 - INFO - **********PLAYER4**********
不一致之处在于：

- 玩家1、2、3的描述都强调了水果的皮薄易剥、果肉细腻、汁水丰富、口感软糯或滑顺，以及香气和营养价值的丰富。
- 玩家4的描述则强调了水果的皮厚、质地坚硬、剥开需要用工具、果肉纤维较多、口感粗糙，以及味道的复杂性（包括甜味和苦味）和香气的强烈。

这些特征与榴莲不符，因为榴莲的皮相对较薄，果肉纤维不多，口感也不粗糙，而是柔软多汁。因此，玩家4的描述在水果皮和果肉的描述上与其他玩家的描述不一致，这可能是卧底身份的一个线索。
2024-12-13 13:32:32,472 - 4 - INFO - **********JUDGER**********
你刚刚的分析是不一致之处在于：

- 玩家1、2、3的描述都强调了水果的皮薄易剥、果肉细腻、汁水丰富、口感软糯或滑顺，以及香气和营养价值的丰富。
- 玩家4的描述则强调了水果的皮厚、质地坚硬、剥开需要用工具、果肉纤维较多、口感粗糙，以及味道的复杂性（包括甜味和苦味）和香气的强烈。

这些特征与榴莲不符，因为榴莲的皮相对较薄，果肉纤维不多，口感也不粗糙，而是柔软多汁。因此，玩家4的描述在水果皮和果肉的描述上与其他玩家的描述不一致，这可能是卧底身份的一个线索。|| 请通过你分析的不一致之处，推断卧底身份，注意，这局游戏的词语分类为<水果>，卧底词和平民词都属于该类。
2024-12-13 13:32:35,891 - 4 - INFO - **********PLAYER4**********
基于分析的不一致之处，可以推断卧底身份是玩家4。玩家4的描述与玩家1、2、3描述的特征不一致，特别是在水果的皮厚、质地坚硬、剥开需要用工具、果肉纤维较多、口感粗糙等方面，这些特征与榴莲不符，而榴莲是玩家4关键词的可能猜测。因此，玩家4很可能是卧底。
2024-12-13 13:32:35,894 - 4 - INFO - **********JUDGER**********
你刚刚的推断是基于分析的不一致之处，可以推断卧底身份是玩家4。玩家4的描述与玩家1、2、3描述的特征不一致，特别是在水果的皮厚、质地坚硬、剥开需要用工具、果肉纤维较多、口感粗糙等方面，这些特征与榴莲不符，而榴莲是玩家4关键词的可能猜测。因此，玩家4很可能是卧底。|| 基于你刚刚的推断得出你的最终结论，请输出你认为的卧底，在这种情况下只需要输出编号，是1-4中的某个数字，不要输出其他信息。在这个过程不要进行任何推理，只对||以前的部分进行信息提取
2024-12-13 13:32:36,974 - 4 - INFO - **********PLAYER4**********
4
2024-12-13 13:32:36,976 - 4 - INFO - **********JUDGER**********
你认为卧底是你自己。你现在需要随便选一个人投票。请输出一个数字，是1-4中的某个数字，但这个数字不能是4，不要输出其他信息。
2024-12-13 13:32:38,489 - 4 - INFO - **********PLAYER4**********
1
