2024-12-13 13:52:13,729 - 1 - INFO - **********JUDGER**********
让我们来玩一个叫做<谁是卧底>的推理游戏。基本规则：<人数>：4人。<角色分配>：每位玩家随机抽取一个词语，3名玩家拿到的词语是相同的（平民词），1名玩家拿到与之相近但不同的词语（卧底词）。<游戏流程>：1、玩家轮流描述自己的词语，但<不能>直接说出词语本身。2、描述完毕后，投票选出最像卧底的玩家。3、每轮结束后，被投票选出的玩家出局，不能再进行描述或投票。4、每轮投票结束后，如果卧底被成功找出，平民方获胜；如果卧底未被找出且卧底人数等于或超过平民人数，则卧底方获胜。你将扮演一个<玩家>，请等待你被分配到的关键词。如果你听懂了，只回答，"好的，我准备好参加游戏了"，不要输出别的信息
2024-12-13 13:52:14,557 - 1 - INFO - **********PLAYER1**********
好的，我准备好参加游戏了
2024-12-13 13:52:19,458 - 1 - INFO - **********JUDGER**********
玩家1说：玩家2说：玩家3说：玩家4说：|| 你是第1号玩家，你的关键词是<星星>。你的回答中绝对不能包含你的关键词<星星>。这是第一轮描述，不需要分析||之前别的玩家的描述，请你描述关键词基本特征，注意，这局游戏的词语分类为<天文>，卧底词和平民词都属于该类，描述包括以下两点，1.他的基本特征是什么2.他在该类（天文）中最突出不同的特征是什么，尽量简短
2024-12-13 13:52:21,207 - 1 - INFO - **********PLAYER1**********
它是一个闪烁的天体，通常在夜晚的夜空中可见。它在天文类中特别因其形状和亮度而知名。
2024-12-13 13:52:29,786 - 1 - INFO - **********JUDGER**********
玩家1说：它是一个闪烁的天体，通常在夜晚的夜空中可见。它在天文类中特别因其形状和亮度而知名。玩家2说：它是一颗巨大的恒星，位于我们所在的银河系中。在所有天文类物体中，它因其是地球上生命能量的主要来源而特别突出。玩家3说：这是一个发光的宇宙点，夜晚在黑暗中格外显眼。它在天文领域以其固定的轨迹和独特的光芒最为显著。玩家4说：||在这个游戏中，我们需要通过分析每位玩家的描述来找出卧底。通常，平民的描述会围绕相同的词语展开，而卧底的描述可能会因为词语的不同而显得不太一致。我们需要仔细比较每个描述之间的相似性和差异性，以找出可能的卧底，注意，卧底并不会隐藏自己，他会直接描述他的词语，现在，逐一分析每个玩家的描述，注意，这局游戏的词语分类为<天文>，卧底词和平民词都属于该类。这是第一轮描述。
2024-12-13 13:52:39,657 - 1 - INFO - **********PLAYER1**********
玩家1的描述提到了“闪烁的天体”和“形状和亮度”，这听起来像是描述星星的一般特征。

玩家2的描述提到了“巨大的恒星”和“地球上生命能量的主要来源”，这听起来像是描述太阳，它是我们银河系中的一颗恒星，对地球上的生命至关重要。

玩家3的描述提到了“发光的宇宙点”和“固定的轨迹”，这听起来像是描述行星，尤其是那些有固定轨道的行星。

玩家4的描述似乎是在提醒我们游戏规则和需要分析的点，而不是在描述一个天文物体。

根据这些描述，玩家2和玩家3的描述与“星星”这个词语有明显的联系，而玩家1的描述也是符合的。玩家4的描述没有提供关于“星星”的信息，因此他可能是卧底，试图通过引导我们注意游戏规则而不是描述词语来隐藏自己的真实身份。不过，这也可能是玩家4在执行卧底的策略，所以我们不能仅凭这一点就确定卧底的身份。需要更多的信息或者下一轮的描述来进一步判断。
2024-12-13 13:52:39,671 - 1 - INFO - **********JUDGER**********
你刚刚的分析是玩家1的描述提到了“闪烁的天体”和“形状和亮度”，这听起来像是描述星星的一般特征。

玩家2的描述提到了“巨大的恒星”和“地球上生命能量的主要来源”，这听起来像是描述太阳，它是我们银河系中的一颗恒星，对地球上的生命至关重要。

玩家3的描述提到了“发光的宇宙点”和“固定的轨迹”，这听起来像是描述行星，尤其是那些有固定轨道的行星。

玩家4的描述似乎是在提醒我们游戏规则和需要分析的点，而不是在描述一个天文物体。

根据这些描述，玩家2和玩家3的描述与“星星”这个词语有明显的联系，而玩家1的描述也是符合的。玩家4的描述没有提供关于“星星”的信息，因此他可能是卧底，试图通过引导我们注意游戏规则而不是描述词语来隐藏自己的真实身份。不过，这也可能是玩家4在执行卧底的策略，所以我们不能仅凭这一点就确定卧底的身份。需要更多的信息或者下一轮的描述来进一步判断。|| `请根据上述分析，比较描述以找出不一致之处，注意，这局游戏的词语分类为<天文>，卧底词和平民词都属于该类。
2024-12-13 13:52:50,692 - 1 - INFO - **********PLAYER1**********
根据上述分析，我们可以比较每位玩家的描述以找出不一致之处：

1. 玩家1的描述提到了“闪烁的天体”和“形状和亮度”，这与“星星”的一般特征相符。

2. 玩家2的描述提到了“巨大的恒星”和“地球上生命能量的主要来源”，这更像是描述太阳，而不是星星。太阳虽然也是天文类中的恒星，但它是太阳系中唯一的恒星，不是由多个星星组成的，因此这个描述与“星星”这个词语不太相符。

3. 玩家3的描述提到了“发光的宇宙点”和“固定的轨迹”，这更像是描述行星，尤其是那些有固定轨道的行星，而不是星星。

4. 玩家4的描述没有提供关于“星星”的信息，而是强调了游戏规则和需要分析的点，这并没有直接描述任何天文物体。

不一致之处在于玩家2和玩家3的描述，它们与“星星”这个词语的典型特征不符。玩家4的描述虽然与游戏规则相关，但并没有直接描述天文物体，因此也不能排除他是卧底的可能性。综合来看，玩家2和玩家3的描述与“星星”这个词语最不一致，这可能是他们中有一个是卧底。然而，没有更多的信息，我们无法确定谁是卧底。
2024-12-13 13:52:50,693 - 1 - INFO - **********JUDGER**********
你刚刚的分析是根据上述分析，我们可以比较每位玩家的描述以找出不一致之处：

1. 玩家1的描述提到了“闪烁的天体”和“形状和亮度”，这与“星星”的一般特征相符。

2. 玩家2的描述提到了“巨大的恒星”和“地球上生命能量的主要来源”，这更像是描述太阳，而不是星星。太阳虽然也是天文类中的恒星，但它是太阳系中唯一的恒星，不是由多个星星组成的，因此这个描述与“星星”这个词语不太相符。

3. 玩家3的描述提到了“发光的宇宙点”和“固定的轨迹”，这更像是描述行星，尤其是那些有固定轨道的行星，而不是星星。

4. 玩家4的描述没有提供关于“星星”的信息，而是强调了游戏规则和需要分析的点，这并没有直接描述任何天文物体。

不一致之处在于玩家2和玩家3的描述，它们与“星星”这个词语的典型特征不符。玩家4的描述虽然与游戏规则相关，但并没有直接描述天文物体，因此也不能排除他是卧底的可能性。综合来看，玩家2和玩家3的描述与“星星”这个词语最不一致，这可能是他们中有一个是卧底。然而，没有更多的信息，我们无法确定谁是卧底。|| 请通过你分析的不一致之处，推断卧底身份，注意，这局游戏的词语分类为<天文>，卧底词和平民词都属于该类。
2024-12-13 13:53:02,942 - 1 - INFO - **********PLAYER1**********
基于上述分析，我们可以进行以下推断：

- 玩家1的描述与“星星”的一般特征相符，没有明显的不一致之处。
- 玩家2的描述提到“巨大的恒星”和“地球上生命能量的主要来源”，这与“星星”的一般特征不符，因为“星星”通常指的是较小的恒星，而太阳作为一个恒星，是太阳系中唯一的，不符合“星星”这个词语的普遍定义。
- 玩家3的描述提到“发光的宇宙点”和“固定的轨迹”，这听起来像是描述行星，而不是恒星，因此也与“星星”的特征不一致。
- 玩家4的描述没有提供关于“星星”的信息，而是强调了游戏规则，这可能是一个提示，也可能是卧底在试图混淆视听。

考虑到游戏的词语分类为<天文>，卧底词和平民词都属于该类，玩家2和玩家3的描述都与“星星”这个词语的典型特征不一致。如果玩家4是卧底，他可能会故意引导大家注意游戏规则，而不是描述词语。因此，基于描述的不一致性和游戏规则，玩家2或玩家3更有可能是卧底，因为他们描述的物体与“星星”这个词语不符。然而，没有更多的信息，我们无法确定是玩家2还是玩家3是卧底。
2024-12-13 13:53:02,945 - 1 - INFO - **********JUDGER**********
你刚刚的推断是基于上述分析，我们可以进行以下推断：

- 玩家1的描述与“星星”的一般特征相符，没有明显的不一致之处。
- 玩家2的描述提到“巨大的恒星”和“地球上生命能量的主要来源”，这与“星星”的一般特征不符，因为“星星”通常指的是较小的恒星，而太阳作为一个恒星，是太阳系中唯一的，不符合“星星”这个词语的普遍定义。
- 玩家3的描述提到“发光的宇宙点”和“固定的轨迹”，这听起来像是描述行星，而不是恒星，因此也与“星星”的特征不一致。
- 玩家4的描述没有提供关于“星星”的信息，而是强调了游戏规则，这可能是一个提示，也可能是卧底在试图混淆视听。

考虑到游戏的词语分类为<天文>，卧底词和平民词都属于该类，玩家2和玩家3的描述都与“星星”这个词语的典型特征不一致。如果玩家4是卧底，他可能会故意引导大家注意游戏规则，而不是描述词语。因此，基于描述的不一致性和游戏规则，玩家2或玩家3更有可能是卧底，因为他们描述的物体与“星星”这个词语不符。然而，没有更多的信息，我们无法确定是玩家2还是玩家3是卧底。|| 基于你刚刚的推断得出你的最终结论，请输出你认为的卧底，在这种情况下只需要输出编号，是1-4中的某个数字，不要输出其他信息。在这个过程不要进行任何推理，只对||以前的部分进行信息提取
2024-12-13 13:53:03,901 - 1 - INFO - **********PLAYER1**********
2
2024-12-13 13:54:53,974 - 1 - INFO - **********JUDGER**********
玩家1说：它是一个闪烁的天体，通常在夜晚的夜空中可见。它在天文类中特别因其形状和亮度而知名。玩家2说：它是一颗巨大的恒星，位于我们所在的银河系中。在所有天文类物体中，它因其是地球上生命能量的主要来源而特别突出。玩家3说：这是一个发光的宇宙点，夜晚在黑暗中格外显眼。它在天文领域以其固定的轨迹和独特的光芒最为显著。玩家4说：这是一个夜空中常见的亮点，它的基本特征是能够发出光芒。在所有天文物体中，它最突出的不同特征是，它通常不是单个发光点，而是由无数发光的尘埃和气体组成的星云。你是第1号玩家，你的关键词是<星星>。你的回答中绝对不能包含你的关键词<星星>。这是第二轮描述，你之前的描述是它是一个闪烁的天体，通常在夜晚的夜空中可见。它在天文类中特别因其形状和亮度而知名。，注意，这局游戏的词语分类为<天文>，卧底词和平民词都属于该类，请你补充关于关键词的描述，注意，你的描述应该比起之前的描述更加贴近关键词，作为之前的补充
2024-12-13 13:54:56,307 - 1 - INFO - **********PLAYER1**********
它通常由多个小亮点组成，这些亮点散布在夜空中，形成独特的图案。这个集合体在黑暗中非常明亮，有时甚至可以用肉眼分辨出其形状。
2024-12-13 13:55:20,085 - 1 - INFO - **********JUDGER**********
玩家1说：它是一个闪烁的天体，通常在夜晚的夜空中可见。它在天文类中特别因其形状和亮度而知名。它通常由多个小亮点组成，这些亮点散布在夜空中，形成独特的图案。这个集合体在黑暗中非常明亮，有时甚至可以用肉眼分辨出其形状。玩家2说：它是一颗巨大的恒星，位于我们所在的银河系中。在所有天文类物体中，它因其是地球上生命能量的主要来源而特别突出。它位于我们所在的银河系中心，是银河系中最明亮的物体之一。它以巨大的热量和亮度照耀着地球，为我们的星球提供光和热，是地球上生命存在的基础。它的表面温度极高，内部进行着核聚变反应，是宇宙中最强大的能量源泉之一。玩家3说：这是一个发光的宇宙点，夜晚在黑暗中格外显眼。它在天文领域以其固定的轨迹和独特的光芒最为显著。它是一个在夜空中独立存在的发光点，它的存在使黑暗的夜空变得明亮。这个发光点可能是单一点光源，也可能是由多个光源组成的星系或星座。它的轨迹在天空中稳定，随着时间的推移，它的位置可能会发生微小的变化。这个发光点的光芒有时明亮到足以在夜空中形成明显的图案，吸引着人们的目光。它在天文观测中是一个重要的标志，因为它的存在和运动可以帮助我们理解宇宙的结构和星体的性质。玩家4说：这是一个夜空中常见的亮点，它的基本特征是能够发出光芒。在所有天文物体中，它最突出的不同特征是，它通常不是单个发光点，而是由无数发光的尘埃和气体组成的星云。||在这个游戏中，我们需要通过分析每位玩家的描述来找出卧底。通常，平民的描述会围绕相同的词语展开，而卧底的描述可能会因为词语的不同而显得不太一致。我们需要仔细比较每个描述之间的相似性和差异性，以找出可能的卧底，注意，卧底并不会隐藏自己，他会直接描述他的词语，现在，逐一分析每个玩家的描述，注意，这局游戏的词语分类为<天文>，卧底词和平民词都属于该类。||之前是第2轮描述和之前轮数描述的合集。你之前认为的卧底是玩家2。
2024-12-13 13:55:31,622 - 1 - INFO - **********PLAYER1**********
玩家1的描述强调了星星的闪烁、可见性和形状亮度，以及由多个小亮点组成的集合体。

玩家2的描述提到了一颗巨大的恒星，位于银河系中，是地球上生命能量的主要来源，具有极高的表面温度和内部核聚变反应。

玩家3的描述强调了一个发光的宇宙点，具有固定的轨迹和独特的光芒，可能是单一点光源或星系/星座。

玩家4的描述提到了一个夜空中常见的亮点，由无数发光的尘埃和气体组成的星云。

根据之前的描述和我的初步判断，玩家2的描述与“星星”这个词语的典型特征不一致，因为他描述的是一个巨大的恒星，而不仅仅是星星。然而，玩家4的描述也提到了由无数发光的尘埃和气体组成的星云，这与“星星”这个词语的一般特征不符，因为星云通常不被归类为单个“星星”。

因此，基于之前的描述，如果玩家2的描述仍然被认为是与“星星”不一致的，那么玩家4的描述也可能是不一致的，因为星云与单个星星的定义不同。在这种情况下，我之前的判断玩家2是卧底可能需要重新考虑。如果需要重新选择，玩家4的描述可能更加不一致，因为它提到了“星云”，这与“星星”这个词语的定义有显著差异。所以，根据当前的描述，我认为玩家4更有可能是卧底。
2024-12-13 13:55:31,625 - 1 - INFO - **********JUDGER**********
你刚刚的分析是玩家1的描述强调了星星的闪烁、可见性和形状亮度，以及由多个小亮点组成的集合体。

玩家2的描述提到了一颗巨大的恒星，位于银河系中，是地球上生命能量的主要来源，具有极高的表面温度和内部核聚变反应。

玩家3的描述强调了一个发光的宇宙点，具有固定的轨迹和独特的光芒，可能是单一点光源或星系/星座。

玩家4的描述提到了一个夜空中常见的亮点，由无数发光的尘埃和气体组成的星云。

根据之前的描述和我的初步判断，玩家2的描述与“星星”这个词语的典型特征不一致，因为他描述的是一个巨大的恒星，而不仅仅是星星。然而，玩家4的描述也提到了由无数发光的尘埃和气体组成的星云，这与“星星”这个词语的一般特征不符，因为星云通常不被归类为单个“星星”。

因此，基于之前的描述，如果玩家2的描述仍然被认为是与“星星”不一致的，那么玩家4的描述也可能是不一致的，因为星云与单个星星的定义不同。在这种情况下，我之前的判断玩家2是卧底可能需要重新考虑。如果需要重新选择，玩家4的描述可能更加不一致，因为它提到了“星云”，这与“星星”这个词语的定义有显著差异。所以，根据当前的描述，我认为玩家4更有可能是卧底。|| `请根据上述分析，比较描述以找出不一致之处，注意，这局游戏的词语分类为<天文>，卧底词和平民词都属于该类。
2024-12-13 13:55:50,145 - 1 - INFO - **********PLAYER1**********
根据上述分析，我们可以比较每位玩家的描述以找出不一致之处：

1. 玩家1的描述集中在星星的闪烁、可见性、形状和亮度，以及由多个小亮点组成的集合体，这些都是星星的典型特征。

2. 玩家2的描述提到了一颗巨大的恒星，它位于银河系中，是地球上生命能量的主要来源，具有极高的表面温度和内部核聚变反应。这里的描述与单个星星的典型特征不太一致，因为星星通常指的是较小的恒星，而不是太阳这样巨大的恒星。

3. 玩家3的描述提到了一个发光的宇宙点，具有固定的轨迹和独特的光芒，可能是单一点光源或星系/星座。这个描述与星星的典型特征有些相似，但提到星系/星座，这超出了单个星星的定义。

4. 玩家4的描述提到了一个夜空中常见的亮点，由无数发光的尘埃和气体组成的星云。这个描述与星星的典型特征完全不符，因为星云是由大量气体和尘埃组成的，而不是单个星星。

不一致之处在于玩家2、玩家3和玩家4的描述。玩家2的描述提到了太阳这样的巨大恒星，玩家3的描述提到了星系或星座，而玩家4的描述提到了星云。这些描述都与单个星星的定义有显著差异。因此，这三位玩家中的一位或多位可能是卧底。
2024-12-13 13:55:50,146 - 1 - INFO - **********JUDGER**********
你刚刚的分析是根据上述分析，我们可以比较每位玩家的描述以找出不一致之处：

1. 玩家1的描述集中在星星的闪烁、可见性、形状和亮度，以及由多个小亮点组成的集合体，这些都是星星的典型特征。

2. 玩家2的描述提到了一颗巨大的恒星，它位于银河系中，是地球上生命能量的主要来源，具有极高的表面温度和内部核聚变反应。这里的描述与单个星星的典型特征不太一致，因为星星通常指的是较小的恒星，而不是太阳这样巨大的恒星。

3. 玩家3的描述提到了一个发光的宇宙点，具有固定的轨迹和独特的光芒，可能是单一点光源或星系/星座。这个描述与星星的典型特征有些相似，但提到星系/星座，这超出了单个星星的定义。

4. 玩家4的描述提到了一个夜空中常见的亮点，由无数发光的尘埃和气体组成的星云。这个描述与星星的典型特征完全不符，因为星云是由大量气体和尘埃组成的，而不是单个星星。

不一致之处在于玩家2、玩家3和玩家4的描述。玩家2的描述提到了太阳这样的巨大恒星，玩家3的描述提到了星系或星座，而玩家4的描述提到了星云。这些描述都与单个星星的定义有显著差异。因此，这三位玩家中的一位或多位可能是卧底。|| 请通过你分析的不一致之处，推断卧底身份，注意，这局游戏的词语分类为<天文>，卧底词和平民词都属于该类。
2024-12-13 13:55:56,981 - 1 - INFO - **********PLAYER1**********
根据分析，不一致之处在于玩家2、玩家3和玩家4的描述都与“星星”这个词语的典型特征不符。以下是具体的推断：

- 玩家2描述的是太阳，这是一个巨大的恒星，而不仅仅是单个星星，因此他的描述与“星星”的一般特征不一致。
- 玩家3描述的是一个发光的宇宙点，可能是单一点光源或星系/星座。虽然提到了单一点光源，但星系或星座的描述又超出了单个星星的定义。
- 玩家4描述的是一个由无数发光的尘埃和气体组成的星云，这完全不符合单个星星的特征。

考虑到这些不一致之处，玩家2、玩家3和玩家4中至少有一位是卧底。由于玩家4的描述与“星星”的定义差异最大，因此我认为玩家4很可能是卧底。
2024-12-13 13:55:56,985 - 1 - INFO - **********JUDGER**********
你刚刚的推断是根据分析，不一致之处在于玩家2、玩家3和玩家4的描述都与“星星”这个词语的典型特征不符。以下是具体的推断：

- 玩家2描述的是太阳，这是一个巨大的恒星，而不仅仅是单个星星，因此他的描述与“星星”的一般特征不一致。
- 玩家3描述的是一个发光的宇宙点，可能是单一点光源或星系/星座。虽然提到了单一点光源，但星系或星座的描述又超出了单个星星的定义。
- 玩家4描述的是一个由无数发光的尘埃和气体组成的星云，这完全不符合单个星星的特征。

考虑到这些不一致之处，玩家2、玩家3和玩家4中至少有一位是卧底。由于玩家4的描述与“星星”的定义差异最大，因此我认为玩家4很可能是卧底。|| 基于你刚刚的推断得出你的最终结论，请输出你认为的卧底，在这种情况下只需要输出编号，是1-4中的某个数字，不要输出其他信息。在这个过程不要进行任何推理，只对||以前的部分进行信息提取
2024-12-13 13:55:57,911 - 1 - INFO - **********PLAYER1**********
4
2024-12-13 13:57:59,244 - 1 - INFO - **********JUDGER**********
玩家1说：它是一个闪烁的天体，通常在夜晚的夜空中可见。它在天文类中特别因其形状和亮度而知名。它通常由多个小亮点组成，这些亮点散布在夜空中，形成独特的图案。这个集合体在黑暗中非常明亮，有时甚至可以用肉眼分辨出其形状。玩家2说：它是一颗巨大的恒星，位于我们所在的银河系中。在所有天文类物体中，它因其是地球上生命能量的主要来源而特别突出。它位于我们所在的银河系中心，是银河系中最明亮的物体之一。它以巨大的热量和亮度照耀着地球，为我们的星球提供光和热，是地球上生命存在的基础。它的表面温度极高，内部进行着核聚变反应，是宇宙中最强大的能量源泉之一。玩家3说：这是一个发光的宇宙点，夜晚在黑暗中格外显眼。它在天文领域以其固定的轨迹和独特的光芒最为显著。它是一个在夜空中独立存在的发光点，它的存在使黑暗的夜空变得明亮。这个发光点可能是单一点光源，也可能是由多个光源组成的星系或星座。它的轨迹在天空中稳定，随着时间的推移，它的位置可能会发生微小的变化。这个发光点的光芒有时明亮到足以在夜空中形成明显的图案，吸引着人们的目光。它在天文观测中是一个重要的标志，因为它的存在和运动可以帮助我们理解宇宙的结构和星体的性质。玩家4说：这是一个夜空中常见的亮点，它的基本特征是能够发出光芒。在所有天文物体中，它最突出的不同特征是，它通常不是单个发光点，而是由无数发光的尘埃和气体组成的星云。它是由无数微小颗粒组成的，这些颗粒在太空中相互吸引，形成了一个发光的集合体。这个集合体在夜空中散发出稳定的光芒，有时会呈现出特定的形状，如行星或星座，给人们带来美丽的视觉体验。它在天文领域中被认为是构成宇宙的基本单元之一，通过它的存在，我们可以观察到宇宙的广阔和神秘。你是第1号玩家，你的关键词是<星星>。你的回答中绝对不能包含你的关键词<星星>。这是第三轮描述，你之前的描述是它是一个闪烁的天体，通常在夜晚的夜空中可见。它在天文类中特别因其形状和亮度而知名。和它通常由多个小亮点组成，这些亮点散布在夜空中，形成独特的图案。这个集合体在黑暗中非常明亮，有时甚至可以用肉眼分辨出其形状。，注意，这局游戏的词语分类为<天文>，卧底词和平民词都属于该类，请你补充关于关键词的描述，注意，你的描述应该比起之前的描述更加贴近关键词，作为之前的补充
2024-12-13 13:58:02,786 - 1 - INFO - **********PLAYER1**********
它是由无数微小亮点构成的天体，这些亮点在夜空中排列，创造出引人注目的图案。这些亮点在不同的时间和位置闪烁，为夜空增添了神秘感。
2024-12-13 13:58:15,910 - 1 - INFO - **********JUDGER**********
玩家1说：它是一个闪烁的天体，通常在夜晚的夜空中可见。它在天文类中特别因其形状和亮度而知名。它通常由多个小亮点组成，这些亮点散布在夜空中，形成独特的图案。这个集合体在黑暗中非常明亮，有时甚至可以用肉眼分辨出其形状。它是由无数微小亮点构成的天体，这些亮点在夜空中排列，创造出引人注目的图案。这些亮点在不同的时间和位置闪烁，为夜空增添了神秘感。玩家2说：它是一颗巨大的恒星，位于我们所在的银河系中。在所有天文类物体中，它因其是地球上生命能量的主要来源而特别突出。它位于我们所在的银河系中心，是银河系中最明亮的物体之一。它以巨大的热量和亮度照耀着地球，为我们的星球提供光和热，是地球上生命存在的基础。它的表面温度极高，内部进行着核聚变反应，是宇宙中最强大的能量源泉之一。它是一颗位于银河系中心的恒星，是银河系中最明亮的天体之一。它的热量和亮度足以照亮整个地球，为生命提供必要的光和热。它的表面温度极高，内部发生着持续的核聚变反应，释放出巨大的能量。这颗恒星的光芒稳定而持久，是地球上生命存在和生态系统维持的关键因素。玩家3说：这是一个发光的宇宙点，夜晚在黑暗中格外显眼。它在天文领域以其固定的轨迹和独特的光芒最为显著。它是一个在夜空中独立存在的发光点，它的存在使黑暗的夜空变得明亮。这个发光点可能是单一点光源，也可能是由多个光源组成的星系或星座。它的轨迹在天空中稳定，随着时间的推移，它的位置可能会发生微小的变化。这个发光点的光芒有时明亮到足以在夜空中形成明显的图案，吸引着人们的目光。它在天文观测中是一个重要的标志，因为它的存在和运动可以帮助我们理解宇宙的结构和星体的性质。这个集合体由无数微小的亮点构成，它们在夜空中排列，创造出引人注目的图案。这些亮点在不同的时间和位置闪烁，为夜空增添了神秘感，而它们的稳定轨迹和独特光芒在天文观测中具有重要意义。玩家4说：这是一个夜空中常见的亮点，它的基本特征是能够发出光芒。在所有天文物体中，它最突出的不同特征是，它通常不是单个发光点，而是由无数发光的尘埃和气体组成的星云。它是由无数微小颗粒组成的，这些颗粒在太空中相互吸引，形成了一个发光的集合体。这个集合体在夜空中散发出稳定的光芒，有时会呈现出特定的形状，如行星或星座，给人们带来美丽的视觉体验。它在天文领域中被认为是构成宇宙的基本单元之一，通过它的存在，我们可以观察到宇宙的广阔和神秘。它是由众多微小的光点组成，这些光点在夜空中分布，共同构成了一幅壮丽的图景。这些光点在不同的时间和位置闪烁，为夜空增添了神秘感，而它们的排列和运动在天文观测中具有重要意义。||在这个游戏中，我们需要通过分析每位玩家的描述来找出卧底。通常，平民的描述会围绕相同的词语展开，而卧底的描述可能会因为词语的不同而显得不太一致。我们需要仔细比较每个描述之间的相似性和差异性，以找出可能的卧底，注意，卧底并不会隐藏自己，他会直接描述他的词语，现在，逐一分析每个玩家的描述，注意，这局游戏的词语分类为<天文>，卧底词和平民词都属于该类。||之前是第3轮描述和之前轮数描述的合集。你之前认为的卧底是玩家4。
2024-12-13 13:58:33,157 - 1 - INFO - **********PLAYER1**********
根据第3轮描述和之前的分析，以下是每位玩家的描述：

- 玩家1的描述强调了星星的闪烁、可见性、形状、亮度，以及由多个小亮点组成的集合体，这些都是星星的典型特征。

- 玩家2的描述提到了一个巨大的恒星，位于银河系中心，是银河系中最明亮的物体之一，以及它的热量和亮度对地球生命的重要性。这个描述与“星星”的一般特征不完全一致，因为它更像是描述太阳。

- 玩家3的描述提到了一个发光的宇宙点，可能是单一点光源或星系/星座，具有固定的轨迹和独特的光芒。这个描述与星星的典型特征相似，但也提到了星系/星座，这超出了单个星星的定义。

- 玩家4的描述提到了一个夜空中常见的亮点，由无数发光的尘埃和气体组成的星云。这个描述与星星的典型特征不符，因为星云不是单个星星，而是由大量气体和尘埃组成的集合体。

基于这些描述，玩家2和玩家4的描述与“星星”的定义有显著差异。玩家2描述的是一个巨大的恒星，而玩家4描述的是一个星云。由于星云与单个星星的定义不同，玩家4的描述与“星星”的定义差异最大。因此，如果必须选择一个卧底，玩家4的描述与“星星”的定义不一致之处最为明显，所以我认为玩家4很可能是卧底。
2024-12-13 13:58:33,158 - 1 - INFO - **********JUDGER**********
你刚刚的分析是根据第3轮描述和之前的分析，以下是每位玩家的描述：

- 玩家1的描述强调了星星的闪烁、可见性、形状、亮度，以及由多个小亮点组成的集合体，这些都是星星的典型特征。

- 玩家2的描述提到了一个巨大的恒星，位于银河系中心，是银河系中最明亮的物体之一，以及它的热量和亮度对地球生命的重要性。这个描述与“星星”的一般特征不完全一致，因为它更像是描述太阳。

- 玩家3的描述提到了一个发光的宇宙点，可能是单一点光源或星系/星座，具有固定的轨迹和独特的光芒。这个描述与星星的典型特征相似，但也提到了星系/星座，这超出了单个星星的定义。

- 玩家4的描述提到了一个夜空中常见的亮点，由无数发光的尘埃和气体组成的星云。这个描述与星星的典型特征不符，因为星云不是单个星星，而是由大量气体和尘埃组成的集合体。

基于这些描述，玩家2和玩家4的描述与“星星”的定义有显著差异。玩家2描述的是一个巨大的恒星，而玩家4描述的是一个星云。由于星云与单个星星的定义不同，玩家4的描述与“星星”的定义差异最大。因此，如果必须选择一个卧底，玩家4的描述与“星星”的定义不一致之处最为明显，所以我认为玩家4很可能是卧底。|| `请根据上述分析，比较描述以找出不一致之处，注意，这局游戏的词语分类为<天文>，卧底词和平民词都属于该类。
2024-12-13 13:58:54,206 - 1 - INFO - **********PLAYER1**********
根据上述分析，我们可以比较每位玩家的描述以找出不一致之处：

1. 玩家1的描述集中在星星的闪烁、可见性、形状、亮度和由多个小亮点组成的集合体，这些都是星星的典型特征。

2. 玩家2的描述提到了一个巨大的恒星，位于银河系中心，是银河系中最明亮的物体之一，以及它的热量和亮度对地球生命的重要性。虽然描述中提到了“巨大的恒星”，但没有明确指出它是太阳，因此这个描述可能与“星星”的定义相符，但它的描述更加具体和详细。

3. 玩家3的描述提到了一个发光的宇宙点，可能是单一点光源或星系/星座，具有固定的轨迹和独特的光芒。这个描述中提到的“星系或星座”超出了单个星星的定义，因此与“星星”的典型特征不一致。

4. 玩家4的描述提到了一个由无数发光的尘埃和气体组成的星云，这与“星星”的典型特征不符，因为星云是由大量气体和尘埃组成的，而不是单个星星。

不一致之处在于玩家3和玩家4的描述。玩家3的描述提到了星系或星座，而玩家4的描述明确提到了星云，这两个概念都不属于单个星星。因此，玩家3和玩家4的描述与“星星”的定义不一致。
2024-12-13 13:58:54,208 - 1 - INFO - **********JUDGER**********
你刚刚的分析是根据上述分析，我们可以比较每位玩家的描述以找出不一致之处：

1. 玩家1的描述集中在星星的闪烁、可见性、形状、亮度和由多个小亮点组成的集合体，这些都是星星的典型特征。

2. 玩家2的描述提到了一个巨大的恒星，位于银河系中心，是银河系中最明亮的物体之一，以及它的热量和亮度对地球生命的重要性。虽然描述中提到了“巨大的恒星”，但没有明确指出它是太阳，因此这个描述可能与“星星”的定义相符，但它的描述更加具体和详细。

3. 玩家3的描述提到了一个发光的宇宙点，可能是单一点光源或星系/星座，具有固定的轨迹和独特的光芒。这个描述中提到的“星系或星座”超出了单个星星的定义，因此与“星星”的典型特征不一致。

4. 玩家4的描述提到了一个由无数发光的尘埃和气体组成的星云，这与“星星”的典型特征不符，因为星云是由大量气体和尘埃组成的，而不是单个星星。

不一致之处在于玩家3和玩家4的描述。玩家3的描述提到了星系或星座，而玩家4的描述明确提到了星云，这两个概念都不属于单个星星。因此，玩家3和玩家4的描述与“星星”的定义不一致。|| 请通过你分析的不一致之处，推断卧底身份，注意，这局游戏的词语分类为<天文>，卧底词和平民词都属于该类。
2024-12-13 13:59:02,293 - 1 - INFO - **********PLAYER1**********
基于分析的不一致之处，玩家3和玩家4的描述都与“星星”这个词语的典型特征不一致。玩家3提到了“星系或星座”，而玩家4提到了“星云”。这两个概念都不属于单个星星。

因此，根据描述的不一致性和游戏规则，玩家3和玩家4中至少有一位是卧底。由于星云与单个星星的定义差异更大，玩家4的描述与“星星”的定义差异更为明显，所以我认为玩家4很可能是卧底。
2024-12-13 13:59:02,294 - 1 - INFO - **********JUDGER**********
你刚刚的推断是基于分析的不一致之处，玩家3和玩家4的描述都与“星星”这个词语的典型特征不一致。玩家3提到了“星系或星座”，而玩家4提到了“星云”。这两个概念都不属于单个星星。

因此，根据描述的不一致性和游戏规则，玩家3和玩家4中至少有一位是卧底。由于星云与单个星星的定义差异更大，玩家4的描述与“星星”的定义差异更为明显，所以我认为玩家4很可能是卧底。|| 基于你刚刚的推断得出你的最终结论，请输出你认为的卧底，在这种情况下只需要输出编号，是1-4中的某个数字，不要输出其他信息。在这个过程不要进行任何推理，只对||以前的部分进行信息提取
2024-12-13 13:59:04,055 - 1 - INFO - **********PLAYER1**********
4
