2024-12-13 13:52:15,517 - 2 - INFO - **********JUDGER**********
让我们来玩一个叫做<谁是卧底>的推理游戏。基本规则：<人数>：4人。<角色分配>：每位玩家随机抽取一个词语，3名玩家拿到的词语是相同的（平民词），1名玩家拿到与之相近但不同的词语（卧底词）。<游戏流程>：1、玩家轮流描述自己的词语，但<不能>直接说出词语本身。2、描述完毕后，投票选出最像卧底的玩家。3、每轮结束后，被投票选出的玩家出局，不能再进行描述或投票。4、每轮投票结束后，如果卧底被成功找出，平民方获胜；如果卧底未被找出且卧底人数等于或超过平民人数，则卧底方获胜。你将扮演一个<玩家>，请等待你被分配到的关键词。如果你听懂了，只回答，"好的，我准备好参加游戏了"，不要输出别的信息
2024-12-13 13:52:16,215 - 2 - INFO - **********PLAYER2**********
好的，我准备好参加游戏了
2024-12-13 13:52:21,207 - 2 - INFO - **********JUDGER**********
玩家1说：它是一个闪烁的天体，通常在夜晚的夜空中可见。它在天文类中特别因其形状和亮度而知名。玩家2说：玩家3说：玩家4说：|| 你是第2号玩家，你的关键词是<太阳>。你的回答中绝对不能包含你的关键词<太阳>。这是第一轮描述，不需要分析||之前别的玩家的描述，请你描述关键词基本特征，注意，这局游戏的词语分类为<天文>，卧底词和平民词都属于该类，描述包括以下两点，1.他的基本特征是什么2.他在该类（天文）中最突出不同的特征是什么，尽量简短
2024-12-13 13:52:23,663 - 2 - INFO - **********PLAYER2**********
它是一颗巨大的恒星，位于我们所在的银河系中。在所有天文类物体中，它因其是地球上生命能量的主要来源而特别突出。
2024-12-13 13:53:03,902 - 2 - INFO - **********JUDGER**********
玩家1说：它是一个闪烁的天体，通常在夜晚的夜空中可见。它在天文类中特别因其形状和亮度而知名。玩家2说：它是一颗巨大的恒星，位于我们所在的银河系中。在所有天文类物体中，它因其是地球上生命能量的主要来源而特别突出。玩家3说：这是一个发光的宇宙点，夜晚在黑暗中格外显眼。它在天文领域以其固定的轨迹和独特的光芒最为显著。玩家4说：||在这个游戏中，我们需要通过分析每位玩家的描述来找出卧底。通常，平民的描述会围绕相同的词语展开，而卧底的描述可能会因为词语的不同而显得不太一致。我们需要仔细比较每个描述之间的相似性和差异性，以找出可能的卧底，注意，卧底并不会隐藏自己，他会直接描述他的词语，现在，逐一分析每个玩家的描述，注意，这局游戏的词语分类为<天文>，卧底词和平民词都属于该类。这是第一轮描述。
2024-12-13 13:53:12,809 - 2 - INFO - **********PLAYER2**********
作为玩家2，我会这样分析：

玩家1的描述强调了天体的闪烁性和可见性，以及它在形状和亮度上的特殊性，这听起来像是描述行星或者月亮，因为它们在天空中闪烁，且具有特定的形状和亮度。

玩家3的描述提到了发光的宇宙点、固定的轨迹和独特的光芒，这听起来像是描述星星，尤其是那些具有明显轨迹的恒星。

玩家4的描述虽然提到了发光和显眼，但没有提到轨迹或形状，这让我感到有些不同，因为之前的描述都提到了这些特征。

我的描述与玩家1和玩家3的描述在关键特征上有相似之处，都提到了发光、形状和亮度，但与玩家4的描述相比，我的描述缺少了轨迹和固定点的特征。这让我怀疑玩家4的描述可能不太一致，可能是卧底。

综上所述，我会倾向于认为玩家4可能是卧底，因为他的描述与之前玩家的描述在关键特征上存在差异。
2024-12-13 13:53:12,810 - 2 - INFO - **********JUDGER**********
你刚刚的分析是作为玩家2，我会这样分析：

玩家1的描述强调了天体的闪烁性和可见性，以及它在形状和亮度上的特殊性，这听起来像是描述行星或者月亮，因为它们在天空中闪烁，且具有特定的形状和亮度。

玩家3的描述提到了发光的宇宙点、固定的轨迹和独特的光芒，这听起来像是描述星星，尤其是那些具有明显轨迹的恒星。

玩家4的描述虽然提到了发光和显眼，但没有提到轨迹或形状，这让我感到有些不同，因为之前的描述都提到了这些特征。

我的描述与玩家1和玩家3的描述在关键特征上有相似之处，都提到了发光、形状和亮度，但与玩家4的描述相比，我的描述缺少了轨迹和固定点的特征。这让我怀疑玩家4的描述可能不太一致，可能是卧底。

综上所述，我会倾向于认为玩家4可能是卧底，因为他的描述与之前玩家的描述在关键特征上存在差异。|| `请根据上述分析，比较描述以找出不一致之处，注意，这局游戏的词语分类为<天文>，卧底词和平民词都属于该类。
2024-12-13 13:53:23,893 - 2 - INFO - **********PLAYER2**********
根据上述分析，我们可以比较四位玩家的描述，找出不一致之处：

1. 玩家1描述了天体的闪烁性和可见性，以及形状和亮度上的特殊性。这指向了像行星或月亮这样的天体。

2. 玩家3描述了发光的宇宙点、固定的轨迹和独特的光芒。这指向了具有明显轨迹的恒星。

3. 玩家4的描述提到了发光和显眼，但没有提到轨迹或形状。这与他人的描述相比，显得不完整。

4. 作为玩家2，我的描述提到了发光、形状和亮度，但没有提到轨迹或固定点。

不一致之处在于：
- 玩家4的描述没有提到轨迹或形状，而其他玩家都至少提到了其中一个特征。
- 玩家2的描述虽然提到了发光、形状和亮度，但没有提到轨迹或固定点，这与玩家1和玩家3的描述存在差异。

基于这些不一致之处，玩家4的描述可能更不符合“天文”类中的共同特征，因此可能是卧底。而玩家2的描述虽然没有提到轨迹，但与玩家1和玩家3的描述在发光、形状和亮度上有重叠，这使得玩家2的描述看起来更符合平民的描述。
2024-12-13 13:53:23,895 - 2 - INFO - **********JUDGER**********
你刚刚的分析是根据上述分析，我们可以比较四位玩家的描述，找出不一致之处：

1. 玩家1描述了天体的闪烁性和可见性，以及形状和亮度上的特殊性。这指向了像行星或月亮这样的天体。

2. 玩家3描述了发光的宇宙点、固定的轨迹和独特的光芒。这指向了具有明显轨迹的恒星。

3. 玩家4的描述提到了发光和显眼，但没有提到轨迹或形状。这与他人的描述相比，显得不完整。

4. 作为玩家2，我的描述提到了发光、形状和亮度，但没有提到轨迹或固定点。

不一致之处在于：
- 玩家4的描述没有提到轨迹或形状，而其他玩家都至少提到了其中一个特征。
- 玩家2的描述虽然提到了发光、形状和亮度，但没有提到轨迹或固定点，这与玩家1和玩家3的描述存在差异。

基于这些不一致之处，玩家4的描述可能更不符合“天文”类中的共同特征，因此可能是卧底。而玩家2的描述虽然没有提到轨迹，但与玩家1和玩家3的描述在发光、形状和亮度上有重叠，这使得玩家2的描述看起来更符合平民的描述。|| 请通过你分析的不一致之处，推断卧底身份，注意，这局游戏的词语分类为<天文>，卧底词和平民词都属于该类。
2024-12-13 13:53:36,990 - 2 - INFO - **********PLAYER2**********
根据分析中提到的不一致之处，我们可以进行以下推断：

- 玩家1、玩家2和玩家3的描述都提到了“发光”这一特征，这是天文类物体普遍具有的共同特征。
- 玩家1和玩家3的描述都提到了“形状”或“轨迹”，这是指出了特定天文物体（行星、月亮、恒星）的独特特征。
- 玩家4的描述只提到了“发光和显眼”，没有提到“形状”或“轨迹”，这与其他玩家的描述相比显得不够具体。

由于玩家4的描述在关键特征上与其他玩家存在明显差异，且没有提到“形状”或“轨迹”，这两个特征在描述天文类物体时通常是必不可少的，这表明玩家4的描述可能不符合一个特定的天文物体。

因此，结合游戏规则和描述分析，玩家4可能是卧底，因为他的描述与平民的描述在关键特征上不一致，而其他玩家的描述则更倾向于指向同一类天文物体。卧底可能是持有与平民词不同但属于同一天文类别的词语，或者持有完全不同的词语。
2024-12-13 13:53:36,997 - 2 - INFO - **********JUDGER**********
你刚刚的推断是根据分析中提到的不一致之处，我们可以进行以下推断：

- 玩家1、玩家2和玩家3的描述都提到了“发光”这一特征，这是天文类物体普遍具有的共同特征。
- 玩家1和玩家3的描述都提到了“形状”或“轨迹”，这是指出了特定天文物体（行星、月亮、恒星）的独特特征。
- 玩家4的描述只提到了“发光和显眼”，没有提到“形状”或“轨迹”，这与其他玩家的描述相比显得不够具体。

由于玩家4的描述在关键特征上与其他玩家存在明显差异，且没有提到“形状”或“轨迹”，这两个特征在描述天文类物体时通常是必不可少的，这表明玩家4的描述可能不符合一个特定的天文物体。

因此，结合游戏规则和描述分析，玩家4可能是卧底，因为他的描述与平民的描述在关键特征上不一致，而其他玩家的描述则更倾向于指向同一类天文物体。卧底可能是持有与平民词不同但属于同一天文类别的词语，或者持有完全不同的词语。|| 基于你刚刚的推断得出你的最终结论，请输出你认为的卧底，在这种情况下只需要输出编号，是1-4中的某个数字，不要输出其他信息。在这个过程不要进行任何推理，只对||以前的部分进行信息提取
2024-12-13 13:53:37,978 - 2 - INFO - **********PLAYER2**********
4
2024-12-13 13:54:56,311 - 2 - INFO - **********JUDGER**********
玩家1说：它是一个闪烁的天体，通常在夜晚的夜空中可见。它在天文类中特别因其形状和亮度而知名。它通常由多个小亮点组成，这些亮点散布在夜空中，形成独特的图案。这个集合体在黑暗中非常明亮，有时甚至可以用肉眼分辨出其形状。玩家2说：它是一颗巨大的恒星，位于我们所在的银河系中。在所有天文类物体中，它因其是地球上生命能量的主要来源而特别突出。玩家3说：这是一个发光的宇宙点，夜晚在黑暗中格外显眼。它在天文领域以其固定的轨迹和独特的光芒最为显著。玩家4说：这是一个夜空中常见的亮点，它的基本特征是能够发出光芒。在所有天文物体中，它最突出的不同特征是，它通常不是单个发光点，而是由无数发光的尘埃和气体组成的星云。你是第2号玩家，你的关键词是<太阳>。你的回答中绝对不能包含你的关键词<太阳>。这是第二轮描述，你之前的描述是它是一颗巨大的恒星，位于我们所在的银河系中。在所有天文类物体中，它因其是地球上生命能量的主要来源而特别突出。，注意，这局游戏的词语分类为<天文>，卧底词和平民词都属于该类，请你补充关于关键词的描述，注意，你的描述应该比起之前的描述更加贴近关键词，作为之前的补充
2024-12-13 13:55:00,774 - 2 - INFO - **********PLAYER2**********
它位于我们所在的银河系中心，是银河系中最明亮的物体之一。它以巨大的热量和亮度照耀着地球，为我们的星球提供光和热，是地球上生命存在的基础。它的表面温度极高，内部进行着核聚变反应，是宇宙中最强大的能量源泉之一。
2024-12-13 13:55:57,913 - 2 - INFO - **********JUDGER**********
玩家1说：它是一个闪烁的天体，通常在夜晚的夜空中可见。它在天文类中特别因其形状和亮度而知名。它通常由多个小亮点组成，这些亮点散布在夜空中，形成独特的图案。这个集合体在黑暗中非常明亮，有时甚至可以用肉眼分辨出其形状。玩家2说：它是一颗巨大的恒星，位于我们所在的银河系中。在所有天文类物体中，它因其是地球上生命能量的主要来源而特别突出。它位于我们所在的银河系中心，是银河系中最明亮的物体之一。它以巨大的热量和亮度照耀着地球，为我们的星球提供光和热，是地球上生命存在的基础。它的表面温度极高，内部进行着核聚变反应，是宇宙中最强大的能量源泉之一。玩家3说：这是一个发光的宇宙点，夜晚在黑暗中格外显眼。它在天文领域以其固定的轨迹和独特的光芒最为显著。它是一个在夜空中独立存在的发光点，它的存在使黑暗的夜空变得明亮。这个发光点可能是单一点光源，也可能是由多个光源组成的星系或星座。它的轨迹在天空中稳定，随着时间的推移，它的位置可能会发生微小的变化。这个发光点的光芒有时明亮到足以在夜空中形成明显的图案，吸引着人们的目光。它在天文观测中是一个重要的标志，因为它的存在和运动可以帮助我们理解宇宙的结构和星体的性质。玩家4说：这是一个夜空中常见的亮点，它的基本特征是能够发出光芒。在所有天文物体中，它最突出的不同特征是，它通常不是单个发光点，而是由无数发光的尘埃和气体组成的星云。||在这个游戏中，我们需要通过分析每位玩家的描述来找出卧底。通常，平民的描述会围绕相同的词语展开，而卧底的描述可能会因为词语的不同而显得不太一致。我们需要仔细比较每个描述之间的相似性和差异性，以找出可能的卧底，注意，卧底并不会隐藏自己，他会直接描述他的词语，现在，逐一分析每个玩家的描述，注意，这局游戏的词语分类为<天文>，卧底词和平民词都属于该类。||之前是第2轮描述和之前轮数描述的合集。你之前认为的卧底是玩家4。
2024-12-13 13:56:10,318 - 2 - INFO - **********PLAYER2**********
根据之前的描述和我的分析，我之前的推断是玩家4可能是卧底。现在，我将继续分析每位玩家的描述，以验证我的推断。

玩家1的描述提到了一个由多个小亮点组成的闪烁天体，具有独特的图案，这与星云的特征相符。

玩家2的描述强调了恒星作为地球上生命能量的主要来源，并提到了其表面温度和核聚变反应，这与太阳的特征相符。

玩家3的描述提到了一个固定的轨迹和独特的光芒，以及可能由多个光源组成的星系或星座，这与星座或星系的特征相符。

玩家4的描述提到了一个夜空中常见的亮点，由无数发光的尘埃和气体组成，这与星云的特征相符。

根据这些描述，玩家4的描述与玩家1的描述在描述由多个小亮点组成的集合体方面相似，但玩家4的描述强调了这些亮点是由尘埃和气体组成的，而玩家1的描述没有提到这一点。同时，玩家2和玩家3的描述与玩家4的描述在特征上有所不同，尤其是玩家2提到了恒星作为生命能量的来源，而玩家4描述的是由尘埃和气体组成的星云。

综上所述，玩家4的描述在特征上与玩家1的描述有相似之处，但同时也引入了与恒星或星座不同的元素，这可能是由于卧底词与平民词的不同。因此，我仍然倾向于认为玩家4是卧底。
2024-12-13 13:56:10,321 - 2 - INFO - **********JUDGER**********
你刚刚的分析是根据之前的描述和我的分析，我之前的推断是玩家4可能是卧底。现在，我将继续分析每位玩家的描述，以验证我的推断。

玩家1的描述提到了一个由多个小亮点组成的闪烁天体，具有独特的图案，这与星云的特征相符。

玩家2的描述强调了恒星作为地球上生命能量的主要来源，并提到了其表面温度和核聚变反应，这与太阳的特征相符。

玩家3的描述提到了一个固定的轨迹和独特的光芒，以及可能由多个光源组成的星系或星座，这与星座或星系的特征相符。

玩家4的描述提到了一个夜空中常见的亮点，由无数发光的尘埃和气体组成，这与星云的特征相符。

根据这些描述，玩家4的描述与玩家1的描述在描述由多个小亮点组成的集合体方面相似，但玩家4的描述强调了这些亮点是由尘埃和气体组成的，而玩家1的描述没有提到这一点。同时，玩家2和玩家3的描述与玩家4的描述在特征上有所不同，尤其是玩家2提到了恒星作为生命能量的来源，而玩家4描述的是由尘埃和气体组成的星云。

综上所述，玩家4的描述在特征上与玩家1的描述有相似之处，但同时也引入了与恒星或星座不同的元素，这可能是由于卧底词与平民词的不同。因此，我仍然倾向于认为玩家4是卧底。|| `请根据上述分析，比较描述以找出不一致之处，注意，这局游戏的词语分类为<天文>，卧底词和平民词都属于该类。
2024-12-13 13:56:24,051 - 2 - INFO - **********PLAYER2**********
根据上述分析，我们可以比较四位玩家的描述，找出以下不一致之处：

1. 玩家1的描述集中在描述一个由多个小亮点组成的闪烁天体，这些亮点形成独特的图案，但没有提到这些亮点的组成成分。

2. 玩家2的描述提到了一个巨大的恒星，位于银河系中心，是银河系中最明亮的物体之一，并强调了其表面温度和核聚变反应，这是恒星的特征。

3. 玩家3的描述强调了天体的固定轨迹和独特的光芒，以及可能由多个光源组成的星系或星座，这是星座或星系的特征。

4. 玩家4的描述提到了一个由无数发光的尘埃和气体组成的亮点，这更像是星云的特征。

不一致之处在于：
- 玩家2和玩家3的描述都指向了恒星或星系这样的特定天文物体，而玩家4的描述则指向了星云，这是一个不同的天文物体类别。
- 玩家1的描述没有提到亮点的组成成分，而玩家4明确提到了由尘埃和气体组成，这与其他玩家的描述存在差异。

基于这些不一致之处，玩家4的描述在词语分类《天文》中与玩家2和玩家3的描述不一致，可能是因为他的关键词与平民词不同，因此玩家4可能是卧底。
2024-12-13 13:56:24,062 - 2 - INFO - **********JUDGER**********
你刚刚的分析是根据上述分析，我们可以比较四位玩家的描述，找出以下不一致之处：

1. 玩家1的描述集中在描述一个由多个小亮点组成的闪烁天体，这些亮点形成独特的图案，但没有提到这些亮点的组成成分。

2. 玩家2的描述提到了一个巨大的恒星，位于银河系中心，是银河系中最明亮的物体之一，并强调了其表面温度和核聚变反应，这是恒星的特征。

3. 玩家3的描述强调了天体的固定轨迹和独特的光芒，以及可能由多个光源组成的星系或星座，这是星座或星系的特征。

4. 玩家4的描述提到了一个由无数发光的尘埃和气体组成的亮点，这更像是星云的特征。

不一致之处在于：
- 玩家2和玩家3的描述都指向了恒星或星系这样的特定天文物体，而玩家4的描述则指向了星云，这是一个不同的天文物体类别。
- 玩家1的描述没有提到亮点的组成成分，而玩家4明确提到了由尘埃和气体组成，这与其他玩家的描述存在差异。

基于这些不一致之处，玩家4的描述在词语分类《天文》中与玩家2和玩家3的描述不一致，可能是因为他的关键词与平民词不同，因此玩家4可能是卧底。|| 请通过你分析的不一致之处，推断卧底身份，注意，这局游戏的词语分类为<天文>，卧底词和平民词都属于该类。
2024-12-13 13:56:34,776 - 2 - INFO - **********PLAYER2**********
基于分析中提到的不一致之处，我的推断是玩家4可能是卧底。以下是具体的原因：

1. 玩家2和玩家3的描述都指向了恒星或星系这样的特定天文物体，而玩家4的描述提到了星云，这是一个完全不同的天文物体类别，与恒星或星系在《天文》这个分类中属于不同的类别。

2. 玩家1的描述虽然没有明确提到星云的组成成分，但也没有排除这一点，而玩家4的描述则明确指出了星云是由无数发光的尘埃和气体组成的，这与恒星或星系的描述存在明显差异。

因此，考虑到《天文》这个分类下卧底词和平民词都属于同一类别，玩家4的描述与恒星或星系的特征不一致，更像是星云的特征，这表明他可能持有与平民词不同的词语，即玩家4可能是卧底。
2024-12-13 13:56:34,789 - 2 - INFO - **********JUDGER**********
你刚刚的推断是基于分析中提到的不一致之处，我的推断是玩家4可能是卧底。以下是具体的原因：

1. 玩家2和玩家3的描述都指向了恒星或星系这样的特定天文物体，而玩家4的描述提到了星云，这是一个完全不同的天文物体类别，与恒星或星系在《天文》这个分类中属于不同的类别。

2. 玩家1的描述虽然没有明确提到星云的组成成分，但也没有排除这一点，而玩家4的描述则明确指出了星云是由无数发光的尘埃和气体组成的，这与恒星或星系的描述存在明显差异。

因此，考虑到《天文》这个分类下卧底词和平民词都属于同一类别，玩家4的描述与恒星或星系的特征不一致，更像是星云的特征，这表明他可能持有与平民词不同的词语，即玩家4可能是卧底。|| 基于你刚刚的推断得出你的最终结论，请输出你认为的卧底，在这种情况下只需要输出编号，是1-4中的某个数字，不要输出其他信息。在这个过程不要进行任何推理，只对||以前的部分进行信息提取
2024-12-13 13:56:36,053 - 2 - INFO - **********PLAYER2**********
4
2024-12-13 13:58:02,787 - 2 - INFO - **********JUDGER**********
玩家1说：它是一个闪烁的天体，通常在夜晚的夜空中可见。它在天文类中特别因其形状和亮度而知名。它通常由多个小亮点组成，这些亮点散布在夜空中，形成独特的图案。这个集合体在黑暗中非常明亮，有时甚至可以用肉眼分辨出其形状。它是由无数微小亮点构成的天体，这些亮点在夜空中排列，创造出引人注目的图案。这些亮点在不同的时间和位置闪烁，为夜空增添了神秘感。玩家2说：它是一颗巨大的恒星，位于我们所在的银河系中。在所有天文类物体中，它因其是地球上生命能量的主要来源而特别突出。它位于我们所在的银河系中心，是银河系中最明亮的物体之一。它以巨大的热量和亮度照耀着地球，为我们的星球提供光和热，是地球上生命存在的基础。它的表面温度极高，内部进行着核聚变反应，是宇宙中最强大的能量源泉之一。玩家3说：这是一个发光的宇宙点，夜晚在黑暗中格外显眼。它在天文领域以其固定的轨迹和独特的光芒最为显著。它是一个在夜空中独立存在的发光点，它的存在使黑暗的夜空变得明亮。这个发光点可能是单一点光源，也可能是由多个光源组成的星系或星座。它的轨迹在天空中稳定，随着时间的推移，它的位置可能会发生微小的变化。这个发光点的光芒有时明亮到足以在夜空中形成明显的图案，吸引着人们的目光。它在天文观测中是一个重要的标志，因为它的存在和运动可以帮助我们理解宇宙的结构和星体的性质。玩家4说：这是一个夜空中常见的亮点，它的基本特征是能够发出光芒。在所有天文物体中，它最突出的不同特征是，它通常不是单个发光点，而是由无数发光的尘埃和气体组成的星云。它是由无数微小颗粒组成的，这些颗粒在太空中相互吸引，形成了一个发光的集合体。这个集合体在夜空中散发出稳定的光芒，有时会呈现出特定的形状，如行星或星座，给人们带来美丽的视觉体验。它在天文领域中被认为是构成宇宙的基本单元之一，通过它的存在，我们可以观察到宇宙的广阔和神秘。你是第2号玩家，你的关键词是<太阳>。你的回答中绝对不能包含你的关键词<太阳>。这是第三轮描述，你之前的描述是它是一颗巨大的恒星，位于我们所在的银河系中。在所有天文类物体中，它因其是地球上生命能量的主要来源而特别突出。和它位于我们所在的银河系中心，是银河系中最明亮的物体之一。它以巨大的热量和亮度照耀着地球，为我们的星球提供光和热，是地球上生命存在的基础。它的表面温度极高，内部进行着核聚变反应，是宇宙中最强大的能量源泉之一。，注意，这局游戏的词语分类为<天文>，卧底词和平民词都属于该类，请你补充关于关键词的描述，注意，你的描述应该比起之前的描述更加贴近关键词，作为之前的补充
2024-12-13 13:58:07,265 - 2 - INFO - **********PLAYER2**********
它是一颗位于银河系中心的恒星，是银河系中最明亮的天体之一。它的热量和亮度足以照亮整个地球，为生命提供必要的光和热。它的表面温度极高，内部发生着持续的核聚变反应，释放出巨大的能量。这颗恒星的光芒稳定而持久，是地球上生命存在和生态系统维持的关键因素。
2024-12-13 13:59:04,058 - 2 - INFO - **********JUDGER**********
玩家1说：它是一个闪烁的天体，通常在夜晚的夜空中可见。它在天文类中特别因其形状和亮度而知名。它通常由多个小亮点组成，这些亮点散布在夜空中，形成独特的图案。这个集合体在黑暗中非常明亮，有时甚至可以用肉眼分辨出其形状。它是由无数微小亮点构成的天体，这些亮点在夜空中排列，创造出引人注目的图案。这些亮点在不同的时间和位置闪烁，为夜空增添了神秘感。玩家2说：它是一颗巨大的恒星，位于我们所在的银河系中。在所有天文类物体中，它因其是地球上生命能量的主要来源而特别突出。它位于我们所在的银河系中心，是银河系中最明亮的物体之一。它以巨大的热量和亮度照耀着地球，为我们的星球提供光和热，是地球上生命存在的基础。它的表面温度极高，内部进行着核聚变反应，是宇宙中最强大的能量源泉之一。它是一颗位于银河系中心的恒星，是银河系中最明亮的天体之一。它的热量和亮度足以照亮整个地球，为生命提供必要的光和热。它的表面温度极高，内部发生着持续的核聚变反应，释放出巨大的能量。这颗恒星的光芒稳定而持久，是地球上生命存在和生态系统维持的关键因素。玩家3说：这是一个发光的宇宙点，夜晚在黑暗中格外显眼。它在天文领域以其固定的轨迹和独特的光芒最为显著。它是一个在夜空中独立存在的发光点，它的存在使黑暗的夜空变得明亮。这个发光点可能是单一点光源，也可能是由多个光源组成的星系或星座。它的轨迹在天空中稳定，随着时间的推移，它的位置可能会发生微小的变化。这个发光点的光芒有时明亮到足以在夜空中形成明显的图案，吸引着人们的目光。它在天文观测中是一个重要的标志，因为它的存在和运动可以帮助我们理解宇宙的结构和星体的性质。这个集合体由无数微小的亮点构成，它们在夜空中排列，创造出引人注目的图案。这些亮点在不同的时间和位置闪烁，为夜空增添了神秘感，而它们的稳定轨迹和独特光芒在天文观测中具有重要意义。玩家4说：这是一个夜空中常见的亮点，它的基本特征是能够发出光芒。在所有天文物体中，它最突出的不同特征是，它通常不是单个发光点，而是由无数发光的尘埃和气体组成的星云。它是由无数微小颗粒组成的，这些颗粒在太空中相互吸引，形成了一个发光的集合体。这个集合体在夜空中散发出稳定的光芒，有时会呈现出特定的形状，如行星或星座，给人们带来美丽的视觉体验。它在天文领域中被认为是构成宇宙的基本单元之一，通过它的存在，我们可以观察到宇宙的广阔和神秘。它是由众多微小的光点组成，这些光点在夜空中分布，共同构成了一幅壮丽的图景。这些光点在不同的时间和位置闪烁，为夜空增添了神秘感，而它们的排列和运动在天文观测中具有重要意义。||在这个游戏中，我们需要通过分析每位玩家的描述来找出卧底。通常，平民的描述会围绕相同的词语展开，而卧底的描述可能会因为词语的不同而显得不太一致。我们需要仔细比较每个描述之间的相似性和差异性，以找出可能的卧底，注意，卧底并不会隐藏自己，他会直接描述他的词语，现在，逐一分析每个玩家的描述，注意，这局游戏的词语分类为<天文>，卧底词和平民词都属于该类。||之前是第3轮描述和之前轮数描述的合集。你之前认为的卧底是玩家4。
2024-12-13 13:59:15,277 - 2 - INFO - **********PLAYER2**********
根据第三轮描述和之前的分析，以下是我的分析：

玩家1的描述提到了一个由多个小亮点组成的天体，具有独特的图案，闪烁且明亮，这听起来像是描述星云或银河。

玩家2的描述重复了之前的描述，强调了恒星作为地球上生命能量的主要来源，并提到了其表面温度和核聚变反应，这是恒星的特征。

玩家3的描述提到了一个发光的宇宙点，具有固定的轨迹和独特的光芒，这听起来像是描述星星，尤其是那些具有明显轨迹的恒星。

玩家4的描述提到了一个夜空中常见的亮点，由无数发光的尘埃和气体组成，这听起来像是描述星云。

我的之前的推断是玩家4可能是卧底，因为他的描述与星云的特征相符，而其他玩家的描述则更倾向于指向恒星或星云。

在第三轮描述中，玩家1和玩家4的描述都与星云有关，但玩家1的描述更详细地提到了闪烁和图案，而玩家4的描述则强调了由尘埃和气体组成。玩家2和玩家3的描述则更偏向于恒星。

基于这些信息，我的最终结论仍然是玩家4可能是卧底，因为他的描述在第三轮中与星云的特征更为贴合，而与其他玩家的描述存在一定的差异。
2024-12-13 13:59:15,278 - 2 - INFO - **********JUDGER**********
你刚刚的分析是根据第三轮描述和之前的分析，以下是我的分析：

玩家1的描述提到了一个由多个小亮点组成的天体，具有独特的图案，闪烁且明亮，这听起来像是描述星云或银河。

玩家2的描述重复了之前的描述，强调了恒星作为地球上生命能量的主要来源，并提到了其表面温度和核聚变反应，这是恒星的特征。

玩家3的描述提到了一个发光的宇宙点，具有固定的轨迹和独特的光芒，这听起来像是描述星星，尤其是那些具有明显轨迹的恒星。

玩家4的描述提到了一个夜空中常见的亮点，由无数发光的尘埃和气体组成，这听起来像是描述星云。

我的之前的推断是玩家4可能是卧底，因为他的描述与星云的特征相符，而其他玩家的描述则更倾向于指向恒星或星云。

在第三轮描述中，玩家1和玩家4的描述都与星云有关，但玩家1的描述更详细地提到了闪烁和图案，而玩家4的描述则强调了由尘埃和气体组成。玩家2和玩家3的描述则更偏向于恒星。

基于这些信息，我的最终结论仍然是玩家4可能是卧底，因为他的描述在第三轮中与星云的特征更为贴合，而与其他玩家的描述存在一定的差异。|| `请根据上述分析，比较描述以找出不一致之处，注意，这局游戏的词语分类为<天文>，卧底词和平民词都属于该类。
2024-12-13 13:59:32,318 - 2 - INFO - **********PLAYER2**********
根据上述分析，我们可以比较四位玩家的描述，找出以下不一致之处：

1. 玩家1的描述强调了天体的闪烁性和图案，但没有明确指出天体是由尘埃和气体组成的。

2. 玩家2的描述专注于描述恒星的特征，包括其作为生命能量的来源、位置、亮度、温度和核聚变反应。

3. 玩家3的描述提到了一个发光的宇宙点，具有固定的轨迹和独特的光芒，但没有明确指出这是由尘埃和气体组成的。

4. 玩家4的描述明确指出天体是由无数发光的尘埃和气体组成的，并强调了这一点作为其最突出的特征。

不一致之处在于：
- 玩家2和玩家3的描述都集中在描述恒星的特征，而玩家1和玩家4的描述则更偏向于星云的特征。
- 玩家4的描述特别强调了天体的组成成分，即由尘埃和气体组成，这是与恒星描述的关键差异。

基于这些不一致之处，玩家4的描述在《天文》这个分类中与玩家2和玩家3的描述不一致，可能是因为他的关键词与平民词不同，因此玩家4可能是卧底。
2024-12-13 13:59:32,320 - 2 - INFO - **********JUDGER**********
你刚刚的分析是根据上述分析，我们可以比较四位玩家的描述，找出以下不一致之处：

1. 玩家1的描述强调了天体的闪烁性和图案，但没有明确指出天体是由尘埃和气体组成的。

2. 玩家2的描述专注于描述恒星的特征，包括其作为生命能量的来源、位置、亮度、温度和核聚变反应。

3. 玩家3的描述提到了一个发光的宇宙点，具有固定的轨迹和独特的光芒，但没有明确指出这是由尘埃和气体组成的。

4. 玩家4的描述明确指出天体是由无数发光的尘埃和气体组成的，并强调了这一点作为其最突出的特征。

不一致之处在于：
- 玩家2和玩家3的描述都集中在描述恒星的特征，而玩家1和玩家4的描述则更偏向于星云的特征。
- 玩家4的描述特别强调了天体的组成成分，即由尘埃和气体组成，这是与恒星描述的关键差异。

基于这些不一致之处，玩家4的描述在《天文》这个分类中与玩家2和玩家3的描述不一致，可能是因为他的关键词与平民词不同，因此玩家4可能是卧底。|| 请通过你分析的不一致之处，推断卧底身份，注意，这局游戏的词语分类为<天文>，卧底词和平民词都属于该类。
2024-12-13 13:59:44,970 - 2 - INFO - **********PLAYER2**********
基于分析中提到的不一致之处，我的推断是玩家4可能是卧底。以下是具体的原因：

1. 玩家2和玩家3的描述都集中在描述恒星的特征，而玩家4的描述则明确指出天体是由无数发光的尘埃和气体组成的，这与恒星的特征不符。

2. 玩家1的描述虽然提到了天体的闪烁性和图案，但没有明确指出天体的组成成分，而玩家4的描述则直接强调了天体的组成，这与其他玩家的描述存在差异。

3. 由于游戏规则中提到卧底词和平民词都属于《天文》这个分类，玩家4的描述在组成成分上的强调与恒星的特征不一致，更像是星云的特征。

综合以上点，玩家4的描述与恒星的特征不一致，更符合星云的特征，因此我推断玩家4是卧底。
2024-12-13 13:59:44,971 - 2 - INFO - **********JUDGER**********
你刚刚的推断是基于分析中提到的不一致之处，我的推断是玩家4可能是卧底。以下是具体的原因：

1. 玩家2和玩家3的描述都集中在描述恒星的特征，而玩家4的描述则明确指出天体是由无数发光的尘埃和气体组成的，这与恒星的特征不符。

2. 玩家1的描述虽然提到了天体的闪烁性和图案，但没有明确指出天体的组成成分，而玩家4的描述则直接强调了天体的组成，这与其他玩家的描述存在差异。

3. 由于游戏规则中提到卧底词和平民词都属于《天文》这个分类，玩家4的描述在组成成分上的强调与恒星的特征不一致，更像是星云的特征。

综合以上点，玩家4的描述与恒星的特征不一致，更符合星云的特征，因此我推断玩家4是卧底。|| 基于你刚刚的推断得出你的最终结论，请输出你认为的卧底，在这种情况下只需要输出编号，是1-4中的某个数字，不要输出其他信息。在这个过程不要进行任何推理，只对||以前的部分进行信息提取
2024-12-13 13:59:47,519 - 2 - INFO - **********PLAYER2**********
4
