2024-12-13 13:52:17,206 - 3 - INFO - **********JUDGER**********
让我们来玩一个叫做<谁是卧底>的推理游戏。基本规则：<人数>：4人。<角色分配>：每位玩家随机抽取一个词语，3名玩家拿到的词语是相同的（平民词），1名玩家拿到与之相近但不同的词语（卧底词）。<游戏流程>：1、玩家轮流描述自己的词语，但<不能>直接说出词语本身。2、描述完毕后，投票选出最像卧底的玩家。3、每轮结束后，被投票选出的玩家出局，不能再进行描述或投票。4、每轮投票结束后，如果卧底被成功找出，平民方获胜；如果卧底未被找出且卧底人数等于或超过平民人数，则卧底方获胜。你将扮演一个<玩家>，请等待你被分配到的关键词。如果你听懂了，只回答，"好的，我准备好参加游戏了"，不要输出别的信息
2024-12-13 13:52:17,865 - 3 - INFO - **********PLAYER3**********
好的，我准备好参加游戏了
2024-12-13 13:52:23,664 - 3 - INFO - **********JUDGER**********
玩家1说：它是一个闪烁的天体，通常在夜晚的夜空中可见。它在天文类中特别因其形状和亮度而知名。玩家2说：它是一颗巨大的恒星，位于我们所在的银河系中。在所有天文类物体中，它因其是地球上生命能量的主要来源而特别突出。玩家3说：玩家4说：|| 你是第3号玩家，你的关键词是<星星>。你的回答中绝对不能包含你的关键词<星星>。这是第一轮描述，不需要分析||之前别的玩家的描述，请你描述关键词基本特征，注意，这局游戏的词语分类为<天文>，卧底词和平民词都属于该类，描述包括以下两点，1.他的基本特征是什么2.他在该类（天文）中最突出不同的特征是什么，尽量简短
2024-12-13 13:52:26,341 - 3 - INFO - **********PLAYER3**********
这是一个发光的宇宙点，夜晚在黑暗中格外显眼。它在天文领域以其固定的轨迹和独特的光芒最为显著。
2024-12-13 13:53:37,980 - 3 - INFO - **********JUDGER**********
玩家1说：它是一个闪烁的天体，通常在夜晚的夜空中可见。它在天文类中特别因其形状和亮度而知名。玩家2说：它是一颗巨大的恒星，位于我们所在的银河系中。在所有天文类物体中，它因其是地球上生命能量的主要来源而特别突出。玩家3说：这是一个发光的宇宙点，夜晚在黑暗中格外显眼。它在天文领域以其固定的轨迹和独特的光芒最为显著。玩家4说：||在这个游戏中，我们需要通过分析每位玩家的描述来找出卧底。通常，平民的描述会围绕相同的词语展开，而卧底的描述可能会因为词语的不同而显得不太一致。我们需要仔细比较每个描述之间的相似性和差异性，以找出可能的卧底，注意，卧底并不会隐藏自己，他会直接描述他的词语，现在，逐一分析每个玩家的描述，注意，这局游戏的词语分类为<天文>，卧底词和平民词都属于该类。这是第一轮描述。
2024-12-13 13:53:50,441 - 3 - INFO - **********PLAYER3**********
在第一轮描述中，玩家1和玩家3的描述非常相似，都提到了闪烁的天体、夜晚可见、形状和亮度等特点，这表明他们可能是平民。玩家2的描述也提到了巨大的恒星、银河系中的位置，以及作为生命能量来源的特点，这与玩家1和玩家3的描述有一定的相似性，但多了“生命能量来源”这一点，这可能是一个关键的不同点。

玩家4的描述与玩家1和玩家3的描述非常相似，但没有提到“生命能量来源”，这可能与玩家2的描述形成对比。由于所有描述都属于天文类别，且玩家1、玩家3和玩家4的描述都集中在天体的基本特征上，而玩家2的描述则额外强调了生命能量的来源，这可能是一个线索，表明玩家2的描述可能与卧底词有关。

综上所述，玩家2的描述似乎与平民的描述有所不同，特别是关于生命能量的来源这一点，这可能是卧底词的特征。因此，玩家2可能是卧底。当然，这只是一个初步的分析，后续的描述和投票将提供更多的线索。
2024-12-13 13:53:50,446 - 3 - INFO - **********JUDGER**********
你刚刚的分析是在第一轮描述中，玩家1和玩家3的描述非常相似，都提到了闪烁的天体、夜晚可见、形状和亮度等特点，这表明他们可能是平民。玩家2的描述也提到了巨大的恒星、银河系中的位置，以及作为生命能量来源的特点，这与玩家1和玩家3的描述有一定的相似性，但多了“生命能量来源”这一点，这可能是一个关键的不同点。

玩家4的描述与玩家1和玩家3的描述非常相似，但没有提到“生命能量来源”，这可能与玩家2的描述形成对比。由于所有描述都属于天文类别，且玩家1、玩家3和玩家4的描述都集中在天体的基本特征上，而玩家2的描述则额外强调了生命能量的来源，这可能是一个线索，表明玩家2的描述可能与卧底词有关。

综上所述，玩家2的描述似乎与平民的描述有所不同，特别是关于生命能量的来源这一点，这可能是卧底词的特征。因此，玩家2可能是卧底。当然，这只是一个初步的分析，后续的描述和投票将提供更多的线索。|| `请根据上述分析，比较描述以找出不一致之处，注意，这局游戏的词语分类为<天文>，卧底词和平民词都属于该类。
2024-12-13 13:54:11,179 - 3 - INFO - **********PLAYER3**********
根据上述分析，我们可以比较描述中的不一致之处如下：

1. 玩家1和玩家3的描述：
   - 都提到了“闪烁的天体”。
   - 都提到了“夜晚的夜空中可见”。
   - 都提到了“形状和亮度”。
   - 都没有提到“生命能量来源”。

2. 玩家2的描述：
   - 提到了“闪烁的天体”，与玩家1和玩家3相似。
   - 提到了“位于我们所在的银河系中”，这是玩家1和玩家3没有提到的。
   - 提到了“生命能量来源”，这是玩家1、玩家3和玩家4都没有提到的，且与天文类别的其他描述不符。
   - 提到了“巨大的恒星”，这与玩家1和玩家3的描述相似，但没有具体提到“形状和亮度”。

3. 玩家4的描述：
   - 与玩家1和玩家3的描述非常相似，没有提到“生命能量来源”。
   - 没有提到“位于我们所在的银河系中”或“巨大的恒星”。

不一致之处主要集中在玩家2的描述中，特别是“生命能量来源”这一点，这是其他玩家描述中没有出现的。由于所有描述都属于天文类别，玩家2的描述中的这一点可能是区分平民词和卧底词的关键。因此，玩家2的描述与平民的描述存在显著的不一致，这可能是卧底词的特征。
2024-12-13 13:54:11,182 - 3 - INFO - **********JUDGER**********
你刚刚的分析是根据上述分析，我们可以比较描述中的不一致之处如下：

1. 玩家1和玩家3的描述：
   - 都提到了“闪烁的天体”。
   - 都提到了“夜晚的夜空中可见”。
   - 都提到了“形状和亮度”。
   - 都没有提到“生命能量来源”。

2. 玩家2的描述：
   - 提到了“闪烁的天体”，与玩家1和玩家3相似。
   - 提到了“位于我们所在的银河系中”，这是玩家1和玩家3没有提到的。
   - 提到了“生命能量来源”，这是玩家1、玩家3和玩家4都没有提到的，且与天文类别的其他描述不符。
   - 提到了“巨大的恒星”，这与玩家1和玩家3的描述相似，但没有具体提到“形状和亮度”。

3. 玩家4的描述：
   - 与玩家1和玩家3的描述非常相似，没有提到“生命能量来源”。
   - 没有提到“位于我们所在的银河系中”或“巨大的恒星”。

不一致之处主要集中在玩家2的描述中，特别是“生命能量来源”这一点，这是其他玩家描述中没有出现的。由于所有描述都属于天文类别，玩家2的描述中的这一点可能是区分平民词和卧底词的关键。因此，玩家2的描述与平民的描述存在显著的不一致，这可能是卧底词的特征。|| 请通过你分析的不一致之处，推断卧底身份，注意，这局游戏的词语分类为<天文>，卧底词和平民词都属于该类。
2024-12-13 13:54:18,295 - 3 - INFO - **********PLAYER3**********
词

根据上述分析，玩家2的描述中包含了一个与其他玩家描述不一致的关键特征：“生命能量来源”。这个特征在玩家1、玩家3和玩家4的描述中没有出现，而在天文类别的描述中也不常见。通常，天文类别的描述会集中在天体的物理特征上，如形状、亮度、位置等，而不是其与地球生命能量的关系。

由于所有描述都属于天文类别，玩家2的描述中的这一独特点使得他/她的描述与其他玩家有所不同。这表明玩家2的词语可能与天体的能量产生或传输有关，而不是天体本身的基本特征。

因此，根据描述中的不一致之处，可以推断玩家2是卧底，因为他的描述包含了一个与平民词描述不一致的关键特征，而这个特征与天文类别中的“卧底词”更为吻合。
2024-12-13 13:54:18,299 - 3 - INFO - **********JUDGER**********
你刚刚的推断是词

根据上述分析，玩家2的描述中包含了一个与其他玩家描述不一致的关键特征：“生命能量来源”。这个特征在玩家1、玩家3和玩家4的描述中没有出现，而在天文类别的描述中也不常见。通常，天文类别的描述会集中在天体的物理特征上，如形状、亮度、位置等，而不是其与地球生命能量的关系。

由于所有描述都属于天文类别，玩家2的描述中的这一独特点使得他/她的描述与其他玩家有所不同。这表明玩家2的词语可能与天体的能量产生或传输有关，而不是天体本身的基本特征。

因此，根据描述中的不一致之处，可以推断玩家2是卧底，因为他的描述包含了一个与平民词描述不一致的关键特征，而这个特征与天文类别中的“卧底词”更为吻合。|| 基于你刚刚的推断得出你的最终结论，请输出你认为的卧底，在这种情况下只需要输出编号，是1-4中的某个数字，不要输出其他信息。在这个过程不要进行任何推理，只对||以前的部分进行信息提取
2024-12-13 13:54:19,189 - 3 - INFO - **********PLAYER3**********
2
2024-12-13 13:55:00,775 - 3 - INFO - **********JUDGER**********
玩家1说：它是一个闪烁的天体，通常在夜晚的夜空中可见。它在天文类中特别因其形状和亮度而知名。它通常由多个小亮点组成，这些亮点散布在夜空中，形成独特的图案。这个集合体在黑暗中非常明亮，有时甚至可以用肉眼分辨出其形状。玩家2说：它是一颗巨大的恒星，位于我们所在的银河系中。在所有天文类物体中，它因其是地球上生命能量的主要来源而特别突出。它位于我们所在的银河系中心，是银河系中最明亮的物体之一。它以巨大的热量和亮度照耀着地球，为我们的星球提供光和热，是地球上生命存在的基础。它的表面温度极高，内部进行着核聚变反应，是宇宙中最强大的能量源泉之一。玩家3说：这是一个发光的宇宙点，夜晚在黑暗中格外显眼。它在天文领域以其固定的轨迹和独特的光芒最为显著。玩家4说：这是一个夜空中常见的亮点，它的基本特征是能够发出光芒。在所有天文物体中，它最突出的不同特征是，它通常不是单个发光点，而是由无数发光的尘埃和气体组成的星云。你是第3号玩家，你的关键词是<星星>。你的回答中绝对不能包含你的关键词<星星>。这是第二轮描述，你之前的描述是这是一个发光的宇宙点，夜晚在黑暗中格外显眼。它在天文领域以其固定的轨迹和独特的光芒最为显著。，注意，这局游戏的词语分类为<天文>，卧底词和平民词都属于该类，请你补充关于关键词的描述，注意，你的描述应该比起之前的描述更加贴近关键词，作为之前的补充
2024-12-13 13:55:08,227 - 3 - INFO - **********PLAYER3**********
关键词
在第二轮描述中，玩家3的描述已经提到了“这是一个发光的宇宙点，夜晚在黑暗中格外显眼。它在天文领域以其固定的轨迹和独特的光芒最为显著。”为了补充这个描述，并确保更加贴近关键词“星星”，玩家3可以这样描述：

这个发光的宇宙点，也就是我们常说的星星，是夜空中最为熟悉的景象之一。它们在黑暗的宇宙中散布，各自以其独特的亮度和颜色点缀着夜空。星星的运动轨迹稳定而规律，它们的光芒不仅照亮了夜晚，也激发了人类对宇宙的无限遐想。有些星星因为其亮度或颜色而特别引人注目，它们是构成星座的基本元素，也是天文学研究中不可或缺的对象。
2024-12-13 13:55:08,229 - 3 - INFO - **********JUDGER**********
玩家1说：它是一个闪烁的天体，通常在夜晚的夜空中可见。它在天文类中特别因其形状和亮度而知名。它通常由多个小亮点组成，这些亮点散布在夜空中，形成独特的图案。这个集合体在黑暗中非常明亮，有时甚至可以用肉眼分辨出其形状。玩家2说：它是一颗巨大的恒星，位于我们所在的银河系中。在所有天文类物体中，它因其是地球上生命能量的主要来源而特别突出。它位于我们所在的银河系中心，是银河系中最明亮的物体之一。它以巨大的热量和亮度照耀着地球，为我们的星球提供光和热，是地球上生命存在的基础。它的表面温度极高，内部进行着核聚变反应，是宇宙中最强大的能量源泉之一。玩家3说：这是一个发光的宇宙点，夜晚在黑暗中格外显眼。它在天文领域以其固定的轨迹和独特的光芒最为显著。玩家4说：这是一个夜空中常见的亮点，它的基本特征是能够发出光芒。在所有天文物体中，它最突出的不同特征是，它通常不是单个发光点，而是由无数发光的尘埃和气体组成的星云。你是第3号玩家，你的关键词是<星星>。你的回答中绝对不能包含你的关键词<星星>。这是第二轮描述，你之前的描述是这是一个发光的宇宙点，夜晚在黑暗中格外显眼。它在天文领域以其固定的轨迹和独特的光芒最为显著。，注意，这局游戏的词语分类为<天文>，卧底词和平民词都属于该类，请你补充关于关键词的描述，注意，你的描述应该比起之前的描述更加贴近关键词，作为之前的补充
2024-12-13 13:55:12,053 - 3 - INFO - **********PLAYER3**********
它是一个在夜空中独立存在的发光点，它的存在使黑暗的夜空变得明亮。这个发光点可能是单一点光源，也可能是由多个光源组成的星系或星座。它的轨迹在天空中稳定，随着时间的推移，它的位置可能会发生微小的变化。这个发光点的光芒有时明亮到足以在夜空中形成明显的图案，吸引着人们的目光。它在天文观测中是一个重要的标志，因为它的存在和运动可以帮助我们理解宇宙的结构和星体的性质。
2024-12-13 13:56:36,054 - 3 - INFO - **********JUDGER**********
玩家1说：它是一个闪烁的天体，通常在夜晚的夜空中可见。它在天文类中特别因其形状和亮度而知名。它通常由多个小亮点组成，这些亮点散布在夜空中，形成独特的图案。这个集合体在黑暗中非常明亮，有时甚至可以用肉眼分辨出其形状。玩家2说：它是一颗巨大的恒星，位于我们所在的银河系中。在所有天文类物体中，它因其是地球上生命能量的主要来源而特别突出。它位于我们所在的银河系中心，是银河系中最明亮的物体之一。它以巨大的热量和亮度照耀着地球，为我们的星球提供光和热，是地球上生命存在的基础。它的表面温度极高，内部进行着核聚变反应，是宇宙中最强大的能量源泉之一。玩家3说：这是一个发光的宇宙点，夜晚在黑暗中格外显眼。它在天文领域以其固定的轨迹和独特的光芒最为显著。它是一个在夜空中独立存在的发光点，它的存在使黑暗的夜空变得明亮。这个发光点可能是单一点光源，也可能是由多个光源组成的星系或星座。它的轨迹在天空中稳定，随着时间的推移，它的位置可能会发生微小的变化。这个发光点的光芒有时明亮到足以在夜空中形成明显的图案，吸引着人们的目光。它在天文观测中是一个重要的标志，因为它的存在和运动可以帮助我们理解宇宙的结构和星体的性质。玩家4说：这是一个夜空中常见的亮点，它的基本特征是能够发出光芒。在所有天文物体中，它最突出的不同特征是，它通常不是单个发光点，而是由无数发光的尘埃和气体组成的星云。||在这个游戏中，我们需要通过分析每位玩家的描述来找出卧底。通常，平民的描述会围绕相同的词语展开，而卧底的描述可能会因为词语的不同而显得不太一致。我们需要仔细比较每个描述之间的相似性和差异性，以找出可能的卧底，注意，卧底并不会隐藏自己，他会直接描述他的词语，现在，逐一分析每个玩家的描述，注意，这局游戏的词语分类为<天文>，卧底词和平民词都属于该类。||之前是第2轮描述和之前轮数描述的合集。你之前认为的卧底是玩家2。
2024-12-13 13:56:54,983 - 3 - INFO - **********PLAYER3**********
根据第2轮描述和之前轮数描述的合集，以及之前的分析，以下是对每位玩家描述的逐一分析：

1. 玩家1的描述：
   - 描述了一个由多个小亮点组成的闪烁天体，通常在夜晚可见，因其形状和亮度知名。
   - 描述与玩家3的描述相似，都提到了闪烁、夜晚可见、形状和亮度。

2. 玩家2的描述：
   - 描述了一颗巨大的恒星，位于银河系中，是地球上生命能量的主要来源。
   - 描述中提到了恒星的位置、热量、亮度、光和热，以及核聚变反应。
   - 描述与玩家1和玩家3的描述有显著差异，特别是关于生命能量的来源。

3. 玩家3的描述：
   - 描述了一个发光的宇宙点，夜晚在黑暗中格外显眼，以其固定的轨迹和独特的光芒知名。
   - 描述与玩家1的描述相似，都提到了闪烁、夜晚可见、轨迹和光芒。

4. 玩家4的描述：
   - 描述了一个夜空中常见的亮点，基本特征是能够发出光芒，通常由无数发光的尘埃和气体组成。
   - 描述中提到了发光点、尘埃和气体，这与玩家1和玩家3的描述有显著差异。

根据之前的推断，玩家2的描述与平民的描述不一致，特别是关于生命能量的来源这一点。然而，玩家4的描述也包含了与平民描述不同的元素，即“由无数发光的尘埃和气体组成的星云”。这表明玩家4的描述可能与卧底词有关。

综上所述，玩家2和玩家4的描述都与平民的描述存在显著差异。考虑到之前的推断，玩家2可能是卧底，但现在玩家4的描述也引起了怀疑。因此，基于当前的描述，玩家2和玩家4都有可能是卧底。
2024-12-13 13:56:54,991 - 3 - INFO - **********JUDGER**********
你刚刚的分析是根据第2轮描述和之前轮数描述的合集，以及之前的分析，以下是对每位玩家描述的逐一分析：

1. 玩家1的描述：
   - 描述了一个由多个小亮点组成的闪烁天体，通常在夜晚可见，因其形状和亮度知名。
   - 描述与玩家3的描述相似，都提到了闪烁、夜晚可见、形状和亮度。

2. 玩家2的描述：
   - 描述了一颗巨大的恒星，位于银河系中，是地球上生命能量的主要来源。
   - 描述中提到了恒星的位置、热量、亮度、光和热，以及核聚变反应。
   - 描述与玩家1和玩家3的描述有显著差异，特别是关于生命能量的来源。

3. 玩家3的描述：
   - 描述了一个发光的宇宙点，夜晚在黑暗中格外显眼，以其固定的轨迹和独特的光芒知名。
   - 描述与玩家1的描述相似，都提到了闪烁、夜晚可见、轨迹和光芒。

4. 玩家4的描述：
   - 描述了一个夜空中常见的亮点，基本特征是能够发出光芒，通常由无数发光的尘埃和气体组成。
   - 描述中提到了发光点、尘埃和气体，这与玩家1和玩家3的描述有显著差异。

根据之前的推断，玩家2的描述与平民的描述不一致，特别是关于生命能量的来源这一点。然而，玩家4的描述也包含了与平民描述不同的元素，即“由无数发光的尘埃和气体组成的星云”。这表明玩家4的描述可能与卧底词有关。

综上所述，玩家2和玩家4的描述都与平民的描述存在显著差异。考虑到之前的推断，玩家2可能是卧底，但现在玩家4的描述也引起了怀疑。因此，基于当前的描述，玩家2和玩家4都有可能是卧底。|| `请根据上述分析，比较描述以找出不一致之处，注意，这局游戏的词语分类为<天文>，卧底词和平民词都属于该类。
2024-12-13 13:57:14,915 - 3 - INFO - **********PLAYER3**********
根据上述分析，我们可以比较描述中的不一致之处如下：

1. 玩家1和玩家3的描述：
   - 都提到了“闪烁的天体”。
   - 都提到了“夜晚可见”。
   - 都提到了“形状和亮度”。
   - 都提到了“由多个小亮点组成”。
   - 都提到了“形成独特的图案”。
   - 两者描述的相似性很高，没有显著的不一致之处。

2. 玩家2的描述：
   - 提到了“巨大的恒星”。
   - 提到了“位于银河系中”。
   - 提到了“是地球上生命能量的主要来源”。
   - 提到了“位于银河系中心”。
   - 提到了“是最明亮的物体之一”。
   - 提到了“以巨大的热量和亮度照耀着地球”。
   - 提到了“表面温度极高”。
   - 提到了“内部进行着核聚变反应”。
   - 描述中包含了与玩家1和玩家3不同的元素，特别是关于恒星的生命能量来源和物理特性。

3. 玩家4的描述：
   - 提到了“夜空中常见的亮点”。
   - 提到了“能够发出光芒”。
   - 提到了“由无数发光的尘埃和气体组成”。
   - 描述中提到了“星云”，这与玩家1和玩家3的描述有显著差异。

不一致之处主要体现在玩家2和玩家4的描述中。玩家2的描述与玩家1和玩家3的描述差异较大，特别是关于恒星的生命能量来源和物理特性。玩家4的描述则提到了“星云”，这与玩家1和玩家3描述的“由多个小亮点组成”的集合体形成了对比。这些差异表明玩家2和玩家4的描述可能与卧底词有关。
2024-12-13 13:57:14,920 - 3 - INFO - **********JUDGER**********
你刚刚的分析是根据上述分析，我们可以比较描述中的不一致之处如下：

1. 玩家1和玩家3的描述：
   - 都提到了“闪烁的天体”。
   - 都提到了“夜晚可见”。
   - 都提到了“形状和亮度”。
   - 都提到了“由多个小亮点组成”。
   - 都提到了“形成独特的图案”。
   - 两者描述的相似性很高，没有显著的不一致之处。

2. 玩家2的描述：
   - 提到了“巨大的恒星”。
   - 提到了“位于银河系中”。
   - 提到了“是地球上生命能量的主要来源”。
   - 提到了“位于银河系中心”。
   - 提到了“是最明亮的物体之一”。
   - 提到了“以巨大的热量和亮度照耀着地球”。
   - 提到了“表面温度极高”。
   - 提到了“内部进行着核聚变反应”。
   - 描述中包含了与玩家1和玩家3不同的元素，特别是关于恒星的生命能量来源和物理特性。

3. 玩家4的描述：
   - 提到了“夜空中常见的亮点”。
   - 提到了“能够发出光芒”。
   - 提到了“由无数发光的尘埃和气体组成”。
   - 描述中提到了“星云”，这与玩家1和玩家3的描述有显著差异。

不一致之处主要体现在玩家2和玩家4的描述中。玩家2的描述与玩家1和玩家3的描述差异较大，特别是关于恒星的生命能量来源和物理特性。玩家4的描述则提到了“星云”，这与玩家1和玩家3描述的“由多个小亮点组成”的集合体形成了对比。这些差异表明玩家2和玩家4的描述可能与卧底词有关。|| 请通过你分析的不一致之处，推断卧底身份，注意，这局游戏的词语分类为<天文>，卧底词和平民词都属于该类。
2024-12-13 13:57:29,407 - 3 - INFO - **********PLAYER3**********
基于上述分析的不一致之处，我们可以推断卧底身份如下：

- 玩家2的描述中提到了“是地球上生命能量的主要来源”、“位于银河系中心”、“表面温度极高”、“内部进行着核聚变反应”等特征，这些描述与普通星星的特征不符，更像是描述太阳或其他巨大恒星的特征。由于所有描述都属于天文类别，玩家2的描述与平民的描述存在显著差异，这表明玩家2可能是卧底。

- 玩家4的描述中提到了“由无数发光的尘埃和气体组成”的“星云”，这与玩家1和玩家3描述的由多个小亮点组成的集合体形成了对比。星云通常是由气体和尘埃组成的云状天体，而不是由多个小亮点组成的集合体，因此玩家4的描述也与平民的描述不一致，这同样表明玩家4可能是卧底。

综上所述，玩家2和玩家4的描述都与平民的描述不一致，因此在这两个玩家中，我们可以推断其中一个是卧底。由于之前的分析已经将玩家2作为卧底的可能性提到了，而玩家4的描述同样与平民描述不符，所以在这个新的分析中，玩家4也可能是卧底。因此，玩家2和玩家4都有可能是卧底。
2024-12-13 13:57:29,408 - 3 - INFO - **********JUDGER**********
你刚刚的推断是基于上述分析的不一致之处，我们可以推断卧底身份如下：

- 玩家2的描述中提到了“是地球上生命能量的主要来源”、“位于银河系中心”、“表面温度极高”、“内部进行着核聚变反应”等特征，这些描述与普通星星的特征不符，更像是描述太阳或其他巨大恒星的特征。由于所有描述都属于天文类别，玩家2的描述与平民的描述存在显著差异，这表明玩家2可能是卧底。

- 玩家4的描述中提到了“由无数发光的尘埃和气体组成”的“星云”，这与玩家1和玩家3描述的由多个小亮点组成的集合体形成了对比。星云通常是由气体和尘埃组成的云状天体，而不是由多个小亮点组成的集合体，因此玩家4的描述也与平民的描述不一致，这同样表明玩家4可能是卧底。

综上所述，玩家2和玩家4的描述都与平民的描述不一致，因此在这两个玩家中，我们可以推断其中一个是卧底。由于之前的分析已经将玩家2作为卧底的可能性提到了，而玩家4的描述同样与平民描述不符，所以在这个新的分析中，玩家4也可能是卧底。因此，玩家2和玩家4都有可能是卧底。|| 基于你刚刚的推断得出你的最终结论，请输出你认为的卧底，在这种情况下只需要输出编号，是1-4中的某个数字，不要输出其他信息。在这个过程不要进行任何推理，只对||以前的部分进行信息提取
2024-12-13 13:57:31,258 - 3 - INFO - **********PLAYER3**********
2
2024-12-13 13:58:07,268 - 3 - INFO - **********JUDGER**********
玩家1说：它是一个闪烁的天体，通常在夜晚的夜空中可见。它在天文类中特别因其形状和亮度而知名。它通常由多个小亮点组成，这些亮点散布在夜空中，形成独特的图案。这个集合体在黑暗中非常明亮，有时甚至可以用肉眼分辨出其形状。它是由无数微小亮点构成的天体，这些亮点在夜空中排列，创造出引人注目的图案。这些亮点在不同的时间和位置闪烁，为夜空增添了神秘感。玩家2说：它是一颗巨大的恒星，位于我们所在的银河系中。在所有天文类物体中，它因其是地球上生命能量的主要来源而特别突出。它位于我们所在的银河系中心，是银河系中最明亮的物体之一。它以巨大的热量和亮度照耀着地球，为我们的星球提供光和热，是地球上生命存在的基础。它的表面温度极高，内部进行着核聚变反应，是宇宙中最强大的能量源泉之一。它是一颗位于银河系中心的恒星，是银河系中最明亮的天体之一。它的热量和亮度足以照亮整个地球，为生命提供必要的光和热。它的表面温度极高，内部发生着持续的核聚变反应，释放出巨大的能量。这颗恒星的光芒稳定而持久，是地球上生命存在和生态系统维持的关键因素。玩家3说：这是一个发光的宇宙点，夜晚在黑暗中格外显眼。它在天文领域以其固定的轨迹和独特的光芒最为显著。它是一个在夜空中独立存在的发光点，它的存在使黑暗的夜空变得明亮。这个发光点可能是单一点光源，也可能是由多个光源组成的星系或星座。它的轨迹在天空中稳定，随着时间的推移，它的位置可能会发生微小的变化。这个发光点的光芒有时明亮到足以在夜空中形成明显的图案，吸引着人们的目光。它在天文观测中是一个重要的标志，因为它的存在和运动可以帮助我们理解宇宙的结构和星体的性质。玩家4说：这是一个夜空中常见的亮点，它的基本特征是能够发出光芒。在所有天文物体中，它最突出的不同特征是，它通常不是单个发光点，而是由无数发光的尘埃和气体组成的星云。它是由无数微小颗粒组成的，这些颗粒在太空中相互吸引，形成了一个发光的集合体。这个集合体在夜空中散发出稳定的光芒，有时会呈现出特定的形状，如行星或星座，给人们带来美丽的视觉体验。它在天文领域中被认为是构成宇宙的基本单元之一，通过它的存在，我们可以观察到宇宙的广阔和神秘。你是第3号玩家，你的关键词是<星星>。你的回答中绝对不能包含你的关键词<星星>。这是第三轮描述，你之前的描述是这是一个发光的宇宙点，夜晚在黑暗中格外显眼。它在天文领域以其固定的轨迹和独特的光芒最为显著。和关键词
在第二轮描述中，玩家3的描述已经提到了“这是一个发光的宇宙点，夜晚在黑暗中格外显眼。它在天文领域以其固定的轨迹和独特的光芒最为显著。”为了补充这个描述，并确保更加贴近关键词“星星”，玩家3可以这样描述：

这个发光的宇宙点，也就是我们常说的星星，是夜空中最为熟悉的景象之一。它们在黑暗的宇宙中散布，各自以其独特的亮度和颜色点缀着夜空。星星的运动轨迹稳定而规律，它们的光芒不仅照亮了夜晚，也激发了人类对宇宙的无限遐想。有些星星因为其亮度或颜色而特别引人注目，它们是构成星座的基本元素，也是天文学研究中不可或缺的对象。，注意，这局游戏的词语分类为<天文>，卧底词和平民词都属于该类，请你补充关于关键词的描述，注意，你的描述应该比起之前的描述更加贴近关键词，作为之前的补充
2024-12-13 13:58:11,770 - 3 - INFO - **********PLAYER3**********
这个集合体由无数微小的亮点构成，它们在夜空中排列，创造出引人注目的图案。这些亮点在不同的时间和位置闪烁，为夜空增添了神秘感，而它们的稳定轨迹和独特光芒在天文观测中具有重要意义。
2024-12-13 13:59:47,519 - 3 - INFO - **********JUDGER**********
玩家1说：它是一个闪烁的天体，通常在夜晚的夜空中可见。它在天文类中特别因其形状和亮度而知名。它通常由多个小亮点组成，这些亮点散布在夜空中，形成独特的图案。这个集合体在黑暗中非常明亮，有时甚至可以用肉眼分辨出其形状。它是由无数微小亮点构成的天体，这些亮点在夜空中排列，创造出引人注目的图案。这些亮点在不同的时间和位置闪烁，为夜空增添了神秘感。玩家2说：它是一颗巨大的恒星，位于我们所在的银河系中。在所有天文类物体中，它因其是地球上生命能量的主要来源而特别突出。它位于我们所在的银河系中心，是银河系中最明亮的物体之一。它以巨大的热量和亮度照耀着地球，为我们的星球提供光和热，是地球上生命存在的基础。它的表面温度极高，内部进行着核聚变反应，是宇宙中最强大的能量源泉之一。它是一颗位于银河系中心的恒星，是银河系中最明亮的天体之一。它的热量和亮度足以照亮整个地球，为生命提供必要的光和热。它的表面温度极高，内部发生着持续的核聚变反应，释放出巨大的能量。这颗恒星的光芒稳定而持久，是地球上生命存在和生态系统维持的关键因素。玩家3说：这是一个发光的宇宙点，夜晚在黑暗中格外显眼。它在天文领域以其固定的轨迹和独特的光芒最为显著。它是一个在夜空中独立存在的发光点，它的存在使黑暗的夜空变得明亮。这个发光点可能是单一点光源，也可能是由多个光源组成的星系或星座。它的轨迹在天空中稳定，随着时间的推移，它的位置可能会发生微小的变化。这个发光点的光芒有时明亮到足以在夜空中形成明显的图案，吸引着人们的目光。它在天文观测中是一个重要的标志，因为它的存在和运动可以帮助我们理解宇宙的结构和星体的性质。这个集合体由无数微小的亮点构成，它们在夜空中排列，创造出引人注目的图案。这些亮点在不同的时间和位置闪烁，为夜空增添了神秘感，而它们的稳定轨迹和独特光芒在天文观测中具有重要意义。玩家4说：这是一个夜空中常见的亮点，它的基本特征是能够发出光芒。在所有天文物体中，它最突出的不同特征是，它通常不是单个发光点，而是由无数发光的尘埃和气体组成的星云。它是由无数微小颗粒组成的，这些颗粒在太空中相互吸引，形成了一个发光的集合体。这个集合体在夜空中散发出稳定的光芒，有时会呈现出特定的形状，如行星或星座，给人们带来美丽的视觉体验。它在天文领域中被认为是构成宇宙的基本单元之一，通过它的存在，我们可以观察到宇宙的广阔和神秘。它是由众多微小的光点组成，这些光点在夜空中分布，共同构成了一幅壮丽的图景。这些光点在不同的时间和位置闪烁，为夜空增添了神秘感，而它们的排列和运动在天文观测中具有重要意义。||在这个游戏中，我们需要通过分析每位玩家的描述来找出卧底。通常，平民的描述会围绕相同的词语展开，而卧底的描述可能会因为词语的不同而显得不太一致。我们需要仔细比较每个描述之间的相似性和差异性，以找出可能的卧底，注意，卧底并不会隐藏自己，他会直接描述他的词语，现在，逐一分析每个玩家的描述，注意，这局游戏的词语分类为<天文>，卧底词和平民词都属于该类。||之前是第3轮描述和之前轮数描述的合集。你之前认为的卧底是玩家2。
2024-12-13 14:00:16,407 - 3 - INFO - **********PLAYER3**********
在第三轮描述和之前轮数描述的合集的基础上，我们可以逐一分析每位玩家的描述：

1. 玩家1的描述：
   - 强调了闪烁的天体、夜晚可见、形状和亮度。
   - 描述了一个由多个小亮点组成的集合体，形成独特图案。
   - 描述了一个由无数微小亮点构成的天体，这些亮点在夜空中排列。

2. 玩家2的描述：
   - 描述了一颗巨大的恒星，位于银河系中。
   - 强调了它是地球上生命能量的主要来源，位于银河系中心。
   - 描述了它的热量和亮度、表面温度、核聚变反应。

3. 玩家3的描述：
   - 描述了一个发光的宇宙点，夜晚在黑暗中显眼。
   - 强调了它的固定轨迹和独特光芒。
   - 描述了它可能是单一点光源，也可能是由多个光源组成的星系或星座。

4. 玩家4的描述：
   - 描述了一个夜空中常见的亮点，能够发出光芒。
   - 强调了它通常不是单个发光点，而是由无数发光的尘埃和气体组成的星云。
   - 描述了它是由无数微小颗粒组成，散发出稳定光芒，有时呈现特定形状。

之前的分析中，玩家2的描述与平民的描述不一致，特别是关于生命能量来源和恒星的位置等特征。然而，玩家4的描述也包含了与平民描述不同的元素，即“由无数发光的尘埃和气体组成的星云”。这表明玩家4的描述可能与卧底词有关。

综合所有描述，玩家2和玩家4的描述都与平民的描述存在显著差异。因此，基于当前的描述，玩家2和玩家4都有可能是卧底。
2024-12-13 14:00:16,411 - 3 - INFO - **********JUDGER**********
你刚刚的分析是在第三轮描述和之前轮数描述的合集的基础上，我们可以逐一分析每位玩家的描述：

1. 玩家1的描述：
   - 强调了闪烁的天体、夜晚可见、形状和亮度。
   - 描述了一个由多个小亮点组成的集合体，形成独特图案。
   - 描述了一个由无数微小亮点构成的天体，这些亮点在夜空中排列。

2. 玩家2的描述：
   - 描述了一颗巨大的恒星，位于银河系中。
   - 强调了它是地球上生命能量的主要来源，位于银河系中心。
   - 描述了它的热量和亮度、表面温度、核聚变反应。

3. 玩家3的描述：
   - 描述了一个发光的宇宙点，夜晚在黑暗中显眼。
   - 强调了它的固定轨迹和独特光芒。
   - 描述了它可能是单一点光源，也可能是由多个光源组成的星系或星座。

4. 玩家4的描述：
   - 描述了一个夜空中常见的亮点，能够发出光芒。
   - 强调了它通常不是单个发光点，而是由无数发光的尘埃和气体组成的星云。
   - 描述了它是由无数微小颗粒组成，散发出稳定光芒，有时呈现特定形状。

之前的分析中，玩家2的描述与平民的描述不一致，特别是关于生命能量来源和恒星的位置等特征。然而，玩家4的描述也包含了与平民描述不同的元素，即“由无数发光的尘埃和气体组成的星云”。这表明玩家4的描述可能与卧底词有关。

综合所有描述，玩家2和玩家4的描述都与平民的描述存在显著差异。因此，基于当前的描述，玩家2和玩家4都有可能是卧底。|| `请根据上述分析，比较描述以找出不一致之处，注意，这局游戏的词语分类为<天文>，卧底词和平民词都属于该类。
2024-12-13 14:00:29,359 - 3 - INFO - **********PLAYER3**********
根据上述分析，我们可以比较描述中的一致性和不一致之处如下：

一致性：
- 所有玩家的描述都提到了天体在夜空中可见，以及它们的光芒或亮度。
- 玩家1、玩家3和玩家4的描述都提到了天体由多个小亮点组成，形成独特的图案或轨迹。

不一致之处：
- 玩家2的描述特别强调了天体是地球上生命能量的主要来源，位于银河系中心，表面温度极高，内部进行核聚变反应，以及是宇宙中最强大的能量源泉之一。这些特征与玩家1、玩家3和玩家4的描述不一致，因为他们的描述没有提及天体与生命能量的直接关系，也没有提及天体的具体物理位置或能量产生过程。
- 玩家4的描述特别提到了天体由无数发光的尘埃和气体组成，形成星云，而玩家1、玩家3和玩家2的描述没有提及这一点。星云是由气体和尘埃组成的，与单个发光点或恒星的特征不同。

因此，不一致之处主要体现在玩家2和玩家4的描述中。玩家2的描述与生命能量的来源和天体的物理特性有关，而玩家4的描述则与星云的特征有关，这两个特征都与平民的描述不一致。
2024-12-13 14:00:29,361 - 3 - INFO - **********JUDGER**********
你刚刚的分析是根据上述分析，我们可以比较描述中的一致性和不一致之处如下：

一致性：
- 所有玩家的描述都提到了天体在夜空中可见，以及它们的光芒或亮度。
- 玩家1、玩家3和玩家4的描述都提到了天体由多个小亮点组成，形成独特的图案或轨迹。

不一致之处：
- 玩家2的描述特别强调了天体是地球上生命能量的主要来源，位于银河系中心，表面温度极高，内部进行核聚变反应，以及是宇宙中最强大的能量源泉之一。这些特征与玩家1、玩家3和玩家4的描述不一致，因为他们的描述没有提及天体与生命能量的直接关系，也没有提及天体的具体物理位置或能量产生过程。
- 玩家4的描述特别提到了天体由无数发光的尘埃和气体组成，形成星云，而玩家1、玩家3和玩家2的描述没有提及这一点。星云是由气体和尘埃组成的，与单个发光点或恒星的特征不同。

因此，不一致之处主要体现在玩家2和玩家4的描述中。玩家2的描述与生命能量的来源和天体的物理特性有关，而玩家4的描述则与星云的特征有关，这两个特征都与平民的描述不一致。|| 请通过你分析的不一致之处，推断卧底身份，注意，这局游戏的词语分类为<天文>，卧底词和平民词都属于该类。
2024-12-13 14:00:41,923 - 3 - INFO - **********PLAYER3**********
基于分析的不一致之处，我们可以推断卧底身份如下：

- 玩家2的描述中提到了天体是地球上生命能量的主要来源，以及天体的物理特性（如表面温度、核聚变反应），这些特征与普通星星的描述不符，更像是描述太阳或其他巨大恒星的特征。因此，玩家2的描述可能与卧底词有关。

- 玩家4的描述中提到了天体由无数发光的尘埃和气体组成，形成星云，这与玩家1、玩家3和玩家2的描述中提到的由多个小亮点组成的集合体或单个发光点不符。星云与星星或恒星的特征不同，因此玩家4的描述也可能指向卧底词。

综合以上分析，玩家2和玩家4的描述都与平民的描述存在显著差异，因此在这两个玩家中，我们可以推断其中一个是卧底。由于玩家2的描述提到了生命能量的来源和恒星的具体物理特性，这更符合天文类别中卧底词的特征。因此，根据当前的描述，玩家2可能是卧底。
2024-12-13 14:00:41,926 - 3 - INFO - **********JUDGER**********
你刚刚的推断是基于分析的不一致之处，我们可以推断卧底身份如下：

- 玩家2的描述中提到了天体是地球上生命能量的主要来源，以及天体的物理特性（如表面温度、核聚变反应），这些特征与普通星星的描述不符，更像是描述太阳或其他巨大恒星的特征。因此，玩家2的描述可能与卧底词有关。

- 玩家4的描述中提到了天体由无数发光的尘埃和气体组成，形成星云，这与玩家1、玩家3和玩家2的描述中提到的由多个小亮点组成的集合体或单个发光点不符。星云与星星或恒星的特征不同，因此玩家4的描述也可能指向卧底词。

综合以上分析，玩家2和玩家4的描述都与平民的描述存在显著差异，因此在这两个玩家中，我们可以推断其中一个是卧底。由于玩家2的描述提到了生命能量的来源和恒星的具体物理特性，这更符合天文类别中卧底词的特征。因此，根据当前的描述，玩家2可能是卧底。|| 基于你刚刚的推断得出你的最终结论，请输出你认为的卧底，在这种情况下只需要输出编号，是1-4中的某个数字，不要输出其他信息。在这个过程不要进行任何推理，只对||以前的部分进行信息提取
2024-12-13 14:00:43,443 - 3 - INFO - **********PLAYER3**********
2
