2024-12-13 13:52:18,804 - 4 - INFO - **********JUDGER**********
让我们来玩一个叫做<谁是卧底>的推理游戏。基本规则：<人数>：4人。<角色分配>：每位玩家随机抽取一个词语，3名玩家拿到的词语是相同的（平民词），1名玩家拿到与之相近但不同的词语（卧底词）。<游戏流程>：1、玩家轮流描述自己的词语，但<不能>直接说出词语本身。2、描述完毕后，投票选出最像卧底的玩家。3、每轮结束后，被投票选出的玩家出局，不能再进行描述或投票。4、每轮投票结束后，如果卧底被成功找出，平民方获胜；如果卧底未被找出且卧底人数等于或超过平民人数，则卧底方获胜。你将扮演一个<玩家>，请等待你被分配到的关键词。如果你听懂了，只回答，"好的，我准备好参加游戏了"，不要输出别的信息
2024-12-13 13:52:19,456 - 4 - INFO - **********PLAYER4**********
好的，我准备好参加游戏了
2024-12-13 13:52:26,343 - 4 - INFO - **********JUDGER**********
玩家1说：它是一个闪烁的天体，通常在夜晚的夜空中可见。它在天文类中特别因其形状和亮度而知名。玩家2说：它是一颗巨大的恒星，位于我们所在的银河系中。在所有天文类物体中，它因其是地球上生命能量的主要来源而特别突出。玩家3说：这是一个发光的宇宙点，夜晚在黑暗中格外显眼。它在天文领域以其固定的轨迹和独特的光芒最为显著。玩家4说：|| 你是第4号玩家，你的关键词是<星星>。你的回答中绝对不能包含你的关键词<星星>。这是第一轮描述，不需要分析||之前别的玩家的描述，请你描述关键词基本特征，注意，这局游戏的词语分类为<天文>，卧底词和平民词都属于该类，描述包括以下两点，1.他的基本特征是什么2.他在该类（天文）中最突出不同的特征是什么，尽量简短
2024-12-13 13:52:29,785 - 4 - INFO - **********PLAYER4**********
这是一个夜空中常见的亮点，它的基本特征是能够发出光芒。在所有天文物体中，它最突出的不同特征是，它通常不是单个发光点，而是由无数发光的尘埃和气体组成的星云。
2024-12-13 13:54:19,189 - 4 - INFO - **********JUDGER**********
玩家1说：它是一个闪烁的天体，通常在夜晚的夜空中可见。它在天文类中特别因其形状和亮度而知名。玩家2说：它是一颗巨大的恒星，位于我们所在的银河系中。在所有天文类物体中，它因其是地球上生命能量的主要来源而特别突出。玩家3说：这是一个发光的宇宙点，夜晚在黑暗中格外显眼。它在天文领域以其固定的轨迹和独特的光芒最为显著。玩家4说：||在这个游戏中，我们需要通过分析每位玩家的描述来找出卧底。通常，平民的描述会围绕相同的词语展开，而卧底的描述可能会因为词语的不同而显得不太一致。我们需要仔细比较每个描述之间的相似性和差异性，以找出可能的卧底，注意，卧底并不会隐藏自己，他会直接描述他的词语，现在，逐一分析每个玩家的描述，注意，这局游戏的词语分类为<天文>，卧底词和平民词都属于该类。这是第一轮描述。
2024-12-13 13:54:28,352 - 4 - INFO - **********PLAYER4**********
分析如下：

玩家1的描述提到了“闪烁的天体”和“形状和亮度”，这与星星的特征相符。

玩家2的描述提到了“巨大的恒星”和“地球上生命能量的主要来源”，这指向的是太阳，而不是星星。

玩家3的描述提到了“发光的宇宙点”和“固定的轨迹和独特的光芒”，这也符合星星的特征。

玩家4的描述没有直接提到关键词，但根据描述的相似性，可以推测玩家4可能是在描述星星，因为其他玩家的描述都与星星相关。

因此，根据描述的一致性和差异性，玩家2的描述与星星的特征不太一致，可能是卧底。玩家4的描述虽然没有直接提到关键词，但与其他玩家的描述相似，可能是平民。需要进一步的信息来确定卧底的身份。
2024-12-13 13:54:28,353 - 4 - INFO - **********JUDGER**********
你刚刚的分析是分析如下：

玩家1的描述提到了“闪烁的天体”和“形状和亮度”，这与星星的特征相符。

玩家2的描述提到了“巨大的恒星”和“地球上生命能量的主要来源”，这指向的是太阳，而不是星星。

玩家3的描述提到了“发光的宇宙点”和“固定的轨迹和独特的光芒”，这也符合星星的特征。

玩家4的描述没有直接提到关键词，但根据描述的相似性，可以推测玩家4可能是在描述星星，因为其他玩家的描述都与星星相关。

因此，根据描述的一致性和差异性，玩家2的描述与星星的特征不太一致，可能是卧底。玩家4的描述虽然没有直接提到关键词，但与其他玩家的描述相似，可能是平民。需要进一步的信息来确定卧底的身份。|| `请根据上述分析，比较描述以找出不一致之处，注意，这局游戏的词语分类为<天文>，卧底词和平民词都属于该类。
2024-12-13 13:54:41,227 - 4 - INFO - **********PLAYER4**********
根据上述分析，我们可以比较描述中的不一致之处如下：

1. 玩家1、玩家3和玩家4的描述都集中在星星的基本特征上，如“闪烁的天体”、“发光的宇宙点”和“固定的轨迹和独特的光芒”，这些描述都指向星星的一般特征。

2. 玩家2的描述提到了“巨大的恒星”和“地球上生命能量的主要来源”，这虽然与星星有关，但特别强调了恒星对地球生命的重要性，这一点在描述星星时并不常见。通常，描述星星时不会特别强调其对地球生命的影响。

3. 玩家2还提到了“位于我们所在的银河系中”，这是对太阳的描述，而不是星星。太阳是银河系中的一颗恒星，但不是所有星星都位于银河系中。

因此，不一致之处在于玩家2的描述中包含了与太阳相关的特定信息，而其他玩家的描述更侧重于星星的一般特征。这表明玩家2的描述可能更接近卧底词，即太阳，而不是星星。
2024-12-13 13:54:41,228 - 4 - INFO - **********JUDGER**********
你刚刚的分析是根据上述分析，我们可以比较描述中的不一致之处如下：

1. 玩家1、玩家3和玩家4的描述都集中在星星的基本特征上，如“闪烁的天体”、“发光的宇宙点”和“固定的轨迹和独特的光芒”，这些描述都指向星星的一般特征。

2. 玩家2的描述提到了“巨大的恒星”和“地球上生命能量的主要来源”，这虽然与星星有关，但特别强调了恒星对地球生命的重要性，这一点在描述星星时并不常见。通常，描述星星时不会特别强调其对地球生命的影响。

3. 玩家2还提到了“位于我们所在的银河系中”，这是对太阳的描述，而不是星星。太阳是银河系中的一颗恒星，但不是所有星星都位于银河系中。

因此，不一致之处在于玩家2的描述中包含了与太阳相关的特定信息，而其他玩家的描述更侧重于星星的一般特征。这表明玩家2的描述可能更接近卧底词，即太阳，而不是星星。|| 请通过你分析的不一致之处，推断卧底身份，注意，这局游戏的词语分类为<天文>，卧底词和平民词都属于该类。
2024-12-13 13:54:53,476 - 4 - INFO - **********PLAYER4**********
根据上述分析中提到的不一致之处，可以推断以下结论：

玩家2的描述中提到的“巨大的恒星”和“地球上生命能量的主要来源”，以及“位于我们所在的银河系中”，这些信息指向的是太阳，这是银河系中的一颗特定恒星，同时也是地球上生命能量（太阳光和热量）的主要来源。这些描述与一般星星的特征不完全相符，因为星星通常不会特别强调其对地球生命的影响，且不是所有星星都位于银河系中。

因此，基于描述的特异性和与太阳的关联性，玩家2的描述很可能是不一致的，从而推断玩家2是卧底，其关键词是<太阳>。
2024-12-13 13:54:53,480 - 4 - INFO - **********JUDGER**********
你刚刚的推断是根据上述分析中提到的不一致之处，可以推断以下结论：

玩家2的描述中提到的“巨大的恒星”和“地球上生命能量的主要来源”，以及“位于我们所在的银河系中”，这些信息指向的是太阳，这是银河系中的一颗特定恒星，同时也是地球上生命能量（太阳光和热量）的主要来源。这些描述与一般星星的特征不完全相符，因为星星通常不会特别强调其对地球生命的影响，且不是所有星星都位于银河系中。

因此，基于描述的特异性和与太阳的关联性，玩家2的描述很可能是不一致的，从而推断玩家2是卧底，其关键词是<太阳>。|| 基于你刚刚的推断得出你的最终结论，请输出你认为的卧底，在这种情况下只需要输出编号，是1-4中的某个数字，不要输出其他信息。在这个过程不要进行任何推理，只对||以前的部分进行信息提取
2024-12-13 13:54:53,969 - 4 - INFO - **********PLAYER4**********
2
2024-12-13 13:55:12,054 - 4 - INFO - **********JUDGER**********
玩家1说：它是一个闪烁的天体，通常在夜晚的夜空中可见。它在天文类中特别因其形状和亮度而知名。它通常由多个小亮点组成，这些亮点散布在夜空中，形成独特的图案。这个集合体在黑暗中非常明亮，有时甚至可以用肉眼分辨出其形状。玩家2说：它是一颗巨大的恒星，位于我们所在的银河系中。在所有天文类物体中，它因其是地球上生命能量的主要来源而特别突出。它位于我们所在的银河系中心，是银河系中最明亮的物体之一。它以巨大的热量和亮度照耀着地球，为我们的星球提供光和热，是地球上生命存在的基础。它的表面温度极高，内部进行着核聚变反应，是宇宙中最强大的能量源泉之一。玩家3说：这是一个发光的宇宙点，夜晚在黑暗中格外显眼。它在天文领域以其固定的轨迹和独特的光芒最为显著。它是一个在夜空中独立存在的发光点，它的存在使黑暗的夜空变得明亮。这个发光点可能是单一点光源，也可能是由多个光源组成的星系或星座。它的轨迹在天空中稳定，随着时间的推移，它的位置可能会发生微小的变化。这个发光点的光芒有时明亮到足以在夜空中形成明显的图案，吸引着人们的目光。它在天文观测中是一个重要的标志，因为它的存在和运动可以帮助我们理解宇宙的结构和星体的性质。玩家4说：这是一个夜空中常见的亮点，它的基本特征是能够发出光芒。在所有天文物体中，它最突出的不同特征是，它通常不是单个发光点，而是由无数发光的尘埃和气体组成的星云。你是第4号玩家，你的关键词是<星星>。你的回答中绝对不能包含你的关键词<星星>。这是第二轮描述，你之前的描述是这是一个夜空中常见的亮点，它的基本特征是能够发出光芒。在所有天文物体中，它最突出的不同特征是，它通常不是单个发光点，而是由无数发光的尘埃和气体组成的星云。，注意，这局游戏的词语分类为<天文>，卧底词和平民词都属于该类，请你补充关于关键词的描述，注意，你的描述应该比起之前的描述更加贴近关键词，作为之前的补充
2024-12-13 13:55:20,084 - 4 - INFO - **********PLAYER4**********
它是由无数微小颗粒组成的，这些颗粒在太空中相互吸引，形成了一个发光的集合体。这个集合体在夜空中散发出稳定的光芒，有时会呈现出特定的形状，如行星或星座，给人们带来美丽的视觉体验。它在天文领域中被认为是构成宇宙的基本单元之一，通过它的存在，我们可以观察到宇宙的广阔和神秘。
2024-12-13 13:57:31,260 - 4 - INFO - **********JUDGER**********
玩家1说：它是一个闪烁的天体，通常在夜晚的夜空中可见。它在天文类中特别因其形状和亮度而知名。它通常由多个小亮点组成，这些亮点散布在夜空中，形成独特的图案。这个集合体在黑暗中非常明亮，有时甚至可以用肉眼分辨出其形状。玩家2说：它是一颗巨大的恒星，位于我们所在的银河系中。在所有天文类物体中，它因其是地球上生命能量的主要来源而特别突出。它位于我们所在的银河系中心，是银河系中最明亮的物体之一。它以巨大的热量和亮度照耀着地球，为我们的星球提供光和热，是地球上生命存在的基础。它的表面温度极高，内部进行着核聚变反应，是宇宙中最强大的能量源泉之一。玩家3说：这是一个发光的宇宙点，夜晚在黑暗中格外显眼。它在天文领域以其固定的轨迹和独特的光芒最为显著。它是一个在夜空中独立存在的发光点，它的存在使黑暗的夜空变得明亮。这个发光点可能是单一点光源，也可能是由多个光源组成的星系或星座。它的轨迹在天空中稳定，随着时间的推移，它的位置可能会发生微小的变化。这个发光点的光芒有时明亮到足以在夜空中形成明显的图案，吸引着人们的目光。它在天文观测中是一个重要的标志，因为它的存在和运动可以帮助我们理解宇宙的结构和星体的性质。玩家4说：这是一个夜空中常见的亮点，它的基本特征是能够发出光芒。在所有天文物体中，它最突出的不同特征是，它通常不是单个发光点，而是由无数发光的尘埃和气体组成的星云。||在这个游戏中，我们需要通过分析每位玩家的描述来找出卧底。通常，平民的描述会围绕相同的词语展开，而卧底的描述可能会因为词语的不同而显得不太一致。我们需要仔细比较每个描述之间的相似性和差异性，以找出可能的卧底，注意，卧底并不会隐藏自己，他会直接描述他的词语，现在，逐一分析每个玩家的描述，注意，这局游戏的词语分类为<天文>，卧底词和平民词都属于该类。||之前是第2轮描述和之前轮数描述的合集。你之前认为的卧底是玩家2。
2024-12-13 13:57:42,867 - 4 - INFO - **********PLAYER4**********
玩家1的描述强调了星星的闪烁、形状和亮度，以及由多个小亮点组成的集合体，这些特征都与星星相符。

玩家2的描述详细描述了一颗巨大的恒星，它位于银河系中心，是银河系中最明亮的物体之一，并强调了其对地球生命的重要性，这些描述与太阳的特征更为契合。

玩家3的描述提到了发光的宇宙点，它的固定轨迹和独特光芒，以及可能是单一点光源或星系，这些特征也与星星相关，但更偏向于星系或星座。

玩家4的描述提到了由无数发光的尘埃和气体组成的星云，这与星星的特征不完全一致，因为星星通常不是由尘埃和气体组成的。

基于上述分析，玩家2的描述与太阳的特征更为接近，而玩家4的描述则与星星的特征不太一致。因此，如果之前的推断是基于描述的不一致性，那么玩家2仍然可能是卧底，其关键词是<太阳>。然而，玩家4的描述与星星的特征有所出入，这也增加了他作为卧底的可能性。如果需要重新评估，玩家4的描述可能需要更多的关注。
2024-12-13 13:57:42,870 - 4 - INFO - **********JUDGER**********
你刚刚的分析是玩家1的描述强调了星星的闪烁、形状和亮度，以及由多个小亮点组成的集合体，这些特征都与星星相符。

玩家2的描述详细描述了一颗巨大的恒星，它位于银河系中心，是银河系中最明亮的物体之一，并强调了其对地球生命的重要性，这些描述与太阳的特征更为契合。

玩家3的描述提到了发光的宇宙点，它的固定轨迹和独特光芒，以及可能是单一点光源或星系，这些特征也与星星相关，但更偏向于星系或星座。

玩家4的描述提到了由无数发光的尘埃和气体组成的星云，这与星星的特征不完全一致，因为星星通常不是由尘埃和气体组成的。

基于上述分析，玩家2的描述与太阳的特征更为接近，而玩家4的描述则与星星的特征不太一致。因此，如果之前的推断是基于描述的不一致性，那么玩家2仍然可能是卧底，其关键词是<太阳>。然而，玩家4的描述与星星的特征有所出入，这也增加了他作为卧底的可能性。如果需要重新评估，玩家4的描述可能需要更多的关注。|| `请根据上述分析，比较描述以找出不一致之处，注意，这局游戏的词语分类为<天文>，卧底词和平民词都属于该类。
2024-12-13 13:57:47,883 - 4 - INFO - **********PLAYER4**********
这是一个在天空中发光的天体，它以固定的轨迹在夜空中移动，并且在天文领域以其独特的亮度和位置而著名。它在同一类物体中最为显著的特征是它的移动速度和它与其他天体（如行星、恒星）的相对位置。
2024-12-13 13:57:47,884 - 4 - INFO - **********JUDGER**********
你刚刚的分析是这是一个在天空中发光的天体，它以固定的轨迹在夜空中移动，并且在天文领域以其独特的亮度和位置而著名。它在同一类物体中最为显著的特征是它的移动速度和它与其他天体（如行星、恒星）的相对位置。|| 请通过你分析的不一致之处，推断卧底身份，注意，这局游戏的词语分类为<天文>，卧底词和平民词都属于该类。
2024-12-13 13:57:58,062 - 4 - INFO - **********PLAYER4**********
根据我的分析，不一致之处在于玩家4的描述。其他玩家的描述都集中在星星的闪烁、形状、亮度、组成以及在天文领域中的位置和重要性上。然而，玩家4的描述提到了“固定的轨迹”和“移动速度”，这与星星通常的描述不符，因为星星通常不是以固定轨迹移动的，而是以稳定的轨迹或随机轨迹移动。

此外，玩家4的描述还提到了星星“与其他天体（如行星、恒星）的相对位置”，这听起来更像是对行星的描述，因为行星通常会以固定轨迹围绕恒星移动。

因此，基于这些不一致之处，玩家4的描述与星星的特征不太一致，这增加了他作为卧底的可能性。如果需要推断卧底身份，玩家4可能是卧底。
2024-12-13 13:57:58,064 - 4 - INFO - **********JUDGER**********
你刚刚的推断是根据我的分析，不一致之处在于玩家4的描述。其他玩家的描述都集中在星星的闪烁、形状、亮度、组成以及在天文领域中的位置和重要性上。然而，玩家4的描述提到了“固定的轨迹”和“移动速度”，这与星星通常的描述不符，因为星星通常不是以固定轨迹移动的，而是以稳定的轨迹或随机轨迹移动。

此外，玩家4的描述还提到了星星“与其他天体（如行星、恒星）的相对位置”，这听起来更像是对行星的描述，因为行星通常会以固定轨迹围绕恒星移动。

因此，基于这些不一致之处，玩家4的描述与星星的特征不太一致，这增加了他作为卧底的可能性。如果需要推断卧底身份，玩家4可能是卧底。|| 基于你刚刚的推断得出你的最终结论，请输出你认为的卧底，在这种情况下只需要输出编号，是1-4中的某个数字，不要输出其他信息。在这个过程不要进行任何推理，只对||以前的部分进行信息提取
2024-12-13 13:57:59,244 - 4 - INFO - **********PLAYER4**********
4
2024-12-13 13:58:11,770 - 4 - INFO - **********JUDGER**********
玩家1说：它是一个闪烁的天体，通常在夜晚的夜空中可见。它在天文类中特别因其形状和亮度而知名。它通常由多个小亮点组成，这些亮点散布在夜空中，形成独特的图案。这个集合体在黑暗中非常明亮，有时甚至可以用肉眼分辨出其形状。它是由无数微小亮点构成的天体，这些亮点在夜空中排列，创造出引人注目的图案。这些亮点在不同的时间和位置闪烁，为夜空增添了神秘感。玩家2说：它是一颗巨大的恒星，位于我们所在的银河系中。在所有天文类物体中，它因其是地球上生命能量的主要来源而特别突出。它位于我们所在的银河系中心，是银河系中最明亮的物体之一。它以巨大的热量和亮度照耀着地球，为我们的星球提供光和热，是地球上生命存在的基础。它的表面温度极高，内部进行着核聚变反应，是宇宙中最强大的能量源泉之一。它是一颗位于银河系中心的恒星，是银河系中最明亮的天体之一。它的热量和亮度足以照亮整个地球，为生命提供必要的光和热。它的表面温度极高，内部发生着持续的核聚变反应，释放出巨大的能量。这颗恒星的光芒稳定而持久，是地球上生命存在和生态系统维持的关键因素。玩家3说：这是一个发光的宇宙点，夜晚在黑暗中格外显眼。它在天文领域以其固定的轨迹和独特的光芒最为显著。它是一个在夜空中独立存在的发光点，它的存在使黑暗的夜空变得明亮。这个发光点可能是单一点光源，也可能是由多个光源组成的星系或星座。它的轨迹在天空中稳定，随着时间的推移，它的位置可能会发生微小的变化。这个发光点的光芒有时明亮到足以在夜空中形成明显的图案，吸引着人们的目光。它在天文观测中是一个重要的标志，因为它的存在和运动可以帮助我们理解宇宙的结构和星体的性质。这个集合体由无数微小的亮点构成，它们在夜空中排列，创造出引人注目的图案。这些亮点在不同的时间和位置闪烁，为夜空增添了神秘感，而它们的稳定轨迹和独特光芒在天文观测中具有重要意义。玩家4说：这是一个夜空中常见的亮点，它的基本特征是能够发出光芒。在所有天文物体中，它最突出的不同特征是，它通常不是单个发光点，而是由无数发光的尘埃和气体组成的星云。它是由无数微小颗粒组成的，这些颗粒在太空中相互吸引，形成了一个发光的集合体。这个集合体在夜空中散发出稳定的光芒，有时会呈现出特定的形状，如行星或星座，给人们带来美丽的视觉体验。它在天文领域中被认为是构成宇宙的基本单元之一，通过它的存在，我们可以观察到宇宙的广阔和神秘。你是第4号玩家，你的关键词是<星星>。你的回答中绝对不能包含你的关键词<星星>。这是第三轮描述，你之前的描述是这是一个夜空中常见的亮点，它的基本特征是能够发出光芒。在所有天文物体中，它最突出的不同特征是，它通常不是单个发光点，而是由无数发光的尘埃和气体组成的星云。和它是由无数微小颗粒组成的，这些颗粒在太空中相互吸引，形成了一个发光的集合体。这个集合体在夜空中散发出稳定的光芒，有时会呈现出特定的形状，如行星或星座，给人们带来美丽的视觉体验。它在天文领域中被认为是构成宇宙的基本单元之一，通过它的存在，我们可以观察到宇宙的广阔和神秘。，注意，这局游戏的词语分类为<天文>，卧底词和平民词都属于该类，请你补充关于关键词的描述，注意，你的描述应该比起之前的描述更加贴近关键词，作为之前的补充
2024-12-13 13:58:15,909 - 4 - INFO - **********PLAYER4**********
它是由众多微小的光点组成，这些光点在夜空中分布，共同构成了一幅壮丽的图景。这些光点在不同的时间和位置闪烁，为夜空增添了神秘感，而它们的排列和运动在天文观测中具有重要意义。
2024-12-13 14:00:43,445 - 4 - INFO - **********JUDGER**********
玩家1说：它是一个闪烁的天体，通常在夜晚的夜空中可见。它在天文类中特别因其形状和亮度而知名。它通常由多个小亮点组成，这些亮点散布在夜空中，形成独特的图案。这个集合体在黑暗中非常明亮，有时甚至可以用肉眼分辨出其形状。它是由无数微小亮点构成的天体，这些亮点在夜空中排列，创造出引人注目的图案。这些亮点在不同的时间和位置闪烁，为夜空增添了神秘感。玩家2说：它是一颗巨大的恒星，位于我们所在的银河系中。在所有天文类物体中，它因其是地球上生命能量的主要来源而特别突出。它位于我们所在的银河系中心，是银河系中最明亮的物体之一。它以巨大的热量和亮度照耀着地球，为我们的星球提供光和热，是地球上生命存在的基础。它的表面温度极高，内部进行着核聚变反应，是宇宙中最强大的能量源泉之一。它是一颗位于银河系中心的恒星，是银河系中最明亮的天体之一。它的热量和亮度足以照亮整个地球，为生命提供必要的光和热。它的表面温度极高，内部发生着持续的核聚变反应，释放出巨大的能量。这颗恒星的光芒稳定而持久，是地球上生命存在和生态系统维持的关键因素。玩家3说：这是一个发光的宇宙点，夜晚在黑暗中格外显眼。它在天文领域以其固定的轨迹和独特的光芒最为显著。它是一个在夜空中独立存在的发光点，它的存在使黑暗的夜空变得明亮。这个发光点可能是单一点光源，也可能是由多个光源组成的星系或星座。它的轨迹在天空中稳定，随着时间的推移，它的位置可能会发生微小的变化。这个发光点的光芒有时明亮到足以在夜空中形成明显的图案，吸引着人们的目光。它在天文观测中是一个重要的标志，因为它的存在和运动可以帮助我们理解宇宙的结构和星体的性质。这个集合体由无数微小的亮点构成，它们在夜空中排列，创造出引人注目的图案。这些亮点在不同的时间和位置闪烁，为夜空增添了神秘感，而它们的稳定轨迹和独特光芒在天文观测中具有重要意义。玩家4说：这是一个夜空中常见的亮点，它的基本特征是能够发出光芒。在所有天文物体中，它最突出的不同特征是，它通常不是单个发光点，而是由无数发光的尘埃和气体组成的星云。它是由无数微小颗粒组成的，这些颗粒在太空中相互吸引，形成了一个发光的集合体。这个集合体在夜空中散发出稳定的光芒，有时会呈现出特定的形状，如行星或星座，给人们带来美丽的视觉体验。它在天文领域中被认为是构成宇宙的基本单元之一，通过它的存在，我们可以观察到宇宙的广阔和神秘。它是由众多微小的光点组成，这些光点在夜空中分布，共同构成了一幅壮丽的图景。这些光点在不同的时间和位置闪烁，为夜空增添了神秘感，而它们的排列和运动在天文观测中具有重要意义。||在这个游戏中，我们需要通过分析每位玩家的描述来找出卧底。通常，平民的描述会围绕相同的词语展开，而卧底的描述可能会因为词语的不同而显得不太一致。我们需要仔细比较每个描述之间的相似性和差异性，以找出可能的卧底，注意，卧底并不会隐藏自己，他会直接描述他的词语，现在，逐一分析每个玩家的描述，注意，这局游戏的词语分类为<天文>，卧底词和平民词都属于该类。||之前是第3轮描述和之前轮数描述的合集。你之前认为的卧底是玩家4。
2024-12-13 14:00:51,559 - 4 - INFO - **********PLAYER4**********
在第三轮描述中，玩家1、玩家2和玩家3的描述都强调了天体的可见性、亮度、形状和在天文领域的显著性，以及它们在夜空中的存在感。这些描述都与星星或恒星的特征相符。

玩家4的描述则提到了“夜空中常见的亮点”和“由无数发光的尘埃和气体组成的星云”，这指向了星云的特征，而不是星星或恒星。

基于这些描述，玩家4的描述与其他玩家的描述在关键词的特征上存在不一致，因此，如果需要基于描述的不一致性来推断卧底身份，玩家4的描述可能表明他是卧底。然而，之前的推断是基于玩家2的描述与太阳的特征更为接近，这表明玩家2可能是卧底。

综合考虑，如果必须选择一个卧底，玩家4可能是卧底，但玩家2的描述也提供了作为卧底的可能性。
2024-12-13 14:00:51,561 - 4 - INFO - **********JUDGER**********
你刚刚的分析是在第三轮描述中，玩家1、玩家2和玩家3的描述都强调了天体的可见性、亮度、形状和在天文领域的显著性，以及它们在夜空中的存在感。这些描述都与星星或恒星的特征相符。

玩家4的描述则提到了“夜空中常见的亮点”和“由无数发光的尘埃和气体组成的星云”，这指向了星云的特征，而不是星星或恒星。

基于这些描述，玩家4的描述与其他玩家的描述在关键词的特征上存在不一致，因此，如果需要基于描述的不一致性来推断卧底身份，玩家4的描述可能表明他是卧底。然而，之前的推断是基于玩家2的描述与太阳的特征更为接近，这表明玩家2可能是卧底。

综合考虑，如果必须选择一个卧底，玩家4可能是卧底，但玩家2的描述也提供了作为卧底的可能性。|| `请根据上述分析，比较描述以找出不一致之处，注意，这局游戏的词语分类为<天文>，卧底词和平民词都属于该类。
2024-12-13 14:01:03,599 - 4 - INFO - **********PLAYER4**********
在比较四位玩家的描述后，我们可以找出以下不一致之处：

1. 玩家1、玩家2和玩家3的描述都集中在描述天体的可见性、亮度、在天文领域的知名度和它们在夜空中的存在感。这些描述都指向了天体（可能是星星或恒星）的特征。

2. 玩家4的描述则提到了“夜空中常见的亮点”和“由无数发光的尘埃和气体组成的星云”。这个描述与星星或恒星的特征不完全一致，因为它特别强调了星云的组成和特性。

不一致之处在于玩家4的描述中提到了“星云”，而其他玩家的描述则没有明确提到星云，而是更侧重于天体的普遍特征。因此，玩家4的描述与其他玩家的描述在关键词的特征上存在差异，这可能是卧底的一个线索。

基于这一点，玩家4的描述与星星或恒星的特征不太一致，这增加了他作为卧底的可能性。如果必须选择一个卧底，玩家4可能是卧底。
2024-12-13 14:01:03,604 - 4 - INFO - **********JUDGER**********
你刚刚的分析是在比较四位玩家的描述后，我们可以找出以下不一致之处：

1. 玩家1、玩家2和玩家3的描述都集中在描述天体的可见性、亮度、在天文领域的知名度和它们在夜空中的存在感。这些描述都指向了天体（可能是星星或恒星）的特征。

2. 玩家4的描述则提到了“夜空中常见的亮点”和“由无数发光的尘埃和气体组成的星云”。这个描述与星星或恒星的特征不完全一致，因为它特别强调了星云的组成和特性。

不一致之处在于玩家4的描述中提到了“星云”，而其他玩家的描述则没有明确提到星云，而是更侧重于天体的普遍特征。因此，玩家4的描述与其他玩家的描述在关键词的特征上存在差异，这可能是卧底的一个线索。

基于这一点，玩家4的描述与星星或恒星的特征不太一致，这增加了他作为卧底的可能性。如果必须选择一个卧底，玩家4可能是卧底。|| 请通过你分析的不一致之处，推断卧底身份，注意，这局游戏的词语分类为<天文>，卧底词和平民词都属于该类。
2024-12-13 14:01:05,098 - 4 - INFO - **********PLAYER4**********
4
2024-12-13 14:01:05,098 - 4 - INFO - **********JUDGER**********
你刚刚的推断是4|| 基于你刚刚的推断得出你的最终结论，请输出你认为的卧底，在这种情况下只需要输出编号，是1-4中的某个数字，不要输出其他信息。在这个过程不要进行任何推理，只对||以前的部分进行信息提取
2024-12-13 14:01:06,476 - 4 - INFO - **********PLAYER4**********
4
2024-12-13 14:01:06,477 - 4 - INFO - **********JUDGER**********
你认为卧底是你自己。你现在需要随便选一个人投票。请输出一个数字，是1-4中的某个数字，但这个数字不能是4，不要输出其他信息。
2024-12-13 14:01:07,948 - 4 - INFO - **********PLAYER4**********
1
