2024-12-13 16:39:47,374 - 1 - INFO - **********JUDGER**********
让我们来玩一个叫做<谁是卧底>的推理游戏。基本规则：<人数>：4人。<角色分配>：每位玩家随机抽取一个词语，3名玩家拿到的词语是相同的（平民词），1名玩家拿到与之相近但不同的词语（卧底词）。<游戏流程>：1、玩家轮流描述自己的词语，但<不能>直接说出词语本身。2、描述完毕后，投票选出最像卧底的玩家。3、每轮结束后，被投票选出的玩家出局，不能再进行描述或投票。4、每轮投票结束后，如果卧底被成功找出，平民方获胜；如果卧底未被找出且卧底人数等于或超过平民人数，则卧底方获胜。你将扮演一个<玩家>，请等待你被分配到的关键词。如果你听懂了，只回答，"好的，我准备好参加游戏了"，不要输出别的信息
2024-12-13 16:39:48,031 - 1 - INFO - **********PLAYER1**********
好的，我准备好参加游戏了
2024-12-13 16:39:51,575 - 1 - INFO - **********JUDGER**********
玩家1说：玩家2说：玩家3说：玩家4说：|| 你是第1号玩家，你的关键词是<火车>。你的回答中绝对不能包含你的关键词<火车>。这是第一轮描述，不需要分析||之前别的玩家的描述，请你描述关键词基本特征，注意，这局游戏的词语分类为<交通工具>，卧底词和平民词都属于该类，描述包括以下两点，1.他的基本特征是什么2.他在该类（交通工具）中最突出不同的特征是什么，尽量简短
2024-12-13 16:39:54,277 - 1 - INFO - **********PLAYER1**********
这是一种常见的陆上交通工具，用于载人或货物。它通常在铁路上行驶，具有固定的轨道。与其他交通工具相比，它在速度和稳定性方面有优势。
2024-12-13 16:40:00,277 - 1 - INFO - **********JUDGER**********
玩家1说：这是一种常见的陆上交通工具，用于载人或货物。它通常在铁路上行驶，具有固定的轨道。与其他交通工具相比，它在速度和稳定性方面有优势。玩家2说：这是一种在轨道上行驶的交通工具，能够搭载人员和货物。它在同类交通工具中以其高速和稳定性而著称。相比其他交通工具，它在速度和稳定性方面有显著优势，但相比某些同类，它可能在灵活性上稍逊一筹。玩家3说：这是一种在水下行驶的交通工具，用于载人或执行军事任务。它在同类交通工具中最突出的不同特征是能够在水下长时间自主航行，不受水面交通的干扰。玩家4说：||在这个游戏中，我们需要通过分析每位玩家的描述来找出卧底。通常，平民的描述会围绕相同的词语展开，而卧底的描述可能会因为词语的不同而显得不太一致。我们需要仔细比较每个描述之间的相似性和差异性，以找出可能的卧底，注意，卧底并不会隐藏自己，他会直接描述他的词语，现在，逐一分析每个玩家的描述，注意，这局游戏的词语分类为<交通工具>，卧底词和平民词都属于该类。这是第一轮描述。
2024-12-13 16:40:04,396 - 1 - INFO - **********PLAYER1**********
好的，我准备好描述我的关键词了。

这是一种用于长距离运输的交通工具，它通常由多节车厢组成，可以搭载大量乘客或货物。它以其固定的路线和频繁的班次而闻名，是许多城市间旅行的主要方式。与其他交通工具相比，它可能在灵活性上不如一些短途交通，但它在长途旅行中提供了舒适和便利。
2024-12-13 16:40:04,397 - 1 - INFO - **********JUDGER**********
你刚刚的分析是好的，我准备好描述我的关键词了。

这是一种用于长距离运输的交通工具，它通常由多节车厢组成，可以搭载大量乘客或货物。它以其固定的路线和频繁的班次而闻名，是许多城市间旅行的主要方式。与其他交通工具相比，它可能在灵活性上不如一些短途交通，但它在长途旅行中提供了舒适和便利。|| `请根据上述分析，比较描述以找出不一致之处，注意，这局游戏的词语分类为<交通工具>，卧底词和平民词都属于该类。
2024-12-13 16:40:11,295 - 1 - INFO - **********PLAYER1**********
根据上述分析，我们可以观察到以下不一致之处：

1. 玩家1和玩家2的描述都提到了“固定路线”和“频繁的班次”，这与我的描述相符，表明我们可能是平民。

2. 玩家3的描述提到了“水下行驶”和“长时间自主航行”，这与我的描述完全不同，表明他可能是在描述另一种交通工具，如潜艇。

3. 玩家4的描述更像是引导性的，他并没有提供具体的描述信息，而是强调了分析描述的重要性。

基于这些信息，玩家3的描述与我的描述和其他玩家的描述不一致，他可能是卧底。玩家的描述都集中在陆地交通工具上，而玩家3提到了水下行驶，这与他人的描述有显著差异。因此，玩家3可能是卧底。
2024-12-13 16:40:11,296 - 1 - INFO - **********JUDGER**********
你刚刚的分析是根据上述分析，我们可以观察到以下不一致之处：

1. 玩家1和玩家2的描述都提到了“固定路线”和“频繁的班次”，这与我的描述相符，表明我们可能是平民。

2. 玩家3的描述提到了“水下行驶”和“长时间自主航行”，这与我的描述完全不同，表明他可能是在描述另一种交通工具，如潜艇。

3. 玩家4的描述更像是引导性的，他并没有提供具体的描述信息，而是强调了分析描述的重要性。

基于这些信息，玩家3的描述与我的描述和其他玩家的描述不一致，他可能是卧底。玩家的描述都集中在陆地交通工具上，而玩家3提到了水下行驶，这与他人的描述有显著差异。因此，玩家3可能是卧底。|| 请通过你分析的不一致之处，推断卧底身份，注意，这局游戏的词语分类为<交通工具>，卧底词和平民词都属于该类。
2024-12-13 16:40:19,064 - 1 - INFO - **********PLAYER1**********
根据分析的不一致之处，我们可以推断出以下可能性：

1. 玩家3的描述与“火车”这一关键词不符，因为他提到了“水下行驶”，这明显指向了潜艇，而不是火车。潜艇属于水上交通工具，而火车是陆上交通工具。

2. 玩家1、玩家2和我的描述都集中在陆地交通工具上，强调了火车的固定路线、频繁班次、多节车厢等特点。

3. 玩家4的描述虽然引导性，但没有提供具体的描述信息，因此无法直接判断其身份。

综合以上分析，玩家3的描述与火车这一关键词最不匹配，且与火车的基本特征完全不符。因此，玩家3很可能是卧底。他的关键词可能是与火车类别相近但不同的交通工具，如潜艇。
2024-12-13 16:40:19,065 - 1 - INFO - **********JUDGER**********
你刚刚的推断是根据分析的不一致之处，我们可以推断出以下可能性：

1. 玩家3的描述与“火车”这一关键词不符，因为他提到了“水下行驶”，这明显指向了潜艇，而不是火车。潜艇属于水上交通工具，而火车是陆上交通工具。

2. 玩家1、玩家2和我的描述都集中在陆地交通工具上，强调了火车的固定路线、频繁班次、多节车厢等特点。

3. 玩家4的描述虽然引导性，但没有提供具体的描述信息，因此无法直接判断其身份。

综合以上分析，玩家3的描述与火车这一关键词最不匹配，且与火车的基本特征完全不符。因此，玩家3很可能是卧底。他的关键词可能是与火车类别相近但不同的交通工具，如潜艇。|| 基于你刚刚的推断得出你的最终结论，请输出你认为的卧底，在这种情况下只需要输出编号，是1-4中的某个数字，不要输出其他信息。在这个过程不要进行任何推理，只对||以前的部分进行信息提取
2024-12-13 16:40:19,866 - 1 - INFO - **********PLAYER1**********
3
2024-12-13 16:43:43,159 - 1 - INFO - **********JUDGER**********
玩家1说：这是一种常见的陆上交通工具，用于载人或货物。它通常在铁路上行驶，具有固定的轨道。与其他交通工具相比，它在速度和稳定性方面有优势。玩家2说：这是一种在轨道上行驶的交通工具，能够搭载人员和货物。它在同类交通工具中以其高速和稳定性而著称。相比其他交通工具，它在速度和稳定性方面有显著优势，但相比某些同类，它可能在灵活性上稍逊一筹。玩家3说：这是一种在水下行驶的交通工具，用于载人或执行军事任务。它在同类交通工具中最突出的不同特征是能够在水下长时间自主航行，不受水面交通的干扰。玩家4说：它是一种在轨道上运行的车辆，主要用于快速长途运输。它在该类交通工具中最突出的不同特征是通常拥有多个轮对，能够在直线轨道上高速行驶。你是第1号玩家，你的关键词是<火车>。你的回答中绝对不能包含你的关键词<火车>。这是第二轮描述，你之前的描述是这是一种常见的陆上交通工具，用于载人或货物。它通常在铁路上行驶，具有固定的轨道。与其他交通工具相比，它在速度和稳定性方面有优势。，注意，这局游戏的词语分类为<交通工具>，卧底词和平民词都属于该类，请你补充关于关键词的描述，注意，你的描述应该比起之前的描述更加贴近关键词，作为之前的补充
2024-12-13 16:43:46,234 - 1 - INFO - **********PLAYER1**********
这种交通工具以其能够承载大量乘客和货物而闻名，它的设计使得它在长途旅行中特别受欢迎。它的内部空间通常宽敞，能够提供舒适的乘坐体验。与其他陆上交通工具相比，它在保持连续性和准时性方面表现出色。
2024-12-13 16:43:56,513 - 1 - INFO - **********JUDGER**********
玩家1说：这是一种常见的陆上交通工具，用于载人或货物。它通常在铁路上行驶，具有固定的轨道。与其他交通工具相比，它在速度和稳定性方面有优势。这种交通工具以其能够承载大量乘客和货物而闻名，它的设计使得它在长途旅行中特别受欢迎。它的内部空间通常宽敞，能够提供舒适的乘坐体验。与其他陆上交通工具相比，它在保持连续性和准时性方面表现出色。玩家2说：这是一种在轨道上行驶的交通工具，能够搭载人员和货物。它在同类交通工具中以其高速和稳定性而著称。相比其他交通工具，它在速度和稳定性方面有显著优势，但相比某些同类，它可能在灵活性上稍逊一筹。这种交通工具以其高效的运输能力和强大的载重能力著称。它在同类交通工具中拥有最长的运行距离和最高的运输效率。它的设计注重安全性和耐用性，能够在各种气候条件下保持稳定运行。与传统的陆上交通工具相比，它能够提供更为平稳和舒适的乘坐体验。玩家3说：这是一种在水下行驶的交通工具，用于载人或执行军事任务。它在同类交通工具中最突出的不同特征是能够在水下长时间自主航行，不受水面交通的干扰。这种交通工具具有高度的隐蔽性和强大的动力系统，它能够在深海的寂静中悄无声息地前进。它的设计考虑到了极端的水下环境，能够在高压和低温条件下保持正常运作。与其他同类交通工具相比，它的内部空间相对较小，但结构紧凑，能够在有限的空间内容纳必要的设备和人员。玩家4说：它是一种在轨道上运行的车辆，主要用于快速长途运输。它在该类交通工具中最突出的不同特征是通常拥有多个轮对，能够在直线轨道上高速行驶。||在这个游戏中，我们需要通过分析每位玩家的描述来找出卧底。通常，平民的描述会围绕相同的词语展开，而卧底的描述可能会因为词语的不同而显得不太一致。我们需要仔细比较每个描述之间的相似性和差异性，以找出可能的卧底，注意，卧底并不会隐藏自己，他会直接描述他的词语，现在，逐一分析每个玩家的描述，注意，这局游戏的词语分类为<交通工具>，卧底词和平民词都属于该类。||之前是第2轮描述和之前轮数描述的合集。你之前认为的卧底是玩家3。
2024-12-13 16:44:04,698 - 1 - INFO - **********PLAYER1**********
根据第二轮描述和之前的分析，以下是我的新结论：

玩家1和玩家2的描述都非常相似，都强调了火车的速度、稳定性、载重能力和舒适性，没有明显的差异。

玩家3的描述与火车不同，他提到了水下行驶、军事任务和隐蔽性，这与火车完全不相关。

玩家4的描述也提到了轨道和快速长途运输，但与玩家1和玩家2相比，他强调了多个轮对和直线轨道，这可能是在描述一种特定类型的火车，如高速列车。

综合以上信息，玩家3的描述仍然与火车不相关，而玩家4的描述虽然与火车有关，但与玩家1和玩家2的描述有所不同，可能是在描述火车的某个特定类型。因此，我仍然认为玩家3是卧底。
2024-12-13 16:44:04,700 - 1 - INFO - **********JUDGER**********
你刚刚的分析是根据第二轮描述和之前的分析，以下是我的新结论：

玩家1和玩家2的描述都非常相似，都强调了火车的速度、稳定性、载重能力和舒适性，没有明显的差异。

玩家3的描述与火车不同，他提到了水下行驶、军事任务和隐蔽性，这与火车完全不相关。

玩家4的描述也提到了轨道和快速长途运输，但与玩家1和玩家2相比，他强调了多个轮对和直线轨道，这可能是在描述一种特定类型的火车，如高速列车。

综合以上信息，玩家3的描述仍然与火车不相关，而玩家4的描述虽然与火车有关，但与玩家1和玩家2的描述有所不同，可能是在描述火车的某个特定类型。因此，我仍然认为玩家3是卧底。|| `请根据上述分析，比较描述以找出不一致之处，注意，这局游戏的词语分类为<交通工具>，卧底词和平民词都属于该类。
2024-12-13 16:44:24,519 - 1 - INFO - **********PLAYER1**********
根据上述分析，我们可以观察到以下不一致之处：

1. 玩家1和玩家2的描述都集中在火车的通用特征上，如速度、稳定性、载重能力和舒适性，没有提到具体的火车类型。

2. 玩家3的描述完全脱离了火车的范畴，他提到了“水下行驶”、“军事任务”和“隐蔽性”，这些特征与火车无关，而是更符合潜艇。

3. 玩家4的描述虽然提到了“轨道”和“快速长途运输”，但他特别强调了“多个轮对”和“直线轨道”，这听起来像是描述轮轨高速列车，而不是传统的火车。这与玩家1和玩家2对火车的一般描述有所不同，也不同于玩家3的潜艇描述。

基于这些不一致之处，玩家3和玩家4的描述与火车的特征不符，而玩家1和玩家2的描述则更加一致。因此，玩家3和玩家4的描述可能存在不一致之处，需要进一步分析以确定谁是卧底。
2024-12-13 16:44:24,520 - 1 - INFO - **********JUDGER**********
你刚刚的分析是根据上述分析，我们可以观察到以下不一致之处：

1. 玩家1和玩家2的描述都集中在火车的通用特征上，如速度、稳定性、载重能力和舒适性，没有提到具体的火车类型。

2. 玩家3的描述完全脱离了火车的范畴，他提到了“水下行驶”、“军事任务”和“隐蔽性”，这些特征与火车无关，而是更符合潜艇。

3. 玩家4的描述虽然提到了“轨道”和“快速长途运输”，但他特别强调了“多个轮对”和“直线轨道”，这听起来像是描述轮轨高速列车，而不是传统的火车。这与玩家1和玩家2对火车的一般描述有所不同，也不同于玩家3的潜艇描述。

基于这些不一致之处，玩家3和玩家4的描述与火车的特征不符，而玩家1和玩家2的描述则更加一致。因此，玩家3和玩家4的描述可能存在不一致之处，需要进一步分析以确定谁是卧底。|| 请通过你分析的不一致之处，推断卧底身份，注意，这局游戏的词语分类为<交通工具>，卧底词和平民词都属于该类。
2024-12-13 16:44:31,560 - 1 - INFO - **********PLAYER1**********
基于分析的不一致之处，我的推断是：

玩家3的描述与火车这一关键词完全不相关，因为他提到了“水下行驶”和“军事任务”，这指向了潜艇，而不是火车。因此，玩家3很可能是卧底。

玩家4的描述虽然提到了“轨道”和“快速长途运输”，但他的重点在于“多个轮对”和“直线轨道”，这听起来像是描述高速列车，这与普通火车的描述有所不同，但仍然属于同一类别（交通工具）。因此，玩家4的描述虽然与普通火车的描述有细微差别，但仍然可能是平民。

综上所述，玩家3可能是卧底。
2024-12-13 16:44:31,561 - 1 - INFO - **********JUDGER**********
你刚刚的推断是基于分析的不一致之处，我的推断是：

玩家3的描述与火车这一关键词完全不相关，因为他提到了“水下行驶”和“军事任务”，这指向了潜艇，而不是火车。因此，玩家3很可能是卧底。

玩家4的描述虽然提到了“轨道”和“快速长途运输”，但他的重点在于“多个轮对”和“直线轨道”，这听起来像是描述高速列车，这与普通火车的描述有所不同，但仍然属于同一类别（交通工具）。因此，玩家4的描述虽然与普通火车的描述有细微差别，但仍然可能是平民。

综上所述，玩家3可能是卧底。|| 基于你刚刚的推断得出你的最终结论，请输出你认为的卧底，在这种情况下只需要输出编号，是1-4中的某个数字，不要输出其他信息。在这个过程不要进行任何推理，只对||以前的部分进行信息提取
2024-12-13 16:44:32,936 - 1 - INFO - **********PLAYER1**********
3
2024-12-13 16:46:40,560 - 1 - INFO - **********JUDGER**********
玩家1说：这是一种常见的陆上交通工具，用于载人或货物。它通常在铁路上行驶，具有固定的轨道。与其他交通工具相比，它在速度和稳定性方面有优势。这种交通工具以其能够承载大量乘客和货物而闻名，它的设计使得它在长途旅行中特别受欢迎。它的内部空间通常宽敞，能够提供舒适的乘坐体验。与其他陆上交通工具相比，它在保持连续性和准时性方面表现出色。玩家2说：这是一种在轨道上行驶的交通工具，能够搭载人员和货物。它在同类交通工具中以其高速和稳定性而著称。相比其他交通工具，它在速度和稳定性方面有显著优势，但相比某些同类，它可能在灵活性上稍逊一筹。这种交通工具以其高效的运输能力和强大的载重能力著称。它在同类交通工具中拥有最长的运行距离和最高的运输效率。它的设计注重安全性和耐用性，能够在各种气候条件下保持稳定运行。与传统的陆上交通工具相比，它能够提供更为平稳和舒适的乘坐体验。玩家3说：这是一种在水下行驶的交通工具，用于载人或执行军事任务。它在同类交通工具中最突出的不同特征是能够在水下长时间自主航行，不受水面交通的干扰。这种交通工具具有高度的隐蔽性和强大的动力系统，它能够在深海的寂静中悄无声息地前进。它的设计考虑到了极端的水下环境，能够在高压和低温条件下保持正常运作。与其他同类交通工具相比，它的内部空间相对较小，但结构紧凑，能够在有限的空间内容纳必要的设备和人员。玩家4说：它是一种在轨道上运行的车辆，主要用于快速长途运输。它在该类交通工具中最突出的不同特征是通常拥有多个轮对，能够在直线轨道上高速行驶。这种交通工具以其在长途旅行中的高速性能而著称，能够在直线轨道上迅速穿越多个城市和国家。它通常拥有多个轮对，这保证了它在高速行驶时的稳定性和安全性。它的内部设施齐全，能够提供宽敞的乘客空间和舒适的座椅，以及必要的餐饮和娱乐设施，使得长途旅行更加舒适。此外，这种交通工具的运行准时性极高，是商务和休闲旅客的首选。你是第1号玩家，你的关键词是<火车>。你的回答中绝对不能包含你的关键词<火车>。这是第三轮描述，你之前的描述是这是一种常见的陆上交通工具，用于载人或货物。它通常在铁路上行驶，具有固定的轨道。与其他交通工具相比，它在速度和稳定性方面有优势。和这种交通工具以其能够承载大量乘客和货物而闻名，它的设计使得它在长途旅行中特别受欢迎。它的内部空间通常宽敞，能够提供舒适的乘坐体验。与其他陆上交通工具相比，它在保持连续性和准时性方面表现出色。，注意，这局游戏的词语分类为<交通工具>，卧底词和平民词都属于该类，请你补充关于关键词的描述，注意，你的描述应该比起之前的描述更加贴近关键词，作为之前的补充
2024-12-13 16:46:44,224 - 1 - INFO - **********PLAYER1**********
这种交通工具以其强大的牵引力和高效的能量转换系统而著称，能够在长距离旅行中保持持续的动力输出。它的结构设计能够适应不同地形和气候条件，确保即使在极端天气下也能安全运行。此外，它的调度和运营系统高度自动化，确保了运输的高效性和准时性。
2024-12-13 16:47:01,431 - 1 - INFO - **********JUDGER**********
玩家1说：这是一种常见的陆上交通工具，用于载人或货物。它通常在铁路上行驶，具有固定的轨道。与其他交通工具相比，它在速度和稳定性方面有优势。这种交通工具以其能够承载大量乘客和货物而闻名，它的设计使得它在长途旅行中特别受欢迎。它的内部空间通常宽敞，能够提供舒适的乘坐体验。与其他陆上交通工具相比，它在保持连续性和准时性方面表现出色。这种交通工具以其强大的牵引力和高效的能量转换系统而著称，能够在长距离旅行中保持持续的动力输出。它的结构设计能够适应不同地形和气候条件，确保即使在极端天气下也能安全运行。此外，它的调度和运营系统高度自动化，确保了运输的高效性和准时性。玩家2说：这是一种在轨道上行驶的交通工具，能够搭载人员和货物。它在同类交通工具中以其高速和稳定性而著称。相比其他交通工具，它在速度和稳定性方面有显著优势，但相比某些同类，它可能在灵活性上稍逊一筹。这种交通工具以其高效的运输能力和强大的载重能力著称。它在同类交通工具中拥有最长的运行距离和最高的运输效率。它的设计注重安全性和耐用性，能够在各种气候条件下保持稳定运行。与传统的陆上交通工具相比，它能够提供更为平稳和舒适的乘坐体验。这种交通工具以其精准的调度和高效的能量利用而闻名，它能够在固定轨道上实现长距离的连续运输。它的构造确保了在高速运行时的稳定性和安全性，同时，它的车厢设计注重乘客的舒适性，提供宽敞的空间和便利的设施。这种交通工具的运行依赖于复杂的信号系统和精确的轨道维护，确保了高水平的准时性和可靠性。玩家3说：这是一种在水下行驶的交通工具，用于载人或执行军事任务。它在同类交通工具中最突出的不同特征是能够在水下长时间自主航行，不受水面交通的干扰。这种交通工具具有高度的隐蔽性和强大的动力系统，它能够在深海的寂静中悄无声息地前进。它的设计考虑到了极端的水下环境，能够在高压和低温条件下保持正常运作。与其他同类交通工具相比，它的内部空间相对较小，但结构紧凑，能够在有限的空间内容纳必要的设备和人员。这种交通工具在水下环境中展现出卓越的持久力和适应性，它的设计允许它穿越复杂的水下地形，同时保持高度的隐蔽性。它依赖于先进的推进系统和能源管理系统，能够在长时间内保持静音和高效。此外，它的通信和导航系统特别强大，能够在水下环境中进行精确的定位和通信。尽管内部空间有限，但它配备了必要的生存和生活支持系统，以确保船员和乘客在长时间任务中的舒适和安全。玩家4说：它是一种在轨道上运行的车辆，主要用于快速长途运输。它在该类交通工具中最突出的不同特征是通常拥有多个轮对，能够在直线轨道上高速行驶。这种交通工具以其在长途旅行中的高速性能而著称，能够在直线轨道上迅速穿越多个城市和国家。它通常拥有多个轮对，这保证了它在高速行驶时的稳定性和安全性。它的内部设施齐全，能够提供宽敞的乘客空间和舒适的座椅，以及必要的餐饮和娱乐设施，使得长途旅行更加舒适。此外，这种交通工具的运行准时性极高，是商务和休闲旅客的首选。这种交通工具以其在直线轨道上的高效运输能力而闻名，能够在长途旅行中提供快速的连接不同地区的方式。它通常配备有先进的制动和加速系统，确保了即使在高速行驶时也能保持精确的控制。它的设计注重了能效和噪音控制，使得行驶过程中对环境的影响降至最低。此外，这种交通工具的维护成本相对较低，且由于其固定的轨道系统，能够在长时间内保持一致的性能和可靠性。||在这个游戏中，我们需要通过分析每位玩家的描述来找出卧底。通常，平民的描述会围绕相同的词语展开，而卧底的描述可能会因为词语的不同而显得不太一致。我们需要仔细比较每个描述之间的相似性和差异性，以找出可能的卧底，注意，卧底并不会隐藏自己，他会直接描述他的词语，现在，逐一分析每个玩家的描述，注意，这局游戏的词语分类为<交通工具>，卧底词和平民词都属于该类。||之前是第3轮描述和之前轮数描述的合集。你之前认为的卧底是玩家3。
2024-12-13 16:47:13,848 - 1 - INFO - **********PLAYER1**********
根据第三轮描述和之前的分析，以下是我的新结论：

玩家1和玩家2的描述都强调了火车的速度、稳定性、载重能力、舒适性、运行距离、运输效率、安全性、耐用性、准时性、能量利用效率、内部设施、能效和噪音控制等方面，这些描述非常相似，表明他们可能是平民。

玩家3的描述提到了“水下行驶”、“军事任务”、“隐蔽性”、“高压和低温条件下保持正常运作”、“先进的推进系统和能源管理系统”、“精确的定位和通信”、“必要的生存和生活支持系统”等特征，这些特征与火车不相关，而是更符合潜艇。

玩家4的描述虽然提到了“轨道上运行的车辆”、“快速长途运输”、“多个轮对”、“高速性能”、“宽敞的乘客空间和舒适的座椅”、“餐饮和娱乐设施”、“准时性”、“高效的运输能力”、“先进的制动和加速系统”、“能效和噪音控制”、“维护成本相对较低”、“一致的性能和可靠性”等特征，但这些描述与火车的一般特征相符，没有明显的差异。

基于这些信息，玩家3的描述与火车这一关键词完全不相关，而玩家4的描述与火车的描述相符，没有显著差异。因此，我仍然认为玩家3是卧底。
2024-12-13 16:47:13,850 - 1 - INFO - **********JUDGER**********
你刚刚的分析是根据第三轮描述和之前的分析，以下是我的新结论：

玩家1和玩家2的描述都强调了火车的速度、稳定性、载重能力、舒适性、运行距离、运输效率、安全性、耐用性、准时性、能量利用效率、内部设施、能效和噪音控制等方面，这些描述非常相似，表明他们可能是平民。

玩家3的描述提到了“水下行驶”、“军事任务”、“隐蔽性”、“高压和低温条件下保持正常运作”、“先进的推进系统和能源管理系统”、“精确的定位和通信”、“必要的生存和生活支持系统”等特征，这些特征与火车不相关，而是更符合潜艇。

玩家4的描述虽然提到了“轨道上运行的车辆”、“快速长途运输”、“多个轮对”、“高速性能”、“宽敞的乘客空间和舒适的座椅”、“餐饮和娱乐设施”、“准时性”、“高效的运输能力”、“先进的制动和加速系统”、“能效和噪音控制”、“维护成本相对较低”、“一致的性能和可靠性”等特征，但这些描述与火车的一般特征相符，没有明显的差异。

基于这些信息，玩家3的描述与火车这一关键词完全不相关，而玩家4的描述与火车的描述相符，没有显著差异。因此，我仍然认为玩家3是卧底。|| `请根据上述分析，比较描述以找出不一致之处，注意，这局游戏的词语分类为<交通工具>，卧底词和平民词都属于该类。
2024-12-13 16:47:28,866 - 1 - INFO - **********PLAYER1**********
根据上述分析，我们可以观察到以下不一致之处：

1. 玩家1和玩家2的描述都集中在火车的通用特征上，如速度、稳定性、载重能力、舒适性、运行距离、运输效率、安全性、耐用性、准时性、能量利用效率、内部设施、能效和噪音控制等。

2. 玩家3的描述与火车完全不相关，他提到了“水下行驶”、“军事任务”、“隐蔽性”、“高压和低温条件下保持正常运作”、“先进的推进系统和能源管理系统”、“精确的定位和通信”、“必要的生存和生活支持系统”等特征，这些都是潜艇的特征。

3. 玩家4的描述虽然提到了“轨道上运行的车辆”、“快速长途运输”、“多个轮对”、“高速性能”、“宽敞的乘客空间和舒适的座椅”、“餐饮和娱乐设施”、“准时性”、“高效的运输能力”、“先进的制动和加速系统”、“能效和噪音控制”、“维护成本相对较低”、“一致的性能和可靠性”等特征，这些特征与火车的一般特征相符，但他的描述中特别强调了“多个轮对”和“直线轨道”，这可能是在描述高速列车，而不是传统的火车。

基于这些不一致之处，玩家3的描述与火车这一关键词完全不相关，而玩家4的描述虽然与火车有关，但他的描述中包含了一些特征，这些特征并不是传统火车的标准特征，而是更接近高速列车的描述。因此，玩家3和玩家4的描述与火车的特征存在不一致之处。
2024-12-13 16:47:28,867 - 1 - INFO - **********JUDGER**********
你刚刚的分析是根据上述分析，我们可以观察到以下不一致之处：

1. 玩家1和玩家2的描述都集中在火车的通用特征上，如速度、稳定性、载重能力、舒适性、运行距离、运输效率、安全性、耐用性、准时性、能量利用效率、内部设施、能效和噪音控制等。

2. 玩家3的描述与火车完全不相关，他提到了“水下行驶”、“军事任务”、“隐蔽性”、“高压和低温条件下保持正常运作”、“先进的推进系统和能源管理系统”、“精确的定位和通信”、“必要的生存和生活支持系统”等特征，这些都是潜艇的特征。

3. 玩家4的描述虽然提到了“轨道上运行的车辆”、“快速长途运输”、“多个轮对”、“高速性能”、“宽敞的乘客空间和舒适的座椅”、“餐饮和娱乐设施”、“准时性”、“高效的运输能力”、“先进的制动和加速系统”、“能效和噪音控制”、“维护成本相对较低”、“一致的性能和可靠性”等特征，这些特征与火车的一般特征相符，但他的描述中特别强调了“多个轮对”和“直线轨道”，这可能是在描述高速列车，而不是传统的火车。

基于这些不一致之处，玩家3的描述与火车这一关键词完全不相关，而玩家4的描述虽然与火车有关，但他的描述中包含了一些特征，这些特征并不是传统火车的标准特征，而是更接近高速列车的描述。因此，玩家3和玩家4的描述与火车的特征存在不一致之处。|| 请通过你分析的不一致之处，推断卧底身份，注意，这局游戏的词语分类为<交通工具>，卧底词和平民词都属于该类。
2024-12-13 16:47:36,474 - 1 - INFO - **********PLAYER1**********
基于分析的不一致之处，我的推断是：

玩家3的描述与火车的特征完全不相关，因为他描述的是一种在水下行驶的交通工具，即潜艇。因此，玩家3很可能是卧底。

玩家4的描述虽然提到了一些与火车相关的特征，如轨道、快速长途运输、高速性能、准时性等，但他特别强调了“多个轮对”和“直线轨道”，这听起来像是描述高速列车，而不是传统的火车。这种描述上的细微差别可能意味着玩家4的词语可能与火车不同，但仍然属于同一类别。

因此，根据描述的不一致之处，玩家3是卧底。
2024-12-13 16:47:36,475 - 1 - INFO - **********JUDGER**********
你刚刚的推断是基于分析的不一致之处，我的推断是：

玩家3的描述与火车的特征完全不相关，因为他描述的是一种在水下行驶的交通工具，即潜艇。因此，玩家3很可能是卧底。

玩家4的描述虽然提到了一些与火车相关的特征，如轨道、快速长途运输、高速性能、准时性等，但他特别强调了“多个轮对”和“直线轨道”，这听起来像是描述高速列车，而不是传统的火车。这种描述上的细微差别可能意味着玩家4的词语可能与火车不同，但仍然属于同一类别。

因此，根据描述的不一致之处，玩家3是卧底。|| 基于你刚刚的推断得出你的最终结论，请输出你认为的卧底，在这种情况下只需要输出编号，是1-4中的某个数字，不要输出其他信息。在这个过程不要进行任何推理，只对||以前的部分进行信息提取
2024-12-13 16:47:38,583 - 1 - INFO - **********PLAYER1**********
3
