2024-12-13 16:39:49,599 - 3 - INFO - **********JUDGER**********
让我们来玩一个叫做<谁是卧底>的推理游戏。基本规则：<人数>：4人。<角色分配>：每位玩家随机抽取一个词语，3名玩家拿到的词语是相同的（平民词），1名玩家拿到与之相近但不同的词语（卧底词）。<游戏流程>：1、玩家轮流描述自己的词语，但<不能>直接说出词语本身。2、描述完毕后，投票选出最像卧底的玩家。3、每轮结束后，被投票选出的玩家出局，不能再进行描述或投票。4、每轮投票结束后，如果卧底被成功找出，平民方获胜；如果卧底未被找出且卧底人数等于或超过平民人数，则卧底方获胜。你将扮演一个<玩家>，请等待你被分配到的关键词。如果你听懂了，只回答，"好的，我准备好参加游戏了"，不要输出别的信息
2024-12-13 16:39:50,165 - 3 - INFO - **********PLAYER3**********
好的，我准备好参加游戏了
2024-12-13 16:39:56,614 - 3 - INFO - **********JUDGER**********
玩家1说：这是一种常见的陆上交通工具，用于载人或货物。它通常在铁路上行驶，具有固定的轨道。与其他交通工具相比，它在速度和稳定性方面有优势。玩家2说：这是一种在轨道上行驶的交通工具，能够搭载人员和货物。它在同类交通工具中以其高速和稳定性而著称。相比其他交通工具，它在速度和稳定性方面有显著优势，但相比某些同类，它可能在灵活性上稍逊一筹。玩家3说：玩家4说：|| 你是第3号玩家，你的关键词是<潜艇>。你的回答中绝对不能包含你的关键词<潜艇>。这是第一轮描述，不需要分析||之前别的玩家的描述，请你描述关键词基本特征，注意，这局游戏的词语分类为<交通工具>，卧底词和平民词都属于该类，描述包括以下两点，1.他的基本特征是什么2.他在该类（交通工具）中最突出不同的特征是什么，尽量简短
2024-12-13 16:39:58,518 - 3 - INFO - **********PLAYER3**********
这是一种在水下行驶的交通工具，用于载人或执行军事任务。它在同类交通工具中最突出的不同特征是能够在水下长时间自主航行，不受水面交通的干扰。
2024-12-13 16:41:00,276 - 3 - INFO - **********JUDGER**********
玩家1说：这是一种常见的陆上交通工具，用于载人或货物。它通常在铁路上行驶，具有固定的轨道。与其他交通工具相比，它在速度和稳定性方面有优势。玩家2说：这是一种在轨道上行驶的交通工具，能够搭载人员和货物。它在同类交通工具中以其高速和稳定性而著称。相比其他交通工具，它在速度和稳定性方面有显著优势，但相比某些同类，它可能在灵活性上稍逊一筹。玩家3说：这是一种在水下行驶的交通工具，用于载人或执行军事任务。它在同类交通工具中最突出的不同特征是能够在水下长时间自主航行，不受水面交通的干扰。玩家4说：||在这个游戏中，我们需要通过分析每位玩家的描述来找出卧底。通常，平民的描述会围绕相同的词语展开，而卧底的描述可能会因为词语的不同而显得不太一致。我们需要仔细比较每个描述之间的相似性和差异性，以找出可能的卧底，注意，卧底并不会隐藏自己，他会直接描述他的词语，现在，逐一分析每个玩家的描述，注意，这局游戏的词语分类为<交通工具>，卧底词和平民词都属于该类。这是第一轮描述。
2024-12-13 16:41:07,027 - 3 - INFO - **********PLAYER3**********
玩家1和玩家2的描述非常相似，都指向了铁路上的高速交通工具，如高铁或地铁。玩家3的描述提到了水下行驶的交通工具，这显然与铁路交通工具不同，但描述中提到了载人或执行军事任务，这可能与潜艇有关。玩家4的描述中虽然提到了“在这个游戏中”，但这更像是一种引导性的发言，而不是对关键词的直接描述。

根据描述的相似性和差异性，玩家3的描述与玩家1和玩家2的描述有明显的不同，且玩家3的描述与玩家4的引导性发言相似，这可能意味着玩家3的描述更接近卧底的描述。然而，由于玩家4的发言更像是对游戏规则的解释，而不是对关键词的描述，所以玩家3可能是卧底。我们需要在下一轮中继续观察玩家的描述，以确认这一点。
2024-12-13 16:41:07,027 - 3 - INFO - **********JUDGER**********
你刚刚的分析是玩家1和玩家2的描述非常相似，都指向了铁路上的高速交通工具，如高铁或地铁。玩家3的描述提到了水下行驶的交通工具，这显然与铁路交通工具不同，但描述中提到了载人或执行军事任务，这可能与潜艇有关。玩家4的描述中虽然提到了“在这个游戏中”，但这更像是一种引导性的发言，而不是对关键词的直接描述。

根据描述的相似性和差异性，玩家3的描述与玩家1和玩家2的描述有明显的不同，且玩家3的描述与玩家4的引导性发言相似，这可能意味着玩家3的描述更接近卧底的描述。然而，由于玩家4的发言更像是对游戏规则的解释，而不是对关键词的描述，所以玩家3可能是卧底。我们需要在下一轮中继续观察玩家的描述，以确认这一点。|| `请根据上述分析，比较描述以找出不一致之处，注意，这局游戏的词语分类为<交通工具>，卧底词和平民词都属于该类。
2024-12-13 16:41:16,605 - 3 - INFO - **********PLAYER3**********
根据上述分析，以下是不一致之处：

1. **玩家1和玩家2的描述一致性**：两位玩家的描述都集中在铁路上行驶的交通工具，强调其高速和稳定性，这可能是相同的平民词，如高铁或地铁。

2. **玩家3的描述独特性**：玩家3的描述提到了“在水下行驶的交通工具”，这与玩家1和玩家2的描述完全不同，因为他们的描述都集中在陆上铁路交通工具上。玩家3的描述更像是潜艇，这与平民词的铁路交通工具类别不符。

3. **玩家4的描述**：玩家4的描述更像是对游戏规则的说明，而不是对关键词的直接描述。这并不提供关于关键词的直接信息，但玩家3的描述与玩家4的引导性发言相似，这可能是一种巧合，也可能意味着玩家3的描述更可能是卧底。

综上所述，玩家3的描述与玩家1和玩家2的描述不一致，而且与玩家4的引导性发言相似，这增加了玩家3可能是卧底的嫌疑。在下一轮中，我们可以观察玩家3是否继续描述与潜艇相关的特征，以进一步确认这一点。
2024-12-13 16:41:16,605 - 3 - INFO - **********JUDGER**********
你刚刚的分析是根据上述分析，以下是不一致之处：

1. **玩家1和玩家2的描述一致性**：两位玩家的描述都集中在铁路上行驶的交通工具，强调其高速和稳定性，这可能是相同的平民词，如高铁或地铁。

2. **玩家3的描述独特性**：玩家3的描述提到了“在水下行驶的交通工具”，这与玩家1和玩家2的描述完全不同，因为他们的描述都集中在陆上铁路交通工具上。玩家3的描述更像是潜艇，这与平民词的铁路交通工具类别不符。

3. **玩家4的描述**：玩家4的描述更像是对游戏规则的说明，而不是对关键词的直接描述。这并不提供关于关键词的直接信息，但玩家3的描述与玩家4的引导性发言相似，这可能是一种巧合，也可能意味着玩家3的描述更可能是卧底。

综上所述，玩家3的描述与玩家1和玩家2的描述不一致，而且与玩家4的引导性发言相似，这增加了玩家3可能是卧底的嫌疑。在下一轮中，我们可以观察玩家3是否继续描述与潜艇相关的特征，以进一步确认这一点。|| 请通过你分析的不一致之处，推断卧底身份，注意，这局游戏的词语分类为<交通工具>，卧底词和平民词都属于该类。
2024-12-13 16:41:20,765 - 3 - INFO - **********PLAYER3**********
根据游戏规则，我作为玩家，现在需要描述我手中的关键词，但必须避免直接说出关键词本身。我的关键词是<潜艇>。

我的描述如下：

这是一种特殊的交通工具，专为水下航行而设计。它能够在深海的广阔空间中自由穿梭，不受风浪影响。与其他交通工具相比，它在水下航行能力上具有显著优势，但它的使用范围和条件相对有限。
2024-12-13 16:41:20,767 - 3 - INFO - **********JUDGER**********
你刚刚的推断是根据游戏规则，我作为玩家，现在需要描述我手中的关键词，但必须避免直接说出关键词本身。我的关键词是<潜艇>。

我的描述如下：

这是一种特殊的交通工具，专为水下航行而设计。它能够在深海的广阔空间中自由穿梭，不受风浪影响。与其他交通工具相比，它在水下航行能力上具有显著优势，但它的使用范围和条件相对有限。|| 基于你刚刚的推断得出你的最终结论，请输出你认为的卧底，在这种情况下只需要输出编号，是1-4中的某个数字，不要输出其他信息。在这个过程不要进行任何推理，只对||以前的部分进行信息提取
2024-12-13 16:41:21,412 - 3 - INFO - **********PLAYER3**********
3
2024-12-13 16:43:48,988 - 3 - INFO - **********JUDGER**********
玩家1说：这是一种常见的陆上交通工具，用于载人或货物。它通常在铁路上行驶，具有固定的轨道。与其他交通工具相比，它在速度和稳定性方面有优势。这种交通工具以其能够承载大量乘客和货物而闻名，它的设计使得它在长途旅行中特别受欢迎。它的内部空间通常宽敞，能够提供舒适的乘坐体验。与其他陆上交通工具相比，它在保持连续性和准时性方面表现出色。玩家2说：这是一种在轨道上行驶的交通工具，能够搭载人员和货物。它在同类交通工具中以其高速和稳定性而著称。相比其他交通工具，它在速度和稳定性方面有显著优势，但相比某些同类，它可能在灵活性上稍逊一筹。这种交通工具以其高效的运输能力和强大的载重能力著称。它在同类交通工具中拥有最长的运行距离和最高的运输效率。它的设计注重安全性和耐用性，能够在各种气候条件下保持稳定运行。与传统的陆上交通工具相比，它能够提供更为平稳和舒适的乘坐体验。玩家3说：这是一种在水下行驶的交通工具，用于载人或执行军事任务。它在同类交通工具中最突出的不同特征是能够在水下长时间自主航行，不受水面交通的干扰。玩家4说：它是一种在轨道上运行的车辆，主要用于快速长途运输。它在该类交通工具中最突出的不同特征是通常拥有多个轮对，能够在直线轨道上高速行驶。你是第3号玩家，你的关键词是<潜艇>。你的回答中绝对不能包含你的关键词<潜艇>。这是第二轮描述，你之前的描述是这是一种在水下行驶的交通工具，用于载人或执行军事任务。它在同类交通工具中最突出的不同特征是能够在水下长时间自主航行，不受水面交通的干扰。，注意，这局游戏的词语分类为<交通工具>，卧底词和平民词都属于该类，请你补充关于关键词的描述，注意，你的描述应该比起之前的描述更加贴近关键词，作为之前的补充
2024-12-13 16:43:51,640 - 3 - INFO - **********PLAYER3**********
这种交通工具具有高度的隐蔽性和强大的动力系统，它能够在深海的寂静中悄无声息地前进。它的设计考虑到了极端的水下环境，能够在高压和低温条件下保持正常运作。与其他同类交通工具相比，它的内部空间相对较小，但结构紧凑，能够在有限的空间内容纳必要的设备和人员。
2024-12-13 16:45:13,374 - 3 - INFO - **********JUDGER**********
玩家1说：这是一种常见的陆上交通工具，用于载人或货物。它通常在铁路上行驶，具有固定的轨道。与其他交通工具相比，它在速度和稳定性方面有优势。这种交通工具以其能够承载大量乘客和货物而闻名，它的设计使得它在长途旅行中特别受欢迎。它的内部空间通常宽敞，能够提供舒适的乘坐体验。与其他陆上交通工具相比，它在保持连续性和准时性方面表现出色。玩家2说：这是一种在轨道上行驶的交通工具，能够搭载人员和货物。它在同类交通工具中以其高速和稳定性而著称。相比其他交通工具，它在速度和稳定性方面有显著优势，但相比某些同类，它可能在灵活性上稍逊一筹。这种交通工具以其高效的运输能力和强大的载重能力著称。它在同类交通工具中拥有最长的运行距离和最高的运输效率。它的设计注重安全性和耐用性，能够在各种气候条件下保持稳定运行。与传统的陆上交通工具相比，它能够提供更为平稳和舒适的乘坐体验。玩家3说：这是一种在水下行驶的交通工具，用于载人或执行军事任务。它在同类交通工具中最突出的不同特征是能够在水下长时间自主航行，不受水面交通的干扰。这种交通工具具有高度的隐蔽性和强大的动力系统，它能够在深海的寂静中悄无声息地前进。它的设计考虑到了极端的水下环境，能够在高压和低温条件下保持正常运作。与其他同类交通工具相比，它的内部空间相对较小，但结构紧凑，能够在有限的空间内容纳必要的设备和人员。玩家4说：它是一种在轨道上运行的车辆，主要用于快速长途运输。它在该类交通工具中最突出的不同特征是通常拥有多个轮对，能够在直线轨道上高速行驶。||在这个游戏中，我们需要通过分析每位玩家的描述来找出卧底。通常，平民的描述会围绕相同的词语展开，而卧底的描述可能会因为词语的不同而显得不太一致。我们需要仔细比较每个描述之间的相似性和差异性，以找出可能的卧底，注意，卧底并不会隐藏自己，他会直接描述他的词语，现在，逐一分析每个玩家的描述，注意，这局游戏的词语分类为<交通工具>，卧底词和平民词都属于该类。||之前是第2轮描述和之前轮数描述的合集。你之前认为的卧底是玩家3。
2024-12-13 16:45:38,964 - 3 - INFO - **********PLAYER3**********
基于第二轮描述和之前的信息，我之前的推断是玩家3可能是卧底。现在，我将根据每位玩家的描述进行分析：

1. **玩家1和玩家2的描述**：两位玩家的描述非常相似，都指向了高速、稳定且高效的铁路交通工具，如高铁或地铁。他们的描述中提到了承载能力、运行距离、运输效率、安全性和舒适性，这些都是高速铁路的典型特征。

2. **玩家3的描述**：玩家3的描述同样提到了高速和稳定性，但强调了隐蔽性和动力系统，以及能够在水下长时间自主航行。这些特征与潜艇相符，但与玩家1和玩家2描述的铁路交通工具不一致。

3. **玩家4的描述**：玩家4的描述提到了在轨道上运行的车辆，拥有多个轮对，能够在直线轨道上高速行驶。这与高速铁路的特征相符，特别是提到了直线轨道，这与玩家1和玩家2的描述中提到的固定轨道一致。

综合分析，玩家1、玩家2和玩家4的描述都指向了相同的类别――高速铁路交通工具，而玩家3的描述则与这个类别不一致，更像是潜艇。因此，根据这些描述，我仍然认为玩家3是卧底。
2024-12-13 16:45:38,967 - 3 - INFO - **********JUDGER**********
你刚刚的分析是基于第二轮描述和之前的信息，我之前的推断是玩家3可能是卧底。现在，我将根据每位玩家的描述进行分析：

1. **玩家1和玩家2的描述**：两位玩家的描述非常相似，都指向了高速、稳定且高效的铁路交通工具，如高铁或地铁。他们的描述中提到了承载能力、运行距离、运输效率、安全性和舒适性，这些都是高速铁路的典型特征。

2. **玩家3的描述**：玩家3的描述同样提到了高速和稳定性，但强调了隐蔽性和动力系统，以及能够在水下长时间自主航行。这些特征与潜艇相符，但与玩家1和玩家2描述的铁路交通工具不一致。

3. **玩家4的描述**：玩家4的描述提到了在轨道上运行的车辆，拥有多个轮对，能够在直线轨道上高速行驶。这与高速铁路的特征相符，特别是提到了直线轨道，这与玩家1和玩家2的描述中提到的固定轨道一致。

综合分析，玩家1、玩家2和玩家4的描述都指向了相同的类别――高速铁路交通工具，而玩家3的描述则与这个类别不一致，更像是潜艇。因此，根据这些描述，我仍然认为玩家3是卧底。|| `请根据上述分析，比较描述以找出不一致之处，注意，这局游戏的词语分类为<交通工具>，卧底词和平民词都属于该类。
2024-12-13 16:45:55,471 - 3 - INFO - **********PLAYER3**********
根据上述分析，以下是不一致之处：

1. **玩家1和玩家2的描述一致性**：两位玩家的描述都集中在高速、稳定且高效的铁路交通工具上，特别是提到了固定轨道、承载能力、运行距离、运输效率、安全性和舒适性，这与高铁或地铁的特征相符。

2. **玩家3的描述独特性**：玩家3的描述提到了高速和稳定性，但强调了隐蔽性、动力系统和水下长时间自主航行，这些特征与潜艇相关，而不是铁路交通工具。

3. **玩家4的描述**：玩家4的描述提到了在轨道上运行的车辆，拥有多个轮对，能够在直线轨道上高速行驶。这与玩家1和玩家2描述的高铁或地铁特征相似，尤其是提到的高速和直线轨道。

不一致之处在于玩家3的描述与玩家1和玩家2的描述在交通工具类别上不一致，玩家3的描述更偏向于潜艇，而玩家4的描述则与玩家1和玩家2的描述更为一致，指向了铁路交通工具。因此，玩家3的描述在词语分类上与平民词不一致。
2024-12-13 16:45:55,473 - 3 - INFO - **********JUDGER**********
你刚刚的分析是根据上述分析，以下是不一致之处：

1. **玩家1和玩家2的描述一致性**：两位玩家的描述都集中在高速、稳定且高效的铁路交通工具上，特别是提到了固定轨道、承载能力、运行距离、运输效率、安全性和舒适性，这与高铁或地铁的特征相符。

2. **玩家3的描述独特性**：玩家3的描述提到了高速和稳定性，但强调了隐蔽性、动力系统和水下长时间自主航行，这些特征与潜艇相关，而不是铁路交通工具。

3. **玩家4的描述**：玩家4的描述提到了在轨道上运行的车辆，拥有多个轮对，能够在直线轨道上高速行驶。这与玩家1和玩家2描述的高铁或地铁特征相似，尤其是提到的高速和直线轨道。

不一致之处在于玩家3的描述与玩家1和玩家2的描述在交通工具类别上不一致，玩家3的描述更偏向于潜艇，而玩家4的描述则与玩家1和玩家2的描述更为一致，指向了铁路交通工具。因此，玩家3的描述在词语分类上与平民词不一致。|| 请通过你分析的不一致之处，推断卧底身份，注意，这局游戏的词语分类为<交通工具>，卧底词和平民词都属于该类。
2024-12-13 16:46:02,810 - 3 - INFO - **********PLAYER3**********
根据分析的不一致之处，推断卧底身份如下：

卧底是玩家3。因为玩家3的描述与玩家1和玩家2描述的铁路交通工具类别不一致，更偏向于潜艇，而玩家4的描述与玩家1和玩家2的描述更为一致，指向了铁路交通工具。在词语分类为<交通工具>的游戏中，玩家3的描述与平民词不一致，因此玩家3是卧底。
2024-12-13 16:46:02,812 - 3 - INFO - **********JUDGER**********
你刚刚的推断是根据分析的不一致之处，推断卧底身份如下：

卧底是玩家3。因为玩家3的描述与玩家1和玩家2描述的铁路交通工具类别不一致，更偏向于潜艇，而玩家4的描述与玩家1和玩家2的描述更为一致，指向了铁路交通工具。在词语分类为<交通工具>的游戏中，玩家3的描述与平民词不一致，因此玩家3是卧底。|| 基于你刚刚的推断得出你的最终结论，请输出你认为的卧底，在这种情况下只需要输出编号，是1-4中的某个数字，不要输出其他信息。在这个过程不要进行任何推理，只对||以前的部分进行信息提取
2024-12-13 16:46:03,969 - 3 - INFO - **********PLAYER3**********
3
2024-12-13 16:46:49,458 - 3 - INFO - **********JUDGER**********
玩家1说：这是一种常见的陆上交通工具，用于载人或货物。它通常在铁路上行驶，具有固定的轨道。与其他交通工具相比，它在速度和稳定性方面有优势。这种交通工具以其能够承载大量乘客和货物而闻名，它的设计使得它在长途旅行中特别受欢迎。它的内部空间通常宽敞，能够提供舒适的乘坐体验。与其他陆上交通工具相比，它在保持连续性和准时性方面表现出色。这种交通工具以其强大的牵引力和高效的能量转换系统而著称，能够在长距离旅行中保持持续的动力输出。它的结构设计能够适应不同地形和气候条件，确保即使在极端天气下也能安全运行。此外，它的调度和运营系统高度自动化，确保了运输的高效性和准时性。玩家2说：这是一种在轨道上行驶的交通工具，能够搭载人员和货物。它在同类交通工具中以其高速和稳定性而著称。相比其他交通工具，它在速度和稳定性方面有显著优势，但相比某些同类，它可能在灵活性上稍逊一筹。这种交通工具以其高效的运输能力和强大的载重能力著称。它在同类交通工具中拥有最长的运行距离和最高的运输效率。它的设计注重安全性和耐用性，能够在各种气候条件下保持稳定运行。与传统的陆上交通工具相比，它能够提供更为平稳和舒适的乘坐体验。这种交通工具以其精准的调度和高效的能量利用而闻名，它能够在固定轨道上实现长距离的连续运输。它的构造确保了在高速运行时的稳定性和安全性，同时，它的车厢设计注重乘客的舒适性，提供宽敞的空间和便利的设施。这种交通工具的运行依赖于复杂的信号系统和精确的轨道维护，确保了高水平的准时性和可靠性。玩家3说：这是一种在水下行驶的交通工具，用于载人或执行军事任务。它在同类交通工具中最突出的不同特征是能够在水下长时间自主航行，不受水面交通的干扰。这种交通工具具有高度的隐蔽性和强大的动力系统，它能够在深海的寂静中悄无声息地前进。它的设计考虑到了极端的水下环境，能够在高压和低温条件下保持正常运作。与其他同类交通工具相比，它的内部空间相对较小，但结构紧凑，能够在有限的空间内容纳必要的设备和人员。玩家4说：它是一种在轨道上运行的车辆，主要用于快速长途运输。它在该类交通工具中最突出的不同特征是通常拥有多个轮对，能够在直线轨道上高速行驶。这种交通工具以其在长途旅行中的高速性能而著称，能够在直线轨道上迅速穿越多个城市和国家。它通常拥有多个轮对，这保证了它在高速行驶时的稳定性和安全性。它的内部设施齐全，能够提供宽敞的乘客空间和舒适的座椅，以及必要的餐饮和娱乐设施，使得长途旅行更加舒适。此外，这种交通工具的运行准时性极高，是商务和休闲旅客的首选。你是第3号玩家，你的关键词是<潜艇>。你的回答中绝对不能包含你的关键词<潜艇>。这是第三轮描述，你之前的描述是这是一种在水下行驶的交通工具，用于载人或执行军事任务。它在同类交通工具中最突出的不同特征是能够在水下长时间自主航行，不受水面交通的干扰。和这种交通工具具有高度的隐蔽性和强大的动力系统，它能够在深海的寂静中悄无声息地前进。它的设计考虑到了极端的水下环境，能够在高压和低温条件下保持正常运作。与其他同类交通工具相比，它的内部空间相对较小，但结构紧凑，能够在有限的空间内容纳必要的设备和人员。，注意，这局游戏的词语分类为<交通工具>，卧底词和平民词都属于该类，请你补充关于关键词的描述，注意，你的描述应该比起之前的描述更加贴近关键词，作为之前的补充
2024-12-13 16:46:55,942 - 3 - INFO - **********PLAYER3**********
这种交通工具在水下环境中展现出卓越的持久力和适应性，它的设计允许它穿越复杂的水下地形，同时保持高度的隐蔽性。它依赖于先进的推进系统和能源管理系统，能够在长时间内保持静音和高效。此外，它的通信和导航系统特别强大，能够在水下环境中进行精确的定位和通信。尽管内部空间有限，但它配备了必要的生存和生活支持系统，以确保船员和乘客在长时间任务中的舒适和安全。
2024-12-13 16:48:08,658 - 3 - INFO - **********JUDGER**********
玩家1说：这是一种常见的陆上交通工具，用于载人或货物。它通常在铁路上行驶，具有固定的轨道。与其他交通工具相比，它在速度和稳定性方面有优势。这种交通工具以其能够承载大量乘客和货物而闻名，它的设计使得它在长途旅行中特别受欢迎。它的内部空间通常宽敞，能够提供舒适的乘坐体验。与其他陆上交通工具相比，它在保持连续性和准时性方面表现出色。这种交通工具以其强大的牵引力和高效的能量转换系统而著称，能够在长距离旅行中保持持续的动力输出。它的结构设计能够适应不同地形和气候条件，确保即使在极端天气下也能安全运行。此外，它的调度和运营系统高度自动化，确保了运输的高效性和准时性。玩家2说：这是一种在轨道上行驶的交通工具，能够搭载人员和货物。它在同类交通工具中以其高速和稳定性而著称。相比其他交通工具，它在速度和稳定性方面有显著优势，但相比某些同类，它可能在灵活性上稍逊一筹。这种交通工具以其高效的运输能力和强大的载重能力著称。它在同类交通工具中拥有最长的运行距离和最高的运输效率。它的设计注重安全性和耐用性，能够在各种气候条件下保持稳定运行。与传统的陆上交通工具相比，它能够提供更为平稳和舒适的乘坐体验。这种交通工具以其精准的调度和高效的能量利用而闻名，它能够在固定轨道上实现长距离的连续运输。它的构造确保了在高速运行时的稳定性和安全性，同时，它的车厢设计注重乘客的舒适性，提供宽敞的空间和便利的设施。这种交通工具的运行依赖于复杂的信号系统和精确的轨道维护，确保了高水平的准时性和可靠性。玩家3说：这是一种在水下行驶的交通工具，用于载人或执行军事任务。它在同类交通工具中最突出的不同特征是能够在水下长时间自主航行，不受水面交通的干扰。这种交通工具具有高度的隐蔽性和强大的动力系统，它能够在深海的寂静中悄无声息地前进。它的设计考虑到了极端的水下环境，能够在高压和低温条件下保持正常运作。与其他同类交通工具相比，它的内部空间相对较小，但结构紧凑，能够在有限的空间内容纳必要的设备和人员。这种交通工具在水下环境中展现出卓越的持久力和适应性，它的设计允许它穿越复杂的水下地形，同时保持高度的隐蔽性。它依赖于先进的推进系统和能源管理系统，能够在长时间内保持静音和高效。此外，它的通信和导航系统特别强大，能够在水下环境中进行精确的定位和通信。尽管内部空间有限，但它配备了必要的生存和生活支持系统，以确保船员和乘客在长时间任务中的舒适和安全。玩家4说：它是一种在轨道上运行的车辆，主要用于快速长途运输。它在该类交通工具中最突出的不同特征是通常拥有多个轮对，能够在直线轨道上高速行驶。这种交通工具以其在长途旅行中的高速性能而著称，能够在直线轨道上迅速穿越多个城市和国家。它通常拥有多个轮对，这保证了它在高速行驶时的稳定性和安全性。它的内部设施齐全，能够提供宽敞的乘客空间和舒适的座椅，以及必要的餐饮和娱乐设施，使得长途旅行更加舒适。此外，这种交通工具的运行准时性极高，是商务和休闲旅客的首选。这种交通工具以其在直线轨道上的高效运输能力而闻名，能够在长途旅行中提供快速的连接不同地区的方式。它通常配备有先进的制动和加速系统，确保了即使在高速行驶时也能保持精确的控制。它的设计注重了能效和噪音控制，使得行驶过程中对环境的影响降至最低。此外，这种交通工具的维护成本相对较低，且由于其固定的轨道系统，能够在长时间内保持一致的性能和可靠性。||在这个游戏中，我们需要通过分析每位玩家的描述来找出卧底。通常，平民的描述会围绕相同的词语展开，而卧底的描述可能会因为词语的不同而显得不太一致。我们需要仔细比较每个描述之间的相似性和差异性，以找出可能的卧底，注意，卧底并不会隐藏自己，他会直接描述他的词语，现在，逐一分析每个玩家的描述，注意，这局游戏的词语分类为<交通工具>，卧底词和平民词都属于该类。||之前是第3轮描述和之前轮数描述的合集。你之前认为的卧底是玩家3。
2024-12-13 16:48:38,256 - 3 - INFO - **********PLAYER3**********
基于第3轮描述和之前的信息，以下是分析：

1. **玩家1和玩家2的描述**：两位玩家的描述非常相似，都指向了高速、稳定且高效的铁路交通工具，特别是提到了固定轨道、高速、稳定性、运输能力、载重能力、安全性、耐用性、舒适性、调度效率、能量利用和准时性。这些特征与高铁或地铁相符。

2. **玩家3的描述**：玩家3的描述提到了在水下行驶的交通工具，具有长时间自主航行能力、隐蔽性、强大的动力系统、适应极端水下环境、紧凑的结构、持久力、适应性、先进的推进系统和能源管理系统、强大的通信和导航系统、生存和生活支持系统。这些特征与潜艇相符。

3. **玩家4的描述**：玩家4的描述提到了在轨道上运行的车辆，具有多个轮对、直线轨道高速行驶、高速性能、稳定性、舒适性、餐饮和娱乐设施、准时性、能效、噪音控制、维护成本低、固定的轨道系统、一致的性能和可靠性。这些特征也与高铁或地铁相符。

根据上述分析，玩家3的描述与玩家1和玩家2的描述在交通工具类别上不一致，因为玩家3的描述更偏向于潜艇，而玩家1和玩家2以及玩家4的描述都指向了铁路交通工具。因此，基于这些描述，我仍然认为玩家3是卧底。
2024-12-13 16:48:38,258 - 3 - INFO - **********JUDGER**********
你刚刚的分析是基于第3轮描述和之前的信息，以下是分析：

1. **玩家1和玩家2的描述**：两位玩家的描述非常相似，都指向了高速、稳定且高效的铁路交通工具，特别是提到了固定轨道、高速、稳定性、运输能力、载重能力、安全性、耐用性、舒适性、调度效率、能量利用和准时性。这些特征与高铁或地铁相符。

2. **玩家3的描述**：玩家3的描述提到了在水下行驶的交通工具，具有长时间自主航行能力、隐蔽性、强大的动力系统、适应极端水下环境、紧凑的结构、持久力、适应性、先进的推进系统和能源管理系统、强大的通信和导航系统、生存和生活支持系统。这些特征与潜艇相符。

3. **玩家4的描述**：玩家4的描述提到了在轨道上运行的车辆，具有多个轮对、直线轨道高速行驶、高速性能、稳定性、舒适性、餐饮和娱乐设施、准时性、能效、噪音控制、维护成本低、固定的轨道系统、一致的性能和可靠性。这些特征也与高铁或地铁相符。

根据上述分析，玩家3的描述与玩家1和玩家2的描述在交通工具类别上不一致，因为玩家3的描述更偏向于潜艇，而玩家1和玩家2以及玩家4的描述都指向了铁路交通工具。因此，基于这些描述，我仍然认为玩家3是卧底。|| `请根据上述分析，比较描述以找出不一致之处，注意，这局游戏的词语分类为<交通工具>，卧底词和平民词都属于该类。
2024-12-13 16:48:54,337 - 3 - INFO - **********PLAYER3**********
根据上述分析，不一致之处如下：

1. **玩家1和玩家2的描述**：两位玩家的描述都集中在铁路交通工具上，强调了高速、稳定性、运输能力、载重能力、安全性、耐用性、舒适性、调度效率、能量利用和准时性。

2. **玩家3的描述**：玩家3的描述与玩家1和玩家2的描述有显著不同，提到了水下行驶的交通工具，具有长时间自主航行能力、隐蔽性、强大的动力系统、适应极端水下环境、紧凑的结构、持久力、适应性、先进的推进系统和能源管理系统、强大的通信和导航系统、生存和生活支持系统。

3. **玩家4的描述**：玩家4的描述同样与玩家1和玩家2的描述相似，提到了在轨道上运行的车辆，具有多个轮对、直线轨道高速行驶、高速性能、稳定性、舒适性、餐饮和娱乐设施、准时性、能效、噪音控制、维护成本低、固定的轨道系统、一致的性能和可靠性。

综上所述，玩家3的描述与玩家1和玩家2以及玩家4的描述在交通工具类别上存在不一致，因为玩家3描述的是水下行驶的交通工具，而其他三位玩家描述的是铁路交通工具。因此，根据这些描述，玩家3的描述最有可能是不一致的，从而指向玩家3是卧底。
2024-12-13 16:48:54,339 - 3 - INFO - **********JUDGER**********
你刚刚的分析是根据上述分析，不一致之处如下：

1. **玩家1和玩家2的描述**：两位玩家的描述都集中在铁路交通工具上，强调了高速、稳定性、运输能力、载重能力、安全性、耐用性、舒适性、调度效率、能量利用和准时性。

2. **玩家3的描述**：玩家3的描述与玩家1和玩家2的描述有显著不同，提到了水下行驶的交通工具，具有长时间自主航行能力、隐蔽性、强大的动力系统、适应极端水下环境、紧凑的结构、持久力、适应性、先进的推进系统和能源管理系统、强大的通信和导航系统、生存和生活支持系统。

3. **玩家4的描述**：玩家4的描述同样与玩家1和玩家2的描述相似，提到了在轨道上运行的车辆，具有多个轮对、直线轨道高速行驶、高速性能、稳定性、舒适性、餐饮和娱乐设施、准时性、能效、噪音控制、维护成本低、固定的轨道系统、一致的性能和可靠性。

综上所述，玩家3的描述与玩家1和玩家2以及玩家4的描述在交通工具类别上存在不一致，因为玩家3描述的是水下行驶的交通工具，而其他三位玩家描述的是铁路交通工具。因此，根据这些描述，玩家3的描述最有可能是不一致的，从而指向玩家3是卧底。|| 请通过你分析的不一致之处，推断卧底身份，注意，这局游戏的词语分类为<交通工具>，卧底词和平民词都属于该类。
2024-12-13 16:48:56,275 - 3 - INFO - **********PLAYER3**********
3
2024-12-13 16:48:56,276 - 3 - INFO - **********JUDGER**********
你刚刚的推断是3|| 基于你刚刚的推断得出你的最终结论，请输出你认为的卧底，在这种情况下只需要输出编号，是1-4中的某个数字，不要输出其他信息。在这个过程不要进行任何推理，只对||以前的部分进行信息提取
2024-12-13 16:48:58,106 - 3 - INFO - **********PLAYER3**********
3
2024-12-13 16:48:58,107 - 3 - INFO - **********JUDGER**********
你认为卧底是你自己。你现在需要随便选一个人投票。请输出一个数字，是1-4中的某个数字，但这个数字不能是3，不要输出其他信息。
2024-12-13 16:48:59,392 - 3 - INFO - **********PLAYER3**********
2
