2024-12-13 16:39:50,656 - 4 - INFO - **********JUDGER**********
让我们来玩一个叫做<谁是卧底>的推理游戏。基本规则：<人数>：4人。<角色分配>：每位玩家随机抽取一个词语，3名玩家拿到的词语是相同的（平民词），1名玩家拿到与之相近但不同的词语（卧底词）。<游戏流程>：1、玩家轮流描述自己的词语，但<不能>直接说出词语本身。2、描述完毕后，投票选出最像卧底的玩家。3、每轮结束后，被投票选出的玩家出局，不能再进行描述或投票。4、每轮投票结束后，如果卧底被成功找出，平民方获胜；如果卧底未被找出且卧底人数等于或超过平民人数，则卧底方获胜。你将扮演一个<玩家>，请等待你被分配到的关键词。如果你听懂了，只回答，"好的，我准备好参加游戏了"，不要输出别的信息
2024-12-13 16:39:51,574 - 4 - INFO - **********PLAYER4**********
好的，我准备好参加游戏了
2024-12-13 16:39:58,519 - 4 - INFO - **********JUDGER**********
玩家1说：这是一种常见的陆上交通工具，用于载人或货物。它通常在铁路上行驶，具有固定的轨道。与其他交通工具相比，它在速度和稳定性方面有优势。玩家2说：这是一种在轨道上行驶的交通工具，能够搭载人员和货物。它在同类交通工具中以其高速和稳定性而著称。相比其他交通工具，它在速度和稳定性方面有显著优势，但相比某些同类，它可能在灵活性上稍逊一筹。玩家3说：这是一种在水下行驶的交通工具，用于载人或执行军事任务。它在同类交通工具中最突出的不同特征是能够在水下长时间自主航行，不受水面交通的干扰。玩家4说：|| 你是第4号玩家，你的关键词是<火车>。你的回答中绝对不能包含你的关键词<火车>。这是第一轮描述，不需要分析||之前别的玩家的描述，请你描述关键词基本特征，注意，这局游戏的词语分类为<交通工具>，卧底词和平民词都属于该类，描述包括以下两点，1.他的基本特征是什么2.他在该类（交通工具）中最突出不同的特征是什么，尽量简短
2024-12-13 16:40:00,276 - 4 - INFO - **********PLAYER4**********
它是一种在轨道上运行的车辆，主要用于快速长途运输。它在该类交通工具中最突出的不同特征是通常拥有多个轮对，能够在直线轨道上高速行驶。
2024-12-13 16:41:21,412 - 4 - INFO - **********JUDGER**********
玩家1说：这是一种常见的陆上交通工具，用于载人或货物。它通常在铁路上行驶，具有固定的轨道。与其他交通工具相比，它在速度和稳定性方面有优势。玩家2说：这是一种在轨道上行驶的交通工具，能够搭载人员和货物。它在同类交通工具中以其高速和稳定性而著称。相比其他交通工具，它在速度和稳定性方面有显著优势，但相比某些同类，它可能在灵活性上稍逊一筹。玩家3说：这是一种在水下行驶的交通工具，用于载人或执行军事任务。它在同类交通工具中最突出的不同特征是能够在水下长时间自主航行，不受水面交通的干扰。玩家4说：||在这个游戏中，我们需要通过分析每位玩家的描述来找出卧底。通常，平民的描述会围绕相同的词语展开，而卧底的描述可能会因为词语的不同而显得不太一致。我们需要仔细比较每个描述之间的相似性和差异性，以找出可能的卧底，注意，卧底并不会隐藏自己，他会直接描述他的词语，现在，逐一分析每个玩家的描述，注意，这局游戏的词语分类为<交通工具>，卧底词和平民词都属于该类。这是第一轮描述。
2024-12-13 16:41:26,981 - 4 - INFO - **********PLAYER4**********
经过分析，玩家1和玩家2的描述非常相似，都强调了交通工具在铁路上行驶、具有固定轨道、高速和稳定性等特点，这表明他们可能是平民。玩家3的描述则提到了水下行驶、用于军事任务和长时间自主航行，这与前两位玩家的描述有明显差异，这可能是卧底的特征。玩家4的描述没有直接提及任何交通工具的特定特征，只是提到了游戏规则和描述分析的方法，这可能是为了引导大家分析其他玩家的描述。综合来看，玩家3的描述与玩家1和玩家2不同，且与“水下行驶”相关的词语可能是与火车不相关的，因此玩家3可能是卧底。
2024-12-13 16:41:26,982 - 4 - INFO - **********JUDGER**********
你刚刚的分析是经过分析，玩家1和玩家2的描述非常相似，都强调了交通工具在铁路上行驶、具有固定轨道、高速和稳定性等特点，这表明他们可能是平民。玩家3的描述则提到了水下行驶、用于军事任务和长时间自主航行，这与前两位玩家的描述有明显差异，这可能是卧底的特征。玩家4的描述没有直接提及任何交通工具的特定特征，只是提到了游戏规则和描述分析的方法，这可能是为了引导大家分析其他玩家的描述。综合来看，玩家3的描述与玩家1和玩家2不同，且与“水下行驶”相关的词语可能是与火车不相关的，因此玩家3可能是卧底。|| `请根据上述分析，比较描述以找出不一致之处，注意，这局游戏的词语分类为<交通工具>，卧底词和平民词都属于该类。
2024-12-13 16:41:39,740 - 4 - INFO - **********PLAYER4**********
根据上述分析，我们可以比较描述中的一致性和不一致之处如下：

1. 一致性：
   - 玩家1和玩家2的描述都提到了交通工具在铁路上行驶、具有固定轨道、高速和稳定性等特点。
   - 玩家3的描述中提到了交通工具用于载人或执行军事任务，这虽然与玩家1和玩家2的描述不完全一致，但仍然属于交通工具的范畴。

2. 不一致性：
   - 玩家3的描述中特别强调了交通工具在水下行驶，这是玩家1和玩家2的描述中没有提到的。
   - 玩家3还提到了“长时间自主航行，不受水面交通的干扰”，这一点在玩家1和玩家2的描述中没有出现。
   - 玩家4的描述并没有提供关于交通工具的具体信息，而是关于游戏规则和分析方法的说明。

基于这些不一致之处，玩家3的描述与玩家1和玩家2的描述在交通工具的具体类型上存在显著差异，特别是提到“水下行驶”这一点，这可能是与火车这一词语不相关的特征，因此玩家3可能是卧底。而玩家4的描述没有提供具体的交通工具特征，可能是为了帮助其他玩家分析。
2024-12-13 16:41:39,742 - 4 - INFO - **********JUDGER**********
你刚刚的分析是根据上述分析，我们可以比较描述中的一致性和不一致之处如下：

1. 一致性：
   - 玩家1和玩家2的描述都提到了交通工具在铁路上行驶、具有固定轨道、高速和稳定性等特点。
   - 玩家3的描述中提到了交通工具用于载人或执行军事任务，这虽然与玩家1和玩家2的描述不完全一致，但仍然属于交通工具的范畴。

2. 不一致性：
   - 玩家3的描述中特别强调了交通工具在水下行驶，这是玩家1和玩家2的描述中没有提到的。
   - 玩家3还提到了“长时间自主航行，不受水面交通的干扰”，这一点在玩家1和玩家2的描述中没有出现。
   - 玩家4的描述并没有提供关于交通工具的具体信息，而是关于游戏规则和分析方法的说明。

基于这些不一致之处，玩家3的描述与玩家1和玩家2的描述在交通工具的具体类型上存在显著差异，特别是提到“水下行驶”这一点，这可能是与火车这一词语不相关的特征，因此玩家3可能是卧底。而玩家4的描述没有提供具体的交通工具特征，可能是为了帮助其他玩家分析。|| 请通过你分析的不一致之处，推断卧底身份，注意，这局游戏的词语分类为<交通工具>，卧底词和平民词都属于该类。
2024-12-13 16:43:42,556 - 4 - INFO - **********PLAYER4**********
根据分析的不一致之处，可以推断以下：

- 玩家1和玩家2的描述都指向了同一类交通工具，即铁路上行驶的，具有固定轨道，高速和稳定的交通工具，这很可能是火车。
- 玩家3的描述提到了水下行驶的交通工具，并且强调了长时间自主航行不受水面交通干扰，这与火车不符，因为火车是陆上交通工具，不适用于水下环境。
- 玩家4的描述没有提供具体的交通工具特征，而是提供了游戏规则和分析方法的说明，这并不帮助直接推断卧底身份。

因此，结合词语分类为<交通工具>，且卧底词和平民词都属于该类，可以推断玩家3是卧底，因为他的描述与火车这一平民词不匹配，而是指向了另一类完全不同的交通工具，即水下行驶的船只。
2024-12-13 16:43:42,558 - 4 - INFO - **********JUDGER**********
你刚刚的推断是根据分析的不一致之处，可以推断以下：

- 玩家1和玩家2的描述都指向了同一类交通工具，即铁路上行驶的，具有固定轨道，高速和稳定的交通工具，这很可能是火车。
- 玩家3的描述提到了水下行驶的交通工具，并且强调了长时间自主航行不受水面交通干扰，这与火车不符，因为火车是陆上交通工具，不适用于水下环境。
- 玩家4的描述没有提供具体的交通工具特征，而是提供了游戏规则和分析方法的说明，这并不帮助直接推断卧底身份。

因此，结合词语分类为<交通工具>，且卧底词和平民词都属于该类，可以推断玩家3是卧底，因为他的描述与火车这一平民词不匹配，而是指向了另一类完全不同的交通工具，即水下行驶的船只。|| 基于你刚刚的推断得出你的最终结论，请输出你认为的卧底，在这种情况下只需要输出编号，是1-4中的某个数字，不要输出其他信息。在这个过程不要进行任何推理，只对||以前的部分进行信息提取
2024-12-13 16:43:43,159 - 4 - INFO - **********PLAYER4**********
3
2024-12-13 16:43:51,640 - 4 - INFO - **********JUDGER**********
玩家1说：这是一种常见的陆上交通工具，用于载人或货物。它通常在铁路上行驶，具有固定的轨道。与其他交通工具相比，它在速度和稳定性方面有优势。这种交通工具以其能够承载大量乘客和货物而闻名，它的设计使得它在长途旅行中特别受欢迎。它的内部空间通常宽敞，能够提供舒适的乘坐体验。与其他陆上交通工具相比，它在保持连续性和准时性方面表现出色。玩家2说：这是一种在轨道上行驶的交通工具，能够搭载人员和货物。它在同类交通工具中以其高速和稳定性而著称。相比其他交通工具，它在速度和稳定性方面有显著优势，但相比某些同类，它可能在灵活性上稍逊一筹。这种交通工具以其高效的运输能力和强大的载重能力著称。它在同类交通工具中拥有最长的运行距离和最高的运输效率。它的设计注重安全性和耐用性，能够在各种气候条件下保持稳定运行。与传统的陆上交通工具相比，它能够提供更为平稳和舒适的乘坐体验。玩家3说：这是一种在水下行驶的交通工具，用于载人或执行军事任务。它在同类交通工具中最突出的不同特征是能够在水下长时间自主航行，不受水面交通的干扰。这种交通工具具有高度的隐蔽性和强大的动力系统，它能够在深海的寂静中悄无声息地前进。它的设计考虑到了极端的水下环境，能够在高压和低温条件下保持正常运作。与其他同类交通工具相比，它的内部空间相对较小，但结构紧凑，能够在有限的空间内容纳必要的设备和人员。玩家4说：它是一种在轨道上运行的车辆，主要用于快速长途运输。它在该类交通工具中最突出的不同特征是通常拥有多个轮对，能够在直线轨道上高速行驶。你是第4号玩家，你的关键词是<火车>。你的回答中绝对不能包含你的关键词<火车>。这是第二轮描述，你之前的描述是它是一种在轨道上运行的车辆，主要用于快速长途运输。它在该类交通工具中最突出的不同特征是通常拥有多个轮对，能够在直线轨道上高速行驶。，注意，这局游戏的词语分类为<交通工具>，卧底词和平民词都属于该类，请你补充关于关键词的描述，注意，你的描述应该比起之前的描述更加贴近关键词，作为之前的补充
2024-12-13 16:43:56,512 - 4 - INFO - **********PLAYER4**********
这种交通工具以其在长途旅行中的高速性能而著称，能够在直线轨道上迅速穿越多个城市和国家。它通常拥有多个轮对，这保证了它在高速行驶时的稳定性和安全性。它的内部设施齐全，能够提供宽敞的乘客空间和舒适的座椅，以及必要的餐饮和娱乐设施，使得长途旅行更加舒适。此外，这种交通工具的运行准时性极高，是商务和休闲旅客的首选。
2024-12-13 16:46:03,970 - 4 - INFO - **********JUDGER**********
玩家1说：这是一种常见的陆上交通工具，用于载人或货物。它通常在铁路上行驶，具有固定的轨道。与其他交通工具相比，它在速度和稳定性方面有优势。这种交通工具以其能够承载大量乘客和货物而闻名，它的设计使得它在长途旅行中特别受欢迎。它的内部空间通常宽敞，能够提供舒适的乘坐体验。与其他陆上交通工具相比，它在保持连续性和准时性方面表现出色。玩家2说：这是一种在轨道上行驶的交通工具，能够搭载人员和货物。它在同类交通工具中以其高速和稳定性而著称。相比其他交通工具，它在速度和稳定性方面有显著优势，但相比某些同类，它可能在灵活性上稍逊一筹。这种交通工具以其高效的运输能力和强大的载重能力著称。它在同类交通工具中拥有最长的运行距离和最高的运输效率。它的设计注重安全性和耐用性，能够在各种气候条件下保持稳定运行。与传统的陆上交通工具相比，它能够提供更为平稳和舒适的乘坐体验。玩家3说：这是一种在水下行驶的交通工具，用于载人或执行军事任务。它在同类交通工具中最突出的不同特征是能够在水下长时间自主航行，不受水面交通的干扰。这种交通工具具有高度的隐蔽性和强大的动力系统，它能够在深海的寂静中悄无声息地前进。它的设计考虑到了极端的水下环境，能够在高压和低温条件下保持正常运作。与其他同类交通工具相比，它的内部空间相对较小，但结构紧凑，能够在有限的空间内容纳必要的设备和人员。玩家4说：它是一种在轨道上运行的车辆，主要用于快速长途运输。它在该类交通工具中最突出的不同特征是通常拥有多个轮对，能够在直线轨道上高速行驶。||在这个游戏中，我们需要通过分析每位玩家的描述来找出卧底。通常，平民的描述会围绕相同的词语展开，而卧底的描述可能会因为词语的不同而显得不太一致。我们需要仔细比较每个描述之间的相似性和差异性，以找出可能的卧底，注意，卧底并不会隐藏自己，他会直接描述他的词语，现在，逐一分析每个玩家的描述，注意，这局游戏的词语分类为<交通工具>，卧底词和平民词都属于该类。||之前是第2轮描述和之前轮数描述的合集。你之前认为的卧底是玩家3。
2024-12-13 16:46:19,314 - 4 - INFO - **********PLAYER4**********
根据第二轮描述和之前的分析，玩家1和玩家2的描述都集中在铁路上行驶的交通工具，强调了速度、稳定性、载重能力和舒适度，这与火车这一词语的特征相符。玩家4的描述虽然也提到了轨道和高速行驶，但没有像玩家1和玩家2那样详细描述载重能力和舒适度，但也没有明显的矛盾点。

玩家3的描述则提到了水下行驶的交通工具，这与火车完全不符，因为火车是陆上交通工具。玩家3的描述强调了隐蔽性、动力系统和极端环境下的运作能力，这些都是水下船只或潜艇的特征。

基于这些信息，玩家3的描述与火车这一平民词的特征不一致，因此我仍然认为玩家3是卧底。
2024-12-13 16:46:19,316 - 4 - INFO - **********JUDGER**********
你刚刚的分析是根据第二轮描述和之前的分析，玩家1和玩家2的描述都集中在铁路上行驶的交通工具，强调了速度、稳定性、载重能力和舒适度，这与火车这一词语的特征相符。玩家4的描述虽然也提到了轨道和高速行驶，但没有像玩家1和玩家2那样详细描述载重能力和舒适度，但也没有明显的矛盾点。

玩家3的描述则提到了水下行驶的交通工具，这与火车完全不符，因为火车是陆上交通工具。玩家3的描述强调了隐蔽性、动力系统和极端环境下的运作能力，这些都是水下船只或潜艇的特征。

基于这些信息，玩家3的描述与火车这一平民词的特征不一致，因此我仍然认为玩家3是卧底。|| `请根据上述分析，比较描述以找出不一致之处，注意，这局游戏的词语分类为<交通工具>，卧底词和平民词都属于该类。
2024-12-13 16:46:35,226 - 4 - INFO - **********PLAYER4**********
根据上述分析，我们可以比较描述中的一致性和不一致之处如下：

1. 一致性：
   - 玩家1和玩家2的描述都集中在铁路上行驶的交通工具，强调了速度、稳定性、载重能力和舒适度。
   - 玩家4的描述也提到了轨道和高速行驶，虽然不如玩家1和玩家2详细，但整体上与火车这一类交通工具的特征相符。

2. 不一致性：
   - 玩家3的描述提到了水下行驶的交通工具，这与铁路上行驶的火车特征不符。
   - 玩家3还强调了隐蔽性、动力系统和极端环境下的运作能力，这些特征与火车的陆地行驶和固定轨道的特性不匹配。

由于游戏词语分类为<交通工具>，且卧底词和平民词都属于该类，玩家3的描述中的水下行驶和极端环境特征与火车这一平民词不匹配，因此存在不一致之处。这表明玩家3的描述可能与卧底词更为接近。
2024-12-13 16:46:35,229 - 4 - INFO - **********JUDGER**********
你刚刚的分析是根据上述分析，我们可以比较描述中的一致性和不一致之处如下：

1. 一致性：
   - 玩家1和玩家2的描述都集中在铁路上行驶的交通工具，强调了速度、稳定性、载重能力和舒适度。
   - 玩家4的描述也提到了轨道和高速行驶，虽然不如玩家1和玩家2详细，但整体上与火车这一类交通工具的特征相符。

2. 不一致性：
   - 玩家3的描述提到了水下行驶的交通工具，这与铁路上行驶的火车特征不符。
   - 玩家3还强调了隐蔽性、动力系统和极端环境下的运作能力，这些特征与火车的陆地行驶和固定轨道的特性不匹配。

由于游戏词语分类为<交通工具>，且卧底词和平民词都属于该类，玩家3的描述中的水下行驶和极端环境特征与火车这一平民词不匹配，因此存在不一致之处。这表明玩家3的描述可能与卧底词更为接近。|| 请通过你分析的不一致之处，推断卧底身份，注意，这局游戏的词语分类为<交通工具>，卧底词和平民词都属于该类。
2024-12-13 16:46:39,510 - 4 - INFO - **********PLAYER4**********
基于分析的不一致之处，可以推断玩家3是卧底。因为玩家3的描述提到了“在水下行驶的交通工具”，这与火车这一铁路上行驶的交通工具特征不符。同时，玩家3描述的特征如“隐蔽性”、“强大的动力系统”和“能够在极端水下环境中保持正常运作”更符合潜艇等水下交通工具的特征，而不是火车。因此，玩家3的描述与火车这一平民词的特征不一致，更可能是卧底。
2024-12-13 16:46:39,511 - 4 - INFO - **********JUDGER**********
你刚刚的推断是基于分析的不一致之处，可以推断玩家3是卧底。因为玩家3的描述提到了“在水下行驶的交通工具”，这与火车这一铁路上行驶的交通工具特征不符。同时，玩家3描述的特征如“隐蔽性”、“强大的动力系统”和“能够在极端水下环境中保持正常运作”更符合潜艇等水下交通工具的特征，而不是火车。因此，玩家3的描述与火车这一平民词的特征不一致，更可能是卧底。|| 基于你刚刚的推断得出你的最终结论，请输出你认为的卧底，在这种情况下只需要输出编号，是1-4中的某个数字，不要输出其他信息。在这个过程不要进行任何推理，只对||以前的部分进行信息提取
2024-12-13 16:46:40,559 - 4 - INFO - **********PLAYER4**********
3
2024-12-13 16:46:55,943 - 4 - INFO - **********JUDGER**********
玩家1说：这是一种常见的陆上交通工具，用于载人或货物。它通常在铁路上行驶，具有固定的轨道。与其他交通工具相比，它在速度和稳定性方面有优势。这种交通工具以其能够承载大量乘客和货物而闻名，它的设计使得它在长途旅行中特别受欢迎。它的内部空间通常宽敞，能够提供舒适的乘坐体验。与其他陆上交通工具相比，它在保持连续性和准时性方面表现出色。这种交通工具以其强大的牵引力和高效的能量转换系统而著称，能够在长距离旅行中保持持续的动力输出。它的结构设计能够适应不同地形和气候条件，确保即使在极端天气下也能安全运行。此外，它的调度和运营系统高度自动化，确保了运输的高效性和准时性。玩家2说：这是一种在轨道上行驶的交通工具，能够搭载人员和货物。它在同类交通工具中以其高速和稳定性而著称。相比其他交通工具，它在速度和稳定性方面有显著优势，但相比某些同类，它可能在灵活性上稍逊一筹。这种交通工具以其高效的运输能力和强大的载重能力著称。它在同类交通工具中拥有最长的运行距离和最高的运输效率。它的设计注重安全性和耐用性，能够在各种气候条件下保持稳定运行。与传统的陆上交通工具相比，它能够提供更为平稳和舒适的乘坐体验。这种交通工具以其精准的调度和高效的能量利用而闻名，它能够在固定轨道上实现长距离的连续运输。它的构造确保了在高速运行时的稳定性和安全性，同时，它的车厢设计注重乘客的舒适性，提供宽敞的空间和便利的设施。这种交通工具的运行依赖于复杂的信号系统和精确的轨道维护，确保了高水平的准时性和可靠性。玩家3说：这是一种在水下行驶的交通工具，用于载人或执行军事任务。它在同类交通工具中最突出的不同特征是能够在水下长时间自主航行，不受水面交通的干扰。这种交通工具具有高度的隐蔽性和强大的动力系统，它能够在深海的寂静中悄无声息地前进。它的设计考虑到了极端的水下环境，能够在高压和低温条件下保持正常运作。与其他同类交通工具相比，它的内部空间相对较小，但结构紧凑，能够在有限的空间内容纳必要的设备和人员。这种交通工具在水下环境中展现出卓越的持久力和适应性，它的设计允许它穿越复杂的水下地形，同时保持高度的隐蔽性。它依赖于先进的推进系统和能源管理系统，能够在长时间内保持静音和高效。此外，它的通信和导航系统特别强大，能够在水下环境中进行精确的定位和通信。尽管内部空间有限，但它配备了必要的生存和生活支持系统，以确保船员和乘客在长时间任务中的舒适和安全。玩家4说：它是一种在轨道上运行的车辆，主要用于快速长途运输。它在该类交通工具中最突出的不同特征是通常拥有多个轮对，能够在直线轨道上高速行驶。这种交通工具以其在长途旅行中的高速性能而著称，能够在直线轨道上迅速穿越多个城市和国家。它通常拥有多个轮对，这保证了它在高速行驶时的稳定性和安全性。它的内部设施齐全，能够提供宽敞的乘客空间和舒适的座椅，以及必要的餐饮和娱乐设施，使得长途旅行更加舒适。此外，这种交通工具的运行准时性极高，是商务和休闲旅客的首选。你是第4号玩家，你的关键词是<火车>。你的回答中绝对不能包含你的关键词<火车>。这是第三轮描述，你之前的描述是它是一种在轨道上运行的车辆，主要用于快速长途运输。它在该类交通工具中最突出的不同特征是通常拥有多个轮对，能够在直线轨道上高速行驶。和这种交通工具以其在长途旅行中的高速性能而著称，能够在直线轨道上迅速穿越多个城市和国家。它通常拥有多个轮对，这保证了它在高速行驶时的稳定性和安全性。它的内部设施齐全，能够提供宽敞的乘客空间和舒适的座椅，以及必要的餐饮和娱乐设施，使得长途旅行更加舒适。此外，这种交通工具的运行准时性极高，是商务和休闲旅客的首选。，注意，这局游戏的词语分类为<交通工具>，卧底词和平民词都属于该类，请你补充关于关键词的描述，注意，你的描述应该比起之前的描述更加贴近关键词，作为之前的补充
2024-12-13 16:47:01,430 - 4 - INFO - **********PLAYER4**********
这种交通工具以其在直线轨道上的高效运输能力而闻名，能够在长途旅行中提供快速的连接不同地区的方式。它通常配备有先进的制动和加速系统，确保了即使在高速行驶时也能保持精确的控制。它的设计注重了能效和噪音控制，使得行驶过程中对环境的影响降至最低。此外，这种交通工具的维护成本相对较低，且由于其固定的轨道系统，能够在长时间内保持一致的性能和可靠性。
2024-12-13 16:48:59,393 - 4 - INFO - **********JUDGER**********
玩家1说：这是一种常见的陆上交通工具，用于载人或货物。它通常在铁路上行驶，具有固定的轨道。与其他交通工具相比，它在速度和稳定性方面有优势。这种交通工具以其能够承载大量乘客和货物而闻名，它的设计使得它在长途旅行中特别受欢迎。它的内部空间通常宽敞，能够提供舒适的乘坐体验。与其他陆上交通工具相比，它在保持连续性和准时性方面表现出色。这种交通工具以其强大的牵引力和高效的能量转换系统而著称，能够在长距离旅行中保持持续的动力输出。它的结构设计能够适应不同地形和气候条件，确保即使在极端天气下也能安全运行。此外，它的调度和运营系统高度自动化，确保了运输的高效性和准时性。玩家2说：这是一种在轨道上行驶的交通工具，能够搭载人员和货物。它在同类交通工具中以其高速和稳定性而著称。相比其他交通工具，它在速度和稳定性方面有显著优势，但相比某些同类，它可能在灵活性上稍逊一筹。这种交通工具以其高效的运输能力和强大的载重能力著称。它在同类交通工具中拥有最长的运行距离和最高的运输效率。它的设计注重安全性和耐用性，能够在各种气候条件下保持稳定运行。与传统的陆上交通工具相比，它能够提供更为平稳和舒适的乘坐体验。这种交通工具以其精准的调度和高效的能量利用而闻名，它能够在固定轨道上实现长距离的连续运输。它的构造确保了在高速运行时的稳定性和安全性，同时，它的车厢设计注重乘客的舒适性，提供宽敞的空间和便利的设施。这种交通工具的运行依赖于复杂的信号系统和精确的轨道维护，确保了高水平的准时性和可靠性。玩家3说：这是一种在水下行驶的交通工具，用于载人或执行军事任务。它在同类交通工具中最突出的不同特征是能够在水下长时间自主航行，不受水面交通的干扰。这种交通工具具有高度的隐蔽性和强大的动力系统，它能够在深海的寂静中悄无声息地前进。它的设计考虑到了极端的水下环境，能够在高压和低温条件下保持正常运作。与其他同类交通工具相比，它的内部空间相对较小，但结构紧凑，能够在有限的空间内容纳必要的设备和人员。这种交通工具在水下环境中展现出卓越的持久力和适应性，它的设计允许它穿越复杂的水下地形，同时保持高度的隐蔽性。它依赖于先进的推进系统和能源管理系统，能够在长时间内保持静音和高效。此外，它的通信和导航系统特别强大，能够在水下环境中进行精确的定位和通信。尽管内部空间有限，但它配备了必要的生存和生活支持系统，以确保船员和乘客在长时间任务中的舒适和安全。玩家4说：它是一种在轨道上运行的车辆，主要用于快速长途运输。它在该类交通工具中最突出的不同特征是通常拥有多个轮对，能够在直线轨道上高速行驶。这种交通工具以其在长途旅行中的高速性能而著称，能够在直线轨道上迅速穿越多个城市和国家。它通常拥有多个轮对，这保证了它在高速行驶时的稳定性和安全性。它的内部设施齐全，能够提供宽敞的乘客空间和舒适的座椅，以及必要的餐饮和娱乐设施，使得长途旅行更加舒适。此外，这种交通工具的运行准时性极高，是商务和休闲旅客的首选。这种交通工具以其在直线轨道上的高效运输能力而闻名，能够在长途旅行中提供快速的连接不同地区的方式。它通常配备有先进的制动和加速系统，确保了即使在高速行驶时也能保持精确的控制。它的设计注重了能效和噪音控制，使得行驶过程中对环境的影响降至最低。此外，这种交通工具的维护成本相对较低，且由于其固定的轨道系统，能够在长时间内保持一致的性能和可靠性。||在这个游戏中，我们需要通过分析每位玩家的描述来找出卧底。通常，平民的描述会围绕相同的词语展开，而卧底的描述可能会因为词语的不同而显得不太一致。我们需要仔细比较每个描述之间的相似性和差异性，以找出可能的卧底，注意，卧底并不会隐藏自己，他会直接描述他的词语，现在，逐一分析每个玩家的描述，注意，这局游戏的词语分类为<交通工具>，卧底词和平民词都属于该类。||之前是第3轮描述和之前轮数描述的合集。你之前认为的卧底是玩家3。
2024-12-13 16:49:10,457 - 4 - INFO - **********PLAYER4**********
根据第三轮描述和之前的分析，玩家1和玩家2的描述都非常详细地描述了铁路上行驶的交通工具，强调了其高速、稳定性、载重能力、舒适度、连续性、准时性、调度自动化、能效、噪音控制以及维护成本等方面，这些描述与火车这一词语的特征高度吻合。

玩家3的描述则提到了在水下行驶的交通工具，并强调了其隐蔽性、动力系统、适应极端水下环境的能力、持久力、适应性、推进系统、能源管理系统、通信和导航系统、生存和生活支持系统等特征，这些特征与火车不符，更像是潜艇或类似的水下交通工具。

玩家4的描述虽然也提到了在轨道上运行的车辆，但他的描述中并没有像玩家1和玩家2那样详细描述火车的特性，而是更多地强调了高速性能、多个轮对、舒适度、准时性、能效和噪音控制等方面，这些描述虽然与火车相关，但没有玩家1和玩家2的描述那样全面。

基于这些信息，玩家3的描述与火车这一平民词的特征不一致，因此我仍然认为玩家3是卧底。
2024-12-13 16:49:10,459 - 4 - INFO - **********JUDGER**********
你刚刚的分析是根据第三轮描述和之前的分析，玩家1和玩家2的描述都非常详细地描述了铁路上行驶的交通工具，强调了其高速、稳定性、载重能力、舒适度、连续性、准时性、调度自动化、能效、噪音控制以及维护成本等方面，这些描述与火车这一词语的特征高度吻合。

玩家3的描述则提到了在水下行驶的交通工具，并强调了其隐蔽性、动力系统、适应极端水下环境的能力、持久力、适应性、推进系统、能源管理系统、通信和导航系统、生存和生活支持系统等特征，这些特征与火车不符，更像是潜艇或类似的水下交通工具。

玩家4的描述虽然也提到了在轨道上运行的车辆，但他的描述中并没有像玩家1和玩家2那样详细描述火车的特性，而是更多地强调了高速性能、多个轮对、舒适度、准时性、能效和噪音控制等方面，这些描述虽然与火车相关，但没有玩家1和玩家2的描述那样全面。

基于这些信息，玩家3的描述与火车这一平民词的特征不一致，因此我仍然认为玩家3是卧底。|| `请根据上述分析，比较描述以找出不一致之处，注意，这局游戏的词语分类为<交通工具>，卧底词和平民词都属于该类。
2024-12-13 16:49:22,604 - 4 - INFO - **********PLAYER4**********
根据上述分析，我们可以比较描述中的一致性和不一致之处如下：

1. 一致性：
   - 玩家1和玩家2的描述都详细地描述了铁路上行驶的交通工具，包括其高速、稳定性、载重能力、舒适度、连续性、准时性、调度自动化、能效、噪音控制和维护成本等方面。
   - 玩家4的描述也提到了在轨道上运行的车辆，并强调了高速性能、多个轮对、舒适度、准时性、能效和噪音控制等方面，这些特征与火车相关。

2. 不一致性：
   - 玩家3的描述提到了在水下行驶的交通工具，这与铁路上行驶的火车特征不符。
   - 玩家3的描述中强调了隐蔽性、动力系统、适应极端水下环境的能力、持久力、适应性、推进系统、能源管理系统、通信和导航系统、生存和生活支持系统等特征，这些特征与火车的陆地行驶和固定轨道的特性不匹配。

由于游戏词语分类为<交通工具>，且卧底词和平民词都属于该类，玩家3的描述中的水下行驶和极端环境特征与火车这一平民词不匹配，因此存在不一致之处。这表明玩家3的描述可能与卧底词更为接近。
2024-12-13 16:49:22,609 - 4 - INFO - **********JUDGER**********
你刚刚的分析是根据上述分析，我们可以比较描述中的一致性和不一致之处如下：

1. 一致性：
   - 玩家1和玩家2的描述都详细地描述了铁路上行驶的交通工具，包括其高速、稳定性、载重能力、舒适度、连续性、准时性、调度自动化、能效、噪音控制和维护成本等方面。
   - 玩家4的描述也提到了在轨道上运行的车辆，并强调了高速性能、多个轮对、舒适度、准时性、能效和噪音控制等方面，这些特征与火车相关。

2. 不一致性：
   - 玩家3的描述提到了在水下行驶的交通工具，这与铁路上行驶的火车特征不符。
   - 玩家3的描述中强调了隐蔽性、动力系统、适应极端水下环境的能力、持久力、适应性、推进系统、能源管理系统、通信和导航系统、生存和生活支持系统等特征，这些特征与火车的陆地行驶和固定轨道的特性不匹配。

由于游戏词语分类为<交通工具>，且卧底词和平民词都属于该类，玩家3的描述中的水下行驶和极端环境特征与火车这一平民词不匹配，因此存在不一致之处。这表明玩家3的描述可能与卧底词更为接近。|| 请通过你分析的不一致之处，推断卧底身份，注意，这局游戏的词语分类为<交通工具>，卧底词和平民词都属于该类。
2024-12-13 16:49:24,283 - 4 - INFO - **********PLAYER4**********
3
2024-12-13 16:49:24,283 - 4 - INFO - **********JUDGER**********
你刚刚的推断是3|| 基于你刚刚的推断得出你的最终结论，请输出你认为的卧底，在这种情况下只需要输出编号，是1-4中的某个数字，不要输出其他信息。在这个过程不要进行任何推理，只对||以前的部分进行信息提取
2024-12-13 16:49:25,842 - 4 - INFO - **********PLAYER4**********
3
