2024-12-13 10:12:03,159 - 1 - INFO - **********JUDGER**********
让我们来玩一个叫做<谁是卧底>的推理游戏。基本规则：<人数>：4人。<角色分配>：每位玩家随机抽取一个词语，3名玩家拿到的词语是相同的（平民词），1名玩家拿到与之相近但不同的词语（卧底词）。<游戏流程>：1、玩家轮流描述自己的词语，但<不能>直接说出词语本身。2、描述完毕后，投票选出最像卧底的玩家。3、每轮结束后，被投票选出的玩家出局，不能再进行描述或投票。4、每轮投票结束后，如果卧底被成功找出，平民方获胜；如果卧底未被找出且卧底人数等于或超过平民人数，则卧底方获胜。你将扮演一个<玩家>，请等待你被分配到的关键词。如果你听懂了，只回答，"好的，我准备好参加游戏了"，不要输出别的信息
2024-12-13 10:12:03,667 - 1 - INFO - **********PLAYER1**********
好的，我准备好参加游戏了
2024-12-13 10:12:06,943 - 1 - INFO - **********JUDGER**********
玩家1说：玩家2说：玩家3说：玩家4说：|| 你是第1号玩家，你的关键词是<苹果>。你的回答中绝对不能包含你的关键词<苹果>。这是第一轮描述，不需要分析||之前别的玩家的描述，请你描述关键词基本特征，注意，这局游戏的词语分类为<水果>，卧底词和平民词都属于该类，描述包括以下两点，1.他的基本特征是什么2.他在该类（水果）中最突出不同的特征是什么，尽量简短
2024-12-13 10:12:07,737 - 1 - INFO - **********PLAYER1**********
它是一种多汁的果实，常见于秋季。在水果类中，它通常以其甜美的味道和鲜艳的颜色脱颖而出。
2024-12-13 10:12:10,582 - 1 - INFO - **********JUDGER**********
玩家1说：它是一种多汁的果实，常见于秋季。在水果类中，它通常以其甜美的味道和鲜艳的颜色脱颖而出。玩家2说：它是一种富含维生素的水果，通常呈圆形，皮薄肉厚。在同类水果中，它以其丰富的汁液和独特的香味而受到人们的喜爱。玩家3说：这是一种富含水分的水果，通常呈圆形，表面光滑。它在同类水果中以其甜美的味道和鲜艳的颜色最为引人注目。玩家4说：||在这个游戏中，我们需要通过分析每位玩家的描述来找出卧底。通常，平民的描述会围绕相同的词语展开，而卧底的描述可能会因为词语的不同而显得不太一致。我们需要仔细比较每个描述之间的相似性和差异性，以找出可能的卧底，注意，卧底并不会隐藏自己，他会直接描述他的词语，现在，逐一分析每个玩家的描述，注意，这局游戏的词语分类为<水果>，卧底词和平民词都属于该类。这是第一轮描述。
2024-12-13 10:12:12,418 - 1 - INFO - **********PLAYER1**********
我注意到我的描述与其他玩家的描述在基本特征上非常相似，都提到了甜美的味道、鲜艳的颜色、圆形的形状和丰富的汁液。然而，我的描述没有特别强调香味或皮薄肉厚，这些特征在玩家2和玩家3的描述中有所体现。因此，我认为我可能是卧底，因为我的描述可能没有完全符合普通苹果的特征。
2024-12-13 10:12:12,419 - 1 - INFO - **********JUDGER**********
你刚刚的分析是我注意到我的描述与其他玩家的描述在基本特征上非常相似，都提到了甜美的味道、鲜艳的颜色、圆形的形状和丰富的汁液。然而，我的描述没有特别强调香味或皮薄肉厚，这些特征在玩家2和玩家3的描述中有所体现。因此，我认为我可能是卧底，因为我的描述可能没有完全符合普通苹果的特征。|| `请根据上述分析，比较描述以找出不一致之处，注意，这局游戏的词语分类为<水果>，卧底词和平民词都属于该类。
2024-12-13 10:12:22,523 - 1 - INFO - **********PLAYER1**********
根据上述分析，我们可以比较每位玩家的描述以找出不一致之处：

1. 玩家1的描述：强调了多汁、秋季常见、甜美的味道和鲜艳的颜色。
2. 玩家2的描述：强调了富含维生素、圆形、皮薄肉厚、丰富的汁液和独特的香味。
3. 玩家3的描述：强调了富含水分、圆形、表面光滑、甜美的味道和鲜艳的颜色。
4. 玩家4的描述：强调了游戏规则和推理分析的过程，没有直接描述关键词的特征。

不一致之处：
- 玩家2和玩家3都提到了“皮薄肉厚”，这是一个特征，但玩家1和玩家4没有提到。
- 玩家2特别提到了“独特的香味”，而玩家1和玩家3没有提到香味。
- 玩家4的描述完全偏离了关键词的特征描述，而是转而讨论了游戏规则和推理过程。

基于这些不一致之处，玩家4的描述可能是卧底，因为他没有遵循其他玩家描述关键词特征的常规。而玩家2和玩家3的描述中包含了其他玩家未提及的特征，这可能表明他们持有相同的平民词。玩家1的描述与玩家2和玩家3相似，但没有提及香味，这可能意味着玩家1和玩家2、玩家3是平民，而玩家1可能是卧底，因为他没有强调香味这一特征。
2024-12-13 10:12:22,527 - 1 - INFO - **********JUDGER**********
你刚刚的分析是根据上述分析，我们可以比较每位玩家的描述以找出不一致之处：

1. 玩家1的描述：强调了多汁、秋季常见、甜美的味道和鲜艳的颜色。
2. 玩家2的描述：强调了富含维生素、圆形、皮薄肉厚、丰富的汁液和独特的香味。
3. 玩家3的描述：强调了富含水分、圆形、表面光滑、甜美的味道和鲜艳的颜色。
4. 玩家4的描述：强调了游戏规则和推理分析的过程，没有直接描述关键词的特征。

不一致之处：
- 玩家2和玩家3都提到了“皮薄肉厚”，这是一个特征，但玩家1和玩家4没有提到。
- 玩家2特别提到了“独特的香味”，而玩家1和玩家3没有提到香味。
- 玩家4的描述完全偏离了关键词的特征描述，而是转而讨论了游戏规则和推理过程。

基于这些不一致之处，玩家4的描述可能是卧底，因为他没有遵循其他玩家描述关键词特征的常规。而玩家2和玩家3的描述中包含了其他玩家未提及的特征，这可能表明他们持有相同的平民词。玩家1的描述与玩家2和玩家3相似，但没有提及香味，这可能意味着玩家1和玩家2、玩家3是平民，而玩家1可能是卧底，因为他没有强调香味这一特征。|| 请通过你分析的不一致之处，推断卧底身份，注意，这局游戏的词语分类为<水果>，卧底词和平民词都属于该类。
2024-12-13 10:12:26,563 - 1 - INFO - **********PLAYER1**********
根据我的分析，以下是我的推断：

- 玩家4的描述没有直接描述关键词的特征，而是讨论了游戏规则和推理过程，这与其他玩家的描述风格明显不同。因此，玩家4可能是卧底。
- 玩家2和玩家3的描述中都提到了“皮薄肉厚”和“独特的香味”，这些特征在玩家1的描述中没有出现。由于卧底词和平民词都属于水果类，且玩家2和玩家3的特征描述更具体，这可能意味着他们两人持有相同的平民词。
- 玩家1的描述与玩家2和玩家3的描述在基本特征上相似，但没有提及香味，这可能意味着玩家1和玩家2、玩家3是平民，而玩家1可能是卧底，因为他没有强调香味这一特征。

综上所述，根据描述的不一致之处，玩家4最有可能被推断为卧底。
2024-12-13 10:12:26,565 - 1 - INFO - **********JUDGER**********
你刚刚的推断是根据我的分析，以下是我的推断：

- 玩家4的描述没有直接描述关键词的特征，而是讨论了游戏规则和推理过程，这与其他玩家的描述风格明显不同。因此，玩家4可能是卧底。
- 玩家2和玩家3的描述中都提到了“皮薄肉厚”和“独特的香味”，这些特征在玩家1的描述中没有出现。由于卧底词和平民词都属于水果类，且玩家2和玩家3的特征描述更具体，这可能意味着他们两人持有相同的平民词。
- 玩家1的描述与玩家2和玩家3的描述在基本特征上相似，但没有提及香味，这可能意味着玩家1和玩家2、玩家3是平民，而玩家1可能是卧底，因为他没有强调香味这一特征。

综上所述，根据描述的不一致之处，玩家4最有可能被推断为卧底。|| 基于你刚刚的推断得出你的最终结论，请输出你认为的卧底，在这种情况下只需要输出编号，是1-4中的某个数字，不要输出其他信息。在这个过程不要进行任何推理，只对||以前的部分进行信息提取
2024-12-13 10:12:27,091 - 1 - INFO - **********PLAYER1**********
4
2024-12-13 10:13:31,450 - 1 - INFO - **********JUDGER**********
玩家1说：它是一种多汁的果实，常见于秋季。在水果类中，它通常以其甜美的味道和鲜艳的颜色脱颖而出。玩家2说：它是一种富含维生素的水果，通常呈圆形，皮薄肉厚。在同类水果中，它以其丰富的汁液和独特的香味而受到人们的喜爱。玩家3说：这是一种富含水分的水果，通常呈圆形，表面光滑。它在同类水果中以其甜美的味道和鲜艳的颜色最为引人注目。玩家4说：它是一种多汁的水果，通常呈橙色，含有丰富的维生素C。在同类水果中，它以其独特的酸甜味道和较高的水分含量而受到人们的喜爱。你是第1号玩家，你的关键词是<苹果>。你的回答中绝对不能包含你的关键词<苹果>。这是第二轮描述，你之前的描述是它是一种多汁的果实，常见于秋季。在水果类中，它通常以其甜美的味道和鲜艳的颜色脱颖而出。，注意，这局游戏的词语分类为<水果>，卧底词和平民词都属于该类，请你补充关于关键词的描述，注意，你的描述应该比起之前的描述更加贴近关键词，作为之前的补充
2024-12-13 10:13:32,792 - 1 - INFO - **********PLAYER1**********
这种水果的质地通常比较坚硬，切开后可以看到清晰的果肉结构。它适合作为零食或烹饪原料，因其营养丰富而受到广泛欢迎。
2024-12-13 10:13:41,486 - 1 - INFO - **********JUDGER**********
玩家1说：它是一种多汁的果实，常见于秋季。在水果类中，它通常以其甜美的味道和鲜艳的颜色脱颖而出。这种水果的质地通常比较坚硬，切开后可以看到清晰的果肉结构。它适合作为零食或烹饪原料，因其营养丰富而受到广泛欢迎。玩家2说：它是一种富含维生素的水果，通常呈圆形，皮薄肉厚。在同类水果中，它以其丰富的汁液和独特的香味而受到人们的喜爱。这种水果在秋季特别受欢迎，它的果实大而饱满，味道既甜美又略带酸味。它的口感脆爽，适合作为早餐搭配或单独食用。在烹饪中，它能够增添菜肴的风味，是非常多食谱中的常用食材。玩家3说：这是一种富含水分的水果，通常呈圆形，表面光滑。它在同类水果中以其甜美的味道和鲜艳的颜色最为引人注目。这种水果的果实较大，通常呈红色或绿色，有时也有黄色或粉色的变种。它的味道既甜又略带酸味，非常适合作为零食或搭配早餐。在烹饪中，它能够为菜肴增添丰富的口感和色彩，是很多食谱中不可或缺的食材。玩家4说：它是一种多汁的水果，通常呈橙色，含有丰富的维生素C。在同类水果中，它以其独特的酸甜味道和较高的水分含量而受到人们的喜爱。||在这个游戏中，我们需要通过分析每位玩家的描述来找出卧底。通常，平民的描述会围绕相同的词语展开，而卧底的描述可能会因为词语的不同而显得不太一致。我们需要仔细比较每个描述之间的相似性和差异性，以找出可能的卧底，注意，卧底并不会隐藏自己，他会直接描述他的词语，现在，逐一分析每个玩家的描述，注意，这局游戏的词语分类为<水果>，卧底词和平民词都属于该类。||之前是第2轮描述和之前轮数描述的合集。你之前认为的卧底是玩家4。
2024-12-13 10:13:46,180 - 1 - INFO - **********PLAYER1**********
我之前的推断是基于玩家4的描述中提到的“通常呈橙色”这一特征，这个描述与我所知道的苹果的特征不符，因为苹果通常是红色或绿色的。然而，现在来看，玩家1、玩家2和玩家3的描述都提到了苹果的一些典型特征，如甜美的味道、鲜艳的颜色、多汁、皮薄肉厚、丰富的汁液、独特的香味等，这些描述与苹果的特征非常吻合。

玩家4的描述虽然也提到了甜美的味道、酸甜味道、多汁等，但强调了“通常呈橙色”和“含有丰富的维生素C”，这些特征并不是苹果的典型描述。因此，根据这些信息，我之前的推断可能是正确的，玩家4的描述与苹果的典型特征不太一致，所以我认为玩家4可能是卧底。

现在，我没有新的信息来改变我的结论，所以我仍然认为玩家4是卧底。
2024-12-13 10:13:46,182 - 1 - INFO - **********JUDGER**********
你刚刚的分析是我之前的推断是基于玩家4的描述中提到的“通常呈橙色”这一特征，这个描述与我所知道的苹果的特征不符，因为苹果通常是红色或绿色的。然而，现在来看，玩家1、玩家2和玩家3的描述都提到了苹果的一些典型特征，如甜美的味道、鲜艳的颜色、多汁、皮薄肉厚、丰富的汁液、独特的香味等，这些描述与苹果的特征非常吻合。

玩家4的描述虽然也提到了甜美的味道、酸甜味道、多汁等，但强调了“通常呈橙色”和“含有丰富的维生素C”，这些特征并不是苹果的典型描述。因此，根据这些信息，我之前的推断可能是正确的，玩家4的描述与苹果的典型特征不太一致，所以我认为玩家4可能是卧底。

现在，我没有新的信息来改变我的结论，所以我仍然认为玩家4是卧底。|| `请根据上述分析，比较描述以找出不一致之处，注意，这局游戏的词语分类为<水果>，卧底词和平民词都属于该类。
2024-12-13 10:13:53,123 - 1 - INFO - **********PLAYER1**********
根据上述分析，我们可以比较每位玩家的描述以找出不一致之处：

1. 玩家1的描述：提到了多汁、秋季常见、甜美的味道、鲜艳的颜色、质地坚硬、适合作为零食或烹饪原料。
2. 玩家2的描述：提到了富含维生素、圆形、皮薄肉厚、丰富的汁液、独特的香味、秋季特别受欢迎、味道甜美略带酸味、口感脆爽、适合早餐搭配、烹饪中增添风味。
3. 玩家3的描述：提到了富含水分、圆形、表面光滑、甜美的味道、鲜艳的颜色、果实大、通常呈红色或绿色、有时有黄色或粉色的变种、味道甜又略带酸味、适合作为零食或搭配早餐、烹饪中增添丰富的口感和色彩。
4. 玩家4的描述：提到了多汁、通常呈橙色、含有丰富的维生素C、独特的酸甜味道、较高的水分含量。

不一致之处：
- 玩家4的描述中提到了“通常呈橙色”，而其他玩家没有提到颜色，且苹果通常不是橙色的。
- 玩家4的描述中提到了“含有丰富的维生素C”，这是一个特征，但其他玩家没有特别强调这一点。
- 玩家4的描述中提到了“独特的酸甜味道”和“较高的水分含量”，这些特征在玩家2和玩家3的描述中没有特别提及。

基于这些不一致之处，玩家4的描述在颜色和维生素C的强调上与其他玩家的描述有所不同，这可能是卧底的特征。
2024-12-13 10:13:53,127 - 1 - INFO - **********JUDGER**********
你刚刚的分析是根据上述分析，我们可以比较每位玩家的描述以找出不一致之处：

1. 玩家1的描述：提到了多汁、秋季常见、甜美的味道、鲜艳的颜色、质地坚硬、适合作为零食或烹饪原料。
2. 玩家2的描述：提到了富含维生素、圆形、皮薄肉厚、丰富的汁液、独特的香味、秋季特别受欢迎、味道甜美略带酸味、口感脆爽、适合早餐搭配、烹饪中增添风味。
3. 玩家3的描述：提到了富含水分、圆形、表面光滑、甜美的味道、鲜艳的颜色、果实大、通常呈红色或绿色、有时有黄色或粉色的变种、味道甜又略带酸味、适合作为零食或搭配早餐、烹饪中增添丰富的口感和色彩。
4. 玩家4的描述：提到了多汁、通常呈橙色、含有丰富的维生素C、独特的酸甜味道、较高的水分含量。

不一致之处：
- 玩家4的描述中提到了“通常呈橙色”，而其他玩家没有提到颜色，且苹果通常不是橙色的。
- 玩家4的描述中提到了“含有丰富的维生素C”，这是一个特征，但其他玩家没有特别强调这一点。
- 玩家4的描述中提到了“独特的酸甜味道”和“较高的水分含量”，这些特征在玩家2和玩家3的描述中没有特别提及。

基于这些不一致之处，玩家4的描述在颜色和维生素C的强调上与其他玩家的描述有所不同，这可能是卧底的特征。|| 请通过你分析的不一致之处，推断卧底身份，注意，这局游戏的词语分类为<水果>，卧底词和平民词都属于该类。
2024-12-13 10:14:01,306 - 1 - INFO - **********PLAYER1**********
基于分析的不一致之处，我推断玩家4是卧底。以下是具体的推断理由：

1. 玩家4描述的“通常呈橙色”与苹果的典型特征不符，因为苹果通常不是橙色的，而是红色、绿色或其他颜色。
2. 玩家4特别强调了“含有丰富的维生素C”，虽然这是一个水果可能具有的特征，但其他玩家没有特别提及这一点，这表明玩家4可能持有的不是普通的苹果。
3. 玩家4还提到了“独特的酸甜味道”和“较高的水分含量”，这些特征在玩家2和玩家3的描述中没有特别强调，这进一步支持了玩家4可能是卧底的推断。

综合以上点，玩家4的描述在多个关键特征上与其他玩家的描述不一致，因此我推断玩家4是卧底。
2024-12-13 10:14:01,309 - 1 - INFO - **********JUDGER**********
你刚刚的推断是基于分析的不一致之处，我推断玩家4是卧底。以下是具体的推断理由：

1. 玩家4描述的“通常呈橙色”与苹果的典型特征不符，因为苹果通常不是橙色的，而是红色、绿色或其他颜色。
2. 玩家4特别强调了“含有丰富的维生素C”，虽然这是一个水果可能具有的特征，但其他玩家没有特别提及这一点，这表明玩家4可能持有的不是普通的苹果。
3. 玩家4还提到了“独特的酸甜味道”和“较高的水分含量”，这些特征在玩家2和玩家3的描述中没有特别强调，这进一步支持了玩家4可能是卧底的推断。

综合以上点，玩家4的描述在多个关键特征上与其他玩家的描述不一致，因此我推断玩家4是卧底。|| 基于你刚刚的推断得出你的最终结论，请输出你认为的卧底，在这种情况下只需要输出编号，是1-4中的某个数字，不要输出其他信息。在这个过程不要进行任何推理，只对||以前的部分进行信息提取
2024-12-13 10:14:02,417 - 1 - INFO - **********PLAYER1**********
4
2024-12-13 10:15:07,309 - 1 - INFO - **********JUDGER**********
玩家1说：它是一种多汁的果实，常见于秋季。在水果类中，它通常以其甜美的味道和鲜艳的颜色脱颖而出。这种水果的质地通常比较坚硬，切开后可以看到清晰的果肉结构。它适合作为零食或烹饪原料，因其营养丰富而受到广泛欢迎。玩家2说：它是一种富含维生素的水果，通常呈圆形，皮薄肉厚。在同类水果中，它以其丰富的汁液和独特的香味而受到人们的喜爱。这种水果在秋季特别受欢迎，它的果实大而饱满，味道既甜美又略带酸味。它的口感脆爽，适合作为早餐搭配或单独食用。在烹饪中，它能够增添菜肴的风味，是非常多食谱中的常用食材。玩家3说：这是一种富含水分的水果，通常呈圆形，表面光滑。它在同类水果中以其甜美的味道和鲜艳的颜色最为引人注目。这种水果的果实较大，通常呈红色或绿色，有时也有黄色或粉色的变种。它的味道既甜又略带酸味，非常适合作为零食或搭配早餐。在烹饪中，它能够为菜肴增添丰富的口感和色彩，是很多食谱中不可或缺的食材。玩家4说：它是一种多汁的水果，通常呈橙色，含有丰富的维生素C。在同类水果中，它以其独特的酸甜味道和较高的水分含量而受到人们的喜爱。这种水果的皮薄易剥，果肉细腻，含有许多小籽。它的香味清新，能够在空气中弥漫开来，吸引人的注意力。在烹饪中，它可以作为调味品，增添食物的香气和风味。这种水果通常在冬季成熟，是很多家庭餐桌上的常客。你是第1号玩家，你的关键词是<苹果>。你的回答中绝对不能包含你的关键词<苹果>。这是第三轮描述，你之前的描述是它是一种多汁的果实，常见于秋季。在水果类中，它通常以其甜美的味道和鲜艳的颜色脱颖而出。和这种水果的质地通常比较坚硬，切开后可以看到清晰的果肉结构。它适合作为零食或烹饪原料，因其营养丰富而受到广泛欢迎。，注意，这局游戏的词语分类为<水果>，卧底词和平民词都属于该类，请你补充关于关键词的描述，注意，你的描述应该比起之前的描述更加贴近关键词，作为之前的补充
2024-12-13 10:15:10,563 - 1 - INFO - **********PLAYER1**********
这种水果的口感在咬下去时会发出清脆的声音，释放出丰富的果汁，同时它的核位于果实的中心，周围是紧密排列的果肉。这种水果在成熟时，其香气会逐渐增强，吸引人们的食欲。它不仅适合生食，还可以通过烘焙、榨汁等多种方式烹饪，是日常饮食中不可或缺的一部分。
2024-12-13 10:15:26,662 - 1 - INFO - **********JUDGER**********
玩家1说：它是一种多汁的果实，常见于秋季。在水果类中，它通常以其甜美的味道和鲜艳的颜色脱颖而出。这种水果的质地通常比较坚硬，切开后可以看到清晰的果肉结构。它适合作为零食或烹饪原料，因其营养丰富而受到广泛欢迎。这种水果的口感在咬下去时会发出清脆的声音，释放出丰富的果汁，同时它的核位于果实的中心，周围是紧密排列的果肉。这种水果在成熟时，其香气会逐渐增强，吸引人们的食欲。它不仅适合生食，还可以通过烘焙、榨汁等多种方式烹饪，是日常饮食中不可或缺的一部分。玩家2说：它是一种富含维生素的水果，通常呈圆形，皮薄肉厚。在同类水果中，它以其丰富的汁液和独特的香味而受到人们的喜爱。这种水果在秋季特别受欢迎，它的果实大而饱满，味道既甜美又略带酸味。它的口感脆爽，适合作为早餐搭配或单独食用。在烹饪中，它能够增添菜肴的风味，是非常多食谱中的常用食材。这种水果的形状规整，质地坚实，切开后汁液丰富，果肉紧密。它的风味多变，从微甜到酸甜不等，这种多层次的口感使得它在水果中独树一帜。它的季节性很强，尤其在秋季，果实成熟时香气四溢，成为人们喜爱的天然零食和烹饪佳品。玩家3说：这是一种富含水分的水果，通常呈圆形，表面光滑。它在同类水果中以其甜美的味道和鲜艳的颜色最为引人注目。这种水果的果实较大，通常呈红色或绿色，有时也有黄色或粉色的变种。它的味道既甜又略带酸味，非常适合作为零食或搭配早餐。在烹饪中，它能够为菜肴增添丰富的口感和色彩，是很多食谱中不可或缺的食材。这种水果的果实形状规则，质地坚实，通常在成熟时呈现出鲜艳的红色或绿色，有时也有黄色或粉色的变种。它的味道通常既甜又略带酸味，适合作为零食或早餐搭配。在烹饪中，这种水果能够为菜肴增添丰富的口感和色彩，是许多食谱中的常用食材。它的香味清新，能够吸引人的注意力，而且通常在秋季成熟，是日常饮食中不可或缺的一部分。玩家4说：它是一种多汁的水果，通常呈橙色，含有丰富的维生素C。在同类水果中，它以其独特的酸甜味道和较高的水分含量而受到人们的喜爱。这种水果的皮薄易剥，果肉细腻，含有许多小籽。它的香味清新，能够在空气中弥漫开来，吸引人的注意力。在烹饪中，它可以作为调味品，增添食物的香气和风味。这种水果通常在冬季成熟，是很多家庭餐桌上的常客。这种水果的果皮光滑，色泽鲜艳，通常呈橙色或黄色，有时也可见到绿色或粉色的变种。它的果肉柔软多汁，酸中带甜，含有一定数量的籽，但口感上并不妨碍食用。这种水果的香气浓郁，能够刺激食欲，非常适合作为开胃小食或搭配茶饮。在烹饪中，它不仅能增加食物的风味，还能增添色彩，是许多菜肴的亮点。||在这个游戏中，我们需要通过分析每位玩家的描述来找出卧底。通常，平民的描述会围绕相同的词语展开，而卧底的描述可能会因为词语的不同而显得不太一致。我们需要仔细比较每个描述之间的相似性和差异性，以找出可能的卧底，注意，卧底并不会隐藏自己，他会直接描述他的词语，现在，逐一分析每个玩家的描述，注意，这局游戏的词语分类为<水果>，卧底词和平民词都属于该类。||之前是第3轮描述和之前轮数描述的合集。你之前认为的卧底是玩家4。
2024-12-13 10:15:34,373 - 1 - INFO - **********PLAYER1**********
根据玩家们的描述，以下是我对卧底的进一步分析：

- 玩家1的描述中提到了果实多汁、质地坚硬、适合生食和烹饪，这些特征与苹果相符。
- 玩家2的描述中也提到了果实多汁、皮薄肉厚、适合生食和烹饪，同样与苹果的特征一致。
- 玩家3的描述强调了果实富含水分、甜又略带酸味、适合生食和烹饪，这些也是苹果的典型特征。
- 玩家4的描述中提到了果实多汁、呈橙色、含有丰富的维生素C、酸中带甜、通常在冬季成熟，这些特征与苹果不太一致，尤其是颜色的描述。

尽管玩家4的描述中提到了“通常在冬季成熟”，这与苹果的秋季成熟特征不符，但玩家1、玩家2和玩家3的描述在多个关键点上都与苹果的特征相吻合。玩家4的描述在颜色和成熟季节上与苹果的特征有显著差异，这强化了玩家4作为卧底的嫌疑。

因此，基于这些信息，我仍然认为玩家4是卧底。
2024-12-13 10:15:34,376 - 1 - INFO - **********JUDGER**********
你刚刚的分析是根据玩家们的描述，以下是我对卧底的进一步分析：

- 玩家1的描述中提到了果实多汁、质地坚硬、适合生食和烹饪，这些特征与苹果相符。
- 玩家2的描述中也提到了果实多汁、皮薄肉厚、适合生食和烹饪，同样与苹果的特征一致。
- 玩家3的描述强调了果实富含水分、甜又略带酸味、适合生食和烹饪，这些也是苹果的典型特征。
- 玩家4的描述中提到了果实多汁、呈橙色、含有丰富的维生素C、酸中带甜、通常在冬季成熟，这些特征与苹果不太一致，尤其是颜色的描述。

尽管玩家4的描述中提到了“通常在冬季成熟”，这与苹果的秋季成熟特征不符，但玩家1、玩家2和玩家3的描述在多个关键点上都与苹果的特征相吻合。玩家4的描述在颜色和成熟季节上与苹果的特征有显著差异，这强化了玩家4作为卧底的嫌疑。

因此，基于这些信息，我仍然认为玩家4是卧底。|| `请根据上述分析，比较描述以找出不一致之处，注意，这局游戏的词语分类为<水果>，卧底词和平民词都属于该类。
2024-12-13 10:15:42,745 - 1 - INFO - **********PLAYER1**********
词分类为<水果>，卧底词和平民词都属于该类。以下是我比较描述时注意到的不一致之处：

1. 玩家1、玩家2和玩家3的描述都提到了果实多汁、甜美的味道、适合生食和烹饪等特征，而玩家4的描述中虽然也提到了多汁和酸甜味道，但特别强调了果实的颜色为橙色和成熟季节为冬季。
2. 玩家4的描述中提到了果实含有丰富的维生素C，而其他玩家的描述中没有特别强调这一点。
3. 玩家4的描述中提到了果实的香味清新，能够在空气中弥漫开来，而其他玩家没有提及香味。

基于这些不一致之处，玩家4的描述在颜色、成熟季节和香味上与其他玩家的描述有所不同，这可能是卧底的特征。
2024-12-13 10:15:42,746 - 1 - INFO - **********JUDGER**********
你刚刚的分析是词分类为<水果>，卧底词和平民词都属于该类。以下是我比较描述时注意到的不一致之处：

1. 玩家1、玩家2和玩家3的描述都提到了果实多汁、甜美的味道、适合生食和烹饪等特征，而玩家4的描述中虽然也提到了多汁和酸甜味道，但特别强调了果实的颜色为橙色和成熟季节为冬季。
2. 玩家4的描述中提到了果实含有丰富的维生素C，而其他玩家的描述中没有特别强调这一点。
3. 玩家4的描述中提到了果实的香味清新，能够在空气中弥漫开来，而其他玩家没有提及香味。

基于这些不一致之处，玩家4的描述在颜色、成熟季节和香味上与其他玩家的描述有所不同，这可能是卧底的特征。|| 请通过你分析的不一致之处，推断卧底身份，注意，这局游戏的词语分类为<水果>，卧底词和平民词都属于该类。
2024-12-13 10:15:48,996 - 1 - INFO - **********PLAYER1**********
基于分析的不一致之处，我推断玩家4是卧底。以下是具体的推断理由：

1. 玩家4描述的果实颜色为橙色，这与苹果的典型颜色（红色、绿色或黄色）不符。
2. 玩家4特别提到了果实含有丰富的维生素C，而其他玩家没有特别强调这一特征。
3. 玩家4描述的果实成熟季节为冬季，而苹果通常在秋季成熟。

这些特征与苹果的典型特征不一致，因此我认为玩家4可能是持有与苹果不同词语的卧底。
2024-12-13 10:15:48,997 - 1 - INFO - **********JUDGER**********
你刚刚的推断是基于分析的不一致之处，我推断玩家4是卧底。以下是具体的推断理由：

1. 玩家4描述的果实颜色为橙色，这与苹果的典型颜色（红色、绿色或黄色）不符。
2. 玩家4特别提到了果实含有丰富的维生素C，而其他玩家没有特别强调这一特征。
3. 玩家4描述的果实成熟季节为冬季，而苹果通常在秋季成熟。

这些特征与苹果的典型特征不一致，因此我认为玩家4可能是持有与苹果不同词语的卧底。|| 基于你刚刚的推断得出你的最终结论，请输出你认为的卧底，在这种情况下只需要输出编号，是1-4中的某个数字，不要输出其他信息。在这个过程不要进行任何推理，只对||以前的部分进行信息提取
2024-12-13 10:15:50,136 - 1 - INFO - **********PLAYER1**********
4
