2024-12-13 10:12:04,181 - 2 - INFO - **********JUDGER**********
让我们来玩一个叫做<谁是卧底>的推理游戏。基本规则：<人数>：4人。<角色分配>：每位玩家随机抽取一个词语，3名玩家拿到的词语是相同的（平民词），1名玩家拿到与之相近但不同的词语（卧底词）。<游戏流程>：1、玩家轮流描述自己的词语，但<不能>直接说出词语本身。2、描述完毕后，投票选出最像卧底的玩家。3、每轮结束后，被投票选出的玩家出局，不能再进行描述或投票。4、每轮投票结束后，如果卧底被成功找出，平民方获胜；如果卧底未被找出且卧底人数等于或超过平民人数，则卧底方获胜。你将扮演一个<玩家>，请等待你被分配到的关键词。如果你听懂了，只回答，"好的，我准备好参加游戏了"，不要输出别的信息
2024-12-13 10:12:04,659 - 2 - INFO - **********PLAYER2**********
好的，我准备好参加游戏了
2024-12-13 10:12:07,737 - 2 - INFO - **********JUDGER**********
玩家1说：它是一种多汁的果实，常见于秋季。在水果类中，它通常以其甜美的味道和鲜艳的颜色脱颖而出。玩家2说：玩家3说：玩家4说：|| 你是第2号玩家，你的关键词是<苹果>。你的回答中绝对不能包含你的关键词<苹果>。这是第一轮描述，不需要分析||之前别的玩家的描述，请你描述关键词基本特征，注意，这局游戏的词语分类为<水果>，卧底词和平民词都属于该类，描述包括以下两点，1.他的基本特征是什么2.他在该类（水果）中最突出不同的特征是什么，尽量简短
2024-12-13 10:12:08,679 - 2 - INFO - **********PLAYER2**********
它是一种富含维生素的水果，通常呈圆形，皮薄肉厚。在同类水果中，它以其丰富的汁液和独特的香味而受到人们的喜爱。
2024-12-13 10:12:27,091 - 2 - INFO - **********JUDGER**********
玩家1说：它是一种多汁的果实，常见于秋季。在水果类中，它通常以其甜美的味道和鲜艳的颜色脱颖而出。玩家2说：它是一种富含维生素的水果，通常呈圆形，皮薄肉厚。在同类水果中，它以其丰富的汁液和独特的香味而受到人们的喜爱。玩家3说：这是一种富含水分的水果，通常呈圆形，表面光滑。它在同类水果中以其甜美的味道和鲜艳的颜色最为引人注目。玩家4说：||在这个游戏中，我们需要通过分析每位玩家的描述来找出卧底。通常，平民的描述会围绕相同的词语展开，而卧底的描述可能会因为词语的不同而显得不太一致。我们需要仔细比较每个描述之间的相似性和差异性，以找出可能的卧底，注意，卧底并不会隐藏自己，他会直接描述他的词语，现在，逐一分析每个玩家的描述，注意，这局游戏的词语分类为<水果>，卧底词和平民词都属于该类。这是第一轮描述。
2024-12-13 10:12:29,935 - 2 - INFO - **********PLAYER2**********
作为玩家2，我会这样分析：

玩家1和玩家3的描述都提到了“多汁”、“甜美的味道”、“鲜艳的颜色”，这与苹果的特征相符。玩家4的描述也提到了“富含水分”、“甜美的味道”、“鲜艳的颜色”，这与苹果的特征也相吻合。

然而，我的描述强调了“富含维生素”和“独特的香味”，这些特征虽然也与苹果有关，但并不是苹果最突出的特征。苹果最突出的特征通常是它的甜味和色泽，而不仅仅是维生素含量。

基于这些信息，我的描述与苹果的描述在突出特征上有所不同，这可能会引起怀疑。因此，我可能会在投票时被选为卧底候选人。
2024-12-13 10:12:29,937 - 2 - INFO - **********JUDGER**********
你刚刚的分析是作为玩家2，我会这样分析：

玩家1和玩家3的描述都提到了“多汁”、“甜美的味道”、“鲜艳的颜色”，这与苹果的特征相符。玩家4的描述也提到了“富含水分”、“甜美的味道”、“鲜艳的颜色”，这与苹果的特征也相吻合。

然而，我的描述强调了“富含维生素”和“独特的香味”，这些特征虽然也与苹果有关，但并不是苹果最突出的特征。苹果最突出的特征通常是它的甜味和色泽，而不仅仅是维生素含量。

基于这些信息，我的描述与苹果的描述在突出特征上有所不同，这可能会引起怀疑。因此，我可能会在投票时被选为卧底候选人。|| `请根据上述分析，比较描述以找出不一致之处，注意，这局游戏的词语分类为<水果>，卧底词和平民词都属于该类。
2024-12-13 10:12:37,833 - 2 - INFO - **********PLAYER2**********
根据上述分析，我们可以比较每位玩家的描述，寻找不一致之处：

- 玩家1的描述提到了“多汁的果实”、“甜美的味道”和“鲜艳的颜色”，这些都是苹果的特征。
- 玩家2的描述提到了“富含维生素的水果”、“圆形”、“皮薄肉厚”和“独特的香味”，这里虽然提到了“富含维生素”，但苹果最突出的特征通常是甜味和色泽，而不是维生素含量。
- 玩家3的描述提到了“富含水分的水果”、“圆形”、“表面光滑”和“甜美的味道”，这里的“富含水分”和“甜美的味道”与苹果相符，但“表面光滑”可能不完全准确，因为苹果的表面可能有纹路。
- 玩家4的描述提到了“富含水分的水果”、“甜美的味道”、“鲜艳的颜色”，这与苹果的特征相符。

不一致之处在于：
- 玩家2的描述中，虽然提到了苹果的维生素含量和香味，但没有强调苹果最突出的甜味和色泽。
- 玩家3的描述中，虽然提到了苹果的甜味和色泽，但“表面光滑”这一特征可能不准确，因为苹果表面通常不是完全光滑的。

这些不一致之处可能会使玩家怀疑玩家2和玩家3的描述，尤其是玩家2的描述，因为它没有强调苹果最明显的特征。因此，玩家2和玩家3可能是卧底候选人的候选人。
2024-12-13 10:12:37,835 - 2 - INFO - **********JUDGER**********
你刚刚的分析是根据上述分析，我们可以比较每位玩家的描述，寻找不一致之处：

- 玩家1的描述提到了“多汁的果实”、“甜美的味道”和“鲜艳的颜色”，这些都是苹果的特征。
- 玩家2的描述提到了“富含维生素的水果”、“圆形”、“皮薄肉厚”和“独特的香味”，这里虽然提到了“富含维生素”，但苹果最突出的特征通常是甜味和色泽，而不是维生素含量。
- 玩家3的描述提到了“富含水分的水果”、“圆形”、“表面光滑”和“甜美的味道”，这里的“富含水分”和“甜美的味道”与苹果相符，但“表面光滑”可能不完全准确，因为苹果的表面可能有纹路。
- 玩家4的描述提到了“富含水分的水果”、“甜美的味道”、“鲜艳的颜色”，这与苹果的特征相符。

不一致之处在于：
- 玩家2的描述中，虽然提到了苹果的维生素含量和香味，但没有强调苹果最突出的甜味和色泽。
- 玩家3的描述中，虽然提到了苹果的甜味和色泽，但“表面光滑”这一特征可能不准确，因为苹果表面通常不是完全光滑的。

这些不一致之处可能会使玩家怀疑玩家2和玩家3的描述，尤其是玩家2的描述，因为它没有强调苹果最明显的特征。因此，玩家2和玩家3可能是卧底候选人的候选人。|| 请通过你分析的不一致之处，推断卧底身份，注意，这局游戏的词语分类为<水果>，卧底词和平民词都属于该类。
2024-12-13 10:12:44,701 - 2 - INFO - **********PLAYER2**********
根据分析的不一致之处，我们可以进行以下推断：

- 玩家2的描述中，虽然提到了“富含维生素”和“独特的香味”，但没有强调苹果的甜味和色泽，这是苹果最突出的特征。这可能意味着玩家2的词语可能不是苹果，而是另一种含有较多维生素或具有独特香味的果实，比如柑橘类水果。
- 玩家3的描述中，虽然提到了苹果的甜味和色泽，但将苹果描述为“表面光滑”是不准确的，因为苹果的表面通常有纹路。这可能表明玩家3的描述中存在误导，暗示他的词语可能是与苹果相似但表面特征不同的水果，如橙子。

考虑到这些分析，玩家2和玩家3的描述都存在与苹果特征不符的地方，但玩家2的描述在强调苹果的甜味和色泽上更为明显地偏离了苹果的特征。因此，根据描述的不一致性和误导性，玩家2更有可能是卧底。玩家3的描述虽然也有不一致之处，但玩家2的描述似乎更符合卧底的特征，即故意提供不完整或误导性的信息。所以，我推断玩家2是卧底。
2024-12-13 10:12:44,702 - 2 - INFO - **********JUDGER**********
你刚刚的推断是根据分析的不一致之处，我们可以进行以下推断：

- 玩家2的描述中，虽然提到了“富含维生素”和“独特的香味”，但没有强调苹果的甜味和色泽，这是苹果最突出的特征。这可能意味着玩家2的词语可能不是苹果，而是另一种含有较多维生素或具有独特香味的果实，比如柑橘类水果。
- 玩家3的描述中，虽然提到了苹果的甜味和色泽，但将苹果描述为“表面光滑”是不准确的，因为苹果的表面通常有纹路。这可能表明玩家3的描述中存在误导，暗示他的词语可能是与苹果相似但表面特征不同的水果，如橙子。

考虑到这些分析，玩家2和玩家3的描述都存在与苹果特征不符的地方，但玩家2的描述在强调苹果的甜味和色泽上更为明显地偏离了苹果的特征。因此，根据描述的不一致性和误导性，玩家2更有可能是卧底。玩家3的描述虽然也有不一致之处，但玩家2的描述似乎更符合卧底的特征，即故意提供不完整或误导性的信息。所以，我推断玩家2是卧底。|| 基于你刚刚的推断得出你的最终结论，请输出你认为的卧底，在这种情况下只需要输出编号，是1-4中的某个数字，不要输出其他信息。在这个过程不要进行任何推理，只对||以前的部分进行信息提取
2024-12-13 10:12:45,299 - 2 - INFO - **********PLAYER2**********
2
2024-12-13 10:13:32,793 - 2 - INFO - **********JUDGER**********
玩家1说：它是一种多汁的果实，常见于秋季。在水果类中，它通常以其甜美的味道和鲜艳的颜色脱颖而出。这种水果的质地通常比较坚硬，切开后可以看到清晰的果肉结构。它适合作为零食或烹饪原料，因其营养丰富而受到广泛欢迎。玩家2说：它是一种富含维生素的水果，通常呈圆形，皮薄肉厚。在同类水果中，它以其丰富的汁液和独特的香味而受到人们的喜爱。玩家3说：这是一种富含水分的水果，通常呈圆形，表面光滑。它在同类水果中以其甜美的味道和鲜艳的颜色最为引人注目。玩家4说：它是一种多汁的水果，通常呈橙色，含有丰富的维生素C。在同类水果中，它以其独特的酸甜味道和较高的水分含量而受到人们的喜爱。你是第2号玩家，你的关键词是<苹果>。你的回答中绝对不能包含你的关键词<苹果>。这是第二轮描述，你之前的描述是它是一种富含维生素的水果，通常呈圆形，皮薄肉厚。在同类水果中，它以其丰富的汁液和独特的香味而受到人们的喜爱。，注意，这局游戏的词语分类为<水果>，卧底词和平民词都属于该类，请你补充关于关键词的描述，注意，你的描述应该比起之前的描述更加贴近关键词，作为之前的补充
2024-12-13 10:13:35,639 - 2 - INFO - **********PLAYER2**********
这种水果在秋季特别受欢迎，它的果实大而饱满，味道既甜美又略带酸味。它的口感脆爽，适合作为早餐搭配或单独食用。在烹饪中，它能够增添菜肴的风味，是非常多食谱中的常用食材。
2024-12-13 10:14:02,425 - 2 - INFO - **********JUDGER**********
玩家1说：它是一种多汁的果实，常见于秋季。在水果类中，它通常以其甜美的味道和鲜艳的颜色脱颖而出。这种水果的质地通常比较坚硬，切开后可以看到清晰的果肉结构。它适合作为零食或烹饪原料，因其营养丰富而受到广泛欢迎。玩家2说：它是一种富含维生素的水果，通常呈圆形，皮薄肉厚。在同类水果中，它以其丰富的汁液和独特的香味而受到人们的喜爱。这种水果在秋季特别受欢迎，它的果实大而饱满，味道既甜美又略带酸味。它的口感脆爽，适合作为早餐搭配或单独食用。在烹饪中，它能够增添菜肴的风味，是非常多食谱中的常用食材。玩家3说：这是一种富含水分的水果，通常呈圆形，表面光滑。它在同类水果中以其甜美的味道和鲜艳的颜色最为引人注目。这种水果的果实较大，通常呈红色或绿色，有时也有黄色或粉色的变种。它的味道既甜又略带酸味，非常适合作为零食或搭配早餐。在烹饪中，它能够为菜肴增添丰富的口感和色彩，是很多食谱中不可或缺的食材。玩家4说：它是一种多汁的水果，通常呈橙色，含有丰富的维生素C。在同类水果中，它以其独特的酸甜味道和较高的水分含量而受到人们的喜爱。||在这个游戏中，我们需要通过分析每位玩家的描述来找出卧底。通常，平民的描述会围绕相同的词语展开，而卧底的描述可能会因为词语的不同而显得不太一致。我们需要仔细比较每个描述之间的相似性和差异性，以找出可能的卧底，注意，卧底并不会隐藏自己，他会直接描述他的词语，现在，逐一分析每个玩家的描述，注意，这局游戏的词语分类为<水果>，卧底词和平民词都属于该类。||之前是第2轮描述和之前轮数描述的合集。你之前认为的卧底是玩家2。
2024-12-13 10:14:09,481 - 2 - INFO - **********PLAYER2**********
根据每位玩家的描述，我们可以进行以下分析：

- 玩家1的描述强调了果实多汁、甜美的味道、鲜艳的颜色，以及坚硬的质地和清晰的果肉结构，适合作为零食或烹饪原料。
- 玩家2的描述与玩家1相似，提到了富含维生素、圆形、皮薄肉厚、丰富的汁液、独特的香味，以及秋季特别受欢迎、果实大而饱满、酸甜味道和脆爽的口感。
- 玩家3的描述提到了富含水分、圆形、表面光滑、甜美的味道、鲜艳的颜色、红色或绿色、酸甜味道和较高的水分含量，适合作为零食或搭配早餐，能够为菜肴增添丰富的口感和色彩。
- 玩家4的描述提到了多汁、呈橙色、含有丰富的维生素C、独特的酸甜味道、较高的水分含量，适合作为零食或搭配早餐，是很多食谱中不可或缺的食材。

玩家2的描述与玩家1和玩家3的描述非常相似，但在描述中加入了“富含维生素”和“独特的香味”，这与苹果的特征相符。然而，玩家4的描述中提到了“呈橙色”，这与苹果的常见颜色（红色或绿色）有所不同，而且玩家4的描述中提到了“含有丰富的维生素C”，这是一个更具体的信息，而玩家1和玩家2的描述中并没有强调这一点。

基于这些信息，玩家4的描述似乎与苹果的特征略有不同，尤其是在颜色的描述上。因此，根据描述的相似性和差异性，玩家4可能是卧底。
2024-12-13 10:14:09,483 - 2 - INFO - **********JUDGER**********
你刚刚的分析是根据每位玩家的描述，我们可以进行以下分析：

- 玩家1的描述强调了果实多汁、甜美的味道、鲜艳的颜色，以及坚硬的质地和清晰的果肉结构，适合作为零食或烹饪原料。
- 玩家2的描述与玩家1相似，提到了富含维生素、圆形、皮薄肉厚、丰富的汁液、独特的香味，以及秋季特别受欢迎、果实大而饱满、酸甜味道和脆爽的口感。
- 玩家3的描述提到了富含水分、圆形、表面光滑、甜美的味道、鲜艳的颜色、红色或绿色、酸甜味道和较高的水分含量，适合作为零食或搭配早餐，能够为菜肴增添丰富的口感和色彩。
- 玩家4的描述提到了多汁、呈橙色、含有丰富的维生素C、独特的酸甜味道、较高的水分含量，适合作为零食或搭配早餐，是很多食谱中不可或缺的食材。

玩家2的描述与玩家1和玩家3的描述非常相似，但在描述中加入了“富含维生素”和“独特的香味”，这与苹果的特征相符。然而，玩家4的描述中提到了“呈橙色”，这与苹果的常见颜色（红色或绿色）有所不同，而且玩家4的描述中提到了“含有丰富的维生素C”，这是一个更具体的信息，而玩家1和玩家2的描述中并没有强调这一点。

基于这些信息，玩家4的描述似乎与苹果的特征略有不同，尤其是在颜色的描述上。因此，根据描述的相似性和差异性，玩家4可能是卧底。|| `请根据上述分析，比较描述以找出不一致之处，注意，这局游戏的词语分类为<水果>，卧底词和平民词都属于该类。
2024-12-13 10:14:14,134 - 2 - INFO - **********PLAYER2**********
根据上述分析，我们可以比较每位玩家的描述，找出以下不一致之处：

- 玩家1、玩家2和玩家3的描述都提到了“甜美的味道”、“鲜艳的颜色”、“皮薄肉厚”或“表面光滑”等特征，这些特征与苹果相符。
- 玩家4的描述中提到了“呈橙色”，这与苹果的常见颜色（通常是红色或绿色）不一致。
- 玩家4的描述还提到了“含有丰富的维生素C”，这是一个具体的信息，而玩家1和玩家2的描述中没有强调维生素C的含量。
- 玩家3的描述中提到了“红色或绿色”，这与苹果的颜色相符，但玩家4的描述中提到了“橙色”，这是一个明显的差异。

不一致之处在于玩家4的描述中关于颜色的描述（橙色）和维生素C的具体提及，这些都与苹果的典型特征不完全吻合。因此，玩家4的描述在水果类特征上与苹果存在不一致之处。
2024-12-13 10:14:14,135 - 2 - INFO - **********JUDGER**********
你刚刚的分析是根据上述分析，我们可以比较每位玩家的描述，找出以下不一致之处：

- 玩家1、玩家2和玩家3的描述都提到了“甜美的味道”、“鲜艳的颜色”、“皮薄肉厚”或“表面光滑”等特征，这些特征与苹果相符。
- 玩家4的描述中提到了“呈橙色”，这与苹果的常见颜色（通常是红色或绿色）不一致。
- 玩家4的描述还提到了“含有丰富的维生素C”，这是一个具体的信息，而玩家1和玩家2的描述中没有强调维生素C的含量。
- 玩家3的描述中提到了“红色或绿色”，这与苹果的颜色相符，但玩家4的描述中提到了“橙色”，这是一个明显的差异。

不一致之处在于玩家4的描述中关于颜色的描述（橙色）和维生素C的具体提及，这些都与苹果的典型特征不完全吻合。因此，玩家4的描述在水果类特征上与苹果存在不一致之处。|| 请通过你分析的不一致之处，推断卧底身份，注意，这局游戏的词语分类为<水果>，卧底词和平民词都属于该类。
2024-12-13 10:14:19,795 - 2 - INFO - **********PLAYER2**********
基于分析的不一致之处，我推断玩家4是卧底。玩家的描述中，只有玩家4提到了“呈橙色”，这与苹果常见的红色或绿色颜色特征不符。此外，玩家4还提到了“含有丰富的维生素C”，而玩家1和玩家2的描述中并没有强调维生素C的含量，这可能是故意提供的误导信息。因此，结合颜色描述和维生素C的提及，玩家4的描述与苹果的特征存在显著差异，这增加了她是卧底的可能性。
2024-12-13 10:14:19,796 - 2 - INFO - **********JUDGER**********
你刚刚的推断是基于分析的不一致之处，我推断玩家4是卧底。玩家的描述中，只有玩家4提到了“呈橙色”，这与苹果常见的红色或绿色颜色特征不符。此外，玩家4还提到了“含有丰富的维生素C”，而玩家1和玩家2的描述中并没有强调维生素C的含量，这可能是故意提供的误导信息。因此，结合颜色描述和维生素C的提及，玩家4的描述与苹果的特征存在显著差异，这增加了她是卧底的可能性。|| 基于你刚刚的推断得出你的最终结论，请输出你认为的卧底，在这种情况下只需要输出编号，是1-4中的某个数字，不要输出其他信息。在这个过程不要进行任何推理，只对||以前的部分进行信息提取
2024-12-13 10:14:21,012 - 2 - INFO - **********PLAYER2**********
4
2024-12-13 10:15:10,563 - 2 - INFO - **********JUDGER**********
玩家1说：它是一种多汁的果实，常见于秋季。在水果类中，它通常以其甜美的味道和鲜艳的颜色脱颖而出。这种水果的质地通常比较坚硬，切开后可以看到清晰的果肉结构。它适合作为零食或烹饪原料，因其营养丰富而受到广泛欢迎。这种水果的口感在咬下去时会发出清脆的声音，释放出丰富的果汁，同时它的核位于果实的中心，周围是紧密排列的果肉。这种水果在成熟时，其香气会逐渐增强，吸引人们的食欲。它不仅适合生食，还可以通过烘焙、榨汁等多种方式烹饪，是日常饮食中不可或缺的一部分。玩家2说：它是一种富含维生素的水果，通常呈圆形，皮薄肉厚。在同类水果中，它以其丰富的汁液和独特的香味而受到人们的喜爱。这种水果在秋季特别受欢迎，它的果实大而饱满，味道既甜美又略带酸味。它的口感脆爽，适合作为早餐搭配或单独食用。在烹饪中，它能够增添菜肴的风味，是非常多食谱中的常用食材。玩家3说：这是一种富含水分的水果，通常呈圆形，表面光滑。它在同类水果中以其甜美的味道和鲜艳的颜色最为引人注目。这种水果的果实较大，通常呈红色或绿色，有时也有黄色或粉色的变种。它的味道既甜又略带酸味，非常适合作为零食或搭配早餐。在烹饪中，它能够为菜肴增添丰富的口感和色彩，是很多食谱中不可或缺的食材。玩家4说：它是一种多汁的水果，通常呈橙色，含有丰富的维生素C。在同类水果中，它以其独特的酸甜味道和较高的水分含量而受到人们的喜爱。这种水果的皮薄易剥，果肉细腻，含有许多小籽。它的香味清新，能够在空气中弥漫开来，吸引人的注意力。在烹饪中，它可以作为调味品，增添食物的香气和风味。这种水果通常在冬季成熟，是很多家庭餐桌上的常客。你是第2号玩家，你的关键词是<苹果>。你的回答中绝对不能包含你的关键词<苹果>。这是第三轮描述，你之前的描述是它是一种富含维生素的水果，通常呈圆形，皮薄肉厚。在同类水果中，它以其丰富的汁液和独特的香味而受到人们的喜爱。和这种水果在秋季特别受欢迎，它的果实大而饱满，味道既甜美又略带酸味。它的口感脆爽，适合作为早餐搭配或单独食用。在烹饪中，它能够增添菜肴的风味，是非常多食谱中的常用食材。，注意，这局游戏的词语分类为<水果>，卧底词和平民词都属于该类，请你补充关于关键词的描述，注意，你的描述应该比起之前的描述更加贴近关键词，作为之前的补充
2024-12-13 10:15:14,236 - 2 - INFO - **********PLAYER2**********
这种水果的形状规整，质地坚实，切开后汁液丰富，果肉紧密。它的风味多变，从微甜到酸甜不等，这种多层次的口感使得它在水果中独树一帜。它的季节性很强，尤其在秋季，果实成熟时香气四溢，成为人们喜爱的天然零食和烹饪佳品。
2024-12-13 10:15:50,139 - 2 - INFO - **********JUDGER**********
玩家1说：它是一种多汁的果实，常见于秋季。在水果类中，它通常以其甜美的味道和鲜艳的颜色脱颖而出。这种水果的质地通常比较坚硬，切开后可以看到清晰的果肉结构。它适合作为零食或烹饪原料，因其营养丰富而受到广泛欢迎。这种水果的口感在咬下去时会发出清脆的声音，释放出丰富的果汁，同时它的核位于果实的中心，周围是紧密排列的果肉。这种水果在成熟时，其香气会逐渐增强，吸引人们的食欲。它不仅适合生食，还可以通过烘焙、榨汁等多种方式烹饪，是日常饮食中不可或缺的一部分。玩家2说：它是一种富含维生素的水果，通常呈圆形，皮薄肉厚。在同类水果中，它以其丰富的汁液和独特的香味而受到人们的喜爱。这种水果在秋季特别受欢迎，它的果实大而饱满，味道既甜美又略带酸味。它的口感脆爽，适合作为早餐搭配或单独食用。在烹饪中，它能够增添菜肴的风味，是非常多食谱中的常用食材。这种水果的形状规整，质地坚实，切开后汁液丰富，果肉紧密。它的风味多变，从微甜到酸甜不等，这种多层次的口感使得它在水果中独树一帜。它的季节性很强，尤其在秋季，果实成熟时香气四溢，成为人们喜爱的天然零食和烹饪佳品。玩家3说：这是一种富含水分的水果，通常呈圆形，表面光滑。它在同类水果中以其甜美的味道和鲜艳的颜色最为引人注目。这种水果的果实较大，通常呈红色或绿色，有时也有黄色或粉色的变种。它的味道既甜又略带酸味，非常适合作为零食或搭配早餐。在烹饪中，它能够为菜肴增添丰富的口感和色彩，是很多食谱中不可或缺的食材。这种水果的果实形状规则，质地坚实，通常在成熟时呈现出鲜艳的红色或绿色，有时也有黄色或粉色的变种。它的味道通常既甜又略带酸味，适合作为零食或早餐搭配。在烹饪中，这种水果能够为菜肴增添丰富的口感和色彩，是许多食谱中的常用食材。它的香味清新，能够吸引人的注意力，而且通常在秋季成熟，是日常饮食中不可或缺的一部分。玩家4说：它是一种多汁的水果，通常呈橙色，含有丰富的维生素C。在同类水果中，它以其独特的酸甜味道和较高的水分含量而受到人们的喜爱。这种水果的皮薄易剥，果肉细腻，含有许多小籽。它的香味清新，能够在空气中弥漫开来，吸引人的注意力。在烹饪中，它可以作为调味品，增添食物的香气和风味。这种水果通常在冬季成熟，是很多家庭餐桌上的常客。这种水果的果皮光滑，色泽鲜艳，通常呈橙色或黄色，有时也可见到绿色或粉色的变种。它的果肉柔软多汁，酸中带甜，含有一定数量的籽，但口感上并不妨碍食用。这种水果的香气浓郁，能够刺激食欲，非常适合作为开胃小食或搭配茶饮。在烹饪中，它不仅能增加食物的风味，还能增添色彩，是许多菜肴的亮点。||在这个游戏中，我们需要通过分析每位玩家的描述来找出卧底。通常，平民的描述会围绕相同的词语展开，而卧底的描述可能会因为词语的不同而显得不太一致。我们需要仔细比较每个描述之间的相似性和差异性，以找出可能的卧底，注意，卧底并不会隐藏自己，他会直接描述他的词语，现在，逐一分析每个玩家的描述，注意，这局游戏的词语分类为<水果>，卧底词和平民词都属于该类。||之前是第3轮描述和之前轮数描述的合集。你之前认为的卧底是玩家4。
2024-12-13 10:15:56,738 - 2 - INFO - **********PLAYER2**********
根据之前的描述和现在的分析，玩家4的描述中存在以下不一致之处：

- 玩家4提到这种水果“通常在冬季成熟”，而其他玩家描述的水果普遍在秋季成熟。
- 玩家4描述的水果“通常呈橙色”，而其他玩家描述的水果普遍没有提到颜色为橙色。
- 玩家4描述的水果“含有丰富的维生素C”，而其他玩家的描述中没有特别强调维生素C的含量。

基于这些不一致之处，玩家4的描述与苹果的特征存在显著差异，尤其是关于成熟季节和颜色的描述。因此，玩家4的描述可能更接近卧底的特征。
2024-12-13 10:15:56,740 - 2 - INFO - **********JUDGER**********
你刚刚的分析是根据之前的描述和现在的分析，玩家4的描述中存在以下不一致之处：

- 玩家4提到这种水果“通常在冬季成熟”，而其他玩家描述的水果普遍在秋季成熟。
- 玩家4描述的水果“通常呈橙色”，而其他玩家描述的水果普遍没有提到颜色为橙色。
- 玩家4描述的水果“含有丰富的维生素C”，而其他玩家的描述中没有特别强调维生素C的含量。

基于这些不一致之处，玩家4的描述与苹果的特征存在显著差异，尤其是关于成熟季节和颜色的描述。因此，玩家4的描述可能更接近卧底的特征。|| `请根据上述分析，比较描述以找出不一致之处，注意，这局游戏的词语分类为<水果>，卧底词和平民词都属于该类。
2024-12-13 10:16:00,499 - 2 - INFO - **********PLAYER2**********
根据上述分析，以下是不一致之处：

- 成熟季节：玩家4描述的水果在冬季成熟，而其他玩家描述的水果在秋季成熟。
- 颜色：玩家4描述的水果通常呈橙色，而其他玩家描述的水果没有提到橙色。
- 维生素含量：玩家4特别强调了维生素C的丰富，而其他玩家的描述中没有提到这一点。
2024-12-13 10:16:00,501 - 2 - INFO - **********JUDGER**********
你刚刚的分析是根据上述分析，以下是不一致之处：

- 成熟季节：玩家4描述的水果在冬季成熟，而其他玩家描述的水果在秋季成熟。
- 颜色：玩家4描述的水果通常呈橙色，而其他玩家描述的水果没有提到橙色。
- 维生素含量：玩家4特别强调了维生素C的丰富，而其他玩家的描述中没有提到这一点。|| 请通过你分析的不一致之处，推断卧底身份，注意，这局游戏的词语分类为<水果>，卧底词和平民词都属于该类。
2024-12-13 10:16:04,230 - 2 - INFO - **********PLAYER2**********
基于分析的不一致之处，我推断玩家4是卧底。她的描述中提到的成熟季节、颜色和维生素C含量的特点与苹果的典型特征不符，这表明她的词语可能不是苹果。
2024-12-13 10:16:04,231 - 2 - INFO - **********JUDGER**********
你刚刚的推断是基于分析的不一致之处，我推断玩家4是卧底。她的描述中提到的成熟季节、颜色和维生素C含量的特点与苹果的典型特征不符，这表明她的词语可能不是苹果。|| 基于你刚刚的推断得出你的最终结论，请输出你认为的卧底，在这种情况下只需要输出编号，是1-4中的某个数字，不要输出其他信息。在这个过程不要进行任何推理，只对||以前的部分进行信息提取
2024-12-13 10:16:05,387 - 2 - INFO - **********PLAYER2**********
4
