2024-12-13 10:12:06,179 - 4 - INFO - **********JUDGER**********
让我们来玩一个叫做<谁是卧底>的推理游戏。基本规则：<人数>：4人。<角色分配>：每位玩家随机抽取一个词语，3名玩家拿到的词语是相同的（平民词），1名玩家拿到与之相近但不同的词语（卧底词）。<游戏流程>：1、玩家轮流描述自己的词语，但<不能>直接说出词语本身。2、描述完毕后，投票选出最像卧底的玩家。3、每轮结束后，被投票选出的玩家出局，不能再进行描述或投票。4、每轮投票结束后，如果卧底被成功找出，平民方获胜；如果卧底未被找出且卧底人数等于或超过平民人数，则卧底方获胜。你将扮演一个<玩家>，请等待你被分配到的关键词。如果你听懂了，只回答，"好的，我准备好参加游戏了"，不要输出别的信息
2024-12-13 10:12:06,942 - 4 - INFO - **********PLAYER4**********
好的，我准备好参加游戏了
2024-12-13 10:12:09,608 - 4 - INFO - **********JUDGER**********
玩家1说：它是一种多汁的果实，常见于秋季。在水果类中，它通常以其甜美的味道和鲜艳的颜色脱颖而出。玩家2说：它是一种富含维生素的水果，通常呈圆形，皮薄肉厚。在同类水果中，它以其丰富的汁液和独特的香味而受到人们的喜爱。玩家3说：这是一种富含水分的水果，通常呈圆形，表面光滑。它在同类水果中以其甜美的味道和鲜艳的颜色最为引人注目。玩家4说：|| 你是第4号玩家，你的关键词是<橘子>。你的回答中绝对不能包含你的关键词<橘子>。这是第一轮描述，不需要分析||之前别的玩家的描述，请你描述关键词基本特征，注意，这局游戏的词语分类为<水果>，卧底词和平民词都属于该类，描述包括以下两点，1.他的基本特征是什么2.他在该类（水果）中最突出不同的特征是什么，尽量简短
2024-12-13 10:12:10,582 - 4 - INFO - **********PLAYER4**********
它是一种多汁的水果，通常呈橙色，含有丰富的维生素C。在同类水果中，它以其独特的酸甜味道和较高的水分含量而受到人们的喜爱。
2024-12-13 10:13:11,555 - 4 - INFO - **********JUDGER**********
玩家1说：它是一种多汁的果实，常见于秋季。在水果类中，它通常以其甜美的味道和鲜艳的颜色脱颖而出。玩家2说：它是一种富含维生素的水果，通常呈圆形，皮薄肉厚。在同类水果中，它以其丰富的汁液和独特的香味而受到人们的喜爱。玩家3说：这是一种富含水分的水果，通常呈圆形，表面光滑。它在同类水果中以其甜美的味道和鲜艳的颜色最为引人注目。玩家4说：||在这个游戏中，我们需要通过分析每位玩家的描述来找出卧底。通常，平民的描述会围绕相同的词语展开，而卧底的描述可能会因为词语的不同而显得不太一致。我们需要仔细比较每个描述之间的相似性和差异性，以找出可能的卧底，注意，卧底并不会隐藏自己，他会直接描述他的词语，现在，逐一分析每个玩家的描述，注意，这局游戏的词语分类为<水果>，卧底词和平民词都属于该类。这是第一轮描述。
2024-12-13 10:13:14,795 - 4 - INFO - **********PLAYER4**********
经过分析，玩家1、玩家2和玩家3的描述都集中在“多汁”、“圆形”、“皮薄肉厚”、“酸甜”、“富含维生素”和“鲜艳的颜色”这些特征上，这与常见的某种水果（如苹果或橙子）相符。然而，玩家4的描述没有明确指出这些特征，而是强调了“独特的香味”，这与玩家1-3的描述不太一致。因此，玩家4的描述可能暗示他是卧底，因为他的描述没有明确指向一个具体的水果特征，而是提供了一个与普通描述不同的角度。不过，由于没有直接提及关键词，还需要结合后续的描述和投票来判断。
2024-12-13 10:13:14,796 - 4 - INFO - **********JUDGER**********
你刚刚的分析是经过分析，玩家1、玩家2和玩家3的描述都集中在“多汁”、“圆形”、“皮薄肉厚”、“酸甜”、“富含维生素”和“鲜艳的颜色”这些特征上，这与常见的某种水果（如苹果或橙子）相符。然而，玩家4的描述没有明确指出这些特征，而是强调了“独特的香味”，这与玩家1-3的描述不太一致。因此，玩家4的描述可能暗示他是卧底，因为他的描述没有明确指向一个具体的水果特征，而是提供了一个与普通描述不同的角度。不过，由于没有直接提及关键词，还需要结合后续的描述和投票来判断。|| `请根据上述分析，比较描述以找出不一致之处，注意，这局游戏的词语分类为<水果>，卧底词和平民词都属于该类。
2024-12-13 10:13:23,942 - 4 - INFO - **********PLAYER4**********
根据上述分析，不一致之处主要体现在以下几个方面：

1. 描述的侧重点不同：
   - 玩家1、2、3的描述都强调了水果的味道（甜美的味道、酸甜、丰富的汁液）、营养成分（富含维生素）和外观特征（圆形、皮薄肉厚、表面光滑、鲜艳的颜色）。
   - 玩家4的描述则着重于水果的香味，提到“独特的香味”，而没有提及味道、营养成分或外观特征。

2. 描述的细节差异：
   - 玩家1、2、3都提到了水果的形状为圆形，而玩家4没有明确提及形状。
   - 玩家1和玩家3都提到了水果的甜美的味道，而玩家2提到了丰富的汁液和独特的香味，但没有提到甜美的味道。

3. 描述的普遍性：
   - 玩家1、2、3的描述听起来像是描述多种水果的共同特征，而玩家4的描述听起来更像是在描述某种具有特定香味的独特水果。

这些不一致之处可能表明玩家4的描述与平民词的描述存在差异，因此玩家4可能是卧底。然而，最终是否为卧底还需要通过后续的描述和投票来确认。
2024-12-13 10:13:23,946 - 4 - INFO - **********JUDGER**********
你刚刚的分析是根据上述分析，不一致之处主要体现在以下几个方面：

1. 描述的侧重点不同：
   - 玩家1、2、3的描述都强调了水果的味道（甜美的味道、酸甜、丰富的汁液）、营养成分（富含维生素）和外观特征（圆形、皮薄肉厚、表面光滑、鲜艳的颜色）。
   - 玩家4的描述则着重于水果的香味，提到“独特的香味”，而没有提及味道、营养成分或外观特征。

2. 描述的细节差异：
   - 玩家1、2、3都提到了水果的形状为圆形，而玩家4没有明确提及形状。
   - 玩家1和玩家3都提到了水果的甜美的味道，而玩家2提到了丰富的汁液和独特的香味，但没有提到甜美的味道。

3. 描述的普遍性：
   - 玩家1、2、3的描述听起来像是描述多种水果的共同特征，而玩家4的描述听起来更像是在描述某种具有特定香味的独特水果。

这些不一致之处可能表明玩家4的描述与平民词的描述存在差异，因此玩家4可能是卧底。然而，最终是否为卧底还需要通过后续的描述和投票来确认。|| 请通过你分析的不一致之处，推断卧底身份，注意，这局游戏的词语分类为<水果>，卧底词和平民词都属于该类。
2024-12-13 10:13:30,939 - 4 - INFO - **********PLAYER4**********
基于上述分析的不一致之处，以下是我对卧底身份的推断：

1. 玩家4的描述没有提到“多汁”、“富含维生素”、“皮薄肉厚”、“酸甜”、“鲜艳的颜色”等特征，而这些都是玩家1、2、3描述中普遍出现的关键特征，这些特征通常与多种常见水果（如苹果、橙子、葡萄等）相关。

2. 玩家4特别强调了“独特的香味”，这是一个相对较少被提及的特征，而且它并没有与其他玩家描述中的味道或外观特征相呼应。

3. 玩家4的描述中缺少了形状描述（圆形），而玩家1、2、3都提到了这一点。

综合以上点，玩家4的描述似乎在刻意避开常见的水果特征，而强调一个较为独特但不是所有水果都有的特征――香味。在水果类别中，有一种水果因其独特的香味而闻名，那就是梨。梨通常以其甜美的味道、水分含量高和独特的香味而受到喜爱，这与玩家4的描述相吻合。

因此，根据这些不一致之处，玩家4可能是卧底，而且根据词语分类为<水果>，推测卧底词可能是“梨”。然而，最终确认还需要通过后续的描述和投票来确定。
2024-12-13 10:13:30,940 - 4 - INFO - **********JUDGER**********
你刚刚的推断是基于上述分析的不一致之处，以下是我对卧底身份的推断：

1. 玩家4的描述没有提到“多汁”、“富含维生素”、“皮薄肉厚”、“酸甜”、“鲜艳的颜色”等特征，而这些都是玩家1、2、3描述中普遍出现的关键特征，这些特征通常与多种常见水果（如苹果、橙子、葡萄等）相关。

2. 玩家4特别强调了“独特的香味”，这是一个相对较少被提及的特征，而且它并没有与其他玩家描述中的味道或外观特征相呼应。

3. 玩家4的描述中缺少了形状描述（圆形），而玩家1、2、3都提到了这一点。

综合以上点，玩家4的描述似乎在刻意避开常见的水果特征，而强调一个较为独特但不是所有水果都有的特征――香味。在水果类别中，有一种水果因其独特的香味而闻名，那就是梨。梨通常以其甜美的味道、水分含量高和独特的香味而受到喜爱，这与玩家4的描述相吻合。

因此，根据这些不一致之处，玩家4可能是卧底，而且根据词语分类为<水果>，推测卧底词可能是“梨”。然而，最终确认还需要通过后续的描述和投票来确定。|| 基于你刚刚的推断得出你的最终结论，请输出你认为的卧底，在这种情况下只需要输出编号，是1-4中的某个数字，不要输出其他信息。在这个过程不要进行任何推理，只对||以前的部分进行信息提取
2024-12-13 10:13:31,449 - 4 - INFO - **********PLAYER4**********
4
2024-12-13 10:13:38,418 - 4 - INFO - **********JUDGER**********
玩家1说：它是一种多汁的果实，常见于秋季。在水果类中，它通常以其甜美的味道和鲜艳的颜色脱颖而出。这种水果的质地通常比较坚硬，切开后可以看到清晰的果肉结构。它适合作为零食或烹饪原料，因其营养丰富而受到广泛欢迎。玩家2说：它是一种富含维生素的水果，通常呈圆形，皮薄肉厚。在同类水果中，它以其丰富的汁液和独特的香味而受到人们的喜爱。这种水果在秋季特别受欢迎，它的果实大而饱满，味道既甜美又略带酸味。它的口感脆爽，适合作为早餐搭配或单独食用。在烹饪中，它能够增添菜肴的风味，是非常多食谱中的常用食材。玩家3说：这是一种富含水分的水果，通常呈圆形，表面光滑。它在同类水果中以其甜美的味道和鲜艳的颜色最为引人注目。这种水果的果实较大，通常呈红色或绿色，有时也有黄色或粉色的变种。它的味道既甜又略带酸味，非常适合作为零食或搭配早餐。在烹饪中，它能够为菜肴增添丰富的口感和色彩，是很多食谱中不可或缺的食材。玩家4说：它是一种多汁的水果，通常呈橙色，含有丰富的维生素C。在同类水果中，它以其独特的酸甜味道和较高的水分含量而受到人们的喜爱。你是第4号玩家，你的关键词是<橘子>。你的回答中绝对不能包含你的关键词<橘子>。这是第二轮描述，你之前的描述是它是一种多汁的水果，通常呈橙色，含有丰富的维生素C。在同类水果中，它以其独特的酸甜味道和较高的水分含量而受到人们的喜爱。，注意，这局游戏的词语分类为<水果>，卧底词和平民词都属于该类，请你补充关于关键词的描述，注意，你的描述应该比起之前的描述更加贴近关键词，作为之前的补充
2024-12-13 10:13:41,485 - 4 - INFO - **********PLAYER4**********
这种水果的皮薄易剥，果肉细腻，含有许多小籽。它的香味清新，能够在空气中弥漫开来，吸引人的注意力。在烹饪中，它可以作为调味品，增添食物的香气和风味。这种水果通常在冬季成熟，是很多家庭餐桌上的常客。
2024-12-13 10:14:41,341 - 4 - INFO - **********JUDGER**********
玩家1说：它是一种多汁的果实，常见于秋季。在水果类中，它通常以其甜美的味道和鲜艳的颜色脱颖而出。这种水果的质地通常比较坚硬，切开后可以看到清晰的果肉结构。它适合作为零食或烹饪原料，因其营养丰富而受到广泛欢迎。玩家2说：它是一种富含维生素的水果，通常呈圆形，皮薄肉厚。在同类水果中，它以其丰富的汁液和独特的香味而受到人们的喜爱。这种水果在秋季特别受欢迎，它的果实大而饱满，味道既甜美又略带酸味。它的口感脆爽，适合作为早餐搭配或单独食用。在烹饪中，它能够增添菜肴的风味，是非常多食谱中的常用食材。玩家3说：这是一种富含水分的水果，通常呈圆形，表面光滑。它在同类水果中以其甜美的味道和鲜艳的颜色最为引人注目。这种水果的果实较大，通常呈红色或绿色，有时也有黄色或粉色的变种。它的味道既甜又略带酸味，非常适合作为零食或搭配早餐。在烹饪中，它能够为菜肴增添丰富的口感和色彩，是很多食谱中不可或缺的食材。玩家4说：它是一种多汁的水果，通常呈橙色，含有丰富的维生素C。在同类水果中，它以其独特的酸甜味道和较高的水分含量而受到人们的喜爱。||在这个游戏中，我们需要通过分析每位玩家的描述来找出卧底。通常，平民的描述会围绕相同的词语展开，而卧底的描述可能会因为词语的不同而显得不太一致。我们需要仔细比较每个描述之间的相似性和差异性，以找出可能的卧底，注意，卧底并不会隐藏自己，他会直接描述他的词语，现在，逐一分析每个玩家的描述，注意，这局游戏的词语分类为<水果>，卧底词和平民词都属于该类。||之前是第2轮描述和之前轮数描述的合集。你之前认为的卧底是玩家4。
2024-12-13 10:14:48,117 - 4 - INFO - **********PLAYER4**********
根据玩家4的描述，以及玩家1、2、3的描述，以下是我的分析：

1. 玩家1的描述提到了果实坚硬、清晰的果肉结构，适合作为零食或烹饪原料，这些特征与某些硬核水果（如苹果）相符。

2. 玩家2的描述强调了果实大而饱满，味道甜美又略带酸味，口感脆爽，适合早餐搭配，这些特征与某些常见的水果（如苹果或梨）相符。

3. 玩家3的描述提到了果实通常呈红色或绿色，有时也有黄色或粉色的变种，这些特征与某些常见的水果（如苹果或桃子）相符。

4. 玩家4的描述虽然提到了多汁、酸甜、高水分含量，但没有提到其他玩家提到的硬核、皮薄肉厚、口感脆爽等特征，这与某些常见水果（如橘子或葡萄）相符。

根据这些描述，玩家4的描述与玩家1、2、3的描述在细节上存在差异，尤其是没有提到其他玩家描述的口感特征。因此，结合之前的分析，玩家4的描述仍然可能指向卧底身份。然而，玩家4的描述也与多种水果相符，因此需要更多的信息来确定是否真的是卧底。如果玩家4的描述在下一轮中与其他玩家描述更加不一致，那么玩家4继续作为卧底嫌疑人的可能性较大。
2024-12-13 10:14:48,119 - 4 - INFO - **********JUDGER**********
你刚刚的分析是根据玩家4的描述，以及玩家1、2、3的描述，以下是我的分析：

1. 玩家1的描述提到了果实坚硬、清晰的果肉结构，适合作为零食或烹饪原料，这些特征与某些硬核水果（如苹果）相符。

2. 玩家2的描述强调了果实大而饱满，味道甜美又略带酸味，口感脆爽，适合早餐搭配，这些特征与某些常见的水果（如苹果或梨）相符。

3. 玩家3的描述提到了果实通常呈红色或绿色，有时也有黄色或粉色的变种，这些特征与某些常见的水果（如苹果或桃子）相符。

4. 玩家4的描述虽然提到了多汁、酸甜、高水分含量，但没有提到其他玩家提到的硬核、皮薄肉厚、口感脆爽等特征，这与某些常见水果（如橘子或葡萄）相符。

根据这些描述，玩家4的描述与玩家1、2、3的描述在细节上存在差异，尤其是没有提到其他玩家描述的口感特征。因此，结合之前的分析，玩家4的描述仍然可能指向卧底身份。然而，玩家4的描述也与多种水果相符，因此需要更多的信息来确定是否真的是卧底。如果玩家4的描述在下一轮中与其他玩家描述更加不一致，那么玩家4继续作为卧底嫌疑人的可能性较大。|| `请根据上述分析，比较描述以找出不一致之处，注意，这局游戏的词语分类为<水果>，卧底词和平民词都属于该类。
2024-12-13 10:15:00,171 - 4 - INFO - **********PLAYER4**********
根据上述分析，以下是不一致之处：

1. 玩家1的描述中提到了“果实坚硬”和“清晰的果肉结构”，这暗示了一种可能内部结构较为紧密的水果，如苹果。

2. 玩家2的描述中提到了“皮薄肉厚”和“口感脆爽”，这些特征与某些水果如梨或苹果相符。

3. 玩家3的描述中提到了“表面光滑”和“味道既甜又略带酸味”，这些特征可能与苹果或某些柑橘类水果相符。

4. 玩家4的描述中提到了“多汁”、“酸甜”和“高水分含量”，但没有提到“皮薄肉厚”、“口感脆爽”或“表面光滑”，这些特征在玩家1、2、3的描述中有所体现。

不一致之处在于玩家4的描述缺乏关于水果皮厚薄、口感和表面光滑的具体描述，而这些都是玩家1、2、3描述中提到的特征。这表明玩家4的描述可能没有完全围绕一个特定的水果特征展开，可能与卧底身份相符。
2024-12-13 10:15:00,173 - 4 - INFO - **********JUDGER**********
你刚刚的分析是根据上述分析，以下是不一致之处：

1. 玩家1的描述中提到了“果实坚硬”和“清晰的果肉结构”，这暗示了一种可能内部结构较为紧密的水果，如苹果。

2. 玩家2的描述中提到了“皮薄肉厚”和“口感脆爽”，这些特征与某些水果如梨或苹果相符。

3. 玩家3的描述中提到了“表面光滑”和“味道既甜又略带酸味”，这些特征可能与苹果或某些柑橘类水果相符。

4. 玩家4的描述中提到了“多汁”、“酸甜”和“高水分含量”，但没有提到“皮薄肉厚”、“口感脆爽”或“表面光滑”，这些特征在玩家1、2、3的描述中有所体现。

不一致之处在于玩家4的描述缺乏关于水果皮厚薄、口感和表面光滑的具体描述，而这些都是玩家1、2、3描述中提到的特征。这表明玩家4的描述可能没有完全围绕一个特定的水果特征展开，可能与卧底身份相符。|| 请通过你分析的不一致之处，推断卧底身份，注意，这局游戏的词语分类为<水果>，卧底词和平民词都属于该类。
2024-12-13 10:15:06,606 - 4 - INFO - **********PLAYER4**********
基于分析的不一致之处，我的推断是玩家4可能是卧底。原因如下：

1. 玩家4的描述没有提到其他玩家提到的“皮薄肉厚”、“口感脆爽”和“表面光滑”等特征，这些特征在玩家1、2、3的描述中都有出现，而这些特征通常与特定的水果类型（如苹果或梨）相关。

2. 玩家4的描述强调了“多汁”、“酸甜”和“高水分含量”，这些特征虽然与多种水果相符，但没有提供足够的信息来排除其他可能性。

3. 玩家4的描述没有提供关于水果外观的具体信息，如颜色或形状，而玩家1、2、3的描述中提到了这些细节，这些细节有助于缩小水果的范围。

综合这些点，玩家4的描述在细节上与其他玩家的描述不太一致，这增加了他作为卧底的可能性。然而，最终确认还需要通过后续的描述和投票来确定。
2024-12-13 10:15:06,607 - 4 - INFO - **********JUDGER**********
你刚刚的推断是基于分析的不一致之处，我的推断是玩家4可能是卧底。原因如下：

1. 玩家4的描述没有提到其他玩家提到的“皮薄肉厚”、“口感脆爽”和“表面光滑”等特征，这些特征在玩家1、2、3的描述中都有出现，而这些特征通常与特定的水果类型（如苹果或梨）相关。

2. 玩家4的描述强调了“多汁”、“酸甜”和“高水分含量”，这些特征虽然与多种水果相符，但没有提供足够的信息来排除其他可能性。

3. 玩家4的描述没有提供关于水果外观的具体信息，如颜色或形状，而玩家1、2、3的描述中提到了这些细节，这些细节有助于缩小水果的范围。

综合这些点，玩家4的描述在细节上与其他玩家的描述不太一致，这增加了他作为卧底的可能性。然而，最终确认还需要通过后续的描述和投票来确定。|| 基于你刚刚的推断得出你的最终结论，请输出你认为的卧底，在这种情况下只需要输出编号，是1-4中的某个数字，不要输出其他信息。在这个过程不要进行任何推理，只对||以前的部分进行信息提取
2024-12-13 10:15:07,308 - 4 - INFO - **********PLAYER4**********
4
2024-12-13 10:15:19,648 - 4 - INFO - **********JUDGER**********
玩家1说：它是一种多汁的果实，常见于秋季。在水果类中，它通常以其甜美的味道和鲜艳的颜色脱颖而出。这种水果的质地通常比较坚硬，切开后可以看到清晰的果肉结构。它适合作为零食或烹饪原料，因其营养丰富而受到广泛欢迎。这种水果的口感在咬下去时会发出清脆的声音，释放出丰富的果汁，同时它的核位于果实的中心，周围是紧密排列的果肉。这种水果在成熟时，其香气会逐渐增强，吸引人们的食欲。它不仅适合生食，还可以通过烘焙、榨汁等多种方式烹饪，是日常饮食中不可或缺的一部分。玩家2说：它是一种富含维生素的水果，通常呈圆形，皮薄肉厚。在同类水果中，它以其丰富的汁液和独特的香味而受到人们的喜爱。这种水果在秋季特别受欢迎，它的果实大而饱满，味道既甜美又略带酸味。它的口感脆爽，适合作为早餐搭配或单独食用。在烹饪中，它能够增添菜肴的风味，是非常多食谱中的常用食材。这种水果的形状规整，质地坚实，切开后汁液丰富，果肉紧密。它的风味多变，从微甜到酸甜不等，这种多层次的口感使得它在水果中独树一帜。它的季节性很强，尤其在秋季，果实成熟时香气四溢，成为人们喜爱的天然零食和烹饪佳品。玩家3说：这是一种富含水分的水果，通常呈圆形，表面光滑。它在同类水果中以其甜美的味道和鲜艳的颜色最为引人注目。这种水果的果实较大，通常呈红色或绿色，有时也有黄色或粉色的变种。它的味道既甜又略带酸味，非常适合作为零食或搭配早餐。在烹饪中，它能够为菜肴增添丰富的口感和色彩，是很多食谱中不可或缺的食材。这种水果的果实形状规则，质地坚实，通常在成熟时呈现出鲜艳的红色或绿色，有时也有黄色或粉色的变种。它的味道通常既甜又略带酸味，适合作为零食或早餐搭配。在烹饪中，这种水果能够为菜肴增添丰富的口感和色彩，是许多食谱中的常用食材。它的香味清新，能够吸引人的注意力，而且通常在秋季成熟，是日常饮食中不可或缺的一部分。玩家4说：它是一种多汁的水果，通常呈橙色，含有丰富的维生素C。在同类水果中，它以其独特的酸甜味道和较高的水分含量而受到人们的喜爱。这种水果的皮薄易剥，果肉细腻，含有许多小籽。它的香味清新，能够在空气中弥漫开来，吸引人的注意力。在烹饪中，它可以作为调味品，增添食物的香气和风味。这种水果通常在冬季成熟，是很多家庭餐桌上的常客。你是第4号玩家，你的关键词是<橘子>。你的回答中绝对不能包含你的关键词<橘子>。这是第三轮描述，你之前的描述是它是一种多汁的水果，通常呈橙色，含有丰富的维生素C。在同类水果中，它以其独特的酸甜味道和较高的水分含量而受到人们的喜爱。和这种水果的皮薄易剥，果肉细腻，含有许多小籽。它的香味清新，能够在空气中弥漫开来，吸引人的注意力。在烹饪中，它可以作为调味品，增添食物的香气和风味。这种水果通常在冬季成熟，是很多家庭餐桌上的常客。，注意，这局游戏的词语分类为<水果>，卧底词和平民词都属于该类，请你补充关于关键词的描述，注意，你的描述应该比起之前的描述更加贴近关键词，作为之前的补充
2024-12-13 10:15:26,662 - 4 - INFO - **********PLAYER4**********
这种水果的果皮光滑，色泽鲜艳，通常呈橙色或黄色，有时也可见到绿色或粉色的变种。它的果肉柔软多汁，酸中带甜，含有一定数量的籽，但口感上并不妨碍食用。这种水果的香气浓郁，能够刺激食欲，非常适合作为开胃小食或搭配茶饮。在烹饪中，它不仅能增加食物的风味，还能增添色彩，是许多菜肴的亮点。
2024-12-13 10:16:31,581 - 4 - INFO - **********JUDGER**********
玩家1说：它是一种多汁的果实，常见于秋季。在水果类中，它通常以其甜美的味道和鲜艳的颜色脱颖而出。这种水果的质地通常比较坚硬，切开后可以看到清晰的果肉结构。它适合作为零食或烹饪原料，因其营养丰富而受到广泛欢迎。这种水果的口感在咬下去时会发出清脆的声音，释放出丰富的果汁，同时它的核位于果实的中心，周围是紧密排列的果肉。这种水果在成熟时，其香气会逐渐增强，吸引人们的食欲。它不仅适合生食，还可以通过烘焙、榨汁等多种方式烹饪，是日常饮食中不可或缺的一部分。玩家2说：它是一种富含维生素的水果，通常呈圆形，皮薄肉厚。在同类水果中，它以其丰富的汁液和独特的香味而受到人们的喜爱。这种水果在秋季特别受欢迎，它的果实大而饱满，味道既甜美又略带酸味。它的口感脆爽，适合作为早餐搭配或单独食用。在烹饪中，它能够增添菜肴的风味，是非常多食谱中的常用食材。这种水果的形状规整，质地坚实，切开后汁液丰富，果肉紧密。它的风味多变，从微甜到酸甜不等，这种多层次的口感使得它在水果中独树一帜。它的季节性很强，尤其在秋季，果实成熟时香气四溢，成为人们喜爱的天然零食和烹饪佳品。玩家3说：这是一种富含水分的水果，通常呈圆形，表面光滑。它在同类水果中以其甜美的味道和鲜艳的颜色最为引人注目。这种水果的果实较大，通常呈红色或绿色，有时也有黄色或粉色的变种。它的味道既甜又略带酸味，非常适合作为零食或搭配早餐。在烹饪中，它能够为菜肴增添丰富的口感和色彩，是很多食谱中不可或缺的食材。这种水果的果实形状规则，质地坚实，通常在成熟时呈现出鲜艳的红色或绿色，有时也有黄色或粉色的变种。它的味道通常既甜又略带酸味，适合作为零食或早餐搭配。在烹饪中，这种水果能够为菜肴增添丰富的口感和色彩，是许多食谱中的常用食材。它的香味清新，能够吸引人的注意力，而且通常在秋季成熟，是日常饮食中不可或缺的一部分。玩家4说：它是一种多汁的水果，通常呈橙色，含有丰富的维生素C。在同类水果中，它以其独特的酸甜味道和较高的水分含量而受到人们的喜爱。这种水果的皮薄易剥，果肉细腻，含有许多小籽。它的香味清新，能够在空气中弥漫开来，吸引人的注意力。在烹饪中，它可以作为调味品，增添食物的香气和风味。这种水果通常在冬季成熟，是很多家庭餐桌上的常客。这种水果的果皮光滑，色泽鲜艳，通常呈橙色或黄色，有时也可见到绿色或粉色的变种。它的果肉柔软多汁，酸中带甜，含有一定数量的籽，但口感上并不妨碍食用。这种水果的香气浓郁，能够刺激食欲，非常适合作为开胃小食或搭配茶饮。在烹饪中，它不仅能增加食物的风味，还能增添色彩，是许多菜肴的亮点。||在这个游戏中，我们需要通过分析每位玩家的描述来找出卧底。通常，平民的描述会围绕相同的词语展开，而卧底的描述可能会因为词语的不同而显得不太一致。我们需要仔细比较每个描述之间的相似性和差异性，以找出可能的卧底，注意，卧底并不会隐藏自己，他会直接描述他的词语，现在，逐一分析每个玩家的描述，注意，这局游戏的词语分类为<水果>，卧底词和平民词都属于该类。||之前是第3轮描述和之前轮数描述的合集。你之前认为的卧底是玩家4。
2024-12-13 10:16:46,192 - 4 - INFO - **********PLAYER4**********
在第三轮描述中，玩家们的描述如下：

1. 玩家1的描述提到了水果质地坚硬、果肉结构清晰、适合零食或烹饪、口感清脆、香气增强、适合生食或烹饪、日常饮食不可或缺。

2. 玩家2的描述提到了水果富含维生素、皮薄肉厚、汁液丰富、香味独特、秋季特别受欢迎、果实大而饱满、口感脆爽、烹饪中增添风味、风味多变、季节性强、香气四溢。

3. 玩家3的描述提到了水果富含水分、圆形、表面光滑、甜美好吃、颜色鲜艳、果实大、味道酸甜、适合零食或早餐、烹饪中增添口感和色彩、形状规则、质地坚实、成熟时颜色鲜艳、香味清新、秋季成熟。

4. 玩家4的描述提到了水果多汁、呈橙色、富含维生素C、酸甜味道、水分含量高、皮薄易剥、果肉细腻、含小籽、香味清新、烹饪中作为调味品、冬季成熟、家庭餐桌常客、果皮光滑、色泽鲜艳、果肉柔软多汁、香气浓郁、开胃小食或搭配茶饮、增添食物风味、增添色彩。

分析这些描述，我们可以看到：

- 玩家1、2、3的描述都提到了水果的甜美好吃、适合零食或早餐、烹饪中增添风味、季节性强、香气四溢等特点。
- 玩家4的描述与玩家1、2、3的描述在多个方面存在差异，尤其是关于水果成熟季节的描述，玩家4提到的是冬季成熟，而其他玩家提到的都是秋季。

基于这些差异，玩家4的描述与其他玩家的描述在季节性上不一致，这可能是卧底身份的线索。因此，根据第三轮描述和之前的分析，我仍然认为玩家4可能是卧底。
2024-12-13 10:16:46,200 - 4 - INFO - **********JUDGER**********
你刚刚的分析是在第三轮描述中，玩家们的描述如下：

1. 玩家1的描述提到了水果质地坚硬、果肉结构清晰、适合零食或烹饪、口感清脆、香气增强、适合生食或烹饪、日常饮食不可或缺。

2. 玩家2的描述提到了水果富含维生素、皮薄肉厚、汁液丰富、香味独特、秋季特别受欢迎、果实大而饱满、口感脆爽、烹饪中增添风味、风味多变、季节性强、香气四溢。

3. 玩家3的描述提到了水果富含水分、圆形、表面光滑、甜美好吃、颜色鲜艳、果实大、味道酸甜、适合零食或早餐、烹饪中增添口感和色彩、形状规则、质地坚实、成熟时颜色鲜艳、香味清新、秋季成熟。

4. 玩家4的描述提到了水果多汁、呈橙色、富含维生素C、酸甜味道、水分含量高、皮薄易剥、果肉细腻、含小籽、香味清新、烹饪中作为调味品、冬季成熟、家庭餐桌常客、果皮光滑、色泽鲜艳、果肉柔软多汁、香气浓郁、开胃小食或搭配茶饮、增添食物风味、增添色彩。

分析这些描述，我们可以看到：

- 玩家1、2、3的描述都提到了水果的甜美好吃、适合零食或早餐、烹饪中增添风味、季节性强、香气四溢等特点。
- 玩家4的描述与玩家1、2、3的描述在多个方面存在差异，尤其是关于水果成熟季节的描述，玩家4提到的是冬季成熟，而其他玩家提到的都是秋季。

基于这些差异，玩家4的描述与其他玩家的描述在季节性上不一致，这可能是卧底身份的线索。因此，根据第三轮描述和之前的分析，我仍然认为玩家4可能是卧底。|| `请根据上述分析，比较描述以找出不一致之处，注意，这局游戏的词语分类为<水果>，卧底词和平民词都属于该类。
2024-12-13 10:16:54,306 - 4 - INFO - **********PLAYER4**********
根据上述分析，以下是不一致之处：

1. 成熟季节：玩家1、2、3的描述都指向秋季成熟的水果，而玩家4的描述提到的是冬季成熟的水果。

2. 水果形状和外观：玩家1、2、3的描述中提到了水果的质地坚硬、皮薄肉厚、表面光滑等特征，而玩家4的描述强调了果皮光滑、色泽鲜艳，但没有提到质地坚硬或皮薄肉厚。

3. 水果口感：玩家1、2、3的描述中提到了口感清脆、脆爽等特征，而玩家4的描述中提到了果肉柔软多汁，但没有提到清脆或脆爽。

4. 香气描述：玩家1、2、3的描述中提到了香气增强、香气四溢等特征，而玩家4的描述中提到了香气浓郁，但没有提到香气增强或香气四溢。

5. 水果用途：玩家1、2、3的描述中提到了适合零食、烹饪原料、增添风味等用途，而玩家4的描述中提到了作为调味品、增添食物风味、增添色彩等用途。

这些不一致之处表明玩家4的描述在多个关键特征上与玩家1、2、3的描述存在差异，这可能表明玩家4的描述与卧底身份相符。
2024-12-13 10:16:54,308 - 4 - INFO - **********JUDGER**********
你刚刚的分析是根据上述分析，以下是不一致之处：

1. 成熟季节：玩家1、2、3的描述都指向秋季成熟的水果，而玩家4的描述提到的是冬季成熟的水果。

2. 水果形状和外观：玩家1、2、3的描述中提到了水果的质地坚硬、皮薄肉厚、表面光滑等特征，而玩家4的描述强调了果皮光滑、色泽鲜艳，但没有提到质地坚硬或皮薄肉厚。

3. 水果口感：玩家1、2、3的描述中提到了口感清脆、脆爽等特征，而玩家4的描述中提到了果肉柔软多汁，但没有提到清脆或脆爽。

4. 香气描述：玩家1、2、3的描述中提到了香气增强、香气四溢等特征，而玩家4的描述中提到了香气浓郁，但没有提到香气增强或香气四溢。

5. 水果用途：玩家1、2、3的描述中提到了适合零食、烹饪原料、增添风味等用途，而玩家4的描述中提到了作为调味品、增添食物风味、增添色彩等用途。

这些不一致之处表明玩家4的描述在多个关键特征上与玩家1、2、3的描述存在差异，这可能表明玩家4的描述与卧底身份相符。|| 请通过你分析的不一致之处，推断卧底身份，注意，这局游戏的词语分类为<水果>，卧底词和平民词都属于该类。
2024-12-13 10:17:03,720 - 4 - INFO - **********PLAYER4**********
基于上述分析的不一致之处，我的推断是玩家4可能是卧底。以下是我的推断依据：

1. 成熟季节的差异：玩家4描述的水果成熟于冬季，而其他玩家描述的水果成熟于秋季，这是一个明显的季节性差异。

2. 水果外观和特征的差异：玩家4的描述没有提到质地坚硬、皮薄肉厚等特征，而其他玩家描述了这些特征，这可能意味着玩家4描述的水果与玩家1、2、3描述的水果不同。

3. 水果口感的差异：玩家4的描述强调了果肉柔软多汁，而没有提到清脆或脆爽，这与其他玩家描述的口感特征不一致。

4. 香气描述的差异：玩家4的描述中提到香气浓郁，但没有提到香气增强或香气四溢，这与其他玩家的描述有所不同。

5. 水果用途的差异：玩家4的描述中提到作为调味品和增添食物风味，而其他玩家描述了水果作为零食、烹饪原料等用途。

综合这些差异，玩家4的描述在多个方面与其他玩家的描述不一致，这增加了他作为卧底的可能性。因此，根据这些不一致之处，我推断玩家4是卧底。
2024-12-13 10:17:03,724 - 4 - INFO - **********JUDGER**********
你刚刚的推断是基于上述分析的不一致之处，我的推断是玩家4可能是卧底。以下是我的推断依据：

1. 成熟季节的差异：玩家4描述的水果成熟于冬季，而其他玩家描述的水果成熟于秋季，这是一个明显的季节性差异。

2. 水果外观和特征的差异：玩家4的描述没有提到质地坚硬、皮薄肉厚等特征，而其他玩家描述了这些特征，这可能意味着玩家4描述的水果与玩家1、2、3描述的水果不同。

3. 水果口感的差异：玩家4的描述强调了果肉柔软多汁，而没有提到清脆或脆爽，这与其他玩家描述的口感特征不一致。

4. 香气描述的差异：玩家4的描述中提到香气浓郁，但没有提到香气增强或香气四溢，这与其他玩家的描述有所不同。

5. 水果用途的差异：玩家4的描述中提到作为调味品和增添食物风味，而其他玩家描述了水果作为零食、烹饪原料等用途。

综合这些差异，玩家4的描述在多个方面与其他玩家的描述不一致，这增加了他作为卧底的可能性。因此，根据这些不一致之处，我推断玩家4是卧底。|| 基于你刚刚的推断得出你的最终结论，请输出你认为的卧底，在这种情况下只需要输出编号，是1-4中的某个数字，不要输出其他信息。在这个过程不要进行任何推理，只对||以前的部分进行信息提取
2024-12-13 10:17:05,146 - 4 - INFO - **********PLAYER4**********
4
2024-12-13 10:17:05,147 - 4 - INFO - **********JUDGER**********
你认为卧底是你自己。你现在需要随便选一个人投票。请输出一个数字，是1-4中的某个数字，但这个数字不能是4，不要输出其他信息。
2024-12-13 10:17:06,542 - 4 - INFO - **********PLAYER4**********
1
