2024-12-13 12:12:33,139 - 1 - INFO - **********JUDGER**********
让我们来玩一个叫做<谁是卧底>的推理游戏。基本规则：<人数>：4人。<角色分配>：每位玩家随机抽取一个词语，3名玩家拿到的词语是相同的（平民词），1名玩家拿到与之相近但不同的词语（卧底词）。<游戏流程>：1、玩家轮流描述自己的词语，但<不能>直接说出词语本身。2、描述完毕后，投票选出最像卧底的玩家。3、每轮结束后，被投票选出的玩家出局，不能再进行描述或投票。4、每轮投票结束后，如果卧底被成功找出，平民方获胜；如果卧底未被找出且卧底人数等于或超过平民人数，则卧底方获胜。你将扮演一个<玩家>，请等待你被分配到的关键词。如果你听懂了，只回答，"好的，我准备好参加游戏了"，不要输出别的信息
2024-12-13 12:12:33,536 - 1 - INFO - **********PLAYER1**********
好的，我准备好参加游戏了
2024-12-13 12:12:39,330 - 1 - INFO - **********JUDGER**********
玩家1说：玩家2说：玩家3说：玩家4说：|| 你是第1号玩家，你的关键词是<老虎>。你的回答中绝对不能包含你的关键词<老虎>。这是第一轮描述，不需要分析||之前别的玩家的描述，请你描述关键词基本特征，注意，这局游戏的词语分类为<动物>，卧底词和平民词都属于该类，描述包括以下两点，1.他的基本特征是什么2.他在该类（动物）中最突出不同的特征是什么，尽量简短
2024-12-13 12:12:40,461 - 1 - INFO - **********PLAYER1**********
它是一种有条纹的大型猫科动物。它在同类中以其独特的斑斓条纹而闻名。
2024-12-13 12:12:46,198 - 1 - INFO - **********JUDGER**********
玩家1说：它是一种有条纹的大型猫科动物。它在同类中以其独特的斑斓条纹而闻名。玩家2说：它是一种强大的陆地食肉动物，拥有锋利的爪子和牙齿。在同类中，它以其独特的条纹和威猛的形象最为突出。玩家3说：它是一种体型庞大、四肢发达的哺乳动物，拥有厚实的皮毛和强壮的肌肉。在其同类中，它以其庞大的体型和棕色的皮毛上特有的黑色斑纹最为引人注目。玩家4说：||在这个游戏中，我们需要通过分析每位玩家的描述来找出卧底。通常，平民的描述会围绕相同的词语展开，而卧底的描述可能会因为词语的不同而显得不太一致。我们需要仔细比较每个描述之间的相似性和差异性，以找出可能的卧底，注意，卧底并不会隐藏自己，他会直接描述他的词语，现在，逐一分析每个玩家的描述，注意，这局游戏的词语分类为<动物>，卧底词和平民词都属于该类。这是第一轮描述。
2024-12-13 12:12:52,817 - 1 - INFO - **********PLAYER1**********
玩家4说：在这个游戏中，我们需要通过分析每位玩家的描述来找出卧底。通常，平民的描述会围绕相同的词语展开，而卧底的描述可能会因为词语的不同而显得不太一致。我们需要仔细比较每个描述之间的相似性和差异性，以找出可能的卧底，注意，卧底并不会隐藏自己，他会直接描述他的词语。这是第一轮描述。

作为玩家1，我的描述是关于老虎的，强调了条纹这一显著特征。玩家2的描述也提到了条纹，并且增加了老虎作为食肉动物的力量特征。玩家3的描述则强调了老虎的体型和皮毛特征，与我的描述有相似之处，但没有提到条纹。我的描述与玩家2和玩家3的描述在描述老虎的显著特征上是一致的，但与玩家4的描述有明显的不同。

玩家4的描述并没有直接描述任何动物的特征，而是给出了游戏规则和寻找卧底的方法。这与其他玩家描述动物特征的策略不同，因此，如果我是卧底，我的描述可能会与玩家4的描述更为相似，即不直接描述动物特征，而是提供关于游戏的信息。然而，由于玩家4的描述是关于游戏规则的，而不是关于动物特征的，这可能意味着玩家4并不是卧底。

综上所述，如果我是卧底，我可能会选择与玩家4相似的描述方式，即不直接描述动物特征，而是提供游戏信息。但这也可能是其他玩家的策略，因此需要更多的信息来确定谁是卧底。
2024-12-13 12:12:52,818 - 1 - INFO - **********JUDGER**********
你刚刚的分析是玩家4说：在这个游戏中，我们需要通过分析每位玩家的描述来找出卧底。通常，平民的描述会围绕相同的词语展开，而卧底的描述可能会因为词语的不同而显得不太一致。我们需要仔细比较每个描述之间的相似性和差异性，以找出可能的卧底，注意，卧底并不会隐藏自己，他会直接描述他的词语。这是第一轮描述。

作为玩家1，我的描述是关于老虎的，强调了条纹这一显著特征。玩家2的描述也提到了条纹，并且增加了老虎作为食肉动物的力量特征。玩家3的描述则强调了老虎的体型和皮毛特征，与我的描述有相似之处，但没有提到条纹。我的描述与玩家2和玩家3的描述在描述老虎的显著特征上是一致的，但与玩家4的描述有明显的不同。

玩家4的描述并没有直接描述任何动物的特征，而是给出了游戏规则和寻找卧底的方法。这与其他玩家描述动物特征的策略不同，因此，如果我是卧底，我的描述可能会与玩家4的描述更为相似，即不直接描述动物特征，而是提供关于游戏的信息。然而，由于玩家4的描述是关于游戏规则的，而不是关于动物特征的，这可能意味着玩家4并不是卧底。

综上所述，如果我是卧底，我可能会选择与玩家4相似的描述方式，即不直接描述动物特征，而是提供游戏信息。但这也可能是其他玩家的策略，因此需要更多的信息来确定谁是卧底。|| `请根据上述分析，比较描述以找出不一致之处，注意，这局游戏的词语分类为<动物>，卧底词和平民词都属于该类。
2024-12-13 12:13:01,461 - 1 - INFO - **********PLAYER1**********
根据上述分析，我们可以比较描述以找出不一致之处：

1. 玩家1、玩家2和玩家3的描述都集中在描述老虎的特征上，尤其是强调了老虎的条纹、力量、体型和皮毛。这些描述都与“老虎”这一动物的基本特征相符。

2. 玩家4的描述则与动物特征无关，而是提供了关于游戏规则的信息。这与其他玩家专注于描述动物特征的策略不一致。

3. 如果我们假设所有玩家都知道游戏规则，那么玩家4的描述可能是故意不相关的，以试图模仿卧底的行为。然而，由于卧底应该描述他的词语，玩家4的描述没有提供任何关于其词语的信息，这进一步表明玩家4可能不是卧底。

4. 玩家1、玩家2和玩家3的描述都在不同程度上提到了老虎的条纹，而玩家3没有提到条纹，这可能是由于卧底词和平民词之间的差异。如果玩家3是卧底，他可能故意省略了条纹这一特征，因为这是所有平民描述的共同点。

综上所述，不一致之处在于玩家4的描述与动物特征无关，而玩家1、玩家2和玩家3的描述都集中在老虎的特征上。如果需要进一步确定卧底，可能需要更多的描述或者玩家之间的互动来揭示更多信息。
2024-12-13 12:13:01,466 - 1 - INFO - **********JUDGER**********
你刚刚的分析是根据上述分析，我们可以比较描述以找出不一致之处：

1. 玩家1、玩家2和玩家3的描述都集中在描述老虎的特征上，尤其是强调了老虎的条纹、力量、体型和皮毛。这些描述都与“老虎”这一动物的基本特征相符。

2. 玩家4的描述则与动物特征无关，而是提供了关于游戏规则的信息。这与其他玩家专注于描述动物特征的策略不一致。

3. 如果我们假设所有玩家都知道游戏规则，那么玩家4的描述可能是故意不相关的，以试图模仿卧底的行为。然而，由于卧底应该描述他的词语，玩家4的描述没有提供任何关于其词语的信息，这进一步表明玩家4可能不是卧底。

4. 玩家1、玩家2和玩家3的描述都在不同程度上提到了老虎的条纹，而玩家3没有提到条纹，这可能是由于卧底词和平民词之间的差异。如果玩家3是卧底，他可能故意省略了条纹这一特征，因为这是所有平民描述的共同点。

综上所述，不一致之处在于玩家4的描述与动物特征无关，而玩家1、玩家2和玩家3的描述都集中在老虎的特征上。如果需要进一步确定卧底，可能需要更多的描述或者玩家之间的互动来揭示更多信息。|| 请通过你分析的不一致之处，推断卧底身份，注意，这局游戏的词语分类为<动物>，卧底词和平民词都属于该类。
2024-12-13 12:13:07,361 - 1 - INFO - **********PLAYER1**********
基于上述分析的不一致之处，以下是对卧底身份的推断：

1. 玩家4的描述与动物特征无关，而是提供了关于游戏规则的信息。虽然这可能是一种模仿卧底行为的策略，但卧底通常会被期望描述他的词语。因此，玩家4的描述没有提供关于其词语的信息，这表明他可能不是卧底。

2. 玩家1、玩家2和玩家3的描述都集中在老虎的特征上，但存在一个关键差异：玩家3没有提到条纹，而条纹是所有其他玩家描述中共同强调的特征。如果玩家3是卧底，他可能故意省略了条纹这一特征，因为这是所有平民描述的共同点。

3. 考虑到游戏规则中提到的词语分类为<动物>，且卧底词和平民词都属于该类，玩家3的描述与老虎的特征不符（没有提到条纹），这可能意味着他的词语不是老虎，而是另一个属于<动物>类的词语，这使他成为卧底。

因此，根据这些分析，玩家3可能是卧底，因为他的描述与老虎的特征不完全一致，特别是没有提到条纹这一显著特征。
2024-12-13 12:13:07,366 - 1 - INFO - **********JUDGER**********
你刚刚的推断是基于上述分析的不一致之处，以下是对卧底身份的推断：

1. 玩家4的描述与动物特征无关，而是提供了关于游戏规则的信息。虽然这可能是一种模仿卧底行为的策略，但卧底通常会被期望描述他的词语。因此，玩家4的描述没有提供关于其词语的信息，这表明他可能不是卧底。

2. 玩家1、玩家2和玩家3的描述都集中在老虎的特征上，但存在一个关键差异：玩家3没有提到条纹，而条纹是所有其他玩家描述中共同强调的特征。如果玩家3是卧底，他可能故意省略了条纹这一特征，因为这是所有平民描述的共同点。

3. 考虑到游戏规则中提到的词语分类为<动物>，且卧底词和平民词都属于该类，玩家3的描述与老虎的特征不符（没有提到条纹），这可能意味着他的词语不是老虎，而是另一个属于<动物>类的词语，这使他成为卧底。

因此，根据这些分析，玩家3可能是卧底，因为他的描述与老虎的特征不完全一致，特别是没有提到条纹这一显著特征。|| 基于你刚刚的推断得出你的最终结论，请输出你认为的卧底，在这种情况下只需要输出编号，是1-4中的某个数字，不要输出其他信息。在这个过程不要进行任何推理，只对||以前的部分进行信息提取
2024-12-13 12:13:08,104 - 1 - INFO - **********PLAYER1**********
3
2024-12-13 12:14:05,214 - 1 - INFO - **********JUDGER**********
玩家1说：它是一种有条纹的大型猫科动物。它在同类中以其独特的斑斓条纹而闻名。玩家2说：它是一种强大的陆地食肉动物，拥有锋利的爪子和牙齿。在同类中，它以其独特的条纹和威猛的形象最为突出。玩家3说：它是一种体型庞大、四肢发达的哺乳动物，拥有厚实的皮毛和强壮的肌肉。在其同类中，它以其庞大的体型和棕色的皮毛上特有的黑色斑纹最为引人注目。玩家4说：它是一种体型巨大的猫科动物，拥有强有力的四肢和尖锐的爪牙。在其同类中，它以其独特的斑纹和强大的捕食能力最为突出。你是第1号玩家，你的关键词是<老虎>。你的回答中绝对不能包含你的关键词<老虎>。这是第二轮描述，你之前的描述是它是一种有条纹的大型猫科动物。它在同类中以其独特的斑斓条纹而闻名。，注意，这局游戏的词语分类为<动物>，卧底词和平民词都属于该类，请你补充关于关键词的描述，注意，你的描述应该比起之前的描述更加贴近关键词，作为之前的补充
2024-12-13 12:14:07,419 - 1 - INFO - **********PLAYER1**********
它是一种生活在森林中的动物，拥有强大的领地意识。在同类中，它以其敏捷的捕猎技巧和威严的形象而著称。
2024-12-13 12:14:12,127 - 1 - INFO - **********JUDGER**********
玩家1说：它是一种有条纹的大型猫科动物。它在同类中以其独特的斑斓条纹而闻名。它是一种生活在森林中的动物，拥有强大的领地意识。在同类中，它以其敏捷的捕猎技巧和威严的形象而著称。玩家2说：它是一种强大的陆地食肉动物，拥有锋利的爪子和牙齿。在同类中，它以其独特的条纹和威猛的形象最为突出。它是一种生活在森林中的动物，以其出色的敏捷性和强大的领地意识而闻名。在同类中，它以其独特的斑纹和令人敬畏的捕猎技巧而著称。玩家3说：它是一种体型庞大、四肢发达的哺乳动物，拥有厚实的皮毛和强壮的肌肉。在其同类中，它以其庞大的体型和棕色的皮毛上特有的黑色斑纹最为引人注目。它是一种在森林中栖息的动物，以其强壮的体格和坚定的意志著称。在其同类中，它以其独特的力量和稳定性在捕猎和生存中占据优势。玩家4说：它是一种体型巨大的猫科动物，拥有强有力的四肢和尖锐的爪牙。在其同类中，它以其独特的斑纹和强大的捕食能力最为突出。||在这个游戏中，我们需要通过分析每位玩家的描述来找出卧底。通常，平民的描述会围绕相同的词语展开，而卧底的描述可能会因为词语的不同而显得不太一致。我们需要仔细比较每个描述之间的相似性和差异性，以找出可能的卧底，注意，卧底并不会隐藏自己，他会直接描述他的词语，现在，逐一分析每个玩家的描述，注意，这局游戏的词语分类为<动物>，卧底词和平民词都属于该类。||之前是第2轮描述和之前轮数描述的合集。你之前认为的卧底是玩家3。
2024-12-13 12:14:22,122 - 1 - INFO - **********PLAYER1**********
根据第二轮描述和之前轮数的描述，我们可以看到以下情况：

1. 玩家1的描述强调了老虎的条纹、生活环境和捕猎技巧。
2. 玩家2的描述强调了老虎的力量、爪牙、生活环境和捕猎技巧。
3. 玩家3的描述强调了老虎的体型、皮毛、生活环境和力量。
4. 玩家4的描述强调了老虎的体型、四肢、爪牙、斑纹和生活环境。

玩家1和玩家2的描述都非常相似，都提到了老虎的条纹、生活环境和捕猎技巧，这与老虎的特征相符。玩家4的描述也强调了老虎的体型、四肢和捕食能力，与老虎的特征相符。

然而，玩家3的描述与老虎的特征有所不同。虽然他也提到了老虎的体型、皮毛和力量，但没有提到条纹和捕猎技巧，这是老虎的两个显著特征。此外，玩家3的描述中提到了“棕色的皮毛上特有的黑色斑纹”，这听起来更像是豹子的特征，而不是老虎的。

因此，基于这些描述的相似性和差异性，玩家3的描述与老虎的特征不完全一致，这支持了之前的推断，即玩家3可能是卧底。如果我的最终结论是玩家3，那么我的选择是玩家3。
2024-12-13 12:14:22,123 - 1 - INFO - **********JUDGER**********
你刚刚的分析是根据第二轮描述和之前轮数的描述，我们可以看到以下情况：

1. 玩家1的描述强调了老虎的条纹、生活环境和捕猎技巧。
2. 玩家2的描述强调了老虎的力量、爪牙、生活环境和捕猎技巧。
3. 玩家3的描述强调了老虎的体型、皮毛、生活环境和力量。
4. 玩家4的描述强调了老虎的体型、四肢、爪牙、斑纹和生活环境。

玩家1和玩家2的描述都非常相似，都提到了老虎的条纹、生活环境和捕猎技巧，这与老虎的特征相符。玩家4的描述也强调了老虎的体型、四肢和捕食能力，与老虎的特征相符。

然而，玩家3的描述与老虎的特征有所不同。虽然他也提到了老虎的体型、皮毛和力量，但没有提到条纹和捕猎技巧，这是老虎的两个显著特征。此外，玩家3的描述中提到了“棕色的皮毛上特有的黑色斑纹”，这听起来更像是豹子的特征，而不是老虎的。

因此，基于这些描述的相似性和差异性，玩家3的描述与老虎的特征不完全一致，这支持了之前的推断，即玩家3可能是卧底。如果我的最终结论是玩家3，那么我的选择是玩家3。|| `请根据上述分析，比较描述以找出不一致之处，注意，这局游戏的词语分类为<动物>，卧底词和平民词都属于该类。
2024-12-13 12:14:29,317 - 1 - INFO - **********PLAYER1**********
根据上述分析，以下是不一致之处的比较：

1. 玩家1、玩家2和玩家4的描述都提到了老虎的条纹，这是一个共同的特征，与老虎的典型描述相符。

2. 玩家3的描述中提到了“棕色的皮毛上特有的黑色斑纹”，这与老虎的条纹特征不同。老虎的条纹通常是黑色或深棕色，而斑纹通常是指不同的图案或颜色分布。

3. 虽然玩家3也提到了老虎的体型、皮毛和力量，但他没有提到条纹和捕猎技巧，这两个特征在玩家1、玩家2和玩家4的描述中都有被提及。

4. 玩家3的描述中提到的“棕色的皮毛上特有的黑色斑纹”更接近于豹子的特征，而不是老虎的。

基于这些不一致之处，玩家3的描述与老虎的特征存在明显的差异，这可能是由于他的词语不是老虎，而是另一个属于<动物>类的词语。因此，不一致之处在于玩家3描述中提到的斑纹特征，这与老虎的条纹特征不符。
2024-12-13 12:14:29,319 - 1 - INFO - **********JUDGER**********
你刚刚的分析是根据上述分析，以下是不一致之处的比较：

1. 玩家1、玩家2和玩家4的描述都提到了老虎的条纹，这是一个共同的特征，与老虎的典型描述相符。

2. 玩家3的描述中提到了“棕色的皮毛上特有的黑色斑纹”，这与老虎的条纹特征不同。老虎的条纹通常是黑色或深棕色，而斑纹通常是指不同的图案或颜色分布。

3. 虽然玩家3也提到了老虎的体型、皮毛和力量，但他没有提到条纹和捕猎技巧，这两个特征在玩家1、玩家2和玩家4的描述中都有被提及。

4. 玩家3的描述中提到的“棕色的皮毛上特有的黑色斑纹”更接近于豹子的特征，而不是老虎的。

基于这些不一致之处，玩家3的描述与老虎的特征存在明显的差异，这可能是由于他的词语不是老虎，而是另一个属于<动物>类的词语。因此，不一致之处在于玩家3描述中提到的斑纹特征，这与老虎的条纹特征不符。|| 请通过你分析的不一致之处，推断卧底身份，注意，这局游戏的词语分类为<动物>，卧底词和平民词都属于该类。
2024-12-13 12:14:30,629 - 1 - INFO - **********PLAYER1**********
基于分析的不一致之处，我推断卧底身份是玩家3。
2024-12-13 12:14:30,631 - 1 - INFO - **********JUDGER**********
你刚刚的推断是基于分析的不一致之处，我推断卧底身份是玩家3。|| 基于你刚刚的推断得出你的最终结论，请输出你认为的卧底，在这种情况下只需要输出编号，是1-4中的某个数字，不要输出其他信息。在这个过程不要进行任何推理，只对||以前的部分进行信息提取
2024-12-13 12:14:31,366 - 1 - INFO - **********PLAYER1**********
3
2024-12-13 12:15:32,428 - 1 - INFO - **********JUDGER**********
玩家1说：它是一种有条纹的大型猫科动物。它在同类中以其独特的斑斓条纹而闻名。它是一种生活在森林中的动物，拥有强大的领地意识。在同类中，它以其敏捷的捕猎技巧和威严的形象而著称。玩家2说：它是一种强大的陆地食肉动物，拥有锋利的爪子和牙齿。在同类中，它以其独特的条纹和威猛的形象最为突出。它是一种生活在森林中的动物，以其出色的敏捷性和强大的领地意识而闻名。在同类中，它以其独特的斑纹和令人敬畏的捕猎技巧而著称。玩家3说：它是一种体型庞大、四肢发达的哺乳动物，拥有厚实的皮毛和强壮的肌肉。在其同类中，它以其庞大的体型和棕色的皮毛上特有的黑色斑纹最为引人注目。它是一种在森林中栖息的动物，以其强壮的体格和坚定的意志著称。在其同类中，它以其独特的力量和稳定性在捕猎和生存中占据优势。玩家4说：它是一种体型巨大的猫科动物，拥有强有力的四肢和尖锐的爪牙。在其同类中，它以其独特的斑纹和强大的捕食能力最为突出。它是一种威猛的森林霸主，以其统治地位和强大的力量而著称。它具有敏锐的感官和卓越的生存本能，是同类中无可争议的领导者。你是第1号玩家，你的关键词是<老虎>。你的回答中绝对不能包含你的关键词<老虎>。这是第三轮描述，你之前的描述是它是一种有条纹的大型猫科动物。它在同类中以其独特的斑斓条纹而闻名。和它是一种生活在森林中的动物，拥有强大的领地意识。在同类中，它以其敏捷的捕猎技巧和威严的形象而著称。，注意，这局游戏的词语分类为<动物>，卧底词和平民词都属于该类，请你补充关于关键词的描述，注意，你的描述应该比起之前的描述更加贴近关键词，作为之前的补充
2024-12-13 12:15:35,216 - 1 - INFO - **********PLAYER1**********
它是一种独居的动物，通常在夜间活动，以保持隐蔽。它在同类中以其统治地位和不可挑战的力量而闻名。
2024-12-13 12:15:45,979 - 1 - INFO - **********JUDGER**********
玩家1说：它是一种有条纹的大型猫科动物。它在同类中以其独特的斑斓条纹而闻名。它是一种生活在森林中的动物，拥有强大的领地意识。在同类中，它以其敏捷的捕猎技巧和威严的形象而著称。它是一种独居的动物，通常在夜间活动，以保持隐蔽。它在同类中以其统治地位和不可挑战的力量而闻名。玩家2说：它是一种强大的陆地食肉动物，拥有锋利的爪子和牙齿。在同类中，它以其独特的条纹和威猛的形象最为突出。它是一种生活在森林中的动物，以其出色的敏捷性和强大的领地意识而闻名。在同类中，它以其独特的斑纹和令人敬畏的捕猎技巧而著称。它是一种生活在热带雨林的动物，以其强大的生存能力和对领地的严格保护而著称。在同类中，它以其敏锐的感官和独居的生活方式而独树一帜。玩家3说：它是一种体型庞大、四肢发达的哺乳动物，拥有厚实的皮毛和强壮的肌肉。在其同类中，它以其庞大的体型和棕色的皮毛上特有的黑色斑纹最为引人注目。它是一种在森林中栖息的动物，以其强壮的体格和坚定的意志著称。在其同类中，它以其独特的力量和稳定性在捕猎和生存中占据优势。它是一种在寒冷地区生活的动物，以其耐寒的皮毛和适应恶劣环境的适应能力而闻名。在其同类中，它以其强大的防御机制和在食物链中的统治地位而著称。玩家4说：它是一种体型巨大的猫科动物，拥有强有力的四肢和尖锐的爪牙。在其同类中，它以其独特的斑纹和强大的捕食能力最为突出。它是一种威猛的森林霸主，以其统治地位和强大的力量而著称。它具有敏锐的感官和卓越的生存本能，是同类中无可争议的领导者。它是一种在夜间活动的动物，它的眼睛在黑暗中能够看得很清楚，这使得它在捕猎时具有优势。它的身体结构适合在森林中隐蔽和快速移动，它的叫声在夜间回荡，是森林中的霸主。||在这个游戏中，我们需要通过分析每位玩家的描述来找出卧底。通常，平民的描述会围绕相同的词语展开，而卧底的描述可能会因为词语的不同而显得不太一致。我们需要仔细比较每个描述之间的相似性和差异性，以找出可能的卧底，注意，卧底并不会隐藏自己，他会直接描述他的词语，现在，逐一分析每个玩家的描述，注意，这局游戏的词语分类为<动物>，卧底词和平民词都属于该类。||之前是第3轮描述和之前轮数描述的合集。你之前认为的卧底是玩家3。
2024-12-13 12:16:00,150 - 1 - INFO - **********PLAYER1**********
根据第三轮描述和之前轮数的描述，我们可以看到以下情况：

1. 玩家1的描述强调了老虎的条纹、生活环境和捕猎技巧，以及其独居和夜间活动的习性。

2. 玩家2的描述提到了老虎的条纹、力量、敏捷性、领地意识、捕猎技巧、生存能力、独居生活方式、敏锐感官和夜间活动的习性。

3. 玩家3的描述提到了老虎的体型、皮毛、力量、体格、意志、力量、稳定性、防御机制、统治地位和适应能力。

4. 玩家4的描述强调了老虎的体型、四肢、爪牙、斑纹、捕食能力、统治地位、力量、感官、生存本能、夜间活动、眼睛适应和身体结构。

玩家1、玩家2和玩家4的描述都包含了老虎的多个显著特征，如条纹、力量、捕食能力、领地意识、独居生活方式和夜间活动。然而，玩家3的描述虽然也提到了力量和统治地位，但没有明确提到条纹和捕食能力，这两个特征在玩家1、玩家2和玩家4的描述中都被强调。

此外，玩家3的描述中提到了“棕色的皮毛上特有的黑色斑纹”，这听起来更像是豹子的特征，而不是老虎的。老虎的条纹通常是黑色或深棕色，而斑纹通常是指不同的图案或颜色分布。

基于这些相似性和差异性，玩家3的描述与老虎的特征存在一些不一致之处，这支持了之前的推断，即玩家3可能是卧底。因此，根据这些分析，我之前的推断玩家3是卧底仍然成立。
2024-12-13 12:16:00,151 - 1 - INFO - **********JUDGER**********
你刚刚的分析是根据第三轮描述和之前轮数的描述，我们可以看到以下情况：

1. 玩家1的描述强调了老虎的条纹、生活环境和捕猎技巧，以及其独居和夜间活动的习性。

2. 玩家2的描述提到了老虎的条纹、力量、敏捷性、领地意识、捕猎技巧、生存能力、独居生活方式、敏锐感官和夜间活动的习性。

3. 玩家3的描述提到了老虎的体型、皮毛、力量、体格、意志、力量、稳定性、防御机制、统治地位和适应能力。

4. 玩家4的描述强调了老虎的体型、四肢、爪牙、斑纹、捕食能力、统治地位、力量、感官、生存本能、夜间活动、眼睛适应和身体结构。

玩家1、玩家2和玩家4的描述都包含了老虎的多个显著特征，如条纹、力量、捕食能力、领地意识、独居生活方式和夜间活动。然而，玩家3的描述虽然也提到了力量和统治地位，但没有明确提到条纹和捕食能力，这两个特征在玩家1、玩家2和玩家4的描述中都被强调。

此外，玩家3的描述中提到了“棕色的皮毛上特有的黑色斑纹”，这听起来更像是豹子的特征，而不是老虎的。老虎的条纹通常是黑色或深棕色，而斑纹通常是指不同的图案或颜色分布。

基于这些相似性和差异性，玩家3的描述与老虎的特征存在一些不一致之处，这支持了之前的推断，即玩家3可能是卧底。因此，根据这些分析，我之前的推断玩家3是卧底仍然成立。|| `请根据上述分析，比较描述以找出不一致之处，注意，这局游戏的词语分类为<动物>，卧底词和平民词都属于该类。
2024-12-13 12:16:07,245 - 1 - INFO - **********PLAYER1**********
根据上述分析，以下是不一致之处的比较：

1. 玩家1、玩家2和玩家4的描述都提到了老虎的条纹，而玩家3的描述中提到了“棕色的皮毛上特有的黑色斑纹”，这与老虎的条纹特征不符。

2. 玩家1、玩家2和玩家4的描述中都强调了老虎的捕食能力和生存本能，而玩家3的描述虽然提到了力量和统治地位，但没有明确提到捕食能力。

3. 玩家3的描述中提到了“棕色的皮毛上特有的黑色斑纹”，这听起来更像是豹子的特征，而不是老虎的条纹。

基于这些不一致之处，玩家3的描述与老虎的特征存在明显的差异，这可能是由于他的词语不是老虎，而是另一个属于<动物>类的词语。因此，不一致之处在于玩家3描述中提到的斑纹特征，这与老虎的条纹特征不符。
2024-12-13 12:16:07,248 - 1 - INFO - **********JUDGER**********
你刚刚的分析是根据上述分析，以下是不一致之处的比较：

1. 玩家1、玩家2和玩家4的描述都提到了老虎的条纹，而玩家3的描述中提到了“棕色的皮毛上特有的黑色斑纹”，这与老虎的条纹特征不符。

2. 玩家1、玩家2和玩家4的描述中都强调了老虎的捕食能力和生存本能，而玩家3的描述虽然提到了力量和统治地位，但没有明确提到捕食能力。

3. 玩家3的描述中提到了“棕色的皮毛上特有的黑色斑纹”，这听起来更像是豹子的特征，而不是老虎的条纹。

基于这些不一致之处，玩家3的描述与老虎的特征存在明显的差异，这可能是由于他的词语不是老虎，而是另一个属于<动物>类的词语。因此，不一致之处在于玩家3描述中提到的斑纹特征，这与老虎的条纹特征不符。|| 请通过你分析的不一致之处，推断卧底身份，注意，这局游戏的词语分类为<动物>，卧底词和平民词都属于该类。
2024-12-13 12:16:08,328 - 1 - INFO - **********PLAYER1**********
3
2024-12-13 12:16:08,329 - 1 - INFO - **********JUDGER**********
你刚刚的推断是3|| 基于你刚刚的推断得出你的最终结论，请输出你认为的卧底，在这种情况下只需要输出编号，是1-4中的某个数字，不要输出其他信息。在这个过程不要进行任何推理，只对||以前的部分进行信息提取
2024-12-13 12:16:09,386 - 1 - INFO - **********PLAYER1**********
3
