2024-12-13 12:12:34,437 - 2 - INFO - **********JUDGER**********
让我们来玩一个叫做<谁是卧底>的推理游戏。基本规则：<人数>：4人。<角色分配>：每位玩家随机抽取一个词语，3名玩家拿到的词语是相同的（平民词），1名玩家拿到与之相近但不同的词语（卧底词）。<游戏流程>：1、玩家轮流描述自己的词语，但<不能>直接说出词语本身。2、描述完毕后，投票选出最像卧底的玩家。3、每轮结束后，被投票选出的玩家出局，不能再进行描述或投票。4、每轮投票结束后，如果卧底被成功找出，平民方获胜；如果卧底未被找出且卧底人数等于或超过平民人数，则卧底方获胜。你将扮演一个<玩家>，请等待你被分配到的关键词。如果你听懂了，只回答，"好的，我准备好参加游戏了"，不要输出别的信息
2024-12-13 12:12:35,070 - 2 - INFO - **********PLAYER2**********
好的，我准备好参加游戏了
2024-12-13 12:12:40,463 - 2 - INFO - **********JUDGER**********
玩家1说：它是一种有条纹的大型猫科动物。它在同类中以其独特的斑斓条纹而闻名。玩家2说：玩家3说：玩家4说：|| 你是第2号玩家，你的关键词是<老虎>。你的回答中绝对不能包含你的关键词<老虎>。这是第一轮描述，不需要分析||之前别的玩家的描述，请你描述关键词基本特征，注意，这局游戏的词语分类为<动物>，卧底词和平民词都属于该类，描述包括以下两点，1.他的基本特征是什么2.他在该类（动物）中最突出不同的特征是什么，尽量简短
2024-12-13 12:12:42,729 - 2 - INFO - **********PLAYER2**********
它是一种强大的陆地食肉动物，拥有锋利的爪子和牙齿。在同类中，它以其独特的条纹和威猛的形象最为突出。
2024-12-13 12:13:08,105 - 2 - INFO - **********JUDGER**********
玩家1说：它是一种有条纹的大型猫科动物。它在同类中以其独特的斑斓条纹而闻名。玩家2说：它是一种强大的陆地食肉动物，拥有锋利的爪子和牙齿。在同类中，它以其独特的条纹和威猛的形象最为突出。玩家3说：它是一种体型庞大、四肢发达的哺乳动物，拥有厚实的皮毛和强壮的肌肉。在其同类中，它以其庞大的体型和棕色的皮毛上特有的黑色斑纹最为引人注目。玩家4说：||在这个游戏中，我们需要通过分析每位玩家的描述来找出卧底。通常，平民的描述会围绕相同的词语展开，而卧底的描述可能会因为词语的不同而显得不太一致。我们需要仔细比较每个描述之间的相似性和差异性，以找出可能的卧底，注意，卧底并不会隐藏自己，他会直接描述他的词语，现在，逐一分析每个玩家的描述，注意，这局游戏的词语分类为<动物>，卧底词和平民词都属于该类。这是第一轮描述。
2024-12-13 12:13:11,727 - 2 - INFO - **********PLAYER2**********
好的，我已经记下了每位玩家的描述。现在，我将根据描述内容来推测可能的卧底。

玩家1和玩家2的描述都提到了“条纹”、“大型猫科动物”和“威猛的形象”，这与老虎的特征相符。

玩家3的描述提到了“体型庞大”、“四肢发达”、“厚实的皮毛”和“棕色的皮毛上特有的黑色斑纹”，这些特征更像是熊类动物，特别是棕熊。

玩家4的描述更像是在引导大家分析，而不是具体描述某个动物的特征。

基于这些描述，玩家3的描述与老虎的特征不太相符，更像是熊类动物，因此我认为玩家3可能是卧底。当然，这只是根据描述的初步判断，实际游戏还需要进一步的推理和投票。
2024-12-13 12:13:11,729 - 2 - INFO - **********JUDGER**********
你刚刚的分析是好的，我已经记下了每位玩家的描述。现在，我将根据描述内容来推测可能的卧底。

玩家1和玩家2的描述都提到了“条纹”、“大型猫科动物”和“威猛的形象”，这与老虎的特征相符。

玩家3的描述提到了“体型庞大”、“四肢发达”、“厚实的皮毛”和“棕色的皮毛上特有的黑色斑纹”，这些特征更像是熊类动物，特别是棕熊。

玩家4的描述更像是在引导大家分析，而不是具体描述某个动物的特征。

基于这些描述，玩家3的描述与老虎的特征不太相符，更像是熊类动物，因此我认为玩家3可能是卧底。当然，这只是根据描述的初步判断，实际游戏还需要进一步的推理和投票。|| `请根据上述分析，比较描述以找出不一致之处，注意，这局游戏的词语分类为<动物>，卧底词和平民词都属于该类。
2024-12-13 12:13:21,071 - 2 - INFO - **********PLAYER2**********
根据上述分析，我们可以比较描述中的一些不一致之处：

1. **描述的相似性**：
   - 玩家1和玩家2的描述都强调了“条纹”、“大型猫科动物”和“威猛的形象”，这些特征与老虎非常吻合。

2. **描述的不一致性**：
   - 玩家3的描述提到了“体型庞大”、“四肢发达”、“厚实的皮毛”和“棕色的皮毛上特有的黑色斑纹”，这些特征与老虎的条纹特征不符，更像是熊类动物，特别是棕熊的特征。
   - 玩家4的描述主要是引导大家分析，没有提供具体的动物特征描述。

3. **推理**：
   - 由于玩家1、2和4的描述都围绕着相似的特征（条纹、大型猫科动物等），这表明他们可能是平民，共享同一个词语。
   - 玩家3的描述与老虎的特征不一致，且与熊类动物的特征更为吻合，这增加了他可能是卧底的嫌疑。

综上所述，玩家3的描述与大多数玩家的描述不一致，且更像是另一种动物（熊类），这可能是他作为卧底的不一致之处。
2024-12-13 12:13:21,074 - 2 - INFO - **********JUDGER**********
你刚刚的分析是根据上述分析，我们可以比较描述中的一些不一致之处：

1. **描述的相似性**：
   - 玩家1和玩家2的描述都强调了“条纹”、“大型猫科动物”和“威猛的形象”，这些特征与老虎非常吻合。

2. **描述的不一致性**：
   - 玩家3的描述提到了“体型庞大”、“四肢发达”、“厚实的皮毛”和“棕色的皮毛上特有的黑色斑纹”，这些特征与老虎的条纹特征不符，更像是熊类动物，特别是棕熊的特征。
   - 玩家4的描述主要是引导大家分析，没有提供具体的动物特征描述。

3. **推理**：
   - 由于玩家1、2和4的描述都围绕着相似的特征（条纹、大型猫科动物等），这表明他们可能是平民，共享同一个词语。
   - 玩家3的描述与老虎的特征不一致，且与熊类动物的特征更为吻合，这增加了他可能是卧底的嫌疑。

综上所述，玩家3的描述与大多数玩家的描述不一致，且更像是另一种动物（熊类），这可能是他作为卧底的不一致之处。|| 请通过你分析的不一致之处，推断卧底身份，注意，这局游戏的词语分类为<动物>，卧底词和平民词都属于该类。
2024-12-13 12:13:24,902 - 2 - INFO - **********PLAYER2**********
根据分析的不一致之处，结合游戏的词语分类为<动物>，可以推断以下结论：

玩家1、玩家2和玩家4的描述都指向了同一类动物――老虎，强调了条纹、大型猫科动物和威猛的形象等特征。

然而，玩家3的描述与老虎的特征不匹配，而是描述了体型庞大、四肢发达、厚实的皮毛和棕色的皮毛上特有的黑色斑纹，这些特征更符合熊类动物，尤其是棕熊。

因此，基于描述的不一致性，可以推断玩家3的卧底身份可能是熊类动物，而不是老虎。这是基于目前信息的推理，实际的卧底身份还需要后续的投票和进一步的分析来确定。
2024-12-13 12:13:24,907 - 2 - INFO - **********JUDGER**********
你刚刚的推断是根据分析的不一致之处，结合游戏的词语分类为<动物>，可以推断以下结论：

玩家1、玩家2和玩家4的描述都指向了同一类动物――老虎，强调了条纹、大型猫科动物和威猛的形象等特征。

然而，玩家3的描述与老虎的特征不匹配，而是描述了体型庞大、四肢发达、厚实的皮毛和棕色的皮毛上特有的黑色斑纹，这些特征更符合熊类动物，尤其是棕熊。

因此，基于描述的不一致性，可以推断玩家3的卧底身份可能是熊类动物，而不是老虎。这是基于目前信息的推理，实际的卧底身份还需要后续的投票和进一步的分析来确定。|| 基于你刚刚的推断得出你的最终结论，请输出你认为的卧底，在这种情况下只需要输出编号，是1-4中的某个数字，不要输出其他信息。在这个过程不要进行任何推理，只对||以前的部分进行信息提取
2024-12-13 12:13:25,330 - 2 - INFO - **********PLAYER2**********
3
2024-12-13 12:14:07,419 - 2 - INFO - **********JUDGER**********
玩家1说：它是一种有条纹的大型猫科动物。它在同类中以其独特的斑斓条纹而闻名。它是一种生活在森林中的动物，拥有强大的领地意识。在同类中，它以其敏捷的捕猎技巧和威严的形象而著称。玩家2说：它是一种强大的陆地食肉动物，拥有锋利的爪子和牙齿。在同类中，它以其独特的条纹和威猛的形象最为突出。玩家3说：它是一种体型庞大、四肢发达的哺乳动物，拥有厚实的皮毛和强壮的肌肉。在其同类中，它以其庞大的体型和棕色的皮毛上特有的黑色斑纹最为引人注目。玩家4说：它是一种体型巨大的猫科动物，拥有强有力的四肢和尖锐的爪牙。在其同类中，它以其独特的斑纹和强大的捕食能力最为突出。你是第2号玩家，你的关键词是<老虎>。你的回答中绝对不能包含你的关键词<老虎>。这是第二轮描述，你之前的描述是它是一种强大的陆地食肉动物，拥有锋利的爪子和牙齿。在同类中，它以其独特的条纹和威猛的形象最为突出。，注意，这局游戏的词语分类为<动物>，卧底词和平民词都属于该类，请你补充关于关键词的描述，注意，你的描述应该比起之前的描述更加贴近关键词，作为之前的补充
2024-12-13 12:14:08,923 - 2 - INFO - **********PLAYER2**********
它是一种生活在森林中的动物，以其出色的敏捷性和强大的领地意识而闻名。在同类中，它以其独特的斑纹和令人敬畏的捕猎技巧而著称。
2024-12-13 12:14:31,366 - 2 - INFO - **********JUDGER**********
玩家1说：它是一种有条纹的大型猫科动物。它在同类中以其独特的斑斓条纹而闻名。它是一种生活在森林中的动物，拥有强大的领地意识。在同类中，它以其敏捷的捕猎技巧和威严的形象而著称。玩家2说：它是一种强大的陆地食肉动物，拥有锋利的爪子和牙齿。在同类中，它以其独特的条纹和威猛的形象最为突出。它是一种生活在森林中的动物，以其出色的敏捷性和强大的领地意识而闻名。在同类中，它以其独特的斑纹和令人敬畏的捕猎技巧而著称。玩家3说：它是一种体型庞大、四肢发达的哺乳动物，拥有厚实的皮毛和强壮的肌肉。在其同类中，它以其庞大的体型和棕色的皮毛上特有的黑色斑纹最为引人注目。它是一种在森林中栖息的动物，以其强壮的体格和坚定的意志著称。在其同类中，它以其独特的力量和稳定性在捕猎和生存中占据优势。玩家4说：它是一种体型巨大的猫科动物，拥有强有力的四肢和尖锐的爪牙。在其同类中，它以其独特的斑纹和强大的捕食能力最为突出。||在这个游戏中，我们需要通过分析每位玩家的描述来找出卧底。通常，平民的描述会围绕相同的词语展开，而卧底的描述可能会因为词语的不同而显得不太一致。我们需要仔细比较每个描述之间的相似性和差异性，以找出可能的卧底，注意，卧底并不会隐藏自己，他会直接描述他的词语，现在，逐一分析每个玩家的描述，注意，这局游戏的词语分类为<动物>，卧底词和平民词都属于该类。||之前是第2轮描述和之前轮数描述的合集。你之前认为的卧底是玩家3。
2024-12-13 12:14:38,539 - 2 - INFO - **********PLAYER2**********
经过对第二轮描述的分析，我的初步判断是：

- 玩家1和玩家2的描述非常相似，都强调了“条纹”、“森林中的动物”、“领地意识”、“敏捷的捕猎技巧”和“威严的形象”，这些特征与老虎相符。
- 玩家4的描述也强调了“斑纹”和“强大的捕食能力”，与老虎的特征相吻合。
- 玩家3的描述提到了“体型庞大”、“四肢发达”、“厚实的皮毛”和“棕色的皮毛上特有的黑色斑纹”，这些特征与熊类动物更为吻合，而不是老虎。

尽管玩家3的描述与老虎的特征不太一致，但其他玩家的描述之间也没有明显的矛盾。因此，我的初步判断仍然倾向于玩家3可能是卧底，因为他的描述与老虎的特征不太匹配，而其他玩家的描述则更为一致。然而，这仍然是一个初步的判断，实际的游戏结果还需要进一步的推理和投票来确定。
2024-12-13 12:14:38,540 - 2 - INFO - **********JUDGER**********
你刚刚的分析是经过对第二轮描述的分析，我的初步判断是：

- 玩家1和玩家2的描述非常相似，都强调了“条纹”、“森林中的动物”、“领地意识”、“敏捷的捕猎技巧”和“威严的形象”，这些特征与老虎相符。
- 玩家4的描述也强调了“斑纹”和“强大的捕食能力”，与老虎的特征相吻合。
- 玩家3的描述提到了“体型庞大”、“四肢发达”、“厚实的皮毛”和“棕色的皮毛上特有的黑色斑纹”，这些特征与熊类动物更为吻合，而不是老虎。

尽管玩家3的描述与老虎的特征不太一致，但其他玩家的描述之间也没有明显的矛盾。因此，我的初步判断仍然倾向于玩家3可能是卧底，因为他的描述与老虎的特征不太匹配，而其他玩家的描述则更为一致。然而，这仍然是一个初步的判断，实际的游戏结果还需要进一步的推理和投票来确定。|| `请根据上述分析，比较描述以找出不一致之处，注意，这局游戏的词语分类为<动物>，卧底词和平民词都属于该类。
2024-12-13 12:14:47,082 - 2 - INFO - **********PLAYER2**********
根据上述分析，我们可以比较描述中的一些不一致之处：

1. **描述的相似性**：
   - 玩家1和玩家2的描述高度相似，都提到了“条纹”、“森林中的动物”、“领地意识”、“敏捷的捕猎技巧”和“威严的形象”，这些特征与老虎相符。

2. **描述的不一致性**：
   - 玩家3的描述提到了“体型庞大”、“四肢发达”、“厚实的皮毛”和“棕色的皮毛上特有的黑色斑纹”，这些特征更像是熊类动物，尤其是棕熊。
   - 玩家4的描述虽然也提到了“斑纹”和“强大的捕食能力”，但没有像玩家1和玩家2那样详细描述领地意识和威严形象，而是强调了体型巨大和强有力的四肢。

3. **推理**：
   - 玩家3的描述与老虎的特征有明显的差异，而玩家4的描述虽然提到了一些相似特征，但没有像玩家1和玩家2那样提供全面的描述。
   - 这种差异可能表明玩家3的描述与卧底词更不一致，而玩家4的描述虽然与老虎的特征相似，但可能不如玩家1和玩家2的描述那样一致。

综上所述，玩家3的描述与老虎的特征不一致，且与熊类动物的特征更为吻合，这可能是他作为卧底的不一致之处。而玩家4的描述虽然与老虎的特征相似，但没有提供与玩家1和玩家2相同的全面描述，这也可能是一个不一致之处。
2024-12-13 12:14:47,085 - 2 - INFO - **********JUDGER**********
你刚刚的分析是根据上述分析，我们可以比较描述中的一些不一致之处：

1. **描述的相似性**：
   - 玩家1和玩家2的描述高度相似，都提到了“条纹”、“森林中的动物”、“领地意识”、“敏捷的捕猎技巧”和“威严的形象”，这些特征与老虎相符。

2. **描述的不一致性**：
   - 玩家3的描述提到了“体型庞大”、“四肢发达”、“厚实的皮毛”和“棕色的皮毛上特有的黑色斑纹”，这些特征更像是熊类动物，尤其是棕熊。
   - 玩家4的描述虽然也提到了“斑纹”和“强大的捕食能力”，但没有像玩家1和玩家2那样详细描述领地意识和威严形象，而是强调了体型巨大和强有力的四肢。

3. **推理**：
   - 玩家3的描述与老虎的特征有明显的差异，而玩家4的描述虽然提到了一些相似特征，但没有像玩家1和玩家2那样提供全面的描述。
   - 这种差异可能表明玩家3的描述与卧底词更不一致，而玩家4的描述虽然与老虎的特征相似，但可能不如玩家1和玩家2的描述那样一致。

综上所述，玩家3的描述与老虎的特征不一致，且与熊类动物的特征更为吻合，这可能是他作为卧底的不一致之处。而玩家4的描述虽然与老虎的特征相似，但没有提供与玩家1和玩家2相同的全面描述，这也可能是一个不一致之处。|| 请通过你分析的不一致之处，推断卧底身份，注意，这局游戏的词语分类为<动物>，卧底词和平民词都属于该类。
2024-12-13 12:14:49,358 - 2 - INFO - **********PLAYER2**********
基于分析的不一致之处，可以推断卧底身份可能是：

- 玩家3，因为他的描述与老虎的特征明显不符，更像是熊类动物的特征。
- 玩家4，因为虽然他的描述与老虎的特征相似，但没有像玩家1和玩家2那样提供全面的描述，这可能表明他的描述与卧底词不一致。
2024-12-13 12:14:49,359 - 2 - INFO - **********JUDGER**********
你刚刚的推断是基于分析的不一致之处，可以推断卧底身份可能是：

- 玩家3，因为他的描述与老虎的特征明显不符，更像是熊类动物的特征。
- 玩家4，因为虽然他的描述与老虎的特征相似，但没有像玩家1和玩家2那样提供全面的描述，这可能表明他的描述与卧底词不一致。|| 基于你刚刚的推断得出你的最终结论，请输出你认为的卧底，在这种情况下只需要输出编号，是1-4中的某个数字，不要输出其他信息。在这个过程不要进行任何推理，只对||以前的部分进行信息提取
2024-12-13 12:14:50,197 - 2 - INFO - **********PLAYER2**********
3
2024-12-13 12:15:35,217 - 2 - INFO - **********JUDGER**********
玩家1说：它是一种有条纹的大型猫科动物。它在同类中以其独特的斑斓条纹而闻名。它是一种生活在森林中的动物，拥有强大的领地意识。在同类中，它以其敏捷的捕猎技巧和威严的形象而著称。它是一种独居的动物，通常在夜间活动，以保持隐蔽。它在同类中以其统治地位和不可挑战的力量而闻名。玩家2说：它是一种强大的陆地食肉动物，拥有锋利的爪子和牙齿。在同类中，它以其独特的条纹和威猛的形象最为突出。它是一种生活在森林中的动物，以其出色的敏捷性和强大的领地意识而闻名。在同类中，它以其独特的斑纹和令人敬畏的捕猎技巧而著称。玩家3说：它是一种体型庞大、四肢发达的哺乳动物，拥有厚实的皮毛和强壮的肌肉。在其同类中，它以其庞大的体型和棕色的皮毛上特有的黑色斑纹最为引人注目。它是一种在森林中栖息的动物，以其强壮的体格和坚定的意志著称。在其同类中，它以其独特的力量和稳定性在捕猎和生存中占据优势。玩家4说：它是一种体型巨大的猫科动物，拥有强有力的四肢和尖锐的爪牙。在其同类中，它以其独特的斑纹和强大的捕食能力最为突出。它是一种威猛的森林霸主，以其统治地位和强大的力量而著称。它具有敏锐的感官和卓越的生存本能，是同类中无可争议的领导者。你是第2号玩家，你的关键词是<老虎>。你的回答中绝对不能包含你的关键词<老虎>。这是第三轮描述，你之前的描述是它是一种强大的陆地食肉动物，拥有锋利的爪子和牙齿。在同类中，它以其独特的条纹和威猛的形象最为突出。和它是一种生活在森林中的动物，以其出色的敏捷性和强大的领地意识而闻名。在同类中，它以其独特的斑纹和令人敬畏的捕猎技巧而著称。，注意，这局游戏的词语分类为<动物>，卧底词和平民词都属于该类，请你补充关于关键词的描述，注意，你的描述应该比起之前的描述更加贴近关键词，作为之前的补充
2024-12-13 12:15:40,287 - 2 - INFO - **********PLAYER2**********
它是一种生活在热带雨林的动物，以其强大的生存能力和对领地的严格保护而著称。在同类中，它以其敏锐的感官和独居的生活方式而独树一帜。
2024-12-13 12:16:09,394 - 2 - INFO - **********JUDGER**********
玩家1说：它是一种有条纹的大型猫科动物。它在同类中以其独特的斑斓条纹而闻名。它是一种生活在森林中的动物，拥有强大的领地意识。在同类中，它以其敏捷的捕猎技巧和威严的形象而著称。它是一种独居的动物，通常在夜间活动，以保持隐蔽。它在同类中以其统治地位和不可挑战的力量而闻名。玩家2说：它是一种强大的陆地食肉动物，拥有锋利的爪子和牙齿。在同类中，它以其独特的条纹和威猛的形象最为突出。它是一种生活在森林中的动物，以其出色的敏捷性和强大的领地意识而闻名。在同类中，它以其独特的斑纹和令人敬畏的捕猎技巧而著称。它是一种生活在热带雨林的动物，以其强大的生存能力和对领地的严格保护而著称。在同类中，它以其敏锐的感官和独居的生活方式而独树一帜。玩家3说：它是一种体型庞大、四肢发达的哺乳动物，拥有厚实的皮毛和强壮的肌肉。在其同类中，它以其庞大的体型和棕色的皮毛上特有的黑色斑纹最为引人注目。它是一种在森林中栖息的动物，以其强壮的体格和坚定的意志著称。在其同类中，它以其独特的力量和稳定性在捕猎和生存中占据优势。它是一种在寒冷地区生活的动物，以其耐寒的皮毛和适应恶劣环境的适应能力而闻名。在其同类中，它以其强大的防御机制和在食物链中的统治地位而著称。玩家4说：它是一种体型巨大的猫科动物，拥有强有力的四肢和尖锐的爪牙。在其同类中，它以其独特的斑纹和强大的捕食能力最为突出。它是一种威猛的森林霸主，以其统治地位和强大的力量而著称。它具有敏锐的感官和卓越的生存本能，是同类中无可争议的领导者。它是一种在夜间活动的动物，它的眼睛在黑暗中能够看得很清楚，这使得它在捕猎时具有优势。它的身体结构适合在森林中隐蔽和快速移动，它的叫声在夜间回荡，是森林中的霸主。||在这个游戏中，我们需要通过分析每位玩家的描述来找出卧底。通常，平民的描述会围绕相同的词语展开，而卧底的描述可能会因为词语的不同而显得不太一致。我们需要仔细比较每个描述之间的相似性和差异性，以找出可能的卧底，注意，卧底并不会隐藏自己，他会直接描述他的词语，现在，逐一分析每个玩家的描述，注意，这局游戏的词语分类为<动物>，卧底词和平民词都属于该类。||之前是第3轮描述和之前轮数描述的合集。你之前认为的卧底是玩家3。
2024-12-13 12:16:21,557 - 2 - INFO - **********PLAYER2**********
经过对第三轮描述和之前轮数描述的分析，我的初步判断是：

- 玩家1和玩家2的描述非常相似，都强调了“条纹”、“森林中的动物”、“领地意识”、“敏捷的捕猎技巧”、“威严的形象”和“独居的生活方式”，这些特征与老虎相符。
- 玩家4的描述也强调了“斑纹”、“强大的捕食能力”、“威猛的森林霸主”、“统治地位”、“强大的力量”、“敏锐的感官”、“卓越的生存本能”、“夜间活动”和“叫声在夜间回荡”，这些特征也与老虎相符。
- 玩家3的描述提到了“体型庞大”、“四肢发达”、“厚实的皮毛”、“强壮的肌肉”、“庞大的体型”、“棕色的皮毛上特有的黑色斑纹”、“强壮的体格”、“坚定的意志”、“独特的力量和稳定性”、“在寒冷地区生活”、“耐寒的皮毛”、“适应恶劣环境的适应能力”、“强大的防御机制”和“在食物链中的统治地位”，这些特征更像是熊类动物，尤其是棕熊。

尽管玩家3的描述与老虎的特征不太一致，但其他玩家的描述之间也没有明显的矛盾。因此，我的初步判断仍然倾向于玩家3可能是卧底，因为他的描述与老虎的特征不太匹配，而其他玩家的描述则更为一致。然而，这仍然是一个初步的判断，实际的游戏结果还需要进一步的推理和投票来确定。
2024-12-13 12:16:21,558 - 2 - INFO - **********JUDGER**********
你刚刚的分析是经过对第三轮描述和之前轮数描述的分析，我的初步判断是：

- 玩家1和玩家2的描述非常相似，都强调了“条纹”、“森林中的动物”、“领地意识”、“敏捷的捕猎技巧”、“威严的形象”和“独居的生活方式”，这些特征与老虎相符。
- 玩家4的描述也强调了“斑纹”、“强大的捕食能力”、“威猛的森林霸主”、“统治地位”、“强大的力量”、“敏锐的感官”、“卓越的生存本能”、“夜间活动”和“叫声在夜间回荡”，这些特征也与老虎相符。
- 玩家3的描述提到了“体型庞大”、“四肢发达”、“厚实的皮毛”、“强壮的肌肉”、“庞大的体型”、“棕色的皮毛上特有的黑色斑纹”、“强壮的体格”、“坚定的意志”、“独特的力量和稳定性”、“在寒冷地区生活”、“耐寒的皮毛”、“适应恶劣环境的适应能力”、“强大的防御机制”和“在食物链中的统治地位”，这些特征更像是熊类动物，尤其是棕熊。

尽管玩家3的描述与老虎的特征不太一致，但其他玩家的描述之间也没有明显的矛盾。因此，我的初步判断仍然倾向于玩家3可能是卧底，因为他的描述与老虎的特征不太匹配，而其他玩家的描述则更为一致。然而，这仍然是一个初步的判断，实际的游戏结果还需要进一步的推理和投票来确定。|| `请根据上述分析，比较描述以找出不一致之处，注意，这局游戏的词语分类为<动物>，卧底词和平民词都属于该类。
2024-12-13 12:16:34,780 - 2 - INFO - **********PLAYER2**********
根据上述分析，我们可以比较描述中的一些不一致之处：

1. **描述的相似性**：
   - 玩家1和玩家2的描述非常相似，都强调了老虎的特征，如条纹、森林生活、领地意识、敏捷捕猎、威严形象和独居生活方式。

2. **描述的不一致性**：
   - 玩家3的描述提到了体型庞大、四肢发达、厚实皮毛、强壮肌肉、棕色皮毛、强壮体格、坚定的意志、独特的力量和稳定性、寒冷地区生活、耐寒皮毛、适应恶劣环境的适应能力、强大的防御机制和食物链中的统治地位，这些特征更像是熊类动物，特别是棕熊，而不是老虎。
   - 玩家4的描述虽然也提到了老虎的一些特征，如斑纹、捕食能力、威猛、统治地位、力量、敏锐感官和生存本能，但没有像玩家1和玩家2那样详细描述领地意识、威严形象和独居生活方式。

3. **推理**：
   - 玩家3的描述与老虎的特征有明显的差异，而玩家4的描述虽然与老虎的特征相似，但没有提供与玩家1和玩家2相同的全面描述。
   - 这种差异可能表明玩家3的描述与卧底词更不一致，而玩家4的描述虽然与老虎的特征相似，但可能不如玩家1和玩家2的描述那样一致。

综上所述，玩家3的描述与老虎的特征不一致，且与熊类动物的特征更为吻合，这可能是他作为卧底的不一致之处。而玩家4的描述虽然与老虎的特征相似，但没有提供与玩家1和玩家2相同的全面描述，这也可能是一个不一致之处。
2024-12-13 12:16:34,786 - 2 - INFO - **********JUDGER**********
你刚刚的分析是根据上述分析，我们可以比较描述中的一些不一致之处：

1. **描述的相似性**：
   - 玩家1和玩家2的描述非常相似，都强调了老虎的特征，如条纹、森林生活、领地意识、敏捷捕猎、威严形象和独居生活方式。

2. **描述的不一致性**：
   - 玩家3的描述提到了体型庞大、四肢发达、厚实皮毛、强壮肌肉、棕色皮毛、强壮体格、坚定的意志、独特的力量和稳定性、寒冷地区生活、耐寒皮毛、适应恶劣环境的适应能力、强大的防御机制和食物链中的统治地位，这些特征更像是熊类动物，特别是棕熊，而不是老虎。
   - 玩家4的描述虽然也提到了老虎的一些特征，如斑纹、捕食能力、威猛、统治地位、力量、敏锐感官和生存本能，但没有像玩家1和玩家2那样详细描述领地意识、威严形象和独居生活方式。

3. **推理**：
   - 玩家3的描述与老虎的特征有明显的差异，而玩家4的描述虽然与老虎的特征相似，但没有提供与玩家1和玩家2相同的全面描述。
   - 这种差异可能表明玩家3的描述与卧底词更不一致，而玩家4的描述虽然与老虎的特征相似，但可能不如玩家1和玩家2的描述那样一致。

综上所述，玩家3的描述与老虎的特征不一致，且与熊类动物的特征更为吻合，这可能是他作为卧底的不一致之处。而玩家4的描述虽然与老虎的特征相似，但没有提供与玩家1和玩家2相同的全面描述，这也可能是一个不一致之处。|| 请通过你分析的不一致之处，推断卧底身份，注意，这局游戏的词语分类为<动物>，卧底词和平民词都属于该类。
2024-12-13 12:16:36,177 - 2 - INFO - **********PLAYER2**********
3
2024-12-13 12:16:36,177 - 2 - INFO - **********JUDGER**********
你刚刚的推断是3|| 基于你刚刚的推断得出你的最终结论，请输出你认为的卧底，在这种情况下只需要输出编号，是1-4中的某个数字，不要输出其他信息。在这个过程不要进行任何推理，只对||以前的部分进行信息提取
2024-12-13 12:16:38,112 - 2 - INFO - **********PLAYER2**********
3
