2024-12-13 12:12:36,157 - 3 - INFO - **********JUDGER**********
让我们来玩一个叫做<谁是卧底>的推理游戏。基本规则：<人数>：4人。<角色分配>：每位玩家随机抽取一个词语，3名玩家拿到的词语是相同的（平民词），1名玩家拿到与之相近但不同的词语（卧底词）。<游戏流程>：1、玩家轮流描述自己的词语，但<不能>直接说出词语本身。2、描述完毕后，投票选出最像卧底的玩家。3、每轮结束后，被投票选出的玩家出局，不能再进行描述或投票。4、每轮投票结束后，如果卧底被成功找出，平民方获胜；如果卧底未被找出且卧底人数等于或超过平民人数，则卧底方获胜。你将扮演一个<玩家>，请等待你被分配到的关键词。如果你听懂了，只回答，"好的，我准备好参加游戏了"，不要输出别的信息
2024-12-13 12:12:36,633 - 3 - INFO - **********PLAYER3**********
好的，我准备好参加游戏了
2024-12-13 12:12:42,729 - 3 - INFO - **********JUDGER**********
玩家1说：它是一种有条纹的大型猫科动物。它在同类中以其独特的斑斓条纹而闻名。玩家2说：它是一种强大的陆地食肉动物，拥有锋利的爪子和牙齿。在同类中，它以其独特的条纹和威猛的形象最为突出。玩家3说：玩家4说：|| 你是第3号玩家，你的关键词是<熊>。你的回答中绝对不能包含你的关键词<熊>。这是第一轮描述，不需要分析||之前别的玩家的描述，请你描述关键词基本特征，注意，这局游戏的词语分类为<动物>，卧底词和平民词都属于该类，描述包括以下两点，1.他的基本特征是什么2.他在该类（动物）中最突出不同的特征是什么，尽量简短
2024-12-13 12:12:44,851 - 3 - INFO - **********PLAYER3**********
它是一种体型庞大、四肢发达的哺乳动物，拥有厚实的皮毛和强壮的肌肉。在其同类中，它以其庞大的体型和棕色的皮毛上特有的黑色斑纹最为引人注目。
2024-12-13 12:13:25,331 - 3 - INFO - **********JUDGER**********
玩家1说：它是一种有条纹的大型猫科动物。它在同类中以其独特的斑斓条纹而闻名。玩家2说：它是一种强大的陆地食肉动物，拥有锋利的爪子和牙齿。在同类中，它以其独特的条纹和威猛的形象最为突出。玩家3说：它是一种体型庞大、四肢发达的哺乳动物，拥有厚实的皮毛和强壮的肌肉。在其同类中，它以其庞大的体型和棕色的皮毛上特有的黑色斑纹最为引人注目。玩家4说：||在这个游戏中，我们需要通过分析每位玩家的描述来找出卧底。通常，平民的描述会围绕相同的词语展开，而卧底的描述可能会因为词语的不同而显得不太一致。我们需要仔细比较每个描述之间的相似性和差异性，以找出可能的卧底，注意，卧底并不会隐藏自己，他会直接描述他的词语，现在，逐一分析每个玩家的描述，注意，这局游戏的词语分类为<动物>，卧底词和平民词都属于该类。这是第一轮描述。
2024-12-13 12:13:29,945 - 3 - INFO - **********PLAYER3**********
根据玩家们的描述，我们可以看到以下几点：

1. 玩家1、玩家2和玩家3的描述都指向了同一种动物，即豹子。他们提到了豹子的条纹、大型猫科动物、威猛的形象、锋利的爪子和牙齿、庞大的体型和棕色的皮毛上特有的黑色斑纹。

2. 玩家4的描述则提到了一个体型庞大、四肢发达的哺乳动物，但没有明确指出是哪种动物，也没有提到条纹或其他特征。

基于这些信息，玩家4的描述可能不太符合其他玩家的描述，因此他可能是卧底。不过，由于卧底不会隐藏自己，他的描述也可能是有意为之，试图误导其他玩家。因此，我们需要在接下来的轮次中继续观察玩家的描述，以确定最终的卧底。
2024-12-13 12:13:29,946 - 3 - INFO - **********JUDGER**********
你刚刚的分析是根据玩家们的描述，我们可以看到以下几点：

1. 玩家1、玩家2和玩家3的描述都指向了同一种动物，即豹子。他们提到了豹子的条纹、大型猫科动物、威猛的形象、锋利的爪子和牙齿、庞大的体型和棕色的皮毛上特有的黑色斑纹。

2. 玩家4的描述则提到了一个体型庞大、四肢发达的哺乳动物，但没有明确指出是哪种动物，也没有提到条纹或其他特征。

基于这些信息，玩家4的描述可能不太符合其他玩家的描述，因此他可能是卧底。不过，由于卧底不会隐藏自己，他的描述也可能是有意为之，试图误导其他玩家。因此，我们需要在接下来的轮次中继续观察玩家的描述，以确定最终的卧底。|| `请根据上述分析，比较描述以找出不一致之处，注意，这局游戏的词语分类为<动物>，卧底词和平民词都属于该类。
2024-12-13 12:13:34,911 - 3 - INFO - **********PLAYER3**********
根据上述分析，我们可以比较描述中的一致性和不一致之处如下：

一致性：
- 玩家1、玩家2和玩家3的描述都指向了豹子这一动物，强调了它的条纹、大型猫科动物、威猛的形象、锋利的爪子和牙齿、庞大的体型以及棕色的皮毛上特有的黑色斑纹。

不一致之处：
- 玩家4的描述虽然也提到了体型庞大、四肢发达的哺乳动物，但没有提及任何关于条纹、猫科、威猛形象、爪子牙齿、体型或皮毛颜色和斑纹的描述。这与其他玩家描述的豹子的特征有明显的差异。

因此，玩家4的描述与其他玩家的描述不一致，这可能是他作为卧底的一个标志。他的描述缺乏关于动物特征的特定细节，而其他玩家则提供了关于豹子特征的具体信息。这提示玩家4可能持有的词语与豹子不同，可能是另一种动物或者甚至是完全不同的类别。
2024-12-13 12:13:34,912 - 3 - INFO - **********JUDGER**********
你刚刚的分析是根据上述分析，我们可以比较描述中的一致性和不一致之处如下：

一致性：
- 玩家1、玩家2和玩家3的描述都指向了豹子这一动物，强调了它的条纹、大型猫科动物、威猛的形象、锋利的爪子和牙齿、庞大的体型以及棕色的皮毛上特有的黑色斑纹。

不一致之处：
- 玩家4的描述虽然也提到了体型庞大、四肢发达的哺乳动物，但没有提及任何关于条纹、猫科、威猛形象、爪子牙齿、体型或皮毛颜色和斑纹的描述。这与其他玩家描述的豹子的特征有明显的差异。

因此，玩家4的描述与其他玩家的描述不一致，这可能是他作为卧底的一个标志。他的描述缺乏关于动物特征的特定细节，而其他玩家则提供了关于豹子特征的具体信息。这提示玩家4可能持有的词语与豹子不同，可能是另一种动物或者甚至是完全不同的类别。|| 请通过你分析的不一致之处，推断卧底身份，注意，这局游戏的词语分类为<动物>，卧底词和平民词都属于该类。
2024-12-13 12:13:42,982 - 3 - INFO - **********PLAYER3**********
基于上述分析的不一致之处，我们可以推断卧底身份如下：

- 玩家1、玩家2和玩家3的描述都非常具体且一致，指向了同一动物――豹子，并且详细描述了豹子的特征。
- 玩家4的描述则相对模糊，只提到了体型庞大、四肢发达的哺乳动物，没有提到任何与豹子相关的特定特征。

在<动物>这个词语分类下，且卧底词和平民词都属于该类的前提下，玩家4的描述缺乏具体特征，这暗示他可能持有的词语是一个更普遍的动物类别，而不是豹子这样具有特定特征的动物。

因此，根据描述的不一致性，玩家4很可能是卧底。他可能持有的词语是一个更为广泛的动物类别，比如“熊”，这样他的描述就不会与其他玩家具体指向同一物种的描述相冲突。然而，最终是否为卧底还需要通过投票和进一步的描述来确认。
2024-12-13 12:13:42,983 - 3 - INFO - **********JUDGER**********
你刚刚的推断是基于上述分析的不一致之处，我们可以推断卧底身份如下：

- 玩家1、玩家2和玩家3的描述都非常具体且一致，指向了同一动物――豹子，并且详细描述了豹子的特征。
- 玩家4的描述则相对模糊，只提到了体型庞大、四肢发达的哺乳动物，没有提到任何与豹子相关的特定特征。

在<动物>这个词语分类下，且卧底词和平民词都属于该类的前提下，玩家4的描述缺乏具体特征，这暗示他可能持有的词语是一个更普遍的动物类别，而不是豹子这样具有特定特征的动物。

因此，根据描述的不一致性，玩家4很可能是卧底。他可能持有的词语是一个更为广泛的动物类别，比如“熊”，这样他的描述就不会与其他玩家具体指向同一物种的描述相冲突。然而，最终是否为卧底还需要通过投票和进一步的描述来确认。|| 基于你刚刚的推断得出你的最终结论，请输出你认为的卧底，在这种情况下只需要输出编号，是1-4中的某个数字，不要输出其他信息。在这个过程不要进行任何推理，只对||以前的部分进行信息提取
2024-12-13 12:13:43,528 - 3 - INFO - **********PLAYER3**********
4
2024-12-13 12:14:08,924 - 3 - INFO - **********JUDGER**********
玩家1说：它是一种有条纹的大型猫科动物。它在同类中以其独特的斑斓条纹而闻名。它是一种生活在森林中的动物，拥有强大的领地意识。在同类中，它以其敏捷的捕猎技巧和威严的形象而著称。玩家2说：它是一种强大的陆地食肉动物，拥有锋利的爪子和牙齿。在同类中，它以其独特的条纹和威猛的形象最为突出。它是一种生活在森林中的动物，以其出色的敏捷性和强大的领地意识而闻名。在同类中，它以其独特的斑纹和令人敬畏的捕猎技巧而著称。玩家3说：它是一种体型庞大、四肢发达的哺乳动物，拥有厚实的皮毛和强壮的肌肉。在其同类中，它以其庞大的体型和棕色的皮毛上特有的黑色斑纹最为引人注目。玩家4说：它是一种体型巨大的猫科动物，拥有强有力的四肢和尖锐的爪牙。在其同类中，它以其独特的斑纹和强大的捕食能力最为突出。你是第3号玩家，你的关键词是<熊>。你的回答中绝对不能包含你的关键词<熊>。这是第二轮描述，你之前的描述是它是一种体型庞大、四肢发达的哺乳动物，拥有厚实的皮毛和强壮的肌肉。在其同类中，它以其庞大的体型和棕色的皮毛上特有的黑色斑纹最为引人注目。，注意，这局游戏的词语分类为<动物>，卧底词和平民词都属于该类，请你补充关于关键词的描述，注意，你的描述应该比起之前的描述更加贴近关键词，作为之前的补充
2024-12-13 12:14:10,577 - 3 - INFO - **********PLAYER3**********
它是一种在森林中栖息的动物，以其强壮的体格和坚定的意志著称。在其同类中，它以其独特的力量和稳定性在捕猎和生存中占据优势。
2024-12-13 12:14:50,197 - 3 - INFO - **********JUDGER**********
玩家1说：它是一种有条纹的大型猫科动物。它在同类中以其独特的斑斓条纹而闻名。它是一种生活在森林中的动物，拥有强大的领地意识。在同类中，它以其敏捷的捕猎技巧和威严的形象而著称。玩家2说：它是一种强大的陆地食肉动物，拥有锋利的爪子和牙齿。在同类中，它以其独特的条纹和威猛的形象最为突出。它是一种生活在森林中的动物，以其出色的敏捷性和强大的领地意识而闻名。在同类中，它以其独特的斑纹和令人敬畏的捕猎技巧而著称。玩家3说：它是一种体型庞大、四肢发达的哺乳动物，拥有厚实的皮毛和强壮的肌肉。在其同类中，它以其庞大的体型和棕色的皮毛上特有的黑色斑纹最为引人注目。它是一种在森林中栖息的动物，以其强壮的体格和坚定的意志著称。在其同类中，它以其独特的力量和稳定性在捕猎和生存中占据优势。玩家4说：它是一种体型巨大的猫科动物，拥有强有力的四肢和尖锐的爪牙。在其同类中，它以其独特的斑纹和强大的捕食能力最为突出。||在这个游戏中，我们需要通过分析每位玩家的描述来找出卧底。通常，平民的描述会围绕相同的词语展开，而卧底的描述可能会因为词语的不同而显得不太一致。我们需要仔细比较每个描述之间的相似性和差异性，以找出可能的卧底，注意，卧底并不会隐藏自己，他会直接描述他的词语，现在，逐一分析每个玩家的描述，注意，这局游戏的词语分类为<动物>，卧底词和平民词都属于该类。||之前是第2轮描述和之前轮数描述的合集。你之前认为的卧底是玩家4。
2024-12-13 12:14:50,848 - 3 - INFO - **********PLAYER3**********
玩家4
2024-12-13 12:14:50,849 - 3 - INFO - **********JUDGER**********
你刚刚的分析是玩家4|| `请根据上述分析，比较描述以找出不一致之处，注意，这局游戏的词语分类为<动物>，卧底词和平民词都属于该类。
2024-12-13 12:15:00,749 - 3 - INFO - **********PLAYER3**********
在比较玩家的描述时，我们可以看到以下不一致之处：

- 玩家1、玩家2和玩家3的描述都指向了豹子这一动物，强调了它的条纹、生活在森林中、强大的领地意识、敏捷的捕猎技巧、威严的形象、锋利的爪子和牙齿、棕色的皮毛上特有的黑色斑纹、出色的敏捷性、令人敬畏的捕猎技巧、强壮的体格和坚定的意志。

- 玩家4的描述虽然也提到了体型巨大的猫科动物、强有力的四肢、尖锐的爪牙、独特的斑纹和强大的捕食能力，但没有提到生活在森林中、领地意识、敏捷性、威严的形象、棕色的皮毛和黑色斑纹、强壮的体格和坚定的意志等特征。

玩家4的描述在提及了猫科动物的一些普遍特征后，没有提供与玩家1、2、3描述中提到的特定动物（豹子）相匹配的详细特征，这可能是他作为卧底的一个标志。因此，不一致之处在于玩家4的描述缺少了其他玩家描述中关于特定动物（如豹子）的特定细节。
2024-12-13 12:15:00,757 - 3 - INFO - **********JUDGER**********
你刚刚的分析是在比较玩家的描述时，我们可以看到以下不一致之处：

- 玩家1、玩家2和玩家3的描述都指向了豹子这一动物，强调了它的条纹、生活在森林中、强大的领地意识、敏捷的捕猎技巧、威严的形象、锋利的爪子和牙齿、棕色的皮毛上特有的黑色斑纹、出色的敏捷性、令人敬畏的捕猎技巧、强壮的体格和坚定的意志。

- 玩家4的描述虽然也提到了体型巨大的猫科动物、强有力的四肢、尖锐的爪牙、独特的斑纹和强大的捕食能力，但没有提到生活在森林中、领地意识、敏捷性、威严的形象、棕色的皮毛和黑色斑纹、强壮的体格和坚定的意志等特征。

玩家4的描述在提及了猫科动物的一些普遍特征后，没有提供与玩家1、2、3描述中提到的特定动物（豹子）相匹配的详细特征，这可能是他作为卧底的一个标志。因此，不一致之处在于玩家4的描述缺少了其他玩家描述中关于特定动物（如豹子）的特定细节。|| 请通过你分析的不一致之处，推断卧底身份，注意，这局游戏的词语分类为<动物>，卧底词和平民词都属于该类。
2024-12-13 12:15:06,776 - 3 - INFO - **********PLAYER3**********
基于分析的不一致之处，我之前的推断是玩家4可能是卧底，因为他的描述没有提到其他玩家描述中关于特定动物（如豹子）的特定细节，而是提到了一些更普遍的猫科动物特征。

然而，现在我们需要重新评估所有玩家的描述。如果所有玩家描述的动物都是豹子，那么不一致之处可能并不足以确定卧底。但是，如果存在其他动物与描述相符，那么不一致之处可能指向了那个动物。

由于题目中没有提供足够的信息来确定除了豹子以外的其他动物，我们可以根据现有信息推断：

- 玩家1、玩家2和玩家3的描述非常一致，指向了豹子。
- 玩家4的描述虽然提到了猫科动物的特征，但没有明确指向豹子。

因此，考虑到所有玩家的描述，玩家4的描述与玩家1、2、3的描述存在不一致之处，这仍然表明玩家4可能是卧底。但是，如果没有更多信息，我们不能排除其他可能性。

最终，基于描述的不一致性，玩家4仍然是可能的卧底。
2024-12-13 12:15:06,777 - 3 - INFO - **********JUDGER**********
你刚刚的推断是基于分析的不一致之处，我之前的推断是玩家4可能是卧底，因为他的描述没有提到其他玩家描述中关于特定动物（如豹子）的特定细节，而是提到了一些更普遍的猫科动物特征。

然而，现在我们需要重新评估所有玩家的描述。如果所有玩家描述的动物都是豹子，那么不一致之处可能并不足以确定卧底。但是，如果存在其他动物与描述相符，那么不一致之处可能指向了那个动物。

由于题目中没有提供足够的信息来确定除了豹子以外的其他动物，我们可以根据现有信息推断：

- 玩家1、玩家2和玩家3的描述非常一致，指向了豹子。
- 玩家4的描述虽然提到了猫科动物的特征，但没有明确指向豹子。

因此，考虑到所有玩家的描述，玩家4的描述与玩家1、2、3的描述存在不一致之处，这仍然表明玩家4可能是卧底。但是，如果没有更多信息，我们不能排除其他可能性。

最终，基于描述的不一致性，玩家4仍然是可能的卧底。|| 基于你刚刚的推断得出你的最终结论，请输出你认为的卧底，在这种情况下只需要输出编号，是1-4中的某个数字，不要输出其他信息。在这个过程不要进行任何推理，只对||以前的部分进行信息提取
2024-12-13 12:15:07,457 - 3 - INFO - **********PLAYER3**********
4
2024-12-13 12:15:40,288 - 3 - INFO - **********JUDGER**********
玩家1说：它是一种有条纹的大型猫科动物。它在同类中以其独特的斑斓条纹而闻名。它是一种生活在森林中的动物，拥有强大的领地意识。在同类中，它以其敏捷的捕猎技巧和威严的形象而著称。它是一种独居的动物，通常在夜间活动，以保持隐蔽。它在同类中以其统治地位和不可挑战的力量而闻名。玩家2说：它是一种强大的陆地食肉动物，拥有锋利的爪子和牙齿。在同类中，它以其独特的条纹和威猛的形象最为突出。它是一种生活在森林中的动物，以其出色的敏捷性和强大的领地意识而闻名。在同类中，它以其独特的斑纹和令人敬畏的捕猎技巧而著称。它是一种生活在热带雨林的动物，以其强大的生存能力和对领地的严格保护而著称。在同类中，它以其敏锐的感官和独居的生活方式而独树一帜。玩家3说：它是一种体型庞大、四肢发达的哺乳动物，拥有厚实的皮毛和强壮的肌肉。在其同类中，它以其庞大的体型和棕色的皮毛上特有的黑色斑纹最为引人注目。它是一种在森林中栖息的动物，以其强壮的体格和坚定的意志著称。在其同类中，它以其独特的力量和稳定性在捕猎和生存中占据优势。玩家4说：它是一种体型巨大的猫科动物，拥有强有力的四肢和尖锐的爪牙。在其同类中，它以其独特的斑纹和强大的捕食能力最为突出。它是一种威猛的森林霸主，以其统治地位和强大的力量而著称。它具有敏锐的感官和卓越的生存本能，是同类中无可争议的领导者。你是第3号玩家，你的关键词是<熊>。你的回答中绝对不能包含你的关键词<熊>。这是第三轮描述，你之前的描述是它是一种体型庞大、四肢发达的哺乳动物，拥有厚实的皮毛和强壮的肌肉。在其同类中，它以其庞大的体型和棕色的皮毛上特有的黑色斑纹最为引人注目。和它是一种在森林中栖息的动物，以其强壮的体格和坚定的意志著称。在其同类中，它以其独特的力量和稳定性在捕猎和生存中占据优势。，注意，这局游戏的词语分类为<动物>，卧底词和平民词都属于该类，请你补充关于关键词的描述，注意，你的描述应该比起之前的描述更加贴近关键词，作为之前的补充
2024-12-13 12:15:43,037 - 3 - INFO - **********PLAYER3**********
它是一种在寒冷地区生活的动物，以其耐寒的皮毛和适应恶劣环境的适应能力而闻名。在其同类中，它以其强大的防御机制和在食物链中的统治地位而著称。
2024-12-13 12:16:38,113 - 3 - INFO - **********JUDGER**********
玩家1说：它是一种有条纹的大型猫科动物。它在同类中以其独特的斑斓条纹而闻名。它是一种生活在森林中的动物，拥有强大的领地意识。在同类中，它以其敏捷的捕猎技巧和威严的形象而著称。它是一种独居的动物，通常在夜间活动，以保持隐蔽。它在同类中以其统治地位和不可挑战的力量而闻名。玩家2说：它是一种强大的陆地食肉动物，拥有锋利的爪子和牙齿。在同类中，它以其独特的条纹和威猛的形象最为突出。它是一种生活在森林中的动物，以其出色的敏捷性和强大的领地意识而闻名。在同类中，它以其独特的斑纹和令人敬畏的捕猎技巧而著称。它是一种生活在热带雨林的动物，以其强大的生存能力和对领地的严格保护而著称。在同类中，它以其敏锐的感官和独居的生活方式而独树一帜。玩家3说：它是一种体型庞大、四肢发达的哺乳动物，拥有厚实的皮毛和强壮的肌肉。在其同类中，它以其庞大的体型和棕色的皮毛上特有的黑色斑纹最为引人注目。它是一种在森林中栖息的动物，以其强壮的体格和坚定的意志著称。在其同类中，它以其独特的力量和稳定性在捕猎和生存中占据优势。它是一种在寒冷地区生活的动物，以其耐寒的皮毛和适应恶劣环境的适应能力而闻名。在其同类中，它以其强大的防御机制和在食物链中的统治地位而著称。玩家4说：它是一种体型巨大的猫科动物，拥有强有力的四肢和尖锐的爪牙。在其同类中，它以其独特的斑纹和强大的捕食能力最为突出。它是一种威猛的森林霸主，以其统治地位和强大的力量而著称。它具有敏锐的感官和卓越的生存本能，是同类中无可争议的领导者。它是一种在夜间活动的动物，它的眼睛在黑暗中能够看得很清楚，这使得它在捕猎时具有优势。它的身体结构适合在森林中隐蔽和快速移动，它的叫声在夜间回荡，是森林中的霸主。||在这个游戏中，我们需要通过分析每位玩家的描述来找出卧底。通常，平民的描述会围绕相同的词语展开，而卧底的描述可能会因为词语的不同而显得不太一致。我们需要仔细比较每个描述之间的相似性和差异性，以找出可能的卧底，注意，卧底并不会隐藏自己，他会直接描述他的词语，现在，逐一分析每个玩家的描述，注意，这局游戏的词语分类为<动物>，卧底词和平民词都属于该类。||之前是第3轮描述和之前轮数描述的合集。你之前认为的卧底是玩家4。
2024-12-13 12:16:39,328 - 3 - INFO - **********PLAYER3**********
4
2024-12-13 12:16:39,329 - 3 - INFO - **********JUDGER**********
你刚刚的分析是4|| `请根据上述分析，比较描述以找出不一致之处，注意，这局游戏的词语分类为<动物>，卧底词和平民词都属于该类。
2024-12-13 12:16:51,242 - 3 - INFO - **********PLAYER3**********
玩家4的描述是：||在这个游戏中，我们需要通过分析每位玩家的描述来找出卧底。通常，平民的描述会围绕相同的词语展开，而卧底的描述可能会因为词语的不同而显得不太一致。我们需要仔细比较每个描述之间的相似性和差异性，以找出可能的卧底，注意，卧底并不会隐藏自己，他会直接描述他的词语。现在，逐一分析每个玩家的描述，注意，这局游戏的词语分类为<动物>，卧底词和平民词都属于该类，描述包括以下两点，1.他的基本特征是什么2.他在该类（动物）中最突出不同的特征是什么，尽量简短||

这个描述似乎是一个游戏提示，而不是对之前玩家描述的分析。如果玩家4是卧底，那么他的描述可能是为了误导其他玩家，而不是提供实际的分析。如果这是游戏的一部分，那么玩家4的描述可能是为了引导其他玩家注意卧底可能会直接描述他的词语。如果玩家4不是卧底，那么这个描述可能是为了帮助其他玩家理解游戏规则和如何分析描述。无论如何，这个描述本身并不提供足够的信息来判断玩家4是否是卧底。
2024-12-13 12:16:51,244 - 3 - INFO - **********JUDGER**********
你刚刚的分析是玩家4的描述是：||在这个游戏中，我们需要通过分析每位玩家的描述来找出卧底。通常，平民的描述会围绕相同的词语展开，而卧底的描述可能会因为词语的不同而显得不太一致。我们需要仔细比较每个描述之间的相似性和差异性，以找出可能的卧底，注意，卧底并不会隐藏自己，他会直接描述他的词语。现在，逐一分析每个玩家的描述，注意，这局游戏的词语分类为<动物>，卧底词和平民词都属于该类，描述包括以下两点，1.他的基本特征是什么2.他在该类（动物）中最突出不同的特征是什么，尽量简短||

这个描述似乎是一个游戏提示，而不是对之前玩家描述的分析。如果玩家4是卧底，那么他的描述可能是为了误导其他玩家，而不是提供实际的分析。如果这是游戏的一部分，那么玩家4的描述可能是为了引导其他玩家注意卧底可能会直接描述他的词语。如果玩家4不是卧底，那么这个描述可能是为了帮助其他玩家理解游戏规则和如何分析描述。无论如何，这个描述本身并不提供足够的信息来判断玩家4是否是卧底。|| 请通过你分析的不一致之处，推断卧底身份，注意，这局游戏的词语分类为<动物>，卧底词和平民词都属于该类。
2024-12-13 12:17:11,256 - 3 - INFO - **********PLAYER3**********
根据之前的描述，我们可以分析如下：

- 玩家1、玩家2和玩家3的描述都指向了豹子这一动物，提到了条纹、生活在森林中、领地意识、敏捷的捕猎技巧、威严的形象、棕色的皮毛上特有的黑色斑纹、强壮的体格、坚定的意志、独特的力量和稳定性、耐寒的皮毛、适应恶劣环境的适应能力、强大的防御机制和在食物链中的统治地位。

- 玩家4的描述提到了体型巨大的猫科动物、强有力的四肢、尖锐的爪牙、独特的斑纹、强大的捕食能力、威猛的森林霸主、统治地位、强大的力量、敏锐的感官、卓越的生存本能、夜间活动、眼睛在黑暗中能够看得很清楚、身体结构适合在森林中隐蔽和快速移动、叫声在夜间回荡。

玩家4的描述与其他玩家的描述在多个关键特征上存在不一致，比如夜间活动、眼睛在黑暗中能看得很清楚、叫声在夜间回荡等，这些特征并没有在玩家1、2、3的描述中出现。因此，根据描述的不一致性，玩家4可能是卧底。他的描述包含了更多关于动物行为的细节，这些细节在豹子的描述中并不常见。

基于上述分析，玩家4可能是卧底。
2024-12-13 12:17:11,257 - 3 - INFO - **********JUDGER**********
你刚刚的推断是根据之前的描述，我们可以分析如下：

- 玩家1、玩家2和玩家3的描述都指向了豹子这一动物，提到了条纹、生活在森林中、领地意识、敏捷的捕猎技巧、威严的形象、棕色的皮毛上特有的黑色斑纹、强壮的体格、坚定的意志、独特的力量和稳定性、耐寒的皮毛、适应恶劣环境的适应能力、强大的防御机制和在食物链中的统治地位。

- 玩家4的描述提到了体型巨大的猫科动物、强有力的四肢、尖锐的爪牙、独特的斑纹、强大的捕食能力、威猛的森林霸主、统治地位、强大的力量、敏锐的感官、卓越的生存本能、夜间活动、眼睛在黑暗中能够看得很清楚、身体结构适合在森林中隐蔽和快速移动、叫声在夜间回荡。

玩家4的描述与其他玩家的描述在多个关键特征上存在不一致，比如夜间活动、眼睛在黑暗中能看得很清楚、叫声在夜间回荡等，这些特征并没有在玩家1、2、3的描述中出现。因此，根据描述的不一致性，玩家4可能是卧底。他的描述包含了更多关于动物行为的细节，这些细节在豹子的描述中并不常见。

基于上述分析，玩家4可能是卧底。|| 基于你刚刚的推断得出你的最终结论，请输出你认为的卧底，在这种情况下只需要输出编号，是1-4中的某个数字，不要输出其他信息。在这个过程不要进行任何推理，只对||以前的部分进行信息提取
2024-12-13 12:17:14,233 - 3 - INFO - **********PLAYER3**********
4
