2024-12-13 12:12:37,572 - 4 - INFO - **********JUDGER**********
让我们来玩一个叫做<谁是卧底>的推理游戏。基本规则：<人数>：4人。<角色分配>：每位玩家随机抽取一个词语，3名玩家拿到的词语是相同的（平民词），1名玩家拿到与之相近但不同的词语（卧底词）。<游戏流程>：1、玩家轮流描述自己的词语，但<不能>直接说出词语本身。2、描述完毕后，投票选出最像卧底的玩家。3、每轮结束后，被投票选出的玩家出局，不能再进行描述或投票。4、每轮投票结束后，如果卧底被成功找出，平民方获胜；如果卧底未被找出且卧底人数等于或超过平民人数，则卧底方获胜。你将扮演一个<玩家>，请等待你被分配到的关键词。如果你听懂了，只回答，"好的，我准备好参加游戏了"，不要输出别的信息
2024-12-13 12:12:39,323 - 4 - INFO - **********PLAYER4**********
好的，我准备好参加游戏了
2024-12-13 12:12:44,851 - 4 - INFO - **********JUDGER**********
玩家1说：它是一种有条纹的大型猫科动物。它在同类中以其独特的斑斓条纹而闻名。玩家2说：它是一种强大的陆地食肉动物，拥有锋利的爪子和牙齿。在同类中，它以其独特的条纹和威猛的形象最为突出。玩家3说：它是一种体型庞大、四肢发达的哺乳动物，拥有厚实的皮毛和强壮的肌肉。在其同类中，它以其庞大的体型和棕色的皮毛上特有的黑色斑纹最为引人注目。玩家4说：|| 你是第4号玩家，你的关键词是<老虎>。你的回答中绝对不能包含你的关键词<老虎>。这是第一轮描述，不需要分析||之前别的玩家的描述，请你描述关键词基本特征，注意，这局游戏的词语分类为<动物>，卧底词和平民词都属于该类，描述包括以下两点，1.他的基本特征是什么2.他在该类（动物）中最突出不同的特征是什么，尽量简短
2024-12-13 12:12:46,195 - 4 - INFO - **********PLAYER4**********
它是一种体型巨大的猫科动物，拥有强有力的四肢和尖锐的爪牙。在其同类中，它以其独特的斑纹和强大的捕食能力最为突出。
2024-12-13 12:13:43,529 - 4 - INFO - **********JUDGER**********
玩家1说：它是一种有条纹的大型猫科动物。它在同类中以其独特的斑斓条纹而闻名。玩家2说：它是一种强大的陆地食肉动物，拥有锋利的爪子和牙齿。在同类中，它以其独特的条纹和威猛的形象最为突出。玩家3说：它是一种体型庞大、四肢发达的哺乳动物，拥有厚实的皮毛和强壮的肌肉。在其同类中，它以其庞大的体型和棕色的皮毛上特有的黑色斑纹最为引人注目。玩家4说：||在这个游戏中，我们需要通过分析每位玩家的描述来找出卧底。通常，平民的描述会围绕相同的词语展开，而卧底的描述可能会因为词语的不同而显得不太一致。我们需要仔细比较每个描述之间的相似性和差异性，以找出可能的卧底，注意，卧底并不会隐藏自己，他会直接描述他的词语，现在，逐一分析每个玩家的描述，注意，这局游戏的词语分类为<动物>，卧底词和平民词都属于该类。这是第一轮描述。
2024-12-13 12:13:49,153 - 4 - INFO - **********PLAYER4**********
根据玩家的描述，我们可以进行以下分析：

玩家1的描述强调了“有条纹的大型猫科动物”和“斑斓条纹”，这与玩家2的描述相呼应，后者也提到了“独特的条纹”和“威猛的形象”，这两个玩家可能持有相同的平民词。

玩家3的描述提到了“体型庞大、四肢发达的哺乳动物”和“棕色的皮毛上特有的黑色斑纹”，这个描述与玩家1和玩家2的描述有所不同，但仍然在描述一个大型猫科动物，可能是相同的平民词。

玩家4的描述没有提供具体的特征，只是提到了游戏规则和卧底的可能性，这可能是一个提示，表明玩家4可能是卧底，因为他没有直接描述任何特征。

综上所述，玩家1和玩家2的描述最为相似，而玩家3的描述虽然有所区别，但仍然在描述同一个类别的动物。玩家4的描述没有提供足够的信息来判断是否为卧底。因此，玩家4可能是卧底，或者至少是一个需要进一步观察的玩家。
2024-12-13 12:13:49,156 - 4 - INFO - **********JUDGER**********
你刚刚的分析是根据玩家的描述，我们可以进行以下分析：

玩家1的描述强调了“有条纹的大型猫科动物”和“斑斓条纹”，这与玩家2的描述相呼应，后者也提到了“独特的条纹”和“威猛的形象”，这两个玩家可能持有相同的平民词。

玩家3的描述提到了“体型庞大、四肢发达的哺乳动物”和“棕色的皮毛上特有的黑色斑纹”，这个描述与玩家1和玩家2的描述有所不同，但仍然在描述一个大型猫科动物，可能是相同的平民词。

玩家4的描述没有提供具体的特征，只是提到了游戏规则和卧底的可能性，这可能是一个提示，表明玩家4可能是卧底，因为他没有直接描述任何特征。

综上所述，玩家1和玩家2的描述最为相似，而玩家3的描述虽然有所区别，但仍然在描述同一个类别的动物。玩家4的描述没有提供足够的信息来判断是否为卧底。因此，玩家4可能是卧底，或者至少是一个需要进一步观察的玩家。|| `请根据上述分析，比较描述以找出不一致之处，注意，这局游戏的词语分类为<动物>，卧底词和平民词都属于该类。
2024-12-13 12:13:56,565 - 4 - INFO - **********PLAYER4**********
根据上述分析，我们可以比较描述中的一些不一致之处：

1. 玩家1和玩家2的描述都集中在“条纹”这一特征上，且都提到了这种动物在同类中的独特性。玩家1提到了“斑斓条纹”，玩家2提到了“独特的条纹”和“威猛的形象”。这两个描述非常相似，可能指向同一个平民词。

2. 玩家3的描述则提到了“棕色的皮毛上特有的黑色斑纹”，这与玩家1和玩家2的描述中的条纹特征有所不同。然而，玩家3也提到了“体型庞大、四肢发达的哺乳动物”，这仍然指向了大型猫科动物，可能是同一类平民词，但描述上有所侧重。

3. 玩家4的描述没有提供具体的动物特征，而是转而讨论了游戏规则和卧底的可能性。这种描述方式与描述动物特征的其他玩家不同，这可能表明玩家4的描述与动物特征不符，因此玩家4可能是卧底。

不一致之处主要体现在玩家3的描述上，它与玩家1和玩家2的描述在动物特征上有所不同，但仍然在描述大型猫科动物。这种差异可能是由于不同玩家对同一动物的不同描述方式，也可能是玩家3持有不同的词语。而玩家4的描述与动物特征的描述完全脱节，更可能是卧底的线索。

因此，不一致之处可能指向玩家3或玩家4作为卧底。
2024-12-13 12:13:56,567 - 4 - INFO - **********JUDGER**********
你刚刚的分析是根据上述分析，我们可以比较描述中的一些不一致之处：

1. 玩家1和玩家2的描述都集中在“条纹”这一特征上，且都提到了这种动物在同类中的独特性。玩家1提到了“斑斓条纹”，玩家2提到了“独特的条纹”和“威猛的形象”。这两个描述非常相似，可能指向同一个平民词。

2. 玩家3的描述则提到了“棕色的皮毛上特有的黑色斑纹”，这与玩家1和玩家2的描述中的条纹特征有所不同。然而，玩家3也提到了“体型庞大、四肢发达的哺乳动物”，这仍然指向了大型猫科动物，可能是同一类平民词，但描述上有所侧重。

3. 玩家4的描述没有提供具体的动物特征，而是转而讨论了游戏规则和卧底的可能性。这种描述方式与描述动物特征的其他玩家不同，这可能表明玩家4的描述与动物特征不符，因此玩家4可能是卧底。

不一致之处主要体现在玩家3的描述上，它与玩家1和玩家2的描述在动物特征上有所不同，但仍然在描述大型猫科动物。这种差异可能是由于不同玩家对同一动物的不同描述方式，也可能是玩家3持有不同的词语。而玩家4的描述与动物特征的描述完全脱节，更可能是卧底的线索。

因此，不一致之处可能指向玩家3或玩家4作为卧底。|| 请通过你分析的不一致之处，推断卧底身份，注意，这局游戏的词语分类为<动物>，卧底词和平民词都属于该类。
2024-12-13 12:14:04,768 - 4 - INFO - **********PLAYER4**********
基于上述分析，我们可以做出以下推断：

1. 玩家1和玩家2的描述都集中在条纹这一特征上，且都提到了这种动物在同类中的独特性。这种描述的一致性表明他们可能持有相同的平民词，而这个词很可能是与条纹相关的动物。

2. 玩家3的描述提到了“棕色的皮毛上特有的黑色斑纹”，这虽然也是动物的特征，但与条纹描述有所不同。然而，玩家3也提到了“体型庞大、四肢发达的哺乳动物”，这指向了大型猫科动物，与玩家1和玩家2的描述相吻合。这种描述上的侧重点不同，但并不排除他们持有相同平民词的可能性。

3. 玩家4的描述完全脱离了动物特征的描述，而是讨论了游戏规则和卧底的可能性。这种描述方式与其他玩家描述动物特征的描述大相径庭，强烈暗示玩家4可能是卧底。

考虑到游戏词语分类为<动物>，且卧底词和平民词都属于该类，玩家4的描述与动物特征描述的脱节，以及他们讨论游戏规则的举动，都指向玩家4是卧底。玩家3的描述虽然与玩家1和玩家2有所不同，但仍然在描述大型猫科动物，因此玩家3不太可能是卧底。

综上所述，根据描述的不一致之处，玩家4最可能是卧底。
2024-12-13 12:14:04,772 - 4 - INFO - **********JUDGER**********
你刚刚的推断是基于上述分析，我们可以做出以下推断：

1. 玩家1和玩家2的描述都集中在条纹这一特征上，且都提到了这种动物在同类中的独特性。这种描述的一致性表明他们可能持有相同的平民词，而这个词很可能是与条纹相关的动物。

2. 玩家3的描述提到了“棕色的皮毛上特有的黑色斑纹”，这虽然也是动物的特征，但与条纹描述有所不同。然而，玩家3也提到了“体型庞大、四肢发达的哺乳动物”，这指向了大型猫科动物，与玩家1和玩家2的描述相吻合。这种描述上的侧重点不同，但并不排除他们持有相同平民词的可能性。

3. 玩家4的描述完全脱离了动物特征的描述，而是讨论了游戏规则和卧底的可能性。这种描述方式与其他玩家描述动物特征的描述大相径庭，强烈暗示玩家4可能是卧底。

考虑到游戏词语分类为<动物>，且卧底词和平民词都属于该类，玩家4的描述与动物特征描述的脱节，以及他们讨论游戏规则的举动，都指向玩家4是卧底。玩家3的描述虽然与玩家1和玩家2有所不同，但仍然在描述大型猫科动物，因此玩家3不太可能是卧底。

综上所述，根据描述的不一致之处，玩家4最可能是卧底。|| 基于你刚刚的推断得出你的最终结论，请输出你认为的卧底，在这种情况下只需要输出编号，是1-4中的某个数字，不要输出其他信息。在这个过程不要进行任何推理，只对||以前的部分进行信息提取
2024-12-13 12:14:05,214 - 4 - INFO - **********PLAYER4**********
4
2024-12-13 12:14:10,577 - 4 - INFO - **********JUDGER**********
玩家1说：它是一种有条纹的大型猫科动物。它在同类中以其独特的斑斓条纹而闻名。它是一种生活在森林中的动物，拥有强大的领地意识。在同类中，它以其敏捷的捕猎技巧和威严的形象而著称。玩家2说：它是一种强大的陆地食肉动物，拥有锋利的爪子和牙齿。在同类中，它以其独特的条纹和威猛的形象最为突出。它是一种生活在森林中的动物，以其出色的敏捷性和强大的领地意识而闻名。在同类中，它以其独特的斑纹和令人敬畏的捕猎技巧而著称。玩家3说：它是一种体型庞大、四肢发达的哺乳动物，拥有厚实的皮毛和强壮的肌肉。在其同类中，它以其庞大的体型和棕色的皮毛上特有的黑色斑纹最为引人注目。它是一种在森林中栖息的动物，以其强壮的体格和坚定的意志著称。在其同类中，它以其独特的力量和稳定性在捕猎和生存中占据优势。玩家4说：它是一种体型巨大的猫科动物，拥有强有力的四肢和尖锐的爪牙。在其同类中，它以其独特的斑纹和强大的捕食能力最为突出。你是第4号玩家，你的关键词是<老虎>。你的回答中绝对不能包含你的关键词<老虎>。这是第二轮描述，你之前的描述是它是一种体型巨大的猫科动物，拥有强有力的四肢和尖锐的爪牙。在其同类中，它以其独特的斑纹和强大的捕食能力最为突出。，注意，这局游戏的词语分类为<动物>，卧底词和平民词都属于该类，请你补充关于关键词的描述，注意，你的描述应该比起之前的描述更加贴近关键词，作为之前的补充
2024-12-13 12:14:12,127 - 4 - INFO - **********PLAYER4**********
它是一种威猛的森林霸主，以其统治地位和强大的力量而著称。它具有敏锐的感官和卓越的生存本能，是同类中无可争议的领导者。
2024-12-13 12:15:07,458 - 4 - INFO - **********JUDGER**********
玩家1说：它是一种有条纹的大型猫科动物。它在同类中以其独特的斑斓条纹而闻名。它是一种生活在森林中的动物，拥有强大的领地意识。在同类中，它以其敏捷的捕猎技巧和威严的形象而著称。玩家2说：它是一种强大的陆地食肉动物，拥有锋利的爪子和牙齿。在同类中，它以其独特的条纹和威猛的形象最为突出。它是一种生活在森林中的动物，以其出色的敏捷性和强大的领地意识而闻名。在同类中，它以其独特的斑纹和令人敬畏的捕猎技巧而著称。玩家3说：它是一种体型庞大、四肢发达的哺乳动物，拥有厚实的皮毛和强壮的肌肉。在其同类中，它以其庞大的体型和棕色的皮毛上特有的黑色斑纹最为引人注目。它是一种在森林中栖息的动物，以其强壮的体格和坚定的意志著称。在其同类中，它以其独特的力量和稳定性在捕猎和生存中占据优势。玩家4说：它是一种体型巨大的猫科动物，拥有强有力的四肢和尖锐的爪牙。在其同类中，它以其独特的斑纹和强大的捕食能力最为突出。||在这个游戏中，我们需要通过分析每位玩家的描述来找出卧底。通常，平民的描述会围绕相同的词语展开，而卧底的描述可能会因为词语的不同而显得不太一致。我们需要仔细比较每个描述之间的相似性和差异性，以找出可能的卧底，注意，卧底并不会隐藏自己，他会直接描述他的词语，现在，逐一分析每个玩家的描述，注意，这局游戏的词语分类为<动物>，卧底词和平民词都属于该类。||之前是第2轮描述和之前轮数描述的合集。你之前认为的卧底是玩家4。
2024-12-13 12:15:14,508 - 4 - INFO - **********PLAYER4**********
根据第二轮描述和之前的描述，我们可以进行以下分析：

玩家1和玩家2的描述都非常相似，都提到了“条纹”、“生活在森林中”、“强大的领地意识”、“敏捷的捕猎技巧”和“威严的形象”等特征，这表明他们可能持有相同的平民词。

玩家3的描述与玩家1和玩家2的描述有所不同，他提到了“棕色的皮毛上特有的黑色斑纹”和“强壮的体格”，这些特征与条纹无关，但仍然指向了大型猫科动物。

玩家4的描述在第一轮时提到了“体型巨大的猫科动物”和“独特的斑纹”，第二轮描述中又强调了“强有力的四肢”和“尖锐的爪牙”，这些特征与玩家1和玩家2的描述有所不同，但与玩家3的描述相比，仍然偏向于描述大型猫科动物。

基于以上分析，玩家4的描述与玩家1和玩家2的描述存在一定的差异，而玩家3的描述虽然有所不同，但仍然在描述大型猫科动物。因此，根据描述的相似性和差异性，玩家4仍然是最可能的卧底。
2024-12-13 12:15:14,511 - 4 - INFO - **********JUDGER**********
你刚刚的分析是根据第二轮描述和之前的描述，我们可以进行以下分析：

玩家1和玩家2的描述都非常相似，都提到了“条纹”、“生活在森林中”、“强大的领地意识”、“敏捷的捕猎技巧”和“威严的形象”等特征，这表明他们可能持有相同的平民词。

玩家3的描述与玩家1和玩家2的描述有所不同，他提到了“棕色的皮毛上特有的黑色斑纹”和“强壮的体格”，这些特征与条纹无关，但仍然指向了大型猫科动物。

玩家4的描述在第一轮时提到了“体型巨大的猫科动物”和“独特的斑纹”，第二轮描述中又强调了“强有力的四肢”和“尖锐的爪牙”，这些特征与玩家1和玩家2的描述有所不同，但与玩家3的描述相比，仍然偏向于描述大型猫科动物。

基于以上分析，玩家4的描述与玩家1和玩家2的描述存在一定的差异，而玩家3的描述虽然有所不同，但仍然在描述大型猫科动物。因此，根据描述的相似性和差异性，玩家4仍然是最可能的卧底。|| `请根据上述分析，比较描述以找出不一致之处，注意，这局游戏的词语分类为<动物>，卧底词和平民词都属于该类。
2024-12-13 12:15:25,038 - 4 - INFO - **********PLAYER4**********
根据上述分析，不一致之处主要体现在以下几个方面：

1. 玩家1和玩家2的描述都集中在条纹和森林生活上，而玩家4的描述虽然也提到了斑纹和猫科动物，但没有强调条纹和森林生活，这与玩家1和玩家2的描述有所不同。

2. 玩家3的描述提到了棕色的皮毛和黑色斑纹，这与玩家1和玩家2的条纹描述不一致。同时，玩家3提到了“强壮的体格”和“坚定的意志”，这些特征在玩家1和玩家2的描述中没有出现。

3. 玩家4的描述在第一轮和第二轮都强调了动物的体型和力量，如“体型巨大”、“强有力的四肢”和“尖锐的爪牙”，这些特征在玩家1和玩家2的描述中没有得到强调。

综上所述，玩家1和玩家2的描述在关键特征上高度一致，而玩家3和玩家4的描述与他们的描述存在差异。这些不一致之处可能表明玩家3和玩家4持有与玩家1和玩家2不同的词语。
2024-12-13 12:15:25,042 - 4 - INFO - **********JUDGER**********
你刚刚的分析是根据上述分析，不一致之处主要体现在以下几个方面：

1. 玩家1和玩家2的描述都集中在条纹和森林生活上，而玩家4的描述虽然也提到了斑纹和猫科动物，但没有强调条纹和森林生活，这与玩家1和玩家2的描述有所不同。

2. 玩家3的描述提到了棕色的皮毛和黑色斑纹，这与玩家1和玩家2的条纹描述不一致。同时，玩家3提到了“强壮的体格”和“坚定的意志”，这些特征在玩家1和玩家2的描述中没有出现。

3. 玩家4的描述在第一轮和第二轮都强调了动物的体型和力量，如“体型巨大”、“强有力的四肢”和“尖锐的爪牙”，这些特征在玩家1和玩家2的描述中没有得到强调。

综上所述，玩家1和玩家2的描述在关键特征上高度一致，而玩家3和玩家4的描述与他们的描述存在差异。这些不一致之处可能表明玩家3和玩家4持有与玩家1和玩家2不同的词语。|| 请通过你分析的不一致之处，推断卧底身份，注意，这局游戏的词语分类为<动物>，卧底词和平民词都属于该类。
2024-12-13 12:15:31,627 - 4 - INFO - **********PLAYER4**********
根据分析的不一致之处，玩家3的描述与玩家1和玩家2的描述在关键特征上有显著差异，特别是提到了“棕色的皮毛和黑色斑纹”，这与玩家1和玩家2强调的条纹特征不一致。此外，玩家3还提到了“强壮的体格”和“坚定的意志”，这些特征在玩家1和玩家2的描述中没有出现。

考虑到游戏词语分类为<动物>，且卧底词和平民词都属于该类，玩家3的描述中的这些不一致之处可能表明他持有与玩家1和玩家2不同的词语。

因此，基于描述的不一致之处，玩家3最可能是卧底。
2024-12-13 12:15:31,629 - 4 - INFO - **********JUDGER**********
你刚刚的推断是根据分析的不一致之处，玩家3的描述与玩家1和玩家2的描述在关键特征上有显著差异，特别是提到了“棕色的皮毛和黑色斑纹”，这与玩家1和玩家2强调的条纹特征不一致。此外，玩家3还提到了“强壮的体格”和“坚定的意志”，这些特征在玩家1和玩家2的描述中没有出现。

考虑到游戏词语分类为<动物>，且卧底词和平民词都属于该类，玩家3的描述中的这些不一致之处可能表明他持有与玩家1和玩家2不同的词语。

因此，基于描述的不一致之处，玩家3最可能是卧底。|| 基于你刚刚的推断得出你的最终结论，请输出你认为的卧底，在这种情况下只需要输出编号，是1-4中的某个数字，不要输出其他信息。在这个过程不要进行任何推理，只对||以前的部分进行信息提取
2024-12-13 12:15:32,427 - 4 - INFO - **********PLAYER4**********
3
2024-12-13 12:15:43,038 - 4 - INFO - **********JUDGER**********
玩家1说：它是一种有条纹的大型猫科动物。它在同类中以其独特的斑斓条纹而闻名。它是一种生活在森林中的动物，拥有强大的领地意识。在同类中，它以其敏捷的捕猎技巧和威严的形象而著称。它是一种独居的动物，通常在夜间活动，以保持隐蔽。它在同类中以其统治地位和不可挑战的力量而闻名。玩家2说：它是一种强大的陆地食肉动物，拥有锋利的爪子和牙齿。在同类中，它以其独特的条纹和威猛的形象最为突出。它是一种生活在森林中的动物，以其出色的敏捷性和强大的领地意识而闻名。在同类中，它以其独特的斑纹和令人敬畏的捕猎技巧而著称。它是一种生活在热带雨林的动物，以其强大的生存能力和对领地的严格保护而著称。在同类中，它以其敏锐的感官和独居的生活方式而独树一帜。玩家3说：它是一种体型庞大、四肢发达的哺乳动物，拥有厚实的皮毛和强壮的肌肉。在其同类中，它以其庞大的体型和棕色的皮毛上特有的黑色斑纹最为引人注目。它是一种在森林中栖息的动物，以其强壮的体格和坚定的意志著称。在其同类中，它以其独特的力量和稳定性在捕猎和生存中占据优势。它是一种在寒冷地区生活的动物，以其耐寒的皮毛和适应恶劣环境的适应能力而闻名。在其同类中，它以其强大的防御机制和在食物链中的统治地位而著称。玩家4说：它是一种体型巨大的猫科动物，拥有强有力的四肢和尖锐的爪牙。在其同类中，它以其独特的斑纹和强大的捕食能力最为突出。它是一种威猛的森林霸主，以其统治地位和强大的力量而著称。它具有敏锐的感官和卓越的生存本能，是同类中无可争议的领导者。你是第4号玩家，你的关键词是<老虎>。你的回答中绝对不能包含你的关键词<老虎>。这是第三轮描述，你之前的描述是它是一种体型巨大的猫科动物，拥有强有力的四肢和尖锐的爪牙。在其同类中，它以其独特的斑纹和强大的捕食能力最为突出。和它是一种威猛的森林霸主，以其统治地位和强大的力量而著称。它具有敏锐的感官和卓越的生存本能，是同类中无可争议的领导者。，注意，这局游戏的词语分类为<动物>，卧底词和平民词都属于该类，请你补充关于关键词的描述，注意，你的描述应该比起之前的描述更加贴近关键词，作为之前的补充
2024-12-13 12:15:45,978 - 4 - INFO - **********PLAYER4**********
它是一种在夜间活动的动物，它的眼睛在黑暗中能够看得很清楚，这使得它在捕猎时具有优势。它的身体结构适合在森林中隐蔽和快速移动，它的叫声在夜间回荡，是森林中的霸主。
2024-12-13 12:17:14,234 - 4 - INFO - **********JUDGER**********
玩家1说：它是一种有条纹的大型猫科动物。它在同类中以其独特的斑斓条纹而闻名。它是一种生活在森林中的动物，拥有强大的领地意识。在同类中，它以其敏捷的捕猎技巧和威严的形象而著称。它是一种独居的动物，通常在夜间活动，以保持隐蔽。它在同类中以其统治地位和不可挑战的力量而闻名。玩家2说：它是一种强大的陆地食肉动物，拥有锋利的爪子和牙齿。在同类中，它以其独特的条纹和威猛的形象最为突出。它是一种生活在森林中的动物，以其出色的敏捷性和强大的领地意识而闻名。在同类中，它以其独特的斑纹和令人敬畏的捕猎技巧而著称。它是一种生活在热带雨林的动物，以其强大的生存能力和对领地的严格保护而著称。在同类中，它以其敏锐的感官和独居的生活方式而独树一帜。玩家3说：它是一种体型庞大、四肢发达的哺乳动物，拥有厚实的皮毛和强壮的肌肉。在其同类中，它以其庞大的体型和棕色的皮毛上特有的黑色斑纹最为引人注目。它是一种在森林中栖息的动物，以其强壮的体格和坚定的意志著称。在其同类中，它以其独特的力量和稳定性在捕猎和生存中占据优势。它是一种在寒冷地区生活的动物，以其耐寒的皮毛和适应恶劣环境的适应能力而闻名。在其同类中，它以其强大的防御机制和在食物链中的统治地位而著称。玩家4说：它是一种体型巨大的猫科动物，拥有强有力的四肢和尖锐的爪牙。在其同类中，它以其独特的斑纹和强大的捕食能力最为突出。它是一种威猛的森林霸主，以其统治地位和强大的力量而著称。它具有敏锐的感官和卓越的生存本能，是同类中无可争议的领导者。它是一种在夜间活动的动物，它的眼睛在黑暗中能够看得很清楚，这使得它在捕猎时具有优势。它的身体结构适合在森林中隐蔽和快速移动，它的叫声在夜间回荡，是森林中的霸主。||在这个游戏中，我们需要通过分析每位玩家的描述来找出卧底。通常，平民的描述会围绕相同的词语展开，而卧底的描述可能会因为词语的不同而显得不太一致。我们需要仔细比较每个描述之间的相似性和差异性，以找出可能的卧底，注意，卧底并不会隐藏自己，他会直接描述他的词语，现在，逐一分析每个玩家的描述，注意，这局游戏的词语分类为<动物>，卧底词和平民词都属于该类。||之前是第3轮描述和之前轮数描述的合集。你之前认为的卧底是玩家3。
2024-12-13 12:17:31,127 - 4 - INFO - **********PLAYER4**********
根据第三轮描述和之前的描述，我们可以进行以下分析：

玩家1和玩家2的描述非常相似，都强调了条纹、森林生活、领地意识、敏捷的捕猎技巧、威严的形象、独居生活方式、统治地位和力量等特点。这些描述的一致性表明他们可能持有相同的平民词。

玩家3的描述虽然也提到了体型庞大、四肢发达、强壮的体格、力量和稳定性等特点，但他还特别提到了黑色斑纹、耐寒的皮毛和适应恶劣环境的适应能力，这些特征与玩家1和玩家2的描述有所不同。

玩家4的描述与玩家1和玩家2的描述也相似，都提到了体型巨大、独特的斑纹、强大的捕食能力、统治地位和力量，但玩家4特别强调了夜间活动、敏锐的感官和卓越的生存本能。

基于以上分析，玩家3的描述中包含了一些与玩家1和玩家2不同的特征，这可能是由于他持有不同的词语。因此，尽管玩家3之前的描述与我的最初推断有所不同，但他的描述仍然与其他玩家有所不同，这继续支持他可能是卧底的观点。所以，基于第三轮描述，我仍然认为玩家3最可能是卧底。
2024-12-13 12:17:31,130 - 4 - INFO - **********JUDGER**********
你刚刚的分析是根据第三轮描述和之前的描述，我们可以进行以下分析：

玩家1和玩家2的描述非常相似，都强调了条纹、森林生活、领地意识、敏捷的捕猎技巧、威严的形象、独居生活方式、统治地位和力量等特点。这些描述的一致性表明他们可能持有相同的平民词。

玩家3的描述虽然也提到了体型庞大、四肢发达、强壮的体格、力量和稳定性等特点，但他还特别提到了黑色斑纹、耐寒的皮毛和适应恶劣环境的适应能力，这些特征与玩家1和玩家2的描述有所不同。

玩家4的描述与玩家1和玩家2的描述也相似，都提到了体型巨大、独特的斑纹、强大的捕食能力、统治地位和力量，但玩家4特别强调了夜间活动、敏锐的感官和卓越的生存本能。

基于以上分析，玩家3的描述中包含了一些与玩家1和玩家2不同的特征，这可能是由于他持有不同的词语。因此，尽管玩家3之前的描述与我的最初推断有所不同，但他的描述仍然与其他玩家有所不同，这继续支持他可能是卧底的观点。所以，基于第三轮描述，我仍然认为玩家3最可能是卧底。|| `请根据上述分析，比较描述以找出不一致之处，注意，这局游戏的词语分类为<动物>，卧底词和平民词都属于该类。
2024-12-13 12:17:43,621 - 4 - INFO - **********PLAYER4**********
根据上述分析，不一致之处主要体现在以下几个方面：

1. 玩家3的描述中提到了“黑色斑纹”，而玩家1和玩家2的描述中强调的是“条纹”。这种对斑纹颜色和特征的描述差异可能表明玩家3持有不同的词语。

2. 玩家3还提到了“耐寒的皮毛和适应恶劣环境的适应能力”，这是玩家1和玩家2的描述中没有出现的特征。这种对生活环境适应能力的描述差异可能也是玩家3词语不同的线索。

3. 虽然玩家4的描述与玩家1和玩家2在许多方面相似，但玩家4特别强调了“夜间活动、敏锐的感官和卓越的生存本能”，这些特征在玩家1和玩家2的描述中并未提及。

这些不一致之处表明玩家3和玩家4的描述可能与玩家1和玩家2的描述存在差异，可能是由于他们持有的词语不同。因此，这些差异可以作为找出卧底的重要线索。
2024-12-13 12:17:43,621 - 4 - INFO - **********JUDGER**********
你刚刚的分析是根据上述分析，不一致之处主要体现在以下几个方面：

1. 玩家3的描述中提到了“黑色斑纹”，而玩家1和玩家2的描述中强调的是“条纹”。这种对斑纹颜色和特征的描述差异可能表明玩家3持有不同的词语。

2. 玩家3还提到了“耐寒的皮毛和适应恶劣环境的适应能力”，这是玩家1和玩家2的描述中没有出现的特征。这种对生活环境适应能力的描述差异可能也是玩家3词语不同的线索。

3. 虽然玩家4的描述与玩家1和玩家2在许多方面相似，但玩家4特别强调了“夜间活动、敏锐的感官和卓越的生存本能”，这些特征在玩家1和玩家2的描述中并未提及。

这些不一致之处表明玩家3和玩家4的描述可能与玩家1和玩家2的描述存在差异，可能是由于他们持有的词语不同。因此，这些差异可以作为找出卧底的重要线索。|| 请通过你分析的不一致之处，推断卧底身份，注意，这局游戏的词语分类为<动物>，卧底词和平民词都属于该类。
2024-12-13 12:17:56,958 - 4 - INFO - **********PLAYER4**********
基于分析的不一致之处，玩家3和玩家4的描述与玩家1和玩家2的描述存在显著差异，这表明他们可能持有不同的词语。然而，玩家4的描述虽然有一些独特之处，但在许多方面仍然与玩家1和玩家2的描述相似，尤其是关于体型、斑纹和捕食能力的描述。

玩家3的描述中提到的“黑色斑纹”和“耐寒的皮毛”以及“适应恶劣环境的适应能力”与玩家1和玩家2的描述中的“条纹”和“森林生活”特征形成了更明显的对比，这些特征可能是区分玩家3和玩家1/2的关键。

因此，考虑到这些差异，玩家3的描述与玩家1和玩家2的描述最为不一致，这使我倾向于推断玩家3是最可能的卧底。
2024-12-13 12:17:56,959 - 4 - INFO - **********JUDGER**********
你刚刚的推断是基于分析的不一致之处，玩家3和玩家4的描述与玩家1和玩家2的描述存在显著差异，这表明他们可能持有不同的词语。然而，玩家4的描述虽然有一些独特之处，但在许多方面仍然与玩家1和玩家2的描述相似，尤其是关于体型、斑纹和捕食能力的描述。

玩家3的描述中提到的“黑色斑纹”和“耐寒的皮毛”以及“适应恶劣环境的适应能力”与玩家1和玩家2的描述中的“条纹”和“森林生活”特征形成了更明显的对比，这些特征可能是区分玩家3和玩家1/2的关键。

因此，考虑到这些差异，玩家3的描述与玩家1和玩家2的描述最为不一致，这使我倾向于推断玩家3是最可能的卧底。|| 基于你刚刚的推断得出你的最终结论，请输出你认为的卧底，在这种情况下只需要输出编号，是1-4中的某个数字，不要输出其他信息。在这个过程不要进行任何推理，只对||以前的部分进行信息提取
2024-12-13 12:17:59,176 - 4 - INFO - **********PLAYER4**********
3
