2024-12-13 10:27:17,275 - 1 - INFO - **********JUDGER**********
让我们来玩一个叫做<谁是卧底>的推理游戏。基本规则：<人数>：4人。<角色分配>：每位玩家随机抽取一个词语，3名玩家拿到的词语是相同的（平民词），1名玩家拿到与之相近但不同的词语（卧底词）。<游戏流程>：1、玩家轮流描述自己的词语，但<不能>直接说出词语本身。2、描述完毕后，投票选出最像卧底的玩家。3、每轮结束后，被投票选出的玩家出局，不能再进行描述或投票。4、每轮投票结束后，如果卧底被成功找出，平民方获胜；如果卧底未被找出且卧底人数等于或超过平民人数，则卧底方获胜。你将扮演一个<玩家>，请等待你被分配到的关键词。如果你听懂了，只回答，"好的，我准备好参加游戏了"，不要输出别的信息
2024-12-13 10:27:18,167 - 1 - INFO - **********PLAYER1**********
好的，我准备好参加游戏了
2024-12-13 10:27:22,724 - 1 - INFO - **********JUDGER**********
玩家1说：玩家2说：玩家3说：玩家4说：|| 你是第1号玩家，你的关键词是<葡萄>。你的回答中绝对不能包含你的关键词<葡萄>。这是第一轮描述，不需要分析||之前别的玩家的描述，请你描述关键词基本特征，注意，这局游戏的词语分类为<水果>，卧底词和平民词都属于该类，描述包括以下两点，1.他的基本特征是什么2.他在该类（水果）中最突出不同的特征是什么，尽量简短
2024-12-13 10:27:23,919 - 1 - INFO - **********PLAYER1**********
这是一种多汁的水果，通常呈圆形或椭圆形，皮薄肉厚，含有丰富的糖分和维生素C。在水果类中，它可能因其独特的酸甜口感而受到喜爱。
2024-12-13 10:27:27,999 - 1 - INFO - **********JUDGER**********
玩家1说：这是一种多汁的水果，通常呈圆形或椭圆形，皮薄肉厚，含有丰富的糖分和维生素C。在水果类中，它可能因其独特的酸甜口感而受到喜爱。玩家2说：这种水果色彩鲜艳，通常为黄色或绿色，形状圆润，肉质软糯，含有多种微量元素和维生素。与同类水果相比，它含有特殊的香味，且口感独特，略带酸味。玩家3说：这是一种富含汁液的水果，外形圆润，通常为紫色、红色或绿色。它的最突出不同特征是含有许多小颗粒，这些小颗粒是其独特的风味来源。玩家4说：||在这个游戏中，我们需要通过分析每位玩家的描述来找出卧底。通常，平民的描述会围绕相同的词语展开，而卧底的描述可能会因为词语的不同而显得不太一致。我们需要仔细比较每个描述之间的相似性和差异性，以找出可能的卧底，注意，卧底并不会隐藏自己，他会直接描述他的词语，现在，逐一分析每个玩家的描述，注意，这局游戏的词语分类为<水果>，卧底词和平民词都属于该类。这是第一轮描述。
2024-12-13 10:27:32,062 - 1 - INFO - **********PLAYER1**********
玩家1的描述提到了多汁、圆形或椭圆形、皮薄肉厚、酸甜口感，这些都是一些常见水果的特征，但没有特别指向某个具体的水果。

玩家2的描述强调了色彩鲜艳、肉质软糯、特殊的香味和略带酸味，这些特征也可能适用于多种水果，如香蕉、苹果等。

玩家3的描述提到了富含汁液、外形圆润、紫色、红色或绿色以及含有小颗粒的独特风味，这些特征比较具体，指向了葡萄这一水果，因为葡萄确实含有许多小颗粒（种子）。

玩家4的描述虽然指出了游戏的目标和分析方法，但并没有提供关于水果的具体描述，因此在这个轮次中并没有提供有价值的信息。

综合来看，玩家3的描述与葡萄的特征最为吻合，因此他可能是卧底。而玩家1、2和4的描述较为通用，没有特别指向某个具体的水果，因此他们可能是平民。当然，这只是基于第一轮描述的分析，后续的描述可能会有所变化。
2024-12-13 10:27:32,063 - 1 - INFO - **********JUDGER**********
你刚刚的分析是玩家1的描述提到了多汁、圆形或椭圆形、皮薄肉厚、酸甜口感，这些都是一些常见水果的特征，但没有特别指向某个具体的水果。

玩家2的描述强调了色彩鲜艳、肉质软糯、特殊的香味和略带酸味，这些特征也可能适用于多种水果，如香蕉、苹果等。

玩家3的描述提到了富含汁液、外形圆润、紫色、红色或绿色以及含有小颗粒的独特风味，这些特征比较具体，指向了葡萄这一水果，因为葡萄确实含有许多小颗粒（种子）。

玩家4的描述虽然指出了游戏的目标和分析方法，但并没有提供关于水果的具体描述，因此在这个轮次中并没有提供有价值的信息。

综合来看，玩家3的描述与葡萄的特征最为吻合，因此他可能是卧底。而玩家1、2和4的描述较为通用，没有特别指向某个具体的水果，因此他们可能是平民。当然，这只是基于第一轮描述的分析，后续的描述可能会有所变化。|| `请根据上述分析，比较描述以找出不一致之处，注意，这局游戏的词语分类为<水果>，卧底词和平民词都属于该类。
2024-12-13 10:27:43,421 - 1 - INFO - **********PLAYER1**********
根据上述分析，我们可以比较各玩家的描述来找出不一致之处：

1. 玩家1的描述：
   - 特征：多汁、圆形或椭圆形、皮薄肉厚、酸甜口感
   - 不一致点：描述较为通用，没有特别具体指向某个水果。

2. 玩家2的描述：
   - 特征：色彩鲜艳、肉质软糯、特殊的香味、略带酸味
   - 不一致点：同样描述较为通用，没有明确指向葡萄。

3. 玩家3的描述：
   - 特征：富含汁液、外形圆润、紫色、红色或绿色、含有小颗粒的独特风味
   - 不一致点：描述非常具体，明确指向葡萄，特别是提到了含有小颗粒的独特风味，这是葡萄独有的特征。

4. 玩家4的描述：
   - 特征：游戏目标和分析方法
   - 不一致点：没有提供关于水果的具体描述，因此不参与水果描述的比较。

综合比较，玩家3的描述与葡萄的特征最为吻合，特别是提到了“含有小颗粒的独特风味”，这是其他玩家描述中没有出现的具体特征。因此，玩家3的描述与其他玩家的描述存在明显的不一致，他可能是卧底。而玩家1、2和4的描述较为通用，没有明确指向某个特定的水果，因此他们可能是平民。
2024-12-13 10:27:43,423 - 1 - INFO - **********JUDGER**********
你刚刚的分析是根据上述分析，我们可以比较各玩家的描述来找出不一致之处：

1. 玩家1的描述：
   - 特征：多汁、圆形或椭圆形、皮薄肉厚、酸甜口感
   - 不一致点：描述较为通用，没有特别具体指向某个水果。

2. 玩家2的描述：
   - 特征：色彩鲜艳、肉质软糯、特殊的香味、略带酸味
   - 不一致点：同样描述较为通用，没有明确指向葡萄。

3. 玩家3的描述：
   - 特征：富含汁液、外形圆润、紫色、红色或绿色、含有小颗粒的独特风味
   - 不一致点：描述非常具体，明确指向葡萄，特别是提到了含有小颗粒的独特风味，这是葡萄独有的特征。

4. 玩家4的描述：
   - 特征：游戏目标和分析方法
   - 不一致点：没有提供关于水果的具体描述，因此不参与水果描述的比较。

综合比较，玩家3的描述与葡萄的特征最为吻合，特别是提到了“含有小颗粒的独特风味”，这是其他玩家描述中没有出现的具体特征。因此，玩家3的描述与其他玩家的描述存在明显的不一致，他可能是卧底。而玩家1、2和4的描述较为通用，没有明确指向某个特定的水果，因此他们可能是平民。|| 请通过你分析的不一致之处，推断卧底身份，注意，这局游戏的词语分类为<水果>，卧底词和平民词都属于该类。
2024-12-13 10:27:50,328 - 1 - INFO - **********PLAYER1**********
基于分析中提到的不一致之处，我们可以推断卧底身份：

- 玩家1、玩家2和玩家4的描述都相对通用，没有给出足够具体的信息来指向某个特定的水果。
- 玩家3的描述则提供了非常具体的信息，包括“富含汁液”、“外形圆润”、“紫色、红色或绿色”以及“含有小颗粒的独特风味”。这些特征非常符合葡萄的描述，尤其是“含有小颗粒的独特风味”，这是葡萄独有的特征，而其他水果如苹果、香蕉等通常不会有这样的描述。

由于游戏中的词语分类为<水果>，且卧底词和平民词都属于该类，玩家3的描述与葡萄的特征高度吻合，而没有其他玩家描述中包含这样的具体特征。因此，根据这些不一致之处，我们可以推断玩家3是卧底，他的关键词是<葡萄>。
2024-12-13 10:27:50,330 - 1 - INFO - **********JUDGER**********
你刚刚的推断是基于分析中提到的不一致之处，我们可以推断卧底身份：

- 玩家1、玩家2和玩家4的描述都相对通用，没有给出足够具体的信息来指向某个特定的水果。
- 玩家3的描述则提供了非常具体的信息，包括“富含汁液”、“外形圆润”、“紫色、红色或绿色”以及“含有小颗粒的独特风味”。这些特征非常符合葡萄的描述，尤其是“含有小颗粒的独特风味”，这是葡萄独有的特征，而其他水果如苹果、香蕉等通常不会有这样的描述。

由于游戏中的词语分类为<水果>，且卧底词和平民词都属于该类，玩家3的描述与葡萄的特征高度吻合，而没有其他玩家描述中包含这样的具体特征。因此，根据这些不一致之处，我们可以推断玩家3是卧底，他的关键词是<葡萄>。|| 基于你刚刚的推断得出你的最终结论，请输出你认为的卧底，在这种情况下只需要输出编号，是1-4中的某个数字，不要输出其他信息。在这个过程不要进行任何推理，只对||以前的部分进行信息提取
2024-12-13 10:27:50,985 - 1 - INFO - **********PLAYER1**********
3
2024-12-13 10:28:48,026 - 1 - INFO - **********JUDGER**********
玩家1说：这是一种多汁的水果，通常呈圆形或椭圆形，皮薄肉厚，含有丰富的糖分和维生素C。在水果类中，它可能因其独特的酸甜口感而受到喜爱。玩家2说：这种水果色彩鲜艳，通常为黄色或绿色，形状圆润，肉质软糯，含有多种微量元素和维生素。与同类水果相比，它含有特殊的香味，且口感独特，略带酸味。玩家3说：这是一种富含汁液的水果，外形圆润，通常为紫色、红色或绿色。它的最突出不同特征是含有许多小颗粒，这些小颗粒是其独特的风味来源。玩家4说：这是一种常见的水果，外形通常为圆形或椭圆形，肉质多汁。最突出的不同特征是它通常含有种子，这些种子分布在果肉中，增加了食用时的口感。你是第1号玩家，你的关键词是<葡萄>。你的回答中绝对不能包含你的关键词<葡萄>。这是第二轮描述，你之前的描述是这是一种多汁的水果，通常呈圆形或椭圆形，皮薄肉厚，含有丰富的糖分和维生素C。在水果类中，它可能因其独特的酸甜口感而受到喜爱。，注意，这局游戏的词语分类为<水果>，卧底词和平民词都属于该类，请你补充关于关键词的描述，注意，你的描述应该比起之前的描述更加贴近关键词，作为之前的补充
2024-12-13 10:28:49,914 - 1 - INFO - **********PLAYER1**********
这种水果汁水丰富，果实饱满，颜色多样，常常是紫红色或绿色，有着诱人的光泽。它的味道既甜又酸，给人一种清新爽口的感觉。在同类水果中，它以其独特的风味和美观的外观而受到人们的喜爱。
2024-12-13 10:28:59,719 - 1 - INFO - **********JUDGER**********
玩家1说：这是一种多汁的水果，通常呈圆形或椭圆形，皮薄肉厚，含有丰富的糖分和维生素C。在水果类中，它可能因其独特的酸甜口感而受到喜爱。这种水果汁水丰富，果实饱满，颜色多样，常常是紫红色或绿色，有着诱人的光泽。它的味道既甜又酸，给人一种清新爽口的感觉。在同类水果中，它以其独特的风味和美观的外观而受到人们的喜爱。玩家2说：这种水果色彩鲜艳，通常为黄色或绿色，形状圆润，肉质软糯，含有多种微量元素和维生素。与同类水果相比，它含有特殊的香味，且口感独特，略带酸味。这种水果具有明显的辛辣香气，质地紧密，纤维较多，与同类水果相比，它的香味更加浓郁，口感更为丰富，虽然略带酸味，但回味甘甜。它的形状通常为圆锥形，颜色多样，可以是黄色、橙色或棕色，外观上有着独特的纹路。玩家3说：这是一种富含汁液的水果，外形圆润，通常为紫色、红色或绿色。它的最突出不同特征是含有许多小颗粒，这些小颗粒是其独特的风味来源。这种水果皮薄，果肉多汁，通常呈现出紫红色、红色或绿色，具有一定的光泽。它的果实饱满，汁水丰富，口感甘甜。与同类水果相比，这种水果的独特之处在于其果实中含有的众多小颗粒，这些小颗粒不仅增加了果实的风味，还使得每次咀嚼都能感受到丰富的口感。这种水果通常在成熟时具有诱人的香气，其外观和口感都让人愉悦。玩家4说：这是一种常见的水果，外形通常为圆形或椭圆形，肉质多汁。最突出的不同特征是它通常含有种子，这些种子分布在果肉中，增加了食用时的口感。||在这个游戏中，我们需要通过分析每位玩家的描述来找出卧底。通常，平民的描述会围绕相同的词语展开，而卧底的描述可能会因为词语的不同而显得不太一致。我们需要仔细比较每个描述之间的相似性和差异性，以找出可能的卧底，注意，卧底并不会隐藏自己，他会直接描述他的词语，现在，逐一分析每个玩家的描述，注意，这局游戏的词语分类为<水果>，卧底词和平民词都属于该类。||之前是第2轮描述和之前轮数描述的合集。你之前认为的卧底是玩家3。
2024-12-13 10:29:08,204 - 1 - INFO - **********PLAYER1**********
基于第二轮描述和之前的分析，我们可以再次比较各玩家的描述：

- 玩家1的描述与葡萄的特征相符，强调了汁水丰富、颜色多样、酸甜口感和美观的外观。
- 玩家2的描述虽然也提到了圆形或椭圆形、肉质软糯、略带酸味和颜色多样，但特别强调了辛辣香气、质地紧密、纤维较多、圆锥形外观和独特的纹路，这些特征与葡萄不太相符。
- 玩家3的描述再次强调了汁液丰富、外形圆润、紫色、红色或绿色以及含有小颗粒的独特风味，这与葡萄的特征非常吻合。
- 玩家4的描述提到了圆形或椭圆形、肉质多汁、含有种子，这些特征虽然与葡萄相符，但没有提到小颗粒这一关键特征。

综合第二轮的描述，玩家2的描述中出现了与葡萄特征不太相符的独特特征，如辛辣香气、圆锥形外观和独特的纹路，这与其他玩家的描述存在差异。因此，根据这些差异，玩家2的描述可能与其他玩家不一致，他可能是卧底。之前认为的玩家3的描述虽然与葡萄特征吻合，但在第二轮描述中，玩家2的描述出现了更多与葡萄不吻合的特征，这增加了他作为卧底的可能性。

因此，基于第二轮描述的分析，我认为可能的卧底是玩家2。
2024-12-13 10:29:08,206 - 1 - INFO - **********JUDGER**********
你刚刚的分析是基于第二轮描述和之前的分析，我们可以再次比较各玩家的描述：

- 玩家1的描述与葡萄的特征相符，强调了汁水丰富、颜色多样、酸甜口感和美观的外观。
- 玩家2的描述虽然也提到了圆形或椭圆形、肉质软糯、略带酸味和颜色多样，但特别强调了辛辣香气、质地紧密、纤维较多、圆锥形外观和独特的纹路，这些特征与葡萄不太相符。
- 玩家3的描述再次强调了汁液丰富、外形圆润、紫色、红色或绿色以及含有小颗粒的独特风味，这与葡萄的特征非常吻合。
- 玩家4的描述提到了圆形或椭圆形、肉质多汁、含有种子，这些特征虽然与葡萄相符，但没有提到小颗粒这一关键特征。

综合第二轮的描述，玩家2的描述中出现了与葡萄特征不太相符的独特特征，如辛辣香气、圆锥形外观和独特的纹路，这与其他玩家的描述存在差异。因此，根据这些差异，玩家2的描述可能与其他玩家不一致，他可能是卧底。之前认为的玩家3的描述虽然与葡萄特征吻合，但在第二轮描述中，玩家2的描述出现了更多与葡萄不吻合的特征，这增加了他作为卧底的可能性。

因此，基于第二轮描述的分析，我认为可能的卧底是玩家2。|| `请根据上述分析，比较描述以找出不一致之处，注意，这局游戏的词语分类为<水果>，卧底词和平民词都属于该类。
2024-12-13 10:29:16,122 - 1 - INFO - **********PLAYER1**********
根据上述分析，我们可以找出以下不一致之处：

1. 玩家1的描述：
   - 强调了汁水丰富、颜色多样、酸甜口感和美观的外观。
   - 与葡萄的特征相符。

2. 玩家2的描述：
   - 提到了圆形或椭圆形、肉质软糯、略带酸味和颜色多样。
   - 特别强调了辛辣香气、质地紧密、纤维较多、圆锥形外观和独特的纹路。
   - 这些特征中，辛辣香气、圆锥形外观和独特的纹路与葡萄的特征不符。

3. 玩家3的描述：
   - 强调了汁液丰富、外形圆润、紫色、红色或绿色以及含有小颗粒的独特风味。
   - 与葡萄的特征非常吻合。

4. 玩家4的描述：
   - 提到了圆形或椭圆形、肉质多汁、含有种子。
   - 这些特征与葡萄相符，但没有提到小颗粒这一关键特征。

不一致之处在于玩家2的描述中包含了与葡萄特征不符的独特特征，如辛辣香气、圆锥形外观和独特的纹路，这些特征在玩家1、3和4的描述中并未出现。因此，玩家2的描述与其他玩家的描述存在显著的不一致。
2024-12-13 10:29:16,125 - 1 - INFO - **********JUDGER**********
你刚刚的分析是根据上述分析，我们可以找出以下不一致之处：

1. 玩家1的描述：
   - 强调了汁水丰富、颜色多样、酸甜口感和美观的外观。
   - 与葡萄的特征相符。

2. 玩家2的描述：
   - 提到了圆形或椭圆形、肉质软糯、略带酸味和颜色多样。
   - 特别强调了辛辣香气、质地紧密、纤维较多、圆锥形外观和独特的纹路。
   - 这些特征中，辛辣香气、圆锥形外观和独特的纹路与葡萄的特征不符。

3. 玩家3的描述：
   - 强调了汁液丰富、外形圆润、紫色、红色或绿色以及含有小颗粒的独特风味。
   - 与葡萄的特征非常吻合。

4. 玩家4的描述：
   - 提到了圆形或椭圆形、肉质多汁、含有种子。
   - 这些特征与葡萄相符，但没有提到小颗粒这一关键特征。

不一致之处在于玩家2的描述中包含了与葡萄特征不符的独特特征，如辛辣香气、圆锥形外观和独特的纹路，这些特征在玩家1、3和4的描述中并未出现。因此，玩家2的描述与其他玩家的描述存在显著的不一致。|| 请通过你分析的不一致之处，推断卧底身份，注意，这局游戏的词语分类为<水果>，卧底词和平民词都属于该类。
2024-12-13 10:29:26,589 - 1 - INFO - **********PLAYER1**********
基于分析中提到的不一致之处，我们可以推断卧底身份：

- 玩家1的描述与葡萄的特征相符，没有包含与葡萄不吻合的特征。
- 玩家3的描述同样与葡萄的特征相符，强调了汁液丰富、外形圆润、颜色以及含有小颗粒的独特风味。
- 玩家4的描述虽然提到了圆形或椭圆形、肉质多汁和含有种子，但没有提到小颗粒这一关键特征，但其他描述与葡萄相符。

- 玩家2的描述中提到了圆形或椭圆形、肉质软糯、略带酸味和颜色多样，这些特征与葡萄相符，但同时也包含了与葡萄不吻合的特征，如辛辣香气、质地紧密、纤维较多、圆锥形外观和独特的纹路。这些特征在葡萄的描述中并不常见。

因此，根据描述中的不一致之处，玩家2的描述中包含的信息与葡萄的特征不完全吻合，这增加了他作为卧底的可能性。所以，根据这些分析，我认为玩家2是卧底。
2024-12-13 10:29:26,591 - 1 - INFO - **********JUDGER**********
你刚刚的推断是基于分析中提到的不一致之处，我们可以推断卧底身份：

- 玩家1的描述与葡萄的特征相符，没有包含与葡萄不吻合的特征。
- 玩家3的描述同样与葡萄的特征相符，强调了汁液丰富、外形圆润、颜色以及含有小颗粒的独特风味。
- 玩家4的描述虽然提到了圆形或椭圆形、肉质多汁和含有种子，但没有提到小颗粒这一关键特征，但其他描述与葡萄相符。

- 玩家2的描述中提到了圆形或椭圆形、肉质软糯、略带酸味和颜色多样，这些特征与葡萄相符，但同时也包含了与葡萄不吻合的特征，如辛辣香气、质地紧密、纤维较多、圆锥形外观和独特的纹路。这些特征在葡萄的描述中并不常见。

因此，根据描述中的不一致之处，玩家2的描述中包含的信息与葡萄的特征不完全吻合，这增加了他作为卧底的可能性。所以，根据这些分析，我认为玩家2是卧底。|| 基于你刚刚的推断得出你的最终结论，请输出你认为的卧底，在这种情况下只需要输出编号，是1-4中的某个数字，不要输出其他信息。在这个过程不要进行任何推理，只对||以前的部分进行信息提取
2024-12-13 10:29:27,857 - 1 - INFO - **********PLAYER1**********
2
2024-12-13 10:30:48,085 - 1 - INFO - **********JUDGER**********
玩家1说：这是一种多汁的水果，通常呈圆形或椭圆形，皮薄肉厚，含有丰富的糖分和维生素C。在水果类中，它可能因其独特的酸甜口感而受到喜爱。这种水果汁水丰富，果实饱满，颜色多样，常常是紫红色或绿色，有着诱人的光泽。它的味道既甜又酸，给人一种清新爽口的感觉。在同类水果中，它以其独特的风味和美观的外观而受到人们的喜爱。玩家2说：这种水果色彩鲜艳，通常为黄色或绿色，形状圆润，肉质软糯，含有多种微量元素和维生素。与同类水果相比，它含有特殊的香味，且口感独特，略带酸味。这种水果具有明显的辛辣香气，质地紧密，纤维较多，与同类水果相比，它的香味更加浓郁，口感更为丰富，虽然略带酸味，但回味甘甜。它的形状通常为圆锥形，颜色多样，可以是黄色、橙色或棕色，外观上有着独特的纹路。玩家3说：这是一种富含汁液的水果，外形圆润，通常为紫色、红色或绿色。它的最突出不同特征是含有许多小颗粒，这些小颗粒是其独特的风味来源。这种水果皮薄，果肉多汁，通常呈现出紫红色、红色或绿色，具有一定的光泽。它的果实饱满，汁水丰富，口感甘甜。与同类水果相比，这种水果的独特之处在于其果实中含有的众多小颗粒，这些小颗粒不仅增加了果实的风味，还使得每次咀嚼都能感受到丰富的口感。这种水果通常在成熟时具有诱人的香气，其外观和口感都让人愉悦。玩家4说：这是一种常见的水果，外形通常为圆形或椭圆形，肉质多汁。最突出的不同特征是它通常含有种子，这些种子分布在果肉中，增加了食用时的口感。这种水果通常呈圆形或椭圆形，皮薄肉厚，含有种子，这些种子在果肉中分布，为食用时带来独特的口感。它通常具有紫红色、红色或绿色的外观，成熟时散发出诱人的香气。这种水果的汁液丰富，口感甘甜，是常见的餐后水果，因其便于携带和食用而受到广泛喜爱。你是第1号玩家，你的关键词是<葡萄>。你的回答中绝对不能包含你的关键词<葡萄>。这是第三轮描述，你之前的描述是这是一种多汁的水果，通常呈圆形或椭圆形，皮薄肉厚，含有丰富的糖分和维生素C。在水果类中，它可能因其独特的酸甜口感而受到喜爱。和这种水果汁水丰富，果实饱满，颜色多样，常常是紫红色或绿色，有着诱人的光泽。它的味道既甜又酸，给人一种清新爽口的感觉。在同类水果中，它以其独特的风味和美观的外观而受到人们的喜爱。，注意，这局游戏的词语分类为<水果>，卧底词和平民词都属于该类，请你补充关于关键词的描述，注意，你的描述应该比起之前的描述更加贴近关键词，作为之前的补充
2024-12-13 10:30:51,300 - 1 - INFO - **********PLAYER1**********
这种水果的果实大小适中，皮薄易剥，肉质紧密，含有丰富的果汁，带有轻微的酸味和甜味，口感清爽。在成熟时，它的颜色会呈现出迷人的紫红色或绿色，光泽鲜艳，非常吸引人。这种水果通常在夏季成熟，是夏季消暑解渴的佳品。
2024-12-13 10:31:04,669 - 1 - INFO - **********JUDGER**********
玩家1说：这是一种多汁的水果，通常呈圆形或椭圆形，皮薄肉厚，含有丰富的糖分和维生素C。在水果类中，它可能因其独特的酸甜口感而受到喜爱。这种水果汁水丰富，果实饱满，颜色多样，常常是紫红色或绿色，有着诱人的光泽。它的味道既甜又酸，给人一种清新爽口的感觉。在同类水果中，它以其独特的风味和美观的外观而受到人们的喜爱。这种水果的果实大小适中，皮薄易剥，肉质紧密，含有丰富的果汁，带有轻微的酸味和甜味，口感清爽。在成熟时，它的颜色会呈现出迷人的紫红色或绿色，光泽鲜艳，非常吸引人。这种水果通常在夏季成熟，是夏季消暑解渴的佳品。玩家2说：这种水果色彩鲜艳，通常为黄色或绿色，形状圆润，肉质软糯，含有多种微量元素和维生素。与同类水果相比，它含有特殊的香味，且口感独特，略带酸味。这种水果具有明显的辛辣香气，质地紧密，纤维较多，与同类水果相比，它的香味更加浓郁，口感更为丰富，虽然略带酸味，但回味甘甜。它的形状通常为圆锥形，颜色多样，可以是黄色、橙色或棕色，外观上有着独特的纹路。这种水果通常具有明显的辛辣香气，质地紧密，纤维较多，与同类水果相比，它的香味更加浓郁，口感更为丰富，虽然略带酸味，但回味甘甜。它的形状通常为圆锥形，颜色多样，可以是黄色、橙色或棕色，外观上有着独特的纹路。这种水果的果实饱满，汁水丰富，口感甘甜，而且通常在成熟时散发出诱人的香气。玩家3说：这是一种富含汁液的水果，外形圆润，通常为紫色、红色或绿色。它的最突出不同特征是含有许多小颗粒，这些小颗粒是其独特的风味来源。这种水果皮薄，果肉多汁，通常呈现出紫红色、红色或绿色，具有一定的光泽。它的果实饱满，汁水丰富，口感甘甜。与同类水果相比，这种水果的独特之处在于其果实中含有的众多小颗粒，这些小颗粒不仅增加了果实的风味，还使得每次咀嚼都能感受到丰富的口感。这种水果通常在成熟时具有诱人的香气，其外观和口感都让人愉悦。这种水果的果实表面光滑，色泽鲜艳，成熟时呈现出紫红色、红色或绿色，散发出清新的果香。它的果实大小适中，易于剥皮，肉质紧密，含有丰富的果汁，口感既甜又酸，给人一种清新爽口的感觉。这种水果的独特之处在于其果实中包含的小颗粒，这些颗粒不仅增添了果实的风味，还使得每次咀嚼都能体验到丰富的口感层次。在同类水果中，它的香气和口感都是其显著的特点。玩家4说：这是一种常见的水果，外形通常为圆形或椭圆形，肉质多汁。最突出的不同特征是它通常含有种子，这些种子分布在果肉中，增加了食用时的口感。这种水果通常呈圆形或椭圆形，皮薄肉厚，含有种子，这些种子在果肉中分布，为食用时带来独特的口感。它通常具有紫红色、红色或绿色的外观，成熟时散发出诱人的香气。这种水果的汁液丰富，口感甘甜，是常见的餐后水果，因其便于携带和食用而受到广泛喜爱。这种水果通常呈圆形或椭圆形，皮薄肉厚，含有丰富的糖分和维生素C。它的汁液非常丰富，果实饱满，成熟时呈现出紫红色、红色或绿色，散发出诱人的香气。这种水果的味道既甜又酸，给人一种清新爽口的感觉，而且通常含有许多小颗粒，这些小颗粒是其独特的风味来源。它的外观光滑，色泽鲜艳，成熟时非常吸引人，是夏季消暑解渴的佳品。||在这个游戏中，我们需要通过分析每位玩家的描述来找出卧底。通常，平民的描述会围绕相同的词语展开，而卧底的描述可能会因为词语的不同而显得不太一致。我们需要仔细比较每个描述之间的相似性和差异性，以找出可能的卧底，注意，卧底并不会隐藏自己，他会直接描述他的词语，现在，逐一分析每个玩家的描述，注意，这局游戏的词语分类为<水果>，卧底词和平民词都属于该类。||之前是第3轮描述和之前轮数描述的合集。你之前认为的卧底是玩家2。
2024-12-13 10:31:11,455 - 1 - INFO - **********PLAYER1**********
根据第三轮描述和之前的分析，我们可以进一步比较各玩家的描述：

- 玩家1的描述与葡萄的特征相符，强调了汁水丰富、颜色多样、酸甜口感和美观的外观，以及果实饱满和诱人的香气。

- 玩家2的描述虽然提到了色彩鲜艳、肉质软糯、略带酸味和颜色多样，但特别强调了辛辣香气、质地紧密、纤维较多、圆锥形外观和独特的纹路，这些特征与葡萄不太相符。

- 玩家3的描述再次强调了汁液丰富、外形圆润、紫色、红色或绿色以及含有小颗粒的独特风味，这与葡萄的特征非常吻合。

- 玩家4的描述提到了圆形或椭圆形、肉质多汁、含有种子，这些特征与葡萄相符，但没有提到小颗粒这一关键特征。

综合第三轮的描述，玩家2的描述中包含了与葡萄特征不吻合的独特特征，如辛辣香气、圆锥形外观和独特的纹路，这与其他玩家的描述存在显著的不一致。玩家3的描述虽然与葡萄特征吻合，但玩家2的描述中出现的特征差异更大，这增加了他作为卧底的可能性。

因此，基于第三轮描述的分析，我认为可能的卧底仍然是玩家2。
2024-12-13 10:31:11,457 - 1 - INFO - **********JUDGER**********
你刚刚的分析是根据第三轮描述和之前的分析，我们可以进一步比较各玩家的描述：

- 玩家1的描述与葡萄的特征相符，强调了汁水丰富、颜色多样、酸甜口感和美观的外观，以及果实饱满和诱人的香气。

- 玩家2的描述虽然提到了色彩鲜艳、肉质软糯、略带酸味和颜色多样，但特别强调了辛辣香气、质地紧密、纤维较多、圆锥形外观和独特的纹路，这些特征与葡萄不太相符。

- 玩家3的描述再次强调了汁液丰富、外形圆润、紫色、红色或绿色以及含有小颗粒的独特风味，这与葡萄的特征非常吻合。

- 玩家4的描述提到了圆形或椭圆形、肉质多汁、含有种子，这些特征与葡萄相符，但没有提到小颗粒这一关键特征。

综合第三轮的描述，玩家2的描述中包含了与葡萄特征不吻合的独特特征，如辛辣香气、圆锥形外观和独特的纹路，这与其他玩家的描述存在显著的不一致。玩家3的描述虽然与葡萄特征吻合，但玩家2的描述中出现的特征差异更大，这增加了他作为卧底的可能性。

因此，基于第三轮描述的分析，我认为可能的卧底仍然是玩家2。|| `请根据上述分析，比较描述以找出不一致之处，注意，这局游戏的词语分类为<水果>，卧底词和平民词都属于该类。
2024-12-13 10:31:22,767 - 1 - INFO - **********PLAYER1**********
根据上述分析，不一致之处如下：

1. 玩家1的描述：
   - 强调了汁水丰富、颜色多样、酸甜口感、美观的外观、果实饱满和诱人的香气。
   - 这些特征与葡萄相符。

2. 玩家2的描述：
   - 提到了色彩鲜艳、肉质软糯、略带酸味、颜色多样、辛辣香气、质地紧密、纤维较多、圆锥形外观和独特的纹路。
   - 其中，辛辣香气、圆锥形外观和独特的纹路与葡萄的特征不符。

3. 玩家3的描述：
   - 强调了汁液丰富、外形圆润、紫色、红色或绿色、含有小颗粒的独特风味、皮薄、果肉多汁、光泽、果实饱满、香气、色泽鲜艳、光滑、易于剥皮、肉质紧密、果汁丰富、口感既甜又酸、清新的果香、口感层次、香气和口感。
   - 这些特征与葡萄相符，尤其是含有小颗粒的独特风味。

4. 玩家4的描述：
   - 提到了圆形或椭圆形、肉质多汁、含有种子、皮薄肉厚、含有种子、分布、食用时的口感、紫红色、红色或绿色、香气、汁液丰富、口感甘甜、便于携带和食用、糖分、维生素C、诱人的香气、甜又酸、清新爽口、小颗粒、风味来源、光滑、色泽鲜艳、吸引人、消暑解渴。
   - 这些特征与葡萄相符，但没有特别强调小颗粒这一特征。

不一致之处在于玩家2的描述中出现了与葡萄特征不符的特征，如辛辣香气、圆锥形外观和独特的纹路，而其他玩家的描述没有这些特征。因此，玩家2的描述与其他玩家的描述存在显著的不一致。
2024-12-13 10:31:22,769 - 1 - INFO - **********JUDGER**********
你刚刚的分析是根据上述分析，不一致之处如下：

1. 玩家1的描述：
   - 强调了汁水丰富、颜色多样、酸甜口感、美观的外观、果实饱满和诱人的香气。
   - 这些特征与葡萄相符。

2. 玩家2的描述：
   - 提到了色彩鲜艳、肉质软糯、略带酸味、颜色多样、辛辣香气、质地紧密、纤维较多、圆锥形外观和独特的纹路。
   - 其中，辛辣香气、圆锥形外观和独特的纹路与葡萄的特征不符。

3. 玩家3的描述：
   - 强调了汁液丰富、外形圆润、紫色、红色或绿色、含有小颗粒的独特风味、皮薄、果肉多汁、光泽、果实饱满、香气、色泽鲜艳、光滑、易于剥皮、肉质紧密、果汁丰富、口感既甜又酸、清新的果香、口感层次、香气和口感。
   - 这些特征与葡萄相符，尤其是含有小颗粒的独特风味。

4. 玩家4的描述：
   - 提到了圆形或椭圆形、肉质多汁、含有种子、皮薄肉厚、含有种子、分布、食用时的口感、紫红色、红色或绿色、香气、汁液丰富、口感甘甜、便于携带和食用、糖分、维生素C、诱人的香气、甜又酸、清新爽口、小颗粒、风味来源、光滑、色泽鲜艳、吸引人、消暑解渴。
   - 这些特征与葡萄相符，但没有特别强调小颗粒这一特征。

不一致之处在于玩家2的描述中出现了与葡萄特征不符的特征，如辛辣香气、圆锥形外观和独特的纹路，而其他玩家的描述没有这些特征。因此，玩家2的描述与其他玩家的描述存在显著的不一致。|| 请通过你分析的不一致之处，推断卧底身份，注意，这局游戏的词语分类为<水果>，卧底词和平民词都属于该类。
2024-12-13 10:31:29,269 - 1 - INFO - **********PLAYER1**********
基于分析中提到的不一致之处，我们可以推断卧底身份：

- 玩家1的描述与葡萄的特征相符，没有包含与葡萄不吻合的特征。
- 玩家3的描述同样与葡萄的特征相符，强调了汁液丰富、外形圆润、颜色以及含有小颗粒的独特风味。
- 玩家4的描述虽然提到了圆形或椭圆形、肉质多汁、含有种子，这些特征与葡萄相符，但没有特别强调小颗粒这一关键特征。

- 玩家2的描述中提到了与葡萄特征不符的特征，如辛辣香气、圆锥形外观和独特的纹路，这些特征在葡萄的描述中并不常见。

因此，根据描述中的不一致之处，玩家2的描述中包含的信息与葡萄的特征不完全吻合，这增加了他作为卧底的可能性。所以，根据这些分析，我认为玩家2是卧底。
2024-12-13 10:31:29,272 - 1 - INFO - **********JUDGER**********
你刚刚的推断是基于分析中提到的不一致之处，我们可以推断卧底身份：

- 玩家1的描述与葡萄的特征相符，没有包含与葡萄不吻合的特征。
- 玩家3的描述同样与葡萄的特征相符，强调了汁液丰富、外形圆润、颜色以及含有小颗粒的独特风味。
- 玩家4的描述虽然提到了圆形或椭圆形、肉质多汁、含有种子，这些特征与葡萄相符，但没有特别强调小颗粒这一关键特征。

- 玩家2的描述中提到了与葡萄特征不符的特征，如辛辣香气、圆锥形外观和独特的纹路，这些特征在葡萄的描述中并不常见。

因此，根据描述中的不一致之处，玩家2的描述中包含的信息与葡萄的特征不完全吻合，这增加了他作为卧底的可能性。所以，根据这些分析，我认为玩家2是卧底。|| 基于你刚刚的推断得出你的最终结论，请输出你认为的卧底，在这种情况下只需要输出编号，是1-4中的某个数字，不要输出其他信息。在这个过程不要进行任何推理，只对||以前的部分进行信息提取
2024-12-13 10:31:30,555 - 1 - INFO - **********PLAYER1**********
2
