2024-12-13 10:27:19,132 - 2 - INFO - **********JUDGER**********
让我们来玩一个叫做<谁是卧底>的推理游戏。基本规则：<人数>：4人。<角色分配>：每位玩家随机抽取一个词语，3名玩家拿到的词语是相同的（平民词），1名玩家拿到与之相近但不同的词语（卧底词）。<游戏流程>：1、玩家轮流描述自己的词语，但<不能>直接说出词语本身。2、描述完毕后，投票选出最像卧底的玩家。3、每轮结束后，被投票选出的玩家出局，不能再进行描述或投票。4、每轮投票结束后，如果卧底被成功找出，平民方获胜；如果卧底未被找出且卧底人数等于或超过平民人数，则卧底方获胜。你将扮演一个<玩家>，请等待你被分配到的关键词。如果你听懂了，只回答，"好的，我准备好参加游戏了"，不要输出别的信息
2024-12-13 10:27:19,798 - 2 - INFO - **********PLAYER2**********
好的，我准备好参加游戏了
2024-12-13 10:27:23,921 - 2 - INFO - **********JUDGER**********
玩家1说：这是一种多汁的水果，通常呈圆形或椭圆形，皮薄肉厚，含有丰富的糖分和维生素C。在水果类中，它可能因其独特的酸甜口感而受到喜爱。玩家2说：玩家3说：玩家4说：|| 你是第2号玩家，你的关键词是<菠萝>。你的回答中绝对不能包含你的关键词<菠萝>。这是第一轮描述，不需要分析||之前别的玩家的描述，请你描述关键词基本特征，注意，这局游戏的词语分类为<水果>，卧底词和平民词都属于该类，描述包括以下两点，1.他的基本特征是什么2.他在该类（水果）中最突出不同的特征是什么，尽量简短
2024-12-13 10:27:25,791 - 2 - INFO - **********PLAYER2**********
这种水果色彩鲜艳，通常为黄色或绿色，形状圆润，肉质软糯，含有多种微量元素和维生素。与同类水果相比，它含有特殊的香味，且口感独特，略带酸味。
2024-12-13 10:27:50,986 - 2 - INFO - **********JUDGER**********
玩家1说：这是一种多汁的水果，通常呈圆形或椭圆形，皮薄肉厚，含有丰富的糖分和维生素C。在水果类中，它可能因其独特的酸甜口感而受到喜爱。玩家2说：这种水果色彩鲜艳，通常为黄色或绿色，形状圆润，肉质软糯，含有多种微量元素和维生素。与同类水果相比，它含有特殊的香味，且口感独特，略带酸味。玩家3说：这是一种富含汁液的水果，外形圆润，通常为紫色、红色或绿色。它的最突出不同特征是含有许多小颗粒，这些小颗粒是其独特的风味来源。玩家4说：||在这个游戏中，我们需要通过分析每位玩家的描述来找出卧底。通常，平民的描述会围绕相同的词语展开，而卧底的描述可能会因为词语的不同而显得不太一致。我们需要仔细比较每个描述之间的相似性和差异性，以找出可能的卧底，注意，卧底并不会隐藏自己，他会直接描述他的词语，现在，逐一分析每个玩家的描述，注意，这局游戏的词语分类为<水果>，卧底词和平民词都属于该类。这是第一轮描述。
2024-12-13 10:27:54,047 - 2 - INFO - **********PLAYER2**********
作为玩家2，我会这样回应：

玩家1和玩家2的描述非常相似，都提到了圆形或椭圆形、皮薄肉厚、含有丰富的糖分和维生素C、酸甜口感以及特殊的香味。玩家3的描述提到了紫色、红色或绿色的外观和含有小颗粒的独特风味，这与我们的描述有所不同。玩家4的描述则更像是引导我们分析的方式，并没有提供具体的词语描述。

因此，我会指出，虽然我们的描述在许多方面都很相似，但玩家3的描述在颜色和风味特征上与我们的描述有显著差异，这可能是我们需要关注的点。我会在投票时考虑到这一点。
2024-12-13 10:27:54,050 - 2 - INFO - **********JUDGER**********
你刚刚的分析是作为玩家2，我会这样回应：

玩家1和玩家2的描述非常相似，都提到了圆形或椭圆形、皮薄肉厚、含有丰富的糖分和维生素C、酸甜口感以及特殊的香味。玩家3的描述提到了紫色、红色或绿色的外观和含有小颗粒的独特风味，这与我们的描述有所不同。玩家4的描述则更像是引导我们分析的方式，并没有提供具体的词语描述。

因此，我会指出，虽然我们的描述在许多方面都很相似，但玩家3的描述在颜色和风味特征上与我们的描述有显著差异，这可能是我们需要关注的点。我会在投票时考虑到这一点。|| `请根据上述分析，比较描述以找出不一致之处，注意，这局游戏的词语分类为<水果>，卧底词和平民词都属于该类。
2024-12-13 10:28:00,091 - 2 - INFO - **********PLAYER2**********
作为玩家2，我会这样回应：

在第一轮描述中，我们可以看到以下几点不一致之处：

1. 玩家3的描述提到了“紫色、红色或绿色的外观”，而玩家1和玩家2的描述中并没有提到颜色，而是强调了形状、口感和营养成分。这一点可能表明玩家3的词语在颜色上有其独特之处。

2. 玩家3还提到了“含有小颗粒的独特风味”，这是玩家1和玩家2的描述中没有提到的。如果所有玩家都是平民，我们可能会期待在描述中找到更多关于水果风味和口感的一致性，但玩家3的描述中出现了这个独特特征。

基于这些不一致之处，我会认为玩家3的描述与玩家1和玩家2的描述有所不同，这可能是我们寻找卧底的一个线索。因此，在投票时，我会将玩家3作为重点考虑的对象。
2024-12-13 10:28:00,093 - 2 - INFO - **********JUDGER**********
你刚刚的分析是作为玩家2，我会这样回应：

在第一轮描述中，我们可以看到以下几点不一致之处：

1. 玩家3的描述提到了“紫色、红色或绿色的外观”，而玩家1和玩家2的描述中并没有提到颜色，而是强调了形状、口感和营养成分。这一点可能表明玩家3的词语在颜色上有其独特之处。

2. 玩家3还提到了“含有小颗粒的独特风味”，这是玩家1和玩家2的描述中没有提到的。如果所有玩家都是平民，我们可能会期待在描述中找到更多关于水果风味和口感的一致性，但玩家3的描述中出现了这个独特特征。

基于这些不一致之处，我会认为玩家3的描述与玩家1和玩家2的描述有所不同，这可能是我们寻找卧底的一个线索。因此，在投票时，我会将玩家3作为重点考虑的对象。|| 请通过你分析的不一致之处，推断卧底身份，注意，这局游戏的词语分类为<水果>，卧底词和平民词都属于该类。
2024-12-13 10:28:04,565 - 2 - INFO - **********PLAYER2**********
根据上述分析，我们可以推断以下可能的情况：

1. 如果所有玩家都是平民，那么他们的描述应该围绕相同的词语展开。然而，玩家3的描述中提到了颜色（紫色、红色或绿色）和含有小颗粒的独特风味，这两个特征在玩家1和玩家2的描述中并没有出现。

2. 在水果类别中，通常的平民词可能是像苹果、香蕉或橙子这样的常见水果，它们的描述会集中在多汁、圆形或椭圆形、皮薄肉厚、酸甜口感等方面。

3. 玩家3的描述提到了紫色、红色或绿色的外观和含有小颗粒的独特风味，这可能与某些独特的水果如无花果或葡萄有关，这些水果在描述上可能不会与其他常见水果的描述完全一致。

综合以上信息，如果我们要推断卧底身份，玩家3的描述中提到的特征与常见水果的描述不一致，这表明玩家3可能是卧底。因此，根据描述的不一致之处，我会推断玩家3是卧底。
2024-12-13 10:28:04,567 - 2 - INFO - **********JUDGER**********
你刚刚的推断是根据上述分析，我们可以推断以下可能的情况：

1. 如果所有玩家都是平民，那么他们的描述应该围绕相同的词语展开。然而，玩家3的描述中提到了颜色（紫色、红色或绿色）和含有小颗粒的独特风味，这两个特征在玩家1和玩家2的描述中并没有出现。

2. 在水果类别中，通常的平民词可能是像苹果、香蕉或橙子这样的常见水果，它们的描述会集中在多汁、圆形或椭圆形、皮薄肉厚、酸甜口感等方面。

3. 玩家3的描述提到了紫色、红色或绿色的外观和含有小颗粒的独特风味，这可能与某些独特的水果如无花果或葡萄有关，这些水果在描述上可能不会与其他常见水果的描述完全一致。

综合以上信息，如果我们要推断卧底身份，玩家3的描述中提到的特征与常见水果的描述不一致，这表明玩家3可能是卧底。因此，根据描述的不一致之处，我会推断玩家3是卧底。|| 基于你刚刚的推断得出你的最终结论，请输出你认为的卧底，在这种情况下只需要输出编号，是1-4中的某个数字，不要输出其他信息。在这个过程不要进行任何推理，只对||以前的部分进行信息提取
2024-12-13 10:28:04,943 - 2 - INFO - **********PLAYER2**********
3
2024-12-13 10:28:49,915 - 2 - INFO - **********JUDGER**********
玩家1说：这是一种多汁的水果，通常呈圆形或椭圆形，皮薄肉厚，含有丰富的糖分和维生素C。在水果类中，它可能因其独特的酸甜口感而受到喜爱。这种水果汁水丰富，果实饱满，颜色多样，常常是紫红色或绿色，有着诱人的光泽。它的味道既甜又酸，给人一种清新爽口的感觉。在同类水果中，它以其独特的风味和美观的外观而受到人们的喜爱。玩家2说：这种水果色彩鲜艳，通常为黄色或绿色，形状圆润，肉质软糯，含有多种微量元素和维生素。与同类水果相比，它含有特殊的香味，且口感独特，略带酸味。玩家3说：这是一种富含汁液的水果，外形圆润，通常为紫色、红色或绿色。它的最突出不同特征是含有许多小颗粒，这些小颗粒是其独特的风味来源。玩家4说：这是一种常见的水果，外形通常为圆形或椭圆形，肉质多汁。最突出的不同特征是它通常含有种子，这些种子分布在果肉中，增加了食用时的口感。你是第2号玩家，你的关键词是<菠萝>。你的回答中绝对不能包含你的关键词<菠萝>。这是第二轮描述，你之前的描述是这种水果色彩鲜艳，通常为黄色或绿色，形状圆润，肉质软糯，含有多种微量元素和维生素。与同类水果相比，它含有特殊的香味，且口感独特，略带酸味。，注意，这局游戏的词语分类为<水果>，卧底词和平民词都属于该类，请你补充关于关键词的描述，注意，你的描述应该比起之前的描述更加贴近关键词，作为之前的补充
2024-12-13 10:28:51,810 - 2 - INFO - **********PLAYER2**********
这种水果具有明显的辛辣香气，质地紧密，纤维较多，与同类水果相比，它的香味更加浓郁，口感更为丰富，虽然略带酸味，但回味甘甜。它的形状通常为圆锥形，颜色多样，可以是黄色、橙色或棕色，外观上有着独特的纹路。
2024-12-13 10:29:27,858 - 2 - INFO - **********JUDGER**********
玩家1说：这是一种多汁的水果，通常呈圆形或椭圆形，皮薄肉厚，含有丰富的糖分和维生素C。在水果类中，它可能因其独特的酸甜口感而受到喜爱。这种水果汁水丰富，果实饱满，颜色多样，常常是紫红色或绿色，有着诱人的光泽。它的味道既甜又酸，给人一种清新爽口的感觉。在同类水果中，它以其独特的风味和美观的外观而受到人们的喜爱。玩家2说：这种水果色彩鲜艳，通常为黄色或绿色，形状圆润，肉质软糯，含有多种微量元素和维生素。与同类水果相比，它含有特殊的香味，且口感独特，略带酸味。这种水果具有明显的辛辣香气，质地紧密，纤维较多，与同类水果相比，它的香味更加浓郁，口感更为丰富，虽然略带酸味，但回味甘甜。它的形状通常为圆锥形，颜色多样，可以是黄色、橙色或棕色，外观上有着独特的纹路。玩家3说：这是一种富含汁液的水果，外形圆润，通常为紫色、红色或绿色。它的最突出不同特征是含有许多小颗粒，这些小颗粒是其独特的风味来源。这种水果皮薄，果肉多汁，通常呈现出紫红色、红色或绿色，具有一定的光泽。它的果实饱满，汁水丰富，口感甘甜。与同类水果相比，这种水果的独特之处在于其果实中含有的众多小颗粒，这些小颗粒不仅增加了果实的风味，还使得每次咀嚼都能感受到丰富的口感。这种水果通常在成熟时具有诱人的香气，其外观和口感都让人愉悦。玩家4说：这是一种常见的水果，外形通常为圆形或椭圆形，肉质多汁。最突出的不同特征是它通常含有种子，这些种子分布在果肉中，增加了食用时的口感。||在这个游戏中，我们需要通过分析每位玩家的描述来找出卧底。通常，平民的描述会围绕相同的词语展开，而卧底的描述可能会因为词语的不同而显得不太一致。我们需要仔细比较每个描述之间的相似性和差异性，以找出可能的卧底，注意，卧底并不会隐藏自己，他会直接描述他的词语，现在，逐一分析每个玩家的描述，注意，这局游戏的词语分类为<水果>，卧底词和平民词都属于该类。||之前是第2轮描述和之前轮数描述的合集。你之前认为的卧底是玩家3。
2024-12-13 10:29:44,509 - 2 - INFO - **********PLAYER2**********
玩家2的描述：

这种水果色彩鲜艳，通常为黄色或绿色，形状圆润，肉质软糯，含有多种微量元素和维生素。与同类水果相比，它含有特殊的香味，且口感独特，略带酸味。这种水果具有明显的辛辣香气，质地紧密，纤维较多，与同类水果相比，它的香味更加浓郁，口感更为丰富，虽然略带酸味，但回味甘甜。它的形状通常为圆锥形，颜色多样，可以是黄色、橙色或棕色，外观上有着独特的纹路。

分析：
- 描述了水果的颜色、形状、肉质、香味和口感。
- 强调了水果的辛辣香气、质地紧密和纤维较多。
- 提到了水果的回味甘甜和外观的独特纹路。

与玩家1、玩家3和玩家4的描述对比：
- 玩家1的描述中提到了颜色多样（紫红色或绿色），而玩家2没有提到颜色多样性。
- 玩家3的描述中提到了含有许多小颗粒的独特风味，而玩家2没有提到这一点。
- 玩家4的描述中提到了含有种子，增加了食用时的口感，而玩家2没有提到种子。

结论：
玩家2的描述与玩家1、玩家3和玩家4的描述存在一些差异，特别是在颜色多样性和含有小颗粒或种子的描述上。然而，玩家2的描述与玩家3的描述在提及辛辣香气和质地紧密上更为接近。考虑到玩家3的描述中明确提到了含有小颗粒的独特风味，而玩家2没有提到这一点，这可能是玩家3作为卧底的线索。因此，基于当前的描述，我仍然认为玩家3是卧底。
2024-12-13 10:29:44,518 - 2 - INFO - **********JUDGER**********
你刚刚的分析是玩家2的描述：

这种水果色彩鲜艳，通常为黄色或绿色，形状圆润，肉质软糯，含有多种微量元素和维生素。与同类水果相比，它含有特殊的香味，且口感独特，略带酸味。这种水果具有明显的辛辣香气，质地紧密，纤维较多，与同类水果相比，它的香味更加浓郁，口感更为丰富，虽然略带酸味，但回味甘甜。它的形状通常为圆锥形，颜色多样，可以是黄色、橙色或棕色，外观上有着独特的纹路。

分析：
- 描述了水果的颜色、形状、肉质、香味和口感。
- 强调了水果的辛辣香气、质地紧密和纤维较多。
- 提到了水果的回味甘甜和外观的独特纹路。

与玩家1、玩家3和玩家4的描述对比：
- 玩家1的描述中提到了颜色多样（紫红色或绿色），而玩家2没有提到颜色多样性。
- 玩家3的描述中提到了含有许多小颗粒的独特风味，而玩家2没有提到这一点。
- 玩家4的描述中提到了含有种子，增加了食用时的口感，而玩家2没有提到种子。

结论：
玩家2的描述与玩家1、玩家3和玩家4的描述存在一些差异，特别是在颜色多样性和含有小颗粒或种子的描述上。然而，玩家2的描述与玩家3的描述在提及辛辣香气和质地紧密上更为接近。考虑到玩家3的描述中明确提到了含有小颗粒的独特风味，而玩家2没有提到这一点，这可能是玩家3作为卧底的线索。因此，基于当前的描述，我仍然认为玩家3是卧底。|| `请根据上述分析，比较描述以找出不一致之处，注意，这局游戏的词语分类为<水果>，卧底词和平民词都属于该类。
2024-12-13 10:29:51,926 - 2 - INFO - **********PLAYER2**********
根据上述分析，以下是一致性和不一致之处的比较：

一致之处：
- 玩家1、玩家2、玩家3和玩家4都描述了水果的颜色（黄色、绿色、紫红色、红色、棕色），形状（圆形、椭圆形、圆锥形），肉质（软糯、多汁），以及口感（酸甜、略带酸味、甘甜）。
- 所有玩家的描述都提到了水果含有丰富的糖分和维生素C。

不一致之处：
- 玩家1特别提到了水果的汁水丰富和诱人的光泽，以及味道的清新爽口，这些特征在玩家2、玩家3和玩家4的描述中没有出现。
- 玩家2描述了水果的辛辣香气、质地紧密和纤维较多，以及外观上的独特纹路，这些特征在玩家1、玩家3和玩家4的描述中没有提及。
- 玩家3特别强调了水果含有许多小颗粒的独特风味，这是玩家1、玩家2和玩家4的描述中没有提到的。
- 玩家4提到了水果通常含有种子，这些种子分布在果肉中，增加了食用时的口感，而这一点在玩家1、玩家2和玩家3的描述中没有出现。

基于这些不一致之处，玩家3的描述在含有小颗粒的独特风味这一点上与其他玩家的描述最为不同，这可能是卧底的一个线索。
2024-12-13 10:29:51,928 - 2 - INFO - **********JUDGER**********
你刚刚的分析是根据上述分析，以下是一致性和不一致之处的比较：

一致之处：
- 玩家1、玩家2、玩家3和玩家4都描述了水果的颜色（黄色、绿色、紫红色、红色、棕色），形状（圆形、椭圆形、圆锥形），肉质（软糯、多汁），以及口感（酸甜、略带酸味、甘甜）。
- 所有玩家的描述都提到了水果含有丰富的糖分和维生素C。

不一致之处：
- 玩家1特别提到了水果的汁水丰富和诱人的光泽，以及味道的清新爽口，这些特征在玩家2、玩家3和玩家4的描述中没有出现。
- 玩家2描述了水果的辛辣香气、质地紧密和纤维较多，以及外观上的独特纹路，这些特征在玩家1、玩家3和玩家4的描述中没有提及。
- 玩家3特别强调了水果含有许多小颗粒的独特风味，这是玩家1、玩家2和玩家4的描述中没有提到的。
- 玩家4提到了水果通常含有种子，这些种子分布在果肉中，增加了食用时的口感，而这一点在玩家1、玩家2和玩家3的描述中没有出现。

基于这些不一致之处，玩家3的描述在含有小颗粒的独特风味这一点上与其他玩家的描述最为不同，这可能是卧底的一个线索。|| 请通过你分析的不一致之处，推断卧底身份，注意，这局游戏的词语分类为<水果>，卧底词和平民词都属于该类。
2024-12-13 10:29:55,674 - 2 - INFO - **********PLAYER2**********
基于分析的不一致之处，我会推断玩家3是卧底。玩家3的描述中特别提到了水果含有许多小颗粒的独特风味，这是其他玩家描述中没有出现的特征。在水果类别中，这种描述特征与常见的水果描述不一致，因此玩家3的描述可能是基于一个与平民词不同的卧底词。
2024-12-13 10:29:55,675 - 2 - INFO - **********JUDGER**********
你刚刚的推断是基于分析的不一致之处，我会推断玩家3是卧底。玩家3的描述中特别提到了水果含有许多小颗粒的独特风味，这是其他玩家描述中没有出现的特征。在水果类别中，这种描述特征与常见的水果描述不一致，因此玩家3的描述可能是基于一个与平民词不同的卧底词。|| 基于你刚刚的推断得出你的最终结论，请输出你认为的卧底，在这种情况下只需要输出编号，是1-4中的某个数字，不要输出其他信息。在这个过程不要进行任何推理，只对||以前的部分进行信息提取
2024-12-13 10:29:56,359 - 2 - INFO - **********PLAYER2**********
3
2024-12-13 10:30:51,301 - 2 - INFO - **********JUDGER**********
玩家1说：这是一种多汁的水果，通常呈圆形或椭圆形，皮薄肉厚，含有丰富的糖分和维生素C。在水果类中，它可能因其独特的酸甜口感而受到喜爱。这种水果汁水丰富，果实饱满，颜色多样，常常是紫红色或绿色，有着诱人的光泽。它的味道既甜又酸，给人一种清新爽口的感觉。在同类水果中，它以其独特的风味和美观的外观而受到人们的喜爱。这种水果的果实大小适中，皮薄易剥，肉质紧密，含有丰富的果汁，带有轻微的酸味和甜味，口感清爽。在成熟时，它的颜色会呈现出迷人的紫红色或绿色，光泽鲜艳，非常吸引人。这种水果通常在夏季成熟，是夏季消暑解渴的佳品。玩家2说：这种水果色彩鲜艳，通常为黄色或绿色，形状圆润，肉质软糯，含有多种微量元素和维生素。与同类水果相比，它含有特殊的香味，且口感独特，略带酸味。这种水果具有明显的辛辣香气，质地紧密，纤维较多，与同类水果相比，它的香味更加浓郁，口感更为丰富，虽然略带酸味，但回味甘甜。它的形状通常为圆锥形，颜色多样，可以是黄色、橙色或棕色，外观上有着独特的纹路。玩家3说：这是一种富含汁液的水果，外形圆润，通常为紫色、红色或绿色。它的最突出不同特征是含有许多小颗粒，这些小颗粒是其独特的风味来源。这种水果皮薄，果肉多汁，通常呈现出紫红色、红色或绿色，具有一定的光泽。它的果实饱满，汁水丰富，口感甘甜。与同类水果相比，这种水果的独特之处在于其果实中含有的众多小颗粒，这些小颗粒不仅增加了果实的风味，还使得每次咀嚼都能感受到丰富的口感。这种水果通常在成熟时具有诱人的香气，其外观和口感都让人愉悦。玩家4说：这是一种常见的水果，外形通常为圆形或椭圆形，肉质多汁。最突出的不同特征是它通常含有种子，这些种子分布在果肉中，增加了食用时的口感。这种水果通常呈圆形或椭圆形，皮薄肉厚，含有种子，这些种子在果肉中分布，为食用时带来独特的口感。它通常具有紫红色、红色或绿色的外观，成熟时散发出诱人的香气。这种水果的汁液丰富，口感甘甜，是常见的餐后水果，因其便于携带和食用而受到广泛喜爱。你是第2号玩家，你的关键词是<菠萝>。你的回答中绝对不能包含你的关键词<菠萝>。这是第三轮描述，你之前的描述是这种水果色彩鲜艳，通常为黄色或绿色，形状圆润，肉质软糯，含有多种微量元素和维生素。与同类水果相比，它含有特殊的香味，且口感独特，略带酸味。和这种水果具有明显的辛辣香气，质地紧密，纤维较多，与同类水果相比，它的香味更加浓郁，口感更为丰富，虽然略带酸味，但回味甘甜。它的形状通常为圆锥形，颜色多样，可以是黄色、橙色或棕色，外观上有着独特的纹路。，注意，这局游戏的词语分类为<水果>，卧底词和平民词都属于该类，请你补充关于关键词的描述，注意，你的描述应该比起之前的描述更加贴近关键词，作为之前的补充
2024-12-13 10:30:54,197 - 2 - INFO - **********PLAYER2**********
这种水果通常具有明显的辛辣香气，质地紧密，纤维较多，与同类水果相比，它的香味更加浓郁，口感更为丰富，虽然略带酸味，但回味甘甜。它的形状通常为圆锥形，颜色多样，可以是黄色、橙色或棕色，外观上有着独特的纹路。这种水果的果实饱满，汁水丰富，口感甘甜，而且通常在成熟时散发出诱人的香气。
2024-12-13 10:31:30,556 - 2 - INFO - **********JUDGER**********
玩家1说：这是一种多汁的水果，通常呈圆形或椭圆形，皮薄肉厚，含有丰富的糖分和维生素C。在水果类中，它可能因其独特的酸甜口感而受到喜爱。这种水果汁水丰富，果实饱满，颜色多样，常常是紫红色或绿色，有着诱人的光泽。它的味道既甜又酸，给人一种清新爽口的感觉。在同类水果中，它以其独特的风味和美观的外观而受到人们的喜爱。这种水果的果实大小适中，皮薄易剥，肉质紧密，含有丰富的果汁，带有轻微的酸味和甜味，口感清爽。在成熟时，它的颜色会呈现出迷人的紫红色或绿色，光泽鲜艳，非常吸引人。这种水果通常在夏季成熟，是夏季消暑解渴的佳品。玩家2说：这种水果色彩鲜艳，通常为黄色或绿色，形状圆润，肉质软糯，含有多种微量元素和维生素。与同类水果相比，它含有特殊的香味，且口感独特，略带酸味。这种水果具有明显的辛辣香气，质地紧密，纤维较多，与同类水果相比，它的香味更加浓郁，口感更为丰富，虽然略带酸味，但回味甘甜。它的形状通常为圆锥形，颜色多样，可以是黄色、橙色或棕色，外观上有着独特的纹路。这种水果通常具有明显的辛辣香气，质地紧密，纤维较多，与同类水果相比，它的香味更加浓郁，口感更为丰富，虽然略带酸味，但回味甘甜。它的形状通常为圆锥形，颜色多样，可以是黄色、橙色或棕色，外观上有着独特的纹路。这种水果的果实饱满，汁水丰富，口感甘甜，而且通常在成熟时散发出诱人的香气。玩家3说：这是一种富含汁液的水果，外形圆润，通常为紫色、红色或绿色。它的最突出不同特征是含有许多小颗粒，这些小颗粒是其独特的风味来源。这种水果皮薄，果肉多汁，通常呈现出紫红色、红色或绿色，具有一定的光泽。它的果实饱满，汁水丰富，口感甘甜。与同类水果相比，这种水果的独特之处在于其果实中含有的众多小颗粒，这些小颗粒不仅增加了果实的风味，还使得每次咀嚼都能感受到丰富的口感。这种水果通常在成熟时具有诱人的香气，其外观和口感都让人愉悦。这种水果的果实表面光滑，色泽鲜艳，成熟时呈现出紫红色、红色或绿色，散发出清新的果香。它的果实大小适中，易于剥皮，肉质紧密，含有丰富的果汁，口感既甜又酸，给人一种清新爽口的感觉。这种水果的独特之处在于其果实中包含的小颗粒，这些颗粒不仅增添了果实的风味，还使得每次咀嚼都能体验到丰富的口感层次。在同类水果中，它的香气和口感都是其显著的特点。玩家4说：这是一种常见的水果，外形通常为圆形或椭圆形，肉质多汁。最突出的不同特征是它通常含有种子，这些种子分布在果肉中，增加了食用时的口感。这种水果通常呈圆形或椭圆形，皮薄肉厚，含有种子，这些种子在果肉中分布，为食用时带来独特的口感。它通常具有紫红色、红色或绿色的外观，成熟时散发出诱人的香气。这种水果的汁液丰富，口感甘甜，是常见的餐后水果，因其便于携带和食用而受到广泛喜爱。这种水果通常呈圆形或椭圆形，皮薄肉厚，含有丰富的糖分和维生素C。它的汁液非常丰富，果实饱满，成熟时呈现出紫红色、红色或绿色，散发出诱人的香气。这种水果的味道既甜又酸，给人一种清新爽口的感觉，而且通常含有许多小颗粒，这些小颗粒是其独特的风味来源。它的外观光滑，色泽鲜艳，成熟时非常吸引人，是夏季消暑解渴的佳品。||在这个游戏中，我们需要通过分析每位玩家的描述来找出卧底。通常，平民的描述会围绕相同的词语展开，而卧底的描述可能会因为词语的不同而显得不太一致。我们需要仔细比较每个描述之间的相似性和差异性，以找出可能的卧底，注意，卧底并不会隐藏自己，他会直接描述他的词语，现在，逐一分析每个玩家的描述，注意，这局游戏的词语分类为<水果>，卧底词和平民词都属于该类。||之前是第3轮描述和之前轮数描述的合集。你之前认为的卧底是玩家3。
2024-12-13 10:31:40,969 - 2 - INFO - **********PLAYER2**********
在第三轮描述中，玩家们的描述如下：

玩家1：描述了一种多汁、颜色多样、味道酸甜、外观美观的水果，提到了汁水丰富、果实饱满、皮薄易剥等特点。
玩家2：重复了之前关于色彩鲜艳、形状圆润、肉质软糯、含有微量元素和维生素的描述，并再次强调了特殊的香味和略带酸味的口感。
玩家3：描述了一种富含汁液、外形圆润、颜色为紫色、红色或绿色、含有小颗粒的水果，强调了果实饱满、汁水丰富、口感甘甜等特点。
玩家4：重复了之前关于含有种子、颜色多样、汁液丰富、口感甘甜的描述，并再次提到了成熟时的香气和诱人的外观。

分析：
- 玩家1和玩家4的描述在水果的外观、口感和成熟时的香气上高度相似，都与汁水丰富和酸甜口感有关。
- 玩家2的描述在香味和口感上与玩家1和玩家4的描述相似，但在外观和汁水丰富程度上有所不同。
- 玩家3的描述与玩家1和玩家4的描述在汁水丰富、果实饱满和口感甘甜上相似，但在外观颜色和含有小颗粒上有所不同。

结论：
基于第三轮的描述，玩家3的描述中关于含有小颗粒的特点是与其他玩家描述最为不同的，这可能是卧底的一个线索。因此，根据当前的描述，我仍然认为玩家3是卧底。
2024-12-13 10:31:40,975 - 2 - INFO - **********JUDGER**********
你刚刚的分析是在第三轮描述中，玩家们的描述如下：

玩家1：描述了一种多汁、颜色多样、味道酸甜、外观美观的水果，提到了汁水丰富、果实饱满、皮薄易剥等特点。
玩家2：重复了之前关于色彩鲜艳、形状圆润、肉质软糯、含有微量元素和维生素的描述，并再次强调了特殊的香味和略带酸味的口感。
玩家3：描述了一种富含汁液、外形圆润、颜色为紫色、红色或绿色、含有小颗粒的水果，强调了果实饱满、汁水丰富、口感甘甜等特点。
玩家4：重复了之前关于含有种子、颜色多样、汁液丰富、口感甘甜的描述，并再次提到了成熟时的香气和诱人的外观。

分析：
- 玩家1和玩家4的描述在水果的外观、口感和成熟时的香气上高度相似，都与汁水丰富和酸甜口感有关。
- 玩家2的描述在香味和口感上与玩家1和玩家4的描述相似，但在外观和汁水丰富程度上有所不同。
- 玩家3的描述与玩家1和玩家4的描述在汁水丰富、果实饱满和口感甘甜上相似，但在外观颜色和含有小颗粒上有所不同。

结论：
基于第三轮的描述，玩家3的描述中关于含有小颗粒的特点是与其他玩家描述最为不同的，这可能是卧底的一个线索。因此，根据当前的描述，我仍然认为玩家3是卧底。|| `请根据上述分析，比较描述以找出不一致之处，注意，这局游戏的词语分类为<水果>，卧底词和平民词都属于该类。
2024-12-13 10:31:49,150 - 2 - INFO - **********PLAYER2**********
根据上述分析，以下是一致性和不一致之处的比较：

一致之处：
- 玩家1、玩家3和玩家4都提到了水果的汁水丰富、果实饱满、口感甘甜和成熟的香气。
- 玩家1、玩家2、玩家3和玩家4都描述了水果的颜色多样，包括紫红色、红色、绿色、黄色和橙色。
- 玩家1、玩家2、玩家3和玩家4都提到了水果的口感酸甜，以及外观美观。

不一致之处：
- 玩家2的描述中强调了水果的软糯肉质和纤维较多，这是玩家1、玩家3和玩家4的描述中没有提到的。
- 玩家3的描述中特别提到了水果含有许多小颗粒，这是玩家1、玩家2和玩家4的描述中没有出现的特征。
- 玩家4的描述中提到了水果通常含有种子，这是玩家1、玩家2和玩家3的描述中没有提及的。

基于这些不一致之处，玩家3的描述在含有小颗粒的独特风味这一点上与其他玩家的描述最为不同，这可能是卧底的一个线索。
2024-12-13 10:31:49,151 - 2 - INFO - **********JUDGER**********
你刚刚的分析是根据上述分析，以下是一致性和不一致之处的比较：

一致之处：
- 玩家1、玩家3和玩家4都提到了水果的汁水丰富、果实饱满、口感甘甜和成熟的香气。
- 玩家1、玩家2、玩家3和玩家4都描述了水果的颜色多样，包括紫红色、红色、绿色、黄色和橙色。
- 玩家1、玩家2、玩家3和玩家4都提到了水果的口感酸甜，以及外观美观。

不一致之处：
- 玩家2的描述中强调了水果的软糯肉质和纤维较多，这是玩家1、玩家3和玩家4的描述中没有提到的。
- 玩家3的描述中特别提到了水果含有许多小颗粒，这是玩家1、玩家2和玩家4的描述中没有出现的特征。
- 玩家4的描述中提到了水果通常含有种子，这是玩家1、玩家2和玩家3的描述中没有提及的。

基于这些不一致之处，玩家3的描述在含有小颗粒的独特风味这一点上与其他玩家的描述最为不同，这可能是卧底的一个线索。|| 请通过你分析的不一致之处，推断卧底身份，注意，这局游戏的词语分类为<水果>，卧底词和平民词都属于该类。
2024-12-13 10:31:52,495 - 2 - INFO - **********PLAYER2**********
基于分析的不一致之处，我会推断玩家3是卧底。玩家3的描述中特别提到了水果含有许多小颗粒，这是玩家1、玩家2和玩家4的描述中没有出现的特征，而在水果类别中，这种描述特征与常见的水果描述不一致。因此，玩家3的描述可能是基于一个与平民词不同的卧底词。
2024-12-13 10:31:52,496 - 2 - INFO - **********JUDGER**********
你刚刚的推断是基于分析的不一致之处，我会推断玩家3是卧底。玩家3的描述中特别提到了水果含有许多小颗粒，这是玩家1、玩家2和玩家4的描述中没有出现的特征，而在水果类别中，这种描述特征与常见的水果描述不一致。因此，玩家3的描述可能是基于一个与平民词不同的卧底词。|| 基于你刚刚的推断得出你的最终结论，请输出你认为的卧底，在这种情况下只需要输出编号，是1-4中的某个数字，不要输出其他信息。在这个过程不要进行任何推理，只对||以前的部分进行信息提取
2024-12-13 10:31:53,842 - 2 - INFO - **********PLAYER2**********
3
