2024-12-13 10:27:20,740 - 3 - INFO - **********JUDGER**********
让我们来玩一个叫做<谁是卧底>的推理游戏。基本规则：<人数>：4人。<角色分配>：每位玩家随机抽取一个词语，3名玩家拿到的词语是相同的（平民词），1名玩家拿到与之相近但不同的词语（卧底词）。<游戏流程>：1、玩家轮流描述自己的词语，但<不能>直接说出词语本身。2、描述完毕后，投票选出最像卧底的玩家。3、每轮结束后，被投票选出的玩家出局，不能再进行描述或投票。4、每轮投票结束后，如果卧底被成功找出，平民方获胜；如果卧底未被找出且卧底人数等于或超过平民人数，则卧底方获胜。你将扮演一个<玩家>，请等待你被分配到的关键词。如果你听懂了，只回答，"好的，我准备好参加游戏了"，不要输出别的信息
2024-12-13 10:27:21,247 - 3 - INFO - **********PLAYER3**********
好的，我准备好参加游戏了
2024-12-13 10:27:25,792 - 3 - INFO - **********JUDGER**********
玩家1说：这是一种多汁的水果，通常呈圆形或椭圆形，皮薄肉厚，含有丰富的糖分和维生素C。在水果类中，它可能因其独特的酸甜口感而受到喜爱。玩家2说：这种水果色彩鲜艳，通常为黄色或绿色，形状圆润，肉质软糯，含有多种微量元素和维生素。与同类水果相比，它含有特殊的香味，且口感独特，略带酸味。玩家3说：玩家4说：|| 你是第3号玩家，你的关键词是<葡萄>。你的回答中绝对不能包含你的关键词<葡萄>。这是第一轮描述，不需要分析||之前别的玩家的描述，请你描述关键词基本特征，注意，这局游戏的词语分类为<水果>，卧底词和平民词都属于该类，描述包括以下两点，1.他的基本特征是什么2.他在该类（水果）中最突出不同的特征是什么，尽量简短
2024-12-13 10:27:26,868 - 3 - INFO - **********PLAYER3**********
这是一种富含汁液的水果，外形圆润，通常为紫色、红色或绿色。它的最突出不同特征是含有许多小颗粒，这些小颗粒是其独特的风味来源。
2024-12-13 10:28:04,943 - 3 - INFO - **********JUDGER**********
玩家1说：这是一种多汁的水果，通常呈圆形或椭圆形，皮薄肉厚，含有丰富的糖分和维生素C。在水果类中，它可能因其独特的酸甜口感而受到喜爱。玩家2说：这种水果色彩鲜艳，通常为黄色或绿色，形状圆润，肉质软糯，含有多种微量元素和维生素。与同类水果相比，它含有特殊的香味，且口感独特，略带酸味。玩家3说：这是一种富含汁液的水果，外形圆润，通常为紫色、红色或绿色。它的最突出不同特征是含有许多小颗粒，这些小颗粒是其独特的风味来源。玩家4说：||在这个游戏中，我们需要通过分析每位玩家的描述来找出卧底。通常，平民的描述会围绕相同的词语展开，而卧底的描述可能会因为词语的不同而显得不太一致。我们需要仔细比较每个描述之间的相似性和差异性，以找出可能的卧底，注意，卧底并不会隐藏自己，他会直接描述他的词语，现在，逐一分析每个玩家的描述，注意，这局游戏的词语分类为<水果>，卧底词和平民词都属于该类。这是第一轮描述。
2024-12-13 10:28:09,930 - 3 - INFO - **********PLAYER3**********
根据玩家1、玩家2和玩家3的描述，他们似乎在描述同一种水果，即葡萄。他们提到了多汁、圆形或椭圆形、皮薄肉厚、紫色、红色或绿色以及含有小颗粒的特征，这些都是葡萄的典型特征。

玩家4的描述与前三名玩家的描述有所不同。虽然他也提到了多汁、圆形或椭圆形和含有多种微量元素和维生素，但他特别强调了特殊的香味和略带酸味的口感，这是葡萄的一个特点，但不是其最突出的不同特征。此外，玩家4在描述中提到了“在这个游戏中”，这表明他可能是在引导大家如何分析游戏，而不是在描述水果。

综上所述，玩家4的描述可能是在引导分析，而不是直接描述水果。因此，玩家4可能是卧底。
2024-12-13 10:28:09,931 - 3 - INFO - **********JUDGER**********
你刚刚的分析是根据玩家1、玩家2和玩家3的描述，他们似乎在描述同一种水果，即葡萄。他们提到了多汁、圆形或椭圆形、皮薄肉厚、紫色、红色或绿色以及含有小颗粒的特征，这些都是葡萄的典型特征。

玩家4的描述与前三名玩家的描述有所不同。虽然他也提到了多汁、圆形或椭圆形和含有多种微量元素和维生素，但他特别强调了特殊的香味和略带酸味的口感，这是葡萄的一个特点，但不是其最突出的不同特征。此外，玩家4在描述中提到了“在这个游戏中”，这表明他可能是在引导大家如何分析游戏，而不是在描述水果。

综上所述，玩家4的描述可能是在引导分析，而不是直接描述水果。因此，玩家4可能是卧底。|| `请根据上述分析，比较描述以找出不一致之处，注意，这局游戏的词语分类为<水果>，卧底词和平民词都属于该类。
2024-12-13 10:28:18,727 - 3 - INFO - **********PLAYER3**********
根据上述分析，我们可以比较描述中的一致性和不一致性如下：

一致性：
- 所有玩家都提到了水果是多汁的。
- 所有玩家都描述了水果的形状为圆形或椭圆形。
- 所有玩家都提到了水果的皮薄肉厚。
- 所有玩家都提到了水果含有丰富的糖分和维生素C。
- 所有玩家都提到了水果含有多种微量元素。

不一致性：
- 玩家1和玩家3提到了水果的颜色为紫色、红色或绿色，而玩家2提到了黄色或绿色。
- 玩家3特别强调了水果含有许多小颗粒，这是葡萄的一个特征，但玩家1和玩家2没有提及这一点。
- 玩家4特别强调了水果的香味和略带酸味的口感，而玩家1、玩家2和玩家3没有特别强调这些特征。

基于这些不一致之处，玩家4的描述似乎在强调一些与葡萄不太相关的特征，这可能表明他的词语与葡萄不同。因此，玩家4的描述可能是在引导分析，而不是直接描述水果，这增加了他作为卧底的可能性。然而，需要注意的是，玩家4的描述中提到的颜色和口感特征虽然不是葡萄最突出的，但也不是完全不可能属于葡萄，因此这只是一个线索，不能作为最终判断的依据。
2024-12-13 10:28:18,730 - 3 - INFO - **********JUDGER**********
你刚刚的分析是根据上述分析，我们可以比较描述中的一致性和不一致性如下：

一致性：
- 所有玩家都提到了水果是多汁的。
- 所有玩家都描述了水果的形状为圆形或椭圆形。
- 所有玩家都提到了水果的皮薄肉厚。
- 所有玩家都提到了水果含有丰富的糖分和维生素C。
- 所有玩家都提到了水果含有多种微量元素。

不一致性：
- 玩家1和玩家3提到了水果的颜色为紫色、红色或绿色，而玩家2提到了黄色或绿色。
- 玩家3特别强调了水果含有许多小颗粒，这是葡萄的一个特征，但玩家1和玩家2没有提及这一点。
- 玩家4特别强调了水果的香味和略带酸味的口感，而玩家1、玩家2和玩家3没有特别强调这些特征。

基于这些不一致之处，玩家4的描述似乎在强调一些与葡萄不太相关的特征，这可能表明他的词语与葡萄不同。因此，玩家4的描述可能是在引导分析，而不是直接描述水果，这增加了他作为卧底的可能性。然而，需要注意的是，玩家4的描述中提到的颜色和口感特征虽然不是葡萄最突出的，但也不是完全不可能属于葡萄，因此这只是一个线索，不能作为最终判断的依据。|| 请通过你分析的不一致之处，推断卧底身份，注意，这局游戏的词语分类为<水果>，卧底词和平民词都属于该类。
2024-12-13 10:28:25,466 - 3 - INFO - **********PLAYER3**********
根据分析中提到的不一致之处，我们可以进行以下推断：

1. 玩家1、玩家2和玩家3都提到了水果的颜色为紫色、红色或绿色，而玩家2提到了黄色或绿色。这个差异虽然存在，但不足以确定卧底，因为黄色和绿色也可能是葡萄的颜色变体。

2. 玩家3特别强调了水果含有许多小颗粒，这是葡萄的一个特征。玩家1和玩家2没有提及这一点，但这也可能是由于描述的简略性，而不是故意隐藏信息。

3. 玩家4特别强调了水果的香味和略带酸味的口感。这一点在玩家1、玩家2和玩家3的描述中没有得到强调，这可能是一个重要的线索。

考虑到游戏的词语分类为<水果>，卧底词和平民词都属于该类，而玩家4的描述中提到的香味和酸味是许多水果共有的特征，但并不是所有水果都有的突出特征。这种描述可能是在试图误导其他玩家，使他们认为卧底可能是某种具有强烈特征的水果，而实际上卧底可能是那种特征不那么明显但仍然属于水果类的词语。

因此，基于玩家4的描述中特别强调的香味和酸味，以及这种描述可能存在的误导性，玩家4可能是卧底。然而，这只是一个基于描述的推断，真正的卧底身份还需要进一步的讨论和投票来确定。
2024-12-13 10:28:25,467 - 3 - INFO - **********JUDGER**********
你刚刚的推断是根据分析中提到的不一致之处，我们可以进行以下推断：

1. 玩家1、玩家2和玩家3都提到了水果的颜色为紫色、红色或绿色，而玩家2提到了黄色或绿色。这个差异虽然存在，但不足以确定卧底，因为黄色和绿色也可能是葡萄的颜色变体。

2. 玩家3特别强调了水果含有许多小颗粒，这是葡萄的一个特征。玩家1和玩家2没有提及这一点，但这也可能是由于描述的简略性，而不是故意隐藏信息。

3. 玩家4特别强调了水果的香味和略带酸味的口感。这一点在玩家1、玩家2和玩家3的描述中没有得到强调，这可能是一个重要的线索。

考虑到游戏的词语分类为<水果>，卧底词和平民词都属于该类，而玩家4的描述中提到的香味和酸味是许多水果共有的特征，但并不是所有水果都有的突出特征。这种描述可能是在试图误导其他玩家，使他们认为卧底可能是某种具有强烈特征的水果，而实际上卧底可能是那种特征不那么明显但仍然属于水果类的词语。

因此，基于玩家4的描述中特别强调的香味和酸味，以及这种描述可能存在的误导性，玩家4可能是卧底。然而，这只是一个基于描述的推断，真正的卧底身份还需要进一步的讨论和投票来确定。|| 基于你刚刚的推断得出你的最终结论，请输出你认为的卧底，在这种情况下只需要输出编号，是1-4中的某个数字，不要输出其他信息。在这个过程不要进行任何推理，只对||以前的部分进行信息提取
2024-12-13 10:28:25,963 - 3 - INFO - **********PLAYER3**********
4
2024-12-13 10:28:51,810 - 3 - INFO - **********JUDGER**********
玩家1说：这是一种多汁的水果，通常呈圆形或椭圆形，皮薄肉厚，含有丰富的糖分和维生素C。在水果类中，它可能因其独特的酸甜口感而受到喜爱。这种水果汁水丰富，果实饱满，颜色多样，常常是紫红色或绿色，有着诱人的光泽。它的味道既甜又酸，给人一种清新爽口的感觉。在同类水果中，它以其独特的风味和美观的外观而受到人们的喜爱。玩家2说：这种水果色彩鲜艳，通常为黄色或绿色，形状圆润，肉质软糯，含有多种微量元素和维生素。与同类水果相比，它含有特殊的香味，且口感独特，略带酸味。这种水果具有明显的辛辣香气，质地紧密，纤维较多，与同类水果相比，它的香味更加浓郁，口感更为丰富，虽然略带酸味，但回味甘甜。它的形状通常为圆锥形，颜色多样，可以是黄色、橙色或棕色，外观上有着独特的纹路。玩家3说：这是一种富含汁液的水果，外形圆润，通常为紫色、红色或绿色。它的最突出不同特征是含有许多小颗粒，这些小颗粒是其独特的风味来源。玩家4说：这是一种常见的水果，外形通常为圆形或椭圆形，肉质多汁。最突出的不同特征是它通常含有种子，这些种子分布在果肉中，增加了食用时的口感。你是第3号玩家，你的关键词是<葡萄>。你的回答中绝对不能包含你的关键词<葡萄>。这是第二轮描述，你之前的描述是这是一种富含汁液的水果，外形圆润，通常为紫色、红色或绿色。它的最突出不同特征是含有许多小颗粒，这些小颗粒是其独特的风味来源。，注意，这局游戏的词语分类为<水果>，卧底词和平民词都属于该类，请你补充关于关键词的描述，注意，你的描述应该比起之前的描述更加贴近关键词，作为之前的补充
2024-12-13 10:28:54,765 - 3 - INFO - **********PLAYER3**********
这种水果皮薄，果肉多汁，通常呈现出紫红色、红色或绿色，具有一定的光泽。它的果实饱满，汁水丰富，口感甘甜。与同类水果相比，这种水果的独特之处在于其果实中含有的众多小颗粒，这些小颗粒不仅增加了果实的风味，还使得每次咀嚼都能感受到丰富的口感。这种水果通常在成熟时具有诱人的香气，其外观和口感都让人愉悦。
2024-12-13 10:29:56,360 - 3 - INFO - **********JUDGER**********
玩家1说：这是一种多汁的水果，通常呈圆形或椭圆形，皮薄肉厚，含有丰富的糖分和维生素C。在水果类中，它可能因其独特的酸甜口感而受到喜爱。这种水果汁水丰富，果实饱满，颜色多样，常常是紫红色或绿色，有着诱人的光泽。它的味道既甜又酸，给人一种清新爽口的感觉。在同类水果中，它以其独特的风味和美观的外观而受到人们的喜爱。玩家2说：这种水果色彩鲜艳，通常为黄色或绿色，形状圆润，肉质软糯，含有多种微量元素和维生素。与同类水果相比，它含有特殊的香味，且口感独特，略带酸味。这种水果具有明显的辛辣香气，质地紧密，纤维较多，与同类水果相比，它的香味更加浓郁，口感更为丰富，虽然略带酸味，但回味甘甜。它的形状通常为圆锥形，颜色多样，可以是黄色、橙色或棕色，外观上有着独特的纹路。玩家3说：这是一种富含汁液的水果，外形圆润，通常为紫色、红色或绿色。它的最突出不同特征是含有许多小颗粒，这些小颗粒是其独特的风味来源。这种水果皮薄，果肉多汁，通常呈现出紫红色、红色或绿色，具有一定的光泽。它的果实饱满，汁水丰富，口感甘甜。与同类水果相比，这种水果的独特之处在于其果实中含有的众多小颗粒，这些小颗粒不仅增加了果实的风味，还使得每次咀嚼都能感受到丰富的口感。这种水果通常在成熟时具有诱人的香气，其外观和口感都让人愉悦。玩家4说：这是一种常见的水果，外形通常为圆形或椭圆形，肉质多汁。最突出的不同特征是它通常含有种子，这些种子分布在果肉中，增加了食用时的口感。||在这个游戏中，我们需要通过分析每位玩家的描述来找出卧底。通常，平民的描述会围绕相同的词语展开，而卧底的描述可能会因为词语的不同而显得不太一致。我们需要仔细比较每个描述之间的相似性和差异性，以找出可能的卧底，注意，卧底并不会隐藏自己，他会直接描述他的词语，现在，逐一分析每个玩家的描述，注意，这局游戏的词语分类为<水果>，卧底词和平民词都属于该类。||之前是第2轮描述和之前轮数描述的合集。你之前认为的卧底是玩家4。
2024-12-13 10:30:02,198 - 3 - INFO - **********PLAYER3**********
根据第2轮描述和之前轮数描述的合集，我之前的推断是玩家4可能是卧底。现在，我将根据新的描述重新分析：

- 玩家1的描述与玩家3的描述非常相似，都提到了汁液丰富、圆形或椭圆形、颜色多样、酸甜口感、紫红色或绿色等特点，这与葡萄的描述相符。
- 玩家2的描述提到了黄色、绿色、圆锥形、辛辣香气、纤维较多等特征，这些特征与葡萄不太相符，尤其是圆锥形和辛辣香气。
- 玩家3的描述与玩家1的描述非常相似，强调了汁液丰富、圆形或椭圆形、紫红色或绿色、小颗粒等特点，这也是葡萄的特征。
- 玩家4的描述提到了含有种子，这是葡萄的一个特征，但他的描述没有提到汁液丰富、酸甜口感等，这与葡萄的描述相比有所差异。

综合以上分析，玩家2的描述与葡萄的特征不太一致，尤其是提到了圆锥形和辛辣香气，这些特征更可能指向其他水果，如辣椒。因此，基于描述的不一致性，我认为玩家2可能是卧底。
2024-12-13 10:30:02,199 - 3 - INFO - **********JUDGER**********
你刚刚的分析是根据第2轮描述和之前轮数描述的合集，我之前的推断是玩家4可能是卧底。现在，我将根据新的描述重新分析：

- 玩家1的描述与玩家3的描述非常相似，都提到了汁液丰富、圆形或椭圆形、颜色多样、酸甜口感、紫红色或绿色等特点，这与葡萄的描述相符。
- 玩家2的描述提到了黄色、绿色、圆锥形、辛辣香气、纤维较多等特征，这些特征与葡萄不太相符，尤其是圆锥形和辛辣香气。
- 玩家3的描述与玩家1的描述非常相似，强调了汁液丰富、圆形或椭圆形、紫红色或绿色、小颗粒等特点，这也是葡萄的特征。
- 玩家4的描述提到了含有种子，这是葡萄的一个特征，但他的描述没有提到汁液丰富、酸甜口感等，这与葡萄的描述相比有所差异。

综合以上分析，玩家2的描述与葡萄的特征不太一致，尤其是提到了圆锥形和辛辣香气，这些特征更可能指向其他水果，如辣椒。因此，基于描述的不一致性，我认为玩家2可能是卧底。|| `请根据上述分析，比较描述以找出不一致之处，注意，这局游戏的词语分类为<水果>，卧底词和平民词都属于该类。
2024-12-13 10:30:06,871 - 3 - INFO - **********PLAYER3**********
根据上述分析，以下是不一致之处：

1. 玩家2的描述中提到了圆锥形，而葡萄的形状通常是圆形或椭圆形。
2. 玩家2的描述中提到了辛辣香气，这与葡萄的甘甜口感不符。
3. 玩家2的描述中提到了纤维较多，而葡萄的纤维含量并不显著。
4. 玩家2的描述中提到了黄色、橙色或棕色，而葡萄的颜色主要是紫红色、红色或绿色。

这些不一致之处表明玩家2的描述与葡萄的特征不完全吻合，而葡萄是所有描述中最为常见和符合水果分类的词语。因此，玩家2的描述与葡萄的特征存在显著差异。
2024-12-13 10:30:06,873 - 3 - INFO - **********JUDGER**********
你刚刚的分析是根据上述分析，以下是不一致之处：

1. 玩家2的描述中提到了圆锥形，而葡萄的形状通常是圆形或椭圆形。
2. 玩家2的描述中提到了辛辣香气，这与葡萄的甘甜口感不符。
3. 玩家2的描述中提到了纤维较多，而葡萄的纤维含量并不显著。
4. 玩家2的描述中提到了黄色、橙色或棕色，而葡萄的颜色主要是紫红色、红色或绿色。

这些不一致之处表明玩家2的描述与葡萄的特征不完全吻合，而葡萄是所有描述中最为常见和符合水果分类的词语。因此，玩家2的描述与葡萄的特征存在显著差异。|| 请通过你分析的不一致之处，推断卧底身份，注意，这局游戏的词语分类为<水果>，卧底词和平民词都属于该类。
2024-12-13 10:30:09,428 - 3 - INFO - **********PLAYER3**********
基于分析的不一致之处，我推断玩家2是卧底。他的描述中提到的圆锥形、辛辣香气、纤维较多以及颜色为黄色、橙色或棕色，这些特征与葡萄的典型特征不符，因此他的词语很可能不是葡萄。在水果分类中，这些特征更可能指向其他水果，如辣椒或某些特定的热带水果，而不是葡萄。
2024-12-13 10:30:09,430 - 3 - INFO - **********JUDGER**********
你刚刚的推断是基于分析的不一致之处，我推断玩家2是卧底。他的描述中提到的圆锥形、辛辣香气、纤维较多以及颜色为黄色、橙色或棕色，这些特征与葡萄的典型特征不符，因此他的词语很可能不是葡萄。在水果分类中，这些特征更可能指向其他水果，如辣椒或某些特定的热带水果，而不是葡萄。|| 基于你刚刚的推断得出你的最终结论，请输出你认为的卧底，在这种情况下只需要输出编号，是1-4中的某个数字，不要输出其他信息。在这个过程不要进行任何推理，只对||以前的部分进行信息提取
2024-12-13 10:30:10,162 - 3 - INFO - **********PLAYER3**********
2
2024-12-13 10:30:54,198 - 3 - INFO - **********JUDGER**********
玩家1说：这是一种多汁的水果，通常呈圆形或椭圆形，皮薄肉厚，含有丰富的糖分和维生素C。在水果类中，它可能因其独特的酸甜口感而受到喜爱。这种水果汁水丰富，果实饱满，颜色多样，常常是紫红色或绿色，有着诱人的光泽。它的味道既甜又酸，给人一种清新爽口的感觉。在同类水果中，它以其独特的风味和美观的外观而受到人们的喜爱。这种水果的果实大小适中，皮薄易剥，肉质紧密，含有丰富的果汁，带有轻微的酸味和甜味，口感清爽。在成熟时，它的颜色会呈现出迷人的紫红色或绿色，光泽鲜艳，非常吸引人。这种水果通常在夏季成熟，是夏季消暑解渴的佳品。玩家2说：这种水果色彩鲜艳，通常为黄色或绿色，形状圆润，肉质软糯，含有多种微量元素和维生素。与同类水果相比，它含有特殊的香味，且口感独特，略带酸味。这种水果具有明显的辛辣香气，质地紧密，纤维较多，与同类水果相比，它的香味更加浓郁，口感更为丰富，虽然略带酸味，但回味甘甜。它的形状通常为圆锥形，颜色多样，可以是黄色、橙色或棕色，外观上有着独特的纹路。这种水果通常具有明显的辛辣香气，质地紧密，纤维较多，与同类水果相比，它的香味更加浓郁，口感更为丰富，虽然略带酸味，但回味甘甜。它的形状通常为圆锥形，颜色多样，可以是黄色、橙色或棕色，外观上有着独特的纹路。这种水果的果实饱满，汁水丰富，口感甘甜，而且通常在成熟时散发出诱人的香气。玩家3说：这是一种富含汁液的水果，外形圆润，通常为紫色、红色或绿色。它的最突出不同特征是含有许多小颗粒，这些小颗粒是其独特的风味来源。这种水果皮薄，果肉多汁，通常呈现出紫红色、红色或绿色，具有一定的光泽。它的果实饱满，汁水丰富，口感甘甜。与同类水果相比，这种水果的独特之处在于其果实中含有的众多小颗粒，这些小颗粒不仅增加了果实的风味，还使得每次咀嚼都能感受到丰富的口感。这种水果通常在成熟时具有诱人的香气，其外观和口感都让人愉悦。玩家4说：这是一种常见的水果，外形通常为圆形或椭圆形，肉质多汁。最突出的不同特征是它通常含有种子，这些种子分布在果肉中，增加了食用时的口感。这种水果通常呈圆形或椭圆形，皮薄肉厚，含有种子，这些种子在果肉中分布，为食用时带来独特的口感。它通常具有紫红色、红色或绿色的外观，成熟时散发出诱人的香气。这种水果的汁液丰富，口感甘甜，是常见的餐后水果，因其便于携带和食用而受到广泛喜爱。你是第3号玩家，你的关键词是<葡萄>。你的回答中绝对不能包含你的关键词<葡萄>。这是第三轮描述，你之前的描述是这是一种富含汁液的水果，外形圆润，通常为紫色、红色或绿色。它的最突出不同特征是含有许多小颗粒，这些小颗粒是其独特的风味来源。和这种水果皮薄，果肉多汁，通常呈现出紫红色、红色或绿色，具有一定的光泽。它的果实饱满，汁水丰富，口感甘甜。与同类水果相比，这种水果的独特之处在于其果实中含有的众多小颗粒，这些小颗粒不仅增加了果实的风味，还使得每次咀嚼都能感受到丰富的口感。这种水果通常在成熟时具有诱人的香气，其外观和口感都让人愉悦。，注意，这局游戏的词语分类为<水果>，卧底词和平民词都属于该类，请你补充关于关键词的描述，注意，你的描述应该比起之前的描述更加贴近关键词，作为之前的补充
2024-12-13 10:31:00,604 - 3 - INFO - **********PLAYER3**********
这种水果的果实表面光滑，色泽鲜艳，成熟时呈现出紫红色、红色或绿色，散发出清新的果香。它的果实大小适中，易于剥皮，肉质紧密，含有丰富的果汁，口感既甜又酸，给人一种清新爽口的感觉。这种水果的独特之处在于其果实中包含的小颗粒，这些颗粒不仅增添了果实的风味，还使得每次咀嚼都能体验到丰富的口感层次。在同类水果中，它的香气和口感都是其显著的特点。
2024-12-13 10:31:53,844 - 3 - INFO - **********JUDGER**********
玩家1说：这是一种多汁的水果，通常呈圆形或椭圆形，皮薄肉厚，含有丰富的糖分和维生素C。在水果类中，它可能因其独特的酸甜口感而受到喜爱。这种水果汁水丰富，果实饱满，颜色多样，常常是紫红色或绿色，有着诱人的光泽。它的味道既甜又酸，给人一种清新爽口的感觉。在同类水果中，它以其独特的风味和美观的外观而受到人们的喜爱。这种水果的果实大小适中，皮薄易剥，肉质紧密，含有丰富的果汁，带有轻微的酸味和甜味，口感清爽。在成熟时，它的颜色会呈现出迷人的紫红色或绿色，光泽鲜艳，非常吸引人。这种水果通常在夏季成熟，是夏季消暑解渴的佳品。玩家2说：这种水果色彩鲜艳，通常为黄色或绿色，形状圆润，肉质软糯，含有多种微量元素和维生素。与同类水果相比，它含有特殊的香味，且口感独特，略带酸味。这种水果具有明显的辛辣香气，质地紧密，纤维较多，与同类水果相比，它的香味更加浓郁，口感更为丰富，虽然略带酸味，但回味甘甜。它的形状通常为圆锥形，颜色多样，可以是黄色、橙色或棕色，外观上有着独特的纹路。这种水果通常具有明显的辛辣香气，质地紧密，纤维较多，与同类水果相比，它的香味更加浓郁，口感更为丰富，虽然略带酸味，但回味甘甜。它的形状通常为圆锥形，颜色多样，可以是黄色、橙色或棕色，外观上有着独特的纹路。这种水果的果实饱满，汁水丰富，口感甘甜，而且通常在成熟时散发出诱人的香气。玩家3说：这是一种富含汁液的水果，外形圆润，通常为紫色、红色或绿色。它的最突出不同特征是含有许多小颗粒，这些小颗粒是其独特的风味来源。这种水果皮薄，果肉多汁，通常呈现出紫红色、红色或绿色，具有一定的光泽。它的果实饱满，汁水丰富，口感甘甜。与同类水果相比，这种水果的独特之处在于其果实中含有的众多小颗粒，这些小颗粒不仅增加了果实的风味，还使得每次咀嚼都能感受到丰富的口感。这种水果通常在成熟时具有诱人的香气，其外观和口感都让人愉悦。这种水果的果实表面光滑，色泽鲜艳，成熟时呈现出紫红色、红色或绿色，散发出清新的果香。它的果实大小适中，易于剥皮，肉质紧密，含有丰富的果汁，口感既甜又酸，给人一种清新爽口的感觉。这种水果的独特之处在于其果实中包含的小颗粒，这些颗粒不仅增添了果实的风味，还使得每次咀嚼都能体验到丰富的口感层次。在同类水果中，它的香气和口感都是其显著的特点。玩家4说：这是一种常见的水果，外形通常为圆形或椭圆形，肉质多汁。最突出的不同特征是它通常含有种子，这些种子分布在果肉中，增加了食用时的口感。这种水果通常呈圆形或椭圆形，皮薄肉厚，含有种子，这些种子在果肉中分布，为食用时带来独特的口感。它通常具有紫红色、红色或绿色的外观，成熟时散发出诱人的香气。这种水果的汁液丰富，口感甘甜，是常见的餐后水果，因其便于携带和食用而受到广泛喜爱。这种水果通常呈圆形或椭圆形，皮薄肉厚，含有丰富的糖分和维生素C。它的汁液非常丰富，果实饱满，成熟时呈现出紫红色、红色或绿色，散发出诱人的香气。这种水果的味道既甜又酸，给人一种清新爽口的感觉，而且通常含有许多小颗粒，这些小颗粒是其独特的风味来源。它的外观光滑，色泽鲜艳，成熟时非常吸引人，是夏季消暑解渴的佳品。||在这个游戏中，我们需要通过分析每位玩家的描述来找出卧底。通常，平民的描述会围绕相同的词语展开，而卧底的描述可能会因为词语的不同而显得不太一致。我们需要仔细比较每个描述之间的相似性和差异性，以找出可能的卧底，注意，卧底并不会隐藏自己，他会直接描述他的词语，现在，逐一分析每个玩家的描述，注意，这局游戏的词语分类为<水果>，卧底词和平民词都属于该类。||之前是第3轮描述和之前轮数描述的合集。你之前认为的卧底是玩家2。
2024-12-13 10:32:01,898 - 3 - INFO - **********PLAYER3**********
根据第3轮描述和之前轮数描述的合集，我之前的推断是玩家2可能是卧底。现在，我将根据新的描述重新分析：

- 玩家1的描述与玩家3的描述非常相似，都强调了果实颜色、汁液丰富、口感酸甜、含有小颗粒等特点，这与葡萄的描述相符。
- 玩家2的描述中提到了黄色、绿色、圆锥形、辛辣香气、纤维较多等特征，这些特征与葡萄的特征不符，尤其是圆锥形和辛辣香气。
- 玩家4的描述与玩家1和玩家3的描述也有相似之处，提到了果实颜色、汁液丰富、口感酸甜等特点，但没有提到圆锥形和辛辣香气。

综合以上分析，玩家2的描述与葡萄的特征存在显著差异，特别是圆锥形和辛辣香气的描述，这增加了他作为卧底的可能性。因此，基于描述的不一致性，我仍然认为玩家2可能是卧底。
2024-12-13 10:32:01,899 - 3 - INFO - **********JUDGER**********
你刚刚的分析是根据第3轮描述和之前轮数描述的合集，我之前的推断是玩家2可能是卧底。现在，我将根据新的描述重新分析：

- 玩家1的描述与玩家3的描述非常相似，都强调了果实颜色、汁液丰富、口感酸甜、含有小颗粒等特点，这与葡萄的描述相符。
- 玩家2的描述中提到了黄色、绿色、圆锥形、辛辣香气、纤维较多等特征，这些特征与葡萄的特征不符，尤其是圆锥形和辛辣香气。
- 玩家4的描述与玩家1和玩家3的描述也有相似之处，提到了果实颜色、汁液丰富、口感酸甜等特点，但没有提到圆锥形和辛辣香气。

综合以上分析，玩家2的描述与葡萄的特征存在显著差异，特别是圆锥形和辛辣香气的描述，这增加了他作为卧底的可能性。因此，基于描述的不一致性，我仍然认为玩家2可能是卧底。|| `请根据上述分析，比较描述以找出不一致之处，注意，这局游戏的词语分类为<水果>，卧底词和平民词都属于该类。
2024-12-13 10:32:07,353 - 3 - INFO - **********PLAYER3**********
根据上述分析，以下是不一致之处：

1. 玩家2的描述中提到了圆锥形，而葡萄通常是圆形或椭圆形。
2. 玩家2的描述中提到了辛辣香气，这与葡萄的甘甜口感不符。
3. 玩家2的描述中提到了纤维较多，而葡萄的纤维含量并不显著。
4. 玩家2的描述中提到了黄色、橙色或棕色，而葡萄的颜色主要是紫红色、红色或绿色。

这些不一致之处表明玩家2的描述与葡萄的特征存在显著差异，尤其是在形状、香气和纤维含量上，这些特征更可能指向其他水果，而不是葡萄。
2024-12-13 10:32:07,356 - 3 - INFO - **********JUDGER**********
你刚刚的分析是根据上述分析，以下是不一致之处：

1. 玩家2的描述中提到了圆锥形，而葡萄通常是圆形或椭圆形。
2. 玩家2的描述中提到了辛辣香气，这与葡萄的甘甜口感不符。
3. 玩家2的描述中提到了纤维较多，而葡萄的纤维含量并不显著。
4. 玩家2的描述中提到了黄色、橙色或棕色，而葡萄的颜色主要是紫红色、红色或绿色。

这些不一致之处表明玩家2的描述与葡萄的特征存在显著差异，尤其是在形状、香气和纤维含量上，这些特征更可能指向其他水果，而不是葡萄。|| 请通过你分析的不一致之处，推断卧底身份，注意，这局游戏的词语分类为<水果>，卧底词和平民词都属于该类。
2024-12-13 10:32:08,444 - 3 - INFO - **********PLAYER3**********
2
2024-12-13 10:32:08,445 - 3 - INFO - **********JUDGER**********
你刚刚的推断是2|| 基于你刚刚的推断得出你的最终结论，请输出你认为的卧底，在这种情况下只需要输出编号，是1-4中的某个数字，不要输出其他信息。在这个过程不要进行任何推理，只对||以前的部分进行信息提取
2024-12-13 10:32:09,535 - 3 - INFO - **********PLAYER3**********
2
