2024-12-13 10:27:22,224 - 4 - INFO - **********JUDGER**********
让我们来玩一个叫做<谁是卧底>的推理游戏。基本规则：<人数>：4人。<角色分配>：每位玩家随机抽取一个词语，3名玩家拿到的词语是相同的（平民词），1名玩家拿到与之相近但不同的词语（卧底词）。<游戏流程>：1、玩家轮流描述自己的词语，但<不能>直接说出词语本身。2、描述完毕后，投票选出最像卧底的玩家。3、每轮结束后，被投票选出的玩家出局，不能再进行描述或投票。4、每轮投票结束后，如果卧底被成功找出，平民方获胜；如果卧底未被找出且卧底人数等于或超过平民人数，则卧底方获胜。你将扮演一个<玩家>，请等待你被分配到的关键词。如果你听懂了，只回答，"好的，我准备好参加游戏了"，不要输出别的信息
2024-12-13 10:27:22,722 - 4 - INFO - **********PLAYER4**********
好的，我准备好参加游戏了
2024-12-13 10:27:26,868 - 4 - INFO - **********JUDGER**********
玩家1说：这是一种多汁的水果，通常呈圆形或椭圆形，皮薄肉厚，含有丰富的糖分和维生素C。在水果类中，它可能因其独特的酸甜口感而受到喜爱。玩家2说：这种水果色彩鲜艳，通常为黄色或绿色，形状圆润，肉质软糯，含有多种微量元素和维生素。与同类水果相比，它含有特殊的香味，且口感独特，略带酸味。玩家3说：这是一种富含汁液的水果，外形圆润，通常为紫色、红色或绿色。它的最突出不同特征是含有许多小颗粒，这些小颗粒是其独特的风味来源。玩家4说：|| 你是第4号玩家，你的关键词是<葡萄>。你的回答中绝对不能包含你的关键词<葡萄>。这是第一轮描述，不需要分析||之前别的玩家的描述，请你描述关键词基本特征，注意，这局游戏的词语分类为<水果>，卧底词和平民词都属于该类，描述包括以下两点，1.他的基本特征是什么2.他在该类（水果）中最突出不同的特征是什么，尽量简短
2024-12-13 10:27:27,998 - 4 - INFO - **********PLAYER4**********
这是一种常见的水果，外形通常为圆形或椭圆形，肉质多汁。最突出的不同特征是它通常含有种子，这些种子分布在果肉中，增加了食用时的口感。
2024-12-13 10:28:25,964 - 4 - INFO - **********JUDGER**********
玩家1说：这是一种多汁的水果，通常呈圆形或椭圆形，皮薄肉厚，含有丰富的糖分和维生素C。在水果类中，它可能因其独特的酸甜口感而受到喜爱。玩家2说：这种水果色彩鲜艳，通常为黄色或绿色，形状圆润，肉质软糯，含有多种微量元素和维生素。与同类水果相比，它含有特殊的香味，且口感独特，略带酸味。玩家3说：这是一种富含汁液的水果，外形圆润，通常为紫色、红色或绿色。它的最突出不同特征是含有许多小颗粒，这些小颗粒是其独特的风味来源。玩家4说：||在这个游戏中，我们需要通过分析每位玩家的描述来找出卧底。通常，平民的描述会围绕相同的词语展开，而卧底的描述可能会因为词语的不同而显得不太一致。我们需要仔细比较每个描述之间的相似性和差异性，以找出可能的卧底，注意，卧底并不会隐藏自己，他会直接描述他的词语，现在，逐一分析每个玩家的描述，注意，这局游戏的词语分类为<水果>，卧底词和平民词都属于该类。这是第一轮描述。
2024-12-13 10:28:31,486 - 4 - INFO - **********PLAYER4**********
好的，我们来分析一下每个玩家的描述：

玩家1描述的是一种多汁、圆形或椭圆形、皮薄肉厚、富含糖分和维生素C的水果，可能因其酸甜口感而受欢迎。

玩家2描述的是一种色彩鲜艳、通常为黄色或绿色、形状圆润、肉质软糯、含有多种微量元素和维生素的水果，具有特殊香味，口感独特，略带酸味。

玩家3描述的是一种富含汁液、外形圆润、通常为紫色、红色或绿色、含有许多小颗粒的水果，这些小颗粒是其独特的风味来源。

玩家4没有提供描述，而是提到了游戏规则和卧底的特点。

从描述中可以看出，玩家1和玩家2的描述有相似之处，都提到了圆形、肉质、维生素C和酸甜口感。玩家3的描述则提到了汁液、小颗粒和风味来源，这与前两位玩家的描述有所不同。玩家4没有直接描述关键词，而是提到了游戏分析和卧底的行为。

根据这些信息，玩家3的描述与前面两位玩家的描述差异较大，可能是一个线索。但是，由于没有更多的信息，我们无法确定玩家4是否是卧底，因为他在描述中没有提供任何关键词的线索。我们需要更多的描述来进一步分析。
2024-12-13 10:28:31,488 - 4 - INFO - **********JUDGER**********
你刚刚的分析是好的，我们来分析一下每个玩家的描述：

玩家1描述的是一种多汁、圆形或椭圆形、皮薄肉厚、富含糖分和维生素C的水果，可能因其酸甜口感而受欢迎。

玩家2描述的是一种色彩鲜艳、通常为黄色或绿色、形状圆润、肉质软糯、含有多种微量元素和维生素的水果，具有特殊香味，口感独特，略带酸味。

玩家3描述的是一种富含汁液、外形圆润、通常为紫色、红色或绿色、含有许多小颗粒的水果，这些小颗粒是其独特的风味来源。

玩家4没有提供描述，而是提到了游戏规则和卧底的特点。

从描述中可以看出，玩家1和玩家2的描述有相似之处，都提到了圆形、肉质、维生素C和酸甜口感。玩家3的描述则提到了汁液、小颗粒和风味来源，这与前两位玩家的描述有所不同。玩家4没有直接描述关键词，而是提到了游戏分析和卧底的行为。

根据这些信息，玩家3的描述与前面两位玩家的描述差异较大，可能是一个线索。但是，由于没有更多的信息，我们无法确定玩家4是否是卧底，因为他在描述中没有提供任何关键词的线索。我们需要更多的描述来进一步分析。|| `请根据上述分析，比较描述以找出不一致之处，注意，这局游戏的词语分类为<水果>，卧底词和平民词都属于该类。
2024-12-13 10:28:41,863 - 4 - INFO - **********PLAYER4**********
根据上述分析，我们可以比较描述以找出不一致之处：

1. 玩家1和玩家2的描述都提到了水果的形状（圆形或椭圆形）、肉质（皮薄肉厚或肉质软糯）、维生素C以及酸甜口感。这些描述在水果类别中比较常见，没有明显的不一致。

2. 玩家3的描述提到了水果的汁液丰富、外形圆润、色彩多样（紫色、红色或绿色），以及含有许多小颗粒，这些小颗粒是其独特的风味来源。这里有几个关键的不一致点：
   - 玩家3提到了汁液丰富，而玩家1和玩家2没有明确提到汁液。
   - 玩家3特别强调了小颗粒，这是其独特的风味来源，而玩家1和玩家2没有提到这一点。
   - 玩家3提到了水果的颜色多样性，而玩家1和玩家2没有提到颜色。

3. 玩家4没有提供关于水果的具体描述，而是讨论了游戏规则和卧底的行为，因此他的描述与水果类别无关，无法直接与其他玩家的水果描述进行比较。

综上所述，玩家3的描述在几个关键点上与玩家1和玩家2的描述不一致，这可能是我们寻找卧底的线索。玩家4没有提供直接相关的描述，因此无法根据他的描述来判断是否为卧底。
2024-12-13 10:28:41,866 - 4 - INFO - **********JUDGER**********
你刚刚的分析是根据上述分析，我们可以比较描述以找出不一致之处：

1. 玩家1和玩家2的描述都提到了水果的形状（圆形或椭圆形）、肉质（皮薄肉厚或肉质软糯）、维生素C以及酸甜口感。这些描述在水果类别中比较常见，没有明显的不一致。

2. 玩家3的描述提到了水果的汁液丰富、外形圆润、色彩多样（紫色、红色或绿色），以及含有许多小颗粒，这些小颗粒是其独特的风味来源。这里有几个关键的不一致点：
   - 玩家3提到了汁液丰富，而玩家1和玩家2没有明确提到汁液。
   - 玩家3特别强调了小颗粒，这是其独特的风味来源，而玩家1和玩家2没有提到这一点。
   - 玩家3提到了水果的颜色多样性，而玩家1和玩家2没有提到颜色。

3. 玩家4没有提供关于水果的具体描述，而是讨论了游戏规则和卧底的行为，因此他的描述与水果类别无关，无法直接与其他玩家的水果描述进行比较。

综上所述，玩家3的描述在几个关键点上与玩家1和玩家2的描述不一致，这可能是我们寻找卧底的线索。玩家4没有提供直接相关的描述，因此无法根据他的描述来判断是否为卧底。|| 请通过你分析的不一致之处，推断卧底身份，注意，这局游戏的词语分类为<水果>，卧底词和平民词都属于该类。
2024-12-13 10:28:47,437 - 4 - INFO - **********PLAYER4**********
根据分析的不一致之处，我们可以进行以下推断：

1. 玩家1和玩家2的描述都指向了类似的水果，如柑橘类（如橙子、柚子等），它们通常是多汁的、圆形或椭圆形、皮薄肉厚、含有丰富的糖分和维生素C，并且有酸甜口感。

2. 玩家3的描述提到了汁液丰富、外形圆润、色彩多样以及含有小颗粒，这些特征更符合浆果类水果，如草莓、蓝莓或黑莓。特别是提到的小颗粒，这是浆果类水果的一个显著特征，它们通常含有许多小种子，这些种子在食用时能够提供独特的口感。

3. 玩家4没有提供关于水果的具体描述，因此无法直接推断。

考虑到游戏的词语分类为<水果>，且卧底词和平民词都属于该类，结合上述分析，玩家3的描述与玩家1和玩家2的描述不一致，且更符合浆果类水果的特征，因此玩家3可能是卧底。卧底词可能是像“草莓”或“蓝莓”这样的浆果类水果。
2024-12-13 10:28:47,438 - 4 - INFO - **********JUDGER**********
你刚刚的推断是根据分析的不一致之处，我们可以进行以下推断：

1. 玩家1和玩家2的描述都指向了类似的水果，如柑橘类（如橙子、柚子等），它们通常是多汁的、圆形或椭圆形、皮薄肉厚、含有丰富的糖分和维生素C，并且有酸甜口感。

2. 玩家3的描述提到了汁液丰富、外形圆润、色彩多样以及含有小颗粒，这些特征更符合浆果类水果，如草莓、蓝莓或黑莓。特别是提到的小颗粒，这是浆果类水果的一个显著特征，它们通常含有许多小种子，这些种子在食用时能够提供独特的口感。

3. 玩家4没有提供关于水果的具体描述，因此无法直接推断。

考虑到游戏的词语分类为<水果>，且卧底词和平民词都属于该类，结合上述分析，玩家3的描述与玩家1和玩家2的描述不一致，且更符合浆果类水果的特征，因此玩家3可能是卧底。卧底词可能是像“草莓”或“蓝莓”这样的浆果类水果。|| 基于你刚刚的推断得出你的最终结论，请输出你认为的卧底，在这种情况下只需要输出编号，是1-4中的某个数字，不要输出其他信息。在这个过程不要进行任何推理，只对||以前的部分进行信息提取
2024-12-13 10:28:48,025 - 4 - INFO - **********PLAYER4**********
3
2024-12-13 10:28:54,766 - 4 - INFO - **********JUDGER**********
玩家1说：这是一种多汁的水果，通常呈圆形或椭圆形，皮薄肉厚，含有丰富的糖分和维生素C。在水果类中，它可能因其独特的酸甜口感而受到喜爱。这种水果汁水丰富，果实饱满，颜色多样，常常是紫红色或绿色，有着诱人的光泽。它的味道既甜又酸，给人一种清新爽口的感觉。在同类水果中，它以其独特的风味和美观的外观而受到人们的喜爱。玩家2说：这种水果色彩鲜艳，通常为黄色或绿色，形状圆润，肉质软糯，含有多种微量元素和维生素。与同类水果相比，它含有特殊的香味，且口感独特，略带酸味。这种水果具有明显的辛辣香气，质地紧密，纤维较多，与同类水果相比，它的香味更加浓郁，口感更为丰富，虽然略带酸味，但回味甘甜。它的形状通常为圆锥形，颜色多样，可以是黄色、橙色或棕色，外观上有着独特的纹路。玩家3说：这是一种富含汁液的水果，外形圆润，通常为紫色、红色或绿色。它的最突出不同特征是含有许多小颗粒，这些小颗粒是其独特的风味来源。这种水果皮薄，果肉多汁，通常呈现出紫红色、红色或绿色，具有一定的光泽。它的果实饱满，汁水丰富，口感甘甜。与同类水果相比，这种水果的独特之处在于其果实中含有的众多小颗粒，这些小颗粒不仅增加了果实的风味，还使得每次咀嚼都能感受到丰富的口感。这种水果通常在成熟时具有诱人的香气，其外观和口感都让人愉悦。玩家4说：这是一种常见的水果，外形通常为圆形或椭圆形，肉质多汁。最突出的不同特征是它通常含有种子，这些种子分布在果肉中，增加了食用时的口感。你是第4号玩家，你的关键词是<葡萄>。你的回答中绝对不能包含你的关键词<葡萄>。这是第二轮描述，你之前的描述是这是一种常见的水果，外形通常为圆形或椭圆形，肉质多汁。最突出的不同特征是它通常含有种子，这些种子分布在果肉中，增加了食用时的口感。，注意，这局游戏的词语分类为<水果>，卧底词和平民词都属于该类，请你补充关于关键词的描述，注意，你的描述应该比起之前的描述更加贴近关键词，作为之前的补充
2024-12-13 10:28:59,718 - 4 - INFO - **********PLAYER4**********
这种水果通常呈圆形或椭圆形，皮薄肉厚，含有种子，这些种子在果肉中分布，为食用时带来独特的口感。它通常具有紫红色、红色或绿色的外观，成熟时散发出诱人的香气。这种水果的汁液丰富，口感甘甜，是常见的餐后水果，因其便于携带和食用而受到广泛喜爱。
2024-12-13 10:30:10,163 - 4 - INFO - **********JUDGER**********
玩家1说：这是一种多汁的水果，通常呈圆形或椭圆形，皮薄肉厚，含有丰富的糖分和维生素C。在水果类中，它可能因其独特的酸甜口感而受到喜爱。这种水果汁水丰富，果实饱满，颜色多样，常常是紫红色或绿色，有着诱人的光泽。它的味道既甜又酸，给人一种清新爽口的感觉。在同类水果中，它以其独特的风味和美观的外观而受到人们的喜爱。玩家2说：这种水果色彩鲜艳，通常为黄色或绿色，形状圆润，肉质软糯，含有多种微量元素和维生素。与同类水果相比，它含有特殊的香味，且口感独特，略带酸味。这种水果具有明显的辛辣香气，质地紧密，纤维较多，与同类水果相比，它的香味更加浓郁，口感更为丰富，虽然略带酸味，但回味甘甜。它的形状通常为圆锥形，颜色多样，可以是黄色、橙色或棕色，外观上有着独特的纹路。玩家3说：这是一种富含汁液的水果，外形圆润，通常为紫色、红色或绿色。它的最突出不同特征是含有许多小颗粒，这些小颗粒是其独特的风味来源。这种水果皮薄，果肉多汁，通常呈现出紫红色、红色或绿色，具有一定的光泽。它的果实饱满，汁水丰富，口感甘甜。与同类水果相比，这种水果的独特之处在于其果实中含有的众多小颗粒，这些小颗粒不仅增加了果实的风味，还使得每次咀嚼都能感受到丰富的口感。这种水果通常在成熟时具有诱人的香气，其外观和口感都让人愉悦。玩家4说：这是一种常见的水果，外形通常为圆形或椭圆形，肉质多汁。最突出的不同特征是它通常含有种子，这些种子分布在果肉中，增加了食用时的口感。||在这个游戏中，我们需要通过分析每位玩家的描述来找出卧底。通常，平民的描述会围绕相同的词语展开，而卧底的描述可能会因为词语的不同而显得不太一致。我们需要仔细比较每个描述之间的相似性和差异性，以找出可能的卧底，注意，卧底并不会隐藏自己，他会直接描述他的词语，现在，逐一分析每个玩家的描述，注意，这局游戏的词语分类为<水果>，卧底词和平民词都属于该类。||之前是第2轮描述和之前轮数描述的合集。你之前认为的卧底是玩家3。
2024-12-13 10:30:22,147 - 4 - INFO - **********PLAYER4**********
根据玩家们的第二轮描述，我们可以进行以下分析：

玩家1的描述提到了多汁、圆形或椭圆形、皮薄肉厚、丰富的糖分和维生素C、酸甜口感、汁水丰富、果实饱满、颜色多样（紫红色或绿色）、诱人的光泽。

玩家2的描述提到了色彩鲜艳、黄色或绿色、形状圆润、肉质软糯、多种微量元素和维生素、特殊香味、略带酸味、辛辣香气、质地紧密、纤维较多、圆锥形、颜色多样（黄色、橙色或棕色）、独特纹路。

玩家3的描述与之前相似，强调了富含汁液、外形圆润、紫色、红色或绿色、含有许多小颗粒、皮薄、果肉多汁、光泽、果实饱满、汁水丰富、口感甘甜、诱人香气、外观和口感愉悦。

玩家4的描述提到了圆形或椭圆形、肉质多汁、含有种子、种子分布在果肉中、增加了食用时的口感。

从描述中，玩家1、玩家2和玩家4的描述都存在一些相似之处，如圆形或椭圆形、肉质多汁、含有某种特定的特征（如玩家1的汁水丰富，玩家2的纤维较多，玩家4的含有种子）。然而，玩家3的描述虽然强调了汁液丰富、小颗粒等特征，但与其他玩家的描述在水果类型和特征上存在较大的差异。

考虑到之前的分析，玩家3的描述与玩家1和玩家2的描述不一致，且更符合浆果类水果的特征。然而，玩家4的描述虽然提到了含有种子，但没有提及其他与浆果类水果相关的特征。因此，如果之前的推断是基于浆果类水果的特征，那么玩家3仍然是一个可能的卧底候选。

但是，如果玩家4的描述更接近关键词，且没有明显的不一致之处，那么玩家4也可能是卧底。由于之前的推断是玩家3，且现在需要根据描述进行逐一分析，如果玩家4的描述与关键词更贴近，那么最终结论可能是玩家4是卧底。
2024-12-13 10:30:22,149 - 4 - INFO - **********JUDGER**********
你刚刚的分析是根据玩家们的第二轮描述，我们可以进行以下分析：

玩家1的描述提到了多汁、圆形或椭圆形、皮薄肉厚、丰富的糖分和维生素C、酸甜口感、汁水丰富、果实饱满、颜色多样（紫红色或绿色）、诱人的光泽。

玩家2的描述提到了色彩鲜艳、黄色或绿色、形状圆润、肉质软糯、多种微量元素和维生素、特殊香味、略带酸味、辛辣香气、质地紧密、纤维较多、圆锥形、颜色多样（黄色、橙色或棕色）、独特纹路。

玩家3的描述与之前相似，强调了富含汁液、外形圆润、紫色、红色或绿色、含有许多小颗粒、皮薄、果肉多汁、光泽、果实饱满、汁水丰富、口感甘甜、诱人香气、外观和口感愉悦。

玩家4的描述提到了圆形或椭圆形、肉质多汁、含有种子、种子分布在果肉中、增加了食用时的口感。

从描述中，玩家1、玩家2和玩家4的描述都存在一些相似之处，如圆形或椭圆形、肉质多汁、含有某种特定的特征（如玩家1的汁水丰富，玩家2的纤维较多，玩家4的含有种子）。然而，玩家3的描述虽然强调了汁液丰富、小颗粒等特征，但与其他玩家的描述在水果类型和特征上存在较大的差异。

考虑到之前的分析，玩家3的描述与玩家1和玩家2的描述不一致，且更符合浆果类水果的特征。然而，玩家4的描述虽然提到了含有种子，但没有提及其他与浆果类水果相关的特征。因此，如果之前的推断是基于浆果类水果的特征，那么玩家3仍然是一个可能的卧底候选。

但是，如果玩家4的描述更接近关键词，且没有明显的不一致之处，那么玩家4也可能是卧底。由于之前的推断是玩家3，且现在需要根据描述进行逐一分析，如果玩家4的描述与关键词更贴近，那么最终结论可能是玩家4是卧底。|| `请根据上述分析，比较描述以找出不一致之处，注意，这局游戏的词语分类为<水果>，卧底词和平民词都属于该类。
2024-12-13 10:30:33,411 - 4 - INFO - **********PLAYER4**********
根据上述分析，我们可以比较描述以找出不一致之处：

1. 玩家1的描述中提到的水果具有多种特征：多汁、圆形或椭圆形、皮薄肉厚、丰富的糖分和维生素C、酸甜口感、汁水丰富、果实饱满、颜色多样（紫红色或绿色）、诱人的光泽。这些特征可能与多种水果相符，如葡萄、苹果等。

2. 玩家2的描述中提到的水果特征包括：色彩鲜艳、黄色或绿色、形状圆润、肉质软糯、多种微量元素和维生素、特殊香味、略带酸味、辛辣香气、质地紧密、纤维较多、圆锥形、颜色多样（黄色、橙色或棕色）、独特纹路。这些特征似乎指向了某种具有纤维和特殊香味的黄色或绿色水果，如香蕉或某些苹果品种。

3. 玩家3的描述中提到的水果特征与之前相似，强调了富含汁液、外形圆润、紫色、红色或绿色、含有许多小颗粒、皮薄、果肉多汁、光泽、果实饱满、汁水丰富、口感甘甜、诱人香气、外观和口感愉悦。这些特征与浆果类水果如草莓、蓝莓等相符。

4. 玩家4的描述中提到的水果特征是圆形或椭圆形、肉质多汁、含有种子、种子分布在果肉中、增加了食用时的口感。这些特征与许多水果相符，但特别强调了种子的存在。

不一致之处：
- 玩家1和玩家4的描述都提到了圆形或椭圆形和肉质多汁，但没有特别强调种子。
- 玩家2的描述中提到了纤维较多和圆锥形，这与玩家1和玩家4的描述不一致。
- 玩家3的描述中提到了小颗粒，这与玩家1和玩家4的描述不一致，但与玩家2的描述没有直接冲突。

综上所述，玩家3的描述与玩家1和玩家4的描述在强调小颗粒上存在不一致，而玩家2的描述则与玩家1和玩家4的描述在纤维和形状上存在不一致。这些不一致可能是找出卧底的线索。
2024-12-13 10:30:33,413 - 4 - INFO - **********JUDGER**********
你刚刚的分析是根据上述分析，我们可以比较描述以找出不一致之处：

1. 玩家1的描述中提到的水果具有多种特征：多汁、圆形或椭圆形、皮薄肉厚、丰富的糖分和维生素C、酸甜口感、汁水丰富、果实饱满、颜色多样（紫红色或绿色）、诱人的光泽。这些特征可能与多种水果相符，如葡萄、苹果等。

2. 玩家2的描述中提到的水果特征包括：色彩鲜艳、黄色或绿色、形状圆润、肉质软糯、多种微量元素和维生素、特殊香味、略带酸味、辛辣香气、质地紧密、纤维较多、圆锥形、颜色多样（黄色、橙色或棕色）、独特纹路。这些特征似乎指向了某种具有纤维和特殊香味的黄色或绿色水果，如香蕉或某些苹果品种。

3. 玩家3的描述中提到的水果特征与之前相似，强调了富含汁液、外形圆润、紫色、红色或绿色、含有许多小颗粒、皮薄、果肉多汁、光泽、果实饱满、汁水丰富、口感甘甜、诱人香气、外观和口感愉悦。这些特征与浆果类水果如草莓、蓝莓等相符。

4. 玩家4的描述中提到的水果特征是圆形或椭圆形、肉质多汁、含有种子、种子分布在果肉中、增加了食用时的口感。这些特征与许多水果相符，但特别强调了种子的存在。

不一致之处：
- 玩家1和玩家4的描述都提到了圆形或椭圆形和肉质多汁，但没有特别强调种子。
- 玩家2的描述中提到了纤维较多和圆锥形，这与玩家1和玩家4的描述不一致。
- 玩家3的描述中提到了小颗粒，这与玩家1和玩家4的描述不一致，但与玩家2的描述没有直接冲突。

综上所述，玩家3的描述与玩家1和玩家4的描述在强调小颗粒上存在不一致，而玩家2的描述则与玩家1和玩家4的描述在纤维和形状上存在不一致。这些不一致可能是找出卧底的线索。|| 请通过你分析的不一致之处，推断卧底身份，注意，这局游戏的词语分类为<水果>，卧底词和平民词都属于该类。
2024-12-13 10:30:47,233 - 4 - INFO - **********PLAYER4**********
根据分析的不一致之处，我们可以进行以下推断：

- 玩家1和玩家4的描述都提到了圆形或椭圆形和肉质多汁，但没有特别强调种子，这表明他们可能描述的是相同的水果。
- 玩家2的描述中提到了纤维较多和圆锥形，这与玩家1和玩家4的描述不一致，这可能表明玩家2描述的是另一种水果。
- 玩家3的描述中提到了小颗粒，这与玩家1和玩家4的描述不一致，这表明玩家3可能描述的是另一种水果。

由于玩家3的描述中提到的“小颗粒”这一特征是独特的，且与玩家1和玩家4的描述不一致，这可能是卧底的特征。同时，玩家2的描述中提到的“纤维较多”和“圆锥形”也与玩家1和玩家4的描述不一致，这可能表明玩家2也可能不是平民。

考虑到这些信息，如果玩家3的描述确实是卧底，那么他的描述应该指向一种与玩家1和玩家4描述的水果不同的水果。然而，由于玩家2的描述也有显著的不一致，这增加了玩家2是卧底的嫌疑。

因此，基于描述的不一致之处，玩家3和玩家2都有可能是卧底。但是，由于玩家3的描述与玩家1和玩家4的描述在水果类型上存在更明显的差异（小颗粒），我们可以初步推断玩家3更有可能是卧底。然而，最终结论需要根据游戏的整体进展和更多描述来确认。在这种情况下，如果必须选择一个，我会选择玩家3作为可能的卧底。
2024-12-13 10:30:47,235 - 4 - INFO - **********JUDGER**********
你刚刚的推断是根据分析的不一致之处，我们可以进行以下推断：

- 玩家1和玩家4的描述都提到了圆形或椭圆形和肉质多汁，但没有特别强调种子，这表明他们可能描述的是相同的水果。
- 玩家2的描述中提到了纤维较多和圆锥形，这与玩家1和玩家4的描述不一致，这可能表明玩家2描述的是另一种水果。
- 玩家3的描述中提到了小颗粒，这与玩家1和玩家4的描述不一致，这表明玩家3可能描述的是另一种水果。

由于玩家3的描述中提到的“小颗粒”这一特征是独特的，且与玩家1和玩家4的描述不一致，这可能是卧底的特征。同时，玩家2的描述中提到的“纤维较多”和“圆锥形”也与玩家1和玩家4的描述不一致，这可能表明玩家2也可能不是平民。

考虑到这些信息，如果玩家3的描述确实是卧底，那么他的描述应该指向一种与玩家1和玩家4描述的水果不同的水果。然而，由于玩家2的描述也有显著的不一致，这增加了玩家2是卧底的嫌疑。

因此，基于描述的不一致之处，玩家3和玩家2都有可能是卧底。但是，由于玩家3的描述与玩家1和玩家4的描述在水果类型上存在更明显的差异（小颗粒），我们可以初步推断玩家3更有可能是卧底。然而，最终结论需要根据游戏的整体进展和更多描述来确认。在这种情况下，如果必须选择一个，我会选择玩家3作为可能的卧底。|| 基于你刚刚的推断得出你的最终结论，请输出你认为的卧底，在这种情况下只需要输出编号，是1-4中的某个数字，不要输出其他信息。在这个过程不要进行任何推理，只对||以前的部分进行信息提取
2024-12-13 10:30:48,084 - 4 - INFO - **********PLAYER4**********
3
2024-12-13 10:31:00,605 - 4 - INFO - **********JUDGER**********
玩家1说：这是一种多汁的水果，通常呈圆形或椭圆形，皮薄肉厚，含有丰富的糖分和维生素C。在水果类中，它可能因其独特的酸甜口感而受到喜爱。这种水果汁水丰富，果实饱满，颜色多样，常常是紫红色或绿色，有着诱人的光泽。它的味道既甜又酸，给人一种清新爽口的感觉。在同类水果中，它以其独特的风味和美观的外观而受到人们的喜爱。这种水果的果实大小适中，皮薄易剥，肉质紧密，含有丰富的果汁，带有轻微的酸味和甜味，口感清爽。在成熟时，它的颜色会呈现出迷人的紫红色或绿色，光泽鲜艳，非常吸引人。这种水果通常在夏季成熟，是夏季消暑解渴的佳品。玩家2说：这种水果色彩鲜艳，通常为黄色或绿色，形状圆润，肉质软糯，含有多种微量元素和维生素。与同类水果相比，它含有特殊的香味，且口感独特，略带酸味。这种水果具有明显的辛辣香气，质地紧密，纤维较多，与同类水果相比，它的香味更加浓郁，口感更为丰富，虽然略带酸味，但回味甘甜。它的形状通常为圆锥形，颜色多样，可以是黄色、橙色或棕色，外观上有着独特的纹路。这种水果通常具有明显的辛辣香气，质地紧密，纤维较多，与同类水果相比，它的香味更加浓郁，口感更为丰富，虽然略带酸味，但回味甘甜。它的形状通常为圆锥形，颜色多样，可以是黄色、橙色或棕色，外观上有着独特的纹路。这种水果的果实饱满，汁水丰富，口感甘甜，而且通常在成熟时散发出诱人的香气。玩家3说：这是一种富含汁液的水果，外形圆润，通常为紫色、红色或绿色。它的最突出不同特征是含有许多小颗粒，这些小颗粒是其独特的风味来源。这种水果皮薄，果肉多汁，通常呈现出紫红色、红色或绿色，具有一定的光泽。它的果实饱满，汁水丰富，口感甘甜。与同类水果相比，这种水果的独特之处在于其果实中含有的众多小颗粒，这些小颗粒不仅增加了果实的风味，还使得每次咀嚼都能感受到丰富的口感。这种水果通常在成熟时具有诱人的香气，其外观和口感都让人愉悦。这种水果的果实表面光滑，色泽鲜艳，成熟时呈现出紫红色、红色或绿色，散发出清新的果香。它的果实大小适中，易于剥皮，肉质紧密，含有丰富的果汁，口感既甜又酸，给人一种清新爽口的感觉。这种水果的独特之处在于其果实中包含的小颗粒，这些颗粒不仅增添了果实的风味，还使得每次咀嚼都能体验到丰富的口感层次。在同类水果中，它的香气和口感都是其显著的特点。玩家4说：这是一种常见的水果，外形通常为圆形或椭圆形，肉质多汁。最突出的不同特征是它通常含有种子，这些种子分布在果肉中，增加了食用时的口感。这种水果通常呈圆形或椭圆形，皮薄肉厚，含有种子，这些种子在果肉中分布，为食用时带来独特的口感。它通常具有紫红色、红色或绿色的外观，成熟时散发出诱人的香气。这种水果的汁液丰富，口感甘甜，是常见的餐后水果，因其便于携带和食用而受到广泛喜爱。你是第4号玩家，你的关键词是<葡萄>。你的回答中绝对不能包含你的关键词<葡萄>。这是第三轮描述，你之前的描述是这是一种常见的水果，外形通常为圆形或椭圆形，肉质多汁。最突出的不同特征是它通常含有种子，这些种子分布在果肉中，增加了食用时的口感。和这种水果通常呈圆形或椭圆形，皮薄肉厚，含有种子，这些种子在果肉中分布，为食用时带来独特的口感。它通常具有紫红色、红色或绿色的外观，成熟时散发出诱人的香气。这种水果的汁液丰富，口感甘甜，是常见的餐后水果，因其便于携带和食用而受到广泛喜爱。，注意，这局游戏的词语分类为<水果>，卧底词和平民词都属于该类，请你补充关于关键词的描述，注意，你的描述应该比起之前的描述更加贴近关键词，作为之前的补充
2024-12-13 10:31:04,668 - 4 - INFO - **********PLAYER4**********
这种水果通常呈圆形或椭圆形，皮薄肉厚，含有丰富的糖分和维生素C。它的汁液非常丰富，果实饱满，成熟时呈现出紫红色、红色或绿色，散发出诱人的香气。这种水果的味道既甜又酸，给人一种清新爽口的感觉，而且通常含有许多小颗粒，这些小颗粒是其独特的风味来源。它的外观光滑，色泽鲜艳，成熟时非常吸引人，是夏季消暑解渴的佳品。
2024-12-13 10:32:09,537 - 4 - INFO - **********JUDGER**********
玩家1说：这是一种多汁的水果，通常呈圆形或椭圆形，皮薄肉厚，含有丰富的糖分和维生素C。在水果类中，它可能因其独特的酸甜口感而受到喜爱。这种水果汁水丰富，果实饱满，颜色多样，常常是紫红色或绿色，有着诱人的光泽。它的味道既甜又酸，给人一种清新爽口的感觉。在同类水果中，它以其独特的风味和美观的外观而受到人们的喜爱。这种水果的果实大小适中，皮薄易剥，肉质紧密，含有丰富的果汁，带有轻微的酸味和甜味，口感清爽。在成熟时，它的颜色会呈现出迷人的紫红色或绿色，光泽鲜艳，非常吸引人。这种水果通常在夏季成熟，是夏季消暑解渴的佳品。玩家2说：这种水果色彩鲜艳，通常为黄色或绿色，形状圆润，肉质软糯，含有多种微量元素和维生素。与同类水果相比，它含有特殊的香味，且口感独特，略带酸味。这种水果具有明显的辛辣香气，质地紧密，纤维较多，与同类水果相比，它的香味更加浓郁，口感更为丰富，虽然略带酸味，但回味甘甜。它的形状通常为圆锥形，颜色多样，可以是黄色、橙色或棕色，外观上有着独特的纹路。这种水果通常具有明显的辛辣香气，质地紧密，纤维较多，与同类水果相比，它的香味更加浓郁，口感更为丰富，虽然略带酸味，但回味甘甜。它的形状通常为圆锥形，颜色多样，可以是黄色、橙色或棕色，外观上有着独特的纹路。这种水果的果实饱满，汁水丰富，口感甘甜，而且通常在成熟时散发出诱人的香气。玩家3说：这是一种富含汁液的水果，外形圆润，通常为紫色、红色或绿色。它的最突出不同特征是含有许多小颗粒，这些小颗粒是其独特的风味来源。这种水果皮薄，果肉多汁，通常呈现出紫红色、红色或绿色，具有一定的光泽。它的果实饱满，汁水丰富，口感甘甜。与同类水果相比，这种水果的独特之处在于其果实中含有的众多小颗粒，这些小颗粒不仅增加了果实的风味，还使得每次咀嚼都能感受到丰富的口感。这种水果通常在成熟时具有诱人的香气，其外观和口感都让人愉悦。这种水果的果实表面光滑，色泽鲜艳，成熟时呈现出紫红色、红色或绿色，散发出清新的果香。它的果实大小适中，易于剥皮，肉质紧密，含有丰富的果汁，口感既甜又酸，给人一种清新爽口的感觉。这种水果的独特之处在于其果实中包含的小颗粒，这些颗粒不仅增添了果实的风味，还使得每次咀嚼都能体验到丰富的口感层次。在同类水果中，它的香气和口感都是其显著的特点。玩家4说：这是一种常见的水果，外形通常为圆形或椭圆形，肉质多汁。最突出的不同特征是它通常含有种子，这些种子分布在果肉中，增加了食用时的口感。这种水果通常呈圆形或椭圆形，皮薄肉厚，含有种子，这些种子在果肉中分布，为食用时带来独特的口感。它通常具有紫红色、红色或绿色的外观，成熟时散发出诱人的香气。这种水果的汁液丰富，口感甘甜，是常见的餐后水果，因其便于携带和食用而受到广泛喜爱。这种水果通常呈圆形或椭圆形，皮薄肉厚，含有丰富的糖分和维生素C。它的汁液非常丰富，果实饱满，成熟时呈现出紫红色、红色或绿色，散发出诱人的香气。这种水果的味道既甜又酸，给人一种清新爽口的感觉，而且通常含有许多小颗粒，这些小颗粒是其独特的风味来源。它的外观光滑，色泽鲜艳，成熟时非常吸引人，是夏季消暑解渴的佳品。||在这个游戏中，我们需要通过分析每位玩家的描述来找出卧底。通常，平民的描述会围绕相同的词语展开，而卧底的描述可能会因为词语的不同而显得不太一致。我们需要仔细比较每个描述之间的相似性和差异性，以找出可能的卧底，注意，卧底并不会隐藏自己，他会直接描述他的词语，现在，逐一分析每个玩家的描述，注意，这局游戏的词语分类为<水果>，卧底词和平民词都属于该类。||之前是第3轮描述和之前轮数描述的合集。你之前认为的卧底是玩家3。
2024-12-13 10:32:27,682 - 4 - INFO - **********PLAYER4**********
根据玩家们的第三轮描述，我们可以进行以下分析：

玩家1的描述强调了水果的多汁、圆形或椭圆形、皮薄肉厚、丰富的糖分和维生素C、酸甜口感、汁水丰富、颜色多样（紫红色或绿色）、诱人的光泽，以及成熟时的颜色变化和季节性。

玩家2的描述提到了水果的色彩鲜艳、黄色或绿色、形状圆润、肉质软糯、含有微量元素和维生素、特殊香味、略带酸味、辛辣香气、质地紧密、纤维较多、圆锥形、颜色多样、外观上有着独特的纹路，以及成熟时散发的香气。

玩家3的描述强调了水果的汁液丰富、外形圆润、紫色、红色或绿色、含有许多小颗粒、皮薄、果肉多汁、光泽、果实饱满、汁水丰富、口感甘甜、诱人香气、外观和口感愉悦，以及果实表面光滑、色泽鲜艳、易于剥皮、肉质紧密、含有丰富的果汁。

玩家4的描述与之前相似，提到了水果的圆形或椭圆形、肉质多汁、含有种子、种子分布在果肉中、增加了食用时的口感，以及成熟时的香气、汁液丰富、口感甘甜、便于携带和食用。

从描述中，我们可以看到玩家1和玩家4的描述在水果的形状、肉质、汁液丰富、成熟时的颜色和香气上有相似之处，而玩家2的描述中提到的辛辣香气、纤维较多和圆锥形与玩家1和玩家4的描述不一致。玩家3的描述虽然也提到了汁液丰富和成熟时的香气，但特别强调了小颗粒这一特征，这与玩家1和玩家4的描述有所不同。

考虑到之前的分析，玩家3的描述中提到的“小颗粒”这一特征是独特的，且与玩家1和玩家4的描述不一致，这可能是卧底的特征。同时，玩家2的描述中提到的辛辣香气和纤维较多也与玩家1和玩家4的描述不一致，这可能表明玩家2也可能不是平民。

因此，基于描述的不一致之处，玩家3和玩家2都有可能是卧底。但是，由于玩家3的描述与玩家1和玩家4的描述在水果类型上存在更明显的差异（小颗粒），我们可以初步推断玩家3更有可能是卧底。然而，最终结论需要根据游戏的整体进展和更多描述来确认。在这种情况下，如果必须选择一个，我会选择玩家3作为可能的卧底。
2024-12-13 10:32:27,687 - 4 - INFO - **********JUDGER**********
你刚刚的分析是根据玩家们的第三轮描述，我们可以进行以下分析：

玩家1的描述强调了水果的多汁、圆形或椭圆形、皮薄肉厚、丰富的糖分和维生素C、酸甜口感、汁水丰富、颜色多样（紫红色或绿色）、诱人的光泽，以及成熟时的颜色变化和季节性。

玩家2的描述提到了水果的色彩鲜艳、黄色或绿色、形状圆润、肉质软糯、含有微量元素和维生素、特殊香味、略带酸味、辛辣香气、质地紧密、纤维较多、圆锥形、颜色多样、外观上有着独特的纹路，以及成熟时散发的香气。

玩家3的描述强调了水果的汁液丰富、外形圆润、紫色、红色或绿色、含有许多小颗粒、皮薄、果肉多汁、光泽、果实饱满、汁水丰富、口感甘甜、诱人香气、外观和口感愉悦，以及果实表面光滑、色泽鲜艳、易于剥皮、肉质紧密、含有丰富的果汁。

玩家4的描述与之前相似，提到了水果的圆形或椭圆形、肉质多汁、含有种子、种子分布在果肉中、增加了食用时的口感，以及成熟时的香气、汁液丰富、口感甘甜、便于携带和食用。

从描述中，我们可以看到玩家1和玩家4的描述在水果的形状、肉质、汁液丰富、成熟时的颜色和香气上有相似之处，而玩家2的描述中提到的辛辣香气、纤维较多和圆锥形与玩家1和玩家4的描述不一致。玩家3的描述虽然也提到了汁液丰富和成熟时的香气，但特别强调了小颗粒这一特征，这与玩家1和玩家4的描述有所不同。

考虑到之前的分析，玩家3的描述中提到的“小颗粒”这一特征是独特的，且与玩家1和玩家4的描述不一致，这可能是卧底的特征。同时，玩家2的描述中提到的辛辣香气和纤维较多也与玩家1和玩家4的描述不一致，这可能表明玩家2也可能不是平民。

因此，基于描述的不一致之处，玩家3和玩家2都有可能是卧底。但是，由于玩家3的描述与玩家1和玩家4的描述在水果类型上存在更明显的差异（小颗粒），我们可以初步推断玩家3更有可能是卧底。然而，最终结论需要根据游戏的整体进展和更多描述来确认。在这种情况下，如果必须选择一个，我会选择玩家3作为可能的卧底。|| `请根据上述分析，比较描述以找出不一致之处，注意，这局游戏的词语分类为<水果>，卧底词和平民词都属于该类。
2024-12-13 10:32:39,286 - 4 - INFO - **********PLAYER4**********
根据上述分析，我们可以比较描述以找出不一致之处：

1. 玩家1和玩家4的描述都提到了以下特征：
   - 水果形状：圆形或椭圆形
   - 肉质：多汁
   - 汁液丰富
   - 成熟时颜色：紫红色或绿色
   - 成熟时香气
   - 口感：既甜又酸，清新爽口

2. 玩家2的描述提到了以下特征：
   - 水果形状：圆锥形
   - 肉质：软糯
   - 香味：特殊香味，辛辣香气
   - 纤维：纤维较多
   - 颜色：黄色、绿色、橙色、棕色
   - 纹路：独特纹路

3. 玩家3的描述提到了以下特征：
   - 水果形状：外形圆润
   - 汁液丰富
   - 颜色：紫色、红色或绿色
   - 特征：含有许多小颗粒
   - 口感：甘甜
   - 外观：表面光滑，色泽鲜艳
   - 容易剥皮，肉质紧密

不一致之处：
- 玩家2的描述中提到了圆锥形、特殊香味、辛辣香气、纤维较多、独特纹路等特征，这些与玩家1和玩家4的描述不一致。
- 玩家3的描述中提到了含有许多小颗粒这一特征，这与玩家1和玩家4的描述不一致。

因此，玩家2和玩家3的描述与玩家1和玩家4的描述存在不一致之处。这些不一致可能是找出卧底的线索。
2024-12-13 10:32:39,289 - 4 - INFO - **********JUDGER**********
你刚刚的分析是根据上述分析，我们可以比较描述以找出不一致之处：

1. 玩家1和玩家4的描述都提到了以下特征：
   - 水果形状：圆形或椭圆形
   - 肉质：多汁
   - 汁液丰富
   - 成熟时颜色：紫红色或绿色
   - 成熟时香气
   - 口感：既甜又酸，清新爽口

2. 玩家2的描述提到了以下特征：
   - 水果形状：圆锥形
   - 肉质：软糯
   - 香味：特殊香味，辛辣香气
   - 纤维：纤维较多
   - 颜色：黄色、绿色、橙色、棕色
   - 纹路：独特纹路

3. 玩家3的描述提到了以下特征：
   - 水果形状：外形圆润
   - 汁液丰富
   - 颜色：紫色、红色或绿色
   - 特征：含有许多小颗粒
   - 口感：甘甜
   - 外观：表面光滑，色泽鲜艳
   - 容易剥皮，肉质紧密

不一致之处：
- 玩家2的描述中提到了圆锥形、特殊香味、辛辣香气、纤维较多、独特纹路等特征，这些与玩家1和玩家4的描述不一致。
- 玩家3的描述中提到了含有许多小颗粒这一特征，这与玩家1和玩家4的描述不一致。

因此，玩家2和玩家3的描述与玩家1和玩家4的描述存在不一致之处。这些不一致可能是找出卧底的线索。|| 请通过你分析的不一致之处，推断卧底身份，注意，这局游戏的词语分类为<水果>，卧底词和平民词都属于该类。
2024-12-13 10:32:46,666 - 4 - INFO - **********PLAYER4**********
基于分析的不一致之处，我们可以推断：

- 玩家1和玩家4的描述都指向了类似的水果，可能是一种常见的圆形或椭圆形的水果，如苹果或某些类型的梨。
- 玩家2的描述提到了圆锥形、特殊香味、辛辣香气、纤维较多、独特纹路等特征，这些特征与玩家1和玩家4的描述不一致，可能指向了一种完全不同的水果，如某些类型的梨或苹果。
- 玩家3的描述提到了含有许多小颗粒这一特征，这与玩家1和玩家4的描述不一致，这可能是浆果类水果的特征，如草莓或蓝莓。

由于玩家3的描述中提到的“小颗粒”这一特征是独特的，且与玩家1和玩家4的描述不一致，这可能是卧底的特征。同时，玩家2的描述中提到的特征也与玩家1和玩家4的描述有显著差异。

因此，结合以上分析，玩家3可能是卧底。
2024-12-13 10:32:46,668 - 4 - INFO - **********JUDGER**********
你刚刚的推断是基于分析的不一致之处，我们可以推断：

- 玩家1和玩家4的描述都指向了类似的水果，可能是一种常见的圆形或椭圆形的水果，如苹果或某些类型的梨。
- 玩家2的描述提到了圆锥形、特殊香味、辛辣香气、纤维较多、独特纹路等特征，这些特征与玩家1和玩家4的描述不一致，可能指向了一种完全不同的水果，如某些类型的梨或苹果。
- 玩家3的描述提到了含有许多小颗粒这一特征，这与玩家1和玩家4的描述不一致，这可能是浆果类水果的特征，如草莓或蓝莓。

由于玩家3的描述中提到的“小颗粒”这一特征是独特的，且与玩家1和玩家4的描述不一致，这可能是卧底的特征。同时，玩家2的描述中提到的特征也与玩家1和玩家4的描述有显著差异。

因此，结合以上分析，玩家3可能是卧底。|| 基于你刚刚的推断得出你的最终结论，请输出你认为的卧底，在这种情况下只需要输出编号，是1-4中的某个数字，不要输出其他信息。在这个过程不要进行任何推理，只对||以前的部分进行信息提取
2024-12-13 10:32:48,137 - 4 - INFO - **********PLAYER4**********
3
