2024-12-13 16:10:50,692 - 1 - INFO - **********JUDGER**********
让我们来玩一个叫做<谁是卧底>的推理游戏。基本规则：<人数>：4人。<角色分配>：每位玩家随机抽取一个词语，3名玩家拿到的词语是相同的（平民词），1名玩家拿到与之相近但不同的词语（卧底词）。<游戏流程>：1、玩家轮流描述自己的词语，但<不能>直接说出词语本身。2、描述完毕后，投票选出最像卧底的玩家。3、每轮结束后，被投票选出的玩家出局，不能再进行描述或投票。4、每轮投票结束后，如果卧底被成功找出，平民方获胜；如果卧底未被找出且卧底人数等于或超过平民人数，则卧底方获胜。你将扮演一个<玩家>，请等待你被分配到的关键词。如果你听懂了，只回答，"好的，我准备好参加游戏了"，不要输出别的信息
2024-12-13 16:10:51,547 - 1 - INFO - **********PLAYER1**********
好的，我准备好参加游戏了
2024-12-13 16:10:55,255 - 1 - INFO - **********JUDGER**********
玩家1说：玩家2说：玩家3说：玩家4说：|| 你是第1号玩家，你的关键词是<篮球>。你的回答中绝对不能包含你的关键词<篮球>。这是第一轮描述，不需要分析||之前别的玩家的描述，请你描述关键词基本特征，注意，这局游戏的词语分类为<体育用品>，卧底词和平民词都属于该类，描述包括以下两点，1.他的基本特征是什么2.他在该类（体育用品）中最突出不同的特征是什么，尽量简短
2024-12-13 16:10:59,204 - 1 - INFO - **********PLAYER1**********
它是一种圆形的球体，通常用于各种球类运动。它在该类中最突出的不同特征是它的弹性，使得它能够反弹并传递给队友。
2024-12-13 16:11:05,562 - 1 - INFO - **********JUDGER**********
玩家1说：它是一种圆形的球体，通常用于各种球类运动。它在该类中最突出的不同特征是它的弹性，使得它能够反弹并传递给队友。玩家2说：这是一个球状物体，表面光滑，用于各种体育竞技活动。它在该类中最显著的特点是它的表面设计，能够提供良好的抓握感和控制力。玩家3说：它是一种手持的装备，主要用于投掷和接住。在该类中，它因其特殊的制作材料和结构设计而脱颖而出，提供了高度的耐用性和手感。玩家4说：||在这个游戏中，我们需要通过分析每位玩家的描述来找出卧底。通常，平民的描述会围绕相同的词语展开，而卧底的描述可能会因为词语的不同而显得不太一致。我们需要仔细比较每个描述之间的相似性和差异性，以找出可能的卧底，注意，卧底并不会隐藏自己，他会直接描述他的词语，现在，逐一分析每个玩家的描述，注意，这局游戏的词语分类为<体育用品>，卧底词和平民词都属于该类。这是第一轮描述。
2024-12-13 16:11:08,405 - 1 - INFO - **********PLAYER1**********
好的，我已经听完了其他玩家的描述。现在，我将根据他们提供的线索来描述我的关键词。

我的关键词是一种流行的球类运动器材，它的设计使得它能够在运动中不断滚动和旋转。它在同类别中独特之处在于它通常带有多个孔洞，这些孔洞不仅增加了球的重量，还改变了球的飞行轨迹。
2024-12-13 16:11:08,406 - 1 - INFO - **********JUDGER**********
你刚刚的分析是好的，我已经听完了其他玩家的描述。现在，我将根据他们提供的线索来描述我的关键词。

我的关键词是一种流行的球类运动器材，它的设计使得它能够在运动中不断滚动和旋转。它在同类别中独特之处在于它通常带有多个孔洞，这些孔洞不仅增加了球的重量，还改变了球的飞行轨迹。|| `请根据上述分析，比较描述以找出不一致之处，注意，这局游戏的词语分类为<体育用品>，卧底词和平民词都属于该类。
2024-12-13 16:11:33,894 - 1 - INFO - **********PLAYER1**********
根据其他玩家的描述，我们可以看到以下不一致之处：

1. 玩家1描述了一个具有弹性的球体，适用于多种球类运动。
2. 玩家2描述了一个表面光滑的球状物体，用于体育竞技活动，并强调了表面设计的特点。
3. 玩家3描述了一个手持的装备，主要用于投掷和接住，并突出了制作材料和结构设计的耐用性和手感。
4. 玩家4没有直接描述关键词，而是强调了游戏规则和描述分析的方法。

我的描述是关于一个带有多个孔洞的球类运动器材，这与玩家1的描述中的弹性球体不符，也与玩家2的表面光滑描述和玩家3的手持装备描述不同。玩家4的描述更偏向于游戏策略而非具体关键词的描述。

基于这些信息，我的描述与玩家1、2和3的描述存在明显的不一致，这可能表明我是卧底，因为我的关键词（带有孔洞的球类运动器材）与他们描述的球类运动器材（如篮球、足球、排球等）不同。然而，由于没有具体的分类信息，也不能确定我的描述就是唯一的不一致点，需要更多的线索来进一步判断。
2024-12-13 16:11:33,896 - 1 - INFO - **********JUDGER**********
你刚刚的分析是根据其他玩家的描述，我们可以看到以下不一致之处：

1. 玩家1描述了一个具有弹性的球体，适用于多种球类运动。
2. 玩家2描述了一个表面光滑的球状物体，用于体育竞技活动，并强调了表面设计的特点。
3. 玩家3描述了一个手持的装备，主要用于投掷和接住，并突出了制作材料和结构设计的耐用性和手感。
4. 玩家4没有直接描述关键词，而是强调了游戏规则和描述分析的方法。

我的描述是关于一个带有多个孔洞的球类运动器材，这与玩家1的描述中的弹性球体不符，也与玩家2的表面光滑描述和玩家3的手持装备描述不同。玩家4的描述更偏向于游戏策略而非具体关键词的描述。

基于这些信息，我的描述与玩家1、2和3的描述存在明显的不一致，这可能表明我是卧底，因为我的关键词（带有孔洞的球类运动器材）与他们描述的球类运动器材（如篮球、足球、排球等）不同。然而，由于没有具体的分类信息，也不能确定我的描述就是唯一的不一致点，需要更多的线索来进一步判断。|| 请通过你分析的不一致之处，推断卧底身份，注意，这局游戏的词语分类为<体育用品>，卧底词和平民词都属于该类。
2024-12-13 16:12:01,886 - 1 - INFO - **********PLAYER1**********
根据上述分析，我们可以推断以下几点：

1. 玩家1提到的“具有弹性的球体”通常指的是篮球、足球、排球等，这些都是常见的弹性球类运动器材。

2. 玩家2描述的“表面光滑的球状物体”可能与篮球、网球等球类相关。

3. 玩家3所说的“手持的装备，主要用于投掷和接住”可能指的是篮球、足球等运动中的球。

4. 我的描述是“带有多个孔洞的球类运动器材”，这与上述描述中的球类运动器材相比，有一个显著的不同点――孔洞。

在<体育用品>的分类中，带有孔洞的球类运动器材通常指的是高尔夫球。高尔夫球与篮球、足球等球类运动器材相比，确实有明显的不同，因为它的设计目的是用于高尔夫这项运动，而不是投掷、接住或进行球类比赛。

因此，结合所有玩家的描述和游戏规则，我推断自己是卧底，因为我的描述与平民词（如篮球、足球等）存在显著的不一致，且符合卧底词（高尔夫球）的特征。
2024-12-13 16:12:01,888 - 1 - INFO - **********JUDGER**********
你刚刚的推断是根据上述分析，我们可以推断以下几点：

1. 玩家1提到的“具有弹性的球体”通常指的是篮球、足球、排球等，这些都是常见的弹性球类运动器材。

2. 玩家2描述的“表面光滑的球状物体”可能与篮球、网球等球类相关。

3. 玩家3所说的“手持的装备，主要用于投掷和接住”可能指的是篮球、足球等运动中的球。

4. 我的描述是“带有多个孔洞的球类运动器材”，这与上述描述中的球类运动器材相比，有一个显著的不同点――孔洞。

在<体育用品>的分类中，带有孔洞的球类运动器材通常指的是高尔夫球。高尔夫球与篮球、足球等球类运动器材相比，确实有明显的不同，因为它的设计目的是用于高尔夫这项运动，而不是投掷、接住或进行球类比赛。

因此，结合所有玩家的描述和游戏规则，我推断自己是卧底，因为我的描述与平民词（如篮球、足球等）存在显著的不一致，且符合卧底词（高尔夫球）的特征。|| 基于你刚刚的推断得出你的最终结论，请输出你认为的卧底，在这种情况下只需要输出编号，是1-4中的某个数字，不要输出其他信息。在这个过程不要进行任何推理，只对||以前的部分进行信息提取
2024-12-13 16:12:03,319 - 1 - INFO - **********PLAYER1**********
4
2024-12-13 16:13:45,559 - 1 - INFO - **********JUDGER**********
玩家1说：它是一种圆形的球体，通常用于各种球类运动。它在该类中最突出的不同特征是它的弹性，使得它能够反弹并传递给队友。玩家2说：这是一个球状物体，表面光滑，用于各种体育竞技活动。它在该类中最显著的特点是它的表面设计，能够提供良好的抓握感和控制力。玩家3说：它是一种手持的装备，主要用于投掷和接住。在该类中，它因其特殊的制作材料和结构设计而脱颖而出，提供了高度的耐用性和手感。玩家4说：这是一个常见的运动器材，主要用于脚踢和控球。它在该类中最突出的不同特征是具有特殊的气密性和材质，使得球在运动中能保持形状和弹力。你是第1号玩家，你的关键词是<篮球>。你的回答中绝对不能包含你的关键词<篮球>。这是第二轮描述，你之前的描述是它是一种圆形的球体，通常用于各种球类运动。它在该类中最突出的不同特征是它的弹性，使得它能够反弹并传递给队友。，注意，这局游戏的词语分类为<体育用品>，卧底词和平民词都属于该类，请你补充关于关键词的描述，注意，你的描述应该比起之前的描述更加贴近关键词，作为之前的补充
2024-12-13 16:13:48,010 - 1 - INFO - **********PLAYER1**********
你的关键词是一种球类运动器材，它有着明显的重量和大小，这使得它在空中飞行时能够产生稳定的轨迹。它的表面处理和材质设计，使得球在高速运动时能够有效地控制方向和速度。
2024-12-13 16:14:03,076 - 1 - INFO - **********JUDGER**********
玩家1说：它是一种圆形的球体，通常用于各种球类运动。它在该类中最突出的不同特征是它的弹性，使得它能够反弹并传递给队友。你的关键词是一种球类运动器材，它有着明显的重量和大小，这使得它在空中飞行时能够产生稳定的轨迹。它的表面处理和材质设计，使得球在高速运动时能够有效地控制方向和速度。玩家2说：这是一个球状物体，表面光滑，用于各种体育竞技活动。它在该类中最显著的特点是它的表面设计，能够提供良好的抓握感和控制力。它的设计注重平衡和手感，便于在空中进行精准的投篮和运球。此外，它的尺寸和重量经过精心计算，以便在高速运动中保持良好的稳定性和可控性。玩家3说：它是一种手持的装备，主要用于投掷和接住。在该类中，它因其特殊的制作材料和结构设计而脱颖而出，提供了高度的耐用性和手感。它是一种用于投掷和接住的圆形球体，它的重量和大小经过精确设计，使得球在空中飞行时具有稳定的轨迹。这种球体的表面处理和材质，确保了在高速运动中球能有效地控制方向和速度，同时保持良好的耐用性。玩家4说：这是一个常见的运动器材，主要用于脚踢和控球。它在该类中最突出的不同特征是具有特殊的气密性和材质，使得球在运动中能保持形状和弹力。||在这个游戏中，我们需要通过分析每位玩家的描述来找出卧底。通常，平民的描述会围绕相同的词语展开，而卧底的描述可能会因为词语的不同而显得不太一致。我们需要仔细比较每个描述之间的相似性和差异性，以找出可能的卧底，注意，卧底并不会隐藏自己，他会直接描述他的词语，现在，逐一分析每个玩家的描述，注意，这局游戏的词语分类为<体育用品>，卧底词和平民词都属于该类。||之前是第2轮描述和之前轮数描述的合集。你之前认为的卧底是玩家4。
2024-12-13 16:14:03,966 - 1 - INFO - **********PLAYER1**********
4
2024-12-13 16:14:03,966 - 1 - INFO - **********JUDGER**********
你刚刚的分析是4|| `请根据上述分析，比较描述以找出不一致之处，注意，这局游戏的词语分类为<体育用品>，卧底词和平民词都属于该类。
2024-12-13 16:14:13,107 - 1 - INFO - **********PLAYER1**********
根据上述分析，我们可以比较描述以找出以下不一致之处：

1. 玩家1和玩家2都提到了球体的表面处理和材质设计，强调了弹性、抓握感、控制力、平衡和手感，这些特征与篮球等球类运动器材相符合。

2. 玩家3的描述也提到了球体的重量、大小、表面处理、材质和耐用性，这些特征同样适用于篮球等球类运动器材。

3. 玩家4的描述提到了球体的气密性和材质，强调球在运动中能保持形状和弹力，这与足球等球类运动器材的特征相符。

不一致之处在于，玩家1、2和3的描述都强调了球体在运动中的控制性和手感，而玩家4的描述则更侧重于球体的气密性和保持形状的能力。虽然这些特征都可以适用于球类运动器材，但玩家4的描述没有明确提到球体在运动中的控制性，这是与其他玩家描述的一个细微但可能重要的差异。

因此，玩家4的描述在这组描述中可能显得略微不一致，这可能是卧底的特征。
2024-12-13 16:14:13,109 - 1 - INFO - **********JUDGER**********
你刚刚的分析是根据上述分析，我们可以比较描述以找出以下不一致之处：

1. 玩家1和玩家2都提到了球体的表面处理和材质设计，强调了弹性、抓握感、控制力、平衡和手感，这些特征与篮球等球类运动器材相符合。

2. 玩家3的描述也提到了球体的重量、大小、表面处理、材质和耐用性，这些特征同样适用于篮球等球类运动器材。

3. 玩家4的描述提到了球体的气密性和材质，强调球在运动中能保持形状和弹力，这与足球等球类运动器材的特征相符。

不一致之处在于，玩家1、2和3的描述都强调了球体在运动中的控制性和手感，而玩家4的描述则更侧重于球体的气密性和保持形状的能力。虽然这些特征都可以适用于球类运动器材，但玩家4的描述没有明确提到球体在运动中的控制性，这是与其他玩家描述的一个细微但可能重要的差异。

因此，玩家4的描述在这组描述中可能显得略微不一致，这可能是卧底的特征。|| 请通过你分析的不一致之处，推断卧底身份，注意，这局游戏的词语分类为<体育用品>，卧底词和平民词都属于该类。
2024-12-13 16:14:14,349 - 1 - INFO - **********PLAYER1**********
4
2024-12-13 16:14:14,351 - 1 - INFO - **********JUDGER**********
你刚刚的推断是4|| 基于你刚刚的推断得出你的最终结论，请输出你认为的卧底，在这种情况下只需要输出编号，是1-4中的某个数字，不要输出其他信息。在这个过程不要进行任何推理，只对||以前的部分进行信息提取
2024-12-13 16:14:15,372 - 1 - INFO - **********PLAYER1**********
4
2024-12-13 16:15:06,893 - 1 - INFO - **********JUDGER**********
玩家1说：它是一种圆形的球体，通常用于各种球类运动。它在该类中最突出的不同特征是它的弹性，使得它能够反弹并传递给队友。你的关键词是一种球类运动器材，它有着明显的重量和大小，这使得它在空中飞行时能够产生稳定的轨迹。它的表面处理和材质设计，使得球在高速运动时能够有效地控制方向和速度。玩家2说：这是一个球状物体，表面光滑，用于各种体育竞技活动。它在该类中最显著的特点是它的表面设计，能够提供良好的抓握感和控制力。它的设计注重平衡和手感，便于在空中进行精准的投篮和运球。此外，它的尺寸和重量经过精心计算，以便在高速运动中保持良好的稳定性和可控性。玩家3说：它是一种手持的装备，主要用于投掷和接住。在该类中，它因其特殊的制作材料和结构设计而脱颖而出，提供了高度的耐用性和手感。它是一种用于投掷和接住的圆形球体，它的重量和大小经过精确设计，使得球在空中飞行时具有稳定的轨迹。这种球体的表面处理和材质，确保了在高速运动中球能有效地控制方向和速度，同时保持良好的耐用性。玩家4说：这是一个常见的运动器材，主要用于脚踢和控球。它在该类中最突出的不同特征是具有特殊的气密性和材质，使得球在运动中能保持形状和弹力。这个运动器材的特点是它的结构使得它能够被踢动，产生旋转和曲线运动，这增加了比赛的趣味性和难度。它的设计使得球在高速飞行时能够保持稳定的轨迹，同时也便于球员进行精确的传球和射门。此外，它的材质和制作工艺保证了球在极端天气条件下也能保持性能。你是第1号玩家，你的关键词是<篮球>。你的回答中绝对不能包含你的关键词<篮球>。这是第三轮描述，你之前的描述是它是一种圆形的球体，通常用于各种球类运动。它在该类中最突出的不同特征是它的弹性，使得它能够反弹并传递给队友。和你的关键词是一种球类运动器材，它有着明显的重量和大小，这使得它在空中飞行时能够产生稳定的轨迹。它的表面处理和材质设计，使得球在高速运动时能够有效地控制方向和速度。，注意，这局游戏的词语分类为<体育用品>，卧底词和平民词都属于该类，请你补充关于关键词的描述，注意，你的描述应该比起之前的描述更加贴近关键词，作为之前的补充
2024-12-13 16:15:10,255 - 1 - INFO - **********PLAYER1**********
它是一种球类运动器材，具有标准的尺寸和重量，这使得它在空中飞行时具有一致的轨迹和反弹效果。它的表面设计允许球在接触地面后能够迅速反弹，并且能够通过球员的手部控制来改变方向和速度。此外，它的材质保证了球在多种场地条件下都能保持良好的性能。
2024-12-13 16:15:25,210 - 1 - INFO - **********JUDGER**********
玩家1说：它是一种圆形的球体，通常用于各种球类运动。它在该类中最突出的不同特征是它的弹性，使得它能够反弹并传递给队友。你的关键词是一种球类运动器材，它有着明显的重量和大小，这使得它在空中飞行时能够产生稳定的轨迹。它的表面处理和材质设计，使得球在高速运动时能够有效地控制方向和速度。它是一种球类运动器材，具有标准的尺寸和重量，这使得它在空中飞行时具有一致的轨迹和反弹效果。它的表面设计允许球在接触地面后能够迅速反弹，并且能够通过球员的手部控制来改变方向和速度。此外，它的材质保证了球在多种场地条件下都能保持良好的性能。玩家2说：这是一个球状物体，表面光滑，用于各种体育竞技活动。它在该类中最显著的特点是它的表面设计，能够提供良好的抓握感和控制力。它的设计注重平衡和手感，便于在空中进行精准的投篮和运球。此外，它的尺寸和重量经过精心计算，以便在高速运动中保持良好的稳定性和可控性。它的设计强调在空中飞行时的稳定性，以及球员手部控制后的精准度。此外，它的重量和尺寸使得球在高速运动中能够保持一致的轨迹和反弹效果，适合进行投篮和运球。玩家3说：它是一种手持的装备，主要用于投掷和接住。在该类中，它因其特殊的制作材料和结构设计而脱颖而出，提供了高度的耐用性和手感。它是一种用于投掷和接住的圆形球体，它的重量和大小经过精确设计，使得球在空中飞行时具有稳定的轨迹。这种球体的表面处理和材质，确保了在高速运动中球能有效地控制方向和速度，同时保持良好的耐用性。它是一种圆形球体，其重量和大小经过精心设计，以确保在投掷和接住时能够产生稳定的飞行轨迹。这种球体的表面处理和材质保证了在高速运动中球能有效地控制方向和速度，同时保持了良好的耐用性。它的设计使得球在接触地面后能够迅速反弹，并且能够通过球员的手部控制来改变方向和速度。此外，它的材质和结构使得球在多种场地条件下都能保持良好的性能。玩家4说：这是一个常见的运动器材，主要用于脚踢和控球。它在该类中最突出的不同特征是具有特殊的气密性和材质，使得球在运动中能保持形状和弹力。这个运动器材的特点是它的结构使得它能够被踢动，产生旋转和曲线运动，这增加了比赛的趣味性和难度。它的设计使得球在高速飞行时能够保持稳定的轨迹，同时也便于球员进行精确的传球和射门。此外，它的材质和制作工艺保证了球在极端天气条件下也能保持性能。这个运动器材的特点是它的结构使得它能够被踢动，产生旋转和曲线运动，这增加了比赛的趣味性和难度。它的设计使得球在高速飞行时能够保持稳定的轨迹，同时也便于球员进行精确的传球和射门。此外，它的材质和制作工艺保证了球在极端天气条件下也能保持性能，同时具有特殊的气密性，确保了球在运动中能保持形状和弹力。||在这个游戏中，我们需要通过分析每位玩家的描述来找出卧底。通常，平民的描述会围绕相同的词语展开，而卧底的描述可能会因为词语的不同而显得不太一致。我们需要仔细比较每个描述之间的相似性和差异性，以找出可能的卧底，注意，卧底并不会隐藏自己，他会直接描述他的词语，现在，逐一分析每个玩家的描述，注意，这局游戏的词语分类为<体育用品>，卧底词和平民词都属于该类。||之前是第3轮描述和之前轮数描述的合集。你之前认为的卧底是玩家4。
2024-12-13 16:15:26,659 - 1 - INFO - **********PLAYER1**********
4
2024-12-13 16:15:26,659 - 1 - INFO - **********JUDGER**********
你刚刚的分析是4|| `请根据上述分析，比较描述以找出不一致之处，注意，这局游戏的词语分类为<体育用品>，卧底词和平民词都属于该类。
2024-12-13 16:15:33,881 - 1 - INFO - **********PLAYER1**********
根据上述分析，以下是不一致之处：

1. 玩家1、2和3的描述都强调了球体在空中飞行时的稳定性和球员手部控制后的精准度，以及球在高速运动中保持一致的轨迹和反弹效果。

2. 玩家4的描述除了提到球体在空中飞行时的稳定性、精准传球和射门，还特别强调了球体在运动中能保持形状和弹力，以及具有特殊的气密性。

3. 玩家4的描述中提到了球体能够被踢动，产生旋转和曲线运动，这是其他玩家描述中没有提到的。

4. 玩家4的描述中提到了球体在极端天气条件下也能保持性能，这虽然可以适用于所有球类运动器材，但在其他玩家的描述中没有特别强调。

这些不一致之处表明玩家4的描述可能更接近卧底词，因为它包含了其他玩家没有提到的特定特征。
2024-12-13 16:15:33,885 - 1 - INFO - **********JUDGER**********
你刚刚的分析是根据上述分析，以下是不一致之处：

1. 玩家1、2和3的描述都强调了球体在空中飞行时的稳定性和球员手部控制后的精准度，以及球在高速运动中保持一致的轨迹和反弹效果。

2. 玩家4的描述除了提到球体在空中飞行时的稳定性、精准传球和射门，还特别强调了球体在运动中能保持形状和弹力，以及具有特殊的气密性。

3. 玩家4的描述中提到了球体能够被踢动，产生旋转和曲线运动，这是其他玩家描述中没有提到的。

4. 玩家4的描述中提到了球体在极端天气条件下也能保持性能，这虽然可以适用于所有球类运动器材，但在其他玩家的描述中没有特别强调。

这些不一致之处表明玩家4的描述可能更接近卧底词，因为它包含了其他玩家没有提到的特定特征。|| 请通过你分析的不一致之处，推断卧底身份，注意，这局游戏的词语分类为<体育用品>，卧底词和平民词都属于该类。
2024-12-13 16:15:51,490 - 1 - INFO - **********PLAYER1**********
根据上述描述，以下是我作为玩家1的描述：

1. **描述特征**：它是一种广泛用于竞技体育的器材，通常由橡胶或合成材料制成，具有明显的圆形状。
2. **突出特征**：它在其类别中最显著的不同之处在于它的表面设计，通常有多个孔洞，这些孔洞增加了球体的空气动力学特性，使得球在飞行时更加稳定和可控。

现在，我将根据其他玩家的描述来分析可能的卧底：

- 玩家2的描述提到了球状物体，表面光滑，用于各种体育竞技活动，并强调了表面设计提供良好的抓握感和控制力。这与我的描述有相似之处，但我的球体有多个孔洞，这可能是不同之处。
- 玩家3的描述提到的是一种手持的装备，主要用于投掷和接住，并强调了特殊的制作材料和结构设计，提供了高度的耐用性和手感。这与我的描述明显不同，因为我的描述是关于球体，而不是手持装备。
- 玩家4的描述则是一个观察性的分析，并没有具体描述某个物品，而是讨论了游戏规则和如何分析描述来找出卧底。

基于以上分析，我认为玩家3的描述与我的描述差异最大，可能是卧底。因为我的描述与玩家2的描述有相似之处，而玩家3的描述则完全不同，这可能意味着他拿到的词语与我们的词语不同。所以，我会倾向于投票给玩家3。
2024-12-13 16:15:51,491 - 1 - INFO - **********JUDGER**********
你刚刚的推断是根据上述描述，以下是我作为玩家1的描述：

1. **描述特征**：它是一种广泛用于竞技体育的器材，通常由橡胶或合成材料制成，具有明显的圆形状。
2. **突出特征**：它在其类别中最显著的不同之处在于它的表面设计，通常有多个孔洞，这些孔洞增加了球体的空气动力学特性，使得球在飞行时更加稳定和可控。

现在，我将根据其他玩家的描述来分析可能的卧底：

- 玩家2的描述提到了球状物体，表面光滑，用于各种体育竞技活动，并强调了表面设计提供良好的抓握感和控制力。这与我的描述有相似之处，但我的球体有多个孔洞，这可能是不同之处。
- 玩家3的描述提到的是一种手持的装备，主要用于投掷和接住，并强调了特殊的制作材料和结构设计，提供了高度的耐用性和手感。这与我的描述明显不同，因为我的描述是关于球体，而不是手持装备。
- 玩家4的描述则是一个观察性的分析，并没有具体描述某个物品，而是讨论了游戏规则和如何分析描述来找出卧底。

基于以上分析，我认为玩家3的描述与我的描述差异最大，可能是卧底。因为我的描述与玩家2的描述有相似之处，而玩家3的描述则完全不同，这可能意味着他拿到的词语与我们的词语不同。所以，我会倾向于投票给玩家3。|| 基于你刚刚的推断得出你的最终结论，请输出你认为的卧底，在这种情况下只需要输出编号，是1-4中的某个数字，不要输出其他信息。在这个过程不要进行任何推理，只对||以前的部分进行信息提取
2024-12-13 16:15:52,797 - 1 - INFO - **********PLAYER1**********
3
