2024-12-13 16:10:52,060 - 2 - INFO - **********JUDGER**********
让我们来玩一个叫做<谁是卧底>的推理游戏。基本规则：<人数>：4人。<角色分配>：每位玩家随机抽取一个词语，3名玩家拿到的词语是相同的（平民词），1名玩家拿到与之相近但不同的词语（卧底词）。<游戏流程>：1、玩家轮流描述自己的词语，但<不能>直接说出词语本身。2、描述完毕后，投票选出最像卧底的玩家。3、每轮结束后，被投票选出的玩家出局，不能再进行描述或投票。4、每轮投票结束后，如果卧底被成功找出，平民方获胜；如果卧底未被找出且卧底人数等于或超过平民人数，则卧底方获胜。你将扮演一个<玩家>，请等待你被分配到的关键词。如果你听懂了，只回答，"好的，我准备好参加游戏了"，不要输出别的信息
2024-12-13 16:10:52,727 - 2 - INFO - **********PLAYER2**********
好的，我准备好参加游戏了
2024-12-13 16:10:59,204 - 2 - INFO - **********JUDGER**********
玩家1说：它是一种圆形的球体，通常用于各种球类运动。它在该类中最突出的不同特征是它的弹性，使得它能够反弹并传递给队友。玩家2说：玩家3说：玩家4说：|| 你是第2号玩家，你的关键词是<篮球>。你的回答中绝对不能包含你的关键词<篮球>。这是第一轮描述，不需要分析||之前别的玩家的描述，请你描述关键词基本特征，注意，这局游戏的词语分类为<体育用品>，卧底词和平民词都属于该类，描述包括以下两点，1.他的基本特征是什么2.他在该类（体育用品）中最突出不同的特征是什么，尽量简短
2024-12-13 16:11:01,334 - 2 - INFO - **********PLAYER2**********
这是一个球状物体，表面光滑，用于各种体育竞技活动。它在该类中最显著的特点是它的表面设计，能够提供良好的抓握感和控制力。
2024-12-13 16:12:03,319 - 2 - INFO - **********JUDGER**********
玩家1说：它是一种圆形的球体，通常用于各种球类运动。它在该类中最突出的不同特征是它的弹性，使得它能够反弹并传递给队友。玩家2说：这是一个球状物体，表面光滑，用于各种体育竞技活动。它在该类中最显著的特点是它的表面设计，能够提供良好的抓握感和控制力。玩家3说：它是一种手持的装备，主要用于投掷和接住。在该类中，它因其特殊的制作材料和结构设计而脱颖而出，提供了高度的耐用性和手感。玩家4说：||在这个游戏中，我们需要通过分析每位玩家的描述来找出卧底。通常，平民的描述会围绕相同的词语展开，而卧底的描述可能会因为词语的不同而显得不太一致。我们需要仔细比较每个描述之间的相似性和差异性，以找出可能的卧底，注意，卧底并不会隐藏自己，他会直接描述他的词语，现在，逐一分析每个玩家的描述，注意，这局游戏的词语分类为<体育用品>，卧底词和平民词都属于该类。这是第一轮描述。
2024-12-13 16:12:10,667 - 2 - INFO - **********PLAYER2**********
我注意到玩家1和玩家2的描述都非常相似，都提到了球体、球类运动、弹性、反弹和传递等特征。玩家3的描述提到了手持装备、投掷、接住、特殊材料和结构设计，这可能与篮球有所不同。玩家4则提供了一个游戏分析和提示，并没有直接描述任何特征。基于这些信息，我会比较玩家3的描述与篮球的常规特征，看是否有不一致之处。如果玩家3的描述与篮球的标准特征有显著差异，那么他可能是卧底。如果描述与篮球相符，那么我会继续观察下一轮的描述。目前，我没有足够的信息来确定谁是卧底。
2024-12-13 16:12:10,668 - 2 - INFO - **********JUDGER**********
你刚刚的分析是我注意到玩家1和玩家2的描述都非常相似，都提到了球体、球类运动、弹性、反弹和传递等特征。玩家3的描述提到了手持装备、投掷、接住、特殊材料和结构设计，这可能与篮球有所不同。玩家4则提供了一个游戏分析和提示，并没有直接描述任何特征。基于这些信息，我会比较玩家3的描述与篮球的常规特征，看是否有不一致之处。如果玩家3的描述与篮球的标准特征有显著差异，那么他可能是卧底。如果描述与篮球相符，那么我会继续观察下一轮的描述。目前，我没有足够的信息来确定谁是卧底。|| `请根据上述分析，比较描述以找出不一致之处，注意，这局游戏的词语分类为<体育用品>，卧底词和平民词都属于该类。
2024-12-13 16:12:16,194 - 2 - INFO - **********PLAYER2**********
根据上述分析，我们可以比较以下不一致之处：

1. 球体的描述：玩家1和玩家2都描述了球体用于球类运动，具有弹性和可以反弹传递的特点，这与篮球的描述相符。

2. 手持装备的描述：玩家3提到的是一种手持装备，主要用于投掷和接住，并强调了特殊材料和结构设计。篮球虽然也是手持投掷和接住的，但它不是“手持装备”，而是一个独立的球体。因此，这一点与篮球的描述有出入。

3. 特殊材料和结构设计：玩家3的描述中提到的特殊材料和结构设计在篮球中并不显著，因为篮球的标准材料是橡胶或合成材料，结构上主要是为了提供弹性和耐用性。

基于这些比较，玩家3的描述与篮球的标准特征有显著差异，因此玩家3可能是卧底。
2024-12-13 16:12:16,196 - 2 - INFO - **********JUDGER**********
你刚刚的分析是根据上述分析，我们可以比较以下不一致之处：

1. 球体的描述：玩家1和玩家2都描述了球体用于球类运动，具有弹性和可以反弹传递的特点，这与篮球的描述相符。

2. 手持装备的描述：玩家3提到的是一种手持装备，主要用于投掷和接住，并强调了特殊材料和结构设计。篮球虽然也是手持投掷和接住的，但它不是“手持装备”，而是一个独立的球体。因此，这一点与篮球的描述有出入。

3. 特殊材料和结构设计：玩家3的描述中提到的特殊材料和结构设计在篮球中并不显著，因为篮球的标准材料是橡胶或合成材料，结构上主要是为了提供弹性和耐用性。

基于这些比较，玩家3的描述与篮球的标准特征有显著差异，因此玩家3可能是卧底。|| 请通过你分析的不一致之处，推断卧底身份，注意，这局游戏的词语分类为<体育用品>，卧底词和平民词都属于该类。
2024-12-13 16:12:26,862 - 2 - INFO - **********PLAYER2**********
根据分析的不一致之处，我们可以推断卧底身份如下：

1. 球体的描述一致，表明玩家1和玩家2可能是平民。

2. 玩家3的描述中提到“手持装备”和“特殊材料和结构设计”，这与篮球的描述不符，因为篮球不是手持装备，而是独立的球体。此外，篮球的材料和结构设计主要是为了弹性和耐用性，而不是特别强调“特殊”。

3. 在体育用品的分类中，除了篮球，一个可能的卧底词是“足球”，因为足球也是一种球类运动用品，但它不是手持装备，而且它的材料和结构设计（如合成皮革和橡胶）与篮球有所不同。

因此，基于上述分析，玩家3可能是卧底，他的关键词很可能是“足球”。
2024-12-13 16:12:26,863 - 2 - INFO - **********JUDGER**********
你刚刚的推断是根据分析的不一致之处，我们可以推断卧底身份如下：

1. 球体的描述一致，表明玩家1和玩家2可能是平民。

2. 玩家3的描述中提到“手持装备”和“特殊材料和结构设计”，这与篮球的描述不符，因为篮球不是手持装备，而是独立的球体。此外，篮球的材料和结构设计主要是为了弹性和耐用性，而不是特别强调“特殊”。

3. 在体育用品的分类中，除了篮球，一个可能的卧底词是“足球”，因为足球也是一种球类运动用品，但它不是手持装备，而且它的材料和结构设计（如合成皮革和橡胶）与篮球有所不同。

因此，基于上述分析，玩家3可能是卧底，他的关键词很可能是“足球”。|| 基于你刚刚的推断得出你的最终结论，请输出你认为的卧底，在这种情况下只需要输出编号，是1-4中的某个数字，不要输出其他信息。在这个过程不要进行任何推理，只对||以前的部分进行信息提取
2024-12-13 16:12:27,975 - 2 - INFO - **********PLAYER2**********
3
2024-12-13 16:13:48,011 - 2 - INFO - **********JUDGER**********
玩家1说：它是一种圆形的球体，通常用于各种球类运动。它在该类中最突出的不同特征是它的弹性，使得它能够反弹并传递给队友。你的关键词是一种球类运动器材，它有着明显的重量和大小，这使得它在空中飞行时能够产生稳定的轨迹。它的表面处理和材质设计，使得球在高速运动时能够有效地控制方向和速度。玩家2说：这是一个球状物体，表面光滑，用于各种体育竞技活动。它在该类中最显著的特点是它的表面设计，能够提供良好的抓握感和控制力。玩家3说：它是一种手持的装备，主要用于投掷和接住。在该类中，它因其特殊的制作材料和结构设计而脱颖而出，提供了高度的耐用性和手感。玩家4说：这是一个常见的运动器材，主要用于脚踢和控球。它在该类中最突出的不同特征是具有特殊的气密性和材质，使得球在运动中能保持形状和弹力。你是第2号玩家，你的关键词是<篮球>。你的回答中绝对不能包含你的关键词<篮球>。这是第二轮描述，你之前的描述是这是一个球状物体，表面光滑，用于各种体育竞技活动。它在该类中最显著的特点是它的表面设计，能够提供良好的抓握感和控制力。，注意，这局游戏的词语分类为<体育用品>，卧底词和平民词都属于该类，请你补充关于关键词的描述，注意，你的描述应该比起之前的描述更加贴近关键词，作为之前的补充
2024-12-13 16:13:52,213 - 2 - INFO - **********PLAYER2**********
它的设计注重平衡和手感，便于在空中进行精准的投篮和运球。此外，它的尺寸和重量经过精心计算，以便在高速运动中保持良好的稳定性和可控性。
2024-12-13 16:14:15,373 - 2 - INFO - **********JUDGER**********
玩家1说：它是一种圆形的球体，通常用于各种球类运动。它在该类中最突出的不同特征是它的弹性，使得它能够反弹并传递给队友。你的关键词是一种球类运动器材，它有着明显的重量和大小，这使得它在空中飞行时能够产生稳定的轨迹。它的表面处理和材质设计，使得球在高速运动时能够有效地控制方向和速度。玩家2说：这是一个球状物体，表面光滑，用于各种体育竞技活动。它在该类中最显著的特点是它的表面设计，能够提供良好的抓握感和控制力。它的设计注重平衡和手感，便于在空中进行精准的投篮和运球。此外，它的尺寸和重量经过精心计算，以便在高速运动中保持良好的稳定性和可控性。玩家3说：它是一种手持的装备，主要用于投掷和接住。在该类中，它因其特殊的制作材料和结构设计而脱颖而出，提供了高度的耐用性和手感。它是一种用于投掷和接住的圆形球体，它的重量和大小经过精确设计，使得球在空中飞行时具有稳定的轨迹。这种球体的表面处理和材质，确保了在高速运动中球能有效地控制方向和速度，同时保持良好的耐用性。玩家4说：这是一个常见的运动器材，主要用于脚踢和控球。它在该类中最突出的不同特征是具有特殊的气密性和材质，使得球在运动中能保持形状和弹力。||在这个游戏中，我们需要通过分析每位玩家的描述来找出卧底。通常，平民的描述会围绕相同的词语展开，而卧底的描述可能会因为词语的不同而显得不太一致。我们需要仔细比较每个描述之间的相似性和差异性，以找出可能的卧底，注意，卧底并不会隐藏自己，他会直接描述他的词语，现在，逐一分析每个玩家的描述，注意，这局游戏的词语分类为<体育用品>，卧底词和平民词都属于该类。||之前是第2轮描述和之前轮数描述的合集。你之前认为的卧底是玩家3。
2024-12-13 16:14:21,023 - 2 - INFO - **********PLAYER2**********
基于第2轮描述和之前的分析，玩家3的描述与篮球的特征非常吻合，包括手持装备、投掷和接住、特殊的制作材料和结构设计、重量和大小、稳定的轨迹、表面处理和材质设计等。因此，我仍然认为玩家3是卧底。
2024-12-13 16:14:21,024 - 2 - INFO - **********JUDGER**********
你刚刚的分析是基于第2轮描述和之前的分析，玩家3的描述与篮球的特征非常吻合，包括手持装备、投掷和接住、特殊的制作材料和结构设计、重量和大小、稳定的轨迹、表面处理和材质设计等。因此，我仍然认为玩家3是卧底。|| `请根据上述分析，比较描述以找出不一致之处，注意，这局游戏的词语分类为<体育用品>，卧底词和平民词都属于该类。
2024-12-13 16:14:29,889 - 2 - INFO - **********PLAYER2**********
根据上述分析，我们可以比较描述中的不一致之处：

1. 球体的描述：玩家1、玩家2和玩家3都提到了球体，但玩家4的描述没有明确提到球体是圆形的，而是强调了用于脚踢和控球，这可能与篮球的描述不完全一致。

2. 表面设计：玩家1和玩家3没有特别强调表面设计，而玩家2和玩家4都提到了表面设计，但玩家4强调的是气密性和材质，这与篮球的表面设计（如皮革或合成材料）不同。

3. 材质和结构设计：玩家1和玩家2没有详细描述材质和结构设计，而玩家3和玩家4都提到了这一点，但玩家4的描述更偏向于足球的特性，如气密性和材质保持球形。

4. 使用方式：玩家1、玩家2和玩家3都提到了投掷和接住，而玩家4特别强调了脚踢和控球，这是足球的典型特征。

基于这些不一致之处，玩家4的描述与篮球的特征有较大的差异，因此玩家4可能是卧底。
2024-12-13 16:14:29,892 - 2 - INFO - **********JUDGER**********
你刚刚的分析是根据上述分析，我们可以比较描述中的不一致之处：

1. 球体的描述：玩家1、玩家2和玩家3都提到了球体，但玩家4的描述没有明确提到球体是圆形的，而是强调了用于脚踢和控球，这可能与篮球的描述不完全一致。

2. 表面设计：玩家1和玩家3没有特别强调表面设计，而玩家2和玩家4都提到了表面设计，但玩家4强调的是气密性和材质，这与篮球的表面设计（如皮革或合成材料）不同。

3. 材质和结构设计：玩家1和玩家2没有详细描述材质和结构设计，而玩家3和玩家4都提到了这一点，但玩家4的描述更偏向于足球的特性，如气密性和材质保持球形。

4. 使用方式：玩家1、玩家2和玩家3都提到了投掷和接住，而玩家4特别强调了脚踢和控球，这是足球的典型特征。

基于这些不一致之处，玩家4的描述与篮球的特征有较大的差异，因此玩家4可能是卧底。|| 请通过你分析的不一致之处，推断卧底身份，注意，这局游戏的词语分类为<体育用品>，卧底词和平民词都属于该类。
2024-12-13 16:14:30,486 - 2 - INFO - **********PLAYER2**********
4
2024-12-13 16:14:30,488 - 2 - INFO - **********JUDGER**********
你刚刚的推断是4|| 基于你刚刚的推断得出你的最终结论，请输出你认为的卧底，在这种情况下只需要输出编号，是1-4中的某个数字，不要输出其他信息。在这个过程不要进行任何推理，只对||以前的部分进行信息提取
2024-12-13 16:14:31,234 - 2 - INFO - **********PLAYER2**********
4
2024-12-13 16:15:10,256 - 2 - INFO - **********JUDGER**********
玩家1说：它是一种圆形的球体，通常用于各种球类运动。它在该类中最突出的不同特征是它的弹性，使得它能够反弹并传递给队友。你的关键词是一种球类运动器材，它有着明显的重量和大小，这使得它在空中飞行时能够产生稳定的轨迹。它的表面处理和材质设计，使得球在高速运动时能够有效地控制方向和速度。它是一种球类运动器材，具有标准的尺寸和重量，这使得它在空中飞行时具有一致的轨迹和反弹效果。它的表面设计允许球在接触地面后能够迅速反弹，并且能够通过球员的手部控制来改变方向和速度。此外，它的材质保证了球在多种场地条件下都能保持良好的性能。玩家2说：这是一个球状物体，表面光滑，用于各种体育竞技活动。它在该类中最显著的特点是它的表面设计，能够提供良好的抓握感和控制力。它的设计注重平衡和手感，便于在空中进行精准的投篮和运球。此外，它的尺寸和重量经过精心计算，以便在高速运动中保持良好的稳定性和可控性。玩家3说：它是一种手持的装备，主要用于投掷和接住。在该类中，它因其特殊的制作材料和结构设计而脱颖而出，提供了高度的耐用性和手感。它是一种用于投掷和接住的圆形球体，它的重量和大小经过精确设计，使得球在空中飞行时具有稳定的轨迹。这种球体的表面处理和材质，确保了在高速运动中球能有效地控制方向和速度，同时保持良好的耐用性。玩家4说：这是一个常见的运动器材，主要用于脚踢和控球。它在该类中最突出的不同特征是具有特殊的气密性和材质，使得球在运动中能保持形状和弹力。这个运动器材的特点是它的结构使得它能够被踢动，产生旋转和曲线运动，这增加了比赛的趣味性和难度。它的设计使得球在高速飞行时能够保持稳定的轨迹，同时也便于球员进行精确的传球和射门。此外，它的材质和制作工艺保证了球在极端天气条件下也能保持性能。你是第2号玩家，你的关键词是<篮球>。你的回答中绝对不能包含你的关键词<篮球>。这是第三轮描述，你之前的描述是这是一个球状物体，表面光滑，用于各种体育竞技活动。它在该类中最显著的特点是它的表面设计，能够提供良好的抓握感和控制力。和它的设计注重平衡和手感，便于在空中进行精准的投篮和运球。此外，它的尺寸和重量经过精心计算，以便在高速运动中保持良好的稳定性和可控性。，注意，这局游戏的词语分类为<体育用品>，卧底词和平民词都属于该类，请你补充关于关键词的描述，注意，你的描述应该比起之前的描述更加贴近关键词，作为之前的补充
2024-12-13 16:15:13,306 - 2 - INFO - **********PLAYER2**********
它的设计强调在空中飞行时的稳定性，以及球员手部控制后的精准度。此外，它的重量和尺寸使得球在高速运动中能够保持一致的轨迹和反弹效果，适合进行投篮和运球。
2024-12-13 16:15:52,798 - 2 - INFO - **********JUDGER**********
玩家1说：它是一种圆形的球体，通常用于各种球类运动。它在该类中最突出的不同特征是它的弹性，使得它能够反弹并传递给队友。你的关键词是一种球类运动器材，它有着明显的重量和大小，这使得它在空中飞行时能够产生稳定的轨迹。它的表面处理和材质设计，使得球在高速运动时能够有效地控制方向和速度。它是一种球类运动器材，具有标准的尺寸和重量，这使得它在空中飞行时具有一致的轨迹和反弹效果。它的表面设计允许球在接触地面后能够迅速反弹，并且能够通过球员的手部控制来改变方向和速度。此外，它的材质保证了球在多种场地条件下都能保持良好的性能。玩家2说：这是一个球状物体，表面光滑，用于各种体育竞技活动。它在该类中最显著的特点是它的表面设计，能够提供良好的抓握感和控制力。它的设计注重平衡和手感，便于在空中进行精准的投篮和运球。此外，它的尺寸和重量经过精心计算，以便在高速运动中保持良好的稳定性和可控性。它的设计强调在空中飞行时的稳定性，以及球员手部控制后的精准度。此外，它的重量和尺寸使得球在高速运动中能够保持一致的轨迹和反弹效果，适合进行投篮和运球。玩家3说：它是一种手持的装备，主要用于投掷和接住。在该类中，它因其特殊的制作材料和结构设计而脱颖而出，提供了高度的耐用性和手感。它是一种用于投掷和接住的圆形球体，它的重量和大小经过精确设计，使得球在空中飞行时具有稳定的轨迹。这种球体的表面处理和材质，确保了在高速运动中球能有效地控制方向和速度，同时保持良好的耐用性。它是一种圆形球体，其重量和大小经过精心设计，以确保在投掷和接住时能够产生稳定的飞行轨迹。这种球体的表面处理和材质保证了在高速运动中球能有效地控制方向和速度，同时保持了良好的耐用性。它的设计使得球在接触地面后能够迅速反弹，并且能够通过球员的手部控制来改变方向和速度。此外，它的材质和结构使得球在多种场地条件下都能保持良好的性能。玩家4说：这是一个常见的运动器材，主要用于脚踢和控球。它在该类中最突出的不同特征是具有特殊的气密性和材质，使得球在运动中能保持形状和弹力。这个运动器材的特点是它的结构使得它能够被踢动，产生旋转和曲线运动，这增加了比赛的趣味性和难度。它的设计使得球在高速飞行时能够保持稳定的轨迹，同时也便于球员进行精确的传球和射门。此外，它的材质和制作工艺保证了球在极端天气条件下也能保持性能。这个运动器材的特点是它的结构使得它能够被踢动，产生旋转和曲线运动，这增加了比赛的趣味性和难度。它的设计使得球在高速飞行时能够保持稳定的轨迹，同时也便于球员进行精确的传球和射门。此外，它的材质和制作工艺保证了球在极端天气条件下也能保持性能，同时具有特殊的气密性，确保了球在运动中能保持形状和弹力。||在这个游戏中，我们需要通过分析每位玩家的描述来找出卧底。通常，平民的描述会围绕相同的词语展开，而卧底的描述可能会因为词语的不同而显得不太一致。我们需要仔细比较每个描述之间的相似性和差异性，以找出可能的卧底，注意，卧底并不会隐藏自己，他会直接描述他的词语，现在，逐一分析每个玩家的描述，注意，这局游戏的词语分类为<体育用品>，卧底词和平民词都属于该类。||之前是第3轮描述和之前轮数描述的合集。你之前认为的卧底是玩家4。
2024-12-13 16:15:54,175 - 2 - INFO - **********PLAYER2**********
4
2024-12-13 16:15:54,176 - 2 - INFO - **********JUDGER**********
你刚刚的分析是4|| `请根据上述分析，比较描述以找出不一致之处，注意，这局游戏的词语分类为<体育用品>，卧底词和平民词都属于该类。
2024-12-13 16:16:04,787 - 2 - INFO - **********PLAYER2**********
在比较描述以找出不一致之处时，我们可以注意到以下几点：

1. 球体的描述：所有玩家的描述都提到了球体，但玩家4的描述特别强调了球体在运动中能保持形状和弹力，这是足球的典型特征，而篮球通常不会特别强调这一点。

2. 表面处理和材质设计：玩家1、玩家2和玩家3的描述都提到了表面处理和材质设计，但没有特别强调气密性。玩家4的描述则提到了球体的气密性和材质，这是足球的特点，而不是篮球。

3. 使用方式：玩家1、玩家2和玩家3的描述都涉及球体的投掷和接住，而玩家4的描述强调了球体主要用于脚踢和控球，这是足球的典型使用方式。

4. 球的重量和大小：所有玩家的描述都提到了球的重量和大小，但没有提到特定于足球的特性，如旋转和曲线运动，这是足球在飞行中的特点。

基于这些不一致之处，玩家4的描述与篮球的特征有较大的差异，尤其是在强调气密性、脚踢和控球以及球的旋转和曲线运动方面，这些特点更符合足球而不是篮球。因此，玩家4的描述可能与卧底词不符。
2024-12-13 16:16:04,788 - 2 - INFO - **********JUDGER**********
你刚刚的分析是在比较描述以找出不一致之处时，我们可以注意到以下几点：

1. 球体的描述：所有玩家的描述都提到了球体，但玩家4的描述特别强调了球体在运动中能保持形状和弹力，这是足球的典型特征，而篮球通常不会特别强调这一点。

2. 表面处理和材质设计：玩家1、玩家2和玩家3的描述都提到了表面处理和材质设计，但没有特别强调气密性。玩家4的描述则提到了球体的气密性和材质，这是足球的特点，而不是篮球。

3. 使用方式：玩家1、玩家2和玩家3的描述都涉及球体的投掷和接住，而玩家4的描述强调了球体主要用于脚踢和控球，这是足球的典型使用方式。

4. 球的重量和大小：所有玩家的描述都提到了球的重量和大小，但没有提到特定于足球的特性，如旋转和曲线运动，这是足球在飞行中的特点。

基于这些不一致之处，玩家4的描述与篮球的特征有较大的差异，尤其是在强调气密性、脚踢和控球以及球的旋转和曲线运动方面，这些特点更符合足球而不是篮球。因此，玩家4的描述可能与卧底词不符。|| 请通过你分析的不一致之处，推断卧底身份，注意，这局游戏的词语分类为<体育用品>，卧底词和平民词都属于该类。
2024-12-13 16:16:06,272 - 2 - INFO - **********PLAYER2**********
4
2024-12-13 16:16:06,273 - 2 - INFO - **********JUDGER**********
你刚刚的推断是4|| 基于你刚刚的推断得出你的最终结论，请输出你认为的卧底，在这种情况下只需要输出编号，是1-4中的某个数字，不要输出其他信息。在这个过程不要进行任何推理，只对||以前的部分进行信息提取
2024-12-13 16:16:07,244 - 2 - INFO - **********PLAYER2**********
4
