2024-12-13 16:10:53,220 - 3 - INFO - **********JUDGER**********
让我们来玩一个叫做<谁是卧底>的推理游戏。基本规则：<人数>：4人。<角色分配>：每位玩家随机抽取一个词语，3名玩家拿到的词语是相同的（平民词），1名玩家拿到与之相近但不同的词语（卧底词）。<游戏流程>：1、玩家轮流描述自己的词语，但<不能>直接说出词语本身。2、描述完毕后，投票选出最像卧底的玩家。3、每轮结束后，被投票选出的玩家出局，不能再进行描述或投票。4、每轮投票结束后，如果卧底被成功找出，平民方获胜；如果卧底未被找出且卧底人数等于或超过平民人数，则卧底方获胜。你将扮演一个<玩家>，请等待你被分配到的关键词。如果你听懂了，只回答，"好的，我准备好参加游戏了"，不要输出别的信息
2024-12-13 16:10:54,192 - 3 - INFO - **********PLAYER3**********
好的，我准备好参加游戏了
2024-12-13 16:11:01,335 - 3 - INFO - **********JUDGER**********
玩家1说：它是一种圆形的球体，通常用于各种球类运动。它在该类中最突出的不同特征是它的弹性，使得它能够反弹并传递给队友。玩家2说：这是一个球状物体，表面光滑，用于各种体育竞技活动。它在该类中最显著的特点是它的表面设计，能够提供良好的抓握感和控制力。玩家3说：玩家4说：|| 你是第3号玩家，你的关键词是<篮球>。你的回答中绝对不能包含你的关键词<篮球>。这是第一轮描述，不需要分析||之前别的玩家的描述，请你描述关键词基本特征，注意，这局游戏的词语分类为<体育用品>，卧底词和平民词都属于该类，描述包括以下两点，1.他的基本特征是什么2.他在该类（体育用品）中最突出不同的特征是什么，尽量简短
2024-12-13 16:11:03,582 - 3 - INFO - **********PLAYER3**********
它是一种手持的装备，主要用于投掷和接住。在该类中，它因其特殊的制作材料和结构设计而脱颖而出，提供了高度的耐用性和手感。
2024-12-13 16:12:27,976 - 3 - INFO - **********JUDGER**********
玩家1说：它是一种圆形的球体，通常用于各种球类运动。它在该类中最突出的不同特征是它的弹性，使得它能够反弹并传递给队友。玩家2说：这是一个球状物体，表面光滑，用于各种体育竞技活动。它在该类中最显著的特点是它的表面设计，能够提供良好的抓握感和控制力。玩家3说：它是一种手持的装备，主要用于投掷和接住。在该类中，它因其特殊的制作材料和结构设计而脱颖而出，提供了高度的耐用性和手感。玩家4说：||在这个游戏中，我们需要通过分析每位玩家的描述来找出卧底。通常，平民的描述会围绕相同的词语展开，而卧底的描述可能会因为词语的不同而显得不太一致。我们需要仔细比较每个描述之间的相似性和差异性，以找出可能的卧底，注意，卧底并不会隐藏自己，他会直接描述他的词语，现在，逐一分析每个玩家的描述，注意，这局游戏的词语分类为<体育用品>，卧底词和平民词都属于该类。这是第一轮描述。
2024-12-13 16:12:35,657 - 3 - INFO - **********PLAYER3**********
||
经过分析，玩家1、玩家2和玩家3的描述都围绕着球体这一特征，强调了球体在体育用品中的用途，以及它们各自独特的属性，如弹性、表面设计和耐用性。玩家4的描述则更像是在引导大家如何分析游戏，而不是直接描述一个具体的体育用品。

基于这些信息，玩家4的描述似乎与寻找卧底的目的不一致，他并没有提供关于体育用品的具体描述。因此，玩家4可能是卧底，因为他没有遵循游戏描述的规则，而是给出了游戏策略的提示。当然，这只是基于描述的分析，实际的卧底可能隐藏在其他玩家的描述中。我们需要继续观察和比较，以便在下一轮投票时做出正确的判断。
2024-12-13 16:12:35,659 - 3 - INFO - **********JUDGER**********
你刚刚的分析是||
经过分析，玩家1、玩家2和玩家3的描述都围绕着球体这一特征，强调了球体在体育用品中的用途，以及它们各自独特的属性，如弹性、表面设计和耐用性。玩家4的描述则更像是在引导大家如何分析游戏，而不是直接描述一个具体的体育用品。

基于这些信息，玩家4的描述似乎与寻找卧底的目的不一致，他并没有提供关于体育用品的具体描述。因此，玩家4可能是卧底，因为他没有遵循游戏描述的规则，而是给出了游戏策略的提示。当然，这只是基于描述的分析，实际的卧底可能隐藏在其他玩家的描述中。我们需要继续观察和比较，以便在下一轮投票时做出正确的判断。|| `请根据上述分析，比较描述以找出不一致之处，注意，这局游戏的词语分类为<体育用品>，卧底词和平民词都属于该类。
2024-12-13 16:12:48,071 - 3 - INFO - **********PLAYER3**********
根据上述分析，我们可以比较描述以找出不一致之处：

1. 玩家1描述的词语具有“弹性”，这是指球体在运动中的特性，能够反弹和传递。

2. 玩家2描述的词语强调“表面设计”，这通常指的是球体表面的纹理或材料，用于提供抓握感和控制力。

3. 玩家3描述的词语提到了“特殊的制作材料和结构设计”，这暗示了球体的耐用性和手感。

4. 玩家4的描述则是在解释游戏分析的方法，并没有提供关于体育用品的具体描述。

不一致之处在于，玩家1、玩家2和玩家3的描述都聚焦于球体的物理特性和设计，而玩家4的描述与这些具体特征无关，而是关于游戏策略的指导。这表明玩家4的描述与其他玩家描述的主题和内容上存在显著差异，因此玩家4可能是卧底。其他玩家的描述都符合体育用品类中球体的特征，而玩家4的描述却偏离了这个方向。
2024-12-13 16:12:48,074 - 3 - INFO - **********JUDGER**********
你刚刚的分析是根据上述分析，我们可以比较描述以找出不一致之处：

1. 玩家1描述的词语具有“弹性”，这是指球体在运动中的特性，能够反弹和传递。

2. 玩家2描述的词语强调“表面设计”，这通常指的是球体表面的纹理或材料，用于提供抓握感和控制力。

3. 玩家3描述的词语提到了“特殊的制作材料和结构设计”，这暗示了球体的耐用性和手感。

4. 玩家4的描述则是在解释游戏分析的方法，并没有提供关于体育用品的具体描述。

不一致之处在于，玩家1、玩家2和玩家3的描述都聚焦于球体的物理特性和设计，而玩家4的描述与这些具体特征无关，而是关于游戏策略的指导。这表明玩家4的描述与其他玩家描述的主题和内容上存在显著差异，因此玩家4可能是卧底。其他玩家的描述都符合体育用品类中球体的特征，而玩家4的描述却偏离了这个方向。|| 请通过你分析的不一致之处，推断卧底身份，注意，这局游戏的词语分类为<体育用品>，卧底词和平民词都属于该类。
2024-12-13 16:12:58,062 - 3 - INFO - **********PLAYER3**********
根据分析中提到的不一致之处，我们可以推断以下信息：

- 玩家1、玩家2和玩家3的描述都集中在体育用品中的球体特征，如弹性、表面设计和耐用性。
- 玩家4的描述与球体的具体特征无关，而是关于游戏分析的方法。

由于这局游戏的词语分类为<体育用品>，且卧底词和平民词都属于该类，这意味着卧底的描述应该也是关于体育用品，但与平民的球体描述有所不同。

玩家4的描述没有提供任何关于体育用品的具体信息，而是提供了游戏策略的指导，这与其他玩家专注于球体特性的描述形成了鲜明对比。因此，根据这些信息，玩家4很可能是卧底，因为他的描述与游戏规则中关于体育用品的描述不一致。他的角色可能是与球体相关的体育用品中的非球体物品，或者是一个与球体不直接相关的体育用品类别。
2024-12-13 16:12:58,064 - 3 - INFO - **********JUDGER**********
你刚刚的推断是根据分析中提到的不一致之处，我们可以推断以下信息：

- 玩家1、玩家2和玩家3的描述都集中在体育用品中的球体特征，如弹性、表面设计和耐用性。
- 玩家4的描述与球体的具体特征无关，而是关于游戏分析的方法。

由于这局游戏的词语分类为<体育用品>，且卧底词和平民词都属于该类，这意味着卧底的描述应该也是关于体育用品，但与平民的球体描述有所不同。

玩家4的描述没有提供任何关于体育用品的具体信息，而是提供了游戏策略的指导，这与其他玩家专注于球体特性的描述形成了鲜明对比。因此，根据这些信息，玩家4很可能是卧底，因为他的描述与游戏规则中关于体育用品的描述不一致。他的角色可能是与球体相关的体育用品中的非球体物品，或者是一个与球体不直接相关的体育用品类别。|| 基于你刚刚的推断得出你的最终结论，请输出你认为的卧底，在这种情况下只需要输出编号，是1-4中的某个数字，不要输出其他信息。在这个过程不要进行任何推理，只对||以前的部分进行信息提取
2024-12-13 16:12:59,095 - 3 - INFO - **********PLAYER3**********
4
2024-12-13 16:13:52,215 - 3 - INFO - **********JUDGER**********
玩家1说：它是一种圆形的球体，通常用于各种球类运动。它在该类中最突出的不同特征是它的弹性，使得它能够反弹并传递给队友。你的关键词是一种球类运动器材，它有着明显的重量和大小，这使得它在空中飞行时能够产生稳定的轨迹。它的表面处理和材质设计，使得球在高速运动时能够有效地控制方向和速度。玩家2说：这是一个球状物体，表面光滑，用于各种体育竞技活动。它在该类中最显著的特点是它的表面设计，能够提供良好的抓握感和控制力。它的设计注重平衡和手感，便于在空中进行精准的投篮和运球。此外，它的尺寸和重量经过精心计算，以便在高速运动中保持良好的稳定性和可控性。玩家3说：它是一种手持的装备，主要用于投掷和接住。在该类中，它因其特殊的制作材料和结构设计而脱颖而出，提供了高度的耐用性和手感。玩家4说：这是一个常见的运动器材，主要用于脚踢和控球。它在该类中最突出的不同特征是具有特殊的气密性和材质，使得球在运动中能保持形状和弹力。你是第3号玩家，你的关键词是<篮球>。你的回答中绝对不能包含你的关键词<篮球>。这是第二轮描述，你之前的描述是它是一种手持的装备，主要用于投掷和接住。在该类中，它因其特殊的制作材料和结构设计而脱颖而出，提供了高度的耐用性和手感。，注意，这局游戏的词语分类为<体育用品>，卧底词和平民词都属于该类，请你补充关于关键词的描述，注意，你的描述应该比起之前的描述更加贴近关键词，作为之前的补充
2024-12-13 16:13:55,981 - 3 - INFO - **********PLAYER3**********
它是一种用于投掷和接住的圆形球体，它的重量和大小经过精确设计，使得球在空中飞行时具有稳定的轨迹。这种球体的表面处理和材质，确保了在高速运动中球能有效地控制方向和速度，同时保持良好的耐用性。
2024-12-13 16:14:31,235 - 3 - INFO - **********JUDGER**********
玩家1说：它是一种圆形的球体，通常用于各种球类运动。它在该类中最突出的不同特征是它的弹性，使得它能够反弹并传递给队友。你的关键词是一种球类运动器材，它有着明显的重量和大小，这使得它在空中飞行时能够产生稳定的轨迹。它的表面处理和材质设计，使得球在高速运动时能够有效地控制方向和速度。玩家2说：这是一个球状物体，表面光滑，用于各种体育竞技活动。它在该类中最显著的特点是它的表面设计，能够提供良好的抓握感和控制力。它的设计注重平衡和手感，便于在空中进行精准的投篮和运球。此外，它的尺寸和重量经过精心计算，以便在高速运动中保持良好的稳定性和可控性。玩家3说：它是一种手持的装备，主要用于投掷和接住。在该类中，它因其特殊的制作材料和结构设计而脱颖而出，提供了高度的耐用性和手感。它是一种用于投掷和接住的圆形球体，它的重量和大小经过精确设计，使得球在空中飞行时具有稳定的轨迹。这种球体的表面处理和材质，确保了在高速运动中球能有效地控制方向和速度，同时保持良好的耐用性。玩家4说：这是一个常见的运动器材，主要用于脚踢和控球。它在该类中最突出的不同特征是具有特殊的气密性和材质，使得球在运动中能保持形状和弹力。||在这个游戏中，我们需要通过分析每位玩家的描述来找出卧底。通常，平民的描述会围绕相同的词语展开，而卧底的描述可能会因为词语的不同而显得不太一致。我们需要仔细比较每个描述之间的相似性和差异性，以找出可能的卧底，注意，卧底并不会隐藏自己，他会直接描述他的词语，现在，逐一分析每个玩家的描述，注意，这局游戏的词语分类为<体育用品>，卧底词和平民词都属于该类。||之前是第2轮描述和之前轮数描述的合集。你之前认为的卧底是玩家4。
2024-12-13 16:14:33,339 - 3 - INFO - **********PLAYER3**********
4
2024-12-13 16:14:33,341 - 3 - INFO - **********JUDGER**********
你刚刚的分析是4|| `请根据上述分析，比较描述以找出不一致之处，注意，这局游戏的词语分类为<体育用品>，卧底词和平民词都属于该类。
2024-12-13 16:14:41,809 - 3 - INFO - **********PLAYER3**********
根据上述分析，比较描述以找出不一致之处：

- 玩家1描述的词语是“圆形的球体”，强调弹性和用于球类运动。
- 玩家2描述的词语同样是“球状物体”，但强调表面设计和用于体育竞技活动，特别是投篮和运球。
- 玩家3描述的词语也是“圆形球体”，并提到了重量、大小、表面处理、材质设计、耐用性和手感。
- 玩家4描述的词语是“运动器材”，用于脚踢和控球，强调气密性和材质以保持形状和弹力。

不一致之处在于：

- 玩家1、玩家2和玩家3的描述都集中在球体的物理特性、表面处理、材质设计以及其在球类运动中的应用。
- 玩家4的描述则强调了运动器材的用途（脚踢和控球）以及气密性和材质特性，但没有提到球体的表面处理、材质设计或其在球类运动中的应用。

因此，玩家4的描述与其他玩家描述的球体特性存在显著差异，这可能是卧底的一个线索。
2024-12-13 16:14:41,811 - 3 - INFO - **********JUDGER**********
你刚刚的分析是根据上述分析，比较描述以找出不一致之处：

- 玩家1描述的词语是“圆形的球体”，强调弹性和用于球类运动。
- 玩家2描述的词语同样是“球状物体”，但强调表面设计和用于体育竞技活动，特别是投篮和运球。
- 玩家3描述的词语也是“圆形球体”，并提到了重量、大小、表面处理、材质设计、耐用性和手感。
- 玩家4描述的词语是“运动器材”，用于脚踢和控球，强调气密性和材质以保持形状和弹力。

不一致之处在于：

- 玩家1、玩家2和玩家3的描述都集中在球体的物理特性、表面处理、材质设计以及其在球类运动中的应用。
- 玩家4的描述则强调了运动器材的用途（脚踢和控球）以及气密性和材质特性，但没有提到球体的表面处理、材质设计或其在球类运动中的应用。

因此，玩家4的描述与其他玩家描述的球体特性存在显著差异，这可能是卧底的一个线索。|| 请通过你分析的不一致之处，推断卧底身份，注意，这局游戏的词语分类为<体育用品>，卧底词和平民词都属于该类。
2024-12-13 16:14:42,638 - 3 - INFO - **********PLAYER3**********
4
2024-12-13 16:14:42,638 - 3 - INFO - **********JUDGER**********
你刚刚的推断是4|| 基于你刚刚的推断得出你的最终结论，请输出你认为的卧底，在这种情况下只需要输出编号，是1-4中的某个数字，不要输出其他信息。在这个过程不要进行任何推理，只对||以前的部分进行信息提取
2024-12-13 16:14:44,083 - 3 - INFO - **********PLAYER3**********
4
2024-12-13 16:15:13,306 - 3 - INFO - **********JUDGER**********
玩家1说：它是一种圆形的球体，通常用于各种球类运动。它在该类中最突出的不同特征是它的弹性，使得它能够反弹并传递给队友。你的关键词是一种球类运动器材，它有着明显的重量和大小，这使得它在空中飞行时能够产生稳定的轨迹。它的表面处理和材质设计，使得球在高速运动时能够有效地控制方向和速度。它是一种球类运动器材，具有标准的尺寸和重量，这使得它在空中飞行时具有一致的轨迹和反弹效果。它的表面设计允许球在接触地面后能够迅速反弹，并且能够通过球员的手部控制来改变方向和速度。此外，它的材质保证了球在多种场地条件下都能保持良好的性能。玩家2说：这是一个球状物体，表面光滑，用于各种体育竞技活动。它在该类中最显著的特点是它的表面设计，能够提供良好的抓握感和控制力。它的设计注重平衡和手感，便于在空中进行精准的投篮和运球。此外，它的尺寸和重量经过精心计算，以便在高速运动中保持良好的稳定性和可控性。它的设计强调在空中飞行时的稳定性，以及球员手部控制后的精准度。此外，它的重量和尺寸使得球在高速运动中能够保持一致的轨迹和反弹效果，适合进行投篮和运球。玩家3说：它是一种手持的装备，主要用于投掷和接住。在该类中，它因其特殊的制作材料和结构设计而脱颖而出，提供了高度的耐用性和手感。它是一种用于投掷和接住的圆形球体，它的重量和大小经过精确设计，使得球在空中飞行时具有稳定的轨迹。这种球体的表面处理和材质，确保了在高速运动中球能有效地控制方向和速度，同时保持良好的耐用性。玩家4说：这是一个常见的运动器材，主要用于脚踢和控球。它在该类中最突出的不同特征是具有特殊的气密性和材质，使得球在运动中能保持形状和弹力。这个运动器材的特点是它的结构使得它能够被踢动，产生旋转和曲线运动，这增加了比赛的趣味性和难度。它的设计使得球在高速飞行时能够保持稳定的轨迹，同时也便于球员进行精确的传球和射门。此外，它的材质和制作工艺保证了球在极端天气条件下也能保持性能。你是第3号玩家，你的关键词是<篮球>。你的回答中绝对不能包含你的关键词<篮球>。这是第三轮描述，你之前的描述是它是一种手持的装备，主要用于投掷和接住。在该类中，它因其特殊的制作材料和结构设计而脱颖而出，提供了高度的耐用性和手感。和它是一种用于投掷和接住的圆形球体，它的重量和大小经过精确设计，使得球在空中飞行时具有稳定的轨迹。这种球体的表面处理和材质，确保了在高速运动中球能有效地控制方向和速度，同时保持良好的耐用性。，注意，这局游戏的词语分类为<体育用品>，卧底词和平民词都属于该类，请你补充关于关键词的描述，注意，你的描述应该比起之前的描述更加贴近关键词，作为之前的补充
2024-12-13 16:15:19,166 - 3 - INFO - **********PLAYER3**********
它是一种圆形球体，其重量和大小经过精心设计，以确保在投掷和接住时能够产生稳定的飞行轨迹。这种球体的表面处理和材质保证了在高速运动中球能有效地控制方向和速度，同时保持了良好的耐用性。它的设计使得球在接触地面后能够迅速反弹，并且能够通过球员的手部控制来改变方向和速度。此外，它的材质和结构使得球在多种场地条件下都能保持良好的性能。
2024-12-13 16:16:07,245 - 3 - INFO - **********JUDGER**********
玩家1说：它是一种圆形的球体，通常用于各种球类运动。它在该类中最突出的不同特征是它的弹性，使得它能够反弹并传递给队友。你的关键词是一种球类运动器材，它有着明显的重量和大小，这使得它在空中飞行时能够产生稳定的轨迹。它的表面处理和材质设计，使得球在高速运动时能够有效地控制方向和速度。它是一种球类运动器材，具有标准的尺寸和重量，这使得它在空中飞行时具有一致的轨迹和反弹效果。它的表面设计允许球在接触地面后能够迅速反弹，并且能够通过球员的手部控制来改变方向和速度。此外，它的材质保证了球在多种场地条件下都能保持良好的性能。玩家2说：这是一个球状物体，表面光滑，用于各种体育竞技活动。它在该类中最显著的特点是它的表面设计，能够提供良好的抓握感和控制力。它的设计注重平衡和手感，便于在空中进行精准的投篮和运球。此外，它的尺寸和重量经过精心计算，以便在高速运动中保持良好的稳定性和可控性。它的设计强调在空中飞行时的稳定性，以及球员手部控制后的精准度。此外，它的重量和尺寸使得球在高速运动中能够保持一致的轨迹和反弹效果，适合进行投篮和运球。玩家3说：它是一种手持的装备，主要用于投掷和接住。在该类中，它因其特殊的制作材料和结构设计而脱颖而出，提供了高度的耐用性和手感。它是一种用于投掷和接住的圆形球体，它的重量和大小经过精确设计，使得球在空中飞行时具有稳定的轨迹。这种球体的表面处理和材质，确保了在高速运动中球能有效地控制方向和速度，同时保持良好的耐用性。它是一种圆形球体，其重量和大小经过精心设计，以确保在投掷和接住时能够产生稳定的飞行轨迹。这种球体的表面处理和材质保证了在高速运动中球能有效地控制方向和速度，同时保持了良好的耐用性。它的设计使得球在接触地面后能够迅速反弹，并且能够通过球员的手部控制来改变方向和速度。此外，它的材质和结构使得球在多种场地条件下都能保持良好的性能。玩家4说：这是一个常见的运动器材，主要用于脚踢和控球。它在该类中最突出的不同特征是具有特殊的气密性和材质，使得球在运动中能保持形状和弹力。这个运动器材的特点是它的结构使得它能够被踢动，产生旋转和曲线运动，这增加了比赛的趣味性和难度。它的设计使得球在高速飞行时能够保持稳定的轨迹，同时也便于球员进行精确的传球和射门。此外，它的材质和制作工艺保证了球在极端天气条件下也能保持性能。这个运动器材的特点是它的结构使得它能够被踢动，产生旋转和曲线运动，这增加了比赛的趣味性和难度。它的设计使得球在高速飞行时能够保持稳定的轨迹，同时也便于球员进行精确的传球和射门。此外，它的材质和制作工艺保证了球在极端天气条件下也能保持性能，同时具有特殊的气密性，确保了球在运动中能保持形状和弹力。||在这个游戏中，我们需要通过分析每位玩家的描述来找出卧底。通常，平民的描述会围绕相同的词语展开，而卧底的描述可能会因为词语的不同而显得不太一致。我们需要仔细比较每个描述之间的相似性和差异性，以找出可能的卧底，注意，卧底并不会隐藏自己，他会直接描述他的词语，现在，逐一分析每个玩家的描述，注意，这局游戏的词语分类为<体育用品>，卧底词和平民词都属于该类。||之前是第3轮描述和之前轮数描述的合集。你之前认为的卧底是玩家4。
2024-12-13 16:16:08,235 - 3 - INFO - **********PLAYER3**********
4
2024-12-13 16:16:08,236 - 3 - INFO - **********JUDGER**********
你刚刚的分析是4|| `请根据上述分析，比较描述以找出不一致之处，注意，这局游戏的词语分类为<体育用品>，卧底词和平民词都属于该类。
2024-12-13 16:16:20,229 - 3 - INFO - **********PLAYER3**********
根据上述分析，比较描述以找出不一致之处：

- 玩家1的描述强调球体的弹性、标准尺寸和重量、表面设计以及材质，适用于多种场地条件。
- 玩家2的描述提到球体的表面光滑、抓握感和控制力、平衡和手感，以及尺寸和重量的精确计算。
- 玩家3的描述与玩家1相似，强调球体的重量、大小、表面处理、材质设计、耐用性和手感，以及其在空中飞行的稳定性。
- 玩家4的描述提到球体的气密性、材质、旋转和曲线运动、稳定性、传球和射门，以及极端天气条件下的性能。

不一致之处在于：

- 玩家1、玩家2和玩家3的描述都集中在球体的物理特性、表面设计、材质、耐用性以及其在空中飞行时的稳定性。
- 玩家4的描述则提到了球体的气密性、旋转运动、传球和射门，以及极端天气条件下的性能，这些特征与投掷和接住的动作关联不大，更像是与踢球相关的特征。

因此，玩家4的描述与其他玩家的描述存在显著差异，这可能是卧底的一个线索。
2024-12-13 16:16:20,230 - 3 - INFO - **********JUDGER**********
你刚刚的分析是根据上述分析，比较描述以找出不一致之处：

- 玩家1的描述强调球体的弹性、标准尺寸和重量、表面设计以及材质，适用于多种场地条件。
- 玩家2的描述提到球体的表面光滑、抓握感和控制力、平衡和手感，以及尺寸和重量的精确计算。
- 玩家3的描述与玩家1相似，强调球体的重量、大小、表面处理、材质设计、耐用性和手感，以及其在空中飞行的稳定性。
- 玩家4的描述提到球体的气密性、材质、旋转和曲线运动、稳定性、传球和射门，以及极端天气条件下的性能。

不一致之处在于：

- 玩家1、玩家2和玩家3的描述都集中在球体的物理特性、表面设计、材质、耐用性以及其在空中飞行时的稳定性。
- 玩家4的描述则提到了球体的气密性、旋转运动、传球和射门，以及极端天气条件下的性能，这些特征与投掷和接住的动作关联不大，更像是与踢球相关的特征。

因此，玩家4的描述与其他玩家的描述存在显著差异，这可能是卧底的一个线索。|| 请通过你分析的不一致之处，推断卧底身份，注意，这局游戏的词语分类为<体育用品>，卧底词和平民词都属于该类。
2024-12-13 16:16:21,578 - 3 - INFO - **********PLAYER3**********
4
2024-12-13 16:16:21,578 - 3 - INFO - **********JUDGER**********
你刚刚的推断是4|| 基于你刚刚的推断得出你的最终结论，请输出你认为的卧底，在这种情况下只需要输出编号，是1-4中的某个数字，不要输出其他信息。在这个过程不要进行任何推理，只对||以前的部分进行信息提取
2024-12-13 16:16:23,007 - 3 - INFO - **********PLAYER3**********
4
