2024-12-13 16:10:54,691 - 4 - INFO - **********JUDGER**********
让我们来玩一个叫做<谁是卧底>的推理游戏。基本规则：<人数>：4人。<角色分配>：每位玩家随机抽取一个词语，3名玩家拿到的词语是相同的（平民词），1名玩家拿到与之相近但不同的词语（卧底词）。<游戏流程>：1、玩家轮流描述自己的词语，但<不能>直接说出词语本身。2、描述完毕后，投票选出最像卧底的玩家。3、每轮结束后，被投票选出的玩家出局，不能再进行描述或投票。4、每轮投票结束后，如果卧底被成功找出，平民方获胜；如果卧底未被找出且卧底人数等于或超过平民人数，则卧底方获胜。你将扮演一个<玩家>，请等待你被分配到的关键词。如果你听懂了，只回答，"好的，我准备好参加游戏了"，不要输出别的信息
2024-12-13 16:10:55,253 - 4 - INFO - **********PLAYER4**********
好的，我准备好参加游戏了
2024-12-13 16:11:03,583 - 4 - INFO - **********JUDGER**********
玩家1说：它是一种圆形的球体，通常用于各种球类运动。它在该类中最突出的不同特征是它的弹性，使得它能够反弹并传递给队友。玩家2说：这是一个球状物体，表面光滑，用于各种体育竞技活动。它在该类中最显著的特点是它的表面设计，能够提供良好的抓握感和控制力。玩家3说：它是一种手持的装备，主要用于投掷和接住。在该类中，它因其特殊的制作材料和结构设计而脱颖而出，提供了高度的耐用性和手感。玩家4说：|| 你是第4号玩家，你的关键词是<足球>。你的回答中绝对不能包含你的关键词<足球>。这是第一轮描述，不需要分析||之前别的玩家的描述，请你描述关键词基本特征，注意，这局游戏的词语分类为<体育用品>，卧底词和平民词都属于该类，描述包括以下两点，1.他的基本特征是什么2.他在该类（体育用品）中最突出不同的特征是什么，尽量简短
2024-12-13 16:11:05,562 - 4 - INFO - **********PLAYER4**********
这是一个常见的运动器材，主要用于脚踢和控球。它在该类中最突出的不同特征是具有特殊的气密性和材质，使得球在运动中能保持形状和弹力。
2024-12-13 16:12:59,096 - 4 - INFO - **********JUDGER**********
玩家1说：它是一种圆形的球体，通常用于各种球类运动。它在该类中最突出的不同特征是它的弹性，使得它能够反弹并传递给队友。玩家2说：这是一个球状物体，表面光滑，用于各种体育竞技活动。它在该类中最显著的特点是它的表面设计，能够提供良好的抓握感和控制力。玩家3说：它是一种手持的装备，主要用于投掷和接住。在该类中，它因其特殊的制作材料和结构设计而脱颖而出，提供了高度的耐用性和手感。玩家4说：||在这个游戏中，我们需要通过分析每位玩家的描述来找出卧底。通常，平民的描述会围绕相同的词语展开，而卧底的描述可能会因为词语的不同而显得不太一致。我们需要仔细比较每个描述之间的相似性和差异性，以找出可能的卧底，注意，卧底并不会隐藏自己，他会直接描述他的词语，现在，逐一分析每个玩家的描述，注意，这局游戏的词语分类为<体育用品>，卧底词和平民词都属于该类。这是第一轮描述。
2024-12-13 16:13:11,190 - 4 - INFO - **********PLAYER4**********
好的，我们来分析一下每个玩家的描述：

玩家1的描述提到了“圆形的球体”和“用于各种球类运动”，以及“弹性”这一特征，这听起来像是描述足球或篮球等弹性球类。

玩家2的描述也提到了“球状物体”和“用于体育竞技活动”，并强调了“表面设计”和“抓握感”，这可能与足球或篮球等球类运动相关，但更倾向于足球，因为足球的表面设计对于抓握和控制非常重要。

玩家3的描述提到了“手持的装备”和“投掷和接住”，以及“特殊的制作材料和结构设计”，这听起来像是描述某种手套或球拍，但具体是哪一种还需要结合其他信息来判断。

玩家4的描述没有直接提供关键词，而是提供了一个关于游戏策略和分析方法的说明，这可能是为了引导其他玩家注意描述中的细节差异。

根据这些描述，玩家1和玩家2的描述都与球类运动有关，而玩家3的描述则指向了手持装备。由于游戏规则中提到卧底词和平民词都属于<体育用品>类别，我们可以推测玩家3可能是卧底，因为他描述的“手持的装备”没有明确指向球类运动，而玩家1和玩家2的描述则更加具体地指向了球类运动。然而，这只是一个初步的分析，需要进一步的信息来确定卧底。
2024-12-13 16:13:11,193 - 4 - INFO - **********JUDGER**********
你刚刚的分析是好的，我们来分析一下每个玩家的描述：

玩家1的描述提到了“圆形的球体”和“用于各种球类运动”，以及“弹性”这一特征，这听起来像是描述足球或篮球等弹性球类。

玩家2的描述也提到了“球状物体”和“用于体育竞技活动”，并强调了“表面设计”和“抓握感”，这可能与足球或篮球等球类运动相关，但更倾向于足球，因为足球的表面设计对于抓握和控制非常重要。

玩家3的描述提到了“手持的装备”和“投掷和接住”，以及“特殊的制作材料和结构设计”，这听起来像是描述某种手套或球拍，但具体是哪一种还需要结合其他信息来判断。

玩家4的描述没有直接提供关键词，而是提供了一个关于游戏策略和分析方法的说明，这可能是为了引导其他玩家注意描述中的细节差异。

根据这些描述，玩家1和玩家2的描述都与球类运动有关，而玩家3的描述则指向了手持装备。由于游戏规则中提到卧底词和平民词都属于<体育用品>类别，我们可以推测玩家3可能是卧底，因为他描述的“手持的装备”没有明确指向球类运动，而玩家1和玩家2的描述则更加具体地指向了球类运动。然而，这只是一个初步的分析，需要进一步的信息来确定卧底。|| `请根据上述分析，比较描述以找出不一致之处，注意，这局游戏的词语分类为<体育用品>，卧底词和平民词都属于该类。
2024-12-13 16:13:35,746 - 4 - INFO - **********PLAYER4**********
根据上述分析，我们可以比较描述中的不一致之处如下：

1. 玩家1和玩家2的描述都集中在球类运动上，尤其是足球，因为他们提到了球体的形状、用于运动、弹性以及表面设计。这些描述都指向了足球作为球类运动中的常见物品。

2. 玩家3的描述则与球类运动不同，他提到了“手持的装备”和“投掷和接住”，这通常与球类运动中的辅助装备（如手套）或特定运动（如篮球）中的装备有关，但没有明确提到球体。

3. 玩家4的描述并没有提供关于关键词的直接信息，而是关于游戏策略和分析方法的一般性说明。这表明玩家4可能没有直接参与描述关键词，而是可能是一个观察者或者是在引导讨论的方向。

不一致之处在于玩家3的描述与球类运动的直接关联性不如玩家1和玩家2的描述明显。如果游戏的关键词是球类运动中的物品，那么玩家3的描述可能更不符合其他玩家的描述，因此玩家3可能是卧底。然而，这也取决于其他玩家的描述是否会进一步明确这一点。如果玩家1和玩家2的描述最终指向的是同一种球类运动中的物品，那么玩家3的描述的差异性将更加明显。
2024-12-13 16:13:35,748 - 4 - INFO - **********JUDGER**********
你刚刚的分析是根据上述分析，我们可以比较描述中的不一致之处如下：

1. 玩家1和玩家2的描述都集中在球类运动上，尤其是足球，因为他们提到了球体的形状、用于运动、弹性以及表面设计。这些描述都指向了足球作为球类运动中的常见物品。

2. 玩家3的描述则与球类运动不同，他提到了“手持的装备”和“投掷和接住”，这通常与球类运动中的辅助装备（如手套）或特定运动（如篮球）中的装备有关，但没有明确提到球体。

3. 玩家4的描述并没有提供关于关键词的直接信息，而是关于游戏策略和分析方法的一般性说明。这表明玩家4可能没有直接参与描述关键词，而是可能是一个观察者或者是在引导讨论的方向。

不一致之处在于玩家3的描述与球类运动的直接关联性不如玩家1和玩家2的描述明显。如果游戏的关键词是球类运动中的物品，那么玩家3的描述可能更不符合其他玩家的描述，因此玩家3可能是卧底。然而，这也取决于其他玩家的描述是否会进一步明确这一点。如果玩家1和玩家2的描述最终指向的是同一种球类运动中的物品，那么玩家3的描述的差异性将更加明显。|| 请通过你分析的不一致之处，推断卧底身份，注意，这局游戏的词语分类为<体育用品>，卧底词和平民词都属于该类。
2024-12-13 16:13:44,802 - 4 - INFO - **********PLAYER4**********
根据上述分析的不一致之处，我们可以推断以下可能性：

1. 玩家1和玩家2的描述都指向了足球，这表明他们可能是平民，因为他们描述的特征与足球这一球类运动中的物品相符。

2. 玩家3的描述提到了“手持的装备”和“投掷和接住”，但没有明确提到球体，这与足球或篮球等常见的球类运动物品的特征不符。这暗示玩家3可能是卧底，因为他描述的物品可能不是球类运动中的标准物品。

3. 玩家4的描述并没有提供关于关键词的直接信息，而是提供了关于游戏策略的分析，这可能意味着玩家4可能是一个平民，因为卧底通常会尽量避免直接描述关键词。

综合以上分析，玩家3的描述与球类运动的直接关联性最弱，因此根据描述的不一致性，玩家3可能是卧底。然而，需要注意的是，卧底可能不会完全隐藏自己，他们也可能故意在描述中留下线索。因此，最终的身份确定还需要进一步的描述和推理。
2024-12-13 16:13:44,804 - 4 - INFO - **********JUDGER**********
你刚刚的推断是根据上述分析的不一致之处，我们可以推断以下可能性：

1. 玩家1和玩家2的描述都指向了足球，这表明他们可能是平民，因为他们描述的特征与足球这一球类运动中的物品相符。

2. 玩家3的描述提到了“手持的装备”和“投掷和接住”，但没有明确提到球体，这与足球或篮球等常见的球类运动物品的特征不符。这暗示玩家3可能是卧底，因为他描述的物品可能不是球类运动中的标准物品。

3. 玩家4的描述并没有提供关于关键词的直接信息，而是提供了关于游戏策略的分析，这可能意味着玩家4可能是一个平民，因为卧底通常会尽量避免直接描述关键词。

综合以上分析，玩家3的描述与球类运动的直接关联性最弱，因此根据描述的不一致性，玩家3可能是卧底。然而，需要注意的是，卧底可能不会完全隐藏自己，他们也可能故意在描述中留下线索。因此，最终的身份确定还需要进一步的描述和推理。|| 基于你刚刚的推断得出你的最终结论，请输出你认为的卧底，在这种情况下只需要输出编号，是1-4中的某个数字，不要输出其他信息。在这个过程不要进行任何推理，只对||以前的部分进行信息提取
2024-12-13 16:13:45,557 - 4 - INFO - **********PLAYER4**********
3
2024-12-13 16:13:55,982 - 4 - INFO - **********JUDGER**********
玩家1说：它是一种圆形的球体，通常用于各种球类运动。它在该类中最突出的不同特征是它的弹性，使得它能够反弹并传递给队友。你的关键词是一种球类运动器材，它有着明显的重量和大小，这使得它在空中飞行时能够产生稳定的轨迹。它的表面处理和材质设计，使得球在高速运动时能够有效地控制方向和速度。玩家2说：这是一个球状物体，表面光滑，用于各种体育竞技活动。它在该类中最显著的特点是它的表面设计，能够提供良好的抓握感和控制力。它的设计注重平衡和手感，便于在空中进行精准的投篮和运球。此外，它的尺寸和重量经过精心计算，以便在高速运动中保持良好的稳定性和可控性。玩家3说：它是一种手持的装备，主要用于投掷和接住。在该类中，它因其特殊的制作材料和结构设计而脱颖而出，提供了高度的耐用性和手感。它是一种用于投掷和接住的圆形球体，它的重量和大小经过精确设计，使得球在空中飞行时具有稳定的轨迹。这种球体的表面处理和材质，确保了在高速运动中球能有效地控制方向和速度，同时保持良好的耐用性。玩家4说：这是一个常见的运动器材，主要用于脚踢和控球。它在该类中最突出的不同特征是具有特殊的气密性和材质，使得球在运动中能保持形状和弹力。你是第4号玩家，你的关键词是<足球>。你的回答中绝对不能包含你的关键词<足球>。这是第二轮描述，你之前的描述是这是一个常见的运动器材，主要用于脚踢和控球。它在该类中最突出的不同特征是具有特殊的气密性和材质，使得球在运动中能保持形状和弹力。，注意，这局游戏的词语分类为<体育用品>，卧底词和平民词都属于该类，请你补充关于关键词的描述，注意，你的描述应该比起之前的描述更加贴近关键词，作为之前的补充
2024-12-13 16:14:03,076 - 4 - INFO - **********PLAYER4**********
这个运动器材的特点是它的结构使得它能够被踢动，产生旋转和曲线运动，这增加了比赛的趣味性和难度。它的设计使得球在高速飞行时能够保持稳定的轨迹，同时也便于球员进行精确的传球和射门。此外，它的材质和制作工艺保证了球在极端天气条件下也能保持性能。
2024-12-13 16:14:44,084 - 4 - INFO - **********JUDGER**********
玩家1说：它是一种圆形的球体，通常用于各种球类运动。它在该类中最突出的不同特征是它的弹性，使得它能够反弹并传递给队友。你的关键词是一种球类运动器材，它有着明显的重量和大小，这使得它在空中飞行时能够产生稳定的轨迹。它的表面处理和材质设计，使得球在高速运动时能够有效地控制方向和速度。玩家2说：这是一个球状物体，表面光滑，用于各种体育竞技活动。它在该类中最显著的特点是它的表面设计，能够提供良好的抓握感和控制力。它的设计注重平衡和手感，便于在空中进行精准的投篮和运球。此外，它的尺寸和重量经过精心计算，以便在高速运动中保持良好的稳定性和可控性。玩家3说：它是一种手持的装备，主要用于投掷和接住。在该类中，它因其特殊的制作材料和结构设计而脱颖而出，提供了高度的耐用性和手感。它是一种用于投掷和接住的圆形球体，它的重量和大小经过精确设计，使得球在空中飞行时具有稳定的轨迹。这种球体的表面处理和材质，确保了在高速运动中球能有效地控制方向和速度，同时保持良好的耐用性。玩家4说：这是一个常见的运动器材，主要用于脚踢和控球。它在该类中最突出的不同特征是具有特殊的气密性和材质，使得球在运动中能保持形状和弹力。||在这个游戏中，我们需要通过分析每位玩家的描述来找出卧底。通常，平民的描述会围绕相同的词语展开，而卧底的描述可能会因为词语的不同而显得不太一致。我们需要仔细比较每个描述之间的相似性和差异性，以找出可能的卧底，注意，卧底并不会隐藏自己，他会直接描述他的词语，现在，逐一分析每个玩家的描述，注意，这局游戏的词语分类为<体育用品>，卧底词和平民词都属于该类。||之前是第2轮描述和之前轮数描述的合集。你之前认为的卧底是玩家3。
2024-12-13 16:14:55,588 - 4 - INFO - **********PLAYER4**********
根据第二轮描述和之前的分析，我们再次审视每位玩家的描述：

1. 玩家1的描述强调了球的弹性、重量、大小、表面处理和材质设计，这些特征与篮球相符。

2. 玩家2的描述提到了球状物体、表面光滑、抓握感、平衡、手感、尺寸、重量和稳定性和可控性，这些特征与篮球或足球都相符，但更倾向于篮球。

3. 玩家3的描述与玩家1相似，强调了球的重量、大小、表面处理、材质设计、稳定性、方向控制、速度控制和耐用性，这些特征也与篮球相符。

4. 玩家4的描述提到了球的气密性、材质、形状和弹力，这些特征与足球相符。

基于这些描述，玩家1、玩家2和玩家3的描述都指向了篮球，而玩家4的描述指向了足球。由于之前认为玩家3可能是卧底，但现在玩家1、玩家2和玩家3的描述都指向了相同的物品（篮球），而玩家4的描述指向了不同的物品（足球），这表明玩家4的描述与平民的描述不一致。

因此，根据第二轮描述和之前的分析，玩家4可能是卧底。
2024-12-13 16:14:55,592 - 4 - INFO - **********JUDGER**********
你刚刚的分析是根据第二轮描述和之前的分析，我们再次审视每位玩家的描述：

1. 玩家1的描述强调了球的弹性、重量、大小、表面处理和材质设计，这些特征与篮球相符。

2. 玩家2的描述提到了球状物体、表面光滑、抓握感、平衡、手感、尺寸、重量和稳定性和可控性，这些特征与篮球或足球都相符，但更倾向于篮球。

3. 玩家3的描述与玩家1相似，强调了球的重量、大小、表面处理、材质设计、稳定性、方向控制、速度控制和耐用性，这些特征也与篮球相符。

4. 玩家4的描述提到了球的气密性、材质、形状和弹力，这些特征与足球相符。

基于这些描述，玩家1、玩家2和玩家3的描述都指向了篮球，而玩家4的描述指向了足球。由于之前认为玩家3可能是卧底，但现在玩家1、玩家2和玩家3的描述都指向了相同的物品（篮球），而玩家4的描述指向了不同的物品（足球），这表明玩家4的描述与平民的描述不一致。

因此，根据第二轮描述和之前的分析，玩家4可能是卧底。|| `请根据上述分析，比较描述以找出不一致之处，注意，这局游戏的词语分类为<体育用品>，卧底词和平民词都属于该类。
2024-12-13 16:15:04,463 - 4 - INFO - **********PLAYER4**********
根据上述分析，不一致之处主要体现在以下几个方面：

1. 玩家1、玩家2和玩家3的描述都集中在篮球的特征上，如弹性、重量、大小、表面处理、材质设计、稳定性、方向控制、速度控制和耐用性。

2. 玩家4的描述则强调了球的气密性、材质、形状和弹力，这些特征更符合足球。

3. 玩家2的描述虽然也提到了表面光滑、抓握感、平衡、手感、尺寸、重量和稳定性和可控性，但没有像玩家1和玩家3那样明确提到球的弹性、重量、大小等与篮球相关的特征。

4. 玩家4的描述与篮球描述的特征存在明显差异，而其他玩家的描述之间更为相似。

基于这些不一致之处，可以推断玩家4的描述与平民的描述不一致，因此玩家4可能是卧底。
2024-12-13 16:15:04,465 - 4 - INFO - **********JUDGER**********
你刚刚的分析是根据上述分析，不一致之处主要体现在以下几个方面：

1. 玩家1、玩家2和玩家3的描述都集中在篮球的特征上，如弹性、重量、大小、表面处理、材质设计、稳定性、方向控制、速度控制和耐用性。

2. 玩家4的描述则强调了球的气密性、材质、形状和弹力，这些特征更符合足球。

3. 玩家2的描述虽然也提到了表面光滑、抓握感、平衡、手感、尺寸、重量和稳定性和可控性，但没有像玩家1和玩家3那样明确提到球的弹性、重量、大小等与篮球相关的特征。

4. 玩家4的描述与篮球描述的特征存在明显差异，而其他玩家的描述之间更为相似。

基于这些不一致之处，可以推断玩家4的描述与平民的描述不一致，因此玩家4可能是卧底。|| 请通过你分析的不一致之处，推断卧底身份，注意，这局游戏的词语分类为<体育用品>，卧底词和平民词都属于该类。
2024-12-13 16:15:05,607 - 4 - INFO - **********PLAYER4**********
4
2024-12-13 16:15:05,608 - 4 - INFO - **********JUDGER**********
你刚刚的推断是4|| 基于你刚刚的推断得出你的最终结论，请输出你认为的卧底，在这种情况下只需要输出编号，是1-4中的某个数字，不要输出其他信息。在这个过程不要进行任何推理，只对||以前的部分进行信息提取
2024-12-13 16:15:06,892 - 4 - INFO - **********PLAYER4**********
4
2024-12-13 16:15:19,166 - 4 - INFO - **********JUDGER**********
玩家1说：它是一种圆形的球体，通常用于各种球类运动。它在该类中最突出的不同特征是它的弹性，使得它能够反弹并传递给队友。你的关键词是一种球类运动器材，它有着明显的重量和大小，这使得它在空中飞行时能够产生稳定的轨迹。它的表面处理和材质设计，使得球在高速运动时能够有效地控制方向和速度。它是一种球类运动器材，具有标准的尺寸和重量，这使得它在空中飞行时具有一致的轨迹和反弹效果。它的表面设计允许球在接触地面后能够迅速反弹，并且能够通过球员的手部控制来改变方向和速度。此外，它的材质保证了球在多种场地条件下都能保持良好的性能。玩家2说：这是一个球状物体，表面光滑，用于各种体育竞技活动。它在该类中最显著的特点是它的表面设计，能够提供良好的抓握感和控制力。它的设计注重平衡和手感，便于在空中进行精准的投篮和运球。此外，它的尺寸和重量经过精心计算，以便在高速运动中保持良好的稳定性和可控性。它的设计强调在空中飞行时的稳定性，以及球员手部控制后的精准度。此外，它的重量和尺寸使得球在高速运动中能够保持一致的轨迹和反弹效果，适合进行投篮和运球。玩家3说：它是一种手持的装备，主要用于投掷和接住。在该类中，它因其特殊的制作材料和结构设计而脱颖而出，提供了高度的耐用性和手感。它是一种用于投掷和接住的圆形球体，它的重量和大小经过精确设计，使得球在空中飞行时具有稳定的轨迹。这种球体的表面处理和材质，确保了在高速运动中球能有效地控制方向和速度，同时保持良好的耐用性。它是一种圆形球体，其重量和大小经过精心设计，以确保在投掷和接住时能够产生稳定的飞行轨迹。这种球体的表面处理和材质保证了在高速运动中球能有效地控制方向和速度，同时保持了良好的耐用性。它的设计使得球在接触地面后能够迅速反弹，并且能够通过球员的手部控制来改变方向和速度。此外，它的材质和结构使得球在多种场地条件下都能保持良好的性能。玩家4说：这是一个常见的运动器材，主要用于脚踢和控球。它在该类中最突出的不同特征是具有特殊的气密性和材质，使得球在运动中能保持形状和弹力。这个运动器材的特点是它的结构使得它能够被踢动，产生旋转和曲线运动，这增加了比赛的趣味性和难度。它的设计使得球在高速飞行时能够保持稳定的轨迹，同时也便于球员进行精确的传球和射门。此外，它的材质和制作工艺保证了球在极端天气条件下也能保持性能。你是第4号玩家，你的关键词是<足球>。你的回答中绝对不能包含你的关键词<足球>。这是第三轮描述，你之前的描述是这是一个常见的运动器材，主要用于脚踢和控球。它在该类中最突出的不同特征是具有特殊的气密性和材质，使得球在运动中能保持形状和弹力。和这个运动器材的特点是它的结构使得它能够被踢动，产生旋转和曲线运动，这增加了比赛的趣味性和难度。它的设计使得球在高速飞行时能够保持稳定的轨迹，同时也便于球员进行精确的传球和射门。此外，它的材质和制作工艺保证了球在极端天气条件下也能保持性能。，注意，这局游戏的词语分类为<体育用品>，卧底词和平民词都属于该类，请你补充关于关键词的描述，注意，你的描述应该比起之前的描述更加贴近关键词，作为之前的补充
2024-12-13 16:15:25,208 - 4 - INFO - **********PLAYER4**********
这个运动器材的特点是它的结构使得它能够被踢动，产生旋转和曲线运动，这增加了比赛的趣味性和难度。它的设计使得球在高速飞行时能够保持稳定的轨迹，同时也便于球员进行精确的传球和射门。此外，它的材质和制作工艺保证了球在极端天气条件下也能保持性能，同时具有特殊的气密性，确保了球在运动中能保持形状和弹力。
2024-12-13 16:16:23,008 - 4 - INFO - **********JUDGER**********
玩家1说：它是一种圆形的球体，通常用于各种球类运动。它在该类中最突出的不同特征是它的弹性，使得它能够反弹并传递给队友。你的关键词是一种球类运动器材，它有着明显的重量和大小，这使得它在空中飞行时能够产生稳定的轨迹。它的表面处理和材质设计，使得球在高速运动时能够有效地控制方向和速度。它是一种球类运动器材，具有标准的尺寸和重量，这使得它在空中飞行时具有一致的轨迹和反弹效果。它的表面设计允许球在接触地面后能够迅速反弹，并且能够通过球员的手部控制来改变方向和速度。此外，它的材质保证了球在多种场地条件下都能保持良好的性能。玩家2说：这是一个球状物体，表面光滑，用于各种体育竞技活动。它在该类中最显著的特点是它的表面设计，能够提供良好的抓握感和控制力。它的设计注重平衡和手感，便于在空中进行精准的投篮和运球。此外，它的尺寸和重量经过精心计算，以便在高速运动中保持良好的稳定性和可控性。它的设计强调在空中飞行时的稳定性，以及球员手部控制后的精准度。此外，它的重量和尺寸使得球在高速运动中能够保持一致的轨迹和反弹效果，适合进行投篮和运球。玩家3说：它是一种手持的装备，主要用于投掷和接住。在该类中，它因其特殊的制作材料和结构设计而脱颖而出，提供了高度的耐用性和手感。它是一种用于投掷和接住的圆形球体，它的重量和大小经过精确设计，使得球在空中飞行时具有稳定的轨迹。这种球体的表面处理和材质，确保了在高速运动中球能有效地控制方向和速度，同时保持良好的耐用性。它是一种圆形球体，其重量和大小经过精心设计，以确保在投掷和接住时能够产生稳定的飞行轨迹。这种球体的表面处理和材质保证了在高速运动中球能有效地控制方向和速度，同时保持了良好的耐用性。它的设计使得球在接触地面后能够迅速反弹，并且能够通过球员的手部控制来改变方向和速度。此外，它的材质和结构使得球在多种场地条件下都能保持良好的性能。玩家4说：这是一个常见的运动器材，主要用于脚踢和控球。它在该类中最突出的不同特征是具有特殊的气密性和材质，使得球在运动中能保持形状和弹力。这个运动器材的特点是它的结构使得它能够被踢动，产生旋转和曲线运动，这增加了比赛的趣味性和难度。它的设计使得球在高速飞行时能够保持稳定的轨迹，同时也便于球员进行精确的传球和射门。此外，它的材质和制作工艺保证了球在极端天气条件下也能保持性能。这个运动器材的特点是它的结构使得它能够被踢动，产生旋转和曲线运动，这增加了比赛的趣味性和难度。它的设计使得球在高速飞行时能够保持稳定的轨迹，同时也便于球员进行精确的传球和射门。此外，它的材质和制作工艺保证了球在极端天气条件下也能保持性能，同时具有特殊的气密性，确保了球在运动中能保持形状和弹力。||在这个游戏中，我们需要通过分析每位玩家的描述来找出卧底。通常，平民的描述会围绕相同的词语展开，而卧底的描述可能会因为词语的不同而显得不太一致。我们需要仔细比较每个描述之间的相似性和差异性，以找出可能的卧底，注意，卧底并不会隐藏自己，他会直接描述他的词语，现在，逐一分析每个玩家的描述，注意，这局游戏的词语分类为<体育用品>，卧底词和平民词都属于该类。||之前是第3轮描述和之前轮数描述的合集。你之前认为的卧底是玩家4。
2024-12-13 16:16:37,160 - 4 - INFO - **********PLAYER4**********
根据第三轮描述和之前的分析，我们可以逐一分析每位玩家的描述：

1. 玩家1的描述强调了球的弹性、重量、大小、表面处理、材质设计、标准尺寸和重量、轨迹、反弹效果、表面设计、球员控制、材质性能等特征，这些描述与篮球相符。

2. 玩家2的描述提到了球状物体、表面光滑、抓握感、控制力、平衡、手感、尺寸、重量、稳定性、可控性、飞行稳定性、精准度、轨迹、反弹效果、投篮和运球等特征，这些描述与篮球或足球都相符，但更倾向于篮球。

3. 玩家3的描述与玩家1和玩家2相似，强调了手持装备、投掷和接住、特殊制作材料、结构设计、耐用性、手感、重量、大小、表面处理、材质、轨迹、方向控制、速度控制、耐用性、反弹效果、球员控制、材质性能等特征，这些描述与篮球相符。

4. 玩家4的描述与之前相似，提到了运动器材、脚踢、控球、气密性、材质、形状、弹力、旋转、曲线运动、趣味性、难度、稳定轨迹、传球、射门、材质和制作工艺、极端天气条件等特征，这些描述与足球相符。

基于这些描述，玩家1、玩家2和玩家3的描述都指向了篮球，而玩家4的描述指向了足球。由于之前认为玩家4可能是卧底，现在玩家4的描述仍然指向足球，这与其他玩家的描述存在差异。

因此，根据第三轮描述和之前的分析，玩家4可能是卧底。
2024-12-13 16:16:37,163 - 4 - INFO - **********JUDGER**********
你刚刚的分析是根据第三轮描述和之前的分析，我们可以逐一分析每位玩家的描述：

1. 玩家1的描述强调了球的弹性、重量、大小、表面处理、材质设计、标准尺寸和重量、轨迹、反弹效果、表面设计、球员控制、材质性能等特征，这些描述与篮球相符。

2. 玩家2的描述提到了球状物体、表面光滑、抓握感、控制力、平衡、手感、尺寸、重量、稳定性、可控性、飞行稳定性、精准度、轨迹、反弹效果、投篮和运球等特征，这些描述与篮球或足球都相符，但更倾向于篮球。

3. 玩家3的描述与玩家1和玩家2相似，强调了手持装备、投掷和接住、特殊制作材料、结构设计、耐用性、手感、重量、大小、表面处理、材质、轨迹、方向控制、速度控制、耐用性、反弹效果、球员控制、材质性能等特征，这些描述与篮球相符。

4. 玩家4的描述与之前相似，提到了运动器材、脚踢、控球、气密性、材质、形状、弹力、旋转、曲线运动、趣味性、难度、稳定轨迹、传球、射门、材质和制作工艺、极端天气条件等特征，这些描述与足球相符。

基于这些描述，玩家1、玩家2和玩家3的描述都指向了篮球，而玩家4的描述指向了足球。由于之前认为玩家4可能是卧底，现在玩家4的描述仍然指向足球，这与其他玩家的描述存在差异。

因此，根据第三轮描述和之前的分析，玩家4可能是卧底。|| `请根据上述分析，比较描述以找出不一致之处，注意，这局游戏的词语分类为<体育用品>，卧底词和平民词都属于该类。
2024-12-13 16:16:47,438 - 4 - INFO - **********PLAYER4**********
根据上述分析，不一致之处主要体现在以下方面：

1. 玩家1、玩家2和玩家3的描述都集中强调了球的重量、大小、表面处理、材质设计、轨迹、反弹效果、球员控制和耐用性等特征，这些描述与篮球这一体育用品的特性相符。

2. 玩家4的描述则提到了脚踢、控球、气密性、旋转、曲线运动、趣味性、难度、稳定轨迹、传球、射门、极端天气条件等特征，这些描述与足球这一体育用品的特性相符。

3. 玩家4的描述中提到了“旋转、曲线运动”和“传球、射门”，这些特征是足球特有的，而在玩家1、玩家2和玩家3的描述中没有提及。

4. 玩家4的描述中提到了“气密性”，这是足球为了保持形状和弹力所必需的，而在其他玩家的描述中没有提及这一点。

基于这些不一致之处，可以推断玩家4的描述与篮球描述的特征存在明显差异，因此玩家4可能是卧底。
2024-12-13 16:16:47,440 - 4 - INFO - **********JUDGER**********
你刚刚的分析是根据上述分析，不一致之处主要体现在以下方面：

1. 玩家1、玩家2和玩家3的描述都集中强调了球的重量、大小、表面处理、材质设计、轨迹、反弹效果、球员控制和耐用性等特征，这些描述与篮球这一体育用品的特性相符。

2. 玩家4的描述则提到了脚踢、控球、气密性、旋转、曲线运动、趣味性、难度、稳定轨迹、传球、射门、极端天气条件等特征，这些描述与足球这一体育用品的特性相符。

3. 玩家4的描述中提到了“旋转、曲线运动”和“传球、射门”，这些特征是足球特有的，而在玩家1、玩家2和玩家3的描述中没有提及。

4. 玩家4的描述中提到了“气密性”，这是足球为了保持形状和弹力所必需的，而在其他玩家的描述中没有提及这一点。

基于这些不一致之处，可以推断玩家4的描述与篮球描述的特征存在明显差异，因此玩家4可能是卧底。|| 请通过你分析的不一致之处，推断卧底身份，注意，这局游戏的词语分类为<体育用品>，卧底词和平民词都属于该类。
2024-12-13 16:16:49,650 - 4 - INFO - **********PLAYER4**********
4
2024-12-13 16:16:49,650 - 4 - INFO - **********JUDGER**********
你刚刚的推断是4|| 基于你刚刚的推断得出你的最终结论，请输出你认为的卧底，在这种情况下只需要输出编号，是1-4中的某个数字，不要输出其他信息。在这个过程不要进行任何推理，只对||以前的部分进行信息提取
2024-12-13 16:16:50,912 - 4 - INFO - **********PLAYER4**********
4
2024-12-13 16:16:50,913 - 4 - INFO - **********JUDGER**********
你认为卧底是你自己。你现在需要随便选一个人投票。请输出一个数字，是1-4中的某个数字，但这个数字不能是4，不要输出其他信息。
2024-12-13 16:16:52,772 - 4 - INFO - **********PLAYER4**********
1
