2024-12-13 16:16:53,253 - 1 - INFO - **********JUDGER**********
让我们来玩一个叫做<谁是卧底>的推理游戏。基本规则：<人数>：4人。<角色分配>：每位玩家随机抽取一个词语，3名玩家拿到的词语是相同的（平民词），1名玩家拿到与之相近但不同的词语（卧底词）。<游戏流程>：1、玩家轮流描述自己的词语，但<不能>直接说出词语本身。2、描述完毕后，投票选出最像卧底的玩家。3、每轮结束后，被投票选出的玩家出局，不能再进行描述或投票。4、每轮投票结束后，如果卧底被成功找出，平民方获胜；如果卧底未被找出且卧底人数等于或超过平民人数，则卧底方获胜。你将扮演一个<玩家>，请等待你被分配到的关键词。如果你听懂了，只回答，"好的，我准备好参加游戏了"，不要输出别的信息
2024-12-13 16:16:54,212 - 1 - INFO - **********PLAYER1**********
好的，我准备好参加游戏了
2024-12-13 16:16:58,315 - 1 - INFO - **********JUDGER**********
玩家1说：玩家2说：玩家3说：玩家4说：|| 你是第1号玩家，你的关键词是<熊>。你的回答中绝对不能包含你的关键词<熊>。这是第一轮描述，不需要分析||之前别的玩家的描述，请你描述关键词基本特征，注意，这局游戏的词语分类为<动物>，卧底词和平民词都属于该类，描述包括以下两点，1.他的基本特征是什么2.他在该类（动物）中最突出不同的特征是什么，尽量简短
2024-12-13 16:17:00,643 - 1 - INFO - **********PLAYER1**********
这种动物有着棕色的皮毛和圆圆的身材，它们通常在森林中生活。与同类相比，它可能更擅长爬树。
2024-12-13 16:17:07,066 - 1 - INFO - **********JUDGER**********
玩家1说：这种动物有着棕色的皮毛和圆圆的身材，它们通常在森林中生活。与同类相比，它可能更擅长爬树。玩家2说：这种动物有着厚实的身体和强大的爪子，它们通常在森林或山区生活。与同类相比，它可能更擅长在树上行走。玩家3说：这种动物有着柔软的皮毛和修长的身材，它们通常在草原或沙漠中生活。与同类相比，它可能更擅长在高速奔跑中捕捉猎物。玩家4说：||在这个游戏中，我们需要通过分析每位玩家的描述来找出卧底。通常，平民的描述会围绕相同的词语展开，而卧底的描述可能会因为词语的不同而显得不太一致。我们需要仔细比较每个描述之间的相似性和差异性，以找出可能的卧底，注意，卧底并不会隐藏自己，他会直接描述他的词语，现在，逐一分析每个玩家的描述，注意，这局游戏的词语分类为<动物>，卧底词和平民词都属于该类。这是第一轮描述。
2024-12-13 16:17:14,575 - 1 - INFO - **********PLAYER1**********
玩家1的描述符合熊的特征，提到了棕色的皮毛、圆圆的身材和森林生活，以及可能在树上爬行的能力。

玩家2的描述提到了厚实的身体、强大的爪子、森林或山区生活，以及可能在树上行走的特征，这与熊的特征也相符。

玩家3的描述提到了柔软的皮毛、修长的身材、草原或沙漠生活，以及可能在高速奔跑中捕捉猎物的能力，这与熊的特征不太相符，因为熊通常不会在草原或沙漠中生活，也不以高速奔跑捕捉猎物著称。

玩家4的描述虽然提到了分析描述和找出卧底的游戏规则，但并没有提供任何关于动物特征的描述，因此无法从描述中判断其是否为卧底。

根据以上分析，玩家3的描述与熊的特征不符，可能是卧底。而玩家4没有提供关于动物特征的描述，无法判断其身份。
2024-12-13 16:17:14,576 - 1 - INFO - **********JUDGER**********
你刚刚的分析是玩家1的描述符合熊的特征，提到了棕色的皮毛、圆圆的身材和森林生活，以及可能在树上爬行的能力。

玩家2的描述提到了厚实的身体、强大的爪子、森林或山区生活，以及可能在树上行走的特征，这与熊的特征也相符。

玩家3的描述提到了柔软的皮毛、修长的身材、草原或沙漠生活，以及可能在高速奔跑中捕捉猎物的能力，这与熊的特征不太相符，因为熊通常不会在草原或沙漠中生活，也不以高速奔跑捕捉猎物著称。

玩家4的描述虽然提到了分析描述和找出卧底的游戏规则，但并没有提供任何关于动物特征的描述，因此无法从描述中判断其是否为卧底。

根据以上分析，玩家3的描述与熊的特征不符，可能是卧底。而玩家4没有提供关于动物特征的描述，无法判断其身份。|| `请根据上述分析，比较描述以找出不一致之处，注意，这局游戏的词语分类为<动物>，卧底词和平民词都属于该类。
2024-12-13 16:17:30,281 - 1 - INFO - **********PLAYER1**********
根据上述分析，我们可以比较描述中的一致性和不一致性如下：

一致之处：
- 所有玩家的描述都提到了动物生活在特定的环境中，如森林、山区、草原或沙漠。
- 描述中都有动物的一些普遍特征，如熊的棕色皮毛、厚实的身体、强大的爪子，以及其他动物柔软的皮毛、修长的身材等。

不一致之处：
- 玩家3的描述提到了柔软的皮毛、修长的身材、草原或沙漠生活，以及可能在高速奔跑中捕捉猎物的能力，这些特征与熊不符，因为熊通常不会在草原或沙漠中生活，也不以高速奔跑捕捉猎物著称。
- 玩家4没有提供任何关于动物特征的描述，而是直接提到了游戏规则，这与其他玩家描述动物特征的行为不一致。

基于这些不一致之处，玩家3的描述可能是卧底，因为他描述的特征与熊不符。而玩家4的行为与描述动物特征的其他玩家不同，这也可能是卧底的表现。然而，没有更多的信息，我们无法确定玩家4是否为卧底。
2024-12-13 16:17:30,283 - 1 - INFO - **********JUDGER**********
你刚刚的分析是根据上述分析，我们可以比较描述中的一致性和不一致性如下：

一致之处：
- 所有玩家的描述都提到了动物生活在特定的环境中，如森林、山区、草原或沙漠。
- 描述中都有动物的一些普遍特征，如熊的棕色皮毛、厚实的身体、强大的爪子，以及其他动物柔软的皮毛、修长的身材等。

不一致之处：
- 玩家3的描述提到了柔软的皮毛、修长的身材、草原或沙漠生活，以及可能在高速奔跑中捕捉猎物的能力，这些特征与熊不符，因为熊通常不会在草原或沙漠中生活，也不以高速奔跑捕捉猎物著称。
- 玩家4没有提供任何关于动物特征的描述，而是直接提到了游戏规则，这与其他玩家描述动物特征的行为不一致。

基于这些不一致之处，玩家3的描述可能是卧底，因为他描述的特征与熊不符。而玩家4的行为与描述动物特征的其他玩家不同，这也可能是卧底的表现。然而，没有更多的信息，我们无法确定玩家4是否为卧底。|| 请通过你分析的不一致之处，推断卧底身份，注意，这局游戏的词语分类为<动物>，卧底词和平民词都属于该类。
2024-12-13 16:17:40,330 - 1 - INFO - **********PLAYER1**********
根据分析中提到的不一致之处，我们可以进行以下推断：

- 玩家3的描述中提到的特征（柔软的皮毛、修长的身材、草原或沙漠生活、高速奔跑捕捉猎物）与熊的特征明显不符。熊通常生活在森林或山区，而不是草原或沙漠，且不以高速奔跑捕捉猎物为特点。因此，玩家3的描述与熊这一动物类别的特征不一致，这强烈暗示玩家3可能是卧底。

- 玩家4的描述没有提供关于动物特征的任何信息，而是直接提到了游戏规则。虽然这与其他玩家描述动物特征的行为不一致，但它本身并不足以直接指向玩家4是卧底，因为卧底也可能选择不描述动物特征，而是通过其他方式引导玩家。

综合以上分析，玩家3的描述与熊的特征不一致，因此最有可能的卧底身份是玩家3。至于玩家4，由于没有提供动物特征描述，我们无法仅凭这一点确定其身份，需要更多的信息或后续的描述来进一步判断。
2024-12-13 16:17:40,331 - 1 - INFO - **********JUDGER**********
你刚刚的推断是根据分析中提到的不一致之处，我们可以进行以下推断：

- 玩家3的描述中提到的特征（柔软的皮毛、修长的身材、草原或沙漠生活、高速奔跑捕捉猎物）与熊的特征明显不符。熊通常生活在森林或山区，而不是草原或沙漠，且不以高速奔跑捕捉猎物为特点。因此，玩家3的描述与熊这一动物类别的特征不一致，这强烈暗示玩家3可能是卧底。

- 玩家4的描述没有提供关于动物特征的任何信息，而是直接提到了游戏规则。虽然这与其他玩家描述动物特征的行为不一致，但它本身并不足以直接指向玩家4是卧底，因为卧底也可能选择不描述动物特征，而是通过其他方式引导玩家。

综合以上分析，玩家3的描述与熊的特征不一致，因此最有可能的卧底身份是玩家3。至于玩家4，由于没有提供动物特征描述，我们无法仅凭这一点确定其身份，需要更多的信息或后续的描述来进一步判断。|| 基于你刚刚的推断得出你的最终结论，请输出你认为的卧底，在这种情况下只需要输出编号，是1-4中的某个数字，不要输出其他信息。在这个过程不要进行任何推理，只对||以前的部分进行信息提取
2024-12-13 16:17:41,085 - 1 - INFO - **********PLAYER1**********
3
2024-12-13 16:19:31,337 - 1 - INFO - **********JUDGER**********
玩家1说：这种动物有着棕色的皮毛和圆圆的身材，它们通常在森林中生活。与同类相比，它可能更擅长爬树。玩家2说：这种动物有着厚实的身体和强大的爪子，它们通常在森林或山区生活。与同类相比，它可能更擅长在树上行走。玩家3说：这种动物有着柔软的皮毛和修长的身材，它们通常在草原或沙漠中生活。与同类相比，它可能更擅长在高速奔跑中捕捉猎物。玩家4说：这种动物体型庞大，有着浓密的毛发，四肢粗壮。与同类相比，它可能在冬眠方面有独特的适应能力。你是第1号玩家，你的关键词是<熊>。你的回答中绝对不能包含你的关键词<熊>。这是第二轮描述，你之前的描述是这种动物有着棕色的皮毛和圆圆的身材，它们通常在森林中生活。与同类相比，它可能更擅长爬树。，注意，这局游戏的词语分类为<动物>，卧底词和平民词都属于该类，请你补充关于关键词的描述，注意，你的描述应该比起之前的描述更加贴近关键词，作为之前的补充
2024-12-13 16:19:33,979 - 1 - INFO - **********PLAYER1**********
这种动物体型健壮，善于在树木间穿梭，它们在冬眠时能储存大量的脂肪以度过漫长的冬季。
2024-12-13 16:19:42,914 - 1 - INFO - **********JUDGER**********
玩家1说：这种动物有着棕色的皮毛和圆圆的身材，它们通常在森林中生活。与同类相比，它可能更擅长爬树。这种动物体型健壮，善于在树木间穿梭，它们在冬眠时能储存大量的脂肪以度过漫长的冬季。玩家2说：这种动物有着厚实的身体和强大的爪子，它们通常在森林或山区生活。与同类相比，它可能更擅长在树上行走。这种动物体型较大，有着厚实的身体和强壮的四肢，它们在森林或山区中生活。与同类相比，它可能在攀爬和游泳方面表现出色。玩家3说：这种动物有着柔软的皮毛和修长的身材，它们通常在草原或沙漠中生活。与同类相比，它可能更擅长在高速奔跑中捕捉猎物。这种动物体型健壮，四肢发达，适合长距离奔跑。它们在草原或沙漠中生活，拥有强大的捕猎本能，能够迅速捕捉到猎物。与同类相比，它们可能在耐力和速度上更为出色。玩家4说：这种动物体型庞大，有着浓密的毛发，四肢粗壮。与同类相比，它可能在冬眠方面有独特的适应能力。||在这个游戏中，我们需要通过分析每位玩家的描述来找出卧底。通常，平民的描述会围绕相同的词语展开，而卧底的描述可能会因为词语的不同而显得不太一致。我们需要仔细比较每个描述之间的相似性和差异性，以找出可能的卧底，注意，卧底并不会隐藏自己，他会直接描述他的词语，现在，逐一分析每个玩家的描述，注意，这局游戏的词语分类为<动物>，卧底词和平民词都属于该类。||之前是第2轮描述和之前轮数描述的合集。你之前认为的卧底是玩家3。
2024-12-13 16:19:54,534 - 1 - INFO - **********PLAYER1**********
根据第二轮描述和之前的描述，我的初步分析如下：

玩家1的描述与熊的特征非常吻合，提到了棕色的皮毛、圆圆的身材、森林生活、擅长爬树、体型健壮、善于树木间穿梭、冬眠储存脂肪等。

玩家2的描述同样与熊的特征相符，提到了厚实的身体、强大的爪子、森林或山区生活、擅长在树上行走、体型较大、强壮的四肢、攀爬和游泳能力、冬眠方面的适应能力等。

玩家3的描述虽然也提到了体型健壮、四肢发达、草原或沙漠生活、高速奔跑、捕猎本能、耐力和速度等特征，但这些特征与熊的生活环境和习性不太相符，熊通常生活在森林或山区，而不是草原或沙漠。

玩家4的描述提到了体型庞大、浓密毛发、四肢粗壮、冬眠方面的独特适应能力，这些特征也与熊相符。

综合第二轮描述和之前的描述，玩家3的描述中提到的草原或沙漠生活与熊的实际生活环境不符，这与其他玩家围绕相同词语（熊）的描述形成了差异。因此，根据这些信息，我仍然认为玩家3可能是卧底。
2024-12-13 16:19:54,536 - 1 - INFO - **********JUDGER**********
你刚刚的分析是根据第二轮描述和之前的描述，我的初步分析如下：

玩家1的描述与熊的特征非常吻合，提到了棕色的皮毛、圆圆的身材、森林生活、擅长爬树、体型健壮、善于树木间穿梭、冬眠储存脂肪等。

玩家2的描述同样与熊的特征相符，提到了厚实的身体、强大的爪子、森林或山区生活、擅长在树上行走、体型较大、强壮的四肢、攀爬和游泳能力、冬眠方面的适应能力等。

玩家3的描述虽然也提到了体型健壮、四肢发达、草原或沙漠生活、高速奔跑、捕猎本能、耐力和速度等特征，但这些特征与熊的生活环境和习性不太相符，熊通常生活在森林或山区，而不是草原或沙漠。

玩家4的描述提到了体型庞大、浓密毛发、四肢粗壮、冬眠方面的独特适应能力，这些特征也与熊相符。

综合第二轮描述和之前的描述，玩家3的描述中提到的草原或沙漠生活与熊的实际生活环境不符，这与其他玩家围绕相同词语（熊）的描述形成了差异。因此，根据这些信息，我仍然认为玩家3可能是卧底。|| `请根据上述分析，比较描述以找出不一致之处，注意，这局游戏的词语分类为<动物>，卧底词和平民词都属于该类。
2024-12-13 16:20:03,003 - 1 - INFO - **********PLAYER1**********
根据上述分析，不一致之处主要体现在以下两点：

1. 玩家3的描述中提到了草原或沙漠生活，这与熊通常生活在森林或山区的习性不符。熊不是草原或沙漠的常见动物，因此这一描述与其他玩家围绕熊这一动物特征的描述不一致。

2. 玩家3的描述中提到了高速奔跑和捕猎本能，以及耐力和速度上的优势，这些特征更符合草原或沙漠中的动物，如猎豹或瞪羚，而不是熊。熊通常以慢速行走和爬行为主，而不是高速奔跑。

这些不一致之处表明玩家3的描述与熊的特征有显著差异，因此可能是卧底。其他玩家的描述则更加贴近熊这一动物的特征。
2024-12-13 16:20:03,010 - 1 - INFO - **********JUDGER**********
你刚刚的分析是根据上述分析，不一致之处主要体现在以下两点：

1. 玩家3的描述中提到了草原或沙漠生活，这与熊通常生活在森林或山区的习性不符。熊不是草原或沙漠的常见动物，因此这一描述与其他玩家围绕熊这一动物特征的描述不一致。

2. 玩家3的描述中提到了高速奔跑和捕猎本能，以及耐力和速度上的优势，这些特征更符合草原或沙漠中的动物，如猎豹或瞪羚，而不是熊。熊通常以慢速行走和爬行为主，而不是高速奔跑。

这些不一致之处表明玩家3的描述与熊的特征有显著差异，因此可能是卧底。其他玩家的描述则更加贴近熊这一动物的特征。|| 请通过你分析的不一致之处，推断卧底身份，注意，这局游戏的词语分类为<动物>，卧底词和平民词都属于该类。
2024-12-13 16:20:03,938 - 1 - INFO - **********PLAYER1**********
3
2024-12-13 16:20:03,938 - 1 - INFO - **********JUDGER**********
你刚刚的推断是3|| 基于你刚刚的推断得出你的最终结论，请输出你认为的卧底，在这种情况下只需要输出编号，是1-4中的某个数字，不要输出其他信息。在这个过程不要进行任何推理，只对||以前的部分进行信息提取
2024-12-13 16:20:05,001 - 1 - INFO - **********PLAYER1**********
3
2024-12-13 16:21:52,088 - 1 - INFO - **********JUDGER**********
玩家1说：这种动物有着棕色的皮毛和圆圆的身材，它们通常在森林中生活。与同类相比，它可能更擅长爬树。这种动物体型健壮，善于在树木间穿梭，它们在冬眠时能储存大量的脂肪以度过漫长的冬季。玩家2说：这种动物有着厚实的身体和强大的爪子，它们通常在森林或山区生活。与同类相比，它可能更擅长在树上行走。这种动物体型较大，有着厚实的身体和强壮的四肢，它们在森林或山区中生活。与同类相比，它可能在攀爬和游泳方面表现出色。玩家3说：这种动物有着柔软的皮毛和修长的身材，它们通常在草原或沙漠中生活。与同类相比，它可能更擅长在高速奔跑中捕捉猎物。这种动物体型健壮，四肢发达，适合长距离奔跑。它们在草原或沙漠中生活，拥有强大的捕猎本能，能够迅速捕捉到猎物。与同类相比，它们可能在耐力和速度上更为出色。玩家4说：这种动物体型庞大，有着浓密的毛发，四肢粗壮。与同类相比，它可能在冬眠方面有独特的适应能力。这种动物是森林中的王者，以其强大的力量和耐力著称。与同类相比，它在冬眠期间能够储存更多的脂肪，以应对寒冷的冬季和长时间的休眠。你是第1号玩家，你的关键词是<熊>。你的回答中绝对不能包含你的关键词<熊>。这是第三轮描述，你之前的描述是这种动物有着棕色的皮毛和圆圆的身材，它们通常在森林中生活。与同类相比，它可能更擅长爬树。和这种动物体型健壮，善于在树木间穿梭，它们在冬眠时能储存大量的脂肪以度过漫长的冬季。，注意，这局游戏的词语分类为<动物>，卧底词和平民词都属于该类，请你补充关于关键词的描述，注意，你的描述应该比起之前的描述更加贴近关键词，作为之前的补充
2024-12-13 16:21:54,569 - 1 - INFO - **********PLAYER1**********
这种动物有着厚实的身体和强大的爪子，它们在森林或山区中生活，能够轻易攀爬和游泳，以其力量和耐力在同类中著称。
2024-12-13 16:22:07,290 - 1 - INFO - **********JUDGER**********
玩家1说：这种动物有着棕色的皮毛和圆圆的身材，它们通常在森林中生活。与同类相比，它可能更擅长爬树。这种动物体型健壮，善于在树木间穿梭，它们在冬眠时能储存大量的脂肪以度过漫长的冬季。这种动物有着厚实的身体和强大的爪子，它们在森林或山区中生活，能够轻易攀爬和游泳，以其力量和耐力在同类中著称。玩家2说：这种动物有着厚实的身体和强大的爪子，它们通常在森林或山区生活。与同类相比，它可能更擅长在树上行走。这种动物体型较大，有着厚实的身体和强壮的四肢，它们在森林或山区中生活。与同类相比，它可能在攀爬和游泳方面表现出色。这种动物体型魁梧，有着厚实的身体和强壮的四肢，它们在森林或山区中生活。与同类相比，它可能在寒冷的冬季中通过冬眠来度过，储存大量的脂肪以维持体能。玩家3说：这种动物有着柔软的皮毛和修长的身材，它们通常在草原或沙漠中生活。与同类相比，它可能更擅长在高速奔跑中捕捉猎物。这种动物体型健壮，四肢发达，适合长距离奔跑。它们在草原或沙漠中生活，拥有强大的捕猎本能，能够迅速捕捉到猎物。与同类相比，它们可能在耐力和速度上更为出色。这种动物有着流线型的身体和发达的肌肉，它们通常在开阔地带生活。与同类相比，它可能更擅长在复杂的地形中快速穿梭，捕捉猎物。这种动物具有敏锐的感官和强大的狩猎本能，能够悄无声息地接近猎物。玩家4说：这种动物体型庞大，有着浓密的毛发，四肢粗壮。与同类相比，它可能在冬眠方面有独特的适应能力。这种动物是森林中的王者，以其强大的力量和耐力著称。与同类相比，它在冬眠期间能够储存更多的脂肪，以应对寒冷的冬季和长时间的休眠。这种动物在冬季来临之前会进入深度休眠，通过减少身体活动来节省能量，同时依靠体内储存的脂肪来维持生命活动。它的冬眠状态可以持续数月之久。||在这个游戏中，我们需要通过分析每位玩家的描述来找出卧底。通常，平民的描述会围绕相同的词语展开，而卧底的描述可能会因为词语的不同而显得不太一致。我们需要仔细比较每个描述之间的相似性和差异性，以找出可能的卧底，注意，卧底并不会隐藏自己，他会直接描述他的词语，现在，逐一分析每个玩家的描述，注意，这局游戏的词语分类为<动物>，卧底词和平民词都属于该类。||之前是第3轮描述和之前轮数描述的合集。你之前认为的卧底是玩家3。
2024-12-13 16:22:16,308 - 1 - INFO - **********PLAYER1**********
玩家1的描述与熊的特征非常吻合，提到了棕色的皮毛、圆圆的身材、森林生活、擅长爬树、体型健壮、善于树木间穿梭、冬眠储存脂肪等。

玩家2的描述同样与熊的特征相符，提到了厚实的身体、强大的爪子、森林或山区生活、擅长在树上行走、体型较大、强壮的四肢、攀爬和游泳能力、冬眠方面的适应能力等。

玩家3的描述提到了柔软的皮毛、修长的身材、草原或沙漠生活、高速奔跑、捕猎本能、耐力和速度等特征，这些特征与熊不符，熊通常生活在森林或山区，而不是草原或沙漠。

玩家4的描述与熊的特征相符，提到了体型庞大、浓密毛发、四肢粗壮、冬眠方面的独特适应能力、森林中的王者、强大的力量和耐力、冬眠期间储存更多脂肪等。

综合第三轮描述和之前的描述，玩家3的描述中提到的草原或沙漠生活、高速奔跑和捕猎本能等特征与熊不符，因此玩家3的描述与其他玩家围绕熊这一动物特征的描述不一致，这表明玩家3可能是卧底。
2024-12-13 16:22:16,310 - 1 - INFO - **********JUDGER**********
你刚刚的分析是玩家1的描述与熊的特征非常吻合，提到了棕色的皮毛、圆圆的身材、森林生活、擅长爬树、体型健壮、善于树木间穿梭、冬眠储存脂肪等。

玩家2的描述同样与熊的特征相符，提到了厚实的身体、强大的爪子、森林或山区生活、擅长在树上行走、体型较大、强壮的四肢、攀爬和游泳能力、冬眠方面的适应能力等。

玩家3的描述提到了柔软的皮毛、修长的身材、草原或沙漠生活、高速奔跑、捕猎本能、耐力和速度等特征，这些特征与熊不符，熊通常生活在森林或山区，而不是草原或沙漠。

玩家4的描述与熊的特征相符，提到了体型庞大、浓密毛发、四肢粗壮、冬眠方面的独特适应能力、森林中的王者、强大的力量和耐力、冬眠期间储存更多脂肪等。

综合第三轮描述和之前的描述，玩家3的描述中提到的草原或沙漠生活、高速奔跑和捕猎本能等特征与熊不符，因此玩家3的描述与其他玩家围绕熊这一动物特征的描述不一致，这表明玩家3可能是卧底。|| `请根据上述分析，比较描述以找出不一致之处，注意，这局游戏的词语分类为<动物>，卧底词和平民词都属于该类。
2024-12-13 16:22:24,612 - 1 - INFO - **********PLAYER1**********
不一致之处主要体现在以下两点：

1. 玩家3的描述中提到的动物生活在草原或沙漠中，这与熊的实际生活环境不符，因为熊通常生活在森林或山区。

2. 玩家3的描述中提到了动物擅长高速奔跑和捕捉猎物，以及具有强大的捕猎本能和出色的耐力与速度，这些特征更符合草原或沙漠中的猎食者，如猎豹或瞪羚，而不是熊，熊通常以慢速行走和爬行为主，不是高速奔跑的动物。
2024-12-13 16:22:24,612 - 1 - INFO - **********JUDGER**********
你刚刚的分析是不一致之处主要体现在以下两点：

1. 玩家3的描述中提到的动物生活在草原或沙漠中，这与熊的实际生活环境不符，因为熊通常生活在森林或山区。

2. 玩家3的描述中提到了动物擅长高速奔跑和捕捉猎物，以及具有强大的捕猎本能和出色的耐力与速度，这些特征更符合草原或沙漠中的猎食者，如猎豹或瞪羚，而不是熊，熊通常以慢速行走和爬行为主，不是高速奔跑的动物。|| 请通过你分析的不一致之处，推断卧底身份，注意，这局游戏的词语分类为<动物>，卧底词和平民词都属于该类。
2024-12-13 16:22:25,623 - 1 - INFO - **********PLAYER1**********
3
2024-12-13 16:22:25,624 - 1 - INFO - **********JUDGER**********
你刚刚的推断是3|| 基于你刚刚的推断得出你的最终结论，请输出你认为的卧底，在这种情况下只需要输出编号，是1-4中的某个数字，不要输出其他信息。在这个过程不要进行任何推理，只对||以前的部分进行信息提取
2024-12-13 16:22:26,517 - 1 - INFO - **********PLAYER1**********
3
