2024-12-13 16:16:55,797 - 3 - INFO - **********JUDGER**********
让我们来玩一个叫做<谁是卧底>的推理游戏。基本规则：<人数>：4人。<角色分配>：每位玩家随机抽取一个词语，3名玩家拿到的词语是相同的（平民词），1名玩家拿到与之相近但不同的词语（卧底词）。<游戏流程>：1、玩家轮流描述自己的词语，但<不能>直接说出词语本身。2、描述完毕后，投票选出最像卧底的玩家。3、每轮结束后，被投票选出的玩家出局，不能再进行描述或投票。4、每轮投票结束后，如果卧底被成功找出，平民方获胜；如果卧底未被找出且卧底人数等于或超过平民人数，则卧底方获胜。你将扮演一个<玩家>，请等待你被分配到的关键词。如果你听懂了，只回答，"好的，我准备好参加游戏了"，不要输出别的信息
2024-12-13 16:16:56,294 - 3 - INFO - **********PLAYER3**********
好的，我准备好参加游戏了
2024-12-13 16:17:02,712 - 3 - INFO - **********JUDGER**********
玩家1说：这种动物有着棕色的皮毛和圆圆的身材，它们通常在森林中生活。与同类相比，它可能更擅长爬树。玩家2说：这种动物有着厚实的身体和强大的爪子，它们通常在森林或山区生活。与同类相比，它可能更擅长在树上行走。玩家3说：玩家4说：|| 你是第3号玩家，你的关键词是<豹子>。你的回答中绝对不能包含你的关键词<豹子>。这是第一轮描述，不需要分析||之前别的玩家的描述，请你描述关键词基本特征，注意，这局游戏的词语分类为<动物>，卧底词和平民词都属于该类，描述包括以下两点，1.他的基本特征是什么2.他在该类（动物）中最突出不同的特征是什么，尽量简短
2024-12-13 16:17:05,274 - 3 - INFO - **********PLAYER3**********
这种动物有着柔软的皮毛和修长的身材，它们通常在草原或沙漠中生活。与同类相比，它可能更擅长在高速奔跑中捕捉猎物。
2024-12-13 16:18:05,708 - 3 - INFO - **********JUDGER**********
玩家1说：这种动物有着棕色的皮毛和圆圆的身材，它们通常在森林中生活。与同类相比，它可能更擅长爬树。玩家2说：这种动物有着厚实的身体和强大的爪子，它们通常在森林或山区生活。与同类相比，它可能更擅长在树上行走。玩家3说：这种动物有着柔软的皮毛和修长的身材，它们通常在草原或沙漠中生活。与同类相比，它可能更擅长在高速奔跑中捕捉猎物。玩家4说：||在这个游戏中，我们需要通过分析每位玩家的描述来找出卧底。通常，平民的描述会围绕相同的词语展开，而卧底的描述可能会因为词语的不同而显得不太一致。我们需要仔细比较每个描述之间的相似性和差异性，以找出可能的卧底，注意，卧底并不会隐藏自己，他会直接描述他的词语，现在，逐一分析每个玩家的描述，注意，这局游戏的词语分类为<动物>，卧底词和平民词都属于该类。这是第一轮描述。
2024-12-13 16:18:19,516 - 3 - INFO - **********PLAYER3**********
好的，根据玩家们的描述，我们可以进行以下分析：

玩家1描述的是一种在森林中生活的动物，具有棕色皮毛和圆圆身材，可能擅长爬树。这听起来像是熊或者浣熊。

玩家2描述的是一种在森林或山区生活的动物，具有厚实身体和强大爪子，可能擅长在树上行走。这可能是熊或者黑熊。

玩家3的描述与玩家1相似，提到柔软的皮毛和修长的身材，生活在草原或沙漠中，擅长高速奔跑。这听起来像是猎豹。

玩家4的描述提到了动物的基本特征，但没有提供足够的信息来直接确定是哪种动物。他提到了柔软的皮毛和修长的身材，但没有提到具体的生存环境或特殊能力。

从描述中，玩家1和玩家2的描述较为相似，都与熊类动物相关。玩家3的描述则与猎豹的特征相符，这可能与他的词语不同有关。玩家4的描述缺乏具体信息，难以判断。

根据这些信息，玩家3的描述可能是卧底，因为他的描述与玩家1和玩家2的描述有明显的不同，而且他的描述与猎豹的特征相符，而其他玩家描述的更像是熊类动物。然而，没有足够的信息来完全确定，需要进一步的分析和投票。
2024-12-13 16:18:19,519 - 3 - INFO - **********JUDGER**********
你刚刚的分析是好的，根据玩家们的描述，我们可以进行以下分析：

玩家1描述的是一种在森林中生活的动物，具有棕色皮毛和圆圆身材，可能擅长爬树。这听起来像是熊或者浣熊。

玩家2描述的是一种在森林或山区生活的动物，具有厚实身体和强大爪子，可能擅长在树上行走。这可能是熊或者黑熊。

玩家3的描述与玩家1相似，提到柔软的皮毛和修长的身材，生活在草原或沙漠中，擅长高速奔跑。这听起来像是猎豹。

玩家4的描述提到了动物的基本特征，但没有提供足够的信息来直接确定是哪种动物。他提到了柔软的皮毛和修长的身材，但没有提到具体的生存环境或特殊能力。

从描述中，玩家1和玩家2的描述较为相似，都与熊类动物相关。玩家3的描述则与猎豹的特征相符，这可能与他的词语不同有关。玩家4的描述缺乏具体信息，难以判断。

根据这些信息，玩家3的描述可能是卧底，因为他的描述与玩家1和玩家2的描述有明显的不同，而且他的描述与猎豹的特征相符，而其他玩家描述的更像是熊类动物。然而，没有足够的信息来完全确定，需要进一步的分析和投票。|| `请根据上述分析，比较描述以找出不一致之处，注意，这局游戏的词语分类为<动物>，卧底词和平民词都属于该类。
2024-12-13 16:18:33,178 - 3 - INFO - **********PLAYER3**********
根据上述分析，我们可以比较描述以找出不一致之处：

1. 玩家1和玩家2的描述都提到了森林或山区作为生存环境，且都描述了熊类动物的特征。玩家1提到了棕色皮毛和圆圆身材，而玩家2提到了厚实身体和强大爪子。这两个描述都指向熊类动物，尤其是熊或黑熊。

2. 玩家3的描述提到了草原或沙漠作为生存环境，这与玩家1和玩家2的描述不同。玩家3描述的动物有柔软的皮毛和修长的身材，擅长高速奔跑，这些特征与猎豹相符。

3. 玩家4的描述与玩家1和玩家3的描述相似，提到了柔软的皮毛和修长的身材，但没有提到具体的生存环境或特殊能力。这种描述的模糊性使得玩家4的词语难以确定。

不一致之处在于：
- 玩家1和玩家2的描述与玩家3的描述在生存环境和动物特征上有显著差异。
- 玩家4的描述虽然与玩家1和玩家3有相似之处，但缺乏具体的信息，无法确定其是否与卧底词语相符。

基于这些不一致之处，玩家3的描述与猎豹的特征最为相符，而猎豹不是熊类动物，这表明玩家3的词语可能与玩家1和玩家2的词语不同，因此玩家3可能是卧底。然而，没有确凿的证据，最终需要通过投票来确定。
2024-12-13 16:18:33,181 - 3 - INFO - **********JUDGER**********
你刚刚的分析是根据上述分析，我们可以比较描述以找出不一致之处：

1. 玩家1和玩家2的描述都提到了森林或山区作为生存环境，且都描述了熊类动物的特征。玩家1提到了棕色皮毛和圆圆身材，而玩家2提到了厚实身体和强大爪子。这两个描述都指向熊类动物，尤其是熊或黑熊。

2. 玩家3的描述提到了草原或沙漠作为生存环境，这与玩家1和玩家2的描述不同。玩家3描述的动物有柔软的皮毛和修长的身材，擅长高速奔跑，这些特征与猎豹相符。

3. 玩家4的描述与玩家1和玩家3的描述相似，提到了柔软的皮毛和修长的身材，但没有提到具体的生存环境或特殊能力。这种描述的模糊性使得玩家4的词语难以确定。

不一致之处在于：
- 玩家1和玩家2的描述与玩家3的描述在生存环境和动物特征上有显著差异。
- 玩家4的描述虽然与玩家1和玩家3有相似之处，但缺乏具体的信息，无法确定其是否与卧底词语相符。

基于这些不一致之处，玩家3的描述与猎豹的特征最为相符，而猎豹不是熊类动物，这表明玩家3的词语可能与玩家1和玩家2的词语不同，因此玩家3可能是卧底。然而，没有确凿的证据，最终需要通过投票来确定。|| 请通过你分析的不一致之处，推断卧底身份，注意，这局游戏的词语分类为<动物>，卧底词和平民词都属于该类。
2024-12-13 16:18:47,733 - 3 - INFO - **********PLAYER3**********
根据分析中提到的不一致之处，我们可以进行以下推断：

1. 玩家1和玩家2的描述都指向熊类动物，而玩家3的描述指向的是猎豹，这与熊类动物的特征不符。猎豹是一种生活在草原或沙漠中的猫科动物，以其高速奔跑著称。

2. 玩家4的描述与玩家1和玩家3都有相似之处，即柔软的皮毛和修长的身材，但没有提供具体的生存环境或特殊能力。这种模糊性使得玩家4的词语难以确定，但考虑到猎豹与熊类动物在生存环境和特征上的明显差异，玩家4的描述可能也与猎豹相符。

基于以上分析，我们可以推断：

- 玩家3的描述与猎豹的特征最为吻合，且与玩家1和玩家2的描述在生存环境和动物特征上有显著差异，因此玩家3很可能是卧底。
- 玩家4的描述虽然模糊，但如果没有其他更明显的线索指向其他动物，那么玩家4也可能是卧底，尤其是如果其他玩家的描述确实指向熊类动物时。

因此，根据描述的不一致之处，玩家3可能是卧底，而玩家4也可能是卧底。最终的身份需要通过投票来确认。
2024-12-13 16:18:47,736 - 3 - INFO - **********JUDGER**********
你刚刚的推断是根据分析中提到的不一致之处，我们可以进行以下推断：

1. 玩家1和玩家2的描述都指向熊类动物，而玩家3的描述指向的是猎豹，这与熊类动物的特征不符。猎豹是一种生活在草原或沙漠中的猫科动物，以其高速奔跑著称。

2. 玩家4的描述与玩家1和玩家3都有相似之处，即柔软的皮毛和修长的身材，但没有提供具体的生存环境或特殊能力。这种模糊性使得玩家4的词语难以确定，但考虑到猎豹与熊类动物在生存环境和特征上的明显差异，玩家4的描述可能也与猎豹相符。

基于以上分析，我们可以推断：

- 玩家3的描述与猎豹的特征最为吻合，且与玩家1和玩家2的描述在生存环境和动物特征上有显著差异，因此玩家3很可能是卧底。
- 玩家4的描述虽然模糊，但如果没有其他更明显的线索指向其他动物，那么玩家4也可能是卧底，尤其是如果其他玩家的描述确实指向熊类动物时。

因此，根据描述的不一致之处，玩家3可能是卧底，而玩家4也可能是卧底。最终的身份需要通过投票来确认。|| 基于你刚刚的推断得出你的最终结论，请输出你认为的卧底，在这种情况下只需要输出编号，是1-4中的某个数字，不要输出其他信息。在这个过程不要进行任何推理，只对||以前的部分进行信息提取
2024-12-13 16:18:48,621 - 3 - INFO - **********PLAYER3**********
3
2024-12-13 16:19:35,634 - 3 - INFO - **********JUDGER**********
玩家1说：这种动物有着棕色的皮毛和圆圆的身材，它们通常在森林中生活。与同类相比，它可能更擅长爬树。这种动物体型健壮，善于在树木间穿梭，它们在冬眠时能储存大量的脂肪以度过漫长的冬季。玩家2说：这种动物有着厚实的身体和强大的爪子，它们通常在森林或山区生活。与同类相比，它可能更擅长在树上行走。这种动物体型较大，有着厚实的身体和强壮的四肢，它们在森林或山区中生活。与同类相比，它可能在攀爬和游泳方面表现出色。玩家3说：这种动物有着柔软的皮毛和修长的身材，它们通常在草原或沙漠中生活。与同类相比，它可能更擅长在高速奔跑中捕捉猎物。玩家4说：这种动物体型庞大，有着浓密的毛发，四肢粗壮。与同类相比，它可能在冬眠方面有独特的适应能力。你是第3号玩家，你的关键词是<豹子>。你的回答中绝对不能包含你的关键词<豹子>。这是第二轮描述，你之前的描述是这种动物有着柔软的皮毛和修长的身材，它们通常在草原或沙漠中生活。与同类相比，它可能更擅长在高速奔跑中捕捉猎物。，注意，这局游戏的词语分类为<动物>，卧底词和平民词都属于该类，请你补充关于关键词的描述，注意，你的描述应该比起之前的描述更加贴近关键词，作为之前的补充
2024-12-13 16:19:39,296 - 3 - INFO - **********PLAYER3**********
这种动物体型健壮，四肢发达，适合长距离奔跑。它们在草原或沙漠中生活，拥有强大的捕猎本能，能够迅速捕捉到猎物。与同类相比，它们可能在耐力和速度上更为出色。
2024-12-13 16:20:22,431 - 3 - INFO - **********JUDGER**********
玩家1说：这种动物有着棕色的皮毛和圆圆的身材，它们通常在森林中生活。与同类相比，它可能更擅长爬树。这种动物体型健壮，善于在树木间穿梭，它们在冬眠时能储存大量的脂肪以度过漫长的冬季。玩家2说：这种动物有着厚实的身体和强大的爪子，它们通常在森林或山区生活。与同类相比，它可能更擅长在树上行走。这种动物体型较大，有着厚实的身体和强壮的四肢，它们在森林或山区中生活。与同类相比，它可能在攀爬和游泳方面表现出色。玩家3说：这种动物有着柔软的皮毛和修长的身材，它们通常在草原或沙漠中生活。与同类相比，它可能更擅长在高速奔跑中捕捉猎物。这种动物体型健壮，四肢发达，适合长距离奔跑。它们在草原或沙漠中生活，拥有强大的捕猎本能，能够迅速捕捉到猎物。与同类相比，它们可能在耐力和速度上更为出色。玩家4说：这种动物体型庞大，有着浓密的毛发，四肢粗壮。与同类相比，它可能在冬眠方面有独特的适应能力。||在这个游戏中，我们需要通过分析每位玩家的描述来找出卧底。通常，平民的描述会围绕相同的词语展开，而卧底的描述可能会因为词语的不同而显得不太一致。我们需要仔细比较每个描述之间的相似性和差异性，以找出可能的卧底，注意，卧底并不会隐藏自己，他会直接描述他的词语，现在，逐一分析每个玩家的描述，注意，这局游戏的词语分类为<动物>，卧底词和平民词都属于该类。||之前是第2轮描述和之前轮数描述的合集。你之前认为的卧底是玩家3。
2024-12-13 16:20:42,757 - 3 - INFO - **********PLAYER3**********
根据第二轮描述和之前的描述，我们可以进行以下分析：

玩家1的描述提到了棕色皮毛、圆圆身材、森林生活、擅长爬树、体型健壮、善于在树木间穿梭、冬眠时能储存大量脂肪。这些特征与熊类动物（如棕熊）相符。

玩家2的描述提到了厚实身体、强大爪子、森林或山区生活、擅长在树上行走、体型较大、厚实身体、强壮四肢、攀爬和游泳方面表现出色。这些特征也与熊类动物（如黑熊）相符。

玩家3的描述在第一轮提到了柔软皮毛、修长身材、草原或沙漠生活、擅长高速奔跑捕捉猎物，第二轮描述中强调了体型健壮、四肢发达、适合长距离奔跑、拥有强大的捕猎本能、耐力和速度上更为出色。这些特征与猎豹相符。

玩家4的描述提到了体型庞大、浓密毛发、四肢粗壮、冬眠方面有独特的适应能力。这些特征与熊类动物（如棕熊）也相符，尤其是提到了冬眠方面的适应能力。

根据之前的分析，玩家3的描述与猎豹的特征最为吻合，而猎豹不是熊类动物，这与玩家1和玩家2的描述有显著差异。因此，如果玩家3的描述确实是基于猎豹，那么他可能是卧底。

在第二轮描述中，玩家1和玩家2的描述仍然围绕熊类动物的特征展开，而玩家4的描述虽然提到了冬眠，但没有提到与玩家1和玩家2描述中的其他特征相符的内容。因此，玩家4的描述与玩家1和玩家2的描述相比，显得有些不一致。

综合分析，如果之前的推断是正确的，那么玩家3仍然是可能的卧底，而玩家4的描述与玩家1和玩家2的描述相比，可能也显得不太一致，因此玩家4也可能是卧底。但是，由于玩家3在第一轮描述中已经显示出与猎豹相关的特征，如果他的描述在第二轮中进一步强化了这一点，那么玩家3仍然是更可能的卧底。
2024-12-13 16:20:42,758 - 3 - INFO - **********JUDGER**********
你刚刚的分析是根据第二轮描述和之前的描述，我们可以进行以下分析：

玩家1的描述提到了棕色皮毛、圆圆身材、森林生活、擅长爬树、体型健壮、善于在树木间穿梭、冬眠时能储存大量脂肪。这些特征与熊类动物（如棕熊）相符。

玩家2的描述提到了厚实身体、强大爪子、森林或山区生活、擅长在树上行走、体型较大、厚实身体、强壮四肢、攀爬和游泳方面表现出色。这些特征也与熊类动物（如黑熊）相符。

玩家3的描述在第一轮提到了柔软皮毛、修长身材、草原或沙漠生活、擅长高速奔跑捕捉猎物，第二轮描述中强调了体型健壮、四肢发达、适合长距离奔跑、拥有强大的捕猎本能、耐力和速度上更为出色。这些特征与猎豹相符。

玩家4的描述提到了体型庞大、浓密毛发、四肢粗壮、冬眠方面有独特的适应能力。这些特征与熊类动物（如棕熊）也相符，尤其是提到了冬眠方面的适应能力。

根据之前的分析，玩家3的描述与猎豹的特征最为吻合，而猎豹不是熊类动物，这与玩家1和玩家2的描述有显著差异。因此，如果玩家3的描述确实是基于猎豹，那么他可能是卧底。

在第二轮描述中，玩家1和玩家2的描述仍然围绕熊类动物的特征展开，而玩家4的描述虽然提到了冬眠，但没有提到与玩家1和玩家2描述中的其他特征相符的内容。因此，玩家4的描述与玩家1和玩家2的描述相比，显得有些不一致。

综合分析，如果之前的推断是正确的，那么玩家3仍然是可能的卧底，而玩家4的描述与玩家1和玩家2的描述相比，可能也显得不太一致，因此玩家4也可能是卧底。但是，由于玩家3在第一轮描述中已经显示出与猎豹相关的特征，如果他的描述在第二轮中进一步强化了这一点，那么玩家3仍然是更可能的卧底。|| `请根据上述分析，比较描述以找出不一致之处，注意，这局游戏的词语分类为<动物>，卧底词和平民词都属于该类。
2024-12-13 16:20:53,956 - 3 - INFO - **********PLAYER3**********
根据上述分析，不一致之处主要体现在以下几个方面：

1. 玩家1和玩家2的描述都集中在熊类动物的特征上，特别是熊的体型、皮毛、生活环境和攀爬能力。玩家1提到了熊的圆圆身材、擅长爬树、冬眠时储存脂肪，而玩家2提到了熊的厚实身体、强大爪子、擅长在树上行走、攀爬和游泳能力。

2. 玩家3的描述则与熊类动物的特征不同，他描述的是一种体型健壮、四肢发达、适合长距离奔跑、拥有强大捕猎本能、耐力和速度出色的动物，这些特征与猎豹相符。

3. 玩家4的描述提到了体型庞大、浓密毛发、四肢粗壮、冬眠方面的适应能力，这些特征与熊类动物（如棕熊）相符，但与玩家1和玩家2描述的熊类动物特征有所不同，尤其是没有提到熊的攀爬和游泳能力。

不一致之处总结如下：
- 玩家3的描述与猎豹的特征相符，与玩家1和玩家2描述的熊类动物特征不一致。
- 玩家4的描述虽然提到了冬眠能力，但与玩家1和玩家2描述的熊类动物特征不完全一致，没有提到攀爬和游泳能力。

这些不一致之处表明玩家3和玩家4的描述可能与卧底词不符，而玩家1和玩家2的描述则更倾向于指向相同的平民词。
2024-12-13 16:20:53,958 - 3 - INFO - **********JUDGER**********
你刚刚的分析是根据上述分析，不一致之处主要体现在以下几个方面：

1. 玩家1和玩家2的描述都集中在熊类动物的特征上，特别是熊的体型、皮毛、生活环境和攀爬能力。玩家1提到了熊的圆圆身材、擅长爬树、冬眠时储存脂肪，而玩家2提到了熊的厚实身体、强大爪子、擅长在树上行走、攀爬和游泳能力。

2. 玩家3的描述则与熊类动物的特征不同，他描述的是一种体型健壮、四肢发达、适合长距离奔跑、拥有强大捕猎本能、耐力和速度出色的动物，这些特征与猎豹相符。

3. 玩家4的描述提到了体型庞大、浓密毛发、四肢粗壮、冬眠方面的适应能力，这些特征与熊类动物（如棕熊）相符，但与玩家1和玩家2描述的熊类动物特征有所不同，尤其是没有提到熊的攀爬和游泳能力。

不一致之处总结如下：
- 玩家3的描述与猎豹的特征相符，与玩家1和玩家2描述的熊类动物特征不一致。
- 玩家4的描述虽然提到了冬眠能力，但与玩家1和玩家2描述的熊类动物特征不完全一致，没有提到攀爬和游泳能力。

这些不一致之处表明玩家3和玩家4的描述可能与卧底词不符，而玩家1和玩家2的描述则更倾向于指向相同的平民词。|| 请通过你分析的不一致之处，推断卧底身份，注意，这局游戏的词语分类为<动物>，卧底词和平民词都属于该类。
2024-12-13 16:21:01,078 - 3 - INFO - **********PLAYER3**********
根据分析的不一致之处，我们可以推断：

- 玩家3的描述与猎豹的特征最为吻合，这与玩家1和玩家2描述的熊类动物特征不一致，因此玩家3可能是卧底。
- 玩家4的描述虽然提到了冬眠能力，但与玩家1和玩家2描述的熊类动物特征不完全一致，没有提到攀爬和游泳能力，这表明他的描述也可能与卧底词不符。

因此，在这个游戏中，基于描述的不一致之处，玩家3可能是卧底。
2024-12-13 16:21:01,081 - 3 - INFO - **********JUDGER**********
你刚刚的推断是根据分析的不一致之处，我们可以推断：

- 玩家3的描述与猎豹的特征最为吻合，这与玩家1和玩家2描述的熊类动物特征不一致，因此玩家3可能是卧底。
- 玩家4的描述虽然提到了冬眠能力，但与玩家1和玩家2描述的熊类动物特征不完全一致，没有提到攀爬和游泳能力，这表明他的描述也可能与卧底词不符。

因此，在这个游戏中，基于描述的不一致之处，玩家3可能是卧底。|| 基于你刚刚的推断得出你的最终结论，请输出你认为的卧底，在这种情况下只需要输出编号，是1-4中的某个数字，不要输出其他信息。在这个过程不要进行任何推理，只对||以前的部分进行信息提取
2024-12-13 16:21:02,873 - 3 - INFO - **********PLAYER3**********
3
2024-12-13 16:21:59,698 - 3 - INFO - **********JUDGER**********
玩家1说：这种动物有着棕色的皮毛和圆圆的身材，它们通常在森林中生活。与同类相比，它可能更擅长爬树。这种动物体型健壮，善于在树木间穿梭，它们在冬眠时能储存大量的脂肪以度过漫长的冬季。这种动物有着厚实的身体和强大的爪子，它们在森林或山区中生活，能够轻易攀爬和游泳，以其力量和耐力在同类中著称。玩家2说：这种动物有着厚实的身体和强大的爪子，它们通常在森林或山区生活。与同类相比，它可能更擅长在树上行走。这种动物体型较大，有着厚实的身体和强壮的四肢，它们在森林或山区中生活。与同类相比，它可能在攀爬和游泳方面表现出色。这种动物体型魁梧，有着厚实的身体和强壮的四肢，它们在森林或山区中生活。与同类相比，它可能在寒冷的冬季中通过冬眠来度过，储存大量的脂肪以维持体能。玩家3说：这种动物有着柔软的皮毛和修长的身材，它们通常在草原或沙漠中生活。与同类相比，它可能更擅长在高速奔跑中捕捉猎物。这种动物体型健壮，四肢发达，适合长距离奔跑。它们在草原或沙漠中生活，拥有强大的捕猎本能，能够迅速捕捉到猎物。与同类相比，它们可能在耐力和速度上更为出色。玩家4说：这种动物体型庞大，有着浓密的毛发，四肢粗壮。与同类相比，它可能在冬眠方面有独特的适应能力。这种动物是森林中的王者，以其强大的力量和耐力著称。与同类相比，它在冬眠期间能够储存更多的脂肪，以应对寒冷的冬季和长时间的休眠。你是第3号玩家，你的关键词是<豹子>。你的回答中绝对不能包含你的关键词<豹子>。这是第三轮描述，你之前的描述是这种动物有着柔软的皮毛和修长的身材，它们通常在草原或沙漠中生活。与同类相比，它可能更擅长在高速奔跑中捕捉猎物。和这种动物体型健壮，四肢发达，适合长距离奔跑。它们在草原或沙漠中生活，拥有强大的捕猎本能，能够迅速捕捉到猎物。与同类相比，它们可能在耐力和速度上更为出色。，注意，这局游戏的词语分类为<动物>，卧底词和平民词都属于该类，请你补充关于关键词的描述，注意，你的描述应该比起之前的描述更加贴近关键词，作为之前的补充
2024-12-13 16:22:04,475 - 3 - INFO - **********PLAYER3**********
这种动物有着流线型的身体和发达的肌肉，它们通常在开阔地带生活。与同类相比，它可能更擅长在复杂的地形中快速穿梭，捕捉猎物。这种动物具有敏锐的感官和强大的狩猎本能，能够悄无声息地接近猎物。
2024-12-13 16:22:54,551 - 3 - INFO - **********JUDGER**********
玩家1说：这种动物有着棕色的皮毛和圆圆的身材，它们通常在森林中生活。与同类相比，它可能更擅长爬树。这种动物体型健壮，善于在树木间穿梭，它们在冬眠时能储存大量的脂肪以度过漫长的冬季。这种动物有着厚实的身体和强大的爪子，它们在森林或山区中生活，能够轻易攀爬和游泳，以其力量和耐力在同类中著称。玩家2说：这种动物有着厚实的身体和强大的爪子，它们通常在森林或山区生活。与同类相比，它可能更擅长在树上行走。这种动物体型较大，有着厚实的身体和强壮的四肢，它们在森林或山区中生活。与同类相比，它可能在攀爬和游泳方面表现出色。这种动物体型魁梧，有着厚实的身体和强壮的四肢，它们在森林或山区中生活。与同类相比，它可能在寒冷的冬季中通过冬眠来度过，储存大量的脂肪以维持体能。玩家3说：这种动物有着柔软的皮毛和修长的身材，它们通常在草原或沙漠中生活。与同类相比，它可能更擅长在高速奔跑中捕捉猎物。这种动物体型健壮，四肢发达，适合长距离奔跑。它们在草原或沙漠中生活，拥有强大的捕猎本能，能够迅速捕捉到猎物。与同类相比，它们可能在耐力和速度上更为出色。这种动物有着流线型的身体和发达的肌肉，它们通常在开阔地带生活。与同类相比，它可能更擅长在复杂的地形中快速穿梭，捕捉猎物。这种动物具有敏锐的感官和强大的狩猎本能，能够悄无声息地接近猎物。玩家4说：这种动物体型庞大，有着浓密的毛发，四肢粗壮。与同类相比，它可能在冬眠方面有独特的适应能力。这种动物是森林中的王者，以其强大的力量和耐力著称。与同类相比，它在冬眠期间能够储存更多的脂肪，以应对寒冷的冬季和长时间的休眠。这种动物在冬季来临之前会进入深度休眠，通过减少身体活动来节省能量，同时依靠体内储存的脂肪来维持生命活动。它的冬眠状态可以持续数月之久。||在这个游戏中，我们需要通过分析每位玩家的描述来找出卧底。通常，平民的描述会围绕相同的词语展开，而卧底的描述可能会因为词语的不同而显得不太一致。我们需要仔细比较每个描述之间的相似性和差异性，以找出可能的卧底，注意，卧底并不会隐藏自己，他会直接描述他的词语，现在，逐一分析每个玩家的描述，注意，这局游戏的词语分类为<动物>，卧底词和平民词都属于该类。||之前是第3轮描述和之前轮数描述的合集。你之前认为的卧底是玩家3。
2024-12-13 16:23:13,697 - 3 - INFO - **********PLAYER3**********
根据第三轮描述和之前的描述的合集，我们可以进行以下分析：

玩家1的描述中提到了棕色皮毛、圆圆身材、擅长爬树、健壮体型、善于在树木间穿梭、冬眠储存脂肪、厚实身体、强大爪子、森林或山区生活、攀爬和游泳能力、力量和耐力。

玩家2的描述中提到了厚实身体、强大爪子、擅长在树上行走、体型较大、强壮四肢、森林或山区生活、攀爬和游泳能力、体型魁梧、冬眠储存脂肪、力量和耐力。

玩家3的描述中提到了柔软皮毛、修长身材、草原或沙漠生活、擅长高速奔跑、健壮体型、四肢发达、适合长距离奔跑、强大的捕猎本能、迅速捕捉猎物、流线型身体、发达肌肉、开阔地带生活、擅长在复杂地形中快速穿梭、敏锐感官、强大狩猎本能。

玩家4的描述中提到了体型庞大、浓密毛发、四肢粗壮、冬眠适应能力、森林中的王者、力量和耐力、冬眠储存脂肪、深度休眠、减少身体活动、储存脂肪维持生命活动、冬眠状态持续数月。

综合分析，玩家1和玩家2的描述都围绕着熊类动物的特征，尤其是黑熊，它们提到了冬眠、厚实身体、强大爪子、攀爬和游泳能力等特征。玩家4的描述也提到了冬眠、储存脂肪、力量和耐力，但强调了森林中的王者地位和深度休眠，这与玩家1和玩家2的描述有所不同。

玩家3的描述提到了草原或沙漠生活、擅长高速奔跑、流线型身体、敏锐感官等特征，这与猎豹的特征更为吻合，与玩家1和玩家2描述的熊类动物特征不一致。

因此，基于描述的不一致之处，玩家3的描述与猎豹的特征最为吻合，而玩家1和玩家2的描述更倾向于指向相同的平民词。玩家4的描述虽然提到了冬眠，但与玩家1和玩家2的描述有所不同，可能指向不同的动物。

根据之前的分析，玩家3仍然是可能的卧底。
2024-12-13 16:23:13,699 - 3 - INFO - **********JUDGER**********
你刚刚的分析是根据第三轮描述和之前的描述的合集，我们可以进行以下分析：

玩家1的描述中提到了棕色皮毛、圆圆身材、擅长爬树、健壮体型、善于在树木间穿梭、冬眠储存脂肪、厚实身体、强大爪子、森林或山区生活、攀爬和游泳能力、力量和耐力。

玩家2的描述中提到了厚实身体、强大爪子、擅长在树上行走、体型较大、强壮四肢、森林或山区生活、攀爬和游泳能力、体型魁梧、冬眠储存脂肪、力量和耐力。

玩家3的描述中提到了柔软皮毛、修长身材、草原或沙漠生活、擅长高速奔跑、健壮体型、四肢发达、适合长距离奔跑、强大的捕猎本能、迅速捕捉猎物、流线型身体、发达肌肉、开阔地带生活、擅长在复杂地形中快速穿梭、敏锐感官、强大狩猎本能。

玩家4的描述中提到了体型庞大、浓密毛发、四肢粗壮、冬眠适应能力、森林中的王者、力量和耐力、冬眠储存脂肪、深度休眠、减少身体活动、储存脂肪维持生命活动、冬眠状态持续数月。

综合分析，玩家1和玩家2的描述都围绕着熊类动物的特征，尤其是黑熊，它们提到了冬眠、厚实身体、强大爪子、攀爬和游泳能力等特征。玩家4的描述也提到了冬眠、储存脂肪、力量和耐力，但强调了森林中的王者地位和深度休眠，这与玩家1和玩家2的描述有所不同。

玩家3的描述提到了草原或沙漠生活、擅长高速奔跑、流线型身体、敏锐感官等特征，这与猎豹的特征更为吻合，与玩家1和玩家2描述的熊类动物特征不一致。

因此，基于描述的不一致之处，玩家3的描述与猎豹的特征最为吻合，而玩家1和玩家2的描述更倾向于指向相同的平民词。玩家4的描述虽然提到了冬眠，但与玩家1和玩家2的描述有所不同，可能指向不同的动物。

根据之前的分析，玩家3仍然是可能的卧底。|| `请根据上述分析，比较描述以找出不一致之处，注意，这局游戏的词语分类为<动物>，卧底词和平民词都属于该类。
2024-12-13 16:23:54,502 - 3 - INFO - **********PLAYER3**********
根据上述分析，不一致之处主要体现在以下几个方面：

1. 玩家1和玩家2的描述都指向熊类动物，特别是黑熊，它们都提到了冬眠、厚实身体、强大爪子、攀爬和游泳能力等特征。

2. 玩家3的描述与熊类动物的特征不一致，而是提到了草原或沙漠生活、擅长高速奔跑、流线型身体、敏锐感官等特征，这些更符合猎豹的特征。

3. 玩家4的描述提到了体型庞大、浓密毛发、四肢粗壮、冬眠适应能力、森林中的王者、力量和耐力等特征，这些特征虽然也提到了冬眠和力量耐力，但没有明确指向熊类动物，也没有与玩家1和玩家2描述的熊类动物特征完全一致。

不一致之处总结如下：
- 玩家3的描述与猎豹的特征相符，与玩家1和玩家2描述的熊类动物特征不一致。
- 玩家4的描述虽然提到了冬眠能力，但没有提供足够的信息来确定它与玩家1和玩家2描述的熊类动物特征一致。
2024-12-13 16:23:54,505 - 3 - INFO - **********JUDGER**********
你刚刚的分析是根据上述分析，不一致之处主要体现在以下几个方面：

1. 玩家1和玩家2的描述都指向熊类动物，特别是黑熊，它们都提到了冬眠、厚实身体、强大爪子、攀爬和游泳能力等特征。

2. 玩家3的描述与熊类动物的特征不一致，而是提到了草原或沙漠生活、擅长高速奔跑、流线型身体、敏锐感官等特征，这些更符合猎豹的特征。

3. 玩家4的描述提到了体型庞大、浓密毛发、四肢粗壮、冬眠适应能力、森林中的王者、力量和耐力等特征，这些特征虽然也提到了冬眠和力量耐力，但没有明确指向熊类动物，也没有与玩家1和玩家2描述的熊类动物特征完全一致。

不一致之处总结如下：
- 玩家3的描述与猎豹的特征相符，与玩家1和玩家2描述的熊类动物特征不一致。
- 玩家4的描述虽然提到了冬眠能力，但没有提供足够的信息来确定它与玩家1和玩家2描述的熊类动物特征一致。|| 请通过你分析的不一致之处，推断卧底身份，注意，这局游戏的词语分类为<动物>，卧底词和平民词都属于该类。
2024-12-13 16:24:01,000 - 3 - INFO - **********PLAYER3**********
基于分析的不一致之处，可以推断：

- 玩家3的描述与猎豹的特征最为吻合，而猎豹不是熊类动物，这与玩家1和玩家2描述的熊类动物特征不一致。因此，玩家3很可能是卧底。

- 玩家4的描述虽然提到了冬眠能力，但没有明确指向熊类动物，也没有与玩家1和玩家2描述的熊类动物特征完全一致，因此玩家4也可能是卧底。

综上所述，玩家3和玩家4都有可能是卧底。
2024-12-13 16:24:01,000 - 3 - INFO - **********JUDGER**********
你刚刚的推断是基于分析的不一致之处，可以推断：

- 玩家3的描述与猎豹的特征最为吻合，而猎豹不是熊类动物，这与玩家1和玩家2描述的熊类动物特征不一致。因此，玩家3很可能是卧底。

- 玩家4的描述虽然提到了冬眠能力，但没有明确指向熊类动物，也没有与玩家1和玩家2描述的熊类动物特征完全一致，因此玩家4也可能是卧底。

综上所述，玩家3和玩家4都有可能是卧底。|| 基于你刚刚的推断得出你的最终结论，请输出你认为的卧底，在这种情况下只需要输出编号，是1-4中的某个数字，不要输出其他信息。在这个过程不要进行任何推理，只对||以前的部分进行信息提取
2024-12-13 16:24:02,977 - 3 - INFO - **********PLAYER3**********
3
2024-12-13 16:24:02,978 - 3 - INFO - **********JUDGER**********
你认为卧底是你自己。你现在需要随便选一个人投票。请输出一个数字，是1-4中的某个数字，但这个数字不能是3，不要输出其他信息。
2024-12-13 16:24:04,627 - 3 - INFO - **********PLAYER3**********
1
