2024-12-13 16:16:56,785 - 4 - INFO - **********JUDGER**********
让我们来玩一个叫做<谁是卧底>的推理游戏。基本规则：<人数>：4人。<角色分配>：每位玩家随机抽取一个词语，3名玩家拿到的词语是相同的（平民词），1名玩家拿到与之相近但不同的词语（卧底词）。<游戏流程>：1、玩家轮流描述自己的词语，但<不能>直接说出词语本身。2、描述完毕后，投票选出最像卧底的玩家。3、每轮结束后，被投票选出的玩家出局，不能再进行描述或投票。4、每轮投票结束后，如果卧底被成功找出，平民方获胜；如果卧底未被找出且卧底人数等于或超过平民人数，则卧底方获胜。你将扮演一个<玩家>，请等待你被分配到的关键词。如果你听懂了，只回答，"好的，我准备好参加游戏了"，不要输出别的信息
2024-12-13 16:16:58,314 - 4 - INFO - **********PLAYER4**********
好的，我准备好参加游戏了
2024-12-13 16:17:05,277 - 4 - INFO - **********JUDGER**********
玩家1说：这种动物有着棕色的皮毛和圆圆的身材，它们通常在森林中生活。与同类相比，它可能更擅长爬树。玩家2说：这种动物有着厚实的身体和强大的爪子，它们通常在森林或山区生活。与同类相比，它可能更擅长在树上行走。玩家3说：这种动物有着柔软的皮毛和修长的身材，它们通常在草原或沙漠中生活。与同类相比，它可能更擅长在高速奔跑中捕捉猎物。玩家4说：|| 你是第4号玩家，你的关键词是<熊>。你的回答中绝对不能包含你的关键词<熊>。这是第一轮描述，不需要分析||之前别的玩家的描述，请你描述关键词基本特征，注意，这局游戏的词语分类为<动物>，卧底词和平民词都属于该类，描述包括以下两点，1.他的基本特征是什么2.他在该类（动物）中最突出不同的特征是什么，尽量简短
2024-12-13 16:17:07,066 - 4 - INFO - **********PLAYER4**********
这种动物体型庞大，有着浓密的毛发，四肢粗壮。与同类相比，它可能在冬眠方面有独特的适应能力。
2024-12-13 16:18:48,621 - 4 - INFO - **********JUDGER**********
玩家1说：这种动物有着棕色的皮毛和圆圆的身材，它们通常在森林中生活。与同类相比，它可能更擅长爬树。玩家2说：这种动物有着厚实的身体和强大的爪子，它们通常在森林或山区生活。与同类相比，它可能更擅长在树上行走。玩家3说：这种动物有着柔软的皮毛和修长的身材，它们通常在草原或沙漠中生活。与同类相比，它可能更擅长在高速奔跑中捕捉猎物。玩家4说：||在这个游戏中，我们需要通过分析每位玩家的描述来找出卧底。通常，平民的描述会围绕相同的词语展开，而卧底的描述可能会因为词语的不同而显得不太一致。我们需要仔细比较每个描述之间的相似性和差异性，以找出可能的卧底，注意，卧底并不会隐藏自己，他会直接描述他的词语，现在，逐一分析每个玩家的描述，注意，这局游戏的词语分类为<动物>，卧底词和平民词都属于该类。这是第一轮描述。
2024-12-13 16:18:56,628 - 4 - INFO - **********PLAYER4**********
分析如下：

玩家1的描述与玩家2的描述都提到了森林或山区生活，且都提到了动物在同类中的特殊能力，但玩家1提到的是爬树，而玩家2提到的是在树上行走。这表明玩家1和玩家2可能持有相同的平民词，但描述的侧重点不同。

玩家3的描述提到了草原或沙漠生活，以及擅长高速奔跑捕捉猎物，这与玩家1和玩家2的描述有很大的不同，可能是一个独立的词语。

玩家4的描述没有给出具体信息，只是提到了游戏规则和描述分析的方法，没有提供任何关于其词语的线索。

综上所述，玩家1和玩家2的描述可能有相似之处，而玩家3的描述与他们的描述差异较大，玩家4没有提供任何描述。因此，玩家3可能是卧底，或者玩家4是卧底。需要进一步的信息来确定卧底的身份。
2024-12-13 16:18:56,629 - 4 - INFO - **********JUDGER**********
你刚刚的分析是分析如下：

玩家1的描述与玩家2的描述都提到了森林或山区生活，且都提到了动物在同类中的特殊能力，但玩家1提到的是爬树，而玩家2提到的是在树上行走。这表明玩家1和玩家2可能持有相同的平民词，但描述的侧重点不同。

玩家3的描述提到了草原或沙漠生活，以及擅长高速奔跑捕捉猎物，这与玩家1和玩家2的描述有很大的不同，可能是一个独立的词语。

玩家4的描述没有给出具体信息，只是提到了游戏规则和描述分析的方法，没有提供任何关于其词语的线索。

综上所述，玩家1和玩家2的描述可能有相似之处，而玩家3的描述与他们的描述差异较大，玩家4没有提供任何描述。因此，玩家3可能是卧底，或者玩家4是卧底。需要进一步的信息来确定卧底的身份。|| `请根据上述分析，比较描述以找出不一致之处，注意，这局游戏的词语分类为<动物>，卧底词和平民词都属于该类。
2024-12-13 16:19:17,674 - 4 - INFO - **********PLAYER4**********
根据上述分析，我们可以比较描述中的一致性和不一致性如下：

1. 玩家1和玩家2的描述都指向了森林或山区生活的动物，并且都提到了动物在同类中的特殊能力。这表明他们可能持有相同的动物词，但描述的细节不同，一个侧重于爬树，另一个侧重于在树上行走。

2. 玩家3的描述则指向了草原或沙漠生活的动物，并且强调了动物擅长高速奔跑捕捉猎物。这个描述与玩家1和玩家2的描述在生活环境和能力上都有显著差异。

3. 玩家4的描述没有提供任何关于其词语的具体信息，只是提到了游戏规则和分析方法。

不一致之处：
- 生活环境：玩家1和玩家2提到的是森林或山区，而玩家3提到的是草原或沙漠。
- 特殊能力：玩家1和玩家2提到的能力与爬树或树上行走有关，而玩家3提到的是高速奔跑捕捉猎物。
- 描述内容：玩家4没有提供任何关于其词语的描述。

基于这些不一致之处，玩家3的描述与玩家1和玩家2的描述差异最大，因此玩家3可能是卧底。然而，玩家4没有提供任何具体的描述，这本身就是一个不一致点，因为其他玩家都给出了关于其词语的描述。因此，玩家4也可能是卧底。需要更多的信息或者下一轮的描述来进一步确定卧底的身份。
2024-12-13 16:19:17,675 - 4 - INFO - **********JUDGER**********
你刚刚的分析是根据上述分析，我们可以比较描述中的一致性和不一致性如下：

1. 玩家1和玩家2的描述都指向了森林或山区生活的动物，并且都提到了动物在同类中的特殊能力。这表明他们可能持有相同的动物词，但描述的细节不同，一个侧重于爬树，另一个侧重于在树上行走。

2. 玩家3的描述则指向了草原或沙漠生活的动物，并且强调了动物擅长高速奔跑捕捉猎物。这个描述与玩家1和玩家2的描述在生活环境和能力上都有显著差异。

3. 玩家4的描述没有提供任何关于其词语的具体信息，只是提到了游戏规则和分析方法。

不一致之处：
- 生活环境：玩家1和玩家2提到的是森林或山区，而玩家3提到的是草原或沙漠。
- 特殊能力：玩家1和玩家2提到的能力与爬树或树上行走有关，而玩家3提到的是高速奔跑捕捉猎物。
- 描述内容：玩家4没有提供任何关于其词语的描述。

基于这些不一致之处，玩家3的描述与玩家1和玩家2的描述差异最大，因此玩家3可能是卧底。然而，玩家4没有提供任何具体的描述，这本身就是一个不一致点，因为其他玩家都给出了关于其词语的描述。因此，玩家4也可能是卧底。需要更多的信息或者下一轮的描述来进一步确定卧底的身份。|| 请通过你分析的不一致之处，推断卧底身份，注意，这局游戏的词语分类为<动物>，卧底词和平民词都属于该类。
2024-12-13 16:19:30,759 - 4 - INFO - **********PLAYER4**********
根据分析中提到的不一致之处，我们可以进行以下推断：

1. 玩家1和玩家2的描述都指向了森林或山区生活的动物，并且都提到了特殊能力。如果他们的词语相同，那么这个特殊能力应该是该类动物共有的特征。玩家1提到的是“爬树”，玩家2提到的是“在树上行走”。这两个描述都指向了树栖能力，但侧重点不同。如果他们持有的词语是相同的，那么这个词语可能是与树栖能力相关的动物。

2. 玩家3的描述提到了草原或沙漠生活的动物，以及擅长高速奔跑捕捉猎物。这个描述与玩家1和玩家2的描述在生活环境和能力上都有显著差异，表明玩家3的词语很可能是一个与草原或沙漠环境以及高速奔跑能力相关的动物。

3. 玩家4没有提供任何具体的描述，这可能意味着玩家4要么是一个技巧娴熟的玩家，故意不提供信息来混淆视听，要么可能是一个真正的卧底，因为卧底通常不会直接提供指向性的描述。

考虑到游戏的词语分类为<动物>，且卧底词和平民词都属于该类，以下是对卧底身份的推断：

- 如果玩家1和玩家2的词语相同，那么卧底很可能是玩家3，因为他们的描述与玩家1和玩家2的差异最大。
- 如果玩家1和玩家2的词语不同，那么卧底可能是玩家4，因为玩家4没有提供任何描述，这与其他玩家提供了具体描述形成了鲜明对比。

因此，基于不一致之处，玩家3可能是卧底，而玩家4也可能是卧底。需要更多的信息或者下一轮的描述来确定最终的卧底身份。
2024-12-13 16:19:30,761 - 4 - INFO - **********JUDGER**********
你刚刚的推断是根据分析中提到的不一致之处，我们可以进行以下推断：

1. 玩家1和玩家2的描述都指向了森林或山区生活的动物，并且都提到了特殊能力。如果他们的词语相同，那么这个特殊能力应该是该类动物共有的特征。玩家1提到的是“爬树”，玩家2提到的是“在树上行走”。这两个描述都指向了树栖能力，但侧重点不同。如果他们持有的词语是相同的，那么这个词语可能是与树栖能力相关的动物。

2. 玩家3的描述提到了草原或沙漠生活的动物，以及擅长高速奔跑捕捉猎物。这个描述与玩家1和玩家2的描述在生活环境和能力上都有显著差异，表明玩家3的词语很可能是一个与草原或沙漠环境以及高速奔跑能力相关的动物。

3. 玩家4没有提供任何具体的描述，这可能意味着玩家4要么是一个技巧娴熟的玩家，故意不提供信息来混淆视听，要么可能是一个真正的卧底，因为卧底通常不会直接提供指向性的描述。

考虑到游戏的词语分类为<动物>，且卧底词和平民词都属于该类，以下是对卧底身份的推断：

- 如果玩家1和玩家2的词语相同，那么卧底很可能是玩家3，因为他们的描述与玩家1和玩家2的差异最大。
- 如果玩家1和玩家2的词语不同，那么卧底可能是玩家4，因为玩家4没有提供任何描述，这与其他玩家提供了具体描述形成了鲜明对比。

因此，基于不一致之处，玩家3可能是卧底，而玩家4也可能是卧底。需要更多的信息或者下一轮的描述来确定最终的卧底身份。|| 基于你刚刚的推断得出你的最终结论，请输出你认为的卧底，在这种情况下只需要输出编号，是1-4中的某个数字，不要输出其他信息。在这个过程不要进行任何推理，只对||以前的部分进行信息提取
2024-12-13 16:19:31,336 - 4 - INFO - **********PLAYER4**********
3
2024-12-13 16:19:39,297 - 4 - INFO - **********JUDGER**********
玩家1说：这种动物有着棕色的皮毛和圆圆的身材，它们通常在森林中生活。与同类相比，它可能更擅长爬树。这种动物体型健壮，善于在树木间穿梭，它们在冬眠时能储存大量的脂肪以度过漫长的冬季。玩家2说：这种动物有着厚实的身体和强大的爪子，它们通常在森林或山区生活。与同类相比，它可能更擅长在树上行走。这种动物体型较大，有着厚实的身体和强壮的四肢，它们在森林或山区中生活。与同类相比，它可能在攀爬和游泳方面表现出色。玩家3说：这种动物有着柔软的皮毛和修长的身材，它们通常在草原或沙漠中生活。与同类相比，它可能更擅长在高速奔跑中捕捉猎物。这种动物体型健壮，四肢发达，适合长距离奔跑。它们在草原或沙漠中生活，拥有强大的捕猎本能，能够迅速捕捉到猎物。与同类相比，它们可能在耐力和速度上更为出色。玩家4说：这种动物体型庞大，有着浓密的毛发，四肢粗壮。与同类相比，它可能在冬眠方面有独特的适应能力。你是第4号玩家，你的关键词是<熊>。你的回答中绝对不能包含你的关键词<熊>。这是第二轮描述，你之前的描述是这种动物体型庞大，有着浓密的毛发，四肢粗壮。与同类相比，它可能在冬眠方面有独特的适应能力。，注意，这局游戏的词语分类为<动物>，卧底词和平民词都属于该类，请你补充关于关键词的描述，注意，你的描述应该比起之前的描述更加贴近关键词，作为之前的补充
2024-12-13 16:19:42,914 - 4 - INFO - **********PLAYER4**********
这种动物是森林中的王者，以其强大的力量和耐力著称。与同类相比，它在冬眠期间能够储存更多的脂肪，以应对寒冷的冬季和长时间的休眠。
2024-12-13 16:21:02,874 - 4 - INFO - **********JUDGER**********
玩家1说：这种动物有着棕色的皮毛和圆圆的身材，它们通常在森林中生活。与同类相比，它可能更擅长爬树。这种动物体型健壮，善于在树木间穿梭，它们在冬眠时能储存大量的脂肪以度过漫长的冬季。玩家2说：这种动物有着厚实的身体和强大的爪子，它们通常在森林或山区生活。与同类相比，它可能更擅长在树上行走。这种动物体型较大，有着厚实的身体和强壮的四肢，它们在森林或山区中生活。与同类相比，它可能在攀爬和游泳方面表现出色。玩家3说：这种动物有着柔软的皮毛和修长的身材，它们通常在草原或沙漠中生活。与同类相比，它可能更擅长在高速奔跑中捕捉猎物。这种动物体型健壮，四肢发达，适合长距离奔跑。它们在草原或沙漠中生活，拥有强大的捕猎本能，能够迅速捕捉到猎物。与同类相比，它们可能在耐力和速度上更为出色。玩家4说：这种动物体型庞大，有着浓密的毛发，四肢粗壮。与同类相比，它可能在冬眠方面有独特的适应能力。||在这个游戏中，我们需要通过分析每位玩家的描述来找出卧底。通常，平民的描述会围绕相同的词语展开，而卧底的描述可能会因为词语的不同而显得不太一致。我们需要仔细比较每个描述之间的相似性和差异性，以找出可能的卧底，注意，卧底并不会隐藏自己，他会直接描述他的词语，现在，逐一分析每个玩家的描述，注意，这局游戏的词语分类为<动物>，卧底词和平民词都属于该类。||之前是第2轮描述和之前轮数描述的合集。你之前认为的卧底是玩家3。
2024-12-13 16:21:27,312 - 4 - INFO - **********PLAYER4**********
玩家1和玩家2的描述都提到了森林或山区生活的动物，并且都强调了动物在攀爬和游泳方面的能力。玩家1提到了这种动物可能更擅长爬树，而玩家2提到了它可能在攀爬和游泳方面表现出色。这两个描述非常相似，暗示他们可能持有相同的词语。

玩家3的描述提到了草原或沙漠中生活的动物，并且强调了它擅长高速奔跑捕捉猎物。这与玩家1和玩家2的描述在生活环境和能力上有显著差异。

玩家4的描述提到了一种体型庞大、毛发浓密、四肢粗壮的动物，并提到了它在冬眠方面有独特的适应能力。这个描述与玩家1和玩家2的描述在生活环境和能力上也有差异，但玩家4的描述没有提到具体的攀爬或游泳能力。

基于之前的分析，玩家3的描述与玩家1和玩家2的差异最大，但考虑到玩家4的描述也没有提到攀爬或游泳，而且玩家4的描述与玩家1和玩家2的描述在生活环境和能力上也有一定的差异，这意味着玩家4的描述同样可能与卧底词语不匹配。

因此，尽管之前的推断认为玩家3可能是卧底，但基于第二轮的描述，玩家4的描述同样与卧底词语不符的可能性增加。所以，现在重新分析，玩家3和玩家4的描述都可能是不太一致的，但玩家4的描述提供了更多关于冬眠的独特信息，这可能是一个关键点。

综合考虑，如果必须选择一个，玩家4的描述与之前认为的卧底玩家3的描述相比，提供了更多的独特信息，因此，基于当前的信息，玩家4可能是卧底。
2024-12-13 16:21:27,314 - 4 - INFO - **********JUDGER**********
你刚刚的分析是玩家1和玩家2的描述都提到了森林或山区生活的动物，并且都强调了动物在攀爬和游泳方面的能力。玩家1提到了这种动物可能更擅长爬树，而玩家2提到了它可能在攀爬和游泳方面表现出色。这两个描述非常相似，暗示他们可能持有相同的词语。

玩家3的描述提到了草原或沙漠中生活的动物，并且强调了它擅长高速奔跑捕捉猎物。这与玩家1和玩家2的描述在生活环境和能力上有显著差异。

玩家4的描述提到了一种体型庞大、毛发浓密、四肢粗壮的动物，并提到了它在冬眠方面有独特的适应能力。这个描述与玩家1和玩家2的描述在生活环境和能力上也有差异，但玩家4的描述没有提到具体的攀爬或游泳能力。

基于之前的分析，玩家3的描述与玩家1和玩家2的差异最大，但考虑到玩家4的描述也没有提到攀爬或游泳，而且玩家4的描述与玩家1和玩家2的描述在生活环境和能力上也有一定的差异，这意味着玩家4的描述同样可能与卧底词语不匹配。

因此，尽管之前的推断认为玩家3可能是卧底，但基于第二轮的描述，玩家4的描述同样与卧底词语不符的可能性增加。所以，现在重新分析，玩家3和玩家4的描述都可能是不太一致的，但玩家4的描述提供了更多关于冬眠的独特信息，这可能是一个关键点。

综合考虑，如果必须选择一个，玩家4的描述与之前认为的卧底玩家3的描述相比，提供了更多的独特信息，因此，基于当前的信息，玩家4可能是卧底。|| `请根据上述分析，比较描述以找出不一致之处，注意，这局游戏的词语分类为<动物>，卧底词和平民词都属于该类。
2024-12-13 16:21:41,534 - 4 - INFO - **********PLAYER4**********
根据上述分析，我们可以比较描述中的一致性和不一致性如下：

1. 玩家1和玩家2的描述都集中在森林或山区生活的动物，并且都提到了动物在攀爬和游泳方面的能力。玩家1特别提到了“爬树”，而玩家2提到了“攀爬和游泳”。这两个描述有相似之处，表明他们可能持有相同的词语。

2. 玩家3的描述提到了草原或沙漠中生活的动物，并且强调了动物擅长高速奔跑捕捉猎物。这与玩家1和玩家2的描述在生活环境和能力上都有显著差异。

3. 玩家4的描述提到了一种体型庞大、毛发浓密、四肢粗壮的动物，并提到了它在冬眠方面有独特的适应能力。这个描述与玩家1和玩家2的描述在生活环境和能力上也有差异，但没有提到攀爬或游泳的能力。

不一致之处：
- 生活环境：玩家1和玩家2提到的是森林或山区，而玩家3提到的是草原或沙漠，玩家4的描述没有具体提到生活环境。
- 特殊能力：玩家1和玩家2都提到了攀爬和游泳的能力，而玩家3提到了高速奔跑，玩家4提到了冬眠的适应能力。

基于这些不一致之处，玩家3的描述与玩家1和玩家2的差异最大，因为它们在生活环境和能力上都不相同。玩家4的描述虽然也有差异，但它提到了冬眠的能力，这与其他两个玩家的描述在能力上有所重叠，但没有提到攀爬或游泳，这与玩家1和玩家2的描述形成了对比。因此，玩家3的描述在这轮中显示出最明显的不一致性。
2024-12-13 16:21:41,537 - 4 - INFO - **********JUDGER**********
你刚刚的分析是根据上述分析，我们可以比较描述中的一致性和不一致性如下：

1. 玩家1和玩家2的描述都集中在森林或山区生活的动物，并且都提到了动物在攀爬和游泳方面的能力。玩家1特别提到了“爬树”，而玩家2提到了“攀爬和游泳”。这两个描述有相似之处，表明他们可能持有相同的词语。

2. 玩家3的描述提到了草原或沙漠中生活的动物，并且强调了动物擅长高速奔跑捕捉猎物。这与玩家1和玩家2的描述在生活环境和能力上都有显著差异。

3. 玩家4的描述提到了一种体型庞大、毛发浓密、四肢粗壮的动物，并提到了它在冬眠方面有独特的适应能力。这个描述与玩家1和玩家2的描述在生活环境和能力上也有差异，但没有提到攀爬或游泳的能力。

不一致之处：
- 生活环境：玩家1和玩家2提到的是森林或山区，而玩家3提到的是草原或沙漠，玩家4的描述没有具体提到生活环境。
- 特殊能力：玩家1和玩家2都提到了攀爬和游泳的能力，而玩家3提到了高速奔跑，玩家4提到了冬眠的适应能力。

基于这些不一致之处，玩家3的描述与玩家1和玩家2的差异最大，因为它们在生活环境和能力上都不相同。玩家4的描述虽然也有差异，但它提到了冬眠的能力，这与其他两个玩家的描述在能力上有所重叠，但没有提到攀爬或游泳，这与玩家1和玩家2的描述形成了对比。因此，玩家3的描述在这轮中显示出最明显的不一致性。|| 请通过你分析的不一致之处，推断卧底身份，注意，这局游戏的词语分类为<动物>，卧底词和平民词都属于该类。
2024-12-13 16:21:51,230 - 4 - INFO - **********PLAYER4**********
基于分析中提到的不一致之处，我们可以进行以下推断：

- 玩家1和玩家2的描述都指向了森林或山区生活的动物，并且都提到了攀爬和游泳的能力，这表明他们的词语可能是与这些能力相关的动物，如猴子或猿类。
- 玩家3的描述提到了草原或沙漠中生活的动物，并且强调了高速奔跑的能力，这与玩家1和玩家2的描述差异很大，可能是与猎豹或类似的草原动物相关。
- 玩家4的描述提到了一种体型庞大、毛发浓密、四肢粗壮的动物，并提到了它在冬眠方面有独特的适应能力，这与玩家1和玩家2的描述在生活环境和能力上都有所不同，可能是与熊相关的词语。

考虑到游戏的词语分类为<动物>，且卧底词和平民词都属于该类，玩家3的描述与玩家1和玩家2的差异最大，表明玩家3的词语可能与他们的词语不同。而玩家4的描述虽然与玩家1和玩家2的描述有差异，但并没有提供足够的信息来排除它。

因此，基于不一致之处，玩家3可能是卧底。
2024-12-13 16:21:51,232 - 4 - INFO - **********JUDGER**********
你刚刚的推断是基于分析中提到的不一致之处，我们可以进行以下推断：

- 玩家1和玩家2的描述都指向了森林或山区生活的动物，并且都提到了攀爬和游泳的能力，这表明他们的词语可能是与这些能力相关的动物，如猴子或猿类。
- 玩家3的描述提到了草原或沙漠中生活的动物，并且强调了高速奔跑的能力，这与玩家1和玩家2的描述差异很大，可能是与猎豹或类似的草原动物相关。
- 玩家4的描述提到了一种体型庞大、毛发浓密、四肢粗壮的动物，并提到了它在冬眠方面有独特的适应能力，这与玩家1和玩家2的描述在生活环境和能力上都有所不同，可能是与熊相关的词语。

考虑到游戏的词语分类为<动物>，且卧底词和平民词都属于该类，玩家3的描述与玩家1和玩家2的差异最大，表明玩家3的词语可能与他们的词语不同。而玩家4的描述虽然与玩家1和玩家2的描述有差异，但并没有提供足够的信息来排除它。

因此，基于不一致之处，玩家3可能是卧底。|| 基于你刚刚的推断得出你的最终结论，请输出你认为的卧底，在这种情况下只需要输出编号，是1-4中的某个数字，不要输出其他信息。在这个过程不要进行任何推理，只对||以前的部分进行信息提取
2024-12-13 16:21:52,088 - 4 - INFO - **********PLAYER4**********
3
2024-12-13 16:22:04,476 - 4 - INFO - **********JUDGER**********
玩家1说：这种动物有着棕色的皮毛和圆圆的身材，它们通常在森林中生活。与同类相比，它可能更擅长爬树。这种动物体型健壮，善于在树木间穿梭，它们在冬眠时能储存大量的脂肪以度过漫长的冬季。这种动物有着厚实的身体和强大的爪子，它们在森林或山区中生活，能够轻易攀爬和游泳，以其力量和耐力在同类中著称。玩家2说：这种动物有着厚实的身体和强大的爪子，它们通常在森林或山区生活。与同类相比，它可能更擅长在树上行走。这种动物体型较大，有着厚实的身体和强壮的四肢，它们在森林或山区中生活。与同类相比，它可能在攀爬和游泳方面表现出色。这种动物体型魁梧，有着厚实的身体和强壮的四肢，它们在森林或山区中生活。与同类相比，它可能在寒冷的冬季中通过冬眠来度过，储存大量的脂肪以维持体能。玩家3说：这种动物有着柔软的皮毛和修长的身材，它们通常在草原或沙漠中生活。与同类相比，它可能更擅长在高速奔跑中捕捉猎物。这种动物体型健壮，四肢发达，适合长距离奔跑。它们在草原或沙漠中生活，拥有强大的捕猎本能，能够迅速捕捉到猎物。与同类相比，它们可能在耐力和速度上更为出色。这种动物有着流线型的身体和发达的肌肉，它们通常在开阔地带生活。与同类相比，它可能更擅长在复杂的地形中快速穿梭，捕捉猎物。这种动物具有敏锐的感官和强大的狩猎本能，能够悄无声息地接近猎物。玩家4说：这种动物体型庞大，有着浓密的毛发，四肢粗壮。与同类相比，它可能在冬眠方面有独特的适应能力。这种动物是森林中的王者，以其强大的力量和耐力著称。与同类相比，它在冬眠期间能够储存更多的脂肪，以应对寒冷的冬季和长时间的休眠。你是第4号玩家，你的关键词是<熊>。你的回答中绝对不能包含你的关键词<熊>。这是第三轮描述，你之前的描述是这种动物体型庞大，有着浓密的毛发，四肢粗壮。与同类相比，它可能在冬眠方面有独特的适应能力。和这种动物是森林中的王者，以其强大的力量和耐力著称。与同类相比，它在冬眠期间能够储存更多的脂肪，以应对寒冷的冬季和长时间的休眠。，注意，这局游戏的词语分类为<动物>，卧底词和平民词都属于该类，请你补充关于关键词的描述，注意，你的描述应该比起之前的描述更加贴近关键词，作为之前的补充
2024-12-13 16:22:07,289 - 4 - INFO - **********PLAYER4**********
这种动物在冬季来临之前会进入深度休眠，通过减少身体活动来节省能量，同时依靠体内储存的脂肪来维持生命活动。它的冬眠状态可以持续数月之久。
2024-12-13 16:24:04,628 - 4 - INFO - **********JUDGER**********
玩家1说：这种动物有着棕色的皮毛和圆圆的身材，它们通常在森林中生活。与同类相比，它可能更擅长爬树。这种动物体型健壮，善于在树木间穿梭，它们在冬眠时能储存大量的脂肪以度过漫长的冬季。这种动物有着厚实的身体和强大的爪子，它们在森林或山区中生活，能够轻易攀爬和游泳，以其力量和耐力在同类中著称。玩家2说：这种动物有着厚实的身体和强大的爪子，它们通常在森林或山区生活。与同类相比，它可能更擅长在树上行走。这种动物体型较大，有着厚实的身体和强壮的四肢，它们在森林或山区中生活。与同类相比，它可能在攀爬和游泳方面表现出色。这种动物体型魁梧，有着厚实的身体和强壮的四肢，它们在森林或山区中生活。与同类相比，它可能在寒冷的冬季中通过冬眠来度过，储存大量的脂肪以维持体能。玩家3说：这种动物有着柔软的皮毛和修长的身材，它们通常在草原或沙漠中生活。与同类相比，它可能更擅长在高速奔跑中捕捉猎物。这种动物体型健壮，四肢发达，适合长距离奔跑。它们在草原或沙漠中生活，拥有强大的捕猎本能，能够迅速捕捉到猎物。与同类相比，它们可能在耐力和速度上更为出色。这种动物有着流线型的身体和发达的肌肉，它们通常在开阔地带生活。与同类相比，它可能更擅长在复杂的地形中快速穿梭，捕捉猎物。这种动物具有敏锐的感官和强大的狩猎本能，能够悄无声息地接近猎物。玩家4说：这种动物体型庞大，有着浓密的毛发，四肢粗壮。与同类相比，它可能在冬眠方面有独特的适应能力。这种动物是森林中的王者，以其强大的力量和耐力著称。与同类相比，它在冬眠期间能够储存更多的脂肪，以应对寒冷的冬季和长时间的休眠。这种动物在冬季来临之前会进入深度休眠，通过减少身体活动来节省能量，同时依靠体内储存的脂肪来维持生命活动。它的冬眠状态可以持续数月之久。||在这个游戏中，我们需要通过分析每位玩家的描述来找出卧底。通常，平民的描述会围绕相同的词语展开，而卧底的描述可能会因为词语的不同而显得不太一致。我们需要仔细比较每个描述之间的相似性和差异性，以找出可能的卧底，注意，卧底并不会隐藏自己，他会直接描述他的词语，现在，逐一分析每个玩家的描述，注意，这局游戏的词语分类为<动物>，卧底词和平民词都属于该类。||之前是第3轮描述和之前轮数描述的合集。你之前认为的卧底是玩家3。
2024-12-13 16:24:12,881 - 4 - INFO - **********PLAYER4**********
在第三轮描述中，玩家1和玩家2的描述都集中在森林或山区生活的动物，强调了这些动物的力量、耐力、攀爬和游泳能力，以及它们在冬眠时储存脂肪的能力。这两个描述非常相似，表明他们可能持有相同的词语。

玩家3的描述提到了草原或沙漠中生活的动物，强调了它的捕猎本能、耐力和速度，以及它在复杂地形中快速穿梭的能力。这些描述与玩家1和玩家2的描述差异很大。

玩家4的描述与之前的描述相似，提到了一种体型庞大、毛发浓密的动物，强调了它在冬眠方面的独特适应能力，以及在森林中的强大力量和耐力。

基于这些描述，玩家3的描述与玩家1和玩家2的差异最大，这与之前的推断相符。因此，如果必须根据描述的差异来选择一个卧底，玩家3仍然是可能的卧底人选。
2024-12-13 16:24:12,883 - 4 - INFO - **********JUDGER**********
你刚刚的分析是在第三轮描述中，玩家1和玩家2的描述都集中在森林或山区生活的动物，强调了这些动物的力量、耐力、攀爬和游泳能力，以及它们在冬眠时储存脂肪的能力。这两个描述非常相似，表明他们可能持有相同的词语。

玩家3的描述提到了草原或沙漠中生活的动物，强调了它的捕猎本能、耐力和速度，以及它在复杂地形中快速穿梭的能力。这些描述与玩家1和玩家2的描述差异很大。

玩家4的描述与之前的描述相似，提到了一种体型庞大、毛发浓密的动物，强调了它在冬眠方面的独特适应能力，以及在森林中的强大力量和耐力。

基于这些描述，玩家3的描述与玩家1和玩家2的差异最大，这与之前的推断相符。因此，如果必须根据描述的差异来选择一个卧底，玩家3仍然是可能的卧底人选。|| `请根据上述分析，比较描述以找出不一致之处，注意，这局游戏的词语分类为<动物>，卧底词和平民词都属于该类。
2024-12-13 16:24:28,150 - 4 - INFO - **********PLAYER4**********
根据上述分析，我们可以比较描述中的一致性和不一致性如下：

1. 玩家1和玩家2的描述都指向了森林或山区生活的动物，并且都提到了以下特征：
   - 力量和耐力
   - 攀爬和游泳能力
   - 冬眠时储存脂肪

2. 玩家3的描述则指向了草原或沙漠中生活的动物，并且提到了以下特征：
   - 捕猎本能
   - 耐力和速度
   - 在复杂地形中快速穿梭的能力

3. 玩家4的描述与玩家1和玩家2的描述相似，提到了以下特征：
   - 体型庞大、毛发浓密
   - 冬眠方面的独特适应能力
   - 强大的力量和耐力

不一致之处：
- 生活环境：玩家3的描述提到了草原或沙漠，而玩家1和玩家2以及玩家4的描述提到了森林或山区。
- 特殊能力：玩家3的描述强调了捕猎本能和快速穿梭的能力，这与玩家1和玩家2的攀爬和游泳能力以及玩家4的冬眠能力有所不同。

基于这些不一致之处，玩家3的描述与玩家1和玩家2的描述在生活环境和特殊能力上都有显著差异，这表明玩家3的词语可能与他们的词语不同。因此，不一致之处在于生活环境和特殊能力的描述。
2024-12-13 16:24:28,161 - 4 - INFO - **********JUDGER**********
你刚刚的分析是根据上述分析，我们可以比较描述中的一致性和不一致性如下：

1. 玩家1和玩家2的描述都指向了森林或山区生活的动物，并且都提到了以下特征：
   - 力量和耐力
   - 攀爬和游泳能力
   - 冬眠时储存脂肪

2. 玩家3的描述则指向了草原或沙漠中生活的动物，并且提到了以下特征：
   - 捕猎本能
   - 耐力和速度
   - 在复杂地形中快速穿梭的能力

3. 玩家4的描述与玩家1和玩家2的描述相似，提到了以下特征：
   - 体型庞大、毛发浓密
   - 冬眠方面的独特适应能力
   - 强大的力量和耐力

不一致之处：
- 生活环境：玩家3的描述提到了草原或沙漠，而玩家1和玩家2以及玩家4的描述提到了森林或山区。
- 特殊能力：玩家3的描述强调了捕猎本能和快速穿梭的能力，这与玩家1和玩家2的攀爬和游泳能力以及玩家4的冬眠能力有所不同。

基于这些不一致之处，玩家3的描述与玩家1和玩家2的描述在生活环境和特殊能力上都有显著差异，这表明玩家3的词语可能与他们的词语不同。因此，不一致之处在于生活环境和特殊能力的描述。|| 请通过你分析的不一致之处，推断卧底身份，注意，这局游戏的词语分类为<动物>，卧底词和平民词都属于该类。
2024-12-13 16:24:42,258 - 4 - INFO - **********PLAYER4**********
基于分析中提到的不一致之处，我们可以推断卧底身份如下：

- 玩家1和玩家2的描述都指向了森林或山区生活的动物，且都提到了攀爬和游泳能力以及冬眠储存脂肪的特征，这表明他们的词语可能是与这些特征相关的动物，如猴子或某些熊类。
- 玩家4的描述与玩家1和玩家2的描述相似，提到了体型庞大、毛发浓密、冬眠方面的独特适应能力以及强大的力量和耐力，这与玩家1和玩家2的描述有一定的重叠，但没有明确提到攀爬和游泳。
- 玩家3的描述提到了草原或沙漠中生活的动物，强调了捕猎本能、耐力和速度，以及复杂地形中快速穿梭的能力，这与玩家1和玩家2的描述在生活环境和特殊能力上都有显著差异。

考虑到游戏的词语分类为<动物>，且卧底词和平民词都属于该类，玩家3的描述与玩家1和玩家2的描述在生活环境和特殊能力上存在明显的不一致，这表明玩家3的词语可能与他们的词语不同。因此，基于不一致之处，玩家3很可能是卧底。
2024-12-13 16:24:42,259 - 4 - INFO - **********JUDGER**********
你刚刚的推断是基于分析中提到的不一致之处，我们可以推断卧底身份如下：

- 玩家1和玩家2的描述都指向了森林或山区生活的动物，且都提到了攀爬和游泳能力以及冬眠储存脂肪的特征，这表明他们的词语可能是与这些特征相关的动物，如猴子或某些熊类。
- 玩家4的描述与玩家1和玩家2的描述相似，提到了体型庞大、毛发浓密、冬眠方面的独特适应能力以及强大的力量和耐力，这与玩家1和玩家2的描述有一定的重叠，但没有明确提到攀爬和游泳。
- 玩家3的描述提到了草原或沙漠中生活的动物，强调了捕猎本能、耐力和速度，以及复杂地形中快速穿梭的能力，这与玩家1和玩家2的描述在生活环境和特殊能力上都有显著差异。

考虑到游戏的词语分类为<动物>，且卧底词和平民词都属于该类，玩家3的描述与玩家1和玩家2的描述在生活环境和特殊能力上存在明显的不一致，这表明玩家3的词语可能与他们的词语不同。因此，基于不一致之处，玩家3很可能是卧底。|| 基于你刚刚的推断得出你的最终结论，请输出你认为的卧底，在这种情况下只需要输出编号，是1-4中的某个数字，不要输出其他信息。在这个过程不要进行任何推理，只对||以前的部分进行信息提取
2024-12-13 16:24:45,233 - 4 - INFO - **********PLAYER4**********
3
