2024-12-13 17:20:31,514 - 1 - INFO - **********JUDGER**********
让我们来玩一个叫做<谁是卧底>的推理游戏。基本规则：<人数>：4人。<角色分配>：每位玩家随机抽取一个词语，3名玩家拿到的词语是相同的（平民词），1名玩家拿到与之相近但不同的词语（卧底词）。<游戏流程>：1、玩家轮流描述自己的词语，但<不能>直接说出词语本身。2、描述完毕后，投票选出最像卧底的玩家。3、每轮结束后，被投票选出的玩家出局，不能再进行描述或投票。4、每轮投票结束后，如果卧底被成功找出，平民方获胜；如果卧底未被找出且卧底人数等于或超过平民人数，则卧底方获胜。你将扮演一个<玩家>，请等待你被分配到的关键词。如果你听懂了，只回答，"好的，我准备好参加游戏了"，不要输出别的信息
2024-12-13 17:20:32,027 - 1 - INFO - **********PLAYER1**********
好的，我准备好参加游戏了
2024-12-13 17:20:35,807 - 1 - INFO - **********JUDGER**********
玩家1说：玩家2说：玩家3说：玩家4说：|| 你是第1号玩家，你的关键词是<月亮>。你的回答中绝对不能包含你的关键词<月亮>。这是第一轮描述，不需要分析||之前别的玩家的描述，请你描述关键词基本特征，注意，这局游戏的词语分类为<天文>，卧底词和平民词都属于该类，描述包括以下两点，1.他的基本特征是什么2.他在该类（天文）中最突出不同的特征是什么，尽量简短
2024-12-13 17:20:38,536 - 1 - INFO - **********PLAYER1**********
它是一个夜空中常见的圆形天体，与太阳、星星共同构成夜空的主要元素。在所有天文现象中，它最引人注目的是其周期性的圆缺变化。
2024-12-13 17:20:48,220 - 1 - INFO - **********JUDGER**********
玩家1说：它是一个夜空中常见的圆形天体，与太阳、星星共同构成夜空的主要元素。在所有天文现象中，它最引人注目的是其周期性的圆缺变化。玩家2说：它是一种在天空中闪烁的发光体，通常成群出现，亮度各异。在所有天文现象中，它最突出的不同特征是其独特的闪烁和移动轨迹。玩家3说：这是一个天空中自然存在的发光体，通常在夜晚清晰可见。它在同一类天文现象中最突出的不同特征是它的轨道周期性变化。玩家4说：||在这个游戏中，我们需要通过分析每位玩家的描述来找出卧底。通常，平民的描述会围绕相同的词语展开，而卧底的描述可能会因为词语的不同而显得不太一致。我们需要仔细比较每个描述之间的相似性和差异性，以找出可能的卧底，注意，卧底并不会隐藏自己，他会直接描述他的词语，现在，逐一分析每个玩家的描述，注意，这局游戏的词语分类为<天文>，卧底词和平民词都属于该类。这是第一轮描述。
2024-12-13 17:21:04,092 - 1 - INFO - **********PLAYER1**********
玩家1的描述提到了夜空中的圆形天体，周期性的圆缺变化，这与月亮的特征相符。

玩家2的描述提到了在天空中闪烁的发光体，成群出现，独特的闪烁和移动轨迹，这与流星或流星雨的特征相符。

玩家3的描述提到了天空中自然存在的发光体，夜晚清晰可见，轨道周期性变化，这与行星的特征相符。

玩家4的描述是一个引导性的分析，他并没有提供具体的描述，而是提醒我们要分析描述之间的相似性和差异性。

根据这些描述，如果我是玩家1，我会注意玩家2和玩家3的描述，因为它们提到了与月亮不同的特征，而我的关键词是月亮。如果玩家2和玩家3的描述与其他玩家更加一致，那么他们可能是平民，而我是卧底。如果他们的描述与其他玩家不一致，那么他们可能是卧底，而我可能是平民。因此，我会根据后续玩家的描述来判断谁是卧底。
2024-12-13 17:21:04,095 - 1 - INFO - **********JUDGER**********
你刚刚的分析是玩家1的描述提到了夜空中的圆形天体，周期性的圆缺变化，这与月亮的特征相符。

玩家2的描述提到了在天空中闪烁的发光体，成群出现，独特的闪烁和移动轨迹，这与流星或流星雨的特征相符。

玩家3的描述提到了天空中自然存在的发光体，夜晚清晰可见，轨道周期性变化，这与行星的特征相符。

玩家4的描述是一个引导性的分析，他并没有提供具体的描述，而是提醒我们要分析描述之间的相似性和差异性。

根据这些描述，如果我是玩家1，我会注意玩家2和玩家3的描述，因为它们提到了与月亮不同的特征，而我的关键词是月亮。如果玩家2和玩家3的描述与其他玩家更加一致，那么他们可能是平民，而我是卧底。如果他们的描述与其他玩家不一致，那么他们可能是卧底，而我可能是平民。因此，我会根据后续玩家的描述来判断谁是卧底。|| `请根据上述分析，比较描述以找出不一致之处，注意，这局游戏的词语分类为<天文>，卧底词和平民词都属于该类。
2024-12-13 17:21:31,377 - 1 - INFO - **********PLAYER1**********
根据上述分析，我们可以比较描述中的不一致之处如下：

1. 玩家1的描述专注于月亮的周期性圆缺变化，这是月亮的一个非常显著的特征。

2. 玩家2的描述提到了闪烁的发光体和移动轨迹，这与流星或流星雨的特征相符，因为它们通常不是周期性的，而是短暂且不可预测的。

3. 玩家3的描述提到了自然存在的发光体和轨道周期性变化，这更像是行星的特征，尤其是地球的卫星――月亮，也有其轨道周期性变化，但玩家3的描述似乎在强调轨道周期性，这可能与月亮的特征不完全一致。

4. 玩家4的描述是分析性的，没有提供具体的描述，因此不参与比较。

在这三个描述中，玩家2和玩家3的描述与玩家1的描述存在不一致之处。玩家2提到的“闪烁的发光体”和“独特的闪烁和移动轨迹”以及玩家3提到的“轨道周期性变化”都不完全符合月亮的特征。如果所有玩家都描述了月亮的特征，那么这些描述的不一致可能会指向玩家2或玩家3中的一个或两个是卧底。

然而，由于游戏规则中提到卧底词和平民词都属于天文类，这意味着流星、流星雨和行星也可能是平民词。因此，我们需要更多的信息或者后续玩家的描述来确定谁是卧底。如果玩家2和玩家3的描述在后续的描述中与其他玩家的描述更加一致，那么他们可能是平民；如果他们的描述与其他玩家的描述不一致，那么他们可能是卧底。
2024-12-13 17:21:31,380 - 1 - INFO - **********JUDGER**********
你刚刚的分析是根据上述分析，我们可以比较描述中的不一致之处如下：

1. 玩家1的描述专注于月亮的周期性圆缺变化，这是月亮的一个非常显著的特征。

2. 玩家2的描述提到了闪烁的发光体和移动轨迹，这与流星或流星雨的特征相符，因为它们通常不是周期性的，而是短暂且不可预测的。

3. 玩家3的描述提到了自然存在的发光体和轨道周期性变化，这更像是行星的特征，尤其是地球的卫星――月亮，也有其轨道周期性变化，但玩家3的描述似乎在强调轨道周期性，这可能与月亮的特征不完全一致。

4. 玩家4的描述是分析性的，没有提供具体的描述，因此不参与比较。

在这三个描述中，玩家2和玩家3的描述与玩家1的描述存在不一致之处。玩家2提到的“闪烁的发光体”和“独特的闪烁和移动轨迹”以及玩家3提到的“轨道周期性变化”都不完全符合月亮的特征。如果所有玩家都描述了月亮的特征，那么这些描述的不一致可能会指向玩家2或玩家3中的一个或两个是卧底。

然而，由于游戏规则中提到卧底词和平民词都属于天文类，这意味着流星、流星雨和行星也可能是平民词。因此，我们需要更多的信息或者后续玩家的描述来确定谁是卧底。如果玩家2和玩家3的描述在后续的描述中与其他玩家的描述更加一致，那么他们可能是平民；如果他们的描述与其他玩家的描述不一致，那么他们可能是卧底。|| 请通过你分析的不一致之处，推断卧底身份，注意，这局游戏的词语分类为<天文>，卧底词和平民词都属于该类。
2024-12-13 17:21:49,580 - 1 - INFO - **********PLAYER1**********
根据分析的不一致之处，我们可以进行以下推断：

1. 玩家1描述了月亮的周期性圆缺变化，这是月亮的一个显著特征，因此玩家1的描述与月亮的特征相符。

2. 玩家2描述了“闪烁的发光体”和“独特的闪烁和移动轨迹”，这些特征更符合流星或流星雨，而不是月亮。

3. 玩家3描述了“自然存在的发光体”和“轨道周期性变化”，这些特征虽然与月亮相符，但强调的“轨道周期性变化”似乎在暗示一个不同于月亮的周期性，这可能指向行星，尤其是地球的卫星――月亮，也有其轨道周期性变化，但这样的描述可能不够精确以区分月亮和其他行星。

考虑到游戏规则，卧底词和平民词都属于天文类，我们可以推断：

- 如果玩家2的描述在后续的描述中与其他玩家的描述（尤其是与玩家1的描述）存在明显的不一致，那么玩家2可能是卧底，因为流星或流星雨的特征与月亮的特征差异较大。
- 如果玩家3的描述在后续的描述中与其他玩家的描述（尤其是与玩家1的描述）存在明显的不一致，那么玩家3也可能是卧底，因为如果描述的是行星，尤其是地球的卫星月亮，那么描述应该更加精确，而不是仅仅强调轨道周期性变化。

因此，根据当前的信息，玩家2和玩家3的卧底嫌疑较大，但最终的身份需要通过后续的描述和推理来确定。
2024-12-13 17:21:49,584 - 1 - INFO - **********JUDGER**********
你刚刚的推断是根据分析的不一致之处，我们可以进行以下推断：

1. 玩家1描述了月亮的周期性圆缺变化，这是月亮的一个显著特征，因此玩家1的描述与月亮的特征相符。

2. 玩家2描述了“闪烁的发光体”和“独特的闪烁和移动轨迹”，这些特征更符合流星或流星雨，而不是月亮。

3. 玩家3描述了“自然存在的发光体”和“轨道周期性变化”，这些特征虽然与月亮相符，但强调的“轨道周期性变化”似乎在暗示一个不同于月亮的周期性，这可能指向行星，尤其是地球的卫星――月亮，也有其轨道周期性变化，但这样的描述可能不够精确以区分月亮和其他行星。

考虑到游戏规则，卧底词和平民词都属于天文类，我们可以推断：

- 如果玩家2的描述在后续的描述中与其他玩家的描述（尤其是与玩家1的描述）存在明显的不一致，那么玩家2可能是卧底，因为流星或流星雨的特征与月亮的特征差异较大。
- 如果玩家3的描述在后续的描述中与其他玩家的描述（尤其是与玩家1的描述）存在明显的不一致，那么玩家3也可能是卧底，因为如果描述的是行星，尤其是地球的卫星月亮，那么描述应该更加精确，而不是仅仅强调轨道周期性变化。

因此，根据当前的信息，玩家2和玩家3的卧底嫌疑较大，但最终的身份需要通过后续的描述和推理来确定。|| 基于你刚刚的推断得出你的最终结论，请输出你认为的卧底，在这种情况下只需要输出编号，是1-4中的某个数字，不要输出其他信息。在这个过程不要进行任何推理，只对||以前的部分进行信息提取
2024-12-13 17:21:50,859 - 1 - INFO - **********PLAYER1**********
2
2024-12-13 17:23:37,581 - 1 - INFO - **********JUDGER**********
玩家1说：它是一个夜空中常见的圆形天体，与太阳、星星共同构成夜空的主要元素。在所有天文现象中，它最引人注目的是其周期性的圆缺变化。玩家2说：它是一种在天空中闪烁的发光体，通常成群出现，亮度各异。在所有天文现象中，它最突出的不同特征是其独特的闪烁和移动轨迹。玩家3说：这是一个天空中自然存在的发光体，通常在夜晚清晰可见。它在同一类天文现象中最突出的不同特征是它的轨道周期性变化。玩家4说：这是一个天体，通常在夜晚出现，它的亮度相对稳定。在所有天文现象中，它最突出的不同特征是它的形态变化，从满月到新月会经历不同的圆缺阶段。你是第1号玩家，你的关键词是<月亮>。你的回答中绝对不能包含你的关键词<月亮>。这是第二轮描述，你之前的描述是它是一个夜空中常见的圆形天体，与太阳、星星共同构成夜空的主要元素。在所有天文现象中，它最引人注目的是其周期性的圆缺变化。，注意，这局游戏的词语分类为<天文>，卧底词和平民词都属于该类，请你补充关于关键词的描述，注意，你的描述应该比起之前的描述更加贴近关键词，作为之前的补充
2024-12-13 17:23:39,519 - 1 - INFO - **********PLAYER1**********
它在天际中静静地悬挂，夜间之光引人瞩目，它的存在使夜空变得更加生动和神秘。它的圆缺变化如同大自然的钟表，每隔一段时间就会上演一场视觉盛宴。
2024-12-13 17:23:55,652 - 1 - INFO - **********JUDGER**********
玩家1说：它是一个夜空中常见的圆形天体，与太阳、星星共同构成夜空的主要元素。在所有天文现象中，它最引人注目的是其周期性的圆缺变化。它在天际中静静地悬挂，夜间之光引人瞩目，它的存在使夜空变得更加生动和神秘。它的圆缺变化如同大自然的钟表，每隔一段时间就会上演一场视觉盛宴。玩家2说：它是一种在天空中闪烁的发光体，通常成群出现，亮度各异。在所有天文现象中，它最突出的不同特征是其独特的闪烁和移动轨迹。它的光芒虽不及月亮那般耀眼，但在夜空中却是一道不可或缺的风景。它的存在常常伴随着其他天体，共同点缀着夜空。在所有天文现象中，它的闪烁如同大自然的语言，时而明亮，时而暗淡，为夜空增添了一份神秘和变幻莫测的美。玩家3说：这是一个天空中自然存在的发光体，通常在夜晚清晰可见。它在同一类天文现象中最突出的不同特征是它的轨道周期性变化。它是一种夜空中的天体，其圆周形态在月相变化中展现出周期性的变化。这种变化不仅规律，而且引人入胜，是夜空中最为引人注目的现象之一。它的存在不仅为夜空增添了神秘感，也成为了人们观测和预测时间的重要自然标志。玩家4说：这是一个天体，通常在夜晚出现，它的亮度相对稳定。在所有天文现象中，它最突出的不同特征是它的形态变化，从满月到新月会经历不同的圆缺阶段。||在这个游戏中，我们需要通过分析每位玩家的描述来找出卧底。通常，平民的描述会围绕相同的词语展开，而卧底的描述可能会因为词语的不同而显得不太一致。我们需要仔细比较每个描述之间的相似性和差异性，以找出可能的卧底，注意，卧底并不会隐藏自己，他会直接描述他的词语，现在，逐一分析每个玩家的描述，注意，这局游戏的词语分类为<天文>，卧底词和平民词都属于该类。||之前是第2轮描述和之前轮数描述的合集。你之前认为的卧底是玩家2。
2024-12-13 17:23:56,503 - 1 - INFO - **********PLAYER1**********
玩家2
2024-12-13 17:23:56,503 - 1 - INFO - **********JUDGER**********
你刚刚的分析是玩家2|| `请根据上述分析，比较描述以找出不一致之处，注意，这局游戏的词语分类为<天文>，卧底词和平民词都属于该类。
2024-12-13 17:24:09,263 - 1 - INFO - **********PLAYER1**********
在比较玩家1、玩家2、玩家3和玩家4的描述时，以下是不一致之处：

1. 玩家1的描述集中在月亮的周期性圆缺变化，这是月亮的一个非常显著的特征。

2. 玩家2的描述提到了“闪烁的发光体”和“独特的闪烁和移动轨迹”，这与流星或流星雨的特征相符，而不仅仅是月亮。

3. 玩家3的描述强调了“轨道周期性变化”和“圆周形态在月相变化中展现出周期性的变化”，这虽然与月亮的轨道周期性变化相符，但“圆周形态”的描述与玩家1的“周期性的圆缺变化”有所不同。

4. 玩家4的描述提到了“形态变化，从满月到新月会经历不同的圆缺阶段”，这与玩家1和玩家3的描述相似，但玩家4没有提到月亮的“周期性的圆缺变化”。

不一致之处在于玩家2的描述与其他玩家的描述在关键词的特定特征上存在差异。玩家2提到了“闪烁的发光体”和“独特的闪烁和移动轨迹”，而其他玩家没有提到这些特征。这表明玩家2的描述可能指向了一个不同的天文现象，可能是流星或流星雨，而不是月亮。因此，根据描述的不一致性，玩家2可能是卧底。
2024-12-13 17:24:09,264 - 1 - INFO - **********JUDGER**********
你刚刚的分析是在比较玩家1、玩家2、玩家3和玩家4的描述时，以下是不一致之处：

1. 玩家1的描述集中在月亮的周期性圆缺变化，这是月亮的一个非常显著的特征。

2. 玩家2的描述提到了“闪烁的发光体”和“独特的闪烁和移动轨迹”，这与流星或流星雨的特征相符，而不仅仅是月亮。

3. 玩家3的描述强调了“轨道周期性变化”和“圆周形态在月相变化中展现出周期性的变化”，这虽然与月亮的轨道周期性变化相符，但“圆周形态”的描述与玩家1的“周期性的圆缺变化”有所不同。

4. 玩家4的描述提到了“形态变化，从满月到新月会经历不同的圆缺阶段”，这与玩家1和玩家3的描述相似，但玩家4没有提到月亮的“周期性的圆缺变化”。

不一致之处在于玩家2的描述与其他玩家的描述在关键词的特定特征上存在差异。玩家2提到了“闪烁的发光体”和“独特的闪烁和移动轨迹”，而其他玩家没有提到这些特征。这表明玩家2的描述可能指向了一个不同的天文现象，可能是流星或流星雨，而不是月亮。因此，根据描述的不一致性，玩家2可能是卧底。|| 请通过你分析的不一致之处，推断卧底身份，注意，这局游戏的词语分类为<天文>，卧底词和平民词都属于该类。
2024-12-13 17:24:10,237 - 1 - INFO - **********PLAYER1**********
2
2024-12-13 17:24:10,238 - 1 - INFO - **********JUDGER**********
你刚刚的推断是2|| 基于你刚刚的推断得出你的最终结论，请输出你认为的卧底，在这种情况下只需要输出编号，是1-4中的某个数字，不要输出其他信息。在这个过程不要进行任何推理，只对||以前的部分进行信息提取
2024-12-13 17:24:11,128 - 1 - INFO - **********PLAYER1**********
2
2024-12-13 17:25:25,320 - 1 - INFO - **********JUDGER**********
玩家1说：它是一个夜空中常见的圆形天体，与太阳、星星共同构成夜空的主要元素。在所有天文现象中，它最引人注目的是其周期性的圆缺变化。它在天际中静静地悬挂，夜间之光引人瞩目，它的存在使夜空变得更加生动和神秘。它的圆缺变化如同大自然的钟表，每隔一段时间就会上演一场视觉盛宴。玩家2说：它是一种在天空中闪烁的发光体，通常成群出现，亮度各异。在所有天文现象中，它最突出的不同特征是其独特的闪烁和移动轨迹。它的光芒虽不及月亮那般耀眼，但在夜空中却是一道不可或缺的风景。它的存在常常伴随着其他天体，共同点缀着夜空。在所有天文现象中，它的闪烁如同大自然的语言，时而明亮，时而暗淡，为夜空增添了一份神秘和变幻莫测的美。玩家3说：这是一个天空中自然存在的发光体，通常在夜晚清晰可见。它在同一类天文现象中最突出的不同特征是它的轨道周期性变化。它是一种夜空中的天体，其圆周形态在月相变化中展现出周期性的变化。这种变化不仅规律，而且引人入胜，是夜空中最为引人注目的现象之一。它的存在不仅为夜空增添了神秘感，也成为了人们观测和预测时间的重要自然标志。玩家4说：这是一个天体，通常在夜晚出现，它的亮度相对稳定。在所有天文现象中，它最突出的不同特征是它的形态变化，从满月到新月会经历不同的圆缺阶段。这个天体在天际中静静地悬挂，它的存在为夜空增添了一份神秘和变幻莫测的美。它的圆周形态在月相变化中展现出周期性的变化，这种变化如同大自然的钟表，每隔一段时间就会上演一场视觉盛宴。它的光芒虽不及太阳那般耀眼，但在夜空中却是一道不可或缺的风景，为夜晚带来了宁静与安宁。你是第1号玩家，你的关键词是<月亮>。你的回答中绝对不能包含你的关键词<月亮>。这是第三轮描述，你之前的描述是它是一个夜空中常见的圆形天体，与太阳、星星共同构成夜空的主要元素。在所有天文现象中，它最引人注目的是其周期性的圆缺变化。和它在天际中静静地悬挂，夜间之光引人瞩目，它的存在使夜空变得更加生动和神秘。它的圆缺变化如同大自然的钟表，每隔一段时间就会上演一场视觉盛宴。，注意，这局游戏的词语分类为<天文>，卧底词和平民词都属于该类，请你补充关于关键词的描述，注意，你的描述应该比起之前的描述更加贴近关键词，作为之前的补充
2024-12-13 17:25:27,189 - 1 - INFO - **********PLAYER1**********
它那恒定的光辉在天幕中闪烁，引导着人们的视线，它的形状随着时间悄然变化，成为夜空中最熟悉的图案。
2024-12-13 17:25:38,658 - 1 - INFO - **********JUDGER**********
玩家1说：它是一个夜空中常见的圆形天体，与太阳、星星共同构成夜空的主要元素。在所有天文现象中，它最引人注目的是其周期性的圆缺变化。它在天际中静静地悬挂，夜间之光引人瞩目，它的存在使夜空变得更加生动和神秘。它的圆缺变化如同大自然的钟表，每隔一段时间就会上演一场视觉盛宴。它那恒定的光辉在天幕中闪烁，引导着人们的视线，它的形状随着时间悄然变化，成为夜空中最熟悉的图案。玩家2说：它是一种在天空中闪烁的发光体，通常成群出现，亮度各异。在所有天文现象中，它最突出的不同特征是其独特的闪烁和移动轨迹。它的光芒虽不及月亮那般耀眼，但在夜空中却是一道不可或缺的风景。它的存在常常伴随着其他天体，共同点缀着夜空。在所有天文现象中，它的闪烁如同大自然的语言，时而明亮，时而暗淡，为夜空增添了一份神秘和变幻莫测的美。这种发光体在夜空中分布广泛，它们的光芒虽然微弱，但聚集在一起时，能够照亮整个夜空。它们没有固定的轨迹，而是随着气流和地球自转不断变化，给人一种动态的美感。在某些夜晚，当大气条件适宜时，这些发光体会显得格外明亮，成为夜空中最引人注目的亮点之一。玩家3说：这是一个天空中自然存在的发光体，通常在夜晚清晰可见。它在同一类天文现象中最突出的不同特征是它的轨道周期性变化。它是一种夜空中的天体，其圆周形态在月相变化中展现出周期性的变化。这种变化不仅规律，而且引人入胜，是夜空中最为引人注目的现象之一。它的存在不仅为夜空增添了神秘感，也成为了人们观测和预测时间的重要自然标志。这个天体在天际中静静地悬挂，它的存在为夜空增添了一份神秘和变幻莫测的美。它的圆周形态在月相变化中展现出周期性的变化，这种变化如同大自然的钟表，每隔一段时间就会上演一场视觉盛宴。它的光芒虽不及太阳那般耀眼，但在夜空中却是一道不可或缺的风景，为夜晚带来了宁静与安宁。玩家4说：这是一个天体，通常在夜晚出现，它的亮度相对稳定。在所有天文现象中，它最突出的不同特征是它的形态变化，从满月到新月会经历不同的圆缺阶段。这个天体在天际中静静地悬挂，它的存在为夜空增添了一份神秘和变幻莫测的美。它的圆周形态在月相变化中展现出周期性的变化，这种变化如同大自然的钟表，每隔一段时间就会上演一场视觉盛宴。它的光芒虽不及太阳那般耀眼，但在夜空中却是一道不可或缺的风景，为夜晚带来了宁静与安宁。这个天体在天际中静静地悬挂，它的圆周形态在月相变化中展现出周期性的变化，如同大自然的钟表，每隔一段时间就会上演一场视觉盛宴。它的光芒虽不及太阳那般耀眼，但在夜空中却是一道不可或缺的风景，为夜晚带来了宁静与安宁。它的存在为夜空增添了神秘感，也成为了人们观测和预测时间的重要自然标志。||在这个游戏中，我们需要通过分析每位玩家的描述来找出卧底。通常，平民的描述会围绕相同的词语展开，而卧底的描述可能会因为词语的不同而显得不太一致。我们需要仔细比较每个描述之间的相似性和差异性，以找出可能的卧底，注意，卧底并不会隐藏自己，他会直接描述他的词语，现在，逐一分析每个玩家的描述，注意，这局游戏的词语分类为<天文>，卧底词和平民词都属于该类。||之前是第3轮描述和之前轮数描述的合集。你之前认为的卧底是玩家2。
2024-12-13 17:25:43,616 - 1 - INFO - **********PLAYER1**********
根据上述描述，玩家2的描述与其他玩家的描述存在明显的差异。玩家2提到了“闪烁的发光体”、“独特的闪烁和移动轨迹”以及“分布广泛的光芒”，这些特征与流星或流星雨的特征相符，而不是月亮的特征。其他玩家的描述则更加侧重于月亮的周期性圆缺变化和月相变化。

因此，根据描述的不一致之处，我认为玩家2可能是卧底。
2024-12-13 17:25:43,617 - 1 - INFO - **********JUDGER**********
你刚刚的分析是根据上述描述，玩家2的描述与其他玩家的描述存在明显的差异。玩家2提到了“闪烁的发光体”、“独特的闪烁和移动轨迹”以及“分布广泛的光芒”，这些特征与流星或流星雨的特征相符，而不是月亮的特征。其他玩家的描述则更加侧重于月亮的周期性圆缺变化和月相变化。

因此，根据描述的不一致之处，我认为玩家2可能是卧底。|| `请根据上述分析，比较描述以找出不一致之处，注意，这局游戏的词语分类为<天文>，卧底词和平民词都属于该类。
2024-12-13 17:25:52,586 - 1 - INFO - **********PLAYER1**********
在比较玩家1、玩家2、玩家3和玩家4的描述时，以下是不一致之处：

1. 玩家1的描述集中在月亮的周期性圆缺变化，以及月亮在天际中的静态存在和其恒定的光辉。

2. 玩家2的描述提到了“闪烁的发光体”、“独特的闪烁和移动轨迹”以及“分布广泛的光芒”，这些特征与流星或流星雨的特征相符，而不是月亮的特征。玩家2还提到了流星或流星雨会伴随其他天体，共同点缀夜空。

3. 玩家3的描述与玩家1相似，强调了月亮的轨道周期性变化、圆周形态的周期性变化，以及月亮作为观测和预测时间的重要自然标志。

4. 玩家4的描述也侧重于月亮的形态变化和圆缺阶段，以及月亮在夜空中的神秘感和宁静氛围。

不一致之处在于玩家2的描述与其他玩家的描述在关键词的特征上存在显著差异。玩家2描述的特征与流星或流星雨相关，而其他玩家描述的特征与月亮相关。这表明玩家2的描述可能与卧底词相符。
2024-12-13 17:25:52,588 - 1 - INFO - **********JUDGER**********
你刚刚的分析是在比较玩家1、玩家2、玩家3和玩家4的描述时，以下是不一致之处：

1. 玩家1的描述集中在月亮的周期性圆缺变化，以及月亮在天际中的静态存在和其恒定的光辉。

2. 玩家2的描述提到了“闪烁的发光体”、“独特的闪烁和移动轨迹”以及“分布广泛的光芒”，这些特征与流星或流星雨的特征相符，而不是月亮的特征。玩家2还提到了流星或流星雨会伴随其他天体，共同点缀夜空。

3. 玩家3的描述与玩家1相似，强调了月亮的轨道周期性变化、圆周形态的周期性变化，以及月亮作为观测和预测时间的重要自然标志。

4. 玩家4的描述也侧重于月亮的形态变化和圆缺阶段，以及月亮在夜空中的神秘感和宁静氛围。

不一致之处在于玩家2的描述与其他玩家的描述在关键词的特征上存在显著差异。玩家2描述的特征与流星或流星雨相关，而其他玩家描述的特征与月亮相关。这表明玩家2的描述可能与卧底词相符。|| 请通过你分析的不一致之处，推断卧底身份，注意，这局游戏的词语分类为<天文>，卧底词和平民词都属于该类。
2024-12-13 17:25:54,281 - 1 - INFO - **********PLAYER1**********
2
2024-12-13 17:25:54,282 - 1 - INFO - **********JUDGER**********
你刚刚的推断是2|| 基于你刚刚的推断得出你的最终结论，请输出你认为的卧底，在这种情况下只需要输出编号，是1-4中的某个数字，不要输出其他信息。在这个过程不要进行任何推理，只对||以前的部分进行信息提取
2024-12-13 17:25:55,206 - 1 - INFO - **********PLAYER1**********
2
