2024-12-13 17:20:32,536 - 2 - INFO - **********JUDGER**********
让我们来玩一个叫做<谁是卧底>的推理游戏。基本规则：<人数>：4人。<角色分配>：每位玩家随机抽取一个词语，3名玩家拿到的词语是相同的（平民词），1名玩家拿到与之相近但不同的词语（卧底词）。<游戏流程>：1、玩家轮流描述自己的词语，但<不能>直接说出词语本身。2、描述完毕后，投票选出最像卧底的玩家。3、每轮结束后，被投票选出的玩家出局，不能再进行描述或投票。4、每轮投票结束后，如果卧底被成功找出，平民方获胜；如果卧底未被找出且卧底人数等于或超过平民人数，则卧底方获胜。你将扮演一个<玩家>，请等待你被分配到的关键词。如果你听懂了，只回答，"好的，我准备好参加游戏了"，不要输出别的信息
2024-12-13 17:20:33,302 - 2 - INFO - **********PLAYER2**********
好的，我准备好参加游戏了
2024-12-13 17:20:38,536 - 2 - INFO - **********JUDGER**********
玩家1说：它是一个夜空中常见的圆形天体，与太阳、星星共同构成夜空的主要元素。在所有天文现象中，它最引人注目的是其周期性的圆缺变化。玩家2说：玩家3说：玩家4说：|| 你是第2号玩家，你的关键词是<星星>。你的回答中绝对不能包含你的关键词<星星>。这是第一轮描述，不需要分析||之前别的玩家的描述，请你描述关键词基本特征，注意，这局游戏的词语分类为<天文>，卧底词和平民词都属于该类，描述包括以下两点，1.他的基本特征是什么2.他在该类（天文）中最突出不同的特征是什么，尽量简短
2024-12-13 17:20:42,466 - 2 - INFO - **********PLAYER2**********
它是一种在天空中闪烁的发光体，通常成群出现，亮度各异。在所有天文现象中，它最突出的不同特征是其独特的闪烁和移动轨迹。
2024-12-13 17:21:50,859 - 2 - INFO - **********JUDGER**********
玩家1说：它是一个夜空中常见的圆形天体，与太阳、星星共同构成夜空的主要元素。在所有天文现象中，它最引人注目的是其周期性的圆缺变化。玩家2说：它是一种在天空中闪烁的发光体，通常成群出现，亮度各异。在所有天文现象中，它最突出的不同特征是其独特的闪烁和移动轨迹。玩家3说：这是一个天空中自然存在的发光体，通常在夜晚清晰可见。它在同一类天文现象中最突出的不同特征是它的轨道周期性变化。玩家4说：||在这个游戏中，我们需要通过分析每位玩家的描述来找出卧底。通常，平民的描述会围绕相同的词语展开，而卧底的描述可能会因为词语的不同而显得不太一致。我们需要仔细比较每个描述之间的相似性和差异性，以找出可能的卧底，注意，卧底并不会隐藏自己，他会直接描述他的词语，现在，逐一分析每个玩家的描述，注意，这局游戏的词语分类为<天文>，卧底词和平民词都属于该类。这是第一轮描述。
2024-12-13 17:21:59,052 - 2 - INFO - **********PLAYER2**********
玩家1的描述提到了周期性的圆缺变化，这明显指向了月亮。玩家2的描述提到了闪烁和移动轨迹，这与星星的特征相符。玩家3的描述提到了轨道周期性变化，这也是月亮的特征。玩家4的描述没有具体指出是哪个天文现象，但提到了游戏规则和描述分析的方法。

根据这些描述，玩家1、2和3的描述都指向了月亮，而玩家4的描述没有明确指向月亮，也没有指向星星。因此，如果我是玩家2，我会推测玩家4可能是卧底，因为他没有像其他玩家那样明确地描述一个特定的天文现象。当然，这只是基于第一轮描述的初步分析，随着游戏的进行，我们需要更多的信息来确认卧底的身份。
2024-12-13 17:21:59,053 - 2 - INFO - **********JUDGER**********
你刚刚的分析是玩家1的描述提到了周期性的圆缺变化，这明显指向了月亮。玩家2的描述提到了闪烁和移动轨迹，这与星星的特征相符。玩家3的描述提到了轨道周期性变化，这也是月亮的特征。玩家4的描述没有具体指出是哪个天文现象，但提到了游戏规则和描述分析的方法。

根据这些描述，玩家1、2和3的描述都指向了月亮，而玩家4的描述没有明确指向月亮，也没有指向星星。因此，如果我是玩家2，我会推测玩家4可能是卧底，因为他没有像其他玩家那样明确地描述一个特定的天文现象。当然，这只是基于第一轮描述的初步分析，随着游戏的进行，我们需要更多的信息来确认卧底的身份。|| `请根据上述分析，比较描述以找出不一致之处，注意，这局游戏的词语分类为<天文>，卧底词和平民词都属于该类。
2024-12-13 17:22:11,931 - 2 - INFO - **********PLAYER2**********
在比较四位玩家的描述时，我们可以注意到以下几点不一致之处：

1. **描述的细节和特征**：
   - 玩家1描述了“周期性的圆缺变化”，这是月亮的典型特征。
   - 玩家2描述了“闪烁和移动轨迹”，这也是星星的特征，但星星不会像月亮那样有圆缺变化。
   - 玩家3的描述与玩家1相似，提到了“轨道周期性变化”，这同样是月亮的特征。
   - 玩家4的描述没有具体的天文现象特征，而是提到了游戏规则和描述分析的方法，这与其他玩家的描述内容有显著差异。

2. **描述的针对性**：
   - 玩家1、2和3的描述都直接指向了特定的天文现象（月亮），而玩家4的描述没有具体指向任何特定的天文现象。

3. **描述的深度**：
   - 玩家1、2和3的描述都较为详细地描述了天文现象的特征，而玩家4的描述更像是对游戏规则的解释，而不是对天文现象的描述。

基于以上不一致之处，玩家4的描述与其他玩家的描述在内容和深度上存在显著差异，这可能是他作为卧底的一个线索。卧底通常会选择一个与平民词相似但特征不同的词语，而玩家4的描述没有明确指向任何特定的天文现象，这可能意味着他的词语不是月亮或星星，而是另一个天文现象，或者是与天文现象相关的概念。因此，玩家4可能是卧底。
2024-12-13 17:22:11,933 - 2 - INFO - **********JUDGER**********
你刚刚的分析是在比较四位玩家的描述时，我们可以注意到以下几点不一致之处：

1. **描述的细节和特征**：
   - 玩家1描述了“周期性的圆缺变化”，这是月亮的典型特征。
   - 玩家2描述了“闪烁和移动轨迹”，这也是星星的特征，但星星不会像月亮那样有圆缺变化。
   - 玩家3的描述与玩家1相似，提到了“轨道周期性变化”，这同样是月亮的特征。
   - 玩家4的描述没有具体的天文现象特征，而是提到了游戏规则和描述分析的方法，这与其他玩家的描述内容有显著差异。

2. **描述的针对性**：
   - 玩家1、2和3的描述都直接指向了特定的天文现象（月亮），而玩家4的描述没有具体指向任何特定的天文现象。

3. **描述的深度**：
   - 玩家1、2和3的描述都较为详细地描述了天文现象的特征，而玩家4的描述更像是对游戏规则的解释，而不是对天文现象的描述。

基于以上不一致之处，玩家4的描述与其他玩家的描述在内容和深度上存在显著差异，这可能是他作为卧底的一个线索。卧底通常会选择一个与平民词相似但特征不同的词语，而玩家4的描述没有明确指向任何特定的天文现象，这可能意味着他的词语不是月亮或星星，而是另一个天文现象，或者是与天文现象相关的概念。因此，玩家4可能是卧底。|| 请通过你分析的不一致之处，推断卧底身份，注意，这局游戏的词语分类为<天文>，卧底词和平民词都属于该类。
2024-12-13 17:22:26,672 - 2 - INFO - **********PLAYER2**********
根据上述分析，我们可以推断卧底身份如下：

1. **玩家1、2和3的描述都指向了月亮**。他们提到的“周期性的圆缺变化”和“轨道周期性变化”都是月亮的显著特征。由于游戏中的词语分类为天文，且卧底词和平民词都属于天文类，这意味着卧底不太可能选择与月亮完全无关的词语。

2. **玩家4的描述没有具体指向任何特定的天文现象**。他提到了游戏规则和描述分析的方法，这表明他的描述可能是在引导讨论，而不是直接描述一个天文现象。

3. **玩家4的描述缺乏具体的特征描述**。其他玩家都提供了关于天文现象的具体特征，而玩家4没有。

结合以上点，玩家4的描述与其他玩家的描述不一致，且没有提供关于特定天文现象的特征，这强烈暗示他可能是卧底。考虑到游戏的词语分类为天文，玩家4的词语可能是与天文有关，但与月亮或星星不同的现象，例如彗星、流星或极光等。

因此，基于描述的不一致性和缺乏具体天文现象特征的描述，玩家4很可能是卧底。
2024-12-13 17:22:26,677 - 2 - INFO - **********JUDGER**********
你刚刚的推断是根据上述分析，我们可以推断卧底身份如下：

1. **玩家1、2和3的描述都指向了月亮**。他们提到的“周期性的圆缺变化”和“轨道周期性变化”都是月亮的显著特征。由于游戏中的词语分类为天文，且卧底词和平民词都属于天文类，这意味着卧底不太可能选择与月亮完全无关的词语。

2. **玩家4的描述没有具体指向任何特定的天文现象**。他提到了游戏规则和描述分析的方法，这表明他的描述可能是在引导讨论，而不是直接描述一个天文现象。

3. **玩家4的描述缺乏具体的特征描述**。其他玩家都提供了关于天文现象的具体特征，而玩家4没有。

结合以上点，玩家4的描述与其他玩家的描述不一致，且没有提供关于特定天文现象的特征，这强烈暗示他可能是卧底。考虑到游戏的词语分类为天文，玩家4的词语可能是与天文有关，但与月亮或星星不同的现象，例如彗星、流星或极光等。

因此，基于描述的不一致性和缺乏具体天文现象特征的描述，玩家4很可能是卧底。|| 基于你刚刚的推断得出你的最终结论，请输出你认为的卧底，在这种情况下只需要输出编号，是1-4中的某个数字，不要输出其他信息。在这个过程不要进行任何推理，只对||以前的部分进行信息提取
2024-12-13 17:22:27,604 - 2 - INFO - **********PLAYER2**********
4
2024-12-13 17:23:39,519 - 2 - INFO - **********JUDGER**********
玩家1说：它是一个夜空中常见的圆形天体，与太阳、星星共同构成夜空的主要元素。在所有天文现象中，它最引人注目的是其周期性的圆缺变化。它在天际中静静地悬挂，夜间之光引人瞩目，它的存在使夜空变得更加生动和神秘。它的圆缺变化如同大自然的钟表，每隔一段时间就会上演一场视觉盛宴。玩家2说：它是一种在天空中闪烁的发光体，通常成群出现，亮度各异。在所有天文现象中，它最突出的不同特征是其独特的闪烁和移动轨迹。玩家3说：这是一个天空中自然存在的发光体，通常在夜晚清晰可见。它在同一类天文现象中最突出的不同特征是它的轨道周期性变化。玩家4说：这是一个天体，通常在夜晚出现，它的亮度相对稳定。在所有天文现象中，它最突出的不同特征是它的形态变化，从满月到新月会经历不同的圆缺阶段。你是第2号玩家，你的关键词是<星星>。你的回答中绝对不能包含你的关键词<星星>。这是第二轮描述，你之前的描述是它是一种在天空中闪烁的发光体，通常成群出现，亮度各异。在所有天文现象中，它最突出的不同特征是其独特的闪烁和移动轨迹。，注意，这局游戏的词语分类为<天文>，卧底词和平民词都属于该类，请你补充关于关键词的描述，注意，你的描述应该比起之前的描述更加贴近关键词，作为之前的补充
2024-12-13 17:23:46,557 - 2 - INFO - **********PLAYER2**********
它的光芒虽不及月亮那般耀眼，但在夜空中却是一道不可或缺的风景。它的存在常常伴随着其他天体，共同点缀着夜空。在所有天文现象中，它的闪烁如同大自然的语言，时而明亮，时而暗淡，为夜空增添了一份神秘和变幻莫测的美。
2024-12-13 17:24:11,128 - 2 - INFO - **********JUDGER**********
玩家1说：它是一个夜空中常见的圆形天体，与太阳、星星共同构成夜空的主要元素。在所有天文现象中，它最引人注目的是其周期性的圆缺变化。它在天际中静静地悬挂，夜间之光引人瞩目，它的存在使夜空变得更加生动和神秘。它的圆缺变化如同大自然的钟表，每隔一段时间就会上演一场视觉盛宴。玩家2说：它是一种在天空中闪烁的发光体，通常成群出现，亮度各异。在所有天文现象中，它最突出的不同特征是其独特的闪烁和移动轨迹。它的光芒虽不及月亮那般耀眼，但在夜空中却是一道不可或缺的风景。它的存在常常伴随着其他天体，共同点缀着夜空。在所有天文现象中，它的闪烁如同大自然的语言，时而明亮，时而暗淡，为夜空增添了一份神秘和变幻莫测的美。玩家3说：这是一个天空中自然存在的发光体，通常在夜晚清晰可见。它在同一类天文现象中最突出的不同特征是它的轨道周期性变化。它是一种夜空中的天体，其圆周形态在月相变化中展现出周期性的变化。这种变化不仅规律，而且引人入胜，是夜空中最为引人注目的现象之一。它的存在不仅为夜空增添了神秘感，也成为了人们观测和预测时间的重要自然标志。玩家4说：这是一个天体，通常在夜晚出现，它的亮度相对稳定。在所有天文现象中，它最突出的不同特征是它的形态变化，从满月到新月会经历不同的圆缺阶段。||在这个游戏中，我们需要通过分析每位玩家的描述来找出卧底。通常，平民的描述会围绕相同的词语展开，而卧底的描述可能会因为词语的不同而显得不太一致。我们需要仔细比较每个描述之间的相似性和差异性，以找出可能的卧底，注意，卧底并不会隐藏自己，他会直接描述他的词语，现在，逐一分析每个玩家的描述，注意，这局游戏的词语分类为<天文>，卧底词和平民词都属于该类。||之前是第2轮描述和之前轮数描述的合集。你之前认为的卧底是玩家4。
2024-12-13 17:24:21,544 - 2 - INFO - **********PLAYER2**********
根据第二轮描述和之前轮数描述的合集，玩家4的描述与其他玩家的描述存在以下不一致之处：

1. **描述的周期性变化**：
   - 玩家1、2和4都提到了周期性的变化，如月亮的圆缺变化和星星的闪烁。然而，玩家3特别强调了轨道周期性变化，这与月亮的轨道周期性变化特征相符。

2. **描述的形态变化**：
   - 玩家1、2和4都提到了形态变化，但玩家3的描述中提到了“圆周形态在月相变化中展现出周期性的变化”，这与月亮的形态变化特征相符。

3. **描述的亮度和光耀**：
   - 玩家1和4提到了月亮的亮度，而玩家2描述了星星的闪烁和亮度各异。玩家3没有特别强调亮度和光耀。

基于以上分析，玩家3的描述与其他玩家的描述在周期性变化和形态变化的描述上更为一致，而且他的描述中包含了月亮的轨道周期性变化这一特征，这是其他玩家没有特别提到的。因此，如果之前认为玩家4是卧底，现在根据新的信息，玩家3的描述与月亮的特征更为吻合，他的描述可能更加贴近平民词。

因此，根据当前的描述分析，玩家3可能是卧底。
2024-12-13 17:24:21,545 - 2 - INFO - **********JUDGER**********
你刚刚的分析是根据第二轮描述和之前轮数描述的合集，玩家4的描述与其他玩家的描述存在以下不一致之处：

1. **描述的周期性变化**：
   - 玩家1、2和4都提到了周期性的变化，如月亮的圆缺变化和星星的闪烁。然而，玩家3特别强调了轨道周期性变化，这与月亮的轨道周期性变化特征相符。

2. **描述的形态变化**：
   - 玩家1、2和4都提到了形态变化，但玩家3的描述中提到了“圆周形态在月相变化中展现出周期性的变化”，这与月亮的形态变化特征相符。

3. **描述的亮度和光耀**：
   - 玩家1和4提到了月亮的亮度，而玩家2描述了星星的闪烁和亮度各异。玩家3没有特别强调亮度和光耀。

基于以上分析，玩家3的描述与其他玩家的描述在周期性变化和形态变化的描述上更为一致，而且他的描述中包含了月亮的轨道周期性变化这一特征，这是其他玩家没有特别提到的。因此，如果之前认为玩家4是卧底，现在根据新的信息，玩家3的描述与月亮的特征更为吻合，他的描述可能更加贴近平民词。

因此，根据当前的描述分析，玩家3可能是卧底。|| `请根据上述分析，比较描述以找出不一致之处，注意，这局游戏的词语分类为<天文>，卧底词和平民词都属于该类。
2024-12-13 17:24:31,969 - 2 - INFO - **********PLAYER2**********
根据上述分析，以下是不一致之处：

1. **周期性变化的描述**：
   - 玩家1和玩家4都提到了周期性的圆缺变化，这与月亮的特征相符。
   - 玩家2描述了闪烁和移动轨迹，这是星星的特征。
   - 玩家3提到了轨道周期性变化和圆周形态的周期性变化，这些描述与月亮的轨道和月相变化相符。

2. **形态变化的描述**：
   - 玩家1、2和4都提到了形态变化，但没有特别强调是圆周形态的变化。
   - 玩家3特别提到了圆周形态在月相变化中的周期性变化，这更具体地指向了月亮。

3. **亮度和光耀的描述**：
   - 玩家1和4提到了月亮的亮度。
   - 玩家2描述了星星的闪烁和亮度各异。
   - 玩家3没有特别强调亮度和光耀。

综上所述，玩家3的描述在周期性和形态变化的描述上更加具体和指向月亮的特征，而玩家1和玩家4的描述虽然提到了月亮的特征，但玩家2的描述则更符合星星的特征。因此，玩家3的描述与其他玩家的描述存在不一致之处，这可能表明他是卧底。
2024-12-13 17:24:31,970 - 2 - INFO - **********JUDGER**********
你刚刚的分析是根据上述分析，以下是不一致之处：

1. **周期性变化的描述**：
   - 玩家1和玩家4都提到了周期性的圆缺变化，这与月亮的特征相符。
   - 玩家2描述了闪烁和移动轨迹，这是星星的特征。
   - 玩家3提到了轨道周期性变化和圆周形态的周期性变化，这些描述与月亮的轨道和月相变化相符。

2. **形态变化的描述**：
   - 玩家1、2和4都提到了形态变化，但没有特别强调是圆周形态的变化。
   - 玩家3特别提到了圆周形态在月相变化中的周期性变化，这更具体地指向了月亮。

3. **亮度和光耀的描述**：
   - 玩家1和4提到了月亮的亮度。
   - 玩家2描述了星星的闪烁和亮度各异。
   - 玩家3没有特别强调亮度和光耀。

综上所述，玩家3的描述在周期性和形态变化的描述上更加具体和指向月亮的特征，而玩家1和玩家4的描述虽然提到了月亮的特征，但玩家2的描述则更符合星星的特征。因此，玩家3的描述与其他玩家的描述存在不一致之处，这可能表明他是卧底。|| 请通过你分析的不一致之处，推断卧底身份，注意，这局游戏的词语分类为<天文>，卧底词和平民词都属于该类。
2024-12-13 17:24:40,596 - 2 - INFO - **********PLAYER2**********
基于上述分析的不一致之处，以下是对卧底身份的推断：

1. 玩家1和玩家4的描述都指向了月亮的特征，包括周期性的圆缺变化和亮度。
2. 玩家2的描述与星星的特征相符，特别是闪烁和移动轨迹。
3. 玩家3的描述提到了轨道周期性变化和圆周形态的周期性变化，这些描述与月亮的特征更为吻合。

由于游戏中的词语分类为天文，且卧底词和平民词都属于天文类，玩家3的描述虽然也与月亮相关，但他的描述没有提及月亮的亮度或圆缺变化，而是强调了轨道周期性变化，这可能是一个误导性的描述，试图让其他玩家误以为他是平民。

因此，结合所有信息，玩家3的描述与其他玩家的描述存在不一致之处，且他的描述可能是在误导其他玩家，这使我倾向于推断玩家3是卧底。
2024-12-13 17:24:40,599 - 2 - INFO - **********JUDGER**********
你刚刚的推断是基于上述分析的不一致之处，以下是对卧底身份的推断：

1. 玩家1和玩家4的描述都指向了月亮的特征，包括周期性的圆缺变化和亮度。
2. 玩家2的描述与星星的特征相符，特别是闪烁和移动轨迹。
3. 玩家3的描述提到了轨道周期性变化和圆周形态的周期性变化，这些描述与月亮的特征更为吻合。

由于游戏中的词语分类为天文，且卧底词和平民词都属于天文类，玩家3的描述虽然也与月亮相关，但他的描述没有提及月亮的亮度或圆缺变化，而是强调了轨道周期性变化，这可能是一个误导性的描述，试图让其他玩家误以为他是平民。

因此，结合所有信息，玩家3的描述与其他玩家的描述存在不一致之处，且他的描述可能是在误导其他玩家，这使我倾向于推断玩家3是卧底。|| 基于你刚刚的推断得出你的最终结论，请输出你认为的卧底，在这种情况下只需要输出编号，是1-4中的某个数字，不要输出其他信息。在这个过程不要进行任何推理，只对||以前的部分进行信息提取
2024-12-13 17:24:41,925 - 2 - INFO - **********PLAYER2**********
3
2024-12-13 17:25:27,190 - 2 - INFO - **********JUDGER**********
玩家1说：它是一个夜空中常见的圆形天体，与太阳、星星共同构成夜空的主要元素。在所有天文现象中，它最引人注目的是其周期性的圆缺变化。它在天际中静静地悬挂，夜间之光引人瞩目，它的存在使夜空变得更加生动和神秘。它的圆缺变化如同大自然的钟表，每隔一段时间就会上演一场视觉盛宴。它那恒定的光辉在天幕中闪烁，引导着人们的视线，它的形状随着时间悄然变化，成为夜空中最熟悉的图案。玩家2说：它是一种在天空中闪烁的发光体，通常成群出现，亮度各异。在所有天文现象中，它最突出的不同特征是其独特的闪烁和移动轨迹。它的光芒虽不及月亮那般耀眼，但在夜空中却是一道不可或缺的风景。它的存在常常伴随着其他天体，共同点缀着夜空。在所有天文现象中，它的闪烁如同大自然的语言，时而明亮，时而暗淡，为夜空增添了一份神秘和变幻莫测的美。玩家3说：这是一个天空中自然存在的发光体，通常在夜晚清晰可见。它在同一类天文现象中最突出的不同特征是它的轨道周期性变化。它是一种夜空中的天体，其圆周形态在月相变化中展现出周期性的变化。这种变化不仅规律，而且引人入胜，是夜空中最为引人注目的现象之一。它的存在不仅为夜空增添了神秘感，也成为了人们观测和预测时间的重要自然标志。玩家4说：这是一个天体，通常在夜晚出现，它的亮度相对稳定。在所有天文现象中，它最突出的不同特征是它的形态变化，从满月到新月会经历不同的圆缺阶段。这个天体在天际中静静地悬挂，它的存在为夜空增添了一份神秘和变幻莫测的美。它的圆周形态在月相变化中展现出周期性的变化，这种变化如同大自然的钟表，每隔一段时间就会上演一场视觉盛宴。它的光芒虽不及太阳那般耀眼，但在夜空中却是一道不可或缺的风景，为夜晚带来了宁静与安宁。你是第2号玩家，你的关键词是<星星>。你的回答中绝对不能包含你的关键词<星星>。这是第三轮描述，你之前的描述是它是一种在天空中闪烁的发光体，通常成群出现，亮度各异。在所有天文现象中，它最突出的不同特征是其独特的闪烁和移动轨迹。和它的光芒虽不及月亮那般耀眼，但在夜空中却是一道不可或缺的风景。它的存在常常伴随着其他天体，共同点缀着夜空。在所有天文现象中，它的闪烁如同大自然的语言，时而明亮，时而暗淡，为夜空增添了一份神秘和变幻莫测的美。，注意，这局游戏的词语分类为<天文>，卧底词和平民词都属于该类，请你补充关于关键词的描述，注意，你的描述应该比起之前的描述更加贴近关键词，作为之前的补充
2024-12-13 17:25:30,681 - 2 - INFO - **********PLAYER2**********
这种发光体在夜空中分布广泛，它们的光芒虽然微弱，但聚集在一起时，能够照亮整个夜空。它们没有固定的轨迹，而是随着气流和地球自转不断变化，给人一种动态的美感。在某些夜晚，当大气条件适宜时，这些发光体会显得格外明亮，成为夜空中最引人注目的亮点之一。
2024-12-13 17:25:55,207 - 2 - INFO - **********JUDGER**********
玩家1说：它是一个夜空中常见的圆形天体，与太阳、星星共同构成夜空的主要元素。在所有天文现象中，它最引人注目的是其周期性的圆缺变化。它在天际中静静地悬挂，夜间之光引人瞩目，它的存在使夜空变得更加生动和神秘。它的圆缺变化如同大自然的钟表，每隔一段时间就会上演一场视觉盛宴。它那恒定的光辉在天幕中闪烁，引导着人们的视线，它的形状随着时间悄然变化，成为夜空中最熟悉的图案。玩家2说：它是一种在天空中闪烁的发光体，通常成群出现，亮度各异。在所有天文现象中，它最突出的不同特征是其独特的闪烁和移动轨迹。它的光芒虽不及月亮那般耀眼，但在夜空中却是一道不可或缺的风景。它的存在常常伴随着其他天体，共同点缀着夜空。在所有天文现象中，它的闪烁如同大自然的语言，时而明亮，时而暗淡，为夜空增添了一份神秘和变幻莫测的美。这种发光体在夜空中分布广泛，它们的光芒虽然微弱，但聚集在一起时，能够照亮整个夜空。它们没有固定的轨迹，而是随着气流和地球自转不断变化，给人一种动态的美感。在某些夜晚，当大气条件适宜时，这些发光体会显得格外明亮，成为夜空中最引人注目的亮点之一。玩家3说：这是一个天空中自然存在的发光体，通常在夜晚清晰可见。它在同一类天文现象中最突出的不同特征是它的轨道周期性变化。它是一种夜空中的天体，其圆周形态在月相变化中展现出周期性的变化。这种变化不仅规律，而且引人入胜，是夜空中最为引人注目的现象之一。它的存在不仅为夜空增添了神秘感，也成为了人们观测和预测时间的重要自然标志。这个天体在天际中静静地悬挂，它的存在为夜空增添了一份神秘和变幻莫测的美。它的圆周形态在月相变化中展现出周期性的变化，这种变化如同大自然的钟表，每隔一段时间就会上演一场视觉盛宴。它的光芒虽不及太阳那般耀眼，但在夜空中却是一道不可或缺的风景，为夜晚带来了宁静与安宁。玩家4说：这是一个天体，通常在夜晚出现，它的亮度相对稳定。在所有天文现象中，它最突出的不同特征是它的形态变化，从满月到新月会经历不同的圆缺阶段。这个天体在天际中静静地悬挂，它的存在为夜空增添了一份神秘和变幻莫测的美。它的圆周形态在月相变化中展现出周期性的变化，这种变化如同大自然的钟表，每隔一段时间就会上演一场视觉盛宴。它的光芒虽不及太阳那般耀眼，但在夜空中却是一道不可或缺的风景，为夜晚带来了宁静与安宁。这个天体在天际中静静地悬挂，它的圆周形态在月相变化中展现出周期性的变化，如同大自然的钟表，每隔一段时间就会上演一场视觉盛宴。它的光芒虽不及太阳那般耀眼，但在夜空中却是一道不可或缺的风景，为夜晚带来了宁静与安宁。它的存在为夜空增添了神秘感，也成为了人们观测和预测时间的重要自然标志。||在这个游戏中，我们需要通过分析每位玩家的描述来找出卧底。通常，平民的描述会围绕相同的词语展开，而卧底的描述可能会因为词语的不同而显得不太一致。我们需要仔细比较每个描述之间的相似性和差异性，以找出可能的卧底，注意，卧底并不会隐藏自己，他会直接描述他的词语，现在，逐一分析每个玩家的描述，注意，这局游戏的词语分类为<天文>，卧底词和平民词都属于该类。||之前是第3轮描述和之前轮数描述的合集。你之前认为的卧底是玩家3。
2024-12-13 17:26:06,275 - 2 - INFO - **********PLAYER2**********
在分析每位玩家的描述后，以下是不一致之处：

1. **描述的周期性和形态变化**：
   - 玩家1、3和4都提到了天体的周期性圆缺变化和形态变化，这与月亮的特征相符。
   - 玩家2的描述虽然也提到了闪烁和形态变化，但没有明确提及周期性的圆缺变化。

2. **描述的光芒和重要性**：
   - 玩家1、3和4都强调了天体在夜空中的重要性，以及它们对人们观测和预测时间的意义。
   - 玩家2的描述中提到了天体在夜空中的风景价值，但没有强调其重要性或时间预测的功能。

3. **描述的闪烁和移动轨迹**：
   - 玩家2特别强调了天体的闪烁和移动轨迹，这是星星的特征。
   - 玩家1、3和4的描述中虽然也提到了天体的光芒和变化，但没有特别强调闪烁和移动轨迹。

基于以上分析，玩家2的描述与其他玩家的描述存在不一致之处，他的描述更符合星星的特征，而其他玩家的描述更偏向于月亮的特征。因此，如果之前认为玩家3是卧底，现在根据新的信息，玩家2的描述可能更加不符合平民词的特征，这使我倾向于推断玩家2是卧底。
2024-12-13 17:26:06,278 - 2 - INFO - **********JUDGER**********
你刚刚的分析是在分析每位玩家的描述后，以下是不一致之处：

1. **描述的周期性和形态变化**：
   - 玩家1、3和4都提到了天体的周期性圆缺变化和形态变化，这与月亮的特征相符。
   - 玩家2的描述虽然也提到了闪烁和形态变化，但没有明确提及周期性的圆缺变化。

2. **描述的光芒和重要性**：
   - 玩家1、3和4都强调了天体在夜空中的重要性，以及它们对人们观测和预测时间的意义。
   - 玩家2的描述中提到了天体在夜空中的风景价值，但没有强调其重要性或时间预测的功能。

3. **描述的闪烁和移动轨迹**：
   - 玩家2特别强调了天体的闪烁和移动轨迹，这是星星的特征。
   - 玩家1、3和4的描述中虽然也提到了天体的光芒和变化，但没有特别强调闪烁和移动轨迹。

基于以上分析，玩家2的描述与其他玩家的描述存在不一致之处，他的描述更符合星星的特征，而其他玩家的描述更偏向于月亮的特征。因此，如果之前认为玩家3是卧底，现在根据新的信息，玩家2的描述可能更加不符合平民词的特征，这使我倾向于推断玩家2是卧底。|| `请根据上述分析，比较描述以找出不一致之处，注意，这局游戏的词语分类为<天文>，卧底词和平民词都属于该类。
2024-12-13 17:26:17,465 - 2 - INFO - **********PLAYER2**********
根据上述分析，以下是不一致之处：

1. **周期性和形态变化的描述**：
   - 玩家1、3和4的描述都强调了天体的周期性圆缺变化，这与月亮的特征相符。
   - 玩家2的描述虽然提到了形态变化，但没有明确提及周期性的圆缺变化，而是强调了闪烁和移动轨迹。

2. **光芒和重要性描述**：
   - 玩家1、3和4的描述中都提到了天体在夜空中的重要性，以及它们与时间观测和预测的关系。
   - 玩家2的描述中提到了天体在夜空中的风景价值，但没有提及天体的重要性或时间观测的功能。

3. **闪烁和移动轨迹的描述**：
   - 玩家2的描述特别强调了天体的闪烁和移动轨迹，这是星星的典型特征。
   - 玩家1、3和4的描述中虽然也提到了天体的光芒，但没有特别强调闪烁和移动轨迹。

这些不一致之处表明玩家2的描述与其他玩家的描述在重点和细节上存在差异，尤其是没有提及月亮的周期性圆缺变化和重要性，这可能意味着玩家2的词语与月亮不同，而是指向了星星，因此玩家2可能是卧底。
2024-12-13 17:26:17,467 - 2 - INFO - **********JUDGER**********
你刚刚的分析是根据上述分析，以下是不一致之处：

1. **周期性和形态变化的描述**：
   - 玩家1、3和4的描述都强调了天体的周期性圆缺变化，这与月亮的特征相符。
   - 玩家2的描述虽然提到了形态变化，但没有明确提及周期性的圆缺变化，而是强调了闪烁和移动轨迹。

2. **光芒和重要性描述**：
   - 玩家1、3和4的描述中都提到了天体在夜空中的重要性，以及它们与时间观测和预测的关系。
   - 玩家2的描述中提到了天体在夜空中的风景价值，但没有提及天体的重要性或时间观测的功能。

3. **闪烁和移动轨迹的描述**：
   - 玩家2的描述特别强调了天体的闪烁和移动轨迹，这是星星的典型特征。
   - 玩家1、3和4的描述中虽然也提到了天体的光芒，但没有特别强调闪烁和移动轨迹。

这些不一致之处表明玩家2的描述与其他玩家的描述在重点和细节上存在差异，尤其是没有提及月亮的周期性圆缺变化和重要性，这可能意味着玩家2的词语与月亮不同，而是指向了星星，因此玩家2可能是卧底。|| 请通过你分析的不一致之处，推断卧底身份，注意，这局游戏的词语分类为<天文>，卧底词和平民词都属于该类。
2024-12-13 17:26:18,798 - 2 - INFO - **********PLAYER2**********
2
2024-12-13 17:26:18,799 - 2 - INFO - **********JUDGER**********
你刚刚的推断是2|| 基于你刚刚的推断得出你的最终结论，请输出你认为的卧底，在这种情况下只需要输出编号，是1-4中的某个数字，不要输出其他信息。在这个过程不要进行任何推理，只对||以前的部分进行信息提取
2024-12-13 17:26:20,101 - 2 - INFO - **********PLAYER2**********
2
2024-12-13 17:26:20,101 - 2 - INFO - **********JUDGER**********
你认为卧底是你自己。你现在需要随便选一个人投票。请输出一个数字，是1-4中的某个数字，但这个数字不能是2，不要输出其他信息。
2024-12-13 17:26:21,370 - 2 - INFO - **********PLAYER2**********
1
