2024-12-13 17:20:33,788 - 3 - INFO - **********JUDGER**********
让我们来玩一个叫做<谁是卧底>的推理游戏。基本规则：<人数>：4人。<角色分配>：每位玩家随机抽取一个词语，3名玩家拿到的词语是相同的（平民词），1名玩家拿到与之相近但不同的词语（卧底词）。<游戏流程>：1、玩家轮流描述自己的词语，但<不能>直接说出词语本身。2、描述完毕后，投票选出最像卧底的玩家。3、每轮结束后，被投票选出的玩家出局，不能再进行描述或投票。4、每轮投票结束后，如果卧底被成功找出，平民方获胜；如果卧底未被找出且卧底人数等于或超过平民人数，则卧底方获胜。你将扮演一个<玩家>，请等待你被分配到的关键词。如果你听懂了，只回答，"好的，我准备好参加游戏了"，不要输出别的信息
2024-12-13 17:20:34,413 - 3 - INFO - **********PLAYER3**********
好的，我准备好参加游戏了
2024-12-13 17:20:42,467 - 3 - INFO - **********JUDGER**********
玩家1说：它是一个夜空中常见的圆形天体，与太阳、星星共同构成夜空的主要元素。在所有天文现象中，它最引人注目的是其周期性的圆缺变化。玩家2说：它是一种在天空中闪烁的发光体，通常成群出现，亮度各异。在所有天文现象中，它最突出的不同特征是其独特的闪烁和移动轨迹。玩家3说：玩家4说：|| 你是第3号玩家，你的关键词是<月亮>。你的回答中绝对不能包含你的关键词<月亮>。这是第一轮描述，不需要分析||之前别的玩家的描述，请你描述关键词基本特征，注意，这局游戏的词语分类为<天文>，卧底词和平民词都属于该类，描述包括以下两点，1.他的基本特征是什么2.他在该类（天文）中最突出不同的特征是什么，尽量简短
2024-12-13 17:20:45,711 - 3 - INFO - **********PLAYER3**********
这是一个天空中自然存在的发光体，通常在夜晚清晰可见。它在同一类天文现象中最突出的不同特征是它的轨道周期性变化。
2024-12-13 17:22:27,605 - 3 - INFO - **********JUDGER**********
玩家1说：它是一个夜空中常见的圆形天体，与太阳、星星共同构成夜空的主要元素。在所有天文现象中，它最引人注目的是其周期性的圆缺变化。玩家2说：它是一种在天空中闪烁的发光体，通常成群出现，亮度各异。在所有天文现象中，它最突出的不同特征是其独特的闪烁和移动轨迹。玩家3说：这是一个天空中自然存在的发光体，通常在夜晚清晰可见。它在同一类天文现象中最突出的不同特征是它的轨道周期性变化。玩家4说：||在这个游戏中，我们需要通过分析每位玩家的描述来找出卧底。通常，平民的描述会围绕相同的词语展开，而卧底的描述可能会因为词语的不同而显得不太一致。我们需要仔细比较每个描述之间的相似性和差异性，以找出可能的卧底，注意，卧底并不会隐藏自己，他会直接描述他的词语，现在，逐一分析每个玩家的描述，注意，这局游戏的词语分类为<天文>，卧底词和平民词都属于该类。这是第一轮描述。
2024-12-13 17:22:41,298 - 3 - INFO - **********PLAYER3**********
根据玩家们的描述，我们可以分析如下：

玩家1和玩家3的描述非常相似，都提到了夜空中的圆形天体、周期性的圆缺变化，这很可能是平民的描述，指向的是月亮。

玩家2的描述提到了闪烁的发光体、成群出现、独特的闪烁和移动轨迹，这些特征与月亮不符，更像是流星或彗星等。

玩家4的描述更像是对游戏规则和策略的分析，而不是对关键词的描述，这可能是卧底的描述，因为卧底通常不会直接描述自己的词语。

因此，根据描述的相似性和差异性，玩家4的描述可能是卧底。然而，这只是一个初步的分析，需要更多的信息来确定。在下一轮中，我们应该继续观察其他玩家的描述，并注意是否有玩家试图通过描述来揭露卧底。
2024-12-13 17:22:41,300 - 3 - INFO - **********JUDGER**********
你刚刚的分析是根据玩家们的描述，我们可以分析如下：

玩家1和玩家3的描述非常相似，都提到了夜空中的圆形天体、周期性的圆缺变化，这很可能是平民的描述，指向的是月亮。

玩家2的描述提到了闪烁的发光体、成群出现、独特的闪烁和移动轨迹，这些特征与月亮不符，更像是流星或彗星等。

玩家4的描述更像是对游戏规则和策略的分析，而不是对关键词的描述，这可能是卧底的描述，因为卧底通常不会直接描述自己的词语。

因此，根据描述的相似性和差异性，玩家4的描述可能是卧底。然而，这只是一个初步的分析，需要更多的信息来确定。在下一轮中，我们应该继续观察其他玩家的描述，并注意是否有玩家试图通过描述来揭露卧底。|| `请根据上述分析，比较描述以找出不一致之处，注意，这局游戏的词语分类为<天文>，卧底词和平民词都属于该类。
2024-12-13 17:22:50,830 - 3 - INFO - **********PLAYER3**********
根据上述分析，我们可以比较描述以找出不一致之处：

1. 玩家1和玩家3的描述都指向了月亮，这是夜空中常见的圆形天体，具有周期性的圆缺变化，这与月亮的特征相符。

2. 玩家2的描述提到了闪烁的发光体、成群出现、独特的闪烁和移动轨迹，这些特征与月亮不符。月亮不会闪烁，也不会成群出现，其移动轨迹是围绕地球的固定轨道，因此玩家2的描述更像是指向流星或彗星。

3. 玩家4的描述是对游戏规则和策略的分析，而不是对关键词的描述，这表明玩家4可能没有直接参与描述自己的关键词。卧底在游戏中通常不会直接描述自己的词语，因此玩家4的描述可能是在尝试引导其他玩家注意他的不一致性。

不一致之处在于：
- 玩家1和玩家3的描述高度一致，指向同一个词语（月亮）。
- 玩家2的描述与月亮的特征不符，更像是其他天文现象。
- 玩家4的描述偏离了直接描述关键词的常规，更像是策略性的评论。

基于这些不一致之处，玩家4的描述可能是一个信号，表明他可能是卧底。然而，没有更多的信息，我们无法确定这一点，需要继续观察和收集更多信息。
2024-12-13 17:22:50,832 - 3 - INFO - **********JUDGER**********
你刚刚的分析是根据上述分析，我们可以比较描述以找出不一致之处：

1. 玩家1和玩家3的描述都指向了月亮，这是夜空中常见的圆形天体，具有周期性的圆缺变化，这与月亮的特征相符。

2. 玩家2的描述提到了闪烁的发光体、成群出现、独特的闪烁和移动轨迹，这些特征与月亮不符。月亮不会闪烁，也不会成群出现，其移动轨迹是围绕地球的固定轨道，因此玩家2的描述更像是指向流星或彗星。

3. 玩家4的描述是对游戏规则和策略的分析，而不是对关键词的描述，这表明玩家4可能没有直接参与描述自己的关键词。卧底在游戏中通常不会直接描述自己的词语，因此玩家4的描述可能是在尝试引导其他玩家注意他的不一致性。

不一致之处在于：
- 玩家1和玩家3的描述高度一致，指向同一个词语（月亮）。
- 玩家2的描述与月亮的特征不符，更像是其他天文现象。
- 玩家4的描述偏离了直接描述关键词的常规，更像是策略性的评论。

基于这些不一致之处，玩家4的描述可能是一个信号，表明他可能是卧底。然而，没有更多的信息，我们无法确定这一点，需要继续观察和收集更多信息。|| 请通过你分析的不一致之处，推断卧底身份，注意，这局游戏的词语分类为<天文>，卧底词和平民词都属于该类。
2024-12-13 17:23:05,506 - 3 - INFO - **********PLAYER3**********
基于分析中提到的不一致之处，我们可以进行以下推断：

1. 玩家1和玩家3的描述一致，指向了月亮，这是一个常见的天文现象，通常由平民扮演。

2. 玩家2的描述提到了闪烁的发光体、成群出现、独特的闪烁和移动轨迹，这些特征不符合月亮，更像是流星或彗星。由于所有词语都属于天文类，且玩家1和玩家3的描述指向月亮，这意味着流星或彗星可能是唯一的其他选项。因此，玩家2的描述指向的可能是流星或彗星，这使他成为一个可能的卧底。

3. 玩家4的描述是对游戏规则和策略的分析，这并不直接指向任何天文现象，因此他的描述并不提供关于关键词的直接线索。然而，卧底通常会避免直接描述自己的词语，而玩家4的描述似乎是在提供策略性的信息，这可能是为了误导其他玩家。尽管如此，这并不足以确定玩家4是卧底，因为平民也可能在游戏中提供策略性评论。

综合以上分析，玩家2的描述与已知的天文现象（月亮）不符，且提供了与流星或彗星相符的特征，这使得玩家2成为最可能的卧底候选人。当然，这只是一个基于描述的分析，最终确定卧底身份还需要进一步的讨论和投票。
2024-12-13 17:23:05,508 - 3 - INFO - **********JUDGER**********
你刚刚的推断是基于分析中提到的不一致之处，我们可以进行以下推断：

1. 玩家1和玩家3的描述一致，指向了月亮，这是一个常见的天文现象，通常由平民扮演。

2. 玩家2的描述提到了闪烁的发光体、成群出现、独特的闪烁和移动轨迹，这些特征不符合月亮，更像是流星或彗星。由于所有词语都属于天文类，且玩家1和玩家3的描述指向月亮，这意味着流星或彗星可能是唯一的其他选项。因此，玩家2的描述指向的可能是流星或彗星，这使他成为一个可能的卧底。

3. 玩家4的描述是对游戏规则和策略的分析，这并不直接指向任何天文现象，因此他的描述并不提供关于关键词的直接线索。然而，卧底通常会避免直接描述自己的词语，而玩家4的描述似乎是在提供策略性的信息，这可能是为了误导其他玩家。尽管如此，这并不足以确定玩家4是卧底，因为平民也可能在游戏中提供策略性评论。

综合以上分析，玩家2的描述与已知的天文现象（月亮）不符，且提供了与流星或彗星相符的特征，这使得玩家2成为最可能的卧底候选人。当然，这只是一个基于描述的分析，最终确定卧底身份还需要进一步的讨论和投票。|| 基于你刚刚的推断得出你的最终结论，请输出你认为的卧底，在这种情况下只需要输出编号，是1-4中的某个数字，不要输出其他信息。在这个过程不要进行任何推理，只对||以前的部分进行信息提取
2024-12-13 17:23:06,013 - 3 - INFO - **********PLAYER3**********
2
2024-12-13 17:23:46,558 - 3 - INFO - **********JUDGER**********
玩家1说：它是一个夜空中常见的圆形天体，与太阳、星星共同构成夜空的主要元素。在所有天文现象中，它最引人注目的是其周期性的圆缺变化。它在天际中静静地悬挂，夜间之光引人瞩目，它的存在使夜空变得更加生动和神秘。它的圆缺变化如同大自然的钟表，每隔一段时间就会上演一场视觉盛宴。玩家2说：它是一种在天空中闪烁的发光体，通常成群出现，亮度各异。在所有天文现象中，它最突出的不同特征是其独特的闪烁和移动轨迹。它的光芒虽不及月亮那般耀眼，但在夜空中却是一道不可或缺的风景。它的存在常常伴随着其他天体，共同点缀着夜空。在所有天文现象中，它的闪烁如同大自然的语言，时而明亮，时而暗淡，为夜空增添了一份神秘和变幻莫测的美。玩家3说：这是一个天空中自然存在的发光体，通常在夜晚清晰可见。它在同一类天文现象中最突出的不同特征是它的轨道周期性变化。玩家4说：这是一个天体，通常在夜晚出现，它的亮度相对稳定。在所有天文现象中，它最突出的不同特征是它的形态变化，从满月到新月会经历不同的圆缺阶段。你是第3号玩家，你的关键词是<月亮>。你的回答中绝对不能包含你的关键词<月亮>。这是第二轮描述，你之前的描述是这是一个天空中自然存在的发光体，通常在夜晚清晰可见。它在同一类天文现象中最突出的不同特征是它的轨道周期性变化。，注意，这局游戏的词语分类为<天文>，卧底词和平民词都属于该类，请你补充关于关键词的描述，注意，你的描述应该比起之前的描述更加贴近关键词，作为之前的补充
2024-12-13 17:23:51,458 - 3 - INFO - **********PLAYER3**********
它是一种夜空中的天体，其圆周形态在月相变化中展现出周期性的变化。这种变化不仅规律，而且引人入胜，是夜空中最为引人注目的现象之一。它的存在不仅为夜空增添了神秘感，也成为了人们观测和预测时间的重要自然标志。
2024-12-13 17:24:41,925 - 3 - INFO - **********JUDGER**********
玩家1说：它是一个夜空中常见的圆形天体，与太阳、星星共同构成夜空的主要元素。在所有天文现象中，它最引人注目的是其周期性的圆缺变化。它在天际中静静地悬挂，夜间之光引人瞩目，它的存在使夜空变得更加生动和神秘。它的圆缺变化如同大自然的钟表，每隔一段时间就会上演一场视觉盛宴。玩家2说：它是一种在天空中闪烁的发光体，通常成群出现，亮度各异。在所有天文现象中，它最突出的不同特征是其独特的闪烁和移动轨迹。它的光芒虽不及月亮那般耀眼，但在夜空中却是一道不可或缺的风景。它的存在常常伴随着其他天体，共同点缀着夜空。在所有天文现象中，它的闪烁如同大自然的语言，时而明亮，时而暗淡，为夜空增添了一份神秘和变幻莫测的美。玩家3说：这是一个天空中自然存在的发光体，通常在夜晚清晰可见。它在同一类天文现象中最突出的不同特征是它的轨道周期性变化。它是一种夜空中的天体，其圆周形态在月相变化中展现出周期性的变化。这种变化不仅规律，而且引人入胜，是夜空中最为引人注目的现象之一。它的存在不仅为夜空增添了神秘感，也成为了人们观测和预测时间的重要自然标志。玩家4说：这是一个天体，通常在夜晚出现，它的亮度相对稳定。在所有天文现象中，它最突出的不同特征是它的形态变化，从满月到新月会经历不同的圆缺阶段。||在这个游戏中，我们需要通过分析每位玩家的描述来找出卧底。通常，平民的描述会围绕相同的词语展开，而卧底的描述可能会因为词语的不同而显得不太一致。我们需要仔细比较每个描述之间的相似性和差异性，以找出可能的卧底，注意，卧底并不会隐藏自己，他会直接描述他的词语，现在，逐一分析每个玩家的描述，注意，这局游戏的词语分类为<天文>，卧底词和平民词都属于该类。||之前是第2轮描述和之前轮数描述的合集。你之前认为的卧底是玩家2。
2024-12-13 17:24:56,654 - 3 - INFO - **********PLAYER3**********
根据玩家们的第二轮描述，我们可以重新审视之前的分析：

玩家1的描述与月亮的特征非常吻合，强调了月亮的周期性圆缺变化和它在夜空中的重要性。

玩家2的描述提到了闪烁的发光体和移动轨迹，这与流星的特征相符，而不是月亮。

玩家3的描述与玩家1的描述非常相似，也强调了月亮的周期性变化和它在夜空中的角色。

玩家4的描述提到了天体的亮度相对稳定和从满月到新月的形态变化，这也是月亮的特征。

如果之前的分析是基于玩家2的描述与月亮的特征不符，那么在新的描述中，玩家2的描述仍然与流星的特征相符，而其他玩家的描述都更倾向于指向月亮。

因此，基于第二轮的描述，玩家2的描述仍然与他的词语不太一致，这使他继续成为最可能的卧底候选人。然而，这需要与其他玩家的描述进一步对比和讨论来确定。
2024-12-13 17:24:56,657 - 3 - INFO - **********JUDGER**********
你刚刚的分析是根据玩家们的第二轮描述，我们可以重新审视之前的分析：

玩家1的描述与月亮的特征非常吻合，强调了月亮的周期性圆缺变化和它在夜空中的重要性。

玩家2的描述提到了闪烁的发光体和移动轨迹，这与流星的特征相符，而不是月亮。

玩家3的描述与玩家1的描述非常相似，也强调了月亮的周期性变化和它在夜空中的角色。

玩家4的描述提到了天体的亮度相对稳定和从满月到新月的形态变化，这也是月亮的特征。

如果之前的分析是基于玩家2的描述与月亮的特征不符，那么在新的描述中，玩家2的描述仍然与流星的特征相符，而其他玩家的描述都更倾向于指向月亮。

因此，基于第二轮的描述，玩家2的描述仍然与他的词语不太一致，这使他继续成为最可能的卧底候选人。然而，这需要与其他玩家的描述进一步对比和讨论来确定。|| `请根据上述分析，比较描述以找出不一致之处，注意，这局游戏的词语分类为<天文>，卧底词和平民词都属于该类。
2024-12-13 17:25:06,036 - 3 - INFO - **********PLAYER3**********
根据上述分析，我们可以比较描述以找出不一致之处：

1. 玩家1的描述强调了月亮的周期性圆缺变化和它在夜空中的重要性，这与月亮的特征非常吻合。

2. 玩家2的描述提到了“闪烁的发光体”和“移动轨迹”，这些特征更符合流星或彗星，而不是月亮。月亮虽然也会在夜空中移动，但它不会“闪烁”。

3. 玩家3的描述与玩家1相似，同样强调了月亮的周期性圆缺变化，这与月亮的特征一致。

4. 玩家4的描述提到了天体的亮度相对稳定和从满月到新月的形态变化，这也是月亮的特征。

不一致之处在于：
- 玩家2的描述与月亮的特征不一致，更像是流星或彗星。
- 玩家1、玩家3和玩家4的描述都围绕着月亮的特征展开，显示出他们可能持有相同的平民词。

基于这些不一致之处，玩家2的描述可能表明他持有与平民不同的词语，即流星或彗星，因此他可能是卧底。
2024-12-13 17:25:06,037 - 3 - INFO - **********JUDGER**********
你刚刚的分析是根据上述分析，我们可以比较描述以找出不一致之处：

1. 玩家1的描述强调了月亮的周期性圆缺变化和它在夜空中的重要性，这与月亮的特征非常吻合。

2. 玩家2的描述提到了“闪烁的发光体”和“移动轨迹”，这些特征更符合流星或彗星，而不是月亮。月亮虽然也会在夜空中移动，但它不会“闪烁”。

3. 玩家3的描述与玩家1相似，同样强调了月亮的周期性圆缺变化，这与月亮的特征一致。

4. 玩家4的描述提到了天体的亮度相对稳定和从满月到新月的形态变化，这也是月亮的特征。

不一致之处在于：
- 玩家2的描述与月亮的特征不一致，更像是流星或彗星。
- 玩家1、玩家3和玩家4的描述都围绕着月亮的特征展开，显示出他们可能持有相同的平民词。

基于这些不一致之处，玩家2的描述可能表明他持有与平民不同的词语，即流星或彗星，因此他可能是卧底。|| 请通过你分析的不一致之处，推断卧底身份，注意，这局游戏的词语分类为<天文>，卧底词和平民词都属于该类。
2024-12-13 17:25:06,741 - 3 - INFO - **********PLAYER3**********
2
2024-12-13 17:25:06,742 - 3 - INFO - **********JUDGER**********
你刚刚的推断是2|| 基于你刚刚的推断得出你的最终结论，请输出你认为的卧底，在这种情况下只需要输出编号，是1-4中的某个数字，不要输出其他信息。在这个过程不要进行任何推理，只对||以前的部分进行信息提取
2024-12-13 17:25:07,515 - 3 - INFO - **********PLAYER3**********
2
2024-12-13 17:25:30,682 - 3 - INFO - **********JUDGER**********
玩家1说：它是一个夜空中常见的圆形天体，与太阳、星星共同构成夜空的主要元素。在所有天文现象中，它最引人注目的是其周期性的圆缺变化。它在天际中静静地悬挂，夜间之光引人瞩目，它的存在使夜空变得更加生动和神秘。它的圆缺变化如同大自然的钟表，每隔一段时间就会上演一场视觉盛宴。它那恒定的光辉在天幕中闪烁，引导着人们的视线，它的形状随着时间悄然变化，成为夜空中最熟悉的图案。玩家2说：它是一种在天空中闪烁的发光体，通常成群出现，亮度各异。在所有天文现象中，它最突出的不同特征是其独特的闪烁和移动轨迹。它的光芒虽不及月亮那般耀眼，但在夜空中却是一道不可或缺的风景。它的存在常常伴随着其他天体，共同点缀着夜空。在所有天文现象中，它的闪烁如同大自然的语言，时而明亮，时而暗淡，为夜空增添了一份神秘和变幻莫测的美。这种发光体在夜空中分布广泛，它们的光芒虽然微弱，但聚集在一起时，能够照亮整个夜空。它们没有固定的轨迹，而是随着气流和地球自转不断变化，给人一种动态的美感。在某些夜晚，当大气条件适宜时，这些发光体会显得格外明亮，成为夜空中最引人注目的亮点之一。玩家3说：这是一个天空中自然存在的发光体，通常在夜晚清晰可见。它在同一类天文现象中最突出的不同特征是它的轨道周期性变化。它是一种夜空中的天体，其圆周形态在月相变化中展现出周期性的变化。这种变化不仅规律，而且引人入胜，是夜空中最为引人注目的现象之一。它的存在不仅为夜空增添了神秘感，也成为了人们观测和预测时间的重要自然标志。玩家4说：这是一个天体，通常在夜晚出现，它的亮度相对稳定。在所有天文现象中，它最突出的不同特征是它的形态变化，从满月到新月会经历不同的圆缺阶段。这个天体在天际中静静地悬挂，它的存在为夜空增添了一份神秘和变幻莫测的美。它的圆周形态在月相变化中展现出周期性的变化，这种变化如同大自然的钟表，每隔一段时间就会上演一场视觉盛宴。它的光芒虽不及太阳那般耀眼，但在夜空中却是一道不可或缺的风景，为夜晚带来了宁静与安宁。你是第3号玩家，你的关键词是<月亮>。你的回答中绝对不能包含你的关键词<月亮>。这是第三轮描述，你之前的描述是这是一个天空中自然存在的发光体，通常在夜晚清晰可见。它在同一类天文现象中最突出的不同特征是它的轨道周期性变化。和它是一种夜空中的天体，其圆周形态在月相变化中展现出周期性的变化。这种变化不仅规律，而且引人入胜，是夜空中最为引人注目的现象之一。它的存在不仅为夜空增添了神秘感，也成为了人们观测和预测时间的重要自然标志。，注意，这局游戏的词语分类为<天文>，卧底词和平民词都属于该类，请你补充关于关键词的描述，注意，你的描述应该比起之前的描述更加贴近关键词，作为之前的补充
2024-12-13 17:25:34,383 - 3 - INFO - **********PLAYER3**********
这个天体在天际中静静地悬挂，它的存在为夜空增添了一份神秘和变幻莫测的美。它的圆周形态在月相变化中展现出周期性的变化，这种变化如同大自然的钟表，每隔一段时间就会上演一场视觉盛宴。它的光芒虽不及太阳那般耀眼，但在夜空中却是一道不可或缺的风景，为夜晚带来了宁静与安宁。
2024-12-13 17:26:21,371 - 3 - INFO - **********JUDGER**********
玩家1说：它是一个夜空中常见的圆形天体，与太阳、星星共同构成夜空的主要元素。在所有天文现象中，它最引人注目的是其周期性的圆缺变化。它在天际中静静地悬挂，夜间之光引人瞩目，它的存在使夜空变得更加生动和神秘。它的圆缺变化如同大自然的钟表，每隔一段时间就会上演一场视觉盛宴。它那恒定的光辉在天幕中闪烁，引导着人们的视线，它的形状随着时间悄然变化，成为夜空中最熟悉的图案。玩家2说：它是一种在天空中闪烁的发光体，通常成群出现，亮度各异。在所有天文现象中，它最突出的不同特征是其独特的闪烁和移动轨迹。它的光芒虽不及月亮那般耀眼，但在夜空中却是一道不可或缺的风景。它的存在常常伴随着其他天体，共同点缀着夜空。在所有天文现象中，它的闪烁如同大自然的语言，时而明亮，时而暗淡，为夜空增添了一份神秘和变幻莫测的美。这种发光体在夜空中分布广泛，它们的光芒虽然微弱，但聚集在一起时，能够照亮整个夜空。它们没有固定的轨迹，而是随着气流和地球自转不断变化，给人一种动态的美感。在某些夜晚，当大气条件适宜时，这些发光体会显得格外明亮，成为夜空中最引人注目的亮点之一。玩家3说：这是一个天空中自然存在的发光体，通常在夜晚清晰可见。它在同一类天文现象中最突出的不同特征是它的轨道周期性变化。它是一种夜空中的天体，其圆周形态在月相变化中展现出周期性的变化。这种变化不仅规律，而且引人入胜，是夜空中最为引人注目的现象之一。它的存在不仅为夜空增添了神秘感，也成为了人们观测和预测时间的重要自然标志。这个天体在天际中静静地悬挂，它的存在为夜空增添了一份神秘和变幻莫测的美。它的圆周形态在月相变化中展现出周期性的变化，这种变化如同大自然的钟表，每隔一段时间就会上演一场视觉盛宴。它的光芒虽不及太阳那般耀眼，但在夜空中却是一道不可或缺的风景，为夜晚带来了宁静与安宁。玩家4说：这是一个天体，通常在夜晚出现，它的亮度相对稳定。在所有天文现象中，它最突出的不同特征是它的形态变化，从满月到新月会经历不同的圆缺阶段。这个天体在天际中静静地悬挂，它的存在为夜空增添了一份神秘和变幻莫测的美。它的圆周形态在月相变化中展现出周期性的变化，这种变化如同大自然的钟表，每隔一段时间就会上演一场视觉盛宴。它的光芒虽不及太阳那般耀眼，但在夜空中却是一道不可或缺的风景，为夜晚带来了宁静与安宁。这个天体在天际中静静地悬挂，它的圆周形态在月相变化中展现出周期性的变化，如同大自然的钟表，每隔一段时间就会上演一场视觉盛宴。它的光芒虽不及太阳那般耀眼，但在夜空中却是一道不可或缺的风景，为夜晚带来了宁静与安宁。它的存在为夜空增添了神秘感，也成为了人们观测和预测时间的重要自然标志。||在这个游戏中，我们需要通过分析每位玩家的描述来找出卧底。通常，平民的描述会围绕相同的词语展开，而卧底的描述可能会因为词语的不同而显得不太一致。我们需要仔细比较每个描述之间的相似性和差异性，以找出可能的卧底，注意，卧底并不会隐藏自己，他会直接描述他的词语，现在，逐一分析每个玩家的描述，注意，这局游戏的词语分类为<天文>，卧底词和平民词都属于该类。||之前是第3轮描述和之前轮数描述的合集。你之前认为的卧底是玩家2。
2024-12-13 17:26:29,464 - 3 - INFO - **********PLAYER3**********
根据玩家们的描述，我们可以逐一分析：

玩家1的描述强调了月亮的周期性圆缺变化和它在夜空中的重要性，与月亮的特征非常吻合。

玩家2的描述提到了闪烁的发光体、成群出现、独特的闪烁和移动轨迹，这些特征更符合流星或彗星，而不是月亮。

玩家3的描述与玩家1相似，同样强调了月亮的周期性圆缺变化，这与月亮的特征一致。

玩家4的描述也提到了月亮的周期性圆缺变化，与月亮的特征相符。

综上所述，玩家2的描述与其他玩家的描述不太一致，更像是流星或彗星，这使他继续成为最可能的卧底候选人。
2024-12-13 17:26:29,465 - 3 - INFO - **********JUDGER**********
你刚刚的分析是根据玩家们的描述，我们可以逐一分析：

玩家1的描述强调了月亮的周期性圆缺变化和它在夜空中的重要性，与月亮的特征非常吻合。

玩家2的描述提到了闪烁的发光体、成群出现、独特的闪烁和移动轨迹，这些特征更符合流星或彗星，而不是月亮。

玩家3的描述与玩家1相似，同样强调了月亮的周期性圆缺变化，这与月亮的特征一致。

玩家4的描述也提到了月亮的周期性圆缺变化，与月亮的特征相符。

综上所述，玩家2的描述与其他玩家的描述不太一致，更像是流星或彗星，这使他继续成为最可能的卧底候选人。|| `请根据上述分析，比较描述以找出不一致之处，注意，这局游戏的词语分类为<天文>，卧底词和平民词都属于该类。
2024-12-13 17:26:33,299 - 3 - INFO - **********PLAYER3**********
不一致之处在于：

- 玩家1、玩家3和玩家4的描述都集中在月亮的周期性圆缺变化上，这与月亮的特征相符。
- 玩家2的描述提到了“闪烁的发光体”、“成群出现”和“独特的闪烁和移动轨迹”，这些特征并不特指月亮，而是更符合流星或彗星等天文现象。
2024-12-13 17:26:33,300 - 3 - INFO - **********JUDGER**********
你刚刚的分析是不一致之处在于：

- 玩家1、玩家3和玩家4的描述都集中在月亮的周期性圆缺变化上，这与月亮的特征相符。
- 玩家2的描述提到了“闪烁的发光体”、“成群出现”和“独特的闪烁和移动轨迹”，这些特征并不特指月亮，而是更符合流星或彗星等天文现象。|| 请通过你分析的不一致之处，推断卧底身份，注意，这局游戏的词语分类为<天文>，卧底词和平民词都属于该类。
2024-12-13 17:26:34,271 - 3 - INFO - **********PLAYER3**********
2
2024-12-13 17:26:34,272 - 3 - INFO - **********JUDGER**********
你刚刚的推断是2|| 基于你刚刚的推断得出你的最终结论，请输出你认为的卧底，在这种情况下只需要输出编号，是1-4中的某个数字，不要输出其他信息。在这个过程不要进行任何推理，只对||以前的部分进行信息提取
2024-12-13 17:26:35,403 - 3 - INFO - **********PLAYER3**********
2
