2024-12-13 17:20:34,915 - 4 - INFO - **********JUDGER**********
让我们来玩一个叫做<谁是卧底>的推理游戏。基本规则：<人数>：4人。<角色分配>：每位玩家随机抽取一个词语，3名玩家拿到的词语是相同的（平民词），1名玩家拿到与之相近但不同的词语（卧底词）。<游戏流程>：1、玩家轮流描述自己的词语，但<不能>直接说出词语本身。2、描述完毕后，投票选出最像卧底的玩家。3、每轮结束后，被投票选出的玩家出局，不能再进行描述或投票。4、每轮投票结束后，如果卧底被成功找出，平民方获胜；如果卧底未被找出且卧底人数等于或超过平民人数，则卧底方获胜。你将扮演一个<玩家>，请等待你被分配到的关键词。如果你听懂了，只回答，"好的，我准备好参加游戏了"，不要输出别的信息
2024-12-13 17:20:35,806 - 4 - INFO - **********PLAYER4**********
好的，我准备好参加游戏了
2024-12-13 17:20:45,712 - 4 - INFO - **********JUDGER**********
玩家1说：它是一个夜空中常见的圆形天体，与太阳、星星共同构成夜空的主要元素。在所有天文现象中，它最引人注目的是其周期性的圆缺变化。玩家2说：它是一种在天空中闪烁的发光体，通常成群出现，亮度各异。在所有天文现象中，它最突出的不同特征是其独特的闪烁和移动轨迹。玩家3说：这是一个天空中自然存在的发光体，通常在夜晚清晰可见。它在同一类天文现象中最突出的不同特征是它的轨道周期性变化。玩家4说：|| 你是第4号玩家，你的关键词是<月亮>。你的回答中绝对不能包含你的关键词<月亮>。这是第一轮描述，不需要分析||之前别的玩家的描述，请你描述关键词基本特征，注意，这局游戏的词语分类为<天文>，卧底词和平民词都属于该类，描述包括以下两点，1.他的基本特征是什么2.他在该类（天文）中最突出不同的特征是什么，尽量简短
2024-12-13 17:20:48,219 - 4 - INFO - **********PLAYER4**********
这是一个天体，通常在夜晚出现，它的亮度相对稳定。在所有天文现象中，它最突出的不同特征是它的形态变化，从满月到新月会经历不同的圆缺阶段。
2024-12-13 17:23:06,015 - 4 - INFO - **********JUDGER**********
玩家1说：它是一个夜空中常见的圆形天体，与太阳、星星共同构成夜空的主要元素。在所有天文现象中，它最引人注目的是其周期性的圆缺变化。玩家2说：它是一种在天空中闪烁的发光体，通常成群出现，亮度各异。在所有天文现象中，它最突出的不同特征是其独特的闪烁和移动轨迹。玩家3说：这是一个天空中自然存在的发光体，通常在夜晚清晰可见。它在同一类天文现象中最突出的不同特征是它的轨道周期性变化。玩家4说：||在这个游戏中，我们需要通过分析每位玩家的描述来找出卧底。通常，平民的描述会围绕相同的词语展开，而卧底的描述可能会因为词语的不同而显得不太一致。我们需要仔细比较每个描述之间的相似性和差异性，以找出可能的卧底，注意，卧底并不会隐藏自己，他会直接描述他的词语，现在，逐一分析每个玩家的描述，注意，这局游戏的词语分类为<天文>，卧底词和平民词都属于该类。这是第一轮描述。
2024-12-13 17:23:13,188 - 4 - INFO - **********PLAYER4**********
好的，我们来分析一下每个玩家的描述：

玩家1的描述提到了“夜空中常见的圆形天体”、“周期性的圆缺变化”，这与月亮的特征相符。

玩家2的描述提到了“在天空中闪烁的发光体”、“独特的闪烁和移动轨迹”，这更像是流星或流星雨的特征。

玩家3的描述提到了“天空中自然存在的发光体”、“轨道周期性变化”，这也可能是月亮，因为月亮有围绕地球的轨道。

玩家4的描述并没有直接提到月亮，而是提到了需要分析描述来找出卧底，这可能是卧底的行为，因为卧底应该直接描述他的词语。

综合分析，玩家2的描述与流星或流星雨的特征更为接近，而其他玩家的描述更倾向于月亮。因此，玩家2的描述可能是与卧底词更不匹配的，他可能是卧底。不过，由于游戏规则中卧底并不会隐藏自己，玩家4的描述也可能意味着他是卧底。我们需要更多的信息或者下一轮的描述来确定卧底。
2024-12-13 17:23:13,189 - 4 - INFO - **********JUDGER**********
你刚刚的分析是好的，我们来分析一下每个玩家的描述：

玩家1的描述提到了“夜空中常见的圆形天体”、“周期性的圆缺变化”，这与月亮的特征相符。

玩家2的描述提到了“在天空中闪烁的发光体”、“独特的闪烁和移动轨迹”，这更像是流星或流星雨的特征。

玩家3的描述提到了“天空中自然存在的发光体”、“轨道周期性变化”，这也可能是月亮，因为月亮有围绕地球的轨道。

玩家4的描述并没有直接提到月亮，而是提到了需要分析描述来找出卧底，这可能是卧底的行为，因为卧底应该直接描述他的词语。

综合分析，玩家2的描述与流星或流星雨的特征更为接近，而其他玩家的描述更倾向于月亮。因此，玩家2的描述可能是与卧底词更不匹配的，他可能是卧底。不过，由于游戏规则中卧底并不会隐藏自己，玩家4的描述也可能意味着他是卧底。我们需要更多的信息或者下一轮的描述来确定卧底。|| `请根据上述分析，比较描述以找出不一致之处，注意，这局游戏的词语分类为<天文>，卧底词和平民词都属于该类。
2024-12-13 17:23:24,432 - 4 - INFO - **********PLAYER4**********
根据上述分析，我们可以比较描述中存在的不一致之处如下：

1. 玩家1的描述集中在月亮的“周期性的圆缺变化”，这是一个非常具体的特征，通常与月亮的相位变化相关。

2. 玩家2的描述提到了“闪烁的发光体”和“独特的闪烁和移动轨迹”，这更符合流星或流星雨的特征，因为流星通常在夜空中快速移动并闪烁，而月亮并不以这种方式闪烁。

3. 玩家3的描述提到了“轨道周期性变化”，虽然这可以指月亮的轨道周期，但也可能指其他天体，如行星，因为它们也有轨道周期性变化。

4. 玩家4的描述则是关于游戏策略的分析，而不是直接描述词语的特征，这本身就是一个不寻常的行为，因为卧底应该直接描述他的词语。这种描述可能是为了误导，使得玩家4看起来像是在分析而非直接描述。

不一致之处在于：
- 玩家2的描述与流星或流星雨的特征更为接近，而不是月亮。
- 玩家4的描述偏离了直接描述词语特征的常规，更像是提供游戏策略分析。

这些不一致之处可能表明玩家2和玩家4是卧底，因为他们描述的特征或行为与游戏规则中平民的描述模式不一致。然而，最终确定卧底需要更多的信息和进一步的描述。
2024-12-13 17:23:24,434 - 4 - INFO - **********JUDGER**********
你刚刚的分析是根据上述分析，我们可以比较描述中存在的不一致之处如下：

1. 玩家1的描述集中在月亮的“周期性的圆缺变化”，这是一个非常具体的特征，通常与月亮的相位变化相关。

2. 玩家2的描述提到了“闪烁的发光体”和“独特的闪烁和移动轨迹”，这更符合流星或流星雨的特征，因为流星通常在夜空中快速移动并闪烁，而月亮并不以这种方式闪烁。

3. 玩家3的描述提到了“轨道周期性变化”，虽然这可以指月亮的轨道周期，但也可能指其他天体，如行星，因为它们也有轨道周期性变化。

4. 玩家4的描述则是关于游戏策略的分析，而不是直接描述词语的特征，这本身就是一个不寻常的行为，因为卧底应该直接描述他的词语。这种描述可能是为了误导，使得玩家4看起来像是在分析而非直接描述。

不一致之处在于：
- 玩家2的描述与流星或流星雨的特征更为接近，而不是月亮。
- 玩家4的描述偏离了直接描述词语特征的常规，更像是提供游戏策略分析。

这些不一致之处可能表明玩家2和玩家4是卧底，因为他们描述的特征或行为与游戏规则中平民的描述模式不一致。然而，最终确定卧底需要更多的信息和进一步的描述。|| 请通过你分析的不一致之处，推断卧底身份，注意，这局游戏的词语分类为<天文>，卧底词和平民词都属于该类。
2024-12-13 17:23:36,727 - 4 - INFO - **********PLAYER4**********
根据上述分析中提到的不一致之处，以下是我的推断：

- 玩家2的描述提到了“闪烁的发光体”和“独特的闪烁和移动轨迹”，这与流星或流星雨的特征相符，而不是月亮。因此，玩家2的描述与“天文”类别中的其他词语（如月亮）不一致，他可能是卧底。

- 玩家4的描述没有直接描述任何词语的特征，而是提供了关于游戏策略的分析。这种行为在卧底角色中是可能的，因为卧底可能会试图误导其他玩家。然而，玩家4的描述也可能只是一个策略，并不一定意味着他是卧底。

综合来看，玩家2的描述与“天文”类别中的其他词语不匹配，而且直接指向了流星或流星雨这样的不同词语，因此他是最有可能的卧底候选人。玩家4的描述虽然不寻常，但不能仅凭这一点就确定他是卧底，除非有更多的证据或者描述来支持这一推断。

因此，基于当前的信息，玩家2可能是卧底。
2024-12-13 17:23:36,728 - 4 - INFO - **********JUDGER**********
你刚刚的推断是根据上述分析中提到的不一致之处，以下是我的推断：

- 玩家2的描述提到了“闪烁的发光体”和“独特的闪烁和移动轨迹”，这与流星或流星雨的特征相符，而不是月亮。因此，玩家2的描述与“天文”类别中的其他词语（如月亮）不一致，他可能是卧底。

- 玩家4的描述没有直接描述任何词语的特征，而是提供了关于游戏策略的分析。这种行为在卧底角色中是可能的，因为卧底可能会试图误导其他玩家。然而，玩家4的描述也可能只是一个策略，并不一定意味着他是卧底。

综合来看，玩家2的描述与“天文”类别中的其他词语不匹配，而且直接指向了流星或流星雨这样的不同词语，因此他是最有可能的卧底候选人。玩家4的描述虽然不寻常，但不能仅凭这一点就确定他是卧底，除非有更多的证据或者描述来支持这一推断。

因此，基于当前的信息，玩家2可能是卧底。|| 基于你刚刚的推断得出你的最终结论，请输出你认为的卧底，在这种情况下只需要输出编号，是1-4中的某个数字，不要输出其他信息。在这个过程不要进行任何推理，只对||以前的部分进行信息提取
2024-12-13 17:23:37,580 - 4 - INFO - **********PLAYER4**********
2
2024-12-13 17:23:51,458 - 4 - INFO - **********JUDGER**********
玩家1说：它是一个夜空中常见的圆形天体，与太阳、星星共同构成夜空的主要元素。在所有天文现象中，它最引人注目的是其周期性的圆缺变化。它在天际中静静地悬挂，夜间之光引人瞩目，它的存在使夜空变得更加生动和神秘。它的圆缺变化如同大自然的钟表，每隔一段时间就会上演一场视觉盛宴。玩家2说：它是一种在天空中闪烁的发光体，通常成群出现，亮度各异。在所有天文现象中，它最突出的不同特征是其独特的闪烁和移动轨迹。它的光芒虽不及月亮那般耀眼，但在夜空中却是一道不可或缺的风景。它的存在常常伴随着其他天体，共同点缀着夜空。在所有天文现象中，它的闪烁如同大自然的语言，时而明亮，时而暗淡，为夜空增添了一份神秘和变幻莫测的美。玩家3说：这是一个天空中自然存在的发光体，通常在夜晚清晰可见。它在同一类天文现象中最突出的不同特征是它的轨道周期性变化。它是一种夜空中的天体，其圆周形态在月相变化中展现出周期性的变化。这种变化不仅规律，而且引人入胜，是夜空中最为引人注目的现象之一。它的存在不仅为夜空增添了神秘感，也成为了人们观测和预测时间的重要自然标志。玩家4说：这是一个天体，通常在夜晚出现，它的亮度相对稳定。在所有天文现象中，它最突出的不同特征是它的形态变化，从满月到新月会经历不同的圆缺阶段。你是第4号玩家，你的关键词是<月亮>。你的回答中绝对不能包含你的关键词<月亮>。这是第二轮描述，你之前的描述是这是一个天体，通常在夜晚出现，它的亮度相对稳定。在所有天文现象中，它最突出的不同特征是它的形态变化，从满月到新月会经历不同的圆缺阶段。，注意，这局游戏的词语分类为<天文>，卧底词和平民词都属于该类，请你补充关于关键词的描述，注意，你的描述应该比起之前的描述更加贴近关键词，作为之前的补充
2024-12-13 17:23:55,651 - 4 - INFO - **********PLAYER4**********
这个天体在天际中静静地悬挂，它的存在为夜空增添了一份神秘和变幻莫测的美。它的圆周形态在月相变化中展现出周期性的变化，这种变化如同大自然的钟表，每隔一段时间就会上演一场视觉盛宴。它的光芒虽不及太阳那般耀眼，但在夜空中却是一道不可或缺的风景，为夜晚带来了宁静与安宁。
2024-12-13 17:25:07,516 - 4 - INFO - **********JUDGER**********
玩家1说：它是一个夜空中常见的圆形天体，与太阳、星星共同构成夜空的主要元素。在所有天文现象中，它最引人注目的是其周期性的圆缺变化。它在天际中静静地悬挂，夜间之光引人瞩目，它的存在使夜空变得更加生动和神秘。它的圆缺变化如同大自然的钟表，每隔一段时间就会上演一场视觉盛宴。玩家2说：它是一种在天空中闪烁的发光体，通常成群出现，亮度各异。在所有天文现象中，它最突出的不同特征是其独特的闪烁和移动轨迹。它的光芒虽不及月亮那般耀眼，但在夜空中却是一道不可或缺的风景。它的存在常常伴随着其他天体，共同点缀着夜空。在所有天文现象中，它的闪烁如同大自然的语言，时而明亮，时而暗淡，为夜空增添了一份神秘和变幻莫测的美。玩家3说：这是一个天空中自然存在的发光体，通常在夜晚清晰可见。它在同一类天文现象中最突出的不同特征是它的轨道周期性变化。它是一种夜空中的天体，其圆周形态在月相变化中展现出周期性的变化。这种变化不仅规律，而且引人入胜，是夜空中最为引人注目的现象之一。它的存在不仅为夜空增添了神秘感，也成为了人们观测和预测时间的重要自然标志。玩家4说：这是一个天体，通常在夜晚出现，它的亮度相对稳定。在所有天文现象中，它最突出的不同特征是它的形态变化，从满月到新月会经历不同的圆缺阶段。||在这个游戏中，我们需要通过分析每位玩家的描述来找出卧底。通常，平民的描述会围绕相同的词语展开，而卧底的描述可能会因为词语的不同而显得不太一致。我们需要仔细比较每个描述之间的相似性和差异性，以找出可能的卧底，注意，卧底并不会隐藏自己，他会直接描述他的词语，现在，逐一分析每个玩家的描述，注意，这局游戏的词语分类为<天文>，卧底词和平民词都属于该类。||之前是第2轮描述和之前轮数描述的合集。你之前认为的卧底是玩家2。
2024-12-13 17:25:14,672 - 4 - INFO - **********PLAYER4**********
根据玩家们的第二轮描述和之前的描述，我们可以进行以下分析：

玩家1的描述与月亮的特征非常吻合，强调了月亮的周期性圆缺变化和它在夜空中的重要性。

玩家2的描述虽然也提到了“闪烁的发光体”和“形态变化”，但强调了“成群出现”和“独特的闪烁和移动轨迹”，这与流星雨的特征更为接近，而不是月亮。

玩家3的描述再次提到了月亮的轨道周期性变化和月相变化，与玩家1的描述相似，强调了月亮的规律性和人们观测时间的重要性。

玩家4的描述在第二轮中补充了月亮的亮度和形态变化，与之前提到的特征一致。

综合分析，玩家2的描述在强调“闪烁”和“成群出现”时，与月亮的特征有所出入，更接近流星雨的特征。这与其他玩家的描述相比，显示出不一致之处。因此，基于这些描述，玩家2仍然是可能是卧底的候选人。由于我的初始推断是玩家2，且没有新的信息来推翻这一推断，我仍然认为玩家2是卧底。
2024-12-13 17:25:14,674 - 4 - INFO - **********JUDGER**********
你刚刚的分析是根据玩家们的第二轮描述和之前的描述，我们可以进行以下分析：

玩家1的描述与月亮的特征非常吻合，强调了月亮的周期性圆缺变化和它在夜空中的重要性。

玩家2的描述虽然也提到了“闪烁的发光体”和“形态变化”，但强调了“成群出现”和“独特的闪烁和移动轨迹”，这与流星雨的特征更为接近，而不是月亮。

玩家3的描述再次提到了月亮的轨道周期性变化和月相变化，与玩家1的描述相似，强调了月亮的规律性和人们观测时间的重要性。

玩家4的描述在第二轮中补充了月亮的亮度和形态变化，与之前提到的特征一致。

综合分析，玩家2的描述在强调“闪烁”和“成群出现”时，与月亮的特征有所出入，更接近流星雨的特征。这与其他玩家的描述相比，显示出不一致之处。因此，基于这些描述，玩家2仍然是可能是卧底的候选人。由于我的初始推断是玩家2，且没有新的信息来推翻这一推断，我仍然认为玩家2是卧底。|| `请根据上述分析，比较描述以找出不一致之处，注意，这局游戏的词语分类为<天文>，卧底词和平民词都属于该类。
2024-12-13 17:25:21,227 - 4 - INFO - **********PLAYER4**********
根据上述分析，我们可以找出以下不一致之处：

1. 玩家1和玩家3的描述都集中在月亮的周期性圆缺变化和其在夜空中的重要性，这与其他天文现象的特征不符。

2. 玩家4的描述也提到了月亮的亮度和形态变化，这与玩家1和玩家3的描述相呼应，表明他们可能是持有相同平民词的玩家。

3. 玩家2的描述虽然提到了“形态变化”，但强调的是“闪烁的发光体”和“成群出现”，这与流星雨的特征更为契合，而不是月亮的单一天体特征。

4. 玩家2还提到了“独特的闪烁和移动轨迹”，这是流星雨的典型特征，而月亮并不以这种方式闪烁或移动。

这些不一致之处表明玩家2的描述与其他玩家关于月亮的描述不一致，更接近流星雨的特征，因此在《天文》这个词语分类下，玩家2的描述可能是卧底词。
2024-12-13 17:25:21,229 - 4 - INFO - **********JUDGER**********
你刚刚的分析是根据上述分析，我们可以找出以下不一致之处：

1. 玩家1和玩家3的描述都集中在月亮的周期性圆缺变化和其在夜空中的重要性，这与其他天文现象的特征不符。

2. 玩家4的描述也提到了月亮的亮度和形态变化，这与玩家1和玩家3的描述相呼应，表明他们可能是持有相同平民词的玩家。

3. 玩家2的描述虽然提到了“形态变化”，但强调的是“闪烁的发光体”和“成群出现”，这与流星雨的特征更为契合，而不是月亮的单一天体特征。

4. 玩家2还提到了“独特的闪烁和移动轨迹”，这是流星雨的典型特征，而月亮并不以这种方式闪烁或移动。

这些不一致之处表明玩家2的描述与其他玩家关于月亮的描述不一致，更接近流星雨的特征，因此在《天文》这个词语分类下，玩家2的描述可能是卧底词。|| 请通过你分析的不一致之处，推断卧底身份，注意，这局游戏的词语分类为<天文>，卧底词和平民词都属于该类。
2024-12-13 17:25:24,274 - 4 - INFO - **********PLAYER4**********
基于分析的不一致之处，我推断卧底身份是玩家2。他的描述与流星雨的特征更为契合，而不是月亮的特征，这表明他持有的可能是流星雨这个与月亮不同的天文现象作为卧底词。
2024-12-13 17:25:24,274 - 4 - INFO - **********JUDGER**********
你刚刚的推断是基于分析的不一致之处，我推断卧底身份是玩家2。他的描述与流星雨的特征更为契合，而不是月亮的特征，这表明他持有的可能是流星雨这个与月亮不同的天文现象作为卧底词。|| 基于你刚刚的推断得出你的最终结论，请输出你认为的卧底，在这种情况下只需要输出编号，是1-4中的某个数字，不要输出其他信息。在这个过程不要进行任何推理，只对||以前的部分进行信息提取
2024-12-13 17:25:25,319 - 4 - INFO - **********PLAYER4**********
2
2024-12-13 17:25:34,383 - 4 - INFO - **********JUDGER**********
玩家1说：它是一个夜空中常见的圆形天体，与太阳、星星共同构成夜空的主要元素。在所有天文现象中，它最引人注目的是其周期性的圆缺变化。它在天际中静静地悬挂，夜间之光引人瞩目，它的存在使夜空变得更加生动和神秘。它的圆缺变化如同大自然的钟表，每隔一段时间就会上演一场视觉盛宴。它那恒定的光辉在天幕中闪烁，引导着人们的视线，它的形状随着时间悄然变化，成为夜空中最熟悉的图案。玩家2说：它是一种在天空中闪烁的发光体，通常成群出现，亮度各异。在所有天文现象中，它最突出的不同特征是其独特的闪烁和移动轨迹。它的光芒虽不及月亮那般耀眼，但在夜空中却是一道不可或缺的风景。它的存在常常伴随着其他天体，共同点缀着夜空。在所有天文现象中，它的闪烁如同大自然的语言，时而明亮，时而暗淡，为夜空增添了一份神秘和变幻莫测的美。这种发光体在夜空中分布广泛，它们的光芒虽然微弱，但聚集在一起时，能够照亮整个夜空。它们没有固定的轨迹，而是随着气流和地球自转不断变化，给人一种动态的美感。在某些夜晚，当大气条件适宜时，这些发光体会显得格外明亮，成为夜空中最引人注目的亮点之一。玩家3说：这是一个天空中自然存在的发光体，通常在夜晚清晰可见。它在同一类天文现象中最突出的不同特征是它的轨道周期性变化。它是一种夜空中的天体，其圆周形态在月相变化中展现出周期性的变化。这种变化不仅规律，而且引人入胜，是夜空中最为引人注目的现象之一。它的存在不仅为夜空增添了神秘感，也成为了人们观测和预测时间的重要自然标志。这个天体在天际中静静地悬挂，它的存在为夜空增添了一份神秘和变幻莫测的美。它的圆周形态在月相变化中展现出周期性的变化，这种变化如同大自然的钟表，每隔一段时间就会上演一场视觉盛宴。它的光芒虽不及太阳那般耀眼，但在夜空中却是一道不可或缺的风景，为夜晚带来了宁静与安宁。玩家4说：这是一个天体，通常在夜晚出现，它的亮度相对稳定。在所有天文现象中，它最突出的不同特征是它的形态变化，从满月到新月会经历不同的圆缺阶段。这个天体在天际中静静地悬挂，它的存在为夜空增添了一份神秘和变幻莫测的美。它的圆周形态在月相变化中展现出周期性的变化，这种变化如同大自然的钟表，每隔一段时间就会上演一场视觉盛宴。它的光芒虽不及太阳那般耀眼，但在夜空中却是一道不可或缺的风景，为夜晚带来了宁静与安宁。你是第4号玩家，你的关键词是<月亮>。你的回答中绝对不能包含你的关键词<月亮>。这是第三轮描述，你之前的描述是这是一个天体，通常在夜晚出现，它的亮度相对稳定。在所有天文现象中，它最突出的不同特征是它的形态变化，从满月到新月会经历不同的圆缺阶段。和这个天体在天际中静静地悬挂，它的存在为夜空增添了一份神秘和变幻莫测的美。它的圆周形态在月相变化中展现出周期性的变化，这种变化如同大自然的钟表，每隔一段时间就会上演一场视觉盛宴。它的光芒虽不及太阳那般耀眼，但在夜空中却是一道不可或缺的风景，为夜晚带来了宁静与安宁。，注意，这局游戏的词语分类为<天文>，卧底词和平民词都属于该类，请你补充关于关键词的描述，注意，你的描述应该比起之前的描述更加贴近关键词，作为之前的补充
2024-12-13 17:25:38,657 - 4 - INFO - **********PLAYER4**********
这个天体在天际中静静地悬挂，它的圆周形态在月相变化中展现出周期性的变化，如同大自然的钟表，每隔一段时间就会上演一场视觉盛宴。它的光芒虽不及太阳那般耀眼，但在夜空中却是一道不可或缺的风景，为夜晚带来了宁静与安宁。它的存在为夜空增添了神秘感，也成为了人们观测和预测时间的重要自然标志。
2024-12-13 17:26:35,404 - 4 - INFO - **********JUDGER**********
玩家1说：它是一个夜空中常见的圆形天体，与太阳、星星共同构成夜空的主要元素。在所有天文现象中，它最引人注目的是其周期性的圆缺变化。它在天际中静静地悬挂，夜间之光引人瞩目，它的存在使夜空变得更加生动和神秘。它的圆缺变化如同大自然的钟表，每隔一段时间就会上演一场视觉盛宴。它那恒定的光辉在天幕中闪烁，引导着人们的视线，它的形状随着时间悄然变化，成为夜空中最熟悉的图案。玩家2说：它是一种在天空中闪烁的发光体，通常成群出现，亮度各异。在所有天文现象中，它最突出的不同特征是其独特的闪烁和移动轨迹。它的光芒虽不及月亮那般耀眼，但在夜空中却是一道不可或缺的风景。它的存在常常伴随着其他天体，共同点缀着夜空。在所有天文现象中，它的闪烁如同大自然的语言，时而明亮，时而暗淡，为夜空增添了一份神秘和变幻莫测的美。这种发光体在夜空中分布广泛，它们的光芒虽然微弱，但聚集在一起时，能够照亮整个夜空。它们没有固定的轨迹，而是随着气流和地球自转不断变化，给人一种动态的美感。在某些夜晚，当大气条件适宜时，这些发光体会显得格外明亮，成为夜空中最引人注目的亮点之一。玩家3说：这是一个天空中自然存在的发光体，通常在夜晚清晰可见。它在同一类天文现象中最突出的不同特征是它的轨道周期性变化。它是一种夜空中的天体，其圆周形态在月相变化中展现出周期性的变化。这种变化不仅规律，而且引人入胜，是夜空中最为引人注目的现象之一。它的存在不仅为夜空增添了神秘感，也成为了人们观测和预测时间的重要自然标志。这个天体在天际中静静地悬挂，它的存在为夜空增添了一份神秘和变幻莫测的美。它的圆周形态在月相变化中展现出周期性的变化，这种变化如同大自然的钟表，每隔一段时间就会上演一场视觉盛宴。它的光芒虽不及太阳那般耀眼，但在夜空中却是一道不可或缺的风景，为夜晚带来了宁静与安宁。玩家4说：这是一个天体，通常在夜晚出现，它的亮度相对稳定。在所有天文现象中，它最突出的不同特征是它的形态变化，从满月到新月会经历不同的圆缺阶段。这个天体在天际中静静地悬挂，它的存在为夜空增添了一份神秘和变幻莫测的美。它的圆周形态在月相变化中展现出周期性的变化，这种变化如同大自然的钟表，每隔一段时间就会上演一场视觉盛宴。它的光芒虽不及太阳那般耀眼，但在夜空中却是一道不可或缺的风景，为夜晚带来了宁静与安宁。这个天体在天际中静静地悬挂，它的圆周形态在月相变化中展现出周期性的变化，如同大自然的钟表，每隔一段时间就会上演一场视觉盛宴。它的光芒虽不及太阳那般耀眼，但在夜空中却是一道不可或缺的风景，为夜晚带来了宁静与安宁。它的存在为夜空增添了神秘感，也成为了人们观测和预测时间的重要自然标志。||在这个游戏中，我们需要通过分析每位玩家的描述来找出卧底。通常，平民的描述会围绕相同的词语展开，而卧底的描述可能会因为词语的不同而显得不太一致。我们需要仔细比较每个描述之间的相似性和差异性，以找出可能的卧底，注意，卧底并不会隐藏自己，他会直接描述他的词语，现在，逐一分析每个玩家的描述，注意，这局游戏的词语分类为<天文>，卧底词和平民词都属于该类。||之前是第3轮描述和之前轮数描述的合集。你之前认为的卧底是玩家2。
2024-12-13 17:26:43,940 - 4 - INFO - **********PLAYER4**********
根据玩家们的描述，我们可以进行以下分析：

玩家1的描述强调了月亮的周期性圆缺变化和它在夜空中的重要性，与月亮的特征非常吻合。

玩家2的描述提到了“闪烁的发光体”和“成群出现”，这与流星雨的特征更为接近，而不是月亮。

玩家3的描述再次提到了月亮的轨道周期性变化和月相变化，与玩家1的描述相似，强调了月亮的规律性和人们观测时间的重要性。

玩家4的描述与玩家1和玩家3的描述相呼应，强调了月亮的亮度和形态变化，以及它在夜空中的美学价值。

综合分析，玩家2的描述与其他玩家的描述相比，显示出不一致之处，更接近流星雨的特征。因此，基于这些描述，玩家2仍然是可能是卧底的候选人。由于我的初始推断是玩家2，且没有新的信息来推翻这一推断，我仍然认为玩家2是卧底。
2024-12-13 17:26:43,944 - 4 - INFO - **********JUDGER**********
你刚刚的分析是根据玩家们的描述，我们可以进行以下分析：

玩家1的描述强调了月亮的周期性圆缺变化和它在夜空中的重要性，与月亮的特征非常吻合。

玩家2的描述提到了“闪烁的发光体”和“成群出现”，这与流星雨的特征更为接近，而不是月亮。

玩家3的描述再次提到了月亮的轨道周期性变化和月相变化，与玩家1的描述相似，强调了月亮的规律性和人们观测时间的重要性。

玩家4的描述与玩家1和玩家3的描述相呼应，强调了月亮的亮度和形态变化，以及它在夜空中的美学价值。

综合分析，玩家2的描述与其他玩家的描述相比，显示出不一致之处，更接近流星雨的特征。因此，基于这些描述，玩家2仍然是可能是卧底的候选人。由于我的初始推断是玩家2，且没有新的信息来推翻这一推断，我仍然认为玩家2是卧底。|| `请根据上述分析，比较描述以找出不一致之处，注意，这局游戏的词语分类为<天文>，卧底词和平民词都属于该类。
2024-12-13 17:26:51,271 - 4 - INFO - **********PLAYER4**********
根据上述分析，不一致之处如下：

1. 玩家1和玩家3的描述都集中在月亮的周期性圆缺变化和其在夜空中的重要性，而玩家4的描述也与之相似，强调了月亮的亮度和形态变化。

2. 玩家2的描述则提到了“闪烁的发光体”和“成群出现”，这些特征更符合流星雨而不是月亮。

3. 玩家2还提到了流星雨的闪烁和移动轨迹，以及它们在夜空中没有固定轨迹，这与月亮的特征不符。

4. 玩家2的描述中还提到了流星雨的光芒虽然微弱但能照亮整个夜空，以及在某些夜晚会显得格外明亮，这些描述也与月亮的特征不一致。

这些不一致之处表明玩家2的描述与其他玩家关于月亮的描述不符，更接近流星雨的特征，因此在《天文》这个词语分类下，玩家2的描述可能是卧底词。
2024-12-13 17:26:51,272 - 4 - INFO - **********JUDGER**********
你刚刚的分析是根据上述分析，不一致之处如下：

1. 玩家1和玩家3的描述都集中在月亮的周期性圆缺变化和其在夜空中的重要性，而玩家4的描述也与之相似，强调了月亮的亮度和形态变化。

2. 玩家2的描述则提到了“闪烁的发光体”和“成群出现”，这些特征更符合流星雨而不是月亮。

3. 玩家2还提到了流星雨的闪烁和移动轨迹，以及它们在夜空中没有固定轨迹，这与月亮的特征不符。

4. 玩家2的描述中还提到了流星雨的光芒虽然微弱但能照亮整个夜空，以及在某些夜晚会显得格外明亮，这些描述也与月亮的特征不一致。

这些不一致之处表明玩家2的描述与其他玩家关于月亮的描述不符，更接近流星雨的特征，因此在《天文》这个词语分类下，玩家2的描述可能是卧底词。|| 请通过你分析的不一致之处，推断卧底身份，注意，这局游戏的词语分类为<天文>，卧底词和平民词都属于该类。
2024-12-13 17:26:52,408 - 4 - INFO - **********PLAYER4**********
2
2024-12-13 17:26:52,409 - 4 - INFO - **********JUDGER**********
你刚刚的推断是2|| 基于你刚刚的推断得出你的最终结论，请输出你认为的卧底，在这种情况下只需要输出编号，是1-4中的某个数字，不要输出其他信息。在这个过程不要进行任何推理，只对||以前的部分进行信息提取
2024-12-13 17:26:54,038 - 4 - INFO - **********PLAYER4**********
2
