2024-12-13 12:53:55,221 - 1 - INFO - **********JUDGER**********
让我们来玩一个叫做<谁是卧底>的推理游戏。基本规则：<人数>：4人。<角色分配>：每位玩家随机抽取一个词语，3名玩家拿到的词语是相同的（平民词），1名玩家拿到与之相近但不同的词语（卧底词）。<游戏流程>：1、玩家轮流描述自己的词语，但<不能>直接说出词语本身。2、描述完毕后，投票选出最像卧底的玩家。3、每轮结束后，被投票选出的玩家出局，不能再进行描述或投票。4、每轮投票结束后，如果卧底被成功找出，平民方获胜；如果卧底未被找出且卧底人数等于或超过平民人数，则卧底方获胜。你将扮演一个<玩家>，请等待你被分配到的关键词。如果你听懂了，只回答，"好的，我准备好参加游戏了"，不要输出别的信息
2024-12-13 12:53:57,992 - 1 - INFO - **********PLAYER1**********
好的，我准备好参加游戏了
2024-12-13 12:54:04,728 - 1 - INFO - **********JUDGER**********
玩家1说：玩家2说：玩家3说：玩家4说：|| 你是第1号玩家，你的关键词是<篮球>。你的回答中绝对不能包含你的关键词<篮球>。这是第一轮描述，不需要分析||之前别的玩家的描述，请你描述关键词基本特征，注意，这局游戏的词语分类为<体育用品>，卧底词和平民词都属于该类，描述包括以下两点，1.他的基本特征是什么2.他在该类（体育用品）中最突出不同的特征是什么，尽量简短
2024-12-13 12:54:06,260 - 1 - INFO - **********PLAYER1**********
这是一种运动器材，通常用于户外活动，有着圆形的表面和多个孔洞。与同类体育用品相比，它通常体积较大，材质较为坚固。
2024-12-13 12:54:15,325 - 1 - INFO - **********JUDGER**********
玩家1说：这是一种运动器材，通常用于户外活动，有着圆形的表面和多个孔洞。与同类体育用品相比，它通常体积较大，材质较为坚固。玩家2说：这是一种户外运动器材，通常由金属或塑料制成，有着圆形的表面。它的设计特点是表面分布着多个孔洞，可以用来进行各种球类运动。与同类体育用品相比，它的体积相对较大，且材质较为坚固，便于携带和耐用。在体育用品中，它最突出的不同特征可能是其独特的孔洞设计，以及适合进行特定球类运动的特性。玩家3说：1. 基本特征：轻便，长柄，用于击打球类。
2. 突出特征：长柄设计，便于远距离击球。玩家4说：||在这个游戏中，我们需要通过分析每位玩家的描述来找出卧底。通常，平民的描述会围绕相同的词语展开，而卧底的描述可能会因为词语的不同而显得不太一致。我们需要仔细比较每个描述之间的相似性和差异性，以找出可能的卧底，注意，卧底并不会隐藏自己，他会直接描述他的词语，现在，逐一分析每个玩家的描述，注意，这局游戏的词语分类为<体育用品>，卧底词和平民词都属于该类。这是第一轮描述。
2024-12-13 12:54:25,143 - 1 - INFO - **********PLAYER1**********
玩家1的描述符合篮球的基本特征，强调了它的户外运动属性和圆形表面。

玩家2的描述进一步细化了篮球的特点，提到了材质和孔洞设计，这些也是篮球的典型特征。

玩家3的描述则提到了一个轻便、长柄的器材，这与篮球的描述不符，因为篮球不是轻便的，也没有长柄。

玩家4的描述似乎在引导玩家分析描述，并没有提供具体的词语描述，这可能是为了引导讨论的方向。

根据这些描述，玩家3的描述与篮球的典型特征不符，因此他可能是卧底。不过，最终需要结合后续的描述和投票来确定。
2024-12-13 12:54:25,146 - 1 - INFO - **********JUDGER**********
你刚刚的分析是玩家1的描述符合篮球的基本特征，强调了它的户外运动属性和圆形表面。

玩家2的描述进一步细化了篮球的特点，提到了材质和孔洞设计，这些也是篮球的典型特征。

玩家3的描述则提到了一个轻便、长柄的器材，这与篮球的描述不符，因为篮球不是轻便的，也没有长柄。

玩家4的描述似乎在引导玩家分析描述，并没有提供具体的词语描述，这可能是为了引导讨论的方向。

根据这些描述，玩家3的描述与篮球的典型特征不符，因此他可能是卧底。不过，最终需要结合后续的描述和投票来确定。|| `请根据上述分析，比较描述以找出不一致之处，注意，这局游戏的词语分类为<体育用品>，卧底词和平民词都属于该类。
2024-12-13 12:54:32,591 - 1 - INFO - **********PLAYER1**********
在比较四位玩家的描述时，我们可以注意到以下不一致之处：

1. 玩家1和玩家2的描述都集中在篮球的圆形表面、户外运动属性和孔洞设计上，这些都是篮球的典型特征。

2. 玩家3的描述提到了一个轻便、长柄的器材，这与篮球的特征不符。篮球通常不是轻便的，也没有长柄，它是一个重量的球体，用于在空中投掷和捕捉。

3. 玩家4的描述并没有提供具体的词语描述，而是引导玩家分析描述，这并不直接参与到词语特征的比较中。

基于这些信息，玩家3的描述与篮球的典型特征存在显著的不一致，因此他可能是卧底。然而，要确定这一点，还需要考虑其他玩家的描述和后续的投票结果。如果其他玩家描述的词语特征与篮球相符，那么玩家3的描述就更加可疑。如果其他玩家的描述也存在不一致之处，那么可能需要进一步的分析来确定卧底。
2024-12-13 12:54:32,597 - 1 - INFO - **********JUDGER**********
你刚刚的分析是在比较四位玩家的描述时，我们可以注意到以下不一致之处：

1. 玩家1和玩家2的描述都集中在篮球的圆形表面、户外运动属性和孔洞设计上，这些都是篮球的典型特征。

2. 玩家3的描述提到了一个轻便、长柄的器材，这与篮球的特征不符。篮球通常不是轻便的，也没有长柄，它是一个重量的球体，用于在空中投掷和捕捉。

3. 玩家4的描述并没有提供具体的词语描述，而是引导玩家分析描述，这并不直接参与到词语特征的比较中。

基于这些信息，玩家3的描述与篮球的典型特征存在显著的不一致，因此他可能是卧底。然而，要确定这一点，还需要考虑其他玩家的描述和后续的投票结果。如果其他玩家描述的词语特征与篮球相符，那么玩家3的描述就更加可疑。如果其他玩家的描述也存在不一致之处，那么可能需要进一步的分析来确定卧底。|| 请通过你分析的不一致之处，推断卧底身份，注意，这局游戏的词语分类为<体育用品>，卧底词和平民词都属于该类。
2024-12-13 12:54:44,912 - 1 - INFO - **********PLAYER1**********
根据上述分析，我们可以推断以下可能性：

1. 玩家1和玩家2的描述都符合篮球的特征，因此他们的词语很可能是篮球。

2. 玩家3的描述提到的是一个轻便、长柄的器材，这与篮球的特征不符。考虑到游戏分类为<体育用品>，且卧底词和平民词都属于该类，玩家3的描述可能指向的是与篮球不同的体育用品，例如网球拍。网球拍通常轻便且具有长柄，用于击打网球。

3. 玩家4的描述并没有提供具体的词语描述，因此无法直接判断他的词语。

综合以上信息，玩家3的描述与篮球的特征不一致，且他描述的轻便、长柄的器材更符合网球拍的特征。因此，根据当前的分析，玩家3很可能是卧底，他的词语可能是<网球拍>。然而，最终的身份确定还需要结合后续的描述和投票结果来确认。
2024-12-13 12:54:44,915 - 1 - INFO - **********JUDGER**********
你刚刚的推断是根据上述分析，我们可以推断以下可能性：

1. 玩家1和玩家2的描述都符合篮球的特征，因此他们的词语很可能是篮球。

2. 玩家3的描述提到的是一个轻便、长柄的器材，这与篮球的特征不符。考虑到游戏分类为<体育用品>，且卧底词和平民词都属于该类，玩家3的描述可能指向的是与篮球不同的体育用品，例如网球拍。网球拍通常轻便且具有长柄，用于击打网球。

3. 玩家4的描述并没有提供具体的词语描述，因此无法直接判断他的词语。

综合以上信息，玩家3的描述与篮球的特征不一致，且他描述的轻便、长柄的器材更符合网球拍的特征。因此，根据当前的分析，玩家3很可能是卧底，他的词语可能是<网球拍>。然而，最终的身份确定还需要结合后续的描述和投票结果来确认。|| 基于你刚刚的推断得出你的最终结论，请输出你认为的卧底，在这种情况下只需要输出编号，是1-4中的某个数字，不要输出其他信息。在这个过程不要进行任何推理，只对||以前的部分进行信息提取
2024-12-13 12:54:45,621 - 1 - INFO - **********PLAYER1**********
3
2024-12-13 12:56:53,729 - 1 - INFO - **********JUDGER**********
玩家1说：这是一种运动器材，通常用于户外活动，有着圆形的表面和多个孔洞。与同类体育用品相比，它通常体积较大，材质较为坚固。玩家2说：这是一种户外运动器材，通常由金属或塑料制成，有着圆形的表面。它的设计特点是表面分布着多个孔洞，可以用来进行各种球类运动。与同类体育用品相比，它的体积相对较大，且材质较为坚固，便于携带和耐用。在体育用品中，它最突出的不同特征可能是其独特的孔洞设计，以及适合进行特定球类运动的特性。玩家3说：1. 基本特征：轻便，长柄，用于击打球类。
2. 突出特征：长柄设计，便于远距离击球。玩家4说：基本特征：圆形表面，孔洞设计，材质坚固。
最突出不同特征：适用于特定球类运动，如网球的孔洞设计。你是第1号玩家，你的关键词是<篮球>。你的回答中绝对不能包含你的关键词<篮球>。这是第二轮描述，你之前的描述是这是一种运动器材，通常用于户外活动，有着圆形的表面和多个孔洞。与同类体育用品相比，它通常体积较大，材质较为坚固。，注意，这局游戏的词语分类为<体育用品>，卧底词和平民词都属于该类，请你补充关于关键词的描述，注意，你的描述应该比起之前的描述更加贴近关键词，作为之前的补充
2024-12-13 12:56:58,172 - 1 - INFO - **********PLAYER1**********
这种器材适合多人参与，常用于团队比赛，它的表面设计使得球可以在空中飞行，而且它有一定的重量，这有助于提高比赛的技术性和观赏性。与同类体育用品相比，它的尺寸适中，便于在多种场地上进行比赛。
2024-12-13 12:57:09,709 - 1 - INFO - **********JUDGER**********
玩家1说：这是一种运动器材，通常用于户外活动，有着圆形的表面和多个孔洞。与同类体育用品相比，它通常体积较大，材质较为坚固。这种器材适合多人参与，常用于团队比赛，它的表面设计使得球可以在空中飞行，而且它有一定的重量，这有助于提高比赛的技术性和观赏性。与同类体育用品相比，它的尺寸适中，便于在多种场地上进行比赛。玩家2说：这是一种户外运动器材，通常由金属或塑料制成，有着圆形的表面。它的设计特点是表面分布着多个孔洞，可以用来进行各种球类运动。与同类体育用品相比，它的体积相对较大，且材质较为坚固，便于携带和耐用。在体育用品中，它最突出的不同特征可能是其独特的孔洞设计，以及适合进行特定球类运动的特性。这种运动器材有着坚固的材质和适中的体积，便于在多种场地上进行比赛。它的设计使得球可以在空中飞行，增加了比赛的技术性和观赏性。与同类体育用品相比，它的尺寸适中，适合多人参与，常用于团队比赛。此外，它的表面设计有助于提高球在空中的飞行稳定性。玩家3说：1. 基本特征：轻便，长柄，用于击打球类。
2. 突出特征：长柄设计，便于远距离击球。1. 基本特征：轻便，长柄，适合进行远距离击球。
2. 突出不同特征：设计用于捕捉和击打空中球，特别适合进行球类运动。玩家4说：基本特征：圆形表面，孔洞设计，材质坚固。
最突出不同特征：适用于特定球类运动，如网球的孔洞设计。||在这个游戏中，我们需要通过分析每位玩家的描述来找出卧底。通常，平民的描述会围绕相同的词语展开，而卧底的描述可能会因为词语的不同而显得不太一致。我们需要仔细比较每个描述之间的相似性和差异性，以找出可能的卧底，注意，卧底并不会隐藏自己，他会直接描述他的词语，现在，逐一分析每个玩家的描述，注意，这局游戏的词语分类为<体育用品>，卧底词和平民词都属于该类。||之前是第2轮描述和之前轮数描述的合集。你之前认为的卧底是玩家3。
2024-12-13 12:57:16,395 - 1 - INFO - **********PLAYER1**********
玩家1和玩家2的描述都强调了圆形表面、孔洞设计、体积适中、材质坚固以及适合多人参与和团队比赛等特点，这些描述与篮球的特征非常吻合。

玩家3的描述提到的是轻便、长柄、用于击打球类，以及长柄设计便于远距离击球，这些特征与篮球不符，更像是网球拍或其他长柄球拍类器材。

玩家4的描述提到了圆形表面、孔洞设计、材质坚固，以及适用于特定球类运动，如网球的孔洞设计，这些描述也与篮球相符，但更具体地指向了网球。

基于这些信息，玩家3的描述与篮球的特征存在不一致，而玩家4的描述虽然与篮球相符，但更具体地指向了网球。因此，如果之前的推断是玩家3是卧底，那么在新的描述中，玩家4的描述也显示出不一致性，因为他描述的可能是网球而不是篮球。因此，根据新的描述，玩家4可能是新的卧底。
2024-12-13 12:57:16,397 - 1 - INFO - **********JUDGER**********
你刚刚的分析是玩家1和玩家2的描述都强调了圆形表面、孔洞设计、体积适中、材质坚固以及适合多人参与和团队比赛等特点，这些描述与篮球的特征非常吻合。

玩家3的描述提到的是轻便、长柄、用于击打球类，以及长柄设计便于远距离击球，这些特征与篮球不符，更像是网球拍或其他长柄球拍类器材。

玩家4的描述提到了圆形表面、孔洞设计、材质坚固，以及适用于特定球类运动，如网球的孔洞设计，这些描述也与篮球相符，但更具体地指向了网球。

基于这些信息，玩家3的描述与篮球的特征存在不一致，而玩家4的描述虽然与篮球相符，但更具体地指向了网球。因此，如果之前的推断是玩家3是卧底，那么在新的描述中，玩家4的描述也显示出不一致性，因为他描述的可能是网球而不是篮球。因此，根据新的描述，玩家4可能是新的卧底。|| `请根据上述分析，比较描述以找出不一致之处，注意，这局游戏的词语分类为<体育用品>，卧底词和平民词都属于该类。
2024-12-13 12:57:24,003 - 1 - INFO - **********PLAYER1**********
根据上述分析，我们可以找出以下不一致之处：

1. 玩家1和玩家2的描述都集中在篮球的特征上，包括圆形表面、孔洞设计、体积适中、材质坚固、适合多人参与和团队比赛等。

2. 玩家3的描述提到了轻便、长柄、用于击打球类以及长柄设计便于远距离击球，这些特征更符合网球拍或其他长柄球拍类器材，而不是篮球。

3. 玩家4的描述虽然提到了圆形表面、孔洞设计、材质坚固，但特别强调了适用于特定球类运动，如网球的孔洞设计。这虽然也与篮球相符，但描述的针对性更强，更像是网球的特征。

因此，不一致之处在于玩家3的描述与篮球的特征不符，而玩家4的描述虽然可能符合篮球，但更偏向于网球的特征。这表明玩家3和玩家4的描述可能存在不一致，其中一位可能是卧底。
2024-12-13 12:57:24,008 - 1 - INFO - **********JUDGER**********
你刚刚的分析是根据上述分析，我们可以找出以下不一致之处：

1. 玩家1和玩家2的描述都集中在篮球的特征上，包括圆形表面、孔洞设计、体积适中、材质坚固、适合多人参与和团队比赛等。

2. 玩家3的描述提到了轻便、长柄、用于击打球类以及长柄设计便于远距离击球，这些特征更符合网球拍或其他长柄球拍类器材，而不是篮球。

3. 玩家4的描述虽然提到了圆形表面、孔洞设计、材质坚固，但特别强调了适用于特定球类运动，如网球的孔洞设计。这虽然也与篮球相符，但描述的针对性更强，更像是网球的特征。

因此，不一致之处在于玩家3的描述与篮球的特征不符，而玩家4的描述虽然可能符合篮球，但更偏向于网球的特征。这表明玩家3和玩家4的描述可能存在不一致，其中一位可能是卧底。|| 请通过你分析的不一致之处，推断卧底身份，注意，这局游戏的词语分类为<体育用品>，卧底词和平民词都属于该类。
2024-12-13 12:57:28,200 - 1 - INFO - **********PLAYER1**********
基于分析的不一致之处，我们可以推断：

玩家3的描述明显与篮球的特征不符，而是更像是网球拍或其他长柄球拍类器材。因此，玩家3可能是卧底。

玩家4的描述虽然提到了适用于特定球类运动，如网球的孔洞设计，但并没有排除篮球的可能性，因为篮球同样有孔洞设计。然而，玩家4的描述比玩家3的描述更具体地指向了网球，这可能增加了他是卧底的可能性。

综合考虑，玩家3的描述与篮球的特征差异最大，因此我认为玩家3是卧底。
2024-12-13 12:57:28,203 - 1 - INFO - **********JUDGER**********
你刚刚的推断是基于分析的不一致之处，我们可以推断：

玩家3的描述明显与篮球的特征不符，而是更像是网球拍或其他长柄球拍类器材。因此，玩家3可能是卧底。

玩家4的描述虽然提到了适用于特定球类运动，如网球的孔洞设计，但并没有排除篮球的可能性，因为篮球同样有孔洞设计。然而，玩家4的描述比玩家3的描述更具体地指向了网球，这可能增加了他是卧底的可能性。

综合考虑，玩家3的描述与篮球的特征差异最大，因此我认为玩家3是卧底。|| 基于你刚刚的推断得出你的最终结论，请输出你认为的卧底，在这种情况下只需要输出编号，是1-4中的某个数字，不要输出其他信息。在这个过程不要进行任何推理，只对||以前的部分进行信息提取
2024-12-13 12:57:29,028 - 1 - INFO - **********PLAYER1**********
3
2024-12-13 12:58:22,793 - 1 - INFO - **********JUDGER**********
玩家1说：这是一种运动器材，通常用于户外活动，有着圆形的表面和多个孔洞。与同类体育用品相比，它通常体积较大，材质较为坚固。这种器材适合多人参与，常用于团队比赛，它的表面设计使得球可以在空中飞行，而且它有一定的重量，这有助于提高比赛的技术性和观赏性。与同类体育用品相比，它的尺寸适中，便于在多种场地上进行比赛。玩家2说：这是一种户外运动器材，通常由金属或塑料制成，有着圆形的表面。它的设计特点是表面分布着多个孔洞，可以用来进行各种球类运动。与同类体育用品相比，它的体积相对较大，且材质较为坚固，便于携带和耐用。在体育用品中，它最突出的不同特征可能是其独特的孔洞设计，以及适合进行特定球类运动的特性。这种运动器材有着坚固的材质和适中的体积，便于在多种场地上进行比赛。它的设计使得球可以在空中飞行，增加了比赛的技术性和观赏性。与同类体育用品相比，它的尺寸适中，适合多人参与，常用于团队比赛。此外，它的表面设计有助于提高球在空中的飞行稳定性。玩家3说：1. 基本特征：轻便，长柄，用于击打球类。
2. 突出特征：长柄设计，便于远距离击球。1. 基本特征：轻便，长柄，适合进行远距离击球。
2. 突出不同特征：设计用于捕捉和击打空中球，特别适合进行球类运动。玩家4说：基本特征：圆形表面，孔洞设计，材质坚固。
最突出不同特征：适用于特定球类运动，如网球的孔洞设计。基本特征：轻便便携，适合户外使用，有支撑架结构。
最突出不同特征：具备一定重量，有助于球的稳定飞行，适用于团队对抗性强的运动。你是第1号玩家，你的关键词是<篮球>。你的回答中绝对不能包含你的关键词<篮球>。这是第三轮描述，你之前的描述是这是一种运动器材，通常用于户外活动，有着圆形的表面和多个孔洞。与同类体育用品相比，它通常体积较大，材质较为坚固。和这种器材适合多人参与，常用于团队比赛，它的表面设计使得球可以在空中飞行，而且它有一定的重量，这有助于提高比赛的技术性和观赏性。与同类体育用品相比，它的尺寸适中，便于在多种场地上进行比赛。，注意，这局游戏的词语分类为<体育用品>，卧底词和平民词都属于该类，请你补充关于关键词的描述，注意，你的描述应该比起之前的描述更加贴近关键词，作为之前的补充
2024-12-13 12:58:24,732 - 1 - INFO - **********PLAYER1**********
这种器材的设计注重团队合作，它的重量和尺寸使得它在空中飞行时稳定可靠，同时它的表面结构有助于控制球的旋转和飞行轨迹。这种器材通常需要多人配合，适合在户外多个不同的场地进行比赛。
2024-12-13 12:58:31,694 - 1 - INFO - **********JUDGER**********
玩家1说：这是一种运动器材，通常用于户外活动，有着圆形的表面和多个孔洞。与同类体育用品相比，它通常体积较大，材质较为坚固。这种器材适合多人参与，常用于团队比赛，它的表面设计使得球可以在空中飞行，而且它有一定的重量，这有助于提高比赛的技术性和观赏性。与同类体育用品相比，它的尺寸适中，便于在多种场地上进行比赛。这种器材的设计注重团队合作，它的重量和尺寸使得它在空中飞行时稳定可靠，同时它的表面结构有助于控制球的旋转和飞行轨迹。这种器材通常需要多人配合，适合在户外多个不同的场地进行比赛。玩家2说：这是一种户外运动器材，通常由金属或塑料制成，有着圆形的表面。它的设计特点是表面分布着多个孔洞，可以用来进行各种球类运动。与同类体育用品相比，它的体积相对较大，且材质较为坚固，便于携带和耐用。在体育用品中，它最突出的不同特征可能是其独特的孔洞设计，以及适合进行特定球类运动的特性。这种运动器材有着坚固的材质和适中的体积，便于在多种场地上进行比赛。它的设计使得球可以在空中飞行，增加了比赛的技术性和观赏性。与同类体育用品相比，它的尺寸适中，适合多人参与，常用于团队比赛。此外，它的表面设计有助于提高球在空中的飞行稳定性。这种运动器材有着稳定的支撑结构，便于在户外不同场地上进行比赛。它的设计确保了球在飞行时的稳定性，同时材质坚固且体积适中，便于携带和耐用。这种器材适合多人参与，强调团队合作，且在空中飞行时展现出良好的控制性和旋转。玩家3说：1. 基本特征：轻便，长柄，用于击打球类。
2. 突出特征：长柄设计，便于远距离击球。1. 基本特征：轻便，长柄，适合进行远距离击球。
2. 突出不同特征：设计用于捕捉和击打空中球，特别适合进行球类运动。1. 基本特征：轻便，长柄，专为击打地面球类运动设计。
2. 突出不同特征：长柄和特殊握把设计，提供更好的控制和精准度，适用于快速移动的球类运动。玩家4说：基本特征：圆形表面，孔洞设计，材质坚固。
最突出不同特征：适用于特定球类运动，如网球的孔洞设计。基本特征：轻便便携，适合户外使用，有支撑架结构。
最突出不同特征：具备一定重量，有助于球的稳定飞行，适用于团队对抗性强的运动。基本特征：轻便，长柄，适用于团队对抗性强的运动。
最突出不同特征：具有稳定支撑结构，设计用于在空中控制球，适合户外使用。||在这个游戏中，我们需要通过分析每位玩家的描述来找出卧底。通常，平民的描述会围绕相同的词语展开，而卧底的描述可能会因为词语的不同而显得不太一致。我们需要仔细比较每个描述之间的相似性和差异性，以找出可能的卧底，注意，卧底并不会隐藏自己，他会直接描述他的词语，现在，逐一分析每个玩家的描述，注意，这局游戏的词语分类为<体育用品>，卧底词和平民词都属于该类。||之前是第3轮描述和之前轮数描述的合集。你之前认为的卧底是玩家3。
2024-12-13 12:58:42,467 - 1 - INFO - **********PLAYER1**********
根据第三轮描述和之前的分析，以下是不一致之处：

1. 玩家1、玩家2和玩家4的描述都强调了圆形表面、孔洞设计、材质坚固、体积适中、适合多人参与和团队比赛等特点，这些描述与篮球的特征相符。

2. 玩家3的描述虽然也提到了轻便、长柄、用于击打球类，但他的描述更侧重于长柄设计便于远距离击球，以及捕捉和击打空中球，这些特征更符合网球拍或其他长柄球拍类器材。

3. 玩家3的描述中提到“专为击打地面球类运动设计”和“具有稳定支撑结构，设计用于在空中控制球”，这些描述与篮球的地面运动特性不符，更像是网球或其他球类运动。

综合这些信息，玩家3的描述与篮球的特征存在不一致，因此玩家3可能是卧底。
2024-12-13 12:58:42,471 - 1 - INFO - **********JUDGER**********
你刚刚的分析是根据第三轮描述和之前的分析，以下是不一致之处：

1. 玩家1、玩家2和玩家4的描述都强调了圆形表面、孔洞设计、材质坚固、体积适中、适合多人参与和团队比赛等特点，这些描述与篮球的特征相符。

2. 玩家3的描述虽然也提到了轻便、长柄、用于击打球类，但他的描述更侧重于长柄设计便于远距离击球，以及捕捉和击打空中球，这些特征更符合网球拍或其他长柄球拍类器材。

3. 玩家3的描述中提到“专为击打地面球类运动设计”和“具有稳定支撑结构，设计用于在空中控制球”，这些描述与篮球的地面运动特性不符，更像是网球或其他球类运动。

综合这些信息，玩家3的描述与篮球的特征存在不一致，因此玩家3可能是卧底。|| `请根据上述分析，比较描述以找出不一致之处，注意，这局游戏的词语分类为<体育用品>，卧底词和平民词都属于该类。
2024-12-13 12:58:47,517 - 1 - INFO - **********PLAYER1**********
不一致之处如下：

1. 玩家1、玩家2和玩家4的描述都集中在体育用品的通用特征上，如圆形表面、孔洞设计、材质坚固、体积适中、适合多人参与和团队比赛等，这些特征与篮球相符。

2. 玩家3的描述虽然也提到了体育用品的某些特征，如轻便、长柄、用于击打球类，但特别强调了长柄设计、远距离击球、捕捉和击打空中球、专为地面球类运动设计以及稳定支撑结构，这些特征与篮球不符，更像是网球拍或其他长柄球拍类器材。

3. 玩家3的描述中提到“设计用于在空中控制球”，这与篮球在地面进行的运动特性不一致。

因此，玩家3的描述在体育用品的类别中与篮球的特征存在显著的不一致。
2024-12-13 12:58:47,528 - 1 - INFO - **********JUDGER**********
你刚刚的分析是不一致之处如下：

1. 玩家1、玩家2和玩家4的描述都集中在体育用品的通用特征上，如圆形表面、孔洞设计、材质坚固、体积适中、适合多人参与和团队比赛等，这些特征与篮球相符。

2. 玩家3的描述虽然也提到了体育用品的某些特征，如轻便、长柄、用于击打球类，但特别强调了长柄设计、远距离击球、捕捉和击打空中球、专为地面球类运动设计以及稳定支撑结构，这些特征与篮球不符，更像是网球拍或其他长柄球拍类器材。

3. 玩家3的描述中提到“设计用于在空中控制球”，这与篮球在地面进行的运动特性不一致。

因此，玩家3的描述在体育用品的类别中与篮球的特征存在显著的不一致。|| 请通过你分析的不一致之处，推断卧底身份，注意，这局游戏的词语分类为<体育用品>，卧底词和平民词都属于该类。
2024-12-13 12:58:50,035 - 1 - INFO - **********PLAYER1**********
基于分析的不一致之处，可以推断玩家3是卧底。他的描述中包含了长柄、远距离击球、空中控制球等特征，这些特征与篮球不符，更像是网球拍或其他长柄球拍类器材。因此，玩家3的词语可能是与篮球不同的体育用品。
2024-12-13 12:58:50,036 - 1 - INFO - **********JUDGER**********
你刚刚的推断是基于分析的不一致之处，可以推断玩家3是卧底。他的描述中包含了长柄、远距离击球、空中控制球等特征，这些特征与篮球不符，更像是网球拍或其他长柄球拍类器材。因此，玩家3的词语可能是与篮球不同的体育用品。|| 基于你刚刚的推断得出你的最终结论，请输出你认为的卧底，在这种情况下只需要输出编号，是1-4中的某个数字，不要输出其他信息。在这个过程不要进行任何推理，只对||以前的部分进行信息提取
2024-12-13 12:58:51,233 - 1 - INFO - **********PLAYER1**********
3
