2024-12-13 12:53:59,014 - 2 - INFO - **********JUDGER**********
让我们来玩一个叫做<谁是卧底>的推理游戏。基本规则：<人数>：4人。<角色分配>：每位玩家随机抽取一个词语，3名玩家拿到的词语是相同的（平民词），1名玩家拿到与之相近但不同的词语（卧底词）。<游戏流程>：1、玩家轮流描述自己的词语，但<不能>直接说出词语本身。2、描述完毕后，投票选出最像卧底的玩家。3、每轮结束后，被投票选出的玩家出局，不能再进行描述或投票。4、每轮投票结束后，如果卧底被成功找出，平民方获胜；如果卧底未被找出且卧底人数等于或超过平民人数，则卧底方获胜。你将扮演一个<玩家>，请等待你被分配到的关键词。如果你听懂了，只回答，"好的，我准备好参加游戏了"，不要输出别的信息
2024-12-13 12:54:00,055 - 2 - INFO - **********PLAYER2**********
好的，我准备好参加游戏了
2024-12-13 12:54:06,261 - 2 - INFO - **********JUDGER**********
玩家1说：这是一种运动器材，通常用于户外活动，有着圆形的表面和多个孔洞。与同类体育用品相比，它通常体积较大，材质较为坚固。玩家2说：玩家3说：玩家4说：|| 你是第2号玩家，你的关键词是<篮球>。你的回答中绝对不能包含你的关键词<篮球>。这是第一轮描述，不需要分析||之前别的玩家的描述，请你描述关键词基本特征，注意，这局游戏的词语分类为<体育用品>，卧底词和平民词都属于该类，描述包括以下两点，1.他的基本特征是什么2.他在该类（体育用品）中最突出不同的特征是什么，尽量简短
2024-12-13 12:54:09,519 - 2 - INFO - **********PLAYER2**********
这是一种户外运动器材，通常由金属或塑料制成，有着圆形的表面。它的设计特点是表面分布着多个孔洞，可以用来进行各种球类运动。与同类体育用品相比，它的体积相对较大，且材质较为坚固，便于携带和耐用。在体育用品中，它最突出的不同特征可能是其独特的孔洞设计，以及适合进行特定球类运动的特性。
2024-12-13 12:54:45,622 - 2 - INFO - **********JUDGER**********
玩家1说：这是一种运动器材，通常用于户外活动，有着圆形的表面和多个孔洞。与同类体育用品相比，它通常体积较大，材质较为坚固。玩家2说：这是一种户外运动器材，通常由金属或塑料制成，有着圆形的表面。它的设计特点是表面分布着多个孔洞，可以用来进行各种球类运动。与同类体育用品相比，它的体积相对较大，且材质较为坚固，便于携带和耐用。在体育用品中，它最突出的不同特征可能是其独特的孔洞设计，以及适合进行特定球类运动的特性。玩家3说：1. 基本特征：轻便，长柄，用于击打球类。
2. 突出特征：长柄设计，便于远距离击球。玩家4说：||在这个游戏中，我们需要通过分析每位玩家的描述来找出卧底。通常，平民的描述会围绕相同的词语展开，而卧底的描述可能会因为词语的不同而显得不太一致。我们需要仔细比较每个描述之间的相似性和差异性，以找出可能的卧底，注意，卧底并不会隐藏自己，他会直接描述他的词语，现在，逐一分析每个玩家的描述，注意，这局游戏的词语分类为<体育用品>，卧底词和平民词都属于该类。这是第一轮描述。
2024-12-13 12:54:52,472 - 2 - INFO - **********PLAYER2**********
好的，根据其他玩家的描述，我们可以进行以下分析：

玩家1和玩家2的描述非常相似，都提到了户外运动器材、圆形表面、多个孔洞、体积较大、材质坚固、孔洞设计以及适合进行球类运动。这些描述与篮球的特征相符。

玩家3的描述提到了轻便、长柄和用于击打球类，这与羽毛球拍的特征相符，因为羽毛球拍也是体育用品，而且也是轻便且长柄的。

玩家4的描述似乎是在提供游戏规则和分析策略，而不是描述一个具体的体育用品。

基于这些信息，玩家3的描述与篮球的特征不太一致，因此他可能是卧底。其他玩家的描述都较为一致，围绕篮球的特征展开。当然，这只是一个初步的分析，随着游戏的进行，我们需要更多的信息来确定卧底的身份。
2024-12-13 12:54:52,474 - 2 - INFO - **********JUDGER**********
你刚刚的分析是好的，根据其他玩家的描述，我们可以进行以下分析：

玩家1和玩家2的描述非常相似，都提到了户外运动器材、圆形表面、多个孔洞、体积较大、材质坚固、孔洞设计以及适合进行球类运动。这些描述与篮球的特征相符。

玩家3的描述提到了轻便、长柄和用于击打球类，这与羽毛球拍的特征相符，因为羽毛球拍也是体育用品，而且也是轻便且长柄的。

玩家4的描述似乎是在提供游戏规则和分析策略，而不是描述一个具体的体育用品。

基于这些信息，玩家3的描述与篮球的特征不太一致，因此他可能是卧底。其他玩家的描述都较为一致，围绕篮球的特征展开。当然，这只是一个初步的分析，随着游戏的进行，我们需要更多的信息来确定卧底的身份。|| `请根据上述分析，比较描述以找出不一致之处，注意，这局游戏的词语分类为<体育用品>，卧底词和平民词都属于该类。
2024-12-13 12:55:05,869 - 2 - INFO - **********PLAYER2**********
根据上述分析，我们可以比较描述中的一致性和不一致之处如下：

1. 一致性：
   - 玩家1和玩家2的描述高度一致，都指向了同一个体育用品，即篮球。
   - 玩家3的描述提到了“轻便、长柄和用于击打球类”，虽然与篮球的特征不完全一致，但提到了“击打球类”，这一点与篮球和其他球类运动器材相符。

2. 不一致性：
   - 玩家3的描述中提到了“轻便”，而篮球通常不是以轻便著称，它的特点是体积较大、材质坚固。
   - 玩家3的描述中强调了“长柄”，这与篮球不符，因为篮球没有长柄设计，而羽毛球拍有。
   - 玩家4的描述没有提供具体的体育用品特征，而是提供了游戏规则和分析策略，这与寻找体育用品特征的任务不一致。

综合以上分析，玩家3的描述与篮球的特征存在明显的不一致，尤其是关于“轻便”和“长柄”的描述，这使得玩家3的描述更像是羽毛球拍的特征，而不是篮球。因此，玩家3可能是卧底。玩家4的描述虽然与寻找特定体育用品的特征无关，但并不直接指向某个特定的体育用品，因此不能直接判断其是否为卧底。
2024-12-13 12:55:05,871 - 2 - INFO - **********JUDGER**********
你刚刚的分析是根据上述分析，我们可以比较描述中的一致性和不一致之处如下：

1. 一致性：
   - 玩家1和玩家2的描述高度一致，都指向了同一个体育用品，即篮球。
   - 玩家3的描述提到了“轻便、长柄和用于击打球类”，虽然与篮球的特征不完全一致，但提到了“击打球类”，这一点与篮球和其他球类运动器材相符。

2. 不一致性：
   - 玩家3的描述中提到了“轻便”，而篮球通常不是以轻便著称，它的特点是体积较大、材质坚固。
   - 玩家3的描述中强调了“长柄”，这与篮球不符，因为篮球没有长柄设计，而羽毛球拍有。
   - 玩家4的描述没有提供具体的体育用品特征，而是提供了游戏规则和分析策略，这与寻找体育用品特征的任务不一致。

综合以上分析，玩家3的描述与篮球的特征存在明显的不一致，尤其是关于“轻便”和“长柄”的描述，这使得玩家3的描述更像是羽毛球拍的特征，而不是篮球。因此，玩家3可能是卧底。玩家4的描述虽然与寻找特定体育用品的特征无关，但并不直接指向某个特定的体育用品，因此不能直接判断其是否为卧底。|| 请通过你分析的不一致之处，推断卧底身份，注意，这局游戏的词语分类为<体育用品>，卧底词和平民词都属于该类。
2024-12-13 12:55:13,422 - 2 - INFO - **********PLAYER2**********
基于上述分析的不一致之处，我们可以推断卧底身份如下：

- 玩家3的描述中提到了“轻便”和“长柄”，这两个特征与篮球不符，因为篮球是体积较大、材质坚固的，且没有长柄设计。这些特征更符合羽毛球拍。
- 玩家4的描述虽然提供了游戏规则和分析策略，但并没有直接描述任何体育用品的特征，因此不能作为判断卧底的依据。

由于玩家3的描述与篮球的特征存在明显的不一致，且与羽毛球拍的特征更为吻合，结合游戏规则和词语分类为<体育用品>，我们可以推断玩家3是卧底，他的关键词很可能是<羽毛球拍>。
2024-12-13 12:55:13,423 - 2 - INFO - **********JUDGER**********
你刚刚的推断是基于上述分析的不一致之处，我们可以推断卧底身份如下：

- 玩家3的描述中提到了“轻便”和“长柄”，这两个特征与篮球不符，因为篮球是体积较大、材质坚固的，且没有长柄设计。这些特征更符合羽毛球拍。
- 玩家4的描述虽然提供了游戏规则和分析策略，但并没有直接描述任何体育用品的特征，因此不能作为判断卧底的依据。

由于玩家3的描述与篮球的特征存在明显的不一致，且与羽毛球拍的特征更为吻合，结合游戏规则和词语分类为<体育用品>，我们可以推断玩家3是卧底，他的关键词很可能是<羽毛球拍>。|| 基于你刚刚的推断得出你的最终结论，请输出你认为的卧底，在这种情况下只需要输出编号，是1-4中的某个数字，不要输出其他信息。在这个过程不要进行任何推理，只对||以前的部分进行信息提取
2024-12-13 12:55:14,364 - 2 - INFO - **********PLAYER2**********
3
2024-12-13 12:56:58,174 - 2 - INFO - **********JUDGER**********
玩家1说：这是一种运动器材，通常用于户外活动，有着圆形的表面和多个孔洞。与同类体育用品相比，它通常体积较大，材质较为坚固。这种器材适合多人参与，常用于团队比赛，它的表面设计使得球可以在空中飞行，而且它有一定的重量，这有助于提高比赛的技术性和观赏性。与同类体育用品相比，它的尺寸适中，便于在多种场地上进行比赛。玩家2说：这是一种户外运动器材，通常由金属或塑料制成，有着圆形的表面。它的设计特点是表面分布着多个孔洞，可以用来进行各种球类运动。与同类体育用品相比，它的体积相对较大，且材质较为坚固，便于携带和耐用。在体育用品中，它最突出的不同特征可能是其独特的孔洞设计，以及适合进行特定球类运动的特性。玩家3说：1. 基本特征：轻便，长柄，用于击打球类。
2. 突出特征：长柄设计，便于远距离击球。玩家4说：基本特征：圆形表面，孔洞设计，材质坚固。
最突出不同特征：适用于特定球类运动，如网球的孔洞设计。你是第2号玩家，你的关键词是<篮球>。你的回答中绝对不能包含你的关键词<篮球>。这是第二轮描述，你之前的描述是这是一种户外运动器材，通常由金属或塑料制成，有着圆形的表面。它的设计特点是表面分布着多个孔洞，可以用来进行各种球类运动。与同类体育用品相比，它的体积相对较大，且材质较为坚固，便于携带和耐用。在体育用品中，它最突出的不同特征可能是其独特的孔洞设计，以及适合进行特定球类运动的特性。，注意，这局游戏的词语分类为<体育用品>，卧底词和平民词都属于该类，请你补充关于关键词的描述，注意，你的描述应该比起之前的描述更加贴近关键词，作为之前的补充
2024-12-13 12:57:05,562 - 2 - INFO - **********PLAYER2**********
这种运动器材有着坚固的材质和适中的体积，便于在多种场地上进行比赛。它的设计使得球可以在空中飞行，增加了比赛的技术性和观赏性。与同类体育用品相比，它的尺寸适中，适合多人参与，常用于团队比赛。此外，它的表面设计有助于提高球在空中的飞行稳定性。
2024-12-13 12:57:29,028 - 2 - INFO - **********JUDGER**********
玩家1说：这是一种运动器材，通常用于户外活动，有着圆形的表面和多个孔洞。与同类体育用品相比，它通常体积较大，材质较为坚固。这种器材适合多人参与，常用于团队比赛，它的表面设计使得球可以在空中飞行，而且它有一定的重量，这有助于提高比赛的技术性和观赏性。与同类体育用品相比，它的尺寸适中，便于在多种场地上进行比赛。玩家2说：这是一种户外运动器材，通常由金属或塑料制成，有着圆形的表面。它的设计特点是表面分布着多个孔洞，可以用来进行各种球类运动。与同类体育用品相比，它的体积相对较大，且材质较为坚固，便于携带和耐用。在体育用品中，它最突出的不同特征可能是其独特的孔洞设计，以及适合进行特定球类运动的特性。这种运动器材有着坚固的材质和适中的体积，便于在多种场地上进行比赛。它的设计使得球可以在空中飞行，增加了比赛的技术性和观赏性。与同类体育用品相比，它的尺寸适中，适合多人参与，常用于团队比赛。此外，它的表面设计有助于提高球在空中的飞行稳定性。玩家3说：1. 基本特征：轻便，长柄，用于击打球类。
2. 突出特征：长柄设计，便于远距离击球。1. 基本特征：轻便，长柄，适合进行远距离击球。
2. 突出不同特征：设计用于捕捉和击打空中球，特别适合进行球类运动。玩家4说：基本特征：圆形表面，孔洞设计，材质坚固。
最突出不同特征：适用于特定球类运动，如网球的孔洞设计。||在这个游戏中，我们需要通过分析每位玩家的描述来找出卧底。通常，平民的描述会围绕相同的词语展开，而卧底的描述可能会因为词语的不同而显得不太一致。我们需要仔细比较每个描述之间的相似性和差异性，以找出可能的卧底，注意，卧底并不会隐藏自己，他会直接描述他的词语，现在，逐一分析每个玩家的描述，注意，这局游戏的词语分类为<体育用品>，卧底词和平民词都属于该类。||之前是第2轮描述和之前轮数描述的合集。你之前认为的卧底是玩家3。
2024-12-13 12:57:29,988 - 2 - INFO - **********PLAYER2**********
玩家3
2024-12-13 12:57:29,989 - 2 - INFO - **********JUDGER**********
你刚刚的分析是玩家3|| `请根据上述分析，比较描述以找出不一致之处，注意，这局游戏的词语分类为<体育用品>，卧底词和平民词都属于该类。
2024-12-13 12:57:38,554 - 2 - INFO - **********PLAYER2**********
根据上述分析，我们可以比较描述中的一致性和不一致之处如下：

1. 一致性：
   - 玩家1、玩家2和玩家4的描述都提到了“户外运动器材”、“圆形表面”、“多个孔洞”、“材质坚固”和“适合进行球类运动”等特征，这些描述都与篮球的特征相符。
   - 玩家1、玩家2和玩家4的描述都强调了器材的体积适中，便于在多种场地上进行比赛，以及适合多人参与，常用于团队比赛。

2. 不一致性：
   - 玩家3的描述中提到了“轻便”和“长柄”，这与篮球的特征不符。篮球不是轻便的，也没有长柄设计。
   - 玩家3的描述中强调了“长柄设计，便于远距离击球”，这与篮球无关，因为篮球没有长柄，而且通常是通过手持来运球和投篮。
   - 玩家3的描述中提到“设计用于捕捉和击打空中球”，这更像是羽毛球拍或其他球拍类器材的特征，而不是篮球。

基于这些不一致之处，玩家3的描述与篮球的特征不符，因此玩家3可能是卧底。其他玩家的描述都较为一致，围绕篮球的特征展开。
2024-12-13 12:57:38,558 - 2 - INFO - **********JUDGER**********
你刚刚的分析是根据上述分析，我们可以比较描述中的一致性和不一致之处如下：

1. 一致性：
   - 玩家1、玩家2和玩家4的描述都提到了“户外运动器材”、“圆形表面”、“多个孔洞”、“材质坚固”和“适合进行球类运动”等特征，这些描述都与篮球的特征相符。
   - 玩家1、玩家2和玩家4的描述都强调了器材的体积适中，便于在多种场地上进行比赛，以及适合多人参与，常用于团队比赛。

2. 不一致性：
   - 玩家3的描述中提到了“轻便”和“长柄”，这与篮球的特征不符。篮球不是轻便的，也没有长柄设计。
   - 玩家3的描述中强调了“长柄设计，便于远距离击球”，这与篮球无关，因为篮球没有长柄，而且通常是通过手持来运球和投篮。
   - 玩家3的描述中提到“设计用于捕捉和击打空中球”，这更像是羽毛球拍或其他球拍类器材的特征，而不是篮球。

基于这些不一致之处，玩家3的描述与篮球的特征不符，因此玩家3可能是卧底。其他玩家的描述都较为一致，围绕篮球的特征展开。|| 请通过你分析的不一致之处，推断卧底身份，注意，这局游戏的词语分类为<体育用品>，卧底词和平民词都属于该类。
2024-12-13 12:57:39,468 - 2 - INFO - **********PLAYER2**********
玩家3
2024-12-13 12:57:39,469 - 2 - INFO - **********JUDGER**********
你刚刚的推断是玩家3|| 基于你刚刚的推断得出你的最终结论，请输出你认为的卧底，在这种情况下只需要输出编号，是1-4中的某个数字，不要输出其他信息。在这个过程不要进行任何推理，只对||以前的部分进行信息提取
2024-12-13 12:57:40,344 - 2 - INFO - **********PLAYER2**********
3
2024-12-13 12:58:24,732 - 2 - INFO - **********JUDGER**********
玩家1说：这是一种运动器材，通常用于户外活动，有着圆形的表面和多个孔洞。与同类体育用品相比，它通常体积较大，材质较为坚固。这种器材适合多人参与，常用于团队比赛，它的表面设计使得球可以在空中飞行，而且它有一定的重量，这有助于提高比赛的技术性和观赏性。与同类体育用品相比，它的尺寸适中，便于在多种场地上进行比赛。这种器材的设计注重团队合作，它的重量和尺寸使得它在空中飞行时稳定可靠，同时它的表面结构有助于控制球的旋转和飞行轨迹。这种器材通常需要多人配合，适合在户外多个不同的场地进行比赛。玩家2说：这是一种户外运动器材，通常由金属或塑料制成，有着圆形的表面。它的设计特点是表面分布着多个孔洞，可以用来进行各种球类运动。与同类体育用品相比，它的体积相对较大，且材质较为坚固，便于携带和耐用。在体育用品中，它最突出的不同特征可能是其独特的孔洞设计，以及适合进行特定球类运动的特性。这种运动器材有着坚固的材质和适中的体积，便于在多种场地上进行比赛。它的设计使得球可以在空中飞行，增加了比赛的技术性和观赏性。与同类体育用品相比，它的尺寸适中，适合多人参与，常用于团队比赛。此外，它的表面设计有助于提高球在空中的飞行稳定性。玩家3说：1. 基本特征：轻便，长柄，用于击打球类。
2. 突出特征：长柄设计，便于远距离击球。1. 基本特征：轻便，长柄，适合进行远距离击球。
2. 突出不同特征：设计用于捕捉和击打空中球，特别适合进行球类运动。玩家4说：基本特征：圆形表面，孔洞设计，材质坚固。
最突出不同特征：适用于特定球类运动，如网球的孔洞设计。基本特征：轻便便携，适合户外使用，有支撑架结构。
最突出不同特征：具备一定重量，有助于球的稳定飞行，适用于团队对抗性强的运动。你是第2号玩家，你的关键词是<篮球>。你的回答中绝对不能包含你的关键词<篮球>。这是第三轮描述，你之前的描述是这是一种户外运动器材，通常由金属或塑料制成，有着圆形的表面。它的设计特点是表面分布着多个孔洞，可以用来进行各种球类运动。与同类体育用品相比，它的体积相对较大，且材质较为坚固，便于携带和耐用。在体育用品中，它最突出的不同特征可能是其独特的孔洞设计，以及适合进行特定球类运动的特性。和这种运动器材有着坚固的材质和适中的体积，便于在多种场地上进行比赛。它的设计使得球可以在空中飞行，增加了比赛的技术性和观赏性。与同类体育用品相比，它的尺寸适中，适合多人参与，常用于团队比赛。此外，它的表面设计有助于提高球在空中的飞行稳定性。，注意，这局游戏的词语分类为<体育用品>，卧底词和平民词都属于该类，请你补充关于关键词的描述，注意，你的描述应该比起之前的描述更加贴近关键词，作为之前的补充
2024-12-13 12:58:26,892 - 2 - INFO - **********PLAYER2**********
这种运动器材有着稳定的支撑结构，便于在户外不同场地上进行比赛。它的设计确保了球在飞行时的稳定性，同时材质坚固且体积适中，便于携带和耐用。这种器材适合多人参与，强调团队合作，且在空中飞行时展现出良好的控制性和旋转。
2024-12-13 12:58:51,234 - 2 - INFO - **********JUDGER**********
玩家1说：这是一种运动器材，通常用于户外活动，有着圆形的表面和多个孔洞。与同类体育用品相比，它通常体积较大，材质较为坚固。这种器材适合多人参与，常用于团队比赛，它的表面设计使得球可以在空中飞行，而且它有一定的重量，这有助于提高比赛的技术性和观赏性。与同类体育用品相比，它的尺寸适中，便于在多种场地上进行比赛。这种器材的设计注重团队合作，它的重量和尺寸使得它在空中飞行时稳定可靠，同时它的表面结构有助于控制球的旋转和飞行轨迹。这种器材通常需要多人配合，适合在户外多个不同的场地进行比赛。玩家2说：这是一种户外运动器材，通常由金属或塑料制成，有着圆形的表面。它的设计特点是表面分布着多个孔洞，可以用来进行各种球类运动。与同类体育用品相比，它的体积相对较大，且材质较为坚固，便于携带和耐用。在体育用品中，它最突出的不同特征可能是其独特的孔洞设计，以及适合进行特定球类运动的特性。这种运动器材有着坚固的材质和适中的体积，便于在多种场地上进行比赛。它的设计使得球可以在空中飞行，增加了比赛的技术性和观赏性。与同类体育用品相比，它的尺寸适中，适合多人参与，常用于团队比赛。此外，它的表面设计有助于提高球在空中的飞行稳定性。这种运动器材有着稳定的支撑结构，便于在户外不同场地上进行比赛。它的设计确保了球在飞行时的稳定性，同时材质坚固且体积适中，便于携带和耐用。这种器材适合多人参与，强调团队合作，且在空中飞行时展现出良好的控制性和旋转。玩家3说：1. 基本特征：轻便，长柄，用于击打球类。
2. 突出特征：长柄设计，便于远距离击球。1. 基本特征：轻便，长柄，适合进行远距离击球。
2. 突出不同特征：设计用于捕捉和击打空中球，特别适合进行球类运动。1. 基本特征：轻便，长柄，专为击打地面球类运动设计。
2. 突出不同特征：长柄和特殊握把设计，提供更好的控制和精准度，适用于快速移动的球类运动。玩家4说：基本特征：圆形表面，孔洞设计，材质坚固。
最突出不同特征：适用于特定球类运动，如网球的孔洞设计。基本特征：轻便便携，适合户外使用，有支撑架结构。
最突出不同特征：具备一定重量，有助于球的稳定飞行，适用于团队对抗性强的运动。基本特征：轻便，长柄，适用于团队对抗性强的运动。
最突出不同特征：具有稳定支撑结构，设计用于在空中控制球，适合户外使用。||在这个游戏中，我们需要通过分析每位玩家的描述来找出卧底。通常，平民的描述会围绕相同的词语展开，而卧底的描述可能会因为词语的不同而显得不太一致。我们需要仔细比较每个描述之间的相似性和差异性，以找出可能的卧底，注意，卧底并不会隐藏自己，他会直接描述他的词语，现在，逐一分析每个玩家的描述，注意，这局游戏的词语分类为<体育用品>，卧底词和平民词都属于该类。||之前是第3轮描述和之前轮数描述的合集。你之前认为的卧底是玩家3。
2024-12-13 12:58:52,194 - 2 - INFO - **********PLAYER2**********
玩家3
2024-12-13 12:58:52,195 - 2 - INFO - **********JUDGER**********
你刚刚的分析是玩家3|| `请根据上述分析，比较描述以找出不一致之处，注意，这局游戏的词语分类为<体育用品>，卧底词和平民词都属于该类。
2024-12-13 12:59:05,064 - 2 - INFO - **********PLAYER2**********
在比较玩家的描述时，我们可以找出以下不一致之处：

1. 玩家1、玩家2和玩家4的描述都提到了圆形表面、孔洞设计、材质坚固、体积适中、适合多人参与、常用于团队比赛、设计注重团队合作、重量和尺寸使得球在空中飞行稳定可靠、表面结构有助于控制球的旋转和飞行轨迹、适合在户外多个不同场地进行比赛等特征，这些描述与篮球的特征相符。

2. 玩家3的描述中，虽然也提到了轻便、长柄、适用于团队对抗性强的运动、稳定支撑结构、设计用于在空中控制球等特征，但这些描述更接近羽毛球拍或网球拍等球拍类器材的特征。特别是以下几点不一致：
   - 玩家3多次强调了长柄设计，而篮球并没有长柄。
   - 玩家3提到“设计用于捕捉和击打空中球”，这与篮球的玩法不符，篮球是通过手持球进行运球和投篮。
   - 玩家3提到“长柄和特殊握把设计，提供更好的控制和精准度”，这听起来更像是球拍类器材的设计特点。

基于这些不一致之处，玩家3的描述与篮球的特征存在较大差异，因此玩家3可能是卧底。
2024-12-13 12:59:05,072 - 2 - INFO - **********JUDGER**********
你刚刚的分析是在比较玩家的描述时，我们可以找出以下不一致之处：

1. 玩家1、玩家2和玩家4的描述都提到了圆形表面、孔洞设计、材质坚固、体积适中、适合多人参与、常用于团队比赛、设计注重团队合作、重量和尺寸使得球在空中飞行稳定可靠、表面结构有助于控制球的旋转和飞行轨迹、适合在户外多个不同场地进行比赛等特征，这些描述与篮球的特征相符。

2. 玩家3的描述中，虽然也提到了轻便、长柄、适用于团队对抗性强的运动、稳定支撑结构、设计用于在空中控制球等特征，但这些描述更接近羽毛球拍或网球拍等球拍类器材的特征。特别是以下几点不一致：
   - 玩家3多次强调了长柄设计，而篮球并没有长柄。
   - 玩家3提到“设计用于捕捉和击打空中球”，这与篮球的玩法不符，篮球是通过手持球进行运球和投篮。
   - 玩家3提到“长柄和特殊握把设计，提供更好的控制和精准度”，这听起来更像是球拍类器材的设计特点。

基于这些不一致之处，玩家3的描述与篮球的特征存在较大差异，因此玩家3可能是卧底。|| 请通过你分析的不一致之处，推断卧底身份，注意，这局游戏的词语分类为<体育用品>，卧底词和平民词都属于该类。
2024-12-13 12:59:05,951 - 2 - INFO - **********PLAYER2**********
玩家3
2024-12-13 12:59:05,951 - 2 - INFO - **********JUDGER**********
你刚刚的推断是玩家3|| 基于你刚刚的推断得出你的最终结论，请输出你认为的卧底，在这种情况下只需要输出编号，是1-4中的某个数字，不要输出其他信息。在这个过程不要进行任何推理，只对||以前的部分进行信息提取
2024-12-13 12:59:06,899 - 2 - INFO - **********PLAYER2**********
3
