2024-12-13 12:54:03,126 - 4 - INFO - **********JUDGER**********
让我们来玩一个叫做<谁是卧底>的推理游戏。基本规则：<人数>：4人。<角色分配>：每位玩家随机抽取一个词语，3名玩家拿到的词语是相同的（平民词），1名玩家拿到与之相近但不同的词语（卧底词）。<游戏流程>：1、玩家轮流描述自己的词语，但<不能>直接说出词语本身。2、描述完毕后，投票选出最像卧底的玩家。3、每轮结束后，被投票选出的玩家出局，不能再进行描述或投票。4、每轮投票结束后，如果卧底被成功找出，平民方获胜；如果卧底未被找出且卧底人数等于或超过平民人数，则卧底方获胜。你将扮演一个<玩家>，请等待你被分配到的关键词。如果你听懂了，只回答，"好的，我准备好参加游戏了"，不要输出别的信息
2024-12-13 12:54:04,723 - 4 - INFO - **********PLAYER4**********
好的，我准备好参加游戏了
2024-12-13 12:54:13,767 - 4 - INFO - **********JUDGER**********
玩家1说：这是一种运动器材，通常用于户外活动，有着圆形的表面和多个孔洞。与同类体育用品相比，它通常体积较大，材质较为坚固。玩家2说：这是一种户外运动器材，通常由金属或塑料制成，有着圆形的表面。它的设计特点是表面分布着多个孔洞，可以用来进行各种球类运动。与同类体育用品相比，它的体积相对较大，且材质较为坚固，便于携带和耐用。在体育用品中，它最突出的不同特征可能是其独特的孔洞设计，以及适合进行特定球类运动的特性。玩家3说：1. 基本特征：轻便，长柄，用于击打球类。
2. 突出特征：长柄设计，便于远距离击球。玩家4说：|| 你是第4号玩家，你的关键词是<篮球>。你的回答中绝对不能包含你的关键词<篮球>。这是第一轮描述，不需要分析||之前别的玩家的描述，请你描述关键词基本特征，注意，这局游戏的词语分类为<体育用品>，卧底词和平民词都属于该类，描述包括以下两点，1.他的基本特征是什么2.他在该类（体育用品）中最突出不同的特征是什么，尽量简短
2024-12-13 12:54:15,325 - 4 - INFO - **********PLAYER4**********
基本特征：圆形表面，孔洞设计，材质坚固。
最突出不同特征：适用于特定球类运动，如网球的孔洞设计。
2024-12-13 12:55:47,183 - 4 - INFO - **********JUDGER**********
玩家1说：这是一种运动器材，通常用于户外活动，有着圆形的表面和多个孔洞。与同类体育用品相比，它通常体积较大，材质较为坚固。玩家2说：这是一种户外运动器材，通常由金属或塑料制成，有着圆形的表面。它的设计特点是表面分布着多个孔洞，可以用来进行各种球类运动。与同类体育用品相比，它的体积相对较大，且材质较为坚固，便于携带和耐用。在体育用品中，它最突出的不同特征可能是其独特的孔洞设计，以及适合进行特定球类运动的特性。玩家3说：1. 基本特征：轻便，长柄，用于击打球类。
2. 突出特征：长柄设计，便于远距离击球。玩家4说：||在这个游戏中，我们需要通过分析每位玩家的描述来找出卧底。通常，平民的描述会围绕相同的词语展开，而卧底的描述可能会因为词语的不同而显得不太一致。我们需要仔细比较每个描述之间的相似性和差异性，以找出可能的卧底，注意，卧底并不会隐藏自己，他会直接描述他的词语，现在，逐一分析每个玩家的描述，注意，这局游戏的词语分类为<体育用品>，卧底词和平民词都属于该类。这是第一轮描述。
2024-12-13 12:56:10,134 - 4 - INFO - **********PLAYER4**********
玩家1的描述中提到了“户外活动”、“圆形表面”、“多个孔洞”、“体积较大”和“材质坚固”，这些都是篮球或网球等球类运动器材的共同特征。

玩家2的描述与玩家1非常相似，也提到了“户外运动器材”、“圆形表面”、“多个孔洞”、“体积较大”、“材质坚固”以及“适合进行各种球类运动”，这进一步强化了球类运动器材的可能性。

玩家3的描述提到了“轻便”、“长柄”和“用于击打球类”，这些特征与篮球或网球拍等器材相关，但更具体地指向了击球工具。

玩家4的描述则提到了“轻便”、“长柄”和“便于远距离击球”，这与玩家3的描述相似，但没有提及“用于击打球类”，这可能会让人怀疑他的词语是否与球类运动器材相关。

综合分析，玩家1和玩家2的描述非常一致，都指向了球类运动器材，而玩家3和玩家4的描述虽然也有相似之处，但缺乏明确的球类运动器材特征。因此，玩家3和玩家4的描述可能更值得关注，尤其是玩家4的描述，因为它没有直接提到球类运动，这可能与卧底词的特性相符合。不过，需要注意的是，卧底也可能故意模仿平民的描述，所以还需要更多的信息来确定卧底。
2024-12-13 12:56:10,135 - 4 - INFO - **********JUDGER**********
你刚刚的分析是玩家1的描述中提到了“户外活动”、“圆形表面”、“多个孔洞”、“体积较大”和“材质坚固”，这些都是篮球或网球等球类运动器材的共同特征。

玩家2的描述与玩家1非常相似，也提到了“户外运动器材”、“圆形表面”、“多个孔洞”、“体积较大”、“材质坚固”以及“适合进行各种球类运动”，这进一步强化了球类运动器材的可能性。

玩家3的描述提到了“轻便”、“长柄”和“用于击打球类”，这些特征与篮球或网球拍等器材相关，但更具体地指向了击球工具。

玩家4的描述则提到了“轻便”、“长柄”和“便于远距离击球”，这与玩家3的描述相似，但没有提及“用于击打球类”，这可能会让人怀疑他的词语是否与球类运动器材相关。

综合分析，玩家1和玩家2的描述非常一致，都指向了球类运动器材，而玩家3和玩家4的描述虽然也有相似之处，但缺乏明确的球类运动器材特征。因此，玩家3和玩家4的描述可能更值得关注，尤其是玩家4的描述，因为它没有直接提到球类运动，这可能与卧底词的特性相符合。不过，需要注意的是，卧底也可能故意模仿平民的描述，所以还需要更多的信息来确定卧底。|| `请根据上述分析，比较描述以找出不一致之处，注意，这局游戏的词语分类为<体育用品>，卧底词和平民词都属于该类。
2024-12-13 12:56:26,339 - 4 - INFO - **********PLAYER4**********
根据上述分析，我们可以比较描述中的一些不一致之处：

1. 玩家1和玩家2的描述都强调了球类运动器材的通用特征，如户外使用、圆形表面、孔洞设计、体积较大和材质坚固。这两位玩家的描述在细节上非常一致，这通常意味着他们可能是平民。

2. 玩家3的描述提到了“轻便”、“长柄”和“用于击打球类”，这些特征更具体地指向了球类运动中的击球工具，如网球拍。这与篮球或网球的描述有所不同，因为篮球和网球本身并不是击球工具，而是运动项目。

3. 玩家4的描述提到了“轻便”、“长柄”和“便于远距离击球”，但没有明确提到“用于击打球类”。这一点与玩家3的描述相似，但玩家4的描述中缺少了“击球”这一关键信息，这可能表明他的词语不是直接的球类运动器材，而是与球类运动相关的其他物品。

不一致之处总结：
- 玩家3和玩家4的描述都提到了“轻便”和“长柄”，但没有明确提到球类运动。
- 玩家4的描述中没有“用于击打球类”这一关键信息，而玩家3的描述中包含了这一信息。
- 玩家3的描述更具体地指向了球类运动的击球工具，而玩家4的描述则更模糊。

基于这些不一致之处，玩家4的描述可能更可疑，因为他没有提供与球类运动器材直接相关的描述。然而，卧底也可能故意模仿平民的描述，所以最终需要更多的线索来确定谁是卧底。
2024-12-13 12:56:26,344 - 4 - INFO - **********JUDGER**********
你刚刚的分析是根据上述分析，我们可以比较描述中的一些不一致之处：

1. 玩家1和玩家2的描述都强调了球类运动器材的通用特征，如户外使用、圆形表面、孔洞设计、体积较大和材质坚固。这两位玩家的描述在细节上非常一致，这通常意味着他们可能是平民。

2. 玩家3的描述提到了“轻便”、“长柄”和“用于击打球类”，这些特征更具体地指向了球类运动中的击球工具，如网球拍。这与篮球或网球的描述有所不同，因为篮球和网球本身并不是击球工具，而是运动项目。

3. 玩家4的描述提到了“轻便”、“长柄”和“便于远距离击球”，但没有明确提到“用于击打球类”。这一点与玩家3的描述相似，但玩家4的描述中缺少了“击球”这一关键信息，这可能表明他的词语不是直接的球类运动器材，而是与球类运动相关的其他物品。

不一致之处总结：
- 玩家3和玩家4的描述都提到了“轻便”和“长柄”，但没有明确提到球类运动。
- 玩家4的描述中没有“用于击打球类”这一关键信息，而玩家3的描述中包含了这一信息。
- 玩家3的描述更具体地指向了球类运动的击球工具，而玩家4的描述则更模糊。

基于这些不一致之处，玩家4的描述可能更可疑，因为他没有提供与球类运动器材直接相关的描述。然而，卧底也可能故意模仿平民的描述，所以最终需要更多的线索来确定谁是卧底。|| 请通过你分析的不一致之处，推断卧底身份，注意，这局游戏的词语分类为<体育用品>，卧底词和平民词都属于该类。
2024-12-13 12:56:52,615 - 4 - INFO - **********PLAYER4**********
根据上述分析，以下是我的推断：

玩家1和玩家2的描述都指向了球类运动器材的通用特征，如“户外活动”、“圆形表面”、“多个孔洞”、“体积较大”和“材质坚固”，这表明他们的词语可能是球类运动器材，如篮球或网球。

玩家3的描述提到了“轻便”、“长柄”和“用于击打球类”，这直接指向了球类运动的击球工具，如网球拍。这与篮球或网球的描述有所不同，因为篮球和网球本身并不是击球工具，而是运动本身。

玩家4的描述提到了“轻便”、“长柄”和“便于远距离击球”，但没有明确提到“用于击打球类”。这一点与玩家3的描述相似，但缺少了“击球”这一关键信息。此外，玩家4的描述没有提到“多个孔洞”或“体积较大”，这两个特征在球类运动器材中通常是常见的。

基于这些信息，玩家4的描述与球类运动器材的典型特征不太一致，因为他没有提到球类运动器材的孔洞设计和体积较大的特征。这表明玩家4的描述可能更接近于卧底词。然而，由于卧底可能故意模仿平民的描述，我们需要更多的信息来确定。

如果玩家4的词语是球类运动器材，那么它可能是一个与击球无关的器材，比如篮球架或者某种用于训练的辅助器材。但如果玩家4是卧底，那么他的词语可能是一个与球类运动不直接相关的物品，例如“排球”或“橄榄球”，这些运动器材也可能被描述为轻便、有长柄，但不是主要用于击球。

综上所述，玩家4的描述最有可能是不一致的，因此他可能是卧底。但最终确定卧底身份还需要更多的信息或者进一步的描述。
2024-12-13 12:56:52,616 - 4 - INFO - **********JUDGER**********
你刚刚的推断是根据上述分析，以下是我的推断：

玩家1和玩家2的描述都指向了球类运动器材的通用特征，如“户外活动”、“圆形表面”、“多个孔洞”、“体积较大”和“材质坚固”，这表明他们的词语可能是球类运动器材，如篮球或网球。

玩家3的描述提到了“轻便”、“长柄”和“用于击打球类”，这直接指向了球类运动的击球工具，如网球拍。这与篮球或网球的描述有所不同，因为篮球和网球本身并不是击球工具，而是运动本身。

玩家4的描述提到了“轻便”、“长柄”和“便于远距离击球”，但没有明确提到“用于击打球类”。这一点与玩家3的描述相似，但缺少了“击球”这一关键信息。此外，玩家4的描述没有提到“多个孔洞”或“体积较大”，这两个特征在球类运动器材中通常是常见的。

基于这些信息，玩家4的描述与球类运动器材的典型特征不太一致，因为他没有提到球类运动器材的孔洞设计和体积较大的特征。这表明玩家4的描述可能更接近于卧底词。然而，由于卧底可能故意模仿平民的描述，我们需要更多的信息来确定。

如果玩家4的词语是球类运动器材，那么它可能是一个与击球无关的器材，比如篮球架或者某种用于训练的辅助器材。但如果玩家4是卧底，那么他的词语可能是一个与球类运动不直接相关的物品，例如“排球”或“橄榄球”，这些运动器材也可能被描述为轻便、有长柄，但不是主要用于击球。

综上所述，玩家4的描述最有可能是不一致的，因此他可能是卧底。但最终确定卧底身份还需要更多的信息或者进一步的描述。|| 基于你刚刚的推断得出你的最终结论，请输出你认为的卧底，在这种情况下只需要输出编号，是1-4中的某个数字，不要输出其他信息。在这个过程不要进行任何推理，只对||以前的部分进行信息提取
2024-12-13 12:56:53,728 - 4 - INFO - **********PLAYER4**********
4
2024-12-13 12:57:07,894 - 4 - INFO - **********JUDGER**********
玩家1说：这是一种运动器材，通常用于户外活动，有着圆形的表面和多个孔洞。与同类体育用品相比，它通常体积较大，材质较为坚固。这种器材适合多人参与，常用于团队比赛，它的表面设计使得球可以在空中飞行，而且它有一定的重量，这有助于提高比赛的技术性和观赏性。与同类体育用品相比，它的尺寸适中，便于在多种场地上进行比赛。玩家2说：这是一种户外运动器材，通常由金属或塑料制成，有着圆形的表面。它的设计特点是表面分布着多个孔洞，可以用来进行各种球类运动。与同类体育用品相比，它的体积相对较大，且材质较为坚固，便于携带和耐用。在体育用品中，它最突出的不同特征可能是其独特的孔洞设计，以及适合进行特定球类运动的特性。这种运动器材有着坚固的材质和适中的体积，便于在多种场地上进行比赛。它的设计使得球可以在空中飞行，增加了比赛的技术性和观赏性。与同类体育用品相比，它的尺寸适中，适合多人参与，常用于团队比赛。此外，它的表面设计有助于提高球在空中的飞行稳定性。玩家3说：1. 基本特征：轻便，长柄，用于击打球类。
2. 突出特征：长柄设计，便于远距离击球。1. 基本特征：轻便，长柄，适合进行远距离击球。
2. 突出不同特征：设计用于捕捉和击打空中球，特别适合进行球类运动。玩家4说：基本特征：圆形表面，孔洞设计，材质坚固。
最突出不同特征：适用于特定球类运动，如网球的孔洞设计。你是第4号玩家，你的关键词是<篮球>。你的回答中绝对不能包含你的关键词<篮球>。这是第二轮描述，你之前的描述是基本特征：圆形表面，孔洞设计，材质坚固。
最突出不同特征：适用于特定球类运动，如网球的孔洞设计。，注意，这局游戏的词语分类为<体育用品>，卧底词和平民词都属于该类，请你补充关于关键词的描述，注意，你的描述应该比起之前的描述更加贴近关键词，作为之前的补充
2024-12-13 12:57:09,705 - 4 - INFO - **********PLAYER4**********
基本特征：轻便便携，适合户外使用，有支撑架结构。
最突出不同特征：具备一定重量，有助于球的稳定飞行，适用于团队对抗性强的运动。
2024-12-13 12:58:02,456 - 4 - INFO - **********JUDGER**********
玩家1说：这是一种运动器材，通常用于户外活动，有着圆形的表面和多个孔洞。与同类体育用品相比，它通常体积较大，材质较为坚固。这种器材适合多人参与，常用于团队比赛，它的表面设计使得球可以在空中飞行，而且它有一定的重量，这有助于提高比赛的技术性和观赏性。与同类体育用品相比，它的尺寸适中，便于在多种场地上进行比赛。玩家2说：这是一种户外运动器材，通常由金属或塑料制成，有着圆形的表面。它的设计特点是表面分布着多个孔洞，可以用来进行各种球类运动。与同类体育用品相比，它的体积相对较大，且材质较为坚固，便于携带和耐用。在体育用品中，它最突出的不同特征可能是其独特的孔洞设计，以及适合进行特定球类运动的特性。这种运动器材有着坚固的材质和适中的体积，便于在多种场地上进行比赛。它的设计使得球可以在空中飞行，增加了比赛的技术性和观赏性。与同类体育用品相比，它的尺寸适中，适合多人参与，常用于团队比赛。此外，它的表面设计有助于提高球在空中的飞行稳定性。玩家3说：1. 基本特征：轻便，长柄，用于击打球类。
2. 突出特征：长柄设计，便于远距离击球。1. 基本特征：轻便，长柄，适合进行远距离击球。
2. 突出不同特征：设计用于捕捉和击打空中球，特别适合进行球类运动。玩家4说：基本特征：圆形表面，孔洞设计，材质坚固。
最突出不同特征：适用于特定球类运动，如网球的孔洞设计。||在这个游戏中，我们需要通过分析每位玩家的描述来找出卧底。通常，平民的描述会围绕相同的词语展开，而卧底的描述可能会因为词语的不同而显得不太一致。我们需要仔细比较每个描述之间的相似性和差异性，以找出可能的卧底，注意，卧底并不会隐藏自己，他会直接描述他的词语，现在，逐一分析每个玩家的描述，注意，这局游戏的词语分类为<体育用品>，卧底词和平民词都属于该类。||之前是第2轮描述和之前轮数描述的合集。你之前认为的卧底是玩家4。
2024-12-13 12:58:11,110 - 4 - INFO - **********PLAYER4**********
根据第2轮描述和之前的分析，以下是每位玩家的描述分析：

玩家1的描述提到了“户外活动”、“圆形表面”、“多个孔洞”、“体积较大”、“材质坚固”、“适合多人参与”、“常用于团队比赛”、“表面设计使得球可以在空中飞行”和“尺寸适中，便于在多种场地上进行比赛”，这些特征与篮球非常吻合。

玩家2的描述与玩家1非常相似，也提到了类似的特征，包括“户外运动器材”、“圆形表面”、“多个孔洞”、“体积较大”、“材质较为坚固”、“便于携带和耐用”、“适中的体积”、“适合多人参与”、“常用于团队比赛”和“表面设计有助于提高球在空中的飞行稳定性”，这进一步强化了篮球的可能性。

玩家3的描述提到了“轻便”、“长柄”、“用于击打球类”、“长柄设计”、“便于远距离击球”、“设计用于捕捉和击打空中球”和“特别适合进行球类运动”，这些特征与网球拍相关，但网球拍不是球类运动器材本身，而是用于击打网球的工具。

玩家4的描述提到了“圆形表面”、“孔洞设计”、“材质坚固”和“适用于特定球类运动，如网球的孔洞设计”，这些特征明确指向了网球，而不是篮球。

综合分析，玩家4的描述与篮球的特征不太一致，而是更符合网球的描述。由于玩家4之前被认为可能是卧底，而他的描述与篮球的特征不符，因此，根据第二轮的描述，玩家4的描述更可能是卧底。

最终结论：玩家4可能是卧底。
2024-12-13 12:58:11,117 - 4 - INFO - **********JUDGER**********
你刚刚的分析是根据第2轮描述和之前的分析，以下是每位玩家的描述分析：

玩家1的描述提到了“户外活动”、“圆形表面”、“多个孔洞”、“体积较大”、“材质坚固”、“适合多人参与”、“常用于团队比赛”、“表面设计使得球可以在空中飞行”和“尺寸适中，便于在多种场地上进行比赛”，这些特征与篮球非常吻合。

玩家2的描述与玩家1非常相似，也提到了类似的特征，包括“户外运动器材”、“圆形表面”、“多个孔洞”、“体积较大”、“材质较为坚固”、“便于携带和耐用”、“适中的体积”、“适合多人参与”、“常用于团队比赛”和“表面设计有助于提高球在空中的飞行稳定性”，这进一步强化了篮球的可能性。

玩家3的描述提到了“轻便”、“长柄”、“用于击打球类”、“长柄设计”、“便于远距离击球”、“设计用于捕捉和击打空中球”和“特别适合进行球类运动”，这些特征与网球拍相关，但网球拍不是球类运动器材本身，而是用于击打网球的工具。

玩家4的描述提到了“圆形表面”、“孔洞设计”、“材质坚固”和“适用于特定球类运动，如网球的孔洞设计”，这些特征明确指向了网球，而不是篮球。

综合分析，玩家4的描述与篮球的特征不太一致，而是更符合网球的描述。由于玩家4之前被认为可能是卧底，而他的描述与篮球的特征不符，因此，根据第二轮的描述，玩家4的描述更可能是卧底。

最终结论：玩家4可能是卧底。|| `请根据上述分析，比较描述以找出不一致之处，注意，这局游戏的词语分类为<体育用品>，卧底词和平民词都属于该类。
2024-12-13 12:58:21,013 - 4 - INFO - **********PLAYER4**********
根据上述分析，以下是不一致之处：

1. 玩家1和玩家2的描述都强调了球类运动器材的通用特征，如“户外活动”、“圆形表面”、“多个孔洞”、“体积较大”、“材质坚固”、“适合多人参与”、“常用于团队比赛”和“尺寸适中，便于在多种场地上进行比赛”，这些特征与篮球相符。

2. 玩家3的描述提到了“轻便”、“长柄”、“用于击打球类”、“长柄设计”、“便于远距离击球”、“设计用于捕捉和击打空中球”和“特别适合进行球类运动”，这些特征更具体地指向了球类运动的击球工具，如网球拍。

3. 玩家4的描述提到了“圆形表面”、“孔洞设计”、“材质坚固”和“适用于特定球类运动，如网球的孔洞设计”，这些特征明确指向了网球，而不是篮球。

不一致之处总结：
- 玩家1和玩家2的描述与篮球的特征高度一致。
- 玩家3的描述指向了击球工具，而不是球类运动器材本身。
- 玩家4的描述与篮球的特征不符，而是与网球的特征相符。

基于这些不一致之处，玩家4的描述最有可能与篮球的特征不一致，因此可能是卧底。
2024-12-13 12:58:21,020 - 4 - INFO - **********JUDGER**********
你刚刚的分析是根据上述分析，以下是不一致之处：

1. 玩家1和玩家2的描述都强调了球类运动器材的通用特征，如“户外活动”、“圆形表面”、“多个孔洞”、“体积较大”、“材质坚固”、“适合多人参与”、“常用于团队比赛”和“尺寸适中，便于在多种场地上进行比赛”，这些特征与篮球相符。

2. 玩家3的描述提到了“轻便”、“长柄”、“用于击打球类”、“长柄设计”、“便于远距离击球”、“设计用于捕捉和击打空中球”和“特别适合进行球类运动”，这些特征更具体地指向了球类运动的击球工具，如网球拍。

3. 玩家4的描述提到了“圆形表面”、“孔洞设计”、“材质坚固”和“适用于特定球类运动，如网球的孔洞设计”，这些特征明确指向了网球，而不是篮球。

不一致之处总结：
- 玩家1和玩家2的描述与篮球的特征高度一致。
- 玩家3的描述指向了击球工具，而不是球类运动器材本身。
- 玩家4的描述与篮球的特征不符，而是与网球的特征相符。

基于这些不一致之处，玩家4的描述最有可能与篮球的特征不一致，因此可能是卧底。|| 请通过你分析的不一致之处，推断卧底身份，注意，这局游戏的词语分类为<体育用品>，卧底词和平民词都属于该类。
2024-12-13 12:58:22,027 - 4 - INFO - **********PLAYER4**********
玩家4
2024-12-13 12:58:22,028 - 4 - INFO - **********JUDGER**********
你刚刚的推断是玩家4|| 基于你刚刚的推断得出你的最终结论，请输出你认为的卧底，在这种情况下只需要输出编号，是1-4中的某个数字，不要输出其他信息。在这个过程不要进行任何推理，只对||以前的部分进行信息提取
2024-12-13 12:58:22,793 - 4 - INFO - **********PLAYER4**********
4
2024-12-13 12:58:29,252 - 4 - INFO - **********JUDGER**********
玩家1说：这是一种运动器材，通常用于户外活动，有着圆形的表面和多个孔洞。与同类体育用品相比，它通常体积较大，材质较为坚固。这种器材适合多人参与，常用于团队比赛，它的表面设计使得球可以在空中飞行，而且它有一定的重量，这有助于提高比赛的技术性和观赏性。与同类体育用品相比，它的尺寸适中，便于在多种场地上进行比赛。这种器材的设计注重团队合作，它的重量和尺寸使得它在空中飞行时稳定可靠，同时它的表面结构有助于控制球的旋转和飞行轨迹。这种器材通常需要多人配合，适合在户外多个不同的场地进行比赛。玩家2说：这是一种户外运动器材，通常由金属或塑料制成，有着圆形的表面。它的设计特点是表面分布着多个孔洞，可以用来进行各种球类运动。与同类体育用品相比，它的体积相对较大，且材质较为坚固，便于携带和耐用。在体育用品中，它最突出的不同特征可能是其独特的孔洞设计，以及适合进行特定球类运动的特性。这种运动器材有着坚固的材质和适中的体积，便于在多种场地上进行比赛。它的设计使得球可以在空中飞行，增加了比赛的技术性和观赏性。与同类体育用品相比，它的尺寸适中，适合多人参与，常用于团队比赛。此外，它的表面设计有助于提高球在空中的飞行稳定性。这种运动器材有着稳定的支撑结构，便于在户外不同场地上进行比赛。它的设计确保了球在飞行时的稳定性，同时材质坚固且体积适中，便于携带和耐用。这种器材适合多人参与，强调团队合作，且在空中飞行时展现出良好的控制性和旋转。玩家3说：1. 基本特征：轻便，长柄，用于击打球类。
2. 突出特征：长柄设计，便于远距离击球。1. 基本特征：轻便，长柄，适合进行远距离击球。
2. 突出不同特征：设计用于捕捉和击打空中球，特别适合进行球类运动。1. 基本特征：轻便，长柄，专为击打地面球类运动设计。
2. 突出不同特征：长柄和特殊握把设计，提供更好的控制和精准度，适用于快速移动的球类运动。玩家4说：基本特征：圆形表面，孔洞设计，材质坚固。
最突出不同特征：适用于特定球类运动，如网球的孔洞设计。基本特征：轻便便携，适合户外使用，有支撑架结构。
最突出不同特征：具备一定重量，有助于球的稳定飞行，适用于团队对抗性强的运动。你是第4号玩家，你的关键词是<篮球>。你的回答中绝对不能包含你的关键词<篮球>。这是第三轮描述，你之前的描述是基本特征：圆形表面，孔洞设计，材质坚固。
最突出不同特征：适用于特定球类运动，如网球的孔洞设计。和基本特征：轻便便携，适合户外使用，有支撑架结构。
最突出不同特征：具备一定重量，有助于球的稳定飞行，适用于团队对抗性强的运动。，注意，这局游戏的词语分类为<体育用品>，卧底词和平民词都属于该类，请你补充关于关键词的描述，注意，你的描述应该比起之前的描述更加贴近关键词，作为之前的补充
2024-12-13 12:58:31,690 - 4 - INFO - **********PLAYER4**********
基本特征：轻便，长柄，适用于团队对抗性强的运动。
最突出不同特征：具有稳定支撑结构，设计用于在空中控制球，适合户外使用。
2024-12-13 12:59:32,670 - 4 - INFO - **********JUDGER**********
玩家1说：这是一种运动器材，通常用于户外活动，有着圆形的表面和多个孔洞。与同类体育用品相比，它通常体积较大，材质较为坚固。这种器材适合多人参与，常用于团队比赛，它的表面设计使得球可以在空中飞行，而且它有一定的重量，这有助于提高比赛的技术性和观赏性。与同类体育用品相比，它的尺寸适中，便于在多种场地上进行比赛。这种器材的设计注重团队合作，它的重量和尺寸使得它在空中飞行时稳定可靠，同时它的表面结构有助于控制球的旋转和飞行轨迹。这种器材通常需要多人配合，适合在户外多个不同的场地进行比赛。玩家2说：这是一种户外运动器材，通常由金属或塑料制成，有着圆形的表面。它的设计特点是表面分布着多个孔洞，可以用来进行各种球类运动。与同类体育用品相比，它的体积相对较大，且材质较为坚固，便于携带和耐用。在体育用品中，它最突出的不同特征可能是其独特的孔洞设计，以及适合进行特定球类运动的特性。这种运动器材有着坚固的材质和适中的体积，便于在多种场地上进行比赛。它的设计使得球可以在空中飞行，增加了比赛的技术性和观赏性。与同类体育用品相比，它的尺寸适中，适合多人参与，常用于团队比赛。此外，它的表面设计有助于提高球在空中的飞行稳定性。这种运动器材有着稳定的支撑结构，便于在户外不同场地上进行比赛。它的设计确保了球在飞行时的稳定性，同时材质坚固且体积适中，便于携带和耐用。这种器材适合多人参与，强调团队合作，且在空中飞行时展现出良好的控制性和旋转。玩家3说：1. 基本特征：轻便，长柄，用于击打球类。
2. 突出特征：长柄设计，便于远距离击球。1. 基本特征：轻便，长柄，适合进行远距离击球。
2. 突出不同特征：设计用于捕捉和击打空中球，特别适合进行球类运动。1. 基本特征：轻便，长柄，专为击打地面球类运动设计。
2. 突出不同特征：长柄和特殊握把设计，提供更好的控制和精准度，适用于快速移动的球类运动。玩家4说：基本特征：圆形表面，孔洞设计，材质坚固。
最突出不同特征：适用于特定球类运动，如网球的孔洞设计。基本特征：轻便便携，适合户外使用，有支撑架结构。
最突出不同特征：具备一定重量，有助于球的稳定飞行，适用于团队对抗性强的运动。基本特征：轻便，长柄，适用于团队对抗性强的运动。
最突出不同特征：具有稳定支撑结构，设计用于在空中控制球，适合户外使用。||在这个游戏中，我们需要通过分析每位玩家的描述来找出卧底。通常，平民的描述会围绕相同的词语展开，而卧底的描述可能会因为词语的不同而显得不太一致。我们需要仔细比较每个描述之间的相似性和差异性，以找出可能的卧底，注意，卧底并不会隐藏自己，他会直接描述他的词语，现在，逐一分析每个玩家的描述，注意，这局游戏的词语分类为<体育用品>，卧底词和平民词都属于该类。||之前是第3轮描述和之前轮数描述的合集。你之前认为的卧底是玩家4。
2024-12-13 12:59:33,817 - 4 - INFO - **********PLAYER4**********
玩家4
2024-12-13 12:59:33,818 - 4 - INFO - **********JUDGER**********
你刚刚的分析是玩家4|| `请根据上述分析，比较描述以找出不一致之处，注意，这局游戏的词语分类为<体育用品>，卧底词和平民词都属于该类。
2024-12-13 12:59:45,639 - 4 - INFO - **********PLAYER4**********
根据上述分析，以下是不一致之处：

1. 玩家1、玩家2和玩家3的描述都提到了“户外活动”、“圆形表面”、“孔洞设计”、“材质坚固”、“适合多人参与”、“常用于团队比赛”、“表面设计使得球可以在空中飞行”以及“尺寸适中，便于在多种场地上进行比赛”等特征，这些特征与篮球或网球等球类运动器材相符。

2. 玩家4的描述虽然也提到了“圆形表面”、“孔洞设计”、“材质坚固”等特征，但他的描述中特别强调了“轻便便携”、“有支撑架结构”和“具备一定重量，有助于球的稳定飞行”，这些特征与篮球或网球等球类运动器材的描述有所不同。

不一致之处总结：
- 玩家4的描述中包含了“轻便便携”、“有支撑架结构”和“具备一定重量”，这些特征没有在玩家1、玩家2和玩家3的描述中明确提及。

基于这些不一致之处，玩家4的描述可能更接近于卧底词，因为他的描述中包含了一些与球类运动器材特征不太吻合的细节。
2024-12-13 12:59:45,640 - 4 - INFO - **********JUDGER**********
你刚刚的分析是根据上述分析，以下是不一致之处：

1. 玩家1、玩家2和玩家3的描述都提到了“户外活动”、“圆形表面”、“孔洞设计”、“材质坚固”、“适合多人参与”、“常用于团队比赛”、“表面设计使得球可以在空中飞行”以及“尺寸适中，便于在多种场地上进行比赛”等特征，这些特征与篮球或网球等球类运动器材相符。

2. 玩家4的描述虽然也提到了“圆形表面”、“孔洞设计”、“材质坚固”等特征，但他的描述中特别强调了“轻便便携”、“有支撑架结构”和“具备一定重量，有助于球的稳定飞行”，这些特征与篮球或网球等球类运动器材的描述有所不同。

不一致之处总结：
- 玩家4的描述中包含了“轻便便携”、“有支撑架结构”和“具备一定重量”，这些特征没有在玩家1、玩家2和玩家3的描述中明确提及。

基于这些不一致之处，玩家4的描述可能更接近于卧底词，因为他的描述中包含了一些与球类运动器材特征不太吻合的细节。|| 请通过你分析的不一致之处，推断卧底身份，注意，这局游戏的词语分类为<体育用品>，卧底词和平民词都属于该类。
2024-12-13 12:59:46,738 - 4 - INFO - **********PLAYER4**********
玩家4
2024-12-13 12:59:46,738 - 4 - INFO - **********JUDGER**********
你刚刚的推断是玩家4|| 基于你刚刚的推断得出你的最终结论，请输出你认为的卧底，在这种情况下只需要输出编号，是1-4中的某个数字，不要输出其他信息。在这个过程不要进行任何推理，只对||以前的部分进行信息提取
2024-12-13 12:59:47,822 - 4 - INFO - **********PLAYER4**********
4
2024-12-13 12:59:47,823 - 4 - INFO - **********JUDGER**********
你认为卧底是你自己。你现在需要随便选一个人投票。请输出一个数字，是1-4中的某个数字，但这个数字不能是4，不要输出其他信息。
2024-12-13 12:59:48,850 - 4 - INFO - **********PLAYER4**********
1
