2024-12-13 12:08:05,137 - 1 - INFO - **********JUDGER**********
让我们来玩一个叫做<谁是卧底>的推理游戏。基本规则：<人数>：4人。<角色分配>：每位玩家随机抽取一个词语，3名玩家拿到的词语是相同的（平民词），1名玩家拿到与之相近但不同的词语（卧底词）。<游戏流程>：1、玩家轮流描述自己的词语，但<不能>直接说出词语本身。2、描述完毕后，投票选出最像卧底的玩家。3、每轮结束后，被投票选出的玩家出局，不能再进行描述或投票。4、每轮投票结束后，如果卧底被成功找出，平民方获胜；如果卧底未被找出且卧底人数等于或超过平民人数，则卧底方获胜。你将扮演一个<玩家>，请等待你被分配到的关键词。如果你听懂了，只回答，"好的，我准备好参加游戏了"，不要输出别的信息
2024-12-13 12:08:06,122 - 1 - INFO - **********PLAYER1**********
好的，我准备好参加游戏了
2024-12-13 12:08:11,413 - 1 - INFO - **********JUDGER**********
玩家1说：玩家2说：玩家3说：玩家4说：|| 你是第1号玩家，你的关键词是<苹果>。你的回答中绝对不能包含你的关键词<苹果>。这是第一轮描述，不需要分析||之前别的玩家的描述，请你描述关键词基本特征，注意，这局游戏的词语分类为<水果>，卧底词和平民词都属于该类，描述包括以下两点，1.他的基本特征是什么2.他在该类（水果）中最突出不同的特征是什么，尽量简短
2024-12-13 12:08:12,997 - 1 - INFO - **********PLAYER1**********
这个水果通常是红色的，形状圆润，含有丰富的维生素C。在水果类中，它特别受到小朋友的喜爱，因为它甜而多汁。
2024-12-13 12:08:21,146 - 1 - INFO - **********JUDGER**********
玩家1说：这个水果通常是红色的，形状圆润，含有丰富的维生素C。在水果类中，它特别受到小朋友的喜爱，因为它甜而多汁。玩家2说：这个水果色彩鲜艳，口感多汁，是日常饮食中常见的。在同类水果中，它以其独特的风味和营养价值而备受推崇。玩家3说：这个水果色泽鲜艳，肉质细腻，富含水分。在同类水果中，它以独特的甜味和脆感而受到人们的喜爱。玩家4说：||在这个游戏中，我们需要通过分析每位玩家的描述来找出卧底。通常，平民的描述会围绕相同的词语展开，而卧底的描述可能会因为词语的不同而显得不太一致。我们需要仔细比较每个描述之间的相似性和差异性，以找出可能的卧底，注意，卧底并不会隐藏自己，他会直接描述他的词语，现在，逐一分析每个玩家的描述，注意，这局游戏的词语分类为<水果>，卧底词和平民词都属于该类。这是第一轮描述。
2024-12-13 12:08:25,199 - 1 - INFO - **********PLAYER1**********
好的，我注意到前三位玩家的描述都围绕着相同的水果特征，比如色彩、口感、维生素C、甜味和水分等。我的描述则强调了这种水果在小朋友中的受欢迎程度，以及它的甜和多汁。这些特征虽然也符合苹果，但并没有像其他玩家那样详细描述其外观或营养价值。因此，我的描述可能更接近卧底的特征，因为它没有明确地重复其他玩家提到的共同点。
2024-12-13 12:08:25,200 - 1 - INFO - **********JUDGER**********
你刚刚的分析是好的，我注意到前三位玩家的描述都围绕着相同的水果特征，比如色彩、口感、维生素C、甜味和水分等。我的描述则强调了这种水果在小朋友中的受欢迎程度，以及它的甜和多汁。这些特征虽然也符合苹果，但并没有像其他玩家那样详细描述其外观或营养价值。因此，我的描述可能更接近卧底的特征，因为它没有明确地重复其他玩家提到的共同点。|| `请根据上述分析，比较描述以找出不一致之处，注意，这局游戏的词语分类为<水果>，卧底词和平民词都属于该类。
2024-12-13 12:08:36,381 - 1 - INFO - **********PLAYER1**********
根据上述分析，我们可以比较以下几点来找出描述中的不一致之处：

1. **色彩描述**：前三位玩家都提到了“色彩鲜艳”，而我的描述没有直接涉及色彩，这可能是第一个不一致点。

2. **口感描述**：两位玩家提到了“口感多汁”和“肉质细腻”，这暗示了水果的食用体验。我的描述虽然提到了甜和多汁，但没有具体提到口感。

3. **营养价值**：所有玩家都提到了维生素C，但我的描述没有提到这一点，这可能是第二个不一致点。

4. **受欢迎程度**：我的描述特别强调了这种水果在小朋友中的受欢迎程度，而其他玩家没有提及这一点。

5. **风味和口感**：两位玩家提到了“独特的风味”和“脆感”，我的描述则没有提到风味或口感的具体描述。

基于这些比较，我的描述在色彩、口感、营养价值和风味描述上与前三位的描述存在差异，这可能是提示我可能是卧底的关键点。然而，没有足够的信息来确定我是否真的是卧底，因为我的描述也可能仅仅是另一种角度的描述，而不是完全不同的词语。需要进一步的信息和玩家的投票来确定。
2024-12-13 12:08:36,384 - 1 - INFO - **********JUDGER**********
你刚刚的分析是根据上述分析，我们可以比较以下几点来找出描述中的不一致之处：

1. **色彩描述**：前三位玩家都提到了“色彩鲜艳”，而我的描述没有直接涉及色彩，这可能是第一个不一致点。

2. **口感描述**：两位玩家提到了“口感多汁”和“肉质细腻”，这暗示了水果的食用体验。我的描述虽然提到了甜和多汁，但没有具体提到口感。

3. **营养价值**：所有玩家都提到了维生素C，但我的描述没有提到这一点，这可能是第二个不一致点。

4. **受欢迎程度**：我的描述特别强调了这种水果在小朋友中的受欢迎程度，而其他玩家没有提及这一点。

5. **风味和口感**：两位玩家提到了“独特的风味”和“脆感”，我的描述则没有提到风味或口感的具体描述。

基于这些比较，我的描述在色彩、口感、营养价值和风味描述上与前三位的描述存在差异，这可能是提示我可能是卧底的关键点。然而，没有足够的信息来确定我是否真的是卧底，因为我的描述也可能仅仅是另一种角度的描述，而不是完全不同的词语。需要进一步的信息和玩家的投票来确定。|| 请通过你分析的不一致之处，推断卧底身份，注意，这局游戏的词语分类为<水果>，卧底词和平民词都属于该类。
2024-12-13 12:09:00,829 - 1 - INFO - **********PLAYER1**********
基于上述分析，如果我的描述确实与前三位的描述存在不一致之处，那么这些差异可能会指向我作为卧底的可能性。以下是我可能的推断：

1. **色彩描述的差异**：如果其他玩家描述的是一种具有特定颜色的水果，而我没有提及颜色，这可能意味着我的水果与他们的不同。

2. **口感描述的差异**：如果其他玩家描述的是口感上具有特定特点的水果，而我没有具体提到口感，这可能是另一个不一致点。

3. **营养价值的差异**：如果其他玩家提到了维生素C，而我没有，这可能表明我的水果在营养上与他们的不同。

4. **受欢迎程度的差异**：我强调了这种水果在小朋友中的受欢迎程度，如果其他玩家没有提及这一点，这可能是因为我的水果在成人中更受欢迎，或者它不是同一种水果。

5. **风味和口感的差异**：如果其他玩家描述的是具有独特风味或口感的水果，而我没有，这可能意味着我的水果在这些方面与他们的不同。

考虑到这些差异，如果其他玩家描述的是苹果，那么我的卧底词可能是与苹果同属于水果类，但在色彩、口感、营养价值和风味上有所不同。例如，我的卧底词可能是像橙子这样的水果，它也是红色的，甜而多汁，含有丰富的维生素C，但在其他方面与苹果有明显的不同。

然而，这只是一个基于描述差异的推断，最终确定卧底身份还需要其他玩家的投票和分析。如果我的描述与苹果在上述方面都有所不同，那么我可能是卧底。如果我的描述与苹果非常相似，那么我可能是平民。需要更多的信息来确定最终的身份。
2024-12-13 12:09:00,831 - 1 - INFO - **********JUDGER**********
你刚刚的推断是基于上述分析，如果我的描述确实与前三位的描述存在不一致之处，那么这些差异可能会指向我作为卧底的可能性。以下是我可能的推断：

1. **色彩描述的差异**：如果其他玩家描述的是一种具有特定颜色的水果，而我没有提及颜色，这可能意味着我的水果与他们的不同。

2. **口感描述的差异**：如果其他玩家描述的是口感上具有特定特点的水果，而我没有具体提到口感，这可能是另一个不一致点。

3. **营养价值的差异**：如果其他玩家提到了维生素C，而我没有，这可能表明我的水果在营养上与他们的不同。

4. **受欢迎程度的差异**：我强调了这种水果在小朋友中的受欢迎程度，如果其他玩家没有提及这一点，这可能是因为我的水果在成人中更受欢迎，或者它不是同一种水果。

5. **风味和口感的差异**：如果其他玩家描述的是具有独特风味或口感的水果，而我没有，这可能意味着我的水果在这些方面与他们的不同。

考虑到这些差异，如果其他玩家描述的是苹果，那么我的卧底词可能是与苹果同属于水果类，但在色彩、口感、营养价值和风味上有所不同。例如，我的卧底词可能是像橙子这样的水果，它也是红色的，甜而多汁，含有丰富的维生素C，但在其他方面与苹果有明显的不同。

然而，这只是一个基于描述差异的推断，最终确定卧底身份还需要其他玩家的投票和分析。如果我的描述与苹果在上述方面都有所不同，那么我可能是卧底。如果我的描述与苹果非常相似，那么我可能是平民。需要更多的信息来确定最终的身份。|| 基于你刚刚的推断得出你的最终结论，请输出你认为的卧底，在这种情况下只需要输出编号，是1-4中的某个数字，不要输出其他信息。在这个过程不要进行任何推理，只对||以前的部分进行信息提取
2024-12-13 12:09:03,420 - 1 - INFO - **********PLAYER1**********
1
2024-12-13 12:10:09,016 - 1 - INFO - **********JUDGER**********
玩家1说：这个水果通常是红色的，形状圆润，含有丰富的维生素C。在水果类中，它特别受到小朋友的喜爱，因为它甜而多汁。玩家2说：这个水果色彩鲜艳，口感多汁，是日常饮食中常见的。在同类水果中，它以其独特的风味和营养价值而备受推崇。玩家3说：这个水果色泽鲜艳，肉质细腻，富含水分。在同类水果中，它以独特的甜味和脆感而受到人们的喜爱。玩家4说：这个水果皮厚，气味浓郁，果肉软糯，含有多种营养成分。它在同类水果中以其独特的气味和口感而著称。你是第1号玩家，你的关键词是<苹果>。你的回答中绝对不能包含你的关键词<苹果>。这是第二轮描述，你之前的描述是这个水果通常是红色的，形状圆润，含有丰富的维生素C。在水果类中，它特别受到小朋友的喜爱，因为它甜而多汁。，注意，这局游戏的词语分类为<水果>，卧底词和平民词都属于该类，请你补充关于关键词的描述，注意，你的描述应该比起之前的描述更加贴近关键词，作为之前的补充
2024-12-13 12:10:10,304 - 1 - INFO - **********PLAYER1**********
这种水果是日常生活中常见的，它的果实光滑且大小适中，口感脆甜，适合各个年龄段的人食用。它富含纤维，对于消化系统有益。
2024-12-13 12:10:17,862 - 1 - INFO - **********JUDGER**********
玩家1说：这个水果通常是红色的，形状圆润，含有丰富的维生素C。在水果类中，它特别受到小朋友的喜爱，因为它甜而多汁。这种水果是日常生活中常见的，它的果实光滑且大小适中，口感脆甜，适合各个年龄段的人食用。它富含纤维，对于消化系统有益。玩家2说：这个水果色彩鲜艳，口感多汁，是日常饮食中常见的。在同类水果中，它以其独特的风味和营养价值而备受推崇。这个水果在成熟时呈现出诱人的红色，质地坚硬，切开后可以看到清晰可见的果肉纹理。它不仅甜度高，而且水分充足，给人带来清新的口感。在水果家族中，它以其丰富的营养价值和健康益处而广受欢迎。玩家3说：这个水果色泽鲜艳，肉质细腻，富含水分。在同类水果中，它以独特的甜味和脆感而受到人们的喜爱。这个水果以其光滑的红色外观和适中的大小而受到青睐，它的内部结构紧密，水分充足，提供了清新的口感。在水果中，它的甜度适中，且不易腐烂，非常适合作为日常零食。玩家4说：这个水果皮厚，气味浓郁，果肉软糯，含有多种营养成分。它在同类水果中以其独特的气味和口感而著称。||在这个游戏中，我们需要通过分析每位玩家的描述来找出卧底。通常，平民的描述会围绕相同的词语展开，而卧底的描述可能会因为词语的不同而显得不太一致。我们需要仔细比较每个描述之间的相似性和差异性，以找出可能的卧底，注意，卧底并不会隐藏自己，他会直接描述他的词语，现在，逐一分析每个玩家的描述，注意，这局游戏的词语分类为<水果>，卧底词和平民词都属于该类。||之前是第2轮描述和之前轮数描述的合集。你之前认为的卧底是玩家1。
2024-12-13 12:10:25,991 - 1 - INFO - **********PLAYER1**********
根据第二轮的描述和之前的分析，我的最终结论是：玩家3是卧底。理由如下：

1. 玩家1的描述虽然提到了甜和维生素C，但没有与其他玩家描述的特征明显冲突，且描述较为普通。

2. 玩家2的描述强调了水果的甜度和营养，这与玩家1的描述有重叠，但并未提及与玩家3或玩家4描述的特征。

3. 玩家3的描述中提到了“肉质细腻”和“脆感”，这与玩家4的描述中的“皮厚”和“果肉软糯”形成了对比，暗示了水果的质地差异。

4. 玩家4的描述中提到了“皮厚”和“气味浓郁”，这与玩家3的描述中的“肉质细腻”形成了对比，且没有提及甜度或维生素C。

综合以上分析，玩家3的描述与玩家4的描述存在明显的差异，且没有与其他玩家的描述完全一致，因此我认为玩家3是卧底。
2024-12-13 12:10:25,992 - 1 - INFO - **********JUDGER**********
你刚刚的分析是根据第二轮的描述和之前的分析，我的最终结论是：玩家3是卧底。理由如下：

1. 玩家1的描述虽然提到了甜和维生素C，但没有与其他玩家描述的特征明显冲突，且描述较为普通。

2. 玩家2的描述强调了水果的甜度和营养，这与玩家1的描述有重叠，但并未提及与玩家3或玩家4描述的特征。

3. 玩家3的描述中提到了“肉质细腻”和“脆感”，这与玩家4的描述中的“皮厚”和“果肉软糯”形成了对比，暗示了水果的质地差异。

4. 玩家4的描述中提到了“皮厚”和“气味浓郁”，这与玩家3的描述中的“肉质细腻”形成了对比，且没有提及甜度或维生素C。

综合以上分析，玩家3的描述与玩家4的描述存在明显的差异，且没有与其他玩家的描述完全一致，因此我认为玩家3是卧底。|| `请根据上述分析，比较描述以找出不一致之处，注意，这局游戏的词语分类为<水果>，卧底词和平民词都属于该类。
2024-12-13 12:10:36,933 - 1 - INFO - **********PLAYER1**********
根据上述分析，我们可以进一步比较描述中的一致性和不一致性，以下是不一致之处的总结：

1. **质地描述**：
   - 玩家3提到“肉质细腻”和“脆感”，而玩家4提到“皮厚”和“果肉软糯”，这表明对水果质地的描述存在明显差异。

2. **甜度和维生素C**：
   - 玩家1、玩家2和玩家3都提到了甜度和维生素C，但玩家4没有提及这些特征。

3. **气味描述**：
   - 玩家4提到了“气味浓郁”，而其他玩家没有提及气味的特征。

4. **外观描述**：
   - 所有玩家都提到了水果的红色和大小适中，但玩家4没有特别强调这些特征。

5. **营养和健康益处**：
   - 玩家2和玩家3提到了水果的营养价值和健康益处，而玩家1和玩家4没有提及。

这些不一致之处表明玩家4的描述在多个方面与其他玩家的描述有所不同，这可能是判断玩家4为卧底的关键点。玩家的描述在质地、甜度、气味和营养描述上的差异，可能暗示了玩家4的水果与玩家1、玩家2和玩家3的水果不同。
2024-12-13 12:10:36,934 - 1 - INFO - **********JUDGER**********
你刚刚的分析是根据上述分析，我们可以进一步比较描述中的一致性和不一致性，以下是不一致之处的总结：

1. **质地描述**：
   - 玩家3提到“肉质细腻”和“脆感”，而玩家4提到“皮厚”和“果肉软糯”，这表明对水果质地的描述存在明显差异。

2. **甜度和维生素C**：
   - 玩家1、玩家2和玩家3都提到了甜度和维生素C，但玩家4没有提及这些特征。

3. **气味描述**：
   - 玩家4提到了“气味浓郁”，而其他玩家没有提及气味的特征。

4. **外观描述**：
   - 所有玩家都提到了水果的红色和大小适中，但玩家4没有特别强调这些特征。

5. **营养和健康益处**：
   - 玩家2和玩家3提到了水果的营养价值和健康益处，而玩家1和玩家4没有提及。

这些不一致之处表明玩家4的描述在多个方面与其他玩家的描述有所不同，这可能是判断玩家4为卧底的关键点。玩家的描述在质地、甜度、气味和营养描述上的差异，可能暗示了玩家4的水果与玩家1、玩家2和玩家3的水果不同。|| 请通过你分析的不一致之处，推断卧底身份，注意，这局游戏的词语分类为<水果>，卧底词和平民词都属于该类。
2024-12-13 12:10:46,426 - 1 - INFO - **********PLAYER1**********
基于上述分析，我的推断是玩家4是卧底。理由如下：

1. 玩家4的描述中提到了“皮厚”和“果肉软糯”，这与玩家3的“肉质细腻”和“脆感”形成对比，表明质地描述上的不一致。

2. 玩家4没有提到甜度和维生素C，而玩家1、玩家2和玩家3都提到了这些特征，表明在甜度和营养描述上的不一致。

3. 玩家4提到了“气味浓郁”，而其他玩家没有提及气味，这表明在气味描述上的不一致。

4. 虽然所有玩家都提到了红色和大小适中，但玩家4没有特别强调这些特征，这可能是一个细微的不一致点。

综合这些不一致之处，玩家4的描述与其他玩家的描述存在多处差异，这增加了他/她作为卧底的可能性。
2024-12-13 12:10:46,428 - 1 - INFO - **********JUDGER**********
你刚刚的推断是基于上述分析，我的推断是玩家4是卧底。理由如下：

1. 玩家4的描述中提到了“皮厚”和“果肉软糯”，这与玩家3的“肉质细腻”和“脆感”形成对比，表明质地描述上的不一致。

2. 玩家4没有提到甜度和维生素C，而玩家1、玩家2和玩家3都提到了这些特征，表明在甜度和营养描述上的不一致。

3. 玩家4提到了“气味浓郁”，而其他玩家没有提及气味，这表明在气味描述上的不一致。

4. 虽然所有玩家都提到了红色和大小适中，但玩家4没有特别强调这些特征，这可能是一个细微的不一致点。

综合这些不一致之处，玩家4的描述与其他玩家的描述存在多处差异，这增加了他/她作为卧底的可能性。|| 基于你刚刚的推断得出你的最终结论，请输出你认为的卧底，在这种情况下只需要输出编号，是1-4中的某个数字，不要输出其他信息。在这个过程不要进行任何推理，只对||以前的部分进行信息提取
2024-12-13 12:10:47,337 - 1 - INFO - **********PLAYER1**********
4
2024-12-13 12:11:23,363 - 1 - INFO - **********JUDGER**********
玩家1说：这个水果通常是红色的，形状圆润，含有丰富的维生素C。在水果类中，它特别受到小朋友的喜爱，因为它甜而多汁。这种水果是日常生活中常见的，它的果实光滑且大小适中，口感脆甜，适合各个年龄段的人食用。它富含纤维，对于消化系统有益。玩家2说：这个水果色彩鲜艳，口感多汁，是日常饮食中常见的。在同类水果中，它以其独特的风味和营养价值而备受推崇。这个水果在成熟时呈现出诱人的红色，质地坚硬，切开后可以看到清晰可见的果肉纹理。它不仅甜度高，而且水分充足，给人带来清新的口感。在水果家族中，它以其丰富的营养价值和健康益处而广受欢迎。玩家3说：这个水果色泽鲜艳，肉质细腻，富含水分。在同类水果中，它以独特的甜味和脆感而受到人们的喜爱。这个水果以其光滑的红色外观和适中的大小而受到青睐，它的内部结构紧密，水分充足，提供了清新的口感。在水果中，它的甜度适中，且不易腐烂，非常适合作为日常零食。玩家4说：这个水果皮厚，气味浓郁，果肉软糯，含有多种营养成分。它在同类水果中以其独特的气味和口感而著称。这个水果成熟时颜色深红，果实较大，果皮厚实，内部结构紧密。它的果肉质地软糯，与常见的脆甜水果不同，给人一种独特的口感体验。尽管它的气味强烈，但许多人都对其情有独钟。你是第1号玩家，你的关键词是<苹果>。你的回答中绝对不能包含你的关键词<苹果>。这是第三轮描述，你之前的描述是这个水果通常是红色的，形状圆润，含有丰富的维生素C。在水果类中，它特别受到小朋友的喜爱，因为它甜而多汁。和这种水果是日常生活中常见的，它的果实光滑且大小适中，口感脆甜，适合各个年龄段的人食用。它富含纤维，对于消化系统有益。，注意，这局游戏的词语分类为<水果>，卧底词和平民词都属于该类，请你补充关于关键词的描述，注意，你的描述应该比起之前的描述更加贴近关键词，作为之前的补充
2024-12-13 12:11:26,176 - 1 - INFO - **********PLAYER1**********
这种水果在成熟时色泽鲜艳，有着明显的红色条纹，它的味道既甜又略带酸味，非常适合搭配各种甜点。它的质地较为坚硬，但咬下去会有轻微的汁液流出，给人一种清新的口感。这种水果在市场上很容易找到，是很多人喜爱的健康零食。
2024-12-13 12:11:34,050 - 1 - INFO - **********JUDGER**********
玩家1说：这个水果通常是红色的，形状圆润，含有丰富的维生素C。在水果类中，它特别受到小朋友的喜爱，因为它甜而多汁。这种水果是日常生活中常见的，它的果实光滑且大小适中，口感脆甜，适合各个年龄段的人食用。它富含纤维，对于消化系统有益。这种水果在成熟时色泽鲜艳，有着明显的红色条纹，它的味道既甜又略带酸味，非常适合搭配各种甜点。它的质地较为坚硬，但咬下去会有轻微的汁液流出，给人一种清新的口感。这种水果在市场上很容易找到，是很多人喜爱的健康零食。玩家2说：这个水果色彩鲜艳，口感多汁，是日常饮食中常见的。在同类水果中，它以其独特的风味和营养价值而备受推崇。这个水果在成熟时呈现出诱人的红色，质地坚硬，切开后可以看到清晰可见的果肉纹理。它不仅甜度高，而且水分充足，给人带来清新的口感。在水果家族中，它以其丰富的营养价值和健康益处而广受欢迎。这种水果的甜度适中，略带一些微妙的酸味，给人一种清新爽口的感觉。它的果实大小适中，表面光滑，颜色鲜艳，尤其是成熟时呈现出诱人的红色。质地坚硬，咬下去会有轻微的汁液流出，给人一种清新的口感。在水果中，它的营养价值高，含有丰富的维生素C和其他微量元素，对健康非常有益。玩家3说：这个水果色泽鲜艳，肉质细腻，富含水分。在同类水果中，它以独特的甜味和脆感而受到人们的喜爱。这个水果以其光滑的红色外观和适中的大小而受到青睐，它的内部结构紧密，水分充足，提供了清新的口感。在水果中，它的甜度适中，且不易腐烂，非常适合作为日常零食。这种水果的甜度适中，口感脆甜，质地坚硬，咬下去会有轻微的汁液流出，给人一种清新的口感。它的颜色鲜艳，外观光滑，大小适中，内部结构紧密，水分充足。玩家4说：这个水果皮厚，气味浓郁，果肉软糯，含有多种营养成分。它在同类水果中以其独特的气味和口感而著称。这个水果成熟时颜色深红，果实较大，果皮厚实，内部结构紧密。它的果肉质地软糯，与常见的脆甜水果不同，给人一种独特的口感体验。尽管它的气味强烈，但许多人都对其情有独钟。这个水果的皮色深红，果形丰满，成熟时散发出独特的强烈香气。它的果肉细腻柔软，富含油脂，口感丰富多层次，既有人喜爱其独特的味道，也有人对其气味敏感。这种水果在市场上并不常见，但对其了解的人都会对其印象深刻。||在这个游戏中，我们需要通过分析每位玩家的描述来找出卧底。通常，平民的描述会围绕相同的词语展开，而卧底的描述可能会因为词语的不同而显得不太一致。我们需要仔细比较每个描述之间的相似性和差异性，以找出可能的卧底，注意，卧底并不会隐藏自己，他会直接描述他的词语，现在，逐一分析每个玩家的描述，注意，这局游戏的词语分类为<水果>，卧底词和平民词都属于该类。||之前是第3轮描述和之前轮数描述的合集。你之前认为的卧底是玩家4。
2024-12-13 12:11:42,449 - 1 - INFO - **********PLAYER1**********
基于第三轮的描述和之前的分析，我的最终结论是：玩家4是卧底。理由如下：

1. **质地描述**：玩家4描述的“皮厚”和“果肉软糯”与玩家1、玩家2和玩家3描述的“质地坚硬”、“肉质细腻”和“内部结构紧密”形成了对比。

2. **气味描述**：玩家4特别强调了“气味浓郁”，而其他玩家没有提及气味特征。

3. **甜度和酸味**：玩家4没有提及甜度和酸味，而其他玩家都提到了甜度和酸味，尽管描述略有不同。

4. **外观描述**：玩家4描述了“颜色深红”和“果实较大”，而其他玩家没有特别提及果实大小。

5. **市场常见度**：玩家4提到这种水果在市场上并不常见，而其他玩家没有提及这一点。

这些不一致之处表明玩家4的描述与其他玩家的描述存在多处差异，这增加了他/她作为卧底的可能性。
2024-12-13 12:11:42,456 - 1 - INFO - **********JUDGER**********
你刚刚的分析是基于第三轮的描述和之前的分析，我的最终结论是：玩家4是卧底。理由如下：

1. **质地描述**：玩家4描述的“皮厚”和“果肉软糯”与玩家1、玩家2和玩家3描述的“质地坚硬”、“肉质细腻”和“内部结构紧密”形成了对比。

2. **气味描述**：玩家4特别强调了“气味浓郁”，而其他玩家没有提及气味特征。

3. **甜度和酸味**：玩家4没有提及甜度和酸味，而其他玩家都提到了甜度和酸味，尽管描述略有不同。

4. **外观描述**：玩家4描述了“颜色深红”和“果实较大”，而其他玩家没有特别提及果实大小。

5. **市场常见度**：玩家4提到这种水果在市场上并不常见，而其他玩家没有提及这一点。

这些不一致之处表明玩家4的描述与其他玩家的描述存在多处差异，这增加了他/她作为卧底的可能性。|| `请根据上述分析，比较描述以找出不一致之处，注意，这局游戏的词语分类为<水果>，卧底词和平民词都属于该类。
2024-12-13 12:11:48,677 - 1 - INFO - **********PLAYER1**********
根据上述分析，以下是不一致之处的详细比较：

1. **质地描述**：
   - 玩家4描述了“皮厚”和“果肉软糯”，这与玩家1、玩家2和玩家3描述的“质地坚硬”、“肉质细腻”和“内部结构紧密”形成对比。

2. **气味描述**：
   - 玩家4特别强调了“气味浓郁”，而玩家1、玩家2和玩家3没有提及任何关于气味的信息。

3. **甜度和酸味**：
   - 玩家1、玩家2和玩家3都提到了甜度和酸味，而玩家4没有提及这些味道特征。

4. **外观描述**：
   - 玩家4描述了“颜色深红”和“果实较大”，而玩家1、玩家2和玩家3没有特别提及果实的大小。

5. **市场常见度**：
   - 玩家4提到这种水果在市场上并不常见，而玩家1、玩家2和玩家3没有提及这一点。

这些不一致之处表明玩家4的描述在多个方面与其他玩家的描述存在差异，这可能是判断玩家4为卧底的关键点。
2024-12-13 12:11:48,679 - 1 - INFO - **********JUDGER**********
你刚刚的分析是根据上述分析，以下是不一致之处的详细比较：

1. **质地描述**：
   - 玩家4描述了“皮厚”和“果肉软糯”，这与玩家1、玩家2和玩家3描述的“质地坚硬”、“肉质细腻”和“内部结构紧密”形成对比。

2. **气味描述**：
   - 玩家4特别强调了“气味浓郁”，而玩家1、玩家2和玩家3没有提及任何关于气味的信息。

3. **甜度和酸味**：
   - 玩家1、玩家2和玩家3都提到了甜度和酸味，而玩家4没有提及这些味道特征。

4. **外观描述**：
   - 玩家4描述了“颜色深红”和“果实较大”，而玩家1、玩家2和玩家3没有特别提及果实的大小。

5. **市场常见度**：
   - 玩家4提到这种水果在市场上并不常见，而玩家1、玩家2和玩家3没有提及这一点。

这些不一致之处表明玩家4的描述在多个方面与其他玩家的描述存在差异，这可能是判断玩家4为卧底的关键点。|| 请通过你分析的不一致之处，推断卧底身份，注意，这局游戏的词语分类为<水果>，卧底词和平民词都属于该类。
2024-12-13 12:11:55,208 - 1 - INFO - **********PLAYER1**********
基于分析的不一致之处，我推断卧底是玩家4。理由如下：

1. 质地描述上的差异：玩家4描述的“皮厚”和“果肉软糯”与玩家1、玩家2和玩家3描述的“质地坚硬”、“肉质细腻”和“内部结构紧密”不一致。

2. 气味描述上的差异：玩家4特别强调了“气味浓郁”，而其他玩家没有提及任何关于气味的信息。

3. 甜度和酸味描述上的差异：玩家1、玩家2和玩家3都提到了甜度和酸味，而玩家4没有提及这些味道特征。

4. 外观描述上的差异：玩家4描述了“颜色深红”和“果实较大”，而其他玩家没有特别提及果实的大小。

5. 市场常见度上的差异：玩家4提到这种水果在市场上并不常见，而其他玩家没有提及这一点。

综合这些差异，玩家4的描述在多个方面与其他玩家不同，这增加了他/她作为卧底的可能性。
2024-12-13 12:11:55,212 - 1 - INFO - **********JUDGER**********
你刚刚的推断是基于分析的不一致之处，我推断卧底是玩家4。理由如下：

1. 质地描述上的差异：玩家4描述的“皮厚”和“果肉软糯”与玩家1、玩家2和玩家3描述的“质地坚硬”、“肉质细腻”和“内部结构紧密”不一致。

2. 气味描述上的差异：玩家4特别强调了“气味浓郁”，而其他玩家没有提及任何关于气味的信息。

3. 甜度和酸味描述上的差异：玩家1、玩家2和玩家3都提到了甜度和酸味，而玩家4没有提及这些味道特征。

4. 外观描述上的差异：玩家4描述了“颜色深红”和“果实较大”，而其他玩家没有特别提及果实的大小。

5. 市场常见度上的差异：玩家4提到这种水果在市场上并不常见，而其他玩家没有提及这一点。

综合这些差异，玩家4的描述在多个方面与其他玩家不同，这增加了他/她作为卧底的可能性。|| 基于你刚刚的推断得出你的最终结论，请输出你认为的卧底，在这种情况下只需要输出编号，是1-4中的某个数字，不要输出其他信息。在这个过程不要进行任何推理，只对||以前的部分进行信息提取
2024-12-13 12:11:56,884 - 1 - INFO - **********PLAYER1**********
4
