2024-12-13 12:08:07,148 - 2 - INFO - **********JUDGER**********
让我们来玩一个叫做<谁是卧底>的推理游戏。基本规则：<人数>：4人。<角色分配>：每位玩家随机抽取一个词语，3名玩家拿到的词语是相同的（平民词），1名玩家拿到与之相近但不同的词语（卧底词）。<游戏流程>：1、玩家轮流描述自己的词语，但<不能>直接说出词语本身。2、描述完毕后，投票选出最像卧底的玩家。3、每轮结束后，被投票选出的玩家出局，不能再进行描述或投票。4、每轮投票结束后，如果卧底被成功找出，平民方获胜；如果卧底未被找出且卧底人数等于或超过平民人数，则卧底方获胜。你将扮演一个<玩家>，请等待你被分配到的关键词。如果你听懂了，只回答，"好的，我准备好参加游戏了"，不要输出别的信息
2024-12-13 12:08:07,833 - 2 - INFO - **********PLAYER2**********
好的，我准备好参加游戏了
2024-12-13 12:08:12,998 - 2 - INFO - **********JUDGER**********
玩家1说：这个水果通常是红色的，形状圆润，含有丰富的维生素C。在水果类中，它特别受到小朋友的喜爱，因为它甜而多汁。玩家2说：玩家3说：玩家4说：|| 你是第2号玩家，你的关键词是<苹果>。你的回答中绝对不能包含你的关键词<苹果>。这是第一轮描述，不需要分析||之前别的玩家的描述，请你描述关键词基本特征，注意，这局游戏的词语分类为<水果>，卧底词和平民词都属于该类，描述包括以下两点，1.他的基本特征是什么2.他在该类（水果）中最突出不同的特征是什么，尽量简短
2024-12-13 12:08:15,481 - 2 - INFO - **********PLAYER2**********
这个水果色彩鲜艳，口感多汁，是日常饮食中常见的。在同类水果中，它以其独特的风味和营养价值而备受推崇。
2024-12-13 12:09:03,421 - 2 - INFO - **********JUDGER**********
玩家1说：这个水果通常是红色的，形状圆润，含有丰富的维生素C。在水果类中，它特别受到小朋友的喜爱，因为它甜而多汁。玩家2说：这个水果色彩鲜艳，口感多汁，是日常饮食中常见的。在同类水果中，它以其独特的风味和营养价值而备受推崇。玩家3说：这个水果色泽鲜艳，肉质细腻，富含水分。在同类水果中，它以独特的甜味和脆感而受到人们的喜爱。玩家4说：||在这个游戏中，我们需要通过分析每位玩家的描述来找出卧底。通常，平民的描述会围绕相同的词语展开，而卧底的描述可能会因为词语的不同而显得不太一致。我们需要仔细比较每个描述之间的相似性和差异性，以找出可能的卧底，注意，卧底并不会隐藏自己，他会直接描述他的词语，现在，逐一分析每个玩家的描述，注意，这局游戏的词语分类为<水果>，卧底词和平民词都属于该类。这是第一轮描述。
2024-12-13 12:09:07,907 - 2 - INFO - **********PLAYER2**********
玩家1、玩家2和玩家3的描述都指向了一个常见的水果，它们强调了水果的甜味、多汁、色泽鲜艳、肉质细腻、富含维生素C等特征，这些都是苹果的典型描述。然而，玩家4的描述并没有直接指向任何具体的水果，而是更多地强调了游戏规则和描述分析的方法，这与其他三位玩家专注于描述水果特征的回答有所不同。因此，根据描述的相似性和差异性，玩家4的描述可能暗示了他是卧底。
2024-12-13 12:09:07,910 - 2 - INFO - **********JUDGER**********
你刚刚的分析是玩家1、玩家2和玩家3的描述都指向了一个常见的水果，它们强调了水果的甜味、多汁、色泽鲜艳、肉质细腻、富含维生素C等特征，这些都是苹果的典型描述。然而，玩家4的描述并没有直接指向任何具体的水果，而是更多地强调了游戏规则和描述分析的方法，这与其他三位玩家专注于描述水果特征的回答有所不同。因此，根据描述的相似性和差异性，玩家4的描述可能暗示了他是卧底。|| `请根据上述分析，比较描述以找出不一致之处，注意，这局游戏的词语分类为<水果>，卧底词和平民词都属于该类。
2024-12-13 12:09:13,268 - 2 - INFO - **********PLAYER2**********
根据上述分析，不一致之处主要体现在以下两点：

1. 描述内容的深度和针对性：玩家1、玩家2和玩家3的描述都集中在对水果特征的详细描述上，如甜味、多汁、色泽鲜艳、肉质细腻等，这些都是苹果等常见水果的共同特征。而玩家4的描述则偏离了这一方向，没有具体描述水果的特征，而是转而解释了游戏规则和描述分析的方法。

2. 描述的侧重点：玩家1、玩家2和玩家3的描述都试图通过具体的特征来描绘水果，而玩家4的描述更像是对游戏过程的指导和提示，这与其他玩家描述水果的行为不符。

基于这些不一致之处，玩家4的描述可能表明他持有与苹果不同的词语，因此可能是卧底。
2024-12-13 12:09:13,270 - 2 - INFO - **********JUDGER**********
你刚刚的分析是根据上述分析，不一致之处主要体现在以下两点：

1. 描述内容的深度和针对性：玩家1、玩家2和玩家3的描述都集中在对水果特征的详细描述上，如甜味、多汁、色泽鲜艳、肉质细腻等，这些都是苹果等常见水果的共同特征。而玩家4的描述则偏离了这一方向，没有具体描述水果的特征，而是转而解释了游戏规则和描述分析的方法。

2. 描述的侧重点：玩家1、玩家2和玩家3的描述都试图通过具体的特征来描绘水果，而玩家4的描述更像是对游戏过程的指导和提示，这与其他玩家描述水果的行为不符。

基于这些不一致之处，玩家4的描述可能表明他持有与苹果不同的词语，因此可能是卧底。|| 请通过你分析的不一致之处，推断卧底身份，注意，这局游戏的词语分类为<水果>，卧底词和平民词都属于该类。
2024-12-13 12:09:19,909 - 2 - INFO - **********PLAYER2**********
根据分析的不一致之处，可以推断以下可能性：

1. 玩家4的描述没有具体描述水果的特征，而是提供了游戏策略和分析方法，这与其他玩家专注于描述水果特征的回答形成鲜明对比。通常，卧底会避免提供直接的特征描述，因为这可能会引起怀疑。

2. 在词语分类为<水果>的设定下，玩家4的描述与游戏主题不直接相关，这进一步支持了他可能是卧底的假设。

因此，结合以上两点，可以推断玩家4很可能是卧底。他可能持有的词语不是苹果，而是另一类水果或者与水果完全不同的词语，这使得他的描述与其他玩家描述苹果的特征不符。
2024-12-13 12:09:19,910 - 2 - INFO - **********JUDGER**********
你刚刚的推断是根据分析的不一致之处，可以推断以下可能性：

1. 玩家4的描述没有具体描述水果的特征，而是提供了游戏策略和分析方法，这与其他玩家专注于描述水果特征的回答形成鲜明对比。通常，卧底会避免提供直接的特征描述，因为这可能会引起怀疑。

2. 在词语分类为<水果>的设定下，玩家4的描述与游戏主题不直接相关，这进一步支持了他可能是卧底的假设。

因此，结合以上两点，可以推断玩家4很可能是卧底。他可能持有的词语不是苹果，而是另一类水果或者与水果完全不同的词语，这使得他的描述与其他玩家描述苹果的特征不符。|| 基于你刚刚的推断得出你的最终结论，请输出你认为的卧底，在这种情况下只需要输出编号，是1-4中的某个数字，不要输出其他信息。在这个过程不要进行任何推理，只对||以前的部分进行信息提取
2024-12-13 12:09:21,202 - 2 - INFO - **********PLAYER2**********
4
2024-12-13 12:10:10,304 - 2 - INFO - **********JUDGER**********
玩家1说：这个水果通常是红色的，形状圆润，含有丰富的维生素C。在水果类中，它特别受到小朋友的喜爱，因为它甜而多汁。这种水果是日常生活中常见的，它的果实光滑且大小适中，口感脆甜，适合各个年龄段的人食用。它富含纤维，对于消化系统有益。玩家2说：这个水果色彩鲜艳，口感多汁，是日常饮食中常见的。在同类水果中，它以其独特的风味和营养价值而备受推崇。玩家3说：这个水果色泽鲜艳，肉质细腻，富含水分。在同类水果中，它以独特的甜味和脆感而受到人们的喜爱。玩家4说：这个水果皮厚，气味浓郁，果肉软糯，含有多种营养成分。它在同类水果中以其独特的气味和口感而著称。你是第2号玩家，你的关键词是<苹果>。你的回答中绝对不能包含你的关键词<苹果>。这是第二轮描述，你之前的描述是这个水果色彩鲜艳，口感多汁，是日常饮食中常见的。在同类水果中，它以其独特的风味和营养价值而备受推崇。，注意，这局游戏的词语分类为<水果>，卧底词和平民词都属于该类，请你补充关于关键词的描述，注意，你的描述应该比起之前的描述更加贴近关键词，作为之前的补充
2024-12-13 12:10:12,526 - 2 - INFO - **********PLAYER2**********
这个水果在成熟时呈现出诱人的红色，质地坚硬，切开后可以看到清晰可见的果肉纹理。它不仅甜度高，而且水分充足，给人带来清新的口感。在水果家族中，它以其丰富的营养价值和健康益处而广受欢迎。
2024-12-13 12:10:47,339 - 2 - INFO - **********JUDGER**********
玩家1说：这个水果通常是红色的，形状圆润，含有丰富的维生素C。在水果类中，它特别受到小朋友的喜爱，因为它甜而多汁。这种水果是日常生活中常见的，它的果实光滑且大小适中，口感脆甜，适合各个年龄段的人食用。它富含纤维，对于消化系统有益。玩家2说：这个水果色彩鲜艳，口感多汁，是日常饮食中常见的。在同类水果中，它以其独特的风味和营养价值而备受推崇。这个水果在成熟时呈现出诱人的红色，质地坚硬，切开后可以看到清晰可见的果肉纹理。它不仅甜度高，而且水分充足，给人带来清新的口感。在水果家族中，它以其丰富的营养价值和健康益处而广受欢迎。玩家3说：这个水果色泽鲜艳，肉质细腻，富含水分。在同类水果中，它以独特的甜味和脆感而受到人们的喜爱。这个水果以其光滑的红色外观和适中的大小而受到青睐，它的内部结构紧密，水分充足，提供了清新的口感。在水果中，它的甜度适中，且不易腐烂，非常适合作为日常零食。玩家4说：这个水果皮厚，气味浓郁，果肉软糯，含有多种营养成分。它在同类水果中以其独特的气味和口感而著称。||在这个游戏中，我们需要通过分析每位玩家的描述来找出卧底。通常，平民的描述会围绕相同的词语展开，而卧底的描述可能会因为词语的不同而显得不太一致。我们需要仔细比较每个描述之间的相似性和差异性，以找出可能的卧底，注意，卧底并不会隐藏自己，他会直接描述他的词语，现在，逐一分析每个玩家的描述，注意，这局游戏的词语分类为<水果>，卧底词和平民词都属于该类。||之前是第2轮描述和之前轮数描述的合集。你之前认为的卧底是玩家4。
2024-12-13 12:10:51,345 - 2 - INFO - **********PLAYER2**********
根据玩家4的描述，这个水果的特点是皮厚、气味浓郁、果肉软糯，含有多种营养成分，且在同类水果中以其独特的气味和口感而著称。这些特征与苹果和其他常见水果的描述不太相符，尤其是与其他玩家对苹果的描述相比，玩家4的描述中提到了“皮厚”和“气味浓郁”，这与苹果通常的描述（皮薄、气味淡、口感脆甜）不一致。

考虑到这些差异，玩家4的描述确实与其他玩家的描述存在不一致之处，这进一步支持了之前的推断，即玩家4很可能是卧底。因此，基于目前的描述和之前的分析，我仍然认为玩家4是卧底。
2024-12-13 12:10:51,346 - 2 - INFO - **********JUDGER**********
你刚刚的分析是根据玩家4的描述，这个水果的特点是皮厚、气味浓郁、果肉软糯，含有多种营养成分，且在同类水果中以其独特的气味和口感而著称。这些特征与苹果和其他常见水果的描述不太相符，尤其是与其他玩家对苹果的描述相比，玩家4的描述中提到了“皮厚”和“气味浓郁”，这与苹果通常的描述（皮薄、气味淡、口感脆甜）不一致。

考虑到这些差异，玩家4的描述确实与其他玩家的描述存在不一致之处，这进一步支持了之前的推断，即玩家4很可能是卧底。因此，基于目前的描述和之前的分析，我仍然认为玩家4是卧底。|| `请根据上述分析，比较描述以找出不一致之处，注意，这局游戏的词语分类为<水果>，卧底词和平民词都属于该类。
2024-12-13 12:10:55,806 - 2 - INFO - **********PLAYER2**********
根据上述分析，不一致之处主要体现在以下两点：

1. **皮厚与皮薄的对比**：玩家1、玩家2和玩家3的描述都提到了苹果的皮是光滑、坚硬或质地紧密，暗示着苹果的皮相对较薄。而玩家4的描述中提到水果的皮厚，这与其他玩家对苹果皮薄的描述不一致。

2. **气味与口感的对比**：其他玩家对苹果的描述集中在甜而多汁、口感脆甜、肉质细腻等方面。玩家4的描述则强调水果的气味浓郁和果肉软糯，这与苹果通常的气味淡和口感脆甜的特征不符。

这些不一致之处表明玩家4的描述可能与苹果的典型特征有较大差异，因此可能是卧底。
2024-12-13 12:10:55,807 - 2 - INFO - **********JUDGER**********
你刚刚的分析是根据上述分析，不一致之处主要体现在以下两点：

1. **皮厚与皮薄的对比**：玩家1、玩家2和玩家3的描述都提到了苹果的皮是光滑、坚硬或质地紧密，暗示着苹果的皮相对较薄。而玩家4的描述中提到水果的皮厚，这与其他玩家对苹果皮薄的描述不一致。

2. **气味与口感的对比**：其他玩家对苹果的描述集中在甜而多汁、口感脆甜、肉质细腻等方面。玩家4的描述则强调水果的气味浓郁和果肉软糯，这与苹果通常的气味淡和口感脆甜的特征不符。

这些不一致之处表明玩家4的描述可能与苹果的典型特征有较大差异，因此可能是卧底。|| 请通过你分析的不一致之处，推断卧底身份，注意，这局游戏的词语分类为<水果>，卧底词和平民词都属于该类。
2024-12-13 12:10:56,615 - 2 - INFO - **********PLAYER2**********
4
2024-12-13 12:10:56,618 - 2 - INFO - **********JUDGER**********
你刚刚的推断是4|| 基于你刚刚的推断得出你的最终结论，请输出你认为的卧底，在这种情况下只需要输出编号，是1-4中的某个数字，不要输出其他信息。在这个过程不要进行任何推理，只对||以前的部分进行信息提取
2024-12-13 12:10:57,767 - 2 - INFO - **********PLAYER2**********
4
2024-12-13 12:11:26,179 - 2 - INFO - **********JUDGER**********
玩家1说：这个水果通常是红色的，形状圆润，含有丰富的维生素C。在水果类中，它特别受到小朋友的喜爱，因为它甜而多汁。这种水果是日常生活中常见的，它的果实光滑且大小适中，口感脆甜，适合各个年龄段的人食用。它富含纤维，对于消化系统有益。这种水果在成熟时色泽鲜艳，有着明显的红色条纹，它的味道既甜又略带酸味，非常适合搭配各种甜点。它的质地较为坚硬，但咬下去会有轻微的汁液流出，给人一种清新的口感。这种水果在市场上很容易找到，是很多人喜爱的健康零食。玩家2说：这个水果色彩鲜艳，口感多汁，是日常饮食中常见的。在同类水果中，它以其独特的风味和营养价值而备受推崇。这个水果在成熟时呈现出诱人的红色，质地坚硬，切开后可以看到清晰可见的果肉纹理。它不仅甜度高，而且水分充足，给人带来清新的口感。在水果家族中，它以其丰富的营养价值和健康益处而广受欢迎。玩家3说：这个水果色泽鲜艳，肉质细腻，富含水分。在同类水果中，它以独特的甜味和脆感而受到人们的喜爱。这个水果以其光滑的红色外观和适中的大小而受到青睐，它的内部结构紧密，水分充足，提供了清新的口感。在水果中，它的甜度适中，且不易腐烂，非常适合作为日常零食。玩家4说：这个水果皮厚，气味浓郁，果肉软糯，含有多种营养成分。它在同类水果中以其独特的气味和口感而著称。这个水果成熟时颜色深红，果实较大，果皮厚实，内部结构紧密。它的果肉质地软糯，与常见的脆甜水果不同，给人一种独特的口感体验。尽管它的气味强烈，但许多人都对其情有独钟。你是第2号玩家，你的关键词是<苹果>。你的回答中绝对不能包含你的关键词<苹果>。这是第三轮描述，你之前的描述是这个水果色彩鲜艳，口感多汁，是日常饮食中常见的。在同类水果中，它以其独特的风味和营养价值而备受推崇。和这个水果在成熟时呈现出诱人的红色，质地坚硬，切开后可以看到清晰可见的果肉纹理。它不仅甜度高，而且水分充足，给人带来清新的口感。在水果家族中，它以其丰富的营养价值和健康益处而广受欢迎。，注意，这局游戏的词语分类为<水果>，卧底词和平民词都属于该类，请你补充关于关键词的描述，注意，你的描述应该比起之前的描述更加贴近关键词，作为之前的补充
2024-12-13 12:11:29,693 - 2 - INFO - **********PLAYER2**********
这种水果的甜度适中，略带一些微妙的酸味，给人一种清新爽口的感觉。它的果实大小适中，表面光滑，颜色鲜艳，尤其是成熟时呈现出诱人的红色。质地坚硬，咬下去会有轻微的汁液流出，给人一种清新的口感。在水果中，它的营养价值高，含有丰富的维生素C和其他微量元素，对健康非常有益。
2024-12-13 12:11:56,886 - 2 - INFO - **********JUDGER**********
玩家1说：这个水果通常是红色的，形状圆润，含有丰富的维生素C。在水果类中，它特别受到小朋友的喜爱，因为它甜而多汁。这种水果是日常生活中常见的，它的果实光滑且大小适中，口感脆甜，适合各个年龄段的人食用。它富含纤维，对于消化系统有益。这种水果在成熟时色泽鲜艳，有着明显的红色条纹，它的味道既甜又略带酸味，非常适合搭配各种甜点。它的质地较为坚硬，但咬下去会有轻微的汁液流出，给人一种清新的口感。这种水果在市场上很容易找到，是很多人喜爱的健康零食。玩家2说：这个水果色彩鲜艳，口感多汁，是日常饮食中常见的。在同类水果中，它以其独特的风味和营养价值而备受推崇。这个水果在成熟时呈现出诱人的红色，质地坚硬，切开后可以看到清晰可见的果肉纹理。它不仅甜度高，而且水分充足，给人带来清新的口感。在水果家族中，它以其丰富的营养价值和健康益处而广受欢迎。这种水果的甜度适中，略带一些微妙的酸味，给人一种清新爽口的感觉。它的果实大小适中，表面光滑，颜色鲜艳，尤其是成熟时呈现出诱人的红色。质地坚硬，咬下去会有轻微的汁液流出，给人一种清新的口感。在水果中，它的营养价值高，含有丰富的维生素C和其他微量元素，对健康非常有益。玩家3说：这个水果色泽鲜艳，肉质细腻，富含水分。在同类水果中，它以独特的甜味和脆感而受到人们的喜爱。这个水果以其光滑的红色外观和适中的大小而受到青睐，它的内部结构紧密，水分充足，提供了清新的口感。在水果中，它的甜度适中，且不易腐烂，非常适合作为日常零食。这种水果的甜度适中，口感脆甜，质地坚硬，咬下去会有轻微的汁液流出，给人一种清新的口感。它的颜色鲜艳，外观光滑，大小适中，内部结构紧密，水分充足。玩家4说：这个水果皮厚，气味浓郁，果肉软糯，含有多种营养成分。它在同类水果中以其独特的气味和口感而著称。这个水果成熟时颜色深红，果实较大，果皮厚实，内部结构紧密。它的果肉质地软糯，与常见的脆甜水果不同，给人一种独特的口感体验。尽管它的气味强烈，但许多人都对其情有独钟。这个水果的皮色深红，果形丰满，成熟时散发出独特的强烈香气。它的果肉细腻柔软，富含油脂，口感丰富多层次，既有人喜爱其独特的味道，也有人对其气味敏感。这种水果在市场上并不常见，但对其了解的人都会对其印象深刻。||在这个游戏中，我们需要通过分析每位玩家的描述来找出卧底。通常，平民的描述会围绕相同的词语展开，而卧底的描述可能会因为词语的不同而显得不太一致。我们需要仔细比较每个描述之间的相似性和差异性，以找出可能的卧底，注意，卧底并不会隐藏自己，他会直接描述他的词语，现在，逐一分析每个玩家的描述，注意，这局游戏的词语分类为<水果>，卧底词和平民词都属于该类。||之前是第3轮描述和之前轮数描述的合集。你之前认为的卧底是玩家4。
2024-12-13 12:12:01,473 - 2 - INFO - **********PLAYER2**********
根据玩家4的描述，这个水果的特点是皮厚、气味浓郁、果肉软糯，含有多种营养成分，且在市场上并不常见。这些特征与苹果和其他常见水果的描述存在显著差异，尤其是与其他玩家对苹果的描述相比，玩家4的描述中提到的“皮厚”、“气味浓郁”和“果肉软糯”与苹果通常的描述（皮薄、气味淡、口感脆甜）不符。

这些不一致之处表明玩家4的描述可能与苹果的典型特征有较大差异，因此，根据之前的分析，玩家4仍然很可能是卧底。
2024-12-13 12:12:01,475 - 2 - INFO - **********JUDGER**********
你刚刚的分析是根据玩家4的描述，这个水果的特点是皮厚、气味浓郁、果肉软糯，含有多种营养成分，且在市场上并不常见。这些特征与苹果和其他常见水果的描述存在显著差异，尤其是与其他玩家对苹果的描述相比，玩家4的描述中提到的“皮厚”、“气味浓郁”和“果肉软糯”与苹果通常的描述（皮薄、气味淡、口感脆甜）不符。

这些不一致之处表明玩家4的描述可能与苹果的典型特征有较大差异，因此，根据之前的分析，玩家4仍然很可能是卧底。|| `请根据上述分析，比较描述以找出不一致之处，注意，这局游戏的词语分类为<水果>，卧底词和平民词都属于该类。
2024-12-13 12:12:05,446 - 2 - INFO - **********PLAYER2**********
根据上述分析，不一致之处主要体现在以下两点：

1. **皮厚与皮薄的对比**：玩家1、玩家2和玩家3的描述都提到了苹果的皮是光滑、坚硬或质地紧密，暗示着苹果的皮相对较薄。而玩家4的描述中明确提到水果的皮厚，这与苹果通常的描述不一致。

2. **气味与口感的对比**：其他玩家对苹果的描述集中在甜而多汁、口感脆甜、肉质细腻等方面。玩家4的描述则强调了水果的气味浓郁和果肉软糯，这与苹果通常的气味淡和口感脆甜的特征不符。

这些不一致之处表明玩家4的描述与苹果的典型特征有显著差异，因此可能是卧底。
2024-12-13 12:12:05,447 - 2 - INFO - **********JUDGER**********
你刚刚的分析是根据上述分析，不一致之处主要体现在以下两点：

1. **皮厚与皮薄的对比**：玩家1、玩家2和玩家3的描述都提到了苹果的皮是光滑、坚硬或质地紧密，暗示着苹果的皮相对较薄。而玩家4的描述中明确提到水果的皮厚，这与苹果通常的描述不一致。

2. **气味与口感的对比**：其他玩家对苹果的描述集中在甜而多汁、口感脆甜、肉质细腻等方面。玩家4的描述则强调了水果的气味浓郁和果肉软糯，这与苹果通常的气味淡和口感脆甜的特征不符。

这些不一致之处表明玩家4的描述与苹果的典型特征有显著差异，因此可能是卧底。|| 请通过你分析的不一致之处，推断卧底身份，注意，这局游戏的词语分类为<水果>，卧底词和平民词都属于该类。
2024-12-13 12:12:06,498 - 2 - INFO - **********PLAYER2**********
4
2024-12-13 12:12:06,499 - 2 - INFO - **********JUDGER**********
你刚刚的推断是4|| 基于你刚刚的推断得出你的最终结论，请输出你认为的卧底，在这种情况下只需要输出编号，是1-4中的某个数字，不要输出其他信息。在这个过程不要进行任何推理，只对||以前的部分进行信息提取
2024-12-13 12:12:07,244 - 2 - INFO - **********PLAYER2**********
4
