2024-12-13 12:08:08,763 - 3 - INFO - **********JUDGER**********
让我们来玩一个叫做<谁是卧底>的推理游戏。基本规则：<人数>：4人。<角色分配>：每位玩家随机抽取一个词语，3名玩家拿到的词语是相同的（平民词），1名玩家拿到与之相近但不同的词语（卧底词）。<游戏流程>：1、玩家轮流描述自己的词语，但<不能>直接说出词语本身。2、描述完毕后，投票选出最像卧底的玩家。3、每轮结束后，被投票选出的玩家出局，不能再进行描述或投票。4、每轮投票结束后，如果卧底被成功找出，平民方获胜；如果卧底未被找出且卧底人数等于或超过平民人数，则卧底方获胜。你将扮演一个<玩家>，请等待你被分配到的关键词。如果你听懂了，只回答，"好的，我准备好参加游戏了"，不要输出别的信息
2024-12-13 12:08:09,582 - 3 - INFO - **********PLAYER3**********
好的，我准备好参加游戏了
2024-12-13 12:08:15,482 - 3 - INFO - **********JUDGER**********
玩家1说：这个水果通常是红色的，形状圆润，含有丰富的维生素C。在水果类中，它特别受到小朋友的喜爱，因为它甜而多汁。玩家2说：这个水果色彩鲜艳，口感多汁，是日常饮食中常见的。在同类水果中，它以其独特的风味和营养价值而备受推崇。玩家3说：玩家4说：|| 你是第3号玩家，你的关键词是<苹果>。你的回答中绝对不能包含你的关键词<苹果>。这是第一轮描述，不需要分析||之前别的玩家的描述，请你描述关键词基本特征，注意，这局游戏的词语分类为<水果>，卧底词和平民词都属于该类，描述包括以下两点，1.他的基本特征是什么2.他在该类（水果）中最突出不同的特征是什么，尽量简短
2024-12-13 12:08:17,035 - 3 - INFO - **********PLAYER3**********
这个水果色泽鲜艳，肉质细腻，富含水分。在同类水果中，它以独特的甜味和脆感而受到人们的喜爱。
2024-12-13 12:09:21,204 - 3 - INFO - **********JUDGER**********
玩家1说：这个水果通常是红色的，形状圆润，含有丰富的维生素C。在水果类中，它特别受到小朋友的喜爱，因为它甜而多汁。玩家2说：这个水果色彩鲜艳，口感多汁，是日常饮食中常见的。在同类水果中，它以其独特的风味和营养价值而备受推崇。玩家3说：这个水果色泽鲜艳，肉质细腻，富含水分。在同类水果中，它以独特的甜味和脆感而受到人们的喜爱。玩家4说：||在这个游戏中，我们需要通过分析每位玩家的描述来找出卧底。通常，平民的描述会围绕相同的词语展开，而卧底的描述可能会因为词语的不同而显得不太一致。我们需要仔细比较每个描述之间的相似性和差异性，以找出可能的卧底，注意，卧底并不会隐藏自己，他会直接描述他的词语，现在，逐一分析每个玩家的描述，注意，这局游戏的词语分类为<水果>，卧底词和平民词都属于该类。这是第一轮描述。
2024-12-13 12:09:31,066 - 3 - INFO - **********PLAYER3**********
玩家1、玩家2和玩家3的描述都指向了相同的水果――苹果。他们提到了苹果的红色、圆润形状、维生素C、甜而多汁、色彩鲜艳、口感多汁、肉质细腻、富含水分、独特的甜味和脆感等特点。这些描述都非常一致，没有明显的不同之处。

玩家4的描述虽然也提到了色彩鲜艳、口感多汁、富含水分等特点，但没有提到甜味和脆感，这是与其他三位玩家描述的一个细微差别。此外，玩家4的描述中还包含了一些关于游戏规则和策略的解释，这可能是卧底为了混淆视听而加入的内容。

综上所述，玩家4的描述可能有所不同，他可能是卧底。
2024-12-13 12:09:31,073 - 3 - INFO - **********JUDGER**********
你刚刚的分析是玩家1、玩家2和玩家3的描述都指向了相同的水果――苹果。他们提到了苹果的红色、圆润形状、维生素C、甜而多汁、色彩鲜艳、口感多汁、肉质细腻、富含水分、独特的甜味和脆感等特点。这些描述都非常一致，没有明显的不同之处。

玩家4的描述虽然也提到了色彩鲜艳、口感多汁、富含水分等特点，但没有提到甜味和脆感，这是与其他三位玩家描述的一个细微差别。此外，玩家4的描述中还包含了一些关于游戏规则和策略的解释，这可能是卧底为了混淆视听而加入的内容。

综上所述，玩家4的描述可能有所不同，他可能是卧底。|| `请根据上述分析，比较描述以找出不一致之处，注意，这局游戏的词语分类为<水果>，卧底词和平民词都属于该类。
2024-12-13 12:09:41,129 - 3 - INFO - **********PLAYER3**********
根据上述分析，我们可以比较描述中的不一致之处如下：

1. **甜味和脆感**：
   - 玩家1、玩家2和玩家3的描述中都提到了苹果的甜味和脆感。
   - 玩家4的描述中只提到了色彩鲜艳、口感多汁、富含水分，没有提到甜味和脆感。

2. **关于游戏规则的描述**：
   - 玩家4的描述中包含了对游戏规则和策略的解释，这通常不是描述水果特征时需要包含的信息。
   - 玩家1、玩家2和玩家3的描述中只专注于苹果的特征。

基于这些不一致之处，玩家4的描述与玩家1、玩家2和玩家3的描述在细节上存在差异，尤其是在描述水果的特定特征时。因此，玩家4可能是卧底，因为他没有提到苹果的甜味和脆感，而且他的描述中包含了与游戏无关的内容。
2024-12-13 12:09:41,130 - 3 - INFO - **********JUDGER**********
你刚刚的分析是根据上述分析，我们可以比较描述中的不一致之处如下：

1. **甜味和脆感**：
   - 玩家1、玩家2和玩家3的描述中都提到了苹果的甜味和脆感。
   - 玩家4的描述中只提到了色彩鲜艳、口感多汁、富含水分，没有提到甜味和脆感。

2. **关于游戏规则的描述**：
   - 玩家4的描述中包含了对游戏规则和策略的解释，这通常不是描述水果特征时需要包含的信息。
   - 玩家1、玩家2和玩家3的描述中只专注于苹果的特征。

基于这些不一致之处，玩家4的描述与玩家1、玩家2和玩家3的描述在细节上存在差异，尤其是在描述水果的特定特征时。因此，玩家4可能是卧底，因为他没有提到苹果的甜味和脆感，而且他的描述中包含了与游戏无关的内容。|| 请通过你分析的不一致之处，推断卧底身份，注意，这局游戏的词语分类为<水果>，卧底词和平民词都属于该类。
2024-12-13 12:09:49,859 - 3 - INFO - **********PLAYER3**********
根据分析中提到的不一致之处，以下是我对卧底身份的推断：

1. **水果特征描述的不一致**：
   - 玩家1、玩家2和玩家3的描述都集中在苹果的特征上，提到了甜味和脆感，这是苹果的典型特征。
   - 玩家4的描述没有提到苹果的甜味和脆感，而是提到了色彩鲜艳、口感多汁、富含水分，这些特征虽然与苹果相符，但没有突出苹果的独特之处。

2. **关于游戏规则的描述**：
   - 玩家4的描述中包含了关于游戏规则和策略的解释，这通常不是参与水果描述时需要的内容，除非玩家有意混淆视听。

综合以上两点，玩家4的描述与苹果的典型特征不完全吻合，且加入了与游戏无关的信息，这表明他的描述可能是在试图误导其他玩家。因此，根据这些不一致之处，玩家4很可能是卧底。
2024-12-13 12:09:49,864 - 3 - INFO - **********JUDGER**********
你刚刚的推断是根据分析中提到的不一致之处，以下是我对卧底身份的推断：

1. **水果特征描述的不一致**：
   - 玩家1、玩家2和玩家3的描述都集中在苹果的特征上，提到了甜味和脆感，这是苹果的典型特征。
   - 玩家4的描述没有提到苹果的甜味和脆感，而是提到了色彩鲜艳、口感多汁、富含水分，这些特征虽然与苹果相符，但没有突出苹果的独特之处。

2. **关于游戏规则的描述**：
   - 玩家4的描述中包含了关于游戏规则和策略的解释，这通常不是参与水果描述时需要的内容，除非玩家有意混淆视听。

综合以上两点，玩家4的描述与苹果的典型特征不完全吻合，且加入了与游戏无关的信息，这表明他的描述可能是在试图误导其他玩家。因此，根据这些不一致之处，玩家4很可能是卧底。|| 基于你刚刚的推断得出你的最终结论，请输出你认为的卧底，在这种情况下只需要输出编号，是1-4中的某个数字，不要输出其他信息。在这个过程不要进行任何推理，只对||以前的部分进行信息提取
2024-12-13 12:09:50,530 - 3 - INFO - **********PLAYER3**********
4
2024-12-13 12:10:12,530 - 3 - INFO - **********JUDGER**********
玩家1说：这个水果通常是红色的，形状圆润，含有丰富的维生素C。在水果类中，它特别受到小朋友的喜爱，因为它甜而多汁。这种水果是日常生活中常见的，它的果实光滑且大小适中，口感脆甜，适合各个年龄段的人食用。它富含纤维，对于消化系统有益。玩家2说：这个水果色彩鲜艳，口感多汁，是日常饮食中常见的。在同类水果中，它以其独特的风味和营养价值而备受推崇。这个水果在成熟时呈现出诱人的红色，质地坚硬，切开后可以看到清晰可见的果肉纹理。它不仅甜度高，而且水分充足，给人带来清新的口感。在水果家族中，它以其丰富的营养价值和健康益处而广受欢迎。玩家3说：这个水果色泽鲜艳，肉质细腻，富含水分。在同类水果中，它以独特的甜味和脆感而受到人们的喜爱。玩家4说：这个水果皮厚，气味浓郁，果肉软糯，含有多种营养成分。它在同类水果中以其独特的气味和口感而著称。你是第3号玩家，你的关键词是<苹果>。你的回答中绝对不能包含你的关键词<苹果>。这是第二轮描述，你之前的描述是这个水果色泽鲜艳，肉质细腻，富含水分。在同类水果中，它以独特的甜味和脆感而受到人们的喜爱。，注意，这局游戏的词语分类为<水果>，卧底词和平民词都属于该类，请你补充关于关键词的描述，注意，你的描述应该比起之前的描述更加贴近关键词，作为之前的补充
2024-12-13 12:10:15,686 - 3 - INFO - **********PLAYER3**********
这个水果以其光滑的红色外观和适中的大小而受到青睐，它的内部结构紧密，水分充足，提供了清新的口感。在水果中，它的甜度适中，且不易腐烂，非常适合作为日常零食。
2024-12-13 12:10:57,768 - 3 - INFO - **********JUDGER**********
玩家1说：这个水果通常是红色的，形状圆润，含有丰富的维生素C。在水果类中，它特别受到小朋友的喜爱，因为它甜而多汁。这种水果是日常生活中常见的，它的果实光滑且大小适中，口感脆甜，适合各个年龄段的人食用。它富含纤维，对于消化系统有益。玩家2说：这个水果色彩鲜艳，口感多汁，是日常饮食中常见的。在同类水果中，它以其独特的风味和营养价值而备受推崇。这个水果在成熟时呈现出诱人的红色，质地坚硬，切开后可以看到清晰可见的果肉纹理。它不仅甜度高，而且水分充足，给人带来清新的口感。在水果家族中，它以其丰富的营养价值和健康益处而广受欢迎。玩家3说：这个水果色泽鲜艳，肉质细腻，富含水分。在同类水果中，它以独特的甜味和脆感而受到人们的喜爱。这个水果以其光滑的红色外观和适中的大小而受到青睐，它的内部结构紧密，水分充足，提供了清新的口感。在水果中，它的甜度适中，且不易腐烂，非常适合作为日常零食。玩家4说：这个水果皮厚，气味浓郁，果肉软糯，含有多种营养成分。它在同类水果中以其独特的气味和口感而著称。||在这个游戏中，我们需要通过分析每位玩家的描述来找出卧底。通常，平民的描述会围绕相同的词语展开，而卧底的描述可能会因为词语的不同而显得不太一致。我们需要仔细比较每个描述之间的相似性和差异性，以找出可能的卧底，注意，卧底并不会隐藏自己，他会直接描述他的词语，现在，逐一分析每个玩家的描述，注意，这局游戏的词语分类为<水果>，卧底词和平民词都属于该类。||之前是第2轮描述和之前轮数描述的合集。你之前认为的卧底是玩家4。
2024-12-13 12:10:58,683 - 3 - INFO - **********PLAYER3**********
玩家4
2024-12-13 12:10:58,686 - 3 - INFO - **********JUDGER**********
你刚刚的分析是玩家4|| `请根据上述分析，比较描述以找出不一致之处，注意，这局游戏的词语分类为<水果>，卧底词和平民词都属于该类。
2024-12-13 12:11:05,074 - 3 - INFO - **********PLAYER3**********
根据上述分析，以下是比较描述中找出的一致性和不一致之处：

一致性：
- 所有玩家都提到了水果的红色外观、甜味、多汁、富含水分、适合日常食用、营养价值和健康益处。
- 所有玩家都提到了水果的质地特征，如光滑、肉质细腻、质地坚硬等。

不一致之处：
- 玩家1、玩家2和玩家3的描述中都强调了水果的脆甜口感和纤维含量，以及适合各个年龄段的人食用。
- 玩家4的描述中提到了水果的皮厚、气味浓郁和果肉软糯，这些特征与其他玩家的描述不同，且没有提到甜味、脆感或纤维含量。

基于这些不一致之处，玩家4的描述在水果的特征描述上与其他玩家有显著差异，特别是关于口感和气味特征的描述。因此，玩家4的描述可能与其他玩家的水果描述不一致，可能是卧底。
2024-12-13 12:11:05,075 - 3 - INFO - **********JUDGER**********
你刚刚的分析是根据上述分析，以下是比较描述中找出的一致性和不一致之处：

一致性：
- 所有玩家都提到了水果的红色外观、甜味、多汁、富含水分、适合日常食用、营养价值和健康益处。
- 所有玩家都提到了水果的质地特征，如光滑、肉质细腻、质地坚硬等。

不一致之处：
- 玩家1、玩家2和玩家3的描述中都强调了水果的脆甜口感和纤维含量，以及适合各个年龄段的人食用。
- 玩家4的描述中提到了水果的皮厚、气味浓郁和果肉软糯，这些特征与其他玩家的描述不同，且没有提到甜味、脆感或纤维含量。

基于这些不一致之处，玩家4的描述在水果的特征描述上与其他玩家有显著差异，特别是关于口感和气味特征的描述。因此，玩家4的描述可能与其他玩家的水果描述不一致，可能是卧底。|| 请通过你分析的不一致之处，推断卧底身份，注意，这局游戏的词语分类为<水果>，卧底词和平民词都属于该类。
2024-12-13 12:11:05,942 - 3 - INFO - **********PLAYER3**********
4
2024-12-13 12:11:05,943 - 3 - INFO - **********JUDGER**********
你刚刚的推断是4|| 基于你刚刚的推断得出你的最终结论，请输出你认为的卧底，在这种情况下只需要输出编号，是1-4中的某个数字，不要输出其他信息。在这个过程不要进行任何推理，只对||以前的部分进行信息提取
2024-12-13 12:11:06,845 - 3 - INFO - **********PLAYER3**********
4
2024-12-13 12:11:29,694 - 3 - INFO - **********JUDGER**********
玩家1说：这个水果通常是红色的，形状圆润，含有丰富的维生素C。在水果类中，它特别受到小朋友的喜爱，因为它甜而多汁。这种水果是日常生活中常见的，它的果实光滑且大小适中，口感脆甜，适合各个年龄段的人食用。它富含纤维，对于消化系统有益。这种水果在成熟时色泽鲜艳，有着明显的红色条纹，它的味道既甜又略带酸味，非常适合搭配各种甜点。它的质地较为坚硬，但咬下去会有轻微的汁液流出，给人一种清新的口感。这种水果在市场上很容易找到，是很多人喜爱的健康零食。玩家2说：这个水果色彩鲜艳，口感多汁，是日常饮食中常见的。在同类水果中，它以其独特的风味和营养价值而备受推崇。这个水果在成熟时呈现出诱人的红色，质地坚硬，切开后可以看到清晰可见的果肉纹理。它不仅甜度高，而且水分充足，给人带来清新的口感。在水果家族中，它以其丰富的营养价值和健康益处而广受欢迎。这种水果的甜度适中，略带一些微妙的酸味，给人一种清新爽口的感觉。它的果实大小适中，表面光滑，颜色鲜艳，尤其是成熟时呈现出诱人的红色。质地坚硬，咬下去会有轻微的汁液流出，给人一种清新的口感。在水果中，它的营养价值高，含有丰富的维生素C和其他微量元素，对健康非常有益。玩家3说：这个水果色泽鲜艳，肉质细腻，富含水分。在同类水果中，它以独特的甜味和脆感而受到人们的喜爱。这个水果以其光滑的红色外观和适中的大小而受到青睐，它的内部结构紧密，水分充足，提供了清新的口感。在水果中，它的甜度适中，且不易腐烂，非常适合作为日常零食。玩家4说：这个水果皮厚，气味浓郁，果肉软糯，含有多种营养成分。它在同类水果中以其独特的气味和口感而著称。这个水果成熟时颜色深红，果实较大，果皮厚实，内部结构紧密。它的果肉质地软糯，与常见的脆甜水果不同，给人一种独特的口感体验。尽管它的气味强烈，但许多人都对其情有独钟。你是第3号玩家，你的关键词是<苹果>。你的回答中绝对不能包含你的关键词<苹果>。这是第三轮描述，你之前的描述是这个水果色泽鲜艳，肉质细腻，富含水分。在同类水果中，它以独特的甜味和脆感而受到人们的喜爱。和这个水果以其光滑的红色外观和适中的大小而受到青睐，它的内部结构紧密，水分充足，提供了清新的口感。在水果中，它的甜度适中，且不易腐烂，非常适合作为日常零食。，注意，这局游戏的词语分类为<水果>，卧底词和平民词都属于该类，请你补充关于关键词的描述，注意，你的描述应该比起之前的描述更加贴近关键词，作为之前的补充
2024-12-13 12:11:31,538 - 3 - INFO - **********PLAYER3**********
这种水果的甜度适中，口感脆甜，质地坚硬，咬下去会有轻微的汁液流出，给人一种清新的口感。它的颜色鲜艳，外观光滑，大小适中，内部结构紧密，水分充足。
2024-12-13 12:12:07,244 - 3 - INFO - **********JUDGER**********
玩家1说：这个水果通常是红色的，形状圆润，含有丰富的维生素C。在水果类中，它特别受到小朋友的喜爱，因为它甜而多汁。这种水果是日常生活中常见的，它的果实光滑且大小适中，口感脆甜，适合各个年龄段的人食用。它富含纤维，对于消化系统有益。这种水果在成熟时色泽鲜艳，有着明显的红色条纹，它的味道既甜又略带酸味，非常适合搭配各种甜点。它的质地较为坚硬，但咬下去会有轻微的汁液流出，给人一种清新的口感。这种水果在市场上很容易找到，是很多人喜爱的健康零食。玩家2说：这个水果色彩鲜艳，口感多汁，是日常饮食中常见的。在同类水果中，它以其独特的风味和营养价值而备受推崇。这个水果在成熟时呈现出诱人的红色，质地坚硬，切开后可以看到清晰可见的果肉纹理。它不仅甜度高，而且水分充足，给人带来清新的口感。在水果家族中，它以其丰富的营养价值和健康益处而广受欢迎。这种水果的甜度适中，略带一些微妙的酸味，给人一种清新爽口的感觉。它的果实大小适中，表面光滑，颜色鲜艳，尤其是成熟时呈现出诱人的红色。质地坚硬，咬下去会有轻微的汁液流出，给人一种清新的口感。在水果中，它的营养价值高，含有丰富的维生素C和其他微量元素，对健康非常有益。玩家3说：这个水果色泽鲜艳，肉质细腻，富含水分。在同类水果中，它以独特的甜味和脆感而受到人们的喜爱。这个水果以其光滑的红色外观和适中的大小而受到青睐，它的内部结构紧密，水分充足，提供了清新的口感。在水果中，它的甜度适中，且不易腐烂，非常适合作为日常零食。这种水果的甜度适中，口感脆甜，质地坚硬，咬下去会有轻微的汁液流出，给人一种清新的口感。它的颜色鲜艳，外观光滑，大小适中，内部结构紧密，水分充足。玩家4说：这个水果皮厚，气味浓郁，果肉软糯，含有多种营养成分。它在同类水果中以其独特的气味和口感而著称。这个水果成熟时颜色深红，果实较大，果皮厚实，内部结构紧密。它的果肉质地软糯，与常见的脆甜水果不同，给人一种独特的口感体验。尽管它的气味强烈，但许多人都对其情有独钟。这个水果的皮色深红，果形丰满，成熟时散发出独特的强烈香气。它的果肉细腻柔软，富含油脂，口感丰富多层次，既有人喜爱其独特的味道，也有人对其气味敏感。这种水果在市场上并不常见，但对其了解的人都会对其印象深刻。||在这个游戏中，我们需要通过分析每位玩家的描述来找出卧底。通常，平民的描述会围绕相同的词语展开，而卧底的描述可能会因为词语的不同而显得不太一致。我们需要仔细比较每个描述之间的相似性和差异性，以找出可能的卧底，注意，卧底并不会隐藏自己，他会直接描述他的词语，现在，逐一分析每个玩家的描述，注意，这局游戏的词语分类为<水果>，卧底词和平民词都属于该类。||之前是第3轮描述和之前轮数描述的合集。你之前认为的卧底是玩家4。
2024-12-13 12:12:08,096 - 3 - INFO - **********PLAYER3**********
4
2024-12-13 12:12:08,097 - 3 - INFO - **********JUDGER**********
你刚刚的分析是4|| `请根据上述分析，比较描述以找出不一致之处，注意，这局游戏的词语分类为<水果>，卧底词和平民词都属于该类。
2024-12-13 12:12:14,480 - 3 - INFO - **********PLAYER3**********
不一致之处：

1. 玩家1、玩家2和玩家3的描述都强调了水果的甜味、多汁、质地坚硬、色泽鲜艳、大小适中、营养价值高，以及适合作为日常零食或健康零食。

2. 玩家4的描述中提到了水果的皮厚、气味浓郁、果肉软糯、口感丰富多层次、果肉细腻柔软、富含油脂，以及成熟时散发出独特的强烈香气。这些特征与玩家1、玩家2和玩家3的描述中的甜味、多汁、质地坚硬等特征不同。

3. 玩家4的描述中提到这种水果在市场上并不常见，而其他玩家的描述没有提到这一点。

4. 玩家4的描述中提到有人对其气味敏感，而其他玩家没有提到气味的问题。

基于这些不一致之处，玩家4的描述在水果的特征描述上与其他玩家有显著差异，特别是关于口感、气味和常见度的描述。因此，玩家4的描述可能与其他玩家的水果描述不一致，可能是卧底。
2024-12-13 12:12:14,483 - 3 - INFO - **********JUDGER**********
你刚刚的分析是不一致之处：

1. 玩家1、玩家2和玩家3的描述都强调了水果的甜味、多汁、质地坚硬、色泽鲜艳、大小适中、营养价值高，以及适合作为日常零食或健康零食。

2. 玩家4的描述中提到了水果的皮厚、气味浓郁、果肉软糯、口感丰富多层次、果肉细腻柔软、富含油脂，以及成熟时散发出独特的强烈香气。这些特征与玩家1、玩家2和玩家3的描述中的甜味、多汁、质地坚硬等特征不同。

3. 玩家4的描述中提到这种水果在市场上并不常见，而其他玩家的描述没有提到这一点。

4. 玩家4的描述中提到有人对其气味敏感，而其他玩家没有提到气味的问题。

基于这些不一致之处，玩家4的描述在水果的特征描述上与其他玩家有显著差异，特别是关于口感、气味和常见度的描述。因此，玩家4的描述可能与其他玩家的水果描述不一致，可能是卧底。|| 请通过你分析的不一致之处，推断卧底身份，注意，这局游戏的词语分类为<水果>，卧底词和平民词都属于该类。
2024-12-13 12:12:15,230 - 3 - INFO - **********PLAYER3**********
4
2024-12-13 12:12:15,231 - 3 - INFO - **********JUDGER**********
你刚刚的推断是4|| 基于你刚刚的推断得出你的最终结论，请输出你认为的卧底，在这种情况下只需要输出编号，是1-4中的某个数字，不要输出其他信息。在这个过程不要进行任何推理，只对||以前的部分进行信息提取
2024-12-13 12:12:16,095 - 3 - INFO - **********PLAYER3**********
4
