2024-12-13 12:08:10,613 - 4 - INFO - **********JUDGER**********
让我们来玩一个叫做<谁是卧底>的推理游戏。基本规则：<人数>：4人。<角色分配>：每位玩家随机抽取一个词语，3名玩家拿到的词语是相同的（平民词），1名玩家拿到与之相近但不同的词语（卧底词）。<游戏流程>：1、玩家轮流描述自己的词语，但<不能>直接说出词语本身。2、描述完毕后，投票选出最像卧底的玩家。3、每轮结束后，被投票选出的玩家出局，不能再进行描述或投票。4、每轮投票结束后，如果卧底被成功找出，平民方获胜；如果卧底未被找出且卧底人数等于或超过平民人数，则卧底方获胜。你将扮演一个<玩家>，请等待你被分配到的关键词。如果你听懂了，只回答，"好的，我准备好参加游戏了"，不要输出别的信息
2024-12-13 12:08:11,412 - 4 - INFO - **********PLAYER4**********
好的，我准备好参加游戏了
2024-12-13 12:08:17,035 - 4 - INFO - **********JUDGER**********
玩家1说：这个水果通常是红色的，形状圆润，含有丰富的维生素C。在水果类中，它特别受到小朋友的喜爱，因为它甜而多汁。玩家2说：这个水果色彩鲜艳，口感多汁，是日常饮食中常见的。在同类水果中，它以其独特的风味和营养价值而备受推崇。玩家3说：这个水果色泽鲜艳，肉质细腻，富含水分。在同类水果中，它以独特的甜味和脆感而受到人们的喜爱。玩家4说：|| 你是第4号玩家，你的关键词是<榴莲>。你的回答中绝对不能包含你的关键词<榴莲>。这是第一轮描述，不需要分析||之前别的玩家的描述，请你描述关键词基本特征，注意，这局游戏的词语分类为<水果>，卧底词和平民词都属于该类，描述包括以下两点，1.他的基本特征是什么2.他在该类（水果）中最突出不同的特征是什么，尽量简短
2024-12-13 12:08:21,143 - 4 - INFO - **********PLAYER4**********
这个水果皮厚，气味浓郁，果肉软糯，含有多种营养成分。它在同类水果中以其独特的气味和口感而著称。
2024-12-13 12:09:50,530 - 4 - INFO - **********JUDGER**********
玩家1说：这个水果通常是红色的，形状圆润，含有丰富的维生素C。在水果类中，它特别受到小朋友的喜爱，因为它甜而多汁。玩家2说：这个水果色彩鲜艳，口感多汁，是日常饮食中常见的。在同类水果中，它以其独特的风味和营养价值而备受推崇。玩家3说：这个水果色泽鲜艳，肉质细腻，富含水分。在同类水果中，它以独特的甜味和脆感而受到人们的喜爱。玩家4说：||在这个游戏中，我们需要通过分析每位玩家的描述来找出卧底。通常，平民的描述会围绕相同的词语展开，而卧底的描述可能会因为词语的不同而显得不太一致。我们需要仔细比较每个描述之间的相似性和差异性，以找出可能的卧底，注意，卧底并不会隐藏自己，他会直接描述他的词语，现在，逐一分析每个玩家的描述，注意，这局游戏的词语分类为<水果>，卧底词和平民词都属于该类。这是第一轮描述。
2024-12-13 12:09:52,907 - 4 - INFO - **********PLAYER4**********
明白了，我会根据其他玩家的描述来分析我的词语。玩家1、2和3的描述都指向了一种常见的红色、甜而多汁的水果，而且都强调了维生素C、口感多汁、色彩鲜艳和营养价值等特点。我的描述中提到了气味浓郁和肉质软糯，这与他们描述的甜味和脆感有所不同。因此，我的词语可能是与这些描述不太一致的卧底词。我会保持警惕，注意接下来的描述和投票情况。
2024-12-13 12:09:52,908 - 4 - INFO - **********JUDGER**********
你刚刚的分析是明白了，我会根据其他玩家的描述来分析我的词语。玩家1、2和3的描述都指向了一种常见的红色、甜而多汁的水果，而且都强调了维生素C、口感多汁、色彩鲜艳和营养价值等特点。我的描述中提到了气味浓郁和肉质软糯，这与他们描述的甜味和脆感有所不同。因此，我的词语可能是与这些描述不太一致的卧底词。我会保持警惕，注意接下来的描述和投票情况。|| `请根据上述分析，比较描述以找出不一致之处，注意，这局游戏的词语分类为<水果>，卧底词和平民词都属于该类。
2024-12-13 12:10:03,135 - 4 - INFO - **********PLAYER4**********
根据上述分析，我们可以比较描述中的一致性和不一致性：

一致性：
- 所有玩家都描述了水果的甜味和多汁的口感。
- 都提到了水果的营养价值，尤其是维生素C。
- 都强调了水果的色彩鲜艳和口感上的特点。

不一致性：
- 玩家1、2和3描述的是甜而多汁、甜味和脆感的水果，而我的描述中提到了气味浓郁和肉质软糯。
- 玩家3特别提到了脆感，而我的描述没有提到这一点。

这些不一致之处可能表明我的词语与他们的词语不同，因为我的描述没有强调甜味和脆感，而是提到了气味和肉质，这可能与他们描述的常见甜水果特征有所区别。因此，我的词语可能是卧底词。在接下来的游戏中，我会注意观察其他玩家的行为和描述，以及他们对我描述的反应，以进一步确认我的身份。
2024-12-13 12:10:03,136 - 4 - INFO - **********JUDGER**********
你刚刚的分析是根据上述分析，我们可以比较描述中的一致性和不一致性：

一致性：
- 所有玩家都描述了水果的甜味和多汁的口感。
- 都提到了水果的营养价值，尤其是维生素C。
- 都强调了水果的色彩鲜艳和口感上的特点。

不一致性：
- 玩家1、2和3描述的是甜而多汁、甜味和脆感的水果，而我的描述中提到了气味浓郁和肉质软糯。
- 玩家3特别提到了脆感，而我的描述没有提到这一点。

这些不一致之处可能表明我的词语与他们的词语不同，因为我的描述没有强调甜味和脆感，而是提到了气味和肉质，这可能与他们描述的常见甜水果特征有所区别。因此，我的词语可能是卧底词。在接下来的游戏中，我会注意观察其他玩家的行为和描述，以及他们对我描述的反应，以进一步确认我的身份。|| 请通过你分析的不一致之处，推断卧底身份，注意，这局游戏的词语分类为<水果>，卧底词和平民词都属于该类。
2024-12-13 12:10:08,456 - 4 - INFO - **********PLAYER4**********
基于分析中提到的不一致之处，以下是我的推断：

- 玩家1、2和3的描述都指向了像苹果或橙子这样的常见甜味水果，这些水果通常是红色的，甜而多汁，含有丰富的维生素C，且口感上可能是脆的。
- 我的描述提到了气味浓郁和肉质软糯，这与他们描述的甜味和脆感不同。这种描述更符合榴莲的特点，因为榴莲以其强烈的气味和软糯的肉质而闻名，而不是以其甜味和脆感。

因此，根据这些信息，我的推断是：我可能是卧底，我的关键词是榴莲。这是因为我的描述与玩家1、2和3的描述在水果的甜味和口感特点上存在明显差异，而榴莲的这些特征与他们的描述不一致。在接下来的游戏中，我会继续观察其他玩家的描述和行为，以验证我的猜测。
2024-12-13 12:10:08,457 - 4 - INFO - **********JUDGER**********
你刚刚的推断是基于分析中提到的不一致之处，以下是我的推断：

- 玩家1、2和3的描述都指向了像苹果或橙子这样的常见甜味水果，这些水果通常是红色的，甜而多汁，含有丰富的维生素C，且口感上可能是脆的。
- 我的描述提到了气味浓郁和肉质软糯，这与他们描述的甜味和脆感不同。这种描述更符合榴莲的特点，因为榴莲以其强烈的气味和软糯的肉质而闻名，而不是以其甜味和脆感。

因此，根据这些信息，我的推断是：我可能是卧底，我的关键词是榴莲。这是因为我的描述与玩家1、2和3的描述在水果的甜味和口感特点上存在明显差异，而榴莲的这些特征与他们的描述不一致。在接下来的游戏中，我会继续观察其他玩家的描述和行为，以验证我的猜测。|| 基于你刚刚的推断得出你的最终结论，请输出你认为的卧底，在这种情况下只需要输出编号，是1-4中的某个数字，不要输出其他信息。在这个过程不要进行任何推理，只对||以前的部分进行信息提取
2024-12-13 12:10:09,013 - 4 - INFO - **********PLAYER4**********
4
2024-12-13 12:10:15,689 - 4 - INFO - **********JUDGER**********
玩家1说：这个水果通常是红色的，形状圆润，含有丰富的维生素C。在水果类中，它特别受到小朋友的喜爱，因为它甜而多汁。这种水果是日常生活中常见的，它的果实光滑且大小适中，口感脆甜，适合各个年龄段的人食用。它富含纤维，对于消化系统有益。玩家2说：这个水果色彩鲜艳，口感多汁，是日常饮食中常见的。在同类水果中，它以其独特的风味和营养价值而备受推崇。这个水果在成熟时呈现出诱人的红色，质地坚硬，切开后可以看到清晰可见的果肉纹理。它不仅甜度高，而且水分充足，给人带来清新的口感。在水果家族中，它以其丰富的营养价值和健康益处而广受欢迎。玩家3说：这个水果色泽鲜艳，肉质细腻，富含水分。在同类水果中，它以独特的甜味和脆感而受到人们的喜爱。这个水果以其光滑的红色外观和适中的大小而受到青睐，它的内部结构紧密，水分充足，提供了清新的口感。在水果中，它的甜度适中，且不易腐烂，非常适合作为日常零食。玩家4说：这个水果皮厚，气味浓郁，果肉软糯，含有多种营养成分。它在同类水果中以其独特的气味和口感而著称。你是第4号玩家，你的关键词是<榴莲>。你的回答中绝对不能包含你的关键词<榴莲>。这是第二轮描述，你之前的描述是这个水果皮厚，气味浓郁，果肉软糯，含有多种营养成分。它在同类水果中以其独特的气味和口感而著称。，注意，这局游戏的词语分类为<水果>，卧底词和平民词都属于该类，请你补充关于关键词的描述，注意，你的描述应该比起之前的描述更加贴近关键词，作为之前的补充
2024-12-13 12:10:17,860 - 4 - INFO - **********PLAYER4**********
这个水果成熟时颜色深红，果实较大，果皮厚实，内部结构紧密。它的果肉质地软糯，与常见的脆甜水果不同，给人一种独特的口感体验。尽管它的气味强烈，但许多人都对其情有独钟。
2024-12-13 12:11:06,846 - 4 - INFO - **********JUDGER**********
玩家1说：这个水果通常是红色的，形状圆润，含有丰富的维生素C。在水果类中，它特别受到小朋友的喜爱，因为它甜而多汁。这种水果是日常生活中常见的，它的果实光滑且大小适中，口感脆甜，适合各个年龄段的人食用。它富含纤维，对于消化系统有益。玩家2说：这个水果色彩鲜艳，口感多汁，是日常饮食中常见的。在同类水果中，它以其独特的风味和营养价值而备受推崇。这个水果在成熟时呈现出诱人的红色，质地坚硬，切开后可以看到清晰可见的果肉纹理。它不仅甜度高，而且水分充足，给人带来清新的口感。在水果家族中，它以其丰富的营养价值和健康益处而广受欢迎。玩家3说：这个水果色泽鲜艳，肉质细腻，富含水分。在同类水果中，它以独特的甜味和脆感而受到人们的喜爱。这个水果以其光滑的红色外观和适中的大小而受到青睐，它的内部结构紧密，水分充足，提供了清新的口感。在水果中，它的甜度适中，且不易腐烂，非常适合作为日常零食。玩家4说：这个水果皮厚，气味浓郁，果肉软糯，含有多种营养成分。它在同类水果中以其独特的气味和口感而著称。||在这个游戏中，我们需要通过分析每位玩家的描述来找出卧底。通常，平民的描述会围绕相同的词语展开，而卧底的描述可能会因为词语的不同而显得不太一致。我们需要仔细比较每个描述之间的相似性和差异性，以找出可能的卧底，注意，卧底并不会隐藏自己，他会直接描述他的词语，现在，逐一分析每个玩家的描述，注意，这局游戏的词语分类为<水果>，卧底词和平民词都属于该类。||之前是第2轮描述和之前轮数描述的合集。你之前认为的卧底是玩家4。
2024-12-13 12:11:10,524 - 4 - INFO - **********PLAYER4**********
我之前认为的卧底是玩家4，因为在第2轮描述中，玩家4的描述与玩家1、2和3的描述存在明显的不一致。他们描述的水果通常是甜而多汁的，而玩家4描述的水果则是皮厚、气味浓郁、果肉软糯，这与其他玩家描述的甜味和脆感不符。这种差异使我怀疑玩家4可能是卧底。在接下来的游戏中，我会继续观察其他玩家的描述和行为，以验证我的猜测。
2024-12-13 12:11:10,525 - 4 - INFO - **********JUDGER**********
你刚刚的分析是我之前认为的卧底是玩家4，因为在第2轮描述中，玩家4的描述与玩家1、2和3的描述存在明显的不一致。他们描述的水果通常是甜而多汁的，而玩家4描述的水果则是皮厚、气味浓郁、果肉软糯，这与其他玩家描述的甜味和脆感不符。这种差异使我怀疑玩家4可能是卧底。在接下来的游戏中，我会继续观察其他玩家的描述和行为，以验证我的猜测。|| `请根据上述分析，比较描述以找出不一致之处，注意，这局游戏的词语分类为<水果>，卧底词和平民词都属于该类。
2024-12-13 12:11:17,332 - 4 - INFO - **********PLAYER4**********
根据上述分析，以下是不一致之处的比较：

1. 玩家1、2和3的描述都集中在水果的甜味、多汁、色彩鲜艳、质地坚硬、甜度高、水分充足、营养价值和健康益处上。

2. 玩家4的描述则强调了水果的皮厚、气味浓郁、果肉软糯和独特的气味与口感。

不一致之处主要体现在：
- 玩家4没有提到水果的甜味、多汁、色彩鲜艳等特点，而是强调了气味和口感的独特性。
- 玩家4的描述中没有提到水果的质地坚硬、甜度高、水分充足等特征，这与其他玩家描述的常见水果特征不符。
- 玩家4的描述中提到水果不易腐烂，这虽然是一个特征，但与其他玩家描述的甜味和口感特点没有直接关联。

这些不一致之处可能表明玩家4的描述与卧底词的特征更为接近，因为卧底词需要与平民词有明显的区别。
2024-12-13 12:11:17,339 - 4 - INFO - **********JUDGER**********
你刚刚的分析是根据上述分析，以下是不一致之处的比较：

1. 玩家1、2和3的描述都集中在水果的甜味、多汁、色彩鲜艳、质地坚硬、甜度高、水分充足、营养价值和健康益处上。

2. 玩家4的描述则强调了水果的皮厚、气味浓郁、果肉软糯和独特的气味与口感。

不一致之处主要体现在：
- 玩家4没有提到水果的甜味、多汁、色彩鲜艳等特点，而是强调了气味和口感的独特性。
- 玩家4的描述中没有提到水果的质地坚硬、甜度高、水分充足等特征，这与其他玩家描述的常见水果特征不符。
- 玩家4的描述中提到水果不易腐烂，这虽然是一个特征，但与其他玩家描述的甜味和口感特点没有直接关联。

这些不一致之处可能表明玩家4的描述与卧底词的特征更为接近，因为卧底词需要与平民词有明显的区别。|| 请通过你分析的不一致之处，推断卧底身份，注意，这局游戏的词语分类为<水果>，卧底词和平民词都属于该类。
2024-12-13 12:11:22,434 - 4 - INFO - **********PLAYER4**********
根据分析，我推断卧底身份是玩家4。因为玩家4的描述与玩家1、2和3的描述在水果的甜味、多汁、色彩鲜艳、质地坚硬、甜度高、水分充足等特征上存在显著差异，而卧底通常会有这样的特征来区别于其他平民玩家。玩家4的描述更符合榴莲的特点，包括皮厚、气味浓郁、果肉软糯和独特的气味与口感，这些都是榴莲独有的特征。因此，我推断玩家4是卧底。
2024-12-13 12:11:22,436 - 4 - INFO - **********JUDGER**********
你刚刚的推断是根据分析，我推断卧底身份是玩家4。因为玩家4的描述与玩家1、2和3的描述在水果的甜味、多汁、色彩鲜艳、质地坚硬、甜度高、水分充足等特征上存在显著差异，而卧底通常会有这样的特征来区别于其他平民玩家。玩家4的描述更符合榴莲的特点，包括皮厚、气味浓郁、果肉软糯和独特的气味与口感，这些都是榴莲独有的特征。因此，我推断玩家4是卧底。|| 基于你刚刚的推断得出你的最终结论，请输出你认为的卧底，在这种情况下只需要输出编号，是1-4中的某个数字，不要输出其他信息。在这个过程不要进行任何推理，只对||以前的部分进行信息提取
2024-12-13 12:11:23,362 - 4 - INFO - **********PLAYER4**********
4
2024-12-13 12:11:31,539 - 4 - INFO - **********JUDGER**********
玩家1说：这个水果通常是红色的，形状圆润，含有丰富的维生素C。在水果类中，它特别受到小朋友的喜爱，因为它甜而多汁。这种水果是日常生活中常见的，它的果实光滑且大小适中，口感脆甜，适合各个年龄段的人食用。它富含纤维，对于消化系统有益。这种水果在成熟时色泽鲜艳，有着明显的红色条纹，它的味道既甜又略带酸味，非常适合搭配各种甜点。它的质地较为坚硬，但咬下去会有轻微的汁液流出，给人一种清新的口感。这种水果在市场上很容易找到，是很多人喜爱的健康零食。玩家2说：这个水果色彩鲜艳，口感多汁，是日常饮食中常见的。在同类水果中，它以其独特的风味和营养价值而备受推崇。这个水果在成熟时呈现出诱人的红色，质地坚硬，切开后可以看到清晰可见的果肉纹理。它不仅甜度高，而且水分充足，给人带来清新的口感。在水果家族中，它以其丰富的营养价值和健康益处而广受欢迎。这种水果的甜度适中，略带一些微妙的酸味，给人一种清新爽口的感觉。它的果实大小适中，表面光滑，颜色鲜艳，尤其是成熟时呈现出诱人的红色。质地坚硬，咬下去会有轻微的汁液流出，给人一种清新的口感。在水果中，它的营养价值高，含有丰富的维生素C和其他微量元素，对健康非常有益。玩家3说：这个水果色泽鲜艳，肉质细腻，富含水分。在同类水果中，它以独特的甜味和脆感而受到人们的喜爱。这个水果以其光滑的红色外观和适中的大小而受到青睐，它的内部结构紧密，水分充足，提供了清新的口感。在水果中，它的甜度适中，且不易腐烂，非常适合作为日常零食。这种水果的甜度适中，口感脆甜，质地坚硬，咬下去会有轻微的汁液流出，给人一种清新的口感。它的颜色鲜艳，外观光滑，大小适中，内部结构紧密，水分充足。玩家4说：这个水果皮厚，气味浓郁，果肉软糯，含有多种营养成分。它在同类水果中以其独特的气味和口感而著称。这个水果成熟时颜色深红，果实较大，果皮厚实，内部结构紧密。它的果肉质地软糯，与常见的脆甜水果不同，给人一种独特的口感体验。尽管它的气味强烈，但许多人都对其情有独钟。你是第4号玩家，你的关键词是<榴莲>。你的回答中绝对不能包含你的关键词<榴莲>。这是第三轮描述，你之前的描述是这个水果皮厚，气味浓郁，果肉软糯，含有多种营养成分。它在同类水果中以其独特的气味和口感而著称。和这个水果成熟时颜色深红，果实较大，果皮厚实，内部结构紧密。它的果肉质地软糯，与常见的脆甜水果不同，给人一种独特的口感体验。尽管它的气味强烈，但许多人都对其情有独钟。，注意，这局游戏的词语分类为<水果>，卧底词和平民词都属于该类，请你补充关于关键词的描述，注意，你的描述应该比起之前的描述更加贴近关键词，作为之前的补充
2024-12-13 12:11:34,049 - 4 - INFO - **********PLAYER4**********
这个水果的皮色深红，果形丰满，成熟时散发出独特的强烈香气。它的果肉细腻柔软，富含油脂，口感丰富多层次，既有人喜爱其独特的味道，也有人对其气味敏感。这种水果在市场上并不常见，但对其了解的人都会对其印象深刻。
2024-12-13 12:12:16,096 - 4 - INFO - **********JUDGER**********
玩家1说：这个水果通常是红色的，形状圆润，含有丰富的维生素C。在水果类中，它特别受到小朋友的喜爱，因为它甜而多汁。这种水果是日常生活中常见的，它的果实光滑且大小适中，口感脆甜，适合各个年龄段的人食用。它富含纤维，对于消化系统有益。这种水果在成熟时色泽鲜艳，有着明显的红色条纹，它的味道既甜又略带酸味，非常适合搭配各种甜点。它的质地较为坚硬，但咬下去会有轻微的汁液流出，给人一种清新的口感。这种水果在市场上很容易找到，是很多人喜爱的健康零食。玩家2说：这个水果色彩鲜艳，口感多汁，是日常饮食中常见的。在同类水果中，它以其独特的风味和营养价值而备受推崇。这个水果在成熟时呈现出诱人的红色，质地坚硬，切开后可以看到清晰可见的果肉纹理。它不仅甜度高，而且水分充足，给人带来清新的口感。在水果家族中，它以其丰富的营养价值和健康益处而广受欢迎。这种水果的甜度适中，略带一些微妙的酸味，给人一种清新爽口的感觉。它的果实大小适中，表面光滑，颜色鲜艳，尤其是成熟时呈现出诱人的红色。质地坚硬，咬下去会有轻微的汁液流出，给人一种清新的口感。在水果中，它的营养价值高，含有丰富的维生素C和其他微量元素，对健康非常有益。玩家3说：这个水果色泽鲜艳，肉质细腻，富含水分。在同类水果中，它以独特的甜味和脆感而受到人们的喜爱。这个水果以其光滑的红色外观和适中的大小而受到青睐，它的内部结构紧密，水分充足，提供了清新的口感。在水果中，它的甜度适中，且不易腐烂，非常适合作为日常零食。这种水果的甜度适中，口感脆甜，质地坚硬，咬下去会有轻微的汁液流出，给人一种清新的口感。它的颜色鲜艳，外观光滑，大小适中，内部结构紧密，水分充足。玩家4说：这个水果皮厚，气味浓郁，果肉软糯，含有多种营养成分。它在同类水果中以其独特的气味和口感而著称。这个水果成熟时颜色深红，果实较大，果皮厚实，内部结构紧密。它的果肉质地软糯，与常见的脆甜水果不同，给人一种独特的口感体验。尽管它的气味强烈，但许多人都对其情有独钟。这个水果的皮色深红，果形丰满，成熟时散发出独特的强烈香气。它的果肉细腻柔软，富含油脂，口感丰富多层次，既有人喜爱其独特的味道，也有人对其气味敏感。这种水果在市场上并不常见，但对其了解的人都会对其印象深刻。||在这个游戏中，我们需要通过分析每位玩家的描述来找出卧底。通常，平民的描述会围绕相同的词语展开，而卧底的描述可能会因为词语的不同而显得不太一致。我们需要仔细比较每个描述之间的相似性和差异性，以找出可能的卧底，注意，卧底并不会隐藏自己，他会直接描述他的词语，现在，逐一分析每个玩家的描述，注意，这局游戏的词语分类为<水果>，卧底词和平民词都属于该类。||之前是第3轮描述和之前轮数描述的合集。你之前认为的卧底是玩家4。
2024-12-13 12:12:23,665 - 4 - INFO - **********PLAYER4**********
根据之前的描述和我的推断，玩家4的描述与其他玩家的描述存在明显的不一致。玩家1、2和3的描述都指向了一种甜而多汁、色彩鲜艳、口感脆甜或细腻、富含维生素C和水分的水果，而且这些水果在市场上容易找到，适合各个年龄段的人食用，具有丰富的营养价值和健康益处。

相比之下，玩家4的描述强调的是一种皮厚、气味浓郁、果肉软糯的水果，成熟时颜色深红，果实较大，这种水果在市场上并不常见，但对其了解的人都会对其印象深刻。这种描述与玩家1、2和3描述的水果特征有很大差异，尤其是关于口感和气味的特点。

因此，基于这些信息，我之前的推断是玩家4可能是卧底，因为她的描述与平民的描述不一致，更符合卧底词的特征。在接下来的游戏中，我会继续观察其他玩家的描述和行为，以验证我的猜测。
2024-12-13 12:12:23,666 - 4 - INFO - **********JUDGER**********
你刚刚的分析是根据之前的描述和我的推断，玩家4的描述与其他玩家的描述存在明显的不一致。玩家1、2和3的描述都指向了一种甜而多汁、色彩鲜艳、口感脆甜或细腻、富含维生素C和水分的水果，而且这些水果在市场上容易找到，适合各个年龄段的人食用，具有丰富的营养价值和健康益处。

相比之下，玩家4的描述强调的是一种皮厚、气味浓郁、果肉软糯的水果，成熟时颜色深红，果实较大，这种水果在市场上并不常见，但对其了解的人都会对其印象深刻。这种描述与玩家1、2和3描述的水果特征有很大差异，尤其是关于口感和气味的特点。

因此，基于这些信息，我之前的推断是玩家4可能是卧底，因为她的描述与平民的描述不一致，更符合卧底词的特征。在接下来的游戏中，我会继续观察其他玩家的描述和行为，以验证我的猜测。|| `请根据上述分析，比较描述以找出不一致之处，注意，这局游戏的词语分类为<水果>，卧底词和平民词都属于该类。
2024-12-13 12:12:29,482 - 4 - INFO - **********PLAYER4**********
根据上述分析，以下是不一致之处的比较：

1. 玩家1、2和3的描述都强调了水果的甜味、多汁、色彩鲜艳、口感脆甜或细腻、含有丰富的维生素C和水分，以及适合各个年龄段食用，且在市场上容易找到。

2. 玩家4的描述则强调了水果的皮厚、气味浓郁、果肉软糯，成熟时颜色深红，果实较大，这种水果在市场上并不常见，且对其了解的人会对其印象深刻。

不一致之处主要体现在：

- 玩家4没有提到水果的甜味、多汁、色彩鲜艳等特点，而是强调了气味和口感的独特性，特别是气味浓郁和果肉软糯。
- 玩家4的描述中没有提到水果适合各个年龄段食用、在市场上容易找到等特征，这与其他玩家描述的常见水果特征不符。
- 玩家4描述的水果在市场上并不常见，这与玩家1、2和3描述的容易找到的水果形成对比。

这些不一致之处表明玩家4的描述与平民的描述存在显著差异，可能指向她持有的是卧底词。
2024-12-13 12:12:29,488 - 4 - INFO - **********JUDGER**********
你刚刚的分析是根据上述分析，以下是不一致之处的比较：

1. 玩家1、2和3的描述都强调了水果的甜味、多汁、色彩鲜艳、口感脆甜或细腻、含有丰富的维生素C和水分，以及适合各个年龄段食用，且在市场上容易找到。

2. 玩家4的描述则强调了水果的皮厚、气味浓郁、果肉软糯，成熟时颜色深红，果实较大，这种水果在市场上并不常见，且对其了解的人会对其印象深刻。

不一致之处主要体现在：

- 玩家4没有提到水果的甜味、多汁、色彩鲜艳等特点，而是强调了气味和口感的独特性，特别是气味浓郁和果肉软糯。
- 玩家4的描述中没有提到水果适合各个年龄段食用、在市场上容易找到等特征，这与其他玩家描述的常见水果特征不符。
- 玩家4描述的水果在市场上并不常见，这与玩家1、2和3描述的容易找到的水果形成对比。

这些不一致之处表明玩家4的描述与平民的描述存在显著差异，可能指向她持有的是卧底词。|| 请通过你分析的不一致之处，推断卧底身份，注意，这局游戏的词语分类为<水果>，卧底词和平民词都属于该类。
2024-12-13 12:12:30,370 - 4 - INFO - **********PLAYER4**********
4
2024-12-13 12:12:30,371 - 4 - INFO - **********JUDGER**********
你刚刚的推断是4|| 基于你刚刚的推断得出你的最终结论，请输出你认为的卧底，在这种情况下只需要输出编号，是1-4中的某个数字，不要输出其他信息。在这个过程不要进行任何推理，只对||以前的部分进行信息提取
2024-12-13 12:12:31,337 - 4 - INFO - **********PLAYER4**********
4
2024-12-13 12:12:31,338 - 4 - INFO - **********JUDGER**********
你认为卧底是你自己。你现在需要随便选一个人投票。请输出一个数字，是1-4中的某个数字，但这个数字不能是4，不要输出其他信息。
2024-12-13 12:12:32,215 - 4 - INFO - **********PLAYER4**********
1
