2024-12-13 11:37:37,406 - 1 - INFO - **********JUDGER**********
让我们来玩一个叫做<谁是卧底>的推理游戏。基本规则：<人数>：4人。<角色分配>：每位玩家随机抽取一个词语，3名玩家拿到的词语是相同的（平民词），1名玩家拿到与之相近但不同的词语（卧底词）。<游戏流程>：1、玩家轮流描述自己的词语，但<不能>直接说出词语本身。2、描述完毕后，投票选出最像卧底的玩家。3、每轮结束后，被投票选出的玩家出局，不能再进行描述或投票。4、每轮投票结束后，如果卧底被成功找出，平民方获胜；如果卧底未被找出且卧底人数等于或超过平民人数，则卧底方获胜。你将扮演一个<玩家>，请等待你被分配到的关键词。如果你听懂了，只回答，"好的，我准备好参加游戏了"，不要输出别的信息
2024-12-13 11:37:37,849 - 1 - INFO - **********PLAYER1**********
好的，我准备好参加游戏了
2024-12-13 11:37:43,208 - 1 - INFO - **********JUDGER**********
玩家1说：玩家2说：玩家3说：玩家4说：|| 你是第1号玩家，你的关键词是<老虎>。你的回答中绝对不能包含你的关键词<老虎>。这是第一轮描述，不需要分析||之前别的玩家的描述，请你描述关键词基本特征，注意，这局游戏的词语分类为<动物>，卧底词和平民词都属于该类，描述包括以下两点，1.他的基本特征是什么2.他在该类（动物）中最突出不同的特征是什么，尽量简短
2024-12-13 11:37:44,809 - 1 - INFO - **********PLAYER1**********
它是一种有强大威慑力的动物，有着锋利的爪牙和强大的力量。在同类中，它以斑斓的皮毛和独特的条纹最为引人注目。
2024-12-13 11:37:48,759 - 1 - INFO - **********JUDGER**********
玩家1说：它是一种有强大威慑力的动物，有着锋利的爪牙和强大的力量。在同类中，它以斑斓的皮毛和独特的条纹最为引人注目。玩家2说：它是一种灵巧的生物，拥有灵活的手指和尾巴，能够进行复杂的行为。在同类中，它以其智能和善于模仿的能力最为显著。玩家3说：它是一种生活在森林和草原上的食肉动物，拥有强壮的体魄和尖锐的牙齿。在该类动物中，它以其威猛的形象和统治地位最为特别。玩家4说：||在这个游戏中，我们需要通过分析每位玩家的描述来找出卧底。通常，平民的描述会围绕相同的词语展开，而卧底的描述可能会因为词语的不同而显得不太一致。我们需要仔细比较每个描述之间的相似性和差异性，以找出可能的卧底，注意，卧底并不会隐藏自己，他会直接描述他的词语，现在，逐一分析每个玩家的描述，注意，这局游戏的词语分类为<动物>，卧底词和平民词都属于该类。这是第一轮描述。
2024-12-13 11:37:54,353 - 1 - INFO - **********PLAYER1**********
好的，根据前三位玩家的描述，他们分别提到了老虎、猴子和大象。我的描述是关于老虎的，强调了他的威慑力、斑斓的皮毛和独特条纹。玩家2的描述提到了灵巧的生物，灵活的手指和尾巴，这听起来像是猴子。玩家3的描述提到了生活在森林和草原上的食肉动物，强壮的体魄和尖锐的牙齿，这更像是大象。因此，我的描述与其他两位玩家描述的动物特征相符，而玩家2和玩家3的描述则有所不同。

在第一轮描述中，如果我的描述与其他玩家相同，那么我可能是平民；如果我的描述与其他玩家不同，那么我可能是卧底。由于我的描述与老虎的特征相符，而其他玩家的描述分别指向了猴子和大象，这表明我的描述与老虎的描述更为一致，因此，我倾向于认为自己是平民。然而，由于卧底可能会隐藏自己的特征，我也需要保持警惕，注意接下来的描述和投票情况。
2024-12-13 11:37:54,357 - 1 - INFO - **********JUDGER**********
你刚刚的分析是好的，根据前三位玩家的描述，他们分别提到了老虎、猴子和大象。我的描述是关于老虎的，强调了他的威慑力、斑斓的皮毛和独特条纹。玩家2的描述提到了灵巧的生物，灵活的手指和尾巴，这听起来像是猴子。玩家3的描述提到了生活在森林和草原上的食肉动物，强壮的体魄和尖锐的牙齿，这更像是大象。因此，我的描述与其他两位玩家描述的动物特征相符，而玩家2和玩家3的描述则有所不同。

在第一轮描述中，如果我的描述与其他玩家相同，那么我可能是平民；如果我的描述与其他玩家不同，那么我可能是卧底。由于我的描述与老虎的特征相符，而其他玩家的描述分别指向了猴子和大象，这表明我的描述与老虎的描述更为一致，因此，我倾向于认为自己是平民。然而，由于卧底可能会隐藏自己的特征，我也需要保持警惕，注意接下来的描述和投票情况。|| `请根据上述分析，比较描述以找出不一致之处，注意，这局游戏的词语分类为<动物>，卧底词和平民词都属于该类。
2024-12-13 11:38:06,044 - 1 - INFO - **********PLAYER1**********
根据上述分析，我们可以比较每位玩家的描述来找出不一致之处：

1. 玩家1的描述提到了老虎的威慑力、斑斓的皮毛和独特条纹，这些都是老虎的典型特征。

2. 玩家2的描述提到了灵巧的生物、灵活的手指和尾巴，以及智能和善于模仿的能力，这些特征更符合猴子的特点。

3. 玩家3的描述提到了生活在森林和草原上的食肉动物，拥有强壮的体魄和尖锐的牙齿，这些特征与大象的体型和食性不符，更像是狮子或老虎的特征。

4. 玩家4没有提供描述，而是提醒大家注意游戏规则和描述分析的方法。

不一致之处在于玩家3的描述，他的描述既不像是猴子（玩家2的描述），也不像是大象（通常描述为大型、温和的食草动物），而是更接近狮子或老虎。如果我的描述是老虎，那么玩家3的描述可能是一个不一致之处，因为它没有直接指向任何一种已知的动物，而狮子和老虎在特征上有很多相似之处，这可能会引起怀疑。

因此，玩家3的描述可能是最可疑的，它可能是一个不一致之处，提示我们他可能是卧底。当然，这只是一种可能性，真正的卧底可能会巧妙地隐藏自己的特征，所以我们需要继续观察和比较后续的描述。
2024-12-13 11:38:06,051 - 1 - INFO - **********JUDGER**********
你刚刚的分析是根据上述分析，我们可以比较每位玩家的描述来找出不一致之处：

1. 玩家1的描述提到了老虎的威慑力、斑斓的皮毛和独特条纹，这些都是老虎的典型特征。

2. 玩家2的描述提到了灵巧的生物、灵活的手指和尾巴，以及智能和善于模仿的能力，这些特征更符合猴子的特点。

3. 玩家3的描述提到了生活在森林和草原上的食肉动物，拥有强壮的体魄和尖锐的牙齿，这些特征与大象的体型和食性不符，更像是狮子或老虎的特征。

4. 玩家4没有提供描述，而是提醒大家注意游戏规则和描述分析的方法。

不一致之处在于玩家3的描述，他的描述既不像是猴子（玩家2的描述），也不像是大象（通常描述为大型、温和的食草动物），而是更接近狮子或老虎。如果我的描述是老虎，那么玩家3的描述可能是一个不一致之处，因为它没有直接指向任何一种已知的动物，而狮子和老虎在特征上有很多相似之处，这可能会引起怀疑。

因此，玩家3的描述可能是最可疑的，它可能是一个不一致之处，提示我们他可能是卧底。当然，这只是一种可能性，真正的卧底可能会巧妙地隐藏自己的特征，所以我们需要继续观察和比较后续的描述。|| 请通过你分析的不一致之处，推断卧底身份，注意，这局游戏的词语分类为<动物>，卧底词和平民词都属于该类。
2024-12-13 11:38:13,731 - 1 - INFO - **********PLAYER1**********
根据我的分析，玩家3的描述提到了生活在森林和草原上的食肉动物，拥有强壮的体魄和尖锐的牙齿。这个描述既不像是猴子（玩家2的描述），也不像是大象（通常描述为大型、温和的食草动物），而是更接近狮子或老虎。由于游戏中的词语分类为<动物>，并且卧底词和平民词都属于该类，我们可以推断出以下几种情况：

1. 如果玩家3的描述确实是狮子，那么由于狮子也是森林和草原上的食肉动物，拥有强壮的体魄和尖锐的牙齿，这与老虎的特征相似，因此玩家3可能是卧底。

2. 如果玩家3的描述是老虎，那么他的描述与玩家1的描述非常相似，这通常意味着他是平民，因为老虎是游戏中提到的动物之一。

3. 如果玩家3的描述是大象，那么他的描述与玩家1的描述不冲突，因为大象也是动物类中的成员，但大象的特征通常与玩家3描述的强壮体魄和尖锐牙齿不符，这可能会引起怀疑。

由于狮子和老虎在游戏中都是常见的动物，且它们有相似的特征，玩家3的描述可能是一个不一致之处，因此他可能是卧底。然而，这只是一个基于描述特征的分析，真正的卧底可能会隐藏得更深，所以我们还需要考虑其他玩家的描述和投票情况来进一步确认卧底的身份。
2024-12-13 11:38:13,732 - 1 - INFO - **********JUDGER**********
你刚刚的推断是根据我的分析，玩家3的描述提到了生活在森林和草原上的食肉动物，拥有强壮的体魄和尖锐的牙齿。这个描述既不像是猴子（玩家2的描述），也不像是大象（通常描述为大型、温和的食草动物），而是更接近狮子或老虎。由于游戏中的词语分类为<动物>，并且卧底词和平民词都属于该类，我们可以推断出以下几种情况：

1. 如果玩家3的描述确实是狮子，那么由于狮子也是森林和草原上的食肉动物，拥有强壮的体魄和尖锐的牙齿，这与老虎的特征相似，因此玩家3可能是卧底。

2. 如果玩家3的描述是老虎，那么他的描述与玩家1的描述非常相似，这通常意味着他是平民，因为老虎是游戏中提到的动物之一。

3. 如果玩家3的描述是大象，那么他的描述与玩家1的描述不冲突，因为大象也是动物类中的成员，但大象的特征通常与玩家3描述的强壮体魄和尖锐牙齿不符，这可能会引起怀疑。

由于狮子和老虎在游戏中都是常见的动物，且它们有相似的特征，玩家3的描述可能是一个不一致之处，因此他可能是卧底。然而，这只是一个基于描述特征的分析，真正的卧底可能会隐藏得更深，所以我们还需要考虑其他玩家的描述和投票情况来进一步确认卧底的身份。|| 基于你刚刚的推断得出你的最终结论，请输出你认为的卧底，在这种情况下只需要输出编号，是1-4中的某个数字，不要输出其他信息。在这个过程不要进行任何推理，只对||以前的部分进行信息提取
2024-12-13 11:38:14,245 - 1 - INFO - **********PLAYER1**********
3
2024-12-13 11:39:43,260 - 1 - INFO - **********JUDGER**********
玩家1说：它是一种有强大威慑力的动物，有着锋利的爪牙和强大的力量。在同类中，它以斑斓的皮毛和独特的条纹最为引人注目。玩家2说：它是一种灵巧的生物，拥有灵活的手指和尾巴，能够进行复杂的行为。在同类中，它以其智能和善于模仿的能力最为显著。玩家3说：它是一种生活在森林和草原上的食肉动物，拥有强壮的体魄和尖锐的牙齿。在该类动物中，它以其威猛的形象和统治地位最为特别。玩家4说：它是一种有着强壮体格和锋利爪牙的动物，擅长捕猎。在同类中，它以其雄壮的体型和强大的攻击力最为突出。你是第1号玩家，你的关键词是<老虎>。你的回答中绝对不能包含你的关键词<老虎>。这是第二轮描述，你之前的描述是它是一种有强大威慑力的动物，有着锋利的爪牙和强大的力量。在同类中，它以斑斓的皮毛和独特的条纹最为引人注目。，注意，这局游戏的词语分类为<动物>，卧底词和平民词都属于该类，请你补充关于关键词的描述，注意，你的描述应该比起之前的描述更加贴近关键词，作为之前的补充
2024-12-13 11:39:47,143 - 1 - INFO - **********PLAYER1**********
这种动物在同类中以其力量和威严著称，它的存在常常让人敬畏。它拥有敏锐的感官和出色的捕猎技巧，这使得它在自然界中占据着重要的地位。它的皮毛色彩斑斓，条纹清晰，不仅使其在视觉上极具吸引力，也成为了它的自然伪装。这种动物的雄性个体通常比雌性个体更大，拥有更加明显的条纹，它们是森林和草原上的顶级捕食者，以其强大的攻击力和捕猎能力在同类中脱颖而出。
2024-12-13 11:39:56,774 - 1 - INFO - **********JUDGER**********
玩家1说：它是一种有强大威慑力的动物，有着锋利的爪牙和强大的力量。在同类中，它以斑斓的皮毛和独特的条纹最为引人注目。这种动物在同类中以其力量和威严著称，它的存在常常让人敬畏。它拥有敏锐的感官和出色的捕猎技巧，这使得它在自然界中占据着重要的地位。它的皮毛色彩斑斓，条纹清晰，不仅使其在视觉上极具吸引力，也成为了它的自然伪装。这种动物的雄性个体通常比雌性个体更大，拥有更加明显的条纹，它们是森林和草原上的顶级捕食者，以其强大的攻击力和捕猎能力在同类中脱颖而出。玩家2说：它是一种灵巧的生物，拥有灵活的手指和尾巴，能够进行复杂的行为。在同类中，它以其智能和善于模仿的能力最为显著。这种动物以其敏捷的身手和灵活的运动能力著称，它们在森林中穿梭自如，善于攀爬和跳跃。它们的前肢特别发达，能够进行精细的操作，这使得它们在自然环境中能够灵活地处理各种任务。在同类中，它们以其社交行为和复杂的社会结构而闻名，经常在群体中展现出高度的协作和沟通能力。玩家3说：它是一种生活在森林和草原上的食肉动物，拥有强壮的体魄和尖锐的牙齿。在该类动物中，它以其威猛的形象和统治地位最为特别。它是一种体型庞大的动物，以其强壮的颈部和宽阔的肩膀著称。它的前肢发达，适合抓握和扑击。它的皮毛通常呈黄色或橙色，带有黑色条纹，这些条纹有助于它在森林和草原中隐蔽。它以其独特的吼声和坚定的眼神在同类中显得格外威严。玩家4说：它是一种有着强壮体格和锋利爪牙的动物，擅长捕猎。在同类中，它以其雄壮的体型和强大的攻击力最为突出。||在这个游戏中，我们需要通过分析每位玩家的描述来找出卧底。通常，平民的描述会围绕相同的词语展开，而卧底的描述可能会因为词语的不同而显得不太一致。我们需要仔细比较每个描述之间的相似性和差异性，以找出可能的卧底，注意，卧底并不会隐藏自己，他会直接描述他的词语，现在，逐一分析每个玩家的描述，注意，这局游戏的词语分类为<动物>，卧底词和平民词都属于该类。||之前是第2轮描述和之前轮数描述的合集。你之前认为的卧底是玩家3。
2024-12-13 11:39:57,753 - 1 - INFO - **********PLAYER1**********
3
2024-12-13 11:39:57,754 - 1 - INFO - **********JUDGER**********
你刚刚的分析是3|| `请根据上述分析，比较描述以找出不一致之处，注意，这局游戏的词语分类为<动物>，卧底词和平民词都属于该类。
2024-12-13 11:40:09,956 - 1 - INFO - **********PLAYER1**********
在比较四位玩家的描述时，我们可以注意到以下几点不一致之处：

1. 玩家1的描述强调了老虎的威慑力、力量、皮毛色彩和条纹，以及它在自然界中的地位。

2. 玩家2的描述提到了灵巧、灵活的手指和尾巴、智能和模仿能力，这些特征更符合猴子的特点。

3. 玩家3的描述提到了食肉动物、强壮的体魄、尖锐的牙齿、威猛的形象、统治地位、强壮的颈部、宽阔的肩膀、皮毛色彩和条纹，以及独特的吼声和坚定的眼神，这些特征综合来看更像是狮子的特点。

4. 玩家4的描述提到了强壮的体格、锋利爪牙、擅长捕猎、雄壮的体型和强大的攻击力，这些特征同样适用于多种大型食肉动物，如狮子或老虎。

不一致之处在于玩家3的描述，它包含了狮子和老虎的共同特征，而其他玩家的描述则更专注于特定的动物特征。玩家1的描述专注于老虎，玩家2的描述专注于猴子，玩家4的描述虽然广泛，但没有像玩家3那样明确指向狮子。因此，玩家3的描述可能是一个不一致之处，提示我们他可能是卧底。
2024-12-13 11:40:09,958 - 1 - INFO - **********JUDGER**********
你刚刚的分析是在比较四位玩家的描述时，我们可以注意到以下几点不一致之处：

1. 玩家1的描述强调了老虎的威慑力、力量、皮毛色彩和条纹，以及它在自然界中的地位。

2. 玩家2的描述提到了灵巧、灵活的手指和尾巴、智能和模仿能力，这些特征更符合猴子的特点。

3. 玩家3的描述提到了食肉动物、强壮的体魄、尖锐的牙齿、威猛的形象、统治地位、强壮的颈部、宽阔的肩膀、皮毛色彩和条纹，以及独特的吼声和坚定的眼神，这些特征综合来看更像是狮子的特点。

4. 玩家4的描述提到了强壮的体格、锋利爪牙、擅长捕猎、雄壮的体型和强大的攻击力，这些特征同样适用于多种大型食肉动物，如狮子或老虎。

不一致之处在于玩家3的描述，它包含了狮子和老虎的共同特征，而其他玩家的描述则更专注于特定的动物特征。玩家1的描述专注于老虎，玩家2的描述专注于猴子，玩家4的描述虽然广泛，但没有像玩家3那样明确指向狮子。因此，玩家3的描述可能是一个不一致之处，提示我们他可能是卧底。|| 请通过你分析的不一致之处，推断卧底身份，注意，这局游戏的词语分类为<动物>，卧底词和平民词都属于该类。
2024-12-13 11:40:10,774 - 1 - INFO - **********PLAYER1**********
3
2024-12-13 11:40:10,775 - 1 - INFO - **********JUDGER**********
你刚刚的推断是3|| 基于你刚刚的推断得出你的最终结论，请输出你认为的卧底，在这种情况下只需要输出编号，是1-4中的某个数字，不要输出其他信息。在这个过程不要进行任何推理，只对||以前的部分进行信息提取
2024-12-13 11:40:11,510 - 1 - INFO - **********PLAYER1**********
3
2024-12-13 11:41:25,279 - 1 - INFO - **********JUDGER**********
玩家1说：它是一种有强大威慑力的动物，有着锋利的爪牙和强大的力量。在同类中，它以斑斓的皮毛和独特的条纹最为引人注目。这种动物在同类中以其力量和威严著称，它的存在常常让人敬畏。它拥有敏锐的感官和出色的捕猎技巧，这使得它在自然界中占据着重要的地位。它的皮毛色彩斑斓，条纹清晰，不仅使其在视觉上极具吸引力，也成为了它的自然伪装。这种动物的雄性个体通常比雌性个体更大，拥有更加明显的条纹，它们是森林和草原上的顶级捕食者，以其强大的攻击力和捕猎能力在同类中脱颖而出。玩家2说：它是一种灵巧的生物，拥有灵活的手指和尾巴，能够进行复杂的行为。在同类中，它以其智能和善于模仿的能力最为显著。这种动物以其敏捷的身手和灵活的运动能力著称，它们在森林中穿梭自如，善于攀爬和跳跃。它们的前肢特别发达，能够进行精细的操作，这使得它们在自然环境中能够灵活地处理各种任务。在同类中，它们以其社交行为和复杂的社会结构而闻名，经常在群体中展现出高度的协作和沟通能力。玩家3说：它是一种生活在森林和草原上的食肉动物，拥有强壮的体魄和尖锐的牙齿。在该类动物中，它以其威猛的形象和统治地位最为特别。它是一种体型庞大的动物，以其强壮的颈部和宽阔的肩膀著称。它的前肢发达，适合抓握和扑击。它的皮毛通常呈黄色或橙色，带有黑色条纹，这些条纹有助于它在森林和草原中隐蔽。它以其独特的吼声和坚定的眼神在同类中显得格外威严。玩家4说：它是一种有着强壮体格和锋利爪牙的动物，擅长捕猎。在同类中，它以其雄壮的体型和强大的攻击力最为突出。它是一种在同类中以其威严和力量著称的动物，它的皮毛色彩斑斓，条纹清晰，这不仅使其在视觉上极具吸引力，也成为了它的自然伪装。这种动物通常体型庞大，雄性个体比雌性个体更大，拥有更加明显的条纹。它是森林和草原上的顶级捕食者，以其敏锐的感官和出色的捕猎技巧在自然界中占据着重要的地位。它的存在常常让人敬畏，它的吼声和坚定的眼神在同类中显得格外威严。你是第1号玩家，你的关键词是<老虎>。你的回答中绝对不能包含你的关键词<老虎>。这是第三轮描述，你之前的描述是它是一种有强大威慑力的动物，有着锋利的爪牙和强大的力量。在同类中，它以斑斓的皮毛和独特的条纹最为引人注目。和这种动物在同类中以其力量和威严著称，它的存在常常让人敬畏。它拥有敏锐的感官和出色的捕猎技巧，这使得它在自然界中占据着重要的地位。它的皮毛色彩斑斓，条纹清晰，不仅使其在视觉上极具吸引力，也成为了它的自然伪装。这种动物的雄性个体通常比雌性个体更大，拥有更加明显的条纹，它们是森林和草原上的顶级捕食者，以其强大的攻击力和捕猎能力在同类中脱颖而出。，注意，这局游戏的词语分类为<动物>，卧底词和平民词都属于该类，请你补充关于关键词的描述，注意，你的描述应该比起之前的描述更加贴近关键词，作为之前的补充
2024-12-13 11:41:28,251 - 1 - INFO - **********PLAYER1**********
这种动物以其威猛的姿态和强大的体格著称，它在同类中是力量的象征。它的感官非常敏锐，能够迅速捕捉猎物的踪迹。它的皮毛呈现出独特的色彩，这些色彩不仅美观，而且在自然环境中起到了很好的伪装作用。这种动物在捕猎时展现出惊人的速度和力量，它是森林和草原上的统治者，以其统治地位和强大的攻击力而闻名。
2024-12-13 11:41:41,197 - 1 - INFO - **********JUDGER**********
玩家1说：它是一种有强大威慑力的动物，有着锋利的爪牙和强大的力量。在同类中，它以斑斓的皮毛和独特的条纹最为引人注目。这种动物在同类中以其力量和威严著称，它的存在常常让人敬畏。它拥有敏锐的感官和出色的捕猎技巧，这使得它在自然界中占据着重要的地位。它的皮毛色彩斑斓，条纹清晰，不仅使其在视觉上极具吸引力，也成为了它的自然伪装。这种动物的雄性个体通常比雌性个体更大，拥有更加明显的条纹，它们是森林和草原上的顶级捕食者，以其强大的攻击力和捕猎能力在同类中脱颖而出。这种动物以其威猛的姿态和强大的体格著称，它在同类中是力量的象征。它的感官非常敏锐，能够迅速捕捉猎物的踪迹。它的皮毛呈现出独特的色彩，这些色彩不仅美观，而且在自然环境中起到了很好的伪装作用。这种动物在捕猎时展现出惊人的速度和力量，它是森林和草原上的统治者，以其统治地位和强大的攻击力而闻名。玩家2说：它是一种灵巧的生物，拥有灵活的手指和尾巴，能够进行复杂的行为。在同类中，它以其智能和善于模仿的能力最为显著。这种动物以其敏捷的身手和灵活的运动能力著称，它们在森林中穿梭自如，善于攀爬和跳跃。它们的前肢特别发达，能够进行精细的操作，这使得它们在自然环境中能够灵活地处理各种任务。在同类中，它们以其社交行为和复杂的社会结构而闻名，经常在群体中展现出高度的协作和沟通能力。这种动物以其高度协调的动作和快速的反应速度而闻名，它们在树上和地面之间自如切换，展现出惊人的灵活性和敏捷性。它们的身体结构适应了树栖生活，有着适合攀爬的长臂和灵活的关节。在同类中，它们以其独特的行为模式和社会互动而著称，特别是在解决冲突和分享食物时展现出的复杂社交技巧。这种动物还以其鲜艳的体毛和多样的面部表情而知名，这些特征有助于它们在群体中识别彼此。玩家3说：它是一种生活在森林和草原上的食肉动物，拥有强壮的体魄和尖锐的牙齿。在该类动物中，它以其威猛的形象和统治地位最为特别。它是一种体型庞大的动物，以其强壮的颈部和宽阔的肩膀著称。它的前肢发达，适合抓握和扑击。它的皮毛通常呈黄色或橙色，带有黑色条纹，这些条纹有助于它在森林和草原中隐蔽。它以其独特的吼声和坚定的眼神在同类中显得格外威严。它是一种强大的动物，以其强大的咬合力和锋利的爪子著称。它在同类中占有统治地位，通常在夜间活动，依靠敏锐的听觉和嗅觉来捕捉猎物。它的皮毛色彩和条纹可以帮助它在狩猎时隐蔽自己。它的体型庞大，雄性个体通常比雌性个体更大，拥有更加明显的条纹。它是森林和草原上的顶级捕食者，以其威猛的形象和统治地位而闻名。玩家4说：它是一种有着强壮体格和锋利爪牙的动物，擅长捕猎。在同类中，它以其雄壮的体型和强大的攻击力最为突出。它是一种在同类中以其威严和力量著称的动物，它的皮毛色彩斑斓，条纹清晰，这不仅使其在视觉上极具吸引力，也成为了它的自然伪装。这种动物通常体型庞大，雄性个体比雌性个体更大，拥有更加明显的条纹。它是森林和草原上的顶级捕食者，以其敏锐的感官和出色的捕猎技巧在自然界中占据着重要的地位。它的存在常常让人敬畏，它的吼声和坚定的眼神在同类中显得格外威严。它是一种威猛的动物，以其强大的体格和锋利的爪牙著称。在同类中，它以其独特的领地和统治地位而闻名。它的皮毛呈现出深浅不一的斑驳色彩，条纹清晰可见，这不仅使其在视觉上极具吸引力，也成为了它在森林和草原中的自然伪装。这种动物在捕猎时展现出惊人的速度和力量，它是同类中的顶级捕食者，以其捕猎技巧和生存能力在自然界中占据着至关重要的地位。它的存在常常让人敬畏，它的吼声在同类中显得格外威严。||在这个游戏中，我们需要通过分析每位玩家的描述来找出卧底。通常，平民的描述会围绕相同的词语展开，而卧底的描述可能会因为词语的不同而显得不太一致。我们需要仔细比较每个描述之间的相似性和差异性，以找出可能的卧底，注意，卧底并不会隐藏自己，他会直接描述他的词语，现在，逐一分析每个玩家的描述，注意，这局游戏的词语分类为<动物>，卧底词和平民词都属于该类。||之前是第3轮描述和之前轮数描述的合集。你之前认为的卧底是玩家3。
2024-12-13 11:41:42,567 - 1 - INFO - **********PLAYER1**********
3
2024-12-13 11:41:42,567 - 1 - INFO - **********JUDGER**********
你刚刚的分析是3|| `请根据上述分析，比较描述以找出不一致之处，注意，这局游戏的词语分类为<动物>，卧底词和平民词都属于该类。
2024-12-13 11:41:52,433 - 1 - INFO - **********PLAYER1**********
在比较四位玩家的描述时，我们可以注意到以下不一致之处：

1. 玩家1的描述集中在老虎的威慑力、力量、皮毛色彩、条纹、捕猎技巧以及它在自然界中的地位。

2. 玩家2的描述则强调了动物的灵巧、智能、模仿能力、敏捷的身手、社交行为和复杂的社会结构，这些特征更符合猴子的特点。

3. 玩家3的描述提到了食肉动物、强壮的体魄、尖锐的牙齿、威猛的形象、统治地位、皮毛色彩、条纹、吼声、坚定的眼神，以及捕猎技巧，这些特征综合来看更像是狮子的特点。

4. 玩家4的描述同样提到了动物的强壮体格、锋利爪牙、捕猎技巧、威严、皮毛色彩、条纹、体型、攻击力、吼声和坚定的眼神，这些特征也适用于多种大型食肉动物，如狮子或老虎。

不一致之处在于玩家2和玩家3的描述，玩家2的描述与猴子相关，而玩家3的描述与狮子相关，这两个描述与玩家1和玩家4的描述（更偏向于老虎的特征）不一致。由于游戏规则中提到卧底词和平民词都属于动物类，玩家2和玩家3的描述可能是基于不同动物的关键词，因此他们中的一个或两个可能是卧底。玩家4的描述虽然与玩家1和玩家3的描述相似，但并没有提供足够的信息来区分是哪种动物，因此他的描述可能是平民的。
2024-12-13 11:41:52,435 - 1 - INFO - **********JUDGER**********
你刚刚的分析是在比较四位玩家的描述时，我们可以注意到以下不一致之处：

1. 玩家1的描述集中在老虎的威慑力、力量、皮毛色彩、条纹、捕猎技巧以及它在自然界中的地位。

2. 玩家2的描述则强调了动物的灵巧、智能、模仿能力、敏捷的身手、社交行为和复杂的社会结构，这些特征更符合猴子的特点。

3. 玩家3的描述提到了食肉动物、强壮的体魄、尖锐的牙齿、威猛的形象、统治地位、皮毛色彩、条纹、吼声、坚定的眼神，以及捕猎技巧，这些特征综合来看更像是狮子的特点。

4. 玩家4的描述同样提到了动物的强壮体格、锋利爪牙、捕猎技巧、威严、皮毛色彩、条纹、体型、攻击力、吼声和坚定的眼神，这些特征也适用于多种大型食肉动物，如狮子或老虎。

不一致之处在于玩家2和玩家3的描述，玩家2的描述与猴子相关，而玩家3的描述与狮子相关，这两个描述与玩家1和玩家4的描述（更偏向于老虎的特征）不一致。由于游戏规则中提到卧底词和平民词都属于动物类，玩家2和玩家3的描述可能是基于不同动物的关键词，因此他们中的一个或两个可能是卧底。玩家4的描述虽然与玩家1和玩家3的描述相似，但并没有提供足够的信息来区分是哪种动物，因此他的描述可能是平民的。|| 请通过你分析的不一致之处，推断卧底身份，注意，这局游戏的词语分类为<动物>，卧底词和平民词都属于该类。
2024-12-13 11:41:53,622 - 1 - INFO - **********PLAYER1**********
2
2024-12-13 11:41:53,622 - 1 - INFO - **********JUDGER**********
你刚刚的推断是2|| 基于你刚刚的推断得出你的最终结论，请输出你认为的卧底，在这种情况下只需要输出编号，是1-4中的某个数字，不要输出其他信息。在这个过程不要进行任何推理，只对||以前的部分进行信息提取
2024-12-13 11:41:54,531 - 1 - INFO - **********PLAYER1**********
2
