2024-12-13 11:37:38,766 - 2 - INFO - **********JUDGER**********
让我们来玩一个叫做<谁是卧底>的推理游戏。基本规则：<人数>：4人。<角色分配>：每位玩家随机抽取一个词语，3名玩家拿到的词语是相同的（平民词），1名玩家拿到与之相近但不同的词语（卧底词）。<游戏流程>：1、玩家轮流描述自己的词语，但<不能>直接说出词语本身。2、描述完毕后，投票选出最像卧底的玩家。3、每轮结束后，被投票选出的玩家出局，不能再进行描述或投票。4、每轮投票结束后，如果卧底被成功找出，平民方获胜；如果卧底未被找出且卧底人数等于或超过平民人数，则卧底方获胜。你将扮演一个<玩家>，请等待你被分配到的关键词。如果你听懂了，只回答，"好的，我准备好参加游戏了"，不要输出别的信息
2024-12-13 11:37:40,023 - 2 - INFO - **********PLAYER2**********
好的，我准备好参加游戏了
2024-12-13 11:37:44,813 - 2 - INFO - **********JUDGER**********
玩家1说：它是一种有强大威慑力的动物，有着锋利的爪牙和强大的力量。在同类中，它以斑斓的皮毛和独特的条纹最为引人注目。玩家2说：玩家3说：玩家4说：|| 你是第2号玩家，你的关键词是<猴子>。你的回答中绝对不能包含你的关键词<猴子>。这是第一轮描述，不需要分析||之前别的玩家的描述，请你描述关键词基本特征，注意，这局游戏的词语分类为<动物>，卧底词和平民词都属于该类，描述包括以下两点，1.他的基本特征是什么2.他在该类（动物）中最突出不同的特征是什么，尽量简短
2024-12-13 11:37:46,086 - 2 - INFO - **********PLAYER2**********
它是一种灵巧的生物，拥有灵活的手指和尾巴，能够进行复杂的行为。在同类中，它以其智能和善于模仿的能力最为显著。
2024-12-13 11:38:14,245 - 2 - INFO - **********JUDGER**********
玩家1说：它是一种有强大威慑力的动物，有着锋利的爪牙和强大的力量。在同类中，它以斑斓的皮毛和独特的条纹最为引人注目。玩家2说：它是一种灵巧的生物，拥有灵活的手指和尾巴，能够进行复杂的行为。在同类中，它以其智能和善于模仿的能力最为显著。玩家3说：它是一种生活在森林和草原上的食肉动物，拥有强壮的体魄和尖锐的牙齿。在该类动物中，它以其威猛的形象和统治地位最为特别。玩家4说：||在这个游戏中，我们需要通过分析每位玩家的描述来找出卧底。通常，平民的描述会围绕相同的词语展开，而卧底的描述可能会因为词语的不同而显得不太一致。我们需要仔细比较每个描述之间的相似性和差异性，以找出可能的卧底，注意，卧底并不会隐藏自己，他会直接描述他的词语，现在，逐一分析每个玩家的描述，注意，这局游戏的词语分类为<动物>，卧底词和平民词都属于该类。这是第一轮描述。
2024-12-13 11:38:22,467 - 2 - INFO - **********PLAYER2**********
好的，根据前面的描述，我们可以看出：

玩家1提到的动物具有强大威慑力、锋利的爪牙、强大的力量，以及斑斓的皮毛和独特的条纹，这听起来像是狮子。

玩家2描述的动物灵巧、手指灵活、尾巴灵活，智能且善于模仿，这更像是猴子。

玩家3提到的动物生活在森林和草原上，是食肉动物，体魄强壮，牙齿尖锐，威猛且处于统治地位，这听起来像是老虎。

玩家4没有直接描述动物的特征，而是强调了游戏规则和描述分析的方法，这可能是为了引导大家关注其他玩家的描述。

根据这些描述，我们可以初步判断玩家2的描述与猴子最为相符，而其他玩家的描述似乎更接近狮子或老虎。因此，如果我是玩家2，我会推测自己可能是卧底，因为我的描述与其他玩家的描述相比，更偏离了大家可能共同拥有的动物词语。
2024-12-13 11:38:22,472 - 2 - INFO - **********JUDGER**********
你刚刚的分析是好的，根据前面的描述，我们可以看出：

玩家1提到的动物具有强大威慑力、锋利的爪牙、强大的力量，以及斑斓的皮毛和独特的条纹，这听起来像是狮子。

玩家2描述的动物灵巧、手指灵活、尾巴灵活，智能且善于模仿，这更像是猴子。

玩家3提到的动物生活在森林和草原上，是食肉动物，体魄强壮，牙齿尖锐，威猛且处于统治地位，这听起来像是老虎。

玩家4没有直接描述动物的特征，而是强调了游戏规则和描述分析的方法，这可能是为了引导大家关注其他玩家的描述。

根据这些描述，我们可以初步判断玩家2的描述与猴子最为相符，而其他玩家的描述似乎更接近狮子或老虎。因此，如果我是玩家2，我会推测自己可能是卧底，因为我的描述与其他玩家的描述相比，更偏离了大家可能共同拥有的动物词语。|| `请根据上述分析，比较描述以找出不一致之处，注意，这局游戏的词语分类为<动物>，卧底词和平民词都属于该类。
2024-12-13 11:38:36,282 - 2 - INFO - **********PLAYER2**********
根据上述分析，我们可以比较描述中的一致性和不一致之处：

1. 玩家1、玩家2和玩家3的描述都提到了动物的力量、威慑力、体魄强壮、牙齿尖锐等特征，这些特征在狮子、老虎和猴子中都有体现，因此这部分描述具有一定的共性。

2. 玩家2的描述特别强调了动物的灵巧、手指灵活、尾巴灵活以及智能和模仿能力，这些特征在猴子中尤为突出，而在狮子和老虎的描述中并未特别强调。

3. 玩家4的描述没有直接提及动物的具体特征，而是引导大家关注描述分析和游戏规则，这可能是一种策略，旨在让其他玩家的描述显得更加突出和明显。

不一致之处在于：
- 玩家2的描述在灵巧、智能和模仿能力上与其他玩家的描述相比更为独特，这可能是由于玩家2的词语是猴子，而狮子和老虎的特征在这两点上并不突出。
- 玩家4的描述方式与其他玩家不同，没有直接描述动物特征，这可能与卧底角色的策略有关。

综上所述，玩家2的描述与其他玩家相比可能存在不一致之处，这可能是我们寻找卧底的一个线索。
2024-12-13 11:38:36,283 - 2 - INFO - **********JUDGER**********
你刚刚的分析是根据上述分析，我们可以比较描述中的一致性和不一致之处：

1. 玩家1、玩家2和玩家3的描述都提到了动物的力量、威慑力、体魄强壮、牙齿尖锐等特征，这些特征在狮子、老虎和猴子中都有体现，因此这部分描述具有一定的共性。

2. 玩家2的描述特别强调了动物的灵巧、手指灵活、尾巴灵活以及智能和模仿能力，这些特征在猴子中尤为突出，而在狮子和老虎的描述中并未特别强调。

3. 玩家4的描述没有直接提及动物的具体特征，而是引导大家关注描述分析和游戏规则，这可能是一种策略，旨在让其他玩家的描述显得更加突出和明显。

不一致之处在于：
- 玩家2的描述在灵巧、智能和模仿能力上与其他玩家的描述相比更为独特，这可能是由于玩家2的词语是猴子，而狮子和老虎的特征在这两点上并不突出。
- 玩家4的描述方式与其他玩家不同，没有直接描述动物特征，这可能与卧底角色的策略有关。

综上所述，玩家2的描述与其他玩家相比可能存在不一致之处，这可能是我们寻找卧底的一个线索。|| 请通过你分析的不一致之处，推断卧底身份，注意，这局游戏的词语分类为<动物>，卧底词和平民词都属于该类。
2024-12-13 11:38:46,415 - 2 - INFO - **********PLAYER2**********
根据分析中提到的不一致之处，我们可以进行以下推断：

1. 玩家2的描述中特别强调了动物的灵巧、手指灵活、尾巴灵活以及智能和模仿能力，这些特征在猴子中尤为突出。而其他玩家提到的力量、威慑力、体魄强壮、牙齿尖锐等特征，虽然在狮子和老虎身上也有体现，但并不如猴子在这些特征上的描述那么具体和突出。

2. 玩家4的描述没有直接提及动物的具体特征，而是引导大家关注描述分析和游戏规则。这种描述方式虽然可能是一种策略，但更可能是因为玩家4作为卧底，他的词语与猴子不同，因此没有直接进入描述动物特征的讨论。

结合这两点，我们可以推断玩家2可能是卧底，因为他的描述与其他玩家相比在动物特征的描述上存在显著的不一致，而且这种不一致恰好与猴子这一动物的特点相符合。而玩家4的描述方式虽然与常理不同，但并不足以直接指向他是卧底。

因此，基于上述分析，玩家2可能是卧底。
2024-12-13 11:38:46,418 - 2 - INFO - **********JUDGER**********
你刚刚的推断是根据分析中提到的不一致之处，我们可以进行以下推断：

1. 玩家2的描述中特别强调了动物的灵巧、手指灵活、尾巴灵活以及智能和模仿能力，这些特征在猴子中尤为突出。而其他玩家提到的力量、威慑力、体魄强壮、牙齿尖锐等特征，虽然在狮子和老虎身上也有体现，但并不如猴子在这些特征上的描述那么具体和突出。

2. 玩家4的描述没有直接提及动物的具体特征，而是引导大家关注描述分析和游戏规则。这种描述方式虽然可能是一种策略，但更可能是因为玩家4作为卧底，他的词语与猴子不同，因此没有直接进入描述动物特征的讨论。

结合这两点，我们可以推断玩家2可能是卧底，因为他的描述与其他玩家相比在动物特征的描述上存在显著的不一致，而且这种不一致恰好与猴子这一动物的特点相符合。而玩家4的描述方式虽然与常理不同，但并不足以直接指向他是卧底。

因此，基于上述分析，玩家2可能是卧底。|| 基于你刚刚的推断得出你的最终结论，请输出你认为的卧底，在这种情况下只需要输出编号，是1-4中的某个数字，不要输出其他信息。在这个过程不要进行任何推理，只对||以前的部分进行信息提取
2024-12-13 11:38:47,124 - 2 - INFO - **********PLAYER2**********
2
2024-12-13 11:39:47,151 - 2 - INFO - **********JUDGER**********
玩家1说：它是一种有强大威慑力的动物，有着锋利的爪牙和强大的力量。在同类中，它以斑斓的皮毛和独特的条纹最为引人注目。这种动物在同类中以其力量和威严著称，它的存在常常让人敬畏。它拥有敏锐的感官和出色的捕猎技巧，这使得它在自然界中占据着重要的地位。它的皮毛色彩斑斓，条纹清晰，不仅使其在视觉上极具吸引力，也成为了它的自然伪装。这种动物的雄性个体通常比雌性个体更大，拥有更加明显的条纹，它们是森林和草原上的顶级捕食者，以其强大的攻击力和捕猎能力在同类中脱颖而出。玩家2说：它是一种灵巧的生物，拥有灵活的手指和尾巴，能够进行复杂的行为。在同类中，它以其智能和善于模仿的能力最为显著。玩家3说：它是一种生活在森林和草原上的食肉动物，拥有强壮的体魄和尖锐的牙齿。在该类动物中，它以其威猛的形象和统治地位最为特别。玩家4说：它是一种有着强壮体格和锋利爪牙的动物，擅长捕猎。在同类中，它以其雄壮的体型和强大的攻击力最为突出。你是第2号玩家，你的关键词是<猴子>。你的回答中绝对不能包含你的关键词<猴子>。这是第二轮描述，你之前的描述是它是一种灵巧的生物，拥有灵活的手指和尾巴，能够进行复杂的行为。在同类中，它以其智能和善于模仿的能力最为显著。，注意，这局游戏的词语分类为<动物>，卧底词和平民词都属于该类，请你补充关于关键词的描述，注意，你的描述应该比起之前的描述更加贴近关键词，作为之前的补充
2024-12-13 11:39:50,214 - 2 - INFO - **********PLAYER2**********
这种动物以其敏捷的身手和灵活的运动能力著称，它们在森林中穿梭自如，善于攀爬和跳跃。它们的前肢特别发达，能够进行精细的操作，这使得它们在自然环境中能够灵活地处理各种任务。在同类中，它们以其社交行为和复杂的社会结构而闻名，经常在群体中展现出高度的协作和沟通能力。
2024-12-13 11:40:11,511 - 2 - INFO - **********JUDGER**********
玩家1说：它是一种有强大威慑力的动物，有着锋利的爪牙和强大的力量。在同类中，它以斑斓的皮毛和独特的条纹最为引人注目。这种动物在同类中以其力量和威严著称，它的存在常常让人敬畏。它拥有敏锐的感官和出色的捕猎技巧，这使得它在自然界中占据着重要的地位。它的皮毛色彩斑斓，条纹清晰，不仅使其在视觉上极具吸引力，也成为了它的自然伪装。这种动物的雄性个体通常比雌性个体更大，拥有更加明显的条纹，它们是森林和草原上的顶级捕食者，以其强大的攻击力和捕猎能力在同类中脱颖而出。玩家2说：它是一种灵巧的生物，拥有灵活的手指和尾巴，能够进行复杂的行为。在同类中，它以其智能和善于模仿的能力最为显著。这种动物以其敏捷的身手和灵活的运动能力著称，它们在森林中穿梭自如，善于攀爬和跳跃。它们的前肢特别发达，能够进行精细的操作，这使得它们在自然环境中能够灵活地处理各种任务。在同类中，它们以其社交行为和复杂的社会结构而闻名，经常在群体中展现出高度的协作和沟通能力。玩家3说：它是一种生活在森林和草原上的食肉动物，拥有强壮的体魄和尖锐的牙齿。在该类动物中，它以其威猛的形象和统治地位最为特别。它是一种体型庞大的动物，以其强壮的颈部和宽阔的肩膀著称。它的前肢发达，适合抓握和扑击。它的皮毛通常呈黄色或橙色，带有黑色条纹，这些条纹有助于它在森林和草原中隐蔽。它以其独特的吼声和坚定的眼神在同类中显得格外威严。玩家4说：它是一种有着强壮体格和锋利爪牙的动物，擅长捕猎。在同类中，它以其雄壮的体型和强大的攻击力最为突出。||在这个游戏中，我们需要通过分析每位玩家的描述来找出卧底。通常，平民的描述会围绕相同的词语展开，而卧底的描述可能会因为词语的不同而显得不太一致。我们需要仔细比较每个描述之间的相似性和差异性，以找出可能的卧底，注意，卧底并不会隐藏自己，他会直接描述他的词语，现在，逐一分析每个玩家的描述，注意，这局游戏的词语分类为<动物>，卧底词和平民词都属于该类。||之前是第2轮描述和之前轮数描述的合集。你之前认为的卧底是玩家2。
2024-12-13 11:40:27,380 - 2 - INFO - **********PLAYER2**********
玩家2的描述与猴子这一动物的特征非常吻合，他提到了灵巧、灵活的手指和尾巴、复杂的行为、智能和模仿能力，这些都是猴子的显著特点。然而，根据其他玩家的描述，我们可以看到以下信息：

- 玩家1描述的动物具有强大的威慑力、斑斓的皮毛、独特的条纹、力量和威严，这听起来像是狮子。
- 玩家3描述的动物生活在森林和草原上，是食肉动物，拥有强壮的体魄、尖锐的牙齿、威猛的形象和统治地位，这听起来像是老虎。
- 玩家4描述的动物有着强壮体格、锋利爪牙、擅长捕猎、雄壮的体型和强大的攻击力，这听起来像是狮子或老虎。

玩家2的描述虽然与猴子相符，但与其他玩家描述的狮子、老虎特征相比，没有出现明显的差异。因此，如果之前的推断是基于描述的独特性，那么玩家2的描述并没有展现出与其他玩家描述的显著不同。

考虑到这些信息，如果之前的推断是基于描述的独特性，那么玩家2的卧底身份可能需要重新评估。由于玩家2的描述与猴子相符，而其他玩家的描述则指向了狮子或老虎，如果游戏中的词语分类为<动物>，那么玩家2的描述可能是最不协调的，因为狮子和老虎的描述中包含了猴子描述中没有的元素，如力量、威严、统治地位等。

因此，根据描述的协调性和独特性，玩家2仍然可能是卧底，尤其是如果游戏中的词语分类确实为<动物>，且卧底词与平民词属于同一类别，但具有不同的特征。
2024-12-13 11:40:27,381 - 2 - INFO - **********JUDGER**********
你刚刚的分析是玩家2的描述与猴子这一动物的特征非常吻合，他提到了灵巧、灵活的手指和尾巴、复杂的行为、智能和模仿能力，这些都是猴子的显著特点。然而，根据其他玩家的描述，我们可以看到以下信息：

- 玩家1描述的动物具有强大的威慑力、斑斓的皮毛、独特的条纹、力量和威严，这听起来像是狮子。
- 玩家3描述的动物生活在森林和草原上，是食肉动物，拥有强壮的体魄、尖锐的牙齿、威猛的形象和统治地位，这听起来像是老虎。
- 玩家4描述的动物有着强壮体格、锋利爪牙、擅长捕猎、雄壮的体型和强大的攻击力，这听起来像是狮子或老虎。

玩家2的描述虽然与猴子相符，但与其他玩家描述的狮子、老虎特征相比，没有出现明显的差异。因此，如果之前的推断是基于描述的独特性，那么玩家2的描述并没有展现出与其他玩家描述的显著不同。

考虑到这些信息，如果之前的推断是基于描述的独特性，那么玩家2的卧底身份可能需要重新评估。由于玩家2的描述与猴子相符，而其他玩家的描述则指向了狮子或老虎，如果游戏中的词语分类为<动物>，那么玩家2的描述可能是最不协调的，因为狮子和老虎的描述中包含了猴子描述中没有的元素，如力量、威严、统治地位等。

因此，根据描述的协调性和独特性，玩家2仍然可能是卧底，尤其是如果游戏中的词语分类确实为<动物>，且卧底词与平民词属于同一类别，但具有不同的特征。|| `请根据上述分析，比较描述以找出不一致之处，注意，这局游戏的词语分类为<动物>，卧底词和平民词都属于该类。
2024-12-13 11:40:33,393 - 2 - INFO - **********PLAYER2**********
根据上述分析，我们可以比较描述中的一致性和不一致之处：

1. 玩家1、玩家3和玩家4的描述都强调了动物的力量、威严、捕猎技巧、统治地位等特征，这些特征在狮子和老虎身上尤为明显。

2. 玩家2的描述虽然也提到了动物的灵巧、敏捷、智能和社交行为，但没有强调力量、威严或捕猎技巧，这些特征在猴子身上虽然也有，但与狮子和老虎相比并不是最突出的。

不一致之处在于：
- 玩家2的描述没有提及动物的力量、威严或捕猎技巧，而这些特征在玩家1、玩家3和玩家4的描述中是核心内容。
- 玩家2的描述中提到了动物的社交行为和复杂的社会结构，这是猴子独有的特征，但在玩家1、玩家3和玩家4的描述中没有提及。

因此，玩家2的描述在强调动物的力量和捕猎技巧方面与其他玩家的描述不一致，这可能是一个线索，表明玩家2的词语可能与狮子或老虎不同，而是猴子。这表明玩家2的描述可能更接近于卧底词。
2024-12-13 11:40:33,397 - 2 - INFO - **********JUDGER**********
你刚刚的分析是根据上述分析，我们可以比较描述中的一致性和不一致之处：

1. 玩家1、玩家3和玩家4的描述都强调了动物的力量、威严、捕猎技巧、统治地位等特征，这些特征在狮子和老虎身上尤为明显。

2. 玩家2的描述虽然也提到了动物的灵巧、敏捷、智能和社交行为，但没有强调力量、威严或捕猎技巧，这些特征在猴子身上虽然也有，但与狮子和老虎相比并不是最突出的。

不一致之处在于：
- 玩家2的描述没有提及动物的力量、威严或捕猎技巧，而这些特征在玩家1、玩家3和玩家4的描述中是核心内容。
- 玩家2的描述中提到了动物的社交行为和复杂的社会结构，这是猴子独有的特征，但在玩家1、玩家3和玩家4的描述中没有提及。

因此，玩家2的描述在强调动物的力量和捕猎技巧方面与其他玩家的描述不一致，这可能是一个线索，表明玩家2的词语可能与狮子或老虎不同，而是猴子。这表明玩家2的描述可能更接近于卧底词。|| 请通过你分析的不一致之处，推断卧底身份，注意，这局游戏的词语分类为<动物>，卧底词和平民词都属于该类。
2024-12-13 11:40:38,733 - 2 - INFO - **********PLAYER2**********
基于上述分析的不一致之处，结合游戏规则和词语分类为<动物>，我们可以推断：

- 玩家1、玩家3和玩家4的描述都集中在动物的力量、威严、捕猎技巧和统治地位上，这些特征更符合狮子或老虎的描述。
- 玩家2的描述虽然提到了灵巧、敏捷、智能和社交行为，但没有强调力量、威严或捕猎技巧，这些特征更符合猴子的描述。

因此，根据描述的不一致性和游戏规则，玩家2可能是卧底。
2024-12-13 11:40:38,734 - 2 - INFO - **********JUDGER**********
你刚刚的推断是基于上述分析的不一致之处，结合游戏规则和词语分类为<动物>，我们可以推断：

- 玩家1、玩家3和玩家4的描述都集中在动物的力量、威严、捕猎技巧和统治地位上，这些特征更符合狮子或老虎的描述。
- 玩家2的描述虽然提到了灵巧、敏捷、智能和社交行为，但没有强调力量、威严或捕猎技巧，这些特征更符合猴子的描述。

因此，根据描述的不一致性和游戏规则，玩家2可能是卧底。|| 基于你刚刚的推断得出你的最终结论，请输出你认为的卧底，在这种情况下只需要输出编号，是1-4中的某个数字，不要输出其他信息。在这个过程不要进行任何推理，只对||以前的部分进行信息提取
2024-12-13 11:40:39,652 - 2 - INFO - **********PLAYER2**********
2
2024-12-13 11:41:28,251 - 2 - INFO - **********JUDGER**********
玩家1说：它是一种有强大威慑力的动物，有着锋利的爪牙和强大的力量。在同类中，它以斑斓的皮毛和独特的条纹最为引人注目。这种动物在同类中以其力量和威严著称，它的存在常常让人敬畏。它拥有敏锐的感官和出色的捕猎技巧，这使得它在自然界中占据着重要的地位。它的皮毛色彩斑斓，条纹清晰，不仅使其在视觉上极具吸引力，也成为了它的自然伪装。这种动物的雄性个体通常比雌性个体更大，拥有更加明显的条纹，它们是森林和草原上的顶级捕食者，以其强大的攻击力和捕猎能力在同类中脱颖而出。这种动物以其威猛的姿态和强大的体格著称，它在同类中是力量的象征。它的感官非常敏锐，能够迅速捕捉猎物的踪迹。它的皮毛呈现出独特的色彩，这些色彩不仅美观，而且在自然环境中起到了很好的伪装作用。这种动物在捕猎时展现出惊人的速度和力量，它是森林和草原上的统治者，以其统治地位和强大的攻击力而闻名。玩家2说：它是一种灵巧的生物，拥有灵活的手指和尾巴，能够进行复杂的行为。在同类中，它以其智能和善于模仿的能力最为显著。这种动物以其敏捷的身手和灵活的运动能力著称，它们在森林中穿梭自如，善于攀爬和跳跃。它们的前肢特别发达，能够进行精细的操作，这使得它们在自然环境中能够灵活地处理各种任务。在同类中，它们以其社交行为和复杂的社会结构而闻名，经常在群体中展现出高度的协作和沟通能力。玩家3说：它是一种生活在森林和草原上的食肉动物，拥有强壮的体魄和尖锐的牙齿。在该类动物中，它以其威猛的形象和统治地位最为特别。它是一种体型庞大的动物，以其强壮的颈部和宽阔的肩膀著称。它的前肢发达，适合抓握和扑击。它的皮毛通常呈黄色或橙色，带有黑色条纹，这些条纹有助于它在森林和草原中隐蔽。它以其独特的吼声和坚定的眼神在同类中显得格外威严。玩家4说：它是一种有着强壮体格和锋利爪牙的动物，擅长捕猎。在同类中，它以其雄壮的体型和强大的攻击力最为突出。它是一种在同类中以其威严和力量著称的动物，它的皮毛色彩斑斓，条纹清晰，这不仅使其在视觉上极具吸引力，也成为了它的自然伪装。这种动物通常体型庞大，雄性个体比雌性个体更大，拥有更加明显的条纹。它是森林和草原上的顶级捕食者，以其敏锐的感官和出色的捕猎技巧在自然界中占据着重要的地位。它的存在常常让人敬畏，它的吼声和坚定的眼神在同类中显得格外威严。你是第2号玩家，你的关键词是<猴子>。你的回答中绝对不能包含你的关键词<猴子>。这是第三轮描述，你之前的描述是它是一种灵巧的生物，拥有灵活的手指和尾巴，能够进行复杂的行为。在同类中，它以其智能和善于模仿的能力最为显著。和这种动物以其敏捷的身手和灵活的运动能力著称，它们在森林中穿梭自如，善于攀爬和跳跃。它们的前肢特别发达，能够进行精细的操作，这使得它们在自然环境中能够灵活地处理各种任务。在同类中，它们以其社交行为和复杂的社会结构而闻名，经常在群体中展现出高度的协作和沟通能力。，注意，这局游戏的词语分类为<动物>，卧底词和平民词都属于该类，请你补充关于关键词的描述，注意，你的描述应该比起之前的描述更加贴近关键词，作为之前的补充
2024-12-13 11:41:31,975 - 2 - INFO - **********PLAYER2**********
这种动物以其高度协调的动作和快速的反应速度而闻名，它们在树上和地面之间自如切换，展现出惊人的灵活性和敏捷性。它们的身体结构适应了树栖生活，有着适合攀爬的长臂和灵活的关节。在同类中，它们以其独特的行为模式和社会互动而著称，特别是在解决冲突和分享食物时展现出的复杂社交技巧。这种动物还以其鲜艳的体毛和多样的面部表情而知名，这些特征有助于它们在群体中识别彼此。
2024-12-13 11:41:54,532 - 2 - INFO - **********JUDGER**********
玩家1说：它是一种有强大威慑力的动物，有着锋利的爪牙和强大的力量。在同类中，它以斑斓的皮毛和独特的条纹最为引人注目。这种动物在同类中以其力量和威严著称，它的存在常常让人敬畏。它拥有敏锐的感官和出色的捕猎技巧，这使得它在自然界中占据着重要的地位。它的皮毛色彩斑斓，条纹清晰，不仅使其在视觉上极具吸引力，也成为了它的自然伪装。这种动物的雄性个体通常比雌性个体更大，拥有更加明显的条纹，它们是森林和草原上的顶级捕食者，以其强大的攻击力和捕猎能力在同类中脱颖而出。这种动物以其威猛的姿态和强大的体格著称，它在同类中是力量的象征。它的感官非常敏锐，能够迅速捕捉猎物的踪迹。它的皮毛呈现出独特的色彩，这些色彩不仅美观，而且在自然环境中起到了很好的伪装作用。这种动物在捕猎时展现出惊人的速度和力量，它是森林和草原上的统治者，以其统治地位和强大的攻击力而闻名。玩家2说：它是一种灵巧的生物，拥有灵活的手指和尾巴，能够进行复杂的行为。在同类中，它以其智能和善于模仿的能力最为显著。这种动物以其敏捷的身手和灵活的运动能力著称，它们在森林中穿梭自如，善于攀爬和跳跃。它们的前肢特别发达，能够进行精细的操作，这使得它们在自然环境中能够灵活地处理各种任务。在同类中，它们以其社交行为和复杂的社会结构而闻名，经常在群体中展现出高度的协作和沟通能力。这种动物以其高度协调的动作和快速的反应速度而闻名，它们在树上和地面之间自如切换，展现出惊人的灵活性和敏捷性。它们的身体结构适应了树栖生活，有着适合攀爬的长臂和灵活的关节。在同类中，它们以其独特的行为模式和社会互动而著称，特别是在解决冲突和分享食物时展现出的复杂社交技巧。这种动物还以其鲜艳的体毛和多样的面部表情而知名，这些特征有助于它们在群体中识别彼此。玩家3说：它是一种生活在森林和草原上的食肉动物，拥有强壮的体魄和尖锐的牙齿。在该类动物中，它以其威猛的形象和统治地位最为特别。它是一种体型庞大的动物，以其强壮的颈部和宽阔的肩膀著称。它的前肢发达，适合抓握和扑击。它的皮毛通常呈黄色或橙色，带有黑色条纹，这些条纹有助于它在森林和草原中隐蔽。它以其独特的吼声和坚定的眼神在同类中显得格外威严。它是一种强大的动物，以其强大的咬合力和锋利的爪子著称。它在同类中占有统治地位，通常在夜间活动，依靠敏锐的听觉和嗅觉来捕捉猎物。它的皮毛色彩和条纹可以帮助它在狩猎时隐蔽自己。它的体型庞大，雄性个体通常比雌性个体更大，拥有更加明显的条纹。它是森林和草原上的顶级捕食者，以其威猛的形象和统治地位而闻名。玩家4说：它是一种有着强壮体格和锋利爪牙的动物，擅长捕猎。在同类中，它以其雄壮的体型和强大的攻击力最为突出。它是一种在同类中以其威严和力量著称的动物，它的皮毛色彩斑斓，条纹清晰，这不仅使其在视觉上极具吸引力，也成为了它的自然伪装。这种动物通常体型庞大，雄性个体比雌性个体更大，拥有更加明显的条纹。它是森林和草原上的顶级捕食者，以其敏锐的感官和出色的捕猎技巧在自然界中占据着重要的地位。它的存在常常让人敬畏，它的吼声和坚定的眼神在同类中显得格外威严。它是一种威猛的动物，以其强大的体格和锋利的爪牙著称。在同类中，它以其独特的领地和统治地位而闻名。它的皮毛呈现出深浅不一的斑驳色彩，条纹清晰可见，这不仅使其在视觉上极具吸引力，也成为了它在森林和草原中的自然伪装。这种动物在捕猎时展现出惊人的速度和力量，它是同类中的顶级捕食者，以其捕猎技巧和生存能力在自然界中占据着至关重要的地位。它的存在常常让人敬畏，它的吼声在同类中显得格外威严。||在这个游戏中，我们需要通过分析每位玩家的描述来找出卧底。通常，平民的描述会围绕相同的词语展开，而卧底的描述可能会因为词语的不同而显得不太一致。我们需要仔细比较每个描述之间的相似性和差异性，以找出可能的卧底，注意，卧底并不会隐藏自己，他会直接描述他的词语，现在，逐一分析每个玩家的描述，注意，这局游戏的词语分类为<动物>，卧底词和平民词都属于该类。||之前是第3轮描述和之前轮数描述的合集。你之前认为的卧底是玩家2。
2024-12-13 11:42:05,696 - 2 - INFO - **********PLAYER2**********
根据玩家们的描述，我们可以进行以下分析：

玩家1的描述强调了动物的力量、威严、捕猎技巧和统治地位，这与狮子或老虎的特征相符。

玩家2的描述强调了动物的灵巧、敏捷、智能和社交行为，以及其在森林中的灵活性和社交结构，这与猴子的特征相符。

玩家3的描述强调了动物在森林和草原上的食肉习性、强壮的体魄、尖锐的牙齿和统治地位，这与狮子或老虎的特征相符。

玩家4的描述也强调了动物的强壮体格、锋利爪牙、捕猎技巧、威严和统治地位，这与狮子或老虎的特征相符。

之前的推断认为玩家2可能是卧底，因为他的描述与猴子相符，而其他玩家的描述更偏向于狮子或老虎。然而，随着新信息的加入，我们可以看到玩家3和玩家4的描述与狮子或老虎的特征也非常吻合，尤其是他们提到的统治地位、捕猎技巧和威严。

因此，如果必须基于当前的描述来选择卧底，玩家2仍然是一个可能的候选者，但玩家3和玩家4的描述也增加了卧底的可能性。由于之前的推断是基于玩家2描述的独特性，而现在玩家3和玩家4的描述也显示出与狮子或老虎的相似性，这可能会使得玩家2的卧底身份变得不那么确定。

最终，如果需要选择一个卧底，我们可能会考虑玩家2，因为他的描述与猴子最为接近，而其他玩家的描述则更偏向于狮子或老虎。但这个选择仍然存在不确定性，因为所有玩家的描述都有可能与他们的关键词相符。
2024-12-13 11:42:05,697 - 2 - INFO - **********JUDGER**********
你刚刚的分析是根据玩家们的描述，我们可以进行以下分析：

玩家1的描述强调了动物的力量、威严、捕猎技巧和统治地位，这与狮子或老虎的特征相符。

玩家2的描述强调了动物的灵巧、敏捷、智能和社交行为，以及其在森林中的灵活性和社交结构，这与猴子的特征相符。

玩家3的描述强调了动物在森林和草原上的食肉习性、强壮的体魄、尖锐的牙齿和统治地位，这与狮子或老虎的特征相符。

玩家4的描述也强调了动物的强壮体格、锋利爪牙、捕猎技巧、威严和统治地位，这与狮子或老虎的特征相符。

之前的推断认为玩家2可能是卧底，因为他的描述与猴子相符，而其他玩家的描述更偏向于狮子或老虎。然而，随着新信息的加入，我们可以看到玩家3和玩家4的描述与狮子或老虎的特征也非常吻合，尤其是他们提到的统治地位、捕猎技巧和威严。

因此，如果必须基于当前的描述来选择卧底，玩家2仍然是一个可能的候选者，但玩家3和玩家4的描述也增加了卧底的可能性。由于之前的推断是基于玩家2描述的独特性，而现在玩家3和玩家4的描述也显示出与狮子或老虎的相似性，这可能会使得玩家2的卧底身份变得不那么确定。

最终，如果需要选择一个卧底，我们可能会考虑玩家2，因为他的描述与猴子最为接近，而其他玩家的描述则更偏向于狮子或老虎。但这个选择仍然存在不确定性，因为所有玩家的描述都有可能与他们的关键词相符。|| `请根据上述分析，比较描述以找出不一致之处，注意，这局游戏的词语分类为<动物>，卧底词和平民词都属于该类。
2024-12-13 11:42:11,949 - 2 - INFO - **********PLAYER2**********
根据上述分析，我们可以比较描述中的一致性和不一致之处：

一致性：
- 玩家1、玩家3和玩家4的描述都强调了动物的力量、威严、捕猎技巧和统治地位，这些特征在狮子或老虎中尤为明显。

不一致之处：
- 玩家2的描述虽然也提到了动物的灵巧、敏捷、智能和社交行为，但没有强调力量、威严或捕猎技巧，这些特征在猴子中更为突出。
- 玩家2的描述中特别强调了动物在森林中的灵活性和社交结构，这是猴子独有的特征，而在玩家1、玩家3和玩家4的描述中并未提及。

因此，玩家2的描述在强调力量、威严和捕猎技巧方面与其他玩家的描述不一致，这可能是由于他的关键词是猴子，而其他玩家的关键词可能是狮子或老虎。这种不一致性可能是我们寻找卧底的一个线索。
2024-12-13 11:42:11,950 - 2 - INFO - **********JUDGER**********
你刚刚的分析是根据上述分析，我们可以比较描述中的一致性和不一致之处：

一致性：
- 玩家1、玩家3和玩家4的描述都强调了动物的力量、威严、捕猎技巧和统治地位，这些特征在狮子或老虎中尤为明显。

不一致之处：
- 玩家2的描述虽然也提到了动物的灵巧、敏捷、智能和社交行为，但没有强调力量、威严或捕猎技巧，这些特征在猴子中更为突出。
- 玩家2的描述中特别强调了动物在森林中的灵活性和社交结构，这是猴子独有的特征，而在玩家1、玩家3和玩家4的描述中并未提及。

因此，玩家2的描述在强调力量、威严和捕猎技巧方面与其他玩家的描述不一致，这可能是由于他的关键词是猴子，而其他玩家的关键词可能是狮子或老虎。这种不一致性可能是我们寻找卧底的一个线索。|| 请通过你分析的不一致之处，推断卧底身份，注意，这局游戏的词语分类为<动物>，卧底词和平民词都属于该类。
2024-12-13 11:42:21,657 - 2 - INFO - **********PLAYER2**********
基于分析中提到的不一致之处，结合游戏规则和词语分类为<动物>，我们可以推断：

- 玩家1、玩家3和玩家4的描述都强调了力量、威严、捕猎技巧和统治地位，这些特征更符合狮子或老虎的描述。
- 玩家2的描述虽然提到了灵巧、敏捷、智能和社交行为，但没有强调力量、威严或捕猎技巧，这些特征更符合猴子的描述。

因此，根据描述的不一致性和游戏规则，玩家2可能是卧底。
2024-12-13 11:42:21,657 - 2 - INFO - **********JUDGER**********
你刚刚的推断是基于分析中提到的不一致之处，结合游戏规则和词语分类为<动物>，我们可以推断：

- 玩家1、玩家3和玩家4的描述都强调了力量、威严、捕猎技巧和统治地位，这些特征更符合狮子或老虎的描述。
- 玩家2的描述虽然提到了灵巧、敏捷、智能和社交行为，但没有强调力量、威严或捕猎技巧，这些特征更符合猴子的描述。

因此，根据描述的不一致性和游戏规则，玩家2可能是卧底。|| 基于你刚刚的推断得出你的最终结论，请输出你认为的卧底，在这种情况下只需要输出编号，是1-4中的某个数字，不要输出其他信息。在这个过程不要进行任何推理，只对||以前的部分进行信息提取
2024-12-13 11:42:22,851 - 2 - INFO - **********PLAYER2**********
2
2024-12-13 11:42:22,854 - 2 - INFO - **********JUDGER**********
你认为卧底是你自己。你现在需要随便选一个人投票。请输出一个数字，是1-4中的某个数字，但这个数字不能是2，不要输出其他信息。
2024-12-13 11:42:23,944 - 2 - INFO - **********PLAYER2**********
3
