2024-12-13 11:37:40,956 - 3 - INFO - **********JUDGER**********
让我们来玩一个叫做<谁是卧底>的推理游戏。基本规则：<人数>：4人。<角色分配>：每位玩家随机抽取一个词语，3名玩家拿到的词语是相同的（平民词），1名玩家拿到与之相近但不同的词语（卧底词）。<游戏流程>：1、玩家轮流描述自己的词语，但<不能>直接说出词语本身。2、描述完毕后，投票选出最像卧底的玩家。3、每轮结束后，被投票选出的玩家出局，不能再进行描述或投票。4、每轮投票结束后，如果卧底被成功找出，平民方获胜；如果卧底未被找出且卧底人数等于或超过平民人数，则卧底方获胜。你将扮演一个<玩家>，请等待你被分配到的关键词。如果你听懂了，只回答，"好的，我准备好参加游戏了"，不要输出别的信息
2024-12-13 11:37:41,606 - 3 - INFO - **********PLAYER3**********
好的，我准备好参加游戏了
2024-12-13 11:37:46,087 - 3 - INFO - **********JUDGER**********
玩家1说：它是一种有强大威慑力的动物，有着锋利的爪牙和强大的力量。在同类中，它以斑斓的皮毛和独特的条纹最为引人注目。玩家2说：它是一种灵巧的生物，拥有灵活的手指和尾巴，能够进行复杂的行为。在同类中，它以其智能和善于模仿的能力最为显著。玩家3说：玩家4说：|| 你是第3号玩家，你的关键词是<老虎>。你的回答中绝对不能包含你的关键词<老虎>。这是第一轮描述，不需要分析||之前别的玩家的描述，请你描述关键词基本特征，注意，这局游戏的词语分类为<动物>，卧底词和平民词都属于该类，描述包括以下两点，1.他的基本特征是什么2.他在该类（动物）中最突出不同的特征是什么，尽量简短
2024-12-13 11:37:47,184 - 3 - INFO - **********PLAYER3**********
它是一种生活在森林和草原上的食肉动物，拥有强壮的体魄和尖锐的牙齿。在该类动物中，它以其威猛的形象和统治地位最为特别。
2024-12-13 11:38:47,125 - 3 - INFO - **********JUDGER**********
玩家1说：它是一种有强大威慑力的动物，有着锋利的爪牙和强大的力量。在同类中，它以斑斓的皮毛和独特的条纹最为引人注目。玩家2说：它是一种灵巧的生物，拥有灵活的手指和尾巴，能够进行复杂的行为。在同类中，它以其智能和善于模仿的能力最为显著。玩家3说：它是一种生活在森林和草原上的食肉动物，拥有强壮的体魄和尖锐的牙齿。在该类动物中，它以其威猛的形象和统治地位最为特别。玩家4说：||在这个游戏中，我们需要通过分析每位玩家的描述来找出卧底。通常，平民的描述会围绕相同的词语展开，而卧底的描述可能会因为词语的不同而显得不太一致。我们需要仔细比较每个描述之间的相似性和差异性，以找出可能的卧底，注意，卧底并不会隐藏自己，他会直接描述他的词语，现在，逐一分析每个玩家的描述，注意，这局游戏的词语分类为<动物>，卧底词和平民词都属于该类。这是第一轮描述。
2024-12-13 11:38:54,131 - 3 - INFO - **********PLAYER3**********
玩家1的描述强调动物的力量和外观特征，提到“强大威慑力”、“锋利的爪牙”、“强大的力量”以及“斑斓的皮毛”和“独特的条纹”。

玩家2的描述提到动物的灵巧、灵活的手指、尾巴，以及智能和模仿能力。

玩家3的描述与玩家1的描述相似，提到了动物的生活环境、食肉特性、强壮的体魄和尖锐的牙齿，以及威猛的形象和统治地位。

玩家4的描述似乎是在解释游戏规则和如何分析描述，而不是在描述一个动物。

根据这些描述，玩家4的描述与其他三人的描述内容不一致，他没有提供关于动物的特征描述。因此，玩家4可能是卧底，因为他没有像其他玩家那样描述一个动物的特征。其他三人的描述都围绕着一个动物的特征展开，而玩家4的描述则是关于游戏分析的指导，这可能是为了误导其他玩家。
2024-12-13 11:38:54,133 - 3 - INFO - **********JUDGER**********
你刚刚的分析是玩家1的描述强调动物的力量和外观特征，提到“强大威慑力”、“锋利的爪牙”、“强大的力量”以及“斑斓的皮毛”和“独特的条纹”。

玩家2的描述提到动物的灵巧、灵活的手指、尾巴，以及智能和模仿能力。

玩家3的描述与玩家1的描述相似，提到了动物的生活环境、食肉特性、强壮的体魄和尖锐的牙齿，以及威猛的形象和统治地位。

玩家4的描述似乎是在解释游戏规则和如何分析描述，而不是在描述一个动物。

根据这些描述，玩家4的描述与其他三人的描述内容不一致，他没有提供关于动物的特征描述。因此，玩家4可能是卧底，因为他没有像其他玩家那样描述一个动物的特征。其他三人的描述都围绕着一个动物的特征展开，而玩家4的描述则是关于游戏分析的指导，这可能是为了误导其他玩家。|| `请根据上述分析，比较描述以找出不一致之处，注意，这局游戏的词语分类为<动物>，卧底词和平民词都属于该类。
2024-12-13 11:39:05,016 - 3 - INFO - **********PLAYER3**********
根据上述分析，我们可以比较描述中的一致性和不一致性如下：

- 玩家1和玩家3的描述都强调了动物的力量、外观特征和统治地位。他们都提到了动物的生活环境（森林和草原），食肉特性（强壮的体魄和尖锐的牙齿），以及动物在同类中的显著特征（威猛的形象和统治地位）。
- 玩家2的描述则侧重于动物的灵巧性、智能和模仿能力，提到了灵活的手指、尾巴，以及动物的复杂行为。
- 玩家4的描述与动物特征无关，而是提供了关于游戏规则和描述分析的建议。

不一致之处在于：

- 玩家4的描述与动物特征完全无关，而其他三人的描述都在描述动物的特征。
- 玩家2的描述与玩家1和玩家3的描述在强调的特征上有所不同，玩家2更侧重于动物的智能和模仿能力，而玩家1和玩家3更侧重于力量和外观特征。

因此，玩家4可能是卧底，因为他的描述与游戏的主题不一致，而玩家2的描述则与玩家1和玩家3的描述在强调的特征上有所不同，这可能导致玩家2是卧底或持有不同但仍然属于同一类别的词语。需要进一步的描述和分析来确定谁是卧底。
2024-12-13 11:39:05,027 - 3 - INFO - **********JUDGER**********
你刚刚的分析是根据上述分析，我们可以比较描述中的一致性和不一致性如下：

- 玩家1和玩家3的描述都强调了动物的力量、外观特征和统治地位。他们都提到了动物的生活环境（森林和草原），食肉特性（强壮的体魄和尖锐的牙齿），以及动物在同类中的显著特征（威猛的形象和统治地位）。
- 玩家2的描述则侧重于动物的灵巧性、智能和模仿能力，提到了灵活的手指、尾巴，以及动物的复杂行为。
- 玩家4的描述与动物特征无关，而是提供了关于游戏规则和描述分析的建议。

不一致之处在于：

- 玩家4的描述与动物特征完全无关，而其他三人的描述都在描述动物的特征。
- 玩家2的描述与玩家1和玩家3的描述在强调的特征上有所不同，玩家2更侧重于动物的智能和模仿能力，而玩家1和玩家3更侧重于力量和外观特征。

因此，玩家4可能是卧底，因为他的描述与游戏的主题不一致，而玩家2的描述则与玩家1和玩家3的描述在强调的特征上有所不同，这可能导致玩家2是卧底或持有不同但仍然属于同一类别的词语。需要进一步的描述和分析来确定谁是卧底。|| 请通过你分析的不一致之处，推断卧底身份，注意，这局游戏的词语分类为<动物>，卧底词和平民词都属于该类。
2024-12-13 11:39:15,830 - 3 - INFO - **********PLAYER3**********
基于上述分析，我们可以做出以下推断：

- 玩家4的描述与动物特征无关，他提供了游戏规则和分析建议，这表明他的描述与游戏的主题不一致，因此玩家4很可能是卧底。
- 玩家2的描述虽然与玩家1和玩家3的描述在强调的特征上有所不同，但仍然在描述动物的特征，即动物的智能和模仿能力。如果玩家2是卧底，那么他的词语可能是一个与玩家1和玩家3的词语（如老虎）属于同一类别但具有不同特征的动物。

考虑到游戏的词语分类为<动物>，且卧底词和平民词都属于该类，以下是一些可能的情景：

1. 如果玩家2的词语是一个与老虎相似但具有不同特征的动物，比如狐狸（灵巧、智能、善于模仿），那么玩家2可能是卧底。
2. 如果玩家2的词语是一个与老虎完全不同的动物，比如狗（虽然也有智能和模仿能力，但与老虎的特征差异较大），那么玩家2也可能是卧底。

由于玩家4的描述与动物特征无关，他显然不可能是平民，因此玩家4是卧底的可能性最大。如果玩家2的描述是卧底词，那么他也会被识别出来。如果玩家的词语都是围绕老虎这个主题，那么玩家2可能是持有不同特征的动物（如狐狸）的卧底。最终，需要更多的描述和投票来确定谁是卧底。
2024-12-13 11:39:15,834 - 3 - INFO - **********JUDGER**********
你刚刚的推断是基于上述分析，我们可以做出以下推断：

- 玩家4的描述与动物特征无关，他提供了游戏规则和分析建议，这表明他的描述与游戏的主题不一致，因此玩家4很可能是卧底。
- 玩家2的描述虽然与玩家1和玩家3的描述在强调的特征上有所不同，但仍然在描述动物的特征，即动物的智能和模仿能力。如果玩家2是卧底，那么他的词语可能是一个与玩家1和玩家3的词语（如老虎）属于同一类别但具有不同特征的动物。

考虑到游戏的词语分类为<动物>，且卧底词和平民词都属于该类，以下是一些可能的情景：

1. 如果玩家2的词语是一个与老虎相似但具有不同特征的动物，比如狐狸（灵巧、智能、善于模仿），那么玩家2可能是卧底。
2. 如果玩家2的词语是一个与老虎完全不同的动物，比如狗（虽然也有智能和模仿能力，但与老虎的特征差异较大），那么玩家2也可能是卧底。

由于玩家4的描述与动物特征无关，他显然不可能是平民，因此玩家4是卧底的可能性最大。如果玩家2的描述是卧底词，那么他也会被识别出来。如果玩家的词语都是围绕老虎这个主题，那么玩家2可能是持有不同特征的动物（如狐狸）的卧底。最终，需要更多的描述和投票来确定谁是卧底。|| 基于你刚刚的推断得出你的最终结论，请输出你认为的卧底，在这种情况下只需要输出编号，是1-4中的某个数字，不要输出其他信息。在这个过程不要进行任何推理，只对||以前的部分进行信息提取
2024-12-13 11:39:16,497 - 3 - INFO - **********PLAYER3**********
4
2024-12-13 11:39:50,217 - 3 - INFO - **********JUDGER**********
玩家1说：它是一种有强大威慑力的动物，有着锋利的爪牙和强大的力量。在同类中，它以斑斓的皮毛和独特的条纹最为引人注目。这种动物在同类中以其力量和威严著称，它的存在常常让人敬畏。它拥有敏锐的感官和出色的捕猎技巧，这使得它在自然界中占据着重要的地位。它的皮毛色彩斑斓，条纹清晰，不仅使其在视觉上极具吸引力，也成为了它的自然伪装。这种动物的雄性个体通常比雌性个体更大，拥有更加明显的条纹，它们是森林和草原上的顶级捕食者，以其强大的攻击力和捕猎能力在同类中脱颖而出。玩家2说：它是一种灵巧的生物，拥有灵活的手指和尾巴，能够进行复杂的行为。在同类中，它以其智能和善于模仿的能力最为显著。这种动物以其敏捷的身手和灵活的运动能力著称，它们在森林中穿梭自如，善于攀爬和跳跃。它们的前肢特别发达，能够进行精细的操作，这使得它们在自然环境中能够灵活地处理各种任务。在同类中，它们以其社交行为和复杂的社会结构而闻名，经常在群体中展现出高度的协作和沟通能力。玩家3说：它是一种生活在森林和草原上的食肉动物，拥有强壮的体魄和尖锐的牙齿。在该类动物中，它以其威猛的形象和统治地位最为特别。玩家4说：它是一种有着强壮体格和锋利爪牙的动物，擅长捕猎。在同类中，它以其雄壮的体型和强大的攻击力最为突出。你是第3号玩家，你的关键词是<老虎>。你的回答中绝对不能包含你的关键词<老虎>。这是第二轮描述，你之前的描述是它是一种生活在森林和草原上的食肉动物，拥有强壮的体魄和尖锐的牙齿。在该类动物中，它以其威猛的形象和统治地位最为特别。，注意，这局游戏的词语分类为<动物>，卧底词和平民词都属于该类，请你补充关于关键词的描述，注意，你的描述应该比起之前的描述更加贴近关键词，作为之前的补充
2024-12-13 11:39:53,383 - 3 - INFO - **********PLAYER3**********
它是一种体型庞大的动物，以其强壮的颈部和宽阔的肩膀著称。它的前肢发达，适合抓握和扑击。它的皮毛通常呈黄色或橙色，带有黑色条纹，这些条纹有助于它在森林和草原中隐蔽。它以其独特的吼声和坚定的眼神在同类中显得格外威严。
2024-12-13 11:40:39,653 - 3 - INFO - **********JUDGER**********
玩家1说：它是一种有强大威慑力的动物，有着锋利的爪牙和强大的力量。在同类中，它以斑斓的皮毛和独特的条纹最为引人注目。这种动物在同类中以其力量和威严著称，它的存在常常让人敬畏。它拥有敏锐的感官和出色的捕猎技巧，这使得它在自然界中占据着重要的地位。它的皮毛色彩斑斓，条纹清晰，不仅使其在视觉上极具吸引力，也成为了它的自然伪装。这种动物的雄性个体通常比雌性个体更大，拥有更加明显的条纹，它们是森林和草原上的顶级捕食者，以其强大的攻击力和捕猎能力在同类中脱颖而出。玩家2说：它是一种灵巧的生物，拥有灵活的手指和尾巴，能够进行复杂的行为。在同类中，它以其智能和善于模仿的能力最为显著。这种动物以其敏捷的身手和灵活的运动能力著称，它们在森林中穿梭自如，善于攀爬和跳跃。它们的前肢特别发达，能够进行精细的操作，这使得它们在自然环境中能够灵活地处理各种任务。在同类中，它们以其社交行为和复杂的社会结构而闻名，经常在群体中展现出高度的协作和沟通能力。玩家3说：它是一种生活在森林和草原上的食肉动物，拥有强壮的体魄和尖锐的牙齿。在该类动物中，它以其威猛的形象和统治地位最为特别。它是一种体型庞大的动物，以其强壮的颈部和宽阔的肩膀著称。它的前肢发达，适合抓握和扑击。它的皮毛通常呈黄色或橙色，带有黑色条纹，这些条纹有助于它在森林和草原中隐蔽。它以其独特的吼声和坚定的眼神在同类中显得格外威严。玩家4说：它是一种有着强壮体格和锋利爪牙的动物，擅长捕猎。在同类中，它以其雄壮的体型和强大的攻击力最为突出。||在这个游戏中，我们需要通过分析每位玩家的描述来找出卧底。通常，平民的描述会围绕相同的词语展开，而卧底的描述可能会因为词语的不同而显得不太一致。我们需要仔细比较每个描述之间的相似性和差异性，以找出可能的卧底，注意，卧底并不会隐藏自己，他会直接描述他的词语，现在，逐一分析每个玩家的描述，注意，这局游戏的词语分类为<动物>，卧底词和平民词都属于该类。||之前是第2轮描述和之前轮数描述的合集。你之前认为的卧底是玩家4。
2024-12-13 11:40:40,849 - 3 - INFO - **********PLAYER3**********
4
2024-12-13 11:40:40,849 - 3 - INFO - **********JUDGER**********
你刚刚的分析是4|| `请根据上述分析，比较描述以找出不一致之处，注意，这局游戏的词语分类为<动物>，卧底词和平民词都属于该类。
2024-12-13 11:40:51,783 - 3 - INFO - **********PLAYER3**********
根据上述分析，我们可以比较描述中的一致性和不一致性如下：

- 玩家1的描述强调了老虎的力量、威严、敏锐的感官、出色的捕猎技巧，以及斑斓的皮毛和独特的条纹。
- 玩家2的描述提到了一个灵巧的生物，拥有灵活的手指和尾巴，智能和模仿能力，敏捷的身手，灵活的运动能力，社交行为和复杂的社会结构。
- 玩家3的描述再次强调了老虎的力量、威猛的形象、统治地位、强壮的颈部、宽阔的肩膀、发达的前肢，以及皮毛的黄色或橙色和黑色条纹。
- 玩家4的描述提到了一个有着强壮体格和锋利爪牙的动物，擅长捕猎，雄壮的体型和强大的攻击力。

不一致之处在于：

- 玩家2的描述与其他三人的描述在动物的特征上存在显著差异。玩家2描述的动物具有智能、模仿能力、社交行为和复杂的社会结构，这些特征与玩家1、玩家3和玩家4描述的老虎的特征不符。
- 玩家4的描述虽然提到了强壮体格、锋利爪牙、擅长捕猎和强大的攻击力，但没有提及老虎特有的条纹和威严的形象，这与玩家1和玩家3的描述有所区别。

因此，玩家2的描述在动物特征上与其他玩家不一致，这表明他可能是卧底，因为他描述的动物特征与老虎不符。玩家4的描述虽然与老虎的一些特征相符，但没有提及条纹等独特特征，这可能意味着他也有可能是卧底，或者持有与老虎相似但不同特征的动物。
2024-12-13 11:40:51,789 - 3 - INFO - **********JUDGER**********
你刚刚的分析是根据上述分析，我们可以比较描述中的一致性和不一致性如下：

- 玩家1的描述强调了老虎的力量、威严、敏锐的感官、出色的捕猎技巧，以及斑斓的皮毛和独特的条纹。
- 玩家2的描述提到了一个灵巧的生物，拥有灵活的手指和尾巴，智能和模仿能力，敏捷的身手，灵活的运动能力，社交行为和复杂的社会结构。
- 玩家3的描述再次强调了老虎的力量、威猛的形象、统治地位、强壮的颈部、宽阔的肩膀、发达的前肢，以及皮毛的黄色或橙色和黑色条纹。
- 玩家4的描述提到了一个有着强壮体格和锋利爪牙的动物，擅长捕猎，雄壮的体型和强大的攻击力。

不一致之处在于：

- 玩家2的描述与其他三人的描述在动物的特征上存在显著差异。玩家2描述的动物具有智能、模仿能力、社交行为和复杂的社会结构，这些特征与玩家1、玩家3和玩家4描述的老虎的特征不符。
- 玩家4的描述虽然提到了强壮体格、锋利爪牙、擅长捕猎和强大的攻击力，但没有提及老虎特有的条纹和威严的形象，这与玩家1和玩家3的描述有所区别。

因此，玩家2的描述在动物特征上与其他玩家不一致，这表明他可能是卧底，因为他描述的动物特征与老虎不符。玩家4的描述虽然与老虎的一些特征相符，但没有提及条纹等独特特征，这可能意味着他也有可能是卧底，或者持有与老虎相似但不同特征的动物。|| 请通过你分析的不一致之处，推断卧底身份，注意，这局游戏的词语分类为<动物>，卧底词和平民词都属于该类。
2024-12-13 11:40:52,535 - 3 - INFO - **********PLAYER3**********
2
2024-12-13 11:40:52,536 - 3 - INFO - **********JUDGER**********
你刚刚的推断是2|| 基于你刚刚的推断得出你的最终结论，请输出你认为的卧底，在这种情况下只需要输出编号，是1-4中的某个数字，不要输出其他信息。在这个过程不要进行任何推理，只对||以前的部分进行信息提取
2024-12-13 11:40:53,216 - 3 - INFO - **********PLAYER3**********
2
2024-12-13 11:41:31,976 - 3 - INFO - **********JUDGER**********
玩家1说：它是一种有强大威慑力的动物，有着锋利的爪牙和强大的力量。在同类中，它以斑斓的皮毛和独特的条纹最为引人注目。这种动物在同类中以其力量和威严著称，它的存在常常让人敬畏。它拥有敏锐的感官和出色的捕猎技巧，这使得它在自然界中占据着重要的地位。它的皮毛色彩斑斓，条纹清晰，不仅使其在视觉上极具吸引力，也成为了它的自然伪装。这种动物的雄性个体通常比雌性个体更大，拥有更加明显的条纹，它们是森林和草原上的顶级捕食者，以其强大的攻击力和捕猎能力在同类中脱颖而出。这种动物以其威猛的姿态和强大的体格著称，它在同类中是力量的象征。它的感官非常敏锐，能够迅速捕捉猎物的踪迹。它的皮毛呈现出独特的色彩，这些色彩不仅美观，而且在自然环境中起到了很好的伪装作用。这种动物在捕猎时展现出惊人的速度和力量，它是森林和草原上的统治者，以其统治地位和强大的攻击力而闻名。玩家2说：它是一种灵巧的生物，拥有灵活的手指和尾巴，能够进行复杂的行为。在同类中，它以其智能和善于模仿的能力最为显著。这种动物以其敏捷的身手和灵活的运动能力著称，它们在森林中穿梭自如，善于攀爬和跳跃。它们的前肢特别发达，能够进行精细的操作，这使得它们在自然环境中能够灵活地处理各种任务。在同类中，它们以其社交行为和复杂的社会结构而闻名，经常在群体中展现出高度的协作和沟通能力。这种动物以其高度协调的动作和快速的反应速度而闻名，它们在树上和地面之间自如切换，展现出惊人的灵活性和敏捷性。它们的身体结构适应了树栖生活，有着适合攀爬的长臂和灵活的关节。在同类中，它们以其独特的行为模式和社会互动而著称，特别是在解决冲突和分享食物时展现出的复杂社交技巧。这种动物还以其鲜艳的体毛和多样的面部表情而知名，这些特征有助于它们在群体中识别彼此。玩家3说：它是一种生活在森林和草原上的食肉动物，拥有强壮的体魄和尖锐的牙齿。在该类动物中，它以其威猛的形象和统治地位最为特别。它是一种体型庞大的动物，以其强壮的颈部和宽阔的肩膀著称。它的前肢发达，适合抓握和扑击。它的皮毛通常呈黄色或橙色，带有黑色条纹，这些条纹有助于它在森林和草原中隐蔽。它以其独特的吼声和坚定的眼神在同类中显得格外威严。玩家4说：它是一种有着强壮体格和锋利爪牙的动物，擅长捕猎。在同类中，它以其雄壮的体型和强大的攻击力最为突出。它是一种在同类中以其威严和力量著称的动物，它的皮毛色彩斑斓，条纹清晰，这不仅使其在视觉上极具吸引力，也成为了它的自然伪装。这种动物通常体型庞大，雄性个体比雌性个体更大，拥有更加明显的条纹。它是森林和草原上的顶级捕食者，以其敏锐的感官和出色的捕猎技巧在自然界中占据着重要的地位。它的存在常常让人敬畏，它的吼声和坚定的眼神在同类中显得格外威严。你是第3号玩家，你的关键词是<老虎>。你的回答中绝对不能包含你的关键词<老虎>。这是第三轮描述，你之前的描述是它是一种生活在森林和草原上的食肉动物，拥有强壮的体魄和尖锐的牙齿。在该类动物中，它以其威猛的形象和统治地位最为特别。和它是一种体型庞大的动物，以其强壮的颈部和宽阔的肩膀著称。它的前肢发达，适合抓握和扑击。它的皮毛通常呈黄色或橙色，带有黑色条纹，这些条纹有助于它在森林和草原中隐蔽。它以其独特的吼声和坚定的眼神在同类中显得格外威严。，注意，这局游戏的词语分类为<动物>，卧底词和平民词都属于该类，请你补充关于关键词的描述，注意，你的描述应该比起之前的描述更加贴近关键词，作为之前的补充
2024-12-13 11:41:35,108 - 3 - INFO - **********PLAYER3**********
它是一种强大的动物，以其强大的咬合力和锋利的爪子著称。它在同类中占有统治地位，通常在夜间活动，依靠敏锐的听觉和嗅觉来捕捉猎物。它的皮毛色彩和条纹可以帮助它在狩猎时隐蔽自己。它的体型庞大，雄性个体通常比雌性个体更大，拥有更加明显的条纹。它是森林和草原上的顶级捕食者，以其威猛的形象和统治地位而闻名。
2024-12-13 11:42:23,945 - 3 - INFO - **********JUDGER**********
玩家1说：它是一种有强大威慑力的动物，有着锋利的爪牙和强大的力量。在同类中，它以斑斓的皮毛和独特的条纹最为引人注目。这种动物在同类中以其力量和威严著称，它的存在常常让人敬畏。它拥有敏锐的感官和出色的捕猎技巧，这使得它在自然界中占据着重要的地位。它的皮毛色彩斑斓，条纹清晰，不仅使其在视觉上极具吸引力，也成为了它的自然伪装。这种动物的雄性个体通常比雌性个体更大，拥有更加明显的条纹，它们是森林和草原上的顶级捕食者，以其强大的攻击力和捕猎能力在同类中脱颖而出。这种动物以其威猛的姿态和强大的体格著称，它在同类中是力量的象征。它的感官非常敏锐，能够迅速捕捉猎物的踪迹。它的皮毛呈现出独特的色彩，这些色彩不仅美观，而且在自然环境中起到了很好的伪装作用。这种动物在捕猎时展现出惊人的速度和力量，它是森林和草原上的统治者，以其统治地位和强大的攻击力而闻名。玩家2说：它是一种灵巧的生物，拥有灵活的手指和尾巴，能够进行复杂的行为。在同类中，它以其智能和善于模仿的能力最为显著。这种动物以其敏捷的身手和灵活的运动能力著称，它们在森林中穿梭自如，善于攀爬和跳跃。它们的前肢特别发达，能够进行精细的操作，这使得它们在自然环境中能够灵活地处理各种任务。在同类中，它们以其社交行为和复杂的社会结构而闻名，经常在群体中展现出高度的协作和沟通能力。这种动物以其高度协调的动作和快速的反应速度而闻名，它们在树上和地面之间自如切换，展现出惊人的灵活性和敏捷性。它们的身体结构适应了树栖生活，有着适合攀爬的长臂和灵活的关节。在同类中，它们以其独特的行为模式和社会互动而著称，特别是在解决冲突和分享食物时展现出的复杂社交技巧。这种动物还以其鲜艳的体毛和多样的面部表情而知名，这些特征有助于它们在群体中识别彼此。玩家3说：它是一种生活在森林和草原上的食肉动物，拥有强壮的体魄和尖锐的牙齿。在该类动物中，它以其威猛的形象和统治地位最为特别。它是一种体型庞大的动物，以其强壮的颈部和宽阔的肩膀著称。它的前肢发达，适合抓握和扑击。它的皮毛通常呈黄色或橙色，带有黑色条纹，这些条纹有助于它在森林和草原中隐蔽。它以其独特的吼声和坚定的眼神在同类中显得格外威严。它是一种强大的动物，以其强大的咬合力和锋利的爪子著称。它在同类中占有统治地位，通常在夜间活动，依靠敏锐的听觉和嗅觉来捕捉猎物。它的皮毛色彩和条纹可以帮助它在狩猎时隐蔽自己。它的体型庞大，雄性个体通常比雌性个体更大，拥有更加明显的条纹。它是森林和草原上的顶级捕食者，以其威猛的形象和统治地位而闻名。玩家4说：它是一种有着强壮体格和锋利爪牙的动物，擅长捕猎。在同类中，它以其雄壮的体型和强大的攻击力最为突出。它是一种在同类中以其威严和力量著称的动物，它的皮毛色彩斑斓，条纹清晰，这不仅使其在视觉上极具吸引力，也成为了它的自然伪装。这种动物通常体型庞大，雄性个体比雌性个体更大，拥有更加明显的条纹。它是森林和草原上的顶级捕食者，以其敏锐的感官和出色的捕猎技巧在自然界中占据着重要的地位。它的存在常常让人敬畏，它的吼声和坚定的眼神在同类中显得格外威严。它是一种威猛的动物，以其强大的体格和锋利的爪牙著称。在同类中，它以其独特的领地和统治地位而闻名。它的皮毛呈现出深浅不一的斑驳色彩，条纹清晰可见，这不仅使其在视觉上极具吸引力，也成为了它在森林和草原中的自然伪装。这种动物在捕猎时展现出惊人的速度和力量，它是同类中的顶级捕食者，以其捕猎技巧和生存能力在自然界中占据着至关重要的地位。它的存在常常让人敬畏，它的吼声在同类中显得格外威严。||在这个游戏中，我们需要通过分析每位玩家的描述来找出卧底。通常，平民的描述会围绕相同的词语展开，而卧底的描述可能会因为词语的不同而显得不太一致。我们需要仔细比较每个描述之间的相似性和差异性，以找出可能的卧底，注意，卧底并不会隐藏自己，他会直接描述他的词语，现在，逐一分析每个玩家的描述，注意，这局游戏的词语分类为<动物>，卧底词和平民词都属于该类。||之前是第3轮描述和之前轮数描述的合集。你之前认为的卧底是玩家2。
2024-12-13 11:42:25,160 - 3 - INFO - **********PLAYER3**********
2
2024-12-13 11:42:25,161 - 3 - INFO - **********JUDGER**********
你刚刚的分析是2|| `请根据上述分析，比较描述以找出不一致之处，注意，这局游戏的词语分类为<动物>，卧底词和平民词都属于该类。
2024-12-13 11:42:35,275 - 3 - INFO - **********PLAYER3**********
在比较玩家的描述时，我们可以注意到以下不一致之处：

- 玩家1、玩家3和玩家4的描述都强调了动物的强大威慑力、锋利的爪牙、强大的力量、斑斓的皮毛、独特的条纹、敏锐的感官、出色的捕猎技巧、雄性个体通常比雌性个体更大、雄性个体拥有更加明显的条纹、森林和草原上的顶级捕食者、威猛的形象、统治地位、独特的吼声和坚定的眼神、皮毛的伪装作用、惊人的速度和力量、捕猎技巧和生存能力、威严和力量等特征。

- 玩家2的描述则强调了动物的灵巧性、灵活的手指和尾巴、复杂的行为、智能、模仿能力、敏捷的身手、灵活的运动能力、社交行为、复杂的社会结构、高度协调的动作、快速的反应速度、树栖生活、适合攀爬的长臂、灵活的关节、独特的行为模式、社会互动、鲜艳的体毛、多样的面部表情、在群体中识别彼此等特征。

不一致之处在于：

- 玩家2的描述与玩家1、玩家3和玩家4的描述在强调的特征上存在显著差异。玩家2的描述更侧重于动物的智能、社交行为和社会结构，而其他玩家的描述则更侧重于动物的力量、捕猎能力和外观特征。

因此，玩家2的描述在动物特征上与其他玩家不一致，这表明他可能是卧底，因为他描述的动物特征与老虎不符。其他玩家的描述则更倾向于描述同一类动物（如老虎）的特征。
2024-12-13 11:42:35,288 - 3 - INFO - **********JUDGER**********
你刚刚的分析是在比较玩家的描述时，我们可以注意到以下不一致之处：

- 玩家1、玩家3和玩家4的描述都强调了动物的强大威慑力、锋利的爪牙、强大的力量、斑斓的皮毛、独特的条纹、敏锐的感官、出色的捕猎技巧、雄性个体通常比雌性个体更大、雄性个体拥有更加明显的条纹、森林和草原上的顶级捕食者、威猛的形象、统治地位、独特的吼声和坚定的眼神、皮毛的伪装作用、惊人的速度和力量、捕猎技巧和生存能力、威严和力量等特征。

- 玩家2的描述则强调了动物的灵巧性、灵活的手指和尾巴、复杂的行为、智能、模仿能力、敏捷的身手、灵活的运动能力、社交行为、复杂的社会结构、高度协调的动作、快速的反应速度、树栖生活、适合攀爬的长臂、灵活的关节、独特的行为模式、社会互动、鲜艳的体毛、多样的面部表情、在群体中识别彼此等特征。

不一致之处在于：

- 玩家2的描述与玩家1、玩家3和玩家4的描述在强调的特征上存在显著差异。玩家2的描述更侧重于动物的智能、社交行为和社会结构，而其他玩家的描述则更侧重于动物的力量、捕猎能力和外观特征。

因此，玩家2的描述在动物特征上与其他玩家不一致，这表明他可能是卧底，因为他描述的动物特征与老虎不符。其他玩家的描述则更倾向于描述同一类动物（如老虎）的特征。|| 请通过你分析的不一致之处，推断卧底身份，注意，这局游戏的词语分类为<动物>，卧底词和平民词都属于该类。
2024-12-13 11:42:36,499 - 3 - INFO - **********PLAYER3**********
2
2024-12-13 11:42:36,501 - 3 - INFO - **********JUDGER**********
你刚刚的推断是2|| 基于你刚刚的推断得出你的最终结论，请输出你认为的卧底，在这种情况下只需要输出编号，是1-4中的某个数字，不要输出其他信息。在这个过程不要进行任何推理，只对||以前的部分进行信息提取
2024-12-13 11:42:37,475 - 3 - INFO - **********PLAYER3**********
2
