2024-12-13 11:37:42,556 - 4 - INFO - **********JUDGER**********
让我们来玩一个叫做<谁是卧底>的推理游戏。基本规则：<人数>：4人。<角色分配>：每位玩家随机抽取一个词语，3名玩家拿到的词语是相同的（平民词），1名玩家拿到与之相近但不同的词语（卧底词）。<游戏流程>：1、玩家轮流描述自己的词语，但<不能>直接说出词语本身。2、描述完毕后，投票选出最像卧底的玩家。3、每轮结束后，被投票选出的玩家出局，不能再进行描述或投票。4、每轮投票结束后，如果卧底被成功找出，平民方获胜；如果卧底未被找出且卧底人数等于或超过平民人数，则卧底方获胜。你将扮演一个<玩家>，请等待你被分配到的关键词。如果你听懂了，只回答，"好的，我准备好参加游戏了"，不要输出别的信息
2024-12-13 11:37:43,207 - 4 - INFO - **********PLAYER4**********
好的，我准备好参加游戏了
2024-12-13 11:37:47,185 - 4 - INFO - **********JUDGER**********
玩家1说：它是一种有强大威慑力的动物，有着锋利的爪牙和强大的力量。在同类中，它以斑斓的皮毛和独特的条纹最为引人注目。玩家2说：它是一种灵巧的生物，拥有灵活的手指和尾巴，能够进行复杂的行为。在同类中，它以其智能和善于模仿的能力最为显著。玩家3说：它是一种生活在森林和草原上的食肉动物，拥有强壮的体魄和尖锐的牙齿。在该类动物中，它以其威猛的形象和统治地位最为特别。玩家4说：|| 你是第4号玩家，你的关键词是<老虎>。你的回答中绝对不能包含你的关键词<老虎>。这是第一轮描述，不需要分析||之前别的玩家的描述，请你描述关键词基本特征，注意，这局游戏的词语分类为<动物>，卧底词和平民词都属于该类，描述包括以下两点，1.他的基本特征是什么2.他在该类（动物）中最突出不同的特征是什么，尽量简短
2024-12-13 11:37:48,758 - 4 - INFO - **********PLAYER4**********
它是一种有着强壮体格和锋利爪牙的动物，擅长捕猎。在同类中，它以其雄壮的体型和强大的攻击力最为突出。
2024-12-13 11:39:16,497 - 4 - INFO - **********JUDGER**********
玩家1说：它是一种有强大威慑力的动物，有着锋利的爪牙和强大的力量。在同类中，它以斑斓的皮毛和独特的条纹最为引人注目。玩家2说：它是一种灵巧的生物，拥有灵活的手指和尾巴，能够进行复杂的行为。在同类中，它以其智能和善于模仿的能力最为显著。玩家3说：它是一种生活在森林和草原上的食肉动物，拥有强壮的体魄和尖锐的牙齿。在该类动物中，它以其威猛的形象和统治地位最为特别。玩家4说：||在这个游戏中，我们需要通过分析每位玩家的描述来找出卧底。通常，平民的描述会围绕相同的词语展开，而卧底的描述可能会因为词语的不同而显得不太一致。我们需要仔细比较每个描述之间的相似性和差异性，以找出可能的卧底，注意，卧底并不会隐藏自己，他会直接描述他的词语，现在，逐一分析每个玩家的描述，注意，这局游戏的词语分类为<动物>，卧底词和平民词都属于该类。这是第一轮描述。
2024-12-13 11:39:26,153 - 4 - INFO - **********PLAYER4**********
根据玩家1、玩家2和玩家3的描述，他们都在描述一种有强大威慑力、拥有锋利爪牙和强壮体魄的食肉动物。玩家1提到了斑斓的皮毛和独特的条纹，这可能是某种具有明显特征的动物，如老虎。玩家2强调了灵巧的手指、尾巴和智能，这听起来像是猴子或猿类。玩家3则直接提到了生活在森林和草原上的食肉动物，并强调了其威猛的形象和统治地位，这很符合狮子或老虎的特点。

玩家4的描述中，没有提到具体的动物特征，而是强调了通过分析描述来找出卧底的方法，这可能是为了引导大家注意描述的内容，而不是直接揭示自己的词语。因此，玩家4的描述可能是为了误导，他的词语可能与食肉动物有关，但描述中并未给出明确的线索。

综上所述，玩家4的描述可能存在误导性，需要进一步观察他的行为和后续描述来判断是否为卧底。
2024-12-13 11:39:26,154 - 4 - INFO - **********JUDGER**********
你刚刚的分析是根据玩家1、玩家2和玩家3的描述，他们都在描述一种有强大威慑力、拥有锋利爪牙和强壮体魄的食肉动物。玩家1提到了斑斓的皮毛和独特的条纹，这可能是某种具有明显特征的动物，如老虎。玩家2强调了灵巧的手指、尾巴和智能，这听起来像是猴子或猿类。玩家3则直接提到了生活在森林和草原上的食肉动物，并强调了其威猛的形象和统治地位，这很符合狮子或老虎的特点。

玩家4的描述中，没有提到具体的动物特征，而是强调了通过分析描述来找出卧底的方法，这可能是为了引导大家注意描述的内容，而不是直接揭示自己的词语。因此，玩家4的描述可能是为了误导，他的词语可能与食肉动物有关，但描述中并未给出明确的线索。

综上所述，玩家4的描述可能存在误导性，需要进一步观察他的行为和后续描述来判断是否为卧底。|| `请根据上述分析，比较描述以找出不一致之处，注意，这局游戏的词语分类为<动物>，卧底词和平民词都属于该类。
2024-12-13 11:39:34,575 - 4 - INFO - **********PLAYER4**********
根据上述分析，我们可以比较玩家的描述来寻找不一致之处：

1. 玩家1描述了一种有强大威慑力的动物，拥有斑斓的皮毛和独特的条纹。这种描述符合老虎的特征。

2. 玩家2描述了一种灵巧的生物，拥有灵活的手指和尾巴，以及智能和模仿能力。这种描述更像是猴子或猿类的特征。

3. 玩家3描述了一种生活在森林和草原上的食肉动物，拥有强壮的体魄和尖锐的牙齿，以及威猛的形象和统治地位。这种描述同样符合老虎或狮子的特征。

4. 玩家4的描述没有具体提及动物的特征，而是引导大家注意描述内容来找出卧底。这可能是为了误导，但并没有提供足够的信息来确定其词语。

不一致之处在于：

- 玩家1、玩家2和玩家3的描述都指向了特定的动物特征，而玩家4的描述没有提供具体的动物特征，这可能导致玩家4的描述与其他玩家不同。
- 玩家2的描述与其他玩家相比，更侧重于动物的智能和模仿能力，而其他玩家更侧重于动物的体力和外观特征。

因此，玩家4的描述可能与卧底词不同，或者他的描述是为了混淆视听。需要进一步的信息或者观察其他玩家的行为来确认玩家4是否为卧底。
2024-12-13 11:39:34,580 - 4 - INFO - **********JUDGER**********
你刚刚的分析是根据上述分析，我们可以比较玩家的描述来寻找不一致之处：

1. 玩家1描述了一种有强大威慑力的动物，拥有斑斓的皮毛和独特的条纹。这种描述符合老虎的特征。

2. 玩家2描述了一种灵巧的生物，拥有灵活的手指和尾巴，以及智能和模仿能力。这种描述更像是猴子或猿类的特征。

3. 玩家3描述了一种生活在森林和草原上的食肉动物，拥有强壮的体魄和尖锐的牙齿，以及威猛的形象和统治地位。这种描述同样符合老虎或狮子的特征。

4. 玩家4的描述没有具体提及动物的特征，而是引导大家注意描述内容来找出卧底。这可能是为了误导，但并没有提供足够的信息来确定其词语。

不一致之处在于：

- 玩家1、玩家2和玩家3的描述都指向了特定的动物特征，而玩家4的描述没有提供具体的动物特征，这可能导致玩家4的描述与其他玩家不同。
- 玩家2的描述与其他玩家相比，更侧重于动物的智能和模仿能力，而其他玩家更侧重于动物的体力和外观特征。

因此，玩家4的描述可能与卧底词不同，或者他的描述是为了混淆视听。需要进一步的信息或者观察其他玩家的行为来确认玩家4是否为卧底。|| 请通过你分析的不一致之处，推断卧底身份，注意，这局游戏的词语分类为<动物>，卧底词和平民词都属于该类。
2024-12-13 11:39:42,706 - 4 - INFO - **********PLAYER4**********
基于分析中提到的不一致之处，我们可以进行以下推断：

1. 玩家1、玩家2和玩家3的描述都指向了具有强大威慑力、体力和外观特征的动物，这些描述更符合食肉动物如老虎或狮子。

2. 玩家4的描述没有具体提及动物的特征，而是强调了游戏规则和推理方法，这与其他玩家的具体动物描述形成了鲜明对比。

考虑到游戏规则中提到卧底词和平民词都属于动物类，且玩家4的描述没有提供动物的具体特征，这表明玩家4的描述可能是为了掩盖其卧底身份。玩家4可能是在故意引导大家关注描述分析的方法，而不是直接描述自己的动物词。

结合以上分析，玩家4很可能是卧底，因为他的描述与其他玩家的具体动物描述不一致，且没有提供任何具体的动物特征。这样的描述策略与卧底角色的隐藏意图相符。因此，根据这些线索，玩家4的词语可能是与食肉动物不同的动物，例如猴子或猿类，这与玩家2的描述更为接近。
2024-12-13 11:39:42,707 - 4 - INFO - **********JUDGER**********
你刚刚的推断是基于分析中提到的不一致之处，我们可以进行以下推断：

1. 玩家1、玩家2和玩家3的描述都指向了具有强大威慑力、体力和外观特征的动物，这些描述更符合食肉动物如老虎或狮子。

2. 玩家4的描述没有具体提及动物的特征，而是强调了游戏规则和推理方法，这与其他玩家的具体动物描述形成了鲜明对比。

考虑到游戏规则中提到卧底词和平民词都属于动物类，且玩家4的描述没有提供动物的具体特征，这表明玩家4的描述可能是为了掩盖其卧底身份。玩家4可能是在故意引导大家关注描述分析的方法，而不是直接描述自己的动物词。

结合以上分析，玩家4很可能是卧底，因为他的描述与其他玩家的具体动物描述不一致，且没有提供任何具体的动物特征。这样的描述策略与卧底角色的隐藏意图相符。因此，根据这些线索，玩家4的词语可能是与食肉动物不同的动物，例如猴子或猿类，这与玩家2的描述更为接近。|| 基于你刚刚的推断得出你的最终结论，请输出你认为的卧底，在这种情况下只需要输出编号，是1-4中的某个数字，不要输出其他信息。在这个过程不要进行任何推理，只对||以前的部分进行信息提取
2024-12-13 11:39:43,258 - 4 - INFO - **********PLAYER4**********
4
2024-12-13 11:39:53,394 - 4 - INFO - **********JUDGER**********
玩家1说：它是一种有强大威慑力的动物，有着锋利的爪牙和强大的力量。在同类中，它以斑斓的皮毛和独特的条纹最为引人注目。这种动物在同类中以其力量和威严著称，它的存在常常让人敬畏。它拥有敏锐的感官和出色的捕猎技巧，这使得它在自然界中占据着重要的地位。它的皮毛色彩斑斓，条纹清晰，不仅使其在视觉上极具吸引力，也成为了它的自然伪装。这种动物的雄性个体通常比雌性个体更大，拥有更加明显的条纹，它们是森林和草原上的顶级捕食者，以其强大的攻击力和捕猎能力在同类中脱颖而出。玩家2说：它是一种灵巧的生物，拥有灵活的手指和尾巴，能够进行复杂的行为。在同类中，它以其智能和善于模仿的能力最为显著。这种动物以其敏捷的身手和灵活的运动能力著称，它们在森林中穿梭自如，善于攀爬和跳跃。它们的前肢特别发达，能够进行精细的操作，这使得它们在自然环境中能够灵活地处理各种任务。在同类中，它们以其社交行为和复杂的社会结构而闻名，经常在群体中展现出高度的协作和沟通能力。玩家3说：它是一种生活在森林和草原上的食肉动物，拥有强壮的体魄和尖锐的牙齿。在该类动物中，它以其威猛的形象和统治地位最为特别。它是一种体型庞大的动物，以其强壮的颈部和宽阔的肩膀著称。它的前肢发达，适合抓握和扑击。它的皮毛通常呈黄色或橙色，带有黑色条纹，这些条纹有助于它在森林和草原中隐蔽。它以其独特的吼声和坚定的眼神在同类中显得格外威严。玩家4说：它是一种有着强壮体格和锋利爪牙的动物，擅长捕猎。在同类中，它以其雄壮的体型和强大的攻击力最为突出。你是第4号玩家，你的关键词是<老虎>。你的回答中绝对不能包含你的关键词<老虎>。这是第二轮描述，你之前的描述是它是一种有着强壮体格和锋利爪牙的动物，擅长捕猎。在同类中，它以其雄壮的体型和强大的攻击力最为突出。，注意，这局游戏的词语分类为<动物>，卧底词和平民词都属于该类，请你补充关于关键词的描述，注意，你的描述应该比起之前的描述更加贴近关键词，作为之前的补充
2024-12-13 11:39:56,773 - 4 - INFO - **********PLAYER4**********
它是一种在同类中以其威严和力量著称的动物，它的皮毛色彩斑斓，条纹清晰，这不仅使其在视觉上极具吸引力，也成为了它的自然伪装。这种动物通常体型庞大，雄性个体比雌性个体更大，拥有更加明显的条纹。它是森林和草原上的顶级捕食者，以其敏锐的感官和出色的捕猎技巧在自然界中占据着重要的地位。它的存在常常让人敬畏，它的吼声和坚定的眼神在同类中显得格外威严。
2024-12-13 11:40:53,219 - 4 - INFO - **********JUDGER**********
玩家1说：它是一种有强大威慑力的动物，有着锋利的爪牙和强大的力量。在同类中，它以斑斓的皮毛和独特的条纹最为引人注目。这种动物在同类中以其力量和威严著称，它的存在常常让人敬畏。它拥有敏锐的感官和出色的捕猎技巧，这使得它在自然界中占据着重要的地位。它的皮毛色彩斑斓，条纹清晰，不仅使其在视觉上极具吸引力，也成为了它的自然伪装。这种动物的雄性个体通常比雌性个体更大，拥有更加明显的条纹，它们是森林和草原上的顶级捕食者，以其强大的攻击力和捕猎能力在同类中脱颖而出。玩家2说：它是一种灵巧的生物，拥有灵活的手指和尾巴，能够进行复杂的行为。在同类中，它以其智能和善于模仿的能力最为显著。这种动物以其敏捷的身手和灵活的运动能力著称，它们在森林中穿梭自如，善于攀爬和跳跃。它们的前肢特别发达，能够进行精细的操作，这使得它们在自然环境中能够灵活地处理各种任务。在同类中，它们以其社交行为和复杂的社会结构而闻名，经常在群体中展现出高度的协作和沟通能力。玩家3说：它是一种生活在森林和草原上的食肉动物，拥有强壮的体魄和尖锐的牙齿。在该类动物中，它以其威猛的形象和统治地位最为特别。它是一种体型庞大的动物，以其强壮的颈部和宽阔的肩膀著称。它的前肢发达，适合抓握和扑击。它的皮毛通常呈黄色或橙色，带有黑色条纹，这些条纹有助于它在森林和草原中隐蔽。它以其独特的吼声和坚定的眼神在同类中显得格外威严。玩家4说：它是一种有着强壮体格和锋利爪牙的动物，擅长捕猎。在同类中，它以其雄壮的体型和强大的攻击力最为突出。||在这个游戏中，我们需要通过分析每位玩家的描述来找出卧底。通常，平民的描述会围绕相同的词语展开，而卧底的描述可能会因为词语的不同而显得不太一致。我们需要仔细比较每个描述之间的相似性和差异性，以找出可能的卧底，注意，卧底并不会隐藏自己，他会直接描述他的词语，现在，逐一分析每个玩家的描述，注意，这局游戏的词语分类为<动物>，卧底词和平民词都属于该类。||之前是第2轮描述和之前轮数描述的合集。你之前认为的卧底是玩家4。
2024-12-13 11:41:06,199 - 4 - INFO - **********PLAYER4**********
根据玩家1、玩家2、玩家3和玩家4的描述，我们可以进行以下分析：

- 玩家1的描述与玩家4的描述非常相似，都强调了动物的力量、体型和捕猎能力，以及皮毛的条纹特征。这种描述可能指向了同一类动物，如老虎或狮子。

- 玩家2的描述与玩家1和玩家4的描述有所不同，他强调了动物的灵巧、智能和社交行为，这听起来像是猴子或猿类。

- 玩家3的描述也强调了动物的食肉特性、体型和皮毛的条纹，与玩家1和玩家4的描述相似，但更具体地提到了生活在森林和草原上的特点，以及独特的吼声和眼神。

- 玩家4的描述与玩家1和玩家3的描述有重叠，但相比玩家1的描述，玩家4的描述更为简洁，没有提到皮毛的条纹或威严的形象。

基于这些分析，玩家4的描述与其他玩家的描述存在一定的相似性，但他的描述没有提供与玩家1和玩家3相同的详细特征，这可能导致他的描述与其他玩家不太一致。然而，由于玩家2的描述与玩家1、玩家3和玩家4的描述在主题上有所不同，这可能表明玩家2的描述与卧底词更不匹配。

因此，如果之前的推断是基于描述的不一致性和相似性，那么玩家4仍然是一个可能的卧底候选，因为他的描述与其他玩家的描述相似，但没有提供足够的独特性来排除他是卧底的可能性。然而，由于玩家2的描述在主题上与其他玩家不同，这也可能表明他是卧底。

综上所述，玩家4和玩家2都可能是卧底。
2024-12-13 11:41:06,205 - 4 - INFO - **********JUDGER**********
你刚刚的分析是根据玩家1、玩家2、玩家3和玩家4的描述，我们可以进行以下分析：

- 玩家1的描述与玩家4的描述非常相似，都强调了动物的力量、体型和捕猎能力，以及皮毛的条纹特征。这种描述可能指向了同一类动物，如老虎或狮子。

- 玩家2的描述与玩家1和玩家4的描述有所不同，他强调了动物的灵巧、智能和社交行为，这听起来像是猴子或猿类。

- 玩家3的描述也强调了动物的食肉特性、体型和皮毛的条纹，与玩家1和玩家4的描述相似，但更具体地提到了生活在森林和草原上的特点，以及独特的吼声和眼神。

- 玩家4的描述与玩家1和玩家3的描述有重叠，但相比玩家1的描述，玩家4的描述更为简洁，没有提到皮毛的条纹或威严的形象。

基于这些分析，玩家4的描述与其他玩家的描述存在一定的相似性，但他的描述没有提供与玩家1和玩家3相同的详细特征，这可能导致他的描述与其他玩家不太一致。然而，由于玩家2的描述与玩家1、玩家3和玩家4的描述在主题上有所不同，这可能表明玩家2的描述与卧底词更不匹配。

因此，如果之前的推断是基于描述的不一致性和相似性，那么玩家4仍然是一个可能的卧底候选，因为他的描述与其他玩家的描述相似，但没有提供足够的独特性来排除他是卧底的可能性。然而，由于玩家2的描述在主题上与其他玩家不同，这也可能表明他是卧底。

综上所述，玩家4和玩家2都可能是卧底。|| `请根据上述分析，比较描述以找出不一致之处，注意，这局游戏的词语分类为<动物>，卧底词和平民词都属于该类。
2024-12-13 11:41:14,620 - 4 - INFO - **********PLAYER4**********
根据上述分析，我们可以比较玩家的描述来找出不一致之处：

1. 玩家1和玩家4的描述都强调了动物的力量、体型、捕猎能力和皮毛的条纹特征，这表明他们可能描述的是同一类动物，如老虎或狮子。

2. 玩家3的描述与玩家1和玩家4的描述相似，也提到了动物的食肉特性、体型、皮毛条纹，以及生活在森林和草原上的特点。然而，玩家3的描述更加具体，提到了动物的吼声和眼神，这是玩家1和玩家4描述中未提及的。

3. 玩家2的描述与玩家1、玩家3和玩家4的描述在主题上有所不同。玩家2描述了一种灵巧的生物，拥有智能和模仿能力，以及敏捷的身手和社交行为，这听起来像是猴子或猿类。

不一致之处在于：

- 玩家2的描述与其他玩家的描述在动物类别的主题上存在显著差异，他的描述更偏向于智能和社交行为，而不是力量、体型或捕猎能力。
- 玩家3的描述虽然与玩家1和玩家4的描述相似，但提供了额外的具体特征，如吼声和眼神，这可能与他们描述的动物不完全相同。

因此，不一致之处可能表明玩家2的描述与卧底词更不匹配，而玩家3的描述虽然相似，但提供了额外的细节，可能也暗示了与玩家1和玩家4描述的动物有所不同。
2024-12-13 11:41:14,629 - 4 - INFO - **********JUDGER**********
你刚刚的分析是根据上述分析，我们可以比较玩家的描述来找出不一致之处：

1. 玩家1和玩家4的描述都强调了动物的力量、体型、捕猎能力和皮毛的条纹特征，这表明他们可能描述的是同一类动物，如老虎或狮子。

2. 玩家3的描述与玩家1和玩家4的描述相似，也提到了动物的食肉特性、体型、皮毛条纹，以及生活在森林和草原上的特点。然而，玩家3的描述更加具体，提到了动物的吼声和眼神，这是玩家1和玩家4描述中未提及的。

3. 玩家2的描述与玩家1、玩家3和玩家4的描述在主题上有所不同。玩家2描述了一种灵巧的生物，拥有智能和模仿能力，以及敏捷的身手和社交行为，这听起来像是猴子或猿类。

不一致之处在于：

- 玩家2的描述与其他玩家的描述在动物类别的主题上存在显著差异，他的描述更偏向于智能和社交行为，而不是力量、体型或捕猎能力。
- 玩家3的描述虽然与玩家1和玩家4的描述相似，但提供了额外的具体特征，如吼声和眼神，这可能与他们描述的动物不完全相同。

因此，不一致之处可能表明玩家2的描述与卧底词更不匹配，而玩家3的描述虽然相似，但提供了额外的细节，可能也暗示了与玩家1和玩家4描述的动物有所不同。|| 请通过你分析的不一致之处，推断卧底身份，注意，这局游戏的词语分类为<动物>，卧底词和平民词都属于该类。
2024-12-13 11:41:23,298 - 4 - INFO - **********PLAYER4**********
基于分析的不一致之处，以下是对卧底身份的推断：

- 玩家2的描述与其他玩家的描述在动物类别的主题上存在显著差异，他描述的是一种灵巧的生物，拥有智能和社交行为，这与猴子或猿类相符。由于其他玩家的描述都集中在力量、体型、捕猎能力和皮毛条纹上，这表明玩家2的描述可能与卧底词不匹配。

- 玩家3的描述虽然与玩家1和玩家4的描述相似，但提供了额外的具体特征，如吼声和眼神，这可能暗示了与玩家1和玩家4描述的动物有所不同。然而，这些特征并没有显著偏离其他玩家描述的共同点，因此玩家3不是最明显的不一致点。

因此，根据描述的不一致性，玩家2可能是卧底，因为他的描述与其他玩家的描述在动物类别的核心特征上存在显著差异。
2024-12-13 11:41:23,299 - 4 - INFO - **********JUDGER**********
你刚刚的推断是基于分析的不一致之处，以下是对卧底身份的推断：

- 玩家2的描述与其他玩家的描述在动物类别的主题上存在显著差异，他描述的是一种灵巧的生物，拥有智能和社交行为，这与猴子或猿类相符。由于其他玩家的描述都集中在力量、体型、捕猎能力和皮毛条纹上，这表明玩家2的描述可能与卧底词不匹配。

- 玩家3的描述虽然与玩家1和玩家4的描述相似，但提供了额外的具体特征，如吼声和眼神，这可能暗示了与玩家1和玩家4描述的动物有所不同。然而，这些特征并没有显著偏离其他玩家描述的共同点，因此玩家3不是最明显的不一致点。

因此，根据描述的不一致性，玩家2可能是卧底，因为他的描述与其他玩家的描述在动物类别的核心特征上存在显著差异。|| 基于你刚刚的推断得出你的最终结论，请输出你认为的卧底，在这种情况下只需要输出编号，是1-4中的某个数字，不要输出其他信息。在这个过程不要进行任何推理，只对||以前的部分进行信息提取
2024-12-13 11:41:25,278 - 4 - INFO - **********PLAYER4**********
2
2024-12-13 11:41:35,111 - 4 - INFO - **********JUDGER**********
玩家1说：它是一种有强大威慑力的动物，有着锋利的爪牙和强大的力量。在同类中，它以斑斓的皮毛和独特的条纹最为引人注目。这种动物在同类中以其力量和威严著称，它的存在常常让人敬畏。它拥有敏锐的感官和出色的捕猎技巧，这使得它在自然界中占据着重要的地位。它的皮毛色彩斑斓，条纹清晰，不仅使其在视觉上极具吸引力，也成为了它的自然伪装。这种动物的雄性个体通常比雌性个体更大，拥有更加明显的条纹，它们是森林和草原上的顶级捕食者，以其强大的攻击力和捕猎能力在同类中脱颖而出。这种动物以其威猛的姿态和强大的体格著称，它在同类中是力量的象征。它的感官非常敏锐，能够迅速捕捉猎物的踪迹。它的皮毛呈现出独特的色彩，这些色彩不仅美观，而且在自然环境中起到了很好的伪装作用。这种动物在捕猎时展现出惊人的速度和力量，它是森林和草原上的统治者，以其统治地位和强大的攻击力而闻名。玩家2说：它是一种灵巧的生物，拥有灵活的手指和尾巴，能够进行复杂的行为。在同类中，它以其智能和善于模仿的能力最为显著。这种动物以其敏捷的身手和灵活的运动能力著称，它们在森林中穿梭自如，善于攀爬和跳跃。它们的前肢特别发达，能够进行精细的操作，这使得它们在自然环境中能够灵活地处理各种任务。在同类中，它们以其社交行为和复杂的社会结构而闻名，经常在群体中展现出高度的协作和沟通能力。这种动物以其高度协调的动作和快速的反应速度而闻名，它们在树上和地面之间自如切换，展现出惊人的灵活性和敏捷性。它们的身体结构适应了树栖生活，有着适合攀爬的长臂和灵活的关节。在同类中，它们以其独特的行为模式和社会互动而著称，特别是在解决冲突和分享食物时展现出的复杂社交技巧。这种动物还以其鲜艳的体毛和多样的面部表情而知名，这些特征有助于它们在群体中识别彼此。玩家3说：它是一种生活在森林和草原上的食肉动物，拥有强壮的体魄和尖锐的牙齿。在该类动物中，它以其威猛的形象和统治地位最为特别。它是一种体型庞大的动物，以其强壮的颈部和宽阔的肩膀著称。它的前肢发达，适合抓握和扑击。它的皮毛通常呈黄色或橙色，带有黑色条纹，这些条纹有助于它在森林和草原中隐蔽。它以其独特的吼声和坚定的眼神在同类中显得格外威严。它是一种强大的动物，以其强大的咬合力和锋利的爪子著称。它在同类中占有统治地位，通常在夜间活动，依靠敏锐的听觉和嗅觉来捕捉猎物。它的皮毛色彩和条纹可以帮助它在狩猎时隐蔽自己。它的体型庞大，雄性个体通常比雌性个体更大，拥有更加明显的条纹。它是森林和草原上的顶级捕食者，以其威猛的形象和统治地位而闻名。玩家4说：它是一种有着强壮体格和锋利爪牙的动物，擅长捕猎。在同类中，它以其雄壮的体型和强大的攻击力最为突出。它是一种在同类中以其威严和力量著称的动物，它的皮毛色彩斑斓，条纹清晰，这不仅使其在视觉上极具吸引力，也成为了它的自然伪装。这种动物通常体型庞大，雄性个体比雌性个体更大，拥有更加明显的条纹。它是森林和草原上的顶级捕食者，以其敏锐的感官和出色的捕猎技巧在自然界中占据着重要的地位。它的存在常常让人敬畏，它的吼声和坚定的眼神在同类中显得格外威严。你是第4号玩家，你的关键词是<老虎>。你的回答中绝对不能包含你的关键词<老虎>。这是第三轮描述，你之前的描述是它是一种有着强壮体格和锋利爪牙的动物，擅长捕猎。在同类中，它以其雄壮的体型和强大的攻击力最为突出。和它是一种在同类中以其威严和力量著称的动物，它的皮毛色彩斑斓，条纹清晰，这不仅使其在视觉上极具吸引力，也成为了它的自然伪装。这种动物通常体型庞大，雄性个体比雌性个体更大，拥有更加明显的条纹。它是森林和草原上的顶级捕食者，以其敏锐的感官和出色的捕猎技巧在自然界中占据着重要的地位。它的存在常常让人敬畏，它的吼声和坚定的眼神在同类中显得格外威严。，注意，这局游戏的词语分类为<动物>，卧底词和平民词都属于该类，请你补充关于关键词的描述，注意，你的描述应该比起之前的描述更加贴近关键词，作为之前的补充
2024-12-13 11:41:41,196 - 4 - INFO - **********PLAYER4**********
它是一种威猛的动物，以其强大的体格和锋利的爪牙著称。在同类中，它以其独特的领地和统治地位而闻名。它的皮毛呈现出深浅不一的斑驳色彩，条纹清晰可见，这不仅使其在视觉上极具吸引力，也成为了它在森林和草原中的自然伪装。这种动物在捕猎时展现出惊人的速度和力量，它是同类中的顶级捕食者，以其捕猎技巧和生存能力在自然界中占据着至关重要的地位。它的存在常常让人敬畏，它的吼声在同类中显得格外威严。
2024-12-13 11:42:37,479 - 4 - INFO - **********JUDGER**********
玩家1说：它是一种有强大威慑力的动物，有着锋利的爪牙和强大的力量。在同类中，它以斑斓的皮毛和独特的条纹最为引人注目。这种动物在同类中以其力量和威严著称，它的存在常常让人敬畏。它拥有敏锐的感官和出色的捕猎技巧，这使得它在自然界中占据着重要的地位。它的皮毛色彩斑斓，条纹清晰，不仅使其在视觉上极具吸引力，也成为了它的自然伪装。这种动物的雄性个体通常比雌性个体更大，拥有更加明显的条纹，它们是森林和草原上的顶级捕食者，以其强大的攻击力和捕猎能力在同类中脱颖而出。这种动物以其威猛的姿态和强大的体格著称，它在同类中是力量的象征。它的感官非常敏锐，能够迅速捕捉猎物的踪迹。它的皮毛呈现出独特的色彩，这些色彩不仅美观，而且在自然环境中起到了很好的伪装作用。这种动物在捕猎时展现出惊人的速度和力量，它是森林和草原上的统治者，以其统治地位和强大的攻击力而闻名。玩家2说：它是一种灵巧的生物，拥有灵活的手指和尾巴，能够进行复杂的行为。在同类中，它以其智能和善于模仿的能力最为显著。这种动物以其敏捷的身手和灵活的运动能力著称，它们在森林中穿梭自如，善于攀爬和跳跃。它们的前肢特别发达，能够进行精细的操作，这使得它们在自然环境中能够灵活地处理各种任务。在同类中，它们以其社交行为和复杂的社会结构而闻名，经常在群体中展现出高度的协作和沟通能力。这种动物以其高度协调的动作和快速的反应速度而闻名，它们在树上和地面之间自如切换，展现出惊人的灵活性和敏捷性。它们的身体结构适应了树栖生活，有着适合攀爬的长臂和灵活的关节。在同类中，它们以其独特的行为模式和社会互动而著称，特别是在解决冲突和分享食物时展现出的复杂社交技巧。这种动物还以其鲜艳的体毛和多样的面部表情而知名，这些特征有助于它们在群体中识别彼此。玩家3说：它是一种生活在森林和草原上的食肉动物，拥有强壮的体魄和尖锐的牙齿。在该类动物中，它以其威猛的形象和统治地位最为特别。它是一种体型庞大的动物，以其强壮的颈部和宽阔的肩膀著称。它的前肢发达，适合抓握和扑击。它的皮毛通常呈黄色或橙色，带有黑色条纹，这些条纹有助于它在森林和草原中隐蔽。它以其独特的吼声和坚定的眼神在同类中显得格外威严。它是一种强大的动物，以其强大的咬合力和锋利的爪子著称。它在同类中占有统治地位，通常在夜间活动，依靠敏锐的听觉和嗅觉来捕捉猎物。它的皮毛色彩和条纹可以帮助它在狩猎时隐蔽自己。它的体型庞大，雄性个体通常比雌性个体更大，拥有更加明显的条纹。它是森林和草原上的顶级捕食者，以其威猛的形象和统治地位而闻名。玩家4说：它是一种有着强壮体格和锋利爪牙的动物，擅长捕猎。在同类中，它以其雄壮的体型和强大的攻击力最为突出。它是一种在同类中以其威严和力量著称的动物，它的皮毛色彩斑斓，条纹清晰，这不仅使其在视觉上极具吸引力，也成为了它的自然伪装。这种动物通常体型庞大，雄性个体比雌性个体更大，拥有更加明显的条纹。它是森林和草原上的顶级捕食者，以其敏锐的感官和出色的捕猎技巧在自然界中占据着重要的地位。它的存在常常让人敬畏，它的吼声和坚定的眼神在同类中显得格外威严。它是一种威猛的动物，以其强大的体格和锋利的爪牙著称。在同类中，它以其独特的领地和统治地位而闻名。它的皮毛呈现出深浅不一的斑驳色彩，条纹清晰可见，这不仅使其在视觉上极具吸引力，也成为了它在森林和草原中的自然伪装。这种动物在捕猎时展现出惊人的速度和力量，它是同类中的顶级捕食者，以其捕猎技巧和生存能力在自然界中占据着至关重要的地位。它的存在常常让人敬畏，它的吼声在同类中显得格外威严。||在这个游戏中，我们需要通过分析每位玩家的描述来找出卧底。通常，平民的描述会围绕相同的词语展开，而卧底的描述可能会因为词语的不同而显得不太一致。我们需要仔细比较每个描述之间的相似性和差异性，以找出可能的卧底，注意，卧底并不会隐藏自己，他会直接描述他的词语，现在，逐一分析每个玩家的描述，注意，这局游戏的词语分类为<动物>，卧底词和平民词都属于该类。||之前是第3轮描述和之前轮数描述的合集。你之前认为的卧底是玩家2。
2024-12-13 11:42:48,111 - 4 - INFO - **********PLAYER4**********
根据玩家1、玩家2、玩家3和玩家4的描述，我们可以进行以下分析：

- 玩家1的描述与玩家4的描述非常相似，都强调了动物的力量、体型、捕猎能力、皮毛的条纹特征、威严和统治地位，以及皮毛的伪装作用。这种描述可能指向了同一类动物，如老虎或狮子。

- 玩家2的描述与其他玩家的描述存在显著差异，他描述的是一种灵巧的生物，拥有智能、模仿能力、敏捷的身手、社交行为和复杂的社会结构，这听起来像是猴子或猿类。

- 玩家3的描述与玩家1和玩家4的描述相似，也提到了动物的食肉特性、体型、皮毛条纹、生活在森林和草原上的特点、威猛的形象、统治地位、吼声、眼神、咬合力和爪子，以及皮毛的伪装作用。

基于这些分析，玩家2的描述与其他玩家的描述在动物类别的核心特征上存在显著差异，这表明他的描述可能与卧底词不匹配。因此，根据描述的不一致性，玩家2仍然是一个可能的卧底候选。
2024-12-13 11:42:48,112 - 4 - INFO - **********JUDGER**********
你刚刚的分析是根据玩家1、玩家2、玩家3和玩家4的描述，我们可以进行以下分析：

- 玩家1的描述与玩家4的描述非常相似，都强调了动物的力量、体型、捕猎能力、皮毛的条纹特征、威严和统治地位，以及皮毛的伪装作用。这种描述可能指向了同一类动物，如老虎或狮子。

- 玩家2的描述与其他玩家的描述存在显著差异，他描述的是一种灵巧的生物，拥有智能、模仿能力、敏捷的身手、社交行为和复杂的社会结构，这听起来像是猴子或猿类。

- 玩家3的描述与玩家1和玩家4的描述相似，也提到了动物的食肉特性、体型、皮毛条纹、生活在森林和草原上的特点、威猛的形象、统治地位、吼声、眼神、咬合力和爪子，以及皮毛的伪装作用。

基于这些分析，玩家2的描述与其他玩家的描述在动物类别的核心特征上存在显著差异，这表明他的描述可能与卧底词不匹配。因此，根据描述的不一致性，玩家2仍然是一个可能的卧底候选。|| `请根据上述分析，比较描述以找出不一致之处，注意，这局游戏的词语分类为<动物>，卧底词和平民词都属于该类。
2024-12-13 11:43:01,724 - 4 - INFO - **********PLAYER4**********
根据上述分析，我们可以比较玩家的描述以找出不一致之处：

1. 玩家1和玩家4的描述都强调了动物的力量、体型、捕猎能力、皮毛的条纹特征、威严、统治地位和皮毛的伪装作用，这表明他们的描述指向了可能相同的动物，如老虎或狮子。

2. 玩家2的描述与玩家1和玩家4的描述在多个方面存在差异：
   - 玩家2没有提到力量、体型、捕猎能力和威严等特征。
   - 玩家2强调了智能、模仿能力、敏捷的身手、社交行为和复杂的社会结构，这些特征更符合猴子或猿类。

3. 玩家3的描述与玩家1和玩家4的描述相似，也提到了力量、体型、捕猎能力、皮毛条纹、生活在森林和草原上的特点、威猛的形象、统治地位、吼声、眼神、咬合力和爪子，以及皮毛的伪装作用。

不一致之处在于：

- 玩家2的描述没有提及玩家1和玩家4描述的核心动物特征，如力量、体型、捕猎能力和威严，而是侧重于智能和社会行为，这与猴子或猿类更相符。
- 玩家3的描述虽然与玩家1和玩家4相似，但提供了额外的细节，如吼声、眼神、咬合力和爪子，这些细节在玩家1和玩家4的描述中并未提及。

因此，不一致之处可能表明玩家2的描述与卧底词更不匹配，而玩家3的描述虽然相似，但提供了额外的细节，可能也暗示了与玩家1和玩家4描述的动物有所不同。
2024-12-13 11:43:01,734 - 4 - INFO - **********JUDGER**********
你刚刚的分析是根据上述分析，我们可以比较玩家的描述以找出不一致之处：

1. 玩家1和玩家4的描述都强调了动物的力量、体型、捕猎能力、皮毛的条纹特征、威严、统治地位和皮毛的伪装作用，这表明他们的描述指向了可能相同的动物，如老虎或狮子。

2. 玩家2的描述与玩家1和玩家4的描述在多个方面存在差异：
   - 玩家2没有提到力量、体型、捕猎能力和威严等特征。
   - 玩家2强调了智能、模仿能力、敏捷的身手、社交行为和复杂的社会结构，这些特征更符合猴子或猿类。

3. 玩家3的描述与玩家1和玩家4的描述相似，也提到了力量、体型、捕猎能力、皮毛条纹、生活在森林和草原上的特点、威猛的形象、统治地位、吼声、眼神、咬合力和爪子，以及皮毛的伪装作用。

不一致之处在于：

- 玩家2的描述没有提及玩家1和玩家4描述的核心动物特征，如力量、体型、捕猎能力和威严，而是侧重于智能和社会行为，这与猴子或猿类更相符。
- 玩家3的描述虽然与玩家1和玩家4相似，但提供了额外的细节，如吼声、眼神、咬合力和爪子，这些细节在玩家1和玩家4的描述中并未提及。

因此，不一致之处可能表明玩家2的描述与卧底词更不匹配，而玩家3的描述虽然相似，但提供了额外的细节，可能也暗示了与玩家1和玩家4描述的动物有所不同。|| 请通过你分析的不一致之处，推断卧底身份，注意，这局游戏的词语分类为<动物>，卧底词和平民词都属于该类。
2024-12-13 11:43:06,754 - 4 - INFO - **********PLAYER4**********
基于分析的不一致之处，可以推断卧底身份为玩家2。玩家2的描述与玩家1和玩家4的描述在动物类别的核心特征上存在显著差异，他描述的是一种灵巧的生物，拥有智能、模仿能力、敏捷的身手、社交行为和复杂的社会结构，这些特征更符合猴子或猿类，而不是老虎或其他与玩家1和玩家4描述相似的动物。因此，玩家2的描述可能与卧底词更不匹配，暗示他可能是卧底。
2024-12-13 11:43:06,756 - 4 - INFO - **********JUDGER**********
你刚刚的推断是基于分析的不一致之处，可以推断卧底身份为玩家2。玩家2的描述与玩家1和玩家4的描述在动物类别的核心特征上存在显著差异，他描述的是一种灵巧的生物，拥有智能、模仿能力、敏捷的身手、社交行为和复杂的社会结构，这些特征更符合猴子或猿类，而不是老虎或其他与玩家1和玩家4描述相似的动物。因此，玩家2的描述可能与卧底词更不匹配，暗示他可能是卧底。|| 基于你刚刚的推断得出你的最终结论，请输出你认为的卧底，在这种情况下只需要输出编号，是1-4中的某个数字，不要输出其他信息。在这个过程不要进行任何推理，只对||以前的部分进行信息提取
2024-12-13 11:43:08,257 - 4 - INFO - **********PLAYER4**********
2
