2024-12-13 13:42:25,751 - 1 - INFO - **********JUDGER**********
让我们来玩一个叫做<谁是卧底>的推理游戏。基本规则：<人数>：4人。<角色分配>：每位玩家随机抽取一个词语，3名玩家拿到的词语是相同的（平民词），1名玩家拿到与之相近但不同的词语（卧底词）。<游戏流程>：1、玩家轮流描述自己的词语，但<不能>直接说出词语本身。2、描述完毕后，投票选出最像卧底的玩家。3、每轮结束后，被投票选出的玩家出局，不能再进行描述或投票。4、每轮投票结束后，如果卧底被成功找出，平民方获胜；如果卧底未被找出且卧底人数等于或超过平民人数，则卧底方获胜。你将扮演一个<玩家>，请等待你被分配到的关键词。如果你听懂了，只回答，"好的，我准备好参加游戏了"，不要输出别的信息
2024-12-13 13:42:26,230 - 1 - INFO - **********PLAYER1**********
好的，我准备好参加游戏了
2024-12-13 13:42:30,222 - 1 - INFO - **********JUDGER**********
玩家1说：玩家2说：玩家3说：玩家4说：|| 你是第1号玩家，你的关键词是<月亮>。你的回答中绝对不能包含你的关键词<月亮>。这是第一轮描述，不需要分析||之前别的玩家的描述，请你描述关键词基本特征，注意，这局游戏的词语分类为<天文>，卧底词和平民词都属于该类，描述包括以下两点，1.他的基本特征是什么2.他在该类（天文）中最突出不同的特征是什么，尽量简短
2024-12-13 13:42:31,209 - 1 - INFO - **********PLAYER1**********
这是一个夜空中发光的天体，通常在夜晚出现。它在同类中以其圆满和周期性变化而最为显著。
2024-12-13 13:42:35,477 - 1 - INFO - **********JUDGER**********
玩家1说：这是一个夜空中发光的天体，通常在夜晚出现。它在同类中以其圆满和周期性变化而最为显著。玩家2说：它是一种宇宙中的天体，主要由气体和尘埃组成。在同类中，它以其不发光但反射太阳光而显得明亮为特征。它的亮度会因距离地球的远近而有所不同，而且会随着时间变化。与其他天文物体相比，它在夜晚的夜空中特别引人注目，因为它的形状通常是圆形的，且在夜空中移动的轨迹周期性变化。玩家3说：这是一个天体，它围绕地球运行，夜晚出现在天空中。它在同类中以其亮度变化最为突出，尤其是在满月时，其表面特征和相位变化非常明显。玩家4说：||在这个游戏中，我们需要通过分析每位玩家的描述来找出卧底。通常，平民的描述会围绕相同的词语展开，而卧底的描述可能会因为词语的不同而显得不太一致。我们需要仔细比较每个描述之间的相似性和差异性，以找出可能的卧底，注意，卧底并不会隐藏自己，他会直接描述他的词语，现在，逐一分析每个玩家的描述，注意，这局游戏的词语分类为<天文>，卧底词和平民词都属于该类。这是第一轮描述。
2024-12-13 13:42:42,962 - 1 - INFO - **********PLAYER1**********
作为玩家1，我的描述是关于一个夜空中发光的天体，强调其圆满和周期性变化的特征。玩家2的描述提到一个由气体和尘埃组成的天体，不发光但反射太阳光，亮度随距离和时间变化，形状通常是圆形的。玩家3的描述提到一个围绕地球运行的天体，以其亮度变化最为突出，尤其是满月时。玩家4的描述似乎在引导我们分析其他玩家的描述，寻找可能的卧底。

根据这些描述，如果我是卧底，我的描述应该与上述描述有所不同，但又足够接近以不被立即识别。我会注意以下几点：

1. 确保我的描述中包含了一些与已知描述相似的特征，以便不引起怀疑。
2. 同时，我会强调一些与已知描述不同的特征，以便在投票时显得更加可疑。

例如，如果我是卧底，我的描述可能是这样的：

“这是一个天体，它在夜晚的夜空中非常明亮，它的形状是圆形的，但与满月不同，它在夜空中的移动轨迹不是周期性的，而是呈现出一种不规则的摆动。”

这样的描述既包含了一些与已知描述相似的特征（如圆形、夜晚出现），又引入了不同的元素（如不规则的移动轨迹），可能会使我在第一轮中显得可疑。
2024-12-13 13:42:42,964 - 1 - INFO - **********JUDGER**********
你刚刚的分析是作为玩家1，我的描述是关于一个夜空中发光的天体，强调其圆满和周期性变化的特征。玩家2的描述提到一个由气体和尘埃组成的天体，不发光但反射太阳光，亮度随距离和时间变化，形状通常是圆形的。玩家3的描述提到一个围绕地球运行的天体，以其亮度变化最为突出，尤其是满月时。玩家4的描述似乎在引导我们分析其他玩家的描述，寻找可能的卧底。

根据这些描述，如果我是卧底，我的描述应该与上述描述有所不同，但又足够接近以不被立即识别。我会注意以下几点：

1. 确保我的描述中包含了一些与已知描述相似的特征，以便不引起怀疑。
2. 同时，我会强调一些与已知描述不同的特征，以便在投票时显得更加可疑。

例如，如果我是卧底，我的描述可能是这样的：

“这是一个天体，它在夜晚的夜空中非常明亮，它的形状是圆形的，但与满月不同，它在夜空中的移动轨迹不是周期性的，而是呈现出一种不规则的摆动。”

这样的描述既包含了一些与已知描述相似的特征（如圆形、夜晚出现），又引入了不同的元素（如不规则的移动轨迹），可能会使我在第一轮中显得可疑。|| `请根据上述分析，比较描述以找出不一致之处，注意，这局游戏的词语分类为<天文>，卧底词和平民词都属于该类。
2024-12-13 13:42:51,489 - 1 - INFO - **********PLAYER1**********
根据上述分析，我们可以比较每位玩家的描述，寻找不一致之处：

1. 玩家1的描述强调了天体的圆满和周期性变化的特征，这与月亮的满月阶段相符。

2. 玩家2的描述提到了天体由气体和尘埃组成，不发光但反射太阳光，亮度随距离和时间变化，形状通常是圆形的。这与行星或卫星的特征相符，但未提及周期性变化。

3. 玩家3的描述提到了天体围绕地球运行，以其亮度变化最为突出，尤其是在满月时。这与月亮的特征相符，特别是提到了满月和亮度变化。

4. 玩家4的描述似乎是在引导分析，而不是提供具体的天文特征。

不一致之处：

- 玩家2和玩家3的描述都提到了天体的亮度变化，而玩家1的描述则强调了圆满和周期性变化，这与月亮的满月阶段更相关。
- 玩家2的描述没有提到周期性变化，而玩家1和玩家3的描述都提到了这一点。
- 玩家4的描述没有提供具体的天文特征，而是引导其他玩家分析。

基于这些不一致之处，玩家2和玩家4的描述可能需要进一步注意。如果我是卧底，我可能会选择一个描述，它在某些方面与已知描述相似，但在其他方面有所不同，以便在投票时显得可疑。例如，如果我确实是卧底，我的描述可能会与玩家2或玩家3的描述相似，但我会加入一些与月亮不相关的特征，如提到天体的颜色变化或其与行星的相对位置变化，以此来误导其他玩家。
2024-12-13 13:42:51,491 - 1 - INFO - **********JUDGER**********
你刚刚的分析是根据上述分析，我们可以比较每位玩家的描述，寻找不一致之处：

1. 玩家1的描述强调了天体的圆满和周期性变化的特征，这与月亮的满月阶段相符。

2. 玩家2的描述提到了天体由气体和尘埃组成，不发光但反射太阳光，亮度随距离和时间变化，形状通常是圆形的。这与行星或卫星的特征相符，但未提及周期性变化。

3. 玩家3的描述提到了天体围绕地球运行，以其亮度变化最为突出，尤其是在满月时。这与月亮的特征相符，特别是提到了满月和亮度变化。

4. 玩家4的描述似乎是在引导分析，而不是提供具体的天文特征。

不一致之处：

- 玩家2和玩家3的描述都提到了天体的亮度变化，而玩家1的描述则强调了圆满和周期性变化，这与月亮的满月阶段更相关。
- 玩家2的描述没有提到周期性变化，而玩家1和玩家3的描述都提到了这一点。
- 玩家4的描述没有提供具体的天文特征，而是引导其他玩家分析。

基于这些不一致之处，玩家2和玩家4的描述可能需要进一步注意。如果我是卧底，我可能会选择一个描述，它在某些方面与已知描述相似，但在其他方面有所不同，以便在投票时显得可疑。例如，如果我确实是卧底，我的描述可能会与玩家2或玩家3的描述相似，但我会加入一些与月亮不相关的特征，如提到天体的颜色变化或其与行星的相对位置变化，以此来误导其他玩家。|| 请通过你分析的不一致之处，推断卧底身份，注意，这局游戏的词语分类为<天文>，卧底词和平民词都属于该类。
2024-12-13 13:43:01,810 - 1 - INFO - **********PLAYER1**********
基于上述分析的不一致之处，我们可以进行以下推断：

1. 玩家1的描述强调了天体的圆满和周期性变化，这与月亮的满月阶段相符，因此玩家1不太可能是卧底。

2. 玩家2的描述提到了天体由气体和尘埃组成，不发光但反射太阳光，亮度随距离和时间变化，形状通常是圆形的。这种描述可以适用于行星或卫星，但未提及周期性变化，这可能是一个提示，表明描述者可能不是在谈论月亮。

3. 玩家3的描述提到了天体围绕地球运行，以其亮度变化最为突出，尤其是在满月时。这个描述与月亮的特征非常吻合，特别是提到了满月和亮度变化。

4. 玩家4的描述并没有提供具体的天文特征，而是引导分析，这本身并不提供足够的信息来判断是否为卧底。

考虑到所有描述，玩家2的描述在缺少周期性变化这一点上与玩家1和玩家3的描述不一致，这可能是一个关键线索。如果卧底词是月亮，那么描述中应该包含周期性变化这一特征。因此，玩家2的描述与月亮的特征不完全吻合，这使他成为可能的卧底候选人。

综上所述，根据描述中的不一致之处，玩家2可能是卧底。然而，没有更多的信息，我们无法确定这一点，需要进一步的描述和投票来确认。
2024-12-13 13:43:01,812 - 1 - INFO - **********JUDGER**********
你刚刚的推断是基于上述分析的不一致之处，我们可以进行以下推断：

1. 玩家1的描述强调了天体的圆满和周期性变化，这与月亮的满月阶段相符，因此玩家1不太可能是卧底。

2. 玩家2的描述提到了天体由气体和尘埃组成，不发光但反射太阳光，亮度随距离和时间变化，形状通常是圆形的。这种描述可以适用于行星或卫星，但未提及周期性变化，这可能是一个提示，表明描述者可能不是在谈论月亮。

3. 玩家3的描述提到了天体围绕地球运行，以其亮度变化最为突出，尤其是在满月时。这个描述与月亮的特征非常吻合，特别是提到了满月和亮度变化。

4. 玩家4的描述并没有提供具体的天文特征，而是引导分析，这本身并不提供足够的信息来判断是否为卧底。

考虑到所有描述，玩家2的描述在缺少周期性变化这一点上与玩家1和玩家3的描述不一致，这可能是一个关键线索。如果卧底词是月亮，那么描述中应该包含周期性变化这一特征。因此，玩家2的描述与月亮的特征不完全吻合，这使他成为可能的卧底候选人。

综上所述，根据描述中的不一致之处，玩家2可能是卧底。然而，没有更多的信息，我们无法确定这一点，需要进一步的描述和投票来确认。|| 基于你刚刚的推断得出你的最终结论，请输出你认为的卧底，在这种情况下只需要输出编号，是1-4中的某个数字，不要输出其他信息。在这个过程不要进行任何推理，只对||以前的部分进行信息提取
2024-12-13 13:43:02,551 - 1 - INFO - **********PLAYER1**********
2
2024-12-13 13:43:55,382 - 1 - INFO - **********JUDGER**********
玩家1说：这是一个夜空中发光的天体，通常在夜晚出现。它在同类中以其圆满和周期性变化而最为显著。玩家2说：它是一种宇宙中的天体，主要由气体和尘埃组成。在同类中，它以其不发光但反射太阳光而显得明亮为特征。它的亮度会因距离地球的远近而有所不同，而且会随着时间变化。与其他天文物体相比，它在夜晚的夜空中特别引人注目，因为它的形状通常是圆形的，且在夜空中移动的轨迹周期性变化。玩家3说：这是一个天体，它围绕地球运行，夜晚出现在天空中。它在同类中以其亮度变化最为突出，尤其是在满月时，其表面特征和相位变化非常明显。玩家4说：这是一个天体，它不发光，但反射太阳光。它在夜空中特别明亮，形状通常是圆形的，且在天空中的移动轨迹呈现出周期性变化。它在该类中最为显著的特征是它独特的亮度和周期性的相位变化。你是第1号玩家，你的关键词是<月亮>。你的回答中绝对不能包含你的关键词<月亮>。这是第二轮描述，你之前的描述是这是一个夜空中发光的天体，通常在夜晚出现。它在同类中以其圆满和周期性变化而最为显著。，注意，这局游戏的词语分类为<天文>，卧底词和平民词都属于该类，请你补充关于关键词的描述，注意，你的描述应该比起之前的描述更加贴近关键词，作为之前的补充
2024-12-13 13:43:56,977 - 1 - INFO - **********PLAYER1**********
它是一个在夜空中定期出现的圆形天体，它的存在对地球的昼夜循环至关重要。它在夜空中的亮度变化，尤其是从新月到满月的过程，是它最为人们所熟知的特点。
2024-12-13 13:44:09,243 - 1 - INFO - **********JUDGER**********
玩家1说：这是一个夜空中发光的天体，通常在夜晚出现。它在同类中以其圆满和周期性变化而最为显著。它是一个在夜空中定期出现的圆形天体，它的存在对地球的昼夜循环至关重要。它在夜空中的亮度变化，尤其是从新月到满月的过程，是它最为人们所熟知的特点。玩家2说：它是一种宇宙中的天体，主要由气体和尘埃组成。在同类中，它以其不发光但反射太阳光而显得明亮为特征。它的亮度会因距离地球的远近而有所不同，而且会随着时间变化。与其他天文物体相比，它在夜晚的夜空中特别引人注目，因为它的形状通常是圆形的，且在夜空中移动的轨迹周期性变化。它是一个独立于地球的天体，通常在夜晚的黑暗天幕中闪耀。它的亮度虽然不及月亮，但依然在夜空中显得非常明亮。与月亮不同的是，它的移动轨迹并不规则，而是呈现出无规律的闪烁和移动。它在夜空中的存在，为夜晚带来了美丽的点缀，但它的周期性变化并不像月亮那样明显。玩家3说：这是一个天体，它围绕地球运行，夜晚出现在天空中。它在同类中以其亮度变化最为突出，尤其是在满月时，其表面特征和相位变化非常明显。这个天体在夜空中定期出现，它的表面特征随着时间而变化，尤其是从新月到满月的周期性变化，这是它最为人们所熟知的特点。它的存在对于观察者来说非常明显，因为它的亮度在夜空中非常突出，而且它的形状通常是圆形的。玩家4说：这是一个天体，它不发光，但反射太阳光。它在夜空中特别明亮，形状通常是圆形的，且在天空中的移动轨迹呈现出周期性变化。它在该类中最为显著的特征是它独特的亮度和周期性的相位变化。||在这个游戏中，我们需要通过分析每位玩家的描述来找出卧底。通常，平民的描述会围绕相同的词语展开，而卧底的描述可能会因为词语的不同而显得不太一致。我们需要仔细比较每个描述之间的相似性和差异性，以找出可能的卧底，注意，卧底并不会隐藏自己，他会直接描述他的词语，现在，逐一分析每个玩家的描述，注意，这局游戏的词语分类为<天文>，卧底词和平民词都属于该类。||之前是第2轮描述和之前轮数描述的合集。你之前认为的卧底是玩家2。
2024-12-13 13:44:10,022 - 1 - INFO - **********PLAYER1**********
玩家2
2024-12-13 13:44:10,024 - 1 - INFO - **********JUDGER**********
你刚刚的分析是玩家2|| `请根据上述分析，比较描述以找出不一致之处，注意，这局游戏的词语分类为<天文>，卧底词和平民词都属于该类。
2024-12-13 13:44:17,334 - 1 - INFO - **********PLAYER1**********
在比较玩家的描述时，我们可以找出以下不一致之处：

1. 玩家1的描述提到了“夜空中发光的天体”和“圆满和周期性变化”，这与月亮的特征相符。

2. 玩家2的描述提到了“宇宙中的天体”由“气体和尘埃组成”，不发光但反射太阳光，亮度随距离和时间变化，形状通常是圆形的，移动轨迹周期性变化，并且提到了“独立于地球的天体”和“无规律的闪烁和移动”，这与行星或卫星的特征相符，但特别提到了“无规律的闪烁和移动”，这与月亮的规则周期性变化不一致。

3. 玩家3的描述提到了“围绕地球运行的天体”，亮度变化突出，尤其是满月时，表面特征和相位变化明显，这与月亮的特征相符。

4. 玩家4的描述提到了“不发光但反射太阳光的天体”，形状通常是圆形的，移动轨迹周期性变化，独特的亮度和周期性的相位变化，这与月亮的特征相符。

不一致之处：

- 玩家2的描述中提到了“无规律的闪烁和移动”，这与月亮的规则周期性变化不一致。
- 玩家2的描述中提到了“独立于地球的天体”，这通常指的是行星或卫星，而不是月亮。
- 玩家2的描述中提到了“亮度不及月亮”，这暗示了一个比月亮亮度更低的天体，而月亮是夜空中最亮的天体之一。

基于这些不一致之处，玩家2的描述与月亮的特征不完全吻合，这使他成为可能的卧底候选人。
2024-12-13 13:44:17,336 - 1 - INFO - **********JUDGER**********
你刚刚的分析是在比较玩家的描述时，我们可以找出以下不一致之处：

1. 玩家1的描述提到了“夜空中发光的天体”和“圆满和周期性变化”，这与月亮的特征相符。

2. 玩家2的描述提到了“宇宙中的天体”由“气体和尘埃组成”，不发光但反射太阳光，亮度随距离和时间变化，形状通常是圆形的，移动轨迹周期性变化，并且提到了“独立于地球的天体”和“无规律的闪烁和移动”，这与行星或卫星的特征相符，但特别提到了“无规律的闪烁和移动”，这与月亮的规则周期性变化不一致。

3. 玩家3的描述提到了“围绕地球运行的天体”，亮度变化突出，尤其是满月时，表面特征和相位变化明显，这与月亮的特征相符。

4. 玩家4的描述提到了“不发光但反射太阳光的天体”，形状通常是圆形的，移动轨迹周期性变化，独特的亮度和周期性的相位变化，这与月亮的特征相符。

不一致之处：

- 玩家2的描述中提到了“无规律的闪烁和移动”，这与月亮的规则周期性变化不一致。
- 玩家2的描述中提到了“独立于地球的天体”，这通常指的是行星或卫星，而不是月亮。
- 玩家2的描述中提到了“亮度不及月亮”，这暗示了一个比月亮亮度更低的天体，而月亮是夜空中最亮的天体之一。

基于这些不一致之处，玩家2的描述与月亮的特征不完全吻合，这使他成为可能的卧底候选人。|| 请通过你分析的不一致之处，推断卧底身份，注意，这局游戏的词语分类为<天文>，卧底词和平民词都属于该类。
2024-12-13 13:44:18,297 - 1 - INFO - **********PLAYER1**********
2
2024-12-13 13:44:18,298 - 1 - INFO - **********JUDGER**********
你刚刚的推断是2|| 基于你刚刚的推断得出你的最终结论，请输出你认为的卧底，在这种情况下只需要输出编号，是1-4中的某个数字，不要输出其他信息。在这个过程不要进行任何推理，只对||以前的部分进行信息提取
2024-12-13 13:44:19,718 - 1 - INFO - **********PLAYER1**********
2
2024-12-13 13:45:16,287 - 1 - INFO - **********JUDGER**********
玩家1说：这是一个夜空中发光的天体，通常在夜晚出现。它在同类中以其圆满和周期性变化而最为显著。它是一个在夜空中定期出现的圆形天体，它的存在对地球的昼夜循环至关重要。它在夜空中的亮度变化，尤其是从新月到满月的过程，是它最为人们所熟知的特点。玩家2说：它是一种宇宙中的天体，主要由气体和尘埃组成。在同类中，它以其不发光但反射太阳光而显得明亮为特征。它的亮度会因距离地球的远近而有所不同，而且会随着时间变化。与其他天文物体相比，它在夜晚的夜空中特别引人注目，因为它的形状通常是圆形的，且在夜空中移动的轨迹周期性变化。它是一个独立于地球的天体，通常在夜晚的黑暗天幕中闪耀。它的亮度虽然不及月亮，但依然在夜空中显得非常明亮。与月亮不同的是，它的移动轨迹并不规则，而是呈现出无规律的闪烁和移动。它在夜空中的存在，为夜晚带来了美丽的点缀，但它的周期性变化并不像月亮那样明显。玩家3说：这是一个天体，它围绕地球运行，夜晚出现在天空中。它在同类中以其亮度变化最为突出，尤其是在满月时，其表面特征和相位变化非常明显。这个天体在夜空中定期出现，它的表面特征随着时间而变化，尤其是从新月到满月的周期性变化，这是它最为人们所熟知的特点。它的存在对于观察者来说非常明显，因为它的亮度在夜空中非常突出，而且它的形状通常是圆形的。玩家4说：这是一个天体，它不发光，但反射太阳光。它在夜空中特别明亮，形状通常是圆形的，且在天空中的移动轨迹呈现出周期性变化。它在该类中最为显著的特征是它独特的亮度和周期性的相位变化。这个天体是夜空中最为熟悉的面孔之一，它的圆形外观在黑暗的夜幕中格外显眼。它的亮度变化是如此规律，从新月到满月，再到残月，它的形状和亮度都呈现出明显的周期性变化。它的存在对于地球上的生命至关重要，因为它决定了我们的昼夜节律。尽管它的亮度有时会因大气条件而略有变化，但它的圆形轮廓和周期性变化始终是夜空中的一道亮丽风景。你是第1号玩家，你的关键词是<月亮>。你的回答中绝对不能包含你的关键词<月亮>。这是第三轮描述，你之前的描述是这是一个夜空中发光的天体，通常在夜晚出现。它在同类中以其圆满和周期性变化而最为显著。和它是一个在夜空中定期出现的圆形天体，它的存在对地球的昼夜循环至关重要。它在夜空中的亮度变化，尤其是从新月到满月的过程，是它最为人们所熟知的特点。，注意，这局游戏的词语分类为<天文>，卧底词和平民词都属于该类，请你补充关于关键词的描述，注意，你的描述应该比起之前的描述更加贴近关键词，作为之前的补充
2024-12-13 13:45:19,428 - 1 - INFO - **********PLAYER1**********
这是一个在天空中定期出现的自然天体，它的存在对于地球上的生物节律有着重要影响。它的表面特征在夜空中呈现出明显的周期性变化，从完全不可见的新月到明亮的满月，再到逐渐变暗的残月。
2024-12-13 13:45:30,473 - 1 - INFO - **********JUDGER**********
玩家1说：这是一个夜空中发光的天体，通常在夜晚出现。它在同类中以其圆满和周期性变化而最为显著。它是一个在夜空中定期出现的圆形天体，它的存在对地球的昼夜循环至关重要。它在夜空中的亮度变化，尤其是从新月到满月的过程，是它最为人们所熟知的特点。这是一个在天空中定期出现的自然天体，它的存在对于地球上的生物节律有着重要影响。它的表面特征在夜空中呈现出明显的周期性变化，从完全不可见的新月到明亮的满月，再到逐渐变暗的残月。玩家2说：它是一种宇宙中的天体，主要由气体和尘埃组成。在同类中，它以其不发光但反射太阳光而显得明亮为特征。它的亮度会因距离地球的远近而有所不同，而且会随着时间变化。与其他天文物体相比，它在夜晚的夜空中特别引人注目，因为它的形状通常是圆形的，且在夜空中移动的轨迹周期性变化。它是一个独立于地球的天体，通常在夜晚的黑暗天幕中闪耀。它的亮度虽然不及月亮，但依然在夜空中显得非常明亮。与月亮不同的是，它的移动轨迹并不规则，而是呈现出无规律的闪烁和移动。它在夜空中的存在，为夜晚带来了美丽的点缀，但它的周期性变化并不像月亮那样明显。它是一个夜空中独立的天体，虽然不发光，但通过反射太阳光而显得明亮。它在夜空中以固定的轨迹周期性移动，亮度随时间而变化，但形状始终保持圆形。它对于观察者来说，是一个在夜空中非常显眼的存在，尤其是在无云的夜晚，它的光芒在黑暗中显得格外耀眼。玩家3说：这是一个天体，它围绕地球运行，夜晚出现在天空中。它在同类中以其亮度变化最为突出，尤其是在满月时，其表面特征和相位变化非常明显。这个天体在夜空中定期出现，它的表面特征随着时间而变化，尤其是从新月到满月的周期性变化，这是它最为人们所熟知的特点。它的存在对于观察者来说非常明显，因为它的亮度在夜空中非常突出，而且它的形状通常是圆形的。这个天体在夜空中定期出现，它的表面特征随着时间而变化，尤其是从新月到满月的周期性变化，这是它最为人们所熟知的特点。它的存在对于地球的昼夜循环至关重要，它的亮度在夜空中非常突出，而且它的形状通常是圆形的。玩家4说：这是一个天体，它不发光，但反射太阳光。它在夜空中特别明亮，形状通常是圆形的，且在天空中的移动轨迹呈现出周期性变化。它在该类中最为显著的特征是它独特的亮度和周期性的相位变化。这个天体是夜空中最为熟悉的面孔之一，它的圆形外观在黑暗的夜幕中格外显眼。它的亮度变化是如此规律，从新月到满月，再到残月，它的形状和亮度都呈现出明显的周期性变化。它的存在对于地球上的生命至关重要，因为它决定了我们的昼夜节律。尽管它的亮度有时会因大气条件而略有变化，但它的圆形轮廓和周期性变化始终是夜空中的一道亮丽风景。这个天体是地球唯一的自然卫星，它对地球的潮汐现象有着直接影响。它的表面特征复杂，包括平原、山脉和陨石坑，这些特征在地球上的观察者看来呈现出周期性的变化。这个天体的亮度变化与地球的相位角有关，从新月到满月，再到新月，它的亮度呈现出周期性的增减。这个天体的存在对地球的气候和生物节律有着深远的影响。||在这个游戏中，我们需要通过分析每位玩家的描述来找出卧底。通常，平民的描述会围绕相同的词语展开，而卧底的描述可能会因为词语的不同而显得不太一致。我们需要仔细比较每个描述之间的相似性和差异性，以找出可能的卧底，注意，卧底并不会隐藏自己，他会直接描述他的词语，现在，逐一分析每个玩家的描述，注意，这局游戏的词语分类为<天文>，卧底词和平民词都属于该类。||之前是第3轮描述和之前轮数描述的合集。你之前认为的卧底是玩家2。
2024-12-13 13:45:36,614 - 1 - INFO - **********PLAYER1**********
根据上述描述，以下是不一致之处：

- 玩家1的描述与月亮的特征非常吻合，强调了其发光、圆形、周期性变化等特征。
- 玩家2的描述提到了一个主要由气体和尘埃组成的天体，不发光但反射太阳光，亮度随距离和时间变化，移动轨迹无规律，这些特征与月亮不符，更像是描述了行星或卫星。
- 玩家3的描述与玩家1的描述相似，强调了天体围绕地球运行，亮度变化明显，尤其是满月时的特征，与月亮相符。
- 玩家4的描述与玩家1和玩家3的描述相似，提到了天体不发光但反射太阳光，亮度周期性变化，形状圆形，与月亮的特征相符。

基于这些不一致之处，玩家2的描述与月亮的特征不完全吻合，这使他成为可能的卧底候选人。因此，我的最终结论是：

2
2024-12-13 13:45:36,615 - 1 - INFO - **********JUDGER**********
你刚刚的分析是根据上述描述，以下是不一致之处：

- 玩家1的描述与月亮的特征非常吻合，强调了其发光、圆形、周期性变化等特征。
- 玩家2的描述提到了一个主要由气体和尘埃组成的天体，不发光但反射太阳光，亮度随距离和时间变化，移动轨迹无规律，这些特征与月亮不符，更像是描述了行星或卫星。
- 玩家3的描述与玩家1的描述相似，强调了天体围绕地球运行，亮度变化明显，尤其是满月时的特征，与月亮相符。
- 玩家4的描述与玩家1和玩家3的描述相似，提到了天体不发光但反射太阳光，亮度周期性变化，形状圆形，与月亮的特征相符。

基于这些不一致之处，玩家2的描述与月亮的特征不完全吻合，这使他成为可能的卧底候选人。因此，我的最终结论是：

2|| `请根据上述分析，比较描述以找出不一致之处，注意，这局游戏的词语分类为<天文>，卧底词和平民词都属于该类。
2024-12-13 13:45:50,147 - 1 - INFO - **********PLAYER1**********
在比较描述以找出不一致之处时，我们可以关注以下几点：

- 玩家1的描述强调了天体的圆形和周期性变化，这与月亮的满月阶段和月相变化相符。
- 玩家2的描述提到了天体由气体和尘埃组成，不发光但反射太阳光，亮度随距离和时间变化，形状通常是圆形的，且移动轨迹周期性变化，但特别指出其移动轨迹并不规则，而是无规律的闪烁和移动，这与月亮的规则周期性变化不一致。
- 玩家3的描述提到了天体围绕地球运行，亮度变化最为突出，尤其是满月时，表面特征和相位变化明显，这与月亮的特征相符。
- 玩家4的描述提到了天体不发光但反射太阳光，形状通常是圆形的，且在天空中的移动轨迹呈现出周期性变化，这与月亮的特征相符。

不一致之处：

- 玩家2的描述中提到的“无规律的闪烁和移动”与月亮的规则周期性变化不一致。
- 玩家2的描述中提到的“独立于地球的天体”与月亮作为地球的唯一自然卫星的事实不符。
- 玩家2的描述中提到的“亮度不及月亮”暗示了一个亮度低于月亮的天体，而月亮是夜空中最亮的天体之一。

这些不一致之处表明玩家2的描述与月亮的特征存在显著差异，因此可能是在描述一个不同的天体，从而指向玩家2可能是卧底。
2024-12-13 13:45:50,150 - 1 - INFO - **********JUDGER**********
你刚刚的分析是在比较描述以找出不一致之处时，我们可以关注以下几点：

- 玩家1的描述强调了天体的圆形和周期性变化，这与月亮的满月阶段和月相变化相符。
- 玩家2的描述提到了天体由气体和尘埃组成，不发光但反射太阳光，亮度随距离和时间变化，形状通常是圆形的，且移动轨迹周期性变化，但特别指出其移动轨迹并不规则，而是无规律的闪烁和移动，这与月亮的规则周期性变化不一致。
- 玩家3的描述提到了天体围绕地球运行，亮度变化最为突出，尤其是满月时，表面特征和相位变化明显，这与月亮的特征相符。
- 玩家4的描述提到了天体不发光但反射太阳光，形状通常是圆形的，且在天空中的移动轨迹呈现出周期性变化，这与月亮的特征相符。

不一致之处：

- 玩家2的描述中提到的“无规律的闪烁和移动”与月亮的规则周期性变化不一致。
- 玩家2的描述中提到的“独立于地球的天体”与月亮作为地球的唯一自然卫星的事实不符。
- 玩家2的描述中提到的“亮度不及月亮”暗示了一个亮度低于月亮的天体，而月亮是夜空中最亮的天体之一。

这些不一致之处表明玩家2的描述与月亮的特征存在显著差异，因此可能是在描述一个不同的天体，从而指向玩家2可能是卧底。|| 请通过你分析的不一致之处，推断卧底身份，注意，这局游戏的词语分类为<天文>，卧底词和平民词都属于该类。
2024-12-13 13:45:51,979 - 1 - INFO - **********PLAYER1**********
2
2024-12-13 13:45:51,980 - 1 - INFO - **********JUDGER**********
你刚刚的推断是2|| 基于你刚刚的推断得出你的最终结论，请输出你认为的卧底，在这种情况下只需要输出编号，是1-4中的某个数字，不要输出其他信息。在这个过程不要进行任何推理，只对||以前的部分进行信息提取
2024-12-13 13:45:53,596 - 1 - INFO - **********PLAYER1**********
2
