2024-12-13 13:42:27,160 - 2 - INFO - **********JUDGER**********
让我们来玩一个叫做<谁是卧底>的推理游戏。基本规则：<人数>：4人。<角色分配>：每位玩家随机抽取一个词语，3名玩家拿到的词语是相同的（平民词），1名玩家拿到与之相近但不同的词语（卧底词）。<游戏流程>：1、玩家轮流描述自己的词语，但<不能>直接说出词语本身。2、描述完毕后，投票选出最像卧底的玩家。3、每轮结束后，被投票选出的玩家出局，不能再进行描述或投票。4、每轮投票结束后，如果卧底被成功找出，平民方获胜；如果卧底未被找出且卧底人数等于或超过平民人数，则卧底方获胜。你将扮演一个<玩家>，请等待你被分配到的关键词。如果你听懂了，只回答，"好的，我准备好参加游戏了"，不要输出别的信息
2024-12-13 13:42:27,529 - 2 - INFO - **********PLAYER2**********
好的，我准备好参加游戏了
2024-12-13 13:42:31,209 - 2 - INFO - **********JUDGER**********
玩家1说：这是一个夜空中发光的天体，通常在夜晚出现。它在同类中以其圆满和周期性变化而最为显著。玩家2说：玩家3说：玩家4说：|| 你是第2号玩家，你的关键词是<星星>。你的回答中绝对不能包含你的关键词<星星>。这是第一轮描述，不需要分析||之前别的玩家的描述，请你描述关键词基本特征，注意，这局游戏的词语分类为<天文>，卧底词和平民词都属于该类，描述包括以下两点，1.他的基本特征是什么2.他在该类（天文）中最突出不同的特征是什么，尽量简短
2024-12-13 13:42:33,125 - 2 - INFO - **********PLAYER2**********
它是一种宇宙中的天体，主要由气体和尘埃组成。在同类中，它以其不发光但反射太阳光而显得明亮为特征。它的亮度会因距离地球的远近而有所不同，而且会随着时间变化。与其他天文物体相比，它在夜晚的夜空中特别引人注目，因为它的形状通常是圆形的，且在夜空中移动的轨迹周期性变化。
2024-12-13 13:43:02,552 - 2 - INFO - **********JUDGER**********
玩家1说：这是一个夜空中发光的天体，通常在夜晚出现。它在同类中以其圆满和周期性变化而最为显著。玩家2说：它是一种宇宙中的天体，主要由气体和尘埃组成。在同类中，它以其不发光但反射太阳光而显得明亮为特征。它的亮度会因距离地球的远近而有所不同，而且会随着时间变化。与其他天文物体相比，它在夜晚的夜空中特别引人注目，因为它的形状通常是圆形的，且在夜空中移动的轨迹周期性变化。玩家3说：这是一个天体，它围绕地球运行，夜晚出现在天空中。它在同类中以其亮度变化最为突出，尤其是在满月时，其表面特征和相位变化非常明显。玩家4说：||在这个游戏中，我们需要通过分析每位玩家的描述来找出卧底。通常，平民的描述会围绕相同的词语展开，而卧底的描述可能会因为词语的不同而显得不太一致。我们需要仔细比较每个描述之间的相似性和差异性，以找出可能的卧底，注意，卧底并不会隐藏自己，他会直接描述他的词语，现在，逐一分析每个玩家的描述，注意，这局游戏的词语分类为<天文>，卧底词和平民词都属于该类。这是第一轮描述。
2024-12-13 13:43:07,112 - 2 - INFO - **********PLAYER2**********
好的，根据玩家们的描述，我们可以进行以下分析：

玩家1和玩家2的描述非常相似，都提到了夜空中发光的天体、气体和尘埃组成、反射太阳光、亮度随距离变化、形状通常为圆形以及周期性变化。这些描述与常见的天文物体――月亮相符。

玩家3的描述提到天体围绕地球运行，夜晚出现在天空中，亮度变化显著，尤其是在满月时表面特征和相位变化明显。这些描述同样指向月亮。

玩家4的描述则更像是在提供游戏策略和提示，而不是描述一个具体的天文物体。

由于玩家1、2和3的描述都与月亮相关，而玩家4没有提供具体的天文物体的描述，因此玩家4的描述可能与卧底词不相关。不过，没有足够的信息来确定谁是卧底，我们需要继续观察后续的描述和投票情况。
2024-12-13 13:43:07,116 - 2 - INFO - **********JUDGER**********
你刚刚的分析是好的，根据玩家们的描述，我们可以进行以下分析：

玩家1和玩家2的描述非常相似，都提到了夜空中发光的天体、气体和尘埃组成、反射太阳光、亮度随距离变化、形状通常为圆形以及周期性变化。这些描述与常见的天文物体――月亮相符。

玩家3的描述提到天体围绕地球运行，夜晚出现在天空中，亮度变化显著，尤其是在满月时表面特征和相位变化明显。这些描述同样指向月亮。

玩家4的描述则更像是在提供游戏策略和提示，而不是描述一个具体的天文物体。

由于玩家1、2和3的描述都与月亮相关，而玩家4没有提供具体的天文物体的描述，因此玩家4的描述可能与卧底词不相关。不过，没有足够的信息来确定谁是卧底，我们需要继续观察后续的描述和投票情况。|| `请根据上述分析，比较描述以找出不一致之处，注意，这局游戏的词语分类为<天文>，卧底词和平民词都属于该类。
2024-12-13 13:43:12,119 - 2 - INFO - **********PLAYER2**********
根据上述分析，我们可以比较描述中的一致性和不一致之处：

1. 一致性：
   - 玩家1、2和3的描述都集中在描述一个夜空中发光的天体，它们都提到了这个天体是由气体和尘埃组成，反射太阳光，亮度随距离变化，形状通常为圆形，并且有周期性变化。
   - 这些描述都指向了月亮，因为月亮符合这些特征。

2. 不一致性：
   - 玩家4的描述没有提供具体的天文物体的描述，而是给出了关于游戏策略和提示的信息。这与玩家1、2和3的具体描述形成了对比，他们的描述都是围绕月亮的特征进行的。
   - 如果玩家4是卧底，那么他的描述应该与月亮的特征不符，但是由于他没有提供具体的天文物体的描述，我们无法直接从描述中判断他是否不一致。

由于玩家4的描述没有具体指向月亮或其他特定的天文物体，而且与其他玩家的描述在内容上存在明显差异，这可能是他作为卧底的一个线索。然而，没有更多信息，我们无法确定玩家4的描述是否真的与卧底词不一致。我们需要更多的描述和投票来进一步分析。
2024-12-13 13:43:12,123 - 2 - INFO - **********JUDGER**********
你刚刚的分析是根据上述分析，我们可以比较描述中的一致性和不一致之处：

1. 一致性：
   - 玩家1、2和3的描述都集中在描述一个夜空中发光的天体，它们都提到了这个天体是由气体和尘埃组成，反射太阳光，亮度随距离变化，形状通常为圆形，并且有周期性变化。
   - 这些描述都指向了月亮，因为月亮符合这些特征。

2. 不一致性：
   - 玩家4的描述没有提供具体的天文物体的描述，而是给出了关于游戏策略和提示的信息。这与玩家1、2和3的具体描述形成了对比，他们的描述都是围绕月亮的特征进行的。
   - 如果玩家4是卧底，那么他的描述应该与月亮的特征不符，但是由于他没有提供具体的天文物体的描述，我们无法直接从描述中判断他是否不一致。

由于玩家4的描述没有具体指向月亮或其他特定的天文物体，而且与其他玩家的描述在内容上存在明显差异，这可能是他作为卧底的一个线索。然而，没有更多信息，我们无法确定玩家4的描述是否真的与卧底词不一致。我们需要更多的描述和投票来进一步分析。|| 请通过你分析的不一致之处，推断卧底身份，注意，这局游戏的词语分类为<天文>，卧底词和平民词都属于该类。
2024-12-13 13:43:18,199 - 2 - INFO - **********PLAYER2**********
基于上述分析，以下是我对卧底身份的推断：

1. 玩家1、2和3的描述高度一致，且都指向了月亮这一天文物体。这种一致性通常表明他们是平民，因为他们都抽取了相同的平民词。

2. 玩家4的描述与玩家1、2和3的描述不同，他没有提供具体的天文物体的描述，而是提供了关于游戏策略的提示。这种描述上的不一致性，结合他描述的内容，可能是他作为卧底的一个明显线索。

3. 在<天文>这个词语分类中，如果玩家4的卧底词与月亮无关，那么他的描述就不会包含月亮的特征。而玩家4的描述没有具体指向任何天文物体，这表明他可能没有描述正确的天文物体，这与卧底的身份相符。

综合以上分析，玩家4的描述与游戏策略相关，而没有具体描述天文物体，这表明他可能是卧底。然而，为了确认这一点，我们需要更多的描述和投票来进一步验证。如果玩家4在随后的描述中继续提供与月亮无关的信息，那么他作为卧底的可能性将更大。
2024-12-13 13:43:18,205 - 2 - INFO - **********JUDGER**********
你刚刚的推断是基于上述分析，以下是我对卧底身份的推断：

1. 玩家1、2和3的描述高度一致，且都指向了月亮这一天文物体。这种一致性通常表明他们是平民，因为他们都抽取了相同的平民词。

2. 玩家4的描述与玩家1、2和3的描述不同，他没有提供具体的天文物体的描述，而是提供了关于游戏策略的提示。这种描述上的不一致性，结合他描述的内容，可能是他作为卧底的一个明显线索。

3. 在<天文>这个词语分类中，如果玩家4的卧底词与月亮无关，那么他的描述就不会包含月亮的特征。而玩家4的描述没有具体指向任何天文物体，这表明他可能没有描述正确的天文物体，这与卧底的身份相符。

综合以上分析，玩家4的描述与游戏策略相关，而没有具体描述天文物体，这表明他可能是卧底。然而，为了确认这一点，我们需要更多的描述和投票来进一步验证。如果玩家4在随后的描述中继续提供与月亮无关的信息，那么他作为卧底的可能性将更大。|| 基于你刚刚的推断得出你的最终结论，请输出你认为的卧底，在这种情况下只需要输出编号，是1-4中的某个数字，不要输出其他信息。在这个过程不要进行任何推理，只对||以前的部分进行信息提取
2024-12-13 13:43:18,829 - 2 - INFO - **********PLAYER2**********
4
2024-12-13 13:43:56,979 - 2 - INFO - **********JUDGER**********
玩家1说：这是一个夜空中发光的天体，通常在夜晚出现。它在同类中以其圆满和周期性变化而最为显著。它是一个在夜空中定期出现的圆形天体，它的存在对地球的昼夜循环至关重要。它在夜空中的亮度变化，尤其是从新月到满月的过程，是它最为人们所熟知的特点。玩家2说：它是一种宇宙中的天体，主要由气体和尘埃组成。在同类中，它以其不发光但反射太阳光而显得明亮为特征。它的亮度会因距离地球的远近而有所不同，而且会随着时间变化。与其他天文物体相比，它在夜晚的夜空中特别引人注目，因为它的形状通常是圆形的，且在夜空中移动的轨迹周期性变化。玩家3说：这是一个天体，它围绕地球运行，夜晚出现在天空中。它在同类中以其亮度变化最为突出，尤其是在满月时，其表面特征和相位变化非常明显。玩家4说：这是一个天体，它不发光，但反射太阳光。它在夜空中特别明亮，形状通常是圆形的，且在天空中的移动轨迹呈现出周期性变化。它在该类中最为显著的特征是它独特的亮度和周期性的相位变化。你是第2号玩家，你的关键词是<星星>。你的回答中绝对不能包含你的关键词<星星>。这是第二轮描述，你之前的描述是它是一种宇宙中的天体，主要由气体和尘埃组成。在同类中，它以其不发光但反射太阳光而显得明亮为特征。它的亮度会因距离地球的远近而有所不同，而且会随着时间变化。与其他天文物体相比，它在夜晚的夜空中特别引人注目，因为它的形状通常是圆形的，且在夜空中移动的轨迹周期性变化。，注意，这局游戏的词语分类为<天文>，卧底词和平民词都属于该类，请你补充关于关键词的描述，注意，你的描述应该比起之前的描述更加贴近关键词，作为之前的补充
2024-12-13 13:44:02,274 - 2 - INFO - **********PLAYER2**********
它是一个独立于地球的天体，通常在夜晚的黑暗天幕中闪耀。它的亮度虽然不及月亮，但依然在夜空中显得非常明亮。与月亮不同的是，它的移动轨迹并不规则，而是呈现出无规律的闪烁和移动。它在夜空中的存在，为夜晚带来了美丽的点缀，但它的周期性变化并不像月亮那样明显。
2024-12-13 13:44:19,719 - 2 - INFO - **********JUDGER**********
玩家1说：这是一个夜空中发光的天体，通常在夜晚出现。它在同类中以其圆满和周期性变化而最为显著。它是一个在夜空中定期出现的圆形天体，它的存在对地球的昼夜循环至关重要。它在夜空中的亮度变化，尤其是从新月到满月的过程，是它最为人们所熟知的特点。玩家2说：它是一种宇宙中的天体，主要由气体和尘埃组成。在同类中，它以其不发光但反射太阳光而显得明亮为特征。它的亮度会因距离地球的远近而有所不同，而且会随着时间变化。与其他天文物体相比，它在夜晚的夜空中特别引人注目，因为它的形状通常是圆形的，且在夜空中移动的轨迹周期性变化。它是一个独立于地球的天体，通常在夜晚的黑暗天幕中闪耀。它的亮度虽然不及月亮，但依然在夜空中显得非常明亮。与月亮不同的是，它的移动轨迹并不规则，而是呈现出无规律的闪烁和移动。它在夜空中的存在，为夜晚带来了美丽的点缀，但它的周期性变化并不像月亮那样明显。玩家3说：这是一个天体，它围绕地球运行，夜晚出现在天空中。它在同类中以其亮度变化最为突出，尤其是在满月时，其表面特征和相位变化非常明显。这个天体在夜空中定期出现，它的表面特征随着时间而变化，尤其是从新月到满月的周期性变化，这是它最为人们所熟知的特点。它的存在对于观察者来说非常明显，因为它的亮度在夜空中非常突出，而且它的形状通常是圆形的。玩家4说：这是一个天体，它不发光，但反射太阳光。它在夜空中特别明亮，形状通常是圆形的，且在天空中的移动轨迹呈现出周期性变化。它在该类中最为显著的特征是它独特的亮度和周期性的相位变化。||在这个游戏中，我们需要通过分析每位玩家的描述来找出卧底。通常，平民的描述会围绕相同的词语展开，而卧底的描述可能会因为词语的不同而显得不太一致。我们需要仔细比较每个描述之间的相似性和差异性，以找出可能的卧底，注意，卧底并不会隐藏自己，他会直接描述他的词语，现在，逐一分析每个玩家的描述，注意，这局游戏的词语分类为<天文>，卧底词和平民词都属于该类。||之前是第2轮描述和之前轮数描述的合集。你之前认为的卧底是玩家4。
2024-12-13 13:44:20,516 - 2 - INFO - **********PLAYER2**********
玩家4
2024-12-13 13:44:20,516 - 2 - INFO - **********JUDGER**********
你刚刚的分析是玩家4|| `请根据上述分析，比较描述以找出不一致之处，注意，这局游戏的词语分类为<天文>，卧底词和平民词都属于该类。
2024-12-13 13:44:30,392 - 2 - INFO - **********PLAYER2**********
根据上述分析，以下是比较描述中找出的一致性和不一致之处：

一致性：
- 玩家1、2、3和4的描述都提到了天体不发光但反射太阳光，这是它们描述的共同点。
- 所有玩家的描述都提到了天体的形状通常是圆形的。
- 描述中提到了天体在夜空中的亮度会因距离地球的远近而有所不同，且会随着时间变化。
- 天体的移动轨迹都被描述为周期性变化。

不一致之处：
- 玩家1强调了天体的圆满和周期性变化，特别是从新月到满月的过程，这是月亮的特征。
- 玩家2的描述虽然与玩家1相似，但更加笼统，没有具体提到月亮的周期性变化。
- 玩家3的描述提到了天体围绕地球运行，表面特征和相位变化，这同样指向月亮。
- 玩家4的描述提到了天体独特的亮度和周期性的相位变化，但没有具体提到圆满或新月到满月的周期性变化，这与月亮的特征有所不同。

基于这些不一致之处，玩家4的描述可能与其他玩家描述的月亮特征有所不同，这可能是他作为卧底的一个线索。因此，不一致之处在于玩家4没有明确提到月亮的特定周期性变化特征，而其他玩家则更具体地描述了这些特征。
2024-12-13 13:44:30,396 - 2 - INFO - **********JUDGER**********
你刚刚的分析是根据上述分析，以下是比较描述中找出的一致性和不一致之处：

一致性：
- 玩家1、2、3和4的描述都提到了天体不发光但反射太阳光，这是它们描述的共同点。
- 所有玩家的描述都提到了天体的形状通常是圆形的。
- 描述中提到了天体在夜空中的亮度会因距离地球的远近而有所不同，且会随着时间变化。
- 天体的移动轨迹都被描述为周期性变化。

不一致之处：
- 玩家1强调了天体的圆满和周期性变化，特别是从新月到满月的过程，这是月亮的特征。
- 玩家2的描述虽然与玩家1相似，但更加笼统，没有具体提到月亮的周期性变化。
- 玩家3的描述提到了天体围绕地球运行，表面特征和相位变化，这同样指向月亮。
- 玩家4的描述提到了天体独特的亮度和周期性的相位变化，但没有具体提到圆满或新月到满月的周期性变化，这与月亮的特征有所不同。

基于这些不一致之处，玩家4的描述可能与其他玩家描述的月亮特征有所不同，这可能是他作为卧底的一个线索。因此，不一致之处在于玩家4没有明确提到月亮的特定周期性变化特征，而其他玩家则更具体地描述了这些特征。|| 请通过你分析的不一致之处，推断卧底身份，注意，这局游戏的词语分类为<天文>，卧底词和平民词都属于该类。
2024-12-13 13:44:31,330 - 2 - INFO - **********PLAYER2**********
4
2024-12-13 13:44:31,331 - 2 - INFO - **********JUDGER**********
你刚刚的推断是4|| 基于你刚刚的推断得出你的最终结论，请输出你认为的卧底，在这种情况下只需要输出编号，是1-4中的某个数字，不要输出其他信息。在这个过程不要进行任何推理，只对||以前的部分进行信息提取
2024-12-13 13:44:32,184 - 2 - INFO - **********PLAYER2**********
4
2024-12-13 13:45:19,429 - 2 - INFO - **********JUDGER**********
玩家1说：这是一个夜空中发光的天体，通常在夜晚出现。它在同类中以其圆满和周期性变化而最为显著。它是一个在夜空中定期出现的圆形天体，它的存在对地球的昼夜循环至关重要。它在夜空中的亮度变化，尤其是从新月到满月的过程，是它最为人们所熟知的特点。这是一个在天空中定期出现的自然天体，它的存在对于地球上的生物节律有着重要影响。它的表面特征在夜空中呈现出明显的周期性变化，从完全不可见的新月到明亮的满月，再到逐渐变暗的残月。玩家2说：它是一种宇宙中的天体，主要由气体和尘埃组成。在同类中，它以其不发光但反射太阳光而显得明亮为特征。它的亮度会因距离地球的远近而有所不同，而且会随着时间变化。与其他天文物体相比，它在夜晚的夜空中特别引人注目，因为它的形状通常是圆形的，且在夜空中移动的轨迹周期性变化。它是一个独立于地球的天体，通常在夜晚的黑暗天幕中闪耀。它的亮度虽然不及月亮，但依然在夜空中显得非常明亮。与月亮不同的是，它的移动轨迹并不规则，而是呈现出无规律的闪烁和移动。它在夜空中的存在，为夜晚带来了美丽的点缀，但它的周期性变化并不像月亮那样明显。玩家3说：这是一个天体，它围绕地球运行，夜晚出现在天空中。它在同类中以其亮度变化最为突出，尤其是在满月时，其表面特征和相位变化非常明显。这个天体在夜空中定期出现，它的表面特征随着时间而变化，尤其是从新月到满月的周期性变化，这是它最为人们所熟知的特点。它的存在对于观察者来说非常明显，因为它的亮度在夜空中非常突出，而且它的形状通常是圆形的。玩家4说：这是一个天体，它不发光，但反射太阳光。它在夜空中特别明亮，形状通常是圆形的，且在天空中的移动轨迹呈现出周期性变化。它在该类中最为显著的特征是它独特的亮度和周期性的相位变化。这个天体是夜空中最为熟悉的面孔之一，它的圆形外观在黑暗的夜幕中格外显眼。它的亮度变化是如此规律，从新月到满月，再到残月，它的形状和亮度都呈现出明显的周期性变化。它的存在对于地球上的生命至关重要，因为它决定了我们的昼夜节律。尽管它的亮度有时会因大气条件而略有变化，但它的圆形轮廓和周期性变化始终是夜空中的一道亮丽风景。你是第2号玩家，你的关键词是<星星>。你的回答中绝对不能包含你的关键词<星星>。这是第三轮描述，你之前的描述是它是一种宇宙中的天体，主要由气体和尘埃组成。在同类中，它以其不发光但反射太阳光而显得明亮为特征。它的亮度会因距离地球的远近而有所不同，而且会随着时间变化。与其他天文物体相比，它在夜晚的夜空中特别引人注目，因为它的形状通常是圆形的，且在夜空中移动的轨迹周期性变化。和它是一个独立于地球的天体，通常在夜晚的黑暗天幕中闪耀。它的亮度虽然不及月亮，但依然在夜空中显得非常明亮。与月亮不同的是，它的移动轨迹并不规则，而是呈现出无规律的闪烁和移动。它在夜空中的存在，为夜晚带来了美丽的点缀，但它的周期性变化并不像月亮那样明显。，注意，这局游戏的词语分类为<天文>，卧底词和平民词都属于该类，请你补充关于关键词的描述，注意，你的描述应该比起之前的描述更加贴近关键词，作为之前的补充
2024-12-13 13:45:23,557 - 2 - INFO - **********PLAYER2**********
它是一个夜空中独立的天体，虽然不发光，但通过反射太阳光而显得明亮。它在夜空中以固定的轨迹周期性移动，亮度随时间而变化，但形状始终保持圆形。它对于观察者来说，是一个在夜空中非常显眼的存在，尤其是在无云的夜晚，它的光芒在黑暗中显得格外耀眼。
2024-12-13 13:45:53,599 - 2 - INFO - **********JUDGER**********
玩家1说：这是一个夜空中发光的天体，通常在夜晚出现。它在同类中以其圆满和周期性变化而最为显著。它是一个在夜空中定期出现的圆形天体，它的存在对地球的昼夜循环至关重要。它在夜空中的亮度变化，尤其是从新月到满月的过程，是它最为人们所熟知的特点。这是一个在天空中定期出现的自然天体，它的存在对于地球上的生物节律有着重要影响。它的表面特征在夜空中呈现出明显的周期性变化，从完全不可见的新月到明亮的满月，再到逐渐变暗的残月。玩家2说：它是一种宇宙中的天体，主要由气体和尘埃组成。在同类中，它以其不发光但反射太阳光而显得明亮为特征。它的亮度会因距离地球的远近而有所不同，而且会随着时间变化。与其他天文物体相比，它在夜晚的夜空中特别引人注目，因为它的形状通常是圆形的，且在夜空中移动的轨迹周期性变化。它是一个独立于地球的天体，通常在夜晚的黑暗天幕中闪耀。它的亮度虽然不及月亮，但依然在夜空中显得非常明亮。与月亮不同的是，它的移动轨迹并不规则，而是呈现出无规律的闪烁和移动。它在夜空中的存在，为夜晚带来了美丽的点缀，但它的周期性变化并不像月亮那样明显。它是一个夜空中独立的天体，虽然不发光，但通过反射太阳光而显得明亮。它在夜空中以固定的轨迹周期性移动，亮度随时间而变化，但形状始终保持圆形。它对于观察者来说，是一个在夜空中非常显眼的存在，尤其是在无云的夜晚，它的光芒在黑暗中显得格外耀眼。玩家3说：这是一个天体，它围绕地球运行，夜晚出现在天空中。它在同类中以其亮度变化最为突出，尤其是在满月时，其表面特征和相位变化非常明显。这个天体在夜空中定期出现，它的表面特征随着时间而变化，尤其是从新月到满月的周期性变化，这是它最为人们所熟知的特点。它的存在对于观察者来说非常明显，因为它的亮度在夜空中非常突出，而且它的形状通常是圆形的。这个天体在夜空中定期出现，它的表面特征随着时间而变化，尤其是从新月到满月的周期性变化，这是它最为人们所熟知的特点。它的存在对于地球的昼夜循环至关重要，它的亮度在夜空中非常突出，而且它的形状通常是圆形的。玩家4说：这是一个天体，它不发光，但反射太阳光。它在夜空中特别明亮，形状通常是圆形的，且在天空中的移动轨迹呈现出周期性变化。它在该类中最为显著的特征是它独特的亮度和周期性的相位变化。这个天体是夜空中最为熟悉的面孔之一，它的圆形外观在黑暗的夜幕中格外显眼。它的亮度变化是如此规律，从新月到满月，再到残月，它的形状和亮度都呈现出明显的周期性变化。它的存在对于地球上的生命至关重要，因为它决定了我们的昼夜节律。尽管它的亮度有时会因大气条件而略有变化，但它的圆形轮廓和周期性变化始终是夜空中的一道亮丽风景。这个天体是地球唯一的自然卫星，它对地球的潮汐现象有着直接影响。它的表面特征复杂，包括平原、山脉和陨石坑，这些特征在地球上的观察者看来呈现出周期性的变化。这个天体的亮度变化与地球的相位角有关，从新月到满月，再到新月，它的亮度呈现出周期性的增减。这个天体的存在对地球的气候和生物节律有着深远的影响。||在这个游戏中，我们需要通过分析每位玩家的描述来找出卧底。通常，平民的描述会围绕相同的词语展开，而卧底的描述可能会因为词语的不同而显得不太一致。我们需要仔细比较每个描述之间的相似性和差异性，以找出可能的卧底，注意，卧底并不会隐藏自己，他会直接描述他的词语，现在，逐一分析每个玩家的描述，注意，这局游戏的词语分类为<天文>，卧底词和平民词都属于该类。||之前是第3轮描述和之前轮数描述的合集。你之前认为的卧底是玩家4。
2024-12-13 13:45:54,692 - 2 - INFO - **********PLAYER2**********
4
2024-12-13 13:45:54,692 - 2 - INFO - **********JUDGER**********
你刚刚的分析是4|| `请根据上述分析，比较描述以找出不一致之处，注意，这局游戏的词语分类为<天文>，卧底词和平民词都属于该类。
2024-12-13 13:46:10,804 - 2 - INFO - **********PLAYER2**********
根据上述分析，以下是比较描述中找出的一致性和不一致之处：

一致性：
- 所有玩家的描述都提到了天体不发光但反射太阳光。
- 所有玩家的描述都提到了天体的形状通常是圆形的。
- 所有玩家的描述都提到了天体在夜空中的亮度会因距离地球的远近而有所不同，且会随着时间变化。
- 所有玩家的描述都提到了天体在夜空中以固定的轨迹周期性移动。

不一致之处：
- 玩家1的描述特别强调了天体的圆满和周期性变化，尤其是从新月到满月的过程，这是月亮的特征。
- 玩家2的描述提到了天体的移动轨迹并不规则，而是呈现出无规律的闪烁和移动，这与月亮的规则周期性轨迹不符。
- 玩家3的描述重复了关于天体亮度变化和表面特征的描述，但没有提到天体是地球唯一的自然卫星或对地球的潮汐现象有直接影响，这些特征是月亮独有的。
- 玩家4的描述虽然提到了天体的亮度和相位变化，但没有提到天体是地球的唯一自然卫星或对地球的潮汐现象有直接影响，也没有提到天体的移动轨迹是无规律的。

基于这些不一致之处，玩家2的描述与月亮的特征最不吻合，因为他提到了天体的移动轨迹是无规律的，而其他玩家都描述了天体的周期性移动。因此，玩家2的描述可能与其他玩家的描述不一致，这可能是他作为卧底的一个线索。
2024-12-13 13:46:10,809 - 2 - INFO - **********JUDGER**********
你刚刚的分析是根据上述分析，以下是比较描述中找出的一致性和不一致之处：

一致性：
- 所有玩家的描述都提到了天体不发光但反射太阳光。
- 所有玩家的描述都提到了天体的形状通常是圆形的。
- 所有玩家的描述都提到了天体在夜空中的亮度会因距离地球的远近而有所不同，且会随着时间变化。
- 所有玩家的描述都提到了天体在夜空中以固定的轨迹周期性移动。

不一致之处：
- 玩家1的描述特别强调了天体的圆满和周期性变化，尤其是从新月到满月的过程，这是月亮的特征。
- 玩家2的描述提到了天体的移动轨迹并不规则，而是呈现出无规律的闪烁和移动，这与月亮的规则周期性轨迹不符。
- 玩家3的描述重复了关于天体亮度变化和表面特征的描述，但没有提到天体是地球唯一的自然卫星或对地球的潮汐现象有直接影响，这些特征是月亮独有的。
- 玩家4的描述虽然提到了天体的亮度和相位变化，但没有提到天体是地球的唯一自然卫星或对地球的潮汐现象有直接影响，也没有提到天体的移动轨迹是无规律的。

基于这些不一致之处，玩家2的描述与月亮的特征最不吻合，因为他提到了天体的移动轨迹是无规律的，而其他玩家都描述了天体的周期性移动。因此，玩家2的描述可能与其他玩家的描述不一致，这可能是他作为卧底的一个线索。|| 请通过你分析的不一致之处，推断卧底身份，注意，这局游戏的词语分类为<天文>，卧底词和平民词都属于该类。
2024-12-13 13:46:11,769 - 2 - INFO - **********PLAYER2**********
2
2024-12-13 13:46:11,770 - 2 - INFO - **********JUDGER**********
你刚刚的推断是2|| 基于你刚刚的推断得出你的最终结论，请输出你认为的卧底，在这种情况下只需要输出编号，是1-4中的某个数字，不要输出其他信息。在这个过程不要进行任何推理，只对||以前的部分进行信息提取
2024-12-13 13:46:12,694 - 2 - INFO - **********PLAYER2**********
2
2024-12-13 13:46:12,695 - 2 - INFO - **********JUDGER**********
你认为卧底是你自己。你现在需要随便选一个人投票。请输出一个数字，是1-4中的某个数字，但这个数字不能是2，不要输出其他信息。
2024-12-13 13:46:13,951 - 2 - INFO - **********PLAYER2**********
1
