2024-12-13 13:42:28,444 - 3 - INFO - **********JUDGER**********
让我们来玩一个叫做<谁是卧底>的推理游戏。基本规则：<人数>：4人。<角色分配>：每位玩家随机抽取一个词语，3名玩家拿到的词语是相同的（平民词），1名玩家拿到与之相近但不同的词语（卧底词）。<游戏流程>：1、玩家轮流描述自己的词语，但<不能>直接说出词语本身。2、描述完毕后，投票选出最像卧底的玩家。3、每轮结束后，被投票选出的玩家出局，不能再进行描述或投票。4、每轮投票结束后，如果卧底被成功找出，平民方获胜；如果卧底未被找出且卧底人数等于或超过平民人数，则卧底方获胜。你将扮演一个<玩家>，请等待你被分配到的关键词。如果你听懂了，只回答，"好的，我准备好参加游戏了"，不要输出别的信息
2024-12-13 13:42:28,894 - 3 - INFO - **********PLAYER3**********
好的，我准备好参加游戏了
2024-12-13 13:42:33,129 - 3 - INFO - **********JUDGER**********
玩家1说：这是一个夜空中发光的天体，通常在夜晚出现。它在同类中以其圆满和周期性变化而最为显著。玩家2说：它是一种宇宙中的天体，主要由气体和尘埃组成。在同类中，它以其不发光但反射太阳光而显得明亮为特征。它的亮度会因距离地球的远近而有所不同，而且会随着时间变化。与其他天文物体相比，它在夜晚的夜空中特别引人注目，因为它的形状通常是圆形的，且在夜空中移动的轨迹周期性变化。玩家3说：玩家4说：|| 你是第3号玩家，你的关键词是<月亮>。你的回答中绝对不能包含你的关键词<月亮>。这是第一轮描述，不需要分析||之前别的玩家的描述，请你描述关键词基本特征，注意，这局游戏的词语分类为<天文>，卧底词和平民词都属于该类，描述包括以下两点，1.他的基本特征是什么2.他在该类（天文）中最突出不同的特征是什么，尽量简短
2024-12-13 13:42:34,108 - 3 - INFO - **********PLAYER3**********
这是一个天体，它围绕地球运行，夜晚出现在天空中。它在同类中以其亮度变化最为突出，尤其是在满月时，其表面特征和相位变化非常明显。
2024-12-13 13:43:18,830 - 3 - INFO - **********JUDGER**********
玩家1说：这是一个夜空中发光的天体，通常在夜晚出现。它在同类中以其圆满和周期性变化而最为显著。玩家2说：它是一种宇宙中的天体，主要由气体和尘埃组成。在同类中，它以其不发光但反射太阳光而显得明亮为特征。它的亮度会因距离地球的远近而有所不同，而且会随着时间变化。与其他天文物体相比，它在夜晚的夜空中特别引人注目，因为它的形状通常是圆形的，且在夜空中移动的轨迹周期性变化。玩家3说：这是一个天体，它围绕地球运行，夜晚出现在天空中。它在同类中以其亮度变化最为突出，尤其是在满月时，其表面特征和相位变化非常明显。玩家4说：||在这个游戏中，我们需要通过分析每位玩家的描述来找出卧底。通常，平民的描述会围绕相同的词语展开，而卧底的描述可能会因为词语的不同而显得不太一致。我们需要仔细比较每个描述之间的相似性和差异性，以找出可能的卧底，注意，卧底并不会隐藏自己，他会直接描述他的词语，现在，逐一分析每个玩家的描述，注意，这局游戏的词语分类为<天文>，卧底词和平民词都属于该类。这是第一轮描述。
2024-12-13 13:43:25,319 - 3 - INFO - **********PLAYER3**********
玩家1和玩家3的描述非常相似，都提到了夜空中发光的天体、周期性变化和亮度变化，这指向了月亮。玩家2的描述则提到了由气体和尘埃组成、不发光但反射太阳光的天体，这也是月亮的特征，但描述中提到了“同类”，这可能暗示了另一个词语，比如行星或彗星。

玩家4的描述与前面三位玩家的描述有所不同，他没有直接提到发光、周期性变化或亮度变化，而是强调了游戏的规则和描述分析的方法。这可能是一个提示，表明玩家4可能不是卧底，因为卧底通常会直接描述他的词语。

综合来看，玩家2和玩家4的描述似乎不太一致，尤其是玩家4的描述更像是游戏指导而非直接描述词语。因此，玩家4可能是平民，而玩家2的描述虽然与月亮相符，但使用了“同类”这个词，这可能是一个暗示，表明他可能是卧底。然而，由于没有更多的信息，我们无法确定谁是卧底。需要更多的描述和分析来确定。
2024-12-13 13:43:25,325 - 3 - INFO - **********JUDGER**********
你刚刚的分析是玩家1和玩家3的描述非常相似，都提到了夜空中发光的天体、周期性变化和亮度变化，这指向了月亮。玩家2的描述则提到了由气体和尘埃组成、不发光但反射太阳光的天体，这也是月亮的特征，但描述中提到了“同类”，这可能暗示了另一个词语，比如行星或彗星。

玩家4的描述与前面三位玩家的描述有所不同，他没有直接提到发光、周期性变化或亮度变化，而是强调了游戏的规则和描述分析的方法。这可能是一个提示，表明玩家4可能不是卧底，因为卧底通常会直接描述他的词语。

综合来看，玩家2和玩家4的描述似乎不太一致，尤其是玩家4的描述更像是游戏指导而非直接描述词语。因此，玩家4可能是平民，而玩家2的描述虽然与月亮相符，但使用了“同类”这个词，这可能是一个暗示，表明他可能是卧底。然而，由于没有更多的信息，我们无法确定谁是卧底。需要更多的描述和分析来确定。|| `请根据上述分析，比较描述以找出不一致之处，注意，这局游戏的词语分类为<天文>，卧底词和平民词都属于该类。
2024-12-13 13:43:30,564 - 3 - INFO - **********PLAYER3**********
根据上述分析，我们可以比较描述中的不一致之处如下：

1. 玩家1和玩家3的描述非常相似，都指向了月亮，因为他们提到了夜空中发光的天体、周期性变化和亮度变化。

2. 玩家2的描述虽然也提到了夜空中特别引人注目的天体，但强调了天体由气体和尘埃组成，不发光但反射太阳光，以及亮度随时间变化。这些特征与月亮相符，但他使用了“同类”这个词，这可能意味着他描述的可能是其他天体，如行星或彗星。

3. 玩家4的描述没有直接涉及月亮的特定特征，而是转而解释了游戏规则和描述分析的方法。这与他直接描述词语的角色不符，因此他的描述与其他玩家的描述在内容和目的上存在显著差异。

不一致之处总结：
- 玩家2的描述中包含“同类”这个词，而其他玩家没有使用。
- 玩家4的描述更像是游戏指导而非直接描述词语的特征。

这些不一致之处可能表明玩家2或玩家4是卧底，因为他们没有遵循其他玩家描述的典型模式。需要更多的描述和投票来确定谁是卧底。
2024-12-13 13:43:30,565 - 3 - INFO - **********JUDGER**********
你刚刚的分析是根据上述分析，我们可以比较描述中的不一致之处如下：

1. 玩家1和玩家3的描述非常相似，都指向了月亮，因为他们提到了夜空中发光的天体、周期性变化和亮度变化。

2. 玩家2的描述虽然也提到了夜空中特别引人注目的天体，但强调了天体由气体和尘埃组成，不发光但反射太阳光，以及亮度随时间变化。这些特征与月亮相符，但他使用了“同类”这个词，这可能意味着他描述的可能是其他天体，如行星或彗星。

3. 玩家4的描述没有直接涉及月亮的特定特征，而是转而解释了游戏规则和描述分析的方法。这与他直接描述词语的角色不符，因此他的描述与其他玩家的描述在内容和目的上存在显著差异。

不一致之处总结：
- 玩家2的描述中包含“同类”这个词，而其他玩家没有使用。
- 玩家4的描述更像是游戏指导而非直接描述词语的特征。

这些不一致之处可能表明玩家2或玩家4是卧底，因为他们没有遵循其他玩家描述的典型模式。需要更多的描述和投票来确定谁是卧底。|| 请通过你分析的不一致之处，推断卧底身份，注意，这局游戏的词语分类为<天文>，卧底词和平民词都属于该类。
2024-12-13 13:43:35,208 - 3 - INFO - **********PLAYER3**********
基于上述分析的不一致之处，我们可以进行以下推断：

1. 玩家2的描述中使用了“同类”这个词，这暗示了他可能不是在描述月亮，因为月亮是唯一的自然卫星，没有“同类”。他描述的天体由气体和尘埃组成，不发光但反射太阳光，亮度随时间变化，这些特征更符合行星或彗星。因此，玩家2可能是卧底。

2. 玩家4的描述看似是在提供游戏规则和描述分析的方法，而不是在描述一个天体。这与他作为卧底直接描述词语的角色不符。然而，这并不足以确定他是否是卧底，因为他的描述也可能是为了混淆视听。

综合考虑，玩家2的描述与月亮的特征不完全吻合，且使用了“同类”这个词，这增加了他是卧底的可能性。而玩家4的描述虽然不同，但没有直接证据表明他是卧底。因此，根据目前的描述，玩家2更有可能是卧底。然而，最终的确定还需要进一步的描述和投票。
2024-12-13 13:43:35,211 - 3 - INFO - **********JUDGER**********
你刚刚的推断是基于上述分析的不一致之处，我们可以进行以下推断：

1. 玩家2的描述中使用了“同类”这个词，这暗示了他可能不是在描述月亮，因为月亮是唯一的自然卫星，没有“同类”。他描述的天体由气体和尘埃组成，不发光但反射太阳光，亮度随时间变化，这些特征更符合行星或彗星。因此，玩家2可能是卧底。

2. 玩家4的描述看似是在提供游戏规则和描述分析的方法，而不是在描述一个天体。这与他作为卧底直接描述词语的角色不符。然而，这并不足以确定他是否是卧底，因为他的描述也可能是为了混淆视听。

综合考虑，玩家2的描述与月亮的特征不完全吻合，且使用了“同类”这个词，这增加了他是卧底的可能性。而玩家4的描述虽然不同，但没有直接证据表明他是卧底。因此，根据目前的描述，玩家2更有可能是卧底。然而，最终的确定还需要进一步的描述和投票。|| 基于你刚刚的推断得出你的最终结论，请输出你认为的卧底，在这种情况下只需要输出编号，是1-4中的某个数字，不要输出其他信息。在这个过程不要进行任何推理，只对||以前的部分进行信息提取
2024-12-13 13:43:35,610 - 3 - INFO - **********PLAYER3**********
2
2024-12-13 13:44:02,274 - 3 - INFO - **********JUDGER**********
玩家1说：这是一个夜空中发光的天体，通常在夜晚出现。它在同类中以其圆满和周期性变化而最为显著。它是一个在夜空中定期出现的圆形天体，它的存在对地球的昼夜循环至关重要。它在夜空中的亮度变化，尤其是从新月到满月的过程，是它最为人们所熟知的特点。玩家2说：它是一种宇宙中的天体，主要由气体和尘埃组成。在同类中，它以其不发光但反射太阳光而显得明亮为特征。它的亮度会因距离地球的远近而有所不同，而且会随着时间变化。与其他天文物体相比，它在夜晚的夜空中特别引人注目，因为它的形状通常是圆形的，且在夜空中移动的轨迹周期性变化。它是一个独立于地球的天体，通常在夜晚的黑暗天幕中闪耀。它的亮度虽然不及月亮，但依然在夜空中显得非常明亮。与月亮不同的是，它的移动轨迹并不规则，而是呈现出无规律的闪烁和移动。它在夜空中的存在，为夜晚带来了美丽的点缀，但它的周期性变化并不像月亮那样明显。玩家3说：这是一个天体，它围绕地球运行，夜晚出现在天空中。它在同类中以其亮度变化最为突出，尤其是在满月时，其表面特征和相位变化非常明显。玩家4说：这是一个天体，它不发光，但反射太阳光。它在夜空中特别明亮，形状通常是圆形的，且在天空中的移动轨迹呈现出周期性变化。它在该类中最为显著的特征是它独特的亮度和周期性的相位变化。你是第3号玩家，你的关键词是<月亮>。你的回答中绝对不能包含你的关键词<月亮>。这是第二轮描述，你之前的描述是这是一个天体，它围绕地球运行，夜晚出现在天空中。它在同类中以其亮度变化最为突出，尤其是在满月时，其表面特征和相位变化非常明显。，注意，这局游戏的词语分类为<天文>，卧底词和平民词都属于该类，请你补充关于关键词的描述，注意，你的描述应该比起之前的描述更加贴近关键词，作为之前的补充
2024-12-13 13:44:04,953 - 3 - INFO - **********PLAYER3**********
这个天体在夜空中定期出现，它的表面特征随着时间而变化，尤其是从新月到满月的周期性变化，这是它最为人们所熟知的特点。它的存在对于观察者来说非常明显，因为它的亮度在夜空中非常突出，而且它的形状通常是圆形的。
2024-12-13 13:44:32,185 - 3 - INFO - **********JUDGER**********
玩家1说：这是一个夜空中发光的天体，通常在夜晚出现。它在同类中以其圆满和周期性变化而最为显著。它是一个在夜空中定期出现的圆形天体，它的存在对地球的昼夜循环至关重要。它在夜空中的亮度变化，尤其是从新月到满月的过程，是它最为人们所熟知的特点。玩家2说：它是一种宇宙中的天体，主要由气体和尘埃组成。在同类中，它以其不发光但反射太阳光而显得明亮为特征。它的亮度会因距离地球的远近而有所不同，而且会随着时间变化。与其他天文物体相比，它在夜晚的夜空中特别引人注目，因为它的形状通常是圆形的，且在夜空中移动的轨迹周期性变化。它是一个独立于地球的天体，通常在夜晚的黑暗天幕中闪耀。它的亮度虽然不及月亮，但依然在夜空中显得非常明亮。与月亮不同的是，它的移动轨迹并不规则，而是呈现出无规律的闪烁和移动。它在夜空中的存在，为夜晚带来了美丽的点缀，但它的周期性变化并不像月亮那样明显。玩家3说：这是一个天体，它围绕地球运行，夜晚出现在天空中。它在同类中以其亮度变化最为突出，尤其是在满月时，其表面特征和相位变化非常明显。这个天体在夜空中定期出现，它的表面特征随着时间而变化，尤其是从新月到满月的周期性变化，这是它最为人们所熟知的特点。它的存在对于观察者来说非常明显，因为它的亮度在夜空中非常突出，而且它的形状通常是圆形的。玩家4说：这是一个天体，它不发光，但反射太阳光。它在夜空中特别明亮，形状通常是圆形的，且在天空中的移动轨迹呈现出周期性变化。它在该类中最为显著的特征是它独特的亮度和周期性的相位变化。||在这个游戏中，我们需要通过分析每位玩家的描述来找出卧底。通常，平民的描述会围绕相同的词语展开，而卧底的描述可能会因为词语的不同而显得不太一致。我们需要仔细比较每个描述之间的相似性和差异性，以找出可能的卧底，注意，卧底并不会隐藏自己，他会直接描述他的词语，现在，逐一分析每个玩家的描述，注意，这局游戏的词语分类为<天文>，卧底词和平民词都属于该类。||之前是第2轮描述和之前轮数描述的合集。你之前认为的卧底是玩家2。
2024-12-13 13:44:42,199 - 3 - INFO - **********PLAYER3**********
根据第二轮描述和之前轮数的描述，以下是每位玩家的描述分析：

玩家1的描述非常具体，提到了夜空中发光的天体、圆满和周期性变化，以及亮度变化，这与月亮的特征高度吻合。

玩家2的描述提到了一个由气体和尘埃组成的天体，不发光但反射太阳光，亮度随时间变化，形状通常是圆形的，移动轨迹周期性变化，但移动轨迹并不规则，这与行星或彗星的特征相符，尤其是描述中的“移动轨迹并不规则”与月亮的规则轨迹相矛盾。

玩家3的描述与玩家1的描述非常相似，强调了天体围绕地球运行，亮度变化，尤其是满月时的相位变化，这与月亮的特征一致。

玩家4的描述提到了一个不发光但反射太阳光的天体，形状通常是圆形的，且在天空中的移动轨迹呈现出周期性变化，这也是月亮的特征。

综合分析，玩家2的描述与月亮的特征不完全一致，尤其是描述中的“移动轨迹并不规则”，这与月亮的规则轨迹相矛盾。因此，基于这些描述，玩家2仍然是可能是卧底的人选。不过，玩家4的描述也非常接近月亮的特征，因此也需要进一步的分析和投票来确定最终的卧底身份。
2024-12-13 13:44:42,202 - 3 - INFO - **********JUDGER**********
你刚刚的分析是根据第二轮描述和之前轮数的描述，以下是每位玩家的描述分析：

玩家1的描述非常具体，提到了夜空中发光的天体、圆满和周期性变化，以及亮度变化，这与月亮的特征高度吻合。

玩家2的描述提到了一个由气体和尘埃组成的天体，不发光但反射太阳光，亮度随时间变化，形状通常是圆形的，移动轨迹周期性变化，但移动轨迹并不规则，这与行星或彗星的特征相符，尤其是描述中的“移动轨迹并不规则”与月亮的规则轨迹相矛盾。

玩家3的描述与玩家1的描述非常相似，强调了天体围绕地球运行，亮度变化，尤其是满月时的相位变化，这与月亮的特征一致。

玩家4的描述提到了一个不发光但反射太阳光的天体，形状通常是圆形的，且在天空中的移动轨迹呈现出周期性变化，这也是月亮的特征。

综合分析，玩家2的描述与月亮的特征不完全一致，尤其是描述中的“移动轨迹并不规则”，这与月亮的规则轨迹相矛盾。因此，基于这些描述，玩家2仍然是可能是卧底的人选。不过，玩家4的描述也非常接近月亮的特征，因此也需要进一步的分析和投票来确定最终的卧底身份。|| `请根据上述分析，比较描述以找出不一致之处，注意，这局游戏的词语分类为<天文>，卧底词和平民词都属于该类。
2024-12-13 13:44:48,682 - 3 - INFO - **********PLAYER3**********
根据上述分析，不一致之处如下：

1. 玩家2的描述中提到天体的移动轨迹“并不规则”，这与月亮的规则轨迹形成对比。月亮的轨道是围绕地球的椭圆轨道，其移动轨迹是周期性的，而不是无规律的。

2. 虽然玩家4的描述中也没有明确指出移动轨迹是不规则的，但他的描述没有像玩家2那样特别强调移动轨迹的特点，而是更多地集中在天体的亮度变化和相位变化上，这些特征也与月亮相符。

3. 玩家1和玩家3的描述都强调了天体的圆形形状、周期性变化和亮度变化，这些特征与月亮的描述高度一致。

综上所述，玩家2的描述在移动轨迹的描述上与月亮的特征不一致，这可能是他作为卧底的一个关键线索。其他玩家的描述在描述天体的形状、亮度和变化上与月亮更为接近。
2024-12-13 13:44:48,686 - 3 - INFO - **********JUDGER**********
你刚刚的分析是根据上述分析，不一致之处如下：

1. 玩家2的描述中提到天体的移动轨迹“并不规则”，这与月亮的规则轨迹形成对比。月亮的轨道是围绕地球的椭圆轨道，其移动轨迹是周期性的，而不是无规律的。

2. 虽然玩家4的描述中也没有明确指出移动轨迹是不规则的，但他的描述没有像玩家2那样特别强调移动轨迹的特点，而是更多地集中在天体的亮度变化和相位变化上，这些特征也与月亮相符。

3. 玩家1和玩家3的描述都强调了天体的圆形形状、周期性变化和亮度变化，这些特征与月亮的描述高度一致。

综上所述，玩家2的描述在移动轨迹的描述上与月亮的特征不一致，这可能是他作为卧底的一个关键线索。其他玩家的描述在描述天体的形状、亮度和变化上与月亮更为接近。|| 请通过你分析的不一致之处，推断卧底身份，注意，这局游戏的词语分类为<天文>，卧底词和平民词都属于该类。
2024-12-13 13:44:53,224 - 3 - INFO - **********PLAYER3**********
基于分析的不一致之处，可以推断玩家2是卧底。他的描述中提到天体的移动轨迹“并不规则”，这与月亮的规则轨迹相矛盾。在<天文>这个分类中，月亮的移动轨迹是周期性的，而玩家2描述的天体移动轨迹无规律，这表明他可能描述的是另一个天体，如行星或彗星，而不是月亮。因此，玩家2可能是卧底。
2024-12-13 13:44:53,225 - 3 - INFO - **********JUDGER**********
你刚刚的推断是基于分析的不一致之处，可以推断玩家2是卧底。他的描述中提到天体的移动轨迹“并不规则”，这与月亮的规则轨迹相矛盾。在<天文>这个分类中，月亮的移动轨迹是周期性的，而玩家2描述的天体移动轨迹无规律，这表明他可能描述的是另一个天体，如行星或彗星，而不是月亮。因此，玩家2可能是卧底。|| 基于你刚刚的推断得出你的最终结论，请输出你认为的卧底，在这种情况下只需要输出编号，是1-4中的某个数字，不要输出其他信息。在这个过程不要进行任何推理，只对||以前的部分进行信息提取
2024-12-13 13:44:54,049 - 3 - INFO - **********PLAYER3**********
2
2024-12-13 13:45:23,559 - 3 - INFO - **********JUDGER**********
玩家1说：这是一个夜空中发光的天体，通常在夜晚出现。它在同类中以其圆满和周期性变化而最为显著。它是一个在夜空中定期出现的圆形天体，它的存在对地球的昼夜循环至关重要。它在夜空中的亮度变化，尤其是从新月到满月的过程，是它最为人们所熟知的特点。这是一个在天空中定期出现的自然天体，它的存在对于地球上的生物节律有着重要影响。它的表面特征在夜空中呈现出明显的周期性变化，从完全不可见的新月到明亮的满月，再到逐渐变暗的残月。玩家2说：它是一种宇宙中的天体，主要由气体和尘埃组成。在同类中，它以其不发光但反射太阳光而显得明亮为特征。它的亮度会因距离地球的远近而有所不同，而且会随着时间变化。与其他天文物体相比，它在夜晚的夜空中特别引人注目，因为它的形状通常是圆形的，且在夜空中移动的轨迹周期性变化。它是一个独立于地球的天体，通常在夜晚的黑暗天幕中闪耀。它的亮度虽然不及月亮，但依然在夜空中显得非常明亮。与月亮不同的是，它的移动轨迹并不规则，而是呈现出无规律的闪烁和移动。它在夜空中的存在，为夜晚带来了美丽的点缀，但它的周期性变化并不像月亮那样明显。它是一个夜空中独立的天体，虽然不发光，但通过反射太阳光而显得明亮。它在夜空中以固定的轨迹周期性移动，亮度随时间而变化，但形状始终保持圆形。它对于观察者来说，是一个在夜空中非常显眼的存在，尤其是在无云的夜晚，它的光芒在黑暗中显得格外耀眼。玩家3说：这是一个天体，它围绕地球运行，夜晚出现在天空中。它在同类中以其亮度变化最为突出，尤其是在满月时，其表面特征和相位变化非常明显。这个天体在夜空中定期出现，它的表面特征随着时间而变化，尤其是从新月到满月的周期性变化，这是它最为人们所熟知的特点。它的存在对于观察者来说非常明显，因为它的亮度在夜空中非常突出，而且它的形状通常是圆形的。玩家4说：这是一个天体，它不发光，但反射太阳光。它在夜空中特别明亮，形状通常是圆形的，且在天空中的移动轨迹呈现出周期性变化。它在该类中最为显著的特征是它独特的亮度和周期性的相位变化。这个天体是夜空中最为熟悉的面孔之一，它的圆形外观在黑暗的夜幕中格外显眼。它的亮度变化是如此规律，从新月到满月，再到残月，它的形状和亮度都呈现出明显的周期性变化。它的存在对于地球上的生命至关重要，因为它决定了我们的昼夜节律。尽管它的亮度有时会因大气条件而略有变化，但它的圆形轮廓和周期性变化始终是夜空中的一道亮丽风景。你是第3号玩家，你的关键词是<月亮>。你的回答中绝对不能包含你的关键词<月亮>。这是第三轮描述，你之前的描述是这是一个天体，它围绕地球运行，夜晚出现在天空中。它在同类中以其亮度变化最为突出，尤其是在满月时，其表面特征和相位变化非常明显。和这个天体在夜空中定期出现，它的表面特征随着时间而变化，尤其是从新月到满月的周期性变化，这是它最为人们所熟知的特点。它的存在对于观察者来说非常明显，因为它的亮度在夜空中非常突出，而且它的形状通常是圆形的。，注意，这局游戏的词语分类为<天文>，卧底词和平民词都属于该类，请你补充关于关键词的描述，注意，你的描述应该比起之前的描述更加贴近关键词，作为之前的补充
2024-12-13 13:45:27,207 - 3 - INFO - **********PLAYER3**********
这个天体在夜空中定期出现，它的表面特征随着时间而变化，尤其是从新月到满月的周期性变化，这是它最为人们所熟知的特点。它的存在对于地球的昼夜循环至关重要，它的亮度在夜空中非常突出，而且它的形状通常是圆形的。
2024-12-13 13:46:13,952 - 3 - INFO - **********JUDGER**********
玩家1说：这是一个夜空中发光的天体，通常在夜晚出现。它在同类中以其圆满和周期性变化而最为显著。它是一个在夜空中定期出现的圆形天体，它的存在对地球的昼夜循环至关重要。它在夜空中的亮度变化，尤其是从新月到满月的过程，是它最为人们所熟知的特点。这是一个在天空中定期出现的自然天体，它的存在对于地球上的生物节律有着重要影响。它的表面特征在夜空中呈现出明显的周期性变化，从完全不可见的新月到明亮的满月，再到逐渐变暗的残月。玩家2说：它是一种宇宙中的天体，主要由气体和尘埃组成。在同类中，它以其不发光但反射太阳光而显得明亮为特征。它的亮度会因距离地球的远近而有所不同，而且会随着时间变化。与其他天文物体相比，它在夜晚的夜空中特别引人注目，因为它的形状通常是圆形的，且在夜空中移动的轨迹周期性变化。它是一个独立于地球的天体，通常在夜晚的黑暗天幕中闪耀。它的亮度虽然不及月亮，但依然在夜空中显得非常明亮。与月亮不同的是，它的移动轨迹并不规则，而是呈现出无规律的闪烁和移动。它在夜空中的存在，为夜晚带来了美丽的点缀，但它的周期性变化并不像月亮那样明显。它是一个夜空中独立的天体，虽然不发光，但通过反射太阳光而显得明亮。它在夜空中以固定的轨迹周期性移动，亮度随时间而变化，但形状始终保持圆形。它对于观察者来说，是一个在夜空中非常显眼的存在，尤其是在无云的夜晚，它的光芒在黑暗中显得格外耀眼。玩家3说：这是一个天体，它围绕地球运行，夜晚出现在天空中。它在同类中以其亮度变化最为突出，尤其是在满月时，其表面特征和相位变化非常明显。这个天体在夜空中定期出现，它的表面特征随着时间而变化，尤其是从新月到满月的周期性变化，这是它最为人们所熟知的特点。它的存在对于观察者来说非常明显，因为它的亮度在夜空中非常突出，而且它的形状通常是圆形的。这个天体在夜空中定期出现，它的表面特征随着时间而变化，尤其是从新月到满月的周期性变化，这是它最为人们所熟知的特点。它的存在对于地球的昼夜循环至关重要，它的亮度在夜空中非常突出，而且它的形状通常是圆形的。玩家4说：这是一个天体，它不发光，但反射太阳光。它在夜空中特别明亮，形状通常是圆形的，且在天空中的移动轨迹呈现出周期性变化。它在该类中最为显著的特征是它独特的亮度和周期性的相位变化。这个天体是夜空中最为熟悉的面孔之一，它的圆形外观在黑暗的夜幕中格外显眼。它的亮度变化是如此规律，从新月到满月，再到残月，它的形状和亮度都呈现出明显的周期性变化。它的存在对于地球上的生命至关重要，因为它决定了我们的昼夜节律。尽管它的亮度有时会因大气条件而略有变化，但它的圆形轮廓和周期性变化始终是夜空中的一道亮丽风景。这个天体是地球唯一的自然卫星，它对地球的潮汐现象有着直接影响。它的表面特征复杂，包括平原、山脉和陨石坑，这些特征在地球上的观察者看来呈现出周期性的变化。这个天体的亮度变化与地球的相位角有关，从新月到满月，再到新月，它的亮度呈现出周期性的增减。这个天体的存在对地球的气候和生物节律有着深远的影响。||在这个游戏中，我们需要通过分析每位玩家的描述来找出卧底。通常，平民的描述会围绕相同的词语展开，而卧底的描述可能会因为词语的不同而显得不太一致。我们需要仔细比较每个描述之间的相似性和差异性，以找出可能的卧底，注意，卧底并不会隐藏自己，他会直接描述他的词语，现在，逐一分析每个玩家的描述，注意，这局游戏的词语分类为<天文>，卧底词和平民词都属于该类。||之前是第3轮描述和之前轮数描述的合集。你之前认为的卧底是玩家2。
2024-12-13 13:46:24,773 - 3 - INFO - **********PLAYER3**********
根据第三轮描述和之前的描述，以下是每位玩家的描述分析：

玩家1的描述强调了天体的圆形、周期性变化、亮度变化以及其对地球昼夜循环的影响，这与月亮的特征非常吻合。

玩家2的描述提到了一个由气体和尘埃组成的天体，不发光但反射太阳光，亮度随时间变化，形状通常是圆形的，移动轨迹周期性变化，但移动轨迹并不规则。这些描述虽然与月亮有相似之处，但“移动轨迹并不规则”这一特征与月亮的规则轨迹相矛盾。

玩家3的描述与玩家1的描述非常相似，同样强调了天体的圆形、周期性变化、亮度变化以及其对地球昼夜循环的影响，这与月亮的特征一致。

玩家4的描述也强调了天体的圆形、亮度变化、周期性相位变化以及其对地球生命的影响，这些描述与月亮的特征相符。

综合分析，玩家2的描述中“移动轨迹并不规则”这一特征与月亮的规则轨迹不一致，这可能是他作为卧底的一个关键线索。其他玩家的描述在描述天体的形状、亮度和变化上与月亮更为接近。因此，基于这些描述，玩家2仍然是可能是卧底的人选。
2024-12-13 13:46:24,774 - 3 - INFO - **********JUDGER**********
你刚刚的分析是根据第三轮描述和之前的描述，以下是每位玩家的描述分析：

玩家1的描述强调了天体的圆形、周期性变化、亮度变化以及其对地球昼夜循环的影响，这与月亮的特征非常吻合。

玩家2的描述提到了一个由气体和尘埃组成的天体，不发光但反射太阳光，亮度随时间变化，形状通常是圆形的，移动轨迹周期性变化，但移动轨迹并不规则。这些描述虽然与月亮有相似之处，但“移动轨迹并不规则”这一特征与月亮的规则轨迹相矛盾。

玩家3的描述与玩家1的描述非常相似，同样强调了天体的圆形、周期性变化、亮度变化以及其对地球昼夜循环的影响，这与月亮的特征一致。

玩家4的描述也强调了天体的圆形、亮度变化、周期性相位变化以及其对地球生命的影响，这些描述与月亮的特征相符。

综合分析，玩家2的描述中“移动轨迹并不规则”这一特征与月亮的规则轨迹不一致，这可能是他作为卧底的一个关键线索。其他玩家的描述在描述天体的形状、亮度和变化上与月亮更为接近。因此，基于这些描述，玩家2仍然是可能是卧底的人选。|| `请根据上述分析，比较描述以找出不一致之处，注意，这局游戏的词语分类为<天文>，卧底词和平民词都属于该类。
2024-12-13 13:46:29,222 - 3 - INFO - **********PLAYER3**********
根据上述分析，不一致之处如下：

1. 玩家2的描述中提到天体的移动轨迹“并不规则”，这与月亮的规则轨迹相矛盾。月亮的轨道是围绕地球的椭圆轨道，其移动轨迹是周期性的，而不是无规律的。

2. 玩家1、玩家3和玩家4的描述都强调了天体的圆形形状、周期性变化和亮度变化，这些特征与月亮的描述高度一致。

综上所述，玩家2的描述在移动轨迹的描述上与月亮的特征不一致，这可能是他作为卧底的一个关键线索。其他玩家的描述在描述天体的形状、亮度和变化上与月亮更为接近。
2024-12-13 13:46:29,222 - 3 - INFO - **********JUDGER**********
你刚刚的分析是根据上述分析，不一致之处如下：

1. 玩家2的描述中提到天体的移动轨迹“并不规则”，这与月亮的规则轨迹相矛盾。月亮的轨道是围绕地球的椭圆轨道，其移动轨迹是周期性的，而不是无规律的。

2. 玩家1、玩家3和玩家4的描述都强调了天体的圆形形状、周期性变化和亮度变化，这些特征与月亮的描述高度一致。

综上所述，玩家2的描述在移动轨迹的描述上与月亮的特征不一致，这可能是他作为卧底的一个关键线索。其他玩家的描述在描述天体的形状、亮度和变化上与月亮更为接近。|| 请通过你分析的不一致之处，推断卧底身份，注意，这局游戏的词语分类为<天文>，卧底词和平民词都属于该类。
2024-12-13 13:46:30,581 - 3 - INFO - **********PLAYER3**********
2
2024-12-13 13:46:30,582 - 3 - INFO - **********JUDGER**********
你刚刚的推断是2|| 基于你刚刚的推断得出你的最终结论，请输出你认为的卧底，在这种情况下只需要输出编号，是1-4中的某个数字，不要输出其他信息。在这个过程不要进行任何推理，只对||以前的部分进行信息提取
2024-12-13 13:46:31,695 - 3 - INFO - **********PLAYER3**********
2
