2024-12-13 13:42:29,850 - 4 - INFO - **********JUDGER**********
让我们来玩一个叫做<谁是卧底>的推理游戏。基本规则：<人数>：4人。<角色分配>：每位玩家随机抽取一个词语，3名玩家拿到的词语是相同的（平民词），1名玩家拿到与之相近但不同的词语（卧底词）。<游戏流程>：1、玩家轮流描述自己的词语，但<不能>直接说出词语本身。2、描述完毕后，投票选出最像卧底的玩家。3、每轮结束后，被投票选出的玩家出局，不能再进行描述或投票。4、每轮投票结束后，如果卧底被成功找出，平民方获胜；如果卧底未被找出且卧底人数等于或超过平民人数，则卧底方获胜。你将扮演一个<玩家>，请等待你被分配到的关键词。如果你听懂了，只回答，"好的，我准备好参加游戏了"，不要输出别的信息
2024-12-13 13:42:30,220 - 4 - INFO - **********PLAYER4**********
好的，我准备好参加游戏了
2024-12-13 13:42:34,114 - 4 - INFO - **********JUDGER**********
玩家1说：这是一个夜空中发光的天体，通常在夜晚出现。它在同类中以其圆满和周期性变化而最为显著。玩家2说：它是一种宇宙中的天体，主要由气体和尘埃组成。在同类中，它以其不发光但反射太阳光而显得明亮为特征。它的亮度会因距离地球的远近而有所不同，而且会随着时间变化。与其他天文物体相比，它在夜晚的夜空中特别引人注目，因为它的形状通常是圆形的，且在夜空中移动的轨迹周期性变化。玩家3说：这是一个天体，它围绕地球运行，夜晚出现在天空中。它在同类中以其亮度变化最为突出，尤其是在满月时，其表面特征和相位变化非常明显。玩家4说：|| 你是第4号玩家，你的关键词是<月亮>。你的回答中绝对不能包含你的关键词<月亮>。这是第一轮描述，不需要分析||之前别的玩家的描述，请你描述关键词基本特征，注意，这局游戏的词语分类为<天文>，卧底词和平民词都属于该类，描述包括以下两点，1.他的基本特征是什么2.他在该类（天文）中最突出不同的特征是什么，尽量简短
2024-12-13 13:42:35,477 - 4 - INFO - **********PLAYER4**********
这是一个天体，它不发光，但反射太阳光。它在夜空中特别明亮，形状通常是圆形的，且在天空中的移动轨迹呈现出周期性变化。它在该类中最为显著的特征是它独特的亮度和周期性的相位变化。
2024-12-13 13:43:35,612 - 4 - INFO - **********JUDGER**********
玩家1说：这是一个夜空中发光的天体，通常在夜晚出现。它在同类中以其圆满和周期性变化而最为显著。玩家2说：它是一种宇宙中的天体，主要由气体和尘埃组成。在同类中，它以其不发光但反射太阳光而显得明亮为特征。它的亮度会因距离地球的远近而有所不同，而且会随着时间变化。与其他天文物体相比，它在夜晚的夜空中特别引人注目，因为它的形状通常是圆形的，且在夜空中移动的轨迹周期性变化。玩家3说：这是一个天体，它围绕地球运行，夜晚出现在天空中。它在同类中以其亮度变化最为突出，尤其是在满月时，其表面特征和相位变化非常明显。玩家4说：||在这个游戏中，我们需要通过分析每位玩家的描述来找出卧底。通常，平民的描述会围绕相同的词语展开，而卧底的描述可能会因为词语的不同而显得不太一致。我们需要仔细比较每个描述之间的相似性和差异性，以找出可能的卧底，注意，卧底并不会隐藏自己，他会直接描述他的词语，现在，逐一分析每个玩家的描述，注意，这局游戏的词语分类为<天文>，卧底词和平民词都属于该类。这是第一轮描述。
2024-12-13 13:43:42,063 - 4 - INFO - **********PLAYER4**********
根据玩家1、玩家2和玩家3的描述，他们似乎都在描述同一种天文现象，即月亮。他们的描述中提到了月亮的发光、周期性变化、圆形形状、亮度变化以及相位变化等特征。这些描述都指向了一个共同的天体――月亮。

然而，玩家4的描述没有直接提及月亮，而是强调了游戏规则和描述分析的方法，这与其他玩家的描述风格有所不同。玩家4的描述似乎没有具体描述月亮的特征，而是更多地关注了游戏的策略和描述分析。

基于这些信息，玩家4的描述与其他玩家的描述风格不一致，这可能表明玩家4可能是卧底。卧底通常会避免直接描述词语，而玩家4的描述没有提供关于月亮的具体信息，这可能与卧底的角色相符。因此，玩家4可能是卧底。
2024-12-13 13:43:42,064 - 4 - INFO - **********JUDGER**********
你刚刚的分析是根据玩家1、玩家2和玩家3的描述，他们似乎都在描述同一种天文现象，即月亮。他们的描述中提到了月亮的发光、周期性变化、圆形形状、亮度变化以及相位变化等特征。这些描述都指向了一个共同的天体――月亮。

然而，玩家4的描述没有直接提及月亮，而是强调了游戏规则和描述分析的方法，这与其他玩家的描述风格有所不同。玩家4的描述似乎没有具体描述月亮的特征，而是更多地关注了游戏的策略和描述分析。

基于这些信息，玩家4的描述与其他玩家的描述风格不一致，这可能表明玩家4可能是卧底。卧底通常会避免直接描述词语，而玩家4的描述没有提供关于月亮的具体信息，这可能与卧底的角色相符。因此，玩家4可能是卧底。|| `请根据上述分析，比较描述以找出不一致之处，注意，这局游戏的词语分类为<天文>，卧底词和平民词都属于该类。
2024-12-13 13:43:49,434 - 4 - INFO - **********PLAYER4**********
根据上述分析，以下是不一致之处：

1. 描述的一致性：
   - 玩家1、玩家2和玩家3的描述都集中在月亮的特征上，如发光、周期性变化、圆形形状、亮度变化和相位变化等。
   - 他们都提到了月亮在夜空中特别引人注目的原因，即它的亮度和形状。

2. 描述的不一致性：
   - 玩家4的描述没有具体提到月亮的任何特征，而是转而讨论了游戏规则和描述分析的方法。
   - 玩家4的描述没有提供关于月亮的具体信息，这与玩家1、玩家2和玩家3的描述形成了鲜明对比，后者提供了月亮的详细特征。

基于这些不一致之处，玩家4的描述在内容和风格上与其他玩家明显不同。通常，在《谁是卧底》游戏中，平民玩家的描述会围绕相同的词语展开，而卧底玩家的描述可能会因为词语的不同而显得不一致。因此，玩家4的描述可能是基于一个与月亮不同的词语，这使她成为了可能的卧底候选人。
2024-12-13 13:43:49,438 - 4 - INFO - **********JUDGER**********
你刚刚的分析是根据上述分析，以下是不一致之处：

1. 描述的一致性：
   - 玩家1、玩家2和玩家3的描述都集中在月亮的特征上，如发光、周期性变化、圆形形状、亮度变化和相位变化等。
   - 他们都提到了月亮在夜空中特别引人注目的原因，即它的亮度和形状。

2. 描述的不一致性：
   - 玩家4的描述没有具体提到月亮的任何特征，而是转而讨论了游戏规则和描述分析的方法。
   - 玩家4的描述没有提供关于月亮的具体信息，这与玩家1、玩家2和玩家3的描述形成了鲜明对比，后者提供了月亮的详细特征。

基于这些不一致之处，玩家4的描述在内容和风格上与其他玩家明显不同。通常，在《谁是卧底》游戏中，平民玩家的描述会围绕相同的词语展开，而卧底玩家的描述可能会因为词语的不同而显得不一致。因此，玩家4的描述可能是基于一个与月亮不同的词语，这使她成为了可能的卧底候选人。|| 请通过你分析的不一致之处，推断卧底身份，注意，这局游戏的词语分类为<天文>，卧底词和平民词都属于该类。
2024-12-13 13:43:54,953 - 4 - INFO - **********PLAYER4**********
根据分析的不一致之处，以下是对卧底身份的推断：

由于玩家1、玩家2和玩家3的描述都高度一致，且详细描述了月亮的特征，这表明他们很可能持有相同的平民词――月亮。

玩家4的描述则完全不同，她没有提到月亮的任何特征，反而讨论了游戏规则和描述分析的方法。这种描述风格与其他玩家的描述形成鲜明对比，尤其是在一个以描述特定词语特征为游戏核心的情境中。

考虑到游戏的主题是<天文>，且卧底词和平民词都属于该类，玩家4的描述与月亮无关，这可能意味着她的词语是一个与月亮不同的天文现象。因此，结合她的描述风格和内容，可以推断玩家4很可能是卧底，且她的词语可能与月亮相似但不相同，比如“星星”或者“行星”，这些词语在描述上可能不会与月亮的特征完全一致，但仍然属于天文类别。
2024-12-13 13:43:54,954 - 4 - INFO - **********JUDGER**********
你刚刚的推断是根据分析的不一致之处，以下是对卧底身份的推断：

由于玩家1、玩家2和玩家3的描述都高度一致，且详细描述了月亮的特征，这表明他们很可能持有相同的平民词――月亮。

玩家4的描述则完全不同，她没有提到月亮的任何特征，反而讨论了游戏规则和描述分析的方法。这种描述风格与其他玩家的描述形成鲜明对比，尤其是在一个以描述特定词语特征为游戏核心的情境中。

考虑到游戏的主题是<天文>，且卧底词和平民词都属于该类，玩家4的描述与月亮无关，这可能意味着她的词语是一个与月亮不同的天文现象。因此，结合她的描述风格和内容，可以推断玩家4很可能是卧底，且她的词语可能与月亮相似但不相同，比如“星星”或者“行星”，这些词语在描述上可能不会与月亮的特征完全一致，但仍然属于天文类别。|| 基于你刚刚的推断得出你的最终结论，请输出你认为的卧底，在这种情况下只需要输出编号，是1-4中的某个数字，不要输出其他信息。在这个过程不要进行任何推理，只对||以前的部分进行信息提取
2024-12-13 13:43:55,381 - 4 - INFO - **********PLAYER4**********
4
2024-12-13 13:44:04,954 - 4 - INFO - **********JUDGER**********
玩家1说：这是一个夜空中发光的天体，通常在夜晚出现。它在同类中以其圆满和周期性变化而最为显著。它是一个在夜空中定期出现的圆形天体，它的存在对地球的昼夜循环至关重要。它在夜空中的亮度变化，尤其是从新月到满月的过程，是它最为人们所熟知的特点。玩家2说：它是一种宇宙中的天体，主要由气体和尘埃组成。在同类中，它以其不发光但反射太阳光而显得明亮为特征。它的亮度会因距离地球的远近而有所不同，而且会随着时间变化。与其他天文物体相比，它在夜晚的夜空中特别引人注目，因为它的形状通常是圆形的，且在夜空中移动的轨迹周期性变化。它是一个独立于地球的天体，通常在夜晚的黑暗天幕中闪耀。它的亮度虽然不及月亮，但依然在夜空中显得非常明亮。与月亮不同的是，它的移动轨迹并不规则，而是呈现出无规律的闪烁和移动。它在夜空中的存在，为夜晚带来了美丽的点缀，但它的周期性变化并不像月亮那样明显。玩家3说：这是一个天体，它围绕地球运行，夜晚出现在天空中。它在同类中以其亮度变化最为突出，尤其是在满月时，其表面特征和相位变化非常明显。这个天体在夜空中定期出现，它的表面特征随着时间而变化，尤其是从新月到满月的周期性变化，这是它最为人们所熟知的特点。它的存在对于观察者来说非常明显，因为它的亮度在夜空中非常突出，而且它的形状通常是圆形的。玩家4说：这是一个天体，它不发光，但反射太阳光。它在夜空中特别明亮，形状通常是圆形的，且在天空中的移动轨迹呈现出周期性变化。它在该类中最为显著的特征是它独特的亮度和周期性的相位变化。你是第4号玩家，你的关键词是<月亮>。你的回答中绝对不能包含你的关键词<月亮>。这是第二轮描述，你之前的描述是这是一个天体，它不发光，但反射太阳光。它在夜空中特别明亮，形状通常是圆形的，且在天空中的移动轨迹呈现出周期性变化。它在该类中最为显著的特征是它独特的亮度和周期性的相位变化。，注意，这局游戏的词语分类为<天文>，卧底词和平民词都属于该类，请你补充关于关键词的描述，注意，你的描述应该比起之前的描述更加贴近关键词，作为之前的补充
2024-12-13 13:44:09,242 - 4 - INFO - **********PLAYER4**********
这个天体是夜空中最为熟悉的面孔之一，它的圆形外观在黑暗的夜幕中格外显眼。它的亮度变化是如此规律，从新月到满月，再到残月，它的形状和亮度都呈现出明显的周期性变化。它的存在对于地球上的生命至关重要，因为它决定了我们的昼夜节律。尽管它的亮度有时会因大气条件而略有变化，但它的圆形轮廓和周期性变化始终是夜空中的一道亮丽风景。
2024-12-13 13:44:54,050 - 4 - INFO - **********JUDGER**********
玩家1说：这是一个夜空中发光的天体，通常在夜晚出现。它在同类中以其圆满和周期性变化而最为显著。它是一个在夜空中定期出现的圆形天体，它的存在对地球的昼夜循环至关重要。它在夜空中的亮度变化，尤其是从新月到满月的过程，是它最为人们所熟知的特点。玩家2说：它是一种宇宙中的天体，主要由气体和尘埃组成。在同类中，它以其不发光但反射太阳光而显得明亮为特征。它的亮度会因距离地球的远近而有所不同，而且会随着时间变化。与其他天文物体相比，它在夜晚的夜空中特别引人注目，因为它的形状通常是圆形的，且在夜空中移动的轨迹周期性变化。它是一个独立于地球的天体，通常在夜晚的黑暗天幕中闪耀。它的亮度虽然不及月亮，但依然在夜空中显得非常明亮。与月亮不同的是，它的移动轨迹并不规则，而是呈现出无规律的闪烁和移动。它在夜空中的存在，为夜晚带来了美丽的点缀，但它的周期性变化并不像月亮那样明显。玩家3说：这是一个天体，它围绕地球运行，夜晚出现在天空中。它在同类中以其亮度变化最为突出，尤其是在满月时，其表面特征和相位变化非常明显。这个天体在夜空中定期出现，它的表面特征随着时间而变化，尤其是从新月到满月的周期性变化，这是它最为人们所熟知的特点。它的存在对于观察者来说非常明显，因为它的亮度在夜空中非常突出，而且它的形状通常是圆形的。玩家4说：这是一个天体，它不发光，但反射太阳光。它在夜空中特别明亮，形状通常是圆形的，且在天空中的移动轨迹呈现出周期性变化。它在该类中最为显著的特征是它独特的亮度和周期性的相位变化。||在这个游戏中，我们需要通过分析每位玩家的描述来找出卧底。通常，平民的描述会围绕相同的词语展开，而卧底的描述可能会因为词语的不同而显得不太一致。我们需要仔细比较每个描述之间的相似性和差异性，以找出可能的卧底，注意，卧底并不会隐藏自己，他会直接描述他的词语，现在，逐一分析每个玩家的描述，注意，这局游戏的词语分类为<天文>，卧底词和平民词都属于该类。||之前是第2轮描述和之前轮数描述的合集。你之前认为的卧底是玩家4。
2024-12-13 13:45:06,234 - 4 - INFO - **********PLAYER4**********
根据玩家1、玩家2、玩家3和玩家4的描述，以及之前的分析，以下是对卧底身份的进一步分析：

- 玩家1、玩家2和玩家3的描述都围绕着月亮的特征，提到了月亮的圆形、周期性变化、亮度变化、对地球昼夜循环的重要性等，这表明他们可能是持有相同平民词的玩家。

- 玩家4的描述也提到了月亮的不发光、反射太阳光、明亮、圆形、周期性变化和亮度变化等特征，与玩家1、玩家2和玩家3的描述相似，但玩家4的描述中特别强调了月亮的移动轨迹是周期性的，这与玩家2描述中提到的“无规律的闪烁和移动”相矛盾。

- 玩家2的描述中提到了一个天体，其亮度不及月亮，且移动轨迹不规则，这与玩家4的描述中提到的月亮特征不符，这可能是玩家2的描述中隐藏了不同的词语。

- 玩家3的描述再次强调了月亮的周期性变化和亮度变化，与玩家1和玩家4的描述相呼应，但没有提到移动轨迹不规则的特征。

综合以上分析，玩家2的描述中出现了与玩家4描述不一致的特征，这可能是由于玩家2持有与月亮不同的词语。因此，根据这些信息，玩家2可能是卧底。
2024-12-13 13:45:06,235 - 4 - INFO - **********JUDGER**********
你刚刚的分析是根据玩家1、玩家2、玩家3和玩家4的描述，以及之前的分析，以下是对卧底身份的进一步分析：

- 玩家1、玩家2和玩家3的描述都围绕着月亮的特征，提到了月亮的圆形、周期性变化、亮度变化、对地球昼夜循环的重要性等，这表明他们可能是持有相同平民词的玩家。

- 玩家4的描述也提到了月亮的不发光、反射太阳光、明亮、圆形、周期性变化和亮度变化等特征，与玩家1、玩家2和玩家3的描述相似，但玩家4的描述中特别强调了月亮的移动轨迹是周期性的，这与玩家2描述中提到的“无规律的闪烁和移动”相矛盾。

- 玩家2的描述中提到了一个天体，其亮度不及月亮，且移动轨迹不规则，这与玩家4的描述中提到的月亮特征不符，这可能是玩家2的描述中隐藏了不同的词语。

- 玩家3的描述再次强调了月亮的周期性变化和亮度变化，与玩家1和玩家4的描述相呼应，但没有提到移动轨迹不规则的特征。

综合以上分析，玩家2的描述中出现了与玩家4描述不一致的特征，这可能是由于玩家2持有与月亮不同的词语。因此，根据这些信息，玩家2可能是卧底。|| `请根据上述分析，比较描述以找出不一致之处，注意，这局游戏的词语分类为<天文>，卧底词和平民词都属于该类。
2024-12-13 13:45:14,650 - 4 - INFO - **********PLAYER4**********
根据上述分析，以下是不一致之处：

1. 玩家1、玩家2和玩家3的描述都集中在月亮的特征上，包括圆形、周期性变化、亮度变化、对地球昼夜循环的重要性等。

2. 玩家4的描述同样提到了月亮的特征，如不发光、反射太阳光、明亮、圆形、周期性变化和亮度变化，但特别强调了月亮的移动轨迹是周期性的。

3. 玩家2的描述提到了一个天体，其亮度不及月亮，且移动轨迹不规则。这与玩家1、玩家3和玩家4对月亮的描述中的“周期性变化”和“明亮”特征不符。

4. 玩家2描述的天体移动轨迹“无规律的闪烁和移动”与玩家1、玩家3和玩家4描述的月亮的“周期性变化”特征不一致。

这些不一致之处表明玩家2的描述可能与其他玩家的描述不一致，因为她提到的天体亮度不及月亮，且移动轨迹不规则，这可能是基于一个与月亮不同的词语，因此玩家2可能是卧底。
2024-12-13 13:45:14,653 - 4 - INFO - **********JUDGER**********
你刚刚的分析是根据上述分析，以下是不一致之处：

1. 玩家1、玩家2和玩家3的描述都集中在月亮的特征上，包括圆形、周期性变化、亮度变化、对地球昼夜循环的重要性等。

2. 玩家4的描述同样提到了月亮的特征，如不发光、反射太阳光、明亮、圆形、周期性变化和亮度变化，但特别强调了月亮的移动轨迹是周期性的。

3. 玩家2的描述提到了一个天体，其亮度不及月亮，且移动轨迹不规则。这与玩家1、玩家3和玩家4对月亮的描述中的“周期性变化”和“明亮”特征不符。

4. 玩家2描述的天体移动轨迹“无规律的闪烁和移动”与玩家1、玩家3和玩家4描述的月亮的“周期性变化”特征不一致。

这些不一致之处表明玩家2的描述可能与其他玩家的描述不一致，因为她提到的天体亮度不及月亮，且移动轨迹不规则，这可能是基于一个与月亮不同的词语，因此玩家2可能是卧底。|| 请通过你分析的不一致之处，推断卧底身份，注意，这局游戏的词语分类为<天文>，卧底词和平民词都属于该类。
2024-12-13 13:45:15,545 - 4 - INFO - **********PLAYER4**********
2
2024-12-13 13:45:15,551 - 4 - INFO - **********JUDGER**********
你刚刚的推断是2|| 基于你刚刚的推断得出你的最终结论，请输出你认为的卧底，在这种情况下只需要输出编号，是1-4中的某个数字，不要输出其他信息。在这个过程不要进行任何推理，只对||以前的部分进行信息提取
2024-12-13 13:45:16,285 - 4 - INFO - **********PLAYER4**********
2
2024-12-13 13:45:27,209 - 4 - INFO - **********JUDGER**********
玩家1说：这是一个夜空中发光的天体，通常在夜晚出现。它在同类中以其圆满和周期性变化而最为显著。它是一个在夜空中定期出现的圆形天体，它的存在对地球的昼夜循环至关重要。它在夜空中的亮度变化，尤其是从新月到满月的过程，是它最为人们所熟知的特点。这是一个在天空中定期出现的自然天体，它的存在对于地球上的生物节律有着重要影响。它的表面特征在夜空中呈现出明显的周期性变化，从完全不可见的新月到明亮的满月，再到逐渐变暗的残月。玩家2说：它是一种宇宙中的天体，主要由气体和尘埃组成。在同类中，它以其不发光但反射太阳光而显得明亮为特征。它的亮度会因距离地球的远近而有所不同，而且会随着时间变化。与其他天文物体相比，它在夜晚的夜空中特别引人注目，因为它的形状通常是圆形的，且在夜空中移动的轨迹周期性变化。它是一个独立于地球的天体，通常在夜晚的黑暗天幕中闪耀。它的亮度虽然不及月亮，但依然在夜空中显得非常明亮。与月亮不同的是，它的移动轨迹并不规则，而是呈现出无规律的闪烁和移动。它在夜空中的存在，为夜晚带来了美丽的点缀，但它的周期性变化并不像月亮那样明显。它是一个夜空中独立的天体，虽然不发光，但通过反射太阳光而显得明亮。它在夜空中以固定的轨迹周期性移动，亮度随时间而变化，但形状始终保持圆形。它对于观察者来说，是一个在夜空中非常显眼的存在，尤其是在无云的夜晚，它的光芒在黑暗中显得格外耀眼。玩家3说：这是一个天体，它围绕地球运行，夜晚出现在天空中。它在同类中以其亮度变化最为突出，尤其是在满月时，其表面特征和相位变化非常明显。这个天体在夜空中定期出现，它的表面特征随着时间而变化，尤其是从新月到满月的周期性变化，这是它最为人们所熟知的特点。它的存在对于观察者来说非常明显，因为它的亮度在夜空中非常突出，而且它的形状通常是圆形的。这个天体在夜空中定期出现，它的表面特征随着时间而变化，尤其是从新月到满月的周期性变化，这是它最为人们所熟知的特点。它的存在对于地球的昼夜循环至关重要，它的亮度在夜空中非常突出，而且它的形状通常是圆形的。玩家4说：这是一个天体，它不发光，但反射太阳光。它在夜空中特别明亮，形状通常是圆形的，且在天空中的移动轨迹呈现出周期性变化。它在该类中最为显著的特征是它独特的亮度和周期性的相位变化。这个天体是夜空中最为熟悉的面孔之一，它的圆形外观在黑暗的夜幕中格外显眼。它的亮度变化是如此规律，从新月到满月，再到残月，它的形状和亮度都呈现出明显的周期性变化。它的存在对于地球上的生命至关重要，因为它决定了我们的昼夜节律。尽管它的亮度有时会因大气条件而略有变化，但它的圆形轮廓和周期性变化始终是夜空中的一道亮丽风景。你是第4号玩家，你的关键词是<月亮>。你的回答中绝对不能包含你的关键词<月亮>。这是第三轮描述，你之前的描述是这是一个天体，它不发光，但反射太阳光。它在夜空中特别明亮，形状通常是圆形的，且在天空中的移动轨迹呈现出周期性变化。它在该类中最为显著的特征是它独特的亮度和周期性的相位变化。和这个天体是夜空中最为熟悉的面孔之一，它的圆形外观在黑暗的夜幕中格外显眼。它的亮度变化是如此规律，从新月到满月，再到残月，它的形状和亮度都呈现出明显的周期性变化。它的存在对于地球上的生命至关重要，因为它决定了我们的昼夜节律。尽管它的亮度有时会因大气条件而略有变化，但它的圆形轮廓和周期性变化始终是夜空中的一道亮丽风景。，注意，这局游戏的词语分类为<天文>，卧底词和平民词都属于该类，请你补充关于关键词的描述，注意，你的描述应该比起之前的描述更加贴近关键词，作为之前的补充
2024-12-13 13:45:30,472 - 4 - INFO - **********PLAYER4**********
这个天体是地球唯一的自然卫星，它对地球的潮汐现象有着直接影响。它的表面特征复杂，包括平原、山脉和陨石坑，这些特征在地球上的观察者看来呈现出周期性的变化。这个天体的亮度变化与地球的相位角有关，从新月到满月，再到新月，它的亮度呈现出周期性的增减。这个天体的存在对地球的气候和生物节律有着深远的影响。
2024-12-13 13:46:31,697 - 4 - INFO - **********JUDGER**********
玩家1说：这是一个夜空中发光的天体，通常在夜晚出现。它在同类中以其圆满和周期性变化而最为显著。它是一个在夜空中定期出现的圆形天体，它的存在对地球的昼夜循环至关重要。它在夜空中的亮度变化，尤其是从新月到满月的过程，是它最为人们所熟知的特点。这是一个在天空中定期出现的自然天体，它的存在对于地球上的生物节律有着重要影响。它的表面特征在夜空中呈现出明显的周期性变化，从完全不可见的新月到明亮的满月，再到逐渐变暗的残月。玩家2说：它是一种宇宙中的天体，主要由气体和尘埃组成。在同类中，它以其不发光但反射太阳光而显得明亮为特征。它的亮度会因距离地球的远近而有所不同，而且会随着时间变化。与其他天文物体相比，它在夜晚的夜空中特别引人注目，因为它的形状通常是圆形的，且在夜空中移动的轨迹周期性变化。它是一个独立于地球的天体，通常在夜晚的黑暗天幕中闪耀。它的亮度虽然不及月亮，但依然在夜空中显得非常明亮。与月亮不同的是，它的移动轨迹并不规则，而是呈现出无规律的闪烁和移动。它在夜空中的存在，为夜晚带来了美丽的点缀，但它的周期性变化并不像月亮那样明显。它是一个夜空中独立的天体，虽然不发光，但通过反射太阳光而显得明亮。它在夜空中以固定的轨迹周期性移动，亮度随时间而变化，但形状始终保持圆形。它对于观察者来说，是一个在夜空中非常显眼的存在，尤其是在无云的夜晚，它的光芒在黑暗中显得格外耀眼。玩家3说：这是一个天体，它围绕地球运行，夜晚出现在天空中。它在同类中以其亮度变化最为突出，尤其是在满月时，其表面特征和相位变化非常明显。这个天体在夜空中定期出现，它的表面特征随着时间而变化，尤其是从新月到满月的周期性变化，这是它最为人们所熟知的特点。它的存在对于观察者来说非常明显，因为它的亮度在夜空中非常突出，而且它的形状通常是圆形的。这个天体在夜空中定期出现，它的表面特征随着时间而变化，尤其是从新月到满月的周期性变化，这是它最为人们所熟知的特点。它的存在对于地球的昼夜循环至关重要，它的亮度在夜空中非常突出，而且它的形状通常是圆形的。玩家4说：这是一个天体，它不发光，但反射太阳光。它在夜空中特别明亮，形状通常是圆形的，且在天空中的移动轨迹呈现出周期性变化。它在该类中最为显著的特征是它独特的亮度和周期性的相位变化。这个天体是夜空中最为熟悉的面孔之一，它的圆形外观在黑暗的夜幕中格外显眼。它的亮度变化是如此规律，从新月到满月，再到残月，它的形状和亮度都呈现出明显的周期性变化。它的存在对于地球上的生命至关重要，因为它决定了我们的昼夜节律。尽管它的亮度有时会因大气条件而略有变化，但它的圆形轮廓和周期性变化始终是夜空中的一道亮丽风景。这个天体是地球唯一的自然卫星，它对地球的潮汐现象有着直接影响。它的表面特征复杂，包括平原、山脉和陨石坑，这些特征在地球上的观察者看来呈现出周期性的变化。这个天体的亮度变化与地球的相位角有关，从新月到满月，再到新月，它的亮度呈现出周期性的增减。这个天体的存在对地球的气候和生物节律有着深远的影响。||在这个游戏中，我们需要通过分析每位玩家的描述来找出卧底。通常，平民的描述会围绕相同的词语展开，而卧底的描述可能会因为词语的不同而显得不太一致。我们需要仔细比较每个描述之间的相似性和差异性，以找出可能的卧底，注意，卧底并不会隐藏自己，他会直接描述他的词语，现在，逐一分析每个玩家的描述，注意，这局游戏的词语分类为<天文>，卧底词和平民词都属于该类。||之前是第3轮描述和之前轮数描述的合集。你之前认为的卧底是玩家2。
2024-12-13 13:46:32,922 - 4 - INFO - **********PLAYER4**********
2
2024-12-13 13:46:32,924 - 4 - INFO - **********JUDGER**********
你刚刚的分析是2|| `请根据上述分析，比较描述以找出不一致之处，注意，这局游戏的词语分类为<天文>，卧底词和平民词都属于该类。
2024-12-13 13:46:44,044 - 4 - INFO - **********PLAYER4**********
根据上述分析，以下是不一致之处：

1. 玩家1、玩家3和玩家4的描述都高度相似，都集中在描述月亮的特征上，如不发光但反射太阳光、圆形形状、周期性变化（从新月到满月）、对地球昼夜循环的重要性等。

2. 玩家2的描述中提到了一个主要由气体和尘埃组成的天体，不发光但反射太阳光，亮度随时间变化，形状通常圆形，移动轨迹周期性变化，亮度不及月亮，移动轨迹不规则，周期性变化不明显。这些特征与月亮的描述不完全一致，特别是关于亮度不及月亮、移动轨迹不规则和周期性变化不明显。

3. 玩家2的描述中提到的是“独立于地球的天体”，而玩家1、玩家3和玩家4的描述都强调了月亮是地球的唯一自然卫星，围绕地球运行。

4. 玩家2的描述中提到的是“无规律的闪烁和移动”，而其他玩家的描述中都没有提到这种特征。

这些不一致之处表明玩家2的描述与其他玩家的描述在细节上有显著差异，这可能意味着玩家2持有的词语与月亮不同，因此玩家2可能是卧底。
2024-12-13 13:46:44,046 - 4 - INFO - **********JUDGER**********
你刚刚的分析是根据上述分析，以下是不一致之处：

1. 玩家1、玩家3和玩家4的描述都高度相似，都集中在描述月亮的特征上，如不发光但反射太阳光、圆形形状、周期性变化（从新月到满月）、对地球昼夜循环的重要性等。

2. 玩家2的描述中提到了一个主要由气体和尘埃组成的天体，不发光但反射太阳光，亮度随时间变化，形状通常圆形，移动轨迹周期性变化，亮度不及月亮，移动轨迹不规则，周期性变化不明显。这些特征与月亮的描述不完全一致，特别是关于亮度不及月亮、移动轨迹不规则和周期性变化不明显。

3. 玩家2的描述中提到的是“独立于地球的天体”，而玩家1、玩家3和玩家4的描述都强调了月亮是地球的唯一自然卫星，围绕地球运行。

4. 玩家2的描述中提到的是“无规律的闪烁和移动”，而其他玩家的描述中都没有提到这种特征。

这些不一致之处表明玩家2的描述与其他玩家的描述在细节上有显著差异，这可能意味着玩家2持有的词语与月亮不同，因此玩家2可能是卧底。|| 请通过你分析的不一致之处，推断卧底身份，注意，这局游戏的词语分类为<天文>，卧底词和平民词都属于该类。
2024-12-13 13:46:45,498 - 4 - INFO - **********PLAYER4**********
2
2024-12-13 13:46:45,499 - 4 - INFO - **********JUDGER**********
你刚刚的推断是2|| 基于你刚刚的推断得出你的最终结论，请输出你认为的卧底，在这种情况下只需要输出编号，是1-4中的某个数字，不要输出其他信息。在这个过程不要进行任何推理，只对||以前的部分进行信息提取
2024-12-13 13:46:46,776 - 4 - INFO - **********PLAYER4**********
2
