2024-12-13 10:23:04,928 - 1 - INFO - **********JUDGER**********
让我们来玩一个叫做<谁是卧底>的推理游戏。基本规则：<人数>：4人。<角色分配>：每位玩家随机抽取一个词语，3名玩家拿到的词语是相同的（平民词），1名玩家拿到与之相近但不同的词语（卧底词）。<游戏流程>：1、玩家轮流描述自己的词语，但<不能>直接说出词语本身。2、描述完毕后，投票选出最像卧底的玩家。3、每轮结束后，被投票选出的玩家出局，不能再进行描述或投票。4、每轮投票结束后，如果卧底被成功找出，平民方获胜；如果卧底未被找出且卧底人数等于或超过平民人数，则卧底方获胜。你将扮演一个<玩家>，请等待你被分配到的关键词。如果你听懂了，只回答，"好的，我准备好参加游戏了"，不要输出别的信息
2024-12-13 10:23:05,477 - 1 - INFO - **********PLAYER1**********
好的，我准备好参加游戏了
2024-12-13 10:23:08,299 - 1 - INFO - **********JUDGER**********
玩家1说：玩家2说：玩家3说：玩家4说：|| 你是第1号玩家，你的关键词是<熊>。你的回答中绝对不能包含你的关键词<熊>。这是第一轮描述，不需要分析||之前别的玩家的描述，请你描述关键词基本特征，注意，这局游戏的词语分类为<动物>，卧底词和平民词都属于该类，描述包括以下两点，1.他的基本特征是什么2.他在该类（动物）中最突出不同的特征是什么，尽量简短
2024-12-13 10:23:09,447 - 1 - INFO - **********PLAYER1**********
它是一种哺乳动物，有着浓密的毛发。在它的同类中，它以其独特的体型和棕色的毛皮最为突出。
2024-12-13 10:23:12,394 - 1 - INFO - **********JUDGER**********
玩家1说：它是一种哺乳动物，有着浓密的毛发。在它的同类中，它以其独特的体型和棕色的毛皮最为突出。玩家2说：它是一种温顺的陆地动物，通常生活在森林中。它在同类中以其庞大而圆胖的身躯和强大的力量最为显著。玩家3说：它是一种有四肢的动物，擅长奔跑。在其同类中，它以其尖锐的爪子和强大的捕食能力最为显著。玩家4说：||在这个游戏中，我们需要通过分析每位玩家的描述来找出卧底。通常，平民的描述会围绕相同的词语展开，而卧底的描述可能会因为词语的不同而显得不太一致。我们需要仔细比较每个描述之间的相似性和差异性，以找出可能的卧底，注意，卧底并不会隐藏自己，他会直接描述他的词语，现在，逐一分析每个玩家的描述，注意，这局游戏的词语分类为<动物>，卧底词和平民词都属于该类。这是第一轮描述。
2024-12-13 10:23:21,991 - 1 - INFO - **********PLAYER1**********
玩家1的描述与玩家2的描述都提到了动物的体型和毛皮，但玩家1没有提到具体的栖息地，而玩家2提到了森林，这可能是玩家2的关键词与熊有关的一个特征。

玩家3的描述提到了动物的四肢和奔跑能力，以及尖锐的爪子和捕食能力，这与熊的一些特征不符，因为熊通常不是以捕食能力著称，而且它们通常不会用尖锐的爪子捕食。

玩家4的描述更像是对游戏规则和策略的分析，而不是对关键词的描述。

根据这些描述，玩家3的描述可能最不符合熊的特征，因此他可能是卧底。然而，这只是一个初步的推测，真正的卧底可能会在接下来的描述中提供更多的线索。
2024-12-13 10:23:21,992 - 1 - INFO - **********JUDGER**********
你刚刚的分析是玩家1的描述与玩家2的描述都提到了动物的体型和毛皮，但玩家1没有提到具体的栖息地，而玩家2提到了森林，这可能是玩家2的关键词与熊有关的一个特征。

玩家3的描述提到了动物的四肢和奔跑能力，以及尖锐的爪子和捕食能力，这与熊的一些特征不符，因为熊通常不是以捕食能力著称，而且它们通常不会用尖锐的爪子捕食。

玩家4的描述更像是对游戏规则和策略的分析，而不是对关键词的描述。

根据这些描述，玩家3的描述可能最不符合熊的特征，因此他可能是卧底。然而，这只是一个初步的推测，真正的卧底可能会在接下来的描述中提供更多的线索。|| `请根据上述分析，比较描述以找出不一致之处，注意，这局游戏的词语分类为<动物>，卧底词和平民词都属于该类。
2024-12-13 10:23:27,013 - 1 - INFO - **********PLAYER1**********
根据上述分析，我们可以比较描述中的一致性和不一致性如下：

- 玩家1和玩家2的描述都提到了动物的体型和毛皮，这表明他们可能是平民，因为这两个特征在熊和其他动物中都是常见的。

- 玩家3的描述提到了动物的四肢、奔跑能力、尖锐的爪子和捕食能力。这些特征中，尖锐的爪子和捕食能力并不是熊的主要特征，熊通常不是以其捕食能力著称，而且它们的爪子并不特别尖锐。这与熊的特征不符，因此玩家3的描述可能是卧底。

- 玩家4的描述是对游戏规则和策略的分析，而不是对关键词的描述，这并不提供关于关键词的直接信息。

不一致之处在于玩家3的描述中包含了与熊不符的特征，而其他玩家的描述更符合熊的一般特征。因此，玩家3的描述与熊的特征不一致，可能是卧底。然而，需要更多的描述来确认这一点。
2024-12-13 10:23:27,015 - 1 - INFO - **********JUDGER**********
你刚刚的分析是根据上述分析，我们可以比较描述中的一致性和不一致性如下：

- 玩家1和玩家2的描述都提到了动物的体型和毛皮，这表明他们可能是平民，因为这两个特征在熊和其他动物中都是常见的。

- 玩家3的描述提到了动物的四肢、奔跑能力、尖锐的爪子和捕食能力。这些特征中，尖锐的爪子和捕食能力并不是熊的主要特征，熊通常不是以其捕食能力著称，而且它们的爪子并不特别尖锐。这与熊的特征不符，因此玩家3的描述可能是卧底。

- 玩家4的描述是对游戏规则和策略的分析，而不是对关键词的描述，这并不提供关于关键词的直接信息。

不一致之处在于玩家3的描述中包含了与熊不符的特征，而其他玩家的描述更符合熊的一般特征。因此，玩家3的描述与熊的特征不一致，可能是卧底。然而，需要更多的描述来确认这一点。|| 请通过你分析的不一致之处，推断卧底身份，注意，这局游戏的词语分类为<动物>，卧底词和平民词都属于该类。
2024-12-13 10:23:29,464 - 1 - INFO - **********PLAYER1**********
根据我的分析，玩家3的描述中提到了与熊不符的特征，特别是尖锐的爪子和捕食能力，这些并不是熊的主要特征。熊通常以其强壮的身体、圆胖的体型和有时是温和的性格而闻名，而不是以其捕食能力或尖锐的爪子。因此，考虑到游戏中的词语分类为<动物>，且卧底词和平民词都属于该类，玩家3的描述最有可能是不一致的，从而推断玩家3很可能是卧底。
2024-12-13 10:23:29,464 - 1 - INFO - **********JUDGER**********
你刚刚的推断是根据我的分析，玩家3的描述中提到了与熊不符的特征，特别是尖锐的爪子和捕食能力，这些并不是熊的主要特征。熊通常以其强壮的身体、圆胖的体型和有时是温和的性格而闻名，而不是以其捕食能力或尖锐的爪子。因此，考虑到游戏中的词语分类为<动物>，且卧底词和平民词都属于该类，玩家3的描述最有可能是不一致的，从而推断玩家3很可能是卧底。|| 基于你刚刚的推断得出你的最终结论，请输出你认为的卧底，在这种情况下只需要输出编号，是1-4中的某个数字，不要输出其他信息。在这个过程不要进行任何推理，只对||以前的部分进行信息提取
2024-12-13 10:23:29,901 - 1 - INFO - **********PLAYER1**********
3
2024-12-13 10:24:24,614 - 1 - INFO - **********JUDGER**********
玩家1说：它是一种哺乳动物，有着浓密的毛发。在它的同类中，它以其独特的体型和棕色的毛皮最为突出。玩家2说：它是一种温顺的陆地动物，通常生活在森林中。它在同类中以其庞大而圆胖的身躯和强大的力量最为显著。玩家3说：它是一种有四肢的动物，擅长奔跑。在其同类中，它以其尖锐的爪子和强大的捕食能力最为显著。玩家4说：这是一种大型陆地动物，通常有着强有力的四肢和锋利的爪子。在其同类中，它以其厚重的身体和强大的力量最为显著。你是第1号玩家，你的关键词是<熊>。你的回答中绝对不能包含你的关键词<熊>。这是第二轮描述，你之前的描述是它是一种哺乳动物，有着浓密的毛发。在它的同类中，它以其独特的体型和棕色的毛皮最为突出。，注意，这局游戏的词语分类为<动物>，卧底词和平民词都属于该类，请你补充关于关键词的描述，注意，你的描述应该比起之前的描述更加贴近关键词，作为之前的补充
2024-12-13 10:24:26,328 - 1 - INFO - **********PLAYER1**********
它的体型庞大，有着明显的力量感，能够适应多种环境。在同类中，它的棕色毛皮和强壮的体格使其显得格外引人注目。
2024-12-13 10:24:37,707 - 1 - INFO - **********JUDGER**********
玩家1说：它是一种哺乳动物，有着浓密的毛发。在它的同类中，它以其独特的体型和棕色的毛皮最为突出。它的体型庞大，有着明显的力量感，能够适应多种环境。在同类中，它的棕色毛皮和强壮的体格使其显得格外引人注目。玩家2说：它是一种温顺的陆地动物，通常生活在森林中。它在同类中以其庞大而圆胖的身躯和强大的力量最为显著。它是一种以力量和耐力著称的动物，适应力极强，能够在多种环境中生存。它的动作虽然缓慢，但每一次移动都充满力量，展现出其不可忽视的存在感。玩家3说：它是一种有四肢的动物，擅长奔跑。在其同类中，它以其尖锐的爪子和强大的捕食能力最为显著。它是一种敏捷的肉食性动物，通常生活在草原或森林中。在同类中，它以其流线型的身体、短而强壮的四肢和出色的狩猎技巧最为突出。它的皮毛短而粗糙，通常呈现沙色或黄褐色，以适应其捕猎环境。在狩猎时，它依靠敏锐的听觉和视觉，以及快速而精准的攻击，成为草原上的顶级掠食者。玩家4说：这是一种大型陆地动物，通常有着强有力的四肢和锋利的爪子。在其同类中，它以其厚重的身体和强大的力量最为显著。||在这个游戏中，我们需要通过分析每位玩家的描述来找出卧底。通常，平民的描述会围绕相同的词语展开，而卧底的描述可能会因为词语的不同而显得不太一致。我们需要仔细比较每个描述之间的相似性和差异性，以找出可能的卧底，注意，卧底并不会隐藏自己，他会直接描述他的词语，现在，逐一分析每个玩家的描述，注意，这局游戏的词语分类为<动物>，卧底词和平民词都属于该类。||之前是第2轮描述和之前轮数描述的合集。你之前认为的卧底是玩家3。
2024-12-13 10:24:44,640 - 1 - INFO - **********PLAYER1**********
玩家1的描述与玩家2的描述在体型、力量和适应力上相似，但玩家1没有提到温顺和森林生活的特征。

玩家3的描述与玩家1和玩家2的描述有显著差异，因为它强调了动物的奔跑能力和捕食能力，这与熊的特征不太相符。

玩家4的描述与玩家1和玩家2的描述在体型、力量和四肢特征上有相似之处，但玩家4提到了“大型陆地动物”，这比“庞大”更具体。

基于这些描述，玩家3的描述仍然显得与熊的特征不太一致，特别是关于奔跑能力和捕食能力的强调，这与其他玩家围绕熊的特征的描述相比，显得更加突兀。因此，我仍然认为玩家3可能是卧底。
2024-12-13 10:24:44,641 - 1 - INFO - **********JUDGER**********
你刚刚的分析是玩家1的描述与玩家2的描述在体型、力量和适应力上相似，但玩家1没有提到温顺和森林生活的特征。

玩家3的描述与玩家1和玩家2的描述有显著差异，因为它强调了动物的奔跑能力和捕食能力，这与熊的特征不太相符。

玩家4的描述与玩家1和玩家2的描述在体型、力量和四肢特征上有相似之处，但玩家4提到了“大型陆地动物”，这比“庞大”更具体。

基于这些描述，玩家3的描述仍然显得与熊的特征不太一致，特别是关于奔跑能力和捕食能力的强调，这与其他玩家围绕熊的特征的描述相比，显得更加突兀。因此，我仍然认为玩家3可能是卧底。|| `请根据上述分析，比较描述以找出不一致之处，注意，这局游戏的词语分类为<动物>，卧底词和平民词都属于该类。
2024-12-13 10:24:54,391 - 1 - INFO - **********PLAYER1**********
在比较描述以找出不一致之处时，我们可以注意到以下几点：

- 玩家1和玩家2的描述都强调了动物的体型、力量和适应力，这些特征与熊相符。
- 玩家3的描述中提到了动物的奔跑能力和捕食能力，以及尖锐的爪子，这些特征与熊的一般特征不太相符，熊通常不是以其奔跑能力或捕食能力著称。
- 玩家4的描述中提到了动物的体型、力量和四肢特征，这些特征也与熊相符，但玩家4特别强调了“大型陆地动物”，这可能比“庞大”更具体，但并没有提到熊的其他显著特征。

不一致之处在于玩家3的描述中包含了与熊不符的特征，特别是关于奔跑能力和捕食能力的描述，这与熊通常的温顺和力量型形象不一致。因此，玩家3的描述与其他玩家的描述在这一点上存在显著差异。
2024-12-13 10:24:54,393 - 1 - INFO - **********JUDGER**********
你刚刚的分析是在比较描述以找出不一致之处时，我们可以注意到以下几点：

- 玩家1和玩家2的描述都强调了动物的体型、力量和适应力，这些特征与熊相符。
- 玩家3的描述中提到了动物的奔跑能力和捕食能力，以及尖锐的爪子，这些特征与熊的一般特征不太相符，熊通常不是以其奔跑能力或捕食能力著称。
- 玩家4的描述中提到了动物的体型、力量和四肢特征，这些特征也与熊相符，但玩家4特别强调了“大型陆地动物”，这可能比“庞大”更具体，但并没有提到熊的其他显著特征。

不一致之处在于玩家3的描述中包含了与熊不符的特征，特别是关于奔跑能力和捕食能力的描述，这与熊通常的温顺和力量型形象不一致。因此，玩家3的描述与其他玩家的描述在这一点上存在显著差异。|| 请通过你分析的不一致之处，推断卧底身份，注意，这局游戏的词语分类为<动物>，卧底词和平民词都属于该类。
2024-12-13 10:24:55,212 - 1 - INFO - **********PLAYER1**********
3
2024-12-13 10:24:55,213 - 1 - INFO - **********JUDGER**********
你刚刚的推断是3|| 基于你刚刚的推断得出你的最终结论，请输出你认为的卧底，在这种情况下只需要输出编号，是1-4中的某个数字，不要输出其他信息。在这个过程不要进行任何推理，只对||以前的部分进行信息提取
2024-12-13 10:24:55,900 - 1 - INFO - **********PLAYER1**********
3
2024-12-13 10:25:53,453 - 1 - INFO - **********JUDGER**********
玩家1说：它是一种哺乳动物，有着浓密的毛发。在它的同类中，它以其独特的体型和棕色的毛皮最为突出。它的体型庞大，有着明显的力量感，能够适应多种环境。在同类中，它的棕色毛皮和强壮的体格使其显得格外引人注目。玩家2说：它是一种温顺的陆地动物，通常生活在森林中。它在同类中以其庞大而圆胖的身躯和强大的力量最为显著。它是一种以力量和耐力著称的动物，适应力极强，能够在多种环境中生存。它的动作虽然缓慢，但每一次移动都充满力量，展现出其不可忽视的存在感。玩家3说：它是一种有四肢的动物，擅长奔跑。在其同类中，它以其尖锐的爪子和强大的捕食能力最为显著。它是一种敏捷的肉食性动物，通常生活在草原或森林中。在同类中，它以其流线型的身体、短而强壮的四肢和出色的狩猎技巧最为突出。它的皮毛短而粗糙，通常呈现沙色或黄褐色，以适应其捕猎环境。在狩猎时，它依靠敏锐的听觉和视觉，以及快速而精准的攻击，成为草原上的顶级掠食者。玩家4说：这是一种大型陆地动物，通常有着强有力的四肢和锋利的爪子。在其同类中，它以其厚重的身体和强大的力量最为显著。这种动物通常具有强壮的后肢，能够进行快速而有力的奔跑。它的头部较大，有着突出的下颚和锋利的牙齿，适合撕咬和捕食。在同类中，它的体型和力量使其在森林中占据统治地位，经常成为其他动物的威胁。它的皮毛颜色多变，从浅棕色到深棕色不等，有助于它在不同的季节和环境中进行伪装。这种动物是群居的，有时会与其他同类形成小群体，共同保护领地和食物来源。你是第1号玩家，你的关键词是<熊>。你的回答中绝对不能包含你的关键词<熊>。这是第三轮描述，你之前的描述是它是一种哺乳动物，有着浓密的毛发。在它的同类中，它以其独特的体型和棕色的毛皮最为突出。和它的体型庞大，有着明显的力量感，能够适应多种环境。在同类中，它的棕色毛皮和强壮的体格使其显得格外引人注目。，注意，这局游戏的词语分类为<动物>，卧底词和平民词都属于该类，请你补充关于关键词的描述，注意，你的描述应该比起之前的描述更加贴近关键词，作为之前的补充
2024-12-13 10:25:55,295 - 1 - INFO - **********PLAYER1**********
它是一种在森林中常见的动物，以其强壮的体格和棕色的毛皮而闻名。它的行动虽然缓慢，但每一次移动都显得稳健有力，而且它在同类中以其独特的力量和适应力而突出。
2024-12-13 10:26:06,304 - 1 - INFO - **********JUDGER**********
玩家1说：它是一种哺乳动物，有着浓密的毛发。在它的同类中，它以其独特的体型和棕色的毛皮最为突出。它的体型庞大，有着明显的力量感，能够适应多种环境。在同类中，它的棕色毛皮和强壮的体格使其显得格外引人注目。它是一种在森林中常见的动物，以其强壮的体格和棕色的毛皮而闻名。它的行动虽然缓慢，但每一次移动都显得稳健有力，而且它在同类中以其独特的力量和适应力而突出。玩家2说：它是一种温顺的陆地动物，通常生活在森林中。它在同类中以其庞大而圆胖的身躯和强大的力量最为显著。它是一种以力量和耐力著称的动物，适应力极强，能够在多种环境中生存。它的动作虽然缓慢，但每一次移动都充满力量，展现出其不可忽视的存在感。我理解了游戏的规则和当前的描述。现在，作为参与游戏的玩家，我将基于前面的描述来给出我的描述：

我描述的动物是一种大型陆地哺乳动物，它以其强壮的四肢和适应复杂地形的能力而著称。在同类中，它以其独特的皮毛图案和夜间活动的习性最为突出。这种动物在它的群体中扮演着重要的角色，通常以其温和的性格和社交行为而闻名。玩家3说：它是一种有四肢的动物，擅长奔跑。在其同类中，它以其尖锐的爪子和强大的捕食能力最为显著。它是一种敏捷的肉食性动物，通常生活在草原或森林中。在同类中，它以其流线型的身体、短而强壮的四肢和出色的狩猎技巧最为突出。它的皮毛短而粗糙，通常呈现沙色或黄褐色，以适应其捕猎环境。在狩猎时，它依靠敏锐的听觉和视觉，以及快速而精准的攻击，成为草原上的顶级掠食者。它是一种中型至大型猫科动物，以其独特的斑点或条纹皮毛和流线型的身体而著称。这种动物通常在夜间活动，以其出色的隐蔽性和捕猎技巧而闻名。它在同类中以其强大的肌肉和敏捷的动作最为突出，能够在树木间灵活穿梭，捕食小型哺乳动物。它的皮毛颜色多样，有助于其在不同环境中融入自然。这种动物通常单独行动，但在繁殖季节会与配偶短暂相聚。玩家4说：这是一种大型陆地动物，通常有着强有力的四肢和锋利的爪子。在其同类中，它以其厚重的身体和强大的力量最为显著。这种动物通常具有强壮的后肢，能够进行快速而有力的奔跑。它的头部较大，有着突出的下颚和锋利的牙齿，适合撕咬和捕食。在同类中，它的体型和力量使其在森林中占据统治地位，经常成为其他动物的威胁。它的皮毛颜色多变，从浅棕色到深棕色不等，有助于它在不同的季节和环境中进行伪装。这种动物是群居的，有时会与其他同类形成小群体，共同保护领地和食物来源。这种动物以其巨大的体型和厚实的身体而著称，它们通常在森林中生活，以果实、植物和昆虫为食。它们的行为通常较为缓慢，但一旦受到威胁，它们会展现出强大的防御能力。这种动物在同类中以其独特的领地意识和强烈的保护本能而知名。||在这个游戏中，我们需要通过分析每位玩家的描述来找出卧底。通常，平民的描述会围绕相同的词语展开，而卧底的描述可能会因为词语的不同而显得不太一致。我们需要仔细比较每个描述之间的相似性和差异性，以找出可能的卧底，注意，卧底并不会隐藏自己，他会直接描述他的词语，现在，逐一分析每个玩家的描述，注意，这局游戏的词语分类为<动物>，卧底词和平民词都属于该类。||之前是第3轮描述和之前轮数描述的合集。你之前认为的卧底是玩家3。
2024-12-13 10:26:12,452 - 1 - INFO - **********PLAYER1**********
根据前面的描述，以下是对每位玩家描述的分析：

- 玩家1的描述与熊的特征相符，强调了体型、力量和适应力。
- 玩家2的描述也符合熊的特征，提到了温顺、森林生活、力量和耐力。
- 玩家3的描述提到了奔跑、尖锐的爪子、捕食能力和猫科动物的特征，这与熊的特征不一致。
- 玩家4的描述提到了大型陆地动物、强有力的四肢、锋利的爪子、厚重的身体和强大的力量，这些特征也与熊相符。

基于这些描述，玩家3的描述与其他玩家的描述在动物特征上存在显著差异，特别是关于奔跑、捕食能力和猫科动物的特征，这些与熊的特征不符。因此，玩家3的描述可能是不一致的，可能是卧底。
2024-12-13 10:26:12,456 - 1 - INFO - **********JUDGER**********
你刚刚的分析是根据前面的描述，以下是对每位玩家描述的分析：

- 玩家1的描述与熊的特征相符，强调了体型、力量和适应力。
- 玩家2的描述也符合熊的特征，提到了温顺、森林生活、力量和耐力。
- 玩家3的描述提到了奔跑、尖锐的爪子、捕食能力和猫科动物的特征，这与熊的特征不一致。
- 玩家4的描述提到了大型陆地动物、强有力的四肢、锋利的爪子、厚重的身体和强大的力量，这些特征也与熊相符。

基于这些描述，玩家3的描述与其他玩家的描述在动物特征上存在显著差异，特别是关于奔跑、捕食能力和猫科动物的特征，这些与熊的特征不符。因此，玩家3的描述可能是不一致的，可能是卧底。|| `请根据上述分析，比较描述以找出不一致之处，注意，这局游戏的词语分类为<动物>，卧底词和平民词都属于该类。
2024-12-13 10:26:17,138 - 1 - INFO - **********PLAYER1**********
不一致之处在于玩家3的描述中提到了奔跑、尖锐的爪子、捕食能力和猫科动物的特征，这些特征与熊的一般特征不符。熊通常不是以其奔跑能力、尖锐的爪子或捕食能力著称，而且它们不属于猫科动物。相比之下，玩家1和玩家4的描述更侧重于熊的体型、力量和适应力，而玩家2的描述则强调了熊的温顺和力量。因此，玩家3的描述在动物特征上与其他玩家的描述存在显著的不一致性。
2024-12-13 10:26:17,139 - 1 - INFO - **********JUDGER**********
你刚刚的分析是不一致之处在于玩家3的描述中提到了奔跑、尖锐的爪子、捕食能力和猫科动物的特征，这些特征与熊的一般特征不符。熊通常不是以其奔跑能力、尖锐的爪子或捕食能力著称，而且它们不属于猫科动物。相比之下，玩家1和玩家4的描述更侧重于熊的体型、力量和适应力，而玩家2的描述则强调了熊的温顺和力量。因此，玩家3的描述在动物特征上与其他玩家的描述存在显著的不一致性。|| 请通过你分析的不一致之处，推断卧底身份，注意，这局游戏的词语分类为<动物>，卧底词和平民词都属于该类。
2024-12-13 10:26:18,143 - 1 - INFO - **********PLAYER1**********
3
2024-12-13 10:26:18,143 - 1 - INFO - **********JUDGER**********
你刚刚的推断是3|| 基于你刚刚的推断得出你的最终结论，请输出你认为的卧底，在这种情况下只需要输出编号，是1-4中的某个数字，不要输出其他信息。在这个过程不要进行任何推理，只对||以前的部分进行信息提取
2024-12-13 10:26:18,999 - 1 - INFO - **********PLAYER1**********
3
