2024-12-13 10:23:05,997 - 2 - INFO - **********JUDGER**********
让我们来玩一个叫做<谁是卧底>的推理游戏。基本规则：<人数>：4人。<角色分配>：每位玩家随机抽取一个词语，3名玩家拿到的词语是相同的（平民词），1名玩家拿到与之相近但不同的词语（卧底词）。<游戏流程>：1、玩家轮流描述自己的词语，但<不能>直接说出词语本身。2、描述完毕后，投票选出最像卧底的玩家。3、每轮结束后，被投票选出的玩家出局，不能再进行描述或投票。4、每轮投票结束后，如果卧底被成功找出，平民方获胜；如果卧底未被找出且卧底人数等于或超过平民人数，则卧底方获胜。你将扮演一个<玩家>，请等待你被分配到的关键词。如果你听懂了，只回答，"好的，我准备好参加游戏了"，不要输出别的信息
2024-12-13 10:23:06,454 - 2 - INFO - **********PLAYER2**********
好的，我准备好参加游戏了
2024-12-13 10:23:09,448 - 2 - INFO - **********JUDGER**********
玩家1说：它是一种哺乳动物，有着浓密的毛发。在它的同类中，它以其独特的体型和棕色的毛皮最为突出。玩家2说：玩家3说：玩家4说：|| 你是第2号玩家，你的关键词是<熊>。你的回答中绝对不能包含你的关键词<熊>。这是第一轮描述，不需要分析||之前别的玩家的描述，请你描述关键词基本特征，注意，这局游戏的词语分类为<动物>，卧底词和平民词都属于该类，描述包括以下两点，1.他的基本特征是什么2.他在该类（动物）中最突出不同的特征是什么，尽量简短
2024-12-13 10:23:10,260 - 2 - INFO - **********PLAYER2**********
它是一种温顺的陆地动物，通常生活在森林中。它在同类中以其庞大而圆胖的身躯和强大的力量最为显著。
2024-12-13 10:23:29,901 - 2 - INFO - **********JUDGER**********
玩家1说：它是一种哺乳动物，有着浓密的毛发。在它的同类中，它以其独特的体型和棕色的毛皮最为突出。玩家2说：它是一种温顺的陆地动物，通常生活在森林中。它在同类中以其庞大而圆胖的身躯和强大的力量最为显著。玩家3说：它是一种有四肢的动物，擅长奔跑。在其同类中，它以其尖锐的爪子和强大的捕食能力最为显著。玩家4说：||在这个游戏中，我们需要通过分析每位玩家的描述来找出卧底。通常，平民的描述会围绕相同的词语展开，而卧底的描述可能会因为词语的不同而显得不太一致。我们需要仔细比较每个描述之间的相似性和差异性，以找出可能的卧底，注意，卧底并不会隐藏自己，他会直接描述他的词语，现在，逐一分析每个玩家的描述，注意，这局游戏的词语分类为<动物>，卧底词和平民词都属于该类。这是第一轮描述。
2024-12-13 10:23:32,773 - 2 - INFO - **********PLAYER2**********
作为玩家2，我的描述与玩家1和玩家2的描述非常相似，都提到了哺乳动物、毛发、体型、毛皮和生活在森林中。然而，玩家3的描述提到了尖锐的爪子和强大的捕食能力，这可能与熊的描述有所出入，因为熊通常不被描述为有尖锐的爪子或以捕食为生。玩家4的描述更像是在引导大家分析，而不是在描述一个具体的动物特征。因此，如果我的关键词是熊，那么玩家3的描述可能是卧底的线索，因为他的描述与熊的常见特征不太吻合。我的描述与平民的描述一致，所以我认为我是平民。
2024-12-13 10:23:32,775 - 2 - INFO - **********JUDGER**********
你刚刚的分析是作为玩家2，我的描述与玩家1和玩家2的描述非常相似，都提到了哺乳动物、毛发、体型、毛皮和生活在森林中。然而，玩家3的描述提到了尖锐的爪子和强大的捕食能力，这可能与熊的描述有所出入，因为熊通常不被描述为有尖锐的爪子或以捕食为生。玩家4的描述更像是在引导大家分析，而不是在描述一个具体的动物特征。因此，如果我的关键词是熊，那么玩家3的描述可能是卧底的线索，因为他的描述与熊的常见特征不太吻合。我的描述与平民的描述一致，所以我认为我是平民。|| `请根据上述分析，比较描述以找出不一致之处，注意，这局游戏的词语分类为<动物>，卧底词和平民词都属于该类。
2024-12-13 10:23:42,387 - 2 - INFO - **********PLAYER2**********
根据上述分析，我们可以比较描述以找出不一致之处：

1. 玩家1的描述：
   - 哺乳动物
   - 浓密的毛发
   - 独特的体型
   - 棕色的毛皮
   - 生活在森林中

2. 玩家2的描述（我的描述）：
   - 温顺的陆地动物
   - 通常生活在森林中
   - 庞大而圆胖的身躯
   - 强大的力量

3. 玩家3的描述：
   - 有四肢的动物
   - 擅长奔跑
   - 尖锐的爪子
   - 强大的捕食能力

4. 玩家4的描述：
   - 引导大家分析描述

不一致之处在于：

- 玩家3的描述中提到了“尖锐的爪子”和“强大的捕食能力”，这与熊的通常描述不符，因为熊通常不是以捕食为生，也不以尖锐的爪子著称。
- 玩家1和玩家2的描述都强调了熊的体型和毛皮特征，而玩家3的描述则更侧重于熊的行为特征，如奔跑和捕食能力。

因此，玩家3的描述可能是不一致的，这可能是卧底的一个线索。而我的描述与玩家1和玩家2的描述在特征上保持一致，这可能表明我是平民。
2024-12-13 10:23:42,389 - 2 - INFO - **********JUDGER**********
你刚刚的分析是根据上述分析，我们可以比较描述以找出不一致之处：

1. 玩家1的描述：
   - 哺乳动物
   - 浓密的毛发
   - 独特的体型
   - 棕色的毛皮
   - 生活在森林中

2. 玩家2的描述（我的描述）：
   - 温顺的陆地动物
   - 通常生活在森林中
   - 庞大而圆胖的身躯
   - 强大的力量

3. 玩家3的描述：
   - 有四肢的动物
   - 擅长奔跑
   - 尖锐的爪子
   - 强大的捕食能力

4. 玩家4的描述：
   - 引导大家分析描述

不一致之处在于：

- 玩家3的描述中提到了“尖锐的爪子”和“强大的捕食能力”，这与熊的通常描述不符，因为熊通常不是以捕食为生，也不以尖锐的爪子著称。
- 玩家1和玩家2的描述都强调了熊的体型和毛皮特征，而玩家3的描述则更侧重于熊的行为特征，如奔跑和捕食能力。

因此，玩家3的描述可能是不一致的，这可能是卧底的一个线索。而我的描述与玩家1和玩家2的描述在特征上保持一致，这可能表明我是平民。|| 请通过你分析的不一致之处，推断卧底身份，注意，这局游戏的词语分类为<动物>，卧底词和平民词都属于该类。
2024-12-13 10:23:46,941 - 2 - INFO - **********PLAYER2**********
基于上述分析的不一致之处，我们可以推断卧底身份：

玩家1、玩家2和玩家4的描述都围绕着熊的体型、毛皮和生活习性来描述，这与熊的常见特征相符。熊通常被描述为温顺的陆地动物，生活在森林中，具有庞大而圆胖的身躯和强大的力量。

然而，玩家3的描述提到了“尖锐的爪子”和“强大的捕食能力”，这些特征更符合猫科动物，如豹或虎，而不是熊。熊通常不是以捕食为生，也不以尖锐的爪子著称。

因此，考虑到这局游戏的词语分类为<动物>，且卧底词和平民词都属于该类，玩家3的描述与熊的特征不一致，更可能是卧底。所以，根据描述的不一致之处，玩家3很可能是卧底。
2024-12-13 10:23:46,945 - 2 - INFO - **********JUDGER**********
你刚刚的推断是基于上述分析的不一致之处，我们可以推断卧底身份：

玩家1、玩家2和玩家4的描述都围绕着熊的体型、毛皮和生活习性来描述，这与熊的常见特征相符。熊通常被描述为温顺的陆地动物，生活在森林中，具有庞大而圆胖的身躯和强大的力量。

然而，玩家3的描述提到了“尖锐的爪子”和“强大的捕食能力”，这些特征更符合猫科动物，如豹或虎，而不是熊。熊通常不是以捕食为生，也不以尖锐的爪子著称。

因此，考虑到这局游戏的词语分类为<动物>，且卧底词和平民词都属于该类，玩家3的描述与熊的特征不一致，更可能是卧底。所以，根据描述的不一致之处，玩家3很可能是卧底。|| 基于你刚刚的推断得出你的最终结论，请输出你认为的卧底，在这种情况下只需要输出编号，是1-4中的某个数字，不要输出其他信息。在这个过程不要进行任何推理，只对||以前的部分进行信息提取
2024-12-13 10:23:47,452 - 2 - INFO - **********PLAYER2**********
3
2024-12-13 10:24:26,329 - 2 - INFO - **********JUDGER**********
玩家1说：它是一种哺乳动物，有着浓密的毛发。在它的同类中，它以其独特的体型和棕色的毛皮最为突出。它的体型庞大，有着明显的力量感，能够适应多种环境。在同类中，它的棕色毛皮和强壮的体格使其显得格外引人注目。玩家2说：它是一种温顺的陆地动物，通常生活在森林中。它在同类中以其庞大而圆胖的身躯和强大的力量最为显著。玩家3说：它是一种有四肢的动物，擅长奔跑。在其同类中，它以其尖锐的爪子和强大的捕食能力最为显著。玩家4说：这是一种大型陆地动物，通常有着强有力的四肢和锋利的爪子。在其同类中，它以其厚重的身体和强大的力量最为显著。你是第2号玩家，你的关键词是<熊>。你的回答中绝对不能包含你的关键词<熊>。这是第二轮描述，你之前的描述是它是一种温顺的陆地动物，通常生活在森林中。它在同类中以其庞大而圆胖的身躯和强大的力量最为显著。，注意，这局游戏的词语分类为<动物>，卧底词和平民词都属于该类，请你补充关于关键词的描述，注意，你的描述应该比起之前的描述更加贴近关键词，作为之前的补充
2024-12-13 10:24:27,813 - 2 - INFO - **********PLAYER2**********
它是一种以力量和耐力著称的动物，适应力极强，能够在多种环境中生存。它的动作虽然缓慢，但每一次移动都充满力量，展现出其不可忽视的存在感。
2024-12-13 10:24:55,900 - 2 - INFO - **********JUDGER**********
玩家1说：它是一种哺乳动物，有着浓密的毛发。在它的同类中，它以其独特的体型和棕色的毛皮最为突出。它的体型庞大，有着明显的力量感，能够适应多种环境。在同类中，它的棕色毛皮和强壮的体格使其显得格外引人注目。玩家2说：它是一种温顺的陆地动物，通常生活在森林中。它在同类中以其庞大而圆胖的身躯和强大的力量最为显著。它是一种以力量和耐力著称的动物，适应力极强，能够在多种环境中生存。它的动作虽然缓慢，但每一次移动都充满力量，展现出其不可忽视的存在感。玩家3说：它是一种有四肢的动物，擅长奔跑。在其同类中，它以其尖锐的爪子和强大的捕食能力最为显著。它是一种敏捷的肉食性动物，通常生活在草原或森林中。在同类中，它以其流线型的身体、短而强壮的四肢和出色的狩猎技巧最为突出。它的皮毛短而粗糙，通常呈现沙色或黄褐色，以适应其捕猎环境。在狩猎时，它依靠敏锐的听觉和视觉，以及快速而精准的攻击，成为草原上的顶级掠食者。玩家4说：这是一种大型陆地动物，通常有着强有力的四肢和锋利的爪子。在其同类中，它以其厚重的身体和强大的力量最为显著。||在这个游戏中，我们需要通过分析每位玩家的描述来找出卧底。通常，平民的描述会围绕相同的词语展开，而卧底的描述可能会因为词语的不同而显得不太一致。我们需要仔细比较每个描述之间的相似性和差异性，以找出可能的卧底，注意，卧底并不会隐藏自己，他会直接描述他的词语，现在，逐一分析每个玩家的描述，注意，这局游戏的词语分类为<动物>，卧底词和平民词都属于该类。||之前是第2轮描述和之前轮数描述的合集。你之前认为的卧底是玩家3。
2024-12-13 10:25:02,931 - 2 - INFO - **********PLAYER2**********
根据第二轮描述和之前的分析，玩家3的描述仍然与其他玩家描述的特征存在显著差异。玩家1、玩家2和玩家4的描述都强调了动物的庞大体型、力量感和适应力，而玩家3的描述则着重于动物的敏捷性、肉食性特征和狩猎技巧，这与熊的特征不符。

玩家3提到的“尖锐的爪子”和“强大的捕食能力”以及“流线型的身体”和“短而强壮的四肢”更像是猫科动物的特征，尤其是猎豹或豹。此外，玩家3提到的“皮毛短而粗糙，通常呈现沙色或黄褐色”也不同于熊的棕毛特征。

因此，基于描述的差异性和对动物特征的描述，玩家3的描述仍然与熊的特征不一致，更可能是卧底。所以，我的最终结论是，玩家3很可能是卧底。
2024-12-13 10:25:02,933 - 2 - INFO - **********JUDGER**********
你刚刚的分析是根据第二轮描述和之前的分析，玩家3的描述仍然与其他玩家描述的特征存在显著差异。玩家1、玩家2和玩家4的描述都强调了动物的庞大体型、力量感和适应力，而玩家3的描述则着重于动物的敏捷性、肉食性特征和狩猎技巧，这与熊的特征不符。

玩家3提到的“尖锐的爪子”和“强大的捕食能力”以及“流线型的身体”和“短而强壮的四肢”更像是猫科动物的特征，尤其是猎豹或豹。此外，玩家3提到的“皮毛短而粗糙，通常呈现沙色或黄褐色”也不同于熊的棕毛特征。

因此，基于描述的差异性和对动物特征的描述，玩家3的描述仍然与熊的特征不一致，更可能是卧底。所以，我的最终结论是，玩家3很可能是卧底。|| `请根据上述分析，比较描述以找出不一致之处，注意，这局游戏的词语分类为<动物>，卧底词和平民词都属于该类。
2024-12-13 10:25:10,937 - 2 - INFO - **********PLAYER2**********
根据上述分析，以下是不一致之处：

1. 玩家1的描述：
   - 强调了熊的体型庞大、力量感、适应多种环境的能力，以及棕色毛皮和强壮的体格。

2. 玩家2的描述（我的描述）：
   - 同样强调了熊的庞大而圆胖的身躯、强大的力量和适应力，以及生活在森林中。

3. 玩家3的描述：
   - 描述了一个擅长奔跑、有尖锐爪子和强大捕食能力的动物，具有流线型身体、短而强壮的四肢，皮毛短而粗糙，通常呈现沙色或黄褐色。

4. 玩家4的描述：
   - 描述了一个大型陆地动物，有强有力的四肢和锋利的爪子，厚重的身体和强大的力量。

不一致之处在于：

- 玩家3的描述中提到的奔跑能力、尖锐爪子、捕食能力、流线型身体、短而强壮的四肢和沙色或黄褐色的皮毛，这些特征与熊的常见特征不符。
- 玩家1、玩家2和玩家4的描述都集中在熊的体型、力量、适应力和毛皮颜色上，而玩家3的描述则更多地描述了一个肉食性、具有捕食能力的动物，这与熊的温顺和以植物为食的特征相矛盾。
2024-12-13 10:25:10,940 - 2 - INFO - **********JUDGER**********
你刚刚的分析是根据上述分析，以下是不一致之处：

1. 玩家1的描述：
   - 强调了熊的体型庞大、力量感、适应多种环境的能力，以及棕色毛皮和强壮的体格。

2. 玩家2的描述（我的描述）：
   - 同样强调了熊的庞大而圆胖的身躯、强大的力量和适应力，以及生活在森林中。

3. 玩家3的描述：
   - 描述了一个擅长奔跑、有尖锐爪子和强大捕食能力的动物，具有流线型身体、短而强壮的四肢，皮毛短而粗糙，通常呈现沙色或黄褐色。

4. 玩家4的描述：
   - 描述了一个大型陆地动物，有强有力的四肢和锋利的爪子，厚重的身体和强大的力量。

不一致之处在于：

- 玩家3的描述中提到的奔跑能力、尖锐爪子、捕食能力、流线型身体、短而强壮的四肢和沙色或黄褐色的皮毛，这些特征与熊的常见特征不符。
- 玩家1、玩家2和玩家4的描述都集中在熊的体型、力量、适应力和毛皮颜色上，而玩家3的描述则更多地描述了一个肉食性、具有捕食能力的动物，这与熊的温顺和以植物为食的特征相矛盾。|| 请通过你分析的不一致之处，推断卧底身份，注意，这局游戏的词语分类为<动物>，卧底词和平民词都属于该类。
2024-12-13 10:25:24,822 - 2 - INFO - **********PLAYER2**********
基于分析的不一致之处，可以推断出玩家3很可能是卧底。原因如下：

- 玩家3的描述中提到的动物特征，如“擅长奔跑”、“尖锐的爪子”、“强大的捕食能力”、“流线型身体”、“短而强壮的四肢”和“皮毛短而粗糙，通常呈现沙色或黄褐色”，这些特征与熊的常见特征（如温顺、以植物为食、棕毛、适应力强等）不符。
- 玩家1、玩家2和玩家4的描述都集中在熊的体型、力量、适应力和毛皮颜色上，这些描述与熊的普遍认知相符。
- 由于游戏的词语分类为<动物>，且卧底词和平民词都属于该类，玩家3的描述与熊的特征不一致，因此玩家3的词语更有可能是卧底词，即不是普通的熊。
2024-12-13 10:25:24,823 - 2 - INFO - **********JUDGER**********
你刚刚的推断是基于分析的不一致之处，可以推断出玩家3很可能是卧底。原因如下：

- 玩家3的描述中提到的动物特征，如“擅长奔跑”、“尖锐的爪子”、“强大的捕食能力”、“流线型身体”、“短而强壮的四肢”和“皮毛短而粗糙，通常呈现沙色或黄褐色”，这些特征与熊的常见特征（如温顺、以植物为食、棕毛、适应力强等）不符。
- 玩家1、玩家2和玩家4的描述都集中在熊的体型、力量、适应力和毛皮颜色上，这些描述与熊的普遍认知相符。
- 由于游戏的词语分类为<动物>，且卧底词和平民词都属于该类，玩家3的描述与熊的特征不一致，因此玩家3的词语更有可能是卧底词，即不是普通的熊。|| 基于你刚刚的推断得出你的最终结论，请输出你认为的卧底，在这种情况下只需要输出编号，是1-4中的某个数字，不要输出其他信息。在这个过程不要进行任何推理，只对||以前的部分进行信息提取
2024-12-13 10:25:25,637 - 2 - INFO - **********PLAYER2**********
3
2024-12-13 10:25:55,295 - 2 - INFO - **********JUDGER**********
玩家1说：它是一种哺乳动物，有着浓密的毛发。在它的同类中，它以其独特的体型和棕色的毛皮最为突出。它的体型庞大，有着明显的力量感，能够适应多种环境。在同类中，它的棕色毛皮和强壮的体格使其显得格外引人注目。它是一种在森林中常见的动物，以其强壮的体格和棕色的毛皮而闻名。它的行动虽然缓慢，但每一次移动都显得稳健有力，而且它在同类中以其独特的力量和适应力而突出。玩家2说：它是一种温顺的陆地动物，通常生活在森林中。它在同类中以其庞大而圆胖的身躯和强大的力量最为显著。它是一种以力量和耐力著称的动物，适应力极强，能够在多种环境中生存。它的动作虽然缓慢，但每一次移动都充满力量，展现出其不可忽视的存在感。玩家3说：它是一种有四肢的动物，擅长奔跑。在其同类中，它以其尖锐的爪子和强大的捕食能力最为显著。它是一种敏捷的肉食性动物，通常生活在草原或森林中。在同类中，它以其流线型的身体、短而强壮的四肢和出色的狩猎技巧最为突出。它的皮毛短而粗糙，通常呈现沙色或黄褐色，以适应其捕猎环境。在狩猎时，它依靠敏锐的听觉和视觉，以及快速而精准的攻击，成为草原上的顶级掠食者。玩家4说：这是一种大型陆地动物，通常有着强有力的四肢和锋利的爪子。在其同类中，它以其厚重的身体和强大的力量最为显著。这种动物通常具有强壮的后肢，能够进行快速而有力的奔跑。它的头部较大，有着突出的下颚和锋利的牙齿，适合撕咬和捕食。在同类中，它的体型和力量使其在森林中占据统治地位，经常成为其他动物的威胁。它的皮毛颜色多变，从浅棕色到深棕色不等，有助于它在不同的季节和环境中进行伪装。这种动物是群居的，有时会与其他同类形成小群体，共同保护领地和食物来源。你是第2号玩家，你的关键词是<熊>。你的回答中绝对不能包含你的关键词<熊>。这是第三轮描述，你之前的描述是它是一种温顺的陆地动物，通常生活在森林中。它在同类中以其庞大而圆胖的身躯和强大的力量最为显著。和它是一种以力量和耐力著称的动物，适应力极强，能够在多种环境中生存。它的动作虽然缓慢，但每一次移动都充满力量，展现出其不可忽视的存在感。，注意，这局游戏的词语分类为<动物>，卧底词和平民词都属于该类，请你补充关于关键词的描述，注意，你的描述应该比起之前的描述更加贴近关键词，作为之前的补充
2024-12-13 10:25:59,888 - 2 - INFO - **********PLAYER2**********
我理解了游戏的规则和当前的描述。现在，作为参与游戏的玩家，我将基于前面的描述来给出我的描述：

我描述的动物是一种大型陆地哺乳动物，它以其强壮的四肢和适应复杂地形的能力而著称。在同类中，它以其独特的皮毛图案和夜间活动的习性最为突出。这种动物在它的群体中扮演着重要的角色，通常以其温和的性格和社交行为而闻名。
2024-12-13 10:26:18,999 - 2 - INFO - **********JUDGER**********
玩家1说：它是一种哺乳动物，有着浓密的毛发。在它的同类中，它以其独特的体型和棕色的毛皮最为突出。它的体型庞大，有着明显的力量感，能够适应多种环境。在同类中，它的棕色毛皮和强壮的体格使其显得格外引人注目。它是一种在森林中常见的动物，以其强壮的体格和棕色的毛皮而闻名。它的行动虽然缓慢，但每一次移动都显得稳健有力，而且它在同类中以其独特的力量和适应力而突出。玩家2说：它是一种温顺的陆地动物，通常生活在森林中。它在同类中以其庞大而圆胖的身躯和强大的力量最为显著。它是一种以力量和耐力著称的动物，适应力极强，能够在多种环境中生存。它的动作虽然缓慢，但每一次移动都充满力量，展现出其不可忽视的存在感。我理解了游戏的规则和当前的描述。现在，作为参与游戏的玩家，我将基于前面的描述来给出我的描述：

我描述的动物是一种大型陆地哺乳动物，它以其强壮的四肢和适应复杂地形的能力而著称。在同类中，它以其独特的皮毛图案和夜间活动的习性最为突出。这种动物在它的群体中扮演着重要的角色，通常以其温和的性格和社交行为而闻名。玩家3说：它是一种有四肢的动物，擅长奔跑。在其同类中，它以其尖锐的爪子和强大的捕食能力最为显著。它是一种敏捷的肉食性动物，通常生活在草原或森林中。在同类中，它以其流线型的身体、短而强壮的四肢和出色的狩猎技巧最为突出。它的皮毛短而粗糙，通常呈现沙色或黄褐色，以适应其捕猎环境。在狩猎时，它依靠敏锐的听觉和视觉，以及快速而精准的攻击，成为草原上的顶级掠食者。它是一种中型至大型猫科动物，以其独特的斑点或条纹皮毛和流线型的身体而著称。这种动物通常在夜间活动，以其出色的隐蔽性和捕猎技巧而闻名。它在同类中以其强大的肌肉和敏捷的动作最为突出，能够在树木间灵活穿梭，捕食小型哺乳动物。它的皮毛颜色多样，有助于其在不同环境中融入自然。这种动物通常单独行动，但在繁殖季节会与配偶短暂相聚。玩家4说：这是一种大型陆地动物，通常有着强有力的四肢和锋利的爪子。在其同类中，它以其厚重的身体和强大的力量最为显著。这种动物通常具有强壮的后肢，能够进行快速而有力的奔跑。它的头部较大，有着突出的下颚和锋利的牙齿，适合撕咬和捕食。在同类中，它的体型和力量使其在森林中占据统治地位，经常成为其他动物的威胁。它的皮毛颜色多变，从浅棕色到深棕色不等，有助于它在不同的季节和环境中进行伪装。这种动物是群居的，有时会与其他同类形成小群体，共同保护领地和食物来源。这种动物以其巨大的体型和厚实的身体而著称，它们通常在森林中生活，以果实、植物和昆虫为食。它们的行为通常较为缓慢，但一旦受到威胁，它们会展现出强大的防御能力。这种动物在同类中以其独特的领地意识和强烈的保护本能而知名。||在这个游戏中，我们需要通过分析每位玩家的描述来找出卧底。通常，平民的描述会围绕相同的词语展开，而卧底的描述可能会因为词语的不同而显得不太一致。我们需要仔细比较每个描述之间的相似性和差异性，以找出可能的卧底，注意，卧底并不会隐藏自己，他会直接描述他的词语，现在，逐一分析每个玩家的描述，注意，这局游戏的词语分类为<动物>，卧底词和平民词都属于该类。||之前是第3轮描述和之前轮数描述的合集。你之前认为的卧底是玩家3。
2024-12-13 10:26:32,062 - 2 - INFO - **********PLAYER2**********
根据第三轮描述和之前的描述，我们可以进行以下分析：

1. 玩家1的描述：
   - 强调了熊的体型、力量感、适应力、棕色毛皮和强壮的体格。
   - 描述了熊在森林中的常见性、稳健有力的动作和力量。

2. 玩家2的描述（我的描述）：
   - 描述了熊的庞大而圆胖的身躯、强大的力量、适应力和在森林中的生活习性。
   - 强调了熊的力量和耐力，以及其在同类中的显著特征。

3. 玩家3的描述：
   - 描述了一个擅长奔跑、有尖锐爪子和强大捕食能力的动物。
   - 描述了这种动物的敏捷性、肉食性特征、流线型身体、短而强壮的四肢和出色的狩猎技巧。
   - 描述了这种动物的皮毛颜色和适应捕猎环境的习性。

4. 玩家4的描述：
   - 描述了一个大型陆地动物，有强有力的四肢和锋利的爪子。
   - 描述了这种动物的厚重的身体、强大的力量、快速有力的奔跑能力、头部特征、牙齿适合捕食。
   - 描述了这种动物的群居行为、领地意识和保护本能。

分析结果：

- 玩家3的描述与其他玩家的描述在动物特征上有显著差异，特别是关于奔跑能力、尖锐爪子、捕食能力、流线型身体、短而强壮的四肢和皮毛颜色等方面。
- 玩家1、玩家2和玩家4的描述都集中在动物的体型、力量、适应力和毛皮颜色上，这些描述与熊的特征相符。

因此，基于描述的差异性和对动物特征的描述，玩家3的描述仍然与熊的特征不一致，更可能是卧底。所以，我的最终结论是，玩家3很可能是卧底。
2024-12-13 10:26:32,063 - 2 - INFO - **********JUDGER**********
你刚刚的分析是根据第三轮描述和之前的描述，我们可以进行以下分析：

1. 玩家1的描述：
   - 强调了熊的体型、力量感、适应力、棕色毛皮和强壮的体格。
   - 描述了熊在森林中的常见性、稳健有力的动作和力量。

2. 玩家2的描述（我的描述）：
   - 描述了熊的庞大而圆胖的身躯、强大的力量、适应力和在森林中的生活习性。
   - 强调了熊的力量和耐力，以及其在同类中的显著特征。

3. 玩家3的描述：
   - 描述了一个擅长奔跑、有尖锐爪子和强大捕食能力的动物。
   - 描述了这种动物的敏捷性、肉食性特征、流线型身体、短而强壮的四肢和出色的狩猎技巧。
   - 描述了这种动物的皮毛颜色和适应捕猎环境的习性。

4. 玩家4的描述：
   - 描述了一个大型陆地动物，有强有力的四肢和锋利的爪子。
   - 描述了这种动物的厚重的身体、强大的力量、快速有力的奔跑能力、头部特征、牙齿适合捕食。
   - 描述了这种动物的群居行为、领地意识和保护本能。

分析结果：

- 玩家3的描述与其他玩家的描述在动物特征上有显著差异，特别是关于奔跑能力、尖锐爪子、捕食能力、流线型身体、短而强壮的四肢和皮毛颜色等方面。
- 玩家1、玩家2和玩家4的描述都集中在动物的体型、力量、适应力和毛皮颜色上，这些描述与熊的特征相符。

因此，基于描述的差异性和对动物特征的描述，玩家3的描述仍然与熊的特征不一致，更可能是卧底。所以，我的最终结论是，玩家3很可能是卧底。|| `请根据上述分析，比较描述以找出不一致之处，注意，这局游戏的词语分类为<动物>，卧底词和平民词都属于该类。
2024-12-13 10:26:43,655 - 2 - INFO - **********PLAYER2**********
根据上述分析，以下是不一致之处：

1. 玩家1的描述：
   - 强调熊的体型庞大、力量感、适应多种环境的能力、棕色毛皮和强壮的体格。
   - 描述熊在森林中的常见性、稳健有力的动作和力量。

2. 玩家2的描述（我的描述）：
   - 描述熊的庞大而圆胖的身躯、强大的力量、适应力和在森林中的生活习性。
   - 强调熊的力量和耐力，以及其在同类中的显著特征。

3. 玩家3的描述：
   - 描述一个擅长奔跑、有尖锐爪子和强大捕食能力的动物。
   - 描述这种动物的敏捷性、肉食性特征、流线型身体、短而强壮的四肢和出色的狩猎技巧。
   - 描述这种动物的皮毛颜色和适应捕猎环境的习性。

4. 玩家4的描述：
   - 描述一个大型陆地动物，有强有力的四肢和锋利的爪子。
   - 描述这种动物的厚重的身体、强大的力量、快速有力的奔跑能力、头部特征、牙齿适合捕食。
   - 描述这种动物的群居行为、领地意识和保护本能。

不一致之处在于：

- 玩家3的描述中提到的奔跑能力、尖锐爪子、捕食能力、流线型身体、短而强壮的四肢和皮毛颜色，这些特征与熊的常见特征（如温顺、以植物为食、棕毛、适应力强等）不符。
- 玩家1、玩家2和玩家4的描述都集中在熊的体型、力量、适应力和毛皮颜色上，而玩家3的描述则更多地描述了一个肉食性、具有捕食能力的动物，这与熊的温顺和以植物为食的特征相矛盾。
2024-12-13 10:26:43,657 - 2 - INFO - **********JUDGER**********
你刚刚的分析是根据上述分析，以下是不一致之处：

1. 玩家1的描述：
   - 强调熊的体型庞大、力量感、适应多种环境的能力、棕色毛皮和强壮的体格。
   - 描述熊在森林中的常见性、稳健有力的动作和力量。

2. 玩家2的描述（我的描述）：
   - 描述熊的庞大而圆胖的身躯、强大的力量、适应力和在森林中的生活习性。
   - 强调熊的力量和耐力，以及其在同类中的显著特征。

3. 玩家3的描述：
   - 描述一个擅长奔跑、有尖锐爪子和强大捕食能力的动物。
   - 描述这种动物的敏捷性、肉食性特征、流线型身体、短而强壮的四肢和出色的狩猎技巧。
   - 描述这种动物的皮毛颜色和适应捕猎环境的习性。

4. 玩家4的描述：
   - 描述一个大型陆地动物，有强有力的四肢和锋利的爪子。
   - 描述这种动物的厚重的身体、强大的力量、快速有力的奔跑能力、头部特征、牙齿适合捕食。
   - 描述这种动物的群居行为、领地意识和保护本能。

不一致之处在于：

- 玩家3的描述中提到的奔跑能力、尖锐爪子、捕食能力、流线型身体、短而强壮的四肢和皮毛颜色，这些特征与熊的常见特征（如温顺、以植物为食、棕毛、适应力强等）不符。
- 玩家1、玩家2和玩家4的描述都集中在熊的体型、力量、适应力和毛皮颜色上，而玩家3的描述则更多地描述了一个肉食性、具有捕食能力的动物，这与熊的温顺和以植物为食的特征相矛盾。|| 请通过你分析的不一致之处，推断卧底身份，注意，这局游戏的词语分类为<动物>，卧底词和平民词都属于该类。
2024-12-13 10:26:48,538 - 2 - INFO - **********PLAYER2**********
基于分析的不一致之处，可以推断玩家3很可能是卧底。原因如下：

- 玩家3的描述中提到的动物特征，如擅长奔跑、尖锐的爪子、强大的捕食能力、流线型身体、短而强壮的四肢和皮毛颜色，这些特征与熊的典型特征（如温顺、以植物为食、棕毛、适应力强等）不符。
- 玩家1、玩家2和玩家4的描述都集中在熊的体型、力量、适应力和毛皮颜色上，这些描述与熊的普遍认知相符。
- 由于游戏的词语分类为<动物>，且卧底词和平民词都属于该类，玩家3的描述与熊的特征不一致，因此玩家3的词语更有可能是卧底词。
2024-12-13 10:26:48,539 - 2 - INFO - **********JUDGER**********
你刚刚的推断是基于分析的不一致之处，可以推断玩家3很可能是卧底。原因如下：

- 玩家3的描述中提到的动物特征，如擅长奔跑、尖锐的爪子、强大的捕食能力、流线型身体、短而强壮的四肢和皮毛颜色，这些特征与熊的典型特征（如温顺、以植物为食、棕毛、适应力强等）不符。
- 玩家1、玩家2和玩家4的描述都集中在熊的体型、力量、适应力和毛皮颜色上，这些描述与熊的普遍认知相符。
- 由于游戏的词语分类为<动物>，且卧底词和平民词都属于该类，玩家3的描述与熊的特征不一致，因此玩家3的词语更有可能是卧底词。|| 基于你刚刚的推断得出你的最终结论，请输出你认为的卧底，在这种情况下只需要输出编号，是1-4中的某个数字，不要输出其他信息。在这个过程不要进行任何推理，只对||以前的部分进行信息提取
2024-12-13 10:26:50,150 - 2 - INFO - **********PLAYER2**********
3
