2024-12-13 10:23:07,933 - 4 - INFO - **********JUDGER**********
让我们来玩一个叫做<谁是卧底>的推理游戏。基本规则：<人数>：4人。<角色分配>：每位玩家随机抽取一个词语，3名玩家拿到的词语是相同的（平民词），1名玩家拿到与之相近但不同的词语（卧底词）。<游戏流程>：1、玩家轮流描述自己的词语，但<不能>直接说出词语本身。2、描述完毕后，投票选出最像卧底的玩家。3、每轮结束后，被投票选出的玩家出局，不能再进行描述或投票。4、每轮投票结束后，如果卧底被成功找出，平民方获胜；如果卧底未被找出且卧底人数等于或超过平民人数，则卧底方获胜。你将扮演一个<玩家>，请等待你被分配到的关键词。如果你听懂了，只回答，"好的，我准备好参加游戏了"，不要输出别的信息
2024-12-13 10:23:08,297 - 4 - INFO - **********PLAYER4**********
好的，我准备好参加游戏了
2024-12-13 10:23:11,032 - 4 - INFO - **********JUDGER**********
玩家1说：它是一种哺乳动物，有着浓密的毛发。在它的同类中，它以其独特的体型和棕色的毛皮最为突出。玩家2说：它是一种温顺的陆地动物，通常生活在森林中。它在同类中以其庞大而圆胖的身躯和强大的力量最为显著。玩家3说：它是一种有四肢的动物，擅长奔跑。在其同类中，它以其尖锐的爪子和强大的捕食能力最为显著。玩家4说：|| 你是第4号玩家，你的关键词是<熊>。你的回答中绝对不能包含你的关键词<熊>。这是第一轮描述，不需要分析||之前别的玩家的描述，请你描述关键词基本特征，注意，这局游戏的词语分类为<动物>，卧底词和平民词都属于该类，描述包括以下两点，1.他的基本特征是什么2.他在该类（动物）中最突出不同的特征是什么，尽量简短
2024-12-13 10:23:12,393 - 4 - INFO - **********PLAYER4**********
这是一种大型陆地动物，通常有着强有力的四肢和锋利的爪子。在其同类中，它以其厚重的身体和强大的力量最为显著。
2024-12-13 10:24:06,426 - 4 - INFO - **********JUDGER**********
玩家1说：它是一种哺乳动物，有着浓密的毛发。在它的同类中，它以其独特的体型和棕色的毛皮最为突出。玩家2说：它是一种温顺的陆地动物，通常生活在森林中。它在同类中以其庞大而圆胖的身躯和强大的力量最为显著。玩家3说：它是一种有四肢的动物，擅长奔跑。在其同类中，它以其尖锐的爪子和强大的捕食能力最为显著。玩家4说：||在这个游戏中，我们需要通过分析每位玩家的描述来找出卧底。通常，平民的描述会围绕相同的词语展开，而卧底的描述可能会因为词语的不同而显得不太一致。我们需要仔细比较每个描述之间的相似性和差异性，以找出可能的卧底，注意，卧底并不会隐藏自己，他会直接描述他的词语，现在，逐一分析每个玩家的描述，注意，这局游戏的词语分类为<动物>，卧底词和平民词都属于该类。这是第一轮描述。
2024-12-13 10:24:10,563 - 4 - INFO - **********PLAYER4**********
好的，根据玩家们的描述：

玩家1描述的动物听起来像是熊，特别是提到了棕色的毛皮和独特的体型。

玩家2的描述也指向熊，强调了它的温顺性格、生活在森林中，以及庞大的身躯和力量。

玩家3的描述提到了擅长奔跑、尖锐的爪子和强大的捕食能力，这同样符合熊的特征。

由于玩家4没有提供描述，我们无法直接判断其关键词。

从描述中可以看出，玩家1、2和3的描述都比较一致，都指向了熊这一动物。如果玩家4的关键词也是熊，那么他的描述应该也会与这三位玩家相似。如果玩家4的关键词不同，那么他的描述可能会有所不同，这将是我们判断卧底的关键点。现在，我们需要等待玩家4的描述来进一步分析。
2024-12-13 10:24:10,567 - 4 - INFO - **********JUDGER**********
你刚刚的分析是好的，根据玩家们的描述：

玩家1描述的动物听起来像是熊，特别是提到了棕色的毛皮和独特的体型。

玩家2的描述也指向熊，强调了它的温顺性格、生活在森林中，以及庞大的身躯和力量。

玩家3的描述提到了擅长奔跑、尖锐的爪子和强大的捕食能力，这同样符合熊的特征。

由于玩家4没有提供描述，我们无法直接判断其关键词。

从描述中可以看出，玩家1、2和3的描述都比较一致，都指向了熊这一动物。如果玩家4的关键词也是熊，那么他的描述应该也会与这三位玩家相似。如果玩家4的关键词不同，那么他的描述可能会有所不同，这将是我们判断卧底的关键点。现在，我们需要等待玩家4的描述来进一步分析。|| `请根据上述分析，比较描述以找出不一致之处，注意，这局游戏的词语分类为<动物>，卧底词和平民词都属于该类。
2024-12-13 10:24:17,607 - 4 - INFO - **********PLAYER4**********
根据上述分析，我们可以比较描述中的一致性和潜在的不一致性：

玩家1、2和3的描述都指向了熊这一动物，具体特征包括：
- 棕色的毛皮和独特的体型（玩家1）
- 温顺性格、生活在森林中、庞大而圆胖的身躯、强大的力量（玩家2）
- 擅长奔跑、尖锐的爪子、强大的捕食能力（玩家3）

这些描述在描述熊的基本特征时是高度一致的，都强调了熊的体型、力量和某些特定的身体特征。

然而，玩家4没有提供描述，因此我们无法直接比较他的描述与前三名玩家的描述是否一致。如果玩家4的关键词也是熊，他的描述可能会包含与前三名玩家相似的特征，但可能会有不同的侧重点或者更具体的描述。

不一致之处可能出现在以下方面：
- 如果玩家4的关键词不是熊，他的描述可能会完全不同于前三名玩家的描述，可能会提到熊不具备的特征，或者描述的是另一类动物。
- 即使玩家4的关键词是熊，他的描述可能因为个人描述习惯或关键词的细微差别而有所不同。

因此，我们需要玩家4的描述来进一步确定是否存在不一致之处，并据此判断是否有卧底。
2024-12-13 10:24:17,608 - 4 - INFO - **********JUDGER**********
你刚刚的分析是根据上述分析，我们可以比较描述中的一致性和潜在的不一致性：

玩家1、2和3的描述都指向了熊这一动物，具体特征包括：
- 棕色的毛皮和独特的体型（玩家1）
- 温顺性格、生活在森林中、庞大而圆胖的身躯、强大的力量（玩家2）
- 擅长奔跑、尖锐的爪子、强大的捕食能力（玩家3）

这些描述在描述熊的基本特征时是高度一致的，都强调了熊的体型、力量和某些特定的身体特征。

然而，玩家4没有提供描述，因此我们无法直接比较他的描述与前三名玩家的描述是否一致。如果玩家4的关键词也是熊，他的描述可能会包含与前三名玩家相似的特征，但可能会有不同的侧重点或者更具体的描述。

不一致之处可能出现在以下方面：
- 如果玩家4的关键词不是熊，他的描述可能会完全不同于前三名玩家的描述，可能会提到熊不具备的特征，或者描述的是另一类动物。
- 即使玩家4的关键词是熊，他的描述可能因为个人描述习惯或关键词的细微差别而有所不同。

因此，我们需要玩家4的描述来进一步确定是否存在不一致之处，并据此判断是否有卧底。|| 请通过你分析的不一致之处，推断卧底身份，注意，这局游戏的词语分类为<动物>，卧底词和平民词都属于该类。
2024-12-13 10:24:24,118 - 4 - INFO - **********PLAYER4**********
基于前面的分析，我们可以推断以下可能性：

1. 如果玩家4的描述与玩家1、2和3的描述在基本特征上高度一致，那么玩家4很可能是平民，他的关键词也是熊。

2. 如果玩家4的描述与前三名玩家有显著的不同，那么玩家4很可能是卧底。以下是一些可能导致玩家4成为卧底的情况：
   - 玩家4的描述提到了熊不具备的特征，比如“生活在水中”、“有翅膀能够飞行”等，这表明他的关键词可能是与熊不同的动物，如海豹或企鹅。
   - 玩家4的描述虽然提到了熊的特征，但侧重点与前三名玩家不同，比如强调熊的社交行为而非身体特征，这可能意味着他的关键词是某种具有类似社交行为的熊，如棕熊的亚种，或者是另一种动物，如猩猩。
   - 玩家4的描述完全没有提到熊，这可能意味着他的关键词是熊的同类动物，但具有不同的特征，如黑熊或灰熊，或者是完全不同的动物，如猫科动物。

由于我们没有玩家4的具体描述，我们无法确定他的关键词是什么，但根据描述的一致性和潜在的不一致性，我们可以推测玩家4可能是卧底，尤其是如果他的描述与前三名玩家有显著差异时。
2024-12-13 10:24:24,121 - 4 - INFO - **********JUDGER**********
你刚刚的推断是基于前面的分析，我们可以推断以下可能性：

1. 如果玩家4的描述与玩家1、2和3的描述在基本特征上高度一致，那么玩家4很可能是平民，他的关键词也是熊。

2. 如果玩家4的描述与前三名玩家有显著的不同，那么玩家4很可能是卧底。以下是一些可能导致玩家4成为卧底的情况：
   - 玩家4的描述提到了熊不具备的特征，比如“生活在水中”、“有翅膀能够飞行”等，这表明他的关键词可能是与熊不同的动物，如海豹或企鹅。
   - 玩家4的描述虽然提到了熊的特征，但侧重点与前三名玩家不同，比如强调熊的社交行为而非身体特征，这可能意味着他的关键词是某种具有类似社交行为的熊，如棕熊的亚种，或者是另一种动物，如猩猩。
   - 玩家4的描述完全没有提到熊，这可能意味着他的关键词是熊的同类动物，但具有不同的特征，如黑熊或灰熊，或者是完全不同的动物，如猫科动物。

由于我们没有玩家4的具体描述，我们无法确定他的关键词是什么，但根据描述的一致性和潜在的不一致性，我们可以推测玩家4可能是卧底，尤其是如果他的描述与前三名玩家有显著差异时。|| 基于你刚刚的推断得出你的最终结论，请输出你认为的卧底，在这种情况下只需要输出编号，是1-4中的某个数字，不要输出其他信息。在这个过程不要进行任何推理，只对||以前的部分进行信息提取
2024-12-13 10:24:24,613 - 4 - INFO - **********PLAYER4**********
4
2024-12-13 10:24:30,630 - 4 - INFO - **********JUDGER**********
玩家1说：它是一种哺乳动物，有着浓密的毛发。在它的同类中，它以其独特的体型和棕色的毛皮最为突出。它的体型庞大，有着明显的力量感，能够适应多种环境。在同类中，它的棕色毛皮和强壮的体格使其显得格外引人注目。玩家2说：它是一种温顺的陆地动物，通常生活在森林中。它在同类中以其庞大而圆胖的身躯和强大的力量最为显著。它是一种以力量和耐力著称的动物，适应力极强，能够在多种环境中生存。它的动作虽然缓慢，但每一次移动都充满力量，展现出其不可忽视的存在感。玩家3说：它是一种有四肢的动物，擅长奔跑。在其同类中，它以其尖锐的爪子和强大的捕食能力最为显著。它是一种敏捷的肉食性动物，通常生活在草原或森林中。在同类中，它以其流线型的身体、短而强壮的四肢和出色的狩猎技巧最为突出。它的皮毛短而粗糙，通常呈现沙色或黄褐色，以适应其捕猎环境。在狩猎时，它依靠敏锐的听觉和视觉，以及快速而精准的攻击，成为草原上的顶级掠食者。玩家4说：这是一种大型陆地动物，通常有着强有力的四肢和锋利的爪子。在其同类中，它以其厚重的身体和强大的力量最为显著。你是第4号玩家，你的关键词是<熊>。你的回答中绝对不能包含你的关键词<熊>。这是第二轮描述，你之前的描述是这是一种大型陆地动物，通常有着强有力的四肢和锋利的爪子。在其同类中，它以其厚重的身体和强大的力量最为显著。，注意，这局游戏的词语分类为<动物>，卧底词和平民词都属于该类，请你补充关于关键词的描述，注意，你的描述应该比起之前的描述更加贴近关键词，作为之前的补充
2024-12-13 10:24:37,706 - 4 - INFO - **********PLAYER4**********
这种动物通常具有强壮的后肢，能够进行快速而有力的奔跑。它的头部较大，有着突出的下颚和锋利的牙齿，适合撕咬和捕食。在同类中，它的体型和力量使其在森林中占据统治地位，经常成为其他动物的威胁。它的皮毛颜色多变，从浅棕色到深棕色不等，有助于它在不同的季节和环境中进行伪装。这种动物是群居的，有时会与其他同类形成小群体，共同保护领地和食物来源。
2024-12-13 10:25:43,746 - 4 - INFO - **********JUDGER**********
玩家1说：它是一种哺乳动物，有着浓密的毛发。在它的同类中，它以其独特的体型和棕色的毛皮最为突出。它的体型庞大，有着明显的力量感，能够适应多种环境。在同类中，它的棕色毛皮和强壮的体格使其显得格外引人注目。玩家2说：它是一种温顺的陆地动物，通常生活在森林中。它在同类中以其庞大而圆胖的身躯和强大的力量最为显著。它是一种以力量和耐力著称的动物，适应力极强，能够在多种环境中生存。它的动作虽然缓慢，但每一次移动都充满力量，展现出其不可忽视的存在感。玩家3说：它是一种有四肢的动物，擅长奔跑。在其同类中，它以其尖锐的爪子和强大的捕食能力最为显著。它是一种敏捷的肉食性动物，通常生活在草原或森林中。在同类中，它以其流线型的身体、短而强壮的四肢和出色的狩猎技巧最为突出。它的皮毛短而粗糙，通常呈现沙色或黄褐色，以适应其捕猎环境。在狩猎时，它依靠敏锐的听觉和视觉，以及快速而精准的攻击，成为草原上的顶级掠食者。玩家4说：这是一种大型陆地动物，通常有着强有力的四肢和锋利的爪子。在其同类中，它以其厚重的身体和强大的力量最为显著。||在这个游戏中，我们需要通过分析每位玩家的描述来找出卧底。通常，平民的描述会围绕相同的词语展开，而卧底的描述可能会因为词语的不同而显得不太一致。我们需要仔细比较每个描述之间的相似性和差异性，以找出可能的卧底，注意，卧底并不会隐藏自己，他会直接描述他的词语，现在，逐一分析每个玩家的描述，注意，这局游戏的词语分类为<动物>，卧底词和平民词都属于该类。||之前是第2轮描述和之前轮数描述的合集。你之前认为的卧底是玩家4。
2024-12-13 10:25:44,453 - 4 - INFO - **********PLAYER4**********
玩家4
2024-12-13 10:25:44,454 - 4 - INFO - **********JUDGER**********
你刚刚的分析是玩家4|| `请根据上述分析，比较描述以找出不一致之处，注意，这局游戏的词语分类为<动物>，卧底词和平民词都属于该类。
2024-12-13 10:25:51,578 - 4 - INFO - **********PLAYER4**********
根据上述分析，我们可以比较描述中的一致性和潜在的不一致性：

玩家1、玩家2和玩家3的描述都指向了熊这一动物，尽管他们的侧重点不同，但都提到了熊的体型、力量、适应能力和生活环境。以下是具体描述：

- 玩家1强调了熊的棕毛、体型、力量和适应多种环境的能力。
- 玩家2描述了熊的温顺性格、生活在森林中、庞大而圆胖的身躯、力量、耐力和在多种环境中的生存能力。
- 玩家3提到了熊的四肢、奔跑能力、尖锐的爪子、捕食能力、流线型身体、短而强壮的四肢、狩猎技巧、皮毛颜色和作为顶级掠食者的角色。

玩家4的描述是：“这是一种大型陆地动物，通常有着强有力的四肢和锋利的爪子。在其同类中，它以其厚重的身体和强大的力量最为显著。”

不一致之处在于，玩家4的描述虽然提到了大型陆地动物、强有力的四肢和锋利的爪子，以及厚重的身体和强大的力量，但这些特征与玩家1、2和3描述的熊的特征相比，缺乏对熊的特定特征如棕色毛皮、适应环境的能力、温顺性格、奔跑能力、狩猎技巧等的提及。玩家4的描述更像是一个更通用的描述，没有特定指向熊的某些独特特征。

因此，不一致之处在于玩家4的描述没有像其他玩家那样具体指向熊的某些独特特征，这可能表明玩家4的词语与熊不同，从而可能是卧底。
2024-12-13 10:25:51,580 - 4 - INFO - **********JUDGER**********
你刚刚的分析是根据上述分析，我们可以比较描述中的一致性和潜在的不一致性：

玩家1、玩家2和玩家3的描述都指向了熊这一动物，尽管他们的侧重点不同，但都提到了熊的体型、力量、适应能力和生活环境。以下是具体描述：

- 玩家1强调了熊的棕毛、体型、力量和适应多种环境的能力。
- 玩家2描述了熊的温顺性格、生活在森林中、庞大而圆胖的身躯、力量、耐力和在多种环境中的生存能力。
- 玩家3提到了熊的四肢、奔跑能力、尖锐的爪子、捕食能力、流线型身体、短而强壮的四肢、狩猎技巧、皮毛颜色和作为顶级掠食者的角色。

玩家4的描述是：“这是一种大型陆地动物，通常有着强有力的四肢和锋利的爪子。在其同类中，它以其厚重的身体和强大的力量最为显著。”

不一致之处在于，玩家4的描述虽然提到了大型陆地动物、强有力的四肢和锋利的爪子，以及厚重的身体和强大的力量，但这些特征与玩家1、2和3描述的熊的特征相比，缺乏对熊的特定特征如棕色毛皮、适应环境的能力、温顺性格、奔跑能力、狩猎技巧等的提及。玩家4的描述更像是一个更通用的描述，没有特定指向熊的某些独特特征。

因此，不一致之处在于玩家4的描述没有像其他玩家那样具体指向熊的某些独特特征，这可能表明玩家4的词语与熊不同，从而可能是卧底。|| 请通过你分析的不一致之处，推断卧底身份，注意，这局游戏的词语分类为<动物>，卧底词和平民词都属于该类。
2024-12-13 10:25:52,778 - 4 - INFO - **********PLAYER4**********
4
2024-12-13 10:25:52,778 - 4 - INFO - **********JUDGER**********
你刚刚的推断是4|| 基于你刚刚的推断得出你的最终结论，请输出你认为的卧底，在这种情况下只需要输出编号，是1-4中的某个数字，不要输出其他信息。在这个过程不要进行任何推理，只对||以前的部分进行信息提取
2024-12-13 10:25:53,452 - 4 - INFO - **********PLAYER4**********
4
2024-12-13 10:26:03,374 - 4 - INFO - **********JUDGER**********
玩家1说：它是一种哺乳动物，有着浓密的毛发。在它的同类中，它以其独特的体型和棕色的毛皮最为突出。它的体型庞大，有着明显的力量感，能够适应多种环境。在同类中，它的棕色毛皮和强壮的体格使其显得格外引人注目。它是一种在森林中常见的动物，以其强壮的体格和棕色的毛皮而闻名。它的行动虽然缓慢，但每一次移动都显得稳健有力，而且它在同类中以其独特的力量和适应力而突出。玩家2说：它是一种温顺的陆地动物，通常生活在森林中。它在同类中以其庞大而圆胖的身躯和强大的力量最为显著。它是一种以力量和耐力著称的动物，适应力极强，能够在多种环境中生存。它的动作虽然缓慢，但每一次移动都充满力量，展现出其不可忽视的存在感。我理解了游戏的规则和当前的描述。现在，作为参与游戏的玩家，我将基于前面的描述来给出我的描述：

我描述的动物是一种大型陆地哺乳动物，它以其强壮的四肢和适应复杂地形的能力而著称。在同类中，它以其独特的皮毛图案和夜间活动的习性最为突出。这种动物在它的群体中扮演着重要的角色，通常以其温和的性格和社交行为而闻名。玩家3说：它是一种有四肢的动物，擅长奔跑。在其同类中，它以其尖锐的爪子和强大的捕食能力最为显著。它是一种敏捷的肉食性动物，通常生活在草原或森林中。在同类中，它以其流线型的身体、短而强壮的四肢和出色的狩猎技巧最为突出。它的皮毛短而粗糙，通常呈现沙色或黄褐色，以适应其捕猎环境。在狩猎时，它依靠敏锐的听觉和视觉，以及快速而精准的攻击，成为草原上的顶级掠食者。它是一种中型至大型猫科动物，以其独特的斑点或条纹皮毛和流线型的身体而著称。这种动物通常在夜间活动，以其出色的隐蔽性和捕猎技巧而闻名。它在同类中以其强大的肌肉和敏捷的动作最为突出，能够在树木间灵活穿梭，捕食小型哺乳动物。它的皮毛颜色多样，有助于其在不同环境中融入自然。这种动物通常单独行动，但在繁殖季节会与配偶短暂相聚。玩家4说：这是一种大型陆地动物，通常有着强有力的四肢和锋利的爪子。在其同类中，它以其厚重的身体和强大的力量最为显著。这种动物通常具有强壮的后肢，能够进行快速而有力的奔跑。它的头部较大，有着突出的下颚和锋利的牙齿，适合撕咬和捕食。在同类中，它的体型和力量使其在森林中占据统治地位，经常成为其他动物的威胁。它的皮毛颜色多变，从浅棕色到深棕色不等，有助于它在不同的季节和环境中进行伪装。这种动物是群居的，有时会与其他同类形成小群体，共同保护领地和食物来源。你是第4号玩家，你的关键词是<熊>。你的回答中绝对不能包含你的关键词<熊>。这是第三轮描述，你之前的描述是这是一种大型陆地动物，通常有着强有力的四肢和锋利的爪子。在其同类中，它以其厚重的身体和强大的力量最为显著。和这种动物通常具有强壮的后肢，能够进行快速而有力的奔跑。它的头部较大，有着突出的下颚和锋利的牙齿，适合撕咬和捕食。在同类中，它的体型和力量使其在森林中占据统治地位，经常成为其他动物的威胁。它的皮毛颜色多变，从浅棕色到深棕色不等，有助于它在不同的季节和环境中进行伪装。这种动物是群居的，有时会与其他同类形成小群体，共同保护领地和食物来源。，注意，这局游戏的词语分类为<动物>，卧底词和平民词都属于该类，请你补充关于关键词的描述，注意，你的描述应该比起之前的描述更加贴近关键词，作为之前的补充
2024-12-13 10:26:06,302 - 4 - INFO - **********PLAYER4**********
这种动物以其巨大的体型和厚实的身体而著称，它们通常在森林中生活，以果实、植物和昆虫为食。它们的行为通常较为缓慢，但一旦受到威胁，它们会展现出强大的防御能力。这种动物在同类中以其独特的领地意识和强烈的保护本能而知名。
2024-12-13 10:27:03,108 - 4 - INFO - **********JUDGER**********
玩家1说：它是一种哺乳动物，有着浓密的毛发。在它的同类中，它以其独特的体型和棕色的毛皮最为突出。它的体型庞大，有着明显的力量感，能够适应多种环境。在同类中，它的棕色毛皮和强壮的体格使其显得格外引人注目。它是一种在森林中常见的动物，以其强壮的体格和棕色的毛皮而闻名。它的行动虽然缓慢，但每一次移动都显得稳健有力，而且它在同类中以其独特的力量和适应力而突出。玩家2说：它是一种温顺的陆地动物，通常生活在森林中。它在同类中以其庞大而圆胖的身躯和强大的力量最为显著。它是一种以力量和耐力著称的动物，适应力极强，能够在多种环境中生存。它的动作虽然缓慢，但每一次移动都充满力量，展现出其不可忽视的存在感。我理解了游戏的规则和当前的描述。现在，作为参与游戏的玩家，我将基于前面的描述来给出我的描述：

我描述的动物是一种大型陆地哺乳动物，它以其强壮的四肢和适应复杂地形的能力而著称。在同类中，它以其独特的皮毛图案和夜间活动的习性最为突出。这种动物在它的群体中扮演着重要的角色，通常以其温和的性格和社交行为而闻名。玩家3说：它是一种有四肢的动物，擅长奔跑。在其同类中，它以其尖锐的爪子和强大的捕食能力最为显著。它是一种敏捷的肉食性动物，通常生活在草原或森林中。在同类中，它以其流线型的身体、短而强壮的四肢和出色的狩猎技巧最为突出。它的皮毛短而粗糙，通常呈现沙色或黄褐色，以适应其捕猎环境。在狩猎时，它依靠敏锐的听觉和视觉，以及快速而精准的攻击，成为草原上的顶级掠食者。它是一种中型至大型猫科动物，以其独特的斑点或条纹皮毛和流线型的身体而著称。这种动物通常在夜间活动，以其出色的隐蔽性和捕猎技巧而闻名。它在同类中以其强大的肌肉和敏捷的动作最为突出，能够在树木间灵活穿梭，捕食小型哺乳动物。它的皮毛颜色多样，有助于其在不同环境中融入自然。这种动物通常单独行动，但在繁殖季节会与配偶短暂相聚。玩家4说：这是一种大型陆地动物，通常有着强有力的四肢和锋利的爪子。在其同类中，它以其厚重的身体和强大的力量最为显著。这种动物通常具有强壮的后肢，能够进行快速而有力的奔跑。它的头部较大，有着突出的下颚和锋利的牙齿，适合撕咬和捕食。在同类中，它的体型和力量使其在森林中占据统治地位，经常成为其他动物的威胁。它的皮毛颜色多变，从浅棕色到深棕色不等，有助于它在不同的季节和环境中进行伪装。这种动物是群居的，有时会与其他同类形成小群体，共同保护领地和食物来源。这种动物以其巨大的体型和厚实的身体而著称，它们通常在森林中生活，以果实、植物和昆虫为食。它们的行为通常较为缓慢，但一旦受到威胁，它们会展现出强大的防御能力。这种动物在同类中以其独特的领地意识和强烈的保护本能而知名。||在这个游戏中，我们需要通过分析每位玩家的描述来找出卧底。通常，平民的描述会围绕相同的词语展开，而卧底的描述可能会因为词语的不同而显得不太一致。我们需要仔细比较每个描述之间的相似性和差异性，以找出可能的卧底，注意，卧底并不会隐藏自己，他会直接描述他的词语，现在，逐一分析每个玩家的描述，注意，这局游戏的词语分类为<动物>，卧底词和平民词都属于该类。||之前是第3轮描述和之前轮数描述的合集。你之前认为的卧底是玩家4。
2024-12-13 10:27:03,993 - 4 - INFO - **********PLAYER4**********
4
2024-12-13 10:27:03,994 - 4 - INFO - **********JUDGER**********
你刚刚的分析是4|| `请根据上述分析，比较描述以找出不一致之处，注意，这局游戏的词语分类为<动物>，卧底词和平民词都属于该类。
2024-12-13 10:27:13,496 - 4 - INFO - **********PLAYER4**********
在比较玩家的描述时，我们可以观察到以下不一致之处：

- 玩家1和玩家2的描述都集中在熊的体型、力量、棕毛和森林生活习性上，没有提到皮毛图案、夜间活动习性或社交行为。
- 玩家3的描述提到了一种擅长奔跑、具有尖锐爪子、流线型身体、短而强壮的四肢、沙色或黄褐色皮毛、夜间活动、出色的隐蔽性和捕猎技巧的动物，这与熊的特征不符。
- 玩家4的描述再次提到了大型陆地动物、强有力的四肢、锋利的爪子、厚重的身体、强大的力量、森林生活、多变皮毛颜色、群居行为和领地意识，这些特征与熊的描述相符，但也与玩家3描述的动物特征有重叠。

不一致之处在于，玩家3的描述与其他玩家的描述有显著差异，特别是关于皮毛颜色、夜间活动习性、狩猎技巧和身体特征的描述，这些都与熊的特征不完全一致。而玩家4的描述虽然与熊的特征相符，但也与玩家3的描述有部分重叠，这增加了玩家4作为卧底的可能性。

因此，不一致之处主要体现在玩家3的描述与其他玩家的描述之间的差异。
2024-12-13 10:27:13,498 - 4 - INFO - **********JUDGER**********
你刚刚的分析是在比较玩家的描述时，我们可以观察到以下不一致之处：

- 玩家1和玩家2的描述都集中在熊的体型、力量、棕毛和森林生活习性上，没有提到皮毛图案、夜间活动习性或社交行为。
- 玩家3的描述提到了一种擅长奔跑、具有尖锐爪子、流线型身体、短而强壮的四肢、沙色或黄褐色皮毛、夜间活动、出色的隐蔽性和捕猎技巧的动物，这与熊的特征不符。
- 玩家4的描述再次提到了大型陆地动物、强有力的四肢、锋利的爪子、厚重的身体、强大的力量、森林生活、多变皮毛颜色、群居行为和领地意识，这些特征与熊的描述相符，但也与玩家3描述的动物特征有重叠。

不一致之处在于，玩家3的描述与其他玩家的描述有显著差异，特别是关于皮毛颜色、夜间活动习性、狩猎技巧和身体特征的描述，这些都与熊的特征不完全一致。而玩家4的描述虽然与熊的特征相符，但也与玩家3的描述有部分重叠，这增加了玩家4作为卧底的可能性。

因此，不一致之处主要体现在玩家3的描述与其他玩家的描述之间的差异。|| 请通过你分析的不一致之处，推断卧底身份，注意，这局游戏的词语分类为<动物>，卧底词和平民词都属于该类。
2024-12-13 10:27:15,155 - 4 - INFO - **********PLAYER4**********
3
2024-12-13 10:27:15,156 - 4 - INFO - **********JUDGER**********
你刚刚的推断是3|| 基于你刚刚的推断得出你的最终结论，请输出你认为的卧底，在这种情况下只需要输出编号，是1-4中的某个数字，不要输出其他信息。在这个过程不要进行任何推理，只对||以前的部分进行信息提取
2024-12-13 10:27:16,244 - 4 - INFO - **********PLAYER4**********
3
