2024-12-13 11:26:28,356 - 1 - INFO - **********JUDGER**********
让我们来玩一个叫做<谁是卧底>的推理游戏。基本规则：<人数>：4人。<角色分配>：每位玩家随机抽取一个词语，3名玩家拿到的词语是相同的（平民词），1名玩家拿到与之相近但不同的词语（卧底词）。<游戏流程>：1、玩家轮流描述自己的词语，但<不能>直接说出词语本身。2、描述完毕后，投票选出最像卧底的玩家。3、每轮结束后，被投票选出的玩家出局，不能再进行描述或投票。4、每轮投票结束后，如果卧底被成功找出，平民方获胜；如果卧底未被找出且卧底人数等于或超过平民人数，则卧底方获胜。你将扮演一个<玩家>，请等待你被分配到的关键词。如果你听懂了，只回答，"好的，我准备好参加游戏了"，不要输出别的信息
2024-12-13 11:26:28,830 - 1 - INFO - **********PLAYER1**********
好的，我准备好参加游戏了
2024-12-13 11:26:32,893 - 1 - INFO - **********JUDGER**********
玩家1说：玩家2说：玩家3说：玩家4说：|| 你是第1号玩家，你的关键词是<篮球>。你的回答中绝对不能包含你的关键词<篮球>。这是第一轮描述，不需要分析||之前别的玩家的描述，请你描述关键词基本特征，注意，这局游戏的词语分类为<体育用品>，卧底词和平民词都属于该类，描述包括以下两点，1.他的基本特征是什么2.他在该类（体育用品）中最突出不同的特征是什么，尽量简短
2024-12-13 11:26:34,498 - 1 - INFO - **********PLAYER1**********
这是一种运动器材，主要用于进行篮球运动。它在体育用品中以其圆形、空心、可充气的特征而突出。在篮球类别中，它最突出的不同特征可能是其大小和材质，通常为橙色，直径约为29.5英寸。
2024-12-13 11:26:34,499 - 1 - INFO - **********JUDGER**********
玩家1说：玩家2说：玩家3说：玩家4说：|| 你是第1号玩家，你的关键词是<篮球>。你的回答中绝对不能包含你的关键词<篮球>。这是第一轮描述，不需要分析||之前别的玩家的描述，请你描述关键词基本特征，注意，这局游戏的词语分类为<体育用品>，卧底词和平民词都属于该类，描述包括以下两点，1.他的基本特征是什么2.他在该类（体育用品）中最突出不同的特征是什么，尽量简短
2024-12-13 11:26:35,990 - 1 - INFO - **********PLAYER1**********
这是一个圆形、有网眼的球体，用于球类运动。它在体育用品中以其独特的设计和用途而著称，特别是在球类运动中，它的大小和材质有严格的标准。
2024-12-13 11:26:45,806 - 1 - INFO - **********JUDGER**********
玩家1说：这是一个圆形、有网眼的球体，用于球类运动。它在体育用品中以其独特的设计和用途而著称，特别是在球类运动中，它的大小和材质有严格的标准。玩家2说：这是一个球体，通常由皮革或合成材料制成，用于各种球类运动。它在同类体育用品中以其特定的用途和设计而特别，尤其是在体积和重量上有着明确的标准。它的形状和材质使得它在运动中具有特定的弹性和耐用性。在同类体育用品中，它以其独特的弹性特性而突出。玩家3说：这是一个球形的物品，主要用于投掷或撞击。它在体育用品中以其可滚动或弹跳的特性而闻名，并且在设计上追求轻盈和耐用。相比同类产品，它可能在尺寸或重量上有所不同，以适应特定的运动需求。玩家4说：||在这个游戏中，我们需要通过分析每位玩家的描述来找出卧底。通常，平民的描述会围绕相同的词语展开，而卧底的描述可能会因为词语的不同而显得不太一致。我们需要仔细比较每个描述之间的相似性和差异性，以找出可能的卧底，注意，卧底并不会隐藏自己，他会直接描述他的词语，现在，逐一分析每个玩家的描述，注意，这局游戏的词语分类为<体育用品>，卧底词和平民词都属于该类。这是第一轮描述。
2024-12-13 11:26:48,601 - 1 - INFO - **********PLAYER1**********
作为第1号玩家，我会这样回答：

这个物品在体育用品中是一个核心元素，它的存在是为了促进特定类型的运动。它通常由多个部件组成，其中一些部件是固定的，而其他部件则允许它进行旋转或移动。这个物品的特点之一是它的表面设计，它有助于抓握和操控。在同类体育用品中，它可能在重量和尺寸上有所变化，以适应不同的运动要求。
2024-12-13 11:26:48,602 - 1 - INFO - **********JUDGER**********
你刚刚的分析是作为第1号玩家，我会这样回答：

这个物品在体育用品中是一个核心元素，它的存在是为了促进特定类型的运动。它通常由多个部件组成，其中一些部件是固定的，而其他部件则允许它进行旋转或移动。这个物品的特点之一是它的表面设计，它有助于抓握和操控。在同类体育用品中，它可能在重量和尺寸上有所变化，以适应不同的运动要求。|| `请根据上述分析，比较描述以找出不一致之处，注意，这局游戏的词语分类为<体育用品>，卧底词和平民词都属于该类。
2024-12-13 11:26:57,031 - 1 - INFO - **********PLAYER1**********
在比较四位玩家的描述时，我们可以注意到以下几点不一致之处：

1. 玩家1的描述强调了物品的核心作用和部件的组成，以及表面设计的重要性。
2. 玩家2的描述提到了物品的材质、用途、体积和重量标准，以及弹性和耐用性。
3. 玩家3的描述侧重于物品的可滚动或弹跳特性，以及追求轻盈和耐用。
4. 玩家4的描述是一个引导性的分析，没有提供具体的物品描述。

不一致之处在于：

- 玩家2和玩家3的描述都提到了物品的材质、体积或重量，而玩家1和玩家4没有。
- 玩家2特别提到了弹性和耐用性，而玩家1和玩家3没有。
- 玩家3提到了物品的可滚动或弹跳特性，这是玩家1和玩家2没有提到的。
- 玩家4的描述更像是对游戏规则和策略的分析，而不是对物品的具体描述。

基于这些不一致之处，玩家4的描述可能是基于对游戏的理解，而不是对关键词的描述。因此，玩家4可能是卧底。然而，这种分析并不绝对，因为卧底也可能故意使用引导性的描述来混淆视听。最终，需要通过投票来确定。
2024-12-13 11:26:57,042 - 1 - INFO - **********JUDGER**********
你刚刚的分析是在比较四位玩家的描述时，我们可以注意到以下几点不一致之处：

1. 玩家1的描述强调了物品的核心作用和部件的组成，以及表面设计的重要性。
2. 玩家2的描述提到了物品的材质、用途、体积和重量标准，以及弹性和耐用性。
3. 玩家3的描述侧重于物品的可滚动或弹跳特性，以及追求轻盈和耐用。
4. 玩家4的描述是一个引导性的分析，没有提供具体的物品描述。

不一致之处在于：

- 玩家2和玩家3的描述都提到了物品的材质、体积或重量，而玩家1和玩家4没有。
- 玩家2特别提到了弹性和耐用性，而玩家1和玩家3没有。
- 玩家3提到了物品的可滚动或弹跳特性，这是玩家1和玩家2没有提到的。
- 玩家4的描述更像是对游戏规则和策略的分析，而不是对物品的具体描述。

基于这些不一致之处，玩家4的描述可能是基于对游戏的理解，而不是对关键词的描述。因此，玩家4可能是卧底。然而，这种分析并不绝对，因为卧底也可能故意使用引导性的描述来混淆视听。最终，需要通过投票来确定。|| 请通过你分析的不一致之处，推断卧底身份，注意，这局游戏的词语分类为<体育用品>，卧底词和平民词都属于该类。
2024-12-13 11:27:08,429 - 1 - INFO - **********PLAYER1**********
根据上述分析，我们可以推断以下可能性：

- 玩家2和玩家3的描述都提到了物品的材质、体积或重量，而玩家1没有，这可能是由于玩家1的关键词与这些特征不太相关。
- 玩家2提到了弹性和耐用性，这可能是对某个特定材质的描述，而玩家1和玩家3没有提到这些，这可能意味着玩家1的关键词与这些特性无关。
- 玩家3提到了物品的可滚动或弹跳特性，这通常与球类或某些类型的球拍有关，而玩家1和玩家2没有提到这一点。

考虑到这些不一致之处，以及游戏分类为<体育用品>，以下是一些可能的推断：

- 如果玩家1的关键词是篮球，那么他的描述应该不会特别强调材质或体积，因为这些都是篮球的常见特征。
- 如果玩家2的关键词是足球，那么他可能会提到体积和重量标准，因为足球有明确的尺寸和重量要求。
- 如果玩家3的关键词是乒乓球拍，那么他可能会提到可滚动或弹跳特性，因为乒乓球拍需要具备一定的弹性和耐用性。

因此，基于描述的不一致性和关键词的类别，玩家2或玩家3可能是卧底。由于玩家3的描述提到了可滚动或弹跳特性，这更符合乒乓球拍的特征，而玩家2的描述涵盖了更多的体育用品特征，因此玩家3可能是卧底。然而，这只是一个基于描述的分析，最终的身份需要通过投票来确定。
2024-12-13 11:27:08,432 - 1 - INFO - **********JUDGER**********
你刚刚的推断是根据上述分析，我们可以推断以下可能性：

- 玩家2和玩家3的描述都提到了物品的材质、体积或重量，而玩家1没有，这可能是由于玩家1的关键词与这些特征不太相关。
- 玩家2提到了弹性和耐用性，这可能是对某个特定材质的描述，而玩家1和玩家3没有提到这些，这可能意味着玩家1的关键词与这些特性无关。
- 玩家3提到了物品的可滚动或弹跳特性，这通常与球类或某些类型的球拍有关，而玩家1和玩家2没有提到这一点。

考虑到这些不一致之处，以及游戏分类为<体育用品>，以下是一些可能的推断：

- 如果玩家1的关键词是篮球，那么他的描述应该不会特别强调材质或体积，因为这些都是篮球的常见特征。
- 如果玩家2的关键词是足球，那么他可能会提到体积和重量标准，因为足球有明确的尺寸和重量要求。
- 如果玩家3的关键词是乒乓球拍，那么他可能会提到可滚动或弹跳特性，因为乒乓球拍需要具备一定的弹性和耐用性。

因此，基于描述的不一致性和关键词的类别，玩家2或玩家3可能是卧底。由于玩家3的描述提到了可滚动或弹跳特性，这更符合乒乓球拍的特征，而玩家2的描述涵盖了更多的体育用品特征，因此玩家3可能是卧底。然而，这只是一个基于描述的分析，最终的身份需要通过投票来确定。|| 基于你刚刚的推断得出你的最终结论，请输出你认为的卧底，在这种情况下只需要输出编号，是1-4中的某个数字，不要输出其他信息。在这个过程不要进行任何推理，只对||以前的部分进行信息提取
2024-12-13 11:27:09,043 - 1 - INFO - **********PLAYER1**********
3
2024-12-13 11:28:41,680 - 1 - INFO - **********JUDGER**********
玩家1说：这是一个圆形、有网眼的球体，用于球类运动。它在体育用品中以其独特的设计和用途而著称，特别是在球类运动中，它的大小和材质有严格的标准。玩家2说：这是一个球体，通常由皮革或合成材料制成，用于各种球类运动。它在同类体育用品中以其特定的用途和设计而特别，尤其是在体积和重量上有着明确的标准。它的形状和材质使得它在运动中具有特定的弹性和耐用性。在同类体育用品中，它以其独特的弹性特性而突出。玩家3说：这是一个球形的物品，主要用于投掷或撞击。它在体育用品中以其可滚动或弹跳的特性而闻名，并且在设计上追求轻盈和耐用。相比同类产品，它可能在尺寸或重量上有所不同，以适应特定的运动需求。玩家4说：这是一个球形物体，通常用于投掷、滚动或撞击，具有可滚动或弹跳的特性。它在体育用品中以其特定的材质和结构而著称，尤其是在重量、尺寸和耐用性方面有着严格的标准。与其他球类相比，它可能在设计和用途上有所区别，以适应不同的运动需求。你是第1号玩家，你的关键词是<篮球>。你的回答中绝对不能包含你的关键词<篮球>。这是第二轮描述，你之前的描述是这是一种运动器材，主要用于进行篮球运动。它在体育用品中以其圆形、空心、可充气的特征而突出。在篮球类别中，它最突出的不同特征可能是其大小和材质，通常为橙色，直径约为29.5英寸。，注意，这局游戏的词语分类为<体育用品>，卧底词和平民词都属于该类，请你补充关于关键词的描述，注意，你的描述应该比起之前的描述更加贴近关键词，作为之前的补充
2024-12-13 11:28:45,453 - 1 - INFO - **********PLAYER1**********
这个物品是体育用品中的一种，它具有固定的尺寸和特定的材质，用于特定的运动。它的设计旨在提供良好的抓握感和操控性，同时保证在运动中的稳定性和耐用性。与其他类似的球体相比，它可能在重量上有细微的调整，以适应不同运动项目的需求。
2024-12-13 11:28:54,522 - 1 - INFO - **********JUDGER**********
玩家1说：这是一个圆形、有网眼的球体，用于球类运动。它在体育用品中以其独特的设计和用途而著称，特别是在球类运动中，它的大小和材质有严格的标准。这个物品是体育用品中的一种，它具有固定的尺寸和特定的材质，用于特定的运动。它的设计旨在提供良好的抓握感和操控性，同时保证在运动中的稳定性和耐用性。与其他类似的球体相比，它可能在重量上有细微的调整，以适应不同运动项目的需求。玩家2说：这是一个球体，通常由皮革或合成材料制成，用于各种球类运动。它在同类体育用品中以其特定的用途和设计而特别，尤其是在体积和重量上有着明确的标准。它的形状和材质使得它在运动中具有特定的弹性和耐用性。在同类体育用品中，它以其独特的弹性特性而突出。这个球体是专为特定的球类运动设计的，它的材质和尺寸都经过精心考量，以确保在运动中的表现和耐用性。它在同类体育用品中以其独特的结构而闻名，这种结构使得球体在滚动和撞击时表现出卓越的性能。与其他球体相比，它在重量和尺寸上的调整更为精细，以适应特定运动的需求，同时保持良好的操控性和稳定性。这个球体在体育用品中是一个特别的例子，因为它的设计不仅考虑了功能性，还考虑了美观和耐用性。玩家3说：这是一个球形的物品，主要用于投掷或撞击。它在体育用品中以其可滚动或弹跳的特性而闻名，并且在设计上追求轻盈和耐用。相比同类产品，它可能在尺寸或重量上有所不同，以适应特定的运动需求。这个球体在体育用品中以其圆形特征而著称，它的设计注重于提供良好的抓握感和操控性。它的材质通常是坚固且耐用的，以确保在运动中的稳定性和耐用性。与其他球体相比，它可能在重量上有细微的调整，以适应不同运动项目的需求。这个球体在体育用品中是一个特别的例子，因为它的设计不仅考虑了功能性，还考虑了美观和耐用性。玩家4说：这是一个球形物体，通常用于投掷、滚动或撞击，具有可滚动或弹跳的特性。它在体育用品中以其特定的材质和结构而著称，尤其是在重量、尺寸和耐用性方面有着严格的标准。与其他球类相比，它可能在设计和用途上有所区别，以适应不同的运动需求。||在这个游戏中，我们需要通过分析每位玩家的描述来找出卧底。通常，平民的描述会围绕相同的词语展开，而卧底的描述可能会因为词语的不同而显得不太一致。我们需要仔细比较每个描述之间的相似性和差异性，以找出可能的卧底，注意，卧底并不会隐藏自己，他会直接描述他的词语，现在，逐一分析每个玩家的描述，注意，这局游戏的词语分类为<体育用品>，卧底词和平民词都属于该类。||之前是第2轮描述和之前轮数描述的合集。你之前认为的卧底是玩家3。
2024-12-13 11:28:55,209 - 1 - INFO - **********PLAYER1**********
3
2024-12-13 11:28:55,210 - 1 - INFO - **********JUDGER**********
你刚刚的分析是3|| `请根据上述分析，比较描述以找出不一致之处，注意，这局游戏的词语分类为<体育用品>，卧底词和平民词都属于该类。
2024-12-13 11:29:08,449 - 1 - INFO - **********PLAYER1**********
在比较四位玩家的描述时，以下是一致性和不一致之处的分析：

一致之处：
- 所有玩家的描述都提到了球体、球类运动、特定尺寸、材质、重量和耐用性等特征，这表明他们可能都在描述同一类体育用品。

不一致之处：
- 玩家1的描述中提到了“网眼”，这并不是所有球类体育用品的共同特征。
- 玩家2的描述中特别强调了球的“弹性特性”和“独特的结构”，这并不是所有球类体育用品都会有的特性。
- 玩家3的描述中提到了球体“主要用于投掷或撞击”，这并不是所有球类体育用品的通用特性，但与某些球类（如篮球）更为相关。
- 玩家4的描述中提到了球体的“重量、尺寸和耐用性方面有着严格的标准”，这与其他玩家的描述相似，但并没有特别强调其他玩家没有提到的特性。

基于以上分析，玩家1和玩家2的描述中包含了一些可能不是所有球类体育用品都共有的特征，而玩家3的描述虽然提到了投掷或撞击，但这一特性在篮球等球类运动中是常见的。玩家4的描述则相对综合，没有特别突出的特征。因此，玩家1和玩家2的描述可能存在不一致之处，需要进一步观察其他玩家的描述和投票结果来确定卧底身份。
2024-12-13 11:29:08,453 - 1 - INFO - **********JUDGER**********
你刚刚的分析是在比较四位玩家的描述时，以下是一致性和不一致之处的分析：

一致之处：
- 所有玩家的描述都提到了球体、球类运动、特定尺寸、材质、重量和耐用性等特征，这表明他们可能都在描述同一类体育用品。

不一致之处：
- 玩家1的描述中提到了“网眼”，这并不是所有球类体育用品的共同特征。
- 玩家2的描述中特别强调了球的“弹性特性”和“独特的结构”，这并不是所有球类体育用品都会有的特性。
- 玩家3的描述中提到了球体“主要用于投掷或撞击”，这并不是所有球类体育用品的通用特性，但与某些球类（如篮球）更为相关。
- 玩家4的描述中提到了球体的“重量、尺寸和耐用性方面有着严格的标准”，这与其他玩家的描述相似，但并没有特别强调其他玩家没有提到的特性。

基于以上分析，玩家1和玩家2的描述中包含了一些可能不是所有球类体育用品都共有的特征，而玩家3的描述虽然提到了投掷或撞击，但这一特性在篮球等球类运动中是常见的。玩家4的描述则相对综合，没有特别突出的特征。因此，玩家1和玩家2的描述可能存在不一致之处，需要进一步观察其他玩家的描述和投票结果来确定卧底身份。|| 请通过你分析的不一致之处，推断卧底身份，注意，这局游戏的词语分类为<体育用品>，卧底词和平民词都属于该类。
2024-12-13 11:29:12,870 - 1 - INFO - **********PLAYER1**********
基于上述分析，玩家1和玩家2的描述中包含了一些可能不是所有球类体育用品都共有的特征，这可能导致他们与玩家3和玩家4的描述不一致。玩家3和玩家4的描述相对更加通用，没有特别突出的特性，这可能与篮球这一特定体育用品的特征不完全吻合。

因此，考虑到这些不一致之处，玩家1或玩家2可能是卧底，因为他们描述的特征可能更偏向于某种特定的球类，而不是所有球类体育用品的普遍特征。然而，没有足够的信息来确定是玩家1还是玩家2是卧底，除非有更多的描述或投票结果来进一步缩小范围。

在这种情况下，我会选择玩家1或玩家2中的一个作为可能的卧底。为了简化选择，我会随机选择一个编号：

1 或 2
2024-12-13 11:29:12,871 - 1 - INFO - **********JUDGER**********
你刚刚的推断是基于上述分析，玩家1和玩家2的描述中包含了一些可能不是所有球类体育用品都共有的特征，这可能导致他们与玩家3和玩家4的描述不一致。玩家3和玩家4的描述相对更加通用，没有特别突出的特性，这可能与篮球这一特定体育用品的特征不完全吻合。

因此，考虑到这些不一致之处，玩家1或玩家2可能是卧底，因为他们描述的特征可能更偏向于某种特定的球类，而不是所有球类体育用品的普遍特征。然而，没有足够的信息来确定是玩家1还是玩家2是卧底，除非有更多的描述或投票结果来进一步缩小范围。

在这种情况下，我会选择玩家1或玩家2中的一个作为可能的卧底。为了简化选择，我会随机选择一个编号：

1 或 2|| 基于你刚刚的推断得出你的最终结论，请输出你认为的卧底，在这种情况下只需要输出编号，是1-4中的某个数字，不要输出其他信息。在这个过程不要进行任何推理，只对||以前的部分进行信息提取
2024-12-13 11:29:13,542 - 1 - INFO - **********PLAYER1**********
1
2024-12-13 11:30:42,277 - 1 - INFO - **********JUDGER**********
玩家1说：这是一个圆形、有网眼的球体，用于球类运动。它在体育用品中以其独特的设计和用途而著称，特别是在球类运动中，它的大小和材质有严格的标准。这个物品是体育用品中的一种，它具有固定的尺寸和特定的材质，用于特定的运动。它的设计旨在提供良好的抓握感和操控性，同时保证在运动中的稳定性和耐用性。与其他类似的球体相比，它可能在重量上有细微的调整，以适应不同运动项目的需求。玩家2说：这是一个球体，通常由皮革或合成材料制成，用于各种球类运动。它在同类体育用品中以其特定的用途和设计而特别，尤其是在体积和重量上有着明确的标准。它的形状和材质使得它在运动中具有特定的弹性和耐用性。在同类体育用品中，它以其独特的弹性特性而突出。这个球体是专为特定的球类运动设计的，它的材质和尺寸都经过精心考量，以确保在运动中的表现和耐用性。它在同类体育用品中以其独特的结构而闻名，这种结构使得球体在滚动和撞击时表现出卓越的性能。与其他球体相比，它在重量和尺寸上的调整更为精细，以适应特定运动的需求，同时保持良好的操控性和稳定性。这个球体在体育用品中是一个特别的例子，因为它的设计不仅考虑了功能性，还考虑了美观和耐用性。玩家3说：这是一个球形的物品，主要用于投掷或撞击。它在体育用品中以其可滚动或弹跳的特性而闻名，并且在设计上追求轻盈和耐用。相比同类产品，它可能在尺寸或重量上有所不同，以适应特定的运动需求。这个球体在体育用品中以其圆形特征而著称，它的设计注重于提供良好的抓握感和操控性。它的材质通常是坚固且耐用的，以确保在运动中的稳定性和耐用性。与其他球体相比，它可能在重量上有细微的调整，以适应不同运动项目的需求。这个球体在体育用品中是一个特别的例子，因为它的设计不仅考虑了功能性，还考虑了美观和耐用性。玩家4说：这是一个球形物体，通常用于投掷、滚动或撞击，具有可滚动或弹跳的特性。它在体育用品中以其特定的材质和结构而著称，尤其是在重量、尺寸和耐用性方面有着严格的标准。与其他球类相比，它可能在设计和用途上有所区别，以适应不同的运动需求。这个球体在体育用品中以其独特的制造工艺和外观设计而著称，它的表面纹理和颜色使得球体在视觉上更具辨识度。在同类球体中，它因其特定的重量和尺寸比例而特别，这些特点有助于提高球在运动中的飞行轨迹和稳定性。此外，它的设计考虑到了运动员的手感和球在空气中的阻力，使得球体在运动中的操控性更加出色。你是第1号玩家，你的关键词是<篮球>。你的回答中绝对不能包含你的关键词<篮球>。这是第三轮描述，你之前的描述是这是一种运动器材，主要用于进行篮球运动。它在体育用品中以其圆形、空心、可充气的特征而突出。在篮球类别中，它最突出的不同特征可能是其大小和材质，通常为橙色，直径约为29.5英寸。和这是一个圆形、有网眼的球体，用于球类运动。它在体育用品中以其独特的设计和用途而著称，特别是在球类运动中，它的大小和材质有严格的标准。，注意，这局游戏的词语分类为<体育用品>，卧底词和平民词都属于该类，请你补充关于关键词的描述，注意，你的描述应该比起之前的描述更加贴近关键词，作为之前的补充
2024-12-13 11:30:46,284 - 1 - INFO - **********PLAYER1**********
这个物品在体育用品中以其明确的尺寸和形状而知名，它是由耐用材料制成，通常用于特定的运动项目。它的设计注重于提供良好的抓握感和操控性，同时确保在运动中的稳定性和耐用性。这个物品可能在重量上有细微的调整，以适应不同运动项目的需求，并且它通常具有一致的表面纹理，有助于在运动中提高球的飞行轨迹和稳定性。
2024-12-13 11:31:04,082 - 1 - INFO - **********JUDGER**********
玩家1说：这是一个圆形、有网眼的球体，用于球类运动。它在体育用品中以其独特的设计和用途而著称，特别是在球类运动中，它的大小和材质有严格的标准。这个物品是体育用品中的一种，它具有固定的尺寸和特定的材质，用于特定的运动。它的设计旨在提供良好的抓握感和操控性，同时保证在运动中的稳定性和耐用性。与其他类似的球体相比，它可能在重量上有细微的调整，以适应不同运动项目的需求。这个物品在体育用品中以其明确的尺寸和形状而知名，它是由耐用材料制成，通常用于特定的运动项目。它的设计注重于提供良好的抓握感和操控性，同时确保在运动中的稳定性和耐用性。这个物品可能在重量上有细微的调整，以适应不同运动项目的需求，并且它通常具有一致的表面纹理，有助于在运动中提高球的飞行轨迹和稳定性。玩家2说：这是一个球体，通常由皮革或合成材料制成，用于各种球类运动。它在同类体育用品中以其特定的用途和设计而特别，尤其是在体积和重量上有着明确的标准。它的形状和材质使得它在运动中具有特定的弹性和耐用性。在同类体育用品中，它以其独特的弹性特性而突出。这个球体是专为特定的球类运动设计的，它的材质和尺寸都经过精心考量，以确保在运动中的表现和耐用性。它在同类体育用品中以其独特的结构而闻名，这种结构使得球体在滚动和撞击时表现出卓越的性能。与其他球体相比，它在重量和尺寸上的调整更为精细，以适应特定运动的需求，同时保持良好的操控性和稳定性。这个球体在体育用品中是一个特别的例子，因为它的设计不仅考虑了功能性，还考虑了美观和耐用性。这个球体在体育用品中以其特定的尺寸和重量标准而著称，这些标准是为了适应特定运动项目的需求而精心设定的。它的表面具有独特的纹理，旨在增加摩擦力，提高球在运动中的操控性。这个球体的设计注重于在投掷和撞击时的稳定性，同时确保了它在运动中的耐用性。与其他球体相比，它在重量和尺寸上的细微调整是为了优化球在空中的飞行轨迹和落地后的反弹效果。这个球体在同类体育用品中以其精确的制造工艺和耐用的材质而受到推崇。玩家3说：这是一个球形的物品，主要用于投掷或撞击。它在体育用品中以其可滚动或弹跳的特性而闻名，并且在设计上追求轻盈和耐用。相比同类产品，它可能在尺寸或重量上有所不同，以适应特定的运动需求。这个球体在体育用品中以其圆形特征而著称，它的设计注重于提供良好的抓握感和操控性。它的材质通常是坚固且耐用的，以确保在运动中的稳定性和耐用性。与其他球体相比，它可能在重量上有细微的调整，以适应不同运动项目的需求。这个球体在体育用品中是一个特别的例子，因为它的设计不仅考虑了功能性，还考虑了美观和耐用性。这个球体在体育用品中以其特定的尺寸和重量比例而著称，它通常由多个同心圆组成的结构设计，使得球体在投掷和滚动时具有独特的平衡感。它的表面纹理设计有助于增加摩擦力，提高球在运动中的操控性。此外，这个球体的设计注重于在高速运动中的稳定性和耐用性，以确保在激烈的比赛中不会轻易损坏。在同类球体中，它因其精确的制造工艺和耐用的材质而受到推崇，这些特点使得它在运动中的表现尤为出色。玩家4说：这是一个球形物体，通常用于投掷、滚动或撞击，具有可滚动或弹跳的特性。它在体育用品中以其特定的材质和结构而著称，尤其是在重量、尺寸和耐用性方面有着严格的标准。与其他球类相比，它可能在设计和用途上有所区别，以适应不同的运动需求。这个球体在体育用品中以其独特的制造工艺和外观设计而著称，它的表面纹理和颜色使得球体在视觉上更具辨识度。在同类球体中，它因其特定的重量和尺寸比例而特别，这些特点有助于提高球在运动中的飞行轨迹和稳定性。此外，它的设计考虑到了运动员的手感和球在空气中的阻力，使得球体在运动中的操控性更加出色。这个球体在体育用品中以其明确的尺寸和重量标准而著称，这些标准是为了确保球体在特定运动中的性能。它的表面具有独特的凹凸纹理，旨在增加摩擦力，从而提高球在运动中的操控性和稳定性。这个球体在设计和制造上注重细节，以确保其在高速运动中的耐用性和耐久性。此外，它的设计考虑了球在空气中的阻力，使得球体在飞行时能够保持良好的轨迹和稳定性。||在这个游戏中，我们需要通过分析每位玩家的描述来找出卧底。通常，平民的描述会围绕相同的词语展开，而卧底的描述可能会因为词语的不同而显得不太一致。我们需要仔细比较每个描述之间的相似性和差异性，以找出可能的卧底，注意，卧底并不会隐藏自己，他会直接描述他的词语，现在，逐一分析每个玩家的描述，注意，这局游戏的词语分类为<体育用品>，卧底词和平民词都属于该类。||之前是第3轮描述和之前轮数描述的合集。你之前认为的卧底是玩家1。
2024-12-13 11:31:05,144 - 1 - INFO - **********PLAYER1**********
1
2024-12-13 11:31:05,145 - 1 - INFO - **********JUDGER**********
你刚刚的分析是1|| `请根据上述分析，比较描述以找出不一致之处，注意，这局游戏的词语分类为<体育用品>，卧底词和平民词都属于该类。
2024-12-13 11:31:15,121 - 1 - INFO - **********PLAYER1**********
在比较四位玩家的描述时，以下是一致性和不一致之处的分析：

一致之处：
- 所有玩家的描述都提到了球体、体育用品、尺寸、重量、耐用性、材质和操控性等特征，这表明他们可能都在描述同一类体育用品。

不一致之处：
- 玩家1的描述中提到了“网眼”，这并不是所有球类体育用品的共同特征，而其他玩家没有提到这一点。
- 玩家2的描述中特别强调了球的“独特的弹性特性”和“独特的结构”，这些特性并没有在玩家1和玩家4的描述中出现。
- 玩家3的描述中提到了球体的“可滚动或弹跳的特性”和“特定的尺寸和重量比例”，这些特征在其他玩家的描述中没有明确提及。
- 玩家4的描述中提到了球体的“独特的制造工艺和外观设计”以及“特定的重量和尺寸比例”，这些也是玩家1和玩家2没有特别强调的点。

基于以上分析，玩家1、玩家2和玩家3的描述中都包含了一些可能不是所有球类体育用品都共有的特征，而玩家4的描述相对更加综合，没有特别突出的特性。因此，玩家1、玩家2或玩家3可能是卧底，因为他们描述的特征可能更偏向于某种特定的球类，而不是所有球类体育用品的普遍特征。
2024-12-13 11:31:15,124 - 1 - INFO - **********JUDGER**********
你刚刚的分析是在比较四位玩家的描述时，以下是一致性和不一致之处的分析：

一致之处：
- 所有玩家的描述都提到了球体、体育用品、尺寸、重量、耐用性、材质和操控性等特征，这表明他们可能都在描述同一类体育用品。

不一致之处：
- 玩家1的描述中提到了“网眼”，这并不是所有球类体育用品的共同特征，而其他玩家没有提到这一点。
- 玩家2的描述中特别强调了球的“独特的弹性特性”和“独特的结构”，这些特性并没有在玩家1和玩家4的描述中出现。
- 玩家3的描述中提到了球体的“可滚动或弹跳的特性”和“特定的尺寸和重量比例”，这些特征在其他玩家的描述中没有明确提及。
- 玩家4的描述中提到了球体的“独特的制造工艺和外观设计”以及“特定的重量和尺寸比例”，这些也是玩家1和玩家2没有特别强调的点。

基于以上分析，玩家1、玩家2和玩家3的描述中都包含了一些可能不是所有球类体育用品都共有的特征，而玩家4的描述相对更加综合，没有特别突出的特性。因此，玩家1、玩家2或玩家3可能是卧底，因为他们描述的特征可能更偏向于某种特定的球类，而不是所有球类体育用品的普遍特征。|| 请通过你分析的不一致之处，推断卧底身份，注意，这局游戏的词语分类为<体育用品>，卧底词和平民词都属于该类。
2024-12-13 11:31:16,114 - 1 - INFO - **********PLAYER1**********
3
2024-12-13 11:31:16,115 - 1 - INFO - **********JUDGER**********
你刚刚的推断是3|| 基于你刚刚的推断得出你的最终结论，请输出你认为的卧底，在这种情况下只需要输出编号，是1-4中的某个数字，不要输出其他信息。在这个过程不要进行任何推理，只对||以前的部分进行信息提取
2024-12-13 11:31:17,473 - 1 - INFO - **********PLAYER1**********
3
