2024-12-13 11:26:29,780 - 2 - INFO - **********JUDGER**********
让我们来玩一个叫做<谁是卧底>的推理游戏。基本规则：<人数>：4人。<角色分配>：每位玩家随机抽取一个词语，3名玩家拿到的词语是相同的（平民词），1名玩家拿到与之相近但不同的词语（卧底词）。<游戏流程>：1、玩家轮流描述自己的词语，但<不能>直接说出词语本身。2、描述完毕后，投票选出最像卧底的玩家。3、每轮结束后，被投票选出的玩家出局，不能再进行描述或投票。4、每轮投票结束后，如果卧底被成功找出，平民方获胜；如果卧底未被找出且卧底人数等于或超过平民人数，则卧底方获胜。你将扮演一个<玩家>，请等待你被分配到的关键词。如果你听懂了，只回答，"好的，我准备好参加游戏了"，不要输出别的信息
2024-12-13 11:26:30,145 - 2 - INFO - **********PLAYER2**********
好的，我准备好参加游戏了
2024-12-13 11:26:35,992 - 2 - INFO - **********JUDGER**********
玩家1说：这是一个圆形、有网眼的球体，用于球类运动。它在体育用品中以其独特的设计和用途而著称，特别是在球类运动中，它的大小和材质有严格的标准。玩家2说：玩家3说：玩家4说：|| 你是第2号玩家，你的关键词是<排球>。你的回答中绝对不能包含你的关键词<排球>。这是第一轮描述，不需要分析||之前别的玩家的描述，请你描述关键词基本特征，注意，这局游戏的词语分类为<体育用品>，卧底词和平民词都属于该类，描述包括以下两点，1.他的基本特征是什么2.他在该类（体育用品）中最突出不同的特征是什么，尽量简短
2024-12-13 11:26:42,301 - 2 - INFO - **********PLAYER2**********
这是一个球体，通常由皮革或合成材料制成，用于各种球类运动。它在同类体育用品中以其特定的用途和设计而特别，尤其是在体积和重量上有着明确的标准。它的形状和材质使得它在运动中具有特定的弹性和耐用性。在同类体育用品中，它以其独特的弹性特性而突出。
2024-12-13 11:27:09,044 - 2 - INFO - **********JUDGER**********
玩家1说：这是一个圆形、有网眼的球体，用于球类运动。它在体育用品中以其独特的设计和用途而著称，特别是在球类运动中，它的大小和材质有严格的标准。玩家2说：这是一个球体，通常由皮革或合成材料制成，用于各种球类运动。它在同类体育用品中以其特定的用途和设计而特别，尤其是在体积和重量上有着明确的标准。它的形状和材质使得它在运动中具有特定的弹性和耐用性。在同类体育用品中，它以其独特的弹性特性而突出。玩家3说：这是一个球形的物品，主要用于投掷或撞击。它在体育用品中以其可滚动或弹跳的特性而闻名，并且在设计上追求轻盈和耐用。相比同类产品，它可能在尺寸或重量上有所不同，以适应特定的运动需求。玩家4说：||在这个游戏中，我们需要通过分析每位玩家的描述来找出卧底。通常，平民的描述会围绕相同的词语展开，而卧底的描述可能会因为词语的不同而显得不太一致。我们需要仔细比较每个描述之间的相似性和差异性，以找出可能的卧底，注意，卧底并不会隐藏自己，他会直接描述他的词语，现在，逐一分析每个玩家的描述，注意，这局游戏的词语分类为<体育用品>，卧底词和平民词都属于该类。这是第一轮描述。
2024-12-13 11:27:14,371 - 2 - INFO - **********PLAYER2**********
好的，根据玩家1、玩家2和玩家3的描述，我们可以看出他们都在描述一个球体，用于球类运动，由皮革或合成材料制成，具有特定的体积和重量标准，以及弹性和耐用性。这些描述都指向了足球或篮球这样的球类。

玩家4的描述则提到了球形的物品，主要用于投掷或撞击，具有可滚动或弹跳的特性，追求轻盈和耐用，可能在尺寸或重量上有所不同以适应特定运动需求。这个描述与足球或篮球的描述有所不同，因为它没有提到网眼和体积重量标准，而是强调了尺寸和重量的变化。

基于这些信息，玩家4的描述可能更加符合排球的特征，因为排球是一个球形的体育用品，主要用于投掷和撞击，而且它的尺寸和重量与其他球类有所不同，以适应排球运动的特点。因此，玩家4可能是卧底。
2024-12-13 11:27:14,372 - 2 - INFO - **********JUDGER**********
你刚刚的分析是好的，根据玩家1、玩家2和玩家3的描述，我们可以看出他们都在描述一个球体，用于球类运动，由皮革或合成材料制成，具有特定的体积和重量标准，以及弹性和耐用性。这些描述都指向了足球或篮球这样的球类。

玩家4的描述则提到了球形的物品，主要用于投掷或撞击，具有可滚动或弹跳的特性，追求轻盈和耐用，可能在尺寸或重量上有所不同以适应特定运动需求。这个描述与足球或篮球的描述有所不同，因为它没有提到网眼和体积重量标准，而是强调了尺寸和重量的变化。

基于这些信息，玩家4的描述可能更加符合排球的特征，因为排球是一个球形的体育用品，主要用于投掷和撞击，而且它的尺寸和重量与其他球类有所不同，以适应排球运动的特点。因此，玩家4可能是卧底。|| `请根据上述分析，比较描述以找出不一致之处，注意，这局游戏的词语分类为<体育用品>，卧底词和平民词都属于该类。
2024-12-13 11:27:27,320 - 2 - INFO - **********PLAYER2**********
根据上述分析，我们可以比较描述中的一致性和不一致之处：

一致性：
- 所有玩家都描述了一个球体。
- 所有玩家都提到了球体用于球类运动。
- 所有玩家都提到了球体由皮革或合成材料制成。
- 所有玩家都提到了球体具有特定的体积和重量标准。
- 所有玩家都提到了球体在运动中具有弹性和耐用性。

不一致之处：
- 玩家1和玩家2的描述中提到了球体具有网眼，而玩家3和玩家4的描述中没有提到这一点。
- 玩家3和玩家4的描述中提到了球体可能在尺寸或重量上有所不同，以适应特定运动需求，而玩家1和玩家2没有明确提到这一点。
- 玩家4的描述中特别强调了球体的可滚动或弹跳特性，而玩家1、玩家2和玩家3没有提到这一点。

基于这些不一致之处，我们可以推测玩家4的描述可能更接近于排球，因为排球是一个球体，用于投掷和撞击，并且有特定的尺寸和重量标准，但与其他球类不同，它没有网眼，并且可能在尺寸或重量上有所不同。因此，玩家4的描述与足球或篮球的描述不一致，这可能是寻找卧底的关键线索。
2024-12-13 11:27:27,322 - 2 - INFO - **********JUDGER**********
你刚刚的分析是根据上述分析，我们可以比较描述中的一致性和不一致之处：

一致性：
- 所有玩家都描述了一个球体。
- 所有玩家都提到了球体用于球类运动。
- 所有玩家都提到了球体由皮革或合成材料制成。
- 所有玩家都提到了球体具有特定的体积和重量标准。
- 所有玩家都提到了球体在运动中具有弹性和耐用性。

不一致之处：
- 玩家1和玩家2的描述中提到了球体具有网眼，而玩家3和玩家4的描述中没有提到这一点。
- 玩家3和玩家4的描述中提到了球体可能在尺寸或重量上有所不同，以适应特定运动需求，而玩家1和玩家2没有明确提到这一点。
- 玩家4的描述中特别强调了球体的可滚动或弹跳特性，而玩家1、玩家2和玩家3没有提到这一点。

基于这些不一致之处，我们可以推测玩家4的描述可能更接近于排球，因为排球是一个球体，用于投掷和撞击，并且有特定的尺寸和重量标准，但与其他球类不同，它没有网眼，并且可能在尺寸或重量上有所不同。因此，玩家4的描述与足球或篮球的描述不一致，这可能是寻找卧底的关键线索。|| 请通过你分析的不一致之处，推断卧底身份，注意，这局游戏的词语分类为<体育用品>，卧底词和平民词都属于该类。
2024-12-13 11:27:36,960 - 2 - INFO - **********PLAYER2**********
根据分析中提到的不一致之处，我们可以推断以下信息：

1. 玩家1和玩家2的描述中提到了球体具有网眼，而玩家3和玩家4的描述中没有提到这一点。这表明网眼可能是区分关键词的一个关键特征。

2. 玩家3和玩家4的描述中提到了球体可能在尺寸或重量上有所不同，以适应特定运动需求，而玩家1和玩家2没有明确提到这一点。这表明尺寸和重量的变化可能是另一个区分特征。

3. 玩家4的描述中特别强调了球体的可滚动或弹跳特性，而玩家1、玩家2和玩家3没有提到这一点。这进一步支持了玩家4的描述可能与排球更接近。

结合这些信息，我们可以推断：

- 玩家1和玩家2可能是平民，因为他们提到的特征与足球或篮球相符合，这些球类通常有网眼，并且尺寸和重量标准明确。
- 玩家3和玩家4的描述中提到的尺寸和重量的变化以及可滚动或弹跳的特性更符合排球的特征，因为排球与足球或篮球在尺寸和重量上有显著的不同，并且排球在运动中是可滚动的。

因此，基于这些分析，玩家4很可能是卧底，因为他们的描述与排球的特征更为吻合，而排球是这个分类（体育用品）中与足球或篮球最不相同的球类。
2024-12-13 11:27:36,962 - 2 - INFO - **********JUDGER**********
你刚刚的推断是根据分析中提到的不一致之处，我们可以推断以下信息：

1. 玩家1和玩家2的描述中提到了球体具有网眼，而玩家3和玩家4的描述中没有提到这一点。这表明网眼可能是区分关键词的一个关键特征。

2. 玩家3和玩家4的描述中提到了球体可能在尺寸或重量上有所不同，以适应特定运动需求，而玩家1和玩家2没有明确提到这一点。这表明尺寸和重量的变化可能是另一个区分特征。

3. 玩家4的描述中特别强调了球体的可滚动或弹跳特性，而玩家1、玩家2和玩家3没有提到这一点。这进一步支持了玩家4的描述可能与排球更接近。

结合这些信息，我们可以推断：

- 玩家1和玩家2可能是平民，因为他们提到的特征与足球或篮球相符合，这些球类通常有网眼，并且尺寸和重量标准明确。
- 玩家3和玩家4的描述中提到的尺寸和重量的变化以及可滚动或弹跳的特性更符合排球的特征，因为排球与足球或篮球在尺寸和重量上有显著的不同，并且排球在运动中是可滚动的。

因此，基于这些分析，玩家4很可能是卧底，因为他们的描述与排球的特征更为吻合，而排球是这个分类（体育用品）中与足球或篮球最不相同的球类。|| 基于你刚刚的推断得出你的最终结论，请输出你认为的卧底，在这种情况下只需要输出编号，是1-4中的某个数字，不要输出其他信息。在这个过程不要进行任何推理，只对||以前的部分进行信息提取
2024-12-13 11:27:37,804 - 2 - INFO - **********PLAYER2**********
4
2024-12-13 11:28:45,454 - 2 - INFO - **********JUDGER**********
玩家1说：这是一个圆形、有网眼的球体，用于球类运动。它在体育用品中以其独特的设计和用途而著称，特别是在球类运动中，它的大小和材质有严格的标准。这个物品是体育用品中的一种，它具有固定的尺寸和特定的材质，用于特定的运动。它的设计旨在提供良好的抓握感和操控性，同时保证在运动中的稳定性和耐用性。与其他类似的球体相比，它可能在重量上有细微的调整，以适应不同运动项目的需求。玩家2说：这是一个球体，通常由皮革或合成材料制成，用于各种球类运动。它在同类体育用品中以其特定的用途和设计而特别，尤其是在体积和重量上有着明确的标准。它的形状和材质使得它在运动中具有特定的弹性和耐用性。在同类体育用品中，它以其独特的弹性特性而突出。玩家3说：这是一个球形的物品，主要用于投掷或撞击。它在体育用品中以其可滚动或弹跳的特性而闻名，并且在设计上追求轻盈和耐用。相比同类产品，它可能在尺寸或重量上有所不同，以适应特定的运动需求。玩家4说：这是一个球形物体，通常用于投掷、滚动或撞击，具有可滚动或弹跳的特性。它在体育用品中以其特定的材质和结构而著称，尤其是在重量、尺寸和耐用性方面有着严格的标准。与其他球类相比，它可能在设计和用途上有所区别，以适应不同的运动需求。你是第2号玩家，你的关键词是<排球>。你的回答中绝对不能包含你的关键词<排球>。这是第二轮描述，你之前的描述是这是一个球体，通常由皮革或合成材料制成，用于各种球类运动。它在同类体育用品中以其特定的用途和设计而特别，尤其是在体积和重量上有着明确的标准。它的形状和材质使得它在运动中具有特定的弹性和耐用性。在同类体育用品中，它以其独特的弹性特性而突出。，注意，这局游戏的词语分类为<体育用品>，卧底词和平民词都属于该类，请你补充关于关键词的描述，注意，你的描述应该比起之前的描述更加贴近关键词，作为之前的补充
2024-12-13 11:28:48,799 - 2 - INFO - **********PLAYER2**********
这个球体是专为特定的球类运动设计的，它的材质和尺寸都经过精心考量，以确保在运动中的表现和耐用性。它在同类体育用品中以其独特的结构而闻名，这种结构使得球体在滚动和撞击时表现出卓越的性能。与其他球体相比，它在重量和尺寸上的调整更为精细，以适应特定运动的需求，同时保持良好的操控性和稳定性。这个球体在体育用品中是一个特别的例子，因为它的设计不仅考虑了功能性，还考虑了美观和耐用性。
2024-12-13 11:29:13,544 - 2 - INFO - **********JUDGER**********
玩家1说：这是一个圆形、有网眼的球体，用于球类运动。它在体育用品中以其独特的设计和用途而著称，特别是在球类运动中，它的大小和材质有严格的标准。这个物品是体育用品中的一种，它具有固定的尺寸和特定的材质，用于特定的运动。它的设计旨在提供良好的抓握感和操控性，同时保证在运动中的稳定性和耐用性。与其他类似的球体相比，它可能在重量上有细微的调整，以适应不同运动项目的需求。玩家2说：这是一个球体，通常由皮革或合成材料制成，用于各种球类运动。它在同类体育用品中以其特定的用途和设计而特别，尤其是在体积和重量上有着明确的标准。它的形状和材质使得它在运动中具有特定的弹性和耐用性。在同类体育用品中，它以其独特的弹性特性而突出。这个球体是专为特定的球类运动设计的，它的材质和尺寸都经过精心考量，以确保在运动中的表现和耐用性。它在同类体育用品中以其独特的结构而闻名，这种结构使得球体在滚动和撞击时表现出卓越的性能。与其他球体相比，它在重量和尺寸上的调整更为精细，以适应特定运动的需求，同时保持良好的操控性和稳定性。这个球体在体育用品中是一个特别的例子，因为它的设计不仅考虑了功能性，还考虑了美观和耐用性。玩家3说：这是一个球形的物品，主要用于投掷或撞击。它在体育用品中以其可滚动或弹跳的特性而闻名，并且在设计上追求轻盈和耐用。相比同类产品，它可能在尺寸或重量上有所不同，以适应特定的运动需求。这个球体在体育用品中以其圆形特征而著称，它的设计注重于提供良好的抓握感和操控性。它的材质通常是坚固且耐用的，以确保在运动中的稳定性和耐用性。与其他球体相比，它可能在重量上有细微的调整，以适应不同运动项目的需求。这个球体在体育用品中是一个特别的例子，因为它的设计不仅考虑了功能性，还考虑了美观和耐用性。玩家4说：这是一个球形物体，通常用于投掷、滚动或撞击，具有可滚动或弹跳的特性。它在体育用品中以其特定的材质和结构而著称，尤其是在重量、尺寸和耐用性方面有着严格的标准。与其他球类相比，它可能在设计和用途上有所区别，以适应不同的运动需求。||在这个游戏中，我们需要通过分析每位玩家的描述来找出卧底。通常，平民的描述会围绕相同的词语展开，而卧底的描述可能会因为词语的不同而显得不太一致。我们需要仔细比较每个描述之间的相似性和差异性，以找出可能的卧底，注意，卧底并不会隐藏自己，他会直接描述他的词语，现在，逐一分析每个玩家的描述，注意，这局游戏的词语分类为<体育用品>，卧底词和平民词都属于该类。||之前是第2轮描述和之前轮数描述的合集。你之前认为的卧底是玩家4。
2024-12-13 11:29:23,129 - 2 - INFO - **********PLAYER2**********
根据玩家1、玩家2、玩家3和玩家4的描述，以及之前的分析，我们可以进行以下逐一分析：

- 玩家1的描述中提到了球体具有网眼，固定尺寸和特定材质，以及良好的抓握感和操控性，这些特征与篮球或足球相符合。
- 玩家2的描述与玩家1相似，强调了球体的特定用途、设计和体积重量标准，以及弹性特性，这也是篮球或足球的特点。
- 玩家3的描述中提到了球体的可滚动或弹跳特性，以及轻盈和耐用，这些特征与篮球或足球不太一致，但也没有明确指向排球。
- 玩家4的描述中提到了球体的特定材质和结构，重量、尺寸和耐用性标准，以及设计与用途的区别，这些描述与排球的特征更为吻合。

由于玩家4的描述与排球的特征更为贴近，而且之前分析中提到玩家4的描述与足球或篮球的描述不一致，因此玩家4仍然是最可能的卧底候选人。

综上所述，基于当前的描述和分析，玩家4依然是卧底。
2024-12-13 11:29:23,130 - 2 - INFO - **********JUDGER**********
你刚刚的分析是根据玩家1、玩家2、玩家3和玩家4的描述，以及之前的分析，我们可以进行以下逐一分析：

- 玩家1的描述中提到了球体具有网眼，固定尺寸和特定材质，以及良好的抓握感和操控性，这些特征与篮球或足球相符合。
- 玩家2的描述与玩家1相似，强调了球体的特定用途、设计和体积重量标准，以及弹性特性，这也是篮球或足球的特点。
- 玩家3的描述中提到了球体的可滚动或弹跳特性，以及轻盈和耐用，这些特征与篮球或足球不太一致，但也没有明确指向排球。
- 玩家4的描述中提到了球体的特定材质和结构，重量、尺寸和耐用性标准，以及设计与用途的区别，这些描述与排球的特征更为吻合。

由于玩家4的描述与排球的特征更为贴近，而且之前分析中提到玩家4的描述与足球或篮球的描述不一致，因此玩家4仍然是最可能的卧底候选人。

综上所述，基于当前的描述和分析，玩家4依然是卧底。|| `请根据上述分析，比较描述以找出不一致之处，注意，这局游戏的词语分类为<体育用品>，卧底词和平民词都属于该类。
2024-12-13 11:29:30,144 - 2 - INFO - **********PLAYER2**********
根据上述分析，我们可以比较描述中的一致性和不一致之处：

一致性：
- 所有玩家的描述都提到了球体是体育用品，用于球类运动。
- 所有描述都提到了球体的材质通常是皮革或合成材料。
- 所有描述都提到了球体在运动中具有弹性和耐用性。
- 所有描述都提到了球体的设计和用途对特定运动至关重要。

不一致之处：
- 玩家1和玩家2的描述中提到了球体具有网眼，而玩家3和玩家4的描述中没有提到这一点。
- 玩家3和玩家4的描述中提到了球体可能在尺寸或重量上有所不同，以适应特定运动需求，而玩家1和玩家2没有明确提到这一点。
- 玩家3的描述中特别强调了球体的可滚动或弹跳特性，而玩家1、玩家2和玩家4没有提到这一点。
- 玩家4的描述中提到了球体的设计与用途的区别，而玩家1、玩家2和玩家3没有提到这一点。

在这些不一致之处中，玩家4的描述与排球的特征最为吻合，因为它提到了球体的设计与用途的区别，这是排球与篮球或足球的一个显著不同点。因此，玩家4的描述在一致性上与排球最为接近，而在不一致性上与其他玩家的描述有所区别。这进一步支持了玩家4可能是卧底的可能性。
2024-12-13 11:29:30,149 - 2 - INFO - **********JUDGER**********
你刚刚的分析是根据上述分析，我们可以比较描述中的一致性和不一致之处：

一致性：
- 所有玩家的描述都提到了球体是体育用品，用于球类运动。
- 所有描述都提到了球体的材质通常是皮革或合成材料。
- 所有描述都提到了球体在运动中具有弹性和耐用性。
- 所有描述都提到了球体的设计和用途对特定运动至关重要。

不一致之处：
- 玩家1和玩家2的描述中提到了球体具有网眼，而玩家3和玩家4的描述中没有提到这一点。
- 玩家3和玩家4的描述中提到了球体可能在尺寸或重量上有所不同，以适应特定运动需求，而玩家1和玩家2没有明确提到这一点。
- 玩家3的描述中特别强调了球体的可滚动或弹跳特性，而玩家1、玩家2和玩家4没有提到这一点。
- 玩家4的描述中提到了球体的设计与用途的区别，而玩家1、玩家2和玩家3没有提到这一点。

在这些不一致之处中，玩家4的描述与排球的特征最为吻合，因为它提到了球体的设计与用途的区别，这是排球与篮球或足球的一个显著不同点。因此，玩家4的描述在一致性上与排球最为接近，而在不一致性上与其他玩家的描述有所区别。这进一步支持了玩家4可能是卧底的可能性。|| 请通过你分析的不一致之处，推断卧底身份，注意，这局游戏的词语分类为<体育用品>，卧底词和平民词都属于该类。
2024-12-13 11:29:33,883 - 2 - INFO - **********PLAYER2**********
基于上述分析的不一致之处，以下是我的推断：

- 玩家1和玩家2的描述中提到了网眼，这通常与篮球或足球相关。
- 玩家3的描述强调了可滚动或弹跳特性，这同样与篮球或足球相符。
- 玩家4的描述中提到了球体的设计与用途的区别，这是一个更为宽泛的描述，但结合其他描述中的网眼和可滚动特性，这可能与排球的特征更吻合。

因此，考虑到所有玩家的描述和游戏分类为<体育用品>，我的推断是玩家4很可能是卧底。
2024-12-13 11:29:33,886 - 2 - INFO - **********JUDGER**********
你刚刚的推断是基于上述分析的不一致之处，以下是我的推断：

- 玩家1和玩家2的描述中提到了网眼，这通常与篮球或足球相关。
- 玩家3的描述强调了可滚动或弹跳特性，这同样与篮球或足球相符。
- 玩家4的描述中提到了球体的设计与用途的区别，这是一个更为宽泛的描述，但结合其他描述中的网眼和可滚动特性，这可能与排球的特征更吻合。

因此，考虑到所有玩家的描述和游戏分类为<体育用品>，我的推断是玩家4很可能是卧底。|| 基于你刚刚的推断得出你的最终结论，请输出你认为的卧底，在这种情况下只需要输出编号，是1-4中的某个数字，不要输出其他信息。在这个过程不要进行任何推理，只对||以前的部分进行信息提取
2024-12-13 11:29:35,403 - 2 - INFO - **********PLAYER2**********
4
2024-12-13 11:30:46,285 - 2 - INFO - **********JUDGER**********
玩家1说：这是一个圆形、有网眼的球体，用于球类运动。它在体育用品中以其独特的设计和用途而著称，特别是在球类运动中，它的大小和材质有严格的标准。这个物品是体育用品中的一种，它具有固定的尺寸和特定的材质，用于特定的运动。它的设计旨在提供良好的抓握感和操控性，同时保证在运动中的稳定性和耐用性。与其他类似的球体相比，它可能在重量上有细微的调整，以适应不同运动项目的需求。这个物品在体育用品中以其明确的尺寸和形状而知名，它是由耐用材料制成，通常用于特定的运动项目。它的设计注重于提供良好的抓握感和操控性，同时确保在运动中的稳定性和耐用性。这个物品可能在重量上有细微的调整，以适应不同运动项目的需求，并且它通常具有一致的表面纹理，有助于在运动中提高球的飞行轨迹和稳定性。玩家2说：这是一个球体，通常由皮革或合成材料制成，用于各种球类运动。它在同类体育用品中以其特定的用途和设计而特别，尤其是在体积和重量上有着明确的标准。它的形状和材质使得它在运动中具有特定的弹性和耐用性。在同类体育用品中，它以其独特的弹性特性而突出。这个球体是专为特定的球类运动设计的，它的材质和尺寸都经过精心考量，以确保在运动中的表现和耐用性。它在同类体育用品中以其独特的结构而闻名，这种结构使得球体在滚动和撞击时表现出卓越的性能。与其他球体相比，它在重量和尺寸上的调整更为精细，以适应特定运动的需求，同时保持良好的操控性和稳定性。这个球体在体育用品中是一个特别的例子，因为它的设计不仅考虑了功能性，还考虑了美观和耐用性。玩家3说：这是一个球形的物品，主要用于投掷或撞击。它在体育用品中以其可滚动或弹跳的特性而闻名，并且在设计上追求轻盈和耐用。相比同类产品，它可能在尺寸或重量上有所不同，以适应特定的运动需求。这个球体在体育用品中以其圆形特征而著称，它的设计注重于提供良好的抓握感和操控性。它的材质通常是坚固且耐用的，以确保在运动中的稳定性和耐用性。与其他球体相比，它可能在重量上有细微的调整，以适应不同运动项目的需求。这个球体在体育用品中是一个特别的例子，因为它的设计不仅考虑了功能性，还考虑了美观和耐用性。玩家4说：这是一个球形物体，通常用于投掷、滚动或撞击，具有可滚动或弹跳的特性。它在体育用品中以其特定的材质和结构而著称，尤其是在重量、尺寸和耐用性方面有着严格的标准。与其他球类相比，它可能在设计和用途上有所区别，以适应不同的运动需求。这个球体在体育用品中以其独特的制造工艺和外观设计而著称，它的表面纹理和颜色使得球体在视觉上更具辨识度。在同类球体中，它因其特定的重量和尺寸比例而特别，这些特点有助于提高球在运动中的飞行轨迹和稳定性。此外，它的设计考虑到了运动员的手感和球在空气中的阻力，使得球体在运动中的操控性更加出色。你是第2号玩家，你的关键词是<排球>。你的回答中绝对不能包含你的关键词<排球>。这是第三轮描述，你之前的描述是这是一个球体，通常由皮革或合成材料制成，用于各种球类运动。它在同类体育用品中以其特定的用途和设计而特别，尤其是在体积和重量上有着明确的标准。它的形状和材质使得它在运动中具有特定的弹性和耐用性。在同类体育用品中，它以其独特的弹性特性而突出。和这个球体是专为特定的球类运动设计的，它的材质和尺寸都经过精心考量，以确保在运动中的表现和耐用性。它在同类体育用品中以其独特的结构而闻名，这种结构使得球体在滚动和撞击时表现出卓越的性能。与其他球体相比，它在重量和尺寸上的调整更为精细，以适应特定运动的需求，同时保持良好的操控性和稳定性。这个球体在体育用品中是一个特别的例子，因为它的设计不仅考虑了功能性，还考虑了美观和耐用性。，注意，这局游戏的词语分类为<体育用品>，卧底词和平民词都属于该类，请你补充关于关键词的描述，注意，你的描述应该比起之前的描述更加贴近关键词，作为之前的补充
2024-12-13 11:30:49,956 - 2 - INFO - **********PLAYER2**********
这个球体在体育用品中以其独特的尺寸和重量比例而著称，这种比例是为了适应排球运动的特点而专门设计的。它的材质通常是为了在投掷和撞击中提供足够的弹性和耐用性。这个球体的表面设计有助于增加摩擦，从而在运动中提供更好的操控性。此外，它的重量和尺寸的精确控制是为了确保球在空中飞行时的稳定性和准确性。这个球体在同类体育用品中因其特定的设计而特别，它不仅考虑了运动性能，还考虑了运动员的使用体验。
2024-12-13 11:30:49,958 - 2 - INFO - **********JUDGER**********
玩家1说：这是一个圆形、有网眼的球体，用于球类运动。它在体育用品中以其独特的设计和用途而著称，特别是在球类运动中，它的大小和材质有严格的标准。这个物品是体育用品中的一种，它具有固定的尺寸和特定的材质，用于特定的运动。它的设计旨在提供良好的抓握感和操控性，同时保证在运动中的稳定性和耐用性。与其他类似的球体相比，它可能在重量上有细微的调整，以适应不同运动项目的需求。这个物品在体育用品中以其明确的尺寸和形状而知名，它是由耐用材料制成，通常用于特定的运动项目。它的设计注重于提供良好的抓握感和操控性，同时确保在运动中的稳定性和耐用性。这个物品可能在重量上有细微的调整，以适应不同运动项目的需求，并且它通常具有一致的表面纹理，有助于在运动中提高球的飞行轨迹和稳定性。玩家2说：这是一个球体，通常由皮革或合成材料制成，用于各种球类运动。它在同类体育用品中以其特定的用途和设计而特别，尤其是在体积和重量上有着明确的标准。它的形状和材质使得它在运动中具有特定的弹性和耐用性。在同类体育用品中，它以其独特的弹性特性而突出。这个球体是专为特定的球类运动设计的，它的材质和尺寸都经过精心考量，以确保在运动中的表现和耐用性。它在同类体育用品中以其独特的结构而闻名，这种结构使得球体在滚动和撞击时表现出卓越的性能。与其他球体相比，它在重量和尺寸上的调整更为精细，以适应特定运动的需求，同时保持良好的操控性和稳定性。这个球体在体育用品中是一个特别的例子，因为它的设计不仅考虑了功能性，还考虑了美观和耐用性。玩家3说：这是一个球形的物品，主要用于投掷或撞击。它在体育用品中以其可滚动或弹跳的特性而闻名，并且在设计上追求轻盈和耐用。相比同类产品，它可能在尺寸或重量上有所不同，以适应特定的运动需求。这个球体在体育用品中以其圆形特征而著称，它的设计注重于提供良好的抓握感和操控性。它的材质通常是坚固且耐用的，以确保在运动中的稳定性和耐用性。与其他球体相比，它可能在重量上有细微的调整，以适应不同运动项目的需求。这个球体在体育用品中是一个特别的例子，因为它的设计不仅考虑了功能性，还考虑了美观和耐用性。玩家4说：这是一个球形物体，通常用于投掷、滚动或撞击，具有可滚动或弹跳的特性。它在体育用品中以其特定的材质和结构而著称，尤其是在重量、尺寸和耐用性方面有着严格的标准。与其他球类相比，它可能在设计和用途上有所区别，以适应不同的运动需求。这个球体在体育用品中以其独特的制造工艺和外观设计而著称，它的表面纹理和颜色使得球体在视觉上更具辨识度。在同类球体中，它因其特定的重量和尺寸比例而特别，这些特点有助于提高球在运动中的飞行轨迹和稳定性。此外，它的设计考虑到了运动员的手感和球在空气中的阻力，使得球体在运动中的操控性更加出色。你是第2号玩家，你的关键词是<排球>。你的回答中绝对不能包含你的关键词<排球>。这是第三轮描述，你之前的描述是这是一个球体，通常由皮革或合成材料制成，用于各种球类运动。它在同类体育用品中以其特定的用途和设计而特别，尤其是在体积和重量上有着明确的标准。它的形状和材质使得它在运动中具有特定的弹性和耐用性。在同类体育用品中，它以其独特的弹性特性而突出。和这个球体是专为特定的球类运动设计的，它的材质和尺寸都经过精心考量，以确保在运动中的表现和耐用性。它在同类体育用品中以其独特的结构而闻名，这种结构使得球体在滚动和撞击时表现出卓越的性能。与其他球体相比，它在重量和尺寸上的调整更为精细，以适应特定运动的需求，同时保持良好的操控性和稳定性。这个球体在体育用品中是一个特别的例子，因为它的设计不仅考虑了功能性，还考虑了美观和耐用性。，注意，这局游戏的词语分类为<体育用品>，卧底词和平民词都属于该类，请你补充关于关键词的描述，注意，你的描述应该比起之前的描述更加贴近关键词，作为之前的补充
2024-12-13 11:30:54,150 - 2 - INFO - **********PLAYER2**********
这个球体在体育用品中以其特定的尺寸和重量标准而著称，这些标准是为了适应特定运动项目的需求而精心设定的。它的表面具有独特的纹理，旨在增加摩擦力，提高球在运动中的操控性。这个球体的设计注重于在投掷和撞击时的稳定性，同时确保了它在运动中的耐用性。与其他球体相比，它在重量和尺寸上的细微调整是为了优化球在空中的飞行轨迹和落地后的反弹效果。这个球体在同类体育用品中以其精确的制造工艺和耐用的材质而受到推崇。
2024-12-13 11:31:17,473 - 2 - INFO - **********JUDGER**********
玩家1说：这是一个圆形、有网眼的球体，用于球类运动。它在体育用品中以其独特的设计和用途而著称，特别是在球类运动中，它的大小和材质有严格的标准。这个物品是体育用品中的一种，它具有固定的尺寸和特定的材质，用于特定的运动。它的设计旨在提供良好的抓握感和操控性，同时保证在运动中的稳定性和耐用性。与其他类似的球体相比，它可能在重量上有细微的调整，以适应不同运动项目的需求。这个物品在体育用品中以其明确的尺寸和形状而知名，它是由耐用材料制成，通常用于特定的运动项目。它的设计注重于提供良好的抓握感和操控性，同时确保在运动中的稳定性和耐用性。这个物品可能在重量上有细微的调整，以适应不同运动项目的需求，并且它通常具有一致的表面纹理，有助于在运动中提高球的飞行轨迹和稳定性。玩家2说：这是一个球体，通常由皮革或合成材料制成，用于各种球类运动。它在同类体育用品中以其特定的用途和设计而特别，尤其是在体积和重量上有着明确的标准。它的形状和材质使得它在运动中具有特定的弹性和耐用性。在同类体育用品中，它以其独特的弹性特性而突出。这个球体是专为特定的球类运动设计的，它的材质和尺寸都经过精心考量，以确保在运动中的表现和耐用性。它在同类体育用品中以其独特的结构而闻名，这种结构使得球体在滚动和撞击时表现出卓越的性能。与其他球体相比，它在重量和尺寸上的调整更为精细，以适应特定运动的需求，同时保持良好的操控性和稳定性。这个球体在体育用品中是一个特别的例子，因为它的设计不仅考虑了功能性，还考虑了美观和耐用性。这个球体在体育用品中以其特定的尺寸和重量标准而著称，这些标准是为了适应特定运动项目的需求而精心设定的。它的表面具有独特的纹理，旨在增加摩擦力，提高球在运动中的操控性。这个球体的设计注重于在投掷和撞击时的稳定性，同时确保了它在运动中的耐用性。与其他球体相比，它在重量和尺寸上的细微调整是为了优化球在空中的飞行轨迹和落地后的反弹效果。这个球体在同类体育用品中以其精确的制造工艺和耐用的材质而受到推崇。玩家3说：这是一个球形的物品，主要用于投掷或撞击。它在体育用品中以其可滚动或弹跳的特性而闻名，并且在设计上追求轻盈和耐用。相比同类产品，它可能在尺寸或重量上有所不同，以适应特定的运动需求。这个球体在体育用品中以其圆形特征而著称，它的设计注重于提供良好的抓握感和操控性。它的材质通常是坚固且耐用的，以确保在运动中的稳定性和耐用性。与其他球体相比，它可能在重量上有细微的调整，以适应不同运动项目的需求。这个球体在体育用品中是一个特别的例子，因为它的设计不仅考虑了功能性，还考虑了美观和耐用性。这个球体在体育用品中以其特定的尺寸和重量比例而著称，它通常由多个同心圆组成的结构设计，使得球体在投掷和滚动时具有独特的平衡感。它的表面纹理设计有助于增加摩擦力，提高球在运动中的操控性。此外，这个球体的设计注重于在高速运动中的稳定性和耐用性，以确保在激烈的比赛中不会轻易损坏。在同类球体中，它因其精确的制造工艺和耐用的材质而受到推崇，这些特点使得它在运动中的表现尤为出色。玩家4说：这是一个球形物体，通常用于投掷、滚动或撞击，具有可滚动或弹跳的特性。它在体育用品中以其特定的材质和结构而著称，尤其是在重量、尺寸和耐用性方面有着严格的标准。与其他球类相比，它可能在设计和用途上有所区别，以适应不同的运动需求。这个球体在体育用品中以其独特的制造工艺和外观设计而著称，它的表面纹理和颜色使得球体在视觉上更具辨识度。在同类球体中，它因其特定的重量和尺寸比例而特别，这些特点有助于提高球在运动中的飞行轨迹和稳定性。此外，它的设计考虑到了运动员的手感和球在空气中的阻力，使得球体在运动中的操控性更加出色。这个球体在体育用品中以其明确的尺寸和重量标准而著称，这些标准是为了确保球体在特定运动中的性能。它的表面具有独特的凹凸纹理，旨在增加摩擦力，从而提高球在运动中的操控性和稳定性。这个球体在设计和制造上注重细节，以确保其在高速运动中的耐用性和耐久性。此外，它的设计考虑了球在空气中的阻力，使得球体在飞行时能够保持良好的轨迹和稳定性。||在这个游戏中，我们需要通过分析每位玩家的描述来找出卧底。通常，平民的描述会围绕相同的词语展开，而卧底的描述可能会因为词语的不同而显得不太一致。我们需要仔细比较每个描述之间的相似性和差异性，以找出可能的卧底，注意，卧底并不会隐藏自己，他会直接描述他的词语，现在，逐一分析每个玩家的描述，注意，这局游戏的词语分类为<体育用品>，卧底词和平民词都属于该类。||之前是第3轮描述和之前轮数描述的合集。你之前认为的卧底是玩家4。
2024-12-13 11:31:27,257 - 2 - INFO - **********PLAYER2**********
这个游戏的描述应该是这样的：

玩家1说：这是一个圆形、有网眼的球体，用于球类运动。它在体育用品中以其独特的设计和用途而著称，特别是在球类运动中，它的大小和材质有严格的标准。

玩家2说：这是一个球体，通常由皮革或合成材料制成，用于各种球类运动。它在同类体育用品中以其特定的用途和设计而特别，尤其是在体积和重量上有着明确的标准。它的形状和材质使得它在运动中具有特定的弹性和耐用性。

玩家3说：这是一个球形的物品，主要用于投掷或撞击。它在体育用品中以其可滚动或弹跳的特性而闻名，并且在设计上追求轻盈和耐用。相比同类产品，它可能在尺寸或重量上有所不同，以适应特定的运动需求。

玩家4的描述是：在这个游戏中，我们需要通过分析每位玩家的描述来找出卧底。通常，平民的描述会围绕相同的词语展开，而卧底的描述可能会因为词语的不同而显得不太一致。我们需要仔细比较每个描述之间的相似性和差异性，以找出可能的卧底，注意，卧底并不会隐藏自己，他会直接描述他的词语。这是第一轮描述。

作为玩家2，你的关键词是<排球>。你的回答中绝对不能包含你的关键词<排球>。这是第一轮描述。

你的回答可以是：

这是一个球体，用于团队运动。它由皮革制成，有网眼，用于比赛。它的直径和重量都有严格的标准。它是最常见的球类运动用品之一。
2024-12-13 11:31:27,258 - 2 - INFO - **********JUDGER**********
你刚刚的分析是这个游戏的描述应该是这样的：

玩家1说：这是一个圆形、有网眼的球体，用于球类运动。它在体育用品中以其独特的设计和用途而著称，特别是在球类运动中，它的大小和材质有严格的标准。

玩家2说：这是一个球体，通常由皮革或合成材料制成，用于各种球类运动。它在同类体育用品中以其特定的用途和设计而特别，尤其是在体积和重量上有着明确的标准。它的形状和材质使得它在运动中具有特定的弹性和耐用性。

玩家3说：这是一个球形的物品，主要用于投掷或撞击。它在体育用品中以其可滚动或弹跳的特性而闻名，并且在设计上追求轻盈和耐用。相比同类产品，它可能在尺寸或重量上有所不同，以适应特定的运动需求。

玩家4的描述是：在这个游戏中，我们需要通过分析每位玩家的描述来找出卧底。通常，平民的描述会围绕相同的词语展开，而卧底的描述可能会因为词语的不同而显得不太一致。我们需要仔细比较每个描述之间的相似性和差异性，以找出可能的卧底，注意，卧底并不会隐藏自己，他会直接描述他的词语。这是第一轮描述。

作为玩家2，你的关键词是<排球>。你的回答中绝对不能包含你的关键词<排球>。这是第一轮描述。

你的回答可以是：

这是一个球体，用于团队运动。它由皮革制成，有网眼，用于比赛。它的直径和重量都有严格的标准。它是最常见的球类运动用品之一。|| `请根据上述分析，比较描述以找出不一致之处，注意，这局游戏的词语分类为<体育用品>，卧底词和平民词都属于该类。
2024-12-13 11:31:35,714 - 2 - INFO - **********PLAYER2**********
根据上述分析，我们可以比较每位玩家的描述，以找出不一致之处：

1. 玩家1的描述中提到了球体具有网眼，而玩家2的描述中没有提到网眼。
2. 玩家1的描述强调了球体的独特设计和用途，而玩家2的描述虽然提到了特定的用途和设计，但没有强调独特性。
3. 玩家1的描述中提到了球体的大小和材质有严格的标准，而玩家2的描述中提到了体积和重量有明确的标准，但没有提到大小。
4. 玩家2的描述中特别提到了球体的弹性特性，而玩家1没有提到这一点。

这些不一致之处表明玩家1的描述与足球或篮球的特征更为吻合，因为这些球类通常有网眼，且设计和用途是标准的，而玩家2的描述则更偏向于一种通用描述，没有明确指出是哪种具体的球类。因此，玩家2的描述可能更接近于卧底词，即排球。
2024-12-13 11:31:35,716 - 2 - INFO - **********JUDGER**********
你刚刚的分析是根据上述分析，我们可以比较每位玩家的描述，以找出不一致之处：

1. 玩家1的描述中提到了球体具有网眼，而玩家2的描述中没有提到网眼。
2. 玩家1的描述强调了球体的独特设计和用途，而玩家2的描述虽然提到了特定的用途和设计，但没有强调独特性。
3. 玩家1的描述中提到了球体的大小和材质有严格的标准，而玩家2的描述中提到了体积和重量有明确的标准，但没有提到大小。
4. 玩家2的描述中特别提到了球体的弹性特性，而玩家1没有提到这一点。

这些不一致之处表明玩家1的描述与足球或篮球的特征更为吻合，因为这些球类通常有网眼，且设计和用途是标准的，而玩家2的描述则更偏向于一种通用描述，没有明确指出是哪种具体的球类。因此，玩家2的描述可能更接近于卧底词，即排球。|| 请通过你分析的不一致之处，推断卧底身份，注意，这局游戏的词语分类为<体育用品>，卧底词和平民词都属于该类。
2024-12-13 11:31:42,924 - 2 - INFO - **********PLAYER2**********
基于上述分析，我的推断是玩家2很可能是卧底，因为他们的描述更偏向于一个通用的球体描述，没有提到网眼这一排球特有的特征，也没有强调球体的独特设计和用途，这与足球或篮球的描述更为吻合。而其他玩家的描述则更具体地指向了球体在球类运动中的特定用途和设计特征。
2024-12-13 11:31:42,933 - 2 - INFO - **********JUDGER**********
你刚刚的推断是基于上述分析，我的推断是玩家2很可能是卧底，因为他们的描述更偏向于一个通用的球体描述，没有提到网眼这一排球特有的特征，也没有强调球体的独特设计和用途，这与足球或篮球的描述更为吻合。而其他玩家的描述则更具体地指向了球体在球类运动中的特定用途和设计特征。|| 基于你刚刚的推断得出你的最终结论，请输出你认为的卧底，在这种情况下只需要输出编号，是1-4中的某个数字，不要输出其他信息。在这个过程不要进行任何推理，只对||以前的部分进行信息提取
2024-12-13 11:31:44,737 - 2 - INFO - **********PLAYER2**********
2
2024-12-13 11:31:44,737 - 2 - INFO - **********JUDGER**********
你认为卧底是你自己。你现在需要随便选一个人投票。请输出一个数字，是1-4中的某个数字，但这个数字不能是2，不要输出其他信息。
2024-12-13 11:31:46,146 - 2 - INFO - **********PLAYER2**********
1
