2024-12-13 11:26:32,456 - 4 - INFO - **********JUDGER**********
让我们来玩一个叫做<谁是卧底>的推理游戏。基本规则：<人数>：4人。<角色分配>：每位玩家随机抽取一个词语，3名玩家拿到的词语是相同的（平民词），1名玩家拿到与之相近但不同的词语（卧底词）。<游戏流程>：1、玩家轮流描述自己的词语，但<不能>直接说出词语本身。2、描述完毕后，投票选出最像卧底的玩家。3、每轮结束后，被投票选出的玩家出局，不能再进行描述或投票。4、每轮投票结束后，如果卧底被成功找出，平民方获胜；如果卧底未被找出且卧底人数等于或超过平民人数，则卧底方获胜。你将扮演一个<玩家>，请等待你被分配到的关键词。如果你听懂了，只回答，"好的，我准备好参加游戏了"，不要输出别的信息
2024-12-13 11:26:32,889 - 4 - INFO - **********PLAYER4**********
好的，我准备好参加游戏了
2024-12-13 11:26:43,965 - 4 - INFO - **********JUDGER**********
玩家1说：这是一个圆形、有网眼的球体，用于球类运动。它在体育用品中以其独特的设计和用途而著称，特别是在球类运动中，它的大小和材质有严格的标准。玩家2说：这是一个球体，通常由皮革或合成材料制成，用于各种球类运动。它在同类体育用品中以其特定的用途和设计而特别，尤其是在体积和重量上有着明确的标准。它的形状和材质使得它在运动中具有特定的弹性和耐用性。在同类体育用品中，它以其独特的弹性特性而突出。玩家3说：这是一个球形的物品，主要用于投掷或撞击。它在体育用品中以其可滚动或弹跳的特性而闻名，并且在设计上追求轻盈和耐用。相比同类产品，它可能在尺寸或重量上有所不同，以适应特定的运动需求。玩家4说：|| 你是第4号玩家，你的关键词是<篮球>。你的回答中绝对不能包含你的关键词<篮球>。这是第一轮描述，不需要分析||之前别的玩家的描述，请你描述关键词基本特征，注意，这局游戏的词语分类为<体育用品>，卧底词和平民词都属于该类，描述包括以下两点，1.他的基本特征是什么2.他在该类（体育用品）中最突出不同的特征是什么，尽量简短
2024-12-13 11:26:45,804 - 4 - INFO - **********PLAYER4**********
这是一个球形物体，通常用于投掷、滚动或撞击，具有可滚动或弹跳的特性。它在体育用品中以其特定的材质和结构而著称，尤其是在重量、尺寸和耐用性方面有着严格的标准。与其他球类相比，它可能在设计和用途上有所区别，以适应不同的运动需求。
2024-12-13 11:28:09,703 - 4 - INFO - **********JUDGER**********
玩家1说：这是一个圆形、有网眼的球体，用于球类运动。它在体育用品中以其独特的设计和用途而著称，特别是在球类运动中，它的大小和材质有严格的标准。玩家2说：这是一个球体，通常由皮革或合成材料制成，用于各种球类运动。它在同类体育用品中以其特定的用途和设计而特别，尤其是在体积和重量上有着明确的标准。它的形状和材质使得它在运动中具有特定的弹性和耐用性。在同类体育用品中，它以其独特的弹性特性而突出。玩家3说：这是一个球形的物品，主要用于投掷或撞击。它在体育用品中以其可滚动或弹跳的特性而闻名，并且在设计上追求轻盈和耐用。相比同类产品，它可能在尺寸或重量上有所不同，以适应特定的运动需求。玩家4说：||在这个游戏中，我们需要通过分析每位玩家的描述来找出卧底。通常，平民的描述会围绕相同的词语展开，而卧底的描述可能会因为词语的不同而显得不太一致。我们需要仔细比较每个描述之间的相似性和差异性，以找出可能的卧底，注意，卧底并不会隐藏自己，他会直接描述他的词语，现在，逐一分析每个玩家的描述，注意，这局游戏的词语分类为<体育用品>，卧底词和平民词都属于该类。这是第一轮描述。
2024-12-13 11:28:18,209 - 4 - INFO - **********PLAYER4**********
根据玩家们的描述，我们可以进行以下分析：

玩家1描述的词语具有圆形、网眼的特点，用于球类运动，强调其设计和用途的独特性，以及大小和材质的严格标准。

玩家2的描述也提到了球体、皮革或合成材料，用于球类运动，强调了体积和重量的明确标准，以及弹性和耐用性。

玩家3的描述同样提到了球体，用于投掷或撞击，强调了可滚动或弹跳的特性，以及轻盈和耐用。

玩家4的描述没有提供具体的词语信息，而是提醒我们要通过分析找出卧底，并强调了卧底不会隐藏自己，会直接描述词语。

从描述中可以看出，玩家1、2和3的描述都指向了球类运动中的球体，但各自强调了不同的特点：设计独特、体积重量标准、滚动弹跳特性。这些描述都符合篮球的基本特征。

然而，玩家4的描述并没有直接指向篮球，而是提供了一种分析策略，这可能与卧底的身份相符，因为卧底可能会使用不同的策略来隐藏自己。

综上所述，玩家4的描述可能与卧底的身份更相符，因为他的描述并没有明确指向篮球，而是提供了一种推理方法。因此，玩家4可能是卧底。
2024-12-13 11:28:18,212 - 4 - INFO - **********JUDGER**********
你刚刚的分析是根据玩家们的描述，我们可以进行以下分析：

玩家1描述的词语具有圆形、网眼的特点，用于球类运动，强调其设计和用途的独特性，以及大小和材质的严格标准。

玩家2的描述也提到了球体、皮革或合成材料，用于球类运动，强调了体积和重量的明确标准，以及弹性和耐用性。

玩家3的描述同样提到了球体，用于投掷或撞击，强调了可滚动或弹跳的特性，以及轻盈和耐用。

玩家4的描述没有提供具体的词语信息，而是提醒我们要通过分析找出卧底，并强调了卧底不会隐藏自己，会直接描述词语。

从描述中可以看出，玩家1、2和3的描述都指向了球类运动中的球体，但各自强调了不同的特点：设计独特、体积重量标准、滚动弹跳特性。这些描述都符合篮球的基本特征。

然而，玩家4的描述并没有直接指向篮球，而是提供了一种分析策略，这可能与卧底的身份相符，因为卧底可能会使用不同的策略来隐藏自己。

综上所述，玩家4的描述可能与卧底的身份更相符，因为他的描述并没有明确指向篮球，而是提供了一种推理方法。因此，玩家4可能是卧底。|| `请根据上述分析，比较描述以找出不一致之处，注意，这局游戏的词语分类为<体育用品>，卧底词和平民词都属于该类。
2024-12-13 11:28:26,604 - 4 - INFO - **********PLAYER4**********
根据上述分析，我们可以比较玩家的描述来找出不一致之处：

1. 玩家1的描述强调了“圆形、有网眼的球体”，这是篮球的特点之一，但没有提到球体的材质。

2. 玩家2的描述提到了球体由“皮革或合成材料制成”，这与篮球的材料相符，并且也提到了体积和重量的标准，但没有提到网眼。

3. 玩家3的描述中，球体是“用于投掷或撞击”，这一点比较宽泛，可以适用于多种球类，包括篮球，但没有特别提到网眼或皮革材质。

4. 玩家4的描述没有提供具体的词语信息，而是提供了一种分析策略，这与篮球或其他具体的球类描述不一致。

不一致之处在于：
- 玩家1和玩家2的描述都提到了球体的设计和标准，但没有提到球体的材质。
- 玩家3的描述没有特别提到网眼，这是篮球的一个显著特征。
- 玩家4的描述没有提供关于球体的具体信息，而是提供了分析建议，这与直接描述球体的描述不同。

因此，玩家4的描述与篮球的具体特征不直接相关，而且他的描述更像是一种引导，而不是对球体的直接描述，这可能表明玩家4是卧底。而玩家1、2和3的描述虽然都指向球类，但都缺乏某些关键特征，这可能导致他们的描述与卧底的描述不一致。
2024-12-13 11:28:26,606 - 4 - INFO - **********JUDGER**********
你刚刚的分析是根据上述分析，我们可以比较玩家的描述来找出不一致之处：

1. 玩家1的描述强调了“圆形、有网眼的球体”，这是篮球的特点之一，但没有提到球体的材质。

2. 玩家2的描述提到了球体由“皮革或合成材料制成”，这与篮球的材料相符，并且也提到了体积和重量的标准，但没有提到网眼。

3. 玩家3的描述中，球体是“用于投掷或撞击”，这一点比较宽泛，可以适用于多种球类，包括篮球，但没有特别提到网眼或皮革材质。

4. 玩家4的描述没有提供具体的词语信息，而是提供了一种分析策略，这与篮球或其他具体的球类描述不一致。

不一致之处在于：
- 玩家1和玩家2的描述都提到了球体的设计和标准，但没有提到球体的材质。
- 玩家3的描述没有特别提到网眼，这是篮球的一个显著特征。
- 玩家4的描述没有提供关于球体的具体信息，而是提供了分析建议，这与直接描述球体的描述不同。

因此，玩家4的描述与篮球的具体特征不直接相关，而且他的描述更像是一种引导，而不是对球体的直接描述，这可能表明玩家4是卧底。而玩家1、2和3的描述虽然都指向球类，但都缺乏某些关键特征，这可能导致他们的描述与卧底的描述不一致。|| 请通过你分析的不一致之处，推断卧底身份，注意，这局游戏的词语分类为<体育用品>，卧底词和平民词都属于该类。
2024-12-13 11:28:41,015 - 4 - INFO - **********PLAYER4**********
根据上述分析中指出的不一致之处，我们可以推断卧底身份：

1. 玩家1和玩家2的描述都提到了球体的设计和标准，但没有提到球体的材质。这表明他们对球体的描述较为相似，但缺少了关于材质的细节。

2. 玩家3的描述中，球体是“用于投掷或撞击”，这一点比较宽泛，可以适用于多种球类，包括篮球。然而，他没有提到网眼，这是篮球的一个显著特征。

3. 玩家4的描述没有提供具体的词语信息，而是提供了一种分析策略，这与直接描述球体的描述不同。这表明他的描述可能是在引导其他玩家思考，而不是直接描述球体。

结合这些信息，我们可以推断：

- 玩家1和玩家2的描述虽然相似，但都没有提到网眼，这是篮球的一个关键特征。
- 玩家3的描述虽然提到了球体的用途，但没有提到网眼，这同样可能不符合篮球的描述。
- 玩家4的描述没有直接指向篮球，这可能与卧底的身份相符，因为卧底可能会试图混淆视听。

因此，考虑到篮球的显著特征是网眼，而玩家1、2和3的描述都缺少这一关键特征，玩家4的描述又没有直接指向篮球，我们可以推断玩家4是卧底，因为他的描述最不直接指向篮球，而且没有提供关于球体的具体特征。
2024-12-13 11:28:41,016 - 4 - INFO - **********JUDGER**********
你刚刚的推断是根据上述分析中指出的不一致之处，我们可以推断卧底身份：

1. 玩家1和玩家2的描述都提到了球体的设计和标准，但没有提到球体的材质。这表明他们对球体的描述较为相似，但缺少了关于材质的细节。

2. 玩家3的描述中，球体是“用于投掷或撞击”，这一点比较宽泛，可以适用于多种球类，包括篮球。然而，他没有提到网眼，这是篮球的一个显著特征。

3. 玩家4的描述没有提供具体的词语信息，而是提供了一种分析策略，这与直接描述球体的描述不同。这表明他的描述可能是在引导其他玩家思考，而不是直接描述球体。

结合这些信息，我们可以推断：

- 玩家1和玩家2的描述虽然相似，但都没有提到网眼，这是篮球的一个关键特征。
- 玩家3的描述虽然提到了球体的用途，但没有提到网眼，这同样可能不符合篮球的描述。
- 玩家4的描述没有直接指向篮球，这可能与卧底的身份相符，因为卧底可能会试图混淆视听。

因此，考虑到篮球的显著特征是网眼，而玩家1、2和3的描述都缺少这一关键特征，玩家4的描述又没有直接指向篮球，我们可以推断玩家4是卧底，因为他的描述最不直接指向篮球，而且没有提供关于球体的具体特征。|| 基于你刚刚的推断得出你的最终结论，请输出你认为的卧底，在这种情况下只需要输出编号，是1-4中的某个数字，不要输出其他信息。在这个过程不要进行任何推理，只对||以前的部分进行信息提取
2024-12-13 11:28:41,679 - 4 - INFO - **********PLAYER4**********
4
2024-12-13 11:28:51,093 - 4 - INFO - **********JUDGER**********
玩家1说：这是一个圆形、有网眼的球体，用于球类运动。它在体育用品中以其独特的设计和用途而著称，特别是在球类运动中，它的大小和材质有严格的标准。这个物品是体育用品中的一种，它具有固定的尺寸和特定的材质，用于特定的运动。它的设计旨在提供良好的抓握感和操控性，同时保证在运动中的稳定性和耐用性。与其他类似的球体相比，它可能在重量上有细微的调整，以适应不同运动项目的需求。玩家2说：这是一个球体，通常由皮革或合成材料制成，用于各种球类运动。它在同类体育用品中以其特定的用途和设计而特别，尤其是在体积和重量上有着明确的标准。它的形状和材质使得它在运动中具有特定的弹性和耐用性。在同类体育用品中，它以其独特的弹性特性而突出。这个球体是专为特定的球类运动设计的，它的材质和尺寸都经过精心考量，以确保在运动中的表现和耐用性。它在同类体育用品中以其独特的结构而闻名，这种结构使得球体在滚动和撞击时表现出卓越的性能。与其他球体相比，它在重量和尺寸上的调整更为精细，以适应特定运动的需求，同时保持良好的操控性和稳定性。这个球体在体育用品中是一个特别的例子，因为它的设计不仅考虑了功能性，还考虑了美观和耐用性。玩家3说：这是一个球形的物品，主要用于投掷或撞击。它在体育用品中以其可滚动或弹跳的特性而闻名，并且在设计上追求轻盈和耐用。相比同类产品，它可能在尺寸或重量上有所不同，以适应特定的运动需求。这个球体在体育用品中以其圆形特征而著称，它的设计注重于提供良好的抓握感和操控性。它的材质通常是坚固且耐用的，以确保在运动中的稳定性和耐用性。与其他球体相比，它可能在重量上有细微的调整，以适应不同运动项目的需求。这个球体在体育用品中是一个特别的例子，因为它的设计不仅考虑了功能性，还考虑了美观和耐用性。玩家4说：这是一个球形物体，通常用于投掷、滚动或撞击，具有可滚动或弹跳的特性。它在体育用品中以其特定的材质和结构而著称，尤其是在重量、尺寸和耐用性方面有着严格的标准。与其他球类相比，它可能在设计和用途上有所区别，以适应不同的运动需求。你是第4号玩家，你的关键词是<篮球>。你的回答中绝对不能包含你的关键词<篮球>。这是第二轮描述，你之前的描述是这是一个球形物体，通常用于投掷、滚动或撞击，具有可滚动或弹跳的特性。它在体育用品中以其特定的材质和结构而著称，尤其是在重量、尺寸和耐用性方面有着严格的标准。与其他球类相比，它可能在设计和用途上有所区别，以适应不同的运动需求。，注意，这局游戏的词语分类为<体育用品>，卧底词和平民词都属于该类，请你补充关于关键词的描述，注意，你的描述应该比起之前的描述更加贴近关键词，作为之前的补充
2024-12-13 11:28:54,521 - 4 - INFO - **********PLAYER4**********
这个球体在体育用品中以其独特的制造工艺和外观设计而著称，它的表面纹理和颜色使得球体在视觉上更具辨识度。在同类球体中，它因其特定的重量和尺寸比例而特别，这些特点有助于提高球在运动中的飞行轨迹和稳定性。此外，它的设计考虑到了运动员的手感和球在空气中的阻力，使得球体在运动中的操控性更加出色。
2024-12-13 11:30:11,452 - 4 - INFO - **********JUDGER**********
玩家1说：这是一个圆形、有网眼的球体，用于球类运动。它在体育用品中以其独特的设计和用途而著称，特别是在球类运动中，它的大小和材质有严格的标准。这个物品是体育用品中的一种，它具有固定的尺寸和特定的材质，用于特定的运动。它的设计旨在提供良好的抓握感和操控性，同时保证在运动中的稳定性和耐用性。与其他类似的球体相比，它可能在重量上有细微的调整，以适应不同运动项目的需求。玩家2说：这是一个球体，通常由皮革或合成材料制成，用于各种球类运动。它在同类体育用品中以其特定的用途和设计而特别，尤其是在体积和重量上有着明确的标准。它的形状和材质使得它在运动中具有特定的弹性和耐用性。在同类体育用品中，它以其独特的弹性特性而突出。这个球体是专为特定的球类运动设计的，它的材质和尺寸都经过精心考量，以确保在运动中的表现和耐用性。它在同类体育用品中以其独特的结构而闻名，这种结构使得球体在滚动和撞击时表现出卓越的性能。与其他球体相比，它在重量和尺寸上的调整更为精细，以适应特定运动的需求，同时保持良好的操控性和稳定性。这个球体在体育用品中是一个特别的例子，因为它的设计不仅考虑了功能性，还考虑了美观和耐用性。玩家3说：这是一个球形的物品，主要用于投掷或撞击。它在体育用品中以其可滚动或弹跳的特性而闻名，并且在设计上追求轻盈和耐用。相比同类产品，它可能在尺寸或重量上有所不同，以适应特定的运动需求。这个球体在体育用品中以其圆形特征而著称，它的设计注重于提供良好的抓握感和操控性。它的材质通常是坚固且耐用的，以确保在运动中的稳定性和耐用性。与其他球体相比，它可能在重量上有细微的调整，以适应不同运动项目的需求。这个球体在体育用品中是一个特别的例子，因为它的设计不仅考虑了功能性，还考虑了美观和耐用性。玩家4说：这是一个球形物体，通常用于投掷、滚动或撞击，具有可滚动或弹跳的特性。它在体育用品中以其特定的材质和结构而著称，尤其是在重量、尺寸和耐用性方面有着严格的标准。与其他球类相比，它可能在设计和用途上有所区别，以适应不同的运动需求。||在这个游戏中，我们需要通过分析每位玩家的描述来找出卧底。通常，平民的描述会围绕相同的词语展开，而卧底的描述可能会因为词语的不同而显得不太一致。我们需要仔细比较每个描述之间的相似性和差异性，以找出可能的卧底，注意，卧底并不会隐藏自己，他会直接描述他的词语，现在，逐一分析每个玩家的描述，注意，这局游戏的词语分类为<体育用品>，卧底词和平民词都属于该类。||之前是第2轮描述和之前轮数描述的合集。你之前认为的卧底是玩家4。
2024-12-13 11:30:25,891 - 4 - INFO - **********PLAYER4**********
根据玩家们的描述，我之前的推断是玩家4可能是卧底，以下是对每位玩家描述的分析：

玩家1的描述详细描述了球体的设计、用途、尺寸、材质以及其在运动中的性能，这些描述与篮球的特征非常吻合。

玩家2的描述同样提到了球体的材质、用途、尺寸和重量标准，并且强调了球体的弹性和耐用性，这些特点也与篮球相符。

玩家3的描述强调了球体的可滚动或弹跳特性，以及其在设计上的轻盈和耐用性，这些描述也适用于篮球。

玩家4的描述提到了球体的材质、结构、重量、尺寸和耐用性，但没有提到球体的具体用途或设计特征，这可能与篮球的描述有所区别。

由于玩家1、2和3的描述都明确指向了篮球的特定特征，而玩家4的描述则较为笼统，没有提到具体的用途或设计特点，这与篮球的描述相比显得不够具体。因此，基于之前的描述和玩家4描述的这种不具体性，我之前的推断是玩家4可能是卧底。然而，由于现在有更多的信息，我需要重新评估：

- 玩家1的描述非常详细，几乎涵盖了篮球的所有特征。
- 玩家2的描述与篮球的特征也高度一致，强调了材质、尺寸和重量标准。
- 玩家3的描述虽然较为概括，但仍然提到了球体的可滚动或弹跳特性，这是篮球的一个重要特征。
- 玩家4的描述虽然提到了材质和结构，但没有具体指出球体的用途或设计特点，这可能与篮球的描述有所区别。

综合以上分析，如果必须从这四个玩家的描述中选择一个最有可能的卧底，玩家4的描述仍然显得不够具体，因此我仍然认为玩家4可能是卧底。然而，如果没有更多的信息或者直接的证据，这个结论仍然基于初步的分析。
2024-12-13 11:30:25,896 - 4 - INFO - **********JUDGER**********
你刚刚的分析是根据玩家们的描述，我之前的推断是玩家4可能是卧底，以下是对每位玩家描述的分析：

玩家1的描述详细描述了球体的设计、用途、尺寸、材质以及其在运动中的性能，这些描述与篮球的特征非常吻合。

玩家2的描述同样提到了球体的材质、用途、尺寸和重量标准，并且强调了球体的弹性和耐用性，这些特点也与篮球相符。

玩家3的描述强调了球体的可滚动或弹跳特性，以及其在设计上的轻盈和耐用性，这些描述也适用于篮球。

玩家4的描述提到了球体的材质、结构、重量、尺寸和耐用性，但没有提到球体的具体用途或设计特征，这可能与篮球的描述有所区别。

由于玩家1、2和3的描述都明确指向了篮球的特定特征，而玩家4的描述则较为笼统，没有提到具体的用途或设计特点，这与篮球的描述相比显得不够具体。因此，基于之前的描述和玩家4描述的这种不具体性，我之前的推断是玩家4可能是卧底。然而，由于现在有更多的信息，我需要重新评估：

- 玩家1的描述非常详细，几乎涵盖了篮球的所有特征。
- 玩家2的描述与篮球的特征也高度一致，强调了材质、尺寸和重量标准。
- 玩家3的描述虽然较为概括，但仍然提到了球体的可滚动或弹跳特性，这是篮球的一个重要特征。
- 玩家4的描述虽然提到了材质和结构，但没有具体指出球体的用途或设计特点，这可能与篮球的描述有所区别。

综合以上分析，如果必须从这四个玩家的描述中选择一个最有可能的卧底，玩家4的描述仍然显得不够具体，因此我仍然认为玩家4可能是卧底。然而，如果没有更多的信息或者直接的证据，这个结论仍然基于初步的分析。|| `请根据上述分析，比较描述以找出不一致之处，注意，这局游戏的词语分类为<体育用品>，卧底词和平民词都属于该类。
2024-12-13 11:30:33,296 - 4 - INFO - **********PLAYER4**********
根据上述分析，我们可以比较玩家的描述以找出不一致之处：

1. 玩家1的描述中提到了球体的“网眼”，这是一个特定特征，而其他玩家没有提到这一点。

2. 玩家1强调了球体的“固定尺寸和特定材质”，这是篮球的一个标准特征，而其他玩家没有明确提到尺寸的固定性。

3. 玩家2的描述中提到了球体的“体积和重量标准”，这与篮球的尺寸和重量标准相符，但没有提到“固定尺寸”。

4. 玩家3的描述中提到了球体的“圆形特征”和“良好的抓握感和操控性”，但没有提到“固定尺寸”和“特定材质”。

5. 玩家4的描述中提到了球体的“特定的材质和结构”，但没有提到“固定尺寸”和“特定材质”，也没有提到“网眼”。

不一致之处在于：
- 玩家1提到了“网眼”，而其他玩家没有。
- 玩家1强调了“固定尺寸和特定材质”，而其他玩家没有明确提到这一点。
- 玩家4的描述缺乏关于尺寸、材质和网眼的明确信息。

这些不一致之处可能表明玩家4的描述与篮球的特征不完全吻合，因此玩家4可能是卧底。
2024-12-13 11:30:33,300 - 4 - INFO - **********JUDGER**********
你刚刚的分析是根据上述分析，我们可以比较玩家的描述以找出不一致之处：

1. 玩家1的描述中提到了球体的“网眼”，这是一个特定特征，而其他玩家没有提到这一点。

2. 玩家1强调了球体的“固定尺寸和特定材质”，这是篮球的一个标准特征，而其他玩家没有明确提到尺寸的固定性。

3. 玩家2的描述中提到了球体的“体积和重量标准”，这与篮球的尺寸和重量标准相符，但没有提到“固定尺寸”。

4. 玩家3的描述中提到了球体的“圆形特征”和“良好的抓握感和操控性”，但没有提到“固定尺寸”和“特定材质”。

5. 玩家4的描述中提到了球体的“特定的材质和结构”，但没有提到“固定尺寸”和“特定材质”，也没有提到“网眼”。

不一致之处在于：
- 玩家1提到了“网眼”，而其他玩家没有。
- 玩家1强调了“固定尺寸和特定材质”，而其他玩家没有明确提到这一点。
- 玩家4的描述缺乏关于尺寸、材质和网眼的明确信息。

这些不一致之处可能表明玩家4的描述与篮球的特征不完全吻合，因此玩家4可能是卧底。|| 请通过你分析的不一致之处，推断卧底身份，注意，这局游戏的词语分类为<体育用品>，卧底词和平民词都属于该类。
2024-12-13 11:30:41,150 - 4 - INFO - **********PLAYER4**********
基于分析的不一致之处，我们可以推断卧底身份：

- 玩家1的描述中提到了“网眼”，这是一个特定特征，而其他玩家没有提到这一点。这个特征在篮球中并不常见，因此玩家1的描述可能更接近于篮球。

- 玩家1还强调了球体的“固定尺寸和特定材质”，这也是篮球的一个标准特征。

- 玩家4的描述中缺乏关于“固定尺寸”、“特定材质”和“网眼”的明确信息，这与篮球的描述不完全吻合。

因此，考虑到这些不一致之处，玩家4的描述可能与篮球的特征不太一致，这表明玩家4可能是卧底。
2024-12-13 11:30:41,154 - 4 - INFO - **********JUDGER**********
你刚刚的推断是基于分析的不一致之处，我们可以推断卧底身份：

- 玩家1的描述中提到了“网眼”，这是一个特定特征，而其他玩家没有提到这一点。这个特征在篮球中并不常见，因此玩家1的描述可能更接近于篮球。

- 玩家1还强调了球体的“固定尺寸和特定材质”，这也是篮球的一个标准特征。

- 玩家4的描述中缺乏关于“固定尺寸”、“特定材质”和“网眼”的明确信息，这与篮球的描述不完全吻合。

因此，考虑到这些不一致之处，玩家4的描述可能与篮球的特征不太一致，这表明玩家4可能是卧底。|| 基于你刚刚的推断得出你的最终结论，请输出你认为的卧底，在这种情况下只需要输出编号，是1-4中的某个数字，不要输出其他信息。在这个过程不要进行任何推理，只对||以前的部分进行信息提取
2024-12-13 11:30:42,276 - 4 - INFO - **********PLAYER4**********
4
2024-12-13 11:30:59,931 - 4 - INFO - **********JUDGER**********
玩家1说：这是一个圆形、有网眼的球体，用于球类运动。它在体育用品中以其独特的设计和用途而著称，特别是在球类运动中，它的大小和材质有严格的标准。这个物品是体育用品中的一种，它具有固定的尺寸和特定的材质，用于特定的运动。它的设计旨在提供良好的抓握感和操控性，同时保证在运动中的稳定性和耐用性。与其他类似的球体相比，它可能在重量上有细微的调整，以适应不同运动项目的需求。这个物品在体育用品中以其明确的尺寸和形状而知名，它是由耐用材料制成，通常用于特定的运动项目。它的设计注重于提供良好的抓握感和操控性，同时确保在运动中的稳定性和耐用性。这个物品可能在重量上有细微的调整，以适应不同运动项目的需求，并且它通常具有一致的表面纹理，有助于在运动中提高球的飞行轨迹和稳定性。玩家2说：这是一个球体，通常由皮革或合成材料制成，用于各种球类运动。它在同类体育用品中以其特定的用途和设计而特别，尤其是在体积和重量上有着明确的标准。它的形状和材质使得它在运动中具有特定的弹性和耐用性。在同类体育用品中，它以其独特的弹性特性而突出。这个球体是专为特定的球类运动设计的，它的材质和尺寸都经过精心考量，以确保在运动中的表现和耐用性。它在同类体育用品中以其独特的结构而闻名，这种结构使得球体在滚动和撞击时表现出卓越的性能。与其他球体相比，它在重量和尺寸上的调整更为精细，以适应特定运动的需求，同时保持良好的操控性和稳定性。这个球体在体育用品中是一个特别的例子，因为它的设计不仅考虑了功能性，还考虑了美观和耐用性。这个球体在体育用品中以其特定的尺寸和重量标准而著称，这些标准是为了适应特定运动项目的需求而精心设定的。它的表面具有独特的纹理，旨在增加摩擦力，提高球在运动中的操控性。这个球体的设计注重于在投掷和撞击时的稳定性，同时确保了它在运动中的耐用性。与其他球体相比，它在重量和尺寸上的细微调整是为了优化球在空中的飞行轨迹和落地后的反弹效果。这个球体在同类体育用品中以其精确的制造工艺和耐用的材质而受到推崇。玩家3说：这是一个球形的物品，主要用于投掷或撞击。它在体育用品中以其可滚动或弹跳的特性而闻名，并且在设计上追求轻盈和耐用。相比同类产品，它可能在尺寸或重量上有所不同，以适应特定的运动需求。这个球体在体育用品中以其圆形特征而著称，它的设计注重于提供良好的抓握感和操控性。它的材质通常是坚固且耐用的，以确保在运动中的稳定性和耐用性。与其他球体相比，它可能在重量上有细微的调整，以适应不同运动项目的需求。这个球体在体育用品中是一个特别的例子，因为它的设计不仅考虑了功能性，还考虑了美观和耐用性。这个球体在体育用品中以其特定的尺寸和重量比例而著称，它通常由多个同心圆组成的结构设计，使得球体在投掷和滚动时具有独特的平衡感。它的表面纹理设计有助于增加摩擦力，提高球在运动中的操控性。此外，这个球体的设计注重于在高速运动中的稳定性和耐用性，以确保在激烈的比赛中不会轻易损坏。在同类球体中，它因其精确的制造工艺和耐用的材质而受到推崇，这些特点使得它在运动中的表现尤为出色。玩家4说：这是一个球形物体，通常用于投掷、滚动或撞击，具有可滚动或弹跳的特性。它在体育用品中以其特定的材质和结构而著称，尤其是在重量、尺寸和耐用性方面有着严格的标准。与其他球类相比，它可能在设计和用途上有所区别，以适应不同的运动需求。这个球体在体育用品中以其独特的制造工艺和外观设计而著称，它的表面纹理和颜色使得球体在视觉上更具辨识度。在同类球体中，它因其特定的重量和尺寸比例而特别，这些特点有助于提高球在运动中的飞行轨迹和稳定性。此外，它的设计考虑到了运动员的手感和球在空气中的阻力，使得球体在运动中的操控性更加出色。你是第4号玩家，你的关键词是<篮球>。你的回答中绝对不能包含你的关键词<篮球>。这是第三轮描述，你之前的描述是这是一个球形物体，通常用于投掷、滚动或撞击，具有可滚动或弹跳的特性。它在体育用品中以其特定的材质和结构而著称，尤其是在重量、尺寸和耐用性方面有着严格的标准。与其他球类相比，它可能在设计和用途上有所区别，以适应不同的运动需求。和这个球体在体育用品中以其独特的制造工艺和外观设计而著称，它的表面纹理和颜色使得球体在视觉上更具辨识度。在同类球体中，它因其特定的重量和尺寸比例而特别，这些特点有助于提高球在运动中的飞行轨迹和稳定性。此外，它的设计考虑到了运动员的手感和球在空气中的阻力，使得球体在运动中的操控性更加出色。，注意，这局游戏的词语分类为<体育用品>，卧底词和平民词都属于该类，请你补充关于关键词的描述，注意，你的描述应该比起之前的描述更加贴近关键词，作为之前的补充
2024-12-13 11:31:04,082 - 4 - INFO - **********PLAYER4**********
这个球体在体育用品中以其明确的尺寸和重量标准而著称，这些标准是为了确保球体在特定运动中的性能。它的表面具有独特的凹凸纹理，旨在增加摩擦力，从而提高球在运动中的操控性和稳定性。这个球体在设计和制造上注重细节，以确保其在高速运动中的耐用性和耐久性。此外，它的设计考虑了球在空气中的阻力，使得球体在飞行时能够保持良好的轨迹和稳定性。
2024-12-13 11:32:46,274 - 4 - INFO - **********JUDGER**********
玩家1说：这是一个圆形、有网眼的球体，用于球类运动。它在体育用品中以其独特的设计和用途而著称，特别是在球类运动中，它的大小和材质有严格的标准。这个物品是体育用品中的一种，它具有固定的尺寸和特定的材质，用于特定的运动。它的设计旨在提供良好的抓握感和操控性，同时保证在运动中的稳定性和耐用性。与其他类似的球体相比，它可能在重量上有细微的调整，以适应不同运动项目的需求。这个物品在体育用品中以其明确的尺寸和形状而知名，它是由耐用材料制成，通常用于特定的运动项目。它的设计注重于提供良好的抓握感和操控性，同时确保在运动中的稳定性和耐用性。这个物品可能在重量上有细微的调整，以适应不同运动项目的需求，并且它通常具有一致的表面纹理，有助于在运动中提高球的飞行轨迹和稳定性。玩家2说：这是一个球体，通常由皮革或合成材料制成，用于各种球类运动。它在同类体育用品中以其特定的用途和设计而特别，尤其是在体积和重量上有着明确的标准。它的形状和材质使得它在运动中具有特定的弹性和耐用性。在同类体育用品中，它以其独特的弹性特性而突出。这个球体是专为特定的球类运动设计的，它的材质和尺寸都经过精心考量，以确保在运动中的表现和耐用性。它在同类体育用品中以其独特的结构而闻名，这种结构使得球体在滚动和撞击时表现出卓越的性能。与其他球体相比，它在重量和尺寸上的调整更为精细，以适应特定运动的需求，同时保持良好的操控性和稳定性。这个球体在体育用品中是一个特别的例子，因为它的设计不仅考虑了功能性，还考虑了美观和耐用性。这个球体在体育用品中以其特定的尺寸和重量标准而著称，这些标准是为了适应特定运动项目的需求而精心设定的。它的表面具有独特的纹理，旨在增加摩擦力，提高球在运动中的操控性。这个球体的设计注重于在投掷和撞击时的稳定性，同时确保了它在运动中的耐用性。与其他球体相比，它在重量和尺寸上的细微调整是为了优化球在空中的飞行轨迹和落地后的反弹效果。这个球体在同类体育用品中以其精确的制造工艺和耐用的材质而受到推崇。玩家3说：这是一个球形的物品，主要用于投掷或撞击。它在体育用品中以其可滚动或弹跳的特性而闻名，并且在设计上追求轻盈和耐用。相比同类产品，它可能在尺寸或重量上有所不同，以适应特定的运动需求。这个球体在体育用品中以其圆形特征而著称，它的设计注重于提供良好的抓握感和操控性。它的材质通常是坚固且耐用的，以确保在运动中的稳定性和耐用性。与其他球体相比，它可能在重量上有细微的调整，以适应不同运动项目的需求。这个球体在体育用品中是一个特别的例子，因为它的设计不仅考虑了功能性，还考虑了美观和耐用性。这个球体在体育用品中以其特定的尺寸和重量比例而著称，它通常由多个同心圆组成的结构设计，使得球体在投掷和滚动时具有独特的平衡感。它的表面纹理设计有助于增加摩擦力，提高球在运动中的操控性。此外，这个球体的设计注重于在高速运动中的稳定性和耐用性，以确保在激烈的比赛中不会轻易损坏。在同类球体中，它因其精确的制造工艺和耐用的材质而受到推崇，这些特点使得它在运动中的表现尤为出色。玩家4说：这是一个球形物体，通常用于投掷、滚动或撞击，具有可滚动或弹跳的特性。它在体育用品中以其特定的材质和结构而著称，尤其是在重量、尺寸和耐用性方面有着严格的标准。与其他球类相比，它可能在设计和用途上有所区别，以适应不同的运动需求。这个球体在体育用品中以其独特的制造工艺和外观设计而著称，它的表面纹理和颜色使得球体在视觉上更具辨识度。在同类球体中，它因其特定的重量和尺寸比例而特别，这些特点有助于提高球在运动中的飞行轨迹和稳定性。此外，它的设计考虑到了运动员的手感和球在空气中的阻力，使得球体在运动中的操控性更加出色。这个球体在体育用品中以其明确的尺寸和重量标准而著称，这些标准是为了确保球体在特定运动中的性能。它的表面具有独特的凹凸纹理，旨在增加摩擦力，从而提高球在运动中的操控性和稳定性。这个球体在设计和制造上注重细节，以确保其在高速运动中的耐用性和耐久性。此外，它的设计考虑了球在空气中的阻力，使得球体在飞行时能够保持良好的轨迹和稳定性。||在这个游戏中，我们需要通过分析每位玩家的描述来找出卧底。通常，平民的描述会围绕相同的词语展开，而卧底的描述可能会因为词语的不同而显得不太一致。我们需要仔细比较每个描述之间的相似性和差异性，以找出可能的卧底，注意，卧底并不会隐藏自己，他会直接描述他的词语，现在，逐一分析每个玩家的描述，注意，这局游戏的词语分类为<体育用品>，卧底词和平民词都属于该类。||之前是第3轮描述和之前轮数描述的合集。你之前认为的卧底是玩家4。
2024-12-13 11:33:02,264 - 4 - INFO - **********PLAYER4**********
基于玩家们的描述和之前的分析，以下是对每位玩家描述的进一步分析：

玩家1的描述中多次提到了球体的“固定尺寸”、“特定材质”、“稳定性和耐用性”以及“一致的表面纹理”，这些特征都与篮球相符合。

玩家2的描述中也强调了球体的“特定用途和设计”、“体积和重量标准”、“独特的弹性特性”和“精确的制造工艺”，这些描述同样与篮球的特征相符。

玩家3的描述提到了球体的“可滚动或弹跳的特性”、“轻盈和耐用”以及“特定的尺寸和重量比例”，这些特征也适用于篮球。

玩家4的描述提到了球体的“特定的材质和结构”、“重量和尺寸比例”、“独特的制造工艺”和“表面纹理和颜色”，这些描述虽然提到了篮球的一些特征，但没有像其他玩家那样详细地强调尺寸、重量和材质的严格标准。

综合以上分析，玩家4的描述与篮球的特征相比，缺少了关于尺寸、重量和材质的严格标准，而这些是篮球的关键特征。因此，根据之前的推断，玩家4的描述仍然可能表明他是卧底，因为他没有像其他玩家那样详细地描述篮球的这些关键特征。因此，我仍然认为玩家4可能是卧底。
2024-12-13 11:33:02,267 - 4 - INFO - **********JUDGER**********
你刚刚的分析是基于玩家们的描述和之前的分析，以下是对每位玩家描述的进一步分析：

玩家1的描述中多次提到了球体的“固定尺寸”、“特定材质”、“稳定性和耐用性”以及“一致的表面纹理”，这些特征都与篮球相符合。

玩家2的描述中也强调了球体的“特定用途和设计”、“体积和重量标准”、“独特的弹性特性”和“精确的制造工艺”，这些描述同样与篮球的特征相符。

玩家3的描述提到了球体的“可滚动或弹跳的特性”、“轻盈和耐用”以及“特定的尺寸和重量比例”，这些特征也适用于篮球。

玩家4的描述提到了球体的“特定的材质和结构”、“重量和尺寸比例”、“独特的制造工艺”和“表面纹理和颜色”，这些描述虽然提到了篮球的一些特征，但没有像其他玩家那样详细地强调尺寸、重量和材质的严格标准。

综合以上分析，玩家4的描述与篮球的特征相比，缺少了关于尺寸、重量和材质的严格标准，而这些是篮球的关键特征。因此，根据之前的推断，玩家4的描述仍然可能表明他是卧底，因为他没有像其他玩家那样详细地描述篮球的这些关键特征。因此，我仍然认为玩家4可能是卧底。|| `请根据上述分析，比较描述以找出不一致之处，注意，这局游戏的词语分类为<体育用品>，卧底词和平民词都属于该类。
2024-12-13 11:33:13,737 - 4 - INFO - **********PLAYER4**********
根据上述分析，我们可以比较玩家的描述以找出不一致之处：

1. 玩家1的描述中多次提到了“固定尺寸”、“特定材质”、“稳定性和耐用性”以及“一致的表面纹理”，这些都是篮球的典型特征。

2. 玩家2的描述中也提到了“特定用途和设计”、“体积和重量标准”、“独特的弹性特性”和“精确的制造工艺”，这些描述与篮球的特征相符，但没有提到“固定尺寸”。

3. 玩家3的描述提到了“可滚动或弹跳的特性”、“轻盈和耐用”以及“特定的尺寸和重量比例”，这些特征也适用于篮球，但没有提到“固定尺寸”和“一致的表面纹理”。

4. 玩家4的描述提到了“特定的材质和结构”、“重量和尺寸比例”、“独特的制造工艺”和“表面纹理和颜色”，这些描述与篮球的特征有关，但没有像其他玩家那样详细地强调“固定尺寸”、“稳定性和耐用性”以及“一致的表面纹理”。

不一致之处在于：
- 玩家4的描述没有像玩家1和玩家2那样明确提到“固定尺寸”和“稳定性和耐用性”。
- 玩家4的描述中提到了“表面纹理和颜色”，但没有强调“一致的表面纹理”。

这些不一致之处可能表明玩家4的描述与篮球的特征不太一致，因此玩家4可能是卧底。
2024-12-13 11:33:13,744 - 4 - INFO - **********JUDGER**********
你刚刚的分析是根据上述分析，我们可以比较玩家的描述以找出不一致之处：

1. 玩家1的描述中多次提到了“固定尺寸”、“特定材质”、“稳定性和耐用性”以及“一致的表面纹理”，这些都是篮球的典型特征。

2. 玩家2的描述中也提到了“特定用途和设计”、“体积和重量标准”、“独特的弹性特性”和“精确的制造工艺”，这些描述与篮球的特征相符，但没有提到“固定尺寸”。

3. 玩家3的描述提到了“可滚动或弹跳的特性”、“轻盈和耐用”以及“特定的尺寸和重量比例”，这些特征也适用于篮球，但没有提到“固定尺寸”和“一致的表面纹理”。

4. 玩家4的描述提到了“特定的材质和结构”、“重量和尺寸比例”、“独特的制造工艺”和“表面纹理和颜色”，这些描述与篮球的特征有关，但没有像其他玩家那样详细地强调“固定尺寸”、“稳定性和耐用性”以及“一致的表面纹理”。

不一致之处在于：
- 玩家4的描述没有像玩家1和玩家2那样明确提到“固定尺寸”和“稳定性和耐用性”。
- 玩家4的描述中提到了“表面纹理和颜色”，但没有强调“一致的表面纹理”。

这些不一致之处可能表明玩家4的描述与篮球的特征不太一致，因此玩家4可能是卧底。|| 请通过你分析的不一致之处，推断卧底身份，注意，这局游戏的词语分类为<体育用品>，卧底词和平民词都属于该类。
2024-12-13 11:33:15,448 - 4 - INFO - **********PLAYER4**********
4
2024-12-13 11:33:15,449 - 4 - INFO - **********JUDGER**********
你刚刚的推断是4|| 基于你刚刚的推断得出你的最终结论，请输出你认为的卧底，在这种情况下只需要输出编号，是1-4中的某个数字，不要输出其他信息。在这个过程不要进行任何推理，只对||以前的部分进行信息提取
2024-12-13 11:33:17,012 - 4 - INFO - **********PLAYER4**********
4
2024-12-13 11:33:17,013 - 4 - INFO - **********JUDGER**********
你认为卧底是你自己。你现在需要随便选一个人投票。请输出一个数字，是1-4中的某个数字，但这个数字不能是4，不要输出其他信息。
2024-12-13 11:33:19,557 - 4 - INFO - **********PLAYER4**********
1
