2024-12-13 13:46:47,778 - 1 - INFO - **********JUDGER**********
让我们来玩一个叫做<谁是卧底>的推理游戏。基本规则：<人数>：4人。<角色分配>：每位玩家随机抽取一个词语，3名玩家拿到的词语是相同的（平民词），1名玩家拿到与之相近但不同的词语（卧底词）。<游戏流程>：1、玩家轮流描述自己的词语，但<不能>直接说出词语本身。2、描述完毕后，投票选出最像卧底的玩家。3、每轮结束后，被投票选出的玩家出局，不能再进行描述或投票。4、每轮投票结束后，如果卧底被成功找出，平民方获胜；如果卧底未被找出且卧底人数等于或超过平民人数，则卧底方获胜。你将扮演一个<玩家>，请等待你被分配到的关键词。如果你听懂了，只回答，"好的，我准备好参加游戏了"，不要输出别的信息
2024-12-13 13:46:48,276 - 1 - INFO - **********PLAYER1**********
好的，我准备好参加游戏了
2024-12-13 13:46:52,647 - 1 - INFO - **********JUDGER**********
玩家1说：玩家2说：玩家3说：玩家4说：|| 你是第1号玩家，你的关键词是<葡萄>。你的回答中绝对不能包含你的关键词<葡萄>。这是第一轮描述，不需要分析||之前别的玩家的描述，请你描述关键词基本特征，注意，这局游戏的词语分类为<水果>，卧底词和平民词都属于该类，描述包括以下两点，1.他的基本特征是什么2.他在该类（水果）中最突出不同的特征是什么，尽量简短
2024-12-13 13:46:53,734 - 1 - INFO - **********PLAYER1**********
这是一个多汁的果实，通常呈圆形或椭圆形。在水果类中，它以其紫红色皮和绿色或白色果肉而著名。
2024-12-13 13:46:57,487 - 1 - INFO - **********JUDGER**********
玩家1说：这是一个多汁的果实，通常呈圆形或椭圆形。在水果类中，它以其紫红色皮和绿色或白色果肉而著名。玩家2说：这是一个果实，通常呈圆形或椭圆形，皮色为紫红色，果肉可以是绿色或白色。在水果类中，它以其独特的甜味和较高的营养价值而受到喜爱。与其他水果相比，它最突出的不同特征可能是其皮色和种子分布。玩家3说：这是一个皮色为紫红色或绿色的果实，肉质通常呈绿色或白色。在水果类中，它以其独特的甜味和较高的营养价值而受到喜爱。最突出的不同特征可能是其皮色和种子分布。玩家4说：||在这个游戏中，我们需要通过分析每位玩家的描述来找出卧底。通常，平民的描述会围绕相同的词语展开，而卧底的描述可能会因为词语的不同而显得不太一致。我们需要仔细比较每个描述之间的相似性和差异性，以找出可能的卧底，注意，卧底并不会隐藏自己，他会直接描述他的词语，现在，逐一分析每个玩家的描述，注意，这局游戏的词语分类为<水果>，卧底词和平民词都属于该类。这是第一轮描述。
2024-12-13 13:47:01,097 - 1 - INFO - **********PLAYER1**********
好的，我准备好进行第一轮描述了。||

这是一个皮色为紫红色或绿色的果实，肉质可以是绿色或白色。在水果类中，它以其甜美的味道和丰富的营养而受到喜爱。与其他水果相比，它最显著的特征是它的种子通常集中在一个核中。
2024-12-13 13:47:01,100 - 1 - INFO - **********JUDGER**********
你刚刚的分析是好的，我准备好进行第一轮描述了。||

这是一个皮色为紫红色或绿色的果实，肉质可以是绿色或白色。在水果类中，它以其甜美的味道和丰富的营养而受到喜爱。与其他水果相比，它最显著的特征是它的种子通常集中在一个核中。|| `请根据上述分析，比较描述以找出不一致之处，注意，这局游戏的词语分类为<水果>，卧底词和平民词都属于该类。
2024-12-13 13:47:07,395 - 1 - INFO - **********PLAYER1**********
在第一轮描述中，我们可以观察到以下几点不一致之处：

1. 玩家1和玩家4的描述都提到了果实的皮色可以是紫红色或绿色，而玩家2和玩家3的描述则没有明确提到这一点。

2. 玩家2和玩家3都提到了果实的甜味和营养价值，而玩家1的描述中并没有提到这些特点。

3. 玩家1和玩家4都提到了种子通常集中在一个核中，而玩家2和玩家3的描述中并没有强调这一点。

基于这些不一致之处，玩家2和玩家3的描述可能更加接近卧底词的特征，因为它们包含了玩家1和玩家4没有提到的信息。然而，这只是一个初步的观察，需要结合后续的描述和投票结果来进一步分析。
2024-12-13 13:47:07,396 - 1 - INFO - **********JUDGER**********
你刚刚的分析是在第一轮描述中，我们可以观察到以下几点不一致之处：

1. 玩家1和玩家4的描述都提到了果实的皮色可以是紫红色或绿色，而玩家2和玩家3的描述则没有明确提到这一点。

2. 玩家2和玩家3都提到了果实的甜味和营养价值，而玩家1的描述中并没有提到这些特点。

3. 玩家1和玩家4都提到了种子通常集中在一个核中，而玩家2和玩家3的描述中并没有强调这一点。

基于这些不一致之处，玩家2和玩家3的描述可能更加接近卧底词的特征，因为它们包含了玩家1和玩家4没有提到的信息。然而，这只是一个初步的观察，需要结合后续的描述和投票结果来进一步分析。|| 请通过你分析的不一致之处，推断卧底身份，注意，这局游戏的词语分类为<水果>，卧底词和平民词都属于该类。
2024-12-13 13:47:14,703 - 1 - INFO - **********PLAYER1**********
根据上述分析，如果我们要推断卧底身份，我们可以考虑以下逻辑：

1. 玩家2和玩家3的描述中包含了玩家1和玩家4没有提到的细节，这表明他们可能掌握了更多信息，这可能是因为他们使用的词语与玩家1和玩家4不同。

2. 玩家2和玩家3都提到了果实的甜味和营养价值，这是玩家1和玩家4描述中没有提及的。在水果类中，并不是所有水果都以甜味和营养价值为突出特征，因此这一点可能是区分的关键。

3. 玩家1和玩家4都提到了种子集中在一个核中，这是许多水果的共同特征，因此这一点并不足以确定卧底。

综合以上分析，玩家2和玩家3的描述中包含的信息点可能与卧底词更不常见或更独特，因此他们可能是卧底。然而，最终的身份需要通过投票和进一步的分析来确定。如果其他玩家没有更多的信息，那么玩家2和玩家3可能是最值得怀疑的候选人。
2024-12-13 13:47:14,705 - 1 - INFO - **********JUDGER**********
你刚刚的推断是根据上述分析，如果我们要推断卧底身份，我们可以考虑以下逻辑：

1. 玩家2和玩家3的描述中包含了玩家1和玩家4没有提到的细节，这表明他们可能掌握了更多信息，这可能是因为他们使用的词语与玩家1和玩家4不同。

2. 玩家2和玩家3都提到了果实的甜味和营养价值，这是玩家1和玩家4描述中没有提及的。在水果类中，并不是所有水果都以甜味和营养价值为突出特征，因此这一点可能是区分的关键。

3. 玩家1和玩家4都提到了种子集中在一个核中，这是许多水果的共同特征，因此这一点并不足以确定卧底。

综合以上分析，玩家2和玩家3的描述中包含的信息点可能与卧底词更不常见或更独特，因此他们可能是卧底。然而，最终的身份需要通过投票和进一步的分析来确定。如果其他玩家没有更多的信息，那么玩家2和玩家3可能是最值得怀疑的候选人。|| 基于你刚刚的推断得出你的最终结论，请输出你认为的卧底，在这种情况下只需要输出编号，是1-4中的某个数字，不要输出其他信息。在这个过程不要进行任何推理，只对||以前的部分进行信息提取
2024-12-13 13:47:15,172 - 1 - INFO - **********PLAYER1**********
2
2024-12-13 13:48:09,667 - 1 - INFO - **********JUDGER**********
玩家1说：这是一个多汁的果实，通常呈圆形或椭圆形。在水果类中，它以其紫红色皮和绿色或白色果肉而著名。玩家2说：这是一个果实，通常呈圆形或椭圆形，皮色为紫红色，果肉可以是绿色或白色。在水果类中，它以其独特的甜味和较高的营养价值而受到喜爱。与其他水果相比，它最突出的不同特征可能是其皮色和种子分布。玩家3说：这是一个皮色为紫红色或绿色的果实，肉质通常呈绿色或白色。在水果类中，它以其独特的甜味和较高的营养价值而受到喜爱。最突出的不同特征可能是其皮色和种子分布。玩家4说：这是一个圆形或椭圆形的水果，外皮呈紫红色，内部果肉可以是绿色或白色。最突出的不同特征是它的皮色和种子分布。你是第1号玩家，你的关键词是<葡萄>。你的回答中绝对不能包含你的关键词<葡萄>。这是第二轮描述，你之前的描述是这是一个多汁的果实，通常呈圆形或椭圆形。在水果类中，它以其紫红色皮和绿色或白色果肉而著名。，注意，这局游戏的词语分类为<水果>，卧底词和平民词都属于该类，请你补充关于关键词的描述，注意，你的描述应该比起之前的描述更加贴近关键词，作为之前的补充
2024-12-13 13:48:11,089 - 1 - INFO - **********PLAYER1**********
这是一个具有浓郁甜味的果实，通常拥有紫红色的外皮和绿色或白色的果肉。它的果实形状圆润，非常适合作为休闲食品。在水果类中，它以其独特的风味和丰富的营养素而受到人们的喜爱。
2024-12-13 13:48:20,471 - 1 - INFO - **********JUDGER**********
玩家1说：这是一个多汁的果实，通常呈圆形或椭圆形。在水果类中，它以其紫红色皮和绿色或白色果肉而著名。这是一个具有浓郁甜味的果实，通常拥有紫红色的外皮和绿色或白色的果肉。它的果实形状圆润，非常适合作为休闲食品。在水果类中，它以其独特的风味和丰富的营养素而受到人们的喜爱。玩家2说：这是一个果实，通常呈圆形或椭圆形，皮色为紫红色，果肉可以是绿色或白色。在水果类中，它以其独特的甜味和较高的营养价值而受到喜爱。与其他水果相比，它最突出的不同特征可能是其皮色和种子分布。这种水果在成熟时呈现出鲜艳的紫红色外皮，果肉可以是绿色或白色，富含糖分，口感多汁。它通常被用来制作各种甜点，也是日常生活中常见的休闲食品。与同类水果相比，它的种子分布较为集中，这是它的一大特征。玩家3说：这是一个皮色为紫红色或绿色的果实，肉质通常呈绿色或白色。在水果类中，它以其独特的甜味和较高的营养价值而受到喜爱。最突出的不同特征可能是其皮色和种子分布。这是一个果实，成熟时外皮呈现出诱人的紫红色，内部果肉细腻，可以是绿色或白色。这种水果以其独特的香味和口感而闻名，不仅多汁，而且富含维生素和酶，对消化系统有益。它通常用于制作甜品或作为健康零食，深受人们喜爱。与同类水果相比，它的种子分布较为均匀，但不会影响食用体验。玩家4说：这是一个圆形或椭圆形的水果，外皮呈紫红色，内部果肉可以是绿色或白色。最突出的不同特征是它的皮色和种子分布。||在这个游戏中，我们需要通过分析每位玩家的描述来找出卧底。通常，平民的描述会围绕相同的词语展开，而卧底的描述可能会因为词语的不同而显得不太一致。我们需要仔细比较每个描述之间的相似性和差异性，以找出可能的卧底，注意，卧底并不会隐藏自己，他会直接描述他的词语，现在，逐一分析每个玩家的描述，注意，这局游戏的词语分类为<水果>，卧底词和平民词都属于该类。||之前是第2轮描述和之前轮数描述的合集。你之前认为的卧底是玩家2。
2024-12-13 13:48:28,663 - 1 - INFO - **********PLAYER1**********
基于第二轮描述和之前轮数的描述，我之前的推断是玩家2可能是卧底。现在，我将重新分析每位玩家的描述，以确定是否需要调整我的结论。

玩家1和玩家2的描述非常相似，都提到了果实的形状、皮色、果肉颜色、甜味、营养价值以及种子分布。玩家3的描述与玩家1和玩家2的描述也非常接近，只是略有不同，特别是在种子分布的描述上。玩家4的描述与玩家1和玩家2的描述也相似，但更加简洁。

尽管玩家3和玩家4的描述与玩家1和玩家2的描述有相似之处，但玩家3提到了果实的香味和消化系统的益处，这是玩家1和玩家2没有提到的。玩家4的描述则相对较少，但同样提到了皮色和种子分布。

综合这些信息，如果玩家2的描述与其他玩家相比没有明显的不一致，且其他玩家的描述之间存在更多的相似性，那么玩家2仍然可能是卧底。然而，如果玩家3或玩家4的描述中存在与玩家1和玩家2不同的关键信息，那么他们也可能成为新的怀疑对象。

由于我的初步推断是基于玩家2描述中的额外信息（种子分布），如果其他玩家的描述中也有类似的信息，那么我的结论可能需要重新评估。如果其他玩家的描述中确实有与玩家2不同的关键信息，那么玩家3或玩家4可能是新的卧底候选人。

在这种情况下，我之前的结论可能需要根据进一步的描述和投票结果来调整。如果没有新的信息出现，我将继续认为玩家2可能是卧底。但最终的决定应该基于所有玩家的描述和整个游戏的进程。
2024-12-13 13:48:28,672 - 1 - INFO - **********JUDGER**********
你刚刚的分析是基于第二轮描述和之前轮数的描述，我之前的推断是玩家2可能是卧底。现在，我将重新分析每位玩家的描述，以确定是否需要调整我的结论。

玩家1和玩家2的描述非常相似，都提到了果实的形状、皮色、果肉颜色、甜味、营养价值以及种子分布。玩家3的描述与玩家1和玩家2的描述也非常接近，只是略有不同，特别是在种子分布的描述上。玩家4的描述与玩家1和玩家2的描述也相似，但更加简洁。

尽管玩家3和玩家4的描述与玩家1和玩家2的描述有相似之处，但玩家3提到了果实的香味和消化系统的益处，这是玩家1和玩家2没有提到的。玩家4的描述则相对较少，但同样提到了皮色和种子分布。

综合这些信息，如果玩家2的描述与其他玩家相比没有明显的不一致，且其他玩家的描述之间存在更多的相似性，那么玩家2仍然可能是卧底。然而，如果玩家3或玩家4的描述中存在与玩家1和玩家2不同的关键信息，那么他们也可能成为新的怀疑对象。

由于我的初步推断是基于玩家2描述中的额外信息（种子分布），如果其他玩家的描述中也有类似的信息，那么我的结论可能需要重新评估。如果其他玩家的描述中确实有与玩家2不同的关键信息，那么玩家3或玩家4可能是新的卧底候选人。

在这种情况下，我之前的结论可能需要根据进一步的描述和投票结果来调整。如果没有新的信息出现，我将继续认为玩家2可能是卧底。但最终的决定应该基于所有玩家的描述和整个游戏的进程。|| `请根据上述分析，比较描述以找出不一致之处，注意，这局游戏的词语分类为<水果>，卧底词和平民词都属于该类。
2024-12-13 13:48:34,570 - 1 - INFO - **********PLAYER1**********
根据上述分析，以下是一致性和不一致之处：

一致之处：
- 所有玩家的描述都提到了果实是圆形或椭圆形的。
- 所有玩家都提到了果实的皮色为紫红色或绿色。
- 所有玩家都提到了果肉可以是绿色或白色。
- 所有玩家都提到了果实具有甜味和营养价值。
- 所有玩家都提到了果实的特点包括皮色和种子分布。

不一致之处：
- 玩家3提到了果实的香味和消化系统的益处，这是玩家1、玩家2和玩家4没有提到的。
- 玩家4的描述相对较少，但同样提到了皮色和种子分布，这与玩家1和玩家2的描述相似。

基于这些信息，玩家3的描述中包含了一些与其他玩家描述不同的信息，这可能是区分平民和卧底的关键。因此，不一致之处可能表明玩家3的描述与卧底词更不匹配。然而，由于所有玩家都提到了皮色和种子分布，这一点可能不足以确定卧底。最终，需要结合投票和整个游戏的进程来确定卧底的身份。
2024-12-13 13:48:34,571 - 1 - INFO - **********JUDGER**********
你刚刚的分析是根据上述分析，以下是一致性和不一致之处：

一致之处：
- 所有玩家的描述都提到了果实是圆形或椭圆形的。
- 所有玩家都提到了果实的皮色为紫红色或绿色。
- 所有玩家都提到了果肉可以是绿色或白色。
- 所有玩家都提到了果实具有甜味和营养价值。
- 所有玩家都提到了果实的特点包括皮色和种子分布。

不一致之处：
- 玩家3提到了果实的香味和消化系统的益处，这是玩家1、玩家2和玩家4没有提到的。
- 玩家4的描述相对较少，但同样提到了皮色和种子分布，这与玩家1和玩家2的描述相似。

基于这些信息，玩家3的描述中包含了一些与其他玩家描述不同的信息，这可能是区分平民和卧底的关键。因此，不一致之处可能表明玩家3的描述与卧底词更不匹配。然而，由于所有玩家都提到了皮色和种子分布，这一点可能不足以确定卧底。最终，需要结合投票和整个游戏的进程来确定卧底的身份。|| 请通过你分析的不一致之处，推断卧底身份，注意，这局游戏的词语分类为<水果>，卧底词和平民词都属于该类。
2024-12-13 13:48:40,879 - 1 - INFO - **********PLAYER1**********
基于分析的不一致之处，如果需要推断卧底身份，以下是我的推断：

玩家3的描述中提到了果实的香味和消化系统的益处，这是玩家1、玩家2和玩家4没有提到的。由于卧底词和平民词都属于水果类别，但卧底词可能具有一些平民词没有的额外特征，玩家3提到的这些额外特征可能是区分的关键。

因此，根据这些信息，玩家3可能是卧底。
2024-12-13 13:48:40,880 - 1 - INFO - **********JUDGER**********
你刚刚的推断是基于分析的不一致之处，如果需要推断卧底身份，以下是我的推断：

玩家3的描述中提到了果实的香味和消化系统的益处，这是玩家1、玩家2和玩家4没有提到的。由于卧底词和平民词都属于水果类别，但卧底词可能具有一些平民词没有的额外特征，玩家3提到的这些额外特征可能是区分的关键。

因此，根据这些信息，玩家3可能是卧底。|| 基于你刚刚的推断得出你的最终结论，请输出你认为的卧底，在这种情况下只需要输出编号，是1-4中的某个数字，不要输出其他信息。在这个过程不要进行任何推理，只对||以前的部分进行信息提取
2024-12-13 13:48:41,565 - 1 - INFO - **********PLAYER1**********
3
2024-12-13 13:49:36,312 - 1 - INFO - **********JUDGER**********
玩家1说：这是一个多汁的果实，通常呈圆形或椭圆形。在水果类中，它以其紫红色皮和绿色或白色果肉而著名。这是一个具有浓郁甜味的果实，通常拥有紫红色的外皮和绿色或白色的果肉。它的果实形状圆润，非常适合作为休闲食品。在水果类中，它以其独特的风味和丰富的营养素而受到人们的喜爱。玩家2说：这是一个果实，通常呈圆形或椭圆形，皮色为紫红色，果肉可以是绿色或白色。在水果类中，它以其独特的甜味和较高的营养价值而受到喜爱。与其他水果相比，它最突出的不同特征可能是其皮色和种子分布。这种水果在成熟时呈现出鲜艳的紫红色外皮，果肉可以是绿色或白色，富含糖分，口感多汁。它通常被用来制作各种甜点，也是日常生活中常见的休闲食品。与同类水果相比，它的种子分布较为集中，这是它的一大特征。玩家3说：这是一个皮色为紫红色或绿色的果实，肉质通常呈绿色或白色。在水果类中，它以其独特的甜味和较高的营养价值而受到喜爱。最突出的不同特征可能是其皮色和种子分布。这是一个果实，成熟时外皮呈现出诱人的紫红色，内部果肉细腻，可以是绿色或白色。这种水果以其独特的香味和口感而闻名，不仅多汁，而且富含维生素和酶，对消化系统有益。它通常用于制作甜品或作为健康零食，深受人们喜爱。与同类水果相比，它的种子分布较为均匀，但不会影响食用体验。玩家4说：这是一个圆形或椭圆形的水果，外皮呈紫红色，内部果肉可以是绿色或白色。最突出的不同特征是它的皮色和种子分布。这个水果是常见的，通常在夏季成熟。它的外皮呈现出鲜艳的紫红色，果肉可以是绿色或白色，含有许多小颗粒种子。这种水果不仅口感多汁，而且富含多种维生素和抗氧化物质。它通常被用作甜点配料，也可以直接食用，是受欢迎的休闲食品。与同类水果相比，它的种子分布均匀，不会影响食用体验。你是第1号玩家，你的关键词是<葡萄>。你的回答中绝对不能包含你的关键词<葡萄>。这是第三轮描述，你之前的描述是这是一个多汁的果实，通常呈圆形或椭圆形。在水果类中，它以其紫红色皮和绿色或白色果肉而著名。和这是一个具有浓郁甜味的果实，通常拥有紫红色的外皮和绿色或白色的果肉。它的果实形状圆润，非常适合作为休闲食品。在水果类中，它以其独特的风味和丰富的营养素而受到人们的喜爱。，注意，这局游戏的词语分类为<水果>，卧底词和平民词都属于该类，请你补充关于关键词的描述，注意，你的描述应该比起之前的描述更加贴近关键词，作为之前的补充
2024-12-13 13:49:42,547 - 1 - INFO - **********PLAYER1**********
这是一个色泽鲜艳、多汁的果实，外皮呈紫红色，内部果肉可能是绿色或白色。它通常在夏季成熟，口感甘甜，含有丰富的营养素，非常适合作为休闲食品。这种水果在水果类中以其独特的风味和营养价值而受到人们的喜爱。
2024-12-13 13:49:54,194 - 1 - INFO - **********JUDGER**********
玩家1说：这是一个多汁的果实，通常呈圆形或椭圆形。在水果类中，它以其紫红色皮和绿色或白色果肉而著名。这是一个具有浓郁甜味的果实，通常拥有紫红色的外皮和绿色或白色的果肉。它的果实形状圆润，非常适合作为休闲食品。在水果类中，它以其独特的风味和丰富的营养素而受到人们的喜爱。这是一个色泽鲜艳、多汁的果实，外皮呈紫红色，内部果肉可能是绿色或白色。它通常在夏季成熟，口感甘甜，含有丰富的营养素，非常适合作为休闲食品。这种水果在水果类中以其独特的风味和营养价值而受到人们的喜爱。玩家2说：这是一个果实，通常呈圆形或椭圆形，皮色为紫红色，果肉可以是绿色或白色。在水果类中，它以其独特的甜味和较高的营养价值而受到喜爱。与其他水果相比，它最突出的不同特征可能是其皮色和种子分布。这种水果在成熟时呈现出鲜艳的紫红色外皮，果肉可以是绿色或白色，富含糖分，口感多汁。它通常被用来制作各种甜点，也是日常生活中常见的休闲食品。与同类水果相比，它的种子分布较为集中，这是它的一大特征。这种水果在成熟时外皮呈现出鲜艳的紫红色，果肉可能是绿色或白色，富含糖分，口感多汁。它通常被用来制作各种甜点，也是日常生活中常见的休闲食品。与同类水果相比，它的种子分布较为集中，这是它的一大特征。这种水果的形状通常呈圆形或椭圆形，非常适合作为休闲食品。在水果类中，它以其独特的风味和丰富的营养素而受到人们的喜爱。玩家3说：这是一个皮色为紫红色或绿色的果实，肉质通常呈绿色或白色。在水果类中，它以其独特的甜味和较高的营养价值而受到喜爱。最突出的不同特征可能是其皮色和种子分布。这是一个果实，成熟时外皮呈现出诱人的紫红色，内部果肉细腻，可以是绿色或白色。这种水果以其独特的香味和口感而闻名，不仅多汁，而且富含维生素和酶，对消化系统有益。它通常用于制作甜品或作为健康零食，深受人们喜爱。与同类水果相比，它的种子分布较为均匀，但不会影响食用体验。这是一个果实，其外皮呈现出诱人的紫红色，内部果肉通常是黄色的，质地柔软。这种水果以其独特的香味和口感而闻名，不仅多汁，而且富含多种维生素和酶，对消化系统有益。它通常用于制作甜品或作为健康零食，深受人们喜爱。与同类水果相比，它的种子分布较为均匀，但通常不需要去除即可食用。这种水果在成熟时通常在夏季，它的甜味和营养价值使其成为水果类中的佼佼者。玩家4说：这是一个圆形或椭圆形的水果，外皮呈紫红色，内部果肉可以是绿色或白色。最突出的不同特征是它的皮色和种子分布。这个水果是常见的，通常在夏季成熟。它的外皮呈现出鲜艳的紫红色，果肉可以是绿色或白色，含有许多小颗粒种子。这种水果不仅口感多汁，而且富含多种维生素和抗氧化物质。它通常被用作甜点配料，也可以直接食用，是受欢迎的休闲食品。与同类水果相比，它的种子分布均匀，不会影响食用体验。这个水果是小巧的，通常成串生长，每个果实大小相近。它的外皮薄且脆弱，容易剥离，呈现出鲜艳的紫红色。果肉通常是透明的，没有明显的籽粒，口感甘甜多汁。这种水果因其自然的风味和营养价值而受到喜爱，常被用于制作饮品和甜点。它通常在秋季成熟，是水果市场中的热门选择。||在这个游戏中，我们需要通过分析每位玩家的描述来找出卧底。通常，平民的描述会围绕相同的词语展开，而卧底的描述可能会因为词语的不同而显得不太一致。我们需要仔细比较每个描述之间的相似性和差异性，以找出可能的卧底，注意，卧底并不会隐藏自己，他会直接描述他的词语，现在，逐一分析每个玩家的描述，注意，这局游戏的词语分类为<水果>，卧底词和平民词都属于该类。||之前是第3轮描述和之前轮数描述的合集。你之前认为的卧底是玩家3。
2024-12-13 13:50:09,551 - 1 - INFO - **********PLAYER1**********
根据第三轮描述和之前的描述，以下是我的分析：

玩家1的描述中多次强调了果实的多汁、甜味、紫红色皮、绿色或白色果肉以及丰富的营养素，这与玩家2和玩家4的描述有相似之处。

玩家2的描述与玩家1和玩家4的描述非常相似，都提到了果实的形状、皮色、果肉颜色、甜味、营养价值以及种子分布。玩家2的描述还特别强调了种子分布的集中性和水果在成熟时的颜色变化。

玩家3的描述中提到了果实的皮色为紫红色或绿色，肉质可以是绿色或白色，甜味和营养价值，以及种子分布的均匀性。玩家3的描述中特别提到了果实的香味和消化系统的益处，这与玩家1和玩家4的描述不同。

玩家4的描述与玩家1和玩家2的描述相似，但更加简洁，同样提到了果实的形状、皮色、果肉颜色、甜味、营养价值以及种子分布，但特别强调了水果的成熟季节和作为甜点配料的用途。

基于这些信息，玩家3的描述中包含了与其他玩家不同的信息，尤其是关于香味的提及和消化系统的益处，这可能表明玩家3的描述与卧底词更不匹配。因此，根据这些描述，我之前的推断是玩家3可能是卧底，这一推断仍然成立。
2024-12-13 13:50:09,558 - 1 - INFO - **********JUDGER**********
你刚刚的分析是根据第三轮描述和之前的描述，以下是我的分析：

玩家1的描述中多次强调了果实的多汁、甜味、紫红色皮、绿色或白色果肉以及丰富的营养素，这与玩家2和玩家4的描述有相似之处。

玩家2的描述与玩家1和玩家4的描述非常相似，都提到了果实的形状、皮色、果肉颜色、甜味、营养价值以及种子分布。玩家2的描述还特别强调了种子分布的集中性和水果在成熟时的颜色变化。

玩家3的描述中提到了果实的皮色为紫红色或绿色，肉质可以是绿色或白色，甜味和营养价值，以及种子分布的均匀性。玩家3的描述中特别提到了果实的香味和消化系统的益处，这与玩家1和玩家4的描述不同。

玩家4的描述与玩家1和玩家2的描述相似，但更加简洁，同样提到了果实的形状、皮色、果肉颜色、甜味、营养价值以及种子分布，但特别强调了水果的成熟季节和作为甜点配料的用途。

基于这些信息，玩家3的描述中包含了与其他玩家不同的信息，尤其是关于香味的提及和消化系统的益处，这可能表明玩家3的描述与卧底词更不匹配。因此，根据这些描述，我之前的推断是玩家3可能是卧底，这一推断仍然成立。|| `请根据上述分析，比较描述以找出不一致之处，注意，这局游戏的词语分类为<水果>，卧底词和平民词都属于该类。
2024-12-13 13:50:22,615 - 1 - INFO - **********PLAYER1**********
根据上述分析，以下是一致性和不一致之处：

一致之处：
- 所有玩家的描述都提到了果实的形状（圆形或椭圆形）。
- 所有玩家的描述都提到了果实的皮色（紫红色或绿色）。
- 所有玩家的描述都提到了果肉的颜色（绿色或白色）。
- 所有玩家的描述都提到了果实的甜味和营养价值。
- 所有玩家的描述都提到了果实的种子分布特征。

不一致之处：
- 玩家3的描述特别提到了果实的香味和消化系统的益处，这是玩家1、玩家2和玩家4没有提到的。
- 玩家3的描述中提到种子分布较为均匀，而玩家2的描述中提到种子分布较为集中。

基于这些不一致之处，玩家3的描述中包含了一些与其他玩家描述不同的信息，这可能是区分平民和卧底的关键。特别是关于香味的提及和消化系统的益处，这些特点可能不是所有相同类型的水果都具备的，因此玩家3的描述可能与卧底词更不匹配。
2024-12-13 13:50:22,618 - 1 - INFO - **********JUDGER**********
你刚刚的分析是根据上述分析，以下是一致性和不一致之处：

一致之处：
- 所有玩家的描述都提到了果实的形状（圆形或椭圆形）。
- 所有玩家的描述都提到了果实的皮色（紫红色或绿色）。
- 所有玩家的描述都提到了果肉的颜色（绿色或白色）。
- 所有玩家的描述都提到了果实的甜味和营养价值。
- 所有玩家的描述都提到了果实的种子分布特征。

不一致之处：
- 玩家3的描述特别提到了果实的香味和消化系统的益处，这是玩家1、玩家2和玩家4没有提到的。
- 玩家3的描述中提到种子分布较为均匀，而玩家2的描述中提到种子分布较为集中。

基于这些不一致之处，玩家3的描述中包含了一些与其他玩家描述不同的信息，这可能是区分平民和卧底的关键。特别是关于香味的提及和消化系统的益处，这些特点可能不是所有相同类型的水果都具备的，因此玩家3的描述可能与卧底词更不匹配。|| 请通过你分析的不一致之处，推断卧底身份，注意，这局游戏的词语分类为<水果>，卧底词和平民词都属于该类。
2024-12-13 13:50:25,551 - 1 - INFO - **********PLAYER1**********
基于分析的不一致之处，推断卧底身份为：

3
2024-12-13 13:50:25,552 - 1 - INFO - **********JUDGER**********
你刚刚的推断是基于分析的不一致之处，推断卧底身份为：

3|| 基于你刚刚的推断得出你的最终结论，请输出你认为的卧底，在这种情况下只需要输出编号，是1-4中的某个数字，不要输出其他信息。在这个过程不要进行任何推理，只对||以前的部分进行信息提取
2024-12-13 13:50:27,504 - 1 - INFO - **********PLAYER1**********
3
