2024-12-13 13:46:49,213 - 2 - INFO - **********JUDGER**********
让我们来玩一个叫做<谁是卧底>的推理游戏。基本规则：<人数>：4人。<角色分配>：每位玩家随机抽取一个词语，3名玩家拿到的词语是相同的（平民词），1名玩家拿到与之相近但不同的词语（卧底词）。<游戏流程>：1、玩家轮流描述自己的词语，但<不能>直接说出词语本身。2、描述完毕后，投票选出最像卧底的玩家。3、每轮结束后，被投票选出的玩家出局，不能再进行描述或投票。4、每轮投票结束后，如果卧底被成功找出，平民方获胜；如果卧底未被找出且卧底人数等于或超过平民人数，则卧底方获胜。你将扮演一个<玩家>，请等待你被分配到的关键词。如果你听懂了，只回答，"好的，我准备好参加游戏了"，不要输出别的信息
2024-12-13 13:46:49,878 - 2 - INFO - **********PLAYER2**********
好的，我准备好参加游戏了
2024-12-13 13:46:53,736 - 2 - INFO - **********JUDGER**********
玩家1说：这是一个多汁的果实，通常呈圆形或椭圆形。在水果类中，它以其紫红色皮和绿色或白色果肉而著名。玩家2说：玩家3说：玩家4说：|| 你是第2号玩家，你的关键词是<葡萄>。你的回答中绝对不能包含你的关键词<葡萄>。这是第一轮描述，不需要分析||之前别的玩家的描述，请你描述关键词基本特征，注意，这局游戏的词语分类为<水果>，卧底词和平民词都属于该类，描述包括以下两点，1.他的基本特征是什么2.他在该类（水果）中最突出不同的特征是什么，尽量简短
2024-12-13 13:46:55,250 - 2 - INFO - **********PLAYER2**********
这是一个果实，通常呈圆形或椭圆形，皮色为紫红色，果肉可以是绿色或白色。在水果类中，它以其独特的甜味和较高的营养价值而受到喜爱。与其他水果相比，它最突出的不同特征可能是其皮色和种子分布。
2024-12-13 13:47:15,173 - 2 - INFO - **********JUDGER**********
玩家1说：这是一个多汁的果实，通常呈圆形或椭圆形。在水果类中，它以其紫红色皮和绿色或白色果肉而著名。玩家2说：这是一个果实，通常呈圆形或椭圆形，皮色为紫红色，果肉可以是绿色或白色。在水果类中，它以其独特的甜味和较高的营养价值而受到喜爱。与其他水果相比，它最突出的不同特征可能是其皮色和种子分布。玩家3说：这是一个皮色为紫红色或绿色的果实，肉质通常呈绿色或白色。在水果类中，它以其独特的甜味和较高的营养价值而受到喜爱。最突出的不同特征可能是其皮色和种子分布。玩家4说：||在这个游戏中，我们需要通过分析每位玩家的描述来找出卧底。通常，平民的描述会围绕相同的词语展开，而卧底的描述可能会因为词语的不同而显得不太一致。我们需要仔细比较每个描述之间的相似性和差异性，以找出可能的卧底，注意，卧底并不会隐藏自己，他会直接描述他的词语，现在，逐一分析每个玩家的描述，注意，这局游戏的词语分类为<水果>，卧底词和平民词都属于该类。这是第一轮描述。
2024-12-13 13:47:21,693 - 2 - INFO - **********PLAYER2**********
玩家1和玩家2的描述非常相似，都提到了果实的圆形或椭圆形、紫红色皮和绿色或白色果肉，以及甜味和营养价值。玩家3的描述与前面两位相似，但提到了皮色可以是紫红色或绿色，以及肉质也是绿色或白色，这与前两位的描述略有不同。作为玩家2，我的描述应该与前三者保持一致，同时不直接提及关键词“葡萄”，所以我可能会说：

这是一个皮色鲜艳的果实，形状圆润，肉质丰富。在同类水果中，它以其独特的风味和营养含量著称。与其它水果相比，它可能在口感上有所不同，比如可能更加多汁或者具有特定的香气。
2024-12-13 13:47:21,697 - 2 - INFO - **********JUDGER**********
你刚刚的分析是玩家1和玩家2的描述非常相似，都提到了果实的圆形或椭圆形、紫红色皮和绿色或白色果肉，以及甜味和营养价值。玩家3的描述与前面两位相似，但提到了皮色可以是紫红色或绿色，以及肉质也是绿色或白色，这与前两位的描述略有不同。作为玩家2，我的描述应该与前三者保持一致，同时不直接提及关键词“葡萄”，所以我可能会说：

这是一个皮色鲜艳的果实，形状圆润，肉质丰富。在同类水果中，它以其独特的风味和营养含量著称。与其它水果相比，它可能在口感上有所不同，比如可能更加多汁或者具有特定的香气。|| `请根据上述分析，比较描述以找出不一致之处，注意，这局游戏的词语分类为<水果>，卧底词和平民词都属于该类。
2024-12-13 13:47:28,300 - 2 - INFO - **********PLAYER2**********
根据上述分析，我们可以比较四位玩家的描述，找出以下不一致之处：

1. 玩家3的描述中提到了果实的皮色可以是紫红色或绿色，而玩家1和玩家2的描述中只提到了紫红色皮。这可能是玩家3与玩家1和玩家2描述不一致的地方。

2. 玩家3的描述中提到了肉质可以是绿色或白色，而玩家1和玩家2的描述中只提到了白色果肉。这一点也与玩家1和玩家2的描述有所不同。

3. 虽然玩家1、玩家2和玩家3的描述都提到了甜味和营养价值，但玩家4没有提供任何具体的描述，只是提到了游戏规则和如何分析描述。这可能表明玩家4的描述与前三者存在差异，因为他没有提供任何关于水果特征的具体信息。

基于这些不一致之处，玩家3的描述可能存在与玩家1和玩家2不同的地方，而玩家4的描述则完全不同于前三者。这些差异可能有助于玩家推断出谁是卧底。
2024-12-13 13:47:28,311 - 2 - INFO - **********JUDGER**********
你刚刚的分析是根据上述分析，我们可以比较四位玩家的描述，找出以下不一致之处：

1. 玩家3的描述中提到了果实的皮色可以是紫红色或绿色，而玩家1和玩家2的描述中只提到了紫红色皮。这可能是玩家3与玩家1和玩家2描述不一致的地方。

2. 玩家3的描述中提到了肉质可以是绿色或白色，而玩家1和玩家2的描述中只提到了白色果肉。这一点也与玩家1和玩家2的描述有所不同。

3. 虽然玩家1、玩家2和玩家3的描述都提到了甜味和营养价值，但玩家4没有提供任何具体的描述，只是提到了游戏规则和如何分析描述。这可能表明玩家4的描述与前三者存在差异，因为他没有提供任何关于水果特征的具体信息。

基于这些不一致之处，玩家3的描述可能存在与玩家1和玩家2不同的地方，而玩家4的描述则完全不同于前三者。这些差异可能有助于玩家推断出谁是卧底。|| 请通过你分析的不一致之处，推断卧底身份，注意，这局游戏的词语分类为<水果>，卧底词和平民词都属于该类。
2024-12-13 13:47:33,328 - 2 - INFO - **********PLAYER2**********
根据上述分析，我们可以做出以下推断：

1. 玩家3的描述中提到了果实的皮色可以是紫红色或绿色，而玩家1和玩家2的描述中只提到了紫红色皮。这表明玩家3可能在使用更宽泛的描述，或者可能有意提供了额外的信息来掩盖自己的卧底身份。

2. 玩家3的描述中提到的肉质可以是绿色或白色，这与玩家1和玩家2的描述中只提到的白色果肉不同。这可能意味着玩家3在描述上有所保留，或者试图引入混淆。

3. 玩家4的描述没有提供关于水果的具体特征，而是讨论了游戏规则和分析方法。这可能表明玩家4在故意转移话题，或者可能是平民，因为平民通常不会在描述中引入无关信息。

综合以上点，玩家3的描述中存在多处与玩家1和玩家2描述的不一致，这可能是他试图隐藏卧底身份的迹象。而玩家4的描述则与水果特征无关，这可能意味着他是平民，或者至少没有在描述中透露关键词的细节。

因此，根据描述的不一致性和游戏规则，玩家3可能是卧底。
2024-12-13 13:47:33,334 - 2 - INFO - **********JUDGER**********
你刚刚的推断是根据上述分析，我们可以做出以下推断：

1. 玩家3的描述中提到了果实的皮色可以是紫红色或绿色，而玩家1和玩家2的描述中只提到了紫红色皮。这表明玩家3可能在使用更宽泛的描述，或者可能有意提供了额外的信息来掩盖自己的卧底身份。

2. 玩家3的描述中提到的肉质可以是绿色或白色，这与玩家1和玩家2的描述中只提到的白色果肉不同。这可能意味着玩家3在描述上有所保留，或者试图引入混淆。

3. 玩家4的描述没有提供关于水果的具体特征，而是讨论了游戏规则和分析方法。这可能表明玩家4在故意转移话题，或者可能是平民，因为平民通常不会在描述中引入无关信息。

综合以上点，玩家3的描述中存在多处与玩家1和玩家2描述的不一致，这可能是他试图隐藏卧底身份的迹象。而玩家4的描述则与水果特征无关，这可能意味着他是平民，或者至少没有在描述中透露关键词的细节。

因此，根据描述的不一致性和游戏规则，玩家3可能是卧底。|| 基于你刚刚的推断得出你的最终结论，请输出你认为的卧底，在这种情况下只需要输出编号，是1-4中的某个数字，不要输出其他信息。在这个过程不要进行任何推理，只对||以前的部分进行信息提取
2024-12-13 13:47:33,931 - 2 - INFO - **********PLAYER2**********
3
2024-12-13 13:48:11,090 - 2 - INFO - **********JUDGER**********
玩家1说：这是一个多汁的果实，通常呈圆形或椭圆形。在水果类中，它以其紫红色皮和绿色或白色果肉而著名。这是一个具有浓郁甜味的果实，通常拥有紫红色的外皮和绿色或白色的果肉。它的果实形状圆润，非常适合作为休闲食品。在水果类中，它以其独特的风味和丰富的营养素而受到人们的喜爱。玩家2说：这是一个果实，通常呈圆形或椭圆形，皮色为紫红色，果肉可以是绿色或白色。在水果类中，它以其独特的甜味和较高的营养价值而受到喜爱。与其他水果相比，它最突出的不同特征可能是其皮色和种子分布。玩家3说：这是一个皮色为紫红色或绿色的果实，肉质通常呈绿色或白色。在水果类中，它以其独特的甜味和较高的营养价值而受到喜爱。最突出的不同特征可能是其皮色和种子分布。玩家4说：这是一个圆形或椭圆形的水果，外皮呈紫红色，内部果肉可以是绿色或白色。最突出的不同特征是它的皮色和种子分布。你是第2号玩家，你的关键词是<葡萄>。你的回答中绝对不能包含你的关键词<葡萄>。这是第二轮描述，你之前的描述是这是一个果实，通常呈圆形或椭圆形，皮色为紫红色，果肉可以是绿色或白色。在水果类中，它以其独特的甜味和较高的营养价值而受到喜爱。与其他水果相比，它最突出的不同特征可能是其皮色和种子分布。，注意，这局游戏的词语分类为<水果>，卧底词和平民词都属于该类，请你补充关于关键词的描述，注意，你的描述应该比起之前的描述更加贴近关键词，作为之前的补充
2024-12-13 13:48:13,623 - 2 - INFO - **********PLAYER2**********
这种水果在成熟时呈现出鲜艳的紫红色外皮，果肉可以是绿色或白色，富含糖分，口感多汁。它通常被用来制作各种甜点，也是日常生活中常见的休闲食品。与同类水果相比，它的种子分布较为集中，这是它的一大特征。
2024-12-13 13:48:41,565 - 2 - INFO - **********JUDGER**********
玩家1说：这是一个多汁的果实，通常呈圆形或椭圆形。在水果类中，它以其紫红色皮和绿色或白色果肉而著名。这是一个具有浓郁甜味的果实，通常拥有紫红色的外皮和绿色或白色的果肉。它的果实形状圆润，非常适合作为休闲食品。在水果类中，它以其独特的风味和丰富的营养素而受到人们的喜爱。玩家2说：这是一个果实，通常呈圆形或椭圆形，皮色为紫红色，果肉可以是绿色或白色。在水果类中，它以其独特的甜味和较高的营养价值而受到喜爱。与其他水果相比，它最突出的不同特征可能是其皮色和种子分布。这种水果在成熟时呈现出鲜艳的紫红色外皮，果肉可以是绿色或白色，富含糖分，口感多汁。它通常被用来制作各种甜点，也是日常生活中常见的休闲食品。与同类水果相比，它的种子分布较为集中，这是它的一大特征。玩家3说：这是一个皮色为紫红色或绿色的果实，肉质通常呈绿色或白色。在水果类中，它以其独特的甜味和较高的营养价值而受到喜爱。最突出的不同特征可能是其皮色和种子分布。这是一个果实，成熟时外皮呈现出诱人的紫红色，内部果肉细腻，可以是绿色或白色。这种水果以其独特的香味和口感而闻名，不仅多汁，而且富含维生素和酶，对消化系统有益。它通常用于制作甜品或作为健康零食，深受人们喜爱。与同类水果相比，它的种子分布较为均匀，但不会影响食用体验。玩家4说：这是一个圆形或椭圆形的水果，外皮呈紫红色，内部果肉可以是绿色或白色。最突出的不同特征是它的皮色和种子分布。||在这个游戏中，我们需要通过分析每位玩家的描述来找出卧底。通常，平民的描述会围绕相同的词语展开，而卧底的描述可能会因为词语的不同而显得不太一致。我们需要仔细比较每个描述之间的相似性和差异性，以找出可能的卧底，注意，卧底并不会隐藏自己，他会直接描述他的词语，现在，逐一分析每个玩家的描述，注意，这局游戏的词语分类为<水果>，卧底词和平民词都属于该类。||之前是第2轮描述和之前轮数描述的合集。你之前认为的卧底是玩家3。
2024-12-13 13:48:42,284 - 2 - INFO - **********PLAYER2**********
玩家3
2024-12-13 13:48:42,286 - 2 - INFO - **********JUDGER**********
你刚刚的分析是玩家3|| `请根据上述分析，比较描述以找出不一致之处，注意，这局游戏的词语分类为<水果>，卧底词和平民词都属于该类。
2024-12-13 13:48:50,303 - 2 - INFO - **********PLAYER2**********
在比较四位玩家的描述后，以下是一致性和不一致之处：

一致之处：
- 所有玩家都提到了果实通常呈圆形或椭圆形。
- 所有玩家都提到了果实的皮色为紫红色。
- 所有玩家都提到了果肉可以是绿色或白色。
- 所有玩家都提到了果实具有独特的甜味和较高的营养价值。
- 所有玩家都提到了果实与同类水果相比，其皮色和种子分布是其突出的不同特征。
- 所有玩家都提到了果实适合作为休闲食品或用于制作甜点。

不一致之处：
- 玩家1和玩家2的描述中提到了果实成熟时呈现出鲜艳的紫红色外皮，而玩家3和玩家4没有提到这一点。
- 玩家1和玩家2的描述中提到了果实拥有紫红色的外皮和绿色或白色的果肉，而玩家3和玩家4的描述中只是提到了皮色为紫红色或绿色，肉质绿色或白色。
- 玩家1和玩家2的描述中提到了果实适合作为休闲食品，而玩家3和玩家4的描述中提到了果实通常用于制作甜品或作为健康零食。
- 玩家1和玩家2的描述中提到了果实以其独特的风味和丰富的营养素而受到人们的喜爱，而玩家3和玩家4的描述中提到了果实以其独特的香味和口感而闻名，并强调了其对消化系统的益处。
- 玩家3和玩家4的描述中提到了果实的种子分布较为均匀，而玩家1和玩家2没有提到这一点。

基于这些不一致之处，玩家3和玩家4的描述可能存在与玩家1和玩家2不同的地方，这可能是他们试图隐藏卧底身份的迹象。特别是玩家3的描述中提到了皮色为紫红色或绿色，肉质绿色或白色，这与其他玩家的描述有所不同，可能是一个不一致之处。
2024-12-13 13:48:50,306 - 2 - INFO - **********JUDGER**********
你刚刚的分析是在比较四位玩家的描述后，以下是一致性和不一致之处：

一致之处：
- 所有玩家都提到了果实通常呈圆形或椭圆形。
- 所有玩家都提到了果实的皮色为紫红色。
- 所有玩家都提到了果肉可以是绿色或白色。
- 所有玩家都提到了果实具有独特的甜味和较高的营养价值。
- 所有玩家都提到了果实与同类水果相比，其皮色和种子分布是其突出的不同特征。
- 所有玩家都提到了果实适合作为休闲食品或用于制作甜点。

不一致之处：
- 玩家1和玩家2的描述中提到了果实成熟时呈现出鲜艳的紫红色外皮，而玩家3和玩家4没有提到这一点。
- 玩家1和玩家2的描述中提到了果实拥有紫红色的外皮和绿色或白色的果肉，而玩家3和玩家4的描述中只是提到了皮色为紫红色或绿色，肉质绿色或白色。
- 玩家1和玩家2的描述中提到了果实适合作为休闲食品，而玩家3和玩家4的描述中提到了果实通常用于制作甜品或作为健康零食。
- 玩家1和玩家2的描述中提到了果实以其独特的风味和丰富的营养素而受到人们的喜爱，而玩家3和玩家4的描述中提到了果实以其独特的香味和口感而闻名，并强调了其对消化系统的益处。
- 玩家3和玩家4的描述中提到了果实的种子分布较为均匀，而玩家1和玩家2没有提到这一点。

基于这些不一致之处，玩家3和玩家4的描述可能存在与玩家1和玩家2不同的地方，这可能是他们试图隐藏卧底身份的迹象。特别是玩家3的描述中提到了皮色为紫红色或绿色，肉质绿色或白色，这与其他玩家的描述有所不同，可能是一个不一致之处。|| 请通过你分析的不一致之处，推断卧底身份，注意，这局游戏的词语分类为<水果>，卧底词和平民词都属于该类。
2024-12-13 13:48:51,350 - 2 - INFO - **********PLAYER2**********
玩家3
2024-12-13 13:48:51,351 - 2 - INFO - **********JUDGER**********
你刚刚的推断是玩家3|| 基于你刚刚的推断得出你的最终结论，请输出你认为的卧底，在这种情况下只需要输出编号，是1-4中的某个数字，不要输出其他信息。在这个过程不要进行任何推理，只对||以前的部分进行信息提取
2024-12-13 13:48:52,072 - 2 - INFO - **********PLAYER2**********
3
2024-12-13 13:49:42,548 - 2 - INFO - **********JUDGER**********
玩家1说：这是一个多汁的果实，通常呈圆形或椭圆形。在水果类中，它以其紫红色皮和绿色或白色果肉而著名。这是一个具有浓郁甜味的果实，通常拥有紫红色的外皮和绿色或白色的果肉。它的果实形状圆润，非常适合作为休闲食品。在水果类中，它以其独特的风味和丰富的营养素而受到人们的喜爱。这是一个色泽鲜艳、多汁的果实，外皮呈紫红色，内部果肉可能是绿色或白色。它通常在夏季成熟，口感甘甜，含有丰富的营养素，非常适合作为休闲食品。这种水果在水果类中以其独特的风味和营养价值而受到人们的喜爱。玩家2说：这是一个果实，通常呈圆形或椭圆形，皮色为紫红色，果肉可以是绿色或白色。在水果类中，它以其独特的甜味和较高的营养价值而受到喜爱。与其他水果相比，它最突出的不同特征可能是其皮色和种子分布。这种水果在成熟时呈现出鲜艳的紫红色外皮，果肉可以是绿色或白色，富含糖分，口感多汁。它通常被用来制作各种甜点，也是日常生活中常见的休闲食品。与同类水果相比，它的种子分布较为集中，这是它的一大特征。玩家3说：这是一个皮色为紫红色或绿色的果实，肉质通常呈绿色或白色。在水果类中，它以其独特的甜味和较高的营养价值而受到喜爱。最突出的不同特征可能是其皮色和种子分布。这是一个果实，成熟时外皮呈现出诱人的紫红色，内部果肉细腻，可以是绿色或白色。这种水果以其独特的香味和口感而闻名，不仅多汁，而且富含维生素和酶，对消化系统有益。它通常用于制作甜品或作为健康零食，深受人们喜爱。与同类水果相比，它的种子分布较为均匀，但不会影响食用体验。玩家4说：这是一个圆形或椭圆形的水果，外皮呈紫红色，内部果肉可以是绿色或白色。最突出的不同特征是它的皮色和种子分布。这个水果是常见的，通常在夏季成熟。它的外皮呈现出鲜艳的紫红色，果肉可以是绿色或白色，含有许多小颗粒种子。这种水果不仅口感多汁，而且富含多种维生素和抗氧化物质。它通常被用作甜点配料，也可以直接食用，是受欢迎的休闲食品。与同类水果相比，它的种子分布均匀，不会影响食用体验。你是第2号玩家，你的关键词是<葡萄>。你的回答中绝对不能包含你的关键词<葡萄>。这是第三轮描述，你之前的描述是这是一个果实，通常呈圆形或椭圆形，皮色为紫红色，果肉可以是绿色或白色。在水果类中，它以其独特的甜味和较高的营养价值而受到喜爱。与其他水果相比，它最突出的不同特征可能是其皮色和种子分布。和这种水果在成熟时呈现出鲜艳的紫红色外皮，果肉可以是绿色或白色，富含糖分，口感多汁。它通常被用来制作各种甜点，也是日常生活中常见的休闲食品。与同类水果相比，它的种子分布较为集中，这是它的一大特征。，注意，这局游戏的词语分类为<水果>，卧底词和平民词都属于该类，请你补充关于关键词的描述，注意，你的描述应该比起之前的描述更加贴近关键词，作为之前的补充
2024-12-13 13:49:46,177 - 2 - INFO - **********PLAYER2**********
这种水果在成熟时外皮呈现出鲜艳的紫红色，果肉可能是绿色或白色，富含糖分，口感多汁。它通常被用来制作各种甜点，也是日常生活中常见的休闲食品。与同类水果相比，它的种子分布较为集中，这是它的一大特征。这种水果的形状通常呈圆形或椭圆形，非常适合作为休闲食品。在水果类中，它以其独特的风味和丰富的营养素而受到人们的喜爱。
2024-12-13 13:50:27,506 - 2 - INFO - **********JUDGER**********
玩家1说：这是一个多汁的果实，通常呈圆形或椭圆形。在水果类中，它以其紫红色皮和绿色或白色果肉而著名。这是一个具有浓郁甜味的果实，通常拥有紫红色的外皮和绿色或白色的果肉。它的果实形状圆润，非常适合作为休闲食品。在水果类中，它以其独特的风味和丰富的营养素而受到人们的喜爱。这是一个色泽鲜艳、多汁的果实，外皮呈紫红色，内部果肉可能是绿色或白色。它通常在夏季成熟，口感甘甜，含有丰富的营养素，非常适合作为休闲食品。这种水果在水果类中以其独特的风味和营养价值而受到人们的喜爱。玩家2说：这是一个果实，通常呈圆形或椭圆形，皮色为紫红色，果肉可以是绿色或白色。在水果类中，它以其独特的甜味和较高的营养价值而受到喜爱。与其他水果相比，它最突出的不同特征可能是其皮色和种子分布。这种水果在成熟时呈现出鲜艳的紫红色外皮，果肉可以是绿色或白色，富含糖分，口感多汁。它通常被用来制作各种甜点，也是日常生活中常见的休闲食品。与同类水果相比，它的种子分布较为集中，这是它的一大特征。这种水果在成熟时外皮呈现出鲜艳的紫红色，果肉可能是绿色或白色，富含糖分，口感多汁。它通常被用来制作各种甜点，也是日常生活中常见的休闲食品。与同类水果相比，它的种子分布较为集中，这是它的一大特征。这种水果的形状通常呈圆形或椭圆形，非常适合作为休闲食品。在水果类中，它以其独特的风味和丰富的营养素而受到人们的喜爱。玩家3说：这是一个皮色为紫红色或绿色的果实，肉质通常呈绿色或白色。在水果类中，它以其独特的甜味和较高的营养价值而受到喜爱。最突出的不同特征可能是其皮色和种子分布。这是一个果实，成熟时外皮呈现出诱人的紫红色，内部果肉细腻，可以是绿色或白色。这种水果以其独特的香味和口感而闻名，不仅多汁，而且富含维生素和酶，对消化系统有益。它通常用于制作甜品或作为健康零食，深受人们喜爱。与同类水果相比，它的种子分布较为均匀，但不会影响食用体验。这是一个果实，其外皮呈现出诱人的紫红色，内部果肉通常是黄色的，质地柔软。这种水果以其独特的香味和口感而闻名，不仅多汁，而且富含多种维生素和酶，对消化系统有益。它通常用于制作甜品或作为健康零食，深受人们喜爱。与同类水果相比，它的种子分布较为均匀，但通常不需要去除即可食用。这种水果在成熟时通常在夏季，它的甜味和营养价值使其成为水果类中的佼佼者。玩家4说：这是一个圆形或椭圆形的水果，外皮呈紫红色，内部果肉可以是绿色或白色。最突出的不同特征是它的皮色和种子分布。这个水果是常见的，通常在夏季成熟。它的外皮呈现出鲜艳的紫红色，果肉可以是绿色或白色，含有许多小颗粒种子。这种水果不仅口感多汁，而且富含多种维生素和抗氧化物质。它通常被用作甜点配料，也可以直接食用，是受欢迎的休闲食品。与同类水果相比，它的种子分布均匀，不会影响食用体验。这个水果是小巧的，通常成串生长，每个果实大小相近。它的外皮薄且脆弱，容易剥离，呈现出鲜艳的紫红色。果肉通常是透明的，没有明显的籽粒，口感甘甜多汁。这种水果因其自然的风味和营养价值而受到喜爱，常被用于制作饮品和甜点。它通常在秋季成熟，是水果市场中的热门选择。||在这个游戏中，我们需要通过分析每位玩家的描述来找出卧底。通常，平民的描述会围绕相同的词语展开，而卧底的描述可能会因为词语的不同而显得不太一致。我们需要仔细比较每个描述之间的相似性和差异性，以找出可能的卧底，注意，卧底并不会隐藏自己，他会直接描述他的词语，现在，逐一分析每个玩家的描述，注意，这局游戏的词语分类为<水果>，卧底词和平民词都属于该类。||之前是第3轮描述和之前轮数描述的合集。你之前认为的卧底是玩家3。
2024-12-13 13:50:29,374 - 2 - INFO - **********PLAYER2**********
玩家3
2024-12-13 13:50:29,376 - 2 - INFO - **********JUDGER**********
你刚刚的分析是玩家3|| `请根据上述分析，比较描述以找出不一致之处，注意，这局游戏的词语分类为<水果>，卧底词和平民词都属于该类。
2024-12-13 13:50:48,124 - 2 - INFO - **********PLAYER2**********
在比较四位玩家的描述后，以下是一致性和不一致之处：

一致之处：
- 所有玩家都提到了果实通常呈圆形或椭圆形。
- 所有玩家都提到了果实的皮色为紫红色。
- 所有玩家都提到了果肉可以是绿色或白色。
- 所有玩家都提到了果实具有独特的甜味和较高的营养价值。
- 所有玩家都提到了果实与同类水果相比，其皮色和种子分布是其突出的不同特征。
- 所有玩家都提到了果实适合作为休闲食品或用于制作甜点。
- 所有玩家都提到了果实成熟时外皮呈现出鲜艳的紫红色。
- 所有玩家都提到了果实富含糖分，口感多汁。

不一致之处：
- 玩家1和玩家2的描述中提到了果实拥有紫红色的外皮和绿色或白色的果肉，而玩家3和玩家4的描述中只是提到了皮色为紫红色或绿色，肉质绿色或白色。
- 玩家3的描述中提到了果肉通常是黄色的，而其他玩家的描述中果肉是绿色或白色。
- 玩家3的描述中提到了果实的种子分布较为均匀，而其他玩家的描述中提到了种子分布较为集中或均匀，但不会影响食用体验。
- 玩家3的描述中提到了果实成熟时通常在夏季，而其他玩家的描述中提到了果实通常在夏季成熟，但没有具体强调这一点。
- 玩家4的描述中提到了果实是小巧的，通常成串生长，每个果实大小相近，而其他玩家的描述中未提及这一点。
- 玩家4的描述中提到了果实的外皮薄且脆弱，容易剥离，呈现出鲜艳的紫红色，而其他玩家的描述中未提及这一点。
- 玩家4的描述中提到了果肉通常是透明的，没有明显的籽粒，而其他玩家的描述中未提及这一点。

基于这些不一致之处，玩家3的描述与玩家1和玩家2的描述存在明显的差异，特别是在果肉颜色和种子分布的描述上，这可能是玩家3作为卧底的一个线索。
2024-12-13 13:50:48,127 - 2 - INFO - **********JUDGER**********
你刚刚的分析是在比较四位玩家的描述后，以下是一致性和不一致之处：

一致之处：
- 所有玩家都提到了果实通常呈圆形或椭圆形。
- 所有玩家都提到了果实的皮色为紫红色。
- 所有玩家都提到了果肉可以是绿色或白色。
- 所有玩家都提到了果实具有独特的甜味和较高的营养价值。
- 所有玩家都提到了果实与同类水果相比，其皮色和种子分布是其突出的不同特征。
- 所有玩家都提到了果实适合作为休闲食品或用于制作甜点。
- 所有玩家都提到了果实成熟时外皮呈现出鲜艳的紫红色。
- 所有玩家都提到了果实富含糖分，口感多汁。

不一致之处：
- 玩家1和玩家2的描述中提到了果实拥有紫红色的外皮和绿色或白色的果肉，而玩家3和玩家4的描述中只是提到了皮色为紫红色或绿色，肉质绿色或白色。
- 玩家3的描述中提到了果肉通常是黄色的，而其他玩家的描述中果肉是绿色或白色。
- 玩家3的描述中提到了果实的种子分布较为均匀，而其他玩家的描述中提到了种子分布较为集中或均匀，但不会影响食用体验。
- 玩家3的描述中提到了果实成熟时通常在夏季，而其他玩家的描述中提到了果实通常在夏季成熟，但没有具体强调这一点。
- 玩家4的描述中提到了果实是小巧的，通常成串生长，每个果实大小相近，而其他玩家的描述中未提及这一点。
- 玩家4的描述中提到了果实的外皮薄且脆弱，容易剥离，呈现出鲜艳的紫红色，而其他玩家的描述中未提及这一点。
- 玩家4的描述中提到了果肉通常是透明的，没有明显的籽粒，而其他玩家的描述中未提及这一点。

基于这些不一致之处，玩家3的描述与玩家1和玩家2的描述存在明显的差异，特别是在果肉颜色和种子分布的描述上，这可能是玩家3作为卧底的一个线索。|| 请通过你分析的不一致之处，推断卧底身份，注意，这局游戏的词语分类为<水果>，卧底词和平民词都属于该类。
2024-12-13 13:50:49,171 - 2 - INFO - **********PLAYER2**********
玩家3
2024-12-13 13:50:49,172 - 2 - INFO - **********JUDGER**********
你刚刚的推断是玩家3|| 基于你刚刚的推断得出你的最终结论，请输出你认为的卧底，在这种情况下只需要输出编号，是1-4中的某个数字，不要输出其他信息。在这个过程不要进行任何推理，只对||以前的部分进行信息提取
2024-12-13 13:50:50,858 - 2 - INFO - **********PLAYER2**********
好的，我准备好参加游戏了。
2024-12-13 13:50:50,859 - 2 - WARNING - Invalid vote: 好的，我准备好参加游戏了。. Asking again.
2024-12-13 13:50:50,861 - 2 - INFO - **********JUDGER**********
你刚刚的推断是玩家3|| 基于你刚刚的推断得出你的最终结论，请输出你认为的卧底，在这种情况下只需要输出编号，是1-4中的某个数字，不要输出其他信息。在这个过程不要进行任何推理，只对||以前的部分进行信息提取
2024-12-13 13:50:52,220 - 2 - INFO - **********PLAYER2**********
3
