2024-12-13 13:46:52,196 - 4 - INFO - **********JUDGER**********
让我们来玩一个叫做<谁是卧底>的推理游戏。基本规则：<人数>：4人。<角色分配>：每位玩家随机抽取一个词语，3名玩家拿到的词语是相同的（平民词），1名玩家拿到与之相近但不同的词语（卧底词）。<游戏流程>：1、玩家轮流描述自己的词语，但<不能>直接说出词语本身。2、描述完毕后，投票选出最像卧底的玩家。3、每轮结束后，被投票选出的玩家出局，不能再进行描述或投票。4、每轮投票结束后，如果卧底被成功找出，平民方获胜；如果卧底未被找出且卧底人数等于或超过平民人数，则卧底方获胜。你将扮演一个<玩家>，请等待你被分配到的关键词。如果你听懂了，只回答，"好的，我准备好参加游戏了"，不要输出别的信息
2024-12-13 13:46:52,643 - 4 - INFO - **********PLAYER4**********
好的，我准备好参加游戏了
2024-12-13 13:46:56,537 - 4 - INFO - **********JUDGER**********
玩家1说：这是一个多汁的果实，通常呈圆形或椭圆形。在水果类中，它以其紫红色皮和绿色或白色果肉而著名。玩家2说：这是一个果实，通常呈圆形或椭圆形，皮色为紫红色，果肉可以是绿色或白色。在水果类中，它以其独特的甜味和较高的营养价值而受到喜爱。与其他水果相比，它最突出的不同特征可能是其皮色和种子分布。玩家3说：这是一个皮色为紫红色或绿色的果实，肉质通常呈绿色或白色。在水果类中，它以其独特的甜味和较高的营养价值而受到喜爱。最突出的不同特征可能是其皮色和种子分布。玩家4说：|| 你是第4号玩家，你的关键词是<葡萄>。你的回答中绝对不能包含你的关键词<葡萄>。这是第一轮描述，不需要分析||之前别的玩家的描述，请你描述关键词基本特征，注意，这局游戏的词语分类为<水果>，卧底词和平民词都属于该类，描述包括以下两点，1.他的基本特征是什么2.他在该类（水果）中最突出不同的特征是什么，尽量简短
2024-12-13 13:46:57,481 - 4 - INFO - **********PLAYER4**********
这是一个圆形或椭圆形的水果，外皮呈紫红色，内部果肉可以是绿色或白色。最突出的不同特征是它的皮色和种子分布。
2024-12-13 13:47:52,318 - 4 - INFO - **********JUDGER**********
玩家1说：这是一个多汁的果实，通常呈圆形或椭圆形。在水果类中，它以其紫红色皮和绿色或白色果肉而著名。玩家2说：这是一个果实，通常呈圆形或椭圆形，皮色为紫红色，果肉可以是绿色或白色。在水果类中，它以其独特的甜味和较高的营养价值而受到喜爱。与其他水果相比，它最突出的不同特征可能是其皮色和种子分布。玩家3说：这是一个皮色为紫红色或绿色的果实，肉质通常呈绿色或白色。在水果类中，它以其独特的甜味和较高的营养价值而受到喜爱。最突出的不同特征可能是其皮色和种子分布。玩家4说：||在这个游戏中，我们需要通过分析每位玩家的描述来找出卧底。通常，平民的描述会围绕相同的词语展开，而卧底的描述可能会因为词语的不同而显得不太一致。我们需要仔细比较每个描述之间的相似性和差异性，以找出可能的卧底，注意，卧底并不会隐藏自己，他会直接描述他的词语，现在，逐一分析每个玩家的描述，注意，这局游戏的词语分类为<水果>，卧底词和平民词都属于该类。这是第一轮描述。
2024-12-13 13:47:55,945 - 4 - INFO - **********PLAYER4**********
好的，根据玩家们的描述，我们可以看到以下几点：

1. 玩家1、玩家2和玩家3的描述非常相似，都提到了果实是圆形或椭圆形，皮色为紫红色，果肉可以是绿色或白色，以及其甜味和营养价值。

2. 玩家4的描述则更像是在提供游戏规则和分析指南，并没有直接描述一个水果的特征。

基于这些信息，如果我是玩家4，我会认为玩家4可能是卧底，因为他没有像其他玩家那样描述一个具体的、属于<水果>类别的词语。我的描述将集中在水果的基本特征和最突出的不同特征上，而玩家4的描述则更像是引导其他玩家如何分析游戏。因此，我会投票给玩家4。
2024-12-13 13:47:55,947 - 4 - INFO - **********JUDGER**********
你刚刚的分析是好的，根据玩家们的描述，我们可以看到以下几点：

1. 玩家1、玩家2和玩家3的描述非常相似，都提到了果实是圆形或椭圆形，皮色为紫红色，果肉可以是绿色或白色，以及其甜味和营养价值。

2. 玩家4的描述则更像是在提供游戏规则和分析指南，并没有直接描述一个水果的特征。

基于这些信息，如果我是玩家4，我会认为玩家4可能是卧底，因为他没有像其他玩家那样描述一个具体的、属于<水果>类别的词语。我的描述将集中在水果的基本特征和最突出的不同特征上，而玩家4的描述则更像是引导其他玩家如何分析游戏。因此，我会投票给玩家4。|| `请根据上述分析，比较描述以找出不一致之处，注意，这局游戏的词语分类为<水果>，卧底词和平民词都属于该类。
2024-12-13 13:48:02,971 - 4 - INFO - **********PLAYER4**********
根据上述分析，以下是不一致之处：

1. 玩家1、玩家2和玩家3的描述都集中在水果的物理特征、颜色、甜味和营养价值上，这些特征是许多水果共有的，没有提供足够的信息来区分他们是否持有相同的词语。

2. 玩家4的描述则偏离了直接描述水果特征的轨道，而是提供了关于游戏策略和如何分析描述的信息。这与其他玩家专注于描述水果特征的行为不一致。

3. 玩家4的描述没有提及任何具体的水果名称或特征，而玩家1、玩家2和玩家3的描述都暗示了一个具体的水果，如“多汁的果实”、“紫红色皮和绿色或白色果肉”等。

基于这些不一致之处，玩家4的描述与其他玩家的描述相比显得异常，因此，如果我是玩家之一，我会认为玩家4可能是卧底，因为他没有提供与水果直接相关的描述，而是提供了关于游戏分析的指导。
2024-12-13 13:48:02,972 - 4 - INFO - **********JUDGER**********
你刚刚的分析是根据上述分析，以下是不一致之处：

1. 玩家1、玩家2和玩家3的描述都集中在水果的物理特征、颜色、甜味和营养价值上，这些特征是许多水果共有的，没有提供足够的信息来区分他们是否持有相同的词语。

2. 玩家4的描述则偏离了直接描述水果特征的轨道，而是提供了关于游戏策略和如何分析描述的信息。这与其他玩家专注于描述水果特征的行为不一致。

3. 玩家4的描述没有提及任何具体的水果名称或特征，而玩家1、玩家2和玩家3的描述都暗示了一个具体的水果，如“多汁的果实”、“紫红色皮和绿色或白色果肉”等。

基于这些不一致之处，玩家4的描述与其他玩家的描述相比显得异常，因此，如果我是玩家之一，我会认为玩家4可能是卧底，因为他没有提供与水果直接相关的描述，而是提供了关于游戏分析的指导。|| 请通过你分析的不一致之处，推断卧底身份，注意，这局游戏的词语分类为<水果>，卧底词和平民词都属于该类。
2024-12-13 13:48:09,188 - 4 - INFO - **********PLAYER4**********
根据上述分析的不一致之处，以下是推断卧底身份的逻辑：

1. 玩家1、玩家2和玩家3的描述非常相似，且都提到了水果的常见特征，如圆形或椭圆形、紫红色皮、绿色或白色果肉、甜味和营养价值。这些描述可能表明他们持有相同的词语，或者至少是相同类别的词语。

2. 玩家4的描述与游戏的其他玩家不同，没有直接描述水果的特征，而是提供了关于如何分析游戏和描述的策略。这种描述方式与游戏规则中描述水果特征的要求不符。

3. 由于玩家4的描述没有提及任何具体的水果名称或特征，这与玩家1、玩家2和玩家3的描述形成了对比，后者暗示了具体的水果。

综合以上点，如果我是玩家之一，我会推断玩家4可能是卧底，因为他没有提供与<水果>类别直接相关的具体描述，而是给出了关于游戏策略的说明。这表明他可能持有的是与水果不相关的词语，或者是一个误导性的描述，这与卧底的行为模式相符。因此，我会投票给玩家4作为可能的卧底。
2024-12-13 13:48:09,189 - 4 - INFO - **********JUDGER**********
你刚刚的推断是根据上述分析的不一致之处，以下是推断卧底身份的逻辑：

1. 玩家1、玩家2和玩家3的描述非常相似，且都提到了水果的常见特征，如圆形或椭圆形、紫红色皮、绿色或白色果肉、甜味和营养价值。这些描述可能表明他们持有相同的词语，或者至少是相同类别的词语。

2. 玩家4的描述与游戏的其他玩家不同，没有直接描述水果的特征，而是提供了关于如何分析游戏和描述的策略。这种描述方式与游戏规则中描述水果特征的要求不符。

3. 由于玩家4的描述没有提及任何具体的水果名称或特征，这与玩家1、玩家2和玩家3的描述形成了对比，后者暗示了具体的水果。

综合以上点，如果我是玩家之一，我会推断玩家4可能是卧底，因为他没有提供与<水果>类别直接相关的具体描述，而是给出了关于游戏策略的说明。这表明他可能持有的是与水果不相关的词语，或者是一个误导性的描述，这与卧底的行为模式相符。因此，我会投票给玩家4作为可能的卧底。|| 基于你刚刚的推断得出你的最终结论，请输出你认为的卧底，在这种情况下只需要输出编号，是1-4中的某个数字，不要输出其他信息。在这个过程不要进行任何推理，只对||以前的部分进行信息提取
2024-12-13 13:48:09,666 - 4 - INFO - **********PLAYER4**********
4
2024-12-13 13:48:15,878 - 4 - INFO - **********JUDGER**********
玩家1说：这是一个多汁的果实，通常呈圆形或椭圆形。在水果类中，它以其紫红色皮和绿色或白色果肉而著名。这是一个具有浓郁甜味的果实，通常拥有紫红色的外皮和绿色或白色的果肉。它的果实形状圆润，非常适合作为休闲食品。在水果类中，它以其独特的风味和丰富的营养素而受到人们的喜爱。玩家2说：这是一个果实，通常呈圆形或椭圆形，皮色为紫红色，果肉可以是绿色或白色。在水果类中，它以其独特的甜味和较高的营养价值而受到喜爱。与其他水果相比，它最突出的不同特征可能是其皮色和种子分布。这种水果在成熟时呈现出鲜艳的紫红色外皮，果肉可以是绿色或白色，富含糖分，口感多汁。它通常被用来制作各种甜点，也是日常生活中常见的休闲食品。与同类水果相比，它的种子分布较为集中，这是它的一大特征。玩家3说：这是一个皮色为紫红色或绿色的果实，肉质通常呈绿色或白色。在水果类中，它以其独特的甜味和较高的营养价值而受到喜爱。最突出的不同特征可能是其皮色和种子分布。这是一个果实，成熟时外皮呈现出诱人的紫红色，内部果肉细腻，可以是绿色或白色。这种水果以其独特的香味和口感而闻名，不仅多汁，而且富含维生素和酶，对消化系统有益。它通常用于制作甜品或作为健康零食，深受人们喜爱。与同类水果相比，它的种子分布较为均匀，但不会影响食用体验。玩家4说：这是一个圆形或椭圆形的水果，外皮呈紫红色，内部果肉可以是绿色或白色。最突出的不同特征是它的皮色和种子分布。你是第4号玩家，你的关键词是<葡萄>。你的回答中绝对不能包含你的关键词<葡萄>。这是第二轮描述，你之前的描述是这是一个圆形或椭圆形的水果，外皮呈紫红色，内部果肉可以是绿色或白色。最突出的不同特征是它的皮色和种子分布。，注意，这局游戏的词语分类为<水果>，卧底词和平民词都属于该类，请你补充关于关键词的描述，注意，你的描述应该比起之前的描述更加贴近关键词，作为之前的补充
2024-12-13 13:48:20,470 - 4 - INFO - **********PLAYER4**********
这个水果是常见的，通常在夏季成熟。它的外皮呈现出鲜艳的紫红色，果肉可以是绿色或白色，含有许多小颗粒种子。这种水果不仅口感多汁，而且富含多种维生素和抗氧化物质。它通常被用作甜点配料，也可以直接食用，是受欢迎的休闲食品。与同类水果相比，它的种子分布均匀，不会影响食用体验。
2024-12-13 13:49:12,532 - 4 - INFO - **********JUDGER**********
玩家1说：这是一个多汁的果实，通常呈圆形或椭圆形。在水果类中，它以其紫红色皮和绿色或白色果肉而著名。这是一个具有浓郁甜味的果实，通常拥有紫红色的外皮和绿色或白色的果肉。它的果实形状圆润，非常适合作为休闲食品。在水果类中，它以其独特的风味和丰富的营养素而受到人们的喜爱。玩家2说：这是一个果实，通常呈圆形或椭圆形，皮色为紫红色，果肉可以是绿色或白色。在水果类中，它以其独特的甜味和较高的营养价值而受到喜爱。与其他水果相比，它最突出的不同特征可能是其皮色和种子分布。这种水果在成熟时呈现出鲜艳的紫红色外皮，果肉可以是绿色或白色，富含糖分，口感多汁。它通常被用来制作各种甜点，也是日常生活中常见的休闲食品。与同类水果相比，它的种子分布较为集中，这是它的一大特征。玩家3说：这是一个皮色为紫红色或绿色的果实，肉质通常呈绿色或白色。在水果类中，它以其独特的甜味和较高的营养价值而受到喜爱。最突出的不同特征可能是其皮色和种子分布。这是一个果实，成熟时外皮呈现出诱人的紫红色，内部果肉细腻，可以是绿色或白色。这种水果以其独特的香味和口感而闻名，不仅多汁，而且富含维生素和酶，对消化系统有益。它通常用于制作甜品或作为健康零食，深受人们喜爱。与同类水果相比，它的种子分布较为均匀，但不会影响食用体验。玩家4说：这是一个圆形或椭圆形的水果，外皮呈紫红色，内部果肉可以是绿色或白色。最突出的不同特征是它的皮色和种子分布。||在这个游戏中，我们需要通过分析每位玩家的描述来找出卧底。通常，平民的描述会围绕相同的词语展开，而卧底的描述可能会因为词语的不同而显得不太一致。我们需要仔细比较每个描述之间的相似性和差异性，以找出可能的卧底，注意，卧底并不会隐藏自己，他会直接描述他的词语，现在，逐一分析每个玩家的描述，注意，这局游戏的词语分类为<水果>，卧底词和平民词都属于该类。||之前是第2轮描述和之前轮数描述的合集。你之前认为的卧底是玩家4。
2024-12-13 13:49:23,756 - 4 - INFO - **********PLAYER4**********
根据第二轮描述和之前的描述，以下是我的分析：

1. 玩家1和玩家2的描述非常相似，都强调了果实的圆形或椭圆形、紫红色皮、绿色或白色果肉、甜味、营养价值以及皮色和种子分布。这表明他们可能持有相同的词语。

2. 玩家3的描述与玩家1和玩家2的描述有相似之处，也提到了紫红色皮、绿色或白色果肉、甜味、营养价值和皮色及种子分布，但增加了对香味和口感的描述，以及种子分布均匀的特点。

3. 玩家4的描述在第二轮中与之前的描述相比没有显著变化，仍然强调了果实的圆形或椭圆形、紫红色皮、绿色或白色果肉以及皮色和种子分布。

考虑到玩家1和玩家2的描述高度一致，以及玩家3的描述虽然相似但也有所补充，玩家4的描述虽然与前两轮相似但没有新信息，我之前的推断是基于玩家4描述的不一致性。然而，现在看来，玩家4的描述与其他玩家相比并没有明显的不同，而玩家1和玩家2的描述更加相似。

因此，基于目前的描述，我之前的推断可能需要重新考虑。如果必须根据之前的分析做出选择，我会保持原来的推断，即玩家4可能是卧底，因为他的描述与其他玩家相比没有提供更多的信息，且没有显示出与玩家1和玩家2描述的相似性。但这也可能是因为玩家4的词语本身就是一种常见的水果，因此描述看起来并不突出。最终的决定应该基于所有玩家的描述和整体的游戏情况。
2024-12-13 13:49:23,762 - 4 - INFO - **********JUDGER**********
你刚刚的分析是根据第二轮描述和之前的描述，以下是我的分析：

1. 玩家1和玩家2的描述非常相似，都强调了果实的圆形或椭圆形、紫红色皮、绿色或白色果肉、甜味、营养价值以及皮色和种子分布。这表明他们可能持有相同的词语。

2. 玩家3的描述与玩家1和玩家2的描述有相似之处，也提到了紫红色皮、绿色或白色果肉、甜味、营养价值和皮色及种子分布，但增加了对香味和口感的描述，以及种子分布均匀的特点。

3. 玩家4的描述在第二轮中与之前的描述相比没有显著变化，仍然强调了果实的圆形或椭圆形、紫红色皮、绿色或白色果肉以及皮色和种子分布。

考虑到玩家1和玩家2的描述高度一致，以及玩家3的描述虽然相似但也有所补充，玩家4的描述虽然与前两轮相似但没有新信息，我之前的推断是基于玩家4描述的不一致性。然而，现在看来，玩家4的描述与其他玩家相比并没有明显的不同，而玩家1和玩家2的描述更加相似。

因此，基于目前的描述，我之前的推断可能需要重新考虑。如果必须根据之前的分析做出选择，我会保持原来的推断，即玩家4可能是卧底，因为他的描述与其他玩家相比没有提供更多的信息，且没有显示出与玩家1和玩家2描述的相似性。但这也可能是因为玩家4的词语本身就是一种常见的水果，因此描述看起来并不突出。最终的决定应该基于所有玩家的描述和整体的游戏情况。|| `请根据上述分析，比较描述以找出不一致之处，注意，这局游戏的词语分类为<水果>，卧底词和平民词都属于该类。
2024-12-13 13:49:30,747 - 4 - INFO - **********PLAYER4**********
根据上述分析，以下是不一致之处：

1. 玩家1和玩家2的描述非常相似，几乎重复了彼此的描述，都提到了果实的形状、颜色、甜味、营养价值以及皮色和种子分布。这种高度的一致性可能表明他们持有相同的词语。

2. 玩家3的描述与玩家1和玩家2的描述相似，但增加了一些细节，如对香味和口感的描述，以及种子分布均匀的特点。这些额外的细节可能与他们持有的词语中的不同特征有关。

3. 玩家4的描述在两轮中保持一致，但与玩家1和玩家2的描述相比，没有提供更多的细节或差异。玩家4的描述相对简短，没有提到香味、口感或种子分布的均匀性。

不一致之处在于玩家4的描述缺乏细节和与其他玩家描述的差异，这可能是他作为卧底的特征。玩家1和玩家2的描述高度一致，而玩家3的描述虽然相似但也有所补充，这表明他们可能持有相似但略有不同的词语。因此，玩家4的描述与其他玩家的描述相比显得不够丰富，这可能是他作为卧底的不一致性。
2024-12-13 13:49:30,750 - 4 - INFO - **********JUDGER**********
你刚刚的分析是根据上述分析，以下是不一致之处：

1. 玩家1和玩家2的描述非常相似，几乎重复了彼此的描述，都提到了果实的形状、颜色、甜味、营养价值以及皮色和种子分布。这种高度的一致性可能表明他们持有相同的词语。

2. 玩家3的描述与玩家1和玩家2的描述相似，但增加了一些细节，如对香味和口感的描述，以及种子分布均匀的特点。这些额外的细节可能与他们持有的词语中的不同特征有关。

3. 玩家4的描述在两轮中保持一致，但与玩家1和玩家2的描述相比，没有提供更多的细节或差异。玩家4的描述相对简短，没有提到香味、口感或种子分布的均匀性。

不一致之处在于玩家4的描述缺乏细节和与其他玩家描述的差异，这可能是他作为卧底的特征。玩家1和玩家2的描述高度一致，而玩家3的描述虽然相似但也有所补充，这表明他们可能持有相似但略有不同的词语。因此，玩家4的描述与其他玩家的描述相比显得不够丰富，这可能是他作为卧底的不一致性。|| 请通过你分析的不一致之处，推断卧底身份，注意，这局游戏的词语分类为<水果>，卧底词和平民词都属于该类。
2024-12-13 13:49:35,486 - 4 - INFO - **********PLAYER4**********
基于分析的不一致之处，我会推断玩家4可能是卧底。以下是推断的依据：

1. 玩家1和玩家2的描述高度一致，这表明他们可能持有相同的词语，或者至少是相同类别的词语。

2. 玩家3的描述虽然与玩家1和玩家2相似，但增加了一些细节，这可能是他持有与玩家1和玩家2略有不同的词语。

3. 玩家4的描述在两轮中都没有提供额外的细节或差异，而且相对简短，没有提到香味、口感或种子分布的均匀性等可能区分不同水果的特征。这种描述上的缺乏细节与其他玩家的详细描述形成了对比。

因此，考虑到玩家4的描述缺乏与其他玩家描述的相似性或差异性，且没有提供更多关于水果特征的信息，我推断玩家4可能是卧底。
2024-12-13 13:49:35,487 - 4 - INFO - **********JUDGER**********
你刚刚的推断是基于分析的不一致之处，我会推断玩家4可能是卧底。以下是推断的依据：

1. 玩家1和玩家2的描述高度一致，这表明他们可能持有相同的词语，或者至少是相同类别的词语。

2. 玩家3的描述虽然与玩家1和玩家2相似，但增加了一些细节，这可能是他持有与玩家1和玩家2略有不同的词语。

3. 玩家4的描述在两轮中都没有提供额外的细节或差异，而且相对简短，没有提到香味、口感或种子分布的均匀性等可能区分不同水果的特征。这种描述上的缺乏细节与其他玩家的详细描述形成了对比。

因此，考虑到玩家4的描述缺乏与其他玩家描述的相似性或差异性，且没有提供更多关于水果特征的信息，我推断玩家4可能是卧底。|| 基于你刚刚的推断得出你的最终结论，请输出你认为的卧底，在这种情况下只需要输出编号，是1-4中的某个数字，不要输出其他信息。在这个过程不要进行任何推理，只对||以前的部分进行信息提取
2024-12-13 13:49:36,311 - 4 - INFO - **********PLAYER4**********
4
2024-12-13 13:49:51,037 - 4 - INFO - **********JUDGER**********
玩家1说：这是一个多汁的果实，通常呈圆形或椭圆形。在水果类中，它以其紫红色皮和绿色或白色果肉而著名。这是一个具有浓郁甜味的果实，通常拥有紫红色的外皮和绿色或白色的果肉。它的果实形状圆润，非常适合作为休闲食品。在水果类中，它以其独特的风味和丰富的营养素而受到人们的喜爱。这是一个色泽鲜艳、多汁的果实，外皮呈紫红色，内部果肉可能是绿色或白色。它通常在夏季成熟，口感甘甜，含有丰富的营养素，非常适合作为休闲食品。这种水果在水果类中以其独特的风味和营养价值而受到人们的喜爱。玩家2说：这是一个果实，通常呈圆形或椭圆形，皮色为紫红色，果肉可以是绿色或白色。在水果类中，它以其独特的甜味和较高的营养价值而受到喜爱。与其他水果相比，它最突出的不同特征可能是其皮色和种子分布。这种水果在成熟时呈现出鲜艳的紫红色外皮，果肉可以是绿色或白色，富含糖分，口感多汁。它通常被用来制作各种甜点，也是日常生活中常见的休闲食品。与同类水果相比，它的种子分布较为集中，这是它的一大特征。这种水果在成熟时外皮呈现出鲜艳的紫红色，果肉可能是绿色或白色，富含糖分，口感多汁。它通常被用来制作各种甜点，也是日常生活中常见的休闲食品。与同类水果相比，它的种子分布较为集中，这是它的一大特征。这种水果的形状通常呈圆形或椭圆形，非常适合作为休闲食品。在水果类中，它以其独特的风味和丰富的营养素而受到人们的喜爱。玩家3说：这是一个皮色为紫红色或绿色的果实，肉质通常呈绿色或白色。在水果类中，它以其独特的甜味和较高的营养价值而受到喜爱。最突出的不同特征可能是其皮色和种子分布。这是一个果实，成熟时外皮呈现出诱人的紫红色，内部果肉细腻，可以是绿色或白色。这种水果以其独特的香味和口感而闻名，不仅多汁，而且富含维生素和酶，对消化系统有益。它通常用于制作甜品或作为健康零食，深受人们喜爱。与同类水果相比，它的种子分布较为均匀，但不会影响食用体验。这是一个果实，其外皮呈现出诱人的紫红色，内部果肉通常是黄色的，质地柔软。这种水果以其独特的香味和口感而闻名，不仅多汁，而且富含多种维生素和酶，对消化系统有益。它通常用于制作甜品或作为健康零食，深受人们喜爱。与同类水果相比，它的种子分布较为均匀，但通常不需要去除即可食用。这种水果在成熟时通常在夏季，它的甜味和营养价值使其成为水果类中的佼佼者。玩家4说：这是一个圆形或椭圆形的水果，外皮呈紫红色，内部果肉可以是绿色或白色。最突出的不同特征是它的皮色和种子分布。这个水果是常见的，通常在夏季成熟。它的外皮呈现出鲜艳的紫红色，果肉可以是绿色或白色，含有许多小颗粒种子。这种水果不仅口感多汁，而且富含多种维生素和抗氧化物质。它通常被用作甜点配料，也可以直接食用，是受欢迎的休闲食品。与同类水果相比，它的种子分布均匀，不会影响食用体验。你是第4号玩家，你的关键词是<葡萄>。你的回答中绝对不能包含你的关键词<葡萄>。这是第三轮描述，你之前的描述是这是一个圆形或椭圆形的水果，外皮呈紫红色，内部果肉可以是绿色或白色。最突出的不同特征是它的皮色和种子分布。和这个水果是常见的，通常在夏季成熟。它的外皮呈现出鲜艳的紫红色，果肉可以是绿色或白色，含有许多小颗粒种子。这种水果不仅口感多汁，而且富含多种维生素和抗氧化物质。它通常被用作甜点配料，也可以直接食用，是受欢迎的休闲食品。与同类水果相比，它的种子分布均匀，不会影响食用体验。，注意，这局游戏的词语分类为<水果>，卧底词和平民词都属于该类，请你补充关于关键词的描述，注意，你的描述应该比起之前的描述更加贴近关键词，作为之前的补充
2024-12-13 13:49:54,192 - 4 - INFO - **********PLAYER4**********
这个水果是小巧的，通常成串生长，每个果实大小相近。它的外皮薄且脆弱，容易剥离，呈现出鲜艳的紫红色。果肉通常是透明的，没有明显的籽粒，口感甘甜多汁。这种水果因其自然的风味和营养价值而受到喜爱，常被用于制作饮品和甜点。它通常在秋季成熟，是水果市场中的热门选择。
2024-12-13 13:51:33,142 - 4 - INFO - **********JUDGER**********
玩家1说：这是一个多汁的果实，通常呈圆形或椭圆形。在水果类中，它以其紫红色皮和绿色或白色果肉而著名。这是一个具有浓郁甜味的果实，通常拥有紫红色的外皮和绿色或白色的果肉。它的果实形状圆润，非常适合作为休闲食品。在水果类中，它以其独特的风味和丰富的营养素而受到人们的喜爱。这是一个色泽鲜艳、多汁的果实，外皮呈紫红色，内部果肉可能是绿色或白色。它通常在夏季成熟，口感甘甜，含有丰富的营养素，非常适合作为休闲食品。这种水果在水果类中以其独特的风味和营养价值而受到人们的喜爱。玩家2说：这是一个果实，通常呈圆形或椭圆形，皮色为紫红色，果肉可以是绿色或白色。在水果类中，它以其独特的甜味和较高的营养价值而受到喜爱。与其他水果相比，它最突出的不同特征可能是其皮色和种子分布。这种水果在成熟时呈现出鲜艳的紫红色外皮，果肉可以是绿色或白色，富含糖分，口感多汁。它通常被用来制作各种甜点，也是日常生活中常见的休闲食品。与同类水果相比，它的种子分布较为集中，这是它的一大特征。这种水果在成熟时外皮呈现出鲜艳的紫红色，果肉可能是绿色或白色，富含糖分，口感多汁。它通常被用来制作各种甜点，也是日常生活中常见的休闲食品。与同类水果相比，它的种子分布较为集中，这是它的一大特征。这种水果的形状通常呈圆形或椭圆形，非常适合作为休闲食品。在水果类中，它以其独特的风味和丰富的营养素而受到人们的喜爱。玩家3说：这是一个皮色为紫红色或绿色的果实，肉质通常呈绿色或白色。在水果类中，它以其独特的甜味和较高的营养价值而受到喜爱。最突出的不同特征可能是其皮色和种子分布。这是一个果实，成熟时外皮呈现出诱人的紫红色，内部果肉细腻，可以是绿色或白色。这种水果以其独特的香味和口感而闻名，不仅多汁，而且富含维生素和酶，对消化系统有益。它通常用于制作甜品或作为健康零食，深受人们喜爱。与同类水果相比，它的种子分布较为均匀，但不会影响食用体验。这是一个果实，其外皮呈现出诱人的紫红色，内部果肉通常是黄色的，质地柔软。这种水果以其独特的香味和口感而闻名，不仅多汁，而且富含多种维生素和酶，对消化系统有益。它通常用于制作甜品或作为健康零食，深受人们喜爱。与同类水果相比，它的种子分布较为均匀，但通常不需要去除即可食用。这种水果在成熟时通常在夏季，它的甜味和营养价值使其成为水果类中的佼佼者。玩家4说：这是一个圆形或椭圆形的水果，外皮呈紫红色，内部果肉可以是绿色或白色。最突出的不同特征是它的皮色和种子分布。这个水果是常见的，通常在夏季成熟。它的外皮呈现出鲜艳的紫红色，果肉可以是绿色或白色，含有许多小颗粒种子。这种水果不仅口感多汁，而且富含多种维生素和抗氧化物质。它通常被用作甜点配料，也可以直接食用，是受欢迎的休闲食品。与同类水果相比，它的种子分布均匀，不会影响食用体验。这个水果是小巧的，通常成串生长，每个果实大小相近。它的外皮薄且脆弱，容易剥离，呈现出鲜艳的紫红色。果肉通常是透明的，没有明显的籽粒，口感甘甜多汁。这种水果因其自然的风味和营养价值而受到喜爱，常被用于制作饮品和甜点。它通常在秋季成熟，是水果市场中的热门选择。||在这个游戏中，我们需要通过分析每位玩家的描述来找出卧底。通常，平民的描述会围绕相同的词语展开，而卧底的描述可能会因为词语的不同而显得不太一致。我们需要仔细比较每个描述之间的相似性和差异性，以找出可能的卧底，注意，卧底并不会隐藏自己，他会直接描述他的词语，现在，逐一分析每个玩家的描述，注意，这局游戏的词语分类为<水果>，卧底词和平民词都属于该类。||之前是第3轮描述和之前轮数描述的合集。你之前认为的卧底是玩家4。
2024-12-13 13:51:47,261 - 4 - INFO - **********PLAYER4**********
根据第三轮描述和之前的描述，以下是我的分析：

1. 玩家1和玩家2的描述高度一致，都强调了果实的圆形或椭圆形、紫红色皮、绿色或白色果肉、甜味、营养价值以及皮色和种子分布。这种高度的一致性可能表明他们持有相同的词语。

2. 玩家3的描述与玩家1和玩家2的描述相似，但增加了一些细节，如对香味和口感的描述，以及种子分布均匀的特点。这些额外的细节可能与他们持有的词语中的不同特征有关。

3. 玩家4的描述在第三轮中与之前的描述相比没有显著变化，仍然强调了果实的圆形或椭圆形、紫红色皮、绿色或白色果肉以及皮色和种子分布。然而，玩家4的描述中提到了“小巧的”、“成串生长”和“秋季成熟”，这些特征与之前描述的水果特征不完全一致。

考虑到玩家1和玩家2的描述高度一致，而玩家3的描述虽然相似但也有所补充，玩家4的描述虽然与前两轮相似但没有提供更多独特信息，且出现了一些可能不一致的特征，我之前的推断是基于玩家4描述的不一致性。因此，我会继续认为玩家4可能是卧底，因为他的描述与其他玩家的描述相比没有提供更多的共同点，而且出现了一些可能的不一致特征。
2024-12-13 13:51:47,263 - 4 - INFO - **********JUDGER**********
你刚刚的分析是根据第三轮描述和之前的描述，以下是我的分析：

1. 玩家1和玩家2的描述高度一致，都强调了果实的圆形或椭圆形、紫红色皮、绿色或白色果肉、甜味、营养价值以及皮色和种子分布。这种高度的一致性可能表明他们持有相同的词语。

2. 玩家3的描述与玩家1和玩家2的描述相似，但增加了一些细节，如对香味和口感的描述，以及种子分布均匀的特点。这些额外的细节可能与他们持有的词语中的不同特征有关。

3. 玩家4的描述在第三轮中与之前的描述相比没有显著变化，仍然强调了果实的圆形或椭圆形、紫红色皮、绿色或白色果肉以及皮色和种子分布。然而，玩家4的描述中提到了“小巧的”、“成串生长”和“秋季成熟”，这些特征与之前描述的水果特征不完全一致。

考虑到玩家1和玩家2的描述高度一致，而玩家3的描述虽然相似但也有所补充，玩家4的描述虽然与前两轮相似但没有提供更多独特信息，且出现了一些可能不一致的特征，我之前的推断是基于玩家4描述的不一致性。因此，我会继续认为玩家4可能是卧底，因为他的描述与其他玩家的描述相比没有提供更多的共同点，而且出现了一些可能的不一致特征。|| `请根据上述分析，比较描述以找出不一致之处，注意，这局游戏的词语分类为<水果>，卧底词和平民词都属于该类。
2024-12-13 13:52:00,713 - 4 - INFO - **********PLAYER4**********
根据上述分析，以下是不一致之处：

1. 玩家1和玩家2的描述非常相似，都提到了果实的形状、颜色、甜味、营养价值以及皮色和种子分布，这表明他们可能持有相同的词语。

2. 玩家3的描述与玩家1和玩家2的描述相似，但增加了对香味、口感的描述，以及种子分布均匀的特点。这些额外的细节可能与他们持有的词语中的不同特征有关。

3. 玩家4的描述与前两轮相比没有显著变化，但提到了“小巧的”、“成串生长”和“秋季成熟”。这些特征与之前描述的“多汁的”、“色泽鲜艳的”和“成熟于夏季”不完全一致，这可能表明玩家4持有的词语在成熟季节或果实大小、生长方式上与玩家1、玩家2和玩家3不同。

不一致之处在于玩家4的描述中包含了一些与之前描述不完全匹配的特征，这可能是他作为卧底的不一致性。玩家1和玩家2的描述高度一致，而玩家3的描述虽然相似但也有所补充，这表明他们可能持有相似但略有不同的词语。因此，玩家4的描述可能是卧底，因为他提供的信息与其他玩家提供的相比存在潜在的不一致。
2024-12-13 13:52:00,715 - 4 - INFO - **********JUDGER**********
你刚刚的分析是根据上述分析，以下是不一致之处：

1. 玩家1和玩家2的描述非常相似，都提到了果实的形状、颜色、甜味、营养价值以及皮色和种子分布，这表明他们可能持有相同的词语。

2. 玩家3的描述与玩家1和玩家2的描述相似，但增加了对香味、口感的描述，以及种子分布均匀的特点。这些额外的细节可能与他们持有的词语中的不同特征有关。

3. 玩家4的描述与前两轮相比没有显著变化，但提到了“小巧的”、“成串生长”和“秋季成熟”。这些特征与之前描述的“多汁的”、“色泽鲜艳的”和“成熟于夏季”不完全一致，这可能表明玩家4持有的词语在成熟季节或果实大小、生长方式上与玩家1、玩家2和玩家3不同。

不一致之处在于玩家4的描述中包含了一些与之前描述不完全匹配的特征，这可能是他作为卧底的不一致性。玩家1和玩家2的描述高度一致，而玩家3的描述虽然相似但也有所补充，这表明他们可能持有相似但略有不同的词语。因此，玩家4的描述可能是卧底，因为他提供的信息与其他玩家提供的相比存在潜在的不一致。|| 请通过你分析的不一致之处，推断卧底身份，注意，这局游戏的词语分类为<水果>，卧底词和平民词都属于该类。
2024-12-13 13:52:09,342 - 4 - INFO - **********PLAYER4**********
基于分析的不一致之处，我会推断玩家4可能是卧底。以下是我的推断依据：

1. 玩家1和玩家2的描述非常相似，这表明他们可能持有相同的词语。

2. 玩家3的描述与玩家1和玩家2的描述相似，但增加了一些细节，这可能是他持有与玩家1和玩家2略有不同的词语。

3. 玩家4的描述中提到了“秋季成熟”和“小巧的”，这与玩家1和玩家2描述的“成熟于夏季”和“适合作为休闲食品”存在明显差异。此外，“成串生长”这一特征在之前的描述中并未提及。

这些不一致之处表明玩家4的描述可能与其他玩家持有的词语不同，因此，根据游戏规则，玩家4可能是卧底。
2024-12-13 13:52:09,348 - 4 - INFO - **********JUDGER**********
你刚刚的推断是基于分析的不一致之处，我会推断玩家4可能是卧底。以下是我的推断依据：

1. 玩家1和玩家2的描述非常相似，这表明他们可能持有相同的词语。

2. 玩家3的描述与玩家1和玩家2的描述相似，但增加了一些细节，这可能是他持有与玩家1和玩家2略有不同的词语。

3. 玩家4的描述中提到了“秋季成熟”和“小巧的”，这与玩家1和玩家2描述的“成熟于夏季”和“适合作为休闲食品”存在明显差异。此外，“成串生长”这一特征在之前的描述中并未提及。

这些不一致之处表明玩家4的描述可能与其他玩家持有的词语不同，因此，根据游戏规则，玩家4可能是卧底。|| 基于你刚刚的推断得出你的最终结论，请输出你认为的卧底，在这种情况下只需要输出编号，是1-4中的某个数字，不要输出其他信息。在这个过程不要进行任何推理，只对||以前的部分进行信息提取
2024-12-13 13:52:10,898 - 4 - INFO - **********PLAYER4**********
4
2024-12-13 13:52:10,898 - 4 - INFO - **********JUDGER**********
你认为卧底是你自己。你现在需要随便选一个人投票。请输出一个数字，是1-4中的某个数字，但这个数字不能是4，不要输出其他信息。
2024-12-13 13:52:12,789 - 4 - INFO - **********PLAYER4**********
1
