2024-12-13 17:50:23,907 - 1 - INFO - **********JUDGER**********
让我们来玩一个叫做<谁是卧底>的推理游戏。基本规则：<人数>：4人。<角色分配>：每位玩家随机抽取一个词语，3名玩家拿到的词语是相同的（平民词），1名玩家拿到与之相近但不同的词语（卧底词）。<游戏流程>：1、玩家轮流描述自己的词语，但<不能>直接说出词语本身。2、描述完毕后，投票选出最像卧底的玩家。3、每轮结束后，被投票选出的玩家出局，不能再进行描述或投票。4、每轮投票结束后，如果卧底被成功找出，平民方获胜；如果卧底未被找出且卧底人数等于或超过平民人数，则卧底方获胜。你将扮演一个<玩家>，请等待你被分配到的关键词。如果你听懂了，只回答，"好的，我准备好参加游戏了"，不要输出别的信息
2024-12-13 17:50:24,586 - 1 - INFO - **********PLAYER1**********
好的，我准备好参加游戏了
2024-12-13 17:50:28,588 - 1 - INFO - **********JUDGER**********
玩家1说：玩家2说：玩家3说：玩家4说：|| 你是第1号玩家，你的关键词是<篮球>。你的回答中绝对不能包含你的关键词<篮球>。这是第一轮描述，不需要分析||之前别的玩家的描述，请你描述关键词基本特征，注意，这局游戏的词语分类为<体育用品>，卧底词和平民词都属于该类，描述包括以下两点，1.他的基本特征是什么2.他在该类（体育用品）中最突出不同的特征是什么，尽量简短
2024-12-13 17:50:30,345 - 1 - INFO - **********PLAYER1**********
这是一个圆形的、可以弹跳的、用于篮球比赛的器械，它在体育用品中以其独特的弹性和在运动中的角色而闻名。
2024-12-13 17:50:30,346 - 1 - INFO - **********JUDGER**********
玩家1说：玩家2说：玩家3说：玩家4说：|| 你是第1号玩家，你的关键词是<篮球>。你的回答中绝对不能包含你的关键词<篮球>。这是第一轮描述，不需要分析||之前别的玩家的描述，请你描述关键词基本特征，注意，这局游戏的词语分类为<体育用品>，卧底词和平民词都属于该类，描述包括以下两点，1.他的基本特征是什么2.他在该类（体育用品）中最突出不同的特征是什么，尽量简短
2024-12-13 17:50:33,728 - 1 - INFO - **********PLAYER1**********
它是一个圆形的，主要用于团队运动的器械，其表面具有特殊的纹理，有助于抓握和传球。在体育用品中，它以其尺寸和材质的独特性而区别于其他类似物品。
2024-12-13 17:50:41,134 - 1 - INFO - **********JUDGER**********
玩家1说：它是一个圆形的，主要用于团队运动的器械，其表面具有特殊的纹理，有助于抓握和传球。在体育用品中，它以其尺寸和材质的独特性而区别于其他类似物品。玩家2说：这是一个圆形的物品，通常用于团队比赛，它的表面设计有独特的凹凸纹理，便于运动员的抓握和传递。在体育用品中，它以其标准的尺寸和材质的独特性而区别于其他类似的圆形物品。与同类物品相比，它的设计更为精致，且在材质上有所创新。玩家3说：这是一个圆形的，用于团队运动的器械，表面具有特殊的纹理。在体育用品中，它以其标准的尺寸和材质的独特性而区别于其他类似物品，同时，它的设计也相对独特。玩家4说：||在这个游戏中，我们需要通过分析每位玩家的描述来找出卧底。通常，平民的描述会围绕相同的词语展开，而卧底的描述可能会因为词语的不同而显得不太一致。我们需要仔细比较每个描述之间的相似性和差异性，以找出可能的卧底，注意，卧底并不会隐藏自己，他会直接描述他的词语，现在，逐一分析每个玩家的描述，注意，这局游戏的词语分类为<体育用品>，卧底词和平民词都属于该类。这是第一轮描述。
2024-12-13 17:50:45,570 - 1 - INFO - **********PLAYER1**********
玩家4的描述中提到了“在这个游戏中”，这表明他在提供游戏规则和背景信息，而不是在描述关键词。他的描述是关于游戏机制的分析，而不是关于体育用品的描述。因此，如果我是玩家1，我会注意到这一点，并可能认为玩家4的描述与关键词不太相关，这可能会让我怀疑他是否是卧底。我的回答将是：

它是一个圆形的，通常用于团队比赛，表面有纹理，但它的材质比较轻，便于携带和投掷。与其他类似的圆形体育用品相比，它的设计更注重便携性。
2024-12-13 17:50:45,570 - 1 - INFO - **********JUDGER**********
你刚刚的分析是玩家4的描述中提到了“在这个游戏中”，这表明他在提供游戏规则和背景信息，而不是在描述关键词。他的描述是关于游戏机制的分析，而不是关于体育用品的描述。因此，如果我是玩家1，我会注意到这一点，并可能认为玩家4的描述与关键词不太相关，这可能会让我怀疑他是否是卧底。我的回答将是：

它是一个圆形的，通常用于团队比赛，表面有纹理，但它的材质比较轻，便于携带和投掷。与其他类似的圆形体育用品相比，它的设计更注重便携性。|| `请根据上述分析，比较描述以找出不一致之处，注意，这局游戏的词语分类为<体育用品>，卧底词和平民词都属于该类。
2024-12-13 17:51:07,691 - 1 - INFO - **********PLAYER1**********
根据玩家1、玩家2和玩家3的描述，我们可以进行以下比较：

- 玩家1和玩家2的描述都提到了“圆形的”、“主要用于团队运动”、“表面具有特殊的纹理”、“有助于抓握和传球”以及“在体育用品中以其尺寸和材质的独特性而闻名”或“以其标准的尺寸和材质的独特性而区别于其他类似物品”。
- 玩家3的描述与玩家1和玩家2的描述非常相似，但也提到了“它的设计也相对独特”。
- 玩家4的描述虽然提到了游戏规则和背景信息，但并没有直接描述关键词，因此无法直接与体育用品的描述进行比较。

不一致之处可能在于以下几点：

1. 玩家3提到了“它的设计也相对独特”，这暗示了一个额外的特征，而玩家1和玩家2的描述没有提及这一点。
2. 玩家4没有提供与体育用品相关的描述，这可能表明他的描述与关键词不匹配。

基于这些观察，玩家3的描述可能包含了一些额外的信息，这可能与他的关键词有所不同。而玩家4的描述与体育用品无关，这强烈暗示他可能是卧底。然而，没有足够的信息来确定玩家1和玩家2的描述是否完全一致，因此需要进一步的信息或者下一轮的描述来做出更准确的判断。
2024-12-13 17:51:07,694 - 1 - INFO - **********JUDGER**********
你刚刚的分析是根据玩家1、玩家2和玩家3的描述，我们可以进行以下比较：

- 玩家1和玩家2的描述都提到了“圆形的”、“主要用于团队运动”、“表面具有特殊的纹理”、“有助于抓握和传球”以及“在体育用品中以其尺寸和材质的独特性而闻名”或“以其标准的尺寸和材质的独特性而区别于其他类似物品”。
- 玩家3的描述与玩家1和玩家2的描述非常相似，但也提到了“它的设计也相对独特”。
- 玩家4的描述虽然提到了游戏规则和背景信息，但并没有直接描述关键词，因此无法直接与体育用品的描述进行比较。

不一致之处可能在于以下几点：

1. 玩家3提到了“它的设计也相对独特”，这暗示了一个额外的特征，而玩家1和玩家2的描述没有提及这一点。
2. 玩家4没有提供与体育用品相关的描述，这可能表明他的描述与关键词不匹配。

基于这些观察，玩家3的描述可能包含了一些额外的信息，这可能与他的关键词有所不同。而玩家4的描述与体育用品无关，这强烈暗示他可能是卧底。然而，没有足够的信息来确定玩家1和玩家2的描述是否完全一致，因此需要进一步的信息或者下一轮的描述来做出更准确的判断。|| 请通过你分析的不一致之处，推断卧底身份，注意，这局游戏的词语分类为<体育用品>，卧底词和平民词都属于该类。
2024-12-13 17:51:17,782 - 1 - INFO - **********PLAYER1**********
根据分析，我们可以推断以下几点：

1. 玩家3的描述中提到了“它的设计也相对独特”，这暗示了一个额外的特征，而玩家1和玩家2的描述没有提及这一点。这种额外的描述可能会让人怀疑玩家3是否持有与大家不同的词语，因为平民词通常不会有这种描述上的差异。

2. 玩家4的描述与体育用品无关，他提供了关于游戏规则和背景信息，而不是关于体育用品的描述。这强烈暗示玩家4可能是卧底，因为他没有按照游戏规则描述关键词。

考虑到这些信息，以及游戏规则中提到的卧底词和平民词都属于<体育用品>类别，以下是我的推断：

- 玩家4很可能是卧底，因为他没有提供与体育用品相关的描述。
- 玩家3的描述虽然有一些额外信息，但考虑到所有玩家都在描述同一类别的物品，这种额外信息可能是他个人对物品的理解或个人偏好，而不是因为他的词语与大家不同。因此，玩家3可能不是卧底。

综上所述，玩家4可能是卧底，而玩家3不太可能是卧底。然而，最终确定卧底身份还需要考虑更多轮的描述和投票结果。
2024-12-13 17:51:17,786 - 1 - INFO - **********JUDGER**********
你刚刚的推断是根据分析，我们可以推断以下几点：

1. 玩家3的描述中提到了“它的设计也相对独特”，这暗示了一个额外的特征，而玩家1和玩家2的描述没有提及这一点。这种额外的描述可能会让人怀疑玩家3是否持有与大家不同的词语，因为平民词通常不会有这种描述上的差异。

2. 玩家4的描述与体育用品无关，他提供了关于游戏规则和背景信息，而不是关于体育用品的描述。这强烈暗示玩家4可能是卧底，因为他没有按照游戏规则描述关键词。

考虑到这些信息，以及游戏规则中提到的卧底词和平民词都属于<体育用品>类别，以下是我的推断：

- 玩家4很可能是卧底，因为他没有提供与体育用品相关的描述。
- 玩家3的描述虽然有一些额外信息，但考虑到所有玩家都在描述同一类别的物品，这种额外信息可能是他个人对物品的理解或个人偏好，而不是因为他的词语与大家不同。因此，玩家3可能不是卧底。

综上所述，玩家4可能是卧底，而玩家3不太可能是卧底。然而，最终确定卧底身份还需要考虑更多轮的描述和投票结果。|| 基于你刚刚的推断得出你的最终结论，请输出你认为的卧底，在这种情况下只需要输出编号，是1-4中的某个数字，不要输出其他信息。在这个过程不要进行任何推理，只对||以前的部分进行信息提取
2024-12-13 17:51:18,425 - 1 - INFO - **********PLAYER1**********
3
2024-12-13 17:52:57,298 - 1 - INFO - **********JUDGER**********
玩家1说：它是一个圆形的，主要用于团队运动的器械，其表面具有特殊的纹理，有助于抓握和传球。在体育用品中，它以其尺寸和材质的独特性而区别于其他类似物品。玩家2说：这是一个圆形的物品，通常用于团队比赛，它的表面设计有独特的凹凸纹理，便于运动员的抓握和传递。在体育用品中，它以其标准的尺寸和材质的独特性而区别于其他类似的圆形物品。与同类物品相比，它的设计更为精致，且在材质上有所创新。玩家3说：这是一个圆形的，用于团队运动的器械，表面具有特殊的纹理。在体育用品中，它以其标准的尺寸和材质的独特性而区别于其他类似物品，同时，它的设计也相对独特。玩家4说：它是一个球形的体育用品，主要用于团队运动，表面有防滑的纹理。在同类物品中，它以其标准化的尺寸和材质而著称。你是第1号玩家，你的关键词是<篮球>。你的回答中绝对不能包含你的关键词<篮球>。这是第二轮描述，你之前的描述是这是一个圆形的、可以弹跳的、用于篮球比赛的器械，它在体育用品中以其独特的弹性和在运动中的角色而闻名。，注意，这局游戏的词语分类为<体育用品>，卧底词和平民词都属于该类，请你补充关于关键词的描述，注意，你的描述应该比起之前的描述更加贴近关键词，作为之前的补充
2024-12-13 17:53:00,366 - 1 - INFO - **********PLAYER1**********
它是一种大型的、适合多人玩耍的圆形体育用品，通常由橡胶或合成材料制成，具有很好的弹性和耐用性。在体育用品中，它以其独特的尺寸和材质，以及它在比赛中的关键作用而著称。
2024-12-13 17:53:17,283 - 1 - INFO - **********JUDGER**********
玩家1说：它是一个圆形的，主要用于团队运动的器械，其表面具有特殊的纹理，有助于抓握和传球。在体育用品中，它以其尺寸和材质的独特性而区别于其他类似物品。它是一种大型的、适合多人玩耍的圆形体育用品，通常由橡胶或合成材料制成，具有很好的弹性和耐用性。在体育用品中，它以其独特的尺寸和材质，以及它在比赛中的关键作用而著称。玩家2说：这是一个圆形的物品，通常用于团队比赛，它的表面设计有独特的凹凸纹理，便于运动员的抓握和传递。在体育用品中，它以其标准的尺寸和材质的独特性而区别于其他类似的圆形物品。与同类物品相比，它的设计更为精致，且在材质上有所创新。这个物品是团队运动中不可或缺的，它的结构坚固且轻便，适合快速移动和精准操控。它通常由多种材料制成，结合了耐用性和弹性的特点。这个物品在比赛中扮演着核心角色，是团队协作和竞技策略的关键部分。它的外观简洁，但设计上充满了实用性，使得它在同类体育用品中脱颖而出。玩家3说：这是一个圆形的，用于团队运动的器械，表面具有特殊的纹理。在体育用品中，它以其标准的尺寸和材质的独特性而区别于其他类似物品，同时，它的设计也相对独特。这是一个球形的体育用品，主要用于团队运动，其表面设计有防滑的纹理，确保了运动员在运动过程中的稳定抓握。在同类体育用品中，它以其轻便的结构和耐用性而著称，同时，它的弹性和回弹特性使其在比赛中发挥着关键作用。此外，它的设计注重于实用性和运动效率，使得它在体育用品中具有独特的地位。玩家4说：它是一个球形的体育用品，主要用于团队运动，表面有防滑的纹理。在同类物品中，它以其标准化的尺寸和材质而著称。||在这个游戏中，我们需要通过分析每位玩家的描述来找出卧底。通常，平民的描述会围绕相同的词语展开，而卧底的描述可能会因为词语的不同而显得不太一致。我们需要仔细比较每个描述之间的相似性和差异性，以找出可能的卧底，注意，卧底并不会隐藏自己，他会直接描述他的词语，现在，逐一分析每个玩家的描述，注意，这局游戏的词语分类为<体育用品>，卧底词和平民词都属于该类。||之前是第2轮描述和之前轮数描述的合集。你之前认为的卧底是玩家3。
2024-12-13 17:53:19,146 - 1 - INFO - **********PLAYER1**********
4
2024-12-13 17:53:19,147 - 1 - INFO - **********JUDGER**********
你刚刚的分析是4|| `请根据上述分析，比较描述以找出不一致之处，注意，这局游戏的词语分类为<体育用品>，卧底词和平民词都属于该类。
2024-12-13 17:53:29,475 - 1 - INFO - **********PLAYER1**********
在比较四位玩家的描述时，我们可以注意到以下不一致之处：

1. 玩家1的描述中提到了“具有很好的弹性和耐用性”，而玩家2、玩家3和玩家4的描述中并没有提到这一点。
2. 玩家2的描述中强调了物品的“设计更为精致，且在材质上有所创新”，以及“结合了耐用性和弹性的特点”，而玩家1、玩家3和玩家4的描述中没有提及这些创新点。
3. 玩家2的描述中特别提到了物品“在比赛中扮演着核心角色，是团队协作和竞技策略的关键部分”，这一点在玩家1、玩家3和玩家4的描述中没有体现。
4. 玩家2的描述中提到物品“外观简洁，但设计上充满了实用性”，而玩家1、玩家3和玩家4的描述中并没有这样的描述。
5. 玩家4的描述中只提到了物品的“标准化的尺寸和材质”，而玩家1、玩家2和玩家3的描述中则提到了更多关于尺寸、材质和设计的细节。

基于这些不一致之处，玩家2的描述似乎包含了更多关于物品的细节和特性，这些细节在其他玩家的描述中没有得到体现。这可能表明玩家2的描述与关键词有所不同，因此玩家2可能是卧底。
2024-12-13 17:53:29,476 - 1 - INFO - **********JUDGER**********
你刚刚的分析是在比较四位玩家的描述时，我们可以注意到以下不一致之处：

1. 玩家1的描述中提到了“具有很好的弹性和耐用性”，而玩家2、玩家3和玩家4的描述中并没有提到这一点。
2. 玩家2的描述中强调了物品的“设计更为精致，且在材质上有所创新”，以及“结合了耐用性和弹性的特点”，而玩家1、玩家3和玩家4的描述中没有提及这些创新点。
3. 玩家2的描述中特别提到了物品“在比赛中扮演着核心角色，是团队协作和竞技策略的关键部分”，这一点在玩家1、玩家3和玩家4的描述中没有体现。
4. 玩家2的描述中提到物品“外观简洁，但设计上充满了实用性”，而玩家1、玩家3和玩家4的描述中并没有这样的描述。
5. 玩家4的描述中只提到了物品的“标准化的尺寸和材质”，而玩家1、玩家2和玩家3的描述中则提到了更多关于尺寸、材质和设计的细节。

基于这些不一致之处，玩家2的描述似乎包含了更多关于物品的细节和特性，这些细节在其他玩家的描述中没有得到体现。这可能表明玩家2的描述与关键词有所不同，因此玩家2可能是卧底。|| 请通过你分析的不一致之处，推断卧底身份，注意，这局游戏的词语分类为<体育用品>，卧底词和平民词都属于该类。
2024-12-13 17:53:30,287 - 1 - INFO - **********PLAYER1**********
2
2024-12-13 17:53:30,288 - 1 - INFO - **********JUDGER**********
你刚刚的推断是2|| 基于你刚刚的推断得出你的最终结论，请输出你认为的卧底，在这种情况下只需要输出编号，是1-4中的某个数字，不要输出其他信息。在这个过程不要进行任何推理，只对||以前的部分进行信息提取
2024-12-13 17:53:31,039 - 1 - INFO - **********PLAYER1**********
2
2024-12-13 17:55:33,982 - 1 - INFO - **********JUDGER**********
玩家1说：它是一个圆形的，主要用于团队运动的器械，其表面具有特殊的纹理，有助于抓握和传球。在体育用品中，它以其尺寸和材质的独特性而区别于其他类似物品。它是一种大型的、适合多人玩耍的圆形体育用品，通常由橡胶或合成材料制成，具有很好的弹性和耐用性。在体育用品中，它以其独特的尺寸和材质，以及它在比赛中的关键作用而著称。玩家2说：这是一个圆形的物品，通常用于团队比赛，它的表面设计有独特的凹凸纹理，便于运动员的抓握和传递。在体育用品中，它以其标准的尺寸和材质的独特性而区别于其他类似的圆形物品。与同类物品相比，它的设计更为精致，且在材质上有所创新。这个物品是团队运动中不可或缺的，它的结构坚固且轻便，适合快速移动和精准操控。它通常由多种材料制成，结合了耐用性和弹性的特点。这个物品在比赛中扮演着核心角色，是团队协作和竞技策略的关键部分。它的外观简洁，但设计上充满了实用性，使得它在同类体育用品中脱颖而出。玩家3说：这是一个圆形的，用于团队运动的器械，表面具有特殊的纹理。在体育用品中，它以其标准的尺寸和材质的独特性而区别于其他类似物品，同时，它的设计也相对独特。这是一个球形的体育用品，主要用于团队运动，其表面设计有防滑的纹理，确保了运动员在运动过程中的稳定抓握。在同类体育用品中，它以其轻便的结构和耐用性而著称，同时，它的弹性和回弹特性使其在比赛中发挥着关键作用。此外，它的设计注重于实用性和运动效率，使得它在体育用品中具有独特的地位。玩家4说：它是一个球形的体育用品，主要用于团队运动，表面有防滑的纹理。在同类物品中，它以其标准化的尺寸和材质而著称。这个物品在比赛中经常被快速传递，它的设计使得运动员能够在高速运动中稳定地控制它。它的重量适中，既不会过轻导致难以操控，也不会过重影响比赛节奏。它的尺寸和重量经过精确计算，以适应不同年龄和技能水平的运动员。此外，它的表面纹理不仅防滑，还能提供良好的手感，使得运动员能够轻松地进行各种技巧动作。你是第1号玩家，你的关键词是<篮球>。你的回答中绝对不能包含你的关键词<篮球>。这是第三轮描述，你之前的描述是这是一个圆形的、可以弹跳的、用于篮球比赛的器械，它在体育用品中以其独特的弹性和在运动中的角色而闻名。和它是一个圆形的，主要用于团队运动的器械，其表面具有特殊的纹理，有助于抓握和传球。在体育用品中，它以其尺寸和材质的独特性而区别于其他类似物品。，注意，这局游戏的词语分类为<体育用品>，卧底词和平民词都属于该类，请你补充关于关键词的描述，注意，你的描述应该比起之前的描述更加贴近关键词，作为之前的补充
2024-12-13 17:55:39,267 - 1 - INFO - **********PLAYER1**********
它是一种直径较大的圆形体育用品，主要用于地面上的团队运动，表面设计有深浅不一的纹理，以增强抓握和控球。这种物品的材质通常是柔软且有弹性的，以便在碰撞时能够恢复原状，同时提供良好的手感。在体育用品中，它的设计以其耐用性和适合不同技能水平的运动员而著称。
2024-12-13 17:56:01,803 - 1 - INFO - **********JUDGER**********
玩家1说：它是一个圆形的，主要用于团队运动的器械，其表面具有特殊的纹理，有助于抓握和传球。在体育用品中，它以其尺寸和材质的独特性而区别于其他类似物品。它是一种大型的、适合多人玩耍的圆形体育用品，通常由橡胶或合成材料制成，具有很好的弹性和耐用性。在体育用品中，它以其独特的尺寸和材质，以及它在比赛中的关键作用而著称。它是一种直径较大的圆形体育用品，主要用于地面上的团队运动，表面设计有深浅不一的纹理，以增强抓握和控球。这种物品的材质通常是柔软且有弹性的，以便在碰撞时能够恢复原状，同时提供良好的手感。在体育用品中，它的设计以其耐用性和适合不同技能水平的运动员而著称。玩家2说：这是一个圆形的物品，通常用于团队比赛，它的表面设计有独特的凹凸纹理，便于运动员的抓握和传递。在体育用品中，它以其标准的尺寸和材质的独特性而区别于其他类似的圆形物品。与同类物品相比，它的设计更为精致，且在材质上有所创新。这个物品是团队运动中不可或缺的，它的结构坚固且轻便，适合快速移动和精准操控。它通常由多种材料制成，结合了耐用性和弹性的特点。这个物品在比赛中扮演着核心角色，是团队协作和竞技策略的关键部分。它的外观简洁，但设计上充满了实用性，使得它在同类体育用品中脱颖而出。这个物品在团队运动中扮演着核心角色，它通常由多种材料制成，具有良好的耐用性和弹性。它的重量适中，便于运动员在比赛中快速移动和精准操控。这个物品的表面设计有防滑纹理，确保了运动员在高速运动中的稳定抓握。它的尺寸经过精确计算，以适应不同年龄和技能水平的运动员。此外，这个物品在比赛中经常被快速传递，其设计使得运动员能够在高速运动中稳定地控制它。玩家3说：这是一个圆形的，用于团队运动的器械，表面具有特殊的纹理。在体育用品中，它以其标准的尺寸和材质的独特性而区别于其他类似物品，同时，它的设计也相对独特。这是一个球形的体育用品，主要用于团队运动，其表面设计有防滑的纹理，确保了运动员在运动过程中的稳定抓握。在同类体育用品中，它以其轻便的结构和耐用性而著称，同时，它的弹性和回弹特性使其在比赛中发挥着关键作用。此外，它的设计注重于实用性和运动效率，使得它在体育用品中具有独特的地位。这个球形的体育用品，主要用于团队运动，具有防滑的纹理，确保了运动员在运动过程中的稳定抓握。它以其轻便的结构和耐用性而著称，同时，它的弹性和回弹特性使其在比赛中发挥着关键作用。此外，它的设计注重于实用性和运动效率，使得它在体育用品中具有独特的地位。这个物品的重量适中，便于运动员在比赛中快速移动和精准操控。它的尺寸和重量经过精确计算，以适应不同年龄和技能水平的运动员。此外，它的表面纹理不仅防滑，还能提供良好的手感，使得运动员能够轻松地进行各种技巧动作。玩家4说：它是一个球形的体育用品，主要用于团队运动，表面有防滑的纹理。在同类物品中，它以其标准化的尺寸和材质而著称。这个物品在比赛中经常被快速传递，它的设计使得运动员能够在高速运动中稳定地控制它。它的重量适中，既不会过轻导致难以操控，也不会过重影响比赛节奏。它的尺寸和重量经过精确计算，以适应不同年龄和技能水平的运动员。此外，它的表面纹理不仅防滑，还能提供良好的手感，使得运动员能够轻松地进行各种技巧动作。这个物品在比赛中经常被快速运用于地面和空中，其表面设计确保了运动员在高速运动中的稳定性和精确控制。它的重量和尺寸经过优化，以适应不同运动项目的需求，同时也便于运动员在比赛中灵活运用。这个物品通常由多种材料制成，以实现轻便、耐用和弹性的结合，使其在多种团队运动中成为不可或缺的工具。||在这个游戏中，我们需要通过分析每位玩家的描述来找出卧底。通常，平民的描述会围绕相同的词语展开，而卧底的描述可能会因为词语的不同而显得不太一致。我们需要仔细比较每个描述之间的相似性和差异性，以找出可能的卧底，注意，卧底并不会隐藏自己，他会直接描述他的词语，现在，逐一分析每个玩家的描述，注意，这局游戏的词语分类为<体育用品>，卧底词和平民词都属于该类。||之前是第3轮描述和之前轮数描述的合集。你之前认为的卧底是玩家2。
2024-12-13 17:56:03,750 - 1 - INFO - **********PLAYER1**********
2
2024-12-13 17:56:03,751 - 1 - INFO - **********JUDGER**********
你刚刚的分析是2|| `请根据上述分析，比较描述以找出不一致之处，注意，这局游戏的词语分类为<体育用品>，卧底词和平民词都属于该类。
2024-12-13 17:56:16,418 - 1 - INFO - **********PLAYER1**********
在比较四位玩家的描述时，以下是一些不一致之处：

1. 玩家2的描述中多次提到了物品的“重量适中”，以及“便于运动员在比赛中快速移动和精准操控”，而玩家1、玩家3和玩家4的描述中并没有强调这一点。
2. 玩家2特别提到了物品的“外观简洁，但设计上充满了实用性”，这一点在玩家1、玩家3和玩家4的描述中没有出现。
3. 玩家2的描述中强调了物品“在比赛中经常被快速传递”，以及“其设计使得运动员能够在高速运动中稳定地控制它”，而玩家1、玩家3和玩家4的描述中没有这样的描述。
4. 玩家2的描述中提到了物品的“尺寸经过精确计算，以适应不同年龄和技能水平的运动员”，而玩家1、玩家3和玩家4的描述中没有提及尺寸的精确计算。

这些不一致之处表明玩家2的描述可能包含了一些额外的特征，这些特征在其他玩家的描述中没有得到体现，这可能与他的关键词有所不同。因此，玩家2的描述可能与他的平民词不一致，可能是卧底。
2024-12-13 17:56:16,419 - 1 - INFO - **********JUDGER**********
你刚刚的分析是在比较四位玩家的描述时，以下是一些不一致之处：

1. 玩家2的描述中多次提到了物品的“重量适中”，以及“便于运动员在比赛中快速移动和精准操控”，而玩家1、玩家3和玩家4的描述中并没有强调这一点。
2. 玩家2特别提到了物品的“外观简洁，但设计上充满了实用性”，这一点在玩家1、玩家3和玩家4的描述中没有出现。
3. 玩家2的描述中强调了物品“在比赛中经常被快速传递”，以及“其设计使得运动员能够在高速运动中稳定地控制它”，而玩家1、玩家3和玩家4的描述中没有这样的描述。
4. 玩家2的描述中提到了物品的“尺寸经过精确计算，以适应不同年龄和技能水平的运动员”，而玩家1、玩家3和玩家4的描述中没有提及尺寸的精确计算。

这些不一致之处表明玩家2的描述可能包含了一些额外的特征，这些特征在其他玩家的描述中没有得到体现，这可能与他的关键词有所不同。因此，玩家2的描述可能与他的平民词不一致，可能是卧底。|| 请通过你分析的不一致之处，推断卧底身份，注意，这局游戏的词语分类为<体育用品>，卧底词和平民词都属于该类。
2024-12-13 17:56:18,104 - 1 - INFO - **********PLAYER1**********
2
2024-12-13 17:56:18,104 - 1 - INFO - **********JUDGER**********
你刚刚的推断是2|| 基于你刚刚的推断得出你的最终结论，请输出你认为的卧底，在这种情况下只需要输出编号，是1-4中的某个数字，不要输出其他信息。在这个过程不要进行任何推理，只对||以前的部分进行信息提取
2024-12-13 17:56:20,201 - 1 - INFO - **********PLAYER1**********
2
