2024-12-13 17:50:25,074 - 2 - INFO - **********JUDGER**********
让我们来玩一个叫做<谁是卧底>的推理游戏。基本规则：<人数>：4人。<角色分配>：每位玩家随机抽取一个词语，3名玩家拿到的词语是相同的（平民词），1名玩家拿到与之相近但不同的词语（卧底词）。<游戏流程>：1、玩家轮流描述自己的词语，但<不能>直接说出词语本身。2、描述完毕后，投票选出最像卧底的玩家。3、每轮结束后，被投票选出的玩家出局，不能再进行描述或投票。4、每轮投票结束后，如果卧底被成功找出，平民方获胜；如果卧底未被找出且卧底人数等于或超过平民人数，则卧底方获胜。你将扮演一个<玩家>，请等待你被分配到的关键词。如果你听懂了，只回答，"好的，我准备好参加游戏了"，不要输出别的信息
2024-12-13 17:50:26,392 - 2 - INFO - **********PLAYER2**********
好的，我准备好参加游戏了
2024-12-13 17:50:33,729 - 2 - INFO - **********JUDGER**********
玩家1说：它是一个圆形的，主要用于团队运动的器械，其表面具有特殊的纹理，有助于抓握和传球。在体育用品中，它以其尺寸和材质的独特性而区别于其他类似物品。玩家2说：玩家3说：玩家4说：|| 你是第2号玩家，你的关键词是<篮球>。你的回答中绝对不能包含你的关键词<篮球>。这是第一轮描述，不需要分析||之前别的玩家的描述，请你描述关键词基本特征，注意，这局游戏的词语分类为<体育用品>，卧底词和平民词都属于该类，描述包括以下两点，1.他的基本特征是什么2.他在该类（体育用品）中最突出不同的特征是什么，尽量简短
2024-12-13 17:50:37,205 - 2 - INFO - **********PLAYER2**********
这是一个圆形的物品，通常用于团队比赛，它的表面设计有独特的凹凸纹理，便于运动员的抓握和传递。在体育用品中，它以其标准的尺寸和材质的独特性而区别于其他类似的圆形物品。与同类物品相比，它的设计更为精致，且在材质上有所创新。
2024-12-13 17:51:18,425 - 2 - INFO - **********JUDGER**********
玩家1说：它是一个圆形的，主要用于团队运动的器械，其表面具有特殊的纹理，有助于抓握和传球。在体育用品中，它以其尺寸和材质的独特性而区别于其他类似物品。玩家2说：这是一个圆形的物品，通常用于团队比赛，它的表面设计有独特的凹凸纹理，便于运动员的抓握和传递。在体育用品中，它以其标准的尺寸和材质的独特性而区别于其他类似的圆形物品。与同类物品相比，它的设计更为精致，且在材质上有所创新。玩家3说：这是一个圆形的，用于团队运动的器械，表面具有特殊的纹理。在体育用品中，它以其标准的尺寸和材质的独特性而区别于其他类似物品，同时，它的设计也相对独特。玩家4说：||在这个游戏中，我们需要通过分析每位玩家的描述来找出卧底。通常，平民的描述会围绕相同的词语展开，而卧底的描述可能会因为词语的不同而显得不太一致。我们需要仔细比较每个描述之间的相似性和差异性，以找出可能的卧底，注意，卧底并不会隐藏自己，他会直接描述他的词语，现在，逐一分析每个玩家的描述，注意，这局游戏的词语分类为<体育用品>，卧底词和平民词都属于该类。这是第一轮描述。
2024-12-13 17:51:27,769 - 2 - INFO - **********PLAYER2**********
玩家2的描述与玩家1和玩家3的描述高度相似，都在强调物品的圆形、团队运动、特殊纹理、标准尺寸和材质的独特性。这些描述没有提供太多区分性的信息，因此它们可能是平民的描述。

玩家4的描述虽然也提到了圆形、团队运动和特殊纹理，但没有提及尺寸和材质的独特性，这可能与玩家1、2和3的描述有所不同。玩家4的描述还提到了需要通过分析找出卧底，这可能是为了引导大家注意到描述的差异。

由于玩家2的描述与玩家1和玩家3的描述非常一致，而玩家4的描述在这一点上有所不同，这可能意味着玩家4的描述更接近卧底的特征。但是，没有更多的信息，我们无法确定玩家4是否真的是卧底。我们需要更多的描述或者玩家的行为来进一步判断。
2024-12-13 17:51:27,771 - 2 - INFO - **********JUDGER**********
你刚刚的分析是玩家2的描述与玩家1和玩家3的描述高度相似，都在强调物品的圆形、团队运动、特殊纹理、标准尺寸和材质的独特性。这些描述没有提供太多区分性的信息，因此它们可能是平民的描述。

玩家4的描述虽然也提到了圆形、团队运动和特殊纹理，但没有提及尺寸和材质的独特性，这可能与玩家1、2和3的描述有所不同。玩家4的描述还提到了需要通过分析找出卧底，这可能是为了引导大家注意到描述的差异。

由于玩家2的描述与玩家1和玩家3的描述非常一致，而玩家4的描述在这一点上有所不同，这可能意味着玩家4的描述更接近卧底的特征。但是，没有更多的信息，我们无法确定玩家4是否真的是卧底。我们需要更多的描述或者玩家的行为来进一步判断。|| `请根据上述分析，比较描述以找出不一致之处，注意，这局游戏的词语分类为<体育用品>，卧底词和平民词都属于该类。
2024-12-13 17:51:37,648 - 2 - INFO - **********PLAYER2**********
根据上述分析，我们可以比较四个玩家的描述来找出不一致之处：

1. 玩家1、玩家2和玩家3的描述都提到了物品的圆形、用于团队运动、表面具有特殊纹理、标准尺寸和材质的独特性。这些共同点表明他们的描述可能是基于同一个平民词。

2. 玩家4的描述提到了圆形、用于团队运动、表面具有特殊纹理，但没有提到标准尺寸和材质的独特性。这一点与玩家1、2和3的描述不一致。

3. 玩家4的描述中还提到了“现在，逐一分析每个玩家的描述，注意，这局游戏的词语分类为<体育用品>，卧底词和平民词都属于该类。这是第一轮描述。”这一段话，这可能是为了引导大家注意到描述的差异，或者是为了暗示他的描述可能与平民不同。

综上所述，不一致之处在于玩家4的描述没有提到尺寸和材质的独特性，而这一点在玩家1、2和3的描述中是共同出现的。这可能是玩家4作为卧底的一个线索，因为卧底词可能在这个特征上与平民词有所不同。然而，仅凭这一点还不能确定玩家4就是卧底，需要更多的信息或者后续的描述来进一步确认。
2024-12-13 17:51:37,651 - 2 - INFO - **********JUDGER**********
你刚刚的分析是根据上述分析，我们可以比较四个玩家的描述来找出不一致之处：

1. 玩家1、玩家2和玩家3的描述都提到了物品的圆形、用于团队运动、表面具有特殊纹理、标准尺寸和材质的独特性。这些共同点表明他们的描述可能是基于同一个平民词。

2. 玩家4的描述提到了圆形、用于团队运动、表面具有特殊纹理，但没有提到标准尺寸和材质的独特性。这一点与玩家1、2和3的描述不一致。

3. 玩家4的描述中还提到了“现在，逐一分析每个玩家的描述，注意，这局游戏的词语分类为<体育用品>，卧底词和平民词都属于该类。这是第一轮描述。”这一段话，这可能是为了引导大家注意到描述的差异，或者是为了暗示他的描述可能与平民不同。

综上所述，不一致之处在于玩家4的描述没有提到尺寸和材质的独特性，而这一点在玩家1、2和3的描述中是共同出现的。这可能是玩家4作为卧底的一个线索，因为卧底词可能在这个特征上与平民词有所不同。然而，仅凭这一点还不能确定玩家4就是卧底，需要更多的信息或者后续的描述来进一步确认。|| 请通过你分析的不一致之处，推断卧底身份，注意，这局游戏的词语分类为<体育用品>，卧底词和平民词都属于该类。
2024-12-13 17:51:47,675 - 2 - INFO - **********PLAYER2**********
基于上述分析，我们可以进行以下推断：

1. 玩家1、玩家2和玩家3的描述中都提到了“标准尺寸和材质的独特性”，这表明他们的描述很可能指向同一个平民词，这个词语在体育用品类别中有一个特定的尺寸和材质标准。

2. 玩家4的描述没有提到“标准尺寸和材质的独特性”，这可能意味着玩家4的词语与这个标准有所不同，从而可能是一个卧底词。

3. 玩家4的描述中提到“注意，这局游戏的词语分类为<体育用品>，卧底词和平民词都属于该类”，这可能是为了引导大家注意到描述的差异，暗示他的描述可能与平民不同。

考虑到这些信息，玩家4的描述中没有提及的“标准尺寸和材质的独特性”可能是区分平民词和卧底词的关键特征。因此，根据不一致之处推断，玩家4可能是卧底，因为他的描述没有包含所有平民描述的共同特征。然而，最终的身份需要通过投票和进一步的描述来确定。
2024-12-13 17:51:47,677 - 2 - INFO - **********JUDGER**********
你刚刚的推断是基于上述分析，我们可以进行以下推断：

1. 玩家1、玩家2和玩家3的描述中都提到了“标准尺寸和材质的独特性”，这表明他们的描述很可能指向同一个平民词，这个词语在体育用品类别中有一个特定的尺寸和材质标准。

2. 玩家4的描述没有提到“标准尺寸和材质的独特性”，这可能意味着玩家4的词语与这个标准有所不同，从而可能是一个卧底词。

3. 玩家4的描述中提到“注意，这局游戏的词语分类为<体育用品>，卧底词和平民词都属于该类”，这可能是为了引导大家注意到描述的差异，暗示他的描述可能与平民不同。

考虑到这些信息，玩家4的描述中没有提及的“标准尺寸和材质的独特性”可能是区分平民词和卧底词的关键特征。因此，根据不一致之处推断，玩家4可能是卧底，因为他的描述没有包含所有平民描述的共同特征。然而，最终的身份需要通过投票和进一步的描述来确定。|| 基于你刚刚的推断得出你的最终结论，请输出你认为的卧底，在这种情况下只需要输出编号，是1-4中的某个数字，不要输出其他信息。在这个过程不要进行任何推理，只对||以前的部分进行信息提取
2024-12-13 17:51:48,433 - 2 - INFO - **********PLAYER2**********
4
2024-12-13 17:53:00,367 - 2 - INFO - **********JUDGER**********
玩家1说：它是一个圆形的，主要用于团队运动的器械，其表面具有特殊的纹理，有助于抓握和传球。在体育用品中，它以其尺寸和材质的独特性而区别于其他类似物品。它是一种大型的、适合多人玩耍的圆形体育用品，通常由橡胶或合成材料制成，具有很好的弹性和耐用性。在体育用品中，它以其独特的尺寸和材质，以及它在比赛中的关键作用而著称。玩家2说：这是一个圆形的物品，通常用于团队比赛，它的表面设计有独特的凹凸纹理，便于运动员的抓握和传递。在体育用品中，它以其标准的尺寸和材质的独特性而区别于其他类似的圆形物品。与同类物品相比，它的设计更为精致，且在材质上有所创新。玩家3说：这是一个圆形的，用于团队运动的器械，表面具有特殊的纹理。在体育用品中，它以其标准的尺寸和材质的独特性而区别于其他类似物品，同时，它的设计也相对独特。玩家4说：它是一个球形的体育用品，主要用于团队运动，表面有防滑的纹理。在同类物品中，它以其标准化的尺寸和材质而著称。你是第2号玩家，你的关键词是<篮球>。你的回答中绝对不能包含你的关键词<篮球>。这是第二轮描述，你之前的描述是这是一个圆形的物品，通常用于团队比赛，它的表面设计有独特的凹凸纹理，便于运动员的抓握和传递。在体育用品中，它以其标准的尺寸和材质的独特性而区别于其他类似的圆形物品。与同类物品相比，它的设计更为精致，且在材质上有所创新。，注意，这局游戏的词语分类为<体育用品>，卧底词和平民词都属于该类，请你补充关于关键词的描述，注意，你的描述应该比起之前的描述更加贴近关键词，作为之前的补充
2024-12-13 17:53:04,701 - 2 - INFO - **********PLAYER2**********
这个物品是团队运动中不可或缺的，它的结构坚固且轻便，适合快速移动和精准操控。它通常由多种材料制成，结合了耐用性和弹性的特点。这个物品在比赛中扮演着核心角色，是团队协作和竞技策略的关键部分。它的外观简洁，但设计上充满了实用性，使得它在同类体育用品中脱颖而出。
2024-12-13 17:53:31,039 - 2 - INFO - **********JUDGER**********
玩家1说：它是一个圆形的，主要用于团队运动的器械，其表面具有特殊的纹理，有助于抓握和传球。在体育用品中，它以其尺寸和材质的独特性而区别于其他类似物品。它是一种大型的、适合多人玩耍的圆形体育用品，通常由橡胶或合成材料制成，具有很好的弹性和耐用性。在体育用品中，它以其独特的尺寸和材质，以及它在比赛中的关键作用而著称。玩家2说：这是一个圆形的物品，通常用于团队比赛，它的表面设计有独特的凹凸纹理，便于运动员的抓握和传递。在体育用品中，它以其标准的尺寸和材质的独特性而区别于其他类似的圆形物品。与同类物品相比，它的设计更为精致，且在材质上有所创新。这个物品是团队运动中不可或缺的，它的结构坚固且轻便，适合快速移动和精准操控。它通常由多种材料制成，结合了耐用性和弹性的特点。这个物品在比赛中扮演着核心角色，是团队协作和竞技策略的关键部分。它的外观简洁，但设计上充满了实用性，使得它在同类体育用品中脱颖而出。玩家3说：这是一个圆形的，用于团队运动的器械，表面具有特殊的纹理。在体育用品中，它以其标准的尺寸和材质的独特性而区别于其他类似物品，同时，它的设计也相对独特。这是一个球形的体育用品，主要用于团队运动，其表面设计有防滑的纹理，确保了运动员在运动过程中的稳定抓握。在同类体育用品中，它以其轻便的结构和耐用性而著称，同时，它的弹性和回弹特性使其在比赛中发挥着关键作用。此外，它的设计注重于实用性和运动效率，使得它在体育用品中具有独特的地位。玩家4说：它是一个球形的体育用品，主要用于团队运动，表面有防滑的纹理。在同类物品中，它以其标准化的尺寸和材质而著称。||在这个游戏中，我们需要通过分析每位玩家的描述来找出卧底。通常，平民的描述会围绕相同的词语展开，而卧底的描述可能会因为词语的不同而显得不太一致。我们需要仔细比较每个描述之间的相似性和差异性，以找出可能的卧底，注意，卧底并不会隐藏自己，他会直接描述他的词语，现在，逐一分析每个玩家的描述，注意，这局游戏的词语分类为<体育用品>，卧底词和平民词都属于该类。||之前是第2轮描述和之前轮数描述的合集。你之前认为的卧底是玩家4。
2024-12-13 17:53:44,922 - 2 - INFO - **********PLAYER2**********
根据玩家1、玩家2、玩家3和玩家4的描述，以及之前的信息，我们可以进行以下分析：

- 玩家1和玩家2的描述非常相似，都强调了物品的圆形、团队运动、特殊纹理、标准尺寸和材质的独特性，以及它在比赛中的关键作用。这些描述可能指向同一个平民词。

- 玩家3的描述与玩家1和玩家2的描述有相似之处，但同样提到了物品的轻便结构、耐用性、弹性和回弹特性，以及设计的实用性。这些描述也可能指向同一个平民词。

- 玩家4的描述提到了物品的球形、团队运动、防滑纹理和标准化的尺寸和材质。虽然也提到了表面纹理和团队运动，但关于尺寸和材质的描述与玩家1、2和3有所不同。

由于玩家1、2和3的描述在多个关键点上非常一致，而玩家4的描述在尺寸和材质的描述上有所不同，这可能与平民词的描述不符。因此，基于这些信息，玩家4的描述可能更接近卧底的特征。

既然之前认为玩家4是卧底，那么在当前的描述中，如果玩家4的描述与其他玩家相比仍然存在不一致之处，那么我们可以继续支持玩家4作为卧底的猜测。然而，如果没有新的不一致之处出现，那么我们需要更多的信息来确认卧底的身份。在这种情况下，如果没有新的证据改变之前的判断，我会保持之前的结论，即玩家4可能是卧底。
2024-12-13 17:53:44,923 - 2 - INFO - **********JUDGER**********
你刚刚的分析是根据玩家1、玩家2、玩家3和玩家4的描述，以及之前的信息，我们可以进行以下分析：

- 玩家1和玩家2的描述非常相似，都强调了物品的圆形、团队运动、特殊纹理、标准尺寸和材质的独特性，以及它在比赛中的关键作用。这些描述可能指向同一个平民词。

- 玩家3的描述与玩家1和玩家2的描述有相似之处，但同样提到了物品的轻便结构、耐用性、弹性和回弹特性，以及设计的实用性。这些描述也可能指向同一个平民词。

- 玩家4的描述提到了物品的球形、团队运动、防滑纹理和标准化的尺寸和材质。虽然也提到了表面纹理和团队运动，但关于尺寸和材质的描述与玩家1、2和3有所不同。

由于玩家1、2和3的描述在多个关键点上非常一致，而玩家4的描述在尺寸和材质的描述上有所不同，这可能与平民词的描述不符。因此，基于这些信息，玩家4的描述可能更接近卧底的特征。

既然之前认为玩家4是卧底，那么在当前的描述中，如果玩家4的描述与其他玩家相比仍然存在不一致之处，那么我们可以继续支持玩家4作为卧底的猜测。然而，如果没有新的不一致之处出现，那么我们需要更多的信息来确认卧底的身份。在这种情况下，如果没有新的证据改变之前的判断，我会保持之前的结论，即玩家4可能是卧底。|| `请根据上述分析，比较描述以找出不一致之处，注意，这局游戏的词语分类为<体育用品>，卧底词和平民词都属于该类。
2024-12-13 17:53:56,336 - 2 - INFO - **********PLAYER2**********
根据上述分析，我们可以比较四位玩家的描述，找出以下不一致之处：

1. 玩家1和玩家2的描述都提到了物品的“标准尺寸和材质的独特性”，而玩家3和玩家4的描述中并没有明确提到这一点。这表明玩家1和玩家2的描述可能指向同一个平民词，而玩家3和玩家4的描述可能与平民词有所不同。

2. 玩家3的描述中提到了物品的“轻便结构、耐用性、弹性和回弹特性”，这些特点在玩家1和玩家2的描述中没有提及。这可能是玩家3作为平民的描述特征，而与玩家1和玩家2的描述不一致。

3. 玩家4的描述中提到了物品的“标准化的尺寸和材质”，这与玩家1和玩家2的描述中的“独特性”相矛盾。玩家4的描述可能更倾向于平民词的普遍特征，而不是独特性。

综上所述，不一致之处在于玩家3和玩家4的描述中缺乏玩家1和玩家2描述中的“标准尺寸和材质的独特性”，以及玩家4的描述中关于“标准化的尺寸和材质”与玩家1和玩家2描述中的“独特性”相矛盾。这些差异可能表明玩家3和玩家4的描述更接近卧底的特征。
2024-12-13 17:53:56,337 - 2 - INFO - **********JUDGER**********
你刚刚的分析是根据上述分析，我们可以比较四位玩家的描述，找出以下不一致之处：

1. 玩家1和玩家2的描述都提到了物品的“标准尺寸和材质的独特性”，而玩家3和玩家4的描述中并没有明确提到这一点。这表明玩家1和玩家2的描述可能指向同一个平民词，而玩家3和玩家4的描述可能与平民词有所不同。

2. 玩家3的描述中提到了物品的“轻便结构、耐用性、弹性和回弹特性”，这些特点在玩家1和玩家2的描述中没有提及。这可能是玩家3作为平民的描述特征，而与玩家1和玩家2的描述不一致。

3. 玩家4的描述中提到了物品的“标准化的尺寸和材质”，这与玩家1和玩家2的描述中的“独特性”相矛盾。玩家4的描述可能更倾向于平民词的普遍特征，而不是独特性。

综上所述，不一致之处在于玩家3和玩家4的描述中缺乏玩家1和玩家2描述中的“标准尺寸和材质的独特性”，以及玩家4的描述中关于“标准化的尺寸和材质”与玩家1和玩家2描述中的“独特性”相矛盾。这些差异可能表明玩家3和玩家4的描述更接近卧底的特征。|| 请通过你分析的不一致之处，推断卧底身份，注意，这局游戏的词语分类为<体育用品>，卧底词和平民词都属于该类。
2024-12-13 17:54:02,936 - 2 - INFO - **********PLAYER2**********
基于分析的不一致之处，我们可以推断卧底身份：

- 玩家4的描述中提到“标准化的尺寸和材质”，这与玩家1和玩家2描述中的“独特性”相矛盾，且与玩家3的描述中提到的“轻便结构、耐用性、弹性和回弹特性”也不完全一致。这表明玩家4的描述可能与平民词的描述最为不同。

因此，根据这些不一致之处，玩家4可能是卧底。
2024-12-13 17:54:02,937 - 2 - INFO - **********JUDGER**********
你刚刚的推断是基于分析的不一致之处，我们可以推断卧底身份：

- 玩家4的描述中提到“标准化的尺寸和材质”，这与玩家1和玩家2描述中的“独特性”相矛盾，且与玩家3的描述中提到的“轻便结构、耐用性、弹性和回弹特性”也不完全一致。这表明玩家4的描述可能与平民词的描述最为不同。

因此，根据这些不一致之处，玩家4可能是卧底。|| 基于你刚刚的推断得出你的最终结论，请输出你认为的卧底，在这种情况下只需要输出编号，是1-4中的某个数字，不要输出其他信息。在这个过程不要进行任何推理，只对||以前的部分进行信息提取
2024-12-13 17:54:03,953 - 2 - INFO - **********PLAYER2**********
4
2024-12-13 17:55:39,268 - 2 - INFO - **********JUDGER**********
玩家1说：它是一个圆形的，主要用于团队运动的器械，其表面具有特殊的纹理，有助于抓握和传球。在体育用品中，它以其尺寸和材质的独特性而区别于其他类似物品。它是一种大型的、适合多人玩耍的圆形体育用品，通常由橡胶或合成材料制成，具有很好的弹性和耐用性。在体育用品中，它以其独特的尺寸和材质，以及它在比赛中的关键作用而著称。它是一种直径较大的圆形体育用品，主要用于地面上的团队运动，表面设计有深浅不一的纹理，以增强抓握和控球。这种物品的材质通常是柔软且有弹性的，以便在碰撞时能够恢复原状，同时提供良好的手感。在体育用品中，它的设计以其耐用性和适合不同技能水平的运动员而著称。玩家2说：这是一个圆形的物品，通常用于团队比赛，它的表面设计有独特的凹凸纹理，便于运动员的抓握和传递。在体育用品中，它以其标准的尺寸和材质的独特性而区别于其他类似的圆形物品。与同类物品相比，它的设计更为精致，且在材质上有所创新。这个物品是团队运动中不可或缺的，它的结构坚固且轻便，适合快速移动和精准操控。它通常由多种材料制成，结合了耐用性和弹性的特点。这个物品在比赛中扮演着核心角色，是团队协作和竞技策略的关键部分。它的外观简洁，但设计上充满了实用性，使得它在同类体育用品中脱颖而出。玩家3说：这是一个圆形的，用于团队运动的器械，表面具有特殊的纹理。在体育用品中，它以其标准的尺寸和材质的独特性而区别于其他类似物品，同时，它的设计也相对独特。这是一个球形的体育用品，主要用于团队运动，其表面设计有防滑的纹理，确保了运动员在运动过程中的稳定抓握。在同类体育用品中，它以其轻便的结构和耐用性而著称，同时，它的弹性和回弹特性使其在比赛中发挥着关键作用。此外，它的设计注重于实用性和运动效率，使得它在体育用品中具有独特的地位。玩家4说：它是一个球形的体育用品，主要用于团队运动，表面有防滑的纹理。在同类物品中，它以其标准化的尺寸和材质而著称。这个物品在比赛中经常被快速传递，它的设计使得运动员能够在高速运动中稳定地控制它。它的重量适中，既不会过轻导致难以操控，也不会过重影响比赛节奏。它的尺寸和重量经过精确计算，以适应不同年龄和技能水平的运动员。此外，它的表面纹理不仅防滑，还能提供良好的手感，使得运动员能够轻松地进行各种技巧动作。你是第2号玩家，你的关键词是<篮球>。你的回答中绝对不能包含你的关键词<篮球>。这是第三轮描述，你之前的描述是这是一个圆形的物品，通常用于团队比赛，它的表面设计有独特的凹凸纹理，便于运动员的抓握和传递。在体育用品中，它以其标准的尺寸和材质的独特性而区别于其他类似的圆形物品。与同类物品相比，它的设计更为精致，且在材质上有所创新。和这个物品是团队运动中不可或缺的，它的结构坚固且轻便，适合快速移动和精准操控。它通常由多种材料制成，结合了耐用性和弹性的特点。这个物品在比赛中扮演着核心角色，是团队协作和竞技策略的关键部分。它的外观简洁，但设计上充满了实用性，使得它在同类体育用品中脱颖而出。，注意，这局游戏的词语分类为<体育用品>，卧底词和平民词都属于该类，请你补充关于关键词的描述，注意，你的描述应该比起之前的描述更加贴近关键词，作为之前的补充
2024-12-13 17:55:44,961 - 2 - INFO - **********PLAYER2**********
这个物品在团队运动中扮演着核心角色，它通常由多种材料制成，具有良好的耐用性和弹性。它的重量适中，便于运动员在比赛中快速移动和精准操控。这个物品的表面设计有防滑纹理，确保了运动员在高速运动中的稳定抓握。它的尺寸经过精确计算，以适应不同年龄和技能水平的运动员。此外，这个物品在比赛中经常被快速传递，其设计使得运动员能够在高速运动中稳定地控制它。
2024-12-13 17:56:20,202 - 2 - INFO - **********JUDGER**********
玩家1说：它是一个圆形的，主要用于团队运动的器械，其表面具有特殊的纹理，有助于抓握和传球。在体育用品中，它以其尺寸和材质的独特性而区别于其他类似物品。它是一种大型的、适合多人玩耍的圆形体育用品，通常由橡胶或合成材料制成，具有很好的弹性和耐用性。在体育用品中，它以其独特的尺寸和材质，以及它在比赛中的关键作用而著称。它是一种直径较大的圆形体育用品，主要用于地面上的团队运动，表面设计有深浅不一的纹理，以增强抓握和控球。这种物品的材质通常是柔软且有弹性的，以便在碰撞时能够恢复原状，同时提供良好的手感。在体育用品中，它的设计以其耐用性和适合不同技能水平的运动员而著称。玩家2说：这是一个圆形的物品，通常用于团队比赛，它的表面设计有独特的凹凸纹理，便于运动员的抓握和传递。在体育用品中，它以其标准的尺寸和材质的独特性而区别于其他类似的圆形物品。与同类物品相比，它的设计更为精致，且在材质上有所创新。这个物品是团队运动中不可或缺的，它的结构坚固且轻便，适合快速移动和精准操控。它通常由多种材料制成，结合了耐用性和弹性的特点。这个物品在比赛中扮演着核心角色，是团队协作和竞技策略的关键部分。它的外观简洁，但设计上充满了实用性，使得它在同类体育用品中脱颖而出。这个物品在团队运动中扮演着核心角色，它通常由多种材料制成，具有良好的耐用性和弹性。它的重量适中，便于运动员在比赛中快速移动和精准操控。这个物品的表面设计有防滑纹理，确保了运动员在高速运动中的稳定抓握。它的尺寸经过精确计算，以适应不同年龄和技能水平的运动员。此外，这个物品在比赛中经常被快速传递，其设计使得运动员能够在高速运动中稳定地控制它。玩家3说：这是一个圆形的，用于团队运动的器械，表面具有特殊的纹理。在体育用品中，它以其标准的尺寸和材质的独特性而区别于其他类似物品，同时，它的设计也相对独特。这是一个球形的体育用品，主要用于团队运动，其表面设计有防滑的纹理，确保了运动员在运动过程中的稳定抓握。在同类体育用品中，它以其轻便的结构和耐用性而著称，同时，它的弹性和回弹特性使其在比赛中发挥着关键作用。此外，它的设计注重于实用性和运动效率，使得它在体育用品中具有独特的地位。这个球形的体育用品，主要用于团队运动，具有防滑的纹理，确保了运动员在运动过程中的稳定抓握。它以其轻便的结构和耐用性而著称，同时，它的弹性和回弹特性使其在比赛中发挥着关键作用。此外，它的设计注重于实用性和运动效率，使得它在体育用品中具有独特的地位。这个物品的重量适中，便于运动员在比赛中快速移动和精准操控。它的尺寸和重量经过精确计算，以适应不同年龄和技能水平的运动员。此外，它的表面纹理不仅防滑，还能提供良好的手感，使得运动员能够轻松地进行各种技巧动作。玩家4说：它是一个球形的体育用品，主要用于团队运动，表面有防滑的纹理。在同类物品中，它以其标准化的尺寸和材质而著称。这个物品在比赛中经常被快速传递，它的设计使得运动员能够在高速运动中稳定地控制它。它的重量适中，既不会过轻导致难以操控，也不会过重影响比赛节奏。它的尺寸和重量经过精确计算，以适应不同年龄和技能水平的运动员。此外，它的表面纹理不仅防滑，还能提供良好的手感，使得运动员能够轻松地进行各种技巧动作。这个物品在比赛中经常被快速运用于地面和空中，其表面设计确保了运动员在高速运动中的稳定性和精确控制。它的重量和尺寸经过优化，以适应不同运动项目的需求，同时也便于运动员在比赛中灵活运用。这个物品通常由多种材料制成，以实现轻便、耐用和弹性的结合，使其在多种团队运动中成为不可或缺的工具。||在这个游戏中，我们需要通过分析每位玩家的描述来找出卧底。通常，平民的描述会围绕相同的词语展开，而卧底的描述可能会因为词语的不同而显得不太一致。我们需要仔细比较每个描述之间的相似性和差异性，以找出可能的卧底，注意，卧底并不会隐藏自己，他会直接描述他的词语，现在，逐一分析每个玩家的描述，注意，这局游戏的词语分类为<体育用品>，卧底词和平民词都属于该类。||之前是第3轮描述和之前轮数描述的合集。你之前认为的卧底是玩家4。
2024-12-13 17:56:29,865 - 2 - INFO - **********PLAYER2**********
根据玩家1、玩家2、玩家3和玩家4的描述，以及之前的分析，我们可以进行以下分析：

- 玩家1、玩家2和玩家3的描述都强调了物品的圆形、团队运动、特殊纹理、标准尺寸和材质的独特性，以及它在比赛中的关键作用。这些描述在多个关键点上非常一致，可能指向同一个平民词。

- 玩家4的描述中虽然也提到了圆形、团队运动、特殊纹理和标准化的尺寸和材质，但特别强调了物品在比赛中的快速传递、表面纹理的稳定性和精确控制，以及重量和尺寸的优化。这些描述在细节上与其他玩家的描述有所不同。

基于这些信息，玩家4的描述在细节上与其他玩家的描述存在差异，这可能表明玩家4的描述更接近卧底的特征。因此，根据之前的推断，玩家4仍然可能是卧底。
2024-12-13 17:56:29,866 - 2 - INFO - **********JUDGER**********
你刚刚的分析是根据玩家1、玩家2、玩家3和玩家4的描述，以及之前的分析，我们可以进行以下分析：

- 玩家1、玩家2和玩家3的描述都强调了物品的圆形、团队运动、特殊纹理、标准尺寸和材质的独特性，以及它在比赛中的关键作用。这些描述在多个关键点上非常一致，可能指向同一个平民词。

- 玩家4的描述中虽然也提到了圆形、团队运动、特殊纹理和标准化的尺寸和材质，但特别强调了物品在比赛中的快速传递、表面纹理的稳定性和精确控制，以及重量和尺寸的优化。这些描述在细节上与其他玩家的描述有所不同。

基于这些信息，玩家4的描述在细节上与其他玩家的描述存在差异，这可能表明玩家4的描述更接近卧底的特征。因此，根据之前的推断，玩家4仍然可能是卧底。|| `请根据上述分析，比较描述以找出不一致之处，注意，这局游戏的词语分类为<体育用品>，卧底词和平民词都属于该类。
2024-12-13 17:56:42,049 - 2 - INFO - **********PLAYER2**********
根据上述分析，我们可以比较四位玩家的描述，找出以下不一致之处：

1. 玩家1、玩家2和玩家3的描述都提到了物品的“标准尺寸和材质的独特性”，而玩家4的描述中提到了“标准化的尺寸和材质”，虽然使用了不同的措辞，但都指向了物品的尺寸和材质是标准化的，这与其他两位玩家的描述中强调的独特性存在差异。

2. 玩家4的描述特别强调了物品在比赛中的“快速传递”、“表面纹理的稳定性和精确控制”，以及“重量和尺寸的优化”，这些细节在其他玩家的描述中没有提及。

3. 玩家4的描述还提到了物品在比赛中的使用场景，如“经常被快速运用于地面和空中”，这一点在其他玩家的描述中也没有具体提及。

这些不一致之处表明玩家4的描述在细节上与其他玩家的描述有所不同，可能反映了作为卧底的特征。
2024-12-13 17:56:42,051 - 2 - INFO - **********JUDGER**********
你刚刚的分析是根据上述分析，我们可以比较四位玩家的描述，找出以下不一致之处：

1. 玩家1、玩家2和玩家3的描述都提到了物品的“标准尺寸和材质的独特性”，而玩家4的描述中提到了“标准化的尺寸和材质”，虽然使用了不同的措辞，但都指向了物品的尺寸和材质是标准化的，这与其他两位玩家的描述中强调的独特性存在差异。

2. 玩家4的描述特别强调了物品在比赛中的“快速传递”、“表面纹理的稳定性和精确控制”，以及“重量和尺寸的优化”，这些细节在其他玩家的描述中没有提及。

3. 玩家4的描述还提到了物品在比赛中的使用场景，如“经常被快速运用于地面和空中”，这一点在其他玩家的描述中也没有具体提及。

这些不一致之处表明玩家4的描述在细节上与其他玩家的描述有所不同，可能反映了作为卧底的特征。|| 请通过你分析的不一致之处，推断卧底身份，注意，这局游戏的词语分类为<体育用品>，卧底词和平民词都属于该类。
2024-12-13 17:56:48,366 - 2 - INFO - **********PLAYER2**********
基于分析的不一致之处，我们可以推断卧底身份：

- 玩家4的描述中提到的“标准化的尺寸和材质”与玩家1、2和3描述中的“独特性”存在差异。
- 玩家4的描述中特别强调了物品的“快速传递”、“表面纹理的稳定性和精确控制”，以及“重量和尺寸的优化”，这些细节在其他玩家的描述中没有出现。
- 玩家4的描述还提到了物品在比赛中的使用场景，如“经常被快速运用于地面和空中”，这一点在其他玩家的描述中也没有具体提及。

综合这些不一致之处，玩家4的描述与平民词的描述最为不同，因此可以推断玩家4是卧底。
2024-12-13 17:56:48,366 - 2 - INFO - **********JUDGER**********
你刚刚的推断是基于分析的不一致之处，我们可以推断卧底身份：

- 玩家4的描述中提到的“标准化的尺寸和材质”与玩家1、2和3描述中的“独特性”存在差异。
- 玩家4的描述中特别强调了物品的“快速传递”、“表面纹理的稳定性和精确控制”，以及“重量和尺寸的优化”，这些细节在其他玩家的描述中没有出现。
- 玩家4的描述还提到了物品在比赛中的使用场景，如“经常被快速运用于地面和空中”，这一点在其他玩家的描述中也没有具体提及。

综合这些不一致之处，玩家4的描述与平民词的描述最为不同，因此可以推断玩家4是卧底。|| 基于你刚刚的推断得出你的最终结论，请输出你认为的卧底，在这种情况下只需要输出编号，是1-4中的某个数字，不要输出其他信息。在这个过程不要进行任何推理，只对||以前的部分进行信息提取
2024-12-13 17:56:49,782 - 2 - INFO - **********PLAYER2**********
4
