2024-12-13 17:50:26,868 - 3 - INFO - **********JUDGER**********
让我们来玩一个叫做<谁是卧底>的推理游戏。基本规则：<人数>：4人。<角色分配>：每位玩家随机抽取一个词语，3名玩家拿到的词语是相同的（平民词），1名玩家拿到与之相近但不同的词语（卧底词）。<游戏流程>：1、玩家轮流描述自己的词语，但<不能>直接说出词语本身。2、描述完毕后，投票选出最像卧底的玩家。3、每轮结束后，被投票选出的玩家出局，不能再进行描述或投票。4、每轮投票结束后，如果卧底被成功找出，平民方获胜；如果卧底未被找出且卧底人数等于或超过平民人数，则卧底方获胜。你将扮演一个<玩家>，请等待你被分配到的关键词。如果你听懂了，只回答，"好的，我准备好参加游戏了"，不要输出别的信息
2024-12-13 17:50:27,433 - 3 - INFO - **********PLAYER3**********
好的，我准备好参加游戏了
2024-12-13 17:50:37,206 - 3 - INFO - **********JUDGER**********
玩家1说：它是一个圆形的，主要用于团队运动的器械，其表面具有特殊的纹理，有助于抓握和传球。在体育用品中，它以其尺寸和材质的独特性而区别于其他类似物品。玩家2说：这是一个圆形的物品，通常用于团队比赛，它的表面设计有独特的凹凸纹理，便于运动员的抓握和传递。在体育用品中，它以其标准的尺寸和材质的独特性而区别于其他类似的圆形物品。与同类物品相比，它的设计更为精致，且在材质上有所创新。玩家3说：玩家4说：|| 你是第3号玩家，你的关键词是<网球>。你的回答中绝对不能包含你的关键词<网球>。这是第一轮描述，不需要分析||之前别的玩家的描述，请你描述关键词基本特征，注意，这局游戏的词语分类为<体育用品>，卧底词和平民词都属于该类，描述包括以下两点，1.他的基本特征是什么2.他在该类（体育用品）中最突出不同的特征是什么，尽量简短
2024-12-13 17:50:39,801 - 3 - INFO - **********PLAYER3**********
这是一个圆形的，用于团队运动的器械，表面具有特殊的纹理。在体育用品中，它以其标准的尺寸和材质的独特性而区别于其他类似物品，同时，它的设计也相对独特。
2024-12-13 17:51:48,434 - 3 - INFO - **********JUDGER**********
玩家1说：它是一个圆形的，主要用于团队运动的器械，其表面具有特殊的纹理，有助于抓握和传球。在体育用品中，它以其尺寸和材质的独特性而区别于其他类似物品。玩家2说：这是一个圆形的物品，通常用于团队比赛，它的表面设计有独特的凹凸纹理，便于运动员的抓握和传递。在体育用品中，它以其标准的尺寸和材质的独特性而区别于其他类似的圆形物品。与同类物品相比，它的设计更为精致，且在材质上有所创新。玩家3说：这是一个圆形的，用于团队运动的器械，表面具有特殊的纹理。在体育用品中，它以其标准的尺寸和材质的独特性而区别于其他类似物品，同时，它的设计也相对独特。玩家4说：||在这个游戏中，我们需要通过分析每位玩家的描述来找出卧底。通常，平民的描述会围绕相同的词语展开，而卧底的描述可能会因为词语的不同而显得不太一致。我们需要仔细比较每个描述之间的相似性和差异性，以找出可能的卧底，注意，卧底并不会隐藏自己，他会直接描述他的词语，现在，逐一分析每个玩家的描述，注意，这局游戏的词语分类为<体育用品>，卧底词和平民词都属于该类。这是第一轮描述。
2024-12-13 17:52:05,466 - 3 - INFO - **********PLAYER3**********
根据玩家们的描述，我们可以看出以下几点：

1. 玩家1、玩家3和玩家4的描述非常相似，都提到了圆形、团队运动、特殊纹理、尺寸和材质的独特性，以及设计的独特性。这表明他们可能持有相同的词语。

2. 玩家2的描述与前三者相比，也提到了圆形、团队运动、特殊纹理、尺寸和材质的独特性，但他还额外强调了设计的精致和材质上的创新。这一点可能与其他玩家的描述有所不同。

由于玩家2的描述中包含了一些额外的特征，这可能与他的卧底身份有关。然而，没有足够的信息来确定玩家2是否真的是卧底，因为他的描述可能与他的词语非常接近。

在第一轮描述中，我们无法确定卧底，但玩家2的描述可能是我们关注的焦点，因为他提供了一些额外的信息。接下来，我们需要继续观察后续的描述和投票，以确定卧底的身份。
2024-12-13 17:52:05,467 - 3 - INFO - **********JUDGER**********
你刚刚的分析是根据玩家们的描述，我们可以看出以下几点：

1. 玩家1、玩家3和玩家4的描述非常相似，都提到了圆形、团队运动、特殊纹理、尺寸和材质的独特性，以及设计的独特性。这表明他们可能持有相同的词语。

2. 玩家2的描述与前三者相比，也提到了圆形、团队运动、特殊纹理、尺寸和材质的独特性，但他还额外强调了设计的精致和材质上的创新。这一点可能与其他玩家的描述有所不同。

由于玩家2的描述中包含了一些额外的特征，这可能与他的卧底身份有关。然而，没有足够的信息来确定玩家2是否真的是卧底，因为他的描述可能与他的词语非常接近。

在第一轮描述中，我们无法确定卧底，但玩家2的描述可能是我们关注的焦点，因为他提供了一些额外的信息。接下来，我们需要继续观察后续的描述和投票，以确定卧底的身份。|| `请根据上述分析，比较描述以找出不一致之处，注意，这局游戏的词语分类为<体育用品>，卧底词和平民词都属于该类。
2024-12-13 17:52:14,179 - 3 - INFO - **********PLAYER3**********
根据上述分析，我们可以比较描述中的不一致之处如下：

1. **共同点**：
   - 所有玩家的描述都提到了物品是圆形的。
   - 所有玩家都提到了物品用于团队运动。
   - 所有玩家都提到了物品表面具有特殊纹理，有助于抓握和传球。
   - 所有玩家都提到了物品在体育用品中以其尺寸和材质的独特性而区别于其他类似物品。
   - 所有玩家都提到了物品的设计相对独特。

2. **不一致之处**：
   - 玩家2的描述中特别提到了“设计的精致”和“材质上的创新”，这两个特征在玩家1、玩家3和玩家4的描述中没有出现。

由于卧底词和平民词都属于体育用品类别，且玩家1、玩家3和玩家4的描述高度相似，这表明他们很可能持有相同的平民词。而玩家2的描述中包含的额外特征可能是他作为卧底试图引入的混淆因素。

因此，不一致之处在于玩家2描述的“设计的精致”和“材质上的创新”，这可能是区分玩家2是否为卧底的关键点。如果其他玩家没有提到这些特征，那么玩家2的描述可能包含了他作为卧底的关键信息。
2024-12-13 17:52:14,181 - 3 - INFO - **********JUDGER**********
你刚刚的分析是根据上述分析，我们可以比较描述中的不一致之处如下：

1. **共同点**：
   - 所有玩家的描述都提到了物品是圆形的。
   - 所有玩家都提到了物品用于团队运动。
   - 所有玩家都提到了物品表面具有特殊纹理，有助于抓握和传球。
   - 所有玩家都提到了物品在体育用品中以其尺寸和材质的独特性而区别于其他类似物品。
   - 所有玩家都提到了物品的设计相对独特。

2. **不一致之处**：
   - 玩家2的描述中特别提到了“设计的精致”和“材质上的创新”，这两个特征在玩家1、玩家3和玩家4的描述中没有出现。

由于卧底词和平民词都属于体育用品类别，且玩家1、玩家3和玩家4的描述高度相似，这表明他们很可能持有相同的平民词。而玩家2的描述中包含的额外特征可能是他作为卧底试图引入的混淆因素。

因此，不一致之处在于玩家2描述的“设计的精致”和“材质上的创新”，这可能是区分玩家2是否为卧底的关键点。如果其他玩家没有提到这些特征，那么玩家2的描述可能包含了他作为卧底的关键信息。|| 请通过你分析的不一致之处，推断卧底身份，注意，这局游戏的词语分类为<体育用品>，卧底词和平民词都属于该类。
2024-12-13 17:52:25,829 - 3 - INFO - **********PLAYER3**********
基于分析中提到的不一致之处，我们可以进行以下推断：

1. 玩家1、玩家3和玩家4的描述高度相似，没有提及“设计的精致”和“材质上的创新”，这表明他们可能持有相同的平民词，且这个词语在体育用品中通常不会有这些额外的特征描述。

2. 玩家2的描述中提到了“设计的精致”和“材质上的创新”，这些特征可能暗示了一个在体育用品类别中特别强调设计感和材质的物品。

考虑到游戏的词语分类为<体育用品>，以下是一些可能的词语，它们可能会引起“设计的精致”和“材质上的创新”这样的描述：

- 足球：虽然足球有独特的尺寸和材质，但通常不会特别强调设计的精致和材质创新。
- 篮球：与足球类似，篮球的尺寸和材质有标准，但设计上通常不会有特别强调的精致和创新。
- 网球：网球通常具有精致的工艺和高质量的材料，可能会被描述为设计精致和材质创新。
- 橄榄球：橄榄球的设计和材质可能也有一定程度的精致和创新，但通常不是体育用品中的焦点。

根据玩家2的描述，最有可能的卧底词是“网球”，因为它最符合“设计的精致”和“材质上的创新”这样的特征。然而，这只是一个基于描述的推断，实际的卧底词可能有所不同。如果其他玩家没有提到这些特征，那么玩家2很可能是卧底。
2024-12-13 17:52:25,831 - 3 - INFO - **********JUDGER**********
你刚刚的推断是基于分析中提到的不一致之处，我们可以进行以下推断：

1. 玩家1、玩家3和玩家4的描述高度相似，没有提及“设计的精致”和“材质上的创新”，这表明他们可能持有相同的平民词，且这个词语在体育用品中通常不会有这些额外的特征描述。

2. 玩家2的描述中提到了“设计的精致”和“材质上的创新”，这些特征可能暗示了一个在体育用品类别中特别强调设计感和材质的物品。

考虑到游戏的词语分类为<体育用品>，以下是一些可能的词语，它们可能会引起“设计的精致”和“材质上的创新”这样的描述：

- 足球：虽然足球有独特的尺寸和材质，但通常不会特别强调设计的精致和材质创新。
- 篮球：与足球类似，篮球的尺寸和材质有标准，但设计上通常不会有特别强调的精致和创新。
- 网球：网球通常具有精致的工艺和高质量的材料，可能会被描述为设计精致和材质创新。
- 橄榄球：橄榄球的设计和材质可能也有一定程度的精致和创新，但通常不是体育用品中的焦点。

根据玩家2的描述，最有可能的卧底词是“网球”，因为它最符合“设计的精致”和“材质上的创新”这样的特征。然而，这只是一个基于描述的推断，实际的卧底词可能有所不同。如果其他玩家没有提到这些特征，那么玩家2很可能是卧底。|| 基于你刚刚的推断得出你的最终结论，请输出你认为的卧底，在这种情况下只需要输出编号，是1-4中的某个数字，不要输出其他信息。在这个过程不要进行任何推理，只对||以前的部分进行信息提取
2024-12-13 17:52:26,700 - 3 - INFO - **********PLAYER3**********
2
2024-12-13 17:53:04,701 - 3 - INFO - **********JUDGER**********
玩家1说：它是一个圆形的，主要用于团队运动的器械，其表面具有特殊的纹理，有助于抓握和传球。在体育用品中，它以其尺寸和材质的独特性而区别于其他类似物品。它是一种大型的、适合多人玩耍的圆形体育用品，通常由橡胶或合成材料制成，具有很好的弹性和耐用性。在体育用品中，它以其独特的尺寸和材质，以及它在比赛中的关键作用而著称。玩家2说：这是一个圆形的物品，通常用于团队比赛，它的表面设计有独特的凹凸纹理，便于运动员的抓握和传递。在体育用品中，它以其标准的尺寸和材质的独特性而区别于其他类似的圆形物品。与同类物品相比，它的设计更为精致，且在材质上有所创新。这个物品是团队运动中不可或缺的，它的结构坚固且轻便，适合快速移动和精准操控。它通常由多种材料制成，结合了耐用性和弹性的特点。这个物品在比赛中扮演着核心角色，是团队协作和竞技策略的关键部分。它的外观简洁，但设计上充满了实用性，使得它在同类体育用品中脱颖而出。玩家3说：这是一个圆形的，用于团队运动的器械，表面具有特殊的纹理。在体育用品中，它以其标准的尺寸和材质的独特性而区别于其他类似物品，同时，它的设计也相对独特。玩家4说：它是一个球形的体育用品，主要用于团队运动，表面有防滑的纹理。在同类物品中，它以其标准化的尺寸和材质而著称。你是第3号玩家，你的关键词是<网球>。你的回答中绝对不能包含你的关键词<网球>。这是第二轮描述，你之前的描述是这是一个圆形的，用于团队运动的器械，表面具有特殊的纹理。在体育用品中，它以其标准的尺寸和材质的独特性而区别于其他类似物品，同时，它的设计也相对独特。，注意，这局游戏的词语分类为<体育用品>，卧底词和平民词都属于该类，请你补充关于关键词的描述，注意，你的描述应该比起之前的描述更加贴近关键词，作为之前的补充
2024-12-13 17:53:08,687 - 3 - INFO - **********PLAYER3**********
这是一个球形的体育用品，主要用于团队运动，其表面设计有防滑的纹理，确保了运动员在运动过程中的稳定抓握。在同类体育用品中，它以其轻便的结构和耐用性而著称，同时，它的弹性和回弹特性使其在比赛中发挥着关键作用。此外，它的设计注重于实用性和运动效率，使得它在体育用品中具有独特的地位。
2024-12-13 17:54:03,953 - 3 - INFO - **********JUDGER**********
玩家1说：它是一个圆形的，主要用于团队运动的器械，其表面具有特殊的纹理，有助于抓握和传球。在体育用品中，它以其尺寸和材质的独特性而区别于其他类似物品。它是一种大型的、适合多人玩耍的圆形体育用品，通常由橡胶或合成材料制成，具有很好的弹性和耐用性。在体育用品中，它以其独特的尺寸和材质，以及它在比赛中的关键作用而著称。玩家2说：这是一个圆形的物品，通常用于团队比赛，它的表面设计有独特的凹凸纹理，便于运动员的抓握和传递。在体育用品中，它以其标准的尺寸和材质的独特性而区别于其他类似的圆形物品。与同类物品相比，它的设计更为精致，且在材质上有所创新。这个物品是团队运动中不可或缺的，它的结构坚固且轻便，适合快速移动和精准操控。它通常由多种材料制成，结合了耐用性和弹性的特点。这个物品在比赛中扮演着核心角色，是团队协作和竞技策略的关键部分。它的外观简洁，但设计上充满了实用性，使得它在同类体育用品中脱颖而出。玩家3说：这是一个圆形的，用于团队运动的器械，表面具有特殊的纹理。在体育用品中，它以其标准的尺寸和材质的独特性而区别于其他类似物品，同时，它的设计也相对独特。这是一个球形的体育用品，主要用于团队运动，其表面设计有防滑的纹理，确保了运动员在运动过程中的稳定抓握。在同类体育用品中，它以其轻便的结构和耐用性而著称，同时，它的弹性和回弹特性使其在比赛中发挥着关键作用。此外，它的设计注重于实用性和运动效率，使得它在体育用品中具有独特的地位。玩家4说：它是一个球形的体育用品，主要用于团队运动，表面有防滑的纹理。在同类物品中，它以其标准化的尺寸和材质而著称。||在这个游戏中，我们需要通过分析每位玩家的描述来找出卧底。通常，平民的描述会围绕相同的词语展开，而卧底的描述可能会因为词语的不同而显得不太一致。我们需要仔细比较每个描述之间的相似性和差异性，以找出可能的卧底，注意，卧底并不会隐藏自己，他会直接描述他的词语，现在，逐一分析每个玩家的描述，注意，这局游戏的词语分类为<体育用品>，卧底词和平民词都属于该类。||之前是第2轮描述和之前轮数描述的合集。你之前认为的卧底是玩家2。
2024-12-13 17:54:18,808 - 3 - INFO - **********PLAYER3**********
根据第二轮描述和之前的分析，以下是每位玩家的描述要点：

玩家1：
- 圆形，团队运动器械
- 特殊纹理，尺寸和材质独特
- 大型，多人玩耍，橡胶或合成材料
- 良好弹性和耐用性，关键作用

玩家2：
- 圆形物品，团队比赛
- 特殊凹凸纹理，便于抓握和传递
- 标准尺寸和材质，设计精致，材质创新
- 结构坚固轻便，耐用弹性，核心角色
- 实用性，简洁外观，实用性突出

玩家3：
- 圆形器械，团队运动
- 特殊纹理，标准尺寸和材质
- 球形，防滑纹理，稳定抓握
- 轻便结构，耐用，弹性和回弹
- 实用性和运动效率，独特地位

玩家4：
- 球形体育用品，团队运动
- 标准尺寸和材质，防滑纹理

比较四位玩家的描述，玩家1、玩家3和玩家4的描述在强调尺寸、材质、纹理和实用性方面有较高的相似性，而玩家2的描述则更加详细地描述了物品的设计和材质的创新性，以及其在比赛中的核心角色和实用性。玩家2的描述中包含了一些独特的特征，如“设计更为精致”和“材质上有所创新”，这些特征在玩家1、玩家3和玩家4的描述中没有出现。

基于这些分析，玩家2的描述与玩家1、玩家3和玩家4的描述存在差异，且这些差异可能表明玩家2的词语与卧底词更为接近。因此，根据这些描述，我仍然认为玩家2可能是卧底。
2024-12-13 17:54:18,810 - 3 - INFO - **********JUDGER**********
你刚刚的分析是根据第二轮描述和之前的分析，以下是每位玩家的描述要点：

玩家1：
- 圆形，团队运动器械
- 特殊纹理，尺寸和材质独特
- 大型，多人玩耍，橡胶或合成材料
- 良好弹性和耐用性，关键作用

玩家2：
- 圆形物品，团队比赛
- 特殊凹凸纹理，便于抓握和传递
- 标准尺寸和材质，设计精致，材质创新
- 结构坚固轻便，耐用弹性，核心角色
- 实用性，简洁外观，实用性突出

玩家3：
- 圆形器械，团队运动
- 特殊纹理，标准尺寸和材质
- 球形，防滑纹理，稳定抓握
- 轻便结构，耐用，弹性和回弹
- 实用性和运动效率，独特地位

玩家4：
- 球形体育用品，团队运动
- 标准尺寸和材质，防滑纹理

比较四位玩家的描述，玩家1、玩家3和玩家4的描述在强调尺寸、材质、纹理和实用性方面有较高的相似性，而玩家2的描述则更加详细地描述了物品的设计和材质的创新性，以及其在比赛中的核心角色和实用性。玩家2的描述中包含了一些独特的特征，如“设计更为精致”和“材质上有所创新”，这些特征在玩家1、玩家3和玩家4的描述中没有出现。

基于这些分析，玩家2的描述与玩家1、玩家3和玩家4的描述存在差异，且这些差异可能表明玩家2的词语与卧底词更为接近。因此，根据这些描述，我仍然认为玩家2可能是卧底。|| `请根据上述分析，比较描述以找出不一致之处，注意，这局游戏的词语分类为<体育用品>，卧底词和平民词都属于该类。
2024-12-13 17:54:32,795 - 3 - INFO - **********PLAYER3**********
根据上述分析，以下是不一致之处：

- 玩家1、玩家3和玩家4的描述都强调了物品的圆形、团队运动用途、特殊纹理、尺寸和材质的独特性，以及其在体育用品中的特殊地位。
- 玩家2的描述则特别强调了物品的设计精致、材质创新、结构坚固轻便、耐用弹性，以及其在比赛中的核心角色和实用性。
- 玩家2的描述中提到了“简洁外观”，而其他玩家的描述中并未提及这一点。
- 玩家2的描述中提到了“便于抓握和传递”，虽然这一点在玩家1、玩家3和玩家4的描述中也有提及，但玩家2的描述中似乎更加强调了这一点。

这些不一致之处表明玩家2的描述可能更接近卧底词，因为它包含了其他玩家描述中未提及的额外特征，而这些特征可能是区分平民词和卧底词的关键。
2024-12-13 17:54:32,797 - 3 - INFO - **********JUDGER**********
你刚刚的分析是根据上述分析，以下是不一致之处：

- 玩家1、玩家3和玩家4的描述都强调了物品的圆形、团队运动用途、特殊纹理、尺寸和材质的独特性，以及其在体育用品中的特殊地位。
- 玩家2的描述则特别强调了物品的设计精致、材质创新、结构坚固轻便、耐用弹性，以及其在比赛中的核心角色和实用性。
- 玩家2的描述中提到了“简洁外观”，而其他玩家的描述中并未提及这一点。
- 玩家2的描述中提到了“便于抓握和传递”，虽然这一点在玩家1、玩家3和玩家4的描述中也有提及，但玩家2的描述中似乎更加强调了这一点。

这些不一致之处表明玩家2的描述可能更接近卧底词，因为它包含了其他玩家描述中未提及的额外特征，而这些特征可能是区分平民词和卧底词的关键。|| 请通过你分析的不一致之处，推断卧底身份，注意，这局游戏的词语分类为<体育用品>，卧底词和平民词都属于该类。
2024-12-13 17:54:38,921 - 3 - INFO - **********PLAYER3**********
基于上述分析的不一致之处，结合游戏规则和词语分类为<体育用品>，我推断玩家2可能是卧底。他的描述中包含了一些特征，如“设计精致”、“材质创新”、“结构坚固轻便”和“耐用弹性”，这些特征在玩家1、玩家3和玩家4的描述中没有出现，且这些特征可能并不适用于所有体育用品，尤其是那些强调标准尺寸和材质的物品。因此，玩家2的描述可能与他的卧底词不符，从而指向他是卧底。
2024-12-13 17:54:38,922 - 3 - INFO - **********JUDGER**********
你刚刚的推断是基于上述分析的不一致之处，结合游戏规则和词语分类为<体育用品>，我推断玩家2可能是卧底。他的描述中包含了一些特征，如“设计精致”、“材质创新”、“结构坚固轻便”和“耐用弹性”，这些特征在玩家1、玩家3和玩家4的描述中没有出现，且这些特征可能并不适用于所有体育用品，尤其是那些强调标准尺寸和材质的物品。因此，玩家2的描述可能与他的卧底词不符，从而指向他是卧底。|| 基于你刚刚的推断得出你的最终结论，请输出你认为的卧底，在这种情况下只需要输出编号，是1-4中的某个数字，不要输出其他信息。在这个过程不要进行任何推理，只对||以前的部分进行信息提取
2024-12-13 17:54:40,341 - 3 - INFO - **********PLAYER3**********
2
2024-12-13 17:55:44,962 - 3 - INFO - **********JUDGER**********
玩家1说：它是一个圆形的，主要用于团队运动的器械，其表面具有特殊的纹理，有助于抓握和传球。在体育用品中，它以其尺寸和材质的独特性而区别于其他类似物品。它是一种大型的、适合多人玩耍的圆形体育用品，通常由橡胶或合成材料制成，具有很好的弹性和耐用性。在体育用品中，它以其独特的尺寸和材质，以及它在比赛中的关键作用而著称。它是一种直径较大的圆形体育用品，主要用于地面上的团队运动，表面设计有深浅不一的纹理，以增强抓握和控球。这种物品的材质通常是柔软且有弹性的，以便在碰撞时能够恢复原状，同时提供良好的手感。在体育用品中，它的设计以其耐用性和适合不同技能水平的运动员而著称。玩家2说：这是一个圆形的物品，通常用于团队比赛，它的表面设计有独特的凹凸纹理，便于运动员的抓握和传递。在体育用品中，它以其标准的尺寸和材质的独特性而区别于其他类似的圆形物品。与同类物品相比，它的设计更为精致，且在材质上有所创新。这个物品是团队运动中不可或缺的，它的结构坚固且轻便，适合快速移动和精准操控。它通常由多种材料制成，结合了耐用性和弹性的特点。这个物品在比赛中扮演着核心角色，是团队协作和竞技策略的关键部分。它的外观简洁，但设计上充满了实用性，使得它在同类体育用品中脱颖而出。这个物品在团队运动中扮演着核心角色，它通常由多种材料制成，具有良好的耐用性和弹性。它的重量适中，便于运动员在比赛中快速移动和精准操控。这个物品的表面设计有防滑纹理，确保了运动员在高速运动中的稳定抓握。它的尺寸经过精确计算，以适应不同年龄和技能水平的运动员。此外，这个物品在比赛中经常被快速传递，其设计使得运动员能够在高速运动中稳定地控制它。玩家3说：这是一个圆形的，用于团队运动的器械，表面具有特殊的纹理。在体育用品中，它以其标准的尺寸和材质的独特性而区别于其他类似物品，同时，它的设计也相对独特。这是一个球形的体育用品，主要用于团队运动，其表面设计有防滑的纹理，确保了运动员在运动过程中的稳定抓握。在同类体育用品中，它以其轻便的结构和耐用性而著称，同时，它的弹性和回弹特性使其在比赛中发挥着关键作用。此外，它的设计注重于实用性和运动效率，使得它在体育用品中具有独特的地位。玩家4说：它是一个球形的体育用品，主要用于团队运动，表面有防滑的纹理。在同类物品中，它以其标准化的尺寸和材质而著称。这个物品在比赛中经常被快速传递，它的设计使得运动员能够在高速运动中稳定地控制它。它的重量适中，既不会过轻导致难以操控，也不会过重影响比赛节奏。它的尺寸和重量经过精确计算，以适应不同年龄和技能水平的运动员。此外，它的表面纹理不仅防滑，还能提供良好的手感，使得运动员能够轻松地进行各种技巧动作。你是第3号玩家，你的关键词是<网球>。你的回答中绝对不能包含你的关键词<网球>。这是第三轮描述，你之前的描述是这是一个圆形的，用于团队运动的器械，表面具有特殊的纹理。在体育用品中，它以其标准的尺寸和材质的独特性而区别于其他类似物品，同时，它的设计也相对独特。和这是一个球形的体育用品，主要用于团队运动，其表面设计有防滑的纹理，确保了运动员在运动过程中的稳定抓握。在同类体育用品中，它以其轻便的结构和耐用性而著称，同时，它的弹性和回弹特性使其在比赛中发挥着关键作用。此外，它的设计注重于实用性和运动效率，使得它在体育用品中具有独特的地位。，注意，这局游戏的词语分类为<体育用品>，卧底词和平民词都属于该类，请你补充关于关键词的描述，注意，你的描述应该比起之前的描述更加贴近关键词，作为之前的补充
2024-12-13 17:55:54,908 - 3 - INFO - **********PLAYER3**********
这个球形的体育用品，主要用于团队运动，具有防滑的纹理，确保了运动员在运动过程中的稳定抓握。它以其轻便的结构和耐用性而著称，同时，它的弹性和回弹特性使其在比赛中发挥着关键作用。此外，它的设计注重于实用性和运动效率，使得它在体育用品中具有独特的地位。这个物品的重量适中，便于运动员在比赛中快速移动和精准操控。它的尺寸和重量经过精确计算，以适应不同年龄和技能水平的运动员。此外，它的表面纹理不仅防滑，还能提供良好的手感，使得运动员能够轻松地进行各种技巧动作。
2024-12-13 17:56:49,783 - 3 - INFO - **********JUDGER**********
玩家1说：它是一个圆形的，主要用于团队运动的器械，其表面具有特殊的纹理，有助于抓握和传球。在体育用品中，它以其尺寸和材质的独特性而区别于其他类似物品。它是一种大型的、适合多人玩耍的圆形体育用品，通常由橡胶或合成材料制成，具有很好的弹性和耐用性。在体育用品中，它以其独特的尺寸和材质，以及它在比赛中的关键作用而著称。它是一种直径较大的圆形体育用品，主要用于地面上的团队运动，表面设计有深浅不一的纹理，以增强抓握和控球。这种物品的材质通常是柔软且有弹性的，以便在碰撞时能够恢复原状，同时提供良好的手感。在体育用品中，它的设计以其耐用性和适合不同技能水平的运动员而著称。玩家2说：这是一个圆形的物品，通常用于团队比赛，它的表面设计有独特的凹凸纹理，便于运动员的抓握和传递。在体育用品中，它以其标准的尺寸和材质的独特性而区别于其他类似的圆形物品。与同类物品相比，它的设计更为精致，且在材质上有所创新。这个物品是团队运动中不可或缺的，它的结构坚固且轻便，适合快速移动和精准操控。它通常由多种材料制成，结合了耐用性和弹性的特点。这个物品在比赛中扮演着核心角色，是团队协作和竞技策略的关键部分。它的外观简洁，但设计上充满了实用性，使得它在同类体育用品中脱颖而出。这个物品在团队运动中扮演着核心角色，它通常由多种材料制成，具有良好的耐用性和弹性。它的重量适中，便于运动员在比赛中快速移动和精准操控。这个物品的表面设计有防滑纹理，确保了运动员在高速运动中的稳定抓握。它的尺寸经过精确计算，以适应不同年龄和技能水平的运动员。此外，这个物品在比赛中经常被快速传递，其设计使得运动员能够在高速运动中稳定地控制它。玩家3说：这是一个圆形的，用于团队运动的器械，表面具有特殊的纹理。在体育用品中，它以其标准的尺寸和材质的独特性而区别于其他类似物品，同时，它的设计也相对独特。这是一个球形的体育用品，主要用于团队运动，其表面设计有防滑的纹理，确保了运动员在运动过程中的稳定抓握。在同类体育用品中，它以其轻便的结构和耐用性而著称，同时，它的弹性和回弹特性使其在比赛中发挥着关键作用。此外，它的设计注重于实用性和运动效率，使得它在体育用品中具有独特的地位。这个球形的体育用品，主要用于团队运动，具有防滑的纹理，确保了运动员在运动过程中的稳定抓握。它以其轻便的结构和耐用性而著称，同时，它的弹性和回弹特性使其在比赛中发挥着关键作用。此外，它的设计注重于实用性和运动效率，使得它在体育用品中具有独特的地位。这个物品的重量适中，便于运动员在比赛中快速移动和精准操控。它的尺寸和重量经过精确计算，以适应不同年龄和技能水平的运动员。此外，它的表面纹理不仅防滑，还能提供良好的手感，使得运动员能够轻松地进行各种技巧动作。玩家4说：它是一个球形的体育用品，主要用于团队运动，表面有防滑的纹理。在同类物品中，它以其标准化的尺寸和材质而著称。这个物品在比赛中经常被快速传递，它的设计使得运动员能够在高速运动中稳定地控制它。它的重量适中，既不会过轻导致难以操控，也不会过重影响比赛节奏。它的尺寸和重量经过精确计算，以适应不同年龄和技能水平的运动员。此外，它的表面纹理不仅防滑，还能提供良好的手感，使得运动员能够轻松地进行各种技巧动作。这个物品在比赛中经常被快速运用于地面和空中，其表面设计确保了运动员在高速运动中的稳定性和精确控制。它的重量和尺寸经过优化，以适应不同运动项目的需求，同时也便于运动员在比赛中灵活运用。这个物品通常由多种材料制成，以实现轻便、耐用和弹性的结合，使其在多种团队运动中成为不可或缺的工具。||在这个游戏中，我们需要通过分析每位玩家的描述来找出卧底。通常，平民的描述会围绕相同的词语展开，而卧底的描述可能会因为词语的不同而显得不太一致。我们需要仔细比较每个描述之间的相似性和差异性，以找出可能的卧底，注意，卧底并不会隐藏自己，他会直接描述他的词语，现在，逐一分析每个玩家的描述，注意，这局游戏的词语分类为<体育用品>，卧底词和平民词都属于该类。||之前是第3轮描述和之前轮数描述的合集。你之前认为的卧底是玩家2。
2024-12-13 17:57:13,640 - 3 - INFO - **********PLAYER3**********
根据第三轮描述和之前的分析，以下是每位玩家的描述要点：

玩家1：
- 圆形，团队运动器械
- 特殊纹理，尺寸和材质独特
- 大型，多人玩耍，橡胶或合成材料
- 良好弹性和耐用性，关键作用
- 直径较大，深浅不一的纹理
- 软软弹性材质，手感好
- 耐用性，适合不同技能水平

玩家2：
- 圆形物品，团队比赛
- 特殊凹凸纹理，便于抓握和传递
- 标准尺寸和材质，设计精致，材质创新
- 结构坚固轻便，耐用弹性
- 核心角色，团队协作和竞技策略
- 简洁外观，实用性突出
- 重量适中，快速移动和精准操控

玩家3：
- 圆形器械，团队运动
- 特殊纹理，标准尺寸和材质
- 球形，防滑纹理，稳定抓握
- 轻便结构，耐用，弹性和回弹
- 实用性和运动效率，独特地位
- 重量适中，尺寸和重量精确计算
- 良好的手感，技巧动作

玩家4：
- 球形体育用品，团队运动
- 标准尺寸和材质，防滑纹理
- 快速传递，稳定控制
- 重量适中，尺寸和重量精确计算
- 表面纹理防滑，手感好
- 高速运动中的稳定性和精确控制
- 优化重量和尺寸，适应不同运动项目
- 轻便、耐用和弹性的结合

比较四位玩家的描述，玩家1、玩家3和玩家4的描述在强调尺寸、材质、纹理、耐用性、弹性和适用性方面有较高的相似性。玩家2的描述中虽然也提到了这些特征，但特别强调了设计的精致、材质的创新、结构的坚固轻便、核心角色和在团队协作中的重要性，以及物品的实用性。

基于这些描述，玩家2的描述仍然可能更接近卧底词，因为它包含了更多与设计相关的特征，而这些特征在玩家1、玩家3和玩家4的描述中并未得到如此详细的强调。因此，根据这些描述，我仍然认为玩家2可能是卧底。
2024-12-13 17:57:13,643 - 3 - INFO - **********JUDGER**********
你刚刚的分析是根据第三轮描述和之前的分析，以下是每位玩家的描述要点：

玩家1：
- 圆形，团队运动器械
- 特殊纹理，尺寸和材质独特
- 大型，多人玩耍，橡胶或合成材料
- 良好弹性和耐用性，关键作用
- 直径较大，深浅不一的纹理
- 软软弹性材质，手感好
- 耐用性，适合不同技能水平

玩家2：
- 圆形物品，团队比赛
- 特殊凹凸纹理，便于抓握和传递
- 标准尺寸和材质，设计精致，材质创新
- 结构坚固轻便，耐用弹性
- 核心角色，团队协作和竞技策略
- 简洁外观，实用性突出
- 重量适中，快速移动和精准操控

玩家3：
- 圆形器械，团队运动
- 特殊纹理，标准尺寸和材质
- 球形，防滑纹理，稳定抓握
- 轻便结构，耐用，弹性和回弹
- 实用性和运动效率，独特地位
- 重量适中，尺寸和重量精确计算
- 良好的手感，技巧动作

玩家4：
- 球形体育用品，团队运动
- 标准尺寸和材质，防滑纹理
- 快速传递，稳定控制
- 重量适中，尺寸和重量精确计算
- 表面纹理防滑，手感好
- 高速运动中的稳定性和精确控制
- 优化重量和尺寸，适应不同运动项目
- 轻便、耐用和弹性的结合

比较四位玩家的描述，玩家1、玩家3和玩家4的描述在强调尺寸、材质、纹理、耐用性、弹性和适用性方面有较高的相似性。玩家2的描述中虽然也提到了这些特征，但特别强调了设计的精致、材质的创新、结构的坚固轻便、核心角色和在团队协作中的重要性，以及物品的实用性。

基于这些描述，玩家2的描述仍然可能更接近卧底词，因为它包含了更多与设计相关的特征，而这些特征在玩家1、玩家3和玩家4的描述中并未得到如此详细的强调。因此，根据这些描述，我仍然认为玩家2可能是卧底。|| `请根据上述分析，比较描述以找出不一致之处，注意，这局游戏的词语分类为<体育用品>，卧底词和平民词都属于该类。
2024-12-13 17:57:29,552 - 3 - INFO - **********PLAYER3**********
根据上述分析，以下是不一致之处：

1. 玩家2的描述中多次提到了“设计精致”和“材质创新”，这是玩家1、玩家3和玩家4的描述中没有提及的。
2. 玩家2特别强调了物品在团队协作和竞技策略中的“核心角色”，这一点在其他玩家的描述中没有如此突出。
3. 玩家2提到了物品的“简洁外观”，而其他玩家的描述中并未提及这一点。
4. 玩家2描述了物品的“重量适中，快速移动和精准操控”，这一点在其他玩家的描述中并未详细提及。

这些不一致之处表明玩家2的描述可能包含了一些与卧底词相关的独特特征，这些特征在玩家1、玩家3和玩家4的描述中并未得到体现。因此，这些差异可能是区分卧底和平民的关键点。
2024-12-13 17:57:29,553 - 3 - INFO - **********JUDGER**********
你刚刚的分析是根据上述分析，以下是不一致之处：

1. 玩家2的描述中多次提到了“设计精致”和“材质创新”，这是玩家1、玩家3和玩家4的描述中没有提及的。
2. 玩家2特别强调了物品在团队协作和竞技策略中的“核心角色”，这一点在其他玩家的描述中没有如此突出。
3. 玩家2提到了物品的“简洁外观”，而其他玩家的描述中并未提及这一点。
4. 玩家2描述了物品的“重量适中，快速移动和精准操控”，这一点在其他玩家的描述中并未详细提及。

这些不一致之处表明玩家2的描述可能包含了一些与卧底词相关的独特特征，这些特征在玩家1、玩家3和玩家4的描述中并未得到体现。因此，这些差异可能是区分卧底和平民的关键点。|| 请通过你分析的不一致之处，推断卧底身份，注意，这局游戏的词语分类为<体育用品>，卧底词和平民词都属于该类。
2024-12-13 17:57:31,157 - 3 - INFO - **********PLAYER3**********
2
2024-12-13 17:57:31,158 - 3 - INFO - **********JUDGER**********
你刚刚的推断是2|| 基于你刚刚的推断得出你的最终结论，请输出你认为的卧底，在这种情况下只需要输出编号，是1-4中的某个数字，不要输出其他信息。在这个过程不要进行任何推理，只对||以前的部分进行信息提取
2024-12-13 17:57:33,055 - 3 - INFO - **********PLAYER3**********
2
