2024-12-13 17:38:37,321 - 1 - INFO - **********JUDGER**********
让我们来玩一个叫做<谁是卧底>的推理游戏。基本规则：<人数>：4人。<角色分配>：每位玩家随机抽取一个词语，3名玩家拿到的词语是相同的（平民词），1名玩家拿到与之相近但不同的词语（卧底词）。<游戏流程>：1、玩家轮流描述自己的词语，但<不能>直接说出词语本身。2、描述完毕后，投票选出最像卧底的玩家。3、每轮结束后，被投票选出的玩家出局，不能再进行描述或投票。4、每轮投票结束后，如果卧底被成功找出，平民方获胜；如果卧底未被找出且卧底人数等于或超过平民人数，则卧底方获胜。你将扮演一个<玩家>，请等待你被分配到的关键词。如果你听懂了，只回答，"好的，我准备好参加游戏了"，不要输出别的信息
2024-12-13 17:38:39,072 - 1 - INFO - **********PLAYER1**********
好的，我准备好参加游戏了
2024-12-13 17:38:42,851 - 1 - INFO - **********JUDGER**********
玩家1说：玩家2说：玩家3说：玩家4说：|| 你是第1号玩家，你的关键词是<芒果>。你的回答中绝对不能包含你的关键词<芒果>。这是第一轮描述，不需要分析||之前别的玩家的描述，请你描述关键词基本特征，注意，这局游戏的词语分类为<水果>，卧底词和平民词都属于该类，描述包括以下两点，1.他的基本特征是什么2.他在该类（水果）中最突出不同的特征是什么，尽量简短
2024-12-13 17:38:44,373 - 1 - INFO - **********PLAYER1**********
这个水果通常呈黄色或橙色，味道甜美多汁。在水果类中，它以其独特的纤维质地而闻名。
2024-12-13 17:38:49,358 - 1 - INFO - **********JUDGER**********
玩家1说：这个水果通常呈黄色或橙色，味道甜美多汁。在水果类中，它以其独特的纤维质地而闻名。玩家2说：这种水果富含维生素，形状圆润，果肉细腻。它在同类水果中特别之处在于它的纤维较少，口感较为软糯。玩家3说：这种水果皮薄核小，果肉软糯，味道香甜。在同类水果中，它最突出的不同特征是纤维含量较低。玩家4说：||在这个游戏中，我们需要通过分析每位玩家的描述来找出卧底。通常，平民的描述会围绕相同的词语展开，而卧底的描述可能会因为词语的不同而显得不太一致。我们需要仔细比较每个描述之间的相似性和差异性，以找出可能的卧底，注意，卧底并不会隐藏自己，他会直接描述他的词语，现在，逐一分析每个玩家的描述，注意，这局游戏的词语分类为<水果>，卧底词和平民词都属于该类。这是第一轮描述。
2024-12-13 17:38:56,198 - 1 - INFO - **********PLAYER1**********
好的，我注意到玩家1、玩家2和玩家3的描述都指向了相同的水果，强调了它的甜味、纤维质地、果肉细腻和纤维含量较低等特点。而玩家4的描述则更多地集中在游戏的规则和策略上，并没有提供关于水果的具体信息。这可能表明玩家4是卧底，因为他没有像其他玩家那样描述水果的特征。不过，这只是一个初步的观察，还需要结合下一轮的描述来进一步判断。
2024-12-13 17:38:56,199 - 1 - INFO - **********JUDGER**********
你刚刚的分析是好的，我注意到玩家1、玩家2和玩家3的描述都指向了相同的水果，强调了它的甜味、纤维质地、果肉细腻和纤维含量较低等特点。而玩家4的描述则更多地集中在游戏的规则和策略上，并没有提供关于水果的具体信息。这可能表明玩家4是卧底，因为他没有像其他玩家那样描述水果的特征。不过，这只是一个初步的观察，还需要结合下一轮的描述来进一步判断。|| `请根据上述分析，比较描述以找出不一致之处，注意，这局游戏的词语分类为<水果>，卧底词和平民词都属于该类。
2024-12-13 17:39:07,790 - 1 - INFO - **********PLAYER1**********
根据上述分析，我们可以比较描述中的不一致之处如下：

1. 玩家1、玩家2和玩家3的描述都集中在水果的基本特征上，如甜味、纤维质地、果肉细腻和纤维含量较低。这些描述都是对同一水果的描述，即芒果。

2. 玩家4的描述没有提供关于水果的具体信息，而是提到了游戏的规则和策略，这与其他玩家描述水果特征的焦点不一致。

不一致之处在于玩家4的描述与游戏其他玩家的描述主题完全不同，没有涉及水果的特征。这可能是玩家4作为卧底的一个线索，因为卧底通常会有不同的词语，而他们的描述可能会因为词语的不同而与平民的描述不匹配。然而，这只是一个初步的观察，还需要进一步的描述和推理来确定玩家4是否真的是卧底。
2024-12-13 17:39:07,791 - 1 - INFO - **********JUDGER**********
你刚刚的分析是根据上述分析，我们可以比较描述中的不一致之处如下：

1. 玩家1、玩家2和玩家3的描述都集中在水果的基本特征上，如甜味、纤维质地、果肉细腻和纤维含量较低。这些描述都是对同一水果的描述，即芒果。

2. 玩家4的描述没有提供关于水果的具体信息，而是提到了游戏的规则和策略，这与其他玩家描述水果特征的焦点不一致。

不一致之处在于玩家4的描述与游戏其他玩家的描述主题完全不同，没有涉及水果的特征。这可能是玩家4作为卧底的一个线索，因为卧底通常会有不同的词语，而他们的描述可能会因为词语的不同而与平民的描述不匹配。然而，这只是一个初步的观察，还需要进一步的描述和推理来确定玩家4是否真的是卧底。|| 请通过你分析的不一致之处，推断卧底身份，注意，这局游戏的词语分类为<水果>，卧底词和平民词都属于该类。
2024-12-13 17:39:16,408 - 1 - INFO - **********PLAYER1**********
基于上述分析，以下是我对卧底身份的推断：

由于玩家1、玩家2和玩家3的描述都指向了芒果，这是一种常见的水果，且他们的描述特征与芒果相符，这表明他们可能是平民，持有相同的词语。

玩家4的描述没有提供任何关于水果的具体信息，而是专注于游戏的规则和策略，这与其他玩家描述水果特征的焦点不一致。在《谁是卧底》游戏中，卧底通常会持有与平民不同的词语，因此玩家4的描述可能是一个不一致的线索。

考虑到游戏的词语分类为<水果>，且卧底词和平民词都属于该类，玩家4的描述与水果特征的不一致，加上他对游戏规则的提及，这表明他可能持有的是与水果类不直接相关的词语，或者是描述上与芒果不同的水果。

因此，根据这些线索，玩家4可能是卧底。然而，为了最终确认，我们需要观察下一轮的描述，看是否能够进一步证实这一推断。如果玩家4在下一轮继续提供与水果无关的信息，那么他作为卧底的可能性将大大增加。
2024-12-13 17:39:16,410 - 1 - INFO - **********JUDGER**********
你刚刚的推断是基于上述分析，以下是我对卧底身份的推断：

由于玩家1、玩家2和玩家3的描述都指向了芒果，这是一种常见的水果，且他们的描述特征与芒果相符，这表明他们可能是平民，持有相同的词语。

玩家4的描述没有提供任何关于水果的具体信息，而是专注于游戏的规则和策略，这与其他玩家描述水果特征的焦点不一致。在《谁是卧底》游戏中，卧底通常会持有与平民不同的词语，因此玩家4的描述可能是一个不一致的线索。

考虑到游戏的词语分类为<水果>，且卧底词和平民词都属于该类，玩家4的描述与水果特征的不一致，加上他对游戏规则的提及，这表明他可能持有的是与水果类不直接相关的词语，或者是描述上与芒果不同的水果。

因此，根据这些线索，玩家4可能是卧底。然而，为了最终确认，我们需要观察下一轮的描述，看是否能够进一步证实这一推断。如果玩家4在下一轮继续提供与水果无关的信息，那么他作为卧底的可能性将大大增加。|| 基于你刚刚的推断得出你的最终结论，请输出你认为的卧底，在这种情况下只需要输出编号，是1-4中的某个数字，不要输出其他信息。在这个过程不要进行任何推理，只对||以前的部分进行信息提取
2024-12-13 17:39:17,753 - 1 - INFO - **********PLAYER1**********
4
2024-12-13 17:40:45,403 - 1 - INFO - **********JUDGER**********
玩家1说：这个水果通常呈黄色或橙色，味道甜美多汁。在水果类中，它以其独特的纤维质地而闻名。玩家2说：这种水果富含维生素，形状圆润，果肉细腻。它在同类水果中特别之处在于它的纤维较少，口感较为软糯。玩家3说：这种水果皮薄核小，果肉软糯，味道香甜。在同类水果中，它最突出的不同特征是纤维含量较低。玩家4说：这种水果外形圆润，颜色鲜艳，多汁多水。在同类水果中，它最特别的地方是纤维含量较低，口感更为细腻。你是第1号玩家，你的关键词是<芒果>。你的回答中绝对不能包含你的关键词<芒果>。这是第二轮描述，你之前的描述是这个水果通常呈黄色或橙色，味道甜美多汁。在水果类中，它以其独特的纤维质地而闻名。，注意，这局游戏的词语分类为<水果>，卧底词和平民词都属于该类，请你补充关于关键词的描述，注意，你的描述应该比起之前的描述更加贴近关键词，作为之前的补充
2024-12-13 17:40:46,649 - 1 - INFO - **********PLAYER1**********
这种水果在成熟时呈现出鲜艳的黄色，汁液丰富，口感非常丝滑。它富含多种维生素，对于身体非常有益。
2024-12-13 17:40:53,201 - 1 - INFO - **********JUDGER**********
玩家1说：这个水果通常呈黄色或橙色，味道甜美多汁。在水果类中，它以其独特的纤维质地而闻名。这种水果在成熟时呈现出鲜艳的黄色，汁液丰富，口感非常丝滑。它富含多种维生素，对于身体非常有益。玩家2说：这种水果富含维生素，形状圆润，果肉细腻。它在同类水果中特别之处在于它的纤维较少，口感较为软糯。这种水果在成熟后，其皮肤会呈现出诱人的金黄色，汁液丰富，甜度适中。它通常带有独特的香气，能够吸引人的食欲。在同类水果中，它的最大特点是皮薄易剥，食用方便。玩家3说：这种水果皮薄核小，果肉软糯，味道香甜。在同类水果中，它最突出的不同特征是纤维含量较低。这种水果在成熟时呈现出诱人的金黄色，汁液丰富，甜度适中。它的香气浓郁，能够吸引人的食欲，且皮薄易剥，食用方便。玩家4说：这种水果外形圆润，颜色鲜艳，多汁多水。在同类水果中，它最特别的地方是纤维含量较低，口感更为细腻。||在这个游戏中，我们需要通过分析每位玩家的描述来找出卧底。通常，平民的描述会围绕相同的词语展开，而卧底的描述可能会因为词语的不同而显得不太一致。我们需要仔细比较每个描述之间的相似性和差异性，以找出可能的卧底，注意，卧底并不会隐藏自己，他会直接描述他的词语，现在，逐一分析每个玩家的描述，注意，这局游戏的词语分类为<水果>，卧底词和平民词都属于该类。||之前是第2轮描述和之前轮数描述的合集。你之前认为的卧底是玩家4。
2024-12-13 17:40:55,403 - 1 - INFO - **********PLAYER1**********
玩家4
2024-12-13 17:40:55,404 - 1 - INFO - **********JUDGER**********
你刚刚的分析是玩家4|| `请根据上述分析，比较描述以找出不一致之处，注意，这局游戏的词语分类为<水果>，卧底词和平民词都属于该类。
2024-12-13 17:41:06,881 - 1 - INFO - **********PLAYER1**********
在比较玩家1、玩家2、玩家3和玩家4的描述后，以下是不一致之处：

1. 玩家1和玩家4的描述都提到了水果的黄色和甜度，以及纤维含量较低的特点，这与芒果的特征相符。

2. 玩家2和玩家3的描述也强调了水果的甜味、纤维含量低、皮薄易剥、果肉软糯等特点，这些描述同样与芒果相符。

3. 玩家4的描述中提到了“颜色鲜艳”，这个特征虽然也可以用来描述芒果，但并不是芒果最突出的特点，而玩家2和玩家3没有提到这一点。

4. 玩家4的描述中还提到了“多汁多水”，这个特征在描述芒果时并不是特别突出，而玩家2和玩家3的描述中并没有提到这一点。

5. 玩家4的描述中强调了“香气浓郁”，虽然芒果也有一定的香气，但这个特征并不是芒果描述中的关键点，而玩家2和玩家3的描述中没有提及香气。

综上所述，玩家4的描述在某些特征上与芒果的特征不太一致，这可能是一个不一致的线索，表明玩家4可能是卧底。
2024-12-13 17:41:06,882 - 1 - INFO - **********JUDGER**********
你刚刚的分析是在比较玩家1、玩家2、玩家3和玩家4的描述后，以下是不一致之处：

1. 玩家1和玩家4的描述都提到了水果的黄色和甜度，以及纤维含量较低的特点，这与芒果的特征相符。

2. 玩家2和玩家3的描述也强调了水果的甜味、纤维含量低、皮薄易剥、果肉软糯等特点，这些描述同样与芒果相符。

3. 玩家4的描述中提到了“颜色鲜艳”，这个特征虽然也可以用来描述芒果，但并不是芒果最突出的特点，而玩家2和玩家3没有提到这一点。

4. 玩家4的描述中还提到了“多汁多水”，这个特征在描述芒果时并不是特别突出，而玩家2和玩家3的描述中并没有提到这一点。

5. 玩家4的描述中强调了“香气浓郁”，虽然芒果也有一定的香气，但这个特征并不是芒果描述中的关键点，而玩家2和玩家3的描述中没有提及香气。

综上所述，玩家4的描述在某些特征上与芒果的特征不太一致，这可能是一个不一致的线索，表明玩家4可能是卧底。|| 请通过你分析的不一致之处，推断卧底身份，注意，这局游戏的词语分类为<水果>，卧底词和平民词都属于该类。
2024-12-13 17:41:07,574 - 1 - INFO - **********PLAYER1**********
4
2024-12-13 17:41:07,575 - 1 - INFO - **********JUDGER**********
你刚刚的推断是4|| 基于你刚刚的推断得出你的最终结论，请输出你认为的卧底，在这种情况下只需要输出编号，是1-4中的某个数字，不要输出其他信息。在这个过程不要进行任何推理，只对||以前的部分进行信息提取
2024-12-13 17:41:08,134 - 1 - INFO - **********PLAYER1**********
4
2024-12-13 17:42:30,310 - 1 - INFO - **********JUDGER**********
玩家1说：这个水果通常呈黄色或橙色，味道甜美多汁。在水果类中，它以其独特的纤维质地而闻名。这种水果在成熟时呈现出鲜艳的黄色，汁液丰富，口感非常丝滑。它富含多种维生素，对于身体非常有益。玩家2说：这种水果富含维生素，形状圆润，果肉细腻。它在同类水果中特别之处在于它的纤维较少，口感较为软糯。这种水果在成熟后，其皮肤会呈现出诱人的金黄色，汁液丰富，甜度适中。它通常带有独特的香气，能够吸引人的食欲。在同类水果中，它的最大特点是皮薄易剥，食用方便。玩家3说：这种水果皮薄核小，果肉软糯，味道香甜。在同类水果中，它最突出的不同特征是纤维含量较低。这种水果在成熟时呈现出诱人的金黄色，汁液丰富，甜度适中。它的香气浓郁，能够吸引人的食欲，且皮薄易剥，食用方便。玩家4说：这种水果外形圆润，颜色鲜艳，多汁多水。在同类水果中，它最特别的地方是纤维含量较低，口感更为细腻。这种水果在成熟时，其香气独特，能够强烈地吸引人的注意力。它的果肉结构紧密，甜度适中，且具有一种独特的风味。你是第1号玩家，你的关键词是<芒果>。你的回答中绝对不能包含你的关键词<芒果>。这是第三轮描述，你之前的描述是这个水果通常呈黄色或橙色，味道甜美多汁。在水果类中，它以其独特的纤维质地而闻名。和这种水果在成熟时呈现出鲜艳的黄色，汁液丰富，口感非常丝滑。它富含多种维生素，对于身体非常有益。，注意，这局游戏的词语分类为<水果>，卧底词和平民词都属于该类，请你补充关于关键词的描述，注意，你的描述应该比起之前的描述更加贴近关键词，作为之前的补充
2024-12-13 17:42:33,745 - 1 - INFO - **********PLAYER1**********
这种水果在食用时，其甜味与酸味完美结合，给人一种清新爽口的感觉。它的肉质细腻，口感柔滑，非常适合作为解渴和补充能量的水果。
2024-12-13 17:42:48,356 - 1 - INFO - **********JUDGER**********
玩家1说：这个水果通常呈黄色或橙色，味道甜美多汁。在水果类中，它以其独特的纤维质地而闻名。这种水果在成熟时呈现出鲜艳的黄色，汁液丰富，口感非常丝滑。它富含多种维生素，对于身体非常有益。这种水果在食用时，其甜味与酸味完美结合，给人一种清新爽口的感觉。它的肉质细腻，口感柔滑，非常适合作为解渴和补充能量的水果。玩家2说：这种水果富含维生素，形状圆润，果肉细腻。它在同类水果中特别之处在于它的纤维较少，口感较为软糯。这种水果在成熟后，其皮肤会呈现出诱人的金黄色，汁液丰富，甜度适中。它通常带有独特的香气，能够吸引人的食欲。在同类水果中，它的最大特点是皮薄易剥，食用方便。这种水果的肉质在未成熟时较为坚硬，但随着成熟度的增加，它会变得柔软而多汁。它的香气浓郁，能够远距离吸引人的注意，而且在食用时，它的甜味和酸味达到了完美的平衡，给人一种清新爽口的感觉。此外，它的果实形状通常较为扁平，与常见的圆形水果不同。玩家3说：这种水果皮薄核小，果肉软糯，味道香甜。在同类水果中，它最突出的不同特征是纤维含量较低。这种水果在成熟时呈现出诱人的金黄色，汁液丰富，甜度适中。它的香气浓郁，能够吸引人的食欲，且皮薄易剥，食用方便。这种水果在成熟时散发出迷人的香气，甜度适中，果肉质地细腻，口感滑润。它的果实大小适中，形状略呈卵形，颜色由绿转黄，皮薄易剥，核小无渣。在同类水果中，它的纤维含量相对较低，食用时口感更加顺滑。玩家4说：这种水果外形圆润，颜色鲜艳，多汁多水。在同类水果中，它最特别的地方是纤维含量较低，口感更为细腻。这种水果在成熟时，其香气独特，能够强烈地吸引人的注意力。它的果肉结构紧密，甜度适中，且具有一种独特的风味。这种水果的香气非常浓郁，散发出一种强烈而独特的气味，这种气味有时会让人感到非常强烈，以至于即使不看到它，也能闻到它的存在。它的果肉质地柔软，虽然不是特别细腻，但有着明显的层次感，且在成熟时甜度较高。||在这个游戏中，我们需要通过分析每位玩家的描述来找出卧底。通常，平民的描述会围绕相同的词语展开，而卧底的描述可能会因为词语的不同而显得不太一致。我们需要仔细比较每个描述之间的相似性和差异性，以找出可能的卧底，注意，卧底并不会隐藏自己，他会直接描述他的词语，现在，逐一分析每个玩家的描述，注意，这局游戏的词语分类为<水果>，卧底词和平民词都属于该类。||之前是第3轮描述和之前轮数描述的合集。你之前认为的卧底是玩家4。
2024-12-13 17:42:49,224 - 1 - INFO - **********PLAYER1**********
4
2024-12-13 17:42:49,225 - 1 - INFO - **********JUDGER**********
你刚刚的分析是4|| `请根据上述分析，比较描述以找出不一致之处，注意，这局游戏的词语分类为<水果>，卧底词和平民词都属于该类。
2024-12-13 17:43:03,625 - 1 - INFO - **********PLAYER1**********
在比较玩家1、玩家2、玩家3和玩家4的描述后，以下是不一致之处：

1. 玩家1、玩家2和玩家3的描述都提到了水果的甜度适中、纤维含量低、皮薄易剥、果肉细腻、香气浓郁等特点，这些描述与芒果的特征相符。

2. 玩家4的描述中提到了“香气非常浓郁”和“这种气味有时会让人感到非常强烈”，这与其他玩家的描述中提到的香气特征有所不同，虽然都提到了香气，但强度和描述的感官体验上有所区别。

3. 玩家4的描述中提到“果肉质地柔软，虽然不是特别细腻”，这与玩家1、玩家2和玩家3描述的“肉质细腻”和“口感柔滑”有所差异。

4. 玩家4的描述中提到“果肉质地柔软，有着明显的层次感”，这与玩家1、玩家2和玩家3描述的“肉质细腻”和“口感滑润”有所不同。

5. 玩家4的描述中提到“在成熟时甜度较高”，而其他玩家没有特别强调甜度，只是说甜度适中。

这些不一致之处可能表明玩家4的描述与芒果的特征不完全吻合，从而可能是卧底的线索。
2024-12-13 17:43:03,628 - 1 - INFO - **********JUDGER**********
你刚刚的分析是在比较玩家1、玩家2、玩家3和玩家4的描述后，以下是不一致之处：

1. 玩家1、玩家2和玩家3的描述都提到了水果的甜度适中、纤维含量低、皮薄易剥、果肉细腻、香气浓郁等特点，这些描述与芒果的特征相符。

2. 玩家4的描述中提到了“香气非常浓郁”和“这种气味有时会让人感到非常强烈”，这与其他玩家的描述中提到的香气特征有所不同，虽然都提到了香气，但强度和描述的感官体验上有所区别。

3. 玩家4的描述中提到“果肉质地柔软，虽然不是特别细腻”，这与玩家1、玩家2和玩家3描述的“肉质细腻”和“口感柔滑”有所差异。

4. 玩家4的描述中提到“果肉质地柔软，有着明显的层次感”，这与玩家1、玩家2和玩家3描述的“肉质细腻”和“口感滑润”有所不同。

5. 玩家4的描述中提到“在成熟时甜度较高”，而其他玩家没有特别强调甜度，只是说甜度适中。

这些不一致之处可能表明玩家4的描述与芒果的特征不完全吻合，从而可能是卧底的线索。|| 请通过你分析的不一致之处，推断卧底身份，注意，这局游戏的词语分类为<水果>，卧底词和平民词都属于该类。
2024-12-13 17:43:05,362 - 1 - INFO - **********PLAYER1**********
4
2024-12-13 17:43:05,363 - 1 - INFO - **********JUDGER**********
你刚刚的推断是4|| 基于你刚刚的推断得出你的最终结论，请输出你认为的卧底，在这种情况下只需要输出编号，是1-4中的某个数字，不要输出其他信息。在这个过程不要进行任何推理，只对||以前的部分进行信息提取
2024-12-13 17:43:06,649 - 1 - INFO - **********PLAYER1**********
4
