2024-12-13 17:38:39,543 - 2 - INFO - **********JUDGER**********
让我们来玩一个叫做<谁是卧底>的推理游戏。基本规则：<人数>：4人。<角色分配>：每位玩家随机抽取一个词语，3名玩家拿到的词语是相同的（平民词），1名玩家拿到与之相近但不同的词语（卧底词）。<游戏流程>：1、玩家轮流描述自己的词语，但<不能>直接说出词语本身。2、描述完毕后，投票选出最像卧底的玩家。3、每轮结束后，被投票选出的玩家出局，不能再进行描述或投票。4、每轮投票结束后，如果卧底被成功找出，平民方获胜；如果卧底未被找出且卧底人数等于或超过平民人数，则卧底方获胜。你将扮演一个<玩家>，请等待你被分配到的关键词。如果你听懂了，只回答，"好的，我准备好参加游戏了"，不要输出别的信息
2024-12-13 17:38:40,252 - 2 - INFO - **********PLAYER2**********
好的，我准备好参加游戏了
2024-12-13 17:38:44,374 - 2 - INFO - **********JUDGER**********
玩家1说：这个水果通常呈黄色或橙色，味道甜美多汁。在水果类中，它以其独特的纤维质地而闻名。玩家2说：玩家3说：玩家4说：|| 你是第2号玩家，你的关键词是<芒果>。你的回答中绝对不能包含你的关键词<芒果>。这是第一轮描述，不需要分析||之前别的玩家的描述，请你描述关键词基本特征，注意，这局游戏的词语分类为<水果>，卧底词和平民词都属于该类，描述包括以下两点，1.他的基本特征是什么2.他在该类（水果）中最突出不同的特征是什么，尽量简短
2024-12-13 17:38:46,145 - 2 - INFO - **********PLAYER2**********
这种水果富含维生素，形状圆润，果肉细腻。它在同类水果中特别之处在于它的纤维较少，口感较为软糯。
2024-12-13 17:39:17,754 - 2 - INFO - **********JUDGER**********
玩家1说：这个水果通常呈黄色或橙色，味道甜美多汁。在水果类中，它以其独特的纤维质地而闻名。玩家2说：这种水果富含维生素，形状圆润，果肉细腻。它在同类水果中特别之处在于它的纤维较少，口感较为软糯。玩家3说：这种水果皮薄核小，果肉软糯，味道香甜。在同类水果中，它最突出的不同特征是纤维含量较低。玩家4说：||在这个游戏中，我们需要通过分析每位玩家的描述来找出卧底。通常，平民的描述会围绕相同的词语展开，而卧底的描述可能会因为词语的不同而显得不太一致。我们需要仔细比较每个描述之间的相似性和差异性，以找出可能的卧底，注意，卧底并不会隐藏自己，他会直接描述他的词语，现在，逐一分析每个玩家的描述，注意，这局游戏的词语分类为<水果>，卧底词和平民词都属于该类。这是第一轮描述。
2024-12-13 17:39:21,069 - 2 - INFO - **********PLAYER2**********
作为玩家2，我会这样回应：

我已经注意到了其他玩家的描述，他们都在强调这个水果的甜味、纤维质地以及口感。我的关键词与之相比，可能不会强调纤维含量，而是会突出这个水果在成熟时的外观变化，比如它的表皮颜色会随着成熟从绿色变为黄色或橙色，以及它的香气在成熟时会更加浓郁。这些都是这个水果在同类水果中比较突出的特征。
2024-12-13 17:39:21,070 - 2 - INFO - **********JUDGER**********
你刚刚的分析是作为玩家2，我会这样回应：

我已经注意到了其他玩家的描述，他们都在强调这个水果的甜味、纤维质地以及口感。我的关键词与之相比，可能不会强调纤维含量，而是会突出这个水果在成熟时的外观变化，比如它的表皮颜色会随着成熟从绿色变为黄色或橙色，以及它的香气在成熟时会更加浓郁。这些都是这个水果在同类水果中比较突出的特征。|| `请根据上述分析，比较描述以找出不一致之处，注意，这局游戏的词语分类为<水果>，卧底词和平民词都属于该类。
2024-12-13 17:39:36,330 - 2 - INFO - **********PLAYER2**********
根据上述分析，我们可以观察到以下不一致之处：

1. 玩家1和玩家2的描述都提到了纤维质地，而玩家3和玩家4的描述也提到了纤维含量较低。这可能表明玩家1和玩家2是平民，而玩家3和玩家4也可能是平民。

2. 玩家1和玩家2都强调了果肉细腻和口感软糯，这与玩家3和玩家4的描述相呼应。这进一步支持了玩家1和玩家2可能是平民的观点。

3. 玩家3和玩家4的描述中都提到了皮薄核小，这是对水果成熟度的描述，而玩家1和玩家2没有提到这一点。这可能意味着玩家3和玩家4的描述与玩家1和玩家2的描述存在差异。

4. 玩家4的描述中提到了“在这个游戏中，我们需要通过分析每位玩家的描述来找出卧底”，这可能是玩家4在尝试引导讨论的方向，也可能是卧底试图隐藏自己的一种方式。

综上所述，玩家3和玩家4的描述中存在与玩家1和玩家2描述的不一致之处，这可能是他们作为平民的共性。然而，玩家4的引导性描述和可能的自指可能表明他可能不是平民。因此，玩家4可能是卧底。但这只是一个基于描述的不确定分析，实际的卧底身份需要通过后续的投票和进一步的分析来确定。
2024-12-13 17:39:36,333 - 2 - INFO - **********JUDGER**********
你刚刚的分析是根据上述分析，我们可以观察到以下不一致之处：

1. 玩家1和玩家2的描述都提到了纤维质地，而玩家3和玩家4的描述也提到了纤维含量较低。这可能表明玩家1和玩家2是平民，而玩家3和玩家4也可能是平民。

2. 玩家1和玩家2都强调了果肉细腻和口感软糯，这与玩家3和玩家4的描述相呼应。这进一步支持了玩家1和玩家2可能是平民的观点。

3. 玩家3和玩家4的描述中都提到了皮薄核小，这是对水果成熟度的描述，而玩家1和玩家2没有提到这一点。这可能意味着玩家3和玩家4的描述与玩家1和玩家2的描述存在差异。

4. 玩家4的描述中提到了“在这个游戏中，我们需要通过分析每位玩家的描述来找出卧底”，这可能是玩家4在尝试引导讨论的方向，也可能是卧底试图隐藏自己的一种方式。

综上所述，玩家3和玩家4的描述中存在与玩家1和玩家2描述的不一致之处，这可能是他们作为平民的共性。然而，玩家4的引导性描述和可能的自指可能表明他可能不是平民。因此，玩家4可能是卧底。但这只是一个基于描述的不确定分析，实际的卧底身份需要通过后续的投票和进一步的分析来确定。|| 请通过你分析的不一致之处，推断卧底身份，注意，这局游戏的词语分类为<水果>，卧底词和平民词都属于该类。
2024-12-13 17:39:47,721 - 2 - INFO - **********PLAYER2**********
基于上述分析，我们可以做出以下推断：

1. 玩家1和玩家2的描述在纤维质地、甜味和口感上高度一致，这可能意味着他们持有相同的平民词。

2. 玩家3和玩家4的描述在纤维含量上提到了“较低”，这与玩家1和玩家2的描述形成对比，这可能表明他们持有的平民词与纤维含量有关。

3. 玩家3和玩家4的描述都提到了皮薄核小，这是一个成熟水果的共同特征，但玩家1和玩家2没有提到，这可能意味着他们描述的不是同一水果。

4. 玩家4的描述中提到了游戏规则和找出卧底的目标，这可能是为了引导讨论，但也可能是一种试图掩盖自己身份的技巧。

考虑到这些不一致之处，玩家4的描述和行为可能表明他不是平民。然而，没有足够的信息来确定玩家3是否也是卧底，因为他的描述与玩家4相似，但缺乏明确的指向性。

综合以上信息，如果必须在这两位中选出一个可能的卧底，玩家4因为他的引导性描述和可能的自指行为，看起来更有可能是卧底。但是，这个推断仍然基于假设，最终需要通过投票和游戏进程来验证。如果玩家4的描述是卧底策略的一部分，那么玩家3也可能是卧底。因此，没有确凿的证据可以确定卧底身份，除非有更多的线索或者投票结果。
2024-12-13 17:39:47,722 - 2 - INFO - **********JUDGER**********
你刚刚的推断是基于上述分析，我们可以做出以下推断：

1. 玩家1和玩家2的描述在纤维质地、甜味和口感上高度一致，这可能意味着他们持有相同的平民词。

2. 玩家3和玩家4的描述在纤维含量上提到了“较低”，这与玩家1和玩家2的描述形成对比，这可能表明他们持有的平民词与纤维含量有关。

3. 玩家3和玩家4的描述都提到了皮薄核小，这是一个成熟水果的共同特征，但玩家1和玩家2没有提到，这可能意味着他们描述的不是同一水果。

4. 玩家4的描述中提到了游戏规则和找出卧底的目标，这可能是为了引导讨论，但也可能是一种试图掩盖自己身份的技巧。

考虑到这些不一致之处，玩家4的描述和行为可能表明他不是平民。然而，没有足够的信息来确定玩家3是否也是卧底，因为他的描述与玩家4相似，但缺乏明确的指向性。

综合以上信息，如果必须在这两位中选出一个可能的卧底，玩家4因为他的引导性描述和可能的自指行为，看起来更有可能是卧底。但是，这个推断仍然基于假设，最终需要通过投票和游戏进程来验证。如果玩家4的描述是卧底策略的一部分，那么玩家3也可能是卧底。因此，没有确凿的证据可以确定卧底身份，除非有更多的线索或者投票结果。|| 基于你刚刚的推断得出你的最终结论，请输出你认为的卧底，在这种情况下只需要输出编号，是1-4中的某个数字，不要输出其他信息。在这个过程不要进行任何推理，只对||以前的部分进行信息提取
2024-12-13 17:39:48,387 - 2 - INFO - **********PLAYER2**********
2
2024-12-13 17:40:46,650 - 2 - INFO - **********JUDGER**********
玩家1说：这个水果通常呈黄色或橙色，味道甜美多汁。在水果类中，它以其独特的纤维质地而闻名。这种水果在成熟时呈现出鲜艳的黄色，汁液丰富，口感非常丝滑。它富含多种维生素，对于身体非常有益。玩家2说：这种水果富含维生素，形状圆润，果肉细腻。它在同类水果中特别之处在于它的纤维较少，口感较为软糯。玩家3说：这种水果皮薄核小，果肉软糯，味道香甜。在同类水果中，它最突出的不同特征是纤维含量较低。玩家4说：这种水果外形圆润，颜色鲜艳，多汁多水。在同类水果中，它最特别的地方是纤维含量较低，口感更为细腻。你是第2号玩家，你的关键词是<芒果>。你的回答中绝对不能包含你的关键词<芒果>。这是第二轮描述，你之前的描述是这种水果富含维生素，形状圆润，果肉细腻。它在同类水果中特别之处在于它的纤维较少，口感较为软糯。，注意，这局游戏的词语分类为<水果>，卧底词和平民词都属于该类，请你补充关于关键词的描述，注意，你的描述应该比起之前的描述更加贴近关键词，作为之前的补充
2024-12-13 17:40:48,836 - 2 - INFO - **********PLAYER2**********
这种水果在成熟后，其皮肤会呈现出诱人的金黄色，汁液丰富，甜度适中。它通常带有独特的香气，能够吸引人的食欲。在同类水果中，它的最大特点是皮薄易剥，食用方便。
2024-12-13 17:41:08,136 - 2 - INFO - **********JUDGER**********
玩家1说：这个水果通常呈黄色或橙色，味道甜美多汁。在水果类中，它以其独特的纤维质地而闻名。这种水果在成熟时呈现出鲜艳的黄色，汁液丰富，口感非常丝滑。它富含多种维生素，对于身体非常有益。玩家2说：这种水果富含维生素，形状圆润，果肉细腻。它在同类水果中特别之处在于它的纤维较少，口感较为软糯。这种水果在成熟后，其皮肤会呈现出诱人的金黄色，汁液丰富，甜度适中。它通常带有独特的香气，能够吸引人的食欲。在同类水果中，它的最大特点是皮薄易剥，食用方便。玩家3说：这种水果皮薄核小，果肉软糯，味道香甜。在同类水果中，它最突出的不同特征是纤维含量较低。这种水果在成熟时呈现出诱人的金黄色，汁液丰富，甜度适中。它的香气浓郁，能够吸引人的食欲，且皮薄易剥，食用方便。玩家4说：这种水果外形圆润，颜色鲜艳，多汁多水。在同类水果中，它最特别的地方是纤维含量较低，口感更为细腻。||在这个游戏中，我们需要通过分析每位玩家的描述来找出卧底。通常，平民的描述会围绕相同的词语展开，而卧底的描述可能会因为词语的不同而显得不太一致。我们需要仔细比较每个描述之间的相似性和差异性，以找出可能的卧底，注意，卧底并不会隐藏自己，他会直接描述他的词语，现在，逐一分析每个玩家的描述，注意，这局游戏的词语分类为<水果>，卧底词和平民词都属于该类。||之前是第2轮描述和之前轮数描述的合集。你之前认为的卧底是玩家2。
2024-12-13 17:41:09,029 - 2 - INFO - **********PLAYER2**********
2
2024-12-13 17:41:09,029 - 2 - INFO - **********JUDGER**********
你刚刚的分析是2|| `请根据上述分析，比较描述以找出不一致之处，注意，这局游戏的词语分类为<水果>，卧底词和平民词都属于该类。
2024-12-13 17:41:21,475 - 2 - INFO - **********PLAYER2**********
在比较玩家1、玩家2、玩家3和玩家4的描述后，以下是不一致之处：

1. 玩家1和玩家2都提到了“纤维质地”或“纤维含量较低”，而玩家3和玩家4也提到了纤维含量较低，但没有特别强调纤维质地。这可能表明玩家1和玩家2的描述更贴近同一平民词。

2. 玩家1和玩家2都提到了“成熟的金黄色”和“香气”，这些特征在玩家3和玩家4的描述中也有所提及，但没有玩家1和玩家2描述得那么突出。

3. 玩家3和玩家4的描述中都提到了“皮薄核小”和“食用方便”，这是玩家1和玩家2没有提到的特征。

4. 玩家4的描述中提到了“颜色鲜艳”，这是一个较为宽泛的描述，而玩家1、玩家2和玩家3的描述更具体地提到了“成熟的金黄色”。

5. 玩家2的描述中提到了“甜度适中”，而其他玩家的描述没有提到甜度。

基于这些不一致之处，玩家4的描述可能因为包含一些较宽泛的特征而没有其他玩家那么具体，这可能是一个不一致点。同时，玩家2的描述虽然与玩家1相似，但加入了关于甜度的描述，这可能与玩家1和玩家3的描述有所不同。因此，玩家4和玩家2的描述可能与平民词有所不同，他们可能是卧底。
2024-12-13 17:41:21,477 - 2 - INFO - **********JUDGER**********
你刚刚的分析是在比较玩家1、玩家2、玩家3和玩家4的描述后，以下是不一致之处：

1. 玩家1和玩家2都提到了“纤维质地”或“纤维含量较低”，而玩家3和玩家4也提到了纤维含量较低，但没有特别强调纤维质地。这可能表明玩家1和玩家2的描述更贴近同一平民词。

2. 玩家1和玩家2都提到了“成熟的金黄色”和“香气”，这些特征在玩家3和玩家4的描述中也有所提及，但没有玩家1和玩家2描述得那么突出。

3. 玩家3和玩家4的描述中都提到了“皮薄核小”和“食用方便”，这是玩家1和玩家2没有提到的特征。

4. 玩家4的描述中提到了“颜色鲜艳”，这是一个较为宽泛的描述，而玩家1、玩家2和玩家3的描述更具体地提到了“成熟的金黄色”。

5. 玩家2的描述中提到了“甜度适中”，而其他玩家的描述没有提到甜度。

基于这些不一致之处，玩家4的描述可能因为包含一些较宽泛的特征而没有其他玩家那么具体，这可能是一个不一致点。同时，玩家2的描述虽然与玩家1相似，但加入了关于甜度的描述，这可能与玩家1和玩家3的描述有所不同。因此，玩家4和玩家2的描述可能与平民词有所不同，他们可能是卧底。|| 请通过你分析的不一致之处，推断卧底身份，注意，这局游戏的词语分类为<水果>，卧底词和平民词都属于该类。
2024-12-13 17:41:22,235 - 2 - INFO - **********PLAYER2**********
2
2024-12-13 17:41:22,235 - 2 - INFO - **********JUDGER**********
你刚刚的推断是2|| 基于你刚刚的推断得出你的最终结论，请输出你认为的卧底，在这种情况下只需要输出编号，是1-4中的某个数字，不要输出其他信息。在这个过程不要进行任何推理，只对||以前的部分进行信息提取
2024-12-13 17:41:23,273 - 2 - INFO - **********PLAYER2**********
2
2024-12-13 17:42:33,746 - 2 - INFO - **********JUDGER**********
玩家1说：这个水果通常呈黄色或橙色，味道甜美多汁。在水果类中，它以其独特的纤维质地而闻名。这种水果在成熟时呈现出鲜艳的黄色，汁液丰富，口感非常丝滑。它富含多种维生素，对于身体非常有益。这种水果在食用时，其甜味与酸味完美结合，给人一种清新爽口的感觉。它的肉质细腻，口感柔滑，非常适合作为解渴和补充能量的水果。玩家2说：这种水果富含维生素，形状圆润，果肉细腻。它在同类水果中特别之处在于它的纤维较少，口感较为软糯。这种水果在成熟后，其皮肤会呈现出诱人的金黄色，汁液丰富，甜度适中。它通常带有独特的香气，能够吸引人的食欲。在同类水果中，它的最大特点是皮薄易剥，食用方便。玩家3说：这种水果皮薄核小，果肉软糯，味道香甜。在同类水果中，它最突出的不同特征是纤维含量较低。这种水果在成熟时呈现出诱人的金黄色，汁液丰富，甜度适中。它的香气浓郁，能够吸引人的食欲，且皮薄易剥，食用方便。玩家4说：这种水果外形圆润，颜色鲜艳，多汁多水。在同类水果中，它最特别的地方是纤维含量较低，口感更为细腻。这种水果在成熟时，其香气独特，能够强烈地吸引人的注意力。它的果肉结构紧密，甜度适中，且具有一种独特的风味。你是第2号玩家，你的关键词是<芒果>。你的回答中绝对不能包含你的关键词<芒果>。这是第三轮描述，你之前的描述是这种水果富含维生素，形状圆润，果肉细腻。它在同类水果中特别之处在于它的纤维较少，口感较为软糯。和这种水果在成熟后，其皮肤会呈现出诱人的金黄色，汁液丰富，甜度适中。它通常带有独特的香气，能够吸引人的食欲。在同类水果中，它的最大特点是皮薄易剥，食用方便。，注意，这局游戏的词语分类为<水果>，卧底词和平民词都属于该类，请你补充关于关键词的描述，注意，你的描述应该比起之前的描述更加贴近关键词，作为之前的补充
2024-12-13 17:42:39,423 - 2 - INFO - **********PLAYER2**********
这种水果的肉质在未成熟时较为坚硬，但随着成熟度的增加，它会变得柔软而多汁。它的香气浓郁，能够远距离吸引人的注意，而且在食用时，它的甜味和酸味达到了完美的平衡，给人一种清新爽口的感觉。此外，它的果实形状通常较为扁平，与常见的圆形水果不同。
2024-12-13 17:43:06,649 - 2 - INFO - **********JUDGER**********
玩家1说：这个水果通常呈黄色或橙色，味道甜美多汁。在水果类中，它以其独特的纤维质地而闻名。这种水果在成熟时呈现出鲜艳的黄色，汁液丰富，口感非常丝滑。它富含多种维生素，对于身体非常有益。这种水果在食用时，其甜味与酸味完美结合，给人一种清新爽口的感觉。它的肉质细腻，口感柔滑，非常适合作为解渴和补充能量的水果。玩家2说：这种水果富含维生素，形状圆润，果肉细腻。它在同类水果中特别之处在于它的纤维较少，口感较为软糯。这种水果在成熟后，其皮肤会呈现出诱人的金黄色，汁液丰富，甜度适中。它通常带有独特的香气，能够吸引人的食欲。在同类水果中，它的最大特点是皮薄易剥，食用方便。这种水果的肉质在未成熟时较为坚硬，但随着成熟度的增加，它会变得柔软而多汁。它的香气浓郁，能够远距离吸引人的注意，而且在食用时，它的甜味和酸味达到了完美的平衡，给人一种清新爽口的感觉。此外，它的果实形状通常较为扁平，与常见的圆形水果不同。玩家3说：这种水果皮薄核小，果肉软糯，味道香甜。在同类水果中，它最突出的不同特征是纤维含量较低。这种水果在成熟时呈现出诱人的金黄色，汁液丰富，甜度适中。它的香气浓郁，能够吸引人的食欲，且皮薄易剥，食用方便。这种水果在成熟时散发出迷人的香气，甜度适中，果肉质地细腻，口感滑润。它的果实大小适中，形状略呈卵形，颜色由绿转黄，皮薄易剥，核小无渣。在同类水果中，它的纤维含量相对较低，食用时口感更加顺滑。玩家4说：这种水果外形圆润，颜色鲜艳，多汁多水。在同类水果中，它最特别的地方是纤维含量较低，口感更为细腻。这种水果在成熟时，其香气独特，能够强烈地吸引人的注意力。它的果肉结构紧密，甜度适中，且具有一种独特的风味。这种水果的香气非常浓郁，散发出一种强烈而独特的气味，这种气味有时会让人感到非常强烈，以至于即使不看到它，也能闻到它的存在。它的果肉质地柔软，虽然不是特别细腻，但有着明显的层次感，且在成熟时甜度较高。||在这个游戏中，我们需要通过分析每位玩家的描述来找出卧底。通常，平民的描述会围绕相同的词语展开，而卧底的描述可能会因为词语的不同而显得不太一致。我们需要仔细比较每个描述之间的相似性和差异性，以找出可能的卧底，注意，卧底并不会隐藏自己，他会直接描述他的词语，现在，逐一分析每个玩家的描述，注意，这局游戏的词语分类为<水果>，卧底词和平民词都属于该类。||之前是第3轮描述和之前轮数描述的合集。你之前认为的卧底是玩家2。
2024-12-13 17:43:07,966 - 2 - INFO - **********PLAYER2**********
2
2024-12-13 17:43:07,967 - 2 - INFO - **********JUDGER**********
你刚刚的分析是2|| `请根据上述分析，比较描述以找出不一致之处，注意，这局游戏的词语分类为<水果>，卧底词和平民词都属于该类。
2024-12-13 17:43:23,653 - 2 - INFO - **********PLAYER2**********
在比较玩家1、玩家2、玩家3和玩家4的描述后，以下是不一致之处：

1. 玩家1和玩家2的描述中都提到了“纤维含量较低”，而玩家3和玩家4也提到了纤维含量较低，但没有特别强调这一点。

2. 玩家1的描述中提到了“甜味与酸味完美结合”和“解渴和补充能量的水果”，这些特征在玩家2、玩家3和玩家4的描述中没有出现。

3. 玩家2的描述中提到了“果实形状通常较为扁平”，这与玩家1、玩家3和玩家4描述的圆形或卵形水果形状不同。

4. 玩家4的描述中提到了“果肉质地柔软，虽然不是特别细腻”，这与玩家1、玩家2和玩家3描述的细腻口感有所不同。

5. 玩家3的描述中提到了“形状略呈卵形”，这与玩家1、玩家2和玩家4描述的圆形或金黄色特征不一致。

6. 玩家4的描述中提到了“这种气味有时会让人感到非常强烈”，这是一个独特的描述，其他玩家没有提到。

这些不一致之处可能表明玩家4的描述与平民词的描述最为不同，因为他的描述中包含了多个与玩家1、玩家2和玩家3描述不一致的细节。因此，玩家4可能是卧底。
2024-12-13 17:43:23,655 - 2 - INFO - **********JUDGER**********
你刚刚的分析是在比较玩家1、玩家2、玩家3和玩家4的描述后，以下是不一致之处：

1. 玩家1和玩家2的描述中都提到了“纤维含量较低”，而玩家3和玩家4也提到了纤维含量较低，但没有特别强调这一点。

2. 玩家1的描述中提到了“甜味与酸味完美结合”和“解渴和补充能量的水果”，这些特征在玩家2、玩家3和玩家4的描述中没有出现。

3. 玩家2的描述中提到了“果实形状通常较为扁平”，这与玩家1、玩家3和玩家4描述的圆形或卵形水果形状不同。

4. 玩家4的描述中提到了“果肉质地柔软，虽然不是特别细腻”，这与玩家1、玩家2和玩家3描述的细腻口感有所不同。

5. 玩家3的描述中提到了“形状略呈卵形”，这与玩家1、玩家2和玩家4描述的圆形或金黄色特征不一致。

6. 玩家4的描述中提到了“这种气味有时会让人感到非常强烈”，这是一个独特的描述，其他玩家没有提到。

这些不一致之处可能表明玩家4的描述与平民词的描述最为不同，因为他的描述中包含了多个与玩家1、玩家2和玩家3描述不一致的细节。因此，玩家4可能是卧底。|| 请通过你分析的不一致之处，推断卧底身份，注意，这局游戏的词语分类为<水果>，卧底词和平民词都属于该类。
2024-12-13 17:43:25,052 - 2 - INFO - **********PLAYER2**********
4
2024-12-13 17:43:25,052 - 2 - INFO - **********JUDGER**********
你刚刚的推断是4|| 基于你刚刚的推断得出你的最终结论，请输出你认为的卧底，在这种情况下只需要输出编号，是1-4中的某个数字，不要输出其他信息。在这个过程不要进行任何推理，只对||以前的部分进行信息提取
2024-12-13 17:43:26,608 - 2 - INFO - **********PLAYER2**********
4
