2024-12-13 17:38:40,744 - 3 - INFO - **********JUDGER**********
让我们来玩一个叫做<谁是卧底>的推理游戏。基本规则：<人数>：4人。<角色分配>：每位玩家随机抽取一个词语，3名玩家拿到的词语是相同的（平民词），1名玩家拿到与之相近但不同的词语（卧底词）。<游戏流程>：1、玩家轮流描述自己的词语，但<不能>直接说出词语本身。2、描述完毕后，投票选出最像卧底的玩家。3、每轮结束后，被投票选出的玩家出局，不能再进行描述或投票。4、每轮投票结束后，如果卧底被成功找出，平民方获胜；如果卧底未被找出且卧底人数等于或超过平民人数，则卧底方获胜。你将扮演一个<玩家>，请等待你被分配到的关键词。如果你听懂了，只回答，"好的，我准备好参加游戏了"，不要输出别的信息
2024-12-13 17:38:41,565 - 3 - INFO - **********PLAYER3**********
好的，我准备好参加游戏了
2024-12-13 17:38:46,147 - 3 - INFO - **********JUDGER**********
玩家1说：这个水果通常呈黄色或橙色，味道甜美多汁。在水果类中，它以其独特的纤维质地而闻名。玩家2说：这种水果富含维生素，形状圆润，果肉细腻。它在同类水果中特别之处在于它的纤维较少，口感较为软糯。玩家3说：玩家4说：|| 你是第3号玩家，你的关键词是<芒果>。你的回答中绝对不能包含你的关键词<芒果>。这是第一轮描述，不需要分析||之前别的玩家的描述，请你描述关键词基本特征，注意，这局游戏的词语分类为<水果>，卧底词和平民词都属于该类，描述包括以下两点，1.他的基本特征是什么2.他在该类（水果）中最突出不同的特征是什么，尽量简短
2024-12-13 17:38:47,597 - 3 - INFO - **********PLAYER3**********
这种水果皮薄核小，果肉软糯，味道香甜。在同类水果中，它最突出的不同特征是纤维含量较低。
2024-12-13 17:39:48,387 - 3 - INFO - **********JUDGER**********
玩家1说：这个水果通常呈黄色或橙色，味道甜美多汁。在水果类中，它以其独特的纤维质地而闻名。玩家2说：这种水果富含维生素，形状圆润，果肉细腻。它在同类水果中特别之处在于它的纤维较少，口感较为软糯。玩家3说：这种水果皮薄核小，果肉软糯，味道香甜。在同类水果中，它最突出的不同特征是纤维含量较低。玩家4说：||在这个游戏中，我们需要通过分析每位玩家的描述来找出卧底。通常，平民的描述会围绕相同的词语展开，而卧底的描述可能会因为词语的不同而显得不太一致。我们需要仔细比较每个描述之间的相似性和差异性，以找出可能的卧底，注意，卧底并不会隐藏自己，他会直接描述他的词语，现在，逐一分析每个玩家的描述，注意，这局游戏的词语分类为<水果>，卧底词和平民词都属于该类。这是第一轮描述。
2024-12-13 17:39:56,906 - 3 - INFO - **********PLAYER3**********
根据玩家们的描述，我们可以看出以下几点：

1. 玩家1、玩家2和玩家3的描述都集中在水果的甜味、软糯的口感以及纤维含量较低的特征上。这些描述与常见的某种水果特征相符。

2. 玩家4的描述虽然没有直接提及关键词，但他的描述似乎是在引导大家注意描述的分析方法，而不是在描述水果的特征。

基于这些信息，玩家4的描述与其他玩家的描述风格不同，他似乎在引导讨论的方向，而不是直接描述水果。因此，玩家4可能是卧底，他的关键词可能与水果无关，或者与玩家1、2、3描述的水果不同。但需要注意的是，卧底不会直接隐藏自己，所以玩家4的描述也可能是在巧妙地描述他的关键词。需要进一步观察和讨论来确定卧底的身份。
2024-12-13 17:39:56,907 - 3 - INFO - **********JUDGER**********
你刚刚的分析是根据玩家们的描述，我们可以看出以下几点：

1. 玩家1、玩家2和玩家3的描述都集中在水果的甜味、软糯的口感以及纤维含量较低的特征上。这些描述与常见的某种水果特征相符。

2. 玩家4的描述虽然没有直接提及关键词，但他的描述似乎是在引导大家注意描述的分析方法，而不是在描述水果的特征。

基于这些信息，玩家4的描述与其他玩家的描述风格不同，他似乎在引导讨论的方向，而不是直接描述水果。因此，玩家4可能是卧底，他的关键词可能与水果无关，或者与玩家1、2、3描述的水果不同。但需要注意的是，卧底不会直接隐藏自己，所以玩家4的描述也可能是在巧妙地描述他的关键词。需要进一步观察和讨论来确定卧底的身份。|| `请根据上述分析，比较描述以找出不一致之处，注意，这局游戏的词语分类为<水果>，卧底词和平民词都属于该类。
2024-12-13 17:40:05,436 - 3 - INFO - **********PLAYER3**********
根据上述分析，我们可以比较描述以找出不一致之处：

1. 玩家1、玩家2和玩家3的描述都指向了一种甜味、软糯口感且纤维含量较低的水果，这很可能是某种常见的水果，如芒果、桃子或香蕉等。

2. 玩家4的描述则集中在描述游戏规则和分析方法，而不是水果的特征。这与其他玩家的描述方向明显不同。

不一致之处在于：

- 玩家4的描述与水果特征无关，而是关于游戏策略和分析技巧。
- 玩家1、玩家2和玩家3的描述都在描述相同的水果特征，而玩家4没有提供类似的具体水果特征描述。

因此，玩家4的描述与其他玩家的描述不一致，这可能是他作为卧底的一个线索。他的关键词可能不是水果，或者即使是一种水果，也与玩家1、2、3描述的水果不同。进一步的分析和讨论将有助于确认玩家4是否是卧底。
2024-12-13 17:40:05,437 - 3 - INFO - **********JUDGER**********
你刚刚的分析是根据上述分析，我们可以比较描述以找出不一致之处：

1. 玩家1、玩家2和玩家3的描述都指向了一种甜味、软糯口感且纤维含量较低的水果，这很可能是某种常见的水果，如芒果、桃子或香蕉等。

2. 玩家4的描述则集中在描述游戏规则和分析方法，而不是水果的特征。这与其他玩家的描述方向明显不同。

不一致之处在于：

- 玩家4的描述与水果特征无关，而是关于游戏策略和分析技巧。
- 玩家1、玩家2和玩家3的描述都在描述相同的水果特征，而玩家4没有提供类似的具体水果特征描述。

因此，玩家4的描述与其他玩家的描述不一致，这可能是他作为卧底的一个线索。他的关键词可能不是水果，或者即使是一种水果，也与玩家1、2、3描述的水果不同。进一步的分析和讨论将有助于确认玩家4是否是卧底。|| 请通过你分析的不一致之处，推断卧底身份，注意，这局游戏的词语分类为<水果>，卧底词和平民词都属于该类。
2024-12-13 17:40:18,874 - 3 - INFO - **********PLAYER3**********
根据分析中提到的不一致之处，我们可以进行以下推断：

1. 玩家1、玩家2和玩家3的描述都指向了一种具有甜味、软糯口感且纤维含量较低的水果，这暗示了他们可能持有的关键词是一种常见的水果。

2. 玩家4的描述没有提供具体的水果特征，而是集中在描述游戏规则和分析方法，这表明他的描述可能是在引导讨论的方向，而不是在描述水果。

考虑到游戏规则中提到的词语分类为<水果>，并且卧底词和平民词都属于该类，以下是一些可能的推断：

- 如果玩家4是卧底，那么他的关键词可能是一种与玩家1、2、3描述的水果明显不同的水果，或者根本就不是水果。他的描述可能是为了混淆视听，引导大家关注他的话语，而不是水果的特征。

- 如果玩家4的关键词确实是一种水果，但与玩家1、2、3描述的水果不同，那么他的描述可能是为了隐藏这个差异，或者是为了误导大家，使得他的描述看起来像是某种常见的水果特征。

综上所述，玩家4可能是卧底，因为他没有提供与水果特征相关的描述，而是转而讨论了游戏规则。然而，要确定他的具体关键词，需要更多的信息和进一步的讨论。如果玩家4的关键词是某种非水果的物品或者与描述的水果明显不同的水果，那么他很可能就是卧底。
2024-12-13 17:40:18,875 - 3 - INFO - **********JUDGER**********
你刚刚的推断是根据分析中提到的不一致之处，我们可以进行以下推断：

1. 玩家1、玩家2和玩家3的描述都指向了一种具有甜味、软糯口感且纤维含量较低的水果，这暗示了他们可能持有的关键词是一种常见的水果。

2. 玩家4的描述没有提供具体的水果特征，而是集中在描述游戏规则和分析方法，这表明他的描述可能是在引导讨论的方向，而不是在描述水果。

考虑到游戏规则中提到的词语分类为<水果>，并且卧底词和平民词都属于该类，以下是一些可能的推断：

- 如果玩家4是卧底，那么他的关键词可能是一种与玩家1、2、3描述的水果明显不同的水果，或者根本就不是水果。他的描述可能是为了混淆视听，引导大家关注他的话语，而不是水果的特征。

- 如果玩家4的关键词确实是一种水果，但与玩家1、2、3描述的水果不同，那么他的描述可能是为了隐藏这个差异，或者是为了误导大家，使得他的描述看起来像是某种常见的水果特征。

综上所述，玩家4可能是卧底，因为他没有提供与水果特征相关的描述，而是转而讨论了游戏规则。然而，要确定他的具体关键词，需要更多的信息和进一步的讨论。如果玩家4的关键词是某种非水果的物品或者与描述的水果明显不同的水果，那么他很可能就是卧底。|| 基于你刚刚的推断得出你的最终结论，请输出你认为的卧底，在这种情况下只需要输出编号，是1-4中的某个数字，不要输出其他信息。在这个过程不要进行任何推理，只对||以前的部分进行信息提取
2024-12-13 17:40:19,531 - 3 - INFO - **********PLAYER3**********
4
2024-12-13 17:40:48,837 - 3 - INFO - **********JUDGER**********
玩家1说：这个水果通常呈黄色或橙色，味道甜美多汁。在水果类中，它以其独特的纤维质地而闻名。这种水果在成熟时呈现出鲜艳的黄色，汁液丰富，口感非常丝滑。它富含多种维生素，对于身体非常有益。玩家2说：这种水果富含维生素，形状圆润，果肉细腻。它在同类水果中特别之处在于它的纤维较少，口感较为软糯。这种水果在成熟后，其皮肤会呈现出诱人的金黄色，汁液丰富，甜度适中。它通常带有独特的香气，能够吸引人的食欲。在同类水果中，它的最大特点是皮薄易剥，食用方便。玩家3说：这种水果皮薄核小，果肉软糯，味道香甜。在同类水果中，它最突出的不同特征是纤维含量较低。玩家4说：这种水果外形圆润，颜色鲜艳，多汁多水。在同类水果中，它最特别的地方是纤维含量较低，口感更为细腻。你是第3号玩家，你的关键词是<芒果>。你的回答中绝对不能包含你的关键词<芒果>。这是第二轮描述，你之前的描述是这种水果皮薄核小，果肉软糯，味道香甜。在同类水果中，它最突出的不同特征是纤维含量较低。，注意，这局游戏的词语分类为<水果>，卧底词和平民词都属于该类，请你补充关于关键词的描述，注意，你的描述应该比起之前的描述更加贴近关键词，作为之前的补充
2024-12-13 17:40:50,530 - 3 - INFO - **********PLAYER3**********
这种水果在成熟时呈现出诱人的金黄色，汁液丰富，甜度适中。它的香气浓郁，能够吸引人的食欲，且皮薄易剥，食用方便。
2024-12-13 17:41:23,273 - 3 - INFO - **********JUDGER**********
玩家1说：这个水果通常呈黄色或橙色，味道甜美多汁。在水果类中，它以其独特的纤维质地而闻名。这种水果在成熟时呈现出鲜艳的黄色，汁液丰富，口感非常丝滑。它富含多种维生素，对于身体非常有益。玩家2说：这种水果富含维生素，形状圆润，果肉细腻。它在同类水果中特别之处在于它的纤维较少，口感较为软糯。这种水果在成熟后，其皮肤会呈现出诱人的金黄色，汁液丰富，甜度适中。它通常带有独特的香气，能够吸引人的食欲。在同类水果中，它的最大特点是皮薄易剥，食用方便。玩家3说：这种水果皮薄核小，果肉软糯，味道香甜。在同类水果中，它最突出的不同特征是纤维含量较低。这种水果在成熟时呈现出诱人的金黄色，汁液丰富，甜度适中。它的香气浓郁，能够吸引人的食欲，且皮薄易剥，食用方便。玩家4说：这种水果外形圆润，颜色鲜艳，多汁多水。在同类水果中，它最特别的地方是纤维含量较低，口感更为细腻。||在这个游戏中，我们需要通过分析每位玩家的描述来找出卧底。通常，平民的描述会围绕相同的词语展开，而卧底的描述可能会因为词语的不同而显得不太一致。我们需要仔细比较每个描述之间的相似性和差异性，以找出可能的卧底，注意，卧底并不会隐藏自己，他会直接描述他的词语，现在，逐一分析每个玩家的描述，注意，这局游戏的词语分类为<水果>，卧底词和平民词都属于该类。||之前是第2轮描述和之前轮数描述的合集。你之前认为的卧底是玩家4。
2024-12-13 17:41:35,080 - 3 - INFO - **********PLAYER3**********
根据玩家们的第二轮描述，我们可以进行以下分析：

1. 玩家1、玩家2、玩家3的描述都高度一致，强调了这种水果的黄色、甜味、多汁、纤维含量低、口感软糯、皮薄易剥等特点。

2. 玩家4的描述与前三者相比，虽然也提到了黄色、多汁、纤维含量低、口感细腻等特点，但他在描述中特别强调了“外形圆润”和“颜色鲜艳”，这两个特征在前三者的描述中并没有被特别强调。

基于这些分析，玩家4的描述与前三者相比存在一定的差异，特别是在“外形圆润”和“颜色鲜艳”这两个特征上。这可能是他作为卧底的一个线索，因为卧底可能会在描述中强调与平民不同的特征，以试图混淆视听。

因此，根据第二轮描述，如果之前的推断是基于描述的差异性和不一致性，那么玩家4仍然是一个可能的卧底候选人。然而，没有更多的信息，我们无法确定玩家4是否真的是卧底。需要更多的轮次描述和玩家之间的互动来进一步确认。
2024-12-13 17:41:35,083 - 3 - INFO - **********JUDGER**********
你刚刚的分析是根据玩家们的第二轮描述，我们可以进行以下分析：

1. 玩家1、玩家2、玩家3的描述都高度一致，强调了这种水果的黄色、甜味、多汁、纤维含量低、口感软糯、皮薄易剥等特点。

2. 玩家4的描述与前三者相比，虽然也提到了黄色、多汁、纤维含量低、口感细腻等特点，但他在描述中特别强调了“外形圆润”和“颜色鲜艳”，这两个特征在前三者的描述中并没有被特别强调。

基于这些分析，玩家4的描述与前三者相比存在一定的差异，特别是在“外形圆润”和“颜色鲜艳”这两个特征上。这可能是他作为卧底的一个线索，因为卧底可能会在描述中强调与平民不同的特征，以试图混淆视听。

因此，根据第二轮描述，如果之前的推断是基于描述的差异性和不一致性，那么玩家4仍然是一个可能的卧底候选人。然而，没有更多的信息，我们无法确定玩家4是否真的是卧底。需要更多的轮次描述和玩家之间的互动来进一步确认。|| `请根据上述分析，比较描述以找出不一致之处，注意，这局游戏的词语分类为<水果>，卧底词和平民词都属于该类。
2024-12-13 17:41:48,350 - 3 - INFO - **********PLAYER3**********
根据上述分析，以下是不一致之处：

1. 玩家1、玩家2和玩家3的描述都集中在水果的甜味、多汁、纤维含量低、口感软糯、皮薄易剥等特征上，这些特征与芒果相符。

2. 玩家4的描述中虽然也提到了甜味、多汁、纤维含量低、口感细腻等特征，但他特别强调了水果的“外形圆润”和“颜色鲜艳”，这些特征在玩家1、2、3的描述中没有得到同样的强调。

不一致之处在于玩家4对水果外观特征的强调，这与玩家1、2、3描述的特征有所区别。这可能是玩家4作为卧底的一个线索，因为他的描述中包含了一些与普遍描述不同的细节。在词语分类为<水果>的规则下，这种对外观特征的特别强调可能与卧底词的特征不匹配。
2024-12-13 17:41:48,352 - 3 - INFO - **********JUDGER**********
你刚刚的分析是根据上述分析，以下是不一致之处：

1. 玩家1、玩家2和玩家3的描述都集中在水果的甜味、多汁、纤维含量低、口感软糯、皮薄易剥等特征上，这些特征与芒果相符。

2. 玩家4的描述中虽然也提到了甜味、多汁、纤维含量低、口感细腻等特征，但他特别强调了水果的“外形圆润”和“颜色鲜艳”，这些特征在玩家1、2、3的描述中没有得到同样的强调。

不一致之处在于玩家4对水果外观特征的强调，这与玩家1、2、3描述的特征有所区别。这可能是玩家4作为卧底的一个线索，因为他的描述中包含了一些与普遍描述不同的细节。在词语分类为<水果>的规则下，这种对外观特征的特别强调可能与卧底词的特征不匹配。|| 请通过你分析的不一致之处，推断卧底身份，注意，这局游戏的词语分类为<水果>，卧底词和平民词都属于该类。
2024-12-13 17:41:58,615 - 3 - INFO - **********PLAYER3**********
根据上述分析，不一致之处主要体现在以下几个方面：

1. 玩家1、玩家2和玩家3的描述都集中在水果的基本特征上，如甜味、多汁、纤维含量低等，这些特征与芒果相符。

2. 玩家4的描述虽然也提到了甜味、多汁、纤维含量低等特征，但他特别强调了水果的“外形圆润”和“颜色鲜艳”，这些特征在玩家1、2、3的描述中没有得到同样的强调。

3. 玩家4的描述中可能暗示了水果的外观特征，这与芒果的典型外观特征（如橙黄色、形状圆润）相符，但他的描述似乎更加注重外观而非口感。

基于这些不一致之处，玩家4的描述可能与芒果的卧底词更为接近，因为他的描述中包含了与芒果外观相关的特征，而其他玩家更侧重于口感和纤维含量等特征。当然，这只是一个基于描述的不确定推断，真正的卧底身份还需要进一步的讨论和投票来确定。
2024-12-13 17:41:58,617 - 3 - INFO - **********JUDGER**********
你刚刚的推断是根据上述分析，不一致之处主要体现在以下几个方面：

1. 玩家1、玩家2和玩家3的描述都集中在水果的基本特征上，如甜味、多汁、纤维含量低等，这些特征与芒果相符。

2. 玩家4的描述虽然也提到了甜味、多汁、纤维含量低等特征，但他特别强调了水果的“外形圆润”和“颜色鲜艳”，这些特征在玩家1、2、3的描述中没有得到同样的强调。

3. 玩家4的描述中可能暗示了水果的外观特征，这与芒果的典型外观特征（如橙黄色、形状圆润）相符，但他的描述似乎更加注重外观而非口感。

基于这些不一致之处，玩家4的描述可能与芒果的卧底词更为接近，因为他的描述中包含了与芒果外观相关的特征，而其他玩家更侧重于口感和纤维含量等特征。当然，这只是一个基于描述的不确定推断，真正的卧底身份还需要进一步的讨论和投票来确定。|| 基于你刚刚的推断得出你的最终结论，请输出你认为的卧底，在这种情况下只需要输出编号，是1-4中的某个数字，不要输出其他信息。在这个过程不要进行任何推理，只对||以前的部分进行信息提取
2024-12-13 17:42:00,974 - 3 - INFO - **********PLAYER3**********
4
2024-12-13 17:42:39,424 - 3 - INFO - **********JUDGER**********
玩家1说：这个水果通常呈黄色或橙色，味道甜美多汁。在水果类中，它以其独特的纤维质地而闻名。这种水果在成熟时呈现出鲜艳的黄色，汁液丰富，口感非常丝滑。它富含多种维生素，对于身体非常有益。这种水果在食用时，其甜味与酸味完美结合，给人一种清新爽口的感觉。它的肉质细腻，口感柔滑，非常适合作为解渴和补充能量的水果。玩家2说：这种水果富含维生素，形状圆润，果肉细腻。它在同类水果中特别之处在于它的纤维较少，口感较为软糯。这种水果在成熟后，其皮肤会呈现出诱人的金黄色，汁液丰富，甜度适中。它通常带有独特的香气，能够吸引人的食欲。在同类水果中，它的最大特点是皮薄易剥，食用方便。这种水果的肉质在未成熟时较为坚硬，但随着成熟度的增加，它会变得柔软而多汁。它的香气浓郁，能够远距离吸引人的注意，而且在食用时，它的甜味和酸味达到了完美的平衡，给人一种清新爽口的感觉。此外，它的果实形状通常较为扁平，与常见的圆形水果不同。玩家3说：这种水果皮薄核小，果肉软糯，味道香甜。在同类水果中，它最突出的不同特征是纤维含量较低。这种水果在成熟时呈现出诱人的金黄色，汁液丰富，甜度适中。它的香气浓郁，能够吸引人的食欲，且皮薄易剥，食用方便。玩家4说：这种水果外形圆润，颜色鲜艳，多汁多水。在同类水果中，它最特别的地方是纤维含量较低，口感更为细腻。这种水果在成熟时，其香气独特，能够强烈地吸引人的注意力。它的果肉结构紧密，甜度适中，且具有一种独特的风味。你是第3号玩家，你的关键词是<芒果>。你的回答中绝对不能包含你的关键词<芒果>。这是第三轮描述，你之前的描述是这种水果皮薄核小，果肉软糯，味道香甜。在同类水果中，它最突出的不同特征是纤维含量较低。和这种水果在成熟时呈现出诱人的金黄色，汁液丰富，甜度适中。它的香气浓郁，能够吸引人的食欲，且皮薄易剥，食用方便。，注意，这局游戏的词语分类为<水果>，卧底词和平民词都属于该类，请你补充关于关键词的描述，注意，你的描述应该比起之前的描述更加贴近关键词，作为之前的补充
2024-12-13 17:42:44,147 - 3 - INFO - **********PLAYER3**********
这种水果在成熟时散发出迷人的香气，甜度适中，果肉质地细腻，口感滑润。它的果实大小适中，形状略呈卵形，颜色由绿转黄，皮薄易剥，核小无渣。在同类水果中，它的纤维含量相对较低，食用时口感更加顺滑。
2024-12-13 17:43:26,609 - 3 - INFO - **********JUDGER**********
玩家1说：这个水果通常呈黄色或橙色，味道甜美多汁。在水果类中，它以其独特的纤维质地而闻名。这种水果在成熟时呈现出鲜艳的黄色，汁液丰富，口感非常丝滑。它富含多种维生素，对于身体非常有益。这种水果在食用时，其甜味与酸味完美结合，给人一种清新爽口的感觉。它的肉质细腻，口感柔滑，非常适合作为解渴和补充能量的水果。玩家2说：这种水果富含维生素，形状圆润，果肉细腻。它在同类水果中特别之处在于它的纤维较少，口感较为软糯。这种水果在成熟后，其皮肤会呈现出诱人的金黄色，汁液丰富，甜度适中。它通常带有独特的香气，能够吸引人的食欲。在同类水果中，它的最大特点是皮薄易剥，食用方便。这种水果的肉质在未成熟时较为坚硬，但随着成熟度的增加，它会变得柔软而多汁。它的香气浓郁，能够远距离吸引人的注意，而且在食用时，它的甜味和酸味达到了完美的平衡，给人一种清新爽口的感觉。此外，它的果实形状通常较为扁平，与常见的圆形水果不同。玩家3说：这种水果皮薄核小，果肉软糯，味道香甜。在同类水果中，它最突出的不同特征是纤维含量较低。这种水果在成熟时呈现出诱人的金黄色，汁液丰富，甜度适中。它的香气浓郁，能够吸引人的食欲，且皮薄易剥，食用方便。这种水果在成熟时散发出迷人的香气，甜度适中，果肉质地细腻，口感滑润。它的果实大小适中，形状略呈卵形，颜色由绿转黄，皮薄易剥，核小无渣。在同类水果中，它的纤维含量相对较低，食用时口感更加顺滑。玩家4说：这种水果外形圆润，颜色鲜艳，多汁多水。在同类水果中，它最特别的地方是纤维含量较低，口感更为细腻。这种水果在成熟时，其香气独特，能够强烈地吸引人的注意力。它的果肉结构紧密，甜度适中，且具有一种独特的风味。这种水果的香气非常浓郁，散发出一种强烈而独特的气味，这种气味有时会让人感到非常强烈，以至于即使不看到它，也能闻到它的存在。它的果肉质地柔软，虽然不是特别细腻，但有着明显的层次感，且在成熟时甜度较高。||在这个游戏中，我们需要通过分析每位玩家的描述来找出卧底。通常，平民的描述会围绕相同的词语展开，而卧底的描述可能会因为词语的不同而显得不太一致。我们需要仔细比较每个描述之间的相似性和差异性，以找出可能的卧底，注意，卧底并不会隐藏自己，他会直接描述他的词语，现在，逐一分析每个玩家的描述，注意，这局游戏的词语分类为<水果>，卧底词和平民词都属于该类。||之前是第3轮描述和之前轮数描述的合集。你之前认为的卧底是玩家4。
2024-12-13 17:43:34,914 - 3 - INFO - **********PLAYER3**********
在第三轮描述中，玩家1、玩家2、玩家3的描述都集中在水果的甜味、多汁、纤维含量低、口感细腻、皮薄易剥等特征上，这些描述与芒果相符。

玩家4的描述虽然也提到了甜味、多汁、纤维含量低等特征，但他的描述中特别强调了水果的香气浓郁，能够强烈吸引人的注意力，以及果肉质地柔软但不是特别细腻，有着明显的层次感，这些特征与芒果的描述不完全一致。

基于这些描述，玩家4的描述仍然与芒果的典型特征存在一些差异，尤其是他对香气的强调和果肉质地描述的细微差别。这些差异可能表明玩家4的词语与芒果不同，因此，如果之前的推断是基于描述的差异性和不一致性，那么玩家4仍然是一个可能的卧底候选人。
2024-12-13 17:43:34,916 - 3 - INFO - **********JUDGER**********
你刚刚的分析是在第三轮描述中，玩家1、玩家2、玩家3的描述都集中在水果的甜味、多汁、纤维含量低、口感细腻、皮薄易剥等特征上，这些描述与芒果相符。

玩家4的描述虽然也提到了甜味、多汁、纤维含量低等特征，但他的描述中特别强调了水果的香气浓郁，能够强烈吸引人的注意力，以及果肉质地柔软但不是特别细腻，有着明显的层次感，这些特征与芒果的描述不完全一致。

基于这些描述，玩家4的描述仍然与芒果的典型特征存在一些差异，尤其是他对香气的强调和果肉质地描述的细微差别。这些差异可能表明玩家4的词语与芒果不同，因此，如果之前的推断是基于描述的差异性和不一致性，那么玩家4仍然是一个可能的卧底候选人。|| `请根据上述分析，比较描述以找出不一致之处，注意，这局游戏的词语分类为<水果>，卧底词和平民词都属于该类。
2024-12-13 17:43:48,411 - 3 - INFO - **********PLAYER3**********
不一致之处如下：

1. 玩家1、玩家2和玩家3的描述都强调了水果的甜味、多汁、纤维含量低、口感细腻、皮薄易剥等特征，这些描述与芒果的特征相符。

2. 玩家4的描述中，虽然也提到了甜味、多汁、纤维含量低等特征，但他特别强调了水果的香气浓郁和能够强烈吸引人的注意力。此外，玩家4提到果肉质地柔软但不是特别细腻，有着明显的层次感，这与芒果通常细腻的果肉质地描述有所区别。

3. 玩家4还提到果肉在成熟时甜度较高，而其他玩家没有特别强调甜度的高低。

这些不一致之处表明玩家4的描述在某些方面与芒果的典型特征不完全一致，可能是他作为卧底的一个线索。
2024-12-13 17:43:48,413 - 3 - INFO - **********JUDGER**********
你刚刚的分析是不一致之处如下：

1. 玩家1、玩家2和玩家3的描述都强调了水果的甜味、多汁、纤维含量低、口感细腻、皮薄易剥等特征，这些描述与芒果的特征相符。

2. 玩家4的描述中，虽然也提到了甜味、多汁、纤维含量低等特征，但他特别强调了水果的香气浓郁和能够强烈吸引人的注意力。此外，玩家4提到果肉质地柔软但不是特别细腻，有着明显的层次感，这与芒果通常细腻的果肉质地描述有所区别。

3. 玩家4还提到果肉在成熟时甜度较高，而其他玩家没有特别强调甜度的高低。

这些不一致之处表明玩家4的描述在某些方面与芒果的典型特征不完全一致，可能是他作为卧底的一个线索。|| 请通过你分析的不一致之处，推断卧底身份，注意，这局游戏的词语分类为<水果>，卧底词和平民词都属于该类。
2024-12-13 17:43:49,584 - 3 - INFO - **********PLAYER3**********
4
2024-12-13 17:43:49,585 - 3 - INFO - **********JUDGER**********
你刚刚的推断是4|| 基于你刚刚的推断得出你的最终结论，请输出你认为的卧底，在这种情况下只需要输出编号，是1-4中的某个数字，不要输出其他信息。在这个过程不要进行任何推理，只对||以前的部分进行信息提取
2024-12-13 17:43:50,627 - 3 - INFO - **********PLAYER3**********
4
