2024-12-13 17:38:42,054 - 4 - INFO - **********JUDGER**********
让我们来玩一个叫做<谁是卧底>的推理游戏。基本规则：<人数>：4人。<角色分配>：每位玩家随机抽取一个词语，3名玩家拿到的词语是相同的（平民词），1名玩家拿到与之相近但不同的词语（卧底词）。<游戏流程>：1、玩家轮流描述自己的词语，但<不能>直接说出词语本身。2、描述完毕后，投票选出最像卧底的玩家。3、每轮结束后，被投票选出的玩家出局，不能再进行描述或投票。4、每轮投票结束后，如果卧底被成功找出，平民方获胜；如果卧底未被找出且卧底人数等于或超过平民人数，则卧底方获胜。你将扮演一个<玩家>，请等待你被分配到的关键词。如果你听懂了，只回答，"好的，我准备好参加游戏了"，不要输出别的信息
2024-12-13 17:38:42,850 - 4 - INFO - **********PLAYER4**********
好的，我准备好参加游戏了
2024-12-13 17:38:47,597 - 4 - INFO - **********JUDGER**********
玩家1说：这个水果通常呈黄色或橙色，味道甜美多汁。在水果类中，它以其独特的纤维质地而闻名。玩家2说：这种水果富含维生素，形状圆润，果肉细腻。它在同类水果中特别之处在于它的纤维较少，口感较为软糯。玩家3说：这种水果皮薄核小，果肉软糯，味道香甜。在同类水果中，它最突出的不同特征是纤维含量较低。玩家4说：|| 你是第4号玩家，你的关键词是<榴莲>。你的回答中绝对不能包含你的关键词<榴莲>。这是第一轮描述，不需要分析||之前别的玩家的描述，请你描述关键词基本特征，注意，这局游戏的词语分类为<水果>，卧底词和平民词都属于该类，描述包括以下两点，1.他的基本特征是什么2.他在该类（水果）中最突出不同的特征是什么，尽量简短
2024-12-13 17:38:49,357 - 4 - INFO - **********PLAYER4**********
这种水果外形圆润，颜色鲜艳，多汁多水。在同类水果中，它最特别的地方是纤维含量较低，口感更为细腻。
2024-12-13 17:40:19,532 - 4 - INFO - **********JUDGER**********
玩家1说：这个水果通常呈黄色或橙色，味道甜美多汁。在水果类中，它以其独特的纤维质地而闻名。玩家2说：这种水果富含维生素，形状圆润，果肉细腻。它在同类水果中特别之处在于它的纤维较少，口感较为软糯。玩家3说：这种水果皮薄核小，果肉软糯，味道香甜。在同类水果中，它最突出的不同特征是纤维含量较低。玩家4说：||在这个游戏中，我们需要通过分析每位玩家的描述来找出卧底。通常，平民的描述会围绕相同的词语展开，而卧底的描述可能会因为词语的不同而显得不太一致。我们需要仔细比较每个描述之间的相似性和差异性，以找出可能的卧底，注意，卧底并不会隐藏自己，他会直接描述他的词语，现在，逐一分析每个玩家的描述，注意，这局游戏的词语分类为<水果>，卧底词和平民词都属于该类。这是第一轮描述。
2024-12-13 17:40:27,992 - 4 - INFO - **********PLAYER4**********
好的，根据玩家的描述，我们可以看到：

- 玩家1描述的是一种黄色或橙色的水果，味道甜美多汁，以独特的纤维质地闻名。
- 玩家2描述的是一种富含维生素的水果，形状圆润，果肉细腻，纤维较少，口感软糯。
- 玩家3的描述与玩家2相似，也是皮薄核小，果肉软糯，味道香甜，纤维含量较低。

从这些描述中，我们可以看出玩家1、2和3的描述非常相似，都在强调水果的纤维含量较低，口感软糯，味道甜美。然而，玩家4的描述没有提及纤维含量，而是提到了皮薄核小和味道香甜，这与其他玩家的描述有所不同。

因此，根据描述的相似性和差异性，玩家4的描述可能更接近卧底词，因为他的描述没有与其他玩家形成明显的共同点。不过，这只是一个初步的分析，需要更多的信息来确定。
2024-12-13 17:40:27,994 - 4 - INFO - **********JUDGER**********
你刚刚的分析是好的，根据玩家的描述，我们可以看到：

- 玩家1描述的是一种黄色或橙色的水果，味道甜美多汁，以独特的纤维质地闻名。
- 玩家2描述的是一种富含维生素的水果，形状圆润，果肉细腻，纤维较少，口感软糯。
- 玩家3的描述与玩家2相似，也是皮薄核小，果肉软糯，味道香甜，纤维含量较低。

从这些描述中，我们可以看出玩家1、2和3的描述非常相似，都在强调水果的纤维含量较低，口感软糯，味道甜美。然而，玩家4的描述没有提及纤维含量，而是提到了皮薄核小和味道香甜，这与其他玩家的描述有所不同。

因此，根据描述的相似性和差异性，玩家4的描述可能更接近卧底词，因为他的描述没有与其他玩家形成明显的共同点。不过，这只是一个初步的分析，需要更多的信息来确定。|| `请根据上述分析，比较描述以找出不一致之处，注意，这局游戏的词语分类为<水果>，卧底词和平民词都属于该类。
2024-12-13 17:40:37,834 - 4 - INFO - **********PLAYER4**********
根据上述分析，我们可以比较各玩家的描述以找出不一致之处：

1. 玩家1描述的水果是黄色或橙色，味道甜美多汁，以独特的纤维质地闻名。
2. 玩家2描述的水果富含维生素，形状圆润，果肉细腻，纤维较少，口感软糯。
3. 玩家3的描述与玩家2相似，提到皮薄核小，果肉软糯，味道香甜，纤维含量较低。

玩家1、2和3的描述都集中在纤维含量较低、口感软糯和味道甜美上，这些特征在描述中是一致的。然而，玩家4的描述中并没有提到纤维含量这一特征，而是强调了皮薄核小和味道香甜。这一点与玩家1、2、3的描述存在不一致。

不一致之处总结：
- 玩家1、2、3都提到了纤维含量较低，而玩家4没有。
- 玩家4提到了皮薄核小，而玩家1、2、3没有特别强调这一点。

基于这些不一致之处，玩家4的描述可能与卧底词更接近。
2024-12-13 17:40:37,835 - 4 - INFO - **********JUDGER**********
你刚刚的分析是根据上述分析，我们可以比较各玩家的描述以找出不一致之处：

1. 玩家1描述的水果是黄色或橙色，味道甜美多汁，以独特的纤维质地闻名。
2. 玩家2描述的水果富含维生素，形状圆润，果肉细腻，纤维较少，口感软糯。
3. 玩家3的描述与玩家2相似，提到皮薄核小，果肉软糯，味道香甜，纤维含量较低。

玩家1、2和3的描述都集中在纤维含量较低、口感软糯和味道甜美上，这些特征在描述中是一致的。然而，玩家4的描述中并没有提到纤维含量这一特征，而是强调了皮薄核小和味道香甜。这一点与玩家1、2、3的描述存在不一致。

不一致之处总结：
- 玩家1、2、3都提到了纤维含量较低，而玩家4没有。
- 玩家4提到了皮薄核小，而玩家1、2、3没有特别强调这一点。

基于这些不一致之处，玩家4的描述可能与卧底词更接近。|| 请通过你分析的不一致之处，推断卧底身份，注意，这局游戏的词语分类为<水果>，卧底词和平民词都属于该类。
2024-12-13 17:40:44,696 - 4 - INFO - **********PLAYER4**********
根据分析中提到的不一致之处，我们可以进行以下推断：

- 玩家1、2和3的描述都指向了某种纤维含量较低、口感软糯、味道甜美的水果，这可能是像橙子、香蕉或桃子这样的水果。
- 玩家4的描述中提到了皮薄核小和味道香甜，但没有提到纤维含量，这与玩家1、2、3的描述形成对比。

在水果类中，有一个词“榴莲”符合玩家4的描述特点：榴莲通常被描述为皮薄核小，果肉软糯，味道香甜，而且它的纤维含量相对较高，这与玩家1、2、3描述的纤维含量较低的特点相矛盾。

因此，基于描述中的不一致之处，以及考虑到词语分类为<水果>，我推断玩家4可能是卧底，他的关键词是“榴莲”。
2024-12-13 17:40:44,697 - 4 - INFO - **********JUDGER**********
你刚刚的推断是根据分析中提到的不一致之处，我们可以进行以下推断：

- 玩家1、2和3的描述都指向了某种纤维含量较低、口感软糯、味道甜美的水果，这可能是像橙子、香蕉或桃子这样的水果。
- 玩家4的描述中提到了皮薄核小和味道香甜，但没有提到纤维含量，这与玩家1、2、3的描述形成对比。

在水果类中，有一个词“榴莲”符合玩家4的描述特点：榴莲通常被描述为皮薄核小，果肉软糯，味道香甜，而且它的纤维含量相对较高，这与玩家1、2、3描述的纤维含量较低的特点相矛盾。

因此，基于描述中的不一致之处，以及考虑到词语分类为<水果>，我推断玩家4可能是卧底，他的关键词是“榴莲”。|| 基于你刚刚的推断得出你的最终结论，请输出你认为的卧底，在这种情况下只需要输出编号，是1-4中的某个数字，不要输出其他信息。在这个过程不要进行任何推理，只对||以前的部分进行信息提取
2024-12-13 17:40:45,403 - 4 - INFO - **********PLAYER4**********
4
2024-12-13 17:40:50,530 - 4 - INFO - **********JUDGER**********
玩家1说：这个水果通常呈黄色或橙色，味道甜美多汁。在水果类中，它以其独特的纤维质地而闻名。这种水果在成熟时呈现出鲜艳的黄色，汁液丰富，口感非常丝滑。它富含多种维生素，对于身体非常有益。玩家2说：这种水果富含维生素，形状圆润，果肉细腻。它在同类水果中特别之处在于它的纤维较少，口感较为软糯。这种水果在成熟后，其皮肤会呈现出诱人的金黄色，汁液丰富，甜度适中。它通常带有独特的香气，能够吸引人的食欲。在同类水果中，它的最大特点是皮薄易剥，食用方便。玩家3说：这种水果皮薄核小，果肉软糯，味道香甜。在同类水果中，它最突出的不同特征是纤维含量较低。这种水果在成熟时呈现出诱人的金黄色，汁液丰富，甜度适中。它的香气浓郁，能够吸引人的食欲，且皮薄易剥，食用方便。玩家4说：这种水果外形圆润，颜色鲜艳，多汁多水。在同类水果中，它最特别的地方是纤维含量较低，口感更为细腻。你是第4号玩家，你的关键词是<榴莲>。你的回答中绝对不能包含你的关键词<榴莲>。这是第二轮描述，你之前的描述是这种水果外形圆润，颜色鲜艳，多汁多水。在同类水果中，它最特别的地方是纤维含量较低，口感更为细腻。，注意，这局游戏的词语分类为<水果>，卧底词和平民词都属于该类，请你补充关于关键词的描述，注意，你的描述应该比起之前的描述更加贴近关键词，作为之前的补充
2024-12-13 17:40:53,201 - 4 - INFO - **********PLAYER4**********
这种水果在成熟时，其香气独特，能够强烈地吸引人的注意力。它的果肉结构紧密，甜度适中，且具有一种独特的风味。
2024-12-13 17:42:00,974 - 4 - INFO - **********JUDGER**********
玩家1说：这个水果通常呈黄色或橙色，味道甜美多汁。在水果类中，它以其独特的纤维质地而闻名。这种水果在成熟时呈现出鲜艳的黄色，汁液丰富，口感非常丝滑。它富含多种维生素，对于身体非常有益。玩家2说：这种水果富含维生素，形状圆润，果肉细腻。它在同类水果中特别之处在于它的纤维较少，口感较为软糯。这种水果在成熟后，其皮肤会呈现出诱人的金黄色，汁液丰富，甜度适中。它通常带有独特的香气，能够吸引人的食欲。在同类水果中，它的最大特点是皮薄易剥，食用方便。玩家3说：这种水果皮薄核小，果肉软糯，味道香甜。在同类水果中，它最突出的不同特征是纤维含量较低。这种水果在成熟时呈现出诱人的金黄色，汁液丰富，甜度适中。它的香气浓郁，能够吸引人的食欲，且皮薄易剥，食用方便。玩家4说：这种水果外形圆润，颜色鲜艳，多汁多水。在同类水果中，它最特别的地方是纤维含量较低，口感更为细腻。||在这个游戏中，我们需要通过分析每位玩家的描述来找出卧底。通常，平民的描述会围绕相同的词语展开，而卧底的描述可能会因为词语的不同而显得不太一致。我们需要仔细比较每个描述之间的相似性和差异性，以找出可能的卧底，注意，卧底并不会隐藏自己，他会直接描述他的词语，现在，逐一分析每个玩家的描述，注意，这局游戏的词语分类为<水果>，卧底词和平民词都属于该类。||之前是第2轮描述和之前轮数描述的合集。你之前认为的卧底是玩家4。
2024-12-13 17:42:18,670 - 4 - INFO - **********PLAYER4**********
根据第二轮描述和之前的描述，我们可以看到以下情况：

- 玩家1、2、3的描述都集中在水果的黄色、甜度适中、纤维含量较低、口感软糯、皮薄易剥、香气浓郁等特点上。
- 玩家4的描述也提到了水果的圆润外形、颜色鲜艳、多汁多水、纤维含量较低、口感细腻，但没有提到甜度适中、皮薄易剥和香气浓郁这些特点。

尽管玩家4的描述在纤维含量和口感上与玩家1、2、3有相似之处，但缺乏关于甜度、皮薄和香气的描述，这与其他玩家的描述存在差异。因此，基于这些描述的相似性和差异性，玩家4的描述仍然可能更接近卧底词。

然而，如果我的最初推断是基于描述的不一致之处，那么现在的情况似乎并没有显著改变。玩家4的描述仍然没有完全符合其他玩家的描述模式，尤其是在甜度、皮薄和香气这些方面。

因此，基于第二轮描述的分析，我仍然认为玩家4可能是卧底。
2024-12-13 17:42:18,671 - 4 - INFO - **********JUDGER**********
你刚刚的分析是根据第二轮描述和之前的描述，我们可以看到以下情况：

- 玩家1、2、3的描述都集中在水果的黄色、甜度适中、纤维含量较低、口感软糯、皮薄易剥、香气浓郁等特点上。
- 玩家4的描述也提到了水果的圆润外形、颜色鲜艳、多汁多水、纤维含量较低、口感细腻，但没有提到甜度适中、皮薄易剥和香气浓郁这些特点。

尽管玩家4的描述在纤维含量和口感上与玩家1、2、3有相似之处，但缺乏关于甜度、皮薄和香气的描述，这与其他玩家的描述存在差异。因此，基于这些描述的相似性和差异性，玩家4的描述仍然可能更接近卧底词。

然而，如果我的最初推断是基于描述的不一致之处，那么现在的情况似乎并没有显著改变。玩家4的描述仍然没有完全符合其他玩家的描述模式，尤其是在甜度、皮薄和香气这些方面。

因此，基于第二轮描述的分析，我仍然认为玩家4可能是卧底。|| `请根据上述分析，比较描述以找出不一致之处，注意，这局游戏的词语分类为<水果>，卧底词和平民词都属于该类。
2024-12-13 17:42:27,397 - 4 - INFO - **********PLAYER4**********
根据上述分析，不一致之处如下：

- 玩家1、2、3的描述中都提到了“甜度适中”，而玩家4的描述中没有提及甜度。
- 玩家1、2、3的描述中都提到了“皮薄易剥”，而玩家4的描述中没有提及皮薄易剥。
- 玩家1、2、3的描述中都提到了“香气浓郁”，而玩家4的描述中没有提及香气。

这些点是玩家4描述与其他玩家描述不一致的地方，尤其是在描述水果的感官特征时。这些差异可能表明玩家4的词语与玩家1、2、3的词语有所不同，从而可能指向玩家4是卧底。
2024-12-13 17:42:27,398 - 4 - INFO - **********JUDGER**********
你刚刚的分析是根据上述分析，不一致之处如下：

- 玩家1、2、3的描述中都提到了“甜度适中”，而玩家4的描述中没有提及甜度。
- 玩家1、2、3的描述中都提到了“皮薄易剥”，而玩家4的描述中没有提及皮薄易剥。
- 玩家1、2、3的描述中都提到了“香气浓郁”，而玩家4的描述中没有提及香气。

这些点是玩家4描述与其他玩家描述不一致的地方，尤其是在描述水果的感官特征时。这些差异可能表明玩家4的词语与玩家1、2、3的词语有所不同，从而可能指向玩家4是卧底。|| 请通过你分析的不一致之处，推断卧底身份，注意，这局游戏的词语分类为<水果>，卧底词和平民词都属于该类。
2024-12-13 17:42:29,463 - 4 - INFO - **********PLAYER4**********
基于分析的不一致之处，结合词语分类为<水果>，我推断卧底身份是玩家4。
2024-12-13 17:42:29,465 - 4 - INFO - **********JUDGER**********
你刚刚的推断是基于分析的不一致之处，结合词语分类为<水果>，我推断卧底身份是玩家4。|| 基于你刚刚的推断得出你的最终结论，请输出你认为的卧底，在这种情况下只需要输出编号，是1-4中的某个数字，不要输出其他信息。在这个过程不要进行任何推理，只对||以前的部分进行信息提取
2024-12-13 17:42:30,309 - 4 - INFO - **********PLAYER4**********
4
2024-12-13 17:42:44,147 - 4 - INFO - **********JUDGER**********
玩家1说：这个水果通常呈黄色或橙色，味道甜美多汁。在水果类中，它以其独特的纤维质地而闻名。这种水果在成熟时呈现出鲜艳的黄色，汁液丰富，口感非常丝滑。它富含多种维生素，对于身体非常有益。这种水果在食用时，其甜味与酸味完美结合，给人一种清新爽口的感觉。它的肉质细腻，口感柔滑，非常适合作为解渴和补充能量的水果。玩家2说：这种水果富含维生素，形状圆润，果肉细腻。它在同类水果中特别之处在于它的纤维较少，口感较为软糯。这种水果在成熟后，其皮肤会呈现出诱人的金黄色，汁液丰富，甜度适中。它通常带有独特的香气，能够吸引人的食欲。在同类水果中，它的最大特点是皮薄易剥，食用方便。这种水果的肉质在未成熟时较为坚硬，但随着成熟度的增加，它会变得柔软而多汁。它的香气浓郁，能够远距离吸引人的注意，而且在食用时，它的甜味和酸味达到了完美的平衡，给人一种清新爽口的感觉。此外，它的果实形状通常较为扁平，与常见的圆形水果不同。玩家3说：这种水果皮薄核小，果肉软糯，味道香甜。在同类水果中，它最突出的不同特征是纤维含量较低。这种水果在成熟时呈现出诱人的金黄色，汁液丰富，甜度适中。它的香气浓郁，能够吸引人的食欲，且皮薄易剥，食用方便。这种水果在成熟时散发出迷人的香气，甜度适中，果肉质地细腻，口感滑润。它的果实大小适中，形状略呈卵形，颜色由绿转黄，皮薄易剥，核小无渣。在同类水果中，它的纤维含量相对较低，食用时口感更加顺滑。玩家4说：这种水果外形圆润，颜色鲜艳，多汁多水。在同类水果中，它最特别的地方是纤维含量较低，口感更为细腻。这种水果在成熟时，其香气独特，能够强烈地吸引人的注意力。它的果肉结构紧密，甜度适中，且具有一种独特的风味。你是第4号玩家，你的关键词是<榴莲>。你的回答中绝对不能包含你的关键词<榴莲>。这是第三轮描述，你之前的描述是这种水果外形圆润，颜色鲜艳，多汁多水。在同类水果中，它最特别的地方是纤维含量较低，口感更为细腻。和这种水果在成熟时，其香气独特，能够强烈地吸引人的注意力。它的果肉结构紧密，甜度适中，且具有一种独特的风味。，注意，这局游戏的词语分类为<水果>，卧底词和平民词都属于该类，请你补充关于关键词的描述，注意，你的描述应该比起之前的描述更加贴近关键词，作为之前的补充
2024-12-13 17:42:48,355 - 4 - INFO - **********PLAYER4**********
这种水果的香气非常浓郁，散发出一种强烈而独特的气味，这种气味有时会让人感到非常强烈，以至于即使不看到它，也能闻到它的存在。它的果肉质地柔软，虽然不是特别细腻，但有着明显的层次感，且在成熟时甜度较高。
2024-12-13 17:43:50,630 - 4 - INFO - **********JUDGER**********
玩家1说：这个水果通常呈黄色或橙色，味道甜美多汁。在水果类中，它以其独特的纤维质地而闻名。这种水果在成熟时呈现出鲜艳的黄色，汁液丰富，口感非常丝滑。它富含多种维生素，对于身体非常有益。这种水果在食用时，其甜味与酸味完美结合，给人一种清新爽口的感觉。它的肉质细腻，口感柔滑，非常适合作为解渴和补充能量的水果。玩家2说：这种水果富含维生素，形状圆润，果肉细腻。它在同类水果中特别之处在于它的纤维较少，口感较为软糯。这种水果在成熟后，其皮肤会呈现出诱人的金黄色，汁液丰富，甜度适中。它通常带有独特的香气，能够吸引人的食欲。在同类水果中，它的最大特点是皮薄易剥，食用方便。这种水果的肉质在未成熟时较为坚硬，但随着成熟度的增加，它会变得柔软而多汁。它的香气浓郁，能够远距离吸引人的注意，而且在食用时，它的甜味和酸味达到了完美的平衡，给人一种清新爽口的感觉。此外，它的果实形状通常较为扁平，与常见的圆形水果不同。玩家3说：这种水果皮薄核小，果肉软糯，味道香甜。在同类水果中，它最突出的不同特征是纤维含量较低。这种水果在成熟时呈现出诱人的金黄色，汁液丰富，甜度适中。它的香气浓郁，能够吸引人的食欲，且皮薄易剥，食用方便。这种水果在成熟时散发出迷人的香气，甜度适中，果肉质地细腻，口感滑润。它的果实大小适中，形状略呈卵形，颜色由绿转黄，皮薄易剥，核小无渣。在同类水果中，它的纤维含量相对较低，食用时口感更加顺滑。玩家4说：这种水果外形圆润，颜色鲜艳，多汁多水。在同类水果中，它最特别的地方是纤维含量较低，口感更为细腻。这种水果在成熟时，其香气独特，能够强烈地吸引人的注意力。它的果肉结构紧密，甜度适中，且具有一种独特的风味。这种水果的香气非常浓郁，散发出一种强烈而独特的气味，这种气味有时会让人感到非常强烈，以至于即使不看到它，也能闻到它的存在。它的果肉质地柔软，虽然不是特别细腻，但有着明显的层次感，且在成熟时甜度较高。||在这个游戏中，我们需要通过分析每位玩家的描述来找出卧底。通常，平民的描述会围绕相同的词语展开，而卧底的描述可能会因为词语的不同而显得不太一致。我们需要仔细比较每个描述之间的相似性和差异性，以找出可能的卧底，注意，卧底并不会隐藏自己，他会直接描述他的词语，现在，逐一分析每个玩家的描述，注意，这局游戏的词语分类为<水果>，卧底词和平民词都属于该类。||之前是第3轮描述和之前轮数描述的合集。你之前认为的卧底是玩家4。
2024-12-13 17:44:08,082 - 4 - INFO - **********PLAYER4**********
在第三轮描述中，我们可以看到以下情况：

- 玩家1描述的是一种黄色或橙色的水果，味道甜美多汁，具有独特的纤维质地，甜味与酸味结合，肉质细腻，适合解渴和补充能量。
- 玩家2描述的是一种富含维生素的水果，形状圆润，果肉细腻，纤维较少，口感软糯，成熟时皮肤金黄色，香气独特，皮薄易剥，形状扁平。
- 玩家3描述的是一种皮薄核小，果肉软糯，味道香甜的水果，纤维含量较低，成熟时金黄色，香气浓郁，形状略呈卵形，颜色由绿转黄。
- 玩家4描述的是一种外形圆润，颜色鲜艳，多汁多水的果实，纤维含量较低，口感细腻，香气独特，甜度适中，果肉质地柔软，层次感明显。

玩家4的描述与其他玩家的描述在几个关键点上存在差异：

1. 玩家4没有提到纤维含量，而玩家1、2、3都强调了纤维含量。
2. 玩家4没有提到形状扁平或卵形，而玩家2提到了扁平形状，玩家3提到了卵形形状。
3. 玩家4没有提到皮薄易剥，而玩家2和玩家3都提到了这一点。

这些差异表明玩家4的描述可能与卧底词更接近。因此，基于第三轮描述的分析，我仍然认为玩家4可能是卧底。
2024-12-13 17:44:08,085 - 4 - INFO - **********JUDGER**********
你刚刚的分析是在第三轮描述中，我们可以看到以下情况：

- 玩家1描述的是一种黄色或橙色的水果，味道甜美多汁，具有独特的纤维质地，甜味与酸味结合，肉质细腻，适合解渴和补充能量。
- 玩家2描述的是一种富含维生素的水果，形状圆润，果肉细腻，纤维较少，口感软糯，成熟时皮肤金黄色，香气独特，皮薄易剥，形状扁平。
- 玩家3描述的是一种皮薄核小，果肉软糯，味道香甜的水果，纤维含量较低，成熟时金黄色，香气浓郁，形状略呈卵形，颜色由绿转黄。
- 玩家4描述的是一种外形圆润，颜色鲜艳，多汁多水的果实，纤维含量较低，口感细腻，香气独特，甜度适中，果肉质地柔软，层次感明显。

玩家4的描述与其他玩家的描述在几个关键点上存在差异：

1. 玩家4没有提到纤维含量，而玩家1、2、3都强调了纤维含量。
2. 玩家4没有提到形状扁平或卵形，而玩家2提到了扁平形状，玩家3提到了卵形形状。
3. 玩家4没有提到皮薄易剥，而玩家2和玩家3都提到了这一点。

这些差异表明玩家4的描述可能与卧底词更接近。因此，基于第三轮描述的分析，我仍然认为玩家4可能是卧底。|| `请根据上述分析，比较描述以找出不一致之处，注意，这局游戏的词语分类为<水果>，卧底词和平民词都属于该类。
2024-12-13 17:44:14,486 - 4 - INFO - **********PLAYER4**********
根据上述分析，不一致之处如下：

1. 纤维含量：玩家1、2、3的描述中都提到了纤维含量，而玩家4的描述中没有提及纤维含量。
2. 形状描述：玩家2描述了扁平形状，玩家3描述了卵形形状，而玩家4只提到了圆润外形，没有提及扁平或卵形。
3. 皮薄易剥：玩家2和玩家3的描述中都提到了皮薄易剥，而玩家4没有提及这一点。

这些不一致之处表明玩家4的描述在细节上与其他玩家的描述有所不同，这可能意味着玩家4的词语与卧底词更为接近。
2024-12-13 17:44:14,487 - 4 - INFO - **********JUDGER**********
你刚刚的分析是根据上述分析，不一致之处如下：

1. 纤维含量：玩家1、2、3的描述中都提到了纤维含量，而玩家4的描述中没有提及纤维含量。
2. 形状描述：玩家2描述了扁平形状，玩家3描述了卵形形状，而玩家4只提到了圆润外形，没有提及扁平或卵形。
3. 皮薄易剥：玩家2和玩家3的描述中都提到了皮薄易剥，而玩家4没有提及这一点。

这些不一致之处表明玩家4的描述在细节上与其他玩家的描述有所不同，这可能意味着玩家4的词语与卧底词更为接近。|| 请通过你分析的不一致之处，推断卧底身份，注意，这局游戏的词语分类为<水果>，卧底词和平民词都属于该类。
2024-12-13 17:44:16,187 - 4 - INFO - **********PLAYER4**********
4
2024-12-13 17:44:16,188 - 4 - INFO - **********JUDGER**********
你刚刚的推断是4|| 基于你刚刚的推断得出你的最终结论，请输出你认为的卧底，在这种情况下只需要输出编号，是1-4中的某个数字，不要输出其他信息。在这个过程不要进行任何推理，只对||以前的部分进行信息提取
2024-12-13 17:44:17,400 - 4 - INFO - **********PLAYER4**********
4
2024-12-13 17:44:17,401 - 4 - INFO - **********JUDGER**********
你认为卧底是你自己。你现在需要随便选一个人投票。请输出一个数字，是1-4中的某个数字，但这个数字不能是4，不要输出其他信息。
2024-12-13 17:44:18,701 - 4 - INFO - **********PLAYER4**********
1
