2024-12-13 15:10:08,736 - 1 - INFO - **********JUDGER**********
让我们来玩一个叫做<谁是卧底>的推理游戏。基本规则：<人数>：4人。<角色分配>：每位玩家随机抽取一个词语，3名玩家拿到的词语是相同的（平民词），1名玩家拿到与之相近但不同的词语（卧底词）。<游戏流程>：1、玩家轮流描述自己的词语，但<不能>直接说出词语本身。2、描述完毕后，投票选出最像卧底的玩家。3、每轮结束后，被投票选出的玩家出局，不能再进行描述或投票。4、每轮投票结束后，如果卧底被成功找出，平民方获胜；如果卧底未被找出且卧底人数等于或超过平民人数，则卧底方获胜。你将扮演一个<玩家>，请等待你被分配到的关键词。如果你听懂了，只回答，"好的，我准备好参加游戏了"，不要输出别的信息
2024-12-13 15:10:10,431 - 1 - INFO - **********PLAYER1**********
好的，我准备好参加游戏了
2024-12-13 15:10:14,627 - 1 - INFO - **********JUDGER**********
玩家1说：玩家2说：玩家3说：玩家4说：|| 你是第1号玩家，你的关键词是<葡萄>。你的回答中绝对不能包含你的关键词<葡萄>。这是第一轮描述，不需要分析||之前别的玩家的描述，请你描述关键词基本特征，注意，这局游戏的词语分类为<水果>，卧底词和平民词都属于该类，描述包括以下两点，1.他的基本特征是什么2.他在该类（水果）中最突出不同的特征是什么，尽量简短
2024-12-13 15:10:17,216 - 1 - INFO - **********PLAYER1**********
这是一个甜美多汁的水果，它在水果类中以其独特的紫色外观而闻名。与其他水果相比，它在口感上可能更偏向于多汁和略有酸味。
2024-12-13 15:10:26,840 - 1 - INFO - **********JUDGER**********
玩家1说：这是一个甜美多汁的水果，它在水果类中以其独特的紫色外观而闻名。与其他水果相比，它在口感上可能更偏向于多汁和略有酸味。玩家2说：这是一个富含水分的水果，通常呈金黄色，表面有细小的条纹。它以其独特的香味和口感而受到喜爱，其中含有丰富的维生素C。在同类水果中，它最突出的不同特征是它通常含有三片明显的“心脏”，这是其果肉分布的显著特点。玩家3说：这是一个多汁的果实，通常呈紫红色，表面有细小的种子。在同类水果中，它最突出的不同特征是它的果实呈串状，每个果实都紧密相连。玩家4说：||在这个游戏中，我们需要通过分析每位玩家的描述来找出卧底。通常，平民的描述会围绕相同的词语展开，而卧底的描述可能会因为词语的不同而显得不太一致。我们需要仔细比较每个描述之间的相似性和差异性，以找出可能的卧底，注意，卧底并不会隐藏自己，他会直接描述他的词语，现在，逐一分析每个玩家的描述，注意，这局游戏的词语分类为<水果>，卧底词和平民词都属于该类。这是第一轮描述。
2024-12-13 15:10:45,598 - 1 - INFO - **********PLAYER1**********
作为玩家1，我会这样回答：

玩家2的描述中提到的“金黄色”和“三片明显的‘心脏’”与我的关键词不符，这表明玩家2可能是卧底。玩家3的描述中提到的“紫红色”和“串状”果实也与我的关键词不匹配，因此玩家3也可能是卧底。玩家4的描述虽然提供了一个分析框架，但并没有提供任何关于关键词的直接信息，所以目前无法判断玩家4是否是卧底。

综上所述，玩家2和玩家3的描述与我的关键词不吻合，而玩家4没有提供具体的描述，因此我认为玩家2和玩家3是卧底候选人。我会投票给其中一位，基于直觉或者更多的信息，比如接下来的描述。
2024-12-13 15:10:45,599 - 1 - INFO - **********JUDGER**********
你刚刚的分析是作为玩家1，我会这样回答：

玩家2的描述中提到的“金黄色”和“三片明显的‘心脏’”与我的关键词不符，这表明玩家2可能是卧底。玩家3的描述中提到的“紫红色”和“串状”果实也与我的关键词不匹配，因此玩家3也可能是卧底。玩家4的描述虽然提供了一个分析框架，但并没有提供任何关于关键词的直接信息，所以目前无法判断玩家4是否是卧底。

综上所述，玩家2和玩家3的描述与我的关键词不吻合，而玩家4没有提供具体的描述，因此我认为玩家2和玩家3是卧底候选人。我会投票给其中一位，基于直觉或者更多的信息，比如接下来的描述。|| `请根据上述分析，比较描述以找出不一致之处，注意，这局游戏的词语分类为<水果>，卧底词和平民词都属于该类。
2024-12-13 15:10:54,887 - 1 - INFO - **********PLAYER1**********
在比较四位玩家的描述时，我们可以注意到以下不一致之处：

1. 玩家2描述了“金黄色”和“三片明显的‘心脏’”，这与我手中的关键词“葡萄”不符，因为葡萄是紫色的，并且没有“心脏”这一特征。

2. 玩家3描述了“紫红色”和“串状”果实，这同样与葡萄的特征不符，因为葡萄是紫色的，但通常是单个生长，不是串状。

3. 玩家4的描述没有提供具体的水果特征，只是提供了一个分析框架，因此无法直接判断其是否与我的关键词相符。

基于以上分析，玩家2和玩家3的描述与“葡萄”这一水果的特征不一致，而玩家4没有提供具体信息。因此，不一致之处主要体现在颜色和生长形态上，这可能是判断卧底的关键点。如果其他玩家没有注意到这些差异，或者他们的描述与我的关键词更加吻合，那么我可能会重新考虑我的投票选择。
2024-12-13 15:10:54,888 - 1 - INFO - **********JUDGER**********
你刚刚的分析是在比较四位玩家的描述时，我们可以注意到以下不一致之处：

1. 玩家2描述了“金黄色”和“三片明显的‘心脏’”，这与我手中的关键词“葡萄”不符，因为葡萄是紫色的，并且没有“心脏”这一特征。

2. 玩家3描述了“紫红色”和“串状”果实，这同样与葡萄的特征不符，因为葡萄是紫色的，但通常是单个生长，不是串状。

3. 玩家4的描述没有提供具体的水果特征，只是提供了一个分析框架，因此无法直接判断其是否与我的关键词相符。

基于以上分析，玩家2和玩家3的描述与“葡萄”这一水果的特征不一致，而玩家4没有提供具体信息。因此，不一致之处主要体现在颜色和生长形态上，这可能是判断卧底的关键点。如果其他玩家没有注意到这些差异，或者他们的描述与我的关键词更加吻合，那么我可能会重新考虑我的投票选择。|| 请通过你分析的不一致之处，推断卧底身份，注意，这局游戏的词语分类为<水果>，卧底词和平民词都属于该类。
2024-12-13 15:11:06,637 - 1 - INFO - **********PLAYER1**********
根据我作为玩家1的分析，以下是我的推断：

1. 玩家2描述的“金黄色”和“三片明显的‘心脏’”明显与葡萄不符，因为葡萄是紫色的，且没有所谓的“心脏”。这强烈暗示玩家2可能是卧底，因为他描述的特征与葡萄这一水果的特征完全不同。

2. 玩家3描述的“紫红色”和“串状”果实也不符合葡萄的特征。虽然葡萄确实是紫红色的，但它们通常不是串状生长的，而是单个或成小串。这表明玩家3的描述可能也存在误导，他可能是卧底。

3. 玩家4的描述没有提供具体的水果特征，只是提供了一个分析框架，因此无法直接判断其是否与我的关键词相符。然而，如果玩家4的描述与葡萄的特征非常吻合，那么他可能是平民；如果与葡萄的特征不符，他可能是卧底。

综合以上信息，玩家2和玩家3的描述与葡萄的特征存在明显的不一致，而玩家4没有给出具体特征，因此我认为玩家2和玩家3中至少有一位是卧底。考虑到玩家2的描述与葡萄特征差异最大，我会倾向于推断玩家2是卧底。然而，最终决定还需要结合其他玩家的描述和游戏进展来确认。
2024-12-13 15:11:06,639 - 1 - INFO - **********JUDGER**********
你刚刚的推断是根据我作为玩家1的分析，以下是我的推断：

1. 玩家2描述的“金黄色”和“三片明显的‘心脏’”明显与葡萄不符，因为葡萄是紫色的，且没有所谓的“心脏”。这强烈暗示玩家2可能是卧底，因为他描述的特征与葡萄这一水果的特征完全不同。

2. 玩家3描述的“紫红色”和“串状”果实也不符合葡萄的特征。虽然葡萄确实是紫红色的，但它们通常不是串状生长的，而是单个或成小串。这表明玩家3的描述可能也存在误导，他可能是卧底。

3. 玩家4的描述没有提供具体的水果特征，只是提供了一个分析框架，因此无法直接判断其是否与我的关键词相符。然而，如果玩家4的描述与葡萄的特征非常吻合，那么他可能是平民；如果与葡萄的特征不符，他可能是卧底。

综合以上信息，玩家2和玩家3的描述与葡萄的特征存在明显的不一致，而玩家4没有给出具体特征，因此我认为玩家2和玩家3中至少有一位是卧底。考虑到玩家2的描述与葡萄特征差异最大，我会倾向于推断玩家2是卧底。然而，最终决定还需要结合其他玩家的描述和游戏进展来确认。|| 基于你刚刚的推断得出你的最终结论，请输出你认为的卧底，在这种情况下只需要输出编号，是1-4中的某个数字，不要输出其他信息。在这个过程不要进行任何推理，只对||以前的部分进行信息提取
2024-12-13 15:11:07,938 - 1 - INFO - **********PLAYER1**********
2
2024-12-13 15:12:48,897 - 1 - INFO - **********JUDGER**********
玩家1说：这是一个甜美多汁的水果，它在水果类中以其独特的紫色外观而闻名。与其他水果相比，它在口感上可能更偏向于多汁和略有酸味。玩家2说：这是一个富含水分的水果，通常呈金黄色，表面有细小的条纹。它以其独特的香味和口感而受到喜爱，其中含有丰富的维生素C。在同类水果中，它最突出的不同特征是它通常含有三片明显的“心脏”，这是其果肉分布的显著特点。玩家3说：这是一个多汁的果实，通常呈紫红色，表面有细小的种子。在同类水果中，它最突出的不同特征是它的果实呈串状，每个果实都紧密相连。玩家4说：这是一个多汁的水果，通常呈紫红色，表面光滑。它在同类水果中最突出的不同特征是它的果实呈串状，每个果实都紧密相连。你是第1号玩家，你的关键词是<葡萄>。你的回答中绝对不能包含你的关键词<葡萄>。这是第二轮描述，你之前的描述是这是一个甜美多汁的水果，它在水果类中以其独特的紫色外观而闻名。与其他水果相比，它在口感上可能更偏向于多汁和略有酸味。，注意，这局游戏的词语分类为<水果>，卧底词和平民词都属于该类，请你补充关于关键词的描述，注意，你的描述应该比起之前的描述更加贴近关键词，作为之前的补充
2024-12-13 15:12:51,833 - 1 - INFO - **********PLAYER1**********
这个水果有着丰富的汁液，其颜色深邃，给人以视觉上的吸引力。在品尝时，它可能带有一丝清爽的酸味，增添了一份独特的风味。
2024-12-13 15:13:03,550 - 1 - INFO - **********JUDGER**********
玩家1说：这是一个甜美多汁的水果，它在水果类中以其独特的紫色外观而闻名。与其他水果相比，它在口感上可能更偏向于多汁和略有酸味。这个水果有着丰富的汁液，其颜色深邃，给人以视觉上的吸引力。在品尝时，它可能带有一丝清爽的酸味，增添了一份独特的风味。玩家2说：这是一个富含水分的水果，通常呈金黄色，表面有细小的条纹。它以其独特的香味和口感而受到喜爱，其中含有丰富的维生素C。在同类水果中，它最突出的不同特征是它通常含有三片明显的“心脏”，这是其果肉分布的显著特点。这个水果在水果界以其丰富的汁液和独特的香味而著称，它的质地柔软，口感清新。它通常呈现出明亮的黄色，表面带有明显的叶痕，这是它独有的外观特征。在同类水果中，它以其甜美的味道和容易剥皮的特点而受到喜爱。玩家3说：这是一个多汁的果实，通常呈紫红色，表面有细小的种子。在同类水果中，它最突出的不同特征是它的果实呈串状，每个果实都紧密相连。这个水果的汁液丰富，味道甘甜，有着独特的风味。它的外观通常是紫红色的，表面光滑，没有明显的条纹。在同类水果中，它以其果实紧密相连的串状结构而著称，这种结构使其在视觉上非常吸引人。玩家4说：这是一个多汁的水果，通常呈紫红色，表面光滑。它在同类水果中最突出的不同特征是它的果实呈串状，每个果实都紧密相连。||在这个游戏中，我们需要通过分析每位玩家的描述来找出卧底。通常，平民的描述会围绕相同的词语展开，而卧底的描述可能会因为词语的不同而显得不太一致。我们需要仔细比较每个描述之间的相似性和差异性，以找出可能的卧底，注意，卧底并不会隐藏自己，他会直接描述他的词语，现在，逐一分析每个玩家的描述，注意，这局游戏的词语分类为<水果>，卧底词和平民词都属于该类。||之前是第2轮描述和之前轮数描述的合集。你之前认为的卧底是玩家2。
2024-12-13 15:13:18,673 - 1 - INFO - **********PLAYER1**********
根据玩家2和玩家3的描述，我们可以进行以下分析：

玩家2的描述中提到了“金黄色”、“三片明显的‘心脏’”、“明亮的黄色”、“表面带有明显的叶痕”和“容易剥皮的特点”，这些特征与葡萄不符。葡萄是紫红色的，没有所谓的“心脏”，表面也没有叶痕，而且葡萄皮不容易剥皮。

玩家3的描述中提到了“紫红色”、“表面光滑”、“没有明显的条纹”和“果实呈串状，每个果实都紧密相连”，这些特征与葡萄相符，因为葡萄确实是紫红色的，表面光滑，且通常以串状生长。

玩家4的描述与玩家3的描述非常相似，也提到了“紫红色”、“表面光滑”和“果实呈串状，每个果实都紧密相连”，没有提到任何与葡萄不符的特征。

基于这些信息，如果之前的推断是基于玩家2的描述与葡萄特征不符，那么玩家3和玩家4的描述更加贴近葡萄的特征。因此，如果必须在这两位中选出卧底，我会重新考虑之前的推断，并可能认为玩家2不是卧底，而是玩家3或玩家4中的一位。由于玩家4的描述与玩家3几乎相同，我们可以推测玩家4可能是玩家3的帮凶，因此卧底更有可能是玩家3。但是，如果没有更多的信息，我们无法确定，只能根据现有描述进行推测。
2024-12-13 15:13:18,676 - 1 - INFO - **********JUDGER**********
你刚刚的分析是根据玩家2和玩家3的描述，我们可以进行以下分析：

玩家2的描述中提到了“金黄色”、“三片明显的‘心脏’”、“明亮的黄色”、“表面带有明显的叶痕”和“容易剥皮的特点”，这些特征与葡萄不符。葡萄是紫红色的，没有所谓的“心脏”，表面也没有叶痕，而且葡萄皮不容易剥皮。

玩家3的描述中提到了“紫红色”、“表面光滑”、“没有明显的条纹”和“果实呈串状，每个果实都紧密相连”，这些特征与葡萄相符，因为葡萄确实是紫红色的，表面光滑，且通常以串状生长。

玩家4的描述与玩家3的描述非常相似，也提到了“紫红色”、“表面光滑”和“果实呈串状，每个果实都紧密相连”，没有提到任何与葡萄不符的特征。

基于这些信息，如果之前的推断是基于玩家2的描述与葡萄特征不符，那么玩家3和玩家4的描述更加贴近葡萄的特征。因此，如果必须在这两位中选出卧底，我会重新考虑之前的推断，并可能认为玩家2不是卧底，而是玩家3或玩家4中的一位。由于玩家4的描述与玩家3几乎相同，我们可以推测玩家4可能是玩家3的帮凶，因此卧底更有可能是玩家3。但是，如果没有更多的信息，我们无法确定，只能根据现有描述进行推测。|| `请根据上述分析，比较描述以找出不一致之处，注意，这局游戏的词语分类为<水果>，卧底词和平民词都属于该类。
2024-12-13 15:13:35,227 - 1 - INFO - **********PLAYER1**********
根据上述分析，以下是不一致之处：

1. 玩家2的描述中提到的“金黄色”、“三片明显的‘心脏’”、“明亮的黄色”和“容易剥皮的特点”与葡萄的紫红色外观、无“心脏”特征和不易剥皮的属性不符。

2. 玩家3和玩家4的描述都提到了“紫红色”、“表面光滑”和“果实呈串状，每个果实都紧密相连”，这些特征与葡萄相符。

3. 玩家3的描述中提到了“没有明显的条纹”，而葡萄表面通常没有条纹，这一点与葡萄的特征一致。

4. 玩家4的描述中没有提到“没有明显的条纹”，这一点与葡萄的特征不完全一致，因为葡萄表面通常没有条纹。

综上所述，玩家2的描述与葡萄的特征存在明显的不一致，而玩家3和玩家4的描述虽然相似，但玩家4的描述缺少了关于葡萄表面特征的重要信息。这可能是判断卧底的关键点。
2024-12-13 15:13:35,228 - 1 - INFO - **********JUDGER**********
你刚刚的分析是根据上述分析，以下是不一致之处：

1. 玩家2的描述中提到的“金黄色”、“三片明显的‘心脏’”、“明亮的黄色”和“容易剥皮的特点”与葡萄的紫红色外观、无“心脏”特征和不易剥皮的属性不符。

2. 玩家3和玩家4的描述都提到了“紫红色”、“表面光滑”和“果实呈串状，每个果实都紧密相连”，这些特征与葡萄相符。

3. 玩家3的描述中提到了“没有明显的条纹”，而葡萄表面通常没有条纹，这一点与葡萄的特征一致。

4. 玩家4的描述中没有提到“没有明显的条纹”，这一点与葡萄的特征不完全一致，因为葡萄表面通常没有条纹。

综上所述，玩家2的描述与葡萄的特征存在明显的不一致，而玩家3和玩家4的描述虽然相似，但玩家4的描述缺少了关于葡萄表面特征的重要信息。这可能是判断卧底的关键点。|| 请通过你分析的不一致之处，推断卧底身份，注意，这局游戏的词语分类为<水果>，卧底词和平民词都属于该类。
2024-12-13 15:13:42,841 - 1 - INFO - **********PLAYER1**********
基于分析的不一致之处，我的推断是：

玩家2的描述中提到的特征与葡萄的特征不符，包括颜色、内部结构和剥皮特性，这表明玩家2很可能是卧底。

玩家3和玩家4的描述虽然相似，但玩家4没有提到葡萄表面通常没有条纹这一点，这可能是一个小的疏忽，但考虑到玩家2的描述与葡萄特征差异更大，玩家2作为卧底的可能性更高。

因此，我认为玩家2是卧底。
2024-12-13 15:13:42,842 - 1 - INFO - **********JUDGER**********
你刚刚的推断是基于分析的不一致之处，我的推断是：

玩家2的描述中提到的特征与葡萄的特征不符，包括颜色、内部结构和剥皮特性，这表明玩家2很可能是卧底。

玩家3和玩家4的描述虽然相似，但玩家4没有提到葡萄表面通常没有条纹这一点，这可能是一个小的疏忽，但考虑到玩家2的描述与葡萄特征差异更大，玩家2作为卧底的可能性更高。

因此，我认为玩家2是卧底。|| 基于你刚刚的推断得出你的最终结论，请输出你认为的卧底，在这种情况下只需要输出编号，是1-4中的某个数字，不要输出其他信息。在这个过程不要进行任何推理，只对||以前的部分进行信息提取
2024-12-13 15:13:44,857 - 1 - INFO - **********PLAYER1**********
2
2024-12-13 15:16:21,873 - 1 - INFO - **********JUDGER**********
玩家1说：这是一个甜美多汁的水果，它在水果类中以其独特的紫色外观而闻名。与其他水果相比，它在口感上可能更偏向于多汁和略有酸味。这个水果有着丰富的汁液，其颜色深邃，给人以视觉上的吸引力。在品尝时，它可能带有一丝清爽的酸味，增添了一份独特的风味。玩家2说：这是一个富含水分的水果，通常呈金黄色，表面有细小的条纹。它以其独特的香味和口感而受到喜爱，其中含有丰富的维生素C。在同类水果中，它最突出的不同特征是它通常含有三片明显的“心脏”，这是其果肉分布的显著特点。这个水果在水果界以其丰富的汁液和独特的香味而著称，它的质地柔软，口感清新。它通常呈现出明亮的黄色，表面带有明显的叶痕，这是它独有的外观特征。在同类水果中，它以其甜美的味道和容易剥皮的特点而受到喜爱。玩家3说：这是一个多汁的果实，通常呈紫红色，表面有细小的种子。在同类水果中，它最突出的不同特征是它的果实呈串状，每个果实都紧密相连。这个水果的汁液丰富，味道甘甜，有着独特的风味。它的外观通常是紫红色的，表面光滑，没有明显的条纹。在同类水果中，它以其果实紧密相连的串状结构而著称，这种结构使其在视觉上非常吸引人。玩家4说：这是一个多汁的水果，通常呈紫红色，表面光滑。它在同类水果中最突出的不同特征是它的果实呈串状，每个果实都紧密相连。这个水果的汁液非常丰富，它的味道甘甜，带有轻微的酸味，这种独特的口感让人回味无穷。在同类水果中，它以其甜美的风味和串状的结构而著称，这种串状的特点使得它在视觉上显得格外诱人。你是第1号玩家，你的关键词是<葡萄>。你的回答中绝对不能包含你的关键词<葡萄>。这是第三轮描述，你之前的描述是这是一个甜美多汁的水果，它在水果类中以其独特的紫色外观而闻名。与其他水果相比，它在口感上可能更偏向于多汁和略有酸味。和这个水果有着丰富的汁液，其颜色深邃，给人以视觉上的吸引力。在品尝时，它可能带有一丝清爽的酸味，增添了一份独特的风味。，注意，这局游戏的词语分类为<水果>，卧底词和平民词都属于该类，请你补充关于关键词的描述，注意，你的描述应该比起之前的描述更加贴近关键词，作为之前的补充
2024-12-13 15:16:25,707 - 1 - INFO - **********PLAYER1**********
这个水果的果实紧密排列，形成了一串串，每一颗果实都紧紧相连，这种串状结构是其显著特征。它的果实呈现出深邃的紫色，色泽诱人，同时口感多汁，酸中带甜，非常受人们喜爱。
2024-12-13 15:16:48,516 - 1 - INFO - **********JUDGER**********
玩家1说：这是一个甜美多汁的水果，它在水果类中以其独特的紫色外观而闻名。与其他水果相比，它在口感上可能更偏向于多汁和略有酸味。这个水果有着丰富的汁液，其颜色深邃，给人以视觉上的吸引力。在品尝时，它可能带有一丝清爽的酸味，增添了一份独特的风味。这个水果的果实紧密排列，形成了一串串，每一颗果实都紧紧相连，这种串状结构是其显著特征。它的果实呈现出深邃的紫色，色泽诱人，同时口感多汁，酸中带甜，非常受人们喜爱。玩家2说：这是一个富含水分的水果，通常呈金黄色，表面有细小的条纹。它以其独特的香味和口感而受到喜爱，其中含有丰富的维生素C。在同类水果中，它最突出的不同特征是它通常含有三片明显的“心脏”，这是其果肉分布的显著特点。这个水果在水果界以其丰富的汁液和独特的香味而著称，它的质地柔软，口感清新。它通常呈现出明亮的黄色，表面带有明显的叶痕，这是它独有的外观特征。在同类水果中，它以其甜美的味道和容易剥皮的特点而受到喜爱。这个水果通常呈金黄色，有着硬壳和锋利的棘刺，内部肉质柔软，富含汁液。它的香味浓郁，口感独特，既甜又酸，非常受欢迎。在水果界，它以其易于剥皮和食用方便而著称，通常在表面可以看到明显的叶痕和生长环，这些特征是其独有的外观特点。这种水果在烹饪中用途广泛，既可生食也可用于制作各种甜点。玩家3说：这是一个多汁的果实，通常呈紫红色，表面有细小的种子。在同类水果中，它最突出的不同特征是它的果实呈串状，每个果实都紧密相连。这个水果的汁液丰富，味道甘甜，有着独特的风味。它的外观通常是紫红色的，表面光滑，没有明显的条纹。在同类水果中，它以其果实紧密相连的串状结构而著称，这种结构使其在视觉上非常吸引人。这个水果的每一颗果实都紧密相连，形成了一串串，这种串状结构是其最显著的特征。它的果实呈现出深邃的紫色，色泽诱人，同时口感多汁，酸中带甜，非常受人们喜爱。在同类水果中，它的这种串状排列方式非常独特，使其在视觉上非常吸引人。玩家4说：这是一个多汁的水果，通常呈紫红色，表面光滑。它在同类水果中最突出的不同特征是它的果实呈串状，每个果实都紧密相连。这个水果的汁液非常丰富，它的味道甘甜，带有轻微的酸味，这种独特的口感让人回味无穷。在同类水果中，它以其甜美的风味和串状的结构而著称，这种串状的特点使得它在视觉上显得格外诱人。这是一个甜美多汁的水果，通常呈紫红色，表面有细小的种子。在同类水果中，它最突出的不同特征是它的果实呈串状，每个果实都紧密相连。||在这个游戏中，我们需要通过分析每位玩家的描述来找出卧底。通常，平民的描述会围绕相同的词语展开，而卧底的描述可能会因为词语的不同而显得不太一致。我们需要仔细比较每个描述之间的相似性和差异性，以找出可能的卧底，注意，卧底并不会隐藏自己，他会直接描述他的词语，现在，逐一分析每个玩家的描述，注意，这局游戏的词语分类为<水果>，卧底词和平民词都属于该类。||之前是第3轮描述和之前轮数描述的合集。你之前认为的卧底是玩家2。
2024-12-13 15:17:53,477 - 1 - INFO - **********PLAYER1**********
在分析每位玩家的描述后，以下是我的观察：

1. 玩家1的描述与葡萄的特征非常吻合，强调了葡萄的紫色外观、多汁、酸味和串状结构。

2. 玩家2的描述中提到了金黄色、三片明显的“心脏”、叶痕和硬壳，这些特征与葡萄不符，更像是柑橘类水果，如橙子。

3. 玩家3的描述与玩家1的描述相似，强调了葡萄的紫红色、串状结构和多汁甘甜的口感。

4. 玩家4的描述也与葡萄的特征相符，提到了紫红色、串状结构和多汁甘甜的口感，但没有提到酸味。

基于这些描述，玩家2的描述与葡萄的特征不一致，而玩家3和玩家4的描述与葡萄的特征更为吻合。因此，如果必须在这两位中选出卧底，我会倾向于认为玩家2是卧底，因为他描述的特征与葡萄不符。然而，玩家4的描述虽然没有提到酸味，但其他特征与葡萄相符，这可能意味着玩家4是平民。最终，我会投票给玩家2，因为他的描述与葡萄的特征差异最大。
2024-12-13 15:17:53,479 - 1 - INFO - **********JUDGER**********
你刚刚的分析是在分析每位玩家的描述后，以下是我的观察：

1. 玩家1的描述与葡萄的特征非常吻合，强调了葡萄的紫色外观、多汁、酸味和串状结构。

2. 玩家2的描述中提到了金黄色、三片明显的“心脏”、叶痕和硬壳，这些特征与葡萄不符，更像是柑橘类水果，如橙子。

3. 玩家3的描述与玩家1的描述相似，强调了葡萄的紫红色、串状结构和多汁甘甜的口感。

4. 玩家4的描述也与葡萄的特征相符，提到了紫红色、串状结构和多汁甘甜的口感，但没有提到酸味。

基于这些描述，玩家2的描述与葡萄的特征不一致，而玩家3和玩家4的描述与葡萄的特征更为吻合。因此，如果必须在这两位中选出卧底，我会倾向于认为玩家2是卧底，因为他描述的特征与葡萄不符。然而，玩家4的描述虽然没有提到酸味，但其他特征与葡萄相符，这可能意味着玩家4是平民。最终，我会投票给玩家2，因为他的描述与葡萄的特征差异最大。|| `请根据上述分析，比较描述以找出不一致之处，注意，这局游戏的词语分类为<水果>，卧底词和平民词都属于该类。
2024-12-13 15:18:02,953 - 1 - INFO - **********PLAYER1**********
根据上述分析，以下是不一致之处：

1. 玩家2的描述中提到的“金黄色”与葡萄的紫色外观不符。
2. 玩家2提到的“三片明显的‘心脏’”不是葡萄的特征。
3. 玩家2提到的“叶痕”和“硬壳”也不是葡萄的特征，这些特征更像是柑橘类水果。
4. 玩家4的描述中虽然提到了葡萄的紫红色和串状结构，但没有提到酸味，而葡萄通常被描述为略带酸味。

这些不一致之处表明玩家2的描述与葡萄的特征有显著差异，而玩家4虽然遗漏了酸味这一特征，但其他描述与葡萄相符。因此，玩家2的描述在特征上与葡萄最为不符。
2024-12-13 15:18:02,955 - 1 - INFO - **********JUDGER**********
你刚刚的分析是根据上述分析，以下是不一致之处：

1. 玩家2的描述中提到的“金黄色”与葡萄的紫色外观不符。
2. 玩家2提到的“三片明显的‘心脏’”不是葡萄的特征。
3. 玩家2提到的“叶痕”和“硬壳”也不是葡萄的特征，这些特征更像是柑橘类水果。
4. 玩家4的描述中虽然提到了葡萄的紫红色和串状结构，但没有提到酸味，而葡萄通常被描述为略带酸味。

这些不一致之处表明玩家2的描述与葡萄的特征有显著差异，而玩家4虽然遗漏了酸味这一特征，但其他描述与葡萄相符。因此，玩家2的描述在特征上与葡萄最为不符。|| 请通过你分析的不一致之处，推断卧底身份，注意，这局游戏的词语分类为<水果>，卧底词和平民词都属于该类。
2024-12-13 15:18:06,796 - 1 - INFO - **********PLAYER1**********
根据分析的不一致之处，我推断卧底是玩家2。他的描述中提到的金黄色、三片明显的“心脏”、叶痕和硬壳这些特征与葡萄不符，而其他玩家虽然描述中可能有细微的差别，但总体上与葡萄的特征相符。
2024-12-13 15:18:06,797 - 1 - INFO - **********JUDGER**********
你刚刚的推断是根据分析的不一致之处，我推断卧底是玩家2。他的描述中提到的金黄色、三片明显的“心脏”、叶痕和硬壳这些特征与葡萄不符，而其他玩家虽然描述中可能有细微的差别，但总体上与葡萄的特征相符。|| 基于你刚刚的推断得出你的最终结论，请输出你认为的卧底，在这种情况下只需要输出编号，是1-4中的某个数字，不要输出其他信息。在这个过程不要进行任何推理，只对||以前的部分进行信息提取
2024-12-13 15:18:08,703 - 1 - INFO - **********PLAYER1**********
2
