2024-12-13 15:10:12,046 - 3 - INFO - **********JUDGER**********
让我们来玩一个叫做<谁是卧底>的推理游戏。基本规则：<人数>：4人。<角色分配>：每位玩家随机抽取一个词语，3名玩家拿到的词语是相同的（平民词），1名玩家拿到与之相近但不同的词语（卧底词）。<游戏流程>：1、玩家轮流描述自己的词语，但<不能>直接说出词语本身。2、描述完毕后，投票选出最像卧底的玩家。3、每轮结束后，被投票选出的玩家出局，不能再进行描述或投票。4、每轮投票结束后，如果卧底被成功找出，平民方获胜；如果卧底未被找出且卧底人数等于或超过平民人数，则卧底方获胜。你将扮演一个<玩家>，请等待你被分配到的关键词。如果你听懂了，只回答，"好的，我准备好参加游戏了"，不要输出别的信息
2024-12-13 15:10:13,309 - 3 - INFO - **********PLAYER3**********
好的，我准备好参加游戏了
2024-12-13 15:10:20,717 - 3 - INFO - **********JUDGER**********
玩家1说：这是一个甜美多汁的水果，它在水果类中以其独特的紫色外观而闻名。与其他水果相比，它在口感上可能更偏向于多汁和略有酸味。玩家2说：这是一个富含水分的水果，通常呈金黄色，表面有细小的条纹。它以其独特的香味和口感而受到喜爱，其中含有丰富的维生素C。在同类水果中，它最突出的不同特征是它通常含有三片明显的“心脏”，这是其果肉分布的显著特点。玩家3说：玩家4说：|| 你是第3号玩家，你的关键词是<葡萄>。你的回答中绝对不能包含你的关键词<葡萄>。这是第一轮描述，不需要分析||之前别的玩家的描述，请你描述关键词基本特征，注意，这局游戏的词语分类为<水果>，卧底词和平民词都属于该类，描述包括以下两点，1.他的基本特征是什么2.他在该类（水果）中最突出不同的特征是什么，尽量简短
2024-12-13 15:10:24,027 - 3 - INFO - **********PLAYER3**********
这是一个多汁的果实，通常呈紫红色，表面有细小的种子。在同类水果中，它最突出的不同特征是它的果实呈串状，每个果实都紧密相连。
2024-12-13 15:11:47,460 - 3 - INFO - **********JUDGER**********
玩家1说：这是一个甜美多汁的水果，它在水果类中以其独特的紫色外观而闻名。与其他水果相比，它在口感上可能更偏向于多汁和略有酸味。玩家2说：这是一个富含水分的水果，通常呈金黄色，表面有细小的条纹。它以其独特的香味和口感而受到喜爱，其中含有丰富的维生素C。在同类水果中，它最突出的不同特征是它通常含有三片明显的“心脏”，这是其果肉分布的显著特点。玩家3说：这是一个多汁的果实，通常呈紫红色，表面有细小的种子。在同类水果中，它最突出的不同特征是它的果实呈串状，每个果实都紧密相连。玩家4说：||在这个游戏中，我们需要通过分析每位玩家的描述来找出卧底。通常，平民的描述会围绕相同的词语展开，而卧底的描述可能会因为词语的不同而显得不太一致。我们需要仔细比较每个描述之间的相似性和差异性，以找出可能的卧底，注意，卧底并不会隐藏自己，他会直接描述他的词语，现在，逐一分析每个玩家的描述，注意，这局游戏的词语分类为<水果>，卧底词和平民词都属于该类。这是第一轮描述。
2024-12-13 15:11:54,029 - 3 - INFO - **********PLAYER3**********
经过分析，玩家1、玩家3和玩家4的描述都指向了一种多汁、呈紫红色的水果，且提到了果实呈串状的特点。这种水果很可能是指葡萄。

然而，玩家2的描述提到了一种富含水分、呈金黄色的水果，表面有细小的条纹，且强调了其果肉分布的特点，即含有三片明显的“心脏”。这种描述与葡萄的特征不符，更像是另一种水果――柠檬。

因此，根据描述的差异性，玩家2的描述与葡萄的描述不一致，可能是卧底。
2024-12-13 15:11:54,031 - 3 - INFO - **********JUDGER**********
你刚刚的分析是经过分析，玩家1、玩家3和玩家4的描述都指向了一种多汁、呈紫红色的水果，且提到了果实呈串状的特点。这种水果很可能是指葡萄。

然而，玩家2的描述提到了一种富含水分、呈金黄色的水果，表面有细小的条纹，且强调了其果肉分布的特点，即含有三片明显的“心脏”。这种描述与葡萄的特征不符，更像是另一种水果――柠檬。

因此，根据描述的差异性，玩家2的描述与葡萄的描述不一致，可能是卧底。|| `请根据上述分析，比较描述以找出不一致之处，注意，这局游戏的词语分类为<水果>，卧底词和平民词都属于该类。
2024-12-13 15:11:59,913 - 3 - INFO - **********PLAYER3**********
根据上述分析，不一致之处如下：

1. 玩家1、玩家3和玩家4的描述都提到了“多汁”、“呈紫红色”和“果实呈串状”的特征，这些特征与葡萄相符。
2. 玩家2的描述提到了“富含水分”、“呈金黄色”和“表面有细小的条纹”，以及“含有三片明显的‘心脏’”，这些特征与葡萄不符，更像是柠檬。

因此，不一致之处在于玩家2的描述与其他三人的描述在水果的颜色、表面特征和果肉分布上存在显著差异。这表明玩家2的描述可能指向的是另一种水果，而非葡萄，因此玩家2可能是卧底。
2024-12-13 15:11:59,914 - 3 - INFO - **********JUDGER**********
你刚刚的分析是根据上述分析，不一致之处如下：

1. 玩家1、玩家3和玩家4的描述都提到了“多汁”、“呈紫红色”和“果实呈串状”的特征，这些特征与葡萄相符。
2. 玩家2的描述提到了“富含水分”、“呈金黄色”和“表面有细小的条纹”，以及“含有三片明显的‘心脏’”，这些特征与葡萄不符，更像是柠檬。

因此，不一致之处在于玩家2的描述与其他三人的描述在水果的颜色、表面特征和果肉分布上存在显著差异。这表明玩家2的描述可能指向的是另一种水果，而非葡萄，因此玩家2可能是卧底。|| 请通过你分析的不一致之处，推断卧底身份，注意，这局游戏的词语分类为<水果>，卧底词和平民词都属于该类。
2024-12-13 15:12:03,903 - 3 - INFO - **********PLAYER3**********
根据分析中提到的不一致之处，玩家2的描述与葡萄的特征不符，而是更接近柠檬的特征。由于游戏中的词语分类为<水果>，且卧底词和平民词都属于该类，我们可以推断出：

玩家2很可能是卧底，因为他的描述指向的是柠檬，而其他玩家的描述都指向了葡萄。这表明玩家2持有的关键词与葡萄不同，而是柠檬。
2024-12-13 15:12:03,904 - 3 - INFO - **********JUDGER**********
你刚刚的推断是根据分析中提到的不一致之处，玩家2的描述与葡萄的特征不符，而是更接近柠檬的特征。由于游戏中的词语分类为<水果>，且卧底词和平民词都属于该类，我们可以推断出：

玩家2很可能是卧底，因为他的描述指向的是柠檬，而其他玩家的描述都指向了葡萄。这表明玩家2持有的关键词与葡萄不同，而是柠檬。|| 基于你刚刚的推断得出你的最终结论，请输出你认为的卧底，在这种情况下只需要输出编号，是1-4中的某个数字，不要输出其他信息。在这个过程不要进行任何推理，只对||以前的部分进行信息提取
2024-12-13 15:12:04,846 - 3 - INFO - **********PLAYER3**********
2
2024-12-13 15:12:55,641 - 3 - INFO - **********JUDGER**********
玩家1说：这是一个甜美多汁的水果，它在水果类中以其独特的紫色外观而闻名。与其他水果相比，它在口感上可能更偏向于多汁和略有酸味。这个水果有着丰富的汁液，其颜色深邃，给人以视觉上的吸引力。在品尝时，它可能带有一丝清爽的酸味，增添了一份独特的风味。玩家2说：这是一个富含水分的水果，通常呈金黄色，表面有细小的条纹。它以其独特的香味和口感而受到喜爱，其中含有丰富的维生素C。在同类水果中，它最突出的不同特征是它通常含有三片明显的“心脏”，这是其果肉分布的显著特点。这个水果在水果界以其丰富的汁液和独特的香味而著称，它的质地柔软，口感清新。它通常呈现出明亮的黄色，表面带有明显的叶痕，这是它独有的外观特征。在同类水果中，它以其甜美的味道和容易剥皮的特点而受到喜爱。玩家3说：这是一个多汁的果实，通常呈紫红色，表面有细小的种子。在同类水果中，它最突出的不同特征是它的果实呈串状，每个果实都紧密相连。玩家4说：这是一个多汁的水果，通常呈紫红色，表面光滑。它在同类水果中最突出的不同特征是它的果实呈串状，每个果实都紧密相连。你是第3号玩家，你的关键词是<葡萄>。你的回答中绝对不能包含你的关键词<葡萄>。这是第二轮描述，你之前的描述是这是一个多汁的果实，通常呈紫红色，表面有细小的种子。在同类水果中，它最突出的不同特征是它的果实呈串状，每个果实都紧密相连。，注意，这局游戏的词语分类为<水果>，卧底词和平民词都属于该类，请你补充关于关键词的描述，注意，你的描述应该比起之前的描述更加贴近关键词，作为之前的补充
2024-12-13 15:12:59,351 - 3 - INFO - **********PLAYER3**********
这个水果的汁液丰富，味道甘甜，有着独特的风味。它的外观通常是紫红色的，表面光滑，没有明显的条纹。在同类水果中，它以其果实紧密相连的串状结构而著称，这种结构使其在视觉上非常吸引人。
2024-12-13 15:15:16,925 - 3 - INFO - **********JUDGER**********
玩家1说：这是一个甜美多汁的水果，它在水果类中以其独特的紫色外观而闻名。与其他水果相比，它在口感上可能更偏向于多汁和略有酸味。这个水果有着丰富的汁液，其颜色深邃，给人以视觉上的吸引力。在品尝时，它可能带有一丝清爽的酸味，增添了一份独特的风味。玩家2说：这是一个富含水分的水果，通常呈金黄色，表面有细小的条纹。它以其独特的香味和口感而受到喜爱，其中含有丰富的维生素C。在同类水果中，它最突出的不同特征是它通常含有三片明显的“心脏”，这是其果肉分布的显著特点。这个水果在水果界以其丰富的汁液和独特的香味而著称，它的质地柔软，口感清新。它通常呈现出明亮的黄色，表面带有明显的叶痕，这是它独有的外观特征。在同类水果中，它以其甜美的味道和容易剥皮的特点而受到喜爱。玩家3说：这是一个多汁的果实，通常呈紫红色，表面有细小的种子。在同类水果中，它最突出的不同特征是它的果实呈串状，每个果实都紧密相连。这个水果的汁液丰富，味道甘甜，有着独特的风味。它的外观通常是紫红色的，表面光滑，没有明显的条纹。在同类水果中，它以其果实紧密相连的串状结构而著称，这种结构使其在视觉上非常吸引人。玩家4说：这是一个多汁的水果，通常呈紫红色，表面光滑。它在同类水果中最突出的不同特征是它的果实呈串状，每个果实都紧密相连。||在这个游戏中，我们需要通过分析每位玩家的描述来找出卧底。通常，平民的描述会围绕相同的词语展开，而卧底的描述可能会因为词语的不同而显得不太一致。我们需要仔细比较每个描述之间的相似性和差异性，以找出可能的卧底，注意，卧底并不会隐藏自己，他会直接描述他的词语，现在，逐一分析每个玩家的描述，注意，这局游戏的词语分类为<水果>，卧底词和平民词都属于该类。||之前是第2轮描述和之前轮数描述的合集。你之前认为的卧底是玩家2。
2024-12-13 15:15:22,222 - 3 - INFO - **********PLAYER3**********
根据第二轮描述和之前轮数的描述，玩家2的描述与玩家1、玩家3和玩家4的描述存在明显的差异。玩家2描述的水果呈金黄色，有细小的条纹，含有三片明显的“心脏”，而其他玩家描述的水果呈紫红色，表面光滑，没有明显的条纹，且都强调了果实呈串状的特点。

因此，基于描述的差异性，玩家2的描述仍然与其他玩家的描述不一致，这进一步支持了玩家2可能是卧底的结论。
2024-12-13 15:15:22,224 - 3 - INFO - **********JUDGER**********
你刚刚的分析是根据第二轮描述和之前轮数的描述，玩家2的描述与玩家1、玩家3和玩家4的描述存在明显的差异。玩家2描述的水果呈金黄色，有细小的条纹，含有三片明显的“心脏”，而其他玩家描述的水果呈紫红色，表面光滑，没有明显的条纹，且都强调了果实呈串状的特点。

因此，基于描述的差异性，玩家2的描述仍然与其他玩家的描述不一致，这进一步支持了玩家2可能是卧底的结论。|| `请根据上述分析，比较描述以找出不一致之处，注意，这局游戏的词语分类为<水果>，卧底词和平民词都属于该类。
2024-12-13 15:15:29,788 - 3 - INFO - **********PLAYER3**********
根据上述分析，不一致之处如下：

1. 颜色描述：玩家2描述的水果呈金黄色，而玩家1、玩家3和玩家4描述的水果呈紫红色。
2. 表面特征：玩家2提到水果表面有细小的条纹，而其他玩家没有提到条纹，且强调表面光滑。
3. 果肉分布：玩家2描述了水果含有三片明显的“心脏”，这是其果肉分布的显著特点，而其他玩家没有提及这一特征。
4. 串状结构：虽然玩家2和玩家3都提到了串状结构，但玩家2没有强调果实紧密相连，而玩家1、玩家3和玩家4都强调了果实呈串状且紧密相连。

这些差异表明玩家2的描述与其他玩家的描述在水果的颜色、表面特征和果肉分布上存在显著的不同，这可能是卧底描述的特点。
2024-12-13 15:15:29,792 - 3 - INFO - **********JUDGER**********
你刚刚的分析是根据上述分析，不一致之处如下：

1. 颜色描述：玩家2描述的水果呈金黄色，而玩家1、玩家3和玩家4描述的水果呈紫红色。
2. 表面特征：玩家2提到水果表面有细小的条纹，而其他玩家没有提到条纹，且强调表面光滑。
3. 果肉分布：玩家2描述了水果含有三片明显的“心脏”，这是其果肉分布的显著特点，而其他玩家没有提及这一特征。
4. 串状结构：虽然玩家2和玩家3都提到了串状结构，但玩家2没有强调果实紧密相连，而玩家1、玩家3和玩家4都强调了果实呈串状且紧密相连。

这些差异表明玩家2的描述与其他玩家的描述在水果的颜色、表面特征和果肉分布上存在显著的不同，这可能是卧底描述的特点。|| 请通过你分析的不一致之处，推断卧底身份，注意，这局游戏的词语分类为<水果>，卧底词和平民词都属于该类。
2024-12-13 15:15:37,756 - 3 - INFO - **********PLAYER3**********
根据分析的不一致之处，玩家2的描述与玩家1、玩家3和玩家4的描述在多个关键特征上存在差异，包括颜色、表面特征和果肉分布。这些差异表明玩家2的描述可能指向的是另一种水果，而不是玩家1、玩家3和玩家4共同指向的葡萄。

因此，基于这些不一致之处，可以推断玩家2是卧底。
2024-12-13 15:15:37,757 - 3 - INFO - **********JUDGER**********
你刚刚的推断是根据分析的不一致之处，玩家2的描述与玩家1、玩家3和玩家4的描述在多个关键特征上存在差异，包括颜色、表面特征和果肉分布。这些差异表明玩家2的描述可能指向的是另一种水果，而不是玩家1、玩家3和玩家4共同指向的葡萄。

因此，基于这些不一致之处，可以推断玩家2是卧底。|| 基于你刚刚的推断得出你的最终结论，请输出你认为的卧底，在这种情况下只需要输出编号，是1-4中的某个数字，不要输出其他信息。在这个过程不要进行任何推理，只对||以前的部分进行信息提取
2024-12-13 15:15:38,776 - 3 - INFO - **********PLAYER3**********
2
2024-12-13 15:16:39,514 - 3 - INFO - **********JUDGER**********
玩家1说：这是一个甜美多汁的水果，它在水果类中以其独特的紫色外观而闻名。与其他水果相比，它在口感上可能更偏向于多汁和略有酸味。这个水果有着丰富的汁液，其颜色深邃，给人以视觉上的吸引力。在品尝时，它可能带有一丝清爽的酸味，增添了一份独特的风味。这个水果的果实紧密排列，形成了一串串，每一颗果实都紧紧相连，这种串状结构是其显著特征。它的果实呈现出深邃的紫色，色泽诱人，同时口感多汁，酸中带甜，非常受人们喜爱。玩家2说：这是一个富含水分的水果，通常呈金黄色，表面有细小的条纹。它以其独特的香味和口感而受到喜爱，其中含有丰富的维生素C。在同类水果中，它最突出的不同特征是它通常含有三片明显的“心脏”，这是其果肉分布的显著特点。这个水果在水果界以其丰富的汁液和独特的香味而著称，它的质地柔软，口感清新。它通常呈现出明亮的黄色，表面带有明显的叶痕，这是它独有的外观特征。在同类水果中，它以其甜美的味道和容易剥皮的特点而受到喜爱。这个水果通常呈金黄色，有着硬壳和锋利的棘刺，内部肉质柔软，富含汁液。它的香味浓郁，口感独特，既甜又酸，非常受欢迎。在水果界，它以其易于剥皮和食用方便而著称，通常在表面可以看到明显的叶痕和生长环，这些特征是其独有的外观特点。这种水果在烹饪中用途广泛，既可生食也可用于制作各种甜点。玩家3说：这是一个多汁的果实，通常呈紫红色，表面有细小的种子。在同类水果中，它最突出的不同特征是它的果实呈串状，每个果实都紧密相连。这个水果的汁液丰富，味道甘甜，有着独特的风味。它的外观通常是紫红色的，表面光滑，没有明显的条纹。在同类水果中，它以其果实紧密相连的串状结构而著称，这种结构使其在视觉上非常吸引人。玩家4说：这是一个多汁的水果，通常呈紫红色，表面光滑。它在同类水果中最突出的不同特征是它的果实呈串状，每个果实都紧密相连。这个水果的汁液非常丰富，它的味道甘甜，带有轻微的酸味，这种独特的口感让人回味无穷。在同类水果中，它以其甜美的风味和串状的结构而著称，这种串状的特点使得它在视觉上显得格外诱人。你是第3号玩家，你的关键词是<葡萄>。你的回答中绝对不能包含你的关键词<葡萄>。这是第三轮描述，你之前的描述是这是一个多汁的果实，通常呈紫红色，表面有细小的种子。在同类水果中，它最突出的不同特征是它的果实呈串状，每个果实都紧密相连。和这个水果的汁液丰富，味道甘甜，有着独特的风味。它的外观通常是紫红色的，表面光滑，没有明显的条纹。在同类水果中，它以其果实紧密相连的串状结构而著称，这种结构使其在视觉上非常吸引人。，注意，这局游戏的词语分类为<水果>，卧底词和平民词都属于该类，请你补充关于关键词的描述，注意，你的描述应该比起之前的描述更加贴近关键词，作为之前的补充
2024-12-13 15:16:43,891 - 3 - INFO - **********PLAYER3**********
这个水果的每一颗果实都紧密相连，形成了一串串，这种串状结构是其最显著的特征。它的果实呈现出深邃的紫色，色泽诱人，同时口感多汁，酸中带甜，非常受人们喜爱。在同类水果中，它的这种串状排列方式非常独特，使其在视觉上非常吸引人。
2024-12-13 15:18:49,631 - 3 - INFO - **********JUDGER**********
玩家1说：这是一个甜美多汁的水果，它在水果类中以其独特的紫色外观而闻名。与其他水果相比，它在口感上可能更偏向于多汁和略有酸味。这个水果有着丰富的汁液，其颜色深邃，给人以视觉上的吸引力。在品尝时，它可能带有一丝清爽的酸味，增添了一份独特的风味。这个水果的果实紧密排列，形成了一串串，每一颗果实都紧紧相连，这种串状结构是其显著特征。它的果实呈现出深邃的紫色，色泽诱人，同时口感多汁，酸中带甜，非常受人们喜爱。玩家2说：这是一个富含水分的水果，通常呈金黄色，表面有细小的条纹。它以其独特的香味和口感而受到喜爱，其中含有丰富的维生素C。在同类水果中，它最突出的不同特征是它通常含有三片明显的“心脏”，这是其果肉分布的显著特点。这个水果在水果界以其丰富的汁液和独特的香味而著称，它的质地柔软，口感清新。它通常呈现出明亮的黄色，表面带有明显的叶痕，这是它独有的外观特征。在同类水果中，它以其甜美的味道和容易剥皮的特点而受到喜爱。这个水果通常呈金黄色，有着硬壳和锋利的棘刺，内部肉质柔软，富含汁液。它的香味浓郁，口感独特，既甜又酸，非常受欢迎。在水果界，它以其易于剥皮和食用方便而著称，通常在表面可以看到明显的叶痕和生长环，这些特征是其独有的外观特点。这种水果在烹饪中用途广泛，既可生食也可用于制作各种甜点。玩家3说：这是一个多汁的果实，通常呈紫红色，表面有细小的种子。在同类水果中，它最突出的不同特征是它的果实呈串状，每个果实都紧密相连。这个水果的汁液丰富，味道甘甜，有着独特的风味。它的外观通常是紫红色的，表面光滑，没有明显的条纹。在同类水果中，它以其果实紧密相连的串状结构而著称，这种结构使其在视觉上非常吸引人。这个水果的每一颗果实都紧密相连，形成了一串串，这种串状结构是其最显著的特征。它的果实呈现出深邃的紫色，色泽诱人，同时口感多汁，酸中带甜，非常受人们喜爱。在同类水果中，它的这种串状排列方式非常独特，使其在视觉上非常吸引人。玩家4说：这是一个多汁的水果，通常呈紫红色，表面光滑。它在同类水果中最突出的不同特征是它的果实呈串状，每个果实都紧密相连。这个水果的汁液非常丰富，它的味道甘甜，带有轻微的酸味，这种独特的口感让人回味无穷。在同类水果中，它以其甜美的风味和串状的结构而著称，这种串状的特点使得它在视觉上显得格外诱人。这是一个甜美多汁的水果，通常呈紫红色，表面有细小的种子。在同类水果中，它最突出的不同特征是它的果实呈串状，每个果实都紧密相连。||在这个游戏中，我们需要通过分析每位玩家的描述来找出卧底。通常，平民的描述会围绕相同的词语展开，而卧底的描述可能会因为词语的不同而显得不太一致。我们需要仔细比较每个描述之间的相似性和差异性，以找出可能的卧底，注意，卧底并不会隐藏自己，他会直接描述他的词语，现在，逐一分析每个玩家的描述，注意，这局游戏的词语分类为<水果>，卧底词和平民词都属于该类。||之前是第3轮描述和之前轮数描述的合集。你之前认为的卧底是玩家2。
2024-12-13 15:19:04,540 - 3 - INFO - **********PLAYER3**********
根据第三轮描述和之前轮数的描述，我们可以看到以下情况：

- 玩家1的描述强调了葡萄的紫色外观、多汁和酸味，以及果实紧密排列的串状结构。
- 玩家2的描述提到了金黄色、表面有条纹、含有三片“心脏”的果实，以及硬壳和棘刺，这与葡萄的特征不符。
- 玩家3的描述与玩家1的描述相似，强调了葡萄的紫红色外观、多汁、酸味和串状结构。
- 玩家4的描述也强调了葡萄的紫红色外观、多汁、酸味和串状结构。

玩家2的描述中提到的金黄色、条纹、硬壳和棘刺等特征与葡萄不符，更像是柑橘类水果，如橙子或柠檬。因此，基于描述的差异性，玩家2的描述与其他玩家的描述不一致，这进一步支持了玩家2可能是卧底的结论。
2024-12-13 15:19:04,541 - 3 - INFO - **********JUDGER**********
你刚刚的分析是根据第三轮描述和之前轮数的描述，我们可以看到以下情况：

- 玩家1的描述强调了葡萄的紫色外观、多汁和酸味，以及果实紧密排列的串状结构。
- 玩家2的描述提到了金黄色、表面有条纹、含有三片“心脏”的果实，以及硬壳和棘刺，这与葡萄的特征不符。
- 玩家3的描述与玩家1的描述相似，强调了葡萄的紫红色外观、多汁、酸味和串状结构。
- 玩家4的描述也强调了葡萄的紫红色外观、多汁、酸味和串状结构。

玩家2的描述中提到的金黄色、条纹、硬壳和棘刺等特征与葡萄不符，更像是柑橘类水果，如橙子或柠檬。因此，基于描述的差异性，玩家2的描述与其他玩家的描述不一致，这进一步支持了玩家2可能是卧底的结论。|| `请根据上述分析，比较描述以找出不一致之处，注意，这局游戏的词语分类为<水果>，卧底词和平民词都属于该类。
2024-12-13 15:19:11,989 - 3 - INFO - **********PLAYER3**********
根据上述分析，不一致之处如下：

1. 颜色：玩家1、玩家3和玩家4描述的水果呈紫红色，而玩家2描述的水果呈金黄色。
2. 表面特征：玩家1、玩家3和玩家4没有提到条纹，而玩家2描述了水果表面有细小的条纹。
3. 果实结构：玩家1、玩家3和玩家4没有提到硬壳和棘刺，而玩家2描述了水果有硬壳和锋利的棘刺。
4. 果肉分布：玩家2描述了水果含有三片明显的“心脏”，而其他玩家没有提及这一特征。

这些不一致之处表明玩家2的描述在颜色、表面特征、果实结构和果肉分布上与其他玩家的描述存在显著差异，这可能是卧底描述的特点。
2024-12-13 15:19:11,990 - 3 - INFO - **********JUDGER**********
你刚刚的分析是根据上述分析，不一致之处如下：

1. 颜色：玩家1、玩家3和玩家4描述的水果呈紫红色，而玩家2描述的水果呈金黄色。
2. 表面特征：玩家1、玩家3和玩家4没有提到条纹，而玩家2描述了水果表面有细小的条纹。
3. 果实结构：玩家1、玩家3和玩家4没有提到硬壳和棘刺，而玩家2描述了水果有硬壳和锋利的棘刺。
4. 果肉分布：玩家2描述了水果含有三片明显的“心脏”，而其他玩家没有提及这一特征。

这些不一致之处表明玩家2的描述在颜色、表面特征、果实结构和果肉分布上与其他玩家的描述存在显著差异，这可能是卧底描述的特点。|| 请通过你分析的不一致之处，推断卧底身份，注意，这局游戏的词语分类为<水果>，卧底词和平民词都属于该类。
2024-12-13 15:19:13,100 - 3 - INFO - **********PLAYER3**********
2
2024-12-13 15:19:13,101 - 3 - INFO - **********JUDGER**********
你刚刚的推断是2|| 基于你刚刚的推断得出你的最终结论，请输出你认为的卧底，在这种情况下只需要输出编号，是1-4中的某个数字，不要输出其他信息。在这个过程不要进行任何推理，只对||以前的部分进行信息提取
2024-12-13 15:19:16,245 - 3 - INFO - **********PLAYER3**********
2
