2024-12-13 15:10:13,782 - 4 - INFO - **********JUDGER**********
让我们来玩一个叫做<谁是卧底>的推理游戏。基本规则：<人数>：4人。<角色分配>：每位玩家随机抽取一个词语，3名玩家拿到的词语是相同的（平民词），1名玩家拿到与之相近但不同的词语（卧底词）。<游戏流程>：1、玩家轮流描述自己的词语，但<不能>直接说出词语本身。2、描述完毕后，投票选出最像卧底的玩家。3、每轮结束后，被投票选出的玩家出局，不能再进行描述或投票。4、每轮投票结束后，如果卧底被成功找出，平民方获胜；如果卧底未被找出且卧底人数等于或超过平民人数，则卧底方获胜。你将扮演一个<玩家>，请等待你被分配到的关键词。如果你听懂了，只回答，"好的，我准备好参加游戏了"，不要输出别的信息
2024-12-13 15:10:14,626 - 4 - INFO - **********PLAYER4**********
好的，我准备好参加游戏了
2024-12-13 15:10:24,027 - 4 - INFO - **********JUDGER**********
玩家1说：这是一个甜美多汁的水果，它在水果类中以其独特的紫色外观而闻名。与其他水果相比，它在口感上可能更偏向于多汁和略有酸味。玩家2说：这是一个富含水分的水果，通常呈金黄色，表面有细小的条纹。它以其独特的香味和口感而受到喜爱，其中含有丰富的维生素C。在同类水果中，它最突出的不同特征是它通常含有三片明显的“心脏”，这是其果肉分布的显著特点。玩家3说：这是一个多汁的果实，通常呈紫红色，表面有细小的种子。在同类水果中，它最突出的不同特征是它的果实呈串状，每个果实都紧密相连。玩家4说：|| 你是第4号玩家，你的关键词是<葡萄>。你的回答中绝对不能包含你的关键词<葡萄>。这是第一轮描述，不需要分析||之前别的玩家的描述，请你描述关键词基本特征，注意，这局游戏的词语分类为<水果>，卧底词和平民词都属于该类，描述包括以下两点，1.他的基本特征是什么2.他在该类（水果）中最突出不同的特征是什么，尽量简短
2024-12-13 15:10:26,839 - 4 - INFO - **********PLAYER4**********
这是一个多汁的水果，通常呈紫红色，表面光滑。它在同类水果中最突出的不同特征是它的果实呈串状，每个果实都紧密相连。
2024-12-13 15:12:04,847 - 4 - INFO - **********JUDGER**********
玩家1说：这是一个甜美多汁的水果，它在水果类中以其独特的紫色外观而闻名。与其他水果相比，它在口感上可能更偏向于多汁和略有酸味。玩家2说：这是一个富含水分的水果，通常呈金黄色，表面有细小的条纹。它以其独特的香味和口感而受到喜爱，其中含有丰富的维生素C。在同类水果中，它最突出的不同特征是它通常含有三片明显的“心脏”，这是其果肉分布的显著特点。玩家3说：这是一个多汁的果实，通常呈紫红色，表面有细小的种子。在同类水果中，它最突出的不同特征是它的果实呈串状，每个果实都紧密相连。玩家4说：||在这个游戏中，我们需要通过分析每位玩家的描述来找出卧底。通常，平民的描述会围绕相同的词语展开，而卧底的描述可能会因为词语的不同而显得不太一致。我们需要仔细比较每个描述之间的相似性和差异性，以找出可能的卧底，注意，卧底并不会隐藏自己，他会直接描述他的词语，现在，逐一分析每个玩家的描述，注意，这局游戏的词语分类为<水果>，卧底词和平民词都属于该类。这是第一轮描述。
2024-12-13 15:12:14,459 - 4 - INFO - **********PLAYER4**********
根据玩家们的描述，我们可以进行以下分析：

玩家1描述的是一种紫色外观、多汁且略带酸味的水果，这听起来像是蓝莓或紫葡萄。

玩家2描述的是一种金黄色、富含水分、香味独特且含有三片“心脏”状果肉分布的水果，这很符合橙子的特征。

玩家3的描述提到了紫红色、多汁、表面有细小种子，且果实呈串状，这很像是葡萄。

玩家4没有直接描述关键词，而是提醒我们卧底可能会直接描述他的词语，这是一个提示，但不足以确定卧底。

综合分析，玩家2和玩家3的描述与常见的词语特征较为吻合，而玩家1的描述虽然提到了紫色和多汁，但没有提到串状果实，这可能是一个不一致的点。由于游戏提示卧底不会隐藏自己，玩家4的描述虽然含糊，但也没有直接指向特定的词语。

因此，如果必须在这四个人中选出可能的卧底，玩家1的描述可能是最不一致的，因此可能是卧底。但这也只是一个基于描述不一致性的初步判断，最终还需要通过投票来确定。
2024-12-13 15:12:14,460 - 4 - INFO - **********JUDGER**********
你刚刚的分析是根据玩家们的描述，我们可以进行以下分析：

玩家1描述的是一种紫色外观、多汁且略带酸味的水果，这听起来像是蓝莓或紫葡萄。

玩家2描述的是一种金黄色、富含水分、香味独特且含有三片“心脏”状果肉分布的水果，这很符合橙子的特征。

玩家3的描述提到了紫红色、多汁、表面有细小种子，且果实呈串状，这很像是葡萄。

玩家4没有直接描述关键词，而是提醒我们卧底可能会直接描述他的词语，这是一个提示，但不足以确定卧底。

综合分析，玩家2和玩家3的描述与常见的词语特征较为吻合，而玩家1的描述虽然提到了紫色和多汁，但没有提到串状果实，这可能是一个不一致的点。由于游戏提示卧底不会隐藏自己，玩家4的描述虽然含糊，但也没有直接指向特定的词语。

因此，如果必须在这四个人中选出可能的卧底，玩家1的描述可能是最不一致的，因此可能是卧底。但这也只是一个基于描述不一致性的初步判断，最终还需要通过投票来确定。|| `请根据上述分析，比较描述以找出不一致之处，注意，这局游戏的词语分类为<水果>，卧底词和平民词都属于该类。
2024-12-13 15:12:29,771 - 4 - INFO - **********PLAYER4**********
根据上述分析，我们可以比较描述以找出不一致之处：

1. 玩家1的描述：
   - 紫色外观
   - 多汁且略带酸味

2. 玩家2的描述：
   - 金黄色
   - 富含水分
   - 香味独特
   - 含有三片“心脏”状果肉分布

3. 玩家3的描述：
   - 紫红色
   - 多汁
   - 表面有细小种子
   - 果实呈串状

4. 玩家4的描述：
   - 提醒卧底可能会直接描述词语

不一致之处：
- 玩家1描述的是紫色水果，而玩家2描述的是金黄色水果，这表明两者颜色不同。
- 玩家1提到水果多汁且略带酸味，而玩家2描述的是香味独特，没有提到酸味。
- 玩家3的描述中提到了果实呈串状，这是与玩家1和玩家2描述的不同点，而玩家2的描述中提到了三片“心脏”状果肉分布，这也是独特的特征。
- 玩家4的描述没有提供具体的词语特征，因此无法与其他玩家的描述直接比较。

基于这些不一致之处，玩家1的描述与玩家2和玩家3的描述在颜色和酸味描述上有明显差异，而玩家3的描述中提到的串状果实是与其他玩家描述不同的显著特征。因此，玩家1和玩家3的描述可能是最不一致的，这增加了他们作为卧底的可能性。然而，最终确定卧底还需要通过投票来进行。
2024-12-13 15:12:29,773 - 4 - INFO - **********JUDGER**********
你刚刚的分析是根据上述分析，我们可以比较描述以找出不一致之处：

1. 玩家1的描述：
   - 紫色外观
   - 多汁且略带酸味

2. 玩家2的描述：
   - 金黄色
   - 富含水分
   - 香味独特
   - 含有三片“心脏”状果肉分布

3. 玩家3的描述：
   - 紫红色
   - 多汁
   - 表面有细小种子
   - 果实呈串状

4. 玩家4的描述：
   - 提醒卧底可能会直接描述词语

不一致之处：
- 玩家1描述的是紫色水果，而玩家2描述的是金黄色水果，这表明两者颜色不同。
- 玩家1提到水果多汁且略带酸味，而玩家2描述的是香味独特，没有提到酸味。
- 玩家3的描述中提到了果实呈串状，这是与玩家1和玩家2描述的不同点，而玩家2的描述中提到了三片“心脏”状果肉分布，这也是独特的特征。
- 玩家4的描述没有提供具体的词语特征，因此无法与其他玩家的描述直接比较。

基于这些不一致之处，玩家1的描述与玩家2和玩家3的描述在颜色和酸味描述上有明显差异，而玩家3的描述中提到的串状果实是与其他玩家描述不同的显著特征。因此，玩家1和玩家3的描述可能是最不一致的，这增加了他们作为卧底的可能性。然而，最终确定卧底还需要通过投票来进行。|| 请通过你分析的不一致之处，推断卧底身份，注意，这局游戏的词语分类为<水果>，卧底词和平民词都属于该类。
2024-12-13 15:12:47,603 - 4 - INFO - **********PLAYER4**********
根据分析中提到的不一致之处，我们可以进行以下推断：

1. 玩家1描述的紫色水果与玩家2描述的金黄色水果颜色不同，这表明他们描述的不是同一种水果。

2. 玩家1提到的多汁且略带酸味的水果与玩家2描述的香味独特但没有提到酸味的水果特征不同。

3. 玩家3描述的紫红色、多汁、表面有细小种子且果实呈串状的水果，与玩家1和玩家2的描述都有明显的不同点。

4. 玩家4没有提供具体的词语特征，因此无法直接与其他玩家的描述比较。

考虑到所有玩家描述的水果都属于同一分类（水果），我们可以排除玩家4作为卧底的可能性，因为他的描述没有提供任何特征。

结合以上信息，玩家3的描述包含了多个与其他玩家描述不一致的特征：紫红色、多汁、表面有细小种子、果实呈串状。这些特征与蓝莓或葡萄等常见水果相符，但与玩家1和玩家2的描述不匹配。

因此，基于描述的不一致性，玩家3的描述最有可能指向与玩家1和玩家2不同的水果，这使得玩家3成为最可能的卧底候选人。然而，最终的判断还需要通过投票来确定。
2024-12-13 15:12:47,605 - 4 - INFO - **********JUDGER**********
你刚刚的推断是根据分析中提到的不一致之处，我们可以进行以下推断：

1. 玩家1描述的紫色水果与玩家2描述的金黄色水果颜色不同，这表明他们描述的不是同一种水果。

2. 玩家1提到的多汁且略带酸味的水果与玩家2描述的香味独特但没有提到酸味的水果特征不同。

3. 玩家3描述的紫红色、多汁、表面有细小种子且果实呈串状的水果，与玩家1和玩家2的描述都有明显的不同点。

4. 玩家4没有提供具体的词语特征，因此无法直接与其他玩家的描述比较。

考虑到所有玩家描述的水果都属于同一分类（水果），我们可以排除玩家4作为卧底的可能性，因为他的描述没有提供任何特征。

结合以上信息，玩家3的描述包含了多个与其他玩家描述不一致的特征：紫红色、多汁、表面有细小种子、果实呈串状。这些特征与蓝莓或葡萄等常见水果相符，但与玩家1和玩家2的描述不匹配。

因此，基于描述的不一致性，玩家3的描述最有可能指向与玩家1和玩家2不同的水果，这使得玩家3成为最可能的卧底候选人。然而，最终的判断还需要通过投票来确定。|| 基于你刚刚的推断得出你的最终结论，请输出你认为的卧底，在这种情况下只需要输出编号，是1-4中的某个数字，不要输出其他信息。在这个过程不要进行任何推理，只对||以前的部分进行信息提取
2024-12-13 15:12:48,896 - 4 - INFO - **********PLAYER4**********
3
2024-12-13 15:12:59,352 - 4 - INFO - **********JUDGER**********
玩家1说：这是一个甜美多汁的水果，它在水果类中以其独特的紫色外观而闻名。与其他水果相比，它在口感上可能更偏向于多汁和略有酸味。这个水果有着丰富的汁液，其颜色深邃，给人以视觉上的吸引力。在品尝时，它可能带有一丝清爽的酸味，增添了一份独特的风味。玩家2说：这是一个富含水分的水果，通常呈金黄色，表面有细小的条纹。它以其独特的香味和口感而受到喜爱，其中含有丰富的维生素C。在同类水果中，它最突出的不同特征是它通常含有三片明显的“心脏”，这是其果肉分布的显著特点。这个水果在水果界以其丰富的汁液和独特的香味而著称，它的质地柔软，口感清新。它通常呈现出明亮的黄色，表面带有明显的叶痕，这是它独有的外观特征。在同类水果中，它以其甜美的味道和容易剥皮的特点而受到喜爱。玩家3说：这是一个多汁的果实，通常呈紫红色，表面有细小的种子。在同类水果中，它最突出的不同特征是它的果实呈串状，每个果实都紧密相连。这个水果的汁液丰富，味道甘甜，有着独特的风味。它的外观通常是紫红色的，表面光滑，没有明显的条纹。在同类水果中，它以其果实紧密相连的串状结构而著称，这种结构使其在视觉上非常吸引人。玩家4说：这是一个多汁的水果，通常呈紫红色，表面光滑。它在同类水果中最突出的不同特征是它的果实呈串状，每个果实都紧密相连。你是第4号玩家，你的关键词是<葡萄>。你的回答中绝对不能包含你的关键词<葡萄>。这是第二轮描述，你之前的描述是这是一个多汁的水果，通常呈紫红色，表面光滑。它在同类水果中最突出的不同特征是它的果实呈串状，每个果实都紧密相连。，注意，这局游戏的词语分类为<水果>，卧底词和平民词都属于该类，请你补充关于关键词的描述，注意，你的描述应该比起之前的描述更加贴近关键词，作为之前的补充
2024-12-13 15:13:03,549 - 4 - INFO - **********PLAYER4**********
这个水果的汁液非常丰富，它的味道甘甜，带有轻微的酸味，这种独特的口感让人回味无穷。在同类水果中，它以其甜美的风味和串状的结构而著称，这种串状的特点使得它在视觉上显得格外诱人。
2024-12-13 15:15:38,776 - 4 - INFO - **********JUDGER**********
玩家1说：这是一个甜美多汁的水果，它在水果类中以其独特的紫色外观而闻名。与其他水果相比，它在口感上可能更偏向于多汁和略有酸味。这个水果有着丰富的汁液，其颜色深邃，给人以视觉上的吸引力。在品尝时，它可能带有一丝清爽的酸味，增添了一份独特的风味。玩家2说：这是一个富含水分的水果，通常呈金黄色，表面有细小的条纹。它以其独特的香味和口感而受到喜爱，其中含有丰富的维生素C。在同类水果中，它最突出的不同特征是它通常含有三片明显的“心脏”，这是其果肉分布的显著特点。这个水果在水果界以其丰富的汁液和独特的香味而著称，它的质地柔软，口感清新。它通常呈现出明亮的黄色，表面带有明显的叶痕，这是它独有的外观特征。在同类水果中，它以其甜美的味道和容易剥皮的特点而受到喜爱。玩家3说：这是一个多汁的果实，通常呈紫红色，表面有细小的种子。在同类水果中，它最突出的不同特征是它的果实呈串状，每个果实都紧密相连。这个水果的汁液丰富，味道甘甜，有着独特的风味。它的外观通常是紫红色的，表面光滑，没有明显的条纹。在同类水果中，它以其果实紧密相连的串状结构而著称，这种结构使其在视觉上非常吸引人。玩家4说：这是一个多汁的水果，通常呈紫红色，表面光滑。它在同类水果中最突出的不同特征是它的果实呈串状，每个果实都紧密相连。||在这个游戏中，我们需要通过分析每位玩家的描述来找出卧底。通常，平民的描述会围绕相同的词语展开，而卧底的描述可能会因为词语的不同而显得不太一致。我们需要仔细比较每个描述之间的相似性和差异性，以找出可能的卧底，注意，卧底并不会隐藏自己，他会直接描述他的词语，现在，逐一分析每个玩家的描述，注意，这局游戏的词语分类为<水果>，卧底词和平民词都属于该类。||之前是第2轮描述和之前轮数描述的合集。你之前认为的卧底是玩家3。
2024-12-13 15:15:56,587 - 4 - INFO - **********PLAYER4**********
根据第二轮描述和之前轮数的描述，我们可以进一步分析每位玩家的描述：

玩家1的描述强调了水果的紫色外观、多汁和略带酸味的口感，以及丰富的汁液和清爽的酸味。

玩家2的描述提到了水果的金黄色、富含水分、独特的香味和口感，以及含有三片“心脏”状果肉分布的特征。

玩家3的描述指出水果呈紫红色，多汁，表面有细小的种子，果实呈串状，每个果实都紧密相连。

玩家4的描述与玩家3相似，强调了水果的多汁性、紫红色和表面光滑，以及果实呈串状的特征。

在之前的分析中，玩家3的描述被认为是最不一致的，因为它提到了串状果实和细小种子，这与玩家1和玩家2的描述不符。然而，玩家4的描述与玩家3非常相似，这增加了玩家3作为卧底的可能性。

现在，我们需要比较第二轮描述中的新信息。玩家1和玩家2的描述在颜色和口感上有所不同，而玩家3和玩家4的描述在多汁性、颜色和串状果实上保持一致。玩家4的描述在第二轮中补充了关于水果味道的信息，这与玩家3的描述相呼应。

考虑到玩家3和玩家4的描述在多个关键特征上保持一致，而玩家1和玩家2的描述存在差异，我们可以推断玩家3和玩家4可能是平民，而玩家1和玩家2中可能有一个是卧底。

由于玩家3的描述在第一轮中就被认为是可能的卧底，并且与玩家4的描述在第二轮中高度一致，如果玩家4也是平民，那么玩家1或玩家2中必须有一个是卧底。因此，根据目前的描述，玩家3仍然是最可能的卧底候选人。
2024-12-13 15:15:56,589 - 4 - INFO - **********JUDGER**********
你刚刚的分析是根据第二轮描述和之前轮数的描述，我们可以进一步分析每位玩家的描述：

玩家1的描述强调了水果的紫色外观、多汁和略带酸味的口感，以及丰富的汁液和清爽的酸味。

玩家2的描述提到了水果的金黄色、富含水分、独特的香味和口感，以及含有三片“心脏”状果肉分布的特征。

玩家3的描述指出水果呈紫红色，多汁，表面有细小的种子，果实呈串状，每个果实都紧密相连。

玩家4的描述与玩家3相似，强调了水果的多汁性、紫红色和表面光滑，以及果实呈串状的特征。

在之前的分析中，玩家3的描述被认为是最不一致的，因为它提到了串状果实和细小种子，这与玩家1和玩家2的描述不符。然而，玩家4的描述与玩家3非常相似，这增加了玩家3作为卧底的可能性。

现在，我们需要比较第二轮描述中的新信息。玩家1和玩家2的描述在颜色和口感上有所不同，而玩家3和玩家4的描述在多汁性、颜色和串状果实上保持一致。玩家4的描述在第二轮中补充了关于水果味道的信息，这与玩家3的描述相呼应。

考虑到玩家3和玩家4的描述在多个关键特征上保持一致，而玩家1和玩家2的描述存在差异，我们可以推断玩家3和玩家4可能是平民，而玩家1和玩家2中可能有一个是卧底。

由于玩家3的描述在第一轮中就被认为是可能的卧底，并且与玩家4的描述在第二轮中高度一致，如果玩家4也是平民，那么玩家1或玩家2中必须有一个是卧底。因此，根据目前的描述，玩家3仍然是最可能的卧底候选人。|| `请根据上述分析，比较描述以找出不一致之处，注意，这局游戏的词语分类为<水果>，卧底词和平民词都属于该类。
2024-12-13 15:16:18,995 - 4 - INFO - **********PLAYER4**********
根据上述分析，我们可以比较描述以找出不一致之处：

1. 玩家1的描述：
   - 紫色外观
   - 多汁且略带酸味
   - 丰富的汁液
   - 清爽的酸味

2. 玩家2的描述：
   - 金黄色
   - 富含水分
   - 独特的香味和口感
   - 含有三片“心脏”状果肉分布
   - 明亮的黄色，表面带有明显的叶痕

3. 玩家3的描述：
   - 紫红色
   - 多汁
   - 表面有细小种子
   - 果实呈串状
   - 汁液丰富，味道甘甜
   - 表面光滑，没有明显的条纹

4. 玩家4的描述：
   - 紫红色
   - 表面光滑
   - 果实呈串状
   - 汁液丰富，味道甘甜

不一致之处：
- 玩家1描述的紫色与玩家2和玩家3描述的金黄色和紫红色不一致。
- 玩家1和玩家4都没有提到“心脏”状果肉分布，而玩家2提到了这一特征。
- 玩家2提到了水果的香味和叶痕，这些特征在玩家1、玩家3和玩家4的描述中都没有出现。
- 玩家3描述了表面有细小种子，而玩家1、玩家2和玩家4都没有提到这一特征。
- 玩家3和玩家4都提到了水果的甘甜味道，而玩家1没有提到这一点。

基于这些不一致之处，玩家2的描述包含了多个与玩家1、玩家3和玩家4不同的特征，特别是“心脏”状果肉分布和叶痕，这可能是玩家2作为卧底的不同之处。因此，玩家2可能是卧底。
2024-12-13 15:16:18,999 - 4 - INFO - **********JUDGER**********
你刚刚的分析是根据上述分析，我们可以比较描述以找出不一致之处：

1. 玩家1的描述：
   - 紫色外观
   - 多汁且略带酸味
   - 丰富的汁液
   - 清爽的酸味

2. 玩家2的描述：
   - 金黄色
   - 富含水分
   - 独特的香味和口感
   - 含有三片“心脏”状果肉分布
   - 明亮的黄色，表面带有明显的叶痕

3. 玩家3的描述：
   - 紫红色
   - 多汁
   - 表面有细小种子
   - 果实呈串状
   - 汁液丰富，味道甘甜
   - 表面光滑，没有明显的条纹

4. 玩家4的描述：
   - 紫红色
   - 表面光滑
   - 果实呈串状
   - 汁液丰富，味道甘甜

不一致之处：
- 玩家1描述的紫色与玩家2和玩家3描述的金黄色和紫红色不一致。
- 玩家1和玩家4都没有提到“心脏”状果肉分布，而玩家2提到了这一特征。
- 玩家2提到了水果的香味和叶痕，这些特征在玩家1、玩家3和玩家4的描述中都没有出现。
- 玩家3描述了表面有细小种子，而玩家1、玩家2和玩家4都没有提到这一特征。
- 玩家3和玩家4都提到了水果的甘甜味道，而玩家1没有提到这一点。

基于这些不一致之处，玩家2的描述包含了多个与玩家1、玩家3和玩家4不同的特征，特别是“心脏”状果肉分布和叶痕，这可能是玩家2作为卧底的不同之处。因此，玩家2可能是卧底。|| 请通过你分析的不一致之处，推断卧底身份，注意，这局游戏的词语分类为<水果>，卧底词和平民词都属于该类。
2024-12-13 15:16:20,781 - 4 - INFO - **********PLAYER4**********
2
2024-12-13 15:16:20,782 - 4 - INFO - **********JUDGER**********
你刚刚的推断是2|| 基于你刚刚的推断得出你的最终结论，请输出你认为的卧底，在这种情况下只需要输出编号，是1-4中的某个数字，不要输出其他信息。在这个过程不要进行任何推理，只对||以前的部分进行信息提取
2024-12-13 15:16:21,873 - 4 - INFO - **********PLAYER4**********
2
2024-12-13 15:16:43,892 - 4 - INFO - **********JUDGER**********
玩家1说：这是一个甜美多汁的水果，它在水果类中以其独特的紫色外观而闻名。与其他水果相比，它在口感上可能更偏向于多汁和略有酸味。这个水果有着丰富的汁液，其颜色深邃，给人以视觉上的吸引力。在品尝时，它可能带有一丝清爽的酸味，增添了一份独特的风味。这个水果的果实紧密排列，形成了一串串，每一颗果实都紧紧相连，这种串状结构是其显著特征。它的果实呈现出深邃的紫色，色泽诱人，同时口感多汁，酸中带甜，非常受人们喜爱。玩家2说：这是一个富含水分的水果，通常呈金黄色，表面有细小的条纹。它以其独特的香味和口感而受到喜爱，其中含有丰富的维生素C。在同类水果中，它最突出的不同特征是它通常含有三片明显的“心脏”，这是其果肉分布的显著特点。这个水果在水果界以其丰富的汁液和独特的香味而著称，它的质地柔软，口感清新。它通常呈现出明亮的黄色，表面带有明显的叶痕，这是它独有的外观特征。在同类水果中，它以其甜美的味道和容易剥皮的特点而受到喜爱。这个水果通常呈金黄色，有着硬壳和锋利的棘刺，内部肉质柔软，富含汁液。它的香味浓郁，口感独特，既甜又酸，非常受欢迎。在水果界，它以其易于剥皮和食用方便而著称，通常在表面可以看到明显的叶痕和生长环，这些特征是其独有的外观特点。这种水果在烹饪中用途广泛，既可生食也可用于制作各种甜点。玩家3说：这是一个多汁的果实，通常呈紫红色，表面有细小的种子。在同类水果中，它最突出的不同特征是它的果实呈串状，每个果实都紧密相连。这个水果的汁液丰富，味道甘甜，有着独特的风味。它的外观通常是紫红色的，表面光滑，没有明显的条纹。在同类水果中，它以其果实紧密相连的串状结构而著称，这种结构使其在视觉上非常吸引人。这个水果的每一颗果实都紧密相连，形成了一串串，这种串状结构是其最显著的特征。它的果实呈现出深邃的紫色，色泽诱人，同时口感多汁，酸中带甜，非常受人们喜爱。在同类水果中，它的这种串状排列方式非常独特，使其在视觉上非常吸引人。玩家4说：这是一个多汁的水果，通常呈紫红色，表面光滑。它在同类水果中最突出的不同特征是它的果实呈串状，每个果实都紧密相连。这个水果的汁液非常丰富，它的味道甘甜，带有轻微的酸味，这种独特的口感让人回味无穷。在同类水果中，它以其甜美的风味和串状的结构而著称，这种串状的特点使得它在视觉上显得格外诱人。你是第4号玩家，你的关键词是<葡萄>。你的回答中绝对不能包含你的关键词<葡萄>。这是第三轮描述，你之前的描述是这是一个多汁的水果，通常呈紫红色，表面光滑。它在同类水果中最突出的不同特征是它的果实呈串状，每个果实都紧密相连。和这个水果的汁液非常丰富，它的味道甘甜，带有轻微的酸味，这种独特的口感让人回味无穷。在同类水果中，它以其甜美的风味和串状的结构而著称，这种串状的特点使得它在视觉上显得格外诱人。，注意，这局游戏的词语分类为<水果>，卧底词和平民词都属于该类，请你补充关于关键词的描述，注意，你的描述应该比起之前的描述更加贴近关键词，作为之前的补充
2024-12-13 15:16:48,515 - 4 - INFO - **********PLAYER4**********
这是一个甜美多汁的水果，通常呈紫红色，表面有细小的种子。在同类水果中，它最突出的不同特征是它的果实呈串状，每个果实都紧密相连。
2024-12-13 15:19:16,245 - 4 - INFO - **********JUDGER**********
玩家1说：这是一个甜美多汁的水果，它在水果类中以其独特的紫色外观而闻名。与其他水果相比，它在口感上可能更偏向于多汁和略有酸味。这个水果有着丰富的汁液，其颜色深邃，给人以视觉上的吸引力。在品尝时，它可能带有一丝清爽的酸味，增添了一份独特的风味。这个水果的果实紧密排列，形成了一串串，每一颗果实都紧紧相连，这种串状结构是其显著特征。它的果实呈现出深邃的紫色，色泽诱人，同时口感多汁，酸中带甜，非常受人们喜爱。玩家2说：这是一个富含水分的水果，通常呈金黄色，表面有细小的条纹。它以其独特的香味和口感而受到喜爱，其中含有丰富的维生素C。在同类水果中，它最突出的不同特征是它通常含有三片明显的“心脏”，这是其果肉分布的显著特点。这个水果在水果界以其丰富的汁液和独特的香味而著称，它的质地柔软，口感清新。它通常呈现出明亮的黄色，表面带有明显的叶痕，这是它独有的外观特征。在同类水果中，它以其甜美的味道和容易剥皮的特点而受到喜爱。这个水果通常呈金黄色，有着硬壳和锋利的棘刺，内部肉质柔软，富含汁液。它的香味浓郁，口感独特，既甜又酸，非常受欢迎。在水果界，它以其易于剥皮和食用方便而著称，通常在表面可以看到明显的叶痕和生长环，这些特征是其独有的外观特点。这种水果在烹饪中用途广泛，既可生食也可用于制作各种甜点。玩家3说：这是一个多汁的果实，通常呈紫红色，表面有细小的种子。在同类水果中，它最突出的不同特征是它的果实呈串状，每个果实都紧密相连。这个水果的汁液丰富，味道甘甜，有着独特的风味。它的外观通常是紫红色的，表面光滑，没有明显的条纹。在同类水果中，它以其果实紧密相连的串状结构而著称，这种结构使其在视觉上非常吸引人。这个水果的每一颗果实都紧密相连，形成了一串串，这种串状结构是其最显著的特征。它的果实呈现出深邃的紫色，色泽诱人，同时口感多汁，酸中带甜，非常受人们喜爱。在同类水果中，它的这种串状排列方式非常独特，使其在视觉上非常吸引人。玩家4说：这是一个多汁的水果，通常呈紫红色，表面光滑。它在同类水果中最突出的不同特征是它的果实呈串状，每个果实都紧密相连。这个水果的汁液非常丰富，它的味道甘甜，带有轻微的酸味，这种独特的口感让人回味无穷。在同类水果中，它以其甜美的风味和串状的结构而著称，这种串状的特点使得它在视觉上显得格外诱人。这是一个甜美多汁的水果，通常呈紫红色，表面有细小的种子。在同类水果中，它最突出的不同特征是它的果实呈串状，每个果实都紧密相连。||在这个游戏中，我们需要通过分析每位玩家的描述来找出卧底。通常，平民的描述会围绕相同的词语展开，而卧底的描述可能会因为词语的不同而显得不太一致。我们需要仔细比较每个描述之间的相似性和差异性，以找出可能的卧底，注意，卧底并不会隐藏自己，他会直接描述他的词语，现在，逐一分析每个玩家的描述，注意，这局游戏的词语分类为<水果>，卧底词和平民词都属于该类。||之前是第3轮描述和之前轮数描述的合集。你之前认为的卧底是玩家2。
2024-12-13 15:19:49,720 - 4 - INFO - **********PLAYER4**********
根据第3轮描述和之前轮数的描述，我们可以逐一分析每位玩家的描述：

玩家1的描述：
- 紫色外观
- 多汁且略带酸味
- 丰富的汁液
- 清爽的酸味
- 果实紧密排列，形成一串串
- 深邃的紫色，色泽诱人
- 口感多汁，酸中带甜

玩家2的描述：
- 金黄色
- 富含水分
- 独特的香味和口感
- 含有三片“心脏”状果肉分布
- 明亮的黄色，表面带有明显的叶痕
- 硬壳和锋利的棘刺
- 内部肉质柔软，富含汁液
- 香味浓郁，口感独特，既甜又酸
- 易于剥皮和食用方便
- 可用于制作甜点

玩家3的描述：
- 紫红色
- 多汁
- 表面有细小的种子
- 果实呈串状，紧密相连
- 汁液丰富，味道甘甜
- 表面光滑，没有明显的条纹
- 深邃的紫色，色泽诱人
- 口感多汁，酸中带甜

玩家4的描述：
- 紫红色
- 表面光滑
- 果实呈串状，紧密相连
- 汁液非常丰富
- 味道甘甜，带有轻微的酸味
- 甜美的风味
- 串状结构在视觉上吸引人

在之前的分析中，玩家2的描述被认为是最不一致的，因为它提到了金黄色、硬壳、棘刺和易于剥皮等特征，这些与玩家1、玩家3和玩家4的描述不符。

然而，现在我们可以看到玩家3和玩家4的描述在多个方面非常相似，包括颜色（紫红色）、汁液丰富、味道甘甜、酸中带甜、果实呈串状等。这些相似点表明玩家3和玩家4可能是平民。

玩家1的描述虽然与玩家3和玩家4相似，但在一些细节上有所不同，如酸味和果实的排列方式。

玩家2的描述在颜色、香味、口感和外观特征上与玩家1、玩家3和玩家4的描述有显著差异。

因此，基于描述的相似性和差异性，玩家2的描述仍然显示出与平民描述不一致的特点，这增加了玩家2作为卧底的可能性。因此，根据目前的描述，玩家2仍然是最可能的卧底候选人。
2024-12-13 15:19:49,725 - 4 - INFO - **********JUDGER**********
你刚刚的分析是根据第3轮描述和之前轮数的描述，我们可以逐一分析每位玩家的描述：

玩家1的描述：
- 紫色外观
- 多汁且略带酸味
- 丰富的汁液
- 清爽的酸味
- 果实紧密排列，形成一串串
- 深邃的紫色，色泽诱人
- 口感多汁，酸中带甜

玩家2的描述：
- 金黄色
- 富含水分
- 独特的香味和口感
- 含有三片“心脏”状果肉分布
- 明亮的黄色，表面带有明显的叶痕
- 硬壳和锋利的棘刺
- 内部肉质柔软，富含汁液
- 香味浓郁，口感独特，既甜又酸
- 易于剥皮和食用方便
- 可用于制作甜点

玩家3的描述：
- 紫红色
- 多汁
- 表面有细小的种子
- 果实呈串状，紧密相连
- 汁液丰富，味道甘甜
- 表面光滑，没有明显的条纹
- 深邃的紫色，色泽诱人
- 口感多汁，酸中带甜

玩家4的描述：
- 紫红色
- 表面光滑
- 果实呈串状，紧密相连
- 汁液非常丰富
- 味道甘甜，带有轻微的酸味
- 甜美的风味
- 串状结构在视觉上吸引人

在之前的分析中，玩家2的描述被认为是最不一致的，因为它提到了金黄色、硬壳、棘刺和易于剥皮等特征，这些与玩家1、玩家3和玩家4的描述不符。

然而，现在我们可以看到玩家3和玩家4的描述在多个方面非常相似，包括颜色（紫红色）、汁液丰富、味道甘甜、酸中带甜、果实呈串状等。这些相似点表明玩家3和玩家4可能是平民。

玩家1的描述虽然与玩家3和玩家4相似，但在一些细节上有所不同，如酸味和果实的排列方式。

玩家2的描述在颜色、香味、口感和外观特征上与玩家1、玩家3和玩家4的描述有显著差异。

因此，基于描述的相似性和差异性，玩家2的描述仍然显示出与平民描述不一致的特点，这增加了玩家2作为卧底的可能性。因此，根据目前的描述，玩家2仍然是最可能的卧底候选人。|| `请根据上述分析，比较描述以找出不一致之处，注意，这局游戏的词语分类为<水果>，卧底词和平民词都属于该类。
2024-12-13 15:20:14,781 - 4 - INFO - **********PLAYER4**********
根据上述分析，我们可以比较描述以找出不一致之处：

1. 玩家1的描述：
   - 紫色外观
   - 多汁且略带酸味
   - 丰富的汁液
   - 清爽的酸味
   - 果实紧密排列，形成一串串
   - 深邃的紫色，色泽诱人
   - 口感多汁，酸中带甜

2. 玩家2的描述：
   - 金黄色
   - 富含水分
   - 独特的香味和口感
   - 含有三片“心脏”状果肉分布
   - 明亮的黄色，表面带有明显的叶痕
   - 硬壳和锋利的棘刺
   - 内部肉质柔软，富含汁液
   - 香味浓郁，口感独特，既甜又酸
   - 易于剥皮和食用方便
   - 可用于制作甜点

3. 玩家3的描述：
   - 紫红色
   - 多汁
   - 表面有细小的种子
   - 果实呈串状，紧密相连
   - 汁液丰富，味道甘甜
   - 表面光滑，没有明显的条纹
   - 深邃的紫色，色泽诱人
   - 口感多汁，酸中带甜

4. 玩家4的描述：
   - 紫红色
   - 表面光滑
   - 果实呈串状，紧密相连
   - 汁液非常丰富
   - 味道甘甜，带有轻微的酸味
   - 甜美的风味
   - 串状结构在视觉上吸引人

不一致之处：
- 玩家2的描述中提到金黄色、硬壳和棘刺，这与玩家1、玩家3和玩家4描述的紫红色外观和光滑表面不符。
- 玩家2提到三片“心脏”状果肉分布，这是与其他玩家描述不一致的显著特征。
- 玩家2描述了易于剥皮和食用方便，以及可用于制作甜点，这些特征在玩家1、玩家3和玩家4的描述中没有提及。

基于这些不一致之处，玩家2的描述与玩家1、玩家3和玩家4的描述存在显著差异，这表明玩家2可能是卧底。
2024-12-13 15:20:14,785 - 4 - INFO - **********JUDGER**********
你刚刚的分析是根据上述分析，我们可以比较描述以找出不一致之处：

1. 玩家1的描述：
   - 紫色外观
   - 多汁且略带酸味
   - 丰富的汁液
   - 清爽的酸味
   - 果实紧密排列，形成一串串
   - 深邃的紫色，色泽诱人
   - 口感多汁，酸中带甜

2. 玩家2的描述：
   - 金黄色
   - 富含水分
   - 独特的香味和口感
   - 含有三片“心脏”状果肉分布
   - 明亮的黄色，表面带有明显的叶痕
   - 硬壳和锋利的棘刺
   - 内部肉质柔软，富含汁液
   - 香味浓郁，口感独特，既甜又酸
   - 易于剥皮和食用方便
   - 可用于制作甜点

3. 玩家3的描述：
   - 紫红色
   - 多汁
   - 表面有细小的种子
   - 果实呈串状，紧密相连
   - 汁液丰富，味道甘甜
   - 表面光滑，没有明显的条纹
   - 深邃的紫色，色泽诱人
   - 口感多汁，酸中带甜

4. 玩家4的描述：
   - 紫红色
   - 表面光滑
   - 果实呈串状，紧密相连
   - 汁液非常丰富
   - 味道甘甜，带有轻微的酸味
   - 甜美的风味
   - 串状结构在视觉上吸引人

不一致之处：
- 玩家2的描述中提到金黄色、硬壳和棘刺，这与玩家1、玩家3和玩家4描述的紫红色外观和光滑表面不符。
- 玩家2提到三片“心脏”状果肉分布，这是与其他玩家描述不一致的显著特征。
- 玩家2描述了易于剥皮和食用方便，以及可用于制作甜点，这些特征在玩家1、玩家3和玩家4的描述中没有提及。

基于这些不一致之处，玩家2的描述与玩家1、玩家3和玩家4的描述存在显著差异，这表明玩家2可能是卧底。|| 请通过你分析的不一致之处，推断卧底身份，注意，这局游戏的词语分类为<水果>，卧底词和平民词都属于该类。
2024-12-13 15:20:17,468 - 4 - INFO - **********PLAYER4**********
2
2024-12-13 15:20:17,468 - 4 - INFO - **********JUDGER**********
你刚刚的推断是2|| 基于你刚刚的推断得出你的最终结论，请输出你认为的卧底，在这种情况下只需要输出编号，是1-4中的某个数字，不要输出其他信息。在这个过程不要进行任何推理，只对||以前的部分进行信息提取
2024-12-13 15:20:18,971 - 4 - INFO - **********PLAYER4**********
2
