2024-12-12 21:45:14,834 - 1 - INFO - **********JUDGER**********
让我们来玩一个叫做<谁是卧底>的推理游戏。基本规则：<人数>：4人。<角色分配>：每位玩家随机抽取一个词语，3名玩家拿到的词语是相同的（平民词），1名玩家拿到与之相近但不同的词语（卧底词）。<游戏流程>：1、玩家轮流描述自己的词语，但<不能>直接说出词语本身。2、描述完毕后，投票选出最像卧底的玩家。3、每轮结束后，被投票选出的玩家出局，不能再进行描述或投票。4、每轮投票结束后，如果卧底被成功找出，平民方获胜；如果卧底未被找出且卧底人数等于或超过平民人数，则卧底方获胜。你将扮演一个<玩家>，请等待你被分配到的关键词。如果你听懂了，只回答，"好的，我准备好参加游戏了"，不要输出别的信息
2024-12-12 21:45:15,221 - 1 - INFO - **********PLAYER1**********
好的，我准备好参加游戏了
2024-12-12 21:45:19,012 - 1 - INFO - **********JUDGER**********
玩家1说：玩家2说：玩家3说：玩家4说：|| 你是第1号玩家，你的关键词是<月亮>。你的回答中绝对不能包含你的关键词<月亮>。这是第一轮描述，不需要分析||之前别的玩家的描述，请你描述关键词基本特征，注意，这局游戏的词语分类为<天文>，卧底词和平民词都属于该类，描述包括以下两点，1.他的基本特征是什么2.他在该类（天文）中最突出不同的特征是什么，尽量简短
2024-12-12 21:45:20,564 - 1 - INFO - **********PLAYER1**********
它是一种天体，夜晚能照亮大地。在所有天文现象中，它以圆形最为显著。
2024-12-12 21:45:24,128 - 1 - INFO - **********JUDGER**********
玩家1说：它是一种天体，夜晚能照亮大地。在所有天文现象中，它以圆形最为显著。玩家2说：它是一个巨大的球体，主要由岩石和金属构成。在同类天体中，它拥有一个显著的自转现象。玩家3说：它是一种自然天体，通常在夜空中可见，表面反射太阳光。与其他天体相比，它特别之处在于它通常呈现为圆形，且是唯一一个能够自然发光的天体。玩家4说：||在这个游戏中，我们需要通过分析每位玩家的描述来找出卧底。通常，平民的描述会围绕相同的词语展开，而卧底的描述可能会因为词语的不同而显得不太一致。我们需要仔细比较每个描述之间的相似性和差异性，以找出可能的卧底，注意，卧底并不会隐藏自己，他会直接描述他的词语，现在，逐一分析每个玩家的描述，注意，这局游戏的词语分类为<天文>，卧底词和平民词都属于该类。这是第一轮描述。
2024-12-12 21:45:30,544 - 1 - INFO - **********PLAYER1**********
好的，根据玩家的描述，我们可以进行如下分析：

玩家1的描述强调了天体和夜晚照亮的特征，但没有提到具体的天体名称，这与月亮的特征相符。

玩家2的描述提到了岩石和金属构成，以及自转现象，这些特征与月亮不符，因为月亮不是由岩石和金属构成，也没有自转现象。

玩家3的描述中提到自然天体、反射太阳光、圆形和自然发光，这些特征都与月亮相符，但是提到“唯一一个能够自然发光的天体”这一点可能是误导，因为月亮本身并不发光，而是反射太阳光。

玩家4没有提供任何描述，所以无法根据描述来判断。

综合分析，玩家2的描述与月亮的特征明显不符，因此他可能是卧底。而玩家3的描述虽然与月亮相符，但其中的一些细节可能是在误导其他玩家，所以他也可能是卧底。玩家1和玩家4因为没有提供描述，无法判断他们是否是卧底。
2024-12-12 21:45:30,545 - 1 - INFO - **********JUDGER**********
你刚刚的分析是好的，根据玩家的描述，我们可以进行如下分析：

玩家1的描述强调了天体和夜晚照亮的特征，但没有提到具体的天体名称，这与月亮的特征相符。

玩家2的描述提到了岩石和金属构成，以及自转现象，这些特征与月亮不符，因为月亮不是由岩石和金属构成，也没有自转现象。

玩家3的描述中提到自然天体、反射太阳光、圆形和自然发光，这些特征都与月亮相符，但是提到“唯一一个能够自然发光的天体”这一点可能是误导，因为月亮本身并不发光，而是反射太阳光。

玩家4没有提供任何描述，所以无法根据描述来判断。

综合分析，玩家2的描述与月亮的特征明显不符，因此他可能是卧底。而玩家3的描述虽然与月亮相符，但其中的一些细节可能是在误导其他玩家，所以他也可能是卧底。玩家1和玩家4因为没有提供描述，无法判断他们是否是卧底。|| `请根据上述分析，比较描述以找出不一致之处，注意，这局游戏的词语分类为<天文>，卧底词和平民词都属于该类。
2024-12-12 21:45:38,327 - 1 - INFO - **********PLAYER1**********
根据上述分析，我们可以比较描述中的一致性和不一致性如下：

1. 一致性：
   - 所有玩家都提到了“天体”这一基本特征，这与天文类词语的共同点相符。
   - 所有玩家都提到了“夜晚照亮大地”或“反射太阳光”这一特征，这是月亮和其他天文现象的共同点。

2. 不一致性：
   - 玩家2提到“岩石和金属构成”以及“自转现象”，这与月亮的特征不符，因为月亮主要由岩石构成，没有金属，且没有自转。
   - 玩家3提到“唯一一个能够自然发光的天体”，这是一个误导性的描述，因为月亮并不发光，它只是反射太阳光。这一点与月亮的特征不一致。
   - 玩家4没有提供描述，因此无法判断其描述是否与月亮的特征一致或不一致。

综上所述，玩家2和玩家3的描述与月亮的特征存在不一致之处，这可能是由于他们扮演的是卧底角色。玩家1的描述与月亮的特征相符，但没有提供足够的信息来排除他是卧底的可能性。由于玩家4没有描述，我们无法确定他的角色。因此，玩家2和玩家3是可能的不一致点，需要进一步调查。
2024-12-12 21:45:38,328 - 1 - INFO - **********JUDGER**********
你刚刚的分析是根据上述分析，我们可以比较描述中的一致性和不一致性如下：

1. 一致性：
   - 所有玩家都提到了“天体”这一基本特征，这与天文类词语的共同点相符。
   - 所有玩家都提到了“夜晚照亮大地”或“反射太阳光”这一特征，这是月亮和其他天文现象的共同点。

2. 不一致性：
   - 玩家2提到“岩石和金属构成”以及“自转现象”，这与月亮的特征不符，因为月亮主要由岩石构成，没有金属，且没有自转。
   - 玩家3提到“唯一一个能够自然发光的天体”，这是一个误导性的描述，因为月亮并不发光，它只是反射太阳光。这一点与月亮的特征不一致。
   - 玩家4没有提供描述，因此无法判断其描述是否与月亮的特征一致或不一致。

综上所述，玩家2和玩家3的描述与月亮的特征存在不一致之处，这可能是由于他们扮演的是卧底角色。玩家1的描述与月亮的特征相符，但没有提供足够的信息来排除他是卧底的可能性。由于玩家4没有描述，我们无法确定他的角色。因此，玩家2和玩家3是可能的不一致点，需要进一步调查。|| 请通过你分析的不一致之处，推断卧底身份，注意，这局游戏的词语分类为<天文>，卧底词和平民词都属于该类。
2024-12-12 21:45:48,030 - 1 - INFO - **********PLAYER1**********
根据我的分析，以下是我的推断：

玩家2的描述中提到的“岩石和金属构成”以及“自转现象”与月亮的特征明显不符。月亮主要由岩石构成，但没有金属，且它不进行自转。这些描述可能是故意误导的，因此玩家2很可能是卧底。

玩家3的描述中提到“唯一一个能够自然发光的天体”，这是一个错误的描述，因为月亮并不自然发光，它只是反射太阳光。这个描述虽然错误，但它可能是在试图模仿月亮的特征，而不是直接误导。因此，玩家3也可能是卧底，但他的描述更像是在模仿月亮，而不是直接与月亮的特征相悖。

玩家1的描述与月亮的特征相符，没有明显的误导或错误，因此根据描述，玩家1看起来像是平民。

玩家4没有提供任何描述，因此无法根据描述来判断其身份。

综合以上分析，玩家2和玩家3的描述与月亮的特征不一致，其中玩家2的描述直接与月亮的特征相悖，而玩家3的描述虽然错误，但更像是模仿。因此，我推断玩家2和玩家3中至少有一人是卧底。由于游戏规则允许卧底人数等于或超过平民人数，如果玩家3是卧底，那么玩家2也可能是平民；如果玩家2是卧底，那么玩家3可能是平民或也是卧底。因此，玩家2和玩家3的身份需要进一步调查和投票来确定。
2024-12-12 21:45:48,031 - 1 - INFO - **********JUDGER**********
你刚刚的推断是根据我的分析，以下是我的推断：

玩家2的描述中提到的“岩石和金属构成”以及“自转现象”与月亮的特征明显不符。月亮主要由岩石构成，但没有金属，且它不进行自转。这些描述可能是故意误导的，因此玩家2很可能是卧底。

玩家3的描述中提到“唯一一个能够自然发光的天体”，这是一个错误的描述，因为月亮并不自然发光，它只是反射太阳光。这个描述虽然错误，但它可能是在试图模仿月亮的特征，而不是直接误导。因此，玩家3也可能是卧底，但他的描述更像是在模仿月亮，而不是直接与月亮的特征相悖。

玩家1的描述与月亮的特征相符，没有明显的误导或错误，因此根据描述，玩家1看起来像是平民。

玩家4没有提供任何描述，因此无法根据描述来判断其身份。

综合以上分析，玩家2和玩家3的描述与月亮的特征不一致，其中玩家2的描述直接与月亮的特征相悖，而玩家3的描述虽然错误，但更像是模仿。因此，我推断玩家2和玩家3中至少有一人是卧底。由于游戏规则允许卧底人数等于或超过平民人数，如果玩家3是卧底，那么玩家2也可能是平民；如果玩家2是卧底，那么玩家3可能是平民或也是卧底。因此，玩家2和玩家3的身份需要进一步调查和投票来确定。|| 基于你刚刚的推断得出你的最终结论，请输出你认为的卧底，在这种情况下只需要输出编号，是1-4中的某个数字，不要输出其他信息。在这个过程不要进行任何推理，只对||以前的部分进行信息提取
2024-12-12 21:45:48,736 - 1 - INFO - **********PLAYER1**********
2
2024-12-12 21:46:42,441 - 1 - INFO - **********JUDGER**********
玩家1说：它是一种天体，夜晚能照亮大地。在所有天文现象中，它以圆形最为显著。玩家2说：它是一个巨大的球体，主要由岩石和金属构成。在同类天体中，它拥有一个显著的自转现象。玩家3说：它是一种自然天体，通常在夜空中可见，表面反射太阳光。与其他天体相比，它特别之处在于它通常呈现为圆形，且是唯一一个能够自然发光的天体。玩家4说：它是一种夜空中常见的天体，主要由岩石构成。与其他岩石天体相比，它以表面反射太阳光而特别突出。你是第1号玩家，你的关键词是<月亮>。你的回答中绝对不能包含你的关键词<月亮>。这是第二轮描述，你之前的描述是它是一种天体，夜晚能照亮大地。在所有天文现象中，它以圆形最为显著。，注意，这局游戏的词语分类为<天文>，卧底词和平民词都属于该类，请你补充关于关键词的描述，注意，你的描述应该比起之前的描述更加贴近关键词，作为之前的补充
2024-12-12 21:46:44,648 - 1 - INFO - **********PLAYER1**********
它是在夜空中最为明亮且周期性变化的天体之一，常常作为导航和计时的重要参照。它的形状在满月时最为完整，呈现出明显的圆形特征。
2024-12-12 21:46:50,355 - 1 - INFO - **********JUDGER**********
玩家1说：它是一种天体，夜晚能照亮大地。在所有天文现象中，它以圆形最为显著。它是在夜空中最为明亮且周期性变化的天体之一，常常作为导航和计时的重要参照。它的形状在满月时最为完整，呈现出明显的圆形特征。玩家2说：它是一个巨大的球体，主要由岩石和金属构成。在同类天体中，它拥有一个显著的自转现象。它是一种在夜空中常见的天体，表面特征包括多种地形，如山脉、平原和海洋。它在同类天体中以其蓝色调而著名，这是由于大气中的水分子对太阳光的散射作用。玩家3说：它是一种自然天体，通常在夜空中可见，表面反射太阳光。与其他天体相比，它特别之处在于它通常呈现为圆形，且是唯一一个能够自然发光的天体。它是一种在夜空中周期性出现的天体，它的亮度在不同阶段有所变化，对人类有着重要的文化意义。它的表面特征包括山脉、平原和海洋，以及明显的明暗变化。它在夜空中是除了太阳之外最为明亮的天体，对古代人们导航和计时有着重要作用。玩家4说：它是一种夜空中常见的天体，主要由岩石构成。与其他岩石天体相比，它以表面反射太阳光而特别突出。||在这个游戏中，我们需要通过分析每位玩家的描述来找出卧底。通常，平民的描述会围绕相同的词语展开，而卧底的描述可能会因为词语的不同而显得不太一致。我们需要仔细比较每个描述之间的相似性和差异性，以找出可能的卧底，注意，卧底并不会隐藏自己，他会直接描述他的词语，现在，逐一分析每个玩家的描述，注意，这局游戏的词语分类为<天文>，卧底词和平民词都属于该类。||之前是第2轮描述和之前轮数描述的合集。你之前认为的卧底是玩家2。
2024-12-12 21:46:50,952 - 1 - INFO - **********PLAYER1**********
2
2024-12-12 21:46:50,952 - 1 - INFO - **********JUDGER**********
你刚刚的分析是2|| `请根据上述分析，比较描述以找出不一致之处，注意，这局游戏的词语分类为<天文>，卧底词和平民词都属于该类。
2024-12-12 21:47:00,398 - 1 - INFO - **********PLAYER1**********
根据上述分析，我们可以比较描述中的一致性和不一致性如下：

1. 一致性：
   - 所有玩家都提到了天体、夜空中可见、表面反射太阳光、岩石构成、导航和计时等天文现象的共同特征。
   - 所有玩家都提到了表面特征包括山脉、平原和海洋。

2. 不一致性：
   - 玩家2提到“巨大的球体”和“自转现象”，这与月亮不符，因为月亮没有自转现象。
   - 玩家2提到“以表面反射太阳光而特别突出”，这与月亮相符，但没有提到月亮的周期性变化。
   - 玩家3提到“唯一一个能够自然发光的天体”，这是一个错误的描述，因为月亮并不自然发光，而是反射太阳光。
   - 玩家3提到“它的亮度在不同阶段有所变化”，这与月亮相符，但没有提到月亮的蓝色调。
   - 玩家4的描述与玩家2和玩家3的描述相似，但没有提到自转现象和蓝色调，这些是玩家2和玩家3描述中的不一致之处。

综上所述，玩家2和玩家3的描述中存在不一致之处，尤其是玩家3提到的“唯一一个能够自然发光的天体”这一点与月亮的特征不符。因此，玩家2和玩家3的描述可能是卧底。玩家1和玩家4的描述虽然与月亮的特征相符，但缺乏足够的细节来排除他们作为卧底的可能性。
2024-12-12 21:47:00,398 - 1 - INFO - **********JUDGER**********
你刚刚的分析是根据上述分析，我们可以比较描述中的一致性和不一致性如下：

1. 一致性：
   - 所有玩家都提到了天体、夜空中可见、表面反射太阳光、岩石构成、导航和计时等天文现象的共同特征。
   - 所有玩家都提到了表面特征包括山脉、平原和海洋。

2. 不一致性：
   - 玩家2提到“巨大的球体”和“自转现象”，这与月亮不符，因为月亮没有自转现象。
   - 玩家2提到“以表面反射太阳光而特别突出”，这与月亮相符，但没有提到月亮的周期性变化。
   - 玩家3提到“唯一一个能够自然发光的天体”，这是一个错误的描述，因为月亮并不自然发光，而是反射太阳光。
   - 玩家3提到“它的亮度在不同阶段有所变化”，这与月亮相符，但没有提到月亮的蓝色调。
   - 玩家4的描述与玩家2和玩家3的描述相似，但没有提到自转现象和蓝色调，这些是玩家2和玩家3描述中的不一致之处。

综上所述，玩家2和玩家3的描述中存在不一致之处，尤其是玩家3提到的“唯一一个能够自然发光的天体”这一点与月亮的特征不符。因此，玩家2和玩家3的描述可能是卧底。玩家1和玩家4的描述虽然与月亮的特征相符，但缺乏足够的细节来排除他们作为卧底的可能性。|| 请通过你分析的不一致之处，推断卧底身份，注意，这局游戏的词语分类为<天文>，卧底词和平民词都属于该类。
2024-12-12 21:47:01,342 - 1 - INFO - **********PLAYER1**********
2
2024-12-12 21:47:01,342 - 1 - INFO - **********JUDGER**********
你刚刚的推断是2|| 基于你刚刚的推断得出你的最终结论，请输出你认为的卧底，在这种情况下只需要输出编号，是1-4中的某个数字，不要输出其他信息。在这个过程不要进行任何推理，只对||以前的部分进行信息提取
2024-12-12 21:47:02,227 - 1 - INFO - **********PLAYER1**********
2
2024-12-12 21:48:01,123 - 1 - INFO - **********JUDGER**********
玩家1说：它是一种天体，夜晚能照亮大地。在所有天文现象中，它以圆形最为显著。它是在夜空中最为明亮且周期性变化的天体之一，常常作为导航和计时的重要参照。它的形状在满月时最为完整，呈现出明显的圆形特征。玩家2说：它是一个巨大的球体，主要由岩石和金属构成。在同类天体中，它拥有一个显著的自转现象。它是一种在夜空中常见的天体，表面特征包括多种地形，如山脉、平原和海洋。它在同类天体中以其蓝色调而著名，这是由于大气中的水分子对太阳光的散射作用。玩家3说：它是一种自然天体，通常在夜空中可见，表面反射太阳光。与其他天体相比，它特别之处在于它通常呈现为圆形，且是唯一一个能够自然发光的天体。它是一种在夜空中周期性出现的天体，它的亮度在不同阶段有所变化，对人类有着重要的文化意义。它的表面特征包括山脉、平原和海洋，以及明显的明暗变化。它在夜空中是除了太阳之外最为明亮的天体，对古代人们导航和计时有着重要作用。玩家4说：它是一种夜空中常见的天体，主要由岩石构成。与其他岩石天体相比，它以表面反射太阳光而特别突出。它是在夜空中以周期性变化而闻名的天体，亮度随时间而变化，对人类有着深远的文化和导航意义。你是第1号玩家，你的关键词是<月亮>。你的回答中绝对不能包含你的关键词<月亮>。这是第三轮描述，你之前的描述是它是一种天体，夜晚能照亮大地。在所有天文现象中，它以圆形最为显著。和它是在夜空中最为明亮且周期性变化的天体之一，常常作为导航和计时的重要参照。它的形状在满月时最为完整，呈现出明显的圆形特征。，注意，这局游戏的词语分类为<天文>，卧底词和平民词都属于该类，请你补充关于关键词的描述，注意，你的描述应该比起之前的描述更加贴近关键词，作为之前的补充
2024-12-12 21:48:03,018 - 1 - INFO - **********PLAYER1**********
它是一颗夜空中周期性变化的明亮天体，对古代航海和天文观测具有重要意义，其表面特征呈现出一种独特的明暗交替现象。
2024-12-12 21:48:09,861 - 1 - INFO - **********JUDGER**********
玩家1说：它是一种天体，夜晚能照亮大地。在所有天文现象中，它以圆形最为显著。它是在夜空中最为明亮且周期性变化的天体之一，常常作为导航和计时的重要参照。它的形状在满月时最为完整，呈现出明显的圆形特征。它是一颗夜空中周期性变化的明亮天体，对古代航海和天文观测具有重要意义，其表面特征呈现出一种独特的明暗交替现象。玩家2说：它是一个巨大的球体，主要由岩石和金属构成。在同类天体中，它拥有一个显著的自转现象。它是一种在夜空中常见的天体，表面特征包括多种地形，如山脉、平原和海洋。它在同类天体中以其蓝色调而著名，这是由于大气中的水分子对太阳光的散射作用。它是一种夜空中周期性变化的天体，亮度随时间而变化，对人类有着深远的文化和导航意义。它的表面特征包括多种地形，如山脉、平原和海洋，以及明显的明暗变化。玩家3说：它是一种自然天体，通常在夜空中可见，表面反射太阳光。与其他天体相比，它特别之处在于它通常呈现为圆形，且是唯一一个能够自然发光的天体。它是一种在夜空中周期性出现的天体，它的亮度在不同阶段有所变化，对人类有着重要的文化意义。它的表面特征包括山脉、平原和海洋，以及明显的明暗变化。它在夜空中是除了太阳之外最为明亮的天体，对古代人们导航和计时有着重要作用。它是一颗在夜空中周期性变化的天体，其亮度随时间变化，这种变化对人类有着深远的文化意义。它对古代航海和天文观测具有重要意义，其表面特征呈现出一种独特的明暗交替现象，包括山脉、平原和海洋。它是在夜空中最为明亮的天体之一，对古代人们导航和计时有着重要作用。玩家4说：它是一种夜空中常见的天体，主要由岩石构成。与其他岩石天体相比，它以表面反射太阳光而特别突出。它是在夜空中以周期性变化而闻名的天体，亮度随时间而变化，对人类有着深远的文化和导航意义。它是一颗在夜空中周期性变化的天体，亮度随时间而变化，对人类有着深远的文化和导航意义。它的表面特征呈现出独特的明暗交替现象，包括山脉、平原和海洋。||在这个游戏中，我们需要通过分析每位玩家的描述来找出卧底。通常，平民的描述会围绕相同的词语展开，而卧底的描述可能会因为词语的不同而显得不太一致。我们需要仔细比较每个描述之间的相似性和差异性，以找出可能的卧底，注意，卧底并不会隐藏自己，他会直接描述他的词语，现在，逐一分析每个玩家的描述，注意，这局游戏的词语分类为<天文>，卧底词和平民词都属于该类。||之前是第3轮描述和之前轮数描述的合集。你之前认为的卧底是玩家2。
2024-12-12 21:48:10,738 - 1 - INFO - **********PLAYER1**********
2
2024-12-12 21:48:10,739 - 1 - INFO - **********JUDGER**********
你刚刚的分析是2|| `请根据上述分析，比较描述以找出不一致之处，注意，这局游戏的词语分类为<天文>，卧底词和平民词都属于该类。
2024-12-12 21:48:18,508 - 1 - INFO - **********PLAYER1**********
在比较描述以找出不一致之处时，我们可以观察到以下差异：

1. 玩家1的描述集中在月亮的周期性变化、导航和计时功能，以及其明暗交替的表面特征。

2. 玩家2的描述提到了天体的自转现象和蓝色调，以及大气中的水分子对太阳光的散射作用，这些特征与月亮不符。

3. 玩家3的描述与玩家1的描述相似，但强调了天体是唯一一个能够自然发光的，这一点与月亮不符，因为月亮并不发光，而是反射太阳光。

4. 玩家4的描述与玩家1和玩家2的描述相似，但没有提到自转现象和蓝色调。

不一致之处主要体现在以下两点：
- 玩家2提到的“自转现象”和“蓝色调”与月亮不符，因为月亮没有自转现象，也不是以其蓝色调而著名。
- 玩家3提到的“唯一一个能够自然发光的天体”与月亮不符，因为月亮不发光。

因此，玩家2和玩家3的描述与月亮的特征存在不一致之处，这可能是由于他们扮演的是卧底角色。玩家1和玩家4的描述与月亮的特征相符，但没有提供足够的信息来排除他们作为卧底的可能性。
2024-12-12 21:48:18,509 - 1 - INFO - **********JUDGER**********
你刚刚的分析是在比较描述以找出不一致之处时，我们可以观察到以下差异：

1. 玩家1的描述集中在月亮的周期性变化、导航和计时功能，以及其明暗交替的表面特征。

2. 玩家2的描述提到了天体的自转现象和蓝色调，以及大气中的水分子对太阳光的散射作用，这些特征与月亮不符。

3. 玩家3的描述与玩家1的描述相似，但强调了天体是唯一一个能够自然发光的，这一点与月亮不符，因为月亮并不发光，而是反射太阳光。

4. 玩家4的描述与玩家1和玩家2的描述相似，但没有提到自转现象和蓝色调。

不一致之处主要体现在以下两点：
- 玩家2提到的“自转现象”和“蓝色调”与月亮不符，因为月亮没有自转现象，也不是以其蓝色调而著名。
- 玩家3提到的“唯一一个能够自然发光的天体”与月亮不符，因为月亮不发光。

因此，玩家2和玩家3的描述与月亮的特征存在不一致之处，这可能是由于他们扮演的是卧底角色。玩家1和玩家4的描述与月亮的特征相符，但没有提供足够的信息来排除他们作为卧底的可能性。|| 请通过你分析的不一致之处，推断卧底身份，注意，这局游戏的词语分类为<天文>，卧底词和平民词都属于该类。
2024-12-12 21:48:19,445 - 1 - INFO - **********PLAYER1**********
2
2024-12-12 21:48:19,445 - 1 - INFO - **********JUDGER**********
你刚刚的推断是2|| 基于你刚刚的推断得出你的最终结论，请输出你认为的卧底，在这种情况下只需要输出编号，是1-4中的某个数字，不要输出其他信息。在这个过程不要进行任何推理，只对||以前的部分进行信息提取
2024-12-12 21:48:20,756 - 1 - INFO - **********PLAYER1**********
2
