2024-12-12 21:45:16,755 - 3 - INFO - **********JUDGER**********
让我们来玩一个叫做<谁是卧底>的推理游戏。基本规则：<人数>：4人。<角色分配>：每位玩家随机抽取一个词语，3名玩家拿到的词语是相同的（平民词），1名玩家拿到与之相近但不同的词语（卧底词）。<游戏流程>：1、玩家轮流描述自己的词语，但<不能>直接说出词语本身。2、描述完毕后，投票选出最像卧底的玩家。3、每轮结束后，被投票选出的玩家出局，不能再进行描述或投票。4、每轮投票结束后，如果卧底被成功找出，平民方获胜；如果卧底未被找出且卧底人数等于或超过平民人数，则卧底方获胜。你将扮演一个<玩家>，请等待你被分配到的关键词。如果你听懂了，只回答，"好的，我准备好参加游戏了"，不要输出别的信息
2024-12-12 21:45:17,898 - 3 - INFO - **********PLAYER3**********
好的，我准备好参加游戏了
2024-12-12 21:45:21,803 - 3 - INFO - **********JUDGER**********
玩家1说：它是一种天体，夜晚能照亮大地。在所有天文现象中，它以圆形最为显著。玩家2说：它是一个巨大的球体，主要由岩石和金属构成。在同类天体中，它拥有一个显著的自转现象。玩家3说：玩家4说：|| 你是第3号玩家，你的关键词是<月亮>。你的回答中绝对不能包含你的关键词<月亮>。这是第一轮描述，不需要分析||之前别的玩家的描述，请你描述关键词基本特征，注意，这局游戏的词语分类为<天文>，卧底词和平民词都属于该类，描述包括以下两点，1.他的基本特征是什么2.他在该类（天文）中最突出不同的特征是什么，尽量简短
2024-12-12 21:45:23,154 - 3 - INFO - **********PLAYER3**********
它是一种自然天体，通常在夜空中可见，表面反射太阳光。与其他天体相比，它特别之处在于它通常呈现为圆形，且是唯一一个能够自然发光的天体。
2024-12-12 21:46:06,944 - 3 - INFO - **********JUDGER**********
玩家1说：它是一种天体，夜晚能照亮大地。在所有天文现象中，它以圆形最为显著。玩家2说：它是一个巨大的球体，主要由岩石和金属构成。在同类天体中，它拥有一个显著的自转现象。玩家3说：它是一种自然天体，通常在夜空中可见，表面反射太阳光。与其他天体相比，它特别之处在于它通常呈现为圆形，且是唯一一个能够自然发光的天体。玩家4说：||在这个游戏中，我们需要通过分析每位玩家的描述来找出卧底。通常，平民的描述会围绕相同的词语展开，而卧底的描述可能会因为词语的不同而显得不太一致。我们需要仔细比较每个描述之间的相似性和差异性，以找出可能的卧底，注意，卧底并不会隐藏自己，他会直接描述他的词语，现在，逐一分析每个玩家的描述，注意，这局游戏的词语分类为<天文>，卧底词和平民词都属于该类。这是第一轮描述。
2024-12-12 21:46:11,735 - 3 - INFO - **********PLAYER3**********
根据玩家们的描述，我们可以进行以下分析：

玩家1和玩家3的描述非常相似，都提到了天体、夜晚照亮大地、圆形显著等特征，这表明他们可能是平民。

玩家2的描述也提到了天体、巨大的球体、岩石和金属构成，以及自转现象，这些特征与玩家1和玩家3的描述有重叠，但玩家2还特别提到了自转现象，这可能是一个不同的角度，但仍然与平民的描述相符。

玩家4的描述虽然提到了天体、夜空中可见、反射太阳光等特征，但他同时也提到了“唯一一个能够自然发光的天体”，这个描述与玩家1和玩家3的描述有所不同，因为月亮并不是能够自然发光的，而是反射太阳光。这个描述可能是卧底词的线索。

综上所述，玩家4的描述似乎与其他玩家的描述有所不同，尤其是关于“自然发光”的描述，这可能是他作为卧底的一个提示。因此，在第一轮投票中，玩家4可能是最值得怀疑的候选人。
2024-12-12 21:46:11,736 - 3 - INFO - **********JUDGER**********
你刚刚的分析是根据玩家们的描述，我们可以进行以下分析：

玩家1和玩家3的描述非常相似，都提到了天体、夜晚照亮大地、圆形显著等特征，这表明他们可能是平民。

玩家2的描述也提到了天体、巨大的球体、岩石和金属构成，以及自转现象，这些特征与玩家1和玩家3的描述有重叠，但玩家2还特别提到了自转现象，这可能是一个不同的角度，但仍然与平民的描述相符。

玩家4的描述虽然提到了天体、夜空中可见、反射太阳光等特征，但他同时也提到了“唯一一个能够自然发光的天体”，这个描述与玩家1和玩家3的描述有所不同，因为月亮并不是能够自然发光的，而是反射太阳光。这个描述可能是卧底词的线索。

综上所述，玩家4的描述似乎与其他玩家的描述有所不同，尤其是关于“自然发光”的描述，这可能是他作为卧底的一个提示。因此，在第一轮投票中，玩家4可能是最值得怀疑的候选人。|| `请根据上述分析，比较描述以找出不一致之处，注意，这局游戏的词语分类为<天文>，卧底词和平民词都属于该类。
2024-12-12 21:46:19,924 - 3 - INFO - **********PLAYER3**********
根据上述分析，我们可以比较描述以找出不一致之处：

1. 玩家1和玩家3的描述高度一致，都提到了以下特征：
   - 天体
   - 夜晚能照亮大地
   - 圆形最为显著

2. 玩家2的描述也包含了以下特征，与玩家1和玩家3的描述相似：
   - 天体
   - 巨大的球体
   - 主要由岩石和金属构成
   - 在同类天体中拥有显著的自转现象

3. 玩家4的描述包含了以下特征：
   - 天体
   - 夜空中可见
   - 表面反射太阳光
   - 唯一一个能够自然发光的天体

不一致之处在于：
- 玩家4的描述中提到了“唯一一个能够自然发光的天体”，这与已知的天文知识不符，因为月亮并不是能够自然发光的，而是反射太阳光。这个描述与玩家1和玩家3的描述中的“夜晚能照亮大地”和“圆形最为显著”等特征不一致，因为这些特征更符合月亮的特性。

因此，不一致之处在于玩家4的描述中关于“自然发光”的描述，这可能是他作为卧底的关键线索，因为其他玩家的描述都围绕着月亮这一天文现象的特征展开。
2024-12-12 21:46:19,927 - 3 - INFO - **********JUDGER**********
你刚刚的分析是根据上述分析，我们可以比较描述以找出不一致之处：

1. 玩家1和玩家3的描述高度一致，都提到了以下特征：
   - 天体
   - 夜晚能照亮大地
   - 圆形最为显著

2. 玩家2的描述也包含了以下特征，与玩家1和玩家3的描述相似：
   - 天体
   - 巨大的球体
   - 主要由岩石和金属构成
   - 在同类天体中拥有显著的自转现象

3. 玩家4的描述包含了以下特征：
   - 天体
   - 夜空中可见
   - 表面反射太阳光
   - 唯一一个能够自然发光的天体

不一致之处在于：
- 玩家4的描述中提到了“唯一一个能够自然发光的天体”，这与已知的天文知识不符，因为月亮并不是能够自然发光的，而是反射太阳光。这个描述与玩家1和玩家3的描述中的“夜晚能照亮大地”和“圆形最为显著”等特征不一致，因为这些特征更符合月亮的特性。

因此，不一致之处在于玩家4的描述中关于“自然发光”的描述，这可能是他作为卧底的关键线索，因为其他玩家的描述都围绕着月亮这一天文现象的特征展开。|| 请通过你分析的不一致之处，推断卧底身份，注意，这局游戏的词语分类为<天文>，卧底词和平民词都属于该类。
2024-12-12 21:46:25,090 - 3 - INFO - **********PLAYER3**********
根据分析中指出的不一致之处，我们可以推断卧底身份：

玩家4的描述中提到“唯一一个能够自然发光的天体”，这一特征与天文知识不符，因为实际上没有自然发光的天体。月亮并不是能够自然发光的，而是反射太阳光。因此，玩家4的描述中关于“自然发光”的矛盾点指向了月亮不是卧底词。

考虑到游戏中的词语分类为《天文》，且卧底词和平民词都属于该类，我们可以排除掉月亮作为平民词的可能性。因此，玩家4的描述中提到的“唯一一个能够自然发光的天体”这一特征，实际上更符合太阳这一天体的特性。

综上所述，玩家4很可能是卧底，他的关键词是《太阳》。
2024-12-12 21:46:25,090 - 3 - INFO - **********JUDGER**********
你刚刚的推断是根据分析中指出的不一致之处，我们可以推断卧底身份：

玩家4的描述中提到“唯一一个能够自然发光的天体”，这一特征与天文知识不符，因为实际上没有自然发光的天体。月亮并不是能够自然发光的，而是反射太阳光。因此，玩家4的描述中关于“自然发光”的矛盾点指向了月亮不是卧底词。

考虑到游戏中的词语分类为《天文》，且卧底词和平民词都属于该类，我们可以排除掉月亮作为平民词的可能性。因此，玩家4的描述中提到的“唯一一个能够自然发光的天体”这一特征，实际上更符合太阳这一天体的特性。

综上所述，玩家4很可能是卧底，他的关键词是《太阳》。|| 基于你刚刚的推断得出你的最终结论，请输出你认为的卧底，在这种情况下只需要输出编号，是1-4中的某个数字，不要输出其他信息。在这个过程不要进行任何推理，只对||以前的部分进行信息提取
2024-12-12 21:46:25,768 - 3 - INFO - **********PLAYER3**********
4
2024-12-12 21:46:46,466 - 3 - INFO - **********JUDGER**********
玩家1说：它是一种天体，夜晚能照亮大地。在所有天文现象中，它以圆形最为显著。它是在夜空中最为明亮且周期性变化的天体之一，常常作为导航和计时的重要参照。它的形状在满月时最为完整，呈现出明显的圆形特征。玩家2说：它是一个巨大的球体，主要由岩石和金属构成。在同类天体中，它拥有一个显著的自转现象。它是一种在夜空中常见的天体，表面特征包括多种地形，如山脉、平原和海洋。它在同类天体中以其蓝色调而著名，这是由于大气中的水分子对太阳光的散射作用。玩家3说：它是一种自然天体，通常在夜空中可见，表面反射太阳光。与其他天体相比，它特别之处在于它通常呈现为圆形，且是唯一一个能够自然发光的天体。玩家4说：它是一种夜空中常见的天体，主要由岩石构成。与其他岩石天体相比，它以表面反射太阳光而特别突出。你是第3号玩家，你的关键词是<月亮>。你的回答中绝对不能包含你的关键词<月亮>。这是第二轮描述，你之前的描述是它是一种自然天体，通常在夜空中可见，表面反射太阳光。与其他天体相比，它特别之处在于它通常呈现为圆形，且是唯一一个能够自然发光的天体。，注意，这局游戏的词语分类为<天文>，卧底词和平民词都属于该类，请你补充关于关键词的描述，注意，你的描述应该比起之前的描述更加贴近关键词，作为之前的补充
2024-12-12 21:46:48,663 - 3 - INFO - **********PLAYER3**********
它是一种在夜空中周期性出现的天体，它的亮度在不同阶段有所变化，对人类有着重要的文化意义。它的表面特征包括山脉、平原和海洋，以及明显的明暗变化。它在夜空中是除了太阳之外最为明亮的天体，对古代人们导航和计时有着重要作用。
2024-12-12 21:47:14,139 - 3 - INFO - **********JUDGER**********
玩家1说：它是一种天体，夜晚能照亮大地。在所有天文现象中，它以圆形最为显著。它是在夜空中最为明亮且周期性变化的天体之一，常常作为导航和计时的重要参照。它的形状在满月时最为完整，呈现出明显的圆形特征。玩家2说：它是一个巨大的球体，主要由岩石和金属构成。在同类天体中，它拥有一个显著的自转现象。它是一种在夜空中常见的天体，表面特征包括多种地形，如山脉、平原和海洋。它在同类天体中以其蓝色调而著名，这是由于大气中的水分子对太阳光的散射作用。玩家3说：它是一种自然天体，通常在夜空中可见，表面反射太阳光。与其他天体相比，它特别之处在于它通常呈现为圆形，且是唯一一个能够自然发光的天体。它是一种在夜空中周期性出现的天体，它的亮度在不同阶段有所变化，对人类有着重要的文化意义。它的表面特征包括山脉、平原和海洋，以及明显的明暗变化。它在夜空中是除了太阳之外最为明亮的天体，对古代人们导航和计时有着重要作用。玩家4说：它是一种夜空中常见的天体，主要由岩石构成。与其他岩石天体相比，它以表面反射太阳光而特别突出。||在这个游戏中，我们需要通过分析每位玩家的描述来找出卧底。通常，平民的描述会围绕相同的词语展开，而卧底的描述可能会因为词语的不同而显得不太一致。我们需要仔细比较每个描述之间的相似性和差异性，以找出可能的卧底，注意，卧底并不会隐藏自己，他会直接描述他的词语，现在，逐一分析每个玩家的描述，注意，这局游戏的词语分类为<天文>，卧底词和平民词都属于该类。||之前是第2轮描述和之前轮数描述的合集。你之前认为的卧底是玩家4。
2024-12-12 21:47:23,782 - 3 - INFO - **********PLAYER3**********
根据第二轮描述和之前的描述，我们可以进行以下分析：

玩家1的描述强调了天体在夜空中照亮大地、周期性变化、作为导航和计时的参照，以及满月时的圆形特征。

玩家2的描述提到了天体是一个巨大的球体，主要由岩石和金属构成，具有显著的自转现象，表面有山脉、平原和海洋，以及以其蓝色调而著名。

玩家3的描述与玩家1相似，但更详细地描述了天体的表面特征和文化意义，包括周期性亮度变化和明暗变化。

玩家4的描述则集中在天体主要由岩石构成，以表面反射太阳光而特别突出。

在第一轮中，玩家4的描述中提到“唯一一个能够自然发光的天体”，这与月亮的特性不符，因此我推断玩家4是卧底。

然而，在第二轮中，玩家4的描述与玩家1和玩家3的描述在许多方面都存在重叠，尤其是关于天体在夜空中可见、表面反射太阳光、具有多种地形等特征。这表明玩家4的描述可能更加接近平民的描述，而不是卧底。

综上所述，如果玩家4的描述在第二轮变得更加一致，那么之前的推断可能需要重新考虑。但基于目前的描述，玩家4的描述似乎不再那么独特，因此我之前的推断――玩家4是卧底――可能不再成立。需要更多的信息来进一步确定卧底的身份。
2024-12-12 21:47:23,783 - 3 - INFO - **********JUDGER**********
你刚刚的分析是根据第二轮描述和之前的描述，我们可以进行以下分析：

玩家1的描述强调了天体在夜空中照亮大地、周期性变化、作为导航和计时的参照，以及满月时的圆形特征。

玩家2的描述提到了天体是一个巨大的球体，主要由岩石和金属构成，具有显著的自转现象，表面有山脉、平原和海洋，以及以其蓝色调而著名。

玩家3的描述与玩家1相似，但更详细地描述了天体的表面特征和文化意义，包括周期性亮度变化和明暗变化。

玩家4的描述则集中在天体主要由岩石构成，以表面反射太阳光而特别突出。

在第一轮中，玩家4的描述中提到“唯一一个能够自然发光的天体”，这与月亮的特性不符，因此我推断玩家4是卧底。

然而，在第二轮中，玩家4的描述与玩家1和玩家3的描述在许多方面都存在重叠，尤其是关于天体在夜空中可见、表面反射太阳光、具有多种地形等特征。这表明玩家4的描述可能更加接近平民的描述，而不是卧底。

综上所述，如果玩家4的描述在第二轮变得更加一致，那么之前的推断可能需要重新考虑。但基于目前的描述，玩家4的描述似乎不再那么独特，因此我之前的推断――玩家4是卧底――可能不再成立。需要更多的信息来进一步确定卧底的身份。|| `请根据上述分析，比较描述以找出不一致之处，注意，这局游戏的词语分类为<天文>，卧底词和平民词都属于该类。
2024-12-12 21:47:30,936 - 3 - INFO - **********PLAYER3**********
根据上述分析，我们可以比较描述以找出不一致之处：

1. 玩家1和玩家3的描述非常相似，都强调了天体在夜空中照亮大地、周期性变化、作为导航和计时的参照，以及满月时的圆形特征。他们的描述也提到了天体的表面特征，如山脉、平原和海洋。

2. 玩家2的描述与玩家1和玩家3的描述有所不同，特别提到了天体主要由岩石和金属构成，具有显著的自转现象，以及以其蓝色调而著名。这些特征在玩家1和玩家3的描述中没有提及。

3. 玩家4的描述与玩家1和玩家3的描述相似，都提到了天体在夜空中可见、表面反射太阳光、具有多种地形等特征。然而，玩家4没有提到天体的周期性变化、导航和计时的作用，也没有提到满月时的圆形特征。

不一致之处在于：
- 玩家2的描述中提到了自转现象和蓝色调，这些特征在玩家1和玩家3的描述中没有出现。
- 玩家4的描述虽然提到了表面反射太阳光和多种地形，但没有提到天体的周期性变化、导航和计时的作用，也没有提到满月时的圆形特征。

这些不一致之处表明玩家2和玩家4的描述可能更接近卧底的特征，因为他们的描述包含了一些与平民描述不同的信息。
2024-12-12 21:47:30,937 - 3 - INFO - **********JUDGER**********
你刚刚的分析是根据上述分析，我们可以比较描述以找出不一致之处：

1. 玩家1和玩家3的描述非常相似，都强调了天体在夜空中照亮大地、周期性变化、作为导航和计时的参照，以及满月时的圆形特征。他们的描述也提到了天体的表面特征，如山脉、平原和海洋。

2. 玩家2的描述与玩家1和玩家3的描述有所不同，特别提到了天体主要由岩石和金属构成，具有显著的自转现象，以及以其蓝色调而著名。这些特征在玩家1和玩家3的描述中没有提及。

3. 玩家4的描述与玩家1和玩家3的描述相似，都提到了天体在夜空中可见、表面反射太阳光、具有多种地形等特征。然而，玩家4没有提到天体的周期性变化、导航和计时的作用，也没有提到满月时的圆形特征。

不一致之处在于：
- 玩家2的描述中提到了自转现象和蓝色调，这些特征在玩家1和玩家3的描述中没有出现。
- 玩家4的描述虽然提到了表面反射太阳光和多种地形，但没有提到天体的周期性变化、导航和计时的作用，也没有提到满月时的圆形特征。

这些不一致之处表明玩家2和玩家4的描述可能更接近卧底的特征，因为他们的描述包含了一些与平民描述不同的信息。|| 请通过你分析的不一致之处，推断卧底身份，注意，这局游戏的词语分类为<天文>，卧底词和平民词都属于该类。
2024-12-12 21:47:35,588 - 3 - INFO - **********PLAYER3**********
根据分析的不一致之处，我们可以推断卧底身份：

- 玩家2的描述中提到了天体主要由岩石和金属构成，具有显著的自转现象，以及以其蓝色调而著名。这些特征与玩家1和玩家3的描述不符，因为月亮并不是由岩石和金属构成，也没有自转现象，而且它的颜色并不是以其蓝色调著名。

- 玩家4的描述虽然提到了天体主要由岩石构成，但没有提到自转现象和蓝色调，这两个特征在玩家2的描述中是显著的。此外，玩家4的描述也没有提到天体的周期性变化、导航和计时的作用，也没有提到满月时的圆形特征，这些是玩家1和玩家3描述中的关键点。

综合以上分析，玩家2的描述中包含的特征与月亮不符，而且与玩家1和玩家3的描述有显著差异。因此，根据这些不一致之处，玩家2很可能是卧底。
2024-12-12 21:47:35,590 - 3 - INFO - **********JUDGER**********
你刚刚的推断是根据分析的不一致之处，我们可以推断卧底身份：

- 玩家2的描述中提到了天体主要由岩石和金属构成，具有显著的自转现象，以及以其蓝色调而著名。这些特征与玩家1和玩家3的描述不符，因为月亮并不是由岩石和金属构成，也没有自转现象，而且它的颜色并不是以其蓝色调著名。

- 玩家4的描述虽然提到了天体主要由岩石构成，但没有提到自转现象和蓝色调，这两个特征在玩家2的描述中是显著的。此外，玩家4的描述也没有提到天体的周期性变化、导航和计时的作用，也没有提到满月时的圆形特征，这些是玩家1和玩家3描述中的关键点。

综合以上分析，玩家2的描述中包含的特征与月亮不符，而且与玩家1和玩家3的描述有显著差异。因此，根据这些不一致之处，玩家2很可能是卧底。|| 基于你刚刚的推断得出你的最终结论，请输出你认为的卧底，在这种情况下只需要输出编号，是1-4中的某个数字，不要输出其他信息。在这个过程不要进行任何推理，只对||以前的部分进行信息提取
2024-12-12 21:47:36,318 - 3 - INFO - **********PLAYER3**********
2
2024-12-12 21:48:05,021 - 3 - INFO - **********JUDGER**********
玩家1说：它是一种天体，夜晚能照亮大地。在所有天文现象中，它以圆形最为显著。它是在夜空中最为明亮且周期性变化的天体之一，常常作为导航和计时的重要参照。它的形状在满月时最为完整，呈现出明显的圆形特征。它是一颗夜空中周期性变化的明亮天体，对古代航海和天文观测具有重要意义，其表面特征呈现出一种独特的明暗交替现象。玩家2说：它是一个巨大的球体，主要由岩石和金属构成。在同类天体中，它拥有一个显著的自转现象。它是一种在夜空中常见的天体，表面特征包括多种地形，如山脉、平原和海洋。它在同类天体中以其蓝色调而著名，这是由于大气中的水分子对太阳光的散射作用。它是一种夜空中周期性变化的天体，亮度随时间而变化，对人类有着深远的文化和导航意义。它的表面特征包括多种地形，如山脉、平原和海洋，以及明显的明暗变化。玩家3说：它是一种自然天体，通常在夜空中可见，表面反射太阳光。与其他天体相比，它特别之处在于它通常呈现为圆形，且是唯一一个能够自然发光的天体。它是一种在夜空中周期性出现的天体，它的亮度在不同阶段有所变化，对人类有着重要的文化意义。它的表面特征包括山脉、平原和海洋，以及明显的明暗变化。它在夜空中是除了太阳之外最为明亮的天体，对古代人们导航和计时有着重要作用。玩家4说：它是一种夜空中常见的天体，主要由岩石构成。与其他岩石天体相比，它以表面反射太阳光而特别突出。它是在夜空中以周期性变化而闻名的天体，亮度随时间而变化，对人类有着深远的文化和导航意义。你是第3号玩家，你的关键词是<月亮>。你的回答中绝对不能包含你的关键词<月亮>。这是第三轮描述，你之前的描述是它是一种自然天体，通常在夜空中可见，表面反射太阳光。与其他天体相比，它特别之处在于它通常呈现为圆形，且是唯一一个能够自然发光的天体。和它是一种在夜空中周期性出现的天体，它的亮度在不同阶段有所变化，对人类有着重要的文化意义。它的表面特征包括山脉、平原和海洋，以及明显的明暗变化。它在夜空中是除了太阳之外最为明亮的天体，对古代人们导航和计时有着重要作用。，注意，这局游戏的词语分类为<天文>，卧底词和平民词都属于该类，请你补充关于关键词的描述，注意，你的描述应该比起之前的描述更加贴近关键词，作为之前的补充
2024-12-12 21:48:07,987 - 3 - INFO - **********PLAYER3**********
它是一颗在夜空中周期性变化的天体，其亮度随时间变化，这种变化对人类有着深远的文化意义。它对古代航海和天文观测具有重要意义，其表面特征呈现出一种独特的明暗交替现象，包括山脉、平原和海洋。它是在夜空中最为明亮的天体之一，对古代人们导航和计时有着重要作用。
2024-12-12 21:48:36,643 - 3 - INFO - **********JUDGER**********
玩家1说：它是一种天体，夜晚能照亮大地。在所有天文现象中，它以圆形最为显著。它是在夜空中最为明亮且周期性变化的天体之一，常常作为导航和计时的重要参照。它的形状在满月时最为完整，呈现出明显的圆形特征。它是一颗夜空中周期性变化的明亮天体，对古代航海和天文观测具有重要意义，其表面特征呈现出一种独特的明暗交替现象。玩家2说：它是一个巨大的球体，主要由岩石和金属构成。在同类天体中，它拥有一个显著的自转现象。它是一种在夜空中常见的天体，表面特征包括多种地形，如山脉、平原和海洋。它在同类天体中以其蓝色调而著名，这是由于大气中的水分子对太阳光的散射作用。它是一种夜空中周期性变化的天体，亮度随时间而变化，对人类有着深远的文化和导航意义。它的表面特征包括多种地形，如山脉、平原和海洋，以及明显的明暗变化。玩家3说：它是一种自然天体，通常在夜空中可见，表面反射太阳光。与其他天体相比，它特别之处在于它通常呈现为圆形，且是唯一一个能够自然发光的天体。它是一种在夜空中周期性出现的天体，它的亮度在不同阶段有所变化，对人类有着重要的文化意义。它的表面特征包括山脉、平原和海洋，以及明显的明暗变化。它在夜空中是除了太阳之外最为明亮的天体，对古代人们导航和计时有着重要作用。它是一颗在夜空中周期性变化的天体，其亮度随时间变化，这种变化对人类有着深远的文化意义。它对古代航海和天文观测具有重要意义，其表面特征呈现出一种独特的明暗交替现象，包括山脉、平原和海洋。它是在夜空中最为明亮的天体之一，对古代人们导航和计时有着重要作用。玩家4说：它是一种夜空中常见的天体，主要由岩石构成。与其他岩石天体相比，它以表面反射太阳光而特别突出。它是在夜空中以周期性变化而闻名的天体，亮度随时间而变化，对人类有着深远的文化和导航意义。它是一颗在夜空中周期性变化的天体，亮度随时间而变化，对人类有着深远的文化和导航意义。它的表面特征呈现出独特的明暗交替现象，包括山脉、平原和海洋。||在这个游戏中，我们需要通过分析每位玩家的描述来找出卧底。通常，平民的描述会围绕相同的词语展开，而卧底的描述可能会因为词语的不同而显得不太一致。我们需要仔细比较每个描述之间的相似性和差异性，以找出可能的卧底，注意，卧底并不会隐藏自己，他会直接描述他的词语，现在，逐一分析每个玩家的描述，注意，这局游戏的词语分类为<天文>，卧底词和平民词都属于该类。||之前是第3轮描述和之前轮数描述的合集。你之前认为的卧底是玩家2。
2024-12-12 21:48:48,239 - 3 - INFO - **********PLAYER3**********
根据第3轮描述和之前的描述的合集，我们可以进行以下分析：

玩家1的描述强调了天体在夜空中照亮大地、周期性变化、作为导航和计时的参照，以及满月时的圆形特征，表面特征包括山脉、平原和海洋。

玩家2的描述提到了天体是一个巨大的球体，主要由岩石和金属构成，具有显著的自转现象，表面有山脉、平原和海洋，以及以其蓝色调而著名。

玩家3的描述与玩家1相似，强调了天体的自然性质、夜空中可见、表面反射太阳光、周期性变化、亮度变化、文化意义和表面特征。

玩家4的描述提到了天体在夜空中常见、主要由岩石构成、表面反射太阳光、周期性变化、亮度变化、文化意义和表面特征。

在之前的分析中，玩家2的描述中提到了自转现象和蓝色调，这些特征在玩家1和玩家3的描述中没有提及，而且与月亮不符。然而，玩家4的描述与玩家1和玩家3的描述非常相似，都强调了天体的自然性质、表面特征和周期性变化。

由于玩家4的描述与玩家1和玩家3的描述高度一致，而且没有明显的与月亮不符的特征，而玩家2的描述中提到的自转现象和蓝色调可以与地球（另一个巨大的球体，主要由岩石和金属构成，具有自转现象，并且有大气，使得地球在夜空中呈现蓝色调）相符，因此玩家2的描述与地球的特征更为吻合。

综上所述，基于描述的一致性和差异性，玩家2的描述更像是卧底，关键词可能是《地球》。
2024-12-12 21:48:48,241 - 3 - INFO - **********JUDGER**********
你刚刚的分析是根据第3轮描述和之前的描述的合集，我们可以进行以下分析：

玩家1的描述强调了天体在夜空中照亮大地、周期性变化、作为导航和计时的参照，以及满月时的圆形特征，表面特征包括山脉、平原和海洋。

玩家2的描述提到了天体是一个巨大的球体，主要由岩石和金属构成，具有显著的自转现象，表面有山脉、平原和海洋，以及以其蓝色调而著名。

玩家3的描述与玩家1相似，强调了天体的自然性质、夜空中可见、表面反射太阳光、周期性变化、亮度变化、文化意义和表面特征。

玩家4的描述提到了天体在夜空中常见、主要由岩石构成、表面反射太阳光、周期性变化、亮度变化、文化意义和表面特征。

在之前的分析中，玩家2的描述中提到了自转现象和蓝色调，这些特征在玩家1和玩家3的描述中没有提及，而且与月亮不符。然而，玩家4的描述与玩家1和玩家3的描述非常相似，都强调了天体的自然性质、表面特征和周期性变化。

由于玩家4的描述与玩家1和玩家3的描述高度一致，而且没有明显的与月亮不符的特征，而玩家2的描述中提到的自转现象和蓝色调可以与地球（另一个巨大的球体，主要由岩石和金属构成，具有自转现象，并且有大气，使得地球在夜空中呈现蓝色调）相符，因此玩家2的描述与地球的特征更为吻合。

综上所述，基于描述的一致性和差异性，玩家2的描述更像是卧底，关键词可能是《地球》。|| `请根据上述分析，比较描述以找出不一致之处，注意，这局游戏的词语分类为<天文>，卧底词和平民词都属于该类。
2024-12-12 21:49:00,237 - 3 - INFO - **********PLAYER3**********
根据上述分析，我们可以比较描述以找出不一致之处：

1. 玩家1和玩家3的描述非常相似，都提到了以下特征：
   - 天体在夜空中照亮大地
   - 周期性变化
   - 作为导航和计时的参照
   - 表面特征包括山脉、平原和海洋
   - 满月时的圆形特征
   - 文化意义

2. 玩家4的描述与玩家1和玩家3的描述也相似，都提到了以下特征：
   - 天体在夜空中常见
   - 主要由岩石构成
   - 表面反射太阳光
   - 周期性变化
   - 亮度变化
   - 文化意义和导航意义

3. 玩家2的描述中提到了以下特征：
   - 天体是一个巨大的球体
   - 主要由岩石和金属构成
   - 具有显著的自转现象
   - 表面有山脉、平原和海洋
   - 以其蓝色调而著名
   - 周期性变化
   - 亮度变化
   - 文化意义和导航意义

不一致之处在于：
- 玩家2的描述中提到了“自转现象”和“蓝色调”，这两个特征在玩家1和玩家3的描述中没有提及。
- 玩家2的描述中提到的“岩石和金属构成”与玩家1和玩家3的描述中提到的“表面反射太阳光”相呼应，但没有明确提到金属。
- 玩家2的描述中特别强调了“蓝色调”，而玩家1和玩家3的描述中没有提到这一点。

由于玩家2的描述中包含了与地球相符的特征（自转现象、蓝色调、岩石和金属构成），而这些特征在玩家1和玩家3的描述中没有出现，因此玩家2的描述与平民的描述存在不一致之处。
2024-12-12 21:49:00,239 - 3 - INFO - **********JUDGER**********
你刚刚的分析是根据上述分析，我们可以比较描述以找出不一致之处：

1. 玩家1和玩家3的描述非常相似，都提到了以下特征：
   - 天体在夜空中照亮大地
   - 周期性变化
   - 作为导航和计时的参照
   - 表面特征包括山脉、平原和海洋
   - 满月时的圆形特征
   - 文化意义

2. 玩家4的描述与玩家1和玩家3的描述也相似，都提到了以下特征：
   - 天体在夜空中常见
   - 主要由岩石构成
   - 表面反射太阳光
   - 周期性变化
   - 亮度变化
   - 文化意义和导航意义

3. 玩家2的描述中提到了以下特征：
   - 天体是一个巨大的球体
   - 主要由岩石和金属构成
   - 具有显著的自转现象
   - 表面有山脉、平原和海洋
   - 以其蓝色调而著名
   - 周期性变化
   - 亮度变化
   - 文化意义和导航意义

不一致之处在于：
- 玩家2的描述中提到了“自转现象”和“蓝色调”，这两个特征在玩家1和玩家3的描述中没有提及。
- 玩家2的描述中提到的“岩石和金属构成”与玩家1和玩家3的描述中提到的“表面反射太阳光”相呼应，但没有明确提到金属。
- 玩家2的描述中特别强调了“蓝色调”，而玩家1和玩家3的描述中没有提到这一点。

由于玩家2的描述中包含了与地球相符的特征（自转现象、蓝色调、岩石和金属构成），而这些特征在玩家1和玩家3的描述中没有出现，因此玩家2的描述与平民的描述存在不一致之处。|| 请通过你分析的不一致之处，推断卧底身份，注意，这局游戏的词语分类为<天文>，卧底词和平民词都属于该类。
2024-12-12 21:49:05,976 - 3 - INFO - **********PLAYER3**********
根据分析的不一致之处，我们可以推断卧底身份：

玩家2的描述中提到的“自转现象”和“蓝色调”以及“岩石和金属构成”这些特征与地球相符，而与月亮不符。这些特征在玩家1和玩家3的描述中没有出现，因此玩家2的描述与平民的描述存在不一致之处。

综上所述，基于描述的一致性和差异性，玩家2的描述更像是卧底，关键词可能是《地球》。因此，推断卧底身份为玩家2。
2024-12-12 21:49:05,977 - 3 - INFO - **********JUDGER**********
你刚刚的推断是根据分析的不一致之处，我们可以推断卧底身份：

玩家2的描述中提到的“自转现象”和“蓝色调”以及“岩石和金属构成”这些特征与地球相符，而与月亮不符。这些特征在玩家1和玩家3的描述中没有出现，因此玩家2的描述与平民的描述存在不一致之处。

综上所述，基于描述的一致性和差异性，玩家2的描述更像是卧底，关键词可能是《地球》。因此，推断卧底身份为玩家2。|| 基于你刚刚的推断得出你的最终结论，请输出你认为的卧底，在这种情况下只需要输出编号，是1-4中的某个数字，不要输出其他信息。在这个过程不要进行任何推理，只对||以前的部分进行信息提取
2024-12-12 21:49:07,352 - 3 - INFO - **********PLAYER3**********
2
