2024-12-12 21:45:18,418 - 4 - INFO - **********JUDGER**********
让我们来玩一个叫做<谁是卧底>的推理游戏。基本规则：<人数>：4人。<角色分配>：每位玩家随机抽取一个词语，3名玩家拿到的词语是相同的（平民词），1名玩家拿到与之相近但不同的词语（卧底词）。<游戏流程>：1、玩家轮流描述自己的词语，但<不能>直接说出词语本身。2、描述完毕后，投票选出最像卧底的玩家。3、每轮结束后，被投票选出的玩家出局，不能再进行描述或投票。4、每轮投票结束后，如果卧底被成功找出，平民方获胜；如果卧底未被找出且卧底人数等于或超过平民人数，则卧底方获胜。你将扮演一个<玩家>，请等待你被分配到的关键词。如果你听懂了，只回答，"好的，我准备好参加游戏了"，不要输出别的信息
2024-12-12 21:45:19,011 - 4 - INFO - **********PLAYER4**********
好的，我准备好参加游戏了
2024-12-12 21:45:23,155 - 4 - INFO - **********JUDGER**********
玩家1说：它是一种天体，夜晚能照亮大地。在所有天文现象中，它以圆形最为显著。玩家2说：它是一个巨大的球体，主要由岩石和金属构成。在同类天体中，它拥有一个显著的自转现象。玩家3说：它是一种自然天体，通常在夜空中可见，表面反射太阳光。与其他天体相比，它特别之处在于它通常呈现为圆形，且是唯一一个能够自然发光的天体。玩家4说：|| 你是第4号玩家，你的关键词是<月亮>。你的回答中绝对不能包含你的关键词<月亮>。这是第一轮描述，不需要分析||之前别的玩家的描述，请你描述关键词基本特征，注意，这局游戏的词语分类为<天文>，卧底词和平民词都属于该类，描述包括以下两点，1.他的基本特征是什么2.他在该类（天文）中最突出不同的特征是什么，尽量简短
2024-12-12 21:45:24,128 - 4 - INFO - **********PLAYER4**********
它是一种夜空中常见的天体，主要由岩石构成。与其他岩石天体相比，它以表面反射太阳光而特别突出。
2024-12-12 21:46:25,770 - 4 - INFO - **********JUDGER**********
玩家1说：它是一种天体，夜晚能照亮大地。在所有天文现象中，它以圆形最为显著。玩家2说：它是一个巨大的球体，主要由岩石和金属构成。在同类天体中，它拥有一个显著的自转现象。玩家3说：它是一种自然天体，通常在夜空中可见，表面反射太阳光。与其他天体相比，它特别之处在于它通常呈现为圆形，且是唯一一个能够自然发光的天体。玩家4说：||在这个游戏中，我们需要通过分析每位玩家的描述来找出卧底。通常，平民的描述会围绕相同的词语展开，而卧底的描述可能会因为词语的不同而显得不太一致。我们需要仔细比较每个描述之间的相似性和差异性，以找出可能的卧底，注意，卧底并不会隐藏自己，他会直接描述他的词语，现在，逐一分析每个玩家的描述，注意，这局游戏的词语分类为<天文>，卧底词和平民词都属于该类。这是第一轮描述。
2024-12-12 21:46:28,754 - 4 - INFO - **********PLAYER4**********
根据玩家1、玩家2和玩家3的描述，他们都在描述一种天体，它能在夜晚照亮大地，表面反射太阳光，通常呈现为圆形。玩家4的描述则提到了一个唯一能够自然发光的天体，这与其他玩家的描述有所不同，因为月亮并不自然发光，而是反射太阳光。

因此，玩家4的描述可能更接近于卧底词，因为他的描述包含了一个与月亮不符的特征。不过，仅凭这一轮的描述还无法确定，因为月亮确实是一个能够反射太阳光的天体，并且通常呈现为圆形。我们需要更多的信息或者下一轮的描述来进一步判断。
2024-12-12 21:46:28,754 - 4 - INFO - **********JUDGER**********
你刚刚的分析是根据玩家1、玩家2和玩家3的描述，他们都在描述一种天体，它能在夜晚照亮大地，表面反射太阳光，通常呈现为圆形。玩家4的描述则提到了一个唯一能够自然发光的天体，这与其他玩家的描述有所不同，因为月亮并不自然发光，而是反射太阳光。

因此，玩家4的描述可能更接近于卧底词，因为他的描述包含了一个与月亮不符的特征。不过，仅凭这一轮的描述还无法确定，因为月亮确实是一个能够反射太阳光的天体，并且通常呈现为圆形。我们需要更多的信息或者下一轮的描述来进一步判断。|| `请根据上述分析，比较描述以找出不一致之处，注意，这局游戏的词语分类为<天文>，卧底词和平民词都属于该类。
2024-12-12 21:46:32,994 - 4 - INFO - **********PLAYER4**********
在比较四位玩家的描述时，我们可以注意到以下不一致之处：

1. **自然发光**：玩家4的描述中提到“唯一一个能够自然发光的天体”，这与月亮不符，因为月亮并不自然发光，而是反射太阳光。其他玩家的描述并没有提到这一点。

2. **构成材料**：玩家2的描述中提到天体主要由“岩石和金属构成”，这并不是月亮的主要构成材料。月亮主要由岩石构成，但金属并不是其主要成分。

3. **自转现象**：玩家2的描述中提到天体“拥有一个显著的自转现象”，而月亮实际上并没有显著的自转现象，它处于潮汐锁定状态，一个面始终朝向地球。

这些不一致之处表明玩家4的描述可能包含了与月亮不符的信息，因此玩家4可能是卧底。然而，由于月亮确实反射太阳光并呈现圆形，这些特征也与其他玩家的描述相符，因此需要更多的信息或者下一轮的描述来最终确定卧底的身份。
2024-12-12 21:46:32,995 - 4 - INFO - **********JUDGER**********
你刚刚的分析是在比较四位玩家的描述时，我们可以注意到以下不一致之处：

1. **自然发光**：玩家4的描述中提到“唯一一个能够自然发光的天体”，这与月亮不符，因为月亮并不自然发光，而是反射太阳光。其他玩家的描述并没有提到这一点。

2. **构成材料**：玩家2的描述中提到天体主要由“岩石和金属构成”，这并不是月亮的主要构成材料。月亮主要由岩石构成，但金属并不是其主要成分。

3. **自转现象**：玩家2的描述中提到天体“拥有一个显著的自转现象”，而月亮实际上并没有显著的自转现象，它处于潮汐锁定状态，一个面始终朝向地球。

这些不一致之处表明玩家4的描述可能包含了与月亮不符的信息，因此玩家4可能是卧底。然而，由于月亮确实反射太阳光并呈现圆形，这些特征也与其他玩家的描述相符，因此需要更多的信息或者下一轮的描述来最终确定卧底的身份。|| 请通过你分析的不一致之处，推断卧底身份，注意，这局游戏的词语分类为<天文>，卧底词和平民词都属于该类。
2024-12-12 21:46:40,704 - 4 - INFO - **********PLAYER4**********
基于上述分析，我们可以推断以下几点：

1. 玩家4的描述中提到的“唯一一个能够自然发光的天体”与月亮不符，因为月亮不自然发光，而是反射太阳光。这一点与其他玩家的描述不一致。

2. 玩家2的描述中提到的天体“主要由岩石和金属构成”与月亮的主要构成材料（主要是岩石）不完全一致，虽然这一点不是最关键的差异。

3. 玩家2的描述中提到的天体“拥有一个显著的自转现象”与月亮不符，因为月亮没有显著的自转，而是处于潮汐锁定状态。

综合这些信息，玩家4的描述包含了一个与月亮不符的关键特征，即“自然发光”。在<天文>这个分类中，除了月亮以外，唯一能够自然发光的天体是太阳。因此，根据这些不一致之处，玩家4的卧底身份最有可能是指太阳。
2024-12-12 21:46:40,705 - 4 - INFO - **********JUDGER**********
你刚刚的推断是基于上述分析，我们可以推断以下几点：

1. 玩家4的描述中提到的“唯一一个能够自然发光的天体”与月亮不符，因为月亮不自然发光，而是反射太阳光。这一点与其他玩家的描述不一致。

2. 玩家2的描述中提到的天体“主要由岩石和金属构成”与月亮的主要构成材料（主要是岩石）不完全一致，虽然这一点不是最关键的差异。

3. 玩家2的描述中提到的天体“拥有一个显著的自转现象”与月亮不符，因为月亮没有显著的自转，而是处于潮汐锁定状态。

综合这些信息，玩家4的描述包含了一个与月亮不符的关键特征，即“自然发光”。在<天文>这个分类中，除了月亮以外，唯一能够自然发光的天体是太阳。因此，根据这些不一致之处，玩家4的卧底身份最有可能是指太阳。|| 基于你刚刚的推断得出你的最终结论，请输出你认为的卧底，在这种情况下只需要输出编号，是1-4中的某个数字，不要输出其他信息。在这个过程不要进行任何推理，只对||以前的部分进行信息提取
2024-12-12 21:46:42,441 - 4 - INFO - **********PLAYER4**********
4
2024-12-12 21:46:48,664 - 4 - INFO - **********JUDGER**********
玩家1说：它是一种天体，夜晚能照亮大地。在所有天文现象中，它以圆形最为显著。它是在夜空中最为明亮且周期性变化的天体之一，常常作为导航和计时的重要参照。它的形状在满月时最为完整，呈现出明显的圆形特征。玩家2说：它是一个巨大的球体，主要由岩石和金属构成。在同类天体中，它拥有一个显著的自转现象。它是一种在夜空中常见的天体，表面特征包括多种地形，如山脉、平原和海洋。它在同类天体中以其蓝色调而著名，这是由于大气中的水分子对太阳光的散射作用。玩家3说：它是一种自然天体，通常在夜空中可见，表面反射太阳光。与其他天体相比，它特别之处在于它通常呈现为圆形，且是唯一一个能够自然发光的天体。它是一种在夜空中周期性出现的天体，它的亮度在不同阶段有所变化，对人类有着重要的文化意义。它的表面特征包括山脉、平原和海洋，以及明显的明暗变化。它在夜空中是除了太阳之外最为明亮的天体，对古代人们导航和计时有着重要作用。玩家4说：它是一种夜空中常见的天体，主要由岩石构成。与其他岩石天体相比，它以表面反射太阳光而特别突出。你是第4号玩家，你的关键词是<月亮>。你的回答中绝对不能包含你的关键词<月亮>。这是第二轮描述，你之前的描述是它是一种夜空中常见的天体，主要由岩石构成。与其他岩石天体相比，它以表面反射太阳光而特别突出。，注意，这局游戏的词语分类为<天文>，卧底词和平民词都属于该类，请你补充关于关键词的描述，注意，你的描述应该比起之前的描述更加贴近关键词，作为之前的补充
2024-12-12 21:46:50,355 - 4 - INFO - **********PLAYER4**********
它是在夜空中以周期性变化而闻名的天体，亮度随时间而变化，对人类有着深远的文化和导航意义。
2024-12-12 21:47:36,319 - 4 - INFO - **********JUDGER**********
玩家1说：它是一种天体，夜晚能照亮大地。在所有天文现象中，它以圆形最为显著。它是在夜空中最为明亮且周期性变化的天体之一，常常作为导航和计时的重要参照。它的形状在满月时最为完整，呈现出明显的圆形特征。玩家2说：它是一个巨大的球体，主要由岩石和金属构成。在同类天体中，它拥有一个显著的自转现象。它是一种在夜空中常见的天体，表面特征包括多种地形，如山脉、平原和海洋。它在同类天体中以其蓝色调而著名，这是由于大气中的水分子对太阳光的散射作用。玩家3说：它是一种自然天体，通常在夜空中可见，表面反射太阳光。与其他天体相比，它特别之处在于它通常呈现为圆形，且是唯一一个能够自然发光的天体。它是一种在夜空中周期性出现的天体，它的亮度在不同阶段有所变化，对人类有着重要的文化意义。它的表面特征包括山脉、平原和海洋，以及明显的明暗变化。它在夜空中是除了太阳之外最为明亮的天体，对古代人们导航和计时有着重要作用。玩家4说：它是一种夜空中常见的天体，主要由岩石构成。与其他岩石天体相比，它以表面反射太阳光而特别突出。||在这个游戏中，我们需要通过分析每位玩家的描述来找出卧底。通常，平民的描述会围绕相同的词语展开，而卧底的描述可能会因为词语的不同而显得不太一致。我们需要仔细比较每个描述之间的相似性和差异性，以找出可能的卧底，注意，卧底并不会隐藏自己，他会直接描述他的词语，现在，逐一分析每个玩家的描述，注意，这局游戏的词语分类为<天文>，卧底词和平民词都属于该类。||之前是第2轮描述和之前轮数描述的合集。你之前认为的卧底是玩家4。
2024-12-12 21:47:49,392 - 4 - INFO - **********PLAYER4**********
根据玩家1、玩家2、玩家3和玩家4的描述，以及之前的分析，以下是每位玩家的描述分析：

1. 玩家1的描述强调了天体的周期性变化、导航和计时功能，以及它在满月时的圆形特征。

2. 玩家2的描述提到了天体的自转现象、表面地形和蓝色调，这是由于大气中的水分子对太阳光的散射作用。

3. 玩家3的描述与玩家1的描述相似，强调了天体的周期性、文化意义、表面特征和导航功能，但没有提到蓝色调。

4. 玩家4的描述与玩家3的描述在表面特征和构成材料上相似，但没有提到周期性变化、导航和计时功能，也没有提到蓝色调。

基于之前的分析，玩家4的描述中缺少了周期性变化、导航和计时功能，以及蓝色调这些关键特征。然而，玩家4的描述与玩家3的描述在表面特征和构成材料上相似，这可能意味着玩家4的描述与玩家3的描述更为接近，而不是与玩家1的描述。

因此，如果玩家4是卧底，那么卧底词可能是一个与月亮相似但不是月亮的天体。考虑到所有描述都集中在天文类别，且玩家4的描述与玩家3的描述最为接近，但缺少了某些关键特征，玩家4仍然是最有可能的卧底候选。然而，如果玩家3的描述是一个隐藏的平民词，那么玩家4的卧底嫌疑会降低。

综上所述，玩家4仍然是卧底的最有可能候选人。
2024-12-12 21:47:49,393 - 4 - INFO - **********JUDGER**********
你刚刚的分析是根据玩家1、玩家2、玩家3和玩家4的描述，以及之前的分析，以下是每位玩家的描述分析：

1. 玩家1的描述强调了天体的周期性变化、导航和计时功能，以及它在满月时的圆形特征。

2. 玩家2的描述提到了天体的自转现象、表面地形和蓝色调，这是由于大气中的水分子对太阳光的散射作用。

3. 玩家3的描述与玩家1的描述相似，强调了天体的周期性、文化意义、表面特征和导航功能，但没有提到蓝色调。

4. 玩家4的描述与玩家3的描述在表面特征和构成材料上相似，但没有提到周期性变化、导航和计时功能，也没有提到蓝色调。

基于之前的分析，玩家4的描述中缺少了周期性变化、导航和计时功能，以及蓝色调这些关键特征。然而，玩家4的描述与玩家3的描述在表面特征和构成材料上相似，这可能意味着玩家4的描述与玩家3的描述更为接近，而不是与玩家1的描述。

因此，如果玩家4是卧底，那么卧底词可能是一个与月亮相似但不是月亮的天体。考虑到所有描述都集中在天文类别，且玩家4的描述与玩家3的描述最为接近，但缺少了某些关键特征，玩家4仍然是最有可能的卧底候选。然而，如果玩家3的描述是一个隐藏的平民词，那么玩家4的卧底嫌疑会降低。

综上所述，玩家4仍然是卧底的最有可能候选人。|| `请根据上述分析，比较描述以找出不一致之处，注意，这局游戏的词语分类为<天文>，卧底词和平民词都属于该类。
2024-12-12 21:47:55,017 - 4 - INFO - **********PLAYER4**********
在比较四位玩家的描述时，以下是不一致之处：

1. **周期性变化**：玩家1和玩家3的描述都提到了天体的周期性变化，而玩家4没有提到这一点。

2. **导航和计时功能**：玩家1的描述中提到了天体作为导航和计时的重要参照，而玩家4没有提及这一功能。

3. **蓝色调**：玩家2的描述中提到了天体以其蓝色调而著名，这是由于大气中的水分子对太阳光的散射作用，而玩家1、玩家3和玩家4都没有提到这一特征。

4. **自转现象**：玩家2的描述中提到了天体拥有一个显著的自转现象，而玩家1、玩家3和玩家4没有提及这一点。

5. **表面地形**：玩家2的描述中提到了天体的表面特征包括多种地形，如山脉、平原和海洋，而玩家1、玩家3和玩家4没有提及这一具体特征。

这些不一致之处表明玩家2的描述包含了与其他玩家描述不同的信息，尤其是在提到蓝色调和自转现象上，这可能与月亮不符，因为月亮通常不被描述为具有蓝色调，也不具有显著的自转现象。因此，玩家2的描述可能更接近于卧底词。
2024-12-12 21:47:55,017 - 4 - INFO - **********JUDGER**********
你刚刚的分析是在比较四位玩家的描述时，以下是不一致之处：

1. **周期性变化**：玩家1和玩家3的描述都提到了天体的周期性变化，而玩家4没有提到这一点。

2. **导航和计时功能**：玩家1的描述中提到了天体作为导航和计时的重要参照，而玩家4没有提及这一功能。

3. **蓝色调**：玩家2的描述中提到了天体以其蓝色调而著名，这是由于大气中的水分子对太阳光的散射作用，而玩家1、玩家3和玩家4都没有提到这一特征。

4. **自转现象**：玩家2的描述中提到了天体拥有一个显著的自转现象，而玩家1、玩家3和玩家4没有提及这一点。

5. **表面地形**：玩家2的描述中提到了天体的表面特征包括多种地形，如山脉、平原和海洋，而玩家1、玩家3和玩家4没有提及这一具体特征。

这些不一致之处表明玩家2的描述包含了与其他玩家描述不同的信息，尤其是在提到蓝色调和自转现象上，这可能与月亮不符，因为月亮通常不被描述为具有蓝色调，也不具有显著的自转现象。因此，玩家2的描述可能更接近于卧底词。|| 请通过你分析的不一致之处，推断卧底身份，注意，这局游戏的词语分类为<天文>，卧底词和平民词都属于该类。
2024-12-12 21:48:00,019 - 4 - INFO - **********PLAYER4**********
基于上述分析，考虑到所有描述都属于天文类别，且玩家2的描述中包含了与其他玩家不同的特征，特别是提到了天体具有蓝色调和显著的自转现象，这两个特征通常与月亮不符，我们可以推断玩家2很可能是卧底。因此，卧底的身份是玩家2。
2024-12-12 21:48:00,020 - 4 - INFO - **********JUDGER**********
你刚刚的推断是基于上述分析，考虑到所有描述都属于天文类别，且玩家2的描述中包含了与其他玩家不同的特征，特别是提到了天体具有蓝色调和显著的自转现象，这两个特征通常与月亮不符，我们可以推断玩家2很可能是卧底。因此，卧底的身份是玩家2。|| 基于你刚刚的推断得出你的最终结论，请输出你认为的卧底，在这种情况下只需要输出编号，是1-4中的某个数字，不要输出其他信息。在这个过程不要进行任何推理，只对||以前的部分进行信息提取
2024-12-12 21:48:01,123 - 4 - INFO - **********PLAYER4**********
2
2024-12-12 21:48:07,987 - 4 - INFO - **********JUDGER**********
玩家1说：它是一种天体，夜晚能照亮大地。在所有天文现象中，它以圆形最为显著。它是在夜空中最为明亮且周期性变化的天体之一，常常作为导航和计时的重要参照。它的形状在满月时最为完整，呈现出明显的圆形特征。它是一颗夜空中周期性变化的明亮天体，对古代航海和天文观测具有重要意义，其表面特征呈现出一种独特的明暗交替现象。玩家2说：它是一个巨大的球体，主要由岩石和金属构成。在同类天体中，它拥有一个显著的自转现象。它是一种在夜空中常见的天体，表面特征包括多种地形，如山脉、平原和海洋。它在同类天体中以其蓝色调而著名，这是由于大气中的水分子对太阳光的散射作用。它是一种夜空中周期性变化的天体，亮度随时间而变化，对人类有着深远的文化和导航意义。它的表面特征包括多种地形，如山脉、平原和海洋，以及明显的明暗变化。玩家3说：它是一种自然天体，通常在夜空中可见，表面反射太阳光。与其他天体相比，它特别之处在于它通常呈现为圆形，且是唯一一个能够自然发光的天体。它是一种在夜空中周期性出现的天体，它的亮度在不同阶段有所变化，对人类有着重要的文化意义。它的表面特征包括山脉、平原和海洋，以及明显的明暗变化。它在夜空中是除了太阳之外最为明亮的天体，对古代人们导航和计时有着重要作用。它是一颗在夜空中周期性变化的天体，其亮度随时间变化，这种变化对人类有着深远的文化意义。它对古代航海和天文观测具有重要意义，其表面特征呈现出一种独特的明暗交替现象，包括山脉、平原和海洋。它是在夜空中最为明亮的天体之一，对古代人们导航和计时有着重要作用。玩家4说：它是一种夜空中常见的天体，主要由岩石构成。与其他岩石天体相比，它以表面反射太阳光而特别突出。它是在夜空中以周期性变化而闻名的天体，亮度随时间而变化，对人类有着深远的文化和导航意义。你是第4号玩家，你的关键词是<月亮>。你的回答中绝对不能包含你的关键词<月亮>。这是第三轮描述，你之前的描述是它是一种夜空中常见的天体，主要由岩石构成。与其他岩石天体相比，它以表面反射太阳光而特别突出。和它是在夜空中以周期性变化而闻名的天体，亮度随时间而变化，对人类有着深远的文化和导航意义。，注意，这局游戏的词语分类为<天文>，卧底词和平民词都属于该类，请你补充关于关键词的描述，注意，你的描述应该比起之前的描述更加贴近关键词，作为之前的补充
2024-12-12 21:48:09,861 - 4 - INFO - **********PLAYER4**********
它是一颗在夜空中周期性变化的天体，亮度随时间而变化，对人类有着深远的文化和导航意义。它的表面特征呈现出独特的明暗交替现象，包括山脉、平原和海洋。
2024-12-12 21:49:07,353 - 4 - INFO - **********JUDGER**********
玩家1说：它是一种天体，夜晚能照亮大地。在所有天文现象中，它以圆形最为显著。它是在夜空中最为明亮且周期性变化的天体之一，常常作为导航和计时的重要参照。它的形状在满月时最为完整，呈现出明显的圆形特征。它是一颗夜空中周期性变化的明亮天体，对古代航海和天文观测具有重要意义，其表面特征呈现出一种独特的明暗交替现象。玩家2说：它是一个巨大的球体，主要由岩石和金属构成。在同类天体中，它拥有一个显著的自转现象。它是一种在夜空中常见的天体，表面特征包括多种地形，如山脉、平原和海洋。它在同类天体中以其蓝色调而著名，这是由于大气中的水分子对太阳光的散射作用。它是一种夜空中周期性变化的天体，亮度随时间而变化，对人类有着深远的文化和导航意义。它的表面特征包括多种地形，如山脉、平原和海洋，以及明显的明暗变化。玩家3说：它是一种自然天体，通常在夜空中可见，表面反射太阳光。与其他天体相比，它特别之处在于它通常呈现为圆形，且是唯一一个能够自然发光的天体。它是一种在夜空中周期性出现的天体，它的亮度在不同阶段有所变化，对人类有着重要的文化意义。它的表面特征包括山脉、平原和海洋，以及明显的明暗变化。它在夜空中是除了太阳之外最为明亮的天体，对古代人们导航和计时有着重要作用。它是一颗在夜空中周期性变化的天体，其亮度随时间变化，这种变化对人类有着深远的文化意义。它对古代航海和天文观测具有重要意义，其表面特征呈现出一种独特的明暗交替现象，包括山脉、平原和海洋。它是在夜空中最为明亮的天体之一，对古代人们导航和计时有着重要作用。玩家4说：它是一种夜空中常见的天体，主要由岩石构成。与其他岩石天体相比，它以表面反射太阳光而特别突出。它是在夜空中以周期性变化而闻名的天体，亮度随时间而变化，对人类有着深远的文化和导航意义。它是一颗在夜空中周期性变化的天体，亮度随时间而变化，对人类有着深远的文化和导航意义。它的表面特征呈现出独特的明暗交替现象，包括山脉、平原和海洋。||在这个游戏中，我们需要通过分析每位玩家的描述来找出卧底。通常，平民的描述会围绕相同的词语展开，而卧底的描述可能会因为词语的不同而显得不太一致。我们需要仔细比较每个描述之间的相似性和差异性，以找出可能的卧底，注意，卧底并不会隐藏自己，他会直接描述他的词语，现在，逐一分析每个玩家的描述，注意，这局游戏的词语分类为<天文>，卧底词和平民词都属于该类。||之前是第3轮描述和之前轮数描述的合集。你之前认为的卧底是玩家2。
2024-12-12 21:49:14,873 - 4 - INFO - **********PLAYER4**********
根据玩家1、玩家2、玩家3和玩家4的描述，以及之前的分析，以下是每位玩家的描述分析：

1. 玩家1的描述强调了天体的圆形、亮度、周期性变化、导航和计时功能，以及独特的明暗交替现象。

2. 玩家2的描述提到了天体的自转现象、蓝色调、多种地形、周期性变化、亮度变化、文化意义和导航功能。

3. 玩家3的描述与玩家1的描述相似，强调了天体的圆形、亮度、周期性变化、文化意义、导航功能、表面特征和明暗交替现象。

4. 玩家4的描述强调了天体的岩石构成、表面反射太阳光、周期性变化、亮度变化、文化意义、导航意义和表面特征。

玩家2的描述中提到了“蓝色调”，这是其他玩家没有提到的特征，而且这个特征与月亮不符，因为月亮通常不被描述为具有蓝色调。此外，玩家2的描述中提到了天体“拥有一个显著的自转现象”，而月亮实际上并没有显著的自转，它处于潮汐锁定状态。

基于这些信息，玩家2的描述仍然包含了一些与月亮不符的特征，因此他仍然是卧底的最有可能候选人。
2024-12-12 21:49:14,873 - 4 - INFO - **********JUDGER**********
你刚刚的分析是根据玩家1、玩家2、玩家3和玩家4的描述，以及之前的分析，以下是每位玩家的描述分析：

1. 玩家1的描述强调了天体的圆形、亮度、周期性变化、导航和计时功能，以及独特的明暗交替现象。

2. 玩家2的描述提到了天体的自转现象、蓝色调、多种地形、周期性变化、亮度变化、文化意义和导航功能。

3. 玩家3的描述与玩家1的描述相似，强调了天体的圆形、亮度、周期性变化、文化意义、导航功能、表面特征和明暗交替现象。

4. 玩家4的描述强调了天体的岩石构成、表面反射太阳光、周期性变化、亮度变化、文化意义、导航意义和表面特征。

玩家2的描述中提到了“蓝色调”，这是其他玩家没有提到的特征，而且这个特征与月亮不符，因为月亮通常不被描述为具有蓝色调。此外，玩家2的描述中提到了天体“拥有一个显著的自转现象”，而月亮实际上并没有显著的自转，它处于潮汐锁定状态。

基于这些信息，玩家2的描述仍然包含了一些与月亮不符的特征，因此他仍然是卧底的最有可能候选人。|| `请根据上述分析，比较描述以找出不一致之处，注意，这局游戏的词语分类为<天文>，卧底词和平民词都属于该类。
2024-12-12 21:49:22,412 - 4 - INFO - **********PLAYER4**********
在比较四位玩家的描述时，以下是不一致之处：

1. **蓝色调**：玩家2的描述中提到了天体“以其蓝色调而著名”，而其他玩家的描述中并没有提到这一点。

2. **自转现象**：玩家2的描述中提到了天体“拥有一个显著的自转现象”，而其他玩家的描述中并没有提及自转。

3. **表面特征**：玩家2的描述中提到了天体的表面特征包括“山脉、平原和海洋”，而其他玩家的描述中虽然也提到了表面特征，但没有具体列举这些地形。

这些不一致之处表明玩家2的描述与月亮的典型特征不符，因为月亮通常不被描述为具有蓝色调，也没有显著的自转现象，且其表面特征没有被特别提及为山脉、平原和海洋。因此，玩家2的描述可能包含了与月亮不符的信息，这是不一致之处。
2024-12-12 21:49:22,414 - 4 - INFO - **********JUDGER**********
你刚刚的分析是在比较四位玩家的描述时，以下是不一致之处：

1. **蓝色调**：玩家2的描述中提到了天体“以其蓝色调而著名”，而其他玩家的描述中并没有提到这一点。

2. **自转现象**：玩家2的描述中提到了天体“拥有一个显著的自转现象”，而其他玩家的描述中并没有提及自转。

3. **表面特征**：玩家2的描述中提到了天体的表面特征包括“山脉、平原和海洋”，而其他玩家的描述中虽然也提到了表面特征，但没有具体列举这些地形。

这些不一致之处表明玩家2的描述与月亮的典型特征不符，因为月亮通常不被描述为具有蓝色调，也没有显著的自转现象，且其表面特征没有被特别提及为山脉、平原和海洋。因此，玩家2的描述可能包含了与月亮不符的信息，这是不一致之处。|| 请通过你分析的不一致之处，推断卧底身份，注意，这局游戏的词语分类为<天文>，卧底词和平民词都属于该类。
2024-12-12 21:49:26,010 - 4 - INFO - **********PLAYER4**********
基于上述分析，考虑到所有描述都属于天文类别，且玩家2的描述中包含了与月亮不符的特征，如蓝色调和自转现象，我们可以推断玩家2很可能是卧底。因此，卧底的身份是玩家2。
2024-12-12 21:49:26,011 - 4 - INFO - **********JUDGER**********
你刚刚的推断是基于上述分析，考虑到所有描述都属于天文类别，且玩家2的描述中包含了与月亮不符的特征，如蓝色调和自转现象，我们可以推断玩家2很可能是卧底。因此，卧底的身份是玩家2。|| 基于你刚刚的推断得出你的最终结论，请输出你认为的卧底，在这种情况下只需要输出编号，是1-4中的某个数字，不要输出其他信息。在这个过程不要进行任何推理，只对||以前的部分进行信息提取
2024-12-12 21:49:27,049 - 4 - INFO - **********PLAYER4**********
2
