2024-12-13 11:33:20,478 - 1 - INFO - **********JUDGER**********
让我们来玩一个叫做<谁是卧底>的推理游戏。基本规则：<人数>：4人。<角色分配>：每位玩家随机抽取一个词语，3名玩家拿到的词语是相同的（平民词），1名玩家拿到与之相近但不同的词语（卧底词）。<游戏流程>：1、玩家轮流描述自己的词语，但<不能>直接说出词语本身。2、描述完毕后，投票选出最像卧底的玩家。3、每轮结束后，被投票选出的玩家出局，不能再进行描述或投票。4、每轮投票结束后，如果卧底被成功找出，平民方获胜；如果卧底未被找出且卧底人数等于或超过平民人数，则卧底方获胜。你将扮演一个<玩家>，请等待你被分配到的关键词。如果你听懂了，只回答，"好的，我准备好参加游戏了"，不要输出别的信息
2024-12-13 11:33:21,013 - 1 - INFO - **********PLAYER1**********
好的，我准备好参加游戏了
2024-12-13 11:33:25,336 - 1 - INFO - **********JUDGER**********
玩家1说：玩家2说：玩家3说：玩家4说：|| 你是第1号玩家，你的关键词是<苹果>。你的回答中绝对不能包含你的关键词<苹果>。这是第一轮描述，不需要分析||之前别的玩家的描述，请你描述关键词基本特征，注意，这局游戏的词语分类为<水果>，卧底词和平民词都属于该类，描述包括以下两点，1.他的基本特征是什么2.他在该类（水果）中最突出不同的特征是什么，尽量简短
2024-12-13 11:33:26,765 - 1 - INFO - **********PLAYER1**********
这个水果是圆形的，有鲜艳的颜色，通常有多种口味。在水果类中，它可能因为某种独特的味道或者营养价值而特别突出。
2024-12-13 11:33:31,000 - 1 - INFO - **********JUDGER**********
玩家1说：这个水果是圆形的，有鲜艳的颜色，通常有多种口味。在水果类中，它可能因为某种独特的味道或者营养价值而特别突出。玩家2说：这个水果通常呈红色或绿色，具有光滑的圆形外观。它在水果中以其丰富的汁液和多汁口感而闻名，而且有时因为其独特的营养成分或药用价值而备受推崇。玩家3说：这个水果通常是红色的，质地坚硬，富含水分，口感脆甜。它在同类水果中因其独特的甜酸口感和丰富的营养成分而受到喜爱。玩家4说：||在这个游戏中，我们需要通过分析每位玩家的描述来找出卧底。通常，平民的描述会围绕相同的词语展开，而卧底的描述可能会因为词语的不同而显得不太一致。我们需要仔细比较每个描述之间的相似性和差异性，以找出可能的卧底，注意，卧底并不会隐藏自己，他会直接描述他的词语，现在，逐一分析每个玩家的描述，注意，这局游戏的词语分类为<水果>，卧底词和平民词都属于该类。这是第一轮描述。
2024-12-13 11:33:35,210 - 1 - INFO - **********PLAYER1**********
好的，我注意到玩家1、玩家2和玩家3的描述都集中在水果的圆形、颜色、口味、汁液、口感和营养价值上，这些特征都与“苹果”这一水果相符。然而，玩家4的描述虽然也提到了水果的形状、颜色、口感和营养价值，但他的描述中加入了“在这个游戏中”这样的提示语，这可能是为了引导大家注意他的描述，同时也提到了卧底可能不会隐藏自己，这可能是为了分散注意力。此外，玩家4的描述没有明确指出是哪种水果，而是强调了游戏本身和卧底的角色，这可能与“苹果”这一词语的描述不符。因此，根据这些信息，玩家4的描述可能更加可疑，他可能是卧底。
2024-12-13 11:33:35,211 - 1 - INFO - **********JUDGER**********
你刚刚的分析是好的，我注意到玩家1、玩家2和玩家3的描述都集中在水果的圆形、颜色、口味、汁液、口感和营养价值上，这些特征都与“苹果”这一水果相符。然而，玩家4的描述虽然也提到了水果的形状、颜色、口感和营养价值，但他的描述中加入了“在这个游戏中”这样的提示语，这可能是为了引导大家注意他的描述，同时也提到了卧底可能不会隐藏自己，这可能是为了分散注意力。此外，玩家4的描述没有明确指出是哪种水果，而是强调了游戏本身和卧底的角色，这可能与“苹果”这一词语的描述不符。因此，根据这些信息，玩家4的描述可能更加可疑，他可能是卧底。|| `请根据上述分析，比较描述以找出不一致之处，注意，这局游戏的词语分类为<水果>，卧底词和平民词都属于该类。
2024-12-13 11:33:43,876 - 1 - INFO - **********PLAYER1**********
根据上述分析，我们可以比较四位玩家的描述，找出以下不一致之处：

1. 玩家1、玩家2和玩家3的描述都集中在水果的物理特征（如形状、颜色、口感）和营养价值上，这些都是“苹果”这一水果的典型特征。

2. 玩家4的描述虽然也提到了水果的形状、颜色、口感和营养价值，但他的描述中包含了关于游戏本身的评论，这通常不是描述一个水果时所需要的。玩家4提到“在这个游戏中”和“卧底可能不会隐藏自己”，这些信息与水果的描述无关，更像是引导大家关注游戏规则和卧底角色的提示。

3. 玩家4的描述没有明确指出是哪种水果，而是强调了游戏的概念和卧底的角色，这与“苹果”这一具体水果的描述不一致。

4. 玩家4的描述中提到“卧底并不会隐藏自己”，这可能是一种误导，因为卧底通常需要隐藏自己的真实身份。

综上所述，玩家4的描述与“苹果”这一水果的特征描述不一致，更像是关于游戏本身的描述，这可能表明他是卧底。
2024-12-13 11:33:43,878 - 1 - INFO - **********JUDGER**********
你刚刚的分析是根据上述分析，我们可以比较四位玩家的描述，找出以下不一致之处：

1. 玩家1、玩家2和玩家3的描述都集中在水果的物理特征（如形状、颜色、口感）和营养价值上，这些都是“苹果”这一水果的典型特征。

2. 玩家4的描述虽然也提到了水果的形状、颜色、口感和营养价值，但他的描述中包含了关于游戏本身的评论，这通常不是描述一个水果时所需要的。玩家4提到“在这个游戏中”和“卧底可能不会隐藏自己”，这些信息与水果的描述无关，更像是引导大家关注游戏规则和卧底角色的提示。

3. 玩家4的描述没有明确指出是哪种水果，而是强调了游戏的概念和卧底的角色，这与“苹果”这一具体水果的描述不一致。

4. 玩家4的描述中提到“卧底并不会隐藏自己”，这可能是一种误导，因为卧底通常需要隐藏自己的真实身份。

综上所述，玩家4的描述与“苹果”这一水果的特征描述不一致，更像是关于游戏本身的描述，这可能表明他是卧底。|| 请通过你分析的不一致之处，推断卧底身份，注意，这局游戏的词语分类为<水果>，卧底词和平民词都属于该类。
2024-12-13 11:33:49,445 - 1 - INFO - **********PLAYER1**********
基于上述分析，我们可以推断以下：

1. 玩家1、玩家2和玩家3的描述都集中在“苹果”这一水果的典型特征上，没有明显的误导或偏离。

2. 玩家4的描述虽然也提到了水果的一些特征，但他的描述明显偏离了单纯描述水果的范畴，而是涉及到了游戏规则和卧底的角色。

3. 玩家4的描述中提到“卧底并不会隐藏自己”，这与实际情况相悖，因为卧底通常需要隐藏自己的身份。

4. 玩家4的描述没有明确指出是哪种水果，而是强调了游戏的概念，这不符合正常描述一个水果的常规。

综合这些不一致之处，玩家4的描述最有可能是不符合“苹果”这一水果特征的，因此，根据游戏规则和描述的不一致性，我们可以推断玩家4是卧底。
2024-12-13 11:33:49,447 - 1 - INFO - **********JUDGER**********
你刚刚的推断是基于上述分析，我们可以推断以下：

1. 玩家1、玩家2和玩家3的描述都集中在“苹果”这一水果的典型特征上，没有明显的误导或偏离。

2. 玩家4的描述虽然也提到了水果的一些特征，但他的描述明显偏离了单纯描述水果的范畴，而是涉及到了游戏规则和卧底的角色。

3. 玩家4的描述中提到“卧底并不会隐藏自己”，这与实际情况相悖，因为卧底通常需要隐藏自己的身份。

4. 玩家4的描述没有明确指出是哪种水果，而是强调了游戏的概念，这不符合正常描述一个水果的常规。

综合这些不一致之处，玩家4的描述最有可能是不符合“苹果”这一水果特征的，因此，根据游戏规则和描述的不一致性，我们可以推断玩家4是卧底。|| 基于你刚刚的推断得出你的最终结论，请输出你认为的卧底，在这种情况下只需要输出编号，是1-4中的某个数字，不要输出其他信息。在这个过程不要进行任何推理，只对||以前的部分进行信息提取
2024-12-13 11:33:49,924 - 1 - INFO - **********PLAYER1**********
4
2024-12-13 11:34:54,378 - 1 - INFO - **********JUDGER**********
玩家1说：这个水果是圆形的，有鲜艳的颜色，通常有多种口味。在水果类中，它可能因为某种独特的味道或者营养价值而特别突出。玩家2说：这个水果通常呈红色或绿色，具有光滑的圆形外观。它在水果中以其丰富的汁液和多汁口感而闻名，而且有时因为其独特的营养成分或药用价值而备受推崇。玩家3说：这个水果通常是红色的，质地坚硬，富含水分，口感脆甜。它在同类水果中因其独特的甜酸口感和丰富的营养成分而受到喜爱。玩家4说：这个水果形状圆润，色泽鲜艳多样。它在同类水果中以其独特的香气和口感而著称，有时还因为其富含的某种特定营养素或健康益处而备受关注。你是第1号玩家，你的关键词是<苹果>。你的回答中绝对不能包含你的关键词<苹果>。这是第二轮描述，你之前的描述是这个水果是圆形的，有鲜艳的颜色，通常有多种口味。在水果类中，它可能因为某种独特的味道或者营养价值而特别突出。，注意，这局游戏的词语分类为<水果>，卧底词和平民词都属于该类，请你补充关于关键词的描述，注意，你的描述应该比起之前的描述更加贴近关键词，作为之前的补充
2024-12-13 11:34:55,975 - 1 - INFO - **********PLAYER1**********
这个水果皮薄多汁，适合生食，它的味道通常既甜又略带酸味，是很多人喜爱的日常零食。在水果中，它因其丰富的维生素含量和抗氧化特性而受到重视。
2024-12-13 11:35:06,713 - 1 - INFO - **********JUDGER**********
玩家1说：这个水果是圆形的，有鲜艳的颜色，通常有多种口味。在水果类中，它可能因为某种独特的味道或者营养价值而特别突出。这个水果皮薄多汁，适合生食，它的味道通常既甜又略带酸味，是很多人喜爱的日常零食。在水果中，它因其丰富的维生素含量和抗氧化特性而受到重视。玩家2说：这个水果通常呈红色或绿色，具有光滑的圆形外观。它在水果中以其丰富的汁液和多汁口感而闻名，而且有时因为其独特的营养成分或药用价值而备受推崇。这个水果通常较小，有着光滑的皮肤，颜色从浅绿到深红不等。它的质地较脆，易于咬食，水分充足，味道通常既甜又略带酸味。在水果中，它以其脆甜的口感和丰富的维生素含量而受到人们的喜爱。玩家3说：这个水果通常是红色的，质地坚硬，富含水分，口感脆甜。它在同类水果中因其独特的甜酸口感和丰富的营养成分而受到喜爱。这个水果的大小适中，有着光滑的皮肤，颜色从浅绿到深红不等。它的质地较脆，易于咬食，水分充足，味道通常既甜又略带酸味，非常适合作为日常零食。在水果中，它因其丰富的维生素和矿物质含量而受到重视，并且因其独特的风味和营养价值而广受欢迎。玩家4说：这个水果形状圆润，色泽鲜艳多样。它在同类水果中以其独特的香气和口感而著称，有时还因为其富含的某种特定营养素或健康益处而备受关注。||在这个游戏中，我们需要通过分析每位玩家的描述来找出卧底。通常，平民的描述会围绕相同的词语展开，而卧底的描述可能会因为词语的不同而显得不太一致。我们需要仔细比较每个描述之间的相似性和差异性，以找出可能的卧底，注意，卧底并不会隐藏自己，他会直接描述他的词语，现在，逐一分析每个玩家的描述，注意，这局游戏的词语分类为<水果>，卧底词和平民词都属于该类。||之前是第2轮描述和之前轮数描述的合集。你之前认为的卧底是玩家4。
2024-12-13 11:35:13,159 - 1 - INFO - **********PLAYER1**********
根据第二轮描述和之前轮数描述的合集，我之前的推断是基于玩家4的描述中包含了对游戏规则的评论，并且没有明确指出是哪种水果，而是强调了游戏的概念和卧底的角色。这些描述与“苹果”这一水果的特征不符。

现在，我注意到玩家1、玩家2和玩家3的描述都非常相似，都强调了水果的圆形、颜色、口感、汁液、维生素含量和营养价值，这些都是“苹果”的典型特征。而玩家4的描述虽然也提到了一些类似特征，但更多地强调了香气和特定的营养素或健康益处，这可能与“苹果”的特征不完全一致。

因此，基于描述的相似性和差异性，我仍然认为玩家4的描述最有可能是不符合“苹果”这一水果特征的，所以我继续推断玩家4是卧底。
2024-12-13 11:35:13,160 - 1 - INFO - **********JUDGER**********
你刚刚的分析是根据第二轮描述和之前轮数描述的合集，我之前的推断是基于玩家4的描述中包含了对游戏规则的评论，并且没有明确指出是哪种水果，而是强调了游戏的概念和卧底的角色。这些描述与“苹果”这一水果的特征不符。

现在，我注意到玩家1、玩家2和玩家3的描述都非常相似，都强调了水果的圆形、颜色、口感、汁液、维生素含量和营养价值，这些都是“苹果”的典型特征。而玩家4的描述虽然也提到了一些类似特征，但更多地强调了香气和特定的营养素或健康益处，这可能与“苹果”的特征不完全一致。

因此，基于描述的相似性和差异性，我仍然认为玩家4的描述最有可能是不符合“苹果”这一水果特征的，所以我继续推断玩家4是卧底。|| `请根据上述分析，比较描述以找出不一致之处，注意，这局游戏的词语分类为<水果>，卧底词和平民词都属于该类。
2024-12-13 11:35:17,900 - 1 - INFO - **********PLAYER1**********
我注意到其他玩家的描述都围绕着水果的普遍特征，如形状、颜色、口感和营养价值，而我的描述则提到了水果的具体品种和它的独特性，比如提到“圆形”、“鲜艳的颜色”和“多种口味”，但没有直接点明是哪种水果。这可能表明我扮演的角色是卧底，因为我的描述没有与其他玩家描述的水果特征完全一致，而是引入了额外的信息。在接下来的游戏中，我会继续谨慎描述，避免直接透露我的关键词。
2024-12-13 11:35:17,901 - 1 - INFO - **********JUDGER**********
你刚刚的分析是我注意到其他玩家的描述都围绕着水果的普遍特征，如形状、颜色、口感和营养价值，而我的描述则提到了水果的具体品种和它的独特性，比如提到“圆形”、“鲜艳的颜色”和“多种口味”，但没有直接点明是哪种水果。这可能表明我扮演的角色是卧底，因为我的描述没有与其他玩家描述的水果特征完全一致，而是引入了额外的信息。在接下来的游戏中，我会继续谨慎描述，避免直接透露我的关键词。|| 请通过你分析的不一致之处，推断卧底身份，注意，这局游戏的词语分类为<水果>，卧底词和平民词都属于该类。
2024-12-13 11:35:22,806 - 1 - INFO - **********PLAYER1**********
基于分析的不一致之处，考虑到所有玩家的描述都集中在水果的普遍特征上，而我的描述提到了“圆形”、“鲜艳的颜色”和“多种口味”，但没有具体指明是哪种水果，这与其他玩家描述的普遍特征有所不同。这种描述方式可能是在隐藏我的真实身份，因此，根据这些信息，我推断自己可能是卧底。
2024-12-13 11:35:22,807 - 1 - INFO - **********JUDGER**********
你刚刚的推断是基于分析的不一致之处，考虑到所有玩家的描述都集中在水果的普遍特征上，而我的描述提到了“圆形”、“鲜艳的颜色”和“多种口味”，但没有具体指明是哪种水果，这与其他玩家描述的普遍特征有所不同。这种描述方式可能是在隐藏我的真实身份，因此，根据这些信息，我推断自己可能是卧底。|| 基于你刚刚的推断得出你的最终结论，请输出你认为的卧底，在这种情况下只需要输出编号，是1-4中的某个数字，不要输出其他信息。在这个过程不要进行任何推理，只对||以前的部分进行信息提取
2024-12-13 11:35:23,850 - 1 - INFO - **********PLAYER1**********
1
2024-12-13 11:36:11,705 - 1 - INFO - **********JUDGER**********
玩家1说：这个水果是圆形的，有鲜艳的颜色，通常有多种口味。在水果类中，它可能因为某种独特的味道或者营养价值而特别突出。这个水果皮薄多汁，适合生食，它的味道通常既甜又略带酸味，是很多人喜爱的日常零食。在水果中，它因其丰富的维生素含量和抗氧化特性而受到重视。玩家2说：这个水果通常呈红色或绿色，具有光滑的圆形外观。它在水果中以其丰富的汁液和多汁口感而闻名，而且有时因为其独特的营养成分或药用价值而备受推崇。这个水果通常较小，有着光滑的皮肤，颜色从浅绿到深红不等。它的质地较脆，易于咬食，水分充足，味道通常既甜又略带酸味。在水果中，它以其脆甜的口感和丰富的维生素含量而受到人们的喜爱。玩家3说：这个水果通常是红色的，质地坚硬，富含水分，口感脆甜。它在同类水果中因其独特的甜酸口感和丰富的营养成分而受到喜爱。这个水果的大小适中，有着光滑的皮肤，颜色从浅绿到深红不等。它的质地较脆，易于咬食，水分充足，味道通常既甜又略带酸味，非常适合作为日常零食。在水果中，它因其丰富的维生素和矿物质含量而受到重视，并且因其独特的风味和营养价值而广受欢迎。玩家4说：这个水果形状圆润，色泽鲜艳多样。它在同类水果中以其独特的香气和口感而著称，有时还因为其富含的某种特定营养素或健康益处而备受关注。这个水果通常呈黄色，具有独特的香味，切开后会流出清澈的汁液。它的质地较为坚硬，但咬下去后，口感脆而多汁。这种水果的甜味中带有一丝微妙的酸味，是很多人喜爱的热带水果。在同类水果中，它以其丰富的维生素C含量和促进消化的特性而受到特别重视。你是第1号玩家，你的关键词是<苹果>。你的回答中绝对不能包含你的关键词<苹果>。这是第三轮描述，你之前的描述是这个水果是圆形的，有鲜艳的颜色，通常有多种口味。在水果类中，它可能因为某种独特的味道或者营养价值而特别突出。和这个水果皮薄多汁，适合生食，它的味道通常既甜又略带酸味，是很多人喜爱的日常零食。在水果中，它因其丰富的维生素含量和抗氧化特性而受到重视。，注意，这局游戏的词语分类为<水果>，卧底词和平民词都属于该类，请你补充关于关键词的描述，注意，你的描述应该比起之前的描述更加贴近关键词，作为之前的补充
2024-12-13 11:36:13,896 - 1 - INFO - **********PLAYER1**********
这个水果的果肉紧实，核小，切开后可以看到清晰的纹理。它通常在秋季成熟，颜色从青绿到鲜红渐变。它的香味浓郁，可以用来做各种甜点，同时也是制作果汁的好选择。
2024-12-13 11:36:23,697 - 1 - INFO - **********JUDGER**********
玩家1说：这个水果是圆形的，有鲜艳的颜色，通常有多种口味。在水果类中，它可能因为某种独特的味道或者营养价值而特别突出。这个水果皮薄多汁，适合生食，它的味道通常既甜又略带酸味，是很多人喜爱的日常零食。在水果中，它因其丰富的维生素含量和抗氧化特性而受到重视。这个水果的果肉紧实，核小，切开后可以看到清晰的纹理。它通常在秋季成熟，颜色从青绿到鲜红渐变。它的香味浓郁，可以用来做各种甜点，同时也是制作果汁的好选择。玩家2说：这个水果通常呈红色或绿色，具有光滑的圆形外观。它在水果中以其丰富的汁液和多汁口感而闻名，而且有时因为其独特的营养成分或药用价值而备受推崇。这个水果通常较小，有着光滑的皮肤，颜色从浅绿到深红不等。它的质地较脆，易于咬食，水分充足，味道通常既甜又略带酸味。在水果中，它以其脆甜的口感和丰富的维生素含量而受到人们的喜爱。这个水果的形状规则，呈圆形，皮肤光滑，颜色从浅绿过渡到鲜红。它的口感脆甜，多汁，适合生食。在水果中，它以其丰富的营养成分，尤其是维生素C的含量而著称，同时具有一定的药用价值，常被用来制作甜点和果汁。玩家3说：这个水果通常是红色的，质地坚硬，富含水分，口感脆甜。它在同类水果中因其独特的甜酸口感和丰富的营养成分而受到喜爱。这个水果的大小适中，有着光滑的皮肤，颜色从浅绿到深红不等。它的质地较脆，易于咬食，水分充足，味道通常既甜又略带酸味，非常适合作为日常零食。在水果中，它因其丰富的维生素和矿物质含量而受到重视，并且因其独特的风味和营养价值而广受欢迎。这个水果通常在秋季成熟，颜色从青绿到鲜红渐变，香味浓郁，可以用来做各种甜点，同时也是制作果汁的好选择。它的核小，切开后可以看到清晰的纹理，口感脆甜，甜味中带有一丝微妙的酸味，是很多人喜爱的热带水果。玩家4说：这个水果形状圆润，色泽鲜艳多样。它在同类水果中以其独特的香气和口感而著称，有时还因为其富含的某种特定营养素或健康益处而备受关注。这个水果通常呈黄色，具有独特的香味，切开后会流出清澈的汁液。它的质地较为坚硬，但咬下去后，口感脆而多汁。这种水果的甜味中带有一丝微妙的酸味，是很多人喜爱的热带水果。在同类水果中，它以其丰富的维生素C含量和促进消化的特性而受到特别重视。这个水果通常在热带地区生长，成熟时呈现出鲜艳的黄色。它的叶片长而尖，呈绿色，包围着果实。这种水果的香味浓郁，切开后汁液丰富，口感既甜又略带酸味。它的质地坚硬，但内部组织柔软，非常适合生食。这种水果还因其含有多种维生素和酶类，有助于消化，而在健康食品中颇受欢迎。||在这个游戏中，我们需要通过分析每位玩家的描述来找出卧底。通常，平民的描述会围绕相同的词语展开，而卧底的描述可能会因为词语的不同而显得不太一致。我们需要仔细比较每个描述之间的相似性和差异性，以找出可能的卧底，注意，卧底并不会隐藏自己，他会直接描述他的词语，现在，逐一分析每个玩家的描述，注意，这局游戏的词语分类为<水果>，卧底词和平民词都属于该类。||之前是第3轮描述和之前轮数描述的合集。你之前认为的卧底是玩家1。
2024-12-13 11:36:28,670 - 1 - INFO - **********PLAYER1**********
根据第三轮描述和之前轮数描述的合集，我之前的推断是基于玩家1的描述中提到了“圆形”、“鲜艳的颜色”和“多种口味”，但没有直接指明是哪种水果，这与其他玩家描述的水果特征有所不同。然而，现在所有玩家的描述都提到了水果的形状、颜色、口感、营养成分和用途，这些特征在多种水果中都是常见的。

在重新分析后，玩家4的描述中提到了“热带水果”和“通常在热带地区生长”，这与玩家1、玩家2和玩家3的描述中的秋季成熟、颜色从青绿到鲜红渐变等特征不符。此外，玩家4的描述中提到了“香味浓郁”和“汁液丰富”，这些特征也没有在玩家1、玩家2和玩家3的描述中提到。

因此，基于描述的差异性，我重新推断玩家4可能是卧底。
2024-12-13 11:36:28,675 - 1 - INFO - **********JUDGER**********
你刚刚的分析是根据第三轮描述和之前轮数描述的合集，我之前的推断是基于玩家1的描述中提到了“圆形”、“鲜艳的颜色”和“多种口味”，但没有直接指明是哪种水果，这与其他玩家描述的水果特征有所不同。然而，现在所有玩家的描述都提到了水果的形状、颜色、口感、营养成分和用途，这些特征在多种水果中都是常见的。

在重新分析后，玩家4的描述中提到了“热带水果”和“通常在热带地区生长”，这与玩家1、玩家2和玩家3的描述中的秋季成熟、颜色从青绿到鲜红渐变等特征不符。此外，玩家4的描述中提到了“香味浓郁”和“汁液丰富”，这些特征也没有在玩家1、玩家2和玩家3的描述中提到。

因此，基于描述的差异性，我重新推断玩家4可能是卧底。|| `请根据上述分析，比较描述以找出不一致之处，注意，这局游戏的词语分类为<水果>，卧底词和平民词都属于该类。
2024-12-13 11:36:34,390 - 1 - INFO - **********PLAYER1**********
根据上述分析，以下是不一致之处：

1. 玩家1、玩家2和玩家3的描述都指向一个成熟于秋季、颜色从青绿到鲜红渐变的水果，通常有光滑的皮肤和甜酸口感的特征。

2. 玩家4的描述提到的是一个通常在热带地区生长的水果，成熟时呈黄色，具有独特的香味和丰富的维生素C含量，这与玩家1、玩家2和玩家3描述的秋季成熟、颜色从青绿到鲜红的水果特征不一致。

3. 玩家4的描述中强调了香味浓郁和汁液丰富，而玩家1、玩家2和玩家3的描述中虽然也提到了汁液丰富，但没有特别强调香味。

4. 玩家4的描述中提到了热带水果这一分类，而其他玩家的描述中没有提及这一地理或气候特征。

基于这些不一致之处，玩家4的描述与玩家1、玩家2和玩家3的描述存在显著差异，这可能是卧底的特征。
2024-12-13 11:36:34,394 - 1 - INFO - **********JUDGER**********
你刚刚的分析是根据上述分析，以下是不一致之处：

1. 玩家1、玩家2和玩家3的描述都指向一个成熟于秋季、颜色从青绿到鲜红渐变的水果，通常有光滑的皮肤和甜酸口感的特征。

2. 玩家4的描述提到的是一个通常在热带地区生长的水果，成熟时呈黄色，具有独特的香味和丰富的维生素C含量，这与玩家1、玩家2和玩家3描述的秋季成熟、颜色从青绿到鲜红的水果特征不一致。

3. 玩家4的描述中强调了香味浓郁和汁液丰富，而玩家1、玩家2和玩家3的描述中虽然也提到了汁液丰富，但没有特别强调香味。

4. 玩家4的描述中提到了热带水果这一分类，而其他玩家的描述中没有提及这一地理或气候特征。

基于这些不一致之处，玩家4的描述与玩家1、玩家2和玩家3的描述存在显著差异，这可能是卧底的特征。|| 请通过你分析的不一致之处，推断卧底身份，注意，这局游戏的词语分类为<水果>，卧底词和平民词都属于该类。
2024-12-13 11:36:35,255 - 1 - INFO - **********PLAYER1**********
4
2024-12-13 11:36:35,256 - 1 - INFO - **********JUDGER**********
你刚刚的推断是4|| 基于你刚刚的推断得出你的最终结论，请输出你认为的卧底，在这种情况下只需要输出编号，是1-4中的某个数字，不要输出其他信息。在这个过程不要进行任何推理，只对||以前的部分进行信息提取
2024-12-13 11:36:36,400 - 1 - INFO - **********PLAYER1**********
4
