2024-12-13 11:33:21,961 - 2 - INFO - **********JUDGER**********
让我们来玩一个叫做<谁是卧底>的推理游戏。基本规则：<人数>：4人。<角色分配>：每位玩家随机抽取一个词语，3名玩家拿到的词语是相同的（平民词），1名玩家拿到与之相近但不同的词语（卧底词）。<游戏流程>：1、玩家轮流描述自己的词语，但<不能>直接说出词语本身。2、描述完毕后，投票选出最像卧底的玩家。3、每轮结束后，被投票选出的玩家出局，不能再进行描述或投票。4、每轮投票结束后，如果卧底被成功找出，平民方获胜；如果卧底未被找出且卧底人数等于或超过平民人数，则卧底方获胜。你将扮演一个<玩家>，请等待你被分配到的关键词。如果你听懂了，只回答，"好的，我准备好参加游戏了"，不要输出别的信息
2024-12-13 11:33:22,436 - 2 - INFO - **********PLAYER2**********
好的，我准备好参加游戏了
2024-12-13 11:33:26,774 - 2 - INFO - **********JUDGER**********
玩家1说：这个水果是圆形的，有鲜艳的颜色，通常有多种口味。在水果类中，它可能因为某种独特的味道或者营养价值而特别突出。玩家2说：玩家3说：玩家4说：|| 你是第2号玩家，你的关键词是<苹果>。你的回答中绝对不能包含你的关键词<苹果>。这是第一轮描述，不需要分析||之前别的玩家的描述，请你描述关键词基本特征，注意，这局游戏的词语分类为<水果>，卧底词和平民词都属于该类，描述包括以下两点，1.他的基本特征是什么2.他在该类（水果）中最突出不同的特征是什么，尽量简短
2024-12-13 11:33:28,407 - 2 - INFO - **********PLAYER2**********
这个水果通常呈红色或绿色，具有光滑的圆形外观。它在水果中以其丰富的汁液和多汁口感而闻名，而且有时因为其独特的营养成分或药用价值而备受推崇。
2024-12-13 11:33:49,924 - 2 - INFO - **********JUDGER**********
玩家1说：这个水果是圆形的，有鲜艳的颜色，通常有多种口味。在水果类中，它可能因为某种独特的味道或者营养价值而特别突出。玩家2说：这个水果通常呈红色或绿色，具有光滑的圆形外观。它在水果中以其丰富的汁液和多汁口感而闻名，而且有时因为其独特的营养成分或药用价值而备受推崇。玩家3说：这个水果通常是红色的，质地坚硬，富含水分，口感脆甜。它在同类水果中因其独特的甜酸口感和丰富的营养成分而受到喜爱。玩家4说：||在这个游戏中，我们需要通过分析每位玩家的描述来找出卧底。通常，平民的描述会围绕相同的词语展开，而卧底的描述可能会因为词语的不同而显得不太一致。我们需要仔细比较每个描述之间的相似性和差异性，以找出可能的卧底，注意，卧底并不会隐藏自己，他会直接描述他的词语，现在，逐一分析每个玩家的描述，注意，这局游戏的词语分类为<水果>，卧底词和平民词都属于该类。这是第一轮描述。
2024-12-13 11:33:55,335 - 2 - INFO - **********PLAYER2**********
好的，根据各位玩家的描述，我们可以进行以下分析：

玩家1和玩家2的描述非常相似，都提到了圆形、鲜艳的颜色、丰富的汁液和多汁口感，以及可能因为独特的味道或营养价值而突出。这表明他们可能持有相同的平民词。

玩家3的描述与前面两位玩家的描述有相似之处，比如红色、质地坚硬、富含水分，但特别强调了甜酸口感和营养成分，这也可能是平民词的特征。

玩家4的描述没有提供具体的水果特征，而是强调了通过描述来找出卧底的重要性，这可能是一种策略，也可能意味着他持有的是与普通水果描述不同的卧底词。

综上所述，玩家4的描述与其他玩家有所不同，可能是卧底。但为了进一步确认，我们需要在下一轮中继续观察各位玩家的描述，并比较他们之间的相似性和差异性。
2024-12-13 11:33:55,338 - 2 - INFO - **********JUDGER**********
你刚刚的分析是好的，根据各位玩家的描述，我们可以进行以下分析：

玩家1和玩家2的描述非常相似，都提到了圆形、鲜艳的颜色、丰富的汁液和多汁口感，以及可能因为独特的味道或营养价值而突出。这表明他们可能持有相同的平民词。

玩家3的描述与前面两位玩家的描述有相似之处，比如红色、质地坚硬、富含水分，但特别强调了甜酸口感和营养成分，这也可能是平民词的特征。

玩家4的描述没有提供具体的水果特征，而是强调了通过描述来找出卧底的重要性，这可能是一种策略，也可能意味着他持有的是与普通水果描述不同的卧底词。

综上所述，玩家4的描述与其他玩家有所不同，可能是卧底。但为了进一步确认，我们需要在下一轮中继续观察各位玩家的描述，并比较他们之间的相似性和差异性。|| `请根据上述分析，比较描述以找出不一致之处，注意，这局游戏的词语分类为<水果>，卧底词和平民词都属于该类。
2024-12-13 11:34:04,829 - 2 - INFO - **********PLAYER2**********
根据上述分析，我们可以比较描述以找出不一致之处：

1. 玩家1和玩家2的描述集中在水果的形状、颜色、口感和营养价值上，这些描述非常相似，没有明显的矛盾点。

2. 玩家3的描述与玩家1和玩家2相似，但也加入了一些特定的特征，如“质地坚硬”和“甜酸口感”，这些特征在玩家1和玩家2的描述中没有出现。

3. 玩家4的描述与其他三位玩家不同，他没有提供具体的水果特征，而是转而讨论了游戏策略和找出卧底的重要性。这与其他玩家专注于描述水果特征的行为形成了对比。

不一致之处在于：
- 玩家4没有描述任何具体的水果特征，而其他玩家都提供了关于水果的具体信息。
- 玩家3的描述虽然与玩家1和玩家2有相似之处，但增加了“质地坚硬”和“甜酸口感”这两个特征，这可能是他持有不同词语的迹象。

基于这些不一致之处，玩家4和玩家3可能是需要进一步关注的对象，因为他们与游戏常规描述的互动方式不同。然而，最终是否为卧底还需要通过后续的描述和投票来确认。
2024-12-13 11:34:04,832 - 2 - INFO - **********JUDGER**********
你刚刚的分析是根据上述分析，我们可以比较描述以找出不一致之处：

1. 玩家1和玩家2的描述集中在水果的形状、颜色、口感和营养价值上，这些描述非常相似，没有明显的矛盾点。

2. 玩家3的描述与玩家1和玩家2相似，但也加入了一些特定的特征，如“质地坚硬”和“甜酸口感”，这些特征在玩家1和玩家2的描述中没有出现。

3. 玩家4的描述与其他三位玩家不同，他没有提供具体的水果特征，而是转而讨论了游戏策略和找出卧底的重要性。这与其他玩家专注于描述水果特征的行为形成了对比。

不一致之处在于：
- 玩家4没有描述任何具体的水果特征，而其他玩家都提供了关于水果的具体信息。
- 玩家3的描述虽然与玩家1和玩家2有相似之处，但增加了“质地坚硬”和“甜酸口感”这两个特征，这可能是他持有不同词语的迹象。

基于这些不一致之处，玩家4和玩家3可能是需要进一步关注的对象，因为他们与游戏常规描述的互动方式不同。然而，最终是否为卧底还需要通过后续的描述和投票来确认。|| 请通过你分析的不一致之处，推断卧底身份，注意，这局游戏的词语分类为<水果>，卧底词和平民词都属于该类。
2024-12-13 11:34:10,104 - 2 - INFO - **********PLAYER2**********
基于上述分析的不一致之处，我们可以进行以下推断：

1. 玩家4的描述没有提到任何具体的水果特征，而是强调了游戏策略和卧底的识别。这与其他玩家描述水果特征的常规做法相悖。因此，玩家4可能是卧底，因为他没有遵循游戏描述水果的规则。

2. 玩家3的描述虽然与玩家1和玩家2有相似之处，但增加了“质地坚硬”和“甜酸口感”这两个特征。在水果类中，质地坚硬通常不是圆形水果的特征，这可能是他在描述中试图隐藏的线索。然而，由于玩家1和玩家2的描述没有提到这些特征，我们不能仅凭这一点就确定玩家3是卧底。

综合以上两点，玩家4的描述与游戏规则不符，更可能是卧底。玩家3的描述虽然有一些异常，但不足以单独确定其为卧底。因此，根据当前的信息，我推断玩家4是卧底。
2024-12-13 11:34:10,105 - 2 - INFO - **********JUDGER**********
你刚刚的推断是基于上述分析的不一致之处，我们可以进行以下推断：

1. 玩家4的描述没有提到任何具体的水果特征，而是强调了游戏策略和卧底的识别。这与其他玩家描述水果特征的常规做法相悖。因此，玩家4可能是卧底，因为他没有遵循游戏描述水果的规则。

2. 玩家3的描述虽然与玩家1和玩家2有相似之处，但增加了“质地坚硬”和“甜酸口感”这两个特征。在水果类中，质地坚硬通常不是圆形水果的特征，这可能是他在描述中试图隐藏的线索。然而，由于玩家1和玩家2的描述没有提到这些特征，我们不能仅凭这一点就确定玩家3是卧底。

综合以上两点，玩家4的描述与游戏规则不符，更可能是卧底。玩家3的描述虽然有一些异常，但不足以单独确定其为卧底。因此，根据当前的信息，我推断玩家4是卧底。|| 基于你刚刚的推断得出你的最终结论，请输出你认为的卧底，在这种情况下只需要输出编号，是1-4中的某个数字，不要输出其他信息。在这个过程不要进行任何推理，只对||以前的部分进行信息提取
2024-12-13 11:34:10,638 - 2 - INFO - **********PLAYER2**********
4
2024-12-13 11:34:55,976 - 2 - INFO - **********JUDGER**********
玩家1说：这个水果是圆形的，有鲜艳的颜色，通常有多种口味。在水果类中，它可能因为某种独特的味道或者营养价值而特别突出。这个水果皮薄多汁，适合生食，它的味道通常既甜又略带酸味，是很多人喜爱的日常零食。在水果中，它因其丰富的维生素含量和抗氧化特性而受到重视。玩家2说：这个水果通常呈红色或绿色，具有光滑的圆形外观。它在水果中以其丰富的汁液和多汁口感而闻名，而且有时因为其独特的营养成分或药用价值而备受推崇。玩家3说：这个水果通常是红色的，质地坚硬，富含水分，口感脆甜。它在同类水果中因其独特的甜酸口感和丰富的营养成分而受到喜爱。玩家4说：这个水果形状圆润，色泽鲜艳多样。它在同类水果中以其独特的香气和口感而著称，有时还因为其富含的某种特定营养素或健康益处而备受关注。你是第2号玩家，你的关键词是<苹果>。你的回答中绝对不能包含你的关键词<苹果>。这是第二轮描述，你之前的描述是这个水果通常呈红色或绿色，具有光滑的圆形外观。它在水果中以其丰富的汁液和多汁口感而闻名，而且有时因为其独特的营养成分或药用价值而备受推崇。，注意，这局游戏的词语分类为<水果>，卧底词和平民词都属于该类，请你补充关于关键词的描述，注意，你的描述应该比起之前的描述更加贴近关键词，作为之前的补充
2024-12-13 11:35:00,378 - 2 - INFO - **********PLAYER2**********
这个水果通常较小，有着光滑的皮肤，颜色从浅绿到深红不等。它的质地较脆，易于咬食，水分充足，味道通常既甜又略带酸味。在水果中，它以其脆甜的口感和丰富的维生素含量而受到人们的喜爱。
2024-12-13 11:35:23,852 - 2 - INFO - **********JUDGER**********
玩家1说：这个水果是圆形的，有鲜艳的颜色，通常有多种口味。在水果类中，它可能因为某种独特的味道或者营养价值而特别突出。这个水果皮薄多汁，适合生食，它的味道通常既甜又略带酸味，是很多人喜爱的日常零食。在水果中，它因其丰富的维生素含量和抗氧化特性而受到重视。玩家2说：这个水果通常呈红色或绿色，具有光滑的圆形外观。它在水果中以其丰富的汁液和多汁口感而闻名，而且有时因为其独特的营养成分或药用价值而备受推崇。这个水果通常较小，有着光滑的皮肤，颜色从浅绿到深红不等。它的质地较脆，易于咬食，水分充足，味道通常既甜又略带酸味。在水果中，它以其脆甜的口感和丰富的维生素含量而受到人们的喜爱。玩家3说：这个水果通常是红色的，质地坚硬，富含水分，口感脆甜。它在同类水果中因其独特的甜酸口感和丰富的营养成分而受到喜爱。这个水果的大小适中，有着光滑的皮肤，颜色从浅绿到深红不等。它的质地较脆，易于咬食，水分充足，味道通常既甜又略带酸味，非常适合作为日常零食。在水果中，它因其丰富的维生素和矿物质含量而受到重视，并且因其独特的风味和营养价值而广受欢迎。玩家4说：这个水果形状圆润，色泽鲜艳多样。它在同类水果中以其独特的香气和口感而著称，有时还因为其富含的某种特定营养素或健康益处而备受关注。||在这个游戏中，我们需要通过分析每位玩家的描述来找出卧底。通常，平民的描述会围绕相同的词语展开，而卧底的描述可能会因为词语的不同而显得不太一致。我们需要仔细比较每个描述之间的相似性和差异性，以找出可能的卧底，注意，卧底并不会隐藏自己，他会直接描述他的词语，现在，逐一分析每个玩家的描述，注意，这局游戏的词语分类为<水果>，卧底词和平民词都属于该类。||之前是第2轮描述和之前轮数描述的合集。你之前认为的卧底是玩家4。
2024-12-13 11:35:30,005 - 2 - INFO - **********PLAYER2**********
根据第二轮描述和之前的描述，我们可以进行以下分析：

玩家1和玩家2的描述非常相似，都强调了水果的圆形、鲜艳的颜色、多汁口感、甜酸味道以及维生素含量和抗氧化特性。这些描述与苹果的特征高度吻合。

玩家3的描述与玩家1和玩家2的描述也相似，同样提到了水果的圆形、红色、多汁、甜酸口感、维生素和矿物质含量，但没有提到抗氧化特性，这可能与苹果的描述略有不同。

玩家4的描述提到了水果的圆形、色泽鲜艳多样、独特的香气和口感，以及富含某种特定营养素或健康益处，但没有提到甜酸口感、维生素含量或抗氧化特性，这些特征在苹果的描述中是常见的。

基于这些信息，玩家4的描述与苹果的常见特征不完全吻合，而其他玩家的描述则更加贴近苹果的特征。因此，如果之前认为玩家4是卧底，那么这个推断在目前的描述中仍然成立。玩家4的描述可能指向了另一个水果，而不是苹果。
2024-12-13 11:35:30,009 - 2 - INFO - **********JUDGER**********
你刚刚的分析是根据第二轮描述和之前的描述，我们可以进行以下分析：

玩家1和玩家2的描述非常相似，都强调了水果的圆形、鲜艳的颜色、多汁口感、甜酸味道以及维生素含量和抗氧化特性。这些描述与苹果的特征高度吻合。

玩家3的描述与玩家1和玩家2的描述也相似，同样提到了水果的圆形、红色、多汁、甜酸口感、维生素和矿物质含量，但没有提到抗氧化特性，这可能与苹果的描述略有不同。

玩家4的描述提到了水果的圆形、色泽鲜艳多样、独特的香气和口感，以及富含某种特定营养素或健康益处，但没有提到甜酸口感、维生素含量或抗氧化特性，这些特征在苹果的描述中是常见的。

基于这些信息，玩家4的描述与苹果的常见特征不完全吻合，而其他玩家的描述则更加贴近苹果的特征。因此，如果之前认为玩家4是卧底，那么这个推断在目前的描述中仍然成立。玩家4的描述可能指向了另一个水果，而不是苹果。|| `请根据上述分析，比较描述以找出不一致之处，注意，这局游戏的词语分类为<水果>，卧底词和平民词都属于该类。
2024-12-13 11:35:39,252 - 2 - INFO - **********PLAYER2**********
根据上述分析，我们可以找出以下不一致之处：

1. 玩家1和玩家2的描述都提到了水果的圆形、鲜艳的颜色、多汁口感、甜酸味道、维生素含量和抗氧化特性，这些特征与苹果相符。

2. 玩家3的描述与玩家1和玩家2相似，提到了圆形、红色、多汁、甜酸口感、维生素和矿物质含量，但没有明确提到抗氧化特性。

3. 玩家4的描述提到了圆形、色泽鲜艳多样、独特的香气和口感，以及富含某种特定营养素或健康益处。虽然这些描述也适用于某些水果，但它们没有提到甜酸口感、维生素含量或抗氧化特性，这些是苹果描述中常见的特征。

不一致之处在于：
- 玩家4的描述没有提到甜酸口感、维生素含量或抗氧化特性，而这些是苹果描述中的关键特征。
- 玩家3的描述虽然与苹果的特征相似，但没有明确提到抗氧化特性，这可能是与苹果描述的一个小差异。

因此，玩家4的描述与苹果的特征不太一致，可能是卧底。而玩家3的描述虽然有一些小差异，但整体上仍然符合苹果的特征。
2024-12-13 11:35:39,253 - 2 - INFO - **********JUDGER**********
你刚刚的分析是根据上述分析，我们可以找出以下不一致之处：

1. 玩家1和玩家2的描述都提到了水果的圆形、鲜艳的颜色、多汁口感、甜酸味道、维生素含量和抗氧化特性，这些特征与苹果相符。

2. 玩家3的描述与玩家1和玩家2相似，提到了圆形、红色、多汁、甜酸口感、维生素和矿物质含量，但没有明确提到抗氧化特性。

3. 玩家4的描述提到了圆形、色泽鲜艳多样、独特的香气和口感，以及富含某种特定营养素或健康益处。虽然这些描述也适用于某些水果，但它们没有提到甜酸口感、维生素含量或抗氧化特性，这些是苹果描述中常见的特征。

不一致之处在于：
- 玩家4的描述没有提到甜酸口感、维生素含量或抗氧化特性，而这些是苹果描述中的关键特征。
- 玩家3的描述虽然与苹果的特征相似，但没有明确提到抗氧化特性，这可能是与苹果描述的一个小差异。

因此，玩家4的描述与苹果的特征不太一致，可能是卧底。而玩家3的描述虽然有一些小差异，但整体上仍然符合苹果的特征。|| 请通过你分析的不一致之处，推断卧底身份，注意，这局游戏的词语分类为<水果>，卧底词和平民词都属于该类。
2024-12-13 11:35:44,525 - 2 - INFO - **********PLAYER2**********
基于分析的不一致之处，我推断玩家4是卧底。因为玩家4的描述中没有提到甜酸口感、维生素含量或抗氧化特性，这些特征在苹果的描述中是常见的，而其他玩家的描述更符合苹果的特征。
2024-12-13 11:35:44,530 - 2 - INFO - **********JUDGER**********
你刚刚的推断是基于分析的不一致之处，我推断玩家4是卧底。因为玩家4的描述中没有提到甜酸口感、维生素含量或抗氧化特性，这些特征在苹果的描述中是常见的，而其他玩家的描述更符合苹果的特征。|| 基于你刚刚的推断得出你的最终结论，请输出你认为的卧底，在这种情况下只需要输出编号，是1-4中的某个数字，不要输出其他信息。在这个过程不要进行任何推理，只对||以前的部分进行信息提取
2024-12-13 11:35:45,513 - 2 - INFO - **********PLAYER2**********
4
2024-12-13 11:36:13,902 - 2 - INFO - **********JUDGER**********
玩家1说：这个水果是圆形的，有鲜艳的颜色，通常有多种口味。在水果类中，它可能因为某种独特的味道或者营养价值而特别突出。这个水果皮薄多汁，适合生食，它的味道通常既甜又略带酸味，是很多人喜爱的日常零食。在水果中，它因其丰富的维生素含量和抗氧化特性而受到重视。这个水果的果肉紧实，核小，切开后可以看到清晰的纹理。它通常在秋季成熟，颜色从青绿到鲜红渐变。它的香味浓郁，可以用来做各种甜点，同时也是制作果汁的好选择。玩家2说：这个水果通常呈红色或绿色，具有光滑的圆形外观。它在水果中以其丰富的汁液和多汁口感而闻名，而且有时因为其独特的营养成分或药用价值而备受推崇。这个水果通常较小，有着光滑的皮肤，颜色从浅绿到深红不等。它的质地较脆，易于咬食，水分充足，味道通常既甜又略带酸味。在水果中，它以其脆甜的口感和丰富的维生素含量而受到人们的喜爱。玩家3说：这个水果通常是红色的，质地坚硬，富含水分，口感脆甜。它在同类水果中因其独特的甜酸口感和丰富的营养成分而受到喜爱。这个水果的大小适中，有着光滑的皮肤，颜色从浅绿到深红不等。它的质地较脆，易于咬食，水分充足，味道通常既甜又略带酸味，非常适合作为日常零食。在水果中，它因其丰富的维生素和矿物质含量而受到重视，并且因其独特的风味和营养价值而广受欢迎。玩家4说：这个水果形状圆润，色泽鲜艳多样。它在同类水果中以其独特的香气和口感而著称，有时还因为其富含的某种特定营养素或健康益处而备受关注。这个水果通常呈黄色，具有独特的香味，切开后会流出清澈的汁液。它的质地较为坚硬，但咬下去后，口感脆而多汁。这种水果的甜味中带有一丝微妙的酸味，是很多人喜爱的热带水果。在同类水果中，它以其丰富的维生素C含量和促进消化的特性而受到特别重视。你是第2号玩家，你的关键词是<苹果>。你的回答中绝对不能包含你的关键词<苹果>。这是第三轮描述，你之前的描述是这个水果通常呈红色或绿色，具有光滑的圆形外观。它在水果中以其丰富的汁液和多汁口感而闻名，而且有时因为其独特的营养成分或药用价值而备受推崇。和这个水果通常较小，有着光滑的皮肤，颜色从浅绿到深红不等。它的质地较脆，易于咬食，水分充足，味道通常既甜又略带酸味。在水果中，它以其脆甜的口感和丰富的维生素含量而受到人们的喜爱。，注意，这局游戏的词语分类为<水果>，卧底词和平民词都属于该类，请你补充关于关键词的描述，注意，你的描述应该比起之前的描述更加贴近关键词，作为之前的补充
2024-12-13 11:36:16,379 - 2 - INFO - **********PLAYER2**********
这个水果的形状规则，呈圆形，皮肤光滑，颜色从浅绿过渡到鲜红。它的口感脆甜，多汁，适合生食。在水果中，它以其丰富的营养成分，尤其是维生素C的含量而著称，同时具有一定的药用价值，常被用来制作甜点和果汁。
2024-12-13 11:36:36,400 - 2 - INFO - **********JUDGER**********
玩家1说：这个水果是圆形的，有鲜艳的颜色，通常有多种口味。在水果类中，它可能因为某种独特的味道或者营养价值而特别突出。这个水果皮薄多汁，适合生食，它的味道通常既甜又略带酸味，是很多人喜爱的日常零食。在水果中，它因其丰富的维生素含量和抗氧化特性而受到重视。这个水果的果肉紧实，核小，切开后可以看到清晰的纹理。它通常在秋季成熟，颜色从青绿到鲜红渐变。它的香味浓郁，可以用来做各种甜点，同时也是制作果汁的好选择。玩家2说：这个水果通常呈红色或绿色，具有光滑的圆形外观。它在水果中以其丰富的汁液和多汁口感而闻名，而且有时因为其独特的营养成分或药用价值而备受推崇。这个水果通常较小，有着光滑的皮肤，颜色从浅绿到深红不等。它的质地较脆，易于咬食，水分充足，味道通常既甜又略带酸味。在水果中，它以其脆甜的口感和丰富的维生素含量而受到人们的喜爱。这个水果的形状规则，呈圆形，皮肤光滑，颜色从浅绿过渡到鲜红。它的口感脆甜，多汁，适合生食。在水果中，它以其丰富的营养成分，尤其是维生素C的含量而著称，同时具有一定的药用价值，常被用来制作甜点和果汁。玩家3说：这个水果通常是红色的，质地坚硬，富含水分，口感脆甜。它在同类水果中因其独特的甜酸口感和丰富的营养成分而受到喜爱。这个水果的大小适中，有着光滑的皮肤，颜色从浅绿到深红不等。它的质地较脆，易于咬食，水分充足，味道通常既甜又略带酸味，非常适合作为日常零食。在水果中，它因其丰富的维生素和矿物质含量而受到重视，并且因其独特的风味和营养价值而广受欢迎。这个水果通常在秋季成熟，颜色从青绿到鲜红渐变，香味浓郁，可以用来做各种甜点，同时也是制作果汁的好选择。它的核小，切开后可以看到清晰的纹理，口感脆甜，甜味中带有一丝微妙的酸味，是很多人喜爱的热带水果。玩家4说：这个水果形状圆润，色泽鲜艳多样。它在同类水果中以其独特的香气和口感而著称，有时还因为其富含的某种特定营养素或健康益处而备受关注。这个水果通常呈黄色，具有独特的香味，切开后会流出清澈的汁液。它的质地较为坚硬，但咬下去后，口感脆而多汁。这种水果的甜味中带有一丝微妙的酸味，是很多人喜爱的热带水果。在同类水果中，它以其丰富的维生素C含量和促进消化的特性而受到特别重视。这个水果通常在热带地区生长，成熟时呈现出鲜艳的黄色。它的叶片长而尖，呈绿色，包围着果实。这种水果的香味浓郁，切开后汁液丰富，口感既甜又略带酸味。它的质地坚硬，但内部组织柔软，非常适合生食。这种水果还因其含有多种维生素和酶类，有助于消化，而在健康食品中颇受欢迎。||在这个游戏中，我们需要通过分析每位玩家的描述来找出卧底。通常，平民的描述会围绕相同的词语展开，而卧底的描述可能会因为词语的不同而显得不太一致。我们需要仔细比较每个描述之间的相似性和差异性，以找出可能的卧底，注意，卧底并不会隐藏自己，他会直接描述他的词语，现在，逐一分析每个玩家的描述，注意，这局游戏的词语分类为<水果>，卧底词和平民词都属于该类。||之前是第3轮描述和之前轮数描述的合集。你之前认为的卧底是玩家4。
2024-12-13 11:36:47,992 - 2 - INFO - **********PLAYER2**********
根据第3轮描述和之前的描述，我们可以进行以下分析：

玩家1和玩家2的描述都非常详细，提到了水果的圆形、鲜艳的颜色、多汁口感、甜酸味道、维生素含量、抗氧化特性、秋季成熟、香味浓郁、适合制作甜点和果汁等特点。这些描述与苹果的特征高度吻合。

玩家3的描述与玩家1和玩家2的描述非常相似，同样提到了圆形、红色、多汁、甜酸口感、维生素和矿物质含量、秋季成熟、香味浓郁、适合制作甜点和果汁等特点，但没有提到抗氧化特性，这可能与苹果的描述略有不同。

玩家4的描述与玩家1和玩家2的描述有所不同，提到了水果的形状圆润、色泽鲜艳多样、独特的香气和口感、富含特定营养素或健康益处、呈黄色、独特的香味、切开后流出清澈汁液、质地坚硬但咬下去后口感脆而多汁、甜味中带有一丝微妙的酸味、丰富的维生素C含量、促进消化的特性、通常在热带地区生长、成熟时呈现出鲜艳的黄色、叶片长而尖、呈绿色等特点。这些描述更像是柑橘类水果的特征，而不是苹果。

基于这些信息，玩家4的描述与苹果的特征不太一致，可能是卧底。玩家1和玩家2的描述非常相似，而玩家3的描述虽然与苹果的特征相似，但没有提到抗氧化特性，这可能是一个小差异。因此，根据当前的描述，我仍然认为玩家4是卧底。
2024-12-13 11:36:47,994 - 2 - INFO - **********JUDGER**********
你刚刚的分析是根据第3轮描述和之前的描述，我们可以进行以下分析：

玩家1和玩家2的描述都非常详细，提到了水果的圆形、鲜艳的颜色、多汁口感、甜酸味道、维生素含量、抗氧化特性、秋季成熟、香味浓郁、适合制作甜点和果汁等特点。这些描述与苹果的特征高度吻合。

玩家3的描述与玩家1和玩家2的描述非常相似，同样提到了圆形、红色、多汁、甜酸口感、维生素和矿物质含量、秋季成熟、香味浓郁、适合制作甜点和果汁等特点，但没有提到抗氧化特性，这可能与苹果的描述略有不同。

玩家4的描述与玩家1和玩家2的描述有所不同，提到了水果的形状圆润、色泽鲜艳多样、独特的香气和口感、富含特定营养素或健康益处、呈黄色、独特的香味、切开后流出清澈汁液、质地坚硬但咬下去后口感脆而多汁、甜味中带有一丝微妙的酸味、丰富的维生素C含量、促进消化的特性、通常在热带地区生长、成熟时呈现出鲜艳的黄色、叶片长而尖、呈绿色等特点。这些描述更像是柑橘类水果的特征，而不是苹果。

基于这些信息，玩家4的描述与苹果的特征不太一致，可能是卧底。玩家1和玩家2的描述非常相似，而玩家3的描述虽然与苹果的特征相似，但没有提到抗氧化特性，这可能是一个小差异。因此，根据当前的描述，我仍然认为玩家4是卧底。|| `请根据上述分析，比较描述以找出不一致之处，注意，这局游戏的词语分类为<水果>，卧底词和平民词都属于该类。
2024-12-13 11:36:53,096 - 2 - INFO - **********PLAYER2**********
根据上述分析，以下是不一致之处：

1. 玩家4的描述中提到了“色泽鲜艳多样”、“呈黄色”、“独特的香味”、“通常在热带地区生长”等特征，这些特征与苹果的常见描述不符，苹果通常不会描述为色泽多样、香味独特，且主要生长在温带地区。

2. 玩家4的描述中提到了“质地较为坚硬”，而苹果通常被描述为质地较脆，易于咬食。

3. 玩家4的描述中提到了“促进消化的特性”，这是一个与苹果描述不符的药用价值特征。

4. 玩家4的描述中提到了“叶片长而尖，呈绿色”，这与苹果的描述无关，因为苹果的描述通常不会提及叶子。

这些不一致之处表明玩家4的描述与苹果的特征存在明显差异，因此可能是卧底。
2024-12-13 11:36:53,097 - 2 - INFO - **********JUDGER**********
你刚刚的分析是根据上述分析，以下是不一致之处：

1. 玩家4的描述中提到了“色泽鲜艳多样”、“呈黄色”、“独特的香味”、“通常在热带地区生长”等特征，这些特征与苹果的常见描述不符，苹果通常不会描述为色泽多样、香味独特，且主要生长在温带地区。

2. 玩家4的描述中提到了“质地较为坚硬”，而苹果通常被描述为质地较脆，易于咬食。

3. 玩家4的描述中提到了“促进消化的特性”，这是一个与苹果描述不符的药用价值特征。

4. 玩家4的描述中提到了“叶片长而尖，呈绿色”，这与苹果的描述无关，因为苹果的描述通常不会提及叶子。

这些不一致之处表明玩家4的描述与苹果的特征存在明显差异，因此可能是卧底。|| 请通过你分析的不一致之处，推断卧底身份，注意，这局游戏的词语分类为<水果>，卧底词和平民词都属于该类。
2024-12-13 11:36:54,136 - 2 - INFO - **********PLAYER2**********
4
2024-12-13 11:36:54,137 - 2 - INFO - **********JUDGER**********
你刚刚的推断是4|| 基于你刚刚的推断得出你的最终结论，请输出你认为的卧底，在这种情况下只需要输出编号，是1-4中的某个数字，不要输出其他信息。在这个过程不要进行任何推理，只对||以前的部分进行信息提取
2024-12-13 11:36:55,162 - 2 - INFO - **********PLAYER2**********
4
