2024-12-13 11:33:23,427 - 3 - INFO - **********JUDGER**********
让我们来玩一个叫做<谁是卧底>的推理游戏。基本规则：<人数>：4人。<角色分配>：每位玩家随机抽取一个词语，3名玩家拿到的词语是相同的（平民词），1名玩家拿到与之相近但不同的词语（卧底词）。<游戏流程>：1、玩家轮流描述自己的词语，但<不能>直接说出词语本身。2、描述完毕后，投票选出最像卧底的玩家。3、每轮结束后，被投票选出的玩家出局，不能再进行描述或投票。4、每轮投票结束后，如果卧底被成功找出，平民方获胜；如果卧底未被找出且卧底人数等于或超过平民人数，则卧底方获胜。你将扮演一个<玩家>，请等待你被分配到的关键词。如果你听懂了，只回答，"好的，我准备好参加游戏了"，不要输出别的信息
2024-12-13 11:33:23,866 - 3 - INFO - **********PLAYER3**********
好的，我准备好参加游戏了
2024-12-13 11:33:28,408 - 3 - INFO - **********JUDGER**********
玩家1说：这个水果是圆形的，有鲜艳的颜色，通常有多种口味。在水果类中，它可能因为某种独特的味道或者营养价值而特别突出。玩家2说：这个水果通常呈红色或绿色，具有光滑的圆形外观。它在水果中以其丰富的汁液和多汁口感而闻名，而且有时因为其独特的营养成分或药用价值而备受推崇。玩家3说：玩家4说：|| 你是第3号玩家，你的关键词是<苹果>。你的回答中绝对不能包含你的关键词<苹果>。这是第一轮描述，不需要分析||之前别的玩家的描述，请你描述关键词基本特征，注意，这局游戏的词语分类为<水果>，卧底词和平民词都属于该类，描述包括以下两点，1.他的基本特征是什么2.他在该类（水果）中最突出不同的特征是什么，尽量简短
2024-12-13 11:33:29,746 - 3 - INFO - **********PLAYER3**********
这个水果通常是红色的，质地坚硬，富含水分，口感脆甜。它在同类水果中因其独特的甜酸口感和丰富的营养成分而受到喜爱。
2024-12-13 11:34:10,640 - 3 - INFO - **********JUDGER**********
玩家1说：这个水果是圆形的，有鲜艳的颜色，通常有多种口味。在水果类中，它可能因为某种独特的味道或者营养价值而特别突出。玩家2说：这个水果通常呈红色或绿色，具有光滑的圆形外观。它在水果中以其丰富的汁液和多汁口感而闻名，而且有时因为其独特的营养成分或药用价值而备受推崇。玩家3说：这个水果通常是红色的，质地坚硬，富含水分，口感脆甜。它在同类水果中因其独特的甜酸口感和丰富的营养成分而受到喜爱。玩家4说：||在这个游戏中，我们需要通过分析每位玩家的描述来找出卧底。通常，平民的描述会围绕相同的词语展开，而卧底的描述可能会因为词语的不同而显得不太一致。我们需要仔细比较每个描述之间的相似性和差异性，以找出可能的卧底，注意，卧底并不会隐藏自己，他会直接描述他的词语，现在，逐一分析每个玩家的描述，注意，这局游戏的词语分类为<水果>，卧底词和平民词都属于该类。这是第一轮描述。
2024-12-13 11:34:16,389 - 3 - INFO - **********PLAYER3**********
根据玩家们的描述，我们可以看到以下几点：

- 玩家1描述了一个圆形、颜色鲜艳、口味多样的水果，可能因为独特味道或营养价值突出。
- 玩家2描述了一个呈红色或绿色、光滑圆形、汁液丰富、口感多汁的水果，可能因其营养成分或药用价值受推崇。
- 玩家3的描述与玩家1和玩家2的描述非常相似，提到了圆形、红色、质地坚硬、水分丰富、口感脆甜，以及因其甜酸口感和营养成分受欢迎。
- 玩家4的描述更像是对游戏规则的分析和提示，而不是对水果的描述。

从这些描述中，我们可以推测玩家1、玩家2和玩家3可能都在描述同一种水果，而玩家4可能是卧底，因为他的描述与水果无关，而是关于游戏规则的提示。如果我们要找出卧底，玩家4可能是最可疑的。不过，这只是一个初步的分析，真正的卧底可能会在后续的描述中露出破绽。
2024-12-13 11:34:16,392 - 3 - INFO - **********JUDGER**********
你刚刚的分析是根据玩家们的描述，我们可以看到以下几点：

- 玩家1描述了一个圆形、颜色鲜艳、口味多样的水果，可能因为独特味道或营养价值突出。
- 玩家2描述了一个呈红色或绿色、光滑圆形、汁液丰富、口感多汁的水果，可能因其营养成分或药用价值受推崇。
- 玩家3的描述与玩家1和玩家2的描述非常相似，提到了圆形、红色、质地坚硬、水分丰富、口感脆甜，以及因其甜酸口感和营养成分受欢迎。
- 玩家4的描述更像是对游戏规则的分析和提示，而不是对水果的描述。

从这些描述中，我们可以推测玩家1、玩家2和玩家3可能都在描述同一种水果，而玩家4可能是卧底，因为他的描述与水果无关，而是关于游戏规则的提示。如果我们要找出卧底，玩家4可能是最可疑的。不过，这只是一个初步的分析，真正的卧底可能会在后续的描述中露出破绽。|| `请根据上述分析，比较描述以找出不一致之处，注意，这局游戏的词语分类为<水果>，卧底词和平民词都属于该类。
2024-12-13 11:34:26,184 - 3 - INFO - **********PLAYER3**********
根据上述分析，我们可以比较玩家们的描述来找出不一致之处：

1. 玩家1提到水果“通常有多种口味”，而玩家2和玩家3并没有明确提到口味多样性。这可能是玩家1与玩家2、3描述的不一致之处。

2. 玩家2强调了水果的“汁液丰富”和“多汁口感”，而玩家1和玩家3没有提到这一点。这可能是玩家2与玩家1、3描述的不一致之处。

3. 玩家3特别提到了水果的“质地坚硬”，而玩家1和玩家2没有提到这一点。这可能是玩家3与玩家1、2描述的不一致之处。

4. 玩家4的描述与水果无关，而是关于游戏规则的分析，这与其他玩家描述水果的特征完全不同。

基于这些不一致之处，玩家4的描述显然与水果描述无关，因此他可能是卧底。而玩家1、玩家2和玩家3的描述虽然有一些细微的差别，但总体上都在描述相同的水果特征，这增加了他们可能是平民的可能性。然而，由于卧底可能隐藏自己的特征，我们需要更多的信息来确定谁是卧底。
2024-12-13 11:34:26,185 - 3 - INFO - **********JUDGER**********
你刚刚的分析是根据上述分析，我们可以比较玩家们的描述来找出不一致之处：

1. 玩家1提到水果“通常有多种口味”，而玩家2和玩家3并没有明确提到口味多样性。这可能是玩家1与玩家2、3描述的不一致之处。

2. 玩家2强调了水果的“汁液丰富”和“多汁口感”，而玩家1和玩家3没有提到这一点。这可能是玩家2与玩家1、3描述的不一致之处。

3. 玩家3特别提到了水果的“质地坚硬”，而玩家1和玩家2没有提到这一点。这可能是玩家3与玩家1、2描述的不一致之处。

4. 玩家4的描述与水果无关，而是关于游戏规则的分析，这与其他玩家描述水果的特征完全不同。

基于这些不一致之处，玩家4的描述显然与水果描述无关，因此他可能是卧底。而玩家1、玩家2和玩家3的描述虽然有一些细微的差别，但总体上都在描述相同的水果特征，这增加了他们可能是平民的可能性。然而，由于卧底可能隐藏自己的特征，我们需要更多的信息来确定谁是卧底。|| 请通过你分析的不一致之处，推断卧底身份，注意，这局游戏的词语分类为<水果>，卧底词和平民词都属于该类。
2024-12-13 11:34:36,081 - 3 - INFO - **********PLAYER3**********
基于分析中提到的不一致之处，我们可以进行以下推断：

1. 玩家1提到“多种口味”，这可能意味着他描述的是一种口味较为复杂的水果，如葡萄或橙子。

2. 玩家2提到“汁液丰富”和“多汁口感”，这通常与柑橘类水果如橙子或柚子相符合。

3. 玩家3提到“质地坚硬”，这可能与苹果或梨等质地较硬的水果相符。

4. 玩家4的描述与水果无关，这强烈暗示他可能是卧底。

考虑到这些描述，如果所有玩家都在描述同一种水果，那么最可能的共同点是苹果，因为苹果通常具有多种口味、汁液丰富、质地坚硬，并且是红色或绿色，与玩家1、2、3的描述相符。然而，由于玩家4的描述与游戏规则而非水果特征相关，这表明他可能是在描述与苹果不同的水果，比如梨。

因此，根据描述的不一致之处，玩家4可能是卧底，因为他没有描述与苹果相符的特征，而是可能与梨相关的特征。然而，这个推断基于假设所有平民都在描述苹果，如果卧底选择了一个与苹果相似但描述上有细微差别的词语，那么这个推断可能需要调整。
2024-12-13 11:34:36,082 - 3 - INFO - **********JUDGER**********
你刚刚的推断是基于分析中提到的不一致之处，我们可以进行以下推断：

1. 玩家1提到“多种口味”，这可能意味着他描述的是一种口味较为复杂的水果，如葡萄或橙子。

2. 玩家2提到“汁液丰富”和“多汁口感”，这通常与柑橘类水果如橙子或柚子相符合。

3. 玩家3提到“质地坚硬”，这可能与苹果或梨等质地较硬的水果相符。

4. 玩家4的描述与水果无关，这强烈暗示他可能是卧底。

考虑到这些描述，如果所有玩家都在描述同一种水果，那么最可能的共同点是苹果，因为苹果通常具有多种口味、汁液丰富、质地坚硬，并且是红色或绿色，与玩家1、2、3的描述相符。然而，由于玩家4的描述与游戏规则而非水果特征相关，这表明他可能是在描述与苹果不同的水果，比如梨。

因此，根据描述的不一致之处，玩家4可能是卧底，因为他没有描述与苹果相符的特征，而是可能与梨相关的特征。然而，这个推断基于假设所有平民都在描述苹果，如果卧底选择了一个与苹果相似但描述上有细微差别的词语，那么这个推断可能需要调整。|| 基于你刚刚的推断得出你的最终结论，请输出你认为的卧底，在这种情况下只需要输出编号，是1-4中的某个数字，不要输出其他信息。在这个过程不要进行任何推理，只对||以前的部分进行信息提取
2024-12-13 11:34:36,549 - 3 - INFO - **********PLAYER3**********
4
2024-12-13 11:35:00,379 - 3 - INFO - **********JUDGER**********
玩家1说：这个水果是圆形的，有鲜艳的颜色，通常有多种口味。在水果类中，它可能因为某种独特的味道或者营养价值而特别突出。这个水果皮薄多汁，适合生食，它的味道通常既甜又略带酸味，是很多人喜爱的日常零食。在水果中，它因其丰富的维生素含量和抗氧化特性而受到重视。玩家2说：这个水果通常呈红色或绿色，具有光滑的圆形外观。它在水果中以其丰富的汁液和多汁口感而闻名，而且有时因为其独特的营养成分或药用价值而备受推崇。这个水果通常较小，有着光滑的皮肤，颜色从浅绿到深红不等。它的质地较脆，易于咬食，水分充足，味道通常既甜又略带酸味。在水果中，它以其脆甜的口感和丰富的维生素含量而受到人们的喜爱。玩家3说：这个水果通常是红色的，质地坚硬，富含水分，口感脆甜。它在同类水果中因其独特的甜酸口感和丰富的营养成分而受到喜爱。玩家4说：这个水果形状圆润，色泽鲜艳多样。它在同类水果中以其独特的香气和口感而著称，有时还因为其富含的某种特定营养素或健康益处而备受关注。你是第3号玩家，你的关键词是<苹果>。你的回答中绝对不能包含你的关键词<苹果>。这是第二轮描述，你之前的描述是这个水果通常是红色的，质地坚硬，富含水分，口感脆甜。它在同类水果中因其独特的甜酸口感和丰富的营养成分而受到喜爱。，注意，这局游戏的词语分类为<水果>，卧底词和平民词都属于该类，请你补充关于关键词的描述，注意，你的描述应该比起之前的描述更加贴近关键词，作为之前的补充
2024-12-13 11:35:03,751 - 3 - INFO - **********PLAYER3**********
这个水果的大小适中，有着光滑的皮肤，颜色从浅绿到深红不等。它的质地较脆，易于咬食，水分充足，味道通常既甜又略带酸味，非常适合作为日常零食。在水果中，它因其丰富的维生素和矿物质含量而受到重视，并且因其独特的风味和营养价值而广受欢迎。
2024-12-13 11:35:45,515 - 3 - INFO - **********JUDGER**********
玩家1说：这个水果是圆形的，有鲜艳的颜色，通常有多种口味。在水果类中，它可能因为某种独特的味道或者营养价值而特别突出。这个水果皮薄多汁，适合生食，它的味道通常既甜又略带酸味，是很多人喜爱的日常零食。在水果中，它因其丰富的维生素含量和抗氧化特性而受到重视。玩家2说：这个水果通常呈红色或绿色，具有光滑的圆形外观。它在水果中以其丰富的汁液和多汁口感而闻名，而且有时因为其独特的营养成分或药用价值而备受推崇。这个水果通常较小，有着光滑的皮肤，颜色从浅绿到深红不等。它的质地较脆，易于咬食，水分充足，味道通常既甜又略带酸味。在水果中，它以其脆甜的口感和丰富的维生素含量而受到人们的喜爱。玩家3说：这个水果通常是红色的，质地坚硬，富含水分，口感脆甜。它在同类水果中因其独特的甜酸口感和丰富的营养成分而受到喜爱。这个水果的大小适中，有着光滑的皮肤，颜色从浅绿到深红不等。它的质地较脆，易于咬食，水分充足，味道通常既甜又略带酸味，非常适合作为日常零食。在水果中，它因其丰富的维生素和矿物质含量而受到重视，并且因其独特的风味和营养价值而广受欢迎。玩家4说：这个水果形状圆润，色泽鲜艳多样。它在同类水果中以其独特的香气和口感而著称，有时还因为其富含的某种特定营养素或健康益处而备受关注。||在这个游戏中，我们需要通过分析每位玩家的描述来找出卧底。通常，平民的描述会围绕相同的词语展开，而卧底的描述可能会因为词语的不同而显得不太一致。我们需要仔细比较每个描述之间的相似性和差异性，以找出可能的卧底，注意，卧底并不会隐藏自己，他会直接描述他的词语，现在，逐一分析每个玩家的描述，注意，这局游戏的词语分类为<水果>，卧底词和平民词都属于该类。||之前是第2轮描述和之前轮数描述的合集。你之前认为的卧底是玩家4。
2024-12-13 11:35:46,356 - 3 - INFO - **********PLAYER3**********
玩家4
2024-12-13 11:35:46,357 - 3 - INFO - **********JUDGER**********
你刚刚的分析是玩家4|| `请根据上述分析，比较描述以找出不一致之处，注意，这局游戏的词语分类为<水果>，卧底词和平民词都属于该类。
2024-12-13 11:35:52,958 - 3 - INFO - **********PLAYER3**********
根据上述分析，我们可以比较玩家们的描述来找出不一致之处：

1. 玩家1和玩家2都提到了水果的鲜艳颜色、圆形外观、汁液丰富、多汁口感、味道甜且略带酸味、小尺寸、光滑皮肤、颜色从浅绿到深红不等、质地较脆、易于咬食、水分充足、丰富的维生素含量、抗氧化特性、独特的营养成分或药用价值、脆甜口感、受到人们的喜爱。

2. 玩家3的描述与玩家1和玩家2非常相似，除了强调了水果的质地坚硬外，其他特征都与他们相同。

3. 玩家4的描述则有所不同，他提到了水果的香气和口感，以及富含的某种特定营养素或健康益处。这一点与玩家1、2、3的描述中提到的汁液丰富、多汁口感、甜且略带酸味等特征有所不同。

不一致之处在于玩家4的描述中提到了香气和特定营养素或健康益处，而其他玩家更侧重于描述水果的口感、颜色、维生素含量等。这一点可能表明玩家4的描述与苹果这一关键词不太一致，从而可能是卧底。
2024-12-13 11:35:52,960 - 3 - INFO - **********JUDGER**********
你刚刚的分析是根据上述分析，我们可以比较玩家们的描述来找出不一致之处：

1. 玩家1和玩家2都提到了水果的鲜艳颜色、圆形外观、汁液丰富、多汁口感、味道甜且略带酸味、小尺寸、光滑皮肤、颜色从浅绿到深红不等、质地较脆、易于咬食、水分充足、丰富的维生素含量、抗氧化特性、独特的营养成分或药用价值、脆甜口感、受到人们的喜爱。

2. 玩家3的描述与玩家1和玩家2非常相似，除了强调了水果的质地坚硬外，其他特征都与他们相同。

3. 玩家4的描述则有所不同，他提到了水果的香气和口感，以及富含的某种特定营养素或健康益处。这一点与玩家1、2、3的描述中提到的汁液丰富、多汁口感、甜且略带酸味等特征有所不同。

不一致之处在于玩家4的描述中提到了香气和特定营养素或健康益处，而其他玩家更侧重于描述水果的口感、颜色、维生素含量等。这一点可能表明玩家4的描述与苹果这一关键词不太一致，从而可能是卧底。|| 请通过你分析的不一致之处，推断卧底身份，注意，这局游戏的词语分类为<水果>，卧底词和平民词都属于该类。
2024-12-13 11:35:53,513 - 3 - INFO - **********PLAYER3**********
4
2024-12-13 11:35:53,514 - 3 - INFO - **********JUDGER**********
你刚刚的推断是4|| 基于你刚刚的推断得出你的最终结论，请输出你认为的卧底，在这种情况下只需要输出编号，是1-4中的某个数字，不要输出其他信息。在这个过程不要进行任何推理，只对||以前的部分进行信息提取
2024-12-13 11:35:54,270 - 3 - INFO - **********PLAYER3**********
4
2024-12-13 11:36:16,380 - 3 - INFO - **********JUDGER**********
玩家1说：这个水果是圆形的，有鲜艳的颜色，通常有多种口味。在水果类中，它可能因为某种独特的味道或者营养价值而特别突出。这个水果皮薄多汁，适合生食，它的味道通常既甜又略带酸味，是很多人喜爱的日常零食。在水果中，它因其丰富的维生素含量和抗氧化特性而受到重视。这个水果的果肉紧实，核小，切开后可以看到清晰的纹理。它通常在秋季成熟，颜色从青绿到鲜红渐变。它的香味浓郁，可以用来做各种甜点，同时也是制作果汁的好选择。玩家2说：这个水果通常呈红色或绿色，具有光滑的圆形外观。它在水果中以其丰富的汁液和多汁口感而闻名，而且有时因为其独特的营养成分或药用价值而备受推崇。这个水果通常较小，有着光滑的皮肤，颜色从浅绿到深红不等。它的质地较脆，易于咬食，水分充足，味道通常既甜又略带酸味。在水果中，它以其脆甜的口感和丰富的维生素含量而受到人们的喜爱。这个水果的形状规则，呈圆形，皮肤光滑，颜色从浅绿过渡到鲜红。它的口感脆甜，多汁，适合生食。在水果中，它以其丰富的营养成分，尤其是维生素C的含量而著称，同时具有一定的药用价值，常被用来制作甜点和果汁。玩家3说：这个水果通常是红色的，质地坚硬，富含水分，口感脆甜。它在同类水果中因其独特的甜酸口感和丰富的营养成分而受到喜爱。这个水果的大小适中，有着光滑的皮肤，颜色从浅绿到深红不等。它的质地较脆，易于咬食，水分充足，味道通常既甜又略带酸味，非常适合作为日常零食。在水果中，它因其丰富的维生素和矿物质含量而受到重视，并且因其独特的风味和营养价值而广受欢迎。玩家4说：这个水果形状圆润，色泽鲜艳多样。它在同类水果中以其独特的香气和口感而著称，有时还因为其富含的某种特定营养素或健康益处而备受关注。这个水果通常呈黄色，具有独特的香味，切开后会流出清澈的汁液。它的质地较为坚硬，但咬下去后，口感脆而多汁。这种水果的甜味中带有一丝微妙的酸味，是很多人喜爱的热带水果。在同类水果中，它以其丰富的维生素C含量和促进消化的特性而受到特别重视。你是第3号玩家，你的关键词是<苹果>。你的回答中绝对不能包含你的关键词<苹果>。这是第三轮描述，你之前的描述是这个水果通常是红色的，质地坚硬，富含水分，口感脆甜。它在同类水果中因其独特的甜酸口感和丰富的营养成分而受到喜爱。和这个水果的大小适中，有着光滑的皮肤，颜色从浅绿到深红不等。它的质地较脆，易于咬食，水分充足，味道通常既甜又略带酸味，非常适合作为日常零食。在水果中，它因其丰富的维生素和矿物质含量而受到重视，并且因其独特的风味和营养价值而广受欢迎。，注意，这局游戏的词语分类为<水果>，卧底词和平民词都属于该类，请你补充关于关键词的描述，注意，你的描述应该比起之前的描述更加贴近关键词，作为之前的补充
2024-12-13 11:36:20,618 - 3 - INFO - **********PLAYER3**********
这个水果通常在秋季成熟，颜色从青绿到鲜红渐变，香味浓郁，可以用来做各种甜点，同时也是制作果汁的好选择。它的核小，切开后可以看到清晰的纹理，口感脆甜，甜味中带有一丝微妙的酸味，是很多人喜爱的热带水果。
2024-12-13 11:36:55,163 - 3 - INFO - **********JUDGER**********
玩家1说：这个水果是圆形的，有鲜艳的颜色，通常有多种口味。在水果类中，它可能因为某种独特的味道或者营养价值而特别突出。这个水果皮薄多汁，适合生食，它的味道通常既甜又略带酸味，是很多人喜爱的日常零食。在水果中，它因其丰富的维生素含量和抗氧化特性而受到重视。这个水果的果肉紧实，核小，切开后可以看到清晰的纹理。它通常在秋季成熟，颜色从青绿到鲜红渐变。它的香味浓郁，可以用来做各种甜点，同时也是制作果汁的好选择。玩家2说：这个水果通常呈红色或绿色，具有光滑的圆形外观。它在水果中以其丰富的汁液和多汁口感而闻名，而且有时因为其独特的营养成分或药用价值而备受推崇。这个水果通常较小，有着光滑的皮肤，颜色从浅绿到深红不等。它的质地较脆，易于咬食，水分充足，味道通常既甜又略带酸味。在水果中，它以其脆甜的口感和丰富的维生素含量而受到人们的喜爱。这个水果的形状规则，呈圆形，皮肤光滑，颜色从浅绿过渡到鲜红。它的口感脆甜，多汁，适合生食。在水果中，它以其丰富的营养成分，尤其是维生素C的含量而著称，同时具有一定的药用价值，常被用来制作甜点和果汁。玩家3说：这个水果通常是红色的，质地坚硬，富含水分，口感脆甜。它在同类水果中因其独特的甜酸口感和丰富的营养成分而受到喜爱。这个水果的大小适中，有着光滑的皮肤，颜色从浅绿到深红不等。它的质地较脆，易于咬食，水分充足，味道通常既甜又略带酸味，非常适合作为日常零食。在水果中，它因其丰富的维生素和矿物质含量而受到重视，并且因其独特的风味和营养价值而广受欢迎。这个水果通常在秋季成熟，颜色从青绿到鲜红渐变，香味浓郁，可以用来做各种甜点，同时也是制作果汁的好选择。它的核小，切开后可以看到清晰的纹理，口感脆甜，甜味中带有一丝微妙的酸味，是很多人喜爱的热带水果。玩家4说：这个水果形状圆润，色泽鲜艳多样。它在同类水果中以其独特的香气和口感而著称，有时还因为其富含的某种特定营养素或健康益处而备受关注。这个水果通常呈黄色，具有独特的香味，切开后会流出清澈的汁液。它的质地较为坚硬，但咬下去后，口感脆而多汁。这种水果的甜味中带有一丝微妙的酸味，是很多人喜爱的热带水果。在同类水果中，它以其丰富的维生素C含量和促进消化的特性而受到特别重视。这个水果通常在热带地区生长，成熟时呈现出鲜艳的黄色。它的叶片长而尖，呈绿色，包围着果实。这种水果的香味浓郁，切开后汁液丰富，口感既甜又略带酸味。它的质地坚硬，但内部组织柔软，非常适合生食。这种水果还因其含有多种维生素和酶类，有助于消化，而在健康食品中颇受欢迎。||在这个游戏中，我们需要通过分析每位玩家的描述来找出卧底。通常，平民的描述会围绕相同的词语展开，而卧底的描述可能会因为词语的不同而显得不太一致。我们需要仔细比较每个描述之间的相似性和差异性，以找出可能的卧底，注意，卧底并不会隐藏自己，他会直接描述他的词语，现在，逐一分析每个玩家的描述，注意，这局游戏的词语分类为<水果>，卧底词和平民词都属于该类。||之前是第3轮描述和之前轮数描述的合集。你之前认为的卧底是玩家4。
2024-12-13 11:36:56,272 - 3 - INFO - **********PLAYER3**********
玩家4
2024-12-13 11:36:56,272 - 3 - INFO - **********JUDGER**********
你刚刚的分析是玩家4|| `请根据上述分析，比较描述以找出不一致之处，注意，这局游戏的词语分类为<水果>，卧底词和平民词都属于该类。
2024-12-13 11:37:09,158 - 3 - INFO - **********PLAYER3**********
根据上述分析，我们可以比较玩家们的描述来找出不一致之处：

1. 玩家1和玩家2的描述都强调了水果的圆形外观、鲜艳颜色、多汁口感、甜酸味道、丰富的维生素含量、药用价值，以及适合制作甜点和果汁。

2. 玩家3的描述与玩家1和玩家2相似，也提到了圆形外观、多汁口感、甜酸味道、丰富的维生素和矿物质含量，以及适合作为日常零食。

3. 玩家4的描述中，除了提到圆形外观、多汁口感、甜酸味道、丰富的维生素C含量外，还特别强调了水果的黄色、独特的香味、热带生长环境、叶片特征（长而尖，绿色），以及促进消化的特性。

不一致之处在于玩家4的描述中包含了以下特征，这些特征在玩家1、2、3的描述中没有提及：
- 水果通常呈黄色
- 具有独特的香味
- 在热带地区生长
- 成熟时呈现出鲜艳的黄色
- 叶片长而尖，呈绿色
- 具有促进消化的特性

这些额外的特征可能表明玩家4的描述与苹果这一关键词不一致，因此玩家4可能是卧底。
2024-12-13 11:37:09,164 - 3 - INFO - **********JUDGER**********
你刚刚的分析是根据上述分析，我们可以比较玩家们的描述来找出不一致之处：

1. 玩家1和玩家2的描述都强调了水果的圆形外观、鲜艳颜色、多汁口感、甜酸味道、丰富的维生素含量、药用价值，以及适合制作甜点和果汁。

2. 玩家3的描述与玩家1和玩家2相似，也提到了圆形外观、多汁口感、甜酸味道、丰富的维生素和矿物质含量，以及适合作为日常零食。

3. 玩家4的描述中，除了提到圆形外观、多汁口感、甜酸味道、丰富的维生素C含量外，还特别强调了水果的黄色、独特的香味、热带生长环境、叶片特征（长而尖，绿色），以及促进消化的特性。

不一致之处在于玩家4的描述中包含了以下特征，这些特征在玩家1、2、3的描述中没有提及：
- 水果通常呈黄色
- 具有独特的香味
- 在热带地区生长
- 成熟时呈现出鲜艳的黄色
- 叶片长而尖，呈绿色
- 具有促进消化的特性

这些额外的特征可能表明玩家4的描述与苹果这一关键词不一致，因此玩家4可能是卧底。|| 请通过你分析的不一致之处，推断卧底身份，注意，这局游戏的词语分类为<水果>，卧底词和平民词都属于该类。
2024-12-13 11:37:10,435 - 3 - INFO - **********PLAYER3**********
4
2024-12-13 11:37:10,436 - 3 - INFO - **********JUDGER**********
你刚刚的推断是4|| 基于你刚刚的推断得出你的最终结论，请输出你认为的卧底，在这种情况下只需要输出编号，是1-4中的某个数字，不要输出其他信息。在这个过程不要进行任何推理，只对||以前的部分进行信息提取
2024-12-13 11:37:11,465 - 3 - INFO - **********PLAYER3**********
4
