2024-12-13 11:33:24,790 - 4 - INFO - **********JUDGER**********
让我们来玩一个叫做<谁是卧底>的推理游戏。基本规则：<人数>：4人。<角色分配>：每位玩家随机抽取一个词语，3名玩家拿到的词语是相同的（平民词），1名玩家拿到与之相近但不同的词语（卧底词）。<游戏流程>：1、玩家轮流描述自己的词语，但<不能>直接说出词语本身。2、描述完毕后，投票选出最像卧底的玩家。3、每轮结束后，被投票选出的玩家出局，不能再进行描述或投票。4、每轮投票结束后，如果卧底被成功找出，平民方获胜；如果卧底未被找出且卧底人数等于或超过平民人数，则卧底方获胜。你将扮演一个<玩家>，请等待你被分配到的关键词。如果你听懂了，只回答，"好的，我准备好参加游戏了"，不要输出别的信息
2024-12-13 11:33:25,335 - 4 - INFO - **********PLAYER4**********
好的，我准备好参加游戏了
2024-12-13 11:33:29,747 - 4 - INFO - **********JUDGER**********
玩家1说：这个水果是圆形的，有鲜艳的颜色，通常有多种口味。在水果类中，它可能因为某种独特的味道或者营养价值而特别突出。玩家2说：这个水果通常呈红色或绿色，具有光滑的圆形外观。它在水果中以其丰富的汁液和多汁口感而闻名，而且有时因为其独特的营养成分或药用价值而备受推崇。玩家3说：这个水果通常是红色的，质地坚硬，富含水分，口感脆甜。它在同类水果中因其独特的甜酸口感和丰富的营养成分而受到喜爱。玩家4说：|| 你是第4号玩家，你的关键词是<菠萝>。你的回答中绝对不能包含你的关键词<菠萝>。这是第一轮描述，不需要分析||之前别的玩家的描述，请你描述关键词基本特征，注意，这局游戏的词语分类为<水果>，卧底词和平民词都属于该类，描述包括以下两点，1.他的基本特征是什么2.他在该类（水果）中最突出不同的特征是什么，尽量简短
2024-12-13 11:33:31,000 - 4 - INFO - **********PLAYER4**********
这个水果形状圆润，色泽鲜艳多样。它在同类水果中以其独特的香气和口感而著称，有时还因为其富含的某种特定营养素或健康益处而备受关注。
2024-12-13 11:34:36,550 - 4 - INFO - **********JUDGER**********
玩家1说：这个水果是圆形的，有鲜艳的颜色，通常有多种口味。在水果类中，它可能因为某种独特的味道或者营养价值而特别突出。玩家2说：这个水果通常呈红色或绿色，具有光滑的圆形外观。它在水果中以其丰富的汁液和多汁口感而闻名，而且有时因为其独特的营养成分或药用价值而备受推崇。玩家3说：这个水果通常是红色的，质地坚硬，富含水分，口感脆甜。它在同类水果中因其独特的甜酸口感和丰富的营养成分而受到喜爱。玩家4说：||在这个游戏中，我们需要通过分析每位玩家的描述来找出卧底。通常，平民的描述会围绕相同的词语展开，而卧底的描述可能会因为词语的不同而显得不太一致。我们需要仔细比较每个描述之间的相似性和差异性，以找出可能的卧底，注意，卧底并不会隐藏自己，他会直接描述他的词语，现在，逐一分析每个玩家的描述，注意，这局游戏的词语分类为<水果>，卧底词和平民词都属于该类。这是第一轮描述。
2024-12-13 11:34:41,250 - 4 - INFO - **********PLAYER4**********
经过分析，玩家1、2和3的描述都指向了类似的水果，比如苹果，它们都提到了圆形、鲜艳的颜色、多汁、口感甜或甜酸以及营养成分。然而，玩家4的描述没有具体指向某个特定的水果，而是提到了游戏规则和卧底可能的表现，这可能意味着玩家4是卧底，因为他在描述中并没有像其他玩家那样具体描述一个水果的特征。不过，这也可能是玩家4的描述策略，所以需要更多的信息来确认。
2024-12-13 11:34:41,254 - 4 - INFO - **********JUDGER**********
你刚刚的分析是经过分析，玩家1、2和3的描述都指向了类似的水果，比如苹果，它们都提到了圆形、鲜艳的颜色、多汁、口感甜或甜酸以及营养成分。然而，玩家4的描述没有具体指向某个特定的水果，而是提到了游戏规则和卧底可能的表现，这可能意味着玩家4是卧底，因为他在描述中并没有像其他玩家那样具体描述一个水果的特征。不过，这也可能是玩家4的描述策略，所以需要更多的信息来确认。|| `请根据上述分析，比较描述以找出不一致之处，注意，这局游戏的词语分类为<水果>，卧底词和平民词都属于该类。
2024-12-13 11:34:46,577 - 4 - INFO - **********PLAYER4**********
根据上述分析，我们可以比较描述中的一致性和不一致之处如下：

一致性：
- 所有玩家的描述都提到了水果的形状（圆形）、颜色（鲜艳）和口感（多汁、甜或甜酸）。
- 描述中都有提到水果的营养价值或药用价值。

不一致之处：
- 玩家4的描述与游戏规则和卧底行为有关，而其他玩家描述的是水果的特征。
- 玩家4没有提供任何关于特定水果的信息，而玩家1、2和3的描述都指向了具有相似特征的特定水果（如苹果）。
- 玩家4的描述更像是对游戏机制的评论，而不是对水果特征的描述。

基于这些不一致之处，玩家4的描述可能表明他是卧底，因为他没有提供关于水果的特定信息，而是转向了游戏策略的讨论。其他玩家的描述则更专注于水果的物理和感官特征。
2024-12-13 11:34:46,584 - 4 - INFO - **********JUDGER**********
你刚刚的分析是根据上述分析，我们可以比较描述中的一致性和不一致之处如下：

一致性：
- 所有玩家的描述都提到了水果的形状（圆形）、颜色（鲜艳）和口感（多汁、甜或甜酸）。
- 描述中都有提到水果的营养价值或药用价值。

不一致之处：
- 玩家4的描述与游戏规则和卧底行为有关，而其他玩家描述的是水果的特征。
- 玩家4没有提供任何关于特定水果的信息，而玩家1、2和3的描述都指向了具有相似特征的特定水果（如苹果）。
- 玩家4的描述更像是对游戏机制的评论，而不是对水果特征的描述。

基于这些不一致之处，玩家4的描述可能表明他是卧底，因为他没有提供关于水果的特定信息，而是转向了游戏策略的讨论。其他玩家的描述则更专注于水果的物理和感官特征。|| 请通过你分析的不一致之处，推断卧底身份，注意，这局游戏的词语分类为<水果>，卧底词和平民词都属于该类。
2024-12-13 11:34:53,796 - 4 - INFO - **********PLAYER4**********
根据分析中提到的不一致之处，以下是我对卧底身份的推断：

1. 玩家4的描述没有提供关于特定水果的信息，而玩家1、2和3的描述都指向了具有相似特征的特定水果。这表明玩家4可能没有使用与水果相关的词语，而是可能使用了与水果类相似但并不属于水果的词语。

2. 玩家4的描述更像是关于游戏规则的讨论，而非水果特征，这进一步支持了他可能是卧底的可能性。

3. 游戏的词语分类为<水果>，卧底词和平民词都属于该类。这意味着卧底词应该是与水果相关，但与玩家1、2、3描述的水果特征不一致的词语。

综合以上点，玩家4可能是卧底，因为他的描述与水果特征不匹配，且没有提供任何关于水果的具体信息。如果其他玩家的描述指向的是像苹果这样的常见水果，那么玩家4的卧底词可能是像“西红柿”或“黄瓜”这样的蔬菜，或者是像“芒果”这样的水果，但描述上与其他玩家描述的常见水果特征不一致。
2024-12-13 11:34:53,797 - 4 - INFO - **********JUDGER**********
你刚刚的推断是根据分析中提到的不一致之处，以下是我对卧底身份的推断：

1. 玩家4的描述没有提供关于特定水果的信息，而玩家1、2和3的描述都指向了具有相似特征的特定水果。这表明玩家4可能没有使用与水果相关的词语，而是可能使用了与水果类相似但并不属于水果的词语。

2. 玩家4的描述更像是关于游戏规则的讨论，而非水果特征，这进一步支持了他可能是卧底的可能性。

3. 游戏的词语分类为<水果>，卧底词和平民词都属于该类。这意味着卧底词应该是与水果相关，但与玩家1、2、3描述的水果特征不一致的词语。

综合以上点，玩家4可能是卧底，因为他的描述与水果特征不匹配，且没有提供任何关于水果的具体信息。如果其他玩家的描述指向的是像苹果这样的常见水果，那么玩家4的卧底词可能是像“西红柿”或“黄瓜”这样的蔬菜，或者是像“芒果”这样的水果，但描述上与其他玩家描述的常见水果特征不一致。|| 基于你刚刚的推断得出你的最终结论，请输出你认为的卧底，在这种情况下只需要输出编号，是1-4中的某个数字，不要输出其他信息。在这个过程不要进行任何推理，只对||以前的部分进行信息提取
2024-12-13 11:34:54,376 - 4 - INFO - **********PLAYER4**********
4
2024-12-13 11:35:03,752 - 4 - INFO - **********JUDGER**********
玩家1说：这个水果是圆形的，有鲜艳的颜色，通常有多种口味。在水果类中，它可能因为某种独特的味道或者营养价值而特别突出。这个水果皮薄多汁，适合生食，它的味道通常既甜又略带酸味，是很多人喜爱的日常零食。在水果中，它因其丰富的维生素含量和抗氧化特性而受到重视。玩家2说：这个水果通常呈红色或绿色，具有光滑的圆形外观。它在水果中以其丰富的汁液和多汁口感而闻名，而且有时因为其独特的营养成分或药用价值而备受推崇。这个水果通常较小，有着光滑的皮肤，颜色从浅绿到深红不等。它的质地较脆，易于咬食，水分充足，味道通常既甜又略带酸味。在水果中，它以其脆甜的口感和丰富的维生素含量而受到人们的喜爱。玩家3说：这个水果通常是红色的，质地坚硬，富含水分，口感脆甜。它在同类水果中因其独特的甜酸口感和丰富的营养成分而受到喜爱。这个水果的大小适中，有着光滑的皮肤，颜色从浅绿到深红不等。它的质地较脆，易于咬食，水分充足，味道通常既甜又略带酸味，非常适合作为日常零食。在水果中，它因其丰富的维生素和矿物质含量而受到重视，并且因其独特的风味和营养价值而广受欢迎。玩家4说：这个水果形状圆润，色泽鲜艳多样。它在同类水果中以其独特的香气和口感而著称，有时还因为其富含的某种特定营养素或健康益处而备受关注。你是第4号玩家，你的关键词是<菠萝>。你的回答中绝对不能包含你的关键词<菠萝>。这是第二轮描述，你之前的描述是这个水果形状圆润，色泽鲜艳多样。它在同类水果中以其独特的香气和口感而著称，有时还因为其富含的某种特定营养素或健康益处而备受关注。，注意，这局游戏的词语分类为<水果>，卧底词和平民词都属于该类，请你补充关于关键词的描述，注意，你的描述应该比起之前的描述更加贴近关键词，作为之前的补充
2024-12-13 11:35:06,712 - 4 - INFO - **********PLAYER4**********
这个水果通常呈黄色，具有独特的香味，切开后会流出清澈的汁液。它的质地较为坚硬，但咬下去后，口感脆而多汁。这种水果的甜味中带有一丝微妙的酸味，是很多人喜爱的热带水果。在同类水果中，它以其丰富的维生素C含量和促进消化的特性而受到特别重视。
2024-12-13 11:35:54,271 - 4 - INFO - **********JUDGER**********
玩家1说：这个水果是圆形的，有鲜艳的颜色，通常有多种口味。在水果类中，它可能因为某种独特的味道或者营养价值而特别突出。这个水果皮薄多汁，适合生食，它的味道通常既甜又略带酸味，是很多人喜爱的日常零食。在水果中，它因其丰富的维生素含量和抗氧化特性而受到重视。玩家2说：这个水果通常呈红色或绿色，具有光滑的圆形外观。它在水果中以其丰富的汁液和多汁口感而闻名，而且有时因为其独特的营养成分或药用价值而备受推崇。这个水果通常较小，有着光滑的皮肤，颜色从浅绿到深红不等。它的质地较脆，易于咬食，水分充足，味道通常既甜又略带酸味。在水果中，它以其脆甜的口感和丰富的维生素含量而受到人们的喜爱。玩家3说：这个水果通常是红色的，质地坚硬，富含水分，口感脆甜。它在同类水果中因其独特的甜酸口感和丰富的营养成分而受到喜爱。这个水果的大小适中，有着光滑的皮肤，颜色从浅绿到深红不等。它的质地较脆，易于咬食，水分充足，味道通常既甜又略带酸味，非常适合作为日常零食。在水果中，它因其丰富的维生素和矿物质含量而受到重视，并且因其独特的风味和营养价值而广受欢迎。玩家4说：这个水果形状圆润，色泽鲜艳多样。它在同类水果中以其独特的香气和口感而著称，有时还因为其富含的某种特定营养素或健康益处而备受关注。||在这个游戏中，我们需要通过分析每位玩家的描述来找出卧底。通常，平民的描述会围绕相同的词语展开，而卧底的描述可能会因为词语的不同而显得不太一致。我们需要仔细比较每个描述之间的相似性和差异性，以找出可能的卧底，注意，卧底并不会隐藏自己，他会直接描述他的词语，现在，逐一分析每个玩家的描述，注意，这局游戏的词语分类为<水果>，卧底词和平民词都属于该类。||之前是第2轮描述和之前轮数描述的合集。你之前认为的卧底是玩家4。
2024-12-13 11:35:59,687 - 4 - INFO - **********PLAYER4**********
根据玩家们的描述，我们可以进行以下分析：

玩家1、2、3的描述都指向了相同的水果，即苹果。他们提到了圆形、鲜艳的颜色、多汁、甜酸口感、丰富的维生素和矿物质含量，以及适合作为日常零食等特点。

玩家4的描述提到了一个形状圆润、色泽鲜艳多样、具有独特香气和口感的水果，以及富含某种特定营养素或健康益处的特点。这些描述与苹果的特征不完全一致，尤其是关于香气和营养素的提及。

由于玩家4的描述与苹果的特征不完全一致，而且没有提到苹果特有的甜酸口感或丰富的维生素含量，这表明玩家4的描述可能与苹果不同。因此，根据这些信息，玩家4的描述与卧底的特征更为吻合。

综上所述，我之前的推断是正确的，玩家4很可能是卧底。
2024-12-13 11:35:59,689 - 4 - INFO - **********JUDGER**********
你刚刚的分析是根据玩家们的描述，我们可以进行以下分析：

玩家1、2、3的描述都指向了相同的水果，即苹果。他们提到了圆形、鲜艳的颜色、多汁、甜酸口感、丰富的维生素和矿物质含量，以及适合作为日常零食等特点。

玩家4的描述提到了一个形状圆润、色泽鲜艳多样、具有独特香气和口感的水果，以及富含某种特定营养素或健康益处的特点。这些描述与苹果的特征不完全一致，尤其是关于香气和营养素的提及。

由于玩家4的描述与苹果的特征不完全一致，而且没有提到苹果特有的甜酸口感或丰富的维生素含量，这表明玩家4的描述可能与苹果不同。因此，根据这些信息，玩家4的描述与卧底的特征更为吻合。

综上所述，我之前的推断是正确的，玩家4很可能是卧底。|| `请根据上述分析，比较描述以找出不一致之处，注意，这局游戏的词语分类为<水果>，卧底词和平民词都属于该类。
2024-12-13 11:36:06,309 - 4 - INFO - **********PLAYER4**********
根据上述分析，以下是不一致之处：

1. 玩家1、2、3的描述都集中在一个共同的水果上，即苹果，而玩家4的描述没有明确指向苹果。玩家4提到了“独特的香气和口感”，这并不是苹果的主要特征。

2. 玩家1、2、3都提到了水果的甜酸口感和丰富的维生素含量，这是苹果的典型特征。然而，玩家4没有明确提到这些特征。

3. 玩家4提到了“色泽鲜艳多样”，这通常与多种水果相关，而不是特指苹果，苹果的颜色通常较为单一。

4. 玩家4提到了“富含某种特定营养素或健康益处”，这虽然可能与苹果的营养价值有关，但没有具体指向苹果的已知营养成分。

这些不一致之处表明玩家4的描述可能与卧底词不符，而玩家1、2、3的描述则更加一致地指向了苹果。
2024-12-13 11:36:06,310 - 4 - INFO - **********JUDGER**********
你刚刚的分析是根据上述分析，以下是不一致之处：

1. 玩家1、2、3的描述都集中在一个共同的水果上，即苹果，而玩家4的描述没有明确指向苹果。玩家4提到了“独特的香气和口感”，这并不是苹果的主要特征。

2. 玩家1、2、3都提到了水果的甜酸口感和丰富的维生素含量，这是苹果的典型特征。然而，玩家4没有明确提到这些特征。

3. 玩家4提到了“色泽鲜艳多样”，这通常与多种水果相关，而不是特指苹果，苹果的颜色通常较为单一。

4. 玩家4提到了“富含某种特定营养素或健康益处”，这虽然可能与苹果的营养价值有关，但没有具体指向苹果的已知营养成分。

这些不一致之处表明玩家4的描述可能与卧底词不符，而玩家1、2、3的描述则更加一致地指向了苹果。|| 请通过你分析的不一致之处，推断卧底身份，注意，这局游戏的词语分类为<水果>，卧底词和平民词都属于该类。
2024-12-13 11:36:10,954 - 4 - INFO - **********PLAYER4**********
基于分析的不一致之处，我推断玩家4是卧底。原因如下：

1. 玩家1、2、3的描述都指向了苹果，这是一个具体的水果，而玩家4的描述没有明确指向苹果，反而提到了“独特的香气和口感”，这并不是苹果的主要特征。

2. 玩家1、2、3的描述中都提到了甜酸口感和丰富的维生素含量，这是苹果的典型特征，而玩家4没有明确提到这些特征。

3. 玩家4提到“色泽鲜艳多样”，这通常与多种水果相关，而不是特指苹果，苹果的颜色通常是单一的。

4. 玩家4提到“富含某种特定营养素或健康益处”，虽然这可能与苹果的营养价值有关，但没有具体指向苹果的已知营养成分。

综合这些点，玩家4的描述与苹果的特征不一致，因此更可能是卧底。
2024-12-13 11:36:10,956 - 4 - INFO - **********JUDGER**********
你刚刚的推断是基于分析的不一致之处，我推断玩家4是卧底。原因如下：

1. 玩家1、2、3的描述都指向了苹果，这是一个具体的水果，而玩家4的描述没有明确指向苹果，反而提到了“独特的香气和口感”，这并不是苹果的主要特征。

2. 玩家1、2、3的描述中都提到了甜酸口感和丰富的维生素含量，这是苹果的典型特征，而玩家4没有明确提到这些特征。

3. 玩家4提到“色泽鲜艳多样”，这通常与多种水果相关，而不是特指苹果，苹果的颜色通常是单一的。

4. 玩家4提到“富含某种特定营养素或健康益处”，虽然这可能与苹果的营养价值有关，但没有具体指向苹果的已知营养成分。

综合这些点，玩家4的描述与苹果的特征不一致，因此更可能是卧底。|| 基于你刚刚的推断得出你的最终结论，请输出你认为的卧底，在这种情况下只需要输出编号，是1-4中的某个数字，不要输出其他信息。在这个过程不要进行任何推理，只对||以前的部分进行信息提取
2024-12-13 11:36:11,705 - 4 - INFO - **********PLAYER4**********
4
2024-12-13 11:36:20,618 - 4 - INFO - **********JUDGER**********
玩家1说：这个水果是圆形的，有鲜艳的颜色，通常有多种口味。在水果类中，它可能因为某种独特的味道或者营养价值而特别突出。这个水果皮薄多汁，适合生食，它的味道通常既甜又略带酸味，是很多人喜爱的日常零食。在水果中，它因其丰富的维生素含量和抗氧化特性而受到重视。这个水果的果肉紧实，核小，切开后可以看到清晰的纹理。它通常在秋季成熟，颜色从青绿到鲜红渐变。它的香味浓郁，可以用来做各种甜点，同时也是制作果汁的好选择。玩家2说：这个水果通常呈红色或绿色，具有光滑的圆形外观。它在水果中以其丰富的汁液和多汁口感而闻名，而且有时因为其独特的营养成分或药用价值而备受推崇。这个水果通常较小，有着光滑的皮肤，颜色从浅绿到深红不等。它的质地较脆，易于咬食，水分充足，味道通常既甜又略带酸味。在水果中，它以其脆甜的口感和丰富的维生素含量而受到人们的喜爱。这个水果的形状规则，呈圆形，皮肤光滑，颜色从浅绿过渡到鲜红。它的口感脆甜，多汁，适合生食。在水果中，它以其丰富的营养成分，尤其是维生素C的含量而著称，同时具有一定的药用价值，常被用来制作甜点和果汁。玩家3说：这个水果通常是红色的，质地坚硬，富含水分，口感脆甜。它在同类水果中因其独特的甜酸口感和丰富的营养成分而受到喜爱。这个水果的大小适中，有着光滑的皮肤，颜色从浅绿到深红不等。它的质地较脆，易于咬食，水分充足，味道通常既甜又略带酸味，非常适合作为日常零食。在水果中，它因其丰富的维生素和矿物质含量而受到重视，并且因其独特的风味和营养价值而广受欢迎。这个水果通常在秋季成熟，颜色从青绿到鲜红渐变，香味浓郁，可以用来做各种甜点，同时也是制作果汁的好选择。它的核小，切开后可以看到清晰的纹理，口感脆甜，甜味中带有一丝微妙的酸味，是很多人喜爱的热带水果。玩家4说：这个水果形状圆润，色泽鲜艳多样。它在同类水果中以其独特的香气和口感而著称，有时还因为其富含的某种特定营养素或健康益处而备受关注。这个水果通常呈黄色，具有独特的香味，切开后会流出清澈的汁液。它的质地较为坚硬，但咬下去后，口感脆而多汁。这种水果的甜味中带有一丝微妙的酸味，是很多人喜爱的热带水果。在同类水果中，它以其丰富的维生素C含量和促进消化的特性而受到特别重视。你是第4号玩家，你的关键词是<菠萝>。你的回答中绝对不能包含你的关键词<菠萝>。这是第三轮描述，你之前的描述是这个水果形状圆润，色泽鲜艳多样。它在同类水果中以其独特的香气和口感而著称，有时还因为其富含的某种特定营养素或健康益处而备受关注。和这个水果通常呈黄色，具有独特的香味，切开后会流出清澈的汁液。它的质地较为坚硬，但咬下去后，口感脆而多汁。这种水果的甜味中带有一丝微妙的酸味，是很多人喜爱的热带水果。在同类水果中，它以其丰富的维生素C含量和促进消化的特性而受到特别重视。，注意，这局游戏的词语分类为<水果>，卧底词和平民词都属于该类，请你补充关于关键词的描述，注意，你的描述应该比起之前的描述更加贴近关键词，作为之前的补充
2024-12-13 11:36:23,696 - 4 - INFO - **********PLAYER4**********
这个水果通常在热带地区生长，成熟时呈现出鲜艳的黄色。它的叶片长而尖，呈绿色，包围着果实。这种水果的香味浓郁，切开后汁液丰富，口感既甜又略带酸味。它的质地坚硬，但内部组织柔软，非常适合生食。这种水果还因其含有多种维生素和酶类，有助于消化，而在健康食品中颇受欢迎。
2024-12-13 11:37:11,465 - 4 - INFO - **********JUDGER**********
玩家1说：这个水果是圆形的，有鲜艳的颜色，通常有多种口味。在水果类中，它可能因为某种独特的味道或者营养价值而特别突出。这个水果皮薄多汁，适合生食，它的味道通常既甜又略带酸味，是很多人喜爱的日常零食。在水果中，它因其丰富的维生素含量和抗氧化特性而受到重视。这个水果的果肉紧实，核小，切开后可以看到清晰的纹理。它通常在秋季成熟，颜色从青绿到鲜红渐变。它的香味浓郁，可以用来做各种甜点，同时也是制作果汁的好选择。玩家2说：这个水果通常呈红色或绿色，具有光滑的圆形外观。它在水果中以其丰富的汁液和多汁口感而闻名，而且有时因为其独特的营养成分或药用价值而备受推崇。这个水果通常较小，有着光滑的皮肤，颜色从浅绿到深红不等。它的质地较脆，易于咬食，水分充足，味道通常既甜又略带酸味。在水果中，它以其脆甜的口感和丰富的维生素含量而受到人们的喜爱。这个水果的形状规则，呈圆形，皮肤光滑，颜色从浅绿过渡到鲜红。它的口感脆甜，多汁，适合生食。在水果中，它以其丰富的营养成分，尤其是维生素C的含量而著称，同时具有一定的药用价值，常被用来制作甜点和果汁。玩家3说：这个水果通常是红色的，质地坚硬，富含水分，口感脆甜。它在同类水果中因其独特的甜酸口感和丰富的营养成分而受到喜爱。这个水果的大小适中，有着光滑的皮肤，颜色从浅绿到深红不等。它的质地较脆，易于咬食，水分充足，味道通常既甜又略带酸味，非常适合作为日常零食。在水果中，它因其丰富的维生素和矿物质含量而受到重视，并且因其独特的风味和营养价值而广受欢迎。这个水果通常在秋季成熟，颜色从青绿到鲜红渐变，香味浓郁，可以用来做各种甜点，同时也是制作果汁的好选择。它的核小，切开后可以看到清晰的纹理，口感脆甜，甜味中带有一丝微妙的酸味，是很多人喜爱的热带水果。玩家4说：这个水果形状圆润，色泽鲜艳多样。它在同类水果中以其独特的香气和口感而著称，有时还因为其富含的某种特定营养素或健康益处而备受关注。这个水果通常呈黄色，具有独特的香味，切开后会流出清澈的汁液。它的质地较为坚硬，但咬下去后，口感脆而多汁。这种水果的甜味中带有一丝微妙的酸味，是很多人喜爱的热带水果。在同类水果中，它以其丰富的维生素C含量和促进消化的特性而受到特别重视。这个水果通常在热带地区生长，成熟时呈现出鲜艳的黄色。它的叶片长而尖，呈绿色，包围着果实。这种水果的香味浓郁，切开后汁液丰富，口感既甜又略带酸味。它的质地坚硬，但内部组织柔软，非常适合生食。这种水果还因其含有多种维生素和酶类，有助于消化，而在健康食品中颇受欢迎。||在这个游戏中，我们需要通过分析每位玩家的描述来找出卧底。通常，平民的描述会围绕相同的词语展开，而卧底的描述可能会因为词语的不同而显得不太一致。我们需要仔细比较每个描述之间的相似性和差异性，以找出可能的卧底，注意，卧底并不会隐藏自己，他会直接描述他的词语，现在，逐一分析每个玩家的描述，注意，这局游戏的词语分类为<水果>，卧底词和平民词都属于该类。||之前是第3轮描述和之前轮数描述的合集。你之前认为的卧底是玩家4。
2024-12-13 11:37:22,326 - 4 - INFO - **********PLAYER4**********
基于玩家们的第三轮描述和之前的描述，以下是对卧底身份的分析：

玩家1、2和3的描述都指向了相同的水果，即草莓。他们提到了圆形的外观、鲜艳的颜色、多汁的口感、甜酸的味道、丰富的维生素含量、秋季成熟、颜色从青绿到鲜红渐变、香味浓郁、适合制作甜点和果汁等特点。

玩家4的描述也指向了草莓，但他的描述中包含了一些与草莓不完全一致的信息，比如提到“质地较为坚硬”和“内部组织柔软”，这并不是草莓的典型特征。草莓通常是柔软多汁的。此外，玩家4强调了“独特的香气和口感”以及“富含的某种特定营养素或健康益处”，但没有具体指出是哪些营养素或健康益处。

尽管玩家4的描述中有一些不一致之处，但他的描述整体上仍然指向了草莓，这与玩家1、2和3的描述相符。因此，根据这些信息，玩家4的描述与草莓的特征更为一致，没有明显的矛盾或指向其他水果的特征。

综上所述，玩家4的描述与草莓的特征相符，没有明显的卧底特征，因此我之前的推断可能是错误的。在这个情况下，没有足够的证据来确定玩家4是卧底，除非有更多的信息或描述出现不一致。
2024-12-13 11:37:22,328 - 4 - INFO - **********JUDGER**********
你刚刚的分析是基于玩家们的第三轮描述和之前的描述，以下是对卧底身份的分析：

玩家1、2和3的描述都指向了相同的水果，即草莓。他们提到了圆形的外观、鲜艳的颜色、多汁的口感、甜酸的味道、丰富的维生素含量、秋季成熟、颜色从青绿到鲜红渐变、香味浓郁、适合制作甜点和果汁等特点。

玩家4的描述也指向了草莓，但他的描述中包含了一些与草莓不完全一致的信息，比如提到“质地较为坚硬”和“内部组织柔软”，这并不是草莓的典型特征。草莓通常是柔软多汁的。此外，玩家4强调了“独特的香气和口感”以及“富含的某种特定营养素或健康益处”，但没有具体指出是哪些营养素或健康益处。

尽管玩家4的描述中有一些不一致之处，但他的描述整体上仍然指向了草莓，这与玩家1、2和3的描述相符。因此，根据这些信息，玩家4的描述与草莓的特征更为一致，没有明显的矛盾或指向其他水果的特征。

综上所述，玩家4的描述与草莓的特征相符，没有明显的卧底特征，因此我之前的推断可能是错误的。在这个情况下，没有足够的证据来确定玩家4是卧底，除非有更多的信息或描述出现不一致。|| `请根据上述分析，比较描述以找出不一致之处，注意，这局游戏的词语分类为<水果>，卧底词和平民词都属于该类。
2024-12-13 11:37:28,443 - 4 - INFO - **********PLAYER4**********
根据上述分析，以下是不一致之处：

1. 玩家4的描述中提到“质地较为坚硬”，这与草莓通常柔软多汁的特征不符。

2. 玩家4提到“内部组织柔软”，虽然这一点与草莓的柔软特征相符，但他的描述中同时出现了“质地较为坚硬”，这造成了矛盾。

3. 玩家4强调了“独特的香气和口感”，但没有具体说明是哪种香气和口感，这与其他玩家描述的草莓特征不完全一致。

4. 玩家4提到“富含的某种特定营养素或健康益处”，但没有具体指出是哪些营养素或健康益处，这与其他玩家描述的草莓的营养价值描述有所区别。

这些不一致之处表明玩家4的描述可能与草莓的特征不完全一致，这可能是卧底特征的一个迹象。
2024-12-13 11:37:28,444 - 4 - INFO - **********JUDGER**********
你刚刚的分析是根据上述分析，以下是不一致之处：

1. 玩家4的描述中提到“质地较为坚硬”，这与草莓通常柔软多汁的特征不符。

2. 玩家4提到“内部组织柔软”，虽然这一点与草莓的柔软特征相符，但他的描述中同时出现了“质地较为坚硬”，这造成了矛盾。

3. 玩家4强调了“独特的香气和口感”，但没有具体说明是哪种香气和口感，这与其他玩家描述的草莓特征不完全一致。

4. 玩家4提到“富含的某种特定营养素或健康益处”，但没有具体指出是哪些营养素或健康益处，这与其他玩家描述的草莓的营养价值描述有所区别。

这些不一致之处表明玩家4的描述可能与草莓的特征不完全一致，这可能是卧底特征的一个迹象。|| 请通过你分析的不一致之处，推断卧底身份，注意，这局游戏的词语分类为<水果>，卧底词和平民词都属于该类。
2024-12-13 11:37:33,791 - 4 - INFO - **********PLAYER4**********
基于上述分析的不一致之处，我推断玩家4是卧底。原因如下：

1. 玩家4的描述中“质地较为坚硬”与草莓通常柔软多汁的特征相矛盾。

2. 玩家4同时提到“质地较为坚硬”和“内部组织柔软”，这两个描述相互冲突。

3. 玩家4的描述中“独特的香气和口感”以及“富含的某种特定营养素或健康益处”没有具体说明，这与其他玩家对草莓的具体描述有所不同。

4. 玩家4的描述中没有明确指出草莓的具体营养价值和健康益处，而其他玩家提到了丰富的维生素C和药用价值。

综合这些不一致之处，玩家4的描述与草莓的特征不完全一致，因此他更有可能是卧底。
2024-12-13 11:37:33,793 - 4 - INFO - **********JUDGER**********
你刚刚的推断是基于上述分析的不一致之处，我推断玩家4是卧底。原因如下：

1. 玩家4的描述中“质地较为坚硬”与草莓通常柔软多汁的特征相矛盾。

2. 玩家4同时提到“质地较为坚硬”和“内部组织柔软”，这两个描述相互冲突。

3. 玩家4的描述中“独特的香气和口感”以及“富含的某种特定营养素或健康益处”没有具体说明，这与其他玩家对草莓的具体描述有所不同。

4. 玩家4的描述中没有明确指出草莓的具体营养价值和健康益处，而其他玩家提到了丰富的维生素C和药用价值。

综合这些不一致之处，玩家4的描述与草莓的特征不完全一致，因此他更有可能是卧底。|| 基于你刚刚的推断得出你的最终结论，请输出你认为的卧底，在这种情况下只需要输出编号，是1-4中的某个数字，不要输出其他信息。在这个过程不要进行任何推理，只对||以前的部分进行信息提取
2024-12-13 11:37:35,334 - 4 - INFO - **********PLAYER4**********
4
2024-12-13 11:37:35,335 - 4 - INFO - **********JUDGER**********
你认为卧底是你自己。你现在需要随便选一个人投票。请输出一个数字，是1-4中的某个数字，但这个数字不能是4，不要输出其他信息。
2024-12-13 11:37:36,485 - 4 - INFO - **********PLAYER4**********
1
