2024-12-12 21:59:22,781 - 1 - INFO - **********JUDGER**********
让我们来玩一个叫做<谁是卧底>的推理游戏。基本规则：<人数>：4人。<角色分配>：每位玩家随机抽取一个词语，3名玩家拿到的词语是相同的（平民词），1名玩家拿到与之相近但不同的词语（卧底词）。<游戏流程>：1、玩家轮流描述自己的词语，但<不能>直接说出词语本身。2、描述完毕后，投票选出最像卧底的玩家。3、每轮结束后，被投票选出的玩家出局，不能再进行描述或投票。4、每轮投票结束后，如果卧底被成功找出，平民方获胜；如果卧底未被找出且卧底人数等于或超过平民人数，则卧底方获胜。你将扮演一个<玩家>，请等待你被分配到的关键词。如果你听懂了，只回答，"好的，我准备好参加游戏了"，不要输出别的信息
2024-12-12 21:59:23,397 - 1 - INFO - **********PLAYER1**********
好的，我准备好参加游戏了
2024-12-12 21:59:26,362 - 1 - INFO - **********JUDGER**********
玩家1说：玩家2说：玩家3说：玩家4说：|| 你是第1号玩家，你的关键词是<排球>。你的回答中绝对不能包含你的关键词<排球>。这是第一轮描述，不需要分析||之前别的玩家的描述，请你描述关键词基本特征，注意，这局游戏的词语分类为<体育用品>，卧底词和平民词都属于该类，描述包括以下两点，1.他的基本特征是什么2.他在该类（体育用品）中最突出不同的特征是什么，尽量简短
2024-12-12 21:59:28,498 - 1 - INFO - **********PLAYER1**********
这是一个球类，通常用于在空中进行击打和传球。它在体育用品中以其独特的网状结构而突出，通常用于排球运动。
2024-12-12 21:59:28,499 - 1 - INFO - **********JUDGER**********
玩家1说：玩家2说：玩家3说：玩家4说：|| 你是第1号玩家，你的关键词是<排球>。你的回答中绝对不能包含你的关键词<排球>。这是第一轮描述，不需要分析||之前别的玩家的描述，请你描述关键词基本特征，注意，这局游戏的词语分类为<体育用品>，卧底词和平民词都属于该类，描述包括以下两点，1.他的基本特征是什么2.他在该类（体育用品）中最突出不同的特征是什么，尽量简短
2024-12-12 21:59:29,662 - 1 - INFO - **********PLAYER1**********
这是一个圆形的球体，主要用于团队运动。它在同类体育用品中最显著的特点是带有网状结构，用于隔网对抗。
2024-12-12 21:59:33,224 - 1 - INFO - **********JUDGER**********
玩家1说：这是一个圆形的球体，主要用于团队运动。它在同类体育用品中最显著的特点是带有网状结构，用于隔网对抗。玩家2说：它是一种大型球体，表面有多个六边形和五边形组成，用于竞技和娱乐。与同类球体相比，它有一个显著的特点，那就是它有一个可以用来传递和投掷的圆形部分。玩家3说：这是一个圆滑的物体，通常用于团队合作，其表面有多个孔洞，便于抓握和传球。与同类体育用品相比，它的设计特别适合在特定的场地进行隔网对抗。玩家4说：||在这个游戏中，我们需要通过分析每位玩家的描述来找出卧底。通常，平民的描述会围绕相同的词语展开，而卧底的描述可能会因为词语的不同而显得不太一致。我们需要仔细比较每个描述之间的相似性和差异性，以找出可能的卧底，注意，卧底并不会隐藏自己，他会直接描述他的词语，现在，逐一分析每个玩家的描述，注意，这局游戏的词语分类为<体育用品>，卧底词和平民词都属于该类。这是第一轮描述。
2024-12-12 21:59:36,768 - 1 - INFO - **********PLAYER1**********
玩家1的描述提到了圆形球体和团队运动，但没有提到网状结构。
玩家2的描述提到了六边形和五边形组成的表面，以及一个可以传递和投掷的圆形部分，但没有提到网状结构。
玩家3的描述强调了圆滑的物体、团队合作和孔洞，但没有提到网状结构。
玩家4的描述中提到了需要分析描述来找出卧底，并强调了卧底可能会因为词语不同而显得不一致。

根据这些描述，玩家1、2和3的描述都提到了球体、团队运动和某些特定的物理特征，但没有提到网状结构，这是排球的一个关键特征。玩家4的描述则更像是在引导讨论，而不是描述一个具体的体育用品。因此，如果我是玩家1，我会推测玩家4可能是卧底，因为他没有提供与体育用品相关的具体描述，而是专注于游戏的策略和描述分析。
2024-12-12 21:59:36,770 - 1 - INFO - **********JUDGER**********
你刚刚的分析是玩家1的描述提到了圆形球体和团队运动，但没有提到网状结构。
玩家2的描述提到了六边形和五边形组成的表面，以及一个可以传递和投掷的圆形部分，但没有提到网状结构。
玩家3的描述强调了圆滑的物体、团队合作和孔洞，但没有提到网状结构。
玩家4的描述中提到了需要分析描述来找出卧底，并强调了卧底可能会因为词语不同而显得不一致。

根据这些描述，玩家1、2和3的描述都提到了球体、团队运动和某些特定的物理特征，但没有提到网状结构，这是排球的一个关键特征。玩家4的描述则更像是在引导讨论，而不是描述一个具体的体育用品。因此，如果我是玩家1，我会推测玩家4可能是卧底，因为他没有提供与体育用品相关的具体描述，而是专注于游戏的策略和描述分析。|| `请根据上述分析，比较描述以找出不一致之处，注意，这局游戏的词语分类为<体育用品>，卧底词和平民词都属于该类。
2024-12-12 21:59:47,328 - 1 - INFO - **********PLAYER1**********
根据上述分析，我们可以比较每个玩家的描述以找出不一致之处：

1. 玩家1的描述提到了圆形球体和团队运动，但没有提到网状结构。
2. 玩家2的描述提到了六边形和五边形组成的表面，以及一个可以传递和投掷的圆形部分，但没有提到网状结构。
3. 玩家3的描述强调了圆滑的物体、团队合作和孔洞，但没有提到网状结构。
4. 玩家4的描述并没有直接描述任何体育用品的特征，而是提到了分析描述和卧底可能的不一致性。

不一致之处在于：
- 所有玩家的描述都集中在球体的物理特征和团队运动上，但没有一个描述提到了网状结构，这是排球的一个关键特征。
- 玩家4的描述并没有提供任何关于体育用品的具体信息，而是讨论了游戏策略和分析过程，这与其他玩家描述的具体特征形成对比。

因此，如果我们要找出不一致之处，玩家4的描述与其他玩家描述的体育用品特征不匹配，这可能是他作为卧底的一个线索。其他玩家的描述虽然细节不同，但都包含了网状结构这一排球的关键特征，而玩家4没有提及。
2024-12-12 21:59:47,328 - 1 - INFO - **********JUDGER**********
你刚刚的分析是根据上述分析，我们可以比较每个玩家的描述以找出不一致之处：

1. 玩家1的描述提到了圆形球体和团队运动，但没有提到网状结构。
2. 玩家2的描述提到了六边形和五边形组成的表面，以及一个可以传递和投掷的圆形部分，但没有提到网状结构。
3. 玩家3的描述强调了圆滑的物体、团队合作和孔洞，但没有提到网状结构。
4. 玩家4的描述并没有直接描述任何体育用品的特征，而是提到了分析描述和卧底可能的不一致性。

不一致之处在于：
- 所有玩家的描述都集中在球体的物理特征和团队运动上，但没有一个描述提到了网状结构，这是排球的一个关键特征。
- 玩家4的描述并没有提供任何关于体育用品的具体信息，而是讨论了游戏策略和分析过程，这与其他玩家描述的具体特征形成对比。

因此，如果我们要找出不一致之处，玩家4的描述与其他玩家描述的体育用品特征不匹配，这可能是他作为卧底的一个线索。其他玩家的描述虽然细节不同，但都包含了网状结构这一排球的关键特征，而玩家4没有提及。|| 请通过你分析的不一致之处，推断卧底身份，注意，这局游戏的词语分类为<体育用品>，卧底词和平民词都属于该类。
2024-12-12 21:59:51,774 - 1 - INFO - **********PLAYER1**********
基于分析中提到的不一致之处，我们可以推断卧底身份：

- 玩家1、2和3的描述都提到了球体、团队运动，并且都暗示了某种特定的结构或特征（如圆形、六边形和五边形、圆滑的物体和孔洞），但没有直接提到网状结构。
- 玩家4的描述没有直接涉及体育用品的具体特征，而是专注于游戏策略和分析过程。

由于所有平民玩家的描述都隐含地提到了网状结构，这是排球的一个关键特征，而玩家4没有提及这一点，这表明他的描述与平民玩家的描述不一致。因此，结合游戏规则和词语分类，我们可以推断玩家4很可能是卧底，因为他的描述没有反映出体育用品<排球>的关键特征。
2024-12-12 21:59:51,775 - 1 - INFO - **********JUDGER**********
你刚刚的推断是基于分析中提到的不一致之处，我们可以推断卧底身份：

- 玩家1、2和3的描述都提到了球体、团队运动，并且都暗示了某种特定的结构或特征（如圆形、六边形和五边形、圆滑的物体和孔洞），但没有直接提到网状结构。
- 玩家4的描述没有直接涉及体育用品的具体特征，而是专注于游戏策略和分析过程。

由于所有平民玩家的描述都隐含地提到了网状结构，这是排球的一个关键特征，而玩家4没有提及这一点，这表明他的描述与平民玩家的描述不一致。因此，结合游戏规则和词语分类，我们可以推断玩家4很可能是卧底，因为他的描述没有反映出体育用品<排球>的关键特征。|| 基于你刚刚的推断得出你的最终结论，请输出你认为的卧底，在这种情况下只需要输出编号，是1-4中的某个数字，不要输出其他信息。在这个过程不要进行任何推理，只对||以前的部分进行信息提取
2024-12-12 21:59:52,215 - 1 - INFO - **********PLAYER1**********
4
2024-12-12 22:00:52,277 - 1 - INFO - **********JUDGER**********
玩家1说：这是一个圆形的球体，主要用于团队运动。它在同类体育用品中最显著的特点是带有网状结构，用于隔网对抗。玩家2说：它是一种大型球体，表面有多个六边形和五边形组成，用于竞技和娱乐。与同类球体相比，它有一个显著的特点，那就是它有一个可以用来传递和投掷的圆形部分。玩家3说：这是一个圆滑的物体，通常用于团队合作，其表面有多个孔洞，便于抓握和传球。与同类体育用品相比，它的设计特别适合在特定的场地进行隔网对抗。玩家4说：这是一个球状物体，用于多人竞技。它在同类中特别之处在于，它设计有特定的结构，可以用来进行隔网对抗。你是第1号玩家，你的关键词是<排球>。你的回答中绝对不能包含你的关键词<排球>。这是第二轮描述，你之前的描述是这是一个球类，通常用于在空中进行击打和传球。它在体育用品中以其独特的网状结构而突出，通常用于排球运动。，注意，这局游戏的词语分类为<体育用品>，卧底词和平民词都属于该类，请你补充关于关键词的描述，注意，你的描述应该比起之前的描述更加贴近关键词，作为之前的补充
2024-12-12 22:00:53,583 - 1 - INFO - **********PLAYER1**********
这是一个圆滑的球体，适合在空中被击打和传球。它的设计特别，因为有一个网状结构，使得它可以在特定的场地上进行隔网对抗。
2024-12-12 22:01:01,540 - 1 - INFO - **********JUDGER**********
玩家1说：这是一个圆形的球体，主要用于团队运动。它在同类体育用品中最显著的特点是带有网状结构，用于隔网对抗。这是一个圆滑的球体，适合在空中被击打和传球。它的设计特别，因为有一个网状结构，使得它可以在特定的场地上进行隔网对抗。玩家2说：它是一种大型球体，表面有多个六边形和五边形组成，用于竞技和娱乐。与同类球体相比，它有一个显著的特点，那就是它有一个可以用来传递和投掷的圆形部分。这种球体体积适中，适合在空中进行多种技巧性动作，如传球和投篮。它的表面光滑，便于运动员的手感，且在同类球体中，它以其独特的圆形部分而闻名，这一部分不仅用于传递，也是球体运动的中心。玩家3说：这是一个圆滑的物体，通常用于团队合作，其表面有多个孔洞，便于抓握和传球。与同类体育用品相比，它的设计特别适合在特定的场地进行隔网对抗。这是一个球体，主要用于团队间的竞技。它的表面设计独特，拥有多个孔洞，这些孔洞不仅便于运动员的抓握和传球，还增加了球体的空气阻力，使得球在空中飞行时更加稳定。这种球体的体积适中，便于运动员进行多种技巧性动作，如传球和扣球。它的设计使得球体在特定的场地上进行隔网对抗成为可能。玩家4说：这是一个球状物体，用于多人竞技。它在同类中特别之处在于，它设计有特定的结构，可以用来进行隔网对抗。||在这个游戏中，我们需要通过分析每位玩家的描述来找出卧底。通常，平民的描述会围绕相同的词语展开，而卧底的描述可能会因为词语的不同而显得不太一致。我们需要仔细比较每个描述之间的相似性和差异性，以找出可能的卧底，注意，卧底并不会隐藏自己，他会直接描述他的词语，现在，逐一分析每个玩家的描述，注意，这局游戏的词语分类为<体育用品>，卧底词和平民词都属于该类。||之前是第2轮描述和之前轮数描述的合集。你之前认为的卧底是玩家4。
2024-12-12 22:01:08,242 - 1 - INFO - **********PLAYER1**********
玩家1和玩家4的描述都提到了球体和隔网对抗，但玩家4的描述更具体地提到了球体的特定结构，这与排球的设计相符。玩家2的描述提到了球体的表面结构和传递特性，但没有提到隔网对抗。玩家3的描述强调了球体的孔洞和空气阻力，这些特征并不符合排球的设计。

考虑到这些信息，玩家2和玩家3的描述与排球的关键特征不一致，而玩家1和玩家4的描述更贴近排球。由于之前推断玩家4是卧底，并且玩家4的描述在第一轮和第二轮中都与排球的特征相符，现在玩家2和玩家3的描述与排球的特征不一致，因此我之前的推断可能需要重新考虑。

根据第二轮描述的分析，玩家2和玩家3的描述可能更像是卧底的描述，因为他们没有提到隔网对抗这一排球的关键特征。因此，如果要根据第二轮描述重新推断卧底，我会认为玩家2或玩家3更有可能是卧底。
2024-12-12 22:01:08,243 - 1 - INFO - **********JUDGER**********
你刚刚的分析是玩家1和玩家4的描述都提到了球体和隔网对抗，但玩家4的描述更具体地提到了球体的特定结构，这与排球的设计相符。玩家2的描述提到了球体的表面结构和传递特性，但没有提到隔网对抗。玩家3的描述强调了球体的孔洞和空气阻力，这些特征并不符合排球的设计。

考虑到这些信息，玩家2和玩家3的描述与排球的关键特征不一致，而玩家1和玩家4的描述更贴近排球。由于之前推断玩家4是卧底，并且玩家4的描述在第一轮和第二轮中都与排球的特征相符，现在玩家2和玩家3的描述与排球的特征不一致，因此我之前的推断可能需要重新考虑。

根据第二轮描述的分析，玩家2和玩家3的描述可能更像是卧底的描述，因为他们没有提到隔网对抗这一排球的关键特征。因此，如果要根据第二轮描述重新推断卧底，我会认为玩家2或玩家3更有可能是卧底。|| `请根据上述分析，比较描述以找出不一致之处，注意，这局游戏的词语分类为<体育用品>，卧底词和平民词都属于该类。
2024-12-12 22:01:13,366 - 1 - INFO - **********PLAYER1**********
根据上述分析，我们可以比较描述以找出不一致之处：

1. 玩家1的描述两次都提到了球体、隔网对抗和网状结构，这与排球的特征相符。
2. 玩家2的描述提到了球体的表面结构、传递和投篮，但没有提到隔网对抗，这与排球的特征不符。
3. 玩家3的描述提到了球体的孔洞、空气阻力和稳定性，但没有提到隔网对抗，这与排球的特征不符。
4. 玩家4的描述在第一轮提到了球体和隔网对抗，在第二轮也提到了球体和隔网对抗，这与排球的特征相符。

不一致之处在于：
- 玩家2和玩家3的描述没有提到隔网对抗这一排球的关键特征。
- 玩家2的描述提到了投篮，这通常与篮球相关，而不是排球。
- 玩家3的描述提到了孔洞和空气阻力，这些特征并不符合排球的设计。

因此，玩家2和玩家3的描述与排球的关键特征不一致，这可能是他们作为卧底的一个线索。
2024-12-12 22:01:13,366 - 1 - INFO - **********JUDGER**********
你刚刚的分析是根据上述分析，我们可以比较描述以找出不一致之处：

1. 玩家1的描述两次都提到了球体、隔网对抗和网状结构，这与排球的特征相符。
2. 玩家2的描述提到了球体的表面结构、传递和投篮，但没有提到隔网对抗，这与排球的特征不符。
3. 玩家3的描述提到了球体的孔洞、空气阻力和稳定性，但没有提到隔网对抗，这与排球的特征不符。
4. 玩家4的描述在第一轮提到了球体和隔网对抗，在第二轮也提到了球体和隔网对抗，这与排球的特征相符。

不一致之处在于：
- 玩家2和玩家3的描述没有提到隔网对抗这一排球的关键特征。
- 玩家2的描述提到了投篮，这通常与篮球相关，而不是排球。
- 玩家3的描述提到了孔洞和空气阻力，这些特征并不符合排球的设计。

因此，玩家2和玩家3的描述与排球的关键特征不一致，这可能是他们作为卧底的一个线索。|| 请通过你分析的不一致之处，推断卧底身份，注意，这局游戏的词语分类为<体育用品>，卧底词和平民词都属于该类。
2024-12-12 22:01:16,858 - 1 - INFO - **********PLAYER1**********
基于分析的不一致之处，我们可以推断卧底身份：

- 玩家2的描述中提到了投篮，这与排球无关，而是与篮球相关。
- 玩家3的描述中提到了孔洞和空气阻力，这些特征并不符合排球的设计，而是可能描述的是足球或其他球类。

因此，根据这些不一致之处，玩家2和玩家3的描述与排球的特征不符，他们更有可能是卧底。在这两位中，玩家2的描述直接提到了与排球无关的篮球特征，所以根据描述的不一致性和游戏规则，玩家2很可能是卧底。
2024-12-12 22:01:16,858 - 1 - INFO - **********JUDGER**********
你刚刚的推断是基于分析的不一致之处，我们可以推断卧底身份：

- 玩家2的描述中提到了投篮，这与排球无关，而是与篮球相关。
- 玩家3的描述中提到了孔洞和空气阻力，这些特征并不符合排球的设计，而是可能描述的是足球或其他球类。

因此，根据这些不一致之处，玩家2和玩家3的描述与排球的特征不符，他们更有可能是卧底。在这两位中，玩家2的描述直接提到了与排球无关的篮球特征，所以根据描述的不一致性和游戏规则，玩家2很可能是卧底。|| 基于你刚刚的推断得出你的最终结论，请输出你认为的卧底，在这种情况下只需要输出编号，是1-4中的某个数字，不要输出其他信息。在这个过程不要进行任何推理，只对||以前的部分进行信息提取
2024-12-12 22:01:18,362 - 1 - INFO - **********PLAYER1**********
2
2024-12-12 22:02:25,883 - 1 - INFO - **********JUDGER**********
玩家1说：这是一个圆形的球体，主要用于团队运动。它在同类体育用品中最显著的特点是带有网状结构，用于隔网对抗。这是一个圆滑的球体，适合在空中被击打和传球。它的设计特别，因为有一个网状结构，使得它可以在特定的场地上进行隔网对抗。玩家2说：它是一种大型球体，表面有多个六边形和五边形组成，用于竞技和娱乐。与同类球体相比，它有一个显著的特点，那就是它有一个可以用来传递和投掷的圆形部分。这种球体体积适中，适合在空中进行多种技巧性动作，如传球和投篮。它的表面光滑，便于运动员的手感，且在同类球体中，它以其独特的圆形部分而闻名，这一部分不仅用于传递，也是球体运动的中心。玩家3说：这是一个圆滑的物体，通常用于团队合作，其表面有多个孔洞，便于抓握和传球。与同类体育用品相比，它的设计特别适合在特定的场地进行隔网对抗。这是一个球体，主要用于团队间的竞技。它的表面设计独特，拥有多个孔洞，这些孔洞不仅便于运动员的抓握和传球，还增加了球体的空气阻力，使得球在空中飞行时更加稳定。这种球体的体积适中，便于运动员进行多种技巧性动作，如传球和扣球。它的设计使得球体在特定的场地上进行隔网对抗成为可能。玩家4说：这是一个球状物体，用于多人竞技。它在同类中特别之处在于，它设计有特定的结构，可以用来进行隔网对抗。这是一个球体，表面光滑，主要用于团队间的竞技。它有多个孔洞，便于抓握和传球。这个球体在特定的场地上进行隔网对抗时表现出独特的设计，使得它能够适应这种特殊的比赛方式。你是第1号玩家，你的关键词是<排球>。你的回答中绝对不能包含你的关键词<排球>。这是第三轮描述，你之前的描述是这是一个球类，通常用于在空中进行击打和传球。它在体育用品中以其独特的网状结构而突出，通常用于排球运动。和这是一个圆形的球体，主要用于团队运动。它在同类体育用品中最显著的特点是带有网状结构，用于隔网对抗。，注意，这局游戏的词语分类为<体育用品>，卧底词和平民词都属于该类，请你补充关于关键词的描述，注意，你的描述应该比起之前的描述更加贴近关键词，作为之前的补充
2024-12-12 22:02:27,594 - 1 - INFO - **********PLAYER1**********
这是一个球体，其设计允许在空中进行精确的击打和传球。它的表面光滑，便于抓握，且在特定场地上，通过网状结构进行隔网对抗。
2024-12-12 22:02:35,953 - 1 - INFO - **********JUDGER**********
玩家1说：这是一个圆形的球体，主要用于团队运动。它在同类体育用品中最显著的特点是带有网状结构，用于隔网对抗。这是一个圆滑的球体，适合在空中被击打和传球。它的设计特别，因为有一个网状结构，使得它可以在特定的场地上进行隔网对抗。这是一个球体，其设计允许在空中进行精确的击打和传球。它的表面光滑，便于抓握，且在特定场地上，通过网状结构进行隔网对抗。玩家2说：它是一种大型球体，表面有多个六边形和五边形组成，用于竞技和娱乐。与同类球体相比，它有一个显著的特点，那就是它有一个可以用来传递和投掷的圆形部分。这种球体体积适中，适合在空中进行多种技巧性动作，如传球和投篮。它的表面光滑，便于运动员的手感，且在同类球体中，它以其独特的圆形部分而闻名，这一部分不仅用于传递，也是球体运动的中心。这种球体是专为在空中进行精准动作而设计的，它的表面光滑且易于控制，适合快速传球和投篮。它的体积适中，便于运动员在各种技巧性动作中使用，如跳投、扣篮等。此外，它的圆形部分是球体设计的核心，不仅是传递的关键，也是球体运动的重心。玩家3说：这是一个圆滑的物体，通常用于团队合作，其表面有多个孔洞，便于抓握和传球。与同类体育用品相比，它的设计特别适合在特定的场地进行隔网对抗。这是一个球体，主要用于团队间的竞技。它的表面设计独特，拥有多个孔洞，这些孔洞不仅便于运动员的抓握和传球，还增加了球体的空气阻力，使得球在空中飞行时更加稳定。这种球体的体积适中，便于运动员进行多种技巧性动作，如传球和扣球。它的设计使得球体在特定的场地上进行隔网对抗成为可能。这是一个球体，设计用于团队竞技，其表面光滑且具有多个孔洞，便于运动员抓握和传球。这种球体在空中飞行时表现出良好的稳定性，适合进行多种技巧性动作，如传球和扣球。它的设计特别适合在特定的场地上进行隔网对抗，通过网状结构将场地划分为两个对立的阵营。球体的体积适中，便于运动员在竞技中使用，无论是快速传球还是精准投篮。玩家4说：这是一个球状物体，用于多人竞技。它在同类中特别之处在于，它设计有特定的结构，可以用来进行隔网对抗。这是一个球体，表面光滑，主要用于团队间的竞技。它有多个孔洞，便于抓握和传球。这个球体在特定的场地上进行隔网对抗时表现出独特的设计，使得它能够适应这种特殊的比赛方式。这是一个球体，表面平滑，适用于团队竞技。它的设计特点是拥有网状结构，便于隔网对抗，且球体大小适中，便于运动员进行传球和扣球。在特定的场地上，这个球体能够通过网状结构将场地划分为两个对立的阵营，适合进行激烈的团队对抗。||在这个游戏中，我们需要通过分析每位玩家的描述来找出卧底。通常，平民的描述会围绕相同的词语展开，而卧底的描述可能会因为词语的不同而显得不太一致。我们需要仔细比较每个描述之间的相似性和差异性，以找出可能的卧底，注意，卧底并不会隐藏自己，他会直接描述他的词语，现在，逐一分析每个玩家的描述，注意，这局游戏的词语分类为<体育用品>，卧底词和平民词都属于该类。||之前是第3轮描述和之前轮数描述的合集。你之前认为的卧底是玩家2。
2024-12-12 22:02:43,820 - 1 - INFO - **********PLAYER1**********
在第三轮描述中，玩家1、玩家3和玩家4的描述都强调了球体的表面光滑、用于隔网对抗的网状结构、球体大小适中以及便于传球和扣球的特点。这些描述与排球的特征相符。

玩家2的描述也提到了球体的表面光滑、体积适中、便于传球和投篮，但他还特别提到了球体表面有多个六边形和五边形组成，以及一个可以用来传递和投掷的圆形部分。这些描述与篮球的特征更为吻合，因为篮球的表面通常由六边形和五边形组成，且有一个明显的圆形部分。

因此，基于第三轮描述的分析，玩家2的描述与排球的特征不太一致，而更接近篮球的特征。这表明玩家2的描述可能是不太一致的，因此在这种情况下，玩家2可能是卧底。
2024-12-12 22:02:43,820 - 1 - INFO - **********JUDGER**********
你刚刚的分析是在第三轮描述中，玩家1、玩家3和玩家4的描述都强调了球体的表面光滑、用于隔网对抗的网状结构、球体大小适中以及便于传球和扣球的特点。这些描述与排球的特征相符。

玩家2的描述也提到了球体的表面光滑、体积适中、便于传球和投篮，但他还特别提到了球体表面有多个六边形和五边形组成，以及一个可以用来传递和投掷的圆形部分。这些描述与篮球的特征更为吻合，因为篮球的表面通常由六边形和五边形组成，且有一个明显的圆形部分。

因此，基于第三轮描述的分析，玩家2的描述与排球的特征不太一致，而更接近篮球的特征。这表明玩家2的描述可能是不太一致的，因此在这种情况下，玩家2可能是卧底。|| `请根据上述分析，比较描述以找出不一致之处，注意，这局游戏的词语分类为<体育用品>，卧底词和平民词都属于该类。
2024-12-12 22:02:50,405 - 1 - INFO - **********PLAYER1**********
根据上述分析，我们可以比较描述以找出不一致之处：

- 玩家1、玩家3和玩家4的描述都强调了球体的表面光滑、网状结构、适中的体积和便于进行传球和扣球。
- 玩家2的描述虽然也提到了球体的表面光滑、体积适中、便于传球和投篮，但他还特别提到了球体表面由多个六边形和五边形组成，以及一个可以用来传递和投掷的圆形部分。

不一致之处在于：
- 玩家2的描述中提到的球体表面特征（六边形和五边形）和圆形部分是篮球而不是排球的特征。
- 玩家2的描述中提到了投篮，这是一个篮球特有的动作，而排球主要是通过传球和扣球进行比赛。

因此，玩家2的描述与排球的特征不一致，这是与其他玩家描述的不一致之处。
2024-12-12 22:02:50,405 - 1 - INFO - **********JUDGER**********
你刚刚的分析是根据上述分析，我们可以比较描述以找出不一致之处：

- 玩家1、玩家3和玩家4的描述都强调了球体的表面光滑、网状结构、适中的体积和便于进行传球和扣球。
- 玩家2的描述虽然也提到了球体的表面光滑、体积适中、便于传球和投篮，但他还特别提到了球体表面由多个六边形和五边形组成，以及一个可以用来传递和投掷的圆形部分。

不一致之处在于：
- 玩家2的描述中提到的球体表面特征（六边形和五边形）和圆形部分是篮球而不是排球的特征。
- 玩家2的描述中提到了投篮，这是一个篮球特有的动作，而排球主要是通过传球和扣球进行比赛。

因此，玩家2的描述与排球的特征不一致，这是与其他玩家描述的不一致之处。|| 请通过你分析的不一致之处，推断卧底身份，注意，这局游戏的词语分类为<体育用品>，卧底词和平民词都属于该类。
2024-12-12 22:02:51,682 - 1 - INFO - **********PLAYER1**********
2
2024-12-12 22:02:51,682 - 1 - INFO - **********JUDGER**********
你刚刚的推断是2|| 基于你刚刚的推断得出你的最终结论，请输出你认为的卧底，在这种情况下只需要输出编号，是1-4中的某个数字，不要输出其他信息。在这个过程不要进行任何推理，只对||以前的部分进行信息提取
2024-12-12 22:02:53,159 - 1 - INFO - **********PLAYER1**********
2
