2024-12-12 21:59:23,945 - 2 - INFO - **********JUDGER**********
让我们来玩一个叫做<谁是卧底>的推理游戏。基本规则：<人数>：4人。<角色分配>：每位玩家随机抽取一个词语，3名玩家拿到的词语是相同的（平民词），1名玩家拿到与之相近但不同的词语（卧底词）。<游戏流程>：1、玩家轮流描述自己的词语，但<不能>直接说出词语本身。2、描述完毕后，投票选出最像卧底的玩家。3、每轮结束后，被投票选出的玩家出局，不能再进行描述或投票。4、每轮投票结束后，如果卧底被成功找出，平民方获胜；如果卧底未被找出且卧底人数等于或超过平民人数，则卧底方获胜。你将扮演一个<玩家>，请等待你被分配到的关键词。如果你听懂了，只回答，"好的，我准备好参加游戏了"，不要输出别的信息
2024-12-12 21:59:24,367 - 2 - INFO - **********PLAYER2**********
好的，我准备好参加游戏了
2024-12-12 21:59:29,663 - 2 - INFO - **********JUDGER**********
玩家1说：这是一个圆形的球体，主要用于团队运动。它在同类体育用品中最显著的特点是带有网状结构，用于隔网对抗。玩家2说：玩家3说：玩家4说：|| 你是第2号玩家，你的关键词是<篮球>。你的回答中绝对不能包含你的关键词<篮球>。这是第一轮描述，不需要分析||之前别的玩家的描述，请你描述关键词基本特征，注意，这局游戏的词语分类为<体育用品>，卧底词和平民词都属于该类，描述包括以下两点，1.他的基本特征是什么2.他在该类（体育用品）中最突出不同的特征是什么，尽量简短
2024-12-12 21:59:30,967 - 2 - INFO - **********PLAYER2**********
它是一种大型球体，表面有多个六边形和五边形组成，用于竞技和娱乐。与同类球体相比，它有一个显著的特点，那就是它有一个可以用来传递和投掷的圆形部分。
2024-12-12 21:59:52,215 - 2 - INFO - **********JUDGER**********
玩家1说：这是一个圆形的球体，主要用于团队运动。它在同类体育用品中最显著的特点是带有网状结构，用于隔网对抗。玩家2说：它是一种大型球体，表面有多个六边形和五边形组成，用于竞技和娱乐。与同类球体相比，它有一个显著的特点，那就是它有一个可以用来传递和投掷的圆形部分。玩家3说：这是一个圆滑的物体，通常用于团队合作，其表面有多个孔洞，便于抓握和传球。与同类体育用品相比，它的设计特别适合在特定的场地进行隔网对抗。玩家4说：||在这个游戏中，我们需要通过分析每位玩家的描述来找出卧底。通常，平民的描述会围绕相同的词语展开，而卧底的描述可能会因为词语的不同而显得不太一致。我们需要仔细比较每个描述之间的相似性和差异性，以找出可能的卧底，注意，卧底并不会隐藏自己，他会直接描述他的词语，现在，逐一分析每个玩家的描述，注意，这局游戏的词语分类为<体育用品>，卧底词和平民词都属于该类。这是第一轮描述。
2024-12-12 21:59:54,925 - 2 - INFO - **********PLAYER2**********
我注意到玩家1、玩家2和玩家3的描述都提到了圆形球体、团队运动、网状结构和隔网对抗等关键词，这与篮球的描述相符。而玩家4的描述中提到了圆滑的物体、团队合作、表面有孔洞以及特定场地，这些特点似乎与篮球不太一致，但又不完全排除。因此，玩家4的描述可能更加可疑，需要进一步观察其在后续轮次中的表现。
2024-12-12 21:59:54,925 - 2 - INFO - **********JUDGER**********
你刚刚的分析是我注意到玩家1、玩家2和玩家3的描述都提到了圆形球体、团队运动、网状结构和隔网对抗等关键词，这与篮球的描述相符。而玩家4的描述中提到了圆滑的物体、团队合作、表面有孔洞以及特定场地，这些特点似乎与篮球不太一致，但又不完全排除。因此，玩家4的描述可能更加可疑，需要进一步观察其在后续轮次中的表现。|| `请根据上述分析，比较描述以找出不一致之处，注意，这局游戏的词语分类为<体育用品>，卧底词和平民词都属于该类。
2024-12-12 22:00:04,184 - 2 - INFO - **********PLAYER2**********
根据上述分析，我们可以比较各玩家的描述以找出不一致之处：

1. 玩家1的描述强调了球体的圆形和网状结构，这是篮球的典型特征。
2. 玩家2的描述与玩家1相似，也提到了圆形球体、六边形和五边形（可能指球体的表面纹理），以及竞技和娱乐，这些都是篮球的特点。
3. 玩家3的描述提到了球体是圆滑的，有孔洞，便于抓握和传球，以及适合隔网对抗，这些描述与篮球的特征也相符。
4. 玩家4的描述则提到了圆滑的物体、团队合作、表面有孔洞，以及特定场地，这些特点虽然与篮球的团队合作和特定场地有关，但“表面有孔洞”这一点在篮球描述中并未提及，而篮球通常与“网状结构”而非“表面有孔洞”联系在一起。

不一致之处在于玩家4的描述中“表面有孔洞”这一点，这与篮球的典型特征不符。篮球通常被描述为有网状结构的球体，而不是有孔洞的球体。因此，玩家4的描述可能是基于一个与篮球不同但属于同一类体育用品的词语，这可能是卧底词。
2024-12-12 22:00:04,184 - 2 - INFO - **********JUDGER**********
你刚刚的分析是根据上述分析，我们可以比较各玩家的描述以找出不一致之处：

1. 玩家1的描述强调了球体的圆形和网状结构，这是篮球的典型特征。
2. 玩家2的描述与玩家1相似，也提到了圆形球体、六边形和五边形（可能指球体的表面纹理），以及竞技和娱乐，这些都是篮球的特点。
3. 玩家3的描述提到了球体是圆滑的，有孔洞，便于抓握和传球，以及适合隔网对抗，这些描述与篮球的特征也相符。
4. 玩家4的描述则提到了圆滑的物体、团队合作、表面有孔洞，以及特定场地，这些特点虽然与篮球的团队合作和特定场地有关，但“表面有孔洞”这一点在篮球描述中并未提及，而篮球通常与“网状结构”而非“表面有孔洞”联系在一起。

不一致之处在于玩家4的描述中“表面有孔洞”这一点，这与篮球的典型特征不符。篮球通常被描述为有网状结构的球体，而不是有孔洞的球体。因此，玩家4的描述可能是基于一个与篮球不同但属于同一类体育用品的词语，这可能是卧底词。|| 请通过你分析的不一致之处，推断卧底身份，注意，这局游戏的词语分类为<体育用品>，卧底词和平民词都属于该类。
2024-12-12 22:00:07,240 - 2 - INFO - **********PLAYER2**********
根据分析，玩家4的描述中提到的“表面有孔洞”这一特征与篮球的典型特征“网状结构”不符。篮球是一个没有孔洞的球体，而其他玩家的描述都围绕着篮球的圆形、网状结构和用于团队运动的特点。

在体育用品的类别中，一个有孔洞的球体可能指的是足球，因为足球表面有多个六边形和五边形的缝合线，这些缝合线在球体表面形成了孔洞。因此，结合描述中的其他特征，如团队合作和特定场地（足球场），可以推断玩家4的卧底词很可能是“足球”。
2024-12-12 22:00:07,241 - 2 - INFO - **********JUDGER**********
你刚刚的推断是根据分析，玩家4的描述中提到的“表面有孔洞”这一特征与篮球的典型特征“网状结构”不符。篮球是一个没有孔洞的球体，而其他玩家的描述都围绕着篮球的圆形、网状结构和用于团队运动的特点。

在体育用品的类别中，一个有孔洞的球体可能指的是足球，因为足球表面有多个六边形和五边形的缝合线，这些缝合线在球体表面形成了孔洞。因此，结合描述中的其他特征，如团队合作和特定场地（足球场），可以推断玩家4的卧底词很可能是“足球”。|| 基于你刚刚的推断得出你的最终结论，请输出你认为的卧底，在这种情况下只需要输出编号，是1-4中的某个数字，不要输出其他信息。在这个过程不要进行任何推理，只对||以前的部分进行信息提取
2024-12-12 22:00:07,611 - 2 - INFO - **********PLAYER2**********
4
2024-12-12 22:00:53,583 - 2 - INFO - **********JUDGER**********
玩家1说：这是一个圆形的球体，主要用于团队运动。它在同类体育用品中最显著的特点是带有网状结构，用于隔网对抗。这是一个圆滑的球体，适合在空中被击打和传球。它的设计特别，因为有一个网状结构，使得它可以在特定的场地上进行隔网对抗。玩家2说：它是一种大型球体，表面有多个六边形和五边形组成，用于竞技和娱乐。与同类球体相比，它有一个显著的特点，那就是它有一个可以用来传递和投掷的圆形部分。玩家3说：这是一个圆滑的物体，通常用于团队合作，其表面有多个孔洞，便于抓握和传球。与同类体育用品相比，它的设计特别适合在特定的场地进行隔网对抗。玩家4说：这是一个球状物体，用于多人竞技。它在同类中特别之处在于，它设计有特定的结构，可以用来进行隔网对抗。你是第2号玩家，你的关键词是<篮球>。你的回答中绝对不能包含你的关键词<篮球>。这是第二轮描述，你之前的描述是它是一种大型球体，表面有多个六边形和五边形组成，用于竞技和娱乐。与同类球体相比，它有一个显著的特点，那就是它有一个可以用来传递和投掷的圆形部分。，注意，这局游戏的词语分类为<体育用品>，卧底词和平民词都属于该类，请你补充关于关键词的描述，注意，你的描述应该比起之前的描述更加贴近关键词，作为之前的补充
2024-12-12 22:00:55,113 - 2 - INFO - **********PLAYER2**********
这种球体体积适中，适合在空中进行多种技巧性动作，如传球和投篮。它的表面光滑，便于运动员的手感，且在同类球体中，它以其独特的圆形部分而闻名，这一部分不仅用于传递，也是球体运动的中心。
2024-12-12 22:01:18,363 - 2 - INFO - **********JUDGER**********
玩家1说：这是一个圆形的球体，主要用于团队运动。它在同类体育用品中最显著的特点是带有网状结构，用于隔网对抗。这是一个圆滑的球体，适合在空中被击打和传球。它的设计特别，因为有一个网状结构，使得它可以在特定的场地上进行隔网对抗。玩家2说：它是一种大型球体，表面有多个六边形和五边形组成，用于竞技和娱乐。与同类球体相比，它有一个显著的特点，那就是它有一个可以用来传递和投掷的圆形部分。这种球体体积适中，适合在空中进行多种技巧性动作，如传球和投篮。它的表面光滑，便于运动员的手感，且在同类球体中，它以其独特的圆形部分而闻名，这一部分不仅用于传递，也是球体运动的中心。玩家3说：这是一个圆滑的物体，通常用于团队合作，其表面有多个孔洞，便于抓握和传球。与同类体育用品相比，它的设计特别适合在特定的场地进行隔网对抗。这是一个球体，主要用于团队间的竞技。它的表面设计独特，拥有多个孔洞，这些孔洞不仅便于运动员的抓握和传球，还增加了球体的空气阻力，使得球在空中飞行时更加稳定。这种球体的体积适中，便于运动员进行多种技巧性动作，如传球和扣球。它的设计使得球体在特定的场地上进行隔网对抗成为可能。玩家4说：这是一个球状物体，用于多人竞技。它在同类中特别之处在于，它设计有特定的结构，可以用来进行隔网对抗。||在这个游戏中，我们需要通过分析每位玩家的描述来找出卧底。通常，平民的描述会围绕相同的词语展开，而卧底的描述可能会因为词语的不同而显得不太一致。我们需要仔细比较每个描述之间的相似性和差异性，以找出可能的卧底，注意，卧底并不会隐藏自己，他会直接描述他的词语，现在，逐一分析每个玩家的描述，注意，这局游戏的词语分类为<体育用品>，卧底词和平民词都属于该类。||之前是第2轮描述和之前轮数描述的合集。你之前认为的卧底是玩家4。
2024-12-12 22:01:19,837 - 2 - INFO - **********PLAYER2**********
4
2024-12-12 22:01:19,837 - 2 - INFO - **********JUDGER**********
你刚刚的分析是4|| `请根据上述分析，比较描述以找出不一致之处，注意，这局游戏的词语分类为<体育用品>，卧底词和平民词都属于该类。
2024-12-12 22:01:26,424 - 2 - INFO - **********PLAYER2**********
在比较各玩家的描述时，以下是不一致之处：

1. 玩家1和玩家2的描述都提到了球体的圆形、网状结构、隔网对抗、表面光滑以及用于团队运动，这些特点与篮球相符。

2. 玩家3的描述也提到了球体的圆滑、团队合作、特定场地、隔网对抗和用于团队间的竞技，但特别强调了球体表面的多个孔洞，这与篮球的描述不一致，因为篮球表面是光滑的，没有孔洞。

3. 玩家4的描述提到了球状物体、多人竞技、特定结构和隔网对抗，但没有提到球体的具体特征，如表面光滑或孔洞，也没有明确提到网状结构。

不一致之处在于玩家3和玩家4的描述中缺乏关于球体表面特征的描述，而玩家3特别提到了表面有多个孔洞，这与篮球的描述不符。玩家4的描述较为笼统，没有提供足够的特征来明确指出是哪种体育用品。因此，玩家3和玩家4的描述可能与篮球不一致。
2024-12-12 22:01:26,426 - 2 - INFO - **********JUDGER**********
你刚刚的分析是在比较各玩家的描述时，以下是不一致之处：

1. 玩家1和玩家2的描述都提到了球体的圆形、网状结构、隔网对抗、表面光滑以及用于团队运动，这些特点与篮球相符。

2. 玩家3的描述也提到了球体的圆滑、团队合作、特定场地、隔网对抗和用于团队间的竞技，但特别强调了球体表面的多个孔洞，这与篮球的描述不一致，因为篮球表面是光滑的，没有孔洞。

3. 玩家4的描述提到了球状物体、多人竞技、特定结构和隔网对抗，但没有提到球体的具体特征，如表面光滑或孔洞，也没有明确提到网状结构。

不一致之处在于玩家3和玩家4的描述中缺乏关于球体表面特征的描述，而玩家3特别提到了表面有多个孔洞，这与篮球的描述不符。玩家4的描述较为笼统，没有提供足够的特征来明确指出是哪种体育用品。因此，玩家3和玩家4的描述可能与篮球不一致。|| 请通过你分析的不一致之处，推断卧底身份，注意，这局游戏的词语分类为<体育用品>，卧底词和平民词都属于该类。
2024-12-12 22:01:27,139 - 2 - INFO - **********PLAYER2**********
3
2024-12-12 22:01:27,140 - 2 - INFO - **********JUDGER**********
你刚刚的推断是3|| 基于你刚刚的推断得出你的最终结论，请输出你认为的卧底，在这种情况下只需要输出编号，是1-4中的某个数字，不要输出其他信息。在这个过程不要进行任何推理，只对||以前的部分进行信息提取
2024-12-12 22:01:28,116 - 2 - INFO - **********PLAYER2**********
3
2024-12-12 22:02:27,595 - 2 - INFO - **********JUDGER**********
玩家1说：这是一个圆形的球体，主要用于团队运动。它在同类体育用品中最显著的特点是带有网状结构，用于隔网对抗。这是一个圆滑的球体，适合在空中被击打和传球。它的设计特别，因为有一个网状结构，使得它可以在特定的场地上进行隔网对抗。这是一个球体，其设计允许在空中进行精确的击打和传球。它的表面光滑，便于抓握，且在特定场地上，通过网状结构进行隔网对抗。玩家2说：它是一种大型球体，表面有多个六边形和五边形组成，用于竞技和娱乐。与同类球体相比，它有一个显著的特点，那就是它有一个可以用来传递和投掷的圆形部分。这种球体体积适中，适合在空中进行多种技巧性动作，如传球和投篮。它的表面光滑，便于运动员的手感，且在同类球体中，它以其独特的圆形部分而闻名，这一部分不仅用于传递，也是球体运动的中心。玩家3说：这是一个圆滑的物体，通常用于团队合作，其表面有多个孔洞，便于抓握和传球。与同类体育用品相比，它的设计特别适合在特定的场地进行隔网对抗。这是一个球体，主要用于团队间的竞技。它的表面设计独特，拥有多个孔洞，这些孔洞不仅便于运动员的抓握和传球，还增加了球体的空气阻力，使得球在空中飞行时更加稳定。这种球体的体积适中，便于运动员进行多种技巧性动作，如传球和扣球。它的设计使得球体在特定的场地上进行隔网对抗成为可能。玩家4说：这是一个球状物体，用于多人竞技。它在同类中特别之处在于，它设计有特定的结构，可以用来进行隔网对抗。这是一个球体，表面光滑，主要用于团队间的竞技。它有多个孔洞，便于抓握和传球。这个球体在特定的场地上进行隔网对抗时表现出独特的设计，使得它能够适应这种特殊的比赛方式。你是第2号玩家，你的关键词是<篮球>。你的回答中绝对不能包含你的关键词<篮球>。这是第三轮描述，你之前的描述是它是一种大型球体，表面有多个六边形和五边形组成，用于竞技和娱乐。与同类球体相比，它有一个显著的特点，那就是它有一个可以用来传递和投掷的圆形部分。和这种球体体积适中，适合在空中进行多种技巧性动作，如传球和投篮。它的表面光滑，便于运动员的手感，且在同类球体中，它以其独特的圆形部分而闻名，这一部分不仅用于传递，也是球体运动的中心。，注意，这局游戏的词语分类为<体育用品>，卧底词和平民词都属于该类，请你补充关于关键词的描述，注意，你的描述应该比起之前的描述更加贴近关键词，作为之前的补充
2024-12-12 22:02:30,441 - 2 - INFO - **********PLAYER2**********
这种球体是专为在空中进行精准动作而设计的，它的表面光滑且易于控制，适合快速传球和投篮。它的体积适中，便于运动员在各种技巧性动作中使用，如跳投、扣篮等。此外，它的圆形部分是球体设计的核心，不仅是传递的关键，也是球体运动的重心。
2024-12-12 22:02:53,159 - 2 - INFO - **********JUDGER**********
玩家1说：这是一个圆形的球体，主要用于团队运动。它在同类体育用品中最显著的特点是带有网状结构，用于隔网对抗。这是一个圆滑的球体，适合在空中被击打和传球。它的设计特别，因为有一个网状结构，使得它可以在特定的场地上进行隔网对抗。这是一个球体，其设计允许在空中进行精确的击打和传球。它的表面光滑，便于抓握，且在特定场地上，通过网状结构进行隔网对抗。玩家2说：它是一种大型球体，表面有多个六边形和五边形组成，用于竞技和娱乐。与同类球体相比，它有一个显著的特点，那就是它有一个可以用来传递和投掷的圆形部分。这种球体体积适中，适合在空中进行多种技巧性动作，如传球和投篮。它的表面光滑，便于运动员的手感，且在同类球体中，它以其独特的圆形部分而闻名，这一部分不仅用于传递，也是球体运动的中心。这种球体是专为在空中进行精准动作而设计的，它的表面光滑且易于控制，适合快速传球和投篮。它的体积适中，便于运动员在各种技巧性动作中使用，如跳投、扣篮等。此外，它的圆形部分是球体设计的核心，不仅是传递的关键，也是球体运动的重心。玩家3说：这是一个圆滑的物体，通常用于团队合作，其表面有多个孔洞，便于抓握和传球。与同类体育用品相比，它的设计特别适合在特定的场地进行隔网对抗。这是一个球体，主要用于团队间的竞技。它的表面设计独特，拥有多个孔洞，这些孔洞不仅便于运动员的抓握和传球，还增加了球体的空气阻力，使得球在空中飞行时更加稳定。这种球体的体积适中，便于运动员进行多种技巧性动作，如传球和扣球。它的设计使得球体在特定的场地上进行隔网对抗成为可能。这是一个球体，设计用于团队竞技，其表面光滑且具有多个孔洞，便于运动员抓握和传球。这种球体在空中飞行时表现出良好的稳定性，适合进行多种技巧性动作，如传球和扣球。它的设计特别适合在特定的场地上进行隔网对抗，通过网状结构将场地划分为两个对立的阵营。球体的体积适中，便于运动员在竞技中使用，无论是快速传球还是精准投篮。玩家4说：这是一个球状物体，用于多人竞技。它在同类中特别之处在于，它设计有特定的结构，可以用来进行隔网对抗。这是一个球体，表面光滑，主要用于团队间的竞技。它有多个孔洞，便于抓握和传球。这个球体在特定的场地上进行隔网对抗时表现出独特的设计，使得它能够适应这种特殊的比赛方式。这是一个球体，表面平滑，适用于团队竞技。它的设计特点是拥有网状结构，便于隔网对抗，且球体大小适中，便于运动员进行传球和扣球。在特定的场地上，这个球体能够通过网状结构将场地划分为两个对立的阵营，适合进行激烈的团队对抗。||在这个游戏中，我们需要通过分析每位玩家的描述来找出卧底。通常，平民的描述会围绕相同的词语展开，而卧底的描述可能会因为词语的不同而显得不太一致。我们需要仔细比较每个描述之间的相似性和差异性，以找出可能的卧底，注意，卧底并不会隐藏自己，他会直接描述他的词语，现在，逐一分析每个玩家的描述，注意，这局游戏的词语分类为<体育用品>，卧底词和平民词都属于该类。||之前是第3轮描述和之前轮数描述的合集。你之前认为的卧底是玩家3。
2024-12-12 22:02:54,154 - 2 - INFO - **********PLAYER2**********
3
2024-12-12 22:02:54,154 - 2 - INFO - **********JUDGER**********
你刚刚的分析是3|| `请根据上述分析，比较描述以找出不一致之处，注意，这局游戏的词语分类为<体育用品>，卧底词和平民词都属于该类。
2024-12-12 22:03:03,127 - 2 - INFO - **********PLAYER2**********
在比较各玩家的描述时，以下是不一致之处：

1. 玩家1和玩家2的描述都提到了球体的圆形、网状结构、隔网对抗、表面光滑以及用于团队运动，这些特点与篮球相符。

2. 玩家3的描述与玩家1和玩家2的描述有所不同，虽然也提到了圆滑的物体、团队合作、特定场地和隔网对抗，但特别强调了球体表面的多个孔洞，这与篮球的描述不符，因为篮球表面是光滑的，没有孔洞。

3. 玩家4的描述提到了球状物体、多人竞技、特定结构、隔网对抗、表面光滑和多个孔洞，这与玩家3的描述相似，但玩家4的描述没有提到球体用于团队运动或特定的网状结构。

不一致之处在于玩家3和玩家4的描述中都提到了球体表面的多个孔洞，这与篮球的描述不一致。篮球的表面是光滑的，没有孔洞。因此，玩家3和玩家4的描述可能与篮球不一致。
2024-12-12 22:03:03,127 - 2 - INFO - **********JUDGER**********
你刚刚的分析是在比较各玩家的描述时，以下是不一致之处：

1. 玩家1和玩家2的描述都提到了球体的圆形、网状结构、隔网对抗、表面光滑以及用于团队运动，这些特点与篮球相符。

2. 玩家3的描述与玩家1和玩家2的描述有所不同，虽然也提到了圆滑的物体、团队合作、特定场地和隔网对抗，但特别强调了球体表面的多个孔洞，这与篮球的描述不符，因为篮球表面是光滑的，没有孔洞。

3. 玩家4的描述提到了球状物体、多人竞技、特定结构、隔网对抗、表面光滑和多个孔洞，这与玩家3的描述相似，但玩家4的描述没有提到球体用于团队运动或特定的网状结构。

不一致之处在于玩家3和玩家4的描述中都提到了球体表面的多个孔洞，这与篮球的描述不一致。篮球的表面是光滑的，没有孔洞。因此，玩家3和玩家4的描述可能与篮球不一致。|| 请通过你分析的不一致之处，推断卧底身份，注意，这局游戏的词语分类为<体育用品>，卧底词和平民词都属于该类。
2024-12-12 22:03:04,480 - 2 - INFO - **********PLAYER2**********
3
2024-12-12 22:03:04,480 - 2 - INFO - **********JUDGER**********
你刚刚的推断是3|| 基于你刚刚的推断得出你的最终结论，请输出你认为的卧底，在这种情况下只需要输出编号，是1-4中的某个数字，不要输出其他信息。在这个过程不要进行任何推理，只对||以前的部分进行信息提取
2024-12-12 22:03:05,438 - 2 - INFO - **********PLAYER2**********
3
