2024-12-12 21:59:24,891 - 3 - INFO - **********JUDGER**********
让我们来玩一个叫做<谁是卧底>的推理游戏。基本规则：<人数>：4人。<角色分配>：每位玩家随机抽取一个词语，3名玩家拿到的词语是相同的（平民词），1名玩家拿到与之相近但不同的词语（卧底词）。<游戏流程>：1、玩家轮流描述自己的词语，但<不能>直接说出词语本身。2、描述完毕后，投票选出最像卧底的玩家。3、每轮结束后，被投票选出的玩家出局，不能再进行描述或投票。4、每轮投票结束后，如果卧底被成功找出，平民方获胜；如果卧底未被找出且卧底人数等于或超过平民人数，则卧底方获胜。你将扮演一个<玩家>，请等待你被分配到的关键词。如果你听懂了，只回答，"好的，我准备好参加游戏了"，不要输出别的信息
2024-12-12 21:59:25,373 - 3 - INFO - **********PLAYER3**********
好的，我准备好参加游戏了
2024-12-12 21:59:30,967 - 3 - INFO - **********JUDGER**********
玩家1说：这是一个圆形的球体，主要用于团队运动。它在同类体育用品中最显著的特点是带有网状结构，用于隔网对抗。玩家2说：它是一种大型球体，表面有多个六边形和五边形组成，用于竞技和娱乐。与同类球体相比，它有一个显著的特点，那就是它有一个可以用来传递和投掷的圆形部分。玩家3说：玩家4说：|| 你是第3号玩家，你的关键词是<排球>。你的回答中绝对不能包含你的关键词<排球>。这是第一轮描述，不需要分析||之前别的玩家的描述，请你描述关键词基本特征，注意，这局游戏的词语分类为<体育用品>，卧底词和平民词都属于该类，描述包括以下两点，1.他的基本特征是什么2.他在该类（体育用品）中最突出不同的特征是什么，尽量简短
2024-12-12 21:59:32,232 - 3 - INFO - **********PLAYER3**********
这是一个圆滑的物体，通常用于团队合作，其表面有多个孔洞，便于抓握和传球。与同类体育用品相比，它的设计特别适合在特定的场地进行隔网对抗。
2024-12-12 22:00:07,612 - 3 - INFO - **********JUDGER**********
玩家1说：这是一个圆形的球体，主要用于团队运动。它在同类体育用品中最显著的特点是带有网状结构，用于隔网对抗。玩家2说：它是一种大型球体，表面有多个六边形和五边形组成，用于竞技和娱乐。与同类球体相比，它有一个显著的特点，那就是它有一个可以用来传递和投掷的圆形部分。玩家3说：这是一个圆滑的物体，通常用于团队合作，其表面有多个孔洞，便于抓握和传球。与同类体育用品相比，它的设计特别适合在特定的场地进行隔网对抗。玩家4说：||在这个游戏中，我们需要通过分析每位玩家的描述来找出卧底。通常，平民的描述会围绕相同的词语展开，而卧底的描述可能会因为词语的不同而显得不太一致。我们需要仔细比较每个描述之间的相似性和差异性，以找出可能的卧底，注意，卧底并不会隐藏自己，他会直接描述他的词语，现在，逐一分析每个玩家的描述，注意，这局游戏的词语分类为<体育用品>，卧底词和平民词都属于该类。这是第一轮描述。
2024-12-12 22:00:11,590 - 3 - INFO - **********PLAYER3**********
好的，根据玩家们的描述，我们可以进行以下分析：

玩家1和玩家3的描述非常相似，都提到了圆形球体、团队运动、网状结构和隔网对抗。这表明他们可能是平民，因为他们描述的是相同的词语。

玩家2的描述提到了大型球体、六边形和五边形组成的表面，以及可以用来传递和投掷的圆形部分。这些特征与玩家1和玩家3的描述不太一致，但也没有明显的矛盾，所以玩家2可能是平民，也可能是卧底。

玩家4的描述似乎是在解释游戏规则和提示大家如何分析描述，而不是在描述一个体育用品。这可能意味着玩家4是卧底，因为卧底通常会尝试引导讨论，而不是直接描述他们的词语。

综上所述，玩家4可能是卧底，而玩家1和玩家3可能是平民。玩家2的身份需要进一步分析，因为他的描述既不完全相同，也没有明显的矛盾。
2024-12-12 22:00:11,591 - 3 - INFO - **********JUDGER**********
你刚刚的分析是好的，根据玩家们的描述，我们可以进行以下分析：

玩家1和玩家3的描述非常相似，都提到了圆形球体、团队运动、网状结构和隔网对抗。这表明他们可能是平民，因为他们描述的是相同的词语。

玩家2的描述提到了大型球体、六边形和五边形组成的表面，以及可以用来传递和投掷的圆形部分。这些特征与玩家1和玩家3的描述不太一致，但也没有明显的矛盾，所以玩家2可能是平民，也可能是卧底。

玩家4的描述似乎是在解释游戏规则和提示大家如何分析描述，而不是在描述一个体育用品。这可能意味着玩家4是卧底，因为卧底通常会尝试引导讨论，而不是直接描述他们的词语。

综上所述，玩家4可能是卧底，而玩家1和玩家3可能是平民。玩家2的身份需要进一步分析，因为他的描述既不完全相同，也没有明显的矛盾。|| `请根据上述分析，比较描述以找出不一致之处，注意，这局游戏的词语分类为<体育用品>，卧底词和平民词都属于该类。
2024-12-12 22:00:20,672 - 3 - INFO - **********PLAYER3**********
根据上述分析，我们可以比较描述以找出不一致之处：

1. 玩家1和玩家3的描述：
   - 都提到了圆形球体。
   - 都提到了团队运动。
   - 都提到了网状结构和隔网对抗。

2. 玩家2的描述：
   - 提到了大型球体。
   - 提到了表面由六边形和五边形组成。
   - 提到了可以用来传递和投掷的圆形部分。

3. 玩家4的描述：
   - 并没有描述具体的体育用品，而是提供了游戏规则和提示。

不一致之处：

- 玩家1和玩家3的描述集中在球体的形状、用途和对抗方式，而玩家2的描述提到了球体的表面结构，这是一个显著的不同点。
- 玩家4的描述完全偏离了体育用品的描述，而是提供了游戏策略，这与其他玩家的描述风格不一致。

基于这些不一致之处，玩家2的描述与玩家1和玩家3的描述存在显著差异，且玩家4的描述与游戏主题不相关，因此玩家2和玩家4可能是卧底。玩家1和玩家3的描述高度一致，更可能是平民。
2024-12-12 22:00:20,677 - 3 - INFO - **********JUDGER**********
你刚刚的分析是根据上述分析，我们可以比较描述以找出不一致之处：

1. 玩家1和玩家3的描述：
   - 都提到了圆形球体。
   - 都提到了团队运动。
   - 都提到了网状结构和隔网对抗。

2. 玩家2的描述：
   - 提到了大型球体。
   - 提到了表面由六边形和五边形组成。
   - 提到了可以用来传递和投掷的圆形部分。

3. 玩家4的描述：
   - 并没有描述具体的体育用品，而是提供了游戏规则和提示。

不一致之处：

- 玩家1和玩家3的描述集中在球体的形状、用途和对抗方式，而玩家2的描述提到了球体的表面结构，这是一个显著的不同点。
- 玩家4的描述完全偏离了体育用品的描述，而是提供了游戏策略，这与其他玩家的描述风格不一致。

基于这些不一致之处，玩家2的描述与玩家1和玩家3的描述存在显著差异，且玩家4的描述与游戏主题不相关，因此玩家2和玩家4可能是卧底。玩家1和玩家3的描述高度一致，更可能是平民。|| 请通过你分析的不一致之处，推断卧底身份，注意，这局游戏的词语分类为<体育用品>，卧底词和平民词都属于该类。
2024-12-12 22:00:30,521 - 3 - INFO - **********PLAYER3**********
根据分析中提到的不一致之处，我们可以进行以下推断：

1. 玩家1和玩家3的描述非常相似，都指向了一个圆形球体，用于团队运动，并且具有网状结构进行隔网对抗。这种描述符合篮球或足球等球类运动的特征。

2. 玩家2的描述提到了一个大型球体，表面由六边形和五边形组成，这听起来像是描述篮球的表面，但同时也提到了一个可以用来传递和投掷的圆形部分，这通常不是篮球的特征。这种描述可能指向排球，因为排球是球类运动中唯一一个通常由六边形和五边形组成（通过球缝）的球体，并且确实用于传递和投掷。

3. 玩家4的描述没有提供关于体育用品的具体信息，而是提供了游戏规则和提示，这表明玩家4可能是在扮演一个引导讨论的角色，而不是直接描述一个体育用品。

综上所述，玩家2的描述在表面上看起来与篮球或足球相似，但在细节上又指向了排球，这是球类运动中唯一的这种特征。因此，结合游戏规则和词语分类为体育用品，玩家2的描述最有可能是不一致的，从而推断玩家2是卧底。玩家1和玩家3的描述一致，且符合球类运动的一般特征，因此他们更可能是平民。玩家4的描述虽然偏离了体育用品的描述，但作为游戏规则的解释者，他的角色可能与卧底角色不同，因此他可能是平民或者是一个特殊的角色，如“法官”。
2024-12-12 22:00:30,522 - 3 - INFO - **********JUDGER**********
你刚刚的推断是根据分析中提到的不一致之处，我们可以进行以下推断：

1. 玩家1和玩家3的描述非常相似，都指向了一个圆形球体，用于团队运动，并且具有网状结构进行隔网对抗。这种描述符合篮球或足球等球类运动的特征。

2. 玩家2的描述提到了一个大型球体，表面由六边形和五边形组成，这听起来像是描述篮球的表面，但同时也提到了一个可以用来传递和投掷的圆形部分，这通常不是篮球的特征。这种描述可能指向排球，因为排球是球类运动中唯一一个通常由六边形和五边形组成（通过球缝）的球体，并且确实用于传递和投掷。

3. 玩家4的描述没有提供关于体育用品的具体信息，而是提供了游戏规则和提示，这表明玩家4可能是在扮演一个引导讨论的角色，而不是直接描述一个体育用品。

综上所述，玩家2的描述在表面上看起来与篮球或足球相似，但在细节上又指向了排球，这是球类运动中唯一的这种特征。因此，结合游戏规则和词语分类为体育用品，玩家2的描述最有可能是不一致的，从而推断玩家2是卧底。玩家1和玩家3的描述一致，且符合球类运动的一般特征，因此他们更可能是平民。玩家4的描述虽然偏离了体育用品的描述，但作为游戏规则的解释者，他的角色可能与卧底角色不同，因此他可能是平民或者是一个特殊的角色，如“法官”。|| 基于你刚刚的推断得出你的最终结论，请输出你认为的卧底，在这种情况下只需要输出编号，是1-4中的某个数字，不要输出其他信息。在这个过程不要进行任何推理，只对||以前的部分进行信息提取
2024-12-12 22:00:30,964 - 3 - INFO - **********PLAYER3**********
2
2024-12-12 22:00:55,113 - 3 - INFO - **********JUDGER**********
玩家1说：这是一个圆形的球体，主要用于团队运动。它在同类体育用品中最显著的特点是带有网状结构，用于隔网对抗。这是一个圆滑的球体，适合在空中被击打和传球。它的设计特别，因为有一个网状结构，使得它可以在特定的场地上进行隔网对抗。玩家2说：它是一种大型球体，表面有多个六边形和五边形组成，用于竞技和娱乐。与同类球体相比，它有一个显著的特点，那就是它有一个可以用来传递和投掷的圆形部分。这种球体体积适中，适合在空中进行多种技巧性动作，如传球和投篮。它的表面光滑，便于运动员的手感，且在同类球体中，它以其独特的圆形部分而闻名，这一部分不仅用于传递，也是球体运动的中心。玩家3说：这是一个圆滑的物体，通常用于团队合作，其表面有多个孔洞，便于抓握和传球。与同类体育用品相比，它的设计特别适合在特定的场地进行隔网对抗。玩家4说：这是一个球状物体，用于多人竞技。它在同类中特别之处在于，它设计有特定的结构，可以用来进行隔网对抗。你是第3号玩家，你的关键词是<排球>。你的回答中绝对不能包含你的关键词<排球>。这是第二轮描述，你之前的描述是这是一个圆滑的物体，通常用于团队合作，其表面有多个孔洞，便于抓握和传球。与同类体育用品相比，它的设计特别适合在特定的场地进行隔网对抗。，注意，这局游戏的词语分类为<体育用品>，卧底词和平民词都属于该类，请你补充关于关键词的描述，注意，你的描述应该比起之前的描述更加贴近关键词，作为之前的补充
2024-12-12 22:00:57,982 - 3 - INFO - **********PLAYER3**********
这是一个球体，主要用于团队间的竞技。它的表面设计独特，拥有多个孔洞，这些孔洞不仅便于运动员的抓握和传球，还增加了球体的空气阻力，使得球在空中飞行时更加稳定。这种球体的体积适中，便于运动员进行多种技巧性动作，如传球和扣球。它的设计使得球体在特定的场地上进行隔网对抗成为可能。
2024-12-12 22:01:28,118 - 3 - INFO - **********JUDGER**********
玩家1说：这是一个圆形的球体，主要用于团队运动。它在同类体育用品中最显著的特点是带有网状结构，用于隔网对抗。这是一个圆滑的球体，适合在空中被击打和传球。它的设计特别，因为有一个网状结构，使得它可以在特定的场地上进行隔网对抗。玩家2说：它是一种大型球体，表面有多个六边形和五边形组成，用于竞技和娱乐。与同类球体相比，它有一个显著的特点，那就是它有一个可以用来传递和投掷的圆形部分。这种球体体积适中，适合在空中进行多种技巧性动作，如传球和投篮。它的表面光滑，便于运动员的手感，且在同类球体中，它以其独特的圆形部分而闻名，这一部分不仅用于传递，也是球体运动的中心。玩家3说：这是一个圆滑的物体，通常用于团队合作，其表面有多个孔洞，便于抓握和传球。与同类体育用品相比，它的设计特别适合在特定的场地进行隔网对抗。这是一个球体，主要用于团队间的竞技。它的表面设计独特，拥有多个孔洞，这些孔洞不仅便于运动员的抓握和传球，还增加了球体的空气阻力，使得球在空中飞行时更加稳定。这种球体的体积适中，便于运动员进行多种技巧性动作，如传球和扣球。它的设计使得球体在特定的场地上进行隔网对抗成为可能。玩家4说：这是一个球状物体，用于多人竞技。它在同类中特别之处在于，它设计有特定的结构，可以用来进行隔网对抗。||在这个游戏中，我们需要通过分析每位玩家的描述来找出卧底。通常，平民的描述会围绕相同的词语展开，而卧底的描述可能会因为词语的不同而显得不太一致。我们需要仔细比较每个描述之间的相似性和差异性，以找出可能的卧底，注意，卧底并不会隐藏自己，他会直接描述他的词语，现在，逐一分析每个玩家的描述，注意，这局游戏的词语分类为<体育用品>，卧底词和平民词都属于该类。||之前是第2轮描述和之前轮数描述的合集。你之前认为的卧底是玩家2。
2024-12-12 22:01:34,731 - 3 - INFO - **********PLAYER3**********
玩家1和玩家3的描述非常相似，都强调了球体的圆形、用于团队运动、网状结构和隔网对抗的特点。玩家4的描述也提到了球体的圆形和用于多人竞技，以及特定的结构进行隔网对抗。这些描述都指向了排球或篮球等球类运动。

玩家2的描述提到了球体的大型、表面由六边形和五边形组成、用于竞技和娱乐，以及一个可以用来传递和投掷的圆形部分。这些描述与排球和篮球的描述都有相似之处，但更偏向于足球，因为足球的表面由六边形和五边形组成，且主要用于竞技和娱乐。

基于以上分析，玩家2的描述与其他玩家相比，更可能指向足球，这与之前的推断一致。因此，我仍然认为玩家2是卧底。
2024-12-12 22:01:34,732 - 3 - INFO - **********JUDGER**********
你刚刚的分析是玩家1和玩家3的描述非常相似，都强调了球体的圆形、用于团队运动、网状结构和隔网对抗的特点。玩家4的描述也提到了球体的圆形和用于多人竞技，以及特定的结构进行隔网对抗。这些描述都指向了排球或篮球等球类运动。

玩家2的描述提到了球体的大型、表面由六边形和五边形组成、用于竞技和娱乐，以及一个可以用来传递和投掷的圆形部分。这些描述与排球和篮球的描述都有相似之处，但更偏向于足球，因为足球的表面由六边形和五边形组成，且主要用于竞技和娱乐。

基于以上分析，玩家2的描述与其他玩家相比，更可能指向足球，这与之前的推断一致。因此，我仍然认为玩家2是卧底。|| `请根据上述分析，比较描述以找出不一致之处，注意，这局游戏的词语分类为<体育用品>，卧底词和平民词都属于该类。
2024-12-12 22:01:47,963 - 3 - INFO - **********PLAYER3**********
根据上述分析，我们可以比较描述以找出不一致之处：

1. 玩家1和玩家3的描述都提到了以下特点：
   - 圆形球体
   - 用于团队运动
   - 网状结构
   - 隔网对抗
   - 适合在空中被击打和传球
   - 设计特别，适合在特定场地进行隔网对抗

2. 玩家4的描述提到了以下特点：
   - 球状物体
   - 用于多人竞技
   - 特定的结构，用于隔网对抗
   - 这些特点与玩家1和玩家3的描述相似，但没有具体提到球体的形状或表面结构

3. 玩家2的描述提到了以下特点：
   - 大型球体
   - 表面由六边形和五边形组成
   - 用于竞技和娱乐
   - 有一个可以用来传递和投掷的圆形部分
   - 体积适中，适合在空中进行技巧性动作
   - 表面光滑，便于手感
   - 球体的圆形部分是运动的中心

不一致之处：

- 玩家2的描述中提到了球体的大型和表面结构（六边形和五边形），这与玩家1和玩家3的描述中的圆形球体和网状结构不一致。
- 玩家2的描述中强调了球体的传递和投掷特性，以及表面光滑和手感，这些细节在玩家1和玩家3的描述中没有出现。
- 玩家2的描述中提到了球体的体积适中，适合空中技巧，而玩家1和玩家3的描述中则没有提及体积或技巧性动作。

基于这些不一致之处，玩家2的描述在球体的形状、表面结构和特定细节上与玩家1和玩家3的描述存在差异，这表明玩家2的描述可能指向了不同的体育用品，因此玩家2可能是卧底。
2024-12-12 22:01:47,965 - 3 - INFO - **********JUDGER**********
你刚刚的分析是根据上述分析，我们可以比较描述以找出不一致之处：

1. 玩家1和玩家3的描述都提到了以下特点：
   - 圆形球体
   - 用于团队运动
   - 网状结构
   - 隔网对抗
   - 适合在空中被击打和传球
   - 设计特别，适合在特定场地进行隔网对抗

2. 玩家4的描述提到了以下特点：
   - 球状物体
   - 用于多人竞技
   - 特定的结构，用于隔网对抗
   - 这些特点与玩家1和玩家3的描述相似，但没有具体提到球体的形状或表面结构

3. 玩家2的描述提到了以下特点：
   - 大型球体
   - 表面由六边形和五边形组成
   - 用于竞技和娱乐
   - 有一个可以用来传递和投掷的圆形部分
   - 体积适中，适合在空中进行技巧性动作
   - 表面光滑，便于手感
   - 球体的圆形部分是运动的中心

不一致之处：

- 玩家2的描述中提到了球体的大型和表面结构（六边形和五边形），这与玩家1和玩家3的描述中的圆形球体和网状结构不一致。
- 玩家2的描述中强调了球体的传递和投掷特性，以及表面光滑和手感，这些细节在玩家1和玩家3的描述中没有出现。
- 玩家2的描述中提到了球体的体积适中，适合空中技巧，而玩家1和玩家3的描述中则没有提及体积或技巧性动作。

基于这些不一致之处，玩家2的描述在球体的形状、表面结构和特定细节上与玩家1和玩家3的描述存在差异，这表明玩家2的描述可能指向了不同的体育用品，因此玩家2可能是卧底。|| 请通过你分析的不一致之处，推断卧底身份，注意，这局游戏的词语分类为<体育用品>，卧底词和平民词都属于该类。
2024-12-12 22:01:55,569 - 3 - INFO - **********PLAYER3**********
基于分析的不一致之处，我们可以推断卧底身份：

- 玩家1和玩家3的描述都指向了排球或篮球，因为这些描述提到了圆形球体、团队运动、网状结构、隔网对抗和适合在空中被击打和传球等特点。
- 玩家4的描述也支持排球或篮球，因为提到了球状物体、用于多人竞技和特定的结构用于隔网对抗。
- 玩家2的描述提到了大型球体、表面由六边形和五边形组成、用于竞技和娱乐、有一个可以用来传递和投掷的圆形部分、体积适中、适合在空中进行技巧性动作、表面光滑、便于手感，以及球体的圆形部分是运动的中心。这些描述与足球的特征更为吻合，因为足球的表面确实由六边形和五边形组成，而且它也是用于竞技和娱乐的大型球体。

因此，结合游戏规则和词语分类为体育用品，玩家2的描述与其他玩家的描述存在显著差异，指向了不同的体育用品（足球），所以玩家2很可能是卧底。
2024-12-12 22:01:55,570 - 3 - INFO - **********JUDGER**********
你刚刚的推断是基于分析的不一致之处，我们可以推断卧底身份：

- 玩家1和玩家3的描述都指向了排球或篮球，因为这些描述提到了圆形球体、团队运动、网状结构、隔网对抗和适合在空中被击打和传球等特点。
- 玩家4的描述也支持排球或篮球，因为提到了球状物体、用于多人竞技和特定的结构用于隔网对抗。
- 玩家2的描述提到了大型球体、表面由六边形和五边形组成、用于竞技和娱乐、有一个可以用来传递和投掷的圆形部分、体积适中、适合在空中进行技巧性动作、表面光滑、便于手感，以及球体的圆形部分是运动的中心。这些描述与足球的特征更为吻合，因为足球的表面确实由六边形和五边形组成，而且它也是用于竞技和娱乐的大型球体。

因此，结合游戏规则和词语分类为体育用品，玩家2的描述与其他玩家的描述存在显著差异，指向了不同的体育用品（足球），所以玩家2很可能是卧底。|| 基于你刚刚的推断得出你的最终结论，请输出你认为的卧底，在这种情况下只需要输出编号，是1-4中的某个数字，不要输出其他信息。在这个过程不要进行任何推理，只对||以前的部分进行信息提取
2024-12-12 22:01:56,304 - 3 - INFO - **********PLAYER3**********
2
2024-12-12 22:02:30,442 - 3 - INFO - **********JUDGER**********
玩家1说：这是一个圆形的球体，主要用于团队运动。它在同类体育用品中最显著的特点是带有网状结构，用于隔网对抗。这是一个圆滑的球体，适合在空中被击打和传球。它的设计特别，因为有一个网状结构，使得它可以在特定的场地上进行隔网对抗。这是一个球体，其设计允许在空中进行精确的击打和传球。它的表面光滑，便于抓握，且在特定场地上，通过网状结构进行隔网对抗。玩家2说：它是一种大型球体，表面有多个六边形和五边形组成，用于竞技和娱乐。与同类球体相比，它有一个显著的特点，那就是它有一个可以用来传递和投掷的圆形部分。这种球体体积适中，适合在空中进行多种技巧性动作，如传球和投篮。它的表面光滑，便于运动员的手感，且在同类球体中，它以其独特的圆形部分而闻名，这一部分不仅用于传递，也是球体运动的中心。这种球体是专为在空中进行精准动作而设计的，它的表面光滑且易于控制，适合快速传球和投篮。它的体积适中，便于运动员在各种技巧性动作中使用，如跳投、扣篮等。此外，它的圆形部分是球体设计的核心，不仅是传递的关键，也是球体运动的重心。玩家3说：这是一个圆滑的物体，通常用于团队合作，其表面有多个孔洞，便于抓握和传球。与同类体育用品相比，它的设计特别适合在特定的场地进行隔网对抗。这是一个球体，主要用于团队间的竞技。它的表面设计独特，拥有多个孔洞，这些孔洞不仅便于运动员的抓握和传球，还增加了球体的空气阻力，使得球在空中飞行时更加稳定。这种球体的体积适中，便于运动员进行多种技巧性动作，如传球和扣球。它的设计使得球体在特定的场地上进行隔网对抗成为可能。玩家4说：这是一个球状物体，用于多人竞技。它在同类中特别之处在于，它设计有特定的结构，可以用来进行隔网对抗。这是一个球体，表面光滑，主要用于团队间的竞技。它有多个孔洞，便于抓握和传球。这个球体在特定的场地上进行隔网对抗时表现出独特的设计，使得它能够适应这种特殊的比赛方式。你是第3号玩家，你的关键词是<排球>。你的回答中绝对不能包含你的关键词<排球>。这是第三轮描述，你之前的描述是这是一个圆滑的物体，通常用于团队合作，其表面有多个孔洞，便于抓握和传球。与同类体育用品相比，它的设计特别适合在特定的场地进行隔网对抗。和这是一个球体，主要用于团队间的竞技。它的表面设计独特，拥有多个孔洞，这些孔洞不仅便于运动员的抓握和传球，还增加了球体的空气阻力，使得球在空中飞行时更加稳定。这种球体的体积适中，便于运动员进行多种技巧性动作，如传球和扣球。它的设计使得球体在特定的场地上进行隔网对抗成为可能。，注意，这局游戏的词语分类为<体育用品>，卧底词和平民词都属于该类，请你补充关于关键词的描述，注意，你的描述应该比起之前的描述更加贴近关键词，作为之前的补充
2024-12-12 22:02:33,560 - 3 - INFO - **********PLAYER3**********
这是一个球体，设计用于团队竞技，其表面光滑且具有多个孔洞，便于运动员抓握和传球。这种球体在空中飞行时表现出良好的稳定性，适合进行多种技巧性动作，如传球和扣球。它的设计特别适合在特定的场地上进行隔网对抗，通过网状结构将场地划分为两个对立的阵营。球体的体积适中，便于运动员在竞技中使用，无论是快速传球还是精准投篮。
2024-12-12 22:03:05,438 - 3 - INFO - **********JUDGER**********
玩家1说：这是一个圆形的球体，主要用于团队运动。它在同类体育用品中最显著的特点是带有网状结构，用于隔网对抗。这是一个圆滑的球体，适合在空中被击打和传球。它的设计特别，因为有一个网状结构，使得它可以在特定的场地上进行隔网对抗。这是一个球体，其设计允许在空中进行精确的击打和传球。它的表面光滑，便于抓握，且在特定场地上，通过网状结构进行隔网对抗。玩家2说：它是一种大型球体，表面有多个六边形和五边形组成，用于竞技和娱乐。与同类球体相比，它有一个显著的特点，那就是它有一个可以用来传递和投掷的圆形部分。这种球体体积适中，适合在空中进行多种技巧性动作，如传球和投篮。它的表面光滑，便于运动员的手感，且在同类球体中，它以其独特的圆形部分而闻名，这一部分不仅用于传递，也是球体运动的中心。这种球体是专为在空中进行精准动作而设计的，它的表面光滑且易于控制，适合快速传球和投篮。它的体积适中，便于运动员在各种技巧性动作中使用，如跳投、扣篮等。此外，它的圆形部分是球体设计的核心，不仅是传递的关键，也是球体运动的重心。玩家3说：这是一个圆滑的物体，通常用于团队合作，其表面有多个孔洞，便于抓握和传球。与同类体育用品相比，它的设计特别适合在特定的场地进行隔网对抗。这是一个球体，主要用于团队间的竞技。它的表面设计独特，拥有多个孔洞，这些孔洞不仅便于运动员的抓握和传球，还增加了球体的空气阻力，使得球在空中飞行时更加稳定。这种球体的体积适中，便于运动员进行多种技巧性动作，如传球和扣球。它的设计使得球体在特定的场地上进行隔网对抗成为可能。这是一个球体，设计用于团队竞技，其表面光滑且具有多个孔洞，便于运动员抓握和传球。这种球体在空中飞行时表现出良好的稳定性，适合进行多种技巧性动作，如传球和扣球。它的设计特别适合在特定的场地上进行隔网对抗，通过网状结构将场地划分为两个对立的阵营。球体的体积适中，便于运动员在竞技中使用，无论是快速传球还是精准投篮。玩家4说：这是一个球状物体，用于多人竞技。它在同类中特别之处在于，它设计有特定的结构，可以用来进行隔网对抗。这是一个球体，表面光滑，主要用于团队间的竞技。它有多个孔洞，便于抓握和传球。这个球体在特定的场地上进行隔网对抗时表现出独特的设计，使得它能够适应这种特殊的比赛方式。这是一个球体，表面平滑，适用于团队竞技。它的设计特点是拥有网状结构，便于隔网对抗，且球体大小适中，便于运动员进行传球和扣球。在特定的场地上，这个球体能够通过网状结构将场地划分为两个对立的阵营，适合进行激烈的团队对抗。||在这个游戏中，我们需要通过分析每位玩家的描述来找出卧底。通常，平民的描述会围绕相同的词语展开，而卧底的描述可能会因为词语的不同而显得不太一致。我们需要仔细比较每个描述之间的相似性和差异性，以找出可能的卧底，注意，卧底并不会隐藏自己，他会直接描述他的词语，现在，逐一分析每个玩家的描述，注意，这局游戏的词语分类为<体育用品>，卧底词和平民词都属于该类。||之前是第3轮描述和之前轮数描述的合集。你之前认为的卧底是玩家2。
2024-12-12 22:03:12,826 - 3 - INFO - **********PLAYER3**********
玩家1的描述强调了球体的圆形、团队运动、网状结构、隔网对抗和适合空中击打和传球的特点。

玩家2的描述提到了球体的六边形和五边形表面、竞技和娱乐用途、传递和投掷的圆形部分、适合空中技巧性动作、光滑表面和独特的圆形部分作为运动中心。

玩家3的描述与玩家1和玩家4的描述相似，强调了球体的圆滑表面、团队合作、孔洞便于抓握和传球、特定场地的隔网对抗、体积适中、适合技巧性动作和网状结构。

玩家4的描述提到了球体的球状形状、多人竞技、特定结构用于隔网对抗、光滑表面、孔洞便于抓握和传球、适应特定场地、平滑表面和网状结构。

综合以上描述，玩家2的描述在表面结构和球体用途上与其他玩家的描述存在显著差异，尤其是提到了六边形和五边形的表面，这是其他玩家没有提到的。因此，根据描述的相似性和差异性，玩家2的描述最有可能指向了与排球或篮球不同的体育用品，因此玩家2可能是卧底。这与之前的推断一致。
2024-12-12 22:03:12,826 - 3 - INFO - **********JUDGER**********
你刚刚的分析是玩家1的描述强调了球体的圆形、团队运动、网状结构、隔网对抗和适合空中击打和传球的特点。

玩家2的描述提到了球体的六边形和五边形表面、竞技和娱乐用途、传递和投掷的圆形部分、适合空中技巧性动作、光滑表面和独特的圆形部分作为运动中心。

玩家3的描述与玩家1和玩家4的描述相似，强调了球体的圆滑表面、团队合作、孔洞便于抓握和传球、特定场地的隔网对抗、体积适中、适合技巧性动作和网状结构。

玩家4的描述提到了球体的球状形状、多人竞技、特定结构用于隔网对抗、光滑表面、孔洞便于抓握和传球、适应特定场地、平滑表面和网状结构。

综合以上描述，玩家2的描述在表面结构和球体用途上与其他玩家的描述存在显著差异，尤其是提到了六边形和五边形的表面，这是其他玩家没有提到的。因此，根据描述的相似性和差异性，玩家2的描述最有可能指向了与排球或篮球不同的体育用品，因此玩家2可能是卧底。这与之前的推断一致。|| `请根据上述分析，比较描述以找出不一致之处，注意，这局游戏的词语分类为<体育用品>，卧底词和平民词都属于该类。
2024-12-12 22:03:22,123 - 3 - INFO - **********PLAYER3**********
根据上述分析，不一致之处如下：

1. 玩家1和玩家3的描述都提到了球体的圆形、团队合作、孔洞便于抓握和传球、特定场地的隔网对抗、体积适中、适合技巧性动作和网状结构。这些描述指向了排球或篮球。

2. 玩家4的描述也提到了球体的球状形状、多人竞技、特定结构用于隔网对抗、光滑表面、孔洞便于抓握和传球、适应特定场地、平滑表面和网状结构。这些描述与玩家1和玩家3的描述相似，指向了排球或篮球。

3. 玩家2的描述提到了球体的六边形和五边形表面、竞技和娱乐用途、传递和投掷的圆形部分、适合空中技巧性动作、光滑表面和独特的圆形部分作为运动中心。这些描述与其他玩家的描述存在差异，尤其是球体的表面结构，六边形和五边形的描述与排球或篮球不符。

不一致之处在于球体的表面结构描述，玩家2描述的六边形和五边形表面是其他玩家没有提到的，这可能是区分卧底和平民的关键点。因此，玩家2的描述在球体表面结构上与其他玩家存在不一致之处。
2024-12-12 22:03:22,124 - 3 - INFO - **********JUDGER**********
你刚刚的分析是根据上述分析，不一致之处如下：

1. 玩家1和玩家3的描述都提到了球体的圆形、团队合作、孔洞便于抓握和传球、特定场地的隔网对抗、体积适中、适合技巧性动作和网状结构。这些描述指向了排球或篮球。

2. 玩家4的描述也提到了球体的球状形状、多人竞技、特定结构用于隔网对抗、光滑表面、孔洞便于抓握和传球、适应特定场地、平滑表面和网状结构。这些描述与玩家1和玩家3的描述相似，指向了排球或篮球。

3. 玩家2的描述提到了球体的六边形和五边形表面、竞技和娱乐用途、传递和投掷的圆形部分、适合空中技巧性动作、光滑表面和独特的圆形部分作为运动中心。这些描述与其他玩家的描述存在差异，尤其是球体的表面结构，六边形和五边形的描述与排球或篮球不符。

不一致之处在于球体的表面结构描述，玩家2描述的六边形和五边形表面是其他玩家没有提到的，这可能是区分卧底和平民的关键点。因此，玩家2的描述在球体表面结构上与其他玩家存在不一致之处。|| 请通过你分析的不一致之处，推断卧底身份，注意，这局游戏的词语分类为<体育用品>，卧底词和平民词都属于该类。
2024-12-12 22:03:26,863 - 3 - INFO - **********PLAYER3**********
基于分析的不一致之处，球体的表面结构描述是关键点。玩家2描述的球体表面由六边形和五边形组成，这与排球或篮球的表面结构不符，因为排球和篮球的表面是平滑的，没有多边形孔洞。

因此，结合游戏规则和词语分类为体育用品，玩家2的描述与其他玩家的描述存在显著差异，指向了不同的体育用品，所以玩家2很可能是卧底。
2024-12-12 22:03:26,864 - 3 - INFO - **********JUDGER**********
你刚刚的推断是基于分析的不一致之处，球体的表面结构描述是关键点。玩家2描述的球体表面由六边形和五边形组成，这与排球或篮球的表面结构不符，因为排球和篮球的表面是平滑的，没有多边形孔洞。

因此，结合游戏规则和词语分类为体育用品，玩家2的描述与其他玩家的描述存在显著差异，指向了不同的体育用品，所以玩家2很可能是卧底。|| 基于你刚刚的推断得出你的最终结论，请输出你认为的卧底，在这种情况下只需要输出编号，是1-4中的某个数字，不要输出其他信息。在这个过程不要进行任何推理，只对||以前的部分进行信息提取
2024-12-12 22:03:28,039 - 3 - INFO - **********PLAYER3**********
2
