2024-12-12 21:59:25,898 - 4 - INFO - **********JUDGER**********
让我们来玩一个叫做<谁是卧底>的推理游戏。基本规则：<人数>：4人。<角色分配>：每位玩家随机抽取一个词语，3名玩家拿到的词语是相同的（平民词），1名玩家拿到与之相近但不同的词语（卧底词）。<游戏流程>：1、玩家轮流描述自己的词语，但<不能>直接说出词语本身。2、描述完毕后，投票选出最像卧底的玩家。3、每轮结束后，被投票选出的玩家出局，不能再进行描述或投票。4、每轮投票结束后，如果卧底被成功找出，平民方获胜；如果卧底未被找出且卧底人数等于或超过平民人数，则卧底方获胜。你将扮演一个<玩家>，请等待你被分配到的关键词。如果你听懂了，只回答，"好的，我准备好参加游戏了"，不要输出别的信息
2024-12-12 21:59:26,361 - 4 - INFO - **********PLAYER4**********
好的，我准备好参加游戏了
2024-12-12 21:59:32,234 - 4 - INFO - **********JUDGER**********
玩家1说：这是一个圆形的球体，主要用于团队运动。它在同类体育用品中最显著的特点是带有网状结构，用于隔网对抗。玩家2说：它是一种大型球体，表面有多个六边形和五边形组成，用于竞技和娱乐。与同类球体相比，它有一个显著的特点，那就是它有一个可以用来传递和投掷的圆形部分。玩家3说：这是一个圆滑的物体，通常用于团队合作，其表面有多个孔洞，便于抓握和传球。与同类体育用品相比，它的设计特别适合在特定的场地进行隔网对抗。玩家4说：|| 你是第4号玩家，你的关键词是<排球>。你的回答中绝对不能包含你的关键词<排球>。这是第一轮描述，不需要分析||之前别的玩家的描述，请你描述关键词基本特征，注意，这局游戏的词语分类为<体育用品>，卧底词和平民词都属于该类，描述包括以下两点，1.他的基本特征是什么2.他在该类（体育用品）中最突出不同的特征是什么，尽量简短
2024-12-12 21:59:33,224 - 4 - INFO - **********PLAYER4**********
这是一个球状物体，用于多人竞技。它在同类中特别之处在于，它设计有特定的结构，可以用来进行隔网对抗。
2024-12-12 22:00:30,965 - 4 - INFO - **********JUDGER**********
玩家1说：这是一个圆形的球体，主要用于团队运动。它在同类体育用品中最显著的特点是带有网状结构，用于隔网对抗。玩家2说：它是一种大型球体，表面有多个六边形和五边形组成，用于竞技和娱乐。与同类球体相比，它有一个显著的特点，那就是它有一个可以用来传递和投掷的圆形部分。玩家3说：这是一个圆滑的物体，通常用于团队合作，其表面有多个孔洞，便于抓握和传球。与同类体育用品相比，它的设计特别适合在特定的场地进行隔网对抗。玩家4说：||在这个游戏中，我们需要通过分析每位玩家的描述来找出卧底。通常，平民的描述会围绕相同的词语展开，而卧底的描述可能会因为词语的不同而显得不太一致。我们需要仔细比较每个描述之间的相似性和差异性，以找出可能的卧底，注意，卧底并不会隐藏自己，他会直接描述他的词语，现在，逐一分析每个玩家的描述，注意，这局游戏的词语分类为<体育用品>，卧底词和平民词都属于该类。这是第一轮描述。
2024-12-12 22:00:35,048 - 4 - INFO - **********PLAYER4**********
玩家1的描述提到了圆形球体、团队运动和网状结构，这听起来像是排球或篮球。

玩家2的描述中提到了大型球体、六边形和五边形，以及可以传递和投掷的圆形部分，这很像是足球。

玩家3的描述提到了圆滑物体、团队合作、孔洞，以及适合隔网对抗，这听起来像是篮球或足球。

玩家4的描述中提到了分析描述、找出卧底、平民描述的相似性和卧底描述的不一致性，以及卧底不会隐藏自己，这实际上是在引导大家如何分析，而不是描述一个体育用品。

根据这些描述，玩家4的描述与其他三人的描述内容不符，似乎在提供游戏策略而不是描述一个体育用品，因此玩家4可能是卧底。其他玩家的描述虽然各有侧重，但都在描述球类体育用品，且存在相似性，这增加了他们平民的可能性。
2024-12-12 22:00:35,048 - 4 - INFO - **********JUDGER**********
你刚刚的分析是玩家1的描述提到了圆形球体、团队运动和网状结构，这听起来像是排球或篮球。

玩家2的描述中提到了大型球体、六边形和五边形，以及可以传递和投掷的圆形部分，这很像是足球。

玩家3的描述提到了圆滑物体、团队合作、孔洞，以及适合隔网对抗，这听起来像是篮球或足球。

玩家4的描述中提到了分析描述、找出卧底、平民描述的相似性和卧底描述的不一致性，以及卧底不会隐藏自己，这实际上是在引导大家如何分析，而不是描述一个体育用品。

根据这些描述，玩家4的描述与其他三人的描述内容不符，似乎在提供游戏策略而不是描述一个体育用品，因此玩家4可能是卧底。其他玩家的描述虽然各有侧重，但都在描述球类体育用品，且存在相似性，这增加了他们平民的可能性。|| `请根据上述分析，比较描述以找出不一致之处，注意，这局游戏的词语分类为<体育用品>，卧底词和平民词都属于该类。
2024-12-12 22:00:46,280 - 4 - INFO - **********PLAYER4**********
根据上述分析，我们可以比较描述以找出不一致之处：

1. 玩家1的描述提到了“圆形球体”、“团队运动”和“网状结构”，这与排球的特征相符，因为排球是一个圆形的球体，用于团队运动，并且有网状结构用于隔网对抗。

2. 玩家2的描述提到了“大型球体”、“六边形和五边形”以及“可以传递和投掷的圆形部分”，这些特征更像是足球，因为足球的表面是由多个六边形和五边形组成的，而且球员会传递和投掷球。

3. 玩家3的描述提到了“圆滑的物体”、“团队合作”、“孔洞”以及“适合隔网对抗”，这些特征虽然也与球类运动相关，但没有明确指出是排球或足球，但“孔洞”这一特征在排球中并不存在，这与其他两个描述有所不同。

4. 玩家4的描述并没有具体描述任何体育用品的特征，而是提供了游戏策略和规则的分析，这与其他三人的描述内容不符。

不一致之处在于：
- 玩家2和玩家3的描述中都提到了球体和运动，但没有明确指出是排球，而玩家1的描述直接指向了排球。
- 玩家4的描述完全脱离了体育用品的描述，而是关于游戏分析的，这与游戏规则中关于描述体育用品的要求不符。

因此，玩家4的描述与其他三人的描述不一致，可能是卧底。而玩家2和玩家3的描述虽然提到了球体和运动，但没有像玩家1那样明确指向排球，所以玩家1的描述与其他两人的描述在指向性上存在差异，但考虑到玩家4的描述明显偏离了游戏主题，玩家4可能是卧底。
2024-12-12 22:00:46,282 - 4 - INFO - **********JUDGER**********
你刚刚的分析是根据上述分析，我们可以比较描述以找出不一致之处：

1. 玩家1的描述提到了“圆形球体”、“团队运动”和“网状结构”，这与排球的特征相符，因为排球是一个圆形的球体，用于团队运动，并且有网状结构用于隔网对抗。

2. 玩家2的描述提到了“大型球体”、“六边形和五边形”以及“可以传递和投掷的圆形部分”，这些特征更像是足球，因为足球的表面是由多个六边形和五边形组成的，而且球员会传递和投掷球。

3. 玩家3的描述提到了“圆滑的物体”、“团队合作”、“孔洞”以及“适合隔网对抗”，这些特征虽然也与球类运动相关，但没有明确指出是排球或足球，但“孔洞”这一特征在排球中并不存在，这与其他两个描述有所不同。

4. 玩家4的描述并没有具体描述任何体育用品的特征，而是提供了游戏策略和规则的分析，这与其他三人的描述内容不符。

不一致之处在于：
- 玩家2和玩家3的描述中都提到了球体和运动，但没有明确指出是排球，而玩家1的描述直接指向了排球。
- 玩家4的描述完全脱离了体育用品的描述，而是关于游戏分析的，这与游戏规则中关于描述体育用品的要求不符。

因此，玩家4的描述与其他三人的描述不一致，可能是卧底。而玩家2和玩家3的描述虽然提到了球体和运动，但没有像玩家1那样明确指向排球，所以玩家1的描述与其他两人的描述在指向性上存在差异，但考虑到玩家4的描述明显偏离了游戏主题，玩家4可能是卧底。|| 请通过你分析的不一致之处，推断卧底身份，注意，这局游戏的词语分类为<体育用品>，卧底词和平民词都属于该类。
2024-12-12 22:00:51,800 - 4 - INFO - **********PLAYER4**********
根据分析的不一致之处，我们可以推断卧底身份如下：

- 玩家4的描述与游戏规则不符，因为它没有描述体育用品的特征，而是提供了游戏策略和规则的分析。这表明玩家4可能并不是在描述一个体育用品，因此玩家4很可能是卧底。

- 玩家2和玩家3的描述虽然都提到了球体和运动，但没有明确指向排球，而玩家1的描述直接提到了排球的特征，如圆形球体、团队运动和网状结构。这表明玩家1的描述与其他两人相比更加具体和指向性更强。

- 然而，由于玩家4的描述明显与游戏规则不符，我们可以优先考虑玩家4作为卧底的可能性。如果玩家4确实是卧底，那么玩家2和玩家3的描述可能是在误导大家，他们可能是平民，但他们的描述不够明确，无法排除他们作为卧底的可能性。

综上所述，根据描述的不一致性和游戏规则，玩家4最有可能是不符合体育用品描述的卧底。而玩家2和玩家3虽然描述不够明确，但考虑到游戏规则和玩家4的明显违规，玩家4的卧底身份更加明显。
2024-12-12 22:00:51,801 - 4 - INFO - **********JUDGER**********
你刚刚的推断是根据分析的不一致之处，我们可以推断卧底身份如下：

- 玩家4的描述与游戏规则不符，因为它没有描述体育用品的特征，而是提供了游戏策略和规则的分析。这表明玩家4可能并不是在描述一个体育用品，因此玩家4很可能是卧底。

- 玩家2和玩家3的描述虽然都提到了球体和运动，但没有明确指向排球，而玩家1的描述直接提到了排球的特征，如圆形球体、团队运动和网状结构。这表明玩家1的描述与其他两人相比更加具体和指向性更强。

- 然而，由于玩家4的描述明显与游戏规则不符，我们可以优先考虑玩家4作为卧底的可能性。如果玩家4确实是卧底，那么玩家2和玩家3的描述可能是在误导大家，他们可能是平民，但他们的描述不够明确，无法排除他们作为卧底的可能性。

综上所述，根据描述的不一致性和游戏规则，玩家4最有可能是不符合体育用品描述的卧底。而玩家2和玩家3虽然描述不够明确，但考虑到游戏规则和玩家4的明显违规，玩家4的卧底身份更加明显。|| 基于你刚刚的推断得出你的最终结论，请输出你认为的卧底，在这种情况下只需要输出编号，是1-4中的某个数字，不要输出其他信息。在这个过程不要进行任何推理，只对||以前的部分进行信息提取
2024-12-12 22:00:52,277 - 4 - INFO - **********PLAYER4**********
4
2024-12-12 22:00:57,982 - 4 - INFO - **********JUDGER**********
玩家1说：这是一个圆形的球体，主要用于团队运动。它在同类体育用品中最显著的特点是带有网状结构，用于隔网对抗。这是一个圆滑的球体，适合在空中被击打和传球。它的设计特别，因为有一个网状结构，使得它可以在特定的场地上进行隔网对抗。玩家2说：它是一种大型球体，表面有多个六边形和五边形组成，用于竞技和娱乐。与同类球体相比，它有一个显著的特点，那就是它有一个可以用来传递和投掷的圆形部分。这种球体体积适中，适合在空中进行多种技巧性动作，如传球和投篮。它的表面光滑，便于运动员的手感，且在同类球体中，它以其独特的圆形部分而闻名，这一部分不仅用于传递，也是球体运动的中心。玩家3说：这是一个圆滑的物体，通常用于团队合作，其表面有多个孔洞，便于抓握和传球。与同类体育用品相比，它的设计特别适合在特定的场地进行隔网对抗。这是一个球体，主要用于团队间的竞技。它的表面设计独特，拥有多个孔洞，这些孔洞不仅便于运动员的抓握和传球，还增加了球体的空气阻力，使得球在空中飞行时更加稳定。这种球体的体积适中，便于运动员进行多种技巧性动作，如传球和扣球。它的设计使得球体在特定的场地上进行隔网对抗成为可能。玩家4说：这是一个球状物体，用于多人竞技。它在同类中特别之处在于，它设计有特定的结构，可以用来进行隔网对抗。你是第4号玩家，你的关键词是<排球>。你的回答中绝对不能包含你的关键词<排球>。这是第二轮描述，你之前的描述是这是一个球状物体，用于多人竞技。它在同类中特别之处在于，它设计有特定的结构，可以用来进行隔网对抗。，注意，这局游戏的词语分类为<体育用品>，卧底词和平民词都属于该类，请你补充关于关键词的描述，注意，你的描述应该比起之前的描述更加贴近关键词，作为之前的补充
2024-12-12 22:01:01,539 - 4 - INFO - **********PLAYER4**********
这是一个球体，表面光滑，主要用于团队间的竞技。它有多个孔洞，便于抓握和传球。这个球体在特定的场地上进行隔网对抗时表现出独特的设计，使得它能够适应这种特殊的比赛方式。
2024-12-12 22:01:56,305 - 4 - INFO - **********JUDGER**********
玩家1说：这是一个圆形的球体，主要用于团队运动。它在同类体育用品中最显著的特点是带有网状结构，用于隔网对抗。这是一个圆滑的球体，适合在空中被击打和传球。它的设计特别，因为有一个网状结构，使得它可以在特定的场地上进行隔网对抗。玩家2说：它是一种大型球体，表面有多个六边形和五边形组成，用于竞技和娱乐。与同类球体相比，它有一个显著的特点，那就是它有一个可以用来传递和投掷的圆形部分。这种球体体积适中，适合在空中进行多种技巧性动作，如传球和投篮。它的表面光滑，便于运动员的手感，且在同类球体中，它以其独特的圆形部分而闻名，这一部分不仅用于传递，也是球体运动的中心。玩家3说：这是一个圆滑的物体，通常用于团队合作，其表面有多个孔洞，便于抓握和传球。与同类体育用品相比，它的设计特别适合在特定的场地进行隔网对抗。这是一个球体，主要用于团队间的竞技。它的表面设计独特，拥有多个孔洞，这些孔洞不仅便于运动员的抓握和传球，还增加了球体的空气阻力，使得球在空中飞行时更加稳定。这种球体的体积适中，便于运动员进行多种技巧性动作，如传球和扣球。它的设计使得球体在特定的场地上进行隔网对抗成为可能。玩家4说：这是一个球状物体，用于多人竞技。它在同类中特别之处在于，它设计有特定的结构，可以用来进行隔网对抗。||在这个游戏中，我们需要通过分析每位玩家的描述来找出卧底。通常，平民的描述会围绕相同的词语展开，而卧底的描述可能会因为词语的不同而显得不太一致。我们需要仔细比较每个描述之间的相似性和差异性，以找出可能的卧底，注意，卧底并不会隐藏自己，他会直接描述他的词语，现在，逐一分析每个玩家的描述，注意，这局游戏的词语分类为<体育用品>，卧底词和平民词都属于该类。||之前是第2轮描述和之前轮数描述的合集。你之前认为的卧底是玩家4。
2024-12-12 22:02:05,041 - 4 - INFO - **********PLAYER4**********
根据第二轮描述和之前的分析，我们可以再次审视每位玩家的描述：

- 玩家1的描述强调了球体的圆形、网状结构和隔网对抗，这与排球的特征相符。

- 玩家2的描述提到了球体的表面由六边形和五边形组成，以及一个用于传递和投掷的圆形部分，这听起来像是足球。

- 玩家3的描述描述了一个圆滑的物体，表面有孔洞，便于抓握和传球，并适合隔网对抗，这也可能是排球或足球。

- 玩家4的描述在第一轮已经指出球体设计有特定结构用于隔网对抗，第二轮描述中未提供新的信息，但强调了球体的球状和用于多人竞技。

基于这些描述，玩家4的描述虽然提到了球体和隔网对抗，但没有提供比第一轮更多的具体信息，而玩家2的描述提到了球体的表面结构和传递投掷的圆形部分，这与足球的特征更为接近。因此，如果之前认为玩家4是卧底，现在可以考虑玩家2的描述可能与足球的特征更吻合，从而玩家2可能是卧底。

最终结论是：玩家2可能是卧底。
2024-12-12 22:02:05,042 - 4 - INFO - **********JUDGER**********
你刚刚的分析是根据第二轮描述和之前的分析，我们可以再次审视每位玩家的描述：

- 玩家1的描述强调了球体的圆形、网状结构和隔网对抗，这与排球的特征相符。

- 玩家2的描述提到了球体的表面由六边形和五边形组成，以及一个用于传递和投掷的圆形部分，这听起来像是足球。

- 玩家3的描述描述了一个圆滑的物体，表面有孔洞，便于抓握和传球，并适合隔网对抗，这也可能是排球或足球。

- 玩家4的描述在第一轮已经指出球体设计有特定结构用于隔网对抗，第二轮描述中未提供新的信息，但强调了球体的球状和用于多人竞技。

基于这些描述，玩家4的描述虽然提到了球体和隔网对抗，但没有提供比第一轮更多的具体信息，而玩家2的描述提到了球体的表面结构和传递投掷的圆形部分，这与足球的特征更为接近。因此，如果之前认为玩家4是卧底，现在可以考虑玩家2的描述可能与足球的特征更吻合，从而玩家2可能是卧底。

最终结论是：玩家2可能是卧底。|| `请根据上述分析，比较描述以找出不一致之处，注意，这局游戏的词语分类为<体育用品>，卧底词和平民词都属于该类。
2024-12-12 22:02:15,953 - 4 - INFO - **********PLAYER4**********
根据上述分析，我们可以比较描述以找出不一致之处：

- 玩家1的描述集中在球体的圆形、网状结构和隔网对抗，这些特征与排球非常吻合。

- 玩家2的描述提到了球体表面由六边形和五边形组成，以及一个用于传递和投掷的圆形部分。这些特征与足球更为相似，因为足球的表面是由多边形组成的，并且有可以被传递和投掷的圆形部分。

- 玩家3的描述提到了球体的圆滑表面、孔洞、抓握和传球，以及适合隔网对抗。这些特征与排球和足球都有可能，但孔洞这一特征在排球中并不常见。

- 玩家4的描述与第一轮相似，强调了球体的球状和用于多人竞技，以及特定的结构用于隔网对抗。这些描述没有提供比第一轮更多的具体信息，但仍然与排球的特征相符。

不一致之处在于：

- 玩家2的描述与足球的特征更为接近，而其他玩家的描述更偏向于排球。

- 玩家3的描述虽然可能适用于排球或足球，但孔洞这一特征与排球的标准描述不符。

- 玩家4的描述虽然与排球相符，但没有提供比第一轮更多的具体信息，这可能表明他的描述不够具体或者是在误导。

因此，不一致之处在于玩家2的描述与足球的特征更为吻合，而其他玩家的描述更偏向于排球，尤其是玩家3的孔洞描述与排球的标准特征不符。玩家4的描述没有提供新的具体信息，这可能表明他在尝试隐藏或者误导。
2024-12-12 22:02:15,954 - 4 - INFO - **********JUDGER**********
你刚刚的分析是根据上述分析，我们可以比较描述以找出不一致之处：

- 玩家1的描述集中在球体的圆形、网状结构和隔网对抗，这些特征与排球非常吻合。

- 玩家2的描述提到了球体表面由六边形和五边形组成，以及一个用于传递和投掷的圆形部分。这些特征与足球更为相似，因为足球的表面是由多边形组成的，并且有可以被传递和投掷的圆形部分。

- 玩家3的描述提到了球体的圆滑表面、孔洞、抓握和传球，以及适合隔网对抗。这些特征与排球和足球都有可能，但孔洞这一特征在排球中并不常见。

- 玩家4的描述与第一轮相似，强调了球体的球状和用于多人竞技，以及特定的结构用于隔网对抗。这些描述没有提供比第一轮更多的具体信息，但仍然与排球的特征相符。

不一致之处在于：

- 玩家2的描述与足球的特征更为接近，而其他玩家的描述更偏向于排球。

- 玩家3的描述虽然可能适用于排球或足球，但孔洞这一特征与排球的标准描述不符。

- 玩家4的描述虽然与排球相符，但没有提供比第一轮更多的具体信息，这可能表明他的描述不够具体或者是在误导。

因此，不一致之处在于玩家2的描述与足球的特征更为吻合，而其他玩家的描述更偏向于排球，尤其是玩家3的孔洞描述与排球的标准特征不符。玩家4的描述没有提供新的具体信息，这可能表明他在尝试隐藏或者误导。|| 请通过你分析的不一致之处，推断卧底身份，注意，这局游戏的词语分类为<体育用品>，卧底词和平民词都属于该类。
2024-12-12 22:02:24,864 - 4 - INFO - **********PLAYER4**********
根据分析的不一致之处，我们可以推断卧底身份如下：

- 玩家2的描述提到了球体表面由六边形和五边形组成，以及一个用于传递和投掷的圆形部分，这些特征与足球更为相似。由于游戏词语分类为体育用品，且卧底词和平民词都属于该类，玩家2的描述与足球的特征不符，因此玩家2可能是卧底。

- 玩家3的描述中提到的孔洞特征在排球中并不常见，这表明他的描述可能与排球的标准特征有所出入，但足球也没有孔洞这一特征，因此玩家3的描述虽然不太符合排球，但也不足以确定他是卧底。

- 玩家4的描述与第一轮相似，没有提供新的具体信息，这可能表明他在尝试隐藏或者误导，但缺乏足够的信息来确认他是否是卧底。

综上所述，基于描述的不一致性和游戏规则，玩家2的描述最有可能是不符合体育用品描述的卧底。因此，推断卧底身份为玩家2。
2024-12-12 22:02:24,866 - 4 - INFO - **********JUDGER**********
你刚刚的推断是根据分析的不一致之处，我们可以推断卧底身份如下：

- 玩家2的描述提到了球体表面由六边形和五边形组成，以及一个用于传递和投掷的圆形部分，这些特征与足球更为相似。由于游戏词语分类为体育用品，且卧底词和平民词都属于该类，玩家2的描述与足球的特征不符，因此玩家2可能是卧底。

- 玩家3的描述中提到的孔洞特征在排球中并不常见，这表明他的描述可能与排球的标准特征有所出入，但足球也没有孔洞这一特征，因此玩家3的描述虽然不太符合排球，但也不足以确定他是卧底。

- 玩家4的描述与第一轮相似，没有提供新的具体信息，这可能表明他在尝试隐藏或者误导，但缺乏足够的信息来确认他是否是卧底。

综上所述，基于描述的不一致性和游戏规则，玩家2的描述最有可能是不符合体育用品描述的卧底。因此，推断卧底身份为玩家2。|| 基于你刚刚的推断得出你的最终结论，请输出你认为的卧底，在这种情况下只需要输出编号，是1-4中的某个数字，不要输出其他信息。在这个过程不要进行任何推理，只对||以前的部分进行信息提取
2024-12-12 22:02:25,882 - 4 - INFO - **********PLAYER4**********
2
2024-12-12 22:02:33,560 - 4 - INFO - **********JUDGER**********
玩家1说：这是一个圆形的球体，主要用于团队运动。它在同类体育用品中最显著的特点是带有网状结构，用于隔网对抗。这是一个圆滑的球体，适合在空中被击打和传球。它的设计特别，因为有一个网状结构，使得它可以在特定的场地上进行隔网对抗。这是一个球体，其设计允许在空中进行精确的击打和传球。它的表面光滑，便于抓握，且在特定场地上，通过网状结构进行隔网对抗。玩家2说：它是一种大型球体，表面有多个六边形和五边形组成，用于竞技和娱乐。与同类球体相比，它有一个显著的特点，那就是它有一个可以用来传递和投掷的圆形部分。这种球体体积适中，适合在空中进行多种技巧性动作，如传球和投篮。它的表面光滑，便于运动员的手感，且在同类球体中，它以其独特的圆形部分而闻名，这一部分不仅用于传递，也是球体运动的中心。这种球体是专为在空中进行精准动作而设计的，它的表面光滑且易于控制，适合快速传球和投篮。它的体积适中，便于运动员在各种技巧性动作中使用，如跳投、扣篮等。此外，它的圆形部分是球体设计的核心，不仅是传递的关键，也是球体运动的重心。玩家3说：这是一个圆滑的物体，通常用于团队合作，其表面有多个孔洞，便于抓握和传球。与同类体育用品相比，它的设计特别适合在特定的场地进行隔网对抗。这是一个球体，主要用于团队间的竞技。它的表面设计独特，拥有多个孔洞，这些孔洞不仅便于运动员的抓握和传球，还增加了球体的空气阻力，使得球在空中飞行时更加稳定。这种球体的体积适中，便于运动员进行多种技巧性动作，如传球和扣球。它的设计使得球体在特定的场地上进行隔网对抗成为可能。这是一个球体，设计用于团队竞技，其表面光滑且具有多个孔洞，便于运动员抓握和传球。这种球体在空中飞行时表现出良好的稳定性，适合进行多种技巧性动作，如传球和扣球。它的设计特别适合在特定的场地上进行隔网对抗，通过网状结构将场地划分为两个对立的阵营。球体的体积适中，便于运动员在竞技中使用，无论是快速传球还是精准投篮。玩家4说：这是一个球状物体，用于多人竞技。它在同类中特别之处在于，它设计有特定的结构，可以用来进行隔网对抗。这是一个球体，表面光滑，主要用于团队间的竞技。它有多个孔洞，便于抓握和传球。这个球体在特定的场地上进行隔网对抗时表现出独特的设计，使得它能够适应这种特殊的比赛方式。你是第4号玩家，你的关键词是<排球>。你的回答中绝对不能包含你的关键词<排球>。这是第三轮描述，你之前的描述是这是一个球状物体，用于多人竞技。它在同类中特别之处在于，它设计有特定的结构，可以用来进行隔网对抗。和这是一个球体，表面光滑，主要用于团队间的竞技。它有多个孔洞，便于抓握和传球。这个球体在特定的场地上进行隔网对抗时表现出独特的设计，使得它能够适应这种特殊的比赛方式。，注意，这局游戏的词语分类为<体育用品>，卧底词和平民词都属于该类，请你补充关于关键词的描述，注意，你的描述应该比起之前的描述更加贴近关键词，作为之前的补充
2024-12-12 22:02:35,953 - 4 - INFO - **********PLAYER4**********
这是一个球体，表面平滑，适用于团队竞技。它的设计特点是拥有网状结构，便于隔网对抗，且球体大小适中，便于运动员进行传球和扣球。在特定的场地上，这个球体能够通过网状结构将场地划分为两个对立的阵营，适合进行激烈的团队对抗。
2024-12-12 22:03:28,039 - 4 - INFO - **********JUDGER**********
玩家1说：这是一个圆形的球体，主要用于团队运动。它在同类体育用品中最显著的特点是带有网状结构，用于隔网对抗。这是一个圆滑的球体，适合在空中被击打和传球。它的设计特别，因为有一个网状结构，使得它可以在特定的场地上进行隔网对抗。这是一个球体，其设计允许在空中进行精确的击打和传球。它的表面光滑，便于抓握，且在特定场地上，通过网状结构进行隔网对抗。玩家2说：它是一种大型球体，表面有多个六边形和五边形组成，用于竞技和娱乐。与同类球体相比，它有一个显著的特点，那就是它有一个可以用来传递和投掷的圆形部分。这种球体体积适中，适合在空中进行多种技巧性动作，如传球和投篮。它的表面光滑，便于运动员的手感，且在同类球体中，它以其独特的圆形部分而闻名，这一部分不仅用于传递，也是球体运动的中心。这种球体是专为在空中进行精准动作而设计的，它的表面光滑且易于控制，适合快速传球和投篮。它的体积适中，便于运动员在各种技巧性动作中使用，如跳投、扣篮等。此外，它的圆形部分是球体设计的核心，不仅是传递的关键，也是球体运动的重心。玩家3说：这是一个圆滑的物体，通常用于团队合作，其表面有多个孔洞，便于抓握和传球。与同类体育用品相比，它的设计特别适合在特定的场地进行隔网对抗。这是一个球体，主要用于团队间的竞技。它的表面设计独特，拥有多个孔洞，这些孔洞不仅便于运动员的抓握和传球，还增加了球体的空气阻力，使得球在空中飞行时更加稳定。这种球体的体积适中，便于运动员进行多种技巧性动作，如传球和扣球。它的设计使得球体在特定的场地上进行隔网对抗成为可能。这是一个球体，设计用于团队竞技，其表面光滑且具有多个孔洞，便于运动员抓握和传球。这种球体在空中飞行时表现出良好的稳定性，适合进行多种技巧性动作，如传球和扣球。它的设计特别适合在特定的场地上进行隔网对抗，通过网状结构将场地划分为两个对立的阵营。球体的体积适中，便于运动员在竞技中使用，无论是快速传球还是精准投篮。玩家4说：这是一个球状物体，用于多人竞技。它在同类中特别之处在于，它设计有特定的结构，可以用来进行隔网对抗。这是一个球体，表面光滑，主要用于团队间的竞技。它有多个孔洞，便于抓握和传球。这个球体在特定的场地上进行隔网对抗时表现出独特的设计，使得它能够适应这种特殊的比赛方式。这是一个球体，表面平滑，适用于团队竞技。它的设计特点是拥有网状结构，便于隔网对抗，且球体大小适中，便于运动员进行传球和扣球。在特定的场地上，这个球体能够通过网状结构将场地划分为两个对立的阵营，适合进行激烈的团队对抗。||在这个游戏中，我们需要通过分析每位玩家的描述来找出卧底。通常，平民的描述会围绕相同的词语展开，而卧底的描述可能会因为词语的不同而显得不太一致。我们需要仔细比较每个描述之间的相似性和差异性，以找出可能的卧底，注意，卧底并不会隐藏自己，他会直接描述他的词语，现在，逐一分析每个玩家的描述，注意，这局游戏的词语分类为<体育用品>，卧底词和平民词都属于该类。||之前是第3轮描述和之前轮数描述的合集。你之前认为的卧底是玩家2。
2024-12-12 22:03:40,206 - 4 - INFO - **********PLAYER4**********
根据第三轮描述和之前的分析，我们可以再次审视每位玩家的描述：

- 玩家1的描述中多次提到了圆形球体、网状结构、隔网对抗、圆滑、空中击打和传球，这些特征与排球非常吻合。

- 玩家2的描述中提到了球体表面由六边形和五边形组成、用于竞技和娱乐、传递和投掷的圆形部分、适合空中技巧性动作、光滑表面、易于手感、体积适中、跳投、扣篮等，这些特征与篮球更为相似。

- 玩家3的描述中提到了圆滑物体、团队合作、孔洞、抓握和传球、隔网对抗、球体、团队竞技、表面光滑、孔洞、空气阻力、稳定、传球、扣球等，这些特征既可以是排球，也可以是足球。

- 玩家4的描述中提到了球状物体、多人竞技、特定结构、隔网对抗、表面光滑、团队竞技、孔洞、传球、扣球、网状结构、对立阵营等，这些特征与排球相符。

基于这些描述，玩家2的描述与篮球的特征更为接近，而玩家1和玩家4的描述都与排球的特征相符。玩家3的描述虽然提到了孔洞和隔网对抗，但没有像玩家1和玩家4那样明确指向排球。

因此，根据描述的相似性和差异性，玩家2的描述最有可能是不符合体育用品描述的卧底。所以，根据之前的分析，卧底身份仍然是玩家2。
2024-12-12 22:03:40,207 - 4 - INFO - **********JUDGER**********
你刚刚的分析是根据第三轮描述和之前的分析，我们可以再次审视每位玩家的描述：

- 玩家1的描述中多次提到了圆形球体、网状结构、隔网对抗、圆滑、空中击打和传球，这些特征与排球非常吻合。

- 玩家2的描述中提到了球体表面由六边形和五边形组成、用于竞技和娱乐、传递和投掷的圆形部分、适合空中技巧性动作、光滑表面、易于手感、体积适中、跳投、扣篮等，这些特征与篮球更为相似。

- 玩家3的描述中提到了圆滑物体、团队合作、孔洞、抓握和传球、隔网对抗、球体、团队竞技、表面光滑、孔洞、空气阻力、稳定、传球、扣球等，这些特征既可以是排球，也可以是足球。

- 玩家4的描述中提到了球状物体、多人竞技、特定结构、隔网对抗、表面光滑、团队竞技、孔洞、传球、扣球、网状结构、对立阵营等，这些特征与排球相符。

基于这些描述，玩家2的描述与篮球的特征更为接近，而玩家1和玩家4的描述都与排球的特征相符。玩家3的描述虽然提到了孔洞和隔网对抗，但没有像玩家1和玩家4那样明确指向排球。

因此，根据描述的相似性和差异性，玩家2的描述最有可能是不符合体育用品描述的卧底。所以，根据之前的分析，卧底身份仍然是玩家2。|| `请根据上述分析，比较描述以找出不一致之处，注意，这局游戏的词语分类为<体育用品>，卧底词和平民词都属于该类。
2024-12-12 22:03:52,015 - 4 - INFO - **********PLAYER4**********
根据上述分析，我们可以比较描述以找出不一致之处：

- 玩家1的描述多次提到了“圆形球体”、“网状结构”、“隔网对抗”、“圆滑”、“空中击打和传球”，这些特征都与排球紧密相关。

- 玩家2的描述中提到了“球体表面由六边形和五边形组成”、“传递和投掷的圆形部分”、“适合空中技巧性动作”、“光滑表面”、“易于手感”、“体积适中”、“跳投”、“扣篮”等，这些特征更符合篮球，而不是排球。

- 玩家3的描述中提到了“圆滑物体”、“团队合作”、“孔洞”、“抓握和传球”、“隔网对抗”、“球体”、“团队竞技”、“表面光滑”、“孔洞”、“空气阻力”、“稳定”、“传球”、“扣球”等，这些特征既可以是排球，也可以是足球，但并没有像玩家1那样明确指向网状结构和隔网对抗。

- 玩家4的描述中提到了“球状物体”、“多人竞技”、“特定结构”、“隔网对抗”、“表面光滑”、“团队竞技”、“孔洞”、“传球”、“扣球”、“网状结构”、“对立阵营”等，这些特征与排球相符，尤其是“网状结构”和“隔网对抗”这两个关键词。

不一致之处在于：

- 玩家2的描述与篮球的特征更为接近，而其他玩家的描述更偏向于排球。

- 玩家3的描述虽然提到了隔网对抗，但没有明确提到网状结构，这是排球的一个关键特征。

- 玩家4的描述虽然与排球相符，但没有提供比第一轮更多的具体信息，这可能表明他在尝试隐藏或者误导。

因此，不一致之处在于玩家2的描述与篮球的特征更为吻合，而其他玩家的描述更偏向于排球，尤其是玩家3的描述缺乏对网状结构的明确提及。玩家4的描述没有提供新的具体信息，这可能表明他在尝试隐藏或者误导。
2024-12-12 22:03:52,017 - 4 - INFO - **********JUDGER**********
你刚刚的分析是根据上述分析，我们可以比较描述以找出不一致之处：

- 玩家1的描述多次提到了“圆形球体”、“网状结构”、“隔网对抗”、“圆滑”、“空中击打和传球”，这些特征都与排球紧密相关。

- 玩家2的描述中提到了“球体表面由六边形和五边形组成”、“传递和投掷的圆形部分”、“适合空中技巧性动作”、“光滑表面”、“易于手感”、“体积适中”、“跳投”、“扣篮”等，这些特征更符合篮球，而不是排球。

- 玩家3的描述中提到了“圆滑物体”、“团队合作”、“孔洞”、“抓握和传球”、“隔网对抗”、“球体”、“团队竞技”、“表面光滑”、“孔洞”、“空气阻力”、“稳定”、“传球”、“扣球”等，这些特征既可以是排球，也可以是足球，但并没有像玩家1那样明确指向网状结构和隔网对抗。

- 玩家4的描述中提到了“球状物体”、“多人竞技”、“特定结构”、“隔网对抗”、“表面光滑”、“团队竞技”、“孔洞”、“传球”、“扣球”、“网状结构”、“对立阵营”等，这些特征与排球相符，尤其是“网状结构”和“隔网对抗”这两个关键词。

不一致之处在于：

- 玩家2的描述与篮球的特征更为接近，而其他玩家的描述更偏向于排球。

- 玩家3的描述虽然提到了隔网对抗，但没有明确提到网状结构，这是排球的一个关键特征。

- 玩家4的描述虽然与排球相符，但没有提供比第一轮更多的具体信息，这可能表明他在尝试隐藏或者误导。

因此，不一致之处在于玩家2的描述与篮球的特征更为吻合，而其他玩家的描述更偏向于排球，尤其是玩家3的描述缺乏对网状结构的明确提及。玩家4的描述没有提供新的具体信息，这可能表明他在尝试隐藏或者误导。|| 请通过你分析的不一致之处，推断卧底身份，注意，这局游戏的词语分类为<体育用品>，卧底词和平民词都属于该类。
2024-12-12 22:04:01,040 - 4 - INFO - **********PLAYER4**********
根据分析的不一致之处，我们可以推断卧底身份如下：

- 玩家2的描述提到了球体表面由六边形和五边形组成，以及一个用于传递和投掷的圆形部分，这些特征与篮球的特征更为吻合，而不是排球。由于游戏规则中卧底词和平民词都属于体育用品类别，玩家2的描述与排球的特征不符，因此玩家2可能是卧底。

- 玩家3的描述虽然提到了隔网对抗，但没有明确提到网状结构，这是排球的一个关键特征。虽然玩家3的描述可能适用于排球，但它也适用于其他球类，如足球，因此玩家3不太可能是卧底。

- 玩家4的描述与排球的特征相符，尤其是提到了“网状结构”和“隔网对抗”，这些是排球的关键特征。玩家4的描述没有提供比第一轮更多的具体信息，这可能表明他在尝试隐藏或者误导，但缺乏足够的信息来确认他是否是卧底。

综上所述，基于描述的不一致性和游戏规则，玩家2的描述最有可能是不符合体育用品描述的卧底。因此，推断卧底身份为玩家2。
2024-12-12 22:04:01,041 - 4 - INFO - **********JUDGER**********
你刚刚的推断是根据分析的不一致之处，我们可以推断卧底身份如下：

- 玩家2的描述提到了球体表面由六边形和五边形组成，以及一个用于传递和投掷的圆形部分，这些特征与篮球的特征更为吻合，而不是排球。由于游戏规则中卧底词和平民词都属于体育用品类别，玩家2的描述与排球的特征不符，因此玩家2可能是卧底。

- 玩家3的描述虽然提到了隔网对抗，但没有明确提到网状结构，这是排球的一个关键特征。虽然玩家3的描述可能适用于排球，但它也适用于其他球类，如足球，因此玩家3不太可能是卧底。

- 玩家4的描述与排球的特征相符，尤其是提到了“网状结构”和“隔网对抗”，这些是排球的关键特征。玩家4的描述没有提供比第一轮更多的具体信息，这可能表明他在尝试隐藏或者误导，但缺乏足够的信息来确认他是否是卧底。

综上所述，基于描述的不一致性和游戏规则，玩家2的描述最有可能是不符合体育用品描述的卧底。因此，推断卧底身份为玩家2。|| 基于你刚刚的推断得出你的最终结论，请输出你认为的卧底，在这种情况下只需要输出编号，是1-4中的某个数字，不要输出其他信息。在这个过程不要进行任何推理，只对||以前的部分进行信息提取
2024-12-12 22:04:03,295 - 4 - INFO - **********PLAYER4**********
2
