2024-12-13 11:46:48,071 - 1 - INFO - **********JUDGER**********
让我们来玩一个叫做<谁是卧底>的推理游戏。基本规则：<人数>：4人。<角色分配>：每位玩家随机抽取一个词语，3名玩家拿到的词语是相同的（平民词），1名玩家拿到与之相近但不同的词语（卧底词）。<游戏流程>：1、玩家轮流描述自己的词语，但<不能>直接说出词语本身。2、描述完毕后，投票选出最像卧底的玩家。3、每轮结束后，被投票选出的玩家出局，不能再进行描述或投票。4、每轮投票结束后，如果卧底被成功找出，平民方获胜；如果卧底未被找出且卧底人数等于或超过平民人数，则卧底方获胜。你将扮演一个<玩家>，请等待你被分配到的关键词。如果你听懂了，只回答，"好的，我准备好参加游戏了"，不要输出别的信息
2024-12-13 11:46:48,561 - 1 - INFO - **********PLAYER1**********
好的，我准备好参加游戏了
2024-12-13 11:46:53,028 - 1 - INFO - **********JUDGER**********
玩家1说：玩家2说：玩家3说：玩家4说：|| 你是第1号玩家，你的关键词是<星星>。你的回答中绝对不能包含你的关键词<星星>。这是第一轮描述，不需要分析||之前别的玩家的描述，请你描述关键词基本特征，注意，这局游戏的词语分类为<天文>，卧底词和平民词都属于该类，描述包括以下两点，1.他的基本特征是什么2.他在该类（天文）中最突出不同的特征是什么，尽量简短
2024-12-13 11:46:53,963 - 1 - INFO - **********PLAYER1**********
这个词语是一种天体，通常在夜空中非常明亮。它在同类中特别引人注目的是它的形状或亮度。
2024-12-13 11:46:59,910 - 1 - INFO - **********JUDGER**********
玩家1说：这个词语是一种天体，通常在夜空中非常明亮。它在同类中特别引人注目的是它的形状或亮度。玩家2说：这个词语是一种在宇宙中发光的物体，它的基本特征是能在夜空中发光。在同类中，它最突出的不同特征是它的大小，通常比其他同类物体更大，更容易被肉眼看到。玩家3说：这个词语是一种在太阳系中绕着恒星运行的行星，它的基本特征是拥有一个固态的表面和液态的水。在该类（天文）中最突出不同的特征是它是唯一已知存在生命的天体。玩家4说：||在这个游戏中，我们需要通过分析每位玩家的描述来找出卧底。通常，平民的描述会围绕相同的词语展开，而卧底的描述可能会因为词语的不同而显得不太一致。我们需要仔细比较每个描述之间的相似性和差异性，以找出可能的卧底，注意，卧底并不会隐藏自己，他会直接描述他的词语，现在，逐一分析每个玩家的描述，注意，这局游戏的词语分类为<天文>，卧底词和平民词都属于该类。这是第一轮描述。
2024-12-13 11:47:03,774 - 1 - INFO - **********PLAYER1**********
我注意到玩家1和玩家2的描述都强调了天体的明亮性和发光特性，而玩家3提到了一个具有固态表面和液态水的天体，这听起来像是地球或者某个有液态水的行星。我的描述则没有具体提及固态表面或液态水，也没有提到生命存在的特征。

基于这些信息，玩家3的描述似乎与其他描述存在明显的不同点，特别是关于生命存在的提及。这可能是卧底的特征，因为卧底词和平民词应该在同一类别下有相似的特征。因此，我会将玩家3作为潜在的卧底候选人进行观察。不过，没有更多的信息，我们还不能确定。
2024-12-13 11:47:03,775 - 1 - INFO - **********JUDGER**********
你刚刚的分析是我注意到玩家1和玩家2的描述都强调了天体的明亮性和发光特性，而玩家3提到了一个具有固态表面和液态水的天体，这听起来像是地球或者某个有液态水的行星。我的描述则没有具体提及固态表面或液态水，也没有提到生命存在的特征。

基于这些信息，玩家3的描述似乎与其他描述存在明显的不同点，特别是关于生命存在的提及。这可能是卧底的特征，因为卧底词和平民词应该在同一类别下有相似的特征。因此，我会将玩家3作为潜在的卧底候选人进行观察。不过，没有更多的信息，我们还不能确定。|| `请根据上述分析，比较描述以找出不一致之处，注意，这局游戏的词语分类为<天文>，卧底词和平民词都属于该类。
2024-12-13 11:47:10,643 - 1 - INFO - **********PLAYER1**********
根据上述分析，我们可以比较描述中的不一致之处如下：

1. **玩家1的描述**：提到天体通常在夜空中非常明亮，且特别引人注目的是其形状或亮度。这个描述比较宽泛，没有特定的特征。

2. **玩家2的描述**：强调天体在宇宙中发光，基本特征是发光，最突出的不同特征是它的大小。这个描述也较为宽泛，但特别提到了天体的大小。

3. **玩家3的描述**：指出天体是太阳系中绕着恒星运行的行星，具有固态表面和液态水，最突出的不同特征是它是唯一已知存在生命的天体。这个描述与其他两位玩家的描述有显著不同，因为它提到了天体的具体环境（太阳系中的行星）和生命存在的特征。

4. **玩家4的描述**：虽然玩家4没有提供具体的描述，但从其引导性的发言来看，他似乎在强调分析描述的重要性，并指出卧底可能会直接描述他的词语。

不一致之处在于玩家3的描述中包含了具体的行星特征（固态表面和液态水）以及生命存在的提及，这与玩家1和玩家2的描述相比，显得更加具体和特定。这种具体性和提及生命存在的特征可能是卧底词的标志，因为平民词应该是更普遍或更抽象的特征。因此，玩家3的描述可能是与卧底词最不一致的。
2024-12-13 11:47:10,647 - 1 - INFO - **********JUDGER**********
你刚刚的分析是根据上述分析，我们可以比较描述中的不一致之处如下：

1. **玩家1的描述**：提到天体通常在夜空中非常明亮，且特别引人注目的是其形状或亮度。这个描述比较宽泛，没有特定的特征。

2. **玩家2的描述**：强调天体在宇宙中发光，基本特征是发光，最突出的不同特征是它的大小。这个描述也较为宽泛，但特别提到了天体的大小。

3. **玩家3的描述**：指出天体是太阳系中绕着恒星运行的行星，具有固态表面和液态水，最突出的不同特征是它是唯一已知存在生命的天体。这个描述与其他两位玩家的描述有显著不同，因为它提到了天体的具体环境（太阳系中的行星）和生命存在的特征。

4. **玩家4的描述**：虽然玩家4没有提供具体的描述，但从其引导性的发言来看，他似乎在强调分析描述的重要性，并指出卧底可能会直接描述他的词语。

不一致之处在于玩家3的描述中包含了具体的行星特征（固态表面和液态水）以及生命存在的提及，这与玩家1和玩家2的描述相比，显得更加具体和特定。这种具体性和提及生命存在的特征可能是卧底词的标志，因为平民词应该是更普遍或更抽象的特征。因此，玩家3的描述可能是与卧底词最不一致的。|| 请通过你分析的不一致之处，推断卧底身份，注意，这局游戏的词语分类为<天文>，卧底词和平民词都属于该类。
2024-12-13 11:47:21,047 - 1 - INFO - **********PLAYER1**********
基于上述分析，我们可以推断以下信息：

- 玩家1和玩家2的描述都集中在天体的普遍特征上，如亮度、发光和大小，这些都是天文现象中常见的特征，没有指向具体的行星或具有生命存在的天体。
- 玩家3的描述则指向了一个具体的行星，并特别提到了固态表面、液态水和生命存在的特征。这些特征指向的是地球，因为地球是太阳系中唯一已知存在生命的行星，且具有固态表面和液态水。
- 玩家4的描述虽然引导性很强，但并没有提供任何具体的天文特征，因此无法直接推断其是否为卧底。

由于玩家3的描述与地球这一特定行星的特征相符，而其他玩家的描述则没有指向具体的行星，我们可以推断玩家3很可能是卧底。玩家3的关键词很可能是《地球》，因为在《天文》这个分类下，地球是一个具有独特生命特征的行星，这与平民词的普遍性特征不同。因此，玩家3的卧底身份是基于其描述的具体性和独特性推断出来的。
2024-12-13 11:47:21,051 - 1 - INFO - **********JUDGER**********
你刚刚的推断是基于上述分析，我们可以推断以下信息：

- 玩家1和玩家2的描述都集中在天体的普遍特征上，如亮度、发光和大小，这些都是天文现象中常见的特征，没有指向具体的行星或具有生命存在的天体。
- 玩家3的描述则指向了一个具体的行星，并特别提到了固态表面、液态水和生命存在的特征。这些特征指向的是地球，因为地球是太阳系中唯一已知存在生命的行星，且具有固态表面和液态水。
- 玩家4的描述虽然引导性很强，但并没有提供任何具体的天文特征，因此无法直接推断其是否为卧底。

由于玩家3的描述与地球这一特定行星的特征相符，而其他玩家的描述则没有指向具体的行星，我们可以推断玩家3很可能是卧底。玩家3的关键词很可能是《地球》，因为在《天文》这个分类下，地球是一个具有独特生命特征的行星，这与平民词的普遍性特征不同。因此，玩家3的卧底身份是基于其描述的具体性和独特性推断出来的。|| 基于你刚刚的推断得出你的最终结论，请输出你认为的卧底，在这种情况下只需要输出编号，是1-4中的某个数字，不要输出其他信息。在这个过程不要进行任何推理，只对||以前的部分进行信息提取
2024-12-13 11:47:21,785 - 1 - INFO - **********PLAYER1**********
3
2024-12-13 11:48:28,430 - 1 - INFO - **********JUDGER**********
玩家1说：这个词语是一种天体，通常在夜空中非常明亮。它在同类中特别引人注目的是它的形状或亮度。玩家2说：这个词语是一种在宇宙中发光的物体，它的基本特征是能在夜空中发光。在同类中，它最突出的不同特征是它的大小，通常比其他同类物体更大，更容易被肉眼看到。玩家3说：这个词语是一种在太阳系中绕着恒星运行的行星，它的基本特征是拥有一个固态的表面和液态的水。在该类（天文）中最突出不同的特征是它是唯一已知存在生命的天体。玩家4说：这个词语是一种天体，基本特征是发光，但在夜空中并非特别明亮。它在同类中最突出的不同特征是它通常较小，不容易被肉眼看到。你是第1号玩家，你的关键词是<星星>。你的回答中绝对不能包含你的关键词<星星>。这是第二轮描述，你之前的描述是这个词语是一种天体，通常在夜空中非常明亮。它在同类中特别引人注目的是它的形状或亮度。，注意，这局游戏的词语分类为<天文>，卧底词和平民词都属于该类，请你补充关于关键词的描述，注意，你的描述应该比起之前的描述更加贴近关键词，作为之前的补充
2024-12-13 11:48:31,047 - 1 - INFO - **********PLAYER1**********
这个天体在夜空中虽然不是最亮的，但它的光芒独特，形状各异，有时像小钻石般闪耀。它的亮度足以在黑暗中被人注意，但并不抢眼。
2024-12-13 11:48:41,340 - 1 - INFO - **********JUDGER**********
玩家1说：这个词语是一种天体，通常在夜空中非常明亮。它在同类中特别引人注目的是它的形状或亮度。这个天体在夜空中虽然不是最亮的，但它的光芒独特，形状各异，有时像小钻石般闪耀。它的亮度足以在黑暗中被人注意，但并不抢眼。玩家2说：这个词语是一种在宇宙中发光的物体，它的基本特征是能在夜空中发光。在同类中，它最突出的不同特征是它的大小，通常比其他同类物体更大，更容易被肉眼看到。这个词语是一种夜空中常见的发光物体，它的亮度通常适中，不会过于耀眼。它在同类中以其稳定的光芒和均匀的亮度而著称，不同于那些偶尔出现且亮度变化的物体。尽管它不是夜空中最亮的，但它的存在为夜空增添了一抹独特的色彩。玩家3说：这个词语是一种在太阳系中绕着恒星运行的行星，它的基本特征是拥有一个固态的表面和液态的水。在该类（天文）中最突出不同的特征是它是唯一已知存在生命的天体。这个天体是太阳系中的一部分，它以其稳定的轨道和相对较小的体积而著称。它不像太阳那样耀眼，但它的光芒在夜空中仍然清晰可见。它的大气层能够维持液态水的存在，这是生命得以存在的关键条件之一。玩家4说：这个词语是一种天体，基本特征是发光，但在夜空中并非特别明亮。它在同类中最突出的不同特征是它通常较小，不容易被肉眼看到。||在这个游戏中，我们需要通过分析每位玩家的描述来找出卧底。通常，平民的描述会围绕相同的词语展开，而卧底的描述可能会因为词语的不同而显得不太一致。我们需要仔细比较每个描述之间的相似性和差异性，以找出可能的卧底，注意，卧底并不会隐藏自己，他会直接描述他的词语，现在，逐一分析每个玩家的描述，注意，这局游戏的词语分类为<天文>，卧底词和平民词都属于该类。||之前是第2轮描述和之前轮数描述的合集。你之前认为的卧底是玩家3。
2024-12-13 11:48:51,510 - 1 - INFO - **********PLAYER1**********
根据第二轮描述和之前的信息，我的分析如下：

- 玩家1的描述强调了天体的独特形状和亮度，但指出它不是夜空中最亮的。
- 玩家2的描述提到了天体的大小和稳定性，以及它在夜空中增添的色彩。
- 玩家3的描述再次强调了天体的固态表面、液态水和生命存在，以及它的稳定轨道和相对较小的体积。
- 玩家4的描述提到了一种发光但不太明亮的天体，它通常较小且不容易被肉眼看到。

玩家3的描述仍然非常具体，提到了行星的表面特征、生命存在的条件以及轨道稳定性，这些特征与地球相符。玩家1和玩家2的描述虽然也有关于亮度和大小的描述，但没有提及生命存在的条件。玩家4的描述虽然也提到了发光的天体，但没有提及固态表面、液态水或生命存在。

基于这些信息，玩家3的描述仍然与地球这一特定行星的特征最为吻合，而其他玩家的描述则没有提供如此具体和独特的特征。因此，根据描述的具体性和独特性，我仍然认为玩家3很可能是卧底。
2024-12-13 11:48:51,516 - 1 - INFO - **********JUDGER**********
你刚刚的分析是根据第二轮描述和之前的信息，我的分析如下：

- 玩家1的描述强调了天体的独特形状和亮度，但指出它不是夜空中最亮的。
- 玩家2的描述提到了天体的大小和稳定性，以及它在夜空中增添的色彩。
- 玩家3的描述再次强调了天体的固态表面、液态水和生命存在，以及它的稳定轨道和相对较小的体积。
- 玩家4的描述提到了一种发光但不太明亮的天体，它通常较小且不容易被肉眼看到。

玩家3的描述仍然非常具体，提到了行星的表面特征、生命存在的条件以及轨道稳定性，这些特征与地球相符。玩家1和玩家2的描述虽然也有关于亮度和大小的描述，但没有提及生命存在的条件。玩家4的描述虽然也提到了发光的天体，但没有提及固态表面、液态水或生命存在。

基于这些信息，玩家3的描述仍然与地球这一特定行星的特征最为吻合，而其他玩家的描述则没有提供如此具体和独特的特征。因此，根据描述的具体性和独特性，我仍然认为玩家3很可能是卧底。|| `请根据上述分析，比较描述以找出不一致之处，注意，这局游戏的词语分类为<天文>，卧底词和平民词都属于该类。
2024-12-13 11:49:01,167 - 1 - INFO - **********PLAYER1**********
词

根据上述分析，以下是不一致之处：

1. **玩家1的描述**：强调了天体的独特形状和亮度，但没有提及天体的稳定性、生命存在或轨道特征。

2. **玩家2的描述**：提到了天体的大小、稳定性和夜空中的色彩，但没有提及天体的发光特性、固态表面、液态水或生命存在。

3. **玩家3的描述**：详细描述了天体的固态表面、液态水、生命存在以及稳定轨道和相对较小的体积。这些特征非常具体，且与地球的特征高度吻合。

4. **玩家4的描述**：提到了天体的发光特性，但指出它不太明亮且较小，不容易被肉眼看到，没有提及天体的稳定性、固态表面、液态水或生命存在。

不一致之处在于玩家3的描述提供了最具体和独特的特征，包括天体的物理特性（固态表面、液态水、稳定轨道）和生命存在的条件，而其他玩家的描述要么没有提及这些特征，要么描述的特征不够具体。这表明玩家3的描述与地球这一特定行星的特征最为吻合，而其他描述则更通用，缺乏玩家3描述中的独特性。因此，玩家3的描述与平民词的差异最大，可能是卧底。
2024-12-13 11:49:01,167 - 1 - INFO - **********JUDGER**********
你刚刚的分析是词

根据上述分析，以下是不一致之处：

1. **玩家1的描述**：强调了天体的独特形状和亮度，但没有提及天体的稳定性、生命存在或轨道特征。

2. **玩家2的描述**：提到了天体的大小、稳定性和夜空中的色彩，但没有提及天体的发光特性、固态表面、液态水或生命存在。

3. **玩家3的描述**：详细描述了天体的固态表面、液态水、生命存在以及稳定轨道和相对较小的体积。这些特征非常具体，且与地球的特征高度吻合。

4. **玩家4的描述**：提到了天体的发光特性，但指出它不太明亮且较小，不容易被肉眼看到，没有提及天体的稳定性、固态表面、液态水或生命存在。

不一致之处在于玩家3的描述提供了最具体和独特的特征，包括天体的物理特性（固态表面、液态水、稳定轨道）和生命存在的条件，而其他玩家的描述要么没有提及这些特征，要么描述的特征不够具体。这表明玩家3的描述与地球这一特定行星的特征最为吻合，而其他描述则更通用，缺乏玩家3描述中的独特性。因此，玩家3的描述与平民词的差异最大，可能是卧底。|| 请通过你分析的不一致之处，推断卧底身份，注意，这局游戏的词语分类为<天文>，卧底词和平民词都属于该类。
2024-12-13 11:49:02,211 - 1 - INFO - **********PLAYER1**********
3
2024-12-13 11:49:02,212 - 1 - INFO - **********JUDGER**********
你刚刚的推断是3|| 基于你刚刚的推断得出你的最终结论，请输出你认为的卧底，在这种情况下只需要输出编号，是1-4中的某个数字，不要输出其他信息。在这个过程不要进行任何推理，只对||以前的部分进行信息提取
2024-12-13 11:49:03,556 - 1 - INFO - **********PLAYER1**********
3
2024-12-13 11:50:13,952 - 1 - INFO - **********JUDGER**********
玩家1说：这个词语是一种天体，通常在夜空中非常明亮。它在同类中特别引人注目的是它的形状或亮度。这个天体在夜空中虽然不是最亮的，但它的光芒独特，形状各异，有时像小钻石般闪耀。它的亮度足以在黑暗中被人注意，但并不抢眼。玩家2说：这个词语是一种在宇宙中发光的物体，它的基本特征是能在夜空中发光。在同类中，它最突出的不同特征是它的大小，通常比其他同类物体更大，更容易被肉眼看到。这个词语是一种夜空中常见的发光物体，它的亮度通常适中，不会过于耀眼。它在同类中以其稳定的光芒和均匀的亮度而著称，不同于那些偶尔出现且亮度变化的物体。尽管它不是夜空中最亮的，但它的存在为夜空增添了一抹独特的色彩。玩家3说：这个词语是一种在太阳系中绕着恒星运行的行星，它的基本特征是拥有一个固态的表面和液态的水。在该类（天文）中最突出不同的特征是它是唯一已知存在生命的天体。这个天体是太阳系中的一部分，它以其稳定的轨道和相对较小的体积而著称。它不像太阳那样耀眼，但它的光芒在夜空中仍然清晰可见。它的大气层能够维持液态水的存在，这是生命得以存在的关键条件之一。玩家4说：这个词语是一种天体，基本特征是发光，但在夜空中并非特别明亮。它在同类中最突出的不同特征是它通常较小，不容易被肉眼看到。这个天体在宇宙中散发出柔和的光芒，它的亮度适中，不会过于刺眼。它通常在夜空中以闪烁或连续的光点形式出现，不会像某些天体那样突然或频繁地变化亮度。它的存在往往需要仔细观察才能察觉，但它在夜空中的位置相对稳定，可以作为导航的参考。你是第1号玩家，你的关键词是<星星>。你的回答中绝对不能包含你的关键词<星星>。这是第三轮描述，你之前的描述是这个词语是一种天体，通常在夜空中非常明亮。它在同类中特别引人注目的是它的形状或亮度。和这个天体在夜空中虽然不是最亮的，但它的光芒独特，形状各异，有时像小钻石般闪耀。它的亮度足以在黑暗中被人注意，但并不抢眼。，注意，这局游戏的词语分类为<天文>，卧底词和平民词都属于该类，请你补充关于关键词的描述，注意，你的描述应该比起之前的描述更加贴近关键词，作为之前的补充
2024-12-13 11:50:16,819 - 1 - INFO - **********PLAYER1**********
这种天体在夜空中散发的光芒是连续而稳定的，它们往往不会像某些天体那样突然变化亮度。它们的形状多样，有的像针尖，有的像钻石，有的则像是闪烁的火苗。尽管它们不是夜空中最亮的，但它们的独特形状和柔和的光芒常常在黑暗中引人注目。
2024-12-13 11:50:30,468 - 1 - INFO - **********JUDGER**********
玩家1说：这个词语是一种天体，通常在夜空中非常明亮。它在同类中特别引人注目的是它的形状或亮度。这个天体在夜空中虽然不是最亮的，但它的光芒独特，形状各异，有时像小钻石般闪耀。它的亮度足以在黑暗中被人注意，但并不抢眼。这种天体在夜空中散发的光芒是连续而稳定的，它们往往不会像某些天体那样突然变化亮度。它们的形状多样，有的像针尖，有的像钻石，有的则像是闪烁的火苗。尽管它们不是夜空中最亮的，但它们的独特形状和柔和的光芒常常在黑暗中引人注目。玩家2说：这个词语是一种在宇宙中发光的物体，它的基本特征是能在夜空中发光。在同类中，它最突出的不同特征是它的大小，通常比其他同类物体更大，更容易被肉眼看到。这个词语是一种夜空中常见的发光物体，它的亮度通常适中，不会过于耀眼。它在同类中以其稳定的光芒和均匀的亮度而著称，不同于那些偶尔出现且亮度变化的物体。尽管它不是夜空中最亮的，但它的存在为夜空增添了一抹独特的色彩。这个天体在夜空中虽然不如某些恒星那样耀眼，但它以其稳定的亮度在黑暗中显得格外明显。它的存在往往不会引起注意，除非仔细观察，但它的大小适中，足以在夜空中占据一席之地。它的光芒虽然不强烈，但能够持续不断地照亮夜空，为观察者提供了一种宁静的视觉享受。玩家3说：这个词语是一种在太阳系中绕着恒星运行的行星，它的基本特征是拥有一个固态的表面和液态的水。在该类（天文）中最突出不同的特征是它是唯一已知存在生命的天体。这个天体是太阳系中的一部分，它以其稳定的轨道和相对较小的体积而著称。它不像太阳那样耀眼，但它的光芒在夜空中仍然清晰可见。它的大气层能够维持液态水的存在，这是生命得以存在的关键条件之一。这个天体在太阳系中以其稳定的轨道运行，它的大小适中，体积较小，不像行星那样庞大。它有一个固态的表面，表面覆盖着大气层，这层大气层能够吸收和反射太阳光，使得天体在夜空中呈现出柔和的光芒。它的表面特征多样，可能包括山脉、海洋和陆地，这些地形特征使得天体在视觉上更加丰富。尽管它的光芒不如恒星那样耀眼，但它在夜空中仍然能够清晰可见，为夜空增添了一抹独特的色彩。玩家4说：这个词语是一种天体，基本特征是发光，但在夜空中并非特别明亮。它在同类中最突出的不同特征是它通常较小，不容易被肉眼看到。这个天体在宇宙中散发出柔和的光芒，它的亮度适中，不会过于刺眼。它通常在夜空中以闪烁或连续的光点形式出现，不会像某些天体那样突然或频繁地变化亮度。它的存在往往需要仔细观察才能察觉，但它在夜空中的位置相对稳定，可以作为导航的参考。这个天体在夜空中以其微弱而持续的光芒而著称，它的亮度不足以在白天看到，但在夜晚的黑暗中，它能够提供一种柔和的指引。它的光芒通常是均匀的，不会出现剧烈的闪烁或变化，这使得它在夜空中显得相对稳定。尽管它不是夜空中最亮的天体，但它的位置通常相对固定，对于航海者和旅行者来说，它可以作为一个可靠的导航标志。||在这个游戏中，我们需要通过分析每位玩家的描述来找出卧底。通常，平民的描述会围绕相同的词语展开，而卧底的描述可能会因为词语的不同而显得不太一致。我们需要仔细比较每个描述之间的相似性和差异性，以找出可能的卧底，注意，卧底并不会隐藏自己，他会直接描述他的词语，现在，逐一分析每个玩家的描述，注意，这局游戏的词语分类为<天文>，卧底词和平民词都属于该类。||之前是第3轮描述和之前轮数描述的合集。你之前认为的卧底是玩家3。
2024-12-13 11:50:37,832 - 1 - INFO - **********PLAYER1**********
基于第三轮描述和之前的描述，以下是对每位玩家描述的分析：

1. **玩家1的描述**：强调了天体的明亮性、独特形状和柔和光芒，以及它在夜空中的可见性。

2. **玩家2的描述**：提到了天体的大小、稳定性、亮度以及它在夜空中的可见性，强调了它的稳定光芒和均匀亮度。

3. **玩家3的描述**：详细描述了天体的固态表面、液态水、生命存在、稳定轨道、相对较小的体积，以及它在夜空中的可见性和表面特征。

4. **玩家4的描述**：描述了天体的发光性、亮度、形状、稳定性，以及它在夜空中的可见性和导航功能。

从这些描述中，玩家3的描述再次提供了最具体和独特的特征，包括天体的物理特性（固态表面、液态水、稳定轨道）、生命存在的条件，以及它在夜空中的视觉特征。这些特征与地球相符，而其他玩家的描述虽然也提到了一些天文特征，但没有像玩家3那样具体和全面。

因此，基于描述的具体性和独特性，我仍然认为玩家3很可能是卧底。
2024-12-13 11:50:37,834 - 1 - INFO - **********JUDGER**********
你刚刚的分析是基于第三轮描述和之前的描述，以下是对每位玩家描述的分析：

1. **玩家1的描述**：强调了天体的明亮性、独特形状和柔和光芒，以及它在夜空中的可见性。

2. **玩家2的描述**：提到了天体的大小、稳定性、亮度以及它在夜空中的可见性，强调了它的稳定光芒和均匀亮度。

3. **玩家3的描述**：详细描述了天体的固态表面、液态水、生命存在、稳定轨道、相对较小的体积，以及它在夜空中的可见性和表面特征。

4. **玩家4的描述**：描述了天体的发光性、亮度、形状、稳定性，以及它在夜空中的可见性和导航功能。

从这些描述中，玩家3的描述再次提供了最具体和独特的特征，包括天体的物理特性（固态表面、液态水、稳定轨道）、生命存在的条件，以及它在夜空中的视觉特征。这些特征与地球相符，而其他玩家的描述虽然也提到了一些天文特征，但没有像玩家3那样具体和全面。

因此，基于描述的具体性和独特性，我仍然认为玩家3很可能是卧底。|| `请根据上述分析，比较描述以找出不一致之处，注意，这局游戏的词语分类为<天文>，卧底词和平民词都属于该类。
2024-12-13 11:50:45,363 - 1 - INFO - **********PLAYER1**********
不一致之处如下：

1. **玩家1的描述**：侧重于天体的明亮性、形状和光芒，但没有提到天体的物理特性（如固态表面、液态水）或生命存在的条件。

2. **玩家2的描述**：强调了天体的大小、稳定性和光芒的均匀性，但没有提及天体的物理特性或生命存在的条件。

3. **玩家3的描述**：详细描述了天体的固态表面、液态水、生命存在、稳定轨道、相对较小的体积，以及它在夜空中的可见性和表面特征，这些描述非常具体且指向地球。

4. **玩家4的描述**：提到了天体的发光性、亮度、形状、稳定性和导航功能，但没有提及天体的固态表面、液态水或生命存在的条件。

玩家3的描述与地球的特征最为吻合，特别是提到了固态表面、液态水和生命存在的条件，这些特征在玩家1、玩家2和玩家4的描述中都没有被提及或强调。这表明玩家3的描述与平民词的差异最大，可能是卧底。
2024-12-13 11:50:45,365 - 1 - INFO - **********JUDGER**********
你刚刚的分析是不一致之处如下：

1. **玩家1的描述**：侧重于天体的明亮性、形状和光芒，但没有提到天体的物理特性（如固态表面、液态水）或生命存在的条件。

2. **玩家2的描述**：强调了天体的大小、稳定性和光芒的均匀性，但没有提及天体的物理特性或生命存在的条件。

3. **玩家3的描述**：详细描述了天体的固态表面、液态水、生命存在、稳定轨道、相对较小的体积，以及它在夜空中的可见性和表面特征，这些描述非常具体且指向地球。

4. **玩家4的描述**：提到了天体的发光性、亮度、形状、稳定性和导航功能，但没有提及天体的固态表面、液态水或生命存在的条件。

玩家3的描述与地球的特征最为吻合，特别是提到了固态表面、液态水和生命存在的条件，这些特征在玩家1、玩家2和玩家4的描述中都没有被提及或强调。这表明玩家3的描述与平民词的差异最大，可能是卧底。|| 请通过你分析的不一致之处，推断卧底身份，注意，这局游戏的词语分类为<天文>，卧底词和平民词都属于该类。
2024-12-13 11:50:46,699 - 1 - INFO - **********PLAYER1**********
3
2024-12-13 11:50:46,700 - 1 - INFO - **********JUDGER**********
你刚刚的推断是3|| 基于你刚刚的推断得出你的最终结论，请输出你认为的卧底，在这种情况下只需要输出编号，是1-4中的某个数字，不要输出其他信息。在这个过程不要进行任何推理，只对||以前的部分进行信息提取
2024-12-13 11:50:47,719 - 1 - INFO - **********PLAYER1**********
3
