2024-12-13 11:46:49,484 - 2 - INFO - **********JUDGER**********
让我们来玩一个叫做<谁是卧底>的推理游戏。基本规则：<人数>：4人。<角色分配>：每位玩家随机抽取一个词语，3名玩家拿到的词语是相同的（平民词），1名玩家拿到与之相近但不同的词语（卧底词）。<游戏流程>：1、玩家轮流描述自己的词语，但<不能>直接说出词语本身。2、描述完毕后，投票选出最像卧底的玩家。3、每轮结束后，被投票选出的玩家出局，不能再进行描述或投票。4、每轮投票结束后，如果卧底被成功找出，平民方获胜；如果卧底未被找出且卧底人数等于或超过平民人数，则卧底方获胜。你将扮演一个<玩家>，请等待你被分配到的关键词。如果你听懂了，只回答，"好的，我准备好参加游戏了"，不要输出别的信息
2024-12-13 11:46:50,021 - 2 - INFO - **********PLAYER2**********
好的，我准备好参加游戏了
2024-12-13 11:46:53,964 - 2 - INFO - **********JUDGER**********
玩家1说：这个词语是一种天体，通常在夜空中非常明亮。它在同类中特别引人注目的是它的形状或亮度。玩家2说：玩家3说：玩家4说：|| 你是第2号玩家，你的关键词是<星星>。你的回答中绝对不能包含你的关键词<星星>。这是第一轮描述，不需要分析||之前别的玩家的描述，请你描述关键词基本特征，注意，这局游戏的词语分类为<天文>，卧底词和平民词都属于该类，描述包括以下两点，1.他的基本特征是什么2.他在该类（天文）中最突出不同的特征是什么，尽量简短
2024-12-13 11:46:55,705 - 2 - INFO - **********PLAYER2**********
这个词语是一种在宇宙中发光的物体，它的基本特征是能在夜空中发光。在同类中，它最突出的不同特征是它的大小，通常比其他同类物体更大，更容易被肉眼看到。
2024-12-13 11:47:21,786 - 2 - INFO - **********JUDGER**********
玩家1说：这个词语是一种天体，通常在夜空中非常明亮。它在同类中特别引人注目的是它的形状或亮度。玩家2说：这个词语是一种在宇宙中发光的物体，它的基本特征是能在夜空中发光。在同类中，它最突出的不同特征是它的大小，通常比其他同类物体更大，更容易被肉眼看到。玩家3说：这个词语是一种在太阳系中绕着恒星运行的行星，它的基本特征是拥有一个固态的表面和液态的水。在该类（天文）中最突出不同的特征是它是唯一已知存在生命的天体。玩家4说：||在这个游戏中，我们需要通过分析每位玩家的描述来找出卧底。通常，平民的描述会围绕相同的词语展开，而卧底的描述可能会因为词语的不同而显得不太一致。我们需要仔细比较每个描述之间的相似性和差异性，以找出可能的卧底，注意，卧底并不会隐藏自己，他会直接描述他的词语，现在，逐一分析每个玩家的描述，注意，这局游戏的词语分类为<天文>，卧底词和平民词都属于该类。这是第一轮描述。
2024-12-13 11:47:29,178 - 2 - INFO - **********PLAYER2**********
好的，根据四位玩家的描述，我们可以进行以下分析：

玩家1和玩家2的描述都指向了夜空中明亮的物体，并且提到了形状或亮度，这暗示了它们可能是同一类词语，比如星星。

玩家3的描述则提到了一个固态表面和液态水的行星，并且强调它是唯一已知存在生命的天体，这与玩家1和玩家2的描述不同，这表明玩家3可能是卧底，因为他的描述与已知词语不符。

玩家4没有提供具体的描述，而是提醒我们要通过分析找出卧底，这可能是为了引导其他玩家注意描述的差异。

综上所述，玩家3的描述与已知词语不符，他可能是卧底。而玩家1、玩家2和玩家4的描述则较为一致，指向了同一类词语。因此，在第一轮投票中，玩家3可能会被选为卧底嫌疑人。
2024-12-13 11:47:29,183 - 2 - INFO - **********JUDGER**********
你刚刚的分析是好的，根据四位玩家的描述，我们可以进行以下分析：

玩家1和玩家2的描述都指向了夜空中明亮的物体，并且提到了形状或亮度，这暗示了它们可能是同一类词语，比如星星。

玩家3的描述则提到了一个固态表面和液态水的行星，并且强调它是唯一已知存在生命的天体，这与玩家1和玩家2的描述不同，这表明玩家3可能是卧底，因为他的描述与已知词语不符。

玩家4没有提供具体的描述，而是提醒我们要通过分析找出卧底，这可能是为了引导其他玩家注意描述的差异。

综上所述，玩家3的描述与已知词语不符，他可能是卧底。而玩家1、玩家2和玩家4的描述则较为一致，指向了同一类词语。因此，在第一轮投票中，玩家3可能会被选为卧底嫌疑人。|| `请根据上述分析，比较描述以找出不一致之处，注意，这局游戏的词语分类为<天文>，卧底词和平民词都属于该类。
2024-12-13 11:47:33,748 - 2 - INFO - **********PLAYER2**********
根据上述分析，我们可以比较描述中的不一致之处如下：

1. 玩家1和玩家2的描述都集中在夜空中明亮的物体，强调了形状或亮度，这与“星星”这一词语的特征相符。

2. 玩家3的描述则指向了一个具有固态表面和液态水的行星，并指出它是唯一已知存在生命的天体。这一描述与“星星”不符，因为星星是由气体和尘埃构成的，没有固态表面和液态水，且并不是已知存在生命的天体。

3. 玩家4没有提供具体的描述，而是提供了一个提示，即通过分析找出卧底，这表明玩家4可能是在帮助其他玩家识别描述中的不一致性。

因此，不一致之处在于玩家3的描述与天文类中的其他词语（如星星）的特征不匹配，而玩家1、玩家2和玩家4的描述则更符合天文类中的常见词语。这表明玩家3的描述可能是基于一个不同的词语，即他可能是卧底。
2024-12-13 11:47:33,751 - 2 - INFO - **********JUDGER**********
你刚刚的分析是根据上述分析，我们可以比较描述中的不一致之处如下：

1. 玩家1和玩家2的描述都集中在夜空中明亮的物体，强调了形状或亮度，这与“星星”这一词语的特征相符。

2. 玩家3的描述则指向了一个具有固态表面和液态水的行星，并指出它是唯一已知存在生命的天体。这一描述与“星星”不符，因为星星是由气体和尘埃构成的，没有固态表面和液态水，且并不是已知存在生命的天体。

3. 玩家4没有提供具体的描述，而是提供了一个提示，即通过分析找出卧底，这表明玩家4可能是在帮助其他玩家识别描述中的不一致性。

因此，不一致之处在于玩家3的描述与天文类中的其他词语（如星星）的特征不匹配，而玩家1、玩家2和玩家4的描述则更符合天文类中的常见词语。这表明玩家3的描述可能是基于一个不同的词语，即他可能是卧底。|| 请通过你分析的不一致之处，推断卧底身份，注意，这局游戏的词语分类为<天文>，卧底词和平民词都属于该类。
2024-12-13 11:47:37,449 - 2 - INFO - **********PLAYER2**********
根据分析中提到的不一致之处，我们可以推断以下卧底身份：

玩家3的描述提到了一个具有固态表面和液态水的行星，并强调它是唯一已知存在生命的天体。这个描述与天文类中的常见词语“星星”不符，因为星星是由气体和尘埃构成的，不具备固态表面和液态水，也不是已知存在生命的天体。

在已知的常见天文词语中，唯一符合玩家3描述的词语是“地球”。地球是一个具有固态表面和液态水的行星，而且是目前唯一已知存在生命的行星。

因此，基于描述中的不一致性，我们可以推断玩家3的卧底身份是“地球”。
2024-12-13 11:47:37,452 - 2 - INFO - **********JUDGER**********
你刚刚的推断是根据分析中提到的不一致之处，我们可以推断以下卧底身份：

玩家3的描述提到了一个具有固态表面和液态水的行星，并强调它是唯一已知存在生命的天体。这个描述与天文类中的常见词语“星星”不符，因为星星是由气体和尘埃构成的，不具备固态表面和液态水，也不是已知存在生命的天体。

在已知的常见天文词语中，唯一符合玩家3描述的词语是“地球”。地球是一个具有固态表面和液态水的行星，而且是目前唯一已知存在生命的行星。

因此，基于描述中的不一致性，我们可以推断玩家3的卧底身份是“地球”。|| 基于你刚刚的推断得出你的最终结论，请输出你认为的卧底，在这种情况下只需要输出编号，是1-4中的某个数字，不要输出其他信息。在这个过程不要进行任何推理，只对||以前的部分进行信息提取
2024-12-13 11:47:38,065 - 2 - INFO - **********PLAYER2**********
3
2024-12-13 11:48:31,047 - 2 - INFO - **********JUDGER**********
玩家1说：这个词语是一种天体，通常在夜空中非常明亮。它在同类中特别引人注目的是它的形状或亮度。这个天体在夜空中虽然不是最亮的，但它的光芒独特，形状各异，有时像小钻石般闪耀。它的亮度足以在黑暗中被人注意，但并不抢眼。玩家2说：这个词语是一种在宇宙中发光的物体，它的基本特征是能在夜空中发光。在同类中，它最突出的不同特征是它的大小，通常比其他同类物体更大，更容易被肉眼看到。玩家3说：这个词语是一种在太阳系中绕着恒星运行的行星，它的基本特征是拥有一个固态的表面和液态的水。在该类（天文）中最突出不同的特征是它是唯一已知存在生命的天体。玩家4说：这个词语是一种天体，基本特征是发光，但在夜空中并非特别明亮。它在同类中最突出的不同特征是它通常较小，不容易被肉眼看到。你是第2号玩家，你的关键词是<星星>。你的回答中绝对不能包含你的关键词<星星>。这是第二轮描述，你之前的描述是这个词语是一种在宇宙中发光的物体，它的基本特征是能在夜空中发光。在同类中，它最突出的不同特征是它的大小，通常比其他同类物体更大，更容易被肉眼看到。，注意，这局游戏的词语分类为<天文>，卧底词和平民词都属于该类，请你补充关于关键词的描述，注意，你的描述应该比起之前的描述更加贴近关键词，作为之前的补充
2024-12-13 11:48:34,759 - 2 - INFO - **********PLAYER2**********
这个词语是一种夜空中常见的发光物体，它的亮度通常适中，不会过于耀眼。它在同类中以其稳定的光芒和均匀的亮度而著称，不同于那些偶尔出现且亮度变化的物体。尽管它不是夜空中最亮的，但它的存在为夜空增添了一抹独特的色彩。
2024-12-13 11:49:03,557 - 2 - INFO - **********JUDGER**********
玩家1说：这个词语是一种天体，通常在夜空中非常明亮。它在同类中特别引人注目的是它的形状或亮度。这个天体在夜空中虽然不是最亮的，但它的光芒独特，形状各异，有时像小钻石般闪耀。它的亮度足以在黑暗中被人注意，但并不抢眼。玩家2说：这个词语是一种在宇宙中发光的物体，它的基本特征是能在夜空中发光。在同类中，它最突出的不同特征是它的大小，通常比其他同类物体更大，更容易被肉眼看到。这个词语是一种夜空中常见的发光物体，它的亮度通常适中，不会过于耀眼。它在同类中以其稳定的光芒和均匀的亮度而著称，不同于那些偶尔出现且亮度变化的物体。尽管它不是夜空中最亮的，但它的存在为夜空增添了一抹独特的色彩。玩家3说：这个词语是一种在太阳系中绕着恒星运行的行星，它的基本特征是拥有一个固态的表面和液态的水。在该类（天文）中最突出不同的特征是它是唯一已知存在生命的天体。这个天体是太阳系中的一部分，它以其稳定的轨道和相对较小的体积而著称。它不像太阳那样耀眼，但它的光芒在夜空中仍然清晰可见。它的大气层能够维持液态水的存在，这是生命得以存在的关键条件之一。玩家4说：这个词语是一种天体，基本特征是发光，但在夜空中并非特别明亮。它在同类中最突出的不同特征是它通常较小，不容易被肉眼看到。||在这个游戏中，我们需要通过分析每位玩家的描述来找出卧底。通常，平民的描述会围绕相同的词语展开，而卧底的描述可能会因为词语的不同而显得不太一致。我们需要仔细比较每个描述之间的相似性和差异性，以找出可能的卧底，注意，卧底并不会隐藏自己，他会直接描述他的词语，现在，逐一分析每个玩家的描述，注意，这局游戏的词语分类为<天文>，卧底词和平民词都属于该类。||之前是第2轮描述和之前轮数描述的合集。你之前认为的卧底是玩家3。
2024-12-13 11:49:09,605 - 2 - INFO - **********PLAYER2**********
根据玩家们的描述，我们可以进行以下分析：

玩家1的描述强调了天体的明亮和独特形状，提到了像小钻石般闪耀，这符合星星的特征。

玩家2的描述提到了天体的大小和亮度，指出它通常比其他同类物体更大，这也符合星星的特征。

玩家3的描述提到了一个固态表面和液态水的行星，并强调它是唯一已知存在生命的天体，这与星星的特征不符，因为星星是由气体和尘埃构成的，没有固态表面和液态水。

玩家4的描述提到了一个发光但不是特别明亮的天体，它通常较小，不容易被肉眼看到，这也符合星星的特征。

由于玩家3的描述与其他玩家明显不同，且描述了一个与星星特征不符的天体，因此之前的推断是玩家3可能是卧底。

根据这些信息，我之前的结论是玩家3是卧底。
2024-12-13 11:49:09,606 - 2 - INFO - **********JUDGER**********
你刚刚的分析是根据玩家们的描述，我们可以进行以下分析：

玩家1的描述强调了天体的明亮和独特形状，提到了像小钻石般闪耀，这符合星星的特征。

玩家2的描述提到了天体的大小和亮度，指出它通常比其他同类物体更大，这也符合星星的特征。

玩家3的描述提到了一个固态表面和液态水的行星，并强调它是唯一已知存在生命的天体，这与星星的特征不符，因为星星是由气体和尘埃构成的，没有固态表面和液态水。

玩家4的描述提到了一个发光但不是特别明亮的天体，它通常较小，不容易被肉眼看到，这也符合星星的特征。

由于玩家3的描述与其他玩家明显不同，且描述了一个与星星特征不符的天体，因此之前的推断是玩家3可能是卧底。

根据这些信息，我之前的结论是玩家3是卧底。|| `请根据上述分析，比较描述以找出不一致之处，注意，这局游戏的词语分类为<天文>，卧底词和平民词都属于该类。
2024-12-13 11:49:13,953 - 2 - INFO - **********PLAYER2**********
根据上述分析，不一致之处如下：

1. 玩家1、玩家2和玩家4的描述都指向了夜空中发光的天体，这些描述强调了天体的亮度、形状或大小，这些特征都与星星相符。

2. 玩家3的描述提到了一个固态表面和液态水的行星，并强调它是唯一已知存在生命的天体。这一描述与星星的特征不符，因为星星是恒星或行星外的天体，由气体和尘埃构成，没有固态表面和液态水。

因此，不一致之处在于玩家3的描述与其他玩家的描述在关键特征上存在显著差异，即玩家3描述的行星特征与星星不符。这表明玩家3的描述可能是基于一个不同的词语，即他可能是卧底。
2024-12-13 11:49:13,954 - 2 - INFO - **********JUDGER**********
你刚刚的分析是根据上述分析，不一致之处如下：

1. 玩家1、玩家2和玩家4的描述都指向了夜空中发光的天体，这些描述强调了天体的亮度、形状或大小，这些特征都与星星相符。

2. 玩家3的描述提到了一个固态表面和液态水的行星，并强调它是唯一已知存在生命的天体。这一描述与星星的特征不符，因为星星是恒星或行星外的天体，由气体和尘埃构成，没有固态表面和液态水。

因此，不一致之处在于玩家3的描述与其他玩家的描述在关键特征上存在显著差异，即玩家3描述的行星特征与星星不符。这表明玩家3的描述可能是基于一个不同的词语，即他可能是卧底。|| 请通过你分析的不一致之处，推断卧底身份，注意，这局游戏的词语分类为<天文>，卧底词和平民词都属于该类。
2024-12-13 11:49:16,343 - 2 - INFO - **********PLAYER2**********
基于分析中提到的不一致之处，可以推断卧底身份是玩家3。他的描述提到了一个具有固态表面和液态水的行星，这与天文类中的星星（由气体和尘埃构成，没有固态表面和液态水）的特征不符。因此，玩家3很可能是卧底。
2024-12-13 11:49:16,344 - 2 - INFO - **********JUDGER**********
你刚刚的推断是基于分析中提到的不一致之处，可以推断卧底身份是玩家3。他的描述提到了一个具有固态表面和液态水的行星，这与天文类中的星星（由气体和尘埃构成，没有固态表面和液态水）的特征不符。因此，玩家3很可能是卧底。|| 基于你刚刚的推断得出你的最终结论，请输出你认为的卧底，在这种情况下只需要输出编号，是1-4中的某个数字，不要输出其他信息。在这个过程不要进行任何推理，只对||以前的部分进行信息提取
2024-12-13 11:49:17,068 - 2 - INFO - **********PLAYER2**********
3
2024-12-13 11:50:16,820 - 2 - INFO - **********JUDGER**********
玩家1说：这个词语是一种天体，通常在夜空中非常明亮。它在同类中特别引人注目的是它的形状或亮度。这个天体在夜空中虽然不是最亮的，但它的光芒独特，形状各异，有时像小钻石般闪耀。它的亮度足以在黑暗中被人注意，但并不抢眼。这种天体在夜空中散发的光芒是连续而稳定的，它们往往不会像某些天体那样突然变化亮度。它们的形状多样，有的像针尖，有的像钻石，有的则像是闪烁的火苗。尽管它们不是夜空中最亮的，但它们的独特形状和柔和的光芒常常在黑暗中引人注目。玩家2说：这个词语是一种在宇宙中发光的物体，它的基本特征是能在夜空中发光。在同类中，它最突出的不同特征是它的大小，通常比其他同类物体更大，更容易被肉眼看到。这个词语是一种夜空中常见的发光物体，它的亮度通常适中，不会过于耀眼。它在同类中以其稳定的光芒和均匀的亮度而著称，不同于那些偶尔出现且亮度变化的物体。尽管它不是夜空中最亮的，但它的存在为夜空增添了一抹独特的色彩。玩家3说：这个词语是一种在太阳系中绕着恒星运行的行星，它的基本特征是拥有一个固态的表面和液态的水。在该类（天文）中最突出不同的特征是它是唯一已知存在生命的天体。这个天体是太阳系中的一部分，它以其稳定的轨道和相对较小的体积而著称。它不像太阳那样耀眼，但它的光芒在夜空中仍然清晰可见。它的大气层能够维持液态水的存在，这是生命得以存在的关键条件之一。玩家4说：这个词语是一种天体，基本特征是发光，但在夜空中并非特别明亮。它在同类中最突出的不同特征是它通常较小，不容易被肉眼看到。这个天体在宇宙中散发出柔和的光芒，它的亮度适中，不会过于刺眼。它通常在夜空中以闪烁或连续的光点形式出现，不会像某些天体那样突然或频繁地变化亮度。它的存在往往需要仔细观察才能察觉，但它在夜空中的位置相对稳定，可以作为导航的参考。你是第2号玩家，你的关键词是<星星>。你的回答中绝对不能包含你的关键词<星星>。这是第三轮描述，你之前的描述是这个词语是一种在宇宙中发光的物体，它的基本特征是能在夜空中发光。在同类中，它最突出的不同特征是它的大小，通常比其他同类物体更大，更容易被肉眼看到。和这个词语是一种夜空中常见的发光物体，它的亮度通常适中，不会过于耀眼。它在同类中以其稳定的光芒和均匀的亮度而著称，不同于那些偶尔出现且亮度变化的物体。尽管它不是夜空中最亮的，但它的存在为夜空增添了一抹独特的色彩。，注意，这局游戏的词语分类为<天文>，卧底词和平民词都属于该类，请你补充关于关键词的描述，注意，你的描述应该比起之前的描述更加贴近关键词，作为之前的补充
2024-12-13 11:50:23,797 - 2 - INFO - **********PLAYER2**********
这个天体在夜空中虽然不如某些恒星那样耀眼，但它以其稳定的亮度在黑暗中显得格外明显。它的存在往往不会引起注意，除非仔细观察，但它的大小适中，足以在夜空中占据一席之地。它的光芒虽然不强烈，但能够持续不断地照亮夜空，为观察者提供了一种宁静的视觉享受。
2024-12-13 11:50:47,720 - 2 - INFO - **********JUDGER**********
玩家1说：这个词语是一种天体，通常在夜空中非常明亮。它在同类中特别引人注目的是它的形状或亮度。这个天体在夜空中虽然不是最亮的，但它的光芒独特，形状各异，有时像小钻石般闪耀。它的亮度足以在黑暗中被人注意，但并不抢眼。这种天体在夜空中散发的光芒是连续而稳定的，它们往往不会像某些天体那样突然变化亮度。它们的形状多样，有的像针尖，有的像钻石，有的则像是闪烁的火苗。尽管它们不是夜空中最亮的，但它们的独特形状和柔和的光芒常常在黑暗中引人注目。玩家2说：这个词语是一种在宇宙中发光的物体，它的基本特征是能在夜空中发光。在同类中，它最突出的不同特征是它的大小，通常比其他同类物体更大，更容易被肉眼看到。这个词语是一种夜空中常见的发光物体，它的亮度通常适中，不会过于耀眼。它在同类中以其稳定的光芒和均匀的亮度而著称，不同于那些偶尔出现且亮度变化的物体。尽管它不是夜空中最亮的，但它的存在为夜空增添了一抹独特的色彩。这个天体在夜空中虽然不如某些恒星那样耀眼，但它以其稳定的亮度在黑暗中显得格外明显。它的存在往往不会引起注意，除非仔细观察，但它的大小适中，足以在夜空中占据一席之地。它的光芒虽然不强烈，但能够持续不断地照亮夜空，为观察者提供了一种宁静的视觉享受。玩家3说：这个词语是一种在太阳系中绕着恒星运行的行星，它的基本特征是拥有一个固态的表面和液态的水。在该类（天文）中最突出不同的特征是它是唯一已知存在生命的天体。这个天体是太阳系中的一部分，它以其稳定的轨道和相对较小的体积而著称。它不像太阳那样耀眼，但它的光芒在夜空中仍然清晰可见。它的大气层能够维持液态水的存在，这是生命得以存在的关键条件之一。这个天体在太阳系中以其稳定的轨道运行，它的大小适中，体积较小，不像行星那样庞大。它有一个固态的表面，表面覆盖着大气层，这层大气层能够吸收和反射太阳光，使得天体在夜空中呈现出柔和的光芒。它的表面特征多样，可能包括山脉、海洋和陆地，这些地形特征使得天体在视觉上更加丰富。尽管它的光芒不如恒星那样耀眼，但它在夜空中仍然能够清晰可见，为夜空增添了一抹独特的色彩。玩家4说：这个词语是一种天体，基本特征是发光，但在夜空中并非特别明亮。它在同类中最突出的不同特征是它通常较小，不容易被肉眼看到。这个天体在宇宙中散发出柔和的光芒，它的亮度适中，不会过于刺眼。它通常在夜空中以闪烁或连续的光点形式出现，不会像某些天体那样突然或频繁地变化亮度。它的存在往往需要仔细观察才能察觉，但它在夜空中的位置相对稳定，可以作为导航的参考。这个天体在夜空中以其微弱而持续的光芒而著称，它的亮度不足以在白天看到，但在夜晚的黑暗中，它能够提供一种柔和的指引。它的光芒通常是均匀的，不会出现剧烈的闪烁或变化，这使得它在夜空中显得相对稳定。尽管它不是夜空中最亮的天体，但它的位置通常相对固定，对于航海者和旅行者来说，它可以作为一个可靠的导航标志。||在这个游戏中，我们需要通过分析每位玩家的描述来找出卧底。通常，平民的描述会围绕相同的词语展开，而卧底的描述可能会因为词语的不同而显得不太一致。我们需要仔细比较每个描述之间的相似性和差异性，以找出可能的卧底，注意，卧底并不会隐藏自己，他会直接描述他的词语，现在，逐一分析每个玩家的描述，注意，这局游戏的词语分类为<天文>，卧底词和平民词都属于该类。||之前是第3轮描述和之前轮数描述的合集。你之前认为的卧底是玩家3。
2024-12-13 11:50:53,355 - 2 - INFO - **********PLAYER2**********
根据玩家们的描述，我们可以进行以下分析：

玩家1的描述强调了天体的明亮、独特形状和柔和的光芒，提到了多种形状，如针尖、钻石和火苗。

玩家2的描述提到了天体的大小、亮度以及稳定的光芒，指出它通常比其他同类物体更大，亮度适中，不会过于耀眼。

玩家3的描述详细描述了一个固态表面和液态水的行星，强调它是唯一已知存在生命的天体，具有稳定的轨道和相对较小的体积，表面覆盖着大气层。

玩家4的描述提到了一个发光但不太明亮的天体，通常较小，不容易被肉眼看到，散发出柔和的光芒，亮度适中，不会突然或频繁地变化亮度。

玩家3的描述与其他玩家的描述在关键特征上存在显著差异。其他玩家描述的天体特征更符合星星或行星外的天体，而玩家3描述的则是具有固态表面和液态水的行星，这与已知的天体特征不符。

因此，基于描述中的不一致性，玩家3的描述可能是基于一个不同的词语，即他可能是卧底。
2024-12-13 11:50:53,357 - 2 - INFO - **********JUDGER**********
你刚刚的分析是根据玩家们的描述，我们可以进行以下分析：

玩家1的描述强调了天体的明亮、独特形状和柔和的光芒，提到了多种形状，如针尖、钻石和火苗。

玩家2的描述提到了天体的大小、亮度以及稳定的光芒，指出它通常比其他同类物体更大，亮度适中，不会过于耀眼。

玩家3的描述详细描述了一个固态表面和液态水的行星，强调它是唯一已知存在生命的天体，具有稳定的轨道和相对较小的体积，表面覆盖着大气层。

玩家4的描述提到了一个发光但不太明亮的天体，通常较小，不容易被肉眼看到，散发出柔和的光芒，亮度适中，不会突然或频繁地变化亮度。

玩家3的描述与其他玩家的描述在关键特征上存在显著差异。其他玩家描述的天体特征更符合星星或行星外的天体，而玩家3描述的则是具有固态表面和液态水的行星，这与已知的天体特征不符。

因此，基于描述中的不一致性，玩家3的描述可能是基于一个不同的词语，即他可能是卧底。|| `请根据上述分析，比较描述以找出不一致之处，注意，这局游戏的词语分类为<天文>，卧底词和平民词都属于该类。
2024-12-13 11:51:01,127 - 2 - INFO - **********PLAYER2**********
不一致之处如下：

1. 玩家1、玩家2和玩家4的描述都指向了夜空中发光的天体，这些描述中提到了天体的亮度、形状和光芒的稳定性，但没有提到天体具有固态表面和液态水。

2. 玩家3的描述特别提到了一个具有固态表面和液态水的行星，并强调了它是唯一已知存在生命的天体，这与玩家1、玩家2和玩家4描述的天体特征不符，因为它们没有提到这些生命相关的特征。

3. 玩家3的描述还提到了天体具有稳定的轨道和相对较小的体积，以及表面覆盖着大气层，这些特征与玩家1、玩家2和玩家4描述的天体的普遍特征（如星星或行星外的天体）不一致。

因此，玩家3的描述在关键特征上与其他玩家的描述不一致，这表明他的描述可能是基于一个不同的词语，即他可能是卧底。
2024-12-13 11:51:01,128 - 2 - INFO - **********JUDGER**********
你刚刚的分析是不一致之处如下：

1. 玩家1、玩家2和玩家4的描述都指向了夜空中发光的天体，这些描述中提到了天体的亮度、形状和光芒的稳定性，但没有提到天体具有固态表面和液态水。

2. 玩家3的描述特别提到了一个具有固态表面和液态水的行星，并强调了它是唯一已知存在生命的天体，这与玩家1、玩家2和玩家4描述的天体特征不符，因为它们没有提到这些生命相关的特征。

3. 玩家3的描述还提到了天体具有稳定的轨道和相对较小的体积，以及表面覆盖着大气层，这些特征与玩家1、玩家2和玩家4描述的天体的普遍特征（如星星或行星外的天体）不一致。

因此，玩家3的描述在关键特征上与其他玩家的描述不一致，这表明他的描述可能是基于一个不同的词语，即他可能是卧底。|| 请通过你分析的不一致之处，推断卧底身份，注意，这局游戏的词语分类为<天文>，卧底词和平民词都属于该类。
2024-12-13 11:51:04,127 - 2 - INFO - **********PLAYER2**********
基于分析的不一致之处，可以推断卧底身份是玩家3。他的描述详细描述了一个具有固态表面和液态水的行星，并强调它是唯一已知存在生命的天体，这与其他玩家描述的发光天体（如星星）的特征不符。因此，玩家3很可能是卧底。
2024-12-13 11:51:04,127 - 2 - INFO - **********JUDGER**********
你刚刚的推断是基于分析的不一致之处，可以推断卧底身份是玩家3。他的描述详细描述了一个具有固态表面和液态水的行星，并强调它是唯一已知存在生命的天体，这与其他玩家描述的发光天体（如星星）的特征不符。因此，玩家3很可能是卧底。|| 基于你刚刚的推断得出你的最终结论，请输出你认为的卧底，在这种情况下只需要输出编号，是1-4中的某个数字，不要输出其他信息。在这个过程不要进行任何推理，只对||以前的部分进行信息提取
2024-12-13 11:51:05,080 - 2 - INFO - **********PLAYER2**********
3
