2024-12-13 11:46:51,010 - 3 - INFO - **********JUDGER**********
让我们来玩一个叫做<谁是卧底>的推理游戏。基本规则：<人数>：4人。<角色分配>：每位玩家随机抽取一个词语，3名玩家拿到的词语是相同的（平民词），1名玩家拿到与之相近但不同的词语（卧底词）。<游戏流程>：1、玩家轮流描述自己的词语，但<不能>直接说出词语本身。2、描述完毕后，投票选出最像卧底的玩家。3、每轮结束后，被投票选出的玩家出局，不能再进行描述或投票。4、每轮投票结束后，如果卧底被成功找出，平民方获胜；如果卧底未被找出且卧底人数等于或超过平民人数，则卧底方获胜。你将扮演一个<玩家>，请等待你被分配到的关键词。如果你听懂了，只回答，"好的，我准备好参加游戏了"，不要输出别的信息
2024-12-13 11:46:51,430 - 3 - INFO - **********PLAYER3**********
好的，我准备好参加游戏了
2024-12-13 11:46:55,706 - 3 - INFO - **********JUDGER**********
玩家1说：这个词语是一种天体，通常在夜空中非常明亮。它在同类中特别引人注目的是它的形状或亮度。玩家2说：这个词语是一种在宇宙中发光的物体，它的基本特征是能在夜空中发光。在同类中，它最突出的不同特征是它的大小，通常比其他同类物体更大，更容易被肉眼看到。玩家3说：玩家4说：|| 你是第3号玩家，你的关键词是<地球>。你的回答中绝对不能包含你的关键词<地球>。这是第一轮描述，不需要分析||之前别的玩家的描述，请你描述关键词基本特征，注意，这局游戏的词语分类为<天文>，卧底词和平民词都属于该类，描述包括以下两点，1.他的基本特征是什么2.他在该类（天文）中最突出不同的特征是什么，尽量简短
2024-12-13 11:46:57,284 - 3 - INFO - **********PLAYER3**********
这个词语是一种在太阳系中绕着恒星运行的行星，它的基本特征是拥有一个固态的表面和液态的水。在该类（天文）中最突出不同的特征是它是唯一已知存在生命的天体。
2024-12-13 11:47:38,066 - 3 - INFO - **********JUDGER**********
玩家1说：这个词语是一种天体，通常在夜空中非常明亮。它在同类中特别引人注目的是它的形状或亮度。玩家2说：这个词语是一种在宇宙中发光的物体，它的基本特征是能在夜空中发光。在同类中，它最突出的不同特征是它的大小，通常比其他同类物体更大，更容易被肉眼看到。玩家3说：这个词语是一种在太阳系中绕着恒星运行的行星，它的基本特征是拥有一个固态的表面和液态的水。在该类（天文）中最突出不同的特征是它是唯一已知存在生命的天体。玩家4说：||在这个游戏中，我们需要通过分析每位玩家的描述来找出卧底。通常，平民的描述会围绕相同的词语展开，而卧底的描述可能会因为词语的不同而显得不太一致。我们需要仔细比较每个描述之间的相似性和差异性，以找出可能的卧底，注意，卧底并不会隐藏自己，他会直接描述他的词语，现在，逐一分析每个玩家的描述，注意，这局游戏的词语分类为<天文>，卧底词和平民词都属于该类。这是第一轮描述。
2024-12-13 11:47:46,894 - 3 - INFO - **********PLAYER3**********
玩家1的描述提到了“形状或亮度”，玩家2的描述强调了“大小”，玩家3的描述则提到了“固态的表面和液态的水”，以及“唯一已知存在生命的天体”。从这些描述来看，玩家1和玩家2的描述都提到了天体在夜空中的可见性特征，而玩家3的描述则更加具体地指向了地球的特定特征。

如果所有玩家都是平民，他们的描述应该会围绕同一个词语展开，但这里有几个不一致的地方：

- 玩家1和玩家2的描述都强调了天体的可见性，但没有提到具体的行星或天体名称。
- 玩家3的描述则直接指向了地球，这是已知存在生命的行星，这与玩家1和玩家2的描述有所不同。

考虑到游戏规则和描述的不一致性，玩家3的描述可能是卧底的描述，因为它提到了地球这一特定名称，而其他玩家没有。当然，这只是一个初步的分析，还需要更多的信息来确定谁是卧底。
2024-12-13 11:47:46,895 - 3 - INFO - **********JUDGER**********
你刚刚的分析是玩家1的描述提到了“形状或亮度”，玩家2的描述强调了“大小”，玩家3的描述则提到了“固态的表面和液态的水”，以及“唯一已知存在生命的天体”。从这些描述来看，玩家1和玩家2的描述都提到了天体在夜空中的可见性特征，而玩家3的描述则更加具体地指向了地球的特定特征。

如果所有玩家都是平民，他们的描述应该会围绕同一个词语展开，但这里有几个不一致的地方：

- 玩家1和玩家2的描述都强调了天体的可见性，但没有提到具体的行星或天体名称。
- 玩家3的描述则直接指向了地球，这是已知存在生命的行星，这与玩家1和玩家2的描述有所不同。

考虑到游戏规则和描述的不一致性，玩家3的描述可能是卧底的描述，因为它提到了地球这一特定名称，而其他玩家没有。当然，这只是一个初步的分析，还需要更多的信息来确定谁是卧底。|| `请根据上述分析，比较描述以找出不一致之处，注意，这局游戏的词语分类为<天文>，卧底词和平民词都属于该类。
2024-12-13 11:47:53,066 - 3 - INFO - **********PLAYER3**********
根据上述分析，以下是不一致之处：

1. **描述的特定性**：
   - 玩家1和玩家2的描述都较为泛泛，提到了天体的可见性特征，但没有具体指向任何一个特定的天体。
   - 玩家3的描述则非常具体，直接指出了“唯一已知存在生命的天体”，这明显指向了地球。

2. **词语的名称**：
   - 玩家1和玩家2的描述中都没有提到任何天体的具体名称。
   - 玩家3的描述中提到了“地球”，这是一个具体的天体名称。

3. **描述的深度**：
   - 玩家1和玩家2的描述主要集中在天体的物理特征，如形状、亮度、大小等。
   - 玩家3的描述不仅提到了物理特征（固态表面和液态水），还提到了生物特征（存在生命）。

基于这些不一致之处，玩家3的描述与玩家1和玩家2的描述存在显著差异，特别是提到了地球这一特定名称，这表明玩家3的描述可能更接近于卧底词，因为卧底词通常会在描述中直接透露出与平民词不同的关键信息。然而，这只是一个基于描述不一致性的初步推断，还需要进一步的投票和分析来确定谁是卧底。
2024-12-13 11:47:53,067 - 3 - INFO - **********JUDGER**********
你刚刚的分析是根据上述分析，以下是不一致之处：

1. **描述的特定性**：
   - 玩家1和玩家2的描述都较为泛泛，提到了天体的可见性特征，但没有具体指向任何一个特定的天体。
   - 玩家3的描述则非常具体，直接指出了“唯一已知存在生命的天体”，这明显指向了地球。

2. **词语的名称**：
   - 玩家1和玩家2的描述中都没有提到任何天体的具体名称。
   - 玩家3的描述中提到了“地球”，这是一个具体的天体名称。

3. **描述的深度**：
   - 玩家1和玩家2的描述主要集中在天体的物理特征，如形状、亮度、大小等。
   - 玩家3的描述不仅提到了物理特征（固态表面和液态水），还提到了生物特征（存在生命）。

基于这些不一致之处，玩家3的描述与玩家1和玩家2的描述存在显著差异，特别是提到了地球这一特定名称，这表明玩家3的描述可能更接近于卧底词，因为卧底词通常会在描述中直接透露出与平民词不同的关键信息。然而，这只是一个基于描述不一致性的初步推断，还需要进一步的投票和分析来确定谁是卧底。|| 请通过你分析的不一致之处，推断卧底身份，注意，这局游戏的词语分类为<天文>，卧底词和平民词都属于该类。
2024-12-13 11:48:03,073 - 3 - INFO - **********PLAYER3**********
基于上述分析的不一致之处，以下是对卧底身份的推断：

1. **描述的特定性和深度**：玩家3的描述不仅提到了天体的物理特征，还特别指出了“唯一已知存在生命的天体”，这一特征非常独特，因为它直接指向了地球，而地球在这个游戏中是一个特定的天体。这种特定性和深度与玩家1和玩家2的描述形成鲜明对比，后者更侧重于天体的普遍物理特征。

2. **词语的名称**：玩家3的描述中直接提到了“地球”，这是一个具体的天体名称，而玩家1和玩家2的描述则没有提到任何具体的天体名称。

考虑到这些关键点，以及游戏规则中提到的卧底词通常会在描述中透露出与平民词不同的关键信息，玩家3的描述很可能表明他是卧底。玩家3的关键词很可能是“地球”，因为这是唯一一个在描述中直接被提及的具体天体名称，并且与玩家1和玩家2的描述存在显著差异。

因此，根据这些分析，玩家3很可能是卧底。
2024-12-13 11:48:03,078 - 3 - INFO - **********JUDGER**********
你刚刚的推断是基于上述分析的不一致之处，以下是对卧底身份的推断：

1. **描述的特定性和深度**：玩家3的描述不仅提到了天体的物理特征，还特别指出了“唯一已知存在生命的天体”，这一特征非常独特，因为它直接指向了地球，而地球在这个游戏中是一个特定的天体。这种特定性和深度与玩家1和玩家2的描述形成鲜明对比，后者更侧重于天体的普遍物理特征。

2. **词语的名称**：玩家3的描述中直接提到了“地球”，这是一个具体的天体名称，而玩家1和玩家2的描述则没有提到任何具体的天体名称。

考虑到这些关键点，以及游戏规则中提到的卧底词通常会在描述中透露出与平民词不同的关键信息，玩家3的描述很可能表明他是卧底。玩家3的关键词很可能是“地球”，因为这是唯一一个在描述中直接被提及的具体天体名称，并且与玩家1和玩家2的描述存在显著差异。

因此，根据这些分析，玩家3很可能是卧底。|| 基于你刚刚的推断得出你的最终结论，请输出你认为的卧底，在这种情况下只需要输出编号，是1-4中的某个数字，不要输出其他信息。在这个过程不要进行任何推理，只对||以前的部分进行信息提取
2024-12-13 11:48:03,808 - 3 - INFO - **********PLAYER3**********
3
2024-12-13 11:48:34,759 - 3 - INFO - **********JUDGER**********
玩家1说：这个词语是一种天体，通常在夜空中非常明亮。它在同类中特别引人注目的是它的形状或亮度。这个天体在夜空中虽然不是最亮的，但它的光芒独特，形状各异，有时像小钻石般闪耀。它的亮度足以在黑暗中被人注意，但并不抢眼。玩家2说：这个词语是一种在宇宙中发光的物体，它的基本特征是能在夜空中发光。在同类中，它最突出的不同特征是它的大小，通常比其他同类物体更大，更容易被肉眼看到。这个词语是一种夜空中常见的发光物体，它的亮度通常适中，不会过于耀眼。它在同类中以其稳定的光芒和均匀的亮度而著称，不同于那些偶尔出现且亮度变化的物体。尽管它不是夜空中最亮的，但它的存在为夜空增添了一抹独特的色彩。玩家3说：这个词语是一种在太阳系中绕着恒星运行的行星，它的基本特征是拥有一个固态的表面和液态的水。在该类（天文）中最突出不同的特征是它是唯一已知存在生命的天体。玩家4说：这个词语是一种天体，基本特征是发光，但在夜空中并非特别明亮。它在同类中最突出的不同特征是它通常较小，不容易被肉眼看到。你是第3号玩家，你的关键词是<地球>。你的回答中绝对不能包含你的关键词<地球>。这是第二轮描述，你之前的描述是这个词语是一种在太阳系中绕着恒星运行的行星，它的基本特征是拥有一个固态的表面和液态的水。在该类（天文）中最突出不同的特征是它是唯一已知存在生命的天体。，注意，这局游戏的词语分类为<天文>，卧底词和平民词都属于该类，请你补充关于关键词的描述，注意，你的描述应该比起之前的描述更加贴近关键词，作为之前的补充
2024-12-13 11:48:37,842 - 3 - INFO - **********PLAYER3**********
这个天体是太阳系中的一部分，它以其稳定的轨道和相对较小的体积而著称。它不像太阳那样耀眼，但它的光芒在夜空中仍然清晰可见。它的大气层能够维持液态水的存在，这是生命得以存在的关键条件之一。
2024-12-13 11:49:17,069 - 3 - INFO - **********JUDGER**********
玩家1说：这个词语是一种天体，通常在夜空中非常明亮。它在同类中特别引人注目的是它的形状或亮度。这个天体在夜空中虽然不是最亮的，但它的光芒独特，形状各异，有时像小钻石般闪耀。它的亮度足以在黑暗中被人注意，但并不抢眼。玩家2说：这个词语是一种在宇宙中发光的物体，它的基本特征是能在夜空中发光。在同类中，它最突出的不同特征是它的大小，通常比其他同类物体更大，更容易被肉眼看到。这个词语是一种夜空中常见的发光物体，它的亮度通常适中，不会过于耀眼。它在同类中以其稳定的光芒和均匀的亮度而著称，不同于那些偶尔出现且亮度变化的物体。尽管它不是夜空中最亮的，但它的存在为夜空增添了一抹独特的色彩。玩家3说：这个词语是一种在太阳系中绕着恒星运行的行星，它的基本特征是拥有一个固态的表面和液态的水。在该类（天文）中最突出不同的特征是它是唯一已知存在生命的天体。这个天体是太阳系中的一部分，它以其稳定的轨道和相对较小的体积而著称。它不像太阳那样耀眼，但它的光芒在夜空中仍然清晰可见。它的大气层能够维持液态水的存在，这是生命得以存在的关键条件之一。玩家4说：这个词语是一种天体，基本特征是发光，但在夜空中并非特别明亮。它在同类中最突出的不同特征是它通常较小，不容易被肉眼看到。||在这个游戏中，我们需要通过分析每位玩家的描述来找出卧底。通常，平民的描述会围绕相同的词语展开，而卧底的描述可能会因为词语的不同而显得不太一致。我们需要仔细比较每个描述之间的相似性和差异性，以找出可能的卧底，注意，卧底并不会隐藏自己，他会直接描述他的词语，现在，逐一分析每个玩家的描述，注意，这局游戏的词语分类为<天文>，卧底词和平民词都属于该类。||之前是第2轮描述和之前轮数描述的合集。你之前认为的卧底是玩家3。
2024-12-13 11:49:30,226 - 3 - INFO - **********PLAYER3**********
玩家1的描述提到了一个在天空中明亮但不是最亮的天体，具有独特的形状或亮度，类似于小钻石。

玩家2的描述描述了一个发光的物体，通常较大，亮度适中，稳定且均匀，不是最亮的，但为夜空增添了色彩。

玩家3的描述与玩家1和玩家2的描述有相似之处，提到了一个发光的天体，稳定且不是最亮的，但强调了它是太阳系中唯一已知存在生命的天体。

玩家4的描述提到了一个发光的天体，不是特别明亮，且通常较小，不容易被肉眼看到。

根据这些描述，玩家3的描述与玩家1和玩家4的描述有相似之处，都提到了发光的天体，不是最亮的，但玩家3特别强调了生命存在的特征，这与玩家1和玩家4的描述有所不同。因此，如果玩家3是卧底，那么他的关键词可能是与生命存在无关的天体。

然而，玩家2的描述中提到的“稳定的光芒和均匀的亮度”以及“不是最亮的”这些特征与玩家3的描述中的“稳定的轨道”和“光芒在夜空中仍然清晰可见”有相似之处，这可能意味着玩家2的描述也可能指向同一个天体。

由于之前的分析中认为玩家3是卧底，而玩家2的描述与玩家3有相似之处，这可能意味着卧底可能是玩家2或玩家3中的一个。由于玩家3的描述直接提到了生命存在的特征，这与平民词的描述更为接近，因此，如果必须在这两个可能性中选择，玩家2可能更有可能是卧底，因为他的描述没有直接提到生命存在的特征。但这个结论仍然基于之前的推理，而不是直接的信息提取。
2024-12-13 11:49:30,229 - 3 - INFO - **********JUDGER**********
你刚刚的分析是玩家1的描述提到了一个在天空中明亮但不是最亮的天体，具有独特的形状或亮度，类似于小钻石。

玩家2的描述描述了一个发光的物体，通常较大，亮度适中，稳定且均匀，不是最亮的，但为夜空增添了色彩。

玩家3的描述与玩家1和玩家2的描述有相似之处，提到了一个发光的天体，稳定且不是最亮的，但强调了它是太阳系中唯一已知存在生命的天体。

玩家4的描述提到了一个发光的天体，不是特别明亮，且通常较小，不容易被肉眼看到。

根据这些描述，玩家3的描述与玩家1和玩家4的描述有相似之处，都提到了发光的天体，不是最亮的，但玩家3特别强调了生命存在的特征，这与玩家1和玩家4的描述有所不同。因此，如果玩家3是卧底，那么他的关键词可能是与生命存在无关的天体。

然而，玩家2的描述中提到的“稳定的光芒和均匀的亮度”以及“不是最亮的”这些特征与玩家3的描述中的“稳定的轨道”和“光芒在夜空中仍然清晰可见”有相似之处，这可能意味着玩家2的描述也可能指向同一个天体。

由于之前的分析中认为玩家3是卧底，而玩家2的描述与玩家3有相似之处，这可能意味着卧底可能是玩家2或玩家3中的一个。由于玩家3的描述直接提到了生命存在的特征，这与平民词的描述更为接近，因此，如果必须在这两个可能性中选择，玩家2可能更有可能是卧底，因为他的描述没有直接提到生命存在的特征。但这个结论仍然基于之前的推理，而不是直接的信息提取。|| `请根据上述分析，比较描述以找出不一致之处，注意，这局游戏的词语分类为<天文>，卧底词和平民词都属于该类。
2024-12-13 11:49:45,104 - 3 - INFO - **********PLAYER3**********
根据上述分析，以下是不一致之处：

1. **生命存在的特征**：
   - 玩家3的描述中特别提到了“它是唯一已知存在生命的天体”，这是一个独特的特征，而玩家1、玩家2和玩家4的描述中没有提到生命存在的特征。

2. **天体的亮度**：
   - 玩家1描述的天体“不是最亮的，但光芒独特，形状各异”，玩家2描述的天体“不是最亮的，但亮度适中，稳定且均匀”，玩家4描述的天体“不是特别明亮，且通常较小，不容易被肉眼看到”。这三个描述都对天体的亮度进行了描述，但没有具体指出天体的亮度是稳定还是变化的。
   - 玩家3的描述中提到了天体的“光芒在夜空中仍然清晰可见”，但没有具体提到亮度。

3. **天体的大小和可见性**：
   - 玩家2的描述中提到了天体“通常比其他同类物体更大，更容易被肉眼看到”，这暗示了天体的大小。
   - 玩家4的描述中提到了天体“通常较小，不容易被肉眼看到”，这与玩家2的描述相反，暗示了天体的大小。

4. **天体的稳定性**：
   - 玩家3的描述中提到了天体的“稳定的轨道”，这暗示了天体的运动稳定性。
   - 玩家1和玩家2的描述中提到了天体的“稳定的光芒”和“稳定且均匀的亮度”，这暗示了天体光芒的稳定性。

综上所述，玩家3的描述在生命存在的特征、天体的亮度、大小和可见性以及稳定性方面与其他玩家的描述存在不一致之处，这可能是判断卧底的重要线索。
2024-12-13 11:49:45,106 - 3 - INFO - **********JUDGER**********
你刚刚的分析是根据上述分析，以下是不一致之处：

1. **生命存在的特征**：
   - 玩家3的描述中特别提到了“它是唯一已知存在生命的天体”，这是一个独特的特征，而玩家1、玩家2和玩家4的描述中没有提到生命存在的特征。

2. **天体的亮度**：
   - 玩家1描述的天体“不是最亮的，但光芒独特，形状各异”，玩家2描述的天体“不是最亮的，但亮度适中，稳定且均匀”，玩家4描述的天体“不是特别明亮，且通常较小，不容易被肉眼看到”。这三个描述都对天体的亮度进行了描述，但没有具体指出天体的亮度是稳定还是变化的。
   - 玩家3的描述中提到了天体的“光芒在夜空中仍然清晰可见”，但没有具体提到亮度。

3. **天体的大小和可见性**：
   - 玩家2的描述中提到了天体“通常比其他同类物体更大，更容易被肉眼看到”，这暗示了天体的大小。
   - 玩家4的描述中提到了天体“通常较小，不容易被肉眼看到”，这与玩家2的描述相反，暗示了天体的大小。

4. **天体的稳定性**：
   - 玩家3的描述中提到了天体的“稳定的轨道”，这暗示了天体的运动稳定性。
   - 玩家1和玩家2的描述中提到了天体的“稳定的光芒”和“稳定且均匀的亮度”，这暗示了天体光芒的稳定性。

综上所述，玩家3的描述在生命存在的特征、天体的亮度、大小和可见性以及稳定性方面与其他玩家的描述存在不一致之处，这可能是判断卧底的重要线索。|| 请通过你分析的不一致之处，推断卧底身份，注意，这局游戏的词语分类为<天文>，卧底词和平民词都属于该类。
2024-12-13 11:49:50,404 - 3 - INFO - **********PLAYER3**********
根据分析的不一致之处，以下是对卧底身份的推断：

- 玩家3的描述中提到了“唯一已知存在生命的天体”，这是与其他玩家描述中最显著的不同点，因为玩家1、玩家2和玩家4的描述中没有提及生命存在的特征。
- 玩家2的描述提到了天体的大小和亮度特征，但没有提到生命存在，这与玩家3的描述存在部分重叠，但不是关键特征。
- 玩家1和玩家4的描述都提到了天体的亮度特征，但没有提到生命存在或天体的大小。

因此，结合游戏规则和描述的不一致性，玩家3的描述与平民词的描述差异最大，尤其是关于生命存在的特征。这表明玩家3可能是卧底，因为他的描述更接近于卧底词，即与平民词在关键信息上有所不同。

卧底身份：玩家3
2024-12-13 11:49:50,406 - 3 - INFO - **********JUDGER**********
你刚刚的推断是根据分析的不一致之处，以下是对卧底身份的推断：

- 玩家3的描述中提到了“唯一已知存在生命的天体”，这是与其他玩家描述中最显著的不同点，因为玩家1、玩家2和玩家4的描述中没有提及生命存在的特征。
- 玩家2的描述提到了天体的大小和亮度特征，但没有提到生命存在，这与玩家3的描述存在部分重叠，但不是关键特征。
- 玩家1和玩家4的描述都提到了天体的亮度特征，但没有提到生命存在或天体的大小。

因此，结合游戏规则和描述的不一致性，玩家3的描述与平民词的描述差异最大，尤其是关于生命存在的特征。这表明玩家3可能是卧底，因为他的描述更接近于卧底词，即与平民词在关键信息上有所不同。

卧底身份：玩家3|| 基于你刚刚的推断得出你的最终结论，请输出你认为的卧底，在这种情况下只需要输出编号，是1-4中的某个数字，不要输出其他信息。在这个过程不要进行任何推理，只对||以前的部分进行信息提取
2024-12-13 11:49:51,447 - 3 - INFO - **********PLAYER3**********
3
2024-12-13 11:50:23,798 - 3 - INFO - **********JUDGER**********
玩家1说：这个词语是一种天体，通常在夜空中非常明亮。它在同类中特别引人注目的是它的形状或亮度。这个天体在夜空中虽然不是最亮的，但它的光芒独特，形状各异，有时像小钻石般闪耀。它的亮度足以在黑暗中被人注意，但并不抢眼。这种天体在夜空中散发的光芒是连续而稳定的，它们往往不会像某些天体那样突然变化亮度。它们的形状多样，有的像针尖，有的像钻石，有的则像是闪烁的火苗。尽管它们不是夜空中最亮的，但它们的独特形状和柔和的光芒常常在黑暗中引人注目。玩家2说：这个词语是一种在宇宙中发光的物体，它的基本特征是能在夜空中发光。在同类中，它最突出的不同特征是它的大小，通常比其他同类物体更大，更容易被肉眼看到。这个词语是一种夜空中常见的发光物体，它的亮度通常适中，不会过于耀眼。它在同类中以其稳定的光芒和均匀的亮度而著称，不同于那些偶尔出现且亮度变化的物体。尽管它不是夜空中最亮的，但它的存在为夜空增添了一抹独特的色彩。这个天体在夜空中虽然不如某些恒星那样耀眼，但它以其稳定的亮度在黑暗中显得格外明显。它的存在往往不会引起注意，除非仔细观察，但它的大小适中，足以在夜空中占据一席之地。它的光芒虽然不强烈，但能够持续不断地照亮夜空，为观察者提供了一种宁静的视觉享受。玩家3说：这个词语是一种在太阳系中绕着恒星运行的行星，它的基本特征是拥有一个固态的表面和液态的水。在该类（天文）中最突出不同的特征是它是唯一已知存在生命的天体。这个天体是太阳系中的一部分，它以其稳定的轨道和相对较小的体积而著称。它不像太阳那样耀眼，但它的光芒在夜空中仍然清晰可见。它的大气层能够维持液态水的存在，这是生命得以存在的关键条件之一。玩家4说：这个词语是一种天体，基本特征是发光，但在夜空中并非特别明亮。它在同类中最突出的不同特征是它通常较小，不容易被肉眼看到。这个天体在宇宙中散发出柔和的光芒，它的亮度适中，不会过于刺眼。它通常在夜空中以闪烁或连续的光点形式出现，不会像某些天体那样突然或频繁地变化亮度。它的存在往往需要仔细观察才能察觉，但它在夜空中的位置相对稳定，可以作为导航的参考。你是第3号玩家，你的关键词是<地球>。你的回答中绝对不能包含你的关键词<地球>。这是第三轮描述，你之前的描述是这个词语是一种在太阳系中绕着恒星运行的行星，它的基本特征是拥有一个固态的表面和液态的水。在该类（天文）中最突出不同的特征是它是唯一已知存在生命的天体。和这个天体是太阳系中的一部分，它以其稳定的轨道和相对较小的体积而著称。它不像太阳那样耀眼，但它的光芒在夜空中仍然清晰可见。它的大气层能够维持液态水的存在，这是生命得以存在的关键条件之一。，注意，这局游戏的词语分类为<天文>，卧底词和平民词都属于该类，请你补充关于关键词的描述，注意，你的描述应该比起之前的描述更加贴近关键词，作为之前的补充
2024-12-13 11:50:27,044 - 3 - INFO - **********PLAYER3**********
这个天体在太阳系中以其稳定的轨道运行，它的大小适中，体积较小，不像行星那样庞大。它有一个固态的表面，表面覆盖着大气层，这层大气层能够吸收和反射太阳光，使得天体在夜空中呈现出柔和的光芒。它的表面特征多样，可能包括山脉、海洋和陆地，这些地形特征使得天体在视觉上更加丰富。尽管它的光芒不如恒星那样耀眼，但它在夜空中仍然能够清晰可见，为夜空增添了一抹独特的色彩。
2024-12-13 11:51:05,081 - 3 - INFO - **********JUDGER**********
玩家1说：这个词语是一种天体，通常在夜空中非常明亮。它在同类中特别引人注目的是它的形状或亮度。这个天体在夜空中虽然不是最亮的，但它的光芒独特，形状各异，有时像小钻石般闪耀。它的亮度足以在黑暗中被人注意，但并不抢眼。这种天体在夜空中散发的光芒是连续而稳定的，它们往往不会像某些天体那样突然变化亮度。它们的形状多样，有的像针尖，有的像钻石，有的则像是闪烁的火苗。尽管它们不是夜空中最亮的，但它们的独特形状和柔和的光芒常常在黑暗中引人注目。玩家2说：这个词语是一种在宇宙中发光的物体，它的基本特征是能在夜空中发光。在同类中，它最突出的不同特征是它的大小，通常比其他同类物体更大，更容易被肉眼看到。这个词语是一种夜空中常见的发光物体，它的亮度通常适中，不会过于耀眼。它在同类中以其稳定的光芒和均匀的亮度而著称，不同于那些偶尔出现且亮度变化的物体。尽管它不是夜空中最亮的，但它的存在为夜空增添了一抹独特的色彩。这个天体在夜空中虽然不如某些恒星那样耀眼，但它以其稳定的亮度在黑暗中显得格外明显。它的存在往往不会引起注意，除非仔细观察，但它的大小适中，足以在夜空中占据一席之地。它的光芒虽然不强烈，但能够持续不断地照亮夜空，为观察者提供了一种宁静的视觉享受。玩家3说：这个词语是一种在太阳系中绕着恒星运行的行星，它的基本特征是拥有一个固态的表面和液态的水。在该类（天文）中最突出不同的特征是它是唯一已知存在生命的天体。这个天体是太阳系中的一部分，它以其稳定的轨道和相对较小的体积而著称。它不像太阳那样耀眼，但它的光芒在夜空中仍然清晰可见。它的大气层能够维持液态水的存在，这是生命得以存在的关键条件之一。这个天体在太阳系中以其稳定的轨道运行，它的大小适中，体积较小，不像行星那样庞大。它有一个固态的表面，表面覆盖着大气层，这层大气层能够吸收和反射太阳光，使得天体在夜空中呈现出柔和的光芒。它的表面特征多样，可能包括山脉、海洋和陆地，这些地形特征使得天体在视觉上更加丰富。尽管它的光芒不如恒星那样耀眼，但它在夜空中仍然能够清晰可见，为夜空增添了一抹独特的色彩。玩家4说：这个词语是一种天体，基本特征是发光，但在夜空中并非特别明亮。它在同类中最突出的不同特征是它通常较小，不容易被肉眼看到。这个天体在宇宙中散发出柔和的光芒，它的亮度适中，不会过于刺眼。它通常在夜空中以闪烁或连续的光点形式出现，不会像某些天体那样突然或频繁地变化亮度。它的存在往往需要仔细观察才能察觉，但它在夜空中的位置相对稳定，可以作为导航的参考。这个天体在夜空中以其微弱而持续的光芒而著称，它的亮度不足以在白天看到，但在夜晚的黑暗中，它能够提供一种柔和的指引。它的光芒通常是均匀的，不会出现剧烈的闪烁或变化，这使得它在夜空中显得相对稳定。尽管它不是夜空中最亮的天体，但它的位置通常相对固定，对于航海者和旅行者来说，它可以作为一个可靠的导航标志。||在这个游戏中，我们需要通过分析每位玩家的描述来找出卧底。通常，平民的描述会围绕相同的词语展开，而卧底的描述可能会因为词语的不同而显得不太一致。我们需要仔细比较每个描述之间的相似性和差异性，以找出可能的卧底，注意，卧底并不会隐藏自己，他会直接描述他的词语，现在，逐一分析每个玩家的描述，注意，这局游戏的词语分类为<天文>，卧底词和平民词都属于该类。||之前是第3轮描述和之前轮数描述的合集。你之前认为的卧底是玩家3。
2024-12-13 11:51:16,524 - 3 - INFO - **********PLAYER3**********
在第三轮描述中，玩家们的描述如下：

- 玩家1描述了一个在天空中明亮但不是最亮的天体，具有独特的形状或亮度，类似于小钻石。
- 玩家2描述了一个发光的物体，通常较大，亮度适中，稳定且均匀，不是最亮的，但为夜空增添了色彩。
- 玩家3的描述与之前相似，强调了行星拥有固态表面和液态水，是太阳系中唯一已知存在生命的天体。
- 玩家4描述了一个发光的天体，不是特别明亮，通常较小，不容易被肉眼看到，但以微弱而持续的光芒著称。

分析这些描述，以下是不一致之处：

1. **天体的亮度**：
   - 玩家1和玩家4的描述都提到了天体在夜空中不是特别明亮，但玩家1强调了天体的独特形状和柔和光芒，而玩家4强调了天体的微弱光芒和稳定性。

2. **天体的大小和可见性**：
   - 玩家2的描述中提到了天体较大，更容易被肉眼看到，而玩家1和玩家4的描述中提到的天体较小，不容易被肉眼看到。

3. **天体的稳定性**：
   - 玩家3的描述中提到了天体的稳定轨道和稳定的光芒，这与玩家1和玩家4的描述中的稳定性特征相符，但玩家2的描述中提到了天体的稳定光芒，但没有提到轨道的稳定性。

4. **生命存在的特征**：
   - 玩家3的描述中特别提到了生命存在的特征，这是与其他玩家描述中最为显著的不同点。

基于上述分析，玩家3的描述中关于生命存在的特征与其他玩家的描述存在显著差异，这可能是判断卧底的重要线索。因此，如果必须在这四个可能性中选择，玩家3仍然是可能是卧底的人选。然而，玩家2的描述中提到了天体的大小和稳定性，但没有提到生命存在的特征，这与玩家3的描述存在重叠，但不是关键特征。

综上所述，玩家3仍然是可能是卧底的人选。
2024-12-13 11:51:16,528 - 3 - INFO - **********JUDGER**********
你刚刚的分析是在第三轮描述中，玩家们的描述如下：

- 玩家1描述了一个在天空中明亮但不是最亮的天体，具有独特的形状或亮度，类似于小钻石。
- 玩家2描述了一个发光的物体，通常较大，亮度适中，稳定且均匀，不是最亮的，但为夜空增添了色彩。
- 玩家3的描述与之前相似，强调了行星拥有固态表面和液态水，是太阳系中唯一已知存在生命的天体。
- 玩家4描述了一个发光的天体，不是特别明亮，通常较小，不容易被肉眼看到，但以微弱而持续的光芒著称。

分析这些描述，以下是不一致之处：

1. **天体的亮度**：
   - 玩家1和玩家4的描述都提到了天体在夜空中不是特别明亮，但玩家1强调了天体的独特形状和柔和光芒，而玩家4强调了天体的微弱光芒和稳定性。

2. **天体的大小和可见性**：
   - 玩家2的描述中提到了天体较大，更容易被肉眼看到，而玩家1和玩家4的描述中提到的天体较小，不容易被肉眼看到。

3. **天体的稳定性**：
   - 玩家3的描述中提到了天体的稳定轨道和稳定的光芒，这与玩家1和玩家4的描述中的稳定性特征相符，但玩家2的描述中提到了天体的稳定光芒，但没有提到轨道的稳定性。

4. **生命存在的特征**：
   - 玩家3的描述中特别提到了生命存在的特征，这是与其他玩家描述中最为显著的不同点。

基于上述分析，玩家3的描述中关于生命存在的特征与其他玩家的描述存在显著差异，这可能是判断卧底的重要线索。因此，如果必须在这四个可能性中选择，玩家3仍然是可能是卧底的人选。然而，玩家2的描述中提到了天体的大小和稳定性，但没有提到生命存在的特征，这与玩家3的描述存在重叠，但不是关键特征。

综上所述，玩家3仍然是可能是卧底的人选。|| `请根据上述分析，比较描述以找出不一致之处，注意，这局游戏的词语分类为<天文>，卧底词和平民词都属于该类。
2024-12-13 11:51:28,779 - 3 - INFO - **********PLAYER3**********
根据上述分析，以下是不一致之处：

1. **生命存在的特征**：
   - 玩家3的描述中明确提到了“它是唯一已知存在生命的天体”，这是一个与其他玩家描述中不同的关键特征，因为玩家1、玩家2和玩家4的描述中没有提及生命存在的信息。

2. **天体的亮度**：
   - 玩家1的描述强调了天体的独特形状和柔和光芒，而玩家2和玩家4的描述则提到了天体的亮度适中，但玩家2还特别强调了天体的大小和稳定的光芒，而玩家4强调了天体的微弱光芒和稳定性。

3. **天体的大小和可见性**：
   - 玩家2的描述中提到天体“通常比其他同类物体更大，更容易被肉眼看到”，这与玩家1和玩家4的描述中提到的天体较小、不容易被肉眼看到形成对比。

4. **天体的稳定性**：
   - 玩家3的描述中提到了天体的“稳定的轨道”，这与玩家1和玩家4的描述中的稳定性特征相符，但玩家2的描述中虽然提到了天体的稳定光芒，但没有提到轨道的稳定性。

综上所述，玩家3的描述在生命存在的特征上与其他玩家的描述存在显著的不一致，这是判断卧底的关键点。其他玩家的描述在亮度、大小和稳定性方面存在一定的重叠，但没有直接提及生命存在的特征。因此，根据描述的不一致性，玩家3可能是卧底。
2024-12-13 11:51:28,781 - 3 - INFO - **********JUDGER**********
你刚刚的分析是根据上述分析，以下是不一致之处：

1. **生命存在的特征**：
   - 玩家3的描述中明确提到了“它是唯一已知存在生命的天体”，这是一个与其他玩家描述中不同的关键特征，因为玩家1、玩家2和玩家4的描述中没有提及生命存在的信息。

2. **天体的亮度**：
   - 玩家1的描述强调了天体的独特形状和柔和光芒，而玩家2和玩家4的描述则提到了天体的亮度适中，但玩家2还特别强调了天体的大小和稳定的光芒，而玩家4强调了天体的微弱光芒和稳定性。

3. **天体的大小和可见性**：
   - 玩家2的描述中提到天体“通常比其他同类物体更大，更容易被肉眼看到”，这与玩家1和玩家4的描述中提到的天体较小、不容易被肉眼看到形成对比。

4. **天体的稳定性**：
   - 玩家3的描述中提到了天体的“稳定的轨道”，这与玩家1和玩家4的描述中的稳定性特征相符，但玩家2的描述中虽然提到了天体的稳定光芒，但没有提到轨道的稳定性。

综上所述，玩家3的描述在生命存在的特征上与其他玩家的描述存在显著的不一致，这是判断卧底的关键点。其他玩家的描述在亮度、大小和稳定性方面存在一定的重叠，但没有直接提及生命存在的特征。因此，根据描述的不一致性，玩家3可能是卧底。|| 请通过你分析的不一致之处，推断卧底身份，注意，这局游戏的词语分类为<天文>，卧底词和平民词都属于该类。
2024-12-13 11:51:34,193 - 3 - INFO - **********PLAYER3**********
根据分析的不一致之处，推断卧底身份如下：

- 玩家3的描述中特别提到了“它是唯一已知存在生命的天体”，这是其他玩家描述中唯一没有提及的关键特征。
- 玩家2的描述中虽然提到了天体的大小和稳定的光芒，但没有直接提及生命存在的特征。
- 玩家1和玩家4的描述中都没有提到生命存在的特征，但他们的描述在亮度、大小和稳定性方面与其他玩家的描述有重叠。

由于生命存在的特征是玩家3描述中独有的，这与其他玩家的描述形成鲜明对比，因此，根据游戏规则和描述的不一致性，玩家3很可能是卧底。

卧底身份：玩家3
2024-12-13 11:51:34,194 - 3 - INFO - **********JUDGER**********
你刚刚的推断是根据分析的不一致之处，推断卧底身份如下：

- 玩家3的描述中特别提到了“它是唯一已知存在生命的天体”，这是其他玩家描述中唯一没有提及的关键特征。
- 玩家2的描述中虽然提到了天体的大小和稳定的光芒，但没有直接提及生命存在的特征。
- 玩家1和玩家4的描述中都没有提到生命存在的特征，但他们的描述在亮度、大小和稳定性方面与其他玩家的描述有重叠。

由于生命存在的特征是玩家3描述中独有的，这与其他玩家的描述形成鲜明对比，因此，根据游戏规则和描述的不一致性，玩家3很可能是卧底。

卧底身份：玩家3|| 基于你刚刚的推断得出你的最终结论，请输出你认为的卧底，在这种情况下只需要输出编号，是1-4中的某个数字，不要输出其他信息。在这个过程不要进行任何推理，只对||以前的部分进行信息提取
2024-12-13 11:51:35,681 - 3 - INFO - **********PLAYER3**********
3
2024-12-13 11:51:35,687 - 3 - INFO - **********JUDGER**********
你认为卧底是你自己。你现在需要随便选一个人投票。请输出一个数字，是1-4中的某个数字，但这个数字不能是3，不要输出其他信息。
2024-12-13 11:51:37,016 - 3 - INFO - **********PLAYER3**********
1
