2024-12-13 11:46:52,373 - 4 - INFO - **********JUDGER**********
让我们来玩一个叫做<谁是卧底>的推理游戏。基本规则：<人数>：4人。<角色分配>：每位玩家随机抽取一个词语，3名玩家拿到的词语是相同的（平民词），1名玩家拿到与之相近但不同的词语（卧底词）。<游戏流程>：1、玩家轮流描述自己的词语，但<不能>直接说出词语本身。2、描述完毕后，投票选出最像卧底的玩家。3、每轮结束后，被投票选出的玩家出局，不能再进行描述或投票。4、每轮投票结束后，如果卧底被成功找出，平民方获胜；如果卧底未被找出且卧底人数等于或超过平民人数，则卧底方获胜。你将扮演一个<玩家>，请等待你被分配到的关键词。如果你听懂了，只回答，"好的，我准备好参加游戏了"，不要输出别的信息
2024-12-13 11:46:53,026 - 4 - INFO - **********PLAYER4**********
好的，我准备好参加游戏了
2024-12-13 11:46:57,285 - 4 - INFO - **********JUDGER**********
玩家1说：这个词语是一种天体，通常在夜空中非常明亮。它在同类中特别引人注目的是它的形状或亮度。玩家2说：这个词语是一种在宇宙中发光的物体，它的基本特征是能在夜空中发光。在同类中，它最突出的不同特征是它的大小，通常比其他同类物体更大，更容易被肉眼看到。玩家3说：这个词语是一种在太阳系中绕着恒星运行的行星，它的基本特征是拥有一个固态的表面和液态的水。在该类（天文）中最突出不同的特征是它是唯一已知存在生命的天体。玩家4说：|| 你是第4号玩家，你的关键词是<星星>。你的回答中绝对不能包含你的关键词<星星>。这是第一轮描述，不需要分析||之前别的玩家的描述，请你描述关键词基本特征，注意，这局游戏的词语分类为<天文>，卧底词和平民词都属于该类，描述包括以下两点，1.他的基本特征是什么2.他在该类（天文）中最突出不同的特征是什么，尽量简短
2024-12-13 11:46:59,896 - 4 - INFO - **********PLAYER4**********
这个词语是一种天体，基本特征是发光，但在夜空中并非特别明亮。它在同类中最突出的不同特征是它通常较小，不容易被肉眼看到。
2024-12-13 11:48:03,808 - 4 - INFO - **********JUDGER**********
玩家1说：这个词语是一种天体，通常在夜空中非常明亮。它在同类中特别引人注目的是它的形状或亮度。玩家2说：这个词语是一种在宇宙中发光的物体，它的基本特征是能在夜空中发光。在同类中，它最突出的不同特征是它的大小，通常比其他同类物体更大，更容易被肉眼看到。玩家3说：这个词语是一种在太阳系中绕着恒星运行的行星，它的基本特征是拥有一个固态的表面和液态的水。在该类（天文）中最突出不同的特征是它是唯一已知存在生命的天体。玩家4说：||在这个游戏中，我们需要通过分析每位玩家的描述来找出卧底。通常，平民的描述会围绕相同的词语展开，而卧底的描述可能会因为词语的不同而显得不太一致。我们需要仔细比较每个描述之间的相似性和差异性，以找出可能的卧底，注意，卧底并不会隐藏自己，他会直接描述他的词语，现在，逐一分析每个玩家的描述，注意，这局游戏的词语分类为<天文>，卧底词和平民词都属于该类。这是第一轮描述。
2024-12-13 11:48:08,497 - 4 - INFO - **********PLAYER4**********
根据玩家1、玩家2和玩家3的描述，他们似乎在描述的是星星，尤其是那种特别明亮的星星，比如北极星或一些超新星。玩家4的描述提到了固态表面和液态水，以及存在生命的特征，这与星星的描述不太相符。

如果我的关键词是星星，那么玩家3的描述最接近我的关键词，因为它提到了固态表面和液态水，这是星星不具备的特征。然而，如果我是卧底，我的描述应该与他们的描述有明显的不同。

考虑到这一点，玩家4的描述可能是卧底的线索，因为它提到了一个与星星完全不同的特征――存在生命的天体，这显然是指行星，而不是星星。因此，玩家4可能是卧底。
2024-12-13 11:48:08,498 - 4 - INFO - **********JUDGER**********
你刚刚的分析是根据玩家1、玩家2和玩家3的描述，他们似乎在描述的是星星，尤其是那种特别明亮的星星，比如北极星或一些超新星。玩家4的描述提到了固态表面和液态水，以及存在生命的特征，这与星星的描述不太相符。

如果我的关键词是星星，那么玩家3的描述最接近我的关键词，因为它提到了固态表面和液态水，这是星星不具备的特征。然而，如果我是卧底，我的描述应该与他们的描述有明显的不同。

考虑到这一点，玩家4的描述可能是卧底的线索，因为它提到了一个与星星完全不同的特征――存在生命的天体，这显然是指行星，而不是星星。因此，玩家4可能是卧底。|| `请根据上述分析，比较描述以找出不一致之处，注意，这局游戏的词语分类为<天文>，卧底词和平民词都属于该类。
2024-12-13 11:48:16,584 - 4 - INFO - **********PLAYER4**********
根据上述分析，我们可以比较描述以找出不一致之处：

1. 玩家1和玩家2的描述都集中在“天体”、“发光”和“在夜空中明亮”这些特征上，这与星星的常见描述相符。

2. 玩家3的描述提到了“固态的表面”和“液态的水”，这是行星的特征，尤其是那些可能存在生命的行星，如地球。这与星星的特征不符，因为星星是由气体和等离子体组成的，没有固态表面和液态水。

3. 玩家4的描述提到了“唯一已知存在生命的天体”，这直接指向了行星，而不是星星。虽然星星也可以被认为是天体，但它们并不是已知存在生命的。

不一致之处在于玩家3和玩家4的描述，他们都提到了与星星不同的特征。玩家3描述的是行星的特征，而玩家4描述的是存在生命的特征，这通常与行星联系在一起。如果关键词是星星，那么玩家1和玩家2的描述应该更接近，而玩家3和玩家4的描述则可能包含不一致的信息。

因此，根据描述的不一致性，玩家3和玩家4可能是卧底，因为他们提供的描述与星星的特征不太一致。
2024-12-13 11:48:16,587 - 4 - INFO - **********JUDGER**********
你刚刚的分析是根据上述分析，我们可以比较描述以找出不一致之处：

1. 玩家1和玩家2的描述都集中在“天体”、“发光”和“在夜空中明亮”这些特征上，这与星星的常见描述相符。

2. 玩家3的描述提到了“固态的表面”和“液态的水”，这是行星的特征，尤其是那些可能存在生命的行星，如地球。这与星星的特征不符，因为星星是由气体和等离子体组成的，没有固态表面和液态水。

3. 玩家4的描述提到了“唯一已知存在生命的天体”，这直接指向了行星，而不是星星。虽然星星也可以被认为是天体，但它们并不是已知存在生命的。

不一致之处在于玩家3和玩家4的描述，他们都提到了与星星不同的特征。玩家3描述的是行星的特征，而玩家4描述的是存在生命的特征，这通常与行星联系在一起。如果关键词是星星，那么玩家1和玩家2的描述应该更接近，而玩家3和玩家4的描述则可能包含不一致的信息。

因此，根据描述的不一致性，玩家3和玩家4可能是卧底，因为他们提供的描述与星星的特征不太一致。|| 请通过你分析的不一致之处，推断卧底身份，注意，这局游戏的词语分类为<天文>，卧底词和平民词都属于该类。
2024-12-13 11:48:27,879 - 4 - INFO - **********PLAYER4**********
根据分析，我们可以推断卧底身份如下：

- 玩家1和玩家2的描述都指向了星星，特别是那些在夜空中非常明亮的天体，这与我们通常对星星的理解相符。
- 玩家3的描述提到了固态的表面和液态的水，以及这个天体是唯一已知存在生命的天体。这些特征指向了行星，尤其是地球，这与星星的特征不一致。
- 玩家4的描述也提到了存在生命的天体，这与行星相关，而不是星星。

由于这局游戏的词语分类为《天文》，且卧底词和平民词都属于该类，结合以上描述，玩家3和玩家4的描述都与行星相关，而与星星的特征不符。因此，根据描述的不一致性，我们可以推断玩家3和玩家4中至少有一个是卧底，他们的关键词可能是行星。

具体来说，如果玩家4的描述是卧底，那么他的关键词可能是“地球”，因为这是唯一已知存在生命的天体。如果玩家3的描述是卧底，那么他的关键词可能是任何其他行星，比如“金星”或“火星”。

因此，根据描述的不一致性，玩家3和玩家4中的一位可能是卧底，他们的关键词是行星。
2024-12-13 11:48:27,880 - 4 - INFO - **********JUDGER**********
你刚刚的推断是根据分析，我们可以推断卧底身份如下：

- 玩家1和玩家2的描述都指向了星星，特别是那些在夜空中非常明亮的天体，这与我们通常对星星的理解相符。
- 玩家3的描述提到了固态的表面和液态的水，以及这个天体是唯一已知存在生命的天体。这些特征指向了行星，尤其是地球，这与星星的特征不一致。
- 玩家4的描述也提到了存在生命的天体，这与行星相关，而不是星星。

由于这局游戏的词语分类为《天文》，且卧底词和平民词都属于该类，结合以上描述，玩家3和玩家4的描述都与行星相关，而与星星的特征不符。因此，根据描述的不一致性，我们可以推断玩家3和玩家4中至少有一个是卧底，他们的关键词可能是行星。

具体来说，如果玩家4的描述是卧底，那么他的关键词可能是“地球”，因为这是唯一已知存在生命的天体。如果玩家3的描述是卧底，那么他的关键词可能是任何其他行星，比如“金星”或“火星”。

因此，根据描述的不一致性，玩家3和玩家4中的一位可能是卧底，他们的关键词是行星。|| 基于你刚刚的推断得出你的最终结论，请输出你认为的卧底，在这种情况下只需要输出编号，是1-4中的某个数字，不要输出其他信息。在这个过程不要进行任何推理，只对||以前的部分进行信息提取
2024-12-13 11:48:28,429 - 4 - INFO - **********PLAYER4**********
4
2024-12-13 11:48:37,843 - 4 - INFO - **********JUDGER**********
玩家1说：这个词语是一种天体，通常在夜空中非常明亮。它在同类中特别引人注目的是它的形状或亮度。这个天体在夜空中虽然不是最亮的，但它的光芒独特，形状各异，有时像小钻石般闪耀。它的亮度足以在黑暗中被人注意，但并不抢眼。玩家2说：这个词语是一种在宇宙中发光的物体，它的基本特征是能在夜空中发光。在同类中，它最突出的不同特征是它的大小，通常比其他同类物体更大，更容易被肉眼看到。这个词语是一种夜空中常见的发光物体，它的亮度通常适中，不会过于耀眼。它在同类中以其稳定的光芒和均匀的亮度而著称，不同于那些偶尔出现且亮度变化的物体。尽管它不是夜空中最亮的，但它的存在为夜空增添了一抹独特的色彩。玩家3说：这个词语是一种在太阳系中绕着恒星运行的行星，它的基本特征是拥有一个固态的表面和液态的水。在该类（天文）中最突出不同的特征是它是唯一已知存在生命的天体。这个天体是太阳系中的一部分，它以其稳定的轨道和相对较小的体积而著称。它不像太阳那样耀眼，但它的光芒在夜空中仍然清晰可见。它的大气层能够维持液态水的存在，这是生命得以存在的关键条件之一。玩家4说：这个词语是一种天体，基本特征是发光，但在夜空中并非特别明亮。它在同类中最突出的不同特征是它通常较小，不容易被肉眼看到。你是第4号玩家，你的关键词是<星星>。你的回答中绝对不能包含你的关键词<星星>。这是第二轮描述，你之前的描述是这个词语是一种天体，基本特征是发光，但在夜空中并非特别明亮。它在同类中最突出的不同特征是它通常较小，不容易被肉眼看到。，注意，这局游戏的词语分类为<天文>，卧底词和平民词都属于该类，请你补充关于关键词的描述，注意，你的描述应该比起之前的描述更加贴近关键词，作为之前的补充
2024-12-13 11:48:41,337 - 4 - INFO - **********PLAYER4**********
这个天体在宇宙中散发出柔和的光芒，它的亮度适中，不会过于刺眼。它通常在夜空中以闪烁或连续的光点形式出现，不会像某些天体那样突然或频繁地变化亮度。它的存在往往需要仔细观察才能察觉，但它在夜空中的位置相对稳定，可以作为导航的参考。
2024-12-13 11:49:51,448 - 4 - INFO - **********JUDGER**********
玩家1说：这个词语是一种天体，通常在夜空中非常明亮。它在同类中特别引人注目的是它的形状或亮度。这个天体在夜空中虽然不是最亮的，但它的光芒独特，形状各异，有时像小钻石般闪耀。它的亮度足以在黑暗中被人注意，但并不抢眼。玩家2说：这个词语是一种在宇宙中发光的物体，它的基本特征是能在夜空中发光。在同类中，它最突出的不同特征是它的大小，通常比其他同类物体更大，更容易被肉眼看到。这个词语是一种夜空中常见的发光物体，它的亮度通常适中，不会过于耀眼。它在同类中以其稳定的光芒和均匀的亮度而著称，不同于那些偶尔出现且亮度变化的物体。尽管它不是夜空中最亮的，但它的存在为夜空增添了一抹独特的色彩。玩家3说：这个词语是一种在太阳系中绕着恒星运行的行星，它的基本特征是拥有一个固态的表面和液态的水。在该类（天文）中最突出不同的特征是它是唯一已知存在生命的天体。这个天体是太阳系中的一部分，它以其稳定的轨道和相对较小的体积而著称。它不像太阳那样耀眼，但它的光芒在夜空中仍然清晰可见。它的大气层能够维持液态水的存在，这是生命得以存在的关键条件之一。玩家4说：这个词语是一种天体，基本特征是发光，但在夜空中并非特别明亮。它在同类中最突出的不同特征是它通常较小，不容易被肉眼看到。||在这个游戏中，我们需要通过分析每位玩家的描述来找出卧底。通常，平民的描述会围绕相同的词语展开，而卧底的描述可能会因为词语的不同而显得不太一致。我们需要仔细比较每个描述之间的相似性和差异性，以找出可能的卧底，注意，卧底并不会隐藏自己，他会直接描述他的词语，现在，逐一分析每个玩家的描述，注意，这局游戏的词语分类为<天文>，卧底词和平民词都属于该类。||之前是第2轮描述和之前轮数描述的合集。你之前认为的卧底是玩家4。
2024-12-13 11:50:01,026 - 4 - INFO - **********PLAYER4**********
根据第二轮描述和之前的分析，我之前的推断是玩家4可能是卧底，因为他的描述与其他玩家描述的星星特征不完全一致，他强调了星星在夜空中较小且不容易被肉眼看到，这与通常描述的星星作为明亮天体的特征有所区别。

现在，让我们逐一分析每个玩家的描述：

- 玩家1描述了一个在夜空中明亮的天体，强调其形状或亮度的独特性，这符合星星的特征。
- 玩家2的描述也指向了星星，特别提到了它的大小和稳定的光芒，这同样符合星星的特征。
- 玩家3的描述提到了一个固态表面和液态水的行星，以及它是唯一已知存在生命的天体，这与行星的特征相符，而不是星星。
- 玩家4的描述再次强调了星星在夜空中较小且不容易被肉眼看到，这与他的第一轮描述相似，但与玩家1和玩家2的描述相比，他的描述没有提到星星的明亮或形状。

基于这些描述，玩家3的描述与星星的特征不太一致，因为他提到了行星的特定特征，如固态表面和液态水，以及生命的存在。这与之前玩家1和玩家2对星星的描述形成了对比。因此，根据描述的不一致性，玩家3可能是卧底，他的关键词可能是行星。

所以，基于第二轮的描述，我现在的推断是玩家3可能是卧底。
2024-12-13 11:50:01,027 - 4 - INFO - **********JUDGER**********
你刚刚的分析是根据第二轮描述和之前的分析，我之前的推断是玩家4可能是卧底，因为他的描述与其他玩家描述的星星特征不完全一致，他强调了星星在夜空中较小且不容易被肉眼看到，这与通常描述的星星作为明亮天体的特征有所区别。

现在，让我们逐一分析每个玩家的描述：

- 玩家1描述了一个在夜空中明亮的天体，强调其形状或亮度的独特性，这符合星星的特征。
- 玩家2的描述也指向了星星，特别提到了它的大小和稳定的光芒，这同样符合星星的特征。
- 玩家3的描述提到了一个固态表面和液态水的行星，以及它是唯一已知存在生命的天体，这与行星的特征相符，而不是星星。
- 玩家4的描述再次强调了星星在夜空中较小且不容易被肉眼看到，这与他的第一轮描述相似，但与玩家1和玩家2的描述相比，他的描述没有提到星星的明亮或形状。

基于这些描述，玩家3的描述与星星的特征不太一致，因为他提到了行星的特定特征，如固态表面和液态水，以及生命的存在。这与之前玩家1和玩家2对星星的描述形成了对比。因此，根据描述的不一致性，玩家3可能是卧底，他的关键词可能是行星。

所以，基于第二轮的描述，我现在的推断是玩家3可能是卧底。|| `请根据上述分析，比较描述以找出不一致之处，注意，这局游戏的词语分类为<天文>，卧底词和平民词都属于该类。
2024-12-13 11:50:09,532 - 4 - INFO - **********PLAYER4**********
根据上述分析，我们可以比较描述以找出不一致之处：

1. 玩家1的描述强调了星星在夜空中的明亮度和独特形状，这符合我们对星星的一般认知。

2. 玩家2的描述提到了星星的大小、稳定的光芒和均匀的亮度，这些特征也符合星星的特征。

3. 玩家3的描述则提到了一个拥有固态表面和液态水的行星，以及它是唯一已知存在生命的天体。这些特征与行星相关，特别是提到了行星的固态表面和液态水，这与星星的特征不符，因为星星是由气体和等离子体组成的，没有固态表面和液态水。

4. 玩家4的描述虽然提到了星星在夜空中较小且不容易被肉眼看到，但没有提到星星的明亮度或形状，这与其第一轮描述相似，但与玩家1和玩家2的描述相比，缺乏了对星星明亮度和形状的强调。

不一致之处在于玩家3的描述，它提到了与星星特征不符的行星特征，如固态表面和液态水。这与其他玩家对星星的描述形成了明显对比。因此，玩家3的描述是不一致的。
2024-12-13 11:50:09,534 - 4 - INFO - **********JUDGER**********
你刚刚的分析是根据上述分析，我们可以比较描述以找出不一致之处：

1. 玩家1的描述强调了星星在夜空中的明亮度和独特形状，这符合我们对星星的一般认知。

2. 玩家2的描述提到了星星的大小、稳定的光芒和均匀的亮度，这些特征也符合星星的特征。

3. 玩家3的描述则提到了一个拥有固态表面和液态水的行星，以及它是唯一已知存在生命的天体。这些特征与行星相关，特别是提到了行星的固态表面和液态水，这与星星的特征不符，因为星星是由气体和等离子体组成的，没有固态表面和液态水。

4. 玩家4的描述虽然提到了星星在夜空中较小且不容易被肉眼看到，但没有提到星星的明亮度或形状，这与其第一轮描述相似，但与玩家1和玩家2的描述相比，缺乏了对星星明亮度和形状的强调。

不一致之处在于玩家3的描述，它提到了与星星特征不符的行星特征，如固态表面和液态水。这与其他玩家对星星的描述形成了明显对比。因此，玩家3的描述是不一致的。|| 请通过你分析的不一致之处，推断卧底身份，注意，这局游戏的词语分类为<天文>，卧底词和平民词都属于该类。
2024-12-13 11:50:12,913 - 4 - INFO - **********PLAYER4**********
根据分析的不一致之处，我们可以推断卧底身份如下：

由于这局游戏的词语分类为《天文》，且卧底词和平民词都属于该类，玩家3的描述与星星的特征不符，因为他提到了行星的特征，如固态表面和液态水，以及它是唯一已知存在生命的天体。这些特征更符合行星，特别是地球，而不是星星。

因此，基于描述的不一致性，玩家3很可能是卧底。他的关键词可能是行星，而不是星星。
2024-12-13 11:50:12,914 - 4 - INFO - **********JUDGER**********
你刚刚的推断是根据分析的不一致之处，我们可以推断卧底身份如下：

由于这局游戏的词语分类为《天文》，且卧底词和平民词都属于该类，玩家3的描述与星星的特征不符，因为他提到了行星的特征，如固态表面和液态水，以及它是唯一已知存在生命的天体。这些特征更符合行星，特别是地球，而不是星星。

因此，基于描述的不一致性，玩家3很可能是卧底。他的关键词可能是行星，而不是星星。|| 基于你刚刚的推断得出你的最终结论，请输出你认为的卧底，在这种情况下只需要输出编号，是1-4中的某个数字，不要输出其他信息。在这个过程不要进行任何推理，只对||以前的部分进行信息提取
2024-12-13 11:50:13,951 - 4 - INFO - **********PLAYER4**********
3
2024-12-13 11:50:27,047 - 4 - INFO - **********JUDGER**********
玩家1说：这个词语是一种天体，通常在夜空中非常明亮。它在同类中特别引人注目的是它的形状或亮度。这个天体在夜空中虽然不是最亮的，但它的光芒独特，形状各异，有时像小钻石般闪耀。它的亮度足以在黑暗中被人注意，但并不抢眼。这种天体在夜空中散发的光芒是连续而稳定的，它们往往不会像某些天体那样突然变化亮度。它们的形状多样，有的像针尖，有的像钻石，有的则像是闪烁的火苗。尽管它们不是夜空中最亮的，但它们的独特形状和柔和的光芒常常在黑暗中引人注目。玩家2说：这个词语是一种在宇宙中发光的物体，它的基本特征是能在夜空中发光。在同类中，它最突出的不同特征是它的大小，通常比其他同类物体更大，更容易被肉眼看到。这个词语是一种夜空中常见的发光物体，它的亮度通常适中，不会过于耀眼。它在同类中以其稳定的光芒和均匀的亮度而著称，不同于那些偶尔出现且亮度变化的物体。尽管它不是夜空中最亮的，但它的存在为夜空增添了一抹独特的色彩。这个天体在夜空中虽然不如某些恒星那样耀眼，但它以其稳定的亮度在黑暗中显得格外明显。它的存在往往不会引起注意，除非仔细观察，但它的大小适中，足以在夜空中占据一席之地。它的光芒虽然不强烈，但能够持续不断地照亮夜空，为观察者提供了一种宁静的视觉享受。玩家3说：这个词语是一种在太阳系中绕着恒星运行的行星，它的基本特征是拥有一个固态的表面和液态的水。在该类（天文）中最突出不同的特征是它是唯一已知存在生命的天体。这个天体是太阳系中的一部分，它以其稳定的轨道和相对较小的体积而著称。它不像太阳那样耀眼，但它的光芒在夜空中仍然清晰可见。它的大气层能够维持液态水的存在，这是生命得以存在的关键条件之一。这个天体在太阳系中以其稳定的轨道运行，它的大小适中，体积较小，不像行星那样庞大。它有一个固态的表面，表面覆盖着大气层，这层大气层能够吸收和反射太阳光，使得天体在夜空中呈现出柔和的光芒。它的表面特征多样，可能包括山脉、海洋和陆地，这些地形特征使得天体在视觉上更加丰富。尽管它的光芒不如恒星那样耀眼，但它在夜空中仍然能够清晰可见，为夜空增添了一抹独特的色彩。玩家4说：这个词语是一种天体，基本特征是发光，但在夜空中并非特别明亮。它在同类中最突出的不同特征是它通常较小，不容易被肉眼看到。这个天体在宇宙中散发出柔和的光芒，它的亮度适中，不会过于刺眼。它通常在夜空中以闪烁或连续的光点形式出现，不会像某些天体那样突然或频繁地变化亮度。它的存在往往需要仔细观察才能察觉，但它在夜空中的位置相对稳定，可以作为导航的参考。你是第4号玩家，你的关键词是<星星>。你的回答中绝对不能包含你的关键词<星星>。这是第三轮描述，你之前的描述是这个词语是一种天体，基本特征是发光，但在夜空中并非特别明亮。它在同类中最突出的不同特征是它通常较小，不容易被肉眼看到。和这个天体在宇宙中散发出柔和的光芒，它的亮度适中，不会过于刺眼。它通常在夜空中以闪烁或连续的光点形式出现，不会像某些天体那样突然或频繁地变化亮度。它的存在往往需要仔细观察才能察觉，但它在夜空中的位置相对稳定，可以作为导航的参考。，注意，这局游戏的词语分类为<天文>，卧底词和平民词都属于该类，请你补充关于关键词的描述，注意，你的描述应该比起之前的描述更加贴近关键词，作为之前的补充
2024-12-13 11:50:30,464 - 4 - INFO - **********PLAYER4**********
这个天体在夜空中以其微弱而持续的光芒而著称，它的亮度不足以在白天看到，但在夜晚的黑暗中，它能够提供一种柔和的指引。它的光芒通常是均匀的，不会出现剧烈的闪烁或变化，这使得它在夜空中显得相对稳定。尽管它不是夜空中最亮的天体，但它的位置通常相对固定，对于航海者和旅行者来说，它可以作为一个可靠的导航标志。
2024-12-13 11:51:37,017 - 4 - INFO - **********JUDGER**********
玩家1说：这个词语是一种天体，通常在夜空中非常明亮。它在同类中特别引人注目的是它的形状或亮度。这个天体在夜空中虽然不是最亮的，但它的光芒独特，形状各异，有时像小钻石般闪耀。它的亮度足以在黑暗中被人注意，但并不抢眼。这种天体在夜空中散发的光芒是连续而稳定的，它们往往不会像某些天体那样突然变化亮度。它们的形状多样，有的像针尖，有的像钻石，有的则像是闪烁的火苗。尽管它们不是夜空中最亮的，但它们的独特形状和柔和的光芒常常在黑暗中引人注目。玩家2说：这个词语是一种在宇宙中发光的物体，它的基本特征是能在夜空中发光。在同类中，它最突出的不同特征是它的大小，通常比其他同类物体更大，更容易被肉眼看到。这个词语是一种夜空中常见的发光物体，它的亮度通常适中，不会过于耀眼。它在同类中以其稳定的光芒和均匀的亮度而著称，不同于那些偶尔出现且亮度变化的物体。尽管它不是夜空中最亮的，但它的存在为夜空增添了一抹独特的色彩。这个天体在夜空中虽然不如某些恒星那样耀眼，但它以其稳定的亮度在黑暗中显得格外明显。它的存在往往不会引起注意，除非仔细观察，但它的大小适中，足以在夜空中占据一席之地。它的光芒虽然不强烈，但能够持续不断地照亮夜空，为观察者提供了一种宁静的视觉享受。玩家3说：这个词语是一种在太阳系中绕着恒星运行的行星，它的基本特征是拥有一个固态的表面和液态的水。在该类（天文）中最突出不同的特征是它是唯一已知存在生命的天体。这个天体是太阳系中的一部分，它以其稳定的轨道和相对较小的体积而著称。它不像太阳那样耀眼，但它的光芒在夜空中仍然清晰可见。它的大气层能够维持液态水的存在，这是生命得以存在的关键条件之一。这个天体在太阳系中以其稳定的轨道运行，它的大小适中，体积较小，不像行星那样庞大。它有一个固态的表面，表面覆盖着大气层，这层大气层能够吸收和反射太阳光，使得天体在夜空中呈现出柔和的光芒。它的表面特征多样，可能包括山脉、海洋和陆地，这些地形特征使得天体在视觉上更加丰富。尽管它的光芒不如恒星那样耀眼，但它在夜空中仍然能够清晰可见，为夜空增添了一抹独特的色彩。玩家4说：这个词语是一种天体，基本特征是发光，但在夜空中并非特别明亮。它在同类中最突出的不同特征是它通常较小，不容易被肉眼看到。这个天体在宇宙中散发出柔和的光芒，它的亮度适中，不会过于刺眼。它通常在夜空中以闪烁或连续的光点形式出现，不会像某些天体那样突然或频繁地变化亮度。它的存在往往需要仔细观察才能察觉，但它在夜空中的位置相对稳定，可以作为导航的参考。这个天体在夜空中以其微弱而持续的光芒而著称，它的亮度不足以在白天看到，但在夜晚的黑暗中，它能够提供一种柔和的指引。它的光芒通常是均匀的，不会出现剧烈的闪烁或变化，这使得它在夜空中显得相对稳定。尽管它不是夜空中最亮的天体，但它的位置通常相对固定，对于航海者和旅行者来说，它可以作为一个可靠的导航标志。||在这个游戏中，我们需要通过分析每位玩家的描述来找出卧底。通常，平民的描述会围绕相同的词语展开，而卧底的描述可能会因为词语的不同而显得不太一致。我们需要仔细比较每个描述之间的相似性和差异性，以找出可能的卧底，注意，卧底并不会隐藏自己，他会直接描述他的词语，现在，逐一分析每个玩家的描述，注意，这局游戏的词语分类为<天文>，卧底词和平民词都属于该类。||之前是第3轮描述和之前轮数描述的合集。你之前认为的卧底是玩家3。
2024-12-13 11:51:46,781 - 4 - INFO - **********PLAYER4**********
根据第3轮描述和之前的分析，我之前的推断是玩家3可能是卧底，因为他的描述提到了行星的特征，如固态的表面、液态的水和存在生命的条件，这些特征与行星（特别是地球）相关，而不是星星。

现在，让我们逐一分析每个玩家的描述：

- 玩家1的描述强调了星星在夜空中的独特形状和柔和的光芒，这符合星星的特征。
- 玩家2的描述提到了星星的大小、稳定的光芒和均匀的亮度，这些特征也符合星星的特征。
- 玩家3的描述再次提到了行星的特征，如固态表面、液态水和存在生命的条件，这与星星的特征不符。
- 玩家4的描述与之前的描述相似，强调了星星的微弱而持续的光芒和稳定的亮度，这符合星星的特征。

基于这些描述，玩家3的描述与星星的特征不一致，因为他提到的特征更符合行星。因此，根据描述的不一致性，玩家3仍然可能是卧底。
2024-12-13 11:51:46,782 - 4 - INFO - **********JUDGER**********
你刚刚的分析是根据第3轮描述和之前的分析，我之前的推断是玩家3可能是卧底，因为他的描述提到了行星的特征，如固态的表面、液态的水和存在生命的条件，这些特征与行星（特别是地球）相关，而不是星星。

现在，让我们逐一分析每个玩家的描述：

- 玩家1的描述强调了星星在夜空中的独特形状和柔和的光芒，这符合星星的特征。
- 玩家2的描述提到了星星的大小、稳定的光芒和均匀的亮度，这些特征也符合星星的特征。
- 玩家3的描述再次提到了行星的特征，如固态表面、液态水和存在生命的条件，这与星星的特征不符。
- 玩家4的描述与之前的描述相似，强调了星星的微弱而持续的光芒和稳定的亮度，这符合星星的特征。

基于这些描述，玩家3的描述与星星的特征不一致，因为他提到的特征更符合行星。因此，根据描述的不一致性，玩家3仍然可能是卧底。|| `请根据上述分析，比较描述以找出不一致之处，注意，这局游戏的词语分类为<天文>，卧底词和平民词都属于该类。
2024-12-13 11:51:51,779 - 4 - INFO - **********PLAYER4**********
根据上述分析，不一致之处在于玩家3的描述：

- 玩家3的描述中提到了行星的特征，如固态表面、液态水和存在生命的条件，这些特征与行星（特别是地球）相关。
- 与之相比，玩家1、玩家2和玩家4的描述都集中在星星的特征上，如夜空中的亮度、形状、稳定的光芒等。

由于这局游戏的词语分类为《天文》，且卧底词和平民词都属于该类，玩家3的描述与星星的特征不符，因为他提到的特征更偏向于行星。因此，玩家3的描述与其他玩家的描述不一致。
2024-12-13 11:51:51,784 - 4 - INFO - **********JUDGER**********
你刚刚的分析是根据上述分析，不一致之处在于玩家3的描述：

- 玩家3的描述中提到了行星的特征，如固态表面、液态水和存在生命的条件，这些特征与行星（特别是地球）相关。
- 与之相比，玩家1、玩家2和玩家4的描述都集中在星星的特征上，如夜空中的亮度、形状、稳定的光芒等。

由于这局游戏的词语分类为《天文》，且卧底词和平民词都属于该类，玩家3的描述与星星的特征不符，因为他提到的特征更偏向于行星。因此，玩家3的描述与其他玩家的描述不一致。|| 请通过你分析的不一致之处，推断卧底身份，注意，这局游戏的词语分类为<天文>，卧底词和平民词都属于该类。
2024-12-13 11:51:54,435 - 4 - INFO - **********PLAYER4**********
根据分析的不一致之处，我们可以推断卧底身份如下：

玩家3的描述中提到了行星的特征，如固态表面、液态水和存在生命的条件，这与星星的特征不符。因此，根据这些描述，玩家3很可能是卧底。他的关键词可能是与行星相关的词语，而不是星星。
2024-12-13 11:51:54,436 - 4 - INFO - **********JUDGER**********
你刚刚的推断是根据分析的不一致之处，我们可以推断卧底身份如下：

玩家3的描述中提到了行星的特征，如固态表面、液态水和存在生命的条件，这与星星的特征不符。因此，根据这些描述，玩家3很可能是卧底。他的关键词可能是与行星相关的词语，而不是星星。|| 基于你刚刚的推断得出你的最终结论，请输出你认为的卧底，在这种情况下只需要输出编号，是1-4中的某个数字，不要输出其他信息。在这个过程不要进行任何推理，只对||以前的部分进行信息提取
2024-12-13 11:51:55,573 - 4 - INFO - **********PLAYER4**********
3
