2024-12-13 10:32:49,125 - 1 - INFO - **********JUDGER**********
让我们来玩一个叫做<谁是卧底>的推理游戏。基本规则：<人数>：4人。<角色分配>：每位玩家随机抽取一个词语，3名玩家拿到的词语是相同的（平民词），1名玩家拿到与之相近但不同的词语（卧底词）。<游戏流程>：1、玩家轮流描述自己的词语，但<不能>直接说出词语本身。2、描述完毕后，投票选出最像卧底的玩家。3、每轮结束后，被投票选出的玩家出局，不能再进行描述或投票。4、每轮投票结束后，如果卧底被成功找出，平民方获胜；如果卧底未被找出且卧底人数等于或超过平民人数，则卧底方获胜。你将扮演一个<玩家>，请等待你被分配到的关键词。如果你听懂了，只回答，"好的，我准备好参加游戏了"，不要输出别的信息
2024-12-13 10:32:49,604 - 1 - INFO - **********PLAYER1**********
好的，我准备好参加游戏了
2024-12-13 10:32:54,014 - 1 - INFO - **********JUDGER**********
玩家1说：玩家2说：玩家3说：玩家4说：|| 你是第1号玩家，你的关键词是<西瓜>。你的回答中绝对不能包含你的关键词<西瓜>。这是第一轮描述，不需要分析||之前别的玩家的描述，请你描述关键词基本特征，注意，这局游戏的词语分类为<水果>，卧底词和平民词都属于该类，描述包括以下两点，1.他的基本特征是什么2.他在该类（水果）中最突出不同的特征是什么，尽量简短
2024-12-13 10:32:57,243 - 1 - INFO - **********PLAYER1**********
这个水果通常呈圆形或椭圆形，皮绿色，肉质多汁，富含维生素。在水果类中，它特别受欢迎的是它的红色果肉。
2024-12-13 10:33:02,899 - 1 - INFO - **********JUDGER**********
玩家1说：这个水果通常呈圆形或椭圆形，皮绿色，肉质多汁，富含维生素。在水果类中，它特别受欢迎的是它的红色果肉。玩家2说：这个水果皮绿肉红，水分充足，营养价值高，尤其在夏季非常受欢迎。它在同类别中以其独特的红色果肉而著称。玩家3说：这个水果通常呈黄色或橙黄色，皮光滑，多汁，味道甜美，富含多种微量元素。在水果类中，它以其独特的香甜味道和丰富的维生素C而广受欢迎。玩家4说：||在这个游戏中，我们需要通过分析每位玩家的描述来找出卧底。通常，平民的描述会围绕相同的词语展开，而卧底的描述可能会因为词语的不同而显得不太一致。我们需要仔细比较每个描述之间的相似性和差异性，以找出可能的卧底，注意，卧底并不会隐藏自己，他会直接描述他的词语，现在，逐一分析每个玩家的描述，注意，这局游戏的词语分类为<水果>，卧底词和平民词都属于该类。这是第一轮描述。
2024-12-13 10:33:05,068 - 1 - INFO - **********PLAYER1**********
我注意到玩家1、2和3的描述都指向了一个常见的红色水果，而且强调了它的多汁和营养价值。我的描述与之不同，我描述的是一个黄色或橙黄色的水果，强调了它的香甜味道和维生素C的丰富含量。这种描述上的差异可能表明我是卧底，因为我没有提到任何与红色水果相关的特征。
2024-12-13 10:33:05,069 - 1 - INFO - **********JUDGER**********
你刚刚的分析是我注意到玩家1、2和3的描述都指向了一个常见的红色水果，而且强调了它的多汁和营养价值。我的描述与之不同，我描述的是一个黄色或橙黄色的水果，强调了它的香甜味道和维生素C的丰富含量。这种描述上的差异可能表明我是卧底，因为我没有提到任何与红色水果相关的特征。|| `请根据上述分析，比较描述以找出不一致之处，注意，这局游戏的词语分类为<水果>，卧底词和平民词都属于该类。
2024-12-13 10:33:07,806 - 1 - INFO - **********PLAYER1**********
根据上述分析，不一致之处主要体现在以下几点：

1. 颜色描述：玩家1、2和3描述的水果都是红色的，而我的描述是黄色或橙黄色。
2. 口感描述：玩家1、2和3提到了水果的多汁和营养价值，而我强调了香甜味道和维生素C的丰富含量。
3. 特征强调：玩家1、2和3都提到了红色果肉作为该水果的独特之处，而我并没有提到这一点。

这些差异可能表明我的描述与玩家1、2和3的描述不一致，因此我可能是卧底。
2024-12-13 10:33:07,807 - 1 - INFO - **********JUDGER**********
你刚刚的分析是根据上述分析，不一致之处主要体现在以下几点：

1. 颜色描述：玩家1、2和3描述的水果都是红色的，而我的描述是黄色或橙黄色。
2. 口感描述：玩家1、2和3提到了水果的多汁和营养价值，而我强调了香甜味道和维生素C的丰富含量。
3. 特征强调：玩家1、2和3都提到了红色果肉作为该水果的独特之处，而我并没有提到这一点。

这些差异可能表明我的描述与玩家1、2和3的描述不一致，因此我可能是卧底。|| 请通过你分析的不一致之处，推断卧底身份，注意，这局游戏的词语分类为<水果>，卧底词和平民词都属于该类。
2024-12-13 10:33:13,121 - 1 - INFO - **********PLAYER1**********
根据我的描述与其他玩家的不一致之处，我推断卧底身份可能是以下两种情况之一：

1. 如果所有平民的关键词都是红色水果，比如苹果、樱桃或者西红柿，那么我的关键词可能是黄色或橙黄色的水果，如橙子或香蕉，因为我的描述中没有提到红色果肉，这与红色水果的描述不符。

2. 另一种可能性是，如果所有平民的关键词是某种特定的黄色或橙黄色水果，比如橙子，那么我的关键词可能是另一种黄色或橙黄色水果，如柠檬或柚子，因为我的描述中强调了维生素C的丰富含量，这与橙子作为常见水果的特征相符，但柠檬或柚子可能更突出这一点。

综上所述，我的描述与红色水果的描述不一致，同时强调了维生素C的丰富，这让我怀疑我的关键词可能是橙子、柠檬或柚子中的一种。因此，我可能是卧底，我的关键词不属于苹果、樱桃、西红柿、橙子、香蕉这类红色或黄色水果。
2024-12-13 10:33:13,126 - 1 - INFO - **********JUDGER**********
你刚刚的推断是根据我的描述与其他玩家的不一致之处，我推断卧底身份可能是以下两种情况之一：

1. 如果所有平民的关键词都是红色水果，比如苹果、樱桃或者西红柿，那么我的关键词可能是黄色或橙黄色的水果，如橙子或香蕉，因为我的描述中没有提到红色果肉，这与红色水果的描述不符。

2. 另一种可能性是，如果所有平民的关键词是某种特定的黄色或橙黄色水果，比如橙子，那么我的关键词可能是另一种黄色或橙黄色水果，如柠檬或柚子，因为我的描述中强调了维生素C的丰富含量，这与橙子作为常见水果的特征相符，但柠檬或柚子可能更突出这一点。

综上所述，我的描述与红色水果的描述不一致，同时强调了维生素C的丰富，这让我怀疑我的关键词可能是橙子、柠檬或柚子中的一种。因此，我可能是卧底，我的关键词不属于苹果、樱桃、西红柿、橙子、香蕉这类红色或黄色水果。|| 基于你刚刚的推断得出你的最终结论，请输出你认为的卧底，在这种情况下只需要输出编号，是1-4中的某个数字，不要输出其他信息。在这个过程不要进行任何推理，只对||以前的部分进行信息提取
2024-12-13 10:33:13,479 - 1 - INFO - **********PLAYER1**********
2
2024-12-13 10:34:15,869 - 1 - INFO - **********JUDGER**********
玩家1说：这个水果通常呈圆形或椭圆形，皮绿色，肉质多汁，富含维生素。在水果类中，它特别受欢迎的是它的红色果肉。玩家2说：这个水果皮绿肉红，水分充足，营养价值高，尤其在夏季非常受欢迎。它在同类别中以其独特的红色果肉而著称。玩家3说：这个水果通常呈黄色或橙黄色，皮光滑，多汁，味道甜美，富含多种微量元素。在水果类中，它以其独特的香甜味道和丰富的维生素C而广受欢迎。玩家4说：这个水果色彩鲜艳，外皮通常为绿色，内含丰富的汁液，味道甜美。它在该类水果中最为人称赞的是其清凉解渴的特性。你是第1号玩家，你的关键词是<西瓜>。你的回答中绝对不能包含你的关键词<西瓜>。这是第二轮描述，你之前的描述是这个水果通常呈圆形或椭圆形，皮绿色，肉质多汁，富含维生素。在水果类中，它特别受欢迎的是它的红色果肉。，注意，这局游戏的词语分类为<水果>，卧底词和平民词都属于该类，请你补充关于关键词的描述，注意，你的描述应该比起之前的描述更加贴近关键词，作为之前的补充
2024-12-13 10:34:26,049 - 1 - INFO - **********PLAYER1**********
我注意到玩家1、2和3的描述都指向了一个常见的红色水果，而且强调了它的多汁和营养价值。我的描述与之不同，我描述的是一个黄色或橙黄色的水果，强调了它的香甜味道和维生素C的丰富含量。这种描述上的差异可能表明我是卧底，因为我没有提到任何与红色水果相关的特征。

根据我的描述，这个水果通常呈黄色或橙黄色，皮光滑，多汁，味道甜美，富含多种微量元素。在水果类中，它以其独特的香甜味道和丰富的维生素C而广受欢迎。因此，我的关键词可能是与这些特征相符的水果，比如橙子或柠檬。

现在，我将我的关键词描述为：“这个水果皮薄，果肉橙黄，味道甜美，含有丰富的维生素C，适合在夏季食用，有助于提高免疫力。” 这与我的关键词橙子或柠檬相符，但与玩家1、2和3描述的红色水果不同。

我的描述与我的关键词相符，且与玩家1、2和3的描述存在明显差异，这可能导致我在这一轮中被投票出局。然而，这并不意味着我是卧底，因为我可能只是描述了一个与红色水果不同类别的水果。我们需要在下一轮中继续观察其他玩家的描述，以便更准确地判断卧底的身份。
2024-12-13 10:34:39,252 - 1 - INFO - **********JUDGER**********
玩家1说：这个水果通常呈圆形或椭圆形，皮绿色，肉质多汁，富含维生素。在水果类中，它特别受欢迎的是它的红色果肉。我注意到玩家1、2和3的描述都指向了一个常见的红色水果，而且强调了它的多汁和营养价值。我的描述与之不同，我描述的是一个黄色或橙黄色的水果，强调了它的香甜味道和维生素C的丰富含量。这种描述上的差异可能表明我是卧底，因为我没有提到任何与红色水果相关的特征。

根据我的描述，这个水果通常呈黄色或橙黄色，皮光滑，多汁，味道甜美，富含多种微量元素。在水果类中，它以其独特的香甜味道和丰富的维生素C而广受欢迎。因此，我的关键词可能是与这些特征相符的水果，比如橙子或柠檬。

现在，我将我的关键词描述为：“这个水果皮薄，果肉橙黄，味道甜美，含有丰富的维生素C，适合在夏季食用，有助于提高免疫力。” 这与我的关键词橙子或柠檬相符，但与玩家1、2和3描述的红色水果不同。

我的描述与我的关键词相符，且与玩家1、2和3的描述存在明显差异，这可能导致我在这一轮中被投票出局。然而，这并不意味着我是卧底，因为我可能只是描述了一个与红色水果不同类别的水果。我们需要在下一轮中继续观察其他玩家的描述，以便更准确地判断卧底的身份。玩家2说：这个水果皮绿肉红，水分充足，营养价值高，尤其在夏季非常受欢迎。它在同类别中以其独特的红色果肉而著称。这个水果皮薄，果肉鲜红，多汁爽口，含有多种维生素，是夏季消暑解渴的佳品。它在外观上呈现出鲜明的对比，绿色的外皮与鲜艳的红色果肉形成鲜明对照。玩家3说：这个水果通常呈黄色或橙黄色，皮光滑，多汁，味道甜美，富含多种微量元素。在水果类中，它以其独特的香甜味道和丰富的维生素C而广受欢迎。这个水果具有明显的螺旋状结构，外皮呈鲜艳的黄色，顶端带有绿色的冠状物。它的肉质厚实，质地柔软，切开后果汁丰富，味道香甜，略带一些酸味。在水果类中，它以其独特的风味和丰富的营养素而受到喜爱，尤其在热带地区，它是夏日的清凉佳品。这种水果不仅美味，还具有促进消化和增强免疫力的功效。玩家4说：这个水果色彩鲜艳，外皮通常为绿色，内含丰富的汁液，味道甜美。它在该类水果中最为人称赞的是其清凉解渴的特性。||在这个游戏中，我们需要通过分析每位玩家的描述来找出卧底。通常，平民的描述会围绕相同的词语展开，而卧底的描述可能会因为词语的不同而显得不太一致。我们需要仔细比较每个描述之间的相似性和差异性，以找出可能的卧底，注意，卧底并不会隐藏自己，他会直接描述他的词语，现在，逐一分析每个玩家的描述，注意，这局游戏的词语分类为<水果>，卧底词和平民词都属于该类。||之前是第2轮描述和之前轮数描述的合集。你之前认为的卧底是玩家2。
2024-12-13 10:34:47,789 - 1 - INFO - **********PLAYER1**********
玩家2的描述与玩家1和玩家3的描述有相似之处，都提到了红色果肉、多汁、营养价值和夏季受欢迎，但是玩家2的描述更加详细，强调了皮薄、果肉鲜红、多汁爽口，含有多种维生素，以及清凉解渴的特性。这与玩家1和玩家3的描述相比，虽然都有红色果肉和多汁的特点，但玩家2的描述更贴近一个具体的红色水果，比如西红柿。

玩家3的描述与我的描述相似，都提到了黄色或橙黄色的水果，皮光滑，多汁，味道甜美，富含维生素C。但是玩家3的描述中提到了螺旋状结构和顶端的绿色冠状物，以及肉质厚实，这些特征在橙子或柠檬上并不常见。

玩家4的描述提到了色彩鲜艳的水果，外皮绿色，内含丰富汁液，味道甜美，以及清凉解渴的特性。这些特征与柠檬或橙子相符，但与玩家2描述的西红柿更为接近。

基于这些信息，如果之前的推断是玩家2是卧底，那么在新的描述中，玩家2的描述与西红柿的特征更为吻合，而我的描述与橙子或柠檬的特征更为吻合。因此，我的推断可能会有所改变。

考虑到玩家2的描述与西红柿的特征更为接近，而我的描述与橙子或柠檬的特征更为接近，且之前的推断是玩家2是卧底，那么在新的描述中，我仍然倾向于认为玩家2可能是卧底。因此，我的最终结论是：

卧底可能是玩家2。
2024-12-13 10:34:47,791 - 1 - INFO - **********JUDGER**********
你刚刚的分析是玩家2的描述与玩家1和玩家3的描述有相似之处，都提到了红色果肉、多汁、营养价值和夏季受欢迎，但是玩家2的描述更加详细，强调了皮薄、果肉鲜红、多汁爽口，含有多种维生素，以及清凉解渴的特性。这与玩家1和玩家3的描述相比，虽然都有红色果肉和多汁的特点，但玩家2的描述更贴近一个具体的红色水果，比如西红柿。

玩家3的描述与我的描述相似，都提到了黄色或橙黄色的水果，皮光滑，多汁，味道甜美，富含维生素C。但是玩家3的描述中提到了螺旋状结构和顶端的绿色冠状物，以及肉质厚实，这些特征在橙子或柠檬上并不常见。

玩家4的描述提到了色彩鲜艳的水果，外皮绿色，内含丰富汁液，味道甜美，以及清凉解渴的特性。这些特征与柠檬或橙子相符，但与玩家2描述的西红柿更为接近。

基于这些信息，如果之前的推断是玩家2是卧底，那么在新的描述中，玩家2的描述与西红柿的特征更为吻合，而我的描述与橙子或柠檬的特征更为吻合。因此，我的推断可能会有所改变。

考虑到玩家2的描述与西红柿的特征更为接近，而我的描述与橙子或柠檬的特征更为接近，且之前的推断是玩家2是卧底，那么在新的描述中，我仍然倾向于认为玩家2可能是卧底。因此，我的最终结论是：

卧底可能是玩家2。|| `请根据上述分析，比较描述以找出不一致之处，注意，这局游戏的词语分类为<水果>，卧底词和平民词都属于该类。
2024-12-13 10:34:55,582 - 1 - INFO - **********PLAYER1**********
根据上述分析，不一致之处主要体现在以下几个方面：

1. 颜色和特征描述：玩家1、2和4的描述都指向了红色或绿色果肉的水果，而我的描述则提到了黄色或橙黄色的水果。这表明我的描述在颜色上与他们的描述不一致。

2. 具体水果特征：玩家2的描述中提到了“皮薄、果肉鲜红、多汁爽口”，这些特征与西红柿相符。而玩家1和4的描述中虽然没有明确指出是西红柿，但描述的某些特征（如清凉解渴）也与西红柿相吻合。

3. 螺旋状结构和绿色冠状物：玩家3的描述中提到了这些特征，这是橙子或柠檬上不常见的，与我的描述中的橙子或柠檬特征不一致。

4. 清凉解渴的特性：玩家4的描述中特别提到了这一点，这与西红柿的特征不完全一致，但与柠檬的特征更为接近。

综上所述，我的描述与玩家1、2和4的描述在水果的颜色和某些特征上存在不一致，而玩家3的描述则与我的描述在某些特征上存在差异。这些不一致之处可能表明我是卧底，因为我描述的水果特征与玩家2和4描述的西红柿特征更为接近，而与玩家1和3描述的橙子或柠檬特征不一致。
2024-12-13 10:34:55,584 - 1 - INFO - **********JUDGER**********
你刚刚的分析是根据上述分析，不一致之处主要体现在以下几个方面：

1. 颜色和特征描述：玩家1、2和4的描述都指向了红色或绿色果肉的水果，而我的描述则提到了黄色或橙黄色的水果。这表明我的描述在颜色上与他们的描述不一致。

2. 具体水果特征：玩家2的描述中提到了“皮薄、果肉鲜红、多汁爽口”，这些特征与西红柿相符。而玩家1和4的描述中虽然没有明确指出是西红柿，但描述的某些特征（如清凉解渴）也与西红柿相吻合。

3. 螺旋状结构和绿色冠状物：玩家3的描述中提到了这些特征，这是橙子或柠檬上不常见的，与我的描述中的橙子或柠檬特征不一致。

4. 清凉解渴的特性：玩家4的描述中特别提到了这一点，这与西红柿的特征不完全一致，但与柠檬的特征更为接近。

综上所述，我的描述与玩家1、2和4的描述在水果的颜色和某些特征上存在不一致，而玩家3的描述则与我的描述在某些特征上存在差异。这些不一致之处可能表明我是卧底，因为我描述的水果特征与玩家2和4描述的西红柿特征更为接近，而与玩家1和3描述的橙子或柠檬特征不一致。|| 请通过你分析的不一致之处，推断卧底身份，注意，这局游戏的词语分类为<水果>，卧底词和平民词都属于该类。
2024-12-13 10:35:02,730 - 1 - INFO - **********PLAYER1**********
基于分析的不一致之处，我的推断是：

卧底可能是玩家2。

理由如下：

1. 玩家2的描述中提到了“皮薄、果肉鲜红、多汁爽口”，这些特征与西红柿相符，而西红柿在水果分类中通常被视为蔬菜，这可能与卧底词的定义相吻合。

2. 玩家1和4的描述虽然也提到了与西红柿相关的特征，但玩家4还特别提到了清凉解渴的特性，这与柠檬的特征更为接近，但不足以排除西红柿的可能性。

3. 玩家3的描述提到了螺旋状结构和绿色冠状物，这些特征在橙子或柠檬上不常见，但也不足以确定是其他水果。

4. 我的描述与橙子或柠檬的特征更为接近，但考虑到玩家2的描述与西红柿的特征更为吻合，且西红柿在水果分类中存在争议，这增加了玩家2作为卧底的可能性。

因此，综合考虑，玩家2的描述与卧底词的特征更为契合，我推断玩家2是卧底。
2024-12-13 10:35:02,732 - 1 - INFO - **********JUDGER**********
你刚刚的推断是基于分析的不一致之处，我的推断是：

卧底可能是玩家2。

理由如下：

1. 玩家2的描述中提到了“皮薄、果肉鲜红、多汁爽口”，这些特征与西红柿相符，而西红柿在水果分类中通常被视为蔬菜，这可能与卧底词的定义相吻合。

2. 玩家1和4的描述虽然也提到了与西红柿相关的特征，但玩家4还特别提到了清凉解渴的特性，这与柠檬的特征更为接近，但不足以排除西红柿的可能性。

3. 玩家3的描述提到了螺旋状结构和绿色冠状物，这些特征在橙子或柠檬上不常见，但也不足以确定是其他水果。

4. 我的描述与橙子或柠檬的特征更为接近，但考虑到玩家2的描述与西红柿的特征更为吻合，且西红柿在水果分类中存在争议，这增加了玩家2作为卧底的可能性。

因此，综合考虑，玩家2的描述与卧底词的特征更为契合，我推断玩家2是卧底。|| 基于你刚刚的推断得出你的最终结论，请输出你认为的卧底，在这种情况下只需要输出编号，是1-4中的某个数字，不要输出其他信息。在这个过程不要进行任何推理，只对||以前的部分进行信息提取
2024-12-13 10:35:03,544 - 1 - INFO - **********PLAYER1**********
2
2024-12-13 10:36:00,176 - 1 - INFO - **********JUDGER**********
玩家1说：这个水果通常呈圆形或椭圆形，皮绿色，肉质多汁，富含维生素。在水果类中，它特别受欢迎的是它的红色果肉。我注意到玩家1、2和3的描述都指向了一个常见的红色水果，而且强调了它的多汁和营养价值。我的描述与之不同，我描述的是一个黄色或橙黄色的水果，强调了它的香甜味道和维生素C的丰富含量。这种描述上的差异可能表明我是卧底，因为我没有提到任何与红色水果相关的特征。

根据我的描述，这个水果通常呈黄色或橙黄色，皮光滑，多汁，味道甜美，富含多种微量元素。在水果类中，它以其独特的香甜味道和丰富的维生素C而广受欢迎。因此，我的关键词可能是与这些特征相符的水果，比如橙子或柠檬。

现在，我将我的关键词描述为：“这个水果皮薄，果肉橙黄，味道甜美，含有丰富的维生素C，适合在夏季食用，有助于提高免疫力。” 这与我的关键词橙子或柠檬相符，但与玩家1、2和3描述的红色水果不同。

我的描述与我的关键词相符，且与玩家1、2和3的描述存在明显差异，这可能导致我在这一轮中被投票出局。然而，这并不意味着我是卧底，因为我可能只是描述了一个与红色水果不同类别的水果。我们需要在下一轮中继续观察其他玩家的描述，以便更准确地判断卧底的身份。玩家2说：这个水果皮绿肉红，水分充足，营养价值高，尤其在夏季非常受欢迎。它在同类别中以其独特的红色果肉而著称。这个水果皮薄，果肉鲜红，多汁爽口，含有多种维生素，是夏季消暑解渴的佳品。它在外观上呈现出鲜明的对比，绿色的外皮与鲜艳的红色果肉形成鲜明对照。玩家3说：这个水果通常呈黄色或橙黄色，皮光滑，多汁，味道甜美，富含多种微量元素。在水果类中，它以其独特的香甜味道和丰富的维生素C而广受欢迎。这个水果具有明显的螺旋状结构，外皮呈鲜艳的黄色，顶端带有绿色的冠状物。它的肉质厚实，质地柔软，切开后果汁丰富，味道香甜，略带一些酸味。在水果类中，它以其独特的风味和丰富的营养素而受到喜爱，尤其在热带地区，它是夏日的清凉佳品。这种水果不仅美味，还具有促进消化和增强免疫力的功效。玩家4说：这个水果色彩鲜艳，外皮通常为绿色，内含丰富的汁液，味道甜美。它在该类水果中最为人称赞的是其清凉解渴的特性。这个水果通常体积较大，形状圆润，外皮呈现出独特的绿色条纹，内含透明的汁液，口感清甜，解渴效果显著。它特别受到夏季炎热天气中人们的喜爱，因其能够带来清凉感和提神醒脑的效果。此外，它富含水分和多种微量元素，对健康有益。你是第1号玩家，你的关键词是<西瓜>。你的回答中绝对不能包含你的关键词<西瓜>。这是第三轮描述，你之前的描述是这个水果通常呈圆形或椭圆形，皮绿色，肉质多汁，富含维生素。在水果类中，它特别受欢迎的是它的红色果肉。和我注意到玩家1、2和3的描述都指向了一个常见的红色水果，而且强调了它的多汁和营养价值。我的描述与之不同，我描述的是一个黄色或橙黄色的水果，强调了它的香甜味道和维生素C的丰富含量。这种描述上的差异可能表明我是卧底，因为我没有提到任何与红色水果相关的特征。

根据我的描述，这个水果通常呈黄色或橙黄色，皮光滑，多汁，味道甜美，富含多种微量元素。在水果类中，它以其独特的香甜味道和丰富的维生素C而广受欢迎。因此，我的关键词可能是与这些特征相符的水果，比如橙子或柠檬。

现在，我将我的关键词描述为：“这个水果皮薄，果肉橙黄，味道甜美，含有丰富的维生素C，适合在夏季食用，有助于提高免疫力。” 这与我的关键词橙子或柠檬相符，但与玩家1、2和3描述的红色水果不同。

我的描述与我的关键词相符，且与玩家1、2和3的描述存在明显差异，这可能导致我在这一轮中被投票出局。然而，这并不意味着我是卧底，因为我可能只是描述了一个与红色水果不同类别的水果。我们需要在下一轮中继续观察其他玩家的描述，以便更准确地判断卧底的身份。，注意，这局游戏的词语分类为<水果>，卧底词和平民词都属于该类，请你补充关于关键词的描述，注意，你的描述应该比起之前的描述更加贴近关键词，作为之前的补充
2024-12-13 10:36:04,008 - 1 - INFO - **********PLAYER1**********
这个水果通常呈绿色，外皮光滑，内部果肉呈现出鲜艳的红色，形状通常为圆形或椭圆形。它的肉质厚实且多汁，富含多种维生素和矿物质，尤其在炎热的夏季，它的清凉解渴特性使其成为人们喜爱的消暑水果。此外，它的果肉在切开后呈现出独特的红色纹理，非常诱人。这个水果不仅美味，而且有助于提供能量和提升免疫力。
2024-12-13 11:02:44,645 - 1 - INFO - **********JUDGER**********
玩家1说：这个水果通常呈圆形或椭圆形，皮绿色，肉质多汁，富含维生素。在水果类中，它特别受欢迎的是它的红色果肉。我注意到玩家1、2和3的描述都指向了一个常见的红色水果，而且强调了它的多汁和营养价值。我的描述与之不同，我描述的是一个黄色或橙黄色的水果，强调了它的香甜味道和维生素C的丰富含量。这种描述上的差异可能表明我是卧底，因为我没有提到任何与红色水果相关的特征。

根据我的描述，这个水果通常呈黄色或橙黄色，皮光滑，多汁，味道甜美，富含多种微量元素。在水果类中，它以其独特的香甜味道和丰富的维生素C而广受欢迎。因此，我的关键词可能是与这些特征相符的水果，比如橙子或柠檬。

现在，我将我的关键词描述为：“这个水果皮薄，果肉橙黄，味道甜美，含有丰富的维生素C，适合在夏季食用，有助于提高免疫力。” 这与我的关键词橙子或柠檬相符，但与玩家1、2和3描述的红色水果不同。

我的描述与我的关键词相符，且与玩家1、2和3的描述存在明显差异，这可能导致我在这一轮中被投票出局。然而，这并不意味着我是卧底，因为我可能只是描述了一个与红色水果不同类别的水果。我们需要在下一轮中继续观察其他玩家的描述，以便更准确地判断卧底的身份。这个水果通常呈绿色，外皮光滑，内部果肉呈现出鲜艳的红色，形状通常为圆形或椭圆形。它的肉质厚实且多汁，富含多种维生素和矿物质，尤其在炎热的夏季，它的清凉解渴特性使其成为人们喜爱的消暑水果。此外，它的果肉在切开后呈现出独特的红色纹理，非常诱人。这个水果不仅美味，而且有助于提供能量和提升免疫力。玩家2说：这个水果皮绿肉红，水分充足，营养价值高，尤其在夏季非常受欢迎。它在同类别中以其独特的红色果肉而著称。这个水果皮薄，果肉鲜红，多汁爽口，含有多种维生素，是夏季消暑解渴的佳品。它在外观上呈现出鲜明的对比，绿色的外皮与鲜艳的红色果肉形成鲜明对照。这个水果通常呈绿色，外皮光滑，内部果肉呈现出鲜艳的红色，形状通常为圆形或椭圆形。它的肉质厚实且多汁，富含多种维生素和矿物质，尤其在炎热的夏季，它的清凉解渴特性使其成为人们喜爱的消暑水果。此外，它的果肉在切开后呈现出独特的红色纹理，非常诱人。玩家3说：这个水果通常呈黄色或橙黄色，皮光滑，多汁，味道甜美，富含多种微量元素。在水果类中，它以其独特的香甜味道和丰富的维生素C而广受欢迎。这个水果具有明显的螺旋状结构，外皮呈鲜艳的黄色，顶端带有绿色的冠状物。它的肉质厚实，质地柔软，切开后果汁丰富，味道香甜，略带一些酸味。在水果类中，它以其独特的风味和丰富的营养素而受到喜爱，尤其在热带地区，它是夏日的清凉佳品。这种水果不仅美味，还具有促进消化和增强免疫力的功效。应该补充的关键词描述是：“这个水果体积较大，呈圆柱形，外皮颜色鲜艳，表面覆盖着硬刺，呈现出独特的几何图案。果肉呈现出明亮的黄色，质地紧密，每一块果肉都含有丰富的果汁。味道甜美，略带酸味，是热带地区夏季消暑解渴的佳选。富含多种维生素和矿物质，对消化和免疫系统健康特别有益，同时也是热带风味的代表之一。” 这个描述与玩家1的关键词“皮绿色，肉质多汁，富含维生素”和玩家2的关键词“皮绿肉红，水分充足，营养价值高”相比，更加贴近玩家3和玩家4的关键词“黄色或橙黄色，皮光滑，多汁，味道甜美，富含多种微量元素”。玩家4说：这个水果色彩鲜艳，外皮通常为绿色，内含丰富的汁液，味道甜美。它在该类水果中最为人称赞的是其清凉解渴的特性。这个水果通常体积较大，形状圆润，外皮呈现出独特的绿色条纹，内含透明的汁液，口感清甜，解渴效果显著。它特别受到夏季炎热天气中人们的喜爱，因其能够带来清凉感和提神醒脑的效果。此外，它富含水分和多种微量元素，对健康有益。这个水果通常体积巨大，形状饱满，外皮呈现出翠绿色，表面光滑，带有细小的条纹。它的内部果肉呈现出鲜艳的红色，肉质细腻，多汁甜美。这个水果在夏季特别受欢迎，因为它能够有效解渴，提供清凉感，并且富含多种维生素和矿物质，对身体健康非常有益。||在这个游戏中，我们需要通过分析每位玩家的描述来找出卧底。通常，平民的描述会围绕相同的词语展开，而卧底的描述可能会因为词语的不同而显得不太一致。我们需要仔细比较每个描述之间的相似性和差异性，以找出可能的卧底，注意，卧底并不会隐藏自己，他会直接描述他的词语，现在，逐一分析每个玩家的描述，注意，这局游戏的词语分类为<水果>，卧底词和平民词都属于该类。||之前是第3轮描述和之前轮数描述的合集。你之前认为的卧底是玩家2。
2024-12-13 11:02:50,220 - 1 - INFO - **********PLAYER1**********
根据上述描述，以下是我的补充关键词描述：

这个水果体积较大，呈圆柱形，外皮颜色鲜艳，表面覆盖着硬刺，呈现出独特的几何图案。果肉呈现出明亮的黄色，质地紧密，每一块果肉都含有丰富的果汁。味道甜美，略带酸味，是热带地区夏季消暑解渴的佳选。富含多种维生素和矿物质，对消化和免疫系统健康特别有益，同时也是热带风味的代表之一。

这个描述与玩家1、2和4的关键词描述（红色果肉、绿色外皮、清凉解渴）存在显著差异，但与玩家3的关键词描述（黄色或橙黄色，皮光滑，多汁，味道甜美，富含多种微量元素）更为贴近。因此，我的最终结论是：

卧底可能是玩家3。
2024-12-13 11:02:50,226 - 1 - INFO - **********JUDGER**********
你刚刚的分析是根据上述描述，以下是我的补充关键词描述：

这个水果体积较大，呈圆柱形，外皮颜色鲜艳，表面覆盖着硬刺，呈现出独特的几何图案。果肉呈现出明亮的黄色，质地紧密，每一块果肉都含有丰富的果汁。味道甜美，略带酸味，是热带地区夏季消暑解渴的佳选。富含多种维生素和矿物质，对消化和免疫系统健康特别有益，同时也是热带风味的代表之一。

这个描述与玩家1、2和4的关键词描述（红色果肉、绿色外皮、清凉解渴）存在显著差异，但与玩家3的关键词描述（黄色或橙黄色，皮光滑，多汁，味道甜美，富含多种微量元素）更为贴近。因此，我的最终结论是：

卧底可能是玩家3。|| `请根据上述分析，比较描述以找出不一致之处，注意，这局游戏的词语分类为<水果>，卧底词和平民词都属于该类。
2024-12-13 11:02:59,459 - 1 - INFO - **********PLAYER1**********
根据上述分析，不一致之处主要体现在以下几个方面：

1. 外皮颜色和特征：玩家1、2和4的描述都提到了绿色外皮，而我的描述则提到了颜色鲜艳、表面覆盖着硬刺的外皮，呈现出独特的几何图案。

2. 果肉颜色：玩家1、2和4的描述都指向了红色果肉，而我的描述中果肉是明亮的黄色。

3. 果肉质地和味道：我的描述中提到果肉质地紧密，味道甜美略带酸味，而玩家1、2和4的描述中并未提及这些特征。

4. 季节和用途：我的描述强调了这是热带地区夏季消暑解渴的佳选，而玩家1、2和4的描述中并未提及具体的季节或用途。

5. 维生素和矿物质：我的描述中提到了富含多种维生素和矿物质，对消化和免疫系统健康有益，而玩家1、2和4的描述中并未提及这些具体的营养信息。

这些不一致之处表明我的描述与玩家1、2和4的描述在水果的外观、果肉颜色、质地、味道、季节特性和营养信息上存在显著差异，这可能表明我是卧底，因为我的描述与红色水果的描述不一致。
2024-12-13 11:02:59,461 - 1 - INFO - **********JUDGER**********
你刚刚的分析是根据上述分析，不一致之处主要体现在以下几个方面：

1. 外皮颜色和特征：玩家1、2和4的描述都提到了绿色外皮，而我的描述则提到了颜色鲜艳、表面覆盖着硬刺的外皮，呈现出独特的几何图案。

2. 果肉颜色：玩家1、2和4的描述都指向了红色果肉，而我的描述中果肉是明亮的黄色。

3. 果肉质地和味道：我的描述中提到果肉质地紧密，味道甜美略带酸味，而玩家1、2和4的描述中并未提及这些特征。

4. 季节和用途：我的描述强调了这是热带地区夏季消暑解渴的佳选，而玩家1、2和4的描述中并未提及具体的季节或用途。

5. 维生素和矿物质：我的描述中提到了富含多种维生素和矿物质，对消化和免疫系统健康有益，而玩家1、2和4的描述中并未提及这些具体的营养信息。

这些不一致之处表明我的描述与玩家1、2和4的描述在水果的外观、果肉颜色、质地、味道、季节特性和营养信息上存在显著差异，这可能表明我是卧底，因为我的描述与红色水果的描述不一致。|| 请通过你分析的不一致之处，推断卧底身份，注意，这局游戏的词语分类为<水果>，卧底词和平民词都属于该类。
2024-12-13 11:03:07,300 - 1 - INFO - **********PLAYER1**********
基于分析的不一致之处，我的推断是：

卧底可能是玩家3。

理由如下：

1. 玩家1、2和4的描述都指向了红色果肉的水果，而我的描述提到了明亮的黄色果肉，这与他们的描述不符。

2. 玩家3的描述与我的描述在黄色果肉、皮光滑、多汁、味道甜美、富含维生素C等方面相符，但在提到了螺旋状结构、绿色冠状物、肉质厚实等特征上与我的描述不一致。

3. 玩家3的描述中提到的硬刺、几何图案等特征在我之前的描述中并未出现，这可能表明玩家3的描述与我的描述存在不一致，从而可能是卧底。

4. 玩家1、2和4的描述中虽然也有一些与我的描述不同的地方，但玩家3的描述与我的描述在关键词特征上的不一致更为明显。

因此，结合以上分析，我推断玩家3是卧底。
2024-12-13 11:03:07,302 - 1 - INFO - **********JUDGER**********
你刚刚的推断是基于分析的不一致之处，我的推断是：

卧底可能是玩家3。

理由如下：

1. 玩家1、2和4的描述都指向了红色果肉的水果，而我的描述提到了明亮的黄色果肉，这与他们的描述不符。

2. 玩家3的描述与我的描述在黄色果肉、皮光滑、多汁、味道甜美、富含维生素C等方面相符，但在提到了螺旋状结构、绿色冠状物、肉质厚实等特征上与我的描述不一致。

3. 玩家3的描述中提到的硬刺、几何图案等特征在我之前的描述中并未出现，这可能表明玩家3的描述与我的描述存在不一致，从而可能是卧底。

4. 玩家1、2和4的描述中虽然也有一些与我的描述不同的地方，但玩家3的描述与我的描述在关键词特征上的不一致更为明显。

因此，结合以上分析，我推断玩家3是卧底。|| 基于你刚刚的推断得出你的最终结论，请输出你认为的卧底，在这种情况下只需要输出编号，是1-4中的某个数字，不要输出其他信息。在这个过程不要进行任何推理，只对||以前的部分进行信息提取
2024-12-13 11:03:08,774 - 1 - INFO - **********PLAYER1**********
3
