2024-12-13 10:32:50,571 - 2 - INFO - **********JUDGER**********
让我们来玩一个叫做<谁是卧底>的推理游戏。基本规则：<人数>：4人。<角色分配>：每位玩家随机抽取一个词语，3名玩家拿到的词语是相同的（平民词），1名玩家拿到与之相近但不同的词语（卧底词）。<游戏流程>：1、玩家轮流描述自己的词语，但<不能>直接说出词语本身。2、描述完毕后，投票选出最像卧底的玩家。3、每轮结束后，被投票选出的玩家出局，不能再进行描述或投票。4、每轮投票结束后，如果卧底被成功找出，平民方获胜；如果卧底未被找出且卧底人数等于或超过平民人数，则卧底方获胜。你将扮演一个<玩家>，请等待你被分配到的关键词。如果你听懂了，只回答，"好的，我准备好参加游戏了"，不要输出别的信息
2024-12-13 10:32:50,911 - 2 - INFO - **********PLAYER2**********
好的，我准备好参加游戏了
2024-12-13 10:32:57,244 - 2 - INFO - **********JUDGER**********
玩家1说：这个水果通常呈圆形或椭圆形，皮绿色，肉质多汁，富含维生素。在水果类中，它特别受欢迎的是它的红色果肉。玩家2说：玩家3说：玩家4说：|| 你是第2号玩家，你的关键词是<西瓜>。你的回答中绝对不能包含你的关键词<西瓜>。这是第一轮描述，不需要分析||之前别的玩家的描述，请你描述关键词基本特征，注意，这局游戏的词语分类为<水果>，卧底词和平民词都属于该类，描述包括以下两点，1.他的基本特征是什么2.他在该类（水果）中最突出不同的特征是什么，尽量简短
2024-12-13 10:32:59,244 - 2 - INFO - **********PLAYER2**********
这个水果皮绿肉红，水分充足，营养价值高，尤其在夏季非常受欢迎。它在同类别中以其独特的红色果肉而著称。
2024-12-13 10:33:13,480 - 2 - INFO - **********JUDGER**********
玩家1说：这个水果通常呈圆形或椭圆形，皮绿色，肉质多汁，富含维生素。在水果类中，它特别受欢迎的是它的红色果肉。玩家2说：这个水果皮绿肉红，水分充足，营养价值高，尤其在夏季非常受欢迎。它在同类别中以其独特的红色果肉而著称。玩家3说：这个水果通常呈黄色或橙黄色，皮光滑，多汁，味道甜美，富含多种微量元素。在水果类中，它以其独特的香甜味道和丰富的维生素C而广受欢迎。玩家4说：||在这个游戏中，我们需要通过分析每位玩家的描述来找出卧底。通常，平民的描述会围绕相同的词语展开，而卧底的描述可能会因为词语的不同而显得不太一致。我们需要仔细比较每个描述之间的相似性和差异性，以找出可能的卧底，注意，卧底并不会隐藏自己，他会直接描述他的词语，现在，逐一分析每个玩家的描述，注意，这局游戏的词语分类为<水果>，卧底词和平民词都属于该类。这是第一轮描述。
2024-12-13 10:33:17,307 - 2 - INFO - **********PLAYER2**********
这个水果通常呈黄色或橙黄色，皮光滑，多汁，味道甜美，富含多种微量元素。在水果类中，它以其独特的香甜味道和丰富的维生素C而广受欢迎。
2024-12-13 10:33:17,309 - 2 - INFO - **********JUDGER**********
你刚刚的分析是这个水果通常呈黄色或橙黄色，皮光滑，多汁，味道甜美，富含多种微量元素。在水果类中，它以其独特的香甜味道和丰富的维生素C而广受欢迎。|| `请根据上述分析，比较描述以找出不一致之处，注意，这局游戏的词语分类为<水果>，卧底词和平民词都属于该类。
2024-12-13 10:33:22,561 - 2 - INFO - **********PLAYER2**********
根据上述分析，我们可以看到以下不一致之处：

1. 玩家1和玩家2的描述都提到了水果呈圆形或椭圆形，皮绿色，肉质多汁，富含维生素，且特别受欢迎的是红色果肉。
2. 玩家3的描述提到了水果呈黄色或橙黄色，皮光滑，多汁，味道甜美，富含多种微量元素，并以其独特的香甜味道和丰富的维生素C广受欢迎。

不一致之处在于玩家3的描述中，水果的颜色和特征与玩家1和玩家2的描述有显著差异。玩家1和玩家2描述的是皮绿色、肉质红色、富含维生素的水果，而玩家3描述的是皮黄色或橙黄色、味道甜美、富含维生素C的水果。这种颜色和特征的差异可能是玩家3作为卧底，其描述与平民玩家描述的水果不一致的迹象。
2024-12-13 10:33:22,562 - 2 - INFO - **********JUDGER**********
你刚刚的分析是根据上述分析，我们可以看到以下不一致之处：

1. 玩家1和玩家2的描述都提到了水果呈圆形或椭圆形，皮绿色，肉质多汁，富含维生素，且特别受欢迎的是红色果肉。
2. 玩家3的描述提到了水果呈黄色或橙黄色，皮光滑，多汁，味道甜美，富含多种微量元素，并以其独特的香甜味道和丰富的维生素C广受欢迎。

不一致之处在于玩家3的描述中，水果的颜色和特征与玩家1和玩家2的描述有显著差异。玩家1和玩家2描述的是皮绿色、肉质红色、富含维生素的水果，而玩家3描述的是皮黄色或橙黄色、味道甜美、富含维生素C的水果。这种颜色和特征的差异可能是玩家3作为卧底，其描述与平民玩家描述的水果不一致的迹象。|| 请通过你分析的不一致之处，推断卧底身份，注意，这局游戏的词语分类为<水果>，卧底词和平民词都属于该类。
2024-12-13 10:33:26,604 - 2 - INFO - **********PLAYER2**********
根据分析的不一致之处，可以推断玩家3可能是卧底。因为玩家1和玩家2的描述都指向了相同的水果特征，即皮绿色、肉质红色、富含维生素，并且提到了这种水果因其红色果肉而特别受欢迎。而玩家3的描述提到了皮黄色或橙黄色、味道甜美、富含维生素C，这与前两位玩家的描述在颜色和味道上有显著不同。

在水果分类中，玩家3描述的特征更像是柑橘类水果，如橙子或柚子，而不是玩家1和玩家2描述的可能是苹果或猕猴桃等。因此，结合这些差异，玩家3的描述可能与平民玩家的描述不一致，这增加了他是卧底的可能性。
2024-12-13 10:33:26,605 - 2 - INFO - **********JUDGER**********
你刚刚的推断是根据分析的不一致之处，可以推断玩家3可能是卧底。因为玩家1和玩家2的描述都指向了相同的水果特征，即皮绿色、肉质红色、富含维生素，并且提到了这种水果因其红色果肉而特别受欢迎。而玩家3的描述提到了皮黄色或橙黄色、味道甜美、富含维生素C，这与前两位玩家的描述在颜色和味道上有显著不同。

在水果分类中，玩家3描述的特征更像是柑橘类水果，如橙子或柚子，而不是玩家1和玩家2描述的可能是苹果或猕猴桃等。因此，结合这些差异，玩家3的描述可能与平民玩家的描述不一致，这增加了他是卧底的可能性。|| 基于你刚刚的推断得出你的最终结论，请输出你认为的卧底，在这种情况下只需要输出编号，是1-4中的某个数字，不要输出其他信息。在这个过程不要进行任何推理，只对||以前的部分进行信息提取
2024-12-13 10:33:27,120 - 2 - INFO - **********PLAYER2**********
3
2024-12-13 10:34:26,051 - 2 - INFO - **********JUDGER**********
玩家1说：这个水果通常呈圆形或椭圆形，皮绿色，肉质多汁，富含维生素。在水果类中，它特别受欢迎的是它的红色果肉。我注意到玩家1、2和3的描述都指向了一个常见的红色水果，而且强调了它的多汁和营养价值。我的描述与之不同，我描述的是一个黄色或橙黄色的水果，强调了它的香甜味道和维生素C的丰富含量。这种描述上的差异可能表明我是卧底，因为我没有提到任何与红色水果相关的特征。

根据我的描述，这个水果通常呈黄色或橙黄色，皮光滑，多汁，味道甜美，富含多种微量元素。在水果类中，它以其独特的香甜味道和丰富的维生素C而广受欢迎。因此，我的关键词可能是与这些特征相符的水果，比如橙子或柠檬。

现在，我将我的关键词描述为：“这个水果皮薄，果肉橙黄，味道甜美，含有丰富的维生素C，适合在夏季食用，有助于提高免疫力。” 这与我的关键词橙子或柠檬相符，但与玩家1、2和3描述的红色水果不同。

我的描述与我的关键词相符，且与玩家1、2和3的描述存在明显差异，这可能导致我在这一轮中被投票出局。然而，这并不意味着我是卧底，因为我可能只是描述了一个与红色水果不同类别的水果。我们需要在下一轮中继续观察其他玩家的描述，以便更准确地判断卧底的身份。玩家2说：这个水果皮绿肉红，水分充足，营养价值高，尤其在夏季非常受欢迎。它在同类别中以其独特的红色果肉而著称。玩家3说：这个水果通常呈黄色或橙黄色，皮光滑，多汁，味道甜美，富含多种微量元素。在水果类中，它以其独特的香甜味道和丰富的维生素C而广受欢迎。玩家4说：这个水果色彩鲜艳，外皮通常为绿色，内含丰富的汁液，味道甜美。它在该类水果中最为人称赞的是其清凉解渴的特性。你是第2号玩家，你的关键词是<西瓜>。你的回答中绝对不能包含你的关键词<西瓜>。这是第二轮描述，你之前的描述是这个水果皮绿肉红，水分充足，营养价值高，尤其在夏季非常受欢迎。它在同类别中以其独特的红色果肉而著称。，注意，这局游戏的词语分类为<水果>，卧底词和平民词都属于该类，请你补充关于关键词的描述，注意，你的描述应该比起之前的描述更加贴近关键词，作为之前的补充
2024-12-13 10:34:27,801 - 2 - INFO - **********PLAYER2**********
这个水果皮薄，果肉鲜红，多汁爽口，含有多种维生素，是夏季消暑解渴的佳品。它在外观上呈现出鲜明的对比，绿色的外皮与鲜艳的红色果肉形成鲜明对照。
2024-12-13 10:35:03,544 - 2 - INFO - **********JUDGER**********
玩家1说：这个水果通常呈圆形或椭圆形，皮绿色，肉质多汁，富含维生素。在水果类中，它特别受欢迎的是它的红色果肉。我注意到玩家1、2和3的描述都指向了一个常见的红色水果，而且强调了它的多汁和营养价值。我的描述与之不同，我描述的是一个黄色或橙黄色的水果，强调了它的香甜味道和维生素C的丰富含量。这种描述上的差异可能表明我是卧底，因为我没有提到任何与红色水果相关的特征。

根据我的描述，这个水果通常呈黄色或橙黄色，皮光滑，多汁，味道甜美，富含多种微量元素。在水果类中，它以其独特的香甜味道和丰富的维生素C而广受欢迎。因此，我的关键词可能是与这些特征相符的水果，比如橙子或柠檬。

现在，我将我的关键词描述为：“这个水果皮薄，果肉橙黄，味道甜美，含有丰富的维生素C，适合在夏季食用，有助于提高免疫力。” 这与我的关键词橙子或柠檬相符，但与玩家1、2和3描述的红色水果不同。

我的描述与我的关键词相符，且与玩家1、2和3的描述存在明显差异，这可能导致我在这一轮中被投票出局。然而，这并不意味着我是卧底，因为我可能只是描述了一个与红色水果不同类别的水果。我们需要在下一轮中继续观察其他玩家的描述，以便更准确地判断卧底的身份。玩家2说：这个水果皮绿肉红，水分充足，营养价值高，尤其在夏季非常受欢迎。它在同类别中以其独特的红色果肉而著称。这个水果皮薄，果肉鲜红，多汁爽口，含有多种维生素，是夏季消暑解渴的佳品。它在外观上呈现出鲜明的对比，绿色的外皮与鲜艳的红色果肉形成鲜明对照。玩家3说：这个水果通常呈黄色或橙黄色，皮光滑，多汁，味道甜美，富含多种微量元素。在水果类中，它以其独特的香甜味道和丰富的维生素C而广受欢迎。这个水果具有明显的螺旋状结构，外皮呈鲜艳的黄色，顶端带有绿色的冠状物。它的肉质厚实，质地柔软，切开后果汁丰富，味道香甜，略带一些酸味。在水果类中，它以其独特的风味和丰富的营养素而受到喜爱，尤其在热带地区，它是夏日的清凉佳品。这种水果不仅美味，还具有促进消化和增强免疫力的功效。玩家4说：这个水果色彩鲜艳，外皮通常为绿色，内含丰富的汁液，味道甜美。它在该类水果中最为人称赞的是其清凉解渴的特性。||在这个游戏中，我们需要通过分析每位玩家的描述来找出卧底。通常，平民的描述会围绕相同的词语展开，而卧底的描述可能会因为词语的不同而显得不太一致。我们需要仔细比较每个描述之间的相似性和差异性，以找出可能的卧底，注意，卧底并不会隐藏自己，他会直接描述他的词语，现在，逐一分析每个玩家的描述，注意，这局游戏的词语分类为<水果>，卧底词和平民词都属于该类。||之前是第2轮描述和之前轮数描述的合集。你之前认为的卧底是玩家3。
2024-12-13 10:35:04,145 - 2 - INFO - **********PLAYER2**********
2
2024-12-13 10:35:04,146 - 2 - INFO - **********JUDGER**********
你刚刚的分析是2|| `请根据上述分析，比较描述以找出不一致之处，注意，这局游戏的词语分类为<水果>，卧底词和平民词都属于该类。
2024-12-13 10:35:10,416 - 2 - INFO - **********PLAYER2**********
在比较描述以找出不一致之处时，我们可以注意到以下几点：

1. 玩家1和玩家2的描述都指向了红色水果，强调了多汁、营养价值高和夏季受欢迎的特点。
2. 玩家3的描述与玩家1和玩家2相似，也是关于红色水果，但增加了关于螺旋状结构和顶端绿色冠状物的描述。
3. 玩家4的描述提到了色彩鲜艳、外皮绿色、内含丰富汁液、味道甜美，以及清凉解渴的特性，但没有提到红色果肉。

不一致之处在于：
- 玩家1和玩家2的描述都集中在红色果肉上，而玩家3虽然也描述了红色果肉，但加入了一些额外的特征（螺旋状结构和绿色冠状物），这可能表明他描述的是另一种水果。
- 玩家4的描述没有提到红色果肉，这与玩家1和玩家2的描述存在明显差异，可能表明玩家4的描述与玩家1和玩家2不同，或者是卧底。

因此，不一致之处主要体现在玩家3和玩家4的描述上，他们与玩家1和玩家2的描述在红色果肉这一点上有所不同。
2024-12-13 10:35:10,418 - 2 - INFO - **********JUDGER**********
你刚刚的分析是在比较描述以找出不一致之处时，我们可以注意到以下几点：

1. 玩家1和玩家2的描述都指向了红色水果，强调了多汁、营养价值高和夏季受欢迎的特点。
2. 玩家3的描述与玩家1和玩家2相似，也是关于红色水果，但增加了关于螺旋状结构和顶端绿色冠状物的描述。
3. 玩家4的描述提到了色彩鲜艳、外皮绿色、内含丰富汁液、味道甜美，以及清凉解渴的特性，但没有提到红色果肉。

不一致之处在于：
- 玩家1和玩家2的描述都集中在红色果肉上，而玩家3虽然也描述了红色果肉，但加入了一些额外的特征（螺旋状结构和绿色冠状物），这可能表明他描述的是另一种水果。
- 玩家4的描述没有提到红色果肉，这与玩家1和玩家2的描述存在明显差异，可能表明玩家4的描述与玩家1和玩家2不同，或者是卧底。

因此，不一致之处主要体现在玩家3和玩家4的描述上，他们与玩家1和玩家2的描述在红色果肉这一点上有所不同。|| 请通过你分析的不一致之处，推断卧底身份，注意，这局游戏的词语分类为<水果>，卧底词和平民词都属于该类。
2024-12-13 10:35:11,058 - 2 - INFO - **********PLAYER2**********
3
2024-12-13 10:35:11,059 - 2 - INFO - **********JUDGER**********
你刚刚的推断是3|| 基于你刚刚的推断得出你的最终结论，请输出你认为的卧底，在这种情况下只需要输出编号，是1-4中的某个数字，不要输出其他信息。在这个过程不要进行任何推理，只对||以前的部分进行信息提取
2024-12-13 10:35:11,871 - 2 - INFO - **********PLAYER2**********
3
2024-12-13 10:36:04,010 - 2 - INFO - **********JUDGER**********
玩家1说：这个水果通常呈圆形或椭圆形，皮绿色，肉质多汁，富含维生素。在水果类中，它特别受欢迎的是它的红色果肉。我注意到玩家1、2和3的描述都指向了一个常见的红色水果，而且强调了它的多汁和营养价值。我的描述与之不同，我描述的是一个黄色或橙黄色的水果，强调了它的香甜味道和维生素C的丰富含量。这种描述上的差异可能表明我是卧底，因为我没有提到任何与红色水果相关的特征。

根据我的描述，这个水果通常呈黄色或橙黄色，皮光滑，多汁，味道甜美，富含多种微量元素。在水果类中，它以其独特的香甜味道和丰富的维生素C而广受欢迎。因此，我的关键词可能是与这些特征相符的水果，比如橙子或柠檬。

现在，我将我的关键词描述为：“这个水果皮薄，果肉橙黄，味道甜美，含有丰富的维生素C，适合在夏季食用，有助于提高免疫力。” 这与我的关键词橙子或柠檬相符，但与玩家1、2和3描述的红色水果不同。

我的描述与我的关键词相符，且与玩家1、2和3的描述存在明显差异，这可能导致我在这一轮中被投票出局。然而，这并不意味着我是卧底，因为我可能只是描述了一个与红色水果不同类别的水果。我们需要在下一轮中继续观察其他玩家的描述，以便更准确地判断卧底的身份。这个水果通常呈绿色，外皮光滑，内部果肉呈现出鲜艳的红色，形状通常为圆形或椭圆形。它的肉质厚实且多汁，富含多种维生素和矿物质，尤其在炎热的夏季，它的清凉解渴特性使其成为人们喜爱的消暑水果。此外，它的果肉在切开后呈现出独特的红色纹理，非常诱人。这个水果不仅美味，而且有助于提供能量和提升免疫力。玩家2说：这个水果皮绿肉红，水分充足，营养价值高，尤其在夏季非常受欢迎。它在同类别中以其独特的红色果肉而著称。这个水果皮薄，果肉鲜红，多汁爽口，含有多种维生素，是夏季消暑解渴的佳品。它在外观上呈现出鲜明的对比，绿色的外皮与鲜艳的红色果肉形成鲜明对照。玩家3说：这个水果通常呈黄色或橙黄色，皮光滑，多汁，味道甜美，富含多种微量元素。在水果类中，它以其独特的香甜味道和丰富的维生素C而广受欢迎。这个水果具有明显的螺旋状结构，外皮呈鲜艳的黄色，顶端带有绿色的冠状物。它的肉质厚实，质地柔软，切开后果汁丰富，味道香甜，略带一些酸味。在水果类中，它以其独特的风味和丰富的营养素而受到喜爱，尤其在热带地区，它是夏日的清凉佳品。这种水果不仅美味，还具有促进消化和增强免疫力的功效。玩家4说：这个水果色彩鲜艳，外皮通常为绿色，内含丰富的汁液，味道甜美。它在该类水果中最为人称赞的是其清凉解渴的特性。这个水果通常体积较大，形状圆润，外皮呈现出独特的绿色条纹，内含透明的汁液，口感清甜，解渴效果显著。它特别受到夏季炎热天气中人们的喜爱，因其能够带来清凉感和提神醒脑的效果。此外，它富含水分和多种微量元素，对健康有益。你是第2号玩家，你的关键词是<西瓜>。你的回答中绝对不能包含你的关键词<西瓜>。这是第三轮描述，你之前的描述是这个水果皮绿肉红，水分充足，营养价值高，尤其在夏季非常受欢迎。它在同类别中以其独特的红色果肉而著称。和这个水果皮薄，果肉鲜红，多汁爽口，含有多种维生素，是夏季消暑解渴的佳品。它在外观上呈现出鲜明的对比，绿色的外皮与鲜艳的红色果肉形成鲜明对照。，注意，这局游戏的词语分类为<水果>，卧底词和平民词都属于该类，请你补充关于关键词的描述，注意，你的描述应该比起之前的描述更加贴近关键词，作为之前的补充
2024-12-13 10:36:06,349 - 2 - INFO - **********PLAYER2**********
这个水果通常呈绿色，外皮光滑，内部果肉呈现出鲜艳的红色，形状通常为圆形或椭圆形。它的肉质厚实且多汁，富含多种维生素和矿物质，尤其在炎热的夏季，它的清凉解渴特性使其成为人们喜爱的消暑水果。此外，它的果肉在切开后呈现出独特的红色纹理，非常诱人。
2024-12-13 11:03:08,775 - 2 - INFO - **********JUDGER**********
玩家1说：这个水果通常呈圆形或椭圆形，皮绿色，肉质多汁，富含维生素。在水果类中，它特别受欢迎的是它的红色果肉。我注意到玩家1、2和3的描述都指向了一个常见的红色水果，而且强调了它的多汁和营养价值。我的描述与之不同，我描述的是一个黄色或橙黄色的水果，强调了它的香甜味道和维生素C的丰富含量。这种描述上的差异可能表明我是卧底，因为我没有提到任何与红色水果相关的特征。

根据我的描述，这个水果通常呈黄色或橙黄色，皮光滑，多汁，味道甜美，富含多种微量元素。在水果类中，它以其独特的香甜味道和丰富的维生素C而广受欢迎。因此，我的关键词可能是与这些特征相符的水果，比如橙子或柠檬。

现在，我将我的关键词描述为：“这个水果皮薄，果肉橙黄，味道甜美，含有丰富的维生素C，适合在夏季食用，有助于提高免疫力。” 这与我的关键词橙子或柠檬相符，但与玩家1、2和3描述的红色水果不同。

我的描述与我的关键词相符，且与玩家1、2和3的描述存在明显差异，这可能导致我在这一轮中被投票出局。然而，这并不意味着我是卧底，因为我可能只是描述了一个与红色水果不同类别的水果。我们需要在下一轮中继续观察其他玩家的描述，以便更准确地判断卧底的身份。这个水果通常呈绿色，外皮光滑，内部果肉呈现出鲜艳的红色，形状通常为圆形或椭圆形。它的肉质厚实且多汁，富含多种维生素和矿物质，尤其在炎热的夏季，它的清凉解渴特性使其成为人们喜爱的消暑水果。此外，它的果肉在切开后呈现出独特的红色纹理，非常诱人。这个水果不仅美味，而且有助于提供能量和提升免疫力。玩家2说：这个水果皮绿肉红，水分充足，营养价值高，尤其在夏季非常受欢迎。它在同类别中以其独特的红色果肉而著称。这个水果皮薄，果肉鲜红，多汁爽口，含有多种维生素，是夏季消暑解渴的佳品。它在外观上呈现出鲜明的对比，绿色的外皮与鲜艳的红色果肉形成鲜明对照。这个水果通常呈绿色，外皮光滑，内部果肉呈现出鲜艳的红色，形状通常为圆形或椭圆形。它的肉质厚实且多汁，富含多种维生素和矿物质，尤其在炎热的夏季，它的清凉解渴特性使其成为人们喜爱的消暑水果。此外，它的果肉在切开后呈现出独特的红色纹理，非常诱人。玩家3说：这个水果通常呈黄色或橙黄色，皮光滑，多汁，味道甜美，富含多种微量元素。在水果类中，它以其独特的香甜味道和丰富的维生素C而广受欢迎。这个水果具有明显的螺旋状结构，外皮呈鲜艳的黄色，顶端带有绿色的冠状物。它的肉质厚实，质地柔软，切开后果汁丰富，味道香甜，略带一些酸味。在水果类中，它以其独特的风味和丰富的营养素而受到喜爱，尤其在热带地区，它是夏日的清凉佳品。这种水果不仅美味，还具有促进消化和增强免疫力的功效。应该补充的关键词描述是：“这个水果体积较大，呈圆柱形，外皮颜色鲜艳，表面覆盖着硬刺，呈现出独特的几何图案。果肉呈现出明亮的黄色，质地紧密，每一块果肉都含有丰富的果汁。味道甜美，略带酸味，是热带地区夏季消暑解渴的佳选。富含多种维生素和矿物质，对消化和免疫系统健康特别有益，同时也是热带风味的代表之一。” 这个描述与玩家1的关键词“皮绿色，肉质多汁，富含维生素”和玩家2的关键词“皮绿肉红，水分充足，营养价值高”相比，更加贴近玩家3和玩家4的关键词“黄色或橙黄色，皮光滑，多汁，味道甜美，富含多种微量元素”。玩家4说：这个水果色彩鲜艳，外皮通常为绿色，内含丰富的汁液，味道甜美。它在该类水果中最为人称赞的是其清凉解渴的特性。这个水果通常体积较大，形状圆润，外皮呈现出独特的绿色条纹，内含透明的汁液，口感清甜，解渴效果显著。它特别受到夏季炎热天气中人们的喜爱，因其能够带来清凉感和提神醒脑的效果。此外，它富含水分和多种微量元素，对健康有益。这个水果通常体积巨大，形状饱满，外皮呈现出翠绿色，表面光滑，带有细小的条纹。它的内部果肉呈现出鲜艳的红色，肉质细腻，多汁甜美。这个水果在夏季特别受欢迎，因为它能够有效解渴，提供清凉感，并且富含多种维生素和矿物质，对身体健康非常有益。||在这个游戏中，我们需要通过分析每位玩家的描述来找出卧底。通常，平民的描述会围绕相同的词语展开，而卧底的描述可能会因为词语的不同而显得不太一致。我们需要仔细比较每个描述之间的相似性和差异性，以找出可能的卧底，注意，卧底并不会隐藏自己，他会直接描述他的词语，现在，逐一分析每个玩家的描述，注意，这局游戏的词语分类为<水果>，卧底词和平民词都属于该类。||之前是第3轮描述和之前轮数描述的合集。你之前认为的卧底是玩家3。
2024-12-13 11:03:09,678 - 2 - INFO - **********PLAYER2**********
3
2024-12-13 11:03:09,680 - 2 - INFO - **********JUDGER**********
你刚刚的分析是3|| `请根据上述分析，比较描述以找出不一致之处，注意，这局游戏的词语分类为<水果>，卧底词和平民词都属于该类。
2024-12-13 11:03:17,613 - 2 - INFO - **********PLAYER2**********
在比较描述以找出不一致之处时，我们可以注意到以下几点：

1. 玩家1和玩家2的描述都指向了绿色外皮和红色果肉的水果，强调了多汁、营养价值高和夏季受欢迎的特点。
2. 玩家3的描述也提到了黄色或橙黄色的水果，但特别强调了螺旋状结构、绿色冠状物、质地柔软和略带酸味的特征。
3. 玩家4的描述提到了绿色外皮和红色果肉的水果，但强调了体积大、形状饱满、翠绿色外皮和透明汁液。

不一致之处在于：
- 玩家3的描述中提到了螺旋状结构和绿色冠状物，这是与玩家1和玩家2以及玩家4的描述不一致的特征。
- 玩家4的描述中提到了体积大、形状饱满和透明汁液，这些特征在玩家1和玩家2的描述中没有提及。

因此，不一致之处主要体现在玩家3和玩家4的描述上，他们与玩家1和玩家2的描述在水果的特征上有显著差异。
2024-12-13 11:03:17,615 - 2 - INFO - **********JUDGER**********
你刚刚的分析是在比较描述以找出不一致之处时，我们可以注意到以下几点：

1. 玩家1和玩家2的描述都指向了绿色外皮和红色果肉的水果，强调了多汁、营养价值高和夏季受欢迎的特点。
2. 玩家3的描述也提到了黄色或橙黄色的水果，但特别强调了螺旋状结构、绿色冠状物、质地柔软和略带酸味的特征。
3. 玩家4的描述提到了绿色外皮和红色果肉的水果，但强调了体积大、形状饱满、翠绿色外皮和透明汁液。

不一致之处在于：
- 玩家3的描述中提到了螺旋状结构和绿色冠状物，这是与玩家1和玩家2以及玩家4的描述不一致的特征。
- 玩家4的描述中提到了体积大、形状饱满和透明汁液，这些特征在玩家1和玩家2的描述中没有提及。

因此，不一致之处主要体现在玩家3和玩家4的描述上，他们与玩家1和玩家2的描述在水果的特征上有显著差异。|| 请通过你分析的不一致之处，推断卧底身份，注意，这局游戏的词语分类为<水果>，卧底词和平民词都属于该类。
2024-12-13 11:03:18,900 - 2 - INFO - **********PLAYER2**********
3
2024-12-13 11:03:18,901 - 2 - INFO - **********JUDGER**********
你刚刚的推断是3|| 基于你刚刚的推断得出你的最终结论，请输出你认为的卧底，在这种情况下只需要输出编号，是1-4中的某个数字，不要输出其他信息。在这个过程不要进行任何推理，只对||以前的部分进行信息提取
2024-12-13 11:03:20,080 - 2 - INFO - **********PLAYER2**********
3
