2024-12-13 11:21:45,927 - 1 - INFO - **********JUDGER**********
让我们来玩一个叫做<谁是卧底>的推理游戏。基本规则：<人数>：4人。<角色分配>：每位玩家随机抽取一个词语，3名玩家拿到的词语是相同的（平民词），1名玩家拿到与之相近但不同的词语（卧底词）。<游戏流程>：1、玩家轮流描述自己的词语，但<不能>直接说出词语本身。2、描述完毕后，投票选出最像卧底的玩家。3、每轮结束后，被投票选出的玩家出局，不能再进行描述或投票。4、每轮投票结束后，如果卧底被成功找出，平民方获胜；如果卧底未被找出且卧底人数等于或超过平民人数，则卧底方获胜。你将扮演一个<玩家>，请等待你被分配到的关键词。如果你听懂了，只回答，"好的，我准备好参加游戏了"，不要输出别的信息
2024-12-13 11:21:46,338 - 1 - INFO - **********PLAYER1**********
好的，我准备好参加游戏了
2024-12-13 11:21:50,786 - 1 - INFO - **********JUDGER**********
玩家1说：玩家2说：玩家3说：玩家4说：|| 你是第1号玩家，你的关键词是<月亮>。你的回答中绝对不能包含你的关键词<月亮>。这是第一轮描述，不需要分析||之前别的玩家的描述，请你描述关键词基本特征，注意，这局游戏的词语分类为<天文>，卧底词和平民词都属于该类，描述包括以下两点，1.他的基本特征是什么2.他在该类（天文）中最突出不同的特征是什么，尽量简短
2024-12-13 11:21:52,399 - 1 - INFO - **********PLAYER1**********
这个词语是一种天体，它围绕地球运行，并发出柔和的光芒。在所有天文词语中，它以其周期性的盈亏变化而最为显著。
2024-12-13 11:21:59,387 - 1 - INFO - **********JUDGER**********
玩家1说：这个词语是一种天体，它围绕地球运行，并发出柔和的光芒。在所有天文词语中，它以其周期性的盈亏变化而最为显著。玩家2说：这是一个围绕太阳运行的天体，它在我们太阳系中占据着中心位置，并且是所有行星中体积最大的。它在同一类天体中最为突出的是其强大的磁场和地质活动。玩家3说：这个词语是一种天体，它位于地球的近地轨道上，反射太阳光，因此我们能看到它的光亮。在所有天文词语中，它因其表面的暗淡和反射的月光而与其他天体有所区别。玩家4说：||在这个游戏中，我们需要通过分析每位玩家的描述来找出卧底。通常，平民的描述会围绕相同的词语展开，而卧底的描述可能会因为词语的不同而显得不太一致。我们需要仔细比较每个描述之间的相似性和差异性，以找出可能的卧底，注意，卧底并不会隐藏自己，他会直接描述他的词语，现在，逐一分析每个玩家的描述，注意，这局游戏的词语分类为<天文>，卧底词和平民词都属于该类。这是第一轮描述。
2024-12-13 11:22:07,839 - 1 - INFO - **********PLAYER1**********
玩家1的描述与月亮的特征相符，提到了围绕地球运行和周期性的盈亏变化。

玩家2的描述提到了围绕太阳运行、中心位置和体积最大，以及强大的磁场和地质活动，这与太阳的特征相符。

玩家3的描述提到了位于地球的近地轨道上、反射太阳光，以及表面的暗淡和反射的月光，这与月球的特征相符。

由于玩家4没有提供任何描述，我们无法判断其是否是卧底或者其词语的特征。

根据目前的描述，玩家2和玩家3的描述与平民词相符，而玩家1的描述也与月亮相符，但由于玩家4没有提供信息，我们无法确定其是否是卧底。因此，如果我是玩家4，我会选择不提供描述，观察其他玩家的行为和描述，以便在下一轮中做出判断。如果我是卧底，我会选择一个与月亮不同但仍然属于天文类别的词语，并在描述中巧妙地隐藏这个差异。
2024-12-13 11:22:07,843 - 1 - INFO - **********JUDGER**********
你刚刚的分析是玩家1的描述与月亮的特征相符，提到了围绕地球运行和周期性的盈亏变化。

玩家2的描述提到了围绕太阳运行、中心位置和体积最大，以及强大的磁场和地质活动，这与太阳的特征相符。

玩家3的描述提到了位于地球的近地轨道上、反射太阳光，以及表面的暗淡和反射的月光，这与月球的特征相符。

由于玩家4没有提供任何描述，我们无法判断其是否是卧底或者其词语的特征。

根据目前的描述，玩家2和玩家3的描述与平民词相符，而玩家1的描述也与月亮相符，但由于玩家4没有提供信息，我们无法确定其是否是卧底。因此，如果我是玩家4，我会选择不提供描述，观察其他玩家的行为和描述，以便在下一轮中做出判断。如果我是卧底，我会选择一个与月亮不同但仍然属于天文类别的词语，并在描述中巧妙地隐藏这个差异。|| `请根据上述分析，比较描述以找出不一致之处，注意，这局游戏的词语分类为<天文>，卧底词和平民词都属于该类。
2024-12-13 11:22:13,050 - 1 - INFO - **********PLAYER1**********
根据上述分析，我们可以比较每位玩家的描述，寻找不一致之处：

- 玩家1的描述提到的是围绕地球运行的天体，并且有周期性的盈亏变化，这与月亮的特征相符。

- 玩家2的描述提到的是围绕太阳运行的天体，是太阳系中体积最大的，并且有强大的磁场和地质活动，这与太阳的特征相符，而不是月亮。

- 玩家3的描述提到的是位于地球近地轨道上的天体，反射太阳光，并且表面暗淡，反射月光，这与月球的特征相符。

- 玩家4没有提供描述，因此无法判断其词语特征。

不一致之处在于玩家2的描述与其他玩家提到的围绕地球运行的天体特征不符。玩家2的描述更像是太阳的特征，而不是月亮。因此，玩家2的描述与其他玩家的描述不一致，可能是卧底。如果我是其他玩家，我会对玩家2的描述保持警惕，并在下一轮投票时考虑这一差异。
2024-12-13 11:22:13,053 - 1 - INFO - **********JUDGER**********
你刚刚的分析是根据上述分析，我们可以比较每位玩家的描述，寻找不一致之处：

- 玩家1的描述提到的是围绕地球运行的天体，并且有周期性的盈亏变化，这与月亮的特征相符。

- 玩家2的描述提到的是围绕太阳运行的天体，是太阳系中体积最大的，并且有强大的磁场和地质活动，这与太阳的特征相符，而不是月亮。

- 玩家3的描述提到的是位于地球近地轨道上的天体，反射太阳光，并且表面暗淡，反射月光，这与月球的特征相符。

- 玩家4没有提供描述，因此无法判断其词语特征。

不一致之处在于玩家2的描述与其他玩家提到的围绕地球运行的天体特征不符。玩家2的描述更像是太阳的特征，而不是月亮。因此，玩家2的描述与其他玩家的描述不一致，可能是卧底。如果我是其他玩家，我会对玩家2的描述保持警惕，并在下一轮投票时考虑这一差异。|| 请通过你分析的不一致之处，推断卧底身份，注意，这局游戏的词语分类为<天文>，卧底词和平民词都属于该类。
2024-12-13 11:22:20,674 - 1 - INFO - **********PLAYER1**********
根据上述分析，我们可以推断卧底身份如下：

- 玩家1的描述与月亮的特征相符，没有不一致之处。
- 玩家2的描述与太阳的特征相符，而不是月亮，这表明他的描述与其他玩家的描述不一致。
- 玩家3的描述与月亮的特征相符，没有不一致之处。
- 玩家4没有提供描述，因此无法确定其身份。

由于这局游戏的词语分类为<天文>，卧底词和平民词都属于该类，且其他玩家的描述都指向月亮，而玩家2的描述指向太阳，这是一个明显的分类错误，因此可以推断玩家2是卧底。他的关键词不是月亮，而是太阳。
2024-12-13 11:22:20,676 - 1 - INFO - **********JUDGER**********
你刚刚的推断是根据上述分析，我们可以推断卧底身份如下：

- 玩家1的描述与月亮的特征相符，没有不一致之处。
- 玩家2的描述与太阳的特征相符，而不是月亮，这表明他的描述与其他玩家的描述不一致。
- 玩家3的描述与月亮的特征相符，没有不一致之处。
- 玩家4没有提供描述，因此无法确定其身份。

由于这局游戏的词语分类为<天文>，卧底词和平民词都属于该类，且其他玩家的描述都指向月亮，而玩家2的描述指向太阳，这是一个明显的分类错误，因此可以推断玩家2是卧底。他的关键词不是月亮，而是太阳。|| 基于你刚刚的推断得出你的最终结论，请输出你认为的卧底，在这种情况下只需要输出编号，是1-4中的某个数字，不要输出其他信息。在这个过程不要进行任何推理，只对||以前的部分进行信息提取
2024-12-13 11:22:21,183 - 1 - INFO - **********PLAYER1**********
2
2024-12-13 11:23:40,841 - 1 - INFO - **********JUDGER**********
玩家1说：这个词语是一种天体，它围绕地球运行，并发出柔和的光芒。在所有天文词语中，它以其周期性的盈亏变化而最为显著。玩家2说：这是一个围绕太阳运行的天体，它在我们太阳系中占据着中心位置，并且是所有行星中体积最大的。它在同一类天体中最为突出的是其强大的磁场和地质活动。玩家3说：这个词语是一种天体，它位于地球的近地轨道上，反射太阳光，因此我们能看到它的光亮。在所有天文词语中，它因其表面的暗淡和反射的月光而与其他天体有所区别。玩家4说：这个词语是一种天体，它围绕地球运行，并且不发光，而是反射太阳光。在所有天文词语中，它以其周期性的盈亏变化和与地球的相对位置变化最为显著。你是第1号玩家，你的关键词是<月亮>。你的回答中绝对不能包含你的关键词<月亮>。这是第二轮描述，你之前的描述是这个词语是一种天体，它围绕地球运行，并发出柔和的光芒。在所有天文词语中，它以其周期性的盈亏变化而最为显著。，注意，这局游戏的词语分类为<天文>，卧底词和平民词都属于该类，请你补充关于关键词的描述，注意，你的描述应该比起之前的描述更加贴近关键词，作为之前的补充
2024-12-13 11:23:42,460 - 1 - INFO - **********PLAYER1**********
这个天体在夜空中显得明亮，它的形状和亮度会随着它在天空中的位置变化而变化。它是夜空中的亮点，常常被人们用来导航和计时。
2024-12-13 11:23:55,301 - 1 - INFO - **********JUDGER**********
玩家1说：这个词语是一种天体，它围绕地球运行，并发出柔和的光芒。在所有天文词语中，它以其周期性的盈亏变化而最为显著。这个天体在夜空中显得明亮，它的形状和亮度会随着它在天空中的位置变化而变化。它是夜空中的亮点，常常被人们用来导航和计时。玩家2说：这是一个围绕太阳运行的天体，它在我们太阳系中占据着中心位置，并且是所有行星中体积最大的。它在同一类天体中最为突出的是其强大的磁场和地质活动。这个天体是太阳系中的核心，它的表面活动非常活跃，经常爆发强烈的太阳风和耀斑。它是所有行星中最为庞大的，其引力影响着周围行星的轨道。它在夜空中最为明亮，但本身不发光，而是因为吸收了太阳的光线。玩家3说：这个词语是一种天体，它位于地球的近地轨道上，反射太阳光，因此我们能看到它的光亮。在所有天文词语中，它因其表面的暗淡和反射的月光而与其他天体有所区别。这个天体在夜空中尤为显眼，它的表面特征由无数大小不一的山脉和平原构成，这些特征在地球上的观测者看来是不断变化的。它对地球的潮汐现象有着显著影响，同时也是人类历史上第一个被详细观测和研究的自然天体。它的亮度变化和位置变化是古代人们用来判断时间的重要依据。玩家4说：这个词语是一种天体，它围绕地球运行，并且不发光，而是反射太阳光。在所有天文词语中，它以其周期性的盈亏变化和与地球的相对位置变化最为显著。||在这个游戏中，我们需要通过分析每位玩家的描述来找出卧底。通常，平民的描述会围绕相同的词语展开，而卧底的描述可能会因为词语的不同而显得不太一致。我们需要仔细比较每个描述之间的相似性和差异性，以找出可能的卧底，注意，卧底并不会隐藏自己，他会直接描述他的词语，现在，逐一分析每个玩家的描述，注意，这局游戏的词语分类为<天文>，卧底词和平民词都属于该类。||之前是第2轮描述和之前轮数描述的合集。你之前认为的卧底是玩家2。
2024-12-13 11:24:05,970 - 1 - INFO - **********PLAYER1**********
玩家1的描述与月亮的特征相符，强调了月亮的周期性盈亏变化和夜空中的明亮特征。

玩家2的描述提到了围绕太阳运行的天体，是太阳系中体积最大的，有强大的磁场和地质活动，这与太阳的特征相符，而不是月亮。

玩家3的描述提到了位于地球近地轨道上的天体，反射太阳光，表面有暗淡和反射的月光，这与月球的特征相符。

玩家4的描述与玩家1和玩家3的描述相似，强调了月亮围绕地球运行、不发光、反射太阳光以及周期性的盈亏变化。

基于以上分析，玩家2的描述与其他玩家的描述不一致，因为他描述的是太阳而不是月亮。因此，如果我是玩家4，我会认为玩家2是卧底。所以，我的答案是：2。
2024-12-13 11:24:05,972 - 1 - INFO - **********JUDGER**********
你刚刚的分析是玩家1的描述与月亮的特征相符，强调了月亮的周期性盈亏变化和夜空中的明亮特征。

玩家2的描述提到了围绕太阳运行的天体，是太阳系中体积最大的，有强大的磁场和地质活动，这与太阳的特征相符，而不是月亮。

玩家3的描述提到了位于地球近地轨道上的天体，反射太阳光，表面有暗淡和反射的月光，这与月球的特征相符。

玩家4的描述与玩家1和玩家3的描述相似，强调了月亮围绕地球运行、不发光、反射太阳光以及周期性的盈亏变化。

基于以上分析，玩家2的描述与其他玩家的描述不一致，因为他描述的是太阳而不是月亮。因此，如果我是玩家4，我会认为玩家2是卧底。所以，我的答案是：2。|| `请根据上述分析，比较描述以找出不一致之处，注意，这局游戏的词语分类为<天文>，卧底词和平民词都属于该类。
2024-12-13 11:24:09,552 - 1 - INFO - **********PLAYER1**********
根据上述分析，不一致之处如下：

- 玩家1、玩家3和玩家4的描述都集中在描述一个围绕地球运行的天体，不发光而是反射太阳光，并且有周期性的盈亏变化。
- 玩家2的描述则提到的是一个围绕太阳运行的天体，是太阳系中体积最大的，具有强大的磁场和地质活动，以及是太阳系中的核心。

玩家2的描述与太阳的特征相符，而不是围绕地球运行的月亮，这与其他玩家的描述不一致。因此，玩家2的描述是不一致的。
2024-12-13 11:24:09,553 - 1 - INFO - **********JUDGER**********
你刚刚的分析是根据上述分析，不一致之处如下：

- 玩家1、玩家3和玩家4的描述都集中在描述一个围绕地球运行的天体，不发光而是反射太阳光，并且有周期性的盈亏变化。
- 玩家2的描述则提到的是一个围绕太阳运行的天体，是太阳系中体积最大的，具有强大的磁场和地质活动，以及是太阳系中的核心。

玩家2的描述与太阳的特征相符，而不是围绕地球运行的月亮，这与其他玩家的描述不一致。因此，玩家2的描述是不一致的。|| 请通过你分析的不一致之处，推断卧底身份，注意，这局游戏的词语分类为<天文>，卧底词和平民词都属于该类。
2024-12-13 11:24:12,536 - 1 - INFO - **********PLAYER1**********
根据不一致之处，我们可以推断卧底身份：

由于玩家2的描述与太阳的特征相符，而其他玩家的描述都与月亮的特征相符，且游戏分类为天文，卧底词和平民词都属于该类，因此玩家2的描述与其他玩家描述的不一致表明他可能是卧底。

所以，卧底身份是：2。
2024-12-13 11:24:12,540 - 1 - INFO - **********JUDGER**********
你刚刚的推断是根据不一致之处，我们可以推断卧底身份：

由于玩家2的描述与太阳的特征相符，而其他玩家的描述都与月亮的特征相符，且游戏分类为天文，卧底词和平民词都属于该类，因此玩家2的描述与其他玩家描述的不一致表明他可能是卧底。

所以，卧底身份是：2。|| 基于你刚刚的推断得出你的最终结论，请输出你认为的卧底，在这种情况下只需要输出编号，是1-4中的某个数字，不要输出其他信息。在这个过程不要进行任何推理，只对||以前的部分进行信息提取
2024-12-13 11:24:13,677 - 1 - INFO - **********PLAYER1**********
2
2024-12-13 11:25:02,504 - 1 - INFO - **********JUDGER**********
玩家1说：这个词语是一种天体，它围绕地球运行，并发出柔和的光芒。在所有天文词语中，它以其周期性的盈亏变化而最为显著。这个天体在夜空中显得明亮，它的形状和亮度会随着它在天空中的位置变化而变化。它是夜空中的亮点，常常被人们用来导航和计时。玩家2说：这是一个围绕太阳运行的天体，它在我们太阳系中占据着中心位置，并且是所有行星中体积最大的。它在同一类天体中最为突出的是其强大的磁场和地质活动。这个天体是太阳系中的核心，它的表面活动非常活跃，经常爆发强烈的太阳风和耀斑。它是所有行星中最为庞大的，其引力影响着周围行星的轨道。它在夜空中最为明亮，但本身不发光，而是因为吸收了太阳的光线。玩家3说：这个词语是一种天体，它位于地球的近地轨道上，反射太阳光，因此我们能看到它的光亮。在所有天文词语中，它因其表面的暗淡和反射的月光而与其他天体有所区别。这个天体在夜空中尤为显眼，它的表面特征由无数大小不一的山脉和平原构成，这些特征在地球上的观测者看来是不断变化的。它对地球的潮汐现象有着显著影响，同时也是人类历史上第一个被详细观测和研究的自然天体。它的亮度变化和位置变化是古代人们用来判断时间的重要依据。玩家4说：这个词语是一种天体，它围绕地球运行，并且不发光，而是反射太阳光。在所有天文词语中，它以其周期性的盈亏变化和与地球的相对位置变化最为显著。这个天体在夜空中明亮且稳定，它的表面特征复杂，由山脉、平原和陨石坑等构成。它的轨道周期性变化使得它在地球上观测到的亮度也随之变化，这些变化在古代被用作计时和历法的基础。它对地球的潮汐现象有重要影响，同时也是人类最早观测和研究的天体之一。你是第1号玩家，你的关键词是<月亮>。你的回答中绝对不能包含你的关键词<月亮>。这是第三轮描述，你之前的描述是这个词语是一种天体，它围绕地球运行，并发出柔和的光芒。在所有天文词语中，它以其周期性的盈亏变化而最为显著。和这个天体在夜空中显得明亮，它的形状和亮度会随着它在天空中的位置变化而变化。它是夜空中的亮点，常常被人们用来导航和计时。，注意，这局游戏的词语分类为<天文>，卧底词和平民词都属于该类，请你补充关于关键词的描述，注意，你的描述应该比起之前的描述更加贴近关键词，作为之前的补充
2024-12-13 11:25:05,362 - 1 - INFO - **********PLAYER1**********
这个天体在夜空中发出持续的辉光，它的存在为夜晚提供了天然的照明。它的表面没有大气层，因此能够呈现出月面上的环形山和山脉等地质特征。它的相位变化是观测者能够直观感受到的，这种变化是古代历法制定的基础。
2024-12-13 11:25:14,104 - 1 - INFO - **********JUDGER**********
玩家1说：这个词语是一种天体，它围绕地球运行，并发出柔和的光芒。在所有天文词语中，它以其周期性的盈亏变化而最为显著。这个天体在夜空中显得明亮，它的形状和亮度会随着它在天空中的位置变化而变化。它是夜空中的亮点，常常被人们用来导航和计时。这个天体在夜空中发出持续的辉光，它的存在为夜晚提供了天然的照明。它的表面没有大气层，因此能够呈现出月面上的环形山和山脉等地质特征。它的相位变化是观测者能够直观感受到的，这种变化是古代历法制定的基础。玩家2说：这是一个围绕太阳运行的天体，它在我们太阳系中占据着中心位置，并且是所有行星中体积最大的。它在同一类天体中最为突出的是其强大的磁场和地质活动。这个天体是太阳系中的核心，它的表面活动非常活跃，经常爆发强烈的太阳风和耀斑。它是所有行星中最为庞大的，其引力影响着周围行星的轨道。它在夜空中最为明亮，但本身不发光，而是因为吸收了太阳的光线。这个天体是太阳系中的核心，它的表面活动非常活跃，经常爆发强烈的太阳风和耀斑。它是所有行星中最为庞大的，其引力影响着周围行星的轨道。它在夜空中最为明亮，但本身不发光，而是因为吸收了太阳的光线。玩家3说：这个词语是一种天体，它位于地球的近地轨道上，反射太阳光，因此我们能看到它的光亮。在所有天文词语中，它因其表面的暗淡和反射的月光而与其他天体有所区别。这个天体在夜空中尤为显眼，它的表面特征由无数大小不一的山脉和平原构成，这些特征在地球上的观测者看来是不断变化的。它对地球的潮汐现象有着显著影响，同时也是人类历史上第一个被详细观测和研究的自然天体。它的亮度变化和位置变化是古代人们用来判断时间的重要依据。这个天体在夜空中特别引人注目，它的表面遍布着大小不一的坑洞和山脉，这些特征使得它在地球上观测时呈现出独特的面貌。它的亮度随着它在天空中的位置而变化，这种变化形成了我们熟知的月相。这个天体的存在对地球的潮汐模式有重要影响，同时也是古代文明用来计时和制定历法的重要依据。玩家4说：这个词语是一种天体，它围绕地球运行，并且不发光，而是反射太阳光。在所有天文词语中，它以其周期性的盈亏变化和与地球的相对位置变化最为显著。这个天体在夜空中明亮且稳定，它的表面特征复杂，由山脉、平原和陨石坑等构成。它的轨道周期性变化使得它在地球上观测到的亮度也随之变化，这些变化在古代被用作计时和历法的基础。它对地球的潮汐现象有重要影响，同时也是人类最早观测和研究的天体之一。这个天体在夜空中呈现出不同的相位，它的亮度随着它在天空中的位置变化而周期性地增减，这种变化是古代人们用来计时的重要依据。它的表面覆盖着各种地形，包括山脉、平原和陨石坑，这些特征在地球上观测时呈现出独特的面貌。它的存在对地球的潮汐模式有重要影响，同时也是人类最早观测和研究的天体之一。||在这个游戏中，我们需要通过分析每位玩家的描述来找出卧底。通常，平民的描述会围绕相同的词语展开，而卧底的描述可能会因为词语的不同而显得不太一致。我们需要仔细比较每个描述之间的相似性和差异性，以找出可能的卧底，注意，卧底并不会隐藏自己，他会直接描述他的词语，现在，逐一分析每个玩家的描述，注意，这局游戏的词语分类为<天文>，卧底词和平民词都属于该类。||之前是第3轮描述和之前轮数描述的合集。你之前认为的卧底是玩家2。
2024-12-13 11:25:25,402 - 1 - INFO - **********PLAYER1**********
根据第3轮描述和之前的描述，我们可以逐一分析每位玩家的描述：

- 玩家1的描述与月亮的特征相符，提到了围绕地球运行、周期性的盈亏变化、夜空中的明亮、辉光、无大气层、月面上的环形山和山脉等。

- 玩家2的描述重复了之前的内容，描述了一个围绕太阳运行的天体，即太阳，而不是围绕地球运行的月亮。

- 玩家3的描述也与月亮的特征相符，提到了围绕地球运行、反射太阳光、表面特征、亮度变化、月相、潮汐现象等。

- 玩家4的描述同样与月亮的特征相符，提到了围绕地球运行、不发光、反射太阳光、周期性的盈亏变化、夜空中的明亮、表面特征、轨道周期性变化、潮汐现象等。

基于以上分析，玩家2的描述与其他玩家的描述不一致，因为他描述的是太阳而不是月亮。因此，如果我是玩家4，我会坚持之前的推断，认为玩家2是卧底。所以，我的答案是：2。
2024-12-13 11:25:25,403 - 1 - INFO - **********JUDGER**********
你刚刚的分析是根据第3轮描述和之前的描述，我们可以逐一分析每位玩家的描述：

- 玩家1的描述与月亮的特征相符，提到了围绕地球运行、周期性的盈亏变化、夜空中的明亮、辉光、无大气层、月面上的环形山和山脉等。

- 玩家2的描述重复了之前的内容，描述了一个围绕太阳运行的天体，即太阳，而不是围绕地球运行的月亮。

- 玩家3的描述也与月亮的特征相符，提到了围绕地球运行、反射太阳光、表面特征、亮度变化、月相、潮汐现象等。

- 玩家4的描述同样与月亮的特征相符，提到了围绕地球运行、不发光、反射太阳光、周期性的盈亏变化、夜空中的明亮、表面特征、轨道周期性变化、潮汐现象等。

基于以上分析，玩家2的描述与其他玩家的描述不一致，因为他描述的是太阳而不是月亮。因此，如果我是玩家4，我会坚持之前的推断，认为玩家2是卧底。所以，我的答案是：2。|| `请根据上述分析，比较描述以找出不一致之处，注意，这局游戏的词语分类为<天文>，卧底词和平民词都属于该类。
2024-12-13 11:25:29,995 - 1 - INFO - **********PLAYER1**********
根据上述分析，不一致之处如下：

- 玩家1、玩家3和玩家4的描述都集中在描述一个围绕地球运行的天体，具有反射太阳光、周期性盈亏变化、表面特征（如山脉、平原、陨石坑）、对地球潮汐现象的影响等特征。

- 玩家2的描述虽然也提到了天体围绕太阳运行，但其描述的重点是太阳系的中心位置、体积最大、强大的磁场和地质活动、表面活动（如太阳风和耀斑）、引力影响等特征，这些都是太阳的特征，而不是围绕地球运行的月亮的特征。

因此，玩家2的描述与其他玩家的描述在围绕地球运行的天体这一核心特征上不一致，这表明他的描述可能是基于不同的词语，即太阳，而不是月亮。
2024-12-13 11:25:29,996 - 1 - INFO - **********JUDGER**********
你刚刚的分析是根据上述分析，不一致之处如下：

- 玩家1、玩家3和玩家4的描述都集中在描述一个围绕地球运行的天体，具有反射太阳光、周期性盈亏变化、表面特征（如山脉、平原、陨石坑）、对地球潮汐现象的影响等特征。

- 玩家2的描述虽然也提到了天体围绕太阳运行，但其描述的重点是太阳系的中心位置、体积最大、强大的磁场和地质活动、表面活动（如太阳风和耀斑）、引力影响等特征，这些都是太阳的特征，而不是围绕地球运行的月亮的特征。

因此，玩家2的描述与其他玩家的描述在围绕地球运行的天体这一核心特征上不一致，这表明他的描述可能是基于不同的词语，即太阳，而不是月亮。|| 请通过你分析的不一致之处，推断卧底身份，注意，这局游戏的词语分类为<天文>，卧底词和平民词都属于该类。
2024-12-13 11:25:32,559 - 1 - INFO - **********PLAYER1**********
根据分析的不一致之处，可以推断卧底身份：

玩家2的描述提到了围绕太阳运行的天体，并且描述了太阳的特征，如体积最大、强大的磁场和地质活动、表面活动等，这与围绕地球运行的月亮的特征不符。

因此，卧底身份是：2。
2024-12-13 11:25:32,560 - 1 - INFO - **********JUDGER**********
你刚刚的推断是根据分析的不一致之处，可以推断卧底身份：

玩家2的描述提到了围绕太阳运行的天体，并且描述了太阳的特征，如体积最大、强大的磁场和地质活动、表面活动等，这与围绕地球运行的月亮的特征不符。

因此，卧底身份是：2。|| 基于你刚刚的推断得出你的最终结论，请输出你认为的卧底，在这种情况下只需要输出编号，是1-4中的某个数字，不要输出其他信息。在这个过程不要进行任何推理，只对||以前的部分进行信息提取
2024-12-13 11:25:33,661 - 1 - INFO - **********PLAYER1**********
2
