2024-12-13 11:21:47,268 - 2 - INFO - **********JUDGER**********
让我们来玩一个叫做<谁是卧底>的推理游戏。基本规则：<人数>：4人。<角色分配>：每位玩家随机抽取一个词语，3名玩家拿到的词语是相同的（平民词），1名玩家拿到与之相近但不同的词语（卧底词）。<游戏流程>：1、玩家轮流描述自己的词语，但<不能>直接说出词语本身。2、描述完毕后，投票选出最像卧底的玩家。3、每轮结束后，被投票选出的玩家出局，不能再进行描述或投票。4、每轮投票结束后，如果卧底被成功找出，平民方获胜；如果卧底未被找出且卧底人数等于或超过平民人数，则卧底方获胜。你将扮演一个<玩家>，请等待你被分配到的关键词。如果你听懂了，只回答，"好的，我准备好参加游戏了"，不要输出别的信息
2024-12-13 11:21:47,998 - 2 - INFO - **********PLAYER2**********
好的，我准备好参加游戏了
2024-12-13 11:21:52,400 - 2 - INFO - **********JUDGER**********
玩家1说：这个词语是一种天体，它围绕地球运行，并发出柔和的光芒。在所有天文词语中，它以其周期性的盈亏变化而最为显著。玩家2说：玩家3说：玩家4说：|| 你是第2号玩家，你的关键词是<地球>。你的回答中绝对不能包含你的关键词<地球>。这是第一轮描述，不需要分析||之前别的玩家的描述，请你描述关键词基本特征，注意，这局游戏的词语分类为<天文>，卧底词和平民词都属于该类，描述包括以下两点，1.他的基本特征是什么2.他在该类（天文）中最突出不同的特征是什么，尽量简短
2024-12-13 11:21:54,722 - 2 - INFO - **********PLAYER2**********
这是一个围绕太阳运行的天体，它在我们太阳系中占据着中心位置，并且是所有行星中体积最大的。它在同一类天体中最为突出的是其强大的磁场和地质活动。
2024-12-13 11:22:21,184 - 2 - INFO - **********JUDGER**********
玩家1说：这个词语是一种天体，它围绕地球运行，并发出柔和的光芒。在所有天文词语中，它以其周期性的盈亏变化而最为显著。玩家2说：这是一个围绕太阳运行的天体，它在我们太阳系中占据着中心位置，并且是所有行星中体积最大的。它在同一类天体中最为突出的是其强大的磁场和地质活动。玩家3说：这个词语是一种天体，它位于地球的近地轨道上，反射太阳光，因此我们能看到它的光亮。在所有天文词语中，它因其表面的暗淡和反射的月光而与其他天体有所区别。玩家4说：||在这个游戏中，我们需要通过分析每位玩家的描述来找出卧底。通常，平民的描述会围绕相同的词语展开，而卧底的描述可能会因为词语的不同而显得不太一致。我们需要仔细比较每个描述之间的相似性和差异性，以找出可能的卧底，注意，卧底并不会隐藏自己，他会直接描述他的词语，现在，逐一分析每个玩家的描述，注意，这局游戏的词语分类为<天文>，卧底词和平民词都属于该类。这是第一轮描述。
2024-12-13 11:22:27,985 - 2 - INFO - **********PLAYER2**********
玩家1的描述提到了“围绕地球运行”和“周期性的盈亏变化”，这指向了月亮。

玩家2的描述提到了“围绕太阳运行”和“占据着中心位置”，这指向了太阳。

玩家3的描述提到了“位于地球的近地轨道上”和“反射太阳光”，这同样指向了月亮。

玩家4的描述没有直接指向太阳或月亮，而是提到了“反射的月光”，这表明他可能在描述月亮。

由于玩家1、玩家3和玩家4的描述都指向了月亮，而玩家2的描述指向了太阳，这表明玩家2可能是卧底，因为他的描述与大家描述的词语不一致。然而，玩家4的描述虽然提到了月亮，但他的描述中包含了“反射的月光”，这可能是在间接地指向月亮，而不是直接描述太阳，因此也不能确定玩家4就是卧底。

在这种情况下，玩家2的描述与大家不一致，且指向了一个不同的天体，因此他可能是卧底。但为了确保准确性，我们需要在下一轮中继续观察玩家的描述。
2024-12-13 11:22:27,986 - 2 - INFO - **********JUDGER**********
你刚刚的分析是玩家1的描述提到了“围绕地球运行”和“周期性的盈亏变化”，这指向了月亮。

玩家2的描述提到了“围绕太阳运行”和“占据着中心位置”，这指向了太阳。

玩家3的描述提到了“位于地球的近地轨道上”和“反射太阳光”，这同样指向了月亮。

玩家4的描述没有直接指向太阳或月亮，而是提到了“反射的月光”，这表明他可能在描述月亮。

由于玩家1、玩家3和玩家4的描述都指向了月亮，而玩家2的描述指向了太阳，这表明玩家2可能是卧底，因为他的描述与大家描述的词语不一致。然而，玩家4的描述虽然提到了月亮，但他的描述中包含了“反射的月光”，这可能是在间接地指向月亮，而不是直接描述太阳，因此也不能确定玩家4就是卧底。

在这种情况下，玩家2的描述与大家不一致，且指向了一个不同的天体，因此他可能是卧底。但为了确保准确性，我们需要在下一轮中继续观察玩家的描述。|| `请根据上述分析，比较描述以找出不一致之处，注意，这局游戏的词语分类为<天文>，卧底词和平民词都属于该类。
2024-12-13 11:22:35,888 - 2 - INFO - **********PLAYER2**********
根据上述分析，我们可以看到以下几点不一致之处：

1. 玩家2的描述与其他玩家的描述不一致。其他玩家都提到了“围绕地球运行”或“位于地球的近地轨道上”，而玩家2提到了“围绕太阳运行”和“占据着中心位置”，这指向了太阳，而不是月亮。

2. 玩家4的描述虽然提到了月亮，但使用了“反射的月光”这一表述，这听起来像是在描述月亮的相位变化，即月亮的盈亏，这与玩家1和玩家3的描述相似。然而，玩家4的描述并没有直接排除太阳的可能性，因为太阳本身也是天体，并且月亮的盈亏变化是由于太阳光被月亮反射造成的。

基于这些不一致之处，玩家2的描述与游戏中的其他描述最不匹配，因为他描述了一个完全不同的天体――太阳。因此，玩家2的描述可能是卧底词。而玩家4的描述虽然提到了月亮，但表述上存在模糊性，可能是在故意混淆视听。在下一轮中，我们可以继续观察玩家4的描述，看他是否会在描述中进一步明确指向月亮，或者是否会有其他玩家指出他的描述与大家所猜测的词语不一致。
2024-12-13 11:22:35,893 - 2 - INFO - **********JUDGER**********
你刚刚的分析是根据上述分析，我们可以看到以下几点不一致之处：

1. 玩家2的描述与其他玩家的描述不一致。其他玩家都提到了“围绕地球运行”或“位于地球的近地轨道上”，而玩家2提到了“围绕太阳运行”和“占据着中心位置”，这指向了太阳，而不是月亮。

2. 玩家4的描述虽然提到了月亮，但使用了“反射的月光”这一表述，这听起来像是在描述月亮的相位变化，即月亮的盈亏，这与玩家1和玩家3的描述相似。然而，玩家4的描述并没有直接排除太阳的可能性，因为太阳本身也是天体，并且月亮的盈亏变化是由于太阳光被月亮反射造成的。

基于这些不一致之处，玩家2的描述与游戏中的其他描述最不匹配，因为他描述了一个完全不同的天体――太阳。因此，玩家2的描述可能是卧底词。而玩家4的描述虽然提到了月亮，但表述上存在模糊性，可能是在故意混淆视听。在下一轮中，我们可以继续观察玩家4的描述，看他是否会在描述中进一步明确指向月亮，或者是否会有其他玩家指出他的描述与大家所猜测的词语不一致。|| 请通过你分析的不一致之处，推断卧底身份，注意，这局游戏的词语分类为<天文>，卧底词和平民词都属于该类。
2024-12-13 11:22:45,757 - 2 - INFO - **********PLAYER2**********
根据分析的不一致之处，可以推断以下可能性：

1. 玩家2的描述与其他玩家描述的不一致之处非常明显，因为他描述的是太阳，而其他玩家描述的是月亮。由于游戏中的词语分类为天文，且卧底词和平民词都属于该类，玩家2的描述指向了一个完全不同的天体，因此玩家2很可能是卧底。

2. 玩家4的描述虽然提到了月亮，但使用了“反射的月光”这样的表述，这虽然与月亮的盈亏变化相关，但并未排除其他可能的天文现象。由于玩家4的描述没有明确指向其他特定的天文词语，且没有与其他玩家描述形成明显的冲突，因此玩家4不太可能是卧底。

综上所述，根据描述的不一致性和游戏规则，玩家2最可能是卧底。
2024-12-13 11:22:45,760 - 2 - INFO - **********JUDGER**********
你刚刚的推断是根据分析的不一致之处，可以推断以下可能性：

1. 玩家2的描述与其他玩家描述的不一致之处非常明显，因为他描述的是太阳，而其他玩家描述的是月亮。由于游戏中的词语分类为天文，且卧底词和平民词都属于该类，玩家2的描述指向了一个完全不同的天体，因此玩家2很可能是卧底。

2. 玩家4的描述虽然提到了月亮，但使用了“反射的月光”这样的表述，这虽然与月亮的盈亏变化相关，但并未排除其他可能的天文现象。由于玩家4的描述没有明确指向其他特定的天文词语，且没有与其他玩家描述形成明显的冲突，因此玩家4不太可能是卧底。

综上所述，根据描述的不一致性和游戏规则，玩家2最可能是卧底。|| 基于你刚刚的推断得出你的最终结论，请输出你认为的卧底，在这种情况下只需要输出编号，是1-4中的某个数字，不要输出其他信息。在这个过程不要进行任何推理，只对||以前的部分进行信息提取
2024-12-13 11:22:46,465 - 2 - INFO - **********PLAYER2**********
2
2024-12-13 11:23:42,460 - 2 - INFO - **********JUDGER**********
玩家1说：这个词语是一种天体，它围绕地球运行，并发出柔和的光芒。在所有天文词语中，它以其周期性的盈亏变化而最为显著。这个天体在夜空中显得明亮，它的形状和亮度会随着它在天空中的位置变化而变化。它是夜空中的亮点，常常被人们用来导航和计时。玩家2说：这是一个围绕太阳运行的天体，它在我们太阳系中占据着中心位置，并且是所有行星中体积最大的。它在同一类天体中最为突出的是其强大的磁场和地质活动。玩家3说：这个词语是一种天体，它位于地球的近地轨道上，反射太阳光，因此我们能看到它的光亮。在所有天文词语中，它因其表面的暗淡和反射的月光而与其他天体有所区别。玩家4说：这个词语是一种天体，它围绕地球运行，并且不发光，而是反射太阳光。在所有天文词语中，它以其周期性的盈亏变化和与地球的相对位置变化最为显著。你是第2号玩家，你的关键词是<地球>。你的回答中绝对不能包含你的关键词<地球>。这是第二轮描述，你之前的描述是这是一个围绕太阳运行的天体，它在我们太阳系中占据着中心位置，并且是所有行星中体积最大的。它在同一类天体中最为突出的是其强大的磁场和地质活动。，注意，这局游戏的词语分类为<天文>，卧底词和平民词都属于该类，请你补充关于关键词的描述，注意，你的描述应该比起之前的描述更加贴近关键词，作为之前的补充
2024-12-13 11:23:45,271 - 2 - INFO - **********PLAYER2**********
这个天体是太阳系中的核心，它的表面活动非常活跃，经常爆发强烈的太阳风和耀斑。它是所有行星中最为庞大的，其引力影响着周围行星的轨道。它在夜空中最为明亮，但本身不发光，而是因为吸收了太阳的光线。
2024-12-13 11:24:13,679 - 2 - INFO - **********JUDGER**********
玩家1说：这个词语是一种天体，它围绕地球运行，并发出柔和的光芒。在所有天文词语中，它以其周期性的盈亏变化而最为显著。这个天体在夜空中显得明亮，它的形状和亮度会随着它在天空中的位置变化而变化。它是夜空中的亮点，常常被人们用来导航和计时。玩家2说：这是一个围绕太阳运行的天体，它在我们太阳系中占据着中心位置，并且是所有行星中体积最大的。它在同一类天体中最为突出的是其强大的磁场和地质活动。这个天体是太阳系中的核心，它的表面活动非常活跃，经常爆发强烈的太阳风和耀斑。它是所有行星中最为庞大的，其引力影响着周围行星的轨道。它在夜空中最为明亮，但本身不发光，而是因为吸收了太阳的光线。玩家3说：这个词语是一种天体，它位于地球的近地轨道上，反射太阳光，因此我们能看到它的光亮。在所有天文词语中，它因其表面的暗淡和反射的月光而与其他天体有所区别。这个天体在夜空中尤为显眼，它的表面特征由无数大小不一的山脉和平原构成，这些特征在地球上的观测者看来是不断变化的。它对地球的潮汐现象有着显著影响，同时也是人类历史上第一个被详细观测和研究的自然天体。它的亮度变化和位置变化是古代人们用来判断时间的重要依据。玩家4说：这个词语是一种天体，它围绕地球运行，并且不发光，而是反射太阳光。在所有天文词语中，它以其周期性的盈亏变化和与地球的相对位置变化最为显著。||在这个游戏中，我们需要通过分析每位玩家的描述来找出卧底。通常，平民的描述会围绕相同的词语展开，而卧底的描述可能会因为词语的不同而显得不太一致。我们需要仔细比较每个描述之间的相似性和差异性，以找出可能的卧底，注意，卧底并不会隐藏自己，他会直接描述他的词语，现在，逐一分析每个玩家的描述，注意，这局游戏的词语分类为<天文>，卧底词和平民词都属于该类。||之前是第2轮描述和之前轮数描述的合集。你之前认为的卧底是玩家2。
2024-12-13 11:24:19,982 - 2 - INFO - **********PLAYER2**********
玩家2的描述在第二轮中与其他玩家的描述不一致。玩家1、玩家3和玩家4都描述了围绕地球运行的天体，而玩家2描述的是围绕太阳运行的天体，即太阳。这与他第一轮的描述相符，即太阳是太阳系中占据中心位置、体积最大、具有强大磁场和地质活动的天体。

因此，根据第二轮的描述，玩家2的描述仍然与其他玩家描述的天体（月亮）不一致，他坚持描述的是太阳。这强化了玩家2作为卧底的可能性，因为他两次的描述都指向了与月亮不同的天体。

综上所述，基于第二轮的描述，我仍然认为玩家2是卧底。
2024-12-13 11:24:19,984 - 2 - INFO - **********JUDGER**********
你刚刚的分析是玩家2的描述在第二轮中与其他玩家的描述不一致。玩家1、玩家3和玩家4都描述了围绕地球运行的天体，而玩家2描述的是围绕太阳运行的天体，即太阳。这与他第一轮的描述相符，即太阳是太阳系中占据中心位置、体积最大、具有强大磁场和地质活动的天体。

因此，根据第二轮的描述，玩家2的描述仍然与其他玩家描述的天体（月亮）不一致，他坚持描述的是太阳。这强化了玩家2作为卧底的可能性，因为他两次的描述都指向了与月亮不同的天体。

综上所述，基于第二轮的描述，我仍然认为玩家2是卧底。|| `请根据上述分析，比较描述以找出不一致之处，注意，这局游戏的词语分类为<天文>，卧底词和平民词都属于该类。
2024-12-13 11:24:25,967 - 2 - INFO - **********PLAYER2**********
根据上述分析，以下是不一致之处：

1. 玩家2的描述与其他三位玩家的描述不一致。玩家1、玩家3和玩家4都提到了天体围绕地球运行，而玩家2描述的天体是围绕太阳运行。

2. 玩家2描述的天体是太阳，而其他玩家描述的天体是月亮。太阳和月亮都是天文词语，但它们是两个完全不同的天体。

3. 玩家2在第一轮和第二轮中都描述了太阳，这与其他玩家描述的围绕地球运行的天体（月亮）形成了鲜明对比。

这些不一致之处表明玩家2的描述与游戏中的平民词（月亮）不一致，因此玩家2可能是卧底。
2024-12-13 11:24:25,969 - 2 - INFO - **********JUDGER**********
你刚刚的分析是根据上述分析，以下是不一致之处：

1. 玩家2的描述与其他三位玩家的描述不一致。玩家1、玩家3和玩家4都提到了天体围绕地球运行，而玩家2描述的天体是围绕太阳运行。

2. 玩家2描述的天体是太阳，而其他玩家描述的天体是月亮。太阳和月亮都是天文词语，但它们是两个完全不同的天体。

3. 玩家2在第一轮和第二轮中都描述了太阳，这与其他玩家描述的围绕地球运行的天体（月亮）形成了鲜明对比。

这些不一致之处表明玩家2的描述与游戏中的平民词（月亮）不一致，因此玩家2可能是卧底。|| 请通过你分析的不一致之处，推断卧底身份，注意，这局游戏的词语分类为<天文>，卧底词和平民词都属于该类。
2024-12-13 11:24:26,581 - 2 - INFO - **********PLAYER2**********
2
2024-12-13 11:24:26,582 - 2 - INFO - **********JUDGER**********
你刚刚的推断是2|| 基于你刚刚的推断得出你的最终结论，请输出你认为的卧底，在这种情况下只需要输出编号，是1-4中的某个数字，不要输出其他信息。在这个过程不要进行任何推理，只对||以前的部分进行信息提取
2024-12-13 11:24:27,433 - 2 - INFO - **********PLAYER2**********
2
2024-12-13 11:25:05,364 - 2 - INFO - **********JUDGER**********
玩家1说：这个词语是一种天体，它围绕地球运行，并发出柔和的光芒。在所有天文词语中，它以其周期性的盈亏变化而最为显著。这个天体在夜空中显得明亮，它的形状和亮度会随着它在天空中的位置变化而变化。它是夜空中的亮点，常常被人们用来导航和计时。这个天体在夜空中发出持续的辉光，它的存在为夜晚提供了天然的照明。它的表面没有大气层，因此能够呈现出月面上的环形山和山脉等地质特征。它的相位变化是观测者能够直观感受到的，这种变化是古代历法制定的基础。玩家2说：这是一个围绕太阳运行的天体，它在我们太阳系中占据着中心位置，并且是所有行星中体积最大的。它在同一类天体中最为突出的是其强大的磁场和地质活动。这个天体是太阳系中的核心，它的表面活动非常活跃，经常爆发强烈的太阳风和耀斑。它是所有行星中最为庞大的，其引力影响着周围行星的轨道。它在夜空中最为明亮，但本身不发光，而是因为吸收了太阳的光线。玩家3说：这个词语是一种天体，它位于地球的近地轨道上，反射太阳光，因此我们能看到它的光亮。在所有天文词语中，它因其表面的暗淡和反射的月光而与其他天体有所区别。这个天体在夜空中尤为显眼，它的表面特征由无数大小不一的山脉和平原构成，这些特征在地球上的观测者看来是不断变化的。它对地球的潮汐现象有着显著影响，同时也是人类历史上第一个被详细观测和研究的自然天体。它的亮度变化和位置变化是古代人们用来判断时间的重要依据。玩家4说：这个词语是一种天体，它围绕地球运行，并且不发光，而是反射太阳光。在所有天文词语中，它以其周期性的盈亏变化和与地球的相对位置变化最为显著。这个天体在夜空中明亮且稳定，它的表面特征复杂，由山脉、平原和陨石坑等构成。它的轨道周期性变化使得它在地球上观测到的亮度也随之变化，这些变化在古代被用作计时和历法的基础。它对地球的潮汐现象有重要影响，同时也是人类最早观测和研究的天体之一。你是第2号玩家，你的关键词是<地球>。你的回答中绝对不能包含你的关键词<地球>。这是第三轮描述，你之前的描述是这是一个围绕太阳运行的天体，它在我们太阳系中占据着中心位置，并且是所有行星中体积最大的。它在同一类天体中最为突出的是其强大的磁场和地质活动。和这个天体是太阳系中的核心，它的表面活动非常活跃，经常爆发强烈的太阳风和耀斑。它是所有行星中最为庞大的，其引力影响着周围行星的轨道。它在夜空中最为明亮，但本身不发光，而是因为吸收了太阳的光线。，注意，这局游戏的词语分类为<天文>，卧底词和平民词都属于该类，请你补充关于关键词的描述，注意，你的描述应该比起之前的描述更加贴近关键词，作为之前的补充
2024-12-13 11:25:07,978 - 2 - INFO - **********PLAYER2**********
这个天体是太阳系中的核心，它的表面活动非常活跃，经常爆发强烈的太阳风和耀斑。它是所有行星中最为庞大的，其引力影响着周围行星的轨道。它在夜空中最为明亮，但本身不发光，而是因为吸收了太阳的光线。
2024-12-13 11:25:33,664 - 2 - INFO - **********JUDGER**********
玩家1说：这个词语是一种天体，它围绕地球运行，并发出柔和的光芒。在所有天文词语中，它以其周期性的盈亏变化而最为显著。这个天体在夜空中显得明亮，它的形状和亮度会随着它在天空中的位置变化而变化。它是夜空中的亮点，常常被人们用来导航和计时。这个天体在夜空中发出持续的辉光，它的存在为夜晚提供了天然的照明。它的表面没有大气层，因此能够呈现出月面上的环形山和山脉等地质特征。它的相位变化是观测者能够直观感受到的，这种变化是古代历法制定的基础。玩家2说：这是一个围绕太阳运行的天体，它在我们太阳系中占据着中心位置，并且是所有行星中体积最大的。它在同一类天体中最为突出的是其强大的磁场和地质活动。这个天体是太阳系中的核心，它的表面活动非常活跃，经常爆发强烈的太阳风和耀斑。它是所有行星中最为庞大的，其引力影响着周围行星的轨道。它在夜空中最为明亮，但本身不发光，而是因为吸收了太阳的光线。这个天体是太阳系中的核心，它的表面活动非常活跃，经常爆发强烈的太阳风和耀斑。它是所有行星中最为庞大的，其引力影响着周围行星的轨道。它在夜空中最为明亮，但本身不发光，而是因为吸收了太阳的光线。玩家3说：这个词语是一种天体，它位于地球的近地轨道上，反射太阳光，因此我们能看到它的光亮。在所有天文词语中，它因其表面的暗淡和反射的月光而与其他天体有所区别。这个天体在夜空中尤为显眼，它的表面特征由无数大小不一的山脉和平原构成，这些特征在地球上的观测者看来是不断变化的。它对地球的潮汐现象有着显著影响，同时也是人类历史上第一个被详细观测和研究的自然天体。它的亮度变化和位置变化是古代人们用来判断时间的重要依据。这个天体在夜空中特别引人注目，它的表面遍布着大小不一的坑洞和山脉，这些特征使得它在地球上观测时呈现出独特的面貌。它的亮度随着它在天空中的位置而变化，这种变化形成了我们熟知的月相。这个天体的存在对地球的潮汐模式有重要影响，同时也是古代文明用来计时和制定历法的重要依据。玩家4说：这个词语是一种天体，它围绕地球运行，并且不发光，而是反射太阳光。在所有天文词语中，它以其周期性的盈亏变化和与地球的相对位置变化最为显著。这个天体在夜空中明亮且稳定，它的表面特征复杂，由山脉、平原和陨石坑等构成。它的轨道周期性变化使得它在地球上观测到的亮度也随之变化，这些变化在古代被用作计时和历法的基础。它对地球的潮汐现象有重要影响，同时也是人类最早观测和研究的天体之一。这个天体在夜空中呈现出不同的相位，它的亮度随着它在天空中的位置变化而周期性地增减，这种变化是古代人们用来计时的重要依据。它的表面覆盖着各种地形，包括山脉、平原和陨石坑，这些特征在地球上观测时呈现出独特的面貌。它的存在对地球的潮汐模式有重要影响，同时也是人类最早观测和研究的天体之一。||在这个游戏中，我们需要通过分析每位玩家的描述来找出卧底。通常，平民的描述会围绕相同的词语展开，而卧底的描述可能会因为词语的不同而显得不太一致。我们需要仔细比较每个描述之间的相似性和差异性，以找出可能的卧底，注意，卧底并不会隐藏自己，他会直接描述他的词语，现在，逐一分析每个玩家的描述，注意，这局游戏的词语分类为<天文>，卧底词和平民词都属于该类。||之前是第3轮描述和之前轮数描述的合集。你之前认为的卧底是玩家2。
2024-12-13 11:25:40,881 - 2 - INFO - **********PLAYER2**********
玩家2的描述在第三轮中与其他玩家的描述存在明显的不一致。其他玩家（玩家1、玩家3、玩家4）都描述了围绕地球运行的天体，并且强调了其周期性的盈亏变化、夜空中的明亮、表面特征以及与地球的潮汐现象的影响。而玩家2的描述则集中在一个围绕太阳运行的天体，即太阳，强调了太阳的体积、磁场、地质活动、表面活动以及引力对周围行星轨道的影响。

由于游戏中的词语分类为天文，且卧底词和平民词都属于该类，玩家2的描述指向了一个完全不同的天体――太阳，而其他玩家描述的是月亮。因此，玩家2的描述与其他玩家描述的天体不一致，这强化了玩家2作为卧底的可能性。

综上所述，基于第三轮的描述，我仍然认为玩家2是卧底。
2024-12-13 11:25:40,882 - 2 - INFO - **********JUDGER**********
你刚刚的分析是玩家2的描述在第三轮中与其他玩家的描述存在明显的不一致。其他玩家（玩家1、玩家3、玩家4）都描述了围绕地球运行的天体，并且强调了其周期性的盈亏变化、夜空中的明亮、表面特征以及与地球的潮汐现象的影响。而玩家2的描述则集中在一个围绕太阳运行的天体，即太阳，强调了太阳的体积、磁场、地质活动、表面活动以及引力对周围行星轨道的影响。

由于游戏中的词语分类为天文，且卧底词和平民词都属于该类，玩家2的描述指向了一个完全不同的天体――太阳，而其他玩家描述的是月亮。因此，玩家2的描述与其他玩家描述的天体不一致，这强化了玩家2作为卧底的可能性。

综上所述，基于第三轮的描述，我仍然认为玩家2是卧底。|| `请根据上述分析，比较描述以找出不一致之处，注意，这局游戏的词语分类为<天文>，卧底词和平民词都属于该类。
2024-12-13 11:25:46,553 - 2 - INFO - **********PLAYER2**********
不一致之处如下：

1. 玩家2的描述是关于太阳的，而其他玩家的描述都是关于月亮的。玩家2提到太阳是围绕太阳运行的天体，占据太阳系中心，具有强大的磁场和地质活动。

2. 其他玩家描述了月亮的周期性盈亏变化、夜空中的明亮、表面特征（如环形山和山脉）、对地球潮汐现象的影响等，这些都是月亮的特征。

3. 玩家2的描述没有提到月亮的任何特征，而是专注于太阳的特性，这与其他玩家描述的围绕地球运行的天体（月亮）不一致。

因此，玩家2的描述与其他玩家描述的围绕地球运行的天体（月亮）存在显著的不一致。
2024-12-13 11:25:46,553 - 2 - INFO - **********JUDGER**********
你刚刚的分析是不一致之处如下：

1. 玩家2的描述是关于太阳的，而其他玩家的描述都是关于月亮的。玩家2提到太阳是围绕太阳运行的天体，占据太阳系中心，具有强大的磁场和地质活动。

2. 其他玩家描述了月亮的周期性盈亏变化、夜空中的明亮、表面特征（如环形山和山脉）、对地球潮汐现象的影响等，这些都是月亮的特征。

3. 玩家2的描述没有提到月亮的任何特征，而是专注于太阳的特性，这与其他玩家描述的围绕地球运行的天体（月亮）不一致。

因此，玩家2的描述与其他玩家描述的围绕地球运行的天体（月亮）存在显著的不一致。|| 请通过你分析的不一致之处，推断卧底身份，注意，这局游戏的词语分类为<天文>，卧底词和平民词都属于该类。
2024-12-13 11:25:47,548 - 2 - INFO - **********PLAYER2**********
2
2024-12-13 11:25:47,549 - 2 - INFO - **********JUDGER**********
你刚刚的推断是2|| 基于你刚刚的推断得出你的最终结论，请输出你认为的卧底，在这种情况下只需要输出编号，是1-4中的某个数字，不要输出其他信息。在这个过程不要进行任何推理，只对||以前的部分进行信息提取
2024-12-13 11:25:48,475 - 2 - INFO - **********PLAYER2**********
2
2024-12-13 11:25:48,475 - 2 - INFO - **********JUDGER**********
你认为卧底是你自己。你现在需要随便选一个人投票。请输出一个数字，是1-4中的某个数字，但这个数字不能是2，不要输出其他信息。
2024-12-13 11:25:50,022 - 2 - INFO - **********PLAYER2**********
1
