2024-12-13 11:21:50,352 - 4 - INFO - **********JUDGER**********
让我们来玩一个叫做<谁是卧底>的推理游戏。基本规则：<人数>：4人。<角色分配>：每位玩家随机抽取一个词语，3名玩家拿到的词语是相同的（平民词），1名玩家拿到与之相近但不同的词语（卧底词）。<游戏流程>：1、玩家轮流描述自己的词语，但<不能>直接说出词语本身。2、描述完毕后，投票选出最像卧底的玩家。3、每轮结束后，被投票选出的玩家出局，不能再进行描述或投票。4、每轮投票结束后，如果卧底被成功找出，平民方获胜；如果卧底未被找出且卧底人数等于或超过平民人数，则卧底方获胜。你将扮演一个<玩家>，请等待你被分配到的关键词。如果你听懂了，只回答，"好的，我准备好参加游戏了"，不要输出别的信息
2024-12-13 11:21:50,782 - 4 - INFO - **********PLAYER4**********
好的，我准备好参加游戏了
2024-12-13 11:21:57,531 - 4 - INFO - **********JUDGER**********
玩家1说：这个词语是一种天体，它围绕地球运行，并发出柔和的光芒。在所有天文词语中，它以其周期性的盈亏变化而最为显著。玩家2说：这是一个围绕太阳运行的天体，它在我们太阳系中占据着中心位置，并且是所有行星中体积最大的。它在同一类天体中最为突出的是其强大的磁场和地质活动。玩家3说：这个词语是一种天体，它位于地球的近地轨道上，反射太阳光，因此我们能看到它的光亮。在所有天文词语中，它因其表面的暗淡和反射的月光而与其他天体有所区别。玩家4说：|| 你是第4号玩家，你的关键词是<月亮>。你的回答中绝对不能包含你的关键词<月亮>。这是第一轮描述，不需要分析||之前别的玩家的描述，请你描述关键词基本特征，注意，这局游戏的词语分类为<天文>，卧底词和平民词都属于该类，描述包括以下两点，1.他的基本特征是什么2.他在该类（天文）中最突出不同的特征是什么，尽量简短
2024-12-13 11:21:59,386 - 4 - INFO - **********PLAYER4**********
这个词语是一种天体，它围绕地球运行，并且不发光，而是反射太阳光。在所有天文词语中，它以其周期性的盈亏变化和与地球的相对位置变化最为显著。
2024-12-13 11:23:13,769 - 4 - INFO - **********JUDGER**********
玩家1说：这个词语是一种天体，它围绕地球运行，并发出柔和的光芒。在所有天文词语中，它以其周期性的盈亏变化而最为显著。玩家2说：这是一个围绕太阳运行的天体，它在我们太阳系中占据着中心位置，并且是所有行星中体积最大的。它在同一类天体中最为突出的是其强大的磁场和地质活动。玩家3说：这个词语是一种天体，它位于地球的近地轨道上，反射太阳光，因此我们能看到它的光亮。在所有天文词语中，它因其表面的暗淡和反射的月光而与其他天体有所区别。玩家4说：||在这个游戏中，我们需要通过分析每位玩家的描述来找出卧底。通常，平民的描述会围绕相同的词语展开，而卧底的描述可能会因为词语的不同而显得不太一致。我们需要仔细比较每个描述之间的相似性和差异性，以找出可能的卧底，注意，卧底并不会隐藏自己，他会直接描述他的词语，现在，逐一分析每个玩家的描述，注意，这局游戏的词语分类为<天文>，卧底词和平民词都属于该类。这是第一轮描述。
2024-12-13 11:23:22,243 - 4 - INFO - **********PLAYER4**********
根据玩家的描述，我们可以进行以下分析：

玩家1描述的是一种围绕地球运行、发出柔和光芒的天体，且以其周期性的盈亏变化最为显著。这听起来像是月亮。

玩家2描述的是围绕太阳运行、占据太阳系中心位置、体积最大、有强大磁场和地质活动的天体。这显然是指太阳。

玩家3描述的是位于地球近地轨道上、反射太阳光、表面暗淡、反射月光的天体。这也符合月亮的特征。

玩家4的描述没有具体信息，只是提醒我们要分析其他玩家的描述。

综上所述，玩家1、2和3的描述都与月亮的特征相符，而玩家4没有提供具体的描述。因此，根据描述的相似性，玩家4可能是卧底。
2024-12-13 11:23:22,246 - 4 - INFO - **********JUDGER**********
你刚刚的分析是根据玩家的描述，我们可以进行以下分析：

玩家1描述的是一种围绕地球运行、发出柔和光芒的天体，且以其周期性的盈亏变化最为显著。这听起来像是月亮。

玩家2描述的是围绕太阳运行、占据太阳系中心位置、体积最大、有强大磁场和地质活动的天体。这显然是指太阳。

玩家3描述的是位于地球近地轨道上、反射太阳光、表面暗淡、反射月光的天体。这也符合月亮的特征。

玩家4的描述没有具体信息，只是提醒我们要分析其他玩家的描述。

综上所述，玩家1、2和3的描述都与月亮的特征相符，而玩家4没有提供具体的描述。因此，根据描述的相似性，玩家4可能是卧底。|| `请根据上述分析，比较描述以找出不一致之处，注意，这局游戏的词语分类为<天文>，卧底词和平民词都属于该类。
2024-12-13 11:23:31,814 - 4 - INFO - **********PLAYER4**********
根据上述分析，我们可以比较描述以找出不一致之处：

- 玩家1和玩家3的描述都指向了月亮，这符合月亮的特征，包括围绕地球运行、反射太阳光、表面暗淡等。
- 玩家2的描述指向了太阳，这与月亮的特征不符。太阳是围绕太阳运行、占据太阳系中心位置、体积最大，而不是围绕地球运行的天体。
- 玩家4没有提供具体的描述，而是提醒我们要分析其他玩家的描述，这本身并没有给出任何指向性信息，因此无法直接判断其是否为卧底。

不一致之处在于玩家2的描述与其他玩家的描述在关键词的天体属性上有显著差异。玩家2描述的是太阳，而玩家1和玩家3描述的是月亮。由于游戏规则中提到卧底词和平民词都属于天文类，且玩家1和玩家3的描述一致，因此玩家2的描述可能是卧底词，与其他玩家的平民词不符。
2024-12-13 11:23:31,816 - 4 - INFO - **********JUDGER**********
你刚刚的分析是根据上述分析，我们可以比较描述以找出不一致之处：

- 玩家1和玩家3的描述都指向了月亮，这符合月亮的特征，包括围绕地球运行、反射太阳光、表面暗淡等。
- 玩家2的描述指向了太阳，这与月亮的特征不符。太阳是围绕太阳运行、占据太阳系中心位置、体积最大，而不是围绕地球运行的天体。
- 玩家4没有提供具体的描述，而是提醒我们要分析其他玩家的描述，这本身并没有给出任何指向性信息，因此无法直接判断其是否为卧底。

不一致之处在于玩家2的描述与其他玩家的描述在关键词的天体属性上有显著差异。玩家2描述的是太阳，而玩家1和玩家3描述的是月亮。由于游戏规则中提到卧底词和平民词都属于天文类，且玩家1和玩家3的描述一致，因此玩家2的描述可能是卧底词，与其他玩家的平民词不符。|| 请通过你分析的不一致之处，推断卧底身份，注意，这局游戏的词语分类为<天文>，卧底词和平民词都属于该类。
2024-12-13 11:23:40,328 - 4 - INFO - **********PLAYER4**********
通过分析不一致之处，我们可以推断卧底身份如下：

- 玩家1和玩家3的描述都与月亮的特征相符，说明他们持有的词语是月亮。
- 玩家2的描述指向太阳，这与月亮的特征不符，且太阳也是天文类词语，因此玩家2的描述可能是卧底词。
- 玩家4没有提供具体的描述，只是起到了引导分析的作用，没有提供任何指向性信息。

由于游戏规则指出卧底词和平民词都属于天文类，且玩家2的描述与玩家1和玩家3的描述不一致，我们可以推断玩家2是卧底。因此，玩家2持有的词语是太阳。
2024-12-13 11:23:40,329 - 4 - INFO - **********JUDGER**********
你刚刚的推断是通过分析不一致之处，我们可以推断卧底身份如下：

- 玩家1和玩家3的描述都与月亮的特征相符，说明他们持有的词语是月亮。
- 玩家2的描述指向太阳，这与月亮的特征不符，且太阳也是天文类词语，因此玩家2的描述可能是卧底词。
- 玩家4没有提供具体的描述，只是起到了引导分析的作用，没有提供任何指向性信息。

由于游戏规则指出卧底词和平民词都属于天文类，且玩家2的描述与玩家1和玩家3的描述不一致，我们可以推断玩家2是卧底。因此，玩家2持有的词语是太阳。|| 基于你刚刚的推断得出你的最终结论，请输出你认为的卧底，在这种情况下只需要输出编号，是1-4中的某个数字，不要输出其他信息。在这个过程不要进行任何推理，只对||以前的部分进行信息提取
2024-12-13 11:23:40,841 - 4 - INFO - **********PLAYER4**********
2
2024-12-13 11:23:52,302 - 4 - INFO - **********JUDGER**********
玩家1说：这个词语是一种天体，它围绕地球运行，并发出柔和的光芒。在所有天文词语中，它以其周期性的盈亏变化而最为显著。这个天体在夜空中显得明亮，它的形状和亮度会随着它在天空中的位置变化而变化。它是夜空中的亮点，常常被人们用来导航和计时。玩家2说：这是一个围绕太阳运行的天体，它在我们太阳系中占据着中心位置，并且是所有行星中体积最大的。它在同一类天体中最为突出的是其强大的磁场和地质活动。这个天体是太阳系中的核心，它的表面活动非常活跃，经常爆发强烈的太阳风和耀斑。它是所有行星中最为庞大的，其引力影响着周围行星的轨道。它在夜空中最为明亮，但本身不发光，而是因为吸收了太阳的光线。玩家3说：这个词语是一种天体，它位于地球的近地轨道上，反射太阳光，因此我们能看到它的光亮。在所有天文词语中，它因其表面的暗淡和反射的月光而与其他天体有所区别。这个天体在夜空中尤为显眼，它的表面特征由无数大小不一的山脉和平原构成，这些特征在地球上的观测者看来是不断变化的。它对地球的潮汐现象有着显著影响，同时也是人类历史上第一个被详细观测和研究的自然天体。它的亮度变化和位置变化是古代人们用来判断时间的重要依据。玩家4说：这个词语是一种天体，它围绕地球运行，并且不发光，而是反射太阳光。在所有天文词语中，它以其周期性的盈亏变化和与地球的相对位置变化最为显著。你是第4号玩家，你的关键词是<月亮>。你的回答中绝对不能包含你的关键词<月亮>。这是第二轮描述，你之前的描述是这个词语是一种天体，它围绕地球运行，并且不发光，而是反射太阳光。在所有天文词语中，它以其周期性的盈亏变化和与地球的相对位置变化最为显著。，注意，这局游戏的词语分类为<天文>，卧底词和平民词都属于该类，请你补充关于关键词的描述，注意，你的描述应该比起之前的描述更加贴近关键词，作为之前的补充
2024-12-13 11:23:55,299 - 4 - INFO - **********PLAYER4**********
这个天体在夜空中明亮且稳定，它的表面特征复杂，由山脉、平原和陨石坑等构成。它的轨道周期性变化使得它在地球上观测到的亮度也随之变化，这些变化在古代被用作计时和历法的基础。它对地球的潮汐现象有重要影响，同时也是人类最早观测和研究的天体之一。
2024-12-13 11:24:47,248 - 4 - INFO - **********JUDGER**********
玩家1说：这个词语是一种天体，它围绕地球运行，并发出柔和的光芒。在所有天文词语中，它以其周期性的盈亏变化而最为显著。这个天体在夜空中显得明亮，它的形状和亮度会随着它在天空中的位置变化而变化。它是夜空中的亮点，常常被人们用来导航和计时。玩家2说：这是一个围绕太阳运行的天体，它在我们太阳系中占据着中心位置，并且是所有行星中体积最大的。它在同一类天体中最为突出的是其强大的磁场和地质活动。这个天体是太阳系中的核心，它的表面活动非常活跃，经常爆发强烈的太阳风和耀斑。它是所有行星中最为庞大的，其引力影响着周围行星的轨道。它在夜空中最为明亮，但本身不发光，而是因为吸收了太阳的光线。玩家3说：这个词语是一种天体，它位于地球的近地轨道上，反射太阳光，因此我们能看到它的光亮。在所有天文词语中，它因其表面的暗淡和反射的月光而与其他天体有所区别。这个天体在夜空中尤为显眼，它的表面特征由无数大小不一的山脉和平原构成，这些特征在地球上的观测者看来是不断变化的。它对地球的潮汐现象有着显著影响，同时也是人类历史上第一个被详细观测和研究的自然天体。它的亮度变化和位置变化是古代人们用来判断时间的重要依据。玩家4说：这个词语是一种天体，它围绕地球运行，并且不发光，而是反射太阳光。在所有天文词语中，它以其周期性的盈亏变化和与地球的相对位置变化最为显著。||在这个游戏中，我们需要通过分析每位玩家的描述来找出卧底。通常，平民的描述会围绕相同的词语展开，而卧底的描述可能会因为词语的不同而显得不太一致。我们需要仔细比较每个描述之间的相似性和差异性，以找出可能的卧底，注意，卧底并不会隐藏自己，他会直接描述他的词语，现在，逐一分析每个玩家的描述，注意，这局游戏的词语分类为<天文>，卧底词和平民词都属于该类。||之前是第2轮描述和之前轮数描述的合集。你之前认为的卧底是玩家2。
2024-12-13 11:24:50,817 - 4 - INFO - **********PLAYER4**********
玩家2

根据玩家2的描述，他提到的天体是围绕太阳运行的，占据太阳系中心位置，体积最大，有强大的磁场和地质活动，表面活动活跃，是太阳系中的核心，其引力影响周围行星的轨道。这些特征与太阳相符，而太阳并不是围绕地球运行的天体，这与玩家1和玩家4的描述（围绕地球运行的天体）不一致。因此，玩家2的描述与其他玩家的描述在关键词的天体属性上有显著差异，这符合卧底的特征。
2024-12-13 11:24:50,818 - 4 - INFO - **********JUDGER**********
你刚刚的分析是玩家2

根据玩家2的描述，他提到的天体是围绕太阳运行的，占据太阳系中心位置，体积最大，有强大的磁场和地质活动，表面活动活跃，是太阳系中的核心，其引力影响周围行星的轨道。这些特征与太阳相符，而太阳并不是围绕地球运行的天体，这与玩家1和玩家4的描述（围绕地球运行的天体）不一致。因此，玩家2的描述与其他玩家的描述在关键词的天体属性上有显著差异，这符合卧底的特征。|| `请根据上述分析，比较描述以找出不一致之处，注意，这局游戏的词语分类为<天文>，卧底词和平民词都属于该类。
2024-12-13 11:24:58,275 - 4 - INFO - **********PLAYER4**********
根据上述分析，不一致之处如下：

- 玩家1和玩家4的描述都指向了围绕地球运行的天体，且提到了周期性的盈亏变化，这与月亮的特征相符。
- 玩家2的描述指向了围绕太阳运行的天体，并强调了太阳的体积、磁场、地质活动、表面活动以及它对行星轨道的影响，这些特征与太阳相符，而不是围绕地球运行的天体。
- 玩家3的描述提到了一个位于地球近地轨道上、反射太阳光的天体，其表面特征由山脉和平原构成，对地球的潮汐现象有显著影响，这与月亮的特征相符。

因此，不一致之处在于玩家2的描述与其他玩家描述的关键特征不符，因为玩家2描述的是太阳，而其他玩家描述的是月亮。这表明玩家2可能是卧底。
2024-12-13 11:24:58,276 - 4 - INFO - **********JUDGER**********
你刚刚的分析是根据上述分析，不一致之处如下：

- 玩家1和玩家4的描述都指向了围绕地球运行的天体，且提到了周期性的盈亏变化，这与月亮的特征相符。
- 玩家2的描述指向了围绕太阳运行的天体，并强调了太阳的体积、磁场、地质活动、表面活动以及它对行星轨道的影响，这些特征与太阳相符，而不是围绕地球运行的天体。
- 玩家3的描述提到了一个位于地球近地轨道上、反射太阳光的天体，其表面特征由山脉和平原构成，对地球的潮汐现象有显著影响，这与月亮的特征相符。

因此，不一致之处在于玩家2的描述与其他玩家描述的关键特征不符，因为玩家2描述的是太阳，而其他玩家描述的是月亮。这表明玩家2可能是卧底。|| 请通过你分析的不一致之处，推断卧底身份，注意，这局游戏的词语分类为<天文>，卧底词和平民词都属于该类。
2024-12-13 11:25:01,712 - 4 - INFO - **********PLAYER4**********
2

根据分析的不一致之处，玩家2的描述指向了太阳，而其他玩家描述的是月亮。由于游戏规则中提到卧底词和平民词都属于天文类，且玩家2的描述与玩家1和玩家3的描述不一致，因此可以推断玩家2是卧底。
2024-12-13 11:25:01,713 - 4 - INFO - **********JUDGER**********
你刚刚的推断是2

根据分析的不一致之处，玩家2的描述指向了太阳，而其他玩家描述的是月亮。由于游戏规则中提到卧底词和平民词都属于天文类，且玩家2的描述与玩家1和玩家3的描述不一致，因此可以推断玩家2是卧底。|| 基于你刚刚的推断得出你的最终结论，请输出你认为的卧底，在这种情况下只需要输出编号，是1-4中的某个数字，不要输出其他信息。在这个过程不要进行任何推理，只对||以前的部分进行信息提取
2024-12-13 11:25:02,504 - 4 - INFO - **********PLAYER4**********
2
2024-12-13 11:25:11,210 - 4 - INFO - **********JUDGER**********
玩家1说：这个词语是一种天体，它围绕地球运行，并发出柔和的光芒。在所有天文词语中，它以其周期性的盈亏变化而最为显著。这个天体在夜空中显得明亮，它的形状和亮度会随着它在天空中的位置变化而变化。它是夜空中的亮点，常常被人们用来导航和计时。这个天体在夜空中发出持续的辉光，它的存在为夜晚提供了天然的照明。它的表面没有大气层，因此能够呈现出月面上的环形山和山脉等地质特征。它的相位变化是观测者能够直观感受到的，这种变化是古代历法制定的基础。玩家2说：这是一个围绕太阳运行的天体，它在我们太阳系中占据着中心位置，并且是所有行星中体积最大的。它在同一类天体中最为突出的是其强大的磁场和地质活动。这个天体是太阳系中的核心，它的表面活动非常活跃，经常爆发强烈的太阳风和耀斑。它是所有行星中最为庞大的，其引力影响着周围行星的轨道。它在夜空中最为明亮，但本身不发光，而是因为吸收了太阳的光线。这个天体是太阳系中的核心，它的表面活动非常活跃，经常爆发强烈的太阳风和耀斑。它是所有行星中最为庞大的，其引力影响着周围行星的轨道。它在夜空中最为明亮，但本身不发光，而是因为吸收了太阳的光线。玩家3说：这个词语是一种天体，它位于地球的近地轨道上，反射太阳光，因此我们能看到它的光亮。在所有天文词语中，它因其表面的暗淡和反射的月光而与其他天体有所区别。这个天体在夜空中尤为显眼，它的表面特征由无数大小不一的山脉和平原构成，这些特征在地球上的观测者看来是不断变化的。它对地球的潮汐现象有着显著影响，同时也是人类历史上第一个被详细观测和研究的自然天体。它的亮度变化和位置变化是古代人们用来判断时间的重要依据。这个天体在夜空中特别引人注目，它的表面遍布着大小不一的坑洞和山脉，这些特征使得它在地球上观测时呈现出独特的面貌。它的亮度随着它在天空中的位置而变化，这种变化形成了我们熟知的月相。这个天体的存在对地球的潮汐模式有重要影响，同时也是古代文明用来计时和制定历法的重要依据。玩家4说：这个词语是一种天体，它围绕地球运行，并且不发光，而是反射太阳光。在所有天文词语中，它以其周期性的盈亏变化和与地球的相对位置变化最为显著。这个天体在夜空中明亮且稳定，它的表面特征复杂，由山脉、平原和陨石坑等构成。它的轨道周期性变化使得它在地球上观测到的亮度也随之变化，这些变化在古代被用作计时和历法的基础。它对地球的潮汐现象有重要影响，同时也是人类最早观测和研究的天体之一。你是第4号玩家，你的关键词是<月亮>。你的回答中绝对不能包含你的关键词<月亮>。这是第三轮描述，你之前的描述是这个词语是一种天体，它围绕地球运行，并且不发光，而是反射太阳光。在所有天文词语中，它以其周期性的盈亏变化和与地球的相对位置变化最为显著。和这个天体在夜空中明亮且稳定，它的表面特征复杂，由山脉、平原和陨石坑等构成。它的轨道周期性变化使得它在地球上观测到的亮度也随之变化，这些变化在古代被用作计时和历法的基础。它对地球的潮汐现象有重要影响，同时也是人类最早观测和研究的天体之一。，注意，这局游戏的词语分类为<天文>，卧底词和平民词都属于该类，请你补充关于关键词的描述，注意，你的描述应该比起之前的描述更加贴近关键词，作为之前的补充
2024-12-13 11:25:14,103 - 4 - INFO - **********PLAYER4**********
这个天体在夜空中呈现出不同的相位，它的亮度随着它在天空中的位置变化而周期性地增减，这种变化是古代人们用来计时的重要依据。它的表面覆盖着各种地形，包括山脉、平原和陨石坑，这些特征在地球上观测时呈现出独特的面貌。它的存在对地球的潮汐模式有重要影响，同时也是人类最早观测和研究的天体之一。
2024-12-13 11:26:08,935 - 4 - INFO - **********JUDGER**********
玩家1说：这个词语是一种天体，它围绕地球运行，并发出柔和的光芒。在所有天文词语中，它以其周期性的盈亏变化而最为显著。这个天体在夜空中显得明亮，它的形状和亮度会随着它在天空中的位置变化而变化。它是夜空中的亮点，常常被人们用来导航和计时。这个天体在夜空中发出持续的辉光，它的存在为夜晚提供了天然的照明。它的表面没有大气层，因此能够呈现出月面上的环形山和山脉等地质特征。它的相位变化是观测者能够直观感受到的，这种变化是古代历法制定的基础。玩家2说：这是一个围绕太阳运行的天体，它在我们太阳系中占据着中心位置，并且是所有行星中体积最大的。它在同一类天体中最为突出的是其强大的磁场和地质活动。这个天体是太阳系中的核心，它的表面活动非常活跃，经常爆发强烈的太阳风和耀斑。它是所有行星中最为庞大的，其引力影响着周围行星的轨道。它在夜空中最为明亮，但本身不发光，而是因为吸收了太阳的光线。这个天体是太阳系中的核心，它的表面活动非常活跃，经常爆发强烈的太阳风和耀斑。它是所有行星中最为庞大的，其引力影响着周围行星的轨道。它在夜空中最为明亮，但本身不发光，而是因为吸收了太阳的光线。玩家3说：这个词语是一种天体，它位于地球的近地轨道上，反射太阳光，因此我们能看到它的光亮。在所有天文词语中，它因其表面的暗淡和反射的月光而与其他天体有所区别。这个天体在夜空中尤为显眼，它的表面特征由无数大小不一的山脉和平原构成，这些特征在地球上的观测者看来是不断变化的。它对地球的潮汐现象有着显著影响，同时也是人类历史上第一个被详细观测和研究的自然天体。它的亮度变化和位置变化是古代人们用来判断时间的重要依据。这个天体在夜空中特别引人注目，它的表面遍布着大小不一的坑洞和山脉，这些特征使得它在地球上观测时呈现出独特的面貌。它的亮度随着它在天空中的位置而变化，这种变化形成了我们熟知的月相。这个天体的存在对地球的潮汐模式有重要影响，同时也是古代文明用来计时和制定历法的重要依据。玩家4说：这个词语是一种天体，它围绕地球运行，并且不发光，而是反射太阳光。在所有天文词语中，它以其周期性的盈亏变化和与地球的相对位置变化最为显著。这个天体在夜空中明亮且稳定，它的表面特征复杂，由山脉、平原和陨石坑等构成。它的轨道周期性变化使得它在地球上观测到的亮度也随之变化，这些变化在古代被用作计时和历法的基础。它对地球的潮汐现象有重要影响，同时也是人类最早观测和研究的天体之一。这个天体在夜空中呈现出不同的相位，它的亮度随着它在天空中的位置变化而周期性地增减，这种变化是古代人们用来计时的重要依据。它的表面覆盖着各种地形，包括山脉、平原和陨石坑，这些特征在地球上观测时呈现出独特的面貌。它的存在对地球的潮汐模式有重要影响，同时也是人类最早观测和研究的天体之一。||在这个游戏中，我们需要通过分析每位玩家的描述来找出卧底。通常，平民的描述会围绕相同的词语展开，而卧底的描述可能会因为词语的不同而显得不太一致。我们需要仔细比较每个描述之间的相似性和差异性，以找出可能的卧底，注意，卧底并不会隐藏自己，他会直接描述他的词语，现在，逐一分析每个玩家的描述，注意，这局游戏的词语分类为<天文>，卧底词和平民词都属于该类。||之前是第3轮描述和之前轮数描述的合集。你之前认为的卧底是玩家2。
2024-12-13 11:26:14,959 - 4 - INFO - **********PLAYER4**********
玩家2

根据玩家2的描述，他提到的天体是围绕太阳运行的，占据太阳系中心位置，体积最大，有强大的磁场和地质活动，表面活动活跃，是太阳系中的核心，其引力影响周围行星的轨道。这些特征与太阳相符，而太阳并不是围绕地球运行的天体，这与玩家1和玩家4的描述（围绕地球运行的天体）不一致。因此，玩家2的描述与其他玩家的描述在关键词的天体属性上有显著差异，这符合卧底的特征。
2024-12-13 11:26:14,960 - 4 - INFO - **********JUDGER**********
你刚刚的分析是玩家2

根据玩家2的描述，他提到的天体是围绕太阳运行的，占据太阳系中心位置，体积最大，有强大的磁场和地质活动，表面活动活跃，是太阳系中的核心，其引力影响周围行星的轨道。这些特征与太阳相符，而太阳并不是围绕地球运行的天体，这与玩家1和玩家4的描述（围绕地球运行的天体）不一致。因此，玩家2的描述与其他玩家的描述在关键词的天体属性上有显著差异，这符合卧底的特征。|| `请根据上述分析，比较描述以找出不一致之处，注意，这局游戏的词语分类为<天文>，卧底词和平民词都属于该类。
2024-12-13 11:26:23,478 - 4 - INFO - **********PLAYER4**********
不一致之处如下：

- 玩家1和玩家4的描述都集中在围绕地球运行的天体，并强调了它的周期性盈亏变化和表面特征，这与月亮的特征相符。
- 玩家3的描述也指向了围绕地球运行的天体，并提到了它的表面特征、对地球潮汐现象的影响以及亮度变化，这同样符合月亮的特征。
- 玩家2的描述则集中在围绕太阳运行的天体，并描述了它的中心位置、体积、磁场、地质活动和引力影响，这些特征与太阳相符，而不是围绕地球运行的天体。

因此，不一致之处在于玩家2的描述与其他玩家描述的关键特征不符，因为玩家2描述的是太阳，而其他玩家描述的是月亮。这表明玩家2的描述与天文类别的其他词语不一致，可能是卧底。
2024-12-13 11:26:23,480 - 4 - INFO - **********JUDGER**********
你刚刚的分析是不一致之处如下：

- 玩家1和玩家4的描述都集中在围绕地球运行的天体，并强调了它的周期性盈亏变化和表面特征，这与月亮的特征相符。
- 玩家3的描述也指向了围绕地球运行的天体，并提到了它的表面特征、对地球潮汐现象的影响以及亮度变化，这同样符合月亮的特征。
- 玩家2的描述则集中在围绕太阳运行的天体，并描述了它的中心位置、体积、磁场、地质活动和引力影响，这些特征与太阳相符，而不是围绕地球运行的天体。

因此，不一致之处在于玩家2的描述与其他玩家描述的关键特征不符，因为玩家2描述的是太阳，而其他玩家描述的是月亮。这表明玩家2的描述与天文类别的其他词语不一致，可能是卧底。|| 请通过你分析的不一致之处，推断卧底身份，注意，这局游戏的词语分类为<天文>，卧底词和平民词都属于该类。
2024-12-13 11:26:26,063 - 4 - INFO - **********PLAYER4**********
2

根据分析的不一致之处，玩家2的描述指向了太阳，而其他玩家描述的是月亮。由于游戏规则中提到卧底词和平民词都属于天文类，且玩家2的描述与玩家1、玩家3和玩家4的描述不一致，因此可以推断玩家2是卧底。
2024-12-13 11:26:26,064 - 4 - INFO - **********JUDGER**********
你刚刚的推断是2

根据分析的不一致之处，玩家2的描述指向了太阳，而其他玩家描述的是月亮。由于游戏规则中提到卧底词和平民词都属于天文类，且玩家2的描述与玩家1、玩家3和玩家4的描述不一致，因此可以推断玩家2是卧底。|| 基于你刚刚的推断得出你的最终结论，请输出你认为的卧底，在这种情况下只需要输出编号，是1-4中的某个数字，不要输出其他信息。在这个过程不要进行任何推理，只对||以前的部分进行信息提取
2024-12-13 11:26:27,374 - 4 - INFO - **********PLAYER4**********
2
