2024-12-13 10:17:07,508 - 1 - INFO - **********JUDGER**********
让我们来玩一个叫做<谁是卧底>的推理游戏。基本规则：<人数>：4人。<角色分配>：每位玩家随机抽取一个词语，3名玩家拿到的词语是相同的（平民词），1名玩家拿到与之相近但不同的词语（卧底词）。<游戏流程>：1、玩家轮流描述自己的词语，但<不能>直接说出词语本身。2、描述完毕后，投票选出最像卧底的玩家。3、每轮结束后，被投票选出的玩家出局，不能再进行描述或投票。4、每轮投票结束后，如果卧底被成功找出，平民方获胜；如果卧底未被找出且卧底人数等于或超过平民人数，则卧底方获胜。你将扮演一个<玩家>，请等待你被分配到的关键词。如果你听懂了，只回答，"好的，我准备好参加游戏了"，不要输出别的信息
2024-12-13 10:17:07,897 - 1 - INFO - **********PLAYER1**********
好的，我准备好参加游戏了
2024-12-13 10:17:12,514 - 1 - INFO - **********JUDGER**********
玩家1说：玩家2说：玩家3说：玩家4说：|| 你是第1号玩家，你的关键词是<月亮>。你的回答中绝对不能包含你的关键词<月亮>。这是第一轮描述，不需要分析||之前别的玩家的描述，请你描述关键词基本特征，注意，这局游戏的词语分类为<天文>，卧底词和平民词都属于该类，描述包括以下两点，1.他的基本特征是什么2.他在该类（天文）中最突出不同的特征是什么，尽量简短
2024-12-13 10:17:13,669 - 1 - INFO - **********PLAYER1**********
这是一个美丽的自然现象，夜晚时在天空中的明亮亮点。在所有天文现象中，它以其周期性出现和圆润的形状而最为突出。
2024-12-13 10:17:21,140 - 1 - INFO - **********JUDGER**********
玩家1说：这是一个美丽的自然现象，夜晚时在天空中的明亮亮点。在所有天文现象中，它以其周期性出现和圆润的形状而最为突出。玩家2说：这是一个红色的天体，位于太阳系中，比地球稍大，但质量较小。它在该类（天文）中最突出的不同特征是它是太阳系中唯一已知存在液态水的行星。玩家3说：这是一个天体，通常在夜空中明亮且易于观测。它在该类（天文）中最突出的不同特征是它是地球的卫星，对地球的潮汐有显著影响。玩家4说：||在这个游戏中，我们需要通过分析每位玩家的描述来找出卧底。通常，平民的描述会围绕相同的词语展开，而卧底的描述可能会因为词语的不同而显得不太一致。我们需要仔细比较每个描述之间的相似性和差异性，以找出可能的卧底，注意，卧底并不会隐藏自己，他会直接描述他的词语，现在，逐一分析每个玩家的描述，注意，这局游戏的词语分类为<天文>，卧底词和平民词都属于该类。这是第一轮描述。
2024-12-13 10:17:25,775 - 1 - INFO - **********PLAYER1**********
玩家2的描述提到了“红色的天体”，这让我想起了火星，它确实是太阳系中唯一已知存在液态水的行星，但它的颜色并不是红色的，而是红色的沙尘。因此，玩家2的描述与我所知的月亮特征不符，这让我怀疑玩家2可能是卧底。

玩家3的描述提到了一个天体，通常在夜空中明亮且易于观测，并且对地球的潮汐有显著影响，这听起来像是月球。然而，他提到的“地球的卫星”这一点并没有直接指向月亮，因为地球的卫星不仅仅是月亮，还有其他小行星和碎片。

玩家4的描述并没有提供具体的特征，只是提到了游戏规则和描述分析的方法，这并不足以确定他是否是卧底。

综合以上分析，玩家2的描述与月亮的特征最为不符，因此我认为玩家2是卧底。
2024-12-13 10:17:25,777 - 1 - INFO - **********JUDGER**********
你刚刚的分析是玩家2的描述提到了“红色的天体”，这让我想起了火星，它确实是太阳系中唯一已知存在液态水的行星，但它的颜色并不是红色的，而是红色的沙尘。因此，玩家2的描述与我所知的月亮特征不符，这让我怀疑玩家2可能是卧底。

玩家3的描述提到了一个天体，通常在夜空中明亮且易于观测，并且对地球的潮汐有显著影响，这听起来像是月球。然而，他提到的“地球的卫星”这一点并没有直接指向月亮，因为地球的卫星不仅仅是月亮，还有其他小行星和碎片。

玩家4的描述并没有提供具体的特征，只是提到了游戏规则和描述分析的方法，这并不足以确定他是否是卧底。

综合以上分析，玩家2的描述与月亮的特征最为不符，因此我认为玩家2是卧底。|| `请根据上述分析，比较描述以找出不一致之处，注意，这局游戏的词语分类为<天文>，卧底词和平民词都属于该类。
2024-12-13 10:17:33,835 - 1 - INFO - **********PLAYER1**********
根据上述分析，我们可以比较每个玩家的描述以找出不一致之处：

1. 玩家1的描述：
   - 描述了月亮作为一个美丽的自然现象，夜晚在天空中的明亮亮点。
   - 强调了月亮的周期性出现和圆润的形状。

2. 玩家2的描述：
   - 描述了一个红色的天体，位于太阳系中，比地球稍大，但质量较小。
   - 强调了它是太阳系中唯一已知存在液态水的行星。

不一致之处：
- 玩家2提到的“红色的天体”通常与火星联系在一起，而不是月亮。火星的确切颜色是红色，但它并不是太阳系中唯一已知存在液态水的行星。
- 玩家2的描述中提到了“液态水”，这与月亮的特征不符，因为月亮上没有液态水。

3. 玩家3的描述：
   - 描述了一个天体，通常在夜空中明亮且易于观测。
   - 强调了它是地球的卫星，对地球的潮汐有显著影响。

不一致之处：
- 玩家3的描述虽然提到了月亮的一些特征（明亮、卫星、潮汐影响），但他没有明确提到月亮的周期性和圆润形状，这是月亮最突出的特征之一。

4. 玩家4的描述：
   - 提到了游戏规则和描述分析的方法，没有提供关于月亮的具体特征。

不一致之处：
- 玩家4的描述完全与月亮无关，他只是提供了一个游戏分析的框架，而不是描述月亮的特征。

综合以上分析，玩家2的描述与月亮的特征最为不符，因为他提到的“红色的天体”和“液态水”都不是月亮的特征。因此，玩家2的描述最有可能是不一致的，他可能是卧底。
2024-12-13 10:17:33,840 - 1 - INFO - **********JUDGER**********
你刚刚的分析是根据上述分析，我们可以比较每个玩家的描述以找出不一致之处：

1. 玩家1的描述：
   - 描述了月亮作为一个美丽的自然现象，夜晚在天空中的明亮亮点。
   - 强调了月亮的周期性出现和圆润的形状。

2. 玩家2的描述：
   - 描述了一个红色的天体，位于太阳系中，比地球稍大，但质量较小。
   - 强调了它是太阳系中唯一已知存在液态水的行星。

不一致之处：
- 玩家2提到的“红色的天体”通常与火星联系在一起，而不是月亮。火星的确切颜色是红色，但它并不是太阳系中唯一已知存在液态水的行星。
- 玩家2的描述中提到了“液态水”，这与月亮的特征不符，因为月亮上没有液态水。

3. 玩家3的描述：
   - 描述了一个天体，通常在夜空中明亮且易于观测。
   - 强调了它是地球的卫星，对地球的潮汐有显著影响。

不一致之处：
- 玩家3的描述虽然提到了月亮的一些特征（明亮、卫星、潮汐影响），但他没有明确提到月亮的周期性和圆润形状，这是月亮最突出的特征之一。

4. 玩家4的描述：
   - 提到了游戏规则和描述分析的方法，没有提供关于月亮的具体特征。

不一致之处：
- 玩家4的描述完全与月亮无关，他只是提供了一个游戏分析的框架，而不是描述月亮的特征。

综合以上分析，玩家2的描述与月亮的特征最为不符，因为他提到的“红色的天体”和“液态水”都不是月亮的特征。因此，玩家2的描述最有可能是不一致的，他可能是卧底。|| 请通过你分析的不一致之处，推断卧底身份，注意，这局游戏的词语分类为<天文>，卧底词和平民词都属于该类。
2024-12-13 10:17:40,495 - 1 - INFO - **********PLAYER1**********
根据上述分析，我们可以推断卧底身份如下：

- 玩家1的描述符合月亮的特征，没有不一致之处。
- 玩家2的描述中提到的“红色的天体”和“液态水”都与月亮的特征不符。月亮不是红色的，也没有液态水。这个描述更像是火星的特征。
- 玩家3的描述虽然提到了月亮的某些特征，但没有明确提到月亮的周期性和圆润形状，这是月亮最突出的特征之一。然而，他的描述也没有明显的错误，因此他的描述与月亮的特征是相符的。
- 玩家4的描述与月亮无关，他只是提供了游戏分析的框架，而不是描述月亮的特征。

因此，基于描述中的一致性和不一致性，玩家2的描述与月亮的特征最为不符，且更接近于火星的特征。考虑到游戏的词语分类为<天文>，卧底词和平民词都属于该类，我们可以推断玩家2是卧底，他的关键词很可能是火星。
2024-12-13 10:17:40,498 - 1 - INFO - **********JUDGER**********
你刚刚的推断是根据上述分析，我们可以推断卧底身份如下：

- 玩家1的描述符合月亮的特征，没有不一致之处。
- 玩家2的描述中提到的“红色的天体”和“液态水”都与月亮的特征不符。月亮不是红色的，也没有液态水。这个描述更像是火星的特征。
- 玩家3的描述虽然提到了月亮的某些特征，但没有明确提到月亮的周期性和圆润形状，这是月亮最突出的特征之一。然而，他的描述也没有明显的错误，因此他的描述与月亮的特征是相符的。
- 玩家4的描述与月亮无关，他只是提供了游戏分析的框架，而不是描述月亮的特征。

因此，基于描述中的一致性和不一致性，玩家2的描述与月亮的特征最为不符，且更接近于火星的特征。考虑到游戏的词语分类为<天文>，卧底词和平民词都属于该类，我们可以推断玩家2是卧底，他的关键词很可能是火星。|| 基于你刚刚的推断得出你的最终结论，请输出你认为的卧底，在这种情况下只需要输出编号，是1-4中的某个数字，不要输出其他信息。在这个过程不要进行任何推理，只对||以前的部分进行信息提取
2024-12-13 10:17:41,545 - 1 - INFO - **********PLAYER1**********
2
2024-12-13 10:18:45,777 - 1 - INFO - **********JUDGER**********
玩家1说：这是一个美丽的自然现象，夜晚时在天空中的明亮亮点。在所有天文现象中，它以其周期性出现和圆润的形状而最为突出。玩家2说：这是一个红色的天体，位于太阳系中，比地球稍大，但质量较小。它在该类（天文）中最突出的不同特征是它是太阳系中唯一已知存在液态水的行星。玩家3说：这是一个天体，通常在夜空中明亮且易于观测。它在该类（天文）中最突出的不同特征是它是地球的卫星，对地球的潮汐有显著影响。玩家4说：这是一个夜空中常见的天体，表面覆盖着岩石和尘埃。它在该类（天文）中最突出的不同特征是它是地球的天然卫星，对地球的引力作用产生了潮汐现象。你是第1号玩家，你的关键词是<月亮>。你的回答中绝对不能包含你的关键词<月亮>。这是第二轮描述，你之前的描述是这是一个美丽的自然现象，夜晚时在天空中的明亮亮点。在所有天文现象中，它以其周期性出现和圆润的形状而最为突出。，注意，这局游戏的词语分类为<天文>，卧底词和平民词都属于该类，请你补充关于关键词的描述，注意，你的描述应该比起之前的描述更加贴近关键词，作为之前的补充
2024-12-13 10:18:47,819 - 1 - INFO - **********PLAYER1**********
它是一颗在夜空中静静地悬挂的天体，它的表面光滑且无云，常常作为人类观赏宇宙的天然望远镜。它的影响力远远超出了它的体积，它的存在对地球的生态环境和人类的文化有着深远的影响。
2024-12-13 10:19:03,013 - 1 - INFO - **********JUDGER**********
玩家1说：这是一个美丽的自然现象，夜晚时在天空中的明亮亮点。在所有天文现象中，它以其周期性出现和圆润的形状而最为突出。它是一颗在夜空中静静地悬挂的天体，它的表面光滑且无云，常常作为人类观赏宇宙的天然望远镜。它的影响力远远超出了它的体积，它的存在对地球的生态环境和人类的文化有着深远的影响。玩家2说：这是一个红色的天体，位于太阳系中，比地球稍大，但质量较小。它在该类（天文）中最突出的不同特征是它是太阳系中唯一已知存在液态水的行星。这颗天体在夜空中引人注目，它的表面有着明显的特征，如火山和峡谷，它的轨道周期较长，且它距离地球较远，这使得它成为了太阳系中一个独特的观测对象。它的颜色和形状在夜空中格外醒目，吸引着人们的目光。玩家3说：这是一个天体，通常在夜空中明亮且易于观测。它在该类（天文）中最突出的不同特征是它是地球的卫星，对地球的潮汐有显著影响。这颗天体在夜空中显得格外明亮，它以其稳定的轨道和规律的运动著称。它对地球的生态环境和天文观测有着不可忽视的作用，经常被用作天文学研究的对象。它的表面特征虽然不像其他行星那样复杂，但它的存在对地球的潮汐现象有着决定性的影响。玩家4说：这是一个夜空中常见的天体，表面覆盖着岩石和尘埃。它在该类（天文）中最突出的不同特征是它是地球的天然卫星，对地球的引力作用产生了潮汐现象。||在这个游戏中，我们需要通过分析每位玩家的描述来找出卧底。通常，平民的描述会围绕相同的词语展开，而卧底的描述可能会因为词语的不同而显得不太一致。我们需要仔细比较每个描述之间的相似性和差异性，以找出可能的卧底，注意，卧底并不会隐藏自己，他会直接描述他的词语，现在，逐一分析每个玩家的描述，注意，这局游戏的词语分类为<天文>，卧底词和平民词都属于该类。||之前是第2轮描述和之前轮数描述的合集。你之前认为的卧底是玩家2。
2024-12-13 10:19:09,898 - 1 - INFO - **********PLAYER1**********
根据第二轮描述和之前轮数的描述，我会重新分析每个玩家的描述：

- 玩家1的描述强调了月亮的周期性、圆润形状、对人类文化和生态环境的影响，以及作为观测宇宙的天然望远镜。
- 玩家2的描述提到了一个红色的天体，存在液态水，有火山和峡谷，轨道周期长，距离地球远，具有独特的观测价值。
- 玩家3的描述强调了天体的明亮、易于观测、稳定轨道、规律运动，对地球潮汐和生态环境有影响，经常用于天文学研究。
- 玩家4的描述提到了一个常见的夜空天体，表面覆盖岩石和尘埃，是地球的天然卫星，对地球的引力作用产生潮汐现象。

之前我认为玩家2是卧底，因为他的描述与月亮的特征不符，更像是火星的特征。然而，现在分析玩家4的描述，我们发现它与玩家3的描述非常相似，都提到了地球的卫星、潮汐现象和对地球的影响。玩家4的描述与玩家3的描述在关键词的描述上高度一致，而与玩家1和玩家2的描述有所不同。

因此，基于描述的相似性和差异性，我现在认为玩家4可能是卧底，因为他的描述与玩家3的描述更为一致，而与玩家1和玩家2的描述不太一致。
2024-12-13 10:19:09,899 - 1 - INFO - **********JUDGER**********
你刚刚的分析是根据第二轮描述和之前轮数的描述，我会重新分析每个玩家的描述：

- 玩家1的描述强调了月亮的周期性、圆润形状、对人类文化和生态环境的影响，以及作为观测宇宙的天然望远镜。
- 玩家2的描述提到了一个红色的天体，存在液态水，有火山和峡谷，轨道周期长，距离地球远，具有独特的观测价值。
- 玩家3的描述强调了天体的明亮、易于观测、稳定轨道、规律运动，对地球潮汐和生态环境有影响，经常用于天文学研究。
- 玩家4的描述提到了一个常见的夜空天体，表面覆盖岩石和尘埃，是地球的天然卫星，对地球的引力作用产生潮汐现象。

之前我认为玩家2是卧底，因为他的描述与月亮的特征不符，更像是火星的特征。然而，现在分析玩家4的描述，我们发现它与玩家3的描述非常相似，都提到了地球的卫星、潮汐现象和对地球的影响。玩家4的描述与玩家3的描述在关键词的描述上高度一致，而与玩家1和玩家2的描述有所不同。

因此，基于描述的相似性和差异性，我现在认为玩家4可能是卧底，因为他的描述与玩家3的描述更为一致，而与玩家1和玩家2的描述不太一致。|| `请根据上述分析，比较描述以找出不一致之处，注意，这局游戏的词语分类为<天文>，卧底词和平民词都属于该类。
2024-12-13 10:19:25,986 - 1 - INFO - **********PLAYER1**********
根据上述分析，我们可以比较每个玩家的描述以找出不一致之处：

1. 玩家1的描述：
   - 强调了月亮的周期性、圆润形状、对人类文化和生态环境的影响。
   - 提到了月亮作为观测宇宙的天然望远镜。

2. 玩家2的描述：
   - 提到了一个红色的天体，存在液态水，有火山和峡谷。
   - 描述了轨道周期长，距离地球远，具有独特的观测价值。

不一致之处：
- 玩家2的描述中提到的“红色的天体”和“液态水”与月亮不符，这更像是火星的特征。
- 玩家2的描述中提到的“火山和峡谷”也不是月亮的特征，而是其他行星或天体的特征。

3. 玩家3的描述：
   - 强调了天体的明亮、易于观测、稳定轨道、规律运动。
   - 提到了对地球潮汐和生态环境有影响，经常用于天文学研究。

不一致之处：
- 玩家3的描述没有提到“红色的天体”或“液态水”，这与玩家2的描述形成对比。
- 玩家3的描述中提到的“火山和峡谷”与玩家2的描述也不符。

4. 玩家4的描述：
   - 提到了一个常见的夜空天体，表面覆盖岩石和尘埃。
   - 描述了它是地球的天然卫星，对地球的引力作用产生潮汐现象。

不一致之处：
- 玩家4的描述中提到的“表面覆盖岩石和尘埃”与玩家3的描述中提到的“火山和峡谷”形成对比。
- 玩家4的描述与玩家1的描述在强调月亮的周期性、圆润形状和文化影响方面相似，但在提及地球的潮汐和生态环境影响时，没有提到“稳定轨道”和“规律运动”，这与玩家3的描述有所不同。

综合以上分析，玩家2的描述与月亮的特征不符，更像是火星的特征，因此他可能是卧底。玩家4的描述虽然与玩家3的描述有相似之处，但在某些细节上存在差异，这可能表明他也是一个可能的卧底。
2024-12-13 10:19:25,989 - 1 - INFO - **********JUDGER**********
你刚刚的分析是根据上述分析，我们可以比较每个玩家的描述以找出不一致之处：

1. 玩家1的描述：
   - 强调了月亮的周期性、圆润形状、对人类文化和生态环境的影响。
   - 提到了月亮作为观测宇宙的天然望远镜。

2. 玩家2的描述：
   - 提到了一个红色的天体，存在液态水，有火山和峡谷。
   - 描述了轨道周期长，距离地球远，具有独特的观测价值。

不一致之处：
- 玩家2的描述中提到的“红色的天体”和“液态水”与月亮不符，这更像是火星的特征。
- 玩家2的描述中提到的“火山和峡谷”也不是月亮的特征，而是其他行星或天体的特征。

3. 玩家3的描述：
   - 强调了天体的明亮、易于观测、稳定轨道、规律运动。
   - 提到了对地球潮汐和生态环境有影响，经常用于天文学研究。

不一致之处：
- 玩家3的描述没有提到“红色的天体”或“液态水”，这与玩家2的描述形成对比。
- 玩家3的描述中提到的“火山和峡谷”与玩家2的描述也不符。

4. 玩家4的描述：
   - 提到了一个常见的夜空天体，表面覆盖岩石和尘埃。
   - 描述了它是地球的天然卫星，对地球的引力作用产生潮汐现象。

不一致之处：
- 玩家4的描述中提到的“表面覆盖岩石和尘埃”与玩家3的描述中提到的“火山和峡谷”形成对比。
- 玩家4的描述与玩家1的描述在强调月亮的周期性、圆润形状和文化影响方面相似，但在提及地球的潮汐和生态环境影响时，没有提到“稳定轨道”和“规律运动”，这与玩家3的描述有所不同。

综合以上分析，玩家2的描述与月亮的特征不符，更像是火星的特征，因此他可能是卧底。玩家4的描述虽然与玩家3的描述有相似之处，但在某些细节上存在差异，这可能表明他也是一个可能的卧底。|| 请通过你分析的不一致之处，推断卧底身份，注意，这局游戏的词语分类为<天文>，卧底词和平民词都属于该类。
2024-12-13 10:19:33,645 - 1 - INFO - **********PLAYER1**********
根据分析的不一致之处，我们可以推断卧底身份如下：

- 玩家2的描述中提到的“红色的天体”和“液态水”以及“火山和峡谷”与月亮的特征不符，更像是火星的特征，因此玩家2很可能是卧底。

- 玩家4的描述虽然与玩家3的描述在某些方面相似，但在提及地球的潮汐和生态环境影响时，没有提到“稳定轨道”和“规律运动”，这可能与月亮的特征不符，尤其是如果卧底词是其他地球的卫星，如火星或金星，那么玩家4的描述也可能是不一致的。

因此，基于描述的不一致性和游戏的词语分类为<天文>，我认为玩家2和玩家4都可能是卧底。在这个情况下，由于只需要输出编号，我会选择玩家2，因为他的描述与已知的天体特征明显不符。所以，卧底是：

2
2024-12-13 10:19:33,645 - 1 - INFO - **********JUDGER**********
你刚刚的推断是根据分析的不一致之处，我们可以推断卧底身份如下：

- 玩家2的描述中提到的“红色的天体”和“液态水”以及“火山和峡谷”与月亮的特征不符，更像是火星的特征，因此玩家2很可能是卧底。

- 玩家4的描述虽然与玩家3的描述在某些方面相似，但在提及地球的潮汐和生态环境影响时，没有提到“稳定轨道”和“规律运动”，这可能与月亮的特征不符，尤其是如果卧底词是其他地球的卫星，如火星或金星，那么玩家4的描述也可能是不一致的。

因此，基于描述的不一致性和游戏的词语分类为<天文>，我认为玩家2和玩家4都可能是卧底。在这个情况下，由于只需要输出编号，我会选择玩家2，因为他的描述与已知的天体特征明显不符。所以，卧底是：

2|| 基于你刚刚的推断得出你的最终结论，请输出你认为的卧底，在这种情况下只需要输出编号，是1-4中的某个数字，不要输出其他信息。在这个过程不要进行任何推理，只对||以前的部分进行信息提取
2024-12-13 10:19:34,870 - 1 - INFO - **********PLAYER1**********
2
2024-12-13 10:21:08,227 - 1 - INFO - **********JUDGER**********
玩家1说：这是一个美丽的自然现象，夜晚时在天空中的明亮亮点。在所有天文现象中，它以其周期性出现和圆润的形状而最为突出。它是一颗在夜空中静静地悬挂的天体，它的表面光滑且无云，常常作为人类观赏宇宙的天然望远镜。它的影响力远远超出了它的体积，它的存在对地球的生态环境和人类的文化有着深远的影响。玩家2说：这是一个红色的天体，位于太阳系中，比地球稍大，但质量较小。它在该类（天文）中最突出的不同特征是它是太阳系中唯一已知存在液态水的行星。这颗天体在夜空中引人注目，它的表面有着明显的特征，如火山和峡谷，它的轨道周期较长，且它距离地球较远，这使得它成为了太阳系中一个独特的观测对象。它的颜色和形状在夜空中格外醒目，吸引着人们的目光。玩家3说：这是一个天体，通常在夜空中明亮且易于观测。它在该类（天文）中最突出的不同特征是它是地球的卫星，对地球的潮汐有显著影响。这颗天体在夜空中显得格外明亮，它以其稳定的轨道和规律的运动著称。它对地球的生态环境和天文观测有着不可忽视的作用，经常被用作天文学研究的对象。它的表面特征虽然不像其他行星那样复杂，但它的存在对地球的潮汐现象有着决定性的影响。玩家4说：这是一个夜空中常见的天体，表面覆盖着岩石和尘埃。它在该类（天文）中最突出的不同特征是它是地球的天然卫星，对地球的引力作用产生了潮汐现象。这颗天体在夜空中以其明亮的辉光而著称，它通常在夜晚的星空下高悬，成为人们仰视的对象。它对地球的引力影响显著，不仅塑造了地球的海洋形态，还对地球上的生物节律有着重要影响。它的表面虽然未经雕琢，但它的存在对人类探索宇宙奥秘有着不可替代的价值。你是第1号玩家，你的关键词是<月亮>。你的回答中绝对不能包含你的关键词<月亮>。这是第三轮描述，你之前的描述是这是一个美丽的自然现象，夜晚时在天空中的明亮亮点。在所有天文现象中，它以其周期性出现和圆润的形状而最为突出。和它是一颗在夜空中静静地悬挂的天体，它的表面光滑且无云，常常作为人类观赏宇宙的天然望远镜。它的影响力远远超出了它的体积，它的存在对地球的生态环境和人类的文化有着深远的影响。，注意，这局游戏的词语分类为<天文>，卧底词和平民词都属于该类，请你补充关于关键词的描述，注意，你的描述应该比起之前的描述更加贴近关键词，作为之前的补充
2024-12-13 10:21:11,174 - 1 - INFO - **********PLAYER1**********
它是一轮又一轮地环绕地球的天体，它的表面充满了神秘和未知，是地球上夜空中最引人注目的自然现象之一。它的光芒柔和而稳定，为人类提供了探索宇宙的窗口，它的周期性运动和相位变化是人类历法和天文学研究的基础。
2024-12-13 10:21:30,916 - 1 - INFO - **********JUDGER**********
玩家1说：这是一个美丽的自然现象，夜晚时在天空中的明亮亮点。在所有天文现象中，它以其周期性出现和圆润的形状而最为突出。它是一颗在夜空中静静地悬挂的天体，它的表面光滑且无云，常常作为人类观赏宇宙的天然望远镜。它的影响力远远超出了它的体积，它的存在对地球的生态环境和人类的文化有着深远的影响。它是一轮又一轮地环绕地球的天体，它的表面充满了神秘和未知，是地球上夜空中最引人注目的自然现象之一。它的光芒柔和而稳定，为人类提供了探索宇宙的窗口，它的周期性运动和相位变化是人类历法和天文学研究的基础。玩家2说：这是一个红色的天体，位于太阳系中，比地球稍大，但质量较小。它在该类（天文）中最突出的不同特征是它是太阳系中唯一已知存在液态水的行星。这颗天体在夜空中引人注目，它的表面有着明显的特征，如火山和峡谷，它的轨道周期较长，且它距离地球较远，这使得它成为了太阳系中一个独特的观测对象。它的颜色和形状在夜空中格外醒目，吸引着人们的目光。这颗天体在夜空中以其独特的红色色调而闻名，它位于太阳系内，是一颗直径和质量均小于地球的行星。它的表面被火山和峡谷所覆盖，形成了多样的地形特征。这颗天体的轨道周期较长，且它距离地球较远，这使得它在夜空中显得特别明亮。它的气候极端，有着显著的季节变化，且表面温度变化剧烈。尽管它目前没有液态水存在，但科学家们推测在过去可能有过液态水的迹象，这让它成为了天文学和行星科学研究的焦点之一。玩家3说：这是一个天体，通常在夜空中明亮且易于观测。它在该类（天文）中最突出的不同特征是它是地球的卫星，对地球的潮汐有显著影响。这颗天体在夜空中显得格外明亮，它以其稳定的轨道和规律的运动著称。它对地球的生态环境和天文观测有着不可忽视的作用，经常被用作天文学研究的对象。它的表面特征虽然不像其他行星那样复杂，但它的存在对地球的潮汐现象有着决定性的影响。这颗天体在夜空中明亮，是地球的近邻，它的表面平滑，没有大气层，因此不会出现云彩。它的运动轨迹稳定，环绕地球旋转，它的存在对地球的潮汐模式有着重要影响，是地球上许多海洋和生物节律的调控因素之一。玩家4说：这是一个夜空中常见的天体，表面覆盖着岩石和尘埃。它在该类（天文）中最突出的不同特征是它是地球的天然卫星，对地球的引力作用产生了潮汐现象。这颗天体在夜空中以其明亮的辉光而著称，它通常在夜晚的星空下高悬，成为人们仰视的对象。它对地球的引力影响显著，不仅塑造了地球的海洋形态，还对地球上的生物节律有着重要影响。它的表面虽然未经雕琢，但它的存在对人类探索宇宙奥秘有着不可替代的价值。这颗天体在夜空中以其独特的亮度和稳定性著称，它环绕地球的轨迹几乎完美无缺，它的表面缺乏大气层，因此没有云彩，这使得它成为夜空中一个清晰可见的标志。它的存在对地球的海洋潮汐有着至关重要的作用，这种引力作用不仅影响了海洋，也对地球上的生物节律产生了深远的影响。尽管它的表面特征相对简单，但它的存在对人类的天文研究和宇宙探索具有重要意义。||在这个游戏中，我们需要通过分析每位玩家的描述来找出卧底。通常，平民的描述会围绕相同的词语展开，而卧底的描述可能会因为词语的不同而显得不太一致。我们需要仔细比较每个描述之间的相似性和差异性，以找出可能的卧底，注意，卧底并不会隐藏自己，他会直接描述他的词语，现在，逐一分析每个玩家的描述，注意，这局游戏的词语分类为<天文>，卧底词和平民词都属于该类。||之前是第3轮描述和之前轮数描述的合集。你之前认为的卧底是玩家2。
2024-12-13 10:21:44,235 - 1 - INFO - **********PLAYER1**********
根据第三轮描述和之前轮数的描述，我会重新分析每个玩家的描述：

1. 玩家1的描述：
   - 描述了一个美丽的自然现象，夜晚天空中的明亮亮点。
   - 强调了周期性出现、圆润形状、对人类文化和生态环境的影响。
   - 提到表面光滑无云，常作为观测宇宙的天然望远镜。
   - 强调了影响力深远，对地球生态环境和人类文化有影响。

2. 玩家2的描述：
   - 描述了一个红色的天体，位于太阳系中，比地球稍大但质量较小。
   - 强调了存在液态水的行星，表面有火山和峡谷。
   - 提到轨道周期长，距离地球远，具有独特观测价值。
   - 强调了红色色调、直径和质量小于地球、极端气候和季节变化。

3. 玩家3的描述：
   - 描述了一个天体，夜空中明亮且易于观测。
   - 强调了是地球的卫星，对地球潮汐有显著影响。
   - 提到稳定轨道、规律运动、对地球生态环境和天文观测的影响。
   - 描述了表面平滑无云，运动轨迹稳定，对地球潮汐模式有重要影响。

4. 玩家4的描述：
   - 描述了一个夜空中常见的天体，表面覆盖岩石和尘埃。
   - 强调了是地球的天然卫星，对地球引力作用产生潮汐现象。
   - 提到明亮的辉光，对地球引力影响显著，塑造海洋形态。
   - 描述了表面缺乏大气层，对地球生物节律有重要影响。

综合分析，玩家2的描述中提到的“红色的天体”和“液态水”以及“火山和峡谷”与月亮的特征不符，更像是火星的特征。而玩家3和玩家4的描述与月亮的特征相符，尤其是玩家4的描述中提到的“表面缺乏大气层”和“对地球生物节律有重要影响”等特征，与月亮的实际情况更为接近。

因此，基于描述的相似性和差异性，我认为玩家2可能是卧底。卧底是：

2
2024-12-13 10:21:44,239 - 1 - INFO - **********JUDGER**********
你刚刚的分析是根据第三轮描述和之前轮数的描述，我会重新分析每个玩家的描述：

1. 玩家1的描述：
   - 描述了一个美丽的自然现象，夜晚天空中的明亮亮点。
   - 强调了周期性出现、圆润形状、对人类文化和生态环境的影响。
   - 提到表面光滑无云，常作为观测宇宙的天然望远镜。
   - 强调了影响力深远，对地球生态环境和人类文化有影响。

2. 玩家2的描述：
   - 描述了一个红色的天体，位于太阳系中，比地球稍大但质量较小。
   - 强调了存在液态水的行星，表面有火山和峡谷。
   - 提到轨道周期长，距离地球远，具有独特观测价值。
   - 强调了红色色调、直径和质量小于地球、极端气候和季节变化。

3. 玩家3的描述：
   - 描述了一个天体，夜空中明亮且易于观测。
   - 强调了是地球的卫星，对地球潮汐有显著影响。
   - 提到稳定轨道、规律运动、对地球生态环境和天文观测的影响。
   - 描述了表面平滑无云，运动轨迹稳定，对地球潮汐模式有重要影响。

4. 玩家4的描述：
   - 描述了一个夜空中常见的天体，表面覆盖岩石和尘埃。
   - 强调了是地球的天然卫星，对地球引力作用产生潮汐现象。
   - 提到明亮的辉光，对地球引力影响显著，塑造海洋形态。
   - 描述了表面缺乏大气层，对地球生物节律有重要影响。

综合分析，玩家2的描述中提到的“红色的天体”和“液态水”以及“火山和峡谷”与月亮的特征不符，更像是火星的特征。而玩家3和玩家4的描述与月亮的特征相符，尤其是玩家4的描述中提到的“表面缺乏大气层”和“对地球生物节律有重要影响”等特征，与月亮的实际情况更为接近。

因此，基于描述的相似性和差异性，我认为玩家2可能是卧底。卧底是：

2|| `请根据上述分析，比较描述以找出不一致之处，注意，这局游戏的词语分类为<天文>，卧底词和平民词都属于该类。
2024-12-13 10:21:59,017 - 1 - INFO - **********PLAYER1**********
根据上述分析，我们可以比较每个玩家的描述以找出不一致之处：

1. 玩家1的描述：
   - 描述了月亮作为一个美丽的自然现象，夜晚天空中的明亮亮点。
   - 强调了月亮的周期性出现、圆润形状，以及其对人类文化和生态环境的影响。
   - 提到月亮表面光滑无云，是观测宇宙的天然望远镜。

2. 玩家2的描述：
   - 描述了一个红色的天体，位于太阳系中，比地球稍大但质量较小。
   - 强调了存在液态水的行星，表面有火山和峡谷。
   - 提到轨道周期长，距离地球远，具有独特观测价值。
   - 强调了红色色调、直径和质量小于地球、极端气候和季节变化。

不一致之处：
- 玩家2的描述中提到的“红色的天体”与月亮不符，因为月亮不是红色的。
- 玩家2的描述中提到的“液态水”和“火山和峡谷”也与月亮不符，因为月亮上没有液态水，也没有火山和峡谷。
- 玩家2的描述中提到的“轨道周期长，距离地球远”也与月亮不符，因为月亮是地球的卫星，距离地球非常近。

3. 玩家3的描述：
   - 描述了一个天体，夜空中明亮且易于观测。
   - 强调了是地球的卫星，对地球潮汐有显著影响。
   - 提到稳定轨道、规律运动，对地球生态环境和天文观测的影响。
   - 描述了表面平滑无云，运动轨迹稳定，对地球潮汐模式有重要影响。

不一致之处：
- 玩家3的描述虽然提到了月亮的某些特征，但没有明确提到月亮的周期性和圆润形状。

4. 玩家4的描述：
   - 描述了一个夜空中常见的天体，表面覆盖岩石和尘埃。
   - 强调了是地球的天然卫星，对地球引力作用产生潮汐现象。
   - 提到明亮的辉光，对地球引力影响显著，塑造海洋形态。
   - 描述了表面缺乏大气层，对地球生物节律有重要影响。

不一致之处：
- 玩家4的描述与玩家3的描述相似，但同样没有明确提到月亮的周期性和圆润形状。

综合以上分析，玩家2的描述与月亮的特征最为不符，因此玩家2可能是卧底。
2024-12-13 10:21:59,026 - 1 - INFO - **********JUDGER**********
你刚刚的分析是根据上述分析，我们可以比较每个玩家的描述以找出不一致之处：

1. 玩家1的描述：
   - 描述了月亮作为一个美丽的自然现象，夜晚天空中的明亮亮点。
   - 强调了月亮的周期性出现、圆润形状，以及其对人类文化和生态环境的影响。
   - 提到月亮表面光滑无云，是观测宇宙的天然望远镜。

2. 玩家2的描述：
   - 描述了一个红色的天体，位于太阳系中，比地球稍大但质量较小。
   - 强调了存在液态水的行星，表面有火山和峡谷。
   - 提到轨道周期长，距离地球远，具有独特观测价值。
   - 强调了红色色调、直径和质量小于地球、极端气候和季节变化。

不一致之处：
- 玩家2的描述中提到的“红色的天体”与月亮不符，因为月亮不是红色的。
- 玩家2的描述中提到的“液态水”和“火山和峡谷”也与月亮不符，因为月亮上没有液态水，也没有火山和峡谷。
- 玩家2的描述中提到的“轨道周期长，距离地球远”也与月亮不符，因为月亮是地球的卫星，距离地球非常近。

3. 玩家3的描述：
   - 描述了一个天体，夜空中明亮且易于观测。
   - 强调了是地球的卫星，对地球潮汐有显著影响。
   - 提到稳定轨道、规律运动，对地球生态环境和天文观测的影响。
   - 描述了表面平滑无云，运动轨迹稳定，对地球潮汐模式有重要影响。

不一致之处：
- 玩家3的描述虽然提到了月亮的某些特征，但没有明确提到月亮的周期性和圆润形状。

4. 玩家4的描述：
   - 描述了一个夜空中常见的天体，表面覆盖岩石和尘埃。
   - 强调了是地球的天然卫星，对地球引力作用产生潮汐现象。
   - 提到明亮的辉光，对地球引力影响显著，塑造海洋形态。
   - 描述了表面缺乏大气层，对地球生物节律有重要影响。

不一致之处：
- 玩家4的描述与玩家3的描述相似，但同样没有明确提到月亮的周期性和圆润形状。

综合以上分析，玩家2的描述与月亮的特征最为不符，因此玩家2可能是卧底。|| 请通过你分析的不一致之处，推断卧底身份，注意，这局游戏的词语分类为<天文>，卧底词和平民词都属于该类。
2024-12-13 10:22:04,155 - 1 - INFO - **********PLAYER1**********
根据分析的不一致之处，可以推断卧底身份如下：

- 玩家2的描述中提到的“红色的天体”、“液态水”、“火山和峡谷”以及“轨道周期长，距离地球远”这些特征都与月亮不符，这些特征更像是火星的特征。

- 玩家3和玩家4的描述虽然都提到了月亮是地球的卫星，对地球的潮汐有影响，但没有明确指出月亮的周期性和圆润形状，但他们的描述在整体上与月亮的特征更为接近。

因此，基于描述的不一致性和游戏的词语分类为<天文>，玩家2的描述与月亮的特征最为不符，因此卧底是：

2
2024-12-13 10:22:04,156 - 1 - INFO - **********JUDGER**********
你刚刚的推断是根据分析的不一致之处，可以推断卧底身份如下：

- 玩家2的描述中提到的“红色的天体”、“液态水”、“火山和峡谷”以及“轨道周期长，距离地球远”这些特征都与月亮不符，这些特征更像是火星的特征。

- 玩家3和玩家4的描述虽然都提到了月亮是地球的卫星，对地球的潮汐有影响，但没有明确指出月亮的周期性和圆润形状，但他们的描述在整体上与月亮的特征更为接近。

因此，基于描述的不一致性和游戏的词语分类为<天文>，玩家2的描述与月亮的特征最为不符，因此卧底是：

2|| 基于你刚刚的推断得出你的最终结论，请输出你认为的卧底，在这种情况下只需要输出编号，是1-4中的某个数字，不要输出其他信息。在这个过程不要进行任何推理，只对||以前的部分进行信息提取
2024-12-13 10:22:05,850 - 1 - INFO - **********PLAYER1**********
2
