2024-12-13 10:17:08,900 - 2 - INFO - **********JUDGER**********
让我们来玩一个叫做<谁是卧底>的推理游戏。基本规则：<人数>：4人。<角色分配>：每位玩家随机抽取一个词语，3名玩家拿到的词语是相同的（平民词），1名玩家拿到与之相近但不同的词语（卧底词）。<游戏流程>：1、玩家轮流描述自己的词语，但<不能>直接说出词语本身。2、描述完毕后，投票选出最像卧底的玩家。3、每轮结束后，被投票选出的玩家出局，不能再进行描述或投票。4、每轮投票结束后，如果卧底被成功找出，平民方获胜；如果卧底未被找出且卧底人数等于或超过平民人数，则卧底方获胜。你将扮演一个<玩家>，请等待你被分配到的关键词。如果你听懂了，只回答，"好的，我准备好参加游戏了"，不要输出别的信息
2024-12-13 10:17:09,412 - 2 - INFO - **********PLAYER2**********
好的，我准备好参加游戏了
2024-12-13 10:17:13,670 - 2 - INFO - **********JUDGER**********
玩家1说：这是一个美丽的自然现象，夜晚时在天空中的明亮亮点。在所有天文现象中，它以其周期性出现和圆润的形状而最为突出。玩家2说：玩家3说：玩家4说：|| 你是第2号玩家，你的关键词是<火星>。你的回答中绝对不能包含你的关键词<火星>。这是第一轮描述，不需要分析||之前别的玩家的描述，请你描述关键词基本特征，注意，这局游戏的词语分类为<天文>，卧底词和平民词都属于该类，描述包括以下两点，1.他的基本特征是什么2.他在该类（天文）中最突出不同的特征是什么，尽量简短
2024-12-13 10:17:16,362 - 2 - INFO - **********PLAYER2**********
这是一个红色的天体，位于太阳系中，比地球稍大，但质量较小。它在该类（天文）中最突出的不同特征是它是太阳系中唯一已知存在液态水的行星。
2024-12-13 10:17:41,545 - 2 - INFO - **********JUDGER**********
玩家1说：这是一个美丽的自然现象，夜晚时在天空中的明亮亮点。在所有天文现象中，它以其周期性出现和圆润的形状而最为突出。玩家2说：这是一个红色的天体，位于太阳系中，比地球稍大，但质量较小。它在该类（天文）中最突出的不同特征是它是太阳系中唯一已知存在液态水的行星。玩家3说：这是一个天体，通常在夜空中明亮且易于观测。它在该类（天文）中最突出的不同特征是它是地球的卫星，对地球的潮汐有显著影响。玩家4说：||在这个游戏中，我们需要通过分析每位玩家的描述来找出卧底。通常，平民的描述会围绕相同的词语展开，而卧底的描述可能会因为词语的不同而显得不太一致。我们需要仔细比较每个描述之间的相似性和差异性，以找出可能的卧底，注意，卧底并不会隐藏自己，他会直接描述他的词语，现在，逐一分析每个玩家的描述，注意，这局游戏的词语分类为<天文>，卧底词和平民词都属于该类。这是第一轮描述。
2024-12-13 10:17:47,580 - 2 - INFO - **********PLAYER2**********
根据玩家的描述，我们可以分析如下：

玩家1的描述提到了“夜晚时在天空中的明亮亮点”、“周期性出现”和“圆润的形状”，这些特征与月亮相符合。

玩家2的描述提到了“红色的天体”、“位于太阳系中”、“唯一已知存在液态水的行星”，这些特征也与月亮相符，尤其是提到液态水，这可能是对月亮上可能存在水冰的暗示。

玩家3的描述提到了“天体”、“夜空中明亮”、“地球的卫星”、“对地球的潮汐有显著影响”，这些特征非常明显地指向了月球。

玩家4没有提供任何描述，因此无法判断其身份。

综合以上描述，玩家1、玩家2和玩家3的描述都指向了月球，这表明他们可能是平民。由于卧底词应该与平民词相近但不同，且都是天文类词语，因此玩家4可能是卧底，因为目前为止没有提供任何指向性描述。

然而，由于这是一个推理游戏，我们需要更多的信息来确定卧底。在下一轮中，我们可以继续观察其他玩家的描述，或者尝试通过提问来获取更多信息。
2024-12-13 10:17:47,583 - 2 - INFO - **********JUDGER**********
你刚刚的分析是根据玩家的描述，我们可以分析如下：

玩家1的描述提到了“夜晚时在天空中的明亮亮点”、“周期性出现”和“圆润的形状”，这些特征与月亮相符合。

玩家2的描述提到了“红色的天体”、“位于太阳系中”、“唯一已知存在液态水的行星”，这些特征也与月亮相符，尤其是提到液态水，这可能是对月亮上可能存在水冰的暗示。

玩家3的描述提到了“天体”、“夜空中明亮”、“地球的卫星”、“对地球的潮汐有显著影响”，这些特征非常明显地指向了月球。

玩家4没有提供任何描述，因此无法判断其身份。

综合以上描述，玩家1、玩家2和玩家3的描述都指向了月球，这表明他们可能是平民。由于卧底词应该与平民词相近但不同，且都是天文类词语，因此玩家4可能是卧底，因为目前为止没有提供任何指向性描述。

然而，由于这是一个推理游戏，我们需要更多的信息来确定卧底。在下一轮中，我们可以继续观察其他玩家的描述，或者尝试通过提问来获取更多信息。|| `请根据上述分析，比较描述以找出不一致之处，注意，这局游戏的词语分类为<天文>，卧底词和平民词都属于该类。
2024-12-13 10:17:55,588 - 2 - INFO - **********PLAYER2**********
根据上述分析，我们可以比较描述以找出不一致之处：

玩家1、玩家2和玩家3的描述都集中在描述一个在天空中可见的天体，具有周期性出现和与地球相关的特征。以下是他们的描述要点：

- 玩家1：夜晚天空中的明亮亮点，周期性出现，圆润形状。
- 玩家2：红色天体，位于太阳系中，存在液态水。
- 玩家3：夜空中明亮的天体，地球的卫星，对地球潮汐有显著影响。

这些描述都指向了月球，这是一个普遍认知的天体，因此他们的描述在一致性上表明他们可能是平民。

然而，玩家4没有提供任何描述，这本身就是一个不一致之处。在游戏中，通常玩家会尝试通过描述来引导其他玩家，而玩家4的沉默可能是出于以下几种情况：

1. 玩家4是卧底，故意不提供描述以避免引起怀疑。
2. 玩家4可能是在等待观察其他玩家的描述后再行动。
3. 玩家4可能是在战略上选择保持沉默。

由于玩家4没有描述，而其他三个玩家的描述都指向了月球，这表明玩家4的描述与其他玩家的描述存在明显的不一致。这种不一致可能是由于玩家4是卧底，他的词语可能与天文类有关，但与月球不同。因此，玩家4的沉默和缺乏描述是他可能是卧底的重要线索。
2024-12-13 10:17:55,590 - 2 - INFO - **********JUDGER**********
你刚刚的分析是根据上述分析，我们可以比较描述以找出不一致之处：

玩家1、玩家2和玩家3的描述都集中在描述一个在天空中可见的天体，具有周期性出现和与地球相关的特征。以下是他们的描述要点：

- 玩家1：夜晚天空中的明亮亮点，周期性出现，圆润形状。
- 玩家2：红色天体，位于太阳系中，存在液态水。
- 玩家3：夜空中明亮的天体，地球的卫星，对地球潮汐有显著影响。

这些描述都指向了月球，这是一个普遍认知的天体，因此他们的描述在一致性上表明他们可能是平民。

然而，玩家4没有提供任何描述，这本身就是一个不一致之处。在游戏中，通常玩家会尝试通过描述来引导其他玩家，而玩家4的沉默可能是出于以下几种情况：

1. 玩家4是卧底，故意不提供描述以避免引起怀疑。
2. 玩家4可能是在等待观察其他玩家的描述后再行动。
3. 玩家4可能是在战略上选择保持沉默。

由于玩家4没有描述，而其他三个玩家的描述都指向了月球，这表明玩家4的描述与其他玩家的描述存在明显的不一致。这种不一致可能是由于玩家4是卧底，他的词语可能与天文类有关，但与月球不同。因此，玩家4的沉默和缺乏描述是他可能是卧底的重要线索。|| 请通过你分析的不一致之处，推断卧底身份，注意，这局游戏的词语分类为<天文>，卧底词和平民词都属于该类。
2024-12-13 10:18:04,121 - 2 - INFO - **********PLAYER2**********
基于上述分析，我们可以推断玩家4很可能是卧底。以下是我的推断：

1. **玩家1、2和3的描述都指向了月球**，这是一个在天空中可见的天体，具有周期性出现和与地球相关的特征。这些描述与月球的基本特征相符，即它是夜空中可见的、周期性出现的、红色的、位于太阳系中的、地球的卫星，并对地球的潮汐有影响。

2. **玩家4没有提供任何描述**，这与常规游戏玩法不符，因为玩家通常会试图通过描述来引导其他玩家。玩家4的沉默可能是出于以下原因之一：
   - **故意不提供描述**：卧底玩家可能会选择不提供描述，以避免过早地暴露自己的身份。
   - **观察其他玩家的描述**：卧底玩家可能会等待其他玩家先描述，以便更好地隐藏自己的身份。
   - **战略沉默**：卧底玩家可能认为保持沉默是更好的策略，以避免引起怀疑。

由于玩家4的描述与平民玩家的描述存在明显的不一致，且没有提供任何描述，这强烈暗示玩家4可能是卧底。考虑到游戏中的词语分类为<天文>，而其他玩家的描述都与月球相关，玩家4的卧底词可能是与天文相关，但不是月球的天体。因此，玩家4可能是描述了其他天文现象的卧底，例如火星。火星是太阳系中的另一个行星，也是红色的，位于太阳系中，但与地球不是卫星关系，也没有月球对地球潮汐的影响。
2024-12-13 10:18:04,123 - 2 - INFO - **********JUDGER**********
你刚刚的推断是基于上述分析，我们可以推断玩家4很可能是卧底。以下是我的推断：

1. **玩家1、2和3的描述都指向了月球**，这是一个在天空中可见的天体，具有周期性出现和与地球相关的特征。这些描述与月球的基本特征相符，即它是夜空中可见的、周期性出现的、红色的、位于太阳系中的、地球的卫星，并对地球的潮汐有影响。

2. **玩家4没有提供任何描述**，这与常规游戏玩法不符，因为玩家通常会试图通过描述来引导其他玩家。玩家4的沉默可能是出于以下原因之一：
   - **故意不提供描述**：卧底玩家可能会选择不提供描述，以避免过早地暴露自己的身份。
   - **观察其他玩家的描述**：卧底玩家可能会等待其他玩家先描述，以便更好地隐藏自己的身份。
   - **战略沉默**：卧底玩家可能认为保持沉默是更好的策略，以避免引起怀疑。

由于玩家4的描述与平民玩家的描述存在明显的不一致，且没有提供任何描述，这强烈暗示玩家4可能是卧底。考虑到游戏中的词语分类为<天文>，而其他玩家的描述都与月球相关，玩家4的卧底词可能是与天文相关，但不是月球的天体。因此，玩家4可能是描述了其他天文现象的卧底，例如火星。火星是太阳系中的另一个行星，也是红色的，位于太阳系中，但与地球不是卫星关系，也没有月球对地球潮汐的影响。|| 基于你刚刚的推断得出你的最终结论，请输出你认为的卧底，在这种情况下只需要输出编号，是1-4中的某个数字，不要输出其他信息。在这个过程不要进行任何推理，只对||以前的部分进行信息提取
2024-12-13 10:18:04,620 - 2 - INFO - **********PLAYER2**********
4
2024-12-13 10:18:47,821 - 2 - INFO - **********JUDGER**********
玩家1说：这是一个美丽的自然现象，夜晚时在天空中的明亮亮点。在所有天文现象中，它以其周期性出现和圆润的形状而最为突出。它是一颗在夜空中静静地悬挂的天体，它的表面光滑且无云，常常作为人类观赏宇宙的天然望远镜。它的影响力远远超出了它的体积，它的存在对地球的生态环境和人类的文化有着深远的影响。玩家2说：这是一个红色的天体，位于太阳系中，比地球稍大，但质量较小。它在该类（天文）中最突出的不同特征是它是太阳系中唯一已知存在液态水的行星。玩家3说：这是一个天体，通常在夜空中明亮且易于观测。它在该类（天文）中最突出的不同特征是它是地球的卫星，对地球的潮汐有显著影响。玩家4说：这是一个夜空中常见的天体，表面覆盖着岩石和尘埃。它在该类（天文）中最突出的不同特征是它是地球的天然卫星，对地球的引力作用产生了潮汐现象。你是第2号玩家，你的关键词是<火星>。你的回答中绝对不能包含你的关键词<火星>。这是第二轮描述，你之前的描述是这是一个红色的天体，位于太阳系中，比地球稍大，但质量较小。它在该类（天文）中最突出的不同特征是它是太阳系中唯一已知存在液态水的行星。，注意，这局游戏的词语分类为<天文>，卧底词和平民词都属于该类，请你补充关于关键词的描述，注意，你的描述应该比起之前的描述更加贴近关键词，作为之前的补充
2024-12-13 10:18:50,556 - 2 - INFO - **********PLAYER2**********
这是一个红色的行星，它在夜空中显得特别明亮，由于它的直径和质量都比地球小，它的重力较弱。它以其红色的外观和表面丰富的火山活动而闻名。尽管它不像地球那样适宜居住，但火星的地质特征和潜在的液态水存在使其成为太阳系中一个独特的天文对象。
2024-12-13 10:18:50,557 - 2 - INFO - **********JUDGER**********
玩家1说：这是一个美丽的自然现象，夜晚时在天空中的明亮亮点。在所有天文现象中，它以其周期性出现和圆润的形状而最为突出。它是一颗在夜空中静静地悬挂的天体，它的表面光滑且无云，常常作为人类观赏宇宙的天然望远镜。它的影响力远远超出了它的体积，它的存在对地球的生态环境和人类的文化有着深远的影响。玩家2说：这是一个红色的天体，位于太阳系中，比地球稍大，但质量较小。它在该类（天文）中最突出的不同特征是它是太阳系中唯一已知存在液态水的行星。玩家3说：这是一个天体，通常在夜空中明亮且易于观测。它在该类（天文）中最突出的不同特征是它是地球的卫星，对地球的潮汐有显著影响。玩家4说：这是一个夜空中常见的天体，表面覆盖着岩石和尘埃。它在该类（天文）中最突出的不同特征是它是地球的天然卫星，对地球的引力作用产生了潮汐现象。你是第2号玩家，你的关键词是<火星>。你的回答中绝对不能包含你的关键词<火星>。这是第二轮描述，你之前的描述是这是一个红色的天体，位于太阳系中，比地球稍大，但质量较小。它在该类（天文）中最突出的不同特征是它是太阳系中唯一已知存在液态水的行星。，注意，这局游戏的词语分类为<天文>，卧底词和平民词都属于该类，请你补充关于关键词的描述，注意，你的描述应该比起之前的描述更加贴近关键词，作为之前的补充
2024-12-13 10:18:53,092 - 2 - INFO - **********PLAYER2**********
这颗天体在夜空中引人注目，它的表面有着明显的特征，如火山和峡谷，它的轨道周期较长，且它距离地球较远，这使得它成为了太阳系中一个独特的观测对象。它的颜色和形状在夜空中格外醒目，吸引着人们的目光。
2024-12-13 10:19:34,871 - 2 - INFO - **********JUDGER**********
玩家1说：这是一个美丽的自然现象，夜晚时在天空中的明亮亮点。在所有天文现象中，它以其周期性出现和圆润的形状而最为突出。它是一颗在夜空中静静地悬挂的天体，它的表面光滑且无云，常常作为人类观赏宇宙的天然望远镜。它的影响力远远超出了它的体积，它的存在对地球的生态环境和人类的文化有着深远的影响。玩家2说：这是一个红色的天体，位于太阳系中，比地球稍大，但质量较小。它在该类（天文）中最突出的不同特征是它是太阳系中唯一已知存在液态水的行星。这颗天体在夜空中引人注目，它的表面有着明显的特征，如火山和峡谷，它的轨道周期较长，且它距离地球较远，这使得它成为了太阳系中一个独特的观测对象。它的颜色和形状在夜空中格外醒目，吸引着人们的目光。玩家3说：这是一个天体，通常在夜空中明亮且易于观测。它在该类（天文）中最突出的不同特征是它是地球的卫星，对地球的潮汐有显著影响。这颗天体在夜空中显得格外明亮，它以其稳定的轨道和规律的运动著称。它对地球的生态环境和天文观测有着不可忽视的作用，经常被用作天文学研究的对象。它的表面特征虽然不像其他行星那样复杂，但它的存在对地球的潮汐现象有着决定性的影响。玩家4说：这是一个夜空中常见的天体，表面覆盖着岩石和尘埃。它在该类（天文）中最突出的不同特征是它是地球的天然卫星，对地球的引力作用产生了潮汐现象。||在这个游戏中，我们需要通过分析每位玩家的描述来找出卧底。通常，平民的描述会围绕相同的词语展开，而卧底的描述可能会因为词语的不同而显得不太一致。我们需要仔细比较每个描述之间的相似性和差异性，以找出可能的卧底，注意，卧底并不会隐藏自己，他会直接描述他的词语，现在，逐一分析每个玩家的描述，注意，这局游戏的词语分类为<天文>，卧底词和平民词都属于该类。||之前是第2轮描述和之前轮数描述的合集。你之前认为的卧底是玩家4。
2024-12-13 10:19:51,028 - 2 - INFO - **********PLAYER2**********
根据第二轮描述和之前轮数描述的合集，以及之前的分析，以下是每个玩家的描述分析：

- 玩家1的描述强调了天体的美丽、周期性、圆润形状、表面光滑无云，以及它对地球的影响，这与月球的描述相符。
- 玩家2的描述提到了红色的天体、太阳系中的位置、存在液态水、明显的表面特征、轨道周期、距离地球较远，这些特征与火星相符。
- 玩家3的描述提到了天体的明亮、易于观测、地球的卫星、潮汐影响、稳定的轨道、规律的运动，这些特征与月球相符。
- 玩家4的描述提到了夜空中常见的天体、表面覆盖岩石和尘埃、地球的天然卫星、引力作用产生潮汐现象，这些特征与月球相符。

之前的分析中，我推测玩家4可能是卧底，因为他的描述与月球相符，而其他玩家的描述指向了火星或月球。然而，现在看来，玩家3的描述也与月球相符，而且他的描述在第一轮和第二轮中都与月球的特征相吻合，这增加了他作为平民的可能性。

因此，基于当前的描述和之前的分析，玩家4的描述虽然也与月球相符，但玩家3的描述在一致性上似乎更高，这可能导致玩家3更有可能是平民，而玩家4更有可能是卧底。但是，由于玩家4的描述在第一轮中并没有提供足够的信息，他的卧底身份仍然是一个可能的选项。最终，需要根据整个游戏过程中的描述和投票情况来确定卧底的身份。
2024-12-13 10:19:51,030 - 2 - INFO - **********JUDGER**********
你刚刚的分析是根据第二轮描述和之前轮数描述的合集，以及之前的分析，以下是每个玩家的描述分析：

- 玩家1的描述强调了天体的美丽、周期性、圆润形状、表面光滑无云，以及它对地球的影响，这与月球的描述相符。
- 玩家2的描述提到了红色的天体、太阳系中的位置、存在液态水、明显的表面特征、轨道周期、距离地球较远，这些特征与火星相符。
- 玩家3的描述提到了天体的明亮、易于观测、地球的卫星、潮汐影响、稳定的轨道、规律的运动，这些特征与月球相符。
- 玩家4的描述提到了夜空中常见的天体、表面覆盖岩石和尘埃、地球的天然卫星、引力作用产生潮汐现象，这些特征与月球相符。

之前的分析中，我推测玩家4可能是卧底，因为他的描述与月球相符，而其他玩家的描述指向了火星或月球。然而，现在看来，玩家3的描述也与月球相符，而且他的描述在第一轮和第二轮中都与月球的特征相吻合，这增加了他作为平民的可能性。

因此，基于当前的描述和之前的分析，玩家4的描述虽然也与月球相符，但玩家3的描述在一致性上似乎更高，这可能导致玩家3更有可能是平民，而玩家4更有可能是卧底。但是，由于玩家4的描述在第一轮中并没有提供足够的信息，他的卧底身份仍然是一个可能的选项。最终，需要根据整个游戏过程中的描述和投票情况来确定卧底的身份。|| `请根据上述分析，比较描述以找出不一致之处，注意，这局游戏的词语分类为<天文>，卧底词和平民词都属于该类。
2024-12-13 10:20:08,480 - 2 - INFO - **********PLAYER2**********
根据上述分析，我们可以比较描述以找出不一致之处：

- 玩家1的描述强调了天体的美丽、周期性、圆润形状、表面光滑无云，以及它对地球的影响，这与月球的描述相符，但他的描述中并未提及天体的颜色。

- 玩家2的描述提到了红色的天体、太阳系中的位置、存在液态水、明显的表面特征、轨道周期、距离地球较远，这些特征与火星相符，特别是提到天体是红色的，这与月球不符。

- 玩家3的描述提到了天体的明亮、易于观测、地球的卫星、潮汐影响、稳定的轨道、规律的运动，这些特征与月球相符，但他的描述中并未提及天体的颜色。

- 玩家4的描述提到了夜空中常见的天体、表面覆盖岩石和尘埃、地球的天然卫星、引力作用产生潮汐现象，这些特征与月球相符，但他的描述中并未提及天体的颜色。

不一致之处在于：

- 玩家2的描述中明确提到了天体是红色的，而月球并不是红色的。
- 玩家1、玩家3和玩家4的描述中都没有提及天体的颜色，这可能是一个共同点，但玩家2的描述与这一点不符。

因此，玩家2的描述与其他玩家的描述存在不一致之处，特别是关于天体颜色的描述，这可能是他作为卧底的一个线索。
2024-12-13 10:20:08,482 - 2 - INFO - **********JUDGER**********
你刚刚的分析是根据上述分析，我们可以比较描述以找出不一致之处：

- 玩家1的描述强调了天体的美丽、周期性、圆润形状、表面光滑无云，以及它对地球的影响，这与月球的描述相符，但他的描述中并未提及天体的颜色。

- 玩家2的描述提到了红色的天体、太阳系中的位置、存在液态水、明显的表面特征、轨道周期、距离地球较远，这些特征与火星相符，特别是提到天体是红色的，这与月球不符。

- 玩家3的描述提到了天体的明亮、易于观测、地球的卫星、潮汐影响、稳定的轨道、规律的运动，这些特征与月球相符，但他的描述中并未提及天体的颜色。

- 玩家4的描述提到了夜空中常见的天体、表面覆盖岩石和尘埃、地球的天然卫星、引力作用产生潮汐现象，这些特征与月球相符，但他的描述中并未提及天体的颜色。

不一致之处在于：

- 玩家2的描述中明确提到了天体是红色的，而月球并不是红色的。
- 玩家1、玩家3和玩家4的描述中都没有提及天体的颜色，这可能是一个共同点，但玩家2的描述与这一点不符。

因此，玩家2的描述与其他玩家的描述存在不一致之处，特别是关于天体颜色的描述，这可能是他作为卧底的一个线索。|| 请通过你分析的不一致之处，推断卧底身份，注意，这局游戏的词语分类为<天文>，卧底词和平民词都属于该类。
2024-12-13 10:20:18,834 - 2 - INFO - **********PLAYER2**********
基于分析的不一致之处，我们可以推断卧底身份：

- 玩家2的描述中提到了“红色的天体”，这是一个与月球明显不符的特征，因为月球不是红色的。
- 玩家1、玩家3和玩家4的描述都指向了月球，尽管他们的描述中没有直接提到天体的颜色，但他们的描述特征与月球相符。

因此，考虑到游戏中的词语分类为<天文>，且卧底词和平民词都属于该类，玩家2的描述中的红色特征与他人的描述不一致，这强烈暗示玩家2是卧底。他的关键词很可能是与月球不同的天文现象，而根据他的描述，最符合的可能是火星。所以，根据这些信息，玩家2很可能是卧底。
2024-12-13 10:20:18,837 - 2 - INFO - **********JUDGER**********
你刚刚的推断是基于分析的不一致之处，我们可以推断卧底身份：

- 玩家2的描述中提到了“红色的天体”，这是一个与月球明显不符的特征，因为月球不是红色的。
- 玩家1、玩家3和玩家4的描述都指向了月球，尽管他们的描述中没有直接提到天体的颜色，但他们的描述特征与月球相符。

因此，考虑到游戏中的词语分类为<天文>，且卧底词和平民词都属于该类，玩家2的描述中的红色特征与他人的描述不一致，这强烈暗示玩家2是卧底。他的关键词很可能是与月球不同的天文现象，而根据他的描述，最符合的可能是火星。所以，根据这些信息，玩家2很可能是卧底。|| 基于你刚刚的推断得出你的最终结论，请输出你认为的卧底，在这种情况下只需要输出编号，是1-4中的某个数字，不要输出其他信息。在这个过程不要进行任何推理，只对||以前的部分进行信息提取
2024-12-13 10:20:19,841 - 2 - INFO - **********PLAYER2**********
2
2024-12-13 10:21:11,175 - 2 - INFO - **********JUDGER**********
玩家1说：这是一个美丽的自然现象，夜晚时在天空中的明亮亮点。在所有天文现象中，它以其周期性出现和圆润的形状而最为突出。它是一颗在夜空中静静地悬挂的天体，它的表面光滑且无云，常常作为人类观赏宇宙的天然望远镜。它的影响力远远超出了它的体积，它的存在对地球的生态环境和人类的文化有着深远的影响。它是一轮又一轮地环绕地球的天体，它的表面充满了神秘和未知，是地球上夜空中最引人注目的自然现象之一。它的光芒柔和而稳定，为人类提供了探索宇宙的窗口，它的周期性运动和相位变化是人类历法和天文学研究的基础。玩家2说：这是一个红色的天体，位于太阳系中，比地球稍大，但质量较小。它在该类（天文）中最突出的不同特征是它是太阳系中唯一已知存在液态水的行星。这颗天体在夜空中引人注目，它的表面有着明显的特征，如火山和峡谷，它的轨道周期较长，且它距离地球较远，这使得它成为了太阳系中一个独特的观测对象。它的颜色和形状在夜空中格外醒目，吸引着人们的目光。玩家3说：这是一个天体，通常在夜空中明亮且易于观测。它在该类（天文）中最突出的不同特征是它是地球的卫星，对地球的潮汐有显著影响。这颗天体在夜空中显得格外明亮，它以其稳定的轨道和规律的运动著称。它对地球的生态环境和天文观测有着不可忽视的作用，经常被用作天文学研究的对象。它的表面特征虽然不像其他行星那样复杂，但它的存在对地球的潮汐现象有着决定性的影响。玩家4说：这是一个夜空中常见的天体，表面覆盖着岩石和尘埃。它在该类（天文）中最突出的不同特征是它是地球的天然卫星，对地球的引力作用产生了潮汐现象。这颗天体在夜空中以其明亮的辉光而著称，它通常在夜晚的星空下高悬，成为人们仰视的对象。它对地球的引力影响显著，不仅塑造了地球的海洋形态，还对地球上的生物节律有着重要影响。它的表面虽然未经雕琢，但它的存在对人类探索宇宙奥秘有着不可替代的价值。你是第2号玩家，你的关键词是<火星>。你的回答中绝对不能包含你的关键词<火星>。这是第三轮描述，你之前的描述是这是一个红色的天体，位于太阳系中，比地球稍大，但质量较小。它在该类（天文）中最突出的不同特征是它是太阳系中唯一已知存在液态水的行星。和这是一个红色的行星，它在夜空中显得特别明亮，由于它的直径和质量都比地球小，它的重力较弱。它以其红色的外观和表面丰富的火山活动而闻名。尽管它不像地球那样适宜居住，但火星的地质特征和潜在的液态水存在使其成为太阳系中一个独特的天文对象。，注意，这局游戏的词语分类为<天文>，卧底词和平民词都属于该类，请你补充关于关键词的描述，注意，你的描述应该比起之前的描述更加贴近关键词，作为之前的补充
2024-12-13 10:21:15,144 - 2 - INFO - **********PLAYER2**********
这颗天体在夜空中以其红色的光芒最为显著，它位于太阳系内，是一颗距离地球较远的行星。它的表面特征包括广泛的沙漠和岩石地形，以及一些季节性的尘暴。尽管它没有地球上的液态水，但火星上有证据表明曾经存在过液态水，这使得它成为探索外星生命的潜在地点。火星的轨道周期较长，使得它的日夜周期比地球长，而且它的自转轴倾斜较大，导致季节变化明显。
2024-12-13 10:21:15,146 - 2 - INFO - **********JUDGER**********
玩家1说：这是一个美丽的自然现象，夜晚时在天空中的明亮亮点。在所有天文现象中，它以其周期性出现和圆润的形状而最为突出。它是一颗在夜空中静静地悬挂的天体，它的表面光滑且无云，常常作为人类观赏宇宙的天然望远镜。它的影响力远远超出了它的体积，它的存在对地球的生态环境和人类的文化有着深远的影响。它是一轮又一轮地环绕地球的天体，它的表面充满了神秘和未知，是地球上夜空中最引人注目的自然现象之一。它的光芒柔和而稳定，为人类提供了探索宇宙的窗口，它的周期性运动和相位变化是人类历法和天文学研究的基础。玩家2说：这是一个红色的天体，位于太阳系中，比地球稍大，但质量较小。它在该类（天文）中最突出的不同特征是它是太阳系中唯一已知存在液态水的行星。这颗天体在夜空中引人注目，它的表面有着明显的特征，如火山和峡谷，它的轨道周期较长，且它距离地球较远，这使得它成为了太阳系中一个独特的观测对象。它的颜色和形状在夜空中格外醒目，吸引着人们的目光。玩家3说：这是一个天体，通常在夜空中明亮且易于观测。它在该类（天文）中最突出的不同特征是它是地球的卫星，对地球的潮汐有显著影响。这颗天体在夜空中显得格外明亮，它以其稳定的轨道和规律的运动著称。它对地球的生态环境和天文观测有着不可忽视的作用，经常被用作天文学研究的对象。它的表面特征虽然不像其他行星那样复杂，但它的存在对地球的潮汐现象有着决定性的影响。玩家4说：这是一个夜空中常见的天体，表面覆盖着岩石和尘埃。它在该类（天文）中最突出的不同特征是它是地球的天然卫星，对地球的引力作用产生了潮汐现象。这颗天体在夜空中以其明亮的辉光而著称，它通常在夜晚的星空下高悬，成为人们仰视的对象。它对地球的引力影响显著，不仅塑造了地球的海洋形态，还对地球上的生物节律有着重要影响。它的表面虽然未经雕琢，但它的存在对人类探索宇宙奥秘有着不可替代的价值。你是第2号玩家，你的关键词是<火星>。你的回答中绝对不能包含你的关键词<火星>。这是第三轮描述，你之前的描述是这是一个红色的天体，位于太阳系中，比地球稍大，但质量较小。它在该类（天文）中最突出的不同特征是它是太阳系中唯一已知存在液态水的行星。和这是一个红色的行星，它在夜空中显得特别明亮，由于它的直径和质量都比地球小，它的重力较弱。它以其红色的外观和表面丰富的火山活动而闻名。尽管它不像地球那样适宜居住，但火星的地质特征和潜在的液态水存在使其成为太阳系中一个独特的天文对象。，注意，这局游戏的词语分类为<天文>，卧底词和平民词都属于该类，请你补充关于关键词的描述，注意，你的描述应该比起之前的描述更加贴近关键词，作为之前的补充
2024-12-13 10:21:20,722 - 2 - INFO - **********PLAYER2**********
这颗天体在夜空中以其鲜艳的红色光芒著称，它位于太阳系的宜居带之外，是一颗有着显著火山活动和侵蚀地貌的行星。它的轨道周期较长，导致季节变化显著，且它的自转轴倾斜使得它有着极端的温差和季节性气候。这颗天体的表面特征包括广阔的沙漠和山脉，以及一些由水侵蚀形成的峡谷。尽管它目前没有稳定的液态水存在，但科学家们认为在过去可能有过液态水的存在，这使得火星成为寻找外星生命的重点目标之一。
2024-12-13 10:21:20,723 - 2 - INFO - **********JUDGER**********
玩家1说：这是一个美丽的自然现象，夜晚时在天空中的明亮亮点。在所有天文现象中，它以其周期性出现和圆润的形状而最为突出。它是一颗在夜空中静静地悬挂的天体，它的表面光滑且无云，常常作为人类观赏宇宙的天然望远镜。它的影响力远远超出了它的体积，它的存在对地球的生态环境和人类的文化有着深远的影响。它是一轮又一轮地环绕地球的天体，它的表面充满了神秘和未知，是地球上夜空中最引人注目的自然现象之一。它的光芒柔和而稳定，为人类提供了探索宇宙的窗口，它的周期性运动和相位变化是人类历法和天文学研究的基础。玩家2说：这是一个红色的天体，位于太阳系中，比地球稍大，但质量较小。它在该类（天文）中最突出的不同特征是它是太阳系中唯一已知存在液态水的行星。这颗天体在夜空中引人注目，它的表面有着明显的特征，如火山和峡谷，它的轨道周期较长，且它距离地球较远，这使得它成为了太阳系中一个独特的观测对象。它的颜色和形状在夜空中格外醒目，吸引着人们的目光。玩家3说：这是一个天体，通常在夜空中明亮且易于观测。它在该类（天文）中最突出的不同特征是它是地球的卫星，对地球的潮汐有显著影响。这颗天体在夜空中显得格外明亮，它以其稳定的轨道和规律的运动著称。它对地球的生态环境和天文观测有着不可忽视的作用，经常被用作天文学研究的对象。它的表面特征虽然不像其他行星那样复杂，但它的存在对地球的潮汐现象有着决定性的影响。玩家4说：这是一个夜空中常见的天体，表面覆盖着岩石和尘埃。它在该类（天文）中最突出的不同特征是它是地球的天然卫星，对地球的引力作用产生了潮汐现象。这颗天体在夜空中以其明亮的辉光而著称，它通常在夜晚的星空下高悬，成为人们仰视的对象。它对地球的引力影响显著，不仅塑造了地球的海洋形态，还对地球上的生物节律有着重要影响。它的表面虽然未经雕琢，但它的存在对人类探索宇宙奥秘有着不可替代的价值。你是第2号玩家，你的关键词是<火星>。你的回答中绝对不能包含你的关键词<火星>。这是第三轮描述，你之前的描述是这是一个红色的天体，位于太阳系中，比地球稍大，但质量较小。它在该类（天文）中最突出的不同特征是它是太阳系中唯一已知存在液态水的行星。和这是一个红色的行星，它在夜空中显得特别明亮，由于它的直径和质量都比地球小，它的重力较弱。它以其红色的外观和表面丰富的火山活动而闻名。尽管它不像地球那样适宜居住，但火星的地质特征和潜在的液态水存在使其成为太阳系中一个独特的天文对象。，注意，这局游戏的词语分类为<天文>，卧底词和平民词都属于该类，请你补充关于关键词的描述，注意，你的描述应该比起之前的描述更加贴近关键词，作为之前的补充
2024-12-13 10:21:24,785 - 2 - INFO - **********PLAYER2**********
这颗天体在夜空中以其独特的红色色调而闻名，它位于太阳系内，是一颗直径和质量均小于地球的行星。它的表面被火山和峡谷所覆盖，形成了多样的地形特征。这颗天体的轨道周期较长，且它距离地球较远，这使得它在夜空中显得特别明亮。它的气候极端，有着显著的季节变化，且表面温度变化剧烈。尽管它目前没有液态水存在，但科学家们推测在过去可能有过液态水的迹象，这让它成为了天文学和行星科学研究的焦点之一。
2024-12-13 10:22:05,851 - 2 - INFO - **********JUDGER**********
玩家1说：这是一个美丽的自然现象，夜晚时在天空中的明亮亮点。在所有天文现象中，它以其周期性出现和圆润的形状而最为突出。它是一颗在夜空中静静地悬挂的天体，它的表面光滑且无云，常常作为人类观赏宇宙的天然望远镜。它的影响力远远超出了它的体积，它的存在对地球的生态环境和人类的文化有着深远的影响。它是一轮又一轮地环绕地球的天体，它的表面充满了神秘和未知，是地球上夜空中最引人注目的自然现象之一。它的光芒柔和而稳定，为人类提供了探索宇宙的窗口，它的周期性运动和相位变化是人类历法和天文学研究的基础。玩家2说：这是一个红色的天体，位于太阳系中，比地球稍大，但质量较小。它在该类（天文）中最突出的不同特征是它是太阳系中唯一已知存在液态水的行星。这颗天体在夜空中引人注目，它的表面有着明显的特征，如火山和峡谷，它的轨道周期较长，且它距离地球较远，这使得它成为了太阳系中一个独特的观测对象。它的颜色和形状在夜空中格外醒目，吸引着人们的目光。这颗天体在夜空中以其独特的红色色调而闻名，它位于太阳系内，是一颗直径和质量均小于地球的行星。它的表面被火山和峡谷所覆盖，形成了多样的地形特征。这颗天体的轨道周期较长，且它距离地球较远，这使得它在夜空中显得特别明亮。它的气候极端，有着显著的季节变化，且表面温度变化剧烈。尽管它目前没有液态水存在，但科学家们推测在过去可能有过液态水的迹象，这让它成为了天文学和行星科学研究的焦点之一。玩家3说：这是一个天体，通常在夜空中明亮且易于观测。它在该类（天文）中最突出的不同特征是它是地球的卫星，对地球的潮汐有显著影响。这颗天体在夜空中显得格外明亮，它以其稳定的轨道和规律的运动著称。它对地球的生态环境和天文观测有着不可忽视的作用，经常被用作天文学研究的对象。它的表面特征虽然不像其他行星那样复杂，但它的存在对地球的潮汐现象有着决定性的影响。这颗天体在夜空中明亮，是地球的近邻，它的表面平滑，没有大气层，因此不会出现云彩。它的运动轨迹稳定，环绕地球旋转，它的存在对地球的潮汐模式有着重要影响，是地球上许多海洋和生物节律的调控因素之一。玩家4说：这是一个夜空中常见的天体，表面覆盖着岩石和尘埃。它在该类（天文）中最突出的不同特征是它是地球的天然卫星，对地球的引力作用产生了潮汐现象。这颗天体在夜空中以其明亮的辉光而著称，它通常在夜晚的星空下高悬，成为人们仰视的对象。它对地球的引力影响显著，不仅塑造了地球的海洋形态，还对地球上的生物节律有着重要影响。它的表面虽然未经雕琢，但它的存在对人类探索宇宙奥秘有着不可替代的价值。这颗天体在夜空中以其独特的亮度和稳定性著称，它环绕地球的轨迹几乎完美无缺，它的表面缺乏大气层，因此没有云彩，这使得它成为夜空中一个清晰可见的标志。它的存在对地球的海洋潮汐有着至关重要的作用，这种引力作用不仅影响了海洋，也对地球上的生物节律产生了深远的影响。尽管它的表面特征相对简单，但它的存在对人类的天文研究和宇宙探索具有重要意义。||在这个游戏中，我们需要通过分析每位玩家的描述来找出卧底。通常，平民的描述会围绕相同的词语展开，而卧底的描述可能会因为词语的不同而显得不太一致。我们需要仔细比较每个描述之间的相似性和差异性，以找出可能的卧底，注意，卧底并不会隐藏自己，他会直接描述他的词语，现在，逐一分析每个玩家的描述，注意，这局游戏的词语分类为<天文>，卧底词和平民词都属于该类。||之前是第3轮描述和之前轮数描述的合集。你之前认为的卧底是玩家2。
2024-12-13 10:22:07,468 - 2 - INFO - **********PLAYER2**********
好的，我准备好参加游戏了。
2024-12-13 10:22:07,469 - 2 - INFO - **********JUDGER**********
你刚刚的分析是好的，我准备好参加游戏了。|| `请根据上述分析，比较描述以找出不一致之处，注意，这局游戏的词语分类为<天文>，卧底词和平民词都属于该类。
2024-12-13 10:22:21,412 - 2 - INFO - **********PLAYER2**********
根据上述描述，我们可以比较每位玩家的描述以找出不一致之处：

- 玩家1的描述强调了天体的美丽、周期性、圆润形状、表面光滑无云、对地球的影响、环绕地球、表面神秘、光芒柔和稳定、探索宇宙的窗口、历法和天文学研究的基础。这些特征与月球相符。

- 玩家2的描述提到了天体是红色的、位于太阳系中、比地球稍大但质量较小、存在液态水、表面有火山和峡谷、轨道周期较长、距离地球较远、红色色调、直径和质量小于地球、气候极端、季节变化、表面温度变化剧烈、过去可能有过液态水。这些特征与火星相符。

- 玩家3的描述提到了天体在夜空中明亮、是地球的卫星、对地球潮汐有显著影响、稳定的轨道、规律的运动、对地球生态环境和天文观测有作用、表面平滑、没有大气层、运动轨迹稳定、环绕地球旋转、对地球潮汐模式有重要影响、对生物节律有影响。这些特征与月球相符。

- 玩家4的描述提到了天体在夜空中常见、表面覆盖岩石和尘埃、是地球的天然卫星、对地球引力作用产生潮汐现象、明亮的辉光、环绕地球、表面缺乏大气层、没有云彩、对地球海洋潮汐有至关重要的作用、对生物节律有深远影响、对天文研究和宇宙探索有重要意义。这些特征与月球相符。

不一致之处在于：

- 玩家2的描述中提到了“红色的天体”，这是与月球不符的特征，因为月球不是红色的。
- 玩家1、玩家3和玩家4的描述都指向了月球，而玩家2的描述指向了火星。

因此，玩家2的描述与其他玩家的描述存在不一致之处，这可能是他作为卧底的一个线索。
2024-12-13 10:22:21,416 - 2 - INFO - **********JUDGER**********
你刚刚的分析是根据上述描述，我们可以比较每位玩家的描述以找出不一致之处：

- 玩家1的描述强调了天体的美丽、周期性、圆润形状、表面光滑无云、对地球的影响、环绕地球、表面神秘、光芒柔和稳定、探索宇宙的窗口、历法和天文学研究的基础。这些特征与月球相符。

- 玩家2的描述提到了天体是红色的、位于太阳系中、比地球稍大但质量较小、存在液态水、表面有火山和峡谷、轨道周期较长、距离地球较远、红色色调、直径和质量小于地球、气候极端、季节变化、表面温度变化剧烈、过去可能有过液态水。这些特征与火星相符。

- 玩家3的描述提到了天体在夜空中明亮、是地球的卫星、对地球潮汐有显著影响、稳定的轨道、规律的运动、对地球生态环境和天文观测有作用、表面平滑、没有大气层、运动轨迹稳定、环绕地球旋转、对地球潮汐模式有重要影响、对生物节律有影响。这些特征与月球相符。

- 玩家4的描述提到了天体在夜空中常见、表面覆盖岩石和尘埃、是地球的天然卫星、对地球引力作用产生潮汐现象、明亮的辉光、环绕地球、表面缺乏大气层、没有云彩、对地球海洋潮汐有至关重要的作用、对生物节律有深远影响、对天文研究和宇宙探索有重要意义。这些特征与月球相符。

不一致之处在于：

- 玩家2的描述中提到了“红色的天体”，这是与月球不符的特征，因为月球不是红色的。
- 玩家1、玩家3和玩家4的描述都指向了月球，而玩家2的描述指向了火星。

因此，玩家2的描述与其他玩家的描述存在不一致之处，这可能是他作为卧底的一个线索。|| 请通过你分析的不一致之处，推断卧底身份，注意，这局游戏的词语分类为<天文>，卧底词和平民词都属于该类。
2024-12-13 10:22:22,810 - 2 - INFO - **********PLAYER2**********
2
2024-12-13 10:22:22,811 - 2 - INFO - **********JUDGER**********
你刚刚的推断是2|| 基于你刚刚的推断得出你的最终结论，请输出你认为的卧底，在这种情况下只需要输出编号，是1-4中的某个数字，不要输出其他信息。在这个过程不要进行任何推理，只对||以前的部分进行信息提取
2024-12-13 10:22:24,201 - 2 - INFO - **********PLAYER2**********
2
2024-12-13 10:22:24,203 - 2 - INFO - **********JUDGER**********
你认为卧底是你自己。你现在需要随便选一个人投票。请输出一个数字，是1-4中的某个数字，但这个数字不能是2，不要输出其他信息。
2024-12-13 10:22:26,660 - 2 - INFO - **********PLAYER2**********
玩家2说：这是一个红色的天体，位于太阳系中，比地球稍大，但质量较小。它在该类（天文）中最突出的不同特征是它是太阳系中唯一已知存在液态水的行星。
2024-12-13 10:22:26,661 - 2 - WARNING - Invalid vote: 玩家2说：这是一个红色的天体，位于太阳系中，比地球稍大，但质量较小。它在该类（天文）中最突出的不同特征是它是太阳系中唯一已知存在液态水的行星。. Asking again.
2024-12-13 10:22:26,662 - 2 - INFO - **********JUDGER**********
你认为卧底是你自己。你现在需要随便选一个人投票。请输出一个数字，是1-4中的某个数字，但这个数字不能是2，不要输出其他信息。
2024-12-13 10:22:28,201 - 2 - INFO - **********PLAYER2**********
3
