2024-12-13 10:17:10,382 - 3 - INFO - **********JUDGER**********
让我们来玩一个叫做<谁是卧底>的推理游戏。基本规则：<人数>：4人。<角色分配>：每位玩家随机抽取一个词语，3名玩家拿到的词语是相同的（平民词），1名玩家拿到与之相近但不同的词语（卧底词）。<游戏流程>：1、玩家轮流描述自己的词语，但<不能>直接说出词语本身。2、描述完毕后，投票选出最像卧底的玩家。3、每轮结束后，被投票选出的玩家出局，不能再进行描述或投票。4、每轮投票结束后，如果卧底被成功找出，平民方获胜；如果卧底未被找出且卧底人数等于或超过平民人数，则卧底方获胜。你将扮演一个<玩家>，请等待你被分配到的关键词。如果你听懂了，只回答，"好的，我准备好参加游戏了"，不要输出别的信息
2024-12-13 10:17:11,016 - 3 - INFO - **********PLAYER3**********
好的，我准备好参加游戏了
2024-12-13 10:17:16,363 - 3 - INFO - **********JUDGER**********
玩家1说：这是一个美丽的自然现象，夜晚时在天空中的明亮亮点。在所有天文现象中，它以其周期性出现和圆润的形状而最为突出。玩家2说：这是一个红色的天体，位于太阳系中，比地球稍大，但质量较小。它在该类（天文）中最突出的不同特征是它是太阳系中唯一已知存在液态水的行星。玩家3说：玩家4说：|| 你是第3号玩家，你的关键词是<月亮>。你的回答中绝对不能包含你的关键词<月亮>。这是第一轮描述，不需要分析||之前别的玩家的描述，请你描述关键词基本特征，注意，这局游戏的词语分类为<天文>，卧底词和平民词都属于该类，描述包括以下两点，1.他的基本特征是什么2.他在该类（天文）中最突出不同的特征是什么，尽量简短
2024-12-13 10:17:18,752 - 3 - INFO - **********PLAYER3**********
这是一个天体，通常在夜空中明亮且易于观测。它在该类（天文）中最突出的不同特征是它是地球的卫星，对地球的潮汐有显著影响。
2024-12-13 10:18:04,620 - 3 - INFO - **********JUDGER**********
玩家1说：这是一个美丽的自然现象，夜晚时在天空中的明亮亮点。在所有天文现象中，它以其周期性出现和圆润的形状而最为突出。玩家2说：这是一个红色的天体，位于太阳系中，比地球稍大，但质量较小。它在该类（天文）中最突出的不同特征是它是太阳系中唯一已知存在液态水的行星。玩家3说：这是一个天体，通常在夜空中明亮且易于观测。它在该类（天文）中最突出的不同特征是它是地球的卫星，对地球的潮汐有显著影响。玩家4说：||在这个游戏中，我们需要通过分析每位玩家的描述来找出卧底。通常，平民的描述会围绕相同的词语展开，而卧底的描述可能会因为词语的不同而显得不太一致。我们需要仔细比较每个描述之间的相似性和差异性，以找出可能的卧底，注意，卧底并不会隐藏自己，他会直接描述他的词语，现在，逐一分析每个玩家的描述，注意，这局游戏的词语分类为<天文>，卧底词和平民词都属于该类。这是第一轮描述。
2024-12-13 10:18:10,277 - 3 - INFO - **********PLAYER3**********
玩家1和玩家3的描述非常相似，都提到了夜空中明亮且易于观测的天体，以及它对地球潮汐的影响，这表明他们可能是平民，因为他们的描述集中在同一个词语上。

玩家2的描述提到了一个红色的天体，位于太阳系中，比地球稍大但质量较小，并且是太阳系中唯一已知存在液态水的行星。这个描述与玩家1和玩家3的描述有所不同，因为它提到了液态水的存在，这与地球的卫星（月亮）不符。

玩家4的描述没有给出具体的特征，只是说这是一个天体，并且提到了它在该类（天文）中最突出的不同特征是它是地球的卫星，对地球的潮汐有显著影响。这个描述与玩家1和玩家3的描述相似，但与玩家2的描述存在差异。

综合分析，玩家2的描述与玩家1和玩家3的描述不一致，而且提供了与月亮不匹配的信息，因此玩家2可能是卧底。
2024-12-13 10:18:10,280 - 3 - INFO - **********JUDGER**********
你刚刚的分析是玩家1和玩家3的描述非常相似，都提到了夜空中明亮且易于观测的天体，以及它对地球潮汐的影响，这表明他们可能是平民，因为他们的描述集中在同一个词语上。

玩家2的描述提到了一个红色的天体，位于太阳系中，比地球稍大但质量较小，并且是太阳系中唯一已知存在液态水的行星。这个描述与玩家1和玩家3的描述有所不同，因为它提到了液态水的存在，这与地球的卫星（月亮）不符。

玩家4的描述没有给出具体的特征，只是说这是一个天体，并且提到了它在该类（天文）中最突出的不同特征是它是地球的卫星，对地球的潮汐有显著影响。这个描述与玩家1和玩家3的描述相似，但与玩家2的描述存在差异。

综合分析，玩家2的描述与玩家1和玩家3的描述不一致，而且提供了与月亮不匹配的信息，因此玩家2可能是卧底。|| `请根据上述分析，比较描述以找出不一致之处，注意，这局游戏的词语分类为<天文>，卧底词和平民词都属于该类。
2024-12-13 10:18:19,397 - 3 - INFO - **********PLAYER3**********
根据上述分析，以下是不一致之处：

1. 玩家1和玩家3的描述都指向了“夜空中明亮且易于观测的天体”，并提到了“对地球的潮汐有显著影响”，这表明他们的描述可能是围绕同一个词语“月亮”展开的。

2. 玩家2的描述提到了一个“红色的天体”，这是与“月亮”不符的特征，因为月亮通常不被描述为红色。此外，玩家2还提到了这个天体“位于太阳系中，比地球稍大但质量较小”，并且是“太阳系中唯一已知存在液态水的行星”，这些特征也与“月亮”不符。

3. 玩家4的描述虽然也提到了“夜空中明亮且易于观测的天体”，并且提到了“它是地球的卫星，对地球的潮汐有显著影响”，但没有提到任何颜色或其他特征，这与玩家1和玩家3的描述在特征上的一致性，但在细节上的缺失，可能表明玩家4是平民，或者是与玩家1和玩家3相同词语的平民。

因此，不一致之处在于玩家2的描述提供了与“月亮”不符的特征，而玩家1、玩家3和玩家4的描述在特征上更一致，指向了“月亮”这个词语。这表明玩家2可能是卧底。
2024-12-13 10:18:19,398 - 3 - INFO - **********JUDGER**********
你刚刚的分析是根据上述分析，以下是不一致之处：

1. 玩家1和玩家3的描述都指向了“夜空中明亮且易于观测的天体”，并提到了“对地球的潮汐有显著影响”，这表明他们的描述可能是围绕同一个词语“月亮”展开的。

2. 玩家2的描述提到了一个“红色的天体”，这是与“月亮”不符的特征，因为月亮通常不被描述为红色。此外，玩家2还提到了这个天体“位于太阳系中，比地球稍大但质量较小”，并且是“太阳系中唯一已知存在液态水的行星”，这些特征也与“月亮”不符。

3. 玩家4的描述虽然也提到了“夜空中明亮且易于观测的天体”，并且提到了“它是地球的卫星，对地球的潮汐有显著影响”，但没有提到任何颜色或其他特征，这与玩家1和玩家3的描述在特征上的一致性，但在细节上的缺失，可能表明玩家4是平民，或者是与玩家1和玩家3相同词语的平民。

因此，不一致之处在于玩家2的描述提供了与“月亮”不符的特征，而玩家1、玩家3和玩家4的描述在特征上更一致，指向了“月亮”这个词语。这表明玩家2可能是卧底。|| 请通过你分析的不一致之处，推断卧底身份，注意，这局游戏的词语分类为<天文>，卧底词和平民词都属于该类。
2024-12-13 10:18:26,391 - 3 - INFO - **********PLAYER3**********
根据分析的不一致之处，可以推断出以下结论：

- 玩家1和玩家3的描述指向了“月亮”，这是地球的卫星，对地球的潮汐有显著影响，且在夜空中明亮且易于观测。
- 玩家4的描述虽然也指向了“月亮”，但没有提供额外的颜色或其他特征，与玩家1和玩家3的描述在特征上保持一致。
- 玩家2的描述提到了一个“红色的天体”，这不符合“月亮”的特征，因为月亮不是红色的。此外，玩家2还描述了天体“位于太阳系中，比地球稍大但质量较小”，并且是“太阳系中唯一已知存在液态水的行星”，这些特征也与“月亮”不符。

由于游戏词语分类为《天文》，且卧底词和平民词都属于该类，而玩家2的描述与“月亮”的特征明显不符，指向了一个完全不同的天体――火星（红色行星，太阳系中唯一已知存在液态水的行星之一）。因此，根据描述的不一致性和对天文知识的理解，玩家2很可能是卧底。
2024-12-13 10:18:26,392 - 3 - INFO - **********JUDGER**********
你刚刚的推断是根据分析的不一致之处，可以推断出以下结论：

- 玩家1和玩家3的描述指向了“月亮”，这是地球的卫星，对地球的潮汐有显著影响，且在夜空中明亮且易于观测。
- 玩家4的描述虽然也指向了“月亮”，但没有提供额外的颜色或其他特征，与玩家1和玩家3的描述在特征上保持一致。
- 玩家2的描述提到了一个“红色的天体”，这不符合“月亮”的特征，因为月亮不是红色的。此外，玩家2还描述了天体“位于太阳系中，比地球稍大但质量较小”，并且是“太阳系中唯一已知存在液态水的行星”，这些特征也与“月亮”不符。

由于游戏词语分类为《天文》，且卧底词和平民词都属于该类，而玩家2的描述与“月亮”的特征明显不符，指向了一个完全不同的天体――火星（红色行星，太阳系中唯一已知存在液态水的行星之一）。因此，根据描述的不一致性和对天文知识的理解，玩家2很可能是卧底。|| 基于你刚刚的推断得出你的最终结论，请输出你认为的卧底，在这种情况下只需要输出编号，是1-4中的某个数字，不要输出其他信息。在这个过程不要进行任何推理，只对||以前的部分进行信息提取
2024-12-13 10:18:26,865 - 3 - INFO - **********PLAYER3**********
2
2024-12-13 10:18:53,093 - 3 - INFO - **********JUDGER**********
玩家1说：这是一个美丽的自然现象，夜晚时在天空中的明亮亮点。在所有天文现象中，它以其周期性出现和圆润的形状而最为突出。它是一颗在夜空中静静地悬挂的天体，它的表面光滑且无云，常常作为人类观赏宇宙的天然望远镜。它的影响力远远超出了它的体积，它的存在对地球的生态环境和人类的文化有着深远的影响。玩家2说：这是一个红色的天体，位于太阳系中，比地球稍大，但质量较小。它在该类（天文）中最突出的不同特征是它是太阳系中唯一已知存在液态水的行星。这颗天体在夜空中引人注目，它的表面有着明显的特征，如火山和峡谷，它的轨道周期较长，且它距离地球较远，这使得它成为了太阳系中一个独特的观测对象。它的颜色和形状在夜空中格外醒目，吸引着人们的目光。玩家3说：这是一个天体，通常在夜空中明亮且易于观测。它在该类（天文）中最突出的不同特征是它是地球的卫星，对地球的潮汐有显著影响。玩家4说：这是一个夜空中常见的天体，表面覆盖着岩石和尘埃。它在该类（天文）中最突出的不同特征是它是地球的天然卫星，对地球的引力作用产生了潮汐现象。你是第3号玩家，你的关键词是<月亮>。你的回答中绝对不能包含你的关键词<月亮>。这是第二轮描述，你之前的描述是这是一个天体，通常在夜空中明亮且易于观测。它在该类（天文）中最突出的不同特征是它是地球的卫星，对地球的潮汐有显著影响。，注意，这局游戏的词语分类为<天文>，卧底词和平民词都属于该类，请你补充关于关键词的描述，注意，你的描述应该比起之前的描述更加贴近关键词，作为之前的补充
2024-12-13 10:18:58,541 - 3 - INFO - **********PLAYER3**********
这颗天体在夜空中显得格外明亮，它以其稳定的轨道和规律的运动著称。它对地球的生态环境和天文观测有着不可忽视的作用，经常被用作天文学研究的对象。它的表面特征虽然不像其他行星那样复杂，但它的存在对地球的潮汐现象有着决定性的影响。
2024-12-13 10:20:19,842 - 3 - INFO - **********JUDGER**********
玩家1说：这是一个美丽的自然现象，夜晚时在天空中的明亮亮点。在所有天文现象中，它以其周期性出现和圆润的形状而最为突出。它是一颗在夜空中静静地悬挂的天体，它的表面光滑且无云，常常作为人类观赏宇宙的天然望远镜。它的影响力远远超出了它的体积，它的存在对地球的生态环境和人类的文化有着深远的影响。玩家2说：这是一个红色的天体，位于太阳系中，比地球稍大，但质量较小。它在该类（天文）中最突出的不同特征是它是太阳系中唯一已知存在液态水的行星。这颗天体在夜空中引人注目，它的表面有着明显的特征，如火山和峡谷，它的轨道周期较长，且它距离地球较远，这使得它成为了太阳系中一个独特的观测对象。它的颜色和形状在夜空中格外醒目，吸引着人们的目光。玩家3说：这是一个天体，通常在夜空中明亮且易于观测。它在该类（天文）中最突出的不同特征是它是地球的卫星，对地球的潮汐有显著影响。这颗天体在夜空中显得格外明亮，它以其稳定的轨道和规律的运动著称。它对地球的生态环境和天文观测有着不可忽视的作用，经常被用作天文学研究的对象。它的表面特征虽然不像其他行星那样复杂，但它的存在对地球的潮汐现象有着决定性的影响。玩家4说：这是一个夜空中常见的天体，表面覆盖着岩石和尘埃。它在该类（天文）中最突出的不同特征是它是地球的天然卫星，对地球的引力作用产生了潮汐现象。||在这个游戏中，我们需要通过分析每位玩家的描述来找出卧底。通常，平民的描述会围绕相同的词语展开，而卧底的描述可能会因为词语的不同而显得不太一致。我们需要仔细比较每个描述之间的相似性和差异性，以找出可能的卧底，注意，卧底并不会隐藏自己，他会直接描述他的词语，现在，逐一分析每个玩家的描述，注意，这局游戏的词语分类为<天文>，卧底词和平民词都属于该类。||之前是第2轮描述和之前轮数描述的合集。你之前认为的卧底是玩家2。
2024-12-13 10:20:28,664 - 3 - INFO - **********PLAYER3**********
根据第二轮描述和之前的描述，以下是对每位玩家描述的分析：

- 玩家1的描述强调了天体的美丽、周期性、圆润形状、表面光滑无云，以及它对人类文化和生态环境的影响。这些特征与月亮相符，但描述中提到的“常常作为人类观赏宇宙的天然望远镜”可能指向其他天体，如地球本身。
- 玩家2的描述提到了一个红色的天体，位于太阳系中，比地球稍大但质量较小，存在液态水，表面有火山和峡谷，轨道周期较长，距离地球较远。这些特征与火星相符，而非月亮。
- 玩家3的描述与第一轮描述相似，强调了天体的明亮、稳定轨道、规律运动，对地球生态环境和天文观测的作用，以及表面特征的简单性。这与月亮的特征相符。
- 玩家4的描述提到了天体表面覆盖着岩石和尘埃，是地球的天然卫星，对地球的引力作用产生潮汐现象。这些特征也与月亮相符。

综合分析，玩家2的描述与月亮的特征不符，而是指向了火星。因此，基于描述的不一致性和对天文知识的理解，玩家2仍然可能是卧底。其他玩家的描述与月亮的特征更为一致。
2024-12-13 10:20:28,666 - 3 - INFO - **********JUDGER**********
你刚刚的分析是根据第二轮描述和之前的描述，以下是对每位玩家描述的分析：

- 玩家1的描述强调了天体的美丽、周期性、圆润形状、表面光滑无云，以及它对人类文化和生态环境的影响。这些特征与月亮相符，但描述中提到的“常常作为人类观赏宇宙的天然望远镜”可能指向其他天体，如地球本身。
- 玩家2的描述提到了一个红色的天体，位于太阳系中，比地球稍大但质量较小，存在液态水，表面有火山和峡谷，轨道周期较长，距离地球较远。这些特征与火星相符，而非月亮。
- 玩家3的描述与第一轮描述相似，强调了天体的明亮、稳定轨道、规律运动，对地球生态环境和天文观测的作用，以及表面特征的简单性。这与月亮的特征相符。
- 玩家4的描述提到了天体表面覆盖着岩石和尘埃，是地球的天然卫星，对地球的引力作用产生潮汐现象。这些特征也与月亮相符。

综合分析，玩家2的描述与月亮的特征不符，而是指向了火星。因此，基于描述的不一致性和对天文知识的理解，玩家2仍然可能是卧底。其他玩家的描述与月亮的特征更为一致。|| `请根据上述分析，比较描述以找出不一致之处，注意，这局游戏的词语分类为<天文>，卧底词和平民词都属于该类。
2024-12-13 10:20:37,716 - 3 - INFO - **********PLAYER3**********
根据上述分析，以下是不一致之处：

1. 玩家1的描述虽然与月亮的特征相符，但提到“常常作为人类观赏宇宙的天然望远镜”，这个特征并不是月亮独有的，因为地球本身也可以被看作是观察宇宙的“望远镜”。

2. 玩家2的描述明确指向了火星，因为它提到了“红色的天体”、“存在液态水”、“表面有火山和峡谷”、“轨道周期较长，距离地球较远”等特征，这些都是火星的显著特征，而非月亮。

3. 玩家3的描述与第一轮相同，强调了月亮的明亮、稳定轨道、规律运动，以及对地球潮汐的影响，这些特征与月亮相符。

4. 玩家4的描述也提到了月亮的特征，如表面覆盖岩石和尘埃、是地球的天然卫星、对地球的引力作用产生潮汐现象。

因此，不一致之处在于玩家2的描述与月亮的特征不符，而是指向了火星，这与游戏规则中词语分类为《天文》且卧底词和平民词都属于该类的规定相违背。这表明玩家2的描述可能是不一致的，因此玩家2可能是卧底。
2024-12-13 10:20:37,719 - 3 - INFO - **********JUDGER**********
你刚刚的分析是根据上述分析，以下是不一致之处：

1. 玩家1的描述虽然与月亮的特征相符，但提到“常常作为人类观赏宇宙的天然望远镜”，这个特征并不是月亮独有的，因为地球本身也可以被看作是观察宇宙的“望远镜”。

2. 玩家2的描述明确指向了火星，因为它提到了“红色的天体”、“存在液态水”、“表面有火山和峡谷”、“轨道周期较长，距离地球较远”等特征，这些都是火星的显著特征，而非月亮。

3. 玩家3的描述与第一轮相同，强调了月亮的明亮、稳定轨道、规律运动，以及对地球潮汐的影响，这些特征与月亮相符。

4. 玩家4的描述也提到了月亮的特征，如表面覆盖岩石和尘埃、是地球的天然卫星、对地球的引力作用产生潮汐现象。

因此，不一致之处在于玩家2的描述与月亮的特征不符，而是指向了火星，这与游戏规则中词语分类为《天文》且卧底词和平民词都属于该类的规定相违背。这表明玩家2的描述可能是不一致的，因此玩家2可能是卧底。|| 请通过你分析的不一致之处，推断卧底身份，注意，这局游戏的词语分类为<天文>，卧底词和平民词都属于该类。
2024-12-13 10:20:40,360 - 3 - INFO - **********PLAYER3**********
2
2024-12-13 10:20:40,360 - 3 - INFO - **********JUDGER**********
你刚刚的推断是2|| 基于你刚刚的推断得出你的最终结论，请输出你认为的卧底，在这种情况下只需要输出编号，是1-4中的某个数字，不要输出其他信息。在这个过程不要进行任何推理，只对||以前的部分进行信息提取
2024-12-13 10:20:41,481 - 3 - INFO - **********PLAYER3**********
2
2024-12-13 10:21:24,786 - 3 - INFO - **********JUDGER**********
玩家1说：这是一个美丽的自然现象，夜晚时在天空中的明亮亮点。在所有天文现象中，它以其周期性出现和圆润的形状而最为突出。它是一颗在夜空中静静地悬挂的天体，它的表面光滑且无云，常常作为人类观赏宇宙的天然望远镜。它的影响力远远超出了它的体积，它的存在对地球的生态环境和人类的文化有着深远的影响。它是一轮又一轮地环绕地球的天体，它的表面充满了神秘和未知，是地球上夜空中最引人注目的自然现象之一。它的光芒柔和而稳定，为人类提供了探索宇宙的窗口，它的周期性运动和相位变化是人类历法和天文学研究的基础。玩家2说：这是一个红色的天体，位于太阳系中，比地球稍大，但质量较小。它在该类（天文）中最突出的不同特征是它是太阳系中唯一已知存在液态水的行星。这颗天体在夜空中引人注目，它的表面有着明显的特征，如火山和峡谷，它的轨道周期较长，且它距离地球较远，这使得它成为了太阳系中一个独特的观测对象。它的颜色和形状在夜空中格外醒目，吸引着人们的目光。这颗天体在夜空中以其独特的红色色调而闻名，它位于太阳系内，是一颗直径和质量均小于地球的行星。它的表面被火山和峡谷所覆盖，形成了多样的地形特征。这颗天体的轨道周期较长，且它距离地球较远，这使得它在夜空中显得特别明亮。它的气候极端，有着显著的季节变化，且表面温度变化剧烈。尽管它目前没有液态水存在，但科学家们推测在过去可能有过液态水的迹象，这让它成为了天文学和行星科学研究的焦点之一。玩家3说：这是一个天体，通常在夜空中明亮且易于观测。它在该类（天文）中最突出的不同特征是它是地球的卫星，对地球的潮汐有显著影响。这颗天体在夜空中显得格外明亮，它以其稳定的轨道和规律的运动著称。它对地球的生态环境和天文观测有着不可忽视的作用，经常被用作天文学研究的对象。它的表面特征虽然不像其他行星那样复杂，但它的存在对地球的潮汐现象有着决定性的影响。玩家4说：这是一个夜空中常见的天体，表面覆盖着岩石和尘埃。它在该类（天文）中最突出的不同特征是它是地球的天然卫星，对地球的引力作用产生了潮汐现象。这颗天体在夜空中以其明亮的辉光而著称，它通常在夜晚的星空下高悬，成为人们仰视的对象。它对地球的引力影响显著，不仅塑造了地球的海洋形态，还对地球上的生物节律有着重要影响。它的表面虽然未经雕琢，但它的存在对人类探索宇宙奥秘有着不可替代的价值。你是第3号玩家，你的关键词是<月亮>。你的回答中绝对不能包含你的关键词<月亮>。这是第三轮描述，你之前的描述是这是一个天体，通常在夜空中明亮且易于观测。它在该类（天文）中最突出的不同特征是它是地球的卫星，对地球的潮汐有显著影响。和这颗天体在夜空中显得格外明亮，它以其稳定的轨道和规律的运动著称。它对地球的生态环境和天文观测有着不可忽视的作用，经常被用作天文学研究的对象。它的表面特征虽然不像其他行星那样复杂，但它的存在对地球的潮汐现象有着决定性的影响。，注意，这局游戏的词语分类为<天文>，卧底词和平民词都属于该类，请你补充关于关键词的描述，注意，你的描述应该比起之前的描述更加贴近关键词，作为之前的补充
2024-12-13 10:21:27,993 - 3 - INFO - **********PLAYER3**********
这颗天体在夜空中明亮，是地球的近邻，它的表面平滑，没有大气层，因此不会出现云彩。它的运动轨迹稳定，环绕地球旋转，它的存在对地球的潮汐模式有着重要影响，是地球上许多海洋和生物节律的调控因素之一。
2024-12-13 10:22:28,202 - 3 - INFO - **********JUDGER**********
玩家1说：这是一个美丽的自然现象，夜晚时在天空中的明亮亮点。在所有天文现象中，它以其周期性出现和圆润的形状而最为突出。它是一颗在夜空中静静地悬挂的天体，它的表面光滑且无云，常常作为人类观赏宇宙的天然望远镜。它的影响力远远超出了它的体积，它的存在对地球的生态环境和人类的文化有着深远的影响。它是一轮又一轮地环绕地球的天体，它的表面充满了神秘和未知，是地球上夜空中最引人注目的自然现象之一。它的光芒柔和而稳定，为人类提供了探索宇宙的窗口，它的周期性运动和相位变化是人类历法和天文学研究的基础。玩家2说：这是一个红色的天体，位于太阳系中，比地球稍大，但质量较小。它在该类（天文）中最突出的不同特征是它是太阳系中唯一已知存在液态水的行星。这颗天体在夜空中引人注目，它的表面有着明显的特征，如火山和峡谷，它的轨道周期较长，且它距离地球较远，这使得它成为了太阳系中一个独特的观测对象。它的颜色和形状在夜空中格外醒目，吸引着人们的目光。这颗天体在夜空中以其独特的红色色调而闻名，它位于太阳系内，是一颗直径和质量均小于地球的行星。它的表面被火山和峡谷所覆盖，形成了多样的地形特征。这颗天体的轨道周期较长，且它距离地球较远，这使得它在夜空中显得特别明亮。它的气候极端，有着显著的季节变化，且表面温度变化剧烈。尽管它目前没有液态水存在，但科学家们推测在过去可能有过液态水的迹象，这让它成为了天文学和行星科学研究的焦点之一。玩家3说：这是一个天体，通常在夜空中明亮且易于观测。它在该类（天文）中最突出的不同特征是它是地球的卫星，对地球的潮汐有显著影响。这颗天体在夜空中显得格外明亮，它以其稳定的轨道和规律的运动著称。它对地球的生态环境和天文观测有着不可忽视的作用，经常被用作天文学研究的对象。它的表面特征虽然不像其他行星那样复杂，但它的存在对地球的潮汐现象有着决定性的影响。这颗天体在夜空中明亮，是地球的近邻，它的表面平滑，没有大气层，因此不会出现云彩。它的运动轨迹稳定，环绕地球旋转，它的存在对地球的潮汐模式有着重要影响，是地球上许多海洋和生物节律的调控因素之一。玩家4说：这是一个夜空中常见的天体，表面覆盖着岩石和尘埃。它在该类（天文）中最突出的不同特征是它是地球的天然卫星，对地球的引力作用产生了潮汐现象。这颗天体在夜空中以其明亮的辉光而著称，它通常在夜晚的星空下高悬，成为人们仰视的对象。它对地球的引力影响显著，不仅塑造了地球的海洋形态，还对地球上的生物节律有着重要影响。它的表面虽然未经雕琢，但它的存在对人类探索宇宙奥秘有着不可替代的价值。这颗天体在夜空中以其独特的亮度和稳定性著称，它环绕地球的轨迹几乎完美无缺，它的表面缺乏大气层，因此没有云彩，这使得它成为夜空中一个清晰可见的标志。它的存在对地球的海洋潮汐有着至关重要的作用，这种引力作用不仅影响了海洋，也对地球上的生物节律产生了深远的影响。尽管它的表面特征相对简单，但它的存在对人类的天文研究和宇宙探索具有重要意义。||在这个游戏中，我们需要通过分析每位玩家的描述来找出卧底。通常，平民的描述会围绕相同的词语展开，而卧底的描述可能会因为词语的不同而显得不太一致。我们需要仔细比较每个描述之间的相似性和差异性，以找出可能的卧底，注意，卧底并不会隐藏自己，他会直接描述他的词语，现在，逐一分析每个玩家的描述，注意，这局游戏的词语分类为<天文>，卧底词和平民词都属于该类。||之前是第3轮描述和之前轮数描述的合集。你之前认为的卧底是玩家2。
2024-12-13 10:22:34,082 - 3 - INFO - **********PLAYER3**********
玩家1的描述强调了天体的周期性、圆润形状、表面光滑无云，以及它对人类文化和生态环境的影响，这些特征与月亮相符。

玩家2的描述提到了一个红色的天体，位于太阳系中，比地球稍大但质量较小，存在液态水，表面有火山和峡谷，轨道周期较长，距离地球较远，这些特征与火星相符。

玩家3的描述与第一轮描述相似，强调了天体的明亮、稳定轨道、规律运动，对地球潮汐的影响，这些特征与月亮相符。

玩家4的描述提到了天体表面覆盖着岩石和尘埃，是地球的天然卫星，对地球的引力作用产生潮汐现象，这些特征也与月亮相符。

综合分析，玩家2的描述与月亮的特征不符，而是指向了火星。因此，基于描述的不一致性和对天文知识的理解，玩家2仍然可能是卧底。其他玩家的描述与月亮的特征更为一致。
2024-12-13 10:22:34,084 - 3 - INFO - **********JUDGER**********
你刚刚的分析是玩家1的描述强调了天体的周期性、圆润形状、表面光滑无云，以及它对人类文化和生态环境的影响，这些特征与月亮相符。

玩家2的描述提到了一个红色的天体，位于太阳系中，比地球稍大但质量较小，存在液态水，表面有火山和峡谷，轨道周期较长，距离地球较远，这些特征与火星相符。

玩家3的描述与第一轮描述相似，强调了天体的明亮、稳定轨道、规律运动，对地球潮汐的影响，这些特征与月亮相符。

玩家4的描述提到了天体表面覆盖着岩石和尘埃，是地球的天然卫星，对地球的引力作用产生潮汐现象，这些特征也与月亮相符。

综合分析，玩家2的描述与月亮的特征不符，而是指向了火星。因此，基于描述的不一致性和对天文知识的理解，玩家2仍然可能是卧底。其他玩家的描述与月亮的特征更为一致。|| `请根据上述分析，比较描述以找出不一致之处，注意，这局游戏的词语分类为<天文>，卧底词和平民词都属于该类。
2024-12-13 10:22:42,531 - 3 - INFO - **********PLAYER3**********
不一致之处如下：

1. 玩家2的描述中提到了“红色的天体”，而月亮通常不被描述为红色。

2. 玩家2的描述中提到了“存在液态水”，这与月亮不符，因为月亮上没有液态水。

3. 玩家2的描述中提到了“表面有火山和峡谷”，而月亮的表面主要是平坦的月海和环形山。

4. 玩家2的描述中提到了“轨道周期较长，且它距离地球较远”，这与月亮不符，因为月亮的轨道周期较短，且距离地球相对较近。

这些特征都与火星相符，而不是月亮。因此，玩家2的描述与月亮的特征不一致。
2024-12-13 10:22:42,532 - 3 - INFO - **********JUDGER**********
你刚刚的分析是不一致之处如下：

1. 玩家2的描述中提到了“红色的天体”，而月亮通常不被描述为红色。

2. 玩家2的描述中提到了“存在液态水”，这与月亮不符，因为月亮上没有液态水。

3. 玩家2的描述中提到了“表面有火山和峡谷”，而月亮的表面主要是平坦的月海和环形山。

4. 玩家2的描述中提到了“轨道周期较长，且它距离地球较远”，这与月亮不符，因为月亮的轨道周期较短，且距离地球相对较近。

这些特征都与火星相符，而不是月亮。因此，玩家2的描述与月亮的特征不一致。|| 请通过你分析的不一致之处，推断卧底身份，注意，这局游戏的词语分类为<天文>，卧底词和平民词都属于该类。
2024-12-13 10:22:44,620 - 3 - INFO - **********PLAYER3**********
2
2024-12-13 10:22:44,621 - 3 - INFO - **********JUDGER**********
你刚刚的推断是2|| 基于你刚刚的推断得出你的最终结论，请输出你认为的卧底，在这种情况下只需要输出编号，是1-4中的某个数字，不要输出其他信息。在这个过程不要进行任何推理，只对||以前的部分进行信息提取
2024-12-13 10:22:45,665 - 3 - INFO - **********PLAYER3**********
2
