2024-12-13 10:17:11,986 - 4 - INFO - **********JUDGER**********
让我们来玩一个叫做<谁是卧底>的推理游戏。基本规则：<人数>：4人。<角色分配>：每位玩家随机抽取一个词语，3名玩家拿到的词语是相同的（平民词），1名玩家拿到与之相近但不同的词语（卧底词）。<游戏流程>：1、玩家轮流描述自己的词语，但<不能>直接说出词语本身。2、描述完毕后，投票选出最像卧底的玩家。3、每轮结束后，被投票选出的玩家出局，不能再进行描述或投票。4、每轮投票结束后，如果卧底被成功找出，平民方获胜；如果卧底未被找出且卧底人数等于或超过平民人数，则卧底方获胜。你将扮演一个<玩家>，请等待你被分配到的关键词。如果你听懂了，只回答，"好的，我准备好参加游戏了"，不要输出别的信息
2024-12-13 10:17:12,513 - 4 - INFO - **********PLAYER4**********
好的，我准备好参加游戏了
2024-12-13 10:17:18,754 - 4 - INFO - **********JUDGER**********
玩家1说：这是一个美丽的自然现象，夜晚时在天空中的明亮亮点。在所有天文现象中，它以其周期性出现和圆润的形状而最为突出。玩家2说：这是一个红色的天体，位于太阳系中，比地球稍大，但质量较小。它在该类（天文）中最突出的不同特征是它是太阳系中唯一已知存在液态水的行星。玩家3说：这是一个天体，通常在夜空中明亮且易于观测。它在该类（天文）中最突出的不同特征是它是地球的卫星，对地球的潮汐有显著影响。玩家4说：|| 你是第4号玩家，你的关键词是<月亮>。你的回答中绝对不能包含你的关键词<月亮>。这是第一轮描述，不需要分析||之前别的玩家的描述，请你描述关键词基本特征，注意，这局游戏的词语分类为<天文>，卧底词和平民词都属于该类，描述包括以下两点，1.他的基本特征是什么2.他在该类（天文）中最突出不同的特征是什么，尽量简短
2024-12-13 10:17:21,139 - 4 - INFO - **********PLAYER4**********
这是一个夜空中常见的天体，表面覆盖着岩石和尘埃。它在该类（天文）中最突出的不同特征是它是地球的天然卫星，对地球的引力作用产生了潮汐现象。
2024-12-13 10:18:26,866 - 4 - INFO - **********JUDGER**********
玩家1说：这是一个美丽的自然现象，夜晚时在天空中的明亮亮点。在所有天文现象中，它以其周期性出现和圆润的形状而最为突出。玩家2说：这是一个红色的天体，位于太阳系中，比地球稍大，但质量较小。它在该类（天文）中最突出的不同特征是它是太阳系中唯一已知存在液态水的行星。玩家3说：这是一个天体，通常在夜空中明亮且易于观测。它在该类（天文）中最突出的不同特征是它是地球的卫星，对地球的潮汐有显著影响。玩家4说：||在这个游戏中，我们需要通过分析每位玩家的描述来找出卧底。通常，平民的描述会围绕相同的词语展开，而卧底的描述可能会因为词语的不同而显得不太一致。我们需要仔细比较每个描述之间的相似性和差异性，以找出可能的卧底，注意，卧底并不会隐藏自己，他会直接描述他的词语，现在，逐一分析每个玩家的描述，注意，这局游戏的词语分类为<天文>，卧底词和平民词都属于该类。这是第一轮描述。
2024-12-13 10:18:31,098 - 4 - INFO - **********PLAYER4**********
玩家1的描述提到了周期性出现和圆润的形状，这与月亮或行星等天体特征相符，但没有明确指出是卫星。

玩家2的描述提到了红色的天体、液态水，这些特征指向了火星，但火星不是地球的卫星。

玩家3的描述强调了夜空中明亮且易于观测，以及它是地球的卫星和对地球潮汐的影响，这与月亮的特征非常吻合。

玩家4没有提供具体的描述，因此无法判断其描述与月亮或其他天体的相似性。

根据描述，玩家3的描述与月亮的特征最为相符，因此他可能是平民。玩家1和玩家2的描述则指向了不同的天体，其中玩家2的描述提到了液态水，这可能是火星的特征，而火星并不是地球的卫星，因此玩家2的描述可能更接近卧底词。玩家4没有提供描述，无法判断。需要进一步的信息来确定卧底。
2024-12-13 10:18:31,100 - 4 - INFO - **********JUDGER**********
你刚刚的分析是玩家1的描述提到了周期性出现和圆润的形状，这与月亮或行星等天体特征相符，但没有明确指出是卫星。

玩家2的描述提到了红色的天体、液态水，这些特征指向了火星，但火星不是地球的卫星。

玩家3的描述强调了夜空中明亮且易于观测，以及它是地球的卫星和对地球潮汐的影响，这与月亮的特征非常吻合。

玩家4没有提供具体的描述，因此无法判断其描述与月亮或其他天体的相似性。

根据描述，玩家3的描述与月亮的特征最为相符，因此他可能是平民。玩家1和玩家2的描述则指向了不同的天体，其中玩家2的描述提到了液态水，这可能是火星的特征，而火星并不是地球的卫星，因此玩家2的描述可能更接近卧底词。玩家4没有提供描述，无法判断。需要进一步的信息来确定卧底。|| `请根据上述分析，比较描述以找出不一致之处，注意，这局游戏的词语分类为<天文>，卧底词和平民词都属于该类。
2024-12-13 10:18:41,342 - 4 - INFO - **********PLAYER4**********
根据上述分析，我们可以比较描述中存在的不一致之处如下：

1. 玩家1的描述虽然提到了周期性出现和圆润的形状，但没有明确指出是卫星，这可能与月亮相符，但也可能与其他天体如行星相符。

2. 玩家2的描述提到了一个红色的天体，位于太阳系中，比地球稍大但质量较小，并且是太阳系中唯一已知存在液态水的行星。这些特征非常独特，指向了火星，而火星并不是地球的卫星，这与平民词“月亮”不符。

3. 玩家3的描述明确提到了一个天体是地球的卫星，并且对地球的潮汐有显著影响，这与月亮的特征非常吻合。

4. 玩家4没有提供具体的描述，因此无法直接比较。

不一致之处在于玩家2的描述与月亮这一平民词不符，因为火星不是地球的卫星。因此，玩家2的描述可能是基于卧底词，即火星。其他玩家的描述要么与月亮相符，要么没有提供足够的信息来排除或确认卧底。
2024-12-13 10:18:41,344 - 4 - INFO - **********JUDGER**********
你刚刚的分析是根据上述分析，我们可以比较描述中存在的不一致之处如下：

1. 玩家1的描述虽然提到了周期性出现和圆润的形状，但没有明确指出是卫星，这可能与月亮相符，但也可能与其他天体如行星相符。

2. 玩家2的描述提到了一个红色的天体，位于太阳系中，比地球稍大但质量较小，并且是太阳系中唯一已知存在液态水的行星。这些特征非常独特，指向了火星，而火星并不是地球的卫星，这与平民词“月亮”不符。

3. 玩家3的描述明确提到了一个天体是地球的卫星，并且对地球的潮汐有显著影响，这与月亮的特征非常吻合。

4. 玩家4没有提供具体的描述，因此无法直接比较。

不一致之处在于玩家2的描述与月亮这一平民词不符，因为火星不是地球的卫星。因此，玩家2的描述可能是基于卧底词，即火星。其他玩家的描述要么与月亮相符，要么没有提供足够的信息来排除或确认卧底。|| 请通过你分析的不一致之处，推断卧底身份，注意，这局游戏的词语分类为<天文>，卧底词和平民词都属于该类。
2024-12-13 10:18:45,287 - 4 - INFO - **********PLAYER4**********
根据上述分析的不一致之处，可以推断以下：

玩家2的描述提到了一个红色的天体，位于太阳系中，比地球稍大但质量较小，并且是太阳系中唯一已知存在液态水的行星。这些特征非常独特，指向了火星，而火星并不是地球的卫星。因此，玩家2的描述与平民词“月亮”不符，这强烈暗示玩家2可能是卧底，因为卧底词“火星”与玩家2的描述相符。

其他玩家的描述要么与月亮的特征非常吻合（玩家3），要么没有提供足够的信息来排除或确认卧底（玩家1和玩家4）。因此，基于描述的不一致性和独特性，玩家2最有可能是卧底。
2024-12-13 10:18:45,289 - 4 - INFO - **********JUDGER**********
你刚刚的推断是根据上述分析的不一致之处，可以推断以下：

玩家2的描述提到了一个红色的天体，位于太阳系中，比地球稍大但质量较小，并且是太阳系中唯一已知存在液态水的行星。这些特征非常独特，指向了火星，而火星并不是地球的卫星。因此，玩家2的描述与平民词“月亮”不符，这强烈暗示玩家2可能是卧底，因为卧底词“火星”与玩家2的描述相符。

其他玩家的描述要么与月亮的特征非常吻合（玩家3），要么没有提供足够的信息来排除或确认卧底（玩家1和玩家4）。因此，基于描述的不一致性和独特性，玩家2最有可能是卧底。|| 基于你刚刚的推断得出你的最终结论，请输出你认为的卧底，在这种情况下只需要输出编号，是1-4中的某个数字，不要输出其他信息。在这个过程不要进行任何推理，只对||以前的部分进行信息提取
2024-12-13 10:18:45,777 - 4 - INFO - **********PLAYER4**********
1
2024-12-13 10:18:58,541 - 4 - INFO - **********JUDGER**********
玩家1说：这是一个美丽的自然现象，夜晚时在天空中的明亮亮点。在所有天文现象中，它以其周期性出现和圆润的形状而最为突出。它是一颗在夜空中静静地悬挂的天体，它的表面光滑且无云，常常作为人类观赏宇宙的天然望远镜。它的影响力远远超出了它的体积，它的存在对地球的生态环境和人类的文化有着深远的影响。玩家2说：这是一个红色的天体，位于太阳系中，比地球稍大，但质量较小。它在该类（天文）中最突出的不同特征是它是太阳系中唯一已知存在液态水的行星。这颗天体在夜空中引人注目，它的表面有着明显的特征，如火山和峡谷，它的轨道周期较长，且它距离地球较远，这使得它成为了太阳系中一个独特的观测对象。它的颜色和形状在夜空中格外醒目，吸引着人们的目光。玩家3说：这是一个天体，通常在夜空中明亮且易于观测。它在该类（天文）中最突出的不同特征是它是地球的卫星，对地球的潮汐有显著影响。这颗天体在夜空中显得格外明亮，它以其稳定的轨道和规律的运动著称。它对地球的生态环境和天文观测有着不可忽视的作用，经常被用作天文学研究的对象。它的表面特征虽然不像其他行星那样复杂，但它的存在对地球的潮汐现象有着决定性的影响。玩家4说：这是一个夜空中常见的天体，表面覆盖着岩石和尘埃。它在该类（天文）中最突出的不同特征是它是地球的天然卫星，对地球的引力作用产生了潮汐现象。你是第4号玩家，你的关键词是<月亮>。你的回答中绝对不能包含你的关键词<月亮>。这是第二轮描述，你之前的描述是这是一个夜空中常见的天体，表面覆盖着岩石和尘埃。它在该类（天文）中最突出的不同特征是它是地球的天然卫星，对地球的引力作用产生了潮汐现象。，注意，这局游戏的词语分类为<天文>，卧底词和平民词都属于该类，请你补充关于关键词的描述，注意，你的描述应该比起之前的描述更加贴近关键词，作为之前的补充
2024-12-13 10:19:03,011 - 4 - INFO - **********PLAYER4**********
这颗天体在夜空中以其明亮的辉光而著称，它通常在夜晚的星空下高悬，成为人们仰视的对象。它对地球的引力影响显著，不仅塑造了地球的海洋形态，还对地球上的生物节律有着重要影响。它的表面虽然未经雕琢，但它的存在对人类探索宇宙奥秘有着不可替代的价值。
2024-12-13 10:20:41,482 - 4 - INFO - **********JUDGER**********
玩家1说：这是一个美丽的自然现象，夜晚时在天空中的明亮亮点。在所有天文现象中，它以其周期性出现和圆润的形状而最为突出。它是一颗在夜空中静静地悬挂的天体，它的表面光滑且无云，常常作为人类观赏宇宙的天然望远镜。它的影响力远远超出了它的体积，它的存在对地球的生态环境和人类的文化有着深远的影响。玩家2说：这是一个红色的天体，位于太阳系中，比地球稍大，但质量较小。它在该类（天文）中最突出的不同特征是它是太阳系中唯一已知存在液态水的行星。这颗天体在夜空中引人注目，它的表面有着明显的特征，如火山和峡谷，它的轨道周期较长，且它距离地球较远，这使得它成为了太阳系中一个独特的观测对象。它的颜色和形状在夜空中格外醒目，吸引着人们的目光。玩家3说：这是一个天体，通常在夜空中明亮且易于观测。它在该类（天文）中最突出的不同特征是它是地球的卫星，对地球的潮汐有显著影响。这颗天体在夜空中显得格外明亮，它以其稳定的轨道和规律的运动著称。它对地球的生态环境和天文观测有着不可忽视的作用，经常被用作天文学研究的对象。它的表面特征虽然不像其他行星那样复杂，但它的存在对地球的潮汐现象有着决定性的影响。玩家4说：这是一个夜空中常见的天体，表面覆盖着岩石和尘埃。它在该类（天文）中最突出的不同特征是它是地球的天然卫星，对地球的引力作用产生了潮汐现象。||在这个游戏中，我们需要通过分析每位玩家的描述来找出卧底。通常，平民的描述会围绕相同的词语展开，而卧底的描述可能会因为词语的不同而显得不太一致。我们需要仔细比较每个描述之间的相似性和差异性，以找出可能的卧底，注意，卧底并不会隐藏自己，他会直接描述他的词语，现在，逐一分析每个玩家的描述，注意，这局游戏的词语分类为<天文>，卧底词和平民词都属于该类。||之前是第2轮描述和之前轮数描述的合集。你之前认为的卧底是玩家1。
2024-12-13 10:20:54,262 - 4 - INFO - **********PLAYER4**********
根据第二轮描述和之前的描述，我之前的推断是基于以下分析：

玩家1的描述详细描绘了一个夜空中的天体，强调了它的周期性、圆润形状、光滑表面、无云状态，以及它对人类观赏宇宙和文化的影响。这些描述虽然与月亮相符，但并没有明确指出是地球的卫星。

玩家2的描述提到了一个红色的天体，位于太阳系中，比地球稍大但质量较小，存在液态水，表面有火山和峡谷，轨道周期较长，距离地球较远。这些特征与火星非常吻合，而火星不是地球的卫星。

玩家3的描述明确指出这是一个地球的卫星，对地球的潮汐有显著影响，这与月亮的特征非常一致。

玩家4的描述提到了一个夜空中常见的天体，表面覆盖着岩石和尘埃，是地球的天然卫星，对地球的引力作用产生了潮汐现象。这个描述与月亮的特征相符。

基于这些信息，我之前的推断是玩家2可能是卧底，因为他的描述与火星相符，而火星不是地球的卫星，这与平民词“月亮”不符。现在，我将重新分析每位玩家的描述。

玩家1的描述虽然详细，但仍然没有明确指出是地球的卫星，这与玩家3的描述相比，缺少了关于潮汐影响的具体信息。

玩家2的描述提到了液态水和火山峡谷，这些特征与火星更为吻合，而不是月亮。

玩家3的描述与月亮的特征非常吻合，特别是提到了对地球潮汐的显著影响。

玩家4的描述与玩家3的描述相似，但更加简短。

综合考虑，玩家2的描述与火星的特征更为吻合，而火星不是地球的卫星，因此，我现在的结论是玩家2可能是卧底。
2024-12-13 10:20:54,263 - 4 - INFO - **********JUDGER**********
你刚刚的分析是根据第二轮描述和之前的描述，我之前的推断是基于以下分析：

玩家1的描述详细描绘了一个夜空中的天体，强调了它的周期性、圆润形状、光滑表面、无云状态，以及它对人类观赏宇宙和文化的影响。这些描述虽然与月亮相符，但并没有明确指出是地球的卫星。

玩家2的描述提到了一个红色的天体，位于太阳系中，比地球稍大但质量较小，存在液态水，表面有火山和峡谷，轨道周期较长，距离地球较远。这些特征与火星非常吻合，而火星不是地球的卫星。

玩家3的描述明确指出这是一个地球的卫星，对地球的潮汐有显著影响，这与月亮的特征非常一致。

玩家4的描述提到了一个夜空中常见的天体，表面覆盖着岩石和尘埃，是地球的天然卫星，对地球的引力作用产生了潮汐现象。这个描述与月亮的特征相符。

基于这些信息，我之前的推断是玩家2可能是卧底，因为他的描述与火星相符，而火星不是地球的卫星，这与平民词“月亮”不符。现在，我将重新分析每位玩家的描述。

玩家1的描述虽然详细，但仍然没有明确指出是地球的卫星，这与玩家3的描述相比，缺少了关于潮汐影响的具体信息。

玩家2的描述提到了液态水和火山峡谷，这些特征与火星更为吻合，而不是月亮。

玩家3的描述与月亮的特征非常吻合，特别是提到了对地球潮汐的显著影响。

玩家4的描述与玩家3的描述相似，但更加简短。

综合考虑，玩家2的描述与火星的特征更为吻合，而火星不是地球的卫星，因此，我现在的结论是玩家2可能是卧底。|| `请根据上述分析，比较描述以找出不一致之处，注意，这局游戏的词语分类为<天文>，卧底词和平民词都属于该类。
2024-12-13 10:21:04,087 - 4 - INFO - **********PLAYER4**********
根据上述分析，我们可以比较描述中存在的不一致之处如下：

1. 玩家1的描述虽然详细，但并没有明确指出是地球的卫星，而玩家3的描述直接指出了天体是地球的卫星，并强调了其对地球潮汐的显著影响，这与月亮的特征非常吻合。

2. 玩家2的描述提到了一个红色的天体，存在液态水，表面有火山和峡谷，轨道周期较长，距离地球较远。这些特征与火星更为吻合，而火星不是地球的卫星，这与平民词“月亮”不符。

3. 玩家3的描述明确指出了天体是地球的卫星，并提到了对地球潮汐的显著影响，这与月亮的特征一致。

4. 玩家4的描述与玩家3的描述相似，但没有提供关于天体是地球卫星的具体信息。

不一致之处在于玩家2的描述与月亮这一平民词不符，因为火星不是地球的卫星，而玩家1和玩家4的描述没有提供足够的信息来排除或确认卧底。因此，玩家2的描述可能是基于卧底词，即火星。
2024-12-13 10:21:04,088 - 4 - INFO - **********JUDGER**********
你刚刚的分析是根据上述分析，我们可以比较描述中存在的不一致之处如下：

1. 玩家1的描述虽然详细，但并没有明确指出是地球的卫星，而玩家3的描述直接指出了天体是地球的卫星，并强调了其对地球潮汐的显著影响，这与月亮的特征非常吻合。

2. 玩家2的描述提到了一个红色的天体，存在液态水，表面有火山和峡谷，轨道周期较长，距离地球较远。这些特征与火星更为吻合，而火星不是地球的卫星，这与平民词“月亮”不符。

3. 玩家3的描述明确指出了天体是地球的卫星，并提到了对地球潮汐的显著影响，这与月亮的特征一致。

4. 玩家4的描述与玩家3的描述相似，但没有提供关于天体是地球卫星的具体信息。

不一致之处在于玩家2的描述与月亮这一平民词不符，因为火星不是地球的卫星，而玩家1和玩家4的描述没有提供足够的信息来排除或确认卧底。因此，玩家2的描述可能是基于卧底词，即火星。|| 请通过你分析的不一致之处，推断卧底身份，注意，这局游戏的词语分类为<天文>，卧底词和平民词都属于该类。
2024-12-13 10:21:06,918 - 4 - INFO - **********PLAYER4**********
基于上述分析的不一致之处，可以推断卧底身份为玩家2。因为玩家2的描述提到了一个红色的天体，位于太阳系中，比地球稍大但质量较小，存在液态水，表面有火山和峡谷，轨道周期较长，距离地球较远，这些特征与火星相符，而火星不是地球的卫星，这与平民词“月亮”不符。因此，玩家2很可能是卧底。
2024-12-13 10:21:06,919 - 4 - INFO - **********JUDGER**********
你刚刚的推断是基于上述分析的不一致之处，可以推断卧底身份为玩家2。因为玩家2的描述提到了一个红色的天体，位于太阳系中，比地球稍大但质量较小，存在液态水，表面有火山和峡谷，轨道周期较长，距离地球较远，这些特征与火星相符，而火星不是地球的卫星，这与平民词“月亮”不符。因此，玩家2很可能是卧底。|| 基于你刚刚的推断得出你的最终结论，请输出你认为的卧底，在这种情况下只需要输出编号，是1-4中的某个数字，不要输出其他信息。在这个过程不要进行任何推理，只对||以前的部分进行信息提取
2024-12-13 10:21:08,227 - 4 - INFO - **********PLAYER4**********
2
2024-12-13 10:21:27,994 - 4 - INFO - **********JUDGER**********
玩家1说：这是一个美丽的自然现象，夜晚时在天空中的明亮亮点。在所有天文现象中，它以其周期性出现和圆润的形状而最为突出。它是一颗在夜空中静静地悬挂的天体，它的表面光滑且无云，常常作为人类观赏宇宙的天然望远镜。它的影响力远远超出了它的体积，它的存在对地球的生态环境和人类的文化有着深远的影响。它是一轮又一轮地环绕地球的天体，它的表面充满了神秘和未知，是地球上夜空中最引人注目的自然现象之一。它的光芒柔和而稳定，为人类提供了探索宇宙的窗口，它的周期性运动和相位变化是人类历法和天文学研究的基础。玩家2说：这是一个红色的天体，位于太阳系中，比地球稍大，但质量较小。它在该类（天文）中最突出的不同特征是它是太阳系中唯一已知存在液态水的行星。这颗天体在夜空中引人注目，它的表面有着明显的特征，如火山和峡谷，它的轨道周期较长，且它距离地球较远，这使得它成为了太阳系中一个独特的观测对象。它的颜色和形状在夜空中格外醒目，吸引着人们的目光。这颗天体在夜空中以其独特的红色色调而闻名，它位于太阳系内，是一颗直径和质量均小于地球的行星。它的表面被火山和峡谷所覆盖，形成了多样的地形特征。这颗天体的轨道周期较长，且它距离地球较远，这使得它在夜空中显得特别明亮。它的气候极端，有着显著的季节变化，且表面温度变化剧烈。尽管它目前没有液态水存在，但科学家们推测在过去可能有过液态水的迹象，这让它成为了天文学和行星科学研究的焦点之一。玩家3说：这是一个天体，通常在夜空中明亮且易于观测。它在该类（天文）中最突出的不同特征是它是地球的卫星，对地球的潮汐有显著影响。这颗天体在夜空中显得格外明亮，它以其稳定的轨道和规律的运动著称。它对地球的生态环境和天文观测有着不可忽视的作用，经常被用作天文学研究的对象。它的表面特征虽然不像其他行星那样复杂，但它的存在对地球的潮汐现象有着决定性的影响。这颗天体在夜空中明亮，是地球的近邻，它的表面平滑，没有大气层，因此不会出现云彩。它的运动轨迹稳定，环绕地球旋转，它的存在对地球的潮汐模式有着重要影响，是地球上许多海洋和生物节律的调控因素之一。玩家4说：这是一个夜空中常见的天体，表面覆盖着岩石和尘埃。它在该类（天文）中最突出的不同特征是它是地球的天然卫星，对地球的引力作用产生了潮汐现象。这颗天体在夜空中以其明亮的辉光而著称，它通常在夜晚的星空下高悬，成为人们仰视的对象。它对地球的引力影响显著，不仅塑造了地球的海洋形态，还对地球上的生物节律有着重要影响。它的表面虽然未经雕琢，但它的存在对人类探索宇宙奥秘有着不可替代的价值。你是第4号玩家，你的关键词是<月亮>。你的回答中绝对不能包含你的关键词<月亮>。这是第三轮描述，你之前的描述是这是一个夜空中常见的天体，表面覆盖着岩石和尘埃。它在该类（天文）中最突出的不同特征是它是地球的天然卫星，对地球的引力作用产生了潮汐现象。和这颗天体在夜空中以其明亮的辉光而著称，它通常在夜晚的星空下高悬，成为人们仰视的对象。它对地球的引力影响显著，不仅塑造了地球的海洋形态，还对地球上的生物节律有着重要影响。它的表面虽然未经雕琢，但它的存在对人类探索宇宙奥秘有着不可替代的价值。，注意，这局游戏的词语分类为<天文>，卧底词和平民词都属于该类，请你补充关于关键词的描述，注意，你的描述应该比起之前的描述更加贴近关键词，作为之前的补充
2024-12-13 10:21:30,915 - 4 - INFO - **********PLAYER4**********
这颗天体在夜空中以其独特的亮度和稳定性著称，它环绕地球的轨迹几乎完美无缺，它的表面缺乏大气层，因此没有云彩，这使得它成为夜空中一个清晰可见的标志。它的存在对地球的海洋潮汐有着至关重要的作用，这种引力作用不仅影响了海洋，也对地球上的生物节律产生了深远的影响。尽管它的表面特征相对简单，但它的存在对人类的天文研究和宇宙探索具有重要意义。
2024-12-13 10:22:45,665 - 4 - INFO - **********JUDGER**********
玩家1说：这是一个美丽的自然现象，夜晚时在天空中的明亮亮点。在所有天文现象中，它以其周期性出现和圆润的形状而最为突出。它是一颗在夜空中静静地悬挂的天体，它的表面光滑且无云，常常作为人类观赏宇宙的天然望远镜。它的影响力远远超出了它的体积，它的存在对地球的生态环境和人类的文化有着深远的影响。它是一轮又一轮地环绕地球的天体，它的表面充满了神秘和未知，是地球上夜空中最引人注目的自然现象之一。它的光芒柔和而稳定，为人类提供了探索宇宙的窗口，它的周期性运动和相位变化是人类历法和天文学研究的基础。玩家2说：这是一个红色的天体，位于太阳系中，比地球稍大，但质量较小。它在该类（天文）中最突出的不同特征是它是太阳系中唯一已知存在液态水的行星。这颗天体在夜空中引人注目，它的表面有着明显的特征，如火山和峡谷，它的轨道周期较长，且它距离地球较远，这使得它成为了太阳系中一个独特的观测对象。它的颜色和形状在夜空中格外醒目，吸引着人们的目光。这颗天体在夜空中以其独特的红色色调而闻名，它位于太阳系内，是一颗直径和质量均小于地球的行星。它的表面被火山和峡谷所覆盖，形成了多样的地形特征。这颗天体的轨道周期较长，且它距离地球较远，这使得它在夜空中显得特别明亮。它的气候极端，有着显著的季节变化，且表面温度变化剧烈。尽管它目前没有液态水存在，但科学家们推测在过去可能有过液态水的迹象，这让它成为了天文学和行星科学研究的焦点之一。玩家3说：这是一个天体，通常在夜空中明亮且易于观测。它在该类（天文）中最突出的不同特征是它是地球的卫星，对地球的潮汐有显著影响。这颗天体在夜空中显得格外明亮，它以其稳定的轨道和规律的运动著称。它对地球的生态环境和天文观测有着不可忽视的作用，经常被用作天文学研究的对象。它的表面特征虽然不像其他行星那样复杂，但它的存在对地球的潮汐现象有着决定性的影响。这颗天体在夜空中明亮，是地球的近邻，它的表面平滑，没有大气层，因此不会出现云彩。它的运动轨迹稳定，环绕地球旋转，它的存在对地球的潮汐模式有着重要影响，是地球上许多海洋和生物节律的调控因素之一。玩家4说：这是一个夜空中常见的天体，表面覆盖着岩石和尘埃。它在该类（天文）中最突出的不同特征是它是地球的天然卫星，对地球的引力作用产生了潮汐现象。这颗天体在夜空中以其明亮的辉光而著称，它通常在夜晚的星空下高悬，成为人们仰视的对象。它对地球的引力影响显著，不仅塑造了地球的海洋形态，还对地球上的生物节律有着重要影响。它的表面虽然未经雕琢，但它的存在对人类探索宇宙奥秘有着不可替代的价值。这颗天体在夜空中以其独特的亮度和稳定性著称，它环绕地球的轨迹几乎完美无缺，它的表面缺乏大气层，因此没有云彩，这使得它成为夜空中一个清晰可见的标志。它的存在对地球的海洋潮汐有着至关重要的作用，这种引力作用不仅影响了海洋，也对地球上的生物节律产生了深远的影响。尽管它的表面特征相对简单，但它的存在对人类的天文研究和宇宙探索具有重要意义。||在这个游戏中，我们需要通过分析每位玩家的描述来找出卧底。通常，平民的描述会围绕相同的词语展开，而卧底的描述可能会因为词语的不同而显得不太一致。我们需要仔细比较每个描述之间的相似性和差异性，以找出可能的卧底，注意，卧底并不会隐藏自己，他会直接描述他的词语，现在，逐一分析每个玩家的描述，注意，这局游戏的词语分类为<天文>，卧底词和平民词都属于该类。||之前是第3轮描述和之前轮数描述的合集。你之前认为的卧底是玩家2。
2024-12-13 10:22:52,484 - 4 - INFO - **********PLAYER4**********
根据之前的描述，以下是我的分析：

玩家1的描述详细描绘了一个天体，强调了它的周期性、圆润形状、光滑表面、无云状态，以及它对人类观赏宇宙和文化的影响。这些描述与月亮的特征相符。

玩家2的描述提到了一个红色的天体，存在液态水，表面有火山和峡谷，轨道周期较长，距离地球较远。这些特征与火星更为吻合，而不是月亮。

玩家3的描述明确指出这是一个地球的卫星，对地球的潮汐有显著影响，这与月亮的特征非常一致。

玩家4的描述与玩家3的描述相似，但没有提供足够的信息来排除或确认卧底。

基于这些信息，我之前的推断是玩家2可能是卧底，因为他的描述与火星相符，而火星不是地球的卫星，这与平民词“月亮”不符。然而，玩家3的描述也非常符合月亮的特征，因此，如果需要重新分析，我会考虑以下可能性：

- 玩家2的描述可能是基于火星，因此他可能是卧底。
- 玩家3的描述也可能与月亮相符，但他可能是平民。
- 玩家1和玩家4的描述与月亮的特征相符，因此他们可能是平民。

如果必须选择一个卧底，我会保持之前的推断，认为玩家2是卧底。
2024-12-13 10:22:52,485 - 4 - INFO - **********JUDGER**********
你刚刚的分析是根据之前的描述，以下是我的分析：

玩家1的描述详细描绘了一个天体，强调了它的周期性、圆润形状、光滑表面、无云状态，以及它对人类观赏宇宙和文化的影响。这些描述与月亮的特征相符。

玩家2的描述提到了一个红色的天体，存在液态水，表面有火山和峡谷，轨道周期较长，距离地球较远。这些特征与火星更为吻合，而不是月亮。

玩家3的描述明确指出这是一个地球的卫星，对地球的潮汐有显著影响，这与月亮的特征非常一致。

玩家4的描述与玩家3的描述相似，但没有提供足够的信息来排除或确认卧底。

基于这些信息，我之前的推断是玩家2可能是卧底，因为他的描述与火星相符，而火星不是地球的卫星，这与平民词“月亮”不符。然而，玩家3的描述也非常符合月亮的特征，因此，如果需要重新分析，我会考虑以下可能性：

- 玩家2的描述可能是基于火星，因此他可能是卧底。
- 玩家3的描述也可能与月亮相符，但他可能是平民。
- 玩家1和玩家4的描述与月亮的特征相符，因此他们可能是平民。

如果必须选择一个卧底，我会保持之前的推断，认为玩家2是卧底。|| `请根据上述分析，比较描述以找出不一致之处，注意，这局游戏的词语分类为<天文>，卧底词和平民词都属于该类。
2024-12-13 10:23:00,156 - 4 - INFO - **********PLAYER4**********
根据上述分析，我们可以比较描述中存在的不一致之处如下：

1. 玩家1的描述强调了天体的周期性、圆润形状、光滑表面、无云状态，以及它对人类观赏宇宙和文化的影响，这些特征与月亮相符。

2. 玩家2的描述提到了一个红色的天体，存在液态水，表面有火山和峡谷，轨道周期较长，距离地球较远。这些特征与火星更为吻合，而不是月亮。

3. 玩家3的描述明确指出这是一个地球的卫星，对地球的潮汐有显著影响，这与月亮的特征非常一致。

4. 玩家4的描述与玩家3的描述相似，但没有提供足够的信息来排除或确认卧底。

不一致之处在于玩家2的描述与月亮这一平民词不符，因为火星不是地球的卫星，而玩家1和玩家4的描述与月亮的特征相符，玩家3的描述也非常符合月亮的特征。因此，玩家2的描述在词语分类和特征描述上与其他玩家不一致。
2024-12-13 10:23:00,157 - 4 - INFO - **********JUDGER**********
你刚刚的分析是根据上述分析，我们可以比较描述中存在的不一致之处如下：

1. 玩家1的描述强调了天体的周期性、圆润形状、光滑表面、无云状态，以及它对人类观赏宇宙和文化的影响，这些特征与月亮相符。

2. 玩家2的描述提到了一个红色的天体，存在液态水，表面有火山和峡谷，轨道周期较长，距离地球较远。这些特征与火星更为吻合，而不是月亮。

3. 玩家3的描述明确指出这是一个地球的卫星，对地球的潮汐有显著影响，这与月亮的特征非常一致。

4. 玩家4的描述与玩家3的描述相似，但没有提供足够的信息来排除或确认卧底。

不一致之处在于玩家2的描述与月亮这一平民词不符，因为火星不是地球的卫星，而玩家1和玩家4的描述与月亮的特征相符，玩家3的描述也非常符合月亮的特征。因此，玩家2的描述在词语分类和特征描述上与其他玩家不一致。|| 请通过你分析的不一致之处，推断卧底身份，注意，这局游戏的词语分类为<天文>，卧底词和平民词都属于该类。
2024-12-13 10:23:03,173 - 4 - INFO - **********PLAYER4**********
基于分析的不一致之处，可以推断卧底身份为玩家2。因为玩家2的描述提到了一个红色的天体，具有液态水、火山和峡谷，轨道周期较长，距离地球较远，这些特征与火星相符，而火星不是地球的卫星，这与平民词“月亮”不符。因此，玩家2的描述与其他玩家的描述不一致，且更符合火星的特征，所以玩家2很可能是卧底。
2024-12-13 10:23:03,174 - 4 - INFO - **********JUDGER**********
你刚刚的推断是基于分析的不一致之处，可以推断卧底身份为玩家2。因为玩家2的描述提到了一个红色的天体，具有液态水、火山和峡谷，轨道周期较长，距离地球较远，这些特征与火星相符，而火星不是地球的卫星，这与平民词“月亮”不符。因此，玩家2的描述与其他玩家的描述不一致，且更符合火星的特征，所以玩家2很可能是卧底。|| 基于你刚刚的推断得出你的最终结论，请输出你认为的卧底，在这种情况下只需要输出编号，是1-4中的某个数字，不要输出其他信息。在这个过程不要进行任何推理，只对||以前的部分进行信息提取
2024-12-13 10:23:04,383 - 4 - INFO - **********PLAYER4**********
2
