2024-12-13 14:54:34,251 - 1 - INFO - **********JUDGER**********
让我们来玩一个叫做<谁是卧底>的推理游戏。基本规则：<人数>：4人。<角色分配>：每位玩家随机抽取一个词语，3名玩家拿到的词语是相同的（平民词），1名玩家拿到与之相近但不同的词语（卧底词）。<游戏流程>：1、玩家轮流描述自己的词语，但<不能>直接说出词语本身。2、描述完毕后，投票选出最像卧底的玩家。3、每轮结束后，被投票选出的玩家出局，不能再进行描述或投票。4、每轮投票结束后，如果卧底被成功找出，平民方获胜；如果卧底未被找出且卧底人数等于或超过平民人数，则卧底方获胜。你将扮演一个<玩家>，请等待你被分配到的关键词。如果你听懂了，只回答，"好的，我准备好参加游戏了"，不要输出别的信息
2024-12-13 14:54:35,141 - 1 - INFO - **********PLAYER1**********
好的，我准备好参加游戏了
2024-12-13 14:54:39,471 - 1 - INFO - **********JUDGER**********
玩家1说：玩家2说：玩家3说：玩家4说：|| 你是第1号玩家，你的关键词是<火车>。你的回答中绝对不能包含你的关键词<火车>。这是第一轮描述，不需要分析||之前别的玩家的描述，请你描述关键词基本特征，注意，这局游戏的词语分类为<交通工具>，卧底词和平民词都属于该类，描述包括以下两点，1.他的基本特征是什么2.他在该类（交通工具）中最突出不同的特征是什么，尽量简短
2024-12-13 14:54:41,258 - 1 - INFO - **********PLAYER1**********
它是一种用于长途运输的陆上交通工具，通常具有多节车厢。它在交通工具中最突出的不同特征可能是它的长距离运输能力和较大的载客量。
2024-12-13 14:54:52,282 - 1 - INFO - **********JUDGER**********
玩家1说：它是一种用于长途运输的陆上交通工具，通常具有多节车厢。它在交通工具中最突出的不同特征可能是它的长距离运输能力和较大的载客量。玩家2说：它是一种用于长距离运输的陆上车辆，通常由多个车厢组成。它在交通工具中最突出的不同特征是它的连续性，能够跨越较长的距离。玩家3说：它是一种能够承载大量乘客和货物，沿着固定轨道运行的交通工具。它在该类中最突出的不同特征是它的高速度和长距离运输能力。玩家4说：||在这个游戏中，我们需要通过分析每位玩家的描述来找出卧底。通常，平民的描述会围绕相同的词语展开，而卧底的描述可能会因为词语的不同而显得不太一致。我们需要仔细比较每个描述之间的相似性和差异性，以找出可能的卧底，注意，卧底并不会隐藏自己，他会直接描述他的词语，现在，逐一分析每个玩家的描述，注意，这局游戏的词语分类为<交通工具>，卧底词和平民词都属于该类。这是第一轮描述。
2024-12-13 14:54:57,687 - 1 - INFO - **********PLAYER1**********
作为玩家1，我会这样回应：

玩家4的描述中提到了“在这个游戏中，我们需要通过分析每位玩家的描述来找出卧底”，这实际上是一个提示，表明卧底可能已经在描述中暴露了自己的词语。我的描述和玩家2、玩家3的描述在基本特征上是一致的，都在强调长距离运输、多节车厢和连续性。然而，玩家4的描述中包含了关于游戏规则和卧底行为的分析，这与其他玩家的描述不同，可能表明玩家4是卧底。因此，我会保持沉默，不提供任何可能指向自己或其他玩家的信息。
2024-12-13 14:54:57,688 - 1 - INFO - **********JUDGER**********
你刚刚的分析是作为玩家1，我会这样回应：

玩家4的描述中提到了“在这个游戏中，我们需要通过分析每位玩家的描述来找出卧底”，这实际上是一个提示，表明卧底可能已经在描述中暴露了自己的词语。我的描述和玩家2、玩家3的描述在基本特征上是一致的，都在强调长距离运输、多节车厢和连续性。然而，玩家4的描述中包含了关于游戏规则和卧底行为的分析，这与其他玩家的描述不同，可能表明玩家4是卧底。因此，我会保持沉默，不提供任何可能指向自己或其他玩家的信息。|| `请根据上述分析，比较描述以找出不一致之处，注意，这局游戏的词语分类为<交通工具>，卧底词和平民词都属于该类。
2024-12-13 14:55:06,881 - 1 - INFO - **********PLAYER1**********
在比较四位玩家的描述时，以下是不一致之处：

1. **描述的细节深度**：
   - 玩家1、玩家2和玩家3的描述都相对简短，主要集中在交通工具的基本特征上，如长距离运输、多节车厢等。
   - 玩家4的描述则更详细，不仅提到了长距离运输和多节车厢，还特别强调了连续性和高速度。

2. **描述的内容**：
   - 玩家1、玩家2和玩家3的描述内容相似，都集中在交通工具的通用特征上。
   - 玩家4的描述中包含了对游戏规则和卧底行为的分析，这显然超出了对交通工具的描述范畴。

3. **描述的语气**：
   - 玩家1、玩家2和玩家3的描述语气较为客观，专注于描述。
   - 玩家4的描述中透露出一种指导性的语气，似乎在引导其他玩家如何分析。

基于以上不一致之处，玩家4的描述与玩家1、玩家2和玩家3的描述存在显著差异，这可能是卧底的行为特征。卧底可能试图通过提供额外的信息来误导其他玩家，或者通过描述游戏规则来暴露自己的身份。因此，玩家4可能是卧底。
2024-12-13 14:55:06,883 - 1 - INFO - **********JUDGER**********
你刚刚的分析是在比较四位玩家的描述时，以下是不一致之处：

1. **描述的细节深度**：
   - 玩家1、玩家2和玩家3的描述都相对简短，主要集中在交通工具的基本特征上，如长距离运输、多节车厢等。
   - 玩家4的描述则更详细，不仅提到了长距离运输和多节车厢，还特别强调了连续性和高速度。

2. **描述的内容**：
   - 玩家1、玩家2和玩家3的描述内容相似，都集中在交通工具的通用特征上。
   - 玩家4的描述中包含了对游戏规则和卧底行为的分析，这显然超出了对交通工具的描述范畴。

3. **描述的语气**：
   - 玩家1、玩家2和玩家3的描述语气较为客观，专注于描述。
   - 玩家4的描述中透露出一种指导性的语气，似乎在引导其他玩家如何分析。

基于以上不一致之处，玩家4的描述与玩家1、玩家2和玩家3的描述存在显著差异，这可能是卧底的行为特征。卧底可能试图通过提供额外的信息来误导其他玩家，或者通过描述游戏规则来暴露自己的身份。因此，玩家4可能是卧底。|| 请通过你分析的不一致之处，推断卧底身份，注意，这局游戏的词语分类为<交通工具>，卧底词和平民词都属于该类。
2024-12-13 14:55:19,661 - 1 - INFO - **********PLAYER1**********
词

基于上述分析，玩家4的描述中出现了以下不一致之处：

1. **描述的细节深度**：玩家4的描述明显比玩家1、玩家2和玩家3更为详细，这不仅包括了交通工具的基本特征（如长距离运输、多节车厢），还涉及到了游戏规则和卧底行为，这是其他玩家描述中未涉及的。

2. **描述的内容**：玩家4的描述内容偏离了纯粹的交通工具描述，而是涉及到了游戏策略和规则分析，这与其他玩家的描述集中在交通工具特征上形成了对比。

3. **描述的语气**：玩家4的描述中透露出一种指导性的语气，似乎在试图引导其他玩家如何进行推理，这与玩家1、玩家2和玩家3的客观描述不同。

综上所述，玩家4的描述与游戏规则描述的内容和语气都不符，这强烈暗示玩家4可能是卧底。考虑到这局游戏的词语分类为<交通工具>，而卧底词和平民词都属于该类，玩家4的描述中包含的额外信息（关于游戏规则和策略）表明他/她可能是在试图混淆视听，而不是专注于描述交通工具。因此，玩家4很可能是卧底。
2024-12-13 14:55:19,665 - 1 - INFO - **********JUDGER**********
你刚刚的推断是词

基于上述分析，玩家4的描述中出现了以下不一致之处：

1. **描述的细节深度**：玩家4的描述明显比玩家1、玩家2和玩家3更为详细，这不仅包括了交通工具的基本特征（如长距离运输、多节车厢），还涉及到了游戏规则和卧底行为，这是其他玩家描述中未涉及的。

2. **描述的内容**：玩家4的描述内容偏离了纯粹的交通工具描述，而是涉及到了游戏策略和规则分析，这与其他玩家的描述集中在交通工具特征上形成了对比。

3. **描述的语气**：玩家4的描述中透露出一种指导性的语气，似乎在试图引导其他玩家如何进行推理，这与玩家1、玩家2和玩家3的客观描述不同。

综上所述，玩家4的描述与游戏规则描述的内容和语气都不符，这强烈暗示玩家4可能是卧底。考虑到这局游戏的词语分类为<交通工具>，而卧底词和平民词都属于该类，玩家4的描述中包含的额外信息（关于游戏规则和策略）表明他/她可能是在试图混淆视听，而不是专注于描述交通工具。因此，玩家4很可能是卧底。|| 基于你刚刚的推断得出你的最终结论，请输出你认为的卧底，在这种情况下只需要输出编号，是1-4中的某个数字，不要输出其他信息。在这个过程不要进行任何推理，只对||以前的部分进行信息提取
2024-12-13 14:55:20,387 - 1 - INFO - **********PLAYER1**********
4
2024-12-13 14:56:39,262 - 1 - INFO - **********JUDGER**********
玩家1说：它是一种用于长途运输的陆上交通工具，通常具有多节车厢。它在交通工具中最突出的不同特征可能是它的长距离运输能力和较大的载客量。玩家2说：它是一种用于长距离运输的陆上车辆，通常由多个车厢组成。它在交通工具中最突出的不同特征是它的连续性，能够跨越较长的距离。玩家3说：它是一种能够承载大量乘客和货物，沿着固定轨道运行的交通工具。它在该类中最突出的不同特征是它的高速度和长距离运输能力。玩家4说：它是一种在水中行驶的交通工具，主要用于长途运输。它在同类中最突出的不同特征是它的载客量大，且能够跨越水域。你是第1号玩家，你的关键词是<火车>。你的回答中绝对不能包含你的关键词<火车>。这是第二轮描述，你之前的描述是它是一种用于长途运输的陆上交通工具，通常具有多节车厢。它在交通工具中最突出的不同特征可能是它的长距离运输能力和较大的载客量。，注意，这局游戏的词语分类为<交通工具>，卧底词和平民词都属于该类，请你补充关于关键词的描述，注意，你的描述应该比起之前的描述更加贴近关键词，作为之前的补充
2024-12-13 14:56:40,911 - 1 - INFO - **********PLAYER1**********
它在陆上行驶时非常平稳，且在同类交通工具中，它的运行速度相对较快，能够在较短时间内完成长途旅行。
2024-12-13 14:56:48,406 - 1 - INFO - **********JUDGER**********
玩家1说：它是一种用于长途运输的陆上交通工具，通常具有多节车厢。它在交通工具中最突出的不同特征可能是它的长距离运输能力和较大的载客量。它在陆上行驶时非常平稳，且在同类交通工具中，它的运行速度相对较快，能够在较短时间内完成长途旅行。玩家2说：它是一种用于长距离运输的陆上车辆，通常由多个车厢组成。它在交通工具中最突出的不同特征是它的连续性，能够跨越较长的距离。它是一种在陆地上行驶的交通工具，以其能够连接不同地区而著称。这种交通工具由多个车厢连接，能够在较短时间内完成长途旅行，为乘客和货物提供稳定且高效的运输服务。玩家3说：它是一种能够承载大量乘客和货物，沿着固定轨道运行的交通工具。它在该类中最突出的不同特征是它的高速度和长距离运输能力。它是一种在陆地上行驶的交通工具，通常由多节车厢组成，能够提供快速且稳定的长距离运输服务。它的设计允许它跨越广阔的区域，连接城市和国家，是现代交通网络中不可或缺的一部分。玩家4说：它是一种在水中行驶的交通工具，主要用于长途运输。它在同类中最突出的不同特征是它的载客量大，且能够跨越水域。||在这个游戏中，我们需要通过分析每位玩家的描述来找出卧底。通常，平民的描述会围绕相同的词语展开，而卧底的描述可能会因为词语的不同而显得不太一致。我们需要仔细比较每个描述之间的相似性和差异性，以找出可能的卧底，注意，卧底并不会隐藏自己，他会直接描述他的词语，现在，逐一分析每个玩家的描述，注意，这局游戏的词语分类为<交通工具>，卧底词和平民词都属于该类。||之前是第2轮描述和之前轮数描述的合集。你之前认为的卧底是玩家4。
2024-12-13 14:56:49,296 - 1 - INFO - **********PLAYER1**********
玩家4
2024-12-13 14:56:49,296 - 1 - INFO - **********JUDGER**********
你刚刚的分析是玩家4|| `请根据上述分析，比较描述以找出不一致之处，注意，这局游戏的词语分类为<交通工具>，卧底词和平民词都属于该类。
2024-12-13 14:57:00,043 - 1 - INFO - **********PLAYER1**********
在比较四位玩家的描述时，以下是不一致之处：

1. **交通工具类型**：
   - 玩家1、玩家2和玩家3的描述都集中在陆上交通工具，强调了长距离运输、多节车厢、连续性、高速度、稳定性和连接不同地区等特点。
   - 玩家4的描述则提到的是在水中行驶的交通工具，即船舶，这与陆上交通工具的描述明显不同。

2. **描述的侧重点**：
   - 玩家1、玩家2和玩家3的描述都强调了运输的连续性和高效性，以及能够在较短时间内完成长途旅行。
   - 玩家4的描述虽然也提到了长途运输和载客量大，但强调的是能够跨越水域，这是陆上交通工具所不具备的特征。

3. **描述的语气和内容**：
   - 玩家1、玩家2和玩家3的描述内容相对集中，都在描述陆上交通工具的通用特征。
   - 玩家4的描述中包含了“在水中行驶”和“跨越水域”的描述，这是其他玩家没有提到的。

基于以上不一致之处，玩家4的描述与玩家1、玩家2和玩家3的描述存在显著差异，特别是在交通工具类型上，这表明玩家4可能是卧底，因为他的描述与游戏规则中指定的交通工具分类不符。
2024-12-13 14:57:00,044 - 1 - INFO - **********JUDGER**********
你刚刚的分析是在比较四位玩家的描述时，以下是不一致之处：

1. **交通工具类型**：
   - 玩家1、玩家2和玩家3的描述都集中在陆上交通工具，强调了长距离运输、多节车厢、连续性、高速度、稳定性和连接不同地区等特点。
   - 玩家4的描述则提到的是在水中行驶的交通工具，即船舶，这与陆上交通工具的描述明显不同。

2. **描述的侧重点**：
   - 玩家1、玩家2和玩家3的描述都强调了运输的连续性和高效性，以及能够在较短时间内完成长途旅行。
   - 玩家4的描述虽然也提到了长途运输和载客量大，但强调的是能够跨越水域，这是陆上交通工具所不具备的特征。

3. **描述的语气和内容**：
   - 玩家1、玩家2和玩家3的描述内容相对集中，都在描述陆上交通工具的通用特征。
   - 玩家4的描述中包含了“在水中行驶”和“跨越水域”的描述，这是其他玩家没有提到的。

基于以上不一致之处，玩家4的描述与玩家1、玩家2和玩家3的描述存在显著差异，特别是在交通工具类型上，这表明玩家4可能是卧底，因为他的描述与游戏规则中指定的交通工具分类不符。|| 请通过你分析的不一致之处，推断卧底身份，注意，这局游戏的词语分类为<交通工具>，卧底词和平民词都属于该类。
2024-12-13 14:57:00,823 - 1 - INFO - **********PLAYER1**********
4
2024-12-13 14:57:00,823 - 1 - INFO - **********JUDGER**********
你刚刚的推断是4|| 基于你刚刚的推断得出你的最终结论，请输出你认为的卧底，在这种情况下只需要输出编号，是1-4中的某个数字，不要输出其他信息。在这个过程不要进行任何推理，只对||以前的部分进行信息提取
2024-12-13 14:57:01,754 - 1 - INFO - **********PLAYER1**********
4
2024-12-13 14:57:55,250 - 1 - INFO - **********JUDGER**********
玩家1说：它是一种用于长途运输的陆上交通工具，通常具有多节车厢。它在交通工具中最突出的不同特征可能是它的长距离运输能力和较大的载客量。它在陆上行驶时非常平稳，且在同类交通工具中，它的运行速度相对较快，能够在较短时间内完成长途旅行。玩家2说：它是一种用于长距离运输的陆上车辆，通常由多个车厢组成。它在交通工具中最突出的不同特征是它的连续性，能够跨越较长的距离。它是一种在陆地上行驶的交通工具，以其能够连接不同地区而著称。这种交通工具由多个车厢连接，能够在较短时间内完成长途旅行，为乘客和货物提供稳定且高效的运输服务。玩家3说：它是一种能够承载大量乘客和货物，沿着固定轨道运行的交通工具。它在该类中最突出的不同特征是它的高速度和长距离运输能力。它是一种在陆地上行驶的交通工具，通常由多节车厢组成，能够提供快速且稳定的长距离运输服务。它的设计允许它跨越广阔的区域，连接城市和国家，是现代交通网络中不可或缺的一部分。玩家4说：它是一种在水中行驶的交通工具，主要用于长途运输。它在同类中最突出的不同特征是它的载客量大，且能够跨越水域。它是一种能够承载大量乘客和货物的海上交通工具，以其在大海上的航行能力而著称。它在同类中最突出的不同特征是能够在不同的海域间进行长距离的航行。你是第1号玩家，你的关键词是<火车>。你的回答中绝对不能包含你的关键词<火车>。这是第三轮描述，你之前的描述是它是一种用于长途运输的陆上交通工具，通常具有多节车厢。它在交通工具中最突出的不同特征可能是它的长距离运输能力和较大的载客量。和它在陆上行驶时非常平稳，且在同类交通工具中，它的运行速度相对较快，能够在较短时间内完成长途旅行。，注意，这局游戏的词语分类为<交通工具>，卧底词和平民词都属于该类，请你补充关于关键词的描述，注意，你的描述应该比起之前的描述更加贴近关键词，作为之前的补充
2024-12-13 14:57:57,896 - 1 - INFO - **********PLAYER1**********
它具有高效的调度系统，能够确保运输的准时性和可靠性，同时在夜间或恶劣天气条件下也能保持运行。
2024-12-13 14:58:04,145 - 1 - INFO - **********JUDGER**********
玩家1说：它是一种用于长途运输的陆上交通工具，通常具有多节车厢。它在交通工具中最突出的不同特征可能是它的长距离运输能力和较大的载客量。它在陆上行驶时非常平稳，且在同类交通工具中，它的运行速度相对较快，能够在较短时间内完成长途旅行。它具有高效的调度系统，能够确保运输的准时性和可靠性，同时在夜间或恶劣天气条件下也能保持运行。玩家2说：它是一种用于长距离运输的陆上车辆，通常由多个车厢组成。它在交通工具中最突出的不同特征是它的连续性，能够跨越较长的距离。它是一种在陆地上行驶的交通工具，以其能够连接不同地区而著称。这种交通工具由多个车厢连接，能够在较短时间内完成长途旅行，为乘客和货物提供稳定且高效的运输服务。它是一种高效的陆上交通工具，以其在固定轨道上的快速运行而闻名。这种交通工具能够连接遥远的地方，为人们提供快速、稳定的长途旅行体验。玩家3说：它是一种能够承载大量乘客和货物，沿着固定轨道运行的交通工具。它在该类中最突出的不同特征是它的高速度和长距离运输能力。它是一种在陆地上行驶的交通工具，通常由多节车厢组成，能够提供快速且稳定的长距离运输服务。它的设计允许它跨越广阔的区域，连接城市和国家，是现代交通网络中不可或缺的一部分。它是一种在陆地上运行的交通工具，以其高速和连续性著称，能够在短时间内完成长途旅行。它的特点是固定的轨道和高效的调度系统，确保了运输的准时性和可靠性。玩家4说：它是一种在水中行驶的交通工具，主要用于长途运输。它在同类中最突出的不同特征是它的载客量大，且能够跨越水域。它是一种能够承载大量乘客和货物的海上交通工具，以其在大海上的航行能力而著称。它在同类中最突出的不同特征是能够在不同的海域间进行长距离的航行。它是一种大型的海上航行工具，特别适合跨越广阔的海域进行长途运输。||在这个游戏中，我们需要通过分析每位玩家的描述来找出卧底。通常，平民的描述会围绕相同的词语展开，而卧底的描述可能会因为词语的不同而显得不太一致。我们需要仔细比较每个描述之间的相似性和差异性，以找出可能的卧底，注意，卧底并不会隐藏自己，他会直接描述他的词语，现在，逐一分析每个玩家的描述，注意，这局游戏的词语分类为<交通工具>，卧底词和平民词都属于该类。||之前是第3轮描述和之前轮数描述的合集。你之前认为的卧底是玩家4。
2024-12-13 14:58:05,345 - 1 - INFO - **********PLAYER1**********
4
2024-12-13 14:58:05,345 - 1 - INFO - **********JUDGER**********
你刚刚的分析是4|| `请根据上述分析，比较描述以找出不一致之处，注意，这局游戏的词语分类为<交通工具>，卧底词和平民词都属于该类。
2024-12-13 14:58:17,393 - 1 - INFO - **********PLAYER1**********
在比较四位玩家的描述时，以下是不一致之处：

1. **交通工具类型**：
   - 玩家1、玩家2和玩家3的描述都集中在陆上交通工具，特别是铁路交通工具，强调了长距离运输、多节车厢、连续性、高速度、稳定性和调度系统等特点。
   - 玩家4的描述则提到的是水中行驶的交通工具，即船舶，这与陆上交通工具的描述明显不同。

2. **描述的侧重点**：
   - 玩家1、玩家2和玩家3的描述都强调了运输的连续性、高速度和调度系统的效率。
   - 玩家4的描述虽然也提到了载客量大和长距离航行，但侧重点在于能够在水域间进行长距离航行。

3. **描述的语气和内容**：
   - 玩家1、玩家2和玩家3的描述内容相对集中，都在描述铁路交通工具的特性和功能。
   - 玩家4的描述中包含了“在水中行驶”和“跨越水域”的描述，这是其他玩家没有提到的。

基于以上不一致之处，玩家4的描述与玩家1、玩家2和玩家3的描述存在显著差异，特别是在交通工具类型上，这表明玩家4可能是卧底，因为他的描述与游戏规则中指定的交通工具分类不符。
2024-12-13 14:58:17,395 - 1 - INFO - **********JUDGER**********
你刚刚的分析是在比较四位玩家的描述时，以下是不一致之处：

1. **交通工具类型**：
   - 玩家1、玩家2和玩家3的描述都集中在陆上交通工具，特别是铁路交通工具，强调了长距离运输、多节车厢、连续性、高速度、稳定性和调度系统等特点。
   - 玩家4的描述则提到的是水中行驶的交通工具，即船舶，这与陆上交通工具的描述明显不同。

2. **描述的侧重点**：
   - 玩家1、玩家2和玩家3的描述都强调了运输的连续性、高速度和调度系统的效率。
   - 玩家4的描述虽然也提到了载客量大和长距离航行，但侧重点在于能够在水域间进行长距离航行。

3. **描述的语气和内容**：
   - 玩家1、玩家2和玩家3的描述内容相对集中，都在描述铁路交通工具的特性和功能。
   - 玩家4的描述中包含了“在水中行驶”和“跨越水域”的描述，这是其他玩家没有提到的。

基于以上不一致之处，玩家4的描述与玩家1、玩家2和玩家3的描述存在显著差异，特别是在交通工具类型上，这表明玩家4可能是卧底，因为他的描述与游戏规则中指定的交通工具分类不符。|| 请通过你分析的不一致之处，推断卧底身份，注意，这局游戏的词语分类为<交通工具>，卧底词和平民词都属于该类。
2024-12-13 14:58:18,836 - 1 - INFO - **********PLAYER1**********
4
2024-12-13 14:58:18,837 - 1 - INFO - **********JUDGER**********
你刚刚的推断是4|| 基于你刚刚的推断得出你的最终结论，请输出你认为的卧底，在这种情况下只需要输出编号，是1-4中的某个数字，不要输出其他信息。在这个过程不要进行任何推理，只对||以前的部分进行信息提取
2024-12-13 14:58:21,060 - 1 - INFO - **********PLAYER1**********
4
