2024-12-13 14:54:35,757 - 2 - INFO - **********JUDGER**********
让我们来玩一个叫做<谁是卧底>的推理游戏。基本规则：<人数>：4人。<角色分配>：每位玩家随机抽取一个词语，3名玩家拿到的词语是相同的（平民词），1名玩家拿到与之相近但不同的词语（卧底词）。<游戏流程>：1、玩家轮流描述自己的词语，但<不能>直接说出词语本身。2、描述完毕后，投票选出最像卧底的玩家。3、每轮结束后，被投票选出的玩家出局，不能再进行描述或投票。4、每轮投票结束后，如果卧底被成功找出，平民方获胜；如果卧底未被找出且卧底人数等于或超过平民人数，则卧底方获胜。你将扮演一个<玩家>，请等待你被分配到的关键词。如果你听懂了，只回答，"好的，我准备好参加游戏了"，不要输出别的信息
2024-12-13 14:54:36,680 - 2 - INFO - **********PLAYER2**********
好的，我准备好参加游戏了
2024-12-13 14:54:41,258 - 2 - INFO - **********JUDGER**********
玩家1说：它是一种用于长途运输的陆上交通工具，通常具有多节车厢。它在交通工具中最突出的不同特征可能是它的长距离运输能力和较大的载客量。玩家2说：玩家3说：玩家4说：|| 你是第2号玩家，你的关键词是<火车>。你的回答中绝对不能包含你的关键词<火车>。这是第一轮描述，不需要分析||之前别的玩家的描述，请你描述关键词基本特征，注意，这局游戏的词语分类为<交通工具>，卧底词和平民词都属于该类，描述包括以下两点，1.他的基本特征是什么2.他在该类（交通工具）中最突出不同的特征是什么，尽量简短
2024-12-13 14:54:43,457 - 2 - INFO - **********PLAYER2**********
它是一种用于长距离运输的陆上车辆，通常由多个车厢组成。它在交通工具中最突出的不同特征是它的连续性，能够跨越较长的距离。
2024-12-13 14:55:20,388 - 2 - INFO - **********JUDGER**********
玩家1说：它是一种用于长途运输的陆上交通工具，通常具有多节车厢。它在交通工具中最突出的不同特征可能是它的长距离运输能力和较大的载客量。玩家2说：它是一种用于长距离运输的陆上车辆，通常由多个车厢组成。它在交通工具中最突出的不同特征是它的连续性，能够跨越较长的距离。玩家3说：它是一种能够承载大量乘客和货物，沿着固定轨道运行的交通工具。它在该类中最突出的不同特征是它的高速度和长距离运输能力。玩家4说：||在这个游戏中，我们需要通过分析每位玩家的描述来找出卧底。通常，平民的描述会围绕相同的词语展开，而卧底的描述可能会因为词语的不同而显得不太一致。我们需要仔细比较每个描述之间的相似性和差异性，以找出可能的卧底，注意，卧底并不会隐藏自己，他会直接描述他的词语，现在，逐一分析每个玩家的描述，注意，这局游戏的词语分类为<交通工具>，卧底词和平民词都属于该类。这是第一轮描述。
2024-12-13 14:55:25,640 - 2 - INFO - **********PLAYER2**********
好的，我注意到玩家1、玩家2和玩家3的描述都集中在“长距离运输”、“多节车厢”和“固定轨道”等特征上，这些描述与火车这一交通工具的特征相符。而玩家4的描述则更侧重于“承载大量乘客和货物”以及“高速度”，这与火车的一般特征也有一定的相似性，但似乎更偏向于强调速度和容量。由于我们不知道卧底的具体词语，我无法确定哪个描述与卧底词更不匹配。不过，如果火车是平民词，那么玩家4的描述可能会因为强调了速度和容量而显得与火车的一般描述略有不同，这可能是一个寻找卧底的线索。
2024-12-13 14:55:25,641 - 2 - INFO - **********JUDGER**********
你刚刚的分析是好的，我注意到玩家1、玩家2和玩家3的描述都集中在“长距离运输”、“多节车厢”和“固定轨道”等特征上，这些描述与火车这一交通工具的特征相符。而玩家4的描述则更侧重于“承载大量乘客和货物”以及“高速度”，这与火车的一般特征也有一定的相似性，但似乎更偏向于强调速度和容量。由于我们不知道卧底的具体词语，我无法确定哪个描述与卧底词更不匹配。不过，如果火车是平民词，那么玩家4的描述可能会因为强调了速度和容量而显得与火车的一般描述略有不同，这可能是一个寻找卧底的线索。|| `请根据上述分析，比较描述以找出不一致之处，注意，这局游戏的词语分类为<交通工具>，卧底词和平民词都属于该类。
2024-12-13 14:55:32,813 - 2 - INFO - **********PLAYER2**********
根据上述分析，我们可以注意到以下几点不一致之处：

1. 玩家1、玩家2和玩家3的描述都提到了“长距离运输”、“多节车厢”和“固定轨道”，这些都是火车的基本特征。

2. 玩家4的描述虽然也提到了“承载大量乘客和货物”和“长距离运输能力”，但特别强调了“高速度”。这一点与火车的一般特征相比，显得有些突出，因为虽然火车确实有长距离运输的能力，但并不是所有火车都以高速度著称。

3. 玩家4的描述中并没有明确提到“多节车厢”和“固定轨道”，这两个特征在玩家1、玩家2和玩家3的描述中都有提及。

基于这些不一致之处，玩家4的描述可能与火车这一平民词不太匹配，这可能是一个指向卧底的线索。如果火车是平民词，那么玩家4的描述中的强调点可能暗示了另一个交通工具，如高速列车或货运列车，这些交通工具可能在某些方面与火车不同。因此，玩家4可能是卧底。
2024-12-13 14:55:32,814 - 2 - INFO - **********JUDGER**********
你刚刚的分析是根据上述分析，我们可以注意到以下几点不一致之处：

1. 玩家1、玩家2和玩家3的描述都提到了“长距离运输”、“多节车厢”和“固定轨道”，这些都是火车的基本特征。

2. 玩家4的描述虽然也提到了“承载大量乘客和货物”和“长距离运输能力”，但特别强调了“高速度”。这一点与火车的一般特征相比，显得有些突出，因为虽然火车确实有长距离运输的能力，但并不是所有火车都以高速度著称。

3. 玩家4的描述中并没有明确提到“多节车厢”和“固定轨道”，这两个特征在玩家1、玩家2和玩家3的描述中都有提及。

基于这些不一致之处，玩家4的描述可能与火车这一平民词不太匹配，这可能是一个指向卧底的线索。如果火车是平民词，那么玩家4的描述中的强调点可能暗示了另一个交通工具，如高速列车或货运列车，这些交通工具可能在某些方面与火车不同。因此，玩家4可能是卧底。|| 请通过你分析的不一致之处，推断卧底身份，注意，这局游戏的词语分类为<交通工具>，卧底词和平民词都属于该类。
2024-12-13 14:55:43,808 - 2 - INFO - **********PLAYER2**********
根据分析中提到的不一致之处，以下是我对卧底身份的推断：

1. 玩家1、玩家2和玩家3的描述集中在火车的基本特征上，包括长距离运输、多节车厢和固定轨道。

2. 玩家4的描述虽然也提到了长距离运输和承载大量乘客或货物，但特别强调了高速度，并且没有提到多节车厢和固定轨道。

结合这些信息，如果火车是平民词，那么玩家4的描述中强调的高速度可能指向的是高速列车或磁悬浮列车，这些交通工具在速度上与普通火车不同，但在长距离运输和承载能力上与火车有相似之处。因此，考虑到这些描述与火车特征的差异，以及高速作为突出特征，我推断玩家4的卧底词可能是“高速列车”或“磁悬浮列车”。这两个选项都是属于<交通工具>类别，但与普通火车的描述不完全一致。
2024-12-13 14:55:43,809 - 2 - INFO - **********JUDGER**********
你刚刚的推断是根据分析中提到的不一致之处，以下是我对卧底身份的推断：

1. 玩家1、玩家2和玩家3的描述集中在火车的基本特征上，包括长距离运输、多节车厢和固定轨道。

2. 玩家4的描述虽然也提到了长距离运输和承载大量乘客或货物，但特别强调了高速度，并且没有提到多节车厢和固定轨道。

结合这些信息，如果火车是平民词，那么玩家4的描述中强调的高速度可能指向的是高速列车或磁悬浮列车，这些交通工具在速度上与普通火车不同，但在长距离运输和承载能力上与火车有相似之处。因此，考虑到这些描述与火车特征的差异，以及高速作为突出特征，我推断玩家4的卧底词可能是“高速列车”或“磁悬浮列车”。这两个选项都是属于<交通工具>类别，但与普通火车的描述不完全一致。|| 基于你刚刚的推断得出你的最终结论，请输出你认为的卧底，在这种情况下只需要输出编号，是1-4中的某个数字，不要输出其他信息。在这个过程不要进行任何推理，只对||以前的部分进行信息提取
2024-12-13 14:55:44,638 - 2 - INFO - **********PLAYER2**********
4
2024-12-13 14:56:40,912 - 2 - INFO - **********JUDGER**********
玩家1说：它是一种用于长途运输的陆上交通工具，通常具有多节车厢。它在交通工具中最突出的不同特征可能是它的长距离运输能力和较大的载客量。它在陆上行驶时非常平稳，且在同类交通工具中，它的运行速度相对较快，能够在较短时间内完成长途旅行。玩家2说：它是一种用于长距离运输的陆上车辆，通常由多个车厢组成。它在交通工具中最突出的不同特征是它的连续性，能够跨越较长的距离。玩家3说：它是一种能够承载大量乘客和货物，沿着固定轨道运行的交通工具。它在该类中最突出的不同特征是它的高速度和长距离运输能力。玩家4说：它是一种在水中行驶的交通工具，主要用于长途运输。它在同类中最突出的不同特征是它的载客量大，且能够跨越水域。你是第2号玩家，你的关键词是<火车>。你的回答中绝对不能包含你的关键词<火车>。这是第二轮描述，你之前的描述是它是一种用于长距离运输的陆上车辆，通常由多个车厢组成。它在交通工具中最突出的不同特征是它的连续性，能够跨越较长的距离。，注意，这局游戏的词语分类为<交通工具>，卧底词和平民词都属于该类，请你补充关于关键词的描述，注意，你的描述应该比起之前的描述更加贴近关键词，作为之前的补充
2024-12-13 14:56:43,194 - 2 - INFO - **********PLAYER2**********
它是一种在陆地上行驶的交通工具，以其能够连接不同地区而著称。这种交通工具由多个车厢连接，能够在较短时间内完成长途旅行，为乘客和货物提供稳定且高效的运输服务。
2024-12-13 14:57:01,754 - 2 - INFO - **********JUDGER**********
玩家1说：它是一种用于长途运输的陆上交通工具，通常具有多节车厢。它在交通工具中最突出的不同特征可能是它的长距离运输能力和较大的载客量。它在陆上行驶时非常平稳，且在同类交通工具中，它的运行速度相对较快，能够在较短时间内完成长途旅行。玩家2说：它是一种用于长距离运输的陆上车辆，通常由多个车厢组成。它在交通工具中最突出的不同特征是它的连续性，能够跨越较长的距离。它是一种在陆地上行驶的交通工具，以其能够连接不同地区而著称。这种交通工具由多个车厢连接，能够在较短时间内完成长途旅行，为乘客和货物提供稳定且高效的运输服务。玩家3说：它是一种能够承载大量乘客和货物，沿着固定轨道运行的交通工具。它在该类中最突出的不同特征是它的高速度和长距离运输能力。它是一种在陆地上行驶的交通工具，通常由多节车厢组成，能够提供快速且稳定的长距离运输服务。它的设计允许它跨越广阔的区域，连接城市和国家，是现代交通网络中不可或缺的一部分。玩家4说：它是一种在水中行驶的交通工具，主要用于长途运输。它在同类中最突出的不同特征是它的载客量大，且能够跨越水域。||在这个游戏中，我们需要通过分析每位玩家的描述来找出卧底。通常，平民的描述会围绕相同的词语展开，而卧底的描述可能会因为词语的不同而显得不太一致。我们需要仔细比较每个描述之间的相似性和差异性，以找出可能的卧底，注意，卧底并不会隐藏自己，他会直接描述他的词语，现在，逐一分析每个玩家的描述，注意，这局游戏的词语分类为<交通工具>，卧底词和平民词都属于该类。||之前是第2轮描述和之前轮数描述的合集。你之前认为的卧底是玩家4。
2024-12-13 14:57:04,079 - 2 - INFO - **********PLAYER2**********
根据玩家4的描述，他提到了“在水中行驶的交通工具”和“跨越水域”，这与火车和之前其他玩家描述的陆上交通工具特征不符。因此，基于描述的差异性和游戏规则，我仍然认为玩家4是卧底。
2024-12-13 14:57:04,079 - 2 - INFO - **********JUDGER**********
你刚刚的分析是根据玩家4的描述，他提到了“在水中行驶的交通工具”和“跨越水域”，这与火车和之前其他玩家描述的陆上交通工具特征不符。因此，基于描述的差异性和游戏规则，我仍然认为玩家4是卧底。|| `请根据上述分析，比较描述以找出不一致之处，注意，这局游戏的词语分类为<交通工具>，卧底词和平民词都属于该类。
2024-12-13 14:57:17,312 - 2 - INFO - **********PLAYER2**********
根据上述分析，以下是一致性和不一致之处的比较：

一致之处：
- 所有玩家的描述都提到了“长距离运输”。
- 所有玩家的描述都提到了“多节车厢”。
- 所有玩家的描述都提到了“能够连接不同地区”或“跨越较长的距离”。

不一致之处：
- 玩家4的描述提到了“在水中行驶的交通工具”和“跨越水域”，这与陆上交通工具的特征不符。
- 玩家4的描述没有提到“陆上行驶”或“固定轨道”，这是火车和其他玩家描述中常见的特征。
- 玩家4的描述提到了“载客量大”，但没有强调“平稳”或“运行速度相对较快”，这些是其他玩家描述中提到的火车的特征。

基于这些不一致之处，玩家4的描述与火车这一陆上交通工具的特征不匹配，因此可以推断玩家4的词语不属于同一类别，即玩家4可能是卧底。
2024-12-13 14:57:17,316 - 2 - INFO - **********JUDGER**********
你刚刚的分析是根据上述分析，以下是一致性和不一致之处的比较：

一致之处：
- 所有玩家的描述都提到了“长距离运输”。
- 所有玩家的描述都提到了“多节车厢”。
- 所有玩家的描述都提到了“能够连接不同地区”或“跨越较长的距离”。

不一致之处：
- 玩家4的描述提到了“在水中行驶的交通工具”和“跨越水域”，这与陆上交通工具的特征不符。
- 玩家4的描述没有提到“陆上行驶”或“固定轨道”，这是火车和其他玩家描述中常见的特征。
- 玩家4的描述提到了“载客量大”，但没有强调“平稳”或“运行速度相对较快”，这些是其他玩家描述中提到的火车的特征。

基于这些不一致之处，玩家4的描述与火车这一陆上交通工具的特征不匹配，因此可以推断玩家4的词语不属于同一类别，即玩家4可能是卧底。|| 请通过你分析的不一致之处，推断卧底身份，注意，这局游戏的词语分类为<交通工具>，卧底词和平民词都属于该类。
2024-12-13 14:57:22,722 - 2 - INFO - **********PLAYER2**********
根据分析的不一致之处，玩家4的描述中提到“在水中行驶的交通工具”和“跨越水域”，这与陆上交通工具的分类不符。因此，结合游戏规则和词语分类，我推断玩家4的卧底词可能是“轮船”或“渡轮”，这两种交通工具在水中行驶，用于长途运输，并且具有较大的载客量。
2024-12-13 14:57:22,722 - 2 - INFO - **********JUDGER**********
你刚刚的推断是根据分析的不一致之处，玩家4的描述中提到“在水中行驶的交通工具”和“跨越水域”，这与陆上交通工具的分类不符。因此，结合游戏规则和词语分类，我推断玩家4的卧底词可能是“轮船”或“渡轮”，这两种交通工具在水中行驶，用于长途运输，并且具有较大的载客量。|| 基于你刚刚的推断得出你的最终结论，请输出你认为的卧底，在这种情况下只需要输出编号，是1-4中的某个数字，不要输出其他信息。在这个过程不要进行任何推理，只对||以前的部分进行信息提取
2024-12-13 14:57:23,599 - 2 - INFO - **********PLAYER2**********
4
2024-12-13 14:57:57,896 - 2 - INFO - **********JUDGER**********
玩家1说：它是一种用于长途运输的陆上交通工具，通常具有多节车厢。它在交通工具中最突出的不同特征可能是它的长距离运输能力和较大的载客量。它在陆上行驶时非常平稳，且在同类交通工具中，它的运行速度相对较快，能够在较短时间内完成长途旅行。它具有高效的调度系统，能够确保运输的准时性和可靠性，同时在夜间或恶劣天气条件下也能保持运行。玩家2说：它是一种用于长距离运输的陆上车辆，通常由多个车厢组成。它在交通工具中最突出的不同特征是它的连续性，能够跨越较长的距离。它是一种在陆地上行驶的交通工具，以其能够连接不同地区而著称。这种交通工具由多个车厢连接，能够在较短时间内完成长途旅行，为乘客和货物提供稳定且高效的运输服务。玩家3说：它是一种能够承载大量乘客和货物，沿着固定轨道运行的交通工具。它在该类中最突出的不同特征是它的高速度和长距离运输能力。它是一种在陆地上行驶的交通工具，通常由多节车厢组成，能够提供快速且稳定的长距离运输服务。它的设计允许它跨越广阔的区域，连接城市和国家，是现代交通网络中不可或缺的一部分。玩家4说：它是一种在水中行驶的交通工具，主要用于长途运输。它在同类中最突出的不同特征是它的载客量大，且能够跨越水域。它是一种能够承载大量乘客和货物的海上交通工具，以其在大海上的航行能力而著称。它在同类中最突出的不同特征是能够在不同的海域间进行长距离的航行。你是第2号玩家，你的关键词是<火车>。你的回答中绝对不能包含你的关键词<火车>。这是第三轮描述，你之前的描述是它是一种用于长距离运输的陆上车辆，通常由多个车厢组成。它在交通工具中最突出的不同特征是它的连续性，能够跨越较长的距离。和它是一种在陆地上行驶的交通工具，以其能够连接不同地区而著称。这种交通工具由多个车厢连接，能够在较短时间内完成长途旅行，为乘客和货物提供稳定且高效的运输服务。，注意，这局游戏的词语分类为<交通工具>，卧底词和平民词都属于该类，请你补充关于关键词的描述，注意，你的描述应该比起之前的描述更加贴近关键词，作为之前的补充
2024-12-13 14:58:00,172 - 2 - INFO - **********PLAYER2**********
它是一种高效的陆上交通工具，以其在固定轨道上的快速运行而闻名。这种交通工具能够连接遥远的地方，为人们提供快速、稳定的长途旅行体验。
2024-12-13 14:58:21,061 - 2 - INFO - **********JUDGER**********
玩家1说：它是一种用于长途运输的陆上交通工具，通常具有多节车厢。它在交通工具中最突出的不同特征可能是它的长距离运输能力和较大的载客量。它在陆上行驶时非常平稳，且在同类交通工具中，它的运行速度相对较快，能够在较短时间内完成长途旅行。它具有高效的调度系统，能够确保运输的准时性和可靠性，同时在夜间或恶劣天气条件下也能保持运行。玩家2说：它是一种用于长距离运输的陆上车辆，通常由多个车厢组成。它在交通工具中最突出的不同特征是它的连续性，能够跨越较长的距离。它是一种在陆地上行驶的交通工具，以其能够连接不同地区而著称。这种交通工具由多个车厢连接，能够在较短时间内完成长途旅行，为乘客和货物提供稳定且高效的运输服务。它是一种高效的陆上交通工具，以其在固定轨道上的快速运行而闻名。这种交通工具能够连接遥远的地方，为人们提供快速、稳定的长途旅行体验。玩家3说：它是一种能够承载大量乘客和货物，沿着固定轨道运行的交通工具。它在该类中最突出的不同特征是它的高速度和长距离运输能力。它是一种在陆地上行驶的交通工具，通常由多节车厢组成，能够提供快速且稳定的长距离运输服务。它的设计允许它跨越广阔的区域，连接城市和国家，是现代交通网络中不可或缺的一部分。它是一种在陆地上运行的交通工具，以其高速和连续性著称，能够在短时间内完成长途旅行。它的特点是固定的轨道和高效的调度系统，确保了运输的准时性和可靠性。玩家4说：它是一种在水中行驶的交通工具，主要用于长途运输。它在同类中最突出的不同特征是它的载客量大，且能够跨越水域。它是一种能够承载大量乘客和货物的海上交通工具，以其在大海上的航行能力而著称。它在同类中最突出的不同特征是能够在不同的海域间进行长距离的航行。它是一种大型的海上航行工具，特别适合跨越广阔的海域进行长途运输。||在这个游戏中，我们需要通过分析每位玩家的描述来找出卧底。通常，平民的描述会围绕相同的词语展开，而卧底的描述可能会因为词语的不同而显得不太一致。我们需要仔细比较每个描述之间的相似性和差异性，以找出可能的卧底，注意，卧底并不会隐藏自己，他会直接描述他的词语，现在，逐一分析每个玩家的描述，注意，这局游戏的词语分类为<交通工具>，卧底词和平民词都属于该类。||之前是第3轮描述和之前轮数描述的合集。你之前认为的卧底是玩家4。
2024-12-13 14:58:31,169 - 2 - INFO - **********PLAYER2**********
根据玩家的描述，以下是我的分析：

玩家1、玩家2和玩家3的描述都强调了以下特征：
- 长距离运输
- 多节车厢
- 高效的调度系统
- 快速运行
- 连接不同地区或城市和国家
- 固定轨道
- 稳定性和可靠性

玩家4的描述则强调了以下特征：
- 跨越水域
- 承载大量乘客和货物
- 海上航行能力
- 长距离航行
- 大型海上航行工具

玩家4的描述与陆地交通工具的特征不符，特别是关于“跨越水域”和“海上航行能力”的描述，这与其他玩家描述的陆上交通工具（如火车）明显不同。因此，基于描述的差异性和游戏规则，我仍然认为玩家4的词语不属于同一类别，即玩家4可能是卧底。
2024-12-13 14:58:31,170 - 2 - INFO - **********JUDGER**********
你刚刚的分析是根据玩家的描述，以下是我的分析：

玩家1、玩家2和玩家3的描述都强调了以下特征：
- 长距离运输
- 多节车厢
- 高效的调度系统
- 快速运行
- 连接不同地区或城市和国家
- 固定轨道
- 稳定性和可靠性

玩家4的描述则强调了以下特征：
- 跨越水域
- 承载大量乘客和货物
- 海上航行能力
- 长距离航行
- 大型海上航行工具

玩家4的描述与陆地交通工具的特征不符，特别是关于“跨越水域”和“海上航行能力”的描述，这与其他玩家描述的陆上交通工具（如火车）明显不同。因此，基于描述的差异性和游戏规则，我仍然认为玩家4的词语不属于同一类别，即玩家4可能是卧底。|| `请根据上述分析，比较描述以找出不一致之处，注意，这局游戏的词语分类为<交通工具>，卧底词和平民词都属于该类。
2024-12-13 14:58:38,915 - 2 - INFO - **********PLAYER2**********
根据上述分析，不一致之处如下：

1. 玩家1、玩家2和玩家3的描述都集中在陆上交通工具，如火车，它们强调了长距离运输、多节车厢、固定轨道、快速运行、高效的调度系统、稳定性、可靠性以及连接不同地区。

2. 玩家4的描述则集中在水中行驶的交通工具，即海上航行工具，它强调了跨越水域、海上航行能力、长距离航行、大型海上航行工具，以及承载大量乘客和货物。

玩家4的描述与陆地交通工具的特征不匹配，因为它们提到了“跨越水域”和“海上航行能力”，这与陆上交通工具的固定轨道和陆地行驶特性相矛盾。因此，玩家4的描述与玩家1、玩家2和玩家3的描述不一致。
2024-12-13 14:58:38,916 - 2 - INFO - **********JUDGER**********
你刚刚的分析是根据上述分析，不一致之处如下：

1. 玩家1、玩家2和玩家3的描述都集中在陆上交通工具，如火车，它们强调了长距离运输、多节车厢、固定轨道、快速运行、高效的调度系统、稳定性、可靠性以及连接不同地区。

2. 玩家4的描述则集中在水中行驶的交通工具，即海上航行工具，它强调了跨越水域、海上航行能力、长距离航行、大型海上航行工具，以及承载大量乘客和货物。

玩家4的描述与陆地交通工具的特征不匹配，因为它们提到了“跨越水域”和“海上航行能力”，这与陆上交通工具的固定轨道和陆地行驶特性相矛盾。因此，玩家4的描述与玩家1、玩家2和玩家3的描述不一致。|| 请通过你分析的不一致之处，推断卧底身份，注意，这局游戏的词语分类为<交通工具>，卧底词和平民词都属于该类。
2024-12-13 14:58:39,994 - 2 - INFO - **********PLAYER2**********
4
2024-12-13 14:58:39,995 - 2 - INFO - **********JUDGER**********
你刚刚的推断是4|| 基于你刚刚的推断得出你的最终结论，请输出你认为的卧底，在这种情况下只需要输出编号，是1-4中的某个数字，不要输出其他信息。在这个过程不要进行任何推理，只对||以前的部分进行信息提取
2024-12-13 14:58:41,210 - 2 - INFO - **********PLAYER2**********
4
