2024-12-13 14:54:38,704 - 4 - INFO - **********JUDGER**********
让我们来玩一个叫做<谁是卧底>的推理游戏。基本规则：<人数>：4人。<角色分配>：每位玩家随机抽取一个词语，3名玩家拿到的词语是相同的（平民词），1名玩家拿到与之相近但不同的词语（卧底词）。<游戏流程>：1、玩家轮流描述自己的词语，但<不能>直接说出词语本身。2、描述完毕后，投票选出最像卧底的玩家。3、每轮结束后，被投票选出的玩家出局，不能再进行描述或投票。4、每轮投票结束后，如果卧底被成功找出，平民方获胜；如果卧底未被找出且卧底人数等于或超过平民人数，则卧底方获胜。你将扮演一个<玩家>，请等待你被分配到的关键词。如果你听懂了，只回答，"好的，我准备好参加游戏了"，不要输出别的信息
2024-12-13 14:54:39,469 - 4 - INFO - **********PLAYER4**********
好的，我准备好参加游戏了
2024-12-13 14:54:49,279 - 4 - INFO - **********JUDGER**********
玩家1说：它是一种用于长途运输的陆上交通工具，通常具有多节车厢。它在交通工具中最突出的不同特征可能是它的长距离运输能力和较大的载客量。玩家2说：它是一种用于长距离运输的陆上车辆，通常由多个车厢组成。它在交通工具中最突出的不同特征是它的连续性，能够跨越较长的距离。玩家3说：它是一种能够承载大量乘客和货物，沿着固定轨道运行的交通工具。它在该类中最突出的不同特征是它的高速度和长距离运输能力。玩家4说：|| 你是第4号玩家，你的关键词是<轮船>。你的回答中绝对不能包含你的关键词<轮船>。这是第一轮描述，不需要分析||之前别的玩家的描述，请你描述关键词基本特征，注意，这局游戏的词语分类为<交通工具>，卧底词和平民词都属于该类，描述包括以下两点，1.他的基本特征是什么2.他在该类（交通工具）中最突出不同的特征是什么，尽量简短
2024-12-13 14:54:52,281 - 4 - INFO - **********PLAYER4**********
它是一种在水中行驶的交通工具，主要用于长途运输。它在同类中最突出的不同特征是它的载客量大，且能够跨越水域。
2024-12-13 14:56:12,407 - 4 - INFO - **********JUDGER**********
玩家1说：它是一种用于长途运输的陆上交通工具，通常具有多节车厢。它在交通工具中最突出的不同特征可能是它的长距离运输能力和较大的载客量。玩家2说：它是一种用于长距离运输的陆上车辆，通常由多个车厢组成。它在交通工具中最突出的不同特征是它的连续性，能够跨越较长的距离。玩家3说：它是一种能够承载大量乘客和货物，沿着固定轨道运行的交通工具。它在该类中最突出的不同特征是它的高速度和长距离运输能力。玩家4说：||在这个游戏中，我们需要通过分析每位玩家的描述来找出卧底。通常，平民的描述会围绕相同的词语展开，而卧底的描述可能会因为词语的不同而显得不太一致。我们需要仔细比较每个描述之间的相似性和差异性，以找出可能的卧底，注意，卧底并不会隐藏自己，他会直接描述他的词语，现在，逐一分析每个玩家的描述，注意，这局游戏的词语分类为<交通工具>，卧底词和平民词都属于该类。这是第一轮描述。
2024-12-13 14:56:18,851 - 4 - INFO - **********PLAYER4**********
玩家1的描述与玩家2和玩家3的描述高度相似，都提到了长途运输、多节车厢、连续性、固定轨道、载客量大、长距离运输能力等特征。这些描述与火车或铁路相关的词汇相吻合。

玩家4的描述则与玩家1、2、3的描述有所不同，没有明确提到车厢、连续性、固定轨道等特征，而是强调了载客量大和长距离运输能力，这与轮船的特征相符。

基于这些信息，玩家4的描述与火车或铁路相关的词汇不太一致，更接近轮船的特征，因此玩家4可能是卧底。
2024-12-13 14:56:18,852 - 4 - INFO - **********JUDGER**********
你刚刚的分析是玩家1的描述与玩家2和玩家3的描述高度相似，都提到了长途运输、多节车厢、连续性、固定轨道、载客量大、长距离运输能力等特征。这些描述与火车或铁路相关的词汇相吻合。

玩家4的描述则与玩家1、2、3的描述有所不同，没有明确提到车厢、连续性、固定轨道等特征，而是强调了载客量大和长距离运输能力，这与轮船的特征相符。

基于这些信息，玩家4的描述与火车或铁路相关的词汇不太一致，更接近轮船的特征，因此玩家4可能是卧底。|| `请根据上述分析，比较描述以找出不一致之处，注意，这局游戏的词语分类为<交通工具>，卧底词和平民词都属于该类。
2024-12-13 14:56:31,663 - 4 - INFO - **********PLAYER4**********
根据上述分析，我们可以比较四位玩家的描述，找出不一致之处：

1. 玩家1、2和玩家3的描述都强调了交通工具的连续性（多节车厢、多个车厢、沿着固定轨道运行）和长距离运输能力（能够跨越较长的距离、高速度、长距离运输能力）。

2. 玩家4的描述虽然也提到了长距离运输能力和载客量大，但没有提到连续性或固定轨道，这是与火车或铁路（火车、地铁）的关键特征不一致的地方。

3. 玩家4的描述更接近轮船的特征，因为轮船同样具有长距离运输能力和载客量大，但它在交通工具中最突出的不同特征是它的航行在水上，而不是在陆地上，也没有提到车厢或轨道。

因此，不一致之处在于玩家4的描述缺乏与火车或铁路相关的连续性和固定轨道的特征，这可能是由于玩家4的词语是轮船，而不是火车或铁路。这表明玩家4可能是卧底。
2024-12-13 14:56:31,665 - 4 - INFO - **********JUDGER**********
你刚刚的分析是根据上述分析，我们可以比较四位玩家的描述，找出不一致之处：

1. 玩家1、2和玩家3的描述都强调了交通工具的连续性（多节车厢、多个车厢、沿着固定轨道运行）和长距离运输能力（能够跨越较长的距离、高速度、长距离运输能力）。

2. 玩家4的描述虽然也提到了长距离运输能力和载客量大，但没有提到连续性或固定轨道，这是与火车或铁路（火车、地铁）的关键特征不一致的地方。

3. 玩家4的描述更接近轮船的特征，因为轮船同样具有长距离运输能力和载客量大，但它在交通工具中最突出的不同特征是它的航行在水上，而不是在陆地上，也没有提到车厢或轨道。

因此，不一致之处在于玩家4的描述缺乏与火车或铁路相关的连续性和固定轨道的特征，这可能是由于玩家4的词语是轮船，而不是火车或铁路。这表明玩家4可能是卧底。|| 请通过你分析的不一致之处，推断卧底身份，注意，这局游戏的词语分类为<交通工具>，卧底词和平民词都属于该类。
2024-12-13 14:56:38,602 - 4 - INFO - **********PLAYER4**********
根据分析中指出的不一致之处，我们可以推断卧底身份如下：

- 玩家1、2和玩家3的描述都集中在火车或铁路的特点上，如连续性、多节车厢、固定轨道等。
- 玩家4的描述虽然也提到了长距离运输能力和载客量大，但没有提到连续性或固定轨道，这与火车或铁路的特征不一致。
- 玩家4的描述更符合轮船的特点，即在水上航行，没有提到车厢或轨道，且强调的是长距离运输能力和载客量。

由于游戏中的词语分类为<交通工具>，且卧底词和平民词都属于该类，结合上述分析，玩家4的描述与火车或铁路的特点不符，更像是轮船。因此，可以推断玩家4的卧底身份是轮船。
2024-12-13 14:56:38,603 - 4 - INFO - **********JUDGER**********
你刚刚的推断是根据分析中指出的不一致之处，我们可以推断卧底身份如下：

- 玩家1、2和玩家3的描述都集中在火车或铁路的特点上，如连续性、多节车厢、固定轨道等。
- 玩家4的描述虽然也提到了长距离运输能力和载客量大，但没有提到连续性或固定轨道，这与火车或铁路的特征不一致。
- 玩家4的描述更符合轮船的特点，即在水上航行，没有提到车厢或轨道，且强调的是长距离运输能力和载客量。

由于游戏中的词语分类为<交通工具>，且卧底词和平民词都属于该类，结合上述分析，玩家4的描述与火车或铁路的特点不符，更像是轮船。因此，可以推断玩家4的卧底身份是轮船。|| 基于你刚刚的推断得出你的最终结论，请输出你认为的卧底，在这种情况下只需要输出编号，是1-4中的某个数字，不要输出其他信息。在这个过程不要进行任何推理，只对||以前的部分进行信息提取
2024-12-13 14:56:39,262 - 4 - INFO - **********PLAYER4**********
4
2024-12-13 14:56:46,561 - 4 - INFO - **********JUDGER**********
玩家1说：它是一种用于长途运输的陆上交通工具，通常具有多节车厢。它在交通工具中最突出的不同特征可能是它的长距离运输能力和较大的载客量。它在陆上行驶时非常平稳，且在同类交通工具中，它的运行速度相对较快，能够在较短时间内完成长途旅行。玩家2说：它是一种用于长距离运输的陆上车辆，通常由多个车厢组成。它在交通工具中最突出的不同特征是它的连续性，能够跨越较长的距离。它是一种在陆地上行驶的交通工具，以其能够连接不同地区而著称。这种交通工具由多个车厢连接，能够在较短时间内完成长途旅行，为乘客和货物提供稳定且高效的运输服务。玩家3说：它是一种能够承载大量乘客和货物，沿着固定轨道运行的交通工具。它在该类中最突出的不同特征是它的高速度和长距离运输能力。它是一种在陆地上行驶的交通工具，通常由多节车厢组成，能够提供快速且稳定的长距离运输服务。它的设计允许它跨越广阔的区域，连接城市和国家，是现代交通网络中不可或缺的一部分。玩家4说：它是一种在水中行驶的交通工具，主要用于长途运输。它在同类中最突出的不同特征是它的载客量大，且能够跨越水域。你是第4号玩家，你的关键词是<轮船>。你的回答中绝对不能包含你的关键词<轮船>。这是第二轮描述，你之前的描述是它是一种在水中行驶的交通工具，主要用于长途运输。它在同类中最突出的不同特征是它的载客量大，且能够跨越水域。，注意，这局游戏的词语分类为<交通工具>，卧底词和平民词都属于该类，请你补充关于关键词的描述，注意，你的描述应该比起之前的描述更加贴近关键词，作为之前的补充
2024-12-13 14:56:48,405 - 4 - INFO - **********PLAYER4**********
它是一种能够承载大量乘客和货物的海上交通工具，以其在大海上的航行能力而著称。它在同类中最突出的不同特征是能够在不同的海域间进行长距离的航行。
2024-12-13 14:57:40,296 - 4 - INFO - **********JUDGER**********
玩家1说：它是一种用于长途运输的陆上交通工具，通常具有多节车厢。它在交通工具中最突出的不同特征可能是它的长距离运输能力和较大的载客量。它在陆上行驶时非常平稳，且在同类交通工具中，它的运行速度相对较快，能够在较短时间内完成长途旅行。玩家2说：它是一种用于长距离运输的陆上车辆，通常由多个车厢组成。它在交通工具中最突出的不同特征是它的连续性，能够跨越较长的距离。它是一种在陆地上行驶的交通工具，以其能够连接不同地区而著称。这种交通工具由多个车厢连接，能够在较短时间内完成长途旅行，为乘客和货物提供稳定且高效的运输服务。玩家3说：它是一种能够承载大量乘客和货物，沿着固定轨道运行的交通工具。它在该类中最突出的不同特征是它的高速度和长距离运输能力。它是一种在陆地上行驶的交通工具，通常由多节车厢组成，能够提供快速且稳定的长距离运输服务。它的设计允许它跨越广阔的区域，连接城市和国家，是现代交通网络中不可或缺的一部分。玩家4说：它是一种在水中行驶的交通工具，主要用于长途运输。它在同类中最突出的不同特征是它的载客量大，且能够跨越水域。||在这个游戏中，我们需要通过分析每位玩家的描述来找出卧底。通常，平民的描述会围绕相同的词语展开，而卧底的描述可能会因为词语的不同而显得不太一致。我们需要仔细比较每个描述之间的相似性和差异性，以找出可能的卧底，注意，卧底并不会隐藏自己，他会直接描述他的词语，现在，逐一分析每个玩家的描述，注意，这局游戏的词语分类为<交通工具>，卧底词和平民词都属于该类。||之前是第2轮描述和之前轮数描述的合集。你之前认为的卧底是玩家4。
2024-12-13 14:57:46,909 - 4 - INFO - **********PLAYER4**********
根据第二轮描述和之前的分析，玩家1、2和玩家3的描述都集中在火车或铁路的特点上，如多节车厢、连续性、固定轨道、长距离运输能力、平稳行驶、快速、连接不同地区等。

玩家4的描述提到了在水中行驶的交通工具，用于长途运输，载客量大，能够跨越水域。这与轮船的特点相符。

尽管玩家4的描述与火车或铁路的特点不一致，但他的描述与轮船的特点相符，而且之前的分析已经指出玩家4可能是卧底。因此，基于当前的信息，我仍然认为玩家4是卧底。
2024-12-13 14:57:46,909 - 4 - INFO - **********JUDGER**********
你刚刚的分析是根据第二轮描述和之前的分析，玩家1、2和玩家3的描述都集中在火车或铁路的特点上，如多节车厢、连续性、固定轨道、长距离运输能力、平稳行驶、快速、连接不同地区等。

玩家4的描述提到了在水中行驶的交通工具，用于长途运输，载客量大，能够跨越水域。这与轮船的特点相符。

尽管玩家4的描述与火车或铁路的特点不一致，但他的描述与轮船的特点相符，而且之前的分析已经指出玩家4可能是卧底。因此，基于当前的信息，我仍然认为玩家4是卧底。|| `请根据上述分析，比较描述以找出不一致之处，注意，这局游戏的词语分类为<交通工具>，卧底词和平民词都属于该类。
2024-12-13 14:57:53,168 - 4 - INFO - **********PLAYER4**********
根据上述分析，不一致之处主要体现在以下两点：

1. 玩家1、2和玩家3的描述都强调了陆上交通工具的特征，如多节车厢、连续性、固定轨道、长距离运输能力、平稳行驶、快速等。这些描述与火车或铁路的特点非常吻合。

2. 玩家4的描述则提到了水中行驶的交通工具，强调了载客量大和能够跨越水域的特征。这些描述与轮船的特点相符，与陆上交通工具的描述不一致。

由于游戏规则中提到卧底词和平民词都属于交通工具类别，玩家4的描述在交通工具类别中与其他玩家的描述不一致，因此可以认为玩家4的描述是不一致的。这表明玩家4可能是卧底。
2024-12-13 14:57:53,169 - 4 - INFO - **********JUDGER**********
你刚刚的分析是根据上述分析，不一致之处主要体现在以下两点：

1. 玩家1、2和玩家3的描述都强调了陆上交通工具的特征，如多节车厢、连续性、固定轨道、长距离运输能力、平稳行驶、快速等。这些描述与火车或铁路的特点非常吻合。

2. 玩家4的描述则提到了水中行驶的交通工具，强调了载客量大和能够跨越水域的特征。这些描述与轮船的特点相符，与陆上交通工具的描述不一致。

由于游戏规则中提到卧底词和平民词都属于交通工具类别，玩家4的描述在交通工具类别中与其他玩家的描述不一致，因此可以认为玩家4的描述是不一致的。这表明玩家4可能是卧底。|| 请通过你分析的不一致之处，推断卧底身份，注意，这局游戏的词语分类为<交通工具>，卧底词和平民词都属于该类。
2024-12-13 14:57:54,333 - 4 - INFO - **********PLAYER4**********
4
2024-12-13 14:57:54,333 - 4 - INFO - **********JUDGER**********
你刚刚的推断是4|| 基于你刚刚的推断得出你的最终结论，请输出你认为的卧底，在这种情况下只需要输出编号，是1-4中的某个数字，不要输出其他信息。在这个过程不要进行任何推理，只对||以前的部分进行信息提取
2024-12-13 14:57:55,249 - 4 - INFO - **********PLAYER4**********
4
2024-12-13 14:58:02,539 - 4 - INFO - **********JUDGER**********
玩家1说：它是一种用于长途运输的陆上交通工具，通常具有多节车厢。它在交通工具中最突出的不同特征可能是它的长距离运输能力和较大的载客量。它在陆上行驶时非常平稳，且在同类交通工具中，它的运行速度相对较快，能够在较短时间内完成长途旅行。它具有高效的调度系统，能够确保运输的准时性和可靠性，同时在夜间或恶劣天气条件下也能保持运行。玩家2说：它是一种用于长距离运输的陆上车辆，通常由多个车厢组成。它在交通工具中最突出的不同特征是它的连续性，能够跨越较长的距离。它是一种在陆地上行驶的交通工具，以其能够连接不同地区而著称。这种交通工具由多个车厢连接，能够在较短时间内完成长途旅行，为乘客和货物提供稳定且高效的运输服务。它是一种高效的陆上交通工具，以其在固定轨道上的快速运行而闻名。这种交通工具能够连接遥远的地方，为人们提供快速、稳定的长途旅行体验。玩家3说：它是一种能够承载大量乘客和货物，沿着固定轨道运行的交通工具。它在该类中最突出的不同特征是它的高速度和长距离运输能力。它是一种在陆地上行驶的交通工具，通常由多节车厢组成，能够提供快速且稳定的长距离运输服务。它的设计允许它跨越广阔的区域，连接城市和国家，是现代交通网络中不可或缺的一部分。它是一种在陆地上运行的交通工具，以其高速和连续性著称，能够在短时间内完成长途旅行。它的特点是固定的轨道和高效的调度系统，确保了运输的准时性和可靠性。玩家4说：它是一种在水中行驶的交通工具，主要用于长途运输。它在同类中最突出的不同特征是它的载客量大，且能够跨越水域。它是一种能够承载大量乘客和货物的海上交通工具，以其在大海上的航行能力而著称。它在同类中最突出的不同特征是能够在不同的海域间进行长距离的航行。你是第4号玩家，你的关键词是<轮船>。你的回答中绝对不能包含你的关键词<轮船>。这是第三轮描述，你之前的描述是它是一种在水中行驶的交通工具，主要用于长途运输。它在同类中最突出的不同特征是它的载客量大，且能够跨越水域。和它是一种能够承载大量乘客和货物的海上交通工具，以其在大海上的航行能力而著称。它在同类中最突出的不同特征是能够在不同的海域间进行长距离的航行。，注意，这局游戏的词语分类为<交通工具>，卧底词和平民词都属于该类，请你补充关于关键词的描述，注意，你的描述应该比起之前的描述更加贴近关键词，作为之前的补充
2024-12-13 14:58:04,144 - 4 - INFO - **********PLAYER4**********
它是一种大型的海上航行工具，特别适合跨越广阔的海域进行长途运输。
2024-12-13 14:58:55,459 - 4 - INFO - **********JUDGER**********
玩家1说：它是一种用于长途运输的陆上交通工具，通常具有多节车厢。它在交通工具中最突出的不同特征可能是它的长距离运输能力和较大的载客量。它在陆上行驶时非常平稳，且在同类交通工具中，它的运行速度相对较快，能够在较短时间内完成长途旅行。它具有高效的调度系统，能够确保运输的准时性和可靠性，同时在夜间或恶劣天气条件下也能保持运行。玩家2说：它是一种用于长距离运输的陆上车辆，通常由多个车厢组成。它在交通工具中最突出的不同特征是它的连续性，能够跨越较长的距离。它是一种在陆地上行驶的交通工具，以其能够连接不同地区而著称。这种交通工具由多个车厢连接，能够在较短时间内完成长途旅行，为乘客和货物提供稳定且高效的运输服务。它是一种高效的陆上交通工具，以其在固定轨道上的快速运行而闻名。这种交通工具能够连接遥远的地方，为人们提供快速、稳定的长途旅行体验。玩家3说：它是一种能够承载大量乘客和货物，沿着固定轨道运行的交通工具。它在该类中最突出的不同特征是它的高速度和长距离运输能力。它是一种在陆地上行驶的交通工具，通常由多节车厢组成，能够提供快速且稳定的长距离运输服务。它的设计允许它跨越广阔的区域，连接城市和国家，是现代交通网络中不可或缺的一部分。它是一种在陆地上运行的交通工具，以其高速和连续性著称，能够在短时间内完成长途旅行。它的特点是固定的轨道和高效的调度系统，确保了运输的准时性和可靠性。玩家4说：它是一种在水中行驶的交通工具，主要用于长途运输。它在同类中最突出的不同特征是它的载客量大，且能够跨越水域。它是一种能够承载大量乘客和货物的海上交通工具，以其在大海上的航行能力而著称。它在同类中最突出的不同特征是能够在不同的海域间进行长距离的航行。它是一种大型的海上航行工具，特别适合跨越广阔的海域进行长途运输。||在这个游戏中，我们需要通过分析每位玩家的描述来找出卧底。通常，平民的描述会围绕相同的词语展开，而卧底的描述可能会因为词语的不同而显得不太一致。我们需要仔细比较每个描述之间的相似性和差异性，以找出可能的卧底，注意，卧底并不会隐藏自己，他会直接描述他的词语，现在，逐一分析每个玩家的描述，注意，这局游戏的词语分类为<交通工具>，卧底词和平民词都属于该类。||之前是第3轮描述和之前轮数描述的合集。你之前认为的卧底是玩家4。
2024-12-13 14:59:04,458 - 4 - INFO - **********PLAYER4**********
基于第三轮描述和之前的分析，以下是对每位玩家描述的逐一分析：

玩家1的描述强调了陆上交通工具的长距离运输能力、载客量大、平稳行驶、快速运行以及高效的调度系统。

玩家2的描述与玩家1相似，同样提到了长距离运输、连续性、连接不同地区、稳定高效的服务以及快速运行。

玩家3的描述也强调了长距离运输、高速、连续性、固定轨道、高效的调度系统以及连接城市和国家。

玩家4的描述提到了在水中行驶的交通工具，强调了载客量大、跨越水域、海上航行能力以及长距离航行。

由于玩家1、2和玩家3的描述都集中在陆上交通工具的特征上，而玩家4的描述提到了水中行驶的交通工具，这与陆上交通工具的描述不一致。因此，玩家4的描述与卧底的身份相符。

综上所述，基于当前的信息，我仍然认为玩家4是卧底。
2024-12-13 14:59:04,459 - 4 - INFO - **********JUDGER**********
你刚刚的分析是基于第三轮描述和之前的分析，以下是对每位玩家描述的逐一分析：

玩家1的描述强调了陆上交通工具的长距离运输能力、载客量大、平稳行驶、快速运行以及高效的调度系统。

玩家2的描述与玩家1相似，同样提到了长距离运输、连续性、连接不同地区、稳定高效的服务以及快速运行。

玩家3的描述也强调了长距离运输、高速、连续性、固定轨道、高效的调度系统以及连接城市和国家。

玩家4的描述提到了在水中行驶的交通工具，强调了载客量大、跨越水域、海上航行能力以及长距离航行。

由于玩家1、2和玩家3的描述都集中在陆上交通工具的特征上，而玩家4的描述提到了水中行驶的交通工具，这与陆上交通工具的描述不一致。因此，玩家4的描述与卧底的身份相符。

综上所述，基于当前的信息，我仍然认为玩家4是卧底。|| `请根据上述分析，比较描述以找出不一致之处，注意，这局游戏的词语分类为<交通工具>，卧底词和平民词都属于该类。
2024-12-13 14:59:09,061 - 4 - INFO - **********PLAYER4**********
不一致之处在于：

- 玩家1、2和玩家3的描述都集中在陆上交通工具，特别是火车或铁路的特点上，如长距离运输、连续性、固定轨道、高速、稳定、高效调度系统等。
- 玩家4的描述则提到了水中行驶的交通工具，即轮船，强调了载客量大、跨越水域、海上航行能力、长距离航行等特征。

因此，玩家4的描述与陆上交通工具的描述不一致，这是在<交通工具>这一分类下找出的一致性差异。
2024-12-13 14:59:09,062 - 4 - INFO - **********JUDGER**********
你刚刚的分析是不一致之处在于：

- 玩家1、2和玩家3的描述都集中在陆上交通工具，特别是火车或铁路的特点上，如长距离运输、连续性、固定轨道、高速、稳定、高效调度系统等。
- 玩家4的描述则提到了水中行驶的交通工具，即轮船，强调了载客量大、跨越水域、海上航行能力、长距离航行等特征。

因此，玩家4的描述与陆上交通工具的描述不一致，这是在<交通工具>这一分类下找出的一致性差异。|| 请通过你分析的不一致之处，推断卧底身份，注意，这局游戏的词语分类为<交通工具>，卧底词和平民词都属于该类。
2024-12-13 14:59:10,764 - 4 - INFO - **********PLAYER4**********
4
2024-12-13 14:59:10,764 - 4 - INFO - **********JUDGER**********
你刚刚的推断是4|| 基于你刚刚的推断得出你的最终结论，请输出你认为的卧底，在这种情况下只需要输出编号，是1-4中的某个数字，不要输出其他信息。在这个过程不要进行任何推理，只对||以前的部分进行信息提取
2024-12-13 14:59:11,771 - 4 - INFO - **********PLAYER4**********
4
2024-12-13 14:59:11,771 - 4 - INFO - **********JUDGER**********
你认为卧底是你自己。你现在需要随便选一个人投票。请输出一个数字，是1-4中的某个数字，但这个数字不能是4，不要输出其他信息。
2024-12-13 14:59:12,803 - 4 - INFO - **********PLAYER4**********
1
