2024-12-13 14:40:36,343 - 1 - INFO - **********JUDGER**********
让我们来玩一个叫做<谁是卧底>的推理游戏。基本规则：<人数>：4人。<角色分配>：每位玩家随机抽取一个词语，3名玩家拿到的词语是相同的（平民词），1名玩家拿到与之相近但不同的词语（卧底词）。<游戏流程>：1、玩家轮流描述自己的词语，但<不能>直接说出词语本身。2、描述完毕后，投票选出最像卧底的玩家。3、每轮结束后，被投票选出的玩家出局，不能再进行描述或投票。4、每轮投票结束后，如果卧底被成功找出，平民方获胜；如果卧底未被找出且卧底人数等于或超过平民人数，则卧底方获胜。你将扮演一个<玩家>，请等待你被分配到的关键词。如果你听懂了，只回答，"好的，我准备好参加游戏了"，不要输出别的信息
2024-12-13 14:40:38,522 - 1 - INFO - **********PLAYER1**********
好的，我准备好参加游戏了
2024-12-13 14:40:44,850 - 1 - INFO - **********JUDGER**********
玩家1说：玩家2说：玩家3说：玩家4说：|| 你是第1号玩家，你的关键词是<芒果>。你的回答中绝对不能包含你的关键词<芒果>。这是第一轮描述，不需要分析||之前别的玩家的描述，请你描述关键词基本特征，注意，这局游戏的词语分类为<水果>，卧底词和平民词都属于该类，描述包括以下两点，1.他的基本特征是什么2.他在该类（水果）中最突出不同的特征是什么，尽量简短
2024-12-13 14:40:46,480 - 1 - INFO - **********PLAYER1**********
这个水果有着丰富的汁水，而且颜色鲜艳。它在同类中特别的地方是它的形状比较独特，不像其他水果那么圆润。
2024-12-13 14:40:53,911 - 1 - INFO - **********JUDGER**********
玩家1说：这个水果有着丰富的汁水，而且颜色鲜艳。它在同类中特别的地方是它的形状比较独特，不像其他水果那么圆润。玩家2说：这种水果外表光滑，呈黄色或橙色，富含纤维和维生素。它有一个明显的核，与其他类似水果相比，它的核较大，而且通常比较硬。玩家3说：这个水果通常呈现出绿色，有细小的籽分布在果肉中。它的形状通常较为细长，与常见的圆形水果相比，形状更为独特。玩家4说：||在这个游戏中，我们需要通过分析每位玩家的描述来找出卧底。通常，平民的描述会围绕相同的词语展开，而卧底的描述可能会因为词语的不同而显得不太一致。我们需要仔细比较每个描述之间的相似性和差异性，以找出可能的卧底，注意，卧底并不会隐藏自己，他会直接描述他的词语，现在，逐一分析每个玩家的描述，注意，这局游戏的词语分类为<水果>，卧底词和平民词都属于该类。这是第一轮描述。
2024-12-13 14:41:09,279 - 1 - INFO - **********PLAYER1**********
玩家1的描述提到了丰富的汁水和鲜艳的颜色，以及形状的独特性，但没有具体的颜色或形状描述。
玩家2的描述提到了外表光滑，颜色为黄色或橙色，富含纤维和维生素，核大且硬。
玩家3的描述提到了绿色，细小的籽，形状细长，与圆形水果不同。
玩家4的描述似乎是在引导大家分析，并没有提供关于关键词的具体信息。

从描述中，玩家2和玩家3的描述在颜色和形状上有所不同，而玩家1的描述较为通用，没有特别指出颜色或形状。玩家4的描述更像是在提供分析指南，而不是关于关键词的具体信息。

如果我是卧底，我的描述应该与平民的描述在颜色、形状或特点上有明显的不同。因此，我会注意玩家2和玩家3的描述，看看是否有哪一个与我手中的关键词不符。如果玩家1的描述过于通用，或者玩家4的描述没有提供任何具体信息，那么我可能会怀疑他们中的一个是卧底。如果玩家的描述都非常具体且一致，那么我可能会考虑自己是否是卧底。
2024-12-13 14:41:09,279 - 1 - INFO - **********JUDGER**********
你刚刚的分析是玩家1的描述提到了丰富的汁水和鲜艳的颜色，以及形状的独特性，但没有具体的颜色或形状描述。
玩家2的描述提到了外表光滑，颜色为黄色或橙色，富含纤维和维生素，核大且硬。
玩家3的描述提到了绿色，细小的籽，形状细长，与圆形水果不同。
玩家4的描述似乎是在引导大家分析，并没有提供关于关键词的具体信息。

从描述中，玩家2和玩家3的描述在颜色和形状上有所不同，而玩家1的描述较为通用，没有特别指出颜色或形状。玩家4的描述更像是在提供分析指南，而不是关于关键词的具体信息。

如果我是卧底，我的描述应该与平民的描述在颜色、形状或特点上有明显的不同。因此，我会注意玩家2和玩家3的描述，看看是否有哪一个与我手中的关键词不符。如果玩家1的描述过于通用，或者玩家4的描述没有提供任何具体信息，那么我可能会怀疑他们中的一个是卧底。如果玩家的描述都非常具体且一致，那么我可能会考虑自己是否是卧底。|| `请根据上述分析，比较描述以找出不一致之处，注意，这局游戏的词语分类为<水果>，卧底词和平民词都属于该类。
2024-12-13 14:41:34,404 - 1 - INFO - **********PLAYER1**********
根据上述分析，我们可以比较每位玩家的描述来找出不一致之处：

- 玩家1的描述提到了丰富的汁水和鲜艳的颜色，以及形状的独特性，但没有具体提到颜色或形状，这使得描述比较模糊，难以与其他玩家进行直接比较。

- 玩家2的描述具体提到了黄色或橙色的外表光滑的水果，富含纤维和维生素，核大且硬。这些特点可能与某些特定水果相符，如橙子或柚子。

- 玩家3的描述提到了绿色，细小的籽，形状细长，与圆形水果不同。这些特点可能与某些特定水果相符，如黄瓜或青瓜。

- 玩家4的描述是关于如何分析，而不是关于关键词的具体信息，因此它不参与比较。

不一致之处在于：

- 玩家2和玩家3的描述在颜色和形状上有明显的不同。玩家2描述的是黄色或橙色的光滑水果，而玩家3描述的是绿色的细长水果。这表明他们可能持有的关键词是不同的。

- 玩家1的描述比较模糊，没有提供具体颜色或形状，这使得它难以与其他玩家的具体描述直接比较。

基于这些信息，如果我是卧底，我会考虑以下可能性：

- 如果我是卧底，我的关键词可能与玩家2或玩家3的描述不符，因为他们的描述在颜色和形状上有明显差异。
- 如果我的关键词与玩家1的描述相符，那么我可能会更加谨慎，因为玩家1的描述不够具体，可能隐藏着卧底。

因此，我会倾向于投票给玩家2或玩家3，因为他们提供了更具体的特点，这些特点可能与我的关键词不一致。同时，我也会注意玩家1的描述，因为它可能隐藏着卧底。
2024-12-13 14:41:34,409 - 1 - INFO - **********JUDGER**********
你刚刚的分析是根据上述分析，我们可以比较每位玩家的描述来找出不一致之处：

- 玩家1的描述提到了丰富的汁水和鲜艳的颜色，以及形状的独特性，但没有具体提到颜色或形状，这使得描述比较模糊，难以与其他玩家进行直接比较。

- 玩家2的描述具体提到了黄色或橙色的外表光滑的水果，富含纤维和维生素，核大且硬。这些特点可能与某些特定水果相符，如橙子或柚子。

- 玩家3的描述提到了绿色，细小的籽，形状细长，与圆形水果不同。这些特点可能与某些特定水果相符，如黄瓜或青瓜。

- 玩家4的描述是关于如何分析，而不是关于关键词的具体信息，因此它不参与比较。

不一致之处在于：

- 玩家2和玩家3的描述在颜色和形状上有明显的不同。玩家2描述的是黄色或橙色的光滑水果，而玩家3描述的是绿色的细长水果。这表明他们可能持有的关键词是不同的。

- 玩家1的描述比较模糊，没有提供具体颜色或形状，这使得它难以与其他玩家的具体描述直接比较。

基于这些信息，如果我是卧底，我会考虑以下可能性：

- 如果我是卧底，我的关键词可能与玩家2或玩家3的描述不符，因为他们的描述在颜色和形状上有明显差异。
- 如果我的关键词与玩家1的描述相符，那么我可能会更加谨慎，因为玩家1的描述不够具体，可能隐藏着卧底。

因此，我会倾向于投票给玩家2或玩家3，因为他们提供了更具体的特点，这些特点可能与我的关键词不一致。同时，我也会注意玩家1的描述，因为它可能隐藏着卧底。|| 请通过你分析的不一致之处，推断卧底身份，注意，这局游戏的词语分类为<水果>，卧底词和平民词都属于该类。
2024-12-13 14:41:46,257 - 1 - INFO - **********PLAYER1**********
基于之前的分析，我们可以进行以下推断：

1. 玩家2描述的是黄色或橙色的光滑水果，富含纤维和维生素，核大且硬。这种描述与橙子或柚子相符。

2. 玩家3描述的是绿色，细小的籽，形状细长，与圆形水果不同。这种描述与黄瓜或青瓜相符。

3. 玩家1的描述较为模糊，没有具体提到颜色或形状，这使得它难以直接与其他玩家的具体描述比较。

由于卧底的关键词应该与平民的关键词不同，且都属于<水果>类别，我们可以推断：

- 如果玩家2和玩家3的关键词分别是橙子/柚子和黄瓜/青瓜，那么他们的描述与我的关键词不一致。
- 如果玩家1的关键词是芒果，那么他的描述也会与我的关键词不一致，因为芒果通常不会与“核大且硬”或“细小的籽”等特征相联系。

因此，考虑到芒果的特征是丰富的汁水、鲜艳的颜色和独特的形状（通常不是细长也不是光滑），最有可能的情况是：

- 玩家1是卧底，因为他的描述与芒果的特征相符，而其他玩家的描述与芒果的特征不符。

所以，我会推断玩家1是卧底。
2024-12-13 14:41:46,260 - 1 - INFO - **********JUDGER**********
你刚刚的推断是基于之前的分析，我们可以进行以下推断：

1. 玩家2描述的是黄色或橙色的光滑水果，富含纤维和维生素，核大且硬。这种描述与橙子或柚子相符。

2. 玩家3描述的是绿色，细小的籽，形状细长，与圆形水果不同。这种描述与黄瓜或青瓜相符。

3. 玩家1的描述较为模糊，没有具体提到颜色或形状，这使得它难以直接与其他玩家的具体描述比较。

由于卧底的关键词应该与平民的关键词不同，且都属于<水果>类别，我们可以推断：

- 如果玩家2和玩家3的关键词分别是橙子/柚子和黄瓜/青瓜，那么他们的描述与我的关键词不一致。
- 如果玩家1的关键词是芒果，那么他的描述也会与我的关键词不一致，因为芒果通常不会与“核大且硬”或“细小的籽”等特征相联系。

因此，考虑到芒果的特征是丰富的汁水、鲜艳的颜色和独特的形状（通常不是细长也不是光滑），最有可能的情况是：

- 玩家1是卧底，因为他的描述与芒果的特征相符，而其他玩家的描述与芒果的特征不符。

所以，我会推断玩家1是卧底。|| 基于你刚刚的推断得出你的最终结论，请输出你认为的卧底，在这种情况下只需要输出编号，是1-4中的某个数字，不要输出其他信息。在这个过程不要进行任何推理，只对||以前的部分进行信息提取
2024-12-13 14:41:47,280 - 1 - INFO - **********PLAYER1**********
1
2024-12-13 14:43:27,475 - 1 - INFO - **********JUDGER**********
玩家1说：这个水果有着丰富的汁水，而且颜色鲜艳。它在同类中特别的地方是它的形状比较独特，不像其他水果那么圆润。玩家2说：这种水果外表光滑，呈黄色或橙色，富含纤维和维生素。它有一个明显的核，与其他类似水果相比，它的核较大，而且通常比较硬。玩家3说：这个水果通常呈现出绿色，有细小的籽分布在果肉中。它的形状通常较为细长，与常见的圆形水果相比，形状更为独特。玩家4说：这种水果通常颜色鲜艳，含有丰富的汁水。它的形状较为独特，不像其他水果那样圆润，通常呈细长状。你是第1号玩家，你的关键词是<芒果>。你的回答中绝对不能包含你的关键词<芒果>。这是第二轮描述，你之前的描述是这个水果有着丰富的汁水，而且颜色鲜艳。它在同类中特别的地方是它的形状比较独特，不像其他水果那么圆润。，注意，这局游戏的词语分类为<水果>，卧底词和平民词都属于该类，请你补充关于关键词的描述，注意，你的描述应该比起之前的描述更加贴近关键词，作为之前的补充
2024-12-13 14:43:31,185 - 1 - INFO - **********PLAYER1**********
这个水果的香气非常浓郁，而且它的皮薄易剥，适合鲜食。它的口感独特，纤维较少，不像其他水果那样多汁。
2024-12-13 14:43:42,466 - 1 - INFO - **********JUDGER**********
玩家1说：这个水果有着丰富的汁水，而且颜色鲜艳。它在同类中特别的地方是它的形状比较独特，不像其他水果那么圆润。这个水果的香气非常浓郁，而且它的皮薄易剥，适合鲜食。它的口感独特，纤维较少，不像其他水果那样多汁。玩家2说：这种水果外表光滑，呈黄色或橙色，富含纤维和维生素。它有一个明显的核，与其他类似水果相比，它的核较大，而且通常比较硬。这种水果的果肉细腻，味道甜美，适合直接食用。它的果皮相对柔软，容易剥离，而且它的香味非常吸引人，常常被用来制作各种甜品。与其他水果相比，它的核较小，但仍然明显。玩家3说：这个水果通常呈现出绿色，有细小的籽分布在果肉中。它的形状通常较为细长，与常见的圆形水果相比，形状更为独特。这个水果的果肉口感柔软，甜而不腻，非常适合直接食用。它的皮色呈现出淡黄色，与常见的绿色水果相比，颜色较为独特。玩家4说：这种水果通常颜色鲜艳，含有丰富的汁水。它的形状较为独特，不像其他水果那样圆润，通常呈细长状。||在这个游戏中，我们需要通过分析每位玩家的描述来找出卧底。通常，平民的描述会围绕相同的词语展开，而卧底的描述可能会因为词语的不同而显得不太一致。我们需要仔细比较每个描述之间的相似性和差异性，以找出可能的卧底，注意，卧底并不会隐藏自己，他会直接描述他的词语，现在，逐一分析每个玩家的描述，注意，这局游戏的词语分类为<水果>，卧底词和平民词都属于该类。||之前是第2轮描述和之前轮数描述的合集。你之前认为的卧底是玩家1。
2024-12-13 14:43:56,036 - 1 - INFO - **********PLAYER1**********
玩家1的描述中提到了丰富的汁水、鲜艳的颜色、独特的形状、浓郁的香气、易剥的皮、独特的口感和较少的纤维，这与芒果的特征相符。

玩家2的描述中提到了光滑的外表、黄色或橙色的颜色、富含纤维和维生素、明显的核、柔软的果皮、甜美的味道、吸引人的香味和适合制作甜品，这些特点与橙子或柚子更为吻合。

玩家3的描述中提到了绿色的颜色、细小的籽、细长的形状、柔软的果肉、甜而不腻的味道、淡黄色的皮色，这些特点与黄瓜或青瓜相符。

玩家4的描述中提到了鲜艳的颜色、丰富的汁水、独特的形状、细长的形状，这与芒果的特征相符。

由于玩家1和玩家4的描述都提到了鲜艳的颜色、丰富的汁水、独特的形状和细长的形状，这些特点与芒果相符，而玩家2和玩家3的描述则更偏向于橙子、柚子或黄瓜、青瓜，因此，如果之前的推断是基于描述的相似性，那么两位描述与芒果特征相符的玩家（玩家1和玩家4）都可能是卧底。

然而，由于玩家1的描述在第一轮时已经显示出与芒果特征的高度吻合，而在第二轮中，玩家4的描述更加贴近芒果的特征，因此，如果必须在这两位中选出一个卧底，我会倾向于认为玩家4是卧底，因为他的描述在第二轮中提供了更多的具体信息，而这些信息与芒果的特征更加契合。所以，我的最终结论是玩家4是卧底。
2024-12-13 14:43:56,043 - 1 - INFO - **********JUDGER**********
你刚刚的分析是玩家1的描述中提到了丰富的汁水、鲜艳的颜色、独特的形状、浓郁的香气、易剥的皮、独特的口感和较少的纤维，这与芒果的特征相符。

玩家2的描述中提到了光滑的外表、黄色或橙色的颜色、富含纤维和维生素、明显的核、柔软的果皮、甜美的味道、吸引人的香味和适合制作甜品，这些特点与橙子或柚子更为吻合。

玩家3的描述中提到了绿色的颜色、细小的籽、细长的形状、柔软的果肉、甜而不腻的味道、淡黄色的皮色，这些特点与黄瓜或青瓜相符。

玩家4的描述中提到了鲜艳的颜色、丰富的汁水、独特的形状、细长的形状，这与芒果的特征相符。

由于玩家1和玩家4的描述都提到了鲜艳的颜色、丰富的汁水、独特的形状和细长的形状，这些特点与芒果相符，而玩家2和玩家3的描述则更偏向于橙子、柚子或黄瓜、青瓜，因此，如果之前的推断是基于描述的相似性，那么两位描述与芒果特征相符的玩家（玩家1和玩家4）都可能是卧底。

然而，由于玩家1的描述在第一轮时已经显示出与芒果特征的高度吻合，而在第二轮中，玩家4的描述更加贴近芒果的特征，因此，如果必须在这两位中选出一个卧底，我会倾向于认为玩家4是卧底，因为他的描述在第二轮中提供了更多的具体信息，而这些信息与芒果的特征更加契合。所以，我的最终结论是玩家4是卧底。|| `请根据上述分析，比较描述以找出不一致之处，注意，这局游戏的词语分类为<水果>，卧底词和平民词都属于该类。
2024-12-13 14:44:12,502 - 1 - INFO - **********PLAYER1**********
根据上述分析，我们可以比较每位玩家的描述以找出不一致之处：

- 玩家1的描述在第一轮和第二轮都强调了芒果的汁水丰富、颜色鲜艳、形状独特、香气浓郁、皮薄易剥、口感独特、纤维较少。这些描述与芒果的特征高度一致。

- 玩家2的描述提到了水果光滑的外表、黄色或橙色的颜色、富含纤维和维生素、明显的核、柔软的果皮、甜美的味道、吸引人的香味和适合制作甜品。这些特点更接近于橙子或柚子的特征，而不是芒果，因为芒果的核并不大且硬，果皮也不一定柔软。

- 玩家3的描述提到了水果通常呈现出绿色、有细小的籽、形状细长、果肉口感柔软、甜而不腻、皮色淡黄色。这些特点与黄瓜或青瓜相符，与芒果的特征不符。

- 玩家4的描述在第一轮和第二轮都提到了水果颜色鲜艳、含有丰富的汁水、形状独特、呈细长状。这些描述与芒果的特征相符，但没有提到香气、皮薄易剥、口感独特、纤维较少等特征。

不一致之处在于：

- 玩家2和玩家3的描述与芒果的特征不符，而更符合其他水果的特征。
- 玩家4的描述与芒果的特征相符，但没有提到芒果的其他独特特征，如香气、皮薄易剥、口感独特、纤维较少。

因此，不一致之处主要集中在玩家2和玩家3的描述上，他们与芒果的特征不一致，而玩家4的描述虽然与芒果相符，但没有提供更多细节来排除自己作为卧底的可能性。如果必须在这两位中选出一个卧底，玩家2的描述与芒果的特征差异更大，因此玩家2可能是卧底。
2024-12-13 14:44:12,503 - 1 - INFO - **********JUDGER**********
你刚刚的分析是根据上述分析，我们可以比较每位玩家的描述以找出不一致之处：

- 玩家1的描述在第一轮和第二轮都强调了芒果的汁水丰富、颜色鲜艳、形状独特、香气浓郁、皮薄易剥、口感独特、纤维较少。这些描述与芒果的特征高度一致。

- 玩家2的描述提到了水果光滑的外表、黄色或橙色的颜色、富含纤维和维生素、明显的核、柔软的果皮、甜美的味道、吸引人的香味和适合制作甜品。这些特点更接近于橙子或柚子的特征，而不是芒果，因为芒果的核并不大且硬，果皮也不一定柔软。

- 玩家3的描述提到了水果通常呈现出绿色、有细小的籽、形状细长、果肉口感柔软、甜而不腻、皮色淡黄色。这些特点与黄瓜或青瓜相符，与芒果的特征不符。

- 玩家4的描述在第一轮和第二轮都提到了水果颜色鲜艳、含有丰富的汁水、形状独特、呈细长状。这些描述与芒果的特征相符，但没有提到香气、皮薄易剥、口感独特、纤维较少等特征。

不一致之处在于：

- 玩家2和玩家3的描述与芒果的特征不符，而更符合其他水果的特征。
- 玩家4的描述与芒果的特征相符，但没有提到芒果的其他独特特征，如香气、皮薄易剥、口感独特、纤维较少。

因此，不一致之处主要集中在玩家2和玩家3的描述上，他们与芒果的特征不一致，而玩家4的描述虽然与芒果相符，但没有提供更多细节来排除自己作为卧底的可能性。如果必须在这两位中选出一个卧底，玩家2的描述与芒果的特征差异更大，因此玩家2可能是卧底。|| 请通过你分析的不一致之处，推断卧底身份，注意，这局游戏的词语分类为<水果>，卧底词和平民词都属于该类。
2024-12-13 14:44:23,393 - 1 - INFO - **********PLAYER1**********
根据分析的不一致之处，我们可以推断卧底身份如下：

- 玩家2的描述与芒果的特征差异较大，他提到的水果具有光滑的外表、黄色或橙色的颜色、富含纤维和维生素、明显的核、柔软的果皮、甜美的味道、吸引人的香味和适合制作甜品。这些特点更接近于橙子或柚子的特征，而不是芒果。因此，玩家2的描述与芒果的特征不符，他可能是卧底。

- 玩家3的描述提到了绿色、细小的籽、细长的形状、柔软的果肉、甜而不腻的味道、淡黄色的皮色，这些特点与黄瓜或青瓜相符，与芒果的特征也不符。

- 玩家4的描述与芒果的特征相符，但没有提供关于香气、皮薄易剥、口感独特、纤维较少等特征的具体信息，因此无法确定他是否是卧底。

综合以上分析，玩家2的描述与芒果的特征差异最大，因此我认为玩家2是卧底。
2024-12-13 14:44:23,396 - 1 - INFO - **********JUDGER**********
你刚刚的推断是根据分析的不一致之处，我们可以推断卧底身份如下：

- 玩家2的描述与芒果的特征差异较大，他提到的水果具有光滑的外表、黄色或橙色的颜色、富含纤维和维生素、明显的核、柔软的果皮、甜美的味道、吸引人的香味和适合制作甜品。这些特点更接近于橙子或柚子的特征，而不是芒果。因此，玩家2的描述与芒果的特征不符，他可能是卧底。

- 玩家3的描述提到了绿色、细小的籽、细长的形状、柔软的果肉、甜而不腻的味道、淡黄色的皮色，这些特点与黄瓜或青瓜相符，与芒果的特征也不符。

- 玩家4的描述与芒果的特征相符，但没有提供关于香气、皮薄易剥、口感独特、纤维较少等特征的具体信息，因此无法确定他是否是卧底。

综合以上分析，玩家2的描述与芒果的特征差异最大，因此我认为玩家2是卧底。|| 基于你刚刚的推断得出你的最终结论，请输出你认为的卧底，在这种情况下只需要输出编号，是1-4中的某个数字，不要输出其他信息。在这个过程不要进行任何推理，只对||以前的部分进行信息提取
2024-12-13 14:44:25,238 - 1 - INFO - **********PLAYER1**********
2
2024-12-13 14:46:30,797 - 1 - INFO - **********JUDGER**********
玩家1说：这个水果有着丰富的汁水，而且颜色鲜艳。它在同类中特别的地方是它的形状比较独特，不像其他水果那么圆润。这个水果的香气非常浓郁，而且它的皮薄易剥，适合鲜食。它的口感独特，纤维较少，不像其他水果那样多汁。玩家2说：这种水果外表光滑，呈黄色或橙色，富含纤维和维生素。它有一个明显的核，与其他类似水果相比，它的核较大，而且通常比较硬。这种水果的果肉细腻，味道甜美，适合直接食用。它的果皮相对柔软，容易剥离，而且它的香味非常吸引人，常常被用来制作各种甜品。与其他水果相比，它的核较小，但仍然明显。玩家3说：这个水果通常呈现出绿色，有细小的籽分布在果肉中。它的形状通常较为细长，与常见的圆形水果相比，形状更为独特。这个水果的果肉口感柔软，甜而不腻，非常适合直接食用。它的皮色呈现出淡黄色，与常见的绿色水果相比，颜色较为独特。玩家4说：这种水果通常颜色鲜艳，含有丰富的汁水。它的形状较为独特，不像其他水果那样圆润，通常呈细长状。这种水果通常有着强烈的特殊气味，它的果实结构复杂，由多个小果组成。它的外皮通常较为坚硬，不易剥开。虽然它的汁水含量不是最高的，但它的口感丰富，纤维较多，适合熟食或制作甜品。你是第1号玩家，你的关键词是<芒果>。你的回答中绝对不能包含你的关键词<芒果>。这是第三轮描述，你之前的描述是这个水果有着丰富的汁水，而且颜色鲜艳。它在同类中特别的地方是它的形状比较独特，不像其他水果那么圆润。和这个水果的香气非常浓郁，而且它的皮薄易剥，适合鲜食。它的口感独特，纤维较少，不像其他水果那样多汁。，注意，这局游戏的词语分类为<水果>，卧底词和平民词都属于该类，请你补充关于关键词的描述，注意，你的描述应该比起之前的描述更加贴近关键词，作为之前的补充
2024-12-13 14:46:34,710 - 1 - INFO - **********PLAYER1**********
这个水果的核较小，通常包裹在柔软的果肉中，不易感觉到。它的果肉质地细腻，甜度适中，适合直接食用。此外，它的种子分布均匀，不影响食用体验。
2024-12-13 14:46:55,058 - 1 - INFO - **********JUDGER**********
玩家1说：这个水果有着丰富的汁水，而且颜色鲜艳。它在同类中特别的地方是它的形状比较独特，不像其他水果那么圆润。这个水果的香气非常浓郁，而且它的皮薄易剥，适合鲜食。它的口感独特，纤维较少，不像其他水果那样多汁。这个水果的核较小，通常包裹在柔软的果肉中，不易感觉到。它的果肉质地细腻，甜度适中，适合直接食用。此外，它的种子分布均匀，不影响食用体验。玩家2说：这种水果外表光滑，呈黄色或橙色，富含纤维和维生素。它有一个明显的核，与其他类似水果相比，它的核较大，而且通常比较硬。这种水果的果肉细腻，味道甜美，适合直接食用。它的果皮相对柔软，容易剥离，而且它的香味非常吸引人，常常被用来制作各种甜品。与其他水果相比，它的核较小，但仍然明显。这种水果的果肉呈现出独特的金黄色，口感鲜甜多汁，适合生食。它的果皮柔软，容易剥离，香气浓郁，常用于制作各种甜点和饮品。与同类水果相比，它的形状较为扁平，核相对较小，但仍然容易剥离。玩家3说：这个水果通常呈现出绿色，有细小的籽分布在果肉中。它的形状通常较为细长，与常见的圆形水果相比，形状更为独特。这个水果的果肉口感柔软，甜而不腻，非常适合直接食用。它的皮色呈现出淡黄色，与常见的绿色水果相比，颜色较为独特。这个水果的果肉非常细腻，甜度适中，适合直接食用。它的皮色通常是淡黄色，而且它有着独特的香味，吸引人食用。玩家4说：这种水果通常颜色鲜艳，含有丰富的汁水。它的形状较为独特，不像其他水果那样圆润，通常呈细长状。这种水果通常有着强烈的特殊气味，它的果实结构复杂，由多个小果组成。它的外皮通常较为坚硬，不易剥开。虽然它的汁水含量不是最高的，但它的口感丰富，纤维较多，适合熟食或制作甜品。这种水果通常具有非常浓郁的气味，它的果实由多个瓣组成，每个瓣中包含种子。它的外皮硬而厚，需要用力剥开。虽然汁水含量不高，但果肉甜美，纤维丰富，适合制作甜品。这种水果的颜色多样，从淡黄到深棕色不等。||在这个游戏中，我们需要通过分析每位玩家的描述来找出卧底。通常，平民的描述会围绕相同的词语展开，而卧底的描述可能会因为词语的不同而显得不太一致。我们需要仔细比较每个描述之间的相似性和差异性，以找出可能的卧底，注意，卧底并不会隐藏自己，他会直接描述他的词语，现在，逐一分析每个玩家的描述，注意，这局游戏的词语分类为<水果>，卧底词和平民词都属于该类。||之前是第3轮描述和之前轮数描述的合集。你之前认为的卧底是玩家2。
2024-12-13 14:47:16,550 - 1 - INFO - **********PLAYER1**********
在第三轮的描述中，每位玩家的描述如下：

- 玩家1的描述继续强调了水果的汁水丰富、颜色鲜艳、形状独特、香气浓郁、皮薄易剥、口感独特、纤维较少，以及核较小、果肉质地细腻、甜度适中、种子分布均匀。

- 玩家2的描述提到了水果外表光滑、呈黄色或橙色、富含纤维和维生素、核明显且硬、果肉细腻、味道甜美、果皮柔软、香味吸引人、常用于制作甜品、形状扁平、核相对较小、果皮容易剥离、果肉金黄色、口感鲜甜多汁、外皮柔软、香气浓郁、常用于制作甜点和饮品。

- 玩家3的描述提到了水果通常呈绿色、有细小的籽、形状细长、果肉口感柔软、甜而不腻、皮色淡黄色、果肉细腻、甜度适中、皮色淡黄色、香味独特。

- 玩家4的描述提到了水果颜色鲜艳、含有丰富的汁水、形状独特、呈细长状、有强烈的特殊气味、果实结构复杂、外皮坚硬、汁水含量不高、口感丰富、纤维较多、果实由多个瓣组成、外皮硬而厚、汁水含量不高、果肉甜美、纤维丰富、颜色多样。

分析这些描述，我们可以看到：

- 玩家1的描述与芒果的特征相符，没有提到任何与橙子或柚子相似的特征。
- 玩家2的描述中提到了形状扁平、核相对较小、果皮容易剥离等特征，这些特征与橙子或柚子更为吻合，而不是芒果。
- 玩家3的描述中提到了绿色、细小的籽、形状细长等特征，这些特征与黄瓜或青瓜相符，与芒果不符。
- 玩家4的描述中提到了外皮坚硬、汁水含量不高、果实由多个瓣组成等特征，这些特征与某些特定水果相符，但不是芒果。

基于这些描述，玩家2和玩家4的描述与芒果的特征差异较大，而玩家1的描述与芒果的特征相符。因此，如果必须在这两位中选出一个卧底，我会倾向于认为玩家2是卧底，因为他的描述与橙子或柚子的特征更为吻合。所以，我的最终结论是玩家2是卧底。
2024-12-13 14:47:16,552 - 1 - INFO - **********JUDGER**********
你刚刚的分析是在第三轮的描述中，每位玩家的描述如下：

- 玩家1的描述继续强调了水果的汁水丰富、颜色鲜艳、形状独特、香气浓郁、皮薄易剥、口感独特、纤维较少，以及核较小、果肉质地细腻、甜度适中、种子分布均匀。

- 玩家2的描述提到了水果外表光滑、呈黄色或橙色、富含纤维和维生素、核明显且硬、果肉细腻、味道甜美、果皮柔软、香味吸引人、常用于制作甜品、形状扁平、核相对较小、果皮容易剥离、果肉金黄色、口感鲜甜多汁、外皮柔软、香气浓郁、常用于制作甜点和饮品。

- 玩家3的描述提到了水果通常呈绿色、有细小的籽、形状细长、果肉口感柔软、甜而不腻、皮色淡黄色、果肉细腻、甜度适中、皮色淡黄色、香味独特。

- 玩家4的描述提到了水果颜色鲜艳、含有丰富的汁水、形状独特、呈细长状、有强烈的特殊气味、果实结构复杂、外皮坚硬、汁水含量不高、口感丰富、纤维较多、果实由多个瓣组成、外皮硬而厚、汁水含量不高、果肉甜美、纤维丰富、颜色多样。

分析这些描述，我们可以看到：

- 玩家1的描述与芒果的特征相符，没有提到任何与橙子或柚子相似的特征。
- 玩家2的描述中提到了形状扁平、核相对较小、果皮容易剥离等特征，这些特征与橙子或柚子更为吻合，而不是芒果。
- 玩家3的描述中提到了绿色、细小的籽、形状细长等特征，这些特征与黄瓜或青瓜相符，与芒果不符。
- 玩家4的描述中提到了外皮坚硬、汁水含量不高、果实由多个瓣组成等特征，这些特征与某些特定水果相符，但不是芒果。

基于这些描述，玩家2和玩家4的描述与芒果的特征差异较大，而玩家1的描述与芒果的特征相符。因此，如果必须在这两位中选出一个卧底，我会倾向于认为玩家2是卧底，因为他的描述与橙子或柚子的特征更为吻合。所以，我的最终结论是玩家2是卧底。|| `请根据上述分析，比较描述以找出不一致之处，注意，这局游戏的词语分类为<水果>，卧底词和平民词都属于该类。
2024-12-13 14:47:43,144 - 1 - INFO - **********PLAYER1**********
在比较描述以找出不一致之处时，我们可以注意到以下几点：

- 玩家1的描述集中在芒果的特征上，如丰富的汁水、鲜艳的颜色、独特的形状、浓郁的香气、皮薄易剥、口感独特、纤维较少、核较小、果肉质地细腻、甜度适中、种子分布均匀。

- 玩家2的描述提到了一些与橙子或柚子更相符的特征，如外表光滑、黄色或橙色的颜色、富含纤维和维生素、核明显且硬、果肉细腻、味道甜美、果皮柔软、香味吸引人、常用于制作甜品、形状扁平、核相对较小、果皮容易剥离、果肉金黄色、口感鲜甜多汁、外皮柔软、香气浓郁、常用于制作甜点和饮品。

- 玩家3的描述提到了绿色、细小的籽、形状细长、果肉口感柔软、甜而不腻、皮色淡黄色、果肉细腻、甜度适中、皮色淡黄色、香味独特，这些特征与黄瓜或青瓜相符。

- 玩家4的描述提到了外皮坚硬、汁水含量不高、果实结构复杂、外皮坚硬、汁水含量不高、口感丰富、纤维较多、果实由多个瓣组成、外皮硬而厚、汁水含量不高、果肉甜美、纤维丰富、颜色多样，这些特征与某些特定水果相符，但不是芒果。

不一致之处主要体现在以下几点：

1. 玩家2的描述中提到的核明显且硬与芒果的核较小、不易感觉到的特征不符。
2. 玩家3的描述中提到的绿色和形状细长与芒果的鲜艳颜色和独特形状不符。
3. 玩家4的描述中提到的外皮坚硬、汁水含量不高与芒果的汁水丰富、皮薄易剥的特征不符。

基于这些不一致之处，如果必须选出一个可能的卧底，玩家2的描述与芒果的特征差异最大，因此玩家2可能是卧底。
2024-12-13 14:47:43,146 - 1 - INFO - **********JUDGER**********
你刚刚的分析是在比较描述以找出不一致之处时，我们可以注意到以下几点：

- 玩家1的描述集中在芒果的特征上，如丰富的汁水、鲜艳的颜色、独特的形状、浓郁的香气、皮薄易剥、口感独特、纤维较少、核较小、果肉质地细腻、甜度适中、种子分布均匀。

- 玩家2的描述提到了一些与橙子或柚子更相符的特征，如外表光滑、黄色或橙色的颜色、富含纤维和维生素、核明显且硬、果肉细腻、味道甜美、果皮柔软、香味吸引人、常用于制作甜品、形状扁平、核相对较小、果皮容易剥离、果肉金黄色、口感鲜甜多汁、外皮柔软、香气浓郁、常用于制作甜点和饮品。

- 玩家3的描述提到了绿色、细小的籽、形状细长、果肉口感柔软、甜而不腻、皮色淡黄色、果肉细腻、甜度适中、皮色淡黄色、香味独特，这些特征与黄瓜或青瓜相符。

- 玩家4的描述提到了外皮坚硬、汁水含量不高、果实结构复杂、外皮坚硬、汁水含量不高、口感丰富、纤维较多、果实由多个瓣组成、外皮硬而厚、汁水含量不高、果肉甜美、纤维丰富、颜色多样，这些特征与某些特定水果相符，但不是芒果。

不一致之处主要体现在以下几点：

1. 玩家2的描述中提到的核明显且硬与芒果的核较小、不易感觉到的特征不符。
2. 玩家3的描述中提到的绿色和形状细长与芒果的鲜艳颜色和独特形状不符。
3. 玩家4的描述中提到的外皮坚硬、汁水含量不高与芒果的汁水丰富、皮薄易剥的特征不符。

基于这些不一致之处，如果必须选出一个可能的卧底，玩家2的描述与芒果的特征差异最大，因此玩家2可能是卧底。|| 请通过你分析的不一致之处，推断卧底身份，注意，这局游戏的词语分类为<水果>，卧底词和平民词都属于该类。
2024-12-13 14:47:53,461 - 1 - INFO - **********PLAYER1**********
根据分析的不一致之处，我们可以推断卧底身份如下：

1. 玩家2的描述中提到的“核明显且硬”与芒果的“核较小，不易感觉到”的特征不符。
2. 玩家3的描述中提到的“绿色”和“形状细长”与芒果的“鲜艳的颜色”和“形状独特”不符。
3. 玩家4的描述中提到的“外皮坚硬”和“汁水含量不高”与芒果的“丰富的汁水”和“皮薄易剥”的特征不符。

综合以上分析，玩家2、玩家3和玩家4的描述都与芒果的特征存在较大差异。如果必须在这三位中选出一个卧底，我会倾向于认为玩家2是卧底，因为他的描述与芒果的特征差异最大。所以，我的最终结论是玩家2是卧底。
2024-12-13 14:47:53,462 - 1 - INFO - **********JUDGER**********
你刚刚的推断是根据分析的不一致之处，我们可以推断卧底身份如下：

1. 玩家2的描述中提到的“核明显且硬”与芒果的“核较小，不易感觉到”的特征不符。
2. 玩家3的描述中提到的“绿色”和“形状细长”与芒果的“鲜艳的颜色”和“形状独特”不符。
3. 玩家4的描述中提到的“外皮坚硬”和“汁水含量不高”与芒果的“丰富的汁水”和“皮薄易剥”的特征不符。

综合以上分析，玩家2、玩家3和玩家4的描述都与芒果的特征存在较大差异。如果必须在这三位中选出一个卧底，我会倾向于认为玩家2是卧底，因为他的描述与芒果的特征差异最大。所以，我的最终结论是玩家2是卧底。|| 基于你刚刚的推断得出你的最终结论，请输出你认为的卧底，在这种情况下只需要输出编号，是1-4中的某个数字，不要输出其他信息。在这个过程不要进行任何推理，只对||以前的部分进行信息提取
2024-12-13 14:47:55,277 - 1 - INFO - **********PLAYER1**********
2
