2024-12-13 14:40:39,077 - 2 - INFO - **********JUDGER**********
让我们来玩一个叫做<谁是卧底>的推理游戏。基本规则：<人数>：4人。<角色分配>：每位玩家随机抽取一个词语，3名玩家拿到的词语是相同的（平民词），1名玩家拿到与之相近但不同的词语（卧底词）。<游戏流程>：1、玩家轮流描述自己的词语，但<不能>直接说出词语本身。2、描述完毕后，投票选出最像卧底的玩家。3、每轮结束后，被投票选出的玩家出局，不能再进行描述或投票。4、每轮投票结束后，如果卧底被成功找出，平民方获胜；如果卧底未被找出且卧底人数等于或超过平民人数，则卧底方获胜。你将扮演一个<玩家>，请等待你被分配到的关键词。如果你听懂了，只回答，"好的，我准备好参加游戏了"，不要输出别的信息
2024-12-13 14:40:40,685 - 2 - INFO - **********PLAYER2**********
好的，我准备好参加游戏了
2024-12-13 14:40:46,481 - 2 - INFO - **********JUDGER**********
玩家1说：这个水果有着丰富的汁水，而且颜色鲜艳。它在同类中特别的地方是它的形状比较独特，不像其他水果那么圆润。玩家2说：玩家3说：玩家4说：|| 你是第2号玩家，你的关键词是<芒果>。你的回答中绝对不能包含你的关键词<芒果>。这是第一轮描述，不需要分析||之前别的玩家的描述，请你描述关键词基本特征，注意，这局游戏的词语分类为<水果>，卧底词和平民词都属于该类，描述包括以下两点，1.他的基本特征是什么2.他在该类（水果）中最突出不同的特征是什么，尽量简短
2024-12-13 14:40:48,666 - 2 - INFO - **********PLAYER2**********
这种水果外表光滑，呈黄色或橙色，富含纤维和维生素。它有一个明显的核，与其他类似水果相比，它的核较大，而且通常比较硬。
2024-12-13 14:41:47,280 - 2 - INFO - **********JUDGER**********
玩家1说：这个水果有着丰富的汁水，而且颜色鲜艳。它在同类中特别的地方是它的形状比较独特，不像其他水果那么圆润。玩家2说：这种水果外表光滑，呈黄色或橙色，富含纤维和维生素。它有一个明显的核，与其他类似水果相比，它的核较大，而且通常比较硬。玩家3说：这个水果通常呈现出绿色，有细小的籽分布在果肉中。它的形状通常较为细长，与常见的圆形水果相比，形状更为独特。玩家4说：||在这个游戏中，我们需要通过分析每位玩家的描述来找出卧底。通常，平民的描述会围绕相同的词语展开，而卧底的描述可能会因为词语的不同而显得不太一致。我们需要仔细比较每个描述之间的相似性和差异性，以找出可能的卧底，注意，卧底并不会隐藏自己，他会直接描述他的词语，现在，逐一分析每个玩家的描述，注意，这局游戏的词语分类为<水果>，卧底词和平民词都属于该类。这是第一轮描述。
2024-12-13 14:41:52,591 - 2 - INFO - **********PLAYER2**********
好的，根据其他玩家的描述，我们可以进行以下分析：

玩家1提到水果有丰富的汁水和鲜艳的颜色，形状独特，不像其他水果那么圆润。
玩家2描述的水果外表光滑，呈黄色或橙色，富含纤维和维生素，核大且硬。
玩家3提到的水果通常呈绿色，有细小的籽分布在果肉中，形状细长，与圆形水果不同。

我的描述应该与这些信息相符，但我不能直接使用关键词“芒果”。我会尝试描述一个与上述描述相似但又不完全相同的水果，以此来隐藏我的卧底身份。例如：

这个水果同样汁水丰富，色泽鲜艳，但它的形状是椭圆形，与圆形水果相比更为修长，而且它的皮相对较薄。
2024-12-13 14:41:52,592 - 2 - INFO - **********JUDGER**********
你刚刚的分析是好的，根据其他玩家的描述，我们可以进行以下分析：

玩家1提到水果有丰富的汁水和鲜艳的颜色，形状独特，不像其他水果那么圆润。
玩家2描述的水果外表光滑，呈黄色或橙色，富含纤维和维生素，核大且硬。
玩家3提到的水果通常呈绿色，有细小的籽分布在果肉中，形状细长，与圆形水果不同。

我的描述应该与这些信息相符，但我不能直接使用关键词“芒果”。我会尝试描述一个与上述描述相似但又不完全相同的水果，以此来隐藏我的卧底身份。例如：

这个水果同样汁水丰富，色泽鲜艳，但它的形状是椭圆形，与圆形水果相比更为修长，而且它的皮相对较薄。|| `请根据上述分析，比较描述以找出不一致之处，注意，这局游戏的词语分类为<水果>，卧底词和平民词都属于该类。
2024-12-13 14:42:03,424 - 2 - INFO - **********PLAYER2**********
根据上述分析，我们可以注意到以下几点不一致之处：

1. 玩家1和玩家2都提到了水果的汁水丰富和色泽鲜艳，但玩家3描述的是绿色，这与黄色或橙色的描述不符。
2. 玩家2特别提到了水果的核大且硬，而玩家1和玩家3没有提到这一点。
3. 玩家3描述了水果有细小的籽分布在果肉中，这是一个独特的特征，玩家1和玩家2没有提及。
4. 玩家1和玩家3都提到了形状的独特性，但玩家1强调的是不圆润，而玩家3强调的是细长。

如果我的关键词是“芒果”，那么我的描述应该会与玩家1和玩家2的描述更为接近，因为我不会强调绿色和籽的分布，这两个特征在芒果中并不突出。我的描述应该会集中在芒果的汁水丰富、色泽鲜艳、形状椭圆形和皮薄上，以避免与玩家3的描述产生冲突。因此，玩家3的描述可能是与众不同的，可能是卧底。
2024-12-13 14:42:03,424 - 2 - INFO - **********JUDGER**********
你刚刚的分析是根据上述分析，我们可以注意到以下几点不一致之处：

1. 玩家1和玩家2都提到了水果的汁水丰富和色泽鲜艳，但玩家3描述的是绿色，这与黄色或橙色的描述不符。
2. 玩家2特别提到了水果的核大且硬，而玩家1和玩家3没有提到这一点。
3. 玩家3描述了水果有细小的籽分布在果肉中，这是一个独特的特征，玩家1和玩家2没有提及。
4. 玩家1和玩家3都提到了形状的独特性，但玩家1强调的是不圆润，而玩家3强调的是细长。

如果我的关键词是“芒果”，那么我的描述应该会与玩家1和玩家2的描述更为接近，因为我不会强调绿色和籽的分布，这两个特征在芒果中并不突出。我的描述应该会集中在芒果的汁水丰富、色泽鲜艳、形状椭圆形和皮薄上，以避免与玩家3的描述产生冲突。因此，玩家3的描述可能是与众不同的，可能是卧底。|| 请通过你分析的不一致之处，推断卧底身份，注意，这局游戏的词语分类为<水果>，卧底词和平民词都属于该类。
2024-12-13 14:42:16,194 - 2 - INFO - **********PLAYER2**********
基于上述分析的不一致之处，我们可以推断以下几点：

1. 玩家3的描述中提到了水果呈绿色，这与玩家1和玩家2提到的黄色或橙色的描述不符。这可能是第一个不一致的信号。
2. 玩家3还提到了细小的籽分布在果肉中，而玩家1和玩家2没有提到这一点，这表明玩家3的描述可能包含了一些与常见描述不符的细节。
3. 虽然玩家1和玩家3都提到了形状的独特性，但玩家1强调的是不圆润，而玩家3强调的是细长。这可能意味着玩家3的描述虽然独特，但与玩家1的描述在形状描述上有细微的差别。

考虑到这些不一致之处，如果我是卧底，我会选择一个与玩家1和玩家2描述的水果相似，但又有所不同，从而避免立即引起怀疑。结合这些信息，如果我是卧底，我的关键词可能是“猕猴桃”，因为它也是黄色或橙色的，汁水丰富，但形状通常比芒果更为细长，且含有细小的籽。

因此，根据这些不一致之处，玩家3的描述可能是最可疑的，可能是卧底。
2024-12-13 14:42:16,194 - 2 - INFO - **********JUDGER**********
你刚刚的推断是基于上述分析的不一致之处，我们可以推断以下几点：

1. 玩家3的描述中提到了水果呈绿色，这与玩家1和玩家2提到的黄色或橙色的描述不符。这可能是第一个不一致的信号。
2. 玩家3还提到了细小的籽分布在果肉中，而玩家1和玩家2没有提到这一点，这表明玩家3的描述可能包含了一些与常见描述不符的细节。
3. 虽然玩家1和玩家3都提到了形状的独特性，但玩家1强调的是不圆润，而玩家3强调的是细长。这可能意味着玩家3的描述虽然独特，但与玩家1的描述在形状描述上有细微的差别。

考虑到这些不一致之处，如果我是卧底，我会选择一个与玩家1和玩家2描述的水果相似，但又有所不同，从而避免立即引起怀疑。结合这些信息，如果我是卧底，我的关键词可能是“猕猴桃”，因为它也是黄色或橙色的，汁水丰富，但形状通常比芒果更为细长，且含有细小的籽。

因此，根据这些不一致之处，玩家3的描述可能是最可疑的，可能是卧底。|| 基于你刚刚的推断得出你的最终结论，请输出你认为的卧底，在这种情况下只需要输出编号，是1-4中的某个数字，不要输出其他信息。在这个过程不要进行任何推理，只对||以前的部分进行信息提取
2024-12-13 14:42:18,045 - 2 - INFO - **********PLAYER2**********
3
2024-12-13 14:43:31,186 - 2 - INFO - **********JUDGER**********
玩家1说：这个水果有着丰富的汁水，而且颜色鲜艳。它在同类中特别的地方是它的形状比较独特，不像其他水果那么圆润。这个水果的香气非常浓郁，而且它的皮薄易剥，适合鲜食。它的口感独特，纤维较少，不像其他水果那样多汁。玩家2说：这种水果外表光滑，呈黄色或橙色，富含纤维和维生素。它有一个明显的核，与其他类似水果相比，它的核较大，而且通常比较硬。玩家3说：这个水果通常呈现出绿色，有细小的籽分布在果肉中。它的形状通常较为细长，与常见的圆形水果相比，形状更为独特。玩家4说：这种水果通常颜色鲜艳，含有丰富的汁水。它的形状较为独特，不像其他水果那样圆润，通常呈细长状。你是第2号玩家，你的关键词是<芒果>。你的回答中绝对不能包含你的关键词<芒果>。这是第二轮描述，你之前的描述是这种水果外表光滑，呈黄色或橙色，富含纤维和维生素。它有一个明显的核，与其他类似水果相比，它的核较大，而且通常比较硬。，注意，这局游戏的词语分类为<水果>，卧底词和平民词都属于该类，请你补充关于关键词的描述，注意，你的描述应该比起之前的描述更加贴近关键词，作为之前的补充
2024-12-13 14:43:34,101 - 2 - INFO - **********PLAYER2**********
这种水果的果肉细腻，味道甜美，适合直接食用。它的果皮相对柔软，容易剥离，而且它的香味非常吸引人，常常被用来制作各种甜品。与其他水果相比，它的核较小，但仍然明显。
2024-12-13 14:44:25,239 - 2 - INFO - **********JUDGER**********
玩家1说：这个水果有着丰富的汁水，而且颜色鲜艳。它在同类中特别的地方是它的形状比较独特，不像其他水果那么圆润。这个水果的香气非常浓郁，而且它的皮薄易剥，适合鲜食。它的口感独特，纤维较少，不像其他水果那样多汁。玩家2说：这种水果外表光滑，呈黄色或橙色，富含纤维和维生素。它有一个明显的核，与其他类似水果相比，它的核较大，而且通常比较硬。这种水果的果肉细腻，味道甜美，适合直接食用。它的果皮相对柔软，容易剥离，而且它的香味非常吸引人，常常被用来制作各种甜品。与其他水果相比，它的核较小，但仍然明显。玩家3说：这个水果通常呈现出绿色，有细小的籽分布在果肉中。它的形状通常较为细长，与常见的圆形水果相比，形状更为独特。这个水果的果肉口感柔软，甜而不腻，非常适合直接食用。它的皮色呈现出淡黄色，与常见的绿色水果相比，颜色较为独特。玩家4说：这种水果通常颜色鲜艳，含有丰富的汁水。它的形状较为独特，不像其他水果那样圆润，通常呈细长状。||在这个游戏中，我们需要通过分析每位玩家的描述来找出卧底。通常，平民的描述会围绕相同的词语展开，而卧底的描述可能会因为词语的不同而显得不太一致。我们需要仔细比较每个描述之间的相似性和差异性，以找出可能的卧底，注意，卧底并不会隐藏自己，他会直接描述他的词语，现在，逐一分析每个玩家的描述，注意，这局游戏的词语分类为<水果>，卧底词和平民词都属于该类。||之前是第2轮描述和之前轮数描述的合集。你之前认为的卧底是玩家3。
2024-12-13 14:44:33,536 - 2 - INFO - **********PLAYER2**********
根据第二轮描述和之前轮数描述的合集，以及之前的分析，我之前的推断是基于玩家3的描述中提到的绿色水果和细小的籽，这些特征与芒果不符，而与猕猴桃更相似。然而，现在所有玩家的描述都提到了颜色鲜艳、含有丰富的汁水、形状独特以及果肉细腻等特征，这些描述与芒果的典型特征相符。

考虑到所有玩家的描述都有很多共同点，而且玩家3的描述虽然提到了绿色和细小的籽，但其他玩家也有类似描述，因此之前的推断可能不够准确。现在，基于所有玩家的描述，我之前的结论玩家3是卧底可能需要重新评估。

由于所有玩家的描述都非常相似，且都围绕着芒果的特征进行描述，我之前的推断玩家3是卧底可能是不正确的。在这种情况下，没有明显的描述差异来指向特定的玩家作为卧底。因此，我无法确定卧底的身份。
2024-12-13 14:44:33,538 - 2 - INFO - **********JUDGER**********
你刚刚的分析是根据第二轮描述和之前轮数描述的合集，以及之前的分析，我之前的推断是基于玩家3的描述中提到的绿色水果和细小的籽，这些特征与芒果不符，而与猕猴桃更相似。然而，现在所有玩家的描述都提到了颜色鲜艳、含有丰富的汁水、形状独特以及果肉细腻等特征，这些描述与芒果的典型特征相符。

考虑到所有玩家的描述都有很多共同点，而且玩家3的描述虽然提到了绿色和细小的籽，但其他玩家也有类似描述，因此之前的推断可能不够准确。现在，基于所有玩家的描述，我之前的结论玩家3是卧底可能需要重新评估。

由于所有玩家的描述都非常相似，且都围绕着芒果的特征进行描述，我之前的推断玩家3是卧底可能是不正确的。在这种情况下，没有明显的描述差异来指向特定的玩家作为卧底。因此，我无法确定卧底的身份。|| `请根据上述分析，比较描述以找出不一致之处，注意，这局游戏的词语分类为<水果>，卧底词和平民词都属于该类。
2024-12-13 14:44:44,990 - 2 - INFO - **********PLAYER2**********
根据上述分析，我们可以比较描述以找出以下不一致之处：

1. 玩家1和玩家2的描述都提到了果肉细腻和味道甜美，而玩家3和玩家4没有特别强调这一点。
2. 玩家1和玩家4都提到了水果的香气浓郁，而玩家2和玩家3没有提及香气。
3. 玩家2特别提到了核的大小和硬度，而玩家1、玩家3和玩家4没有提到这一点。
4. 玩家3提到了水果的皮色呈现出淡黄色，这与玩家1、玩家2和玩家4提到的黄色或橙色描述有所区别。

这些不一致之处可能表明玩家3和玩家4的描述与芒果的特征不完全一致，而玩家1和玩家2的描述可能更加接近。然而，由于所有玩家都提到了颜色鲜艳、含有丰富的汁水、形状独特以及果肉细腻等特征，这些共同点使得确定卧底变得更加困难。因此，没有明确的不一致之处可以直接指向某个玩家作为卧底。
2024-12-13 14:44:44,995 - 2 - INFO - **********JUDGER**********
你刚刚的分析是根据上述分析，我们可以比较描述以找出以下不一致之处：

1. 玩家1和玩家2的描述都提到了果肉细腻和味道甜美，而玩家3和玩家4没有特别强调这一点。
2. 玩家1和玩家4都提到了水果的香气浓郁，而玩家2和玩家3没有提及香气。
3. 玩家2特别提到了核的大小和硬度，而玩家1、玩家3和玩家4没有提到这一点。
4. 玩家3提到了水果的皮色呈现出淡黄色，这与玩家1、玩家2和玩家4提到的黄色或橙色描述有所区别。

这些不一致之处可能表明玩家3和玩家4的描述与芒果的特征不完全一致，而玩家1和玩家2的描述可能更加接近。然而，由于所有玩家都提到了颜色鲜艳、含有丰富的汁水、形状独特以及果肉细腻等特征，这些共同点使得确定卧底变得更加困难。因此，没有明确的不一致之处可以直接指向某个玩家作为卧底。|| 请通过你分析的不一致之处，推断卧底身份，注意，这局游戏的词语分类为<水果>，卧底词和平民词都属于该类。
2024-12-13 14:44:53,353 - 2 - INFO - **********PLAYER2**********
根据分析的不一致之处，我们可以进行以下推断：

1. 玩家3提到了水果的皮色为淡黄色，这与玩家1、玩家2和玩家4提到的黄色或橙色描述有所区别。通常，芒果的皮色是黄色的，而不是淡黄色。

2. 玩家2特别提到了核的大小和硬度，而其他玩家没有提及这一点。芒果的核通常较大且硬，但这并不是芒果独有的特征。

考虑到这些不一致之处，玩家3的描述与芒果的特征相比存在差异，特别是关于皮色的描述。因此，基于这些差异，玩家3可能是卧底。
2024-12-13 14:44:53,354 - 2 - INFO - **********JUDGER**********
你刚刚的推断是根据分析的不一致之处，我们可以进行以下推断：

1. 玩家3提到了水果的皮色为淡黄色，这与玩家1、玩家2和玩家4提到的黄色或橙色描述有所区别。通常，芒果的皮色是黄色的，而不是淡黄色。

2. 玩家2特别提到了核的大小和硬度，而其他玩家没有提及这一点。芒果的核通常较大且硬，但这并不是芒果独有的特征。

考虑到这些不一致之处，玩家3的描述与芒果的特征相比存在差异，特别是关于皮色的描述。因此，基于这些差异，玩家3可能是卧底。|| 基于你刚刚的推断得出你的最终结论，请输出你认为的卧底，在这种情况下只需要输出编号，是1-4中的某个数字，不要输出其他信息。在这个过程不要进行任何推理，只对||以前的部分进行信息提取
2024-12-13 14:44:54,896 - 2 - INFO - **********PLAYER2**********
3
2024-12-13 14:46:34,711 - 2 - INFO - **********JUDGER**********
玩家1说：这个水果有着丰富的汁水，而且颜色鲜艳。它在同类中特别的地方是它的形状比较独特，不像其他水果那么圆润。这个水果的香气非常浓郁，而且它的皮薄易剥，适合鲜食。它的口感独特，纤维较少，不像其他水果那样多汁。这个水果的核较小，通常包裹在柔软的果肉中，不易感觉到。它的果肉质地细腻，甜度适中，适合直接食用。此外，它的种子分布均匀，不影响食用体验。玩家2说：这种水果外表光滑，呈黄色或橙色，富含纤维和维生素。它有一个明显的核，与其他类似水果相比，它的核较大，而且通常比较硬。这种水果的果肉细腻，味道甜美，适合直接食用。它的果皮相对柔软，容易剥离，而且它的香味非常吸引人，常常被用来制作各种甜品。与其他水果相比，它的核较小，但仍然明显。玩家3说：这个水果通常呈现出绿色，有细小的籽分布在果肉中。它的形状通常较为细长，与常见的圆形水果相比，形状更为独特。这个水果的果肉口感柔软，甜而不腻，非常适合直接食用。它的皮色呈现出淡黄色，与常见的绿色水果相比，颜色较为独特。玩家4说：这种水果通常颜色鲜艳，含有丰富的汁水。它的形状较为独特，不像其他水果那样圆润，通常呈细长状。这种水果通常有着强烈的特殊气味，它的果实结构复杂，由多个小果组成。它的外皮通常较为坚硬，不易剥开。虽然它的汁水含量不是最高的，但它的口感丰富，纤维较多，适合熟食或制作甜品。你是第2号玩家，你的关键词是<芒果>。你的回答中绝对不能包含你的关键词<芒果>。这是第三轮描述，你之前的描述是这种水果外表光滑，呈黄色或橙色，富含纤维和维生素。它有一个明显的核，与其他类似水果相比，它的核较大，而且通常比较硬。和这种水果的果肉细腻，味道甜美，适合直接食用。它的果皮相对柔软，容易剥离，而且它的香味非常吸引人，常常被用来制作各种甜品。与其他水果相比，它的核较小，但仍然明显。，注意，这局游戏的词语分类为<水果>，卧底词和平民词都属于该类，请你补充关于关键词的描述，注意，你的描述应该比起之前的描述更加贴近关键词，作为之前的补充
2024-12-13 14:46:37,908 - 2 - INFO - **********PLAYER2**********
这种水果的果肉呈现出独特的金黄色，口感鲜甜多汁，适合生食。它的果皮柔软，容易剥离，香气浓郁，常用于制作各种甜点和饮品。与同类水果相比，它的形状较为扁平，核相对较小，但仍然容易剥离。
2024-12-13 14:47:55,277 - 2 - INFO - **********JUDGER**********
玩家1说：这个水果有着丰富的汁水，而且颜色鲜艳。它在同类中特别的地方是它的形状比较独特，不像其他水果那么圆润。这个水果的香气非常浓郁，而且它的皮薄易剥，适合鲜食。它的口感独特，纤维较少，不像其他水果那样多汁。这个水果的核较小，通常包裹在柔软的果肉中，不易感觉到。它的果肉质地细腻，甜度适中，适合直接食用。此外，它的种子分布均匀，不影响食用体验。玩家2说：这种水果外表光滑，呈黄色或橙色，富含纤维和维生素。它有一个明显的核，与其他类似水果相比，它的核较大，而且通常比较硬。这种水果的果肉细腻，味道甜美，适合直接食用。它的果皮相对柔软，容易剥离，而且它的香味非常吸引人，常常被用来制作各种甜品。与其他水果相比，它的核较小，但仍然明显。这种水果的果肉呈现出独特的金黄色，口感鲜甜多汁，适合生食。它的果皮柔软，容易剥离，香气浓郁，常用于制作各种甜点和饮品。与同类水果相比，它的形状较为扁平，核相对较小，但仍然容易剥离。玩家3说：这个水果通常呈现出绿色，有细小的籽分布在果肉中。它的形状通常较为细长，与常见的圆形水果相比，形状更为独特。这个水果的果肉口感柔软，甜而不腻，非常适合直接食用。它的皮色呈现出淡黄色，与常见的绿色水果相比，颜色较为独特。这个水果的果肉非常细腻，甜度适中，适合直接食用。它的皮色通常是淡黄色，而且它有着独特的香味，吸引人食用。玩家4说：这种水果通常颜色鲜艳，含有丰富的汁水。它的形状较为独特，不像其他水果那样圆润，通常呈细长状。这种水果通常有着强烈的特殊气味，它的果实结构复杂，由多个小果组成。它的外皮通常较为坚硬，不易剥开。虽然它的汁水含量不是最高的，但它的口感丰富，纤维较多，适合熟食或制作甜品。这种水果通常具有非常浓郁的气味，它的果实由多个瓣组成，每个瓣中包含种子。它的外皮硬而厚，需要用力剥开。虽然汁水含量不高，但果肉甜美，纤维丰富，适合制作甜品。这种水果的颜色多样，从淡黄到深棕色不等。||在这个游戏中，我们需要通过分析每位玩家的描述来找出卧底。通常，平民的描述会围绕相同的词语展开，而卧底的描述可能会因为词语的不同而显得不太一致。我们需要仔细比较每个描述之间的相似性和差异性，以找出可能的卧底，注意，卧底并不会隐藏自己，他会直接描述他的词语，现在，逐一分析每个玩家的描述，注意，这局游戏的词语分类为<水果>，卧底词和平民词都属于该类。||之前是第3轮描述和之前轮数描述的合集。你之前认为的卧底是玩家3。
2024-12-13 14:48:10,168 - 2 - INFO - **********PLAYER2**********
根据第3轮描述和之前轮数描述的合集，我们可以逐一分析每个玩家的描述：

1. 玩家1的描述中强调了汁水丰富、颜色鲜艳、形状独特、香气浓郁、皮薄易剥、口感独特、纤维较少、核小、果肉细腻、甜度适中、种子分布均匀。

2. 玩家2的描述中提到了外表光滑、黄色或橙色、富含纤维和维生素、明显的核、果肉细腻、味道甜美、果皮柔软、容易剥离、香味吸引人、形状扁平、核小。

3. 玩家3的描述中提到了绿色、细小的籽、形状细长、果肉口感柔软、甜而不腻、皮色淡黄色、独特的香味、果肉细腻、甜度适中、皮色淡黄色。

4. 玩家4的描述中提到了颜色鲜艳、丰富的汁水、形状独特、特殊气味、果实结构复杂、外皮坚硬、汁水含量不是最高、口感丰富、纤维较多、果肉甜美、纤维丰富、颜色多样。

玩家3的描述中提到了绿色和细小的籽，这与芒果的特征不符，而其他玩家没有提到这些特征。此外，玩家4的描述中提到了果实结构复杂、外皮坚硬、汁水含量不高、纤维较多，这些特征也与芒果不符。

基于这些分析，玩家3和玩家4的描述与芒果的特征存在差异，尤其是玩家4的描述中提到的外皮坚硬、汁水含量不高、纤维较多等特征与芒果明显不符。因此，如果之前认为玩家3是卧底，那么现在玩家4的描述可能更加偏离芒果的特征，玩家4可能是卧底。
2024-12-13 14:48:10,170 - 2 - INFO - **********JUDGER**********
你刚刚的分析是根据第3轮描述和之前轮数描述的合集，我们可以逐一分析每个玩家的描述：

1. 玩家1的描述中强调了汁水丰富、颜色鲜艳、形状独特、香气浓郁、皮薄易剥、口感独特、纤维较少、核小、果肉细腻、甜度适中、种子分布均匀。

2. 玩家2的描述中提到了外表光滑、黄色或橙色、富含纤维和维生素、明显的核、果肉细腻、味道甜美、果皮柔软、容易剥离、香味吸引人、形状扁平、核小。

3. 玩家3的描述中提到了绿色、细小的籽、形状细长、果肉口感柔软、甜而不腻、皮色淡黄色、独特的香味、果肉细腻、甜度适中、皮色淡黄色。

4. 玩家4的描述中提到了颜色鲜艳、丰富的汁水、形状独特、特殊气味、果实结构复杂、外皮坚硬、汁水含量不是最高、口感丰富、纤维较多、果肉甜美、纤维丰富、颜色多样。

玩家3的描述中提到了绿色和细小的籽，这与芒果的特征不符，而其他玩家没有提到这些特征。此外，玩家4的描述中提到了果实结构复杂、外皮坚硬、汁水含量不高、纤维较多，这些特征也与芒果不符。

基于这些分析，玩家3和玩家4的描述与芒果的特征存在差异，尤其是玩家4的描述中提到的外皮坚硬、汁水含量不高、纤维较多等特征与芒果明显不符。因此，如果之前认为玩家3是卧底，那么现在玩家4的描述可能更加偏离芒果的特征，玩家4可能是卧底。|| `请根据上述分析，比较描述以找出不一致之处，注意，这局游戏的词语分类为<水果>，卧底词和平民词都属于该类。
2024-12-13 14:48:17,651 - 2 - INFO - **********PLAYER2**********
根据上述分析，我们可以比较描述并找出以下不一致之处：

1. 玩家3的描述中提到了水果通常呈现出绿色，这与芒果的典型特征（黄色或橙色）不符。
2. 玩家3还提到了细小的籽分布在果肉中，而其他玩家没有特别强调这一点。
3. 玩家4的描述中提到了果实结构复杂、外皮坚硬、汁水含量不是最高、纤维较多，这些特征与芒果的描述（皮薄易剥、汁水丰富、口感甜美、纤维较少）不符。
4. 玩家4还提到了颜色多样，从淡黄到深棕色不等，而芒果的颜色通常是单一的黄色或橙色。

这些不一致之处表明玩家3和玩家4的描述与芒果的特征存在显著差异，特别是玩家4的描述中提到的多个特征与芒果的特征完全相反。因此，玩家4的描述可能是最不一致的，可能是卧底。
2024-12-13 14:48:17,652 - 2 - INFO - **********JUDGER**********
你刚刚的分析是根据上述分析，我们可以比较描述并找出以下不一致之处：

1. 玩家3的描述中提到了水果通常呈现出绿色，这与芒果的典型特征（黄色或橙色）不符。
2. 玩家3还提到了细小的籽分布在果肉中，而其他玩家没有特别强调这一点。
3. 玩家4的描述中提到了果实结构复杂、外皮坚硬、汁水含量不是最高、纤维较多，这些特征与芒果的描述（皮薄易剥、汁水丰富、口感甜美、纤维较少）不符。
4. 玩家4还提到了颜色多样，从淡黄到深棕色不等，而芒果的颜色通常是单一的黄色或橙色。

这些不一致之处表明玩家3和玩家4的描述与芒果的特征存在显著差异，特别是玩家4的描述中提到的多个特征与芒果的特征完全相反。因此，玩家4的描述可能是最不一致的，可能是卧底。|| 请通过你分析的不一致之处，推断卧底身份，注意，这局游戏的词语分类为<水果>，卧底词和平民词都属于该类。
2024-12-13 14:48:18,685 - 2 - INFO - **********PLAYER2**********
4
2024-12-13 14:48:18,685 - 2 - INFO - **********JUDGER**********
你刚刚的推断是4|| 基于你刚刚的推断得出你的最终结论，请输出你认为的卧底，在这种情况下只需要输出编号，是1-4中的某个数字，不要输出其他信息。在这个过程不要进行任何推理，只对||以前的部分进行信息提取
2024-12-13 14:48:19,774 - 2 - INFO - **********PLAYER2**********
4
