2024-12-13 14:40:41,204 - 3 - INFO - **********JUDGER**********
让我们来玩一个叫做<谁是卧底>的推理游戏。基本规则：<人数>：4人。<角色分配>：每位玩家随机抽取一个词语，3名玩家拿到的词语是相同的（平民词），1名玩家拿到与之相近但不同的词语（卧底词）。<游戏流程>：1、玩家轮流描述自己的词语，但<不能>直接说出词语本身。2、描述完毕后，投票选出最像卧底的玩家。3、每轮结束后，被投票选出的玩家出局，不能再进行描述或投票。4、每轮投票结束后，如果卧底被成功找出，平民方获胜；如果卧底未被找出且卧底人数等于或超过平民人数，则卧底方获胜。你将扮演一个<玩家>，请等待你被分配到的关键词。如果你听懂了，只回答，"好的，我准备好参加游戏了"，不要输出别的信息
2024-12-13 14:40:42,462 - 3 - INFO - **********PLAYER3**********
好的，我准备好参加游戏了
2024-12-13 14:40:48,667 - 3 - INFO - **********JUDGER**********
玩家1说：这个水果有着丰富的汁水，而且颜色鲜艳。它在同类中特别的地方是它的形状比较独特，不像其他水果那么圆润。玩家2说：这种水果外表光滑，呈黄色或橙色，富含纤维和维生素。它有一个明显的核，与其他类似水果相比，它的核较大，而且通常比较硬。玩家3说：玩家4说：|| 你是第3号玩家，你的关键词是<芒果>。你的回答中绝对不能包含你的关键词<芒果>。这是第一轮描述，不需要分析||之前别的玩家的描述，请你描述关键词基本特征，注意，这局游戏的词语分类为<水果>，卧底词和平民词都属于该类，描述包括以下两点，1.他的基本特征是什么2.他在该类（水果）中最突出不同的特征是什么，尽量简短
2024-12-13 14:40:50,452 - 3 - INFO - **********PLAYER3**********
这个水果通常呈现出绿色，有细小的籽分布在果肉中。它的形状通常较为细长，与常见的圆形水果相比，形状更为独特。
2024-12-13 14:42:18,045 - 3 - INFO - **********JUDGER**********
玩家1说：这个水果有着丰富的汁水，而且颜色鲜艳。它在同类中特别的地方是它的形状比较独特，不像其他水果那么圆润。玩家2说：这种水果外表光滑，呈黄色或橙色，富含纤维和维生素。它有一个明显的核，与其他类似水果相比，它的核较大，而且通常比较硬。玩家3说：这个水果通常呈现出绿色，有细小的籽分布在果肉中。它的形状通常较为细长，与常见的圆形水果相比，形状更为独特。玩家4说：||在这个游戏中，我们需要通过分析每位玩家的描述来找出卧底。通常，平民的描述会围绕相同的词语展开，而卧底的描述可能会因为词语的不同而显得不太一致。我们需要仔细比较每个描述之间的相似性和差异性，以找出可能的卧底，注意，卧底并不会隐藏自己，他会直接描述他的词语，现在，逐一分析每个玩家的描述，注意，这局游戏的词语分类为<水果>，卧底词和平民词都属于该类。这是第一轮描述。
2024-12-13 14:42:26,999 - 3 - INFO - **********PLAYER3**********
经过分析，玩家1和玩家3的描述非常相似，都提到了水果的汁水丰富、颜色鲜艳、形状独特且细长。玩家2的描述也提到了外表光滑、呈黄色或橙色、富含纤维和维生素，以及有一个明显的核，这些特征与玩家1和玩家3的描述有所重叠。

然而，玩家4的描述没有直接提及水果的颜色、汁水或核，而是强调了通过描述技巧来分析其他玩家的描述，这与其他玩家专注于水果特征的描述有所不同。玩家4的描述似乎在引导大家注意游戏规则和策略，而不是具体的水果特征。

因此，根据描述的相似性和差异性，玩家4的描述可能与卧底词的特征不符，他可能是卧底。当然，这只是一个初步的分析，随着游戏的进行，还需要更多的信息来确定卧底的身份。
2024-12-13 14:42:27,000 - 3 - INFO - **********JUDGER**********
你刚刚的分析是经过分析，玩家1和玩家3的描述非常相似，都提到了水果的汁水丰富、颜色鲜艳、形状独特且细长。玩家2的描述也提到了外表光滑、呈黄色或橙色、富含纤维和维生素，以及有一个明显的核，这些特征与玩家1和玩家3的描述有所重叠。

然而，玩家4的描述没有直接提及水果的颜色、汁水或核，而是强调了通过描述技巧来分析其他玩家的描述，这与其他玩家专注于水果特征的描述有所不同。玩家4的描述似乎在引导大家注意游戏规则和策略，而不是具体的水果特征。

因此，根据描述的相似性和差异性，玩家4的描述可能与卧底词的特征不符，他可能是卧底。当然，这只是一个初步的分析，随着游戏的进行，还需要更多的信息来确定卧底的身份。|| `请根据上述分析，比较描述以找出不一致之处，注意，这局游戏的词语分类为<水果>，卧底词和平民词都属于该类。
2024-12-13 14:42:38,539 - 3 - INFO - **********PLAYER3**********
根据上述分析，以下是不一致之处：

1. 玩家1和玩家3的描述高度相似，都集中在水果的汁水丰富、颜色鲜艳、形状独特且细长这些特征上。这种一致性表明他们可能持有相同的平民词。

2. 玩家2的描述也提到了与玩家1和玩家3相似的特征，如外表光滑、颜色鲜艳（黄色或橙色）、富含纤维和维生素，以及有一个明显的核。这些特征与玩家1和玩家3的描述有重叠，暗示他们可能持有相同的平民词。

3. 玩家4的描述与玩家1、2和3的描述不同，他没有提到与水果颜色、汁水或核相关的特征，而是提到了游戏规则和策略的分析。这与其他玩家描述水果特征的焦点不一致。

不一致之处在于玩家4的描述没有遵循其他玩家对水果特征的描述模式，而是转而讨论游戏策略，这可能表明他的词语与水果的特征不匹配，或者他的描述策略是为了掩盖他的卧底身份。因此，玩家4的描述与其他玩家的描述存在显著的不一致性。
2024-12-13 14:42:38,543 - 3 - INFO - **********JUDGER**********
你刚刚的分析是根据上述分析，以下是不一致之处：

1. 玩家1和玩家3的描述高度相似，都集中在水果的汁水丰富、颜色鲜艳、形状独特且细长这些特征上。这种一致性表明他们可能持有相同的平民词。

2. 玩家2的描述也提到了与玩家1和玩家3相似的特征，如外表光滑、颜色鲜艳（黄色或橙色）、富含纤维和维生素，以及有一个明显的核。这些特征与玩家1和玩家3的描述有重叠，暗示他们可能持有相同的平民词。

3. 玩家4的描述与玩家1、2和3的描述不同，他没有提到与水果颜色、汁水或核相关的特征，而是提到了游戏规则和策略的分析。这与其他玩家描述水果特征的焦点不一致。

不一致之处在于玩家4的描述没有遵循其他玩家对水果特征的描述模式，而是转而讨论游戏策略，这可能表明他的词语与水果的特征不匹配，或者他的描述策略是为了掩盖他的卧底身份。因此，玩家4的描述与其他玩家的描述存在显著的不一致性。|| 请通过你分析的不一致之处，推断卧底身份，注意，这局游戏的词语分类为<水果>，卧底词和平民词都属于该类。
2024-12-13 14:42:49,357 - 3 - INFO - **********PLAYER3**********
根据分析的不一致之处，以下是对卧底身份的推断：

1. 玩家1和玩家3的描述高度相似，且都提到了水果的汁水丰富、颜色鲜艳、形状独特且细长，这表明他们很可能持有相同的平民词。

2. 玩家2的描述与玩家1和玩家3的描述有重叠，提到了外表光滑、颜色鲜艳、富含纤维和维生素以及明显的核，这也支持了他们可能持有相同平民词的假设。

3. 玩家4的描述与上述描述不同，他没有提到任何具体的水果特征，而是提到了游戏规则和策略。这与其他玩家专注于描述水果特征的行为不一致。

考虑到游戏的词语分类为<水果>，卧底词和平民词都属于该类，玩家4的描述不遵循其他玩家的描述模式，这强烈暗示他可能是卧底。他的描述可能是在引导讨论，而不是提供关于水果特征的具体信息，这可能是为了混淆视听，掩盖他的真实身份。

因此，基于这些不一致之处，玩家4很可能是卧底。
2024-12-13 14:42:49,359 - 3 - INFO - **********JUDGER**********
你刚刚的推断是根据分析的不一致之处，以下是对卧底身份的推断：

1. 玩家1和玩家3的描述高度相似，且都提到了水果的汁水丰富、颜色鲜艳、形状独特且细长，这表明他们很可能持有相同的平民词。

2. 玩家2的描述与玩家1和玩家3的描述有重叠，提到了外表光滑、颜色鲜艳、富含纤维和维生素以及明显的核，这也支持了他们可能持有相同平民词的假设。

3. 玩家4的描述与上述描述不同，他没有提到任何具体的水果特征，而是提到了游戏规则和策略。这与其他玩家专注于描述水果特征的行为不一致。

考虑到游戏的词语分类为<水果>，卧底词和平民词都属于该类，玩家4的描述不遵循其他玩家的描述模式，这强烈暗示他可能是卧底。他的描述可能是在引导讨论，而不是提供关于水果特征的具体信息，这可能是为了混淆视听，掩盖他的真实身份。

因此，基于这些不一致之处，玩家4很可能是卧底。|| 基于你刚刚的推断得出你的最终结论，请输出你认为的卧底，在这种情况下只需要输出编号，是1-4中的某个数字，不要输出其他信息。在这个过程不要进行任何推理，只对||以前的部分进行信息提取
2024-12-13 14:42:50,322 - 3 - INFO - **********PLAYER3**********
4
2024-12-13 14:43:34,102 - 3 - INFO - **********JUDGER**********
玩家1说：这个水果有着丰富的汁水，而且颜色鲜艳。它在同类中特别的地方是它的形状比较独特，不像其他水果那么圆润。这个水果的香气非常浓郁，而且它的皮薄易剥，适合鲜食。它的口感独特，纤维较少，不像其他水果那样多汁。玩家2说：这种水果外表光滑，呈黄色或橙色，富含纤维和维生素。它有一个明显的核，与其他类似水果相比，它的核较大，而且通常比较硬。这种水果的果肉细腻，味道甜美，适合直接食用。它的果皮相对柔软，容易剥离，而且它的香味非常吸引人，常常被用来制作各种甜品。与其他水果相比，它的核较小，但仍然明显。玩家3说：这个水果通常呈现出绿色，有细小的籽分布在果肉中。它的形状通常较为细长，与常见的圆形水果相比，形状更为独特。玩家4说：这种水果通常颜色鲜艳，含有丰富的汁水。它的形状较为独特，不像其他水果那样圆润，通常呈细长状。你是第3号玩家，你的关键词是<芒果>。你的回答中绝对不能包含你的关键词<芒果>。这是第二轮描述，你之前的描述是这个水果通常呈现出绿色，有细小的籽分布在果肉中。它的形状通常较为细长，与常见的圆形水果相比，形状更为独特。，注意，这局游戏的词语分类为<水果>，卧底词和平民词都属于该类，请你补充关于关键词的描述，注意，你的描述应该比起之前的描述更加贴近关键词，作为之前的补充
2024-12-13 14:43:38,996 - 3 - INFO - **********PLAYER3**********
这个水果的果肉口感柔软，甜而不腻，非常适合直接食用。它的皮色呈现出淡黄色，与常见的绿色水果相比，颜色较为独特。
2024-12-13 14:44:54,897 - 3 - INFO - **********JUDGER**********
玩家1说：这个水果有着丰富的汁水，而且颜色鲜艳。它在同类中特别的地方是它的形状比较独特，不像其他水果那么圆润。这个水果的香气非常浓郁，而且它的皮薄易剥，适合鲜食。它的口感独特，纤维较少，不像其他水果那样多汁。玩家2说：这种水果外表光滑，呈黄色或橙色，富含纤维和维生素。它有一个明显的核，与其他类似水果相比，它的核较大，而且通常比较硬。这种水果的果肉细腻，味道甜美，适合直接食用。它的果皮相对柔软，容易剥离，而且它的香味非常吸引人，常常被用来制作各种甜品。与其他水果相比，它的核较小，但仍然明显。玩家3说：这个水果通常呈现出绿色，有细小的籽分布在果肉中。它的形状通常较为细长，与常见的圆形水果相比，形状更为独特。这个水果的果肉口感柔软，甜而不腻，非常适合直接食用。它的皮色呈现出淡黄色，与常见的绿色水果相比，颜色较为独特。玩家4说：这种水果通常颜色鲜艳，含有丰富的汁水。它的形状较为独特，不像其他水果那样圆润，通常呈细长状。||在这个游戏中，我们需要通过分析每位玩家的描述来找出卧底。通常，平民的描述会围绕相同的词语展开，而卧底的描述可能会因为词语的不同而显得不太一致。我们需要仔细比较每个描述之间的相似性和差异性，以找出可能的卧底，注意，卧底并不会隐藏自己，他会直接描述他的词语，现在，逐一分析每个玩家的描述，注意，这局游戏的词语分类为<水果>，卧底词和平民词都属于该类。||之前是第2轮描述和之前轮数描述的合集。你之前认为的卧底是玩家4。
2024-12-13 14:45:12,086 - 3 - INFO - **********PLAYER3**********
根据第2轮描述和之前轮数的描述，以下是分析：

1. 玩家1的描述强调了水果的汁水丰富、颜色鲜艳、形状独特、香气浓郁、皮薄易剥、口感独特、纤维较少，这些特征与玩家3和玩家4的描述有部分重叠，但与玩家2的描述有所不同，因为玩家2提到了核较大且硬，而玩家1没有提及核的特征。

2. 玩家2的描述详细描述了水果的外表光滑、颜色（黄色或橙色）、富含纤维和维生素、明显的核、果肉细腻、味道甜美、皮柔软易剥、香味吸引人，适合制作甜品。这些特征与玩家1的描述有显著差异，尤其是核的特征，而且玩家2的描述中提到了核的大小和硬度，这是玩家1和玩家4没有提及的。

3. 玩家3的描述与玩家1的描述相似，都提到了水果的汁水丰富、形状独特、皮色淡黄、果肉口感柔软、甜而不腻、适合鲜食。这与玩家4的描述也有相似之处，但玩家3的描述没有提到颜色鲜艳和香气浓郁。

4. 玩家4的描述与玩家1和玩家3的描述相似，都提到了水果的汁水丰富、形状独特、口感柔软、甜而不腻、适合鲜食，但玩家4的描述没有提到颜色和香气。

综合以上分析，玩家2的描述与玩家1、3、4的描述在核的特征上有显著差异，且在描述的细节上（如核的大小和硬度、果皮的颜色和香味）与其他玩家有所不同。因此，基于描述的相似性和差异性，玩家2的描述可能不太一致，他可能是卧底。
2024-12-13 14:45:12,088 - 3 - INFO - **********JUDGER**********
你刚刚的分析是根据第2轮描述和之前轮数的描述，以下是分析：

1. 玩家1的描述强调了水果的汁水丰富、颜色鲜艳、形状独特、香气浓郁、皮薄易剥、口感独特、纤维较少，这些特征与玩家3和玩家4的描述有部分重叠，但与玩家2的描述有所不同，因为玩家2提到了核较大且硬，而玩家1没有提及核的特征。

2. 玩家2的描述详细描述了水果的外表光滑、颜色（黄色或橙色）、富含纤维和维生素、明显的核、果肉细腻、味道甜美、皮柔软易剥、香味吸引人，适合制作甜品。这些特征与玩家1的描述有显著差异，尤其是核的特征，而且玩家2的描述中提到了核的大小和硬度，这是玩家1和玩家4没有提及的。

3. 玩家3的描述与玩家1的描述相似，都提到了水果的汁水丰富、形状独特、皮色淡黄、果肉口感柔软、甜而不腻、适合鲜食。这与玩家4的描述也有相似之处，但玩家3的描述没有提到颜色鲜艳和香气浓郁。

4. 玩家4的描述与玩家1和玩家3的描述相似，都提到了水果的汁水丰富、形状独特、口感柔软、甜而不腻、适合鲜食，但玩家4的描述没有提到颜色和香气。

综合以上分析，玩家2的描述与玩家1、3、4的描述在核的特征上有显著差异，且在描述的细节上（如核的大小和硬度、果皮的颜色和香味）与其他玩家有所不同。因此，基于描述的相似性和差异性，玩家2的描述可能不太一致，他可能是卧底。|| `请根据上述分析，比较描述以找出不一致之处，注意，这局游戏的词语分类为<水果>，卧底词和平民词都属于该类。
2024-12-13 14:45:29,545 - 3 - INFO - **********PLAYER3**********
根据上述分析，以下是一致性和不一致之处的比较：

一致之处：
- 玩家1、3、4的描述都提到了水果的汁水丰富、形状独特、口感柔软、甜而不腻、适合鲜食。
- 玩家1和玩家3的描述都提到了果肉口感柔软，甜而不腻，适合鲜食，以及皮色淡黄。

不一致之处：
- 玩家2的描述提到了水果外表光滑、呈黄色或橙色、富含纤维和维生素、明显的核、果肉细腻、味道甜美、皮柔软易剥、香味吸引人，适合制作甜品，这些特征与玩家1、3、4的描述有显著差异。
- 玩家2特别强调了核的特征，提到核较大且硬，而玩家1和玩家4没有提及核的大小和硬度。
- 玩家2的描述中包含了制作甜品的用途，这是玩家1、3、4的描述中没有提到的。
- 玩家2的描述中提到了香味吸引人，而玩家1和玩家4没有提及香味。

基于这些不一致之处，玩家2的描述在细节上与其他玩家的描述有显著差异，尤其是在核的特征和描述的用途上，这可能是由于他持有的词语与平民词不同，因此他可能是卧底。
2024-12-13 14:45:29,546 - 3 - INFO - **********JUDGER**********
你刚刚的分析是根据上述分析，以下是一致性和不一致之处的比较：

一致之处：
- 玩家1、3、4的描述都提到了水果的汁水丰富、形状独特、口感柔软、甜而不腻、适合鲜食。
- 玩家1和玩家3的描述都提到了果肉口感柔软，甜而不腻，适合鲜食，以及皮色淡黄。

不一致之处：
- 玩家2的描述提到了水果外表光滑、呈黄色或橙色、富含纤维和维生素、明显的核、果肉细腻、味道甜美、皮柔软易剥、香味吸引人，适合制作甜品，这些特征与玩家1、3、4的描述有显著差异。
- 玩家2特别强调了核的特征，提到核较大且硬，而玩家1和玩家4没有提及核的大小和硬度。
- 玩家2的描述中包含了制作甜品的用途，这是玩家1、3、4的描述中没有提到的。
- 玩家2的描述中提到了香味吸引人，而玩家1和玩家4没有提及香味。

基于这些不一致之处，玩家2的描述在细节上与其他玩家的描述有显著差异，尤其是在核的特征和描述的用途上，这可能是由于他持有的词语与平民词不同，因此他可能是卧底。|| 请通过你分析的不一致之处，推断卧底身份，注意，这局游戏的词语分类为<水果>，卧底词和平民词都属于该类。
2024-12-13 14:45:35,548 - 3 - INFO - **********PLAYER3**********
基于分析的不一致之处，我推断玩家2是卧底。他的描述中包含了与其他玩家不同的特征，如强调核的大小和硬度、提及制作甜品的用途，以及提到香味吸引人，这些都与玩家1、3、4的描述不一致。由于所有词语都属于<水果>类别，这些差异表明玩家2可能持有与平民词不同的卧底词。
2024-12-13 14:45:35,549 - 3 - INFO - **********JUDGER**********
你刚刚的推断是基于分析的不一致之处，我推断玩家2是卧底。他的描述中包含了与其他玩家不同的特征，如强调核的大小和硬度、提及制作甜品的用途，以及提到香味吸引人，这些都与玩家1、3、4的描述不一致。由于所有词语都属于<水果>类别，这些差异表明玩家2可能持有与平民词不同的卧底词。|| 基于你刚刚的推断得出你的最终结论，请输出你认为的卧底，在这种情况下只需要输出编号，是1-4中的某个数字，不要输出其他信息。在这个过程不要进行任何推理，只对||以前的部分进行信息提取
2024-12-13 14:45:37,363 - 3 - INFO - **********PLAYER3**********
2
2024-12-13 14:46:37,909 - 3 - INFO - **********JUDGER**********
玩家1说：这个水果有着丰富的汁水，而且颜色鲜艳。它在同类中特别的地方是它的形状比较独特，不像其他水果那么圆润。这个水果的香气非常浓郁，而且它的皮薄易剥，适合鲜食。它的口感独特，纤维较少，不像其他水果那样多汁。这个水果的核较小，通常包裹在柔软的果肉中，不易感觉到。它的果肉质地细腻，甜度适中，适合直接食用。此外，它的种子分布均匀，不影响食用体验。玩家2说：这种水果外表光滑，呈黄色或橙色，富含纤维和维生素。它有一个明显的核，与其他类似水果相比，它的核较大，而且通常比较硬。这种水果的果肉细腻，味道甜美，适合直接食用。它的果皮相对柔软，容易剥离，而且它的香味非常吸引人，常常被用来制作各种甜品。与其他水果相比，它的核较小，但仍然明显。这种水果的果肉呈现出独特的金黄色，口感鲜甜多汁，适合生食。它的果皮柔软，容易剥离，香气浓郁，常用于制作各种甜点和饮品。与同类水果相比，它的形状较为扁平，核相对较小，但仍然容易剥离。玩家3说：这个水果通常呈现出绿色，有细小的籽分布在果肉中。它的形状通常较为细长，与常见的圆形水果相比，形状更为独特。这个水果的果肉口感柔软，甜而不腻，非常适合直接食用。它的皮色呈现出淡黄色，与常见的绿色水果相比，颜色较为独特。玩家4说：这种水果通常颜色鲜艳，含有丰富的汁水。它的形状较为独特，不像其他水果那样圆润，通常呈细长状。这种水果通常有着强烈的特殊气味，它的果实结构复杂，由多个小果组成。它的外皮通常较为坚硬，不易剥开。虽然它的汁水含量不是最高的，但它的口感丰富，纤维较多，适合熟食或制作甜品。你是第3号玩家，你的关键词是<芒果>。你的回答中绝对不能包含你的关键词<芒果>。这是第三轮描述，你之前的描述是这个水果通常呈现出绿色，有细小的籽分布在果肉中。它的形状通常较为细长，与常见的圆形水果相比，形状更为独特。和这个水果的果肉口感柔软，甜而不腻，非常适合直接食用。它的皮色呈现出淡黄色，与常见的绿色水果相比，颜色较为独特。，注意，这局游戏的词语分类为<水果>，卧底词和平民词都属于该类，请你补充关于关键词的描述，注意，你的描述应该比起之前的描述更加贴近关键词，作为之前的补充
2024-12-13 14:46:42,191 - 3 - INFO - **********PLAYER3**********
这个水果的果肉非常细腻，甜度适中，适合直接食用。它的皮色通常是淡黄色，而且它有着独特的香味，吸引人食用。
2024-12-13 14:48:19,775 - 3 - INFO - **********JUDGER**********
玩家1说：这个水果有着丰富的汁水，而且颜色鲜艳。它在同类中特别的地方是它的形状比较独特，不像其他水果那么圆润。这个水果的香气非常浓郁，而且它的皮薄易剥，适合鲜食。它的口感独特，纤维较少，不像其他水果那样多汁。这个水果的核较小，通常包裹在柔软的果肉中，不易感觉到。它的果肉质地细腻，甜度适中，适合直接食用。此外，它的种子分布均匀，不影响食用体验。玩家2说：这种水果外表光滑，呈黄色或橙色，富含纤维和维生素。它有一个明显的核，与其他类似水果相比，它的核较大，而且通常比较硬。这种水果的果肉细腻，味道甜美，适合直接食用。它的果皮相对柔软，容易剥离，而且它的香味非常吸引人，常常被用来制作各种甜品。与其他水果相比，它的核较小，但仍然明显。这种水果的果肉呈现出独特的金黄色，口感鲜甜多汁，适合生食。它的果皮柔软，容易剥离，香气浓郁，常用于制作各种甜点和饮品。与同类水果相比，它的形状较为扁平，核相对较小，但仍然容易剥离。玩家3说：这个水果通常呈现出绿色，有细小的籽分布在果肉中。它的形状通常较为细长，与常见的圆形水果相比，形状更为独特。这个水果的果肉口感柔软，甜而不腻，非常适合直接食用。它的皮色呈现出淡黄色，与常见的绿色水果相比，颜色较为独特。这个水果的果肉非常细腻，甜度适中，适合直接食用。它的皮色通常是淡黄色，而且它有着独特的香味，吸引人食用。玩家4说：这种水果通常颜色鲜艳，含有丰富的汁水。它的形状较为独特，不像其他水果那样圆润，通常呈细长状。这种水果通常有着强烈的特殊气味，它的果实结构复杂，由多个小果组成。它的外皮通常较为坚硬，不易剥开。虽然它的汁水含量不是最高的，但它的口感丰富，纤维较多，适合熟食或制作甜品。这种水果通常具有非常浓郁的气味，它的果实由多个瓣组成，每个瓣中包含种子。它的外皮硬而厚，需要用力剥开。虽然汁水含量不高，但果肉甜美，纤维丰富，适合制作甜品。这种水果的颜色多样，从淡黄到深棕色不等。||在这个游戏中，我们需要通过分析每位玩家的描述来找出卧底。通常，平民的描述会围绕相同的词语展开，而卧底的描述可能会因为词语的不同而显得不太一致。我们需要仔细比较每个描述之间的相似性和差异性，以找出可能的卧底，注意，卧底并不会隐藏自己，他会直接描述他的词语，现在，逐一分析每个玩家的描述，注意，这局游戏的词语分类为<水果>，卧底词和平民词都属于该类。||之前是第3轮描述和之前轮数描述的合集。你之前认为的卧底是玩家2。
2024-12-13 14:48:34,402 - 3 - INFO - **********PLAYER3**********
根据第3轮描述和之前轮数的描述，以下是分析：

1. 玩家1的描述强调了水果的汁水丰富、颜色鲜艳、形状独特、香气浓郁、皮薄易剥、口感独特、纤维较少、核小、果肉质地细腻、甜度适中、种子分布均匀。

2. 玩家2的描述提到了水果外表光滑、呈黄色或橙色、富含纤维和维生素、核大且硬、果肉细腻、味道甜美、皮柔软易剥、香味吸引人、适合制作甜品、核小但明显、果肉金黄色、口感鲜甜多汁、形状扁平、果皮柔软、香气浓郁、常用于制作甜点和饮品。

3. 玩家3的描述与玩家1相似，提到了水果的汁水丰富、形状独特、皮色淡黄、果肉口感柔软、甜而不腻、适合直接食用、皮色淡黄、独特的香味、吸引人食用。

4. 玩家4的描述提到了水果颜色鲜艳、含有丰富的汁水、形状独特、细长、强烈特殊气味、果实结构复杂、外皮坚硬、汁水含量不是最高、口感丰富、纤维较多、适合熟食或制作甜品、浓郁的气味、果实由多个瓣组成、外皮硬而厚、汁水含量不高、果肉甜美、纤维丰富、适合制作甜品、颜色多样。

综合分析，玩家2的描述与其他玩家的描述在核的特征上存在不一致，玩家2描述了核大且硬，而其他玩家没有提及核的大小和硬度。此外，玩家2的描述中提到了制作甜品和形状扁平，这些特征与其他玩家的描述有所不同。

因此，基于描述的相似性和差异性，玩家2的描述可能不太一致，他可能是卧底。
2024-12-13 14:48:34,404 - 3 - INFO - **********JUDGER**********
你刚刚的分析是根据第3轮描述和之前轮数的描述，以下是分析：

1. 玩家1的描述强调了水果的汁水丰富、颜色鲜艳、形状独特、香气浓郁、皮薄易剥、口感独特、纤维较少、核小、果肉质地细腻、甜度适中、种子分布均匀。

2. 玩家2的描述提到了水果外表光滑、呈黄色或橙色、富含纤维和维生素、核大且硬、果肉细腻、味道甜美、皮柔软易剥、香味吸引人、适合制作甜品、核小但明显、果肉金黄色、口感鲜甜多汁、形状扁平、果皮柔软、香气浓郁、常用于制作甜点和饮品。

3. 玩家3的描述与玩家1相似，提到了水果的汁水丰富、形状独特、皮色淡黄、果肉口感柔软、甜而不腻、适合直接食用、皮色淡黄、独特的香味、吸引人食用。

4. 玩家4的描述提到了水果颜色鲜艳、含有丰富的汁水、形状独特、细长、强烈特殊气味、果实结构复杂、外皮坚硬、汁水含量不是最高、口感丰富、纤维较多、适合熟食或制作甜品、浓郁的气味、果实由多个瓣组成、外皮硬而厚、汁水含量不高、果肉甜美、纤维丰富、适合制作甜品、颜色多样。

综合分析，玩家2的描述与其他玩家的描述在核的特征上存在不一致，玩家2描述了核大且硬，而其他玩家没有提及核的大小和硬度。此外，玩家2的描述中提到了制作甜品和形状扁平，这些特征与其他玩家的描述有所不同。

因此，基于描述的相似性和差异性，玩家2的描述可能不太一致，他可能是卧底。|| `请根据上述分析，比较描述以找出不一致之处，注意，这局游戏的词语分类为<水果>，卧底词和平民词都属于该类。
2024-12-13 14:48:44,687 - 3 - INFO - **********PLAYER3**********
根据上述分析，以下是一致性和不一致之处的比较：

一致之处：
- 玩家1、3和玩家4的描述都提到了水果的汁水丰富、形状独特、口感柔软、甜而不腻、适合直接食用。
- 玩家1和玩家3的描述都提到了水果的皮色淡黄，有独特的香味，吸引人食用。

不一致之处：
- 玩家2的描述中提到了水果外表光滑、呈黄色或橙色、富含纤维和维生素、核大且硬、果肉金黄色、口感鲜甜多汁、形状扁平、常用于制作甜点和饮品。这些特征与玩家1、3和玩家4的描述不一致，特别是关于核的大小和硬度的描述，以及形状和用途的提及。
- 玩家4的描述中提到了水果的强烈特殊气味、果实结构复杂、外皮坚硬、汁水含量不是最高、口感丰富、纤维较多、颜色多样，这些特征在玩家1和玩家3的描述中没有出现。

基于这些不一致之处，玩家2的描述在核的特征、形状、用途和气味等方面与其他玩家的描述有显著差异，这可能是由于他持有的词语与平民词不同，因此他可能是卧底。
2024-12-13 14:48:44,688 - 3 - INFO - **********JUDGER**********
你刚刚的分析是根据上述分析，以下是一致性和不一致之处的比较：

一致之处：
- 玩家1、3和玩家4的描述都提到了水果的汁水丰富、形状独特、口感柔软、甜而不腻、适合直接食用。
- 玩家1和玩家3的描述都提到了水果的皮色淡黄，有独特的香味，吸引人食用。

不一致之处：
- 玩家2的描述中提到了水果外表光滑、呈黄色或橙色、富含纤维和维生素、核大且硬、果肉金黄色、口感鲜甜多汁、形状扁平、常用于制作甜点和饮品。这些特征与玩家1、3和玩家4的描述不一致，特别是关于核的大小和硬度的描述，以及形状和用途的提及。
- 玩家4的描述中提到了水果的强烈特殊气味、果实结构复杂、外皮坚硬、汁水含量不是最高、口感丰富、纤维较多、颜色多样，这些特征在玩家1和玩家3的描述中没有出现。

基于这些不一致之处，玩家2的描述在核的特征、形状、用途和气味等方面与其他玩家的描述有显著差异，这可能是由于他持有的词语与平民词不同，因此他可能是卧底。|| 请通过你分析的不一致之处，推断卧底身份，注意，这局游戏的词语分类为<水果>，卧底词和平民词都属于该类。
2024-12-13 14:48:45,924 - 3 - INFO - **********PLAYER3**********
2
2024-12-13 14:48:45,925 - 3 - INFO - **********JUDGER**********
你刚刚的推断是2|| 基于你刚刚的推断得出你的最终结论，请输出你认为的卧底，在这种情况下只需要输出编号，是1-4中的某个数字，不要输出其他信息。在这个过程不要进行任何推理，只对||以前的部分进行信息提取
2024-12-13 14:48:47,010 - 3 - INFO - **********PLAYER3**********
2
