2024-12-13 14:40:42,990 - 4 - INFO - **********JUDGER**********
让我们来玩一个叫做<谁是卧底>的推理游戏。基本规则：<人数>：4人。<角色分配>：每位玩家随机抽取一个词语，3名玩家拿到的词语是相同的（平民词），1名玩家拿到与之相近但不同的词语（卧底词）。<游戏流程>：1、玩家轮流描述自己的词语，但<不能>直接说出词语本身。2、描述完毕后，投票选出最像卧底的玩家。3、每轮结束后，被投票选出的玩家出局，不能再进行描述或投票。4、每轮投票结束后，如果卧底被成功找出，平民方获胜；如果卧底未被找出且卧底人数等于或超过平民人数，则卧底方获胜。你将扮演一个<玩家>，请等待你被分配到的关键词。如果你听懂了，只回答，"好的，我准备好参加游戏了"，不要输出别的信息
2024-12-13 14:40:44,847 - 4 - INFO - **********PLAYER4**********
好的，我准备好参加游戏了
2024-12-13 14:40:50,453 - 4 - INFO - **********JUDGER**********
玩家1说：这个水果有着丰富的汁水，而且颜色鲜艳。它在同类中特别的地方是它的形状比较独特，不像其他水果那么圆润。玩家2说：这种水果外表光滑，呈黄色或橙色，富含纤维和维生素。它有一个明显的核，与其他类似水果相比，它的核较大，而且通常比较硬。玩家3说：这个水果通常呈现出绿色，有细小的籽分布在果肉中。它的形状通常较为细长，与常见的圆形水果相比，形状更为独特。玩家4说：|| 你是第4号玩家，你的关键词是<榴莲>。你的回答中绝对不能包含你的关键词<榴莲>。这是第一轮描述，不需要分析||之前别的玩家的描述，请你描述关键词基本特征，注意，这局游戏的词语分类为<水果>，卧底词和平民词都属于该类，描述包括以下两点，1.他的基本特征是什么2.他在该类（水果）中最突出不同的特征是什么，尽量简短
2024-12-13 14:40:53,910 - 4 - INFO - **********PLAYER4**********
这种水果通常颜色鲜艳，含有丰富的汁水。它的形状较为独特，不像其他水果那样圆润，通常呈细长状。
2024-12-13 14:42:50,323 - 4 - INFO - **********JUDGER**********
玩家1说：这个水果有着丰富的汁水，而且颜色鲜艳。它在同类中特别的地方是它的形状比较独特，不像其他水果那么圆润。玩家2说：这种水果外表光滑，呈黄色或橙色，富含纤维和维生素。它有一个明显的核，与其他类似水果相比，它的核较大，而且通常比较硬。玩家3说：这个水果通常呈现出绿色，有细小的籽分布在果肉中。它的形状通常较为细长，与常见的圆形水果相比，形状更为独特。玩家4说：||在这个游戏中，我们需要通过分析每位玩家的描述来找出卧底。通常，平民的描述会围绕相同的词语展开，而卧底的描述可能会因为词语的不同而显得不太一致。我们需要仔细比较每个描述之间的相似性和差异性，以找出可能的卧底，注意，卧底并不会隐藏自己，他会直接描述他的词语，现在，逐一分析每个玩家的描述，注意，这局游戏的词语分类为<水果>，卧底词和平民词都属于该类。这是第一轮描述。
2024-12-13 14:42:57,259 - 4 - INFO - **********PLAYER4**********
根据玩家1的描述，我们可以推测他可能提到的水果是像葡萄或奇异果这样的，因为它们汁水丰富，颜色鲜艳，形状独特。

玩家2的描述听起来像是柑橘类水果，如橙子或柚子，因为它们外表光滑，呈黄色或橙色，富含纤维和维生素，并且有明显的核。

玩家3的描述可能指的是苹果或梨，因为它们通常是绿色的，有细小的籽，形状细长，与圆形水果形成对比。

玩家4的描述没有提供具体信息，只是提醒了游戏规则和需要分析描述来找出卧底。

从这些描述中，我们可以看出玩家1、2和3的描述都是围绕某种具体的水果特征展开的，而玩家4没有提供具体的描述，只是强调了游戏规则和需要分析描述。这可能意味着玩家4可能是卧底，因为他没有直接描述任何水果的特征。然而，这只是一个初步的分析，需要更多的信息来确定卧底的身份。
2024-12-13 14:42:57,261 - 4 - INFO - **********JUDGER**********
你刚刚的分析是根据玩家1的描述，我们可以推测他可能提到的水果是像葡萄或奇异果这样的，因为它们汁水丰富，颜色鲜艳，形状独特。

玩家2的描述听起来像是柑橘类水果，如橙子或柚子，因为它们外表光滑，呈黄色或橙色，富含纤维和维生素，并且有明显的核。

玩家3的描述可能指的是苹果或梨，因为它们通常是绿色的，有细小的籽，形状细长，与圆形水果形成对比。

玩家4的描述没有提供具体信息，只是提醒了游戏规则和需要分析描述来找出卧底。

从这些描述中，我们可以看出玩家1、2和3的描述都是围绕某种具体的水果特征展开的，而玩家4没有提供具体的描述，只是强调了游戏规则和需要分析描述。这可能意味着玩家4可能是卧底，因为他没有直接描述任何水果的特征。然而，这只是一个初步的分析，需要更多的信息来确定卧底的身份。|| `请根据上述分析，比较描述以找出不一致之处，注意，这局游戏的词语分类为<水果>，卧底词和平民词都属于该类。
2024-12-13 14:43:11,382 - 4 - INFO - **********PLAYER4**********
根据上述分析，我们可以注意到以下几点不一致之处：

1. **颜色描述**：玩家1提到水果颜色鲜艳，但没有具体指出是哪种颜色。玩家2描述的是黄色或橙色，而玩家3提到的是绿色。这表明他们的水果可能是不同的。

2. **核的特征**：玩家2特别提到了水果有一个明显的核，并且这个核较大且硬。这与其他两个玩家的描述不一致，因为他们没有提到核的大小或硬度。

3. **形状描述**：玩家1和玩家3都提到了形状的独特性，但没有具体描述是哪种形状。玩家4没有提供形状的描述，这可能意味着他的水果形状与玩家1和玩家3的描述不同。

4. **籽的分布**：玩家3特别提到了籽分布在果肉中，这是他对水果形状独特性的补充。玩家1和玩家2没有提到籽的分布。

5. **玩家4的角色**：玩家4没有提供关于水果的具体描述，而是强调了游戏规则和需要分析描述。这与其他三个玩家的描述方式不同，他们都在描述水果的具体特征。

基于这些不一致之处，玩家4可能是卧底，因为他没有提供关于水果的具体特征描述，而其他三个玩家都试图通过描述来暗示他们心中的水果。卧底通常会选择不提供具体的特征描述，以免被识破。然而，这只是一个基于描述的分析，实际的卧底身份可能需要更多的信息来确定。
2024-12-13 14:43:11,383 - 4 - INFO - **********JUDGER**********
你刚刚的分析是根据上述分析，我们可以注意到以下几点不一致之处：

1. **颜色描述**：玩家1提到水果颜色鲜艳，但没有具体指出是哪种颜色。玩家2描述的是黄色或橙色，而玩家3提到的是绿色。这表明他们的水果可能是不同的。

2. **核的特征**：玩家2特别提到了水果有一个明显的核，并且这个核较大且硬。这与其他两个玩家的描述不一致，因为他们没有提到核的大小或硬度。

3. **形状描述**：玩家1和玩家3都提到了形状的独特性，但没有具体描述是哪种形状。玩家4没有提供形状的描述，这可能意味着他的水果形状与玩家1和玩家3的描述不同。

4. **籽的分布**：玩家3特别提到了籽分布在果肉中，这是他对水果形状独特性的补充。玩家1和玩家2没有提到籽的分布。

5. **玩家4的角色**：玩家4没有提供关于水果的具体描述，而是强调了游戏规则和需要分析描述。这与其他三个玩家的描述方式不同，他们都在描述水果的具体特征。

基于这些不一致之处，玩家4可能是卧底，因为他没有提供关于水果的具体特征描述，而其他三个玩家都试图通过描述来暗示他们心中的水果。卧底通常会选择不提供具体的特征描述，以免被识破。然而，这只是一个基于描述的分析，实际的卧底身份可能需要更多的信息来确定。|| 请通过你分析的不一致之处，推断卧底身份，注意，这局游戏的词语分类为<水果>，卧底词和平民词都属于该类。
2024-12-13 14:43:26,343 - 4 - INFO - **********PLAYER4**********
基于上述分析的不一致之处，我们可以进行以下推断：

1. **颜色描述不一致**：玩家1、2和3描述的颜色分别是未具体指明的鲜艳颜色、黄色或橙色、绿色。这表明他们可能分别描述的是不同颜色类别的水果。

2. **核的特征不一致**：玩家2特别提到了核的大小和硬度，这与其他两位玩家没有提到核的特征形成对比。这可能意味着玩家2描述的水果与其他两种水果在核的特征上有显著区别。

3. **形状描述不一致**：玩家1和玩家3都提到了形状的独特性，但没有具体描述形状。玩家4没有提供形状描述，这可能意味着他的水果形状与玩家1和玩家3的描述不同，或者他可能故意没有提供形状信息。

4. **籽的分布不一致**：玩家3提到了籽的分布，这是对形状独特性的补充，而玩家1和玩家2没有提到这一点。

5. **玩家4的描述方式**：玩家4没有提供关于水果的具体描述，而是强调了游戏规则和需要分析描述。这可能意味着他有意避免提供可能暴露身份的信息。

综合以上点，玩家4可能是卧底，因为他没有提供具体的水果特征描述，而是强调了游戏规则，这与其他三位玩家试图通过描述来暗示他们心中的水果的方式不同。如果卧底是在避免提供直接线索，那么玩家4的行为模式与卧底的角色相符。

考虑到所有这些线索，如果词语分类为<水果>，并且卧底词和平民词都属于该类，那么玩家4作为唯一一个没有提供具体水果特征描述的玩家，可能是卧底。然而，最终的身份需要通过投票和进一步的描述来确认。
2024-12-13 14:43:26,344 - 4 - INFO - **********JUDGER**********
你刚刚的推断是基于上述分析的不一致之处，我们可以进行以下推断：

1. **颜色描述不一致**：玩家1、2和3描述的颜色分别是未具体指明的鲜艳颜色、黄色或橙色、绿色。这表明他们可能分别描述的是不同颜色类别的水果。

2. **核的特征不一致**：玩家2特别提到了核的大小和硬度，这与其他两位玩家没有提到核的特征形成对比。这可能意味着玩家2描述的水果与其他两种水果在核的特征上有显著区别。

3. **形状描述不一致**：玩家1和玩家3都提到了形状的独特性，但没有具体描述形状。玩家4没有提供形状描述，这可能意味着他的水果形状与玩家1和玩家3的描述不同，或者他可能故意没有提供形状信息。

4. **籽的分布不一致**：玩家3提到了籽的分布，这是对形状独特性的补充，而玩家1和玩家2没有提到这一点。

5. **玩家4的描述方式**：玩家4没有提供关于水果的具体描述，而是强调了游戏规则和需要分析描述。这可能意味着他有意避免提供可能暴露身份的信息。

综合以上点，玩家4可能是卧底，因为他没有提供具体的水果特征描述，而是强调了游戏规则，这与其他三位玩家试图通过描述来暗示他们心中的水果的方式不同。如果卧底是在避免提供直接线索，那么玩家4的行为模式与卧底的角色相符。

考虑到所有这些线索，如果词语分类为<水果>，并且卧底词和平民词都属于该类，那么玩家4作为唯一一个没有提供具体水果特征描述的玩家，可能是卧底。然而，最终的身份需要通过投票和进一步的描述来确认。|| 基于你刚刚的推断得出你的最终结论，请输出你认为的卧底，在这种情况下只需要输出编号，是1-4中的某个数字，不要输出其他信息。在这个过程不要进行任何推理，只对||以前的部分进行信息提取
2024-12-13 14:43:27,474 - 4 - INFO - **********PLAYER4**********
4
2024-12-13 14:43:38,997 - 4 - INFO - **********JUDGER**********
玩家1说：这个水果有着丰富的汁水，而且颜色鲜艳。它在同类中特别的地方是它的形状比较独特，不像其他水果那么圆润。这个水果的香气非常浓郁，而且它的皮薄易剥，适合鲜食。它的口感独特，纤维较少，不像其他水果那样多汁。玩家2说：这种水果外表光滑，呈黄色或橙色，富含纤维和维生素。它有一个明显的核，与其他类似水果相比，它的核较大，而且通常比较硬。这种水果的果肉细腻，味道甜美，适合直接食用。它的果皮相对柔软，容易剥离，而且它的香味非常吸引人，常常被用来制作各种甜品。与其他水果相比，它的核较小，但仍然明显。玩家3说：这个水果通常呈现出绿色，有细小的籽分布在果肉中。它的形状通常较为细长，与常见的圆形水果相比，形状更为独特。这个水果的果肉口感柔软，甜而不腻，非常适合直接食用。它的皮色呈现出淡黄色，与常见的绿色水果相比，颜色较为独特。玩家4说：这种水果通常颜色鲜艳，含有丰富的汁水。它的形状较为独特，不像其他水果那样圆润，通常呈细长状。你是第4号玩家，你的关键词是<榴莲>。你的回答中绝对不能包含你的关键词<榴莲>。这是第二轮描述，你之前的描述是这种水果通常颜色鲜艳，含有丰富的汁水。它的形状较为独特，不像其他水果那样圆润，通常呈细长状。，注意，这局游戏的词语分类为<水果>，卧底词和平民词都属于该类，请你补充关于关键词的描述，注意，你的描述应该比起之前的描述更加贴近关键词，作为之前的补充
2024-12-13 14:43:42,466 - 4 - INFO - **********PLAYER4**********
这种水果通常有着强烈的特殊气味，它的果实结构复杂，由多个小果组成。它的外皮通常较为坚硬，不易剥开。虽然它的汁水含量不是最高的，但它的口感丰富，纤维较多，适合熟食或制作甜品。
2024-12-13 14:45:37,364 - 4 - INFO - **********JUDGER**********
玩家1说：这个水果有着丰富的汁水，而且颜色鲜艳。它在同类中特别的地方是它的形状比较独特，不像其他水果那么圆润。这个水果的香气非常浓郁，而且它的皮薄易剥，适合鲜食。它的口感独特，纤维较少，不像其他水果那样多汁。玩家2说：这种水果外表光滑，呈黄色或橙色，富含纤维和维生素。它有一个明显的核，与其他类似水果相比，它的核较大，而且通常比较硬。这种水果的果肉细腻，味道甜美，适合直接食用。它的果皮相对柔软，容易剥离，而且它的香味非常吸引人，常常被用来制作各种甜品。与其他水果相比，它的核较小，但仍然明显。玩家3说：这个水果通常呈现出绿色，有细小的籽分布在果肉中。它的形状通常较为细长，与常见的圆形水果相比，形状更为独特。这个水果的果肉口感柔软，甜而不腻，非常适合直接食用。它的皮色呈现出淡黄色，与常见的绿色水果相比，颜色较为独特。玩家4说：这种水果通常颜色鲜艳，含有丰富的汁水。它的形状较为独特，不像其他水果那样圆润，通常呈细长状。||在这个游戏中，我们需要通过分析每位玩家的描述来找出卧底。通常，平民的描述会围绕相同的词语展开，而卧底的描述可能会因为词语的不同而显得不太一致。我们需要仔细比较每个描述之间的相似性和差异性，以找出可能的卧底，注意，卧底并不会隐藏自己，他会直接描述他的词语，现在，逐一分析每个玩家的描述，注意，这局游戏的词语分类为<水果>，卧底词和平民词都属于该类。||之前是第2轮描述和之前轮数描述的合集。你之前认为的卧底是玩家4。
2024-12-13 14:45:50,251 - 4 - INFO - **********PLAYER4**********
根据第2轮描述和之前轮数描述的合集，玩家4的描述与其他玩家相比仍然存在不一致之处：

1. **汁水含量**：玩家1和玩家4都提到了丰富的汁水，但玩家2和玩家3没有特别强调汁水含量。

2. **香气**：玩家1提到了香气浓郁，而玩家2、3和4没有提到。

3. **皮薄易剥**：玩家1提到了皮薄易剥，而玩家2、3和4没有提到。

4. **口感和纤维**：玩家1提到了口感独特，纤维较少，不像其他水果那样多汁，而玩家2、3和4没有这样的描述。

5. **核的特征**：玩家2特别提到了核的大小和硬度，而玩家1、3和4没有提到核。

6. **果肉细腻和味道**：玩家2提到了果肉细腻，味道甜美，适合直接食用，而玩家1、3和4没有这样的描述。

7. **香味**：玩家2提到了香味吸引人，常常被用来制作甜品，而玩家1、3和4没有提到。

8. **形状描述**：玩家1和玩家3提到了形状的独特性，但没有具体描述形状。玩家4提到了形状的独特性，但没有提供具体形状信息。

考虑到这些不一致之处，玩家4的描述仍然与其他玩家存在差异，尤其是没有提到核的大小和硬度、果肉细腻和味道、香味等特征，这些特征在玩家2的描述中有所体现。因此，基于这些信息，玩家4仍然是可能的卧底。
2024-12-13 14:45:50,254 - 4 - INFO - **********JUDGER**********
你刚刚的分析是根据第2轮描述和之前轮数描述的合集，玩家4的描述与其他玩家相比仍然存在不一致之处：

1. **汁水含量**：玩家1和玩家4都提到了丰富的汁水，但玩家2和玩家3没有特别强调汁水含量。

2. **香气**：玩家1提到了香气浓郁，而玩家2、3和4没有提到。

3. **皮薄易剥**：玩家1提到了皮薄易剥，而玩家2、3和4没有提到。

4. **口感和纤维**：玩家1提到了口感独特，纤维较少，不像其他水果那样多汁，而玩家2、3和4没有这样的描述。

5. **核的特征**：玩家2特别提到了核的大小和硬度，而玩家1、3和4没有提到核。

6. **果肉细腻和味道**：玩家2提到了果肉细腻，味道甜美，适合直接食用，而玩家1、3和4没有这样的描述。

7. **香味**：玩家2提到了香味吸引人，常常被用来制作甜品，而玩家1、3和4没有提到。

8. **形状描述**：玩家1和玩家3提到了形状的独特性，但没有具体描述形状。玩家4提到了形状的独特性，但没有提供具体形状信息。

考虑到这些不一致之处，玩家4的描述仍然与其他玩家存在差异，尤其是没有提到核的大小和硬度、果肉细腻和味道、香味等特征，这些特征在玩家2的描述中有所体现。因此，基于这些信息，玩家4仍然是可能的卧底。|| `请根据上述分析，比较描述以找出不一致之处，注意，这局游戏的词语分类为<水果>，卧底词和平民词都属于该类。
2024-12-13 14:46:05,011 - 4 - INFO - **********PLAYER4**********
根据上述分析，以下是不一致之处：

1. **汁水含量**：玩家1和玩家4都提到了丰富的汁水，但玩家2和玩家3没有特别强调汁水含量。

2. **香气**：玩家1提到了香气浓郁，而玩家2、3和4没有提到。

3. **皮薄易剥**：玩家1提到了皮薄易剥，而玩家2、3和4没有提到。

4. **口感和纤维**：玩家1提到了口感独特，纤维较少，不像其他水果那样多汁，而玩家2、3和4没有这样的描述。

5. **核的特征**：玩家2特别提到了核的大小和硬度，而玩家1、3和4没有提到核。

6. **果肉细腻和味道**：玩家2提到了果肉细腻，味道甜美，适合直接食用，而玩家1、3和4没有这样的描述。

7. **香味**：玩家2提到了香味吸引人，常常被用来制作甜品，而玩家1、3和4没有提到。

8. **形状描述**：玩家1和玩家3提到了形状的独特性，但没有具体描述形状。玩家4提到了形状的独特性，但没有提供具体形状信息。

这些不一致之处表明玩家4的描述在某些关键特征上与其他玩家有所不同，这可能是因为玩家4的词语与玩家1、2和3的词语不同。因此，玩家4的描述在词语分类为<水果>的条件下，与其他玩家的描述存在不一致之处。
2024-12-13 14:46:05,012 - 4 - INFO - **********JUDGER**********
你刚刚的分析是根据上述分析，以下是不一致之处：

1. **汁水含量**：玩家1和玩家4都提到了丰富的汁水，但玩家2和玩家3没有特别强调汁水含量。

2. **香气**：玩家1提到了香气浓郁，而玩家2、3和4没有提到。

3. **皮薄易剥**：玩家1提到了皮薄易剥，而玩家2、3和4没有提到。

4. **口感和纤维**：玩家1提到了口感独特，纤维较少，不像其他水果那样多汁，而玩家2、3和4没有这样的描述。

5. **核的特征**：玩家2特别提到了核的大小和硬度，而玩家1、3和4没有提到核。

6. **果肉细腻和味道**：玩家2提到了果肉细腻，味道甜美，适合直接食用，而玩家1、3和4没有这样的描述。

7. **香味**：玩家2提到了香味吸引人，常常被用来制作甜品，而玩家1、3和4没有提到。

8. **形状描述**：玩家1和玩家3提到了形状的独特性，但没有具体描述形状。玩家4提到了形状的独特性，但没有提供具体形状信息。

这些不一致之处表明玩家4的描述在某些关键特征上与其他玩家有所不同，这可能是因为玩家4的词语与玩家1、2和3的词语不同。因此，玩家4的描述在词语分类为<水果>的条件下，与其他玩家的描述存在不一致之处。|| 请通过你分析的不一致之处，推断卧底身份，注意，这局游戏的词语分类为<水果>，卧底词和平民词都属于该类。
2024-12-13 14:46:29,072 - 4 - INFO - **********PLAYER4**********
基于上述分析，以下是我的推断：

玩家4是卧底。

原因如下：

1. 玩家4在第一轮描述中提到的是“形状较为独特，不像其他水果那样圆润”，而在第二轮描述中，他提到“通常呈细长状”。这与玩家1和玩家3的描述（未具体描述形状）形成了对比，但与玩家2的描述（外表光滑，呈黄色或橙色）不冲突。

2. 玩家4在第一轮和第二轮的描述中都强调了“形状的独特性”，这与玩家1和玩家3的描述相似，但玩家2没有提到这一点。

3. 玩家4在第一轮和第二轮的描述中都提到了“丰富的汁水”，这与玩家1的描述相似，但与玩家2和玩家3的描述（未特别强调汁水含量）不一致。

4. 玩家4没有提到“核的大小和硬度”、“果肉细腻和味道”、“香味吸引人”等特征，这与玩家2的描述相似。

5. 玩家4没有提到“皮薄易剥”，这与玩家1的描述相似。

综上所述，玩家4的描述与玩家2的描述在多个关键特征上存在不一致，因此根据游戏规则，玩家4很可能是卧底。
2024-12-13 14:46:29,076 - 4 - INFO - **********JUDGER**********
你刚刚的推断是基于上述分析，以下是我的推断：

玩家4是卧底。

原因如下：

1. 玩家4在第一轮描述中提到的是“形状较为独特，不像其他水果那样圆润”，而在第二轮描述中，他提到“通常呈细长状”。这与玩家1和玩家3的描述（未具体描述形状）形成了对比，但与玩家2的描述（外表光滑，呈黄色或橙色）不冲突。

2. 玩家4在第一轮和第二轮的描述中都强调了“形状的独特性”，这与玩家1和玩家3的描述相似，但玩家2没有提到这一点。

3. 玩家4在第一轮和第二轮的描述中都提到了“丰富的汁水”，这与玩家1的描述相似，但与玩家2和玩家3的描述（未特别强调汁水含量）不一致。

4. 玩家4没有提到“核的大小和硬度”、“果肉细腻和味道”、“香味吸引人”等特征，这与玩家2的描述相似。

5. 玩家4没有提到“皮薄易剥”，这与玩家1的描述相似。

综上所述，玩家4的描述与玩家2的描述在多个关键特征上存在不一致，因此根据游戏规则，玩家4很可能是卧底。|| 基于你刚刚的推断得出你的最终结论，请输出你认为的卧底，在这种情况下只需要输出编号，是1-4中的某个数字，不要输出其他信息。在这个过程不要进行任何推理，只对||以前的部分进行信息提取
2024-12-13 14:46:30,796 - 4 - INFO - **********PLAYER4**********
4
2024-12-13 14:46:42,192 - 4 - INFO - **********JUDGER**********
玩家1说：这个水果有着丰富的汁水，而且颜色鲜艳。它在同类中特别的地方是它的形状比较独特，不像其他水果那么圆润。这个水果的香气非常浓郁，而且它的皮薄易剥，适合鲜食。它的口感独特，纤维较少，不像其他水果那样多汁。这个水果的核较小，通常包裹在柔软的果肉中，不易感觉到。它的果肉质地细腻，甜度适中，适合直接食用。此外，它的种子分布均匀，不影响食用体验。玩家2说：这种水果外表光滑，呈黄色或橙色，富含纤维和维生素。它有一个明显的核，与其他类似水果相比，它的核较大，而且通常比较硬。这种水果的果肉细腻，味道甜美，适合直接食用。它的果皮相对柔软，容易剥离，而且它的香味非常吸引人，常常被用来制作各种甜品。与其他水果相比，它的核较小，但仍然明显。这种水果的果肉呈现出独特的金黄色，口感鲜甜多汁，适合生食。它的果皮柔软，容易剥离，香气浓郁，常用于制作各种甜点和饮品。与同类水果相比，它的形状较为扁平，核相对较小，但仍然容易剥离。玩家3说：这个水果通常呈现出绿色，有细小的籽分布在果肉中。它的形状通常较为细长，与常见的圆形水果相比，形状更为独特。这个水果的果肉口感柔软，甜而不腻，非常适合直接食用。它的皮色呈现出淡黄色，与常见的绿色水果相比，颜色较为独特。这个水果的果肉非常细腻，甜度适中，适合直接食用。它的皮色通常是淡黄色，而且它有着独特的香味，吸引人食用。玩家4说：这种水果通常颜色鲜艳，含有丰富的汁水。它的形状较为独特，不像其他水果那样圆润，通常呈细长状。这种水果通常有着强烈的特殊气味，它的果实结构复杂，由多个小果组成。它的外皮通常较为坚硬，不易剥开。虽然它的汁水含量不是最高的，但它的口感丰富，纤维较多，适合熟食或制作甜品。你是第4号玩家，你的关键词是<榴莲>。你的回答中绝对不能包含你的关键词<榴莲>。这是第三轮描述，你之前的描述是这种水果通常颜色鲜艳，含有丰富的汁水。它的形状较为独特，不像其他水果那样圆润，通常呈细长状。和这种水果通常有着强烈的特殊气味，它的果实结构复杂，由多个小果组成。它的外皮通常较为坚硬，不易剥开。虽然它的汁水含量不是最高的，但它的口感丰富，纤维较多，适合熟食或制作甜品。，注意，这局游戏的词语分类为<水果>，卧底词和平民词都属于该类，请你补充关于关键词的描述，注意，你的描述应该比起之前的描述更加贴近关键词，作为之前的补充
2024-12-13 14:46:55,057 - 4 - INFO - **********PLAYER4**********
这种水果通常具有非常浓郁的气味，它的果实由多个瓣组成，每个瓣中包含种子。它的外皮硬而厚，需要用力剥开。虽然汁水含量不高，但果肉甜美，纤维丰富，适合制作甜品。这种水果的颜色多样，从淡黄到深棕色不等。
2024-12-13 14:48:47,012 - 4 - INFO - **********JUDGER**********
玩家1说：这个水果有着丰富的汁水，而且颜色鲜艳。它在同类中特别的地方是它的形状比较独特，不像其他水果那么圆润。这个水果的香气非常浓郁，而且它的皮薄易剥，适合鲜食。它的口感独特，纤维较少，不像其他水果那样多汁。这个水果的核较小，通常包裹在柔软的果肉中，不易感觉到。它的果肉质地细腻，甜度适中，适合直接食用。此外，它的种子分布均匀，不影响食用体验。玩家2说：这种水果外表光滑，呈黄色或橙色，富含纤维和维生素。它有一个明显的核，与其他类似水果相比，它的核较大，而且通常比较硬。这种水果的果肉细腻，味道甜美，适合直接食用。它的果皮相对柔软，容易剥离，而且它的香味非常吸引人，常常被用来制作各种甜品。与其他水果相比，它的核较小，但仍然明显。这种水果的果肉呈现出独特的金黄色，口感鲜甜多汁，适合生食。它的果皮柔软，容易剥离，香气浓郁，常用于制作各种甜点和饮品。与同类水果相比，它的形状较为扁平，核相对较小，但仍然容易剥离。玩家3说：这个水果通常呈现出绿色，有细小的籽分布在果肉中。它的形状通常较为细长，与常见的圆形水果相比，形状更为独特。这个水果的果肉口感柔软，甜而不腻，非常适合直接食用。它的皮色呈现出淡黄色，与常见的绿色水果相比，颜色较为独特。这个水果的果肉非常细腻，甜度适中，适合直接食用。它的皮色通常是淡黄色，而且它有着独特的香味，吸引人食用。玩家4说：这种水果通常颜色鲜艳，含有丰富的汁水。它的形状较为独特，不像其他水果那样圆润，通常呈细长状。这种水果通常有着强烈的特殊气味，它的果实结构复杂，由多个小果组成。它的外皮通常较为坚硬，不易剥开。虽然它的汁水含量不是最高的，但它的口感丰富，纤维较多，适合熟食或制作甜品。这种水果通常具有非常浓郁的气味，它的果实由多个瓣组成，每个瓣中包含种子。它的外皮硬而厚，需要用力剥开。虽然汁水含量不高，但果肉甜美，纤维丰富，适合制作甜品。这种水果的颜色多样，从淡黄到深棕色不等。||在这个游戏中，我们需要通过分析每位玩家的描述来找出卧底。通常，平民的描述会围绕相同的词语展开，而卧底的描述可能会因为词语的不同而显得不太一致。我们需要仔细比较每个描述之间的相似性和差异性，以找出可能的卧底，注意，卧底并不会隐藏自己，他会直接描述他的词语，现在，逐一分析每个玩家的描述，注意，这局游戏的词语分类为<水果>，卧底词和平民词都属于该类。||之前是第3轮描述和之前轮数描述的合集。你之前认为的卧底是玩家4。
2024-12-13 14:49:10,176 - 4 - INFO - **********PLAYER4**********
根据第3轮描述和之前轮数描述的合集，以下是玩家描述的对比分析：

1. **汁水含量**：玩家1、2和3都提到了汁水含量，而玩家4在第一轮提到汁水丰富，但在第三轮没有特别强调。

2. **形状**：玩家1和玩家3都提到了形状的独特性，而玩家2描述了形状扁平，玩家4描述了形状细长。

3. **核的特征**：玩家2特别提到了核的大小和硬度，而玩家1、3和4没有提到核。

4. **香气**：玩家1提到了香气浓郁，玩家3提到了独特的香味，玩家2没有提到，玩家4在第一轮提到了强烈的特殊气味。

5. **皮薄易剥**：玩家1提到了皮薄易剥，玩家3提到了皮色淡黄色，玩家2提到了果皮柔软，玩家4没有提到皮的特征。

6. **口感**：玩家1和玩家3都提到了口感，玩家2描述了果肉细腻，味道甜美，玩家4描述了口感丰富，纤维较多。

7. **果肉质地**：玩家1提到了果肉质地细腻，甜度适中，玩家3提到了果肉细腻，甜度适中，玩家2提到了果肉呈现出独特的金黄色，口感鲜甜多汁。

8. **种子分布**：玩家1提到了种子分布均匀，不影响食用体验，玩家3提到了细小的籽分布在果肉中。

9. **颜色**：玩家1没有特别提到颜色，玩家2提到了黄色或橙色，玩家3提到了绿色和淡黄色，玩家4提到了颜色鲜艳。

基于这些描述，玩家4的描述在多个方面与其他玩家存在差异，特别是在核的特征、香气、皮薄易剥、口感和颜色等方面。因此，根据游戏规则，玩家4的描述与其他玩家的描述不太一致，可能是卧底。
2024-12-13 14:49:10,178 - 4 - INFO - **********JUDGER**********
你刚刚的分析是根据第3轮描述和之前轮数描述的合集，以下是玩家描述的对比分析：

1. **汁水含量**：玩家1、2和3都提到了汁水含量，而玩家4在第一轮提到汁水丰富，但在第三轮没有特别强调。

2. **形状**：玩家1和玩家3都提到了形状的独特性，而玩家2描述了形状扁平，玩家4描述了形状细长。

3. **核的特征**：玩家2特别提到了核的大小和硬度，而玩家1、3和4没有提到核。

4. **香气**：玩家1提到了香气浓郁，玩家3提到了独特的香味，玩家2没有提到，玩家4在第一轮提到了强烈的特殊气味。

5. **皮薄易剥**：玩家1提到了皮薄易剥，玩家3提到了皮色淡黄色，玩家2提到了果皮柔软，玩家4没有提到皮的特征。

6. **口感**：玩家1和玩家3都提到了口感，玩家2描述了果肉细腻，味道甜美，玩家4描述了口感丰富，纤维较多。

7. **果肉质地**：玩家1提到了果肉质地细腻，甜度适中，玩家3提到了果肉细腻，甜度适中，玩家2提到了果肉呈现出独特的金黄色，口感鲜甜多汁。

8. **种子分布**：玩家1提到了种子分布均匀，不影响食用体验，玩家3提到了细小的籽分布在果肉中。

9. **颜色**：玩家1没有特别提到颜色，玩家2提到了黄色或橙色，玩家3提到了绿色和淡黄色，玩家4提到了颜色鲜艳。

基于这些描述，玩家4的描述在多个方面与其他玩家存在差异，特别是在核的特征、香气、皮薄易剥、口感和颜色等方面。因此，根据游戏规则，玩家4的描述与其他玩家的描述不太一致，可能是卧底。|| `请根据上述分析，比较描述以找出不一致之处，注意，这局游戏的词语分类为<水果>，卧底词和平民词都属于该类。
2024-12-13 14:49:20,949 - 4 - INFO - **********PLAYER4**********
根据上述分析，以下是一致性和不一致之处的比较：

**一致性**：
- 所有玩家都提到了水果的汁水含量。
- 所有玩家都提到了水果的形状独特性。
- 所有玩家都提到了水果的口感和甜度。
- 玩家1和玩家3都提到了果肉质地细腻。

**不一致之处**：
- 玩家2特别强调了核的大小和硬度，而玩家1、3和4没有提到核的特征。
- 玩家1提到了香气浓郁，玩家3提到了独特的香味，而玩家2没有提到香气，玩家4在第一轮提到了强烈的特殊气味。
- 玩家1提到了皮薄易剥，玩家3提到了皮色淡黄色，玩家2提到了果皮柔软，而玩家4没有提到皮的特征。
- 玩家1提到了种子分布均匀，不影响食用体验，而玩家3提到了细小的籽分布在果肉中。
- 玩家1没有特别提到颜色，玩家2提到了黄色或橙色，玩家3提到了绿色和淡黄色，玩家4提到了颜色鲜艳。

在这些不一致之处中，玩家4的描述在核的特征、香气、皮薄易剥、种子分布和颜色等方面与其他玩家的描述存在差异，这可能与卧底词的特征不匹配。因此，玩家4的描述在词语分类为<水果>的条件下，与其他玩家的描述存在不一致之处。
2024-12-13 14:49:20,952 - 4 - INFO - **********JUDGER**********
你刚刚的分析是根据上述分析，以下是一致性和不一致之处的比较：

**一致性**：
- 所有玩家都提到了水果的汁水含量。
- 所有玩家都提到了水果的形状独特性。
- 所有玩家都提到了水果的口感和甜度。
- 玩家1和玩家3都提到了果肉质地细腻。

**不一致之处**：
- 玩家2特别强调了核的大小和硬度，而玩家1、3和4没有提到核的特征。
- 玩家1提到了香气浓郁，玩家3提到了独特的香味，而玩家2没有提到香气，玩家4在第一轮提到了强烈的特殊气味。
- 玩家1提到了皮薄易剥，玩家3提到了皮色淡黄色，玩家2提到了果皮柔软，而玩家4没有提到皮的特征。
- 玩家1提到了种子分布均匀，不影响食用体验，而玩家3提到了细小的籽分布在果肉中。
- 玩家1没有特别提到颜色，玩家2提到了黄色或橙色，玩家3提到了绿色和淡黄色，玩家4提到了颜色鲜艳。

在这些不一致之处中，玩家4的描述在核的特征、香气、皮薄易剥、种子分布和颜色等方面与其他玩家的描述存在差异，这可能与卧底词的特征不匹配。因此，玩家4的描述在词语分类为<水果>的条件下，与其他玩家的描述存在不一致之处。|| 请通过你分析的不一致之处，推断卧底身份，注意，这局游戏的词语分类为<水果>，卧底词和平民词都属于该类。
2024-12-13 14:49:32,768 - 4 - INFO - **********PLAYER4**********
基于上述分析的不一致之处，以下是我的推断：

玩家4是卧底。

原因如下：

1. **核的特征**：玩家2特别提到了核的大小和硬度，而玩家1、3和4没有提到核的特征。这可能与榴莲作为卧底词的特点相符，因为榴莲的核较大且硬。

2. **香气**：玩家1提到了香气浓郁，玩家3提到了独特的香味，而玩家2没有提到香气，玩家4在第一轮提到了强烈的特殊气味。榴莲以其强烈的气味而闻名，这可能与玩家4的描述相符。

3. **皮的特征**：玩家1提到了皮薄易剥，玩家3提到了皮色淡黄色，玩家2提到了果皮柔软，而玩家4没有提到皮的特征。榴莲的外皮较厚，不易剥开，这与玩家4的描述相吻合。

4. **种子分布**：玩家1提到了种子分布均匀，不影响食用体验，而玩家3提到了细小的籽分布在果肉中。榴莲的种子较大且明显，这与玩家4的描述不一致。

5. **颜色**：玩家1没有特别提到颜色，玩家2提到了黄色或橙色，玩家3提到了绿色和淡黄色，玩家4提到了颜色鲜艳。榴莲的颜色多样，从黄色到深棕色不等，这与玩家4的描述相符。

综合这些不一致之处，玩家4的描述与榴莲的特征更为接近，因此推断玩家4是卧底。
2024-12-13 14:49:32,772 - 4 - INFO - **********JUDGER**********
你刚刚的推断是基于上述分析的不一致之处，以下是我的推断：

玩家4是卧底。

原因如下：

1. **核的特征**：玩家2特别提到了核的大小和硬度，而玩家1、3和4没有提到核的特征。这可能与榴莲作为卧底词的特点相符，因为榴莲的核较大且硬。

2. **香气**：玩家1提到了香气浓郁，玩家3提到了独特的香味，而玩家2没有提到香气，玩家4在第一轮提到了强烈的特殊气味。榴莲以其强烈的气味而闻名，这可能与玩家4的描述相符。

3. **皮的特征**：玩家1提到了皮薄易剥，玩家3提到了皮色淡黄色，玩家2提到了果皮柔软，而玩家4没有提到皮的特征。榴莲的外皮较厚，不易剥开，这与玩家4的描述相吻合。

4. **种子分布**：玩家1提到了种子分布均匀，不影响食用体验，而玩家3提到了细小的籽分布在果肉中。榴莲的种子较大且明显，这与玩家4的描述不一致。

5. **颜色**：玩家1没有特别提到颜色，玩家2提到了黄色或橙色，玩家3提到了绿色和淡黄色，玩家4提到了颜色鲜艳。榴莲的颜色多样，从黄色到深棕色不等，这与玩家4的描述相符。

综合这些不一致之处，玩家4的描述与榴莲的特征更为接近，因此推断玩家4是卧底。|| 基于你刚刚的推断得出你的最终结论，请输出你认为的卧底，在这种情况下只需要输出编号，是1-4中的某个数字，不要输出其他信息。在这个过程不要进行任何推理，只对||以前的部分进行信息提取
2024-12-13 14:49:34,363 - 4 - INFO - **********PLAYER4**********
4
2024-12-13 14:49:34,363 - 4 - INFO - **********JUDGER**********
你认为卧底是你自己。你现在需要随便选一个人投票。请输出一个数字，是1-4中的某个数字，但这个数字不能是4，不要输出其他信息。
2024-12-13 14:49:35,902 - 4 - INFO - **********PLAYER4**********
1
