2024-12-12 21:54:29,154 - 1 - INFO - **********JUDGER**********
让我们来玩一个叫做<谁是卧底>的推理游戏。基本规则：<人数>：4人。<角色分配>：每位玩家随机抽取一个词语，3名玩家拿到的词语是相同的（平民词），1名玩家拿到与之相近但不同的词语（卧底词）。<游戏流程>：1、玩家轮流描述自己的词语，但<不能>直接说出词语本身。2、描述完毕后，投票选出最像卧底的玩家。3、每轮结束后，被投票选出的玩家出局，不能再进行描述或投票。4、每轮投票结束后，如果卧底被成功找出，平民方获胜；如果卧底未被找出且卧底人数等于或超过平民人数，则卧底方获胜。你将扮演一个<玩家>，请等待你被分配到的关键词。如果你听懂了，只回答，"好的，我准备好参加游戏了"，不要输出别的信息
2024-12-12 21:54:29,545 - 1 - INFO - **********PLAYER1**********
好的，我准备好参加游戏了
2024-12-12 21:54:32,492 - 1 - INFO - **********JUDGER**********
玩家1说：玩家2说：玩家3说：玩家4说：|| 你是第1号玩家，你的关键词是<熊>。你的回答中绝对不能包含你的关键词<熊>。这是第一轮描述，不需要分析||之前别的玩家的描述，请你描述关键词基本特征，注意，这局游戏的词语分类为<动物>，卧底词和平民词都属于该类，描述包括以下两点，1.他的基本特征是什么2.他在该类（动物）中最突出不同的特征是什么，尽量简短
2024-12-12 21:54:33,486 - 1 - INFO - **********PLAYER1**********
这是一个毛茸茸的四足动物，通常有着可爱的外观和圆圆的脸。它在同类中以其强大的力量和坚韧的爪子而闻名。
2024-12-12 21:54:40,003 - 1 - INFO - **********JUDGER**********
玩家1说：这是一个毛茸茸的四足动物，通常有着可爱的外观和圆圆的脸。它在同类中以其强大的力量和坚韧的爪子而闻名。玩家2说：它是一种拥有厚密毛发和强壮身躯的动物，以其庞大的体型和强大的爪子著称。在同类中，它的最显著特点是能够在森林中攀爬树木。玩家3说：这是一只体型庞大的动物，拥有厚实的皮毛和强壮的四肢。它在同类中以其威猛的形象和强大的力量而著称。此外，它在该类动物中以其独特的直立行走能力而与众不同。玩家4说：||在这个游戏中，我们需要通过分析每位玩家的描述来找出卧底。通常，平民的描述会围绕相同的词语展开，而卧底的描述可能会因为词语的不同而显得不太一致。我们需要仔细比较每个描述之间的相似性和差异性，以找出可能的卧底，注意，卧底并不会隐藏自己，他会直接描述他的词语，现在，逐一分析每个玩家的描述，注意，这局游戏的词语分类为<动物>，卧底词和平民词都属于该类。这是第一轮描述。
2024-12-12 21:54:44,576 - 1 - INFO - **********PLAYER1**********
玩家1、玩家2和玩家3的描述都指向了熊这一动物，强调了它们的毛茸茸的外表、强大的力量和爪子，以及可能的一些共同特征，如体型庞大或能够在森林中攀爬树木。这些描述与我的关键词“熊”相符。

玩家4的描述提到了一个动物拥有厚实的皮毛、强壮的四肢，以及独特的直立行走能力，这些特征更像是大猩猩或猿类动物，而不是熊。

根据这些描述，玩家4的描述与熊的特征不太一致，因此我怀疑玩家4可能是卧底。
2024-12-12 21:54:44,577 - 1 - INFO - **********JUDGER**********
你刚刚的分析是玩家1、玩家2和玩家3的描述都指向了熊这一动物，强调了它们的毛茸茸的外表、强大的力量和爪子，以及可能的一些共同特征，如体型庞大或能够在森林中攀爬树木。这些描述与我的关键词“熊”相符。

玩家4的描述提到了一个动物拥有厚实的皮毛、强壮的四肢，以及独特的直立行走能力，这些特征更像是大猩猩或猿类动物，而不是熊。

根据这些描述，玩家4的描述与熊的特征不太一致，因此我怀疑玩家4可能是卧底。|| `请根据上述分析，比较描述以找出不一致之处，注意，这局游戏的词语分类为<动物>，卧底词和平民词都属于该类。
2024-12-12 21:54:50,222 - 1 - INFO - **********PLAYER1**********
根据上述分析，以下是不一致之处：

1. 玩家1、玩家2和玩家3的描述都集中在熊的典型特征上，如毛茸茸的外表、强大的力量、坚韧的爪子等。而玩家4的描述则提到了“独特的直立行走能力”，这一特征在熊中并不突出，反而更符合大猩猩或猿类动物。

2. 玩家4的描述中提到“厚实的皮毛”和“强壮的四肢”，这些特征在熊的描述中也是常见的，但玩家4的描述还特别强调了直立行走能力，这是熊类动物中不常见的特征。

3. 玩家1、玩家2和玩家3的描述都较为统一，而玩家4的描述中提到的特征（如直立行走）在熊类中并不突出，这可能导致玩家4的描述与其他玩家的描述存在不一致。

综上所述，玩家4的描述与熊的典型特征相比，存在不一致之处，这可能是由于玩家4的卧底词与大猩猩或猿类动物更接近。
2024-12-12 21:54:50,222 - 1 - INFO - **********JUDGER**********
你刚刚的分析是根据上述分析，以下是不一致之处：

1. 玩家1、玩家2和玩家3的描述都集中在熊的典型特征上，如毛茸茸的外表、强大的力量、坚韧的爪子等。而玩家4的描述则提到了“独特的直立行走能力”，这一特征在熊中并不突出，反而更符合大猩猩或猿类动物。

2. 玩家4的描述中提到“厚实的皮毛”和“强壮的四肢”，这些特征在熊的描述中也是常见的，但玩家4的描述还特别强调了直立行走能力，这是熊类动物中不常见的特征。

3. 玩家1、玩家2和玩家3的描述都较为统一，而玩家4的描述中提到的特征（如直立行走）在熊类中并不突出，这可能导致玩家4的描述与其他玩家的描述存在不一致。

综上所述，玩家4的描述与熊的典型特征相比，存在不一致之处，这可能是由于玩家4的卧底词与大猩猩或猿类动物更接近。|| 请通过你分析的不一致之处，推断卧底身份，注意，这局游戏的词语分类为<动物>，卧底词和平民词都属于该类。
2024-12-12 21:54:53,113 - 1 - INFO - **********PLAYER1**********
根据我的分析，玩家4的描述中提到的“独特的直立行走能力”这一特征是熊类动物中不常见的，而在大猩猩或猿类动物中则较为突出。因此，结合游戏规则和词语分类为<动物>的条件，我可以推断玩家4的卧底身份可能是与大猩猩或猿类动物相关的词语。

考虑到大猩猩是猿类动物中的一种，且玩家4的描述中提到的特征与熊不太一致，最有可能的卧底身份是“大猩猩”。这样的推断是基于玩家4描述中的独特特征与熊类动物常规特征的不符，以及猿类动物与大猩猩的特征更符合玩家4的描述。
2024-12-12 21:54:53,113 - 1 - INFO - **********JUDGER**********
你刚刚的推断是根据我的分析，玩家4的描述中提到的“独特的直立行走能力”这一特征是熊类动物中不常见的，而在大猩猩或猿类动物中则较为突出。因此，结合游戏规则和词语分类为<动物>的条件，我可以推断玩家4的卧底身份可能是与大猩猩或猿类动物相关的词语。

考虑到大猩猩是猿类动物中的一种，且玩家4的描述中提到的特征与熊不太一致，最有可能的卧底身份是“大猩猩”。这样的推断是基于玩家4描述中的独特特征与熊类动物常规特征的不符，以及猿类动物与大猩猩的特征更符合玩家4的描述。|| 基于你刚刚的推断得出你的最终结论，请输出你认为的卧底，在这种情况下只需要输出编号，是1-4中的某个数字，不要输出其他信息。在这个过程不要进行任何推理，只对||以前的部分进行信息提取
2024-12-12 21:54:53,573 - 1 - INFO - **********PLAYER1**********
4
2024-12-12 21:55:46,113 - 1 - INFO - **********JUDGER**********
玩家1说：这是一个毛茸茸的四足动物，通常有着可爱的外观和圆圆的脸。它在同类中以其强大的力量和坚韧的爪子而闻名。玩家2说：它是一种拥有厚密毛发和强壮身躯的动物，以其庞大的体型和强大的爪子著称。在同类中，它的最显著特点是能够在森林中攀爬树木。玩家3说：这是一只体型庞大的动物，拥有厚实的皮毛和强壮的四肢。它在同类中以其威猛的形象和强大的力量而著称。此外，它在该类动物中以其独特的直立行走能力而与众不同。玩家4说：这是一种拥有华丽皮毛和壮硕体型的动物。它在同类中以其独特的鬃毛和锐利的爪子最为引人注目。你是第1号玩家，你的关键词是<熊>。你的回答中绝对不能包含你的关键词<熊>。这是第二轮描述，你之前的描述是这是一个毛茸茸的四足动物，通常有着可爱的外观和圆圆的脸。它在同类中以其强大的力量和坚韧的爪子而闻名。，注意，这局游戏的词语分类为<动物>，卧底词和平民词都属于该类，请你补充关于关键词的描述，注意，你的描述应该比起之前的描述更加贴近关键词，作为之前的补充
2024-12-12 21:55:48,234 - 1 - INFO - **********PLAYER1**********
这种动物通常有着强壮的体格和厚实的皮毛，它们在同类中以其独特的步态和强大的抓握力而著称。它们的体型庞大，给人以力量感，同时在同类中也是以威猛的形象而知名。
2024-12-12 21:55:53,283 - 1 - INFO - **********JUDGER**********
玩家1说：这是一个毛茸茸的四足动物，通常有着可爱的外观和圆圆的脸。它在同类中以其强大的力量和坚韧的爪子而闻名。这种动物通常有着强壮的体格和厚实的皮毛，它们在同类中以其独特的步态和强大的抓握力而著称。它们的体型庞大，给人以力量感，同时在同类中也是以威猛的形象而知名。玩家2说：它是一种拥有厚密毛发和强壮身躯的动物，以其庞大的体型和强大的爪子著称。在同类中，它的最显著特点是能够在森林中攀爬树木。这种动物以其粗壮的四肢和厚实的皮毛为特点，能够在森林中自如地穿行。它们在同类中以其坚固的体格和敏锐的感官而著称，尤其在夜间活动时，展现出与众不同的捕猎技巧。玩家3说：这是一只体型庞大的动物，拥有厚实的皮毛和强壮的四肢。它在同类中以其威猛的形象和强大的力量而著称。此外，它在该类动物中以其独特的直立行走能力而与众不同。这种动物以其在同类中的独特社交行为而著称，它们会通过气味标记和相互间的身体接触来进行交流。此外，它们在同类中以其对领地的强烈占有欲和领地意识而知名。玩家4说：这是一种拥有华丽皮毛和壮硕体型的动物。它在同类中以其独特的鬃毛和锐利的爪子最为引人注目。||在这个游戏中，我们需要通过分析每位玩家的描述来找出卧底。通常，平民的描述会围绕相同的词语展开，而卧底的描述可能会因为词语的不同而显得不太一致。我们需要仔细比较每个描述之间的相似性和差异性，以找出可能的卧底，注意，卧底并不会隐藏自己，他会直接描述他的词语，现在，逐一分析每个玩家的描述，注意，这局游戏的词语分类为<动物>，卧底词和平民词都属于该类。||之前是第2轮描述和之前轮数描述的合集。你之前认为的卧底是玩家4。
2024-12-12 21:56:04,526 - 1 - INFO - **********PLAYER1**********
根据玩家们的第二轮描述和之前的描述，以下是我对卧底身份的新分析：

玩家1的描述强调了熊的可爱外观、力量和爪子，与玩家2、玩家3的描述相似，都提到了熊的厚实皮毛、强壮身躯和力量感。玩家1的描述没有提到攀爬树木或直立行走，这与玩家2和玩家3的描述有所区别。

玩家2的描述中提到了熊能够在森林中攀爬树木，这是一个独特的特征，但玩家1和玩家3的描述中没有提到这一点。玩家2还强调了熊的粗壮四肢和厚实的皮毛，这些特征在玩家1和玩家3的描述中也有提及。

玩家3的描述中提到了熊的直立行走能力和社交行为，这是玩家1和玩家2的描述中没有提到的。玩家3还提到了熊对领地的占有欲，这也是一个与玩家1和玩家2描述不同的特征。

玩家4的描述中提到了熊的华丽皮毛和独特的鬃毛，这与玩家1、玩家2和玩家3的描述中的“厚实皮毛”相似，但玩家4强调了鬃毛这一特征，而玩家1、玩家2和玩家3没有提到。

综合以上分析，玩家4的描述中提到的“独特的鬃毛”和“锐利的爪子”是与其他玩家描述中未提及的特征，这可能与熊的典型特征不完全一致。因此，尽管之前怀疑玩家4可能是卧底，但考虑到其他玩家的描述中也有与熊相似的特征，玩家4的描述可能并不足以确定其为卧底。

然而，如果必须根据描述中的独特性来选择，玩家4的描述由于强调了鬃毛这一特征，与玩家1、玩家2和玩家3的描述存在一定的差异，因此在这个轮次中，我仍然倾向于认为玩家4可能是卧底。
2024-12-12 21:56:04,527 - 1 - INFO - **********JUDGER**********
你刚刚的分析是根据玩家们的第二轮描述和之前的描述，以下是我对卧底身份的新分析：

玩家1的描述强调了熊的可爱外观、力量和爪子，与玩家2、玩家3的描述相似，都提到了熊的厚实皮毛、强壮身躯和力量感。玩家1的描述没有提到攀爬树木或直立行走，这与玩家2和玩家3的描述有所区别。

玩家2的描述中提到了熊能够在森林中攀爬树木，这是一个独特的特征，但玩家1和玩家3的描述中没有提到这一点。玩家2还强调了熊的粗壮四肢和厚实的皮毛，这些特征在玩家1和玩家3的描述中也有提及。

玩家3的描述中提到了熊的直立行走能力和社交行为，这是玩家1和玩家2的描述中没有提到的。玩家3还提到了熊对领地的占有欲，这也是一个与玩家1和玩家2描述不同的特征。

玩家4的描述中提到了熊的华丽皮毛和独特的鬃毛，这与玩家1、玩家2和玩家3的描述中的“厚实皮毛”相似，但玩家4强调了鬃毛这一特征，而玩家1、玩家2和玩家3没有提到。

综合以上分析，玩家4的描述中提到的“独特的鬃毛”和“锐利的爪子”是与其他玩家描述中未提及的特征，这可能与熊的典型特征不完全一致。因此，尽管之前怀疑玩家4可能是卧底，但考虑到其他玩家的描述中也有与熊相似的特征，玩家4的描述可能并不足以确定其为卧底。

然而，如果必须根据描述中的独特性来选择，玩家4的描述由于强调了鬃毛这一特征，与玩家1、玩家2和玩家3的描述存在一定的差异，因此在这个轮次中，我仍然倾向于认为玩家4可能是卧底。|| `请根据上述分析，比较描述以找出不一致之处，注意，这局游戏的词语分类为<动物>，卧底词和平民词都属于该类。
2024-12-12 21:56:10,300 - 1 - INFO - **********PLAYER1**********
在比较描述以找出不一致之处时，以下是一些关键点：

1. 玩家2的描述提到了熊能够在森林中攀爬树木，这是玩家1和玩家3的描述中没有提到的。

2. 玩家3的描述中提到了熊的直立行走能力和社交行为，这是玩家1和玩家2的描述中没有提到的。此外，玩家3还提到了熊对领地的占有欲，这也是一个与玩家1和玩家2描述不同的特征。

3. 玩家4的描述中提到了熊的华丽皮毛和独特的鬃毛，这与玩家1、玩家2和玩家3的描述中的“厚实皮毛”相似，但玩家4强调了鬃毛这一特征，而玩家1、玩家2和玩家3没有提到。

这些不一致之处表明玩家2、玩家3和玩家4的描述中包含了一些熊的典型特征，但同时也引入了一些可能不属于熊的特征。这种差异可能是由于他们可能选择了不同的词语，或者他们的描述中包含了一些误导性的信息。由于游戏规则中卧底词和平民词都属于<动物>类别，这些不一致之处提供了可能指向卧底的信息。
2024-12-12 21:56:10,301 - 1 - INFO - **********JUDGER**********
你刚刚的分析是在比较描述以找出不一致之处时，以下是一些关键点：

1. 玩家2的描述提到了熊能够在森林中攀爬树木，这是玩家1和玩家3的描述中没有提到的。

2. 玩家3的描述中提到了熊的直立行走能力和社交行为，这是玩家1和玩家2的描述中没有提到的。此外，玩家3还提到了熊对领地的占有欲，这也是一个与玩家1和玩家2描述不同的特征。

3. 玩家4的描述中提到了熊的华丽皮毛和独特的鬃毛，这与玩家1、玩家2和玩家3的描述中的“厚实皮毛”相似，但玩家4强调了鬃毛这一特征，而玩家1、玩家2和玩家3没有提到。

这些不一致之处表明玩家2、玩家3和玩家4的描述中包含了一些熊的典型特征，但同时也引入了一些可能不属于熊的特征。这种差异可能是由于他们可能选择了不同的词语，或者他们的描述中包含了一些误导性的信息。由于游戏规则中卧底词和平民词都属于<动物>类别，这些不一致之处提供了可能指向卧底的信息。|| 请通过你分析的不一致之处，推断卧底身份，注意，这局游戏的词语分类为<动物>，卧底词和平民词都属于该类。
2024-12-12 21:56:18,891 - 1 - INFO - **********PLAYER1**********
基于分析的不一致之处，以下是我的推断：

1. 玩家2的描述中提到的熊能够攀爬树木，这一特征在熊类动物中并不典型，但在某些猿类动物（如大猩猩）中较为常见。

2. 玩家3的描述中提到的熊的直立行走能力和社交行为，这些特征在熊类中并不突出，而是更符合猿类动物，尤其是大猩猩。

3. 玩家4的描述中提到的熊的华丽皮毛和独特的鬃毛，虽然熊有厚实的皮毛，但“华丽”和“鬃毛”这两个词在熊的描述中并不常见，而大猩猩等猿类动物可能会有类似的特征。

综合这些点，玩家2、玩家3和玩家4的描述中都有一些特征与典型的熊类动物不符，而是更接近猿类动物。因此，我推断卧底身份可能是与猿类动物相关的词语。在玩家中，玩家3的描述中提到了最多的与熊类不符的特征，包括直立行走、社交行为和对领地的占有欲，这些特征在猿类动物中更为突出。因此，根据描述的不一致之处，我推断玩家3是卧底。
2024-12-12 21:56:18,892 - 1 - INFO - **********JUDGER**********
你刚刚的推断是基于分析的不一致之处，以下是我的推断：

1. 玩家2的描述中提到的熊能够攀爬树木，这一特征在熊类动物中并不典型，但在某些猿类动物（如大猩猩）中较为常见。

2. 玩家3的描述中提到的熊的直立行走能力和社交行为，这些特征在熊类中并不突出，而是更符合猿类动物，尤其是大猩猩。

3. 玩家4的描述中提到的熊的华丽皮毛和独特的鬃毛，虽然熊有厚实的皮毛，但“华丽”和“鬃毛”这两个词在熊的描述中并不常见，而大猩猩等猿类动物可能会有类似的特征。

综合这些点，玩家2、玩家3和玩家4的描述中都有一些特征与典型的熊类动物不符，而是更接近猿类动物。因此，我推断卧底身份可能是与猿类动物相关的词语。在玩家中，玩家3的描述中提到了最多的与熊类不符的特征，包括直立行走、社交行为和对领地的占有欲，这些特征在猿类动物中更为突出。因此，根据描述的不一致之处，我推断玩家3是卧底。|| 基于你刚刚的推断得出你的最终结论，请输出你认为的卧底，在这种情况下只需要输出编号，是1-4中的某个数字，不要输出其他信息。在这个过程不要进行任何推理，只对||以前的部分进行信息提取
2024-12-12 21:56:20,321 - 1 - INFO - **********PLAYER1**********
3
2024-12-12 21:57:23,708 - 1 - INFO - **********JUDGER**********
玩家1说：这是一个毛茸茸的四足动物，通常有着可爱的外观和圆圆的脸。它在同类中以其强大的力量和坚韧的爪子而闻名。这种动物通常有着强壮的体格和厚实的皮毛，它们在同类中以其独特的步态和强大的抓握力而著称。它们的体型庞大，给人以力量感，同时在同类中也是以威猛的形象而知名。玩家2说：它是一种拥有厚密毛发和强壮身躯的动物，以其庞大的体型和强大的爪子著称。在同类中，它的最显著特点是能够在森林中攀爬树木。这种动物以其粗壮的四肢和厚实的皮毛为特点，能够在森林中自如地穿行。它们在同类中以其坚固的体格和敏锐的感官而著称，尤其在夜间活动时，展现出与众不同的捕猎技巧。玩家3说：这是一只体型庞大的动物，拥有厚实的皮毛和强壮的四肢。它在同类中以其威猛的形象和强大的力量而著称。此外，它在该类动物中以其独特的直立行走能力而与众不同。这种动物以其在同类中的独特社交行为而著称，它们会通过气味标记和相互间的身体接触来进行交流。此外，它们在同类中以其对领地的强烈占有欲和领地意识而知名。玩家4说：这是一种拥有华丽皮毛和壮硕体型的动物。它在同类中以其独特的鬃毛和锐利的爪子最为引人注目。这种动物在同类中以其雄壮的身姿和强大的领地意识而著称。它们的体格强健，皮毛厚密，能够抵御严寒，同时在同类中以其统治地位和威严的形象而闻名。你是第1号玩家，你的关键词是<熊>。你的回答中绝对不能包含你的关键词<熊>。这是第三轮描述，你之前的描述是这是一个毛茸茸的四足动物，通常有着可爱的外观和圆圆的脸。它在同类中以其强大的力量和坚韧的爪子而闻名。和这种动物通常有着强壮的体格和厚实的皮毛，它们在同类中以其独特的步态和强大的抓握力而著称。它们的体型庞大，给人以力量感，同时在同类中也是以威猛的形象而知名。，注意，这局游戏的词语分类为<动物>，卧底词和平民词都属于该类，请你补充关于关键词的描述，注意，你的描述应该比起之前的描述更加贴近关键词，作为之前的补充
2024-12-12 21:57:26,034 - 1 - INFO - **********PLAYER1**********
这种动物以其在同类中的独特性格和力量感而著称，它们通常在森林中生活，以捕食为生。它们的皮毛在同类中以其柔软和保暖性而闻名，而且它们在同类中以其智慧和适应能力而知名。
2024-12-12 21:57:33,049 - 1 - INFO - **********JUDGER**********
玩家1说：这是一个毛茸茸的四足动物，通常有着可爱的外观和圆圆的脸。它在同类中以其强大的力量和坚韧的爪子而闻名。这种动物通常有着强壮的体格和厚实的皮毛，它们在同类中以其独特的步态和强大的抓握力而著称。它们的体型庞大，给人以力量感，同时在同类中也是以威猛的形象而知名。这种动物以其在同类中的独特性格和力量感而著称，它们通常在森林中生活，以捕食为生。它们的皮毛在同类中以其柔软和保暖性而闻名，而且它们在同类中以其智慧和适应能力而知名。玩家2说：它是一种拥有厚密毛发和强壮身躯的动物，以其庞大的体型和强大的爪子著称。在同类中，它的最显著特点是能够在森林中攀爬树木。这种动物以其粗壮的四肢和厚实的皮毛为特点，能够在森林中自如地穿行。它们在同类中以其坚固的体格和敏锐的感官而著称，尤其在夜间活动时，展现出与众不同的捕猎技巧。这种动物以其强大的捕猎本能和敏捷的动作在同类中著称。它们在森林中的生活方式使得它们拥有敏锐的感官和适应各种环境的能力。玩家3说：这是一只体型庞大的动物，拥有厚实的皮毛和强壮的四肢。它在同类中以其威猛的形象和强大的力量而著称。此外，它在该类动物中以其独特的直立行走能力而与众不同。这种动物以其在同类中的独特社交行为而著称，它们会通过气味标记和相互间的身体接触来进行交流。此外，它们在同类中以其对领地的强烈占有欲和领地意识而知名。这种动物以其在同类中的独特领地占有行为而著称，它们会在领地内建立自己的巢穴，并通过声音和气味来标记和捍卫自己的领地。此外，它们在同类中以其强大的消化系统而知名，能够消化各种食物，包括植物和动物。玩家4说：这是一种拥有华丽皮毛和壮硕体型的动物。它在同类中以其独特的鬃毛和锐利的爪子最为引人注目。这种动物在同类中以其雄壮的身姿和强大的领地意识而著称。它们的体格强健，皮毛厚密，能够抵御严寒，同时在同类中以其统治地位和威严的形象而闻名。这种动物在同类中以其领地意识和雄壮的领地守护行为而著称。它们的鬃毛在同类中是最为显眼的特征，尤其在雄性个体中，它们会用鬃毛来展示力量和领地。这种动物在同类中以其强大的统治力和威严的形象而闻名。||在这个游戏中，我们需要通过分析每位玩家的描述来找出卧底。通常，平民的描述会围绕相同的词语展开，而卧底的描述可能会因为词语的不同而显得不太一致。我们需要仔细比较每个描述之间的相似性和差异性，以找出可能的卧底，注意，卧底并不会隐藏自己，他会直接描述他的词语，现在，逐一分析每个玩家的描述，注意，这局游戏的词语分类为<动物>，卧底词和平民词都属于该类。||之前是第3轮描述和之前轮数描述的合集。你之前认为的卧底是玩家3。
2024-12-12 21:57:46,251 - 1 - INFO - **********PLAYER1**********
在分析每位玩家的描述后，以下是我的观察：

玩家1的描述中，熊被描述为拥有可爱的外观、强大的力量和坚韧的爪子，以及强壮的体格和厚实的皮毛。这些特征与熊的典型特征相符。

玩家2的描述中，熊被描述为能够攀爬树木，拥有粗壮的四肢和厚实的皮毛，以及坚固的体格和敏锐的感官。这些描述也符合熊的特征，特别是提到了熊在夜间活动的捕猎技巧。

玩家3的描述中，熊被描述为拥有独特的直立行走能力、独特的社交行为、强烈的领地占有欲和强大的消化系统。这些特征中，直立行走和强大的消化系统并不是熊的典型特征，而社交行为和领地占有欲虽然与熊相符，但描述的详细程度和强调的方式与其他玩家有所不同。

玩家4的描述中，熊被描述为拥有华丽皮毛、独特的鬃毛、锐利的爪子、强大的领地意识和威严的形象。这些描述中的“华丽皮毛”和“独特的鬃毛”并不是熊的典型特征，而“锐利的爪子”虽然符合，但整体描述的侧重点与其他玩家有所不同。

基于上述分析，玩家3和玩家4的描述中包含了一些与熊的典型特征不完全一致的特征。然而，玩家3的描述中提到的直立行走能力在熊类中并不常见，而玩家4的描述中提到的华丽皮毛和鬃毛也不是熊的典型特征。因此，考虑到这些差异，我仍然倾向于认为玩家4可能是卧底，因为她的描述中有更多与熊典型特征不一致的内容。
2024-12-12 21:57:46,251 - 1 - INFO - **********JUDGER**********
你刚刚的分析是在分析每位玩家的描述后，以下是我的观察：

玩家1的描述中，熊被描述为拥有可爱的外观、强大的力量和坚韧的爪子，以及强壮的体格和厚实的皮毛。这些特征与熊的典型特征相符。

玩家2的描述中，熊被描述为能够攀爬树木，拥有粗壮的四肢和厚实的皮毛，以及坚固的体格和敏锐的感官。这些描述也符合熊的特征，特别是提到了熊在夜间活动的捕猎技巧。

玩家3的描述中，熊被描述为拥有独特的直立行走能力、独特的社交行为、强烈的领地占有欲和强大的消化系统。这些特征中，直立行走和强大的消化系统并不是熊的典型特征，而社交行为和领地占有欲虽然与熊相符，但描述的详细程度和强调的方式与其他玩家有所不同。

玩家4的描述中，熊被描述为拥有华丽皮毛、独特的鬃毛、锐利的爪子、强大的领地意识和威严的形象。这些描述中的“华丽皮毛”和“独特的鬃毛”并不是熊的典型特征，而“锐利的爪子”虽然符合，但整体描述的侧重点与其他玩家有所不同。

基于上述分析，玩家3和玩家4的描述中包含了一些与熊的典型特征不完全一致的特征。然而，玩家3的描述中提到的直立行走能力在熊类中并不常见，而玩家4的描述中提到的华丽皮毛和鬃毛也不是熊的典型特征。因此，考虑到这些差异，我仍然倾向于认为玩家4可能是卧底，因为她的描述中有更多与熊典型特征不一致的内容。|| `请根据上述分析，比较描述以找出不一致之处，注意，这局游戏的词语分类为<动物>，卧底词和平民词都属于该类。
2024-12-12 21:57:53,126 - 1 - INFO - **********PLAYER1**********
在比较描述以找出不一致之处时，以下是一些关键点：

1. 玩家1、玩家2和玩家3的描述都提到了熊的厚实皮毛、强壮的体格和力量感，以及它们在同类中的威猛形象。

2. 玩家2特别提到了熊能够在森林中攀爬树木，这是一个与熊的典型特征不完全一致的信息，因为熊通常不是攀爬树木的动物。

3. 玩家3的描述中提到了熊的直立行走能力、社交行为、领地占有欲和强大的消化系统。直立行走能力在熊类中并不常见，而强大的消化系统虽然与熊相符，但并不是描述中的重点。

4. 玩家4的描述中提到了熊的华丽皮毛和独特的鬃毛，这些特征并不是熊的典型描述。熊的皮毛通常被描述为厚实和保暖，但没有提到“华丽”和“鬃毛”。

基于这些不一致之处，玩家2和玩家4的描述中包含了一些与熊的典型特征不完全一致的信息。玩家2的描述中提到的攀爬树木可能是由于选择了与熊不完全相同的词语。玩家4的描述中提到的“华丽皮毛”和“独特的鬃毛”可能是由于选择了与熊不同的词语。因此，这些不一致之处提供了可能指向卧底的信息。
2024-12-12 21:57:53,126 - 1 - INFO - **********JUDGER**********
你刚刚的分析是在比较描述以找出不一致之处时，以下是一些关键点：

1. 玩家1、玩家2和玩家3的描述都提到了熊的厚实皮毛、强壮的体格和力量感，以及它们在同类中的威猛形象。

2. 玩家2特别提到了熊能够在森林中攀爬树木，这是一个与熊的典型特征不完全一致的信息，因为熊通常不是攀爬树木的动物。

3. 玩家3的描述中提到了熊的直立行走能力、社交行为、领地占有欲和强大的消化系统。直立行走能力在熊类中并不常见，而强大的消化系统虽然与熊相符，但并不是描述中的重点。

4. 玩家4的描述中提到了熊的华丽皮毛和独特的鬃毛，这些特征并不是熊的典型描述。熊的皮毛通常被描述为厚实和保暖，但没有提到“华丽”和“鬃毛”。

基于这些不一致之处，玩家2和玩家4的描述中包含了一些与熊的典型特征不完全一致的信息。玩家2的描述中提到的攀爬树木可能是由于选择了与熊不完全相同的词语。玩家4的描述中提到的“华丽皮毛”和“独特的鬃毛”可能是由于选择了与熊不同的词语。因此，这些不一致之处提供了可能指向卧底的信息。|| 请通过你分析的不一致之处，推断卧底身份，注意，这局游戏的词语分类为<动物>，卧底词和平民词都属于该类。
2024-12-12 21:58:00,287 - 1 - INFO - **********PLAYER1**********
根据分析的不一致之处，以下是我的推断：

玩家2的描述中提到的熊能够攀爬树木，这一特征在熊类动物中并不典型，而更符合某些猿类动物，如大猩猩。

玩家4的描述中提到的熊的“华丽皮毛”和“独特的鬃毛”，这些特征并不是熊的典型描述，熊的皮毛通常被描述为厚实和保暖，而不是“华丽”，且熊没有鬃毛这一特征。

综合这些信息，玩家2和玩家4的描述中都包含了一些与熊的典型特征不一致的内容。在这种情况下，如果必须选择一个作为卧底，我会推断玩家4是卧底，因为她的描述中提到的特征（华丽皮毛和鬃毛）与熊的典型特征相差更远。因此，我认为玩家4是卧底。
2024-12-12 21:58:00,288 - 1 - INFO - **********JUDGER**********
你刚刚的推断是根据分析的不一致之处，以下是我的推断：

玩家2的描述中提到的熊能够攀爬树木，这一特征在熊类动物中并不典型，而更符合某些猿类动物，如大猩猩。

玩家4的描述中提到的熊的“华丽皮毛”和“独特的鬃毛”，这些特征并不是熊的典型描述，熊的皮毛通常被描述为厚实和保暖，而不是“华丽”，且熊没有鬃毛这一特征。

综合这些信息，玩家2和玩家4的描述中都包含了一些与熊的典型特征不一致的内容。在这种情况下，如果必须选择一个作为卧底，我会推断玩家4是卧底，因为她的描述中提到的特征（华丽皮毛和鬃毛）与熊的典型特征相差更远。因此，我认为玩家4是卧底。|| 基于你刚刚的推断得出你的最终结论，请输出你认为的卧底，在这种情况下只需要输出编号，是1-4中的某个数字，不要输出其他信息。在这个过程不要进行任何推理，只对||以前的部分进行信息提取
2024-12-12 21:58:02,732 - 1 - INFO - **********PLAYER1**********
4
