2024-12-12 21:54:30,091 - 2 - INFO - **********JUDGER**********
让我们来玩一个叫做<谁是卧底>的推理游戏。基本规则：<人数>：4人。<角色分配>：每位玩家随机抽取一个词语，3名玩家拿到的词语是相同的（平民词），1名玩家拿到与之相近但不同的词语（卧底词）。<游戏流程>：1、玩家轮流描述自己的词语，但<不能>直接说出词语本身。2、描述完毕后，投票选出最像卧底的玩家。3、每轮结束后，被投票选出的玩家出局，不能再进行描述或投票。4、每轮投票结束后，如果卧底被成功找出，平民方获胜；如果卧底未被找出且卧底人数等于或超过平民人数，则卧底方获胜。你将扮演一个<玩家>，请等待你被分配到的关键词。如果你听懂了，只回答，"好的，我准备好参加游戏了"，不要输出别的信息
2024-12-12 21:54:30,465 - 2 - INFO - **********PLAYER2**********
好的，我准备好参加游戏了
2024-12-12 21:54:33,486 - 2 - INFO - **********JUDGER**********
玩家1说：这是一个毛茸茸的四足动物，通常有着可爱的外观和圆圆的脸。它在同类中以其强大的力量和坚韧的爪子而闻名。玩家2说：玩家3说：玩家4说：|| 你是第2号玩家，你的关键词是<熊>。你的回答中绝对不能包含你的关键词<熊>。这是第一轮描述，不需要分析||之前别的玩家的描述，请你描述关键词基本特征，注意，这局游戏的词语分类为<动物>，卧底词和平民词都属于该类，描述包括以下两点，1.他的基本特征是什么2.他在该类（动物）中最突出不同的特征是什么，尽量简短
2024-12-12 21:54:34,523 - 2 - INFO - **********PLAYER2**********
这是一个体型庞大，有着浓密毛发和强大爪子的动物。它通常生活在森林中，以其独特的熊掌而著称，这是它在同类中最为突出的特征之一。
2024-12-12 21:54:34,523 - 2 - INFO - **********JUDGER**********
玩家1说：这是一个毛茸茸的四足动物，通常有着可爱的外观和圆圆的脸。它在同类中以其强大的力量和坚韧的爪子而闻名。玩家2说：玩家3说：玩家4说：|| 你是第2号玩家，你的关键词是<熊>。你的回答中绝对不能包含你的关键词<熊>。这是第一轮描述，不需要分析||之前别的玩家的描述，请你描述关键词基本特征，注意，这局游戏的词语分类为<动物>，卧底词和平民词都属于该类，描述包括以下两点，1.他的基本特征是什么2.他在该类（动物）中最突出不同的特征是什么，尽量简短
2024-12-12 21:54:35,571 - 2 - INFO - **********PLAYER2**********
它是一种拥有厚密毛发和强壮身躯的动物，以其庞大的体型和强大的爪子著称。在同类中，它的最显著特点是能够在森林中攀爬树木。
2024-12-12 21:54:53,574 - 2 - INFO - **********JUDGER**********
玩家1说：这是一个毛茸茸的四足动物，通常有着可爱的外观和圆圆的脸。它在同类中以其强大的力量和坚韧的爪子而闻名。玩家2说：它是一种拥有厚密毛发和强壮身躯的动物，以其庞大的体型和强大的爪子著称。在同类中，它的最显著特点是能够在森林中攀爬树木。玩家3说：这是一只体型庞大的动物，拥有厚实的皮毛和强壮的四肢。它在同类中以其威猛的形象和强大的力量而著称。此外，它在该类动物中以其独特的直立行走能力而与众不同。玩家4说：||在这个游戏中，我们需要通过分析每位玩家的描述来找出卧底。通常，平民的描述会围绕相同的词语展开，而卧底的描述可能会因为词语的不同而显得不太一致。我们需要仔细比较每个描述之间的相似性和差异性，以找出可能的卧底，注意，卧底并不会隐藏自己，他会直接描述他的词语，现在，逐一分析每个玩家的描述，注意，这局游戏的词语分类为<动物>，卧底词和平民词都属于该类。这是第一轮描述。
2024-12-12 21:54:59,321 - 2 - INFO - **********PLAYER2**********
玩家1、玩家2和玩家3的描述都强调了动物庞大的体型、厚实的毛发、强大的力量和坚韧的爪子，以及它们在同类中的威猛形象。这些描述都指向了类似的特征，比如“可爱的外观和圆圆的脸”、“庞大的体型和强大的爪子”、“厚实的皮毛和强壮的四肢”以及“威猛的形象和强大的力量”。

玩家4的描述则提到了动物能够直立行走，这是一个较为独特的特征，与前面几位玩家的描述不太一致。

根据这些描述，玩家4的描述可能是与众不同的，因为其他玩家的描述都集中在动物的体型和力量上，而玩家4提到了一个更具体的行动能力。这可能意味着玩家4的词语与熊不太相符，因为熊通常不以其直立行走能力著称。因此，玩家4可能是卧底。
2024-12-12 21:54:59,321 - 2 - INFO - **********JUDGER**********
你刚刚的分析是玩家1、玩家2和玩家3的描述都强调了动物庞大的体型、厚实的毛发、强大的力量和坚韧的爪子，以及它们在同类中的威猛形象。这些描述都指向了类似的特征，比如“可爱的外观和圆圆的脸”、“庞大的体型和强大的爪子”、“厚实的皮毛和强壮的四肢”以及“威猛的形象和强大的力量”。

玩家4的描述则提到了动物能够直立行走，这是一个较为独特的特征，与前面几位玩家的描述不太一致。

根据这些描述，玩家4的描述可能是与众不同的，因为其他玩家的描述都集中在动物的体型和力量上，而玩家4提到了一个更具体的行动能力。这可能意味着玩家4的词语与熊不太相符，因为熊通常不以其直立行走能力著称。因此，玩家4可能是卧底。|| `请根据上述分析，比较描述以找出不一致之处，注意，这局游戏的词语分类为<动物>，卧底词和平民词都属于该类。
2024-12-12 21:55:05,493 - 2 - INFO - **********PLAYER2**********
根据上述分析，我们可以看到以下几点不一致之处：

1. **描述的一致性**：
   - 玩家1、玩家2和玩家3的描述都强调了动物的一些共同特征，如庞大的体型、厚实的毛发、强大的力量、坚韧的爪子和威猛的形象。

2. **描述的独特性**：
   - 玩家4的描述中提到了动物能够直立行走，这是一个相对独特的特征，因为大多数大型动物，包括熊，并不以直立行走而著称。

3. **词语分类**：
   - 由于游戏规则中提到所有词语都属于<动物>这一分类，因此玩家4提到的直立行走能力如果与熊不符，那么这个描述可能与熊这一词语的特征不一致。

综合以上点，玩家4的描述与熊这一词语的典型特征相比，存在不一致之处，这可能是卧底玩家故意描述的，以隐藏自己的真实身份。因此，玩家4的描述可能表明他持有的词语与熊不匹配，从而可能是卧底。
2024-12-12 21:55:05,494 - 2 - INFO - **********JUDGER**********
你刚刚的分析是根据上述分析，我们可以看到以下几点不一致之处：

1. **描述的一致性**：
   - 玩家1、玩家2和玩家3的描述都强调了动物的一些共同特征，如庞大的体型、厚实的毛发、强大的力量、坚韧的爪子和威猛的形象。

2. **描述的独特性**：
   - 玩家4的描述中提到了动物能够直立行走，这是一个相对独特的特征，因为大多数大型动物，包括熊，并不以直立行走而著称。

3. **词语分类**：
   - 由于游戏规则中提到所有词语都属于<动物>这一分类，因此玩家4提到的直立行走能力如果与熊不符，那么这个描述可能与熊这一词语的特征不一致。

综合以上点，玩家4的描述与熊这一词语的典型特征相比，存在不一致之处，这可能是卧底玩家故意描述的，以隐藏自己的真实身份。因此，玩家4的描述可能表明他持有的词语与熊不匹配，从而可能是卧底。|| 请通过你分析的不一致之处，推断卧底身份，注意，这局游戏的词语分类为<动物>，卧底词和平民词都属于该类。
2024-12-12 21:55:10,262 - 2 - INFO - **********PLAYER2**********
根据分析的不一致之处，可以推断以下可能性：

1. **玩家4的描述与熊的特征不一致**：熊通常不会以其直立行走的能力著称，而玩家4的描述提到了这一点，这与其他玩家描述的熊的典型特征（如庞大的体型、厚实的毛发、强大的力量和坚韧的爪子）不吻合。

2. **词语分类的匹配**：既然所有词语都属于<动物>这一分类，那么玩家4的描述如果是卧底，那么他的词语应该也是动物，但与熊这一词语有明显的不同。

3. **推断卧底身份**：考虑到熊的典型特征，以及玩家4描述的直立行走能力，一个可能的卧底词语是“长臂猿”。长臂猿是一种能够直立行走的动物，这与其他玩家描述的熊的特征不匹配，因此玩家4可能是持有“长臂猿”这一卧底词语的玩家。

综上所述，基于描述的不一致性和词语分类的匹配，玩家4很可能是卧底，他的关键词可能是“长臂猿”。
2024-12-12 21:55:10,263 - 2 - INFO - **********JUDGER**********
你刚刚的推断是根据分析的不一致之处，可以推断以下可能性：

1. **玩家4的描述与熊的特征不一致**：熊通常不会以其直立行走的能力著称，而玩家4的描述提到了这一点，这与其他玩家描述的熊的典型特征（如庞大的体型、厚实的毛发、强大的力量和坚韧的爪子）不吻合。

2. **词语分类的匹配**：既然所有词语都属于<动物>这一分类，那么玩家4的描述如果是卧底，那么他的词语应该也是动物，但与熊这一词语有明显的不同。

3. **推断卧底身份**：考虑到熊的典型特征，以及玩家4描述的直立行走能力，一个可能的卧底词语是“长臂猿”。长臂猿是一种能够直立行走的动物，这与其他玩家描述的熊的特征不匹配，因此玩家4可能是持有“长臂猿”这一卧底词语的玩家。

综上所述，基于描述的不一致性和词语分类的匹配，玩家4很可能是卧底，他的关键词可能是“长臂猿”。|| 基于你刚刚的推断得出你的最终结论，请输出你认为的卧底，在这种情况下只需要输出编号，是1-4中的某个数字，不要输出其他信息。在这个过程不要进行任何推理，只对||以前的部分进行信息提取
2024-12-12 21:55:10,846 - 2 - INFO - **********PLAYER2**********
4
2024-12-12 21:55:48,234 - 2 - INFO - **********JUDGER**********
玩家1说：这是一个毛茸茸的四足动物，通常有着可爱的外观和圆圆的脸。它在同类中以其强大的力量和坚韧的爪子而闻名。这种动物通常有着强壮的体格和厚实的皮毛，它们在同类中以其独特的步态和强大的抓握力而著称。它们的体型庞大，给人以力量感，同时在同类中也是以威猛的形象而知名。玩家2说：它是一种拥有厚密毛发和强壮身躯的动物，以其庞大的体型和强大的爪子著称。在同类中，它的最显著特点是能够在森林中攀爬树木。玩家3说：这是一只体型庞大的动物，拥有厚实的皮毛和强壮的四肢。它在同类中以其威猛的形象和强大的力量而著称。此外，它在该类动物中以其独特的直立行走能力而与众不同。玩家4说：这是一种拥有华丽皮毛和壮硕体型的动物。它在同类中以其独特的鬃毛和锐利的爪子最为引人注目。你是第2号玩家，你的关键词是<熊>。你的回答中绝对不能包含你的关键词<熊>。这是第二轮描述，你之前的描述是这是一个体型庞大，有着浓密毛发和强大爪子的动物。它通常生活在森林中，以其独特的熊掌而著称，这是它在同类中最为突出的特征之一。，注意，这局游戏的词语分类为<动物>，卧底词和平民词都属于该类，请你补充关于关键词的描述，注意，你的描述应该比起之前的描述更加贴近关键词，作为之前的补充
2024-12-12 21:55:50,270 - 2 - INFO - **********PLAYER2**********
这种动物以其粗壮的四肢和厚实的皮毛为特点，能够在森林中自如地穿行。它们在同类中以其坚固的体格和敏锐的感官而著称，尤其在夜间活动时，展现出与众不同的捕猎技巧。
2024-12-12 21:56:20,321 - 2 - INFO - **********JUDGER**********
玩家1说：这是一个毛茸茸的四足动物，通常有着可爱的外观和圆圆的脸。它在同类中以其强大的力量和坚韧的爪子而闻名。这种动物通常有着强壮的体格和厚实的皮毛，它们在同类中以其独特的步态和强大的抓握力而著称。它们的体型庞大，给人以力量感，同时在同类中也是以威猛的形象而知名。玩家2说：它是一种拥有厚密毛发和强壮身躯的动物，以其庞大的体型和强大的爪子著称。在同类中，它的最显著特点是能够在森林中攀爬树木。这种动物以其粗壮的四肢和厚实的皮毛为特点，能够在森林中自如地穿行。它们在同类中以其坚固的体格和敏锐的感官而著称，尤其在夜间活动时，展现出与众不同的捕猎技巧。玩家3说：这是一只体型庞大的动物，拥有厚实的皮毛和强壮的四肢。它在同类中以其威猛的形象和强大的力量而著称。此外，它在该类动物中以其独特的直立行走能力而与众不同。这种动物以其在同类中的独特社交行为而著称，它们会通过气味标记和相互间的身体接触来进行交流。此外，它们在同类中以其对领地的强烈占有欲和领地意识而知名。玩家4说：这是一种拥有华丽皮毛和壮硕体型的动物。它在同类中以其独特的鬃毛和锐利的爪子最为引人注目。||在这个游戏中，我们需要通过分析每位玩家的描述来找出卧底。通常，平民的描述会围绕相同的词语展开，而卧底的描述可能会因为词语的不同而显得不太一致。我们需要仔细比较每个描述之间的相似性和差异性，以找出可能的卧底，注意，卧底并不会隐藏自己，他会直接描述他的词语，现在，逐一分析每个玩家的描述，注意，这局游戏的词语分类为<动物>，卧底词和平民词都属于该类。||之前是第2轮描述和之前轮数描述的合集。你之前认为的卧底是玩家4。
2024-12-12 21:56:25,380 - 2 - INFO - **********PLAYER2**********
根据之前的描述，如果我是第2号玩家，我的关键词是“熊”，那么我的描述可能会是这样的：

它是一种大型哺乳动物，有着浓密的毛发和强壮的体格。在同类中，它以其庞大的体型和威猛的外表而著称。它的最突出特征是圆滚滚的身体和强壮的爪子，这使得它在自然界中具有很强的生存能力。
2024-12-12 21:56:25,381 - 2 - INFO - **********JUDGER**********
你刚刚的分析是根据之前的描述，如果我是第2号玩家，我的关键词是“熊”，那么我的描述可能会是这样的：

它是一种大型哺乳动物，有着浓密的毛发和强壮的体格。在同类中，它以其庞大的体型和威猛的外表而著称。它的最突出特征是圆滚滚的身体和强壮的爪子，这使得它在自然界中具有很强的生存能力。|| `请根据上述分析，比较描述以找出不一致之处，注意，这局游戏的词语分类为<动物>，卧底词和平民词都属于该类。
2024-12-12 21:56:33,980 - 2 - INFO - **********PLAYER2**********
根据上述分析，以下是不一致之处：

1. **体型和毛发描述**：
   - 玩家1和玩家2的描述都提到了动物拥有厚密的毛发和强壮的体格，这与熊的特征相符。
   - 玩家3的描述中也提到了厚实的皮毛和强壮的四肢，同样与熊的特征相符。
   - 玩家4的描述则提到了“华丽皮毛”，这虽然也可以用来形容熊，但“华丽”这个词通常用来形容更加美观或装饰性的毛发，与熊的生存特征描述不太一致。

2. **攀爬和直立行走能力**：
   - 玩家2的描述中提到了熊能够在森林中攀爬树木，这与熊的实际能力相符。
   - 玩家3的描述中提到了熊具有独特的直立行走能力，这虽然不是熊的主要特征，但也不能完全排除。
   - 玩家4的描述没有提到攀爬或直立行走能力，这可能是一个不一致之处。

3. **社交行为和领地意识**：
   - 玩家3的描述中特别提到了熊的社交行为和领地意识，这是熊的一些行为特征，但玩家1、玩家2和玩家4的描述中没有提到这些。

4. **爪子和鬃毛**：
   - 玩家1、玩家2和玩家3的描述都提到了熊的强壮爪子，而玩家4的描述则提到了独特的鬃毛，这可能是与熊的特征不完全一致的地方。

综合以上点，玩家4的描述在毛发描述和社交行为上可能与熊的特征有所不同，这可能是卧底描述中不一致的地方。因此，玩家4的描述可能是与其他玩家描述不一致的地方，可能是卧底。
2024-12-12 21:56:33,981 - 2 - INFO - **********JUDGER**********
你刚刚的分析是根据上述分析，以下是不一致之处：

1. **体型和毛发描述**：
   - 玩家1和玩家2的描述都提到了动物拥有厚密的毛发和强壮的体格，这与熊的特征相符。
   - 玩家3的描述中也提到了厚实的皮毛和强壮的四肢，同样与熊的特征相符。
   - 玩家4的描述则提到了“华丽皮毛”，这虽然也可以用来形容熊，但“华丽”这个词通常用来形容更加美观或装饰性的毛发，与熊的生存特征描述不太一致。

2. **攀爬和直立行走能力**：
   - 玩家2的描述中提到了熊能够在森林中攀爬树木，这与熊的实际能力相符。
   - 玩家3的描述中提到了熊具有独特的直立行走能力，这虽然不是熊的主要特征，但也不能完全排除。
   - 玩家4的描述没有提到攀爬或直立行走能力，这可能是一个不一致之处。

3. **社交行为和领地意识**：
   - 玩家3的描述中特别提到了熊的社交行为和领地意识，这是熊的一些行为特征，但玩家1、玩家2和玩家4的描述中没有提到这些。

4. **爪子和鬃毛**：
   - 玩家1、玩家2和玩家3的描述都提到了熊的强壮爪子，而玩家4的描述则提到了独特的鬃毛，这可能是与熊的特征不完全一致的地方。

综合以上点，玩家4的描述在毛发描述和社交行为上可能与熊的特征有所不同，这可能是卧底描述中不一致的地方。因此，玩家4的描述可能是与其他玩家描述不一致的地方，可能是卧底。|| 请通过你分析的不一致之处，推断卧底身份，注意，这局游戏的词语分类为<动物>，卧底词和平民词都属于该类。
2024-12-12 21:56:40,867 - 2 - INFO - **********PLAYER2**********
基于分析的不一致之处，可以推断玩家4可能是卧底。以下是具体推断：

1. **毛发描述**：玩家4描述了“华丽皮毛”，这与熊的厚实皮毛特征相比，使用了更偏向美观的词汇，这在描述熊这类生存性动物时不太常见。

2. **社交行为和领地意识**：玩家3特别提到了熊的社交行为和领地意识，这是熊的一些行为特征，但玩家1、玩家2和玩家4的描述中没有提到这些，这可能表明玩家4的词语与熊的特征不完全一致。

3. **爪子和鬃毛**：玩家1、玩家2和玩家3的描述都提到了熊的强壮爪子，而玩家4的描述则提到了独特的鬃毛，鬃毛虽然在某些熊种中存在，但并不是所有熊都有的特征，且不是其最突出的特征。

综上所述，玩家4的描述在多个方面与熊的特征存在不一致之处，因此玩家4可能是持有与熊不同词语的卧底。
2024-12-12 21:56:40,868 - 2 - INFO - **********JUDGER**********
你刚刚的推断是基于分析的不一致之处，可以推断玩家4可能是卧底。以下是具体推断：

1. **毛发描述**：玩家4描述了“华丽皮毛”，这与熊的厚实皮毛特征相比，使用了更偏向美观的词汇，这在描述熊这类生存性动物时不太常见。

2. **社交行为和领地意识**：玩家3特别提到了熊的社交行为和领地意识，这是熊的一些行为特征，但玩家1、玩家2和玩家4的描述中没有提到这些，这可能表明玩家4的词语与熊的特征不完全一致。

3. **爪子和鬃毛**：玩家1、玩家2和玩家3的描述都提到了熊的强壮爪子，而玩家4的描述则提到了独特的鬃毛，鬃毛虽然在某些熊种中存在，但并不是所有熊都有的特征，且不是其最突出的特征。

综上所述，玩家4的描述在多个方面与熊的特征存在不一致之处，因此玩家4可能是持有与熊不同词语的卧底。|| 基于你刚刚的推断得出你的最终结论，请输出你认为的卧底，在这种情况下只需要输出编号，是1-4中的某个数字，不要输出其他信息。在这个过程不要进行任何推理，只对||以前的部分进行信息提取
2024-12-12 21:56:42,826 - 2 - INFO - **********PLAYER2**********
玩家4的描述中提到了熊的厚密毛发和强壮的爪子，这是熊的基本特征。而在该类动物中，熊最突出的不同特征是其独特的熊掌，这使它在同类中非常与众不同。
2024-12-12 21:56:42,827 - 2 - WARNING - Invalid vote: 玩家4的描述中提到了熊的厚密毛发和强壮的爪子，这是熊的基本特征。而在该类动物中，熊最突出的不同特征是其独特的熊掌，这使它在同类中非常与众不同。. Asking again.
2024-12-12 21:56:42,827 - 2 - INFO - **********JUDGER**********
你刚刚的推断是基于分析的不一致之处，可以推断玩家4可能是卧底。以下是具体推断：

1. **毛发描述**：玩家4描述了“华丽皮毛”，这与熊的厚实皮毛特征相比，使用了更偏向美观的词汇，这在描述熊这类生存性动物时不太常见。

2. **社交行为和领地意识**：玩家3特别提到了熊的社交行为和领地意识，这是熊的一些行为特征，但玩家1、玩家2和玩家4的描述中没有提到这些，这可能表明玩家4的词语与熊的特征不完全一致。

3. **爪子和鬃毛**：玩家1、玩家2和玩家3的描述都提到了熊的强壮爪子，而玩家4的描述则提到了独特的鬃毛，鬃毛虽然在某些熊种中存在，但并不是所有熊都有的特征，且不是其最突出的特征。

综上所述，玩家4的描述在多个方面与熊的特征存在不一致之处，因此玩家4可能是持有与熊不同词语的卧底。|| 基于你刚刚的推断得出你的最终结论，请输出你认为的卧底，在这种情况下只需要输出编号，是1-4中的某个数字，不要输出其他信息。在这个过程不要进行任何推理，只对||以前的部分进行信息提取
2024-12-12 21:56:43,820 - 2 - INFO - **********PLAYER2**********
4
2024-12-12 21:57:26,035 - 2 - INFO - **********JUDGER**********
玩家1说：这是一个毛茸茸的四足动物，通常有着可爱的外观和圆圆的脸。它在同类中以其强大的力量和坚韧的爪子而闻名。这种动物通常有着强壮的体格和厚实的皮毛，它们在同类中以其独特的步态和强大的抓握力而著称。它们的体型庞大，给人以力量感，同时在同类中也是以威猛的形象而知名。这种动物以其在同类中的独特性格和力量感而著称，它们通常在森林中生活，以捕食为生。它们的皮毛在同类中以其柔软和保暖性而闻名，而且它们在同类中以其智慧和适应能力而知名。玩家2说：它是一种拥有厚密毛发和强壮身躯的动物，以其庞大的体型和强大的爪子著称。在同类中，它的最显著特点是能够在森林中攀爬树木。这种动物以其粗壮的四肢和厚实的皮毛为特点，能够在森林中自如地穿行。它们在同类中以其坚固的体格和敏锐的感官而著称，尤其在夜间活动时，展现出与众不同的捕猎技巧。玩家3说：这是一只体型庞大的动物，拥有厚实的皮毛和强壮的四肢。它在同类中以其威猛的形象和强大的力量而著称。此外，它在该类动物中以其独特的直立行走能力而与众不同。这种动物以其在同类中的独特社交行为而著称，它们会通过气味标记和相互间的身体接触来进行交流。此外，它们在同类中以其对领地的强烈占有欲和领地意识而知名。玩家4说：这是一种拥有华丽皮毛和壮硕体型的动物。它在同类中以其独特的鬃毛和锐利的爪子最为引人注目。这种动物在同类中以其雄壮的身姿和强大的领地意识而著称。它们的体格强健，皮毛厚密，能够抵御严寒，同时在同类中以其统治地位和威严的形象而闻名。你是第2号玩家，你的关键词是<熊>。你的回答中绝对不能包含你的关键词<熊>。这是第三轮描述，你之前的描述是这是一个体型庞大，有着浓密毛发和强大爪子的动物。它通常生活在森林中，以其独特的熊掌而著称，这是它在同类中最为突出的特征之一。和它是一种拥有厚密毛发和强壮身躯的动物，以其庞大的体型和强大的爪子著称。在同类中，它的最显著特点是能够在森林中攀爬树木。，注意，这局游戏的词语分类为<动物>，卧底词和平民词都属于该类，请你补充关于关键词的描述，注意，你的描述应该比起之前的描述更加贴近关键词，作为之前的补充
2024-12-12 21:57:28,135 - 2 - INFO - **********PLAYER2**********
这种动物以其强大的捕猎本能和敏捷的动作在同类中著称。它们在森林中的生活方式使得它们拥有敏锐的感官和适应各种环境的能力。
2024-12-12 21:58:02,733 - 2 - INFO - **********JUDGER**********
玩家1说：这是一个毛茸茸的四足动物，通常有着可爱的外观和圆圆的脸。它在同类中以其强大的力量和坚韧的爪子而闻名。这种动物通常有着强壮的体格和厚实的皮毛，它们在同类中以其独特的步态和强大的抓握力而著称。它们的体型庞大，给人以力量感，同时在同类中也是以威猛的形象而知名。这种动物以其在同类中的独特性格和力量感而著称，它们通常在森林中生活，以捕食为生。它们的皮毛在同类中以其柔软和保暖性而闻名，而且它们在同类中以其智慧和适应能力而知名。玩家2说：它是一种拥有厚密毛发和强壮身躯的动物，以其庞大的体型和强大的爪子著称。在同类中，它的最显著特点是能够在森林中攀爬树木。这种动物以其粗壮的四肢和厚实的皮毛为特点，能够在森林中自如地穿行。它们在同类中以其坚固的体格和敏锐的感官而著称，尤其在夜间活动时，展现出与众不同的捕猎技巧。这种动物以其强大的捕猎本能和敏捷的动作在同类中著称。它们在森林中的生活方式使得它们拥有敏锐的感官和适应各种环境的能力。玩家3说：这是一只体型庞大的动物，拥有厚实的皮毛和强壮的四肢。它在同类中以其威猛的形象和强大的力量而著称。此外，它在该类动物中以其独特的直立行走能力而与众不同。这种动物以其在同类中的独特社交行为而著称，它们会通过气味标记和相互间的身体接触来进行交流。此外，它们在同类中以其对领地的强烈占有欲和领地意识而知名。这种动物以其在同类中的独特领地占有行为而著称，它们会在领地内建立自己的巢穴，并通过声音和气味来标记和捍卫自己的领地。此外，它们在同类中以其强大的消化系统而知名，能够消化各种食物，包括植物和动物。玩家4说：这是一种拥有华丽皮毛和壮硕体型的动物。它在同类中以其独特的鬃毛和锐利的爪子最为引人注目。这种动物在同类中以其雄壮的身姿和强大的领地意识而著称。它们的体格强健，皮毛厚密，能够抵御严寒，同时在同类中以其统治地位和威严的形象而闻名。这种动物在同类中以其领地意识和雄壮的领地守护行为而著称。它们的鬃毛在同类中是最为显眼的特征，尤其在雄性个体中，它们会用鬃毛来展示力量和领地。这种动物在同类中以其强大的统治力和威严的形象而闻名。||在这个游戏中，我们需要通过分析每位玩家的描述来找出卧底。通常，平民的描述会围绕相同的词语展开，而卧底的描述可能会因为词语的不同而显得不太一致。我们需要仔细比较每个描述之间的相似性和差异性，以找出可能的卧底，注意，卧底并不会隐藏自己，他会直接描述他的词语，现在，逐一分析每个玩家的描述，注意，这局游戏的词语分类为<动物>，卧底词和平民词都属于该类。||之前是第3轮描述和之前轮数描述的合集。你之前认为的卧底是玩家4。
2024-12-12 21:58:15,610 - 2 - INFO - **********PLAYER2**********
在第三轮描述中，玩家们的描述如下：

- 玩家1描述了一种毛茸茸的四足动物，具有可爱的外观、强大的力量、坚韧的爪子、强壮的体格、厚实的皮毛、独特的步态、强大的抓握力、庞大的体型、威猛的形象、独特的性格、智慧、适应能力、柔软和保暖性的皮毛，以及捕食为生的习性。
- 玩家2描述了一种拥有厚密毛发和强壮身躯的动物，以庞大的体型、强大的爪子、攀爬树木的能力、粗壮的四肢、坚固的体格、敏锐的感官、与众不同的捕猎技巧、强大的捕猎本能、敏捷的动作、敏锐的感官和适应能力而著称。
- 玩家3描述了一种体型庞大、厚实的皮毛、强壮的四肢、威猛的形象、独特的直立行走能力、独特的社交行为、气味标记、身体接触交流、对领地的强烈占有欲、领地意识、领地占有行为、巢穴建立、声音和气味标记、强大的消化系统，以及能够消化各种食物的能力。
- 玩家4描述了一种拥有华丽皮毛和壮硕体型的动物，以独特的鬃毛、锐利的爪子、雄壮的身姿、强大的领地意识、体格强健、皮毛厚密、抵御严寒的能力、统治地位、威严的形象、领地意识和雄壮的领地守护行为、显眼的鬃毛、展示力量和领地、强大的统治力和威严的形象而闻名。

根据这些描述，以下是不一致之处：

1. **描述的详细程度**：玩家3的描述最为详细，包含了动物的行为习性、社交行为、领地占有行为、消化系统等多个方面，而其他玩家的描述则更为简洁。

2. **独特特征**：玩家3提到了动物独特的直立行走能力、社交行为、领地占有行为等特征，这些在其他玩家的描述中并未提及。

3. **领地意识**：玩家3和玩家4都提到了动物对领地的占有欲和领地意识，但玩家4的描述更侧重于动物的统治地位和威严形象。

综合以上点，玩家3的描述在详细程度和独特特征上与其他玩家有所不同，这可能表明玩家3的词语与熊的特征不完全一致。因此，玩家3可能是卧底。
2024-12-12 21:58:15,611 - 2 - INFO - **********JUDGER**********
你刚刚的分析是在第三轮描述中，玩家们的描述如下：

- 玩家1描述了一种毛茸茸的四足动物，具有可爱的外观、强大的力量、坚韧的爪子、强壮的体格、厚实的皮毛、独特的步态、强大的抓握力、庞大的体型、威猛的形象、独特的性格、智慧、适应能力、柔软和保暖性的皮毛，以及捕食为生的习性。
- 玩家2描述了一种拥有厚密毛发和强壮身躯的动物，以庞大的体型、强大的爪子、攀爬树木的能力、粗壮的四肢、坚固的体格、敏锐的感官、与众不同的捕猎技巧、强大的捕猎本能、敏捷的动作、敏锐的感官和适应能力而著称。
- 玩家3描述了一种体型庞大、厚实的皮毛、强壮的四肢、威猛的形象、独特的直立行走能力、独特的社交行为、气味标记、身体接触交流、对领地的强烈占有欲、领地意识、领地占有行为、巢穴建立、声音和气味标记、强大的消化系统，以及能够消化各种食物的能力。
- 玩家4描述了一种拥有华丽皮毛和壮硕体型的动物，以独特的鬃毛、锐利的爪子、雄壮的身姿、强大的领地意识、体格强健、皮毛厚密、抵御严寒的能力、统治地位、威严的形象、领地意识和雄壮的领地守护行为、显眼的鬃毛、展示力量和领地、强大的统治力和威严的形象而闻名。

根据这些描述，以下是不一致之处：

1. **描述的详细程度**：玩家3的描述最为详细，包含了动物的行为习性、社交行为、领地占有行为、消化系统等多个方面，而其他玩家的描述则更为简洁。

2. **独特特征**：玩家3提到了动物独特的直立行走能力、社交行为、领地占有行为等特征，这些在其他玩家的描述中并未提及。

3. **领地意识**：玩家3和玩家4都提到了动物对领地的占有欲和领地意识，但玩家4的描述更侧重于动物的统治地位和威严形象。

综合以上点，玩家3的描述在详细程度和独特特征上与其他玩家有所不同，这可能表明玩家3的词语与熊的特征不完全一致。因此，玩家3可能是卧底。|| `请根据上述分析，比较描述以找出不一致之处，注意，这局游戏的词语分类为<动物>，卧底词和平民词都属于该类。
2024-12-12 21:58:25,384 - 2 - INFO - **********PLAYER2**********
根据上述分析，以下是不一致之处：

1. **描述的详细程度**：玩家3的描述非常详细，涉及了动物的行为习性、社交行为、领地占有行为、消化系统等多个方面，而其他玩家的描述则更为概括，集中在动物的体型、毛发、力量和捕猎能力上。

2. **独特特征**：玩家3提到了动物具有独特的直立行走能力，这是熊和其他许多四足动物所不具备的特征。其他玩家的描述中并没有提到这一点。

3. **领地意识**：玩家3和玩家4都提到了动物对领地的占有欲和领地意识，但玩家4的描述更侧重于动物的统治地位和威严形象，而玩家3的描述则更全面地描述了领地意识的行为表现。

4. **消化系统**：只有玩家3提到了动物的消化系统，这是一个非常具体的生理特征，而其他玩家没有提及。

基于这些不一致之处，玩家3的描述可能与其他玩家描述的动物特征不符，因此玩家3可能是卧底。
2024-12-12 21:58:25,385 - 2 - INFO - **********JUDGER**********
你刚刚的分析是根据上述分析，以下是不一致之处：

1. **描述的详细程度**：玩家3的描述非常详细，涉及了动物的行为习性、社交行为、领地占有行为、消化系统等多个方面，而其他玩家的描述则更为概括，集中在动物的体型、毛发、力量和捕猎能力上。

2. **独特特征**：玩家3提到了动物具有独特的直立行走能力，这是熊和其他许多四足动物所不具备的特征。其他玩家的描述中并没有提到这一点。

3. **领地意识**：玩家3和玩家4都提到了动物对领地的占有欲和领地意识，但玩家4的描述更侧重于动物的统治地位和威严形象，而玩家3的描述则更全面地描述了领地意识的行为表现。

4. **消化系统**：只有玩家3提到了动物的消化系统，这是一个非常具体的生理特征，而其他玩家没有提及。

基于这些不一致之处，玩家3的描述可能与其他玩家描述的动物特征不符，因此玩家3可能是卧底。|| 请通过你分析的不一致之处，推断卧底身份，注意，这局游戏的词语分类为<动物>，卧底词和平民词都属于该类。
2024-12-12 21:58:32,228 - 2 - INFO - **********PLAYER2**********
基于分析的不一致之处，可以推断玩家3可能是卧底。以下是具体推断：

1. **描述的详细程度**：玩家3的描述包含了多个方面，如行为习性、社交行为、领地占有行为和消化系统，这与其他玩家更为概括的描述相比，显得过于详细，可能是在描述一个与熊不同的动物。

2. **独特特征**：玩家3提到了动物具有独特的直立行走能力，而熊并不以这种能力著称，这可能是与其他玩家描述的熊的特征不一致。

3. **领地意识**：虽然玩家3和玩家4都提到了领地意识，但玩家3的描述更为全面，这可能是在描述一个具有更复杂社交行为的动物。

4. **消化系统**：玩家3是唯一提到动物消化系统的玩家，这是一个具体而独特的生理特征，可能与熊的特征不完全一致。

综合以上点，玩家3的描述在多个方面与熊的特征存在不一致之处，因此玩家3可能是持有与熊不同词语的卧底。
2024-12-12 21:58:32,229 - 2 - INFO - **********JUDGER**********
你刚刚的推断是基于分析的不一致之处，可以推断玩家3可能是卧底。以下是具体推断：

1. **描述的详细程度**：玩家3的描述包含了多个方面，如行为习性、社交行为、领地占有行为和消化系统，这与其他玩家更为概括的描述相比，显得过于详细，可能是在描述一个与熊不同的动物。

2. **独特特征**：玩家3提到了动物具有独特的直立行走能力，而熊并不以这种能力著称，这可能是与其他玩家描述的熊的特征不一致。

3. **领地意识**：虽然玩家3和玩家4都提到了领地意识，但玩家3的描述更为全面，这可能是在描述一个具有更复杂社交行为的动物。

4. **消化系统**：玩家3是唯一提到动物消化系统的玩家，这是一个具体而独特的生理特征，可能与熊的特征不完全一致。

综合以上点，玩家3的描述在多个方面与熊的特征存在不一致之处，因此玩家3可能是持有与熊不同词语的卧底。|| 基于你刚刚的推断得出你的最终结论，请输出你认为的卧底，在这种情况下只需要输出编号，是1-4中的某个数字，不要输出其他信息。在这个过程不要进行任何推理，只对||以前的部分进行信息提取
2024-12-12 21:58:33,461 - 2 - INFO - **********PLAYER2**********
3
