2024-12-12 21:54:31,018 - 3 - INFO - **********JUDGER**********
让我们来玩一个叫做<谁是卧底>的推理游戏。基本规则：<人数>：4人。<角色分配>：每位玩家随机抽取一个词语，3名玩家拿到的词语是相同的（平民词），1名玩家拿到与之相近但不同的词语（卧底词）。<游戏流程>：1、玩家轮流描述自己的词语，但<不能>直接说出词语本身。2、描述完毕后，投票选出最像卧底的玩家。3、每轮结束后，被投票选出的玩家出局，不能再进行描述或投票。4、每轮投票结束后，如果卧底被成功找出，平民方获胜；如果卧底未被找出且卧底人数等于或超过平民人数，则卧底方获胜。你将扮演一个<玩家>，请等待你被分配到的关键词。如果你听懂了，只回答，"好的，我准备好参加游戏了"，不要输出别的信息
2024-12-12 21:54:31,579 - 3 - INFO - **********PLAYER3**********
好的，我准备好参加游戏了
2024-12-12 21:54:35,571 - 3 - INFO - **********JUDGER**********
玩家1说：这是一个毛茸茸的四足动物，通常有着可爱的外观和圆圆的脸。它在同类中以其强大的力量和坚韧的爪子而闻名。玩家2说：它是一种拥有厚密毛发和强壮身躯的动物，以其庞大的体型和强大的爪子著称。在同类中，它的最显著特点是能够在森林中攀爬树木。玩家3说：玩家4说：|| 你是第3号玩家，你的关键词是<熊>。你的回答中绝对不能包含你的关键词<熊>。这是第一轮描述，不需要分析||之前别的玩家的描述，请你描述关键词基本特征，注意，这局游戏的词语分类为<动物>，卧底词和平民词都属于该类，描述包括以下两点，1.他的基本特征是什么2.他在该类（动物）中最突出不同的特征是什么，尽量简短
2024-12-12 21:54:36,838 - 3 - INFO - **********PLAYER3**********
这是一只体型庞大的动物，拥有厚实的皮毛和强壮的四肢。它在同类中以其威猛的形象和强大的力量而著称。此外，它在该类动物中以其独特的直立行走能力而与众不同。
2024-12-12 21:55:10,847 - 3 - INFO - **********JUDGER**********
玩家1说：这是一个毛茸茸的四足动物，通常有着可爱的外观和圆圆的脸。它在同类中以其强大的力量和坚韧的爪子而闻名。玩家2说：它是一种拥有厚密毛发和强壮身躯的动物，以其庞大的体型和强大的爪子著称。在同类中，它的最显著特点是能够在森林中攀爬树木。玩家3说：这是一只体型庞大的动物，拥有厚实的皮毛和强壮的四肢。它在同类中以其威猛的形象和强大的力量而著称。此外，它在该类动物中以其独特的直立行走能力而与众不同。玩家4说：||在这个游戏中，我们需要通过分析每位玩家的描述来找出卧底。通常，平民的描述会围绕相同的词语展开，而卧底的描述可能会因为词语的不同而显得不太一致。我们需要仔细比较每个描述之间的相似性和差异性，以找出可能的卧底，注意，卧底并不会隐藏自己，他会直接描述他的词语，现在，逐一分析每个玩家的描述，注意，这局游戏的词语分类为<动物>，卧底词和平民词都属于该类。这是第一轮描述。
2024-12-12 21:55:15,238 - 3 - INFO - **********PLAYER3**********
玩家1、玩家2和玩家3的描述都指向了熊这一动物，强调了它的毛茸茸的外观、强大的力量、坚韧的爪子以及庞大的体型。这些描述在细节上有所重叠，但都符合熊的基本特征。

玩家4的描述则提到了熊的直立行走能力，这是熊的一个显著特征，但同时也引入了一个新的描述点，与之前的描述有所不同。

基于这些信息，如果我是卧底，我的描述可能会与玩家4相似，引入一个与熊不同的特征，或者与玩家1、2、3的描述在关键点上有所差异。然而，玩家4的描述虽然引入了新的特征，但并没有明显偏离熊的基本特征，因此，从描述的一致性来看，玩家4可能是平民。

需要注意的是，这只是一个基于描述的分析，真正的卧底可能会隐藏得更好，所以最终的判断还需要结合后续的描述和投票结果。
2024-12-12 21:55:15,239 - 3 - INFO - **********JUDGER**********
你刚刚的分析是玩家1、玩家2和玩家3的描述都指向了熊这一动物，强调了它的毛茸茸的外观、强大的力量、坚韧的爪子以及庞大的体型。这些描述在细节上有所重叠，但都符合熊的基本特征。

玩家4的描述则提到了熊的直立行走能力，这是熊的一个显著特征，但同时也引入了一个新的描述点，与之前的描述有所不同。

基于这些信息，如果我是卧底，我的描述可能会与玩家4相似，引入一个与熊不同的特征，或者与玩家1、2、3的描述在关键点上有所差异。然而，玩家4的描述虽然引入了新的特征，但并没有明显偏离熊的基本特征，因此，从描述的一致性来看，玩家4可能是平民。

需要注意的是，这只是一个基于描述的分析，真正的卧底可能会隐藏得更好，所以最终的判断还需要结合后续的描述和投票结果。|| `请根据上述分析，比较描述以找出不一致之处，注意，这局游戏的词语分类为<动物>，卧底词和平民词都属于该类。
2024-12-12 21:55:24,579 - 3 - INFO - **********PLAYER3**********
根据上述分析，我们可以比较每位玩家的描述以找出不一致之处：

1. 玩家1的描述强调了熊的毛茸茸的外观、可爱的外观、圆圆的脸、强大的力量和坚韧的爪子。
2. 玩家2的描述与玩家1相似，提到了熊的厚密毛发、强壮身躯、庞大的体型、强大的爪子，并增加了熊能够在森林中攀爬树木的能力。
3. 玩家3的描述与玩家1和玩家2类似，提到了熊的体型庞大、厚实的皮毛、强壮的四肢、威猛的形象和强大的力量，并提到了熊的直立行走能力。
4. 玩家4的描述提到了熊的直立行走能力，这是熊的一个显著特征，但与之前玩家描述的强调点有所不同。

不一致之处在于：
- 玩家1、2和3的描述都集中在熊的外观、力量和爪子上，而玩家4的描述则特别提到了熊的直立行走能力，这是一个相对较少被提及的特征，但并不是一个完全不符合熊的特征。
- 玩家4的描述没有像其他玩家那样强调熊的毛茸茸的外观、可爱的外观或庞大的体型，而是引入了一个额外的特征。

如果我们要寻找不一致之处，玩家4的描述在细节上与玩家1、2、3的描述最为不同，因为它特别强调了熊的直立行走能力，而这一点在之前的描述中并没有被提及。这可能是玩家4作为卧底的一个线索，但这也可能是玩家4作为平民而选择的一个不太常见的特征来描述熊。因此，没有明确的不一致之处指向玩家4是卧底，除非有更多的描述或信息来支持这一点。
2024-12-12 21:55:24,580 - 3 - INFO - **********JUDGER**********
你刚刚的分析是根据上述分析，我们可以比较每位玩家的描述以找出不一致之处：

1. 玩家1的描述强调了熊的毛茸茸的外观、可爱的外观、圆圆的脸、强大的力量和坚韧的爪子。
2. 玩家2的描述与玩家1相似，提到了熊的厚密毛发、强壮身躯、庞大的体型、强大的爪子，并增加了熊能够在森林中攀爬树木的能力。
3. 玩家3的描述与玩家1和玩家2类似，提到了熊的体型庞大、厚实的皮毛、强壮的四肢、威猛的形象和强大的力量，并提到了熊的直立行走能力。
4. 玩家4的描述提到了熊的直立行走能力，这是熊的一个显著特征，但与之前玩家描述的强调点有所不同。

不一致之处在于：
- 玩家1、2和3的描述都集中在熊的外观、力量和爪子上，而玩家4的描述则特别提到了熊的直立行走能力，这是一个相对较少被提及的特征，但并不是一个完全不符合熊的特征。
- 玩家4的描述没有像其他玩家那样强调熊的毛茸茸的外观、可爱的外观或庞大的体型，而是引入了一个额外的特征。

如果我们要寻找不一致之处，玩家4的描述在细节上与玩家1、2、3的描述最为不同，因为它特别强调了熊的直立行走能力，而这一点在之前的描述中并没有被提及。这可能是玩家4作为卧底的一个线索，但这也可能是玩家4作为平民而选择的一个不太常见的特征来描述熊。因此，没有明确的不一致之处指向玩家4是卧底，除非有更多的描述或信息来支持这一点。|| 请通过你分析的不一致之处，推断卧底身份，注意，这局游戏的词语分类为<动物>，卧底词和平民词都属于该类。
2024-12-12 21:55:31,845 - 3 - INFO - **********PLAYER3**********
基于上述分析，我们可以推断卧底身份的可能性如下：

1. 玩家4的描述中特别提到了熊的直立行走能力，这是一个相对较少被提及的特征，而玩家1、2、3的描述都集中在熊的外观、力量和爪子上。如果所有玩家都是平民，那么他们很可能会使用更常见的特征来描述熊。

2. 熊的直立行走能力虽然是一个真实特征，但在描述中不是常规的描述点，这可能表明玩家4的描述可能有所不同，从而暗示他可能是卧底。

3. 由于卧底的目标是隐藏自己的真实身份，他可能会选择一个不太明显的特征来描述，以避免引起怀疑。玩家4的描述虽然提到了熊的一个真实特征，但这个特征的强调程度与其他玩家的描述有所不同，这可能是一个隐藏身份的迹象。

4. 然而，由于熊的直立行走能力并不是一个完全不符合熊的特征，玩家4也可能是平民，只是选择了一个不太常见的角度来描述熊。

综上所述，玩家4的描述因其独特性和与其他玩家描述的差异，增加了他是卧底的可能性。但是，没有更多的信息或描述，我们无法确定玩家4就是卧底。卧底身份的最终确定需要结合后续的描述和投票结果。因此，根据目前的描述，玩家4是卧底的可能性较高，但这仍然是一个基于现有信息的推断。
2024-12-12 21:55:31,846 - 3 - INFO - **********JUDGER**********
你刚刚的推断是基于上述分析，我们可以推断卧底身份的可能性如下：

1. 玩家4的描述中特别提到了熊的直立行走能力，这是一个相对较少被提及的特征，而玩家1、2、3的描述都集中在熊的外观、力量和爪子上。如果所有玩家都是平民，那么他们很可能会使用更常见的特征来描述熊。

2. 熊的直立行走能力虽然是一个真实特征，但在描述中不是常规的描述点，这可能表明玩家4的描述可能有所不同，从而暗示他可能是卧底。

3. 由于卧底的目标是隐藏自己的真实身份，他可能会选择一个不太明显的特征来描述，以避免引起怀疑。玩家4的描述虽然提到了熊的一个真实特征，但这个特征的强调程度与其他玩家的描述有所不同，这可能是一个隐藏身份的迹象。

4. 然而，由于熊的直立行走能力并不是一个完全不符合熊的特征，玩家4也可能是平民，只是选择了一个不太常见的角度来描述熊。

综上所述，玩家4的描述因其独特性和与其他玩家描述的差异，增加了他是卧底的可能性。但是，没有更多的信息或描述，我们无法确定玩家4就是卧底。卧底身份的最终确定需要结合后续的描述和投票结果。因此，根据目前的描述，玩家4是卧底的可能性较高，但这仍然是一个基于现有信息的推断。|| 基于你刚刚的推断得出你的最终结论，请输出你认为的卧底，在这种情况下只需要输出编号，是1-4中的某个数字，不要输出其他信息。在这个过程不要进行任何推理，只对||以前的部分进行信息提取
2024-12-12 21:55:32,352 - 3 - INFO - **********PLAYER3**********
4
2024-12-12 21:55:50,270 - 3 - INFO - **********JUDGER**********
玩家1说：这是一个毛茸茸的四足动物，通常有着可爱的外观和圆圆的脸。它在同类中以其强大的力量和坚韧的爪子而闻名。这种动物通常有着强壮的体格和厚实的皮毛，它们在同类中以其独特的步态和强大的抓握力而著称。它们的体型庞大，给人以力量感，同时在同类中也是以威猛的形象而知名。玩家2说：它是一种拥有厚密毛发和强壮身躯的动物，以其庞大的体型和强大的爪子著称。在同类中，它的最显著特点是能够在森林中攀爬树木。这种动物以其粗壮的四肢和厚实的皮毛为特点，能够在森林中自如地穿行。它们在同类中以其坚固的体格和敏锐的感官而著称，尤其在夜间活动时，展现出与众不同的捕猎技巧。玩家3说：这是一只体型庞大的动物，拥有厚实的皮毛和强壮的四肢。它在同类中以其威猛的形象和强大的力量而著称。此外，它在该类动物中以其独特的直立行走能力而与众不同。玩家4说：这是一种拥有华丽皮毛和壮硕体型的动物。它在同类中以其独特的鬃毛和锐利的爪子最为引人注目。你是第3号玩家，你的关键词是<熊>。你的回答中绝对不能包含你的关键词<熊>。这是第二轮描述，你之前的描述是这是一只体型庞大的动物，拥有厚实的皮毛和强壮的四肢。它在同类中以其威猛的形象和强大的力量而著称。此外，它在该类动物中以其独特的直立行走能力而与众不同。，注意，这局游戏的词语分类为<动物>，卧底词和平民词都属于该类，请你补充关于关键词的描述，注意，你的描述应该比起之前的描述更加贴近关键词，作为之前的补充
2024-12-12 21:55:51,832 - 3 - INFO - **********PLAYER3**********
这种动物以其在同类中的独特社交行为而著称，它们会通过气味标记和相互间的身体接触来进行交流。此外，它们在同类中以其对领地的强烈占有欲和领地意识而知名。
2024-12-12 21:56:43,820 - 3 - INFO - **********JUDGER**********
玩家1说：这是一个毛茸茸的四足动物，通常有着可爱的外观和圆圆的脸。它在同类中以其强大的力量和坚韧的爪子而闻名。这种动物通常有着强壮的体格和厚实的皮毛，它们在同类中以其独特的步态和强大的抓握力而著称。它们的体型庞大，给人以力量感，同时在同类中也是以威猛的形象而知名。玩家2说：它是一种拥有厚密毛发和强壮身躯的动物，以其庞大的体型和强大的爪子著称。在同类中，它的最显著特点是能够在森林中攀爬树木。这种动物以其粗壮的四肢和厚实的皮毛为特点，能够在森林中自如地穿行。它们在同类中以其坚固的体格和敏锐的感官而著称，尤其在夜间活动时，展现出与众不同的捕猎技巧。玩家3说：这是一只体型庞大的动物，拥有厚实的皮毛和强壮的四肢。它在同类中以其威猛的形象和强大的力量而著称。此外，它在该类动物中以其独特的直立行走能力而与众不同。这种动物以其在同类中的独特社交行为而著称，它们会通过气味标记和相互间的身体接触来进行交流。此外，它们在同类中以其对领地的强烈占有欲和领地意识而知名。玩家4说：这是一种拥有华丽皮毛和壮硕体型的动物。它在同类中以其独特的鬃毛和锐利的爪子最为引人注目。||在这个游戏中，我们需要通过分析每位玩家的描述来找出卧底。通常，平民的描述会围绕相同的词语展开，而卧底的描述可能会因为词语的不同而显得不太一致。我们需要仔细比较每个描述之间的相似性和差异性，以找出可能的卧底，注意，卧底并不会隐藏自己，他会直接描述他的词语，现在，逐一分析每个玩家的描述，注意，这局游戏的词语分类为<动物>，卧底词和平民词都属于该类。||之前是第2轮描述和之前轮数描述的合集。你之前认为的卧底是玩家4。
2024-12-12 21:56:49,544 - 3 - INFO - **********PLAYER3**********
根据第二轮描述和之前的分析，玩家4的描述提到了“华丽皮毛”和“独特的鬃毛”，这两个特征在之前玩家的描述中没有出现过。虽然玩家4也提到了“壮硕体型”，这一点在之前的描述中有所提及，但“华丽皮毛”和“独特的鬃毛”作为描述动物的特征，相对于其他玩家提到的“厚密毛发”、“强壮身躯”、“厚实的皮毛”和“强壮的四肢”来说，显得更加独特。

尽管如此，玩家4的描述中提到的“锐利的爪子”与玩家1和玩家2的描述中提到的“坚韧的爪子”和“强大的爪子”有相似之处，这可能是玩家4作为平民而选择的一个共同特征。

综合分析，玩家4的描述在细节上与其他玩家的描述有所不同，特别是提到的“华丽皮毛”和“独特的鬃毛”，这增加了他是卧底的可能性。然而，由于没有明确的线索指向其他玩家，玩家4仍然是当前分析中作为卧底的最有可能人选。

因此，根据目前的描述，我认为玩家4仍然是卧底。
2024-12-12 21:56:49,545 - 3 - INFO - **********JUDGER**********
你刚刚的分析是根据第二轮描述和之前的分析，玩家4的描述提到了“华丽皮毛”和“独特的鬃毛”，这两个特征在之前玩家的描述中没有出现过。虽然玩家4也提到了“壮硕体型”，这一点在之前的描述中有所提及，但“华丽皮毛”和“独特的鬃毛”作为描述动物的特征，相对于其他玩家提到的“厚密毛发”、“强壮身躯”、“厚实的皮毛”和“强壮的四肢”来说，显得更加独特。

尽管如此，玩家4的描述中提到的“锐利的爪子”与玩家1和玩家2的描述中提到的“坚韧的爪子”和“强大的爪子”有相似之处，这可能是玩家4作为平民而选择的一个共同特征。

综合分析，玩家4的描述在细节上与其他玩家的描述有所不同，特别是提到的“华丽皮毛”和“独特的鬃毛”，这增加了他是卧底的可能性。然而，由于没有明确的线索指向其他玩家，玩家4仍然是当前分析中作为卧底的最有可能人选。

因此，根据目前的描述，我认为玩家4仍然是卧底。|| `请根据上述分析，比较描述以找出不一致之处，注意，这局游戏的词语分类为<动物>，卧底词和平民词都属于该类。
2024-12-12 21:57:04,431 - 3 - INFO - **********PLAYER3**********
根据上述分析，我们可以比较每位玩家的描述以找出不一致之处：

1. 玩家1的描述集中在熊的外观特征上，如毛茸茸、可爱的外观、圆圆的脸、强大的力量和坚韧的爪子，以及强壮的体格和厚实的皮毛。

2. 玩家2的描述也集中在熊的外观和力量上，提到了厚密毛发、强壮身躯、庞大的体型、强大的爪子，以及能够在森林中攀爬树木的能力。

3. 玩家3的描述提到了熊的体型庞大、厚实的皮毛、强壮的四肢、威猛的形象和强大的力量，并强调了熊的直立行走能力和社交行为，以及领地意识。

4. 玩家4的描述提到了熊的华丽皮毛、壮硕体型、独特的鬃毛和锐利的爪子。

不一致之处在于：

- 玩家4的描述中提到的“华丽皮毛”和“独特的鬃毛”是之前玩家描述中没有出现的特征。
- 玩家4的描述中提到了“锐利的爪子”，这一点与玩家1和玩家2的描述中的“坚韧的爪子”和“强大的爪子”相似，但玩家4的描述中并没有提到“厚密毛发”、“强壮身躯”或“强壮的四肢”，这些是玩家1和玩家2描述中的共同特征。

因此，玩家4的描述在细节上与其他玩家的描述存在不一致之处，特别是在提到的皮毛特征上，这可能是他作为卧底的一个线索。
2024-12-12 21:57:04,432 - 3 - INFO - **********JUDGER**********
你刚刚的分析是根据上述分析，我们可以比较每位玩家的描述以找出不一致之处：

1. 玩家1的描述集中在熊的外观特征上，如毛茸茸、可爱的外观、圆圆的脸、强大的力量和坚韧的爪子，以及强壮的体格和厚实的皮毛。

2. 玩家2的描述也集中在熊的外观和力量上，提到了厚密毛发、强壮身躯、庞大的体型、强大的爪子，以及能够在森林中攀爬树木的能力。

3. 玩家3的描述提到了熊的体型庞大、厚实的皮毛、强壮的四肢、威猛的形象和强大的力量，并强调了熊的直立行走能力和社交行为，以及领地意识。

4. 玩家4的描述提到了熊的华丽皮毛、壮硕体型、独特的鬃毛和锐利的爪子。

不一致之处在于：

- 玩家4的描述中提到的“华丽皮毛”和“独特的鬃毛”是之前玩家描述中没有出现的特征。
- 玩家4的描述中提到了“锐利的爪子”，这一点与玩家1和玩家2的描述中的“坚韧的爪子”和“强大的爪子”相似，但玩家4的描述中并没有提到“厚密毛发”、“强壮身躯”或“强壮的四肢”，这些是玩家1和玩家2描述中的共同特征。

因此，玩家4的描述在细节上与其他玩家的描述存在不一致之处，特别是在提到的皮毛特征上，这可能是他作为卧底的一个线索。|| 请通过你分析的不一致之处，推断卧底身份，注意，这局游戏的词语分类为<动物>，卧底词和平民词都属于该类。
2024-12-12 21:57:08,470 - 3 - INFO - **********PLAYER3**********
根据分析的不一致之处，以下是对卧底身份的推断：

- 玩家4的描述中提到的“华丽皮毛”和“独特的鬃毛”是之前玩家描述中没有出现的特征，这与其他玩家对熊的描述有所不同。
- 玩家4的描述中提到的“锐利的爪子”虽然与玩家1和玩家2的描述相似，但没有提到“厚密毛发”、“强壮身躯”或“强壮的四肢”，这些是玩家1和玩家2描述中的共同特征。

综合这些信息，玩家4的描述在皮毛特征的描述上与其他玩家有显著差异，这可能是他作为卧底的一个线索。因此，基于这些不一致之处，我推断玩家4是卧底。
2024-12-12 21:57:08,470 - 3 - INFO - **********JUDGER**********
你刚刚的推断是根据分析的不一致之处，以下是对卧底身份的推断：

- 玩家4的描述中提到的“华丽皮毛”和“独特的鬃毛”是之前玩家描述中没有出现的特征，这与其他玩家对熊的描述有所不同。
- 玩家4的描述中提到的“锐利的爪子”虽然与玩家1和玩家2的描述相似，但没有提到“厚密毛发”、“强壮身躯”或“强壮的四肢”，这些是玩家1和玩家2描述中的共同特征。

综合这些信息，玩家4的描述在皮毛特征的描述上与其他玩家有显著差异，这可能是他作为卧底的一个线索。因此，基于这些不一致之处，我推断玩家4是卧底。|| 基于你刚刚的推断得出你的最终结论，请输出你认为的卧底，在这种情况下只需要输出编号，是1-4中的某个数字，不要输出其他信息。在这个过程不要进行任何推理，只对||以前的部分进行信息提取
2024-12-12 21:57:09,223 - 3 - INFO - **********PLAYER3**********
4
2024-12-12 21:57:28,135 - 3 - INFO - **********JUDGER**********
玩家1说：这是一个毛茸茸的四足动物，通常有着可爱的外观和圆圆的脸。它在同类中以其强大的力量和坚韧的爪子而闻名。这种动物通常有着强壮的体格和厚实的皮毛，它们在同类中以其独特的步态和强大的抓握力而著称。它们的体型庞大，给人以力量感，同时在同类中也是以威猛的形象而知名。这种动物以其在同类中的独特性格和力量感而著称，它们通常在森林中生活，以捕食为生。它们的皮毛在同类中以其柔软和保暖性而闻名，而且它们在同类中以其智慧和适应能力而知名。玩家2说：它是一种拥有厚密毛发和强壮身躯的动物，以其庞大的体型和强大的爪子著称。在同类中，它的最显著特点是能够在森林中攀爬树木。这种动物以其粗壮的四肢和厚实的皮毛为特点，能够在森林中自如地穿行。它们在同类中以其坚固的体格和敏锐的感官而著称，尤其在夜间活动时，展现出与众不同的捕猎技巧。这种动物以其强大的捕猎本能和敏捷的动作在同类中著称。它们在森林中的生活方式使得它们拥有敏锐的感官和适应各种环境的能力。玩家3说：这是一只体型庞大的动物，拥有厚实的皮毛和强壮的四肢。它在同类中以其威猛的形象和强大的力量而著称。此外，它在该类动物中以其独特的直立行走能力而与众不同。这种动物以其在同类中的独特社交行为而著称，它们会通过气味标记和相互间的身体接触来进行交流。此外，它们在同类中以其对领地的强烈占有欲和领地意识而知名。玩家4说：这是一种拥有华丽皮毛和壮硕体型的动物。它在同类中以其独特的鬃毛和锐利的爪子最为引人注目。这种动物在同类中以其雄壮的身姿和强大的领地意识而著称。它们的体格强健，皮毛厚密，能够抵御严寒，同时在同类中以其统治地位和威严的形象而闻名。你是第3号玩家，你的关键词是<熊>。你的回答中绝对不能包含你的关键词<熊>。这是第三轮描述，你之前的描述是这是一只体型庞大的动物，拥有厚实的皮毛和强壮的四肢。它在同类中以其威猛的形象和强大的力量而著称。此外，它在该类动物中以其独特的直立行走能力而与众不同。和这种动物以其在同类中的独特社交行为而著称，它们会通过气味标记和相互间的身体接触来进行交流。此外，它们在同类中以其对领地的强烈占有欲和领地意识而知名。，注意，这局游戏的词语分类为<动物>，卧底词和平民词都属于该类，请你补充关于关键词的描述，注意，你的描述应该比起之前的描述更加贴近关键词，作为之前的补充
2024-12-12 21:57:30,338 - 3 - INFO - **********PLAYER3**********
这种动物以其在同类中的独特领地占有行为而著称，它们会在领地内建立自己的巢穴，并通过声音和气味来标记和捍卫自己的领地。此外，它们在同类中以其强大的消化系统而知名，能够消化各种食物，包括植物和动物。
2024-12-12 21:58:33,461 - 3 - INFO - **********JUDGER**********
玩家1说：这是一个毛茸茸的四足动物，通常有着可爱的外观和圆圆的脸。它在同类中以其强大的力量和坚韧的爪子而闻名。这种动物通常有着强壮的体格和厚实的皮毛，它们在同类中以其独特的步态和强大的抓握力而著称。它们的体型庞大，给人以力量感，同时在同类中也是以威猛的形象而知名。这种动物以其在同类中的独特性格和力量感而著称，它们通常在森林中生活，以捕食为生。它们的皮毛在同类中以其柔软和保暖性而闻名，而且它们在同类中以其智慧和适应能力而知名。玩家2说：它是一种拥有厚密毛发和强壮身躯的动物，以其庞大的体型和强大的爪子著称。在同类中，它的最显著特点是能够在森林中攀爬树木。这种动物以其粗壮的四肢和厚实的皮毛为特点，能够在森林中自如地穿行。它们在同类中以其坚固的体格和敏锐的感官而著称，尤其在夜间活动时，展现出与众不同的捕猎技巧。这种动物以其强大的捕猎本能和敏捷的动作在同类中著称。它们在森林中的生活方式使得它们拥有敏锐的感官和适应各种环境的能力。玩家3说：这是一只体型庞大的动物，拥有厚实的皮毛和强壮的四肢。它在同类中以其威猛的形象和强大的力量而著称。此外，它在该类动物中以其独特的直立行走能力而与众不同。这种动物以其在同类中的独特社交行为而著称，它们会通过气味标记和相互间的身体接触来进行交流。此外，它们在同类中以其对领地的强烈占有欲和领地意识而知名。这种动物以其在同类中的独特领地占有行为而著称，它们会在领地内建立自己的巢穴，并通过声音和气味来标记和捍卫自己的领地。此外，它们在同类中以其强大的消化系统而知名，能够消化各种食物，包括植物和动物。玩家4说：这是一种拥有华丽皮毛和壮硕体型的动物。它在同类中以其独特的鬃毛和锐利的爪子最为引人注目。这种动物在同类中以其雄壮的身姿和强大的领地意识而著称。它们的体格强健，皮毛厚密，能够抵御严寒，同时在同类中以其统治地位和威严的形象而闻名。这种动物在同类中以其领地意识和雄壮的领地守护行为而著称。它们的鬃毛在同类中是最为显眼的特征，尤其在雄性个体中，它们会用鬃毛来展示力量和领地。这种动物在同类中以其强大的统治力和威严的形象而闻名。||在这个游戏中，我们需要通过分析每位玩家的描述来找出卧底。通常，平民的描述会围绕相同的词语展开，而卧底的描述可能会因为词语的不同而显得不太一致。我们需要仔细比较每个描述之间的相似性和差异性，以找出可能的卧底，注意，卧底并不会隐藏自己，他会直接描述他的词语，现在，逐一分析每个玩家的描述，注意，这局游戏的词语分类为<动物>，卧底词和平民词都属于该类。||之前是第3轮描述和之前轮数描述的合集。你之前认为的卧底是玩家4。
2024-12-12 21:58:43,675 - 3 - INFO - **********PLAYER3**********
根据第三轮描述和之前的分析，以下是每位玩家描述的总结和比较：

玩家1的描述强调了熊的外观、力量、性格、智慧和适应能力，以及其在森林中的生活方式。

玩家2的描述提到了熊的外观、力量、攀爬能力、感官、捕猎技巧和适应环境的能力。

玩家3的描述提到了熊的体型、力量、直立行走能力、社交行为、领地占有欲、领地意识、消化系统和食物来源。

玩家4的描述强调了熊的华丽皮毛、鬃毛、雄壮身姿、领地意识、统治地位、威严形象、领地守护行为和鬃毛的展示力量。

玩家4的描述中提到的“华丽皮毛”、“鬃毛”、“雄壮身姿”、“统治地位”和“威严形象”等特征，在玩家1、2和3的描述中没有出现过。虽然玩家4也提到了熊的领地意识和领地守护行为，但这些特征在玩家3的描述中也有所提及。

综合这些信息，玩家4的描述在细节上与其他玩家的描述存在不一致之处，特别是在提到的外观特征和领地意识上，这增加了他是卧底的可能性。因此，基于目前的描述，玩家4仍然是作为卧底的最有可能人选。
2024-12-12 21:58:43,676 - 3 - INFO - **********JUDGER**********
你刚刚的分析是根据第三轮描述和之前的分析，以下是每位玩家描述的总结和比较：

玩家1的描述强调了熊的外观、力量、性格、智慧和适应能力，以及其在森林中的生活方式。

玩家2的描述提到了熊的外观、力量、攀爬能力、感官、捕猎技巧和适应环境的能力。

玩家3的描述提到了熊的体型、力量、直立行走能力、社交行为、领地占有欲、领地意识、消化系统和食物来源。

玩家4的描述强调了熊的华丽皮毛、鬃毛、雄壮身姿、领地意识、统治地位、威严形象、领地守护行为和鬃毛的展示力量。

玩家4的描述中提到的“华丽皮毛”、“鬃毛”、“雄壮身姿”、“统治地位”和“威严形象”等特征，在玩家1、2和3的描述中没有出现过。虽然玩家4也提到了熊的领地意识和领地守护行为，但这些特征在玩家3的描述中也有所提及。

综合这些信息，玩家4的描述在细节上与其他玩家的描述存在不一致之处，特别是在提到的外观特征和领地意识上，这增加了他是卧底的可能性。因此，基于目前的描述，玩家4仍然是作为卧底的最有可能人选。|| `请根据上述分析，比较描述以找出不一致之处，注意，这局游戏的词语分类为<动物>，卧底词和平民词都属于该类。
2024-12-12 21:58:52,383 - 3 - INFO - **********PLAYER3**********
根据上述分析，以下是不一致之处的比较：

1. 玩家1、2和3的描述都提到了熊的体型、力量、皮毛、领地意识、社交行为和消化系统等特征。

2. 玩家4的描述中提到了“华丽皮毛”、“鬃毛”、“雄壮身姿”、“统治地位”和“威严形象”等特征，这些在玩家1、2和3的描述中没有出现。

3. 玩家4的描述强调了熊的领地守护行为，这一点在玩家3的描述中也有提及，但玩家4的描述中加入了“鬃毛的展示力量”和“强大的统治力”等额外特征。

4. 玩家4的描述中没有提到熊的攀爬能力、感官、捕猎技巧和适应环境的能力，这些在玩家2的描述中有所提及。

5. 玩家4的描述中提到了熊的“威严形象”，这一点在玩家1的描述中也有提及，但玩家4的描述更加强调了这一点。

综上所述，玩家4的描述在以下几个方面与其他玩家的描述存在不一致之处：独特的皮毛描述（华丽皮毛、鬃毛）、额外的身体特征（雄壮身姿、威严形象）、以及更加强调的领地相关特征（统治地位、威严形象、领地守护行为）。这些差异可能是玩家4作为卧底的一个线索。
2024-12-12 21:58:52,384 - 3 - INFO - **********JUDGER**********
你刚刚的分析是根据上述分析，以下是不一致之处的比较：

1. 玩家1、2和3的描述都提到了熊的体型、力量、皮毛、领地意识、社交行为和消化系统等特征。

2. 玩家4的描述中提到了“华丽皮毛”、“鬃毛”、“雄壮身姿”、“统治地位”和“威严形象”等特征，这些在玩家1、2和3的描述中没有出现。

3. 玩家4的描述强调了熊的领地守护行为，这一点在玩家3的描述中也有提及，但玩家4的描述中加入了“鬃毛的展示力量”和“强大的统治力”等额外特征。

4. 玩家4的描述中没有提到熊的攀爬能力、感官、捕猎技巧和适应环境的能力，这些在玩家2的描述中有所提及。

5. 玩家4的描述中提到了熊的“威严形象”，这一点在玩家1的描述中也有提及，但玩家4的描述更加强调了这一点。

综上所述，玩家4的描述在以下几个方面与其他玩家的描述存在不一致之处：独特的皮毛描述（华丽皮毛、鬃毛）、额外的身体特征（雄壮身姿、威严形象）、以及更加强调的领地相关特征（统治地位、威严形象、领地守护行为）。这些差异可能是玩家4作为卧底的一个线索。|| 请通过你分析的不一致之处，推断卧底身份，注意，这局游戏的词语分类为<动物>，卧底词和平民词都属于该类。
2024-12-12 21:59:01,639 - 3 - INFO - **********PLAYER3**********
根据分析的不一致之处，以下是对卧底身份的推断：

- 玩家4的描述中提到了“华丽皮毛”、“鬃毛”、“雄壮身姿”、“统治地位”和“威严形象”，这些特征在玩家1、2和3的描述中没有出现过，这表明玩家4的描述与其他玩家的描述存在显著差异。
- 玩家4的描述中虽然提到了领地意识，但加入了“鬃毛的展示力量”和“强大的统治力”等额外特征，这些特征在玩家3的描述中没有体现。
- 玩家4的描述中没有提到熊的攀爬能力、感官、捕猎技巧和适应环境的能力，这些在玩家2的描述中有所提及。

基于这些不一致之处，玩家4的描述在动物特征上与其他玩家的描述不一致，特别是提到的皮毛和领地相关特征，这增加了他是卧底的可能性。因此，根据目前的描述，我认为玩家4是卧底。
2024-12-12 21:59:01,640 - 3 - INFO - **********JUDGER**********
你刚刚的推断是根据分析的不一致之处，以下是对卧底身份的推断：

- 玩家4的描述中提到了“华丽皮毛”、“鬃毛”、“雄壮身姿”、“统治地位”和“威严形象”，这些特征在玩家1、2和3的描述中没有出现过，这表明玩家4的描述与其他玩家的描述存在显著差异。
- 玩家4的描述中虽然提到了领地意识，但加入了“鬃毛的展示力量”和“强大的统治力”等额外特征，这些特征在玩家3的描述中没有体现。
- 玩家4的描述中没有提到熊的攀爬能力、感官、捕猎技巧和适应环境的能力，这些在玩家2的描述中有所提及。

基于这些不一致之处，玩家4的描述在动物特征上与其他玩家的描述不一致，特别是提到的皮毛和领地相关特征，这增加了他是卧底的可能性。因此，根据目前的描述，我认为玩家4是卧底。|| 基于你刚刚的推断得出你的最终结论，请输出你认为的卧底，在这种情况下只需要输出编号，是1-4中的某个数字，不要输出其他信息。在这个过程不要进行任何推理，只对||以前的部分进行信息提取
2024-12-12 21:59:03,019 - 3 - INFO - **********PLAYER3**********
4
