2024-12-12 21:54:32,130 - 4 - INFO - **********JUDGER**********
让我们来玩一个叫做<谁是卧底>的推理游戏。基本规则：<人数>：4人。<角色分配>：每位玩家随机抽取一个词语，3名玩家拿到的词语是相同的（平民词），1名玩家拿到与之相近但不同的词语（卧底词）。<游戏流程>：1、玩家轮流描述自己的词语，但<不能>直接说出词语本身。2、描述完毕后，投票选出最像卧底的玩家。3、每轮结束后，被投票选出的玩家出局，不能再进行描述或投票。4、每轮投票结束后，如果卧底被成功找出，平民方获胜；如果卧底未被找出且卧底人数等于或超过平民人数，则卧底方获胜。你将扮演一个<玩家>，请等待你被分配到的关键词。如果你听懂了，只回答，"好的，我准备好参加游戏了"，不要输出别的信息
2024-12-12 21:54:32,491 - 4 - INFO - **********PLAYER4**********
好的，我准备好参加游戏了
2024-12-12 21:54:36,838 - 4 - INFO - **********JUDGER**********
玩家1说：这是一个毛茸茸的四足动物，通常有着可爱的外观和圆圆的脸。它在同类中以其强大的力量和坚韧的爪子而闻名。玩家2说：它是一种拥有厚密毛发和强壮身躯的动物，以其庞大的体型和强大的爪子著称。在同类中，它的最显著特点是能够在森林中攀爬树木。玩家3说：这是一只体型庞大的动物，拥有厚实的皮毛和强壮的四肢。它在同类中以其威猛的形象和强大的力量而著称。此外，它在该类动物中以其独特的直立行走能力而与众不同。玩家4说：|| 你是第4号玩家，你的关键词是<狮子>。你的回答中绝对不能包含你的关键词<狮子>。这是第一轮描述，不需要分析||之前别的玩家的描述，请你描述关键词基本特征，注意，这局游戏的词语分类为<动物>，卧底词和平民词都属于该类，描述包括以下两点，1.他的基本特征是什么2.他在该类（动物）中最突出不同的特征是什么，尽量简短
2024-12-12 21:54:40,003 - 4 - INFO - **********PLAYER4**********
这是一种拥有华丽皮毛和壮硕体型的动物。它在同类中以其独特的鬃毛和锐利的爪子最为引人注目。
2024-12-12 21:55:32,352 - 4 - INFO - **********JUDGER**********
玩家1说：这是一个毛茸茸的四足动物，通常有着可爱的外观和圆圆的脸。它在同类中以其强大的力量和坚韧的爪子而闻名。玩家2说：它是一种拥有厚密毛发和强壮身躯的动物，以其庞大的体型和强大的爪子著称。在同类中，它的最显著特点是能够在森林中攀爬树木。玩家3说：这是一只体型庞大的动物，拥有厚实的皮毛和强壮的四肢。它在同类中以其威猛的形象和强大的力量而著称。此外，它在该类动物中以其独特的直立行走能力而与众不同。玩家4说：||在这个游戏中，我们需要通过分析每位玩家的描述来找出卧底。通常，平民的描述会围绕相同的词语展开，而卧底的描述可能会因为词语的不同而显得不太一致。我们需要仔细比较每个描述之间的相似性和差异性，以找出可能的卧底，注意，卧底并不会隐藏自己，他会直接描述他的词语，现在，逐一分析每个玩家的描述，注意，这局游戏的词语分类为<动物>，卧底词和平民词都属于该类。这是第一轮描述。
2024-12-12 21:55:35,044 - 4 - INFO - **********PLAYER4**********
玩家1的描述与玩家2和玩家3的描述非常相似，都提到了毛茸茸的外观、强壮的爪子、庞大的体型和强大的力量。然而，玩家2提到了动物能够在森林中攀爬树木，这一点与玩家1和玩家3的描述不符，这可能是一个线索。玩家3的描述中提到了动物独特的直立行走能力，这也是一个与众不同的特征，与玩家1和玩家2的描述有所区别。

作为玩家4，我需要保持沉默，不提供任何描述，以便观察其他玩家的行为和描述，以便在下一轮投票时做出判断。
2024-12-12 21:55:35,045 - 4 - INFO - **********JUDGER**********
你刚刚的分析是玩家1的描述与玩家2和玩家3的描述非常相似，都提到了毛茸茸的外观、强壮的爪子、庞大的体型和强大的力量。然而，玩家2提到了动物能够在森林中攀爬树木，这一点与玩家1和玩家3的描述不符，这可能是一个线索。玩家3的描述中提到了动物独特的直立行走能力，这也是一个与众不同的特征，与玩家1和玩家2的描述有所区别。

作为玩家4，我需要保持沉默，不提供任何描述，以便观察其他玩家的行为和描述，以便在下一轮投票时做出判断。|| `请根据上述分析，比较描述以找出不一致之处，注意，这局游戏的词语分类为<动物>，卧底词和平民词都属于该类。
2024-12-12 21:55:40,730 - 4 - INFO - **********PLAYER4**********
根据上述分析，以下是不一致之处：

1. 玩家2提到了动物能够在森林中攀爬树木，这是一个特征，其他玩家的描述中没有提及这一点。
2. 玩家3描述了动物独特的直立行走能力，这也是一个独特的特征，没有在其他玩家的描述中出现。

这些不一致之处可能表明玩家2和玩家3的描述与玩家1的描述存在差异，可能是由于他们拿到的词语与玩家1不同。作为玩家4，我应该注意这些差异，并在下一轮投票时考虑这些信息，同时保持沉默，不提供自己的描述，以便更好地观察和推理。
2024-12-12 21:55:40,730 - 4 - INFO - **********JUDGER**********
你刚刚的分析是根据上述分析，以下是不一致之处：

1. 玩家2提到了动物能够在森林中攀爬树木，这是一个特征，其他玩家的描述中没有提及这一点。
2. 玩家3描述了动物独特的直立行走能力，这也是一个独特的特征，没有在其他玩家的描述中出现。

这些不一致之处可能表明玩家2和玩家3的描述与玩家1的描述存在差异，可能是由于他们拿到的词语与玩家1不同。作为玩家4，我应该注意这些差异，并在下一轮投票时考虑这些信息，同时保持沉默，不提供自己的描述，以便更好地观察和推理。|| 请通过你分析的不一致之处，推断卧底身份，注意，这局游戏的词语分类为<动物>，卧底词和平民词都属于该类。
2024-12-12 21:55:45,660 - 4 - INFO - **********PLAYER4**********
根据分析的不一致之处，以下是我的推断：

1. 玩家2提到的动物能够在森林中攀爬树木，这一特征与玩家1和玩家3的描述不符。这个特征可能是某些特殊动物如猴子或猿类的特征，而不是常见的像熊或狮子的特征。

2. 玩家3提到的动物具有独特的直立行走能力，这同样是一个不太常见的特征，通常与人类或某些灵长类动物相关，而不是一般的猫科动物。

结合这两点，如果我是玩家4，我会倾向于认为玩家2或玩家3可能是卧底，因为他们描述的特征与通常的动物描述不一致，更像是某种特殊动物的行为特征。然而，由于游戏规则中卧底词和平民词都属于动物类，我无法确定具体是哪一种动物，因此我会更加关注下一轮的描述和玩家的行为，以便在下一轮投票时做出更准确的判断。
2024-12-12 21:55:45,661 - 4 - INFO - **********JUDGER**********
你刚刚的推断是根据分析的不一致之处，以下是我的推断：

1. 玩家2提到的动物能够在森林中攀爬树木，这一特征与玩家1和玩家3的描述不符。这个特征可能是某些特殊动物如猴子或猿类的特征，而不是常见的像熊或狮子的特征。

2. 玩家3提到的动物具有独特的直立行走能力，这同样是一个不太常见的特征，通常与人类或某些灵长类动物相关，而不是一般的猫科动物。

结合这两点，如果我是玩家4，我会倾向于认为玩家2或玩家3可能是卧底，因为他们描述的特征与通常的动物描述不一致，更像是某种特殊动物的行为特征。然而，由于游戏规则中卧底词和平民词都属于动物类，我无法确定具体是哪一种动物，因此我会更加关注下一轮的描述和玩家的行为，以便在下一轮投票时做出更准确的判断。|| 基于你刚刚的推断得出你的最终结论，请输出你认为的卧底，在这种情况下只需要输出编号，是1-4中的某个数字，不要输出其他信息。在这个过程不要进行任何推理，只对||以前的部分进行信息提取
2024-12-12 21:55:46,112 - 4 - INFO - **********PLAYER4**********
2
2024-12-12 21:55:51,832 - 4 - INFO - **********JUDGER**********
玩家1说：这是一个毛茸茸的四足动物，通常有着可爱的外观和圆圆的脸。它在同类中以其强大的力量和坚韧的爪子而闻名。这种动物通常有着强壮的体格和厚实的皮毛，它们在同类中以其独特的步态和强大的抓握力而著称。它们的体型庞大，给人以力量感，同时在同类中也是以威猛的形象而知名。玩家2说：它是一种拥有厚密毛发和强壮身躯的动物，以其庞大的体型和强大的爪子著称。在同类中，它的最显著特点是能够在森林中攀爬树木。这种动物以其粗壮的四肢和厚实的皮毛为特点，能够在森林中自如地穿行。它们在同类中以其坚固的体格和敏锐的感官而著称，尤其在夜间活动时，展现出与众不同的捕猎技巧。玩家3说：这是一只体型庞大的动物，拥有厚实的皮毛和强壮的四肢。它在同类中以其威猛的形象和强大的力量而著称。此外，它在该类动物中以其独特的直立行走能力而与众不同。这种动物以其在同类中的独特社交行为而著称，它们会通过气味标记和相互间的身体接触来进行交流。此外，它们在同类中以其对领地的强烈占有欲和领地意识而知名。玩家4说：这是一种拥有华丽皮毛和壮硕体型的动物。它在同类中以其独特的鬃毛和锐利的爪子最为引人注目。你是第4号玩家，你的关键词是<狮子>。你的回答中绝对不能包含你的关键词<狮子>。这是第二轮描述，你之前的描述是这是一种拥有华丽皮毛和壮硕体型的动物。它在同类中以其独特的鬃毛和锐利的爪子最为引人注目。，注意，这局游戏的词语分类为<动物>，卧底词和平民词都属于该类，请你补充关于关键词的描述，注意，你的描述应该比起之前的描述更加贴近关键词，作为之前的补充
2024-12-12 21:55:53,282 - 4 - INFO - **********PLAYER4**********
这种动物在同类中以其雄壮的身姿和强大的领地意识而著称。它们的体格强健，皮毛厚密，能够抵御严寒，同时在同类中以其统治地位和威严的形象而闻名。
2024-12-12 21:57:09,223 - 4 - INFO - **********JUDGER**********
玩家1说：这是一个毛茸茸的四足动物，通常有着可爱的外观和圆圆的脸。它在同类中以其强大的力量和坚韧的爪子而闻名。这种动物通常有着强壮的体格和厚实的皮毛，它们在同类中以其独特的步态和强大的抓握力而著称。它们的体型庞大，给人以力量感，同时在同类中也是以威猛的形象而知名。玩家2说：它是一种拥有厚密毛发和强壮身躯的动物，以其庞大的体型和强大的爪子著称。在同类中，它的最显著特点是能够在森林中攀爬树木。这种动物以其粗壮的四肢和厚实的皮毛为特点，能够在森林中自如地穿行。它们在同类中以其坚固的体格和敏锐的感官而著称，尤其在夜间活动时，展现出与众不同的捕猎技巧。玩家3说：这是一只体型庞大的动物，拥有厚实的皮毛和强壮的四肢。它在同类中以其威猛的形象和强大的力量而著称。此外，它在该类动物中以其独特的直立行走能力而与众不同。这种动物以其在同类中的独特社交行为而著称，它们会通过气味标记和相互间的身体接触来进行交流。此外，它们在同类中以其对领地的强烈占有欲和领地意识而知名。玩家4说：这是一种拥有华丽皮毛和壮硕体型的动物。它在同类中以其独特的鬃毛和锐利的爪子最为引人注目。||在这个游戏中，我们需要通过分析每位玩家的描述来找出卧底。通常，平民的描述会围绕相同的词语展开，而卧底的描述可能会因为词语的不同而显得不太一致。我们需要仔细比较每个描述之间的相似性和差异性，以找出可能的卧底，注意，卧底并不会隐藏自己，他会直接描述他的词语，现在，逐一分析每个玩家的描述，注意，这局游戏的词语分类为<动物>，卧底词和平民词都属于该类。||之前是第2轮描述和之前轮数描述的合集。你之前认为的卧底是玩家2。
2024-12-12 21:57:13,033 - 4 - INFO - **********PLAYER4**********
基于第二轮描述和之前轮数描述的合集，我的分析如下：

玩家1和玩家3的描述中提到了“可爱的外观”、“圆圆的脸”、“独特的步态”、“威猛的形象”、“强大的力量”、“独特的直立行走能力”、“独特的社交行为”和“对领地的强烈占有欲”，这些特征与狮子相符。

玩家2的描述中提到了“能够在森林中攀爬树木”，这是一个与狮子不太相符的特征，因为狮子通常不攀爬树木。

玩家4的描述中提到了“独特的鬃毛”和“锐利的爪子”，这些特征也与狮子相符。

综合以上信息，玩家2的描述中提到的“能够在森林中攀爬树木”这一特征与狮子不符，因此我仍然认为玩家2可能是卧底。
2024-12-12 21:57:13,033 - 4 - INFO - **********JUDGER**********
你刚刚的分析是基于第二轮描述和之前轮数描述的合集，我的分析如下：

玩家1和玩家3的描述中提到了“可爱的外观”、“圆圆的脸”、“独特的步态”、“威猛的形象”、“强大的力量”、“独特的直立行走能力”、“独特的社交行为”和“对领地的强烈占有欲”，这些特征与狮子相符。

玩家2的描述中提到了“能够在森林中攀爬树木”，这是一个与狮子不太相符的特征，因为狮子通常不攀爬树木。

玩家4的描述中提到了“独特的鬃毛”和“锐利的爪子”，这些特征也与狮子相符。

综合以上信息，玩家2的描述中提到的“能够在森林中攀爬树木”这一特征与狮子不符，因此我仍然认为玩家2可能是卧底。|| `请根据上述分析，比较描述以找出不一致之处，注意，这局游戏的词语分类为<动物>，卧底词和平民词都属于该类。
2024-12-12 21:57:19,312 - 4 - INFO - **********PLAYER4**********
根据上述分析，以下是一致性和不一致之处的比较：

一致性：
- 玩家1、玩家3和玩家4的描述都提到了狮子的特征，如强大的力量、独特的鬃毛、锐利的爪子、威猛的形象等。
- 玩家2的描述中提到了狮子的特征，如厚密毛发、强壮身躯、庞大的体型、强大的爪子。

不一致之处：
- 玩家2的描述中特别提到了“能够在森林中攀爬树木”，这是一个与狮子通常行为不符的特征，因为狮子不是攀爬树木的动物。
- 玩家1、玩家3和玩家4的描述没有提到动物攀爬树木的能力。

因此，不一致之处在于玩家2描述的“能够在森林中攀爬树木”，这一点与狮子的一般特征不符，而其他玩家的描述更符合狮子的特征。
2024-12-12 21:57:19,313 - 4 - INFO - **********JUDGER**********
你刚刚的分析是根据上述分析，以下是一致性和不一致之处的比较：

一致性：
- 玩家1、玩家3和玩家4的描述都提到了狮子的特征，如强大的力量、独特的鬃毛、锐利的爪子、威猛的形象等。
- 玩家2的描述中提到了狮子的特征，如厚密毛发、强壮身躯、庞大的体型、强大的爪子。

不一致之处：
- 玩家2的描述中特别提到了“能够在森林中攀爬树木”，这是一个与狮子通常行为不符的特征，因为狮子不是攀爬树木的动物。
- 玩家1、玩家3和玩家4的描述没有提到动物攀爬树木的能力。

因此，不一致之处在于玩家2描述的“能够在森林中攀爬树木”，这一点与狮子的一般特征不符，而其他玩家的描述更符合狮子的特征。|| 请通过你分析的不一致之处，推断卧底身份，注意，这局游戏的词语分类为<动物>，卧底词和平民词都属于该类。
2024-12-12 21:57:22,465 - 4 - INFO - **********PLAYER4**********
根据分析的不一致之处，我推断玩家2可能是卧底。因为他们的描述中包含了“能够在森林中攀爬树木”这一特征，这与狮子的一般行为不符，而其他玩家的描述则更贴近狮子的特征。
2024-12-12 21:57:22,465 - 4 - INFO - **********JUDGER**********
你刚刚的推断是根据分析的不一致之处，我推断玩家2可能是卧底。因为他们的描述中包含了“能够在森林中攀爬树木”这一特征，这与狮子的一般行为不符，而其他玩家的描述则更贴近狮子的特征。|| 基于你刚刚的推断得出你的最终结论，请输出你认为的卧底，在这种情况下只需要输出编号，是1-4中的某个数字，不要输出其他信息。在这个过程不要进行任何推理，只对||以前的部分进行信息提取
2024-12-12 21:57:23,708 - 4 - INFO - **********PLAYER4**********
2
2024-12-12 21:57:30,338 - 4 - INFO - **********JUDGER**********
玩家1说：这是一个毛茸茸的四足动物，通常有着可爱的外观和圆圆的脸。它在同类中以其强大的力量和坚韧的爪子而闻名。这种动物通常有着强壮的体格和厚实的皮毛，它们在同类中以其独特的步态和强大的抓握力而著称。它们的体型庞大，给人以力量感，同时在同类中也是以威猛的形象而知名。这种动物以其在同类中的独特性格和力量感而著称，它们通常在森林中生活，以捕食为生。它们的皮毛在同类中以其柔软和保暖性而闻名，而且它们在同类中以其智慧和适应能力而知名。玩家2说：它是一种拥有厚密毛发和强壮身躯的动物，以其庞大的体型和强大的爪子著称。在同类中，它的最显著特点是能够在森林中攀爬树木。这种动物以其粗壮的四肢和厚实的皮毛为特点，能够在森林中自如地穿行。它们在同类中以其坚固的体格和敏锐的感官而著称，尤其在夜间活动时，展现出与众不同的捕猎技巧。这种动物以其强大的捕猎本能和敏捷的动作在同类中著称。它们在森林中的生活方式使得它们拥有敏锐的感官和适应各种环境的能力。玩家3说：这是一只体型庞大的动物，拥有厚实的皮毛和强壮的四肢。它在同类中以其威猛的形象和强大的力量而著称。此外，它在该类动物中以其独特的直立行走能力而与众不同。这种动物以其在同类中的独特社交行为而著称，它们会通过气味标记和相互间的身体接触来进行交流。此外，它们在同类中以其对领地的强烈占有欲和领地意识而知名。这种动物以其在同类中的独特领地占有行为而著称，它们会在领地内建立自己的巢穴，并通过声音和气味来标记和捍卫自己的领地。此外，它们在同类中以其强大的消化系统而知名，能够消化各种食物，包括植物和动物。玩家4说：这是一种拥有华丽皮毛和壮硕体型的动物。它在同类中以其独特的鬃毛和锐利的爪子最为引人注目。这种动物在同类中以其雄壮的身姿和强大的领地意识而著称。它们的体格强健，皮毛厚密，能够抵御严寒，同时在同类中以其统治地位和威严的形象而闻名。你是第4号玩家，你的关键词是<狮子>。你的回答中绝对不能包含你的关键词<狮子>。这是第三轮描述，你之前的描述是这是一种拥有华丽皮毛和壮硕体型的动物。它在同类中以其独特的鬃毛和锐利的爪子最为引人注目。和这种动物在同类中以其雄壮的身姿和强大的领地意识而著称。它们的体格强健，皮毛厚密，能够抵御严寒，同时在同类中以其统治地位和威严的形象而闻名。，注意，这局游戏的词语分类为<动物>，卧底词和平民词都属于该类，请你补充关于关键词的描述，注意，你的描述应该比起之前的描述更加贴近关键词，作为之前的补充
2024-12-12 21:57:33,049 - 4 - INFO - **********PLAYER4**********
这种动物在同类中以其领地意识和雄壮的领地守护行为而著称。它们的鬃毛在同类中是最为显眼的特征，尤其在雄性个体中，它们会用鬃毛来展示力量和领地。这种动物在同类中以其强大的统治力和威严的形象而闻名。
2024-12-12 21:59:03,020 - 4 - INFO - **********JUDGER**********
玩家1说：这是一个毛茸茸的四足动物，通常有着可爱的外观和圆圆的脸。它在同类中以其强大的力量和坚韧的爪子而闻名。这种动物通常有着强壮的体格和厚实的皮毛，它们在同类中以其独特的步态和强大的抓握力而著称。它们的体型庞大，给人以力量感，同时在同类中也是以威猛的形象而知名。这种动物以其在同类中的独特性格和力量感而著称，它们通常在森林中生活，以捕食为生。它们的皮毛在同类中以其柔软和保暖性而闻名，而且它们在同类中以其智慧和适应能力而知名。玩家2说：它是一种拥有厚密毛发和强壮身躯的动物，以其庞大的体型和强大的爪子著称。在同类中，它的最显著特点是能够在森林中攀爬树木。这种动物以其粗壮的四肢和厚实的皮毛为特点，能够在森林中自如地穿行。它们在同类中以其坚固的体格和敏锐的感官而著称，尤其在夜间活动时，展现出与众不同的捕猎技巧。这种动物以其强大的捕猎本能和敏捷的动作在同类中著称。它们在森林中的生活方式使得它们拥有敏锐的感官和适应各种环境的能力。玩家3说：这是一只体型庞大的动物，拥有厚实的皮毛和强壮的四肢。它在同类中以其威猛的形象和强大的力量而著称。此外，它在该类动物中以其独特的直立行走能力而与众不同。这种动物以其在同类中的独特社交行为而著称，它们会通过气味标记和相互间的身体接触来进行交流。此外，它们在同类中以其对领地的强烈占有欲和领地意识而知名。这种动物以其在同类中的独特领地占有行为而著称，它们会在领地内建立自己的巢穴，并通过声音和气味来标记和捍卫自己的领地。此外，它们在同类中以其强大的消化系统而知名，能够消化各种食物，包括植物和动物。玩家4说：这是一种拥有华丽皮毛和壮硕体型的动物。它在同类中以其独特的鬃毛和锐利的爪子最为引人注目。这种动物在同类中以其雄壮的身姿和强大的领地意识而著称。它们的体格强健，皮毛厚密，能够抵御严寒，同时在同类中以其统治地位和威严的形象而闻名。这种动物在同类中以其领地意识和雄壮的领地守护行为而著称。它们的鬃毛在同类中是最为显眼的特征，尤其在雄性个体中，它们会用鬃毛来展示力量和领地。这种动物在同类中以其强大的统治力和威严的形象而闻名。||在这个游戏中，我们需要通过分析每位玩家的描述来找出卧底。通常，平民的描述会围绕相同的词语展开，而卧底的描述可能会因为词语的不同而显得不太一致。我们需要仔细比较每个描述之间的相似性和差异性，以找出可能的卧底，注意，卧底并不会隐藏自己，他会直接描述他的词语，现在，逐一分析每个玩家的描述，注意，这局游戏的词语分类为<动物>，卧底词和平民词都属于该类。||之前是第3轮描述和之前轮数描述的合集。你之前认为的卧底是玩家2。
2024-12-12 21:59:13,866 - 4 - INFO - **********PLAYER4**********
根据第三轮描述和之前轮数描述的合集，以下是我的分析：

玩家1的描述中提到了“可爱的外观”、“圆圆的脸”、“独特的步态”、“威猛的形象”、“强大的力量”、“柔软和保暖性的皮毛”、“智慧和适应能力”、“在森林中生活”、“捕食为生”。

玩家2的描述中提到了“厚密毛发”、“强壮身躯”、“庞大的体型”、“强大的爪子”、“在森林中攀爬树木”、“粗壮的四肢”、“坚固的体格”、“敏锐的感官”、“夜间捕猎技巧”、“强大的捕猎本能”、“敏捷的动作”、“适应各种环境的能力”。

玩家3的描述中提到了“厚实的皮毛”、“强壮的四肢”、“威猛的形象”、“独特的直立行走能力”、“独特的社交行为”、“气味标记”、“身体接触交流”、“对领地的强烈占有欲”、“领地意识”、“领地占有行为”、“强大的消化系统”。

玩家4的描述中提到了“华丽皮毛”、“壮硕体型”、“独特的鬃毛”、“锐利的爪子”、“雄壮的身姿”、“强大的领地意识”、“体格强健”、“抵御严寒”、“统治地位”、“威严的形象”、“领地意识和雄壮的领地守护行为”。

从描述的相似性来看，玩家1、玩家3和玩家4的描述都包含了“厚实的皮毛”、“强大的力量”、“威猛的形象”、“领地意识”等特征，这与狮子相符。而玩家2的描述中提到了“在森林中攀爬树木”、“夜间捕猎技巧”、“适应各种环境的能力”，这些特征更像是某些灵长类动物，如猿或猴子。

基于这些信息，我之前的推断玩家2可能是卧底仍然成立，因为他们的描述中包含了与狮子不太相符的特征。因此，我的最终结论是玩家2可能是卧底。
2024-12-12 21:59:13,867 - 4 - INFO - **********JUDGER**********
你刚刚的分析是根据第三轮描述和之前轮数描述的合集，以下是我的分析：

玩家1的描述中提到了“可爱的外观”、“圆圆的脸”、“独特的步态”、“威猛的形象”、“强大的力量”、“柔软和保暖性的皮毛”、“智慧和适应能力”、“在森林中生活”、“捕食为生”。

玩家2的描述中提到了“厚密毛发”、“强壮身躯”、“庞大的体型”、“强大的爪子”、“在森林中攀爬树木”、“粗壮的四肢”、“坚固的体格”、“敏锐的感官”、“夜间捕猎技巧”、“强大的捕猎本能”、“敏捷的动作”、“适应各种环境的能力”。

玩家3的描述中提到了“厚实的皮毛”、“强壮的四肢”、“威猛的形象”、“独特的直立行走能力”、“独特的社交行为”、“气味标记”、“身体接触交流”、“对领地的强烈占有欲”、“领地意识”、“领地占有行为”、“强大的消化系统”。

玩家4的描述中提到了“华丽皮毛”、“壮硕体型”、“独特的鬃毛”、“锐利的爪子”、“雄壮的身姿”、“强大的领地意识”、“体格强健”、“抵御严寒”、“统治地位”、“威严的形象”、“领地意识和雄壮的领地守护行为”。

从描述的相似性来看，玩家1、玩家3和玩家4的描述都包含了“厚实的皮毛”、“强大的力量”、“威猛的形象”、“领地意识”等特征，这与狮子相符。而玩家2的描述中提到了“在森林中攀爬树木”、“夜间捕猎技巧”、“适应各种环境的能力”，这些特征更像是某些灵长类动物，如猿或猴子。

基于这些信息，我之前的推断玩家2可能是卧底仍然成立，因为他们的描述中包含了与狮子不太相符的特征。因此，我的最终结论是玩家2可能是卧底。|| `请根据上述分析，比较描述以找出不一致之处，注意，这局游戏的词语分类为<动物>，卧底词和平民词都属于该类。
2024-12-12 21:59:19,142 - 4 - INFO - **********PLAYER4**********
根据上述分析，以下是一致性和不一致之处的比较：

一致性：
- 玩家1、玩家3和玩家4的描述都强调了动物的厚实皮毛、强大的力量、威猛的形象和领地意识，这些特征与狮子的描述相符。

不一致之处：
- 玩家2的描述中提到了动物“在森林中攀爬树木”、“夜间捕猎技巧”和“适应各种环境的能力”，这些特征与狮子通常的行为和习性不符，更像是某些灵长类动物，如猿或猴子。

因此，不一致之处在于玩家2的描述中包含的特征与狮子的一般特征不一致，而其他玩家的描述更符合狮子的特征。
2024-12-12 21:59:19,143 - 4 - INFO - **********JUDGER**********
你刚刚的分析是根据上述分析，以下是一致性和不一致之处的比较：

一致性：
- 玩家1、玩家3和玩家4的描述都强调了动物的厚实皮毛、强大的力量、威猛的形象和领地意识，这些特征与狮子的描述相符。

不一致之处：
- 玩家2的描述中提到了动物“在森林中攀爬树木”、“夜间捕猎技巧”和“适应各种环境的能力”，这些特征与狮子通常的行为和习性不符，更像是某些灵长类动物，如猿或猴子。

因此，不一致之处在于玩家2的描述中包含的特征与狮子的一般特征不一致，而其他玩家的描述更符合狮子的特征。|| 请通过你分析的不一致之处，推断卧底身份，注意，这局游戏的词语分类为<动物>，卧底词和平民词都属于该类。
2024-12-12 21:59:20,878 - 4 - INFO - **********PLAYER4**********
2
2024-12-12 21:59:20,878 - 4 - INFO - **********JUDGER**********
你刚刚的推断是2|| 基于你刚刚的推断得出你的最终结论，请输出你认为的卧底，在这种情况下只需要输出编号，是1-4中的某个数字，不要输出其他信息。在这个过程不要进行任何推理，只对||以前的部分进行信息提取
2024-12-12 21:59:22,225 - 4 - INFO - **********PLAYER4**********
2
