2024-12-13 14:25:33,329 - 2 - INFO - **********JUDGER**********
让我们来玩一个叫做<谁是卧底>的推理游戏。基本规则：<人数>：4人。<角色分配>：每位玩家随机抽取一个词语，3名玩家拿到的词语是相同的（平民词），1名玩家拿到与之相近但不同的词语（卧底词）。<游戏流程>：1、玩家轮流描述自己的词语，但<不能>直接说出词语本身。2、描述完毕后，投票选出最像卧底的玩家。3、每轮结束后，被投票选出的玩家出局，不能再进行描述或投票。4、每轮投票结束后，如果卧底被成功找出，平民方获胜；如果卧底未被找出且卧底人数等于或超过平民人数，则卧底方获胜。你将扮演一个<玩家>，请等待你被分配到的关键词。如果你听懂了，只回答，"好的，我准备好参加游戏了"，不要输出别的信息
2024-12-13 14:25:34,030 - 2 - INFO - **********PLAYER2**********
好的，我准备好参加游戏了
2024-12-13 14:25:38,994 - 2 - INFO - **********JUDGER**********
玩家1说：它是一种用于长途运输的交通工具，能够在空中飞行。它在交通工具中最为突出的是它能够跨越大陆和海洋，实现快速的长距离旅行。玩家2说：玩家3说：玩家4说：|| 你是第2号玩家，你的关键词是<汽车>。你的回答中绝对不能包含你的关键词<汽车>。这是第一轮描述，不需要分析||之前别的玩家的描述，请你描述关键词基本特征，注意，这局游戏的词语分类为<交通工具>，卧底词和平民词都属于该类，描述包括以下两点，1.他的基本特征是什么2.他在该类（交通工具）中最突出不同的特征是什么，尽量简短
2024-12-13 14:25:41,536 - 2 - INFO - **********PLAYER2**********
它是一种陆地上的交通工具，主要用于日常出行和短途旅行。相比其他交通工具，它在速度和灵活性上有着显著优势。
2024-12-13 14:26:12,456 - 2 - INFO - **********JUDGER**********
玩家1说：它是一种用于长途运输的交通工具，能够在空中飞行。它在交通工具中最为突出的是它能够跨越大陆和海洋，实现快速的长距离旅行。玩家2说：它是一种陆地上的交通工具，主要用于日常出行和短途旅行。相比其他交通工具，它在速度和灵活性上有着显著优势。玩家3说：它是一种可以搭载多人的交通工具，主要用于长途旅行。它在同类交通工具中最突出的特点是它的速度快，能够跨越远距离。玩家4说：||在这个游戏中，我们需要通过分析每位玩家的描述来找出卧底。通常，平民的描述会围绕相同的词语展开，而卧底的描述可能会因为词语的不同而显得不太一致。我们需要仔细比较每个描述之间的相似性和差异性，以找出可能的卧底，注意，卧底并不会隐藏自己，他会直接描述他的词语，现在，逐一分析每个玩家的描述，注意，这局游戏的词语分类为<交通工具>，卧底词和平民词都属于该类。这是第一轮描述。
2024-12-13 14:26:27,136 - 2 - INFO - **********PLAYER2**********
好的，我准备好分析第一轮描述了。根据玩家的描述，我们可以看到：

- 玩家1描述的是一种能够在空中飞行的交通工具，强调其能够跨越大陆和海洋，实现快速的长距离旅行。
- 玩家2描述的是一种陆地上的交通工具，主要用于日常出行和短途旅行，强调其在速度和灵活性上的优势。
- 玩家3描述的是一种可以搭载多人的交通工具，主要用于长途旅行，强调其速度快，能够跨越远距离。

由于我们这局游戏的词语分类为<交通工具>，且卧底词和平民词都属于该类，我们可以推测玩家1和玩家3的描述可能指向的是同一类交通工具，而玩家2的描述则指向了另一种交通工具。玩家4的描述则是关于游戏规则和描述分析的建议。

考虑到这些信息，如果我是玩家2，我会注意以下几点：
- 如果所有平民的词语都是飞机，那么玩家2的描述（陆地交通工具，日常出行和短途旅行）可能会显得与主题不一致。
- 如果卧底是玩家2，那么他的描述可能是故意与群体描述相左，以混淆视听。

因此，在第二轮投票中，我会基于这些描述的相似性和差异性来做出判断。如果其他玩家的描述都指向飞机，而我的描述与之一致，那么我可能会倾向于投票给描述不一致的玩家，因为他们可能是卧底。反之，如果我的描述与其他玩家的描述在主题上相似，那么我可能会考虑投票给描述明显偏离主题的玩家。
2024-12-13 14:26:27,139 - 2 - INFO - **********JUDGER**********
你刚刚的分析是好的，我准备好分析第一轮描述了。根据玩家的描述，我们可以看到：

- 玩家1描述的是一种能够在空中飞行的交通工具，强调其能够跨越大陆和海洋，实现快速的长距离旅行。
- 玩家2描述的是一种陆地上的交通工具，主要用于日常出行和短途旅行，强调其在速度和灵活性上的优势。
- 玩家3描述的是一种可以搭载多人的交通工具，主要用于长途旅行，强调其速度快，能够跨越远距离。

由于我们这局游戏的词语分类为<交通工具>，且卧底词和平民词都属于该类，我们可以推测玩家1和玩家3的描述可能指向的是同一类交通工具，而玩家2的描述则指向了另一种交通工具。玩家4的描述则是关于游戏规则和描述分析的建议。

考虑到这些信息，如果我是玩家2，我会注意以下几点：
- 如果所有平民的词语都是飞机，那么玩家2的描述（陆地交通工具，日常出行和短途旅行）可能会显得与主题不一致。
- 如果卧底是玩家2，那么他的描述可能是故意与群体描述相左，以混淆视听。

因此，在第二轮投票中，我会基于这些描述的相似性和差异性来做出判断。如果其他玩家的描述都指向飞机，而我的描述与之一致，那么我可能会倾向于投票给描述不一致的玩家，因为他们可能是卧底。反之，如果我的描述与其他玩家的描述在主题上相似，那么我可能会考虑投票给描述明显偏离主题的玩家。|| `请根据上述分析，比较描述以找出不一致之处，注意，这局游戏的词语分类为<交通工具>，卧底词和平民词都属于该类。
2024-12-13 14:26:40,913 - 2 - INFO - **********PLAYER2**********
根据上述分析，我们可以比较每位玩家的描述以找出不一致之处：

- 玩家1的描述强调了交通工具的空中飞行能力、跨越大陆和海洋的能力，以及快速的长距离旅行。
- 玩家2的描述提到了陆地上的交通工具、日常出行和短途旅行，以及速度和灵活性。
- 玩家3的描述提到了可以搭载多人的交通工具、长途旅行，以及速度快和跨越远距离。

不一致之处如下：

1. 玩家1和玩家3的描述都提到了长途旅行和速度快，这暗示他们可能描述的是同一种交通工具，即飞机。

2. 玩家2的描述与玩家1和玩家3的描述不同，他没有提到飞行、长途或速度快，而是提到了陆地、日常出行和短途旅行，这可能是由于他可能持有的是与飞机不同的词语，例如汽车。

因此，基于这些描述的不一致性，玩家2的描述可能是与群体描述最不一致的，这可能是他作为卧底的一个信号。在第二轮投票中，如果我是玩家2，我可能会考虑投票给玩家1或玩家3，因为他们描述的词语可能是相同的，而我可能持有的是不同的词语。然而，如果玩家1和玩家3的描述更加一致，我也会考虑投票给其中之一，因为他们可能都是平民。
2024-12-13 14:26:40,915 - 2 - INFO - **********JUDGER**********
你刚刚的分析是根据上述分析，我们可以比较每位玩家的描述以找出不一致之处：

- 玩家1的描述强调了交通工具的空中飞行能力、跨越大陆和海洋的能力，以及快速的长距离旅行。
- 玩家2的描述提到了陆地上的交通工具、日常出行和短途旅行，以及速度和灵活性。
- 玩家3的描述提到了可以搭载多人的交通工具、长途旅行，以及速度快和跨越远距离。

不一致之处如下：

1. 玩家1和玩家3的描述都提到了长途旅行和速度快，这暗示他们可能描述的是同一种交通工具，即飞机。

2. 玩家2的描述与玩家1和玩家3的描述不同，他没有提到飞行、长途或速度快，而是提到了陆地、日常出行和短途旅行，这可能是由于他可能持有的是与飞机不同的词语，例如汽车。

因此，基于这些描述的不一致性，玩家2的描述可能是与群体描述最不一致的，这可能是他作为卧底的一个信号。在第二轮投票中，如果我是玩家2，我可能会考虑投票给玩家1或玩家3，因为他们描述的词语可能是相同的，而我可能持有的是不同的词语。然而，如果玩家1和玩家3的描述更加一致，我也会考虑投票给其中之一，因为他们可能都是平民。|| 请通过你分析的不一致之处，推断卧底身份，注意，这局游戏的词语分类为<交通工具>，卧底词和平民词都属于该类。
2024-12-13 14:26:48,328 - 2 - INFO - **********PLAYER2**********
根据分析的不一致之处，我们可以进行以下推断：

1. 玩家1和玩家3的描述都强调了长途旅行、速度快和跨越远距离，这些特征非常符合飞机这一交通工具。如果他们的词语是相同的，那么他们很可能是平民。

2. 玩家2的描述则集中在陆地交通工具、日常出行和短途旅行，以及速度和灵活性。这些特征与汽车更为吻合，而不是飞机。

由于这局游戏的词语分类为<交通工具>，且卧底词和平民词都属于该类，玩家2的描述与玩家1和玩家3的描述存在明显的不一致性，这表明玩家2的词语可能与飞机不匹配，更有可能是汽车。

因此，根据这些分析，玩家2很可能是卧底，他的关键词是汽车。
2024-12-13 14:26:48,330 - 2 - INFO - **********JUDGER**********
你刚刚的推断是根据分析的不一致之处，我们可以进行以下推断：

1. 玩家1和玩家3的描述都强调了长途旅行、速度快和跨越远距离，这些特征非常符合飞机这一交通工具。如果他们的词语是相同的，那么他们很可能是平民。

2. 玩家2的描述则集中在陆地交通工具、日常出行和短途旅行，以及速度和灵活性。这些特征与汽车更为吻合，而不是飞机。

由于这局游戏的词语分类为<交通工具>，且卧底词和平民词都属于该类，玩家2的描述与玩家1和玩家3的描述存在明显的不一致性，这表明玩家2的词语可能与飞机不匹配，更有可能是汽车。

因此，根据这些分析，玩家2很可能是卧底，他的关键词是汽车。|| 基于你刚刚的推断得出你的最终结论，请输出你认为的卧底，在这种情况下只需要输出编号，是1-4中的某个数字，不要输出其他信息。在这个过程不要进行任何推理，只对||以前的部分进行信息提取
2024-12-13 14:26:49,405 - 2 - INFO - **********PLAYER2**********
2
2024-12-13 14:28:07,016 - 2 - INFO - **********JUDGER**********
玩家1说：它是一种用于长途运输的交通工具，能够在空中飞行。它在交通工具中最为突出的是它能够跨越大陆和海洋，实现快速的长距离旅行。它是一种高效的交通工具，特别适合跨越广阔的地域，它能够在短时间内连接不同的国家和地区。它在同类交通工具中以其卓越的飞行性能和效率而著称。玩家2说：它是一种陆地上的交通工具，主要用于日常出行和短途旅行。相比其他交通工具，它在速度和灵活性上有着显著优势。玩家3说：它是一种可以搭载多人的交通工具，主要用于长途旅行。它在同类交通工具中最突出的特点是它的速度快，能够跨越远距离。玩家4说：它是一种常见的交通工具，主要用于快速的长途旅行。与其他交通工具相比，它在速度上有着显著的优势，能够在短时间内跨越较大的地理距离。你是第2号玩家，你的关键词是<汽车>。你的回答中绝对不能包含你的关键词<汽车>。这是第二轮描述，你之前的描述是它是一种陆地上的交通工具，主要用于日常出行和短途旅行。相比其他交通工具，它在速度和灵活性上有着显著优势。，注意，这局游戏的词语分类为<交通工具>，卧底词和平民词都属于该类，请你补充关于关键词的描述，注意，你的描述应该比起之前的描述更加贴近关键词，作为之前的补充
2024-12-13 14:28:10,495 - 2 - INFO - **********PLAYER2**********
它是一种广泛使用的交通工具，适用于多种出行需求。它以其便捷性和舒适性著称，能够在城市和乡村的多种道路上灵活行驶。相较于其他交通工具，它在短途和日常出行中提供了快速且直接的连接。
2024-12-13 14:28:25,424 - 2 - INFO - **********JUDGER**********
玩家1说：它是一种用于长途运输的交通工具，能够在空中飞行。它在交通工具中最为突出的是它能够跨越大陆和海洋，实现快速的长距离旅行。它是一种高效的交通工具，特别适合跨越广阔的地域，它能够在短时间内连接不同的国家和地区。它在同类交通工具中以其卓越的飞行性能和效率而著称。玩家2说：它是一种陆地上的交通工具，主要用于日常出行和短途旅行。相比其他交通工具，它在速度和灵活性上有着显著优势。它是一种广泛使用的交通工具，适用于多种出行需求。它以其便捷性和舒适性著称，能够在城市和乡村的多种道路上灵活行驶。相较于其他交通工具，它在短途和日常出行中提供了快速且直接的连接。玩家3说：它是一种可以搭载多人的交通工具，主要用于长途旅行。它在同类交通工具中最突出的特点是它的速度快，能够跨越远距离。它是一种高度现代化的交通工具，通常由多个座位组成，能够在高空中快速移动。它的设计使得它能够在短时间内覆盖大范围的地理区域，为人们提供快速的长途旅行方式。与其他同类交通工具相比，它在飞行效率上有着显著的优势。玩家4说：它是一种常见的交通工具，主要用于快速的长途旅行。与其他交通工具相比，它在速度上有着显著的优势，能够在短时间内跨越较大的地理距离。||在这个游戏中，我们需要通过分析每位玩家的描述来找出卧底。通常，平民的描述会围绕相同的词语展开，而卧底的描述可能会因为词语的不同而显得不太一致。我们需要仔细比较每个描述之间的相似性和差异性，以找出可能的卧底，注意，卧底并不会隐藏自己，他会直接描述他的词语，现在，逐一分析每个玩家的描述，注意，这局游戏的词语分类为<交通工具>，卧底词和平民词都属于该类。||之前是第2轮描述和之前轮数描述的合集。你之前认为的卧底是玩家2。
2024-12-13 14:28:35,760 - 2 - INFO - **********PLAYER2**********
根据第二轮描述和之前的描述，玩家2的描述与玩家1和玩家4的描述在提到“快速的长途旅行”和“跨越较大的地理距离”上有相似之处，但与玩家3的描述相比，玩家2没有提到“可以搭载多人”和“高度现代化”的特点。玩家1和玩家4的描述都强调了交通工具的飞行性能和效率，这与飞机的特征相符。

考虑到这些信息，玩家2的描述虽然提到了速度和灵活性，但与玩家1和玩家4的描述相比，缺乏对“空中飞行”和“跨越大陆和海洋”的强调。而玩家3的描述则与飞机的特征更为吻合，因为他提到了搭载多人、长途旅行、速度快、跨越远距离和高度现代化，这些都是飞机的特点。

因此，基于这些分析，如果之前我认为玩家2是卧底，那么现在我会重新考虑，玩家3的描述与飞机的特征更为一致，所以我现在的推断是玩家3可能是卧底。
2024-12-13 14:28:35,764 - 2 - INFO - **********JUDGER**********
你刚刚的分析是根据第二轮描述和之前的描述，玩家2的描述与玩家1和玩家4的描述在提到“快速的长途旅行”和“跨越较大的地理距离”上有相似之处，但与玩家3的描述相比，玩家2没有提到“可以搭载多人”和“高度现代化”的特点。玩家1和玩家4的描述都强调了交通工具的飞行性能和效率，这与飞机的特征相符。

考虑到这些信息，玩家2的描述虽然提到了速度和灵活性，但与玩家1和玩家4的描述相比，缺乏对“空中飞行”和“跨越大陆和海洋”的强调。而玩家3的描述则与飞机的特征更为吻合，因为他提到了搭载多人、长途旅行、速度快、跨越远距离和高度现代化，这些都是飞机的特点。

因此，基于这些分析，如果之前我认为玩家2是卧底，那么现在我会重新考虑，玩家3的描述与飞机的特征更为一致，所以我现在的推断是玩家3可能是卧底。|| `请根据上述分析，比较描述以找出不一致之处，注意，这局游戏的词语分类为<交通工具>，卧底词和平民词都属于该类。
2024-12-13 14:28:55,191 - 2 - INFO - **********PLAYER2**********
根据上述分析，我们可以比较每位玩家的描述以找出不一致之处：

1. 玩家1的描述：
   - 强调空中飞行能力。
   - 跨越大陆和海洋。
   - 快速的长距离旅行。
   - 高效的交通工具。
   - 卓越的飞行性能和效率。

2. 玩家2的描述：
   - 陆地上的交通工具。
   - 日常出行和短途旅行。
   - 速度和灵活性优势。
   - 广泛使用。
   - 便捷性和舒适性。
   - 快速且直接的连接。

3. 玩家3的描述：
   - 搭载多人的交通工具。
   - 长途旅行。
   - 速度快。
   - 跨越远距离。
   - 高度现代化。
   - 高飞行效率。

4. 玩家4的描述：
   - 快速的长途旅行。
   - 速度优势。
   - 跨越较大的地理距离。

不一致之处：

- 玩家1、玩家3和玩家4的描述都提到了长途旅行和快速，而玩家2的描述集中在日常和短途出行。
- 玩家1、玩家3和玩家4的描述都提到了跨越远距离或地理距离，而玩家2没有。
- 玩家1、玩家3和玩家4的描述都提到了某种形式的现代化或效率，而玩家2没有。
- 玩家1的描述特别强调了空中飞行，而玩家2、玩家3和玩家4的描述都未提及飞行。
- 玩家3的描述提到了搭载多人，而玩家1、玩家2和玩家4没有。

基于这些不一致之处，玩家2的描述与玩家1、玩家3和玩家4的描述在交通工具的用途、旅行距离和现代化特征上存在显著差异。这表明玩家2的描述可能与飞机或高速飞机等飞行交通工具不符，而更接近于汽车或其他陆地交通工具。因此，玩家2的描述可能与卧底身份不符。
2024-12-13 14:28:55,213 - 2 - INFO - **********JUDGER**********
你刚刚的分析是根据上述分析，我们可以比较每位玩家的描述以找出不一致之处：

1. 玩家1的描述：
   - 强调空中飞行能力。
   - 跨越大陆和海洋。
   - 快速的长距离旅行。
   - 高效的交通工具。
   - 卓越的飞行性能和效率。

2. 玩家2的描述：
   - 陆地上的交通工具。
   - 日常出行和短途旅行。
   - 速度和灵活性优势。
   - 广泛使用。
   - 便捷性和舒适性。
   - 快速且直接的连接。

3. 玩家3的描述：
   - 搭载多人的交通工具。
   - 长途旅行。
   - 速度快。
   - 跨越远距离。
   - 高度现代化。
   - 高飞行效率。

4. 玩家4的描述：
   - 快速的长途旅行。
   - 速度优势。
   - 跨越较大的地理距离。

不一致之处：

- 玩家1、玩家3和玩家4的描述都提到了长途旅行和快速，而玩家2的描述集中在日常和短途出行。
- 玩家1、玩家3和玩家4的描述都提到了跨越远距离或地理距离，而玩家2没有。
- 玩家1、玩家3和玩家4的描述都提到了某种形式的现代化或效率，而玩家2没有。
- 玩家1的描述特别强调了空中飞行，而玩家2、玩家3和玩家4的描述都未提及飞行。
- 玩家3的描述提到了搭载多人，而玩家1、玩家2和玩家4没有。

基于这些不一致之处，玩家2的描述与玩家1、玩家3和玩家4的描述在交通工具的用途、旅行距离和现代化特征上存在显著差异。这表明玩家2的描述可能与飞机或高速飞机等飞行交通工具不符，而更接近于汽车或其他陆地交通工具。因此，玩家2的描述可能与卧底身份不符。|| 请通过你分析的不一致之处，推断卧底身份，注意，这局游戏的词语分类为<交通工具>，卧底词和平民词都属于该类。
2024-12-13 14:29:03,467 - 2 - INFO - **********PLAYER2**********
基于分析的不一致之处，以下是对卧底身份的推断：

- 玩家1、玩家3和玩家4的描述都指向了飞机这一交通工具，尤其是玩家1的描述最为明确地提到了空中飞行、跨越大陆和海洋、快速的长距离旅行等特征。
- 玩家2的描述则提到了陆地上的交通工具、日常出行和短途旅行、速度和灵活性，以及广泛使用、便捷性和舒适性，这些特征与汽车更为吻合。

由于这局游戏的词语分类为<交通工具>，且卧底词和平民词都属于该类，玩家2的描述与飞机的特征不一致，因此根据描述的不一致性，玩家2很可能是卧底。
2024-12-13 14:29:03,467 - 2 - INFO - **********JUDGER**********
你刚刚的推断是基于分析的不一致之处，以下是对卧底身份的推断：

- 玩家1、玩家3和玩家4的描述都指向了飞机这一交通工具，尤其是玩家1的描述最为明确地提到了空中飞行、跨越大陆和海洋、快速的长距离旅行等特征。
- 玩家2的描述则提到了陆地上的交通工具、日常出行和短途旅行、速度和灵活性，以及广泛使用、便捷性和舒适性，这些特征与汽车更为吻合。

由于这局游戏的词语分类为<交通工具>，且卧底词和平民词都属于该类，玩家2的描述与飞机的特征不一致，因此根据描述的不一致性，玩家2很可能是卧底。|| 基于你刚刚的推断得出你的最终结论，请输出你认为的卧底，在这种情况下只需要输出编号，是1-4中的某个数字，不要输出其他信息。在这个过程不要进行任何推理，只对||以前的部分进行信息提取
2024-12-13 14:29:05,044 - 2 - INFO - **********PLAYER2**********
2
2024-12-13 14:30:16,151 - 2 - INFO - **********JUDGER**********
玩家1说：它是一种用于长途运输的交通工具，能够在空中飞行。它在交通工具中最为突出的是它能够跨越大陆和海洋，实现快速的长距离旅行。它是一种高效的交通工具，特别适合跨越广阔的地域，它能够在短时间内连接不同的国家和地区。它在同类交通工具中以其卓越的飞行性能和效率而著称。它是一种能够在高空飞行的工具，以其高速和远距离的能力而闻名，能够在短时间内跨越广阔的地域，连接不同的国家和地区。它在同类交通工具中以其独特的设计和飞行性能而著称。玩家2说：它是一种陆地上的交通工具，主要用于日常出行和短途旅行。相比其他交通工具，它在速度和灵活性上有着显著优势。它是一种广泛使用的交通工具，适用于多种出行需求。它以其便捷性和舒适性著称，能够在城市和乡村的多种道路上灵活行驶。相较于其他交通工具，它在短途和日常出行中提供了快速且直接的连接。玩家3说：它是一种可以搭载多人的交通工具，主要用于长途旅行。它在同类交通工具中最突出的特点是它的速度快，能够跨越远距离。它是一种高度现代化的交通工具，通常由多个座位组成，能够在高空中快速移动。它的设计使得它能够在短时间内覆盖大范围的地理区域，为人们提供快速的长途旅行方式。与其他同类交通工具相比，它在飞行效率上有着显著的优势。玩家4说：它是一种常见的交通工具，主要用于快速的长途旅行。与其他交通工具相比，它在速度上有着显著的优势，能够在短时间内跨越较大的地理距离。它是一种能够实现跨大陆和海洋旅行的交通工具，以其卓越的飞行性能和广泛的覆盖范围而闻名。它的设计允许它在短时间内连接世界各地，为人们提供高效的长途旅行体验。你是第2号玩家，你的关键词是<汽车>。你的回答中绝对不能包含你的关键词<汽车>。这是第三轮描述，你之前的描述是它是一种陆地上的交通工具，主要用于日常出行和短途旅行。相比其他交通工具，它在速度和灵活性上有着显著优势。和它是一种广泛使用的交通工具，适用于多种出行需求。它以其便捷性和舒适性著称，能够在城市和乡村的多种道路上灵活行驶。相较于其他交通工具，它在短途和日常出行中提供了快速且直接的连接。，注意，这局游戏的词语分类为<交通工具>，卧底词和平民词都属于该类，请你补充关于关键词的描述，注意，你的描述应该比起之前的描述更加贴近关键词，作为之前的补充
2024-12-13 14:30:23,338 - 2 - INFO - **********PLAYER2**********
它是一种依赖燃油驱动的交通工具，适用于多种地形和气候条件。它在城市交通中尤为常见，能够在繁忙的道路上快速穿梭。它的体积相对较小，便于在城市街道和乡村小路上灵活转弯。它通常配备有舒适的座椅和便捷的操控系统，使得驾驶和乘坐体验都相对轻松。与其他交通工具相比，它在交通拥堵时能够提供更快的出行速度。
2024-12-13 14:30:58,377 - 2 - INFO - **********JUDGER**********
玩家1说：它是一种用于长途运输的交通工具，能够在空中飞行。它在交通工具中最为突出的是它能够跨越大陆和海洋，实现快速的长距离旅行。它是一种高效的交通工具，特别适合跨越广阔的地域，它能够在短时间内连接不同的国家和地区。它在同类交通工具中以其卓越的飞行性能和效率而著称。它是一种能够在高空飞行的工具，以其高速和远距离的能力而闻名，能够在短时间内跨越广阔的地域，连接不同的国家和地区。它在同类交通工具中以其独特的设计和飞行性能而著称。玩家2说：它是一种陆地上的交通工具，主要用于日常出行和短途旅行。相比其他交通工具，它在速度和灵活性上有着显著优势。它是一种广泛使用的交通工具，适用于多种出行需求。它以其便捷性和舒适性著称，能够在城市和乡村的多种道路上灵活行驶。相较于其他交通工具，它在短途和日常出行中提供了快速且直接的连接。它是一种依赖燃油驱动的交通工具，适用于多种地形和气候条件。它在城市交通中尤为常见，能够在繁忙的道路上快速穿梭。它的体积相对较小，便于在城市街道和乡村小路上灵活转弯。它通常配备有舒适的座椅和便捷的操控系统，使得驾驶和乘坐体验都相对轻松。与其他交通工具相比，它在交通拥堵时能够提供更快的出行速度。玩家3说：它是一种可以搭载多人的交通工具，主要用于长途旅行。它在同类交通工具中最突出的特点是它的速度快，能够跨越远距离。它是一种高度现代化的交通工具，通常由多个座位组成，能够在高空中快速移动。它的设计使得它能够在短时间内覆盖大范围的地理区域，为人们提供快速的长途旅行方式。与其他同类交通工具相比，它在飞行效率上有着显著的优势。它是一种高效的空中交通工具，以其高速和远距离的飞行能力而著称。它能够在短时间内跨越广阔的地域，连接全球各地的目的地。它的设计允许它在大气层中高速飞行，为乘客提供快速的长途旅行体验。与其他同类交通工具相比，它在飞行舒适性和安全性上也有显著优势。玩家4说：它是一种常见的交通工具，主要用于快速的长途旅行。与其他交通工具相比，它在速度上有着显著的优势，能够在短时间内跨越较大的地理距离。它是一种能够实现跨大陆和海洋旅行的交通工具，以其卓越的飞行性能和广泛的覆盖范围而闻名。它的设计允许它在短时间内连接世界各地，为人们提供高效的长途旅行体验。它是一种先进的交通工具，特别适合跨越广阔的地域，它能够在短时间内连接不同的国家和地区。它在同类交通工具中以其高速、高效和远距离的飞行能力而著称。||在这个游戏中，我们需要通过分析每位玩家的描述来找出卧底。通常，平民的描述会围绕相同的词语展开，而卧底的描述可能会因为词语的不同而显得不太一致。我们需要仔细比较每个描述之间的相似性和差异性，以找出可能的卧底，注意，卧底并不会隐藏自己，他会直接描述他的词语，现在，逐一分析每个玩家的描述，注意，这局游戏的词语分类为<交通工具>，卧底词和平民词都属于该类。||之前是第3轮描述和之前轮数描述的合集。你之前认为的卧底是玩家2。
2024-12-13 14:31:15,480 - 2 - INFO - **********PLAYER2**********
根据第3轮描述和之前的描述，以下是对每位玩家描述的分析：

- 玩家1的描述集中在空中飞行的交通工具，强调长途、快速、跨越大陆和海洋，以及卓越的飞行性能和效率。

- 玩家2的描述也集中在陆地上的交通工具，强调日常出行、短途旅行、速度和灵活性，以及广泛使用、便捷性和舒适性。

- 玩家3的描述提到了可以搭载多人的交通工具，主要用于长途旅行，强调速度快、能够跨越远距离，以及高度现代化和飞行效率。

- 玩家4的描述提到了快速的长途旅行，强调速度、跨越大陆和海洋、卓越的飞行性能和广泛的覆盖范围。

从这些描述中，我们可以看到：

- 玩家1和玩家4的描述都强调了长途、快速、跨越远距离，以及卓越的飞行性能，这与飞机的特征相符。

- 玩家3的描述也提到了长途旅行、速度快、跨越远距离，以及现代化和飞行效率，这些特征也与飞机相符。

- 玩家2的描述虽然提到了速度和灵活性，但没有提到长途、快速或跨越远距离，这与飞机的特征不太一致。

基于这些分析，如果之前我认为玩家2是卧底，那么现在我会重新考虑。玩家2的描述与飞机的特征不太一致，而玩家1、玩家3和玩家4的描述更符合飞机的特征。因此，我现在的推断是玩家1、玩家3或玩家4可能是卧底，而玩家2可能是平民。
2024-12-13 14:31:15,489 - 2 - INFO - **********JUDGER**********
你刚刚的分析是根据第3轮描述和之前的描述，以下是对每位玩家描述的分析：

- 玩家1的描述集中在空中飞行的交通工具，强调长途、快速、跨越大陆和海洋，以及卓越的飞行性能和效率。

- 玩家2的描述也集中在陆地上的交通工具，强调日常出行、短途旅行、速度和灵活性，以及广泛使用、便捷性和舒适性。

- 玩家3的描述提到了可以搭载多人的交通工具，主要用于长途旅行，强调速度快、能够跨越远距离，以及高度现代化和飞行效率。

- 玩家4的描述提到了快速的长途旅行，强调速度、跨越大陆和海洋、卓越的飞行性能和广泛的覆盖范围。

从这些描述中，我们可以看到：

- 玩家1和玩家4的描述都强调了长途、快速、跨越远距离，以及卓越的飞行性能，这与飞机的特征相符。

- 玩家3的描述也提到了长途旅行、速度快、跨越远距离，以及现代化和飞行效率，这些特征也与飞机相符。

- 玩家2的描述虽然提到了速度和灵活性，但没有提到长途、快速或跨越远距离，这与飞机的特征不太一致。

基于这些分析，如果之前我认为玩家2是卧底，那么现在我会重新考虑。玩家2的描述与飞机的特征不太一致，而玩家1、玩家3和玩家4的描述更符合飞机的特征。因此，我现在的推断是玩家1、玩家3或玩家4可能是卧底，而玩家2可能是平民。|| `请根据上述分析，比较描述以找出不一致之处，注意，这局游戏的词语分类为<交通工具>，卧底词和平民词都属于该类。
2024-12-13 14:31:31,680 - 2 - INFO - **********PLAYER2**********
根据上述分析，我们可以比较每位玩家的描述以找出不一致之处：

1. 玩家1的描述：
   - 空中飞行
   - 长途、快速
   - 跨越大陆和海洋
   - 卓越的飞行性能和效率

2. 玩家2的描述：
   - 陆地上的交通工具
   - 日常出行、短途旅行
   - 速度和灵活性
   - 广泛使用、便捷性和舒适性

3. 玩家3的描述：
   - 搭载多人
   - 长途旅行
   - 速度快、跨越远距离
   - 高度现代化、飞行效率

4. 玩家4的描述：
   - 快速的长途旅行
   - 速度优势
   - 跨越大陆和海洋
   - 卓越的飞行性能、广泛的覆盖范围

不一致之处：

- 玩家1和玩家4的描述都强调了空中飞行和长途、快速的特点，而玩家2的描述是陆地上的交通工具，没有提到飞行。
- 玩家3的描述也提到了长途旅行和速度快，这与玩家1和玩家4的描述相似，但玩家2没有提到这些特征。
- 玩家2的描述集中在日常出行、短途旅行和便捷性，这与玩家1和玩家4的长途飞行特征不符。
- 玩家1和玩家4的描述都提到了跨越大陆和海洋，而玩家2没有提到这一点。

基于这些不一致之处，玩家2的描述与飞机的特征存在明显差异，而玩家1、玩家3和玩家4的描述更符合飞机的特征。因此，玩家2的描述可能是与卧底身份不符的。
2024-12-13 14:31:31,688 - 2 - INFO - **********JUDGER**********
你刚刚的分析是根据上述分析，我们可以比较每位玩家的描述以找出不一致之处：

1. 玩家1的描述：
   - 空中飞行
   - 长途、快速
   - 跨越大陆和海洋
   - 卓越的飞行性能和效率

2. 玩家2的描述：
   - 陆地上的交通工具
   - 日常出行、短途旅行
   - 速度和灵活性
   - 广泛使用、便捷性和舒适性

3. 玩家3的描述：
   - 搭载多人
   - 长途旅行
   - 速度快、跨越远距离
   - 高度现代化、飞行效率

4. 玩家4的描述：
   - 快速的长途旅行
   - 速度优势
   - 跨越大陆和海洋
   - 卓越的飞行性能、广泛的覆盖范围

不一致之处：

- 玩家1和玩家4的描述都强调了空中飞行和长途、快速的特点，而玩家2的描述是陆地上的交通工具，没有提到飞行。
- 玩家3的描述也提到了长途旅行和速度快，这与玩家1和玩家4的描述相似，但玩家2没有提到这些特征。
- 玩家2的描述集中在日常出行、短途旅行和便捷性，这与玩家1和玩家4的长途飞行特征不符。
- 玩家1和玩家4的描述都提到了跨越大陆和海洋，而玩家2没有提到这一点。

基于这些不一致之处，玩家2的描述与飞机的特征存在明显差异，而玩家1、玩家3和玩家4的描述更符合飞机的特征。因此，玩家2的描述可能是与卧底身份不符的。|| 请通过你分析的不一致之处，推断卧底身份，注意，这局游戏的词语分类为<交通工具>，卧底词和平民词都属于该类。
2024-12-13 14:31:38,340 - 2 - INFO - **********PLAYER2**********
基于分析的不一致之处，以下是对卧底身份的推断：

- 玩家1、玩家3和玩家4的描述都包含了飞机的关键特征，如空中飞行、长途、快速、跨越远距离、高速、飞行性能和效率等。
- 玩家2的描述则集中在陆地交通工具、日常出行、短途旅行、速度和灵活性，以及便捷性和舒适性，这些特征与汽车更为吻合，而不是飞机。

因此，根据这些描述的差异，玩家2的描述与飞机的特征不一致，更可能持有与飞机不同的词语，即汽车。所以，推断玩家2是卧底。
2024-12-13 14:31:38,344 - 2 - INFO - **********JUDGER**********
你刚刚的推断是基于分析的不一致之处，以下是对卧底身份的推断：

- 玩家1、玩家3和玩家4的描述都包含了飞机的关键特征，如空中飞行、长途、快速、跨越远距离、高速、飞行性能和效率等。
- 玩家2的描述则集中在陆地交通工具、日常出行、短途旅行、速度和灵活性，以及便捷性和舒适性，这些特征与汽车更为吻合，而不是飞机。

因此，根据这些描述的差异，玩家2的描述与飞机的特征不一致，更可能持有与飞机不同的词语，即汽车。所以，推断玩家2是卧底。|| 基于你刚刚的推断得出你的最终结论，请输出你认为的卧底，在这种情况下只需要输出编号，是1-4中的某个数字，不要输出其他信息。在这个过程不要进行任何推理，只对||以前的部分进行信息提取
2024-12-13 14:31:40,612 - 2 - INFO - **********PLAYER2**********
2
2024-12-13 14:31:40,612 - 2 - INFO - **********JUDGER**********
你认为卧底是你自己。你现在需要随便选一个人投票。请输出一个数字，是1-4中的某个数字，但这个数字不能是2，不要输出其他信息。
2024-12-13 14:31:42,088 - 2 - INFO - **********PLAYER2**********
2
