2024-12-13 14:25:34,980 - 3 - INFO - **********JUDGER**********
让我们来玩一个叫做<谁是卧底>的推理游戏。基本规则：<人数>：4人。<角色分配>：每位玩家随机抽取一个词语，3名玩家拿到的词语是相同的（平民词），1名玩家拿到与之相近但不同的词语（卧底词）。<游戏流程>：1、玩家轮流描述自己的词语，但<不能>直接说出词语本身。2、描述完毕后，投票选出最像卧底的玩家。3、每轮结束后，被投票选出的玩家出局，不能再进行描述或投票。4、每轮投票结束后，如果卧底被成功找出，平民方获胜；如果卧底未被找出且卧底人数等于或超过平民人数，则卧底方获胜。你将扮演一个<玩家>，请等待你被分配到的关键词。如果你听懂了，只回答，"好的，我准备好参加游戏了"，不要输出别的信息
2024-12-13 14:25:35,935 - 3 - INFO - **********PLAYER3**********
好的，我准备好参加游戏了
2024-12-13 14:25:41,537 - 3 - INFO - **********JUDGER**********
玩家1说：它是一种用于长途运输的交通工具，能够在空中飞行。它在交通工具中最为突出的是它能够跨越大陆和海洋，实现快速的长距离旅行。玩家2说：它是一种陆地上的交通工具，主要用于日常出行和短途旅行。相比其他交通工具，它在速度和灵活性上有着显著优势。玩家3说：玩家4说：|| 你是第3号玩家，你的关键词是<飞机>。你的回答中绝对不能包含你的关键词<飞机>。这是第一轮描述，不需要分析||之前别的玩家的描述，请你描述关键词基本特征，注意，这局游戏的词语分类为<交通工具>，卧底词和平民词都属于该类，描述包括以下两点，1.他的基本特征是什么2.他在该类（交通工具）中最突出不同的特征是什么，尽量简短
2024-12-13 14:25:43,841 - 3 - INFO - **********PLAYER3**********
它是一种可以搭载多人的交通工具，主要用于长途旅行。它在同类交通工具中最突出的特点是它的速度快，能够跨越远距离。
2024-12-13 14:26:49,406 - 3 - INFO - **********JUDGER**********
玩家1说：它是一种用于长途运输的交通工具，能够在空中飞行。它在交通工具中最为突出的是它能够跨越大陆和海洋，实现快速的长距离旅行。玩家2说：它是一种陆地上的交通工具，主要用于日常出行和短途旅行。相比其他交通工具，它在速度和灵活性上有着显著优势。玩家3说：它是一种可以搭载多人的交通工具，主要用于长途旅行。它在同类交通工具中最突出的特点是它的速度快，能够跨越远距离。玩家4说：||在这个游戏中，我们需要通过分析每位玩家的描述来找出卧底。通常，平民的描述会围绕相同的词语展开，而卧底的描述可能会因为词语的不同而显得不太一致。我们需要仔细比较每个描述之间的相似性和差异性，以找出可能的卧底，注意，卧底并不会隐藏自己，他会直接描述他的词语，现在，逐一分析每个玩家的描述，注意，这局游戏的词语分类为<交通工具>，卧底词和平民词都属于该类。这是第一轮描述。
2024-12-13 14:26:56,317 - 3 - INFO - **********PLAYER3**********
根据玩家们的描述，我们可以进行以下分析：

玩家1和玩家3的描述非常相似，都提到了交通工具用于长途旅行，并且强调了速度快和能够跨越远距离的特点。这表明他们可能是平民，因为他们的描述一致。

玩家2的描述则与玩家1和玩家3有所不同，他提到了交通工具用于日常出行和短途旅行，并强调了速度和灵活性。这与他人的描述有所不同，可能是卧底。

玩家4的描述虽然未直接提及关键词，但他提到了分析描述和找出卧底的方法，这更像是一个引导性的说明，而不是具体的描述。因此，玩家4可能是一个平民，他在引导游戏进程。

综上所述，玩家2的描述与他人的描述差异最大，可能是卧底。而玩家4的描述更像是在提供游戏规则，可能是平民。需要进一步的分析和投票来确定卧底的身份。
2024-12-13 14:26:56,319 - 3 - INFO - **********JUDGER**********
你刚刚的分析是根据玩家们的描述，我们可以进行以下分析：

玩家1和玩家3的描述非常相似，都提到了交通工具用于长途旅行，并且强调了速度快和能够跨越远距离的特点。这表明他们可能是平民，因为他们的描述一致。

玩家2的描述则与玩家1和玩家3有所不同，他提到了交通工具用于日常出行和短途旅行，并强调了速度和灵活性。这与他人的描述有所不同，可能是卧底。

玩家4的描述虽然未直接提及关键词，但他提到了分析描述和找出卧底的方法，这更像是一个引导性的说明，而不是具体的描述。因此，玩家4可能是一个平民，他在引导游戏进程。

综上所述，玩家2的描述与他人的描述差异最大，可能是卧底。而玩家4的描述更像是在提供游戏规则，可能是平民。需要进一步的分析和投票来确定卧底的身份。|| `请根据上述分析，比较描述以找出不一致之处，注意，这局游戏的词语分类为<交通工具>，卧底词和平民词都属于该类。
2024-12-13 14:27:12,267 - 3 - INFO - **********PLAYER3**********
根据上述分析，我们可以比较描述中的不一致之处如下：

1. 玩家1和玩家3的描述：
   - 都提到是交通工具。
   - 都强调用于长途旅行。
   - 都提到速度快和能够跨越远距离。

2. 玩家2的描述：
   - 提到是交通工具。
   - 强调用于日常出行和短途旅行。
   - 强调速度和灵活性。

3. 玩家4的描述：
   - 未直接描述关键词。
   - 提供了关于如何分析描述和找出卧底的方法。
   - 未参与具体描述关键词的特征。

不一致之处：
- 玩家1和玩家3的描述集中在长途和快速上，而玩家2的描述则是日常和短途，这与长途旅行的特点不符。
- 玩家4的描述没有提供具体的交通工具特征，而是关于游戏策略的说明，这与其他玩家描述交通工具的特征不同。

因此，玩家2的描述与玩家1和玩家3的描述在用途和旅行距离上存在明显差异，这可能是由于玩家2的卧底身份导致的描述不一致。而玩家4的描述虽然不同，但更多地是在提供游戏指导，而不是描述交通工具的特征。所以，根据描述的不一致之处，玩家2可能是卧底。
2024-12-13 14:27:12,269 - 3 - INFO - **********JUDGER**********
你刚刚的分析是根据上述分析，我们可以比较描述中的不一致之处如下：

1. 玩家1和玩家3的描述：
   - 都提到是交通工具。
   - 都强调用于长途旅行。
   - 都提到速度快和能够跨越远距离。

2. 玩家2的描述：
   - 提到是交通工具。
   - 强调用于日常出行和短途旅行。
   - 强调速度和灵活性。

3. 玩家4的描述：
   - 未直接描述关键词。
   - 提供了关于如何分析描述和找出卧底的方法。
   - 未参与具体描述关键词的特征。

不一致之处：
- 玩家1和玩家3的描述集中在长途和快速上，而玩家2的描述则是日常和短途，这与长途旅行的特点不符。
- 玩家4的描述没有提供具体的交通工具特征，而是关于游戏策略的说明，这与其他玩家描述交通工具的特征不同。

因此，玩家2的描述与玩家1和玩家3的描述在用途和旅行距离上存在明显差异，这可能是由于玩家2的卧底身份导致的描述不一致。而玩家4的描述虽然不同，但更多地是在提供游戏指导，而不是描述交通工具的特征。所以，根据描述的不一致之处，玩家2可能是卧底。|| 请通过你分析的不一致之处，推断卧底身份，注意，这局游戏的词语分类为<交通工具>，卧底词和平民词都属于该类。
2024-12-13 14:27:31,183 - 3 - INFO - **********PLAYER3**********
基于分析的不一致之处，我们可以推断卧底身份如下：

1. 玩家1和玩家3的描述都指向了同一类交通工具，即用于长途旅行、速度快且能跨越远距离的交通工具。这表明他们的描述可能是基于同一个平民词。

2. 玩家2的描述与玩家1和玩家3的描述不同，他描述的是一种用于日常出行和短途旅行的交通工具，同时强调了速度和灵活性。这种描述与长途旅行的特点不符，因此玩家2的描述可能基于卧底词。

3. 玩家4的描述并没有提供具体的交通工具特征，而是关于游戏策略的说明，这并不直接指向任何特定的交通工具，因此玩家4可能是平民，他在帮助其他玩家理解游戏规则。

综上所述，考虑到词语分类为<交通工具>，且玩家2的描述与长途旅行的特点不符，玩家2的描述可能基于与玩家1和玩家3不同的卧底词。因此，根据描述的不一致之处，玩家2很可能是卧底。
2024-12-13 14:27:31,185 - 3 - INFO - **********JUDGER**********
你刚刚的推断是基于分析的不一致之处，我们可以推断卧底身份如下：

1. 玩家1和玩家3的描述都指向了同一类交通工具，即用于长途旅行、速度快且能跨越远距离的交通工具。这表明他们的描述可能是基于同一个平民词。

2. 玩家2的描述与玩家1和玩家3的描述不同，他描述的是一种用于日常出行和短途旅行的交通工具，同时强调了速度和灵活性。这种描述与长途旅行的特点不符，因此玩家2的描述可能基于卧底词。

3. 玩家4的描述并没有提供具体的交通工具特征，而是关于游戏策略的说明，这并不直接指向任何特定的交通工具，因此玩家4可能是平民，他在帮助其他玩家理解游戏规则。

综上所述，考虑到词语分类为<交通工具>，且玩家2的描述与长途旅行的特点不符，玩家2的描述可能基于与玩家1和玩家3不同的卧底词。因此，根据描述的不一致之处，玩家2很可能是卧底。|| 基于你刚刚的推断得出你的最终结论，请输出你认为的卧底，在这种情况下只需要输出编号，是1-4中的某个数字，不要输出其他信息。在这个过程不要进行任何推理，只对||以前的部分进行信息提取
2024-12-13 14:27:32,175 - 3 - INFO - **********PLAYER3**********
2
2024-12-13 14:28:10,496 - 3 - INFO - **********JUDGER**********
玩家1说：它是一种用于长途运输的交通工具，能够在空中飞行。它在交通工具中最为突出的是它能够跨越大陆和海洋，实现快速的长距离旅行。它是一种高效的交通工具，特别适合跨越广阔的地域，它能够在短时间内连接不同的国家和地区。它在同类交通工具中以其卓越的飞行性能和效率而著称。玩家2说：它是一种陆地上的交通工具，主要用于日常出行和短途旅行。相比其他交通工具，它在速度和灵活性上有着显著优势。它是一种广泛使用的交通工具，适用于多种出行需求。它以其便捷性和舒适性著称，能够在城市和乡村的多种道路上灵活行驶。相较于其他交通工具，它在短途和日常出行中提供了快速且直接的连接。玩家3说：它是一种可以搭载多人的交通工具，主要用于长途旅行。它在同类交通工具中最突出的特点是它的速度快，能够跨越远距离。玩家4说：它是一种常见的交通工具，主要用于快速的长途旅行。与其他交通工具相比，它在速度上有着显著的优势，能够在短时间内跨越较大的地理距离。你是第3号玩家，你的关键词是<飞机>。你的回答中绝对不能包含你的关键词<飞机>。这是第二轮描述，你之前的描述是它是一种可以搭载多人的交通工具，主要用于长途旅行。它在同类交通工具中最突出的特点是它的速度快，能够跨越远距离。，注意，这局游戏的词语分类为<交通工具>，卧底词和平民词都属于该类，请你补充关于关键词的描述，注意，你的描述应该比起之前的描述更加贴近关键词，作为之前的补充
2024-12-13 14:28:14,255 - 3 - INFO - **********PLAYER3**********
它是一种高度现代化的交通工具，通常由多个座位组成，能够在高空中快速移动。它的设计使得它能够在短时间内覆盖大范围的地理区域，为人们提供快速的长途旅行方式。与其他同类交通工具相比，它在飞行效率上有着显著的优势。
2024-12-13 14:29:05,045 - 3 - INFO - **********JUDGER**********
玩家1说：它是一种用于长途运输的交通工具，能够在空中飞行。它在交通工具中最为突出的是它能够跨越大陆和海洋，实现快速的长距离旅行。它是一种高效的交通工具，特别适合跨越广阔的地域，它能够在短时间内连接不同的国家和地区。它在同类交通工具中以其卓越的飞行性能和效率而著称。玩家2说：它是一种陆地上的交通工具，主要用于日常出行和短途旅行。相比其他交通工具，它在速度和灵活性上有着显著优势。它是一种广泛使用的交通工具，适用于多种出行需求。它以其便捷性和舒适性著称，能够在城市和乡村的多种道路上灵活行驶。相较于其他交通工具，它在短途和日常出行中提供了快速且直接的连接。玩家3说：它是一种可以搭载多人的交通工具，主要用于长途旅行。它在同类交通工具中最突出的特点是它的速度快，能够跨越远距离。它是一种高度现代化的交通工具，通常由多个座位组成，能够在高空中快速移动。它的设计使得它能够在短时间内覆盖大范围的地理区域，为人们提供快速的长途旅行方式。与其他同类交通工具相比，它在飞行效率上有着显著的优势。玩家4说：它是一种常见的交通工具，主要用于快速的长途旅行。与其他交通工具相比，它在速度上有着显著的优势，能够在短时间内跨越较大的地理距离。||在这个游戏中，我们需要通过分析每位玩家的描述来找出卧底。通常，平民的描述会围绕相同的词语展开，而卧底的描述可能会因为词语的不同而显得不太一致。我们需要仔细比较每个描述之间的相似性和差异性，以找出可能的卧底，注意，卧底并不会隐藏自己，他会直接描述他的词语，现在，逐一分析每个玩家的描述，注意，这局游戏的词语分类为<交通工具>，卧底词和平民词都属于该类。||之前是第2轮描述和之前轮数描述的合集。你之前认为的卧底是玩家2。
2024-12-13 14:29:12,308 - 3 - INFO - **********PLAYER3**********
根据第二轮描述和之前的描述，我们可以进行以下分析：

玩家1和玩家3的描述都非常详细地描述了一种能够进行长途飞行的交通工具，强调了它的速度快、能够跨越远距离和连接不同国家地区的能力。这两个描述与玩家4的描述相似，都集中在长途旅行和速度上。

玩家2的描述则与玩家1、玩家3和玩家4的描述不同，他描述的是一种陆地上的交通工具，主要用于日常出行和短途旅行，并强调了速度和灵活性。

基于这些描述，玩家2的描述与长途飞行的特点不符，而其他玩家的描述都围绕着快速长途旅行的交通工具。因此，根据描述的不一致之处，玩家2仍然可能是卧底。这与之前的推断一致。
2024-12-13 14:29:12,310 - 3 - INFO - **********JUDGER**********
你刚刚的分析是根据第二轮描述和之前的描述，我们可以进行以下分析：

玩家1和玩家3的描述都非常详细地描述了一种能够进行长途飞行的交通工具，强调了它的速度快、能够跨越远距离和连接不同国家地区的能力。这两个描述与玩家4的描述相似，都集中在长途旅行和速度上。

玩家2的描述则与玩家1、玩家3和玩家4的描述不同，他描述的是一种陆地上的交通工具，主要用于日常出行和短途旅行，并强调了速度和灵活性。

基于这些描述，玩家2的描述与长途飞行的特点不符，而其他玩家的描述都围绕着快速长途旅行的交通工具。因此，根据描述的不一致之处，玩家2仍然可能是卧底。这与之前的推断一致。|| `请根据上述分析，比较描述以找出不一致之处，注意，这局游戏的词语分类为<交通工具>，卧底词和平民词都属于该类。
2024-12-13 14:29:23,491 - 3 - INFO - **********PLAYER3**********
根据上述分析，我们可以找出以下不一致之处：

1. 玩家1、玩家3和玩家4的描述都集中在长途飞行交通工具上，强调了快速、跨越远距离和连接不同地区的能力。

2. 玩家2的描述则集中在陆地交通工具上，提到了日常出行、短途旅行、速度、灵活性、便捷性和舒适性，以及在城市和乡村的多种道路上灵活行驶。

不一致之处在于：
- 玩家2的描述与长途飞行交通工具的特点不符，而其他玩家的描述都指向了能够进行长途飞行的交通工具。
- 玩家2的描述提到了日常和短途旅行，而其他玩家的描述则没有提及这类用途。
- 玩家2的描述强调了陆地行驶和多种道路的适应性，而其他玩家的描述则没有涉及这一点。

因此，玩家2的描述与其他玩家的描述存在显著的不一致，这可能是由于他扮演了卧底角色。
2024-12-13 14:29:23,493 - 3 - INFO - **********JUDGER**********
你刚刚的分析是根据上述分析，我们可以找出以下不一致之处：

1. 玩家1、玩家3和玩家4的描述都集中在长途飞行交通工具上，强调了快速、跨越远距离和连接不同地区的能力。

2. 玩家2的描述则集中在陆地交通工具上，提到了日常出行、短途旅行、速度、灵活性、便捷性和舒适性，以及在城市和乡村的多种道路上灵活行驶。

不一致之处在于：
- 玩家2的描述与长途飞行交通工具的特点不符，而其他玩家的描述都指向了能够进行长途飞行的交通工具。
- 玩家2的描述提到了日常和短途旅行，而其他玩家的描述则没有提及这类用途。
- 玩家2的描述强调了陆地行驶和多种道路的适应性，而其他玩家的描述则没有涉及这一点。

因此，玩家2的描述与其他玩家的描述存在显著的不一致，这可能是由于他扮演了卧底角色。|| 请通过你分析的不一致之处，推断卧底身份，注意，这局游戏的词语分类为<交通工具>，卧底词和平民词都属于该类。
2024-12-13 14:29:27,888 - 3 - INFO - **********PLAYER3**********
根据分析的不一致之处，推断卧底身份为：

2（玩家2）
2024-12-13 14:29:27,890 - 3 - INFO - **********JUDGER**********
你刚刚的推断是根据分析的不一致之处，推断卧底身份为：

2（玩家2）|| 基于你刚刚的推断得出你的最终结论，请输出你认为的卧底，在这种情况下只需要输出编号，是1-4中的某个数字，不要输出其他信息。在这个过程不要进行任何推理，只对||以前的部分进行信息提取
2024-12-13 14:29:29,989 - 3 - INFO - **********PLAYER3**********
2
2024-12-13 14:30:23,339 - 3 - INFO - **********JUDGER**********
玩家1说：它是一种用于长途运输的交通工具，能够在空中飞行。它在交通工具中最为突出的是它能够跨越大陆和海洋，实现快速的长距离旅行。它是一种高效的交通工具，特别适合跨越广阔的地域，它能够在短时间内连接不同的国家和地区。它在同类交通工具中以其卓越的飞行性能和效率而著称。它是一种能够在高空飞行的工具，以其高速和远距离的能力而闻名，能够在短时间内跨越广阔的地域，连接不同的国家和地区。它在同类交通工具中以其独特的设计和飞行性能而著称。玩家2说：它是一种陆地上的交通工具，主要用于日常出行和短途旅行。相比其他交通工具，它在速度和灵活性上有着显著优势。它是一种广泛使用的交通工具，适用于多种出行需求。它以其便捷性和舒适性著称，能够在城市和乡村的多种道路上灵活行驶。相较于其他交通工具，它在短途和日常出行中提供了快速且直接的连接。它是一种依赖燃油驱动的交通工具，适用于多种地形和气候条件。它在城市交通中尤为常见，能够在繁忙的道路上快速穿梭。它的体积相对较小，便于在城市街道和乡村小路上灵活转弯。它通常配备有舒适的座椅和便捷的操控系统，使得驾驶和乘坐体验都相对轻松。与其他交通工具相比，它在交通拥堵时能够提供更快的出行速度。玩家3说：它是一种可以搭载多人的交通工具，主要用于长途旅行。它在同类交通工具中最突出的特点是它的速度快，能够跨越远距离。它是一种高度现代化的交通工具，通常由多个座位组成，能够在高空中快速移动。它的设计使得它能够在短时间内覆盖大范围的地理区域，为人们提供快速的长途旅行方式。与其他同类交通工具相比，它在飞行效率上有着显著的优势。玩家4说：它是一种常见的交通工具，主要用于快速的长途旅行。与其他交通工具相比，它在速度上有着显著的优势，能够在短时间内跨越较大的地理距离。它是一种能够实现跨大陆和海洋旅行的交通工具，以其卓越的飞行性能和广泛的覆盖范围而闻名。它的设计允许它在短时间内连接世界各地，为人们提供高效的长途旅行体验。你是第3号玩家，你的关键词是<飞机>。你的回答中绝对不能包含你的关键词<飞机>。这是第三轮描述，你之前的描述是它是一种可以搭载多人的交通工具，主要用于长途旅行。它在同类交通工具中最突出的特点是它的速度快，能够跨越远距离。和它是一种高度现代化的交通工具，通常由多个座位组成，能够在高空中快速移动。它的设计使得它能够在短时间内覆盖大范围的地理区域，为人们提供快速的长途旅行方式。与其他同类交通工具相比，它在飞行效率上有着显著的优势。，注意，这局游戏的词语分类为<交通工具>，卧底词和平民词都属于该类，请你补充关于关键词的描述，注意，你的描述应该比起之前的描述更加贴近关键词，作为之前的补充
2024-12-13 14:30:30,101 - 3 - INFO - **********PLAYER3**********
它是一种高效的空中交通工具，以其高速和远距离的飞行能力而著称。它能够在短时间内跨越广阔的地域，连接全球各地的目的地。它的设计允许它在大气层中高速飞行，为乘客提供快速的长途旅行体验。与其他同类交通工具相比，它在飞行舒适性和安全性上也有显著优势。
2024-12-13 14:31:42,089 - 3 - INFO - **********JUDGER**********
玩家1说：它是一种用于长途运输的交通工具，能够在空中飞行。它在交通工具中最为突出的是它能够跨越大陆和海洋，实现快速的长距离旅行。它是一种高效的交通工具，特别适合跨越广阔的地域，它能够在短时间内连接不同的国家和地区。它在同类交通工具中以其卓越的飞行性能和效率而著称。它是一种能够在高空飞行的工具，以其高速和远距离的能力而闻名，能够在短时间内跨越广阔的地域，连接不同的国家和地区。它在同类交通工具中以其独特的设计和飞行性能而著称。玩家2说：它是一种陆地上的交通工具，主要用于日常出行和短途旅行。相比其他交通工具，它在速度和灵活性上有着显著优势。它是一种广泛使用的交通工具，适用于多种出行需求。它以其便捷性和舒适性著称，能够在城市和乡村的多种道路上灵活行驶。相较于其他交通工具，它在短途和日常出行中提供了快速且直接的连接。它是一种依赖燃油驱动的交通工具，适用于多种地形和气候条件。它在城市交通中尤为常见，能够在繁忙的道路上快速穿梭。它的体积相对较小，便于在城市街道和乡村小路上灵活转弯。它通常配备有舒适的座椅和便捷的操控系统，使得驾驶和乘坐体验都相对轻松。与其他交通工具相比，它在交通拥堵时能够提供更快的出行速度。玩家3说：它是一种可以搭载多人的交通工具，主要用于长途旅行。它在同类交通工具中最突出的特点是它的速度快，能够跨越远距离。它是一种高度现代化的交通工具，通常由多个座位组成，能够在高空中快速移动。它的设计使得它能够在短时间内覆盖大范围的地理区域，为人们提供快速的长途旅行方式。与其他同类交通工具相比，它在飞行效率上有着显著的优势。它是一种高效的空中交通工具，以其高速和远距离的飞行能力而著称。它能够在短时间内跨越广阔的地域，连接全球各地的目的地。它的设计允许它在大气层中高速飞行，为乘客提供快速的长途旅行体验。与其他同类交通工具相比，它在飞行舒适性和安全性上也有显著优势。玩家4说：它是一种常见的交通工具，主要用于快速的长途旅行。与其他交通工具相比，它在速度上有着显著的优势，能够在短时间内跨越较大的地理距离。它是一种能够实现跨大陆和海洋旅行的交通工具，以其卓越的飞行性能和广泛的覆盖范围而闻名。它的设计允许它在短时间内连接世界各地，为人们提供高效的长途旅行体验。它是一种先进的交通工具，特别适合跨越广阔的地域，它能够在短时间内连接不同的国家和地区。它在同类交通工具中以其高速、高效和远距离的飞行能力而著称。||在这个游戏中，我们需要通过分析每位玩家的描述来找出卧底。通常，平民的描述会围绕相同的词语展开，而卧底的描述可能会因为词语的不同而显得不太一致。我们需要仔细比较每个描述之间的相似性和差异性，以找出可能的卧底，注意，卧底并不会隐藏自己，他会直接描述他的词语，现在，逐一分析每个玩家的描述，注意，这局游戏的词语分类为<交通工具>，卧底词和平民词都属于该类。||之前是第3轮描述和之前轮数描述的合集。你之前认为的卧底是玩家2。
2024-12-13 14:31:54,614 - 3 - INFO - **********PLAYER3**********
根据第三轮描述和之前的描述，我们可以进行以下分析：

玩家1的描述强调了交通工具的空中飞行、长途运输、跨越大陆和海洋、快速连接国家和地区、卓越的飞行性能和效率、独特设计和飞行性能。

玩家2的描述提到了陆地交通工具、日常出行、短途旅行、速度、灵活性、广泛使用、便捷性、舒适性、适用于多种地形和气候条件、城市交通常见、体积小、便于转弯、配备舒适座椅和便捷操控系统。

玩家3的描述与玩家1和玩家4的描述相似，强调了长途旅行、速度快、跨越远距离、现代化、多座位、高空移动、覆盖大范围地理区域、高效、高速、高效能、舒适性和安全性。

玩家4的描述与玩家1、玩家3的描述相似，强调了快速长途旅行、速度优势、跨越大陆和海洋、卓越的飞行性能、广泛的覆盖范围、连接世界各地、高速、高效能、远距离飞行能力。

综合分析，玩家2的描述与其他玩家的描述存在显著差异，特别是关于交通工具的用途（陆地 vs. 空中）和特点（日常出行 vs. 长途旅行）。因此，根据描述的不一致之处，玩家2仍然可能是卧底。这与之前的推断一致。
2024-12-13 14:31:54,615 - 3 - INFO - **********JUDGER**********
你刚刚的分析是根据第三轮描述和之前的描述，我们可以进行以下分析：

玩家1的描述强调了交通工具的空中飞行、长途运输、跨越大陆和海洋、快速连接国家和地区、卓越的飞行性能和效率、独特设计和飞行性能。

玩家2的描述提到了陆地交通工具、日常出行、短途旅行、速度、灵活性、广泛使用、便捷性、舒适性、适用于多种地形和气候条件、城市交通常见、体积小、便于转弯、配备舒适座椅和便捷操控系统。

玩家3的描述与玩家1和玩家4的描述相似，强调了长途旅行、速度快、跨越远距离、现代化、多座位、高空移动、覆盖大范围地理区域、高效、高速、高效能、舒适性和安全性。

玩家4的描述与玩家1、玩家3的描述相似，强调了快速长途旅行、速度优势、跨越大陆和海洋、卓越的飞行性能、广泛的覆盖范围、连接世界各地、高速、高效能、远距离飞行能力。

综合分析，玩家2的描述与其他玩家的描述存在显著差异，特别是关于交通工具的用途（陆地 vs. 空中）和特点（日常出行 vs. 长途旅行）。因此，根据描述的不一致之处，玩家2仍然可能是卧底。这与之前的推断一致。|| `请根据上述分析，比较描述以找出不一致之处，注意，这局游戏的词语分类为<交通工具>，卧底词和平民词都属于该类。
2024-12-13 14:32:07,690 - 3 - INFO - **********PLAYER3**********
根据上述分析，以下是不一致之处：

1. 玩家1、玩家3和玩家4的描述都集中在空中飞行、长途旅行、速度快、跨越远距离、高效能、舒适性和安全性等方面。

2. 玩家2的描述则集中在陆地交通工具、日常出行、短途旅行、速度、灵活性、便捷性、舒适性、适用于多种地形和气候条件、城市交通常见、体积小、便于转弯、配备舒适座椅和便捷操控系统等方面。

不一致之处包括：
- 玩家2描述的是陆地交通工具，而其他玩家描述的是空中交通工具。
- 玩家2强调了日常出行和短途旅行，而其他玩家描述的是长途旅行。
- 玩家2的描述提到了城市交通和多种地形，而其他玩家的描述没有涉及这些具体细节。

这些不一致之处表明玩家2的描述与其他玩家在交通工具的类型、用途和特点上存在显著差异，这可能是由于玩家2扮演了卧底角色。
2024-12-13 14:32:07,692 - 3 - INFO - **********JUDGER**********
你刚刚的分析是根据上述分析，以下是不一致之处：

1. 玩家1、玩家3和玩家4的描述都集中在空中飞行、长途旅行、速度快、跨越远距离、高效能、舒适性和安全性等方面。

2. 玩家2的描述则集中在陆地交通工具、日常出行、短途旅行、速度、灵活性、便捷性、舒适性、适用于多种地形和气候条件、城市交通常见、体积小、便于转弯、配备舒适座椅和便捷操控系统等方面。

不一致之处包括：
- 玩家2描述的是陆地交通工具，而其他玩家描述的是空中交通工具。
- 玩家2强调了日常出行和短途旅行，而其他玩家描述的是长途旅行。
- 玩家2的描述提到了城市交通和多种地形，而其他玩家的描述没有涉及这些具体细节。

这些不一致之处表明玩家2的描述与其他玩家在交通工具的类型、用途和特点上存在显著差异，这可能是由于玩家2扮演了卧底角色。|| 请通过你分析的不一致之处，推断卧底身份，注意，这局游戏的词语分类为<交通工具>，卧底词和平民词都属于该类。
2024-12-13 14:32:08,713 - 3 - INFO - **********PLAYER3**********
2
2024-12-13 14:32:08,714 - 3 - INFO - **********JUDGER**********
你刚刚的推断是2|| 基于你刚刚的推断得出你的最终结论，请输出你认为的卧底，在这种情况下只需要输出编号，是1-4中的某个数字，不要输出其他信息。在这个过程不要进行任何推理，只对||以前的部分进行信息提取
2024-12-13 14:32:10,228 - 3 - INFO - **********PLAYER3**********
2
