2024-12-13 14:25:36,887 - 4 - INFO - **********JUDGER**********
让我们来玩一个叫做<谁是卧底>的推理游戏。基本规则：<人数>：4人。<角色分配>：每位玩家随机抽取一个词语，3名玩家拿到的词语是相同的（平民词），1名玩家拿到与之相近但不同的词语（卧底词）。<游戏流程>：1、玩家轮流描述自己的词语，但<不能>直接说出词语本身。2、描述完毕后，投票选出最像卧底的玩家。3、每轮结束后，被投票选出的玩家出局，不能再进行描述或投票。4、每轮投票结束后，如果卧底被成功找出，平民方获胜；如果卧底未被找出且卧底人数等于或超过平民人数，则卧底方获胜。你将扮演一个<玩家>，请等待你被分配到的关键词。如果你听懂了，只回答，"好的，我准备好参加游戏了"，不要输出别的信息
2024-12-13 14:25:37,520 - 4 - INFO - **********PLAYER4**********
好的，我准备好参加游戏了
2024-12-13 14:25:43,842 - 4 - INFO - **********JUDGER**********
玩家1说：它是一种用于长途运输的交通工具，能够在空中飞行。它在交通工具中最为突出的是它能够跨越大陆和海洋，实现快速的长距离旅行。玩家2说：它是一种陆地上的交通工具，主要用于日常出行和短途旅行。相比其他交通工具，它在速度和灵活性上有着显著优势。玩家3说：它是一种可以搭载多人的交通工具，主要用于长途旅行。它在同类交通工具中最突出的特点是它的速度快，能够跨越远距离。玩家4说：|| 你是第4号玩家，你的关键词是<飞机>。你的回答中绝对不能包含你的关键词<飞机>。这是第一轮描述，不需要分析||之前别的玩家的描述，请你描述关键词基本特征，注意，这局游戏的词语分类为<交通工具>，卧底词和平民词都属于该类，描述包括以下两点，1.他的基本特征是什么2.他在该类（交通工具）中最突出不同的特征是什么，尽量简短
2024-12-13 14:25:46,286 - 4 - INFO - **********PLAYER4**********
它是一种常见的交通工具，主要用于快速的长途旅行。与其他交通工具相比，它在速度上有着显著的优势，能够在短时间内跨越较大的地理距离。
2024-12-13 14:27:32,178 - 4 - INFO - **********JUDGER**********
玩家1说：它是一种用于长途运输的交通工具，能够在空中飞行。它在交通工具中最为突出的是它能够跨越大陆和海洋，实现快速的长距离旅行。玩家2说：它是一种陆地上的交通工具，主要用于日常出行和短途旅行。相比其他交通工具，它在速度和灵活性上有着显著优势。玩家3说：它是一种可以搭载多人的交通工具，主要用于长途旅行。它在同类交通工具中最突出的特点是它的速度快，能够跨越远距离。玩家4说：||在这个游戏中，我们需要通过分析每位玩家的描述来找出卧底。通常，平民的描述会围绕相同的词语展开，而卧底的描述可能会因为词语的不同而显得不太一致。我们需要仔细比较每个描述之间的相似性和差异性，以找出可能的卧底，注意，卧底并不会隐藏自己，他会直接描述他的词语，现在，逐一分析每个玩家的描述，注意，这局游戏的词语分类为<交通工具>，卧底词和平民词都属于该类。这是第一轮描述。
2024-12-13 14:27:38,876 - 4 - INFO - **********PLAYER4**********
玩家1的描述提到了空中飞行、跨越大陆和海洋，以及快速的长距离旅行，这听起来像是飞机。

玩家2的描述强调了陆地上的交通工具、日常出行和短途旅行，以及速度和灵活性，这听起来像是汽车或摩托车。

玩家3的描述提到了可以搭载多人的交通工具、长途旅行，以及速度快和能够跨越远距离，这也符合飞机的特征。

玩家4的描述没有直接提及关键词，但提到了交通工具的基本特征，没有给出具体的差异点。

根据描述，玩家2的描述与其他两位提到飞机的玩家有所不同，可能是一个潜在的卧底。然而，由于游戏规则中卧底不会隐藏自己，且会直接描述词语，玩家4的描述也值得我们进一步关注，因为他的描述较为模糊，没有给出明显的特征。需要更多轮的描述和比较来确定卧底。
2024-12-13 14:27:38,886 - 4 - INFO - **********JUDGER**********
你刚刚的分析是玩家1的描述提到了空中飞行、跨越大陆和海洋，以及快速的长距离旅行，这听起来像是飞机。

玩家2的描述强调了陆地上的交通工具、日常出行和短途旅行，以及速度和灵活性，这听起来像是汽车或摩托车。

玩家3的描述提到了可以搭载多人的交通工具、长途旅行，以及速度快和能够跨越远距离，这也符合飞机的特征。

玩家4的描述没有直接提及关键词，但提到了交通工具的基本特征，没有给出具体的差异点。

根据描述，玩家2的描述与其他两位提到飞机的玩家有所不同，可能是一个潜在的卧底。然而，由于游戏规则中卧底不会隐藏自己，且会直接描述词语，玩家4的描述也值得我们进一步关注，因为他的描述较为模糊，没有给出明显的特征。需要更多轮的描述和比较来确定卧底。|| `请根据上述分析，比较描述以找出不一致之处，注意，这局游戏的词语分类为<交通工具>，卧底词和平民词都属于该类。
2024-12-13 14:27:53,328 - 4 - INFO - **********PLAYER4**********
根据上述分析，我们可以比较描述中的不一致之处如下：

1. 玩家1、玩家3和玩家4的描述都提到了“长途旅行”和“速度快”，这暗示了他们可能指的是飞机。

2. 玩家2的描述中提到了“陆地上的交通工具”和“日常出行和短途旅行”，这与飞机的特点不符，因为飞机是用于长途和跨大陆、海洋的交通工具。

3. 玩家4的描述虽然也提到了交通工具的基本特征，但没有提供任何具体的特点来区分它与其他交通工具，这使得玩家4的描述显得比较模糊。

不一致之处在于玩家2的描述与其他玩家描述的交通工具类型不同，而玩家4的描述缺乏具体特征，这使得玩家2和玩家4成为潜在的卧底候选人。玩家1和玩家3的描述与飞机的特征相符，因此看起来像是平民。然而，为了确定卧底，我们需要更多的描述和玩家之间的互动来进一步分析。
2024-12-13 14:27:53,329 - 4 - INFO - **********JUDGER**********
你刚刚的分析是根据上述分析，我们可以比较描述中的不一致之处如下：

1. 玩家1、玩家3和玩家4的描述都提到了“长途旅行”和“速度快”，这暗示了他们可能指的是飞机。

2. 玩家2的描述中提到了“陆地上的交通工具”和“日常出行和短途旅行”，这与飞机的特点不符，因为飞机是用于长途和跨大陆、海洋的交通工具。

3. 玩家4的描述虽然也提到了交通工具的基本特征，但没有提供任何具体的特点来区分它与其他交通工具，这使得玩家4的描述显得比较模糊。

不一致之处在于玩家2的描述与其他玩家描述的交通工具类型不同，而玩家4的描述缺乏具体特征，这使得玩家2和玩家4成为潜在的卧底候选人。玩家1和玩家3的描述与飞机的特征相符，因此看起来像是平民。然而，为了确定卧底，我们需要更多的描述和玩家之间的互动来进一步分析。|| 请通过你分析的不一致之处，推断卧底身份，注意，这局游戏的词语分类为<交通工具>，卧底词和平民词都属于该类。
2024-12-13 14:28:03,072 - 4 - INFO - **********PLAYER4**********
基于上述分析，我们可以做出以下推断：

1. 玩家1、玩家3和玩家4的描述都集中在“长途旅行”和“速度快”上，这与飞机的特征高度吻合。由于他们的描述非常相似，这增加了他们可能是平民的可能性。

2. 玩家2的描述提到了“陆地上的交通工具”和“日常出行和短途旅行”，这与飞机的特征明显不符。汽车或摩托车等陆地交通工具更适合这样的描述。因此，玩家2的描述与其他玩家的描述不一致，这使他成为一个潜在的卧底候选人。

3. 玩家4的描述比较模糊，没有提供具体的特点来区分它与其他交通工具。这种模糊性可能是由于玩家4故意如此，也可能是由于他真的不确定如何描述他的词语。由于没有具体的不一致特征，玩家4的卧底身份无法仅凭这一轮描述确定。

综合以上信息，玩家2的描述与飞机的特征不符，且与其他玩家的描述不一致，因此他是最有可能的卧底候选人。玩家4的卧底身份需要更多的信息来确认。如果游戏继续进行，我们应该关注玩家2和玩家4的后续描述，以进一步验证我们的推断。
2024-12-13 14:28:03,073 - 4 - INFO - **********JUDGER**********
你刚刚的推断是基于上述分析，我们可以做出以下推断：

1. 玩家1、玩家3和玩家4的描述都集中在“长途旅行”和“速度快”上，这与飞机的特征高度吻合。由于他们的描述非常相似，这增加了他们可能是平民的可能性。

2. 玩家2的描述提到了“陆地上的交通工具”和“日常出行和短途旅行”，这与飞机的特征明显不符。汽车或摩托车等陆地交通工具更适合这样的描述。因此，玩家2的描述与其他玩家的描述不一致，这使他成为一个潜在的卧底候选人。

3. 玩家4的描述比较模糊，没有提供具体的特点来区分它与其他交通工具。这种模糊性可能是由于玩家4故意如此，也可能是由于他真的不确定如何描述他的词语。由于没有具体的不一致特征，玩家4的卧底身份无法仅凭这一轮描述确定。

综合以上信息，玩家2的描述与飞机的特征不符，且与其他玩家的描述不一致，因此他是最有可能的卧底候选人。玩家4的卧底身份需要更多的信息来确认。如果游戏继续进行，我们应该关注玩家2和玩家4的后续描述，以进一步验证我们的推断。|| 基于你刚刚的推断得出你的最终结论，请输出你认为的卧底，在这种情况下只需要输出编号，是1-4中的某个数字，不要输出其他信息。在这个过程不要进行任何推理，只对||以前的部分进行信息提取
2024-12-13 14:28:03,738 - 4 - INFO - **********PLAYER4**********
2
2024-12-13 14:28:14,256 - 4 - INFO - **********JUDGER**********
玩家1说：它是一种用于长途运输的交通工具，能够在空中飞行。它在交通工具中最为突出的是它能够跨越大陆和海洋，实现快速的长距离旅行。它是一种高效的交通工具，特别适合跨越广阔的地域，它能够在短时间内连接不同的国家和地区。它在同类交通工具中以其卓越的飞行性能和效率而著称。玩家2说：它是一种陆地上的交通工具，主要用于日常出行和短途旅行。相比其他交通工具，它在速度和灵活性上有着显著优势。它是一种广泛使用的交通工具，适用于多种出行需求。它以其便捷性和舒适性著称，能够在城市和乡村的多种道路上灵活行驶。相较于其他交通工具，它在短途和日常出行中提供了快速且直接的连接。玩家3说：它是一种可以搭载多人的交通工具，主要用于长途旅行。它在同类交通工具中最突出的特点是它的速度快，能够跨越远距离。它是一种高度现代化的交通工具，通常由多个座位组成，能够在高空中快速移动。它的设计使得它能够在短时间内覆盖大范围的地理区域，为人们提供快速的长途旅行方式。与其他同类交通工具相比，它在飞行效率上有着显著的优势。玩家4说：它是一种常见的交通工具，主要用于快速的长途旅行。与其他交通工具相比，它在速度上有着显著的优势，能够在短时间内跨越较大的地理距离。你是第4号玩家，你的关键词是<飞机>。你的回答中绝对不能包含你的关键词<飞机>。这是第二轮描述，你之前的描述是它是一种常见的交通工具，主要用于快速的长途旅行。与其他交通工具相比，它在速度上有着显著的优势，能够在短时间内跨越较大的地理距离。，注意，这局游戏的词语分类为<交通工具>，卧底词和平民词都属于该类，请你补充关于关键词的描述，注意，你的描述应该比起之前的描述更加贴近关键词，作为之前的补充
2024-12-13 14:28:17,125 - 4 - INFO - **********PLAYER4**********
它是一种能够实现跨大陆和海洋旅行的交通工具，以其卓越的飞行性能和广泛的覆盖范围而闻名。它的设计允许它在短时间内连接世界各地，为人们提供高效的长途旅行体验。
2024-12-13 14:29:29,989 - 4 - INFO - **********JUDGER**********
玩家1说：它是一种用于长途运输的交通工具，能够在空中飞行。它在交通工具中最为突出的是它能够跨越大陆和海洋，实现快速的长距离旅行。它是一种高效的交通工具，特别适合跨越广阔的地域，它能够在短时间内连接不同的国家和地区。它在同类交通工具中以其卓越的飞行性能和效率而著称。玩家2说：它是一种陆地上的交通工具，主要用于日常出行和短途旅行。相比其他交通工具，它在速度和灵活性上有着显著优势。它是一种广泛使用的交通工具，适用于多种出行需求。它以其便捷性和舒适性著称，能够在城市和乡村的多种道路上灵活行驶。相较于其他交通工具，它在短途和日常出行中提供了快速且直接的连接。玩家3说：它是一种可以搭载多人的交通工具，主要用于长途旅行。它在同类交通工具中最突出的特点是它的速度快，能够跨越远距离。它是一种高度现代化的交通工具，通常由多个座位组成，能够在高空中快速移动。它的设计使得它能够在短时间内覆盖大范围的地理区域，为人们提供快速的长途旅行方式。与其他同类交通工具相比，它在飞行效率上有着显著的优势。玩家4说：它是一种常见的交通工具，主要用于快速的长途旅行。与其他交通工具相比，它在速度上有着显著的优势，能够在短时间内跨越较大的地理距离。||在这个游戏中，我们需要通过分析每位玩家的描述来找出卧底。通常，平民的描述会围绕相同的词语展开，而卧底的描述可能会因为词语的不同而显得不太一致。我们需要仔细比较每个描述之间的相似性和差异性，以找出可能的卧底，注意，卧底并不会隐藏自己，他会直接描述他的词语，现在，逐一分析每个玩家的描述，注意，这局游戏的词语分类为<交通工具>，卧底词和平民词都属于该类。||之前是第2轮描述和之前轮数描述的合集。你之前认为的卧底是玩家2。
2024-12-13 14:29:43,499 - 4 - INFO - **********PLAYER4**********
根据第2轮描述和之前的分析，我的初步结论仍然是玩家2可能是卧底。以下是具体分析：

1. 玩家1、玩家3和玩家4的描述都强调了交通工具的快速长途旅行能力，这与飞机的特征相符。

2. 玩家2的描述则集中在陆地交通工具，特别是日常出行和短途旅行，这与飞机的特点不符。

3. 玩家4的描述虽然也提到了快速长途旅行，但没有提供更多细节来区分它与其他交通工具，这与玩家1、玩家3的描述相似，但不足以推翻玩家2作为卧底的可能性。

综合这些信息，玩家2的描述与其他玩家的描述存在明显差异，因此仍然是最有可能的卧底候选人。然而，游戏仍在进行中，需要更多的描述和玩家之间的互动来最终确定卧底身份。
2024-12-13 14:29:43,500 - 4 - INFO - **********JUDGER**********
你刚刚的分析是根据第2轮描述和之前的分析，我的初步结论仍然是玩家2可能是卧底。以下是具体分析：

1. 玩家1、玩家3和玩家4的描述都强调了交通工具的快速长途旅行能力，这与飞机的特征相符。

2. 玩家2的描述则集中在陆地交通工具，特别是日常出行和短途旅行，这与飞机的特点不符。

3. 玩家4的描述虽然也提到了快速长途旅行，但没有提供更多细节来区分它与其他交通工具，这与玩家1、玩家3的描述相似，但不足以推翻玩家2作为卧底的可能性。

综合这些信息，玩家2的描述与其他玩家的描述存在明显差异，因此仍然是最有可能的卧底候选人。然而，游戏仍在进行中，需要更多的描述和玩家之间的互动来最终确定卧底身份。|| `请根据上述分析，比较描述以找出不一致之处，注意，这局游戏的词语分类为<交通工具>，卧底词和平民词都属于该类。
2024-12-13 14:29:55,971 - 4 - INFO - **********PLAYER4**********
根据上述分析，我们可以比较描述中的不一致之处如下：

1. 玩家1、玩家3和玩家4的描述都强调了交通工具的快速长途旅行能力，特别是跨越大陆和海洋，以及连接不同国家和地区的能力。这些描述与飞机的特征高度一致。

2. 玩家2的描述则集中在陆地交通工具，特别强调日常出行、短途旅行、便捷性、舒适性，以及在城市和乡村的多种道路上灵活行驶。这些描述与飞机的特征不符，更像是汽车或摩托车等陆地交通工具。

3. 玩家4的描述虽然也提到了快速长途旅行和跨越较大地理距离，但没有提供具体的特征来区分它与其他交通工具，这使得玩家4的描述在细节上与其他玩家的描述相似，但在总体上没有玩家2的描述那么明显地与飞机的特征不符。

不一致之处在于玩家2的描述与其他玩家的描述在交通工具的类型和用途上有显著差异，这表明玩家2的描述可能与卧底词不符，而玩家4的描述虽然与玩家1和玩家3的描述有相似之处，但缺乏具体的区分特征，这使得玩家2成为更明显的卧底候选人。
2024-12-13 14:29:55,975 - 4 - INFO - **********JUDGER**********
你刚刚的分析是根据上述分析，我们可以比较描述中的不一致之处如下：

1. 玩家1、玩家3和玩家4的描述都强调了交通工具的快速长途旅行能力，特别是跨越大陆和海洋，以及连接不同国家和地区的能力。这些描述与飞机的特征高度一致。

2. 玩家2的描述则集中在陆地交通工具，特别强调日常出行、短途旅行、便捷性、舒适性，以及在城市和乡村的多种道路上灵活行驶。这些描述与飞机的特征不符，更像是汽车或摩托车等陆地交通工具。

3. 玩家4的描述虽然也提到了快速长途旅行和跨越较大地理距离，但没有提供具体的特征来区分它与其他交通工具，这使得玩家4的描述在细节上与其他玩家的描述相似，但在总体上没有玩家2的描述那么明显地与飞机的特征不符。

不一致之处在于玩家2的描述与其他玩家的描述在交通工具的类型和用途上有显著差异，这表明玩家2的描述可能与卧底词不符，而玩家4的描述虽然与玩家1和玩家3的描述有相似之处，但缺乏具体的区分特征，这使得玩家2成为更明显的卧底候选人。|| 请通过你分析的不一致之处，推断卧底身份，注意，这局游戏的词语分类为<交通工具>，卧底词和平民词都属于该类。
2024-12-13 14:29:57,645 - 4 - INFO - **********PLAYER4**********
2
2024-12-13 14:29:57,645 - 4 - INFO - **********JUDGER**********
你刚刚的推断是2|| 基于你刚刚的推断得出你的最终结论，请输出你认为的卧底，在这种情况下只需要输出编号，是1-4中的某个数字，不要输出其他信息。在这个过程不要进行任何推理，只对||以前的部分进行信息提取
2024-12-13 14:29:59,002 - 4 - INFO - **********PLAYER4**********
2
2024-12-13 14:30:30,104 - 4 - INFO - **********JUDGER**********
玩家1说：它是一种用于长途运输的交通工具，能够在空中飞行。它在交通工具中最为突出的是它能够跨越大陆和海洋，实现快速的长距离旅行。它是一种高效的交通工具，特别适合跨越广阔的地域，它能够在短时间内连接不同的国家和地区。它在同类交通工具中以其卓越的飞行性能和效率而著称。它是一种能够在高空飞行的工具，以其高速和远距离的能力而闻名，能够在短时间内跨越广阔的地域，连接不同的国家和地区。它在同类交通工具中以其独特的设计和飞行性能而著称。玩家2说：它是一种陆地上的交通工具，主要用于日常出行和短途旅行。相比其他交通工具，它在速度和灵活性上有着显著优势。它是一种广泛使用的交通工具，适用于多种出行需求。它以其便捷性和舒适性著称，能够在城市和乡村的多种道路上灵活行驶。相较于其他交通工具，它在短途和日常出行中提供了快速且直接的连接。它是一种依赖燃油驱动的交通工具，适用于多种地形和气候条件。它在城市交通中尤为常见，能够在繁忙的道路上快速穿梭。它的体积相对较小，便于在城市街道和乡村小路上灵活转弯。它通常配备有舒适的座椅和便捷的操控系统，使得驾驶和乘坐体验都相对轻松。与其他交通工具相比，它在交通拥堵时能够提供更快的出行速度。玩家3说：它是一种可以搭载多人的交通工具，主要用于长途旅行。它在同类交通工具中最突出的特点是它的速度快，能够跨越远距离。它是一种高度现代化的交通工具，通常由多个座位组成，能够在高空中快速移动。它的设计使得它能够在短时间内覆盖大范围的地理区域，为人们提供快速的长途旅行方式。与其他同类交通工具相比，它在飞行效率上有着显著的优势。它是一种高效的空中交通工具，以其高速和远距离的飞行能力而著称。它能够在短时间内跨越广阔的地域，连接全球各地的目的地。它的设计允许它在大气层中高速飞行，为乘客提供快速的长途旅行体验。与其他同类交通工具相比，它在飞行舒适性和安全性上也有显著优势。玩家4说：它是一种常见的交通工具，主要用于快速的长途旅行。与其他交通工具相比，它在速度上有着显著的优势，能够在短时间内跨越较大的地理距离。它是一种能够实现跨大陆和海洋旅行的交通工具，以其卓越的飞行性能和广泛的覆盖范围而闻名。它的设计允许它在短时间内连接世界各地，为人们提供高效的长途旅行体验。你是第4号玩家，你的关键词是<飞机>。你的回答中绝对不能包含你的关键词<飞机>。这是第三轮描述，你之前的描述是它是一种常见的交通工具，主要用于快速的长途旅行。与其他交通工具相比，它在速度上有着显著的优势，能够在短时间内跨越较大的地理距离。和它是一种能够实现跨大陆和海洋旅行的交通工具，以其卓越的飞行性能和广泛的覆盖范围而闻名。它的设计允许它在短时间内连接世界各地，为人们提供高效的长途旅行体验。，注意，这局游戏的词语分类为<交通工具>，卧底词和平民词都属于该类，请你补充关于关键词的描述，注意，你的描述应该比起之前的描述更加贴近关键词，作为之前的补充
2024-12-13 14:30:35,337 - 4 - INFO - **********PLAYER4**********
它是一种先进的交通工具，特别适合跨越广阔的地域，它能够在短时间内连接不同的国家和地区。它在同类交通工具中以其高速、高效和远距离的飞行能力而著称。
2024-12-13 14:32:10,229 - 4 - INFO - **********JUDGER**********
玩家1说：它是一种用于长途运输的交通工具，能够在空中飞行。它在交通工具中最为突出的是它能够跨越大陆和海洋，实现快速的长距离旅行。它是一种高效的交通工具，特别适合跨越广阔的地域，它能够在短时间内连接不同的国家和地区。它在同类交通工具中以其卓越的飞行性能和效率而著称。它是一种能够在高空飞行的工具，以其高速和远距离的能力而闻名，能够在短时间内跨越广阔的地域，连接不同的国家和地区。它在同类交通工具中以其独特的设计和飞行性能而著称。玩家2说：它是一种陆地上的交通工具，主要用于日常出行和短途旅行。相比其他交通工具，它在速度和灵活性上有着显著优势。它是一种广泛使用的交通工具，适用于多种出行需求。它以其便捷性和舒适性著称，能够在城市和乡村的多种道路上灵活行驶。相较于其他交通工具，它在短途和日常出行中提供了快速且直接的连接。它是一种依赖燃油驱动的交通工具，适用于多种地形和气候条件。它在城市交通中尤为常见，能够在繁忙的道路上快速穿梭。它的体积相对较小，便于在城市街道和乡村小路上灵活转弯。它通常配备有舒适的座椅和便捷的操控系统，使得驾驶和乘坐体验都相对轻松。与其他交通工具相比，它在交通拥堵时能够提供更快的出行速度。玩家3说：它是一种可以搭载多人的交通工具，主要用于长途旅行。它在同类交通工具中最突出的特点是它的速度快，能够跨越远距离。它是一种高度现代化的交通工具，通常由多个座位组成，能够在高空中快速移动。它的设计使得它能够在短时间内覆盖大范围的地理区域，为人们提供快速的长途旅行方式。与其他同类交通工具相比，它在飞行效率上有着显著的优势。它是一种高效的空中交通工具，以其高速和远距离的飞行能力而著称。它能够在短时间内跨越广阔的地域，连接全球各地的目的地。它的设计允许它在大气层中高速飞行，为乘客提供快速的长途旅行体验。与其他同类交通工具相比，它在飞行舒适性和安全性上也有显著优势。玩家4说：它是一种常见的交通工具，主要用于快速的长途旅行。与其他交通工具相比，它在速度上有着显著的优势，能够在短时间内跨越较大的地理距离。它是一种能够实现跨大陆和海洋旅行的交通工具，以其卓越的飞行性能和广泛的覆盖范围而闻名。它的设计允许它在短时间内连接世界各地，为人们提供高效的长途旅行体验。它是一种先进的交通工具，特别适合跨越广阔的地域，它能够在短时间内连接不同的国家和地区。它在同类交通工具中以其高速、高效和远距离的飞行能力而著称。||在这个游戏中，我们需要通过分析每位玩家的描述来找出卧底。通常，平民的描述会围绕相同的词语展开，而卧底的描述可能会因为词语的不同而显得不太一致。我们需要仔细比较每个描述之间的相似性和差异性，以找出可能的卧底，注意，卧底并不会隐藏自己，他会直接描述他的词语，现在，逐一分析每个玩家的描述，注意，这局游戏的词语分类为<交通工具>，卧底词和平民词都属于该类。||之前是第3轮描述和之前轮数描述的合集。你之前认为的卧底是玩家2。
2024-12-13 14:32:24,082 - 4 - INFO - **********PLAYER4**********
根据第3轮描述和之前的分析，我的初步结论仍然是玩家2可能是卧底。以下是具体分析：

1. 玩家1、玩家3和玩家4的描述都强调了交通工具的快速长途旅行能力，特别是跨越大陆和海洋，以及连接不同国家和地区的能力。这些描述与飞机的特征高度一致。

2. 玩家2的描述集中在陆地交通工具，特别强调日常出行、短途旅行、便捷性、舒适性，以及在城市和乡村的多种道路上灵活行驶。这些描述与飞机的特征不符，更像是汽车或摩托车等陆地交通工具。

3. 玩家4的描述虽然也提到了快速长途旅行和跨越较大地理距离，但没有提供更多细节来区分它与其他交通工具，这使得玩家4的描述在细节上与其他玩家的描述相似，但在总体上没有玩家2的描述那么明显地与飞机的特征不符。

不一致之处在于玩家2的描述与其他玩家的描述在交通工具的类型和用途上有显著差异，这表明玩家2的描述可能与卧底词不符，而玩家4的描述虽然与玩家1和玩家3的描述有相似之处，但缺乏具体的区分特征，这使得玩家2成为更明显的卧底候选人。
2024-12-13 14:32:24,083 - 4 - INFO - **********JUDGER**********
你刚刚的分析是根据第3轮描述和之前的分析，我的初步结论仍然是玩家2可能是卧底。以下是具体分析：

1. 玩家1、玩家3和玩家4的描述都强调了交通工具的快速长途旅行能力，特别是跨越大陆和海洋，以及连接不同国家和地区的能力。这些描述与飞机的特征高度一致。

2. 玩家2的描述集中在陆地交通工具，特别强调日常出行、短途旅行、便捷性、舒适性，以及在城市和乡村的多种道路上灵活行驶。这些描述与飞机的特征不符，更像是汽车或摩托车等陆地交通工具。

3. 玩家4的描述虽然也提到了快速长途旅行和跨越较大地理距离，但没有提供更多细节来区分它与其他交通工具，这使得玩家4的描述在细节上与其他玩家的描述相似，但在总体上没有玩家2的描述那么明显地与飞机的特征不符。

不一致之处在于玩家2的描述与其他玩家的描述在交通工具的类型和用途上有显著差异，这表明玩家2的描述可能与卧底词不符，而玩家4的描述虽然与玩家1和玩家3的描述有相似之处，但缺乏具体的区分特征，这使得玩家2成为更明显的卧底候选人。|| `请根据上述分析，比较描述以找出不一致之处，注意，这局游戏的词语分类为<交通工具>，卧底词和平民词都属于该类。
2024-12-13 14:32:38,722 - 4 - INFO - **********PLAYER4**********
1. 玩家1、玩家3和玩家4的描述都强调了交通工具的快速长途旅行能力，特别是跨越大陆和海洋，以及连接不同国家和地区的能力。这些描述具有以下共同点：
   - 用于长途运输
   - 能够在空中飞行
   - 高效，适合跨越广阔地域
   - 短时间内连接不同国家和地区
   - 卓越的飞行性能和效率
   - 高速和远距离能力
   - 独特的设计和飞行性能
   - 高度现代化，通常由多个座位组成
   - 高飞行效率
   - 高飞行舒适性和安全性

2. 玩家2的描述集中在陆地交通工具，具有以下特点：
   - 陆地上的交通工具
   - 用于日常出行和短途旅行
   - 速度和灵活性显著
   - 广泛使用，适用于多种出行需求
   - 便捷性和舒适性
   - 灵活行驶在城市和乡村的道路上
   - 快速且直接的连接
   - 依赖燃油驱动
   - 适用于多种地形和气候条件
   - 在城市交通中尤为常见
   - 小体积，便于灵活转弯
   - 舒适的座椅和便捷的操控系统
   - 在交通拥堵时提供更快的出行速度

不一致之处在于玩家2的描述与飞机的特征不符，而是更接近于汽车或摩托车等陆地交通工具的描述。玩家2的描述没有提到空中飞行、长途旅行或跨越大陆和海洋的能力，而是强调了陆地上的日常和短途旅行，以及速度和灵活性。这与玩家1、玩家3和玩家4的描述形成了明显对比。
2024-12-13 14:32:38,724 - 4 - INFO - **********JUDGER**********
你刚刚的分析是1. 玩家1、玩家3和玩家4的描述都强调了交通工具的快速长途旅行能力，特别是跨越大陆和海洋，以及连接不同国家和地区的能力。这些描述具有以下共同点：
   - 用于长途运输
   - 能够在空中飞行
   - 高效，适合跨越广阔地域
   - 短时间内连接不同国家和地区
   - 卓越的飞行性能和效率
   - 高速和远距离能力
   - 独特的设计和飞行性能
   - 高度现代化，通常由多个座位组成
   - 高飞行效率
   - 高飞行舒适性和安全性

2. 玩家2的描述集中在陆地交通工具，具有以下特点：
   - 陆地上的交通工具
   - 用于日常出行和短途旅行
   - 速度和灵活性显著
   - 广泛使用，适用于多种出行需求
   - 便捷性和舒适性
   - 灵活行驶在城市和乡村的道路上
   - 快速且直接的连接
   - 依赖燃油驱动
   - 适用于多种地形和气候条件
   - 在城市交通中尤为常见
   - 小体积，便于灵活转弯
   - 舒适的座椅和便捷的操控系统
   - 在交通拥堵时提供更快的出行速度

不一致之处在于玩家2的描述与飞机的特征不符，而是更接近于汽车或摩托车等陆地交通工具的描述。玩家2的描述没有提到空中飞行、长途旅行或跨越大陆和海洋的能力，而是强调了陆地上的日常和短途旅行，以及速度和灵活性。这与玩家1、玩家3和玩家4的描述形成了明显对比。|| 请通过你分析的不一致之处，推断卧底身份，注意，这局游戏的词语分类为<交通工具>，卧底词和平民词都属于该类。
2024-12-13 14:32:39,905 - 4 - INFO - **********PLAYER4**********
2
2024-12-13 14:32:39,905 - 4 - INFO - **********JUDGER**********
你刚刚的推断是2|| 基于你刚刚的推断得出你的最终结论，请输出你认为的卧底，在这种情况下只需要输出编号，是1-4中的某个数字，不要输出其他信息。在这个过程不要进行任何推理，只对||以前的部分进行信息提取
2024-12-13 14:32:41,502 - 4 - INFO - **********PLAYER4**********
2
