2024-12-12 22:12:32,636 - 1 - INFO - **********JUDGER**********
让我们来玩一个叫做<谁是卧底>的推理游戏。基本规则：<人数>：4人。<角色分配>：每位玩家随机抽取一个词语，3名玩家拿到的词语是相同的（平民词），1名玩家拿到与之相近但不同的词语（卧底词）。<游戏流程>：1、玩家轮流描述自己的词语，但<不能>直接说出词语本身。2、描述完毕后，投票选出最像卧底的玩家。3、每轮结束后，被投票选出的玩家出局，不能再进行描述或投票。4、每轮投票结束后，如果卧底被成功找出，平民方获胜；如果卧底未被找出且卧底人数等于或超过平民人数，则卧底方获胜。你将扮演一个<玩家>，请等待你被分配到的关键词。如果你听懂了，只回答，"好的，我准备好参加游戏了"，不要输出别的信息
2024-12-12 22:12:33,070 - 1 - INFO - **********PLAYER1**********
好的，我准备好参加游戏了
2024-12-12 22:12:36,124 - 1 - INFO - **********JUDGER**********
玩家1说：玩家2说：玩家3说：玩家4说：|| 你是第1号玩家，你的关键词是<月亮>。你的回答中绝对不能包含你的关键词<月亮>。这是第一轮描述，不需要分析||之前别的玩家的描述，请你描述关键词基本特征，注意，这局游戏的词语分类为<天文>，卧底词和平民词都属于该类，描述包括以下两点，1.他的基本特征是什么2.他在该类（天文）中最突出不同的特征是什么，尽量简短
2024-12-12 22:12:37,553 - 1 - INFO - **********PLAYER1**********
这是一个圆而亮的自然天体，夜晚时可以在天空中看到。在所有天文现象中，它以其持久性和变化缓慢而最为突出。
2024-12-12 22:12:44,105 - 1 - INFO - **********JUDGER**********
玩家1说：这是一个圆而亮的自然天体，夜晚时可以在天空中看到。在所有天文现象中，它以其持久性和变化缓慢而最为突出。玩家2说：这是一个红色的行星，通常在夜空中看起来比其他星星更亮。它在该类天体中最突出的不同之处在于它的红色外表和它是太阳系中第四颗行星。玩家3说：这是一个发光的天体，夜晚在天空明亮可见。它在同类天体中最突出的不同之处在于它周期性的圆缺变化。玩家4说：||在这个游戏中，我们需要通过分析每位玩家的描述来找出卧底。通常，平民的描述会围绕相同的词语展开，而卧底的描述可能会因为词语的不同而显得不太一致。我们需要仔细比较每个描述之间的相似性和差异性，以找出可能的卧底，注意，卧底并不会隐藏自己，他会直接描述他的词语，现在，逐一分析每个玩家的描述，注意，这局游戏的词语分类为<天文>，卧底词和平民词都属于该类。这是第一轮描述。
2024-12-12 22:12:48,185 - 1 - INFO - **********PLAYER1**********
好的，根据玩家们的描述，我们可以进行以下分析：

玩家1的描述符合月亮的特征，强调了其圆形、亮度和持久性，没有提及与其他天体的差异。

玩家2的描述提到了一个红色的行星，并指出它是太阳系中的第四颗行星，这与月亮的特征不符，因为月亮没有红色外表，也不是行星。

玩家3的描述提到了一个发光的天体，并强调了其周期性的圆缺变化，这与月亮的特征相符，但描述中未提及月亮是唯一的地球卫星。

玩家4的描述更像是对游戏规则和策略的总结，而不是对月亮特征的描述。

综合以上分析，玩家2的描述与月亮的特征不符，且提到了一个具体的行星特征，这可能是卧底词的特征。因此，玩家2可能是卧底。
2024-12-12 22:12:48,186 - 1 - INFO - **********JUDGER**********
你刚刚的分析是好的，根据玩家们的描述，我们可以进行以下分析：

玩家1的描述符合月亮的特征，强调了其圆形、亮度和持久性，没有提及与其他天体的差异。

玩家2的描述提到了一个红色的行星，并指出它是太阳系中的第四颗行星，这与月亮的特征不符，因为月亮没有红色外表，也不是行星。

玩家3的描述提到了一个发光的天体，并强调了其周期性的圆缺变化，这与月亮的特征相符，但描述中未提及月亮是唯一的地球卫星。

玩家4的描述更像是对游戏规则和策略的总结，而不是对月亮特征的描述。

综合以上分析，玩家2的描述与月亮的特征不符，且提到了一个具体的行星特征，这可能是卧底词的特征。因此，玩家2可能是卧底。|| `请根据上述分析，比较描述以找出不一致之处，注意，这局游戏的词语分类为<天文>，卧底词和平民词都属于该类。
2024-12-12 22:12:53,617 - 1 - INFO - **********PLAYER1**********
根据上述分析，我们可以比较描述中的不一致之处如下：

1. 玩家1的描述专注于月亮的普遍特征，如圆形、亮度和持久性，没有提到月亮是唯一的地球卫星或其周期性的圆缺变化。

2. 玩家2的描述提到了一个红色的行星，这是月亮不具备的特征。此外，它还指出这个行星是太阳系中的第四颗行星，这与月亮（作为卫星）不符。

3. 玩家3的描述提到了一个发光的天体，并强调了其周期性的圆缺变化，这听起来像是月亮的特征，但玩家3没有提到月亮是地球的唯一卫星。

4. 玩家4的描述没有提供任何关于月亮的具体信息，而是对游戏规则和策略进行了总结。

不一致之处主要体现在玩家2的描述中，因为它提到了一个与月亮特征不符的行星特征，而其他玩家的描述要么与月亮特征相符但没有提到月亮的独特性，要么没有提供具体的天文特征。这表明玩家2的描述可能存在不一致，因此可能是卧底。
2024-12-12 22:12:53,617 - 1 - INFO - **********JUDGER**********
你刚刚的分析是根据上述分析，我们可以比较描述中的不一致之处如下：

1. 玩家1的描述专注于月亮的普遍特征，如圆形、亮度和持久性，没有提到月亮是唯一的地球卫星或其周期性的圆缺变化。

2. 玩家2的描述提到了一个红色的行星，这是月亮不具备的特征。此外，它还指出这个行星是太阳系中的第四颗行星，这与月亮（作为卫星）不符。

3. 玩家3的描述提到了一个发光的天体，并强调了其周期性的圆缺变化，这听起来像是月亮的特征，但玩家3没有提到月亮是地球的唯一卫星。

4. 玩家4的描述没有提供任何关于月亮的具体信息，而是对游戏规则和策略进行了总结。

不一致之处主要体现在玩家2的描述中，因为它提到了一个与月亮特征不符的行星特征，而其他玩家的描述要么与月亮特征相符但没有提到月亮的独特性，要么没有提供具体的天文特征。这表明玩家2的描述可能存在不一致，因此可能是卧底。|| 请通过你分析的不一致之处，推断卧底身份，注意，这局游戏的词语分类为<天文>，卧底词和平民词都属于该类。
2024-12-12 22:13:00,349 - 1 - INFO - **********PLAYER1**********
根据分析中提到的不一致之处，可以推断以下信息：

- 玩家1的描述与月亮的特征相符，但没有提到月亮的独特性，这可能是由于描述时有意避免提及唯一性特征。
- 玩家2的描述明显与月亮的特征不符，提到了一个红色的行星，这是火星的特征，且火星是太阳系中的第四颗行星。
- 玩家3的描述提到了发光的天体和周期性的圆缺变化，这与月亮的特征相符，但没有提到月亮是地球的唯一卫星，这可能是因为描述时没有强调这一点。
- 玩家4的描述是对游戏规则和策略的总结，而不是对月亮特征的描述，因此与卧底或平民的词语无关。

由于玩家2的描述与月亮的特征完全不符，并且提到了一个具体的、与月亮不同的天文物体――火星，这强烈暗示了玩家2可能是卧底。因此，根据这些信息，玩家2很可能是持有卧底词的玩家。
2024-12-12 22:13:00,350 - 1 - INFO - **********JUDGER**********
你刚刚的推断是根据分析中提到的不一致之处，可以推断以下信息：

- 玩家1的描述与月亮的特征相符，但没有提到月亮的独特性，这可能是由于描述时有意避免提及唯一性特征。
- 玩家2的描述明显与月亮的特征不符，提到了一个红色的行星，这是火星的特征，且火星是太阳系中的第四颗行星。
- 玩家3的描述提到了发光的天体和周期性的圆缺变化，这与月亮的特征相符，但没有提到月亮是地球的唯一卫星，这可能是因为描述时没有强调这一点。
- 玩家4的描述是对游戏规则和策略的总结，而不是对月亮特征的描述，因此与卧底或平民的词语无关。

由于玩家2的描述与月亮的特征完全不符，并且提到了一个具体的、与月亮不同的天文物体――火星，这强烈暗示了玩家2可能是卧底。因此，根据这些信息，玩家2很可能是持有卧底词的玩家。|| 基于你刚刚的推断得出你的最终结论，请输出你认为的卧底，在这种情况下只需要输出编号，是1-4中的某个数字，不要输出其他信息。在这个过程不要进行任何推理，只对||以前的部分进行信息提取
2024-12-12 22:13:01,120 - 1 - INFO - **********PLAYER1**********
2
2024-12-12 22:13:59,038 - 1 - INFO - **********JUDGER**********
玩家1说：这是一个圆而亮的自然天体，夜晚时可以在天空中看到。在所有天文现象中，它以其持久性和变化缓慢而最为突出。玩家2说：这是一个红色的行星，通常在夜空中看起来比其他星星更亮。它在该类天体中最突出的不同之处在于它的红色外表和它是太阳系中第四颗行星。玩家3说：这是一个发光的天体，夜晚在天空明亮可见。它在同类天体中最突出的不同之处在于它周期性的圆缺变化。玩家4说：这是一个在夜晚可见的天体，表面大部分是暗淡的。它在同类别中最为突出的不同之处在于它是地球唯一的自然卫星。你是第1号玩家，你的关键词是<月亮>。你的回答中绝对不能包含你的关键词<月亮>。这是第二轮描述，你之前的描述是这是一个圆而亮的自然天体，夜晚时可以在天空中看到。在所有天文现象中，它以其持久性和变化缓慢而最为突出。，注意，这局游戏的词语分类为<天文>，卧底词和平民词都属于该类，请你补充关于关键词的描述，注意，你的描述应该比起之前的描述更加贴近关键词，作为之前的补充
2024-12-12 22:14:00,796 - 1 - INFO - **********PLAYER1**********
这个天体在夜空中特别引人注目，它的大小和亮度使其在众多天体中显得格外突出。它的运动轨迹稳定，几乎每天都能在同一个位置上看到。
2024-12-12 22:14:07,101 - 1 - INFO - **********JUDGER**********
玩家1说：这是一个圆而亮的自然天体，夜晚时可以在天空中看到。在所有天文现象中，它以其持久性和变化缓慢而最为突出。这个天体在夜空中特别引人注目，它的大小和亮度使其在众多天体中显得格外突出。它的运动轨迹稳定，几乎每天都能在同一个位置上看到。玩家2说：这是一个红色的行星，通常在夜空中看起来比其他星星更亮。它在该类天体中最突出的不同之处在于它的红色外表和它是太阳系中第四颗行星。这是一个夜晚天空中独特的红色天体，它的表面特征使得它在该类天体中格外显眼。它不仅在夜空中引人注目，而且其运动轨迹稳定，几乎每天都能在固定的位置上观察到。玩家3说：这是一个发光的天体，夜晚在天空明亮可见。它在同类天体中最突出的不同之处在于它周期性的圆缺变化。这是一个天体，它在夜晚的天空中清晰可见，呈现出圆而亮的状态。它的大小和亮度在夜空中非常突出，几乎每天都能在同一个位置上观察到。它的运动轨迹非常稳定，几乎不会发生显著的变化。玩家4说：这是一个在夜晚可见的天体，表面大部分是暗淡的。它在同类别中最为突出的不同之处在于它是地球唯一的自然卫星。||在这个游戏中，我们需要通过分析每位玩家的描述来找出卧底。通常，平民的描述会围绕相同的词语展开，而卧底的描述可能会因为词语的不同而显得不太一致。我们需要仔细比较每个描述之间的相似性和差异性，以找出可能的卧底，注意，卧底并不会隐藏自己，他会直接描述他的词语，现在，逐一分析每个玩家的描述，注意，这局游戏的词语分类为<天文>，卧底词和平民词都属于该类。||之前是第2轮描述和之前轮数描述的合集。你之前认为的卧底是玩家2。
2024-12-12 22:14:12,858 - 1 - INFO - **********PLAYER1**********
根据第二轮描述和之前的描述，我们可以进一步分析：

玩家1的描述强调了天体的圆亮特征和稳定轨迹，这与月亮的特征相符。

玩家2的描述重复了关于红色行星和第四颗行星的信息，以及其红色外表和运动轨迹的稳定性，这与火星的特征相符。

玩家3的描述提到了周期性的圆缺变化，这是月亮的特征，但同时也提到了发光和稳定轨迹，这与月亮的描述相符。

玩家4的描述提到了夜晚可见的暗淡天体，以及它是地球唯一的自然卫星，这明显指向了月亮。

之前的分析中，玩家2的描述与月亮的特征不符，且提到了火星的特征，因此被认为是卧底。然而，在第二轮描述中，玩家2的描述与火星的特征更加一致，而玩家3的描述虽然提到了月亮的特征，但同时也描述了其他天体的特征，这可能导致混淆。

综合考虑，玩家2的描述在第二轮中依然与火星的特征相符，而玩家3的描述虽然包含了月亮的特征，但也可能包含其他天体的特征。因此，基于第二轮描述，玩家2依然是卧底的可能性最大。
2024-12-12 22:14:12,859 - 1 - INFO - **********JUDGER**********
你刚刚的分析是根据第二轮描述和之前的描述，我们可以进一步分析：

玩家1的描述强调了天体的圆亮特征和稳定轨迹，这与月亮的特征相符。

玩家2的描述重复了关于红色行星和第四颗行星的信息，以及其红色外表和运动轨迹的稳定性，这与火星的特征相符。

玩家3的描述提到了周期性的圆缺变化，这是月亮的特征，但同时也提到了发光和稳定轨迹，这与月亮的描述相符。

玩家4的描述提到了夜晚可见的暗淡天体，以及它是地球唯一的自然卫星，这明显指向了月亮。

之前的分析中，玩家2的描述与月亮的特征不符，且提到了火星的特征，因此被认为是卧底。然而，在第二轮描述中，玩家2的描述与火星的特征更加一致，而玩家3的描述虽然提到了月亮的特征，但同时也描述了其他天体的特征，这可能导致混淆。

综合考虑，玩家2的描述在第二轮中依然与火星的特征相符，而玩家3的描述虽然包含了月亮的特征，但也可能包含其他天体的特征。因此，基于第二轮描述，玩家2依然是卧底的可能性最大。|| `请根据上述分析，比较描述以找出不一致之处，注意，这局游戏的词语分类为<天文>，卧底词和平民词都属于该类。
2024-12-12 22:14:20,399 - 1 - INFO - **********PLAYER1**********
根据上述分析，我们可以找出以下不一致之处：

1. 玩家1的描述主要集中在月亮的圆亮特征和稳定轨迹，这与月亮的特征一致。

2. 玩家2的描述提到了红色外表和太阳系中第四颗行星，这些特征与火星相符，而不是月亮。

3. 玩家3的描述提到了周期性的圆缺变化，这是月亮的特征，但同时也提到了发光和稳定轨迹，这虽然与月亮的特征相符，但没有强调月亮是地球唯一的自然卫星，而这一点在玩家4的描述中得到了明确提及。

4. 玩家4的描述明确指出了天体是地球唯一的自然卫星，这是月亮的独特特征，而玩家1、2和3的描述没有提到这一点。

不一致之处在于玩家2的描述中提到了与火星相关的特征，而其他玩家的描述要么没有提到地球唯一的自然卫星这一点，要么没有明确排除其他天体。因此，玩家2的描述与月亮的特征不一致，这可能是卧底的特征。
2024-12-12 22:14:20,399 - 1 - INFO - **********JUDGER**********
你刚刚的分析是根据上述分析，我们可以找出以下不一致之处：

1. 玩家1的描述主要集中在月亮的圆亮特征和稳定轨迹，这与月亮的特征一致。

2. 玩家2的描述提到了红色外表和太阳系中第四颗行星，这些特征与火星相符，而不是月亮。

3. 玩家3的描述提到了周期性的圆缺变化，这是月亮的特征，但同时也提到了发光和稳定轨迹，这虽然与月亮的特征相符，但没有强调月亮是地球唯一的自然卫星，而这一点在玩家4的描述中得到了明确提及。

4. 玩家4的描述明确指出了天体是地球唯一的自然卫星，这是月亮的独特特征，而玩家1、2和3的描述没有提到这一点。

不一致之处在于玩家2的描述中提到了与火星相关的特征，而其他玩家的描述要么没有提到地球唯一的自然卫星这一点，要么没有明确排除其他天体。因此，玩家2的描述与月亮的特征不一致，这可能是卧底的特征。|| 请通过你分析的不一致之处，推断卧底身份，注意，这局游戏的词语分类为<天文>，卧底词和平民词都属于该类。
2024-12-12 22:14:23,217 - 1 - INFO - **********PLAYER1**********
基于分析的不一致之处，可以推断卧底身份是玩家2。因为玩家2的描述中提到了红色外表和太阳系中第四颗行星，这些特征与月亮不符，而是与火星相符，这表明玩家2可能持有火星这个卧底词。
2024-12-12 22:14:23,217 - 1 - INFO - **********JUDGER**********
你刚刚的推断是基于分析的不一致之处，可以推断卧底身份是玩家2。因为玩家2的描述中提到了红色外表和太阳系中第四颗行星，这些特征与月亮不符，而是与火星相符，这表明玩家2可能持有火星这个卧底词。|| 基于你刚刚的推断得出你的最终结论，请输出你认为的卧底，在这种情况下只需要输出编号，是1-4中的某个数字，不要输出其他信息。在这个过程不要进行任何推理，只对||以前的部分进行信息提取
2024-12-12 22:14:24,271 - 1 - INFO - **********PLAYER1**********
2
2024-12-12 22:15:13,342 - 1 - INFO - **********JUDGER**********
玩家1说：这是一个圆而亮的自然天体，夜晚时可以在天空中看到。在所有天文现象中，它以其持久性和变化缓慢而最为突出。这个天体在夜空中特别引人注目，它的大小和亮度使其在众多天体中显得格外突出。它的运动轨迹稳定，几乎每天都能在同一个位置上看到。玩家2说：这是一个红色的行星，通常在夜空中看起来比其他星星更亮。它在该类天体中最突出的不同之处在于它的红色外表和它是太阳系中第四颗行星。这是一个夜晚天空中独特的红色天体，它的表面特征使得它在该类天体中格外显眼。它不仅在夜空中引人注目，而且其运动轨迹稳定，几乎每天都能在固定的位置上观察到。玩家3说：这是一个发光的天体，夜晚在天空明亮可见。它在同类天体中最突出的不同之处在于它周期性的圆缺变化。这是一个天体，它在夜晚的天空中清晰可见，呈现出圆而亮的状态。它的大小和亮度在夜空中非常突出，几乎每天都能在同一个位置上观察到。它的运动轨迹非常稳定，几乎不会发生显著的变化。玩家4说：这是一个在夜晚可见的天体，表面大部分是暗淡的。它在同类别中最为突出的不同之处在于它是地球唯一的自然卫星。这个天体在夜空中以它的圆形和亮度而著称，它的大小和亮度使得它在众多天体中显得非常显眼。它的运动轨迹非常规律，每天几乎都能在同一个位置上观察到。它的表面特征使得它在同类天体中独一无二。你是第1号玩家，你的关键词是<月亮>。你的回答中绝对不能包含你的关键词<月亮>。这是第三轮描述，你之前的描述是这是一个圆而亮的自然天体，夜晚时可以在天空中看到。在所有天文现象中，它以其持久性和变化缓慢而最为突出。和这个天体在夜空中特别引人注目，它的大小和亮度使其在众多天体中显得格外突出。它的运动轨迹稳定，几乎每天都能在同一个位置上看到。，注意，这局游戏的词语分类为<天文>，卧底词和平民词都属于该类，请你补充关于关键词的描述，注意，你的描述应该比起之前的描述更加贴近关键词，作为之前的补充
2024-12-12 22:15:14,841 - 1 - INFO - **********PLAYER1**********
这个天体在夜空中非常明亮，它的光亮在众多天体中显得尤为耀眼。它的形状随着时间呈现周期性的变化，但这种变化非常缓慢，几乎不易察觉。
2024-12-12 22:15:22,674 - 1 - INFO - **********JUDGER**********
玩家1说：这是一个圆而亮的自然天体，夜晚时可以在天空中看到。在所有天文现象中，它以其持久性和变化缓慢而最为突出。这个天体在夜空中特别引人注目，它的大小和亮度使其在众多天体中显得格外突出。它的运动轨迹稳定，几乎每天都能在同一个位置上看到。这个天体在夜空中非常明亮，它的光亮在众多天体中显得尤为耀眼。它的形状随着时间呈现周期性的变化，但这种变化非常缓慢，几乎不易察觉。玩家2说：这是一个红色的行星，通常在夜空中看起来比其他星星更亮。它在该类天体中最突出的不同之处在于它的红色外表和它是太阳系中第四颗行星。这是一个夜晚天空中独特的红色天体，它的表面特征使得它在该类天体中格外显眼。它不仅在夜空中引人注目，而且其运动轨迹稳定，几乎每天都能在固定的位置上观察到。2玩家3说：这是一个发光的天体，夜晚在天空明亮可见。它在同类天体中最突出的不同之处在于它周期性的圆缺变化。这是一个天体，它在夜晚的天空中清晰可见，呈现出圆而亮的状态。它的大小和亮度在夜空中非常突出，几乎每天都能在同一个位置上观察到。它的运动轨迹非常稳定，几乎不会发生显著的变化。这是一个天体，它在夜空中呈现出明显的圆形和亮度，几乎每天都能在相同的位置上观察到。它的运动轨迹非常稳定，几乎不会发生显著的变化。它的表面特征独特，使得它在同类天体中显得格外突出。玩家4说：这是一个在夜晚可见的天体，表面大部分是暗淡的。它在同类别中最为突出的不同之处在于它是地球唯一的自然卫星。这个天体在夜空中以它的圆形和亮度而著称，它的大小和亮度使得它在众多天体中显得非常显眼。它的运动轨迹非常规律，每天几乎都能在同一个位置上观察到。它的表面特征使得它在同类天体中独一无二。这个天体在夜空中以其明亮的圆盘形状而著名，它的亮度在黑暗的夜空中格外引人注目。它的运动轨迹几乎不变，每天都能在相似的位置上观测到。它的表面特征独特，具有明显的亮暗对比，这是它在同类天体中最为突出的特点。||在这个游戏中，我们需要通过分析每位玩家的描述来找出卧底。通常，平民的描述会围绕相同的词语展开，而卧底的描述可能会因为词语的不同而显得不太一致。我们需要仔细比较每个描述之间的相似性和差异性，以找出可能的卧底，注意，卧底并不会隐藏自己，他会直接描述他的词语，现在，逐一分析每个玩家的描述，注意，这局游戏的词语分类为<天文>，卧底词和平民词都属于该类。||之前是第3轮描述和之前轮数描述的合集。你之前认为的卧底是玩家2。
2024-12-12 22:15:29,448 - 1 - INFO - **********PLAYER1**********
根据第三轮描述和之前的描述，我们可以进一步分析：

玩家1的描述强调了天体的圆形、亮度、持久性、缓慢的变化、在夜空中的显眼性以及稳定的运动轨迹，这些特征与月亮相符。

玩家2的描述提到了红色的行星、夜空中的亮度、独特的红色外表、太阳系中的第四颗行星以及稳定的运动轨迹，这些特征与火星相符。

玩家3的描述提到了发光的天体、周期性的圆缺变化、夜空中的可见性、大小和亮度的突出、稳定的运动轨迹以及独特的表面特征，这些特征也与月亮相符，但描述中提到了“同类天体”，这可能意味着描述的是月亮，而不是其他天体。

玩家4的描述提到了夜晚可见的天体、暗淡的表面、地球唯一的自然卫星、圆形和亮度、大小和亮度的显眼性、规律的运动轨迹以及独特的表面特征，这些特征与月亮相符。

综合以上分析，玩家2的描述与火星的特征相符，而其他玩家的描述都与月亮的特征相符。因此，基于第三轮描述，玩家2依然是卧底的可能性最大。
2024-12-12 22:15:29,448 - 1 - INFO - **********JUDGER**********
你刚刚的分析是根据第三轮描述和之前的描述，我们可以进一步分析：

玩家1的描述强调了天体的圆形、亮度、持久性、缓慢的变化、在夜空中的显眼性以及稳定的运动轨迹，这些特征与月亮相符。

玩家2的描述提到了红色的行星、夜空中的亮度、独特的红色外表、太阳系中的第四颗行星以及稳定的运动轨迹，这些特征与火星相符。

玩家3的描述提到了发光的天体、周期性的圆缺变化、夜空中的可见性、大小和亮度的突出、稳定的运动轨迹以及独特的表面特征，这些特征也与月亮相符，但描述中提到了“同类天体”，这可能意味着描述的是月亮，而不是其他天体。

玩家4的描述提到了夜晚可见的天体、暗淡的表面、地球唯一的自然卫星、圆形和亮度、大小和亮度的显眼性、规律的运动轨迹以及独特的表面特征，这些特征与月亮相符。

综合以上分析，玩家2的描述与火星的特征相符，而其他玩家的描述都与月亮的特征相符。因此，基于第三轮描述，玩家2依然是卧底的可能性最大。|| `请根据上述分析，比较描述以找出不一致之处，注意，这局游戏的词语分类为<天文>，卧底词和平民词都属于该类。
2024-12-12 22:15:33,781 - 1 - INFO - **********PLAYER1**********
根据上述分析，不一致之处主要体现在以下两点：

1. 玩家2的描述中明确提到了“红色的行星”和“太阳系中第四颗行星”，这两个特征与火星的特征相符，而与月亮不符。

2. 虽然玩家3和玩家4的描述中提到了与月亮相符的特征，如“发光的天体”、“周期性的圆缺变化”、“夜晚可见”、“圆形和亮度”等，但玩家3在描述中使用了“同类天体”这一表述，而玩家4的描述中提到了“暗淡的表面”，这两个描述都没有像玩家2那样明确指向火星。

因此，玩家2的描述与月亮的特征不一致，而与其他玩家的描述存在明显差异，这可能是由于玩家2持有与月亮不同的卧底词――火星。
2024-12-12 22:15:33,782 - 1 - INFO - **********JUDGER**********
你刚刚的分析是根据上述分析，不一致之处主要体现在以下两点：

1. 玩家2的描述中明确提到了“红色的行星”和“太阳系中第四颗行星”，这两个特征与火星的特征相符，而与月亮不符。

2. 虽然玩家3和玩家4的描述中提到了与月亮相符的特征，如“发光的天体”、“周期性的圆缺变化”、“夜晚可见”、“圆形和亮度”等，但玩家3在描述中使用了“同类天体”这一表述，而玩家4的描述中提到了“暗淡的表面”，这两个描述都没有像玩家2那样明确指向火星。

因此，玩家2的描述与月亮的特征不一致，而与其他玩家的描述存在明显差异，这可能是由于玩家2持有与月亮不同的卧底词――火星。|| 请通过你分析的不一致之处，推断卧底身份，注意，这局游戏的词语分类为<天文>，卧底词和平民词都属于该类。
2024-12-12 22:15:34,669 - 1 - INFO - **********PLAYER1**********
2
2024-12-12 22:15:34,670 - 1 - INFO - **********JUDGER**********
你刚刚的推断是2|| 基于你刚刚的推断得出你的最终结论，请输出你认为的卧底，在这种情况下只需要输出编号，是1-4中的某个数字，不要输出其他信息。在这个过程不要进行任何推理，只对||以前的部分进行信息提取
2024-12-12 22:15:35,616 - 1 - INFO - **********PLAYER1**********
2
