2024-12-12 22:12:33,583 - 2 - INFO - **********JUDGER**********
让我们来玩一个叫做<谁是卧底>的推理游戏。基本规则：<人数>：4人。<角色分配>：每位玩家随机抽取一个词语，3名玩家拿到的词语是相同的（平民词），1名玩家拿到与之相近但不同的词语（卧底词）。<游戏流程>：1、玩家轮流描述自己的词语，但<不能>直接说出词语本身。2、描述完毕后，投票选出最像卧底的玩家。3、每轮结束后，被投票选出的玩家出局，不能再进行描述或投票。4、每轮投票结束后，如果卧底被成功找出，平民方获胜；如果卧底未被找出且卧底人数等于或超过平民人数，则卧底方获胜。你将扮演一个<玩家>，请等待你被分配到的关键词。如果你听懂了，只回答，"好的，我准备好参加游戏了"，不要输出别的信息
2024-12-12 22:12:34,023 - 2 - INFO - **********PLAYER2**********
好的，我准备好参加游戏了
2024-12-12 22:12:37,553 - 2 - INFO - **********JUDGER**********
玩家1说：这是一个圆而亮的自然天体，夜晚时可以在天空中看到。在所有天文现象中，它以其持久性和变化缓慢而最为突出。玩家2说：玩家3说：玩家4说：|| 你是第2号玩家，你的关键词是<火星>。你的回答中绝对不能包含你的关键词<火星>。这是第一轮描述，不需要分析||之前别的玩家的描述，请你描述关键词基本特征，注意，这局游戏的词语分类为<天文>，卧底词和平民词都属于该类，描述包括以下两点，1.他的基本特征是什么2.他在该类（天文）中最突出不同的特征是什么，尽量简短
2024-12-12 22:12:40,453 - 2 - INFO - **********PLAYER2**********
这是一个红色的行星，通常在夜空中看起来比其他星星更亮。它在该类天体中最突出的不同之处在于它的红色外表和它是太阳系中第四颗行星。
2024-12-12 22:13:01,121 - 2 - INFO - **********JUDGER**********
玩家1说：这是一个圆而亮的自然天体，夜晚时可以在天空中看到。在所有天文现象中，它以其持久性和变化缓慢而最为突出。玩家2说：这是一个红色的行星，通常在夜空中看起来比其他星星更亮。它在该类天体中最突出的不同之处在于它的红色外表和它是太阳系中第四颗行星。玩家3说：这是一个发光的天体，夜晚在天空明亮可见。它在同类天体中最突出的不同之处在于它周期性的圆缺变化。玩家4说：||在这个游戏中，我们需要通过分析每位玩家的描述来找出卧底。通常，平民的描述会围绕相同的词语展开，而卧底的描述可能会因为词语的不同而显得不太一致。我们需要仔细比较每个描述之间的相似性和差异性，以找出可能的卧底，注意，卧底并不会隐藏自己，他会直接描述他的词语，现在，逐一分析每个玩家的描述，注意，这局游戏的词语分类为<天文>，卧底词和平民词都属于该类。这是第一轮描述。
2024-12-12 22:13:06,743 - 2 - INFO - **********PLAYER2**********
好的，根据玩家们的描述，我们可以进行以下分析：

玩家1的描述强调了天体的圆形、亮度、夜晚可见以及持久性和变化缓慢，这些特征与月亮相符。

玩家2的描述也提到了天体的圆形、亮度、夜晚可见，以及红色外表和太阳系中的位置，这与火星的特征相符。

玩家3的描述提到了发光的天体、夜晚可见，以及周期性的圆缺变化，这与月亮的相位变化相符。

玩家4的描述似乎在提醒我们注意游戏规则和如何分析描述，而不是提供关于关键词的具体信息。

从这些描述中，我们可以看出玩家1、2和3的描述都与月亮的特征有关，而玩家4没有提供具体的描述。因此，如果玩家4是卧底，他的描述可能会与月亮不同，而玩家1、2和3的描述则可能是一致的。由于所有词语都属于天文类别，卧底可能选择了与月亮不同的天文物体，比如火星。不过，这只是一个初步的分析，需要进一步的信息来确定卧底。
2024-12-12 22:13:06,744 - 2 - INFO - **********JUDGER**********
你刚刚的分析是好的，根据玩家们的描述，我们可以进行以下分析：

玩家1的描述强调了天体的圆形、亮度、夜晚可见以及持久性和变化缓慢，这些特征与月亮相符。

玩家2的描述也提到了天体的圆形、亮度、夜晚可见，以及红色外表和太阳系中的位置，这与火星的特征相符。

玩家3的描述提到了发光的天体、夜晚可见，以及周期性的圆缺变化，这与月亮的相位变化相符。

玩家4的描述似乎在提醒我们注意游戏规则和如何分析描述，而不是提供关于关键词的具体信息。

从这些描述中，我们可以看出玩家1、2和3的描述都与月亮的特征有关，而玩家4没有提供具体的描述。因此，如果玩家4是卧底，他的描述可能会与月亮不同，而玩家1、2和3的描述则可能是一致的。由于所有词语都属于天文类别，卧底可能选择了与月亮不同的天文物体，比如火星。不过，这只是一个初步的分析，需要进一步的信息来确定卧底。|| `请根据上述分析，比较描述以找出不一致之处，注意，这局游戏的词语分类为<天文>，卧底词和平民词都属于该类。
2024-12-12 22:13:11,874 - 2 - INFO - **********PLAYER2**********
根据上述分析，我们可以比较玩家的描述以找出不一致之处：

- 玩家1、2和3的描述都提到了天体的圆形、亮度、夜晚可见这些共同特征。
- 玩家1和玩家3的描述都提到了变化缓慢或周期性的圆缺变化，这与月亮的特征相符。
- 玩家2的描述除了上述共同特征外，还特别提到了红色外表和太阳系中的位置，这是火星的独特特征。

玩家4的描述则没有提供具体的天文特征，而是强调了游戏规则和分析方法，这并不直接帮助我们识别关键词。

不一致之处在于玩家2的描述中提到了“红色外表和太阳系中的位置”，这是火星的特征，而玩家1和玩家3的描述更偏向于月亮的特征。因此，玩家2的描述与其他玩家的描述存在明显的不一致，这可能是识别卧底的关键线索。如果玩家2是卧底，那么他的关键词很可能是火星。如果玩家4是卧底，那么他可能故意没有提供具体的天文特征描述，以隐藏自己的身份。
2024-12-12 22:13:11,876 - 2 - INFO - **********JUDGER**********
你刚刚的分析是根据上述分析，我们可以比较玩家的描述以找出不一致之处：

- 玩家1、2和3的描述都提到了天体的圆形、亮度、夜晚可见这些共同特征。
- 玩家1和玩家3的描述都提到了变化缓慢或周期性的圆缺变化，这与月亮的特征相符。
- 玩家2的描述除了上述共同特征外，还特别提到了红色外表和太阳系中的位置，这是火星的独特特征。

玩家4的描述则没有提供具体的天文特征，而是强调了游戏规则和分析方法，这并不直接帮助我们识别关键词。

不一致之处在于玩家2的描述中提到了“红色外表和太阳系中的位置”，这是火星的特征，而玩家1和玩家3的描述更偏向于月亮的特征。因此，玩家2的描述与其他玩家的描述存在明显的不一致，这可能是识别卧底的关键线索。如果玩家2是卧底，那么他的关键词很可能是火星。如果玩家4是卧底，那么他可能故意没有提供具体的天文特征描述，以隐藏自己的身份。|| 请通过你分析的不一致之处，推断卧底身份，注意，这局游戏的词语分类为<天文>，卧底词和平民词都属于该类。
2024-12-12 22:13:15,787 - 2 - INFO - **********PLAYER2**********
根据分析中提到的不一致之处，我们可以推断卧底身份如下：

- 玩家1、2和3的描述都围绕着月亮的特征，即天体的圆形、亮度、夜晚可见，以及变化缓慢或周期性的圆缺变化。
- 玩家2的描述中提到了“红色外表和太阳系中的位置”，这是火星的独特特征，与月亮的描述不符。
- 玩家4的描述没有提供具体的天文特征，而是强调了游戏规则和分析方法，这本身并不提供关于关键词的直接信息。

由于玩家2的描述与其他玩家有显著的不同，且提到了火星的特征，这是唯一一个与其他玩家描述不一致的天文特征，因此根据这些信息，玩家2很可能是卧底。他的关键词很可能是火星。
2024-12-12 22:13:15,788 - 2 - INFO - **********JUDGER**********
你刚刚的推断是根据分析中提到的不一致之处，我们可以推断卧底身份如下：

- 玩家1、2和3的描述都围绕着月亮的特征，即天体的圆形、亮度、夜晚可见，以及变化缓慢或周期性的圆缺变化。
- 玩家2的描述中提到了“红色外表和太阳系中的位置”，这是火星的独特特征，与月亮的描述不符。
- 玩家4的描述没有提供具体的天文特征，而是强调了游戏规则和分析方法，这本身并不提供关于关键词的直接信息。

由于玩家2的描述与其他玩家有显著的不同，且提到了火星的特征，这是唯一一个与其他玩家描述不一致的天文特征，因此根据这些信息，玩家2很可能是卧底。他的关键词很可能是火星。|| 基于你刚刚的推断得出你的最终结论，请输出你认为的卧底，在这种情况下只需要输出编号，是1-4中的某个数字，不要输出其他信息。在这个过程不要进行任何推理，只对||以前的部分进行信息提取
2024-12-12 22:13:16,155 - 2 - INFO - **********PLAYER2**********
2
2024-12-12 22:14:00,797 - 2 - INFO - **********JUDGER**********
玩家1说：这是一个圆而亮的自然天体，夜晚时可以在天空中看到。在所有天文现象中，它以其持久性和变化缓慢而最为突出。这个天体在夜空中特别引人注目，它的大小和亮度使其在众多天体中显得格外突出。它的运动轨迹稳定，几乎每天都能在同一个位置上看到。玩家2说：这是一个红色的行星，通常在夜空中看起来比其他星星更亮。它在该类天体中最突出的不同之处在于它的红色外表和它是太阳系中第四颗行星。玩家3说：这是一个发光的天体，夜晚在天空明亮可见。它在同类天体中最突出的不同之处在于它周期性的圆缺变化。玩家4说：这是一个在夜晚可见的天体，表面大部分是暗淡的。它在同类别中最为突出的不同之处在于它是地球唯一的自然卫星。你是第2号玩家，你的关键词是<火星>。你的回答中绝对不能包含你的关键词<火星>。这是第二轮描述，你之前的描述是这是一个红色的行星，通常在夜空中看起来比其他星星更亮。它在该类天体中最突出的不同之处在于它的红色外表和它是太阳系中第四颗行星。，注意，这局游戏的词语分类为<天文>，卧底词和平民词都属于该类，请你补充关于关键词的描述，注意，你的描述应该比起之前的描述更加贴近关键词，作为之前的补充
2024-12-12 22:14:03,257 - 2 - INFO - **********PLAYER2**********
这是一个夜晚天空中独特的红色天体，它的表面特征使得它在该类天体中格外显眼。它不仅在夜空中引人注目，而且其运动轨迹稳定，几乎每天都能在固定的位置上观察到。
2024-12-12 22:14:24,273 - 2 - INFO - **********JUDGER**********
玩家1说：这是一个圆而亮的自然天体，夜晚时可以在天空中看到。在所有天文现象中，它以其持久性和变化缓慢而最为突出。这个天体在夜空中特别引人注目，它的大小和亮度使其在众多天体中显得格外突出。它的运动轨迹稳定，几乎每天都能在同一个位置上看到。玩家2说：这是一个红色的行星，通常在夜空中看起来比其他星星更亮。它在该类天体中最突出的不同之处在于它的红色外表和它是太阳系中第四颗行星。这是一个夜晚天空中独特的红色天体，它的表面特征使得它在该类天体中格外显眼。它不仅在夜空中引人注目，而且其运动轨迹稳定，几乎每天都能在固定的位置上观察到。玩家3说：这是一个发光的天体，夜晚在天空明亮可见。它在同类天体中最突出的不同之处在于它周期性的圆缺变化。这是一个天体，它在夜晚的天空中清晰可见，呈现出圆而亮的状态。它的大小和亮度在夜空中非常突出，几乎每天都能在同一个位置上观察到。它的运动轨迹非常稳定，几乎不会发生显著的变化。玩家4说：这是一个在夜晚可见的天体，表面大部分是暗淡的。它在同类别中最为突出的不同之处在于它是地球唯一的自然卫星。||在这个游戏中，我们需要通过分析每位玩家的描述来找出卧底。通常，平民的描述会围绕相同的词语展开，而卧底的描述可能会因为词语的不同而显得不太一致。我们需要仔细比较每个描述之间的相似性和差异性，以找出可能的卧底，注意，卧底并不会隐藏自己，他会直接描述他的词语，现在，逐一分析每个玩家的描述，注意，这局游戏的词语分类为<天文>，卧底词和平民词都属于该类。||之前是第2轮描述和之前轮数描述的合集。你之前认为的卧底是玩家2。
2024-12-12 22:14:29,271 - 2 - INFO - **********PLAYER2**********
根据玩家们的描述，我们可以进行以下分析：

- 玩家1的描述强调了天体的圆形、亮度、夜晚可见，以及持久性和变化缓慢，这些特征与月亮相符。
- 玩家2的描述重复了关于红色行星、亮度、红色外表和太阳系中第四颗行星的信息，这与火星的特征相符。
- 玩家3的描述提到了发光的天体、周期性的圆缺变化、圆而亮的状态、大小和亮度突出，以及稳定的运动轨迹，这些特征与月亮的相位变化相符。
- 玩家4的描述提到了夜晚可见的天体、暗淡的表面、地球唯一的自然卫星，这些特征与月亮相符。

由于玩家2的描述与火星的特征一致，且其他玩家的描述都与月亮的特征相符，这表明玩家2的描述与其他玩家存在不一致之处。因此，基于之前的分析，我仍然认为玩家2是卧底。
2024-12-12 22:14:29,272 - 2 - INFO - **********JUDGER**********
你刚刚的分析是根据玩家们的描述，我们可以进行以下分析：

- 玩家1的描述强调了天体的圆形、亮度、夜晚可见，以及持久性和变化缓慢，这些特征与月亮相符。
- 玩家2的描述重复了关于红色行星、亮度、红色外表和太阳系中第四颗行星的信息，这与火星的特征相符。
- 玩家3的描述提到了发光的天体、周期性的圆缺变化、圆而亮的状态、大小和亮度突出，以及稳定的运动轨迹，这些特征与月亮的相位变化相符。
- 玩家4的描述提到了夜晚可见的天体、暗淡的表面、地球唯一的自然卫星，这些特征与月亮相符。

由于玩家2的描述与火星的特征一致，且其他玩家的描述都与月亮的特征相符，这表明玩家2的描述与其他玩家存在不一致之处。因此，基于之前的分析，我仍然认为玩家2是卧底。|| `请根据上述分析，比较描述以找出不一致之处，注意，这局游戏的词语分类为<天文>，卧底词和平民词都属于该类。
2024-12-12 22:14:33,488 - 2 - INFO - **********PLAYER2**********
根据上述分析，不一致之处如下：

- 玩家1、3和4的描述都围绕着月亮的特征，包括圆形、亮度、夜晚可见、持久性、变化缓慢、周期性的圆缺变化或地球唯一的自然卫星。
- 玩家2的描述虽然也提到了亮度、红色外表和太阳系中的位置，但没有提到月亮的周期性变化或地球唯一的自然卫星，而是强调了红色行星这一特征，这与火星的特征相符。

因此，玩家2的描述在词语分类为<天文>的情况下与其他玩家的描述存在不一致之处，这可能是识别卧底的关键。
2024-12-12 22:14:33,489 - 2 - INFO - **********JUDGER**********
你刚刚的分析是根据上述分析，不一致之处如下：

- 玩家1、3和4的描述都围绕着月亮的特征，包括圆形、亮度、夜晚可见、持久性、变化缓慢、周期性的圆缺变化或地球唯一的自然卫星。
- 玩家2的描述虽然也提到了亮度、红色外表和太阳系中的位置，但没有提到月亮的周期性变化或地球唯一的自然卫星，而是强调了红色行星这一特征，这与火星的特征相符。

因此，玩家2的描述在词语分类为<天文>的情况下与其他玩家的描述存在不一致之处，这可能是识别卧底的关键。|| 请通过你分析的不一致之处，推断卧底身份，注意，这局游戏的词语分类为<天文>，卧底词和平民词都属于该类。
2024-12-12 22:14:34,072 - 2 - INFO - **********PLAYER2**********
2
2024-12-12 22:14:34,072 - 2 - INFO - **********JUDGER**********
你刚刚的推断是2|| 基于你刚刚的推断得出你的最终结论，请输出你认为的卧底，在这种情况下只需要输出编号，是1-4中的某个数字，不要输出其他信息。在这个过程不要进行任何推理，只对||以前的部分进行信息提取
2024-12-12 22:14:34,724 - 2 - INFO - **********PLAYER2**********
2
2024-12-12 22:15:14,842 - 2 - INFO - **********JUDGER**********
玩家1说：这是一个圆而亮的自然天体，夜晚时可以在天空中看到。在所有天文现象中，它以其持久性和变化缓慢而最为突出。这个天体在夜空中特别引人注目，它的大小和亮度使其在众多天体中显得格外突出。它的运动轨迹稳定，几乎每天都能在同一个位置上看到。这个天体在夜空中非常明亮，它的光亮在众多天体中显得尤为耀眼。它的形状随着时间呈现周期性的变化，但这种变化非常缓慢，几乎不易察觉。玩家2说：这是一个红色的行星，通常在夜空中看起来比其他星星更亮。它在该类天体中最突出的不同之处在于它的红色外表和它是太阳系中第四颗行星。这是一个夜晚天空中独特的红色天体，它的表面特征使得它在该类天体中格外显眼。它不仅在夜空中引人注目，而且其运动轨迹稳定，几乎每天都能在固定的位置上观察到。玩家3说：这是一个发光的天体，夜晚在天空明亮可见。它在同类天体中最突出的不同之处在于它周期性的圆缺变化。这是一个天体，它在夜晚的天空中清晰可见，呈现出圆而亮的状态。它的大小和亮度在夜空中非常突出，几乎每天都能在同一个位置上观察到。它的运动轨迹非常稳定，几乎不会发生显著的变化。玩家4说：这是一个在夜晚可见的天体，表面大部分是暗淡的。它在同类别中最为突出的不同之处在于它是地球唯一的自然卫星。这个天体在夜空中以它的圆形和亮度而著称，它的大小和亮度使得它在众多天体中显得非常显眼。它的运动轨迹非常规律，每天几乎都能在同一个位置上观察到。它的表面特征使得它在同类天体中独一无二。你是第2号玩家，你的关键词是<火星>。你的回答中绝对不能包含你的关键词<火星>。这是第三轮描述，你之前的描述是这是一个红色的行星，通常在夜空中看起来比其他星星更亮。它在该类天体中最突出的不同之处在于它的红色外表和它是太阳系中第四颗行星。和这是一个夜晚天空中独特的红色天体，它的表面特征使得它在该类天体中格外显眼。它不仅在夜空中引人注目，而且其运动轨迹稳定，几乎每天都能在固定的位置上观察到。，注意，这局游戏的词语分类为<天文>，卧底词和平民词都属于该类，请你补充关于关键词的描述，注意，你的描述应该比起之前的描述更加贴近关键词，作为之前的补充
2024-12-12 22:15:15,673 - 2 - INFO - **********PLAYER2**********
2
2024-12-12 22:15:35,617 - 2 - INFO - **********JUDGER**********
玩家1说：这是一个圆而亮的自然天体，夜晚时可以在天空中看到。在所有天文现象中，它以其持久性和变化缓慢而最为突出。这个天体在夜空中特别引人注目，它的大小和亮度使其在众多天体中显得格外突出。它的运动轨迹稳定，几乎每天都能在同一个位置上看到。这个天体在夜空中非常明亮，它的光亮在众多天体中显得尤为耀眼。它的形状随着时间呈现周期性的变化，但这种变化非常缓慢，几乎不易察觉。玩家2说：这是一个红色的行星，通常在夜空中看起来比其他星星更亮。它在该类天体中最突出的不同之处在于它的红色外表和它是太阳系中第四颗行星。这是一个夜晚天空中独特的红色天体，它的表面特征使得它在该类天体中格外显眼。它不仅在夜空中引人注目，而且其运动轨迹稳定，几乎每天都能在固定的位置上观察到。2玩家3说：这是一个发光的天体，夜晚在天空明亮可见。它在同类天体中最突出的不同之处在于它周期性的圆缺变化。这是一个天体，它在夜晚的天空中清晰可见，呈现出圆而亮的状态。它的大小和亮度在夜空中非常突出，几乎每天都能在同一个位置上观察到。它的运动轨迹非常稳定，几乎不会发生显著的变化。这是一个天体，它在夜空中呈现出明显的圆形和亮度，几乎每天都能在相同的位置上观察到。它的运动轨迹非常稳定，几乎不会发生显著的变化。它的表面特征独特，使得它在同类天体中显得格外突出。玩家4说：这是一个在夜晚可见的天体，表面大部分是暗淡的。它在同类别中最为突出的不同之处在于它是地球唯一的自然卫星。这个天体在夜空中以它的圆形和亮度而著称，它的大小和亮度使得它在众多天体中显得非常显眼。它的运动轨迹非常规律，每天几乎都能在同一个位置上观察到。它的表面特征使得它在同类天体中独一无二。这个天体在夜空中以其明亮的圆盘形状而著名，它的亮度在黑暗的夜空中格外引人注目。它的运动轨迹几乎不变，每天都能在相似的位置上观测到。它的表面特征独特，具有明显的亮暗对比，这是它在同类天体中最为突出的特点。||在这个游戏中，我们需要通过分析每位玩家的描述来找出卧底。通常，平民的描述会围绕相同的词语展开，而卧底的描述可能会因为词语的不同而显得不太一致。我们需要仔细比较每个描述之间的相似性和差异性，以找出可能的卧底，注意，卧底并不会隐藏自己，他会直接描述他的词语，现在，逐一分析每个玩家的描述，注意，这局游戏的词语分类为<天文>，卧底词和平民词都属于该类。||之前是第3轮描述和之前轮数描述的合集。你之前认为的卧底是玩家2。
2024-12-12 22:15:39,652 - 2 - INFO - **********PLAYER2**********
2
2024-12-12 22:15:39,652 - 2 - INFO - **********JUDGER**********
你刚刚的分析是2|| `请根据上述分析，比较描述以找出不一致之处，注意，这局游戏的词语分类为<天文>，卧底词和平民词都属于该类。
2024-12-12 22:15:45,063 - 2 - INFO - **********PLAYER2**********
在比较玩家的描述时，我们可以发现以下不一致之处：

- 玩家1、3和4的描述都强调了天体的圆形、亮度、夜晚可见、运动轨迹稳定、周期性变化缓慢以及表面特征的独特性。
- 玩家2的描述虽然也提到了天体的亮度、红色外表、运动轨迹稳定和夜空中可见，但没有提到周期性变化、表面特征的独特性以及天体的圆形和大小。

玩家2的描述与火星的特征更为贴近，而其他玩家的描述则更偏向于月亮的特征。因此，不一致之处在于玩家2的描述中缺少了其他玩家描述中提到的周期性变化和表面特征等关键信息。
2024-12-12 22:15:45,064 - 2 - INFO - **********JUDGER**********
你刚刚的分析是在比较玩家的描述时，我们可以发现以下不一致之处：

- 玩家1、3和4的描述都强调了天体的圆形、亮度、夜晚可见、运动轨迹稳定、周期性变化缓慢以及表面特征的独特性。
- 玩家2的描述虽然也提到了天体的亮度、红色外表、运动轨迹稳定和夜空中可见，但没有提到周期性变化、表面特征的独特性以及天体的圆形和大小。

玩家2的描述与火星的特征更为贴近，而其他玩家的描述则更偏向于月亮的特征。因此，不一致之处在于玩家2的描述中缺少了其他玩家描述中提到的周期性变化和表面特征等关键信息。|| 请通过你分析的不一致之处，推断卧底身份，注意，这局游戏的词语分类为<天文>，卧底词和平民词都属于该类。
2024-12-12 22:15:45,864 - 2 - INFO - **********PLAYER2**********
2
2024-12-12 22:15:45,864 - 2 - INFO - **********JUDGER**********
你刚刚的推断是2|| 基于你刚刚的推断得出你的最终结论，请输出你认为的卧底，在这种情况下只需要输出编号，是1-4中的某个数字，不要输出其他信息。在这个过程不要进行任何推理，只对||以前的部分进行信息提取
2024-12-12 22:15:46,770 - 2 - INFO - **********PLAYER2**********
2
2024-12-12 22:15:46,770 - 2 - INFO - **********JUDGER**********
你认为卧底是你自己。你现在需要随便选一个人投票。请输出一个数字，是1-4中的某个数字，但这个数字不能是2，不要输出其他信息。
2024-12-12 22:15:47,596 - 2 - INFO - **********PLAYER2**********
3
