2024-12-12 22:12:34,537 - 3 - INFO - **********JUDGER**********
让我们来玩一个叫做<谁是卧底>的推理游戏。基本规则：<人数>：4人。<角色分配>：每位玩家随机抽取一个词语，3名玩家拿到的词语是相同的（平民词），1名玩家拿到与之相近但不同的词语（卧底词）。<游戏流程>：1、玩家轮流描述自己的词语，但<不能>直接说出词语本身。2、描述完毕后，投票选出最像卧底的玩家。3、每轮结束后，被投票选出的玩家出局，不能再进行描述或投票。4、每轮投票结束后，如果卧底被成功找出，平民方获胜；如果卧底未被找出且卧底人数等于或超过平民人数，则卧底方获胜。你将扮演一个<玩家>，请等待你被分配到的关键词。如果你听懂了，只回答，"好的，我准备好参加游戏了"，不要输出别的信息
2024-12-12 22:12:34,950 - 3 - INFO - **********PLAYER3**********
好的，我准备好参加游戏了
2024-12-12 22:12:40,454 - 3 - INFO - **********JUDGER**********
玩家1说：这是一个圆而亮的自然天体，夜晚时可以在天空中看到。在所有天文现象中，它以其持久性和变化缓慢而最为突出。玩家2说：这是一个红色的行星，通常在夜空中看起来比其他星星更亮。它在该类天体中最突出的不同之处在于它的红色外表和它是太阳系中第四颗行星。玩家3说：玩家4说：|| 你是第3号玩家，你的关键词是<月亮>。你的回答中绝对不能包含你的关键词<月亮>。这是第一轮描述，不需要分析||之前别的玩家的描述，请你描述关键词基本特征，注意，这局游戏的词语分类为<天文>，卧底词和平民词都属于该类，描述包括以下两点，1.他的基本特征是什么2.他在该类（天文）中最突出不同的特征是什么，尽量简短
2024-12-12 22:12:41,729 - 3 - INFO - **********PLAYER3**********
这是一个发光的天体，夜晚在天空明亮可见。它在同类天体中最突出的不同之处在于它周期性的圆缺变化。
2024-12-12 22:13:16,156 - 3 - INFO - **********JUDGER**********
玩家1说：这是一个圆而亮的自然天体，夜晚时可以在天空中看到。在所有天文现象中，它以其持久性和变化缓慢而最为突出。玩家2说：这是一个红色的行星，通常在夜空中看起来比其他星星更亮。它在该类天体中最突出的不同之处在于它的红色外表和它是太阳系中第四颗行星。玩家3说：这是一个发光的天体，夜晚在天空明亮可见。它在同类天体中最突出的不同之处在于它周期性的圆缺变化。玩家4说：||在这个游戏中，我们需要通过分析每位玩家的描述来找出卧底。通常，平民的描述会围绕相同的词语展开，而卧底的描述可能会因为词语的不同而显得不太一致。我们需要仔细比较每个描述之间的相似性和差异性，以找出可能的卧底，注意，卧底并不会隐藏自己，他会直接描述他的词语，现在，逐一分析每个玩家的描述，注意，这局游戏的词语分类为<天文>，卧底词和平民词都属于该类。这是第一轮描述。
2024-12-12 22:13:23,629 - 3 - INFO - **********PLAYER3**********
根据玩家1、玩家3和玩家4的描述，他们都提到了一个圆而亮的自然天体，夜晚可见，并且强调了其持久性和变化缓慢或周期性的圆缺变化。这些描述与月亮的特征相符。

然而，玩家2的描述提到了一个红色的行星，在夜空中比其他星星更亮，并且是太阳系中第四颗行星。这个描述与月亮的特征不符，因为月亮不是红色的行星，也不是太阳系中的行星。

因此，根据第一轮的描述，玩家2的描述与月亮的特征不一致，可能是卧底。
2024-12-12 22:13:23,630 - 3 - INFO - **********JUDGER**********
你刚刚的分析是根据玩家1、玩家3和玩家4的描述，他们都提到了一个圆而亮的自然天体，夜晚可见，并且强调了其持久性和变化缓慢或周期性的圆缺变化。这些描述与月亮的特征相符。

然而，玩家2的描述提到了一个红色的行星，在夜空中比其他星星更亮，并且是太阳系中第四颗行星。这个描述与月亮的特征不符，因为月亮不是红色的行星，也不是太阳系中的行星。

因此，根据第一轮的描述，玩家2的描述与月亮的特征不一致，可能是卧底。|| `请根据上述分析，比较描述以找出不一致之处，注意，这局游戏的词语分类为<天文>，卧底词和平民词都属于该类。
2024-12-12 22:13:29,560 - 3 - INFO - **********PLAYER3**********
根据上述分析，我们可以比较每位玩家的描述来找出不一致之处：

1. 玩家1和玩家3的描述：
   - 都提到了“圆而亮的自然天体”。
   - 都提到了“夜晚时可以在天空中看到”。
   - 都强调了“持久性和变化缓慢”或“周期性的圆缺变化”。

2. 玩家4的描述：
   - 与玩家1和玩家3的描述类似，也提到了“圆而亮的自然天体”和“夜晚可见”。
   - 同样强调了“周期性的圆缺变化”。

3. 玩家2的描述：
   - 提到了“红色的行星”。
   - 强调了“在夜空中看起来比其他星星更亮”。
   - 指出它是“太阳系中第四颗行星”。

不一致之处：
- 玩家2的描述中提到了“红色的行星”，这与月亮的特征不符，因为月亮不是红色的。
- 玩家2还提到了月亮不是的属性，即它是太阳系中的第四颗行星，而月亮实际上不是行星，而是地球的卫星。

因此，玩家2的描述与月亮的特征不一致，且包含了一些与月亮无关的信息，这表明玩家2可能是卧底。
2024-12-12 22:13:29,565 - 3 - INFO - **********JUDGER**********
你刚刚的分析是根据上述分析，我们可以比较每位玩家的描述来找出不一致之处：

1. 玩家1和玩家3的描述：
   - 都提到了“圆而亮的自然天体”。
   - 都提到了“夜晚时可以在天空中看到”。
   - 都强调了“持久性和变化缓慢”或“周期性的圆缺变化”。

2. 玩家4的描述：
   - 与玩家1和玩家3的描述类似，也提到了“圆而亮的自然天体”和“夜晚可见”。
   - 同样强调了“周期性的圆缺变化”。

3. 玩家2的描述：
   - 提到了“红色的行星”。
   - 强调了“在夜空中看起来比其他星星更亮”。
   - 指出它是“太阳系中第四颗行星”。

不一致之处：
- 玩家2的描述中提到了“红色的行星”，这与月亮的特征不符，因为月亮不是红色的。
- 玩家2还提到了月亮不是的属性，即它是太阳系中的第四颗行星，而月亮实际上不是行星，而是地球的卫星。

因此，玩家2的描述与月亮的特征不一致，且包含了一些与月亮无关的信息，这表明玩家2可能是卧底。|| 请通过你分析的不一致之处，推断卧底身份，注意，这局游戏的词语分类为<天文>，卧底词和平民词都属于该类。
2024-12-12 22:13:36,292 - 3 - INFO - **********PLAYER3**********
根据分析的不一致之处，我们可以推断出以下信息：

- 玩家1、玩家3和玩家4的描述都与月亮的特征相符，因为他们都提到了月亮的圆亮特性、夜晚可见以及周期性的圆缺变化。
- 玩家2的描述提到了“红色的行星”，这与月亮的特征不符，因为月亮不是红色的。
- 玩家2还提到这个天体是“太阳系中第四颗行星”，这同样与月亮不符，因为月亮是地球的卫星，不是行星。

考虑到游戏的词语分类为<天文>，且卧底词和平民词都属于该类，玩家2的描述中提到的“红色的行星”最符合火星的特征，因为火星是太阳系中第四颗行星，并且以其红色外表而著名。

因此，根据描述的不一致之处，我们可以推断玩家2是卧底，卧底词是“火星”。
2024-12-12 22:13:36,293 - 3 - INFO - **********JUDGER**********
你刚刚的推断是根据分析的不一致之处，我们可以推断出以下信息：

- 玩家1、玩家3和玩家4的描述都与月亮的特征相符，因为他们都提到了月亮的圆亮特性、夜晚可见以及周期性的圆缺变化。
- 玩家2的描述提到了“红色的行星”，这与月亮的特征不符，因为月亮不是红色的。
- 玩家2还提到这个天体是“太阳系中第四颗行星”，这同样与月亮不符，因为月亮是地球的卫星，不是行星。

考虑到游戏的词语分类为<天文>，且卧底词和平民词都属于该类，玩家2的描述中提到的“红色的行星”最符合火星的特征，因为火星是太阳系中第四颗行星，并且以其红色外表而著名。

因此，根据描述的不一致之处，我们可以推断玩家2是卧底，卧底词是“火星”。|| 基于你刚刚的推断得出你的最终结论，请输出你认为的卧底，在这种情况下只需要输出编号，是1-4中的某个数字，不要输出其他信息。在这个过程不要进行任何推理，只对||以前的部分进行信息提取
2024-12-12 22:13:36,722 - 3 - INFO - **********PLAYER3**********
2
2024-12-12 22:14:03,258 - 3 - INFO - **********JUDGER**********
玩家1说：这是一个圆而亮的自然天体，夜晚时可以在天空中看到。在所有天文现象中，它以其持久性和变化缓慢而最为突出。这个天体在夜空中特别引人注目，它的大小和亮度使其在众多天体中显得格外突出。它的运动轨迹稳定，几乎每天都能在同一个位置上看到。玩家2说：这是一个红色的行星，通常在夜空中看起来比其他星星更亮。它在该类天体中最突出的不同之处在于它的红色外表和它是太阳系中第四颗行星。这是一个夜晚天空中独特的红色天体，它的表面特征使得它在该类天体中格外显眼。它不仅在夜空中引人注目，而且其运动轨迹稳定，几乎每天都能在固定的位置上观察到。玩家3说：这是一个发光的天体，夜晚在天空明亮可见。它在同类天体中最突出的不同之处在于它周期性的圆缺变化。玩家4说：这是一个在夜晚可见的天体，表面大部分是暗淡的。它在同类别中最为突出的不同之处在于它是地球唯一的自然卫星。你是第3号玩家，你的关键词是<月亮>。你的回答中绝对不能包含你的关键词<月亮>。这是第二轮描述，你之前的描述是这是一个发光的天体，夜晚在天空明亮可见。它在同类天体中最突出的不同之处在于它周期性的圆缺变化。，注意，这局游戏的词语分类为<天文>，卧底词和平民词都属于该类，请你补充关于关键词的描述，注意，你的描述应该比起之前的描述更加贴近关键词，作为之前的补充
2024-12-12 22:14:05,242 - 3 - INFO - **********PLAYER3**********
这是一个天体，它在夜晚的天空中清晰可见，呈现出圆而亮的状态。它的大小和亮度在夜空中非常突出，几乎每天都能在同一个位置上观察到。它的运动轨迹非常稳定，几乎不会发生显著的变化。
2024-12-12 22:14:34,725 - 3 - INFO - **********JUDGER**********
玩家1说：这是一个圆而亮的自然天体，夜晚时可以在天空中看到。在所有天文现象中，它以其持久性和变化缓慢而最为突出。这个天体在夜空中特别引人注目，它的大小和亮度使其在众多天体中显得格外突出。它的运动轨迹稳定，几乎每天都能在同一个位置上看到。玩家2说：这是一个红色的行星，通常在夜空中看起来比其他星星更亮。它在该类天体中最突出的不同之处在于它的红色外表和它是太阳系中第四颗行星。这是一个夜晚天空中独特的红色天体，它的表面特征使得它在该类天体中格外显眼。它不仅在夜空中引人注目，而且其运动轨迹稳定，几乎每天都能在固定的位置上观察到。玩家3说：这是一个发光的天体，夜晚在天空明亮可见。它在同类天体中最突出的不同之处在于它周期性的圆缺变化。这是一个天体，它在夜晚的天空中清晰可见，呈现出圆而亮的状态。它的大小和亮度在夜空中非常突出，几乎每天都能在同一个位置上观察到。它的运动轨迹非常稳定，几乎不会发生显著的变化。玩家4说：这是一个在夜晚可见的天体，表面大部分是暗淡的。它在同类别中最为突出的不同之处在于它是地球唯一的自然卫星。||在这个游戏中，我们需要通过分析每位玩家的描述来找出卧底。通常，平民的描述会围绕相同的词语展开，而卧底的描述可能会因为词语的不同而显得不太一致。我们需要仔细比较每个描述之间的相似性和差异性，以找出可能的卧底，注意，卧底并不会隐藏自己，他会直接描述他的词语，现在，逐一分析每个玩家的描述，注意，这局游戏的词语分类为<天文>，卧底词和平民词都属于该类。||之前是第2轮描述和之前轮数描述的合集。你之前认为的卧底是玩家2。
2024-12-12 22:14:45,667 - 3 - INFO - **********PLAYER3**********
根据第二轮描述和之前的分析，玩家2的描述与火星的特征相符，而其他玩家的描述都围绕着月亮的特征。以下是每个玩家的描述分析：

1. 玩家1的描述与月亮的特征非常吻合，强调了月亮的圆亮、持久性、变化缓慢以及夜空中的突出性。

2. 玩家2的描述与火星的特征相符，提到了红色外表、夜空中亮度高、太阳系中第四颗行星，以及表面特征和运动轨迹的稳定性。

3. 玩家3的描述与月亮的特征也吻合，提到了发光、夜晚可见、周期性的圆缺变化、突出性和稳定运动轨迹。

4. 玩家4的描述同样与月亮的特征一致，提到了夜晚可见、表面暗淡、地球唯一的自然卫星以及突出性。

基于以上分析，玩家2的描述与月亮的特征不一致，而是更符合火星的特征。因此，根据第二轮的描述，我仍然认为玩家2是卧底。
2024-12-12 22:14:45,668 - 3 - INFO - **********JUDGER**********
你刚刚的分析是根据第二轮描述和之前的分析，玩家2的描述与火星的特征相符，而其他玩家的描述都围绕着月亮的特征。以下是每个玩家的描述分析：

1. 玩家1的描述与月亮的特征非常吻合，强调了月亮的圆亮、持久性、变化缓慢以及夜空中的突出性。

2. 玩家2的描述与火星的特征相符，提到了红色外表、夜空中亮度高、太阳系中第四颗行星，以及表面特征和运动轨迹的稳定性。

3. 玩家3的描述与月亮的特征也吻合，提到了发光、夜晚可见、周期性的圆缺变化、突出性和稳定运动轨迹。

4. 玩家4的描述同样与月亮的特征一致，提到了夜晚可见、表面暗淡、地球唯一的自然卫星以及突出性。

基于以上分析，玩家2的描述与月亮的特征不一致，而是更符合火星的特征。因此，根据第二轮的描述，我仍然认为玩家2是卧底。|| `请根据上述分析，比较描述以找出不一致之处，注意，这局游戏的词语分类为<天文>，卧底词和平民词都属于该类。
2024-12-12 22:14:51,158 - 3 - INFO - **********PLAYER3**********
根据上述分析，我们可以比较每位玩家的描述以找出不一致之处：

1. 玩家1的描述强调了月亮的圆亮、持久性、变化缓慢以及夜空中的突出性，这些都是月亮的特征。

2. 玩家2的描述提到了红色外表、夜空中亮度高、太阳系中第四颗行星，这些特征与火星相符，而不是月亮。

3. 玩家3的描述与玩家1类似，提到了月亮的发光、夜晚可见、周期性的圆缺变化、突出性和稳定运动轨迹。

4. 玩家4的描述提到了夜晚可见的天体、表面暗淡、地球唯一的自然卫星，这些特征也与月亮相符。

不一致之处：
- 玩家2的描述中提到的“红色外表”和“太阳系中第四颗行星”与月亮的特征不符，因为月亮不是红色的，也不是行星。

因此，玩家2的描述在词语分类<天文>下与月亮的特征不一致，可能是因为他拿到了火星作为卧底词。
2024-12-12 22:14:51,159 - 3 - INFO - **********JUDGER**********
你刚刚的分析是根据上述分析，我们可以比较每位玩家的描述以找出不一致之处：

1. 玩家1的描述强调了月亮的圆亮、持久性、变化缓慢以及夜空中的突出性，这些都是月亮的特征。

2. 玩家2的描述提到了红色外表、夜空中亮度高、太阳系中第四颗行星，这些特征与火星相符，而不是月亮。

3. 玩家3的描述与玩家1类似，提到了月亮的发光、夜晚可见、周期性的圆缺变化、突出性和稳定运动轨迹。

4. 玩家4的描述提到了夜晚可见的天体、表面暗淡、地球唯一的自然卫星，这些特征也与月亮相符。

不一致之处：
- 玩家2的描述中提到的“红色外表”和“太阳系中第四颗行星”与月亮的特征不符，因为月亮不是红色的，也不是行星。

因此，玩家2的描述在词语分类<天文>下与月亮的特征不一致，可能是因为他拿到了火星作为卧底词。|| 请通过你分析的不一致之处，推断卧底身份，注意，这局游戏的词语分类为<天文>，卧底词和平民词都属于该类。
2024-12-12 22:14:53,651 - 3 - INFO - **********PLAYER3**********
根据分析的不一致之处，玩家2的描述中提到的“红色外表”和“太阳系中第四颗行星”与月亮的特征不符。因为月亮不是红色的，也不是太阳系中的行星。这表明玩家2的描述更接近火星的特征，而不是月亮。

因此，基于这些不一致之处，我可以推断玩家2是卧底。
2024-12-12 22:14:53,651 - 3 - INFO - **********JUDGER**********
你刚刚的推断是根据分析的不一致之处，玩家2的描述中提到的“红色外表”和“太阳系中第四颗行星”与月亮的特征不符。因为月亮不是红色的，也不是太阳系中的行星。这表明玩家2的描述更接近火星的特征，而不是月亮。

因此，基于这些不一致之处，我可以推断玩家2是卧底。|| 基于你刚刚的推断得出你的最终结论，请输出你认为的卧底，在这种情况下只需要输出编号，是1-4中的某个数字，不要输出其他信息。在这个过程不要进行任何推理，只对||以前的部分进行信息提取
2024-12-12 22:14:54,289 - 3 - INFO - **********PLAYER3**********
2
2024-12-12 22:15:15,673 - 3 - INFO - **********JUDGER**********
玩家1说：这是一个圆而亮的自然天体，夜晚时可以在天空中看到。在所有天文现象中，它以其持久性和变化缓慢而最为突出。这个天体在夜空中特别引人注目，它的大小和亮度使其在众多天体中显得格外突出。它的运动轨迹稳定，几乎每天都能在同一个位置上看到。这个天体在夜空中非常明亮，它的光亮在众多天体中显得尤为耀眼。它的形状随着时间呈现周期性的变化，但这种变化非常缓慢，几乎不易察觉。玩家2说：这是一个红色的行星，通常在夜空中看起来比其他星星更亮。它在该类天体中最突出的不同之处在于它的红色外表和它是太阳系中第四颗行星。这是一个夜晚天空中独特的红色天体，它的表面特征使得它在该类天体中格外显眼。它不仅在夜空中引人注目，而且其运动轨迹稳定，几乎每天都能在固定的位置上观察到。2玩家3说：这是一个发光的天体，夜晚在天空明亮可见。它在同类天体中最突出的不同之处在于它周期性的圆缺变化。这是一个天体，它在夜晚的天空中清晰可见，呈现出圆而亮的状态。它的大小和亮度在夜空中非常突出，几乎每天都能在同一个位置上观察到。它的运动轨迹非常稳定，几乎不会发生显著的变化。玩家4说：这是一个在夜晚可见的天体，表面大部分是暗淡的。它在同类别中最为突出的不同之处在于它是地球唯一的自然卫星。这个天体在夜空中以它的圆形和亮度而著称，它的大小和亮度使得它在众多天体中显得非常显眼。它的运动轨迹非常规律，每天几乎都能在同一个位置上观察到。它的表面特征使得它在同类天体中独一无二。你是第3号玩家，你的关键词是<月亮>。你的回答中绝对不能包含你的关键词<月亮>。这是第三轮描述，你之前的描述是这是一个发光的天体，夜晚在天空明亮可见。它在同类天体中最突出的不同之处在于它周期性的圆缺变化。和这是一个天体，它在夜晚的天空中清晰可见，呈现出圆而亮的状态。它的大小和亮度在夜空中非常突出，几乎每天都能在同一个位置上观察到。它的运动轨迹非常稳定，几乎不会发生显著的变化。，注意，这局游戏的词语分类为<天文>，卧底词和平民词都属于该类，请你补充关于关键词的描述，注意，你的描述应该比起之前的描述更加贴近关键词，作为之前的补充
2024-12-12 22:15:19,424 - 3 - INFO - **********PLAYER3**********
这是一个天体，它在夜空中呈现出明显的圆形和亮度，几乎每天都能在相同的位置上观察到。它的运动轨迹非常稳定，几乎不会发生显著的变化。它的表面特征独特，使得它在同类天体中显得格外突出。
2024-12-12 22:15:47,596 - 3 - INFO - **********JUDGER**********
玩家1说：这是一个圆而亮的自然天体，夜晚时可以在天空中看到。在所有天文现象中，它以其持久性和变化缓慢而最为突出。这个天体在夜空中特别引人注目，它的大小和亮度使其在众多天体中显得格外突出。它的运动轨迹稳定，几乎每天都能在同一个位置上看到。这个天体在夜空中非常明亮，它的光亮在众多天体中显得尤为耀眼。它的形状随着时间呈现周期性的变化，但这种变化非常缓慢，几乎不易察觉。玩家2说：这是一个红色的行星，通常在夜空中看起来比其他星星更亮。它在该类天体中最突出的不同之处在于它的红色外表和它是太阳系中第四颗行星。这是一个夜晚天空中独特的红色天体，它的表面特征使得它在该类天体中格外显眼。它不仅在夜空中引人注目，而且其运动轨迹稳定，几乎每天都能在固定的位置上观察到。2玩家3说：这是一个发光的天体，夜晚在天空明亮可见。它在同类天体中最突出的不同之处在于它周期性的圆缺变化。这是一个天体，它在夜晚的天空中清晰可见，呈现出圆而亮的状态。它的大小和亮度在夜空中非常突出，几乎每天都能在同一个位置上观察到。它的运动轨迹非常稳定，几乎不会发生显著的变化。这是一个天体，它在夜空中呈现出明显的圆形和亮度，几乎每天都能在相同的位置上观察到。它的运动轨迹非常稳定，几乎不会发生显著的变化。它的表面特征独特，使得它在同类天体中显得格外突出。玩家4说：这是一个在夜晚可见的天体，表面大部分是暗淡的。它在同类别中最为突出的不同之处在于它是地球唯一的自然卫星。这个天体在夜空中以它的圆形和亮度而著称，它的大小和亮度使得它在众多天体中显得非常显眼。它的运动轨迹非常规律，每天几乎都能在同一个位置上观察到。它的表面特征使得它在同类天体中独一无二。这个天体在夜空中以其明亮的圆盘形状而著名，它的亮度在黑暗的夜空中格外引人注目。它的运动轨迹几乎不变，每天都能在相似的位置上观测到。它的表面特征独特，具有明显的亮暗对比，这是它在同类天体中最为突出的特点。||在这个游戏中，我们需要通过分析每位玩家的描述来找出卧底。通常，平民的描述会围绕相同的词语展开，而卧底的描述可能会因为词语的不同而显得不太一致。我们需要仔细比较每个描述之间的相似性和差异性，以找出可能的卧底，注意，卧底并不会隐藏自己，他会直接描述他的词语，现在，逐一分析每个玩家的描述，注意，这局游戏的词语分类为<天文>，卧底词和平民词都属于该类。||之前是第3轮描述和之前轮数描述的合集。你之前认为的卧底是玩家2。
2024-12-12 22:15:53,637 - 3 - INFO - **********PLAYER3**********
根据第三轮描述和之前的分析，我们可以逐一分析每位玩家的描述：

1. 玩家1的描述强调了月亮的持久性、变化缓慢、夜空中的突出性、明亮和形状的周期性变化。

2. 玩家2的描述提到了红色外表、夜空中亮度高、太阳系中第四颗行星，这些特征与火星相符。

3. 玩家3的描述与玩家1和玩家4的描述相似，强调了月亮的圆形、亮度、稳定性、运动轨迹和表面特征的独特性。

4. 玩家4的描述同样强调了月亮的圆形、亮度、规律的运动轨迹、表面特征的独特性和亮度在夜空中的显著性。

不一致之处：
- 玩家2的描述与火星的特征相符，而不是月亮的特征。
- 玩家3和玩家4的描述与月亮的特征相符，强调了月亮的圆形、亮度、运动轨迹和表面特征。

基于这些描述，玩家2的描述与月亮的特征不一致，而更接近火星的特征。因此，根据第三轮的描述，我仍然认为玩家2是卧底。
2024-12-12 22:15:53,638 - 3 - INFO - **********JUDGER**********
你刚刚的分析是根据第三轮描述和之前的分析，我们可以逐一分析每位玩家的描述：

1. 玩家1的描述强调了月亮的持久性、变化缓慢、夜空中的突出性、明亮和形状的周期性变化。

2. 玩家2的描述提到了红色外表、夜空中亮度高、太阳系中第四颗行星，这些特征与火星相符。

3. 玩家3的描述与玩家1和玩家4的描述相似，强调了月亮的圆形、亮度、稳定性、运动轨迹和表面特征的独特性。

4. 玩家4的描述同样强调了月亮的圆形、亮度、规律的运动轨迹、表面特征的独特性和亮度在夜空中的显著性。

不一致之处：
- 玩家2的描述与火星的特征相符，而不是月亮的特征。
- 玩家3和玩家4的描述与月亮的特征相符，强调了月亮的圆形、亮度、运动轨迹和表面特征。

基于这些描述，玩家2的描述与月亮的特征不一致，而更接近火星的特征。因此，根据第三轮的描述，我仍然认为玩家2是卧底。|| `请根据上述分析，比较描述以找出不一致之处，注意，这局游戏的词语分类为<天文>，卧底词和平民词都属于该类。
2024-12-12 22:15:59,196 - 3 - INFO - **********PLAYER3**********
根据上述分析，不一致之处主要体现在以下两点：

1. 玩家2的描述中提到“红色外表”和“太阳系中第四颗行星”，这两个特征与月亮不符。月亮不是红色的，也不是太阳系中的行星。

2. 玩家2的描述中提到“通常在夜空中看起来比其他星星更亮”，虽然这一点也可以适用于月亮，但结合其他特征（如红色外表和太阳系中第四颗行星），这更像是描述火星。

因此，玩家2的描述在词语分类<天文>下与月亮的特征不一致，可能是因为他拿到了火星作为卧底词。
2024-12-12 22:15:59,197 - 3 - INFO - **********JUDGER**********
你刚刚的分析是根据上述分析，不一致之处主要体现在以下两点：

1. 玩家2的描述中提到“红色外表”和“太阳系中第四颗行星”，这两个特征与月亮不符。月亮不是红色的，也不是太阳系中的行星。

2. 玩家2的描述中提到“通常在夜空中看起来比其他星星更亮”，虽然这一点也可以适用于月亮，但结合其他特征（如红色外表和太阳系中第四颗行星），这更像是描述火星。

因此，玩家2的描述在词语分类<天文>下与月亮的特征不一致，可能是因为他拿到了火星作为卧底词。|| 请通过你分析的不一致之处，推断卧底身份，注意，这局游戏的词语分类为<天文>，卧底词和平民词都属于该类。
2024-12-12 22:16:00,311 - 3 - INFO - **********PLAYER3**********
2
2024-12-12 22:16:00,312 - 3 - INFO - **********JUDGER**********
你刚刚的推断是2|| 基于你刚刚的推断得出你的最终结论，请输出你认为的卧底，在这种情况下只需要输出编号，是1-4中的某个数字，不要输出其他信息。在这个过程不要进行任何推理，只对||以前的部分进行信息提取
2024-12-12 22:16:02,097 - 3 - INFO - **********PLAYER3**********
2
