2024-12-12 22:12:35,461 - 4 - INFO - **********JUDGER**********
让我们来玩一个叫做<谁是卧底>的推理游戏。基本规则：<人数>：4人。<角色分配>：每位玩家随机抽取一个词语，3名玩家拿到的词语是相同的（平民词），1名玩家拿到与之相近但不同的词语（卧底词）。<游戏流程>：1、玩家轮流描述自己的词语，但<不能>直接说出词语本身。2、描述完毕后，投票选出最像卧底的玩家。3、每轮结束后，被投票选出的玩家出局，不能再进行描述或投票。4、每轮投票结束后，如果卧底被成功找出，平民方获胜；如果卧底未被找出且卧底人数等于或超过平民人数，则卧底方获胜。你将扮演一个<玩家>，请等待你被分配到的关键词。如果你听懂了，只回答，"好的，我准备好参加游戏了"，不要输出别的信息
2024-12-12 22:12:36,121 - 4 - INFO - **********PLAYER4**********
好的，我准备好参加游戏了
2024-12-12 22:12:41,730 - 4 - INFO - **********JUDGER**********
玩家1说：这是一个圆而亮的自然天体，夜晚时可以在天空中看到。在所有天文现象中，它以其持久性和变化缓慢而最为突出。玩家2说：这是一个红色的行星，通常在夜空中看起来比其他星星更亮。它在该类天体中最突出的不同之处在于它的红色外表和它是太阳系中第四颗行星。玩家3说：这是一个发光的天体，夜晚在天空明亮可见。它在同类天体中最突出的不同之处在于它周期性的圆缺变化。玩家4说：|| 你是第4号玩家，你的关键词是<月亮>。你的回答中绝对不能包含你的关键词<月亮>。这是第一轮描述，不需要分析||之前别的玩家的描述，请你描述关键词基本特征，注意，这局游戏的词语分类为<天文>，卧底词和平民词都属于该类，描述包括以下两点，1.他的基本特征是什么2.他在该类（天文）中最突出不同的特征是什么，尽量简短
2024-12-12 22:12:44,104 - 4 - INFO - **********PLAYER4**********
这是一个在夜晚可见的天体，表面大部分是暗淡的。它在同类别中最为突出的不同之处在于它是地球唯一的自然卫星。
2024-12-12 22:13:36,723 - 4 - INFO - **********JUDGER**********
玩家1说：这是一个圆而亮的自然天体，夜晚时可以在天空中看到。在所有天文现象中，它以其持久性和变化缓慢而最为突出。玩家2说：这是一个红色的行星，通常在夜空中看起来比其他星星更亮。它在该类天体中最突出的不同之处在于它的红色外表和它是太阳系中第四颗行星。玩家3说：这是一个发光的天体，夜晚在天空明亮可见。它在同类天体中最突出的不同之处在于它周期性的圆缺变化。玩家4说：||在这个游戏中，我们需要通过分析每位玩家的描述来找出卧底。通常，平民的描述会围绕相同的词语展开，而卧底的描述可能会因为词语的不同而显得不太一致。我们需要仔细比较每个描述之间的相似性和差异性，以找出可能的卧底，注意，卧底并不会隐藏自己，他会直接描述他的词语，现在，逐一分析每个玩家的描述，注意，这局游戏的词语分类为<天文>，卧底词和平民词都属于该类。这是第一轮描述。
2024-12-12 22:13:44,333 - 4 - INFO - **********PLAYER4**********
根据玩家们的描述，我们可以进行以下分析：

玩家1的描述非常符合月亮的特征，提到了圆而亮、夜晚可见、持久性和变化缓慢，这些都是月亮的典型特征。

玩家2的描述指向了火星，提到了红色、夜空中比星星更亮、是太阳系中第四颗行星以及红色外表，这些都是火星的显著特征。

玩家3的描述同样指向了月亮，提到了发光、夜晚可见、周期性的圆缺变化，这也是月亮的一个显著特征。

玩家4没有提供描述，而是直接指出了游戏的目标和规则，这可能意味着玩家4是卧底，因为卧底通常会直接描述自己的词语。

综上所述，玩家4的行为和描述似乎与卧底的角色相符，而玩家1和玩家3的描述则与月亮的特征一致，玩家2的描述与火星的特征一致。因此，玩家4可能是卧底。
2024-12-12 22:13:44,335 - 4 - INFO - **********JUDGER**********
你刚刚的分析是根据玩家们的描述，我们可以进行以下分析：

玩家1的描述非常符合月亮的特征，提到了圆而亮、夜晚可见、持久性和变化缓慢，这些都是月亮的典型特征。

玩家2的描述指向了火星，提到了红色、夜空中比星星更亮、是太阳系中第四颗行星以及红色外表，这些都是火星的显著特征。

玩家3的描述同样指向了月亮，提到了发光、夜晚可见、周期性的圆缺变化，这也是月亮的一个显著特征。

玩家4没有提供描述，而是直接指出了游戏的目标和规则，这可能意味着玩家4是卧底，因为卧底通常会直接描述自己的词语。

综上所述，玩家4的行为和描述似乎与卧底的角色相符，而玩家1和玩家3的描述则与月亮的特征一致，玩家2的描述与火星的特征一致。因此，玩家4可能是卧底。|| `请根据上述分析，比较描述以找出不一致之处，注意，这局游戏的词语分类为<天文>，卧底词和平民词都属于该类。
2024-12-12 22:13:50,460 - 4 - INFO - **********PLAYER4**********
根据上述分析，我们可以比较描述中的一致性和不一致性如下：

- 玩家1和玩家3的描述都指向了月亮，提到了夜晚可见、发光和周期性的变化，这表明他们可能是平民，因为他们的描述非常一致。
- 玩家2的描述指向了火星，提到了红色、夜空中比星星更亮、是太阳系中第四颗行星以及红色外表，这与月亮的特征不符，因此玩家2可能是卧底。
- 玩家4没有提供描述，而是直接提到了游戏的目标和规则，这本身并不提供关于其词语的直接信息，但卧底通常会直接描述他们的词语，因此玩家4的行为可能暗示了卧底的可能性。

不一致之处在于玩家2的描述与其他两位描述了月亮的玩家不同。火星和月亮在描述上有明显的差异，特别是火星的红色外表和月亮的月相变化。因此，玩家2的描述与月亮的特征不一致，这可能是找出卧底的关键线索。玩家4的行为虽然没有提供直接的描述，但根据游戏规则，卧底通常会直接描述词语，玩家4没有这样做，这也增加了他是卧底的嫌疑。
2024-12-12 22:13:50,462 - 4 - INFO - **********JUDGER**********
你刚刚的分析是根据上述分析，我们可以比较描述中的一致性和不一致性如下：

- 玩家1和玩家3的描述都指向了月亮，提到了夜晚可见、发光和周期性的变化，这表明他们可能是平民，因为他们的描述非常一致。
- 玩家2的描述指向了火星，提到了红色、夜空中比星星更亮、是太阳系中第四颗行星以及红色外表，这与月亮的特征不符，因此玩家2可能是卧底。
- 玩家4没有提供描述，而是直接提到了游戏的目标和规则，这本身并不提供关于其词语的直接信息，但卧底通常会直接描述他们的词语，因此玩家4的行为可能暗示了卧底的可能性。

不一致之处在于玩家2的描述与其他两位描述了月亮的玩家不同。火星和月亮在描述上有明显的差异，特别是火星的红色外表和月亮的月相变化。因此，玩家2的描述与月亮的特征不一致，这可能是找出卧底的关键线索。玩家4的行为虽然没有提供直接的描述，但根据游戏规则，卧底通常会直接描述词语，玩家4没有这样做，这也增加了他是卧底的嫌疑。|| 请通过你分析的不一致之处，推断卧底身份，注意，这局游戏的词语分类为<天文>，卧底词和平民词都属于该类。
2024-12-12 22:13:58,365 - 4 - INFO - **********PLAYER4**********
根据分析中提到的不一致之处，我们可以推断卧底身份如下：

- 玩家1和玩家3的描述一致，且都指向了月亮，这表明他们很可能是平民。
- 玩家2的描述指向了火星，这与月亮的特征明显不符，且火星是太阳系中第四颗行星，而月亮不是行星，这表明玩家2的描述与天文类中的平民词不一致，因此玩家2很可能是卧底。
- 玩家4没有提供描述，而是直接提到了游戏的目标和规则。尽管没有直接描述词语，但根据游戏规则，卧底通常会直接描述他们的词语。玩家4没有这样做，这可能意味着他在隐藏自己的身份，因此玩家4也可能是卧底。

综上所述，玩家2的描述与天文类中的平民词不一致，且指向了另一类天文天体（火星），这强烈暗示玩家2是卧底。而玩家4的行为虽然增加了他是卧底的嫌疑，但没有直接的描述来证实这一点。因此，根据描述的不一致性，玩家2是最有可能的卧底。
2024-12-12 22:13:58,365 - 4 - INFO - **********JUDGER**********
你刚刚的推断是根据分析中提到的不一致之处，我们可以推断卧底身份如下：

- 玩家1和玩家3的描述一致，且都指向了月亮，这表明他们很可能是平民。
- 玩家2的描述指向了火星，这与月亮的特征明显不符，且火星是太阳系中第四颗行星，而月亮不是行星，这表明玩家2的描述与天文类中的平民词不一致，因此玩家2很可能是卧底。
- 玩家4没有提供描述，而是直接提到了游戏的目标和规则。尽管没有直接描述词语，但根据游戏规则，卧底通常会直接描述他们的词语。玩家4没有这样做，这可能意味着他在隐藏自己的身份，因此玩家4也可能是卧底。

综上所述，玩家2的描述与天文类中的平民词不一致，且指向了另一类天文天体（火星），这强烈暗示玩家2是卧底。而玩家4的行为虽然增加了他是卧底的嫌疑，但没有直接的描述来证实这一点。因此，根据描述的不一致性，玩家2是最有可能的卧底。|| 基于你刚刚的推断得出你的最终结论，请输出你认为的卧底，在这种情况下只需要输出编号，是1-4中的某个数字，不要输出其他信息。在这个过程不要进行任何推理，只对||以前的部分进行信息提取
2024-12-12 22:13:59,037 - 4 - INFO - **********PLAYER4**********
2
2024-12-12 22:14:05,242 - 4 - INFO - **********JUDGER**********
玩家1说：这是一个圆而亮的自然天体，夜晚时可以在天空中看到。在所有天文现象中，它以其持久性和变化缓慢而最为突出。这个天体在夜空中特别引人注目，它的大小和亮度使其在众多天体中显得格外突出。它的运动轨迹稳定，几乎每天都能在同一个位置上看到。玩家2说：这是一个红色的行星，通常在夜空中看起来比其他星星更亮。它在该类天体中最突出的不同之处在于它的红色外表和它是太阳系中第四颗行星。这是一个夜晚天空中独特的红色天体，它的表面特征使得它在该类天体中格外显眼。它不仅在夜空中引人注目，而且其运动轨迹稳定，几乎每天都能在固定的位置上观察到。玩家3说：这是一个发光的天体，夜晚在天空明亮可见。它在同类天体中最突出的不同之处在于它周期性的圆缺变化。这是一个天体，它在夜晚的天空中清晰可见，呈现出圆而亮的状态。它的大小和亮度在夜空中非常突出，几乎每天都能在同一个位置上观察到。它的运动轨迹非常稳定，几乎不会发生显著的变化。玩家4说：这是一个在夜晚可见的天体，表面大部分是暗淡的。它在同类别中最为突出的不同之处在于它是地球唯一的自然卫星。你是第4号玩家，你的关键词是<月亮>。你的回答中绝对不能包含你的关键词<月亮>。这是第二轮描述，你之前的描述是这是一个在夜晚可见的天体，表面大部分是暗淡的。它在同类别中最为突出的不同之处在于它是地球唯一的自然卫星。，注意，这局游戏的词语分类为<天文>，卧底词和平民词都属于该类，请你补充关于关键词的描述，注意，你的描述应该比起之前的描述更加贴近关键词，作为之前的补充
2024-12-12 22:14:07,100 - 4 - INFO - **********PLAYER4**********
这个天体在夜空中以它的圆形和亮度而著称，它的大小和亮度使得它在众多天体中显得非常显眼。它的运动轨迹非常规律，每天几乎都能在同一个位置上观察到。它的表面特征使得它在同类天体中独一无二。
2024-12-12 22:14:54,291 - 4 - INFO - **********JUDGER**********
玩家1说：这是一个圆而亮的自然天体，夜晚时可以在天空中看到。在所有天文现象中，它以其持久性和变化缓慢而最为突出。这个天体在夜空中特别引人注目，它的大小和亮度使其在众多天体中显得格外突出。它的运动轨迹稳定，几乎每天都能在同一个位置上看到。玩家2说：这是一个红色的行星，通常在夜空中看起来比其他星星更亮。它在该类天体中最突出的不同之处在于它的红色外表和它是太阳系中第四颗行星。这是一个夜晚天空中独特的红色天体，它的表面特征使得它在该类天体中格外显眼。它不仅在夜空中引人注目，而且其运动轨迹稳定，几乎每天都能在固定的位置上观察到。玩家3说：这是一个发光的天体，夜晚在天空明亮可见。它在同类天体中最突出的不同之处在于它周期性的圆缺变化。这是一个天体，它在夜晚的天空中清晰可见，呈现出圆而亮的状态。它的大小和亮度在夜空中非常突出，几乎每天都能在同一个位置上观察到。它的运动轨迹非常稳定，几乎不会发生显著的变化。玩家4说：这是一个在夜晚可见的天体，表面大部分是暗淡的。它在同类别中最为突出的不同之处在于它是地球唯一的自然卫星。||在这个游戏中，我们需要通过分析每位玩家的描述来找出卧底。通常，平民的描述会围绕相同的词语展开，而卧底的描述可能会因为词语的不同而显得不太一致。我们需要仔细比较每个描述之间的相似性和差异性，以找出可能的卧底，注意，卧底并不会隐藏自己，他会直接描述他的词语，现在，逐一分析每个玩家的描述，注意，这局游戏的词语分类为<天文>，卧底词和平民词都属于该类。||之前是第2轮描述和之前轮数描述的合集。你之前认为的卧底是玩家2。
2024-12-12 22:15:05,988 - 4 - INFO - **********PLAYER4**********
根据第2轮描述和之前的分析，以下是每位玩家的描述分析：

- 玩家1的描述与月亮的特征非常吻合，提到了圆而亮、持久性、变化缓慢、夜空中引人注目、大小和亮度突出、运动轨迹稳定。
- 玩家2的描述指向了火星，提到了红色外表、夜空中比其他星星更亮、太阳系中第四颗行星、表面特征显眼、运动轨迹稳定。
- 玩家3的描述也指向了月亮，提到了发光、周期性的圆缺变化、夜空中明亮可见、圆而亮的状态、大小和亮度突出、运动轨迹稳定。
- 玩家4的描述与月亮的特征相符，提到了夜晚可见、表面大部分是暗淡的、地球唯一的自然卫星。

虽然玩家2的描述在前一轮中指向了火星，但在这一轮中，玩家1和玩家3的描述与玩家4的描述更加一致，都指向了月亮。玩家4的描述与月亮的特征完全吻合，而且没有明显的与月亮不符之处。因此，根据这一轮的描述，玩家4的描述与月亮的特征最为吻合，且与前两轮的描述保持一致。

综合分析，玩家4的描述与月亮的特征最为一致，且没有明显的矛盾点，因此，根据当前的描述，玩家4可能是卧底。
2024-12-12 22:15:05,989 - 4 - INFO - **********JUDGER**********
你刚刚的分析是根据第2轮描述和之前的分析，以下是每位玩家的描述分析：

- 玩家1的描述与月亮的特征非常吻合，提到了圆而亮、持久性、变化缓慢、夜空中引人注目、大小和亮度突出、运动轨迹稳定。
- 玩家2的描述指向了火星，提到了红色外表、夜空中比其他星星更亮、太阳系中第四颗行星、表面特征显眼、运动轨迹稳定。
- 玩家3的描述也指向了月亮，提到了发光、周期性的圆缺变化、夜空中明亮可见、圆而亮的状态、大小和亮度突出、运动轨迹稳定。
- 玩家4的描述与月亮的特征相符，提到了夜晚可见、表面大部分是暗淡的、地球唯一的自然卫星。

虽然玩家2的描述在前一轮中指向了火星，但在这一轮中，玩家1和玩家3的描述与玩家4的描述更加一致，都指向了月亮。玩家4的描述与月亮的特征完全吻合，而且没有明显的与月亮不符之处。因此，根据这一轮的描述，玩家4的描述与月亮的特征最为吻合，且与前两轮的描述保持一致。

综合分析，玩家4的描述与月亮的特征最为一致，且没有明显的矛盾点，因此，根据当前的描述，玩家4可能是卧底。|| `请根据上述分析，比较描述以找出不一致之处，注意，这局游戏的词语分类为<天文>，卧底词和平民词都属于该类。
2024-12-12 22:15:10,540 - 4 - INFO - **********PLAYER4**********
根据上述分析，我们可以比较描述中的一致性和不一致性如下：

- 玩家1、玩家3和玩家4的描述都指向了月亮，提到了夜晚可见、持久性、变化缓慢、运动轨迹稳定等特征，这表明他们的描述非常一致，且与月亮的特征相符。
- 玩家2的描述指向了火星，提到了红色外表、夜空中比其他星星更亮、太阳系中第四颗行星、表面特征显眼等特征，这与月亮的特征不符。

不一致之处在于玩家2的描述与其他三位玩家的描述不同，他的描述指向了火星，而其他三位玩家的描述都指向了月亮。由于游戏规则中卧底词和平民词都属于天文类，且玩家2的描述与月亮的特征不一致，这表明玩家2的描述与其他玩家不一致，可能是卧底。
2024-12-12 22:15:10,541 - 4 - INFO - **********JUDGER**********
你刚刚的分析是根据上述分析，我们可以比较描述中的一致性和不一致性如下：

- 玩家1、玩家3和玩家4的描述都指向了月亮，提到了夜晚可见、持久性、变化缓慢、运动轨迹稳定等特征，这表明他们的描述非常一致，且与月亮的特征相符。
- 玩家2的描述指向了火星，提到了红色外表、夜空中比其他星星更亮、太阳系中第四颗行星、表面特征显眼等特征，这与月亮的特征不符。

不一致之处在于玩家2的描述与其他三位玩家的描述不同，他的描述指向了火星，而其他三位玩家的描述都指向了月亮。由于游戏规则中卧底词和平民词都属于天文类，且玩家2的描述与月亮的特征不一致，这表明玩家2的描述与其他玩家不一致，可能是卧底。|| 请通过你分析的不一致之处，推断卧底身份，注意，这局游戏的词语分类为<天文>，卧底词和平民词都属于该类。
2024-12-12 22:15:12,526 - 4 - INFO - **********PLAYER4**********
基于分析的不一致之处，推断卧底身份如下：

玩家2的描述与其他三位玩家的描述不一致，他提到了火星的特征，而其他玩家描述的是月亮的特征。由于游戏规则规定卧底词和平民词都属于天文类，且玩家2的描述与月亮的特征不符，因此玩家2很可能是卧底。
2024-12-12 22:15:12,527 - 4 - INFO - **********JUDGER**********
你刚刚的推断是基于分析的不一致之处，推断卧底身份如下：

玩家2的描述与其他三位玩家的描述不一致，他提到了火星的特征，而其他玩家描述的是月亮的特征。由于游戏规则规定卧底词和平民词都属于天文类，且玩家2的描述与月亮的特征不符，因此玩家2很可能是卧底。|| 基于你刚刚的推断得出你的最终结论，请输出你认为的卧底，在这种情况下只需要输出编号，是1-4中的某个数字，不要输出其他信息。在这个过程不要进行任何推理，只对||以前的部分进行信息提取
2024-12-12 22:15:13,341 - 4 - INFO - **********PLAYER4**********
2
2024-12-12 22:15:19,425 - 4 - INFO - **********JUDGER**********
玩家1说：这是一个圆而亮的自然天体，夜晚时可以在天空中看到。在所有天文现象中，它以其持久性和变化缓慢而最为突出。这个天体在夜空中特别引人注目，它的大小和亮度使其在众多天体中显得格外突出。它的运动轨迹稳定，几乎每天都能在同一个位置上看到。这个天体在夜空中非常明亮，它的光亮在众多天体中显得尤为耀眼。它的形状随着时间呈现周期性的变化，但这种变化非常缓慢，几乎不易察觉。玩家2说：这是一个红色的行星，通常在夜空中看起来比其他星星更亮。它在该类天体中最突出的不同之处在于它的红色外表和它是太阳系中第四颗行星。这是一个夜晚天空中独特的红色天体，它的表面特征使得它在该类天体中格外显眼。它不仅在夜空中引人注目，而且其运动轨迹稳定，几乎每天都能在固定的位置上观察到。2玩家3说：这是一个发光的天体，夜晚在天空明亮可见。它在同类天体中最突出的不同之处在于它周期性的圆缺变化。这是一个天体，它在夜晚的天空中清晰可见，呈现出圆而亮的状态。它的大小和亮度在夜空中非常突出，几乎每天都能在同一个位置上观察到。它的运动轨迹非常稳定，几乎不会发生显著的变化。这是一个天体，它在夜空中呈现出明显的圆形和亮度，几乎每天都能在相同的位置上观察到。它的运动轨迹非常稳定，几乎不会发生显著的变化。它的表面特征独特，使得它在同类天体中显得格外突出。玩家4说：这是一个在夜晚可见的天体，表面大部分是暗淡的。它在同类别中最为突出的不同之处在于它是地球唯一的自然卫星。这个天体在夜空中以它的圆形和亮度而著称，它的大小和亮度使得它在众多天体中显得非常显眼。它的运动轨迹非常规律，每天几乎都能在同一个位置上观察到。它的表面特征使得它在同类天体中独一无二。你是第4号玩家，你的关键词是<月亮>。你的回答中绝对不能包含你的关键词<月亮>。这是第三轮描述，你之前的描述是这是一个在夜晚可见的天体，表面大部分是暗淡的。它在同类别中最为突出的不同之处在于它是地球唯一的自然卫星。和这个天体在夜空中以它的圆形和亮度而著称，它的大小和亮度使得它在众多天体中显得非常显眼。它的运动轨迹非常规律，每天几乎都能在同一个位置上观察到。它的表面特征使得它在同类天体中独一无二。，注意，这局游戏的词语分类为<天文>，卧底词和平民词都属于该类，请你补充关于关键词的描述，注意，你的描述应该比起之前的描述更加贴近关键词，作为之前的补充
2024-12-12 22:15:22,673 - 4 - INFO - **********PLAYER4**********
这个天体在夜空中以其明亮的圆盘形状而著名，它的亮度在黑暗的夜空中格外引人注目。它的运动轨迹几乎不变，每天都能在相似的位置上观测到。它的表面特征独特，具有明显的亮暗对比，这是它在同类天体中最为突出的特点。
2024-12-12 22:16:02,097 - 4 - INFO - **********JUDGER**********
玩家1说：这是一个圆而亮的自然天体，夜晚时可以在天空中看到。在所有天文现象中，它以其持久性和变化缓慢而最为突出。这个天体在夜空中特别引人注目，它的大小和亮度使其在众多天体中显得格外突出。它的运动轨迹稳定，几乎每天都能在同一个位置上看到。这个天体在夜空中非常明亮，它的光亮在众多天体中显得尤为耀眼。它的形状随着时间呈现周期性的变化，但这种变化非常缓慢，几乎不易察觉。玩家2说：这是一个红色的行星，通常在夜空中看起来比其他星星更亮。它在该类天体中最突出的不同之处在于它的红色外表和它是太阳系中第四颗行星。这是一个夜晚天空中独特的红色天体，它的表面特征使得它在该类天体中格外显眼。它不仅在夜空中引人注目，而且其运动轨迹稳定，几乎每天都能在固定的位置上观察到。2玩家3说：这是一个发光的天体，夜晚在天空明亮可见。它在同类天体中最突出的不同之处在于它周期性的圆缺变化。这是一个天体，它在夜晚的天空中清晰可见，呈现出圆而亮的状态。它的大小和亮度在夜空中非常突出，几乎每天都能在同一个位置上观察到。它的运动轨迹非常稳定，几乎不会发生显著的变化。这是一个天体，它在夜空中呈现出明显的圆形和亮度，几乎每天都能在相同的位置上观察到。它的运动轨迹非常稳定，几乎不会发生显著的变化。它的表面特征独特，使得它在同类天体中显得格外突出。玩家4说：这是一个在夜晚可见的天体，表面大部分是暗淡的。它在同类别中最为突出的不同之处在于它是地球唯一的自然卫星。这个天体在夜空中以它的圆形和亮度而著称，它的大小和亮度使得它在众多天体中显得非常显眼。它的运动轨迹非常规律，每天几乎都能在同一个位置上观察到。它的表面特征使得它在同类天体中独一无二。这个天体在夜空中以其明亮的圆盘形状而著名，它的亮度在黑暗的夜空中格外引人注目。它的运动轨迹几乎不变，每天都能在相似的位置上观测到。它的表面特征独特，具有明显的亮暗对比，这是它在同类天体中最为突出的特点。||在这个游戏中，我们需要通过分析每位玩家的描述来找出卧底。通常，平民的描述会围绕相同的词语展开，而卧底的描述可能会因为词语的不同而显得不太一致。我们需要仔细比较每个描述之间的相似性和差异性，以找出可能的卧底，注意，卧底并不会隐藏自己，他会直接描述他的词语，现在，逐一分析每个玩家的描述，注意，这局游戏的词语分类为<天文>，卧底词和平民词都属于该类。||之前是第3轮描述和之前轮数描述的合集。你之前认为的卧底是玩家2。
2024-12-12 22:16:11,543 - 4 - INFO - **********PLAYER4**********
根据第3轮描述和之前的分析，以下是每位玩家的描述分析：

- 玩家1的描述与月亮的特征非常吻合，提到了圆而亮、持久性、变化缓慢、夜空中引人注目、大小和亮度突出、运动轨迹稳定、周期性变化不易察觉等特征。
- 玩家2的描述指向了火星，提到了红色外表、夜空中比其他星星更亮、太阳系中第四颗行星、表面特征显眼、运动轨迹稳定等特征。
- 玩家3的描述同样指向了月亮，提到了发光、周期性的圆缺变化、夜空中明亮可见、圆而亮的状态、大小和亮度突出、运动轨迹稳定、表面特征独特等特征。
- 玩家4的描述与月亮的特征相符，提到了夜晚可见、表面大部分是暗淡的、地球唯一的自然卫星、圆形和亮度、大小和亮度显眼、运动轨迹规律、表面特征独一无二等特征。

玩家2的描述与其他三位玩家的描述仍然不一致，他的描述指向了火星，而其他玩家描述的是月亮的特征。尽管玩家2在描述中提到了火星是太阳系中第四颗行星，但其他玩家的描述更加详细和具体，且与月亮的特征更加吻合。

因此，根据当前的描述，玩家2的描述仍然与其他玩家的描述不一致，且指向了不同的天文天体，这表明玩家2可能是卧底。
2024-12-12 22:16:11,544 - 4 - INFO - **********JUDGER**********
你刚刚的分析是根据第3轮描述和之前的分析，以下是每位玩家的描述分析：

- 玩家1的描述与月亮的特征非常吻合，提到了圆而亮、持久性、变化缓慢、夜空中引人注目、大小和亮度突出、运动轨迹稳定、周期性变化不易察觉等特征。
- 玩家2的描述指向了火星，提到了红色外表、夜空中比其他星星更亮、太阳系中第四颗行星、表面特征显眼、运动轨迹稳定等特征。
- 玩家3的描述同样指向了月亮，提到了发光、周期性的圆缺变化、夜空中明亮可见、圆而亮的状态、大小和亮度突出、运动轨迹稳定、表面特征独特等特征。
- 玩家4的描述与月亮的特征相符，提到了夜晚可见、表面大部分是暗淡的、地球唯一的自然卫星、圆形和亮度、大小和亮度显眼、运动轨迹规律、表面特征独一无二等特征。

玩家2的描述与其他三位玩家的描述仍然不一致，他的描述指向了火星，而其他玩家描述的是月亮的特征。尽管玩家2在描述中提到了火星是太阳系中第四颗行星，但其他玩家的描述更加详细和具体，且与月亮的特征更加吻合。

因此，根据当前的描述，玩家2的描述仍然与其他玩家的描述不一致，且指向了不同的天文天体，这表明玩家2可能是卧底。|| `请根据上述分析，比较描述以找出不一致之处，注意，这局游戏的词语分类为<天文>，卧底词和平民词都属于该类。
2024-12-12 22:16:18,778 - 4 - INFO - **********PLAYER4**********
根据上述分析，不一致之处如下：

- 玩家1、玩家3和玩家4的描述都指向了月亮，强调了月亮的圆形、亮度、持久性、夜空中的可见性、运动轨迹的稳定性以及表面特征的独特性。
- 玩家2的描述指向了火星，提到了火星的红色外表、亮度、在夜空中的可见性、作为太阳系中第四颗行星的身份、表面特征的显眼性以及运动轨迹的稳定性。

不一致之处在于玩家2的描述与月亮的特征不符，他描述的是火星的特征，如红色外表、太阳系中的位置、表面特征等，这与玩家1、玩家3和玩家4描述的月亮特征不一致。因此，玩家2的描述与其他玩家的描述不一致，是找出卧底的关键线索。
2024-12-12 22:16:18,779 - 4 - INFO - **********JUDGER**********
你刚刚的分析是根据上述分析，不一致之处如下：

- 玩家1、玩家3和玩家4的描述都指向了月亮，强调了月亮的圆形、亮度、持久性、夜空中的可见性、运动轨迹的稳定性以及表面特征的独特性。
- 玩家2的描述指向了火星，提到了火星的红色外表、亮度、在夜空中的可见性、作为太阳系中第四颗行星的身份、表面特征的显眼性以及运动轨迹的稳定性。

不一致之处在于玩家2的描述与月亮的特征不符，他描述的是火星的特征，如红色外表、太阳系中的位置、表面特征等，这与玩家1、玩家3和玩家4描述的月亮特征不一致。因此，玩家2的描述与其他玩家的描述不一致，是找出卧底的关键线索。|| 请通过你分析的不一致之处，推断卧底身份，注意，这局游戏的词语分类为<天文>，卧底词和平民词都属于该类。
2024-12-12 22:16:22,101 - 4 - INFO - **********PLAYER4**********
根据分析的不一致之处，推断卧底身份如下：

玩家2的描述指向了火星，而其他玩家描述的是月亮的特征。由于游戏规则规定卧底词和平民词都属于天文类，且玩家2的描述与其他玩家的描述不一致，因此玩家2很可能是卧底。
2024-12-12 22:16:22,102 - 4 - INFO - **********JUDGER**********
你刚刚的推断是根据分析的不一致之处，推断卧底身份如下：

玩家2的描述指向了火星，而其他玩家描述的是月亮的特征。由于游戏规则规定卧底词和平民词都属于天文类，且玩家2的描述与其他玩家的描述不一致，因此玩家2很可能是卧底。|| 基于你刚刚的推断得出你的最终结论，请输出你认为的卧底，在这种情况下只需要输出编号，是1-4中的某个数字，不要输出其他信息。在这个过程不要进行任何推理，只对||以前的部分进行信息提取
2024-12-12 22:16:23,246 - 4 - INFO - **********PLAYER4**********
2
