2024-12-13 15:20:19,457 - 1 - INFO - **********JUDGER**********
让我们来玩一个叫做<谁是卧底>的推理游戏。基本规则：<人数>：4人。<角色分配>：每位玩家随机抽取一个词语，3名玩家拿到的词语是相同的（平民词），1名玩家拿到与之相近但不同的词语（卧底词）。<游戏流程>：1、玩家轮流描述自己的词语，但<不能>直接说出词语本身。2、描述完毕后，投票选出最像卧底的玩家。3、每轮结束后，被投票选出的玩家出局，不能再进行描述或投票。4、每轮投票结束后，如果卧底被成功找出，平民方获胜；如果卧底未被找出且卧底人数等于或超过平民人数，则卧底方获胜。你将扮演一个<玩家>，请等待你被分配到的关键词。如果你听懂了，只回答，"好的，我准备好参加游戏了"，不要输出别的信息
2024-12-13 15:20:20,372 - 1 - INFO - **********PLAYER1**********
好的，我准备好参加游戏了
2024-12-13 15:20:27,995 - 1 - INFO - **********JUDGER**********
玩家1说：玩家2说：玩家3说：玩家4说：|| 你是第1号玩家，你的关键词是<熊>。你的回答中绝对不能包含你的关键词<熊>。这是第一轮描述，不需要分析||之前别的玩家的描述，请你描述关键词基本特征，注意，这局游戏的词语分类为<动物>，卧底词和平民词都属于该类，描述包括以下两点，1.他的基本特征是什么2.他在该类（动物）中最突出不同的特征是什么，尽量简短
2024-12-13 15:20:30,584 - 1 - INFO - **********PLAYER1**********
这个动物有着长长的鼻子和大大的黑眼睛，它在同类中以其可爱的外表和憨厚的性格而闻名。它的毛色通常是黑白相间，给人一种温暖的感觉。在这类动物中，它最突出的不同之处可能在于它有着非常独特的气味。
2024-12-13 15:20:41,149 - 1 - INFO - **********JUDGER**********
玩家1说：这个动物有着长长的鼻子和大大的黑眼睛，它在同类中以其可爱的外表和憨厚的性格而闻名。它的毛色通常是黑白相间，给人一种温暖的感觉。在这类动物中，它最突出的不同之处可能在于它有着非常独特的气味。玩家2说：这种动物有着灵活的四肢和敏锐的观察力，它们善于攀爬和抓握。在同类中，它们以其善于模仿人类行为而著称，这种模仿能力是其最独特的特征。玩家3说：这个动物体型庞大，有着强壮的身体和锋利的爪牙。它们在同类中最突出的不同之处在于，它们是食肉动物，以捕猎为生。玩家4说：||在这个游戏中，我们需要通过分析每位玩家的描述来找出卧底。通常，平民的描述会围绕相同的词语展开，而卧底的描述可能会因为词语的不同而显得不太一致。我们需要仔细比较每个描述之间的相似性和差异性，以找出可能的卧底，注意，卧底并不会隐藏自己，他会直接描述他的词语，现在，逐一分析每个玩家的描述，注意，这局游戏的词语分类为<动物>，卧底词和平民词都属于该类。这是第一轮描述。
2024-12-13 15:20:53,487 - 1 - INFO - **********PLAYER1**********
作为玩家4，我会这样回应：

在第一轮描述中，玩家1的描述提到了一个有长鼻子、大眼睛、黑白相间毛色、可爱和憨厚的动物，这听起来像是熊。玩家2的描述提到了一个有灵活四肢、敏锐观察力、善于模仿人类行为、模仿能力是其独特特征的动物，这听起来像是猴子。玩家3的描述提到了一个体型庞大、强壮、有锋利爪牙、是食肉动物、以捕猎为生的动物，这听起来像是老虎。我的描述则是一个没有具体特征的动物，只是提到了游戏规则和卧底的描述特点。

根据这些描述，玩家2和玩家3的描述似乎与其他玩家的描述有所不同，因为他们的描述提到了动物的具体行为和习性，而玩家1和我的描述则更侧重于动物的外貌特征。因此，我会认为玩家2和玩家3中可能有一位是卧底，因为他们的描述与“熊”这个词语不太相符。当然，这只是一个初步的分析，后续的描述和投票将帮助我们进一步确定卧底的身份。
2024-12-13 15:20:53,488 - 1 - INFO - **********JUDGER**********
你刚刚的分析是作为玩家4，我会这样回应：

在第一轮描述中，玩家1的描述提到了一个有长鼻子、大眼睛、黑白相间毛色、可爱和憨厚的动物，这听起来像是熊。玩家2的描述提到了一个有灵活四肢、敏锐观察力、善于模仿人类行为、模仿能力是其独特特征的动物，这听起来像是猴子。玩家3的描述提到了一个体型庞大、强壮、有锋利爪牙、是食肉动物、以捕猎为生的动物，这听起来像是老虎。我的描述则是一个没有具体特征的动物，只是提到了游戏规则和卧底的描述特点。

根据这些描述，玩家2和玩家3的描述似乎与其他玩家的描述有所不同，因为他们的描述提到了动物的具体行为和习性，而玩家1和我的描述则更侧重于动物的外貌特征。因此，我会认为玩家2和玩家3中可能有一位是卧底，因为他们的描述与“熊”这个词语不太相符。当然，这只是一个初步的分析，后续的描述和投票将帮助我们进一步确定卧底的身份。|| `请根据上述分析，比较描述以找出不一致之处，注意，这局游戏的词语分类为<动物>，卧底词和平民词都属于该类。
2024-12-13 15:21:07,445 - 1 - INFO - **********PLAYER1**********
根据上述分析，我们可以比较描述中的不一致之处如下：

1. 玩家1的描述集中于熊的外貌特征，如长鼻子、大眼睛、黑白相间毛色、可爱和憨厚，这些都是熊的典型特征。

2. 玩家2的描述提到了猴子，强调了其灵活的四肢、敏锐的观察力、模仿人类行为的能力，这些特征与熊不太相符。

3. 玩家3的描述描述的是老虎，强调了其庞大的体型、强壮的身体、锋利的爪牙以及作为食肉动物以捕猎为生的习性，这些特征也与熊不同。

4. 玩家4的描述没有具体提到任何动物的特征，而是提到了游戏规则和卧底的描述特点，这本身就是一个提示，表明玩家4可能是卧底，因为卧底通常会直接描述自己的词语。

不一致之处在于玩家2和玩家3的描述与“熊”这个词语不符，而玩家1和玩家4的描述要么直接相关要么提供了一个可能的线索。因此，玩家2和玩家3的描述是不一致的，他们中的一位可能是卧底。同时，玩家4的描述也可能表明他或她是卧底，因为卧底通常会试图引导讨论，而不是直接描述动物的特征。
2024-12-13 15:21:07,447 - 1 - INFO - **********JUDGER**********
你刚刚的分析是根据上述分析，我们可以比较描述中的不一致之处如下：

1. 玩家1的描述集中于熊的外貌特征，如长鼻子、大眼睛、黑白相间毛色、可爱和憨厚，这些都是熊的典型特征。

2. 玩家2的描述提到了猴子，强调了其灵活的四肢、敏锐的观察力、模仿人类行为的能力，这些特征与熊不太相符。

3. 玩家3的描述描述的是老虎，强调了其庞大的体型、强壮的身体、锋利的爪牙以及作为食肉动物以捕猎为生的习性，这些特征也与熊不同。

4. 玩家4的描述没有具体提到任何动物的特征，而是提到了游戏规则和卧底的描述特点，这本身就是一个提示，表明玩家4可能是卧底，因为卧底通常会直接描述自己的词语。

不一致之处在于玩家2和玩家3的描述与“熊”这个词语不符，而玩家1和玩家4的描述要么直接相关要么提供了一个可能的线索。因此，玩家2和玩家3的描述是不一致的，他们中的一位可能是卧底。同时，玩家4的描述也可能表明他或她是卧底，因为卧底通常会试图引导讨论，而不是直接描述动物的特征。|| 请通过你分析的不一致之处，推断卧底身份，注意，这局游戏的词语分类为<动物>，卧底词和平民词都属于该类。
2024-12-13 15:21:18,441 - 1 - INFO - **********PLAYER1**********
根据我的分析，我们可以推断卧底身份如下：

- 玩家1的描述与“熊”这个词语相符，没有出现不一致之处。
- 玩家2的描述提到了猴子，这与“熊”这个词语不符，因此玩家2的描述是不一致的。
- 玩家3的描述提到了老虎，同样与“熊”这个词语不符，因此玩家3的描述也是不一致的。
- 玩家4的描述没有具体提到任何动物的特征，而是提到了游戏规则和卧底的描述特点，这本身就是一个提示，表明玩家4可能是卧底。

由于游戏规则中提到卧底词和平民词都属于<动物>类别，而玩家2和玩家3的描述都明确指向了其他动物（猴子和老虎），这两个描述都与“熊”这个平民词不一致。因此，根据描述的不一致之处，玩家2和玩家3中的一位很可能是卧底。

然而，玩家4的描述虽然提供了游戏规则的信息，但同样没有直接描述任何动物特征，这可能意味着玩家4也可能是卧底。但是，由于玩家2和玩家3的描述明显与“熊”不符，他们更有可能是卧底。因此，在没有更多证据的情况下，我会倾向于认为玩家2或玩家3中有一位是卧底。
2024-12-13 15:21:18,441 - 1 - INFO - **********JUDGER**********
你刚刚的推断是根据我的分析，我们可以推断卧底身份如下：

- 玩家1的描述与“熊”这个词语相符，没有出现不一致之处。
- 玩家2的描述提到了猴子，这与“熊”这个词语不符，因此玩家2的描述是不一致的。
- 玩家3的描述提到了老虎，同样与“熊”这个词语不符，因此玩家3的描述也是不一致的。
- 玩家4的描述没有具体提到任何动物的特征，而是提到了游戏规则和卧底的描述特点，这本身就是一个提示，表明玩家4可能是卧底。

由于游戏规则中提到卧底词和平民词都属于<动物>类别，而玩家2和玩家3的描述都明确指向了其他动物（猴子和老虎），这两个描述都与“熊”这个平民词不一致。因此，根据描述的不一致之处，玩家2和玩家3中的一位很可能是卧底。

然而，玩家4的描述虽然提供了游戏规则的信息，但同样没有直接描述任何动物特征，这可能意味着玩家4也可能是卧底。但是，由于玩家2和玩家3的描述明显与“熊”不符，他们更有可能是卧底。因此，在没有更多证据的情况下，我会倾向于认为玩家2或玩家3中有一位是卧底。|| 基于你刚刚的推断得出你的最终结论，请输出你认为的卧底，在这种情况下只需要输出编号，是1-4中的某个数字，不要输出其他信息。在这个过程不要进行任何推理，只对||以前的部分进行信息提取
2024-12-13 15:21:19,542 - 1 - INFO - **********PLAYER1**********
2
2024-12-13 15:23:40,013 - 1 - INFO - **********JUDGER**********
玩家1说：这个动物有着长长的鼻子和大大的黑眼睛，它在同类中以其可爱的外表和憨厚的性格而闻名。它的毛色通常是黑白相间，给人一种温暖的感觉。在这类动物中，它最突出的不同之处可能在于它有着非常独特的气味。玩家2说：这种动物有着灵活的四肢和敏锐的观察力，它们善于攀爬和抓握。在同类中，它们以其善于模仿人类行为而著称，这种模仿能力是其最独特的特征。玩家3说：这个动物体型庞大，有着强壮的身体和锋利的爪牙。它们在同类中最突出的不同之处在于，它们是食肉动物，以捕猎为生。玩家4说：这个动物通常生活在森林中，有着厚实的身体和强壮的四肢。它们以强壮的肌肉和锋利的爪牙著称，是捕猎高手。在该类动物中，它们最突出的不同之处可能在于它们通常具有较为凶猛的个性。你是第1号玩家，你的关键词是<熊>。你的回答中绝对不能包含你的关键词<熊>。这是第二轮描述，你之前的描述是这个动物有着长长的鼻子和大大的黑眼睛，它在同类中以其可爱的外表和憨厚的性格而闻名。它的毛色通常是黑白相间，给人一种温暖的感觉。在这类动物中，它最突出的不同之处可能在于它有着非常独特的气味。，注意，这局游戏的词语分类为<动物>，卧底词和平民词都属于该类，请你补充关于关键词的描述，注意，你的描述应该比起之前的描述更加贴近关键词，作为之前的补充
2024-12-13 15:23:44,268 - 1 - INFO - **********PLAYER1**********
这个动物在同类中以其庞大的身躯和威严的气质著称，它们在森林中漫步，给人一种稳重而强大的印象。它们的身体覆盖着厚厚的毛发，能够在寒冷的环境中保持温暖。在这个动物群体中，它们以其力量和坚韧不拔的性格而闻名。
2024-12-13 15:23:56,515 - 1 - INFO - **********JUDGER**********
玩家1说：这个动物有着长长的鼻子和大大的黑眼睛，它在同类中以其可爱的外表和憨厚的性格而闻名。它的毛色通常是黑白相间，给人一种温暖的感觉。在这类动物中，它最突出的不同之处可能在于它有着非常独特的气味。这个动物在同类中以其庞大的身躯和威严的气质著称，它们在森林中漫步，给人一种稳重而强大的印象。它们的身体覆盖着厚厚的毛发，能够在寒冷的环境中保持温暖。在这个动物群体中，它们以其力量和坚韧不拔的性格而闻名。玩家2说：这种动物有着灵活的四肢和敏锐的观察力，它们善于攀爬和抓握。在同类中，它们以其善于模仿人类行为而著称，这种模仿能力是其最独特的特征。这种动物以其敏捷的身手和智能的大脑而闻名，它们在同类中以其对环境的适应能力和社交行为而著称。它们通常具有多样化的饮食习性，且在繁殖和社交活动中展现出独特的智慧。玩家3说：这个动物体型庞大，有着强壮的身体和锋利的爪牙。它们在同类中最突出的不同之处在于，它们是食肉动物，以捕猎为生。这个动物有着厚重的身躯和坚固的骨架，它们在同类中以其强大的力量和坚韧的耐力而著称。它们的四肢粗壮有力，适合在森林中行走和攀爬。这种动物通常有着黑白相间的毛皮，给人一种强大而神秘的感觉。它们在捕猎时展现出惊人的速度和敏捷性，是森林中的顶级掠食者。在这个动物群体中，它们以其捕猎技巧和生存能力而闻名。玩家4说：这个动物通常生活在森林中，有着厚实的身体和强壮的四肢。它们以强壮的肌肉和锋利的爪牙著称，是捕猎高手。在该类动物中，它们最突出的不同之处可能在于它们通常具有较为凶猛的个性。||在这个游戏中，我们需要通过分析每位玩家的描述来找出卧底。通常，平民的描述会围绕相同的词语展开，而卧底的描述可能会因为词语的不同而显得不太一致。我们需要仔细比较每个描述之间的相似性和差异性，以找出可能的卧底，注意，卧底并不会隐藏自己，他会直接描述他的词语，现在，逐一分析每个玩家的描述，注意，这局游戏的词语分类为<动物>，卧底词和平民词都属于该类。||之前是第2轮描述和之前轮数描述的合集。你之前认为的卧底是玩家2。
2024-12-13 15:23:57,727 - 1 - INFO - **********PLAYER1**********
2
2024-12-13 15:23:57,728 - 1 - INFO - **********JUDGER**********
你刚刚的分析是2|| `请根据上述分析，比较描述以找出不一致之处，注意，这局游戏的词语分类为<动物>，卧底词和平民词都属于该类。
2024-12-13 15:24:19,600 - 1 - INFO - **********PLAYER1**********
在第二轮描述中，四位玩家的描述如下：

- 玩家1描述了一个动物，有着长长的鼻子、大眼睛、黑白相间毛色、可爱的外表、憨厚的性格、庞大的身躯、威严的气质、厚厚的毛发、力量和坚韧不拔的性格。
- 玩家2描述了一个动物，有着灵活的四肢、敏锐的观察力、善于攀爬和抓握、模仿人类行为的能力、敏捷的身手、智能的大脑、对环境的适应能力、多样化的饮食习性、繁殖和社交活动中的智慧。
- 玩家3描述了一个动物，体型庞大、强壮的身体、锋利的爪牙、食肉习性、厚重的身躯、坚固的骨架、粗壮有力的四肢、黑白相间的毛皮、惊人的速度和敏捷性、捕猎技巧和生存能力。
- 玩家4描述了一个动物，生活在森林中、厚实的身体、强壮的四肢、强壮的肌肉、锋利的爪牙、捕猎高手、凶猛的个性。

不一致之处分析：

- 玩家1的描述中提到了“力量”和“坚韧不拔的性格”，这与熊的特点相符。
- 玩家2的描述中提到了模仿人类行为的能力、多样化的饮食习性和繁殖社交活动中的智慧，这些特点更像是猿类或人类而非熊。
- 玩家3的描述中提到了食肉习性、坚固的骨架和捕猎技巧，这些特点更像是猫科动物，如老虎或狮子，而非熊。
- 玩家4的描述中提到了捕猎高手和凶猛的个性，这些特点同样更像是猫科动物。

因此，不一致之处在于玩家2和玩家3的描述，他们的描述更偏向于猫科动物，与熊的特点不符。玩家4的描述虽然也提到了捕猎，但同时也提到了生活在森林中、厚实的身体和强壮的四肢，这些特点与熊较为吻合。所以，玩家2和玩家3的描述与熊这个词语不一致，他们中的一位可能是卧底。
2024-12-13 15:24:19,603 - 1 - INFO - **********JUDGER**********
你刚刚的分析是在第二轮描述中，四位玩家的描述如下：

- 玩家1描述了一个动物，有着长长的鼻子、大眼睛、黑白相间毛色、可爱的外表、憨厚的性格、庞大的身躯、威严的气质、厚厚的毛发、力量和坚韧不拔的性格。
- 玩家2描述了一个动物，有着灵活的四肢、敏锐的观察力、善于攀爬和抓握、模仿人类行为的能力、敏捷的身手、智能的大脑、对环境的适应能力、多样化的饮食习性、繁殖和社交活动中的智慧。
- 玩家3描述了一个动物，体型庞大、强壮的身体、锋利的爪牙、食肉习性、厚重的身躯、坚固的骨架、粗壮有力的四肢、黑白相间的毛皮、惊人的速度和敏捷性、捕猎技巧和生存能力。
- 玩家4描述了一个动物，生活在森林中、厚实的身体、强壮的四肢、强壮的肌肉、锋利的爪牙、捕猎高手、凶猛的个性。

不一致之处分析：

- 玩家1的描述中提到了“力量”和“坚韧不拔的性格”，这与熊的特点相符。
- 玩家2的描述中提到了模仿人类行为的能力、多样化的饮食习性和繁殖社交活动中的智慧，这些特点更像是猿类或人类而非熊。
- 玩家3的描述中提到了食肉习性、坚固的骨架和捕猎技巧，这些特点更像是猫科动物，如老虎或狮子，而非熊。
- 玩家4的描述中提到了捕猎高手和凶猛的个性，这些特点同样更像是猫科动物。

因此，不一致之处在于玩家2和玩家3的描述，他们的描述更偏向于猫科动物，与熊的特点不符。玩家4的描述虽然也提到了捕猎，但同时也提到了生活在森林中、厚实的身体和强壮的四肢，这些特点与熊较为吻合。所以，玩家2和玩家3的描述与熊这个词语不一致，他们中的一位可能是卧底。|| 请通过你分析的不一致之处，推断卧底身份，注意，这局游戏的词语分类为<动物>，卧底词和平民词都属于该类。
2024-12-13 15:24:20,770 - 1 - INFO - **********PLAYER1**********
2
2024-12-13 15:24:20,771 - 1 - INFO - **********JUDGER**********
你刚刚的推断是2|| 基于你刚刚的推断得出你的最终结论，请输出你认为的卧底，在这种情况下只需要输出编号，是1-4中的某个数字，不要输出其他信息。在这个过程不要进行任何推理，只对||以前的部分进行信息提取
2024-12-13 15:24:22,371 - 1 - INFO - **********PLAYER1**********
2
2024-12-13 15:27:08,649 - 1 - INFO - **********JUDGER**********
玩家1说：这个动物有着长长的鼻子和大大的黑眼睛，它在同类中以其可爱的外表和憨厚的性格而闻名。它的毛色通常是黑白相间，给人一种温暖的感觉。在这类动物中，它最突出的不同之处可能在于它有着非常独特的气味。这个动物在同类中以其庞大的身躯和威严的气质著称，它们在森林中漫步，给人一种稳重而强大的印象。它们的身体覆盖着厚厚的毛发，能够在寒冷的环境中保持温暖。在这个动物群体中，它们以其力量和坚韧不拔的性格而闻名。玩家2说：这种动物有着灵活的四肢和敏锐的观察力，它们善于攀爬和抓握。在同类中，它们以其善于模仿人类行为而著称，这种模仿能力是其最独特的特征。这种动物以其敏捷的身手和智能的大脑而闻名，它们在同类中以其对环境的适应能力和社交行为而著称。它们通常具有多样化的饮食习性，且在繁殖和社交活动中展现出独特的智慧。玩家3说：这个动物体型庞大，有着强壮的身体和锋利的爪牙。它们在同类中最突出的不同之处在于，它们是食肉动物，以捕猎为生。这个动物有着厚重的身躯和坚固的骨架，它们在同类中以其强大的力量和坚韧的耐力而著称。它们的四肢粗壮有力，适合在森林中行走和攀爬。这种动物通常有着黑白相间的毛皮，给人一种强大而神秘的感觉。它们在捕猎时展现出惊人的速度和敏捷性，是森林中的顶级掠食者。在这个动物群体中，它们以其捕猎技巧和生存能力而闻名。玩家4说：这个动物通常生活在森林中，有着厚实的身体和强壮的四肢。它们以强壮的肌肉和锋利的爪牙著称，是捕猎高手。在该类动物中，它们最突出的不同之处可能在于它们通常具有较为凶猛的个性。这种动物在同类中以其庞大的身躯和威严的气质著称，它们在森林中漫步，给人一种稳重而强大的印象。它们的身体覆盖着厚厚的毛发，能够在寒冷的环境中保持温暖。在这个动物群体中，它们以其力量和坚韧不拔的性格而闻名。你是第1号玩家，你的关键词是<熊>。你的回答中绝对不能包含你的关键词<熊>。这是第三轮描述，你之前的描述是这个动物有着长长的鼻子和大大的黑眼睛，它在同类中以其可爱的外表和憨厚的性格而闻名。它的毛色通常是黑白相间，给人一种温暖的感觉。在这类动物中，它最突出的不同之处可能在于它有着非常独特的气味。和这个动物在同类中以其庞大的身躯和威严的气质著称，它们在森林中漫步，给人一种稳重而强大的印象。它们的身体覆盖着厚厚的毛发，能够在寒冷的环境中保持温暖。在这个动物群体中，它们以其力量和坚韧不拔的性格而闻名。，注意，这局游戏的词语分类为<动物>，卧底词和平民词都属于该类，请你补充关于关键词的描述，注意，你的描述应该比起之前的描述更加贴近关键词，作为之前的补充
2024-12-13 15:27:14,265 - 1 - INFO - **********PLAYER1**********
这个动物以其强壮的四肢和坚固的爪子著称，它们在同类中以其力量和耐力闻名。它们在森林中行动敏捷，能够迅速捕捉猎物。这种动物有着独特的体型，胸部宽阔，给人一种稳固的感觉。它们的面部表情通常显得严肃，透露出一种不容小觑的威严。在同类中，它们以其适应能力和在复杂环境中的生存技巧而受到尊重。
2024-12-13 15:27:39,669 - 1 - INFO - **********JUDGER**********
玩家1说：这个动物有着长长的鼻子和大大的黑眼睛，它在同类中以其可爱的外表和憨厚的性格而闻名。它的毛色通常是黑白相间，给人一种温暖的感觉。在这类动物中，它最突出的不同之处可能在于它有着非常独特的气味。这个动物在同类中以其庞大的身躯和威严的气质著称，它们在森林中漫步，给人一种稳重而强大的印象。它们的身体覆盖着厚厚的毛发，能够在寒冷的环境中保持温暖。在这个动物群体中，它们以其力量和坚韧不拔的性格而闻名。这个动物以其强壮的四肢和坚固的爪子著称，它们在同类中以其力量和耐力闻名。它们在森林中行动敏捷，能够迅速捕捉猎物。这种动物有着独特的体型，胸部宽阔，给人一种稳固的感觉。它们的面部表情通常显得严肃，透露出一种不容小觑的威严。在同类中，它们以其适应能力和在复杂环境中的生存技巧而受到尊重。玩家2说：这种动物有着灵活的四肢和敏锐的观察力，它们善于攀爬和抓握。在同类中，它们以其善于模仿人类行为而著称，这种模仿能力是其最独特的特征。这种动物以其敏捷的身手和智能的大脑而闻名，它们在同类中以其对环境的适应能力和社交行为而著称。它们通常具有多样化的饮食习性，且在繁殖和社交活动中展现出独特的智慧。这种动物以其小巧的体型和敏捷的动作而闻名，它们在同类中以其活泼好动和好奇的性格而著称。它们在森林中跳跃自如，善于利用树木和藤蔓进行移动。这种动物在同类中以其善于解决复杂问题和社交互动而受到尊重。玩家3说：这个动物体型庞大，有着强壮的身体和锋利的爪牙。它们在同类中最突出的不同之处在于，它们是食肉动物，以捕猎为生。这个动物有着厚重的身躯和坚固的骨架，它们在同类中以其强大的力量和坚韧的耐力而著称。它们的四肢粗壮有力，适合在森林中行走和攀爬。这种动物通常有着黑白相间的毛皮，给人一种强大而神秘的感觉。它们在捕猎时展现出惊人的速度和敏捷性，是森林中的顶级掠食者。在这个动物群体中，它们以其捕猎技巧和生存能力而闻名。这种动物以其宽阔的胸部和坚固的骨架著称，它们在同类中以其稳定的步态和强大的肌肉而闻名。它们的爪子锋利，适合挖掘和抓握。这种动物在森林中的行动虽然缓慢，但它们有着出色的嗅觉和听觉，能够在捕猎时迅速定位猎物。它们的毛皮通常具有保护色，帮助它们在森林中隐蔽。这种动物在同类中以其坚韧的性格和对领地的忠诚而受到尊重。玩家4说：这个动物通常生活在森林中，有着厚实的身体和强壮的四肢。它们以强壮的肌肉和锋利的爪牙著称，是捕猎高手。在该类动物中，它们最突出的不同之处可能在于它们通常具有较为凶猛的个性。这种动物在同类中以其庞大的身躯和威严的气质著称，它们在森林中漫步，给人一种稳重而强大的印象。它们的身体覆盖着厚厚的毛发，能够在寒冷的环境中保持温暖。在这个动物群体中，它们以其力量和坚韧不拔的性格而闻名。这种动物以其强壮的后肢和宽阔的肩膀著称，它们在同类中以其强大的力量和出色的挖掘能力闻名。它们在森林中寻找食物和建造巢穴时，展现出了独特的智慧和技巧。这种动物的面部表情通常显得温和，但它们的目光中透露出坚定的意志。它们在同类中以其对领地的保护和对同伴的忠诚而受到尊敬。||在这个游戏中，我们需要通过分析每位玩家的描述来找出卧底。通常，平民的描述会围绕相同的词语展开，而卧底的描述可能会因为词语的不同而显得不太一致。我们需要仔细比较每个描述之间的相似性和差异性，以找出可能的卧底，注意，卧底并不会隐藏自己，他会直接描述他的词语，现在，逐一分析每个玩家的描述，注意，这局游戏的词语分类为<动物>，卧底词和平民词都属于该类。||之前是第3轮描述和之前轮数描述的合集。你之前认为的卧底是玩家2。
2024-12-13 15:27:41,006 - 1 - INFO - **********PLAYER1**********
3
2024-12-13 15:27:41,006 - 1 - INFO - **********JUDGER**********
你刚刚的分析是3|| `请根据上述分析，比较描述以找出不一致之处，注意，这局游戏的词语分类为<动物>，卧底词和平民词都属于该类。
2024-12-13 15:28:36,370 - 1 - INFO - **********PLAYER1**********
在第三轮描述中，四位玩家的描述如下：

- 玩家1的描述强调了熊的可爱外表、庞大身躯、力量、耐力、适应能力、生存技巧和威严气质。
- 玩家2的描述提到了动物有灵活的四肢、模仿人类行为的能力、敏捷的身手、智能大脑、对环境的适应能力、多样化的饮食习性、繁殖和社交活动中的智慧、小巧的体型、活泼好动和好奇的性格、善于解决复杂问题和社交互动、跳跃自如、善于利用树木和藤蔓移动、善于解决复杂问题和社交互动、坚韧的性格和对领地的忠诚。
- 玩家3的描述强调了动物的庞大体型、强壮的身体、锋利的爪牙、食肉习性、厚重的身躯、坚固的骨架、粗壮有力的四肢、黑白相间的毛皮、惊人的速度和敏捷性、捕猎技巧、生存能力、宽阔的胸部、坚固的骨架、稳定的步态、强大的肌肉、出色的嗅觉和听觉、保护色、坚韧的性格和对领地的忠诚。
- 玩家4的描述再次强调了熊的庞大身躯、力量、耐力、适应能力、生存技巧、威严气质、强壮的后肢、宽阔的肩膀、强大的力量、出色的挖掘能力、温和的面部表情、坚定的意志、对领地的保护和对同伴的忠诚。

不一致之处分析：

- 玩家2的描述中提到了模仿人类行为、多样化的饮食习性、繁殖和社交活动中的智慧、小巧的体型、活泼好动和好奇的性格、善于解决复杂问题和社交互动、跳跃自如、善于利用树木和藤蔓移动等特征，这些特点与熊的典型特征不符，更像是猿类或猴子的特点。
- 玩家3的描述中虽然也提到了一些与熊相关的特征，如黑白相间的毛皮、强大的力量和坚韧的性格，但同时也强调了动物的食肉习性、惊人的速度和敏捷性、捕猎技巧等，这些特点更偏向于猫科动物，如老虎或狮子。
- 玩家4的描述与玩家1的描述非常相似，都强调了熊的庞大身躯、力量、耐力、适应能力、生存技巧和威严气质，没有出现与熊特点不符的描述。

因此，不一致之处在于玩家2的描述，他的描述中包含了与熊不符的特征，如模仿人类行为的能力、多样化的饮食习性等，这些特点使得玩家2的描述与其他玩家的描述相比显得不一致。
2024-12-13 15:28:36,374 - 1 - INFO - **********JUDGER**********
你刚刚的分析是在第三轮描述中，四位玩家的描述如下：

- 玩家1的描述强调了熊的可爱外表、庞大身躯、力量、耐力、适应能力、生存技巧和威严气质。
- 玩家2的描述提到了动物有灵活的四肢、模仿人类行为的能力、敏捷的身手、智能大脑、对环境的适应能力、多样化的饮食习性、繁殖和社交活动中的智慧、小巧的体型、活泼好动和好奇的性格、善于解决复杂问题和社交互动、跳跃自如、善于利用树木和藤蔓移动、善于解决复杂问题和社交互动、坚韧的性格和对领地的忠诚。
- 玩家3的描述强调了动物的庞大体型、强壮的身体、锋利的爪牙、食肉习性、厚重的身躯、坚固的骨架、粗壮有力的四肢、黑白相间的毛皮、惊人的速度和敏捷性、捕猎技巧、生存能力、宽阔的胸部、坚固的骨架、稳定的步态、强大的肌肉、出色的嗅觉和听觉、保护色、坚韧的性格和对领地的忠诚。
- 玩家4的描述再次强调了熊的庞大身躯、力量、耐力、适应能力、生存技巧、威严气质、强壮的后肢、宽阔的肩膀、强大的力量、出色的挖掘能力、温和的面部表情、坚定的意志、对领地的保护和对同伴的忠诚。

不一致之处分析：

- 玩家2的描述中提到了模仿人类行为、多样化的饮食习性、繁殖和社交活动中的智慧、小巧的体型、活泼好动和好奇的性格、善于解决复杂问题和社交互动、跳跃自如、善于利用树木和藤蔓移动等特征，这些特点与熊的典型特征不符，更像是猿类或猴子的特点。
- 玩家3的描述中虽然也提到了一些与熊相关的特征，如黑白相间的毛皮、强大的力量和坚韧的性格，但同时也强调了动物的食肉习性、惊人的速度和敏捷性、捕猎技巧等，这些特点更偏向于猫科动物，如老虎或狮子。
- 玩家4的描述与玩家1的描述非常相似，都强调了熊的庞大身躯、力量、耐力、适应能力、生存技巧和威严气质，没有出现与熊特点不符的描述。

因此，不一致之处在于玩家2的描述，他的描述中包含了与熊不符的特征，如模仿人类行为的能力、多样化的饮食习性等，这些特点使得玩家2的描述与其他玩家的描述相比显得不一致。|| 请通过你分析的不一致之处，推断卧底身份，注意，这局游戏的词语分类为<动物>，卧底词和平民词都属于该类。
2024-12-13 15:28:38,101 - 1 - INFO - **********PLAYER1**********
2
2024-12-13 15:28:38,102 - 1 - INFO - **********JUDGER**********
你刚刚的推断是2|| 基于你刚刚的推断得出你的最终结论，请输出你认为的卧底，在这种情况下只需要输出编号，是1-4中的某个数字，不要输出其他信息。在这个过程不要进行任何推理，只对||以前的部分进行信息提取
2024-12-13 15:28:39,646 - 1 - INFO - **********PLAYER1**********
2
