2024-12-13 15:20:20,881 - 2 - INFO - **********JUDGER**********
让我们来玩一个叫做<谁是卧底>的推理游戏。基本规则：<人数>：4人。<角色分配>：每位玩家随机抽取一个词语，3名玩家拿到的词语是相同的（平民词），1名玩家拿到与之相近但不同的词语（卧底词）。<游戏流程>：1、玩家轮流描述自己的词语，但<不能>直接说出词语本身。2、描述完毕后，投票选出最像卧底的玩家。3、每轮结束后，被投票选出的玩家出局，不能再进行描述或投票。4、每轮投票结束后，如果卧底被成功找出，平民方获胜；如果卧底未被找出且卧底人数等于或超过平民人数，则卧底方获胜。你将扮演一个<玩家>，请等待你被分配到的关键词。如果你听懂了，只回答，"好的，我准备好参加游戏了"，不要输出别的信息
2024-12-13 15:20:21,889 - 2 - INFO - **********PLAYER2**********
好的，我准备好参加游戏了
2024-12-13 15:20:30,584 - 2 - INFO - **********JUDGER**********
玩家1说：这个动物有着长长的鼻子和大大的黑眼睛，它在同类中以其可爱的外表和憨厚的性格而闻名。它的毛色通常是黑白相间，给人一种温暖的感觉。在这类动物中，它最突出的不同之处可能在于它有着非常独特的气味。玩家2说：玩家3说：玩家4说：|| 你是第2号玩家，你的关键词是<猴子>。你的回答中绝对不能包含你的关键词<猴子>。这是第一轮描述，不需要分析||之前别的玩家的描述，请你描述关键词基本特征，注意，这局游戏的词语分类为<动物>，卧底词和平民词都属于该类，描述包括以下两点，1.他的基本特征是什么2.他在该类（动物）中最突出不同的特征是什么，尽量简短
2024-12-13 15:20:33,933 - 2 - INFO - **********PLAYER2**********
这种动物有着灵活的四肢和敏锐的观察力，它们善于攀爬和抓握。在同类中，它们以其善于模仿人类行为而著称，这种模仿能力是其最独特的特征。
2024-12-13 15:21:19,543 - 2 - INFO - **********JUDGER**********
玩家1说：这个动物有着长长的鼻子和大大的黑眼睛，它在同类中以其可爱的外表和憨厚的性格而闻名。它的毛色通常是黑白相间，给人一种温暖的感觉。在这类动物中，它最突出的不同之处可能在于它有着非常独特的气味。玩家2说：这种动物有着灵活的四肢和敏锐的观察力，它们善于攀爬和抓握。在同类中，它们以其善于模仿人类行为而著称，这种模仿能力是其最独特的特征。玩家3说：这个动物体型庞大，有着强壮的身体和锋利的爪牙。它们在同类中最突出的不同之处在于，它们是食肉动物，以捕猎为生。玩家4说：||在这个游戏中，我们需要通过分析每位玩家的描述来找出卧底。通常，平民的描述会围绕相同的词语展开，而卧底的描述可能会因为词语的不同而显得不太一致。我们需要仔细比较每个描述之间的相似性和差异性，以找出可能的卧底，注意，卧底并不会隐藏自己，他会直接描述他的词语，现在，逐一分析每个玩家的描述，注意，这局游戏的词语分类为<动物>，卧底词和平民词都属于该类。这是第一轮描述。
2024-12-13 15:21:34,102 - 2 - INFO - **********PLAYER2**********
玩家1描述的动物听起来像是熊猫，因为熊猫确实有长长的鼻子、大大的黑眼睛，毛色黑白相间，且以可爱的外表和憨厚的性格闻名。

玩家2的描述更像是猴子，猴子确实有灵活的四肢、敏锐的观察力，善于攀爬和抓握，而且以模仿人类行为而著称。

玩家3的描述似乎指向的是老虎，老虎体型庞大，有强壮的身体和锋利的爪牙，是典型的食肉动物。

玩家4的描述似乎是在提供游戏规则和提示，而不是描述某个动物的特征。

根据这些描述，如果我是玩家2，我会认为玩家3的描述与我的关键词最不匹配，因为猴子通常不会被描述为食肉动物。因此，我会倾向于认为玩家3可能是卧底。然而，如果没有更多的信息或者玩家4的描述不是卧底词，那么这个推理可能需要进一步的信息或者下一轮的描述来确认。
2024-12-13 15:21:34,103 - 2 - INFO - **********JUDGER**********
你刚刚的分析是玩家1描述的动物听起来像是熊猫，因为熊猫确实有长长的鼻子、大大的黑眼睛，毛色黑白相间，且以可爱的外表和憨厚的性格闻名。

玩家2的描述更像是猴子，猴子确实有灵活的四肢、敏锐的观察力，善于攀爬和抓握，而且以模仿人类行为而著称。

玩家3的描述似乎指向的是老虎，老虎体型庞大，有强壮的身体和锋利的爪牙，是典型的食肉动物。

玩家4的描述似乎是在提供游戏规则和提示，而不是描述某个动物的特征。

根据这些描述，如果我是玩家2，我会认为玩家3的描述与我的关键词最不匹配，因为猴子通常不会被描述为食肉动物。因此，我会倾向于认为玩家3可能是卧底。然而，如果没有更多的信息或者玩家4的描述不是卧底词，那么这个推理可能需要进一步的信息或者下一轮的描述来确认。|| `请根据上述分析，比较描述以找出不一致之处，注意，这局游戏的词语分类为<动物>，卧底词和平民词都属于该类。
2024-12-13 15:21:45,433 - 2 - INFO - **********PLAYER2**********
根据上述分析，我们可以比较描述以找出不一致之处：

1. 玩家1和玩家2的描述都指向了具有黑白相间毛色的动物，这与猴子或熊猫的特征相符。

2. 玩家3的描述提到了“体型庞大，有着强壮的身体和锋利的爪牙，是典型的食肉动物”。这一描述与猴子或熊猫的特征不符，因为它们不是食肉动物。老虎的特征与玩家3的描述相符，但老虎不是以黑白相间的毛色著称。

3. 玩家4的描述没有提供具体的动物特征，而是给出了游戏规则和提示。

不一致之处在于玩家3的描述与其他玩家的描述在动物类别上存在显著差异。玩家1和玩家2的描述更倾向于描述非食肉动物，而玩家3的描述指向了一个食肉动物，这与“动物”这一词语分类的普遍特征不符。因此，玩家3的描述可能是与卧底词不一致的地方。

如果我是玩家2，我会基于这一不一致性，认为玩家3的描述可能是基于不同的动物词，因此玩家3可能是卧底。然而，为了确保推理的准确性，还需要更多的信息或者下一轮的描述来进一步确认。
2024-12-13 15:21:45,434 - 2 - INFO - **********JUDGER**********
你刚刚的分析是根据上述分析，我们可以比较描述以找出不一致之处：

1. 玩家1和玩家2的描述都指向了具有黑白相间毛色的动物，这与猴子或熊猫的特征相符。

2. 玩家3的描述提到了“体型庞大，有着强壮的身体和锋利的爪牙，是典型的食肉动物”。这一描述与猴子或熊猫的特征不符，因为它们不是食肉动物。老虎的特征与玩家3的描述相符，但老虎不是以黑白相间的毛色著称。

3. 玩家4的描述没有提供具体的动物特征，而是给出了游戏规则和提示。

不一致之处在于玩家3的描述与其他玩家的描述在动物类别上存在显著差异。玩家1和玩家2的描述更倾向于描述非食肉动物，而玩家3的描述指向了一个食肉动物，这与“动物”这一词语分类的普遍特征不符。因此，玩家3的描述可能是与卧底词不一致的地方。

如果我是玩家2，我会基于这一不一致性，认为玩家3的描述可能是基于不同的动物词，因此玩家3可能是卧底。然而，为了确保推理的准确性，还需要更多的信息或者下一轮的描述来进一步确认。|| 请通过你分析的不一致之处，推断卧底身份，注意，这局游戏的词语分类为<动物>，卧底词和平民词都属于该类。
2024-12-13 15:21:58,611 - 2 - INFO - **********PLAYER2**********
根据分析中提到的不一致之处，我们可以进行以下推断：

1. 玩家1和玩家2的描述都指向了具有黑白相间毛色的动物，这提示我们他们可能持有相同的平民词，比如熊猫或某种其他黑白相间的动物。

2. 玩家3的描述提到了“体型庞大，有着强壮的身体和锋利的爪牙，是典型的食肉动物”，这与熊猫或猴子都不相符，因为熊猫是杂食性动物，而猴子通常是草食性或杂食性，且没有提到食肉的特征。老虎是食肉动物，但通常不会描述为“体型庞大”和“黑白相间”。

3. 玩家4的描述是关于游戏规则，不是关于动物特征的描述，因此不参与卧底词的推断。

综合以上信息，玩家3的描述与玩家1和玩家2的描述在动物类别上存在显著差异，尤其是食肉动物的特征与“动物”这一分类的普遍特征不符。因此，玩家3的描述很可能与卧底词不一致。

由于老虎是食肉动物，但不是以黑白相间的毛色著称，而且玩家3的描述中并没有提到毛色特征，这与玩家1和玩家2的描述形成对比。因此，我们可以推断玩家3可能是卧底，持有与熊猫或猴子不同的动物词，比如老虎。

所以，基于上述分析，玩家3可能是卧底。
2024-12-13 15:21:58,614 - 2 - INFO - **********JUDGER**********
你刚刚的推断是根据分析中提到的不一致之处，我们可以进行以下推断：

1. 玩家1和玩家2的描述都指向了具有黑白相间毛色的动物，这提示我们他们可能持有相同的平民词，比如熊猫或某种其他黑白相间的动物。

2. 玩家3的描述提到了“体型庞大，有着强壮的身体和锋利的爪牙，是典型的食肉动物”，这与熊猫或猴子都不相符，因为熊猫是杂食性动物，而猴子通常是草食性或杂食性，且没有提到食肉的特征。老虎是食肉动物，但通常不会描述为“体型庞大”和“黑白相间”。

3. 玩家4的描述是关于游戏规则，不是关于动物特征的描述，因此不参与卧底词的推断。

综合以上信息，玩家3的描述与玩家1和玩家2的描述在动物类别上存在显著差异，尤其是食肉动物的特征与“动物”这一分类的普遍特征不符。因此，玩家3的描述很可能与卧底词不一致。

由于老虎是食肉动物，但不是以黑白相间的毛色著称，而且玩家3的描述中并没有提到毛色特征，这与玩家1和玩家2的描述形成对比。因此，我们可以推断玩家3可能是卧底，持有与熊猫或猴子不同的动物词，比如老虎。

所以，基于上述分析，玩家3可能是卧底。|| 基于你刚刚的推断得出你的最终结论，请输出你认为的卧底，在这种情况下只需要输出编号，是1-4中的某个数字，不要输出其他信息。在这个过程不要进行任何推理，只对||以前的部分进行信息提取
2024-12-13 15:21:59,501 - 2 - INFO - **********PLAYER2**********
3
2024-12-13 15:23:44,268 - 2 - INFO - **********JUDGER**********
玩家1说：这个动物有着长长的鼻子和大大的黑眼睛，它在同类中以其可爱的外表和憨厚的性格而闻名。它的毛色通常是黑白相间，给人一种温暖的感觉。在这类动物中，它最突出的不同之处可能在于它有着非常独特的气味。这个动物在同类中以其庞大的身躯和威严的气质著称，它们在森林中漫步，给人一种稳重而强大的印象。它们的身体覆盖着厚厚的毛发，能够在寒冷的环境中保持温暖。在这个动物群体中，它们以其力量和坚韧不拔的性格而闻名。玩家2说：这种动物有着灵活的四肢和敏锐的观察力，它们善于攀爬和抓握。在同类中，它们以其善于模仿人类行为而著称，这种模仿能力是其最独特的特征。玩家3说：这个动物体型庞大，有着强壮的身体和锋利的爪牙。它们在同类中最突出的不同之处在于，它们是食肉动物，以捕猎为生。玩家4说：这个动物通常生活在森林中，有着厚实的身体和强壮的四肢。它们以强壮的肌肉和锋利的爪牙著称，是捕猎高手。在该类动物中，它们最突出的不同之处可能在于它们通常具有较为凶猛的个性。你是第2号玩家，你的关键词是<猴子>。你的回答中绝对不能包含你的关键词<猴子>。这是第二轮描述，你之前的描述是这种动物有着灵活的四肢和敏锐的观察力，它们善于攀爬和抓握。在同类中，它们以其善于模仿人类行为而著称，这种模仿能力是其最独特的特征。，注意，这局游戏的词语分类为<动物>，卧底词和平民词都属于该类，请你补充关于关键词的描述，注意，你的描述应该比起之前的描述更加贴近关键词，作为之前的补充
2024-12-13 15:23:48,613 - 2 - INFO - **********PLAYER2**********
这种动物以其敏捷的身手和智能的大脑而闻名，它们在同类中以其对环境的适应能力和社交行为而著称。它们通常具有多样化的饮食习性，且在繁殖和社交活动中展现出独特的智慧。
2024-12-13 15:24:22,371 - 2 - INFO - **********JUDGER**********
玩家1说：这个动物有着长长的鼻子和大大的黑眼睛，它在同类中以其可爱的外表和憨厚的性格而闻名。它的毛色通常是黑白相间，给人一种温暖的感觉。在这类动物中，它最突出的不同之处可能在于它有着非常独特的气味。这个动物在同类中以其庞大的身躯和威严的气质著称，它们在森林中漫步，给人一种稳重而强大的印象。它们的身体覆盖着厚厚的毛发，能够在寒冷的环境中保持温暖。在这个动物群体中，它们以其力量和坚韧不拔的性格而闻名。玩家2说：这种动物有着灵活的四肢和敏锐的观察力，它们善于攀爬和抓握。在同类中，它们以其善于模仿人类行为而著称，这种模仿能力是其最独特的特征。这种动物以其敏捷的身手和智能的大脑而闻名，它们在同类中以其对环境的适应能力和社交行为而著称。它们通常具有多样化的饮食习性，且在繁殖和社交活动中展现出独特的智慧。玩家3说：这个动物体型庞大，有着强壮的身体和锋利的爪牙。它们在同类中最突出的不同之处在于，它们是食肉动物，以捕猎为生。这个动物有着厚重的身躯和坚固的骨架，它们在同类中以其强大的力量和坚韧的耐力而著称。它们的四肢粗壮有力，适合在森林中行走和攀爬。这种动物通常有着黑白相间的毛皮，给人一种强大而神秘的感觉。它们在捕猎时展现出惊人的速度和敏捷性，是森林中的顶级掠食者。在这个动物群体中，它们以其捕猎技巧和生存能力而闻名。玩家4说：这个动物通常生活在森林中，有着厚实的身体和强壮的四肢。它们以强壮的肌肉和锋利的爪牙著称，是捕猎高手。在该类动物中，它们最突出的不同之处可能在于它们通常具有较为凶猛的个性。||在这个游戏中，我们需要通过分析每位玩家的描述来找出卧底。通常，平民的描述会围绕相同的词语展开，而卧底的描述可能会因为词语的不同而显得不太一致。我们需要仔细比较每个描述之间的相似性和差异性，以找出可能的卧底，注意，卧底并不会隐藏自己，他会直接描述他的词语，现在，逐一分析每个玩家的描述，注意，这局游戏的词语分类为<动物>，卧底词和平民词都属于该类。||之前是第2轮描述和之前轮数描述的合集。你之前认为的卧底是玩家3。
2024-12-13 15:24:35,281 - 2 - INFO - **********PLAYER2**********
根据第二轮描述和之前轮数的描述，以下是对每个玩家描述的分析：

玩家1的描述中提到了“长长的鼻子”、“大大的黑眼睛”、“可爱的外表和憨厚的性格”、“黑白相间的毛色”以及“独特的气味”，同时提到了“庞大的身躯”、“威严的气质”、“厚厚的毛发”和“力量和坚韧不拔的性格”。这些特征似乎指向了熊猫。

玩家2的描述中提到了“灵活的四肢”、“敏锐的观察力”、“善于攀爬和抓握”、“模仿人类行为”、“敏捷的身手”、“智能的大脑”、“对环境的适应能力和社交行为”以及“多样化的饮食习性”。这些特征似乎指向了猴子。

玩家3的描述中提到了“体型庞大”、“强壮的身体”、“锋利的爪牙”、“食肉动物”、“厚重的身躯”、“坚固的骨架”、“强大的力量”、“坚韧的耐力”、“粗壮有力的四肢”、“惊人的速度和敏捷性”以及“黑白相间的毛皮”。这些特征似乎指向了老虎。

玩家4的描述中提到了“生活在森林中”、“厚实的身体”、“强壮的四肢”、“强壮的肌肉”、“锋利的爪牙”、“捕猎高手”以及“较为凶猛的个性”。这些特征似乎也指向了老虎。

根据这些描述，如果之前我认为玩家3是卧底，那么现在看来，玩家3的描述与老虎的特征非常吻合，而其他玩家的描述则更偏向于猴子或熊猫。因此，我的最终结论是：

卧底是玩家3。
2024-12-13 15:24:35,283 - 2 - INFO - **********JUDGER**********
你刚刚的分析是根据第二轮描述和之前轮数的描述，以下是对每个玩家描述的分析：

玩家1的描述中提到了“长长的鼻子”、“大大的黑眼睛”、“可爱的外表和憨厚的性格”、“黑白相间的毛色”以及“独特的气味”，同时提到了“庞大的身躯”、“威严的气质”、“厚厚的毛发”和“力量和坚韧不拔的性格”。这些特征似乎指向了熊猫。

玩家2的描述中提到了“灵活的四肢”、“敏锐的观察力”、“善于攀爬和抓握”、“模仿人类行为”、“敏捷的身手”、“智能的大脑”、“对环境的适应能力和社交行为”以及“多样化的饮食习性”。这些特征似乎指向了猴子。

玩家3的描述中提到了“体型庞大”、“强壮的身体”、“锋利的爪牙”、“食肉动物”、“厚重的身躯”、“坚固的骨架”、“强大的力量”、“坚韧的耐力”、“粗壮有力的四肢”、“惊人的速度和敏捷性”以及“黑白相间的毛皮”。这些特征似乎指向了老虎。

玩家4的描述中提到了“生活在森林中”、“厚实的身体”、“强壮的四肢”、“强壮的肌肉”、“锋利的爪牙”、“捕猎高手”以及“较为凶猛的个性”。这些特征似乎也指向了老虎。

根据这些描述，如果之前我认为玩家3是卧底，那么现在看来，玩家3的描述与老虎的特征非常吻合，而其他玩家的描述则更偏向于猴子或熊猫。因此，我的最终结论是：

卧底是玩家3。|| `请根据上述分析，比较描述以找出不一致之处，注意，这局游戏的词语分类为<动物>，卧底词和平民词都属于该类。
2024-12-13 15:24:56,328 - 2 - INFO - **********PLAYER2**********
根据上述分析，我们可以比较描述以找出不一致之处：

1. 玩家1的描述中提到了熊猫的特征，如“长长的鼻子”、“大大的黑眼睛”、“可爱的外表和憨厚的性格”、“黑白相间的毛色”以及“独特的气味”，同时也提到了熊猫的体型和性格特征，如“庞大的身躯”、“威严的气质”、“厚厚的毛发”和“力量和坚韧不拔的性格”。

2. 玩家2的描述中强调了猴子的特征，如“灵活的四肢”、“敏锐的观察力”、“善于攀爬和抓握”、“模仿人类行为”、“敏捷的身手”、“智能的大脑”、“对环境的适应能力和社交行为”以及“多样化的饮食习性”。

3. 玩家3的描述中提到了老虎的特征，如“体型庞大”、“强壮的身体”、“锋利的爪牙”、“食肉动物”、“厚重的身躯”、“坚固的骨架”、“强大的力量”、“坚韧的耐力”、“粗壮有力的四肢”、“惊人的速度和敏捷性”以及“黑白相间的毛皮”。

4. 玩家4的描述中也指向了老虎，提到了“生活在森林中”、“厚实的身体”、“强壮的四肢”、“强壮的肌肉”、“锋利的爪牙”、“捕猎高手”以及“较为凶猛的个性”。

不一致之处在于，玩家1和玩家2的描述都集中在熊猫和猴子的特征上，而玩家3和玩家4的描述都集中在老虎的特征上。由于游戏规则中提到卧底词和平民词都属于动物类，这意味着卧底词也应该是动物类中的一个词。玩家3和玩家4的描述虽然都与动物类相关，但它们描述的是同一个物种――老虎，这与玩家1和玩家2描述的熊猫和猴子不符。

因此，不一致之处在于玩家3和玩家4的描述与玩家1和玩家2的描述在动物种类上存在差异。这表明玩家3或玩家4可能是卧底，因为他们描述的是同一物种，而其他玩家描述的是不同的动物。
2024-12-13 15:24:56,331 - 2 - INFO - **********JUDGER**********
你刚刚的分析是根据上述分析，我们可以比较描述以找出不一致之处：

1. 玩家1的描述中提到了熊猫的特征，如“长长的鼻子”、“大大的黑眼睛”、“可爱的外表和憨厚的性格”、“黑白相间的毛色”以及“独特的气味”，同时也提到了熊猫的体型和性格特征，如“庞大的身躯”、“威严的气质”、“厚厚的毛发”和“力量和坚韧不拔的性格”。

2. 玩家2的描述中强调了猴子的特征，如“灵活的四肢”、“敏锐的观察力”、“善于攀爬和抓握”、“模仿人类行为”、“敏捷的身手”、“智能的大脑”、“对环境的适应能力和社交行为”以及“多样化的饮食习性”。

3. 玩家3的描述中提到了老虎的特征，如“体型庞大”、“强壮的身体”、“锋利的爪牙”、“食肉动物”、“厚重的身躯”、“坚固的骨架”、“强大的力量”、“坚韧的耐力”、“粗壮有力的四肢”、“惊人的速度和敏捷性”以及“黑白相间的毛皮”。

4. 玩家4的描述中也指向了老虎，提到了“生活在森林中”、“厚实的身体”、“强壮的四肢”、“强壮的肌肉”、“锋利的爪牙”、“捕猎高手”以及“较为凶猛的个性”。

不一致之处在于，玩家1和玩家2的描述都集中在熊猫和猴子的特征上，而玩家3和玩家4的描述都集中在老虎的特征上。由于游戏规则中提到卧底词和平民词都属于动物类，这意味着卧底词也应该是动物类中的一个词。玩家3和玩家4的描述虽然都与动物类相关，但它们描述的是同一个物种――老虎，这与玩家1和玩家2描述的熊猫和猴子不符。

因此，不一致之处在于玩家3和玩家4的描述与玩家1和玩家2的描述在动物种类上存在差异。这表明玩家3或玩家4可能是卧底，因为他们描述的是同一物种，而其他玩家描述的是不同的动物。|| 请通过你分析的不一致之处，推断卧底身份，注意，这局游戏的词语分类为<动物>，卧底词和平民词都属于该类。
2024-12-13 15:25:04,478 - 2 - INFO - **********PLAYER2**********
根据分析中提到的不一致之处，我们可以推断卧底身份：

由于玩家3和玩家4的描述都指向了老虎这一物种，而玩家1和玩家2的描述则指向了熊猫和猴子，这表明玩家3和玩家4的描述在动物种类上与其他玩家不同。在动物类别游戏中，卧底词应该也是动物类中的一个词，但与平民词不同。

因此，考虑到这一点，我们可以推断玩家3或玩家4中至少有一位是卧底。由于玩家3和玩家4的描述非常相似，且指向了同一个物种――老虎，这增加了玩家3或玩家4中有一位是卧底的可能性。

所以，基于描述的不一致性和相似性，我的推断是：

卧底是玩家3或玩家4。
2024-12-13 15:25:04,478 - 2 - INFO - **********JUDGER**********
你刚刚的推断是根据分析中提到的不一致之处，我们可以推断卧底身份：

由于玩家3和玩家4的描述都指向了老虎这一物种，而玩家1和玩家2的描述则指向了熊猫和猴子，这表明玩家3和玩家4的描述在动物种类上与其他玩家不同。在动物类别游戏中，卧底词应该也是动物类中的一个词，但与平民词不同。

因此，考虑到这一点，我们可以推断玩家3或玩家4中至少有一位是卧底。由于玩家3和玩家4的描述非常相似，且指向了同一个物种――老虎，这增加了玩家3或玩家4中有一位是卧底的可能性。

所以，基于描述的不一致性和相似性，我的推断是：

卧底是玩家3或玩家4。|| 基于你刚刚的推断得出你的最终结论，请输出你认为的卧底，在这种情况下只需要输出编号，是1-4中的某个数字，不要输出其他信息。在这个过程不要进行任何推理，只对||以前的部分进行信息提取
2024-12-13 15:25:06,757 - 2 - INFO - **********PLAYER2**********
好的，我准备好参加游戏了。
2024-12-13 15:25:06,759 - 2 - WARNING - Invalid vote: 好的，我准备好参加游戏了。. Asking again.
2024-12-13 15:25:06,760 - 2 - INFO - **********JUDGER**********
你刚刚的推断是根据分析中提到的不一致之处，我们可以推断卧底身份：

由于玩家3和玩家4的描述都指向了老虎这一物种，而玩家1和玩家2的描述则指向了熊猫和猴子，这表明玩家3和玩家4的描述在动物种类上与其他玩家不同。在动物类别游戏中，卧底词应该也是动物类中的一个词，但与平民词不同。

因此，考虑到这一点，我们可以推断玩家3或玩家4中至少有一位是卧底。由于玩家3和玩家4的描述非常相似，且指向了同一个物种――老虎，这增加了玩家3或玩家4中有一位是卧底的可能性。

所以，基于描述的不一致性和相似性，我的推断是：

卧底是玩家3或玩家4。|| 基于你刚刚的推断得出你的最终结论，请输出你认为的卧底，在这种情况下只需要输出编号，是1-4中的某个数字，不要输出其他信息。在这个过程不要进行任何推理，只对||以前的部分进行信息提取
2024-12-13 15:25:08,510 - 2 - INFO - **********PLAYER2**********
3
2024-12-13 15:27:14,266 - 2 - INFO - **********JUDGER**********
玩家1说：这个动物有着长长的鼻子和大大的黑眼睛，它在同类中以其可爱的外表和憨厚的性格而闻名。它的毛色通常是黑白相间，给人一种温暖的感觉。在这类动物中，它最突出的不同之处可能在于它有着非常独特的气味。这个动物在同类中以其庞大的身躯和威严的气质著称，它们在森林中漫步，给人一种稳重而强大的印象。它们的身体覆盖着厚厚的毛发，能够在寒冷的环境中保持温暖。在这个动物群体中，它们以其力量和坚韧不拔的性格而闻名。这个动物以其强壮的四肢和坚固的爪子著称，它们在同类中以其力量和耐力闻名。它们在森林中行动敏捷，能够迅速捕捉猎物。这种动物有着独特的体型，胸部宽阔，给人一种稳固的感觉。它们的面部表情通常显得严肃，透露出一种不容小觑的威严。在同类中，它们以其适应能力和在复杂环境中的生存技巧而受到尊重。玩家2说：这种动物有着灵活的四肢和敏锐的观察力，它们善于攀爬和抓握。在同类中，它们以其善于模仿人类行为而著称，这种模仿能力是其最独特的特征。这种动物以其敏捷的身手和智能的大脑而闻名，它们在同类中以其对环境的适应能力和社交行为而著称。它们通常具有多样化的饮食习性，且在繁殖和社交活动中展现出独特的智慧。玩家3说：这个动物体型庞大，有着强壮的身体和锋利的爪牙。它们在同类中最突出的不同之处在于，它们是食肉动物，以捕猎为生。这个动物有着厚重的身躯和坚固的骨架，它们在同类中以其强大的力量和坚韧的耐力而著称。它们的四肢粗壮有力，适合在森林中行走和攀爬。这种动物通常有着黑白相间的毛皮，给人一种强大而神秘的感觉。它们在捕猎时展现出惊人的速度和敏捷性，是森林中的顶级掠食者。在这个动物群体中，它们以其捕猎技巧和生存能力而闻名。玩家4说：这个动物通常生活在森林中，有着厚实的身体和强壮的四肢。它们以强壮的肌肉和锋利的爪牙著称，是捕猎高手。在该类动物中，它们最突出的不同之处可能在于它们通常具有较为凶猛的个性。这种动物在同类中以其庞大的身躯和威严的气质著称，它们在森林中漫步，给人一种稳重而强大的印象。它们的身体覆盖着厚厚的毛发，能够在寒冷的环境中保持温暖。在这个动物群体中，它们以其力量和坚韧不拔的性格而闻名。你是第2号玩家，你的关键词是<猴子>。你的回答中绝对不能包含你的关键词<猴子>。这是第三轮描述，你之前的描述是这种动物有着灵活的四肢和敏锐的观察力，它们善于攀爬和抓握。在同类中，它们以其善于模仿人类行为而著称，这种模仿能力是其最独特的特征。和这种动物以其敏捷的身手和智能的大脑而闻名，它们在同类中以其对环境的适应能力和社交行为而著称。它们通常具有多样化的饮食习性，且在繁殖和社交活动中展现出独特的智慧。，注意，这局游戏的词语分类为<动物>，卧底词和平民词都属于该类，请你补充关于关键词的描述，注意，你的描述应该比起之前的描述更加贴近关键词，作为之前的补充
2024-12-13 15:27:19,213 - 2 - INFO - **********PLAYER2**********
这种动物以其小巧的体型和敏捷的动作而闻名，它们在同类中以其活泼好动和好奇的性格而著称。它们在森林中跳跃自如，善于利用树木和藤蔓进行移动。这种动物在同类中以其善于解决复杂问题和社交互动而受到尊重。
2024-12-13 15:28:39,647 - 2 - INFO - **********JUDGER**********
玩家1说：这个动物有着长长的鼻子和大大的黑眼睛，它在同类中以其可爱的外表和憨厚的性格而闻名。它的毛色通常是黑白相间，给人一种温暖的感觉。在这类动物中，它最突出的不同之处可能在于它有着非常独特的气味。这个动物在同类中以其庞大的身躯和威严的气质著称，它们在森林中漫步，给人一种稳重而强大的印象。它们的身体覆盖着厚厚的毛发，能够在寒冷的环境中保持温暖。在这个动物群体中，它们以其力量和坚韧不拔的性格而闻名。这个动物以其强壮的四肢和坚固的爪子著称，它们在同类中以其力量和耐力闻名。它们在森林中行动敏捷，能够迅速捕捉猎物。这种动物有着独特的体型，胸部宽阔，给人一种稳固的感觉。它们的面部表情通常显得严肃，透露出一种不容小觑的威严。在同类中，它们以其适应能力和在复杂环境中的生存技巧而受到尊重。玩家2说：这种动物有着灵活的四肢和敏锐的观察力，它们善于攀爬和抓握。在同类中，它们以其善于模仿人类行为而著称，这种模仿能力是其最独特的特征。这种动物以其敏捷的身手和智能的大脑而闻名，它们在同类中以其对环境的适应能力和社交行为而著称。它们通常具有多样化的饮食习性，且在繁殖和社交活动中展现出独特的智慧。这种动物以其小巧的体型和敏捷的动作而闻名，它们在同类中以其活泼好动和好奇的性格而著称。它们在森林中跳跃自如，善于利用树木和藤蔓进行移动。这种动物在同类中以其善于解决复杂问题和社交互动而受到尊重。玩家3说：这个动物体型庞大，有着强壮的身体和锋利的爪牙。它们在同类中最突出的不同之处在于，它们是食肉动物，以捕猎为生。这个动物有着厚重的身躯和坚固的骨架，它们在同类中以其强大的力量和坚韧的耐力而著称。它们的四肢粗壮有力，适合在森林中行走和攀爬。这种动物通常有着黑白相间的毛皮，给人一种强大而神秘的感觉。它们在捕猎时展现出惊人的速度和敏捷性，是森林中的顶级掠食者。在这个动物群体中，它们以其捕猎技巧和生存能力而闻名。这种动物以其宽阔的胸部和坚固的骨架著称，它们在同类中以其稳定的步态和强大的肌肉而闻名。它们的爪子锋利，适合挖掘和抓握。这种动物在森林中的行动虽然缓慢，但它们有着出色的嗅觉和听觉，能够在捕猎时迅速定位猎物。它们的毛皮通常具有保护色，帮助它们在森林中隐蔽。这种动物在同类中以其坚韧的性格和对领地的忠诚而受到尊重。玩家4说：这个动物通常生活在森林中，有着厚实的身体和强壮的四肢。它们以强壮的肌肉和锋利的爪牙著称，是捕猎高手。在该类动物中，它们最突出的不同之处可能在于它们通常具有较为凶猛的个性。这种动物在同类中以其庞大的身躯和威严的气质著称，它们在森林中漫步，给人一种稳重而强大的印象。它们的身体覆盖着厚厚的毛发，能够在寒冷的环境中保持温暖。在这个动物群体中，它们以其力量和坚韧不拔的性格而闻名。这种动物以其强壮的后肢和宽阔的肩膀著称，它们在同类中以其强大的力量和出色的挖掘能力闻名。它们在森林中寻找食物和建造巢穴时，展现出了独特的智慧和技巧。这种动物的面部表情通常显得温和，但它们的目光中透露出坚定的意志。它们在同类中以其对领地的保护和对同伴的忠诚而受到尊敬。||在这个游戏中，我们需要通过分析每位玩家的描述来找出卧底。通常，平民的描述会围绕相同的词语展开，而卧底的描述可能会因为词语的不同而显得不太一致。我们需要仔细比较每个描述之间的相似性和差异性，以找出可能的卧底，注意，卧底并不会隐藏自己，他会直接描述他的词语，现在，逐一分析每个玩家的描述，注意，这局游戏的词语分类为<动物>，卧底词和平民词都属于该类。||之前是第3轮描述和之前轮数描述的合集。你之前认为的卧底是玩家3。
2024-12-13 15:29:39,542 - 2 - INFO - **********PLAYER2**********
根据第三轮描述和之前轮数的描述，以下是对每个玩家描述的分析：

玩家1的描述中提到的动物特征包括：长长的鼻子、黑眼睛、可爱的外表、憨厚的性格、黑白相间的毛色、独特的气味、庞大的身躯、威严的气质、厚厚的毛发、力量、坚韧不拔的性格、强壮的四肢、坚固的爪子、敏捷的行动、独特的体型、宽阔的胸部、严肃的面部表情、适应能力、生存技巧。

玩家2的描述中提到的动物特征包括：灵活的四肢、敏锐的观察力、善于攀爬和抓握、模仿人类行为、敏捷的身手、智能的大脑、对环境的适应能力、社交行为、多样化的饮食习性、活泼好动、好奇的性格、跳跃自如、解决复杂问题、社交互动。

玩家3的描述中提到的动物特征包括：体型庞大、强壮的身体、锋利的爪牙、食肉动物、厚重的身躯、坚固的骨架、强大的力量、坚韧的耐力、粗壮有力的四肢、黑白相间的毛皮、惊人的速度和敏捷性、捕猎技巧、生存能力、宽阔的胸部、坚固的骨架、稳定的步态、强大的肌肉、锋利的爪子、出色的嗅觉和听觉、保护色、坚韧的性格、对领地的忠诚。

玩家4的描述中提到的动物特征包括：生活在森林中、厚实的身体、强壮的四肢、强壮的肌肉、锋利的爪牙、捕猎高手、庞大的身躯、威严的气质、厚厚的毛发、力量、坚韧不拔的性格、强壮的后肢、宽阔的肩膀、强大的力量、出色的挖掘能力、温和的面部表情、坚定的意志、对领地的保护、对同伴的忠诚。

综合以上描述，玩家3的描述与其他玩家的描述存在显著差异，尤其是关于食肉动物、捕猎技巧和生存能力的强调，这与玩家1、2和4的描述中强调的社交行为、适应能力和性格特征形成了对比。玩家3的描述更侧重于动物的物理特征和捕猎习性，而其他玩家的描述则更侧重于动物的智能、社交和性格特征。

因此，基于描述的差异性，我的推断是：

卧底是玩家3。
2024-12-13 15:29:39,545 - 2 - INFO - **********JUDGER**********
你刚刚的分析是根据第三轮描述和之前轮数的描述，以下是对每个玩家描述的分析：

玩家1的描述中提到的动物特征包括：长长的鼻子、黑眼睛、可爱的外表、憨厚的性格、黑白相间的毛色、独特的气味、庞大的身躯、威严的气质、厚厚的毛发、力量、坚韧不拔的性格、强壮的四肢、坚固的爪子、敏捷的行动、独特的体型、宽阔的胸部、严肃的面部表情、适应能力、生存技巧。

玩家2的描述中提到的动物特征包括：灵活的四肢、敏锐的观察力、善于攀爬和抓握、模仿人类行为、敏捷的身手、智能的大脑、对环境的适应能力、社交行为、多样化的饮食习性、活泼好动、好奇的性格、跳跃自如、解决复杂问题、社交互动。

玩家3的描述中提到的动物特征包括：体型庞大、强壮的身体、锋利的爪牙、食肉动物、厚重的身躯、坚固的骨架、强大的力量、坚韧的耐力、粗壮有力的四肢、黑白相间的毛皮、惊人的速度和敏捷性、捕猎技巧、生存能力、宽阔的胸部、坚固的骨架、稳定的步态、强大的肌肉、锋利的爪子、出色的嗅觉和听觉、保护色、坚韧的性格、对领地的忠诚。

玩家4的描述中提到的动物特征包括：生活在森林中、厚实的身体、强壮的四肢、强壮的肌肉、锋利的爪牙、捕猎高手、庞大的身躯、威严的气质、厚厚的毛发、力量、坚韧不拔的性格、强壮的后肢、宽阔的肩膀、强大的力量、出色的挖掘能力、温和的面部表情、坚定的意志、对领地的保护、对同伴的忠诚。

综合以上描述，玩家3的描述与其他玩家的描述存在显著差异，尤其是关于食肉动物、捕猎技巧和生存能力的强调，这与玩家1、2和4的描述中强调的社交行为、适应能力和性格特征形成了对比。玩家3的描述更侧重于动物的物理特征和捕猎习性，而其他玩家的描述则更侧重于动物的智能、社交和性格特征。

因此，基于描述的差异性，我的推断是：

卧底是玩家3。|| `请根据上述分析，比较描述以找出不一致之处，注意，这局游戏的词语分类为<动物>，卧底词和平民词都属于该类。
2024-12-13 15:30:01,132 - 2 - INFO - **********PLAYER2**********
根据上述分析，我们可以比较描述以找出不一致之处：

1. 玩家1的描述中提到了动物的特征，如可爱的外表、憨厚的性格、黑白相间的毛色、独特的气味、庞大的身躯、威严的气质、力量、坚韧不拔的性格等，这些特征与熊猫相符合。

2. 玩家2的描述中提到的动物特征包括灵活的四肢、敏锐的观察力、善于攀爬和抓握、模仿人类行为、敏捷的身手、智能的大脑、对环境的适应能力、社交行为等，这些特征与猴子相符合。

3. 玩家3的描述中提到的动物特征包括体型庞大、强壮的身体、锋利的爪牙、食肉动物、厚重的身躯、坚固的骨架、强大的力量、坚韧的耐力、黑白相间的毛皮、惊人的速度和敏捷性、捕猎技巧、生存能力等，这些特征与老虎相符合。

4. 玩家4的描述中提到的动物特征包括生活在森林中、厚实的身体、强壮的四肢、强壮的肌肉、锋利的爪牙、捕猎高手、庞大的身躯、威严的气质、厚厚的毛发、力量、坚韧不拔的性格等，这些特征也与老虎相符合。

不一致之处在于，玩家1和玩家2的描述与玩家3和玩家4的描述在动物种类上存在差异。玩家1和玩家2的描述更倾向于描述熊猫和猴子，而玩家3和玩家4的描述则更倾向于描述老虎。由于游戏规则中提到卧底词和平民词都属于动物类，这意味着卧底词也应该是动物类中的一个词。玩家3和玩家4的描述虽然都与动物类相关，但它们描述的是同一个物种――老虎，这与玩家1和玩家2描述的熊猫和猴子不符。

因此，不一致之处在于玩家3和玩家4的描述与玩家1和玩家2的描述在动物种类上存在差异。这表明玩家3或玩家4可能是卧底，因为他们描述的是同一物种，而其他玩家描述的是不同的动物。
2024-12-13 15:30:01,134 - 2 - INFO - **********JUDGER**********
你刚刚的分析是根据上述分析，我们可以比较描述以找出不一致之处：

1. 玩家1的描述中提到了动物的特征，如可爱的外表、憨厚的性格、黑白相间的毛色、独特的气味、庞大的身躯、威严的气质、力量、坚韧不拔的性格等，这些特征与熊猫相符合。

2. 玩家2的描述中提到的动物特征包括灵活的四肢、敏锐的观察力、善于攀爬和抓握、模仿人类行为、敏捷的身手、智能的大脑、对环境的适应能力、社交行为等，这些特征与猴子相符合。

3. 玩家3的描述中提到的动物特征包括体型庞大、强壮的身体、锋利的爪牙、食肉动物、厚重的身躯、坚固的骨架、强大的力量、坚韧的耐力、黑白相间的毛皮、惊人的速度和敏捷性、捕猎技巧、生存能力等，这些特征与老虎相符合。

4. 玩家4的描述中提到的动物特征包括生活在森林中、厚实的身体、强壮的四肢、强壮的肌肉、锋利的爪牙、捕猎高手、庞大的身躯、威严的气质、厚厚的毛发、力量、坚韧不拔的性格等，这些特征也与老虎相符合。

不一致之处在于，玩家1和玩家2的描述与玩家3和玩家4的描述在动物种类上存在差异。玩家1和玩家2的描述更倾向于描述熊猫和猴子，而玩家3和玩家4的描述则更倾向于描述老虎。由于游戏规则中提到卧底词和平民词都属于动物类，这意味着卧底词也应该是动物类中的一个词。玩家3和玩家4的描述虽然都与动物类相关，但它们描述的是同一个物种――老虎，这与玩家1和玩家2描述的熊猫和猴子不符。

因此，不一致之处在于玩家3和玩家4的描述与玩家1和玩家2的描述在动物种类上存在差异。这表明玩家3或玩家4可能是卧底，因为他们描述的是同一物种，而其他玩家描述的是不同的动物。|| 请通过你分析的不一致之处，推断卧底身份，注意，这局游戏的词语分类为<动物>，卧底词和平民词都属于该类。
2024-12-13 15:30:08,975 - 2 - INFO - **********PLAYER2**********
卧底是玩家3或玩家4。
2024-12-13 15:30:08,975 - 2 - INFO - **********JUDGER**********
你刚刚的推断是卧底是玩家3或玩家4。|| 基于你刚刚的推断得出你的最终结论，请输出你认为的卧底，在这种情况下只需要输出编号，是1-4中的某个数字，不要输出其他信息。在这个过程不要进行任何推理，只对||以前的部分进行信息提取
2024-12-13 15:30:11,456 - 2 - INFO - **********PLAYER2**********
3
