2024-12-13 15:20:22,357 - 3 - INFO - **********JUDGER**********
让我们来玩一个叫做<谁是卧底>的推理游戏。基本规则：<人数>：4人。<角色分配>：每位玩家随机抽取一个词语，3名玩家拿到的词语是相同的（平民词），1名玩家拿到与之相近但不同的词语（卧底词）。<游戏流程>：1、玩家轮流描述自己的词语，但<不能>直接说出词语本身。2、描述完毕后，投票选出最像卧底的玩家。3、每轮结束后，被投票选出的玩家出局，不能再进行描述或投票。4、每轮投票结束后，如果卧底被成功找出，平民方获胜；如果卧底未被找出且卧底人数等于或超过平民人数，则卧底方获胜。你将扮演一个<玩家>，请等待你被分配到的关键词。如果你听懂了，只回答，"好的，我准备好参加游戏了"，不要输出别的信息
2024-12-13 15:20:26,576 - 3 - INFO - **********PLAYER3**********
好的，我准备好参加游戏了
2024-12-13 15:20:33,934 - 3 - INFO - **********JUDGER**********
玩家1说：这个动物有着长长的鼻子和大大的黑眼睛，它在同类中以其可爱的外表和憨厚的性格而闻名。它的毛色通常是黑白相间，给人一种温暖的感觉。在这类动物中，它最突出的不同之处可能在于它有着非常独特的气味。玩家2说：这种动物有着灵活的四肢和敏锐的观察力，它们善于攀爬和抓握。在同类中，它们以其善于模仿人类行为而著称，这种模仿能力是其最独特的特征。玩家3说：玩家4说：|| 你是第3号玩家，你的关键词是<熊>。你的回答中绝对不能包含你的关键词<熊>。这是第一轮描述，不需要分析||之前别的玩家的描述，请你描述关键词基本特征，注意，这局游戏的词语分类为<动物>，卧底词和平民词都属于该类，描述包括以下两点，1.他的基本特征是什么2.他在该类（动物）中最突出不同的特征是什么，尽量简短
2024-12-13 15:20:37,552 - 3 - INFO - **********PLAYER3**********
这个动物体型庞大，有着强壮的身体和锋利的爪牙。它们在同类中最突出的不同之处在于，它们是食肉动物，以捕猎为生。
2024-12-13 15:21:59,502 - 3 - INFO - **********JUDGER**********
玩家1说：这个动物有着长长的鼻子和大大的黑眼睛，它在同类中以其可爱的外表和憨厚的性格而闻名。它的毛色通常是黑白相间，给人一种温暖的感觉。在这类动物中，它最突出的不同之处可能在于它有着非常独特的气味。玩家2说：这种动物有着灵活的四肢和敏锐的观察力，它们善于攀爬和抓握。在同类中，它们以其善于模仿人类行为而著称，这种模仿能力是其最独特的特征。玩家3说：这个动物体型庞大，有着强壮的身体和锋利的爪牙。它们在同类中最突出的不同之处在于，它们是食肉动物，以捕猎为生。玩家4说：||在这个游戏中，我们需要通过分析每位玩家的描述来找出卧底。通常，平民的描述会围绕相同的词语展开，而卧底的描述可能会因为词语的不同而显得不太一致。我们需要仔细比较每个描述之间的相似性和差异性，以找出可能的卧底，注意，卧底并不会隐藏自己，他会直接描述他的词语，现在，逐一分析每个玩家的描述，注意，这局游戏的词语分类为<动物>，卧底词和平民词都属于该类。这是第一轮描述。
2024-12-13 15:22:08,781 - 3 - INFO - **********PLAYER3**********
根据玩家们的描述，我们可以进行以下分析：

玩家1描述的动物有长长的鼻子、大大的黑眼睛、黑白相间的毛色和可爱的外表，以及独特的气味。这些特征很符合熊的特点。

玩家2描述的动物有灵活的四肢、敏锐的观察力、善于攀爬和抓握，以及模仿人类行为的能力。这些特征很符合猴子或猿类的特点。

玩家3描述的动物体型庞大、强壮、有锋利的爪牙，以捕猎为生。这些特征很符合老虎的特点。

玩家4的描述似乎是在解释游戏规则和如何分析其他玩家的描述，并没有提供关于动物的具体信息，因此他的描述与寻找卧底的任务无关。

从描述的相似性来看，玩家1和玩家3的描述都指向了特定的动物（熊和老虎），而玩家2的描述指向了另一类动物（猴子或猿类）。由于游戏规则中提到卧底词和平民词都属于动物类别，且卧底词与平民词相近但不同，玩家4的描述不符合这一规则，因此玩家4很可能是卧底。
2024-12-13 15:22:08,782 - 3 - INFO - **********JUDGER**********
你刚刚的分析是根据玩家们的描述，我们可以进行以下分析：

玩家1描述的动物有长长的鼻子、大大的黑眼睛、黑白相间的毛色和可爱的外表，以及独特的气味。这些特征很符合熊的特点。

玩家2描述的动物有灵活的四肢、敏锐的观察力、善于攀爬和抓握，以及模仿人类行为的能力。这些特征很符合猴子或猿类的特点。

玩家3描述的动物体型庞大、强壮、有锋利的爪牙，以捕猎为生。这些特征很符合老虎的特点。

玩家4的描述似乎是在解释游戏规则和如何分析其他玩家的描述，并没有提供关于动物的具体信息，因此他的描述与寻找卧底的任务无关。

从描述的相似性来看，玩家1和玩家3的描述都指向了特定的动物（熊和老虎），而玩家2的描述指向了另一类动物（猴子或猿类）。由于游戏规则中提到卧底词和平民词都属于动物类别，且卧底词与平民词相近但不同，玩家4的描述不符合这一规则，因此玩家4很可能是卧底。|| `请根据上述分析，比较描述以找出不一致之处，注意，这局游戏的词语分类为<动物>，卧底词和平民词都属于该类。
2024-12-13 15:22:25,976 - 3 - INFO - **********PLAYER3**********
在《谁是卧底》游戏中，根据玩家们的描述，我们可以进行以下分析：

玩家1的描述提到了“长长的鼻子”、“大大的黑眼睛”、“黑白相间的毛色”和“独特的气味”，这些特征与熊猫相符。

玩家2的描述提到了“灵活的四肢”、“敏锐的观察力”、“善于攀爬和抓握”以及“模仿人类行为的能力”，这些特征与猴子相符。

玩家3的描述提到了“体型庞大”、“强壮的身体”和“锋利的爪牙”，这些特征与熊相符。

玩家4的描述似乎在提醒大家游戏规则和如何分析描述，并没有给出具体的动物特征，这可能意味着玩家4是卧底。

根据这些描述，我们可以看到玩家1、2和3的描述都与特定的动物特征相符，而玩家4的描述没有提供具体的动物特征，这可能是卧底的特点。因此，玩家4可能是卧底，而其他玩家可能是平民。

在分析描述时，我们注意到以下几点：

- 玩家1的描述与熊猫的特征非常吻合，但熊猫的毛色通常是全黑或全白，而不是黑白相间。
- 玩家2的描述与猴子的特征相符，猴子确实有灵活的四肢和模仿人类行为的能力。
- 玩家3的描述与熊的特征相符，熊的确是食肉动物，体型庞大，有强壮的身体和锋利的爪牙。

因此，如果玩家4的词语是熊猫，那么他的描述就不太一致，因为熊猫的毛色通常是全黑或全白，而不是黑白相间。这可能导致玩家4被怀疑是卧底。如果玩家4的词语是猴子或熊，那么他的描述就会与玩家2或3的描述更为一致。

综上所述，玩家4的描述可能是因为他拿到的词语与描述中的动物特征不一致而显得不太一致，这可能是他作为卧底的一个线索。玩家们需要根据这些描述来投票决定谁是最可能的卧底。
2024-12-13 15:22:25,977 - 3 - INFO - **********JUDGER**********
你刚刚的分析是在《谁是卧底》游戏中，根据玩家们的描述，我们可以进行以下分析：

玩家1的描述提到了“长长的鼻子”、“大大的黑眼睛”、“黑白相间的毛色”和“独特的气味”，这些特征与熊猫相符。

玩家2的描述提到了“灵活的四肢”、“敏锐的观察力”、“善于攀爬和抓握”以及“模仿人类行为的能力”，这些特征与猴子相符。

玩家3的描述提到了“体型庞大”、“强壮的身体”和“锋利的爪牙”，这些特征与熊相符。

玩家4的描述似乎在提醒大家游戏规则和如何分析描述，并没有给出具体的动物特征，这可能意味着玩家4是卧底。

根据这些描述，我们可以看到玩家1、2和3的描述都与特定的动物特征相符，而玩家4的描述没有提供具体的动物特征，这可能是卧底的特点。因此，玩家4可能是卧底，而其他玩家可能是平民。

在分析描述时，我们注意到以下几点：

- 玩家1的描述与熊猫的特征非常吻合，但熊猫的毛色通常是全黑或全白，而不是黑白相间。
- 玩家2的描述与猴子的特征相符，猴子确实有灵活的四肢和模仿人类行为的能力。
- 玩家3的描述与熊的特征相符，熊的确是食肉动物，体型庞大，有强壮的身体和锋利的爪牙。

因此，如果玩家4的词语是熊猫，那么他的描述就不太一致，因为熊猫的毛色通常是全黑或全白，而不是黑白相间。这可能导致玩家4被怀疑是卧底。如果玩家4的词语是猴子或熊，那么他的描述就会与玩家2或3的描述更为一致。

综上所述，玩家4的描述可能是因为他拿到的词语与描述中的动物特征不一致而显得不太一致，这可能是他作为卧底的一个线索。玩家们需要根据这些描述来投票决定谁是最可能的卧底。|| 请通过你分析的不一致之处，推断卧底身份，注意，这局游戏的词语分类为<动物>，卧底词和平民词都属于该类。
2024-12-13 15:22:42,327 - 3 - INFO - **********PLAYER3**********
根据上述分析，我们可以推断卧底身份的线索如下：

1. 玩家1的描述提到“黑白相间的毛色”，这与熊猫的特征不符，因为熊猫的毛色通常是全黑或全白。

2. 玩家2的描述提到猴子具有“灵活的四肢”、“敏锐的观察力”、“善于攀爬和抓握”以及“模仿人类行为的能力”，这些特征与猴子非常吻合。

3. 玩家3的描述提到熊具有“体型庞大”、“强壮的身体”和“锋利的爪牙”，这些特征与熊相符。

4. 玩家4的描述没有提供具体的动物特征，但他的描述在提醒大家游戏规则和如何分析描述，这本身并不指向任何特定的动物特征。

综合以上信息，玩家1的描述中的不一致之处（黑白相间的毛色）可能是误导，因为熊猫的毛色不是这样的。然而，玩家4的描述没有给出具体的动物特征，这本身并不足以直接指向卧底身份。但是，如果玩家4的目的是隐藏他的卧底身份，他可能会故意提供一些模糊的描述，或者提供与游戏规则相关的信息来分散注意力。

因此，基于描述的不一致性和游戏规则，玩家4的描述可能是为了隐藏他的卧底身份，而玩家1的描述中的不一致之处可能是由于误解或误导。然而，没有更多的信息，我们无法确定玩家4的确切词语。如果必须根据描述的不一致之处推断卧底身份，玩家4可能是卧底，因为他的描述没有直接指向任何特定的动物特征，这与卧底可能试图隐藏其词语的特征相符。
2024-12-13 15:22:42,329 - 3 - INFO - **********JUDGER**********
你刚刚的推断是根据上述分析，我们可以推断卧底身份的线索如下：

1. 玩家1的描述提到“黑白相间的毛色”，这与熊猫的特征不符，因为熊猫的毛色通常是全黑或全白。

2. 玩家2的描述提到猴子具有“灵活的四肢”、“敏锐的观察力”、“善于攀爬和抓握”以及“模仿人类行为的能力”，这些特征与猴子非常吻合。

3. 玩家3的描述提到熊具有“体型庞大”、“强壮的身体”和“锋利的爪牙”，这些特征与熊相符。

4. 玩家4的描述没有提供具体的动物特征，但他的描述在提醒大家游戏规则和如何分析描述，这本身并不指向任何特定的动物特征。

综合以上信息，玩家1的描述中的不一致之处（黑白相间的毛色）可能是误导，因为熊猫的毛色不是这样的。然而，玩家4的描述没有给出具体的动物特征，这本身并不足以直接指向卧底身份。但是，如果玩家4的目的是隐藏他的卧底身份，他可能会故意提供一些模糊的描述，或者提供与游戏规则相关的信息来分散注意力。

因此，基于描述的不一致性和游戏规则，玩家4的描述可能是为了隐藏他的卧底身份，而玩家1的描述中的不一致之处可能是由于误解或误导。然而，没有更多的信息，我们无法确定玩家4的确切词语。如果必须根据描述的不一致之处推断卧底身份，玩家4可能是卧底，因为他的描述没有直接指向任何特定的动物特征，这与卧底可能试图隐藏其词语的特征相符。|| 基于你刚刚的推断得出你的最终结论，请输出你认为的卧底，在这种情况下只需要输出编号，是1-4中的某个数字，不要输出其他信息。在这个过程不要进行任何推理，只对||以前的部分进行信息提取
2024-12-13 15:22:44,802 - 3 - INFO - **********PLAYER3**********
4
2024-12-13 15:23:48,614 - 3 - INFO - **********JUDGER**********
玩家1说：这个动物有着长长的鼻子和大大的黑眼睛，它在同类中以其可爱的外表和憨厚的性格而闻名。它的毛色通常是黑白相间，给人一种温暖的感觉。在这类动物中，它最突出的不同之处可能在于它有着非常独特的气味。这个动物在同类中以其庞大的身躯和威严的气质著称，它们在森林中漫步，给人一种稳重而强大的印象。它们的身体覆盖着厚厚的毛发，能够在寒冷的环境中保持温暖。在这个动物群体中，它们以其力量和坚韧不拔的性格而闻名。玩家2说：这种动物有着灵活的四肢和敏锐的观察力，它们善于攀爬和抓握。在同类中，它们以其善于模仿人类行为而著称，这种模仿能力是其最独特的特征。这种动物以其敏捷的身手和智能的大脑而闻名，它们在同类中以其对环境的适应能力和社交行为而著称。它们通常具有多样化的饮食习性，且在繁殖和社交活动中展现出独特的智慧。玩家3说：这个动物体型庞大，有着强壮的身体和锋利的爪牙。它们在同类中最突出的不同之处在于，它们是食肉动物，以捕猎为生。玩家4说：这个动物通常生活在森林中，有着厚实的身体和强壮的四肢。它们以强壮的肌肉和锋利的爪牙著称，是捕猎高手。在该类动物中，它们最突出的不同之处可能在于它们通常具有较为凶猛的个性。你是第3号玩家，你的关键词是<熊>。你的回答中绝对不能包含你的关键词<熊>。这是第二轮描述，你之前的描述是这个动物体型庞大，有着强壮的身体和锋利的爪牙。它们在同类中最突出的不同之处在于，它们是食肉动物，以捕猎为生。，注意，这局游戏的词语分类为<动物>，卧底词和平民词都属于该类，请你补充关于关键词的描述，注意，你的描述应该比起之前的描述更加贴近关键词，作为之前的补充
2024-12-13 15:23:52,935 - 3 - INFO - **********PLAYER3**********
这个动物有着厚重的身躯和坚固的骨架，它们在同类中以其强大的力量和坚韧的耐力而著称。它们的四肢粗壮有力，适合在森林中行走和攀爬。这种动物通常有着黑白相间的毛皮，给人一种强大而神秘的感觉。它们在捕猎时展现出惊人的速度和敏捷性，是森林中的顶级掠食者。在这个动物群体中，它们以其捕猎技巧和生存能力而闻名。
2024-12-13 15:25:08,511 - 3 - INFO - **********JUDGER**********
玩家1说：这个动物有着长长的鼻子和大大的黑眼睛，它在同类中以其可爱的外表和憨厚的性格而闻名。它的毛色通常是黑白相间，给人一种温暖的感觉。在这类动物中，它最突出的不同之处可能在于它有着非常独特的气味。这个动物在同类中以其庞大的身躯和威严的气质著称，它们在森林中漫步，给人一种稳重而强大的印象。它们的身体覆盖着厚厚的毛发，能够在寒冷的环境中保持温暖。在这个动物群体中，它们以其力量和坚韧不拔的性格而闻名。玩家2说：这种动物有着灵活的四肢和敏锐的观察力，它们善于攀爬和抓握。在同类中，它们以其善于模仿人类行为而著称，这种模仿能力是其最独特的特征。这种动物以其敏捷的身手和智能的大脑而闻名，它们在同类中以其对环境的适应能力和社交行为而著称。它们通常具有多样化的饮食习性，且在繁殖和社交活动中展现出独特的智慧。玩家3说：这个动物体型庞大，有着强壮的身体和锋利的爪牙。它们在同类中最突出的不同之处在于，它们是食肉动物，以捕猎为生。这个动物有着厚重的身躯和坚固的骨架，它们在同类中以其强大的力量和坚韧的耐力而著称。它们的四肢粗壮有力，适合在森林中行走和攀爬。这种动物通常有着黑白相间的毛皮，给人一种强大而神秘的感觉。它们在捕猎时展现出惊人的速度和敏捷性，是森林中的顶级掠食者。在这个动物群体中，它们以其捕猎技巧和生存能力而闻名。玩家4说：这个动物通常生活在森林中，有着厚实的身体和强壮的四肢。它们以强壮的肌肉和锋利的爪牙著称，是捕猎高手。在该类动物中，它们最突出的不同之处可能在于它们通常具有较为凶猛的个性。||在这个游戏中，我们需要通过分析每位玩家的描述来找出卧底。通常，平民的描述会围绕相同的词语展开，而卧底的描述可能会因为词语的不同而显得不太一致。我们需要仔细比较每个描述之间的相似性和差异性，以找出可能的卧底，注意，卧底并不会隐藏自己，他会直接描述他的词语，现在，逐一分析每个玩家的描述，注意，这局游戏的词语分类为<动物>，卧底词和平民词都属于该类。||之前是第2轮描述和之前轮数描述的合集。你之前认为的卧底是玩家4。
2024-12-13 15:25:27,077 - 3 - INFO - **********PLAYER3**********
根据第二轮描述和之前的分析，我之前的推断是基于玩家4的描述与玩家3的描述在细节上存在差异。玩家4的描述强调了动物生活在森林中、厚实的身体、强壮的四肢、强壮的肌肉和锋利的爪牙，以及凶猛的个性。这些特征与玩家3的描述（熊）非常相似，因为熊也是生活在森林中、体型庞大、有着强壮的身体和锋利的爪牙。

然而，玩家4的描述中提到了“凶猛的个性”，这与熊的普遍形象相符，但并不是所有熊都有这样的个性特征。此外，玩家4的描述中强调了动物的生活环境和身体特征，这与玩家3的描述相比，没有特别突出熊的食肉性和捕猎技巧。

考虑到这些信息，如果必须根据描述的不一致性和相似性来推断卧底，玩家4的描述可能仍然显得与玩家3的描述有所不同，尤其是在强调动物个性特征上。但是，没有更多的信息，我们无法确定玩家4的词语是否与熊不同。

因此，基于当前的描述和之前的分析，我之前的推断是玩家4可能是卧底，但这个结论并不是绝对的，因为所有玩家的描述都在一定程度上指向了动物的特征，而卧底词和平民词都属于动物类别。如果需要重新评估，我们需要更多的信息或者进一步的描述来确认卧底身份。
2024-12-13 15:25:27,079 - 3 - INFO - **********JUDGER**********
你刚刚的分析是根据第二轮描述和之前的分析，我之前的推断是基于玩家4的描述与玩家3的描述在细节上存在差异。玩家4的描述强调了动物生活在森林中、厚实的身体、强壮的四肢、强壮的肌肉和锋利的爪牙，以及凶猛的个性。这些特征与玩家3的描述（熊）非常相似，因为熊也是生活在森林中、体型庞大、有着强壮的身体和锋利的爪牙。

然而，玩家4的描述中提到了“凶猛的个性”，这与熊的普遍形象相符，但并不是所有熊都有这样的个性特征。此外，玩家4的描述中强调了动物的生活环境和身体特征，这与玩家3的描述相比，没有特别突出熊的食肉性和捕猎技巧。

考虑到这些信息，如果必须根据描述的不一致性和相似性来推断卧底，玩家4的描述可能仍然显得与玩家3的描述有所不同，尤其是在强调动物个性特征上。但是，没有更多的信息，我们无法确定玩家4的词语是否与熊不同。

因此，基于当前的描述和之前的分析，我之前的推断是玩家4可能是卧底，但这个结论并不是绝对的，因为所有玩家的描述都在一定程度上指向了动物的特征，而卧底词和平民词都属于动物类别。如果需要重新评估，我们需要更多的信息或者进一步的描述来确认卧底身份。|| `请根据上述分析，比较描述以找出不一致之处，注意，这局游戏的词语分类为<动物>，卧底词和平民词都属于该类。
2024-12-13 15:25:56,515 - 3 - INFO - **********PLAYER3**********
根据上述分析，我们可以比较描述以找出以下不一致之处：

1. 玩家1的描述：
   - 强调了动物的长长的鼻子、大大的黑眼睛、可爱的外表、憨厚的性格、黑白相间的毛色和独特的气味。
   - 提到了动物庞大的身躯、威严的气质和力量。
   - 没有特别强调动物的食肉性和捕猎技巧。

2. 玩家2的描述：
   - 强调了动物的灵活四肢、敏锐观察力、攀爬和抓握能力、模仿人类行为的能力。
   - 提到了动物的敏捷身手、智能大脑、对环境的适应能力和社交行为。
   - 没有提到动物的体型、毛色或捕猎习性。

3. 玩家3的描述：
   - 强调了动物体型庞大、强壮的身体、锋利的爪牙。
   - 提到了动物是食肉动物、以捕猎为生、强大的力量和坚韧的耐力。
   - 描述了动物的厚重的身躯、坚固的骨架和粗壮有力的四肢。

4. 玩家4的描述：
   - 强调了动物生活在森林中、厚实的身体、强壮的四肢、强壮的肌肉和锋利的爪牙。
   - 提到了动物是捕猎高手和具有较为凶猛的个性。

不一致之处：
- 玩家1和玩家3的描述都提到了动物的食肉性和捕猎习性，而玩家2和玩家4没有。
- 玩家2的描述主要集中在动物的智能和社会行为，而其他玩家的描述更侧重于动物的体型和捕猎特征。
- 玩家4的描述与玩家3的描述在强调动物的身体特征上有相似之处，但在提及个性时使用了“较为凶猛”，这可能是一个不同的特征。

基于这些不一致之处，玩家4的描述可能与玩家3的描述有所不同，尤其是在动物的个性特征上。这可能是判断玩家4是否为卧底的一个线索。
2024-12-13 15:25:56,518 - 3 - INFO - **********JUDGER**********
你刚刚的分析是根据上述分析，我们可以比较描述以找出以下不一致之处：

1. 玩家1的描述：
   - 强调了动物的长长的鼻子、大大的黑眼睛、可爱的外表、憨厚的性格、黑白相间的毛色和独特的气味。
   - 提到了动物庞大的身躯、威严的气质和力量。
   - 没有特别强调动物的食肉性和捕猎技巧。

2. 玩家2的描述：
   - 强调了动物的灵活四肢、敏锐观察力、攀爬和抓握能力、模仿人类行为的能力。
   - 提到了动物的敏捷身手、智能大脑、对环境的适应能力和社交行为。
   - 没有提到动物的体型、毛色或捕猎习性。

3. 玩家3的描述：
   - 强调了动物体型庞大、强壮的身体、锋利的爪牙。
   - 提到了动物是食肉动物、以捕猎为生、强大的力量和坚韧的耐力。
   - 描述了动物的厚重的身躯、坚固的骨架和粗壮有力的四肢。

4. 玩家4的描述：
   - 强调了动物生活在森林中、厚实的身体、强壮的四肢、强壮的肌肉和锋利的爪牙。
   - 提到了动物是捕猎高手和具有较为凶猛的个性。

不一致之处：
- 玩家1和玩家3的描述都提到了动物的食肉性和捕猎习性，而玩家2和玩家4没有。
- 玩家2的描述主要集中在动物的智能和社会行为，而其他玩家的描述更侧重于动物的体型和捕猎特征。
- 玩家4的描述与玩家3的描述在强调动物的身体特征上有相似之处，但在提及个性时使用了“较为凶猛”，这可能是一个不同的特征。

基于这些不一致之处，玩家4的描述可能与玩家3的描述有所不同，尤其是在动物的个性特征上。这可能是判断玩家4是否为卧底的一个线索。|| 请通过你分析的不一致之处，推断卧底身份，注意，这局游戏的词语分类为<动物>，卧底词和平民词都属于该类。
2024-12-13 15:26:14,402 - 3 - INFO - **********PLAYER3**********
基于分析的不一致之处，以下是我的推断：

- 玩家1的描述提到了动物的长长的鼻子、大大的黑眼睛、黑白相间的毛色和独特的气味，以及庞大的身躯和威严的气质，但没有特别强调捕猎习性。
- 玩家2的描述强调了动物的智能和社会行为，如灵活的四肢、敏锐的观察力、模仿人类行为的能力，以及敏捷的身手和智能的大脑，这与熊的特征不太相符。
- 玩家3的描述提到了动物体型庞大、强壮的身体、锋利的爪牙，以及是食肉动物、以捕猎为生，这与熊的特征非常吻合。
- 玩家4的描述提到了动物生活在森林中、厚实的身体、强壮的四肢、强壮的肌肉和锋利的爪牙，以及是捕猎高手和具有较为凶猛的个性，这与熊的特征也相符，但个性描述上使用了“较为凶猛”，这可能是一个不同的特征。

考虑到游戏规则中卧底词和平民词都属于动物类别，且卧底词与平民词相近但不同，玩家2的描述与熊的特征不太相符，而且没有提到体型、毛色或捕猎习性，这可能是与平民词不一致的地方。

因此，基于描述的不一致之处，我推断玩家2可能是卧底。
2024-12-13 15:26:14,403 - 3 - INFO - **********JUDGER**********
你刚刚的推断是基于分析的不一致之处，以下是我的推断：

- 玩家1的描述提到了动物的长长的鼻子、大大的黑眼睛、黑白相间的毛色和独特的气味，以及庞大的身躯和威严的气质，但没有特别强调捕猎习性。
- 玩家2的描述强调了动物的智能和社会行为，如灵活的四肢、敏锐的观察力、模仿人类行为的能力，以及敏捷的身手和智能的大脑，这与熊的特征不太相符。
- 玩家3的描述提到了动物体型庞大、强壮的身体、锋利的爪牙，以及是食肉动物、以捕猎为生，这与熊的特征非常吻合。
- 玩家4的描述提到了动物生活在森林中、厚实的身体、强壮的四肢、强壮的肌肉和锋利的爪牙，以及是捕猎高手和具有较为凶猛的个性，这与熊的特征也相符，但个性描述上使用了“较为凶猛”，这可能是一个不同的特征。

考虑到游戏规则中卧底词和平民词都属于动物类别，且卧底词与平民词相近但不同，玩家2的描述与熊的特征不太相符，而且没有提到体型、毛色或捕猎习性，这可能是与平民词不一致的地方。

因此，基于描述的不一致之处，我推断玩家2可能是卧底。|| 基于你刚刚的推断得出你的最终结论，请输出你认为的卧底，在这种情况下只需要输出编号，是1-4中的某个数字，不要输出其他信息。在这个过程不要进行任何推理，只对||以前的部分进行信息提取
2024-12-13 15:26:15,437 - 3 - INFO - **********PLAYER3**********
2
2024-12-13 15:27:19,215 - 3 - INFO - **********JUDGER**********
玩家1说：这个动物有着长长的鼻子和大大的黑眼睛，它在同类中以其可爱的外表和憨厚的性格而闻名。它的毛色通常是黑白相间，给人一种温暖的感觉。在这类动物中，它最突出的不同之处可能在于它有着非常独特的气味。这个动物在同类中以其庞大的身躯和威严的气质著称，它们在森林中漫步，给人一种稳重而强大的印象。它们的身体覆盖着厚厚的毛发，能够在寒冷的环境中保持温暖。在这个动物群体中，它们以其力量和坚韧不拔的性格而闻名。这个动物以其强壮的四肢和坚固的爪子著称，它们在同类中以其力量和耐力闻名。它们在森林中行动敏捷，能够迅速捕捉猎物。这种动物有着独特的体型，胸部宽阔，给人一种稳固的感觉。它们的面部表情通常显得严肃，透露出一种不容小觑的威严。在同类中，它们以其适应能力和在复杂环境中的生存技巧而受到尊重。玩家2说：这种动物有着灵活的四肢和敏锐的观察力，它们善于攀爬和抓握。在同类中，它们以其善于模仿人类行为而著称，这种模仿能力是其最独特的特征。这种动物以其敏捷的身手和智能的大脑而闻名，它们在同类中以其对环境的适应能力和社交行为而著称。它们通常具有多样化的饮食习性，且在繁殖和社交活动中展现出独特的智慧。这种动物以其小巧的体型和敏捷的动作而闻名，它们在同类中以其活泼好动和好奇的性格而著称。它们在森林中跳跃自如，善于利用树木和藤蔓进行移动。这种动物在同类中以其善于解决复杂问题和社交互动而受到尊重。玩家3说：这个动物体型庞大，有着强壮的身体和锋利的爪牙。它们在同类中最突出的不同之处在于，它们是食肉动物，以捕猎为生。这个动物有着厚重的身躯和坚固的骨架，它们在同类中以其强大的力量和坚韧的耐力而著称。它们的四肢粗壮有力，适合在森林中行走和攀爬。这种动物通常有着黑白相间的毛皮，给人一种强大而神秘的感觉。它们在捕猎时展现出惊人的速度和敏捷性，是森林中的顶级掠食者。在这个动物群体中，它们以其捕猎技巧和生存能力而闻名。玩家4说：这个动物通常生活在森林中，有着厚实的身体和强壮的四肢。它们以强壮的肌肉和锋利的爪牙著称，是捕猎高手。在该类动物中，它们最突出的不同之处可能在于它们通常具有较为凶猛的个性。这种动物在同类中以其庞大的身躯和威严的气质著称，它们在森林中漫步，给人一种稳重而强大的印象。它们的身体覆盖着厚厚的毛发，能够在寒冷的环境中保持温暖。在这个动物群体中，它们以其力量和坚韧不拔的性格而闻名。你是第3号玩家，你的关键词是<熊>。你的回答中绝对不能包含你的关键词<熊>。这是第三轮描述，你之前的描述是这个动物体型庞大，有着强壮的身体和锋利的爪牙。它们在同类中最突出的不同之处在于，它们是食肉动物，以捕猎为生。和这个动物有着厚重的身躯和坚固的骨架，它们在同类中以其强大的力量和坚韧的耐力而著称。它们的四肢粗壮有力，适合在森林中行走和攀爬。这种动物通常有着黑白相间的毛皮，给人一种强大而神秘的感觉。它们在捕猎时展现出惊人的速度和敏捷性，是森林中的顶级掠食者。在这个动物群体中，它们以其捕猎技巧和生存能力而闻名。，注意，这局游戏的词语分类为<动物>，卧底词和平民词都属于该类，请你补充关于关键词的描述，注意，你的描述应该比起之前的描述更加贴近关键词，作为之前的补充
2024-12-13 15:27:26,484 - 3 - INFO - **********PLAYER3**********
这种动物以其宽阔的胸部和坚固的骨架著称，它们在同类中以其稳定的步态和强大的肌肉而闻名。它们的爪子锋利，适合挖掘和抓握。这种动物在森林中的行动虽然缓慢，但它们有着出色的嗅觉和听觉，能够在捕猎时迅速定位猎物。它们的毛皮通常具有保护色，帮助它们在森林中隐蔽。这种动物在同类中以其坚韧的性格和对领地的忠诚而受到尊重。
2024-12-13 15:30:11,457 - 3 - INFO - **********JUDGER**********
玩家1说：这个动物有着长长的鼻子和大大的黑眼睛，它在同类中以其可爱的外表和憨厚的性格而闻名。它的毛色通常是黑白相间，给人一种温暖的感觉。在这类动物中，它最突出的不同之处可能在于它有着非常独特的气味。这个动物在同类中以其庞大的身躯和威严的气质著称，它们在森林中漫步，给人一种稳重而强大的印象。它们的身体覆盖着厚厚的毛发，能够在寒冷的环境中保持温暖。在这个动物群体中，它们以其力量和坚韧不拔的性格而闻名。这个动物以其强壮的四肢和坚固的爪子著称，它们在同类中以其力量和耐力闻名。它们在森林中行动敏捷，能够迅速捕捉猎物。这种动物有着独特的体型，胸部宽阔，给人一种稳固的感觉。它们的面部表情通常显得严肃，透露出一种不容小觑的威严。在同类中，它们以其适应能力和在复杂环境中的生存技巧而受到尊重。玩家2说：这种动物有着灵活的四肢和敏锐的观察力，它们善于攀爬和抓握。在同类中，它们以其善于模仿人类行为而著称，这种模仿能力是其最独特的特征。这种动物以其敏捷的身手和智能的大脑而闻名，它们在同类中以其对环境的适应能力和社交行为而著称。它们通常具有多样化的饮食习性，且在繁殖和社交活动中展现出独特的智慧。这种动物以其小巧的体型和敏捷的动作而闻名，它们在同类中以其活泼好动和好奇的性格而著称。它们在森林中跳跃自如，善于利用树木和藤蔓进行移动。这种动物在同类中以其善于解决复杂问题和社交互动而受到尊重。玩家3说：这个动物体型庞大，有着强壮的身体和锋利的爪牙。它们在同类中最突出的不同之处在于，它们是食肉动物，以捕猎为生。这个动物有着厚重的身躯和坚固的骨架，它们在同类中以其强大的力量和坚韧的耐力而著称。它们的四肢粗壮有力，适合在森林中行走和攀爬。这种动物通常有着黑白相间的毛皮，给人一种强大而神秘的感觉。它们在捕猎时展现出惊人的速度和敏捷性，是森林中的顶级掠食者。在这个动物群体中，它们以其捕猎技巧和生存能力而闻名。这种动物以其宽阔的胸部和坚固的骨架著称，它们在同类中以其稳定的步态和强大的肌肉而闻名。它们的爪子锋利，适合挖掘和抓握。这种动物在森林中的行动虽然缓慢，但它们有着出色的嗅觉和听觉，能够在捕猎时迅速定位猎物。它们的毛皮通常具有保护色，帮助它们在森林中隐蔽。这种动物在同类中以其坚韧的性格和对领地的忠诚而受到尊重。玩家4说：这个动物通常生活在森林中，有着厚实的身体和强壮的四肢。它们以强壮的肌肉和锋利的爪牙著称，是捕猎高手。在该类动物中，它们最突出的不同之处可能在于它们通常具有较为凶猛的个性。这种动物在同类中以其庞大的身躯和威严的气质著称，它们在森林中漫步，给人一种稳重而强大的印象。它们的身体覆盖着厚厚的毛发，能够在寒冷的环境中保持温暖。在这个动物群体中，它们以其力量和坚韧不拔的性格而闻名。这种动物以其强壮的后肢和宽阔的肩膀著称，它们在同类中以其强大的力量和出色的挖掘能力闻名。它们在森林中寻找食物和建造巢穴时，展现出了独特的智慧和技巧。这种动物的面部表情通常显得温和，但它们的目光中透露出坚定的意志。它们在同类中以其对领地的保护和对同伴的忠诚而受到尊敬。||在这个游戏中，我们需要通过分析每位玩家的描述来找出卧底。通常，平民的描述会围绕相同的词语展开，而卧底的描述可能会因为词语的不同而显得不太一致。我们需要仔细比较每个描述之间的相似性和差异性，以找出可能的卧底，注意，卧底并不会隐藏自己，他会直接描述他的词语，现在，逐一分析每个玩家的描述，注意，这局游戏的词语分类为<动物>，卧底词和平民词都属于该类。||之前是第3轮描述和之前轮数描述的合集。你之前认为的卧底是玩家2。
2024-12-13 15:30:34,740 - 3 - INFO - **********PLAYER3**********
根据第三轮描述和之前的分析，我们可以逐一分析每个玩家的描述：

1. 玩家1的描述：
   - 描述了一个有着长长的鼻子、黑眼睛、黑白相间毛色、可爱外表、憨厚性格的动物。
   - 强调了动物庞大的身躯、威严的气质、力量和坚韧不拔的性格。
   - 提到了动物强壮的四肢、坚固的爪子、独特的体型和胸部宽阔。
   - 突出了动物的适应能力和在复杂环境中的生存技巧。

2. 玩家2的描述：
   - 描述了一个有着灵活四肢、敏锐观察力、善于攀爬和抓握的动物。
   - 强调了动物模仿人类行为的能力、敏捷的身手、智能的大脑和对环境的适应能力。
   - 提到了动物多样化的饮食习性和繁殖社交活动中的智慧。
   - 突出了动物小巧的体型、活泼好动和好奇的性格。

3. 玩家3的描述：
   - 描述了一个体型庞大、强壮身体、锋利爪牙的动物。
   - 强调了动物是食肉动物、以捕猎为生、强大的力量和坚韧的耐力。
   - 提到了动物厚重的身躯、坚固的骨架、粗壮有力的四肢和黑白相间的毛皮。
   - 突出了动物的捕猎技巧和生存能力。

4. 玩家4的描述：
   - 描述了一个生活在森林中、厚实身体、强壮四肢的动物。
   - 强调了动物强壮的肌肉、锋利的爪牙、凶猛的个性和庞大的身躯。
   - 提到了动物威严的气质、稳定步态、坚固的骨架和坚韧不拔的性格。
   - 突出了动物的适应能力和对领地的忠诚。

根据这些描述，玩家2的描述与其他玩家的描述在多个方面存在显著差异。玩家2描述的动物更侧重于智能、社交行为和灵活的身体特征，而其他玩家描述的动物则更侧重于体型、力量、捕猎能力和生存技巧。玩家2的描述中提到的动物更像是猴子或猿类，而不是熊。

因此，基于描述的差异性，我之前的推断玩家2可能是卧底是基于描述与其他玩家描述的不一致。如果必须根据这些描述来推断卧底身份，玩家2的描述可能是与其他玩家描述最不一致的，因此我仍然认为玩家2可能是卧底。
2024-12-13 15:30:34,743 - 3 - INFO - **********JUDGER**********
你刚刚的分析是根据第三轮描述和之前的分析，我们可以逐一分析每个玩家的描述：

1. 玩家1的描述：
   - 描述了一个有着长长的鼻子、黑眼睛、黑白相间毛色、可爱外表、憨厚性格的动物。
   - 强调了动物庞大的身躯、威严的气质、力量和坚韧不拔的性格。
   - 提到了动物强壮的四肢、坚固的爪子、独特的体型和胸部宽阔。
   - 突出了动物的适应能力和在复杂环境中的生存技巧。

2. 玩家2的描述：
   - 描述了一个有着灵活四肢、敏锐观察力、善于攀爬和抓握的动物。
   - 强调了动物模仿人类行为的能力、敏捷的身手、智能的大脑和对环境的适应能力。
   - 提到了动物多样化的饮食习性和繁殖社交活动中的智慧。
   - 突出了动物小巧的体型、活泼好动和好奇的性格。

3. 玩家3的描述：
   - 描述了一个体型庞大、强壮身体、锋利爪牙的动物。
   - 强调了动物是食肉动物、以捕猎为生、强大的力量和坚韧的耐力。
   - 提到了动物厚重的身躯、坚固的骨架、粗壮有力的四肢和黑白相间的毛皮。
   - 突出了动物的捕猎技巧和生存能力。

4. 玩家4的描述：
   - 描述了一个生活在森林中、厚实身体、强壮四肢的动物。
   - 强调了动物强壮的肌肉、锋利的爪牙、凶猛的个性和庞大的身躯。
   - 提到了动物威严的气质、稳定步态、坚固的骨架和坚韧不拔的性格。
   - 突出了动物的适应能力和对领地的忠诚。

根据这些描述，玩家2的描述与其他玩家的描述在多个方面存在显著差异。玩家2描述的动物更侧重于智能、社交行为和灵活的身体特征，而其他玩家描述的动物则更侧重于体型、力量、捕猎能力和生存技巧。玩家2的描述中提到的动物更像是猴子或猿类，而不是熊。

因此，基于描述的差异性，我之前的推断玩家2可能是卧底是基于描述与其他玩家描述的不一致。如果必须根据这些描述来推断卧底身份，玩家2的描述可能是与其他玩家描述最不一致的，因此我仍然认为玩家2可能是卧底。|| `请根据上述分析，比较描述以找出不一致之处，注意，这局游戏的词语分类为<动物>，卧底词和平民词都属于该类。
2024-12-13 15:31:14,733 - 3 - INFO - **********PLAYER3**********
根据上述分析，以下是不一致之处：

1. 玩家1的描述中提到了动物有“长长的鼻子”、“大大的黑眼睛”、“黑白相间的毛色”、“可爱的外表”、“憨厚的性格”、“强壮的四肢”、“坚固的爪子”、“独特的体型”、“胸部宽阔”、“严肃的面部表情”以及“不容小觑的威严”，并且强调了动物的“力量”和“坚韧不拔的性格”。

2. 玩家2的描述中提到了动物有“灵活的四肢”、“敏锐的观察力”、“善于攀爬和抓握”、“模仿人类行为的能力”、“敏捷的身手”、“智能的大脑”、“对环境的适应能力”、“多样化的饮食习性”、“活泼好动和好奇的性格”、“小巧的体型”以及“善于解决复杂问题和社交互动”。

3. 玩家3的描述中提到了动物有“体型庞大”、“强壮的身体”、“锋利的爪牙”、“厚重的身躯”、“坚固的骨架”、“粗壮有力的四肢”、“黑白相间的毛皮”、“惊人的速度和敏捷性”以及“捕猎技巧和生存能力”。

4. 玩家4的描述中提到了动物有“厚实的身体”、“强壮的四肢”、“强壮的肌肉”、“锋利的爪牙”、“凶猛的个性”、“庞大的身躯”、“威严的气质”、“稳定步态”、“坚固的骨架”、“坚韧不拔的性格”以及“适应能力和对领地的忠诚”。

不一致之处：

- 玩家2的描述中提到了动物“模仿人类行为的能力”、“敏捷的身手”、“智能的大脑”、“多样化的饮食习性”、“活泼好动和好奇的性格”以及“小巧的体型”，这些特征与其他玩家的描述中提到的特征不太一致。
- 玩家2的描述中强调了动物的社交行为和解决复杂问题的能力，而其他玩家的描述更侧重于动物的体型、力量和捕猎习性。
- 玩家2的描述中提到的动物特征与其他玩家的描述中提到的动物特征在类型上有显著差异，特别是关于体型、毛色和捕猎行为的描述。

基于这些不一致之处，玩家2的描述与其他玩家的描述在动物特征的描述上存在显著差异，这可能是判断玩家2是否为卧底的一个线索。
2024-12-13 15:31:14,735 - 3 - INFO - **********JUDGER**********
你刚刚的分析是根据上述分析，以下是不一致之处：

1. 玩家1的描述中提到了动物有“长长的鼻子”、“大大的黑眼睛”、“黑白相间的毛色”、“可爱的外表”、“憨厚的性格”、“强壮的四肢”、“坚固的爪子”、“独特的体型”、“胸部宽阔”、“严肃的面部表情”以及“不容小觑的威严”，并且强调了动物的“力量”和“坚韧不拔的性格”。

2. 玩家2的描述中提到了动物有“灵活的四肢”、“敏锐的观察力”、“善于攀爬和抓握”、“模仿人类行为的能力”、“敏捷的身手”、“智能的大脑”、“对环境的适应能力”、“多样化的饮食习性”、“活泼好动和好奇的性格”、“小巧的体型”以及“善于解决复杂问题和社交互动”。

3. 玩家3的描述中提到了动物有“体型庞大”、“强壮的身体”、“锋利的爪牙”、“厚重的身躯”、“坚固的骨架”、“粗壮有力的四肢”、“黑白相间的毛皮”、“惊人的速度和敏捷性”以及“捕猎技巧和生存能力”。

4. 玩家4的描述中提到了动物有“厚实的身体”、“强壮的四肢”、“强壮的肌肉”、“锋利的爪牙”、“凶猛的个性”、“庞大的身躯”、“威严的气质”、“稳定步态”、“坚固的骨架”、“坚韧不拔的性格”以及“适应能力和对领地的忠诚”。

不一致之处：

- 玩家2的描述中提到了动物“模仿人类行为的能力”、“敏捷的身手”、“智能的大脑”、“多样化的饮食习性”、“活泼好动和好奇的性格”以及“小巧的体型”，这些特征与其他玩家的描述中提到的特征不太一致。
- 玩家2的描述中强调了动物的社交行为和解决复杂问题的能力，而其他玩家的描述更侧重于动物的体型、力量和捕猎习性。
- 玩家2的描述中提到的动物特征与其他玩家的描述中提到的动物特征在类型上有显著差异，特别是关于体型、毛色和捕猎行为的描述。

基于这些不一致之处，玩家2的描述与其他玩家的描述在动物特征的描述上存在显著差异，这可能是判断玩家2是否为卧底的一个线索。|| 请通过你分析的不一致之处，推断卧底身份，注意，这局游戏的词语分类为<动物>，卧底词和平民词都属于该类。
2024-12-13 15:31:18,299 - 3 - INFO - **********PLAYER3**********
基于分析的不一致之处，我推断卧底身份为玩家2。
2024-12-13 15:31:18,299 - 3 - INFO - **********JUDGER**********
你刚刚的推断是基于分析的不一致之处，我推断卧底身份为玩家2。|| 基于你刚刚的推断得出你的最终结论，请输出你认为的卧底，在这种情况下只需要输出编号，是1-4中的某个数字，不要输出其他信息。在这个过程不要进行任何推理，只对||以前的部分进行信息提取
2024-12-13 15:31:20,317 - 3 - INFO - **********PLAYER3**********
2
