2024-12-13 15:20:27,044 - 4 - INFO - **********JUDGER**********
让我们来玩一个叫做<谁是卧底>的推理游戏。基本规则：<人数>：4人。<角色分配>：每位玩家随机抽取一个词语，3名玩家拿到的词语是相同的（平民词），1名玩家拿到与之相近但不同的词语（卧底词）。<游戏流程>：1、玩家轮流描述自己的词语，但<不能>直接说出词语本身。2、描述完毕后，投票选出最像卧底的玩家。3、每轮结束后，被投票选出的玩家出局，不能再进行描述或投票。4、每轮投票结束后，如果卧底被成功找出，平民方获胜；如果卧底未被找出且卧底人数等于或超过平民人数，则卧底方获胜。你将扮演一个<玩家>，请等待你被分配到的关键词。如果你听懂了，只回答，"好的，我准备好参加游戏了"，不要输出别的信息
2024-12-13 15:20:27,993 - 4 - INFO - **********PLAYER4**********
好的，我准备好参加游戏了
2024-12-13 15:20:37,553 - 4 - INFO - **********JUDGER**********
玩家1说：这个动物有着长长的鼻子和大大的黑眼睛，它在同类中以其可爱的外表和憨厚的性格而闻名。它的毛色通常是黑白相间，给人一种温暖的感觉。在这类动物中，它最突出的不同之处可能在于它有着非常独特的气味。玩家2说：这种动物有着灵活的四肢和敏锐的观察力，它们善于攀爬和抓握。在同类中，它们以其善于模仿人类行为而著称，这种模仿能力是其最独特的特征。玩家3说：这个动物体型庞大，有着强壮的身体和锋利的爪牙。它们在同类中最突出的不同之处在于，它们是食肉动物，以捕猎为生。玩家4说：|| 你是第4号玩家，你的关键词是<熊>。你的回答中绝对不能包含你的关键词<熊>。这是第一轮描述，不需要分析||之前别的玩家的描述，请你描述关键词基本特征，注意，这局游戏的词语分类为<动物>，卧底词和平民词都属于该类，描述包括以下两点，1.他的基本特征是什么2.他在该类（动物）中最突出不同的特征是什么，尽量简短
2024-12-13 15:20:41,148 - 4 - INFO - **********PLAYER4**********
这个动物通常生活在森林中，有着厚实的身体和强壮的四肢。它们以强壮的肌肉和锋利的爪牙著称，是捕猎高手。在该类动物中，它们最突出的不同之处可能在于它们通常具有较为凶猛的个性。
2024-12-13 15:22:44,803 - 4 - INFO - **********JUDGER**********
玩家1说：这个动物有着长长的鼻子和大大的黑眼睛，它在同类中以其可爱的外表和憨厚的性格而闻名。它的毛色通常是黑白相间，给人一种温暖的感觉。在这类动物中，它最突出的不同之处可能在于它有着非常独特的气味。玩家2说：这种动物有着灵活的四肢和敏锐的观察力，它们善于攀爬和抓握。在同类中，它们以其善于模仿人类行为而著称，这种模仿能力是其最独特的特征。玩家3说：这个动物体型庞大，有着强壮的身体和锋利的爪牙。它们在同类中最突出的不同之处在于，它们是食肉动物，以捕猎为生。玩家4说：||在这个游戏中，我们需要通过分析每位玩家的描述来找出卧底。通常，平民的描述会围绕相同的词语展开，而卧底的描述可能会因为词语的不同而显得不太一致。我们需要仔细比较每个描述之间的相似性和差异性，以找出可能的卧底，注意，卧底并不会隐藏自己，他会直接描述他的词语，现在，逐一分析每个玩家的描述，注意，这局游戏的词语分类为<动物>，卧底词和平民词都属于该类。这是第一轮描述。
2024-12-13 15:22:53,380 - 4 - INFO - **********PLAYER4**********
好的，根据玩家们的描述，我们可以进行以下分析：

玩家1描述的动物具有长长的鼻子、黑眼睛、黑白相间的毛色，以及独特的气味，听起来像是熊或者浣熊。

玩家2描述的动物有灵活的四肢、敏锐的观察力，善于攀爬和模仿人类行为，这听起来像是猴子或者松鼠。

玩家3描述的动物体型庞大，强壮，有锋利的爪牙，是食肉动物，这很像是老虎或者狮子。

玩家4没有提供描述，而是提醒我们卧底不会隐藏自己，并且描述了他的词语。

从描述中可以看出，玩家1、2、3的描述都与具体的动物特征相关，而玩家4没有描述，这可能意味着玩家4是卧底，因为卧底通常会直接描述他的词语。不过，没有足够的描述来确切判断哪一个是卧底，我们需要更多的信息或者后续的描述来进一步推理。
2024-12-13 15:22:53,383 - 4 - INFO - **********JUDGER**********
你刚刚的分析是好的，根据玩家们的描述，我们可以进行以下分析：

玩家1描述的动物具有长长的鼻子、黑眼睛、黑白相间的毛色，以及独特的气味，听起来像是熊或者浣熊。

玩家2描述的动物有灵活的四肢、敏锐的观察力，善于攀爬和模仿人类行为，这听起来像是猴子或者松鼠。

玩家3描述的动物体型庞大，强壮，有锋利的爪牙，是食肉动物，这很像是老虎或者狮子。

玩家4没有提供描述，而是提醒我们卧底不会隐藏自己，并且描述了他的词语。

从描述中可以看出，玩家1、2、3的描述都与具体的动物特征相关，而玩家4没有描述，这可能意味着玩家4是卧底，因为卧底通常会直接描述他的词语。不过，没有足够的描述来确切判断哪一个是卧底，我们需要更多的信息或者后续的描述来进一步推理。|| `请根据上述分析，比较描述以找出不一致之处，注意，这局游戏的词语分类为<动物>，卧底词和平民词都属于该类。
2024-12-13 15:23:24,377 - 4 - INFO - **********PLAYER4**********
根据上述分析，我们可以比较描述中存在的不一致之处：

1. 玩家1描述的动物有黑白相间的毛色和独特的气味，这指向了熊或浣熊。
2. 玩家2描述的动物有灵活的四肢、敏锐的观察力和模仿人类行为的能力，这指向了猴子或松鼠。
3. 玩家3描述的动物体型庞大，强壮，有锋利的爪牙，是食肉动物，这指向了老虎或狮子。

玩家4没有提供描述，而是强调了卧底不会隐藏自己，并暗示了他的词语。

不一致之处在于：
- 玩家1、2、3描述的动物特征和习性差异较大，没有明显的重叠或相似之处。
- 玩家4没有描述，这与玩家1、2、3的具体描述形成了对比。

因此，玩家4可能是卧底，因为他没有提供具体的描述，而其他玩家都提供了与动物特征相关的描述。然而，由于没有足够的信息来确定具体是哪种动物，我们无法直接判断玩家4的卧底身份。需要更多的描述或者进一步的线索来确认。
2024-12-13 15:23:24,381 - 4 - INFO - **********JUDGER**********
你刚刚的分析是根据上述分析，我们可以比较描述中存在的不一致之处：

1. 玩家1描述的动物有黑白相间的毛色和独特的气味，这指向了熊或浣熊。
2. 玩家2描述的动物有灵活的四肢、敏锐的观察力和模仿人类行为的能力，这指向了猴子或松鼠。
3. 玩家3描述的动物体型庞大，强壮，有锋利的爪牙，是食肉动物，这指向了老虎或狮子。

玩家4没有提供描述，而是强调了卧底不会隐藏自己，并暗示了他的词语。

不一致之处在于：
- 玩家1、2、3描述的动物特征和习性差异较大，没有明显的重叠或相似之处。
- 玩家4没有描述，这与玩家1、2、3的具体描述形成了对比。

因此，玩家4可能是卧底，因为他没有提供具体的描述，而其他玩家都提供了与动物特征相关的描述。然而，由于没有足够的信息来确定具体是哪种动物，我们无法直接判断玩家4的卧底身份。需要更多的描述或者进一步的线索来确认。|| 请通过你分析的不一致之处，推断卧底身份，注意，这局游戏的词语分类为<动物>，卧底词和平民词都属于该类。
2024-12-13 15:23:39,014 - 4 - INFO - **********PLAYER4**********
根据分析的不一致之处，我们可以进行以下推断：

- 玩家1描述的动物是熊或浣熊，这通常与黑白相间的毛色和独特的气味相关。
- 玩家2描述的动物是猴子或松鼠，这些动物以其灵活的四肢、敏锐的观察力和模仿能力著称。
- 玩家3描述的动物是老虎或狮子，它们以庞大的体型、强壮的身体和食肉习性为特征。

玩家4没有提供描述，这与其他三位玩家详细描述动物特征形成了鲜明对比。

由于所有玩家描述的动物都属于《动物》这个大类别，且玩家1、2、3的描述各自指向了不同的具体动物，而没有重叠，这表明他们很可能是平民，因为他们都围绕相同的词语展开描述。

玩家4没有描述任何动物特征，这可能意味着他的词语与玩家1、2、3的词语不同，因此他的描述方式与其他玩家不同。在《谁是卧底》游戏中，卧底通常会选择一个与其他玩家词语相近但不同的词，以此来隐藏自己的身份。

综上所述，基于玩家4没有提供具体描述这一点，我们可以推断玩家4很可能是卧底。他的词语可能与熊、猴子/松鼠、老虎/狮子这些动物有关，但具有不同的特征或者不是这四个选项中的任何一个。
2024-12-13 15:23:39,016 - 4 - INFO - **********JUDGER**********
你刚刚的推断是根据分析的不一致之处，我们可以进行以下推断：

- 玩家1描述的动物是熊或浣熊，这通常与黑白相间的毛色和独特的气味相关。
- 玩家2描述的动物是猴子或松鼠，这些动物以其灵活的四肢、敏锐的观察力和模仿能力著称。
- 玩家3描述的动物是老虎或狮子，它们以庞大的体型、强壮的身体和食肉习性为特征。

玩家4没有提供描述，这与其他三位玩家详细描述动物特征形成了鲜明对比。

由于所有玩家描述的动物都属于《动物》这个大类别，且玩家1、2、3的描述各自指向了不同的具体动物，而没有重叠，这表明他们很可能是平民，因为他们都围绕相同的词语展开描述。

玩家4没有描述任何动物特征，这可能意味着他的词语与玩家1、2、3的词语不同，因此他的描述方式与其他玩家不同。在《谁是卧底》游戏中，卧底通常会选择一个与其他玩家词语相近但不同的词，以此来隐藏自己的身份。

综上所述，基于玩家4没有提供具体描述这一点，我们可以推断玩家4很可能是卧底。他的词语可能与熊、猴子/松鼠、老虎/狮子这些动物有关，但具有不同的特征或者不是这四个选项中的任何一个。|| 基于你刚刚的推断得出你的最终结论，请输出你认为的卧底，在这种情况下只需要输出编号，是1-4中的某个数字，不要输出其他信息。在这个过程不要进行任何推理，只对||以前的部分进行信息提取
2024-12-13 15:23:40,012 - 4 - INFO - **********PLAYER4**********
4
2024-12-13 15:23:52,936 - 4 - INFO - **********JUDGER**********
玩家1说：这个动物有着长长的鼻子和大大的黑眼睛，它在同类中以其可爱的外表和憨厚的性格而闻名。它的毛色通常是黑白相间，给人一种温暖的感觉。在这类动物中，它最突出的不同之处可能在于它有着非常独特的气味。这个动物在同类中以其庞大的身躯和威严的气质著称，它们在森林中漫步，给人一种稳重而强大的印象。它们的身体覆盖着厚厚的毛发，能够在寒冷的环境中保持温暖。在这个动物群体中，它们以其力量和坚韧不拔的性格而闻名。玩家2说：这种动物有着灵活的四肢和敏锐的观察力，它们善于攀爬和抓握。在同类中，它们以其善于模仿人类行为而著称，这种模仿能力是其最独特的特征。这种动物以其敏捷的身手和智能的大脑而闻名，它们在同类中以其对环境的适应能力和社交行为而著称。它们通常具有多样化的饮食习性，且在繁殖和社交活动中展现出独特的智慧。玩家3说：这个动物体型庞大，有着强壮的身体和锋利的爪牙。它们在同类中最突出的不同之处在于，它们是食肉动物，以捕猎为生。这个动物有着厚重的身躯和坚固的骨架，它们在同类中以其强大的力量和坚韧的耐力而著称。它们的四肢粗壮有力，适合在森林中行走和攀爬。这种动物通常有着黑白相间的毛皮，给人一种强大而神秘的感觉。它们在捕猎时展现出惊人的速度和敏捷性，是森林中的顶级掠食者。在这个动物群体中，它们以其捕猎技巧和生存能力而闻名。玩家4说：这个动物通常生活在森林中，有着厚实的身体和强壮的四肢。它们以强壮的肌肉和锋利的爪牙著称，是捕猎高手。在该类动物中，它们最突出的不同之处可能在于它们通常具有较为凶猛的个性。你是第4号玩家，你的关键词是<熊>。你的回答中绝对不能包含你的关键词<熊>。这是第二轮描述，你之前的描述是这个动物通常生活在森林中，有着厚实的身体和强壮的四肢。它们以强壮的肌肉和锋利的爪牙著称，是捕猎高手。在该类动物中，它们最突出的不同之处可能在于它们通常具有较为凶猛的个性。，注意，这局游戏的词语分类为<动物>，卧底词和平民词都属于该类，请你补充关于关键词的描述，注意，你的描述应该比起之前的描述更加贴近关键词，作为之前的补充
2024-12-13 15:23:56,515 - 4 - INFO - **********PLAYER4**********
这种动物在同类中以其庞大的身躯和威严的气质著称，它们在森林中漫步，给人一种稳重而强大的印象。它们的身体覆盖着厚厚的毛发，能够在寒冷的环境中保持温暖。在这个动物群体中，它们以其力量和坚韧不拔的性格而闻名。
2024-12-13 15:26:15,438 - 4 - INFO - **********JUDGER**********
玩家1说：这个动物有着长长的鼻子和大大的黑眼睛，它在同类中以其可爱的外表和憨厚的性格而闻名。它的毛色通常是黑白相间，给人一种温暖的感觉。在这类动物中，它最突出的不同之处可能在于它有着非常独特的气味。这个动物在同类中以其庞大的身躯和威严的气质著称，它们在森林中漫步，给人一种稳重而强大的印象。它们的身体覆盖着厚厚的毛发，能够在寒冷的环境中保持温暖。在这个动物群体中，它们以其力量和坚韧不拔的性格而闻名。玩家2说：这种动物有着灵活的四肢和敏锐的观察力，它们善于攀爬和抓握。在同类中，它们以其善于模仿人类行为而著称，这种模仿能力是其最独特的特征。这种动物以其敏捷的身手和智能的大脑而闻名，它们在同类中以其对环境的适应能力和社交行为而著称。它们通常具有多样化的饮食习性，且在繁殖和社交活动中展现出独特的智慧。玩家3说：这个动物体型庞大，有着强壮的身体和锋利的爪牙。它们在同类中最突出的不同之处在于，它们是食肉动物，以捕猎为生。这个动物有着厚重的身躯和坚固的骨架，它们在同类中以其强大的力量和坚韧的耐力而著称。它们的四肢粗壮有力，适合在森林中行走和攀爬。这种动物通常有着黑白相间的毛皮，给人一种强大而神秘的感觉。它们在捕猎时展现出惊人的速度和敏捷性，是森林中的顶级掠食者。在这个动物群体中，它们以其捕猎技巧和生存能力而闻名。玩家4说：这个动物通常生活在森林中，有着厚实的身体和强壮的四肢。它们以强壮的肌肉和锋利的爪牙著称，是捕猎高手。在该类动物中，它们最突出的不同之处可能在于它们通常具有较为凶猛的个性。||在这个游戏中，我们需要通过分析每位玩家的描述来找出卧底。通常，平民的描述会围绕相同的词语展开，而卧底的描述可能会因为词语的不同而显得不太一致。我们需要仔细比较每个描述之间的相似性和差异性，以找出可能的卧底，注意，卧底并不会隐藏自己，他会直接描述他的词语，现在，逐一分析每个玩家的描述，注意，这局游戏的词语分类为<动物>，卧底词和平民词都属于该类。||之前是第2轮描述和之前轮数描述的合集。你之前认为的卧底是玩家4。
2024-12-13 15:26:27,514 - 4 - INFO - **********PLAYER4**********
根据第二轮描述和之前的描述，我们可以进行以下分析：

玩家1的描述中提到了黑白相间的毛色、独特的气味、庞大的身躯、威严的气质、力量和坚韧不拔的性格，这些特征指向了熊。

玩家2的描述强调了灵活的四肢、敏锐的观察力、模仿人类行为的能力、敏捷的身手、智能的大脑、对环境的适应能力和社交行为，这些特征指向了猴子或松鼠。

玩家3的描述提到了庞大的体型、强壮的身体、锋利的爪牙、食肉习性、厚重的身躯、坚固的骨架、强大的力量和坚韧的耐力、黑白相间的毛皮、惊人的速度和敏捷性，这些特征指向了老虎或狮子。

玩家4的描述与玩家3的描述非常相似，提到了生活在森林中、厚实的身体、强壮的四肢、强壮的肌肉、锋利的爪牙、捕猎高手、较为凶猛的个性，这些特征同样指向了老虎或狮子。

由于玩家4的描述与玩家3的描述非常接近，而玩家1、2、3的描述分别指向了熊、猴子/松鼠、老虎/狮子，且没有重叠，这表明玩家4的描述与其他玩家不同，可能是卧底。

因此，基于上述分析，我仍然认为玩家4是卧底。
2024-12-13 15:26:27,516 - 4 - INFO - **********JUDGER**********
你刚刚的分析是根据第二轮描述和之前的描述，我们可以进行以下分析：

玩家1的描述中提到了黑白相间的毛色、独特的气味、庞大的身躯、威严的气质、力量和坚韧不拔的性格，这些特征指向了熊。

玩家2的描述强调了灵活的四肢、敏锐的观察力、模仿人类行为的能力、敏捷的身手、智能的大脑、对环境的适应能力和社交行为，这些特征指向了猴子或松鼠。

玩家3的描述提到了庞大的体型、强壮的身体、锋利的爪牙、食肉习性、厚重的身躯、坚固的骨架、强大的力量和坚韧的耐力、黑白相间的毛皮、惊人的速度和敏捷性，这些特征指向了老虎或狮子。

玩家4的描述与玩家3的描述非常相似，提到了生活在森林中、厚实的身体、强壮的四肢、强壮的肌肉、锋利的爪牙、捕猎高手、较为凶猛的个性，这些特征同样指向了老虎或狮子。

由于玩家4的描述与玩家3的描述非常接近，而玩家1、2、3的描述分别指向了熊、猴子/松鼠、老虎/狮子，且没有重叠，这表明玩家4的描述与其他玩家不同，可能是卧底。

因此，基于上述分析，我仍然认为玩家4是卧底。|| `请根据上述分析，比较描述以找出不一致之处，注意，这局游戏的词语分类为<动物>，卧底词和平民词都属于该类。
2024-12-13 15:26:50,986 - 4 - INFO - **********PLAYER4**********
根据上述分析，我们可以找出以下不一致之处：

1. 玩家1的描述中提到的黑白相间的毛色、独特的气味、庞大的身躯、威严的气质、力量和坚韧不拔的性格，这些特征指向熊。

2. 玩家2的描述中提到的灵活的四肢、敏锐的观察力、模仿人类行为的能力、敏捷的身手、智能的大脑、对环境的适应能力和社交行为，这些特征指向猴子或松鼠。

3. 玩家3的描述中提到的庞大的体型、强壮的身体、锋利的爪牙、食肉习性、厚重的身躯、坚固的骨架、强大的力量和坚韧的耐力、黑白相间的毛皮、惊人的速度和敏捷性，这些特征指向老虎或狮子。

4. 玩家4的描述中提到的生活在森林中、厚实的身体、强壮的四肢、强壮的肌肉、锋利的爪牙、捕猎高手、较为凶猛的个性，这些特征与玩家3的描述非常相似，指向老虎或狮子。

不一致之处在于：
- 玩家4的描述与玩家3的描述在指向老虎或狮子这一点上非常一致，而在其他玩家描述的特征上没有重叠。
- 玩家4的描述没有提到独特的气味、敏捷的身手、智能的大脑、对环境的适应能力和社交行为等特征，这些特征分别与玩家1和玩家2的描述相关。

因此，玩家4的描述与其他玩家的描述在指向不同动物的特征上存在不一致，这可能是玩家4作为卧底的一个线索。
2024-12-13 15:26:50,989 - 4 - INFO - **********JUDGER**********
你刚刚的分析是根据上述分析，我们可以找出以下不一致之处：

1. 玩家1的描述中提到的黑白相间的毛色、独特的气味、庞大的身躯、威严的气质、力量和坚韧不拔的性格，这些特征指向熊。

2. 玩家2的描述中提到的灵活的四肢、敏锐的观察力、模仿人类行为的能力、敏捷的身手、智能的大脑、对环境的适应能力和社交行为，这些特征指向猴子或松鼠。

3. 玩家3的描述中提到的庞大的体型、强壮的身体、锋利的爪牙、食肉习性、厚重的身躯、坚固的骨架、强大的力量和坚韧的耐力、黑白相间的毛皮、惊人的速度和敏捷性，这些特征指向老虎或狮子。

4. 玩家4的描述中提到的生活在森林中、厚实的身体、强壮的四肢、强壮的肌肉、锋利的爪牙、捕猎高手、较为凶猛的个性，这些特征与玩家3的描述非常相似，指向老虎或狮子。

不一致之处在于：
- 玩家4的描述与玩家3的描述在指向老虎或狮子这一点上非常一致，而在其他玩家描述的特征上没有重叠。
- 玩家4的描述没有提到独特的气味、敏捷的身手、智能的大脑、对环境的适应能力和社交行为等特征，这些特征分别与玩家1和玩家2的描述相关。

因此，玩家4的描述与其他玩家的描述在指向不同动物的特征上存在不一致，这可能是玩家4作为卧底的一个线索。|| 请通过你分析的不一致之处，推断卧底身份，注意，这局游戏的词语分类为<动物>，卧底词和平民词都属于该类。
2024-12-13 15:27:07,444 - 4 - INFO - **********PLAYER4**********
基于分析的不一致之处，可以推断卧底是玩家4。原因如下：

- 玩家4的描述与玩家3的描述在指向老虎或狮子这一点上非常一致，这表明玩家4的词语可能是老虎或狮子。
- 玩家1的描述指向熊，玩家2的描述指向猴子或松鼠，而玩家4的描述没有提及这些动物的特征，这表明玩家4的词语可能与熊、猴子或松鼠不同。
- 在动物分类中，老虎和狮子都是食肉动物，具有强大的身体和锋利的爪牙，这与玩家3和玩家4的描述相符。
- 玩家4的描述没有提及玩家1和玩家2描述的独特气味、敏捷的身手、智能的大脑等特征，这进一步支持了玩家4可能是卧底的推断。

因此，综合以上分析，玩家4很可能是卧底。
2024-12-13 15:27:07,446 - 4 - INFO - **********JUDGER**********
你刚刚的推断是基于分析的不一致之处，可以推断卧底是玩家4。原因如下：

- 玩家4的描述与玩家3的描述在指向老虎或狮子这一点上非常一致，这表明玩家4的词语可能是老虎或狮子。
- 玩家1的描述指向熊，玩家2的描述指向猴子或松鼠，而玩家4的描述没有提及这些动物的特征，这表明玩家4的词语可能与熊、猴子或松鼠不同。
- 在动物分类中，老虎和狮子都是食肉动物，具有强大的身体和锋利的爪牙，这与玩家3和玩家4的描述相符。
- 玩家4的描述没有提及玩家1和玩家2描述的独特气味、敏捷的身手、智能的大脑等特征，这进一步支持了玩家4可能是卧底的推断。

因此，综合以上分析，玩家4很可能是卧底。|| 基于你刚刚的推断得出你的最终结论，请输出你认为的卧底，在这种情况下只需要输出编号，是1-4中的某个数字，不要输出其他信息。在这个过程不要进行任何推理，只对||以前的部分进行信息提取
2024-12-13 15:27:08,648 - 4 - INFO - **********PLAYER4**********
4
2024-12-13 15:27:26,484 - 4 - INFO - **********JUDGER**********
玩家1说：这个动物有着长长的鼻子和大大的黑眼睛，它在同类中以其可爱的外表和憨厚的性格而闻名。它的毛色通常是黑白相间，给人一种温暖的感觉。在这类动物中，它最突出的不同之处可能在于它有着非常独特的气味。这个动物在同类中以其庞大的身躯和威严的气质著称，它们在森林中漫步，给人一种稳重而强大的印象。它们的身体覆盖着厚厚的毛发，能够在寒冷的环境中保持温暖。在这个动物群体中，它们以其力量和坚韧不拔的性格而闻名。这个动物以其强壮的四肢和坚固的爪子著称，它们在同类中以其力量和耐力闻名。它们在森林中行动敏捷，能够迅速捕捉猎物。这种动物有着独特的体型，胸部宽阔，给人一种稳固的感觉。它们的面部表情通常显得严肃，透露出一种不容小觑的威严。在同类中，它们以其适应能力和在复杂环境中的生存技巧而受到尊重。玩家2说：这种动物有着灵活的四肢和敏锐的观察力，它们善于攀爬和抓握。在同类中，它们以其善于模仿人类行为而著称，这种模仿能力是其最独特的特征。这种动物以其敏捷的身手和智能的大脑而闻名，它们在同类中以其对环境的适应能力和社交行为而著称。它们通常具有多样化的饮食习性，且在繁殖和社交活动中展现出独特的智慧。这种动物以其小巧的体型和敏捷的动作而闻名，它们在同类中以其活泼好动和好奇的性格而著称。它们在森林中跳跃自如，善于利用树木和藤蔓进行移动。这种动物在同类中以其善于解决复杂问题和社交互动而受到尊重。玩家3说：这个动物体型庞大，有着强壮的身体和锋利的爪牙。它们在同类中最突出的不同之处在于，它们是食肉动物，以捕猎为生。这个动物有着厚重的身躯和坚固的骨架，它们在同类中以其强大的力量和坚韧的耐力而著称。它们的四肢粗壮有力，适合在森林中行走和攀爬。这种动物通常有着黑白相间的毛皮，给人一种强大而神秘的感觉。它们在捕猎时展现出惊人的速度和敏捷性，是森林中的顶级掠食者。在这个动物群体中，它们以其捕猎技巧和生存能力而闻名。这种动物以其宽阔的胸部和坚固的骨架著称，它们在同类中以其稳定的步态和强大的肌肉而闻名。它们的爪子锋利，适合挖掘和抓握。这种动物在森林中的行动虽然缓慢，但它们有着出色的嗅觉和听觉，能够在捕猎时迅速定位猎物。它们的毛皮通常具有保护色，帮助它们在森林中隐蔽。这种动物在同类中以其坚韧的性格和对领地的忠诚而受到尊重。玩家4说：这个动物通常生活在森林中，有着厚实的身体和强壮的四肢。它们以强壮的肌肉和锋利的爪牙著称，是捕猎高手。在该类动物中，它们最突出的不同之处可能在于它们通常具有较为凶猛的个性。这种动物在同类中以其庞大的身躯和威严的气质著称，它们在森林中漫步，给人一种稳重而强大的印象。它们的身体覆盖着厚厚的毛发，能够在寒冷的环境中保持温暖。在这个动物群体中，它们以其力量和坚韧不拔的性格而闻名。你是第4号玩家，你的关键词是<熊>。你的回答中绝对不能包含你的关键词<熊>。这是第三轮描述，你之前的描述是这个动物通常生活在森林中，有着厚实的身体和强壮的四肢。它们以强壮的肌肉和锋利的爪牙著称，是捕猎高手。在该类动物中，它们最突出的不同之处可能在于它们通常具有较为凶猛的个性。和这种动物在同类中以其庞大的身躯和威严的气质著称，它们在森林中漫步，给人一种稳重而强大的印象。它们的身体覆盖着厚厚的毛发，能够在寒冷的环境中保持温暖。在这个动物群体中，它们以其力量和坚韧不拔的性格而闻名。，注意，这局游戏的词语分类为<动物>，卧底词和平民词都属于该类，请你补充关于关键词的描述，注意，你的描述应该比起之前的描述更加贴近关键词，作为之前的补充
2024-12-13 15:27:39,669 - 4 - INFO - **********PLAYER4**********
这种动物以其强壮的后肢和宽阔的肩膀著称，它们在同类中以其强大的力量和出色的挖掘能力闻名。它们在森林中寻找食物和建造巢穴时，展现出了独特的智慧和技巧。这种动物的面部表情通常显得温和，但它们的目光中透露出坚定的意志。它们在同类中以其对领地的保护和对同伴的忠诚而受到尊敬。
2024-12-13 15:31:20,318 - 4 - INFO - **********JUDGER**********
玩家1说：这个动物有着长长的鼻子和大大的黑眼睛，它在同类中以其可爱的外表和憨厚的性格而闻名。它的毛色通常是黑白相间，给人一种温暖的感觉。在这类动物中，它最突出的不同之处可能在于它有着非常独特的气味。这个动物在同类中以其庞大的身躯和威严的气质著称，它们在森林中漫步，给人一种稳重而强大的印象。它们的身体覆盖着厚厚的毛发，能够在寒冷的环境中保持温暖。在这个动物群体中，它们以其力量和坚韧不拔的性格而闻名。这个动物以其强壮的四肢和坚固的爪子著称，它们在同类中以其力量和耐力闻名。它们在森林中行动敏捷，能够迅速捕捉猎物。这种动物有着独特的体型，胸部宽阔，给人一种稳固的感觉。它们的面部表情通常显得严肃，透露出一种不容小觑的威严。在同类中，它们以其适应能力和在复杂环境中的生存技巧而受到尊重。玩家2说：这种动物有着灵活的四肢和敏锐的观察力，它们善于攀爬和抓握。在同类中，它们以其善于模仿人类行为而著称，这种模仿能力是其最独特的特征。这种动物以其敏捷的身手和智能的大脑而闻名，它们在同类中以其对环境的适应能力和社交行为而著称。它们通常具有多样化的饮食习性，且在繁殖和社交活动中展现出独特的智慧。这种动物以其小巧的体型和敏捷的动作而闻名，它们在同类中以其活泼好动和好奇的性格而著称。它们在森林中跳跃自如，善于利用树木和藤蔓进行移动。这种动物在同类中以其善于解决复杂问题和社交互动而受到尊重。玩家3说：这个动物体型庞大，有着强壮的身体和锋利的爪牙。它们在同类中最突出的不同之处在于，它们是食肉动物，以捕猎为生。这个动物有着厚重的身躯和坚固的骨架，它们在同类中以其强大的力量和坚韧的耐力而著称。它们的四肢粗壮有力，适合在森林中行走和攀爬。这种动物通常有着黑白相间的毛皮，给人一种强大而神秘的感觉。它们在捕猎时展现出惊人的速度和敏捷性，是森林中的顶级掠食者。在这个动物群体中，它们以其捕猎技巧和生存能力而闻名。这种动物以其宽阔的胸部和坚固的骨架著称，它们在同类中以其稳定的步态和强大的肌肉而闻名。它们的爪子锋利，适合挖掘和抓握。这种动物在森林中的行动虽然缓慢，但它们有着出色的嗅觉和听觉，能够在捕猎时迅速定位猎物。它们的毛皮通常具有保护色，帮助它们在森林中隐蔽。这种动物在同类中以其坚韧的性格和对领地的忠诚而受到尊重。玩家4说：这个动物通常生活在森林中，有着厚实的身体和强壮的四肢。它们以强壮的肌肉和锋利的爪牙著称，是捕猎高手。在该类动物中，它们最突出的不同之处可能在于它们通常具有较为凶猛的个性。这种动物在同类中以其庞大的身躯和威严的气质著称，它们在森林中漫步，给人一种稳重而强大的印象。它们的身体覆盖着厚厚的毛发，能够在寒冷的环境中保持温暖。在这个动物群体中，它们以其力量和坚韧不拔的性格而闻名。这种动物以其强壮的后肢和宽阔的肩膀著称，它们在同类中以其强大的力量和出色的挖掘能力闻名。它们在森林中寻找食物和建造巢穴时，展现出了独特的智慧和技巧。这种动物的面部表情通常显得温和，但它们的目光中透露出坚定的意志。它们在同类中以其对领地的保护和对同伴的忠诚而受到尊敬。||在这个游戏中，我们需要通过分析每位玩家的描述来找出卧底。通常，平民的描述会围绕相同的词语展开，而卧底的描述可能会因为词语的不同而显得不太一致。我们需要仔细比较每个描述之间的相似性和差异性，以找出可能的卧底，注意，卧底并不会隐藏自己，他会直接描述他的词语，现在，逐一分析每个玩家的描述，注意，这局游戏的词语分类为<动物>，卧底词和平民词都属于该类。||之前是第3轮描述和之前轮数描述的合集。你之前认为的卧底是玩家4。
2024-12-13 15:31:28,886 - 4 - INFO - **********PLAYER4**********
作为参与《谁是卧底》游戏的玩家，我会这样描述我的词语：

我扮演的动物是一种生活在森林中的大型哺乳动物，体型庞大，有着厚实的身体和强壮的四肢。它们以捕猎为生，拥有锋利的爪牙，是食肉动物中的强者。然而，与同类相比，它们最突出的不同之处在于它们有着一种独特的社交行为――它们会通过堆叠石头来建造巢穴，这种行为在动物界中是非常罕见的。

请注意，这个描述是基于一个假设的词语，实际的游戏中我会根据实际抽取的词语来进行描述。
2024-12-13 15:31:28,888 - 4 - INFO - **********JUDGER**********
你刚刚的分析是作为参与《谁是卧底》游戏的玩家，我会这样描述我的词语：

我扮演的动物是一种生活在森林中的大型哺乳动物，体型庞大，有着厚实的身体和强壮的四肢。它们以捕猎为生，拥有锋利的爪牙，是食肉动物中的强者。然而，与同类相比，它们最突出的不同之处在于它们有着一种独特的社交行为――它们会通过堆叠石头来建造巢穴，这种行为在动物界中是非常罕见的。

请注意，这个描述是基于一个假设的词语，实际的游戏中我会根据实际抽取的词语来进行描述。|| `请根据上述分析，比较描述以找出不一致之处，注意，这局游戏的词语分类为<动物>，卧底词和平民词都属于该类。
2024-12-13 15:32:01,713 - 4 - INFO - **********PLAYER4**********
根据上述分析，我们可以比较每位玩家的描述，以找出不一致之处：

玩家1的描述：
- 长长的鼻子和大大的黑眼睛
- 可爱的外表和憨厚的性格
- 黑白相间的毛色
- 独特的气味
- 庞大的身躯和威严的气质
- 强壮的四肢和坚固的爪子
- 行动敏捷，能够迅速捕捉猎物
- 独特的体型，胸部宽阔
- 严肃的面部表情，透露出威严
- 适应能力和在复杂环境中的生存技巧

玩家2的描述：
- 灵活的四肢和敏锐的观察力
- 善于攀爬和抓握
- 善于模仿人类行为
- 敏捷的身手和智能的大脑
- 对环境的适应能力和社交行为
- 小巧的体型和敏捷的动作
- 活泼好动和好奇的性格
- 善于解决复杂问题和社交互动

玩家3的描述：
- 体型庞大，强壮的身体和锋利的爪牙
- 食肉习性，以捕猎为生
- 厚重的身躯和坚固的骨架
- 强大的力量和坚韧的耐力
- 黑白相间的毛皮
- 惊人的速度和敏捷性
- 宽阔的胸部和坚固的骨架
- 稳定的步态和强大的肌肉
- 爪子锋利，适合挖掘和抓握
- 出色的嗅觉和听觉
- 毛皮具有保护色
- 坚韧的性格和对领地的忠诚

玩家4的描述：
- 生活在森林中，厚实的身体和强壮的四肢
- 以捕猎为生，拥有锋利的爪牙
- 强壮的后肢和宽阔的肩膀
- 强大的力量和出色的挖掘能力
- 寻找食物和建造巢穴时展现出的独特智慧和技巧
- 温和的面部表情，但目光中透露出坚定的意志
- 对领地的保护和对同伴的忠诚

不一致之处：
- 玩家1、2、3的描述中都提到了动物的行为和习性，而玩家4的描述更侧重于动物的生理特征和社交行为。
- 玩家1、2、3的描述中都提到了动物的毛色和体型特征，而玩家4的描述没有提及毛色，但强调了后肢和肩膀的强壮。
- 玩家1、2、3的描述中都提到了动物的捕猎技巧和生存能力，而玩家4的描述没有提及捕猎时的速度和敏捷性。
- 玩家2的描述中提到了动物善于模仿人类行为，这是其他玩家没有提到的。

基于这些不一致之处，玩家4的描述似乎与其他玩家的描述有所不同，这可能是玩家4作为卧底的一个线索。
2024-12-13 15:32:01,715 - 4 - INFO - **********JUDGER**********
你刚刚的分析是根据上述分析，我们可以比较每位玩家的描述，以找出不一致之处：

玩家1的描述：
- 长长的鼻子和大大的黑眼睛
- 可爱的外表和憨厚的性格
- 黑白相间的毛色
- 独特的气味
- 庞大的身躯和威严的气质
- 强壮的四肢和坚固的爪子
- 行动敏捷，能够迅速捕捉猎物
- 独特的体型，胸部宽阔
- 严肃的面部表情，透露出威严
- 适应能力和在复杂环境中的生存技巧

玩家2的描述：
- 灵活的四肢和敏锐的观察力
- 善于攀爬和抓握
- 善于模仿人类行为
- 敏捷的身手和智能的大脑
- 对环境的适应能力和社交行为
- 小巧的体型和敏捷的动作
- 活泼好动和好奇的性格
- 善于解决复杂问题和社交互动

玩家3的描述：
- 体型庞大，强壮的身体和锋利的爪牙
- 食肉习性，以捕猎为生
- 厚重的身躯和坚固的骨架
- 强大的力量和坚韧的耐力
- 黑白相间的毛皮
- 惊人的速度和敏捷性
- 宽阔的胸部和坚固的骨架
- 稳定的步态和强大的肌肉
- 爪子锋利，适合挖掘和抓握
- 出色的嗅觉和听觉
- 毛皮具有保护色
- 坚韧的性格和对领地的忠诚

玩家4的描述：
- 生活在森林中，厚实的身体和强壮的四肢
- 以捕猎为生，拥有锋利的爪牙
- 强壮的后肢和宽阔的肩膀
- 强大的力量和出色的挖掘能力
- 寻找食物和建造巢穴时展现出的独特智慧和技巧
- 温和的面部表情，但目光中透露出坚定的意志
- 对领地的保护和对同伴的忠诚

不一致之处：
- 玩家1、2、3的描述中都提到了动物的行为和习性，而玩家4的描述更侧重于动物的生理特征和社交行为。
- 玩家1、2、3的描述中都提到了动物的毛色和体型特征，而玩家4的描述没有提及毛色，但强调了后肢和肩膀的强壮。
- 玩家1、2、3的描述中都提到了动物的捕猎技巧和生存能力，而玩家4的描述没有提及捕猎时的速度和敏捷性。
- 玩家2的描述中提到了动物善于模仿人类行为，这是其他玩家没有提到的。

基于这些不一致之处，玩家4的描述似乎与其他玩家的描述有所不同，这可能是玩家4作为卧底的一个线索。|| 请通过你分析的不一致之处，推断卧底身份，注意，这局游戏的词语分类为<动物>，卧底词和平民词都属于该类。
2024-12-13 15:32:11,478 - 4 - INFO - **********PLAYER4**********
基于上述分析的不一致之处，可以推断玩家4是卧底。以下是不一致的具体点：

1. 玩家1、2、3的描述都提到了动物的行为和习性，特别是捕猎和生存技巧，而玩家4的描述则更侧重于动物的生理特征和社交行为，如强大的力量、挖掘能力和对领地的忠诚，而没有提到捕猎的敏捷性和速度。

2. 玩家1、2、3的描述中都提到了动物的毛色和体型特征，如黑白相间的毛皮和宽阔的胸部，而玩家4的描述没有提及毛色，但强调了后肢和肩膀的强壮。

3. 玩家2的描述中特别提到了动物善于模仿人类行为，这是其他玩家没有提到的独特特征。

综上所述，玩家4的描述在多个方面与其他玩家的描述不一致，这可能是玩家4作为卧底的一个明显线索。因此，推断玩家4是卧底。
2024-12-13 15:32:11,480 - 4 - INFO - **********JUDGER**********
你刚刚的推断是基于上述分析的不一致之处，可以推断玩家4是卧底。以下是不一致的具体点：

1. 玩家1、2、3的描述都提到了动物的行为和习性，特别是捕猎和生存技巧，而玩家4的描述则更侧重于动物的生理特征和社交行为，如强大的力量、挖掘能力和对领地的忠诚，而没有提到捕猎的敏捷性和速度。

2. 玩家1、2、3的描述中都提到了动物的毛色和体型特征，如黑白相间的毛皮和宽阔的胸部，而玩家4的描述没有提及毛色，但强调了后肢和肩膀的强壮。

3. 玩家2的描述中特别提到了动物善于模仿人类行为，这是其他玩家没有提到的独特特征。

综上所述，玩家4的描述在多个方面与其他玩家的描述不一致，这可能是玩家4作为卧底的一个明显线索。因此，推断玩家4是卧底。|| 基于你刚刚的推断得出你的最终结论，请输出你认为的卧底，在这种情况下只需要输出编号，是1-4中的某个数字，不要输出其他信息。在这个过程不要进行任何推理，只对||以前的部分进行信息提取
2024-12-13 15:32:13,834 - 4 - INFO - **********PLAYER4**********
4
2024-12-13 15:32:13,835 - 4 - INFO - **********JUDGER**********
你认为卧底是你自己。你现在需要随便选一个人投票。请输出一个数字，是1-4中的某个数字，但这个数字不能是4，不要输出其他信息。
2024-12-13 15:32:15,693 - 4 - INFO - **********PLAYER4**********
1
