2024-12-13 12:03:27,448 - 1 - INFO - **********JUDGER**********
让我们来玩一个叫做<谁是卧底>的推理游戏。基本规则：<人数>：4人。<角色分配>：每位玩家随机抽取一个词语，3名玩家拿到的词语是相同的（平民词），1名玩家拿到与之相近但不同的词语（卧底词）。<游戏流程>：1、玩家轮流描述自己的词语，但<不能>直接说出词语本身。2、描述完毕后，投票选出最像卧底的玩家。3、每轮结束后，被投票选出的玩家出局，不能再进行描述或投票。4、每轮投票结束后，如果卧底被成功找出，平民方获胜；如果卧底未被找出且卧底人数等于或超过平民人数，则卧底方获胜。你将扮演一个<玩家>，请等待你被分配到的关键词。如果你听懂了，只回答，"好的，我准备好参加游戏了"，不要输出别的信息
2024-12-13 12:03:29,496 - 1 - INFO - **********PLAYER1**********
好的，我准备好参加游戏了
2024-12-13 12:03:34,733 - 1 - INFO - **********JUDGER**********
玩家1说：玩家2说：玩家3说：玩家4说：|| 你是第1号玩家，你的关键词是<飞机>。你的回答中绝对不能包含你的关键词<飞机>。这是第一轮描述，不需要分析||之前别的玩家的描述，请你描述关键词基本特征，注意，这局游戏的词语分类为<交通工具>，卧底词和平民词都属于该类，描述包括以下两点，1.他的基本特征是什么2.他在该类（交通工具）中最突出不同的特征是什么，尽量简短
2024-12-13 12:03:35,898 - 1 - INFO - **********PLAYER1**********
它是一种可以在空中飞行的交通工具，相比其他交通工具，它具有最高的速度和较大的载客量。
2024-12-13 12:03:43,563 - 1 - INFO - **********JUDGER**********
玩家1说：它是一种可以在空中飞行的交通工具，相比其他交通工具，它具有最高的速度和较大的载客量。玩家2说：它是一种主要用于长途旅行的交通工具，通常需要借助外力（如喷气推进）来产生前进动力。在其同类别中，它以其快速的飞行速度和较大的容纳乘客数量而闻名。玩家3说：它是一种利用动力系统在空中飞行的机械装置，能在空中高速移动。相较于同类交通工具，它在速度和容纳乘客的能力上具有显著优势。玩家4说：||在这个游戏中，我们需要通过分析每位玩家的描述来找出卧底。通常，平民的描述会围绕相同的词语展开，而卧底的描述可能会因为词语的不同而显得不太一致。我们需要仔细比较每个描述之间的相似性和差异性，以找出可能的卧底，注意，卧底并不会隐藏自己，他会直接描述他的词语，现在，逐一分析每个玩家的描述，注意，这局游戏的词语分类为<交通工具>，卧底词和平民词都属于该类。这是第一轮描述。
2024-12-13 12:03:46,207 - 1 - INFO - **********PLAYER1**********
玩家1、玩家2和玩家3的描述都强调了飞机的快速飞行速度和较大的载客量，这与我的关键词“飞机”相符合。玩家4的描述则更多地集中在游戏规则和推理策略上，而不是对飞机的具体描述。因此，根据目前的描述，玩家4的描述可能与我的关键词不太一致，他可能是卧底。
2024-12-13 12:03:46,208 - 1 - INFO - **********JUDGER**********
你刚刚的分析是玩家1、玩家2和玩家3的描述都强调了飞机的快速飞行速度和较大的载客量，这与我的关键词“飞机”相符合。玩家4的描述则更多地集中在游戏规则和推理策略上，而不是对飞机的具体描述。因此，根据目前的描述，玩家4的描述可能与我的关键词不太一致，他可能是卧底。|| `请根据上述分析，比较描述以找出不一致之处，注意，这局游戏的词语分类为<交通工具>，卧底词和平民词都属于该类。
2024-12-13 12:03:52,809 - 1 - INFO - **********PLAYER1**********
根据上述分析，我们可以比较描述中的不一致之处如下：

1. 玩家1、玩家2和玩家3的描述都集中在飞机的普遍特征上，如快速飞行速度和较大载客量，这些都是飞机的共同特点。

2. 玩家4的描述并没有直接提及飞机的具体特征，而是更多地提到了游戏规则和推理策略，这与其他三位玩家的描述在内容上有所不同。

由于所有玩家都在同一个词语分类<交通工具>下，且卧底词也属于该类，玩家4的描述与飞机的特征不符，这可能是他作为卧底故意引导的方向。因此，不一致之处在于玩家4的描述没有围绕飞机的具体特征展开，而是偏离到了游戏策略上，这可能是寻找卧底的线索。
2024-12-13 12:03:52,811 - 1 - INFO - **********JUDGER**********
你刚刚的分析是根据上述分析，我们可以比较描述中的不一致之处如下：

1. 玩家1、玩家2和玩家3的描述都集中在飞机的普遍特征上，如快速飞行速度和较大载客量，这些都是飞机的共同特点。

2. 玩家4的描述并没有直接提及飞机的具体特征，而是更多地提到了游戏规则和推理策略，这与其他三位玩家的描述在内容上有所不同。

由于所有玩家都在同一个词语分类<交通工具>下，且卧底词也属于该类，玩家4的描述与飞机的特征不符，这可能是他作为卧底故意引导的方向。因此，不一致之处在于玩家4的描述没有围绕飞机的具体特征展开，而是偏离到了游戏策略上，这可能是寻找卧底的线索。|| 请通过你分析的不一致之处，推断卧底身份，注意，这局游戏的词语分类为<交通工具>，卧底词和平民词都属于该类。
2024-12-13 12:03:58,835 - 1 - INFO - **********PLAYER1**********
基于上述分析，我们可以推断以下可能性：

1. 玩家4的描述与飞机的具体特征不符，且没有围绕飞机进行描述，而是提到了游戏规则和推理策略，这表明他的描述可能是在引导其他玩家注意他的不同，而不是在描述“飞机”。

2. 由于卧底词也属于<交通工具>类别，而玩家1、玩家2和玩家3的描述都是关于飞机的特征，这表明他们很可能是持有相同平民词的玩家。

3. 玩家4的描述内容与游戏过程相关，而不是与飞机相关的具体信息，这增加了他是卧底的嫌疑，因为卧底通常不会直接描述自己的词语，而是试图通过误导来隐藏自己的身份。

综上所述，玩家4的描述与游戏规则和策略相关，而非交通工具的具体特征，这使他成为卧底的最大嫌疑者。因此，根据描述的不一致之处，玩家4很可能是卧底。
2024-12-13 12:03:58,836 - 1 - INFO - **********JUDGER**********
你刚刚的推断是基于上述分析，我们可以推断以下可能性：

1. 玩家4的描述与飞机的具体特征不符，且没有围绕飞机进行描述，而是提到了游戏规则和推理策略，这表明他的描述可能是在引导其他玩家注意他的不同，而不是在描述“飞机”。

2. 由于卧底词也属于<交通工具>类别，而玩家1、玩家2和玩家3的描述都是关于飞机的特征，这表明他们很可能是持有相同平民词的玩家。

3. 玩家4的描述内容与游戏过程相关，而不是与飞机相关的具体信息，这增加了他是卧底的嫌疑，因为卧底通常不会直接描述自己的词语，而是试图通过误导来隐藏自己的身份。

综上所述，玩家4的描述与游戏规则和策略相关，而非交通工具的具体特征，这使他成为卧底的最大嫌疑者。因此，根据描述的不一致之处，玩家4很可能是卧底。|| 基于你刚刚的推断得出你的最终结论，请输出你认为的卧底，在这种情况下只需要输出编号，是1-4中的某个数字，不要输出其他信息。在这个过程不要进行任何推理，只对||以前的部分进行信息提取
2024-12-13 12:03:59,518 - 1 - INFO - **********PLAYER1**********
4
2024-12-13 12:05:14,868 - 1 - INFO - **********JUDGER**********
玩家1说：它是一种可以在空中飞行的交通工具，相比其他交通工具，它具有最高的速度和较大的载客量。玩家2说：它是一种主要用于长途旅行的交通工具，通常需要借助外力（如喷气推进）来产生前进动力。在其同类别中，它以其快速的飞行速度和较大的容纳乘客数量而闻名。玩家3说：它是一种利用动力系统在空中飞行的机械装置，能在空中高速移动。相较于同类交通工具，它在速度和容纳乘客的能力上具有显著优势。玩家4说：它是一种在水面上行驶的交通工具，依靠引擎驱动前进。在其同类别中，它以其长距离航行能力和容纳大量乘客而著称。你是第1号玩家，你的关键词是<飞机>。你的回答中绝对不能包含你的关键词<飞机>。这是第二轮描述，你之前的描述是它是一种可以在空中飞行的交通工具，相比其他交通工具，它具有最高的速度和较大的载客量。，注意，这局游戏的词语分类为<交通工具>，卧底词和平民词都属于该类，请你补充关于关键词的描述，注意，你的描述应该比起之前的描述更加贴近关键词，作为之前的补充
2024-12-13 12:05:17,295 - 1 - INFO - **********PLAYER1**********
它是一种高效的空中交通工具，特别适合跨越长距离，能够承载大量乘客，同时保持较高的运行速度。
2024-12-13 12:05:24,811 - 1 - INFO - **********JUDGER**********
玩家1说：它是一种可以在空中飞行的交通工具，相比其他交通工具，它具有最高的速度和较大的载客量。它是一种高效的空中交通工具，特别适合跨越长距离，能够承载大量乘客，同时保持较高的运行速度。玩家2说：它是一种主要用于长途旅行的交通工具，通常需要借助外力（如喷气推进）来产生前进动力。在其同类别中，它以其快速的飞行速度和较大的容纳乘客数量而闻名。它是一种能够在长距离空中旅行的快速工具，以其动力驱动和流线型设计而闻名，能够在短时间内跨越广阔的区域，并且能够搭载众多乘客，为长途旅行提供便利。玩家3说：它是一种利用动力系统在空中飞行的机械装置，能在空中高速移动。相较于同类交通工具，它在速度和容纳乘客的能力上具有显著优势。它是一种高效的长距离交通工具，以其高速性能和大型客舱设计著称。这种交通工具能够在短时间内跨越大陆，为长途旅行提供便捷，同时拥有承载大量乘客的能力。玩家4说：它是一种在水面上行驶的交通工具，依靠引擎驱动前进。在其同类别中，它以其长距离航行能力和容纳大量乘客而著称。||在这个游戏中，我们需要通过分析每位玩家的描述来找出卧底。通常，平民的描述会围绕相同的词语展开，而卧底的描述可能会因为词语的不同而显得不太一致。我们需要仔细比较每个描述之间的相似性和差异性，以找出可能的卧底，注意，卧底并不会隐藏自己，他会直接描述他的词语，现在，逐一分析每个玩家的描述，注意，这局游戏的词语分类为<交通工具>，卧底词和平民词都属于该类。||之前是第2轮描述和之前轮数描述的合集。你之前认为的卧底是玩家4。
2024-12-13 12:05:29,416 - 1 - INFO - **********PLAYER1**********
根据第二轮描述和之前的分析，玩家4的描述与飞机的特征不符，因为他提到了“在水面上行驶的交通工具”，这与飞机的空中飞行特性相悖。其他玩家的描述都集中在飞机的空中飞行、高速和载客量等特征上。

因此，基于第二轮的描述，玩家4的描述仍然与飞机的特征不一致，他可能是卧底。我之前的推断仍然是玩家4可能是卧底。
2024-12-13 12:05:29,417 - 1 - INFO - **********JUDGER**********
你刚刚的分析是根据第二轮描述和之前的分析，玩家4的描述与飞机的特征不符，因为他提到了“在水面上行驶的交通工具”，这与飞机的空中飞行特性相悖。其他玩家的描述都集中在飞机的空中飞行、高速和载客量等特征上。

因此，基于第二轮的描述，玩家4的描述仍然与飞机的特征不一致，他可能是卧底。我之前的推断仍然是玩家4可能是卧底。|| `请根据上述分析，比较描述以找出不一致之处，注意，这局游戏的词语分类为<交通工具>，卧底词和平民词都属于该类。
2024-12-13 12:05:34,200 - 1 - INFO - **********PLAYER1**********
根据上述分析，不一致之处如下：

1. 玩家1、玩家2和玩家3的描述都集中在飞机的空中飞行、高速和载客量等特征上，这些描述与飞机这一类交通工具的特性相符。

2. 玩家4的描述提到了“在水面上行驶的交通工具”，这与飞机的空中飞行特性不一致。玩家4的描述更符合轮船或船只的特征。

由于所有玩家都在同一个词语分类<交通工具>下，而玩家4的描述与飞机这一类交通工具的特征不符，这表明玩家4的描述与其他玩家不一致，可能是卧底。
2024-12-13 12:05:34,203 - 1 - INFO - **********JUDGER**********
你刚刚的分析是根据上述分析，不一致之处如下：

1. 玩家1、玩家2和玩家3的描述都集中在飞机的空中飞行、高速和载客量等特征上，这些描述与飞机这一类交通工具的特性相符。

2. 玩家4的描述提到了“在水面上行驶的交通工具”，这与飞机的空中飞行特性不一致。玩家4的描述更符合轮船或船只的特征。

由于所有玩家都在同一个词语分类<交通工具>下，而玩家4的描述与飞机这一类交通工具的特征不符，这表明玩家4的描述与其他玩家不一致，可能是卧底。|| 请通过你分析的不一致之处，推断卧底身份，注意，这局游戏的词语分类为<交通工具>，卧底词和平民词都属于该类。
2024-12-13 12:05:34,950 - 1 - INFO - **********PLAYER1**********
4
2024-12-13 12:05:34,951 - 1 - INFO - **********JUDGER**********
你刚刚的推断是4|| 基于你刚刚的推断得出你的最终结论，请输出你认为的卧底，在这种情况下只需要输出编号，是1-4中的某个数字，不要输出其他信息。在这个过程不要进行任何推理，只对||以前的部分进行信息提取
2024-12-13 12:05:35,953 - 1 - INFO - **********PLAYER1**********
4
2024-12-13 12:06:35,613 - 1 - INFO - **********JUDGER**********
玩家1说：它是一种可以在空中飞行的交通工具，相比其他交通工具，它具有最高的速度和较大的载客量。它是一种高效的空中交通工具，特别适合跨越长距离，能够承载大量乘客，同时保持较高的运行速度。玩家2说：它是一种主要用于长途旅行的交通工具，通常需要借助外力（如喷气推进）来产生前进动力。在其同类别中，它以其快速的飞行速度和较大的容纳乘客数量而闻名。它是一种能够在长距离空中旅行的快速工具，以其动力驱动和流线型设计而闻名，能够在短时间内跨越广阔的区域，并且能够搭载众多乘客，为长途旅行提供便利。玩家3说：它是一种利用动力系统在空中飞行的机械装置，能在空中高速移动。相较于同类交通工具，它在速度和容纳乘客的能力上具有显著优势。它是一种高效的长距离交通工具，以其高速性能和大型客舱设计著称。这种交通工具能够在短时间内跨越大陆，为长途旅行提供便捷，同时拥有承载大量乘客的能力。玩家4说：它是一种在水面上行驶的交通工具，依靠引擎驱动前进。在其同类别中，它以其长距离航行能力和容纳大量乘客而著称。它是一种古老的交通工具，以其缓慢但稳定的速度在水面航行。它通常在大型河流或海洋上运行，能够承载大量货物和乘客，是长途运输的重要方式。你是第1号玩家，你的关键词是<飞机>。你的回答中绝对不能包含你的关键词<飞机>。这是第三轮描述，你之前的描述是它是一种可以在空中飞行的交通工具，相比其他交通工具，它具有最高的速度和较大的载客量。和它是一种高效的空中交通工具，特别适合跨越长距离，能够承载大量乘客，同时保持较高的运行速度。，注意，这局游戏的词语分类为<交通工具>，卧底词和平民词都属于该类，请你补充关于关键词的描述，注意，你的描述应该比起之前的描述更加贴近关键词，作为之前的补充
2024-12-13 12:06:37,728 - 1 - INFO - **********PLAYER1**********
它是一种能够在短时间内跨越广阔区域的交通工具，能够搭载众多乘客，为长途旅行提供快速且舒适的体验。
2024-12-13 12:06:53,493 - 1 - INFO - **********JUDGER**********
玩家1说：它是一种可以在空中飞行的交通工具，相比其他交通工具，它具有最高的速度和较大的载客量。它是一种高效的空中交通工具，特别适合跨越长距离，能够承载大量乘客，同时保持较高的运行速度。它是一种能够在短时间内跨越广阔区域的交通工具，能够搭载众多乘客，为长途旅行提供快速且舒适的体验。玩家2说：它是一种主要用于长途旅行的交通工具，通常需要借助外力（如喷气推进）来产生前进动力。在其同类别中，它以其快速的飞行速度和较大的容纳乘客数量而闻名。它是一种能够在长距离空中旅行的快速工具，以其动力驱动和流线型设计而闻名，能够在短时间内跨越广阔的区域，并且能够搭载众多乘客，为长途旅行提供便利。它是一种能够快速穿越天际的交通工具，以其高度自动化和先进的航空技术而著称。这种交通工具通常由多台发动机驱动，能够在高空稳定飞行，为乘客提供远距离、快速且舒适的旅行体验。玩家3说：它是一种利用动力系统在空中飞行的机械装置，能在空中高速移动。相较于同类交通工具，它在速度和容纳乘客的能力上具有显著优势。它是一种高效的长距离交通工具，以其高速性能和大型客舱设计著称。这种交通工具能够在短时间内跨越大陆，为长途旅行提供便捷，同时拥有承载大量乘客的能力。它是一种能够在短时间内穿越多个时区，连接全球各地的交通工具，以其快速、高效和舒适的旅行体验而闻名。玩家4说：它是一种在水面上行驶的交通工具，依靠引擎驱动前进。在其同类别中，它以其长距离航行能力和容纳大量乘客而著称。它是一种古老的交通工具，以其缓慢但稳定的速度在水面航行。它通常在大型河流或海洋上运行，能够承载大量货物和乘客，是长途运输的重要方式。这种交通工具以其在水上平稳航行的能力而闻名，能够在不同的水域中穿行，无论是平静的湖泊还是汹涌的大海。它通常由多个船舱组成，能够提供舒适的住宿条件，并能够承载大量的货物和乘客，是连接不同港口和城市的关键运输方式。||在这个游戏中，我们需要通过分析每位玩家的描述来找出卧底。通常，平民的描述会围绕相同的词语展开，而卧底的描述可能会因为词语的不同而显得不太一致。我们需要仔细比较每个描述之间的相似性和差异性，以找出可能的卧底，注意，卧底并不会隐藏自己，他会直接描述他的词语，现在，逐一分析每个玩家的描述，注意，这局游戏的词语分类为<交通工具>，卧底词和平民词都属于该类。||之前是第3轮描述和之前轮数描述的合集。你之前认为的卧底是玩家4。
2024-12-13 12:06:59,995 - 1 - INFO - **********PLAYER1**********
根据第三轮描述和之前的分析，玩家4的描述与飞机的特征不符，因为他提到了“在水面上行驶的交通工具”，这与飞机的空中飞行特性相悖。其他玩家的描述都集中在飞机的空中飞行、高速和载客量等特征上。

因此，基于第三轮的描述，玩家4的描述仍然与飞机的特征不一致，他可能是卧底。我之前的推断仍然是玩家4可能是卧底。
2024-12-13 12:06:59,997 - 1 - INFO - **********JUDGER**********
你刚刚的分析是根据第三轮描述和之前的分析，玩家4的描述与飞机的特征不符，因为他提到了“在水面上行驶的交通工具”，这与飞机的空中飞行特性相悖。其他玩家的描述都集中在飞机的空中飞行、高速和载客量等特征上。

因此，基于第三轮的描述，玩家4的描述仍然与飞机的特征不一致，他可能是卧底。我之前的推断仍然是玩家4可能是卧底。|| `请根据上述分析，比较描述以找出不一致之处，注意，这局游戏的词语分类为<交通工具>，卧底词和平民词都属于该类。
2024-12-13 12:07:02,091 - 1 - INFO - **********PLAYER1**********
4
2024-12-13 12:07:02,093 - 1 - INFO - **********JUDGER**********
你刚刚的分析是4|| 请通过你分析的不一致之处，推断卧底身份，注意，这局游戏的词语分类为<交通工具>，卧底词和平民词都属于该类。
2024-12-13 12:07:04,398 - 1 - INFO - **********PLAYER1**********
4
2024-12-13 12:07:04,398 - 1 - INFO - **********JUDGER**********
你刚刚的推断是4|| 基于你刚刚的推断得出你的最终结论，请输出你认为的卧底，在这种情况下只需要输出编号，是1-4中的某个数字，不要输出其他信息。在这个过程不要进行任何推理，只对||以前的部分进行信息提取
2024-12-13 12:07:05,951 - 1 - INFO - **********PLAYER1**********
4
