2024-12-13 12:03:30,417 - 2 - INFO - **********JUDGER**********
让我们来玩一个叫做<谁是卧底>的推理游戏。基本规则：<人数>：4人。<角色分配>：每位玩家随机抽取一个词语，3名玩家拿到的词语是相同的（平民词），1名玩家拿到与之相近但不同的词语（卧底词）。<游戏流程>：1、玩家轮流描述自己的词语，但<不能>直接说出词语本身。2、描述完毕后，投票选出最像卧底的玩家。3、每轮结束后，被投票选出的玩家出局，不能再进行描述或投票。4、每轮投票结束后，如果卧底被成功找出，平民方获胜；如果卧底未被找出且卧底人数等于或超过平民人数，则卧底方获胜。你将扮演一个<玩家>，请等待你被分配到的关键词。如果你听懂了，只回答，"好的，我准备好参加游戏了"，不要输出别的信息
2024-12-13 12:03:31,692 - 2 - INFO - **********PLAYER2**********
好的，我准备好参加游戏了
2024-12-13 12:03:35,898 - 2 - INFO - **********JUDGER**********
玩家1说：它是一种可以在空中飞行的交通工具，相比其他交通工具，它具有最高的速度和较大的载客量。玩家2说：玩家3说：玩家4说：|| 你是第2号玩家，你的关键词是<飞机>。你的回答中绝对不能包含你的关键词<飞机>。这是第一轮描述，不需要分析||之前别的玩家的描述，请你描述关键词基本特征，注意，这局游戏的词语分类为<交通工具>，卧底词和平民词都属于该类，描述包括以下两点，1.他的基本特征是什么2.他在该类（交通工具）中最突出不同的特征是什么，尽量简短
2024-12-13 12:03:37,673 - 2 - INFO - **********PLAYER2**********
它是一种主要用于长途旅行的交通工具，通常需要借助外力（如喷气推进）来产生前进动力。在其同类别中，它以其快速的飞行速度和较大的容纳乘客数量而闻名。
2024-12-13 12:03:59,519 - 2 - INFO - **********JUDGER**********
玩家1说：它是一种可以在空中飞行的交通工具，相比其他交通工具，它具有最高的速度和较大的载客量。玩家2说：它是一种主要用于长途旅行的交通工具，通常需要借助外力（如喷气推进）来产生前进动力。在其同类别中，它以其快速的飞行速度和较大的容纳乘客数量而闻名。玩家3说：它是一种利用动力系统在空中飞行的机械装置，能在空中高速移动。相较于同类交通工具，它在速度和容纳乘客的能力上具有显著优势。玩家4说：||在这个游戏中，我们需要通过分析每位玩家的描述来找出卧底。通常，平民的描述会围绕相同的词语展开，而卧底的描述可能会因为词语的不同而显得不太一致。我们需要仔细比较每个描述之间的相似性和差异性，以找出可能的卧底，注意，卧底并不会隐藏自己，他会直接描述他的词语，现在，逐一分析每个玩家的描述，注意，这局游戏的词语分类为<交通工具>，卧底词和平民词都属于该类。这是第一轮描述。
2024-12-13 12:04:09,654 - 2 - INFO - **********PLAYER2**********
好的，根据四位玩家的描述，我们可以进行以下分析：

玩家1和玩家2的描述都强调了飞机的速度和载客量，这与飞机的基本特征相符。

玩家3的描述也提到了飞机的飞行速度和载客能力，与飞机的特征一致。

玩家4的描述则更像是在总结游戏规则和如何分析描述，而不是在描述飞机。

由于玩家1、2和3的描述都集中在飞机的特征上，而玩家4的描述似乎脱离了词语描述的范畴，这可能导致玩家4的描述与飞机的特征不太一致，从而引发怀疑。因此，玩家4可能是卧底。但需要注意的是，卧底并不会直接隐藏自己，所以这个分析仅基于描述的相似性和差异性。最终，还需要结合后续的描述和投票来确定谁是卧底。
2024-12-13 12:04:09,657 - 2 - INFO - **********JUDGER**********
你刚刚的分析是好的，根据四位玩家的描述，我们可以进行以下分析：

玩家1和玩家2的描述都强调了飞机的速度和载客量，这与飞机的基本特征相符。

玩家3的描述也提到了飞机的飞行速度和载客能力，与飞机的特征一致。

玩家4的描述则更像是在总结游戏规则和如何分析描述，而不是在描述飞机。

由于玩家1、2和3的描述都集中在飞机的特征上，而玩家4的描述似乎脱离了词语描述的范畴，这可能导致玩家4的描述与飞机的特征不太一致，从而引发怀疑。因此，玩家4可能是卧底。但需要注意的是，卧底并不会直接隐藏自己，所以这个分析仅基于描述的相似性和差异性。最终，还需要结合后续的描述和投票来确定谁是卧底。|| `请根据上述分析，比较描述以找出不一致之处，注意，这局游戏的词语分类为<交通工具>，卧底词和平民词都属于该类。
2024-12-13 12:04:15,520 - 2 - INFO - **********PLAYER2**********
根据上述分析，我们可以比较四位玩家的描述，寻找不一致之处：

1. 玩家1、2和3的描述都集中在飞机的速度和载客量上，这些都是飞机的基本特征。

2. 玩家4的描述没有具体提到飞机的特征，而是转而讨论了游戏规则和如何分析描述，这与其他玩家的描述方向不同。

不一致之处在于，玩家4的描述没有围绕飞机这一交通工具的具体特征展开，而是转向了游戏策略和规则分析，这与其他三位玩家围绕飞机特征的描述形成了对比。

因此，玩家4的描述可能是不一致的，这可能是卧底的不太一致之处。然而，这只是一个初步的分析，卧底可能会在后续的描述中调整策略以避免被识别。最终，需要通过后续的描述和投票来确定谁是卧底。
2024-12-13 12:04:15,521 - 2 - INFO - **********JUDGER**********
你刚刚的分析是根据上述分析，我们可以比较四位玩家的描述，寻找不一致之处：

1. 玩家1、2和3的描述都集中在飞机的速度和载客量上，这些都是飞机的基本特征。

2. 玩家4的描述没有具体提到飞机的特征，而是转而讨论了游戏规则和如何分析描述，这与其他玩家的描述方向不同。

不一致之处在于，玩家4的描述没有围绕飞机这一交通工具的具体特征展开，而是转向了游戏策略和规则分析，这与其他三位玩家围绕飞机特征的描述形成了对比。

因此，玩家4的描述可能是不一致的，这可能是卧底的不太一致之处。然而，这只是一个初步的分析，卧底可能会在后续的描述中调整策略以避免被识别。最终，需要通过后续的描述和投票来确定谁是卧底。|| 请通过你分析的不一致之处，推断卧底身份，注意，这局游戏的词语分类为<交通工具>，卧底词和平民词都属于该类。
2024-12-13 12:04:30,085 - 2 - INFO - **********PLAYER2**********
根据之前的分析，玩家4的描述与其他三位玩家描述的不一致之处在于，他没有具体提到飞机这一交通工具的特征，而是转而讨论了游戏规则和如何分析描述。这种偏离可能意味着玩家4的词语不是飞机，而是与飞机相似但又不完全相同的交通工具。

考虑到游戏词语分类为<交通工具>，且卧底词和平民词都属于该类，以下是一些可能的推断：

1. 玩家4可能是卧底，因为他没有直接描述飞机的特征，而是讨论了游戏策略。这可能是为了误导其他玩家，让他们认为他的词语也是飞机。

2. 另一种可能性是，玩家4的词语是直升机，因为直升机虽然也是空中飞行的交通工具，但它通常不具备与其他大型飞机相同的速度和载客量。这种描述可能会让人误以为他的词语是飞机，从而掩盖他是卧底的事实。

3. 还有一种可能性是，玩家4的词语是滑翔机或热气球等，这些交通工具虽然也能在空中飞行，但它们的特点与飞机的速度和载客量有很大的不同。

综上所述，玩家4可能是卧底，他的词语可能是直升机、滑翔机、热气球或其他与飞机特征不完全相同的空中交通工具。最终，需要通过后续的描述和投票来确定他的真实身份。
2024-12-13 12:04:30,087 - 2 - INFO - **********JUDGER**********
你刚刚的推断是根据之前的分析，玩家4的描述与其他三位玩家描述的不一致之处在于，他没有具体提到飞机这一交通工具的特征，而是转而讨论了游戏规则和如何分析描述。这种偏离可能意味着玩家4的词语不是飞机，而是与飞机相似但又不完全相同的交通工具。

考虑到游戏词语分类为<交通工具>，且卧底词和平民词都属于该类，以下是一些可能的推断：

1. 玩家4可能是卧底，因为他没有直接描述飞机的特征，而是讨论了游戏策略。这可能是为了误导其他玩家，让他们认为他的词语也是飞机。

2. 另一种可能性是，玩家4的词语是直升机，因为直升机虽然也是空中飞行的交通工具，但它通常不具备与其他大型飞机相同的速度和载客量。这种描述可能会让人误以为他的词语是飞机，从而掩盖他是卧底的事实。

3. 还有一种可能性是，玩家4的词语是滑翔机或热气球等，这些交通工具虽然也能在空中飞行，但它们的特点与飞机的速度和载客量有很大的不同。

综上所述，玩家4可能是卧底，他的词语可能是直升机、滑翔机、热气球或其他与飞机特征不完全相同的空中交通工具。最终，需要通过后续的描述和投票来确定他的真实身份。|| 基于你刚刚的推断得出你的最终结论，请输出你认为的卧底，在这种情况下只需要输出编号，是1-4中的某个数字，不要输出其他信息。在这个过程不要进行任何推理，只对||以前的部分进行信息提取
2024-12-13 12:04:31,344 - 2 - INFO - **********PLAYER2**********
2
2024-12-13 12:05:17,296 - 2 - INFO - **********JUDGER**********
玩家1说：它是一种可以在空中飞行的交通工具，相比其他交通工具，它具有最高的速度和较大的载客量。它是一种高效的空中交通工具，特别适合跨越长距离，能够承载大量乘客，同时保持较高的运行速度。玩家2说：它是一种主要用于长途旅行的交通工具，通常需要借助外力（如喷气推进）来产生前进动力。在其同类别中，它以其快速的飞行速度和较大的容纳乘客数量而闻名。玩家3说：它是一种利用动力系统在空中飞行的机械装置，能在空中高速移动。相较于同类交通工具，它在速度和容纳乘客的能力上具有显著优势。玩家4说：它是一种在水面上行驶的交通工具，依靠引擎驱动前进。在其同类别中，它以其长距离航行能力和容纳大量乘客而著称。你是第2号玩家，你的关键词是<飞机>。你的回答中绝对不能包含你的关键词<飞机>。这是第二轮描述，你之前的描述是它是一种主要用于长途旅行的交通工具，通常需要借助外力（如喷气推进）来产生前进动力。在其同类别中，它以其快速的飞行速度和较大的容纳乘客数量而闻名。，注意，这局游戏的词语分类为<交通工具>，卧底词和平民词都属于该类，请你补充关于关键词的描述，注意，你的描述应该比起之前的描述更加贴近关键词，作为之前的补充
2024-12-13 12:05:19,785 - 2 - INFO - **********PLAYER2**********
它是一种能够在长距离空中旅行的快速工具，以其动力驱动和流线型设计而闻名，能够在短时间内跨越广阔的区域，并且能够搭载众多乘客，为长途旅行提供便利。
2024-12-13 12:05:35,955 - 2 - INFO - **********JUDGER**********
玩家1说：它是一种可以在空中飞行的交通工具，相比其他交通工具，它具有最高的速度和较大的载客量。它是一种高效的空中交通工具，特别适合跨越长距离，能够承载大量乘客，同时保持较高的运行速度。玩家2说：它是一种主要用于长途旅行的交通工具，通常需要借助外力（如喷气推进）来产生前进动力。在其同类别中，它以其快速的飞行速度和较大的容纳乘客数量而闻名。它是一种能够在长距离空中旅行的快速工具，以其动力驱动和流线型设计而闻名，能够在短时间内跨越广阔的区域，并且能够搭载众多乘客，为长途旅行提供便利。玩家3说：它是一种利用动力系统在空中飞行的机械装置，能在空中高速移动。相较于同类交通工具，它在速度和容纳乘客的能力上具有显著优势。它是一种高效的长距离交通工具，以其高速性能和大型客舱设计著称。这种交通工具能够在短时间内跨越大陆，为长途旅行提供便捷，同时拥有承载大量乘客的能力。玩家4说：它是一种在水面上行驶的交通工具，依靠引擎驱动前进。在其同类别中，它以其长距离航行能力和容纳大量乘客而著称。||在这个游戏中，我们需要通过分析每位玩家的描述来找出卧底。通常，平民的描述会围绕相同的词语展开，而卧底的描述可能会因为词语的不同而显得不太一致。我们需要仔细比较每个描述之间的相似性和差异性，以找出可能的卧底，注意，卧底并不会隐藏自己，他会直接描述他的词语，现在，逐一分析每个玩家的描述，注意，这局游戏的词语分类为<交通工具>，卧底词和平民词都属于该类。||之前是第2轮描述和之前轮数描述的合集。你之前认为的卧底是玩家2。
2024-12-13 12:05:36,620 - 2 - INFO - **********PLAYER2**********
玩家4
2024-12-13 12:05:36,620 - 2 - INFO - **********JUDGER**********
你刚刚的分析是玩家4|| `请根据上述分析，比较描述以找出不一致之处，注意，这局游戏的词语分类为<交通工具>，卧底词和平民词都属于该类。
2024-12-13 12:05:41,464 - 2 - INFO - **********PLAYER2**********
玩家1、2、3的描述都集中在空中飞行的交通工具上，强调了速度、载客量、长途旅行能力以及动力系统等特点。

玩家4的描述则提到了在水面上行驶的交通工具，强调了长距离航行能力和容纳大量乘客的特点。

不一致之处在于，玩家4的描述与其他三位玩家描述的空中飞行交通工具的特点不符。玩家4的描述指向了水上交通工具，而其他玩家的描述都指向了空中交通工具。因此，玩家4的描述与其他玩家的描述不一致，这可能是卧底的不太一致之处。
2024-12-13 12:05:41,466 - 2 - INFO - **********JUDGER**********
你刚刚的分析是玩家1、2、3的描述都集中在空中飞行的交通工具上，强调了速度、载客量、长途旅行能力以及动力系统等特点。

玩家4的描述则提到了在水面上行驶的交通工具，强调了长距离航行能力和容纳大量乘客的特点。

不一致之处在于，玩家4的描述与其他三位玩家描述的空中飞行交通工具的特点不符。玩家4的描述指向了水上交通工具，而其他玩家的描述都指向了空中交通工具。因此，玩家4的描述与其他玩家的描述不一致，这可能是卧底的不太一致之处。|| 请通过你分析的不一致之处，推断卧底身份，注意，这局游戏的词语分类为<交通工具>，卧底词和平民词都属于该类。
2024-12-13 12:05:42,393 - 2 - INFO - **********PLAYER2**********
4
2024-12-13 12:05:42,394 - 2 - INFO - **********JUDGER**********
你刚刚的推断是4|| 基于你刚刚的推断得出你的最终结论，请输出你认为的卧底，在这种情况下只需要输出编号，是1-4中的某个数字，不要输出其他信息。在这个过程不要进行任何推理，只对||以前的部分进行信息提取
2024-12-13 12:05:43,571 - 2 - INFO - **********PLAYER2**********
4
2024-12-13 12:06:37,734 - 2 - INFO - **********JUDGER**********
玩家1说：它是一种可以在空中飞行的交通工具，相比其他交通工具，它具有最高的速度和较大的载客量。它是一种高效的空中交通工具，特别适合跨越长距离，能够承载大量乘客，同时保持较高的运行速度。它是一种能够在短时间内跨越广阔区域的交通工具，能够搭载众多乘客，为长途旅行提供快速且舒适的体验。玩家2说：它是一种主要用于长途旅行的交通工具，通常需要借助外力（如喷气推进）来产生前进动力。在其同类别中，它以其快速的飞行速度和较大的容纳乘客数量而闻名。它是一种能够在长距离空中旅行的快速工具，以其动力驱动和流线型设计而闻名，能够在短时间内跨越广阔的区域，并且能够搭载众多乘客，为长途旅行提供便利。玩家3说：它是一种利用动力系统在空中飞行的机械装置，能在空中高速移动。相较于同类交通工具，它在速度和容纳乘客的能力上具有显著优势。它是一种高效的长距离交通工具，以其高速性能和大型客舱设计著称。这种交通工具能够在短时间内跨越大陆，为长途旅行提供便捷，同时拥有承载大量乘客的能力。玩家4说：它是一种在水面上行驶的交通工具，依靠引擎驱动前进。在其同类别中，它以其长距离航行能力和容纳大量乘客而著称。它是一种古老的交通工具，以其缓慢但稳定的速度在水面航行。它通常在大型河流或海洋上运行，能够承载大量货物和乘客，是长途运输的重要方式。你是第2号玩家，你的关键词是<飞机>。你的回答中绝对不能包含你的关键词<飞机>。这是第三轮描述，你之前的描述是它是一种主要用于长途旅行的交通工具，通常需要借助外力（如喷气推进）来产生前进动力。在其同类别中，它以其快速的飞行速度和较大的容纳乘客数量而闻名。和它是一种能够在长距离空中旅行的快速工具，以其动力驱动和流线型设计而闻名，能够在短时间内跨越广阔的区域，并且能够搭载众多乘客，为长途旅行提供便利。，注意，这局游戏的词语分类为<交通工具>，卧底词和平民词都属于该类，请你补充关于关键词的描述，注意，你的描述应该比起之前的描述更加贴近关键词，作为之前的补充
2024-12-13 12:06:40,752 - 2 - INFO - **********PLAYER2**********
它是一种能够快速穿越天际的交通工具，以其高度自动化和先进的航空技术而著称。这种交通工具通常由多台发动机驱动，能够在高空稳定飞行，为乘客提供远距离、快速且舒适的旅行体验。
2024-12-13 12:07:05,952 - 2 - INFO - **********JUDGER**********
玩家1说：它是一种可以在空中飞行的交通工具，相比其他交通工具，它具有最高的速度和较大的载客量。它是一种高效的空中交通工具，特别适合跨越长距离，能够承载大量乘客，同时保持较高的运行速度。它是一种能够在短时间内跨越广阔区域的交通工具，能够搭载众多乘客，为长途旅行提供快速且舒适的体验。玩家2说：它是一种主要用于长途旅行的交通工具，通常需要借助外力（如喷气推进）来产生前进动力。在其同类别中，它以其快速的飞行速度和较大的容纳乘客数量而闻名。它是一种能够在长距离空中旅行的快速工具，以其动力驱动和流线型设计而闻名，能够在短时间内跨越广阔的区域，并且能够搭载众多乘客，为长途旅行提供便利。它是一种能够快速穿越天际的交通工具，以其高度自动化和先进的航空技术而著称。这种交通工具通常由多台发动机驱动，能够在高空稳定飞行，为乘客提供远距离、快速且舒适的旅行体验。玩家3说：它是一种利用动力系统在空中飞行的机械装置，能在空中高速移动。相较于同类交通工具，它在速度和容纳乘客的能力上具有显著优势。它是一种高效的长距离交通工具，以其高速性能和大型客舱设计著称。这种交通工具能够在短时间内跨越大陆，为长途旅行提供便捷，同时拥有承载大量乘客的能力。它是一种能够在短时间内穿越多个时区，连接全球各地的交通工具，以其快速、高效和舒适的旅行体验而闻名。玩家4说：它是一种在水面上行驶的交通工具，依靠引擎驱动前进。在其同类别中，它以其长距离航行能力和容纳大量乘客而著称。它是一种古老的交通工具，以其缓慢但稳定的速度在水面航行。它通常在大型河流或海洋上运行，能够承载大量货物和乘客，是长途运输的重要方式。这种交通工具以其在水上平稳航行的能力而闻名，能够在不同的水域中穿行，无论是平静的湖泊还是汹涌的大海。它通常由多个船舱组成，能够提供舒适的住宿条件，并能够承载大量的货物和乘客，是连接不同港口和城市的关键运输方式。||在这个游戏中，我们需要通过分析每位玩家的描述来找出卧底。通常，平民的描述会围绕相同的词语展开，而卧底的描述可能会因为词语的不同而显得不太一致。我们需要仔细比较每个描述之间的相似性和差异性，以找出可能的卧底，注意，卧底并不会隐藏自己，他会直接描述他的词语，现在，逐一分析每个玩家的描述，注意，这局游戏的词语分类为<交通工具>，卧底词和平民词都属于该类。||之前是第3轮描述和之前轮数描述的合集。你之前认为的卧底是玩家4。
2024-12-13 12:07:07,058 - 2 - INFO - **********PLAYER2**********
玩家4
2024-12-13 12:07:07,059 - 2 - INFO - **********JUDGER**********
你刚刚的分析是玩家4|| `请根据上述分析，比较描述以找出不一致之处，注意，这局游戏的词语分类为<交通工具>，卧底词和平民词都属于该类。
2024-12-13 12:07:12,635 - 2 - INFO - **********PLAYER2**********
玩家1、2和3的描述都集中在空中飞行的交通工具上，强调了速度、载客量、长途旅行能力、动力系统、流线型设计和自动化技术等特征。

玩家4的描述则提到了在水面上行驶的交通工具，强调了长距离航行能力、容纳大量乘客、稳定航行、不同水域适应性和连接港口和城市的能力。

不一致之处在于，玩家4的描述与空中飞行的交通工具特征不符，而是描述了水上行驶的交通工具。这与其他三位玩家的描述形成了鲜明对比，因为他们的描述都集中在空中交通工具上。因此，玩家4的描述是不一致的，这可能是卧底的不太一致之处。
2024-12-13 12:07:12,636 - 2 - INFO - **********JUDGER**********
你刚刚的分析是玩家1、2和3的描述都集中在空中飞行的交通工具上，强调了速度、载客量、长途旅行能力、动力系统、流线型设计和自动化技术等特征。

玩家4的描述则提到了在水面上行驶的交通工具，强调了长距离航行能力、容纳大量乘客、稳定航行、不同水域适应性和连接港口和城市的能力。

不一致之处在于，玩家4的描述与空中飞行的交通工具特征不符，而是描述了水上行驶的交通工具。这与其他三位玩家的描述形成了鲜明对比，因为他们的描述都集中在空中交通工具上。因此，玩家4的描述是不一致的，这可能是卧底的不太一致之处。|| 请通过你分析的不一致之处，推断卧底身份，注意，这局游戏的词语分类为<交通工具>，卧底词和平民词都属于该类。
2024-12-13 12:07:13,960 - 2 - INFO - **********PLAYER2**********
4
2024-12-13 12:07:13,961 - 2 - INFO - **********JUDGER**********
你刚刚的推断是4|| 基于你刚刚的推断得出你的最终结论，请输出你认为的卧底，在这种情况下只需要输出编号，是1-4中的某个数字，不要输出其他信息。在这个过程不要进行任何推理，只对||以前的部分进行信息提取
2024-12-13 12:07:14,922 - 2 - INFO - **********PLAYER2**********
4
