2024-12-13 12:03:32,602 - 3 - INFO - **********JUDGER**********
让我们来玩一个叫做<谁是卧底>的推理游戏。基本规则：<人数>：4人。<角色分配>：每位玩家随机抽取一个词语，3名玩家拿到的词语是相同的（平民词），1名玩家拿到与之相近但不同的词语（卧底词）。<游戏流程>：1、玩家轮流描述自己的词语，但<不能>直接说出词语本身。2、描述完毕后，投票选出最像卧底的玩家。3、每轮结束后，被投票选出的玩家出局，不能再进行描述或投票。4、每轮投票结束后，如果卧底被成功找出，平民方获胜；如果卧底未被找出且卧底人数等于或超过平民人数，则卧底方获胜。你将扮演一个<玩家>，请等待你被分配到的关键词。如果你听懂了，只回答，"好的，我准备好参加游戏了"，不要输出别的信息
2024-12-13 12:03:33,204 - 3 - INFO - **********PLAYER3**********
好的，我准备好参加游戏了
2024-12-13 12:03:37,674 - 3 - INFO - **********JUDGER**********
玩家1说：它是一种可以在空中飞行的交通工具，相比其他交通工具，它具有最高的速度和较大的载客量。玩家2说：它是一种主要用于长途旅行的交通工具，通常需要借助外力（如喷气推进）来产生前进动力。在其同类别中，它以其快速的飞行速度和较大的容纳乘客数量而闻名。玩家3说：玩家4说：|| 你是第3号玩家，你的关键词是<飞机>。你的回答中绝对不能包含你的关键词<飞机>。这是第一轮描述，不需要分析||之前别的玩家的描述，请你描述关键词基本特征，注意，这局游戏的词语分类为<交通工具>，卧底词和平民词都属于该类，描述包括以下两点，1.他的基本特征是什么2.他在该类（交通工具）中最突出不同的特征是什么，尽量简短
2024-12-13 12:03:39,971 - 3 - INFO - **********PLAYER3**********
它是一种利用动力系统在空中飞行的机械装置，能在空中高速移动。相较于同类交通工具，它在速度和容纳乘客的能力上具有显著优势。
2024-12-13 12:04:31,347 - 3 - INFO - **********JUDGER**********
玩家1说：它是一种可以在空中飞行的交通工具，相比其他交通工具，它具有最高的速度和较大的载客量。玩家2说：它是一种主要用于长途旅行的交通工具，通常需要借助外力（如喷气推进）来产生前进动力。在其同类别中，它以其快速的飞行速度和较大的容纳乘客数量而闻名。玩家3说：它是一种利用动力系统在空中飞行的机械装置，能在空中高速移动。相较于同类交通工具，它在速度和容纳乘客的能力上具有显著优势。玩家4说：||在这个游戏中，我们需要通过分析每位玩家的描述来找出卧底。通常，平民的描述会围绕相同的词语展开，而卧底的描述可能会因为词语的不同而显得不太一致。我们需要仔细比较每个描述之间的相似性和差异性，以找出可能的卧底，注意，卧底并不会隐藏自己，他会直接描述他的词语，现在，逐一分析每个玩家的描述，注意，这局游戏的词语分类为<交通工具>，卧底词和平民词都属于该类。这是第一轮描述。
2024-12-13 12:04:36,409 - 3 - INFO - **********PLAYER3**********
好的，根据玩家的描述，我们可以分析如下：

玩家1和玩家2的描述都提到了“空中飞行”、“速度最快”、“载客量大”和“长途旅行”，这些特征指向的是飞机。玩家3的描述与玩家1和玩家2的描述非常相似，也强调了飞机的飞行速度和载客能力。

玩家4的描述则与前三位的描述有所不同，他提到了游戏规则、卧底识别的技巧，并强调了描述分析的重要性，而没有直接描述飞机的特征。这可能是卧底试图引导其他玩家注意他的描述，从而混淆视听。

因此，根据描述的相似性和差异性，玩家4可能是卧底，因为他的描述与飞机的特征没有直接关联，而是更偏向于游戏策略和描述分析。
2024-12-13 12:04:36,410 - 3 - INFO - **********JUDGER**********
你刚刚的分析是好的，根据玩家的描述，我们可以分析如下：

玩家1和玩家2的描述都提到了“空中飞行”、“速度最快”、“载客量大”和“长途旅行”，这些特征指向的是飞机。玩家3的描述与玩家1和玩家2的描述非常相似，也强调了飞机的飞行速度和载客能力。

玩家4的描述则与前三位的描述有所不同，他提到了游戏规则、卧底识别的技巧，并强调了描述分析的重要性，而没有直接描述飞机的特征。这可能是卧底试图引导其他玩家注意他的描述，从而混淆视听。

因此，根据描述的相似性和差异性，玩家4可能是卧底，因为他的描述与飞机的特征没有直接关联，而是更偏向于游戏策略和描述分析。|| `请根据上述分析，比较描述以找出不一致之处，注意，这局游戏的词语分类为<交通工具>，卧底词和平民词都属于该类。
2024-12-13 12:04:43,591 - 3 - INFO - **********PLAYER3**********
根据上述分析，我们可以比较描述中的不一致之处如下：

1. 玩家1、玩家2和玩家3的描述都集中在飞机的基本特征上，如“空中飞行”、“速度最快”、“载客量大”和“长途旅行”。这些描述是高度一致的，都指向了飞机这一交通工具。

2. 玩家4的描述则与前三位的描述不同。他没有提到飞机的具体特征，而是转而讨论了游戏规则、卧底识别技巧和描述分析的重要性。这种描述方式与寻找飞机特征的主题不符，更像是提供了一个关于游戏策略的评论，而不是关于飞机的描述。

3. 在词语分类为<交通工具>的规则下，玩家4的描述没有直接提及任何具体的交通工具特征，而玩家1、玩家2和玩家3的描述都明确指向了飞机这一特定交通工具。

基于这些不一致之处，玩家4的描述与游戏要求描述交通工具特征的规则不一致，因此，玩家4的描述可能是与飞机不同的交通工具，即可能是卧底。
2024-12-13 12:04:43,595 - 3 - INFO - **********JUDGER**********
你刚刚的分析是根据上述分析，我们可以比较描述中的不一致之处如下：

1. 玩家1、玩家2和玩家3的描述都集中在飞机的基本特征上，如“空中飞行”、“速度最快”、“载客量大”和“长途旅行”。这些描述是高度一致的，都指向了飞机这一交通工具。

2. 玩家4的描述则与前三位的描述不同。他没有提到飞机的具体特征，而是转而讨论了游戏规则、卧底识别技巧和描述分析的重要性。这种描述方式与寻找飞机特征的主题不符，更像是提供了一个关于游戏策略的评论，而不是关于飞机的描述。

3. 在词语分类为<交通工具>的规则下，玩家4的描述没有直接提及任何具体的交通工具特征，而玩家1、玩家2和玩家3的描述都明确指向了飞机这一特定交通工具。

基于这些不一致之处，玩家4的描述与游戏要求描述交通工具特征的规则不一致，因此，玩家4的描述可能是与飞机不同的交通工具，即可能是卧底。|| 请通过你分析的不一致之处，推断卧底身份，注意，这局游戏的词语分类为<交通工具>，卧底词和平民词都属于该类。
2024-12-13 12:04:53,325 - 3 - INFO - **********PLAYER3**********
根据分析中提到的不一致之处，可以推断以下可能性：

1. 玩家1、玩家2和玩家3的描述都指向了飞机，这是一种空中飞行的交通工具，具有高速和大量载客的特点。

2. 玩家4的描述没有直接提及飞机的特征，而是讨论了游戏策略和描述分析，这表明他的描述可能是在引导其他玩家注意他的不同点。

3. 在<交通工具>的分类下，如果玩家4是卧底，那么他的词语应该也是交通工具，但与飞机不同。

结合以上信息，玩家4可能是卧底，并且他的词语也是一种交通工具，但不是飞机。由于飞机是最常见的空中交通工具，且玩家1、玩家2和玩家3的描述都指向了飞机，玩家4的卧底词可能是另一种不同的空中交通工具，比如：

- 直升机：虽然也是空中飞行，但通常用于短途、垂直起降，速度和载客量与飞机相比有所不同。
- 气球：也是一种空中交通工具，但通常用于观光或科学探险，速度和载客量与飞机相比更为有限。

因此，玩家4的卧底身份可能是直升机或气球。
2024-12-13 12:04:53,327 - 3 - INFO - **********JUDGER**********
你刚刚的推断是根据分析中提到的不一致之处，可以推断以下可能性：

1. 玩家1、玩家2和玩家3的描述都指向了飞机，这是一种空中飞行的交通工具，具有高速和大量载客的特点。

2. 玩家4的描述没有直接提及飞机的特征，而是讨论了游戏策略和描述分析，这表明他的描述可能是在引导其他玩家注意他的不同点。

3. 在<交通工具>的分类下，如果玩家4是卧底，那么他的词语应该也是交通工具，但与飞机不同。

结合以上信息，玩家4可能是卧底，并且他的词语也是一种交通工具，但不是飞机。由于飞机是最常见的空中交通工具，且玩家1、玩家2和玩家3的描述都指向了飞机，玩家4的卧底词可能是另一种不同的空中交通工具，比如：

- 直升机：虽然也是空中飞行，但通常用于短途、垂直起降，速度和载客量与飞机相比有所不同。
- 气球：也是一种空中交通工具，但通常用于观光或科学探险，速度和载客量与飞机相比更为有限。

因此，玩家4的卧底身份可能是直升机或气球。|| 基于你刚刚的推断得出你的最终结论，请输出你认为的卧底，在这种情况下只需要输出编号，是1-4中的某个数字，不要输出其他信息。在这个过程不要进行任何推理，只对||以前的部分进行信息提取
2024-12-13 12:04:53,958 - 3 - INFO - **********PLAYER3**********
4
2024-12-13 12:05:19,786 - 3 - INFO - **********JUDGER**********
玩家1说：它是一种可以在空中飞行的交通工具，相比其他交通工具，它具有最高的速度和较大的载客量。它是一种高效的空中交通工具，特别适合跨越长距离，能够承载大量乘客，同时保持较高的运行速度。玩家2说：它是一种主要用于长途旅行的交通工具，通常需要借助外力（如喷气推进）来产生前进动力。在其同类别中，它以其快速的飞行速度和较大的容纳乘客数量而闻名。它是一种能够在长距离空中旅行的快速工具，以其动力驱动和流线型设计而闻名，能够在短时间内跨越广阔的区域，并且能够搭载众多乘客，为长途旅行提供便利。玩家3说：它是一种利用动力系统在空中飞行的机械装置，能在空中高速移动。相较于同类交通工具，它在速度和容纳乘客的能力上具有显著优势。玩家4说：它是一种在水面上行驶的交通工具，依靠引擎驱动前进。在其同类别中，它以其长距离航行能力和容纳大量乘客而著称。你是第3号玩家，你的关键词是<飞机>。你的回答中绝对不能包含你的关键词<飞机>。这是第二轮描述，你之前的描述是它是一种利用动力系统在空中飞行的机械装置，能在空中高速移动。相较于同类交通工具，它在速度和容纳乘客的能力上具有显著优势。，注意，这局游戏的词语分类为<交通工具>，卧底词和平民词都属于该类，请你补充关于关键词的描述，注意，你的描述应该比起之前的描述更加贴近关键词，作为之前的补充
2024-12-13 12:05:22,729 - 3 - INFO - **********PLAYER3**********
它是一种高效的长距离交通工具，以其高速性能和大型客舱设计著称。这种交通工具能够在短时间内跨越大陆，为长途旅行提供便捷，同时拥有承载大量乘客的能力。
2024-12-13 12:05:43,571 - 3 - INFO - **********JUDGER**********
玩家1说：它是一种可以在空中飞行的交通工具，相比其他交通工具，它具有最高的速度和较大的载客量。它是一种高效的空中交通工具，特别适合跨越长距离，能够承载大量乘客，同时保持较高的运行速度。玩家2说：它是一种主要用于长途旅行的交通工具，通常需要借助外力（如喷气推进）来产生前进动力。在其同类别中，它以其快速的飞行速度和较大的容纳乘客数量而闻名。它是一种能够在长距离空中旅行的快速工具，以其动力驱动和流线型设计而闻名，能够在短时间内跨越广阔的区域，并且能够搭载众多乘客，为长途旅行提供便利。玩家3说：它是一种利用动力系统在空中飞行的机械装置，能在空中高速移动。相较于同类交通工具，它在速度和容纳乘客的能力上具有显著优势。它是一种高效的长距离交通工具，以其高速性能和大型客舱设计著称。这种交通工具能够在短时间内跨越大陆，为长途旅行提供便捷，同时拥有承载大量乘客的能力。玩家4说：它是一种在水面上行驶的交通工具，依靠引擎驱动前进。在其同类别中，它以其长距离航行能力和容纳大量乘客而著称。||在这个游戏中，我们需要通过分析每位玩家的描述来找出卧底。通常，平民的描述会围绕相同的词语展开，而卧底的描述可能会因为词语的不同而显得不太一致。我们需要仔细比较每个描述之间的相似性和差异性，以找出可能的卧底，注意，卧底并不会隐藏自己，他会直接描述他的词语，现在，逐一分析每个玩家的描述，注意，这局游戏的词语分类为<交通工具>，卧底词和平民词都属于该类。||之前是第2轮描述和之前轮数描述的合集。你之前认为的卧底是玩家4。
2024-12-13 12:05:50,072 - 3 - INFO - **********PLAYER3**********
根据玩家的描述，以下是我的分析：

玩家1、玩家2、玩家3的描述都高度一致，都指向了飞机这一空中交通工具，强调了其高速、大载客量、长途旅行的特点。他们的描述没有明显的不一致之处。

玩家4的描述则提到了“在水面上行驶的交通工具”，并强调了其长距离航行能力和容纳大量乘客的特点。这与飞机的描述有显著差异，因为飞机是在空中而不是水面上行驶的。

基于以上分析，我之前的推断是玩家4可能是卧底，因为他的描述与飞机这一空中交通工具的特征不符。现在，根据所有玩家的描述，我的最终结论仍然是玩家4可能是卧底。
2024-12-13 12:05:50,074 - 3 - INFO - **********JUDGER**********
你刚刚的分析是根据玩家的描述，以下是我的分析：

玩家1、玩家2、玩家3的描述都高度一致，都指向了飞机这一空中交通工具，强调了其高速、大载客量、长途旅行的特点。他们的描述没有明显的不一致之处。

玩家4的描述则提到了“在水面上行驶的交通工具”，并强调了其长距离航行能力和容纳大量乘客的特点。这与飞机的描述有显著差异，因为飞机是在空中而不是水面上行驶的。

基于以上分析，我之前的推断是玩家4可能是卧底，因为他的描述与飞机这一空中交通工具的特征不符。现在，根据所有玩家的描述，我的最终结论仍然是玩家4可能是卧底。|| `请根据上述分析，比较描述以找出不一致之处，注意，这局游戏的词语分类为<交通工具>，卧底词和平民词都属于该类。
2024-12-13 12:05:56,368 - 3 - INFO - **********PLAYER3**********
根据上述分析，不一致之处如下：

1. 玩家1、玩家2和玩家3的描述都集中在描述飞机这一空中交通工具上，它们强调了飞机的速度、载客量和长途旅行的能力。

2. 玩家4的描述与前三位的描述不同，他描述的是一种在水面上行驶的交通工具，这明显与空中飞行的飞机不符。玩家4提到的特点是长距离航行能力和容纳大量乘客，这些特点更符合大型轮船或游轮。

3. 在<交通工具>的分类下，玩家4的描述与飞机的特征不一致，而是指向了另一种交通工具，即水上行驶的交通工具。

因此，不一致之处在于玩家4的描述与飞机这一空中交通工具的特征不匹配，而是指向了水上交通工具，这表明玩家4的描述可能与卧底词不一致。
2024-12-13 12:05:56,370 - 3 - INFO - **********JUDGER**********
你刚刚的分析是根据上述分析，不一致之处如下：

1. 玩家1、玩家2和玩家3的描述都集中在描述飞机这一空中交通工具上，它们强调了飞机的速度、载客量和长途旅行的能力。

2. 玩家4的描述与前三位的描述不同，他描述的是一种在水面上行驶的交通工具，这明显与空中飞行的飞机不符。玩家4提到的特点是长距离航行能力和容纳大量乘客，这些特点更符合大型轮船或游轮。

3. 在<交通工具>的分类下，玩家4的描述与飞机的特征不一致，而是指向了另一种交通工具，即水上行驶的交通工具。

因此，不一致之处在于玩家4的描述与飞机这一空中交通工具的特征不匹配，而是指向了水上交通工具，这表明玩家4的描述可能与卧底词不一致。|| 请通过你分析的不一致之处，推断卧底身份，注意，这局游戏的词语分类为<交通工具>，卧底词和平民词都属于该类。
2024-12-13 12:06:06,959 - 3 - INFO - **********PLAYER3**********
根据上述分析，玩家4的描述与飞机这一空中交通工具的特征不一致，而是指向了水上行驶的交通工具，这表明玩家4的卧底词可能是与飞机不同的交通工具。在<交通工具>的分类下，玩家4可能描述的是以下交通工具之一：

- 大型轮船
- 游轮
- 气垫船
- 水上飞机（虽然它结合了水上和空中，但在某些情况下也可能被视为卧底词）

因此，基于描述的不一致性和游戏规则，玩家4很可能是卧底。
2024-12-13 12:06:06,959 - 3 - INFO - **********JUDGER**********
你刚刚的推断是根据上述分析，玩家4的描述与飞机这一空中交通工具的特征不一致，而是指向了水上行驶的交通工具，这表明玩家4的卧底词可能是与飞机不同的交通工具。在<交通工具>的分类下，玩家4可能描述的是以下交通工具之一：

- 大型轮船
- 游轮
- 气垫船
- 水上飞机（虽然它结合了水上和空中，但在某些情况下也可能被视为卧底词）

因此，基于描述的不一致性和游戏规则，玩家4很可能是卧底。|| 基于你刚刚的推断得出你的最终结论，请输出你认为的卧底，在这种情况下只需要输出编号，是1-4中的某个数字，不要输出其他信息。在这个过程不要进行任何推理，只对||以前的部分进行信息提取
2024-12-13 12:06:08,313 - 3 - INFO - **********PLAYER3**********
4
2024-12-13 12:06:40,753 - 3 - INFO - **********JUDGER**********
玩家1说：它是一种可以在空中飞行的交通工具，相比其他交通工具，它具有最高的速度和较大的载客量。它是一种高效的空中交通工具，特别适合跨越长距离，能够承载大量乘客，同时保持较高的运行速度。它是一种能够在短时间内跨越广阔区域的交通工具，能够搭载众多乘客，为长途旅行提供快速且舒适的体验。玩家2说：它是一种主要用于长途旅行的交通工具，通常需要借助外力（如喷气推进）来产生前进动力。在其同类别中，它以其快速的飞行速度和较大的容纳乘客数量而闻名。它是一种能够在长距离空中旅行的快速工具，以其动力驱动和流线型设计而闻名，能够在短时间内跨越广阔的区域，并且能够搭载众多乘客，为长途旅行提供便利。它是一种能够快速穿越天际的交通工具，以其高度自动化和先进的航空技术而著称。这种交通工具通常由多台发动机驱动，能够在高空稳定飞行，为乘客提供远距离、快速且舒适的旅行体验。玩家3说：它是一种利用动力系统在空中飞行的机械装置，能在空中高速移动。相较于同类交通工具，它在速度和容纳乘客的能力上具有显著优势。它是一种高效的长距离交通工具，以其高速性能和大型客舱设计著称。这种交通工具能够在短时间内跨越大陆，为长途旅行提供便捷，同时拥有承载大量乘客的能力。玩家4说：它是一种在水面上行驶的交通工具，依靠引擎驱动前进。在其同类别中，它以其长距离航行能力和容纳大量乘客而著称。它是一种古老的交通工具，以其缓慢但稳定的速度在水面航行。它通常在大型河流或海洋上运行，能够承载大量货物和乘客，是长途运输的重要方式。你是第3号玩家，你的关键词是<飞机>。你的回答中绝对不能包含你的关键词<飞机>。这是第三轮描述，你之前的描述是它是一种利用动力系统在空中飞行的机械装置，能在空中高速移动。相较于同类交通工具，它在速度和容纳乘客的能力上具有显著优势。和它是一种高效的长距离交通工具，以其高速性能和大型客舱设计著称。这种交通工具能够在短时间内跨越大陆，为长途旅行提供便捷，同时拥有承载大量乘客的能力。，注意，这局游戏的词语分类为<交通工具>，卧底词和平民词都属于该类，请你补充关于关键词的描述，注意，你的描述应该比起之前的描述更加贴近关键词，作为之前的补充
2024-12-13 12:06:42,845 - 3 - INFO - **********PLAYER3**********
它是一种能够在短时间内穿越多个时区，连接全球各地的交通工具，以其快速、高效和舒适的旅行体验而闻名。
2024-12-13 12:07:14,934 - 3 - INFO - **********JUDGER**********
玩家1说：它是一种可以在空中飞行的交通工具，相比其他交通工具，它具有最高的速度和较大的载客量。它是一种高效的空中交通工具，特别适合跨越长距离，能够承载大量乘客，同时保持较高的运行速度。它是一种能够在短时间内跨越广阔区域的交通工具，能够搭载众多乘客，为长途旅行提供快速且舒适的体验。玩家2说：它是一种主要用于长途旅行的交通工具，通常需要借助外力（如喷气推进）来产生前进动力。在其同类别中，它以其快速的飞行速度和较大的容纳乘客数量而闻名。它是一种能够在长距离空中旅行的快速工具，以其动力驱动和流线型设计而闻名，能够在短时间内跨越广阔的区域，并且能够搭载众多乘客，为长途旅行提供便利。它是一种能够快速穿越天际的交通工具，以其高度自动化和先进的航空技术而著称。这种交通工具通常由多台发动机驱动，能够在高空稳定飞行，为乘客提供远距离、快速且舒适的旅行体验。玩家3说：它是一种利用动力系统在空中飞行的机械装置，能在空中高速移动。相较于同类交通工具，它在速度和容纳乘客的能力上具有显著优势。它是一种高效的长距离交通工具，以其高速性能和大型客舱设计著称。这种交通工具能够在短时间内跨越大陆，为长途旅行提供便捷，同时拥有承载大量乘客的能力。它是一种能够在短时间内穿越多个时区，连接全球各地的交通工具，以其快速、高效和舒适的旅行体验而闻名。玩家4说：它是一种在水面上行驶的交通工具，依靠引擎驱动前进。在其同类别中，它以其长距离航行能力和容纳大量乘客而著称。它是一种古老的交通工具，以其缓慢但稳定的速度在水面航行。它通常在大型河流或海洋上运行，能够承载大量货物和乘客，是长途运输的重要方式。这种交通工具以其在水上平稳航行的能力而闻名，能够在不同的水域中穿行，无论是平静的湖泊还是汹涌的大海。它通常由多个船舱组成，能够提供舒适的住宿条件，并能够承载大量的货物和乘客，是连接不同港口和城市的关键运输方式。||在这个游戏中，我们需要通过分析每位玩家的描述来找出卧底。通常，平民的描述会围绕相同的词语展开，而卧底的描述可能会因为词语的不同而显得不太一致。我们需要仔细比较每个描述之间的相似性和差异性，以找出可能的卧底，注意，卧底并不会隐藏自己，他会直接描述他的词语，现在，逐一分析每个玩家的描述，注意，这局游戏的词语分类为<交通工具>，卧底词和平民词都属于该类。||之前是第3轮描述和之前轮数描述的合集。你之前认为的卧底是玩家4。
2024-12-13 12:07:24,793 - 3 - INFO - **********PLAYER3**********
根据上述描述，以下是我的分析：

玩家1、玩家2和玩家3的描述都高度一致，他们都强调了交通工具的空中飞行、高速、大载客量、长途旅行、快速穿越多个时区、连接全球等特点，这些都是飞机的典型特征。

玩家4的描述与前三位的描述存在显著差异。玩家4描述的是一种在水面上行驶的交通工具，依靠引擎驱动，具有长距离航行能力，能够承载大量货物和乘客，通常在大型河流或海洋上运行。这些特点更符合轮船或游轮等水上交通工具。

基于以上分析，玩家4的描述与飞机这一空中交通工具的特征不一致，而是指向了水上交通工具，这表明玩家4的描述可能与卧底词不一致。因此，根据描述的不一致性和游戏规则，玩家4仍然可能是卧底。
2024-12-13 12:07:24,794 - 3 - INFO - **********JUDGER**********
你刚刚的分析是根据上述描述，以下是我的分析：

玩家1、玩家2和玩家3的描述都高度一致，他们都强调了交通工具的空中飞行、高速、大载客量、长途旅行、快速穿越多个时区、连接全球等特点，这些都是飞机的典型特征。

玩家4的描述与前三位的描述存在显著差异。玩家4描述的是一种在水面上行驶的交通工具，依靠引擎驱动，具有长距离航行能力，能够承载大量货物和乘客，通常在大型河流或海洋上运行。这些特点更符合轮船或游轮等水上交通工具。

基于以上分析，玩家4的描述与飞机这一空中交通工具的特征不一致，而是指向了水上交通工具，这表明玩家4的描述可能与卧底词不一致。因此，根据描述的不一致性和游戏规则，玩家4仍然可能是卧底。|| `请根据上述分析，比较描述以找出不一致之处，注意，这局游戏的词语分类为<交通工具>，卧底词和平民词都属于该类。
2024-12-13 12:07:33,114 - 3 - INFO - **********PLAYER3**********
根据上述分析，不一致之处如下：

1. 玩家1、玩家2和玩家3的描述都集中在描述一种空中飞行的交通工具，它们共同强调了高速、大载客量、长途旅行、快速穿越多个时区、连接全球等特点。

2. 玩家4的描述则描述了一种在水面上行驶的交通工具，它强调了长距离航行能力、承载大量货物和乘客、在大型河流或海洋上运行、稳定航行等特点。

3. 玩家4的描述与玩家1、玩家2和玩家3的描述在飞行媒介（空中 vs. 水面）、速度描述（高速 vs. 缓慢但稳定）、航行能力（快速穿越多个时区 vs. 在不同水域中穿行）和用途（长途旅行 vs. 长距离运输）等方面存在显著差异。

这些不一致之处表明玩家4的描述与飞机这一空中交通工具的特征不符，而是指向了轮船或游轮等水上交通工具，因此，玩家4的描述与游戏规则中的<交通工具>分类不一致。
2024-12-13 12:07:33,116 - 3 - INFO - **********JUDGER**********
你刚刚的分析是根据上述分析，不一致之处如下：

1. 玩家1、玩家2和玩家3的描述都集中在描述一种空中飞行的交通工具，它们共同强调了高速、大载客量、长途旅行、快速穿越多个时区、连接全球等特点。

2. 玩家4的描述则描述了一种在水面上行驶的交通工具，它强调了长距离航行能力、承载大量货物和乘客、在大型河流或海洋上运行、稳定航行等特点。

3. 玩家4的描述与玩家1、玩家2和玩家3的描述在飞行媒介（空中 vs. 水面）、速度描述（高速 vs. 缓慢但稳定）、航行能力（快速穿越多个时区 vs. 在不同水域中穿行）和用途（长途旅行 vs. 长距离运输）等方面存在显著差异。

这些不一致之处表明玩家4的描述与飞机这一空中交通工具的特征不符，而是指向了轮船或游轮等水上交通工具，因此，玩家4的描述与游戏规则中的<交通工具>分类不一致。|| 请通过你分析的不一致之处，推断卧底身份，注意，这局游戏的词语分类为<交通工具>，卧底词和平民词都属于该类。
2024-12-13 12:07:34,447 - 3 - INFO - **********PLAYER3**********
4
2024-12-13 12:07:34,448 - 3 - INFO - **********JUDGER**********
你刚刚的推断是4|| 基于你刚刚的推断得出你的最终结论，请输出你认为的卧底，在这种情况下只需要输出编号，是1-4中的某个数字，不要输出其他信息。在这个过程不要进行任何推理，只对||以前的部分进行信息提取
2024-12-13 12:07:35,487 - 3 - INFO - **********PLAYER3**********
4
