2024-12-13 12:03:34,144 - 4 - INFO - **********JUDGER**********
让我们来玩一个叫做<谁是卧底>的推理游戏。基本规则：<人数>：4人。<角色分配>：每位玩家随机抽取一个词语，3名玩家拿到的词语是相同的（平民词），1名玩家拿到与之相近但不同的词语（卧底词）。<游戏流程>：1、玩家轮流描述自己的词语，但<不能>直接说出词语本身。2、描述完毕后，投票选出最像卧底的玩家。3、每轮结束后，被投票选出的玩家出局，不能再进行描述或投票。4、每轮投票结束后，如果卧底被成功找出，平民方获胜；如果卧底未被找出且卧底人数等于或超过平民人数，则卧底方获胜。你将扮演一个<玩家>，请等待你被分配到的关键词。如果你听懂了，只回答，"好的，我准备好参加游戏了"，不要输出别的信息
2024-12-13 12:03:34,731 - 4 - INFO - **********PLAYER4**********
好的，我准备好参加游戏了
2024-12-13 12:03:39,971 - 4 - INFO - **********JUDGER**********
玩家1说：它是一种可以在空中飞行的交通工具，相比其他交通工具，它具有最高的速度和较大的载客量。玩家2说：它是一种主要用于长途旅行的交通工具，通常需要借助外力（如喷气推进）来产生前进动力。在其同类别中，它以其快速的飞行速度和较大的容纳乘客数量而闻名。玩家3说：它是一种利用动力系统在空中飞行的机械装置，能在空中高速移动。相较于同类交通工具，它在速度和容纳乘客的能力上具有显著优势。玩家4说：|| 你是第4号玩家，你的关键词是<轮船>。你的回答中绝对不能包含你的关键词<轮船>。这是第一轮描述，不需要分析||之前别的玩家的描述，请你描述关键词基本特征，注意，这局游戏的词语分类为<交通工具>，卧底词和平民词都属于该类，描述包括以下两点，1.他的基本特征是什么2.他在该类（交通工具）中最突出不同的特征是什么，尽量简短
2024-12-13 12:03:43,562 - 4 - INFO - **********PLAYER4**********
它是一种在水面上行驶的交通工具，依靠引擎驱动前进。在其同类别中，它以其长距离航行能力和容纳大量乘客而著称。
2024-12-13 12:04:53,973 - 4 - INFO - **********JUDGER**********
玩家1说：它是一种可以在空中飞行的交通工具，相比其他交通工具，它具有最高的速度和较大的载客量。玩家2说：它是一种主要用于长途旅行的交通工具，通常需要借助外力（如喷气推进）来产生前进动力。在其同类别中，它以其快速的飞行速度和较大的容纳乘客数量而闻名。玩家3说：它是一种利用动力系统在空中飞行的机械装置，能在空中高速移动。相较于同类交通工具，它在速度和容纳乘客的能力上具有显著优势。玩家4说：||在这个游戏中，我们需要通过分析每位玩家的描述来找出卧底。通常，平民的描述会围绕相同的词语展开，而卧底的描述可能会因为词语的不同而显得不太一致。我们需要仔细比较每个描述之间的相似性和差异性，以找出可能的卧底，注意，卧底并不会隐藏自己，他会直接描述他的词语，现在，逐一分析每个玩家的描述，注意，这局游戏的词语分类为<交通工具>，卧底词和平民词都属于该类。这是第一轮描述。
2024-12-13 12:05:00,755 - 4 - INFO - **********PLAYER4**********
玩家1的描述提到了“空中飞行”、“最高速度”和“较大载客量”，这指向了飞机。

玩家2的描述提到了“长途旅行”、“喷气推进”和“快速飞行速度”，这也指向了飞机。

玩家3的描述提到了“空中飞行”、“动力系统”和“高速移动”，这同样指向了飞机。

玩家4的描述没有提供足够的信息来确定是飞机还是其他交通工具，因为没有提到飞机的特征，如空中飞行、速度或载客量。

由于玩家1、2和3的描述都指向了飞机，而玩家4的描述没有明确指向飞机，玩家4可能是卧底，因为他的描述与飞机的主要特征不符。不过，这只是一个初步的分析，还需要继续观察后续的描述来确认。
2024-12-13 12:05:00,756 - 4 - INFO - **********JUDGER**********
你刚刚的分析是玩家1的描述提到了“空中飞行”、“最高速度”和“较大载客量”，这指向了飞机。

玩家2的描述提到了“长途旅行”、“喷气推进”和“快速飞行速度”，这也指向了飞机。

玩家3的描述提到了“空中飞行”、“动力系统”和“高速移动”，这同样指向了飞机。

玩家4的描述没有提供足够的信息来确定是飞机还是其他交通工具，因为没有提到飞机的特征，如空中飞行、速度或载客量。

由于玩家1、2和3的描述都指向了飞机，而玩家4的描述没有明确指向飞机，玩家4可能是卧底，因为他的描述与飞机的主要特征不符。不过，这只是一个初步的分析，还需要继续观察后续的描述来确认。|| `请根据上述分析，比较描述以找出不一致之处，注意，这局游戏的词语分类为<交通工具>，卧底词和平民词都属于该类。
2024-12-13 12:05:07,608 - 4 - INFO - **********PLAYER4**********
根据上述分析，我们可以看到以下不一致之处：

1. 玩家1、2和3的描述都集中在飞机的特点上，如空中飞行、高速、载客量等。这些描述都指向了飞机这一交通工具。

2. 玩家4的描述没有提到飞机的关键特征，如空中飞行、速度或载客量。这与其他三位玩家的描述形成了对比。

不一致之处在于，玩家4的描述没有体现出飞机的典型特征，而其他三位玩家的描述则非常符合飞机这一交通工具的描述。这可能是玩家4作为卧底，试图通过不明显的描述来隐藏自己的真实身份。因此，玩家4的描述与其他玩家的描述不一致，这可能是我们寻找卧底的关键线索。
2024-12-13 12:05:07,613 - 4 - INFO - **********JUDGER**********
你刚刚的分析是根据上述分析，我们可以看到以下不一致之处：

1. 玩家1、2和3的描述都集中在飞机的特点上，如空中飞行、高速、载客量等。这些描述都指向了飞机这一交通工具。

2. 玩家4的描述没有提到飞机的关键特征，如空中飞行、速度或载客量。这与其他三位玩家的描述形成了对比。

不一致之处在于，玩家4的描述没有体现出飞机的典型特征，而其他三位玩家的描述则非常符合飞机这一交通工具的描述。这可能是玩家4作为卧底，试图通过不明显的描述来隐藏自己的真实身份。因此，玩家4的描述与其他玩家的描述不一致，这可能是我们寻找卧底的关键线索。|| 请通过你分析的不一致之处，推断卧底身份，注意，这局游戏的词语分类为<交通工具>，卧底词和平民词都属于该类。
2024-12-13 12:05:13,990 - 4 - INFO - **********PLAYER4**********
根据分析的不一致之处，可以推断以下可能性：

1. 玩家4可能是卧底，因为他的描述没有提到“空中飞行”、“高速”或“载客量”等飞机的关键特征。这与其他三位玩家描述的飞机特征形成鲜明对比。

2. 由于游戏规则中提到卧底词和平民词都属于<交通工具>类别，而玩家4的描述没有明确指向飞机，这可能意味着他的词语是另一种交通工具，与飞机有相似之处但又不完全相同。

3. 可能的卧底词包括但不限于以下交通工具：轮船、火车、地铁、汽车等。这些交通工具虽然也可以是长途旅行工具，但它们不涉及空中飞行这一关键特征。

因此，结合以上分析，玩家4的卧底身份很可能是指向了与飞机不同类别的交通工具。具体是哪一种，需要更多的描述和推理来确定。
2024-12-13 12:05:13,994 - 4 - INFO - **********JUDGER**********
你刚刚的推断是根据分析的不一致之处，可以推断以下可能性：

1. 玩家4可能是卧底，因为他的描述没有提到“空中飞行”、“高速”或“载客量”等飞机的关键特征。这与其他三位玩家描述的飞机特征形成鲜明对比。

2. 由于游戏规则中提到卧底词和平民词都属于<交通工具>类别，而玩家4的描述没有明确指向飞机，这可能意味着他的词语是另一种交通工具，与飞机有相似之处但又不完全相同。

3. 可能的卧底词包括但不限于以下交通工具：轮船、火车、地铁、汽车等。这些交通工具虽然也可以是长途旅行工具，但它们不涉及空中飞行这一关键特征。

因此，结合以上分析，玩家4的卧底身份很可能是指向了与飞机不同类别的交通工具。具体是哪一种，需要更多的描述和推理来确定。|| 基于你刚刚的推断得出你的最终结论，请输出你认为的卧底，在这种情况下只需要输出编号，是1-4中的某个数字，不要输出其他信息。在这个过程不要进行任何推理，只对||以前的部分进行信息提取
2024-12-13 12:05:14,868 - 4 - INFO - **********PLAYER4**********
4
2024-12-13 12:05:22,732 - 4 - INFO - **********JUDGER**********
玩家1说：它是一种可以在空中飞行的交通工具，相比其他交通工具，它具有最高的速度和较大的载客量。它是一种高效的空中交通工具，特别适合跨越长距离，能够承载大量乘客，同时保持较高的运行速度。玩家2说：它是一种主要用于长途旅行的交通工具，通常需要借助外力（如喷气推进）来产生前进动力。在其同类别中，它以其快速的飞行速度和较大的容纳乘客数量而闻名。它是一种能够在长距离空中旅行的快速工具，以其动力驱动和流线型设计而闻名，能够在短时间内跨越广阔的区域，并且能够搭载众多乘客，为长途旅行提供便利。玩家3说：它是一种利用动力系统在空中飞行的机械装置，能在空中高速移动。相较于同类交通工具，它在速度和容纳乘客的能力上具有显著优势。它是一种高效的长距离交通工具，以其高速性能和大型客舱设计著称。这种交通工具能够在短时间内跨越大陆，为长途旅行提供便捷，同时拥有承载大量乘客的能力。玩家4说：它是一种在水面上行驶的交通工具，依靠引擎驱动前进。在其同类别中，它以其长距离航行能力和容纳大量乘客而著称。你是第4号玩家，你的关键词是<轮船>。你的回答中绝对不能包含你的关键词<轮船>。这是第二轮描述，你之前的描述是它是一种在水面上行驶的交通工具，依靠引擎驱动前进。在其同类别中，它以其长距离航行能力和容纳大量乘客而著称。，注意，这局游戏的词语分类为<交通工具>，卧底词和平民词都属于该类，请你补充关于关键词的描述，注意，你的描述应该比起之前的描述更加贴近关键词，作为之前的补充
2024-12-13 12:05:24,809 - 4 - INFO - **********PLAYER4**********
它是一种古老的交通工具，以其缓慢但稳定的速度在水面航行。它通常在大型河流或海洋上运行，能够承载大量货物和乘客，是长途运输的重要方式。
2024-12-13 12:06:08,315 - 4 - INFO - **********JUDGER**********
玩家1说：它是一种可以在空中飞行的交通工具，相比其他交通工具，它具有最高的速度和较大的载客量。它是一种高效的空中交通工具，特别适合跨越长距离，能够承载大量乘客，同时保持较高的运行速度。玩家2说：它是一种主要用于长途旅行的交通工具，通常需要借助外力（如喷气推进）来产生前进动力。在其同类别中，它以其快速的飞行速度和较大的容纳乘客数量而闻名。它是一种能够在长距离空中旅行的快速工具，以其动力驱动和流线型设计而闻名，能够在短时间内跨越广阔的区域，并且能够搭载众多乘客，为长途旅行提供便利。玩家3说：它是一种利用动力系统在空中飞行的机械装置，能在空中高速移动。相较于同类交通工具，它在速度和容纳乘客的能力上具有显著优势。它是一种高效的长距离交通工具，以其高速性能和大型客舱设计著称。这种交通工具能够在短时间内跨越大陆，为长途旅行提供便捷，同时拥有承载大量乘客的能力。玩家4说：它是一种在水面上行驶的交通工具，依靠引擎驱动前进。在其同类别中，它以其长距离航行能力和容纳大量乘客而著称。||在这个游戏中，我们需要通过分析每位玩家的描述来找出卧底。通常，平民的描述会围绕相同的词语展开，而卧底的描述可能会因为词语的不同而显得不太一致。我们需要仔细比较每个描述之间的相似性和差异性，以找出可能的卧底，注意，卧底并不会隐藏自己，他会直接描述他的词语，现在，逐一分析每个玩家的描述，注意，这局游戏的词语分类为<交通工具>，卧底词和平民词都属于该类。||之前是第2轮描述和之前轮数描述的合集。你之前认为的卧底是玩家4。
2024-12-13 12:06:14,136 - 4 - INFO - **********PLAYER4**********
根据第二轮描述和之前的分析，玩家4的描述仍然没有提到“空中飞行”、“高速”或“载客量”等飞机的关键特征，这与玩家1、2和3的描述形成了对比。然而，玩家4的描述提到了“在水面上行驶的交通工具”和“长距离航行能力”，这更符合轮船的特点。

由于所有玩家的描述都集中在交通工具这一类别，且玩家4的描述与飞机的关键特征不一致，而更接近轮船的特点，因此我仍然认为玩家4是卧底。他的关键词很可能是轮船。
2024-12-13 12:06:14,139 - 4 - INFO - **********JUDGER**********
你刚刚的分析是根据第二轮描述和之前的分析，玩家4的描述仍然没有提到“空中飞行”、“高速”或“载客量”等飞机的关键特征，这与玩家1、2和3的描述形成了对比。然而，玩家4的描述提到了“在水面上行驶的交通工具”和“长距离航行能力”，这更符合轮船的特点。

由于所有玩家的描述都集中在交通工具这一类别，且玩家4的描述与飞机的关键特征不一致，而更接近轮船的特点，因此我仍然认为玩家4是卧底。他的关键词很可能是轮船。|| `请根据上述分析，比较描述以找出不一致之处，注意，这局游戏的词语分类为<交通工具>，卧底词和平民词都属于该类。
2024-12-13 12:06:27,226 - 4 - INFO - **********PLAYER4**********
根据上述分析，不一致之处如下：

1. 玩家1、2和3的描述都集中在飞机的特点上，强调空中飞行、高速和载客量，这些特征都与飞机的属性相符。

2. 玩家4的描述则提到了“在水面上行驶的交通工具”和“长距离航行能力”，这些特征与飞机不同，更符合轮船的特点。

3. 玩家4的描述中没有提及任何与空中飞行、高速或载客量相关的词汇，而这是玩家1、2和3描述中的共同点。

4. 玩家4的描述中提到的“依靠引擎驱动前进”与飞机的描述相符，但整体上，他的描述更多地指向了水上的交通工具，而不是空中飞行。

因此，不一致之处在于玩家4的描述与飞机的典型特征不符，更偏向于描述轮船，这与其他三位玩家描述的飞机特征不一致。
2024-12-13 12:06:27,228 - 4 - INFO - **********JUDGER**********
你刚刚的分析是根据上述分析，不一致之处如下：

1. 玩家1、2和3的描述都集中在飞机的特点上，强调空中飞行、高速和载客量，这些特征都与飞机的属性相符。

2. 玩家4的描述则提到了“在水面上行驶的交通工具”和“长距离航行能力”，这些特征与飞机不同，更符合轮船的特点。

3. 玩家4的描述中没有提及任何与空中飞行、高速或载客量相关的词汇，而这是玩家1、2和3描述中的共同点。

4. 玩家4的描述中提到的“依靠引擎驱动前进”与飞机的描述相符，但整体上，他的描述更多地指向了水上的交通工具，而不是空中飞行。

因此，不一致之处在于玩家4的描述与飞机的典型特征不符，更偏向于描述轮船，这与其他三位玩家描述的飞机特征不一致。|| 请通过你分析的不一致之处，推断卧底身份，注意，这局游戏的词语分类为<交通工具>，卧底词和平民词都属于该类。
2024-12-13 12:06:34,705 - 4 - INFO - **********PLAYER4**********
根据上述分析，我们可以推断出以下结论：

- 玩家1、2和3的描述都指向了飞机这一交通工具，强调了其空中飞行、高速和载客量等特点。
- 玩家4的描述没有明确提到飞机的特征，而是提到了“在水面上行驶的交通工具”和“长距离航行能力”，这些特点更符合轮船。
- 玩家4的描述中也没有提到“空中飞行”、“高速”或“载客量”等与飞机相关的词汇，而是强调了水面上行驶和长距离航行。

由于这局游戏的词语分类为<交通工具>，且卧底词和平民词都属于该类，而玩家4的描述与飞机的关键特征不一致，反而更符合轮船的特点，因此我们可以推断玩家4是卧底，他的关键词很可能是轮船。
2024-12-13 12:06:34,706 - 4 - INFO - **********JUDGER**********
你刚刚的推断是根据上述分析，我们可以推断出以下结论：

- 玩家1、2和3的描述都指向了飞机这一交通工具，强调了其空中飞行、高速和载客量等特点。
- 玩家4的描述没有明确提到飞机的特征，而是提到了“在水面上行驶的交通工具”和“长距离航行能力”，这些特点更符合轮船。
- 玩家4的描述中也没有提到“空中飞行”、“高速”或“载客量”等与飞机相关的词汇，而是强调了水面上行驶和长距离航行。

由于这局游戏的词语分类为<交通工具>，且卧底词和平民词都属于该类，而玩家4的描述与飞机的关键特征不一致，反而更符合轮船的特点，因此我们可以推断玩家4是卧底，他的关键词很可能是轮船。|| 基于你刚刚的推断得出你的最终结论，请输出你认为的卧底，在这种情况下只需要输出编号，是1-4中的某个数字，不要输出其他信息。在这个过程不要进行任何推理，只对||以前的部分进行信息提取
2024-12-13 12:06:35,609 - 4 - INFO - **********PLAYER4**********
4
2024-12-13 12:06:42,846 - 4 - INFO - **********JUDGER**********
玩家1说：它是一种可以在空中飞行的交通工具，相比其他交通工具，它具有最高的速度和较大的载客量。它是一种高效的空中交通工具，特别适合跨越长距离，能够承载大量乘客，同时保持较高的运行速度。它是一种能够在短时间内跨越广阔区域的交通工具，能够搭载众多乘客，为长途旅行提供快速且舒适的体验。玩家2说：它是一种主要用于长途旅行的交通工具，通常需要借助外力（如喷气推进）来产生前进动力。在其同类别中，它以其快速的飞行速度和较大的容纳乘客数量而闻名。它是一种能够在长距离空中旅行的快速工具，以其动力驱动和流线型设计而闻名，能够在短时间内跨越广阔的区域，并且能够搭载众多乘客，为长途旅行提供便利。它是一种能够快速穿越天际的交通工具，以其高度自动化和先进的航空技术而著称。这种交通工具通常由多台发动机驱动，能够在高空稳定飞行，为乘客提供远距离、快速且舒适的旅行体验。玩家3说：它是一种利用动力系统在空中飞行的机械装置，能在空中高速移动。相较于同类交通工具，它在速度和容纳乘客的能力上具有显著优势。它是一种高效的长距离交通工具，以其高速性能和大型客舱设计著称。这种交通工具能够在短时间内跨越大陆，为长途旅行提供便捷，同时拥有承载大量乘客的能力。它是一种能够在短时间内穿越多个时区，连接全球各地的交通工具，以其快速、高效和舒适的旅行体验而闻名。玩家4说：它是一种在水面上行驶的交通工具，依靠引擎驱动前进。在其同类别中，它以其长距离航行能力和容纳大量乘客而著称。它是一种古老的交通工具，以其缓慢但稳定的速度在水面航行。它通常在大型河流或海洋上运行，能够承载大量货物和乘客，是长途运输的重要方式。你是第4号玩家，你的关键词是<轮船>。你的回答中绝对不能包含你的关键词<轮船>。这是第三轮描述，你之前的描述是它是一种在水面上行驶的交通工具，依靠引擎驱动前进。在其同类别中，它以其长距离航行能力和容纳大量乘客而著称。和它是一种古老的交通工具，以其缓慢但稳定的速度在水面航行。它通常在大型河流或海洋上运行，能够承载大量货物和乘客，是长途运输的重要方式。，注意，这局游戏的词语分类为<交通工具>，卧底词和平民词都属于该类，请你补充关于关键词的描述，注意，你的描述应该比起之前的描述更加贴近关键词，作为之前的补充
2024-12-13 12:06:49,567 - 4 - INFO - **********PLAYER4**********
玩家1、2和3的描述都指向了飞机，这是一个高度一致的特征，表明他们可能是平民。而玩家4的描述没有提到飞机的特征，这可能是卧底的一个线索。玩家4的描述更接近于轮船，这可能意味着他是卧底。不过，这只是一个初步的分析，还需要更多的信息来确定卧底的身份。在接下来的游戏中，我们需要继续观察每位玩家的描述，以便更准确地判断谁是卧底。
2024-12-13 12:06:49,567 - 4 - INFO - **********JUDGER**********
玩家1说：它是一种可以在空中飞行的交通工具，相比其他交通工具，它具有最高的速度和较大的载客量。它是一种高效的空中交通工具，特别适合跨越长距离，能够承载大量乘客，同时保持较高的运行速度。它是一种能够在短时间内跨越广阔区域的交通工具，能够搭载众多乘客，为长途旅行提供快速且舒适的体验。玩家2说：它是一种主要用于长途旅行的交通工具，通常需要借助外力（如喷气推进）来产生前进动力。在其同类别中，它以其快速的飞行速度和较大的容纳乘客数量而闻名。它是一种能够在长距离空中旅行的快速工具，以其动力驱动和流线型设计而闻名，能够在短时间内跨越广阔的区域，并且能够搭载众多乘客，为长途旅行提供便利。它是一种能够快速穿越天际的交通工具，以其高度自动化和先进的航空技术而著称。这种交通工具通常由多台发动机驱动，能够在高空稳定飞行，为乘客提供远距离、快速且舒适的旅行体验。玩家3说：它是一种利用动力系统在空中飞行的机械装置，能在空中高速移动。相较于同类交通工具，它在速度和容纳乘客的能力上具有显著优势。它是一种高效的长距离交通工具，以其高速性能和大型客舱设计著称。这种交通工具能够在短时间内跨越大陆，为长途旅行提供便捷，同时拥有承载大量乘客的能力。它是一种能够在短时间内穿越多个时区，连接全球各地的交通工具，以其快速、高效和舒适的旅行体验而闻名。玩家4说：它是一种在水面上行驶的交通工具，依靠引擎驱动前进。在其同类别中，它以其长距离航行能力和容纳大量乘客而著称。它是一种古老的交通工具，以其缓慢但稳定的速度在水面航行。它通常在大型河流或海洋上运行，能够承载大量货物和乘客，是长途运输的重要方式。你是第4号玩家，你的关键词是<轮船>。你的回答中绝对不能包含你的关键词<轮船>。这是第三轮描述，你之前的描述是它是一种在水面上行驶的交通工具，依靠引擎驱动前进。在其同类别中，它以其长距离航行能力和容纳大量乘客而著称。和它是一种古老的交通工具，以其缓慢但稳定的速度在水面航行。它通常在大型河流或海洋上运行，能够承载大量货物和乘客，是长途运输的重要方式。，注意，这局游戏的词语分类为<交通工具>，卧底词和平民词都属于该类，请你补充关于关键词的描述，注意，你的描述应该比起之前的描述更加贴近关键词，作为之前的补充
2024-12-13 12:06:53,481 - 4 - INFO - **********PLAYER4**********
这种交通工具以其在水上平稳航行的能力而闻名，能够在不同的水域中穿行，无论是平静的湖泊还是汹涌的大海。它通常由多个船舱组成，能够提供舒适的住宿条件，并能够承载大量的货物和乘客，是连接不同港口和城市的关键运输方式。
2024-12-13 12:07:35,489 - 4 - INFO - **********JUDGER**********
玩家1说：它是一种可以在空中飞行的交通工具，相比其他交通工具，它具有最高的速度和较大的载客量。它是一种高效的空中交通工具，特别适合跨越长距离，能够承载大量乘客，同时保持较高的运行速度。它是一种能够在短时间内跨越广阔区域的交通工具，能够搭载众多乘客，为长途旅行提供快速且舒适的体验。玩家2说：它是一种主要用于长途旅行的交通工具，通常需要借助外力（如喷气推进）来产生前进动力。在其同类别中，它以其快速的飞行速度和较大的容纳乘客数量而闻名。它是一种能够在长距离空中旅行的快速工具，以其动力驱动和流线型设计而闻名，能够在短时间内跨越广阔的区域，并且能够搭载众多乘客，为长途旅行提供便利。它是一种能够快速穿越天际的交通工具，以其高度自动化和先进的航空技术而著称。这种交通工具通常由多台发动机驱动，能够在高空稳定飞行，为乘客提供远距离、快速且舒适的旅行体验。玩家3说：它是一种利用动力系统在空中飞行的机械装置，能在空中高速移动。相较于同类交通工具，它在速度和容纳乘客的能力上具有显著优势。它是一种高效的长距离交通工具，以其高速性能和大型客舱设计著称。这种交通工具能够在短时间内跨越大陆，为长途旅行提供便捷，同时拥有承载大量乘客的能力。它是一种能够在短时间内穿越多个时区，连接全球各地的交通工具，以其快速、高效和舒适的旅行体验而闻名。玩家4说：它是一种在水面上行驶的交通工具，依靠引擎驱动前进。在其同类别中，它以其长距离航行能力和容纳大量乘客而著称。它是一种古老的交通工具，以其缓慢但稳定的速度在水面航行。它通常在大型河流或海洋上运行，能够承载大量货物和乘客，是长途运输的重要方式。这种交通工具以其在水上平稳航行的能力而闻名，能够在不同的水域中穿行，无论是平静的湖泊还是汹涌的大海。它通常由多个船舱组成，能够提供舒适的住宿条件，并能够承载大量的货物和乘客，是连接不同港口和城市的关键运输方式。||在这个游戏中，我们需要通过分析每位玩家的描述来找出卧底。通常，平民的描述会围绕相同的词语展开，而卧底的描述可能会因为词语的不同而显得不太一致。我们需要仔细比较每个描述之间的相似性和差异性，以找出可能的卧底，注意，卧底并不会隐藏自己，他会直接描述他的词语，现在，逐一分析每个玩家的描述，注意，这局游戏的词语分类为<交通工具>，卧底词和平民词都属于该类。||之前是第3轮描述和之前轮数描述的合集。你之前认为的卧底是玩家4。
2024-12-13 12:07:46,314 - 4 - INFO - **********PLAYER4**********
根据第三轮描述和之前的分析，以下是对每位玩家描述的逐一分析：

1. 玩家1的描述与飞机的特征高度一致，强调了空中飞行、高速、载客量和长途旅行的特点。

2. 玩家2的描述也指向了飞机，提到了长途旅行、喷气推进、快速飞行速度和容纳乘客数量。

3. 玩家3的描述同样指向了飞机，强调了空中飞行、高速移动、长距离和大型客舱设计。

4. 玩家4的描述提到了水面上行驶的交通工具，依靠引擎驱动，长距离航行能力，以及承载大量货物和乘客。这些描述与轮船的特点相符。

基于以上分析，玩家4的描述与飞机的特征不一致，而是更接近轮船的特点。因此，根据之前的推断，玩家4仍然是卧底的可能性较高。
2024-12-13 12:07:46,318 - 4 - INFO - **********JUDGER**********
你刚刚的分析是根据第三轮描述和之前的分析，以下是对每位玩家描述的逐一分析：

1. 玩家1的描述与飞机的特征高度一致，强调了空中飞行、高速、载客量和长途旅行的特点。

2. 玩家2的描述也指向了飞机，提到了长途旅行、喷气推进、快速飞行速度和容纳乘客数量。

3. 玩家3的描述同样指向了飞机，强调了空中飞行、高速移动、长距离和大型客舱设计。

4. 玩家4的描述提到了水面上行驶的交通工具，依靠引擎驱动，长距离航行能力，以及承载大量货物和乘客。这些描述与轮船的特点相符。

基于以上分析，玩家4的描述与飞机的特征不一致，而是更接近轮船的特点。因此，根据之前的推断，玩家4仍然是卧底的可能性较高。|| `请根据上述分析，比较描述以找出不一致之处，注意，这局游戏的词语分类为<交通工具>，卧底词和平民词都属于该类。
2024-12-13 12:07:58,065 - 4 - INFO - **********PLAYER4**********
根据上述分析，不一致之处如下：

1. 玩家1、2和3的描述都集中在飞机的特点上，包括空中飞行、高速、载客量大、长途旅行、喷气推进、流线型设计、多发动机驱动、高空稳定飞行等。

2. 玩家4的描述则集中在轮船的特点上，提到了水面上行驶、引擎驱动、长距离航行、承载大量货物和乘客、在不同水域中穿行、连接不同港口和城市等。

3. 玩家4的描述中没有提及空中飞行、高速、喷气推进、多发动机驱动、高空稳定飞行等与飞机相关的词汇。

4. 玩家4的描述与玩家1、2和3描述的飞机特征不一致，而是与轮船的特征相符。

因此，不一致之处在于玩家4的描述与飞机的关键特征不符，更偏向于描述轮船，这与其他三位玩家描述的飞机特征形成了对比。
2024-12-13 12:07:58,071 - 4 - INFO - **********JUDGER**********
你刚刚的分析是根据上述分析，不一致之处如下：

1. 玩家1、2和3的描述都集中在飞机的特点上，包括空中飞行、高速、载客量大、长途旅行、喷气推进、流线型设计、多发动机驱动、高空稳定飞行等。

2. 玩家4的描述则集中在轮船的特点上，提到了水面上行驶、引擎驱动、长距离航行、承载大量货物和乘客、在不同水域中穿行、连接不同港口和城市等。

3. 玩家4的描述中没有提及空中飞行、高速、喷气推进、多发动机驱动、高空稳定飞行等与飞机相关的词汇。

4. 玩家4的描述与玩家1、2和3描述的飞机特征不一致，而是与轮船的特征相符。

因此，不一致之处在于玩家4的描述与飞机的关键特征不符，更偏向于描述轮船，这与其他三位玩家描述的飞机特征形成了对比。|| 请通过你分析的不一致之处，推断卧底身份，注意，这局游戏的词语分类为<交通工具>，卧底词和平民词都属于该类。
2024-12-13 12:08:00,309 - 4 - INFO - **********PLAYER4**********
4
2024-12-13 12:08:00,310 - 4 - INFO - **********JUDGER**********
你刚刚的推断是4|| 基于你刚刚的推断得出你的最终结论，请输出你认为的卧底，在这种情况下只需要输出编号，是1-4中的某个数字，不要输出其他信息。在这个过程不要进行任何推理，只对||以前的部分进行信息提取
2024-12-13 12:08:02,084 - 4 - INFO - **********PLAYER4**********
4
2024-12-13 12:08:02,084 - 4 - INFO - **********JUDGER**********
你认为卧底是你自己。你现在需要随便选一个人投票。请输出一个数字，是1-4中的某个数字，但这个数字不能是4，不要输出其他信息。
2024-12-13 12:08:04,203 - 4 - INFO - **********PLAYER4**********
4
