2024-12-13 16:31:32,934 - 1 - INFO - **********JUDGER**********
让我们来玩一个叫做<谁是卧底>的推理游戏。基本规则：<人数>：4人。<角色分配>：每位玩家随机抽取一个词语，3名玩家拿到的词语是相同的（平民词），1名玩家拿到与之相近但不同的词语（卧底词）。<游戏流程>：1、玩家轮流描述自己的词语，但<不能>直接说出词语本身。2、描述完毕后，投票选出最像卧底的玩家。3、每轮结束后，被投票选出的玩家出局，不能再进行描述或投票。4、每轮投票结束后，如果卧底被成功找出，平民方获胜；如果卧底未被找出且卧底人数等于或超过平民人数，则卧底方获胜。你将扮演一个<玩家>，请等待你被分配到的关键词。如果你听懂了，只回答，"好的，我准备好参加游戏了"，不要输出别的信息
2024-12-13 16:31:34,098 - 1 - INFO - **********PLAYER1**********
好的，我准备好参加游戏了
2024-12-13 16:31:39,514 - 1 - INFO - **********JUDGER**********
玩家1说：玩家2说：玩家3说：玩家4说：|| 你是第1号玩家，你的关键词是<葡萄>。你的回答中绝对不能包含你的关键词<葡萄>。这是第一轮描述，不需要分析||之前别的玩家的描述，请你描述关键词基本特征，注意，这局游戏的词语分类为<水果>，卧底词和平民词都属于该类，描述包括以下两点，1.他的基本特征是什么2.他在该类（水果）中最突出不同的特征是什么，尽量简短
2024-12-13 16:31:41,698 - 1 - INFO - **********PLAYER1**********
这个水果通常是圆形或椭圆形，皮薄多汁，颜色可以是紫色或绿色。在水果类中，它特别以其甜美的味道和富含的维生素而受到人们的喜爱。
2024-12-13 16:31:48,126 - 1 - INFO - **********JUDGER**********
玩家1说：这个水果通常是圆形或椭圆形，皮薄多汁，颜色可以是紫色或绿色。在水果类中，它特别以其甜美的味道和富含的维生素而受到人们的喜爱。玩家2说：这种水果外形圆润，通常有紫红色或绿色的皮，成熟时汁多味甜。与同类水果相比，它特别之处在于果实较大，种子较少。玩家3说：这个水果通常呈圆形或椭圆形，外表光滑，皮薄易剥。与同类水果相比，它最突出的不同特征可能是它的香味浓郁，而且可能比其他水果更容易熟透。玩家4说：||在这个游戏中，我们需要通过分析每位玩家的描述来找出卧底。通常，平民的描述会围绕相同的词语展开，而卧底的描述可能会因为词语的不同而显得不太一致。我们需要仔细比较每个描述之间的相似性和差异性，以找出可能的卧底，注意，卧底并不会隐藏自己，他会直接描述他的词语，现在，逐一分析每个玩家的描述，注意，这局游戏的词语分类为<水果>，卧底词和平民词都属于该类。这是第一轮描述。
2024-12-13 16:31:55,243 - 1 - INFO - **********PLAYER1**********
玩家1、玩家2和玩家3的描述都围绕着一种常见的水果，强调了其圆形或椭圆形的外形、皮薄多汁、颜色多样以及甜美的味道和维生素含量。这些描述都符合“葡萄”的特征。

玩家4的描述虽然也提到了水果的圆形或椭圆形外形、皮薄易剥、甜美的味道，但特别强调了香味浓郁和容易熟透这两个特征，这与葡萄的特征不太吻合。此外，玩家4的描述中包含了对游戏规则和卧底行为的分析，这可能是为了误导其他玩家，因为通常卧底不会直接提及游戏规则。

综合以上分析，玩家4的描述可能与其他玩家的描述存在不一致，因此他可能是卧底。
2024-12-13 16:31:55,244 - 1 - INFO - **********JUDGER**********
你刚刚的分析是玩家1、玩家2和玩家3的描述都围绕着一种常见的水果，强调了其圆形或椭圆形的外形、皮薄多汁、颜色多样以及甜美的味道和维生素含量。这些描述都符合“葡萄”的特征。

玩家4的描述虽然也提到了水果的圆形或椭圆形外形、皮薄易剥、甜美的味道，但特别强调了香味浓郁和容易熟透这两个特征，这与葡萄的特征不太吻合。此外，玩家4的描述中包含了对游戏规则和卧底行为的分析，这可能是为了误导其他玩家，因为通常卧底不会直接提及游戏规则。

综合以上分析，玩家4的描述可能与其他玩家的描述存在不一致，因此他可能是卧底。|| `请根据上述分析，比较描述以找出不一致之处，注意，这局游戏的词语分类为<水果>，卧底词和平民词都属于该类。
2024-12-13 16:32:07,569 - 1 - INFO - **********PLAYER1**********
在比较四位玩家的描述时，我们可以注意到以下几点不一致之处：

1. **外形描述的一致性**：玩家1、玩家2和玩家3的描述都一致地提到了水果的圆形或椭圆形外形、皮薄多汁、颜色多样以及甜美的味道和维生素含量。玩家4的描述也包含了这些特征，但没有特别强调外形，而是提到了香味浓郁和容易熟透。

2. **特别突出特征**：
   - 玩家1、玩家2和玩家3都没有特别强调水果的香味或成熟度。
   - 玩家4特别提到了香味浓郁和容易熟透，这两个特征并不是葡萄的典型描述。

3. **游戏规则分析**：
   - 玩家1、玩家2和玩家3的描述主要集中在水果的特征上，没有提及游戏规则。
   - 玩家4的描述中包含了关于游戏规则和卧底行为的分析，这在通常的描述中是不常见的。

基于这些不一致之处，玩家4的描述似乎与其他玩家的描述存在明显的差异，尤其是在特别突出的特征和提及游戏规则这两个方面。因此，玩家4可能是卧底。
2024-12-13 16:32:07,572 - 1 - INFO - **********JUDGER**********
你刚刚的分析是在比较四位玩家的描述时，我们可以注意到以下几点不一致之处：

1. **外形描述的一致性**：玩家1、玩家2和玩家3的描述都一致地提到了水果的圆形或椭圆形外形、皮薄多汁、颜色多样以及甜美的味道和维生素含量。玩家4的描述也包含了这些特征，但没有特别强调外形，而是提到了香味浓郁和容易熟透。

2. **特别突出特征**：
   - 玩家1、玩家2和玩家3都没有特别强调水果的香味或成熟度。
   - 玩家4特别提到了香味浓郁和容易熟透，这两个特征并不是葡萄的典型描述。

3. **游戏规则分析**：
   - 玩家1、玩家2和玩家3的描述主要集中在水果的特征上，没有提及游戏规则。
   - 玩家4的描述中包含了关于游戏规则和卧底行为的分析，这在通常的描述中是不常见的。

基于这些不一致之处，玩家4的描述似乎与其他玩家的描述存在明显的差异，尤其是在特别突出的特征和提及游戏规则这两个方面。因此，玩家4可能是卧底。|| 请通过你分析的不一致之处，推断卧底身份，注意，这局游戏的词语分类为<水果>，卧底词和平民词都属于该类。
2024-12-13 16:32:28,169 - 1 - INFO - **********PLAYER1**********
根据上述分析的不一致之处，我们可以推断以下信息：

1. 玩家1、玩家2和玩家3的描述都集中在水果的基本特征上，如外形、味道、汁液和营养，这些都是葡萄的典型特征。

2. 玩家4的描述虽然也提到了外形、味道和汁液，但特别强调了香味浓郁和容易熟透，这两个特征并不是葡萄的典型描述。这表明玩家4的词语可能与葡萄有所不同。

3. 玩家4的描述中包含了对游戏规则的分析，这是卧底通常不会做的事情，因为这可能会引起怀疑。卧底通常会尽量不引起注意，而是通过描述自己的词语来误导其他玩家。

结合以上信息，考虑到游戏中的词语分类为<水果>，且卧底词和平民词都属于该类，我们可以推断玩家4可能是卧底。由于玩家4的描述中提到的特征与葡萄不完全吻合，且包含了游戏规则的分析，这增加了他作为卧底的可能性。因此，玩家4很可能是持有与葡萄不同词语的卧底。
2024-12-13 16:32:28,172 - 1 - INFO - **********JUDGER**********
你刚刚的推断是根据上述分析的不一致之处，我们可以推断以下信息：

1. 玩家1、玩家2和玩家3的描述都集中在水果的基本特征上，如外形、味道、汁液和营养，这些都是葡萄的典型特征。

2. 玩家4的描述虽然也提到了外形、味道和汁液，但特别强调了香味浓郁和容易熟透，这两个特征并不是葡萄的典型描述。这表明玩家4的词语可能与葡萄有所不同。

3. 玩家4的描述中包含了对游戏规则的分析，这是卧底通常不会做的事情，因为这可能会引起怀疑。卧底通常会尽量不引起注意，而是通过描述自己的词语来误导其他玩家。

结合以上信息，考虑到游戏中的词语分类为<水果>，且卧底词和平民词都属于该类，我们可以推断玩家4可能是卧底。由于玩家4的描述中提到的特征与葡萄不完全吻合，且包含了游戏规则的分析，这增加了他作为卧底的可能性。因此，玩家4很可能是持有与葡萄不同词语的卧底。|| 基于你刚刚的推断得出你的最终结论，请输出你认为的卧底，在这种情况下只需要输出编号，是1-4中的某个数字，不要输出其他信息。在这个过程不要进行任何推理，只对||以前的部分进行信息提取
2024-12-13 16:32:28,956 - 1 - INFO - **********PLAYER1**********
4
2024-12-13 16:34:10,460 - 1 - INFO - **********JUDGER**********
玩家1说：这个水果通常是圆形或椭圆形，皮薄多汁，颜色可以是紫色或绿色。在水果类中，它特别以其甜美的味道和富含的维生素而受到人们的喜爱。玩家2说：这种水果外形圆润，通常有紫红色或绿色的皮，成熟时汁多味甜。与同类水果相比，它特别之处在于果实较大，种子较少。玩家3说：这个水果通常呈圆形或椭圆形，外表光滑，皮薄易剥。与同类水果相比，它最突出的不同特征可能是它的香味浓郁，而且可能比其他水果更容易熟透。玩家4说：这个水果味道酸甜可口，多汁，富含维生素。它在同类水果中以其独特的风味和营养价值而受到人们的青睐。你是第1号玩家，你的关键词是<葡萄>。你的回答中绝对不能包含你的关键词<葡萄>。这是第二轮描述，你之前的描述是这个水果通常是圆形或椭圆形，皮薄多汁，颜色可以是紫色或绿色。在水果类中，它特别以其甜美的味道和富含的维生素而受到人们的喜爱。，注意，这局游戏的词语分类为<水果>，卧底词和平民词都属于该类，请你补充关于关键词的描述，注意，你的描述应该比起之前的描述更加贴近关键词，作为之前的补充
2024-12-13 16:34:15,934 - 1 - INFO - **********PLAYER1**********
这种水果有着丰富的果肉，汁液甜美，适合鲜食。它的果实大小适中，成熟时色泽鲜艳，无论是紫红色还是绿色，都透露出诱人的光泽。它的味道既甜又略带酸，是解渴消暑的佳品。在同类水果中，它的营养价值高，含有丰富的天然果糖和多种维生素，对健康非常有益。
2024-12-13 16:34:28,837 - 1 - INFO - **********JUDGER**********
玩家1说：这个水果通常是圆形或椭圆形，皮薄多汁，颜色可以是紫色或绿色。在水果类中，它特别以其甜美的味道和富含的维生素而受到人们的喜爱。这种水果有着丰富的果肉，汁液甜美，适合鲜食。它的果实大小适中，成熟时色泽鲜艳，无论是紫红色还是绿色，都透露出诱人的光泽。它的味道既甜又略带酸，是解渴消暑的佳品。在同类水果中，它的营养价值高，含有丰富的天然果糖和多种维生素，对健康非常有益。玩家2说：这种水果外形圆润，通常有紫红色或绿色的皮，成熟时汁多味甜。与同类水果相比，它特别之处在于果实较大，种子较少。这种水果通常体积较小，但结构紧密，果粒饱满。它的果实紧密排列，呈现出一定的穗状，成熟时果粒呈现出鲜艳的紫红色或绿色。这种水果在口感上既有甜味，又带有一定的酸味，非常适合搭配其他食物或单独食用。与同类水果相比，它的果肉更为紧实，果汁丰富，且几乎无籽，这使得它在水果市场上颇受欢迎。玩家3说：这个水果通常呈圆形或椭圆形，外表光滑，皮薄易剥。与同类水果相比，它最突出的不同特征可能是它的香味浓郁，而且可能比其他水果更容易熟透。这种水果的质地柔软，口感细腻，有着独特的清香。它的果肉厚实，富含丰富的汁液，味道既甜又略带酸，非常适合生食。与其他水果相比，它的成熟速度较快，香味更加浓郁，这使得它在水果中独树一帜。它的营养价值也非常高，含有多种维生素和矿物质，对于健康十分有益。玩家4说：这个水果味道酸甜可口，多汁，富含维生素。它在同类水果中以其独特的风味和营养价值而受到人们的青睐。||在这个游戏中，我们需要通过分析每位玩家的描述来找出卧底。通常，平民的描述会围绕相同的词语展开，而卧底的描述可能会因为词语的不同而显得不太一致。我们需要仔细比较每个描述之间的相似性和差异性，以找出可能的卧底，注意，卧底并不会隐藏自己，他会直接描述他的词语，现在，逐一分析每个玩家的描述，注意，这局游戏的词语分类为<水果>，卧底词和平民词都属于该类。||之前是第2轮描述和之前轮数描述的合集。你之前认为的卧底是玩家4。
2024-12-13 16:34:29,615 - 1 - INFO - **********PLAYER1**********
玩家4
2024-12-13 16:34:29,616 - 1 - INFO - **********JUDGER**********
你刚刚的分析是玩家4|| `请根据上述分析，比较描述以找出不一致之处，注意，这局游戏的词语分类为<水果>，卧底词和平民词都属于该类。
2024-12-13 16:34:56,131 - 1 - INFO - **********PLAYER1**********
在比较四位玩家的描述时，以下是不一致之处：

1. **外形描述**：
   - 玩家1、玩家2和玩家3都提到了水果的圆形或椭圆形外形、皮薄多汁、成熟时色泽鲜艳等特征。
   - 玩家4的描述没有明确提到水果的外形特征，而是直接提到了味道酸甜可口、多汁、富含维生素。

2. **成熟特征**：
   - 玩家1、玩家2和玩家3都提到了水果成熟时的色泽变化（紫红色或绿色）。
   - 玩家4没有提到成熟时的色泽变化。

3. **果实特征**：
   - 玩家2特别提到了果实较大、种子较少，体积较小但结构紧密，果粒饱满，呈穗状排列。
   - 玩家3提到了果实的外表光滑、皮薄易剥，香味浓郁，成熟速度快。
   - 玩家4没有特别提到果实的大小、种子数量或成熟速度。

4. **口感描述**：
   - 玩家1、玩家2和玩家3都提到了口感上的甜味和酸味。
   - 玩家4的描述没有具体提到口感上的甜酸平衡。

5. **营养价值**：
   - 玩家1、玩家2和玩家3都提到了水果的营养价值，如富含维生素、矿物质等。
   - 玩家4也提到了水果的营养价值，但没有与其他玩家的描述形成明显对比。

基于这些不一致之处，玩家4的描述在细节上与其他玩家的描述有所不同，特别是在果实特征和口感描述上。这可能是由于玩家4的词语与葡萄的特征不完全一致。因此，玩家4的描述可能与卧底的身份更为吻合。
2024-12-13 16:34:56,132 - 1 - INFO - **********JUDGER**********
你刚刚的分析是在比较四位玩家的描述时，以下是不一致之处：

1. **外形描述**：
   - 玩家1、玩家2和玩家3都提到了水果的圆形或椭圆形外形、皮薄多汁、成熟时色泽鲜艳等特征。
   - 玩家4的描述没有明确提到水果的外形特征，而是直接提到了味道酸甜可口、多汁、富含维生素。

2. **成熟特征**：
   - 玩家1、玩家2和玩家3都提到了水果成熟时的色泽变化（紫红色或绿色）。
   - 玩家4没有提到成熟时的色泽变化。

3. **果实特征**：
   - 玩家2特别提到了果实较大、种子较少，体积较小但结构紧密，果粒饱满，呈穗状排列。
   - 玩家3提到了果实的外表光滑、皮薄易剥，香味浓郁，成熟速度快。
   - 玩家4没有特别提到果实的大小、种子数量或成熟速度。

4. **口感描述**：
   - 玩家1、玩家2和玩家3都提到了口感上的甜味和酸味。
   - 玩家4的描述没有具体提到口感上的甜酸平衡。

5. **营养价值**：
   - 玩家1、玩家2和玩家3都提到了水果的营养价值，如富含维生素、矿物质等。
   - 玩家4也提到了水果的营养价值，但没有与其他玩家的描述形成明显对比。

基于这些不一致之处，玩家4的描述在细节上与其他玩家的描述有所不同，特别是在果实特征和口感描述上。这可能是由于玩家4的词语与葡萄的特征不完全一致。因此，玩家4的描述可能与卧底的身份更为吻合。|| 请通过你分析的不一致之处，推断卧底身份，注意，这局游戏的词语分类为<水果>，卧底词和平民词都属于该类。
2024-12-13 16:34:57,175 - 1 - INFO - **********PLAYER1**********
4
2024-12-13 16:34:57,175 - 1 - INFO - **********JUDGER**********
你刚刚的推断是4|| 基于你刚刚的推断得出你的最终结论，请输出你认为的卧底，在这种情况下只需要输出编号，是1-4中的某个数字，不要输出其他信息。在这个过程不要进行任何推理，只对||以前的部分进行信息提取
2024-12-13 16:34:58,503 - 1 - INFO - **********PLAYER1**********
4
2024-12-13 16:36:54,907 - 1 - INFO - **********JUDGER**********
玩家1说：这个水果通常是圆形或椭圆形，皮薄多汁，颜色可以是紫色或绿色。在水果类中，它特别以其甜美的味道和富含的维生素而受到人们的喜爱。这种水果有着丰富的果肉，汁液甜美，适合鲜食。它的果实大小适中，成熟时色泽鲜艳，无论是紫红色还是绿色，都透露出诱人的光泽。它的味道既甜又略带酸，是解渴消暑的佳品。在同类水果中，它的营养价值高，含有丰富的天然果糖和多种维生素，对健康非常有益。玩家2说：这种水果外形圆润，通常有紫红色或绿色的皮，成熟时汁多味甜。与同类水果相比，它特别之处在于果实较大，种子较少。这种水果通常体积较小，但结构紧密，果粒饱满。它的果实紧密排列，呈现出一定的穗状，成熟时果粒呈现出鲜艳的紫红色或绿色。这种水果在口感上既有甜味，又带有一定的酸味，非常适合搭配其他食物或单独食用。与同类水果相比，它的果肉更为紧实，果汁丰富，且几乎无籽，这使得它在水果市场上颇受欢迎。玩家3说：这个水果通常呈圆形或椭圆形，外表光滑，皮薄易剥。与同类水果相比，它最突出的不同特征可能是它的香味浓郁，而且可能比其他水果更容易熟透。这种水果的质地柔软，口感细腻，有着独特的清香。它的果肉厚实，富含丰富的汁液，味道既甜又略带酸，非常适合生食。与其他水果相比，它的成熟速度较快，香味更加浓郁，这使得它在水果中独树一帜。它的营养价值也非常高，含有多种维生素和矿物质，对于健康十分有益。玩家4说：这个水果味道酸甜可口，多汁，富含维生素。它在同类水果中以其独特的风味和营养价值而受到人们的青睐。这个水果小巧精致，一串串地挂在枝头，每一颗都像是一颗晶莹的宝石。它的皮薄而透明，轻轻一剥就能见到饱满的果肉。成熟时，它的颜色可以是深紫或者浅绿，光泽诱人。它的味道既有酸甜的果香，又有清新爽口的酸味，多汁且富含天然果糖和多种维生素。这种水果不仅适合鲜食，也可以用来酿酒或者制作果酱，是夏季消暑解渴的佳品。你是第1号玩家，你的关键词是<葡萄>。你的回答中绝对不能包含你的关键词<葡萄>。这是第三轮描述，你之前的描述是这个水果通常是圆形或椭圆形，皮薄多汁，颜色可以是紫色或绿色。在水果类中，它特别以其甜美的味道和富含的维生素而受到人们的喜爱。和这种水果有着丰富的果肉，汁液甜美，适合鲜食。它的果实大小适中，成熟时色泽鲜艳，无论是紫红色还是绿色，都透露出诱人的光泽。它的味道既甜又略带酸，是解渴消暑的佳品。在同类水果中，它的营养价值高，含有丰富的天然果糖和多种维生素，对健康非常有益。，注意，这局游戏的词语分类为<水果>，卧底词和平民词都属于该类，请你补充关于关键词的描述，注意，你的描述应该比起之前的描述更加贴近关键词，作为之前的补充
2024-12-13 16:37:08,032 - 1 - INFO - **********PLAYER1**********
这种水果通常单粒生长，果实较小，但每一颗都充满汁液，味道甜美，略带微酸。它的果实通常在成熟时呈现出紫红色或绿色，色泽鲜艳，光泽诱人。这种水果可以直接食用，也可以用来酿酒或制作果酱，是夏季消暑解渴的佳品。
2024-12-13 16:37:42,137 - 1 - INFO - **********JUDGER**********
玩家1说：这个水果通常是圆形或椭圆形，皮薄多汁，颜色可以是紫色或绿色。在水果类中，它特别以其甜美的味道和富含的维生素而受到人们的喜爱。这种水果有着丰富的果肉，汁液甜美，适合鲜食。它的果实大小适中，成熟时色泽鲜艳，无论是紫红色还是绿色，都透露出诱人的光泽。它的味道既甜又略带酸，是解渴消暑的佳品。在同类水果中，它的营养价值高，含有丰富的天然果糖和多种维生素，对健康非常有益。这种水果通常单粒生长，果实较小，但每一颗都充满汁液，味道甜美，略带微酸。它的果实通常在成熟时呈现出紫红色或绿色，色泽鲜艳，光泽诱人。这种水果可以直接食用，也可以用来酿酒或制作果酱，是夏季消暑解渴的佳品。玩家2说：这种水果外形圆润，通常有紫红色或绿色的皮，成熟时汁多味甜。与同类水果相比，它特别之处在于果实较大，种子较少。这种水果通常体积较小，但结构紧密，果粒饱满。它的果实紧密排列，呈现出一定的穗状，成熟时果粒呈现出鲜艳的紫红色或绿色。这种水果在口感上既有甜味，又带有一定的酸味，非常适合搭配其他食物或单独食用。与同类水果相比，它的果肉更为紧实，果汁丰富，且几乎无籽，这使得它在水果市场上颇受欢迎。这种水果的果实呈串状，每一串都像是一串串珍珠，挂在枝头。它的果实大小均匀，成熟时呈现出诱人的紫红色或绿色，色泽鲜艳。果实的外表光滑，皮薄且容易剥离，果肉紧实，果汁丰富。这种水果的甜味中带有微微的酸味，口感清新，非常适合作为零食或搭配其他食材。它的果实紧密排列，形成了一幅美丽的画面，成熟时穗状更加明显。这种水果不仅美味，而且营养价值高，含有多种维生素和矿物质，对健康大有裨益。玩家3说：这个水果通常呈圆形或椭圆形，外表光滑，皮薄易剥。与同类水果相比，它最突出的不同特征可能是它的香味浓郁，而且可能比其他水果更容易熟透。这种水果的质地柔软，口感细腻，有着独特的清香。它的果肉厚实，富含丰富的汁液，味道既甜又略带酸，非常适合生食。与其他水果相比，它的成熟速度较快，香味更加浓郁，这使得它在水果中独树一帜。它的营养价值也非常高，含有多种维生素和矿物质，对于健康十分有益。这种水果的特点是果实大而饱满，形状通常呈长椭圆形或葫芦形，表皮光滑，颜色可以是黄色或绿色。它的成熟果实在切开时会散发出一种特有的香气，果肉细腻，含有大量的种子。这种水果的口感独特，味道甜美，略带苦味，适合生食或作为甜品的一部分。它的营养价值丰富，含有多种维生素和酶类，对消化系统有益。这种水果在热带地区尤为常见，常被用来制作沙拉、果汁或甜品。玩家4说：这个水果味道酸甜可口，多汁，富含维生素。它在同类水果中以其独特的风味和营养价值而受到人们的青睐。这个水果小巧精致，一串串地挂在枝头，每一颗都像是一颗晶莹的宝石。它的皮薄而透明，轻轻一剥就能见到饱满的果肉。成熟时，它的颜色可以是深紫或者浅绿，光泽诱人。它的味道既有酸甜的果香，又有清新爽口的酸味，多汁且富含天然果糖和多种维生素。这种水果不仅适合鲜食，也可以用来酿酒或者制作果酱，是夏季消暑解渴的佳品。在《谁是卧底》游戏中，我作为玩家，现在来描述我的词语：

我想象中的水果是一种神秘的存在，它不常见，但拥有令人难以忘怀的香味和口感。它的形状可能是奇特的，颜色可能是不寻常的，但它的味道绝对与众不同，让人回味无穷。这种水果可能是传说中的仙果，它在自然界中极为罕见，但却有着极高的营养价值。它的存在，仿佛是一种奇迹，让人对自然充满了敬畏和向往。

现在，我要小心地描述我的词语，不能直接说出它的名字，同时也要注意观察其他玩家的描述，以便在投票时能够准确地找出卧底。||在这个游戏中，我们需要通过分析每位玩家的描述来找出卧底。通常，平民的描述会围绕相同的词语展开，而卧底的描述可能会因为词语的不同而显得不太一致。我们需要仔细比较每个描述之间的相似性和差异性，以找出可能的卧底，注意，卧底并不会隐藏自己，他会直接描述他的词语，现在，逐一分析每个玩家的描述，注意，这局游戏的词语分类为<水果>，卧底词和平民词都属于该类。||之前是第3轮描述和之前轮数描述的合集。你之前认为的卧底是玩家4。
2024-12-13 16:37:43,570 - 1 - INFO - **********PLAYER1**********
4
2024-12-13 16:37:43,571 - 1 - INFO - **********JUDGER**********
你刚刚的分析是4|| `请根据上述分析，比较描述以找出不一致之处，注意，这局游戏的词语分类为<水果>，卧底词和平民词都属于该类。
2024-12-13 16:38:17,596 - 1 - INFO - **********PLAYER1**********
在比较四位玩家的描述时，以下是不一致之处：

1. **外形描述**：
   - 玩家1、玩家2和玩家4的描述都提到了水果的圆形或椭圆形外形、皮薄、颜色可以是紫色或绿色。
   - 玩家3的描述中特别提到了水果的形状可能是长椭圆形或葫芦形，表皮光滑，颜色可以是黄色或绿色。

2. **香味和成熟度**：
   - 玩家1、玩家2和玩家4的描述中没有特别强调香味或成熟度。
   - 玩家3的描述中提到了水果的香味浓郁，且可能比其他水果更容易熟透。

3. **果实特征**：
   - 玩家1、玩家2和玩家4的描述中提到了果实的大小适中、汁多味甜、多汁、酸甜可口。
   - 玩家3的描述中提到了果实大而饱满，形状可能呈长椭圆形或葫芦形，表皮光滑，颜色可以是黄色或绿色。

4. **营养价值**：
   - 玩家1、玩家2、玩家3和玩家4的描述中都提到了水果的营养价值高，含有多种维生素和矿物质。

5. **用途和外观**：
   - 玩家1、玩家2和玩家4的描述中提到了水果可以直接食用、酿酒或制作果酱，小巧精致，挂在枝头像宝石。
   - 玩家3的描述中提到了水果的用途包括制作沙拉、果汁或甜品，以及在热带地区常见。

玩家3的描述与其他玩家的描述在香味、成熟度、果实形状和用途上存在一定的差异，这可能是由于玩家3的词语与葡萄的特征不完全一致。因此，玩家3的描述可能与卧底的身份更为吻合。
2024-12-13 16:38:17,597 - 1 - INFO - **********JUDGER**********
你刚刚的分析是在比较四位玩家的描述时，以下是不一致之处：

1. **外形描述**：
   - 玩家1、玩家2和玩家4的描述都提到了水果的圆形或椭圆形外形、皮薄、颜色可以是紫色或绿色。
   - 玩家3的描述中特别提到了水果的形状可能是长椭圆形或葫芦形，表皮光滑，颜色可以是黄色或绿色。

2. **香味和成熟度**：
   - 玩家1、玩家2和玩家4的描述中没有特别强调香味或成熟度。
   - 玩家3的描述中提到了水果的香味浓郁，且可能比其他水果更容易熟透。

3. **果实特征**：
   - 玩家1、玩家2和玩家4的描述中提到了果实的大小适中、汁多味甜、多汁、酸甜可口。
   - 玩家3的描述中提到了果实大而饱满，形状可能呈长椭圆形或葫芦形，表皮光滑，颜色可以是黄色或绿色。

4. **营养价值**：
   - 玩家1、玩家2、玩家3和玩家4的描述中都提到了水果的营养价值高，含有多种维生素和矿物质。

5. **用途和外观**：
   - 玩家1、玩家2和玩家4的描述中提到了水果可以直接食用、酿酒或制作果酱，小巧精致，挂在枝头像宝石。
   - 玩家3的描述中提到了水果的用途包括制作沙拉、果汁或甜品，以及在热带地区常见。

玩家3的描述与其他玩家的描述在香味、成熟度、果实形状和用途上存在一定的差异，这可能是由于玩家3的词语与葡萄的特征不完全一致。因此，玩家3的描述可能与卧底的身份更为吻合。|| 请通过你分析的不一致之处，推断卧底身份，注意，这局游戏的词语分类为<水果>，卧底词和平民词都属于该类。
2024-12-13 16:38:21,063 - 1 - INFO - **********PLAYER1**********
3
2024-12-13 16:38:21,064 - 1 - INFO - **********JUDGER**********
你刚刚的推断是3|| 基于你刚刚的推断得出你的最终结论，请输出你认为的卧底，在这种情况下只需要输出编号，是1-4中的某个数字，不要输出其他信息。在这个过程不要进行任何推理，只对||以前的部分进行信息提取
2024-12-13 16:38:22,676 - 1 - INFO - **********PLAYER1**********
3
