2024-12-13 16:31:35,812 - 3 - INFO - **********JUDGER**********
让我们来玩一个叫做<谁是卧底>的推理游戏。基本规则：<人数>：4人。<角色分配>：每位玩家随机抽取一个词语，3名玩家拿到的词语是相同的（平民词），1名玩家拿到与之相近但不同的词语（卧底词）。<游戏流程>：1、玩家轮流描述自己的词语，但<不能>直接说出词语本身。2、描述完毕后，投票选出最像卧底的玩家。3、每轮结束后，被投票选出的玩家出局，不能再进行描述或投票。4、每轮投票结束后，如果卧底被成功找出，平民方获胜；如果卧底未被找出且卧底人数等于或超过平民人数，则卧底方获胜。你将扮演一个<玩家>，请等待你被分配到的关键词。如果你听懂了，只回答，"好的，我准备好参加游戏了"，不要输出别的信息
2024-12-13 16:31:36,644 - 3 - INFO - **********PLAYER3**********
好的，我准备好参加游戏了
2024-12-13 16:31:43,413 - 3 - INFO - **********JUDGER**********
玩家1说：这个水果通常是圆形或椭圆形，皮薄多汁，颜色可以是紫色或绿色。在水果类中，它特别以其甜美的味道和富含的维生素而受到人们的喜爱。玩家2说：这种水果外形圆润，通常有紫红色或绿色的皮，成熟时汁多味甜。与同类水果相比，它特别之处在于果实较大，种子较少。玩家3说：玩家4说：|| 你是第3号玩家，你的关键词是<木瓜>。你的回答中绝对不能包含你的关键词<木瓜>。这是第一轮描述，不需要分析||之前别的玩家的描述，请你描述关键词基本特征，注意，这局游戏的词语分类为<水果>，卧底词和平民词都属于该类，描述包括以下两点，1.他的基本特征是什么2.他在该类（水果）中最突出不同的特征是什么，尽量简短
2024-12-13 16:31:46,285 - 3 - INFO - **********PLAYER3**********
这个水果通常呈圆形或椭圆形，外表光滑，皮薄易剥。与同类水果相比，它最突出的不同特征可能是它的香味浓郁，而且可能比其他水果更容易熟透。
2024-12-13 16:33:00,635 - 3 - INFO - **********JUDGER**********
玩家1说：这个水果通常是圆形或椭圆形，皮薄多汁，颜色可以是紫色或绿色。在水果类中，它特别以其甜美的味道和富含的维生素而受到人们的喜爱。玩家2说：这种水果外形圆润，通常有紫红色或绿色的皮，成熟时汁多味甜。与同类水果相比，它特别之处在于果实较大，种子较少。玩家3说：这个水果通常呈圆形或椭圆形，外表光滑，皮薄易剥。与同类水果相比，它最突出的不同特征可能是它的香味浓郁，而且可能比其他水果更容易熟透。玩家4说：||在这个游戏中，我们需要通过分析每位玩家的描述来找出卧底。通常，平民的描述会围绕相同的词语展开，而卧底的描述可能会因为词语的不同而显得不太一致。我们需要仔细比较每个描述之间的相似性和差异性，以找出可能的卧底，注意，卧底并不会隐藏自己，他会直接描述他的词语，现在，逐一分析每个玩家的描述，注意，这局游戏的词语分类为<水果>，卧底词和平民词都属于该类。这是第一轮描述。
2024-12-13 16:33:06,468 - 3 - INFO - **********PLAYER3**********
经过分析，玩家1、玩家2和玩家3的描述都集中在一种圆形或椭圆形、皮薄多汁、颜色为紫色或绿色的水果上，且都提到了这种水果的甜味和维生素含量，以及种子较少的特征。他们的描述非常相似，这表明他们可能是平民。

玩家4的描述虽然也提到了圆形或椭圆形、皮薄易剥的特征，但他特别强调了香味浓郁和容易熟透这两个点，这与之前玩家的描述有所不同。此外，玩家4的描述似乎更侧重于水果的整体特性，而不是具体的味道或营养成分。这些差异可能表明玩家4是卧底。

因此，根据第一轮的描述，玩家4可能是卧底。
2024-12-13 16:33:06,471 - 3 - INFO - **********JUDGER**********
你刚刚的分析是经过分析，玩家1、玩家2和玩家3的描述都集中在一种圆形或椭圆形、皮薄多汁、颜色为紫色或绿色的水果上，且都提到了这种水果的甜味和维生素含量，以及种子较少的特征。他们的描述非常相似，这表明他们可能是平民。

玩家4的描述虽然也提到了圆形或椭圆形、皮薄易剥的特征，但他特别强调了香味浓郁和容易熟透这两个点，这与之前玩家的描述有所不同。此外，玩家4的描述似乎更侧重于水果的整体特性，而不是具体的味道或营养成分。这些差异可能表明玩家4是卧底。

因此，根据第一轮的描述，玩家4可能是卧底。|| `请根据上述分析，比较描述以找出不一致之处，注意，这局游戏的词语分类为<水果>，卧底词和平民词都属于该类。
2024-12-13 16:33:34,937 - 3 - INFO - **********PLAYER3**********
根据上述分析，以下是不一致之处：

1. **描述的侧重点**：玩家1、玩家2和玩家3的描述都集中在水果的甜味、维生素含量和种子较少这些与味道和营养成分相关的特征上。而玩家4的描述虽然也提到了皮薄易剥，但更侧重于香味浓郁和容易熟透，这两个特征在之前玩家的描述中并未被提及。

2. **特征的具体性**：玩家1、玩家2和玩家3的描述中，特征描述较为具体，如“皮薄多汁”、“汁多味甜”、“果实较大，种子较少”。而玩家4的描述虽然也提到了皮薄，但更多的描述是关于水果的整体特性，如香味和熟透程度，这些特征没有在之前玩家的描述中具体体现。

3. **描述的连贯性**：玩家1、玩家2和玩家3的描述在连贯性上较为一致，都围绕同一类水果的特征进行描述。而玩家4的描述在连贯性上略显跳跃，从皮薄易剥跳到香味浓郁和容易熟透，这与之前的描述连贯性不强。

基于这些不一致之处，玩家4的描述可能与卧底词的特征更吻合。
2024-12-13 16:33:34,939 - 3 - INFO - **********JUDGER**********
你刚刚的分析是根据上述分析，以下是不一致之处：

1. **描述的侧重点**：玩家1、玩家2和玩家3的描述都集中在水果的甜味、维生素含量和种子较少这些与味道和营养成分相关的特征上。而玩家4的描述虽然也提到了皮薄易剥，但更侧重于香味浓郁和容易熟透，这两个特征在之前玩家的描述中并未被提及。

2. **特征的具体性**：玩家1、玩家2和玩家3的描述中，特征描述较为具体，如“皮薄多汁”、“汁多味甜”、“果实较大，种子较少”。而玩家4的描述虽然也提到了皮薄，但更多的描述是关于水果的整体特性，如香味和熟透程度，这些特征没有在之前玩家的描述中具体体现。

3. **描述的连贯性**：玩家1、玩家2和玩家3的描述在连贯性上较为一致，都围绕同一类水果的特征进行描述。而玩家4的描述在连贯性上略显跳跃，从皮薄易剥跳到香味浓郁和容易熟透，这与之前的描述连贯性不强。

基于这些不一致之处，玩家4的描述可能与卧底词的特征更吻合。|| 请通过你分析的不一致之处，推断卧底身份，注意，这局游戏的词语分类为<水果>，卧底词和平民词都属于该类。
2024-12-13 16:33:43,139 - 3 - INFO - **********PLAYER3**********
根据分析中提到的不一致之处，以下是我的推断：

1. 玩家4的描述中提到了“香味浓郁”和“容易熟透”，这两个特征在玩家1、玩家2和玩家3的描述中没有出现。这表明玩家4可能描述的是一种具有特别香味的或成熟速度较快的特殊水果。

2. 玩家4的描述中虽然也提到了“皮薄易剥”，但没有像其他玩家那样强调甜味、维生素含量或种子数量，这可能与普通水果的特征有所不同。

结合这些信息，如果我们要推断卧底身份，玩家4可能是卧底，因为他描述的特征与普通水果的描述不完全一致，而是指向了一些可能更独特或与普通水果不同的特征。在水果类别中，具有特别香味和快速成熟特性的水果可能是某种热带水果，如榴莲或芒果，这些水果在描述上可能更侧重于它们的独特香气和成熟速度，而不是甜味或营养成分。因此，玩家4可能是持有与普通水果不同的卧底词。
2024-12-13 16:33:43,140 - 3 - INFO - **********JUDGER**********
你刚刚的推断是根据分析中提到的不一致之处，以下是我的推断：

1. 玩家4的描述中提到了“香味浓郁”和“容易熟透”，这两个特征在玩家1、玩家2和玩家3的描述中没有出现。这表明玩家4可能描述的是一种具有特别香味的或成熟速度较快的特殊水果。

2. 玩家4的描述中虽然也提到了“皮薄易剥”，但没有像其他玩家那样强调甜味、维生素含量或种子数量，这可能与普通水果的特征有所不同。

结合这些信息，如果我们要推断卧底身份，玩家4可能是卧底，因为他描述的特征与普通水果的描述不完全一致，而是指向了一些可能更独特或与普通水果不同的特征。在水果类别中，具有特别香味和快速成熟特性的水果可能是某种热带水果，如榴莲或芒果，这些水果在描述上可能更侧重于它们的独特香气和成熟速度，而不是甜味或营养成分。因此，玩家4可能是持有与普通水果不同的卧底词。|| 基于你刚刚的推断得出你的最终结论，请输出你认为的卧底，在这种情况下只需要输出编号，是1-4中的某个数字，不要输出其他信息。在这个过程不要进行任何推理，只对||以前的部分进行信息提取
2024-12-13 16:33:44,608 - 3 - INFO - **********PLAYER3**********
4
2024-12-13 16:34:20,903 - 3 - INFO - **********JUDGER**********
玩家1说：这个水果通常是圆形或椭圆形，皮薄多汁，颜色可以是紫色或绿色。在水果类中，它特别以其甜美的味道和富含的维生素而受到人们的喜爱。这种水果有着丰富的果肉，汁液甜美，适合鲜食。它的果实大小适中，成熟时色泽鲜艳，无论是紫红色还是绿色，都透露出诱人的光泽。它的味道既甜又略带酸，是解渴消暑的佳品。在同类水果中，它的营养价值高，含有丰富的天然果糖和多种维生素，对健康非常有益。玩家2说：这种水果外形圆润，通常有紫红色或绿色的皮，成熟时汁多味甜。与同类水果相比，它特别之处在于果实较大，种子较少。这种水果通常体积较小，但结构紧密，果粒饱满。它的果实紧密排列，呈现出一定的穗状，成熟时果粒呈现出鲜艳的紫红色或绿色。这种水果在口感上既有甜味，又带有一定的酸味，非常适合搭配其他食物或单独食用。与同类水果相比，它的果肉更为紧实，果汁丰富，且几乎无籽，这使得它在水果市场上颇受欢迎。玩家3说：这个水果通常呈圆形或椭圆形，外表光滑，皮薄易剥。与同类水果相比，它最突出的不同特征可能是它的香味浓郁，而且可能比其他水果更容易熟透。玩家4说：这个水果味道酸甜可口，多汁，富含维生素。它在同类水果中以其独特的风味和营养价值而受到人们的青睐。你是第3号玩家，你的关键词是<木瓜>。你的回答中绝对不能包含你的关键词<木瓜>。这是第二轮描述，你之前的描述是这个水果通常呈圆形或椭圆形，外表光滑，皮薄易剥。与同类水果相比，它最突出的不同特征可能是它的香味浓郁，而且可能比其他水果更容易熟透。，注意，这局游戏的词语分类为<水果>，卧底词和平民词都属于该类，请你补充关于关键词的描述，注意，你的描述应该比起之前的描述更加贴近关键词，作为之前的补充
2024-12-13 16:34:24,181 - 3 - INFO - **********PLAYER3**********
这种水果的质地柔软，口感细腻，有着独特的清香。它的果肉厚实，富含丰富的汁液，味道既甜又略带酸，非常适合生食。与其他水果相比，它的成熟速度较快，香味更加浓郁，这使得它在水果中独树一帜。它的营养价值也非常高，含有多种维生素和矿物质，对于健康十分有益。
2024-12-13 16:35:34,506 - 3 - INFO - **********JUDGER**********
玩家1说：这个水果通常是圆形或椭圆形，皮薄多汁，颜色可以是紫色或绿色。在水果类中，它特别以其甜美的味道和富含的维生素而受到人们的喜爱。这种水果有着丰富的果肉，汁液甜美，适合鲜食。它的果实大小适中，成熟时色泽鲜艳，无论是紫红色还是绿色，都透露出诱人的光泽。它的味道既甜又略带酸，是解渴消暑的佳品。在同类水果中，它的营养价值高，含有丰富的天然果糖和多种维生素，对健康非常有益。玩家2说：这种水果外形圆润，通常有紫红色或绿色的皮，成熟时汁多味甜。与同类水果相比，它特别之处在于果实较大，种子较少。这种水果通常体积较小，但结构紧密，果粒饱满。它的果实紧密排列，呈现出一定的穗状，成熟时果粒呈现出鲜艳的紫红色或绿色。这种水果在口感上既有甜味，又带有一定的酸味，非常适合搭配其他食物或单独食用。与同类水果相比，它的果肉更为紧实，果汁丰富，且几乎无籽，这使得它在水果市场上颇受欢迎。玩家3说：这个水果通常呈圆形或椭圆形，外表光滑，皮薄易剥。与同类水果相比，它最突出的不同特征可能是它的香味浓郁，而且可能比其他水果更容易熟透。这种水果的质地柔软，口感细腻，有着独特的清香。它的果肉厚实，富含丰富的汁液，味道既甜又略带酸，非常适合生食。与其他水果相比，它的成熟速度较快，香味更加浓郁，这使得它在水果中独树一帜。它的营养价值也非常高，含有多种维生素和矿物质，对于健康十分有益。玩家4说：这个水果味道酸甜可口，多汁，富含维生素。它在同类水果中以其独特的风味和营养价值而受到人们的青睐。||在这个游戏中，我们需要通过分析每位玩家的描述来找出卧底。通常，平民的描述会围绕相同的词语展开，而卧底的描述可能会因为词语的不同而显得不太一致。我们需要仔细比较每个描述之间的相似性和差异性，以找出可能的卧底，注意，卧底并不会隐藏自己，他会直接描述他的词语，现在，逐一分析每个玩家的描述，注意，这局游戏的词语分类为<水果>，卧底词和平民词都属于该类。||之前是第2轮描述和之前轮数描述的合集。你之前认为的卧底是玩家4。
2024-12-13 16:35:51,000 - 3 - INFO - **********PLAYER3**********
根据第二轮描述和之前轮数描述的合集，我的分析如下：

玩家1和玩家2的描述都非常详细，都强调了水果的甜味、汁液丰富、果实大小适中、颜色鲜艳以及营养价值高。这些描述与玩家3的描述非常相似，尤其是都提到了香味浓郁和容易熟透。

玩家4的描述虽然也提到了酸甜可口、多汁、富含维生素和独特的风味，但没有像其他玩家那样详细描述果实的形状、大小、颜色和营养价值。玩家4的描述更侧重于水果的味道和营养价值，而没有提及果实的外观特征，这与其他玩家的描述有所不同。

基于这些差异，如果之前认为玩家4是卧底，那么现在仍然可以保持这个观点，因为玩家4的描述在细节上与其他玩家有所不同，尤其是没有提到果实的外观特征，这可能与卧底词的特征不一致。因此，我的最终结论是玩家4可能是卧底。
2024-12-13 16:35:51,002 - 3 - INFO - **********JUDGER**********
你刚刚的分析是根据第二轮描述和之前轮数描述的合集，我的分析如下：

玩家1和玩家2的描述都非常详细，都强调了水果的甜味、汁液丰富、果实大小适中、颜色鲜艳以及营养价值高。这些描述与玩家3的描述非常相似，尤其是都提到了香味浓郁和容易熟透。

玩家4的描述虽然也提到了酸甜可口、多汁、富含维生素和独特的风味，但没有像其他玩家那样详细描述果实的形状、大小、颜色和营养价值。玩家4的描述更侧重于水果的味道和营养价值，而没有提及果实的外观特征，这与其他玩家的描述有所不同。

基于这些差异，如果之前认为玩家4是卧底，那么现在仍然可以保持这个观点，因为玩家4的描述在细节上与其他玩家有所不同，尤其是没有提到果实的外观特征，这可能与卧底词的特征不一致。因此，我的最终结论是玩家4可能是卧底。|| `请根据上述分析，比较描述以找出不一致之处，注意，这局游戏的词语分类为<水果>，卧底词和平民词都属于该类。
2024-12-13 16:36:05,969 - 3 - INFO - **********PLAYER3**********
根据上述分析，以下是一致和不一致之处：

**一致之处**：
- 所有玩家都描述了水果的甜味、汁液丰富、富含维生素和营养价值。
- 所有玩家都提到了水果的颜色可以是紫色或绿色。
- 玩家1、玩家2和玩家3都提到了果实的大小适中，成熟时色泽鲜艳。
- 玩家3和玩家4都提到了水果的味道既甜又略带酸。

**不一致之处**：
- 玩家1和玩家2特别强调了果实的形状（圆形或椭圆形）、成熟时的色泽和果实的营养价值。
- 玩家3提到了水果的香味浓郁和成熟速度较快。
- 玩家4没有详细描述果实的外观特征（形状、大小、颜色等），而是更侧重于味道和营养价值。

这些不一致之处表明玩家4的描述可能与其他玩家描述的水果特征有所不同，尤其是在外观特征的描述上，这可能是卧底词的特征不吻合的表现。因此，不一致之处主要集中在玩家4的描述上。
2024-12-13 16:36:05,971 - 3 - INFO - **********JUDGER**********
你刚刚的分析是根据上述分析，以下是一致和不一致之处：

**一致之处**：
- 所有玩家都描述了水果的甜味、汁液丰富、富含维生素和营养价值。
- 所有玩家都提到了水果的颜色可以是紫色或绿色。
- 玩家1、玩家2和玩家3都提到了果实的大小适中，成熟时色泽鲜艳。
- 玩家3和玩家4都提到了水果的味道既甜又略带酸。

**不一致之处**：
- 玩家1和玩家2特别强调了果实的形状（圆形或椭圆形）、成熟时的色泽和果实的营养价值。
- 玩家3提到了水果的香味浓郁和成熟速度较快。
- 玩家4没有详细描述果实的外观特征（形状、大小、颜色等），而是更侧重于味道和营养价值。

这些不一致之处表明玩家4的描述可能与其他玩家描述的水果特征有所不同，尤其是在外观特征的描述上，这可能是卧底词的特征不吻合的表现。因此，不一致之处主要集中在玩家4的描述上。|| 请通过你分析的不一致之处，推断卧底身份，注意，这局游戏的词语分类为<水果>，卧底词和平民词都属于该类。
2024-12-13 16:36:15,638 - 3 - INFO - **********PLAYER3**********
基于分析中提到的不一致之处，以下是我的推断：

由于所有玩家都提到了水果的甜味、汁液丰富、富含维生素和营养价值，以及颜色可以是紫色或绿色，这些特征可能是所有平民词共有的。

玩家1和玩家2的描述中强调了果实的形状、成熟时的色泽和营养价值，这些也是水果的一般特征，但并没有给出具体的差异。

玩家3的描述中提到了香味浓郁和成熟速度较快，这些特征虽然不是所有水果都有的，但也不是特别独特，可能是某种特定水果的特征。

玩家4的描述中，虽然也提到了味道酸甜可口、多汁、富含维生素，但没有详细描述外观特征，这与其他玩家描述的圆形或椭圆形、色泽鲜艳等特征有所不同。此外，玩家4没有提到香味或成熟速度，这两个特征在玩家3的描述中出现过。

因此，根据描述的一致性和差异性，玩家4的描述可能更符合卧底词的特征，因为它在描述水果的外观特征上与其他玩家不一致，且没有提及香味和成熟速度等可能被用来区分特定水果的特征。所以，根据这些分析，玩家4可能是卧底。
2024-12-13 16:36:15,640 - 3 - INFO - **********JUDGER**********
你刚刚的推断是基于分析中提到的不一致之处，以下是我的推断：

由于所有玩家都提到了水果的甜味、汁液丰富、富含维生素和营养价值，以及颜色可以是紫色或绿色，这些特征可能是所有平民词共有的。

玩家1和玩家2的描述中强调了果实的形状、成熟时的色泽和营养价值，这些也是水果的一般特征，但并没有给出具体的差异。

玩家3的描述中提到了香味浓郁和成熟速度较快，这些特征虽然不是所有水果都有的，但也不是特别独特，可能是某种特定水果的特征。

玩家4的描述中，虽然也提到了味道酸甜可口、多汁、富含维生素，但没有详细描述外观特征，这与其他玩家描述的圆形或椭圆形、色泽鲜艳等特征有所不同。此外，玩家4没有提到香味或成熟速度，这两个特征在玩家3的描述中出现过。

因此，根据描述的一致性和差异性，玩家4的描述可能更符合卧底词的特征，因为它在描述水果的外观特征上与其他玩家不一致，且没有提及香味和成熟速度等可能被用来区分特定水果的特征。所以，根据这些分析，玩家4可能是卧底。|| 基于你刚刚的推断得出你的最终结论，请输出你认为的卧底，在这种情况下只需要输出编号，是1-4中的某个数字，不要输出其他信息。在这个过程不要进行任何推理，只对||以前的部分进行信息提取
2024-12-13 16:36:17,055 - 3 - INFO - **********PLAYER3**********
4
2024-12-13 16:37:23,978 - 3 - INFO - **********JUDGER**********
玩家1说：这个水果通常是圆形或椭圆形，皮薄多汁，颜色可以是紫色或绿色。在水果类中，它特别以其甜美的味道和富含的维生素而受到人们的喜爱。这种水果有着丰富的果肉，汁液甜美，适合鲜食。它的果实大小适中，成熟时色泽鲜艳，无论是紫红色还是绿色，都透露出诱人的光泽。它的味道既甜又略带酸，是解渴消暑的佳品。在同类水果中，它的营养价值高，含有丰富的天然果糖和多种维生素，对健康非常有益。这种水果通常单粒生长，果实较小，但每一颗都充满汁液，味道甜美，略带微酸。它的果实通常在成熟时呈现出紫红色或绿色，色泽鲜艳，光泽诱人。这种水果可以直接食用，也可以用来酿酒或制作果酱，是夏季消暑解渴的佳品。玩家2说：这种水果外形圆润，通常有紫红色或绿色的皮，成熟时汁多味甜。与同类水果相比，它特别之处在于果实较大，种子较少。这种水果通常体积较小，但结构紧密，果粒饱满。它的果实紧密排列，呈现出一定的穗状，成熟时果粒呈现出鲜艳的紫红色或绿色。这种水果在口感上既有甜味，又带有一定的酸味，非常适合搭配其他食物或单独食用。与同类水果相比，它的果肉更为紧实，果汁丰富，且几乎无籽，这使得它在水果市场上颇受欢迎。这种水果的果实呈串状，每一串都像是一串串珍珠，挂在枝头。它的果实大小均匀，成熟时呈现出诱人的紫红色或绿色，色泽鲜艳。果实的外表光滑，皮薄且容易剥离，果肉紧实，果汁丰富。这种水果的甜味中带有微微的酸味，口感清新，非常适合作为零食或搭配其他食材。它的果实紧密排列，形成了一幅美丽的画面，成熟时穗状更加明显。这种水果不仅美味，而且营养价值高，含有多种维生素和矿物质，对健康大有裨益。玩家3说：这个水果通常呈圆形或椭圆形，外表光滑，皮薄易剥。与同类水果相比，它最突出的不同特征可能是它的香味浓郁，而且可能比其他水果更容易熟透。这种水果的质地柔软，口感细腻，有着独特的清香。它的果肉厚实，富含丰富的汁液，味道既甜又略带酸，非常适合生食。与其他水果相比，它的成熟速度较快，香味更加浓郁，这使得它在水果中独树一帜。它的营养价值也非常高，含有多种维生素和矿物质，对于健康十分有益。玩家4说：这个水果味道酸甜可口，多汁，富含维生素。它在同类水果中以其独特的风味和营养价值而受到人们的青睐。这个水果小巧精致，一串串地挂在枝头，每一颗都像是一颗晶莹的宝石。它的皮薄而透明，轻轻一剥就能见到饱满的果肉。成熟时，它的颜色可以是深紫或者浅绿，光泽诱人。它的味道既有酸甜的果香，又有清新爽口的酸味，多汁且富含天然果糖和多种维生素。这种水果不仅适合鲜食，也可以用来酿酒或者制作果酱，是夏季消暑解渴的佳品。你是第3号玩家，你的关键词是<木瓜>。你的回答中绝对不能包含你的关键词<木瓜>。这是第三轮描述，你之前的描述是这个水果通常呈圆形或椭圆形，外表光滑，皮薄易剥。与同类水果相比，它最突出的不同特征可能是它的香味浓郁，而且可能比其他水果更容易熟透。和这种水果的质地柔软，口感细腻，有着独特的清香。它的果肉厚实，富含丰富的汁液，味道既甜又略带酸，非常适合生食。与其他水果相比，它的成熟速度较快，香味更加浓郁，这使得它在水果中独树一帜。它的营养价值也非常高，含有多种维生素和矿物质，对于健康十分有益。，注意，这局游戏的词语分类为<水果>，卧底词和平民词都属于该类，请你补充关于关键词的描述，注意，你的描述应该比起之前的描述更加贴近关键词，作为之前的补充
2024-12-13 16:37:34,374 - 3 - INFO - **********PLAYER3**********
这种水果的特点是果实大而饱满，形状通常呈长椭圆形或葫芦形，表皮光滑，颜色可以是黄色或绿色。它的成熟果实在切开时会散发出一种特有的香气，果肉细腻，含有大量的种子。这种水果的口感独特，味道甜美，略带苦味，适合生食或作为甜品的一部分。它的营养价值丰富，含有多种维生素和酶类，对消化系统有益。这种水果在热带地区尤为常见，常被用来制作沙拉、果汁或甜品。
2024-12-13 16:38:57,051 - 3 - INFO - **********JUDGER**********
玩家1说：这个水果通常是圆形或椭圆形，皮薄多汁，颜色可以是紫色或绿色。在水果类中，它特别以其甜美的味道和富含的维生素而受到人们的喜爱。这种水果有着丰富的果肉，汁液甜美，适合鲜食。它的果实大小适中，成熟时色泽鲜艳，无论是紫红色还是绿色，都透露出诱人的光泽。它的味道既甜又略带酸，是解渴消暑的佳品。在同类水果中，它的营养价值高，含有丰富的天然果糖和多种维生素，对健康非常有益。这种水果通常单粒生长，果实较小，但每一颗都充满汁液，味道甜美，略带微酸。它的果实通常在成熟时呈现出紫红色或绿色，色泽鲜艳，光泽诱人。这种水果可以直接食用，也可以用来酿酒或制作果酱，是夏季消暑解渴的佳品。玩家2说：这种水果外形圆润，通常有紫红色或绿色的皮，成熟时汁多味甜。与同类水果相比，它特别之处在于果实较大，种子较少。这种水果通常体积较小，但结构紧密，果粒饱满。它的果实紧密排列，呈现出一定的穗状，成熟时果粒呈现出鲜艳的紫红色或绿色。这种水果在口感上既有甜味，又带有一定的酸味，非常适合搭配其他食物或单独食用。与同类水果相比，它的果肉更为紧实，果汁丰富，且几乎无籽，这使得它在水果市场上颇受欢迎。这种水果的果实呈串状，每一串都像是一串串珍珠，挂在枝头。它的果实大小均匀，成熟时呈现出诱人的紫红色或绿色，色泽鲜艳。果实的外表光滑，皮薄且容易剥离，果肉紧实，果汁丰富。这种水果的甜味中带有微微的酸味，口感清新，非常适合作为零食或搭配其他食材。它的果实紧密排列，形成了一幅美丽的画面，成熟时穗状更加明显。这种水果不仅美味，而且营养价值高，含有多种维生素和矿物质，对健康大有裨益。玩家3说：这个水果通常呈圆形或椭圆形，外表光滑，皮薄易剥。与同类水果相比，它最突出的不同特征可能是它的香味浓郁，而且可能比其他水果更容易熟透。这种水果的质地柔软，口感细腻，有着独特的清香。它的果肉厚实，富含丰富的汁液，味道既甜又略带酸，非常适合生食。与其他水果相比，它的成熟速度较快，香味更加浓郁，这使得它在水果中独树一帜。它的营养价值也非常高，含有多种维生素和矿物质，对于健康十分有益。这种水果的特点是果实大而饱满，形状通常呈长椭圆形或葫芦形，表皮光滑，颜色可以是黄色或绿色。它的成熟果实在切开时会散发出一种特有的香气，果肉细腻，含有大量的种子。这种水果的口感独特，味道甜美，略带苦味，适合生食或作为甜品的一部分。它的营养价值丰富，含有多种维生素和酶类，对消化系统有益。这种水果在热带地区尤为常见，常被用来制作沙拉、果汁或甜品。玩家4说：这个水果味道酸甜可口，多汁，富含维生素。它在同类水果中以其独特的风味和营养价值而受到人们的青睐。这个水果小巧精致，一串串地挂在枝头，每一颗都像是一颗晶莹的宝石。它的皮薄而透明，轻轻一剥就能见到饱满的果肉。成熟时，它的颜色可以是深紫或者浅绿，光泽诱人。它的味道既有酸甜的果香，又有清新爽口的酸味，多汁且富含天然果糖和多种维生素。这种水果不仅适合鲜食，也可以用来酿酒或者制作果酱，是夏季消暑解渴的佳品。在《谁是卧底》游戏中，我作为玩家，现在来描述我的词语：

我想象中的水果是一种神秘的存在，它不常见，但拥有令人难以忘怀的香味和口感。它的形状可能是奇特的，颜色可能是不寻常的，但它的味道绝对与众不同，让人回味无穷。这种水果可能是传说中的仙果，它在自然界中极为罕见，但却有着极高的营养价值。它的存在，仿佛是一种奇迹，让人对自然充满了敬畏和向往。

现在，我要小心地描述我的词语，不能直接说出它的名字，同时也要注意观察其他玩家的描述，以便在投票时能够准确地找出卧底。||在这个游戏中，我们需要通过分析每位玩家的描述来找出卧底。通常，平民的描述会围绕相同的词语展开，而卧底的描述可能会因为词语的不同而显得不太一致。我们需要仔细比较每个描述之间的相似性和差异性，以找出可能的卧底，注意，卧底并不会隐藏自己，他会直接描述他的词语，现在，逐一分析每个玩家的描述，注意，这局游戏的词语分类为<水果>，卧底词和平民词都属于该类。||之前是第3轮描述和之前轮数描述的合集。你之前认为的卧底是玩家4。
2024-12-13 16:39:08,459 - 3 - INFO - **********PLAYER3**********
根据第三轮描述和之前轮数描述的合集，以下是我的分析：

玩家1和玩家2的描述都强调了水果的甜味、汁液丰富、色泽鲜艳以及营养价值高，这些描述与玩家3的描述相似，尤其是都提到了香味浓郁和成熟速度较快。

玩家4的描述中，虽然也提到了水果的酸甜可口、多汁、富含维生素，但没有像其他玩家那样详细描述果实的外观特征，而是更侧重于味道和营养价值。

玩家3的描述中，特别强调了水果的香味浓郁和成熟速度较快，这是与其他玩家描述的一个明显差异。

综合以上分析，玩家3的描述与其他玩家的描述存在显著差异，尤其是在香味和成熟速度的描述上，这可能与卧底词的特征不一致。因此，根据这些分析，玩家3可能是卧底。
2024-12-13 16:39:08,462 - 3 - INFO - **********JUDGER**********
你刚刚的分析是根据第三轮描述和之前轮数描述的合集，以下是我的分析：

玩家1和玩家2的描述都强调了水果的甜味、汁液丰富、色泽鲜艳以及营养价值高，这些描述与玩家3的描述相似，尤其是都提到了香味浓郁和成熟速度较快。

玩家4的描述中，虽然也提到了水果的酸甜可口、多汁、富含维生素，但没有像其他玩家那样详细描述果实的外观特征，而是更侧重于味道和营养价值。

玩家3的描述中，特别强调了水果的香味浓郁和成熟速度较快，这是与其他玩家描述的一个明显差异。

综合以上分析，玩家3的描述与其他玩家的描述存在显著差异，尤其是在香味和成熟速度的描述上，这可能与卧底词的特征不一致。因此，根据这些分析，玩家3可能是卧底。|| `请根据上述分析，比较描述以找出不一致之处，注意，这局游戏的词语分类为<水果>，卧底词和平民词都属于该类。
2024-12-13 16:39:19,380 - 3 - INFO - **********PLAYER3**********
根据上述分析，以下是一致和不一致之处：

**一致之处**：
- 所有玩家都提到了水果的甜味、汁液丰富、营养价值高。
- 所有玩家都描述了水果的颜色可以是紫色或绿色。
- 所有玩家都提到了水果成熟时的色泽鲜艳。

**不一致之处**：
- 玩家3特别强调了水果的香味浓郁和成熟速度较快，这是与其他玩家描述的一个显著差异。
- 玩家4的描述虽然也提到了味道酸甜可口、多汁、富含维生素，但没有详细描述外观特征，而是更侧重于味道和营养价值。

基于这些不一致之处，玩家3的描述在香味和成熟速度上与其他玩家的描述最为不同，这可能是卧底词的特征不吻合的表现。而玩家4的描述虽然在外观特征的描述上不如其他玩家详细，但在味道和营养价值上的描述与其他玩家有相似之处。因此，不一致之处主要集中在玩家3的描述上。
2024-12-13 16:39:19,382 - 3 - INFO - **********JUDGER**********
你刚刚的分析是根据上述分析，以下是一致和不一致之处：

**一致之处**：
- 所有玩家都提到了水果的甜味、汁液丰富、营养价值高。
- 所有玩家都描述了水果的颜色可以是紫色或绿色。
- 所有玩家都提到了水果成熟时的色泽鲜艳。

**不一致之处**：
- 玩家3特别强调了水果的香味浓郁和成熟速度较快，这是与其他玩家描述的一个显著差异。
- 玩家4的描述虽然也提到了味道酸甜可口、多汁、富含维生素，但没有详细描述外观特征，而是更侧重于味道和营养价值。

基于这些不一致之处，玩家3的描述在香味和成熟速度上与其他玩家的描述最为不同，这可能是卧底词的特征不吻合的表现。而玩家4的描述虽然在外观特征的描述上不如其他玩家详细，但在味道和营养价值上的描述与其他玩家有相似之处。因此，不一致之处主要集中在玩家3的描述上。|| 请通过你分析的不一致之处，推断卧底身份，注意，这局游戏的词语分类为<水果>，卧底词和平民词都属于该类。
2024-12-13 16:39:25,673 - 3 - INFO - **********PLAYER3**********
基于分析中提到的不一致之处，我的推断是：

玩家3的描述中特别强调了水果的香味浓郁和成熟速度较快，这两个特征在玩家1、玩家2和玩家4的描述中没有出现。由于游戏规则中卧底词和平民词都属于水果类别，但描述可能有所不同，玩家3的描述中提到的这些独特特征可能暗示了他持有的水果词与其他玩家不同。

因此，根据这些不一致之处，玩家3可能是卧底。
2024-12-13 16:39:25,677 - 3 - INFO - **********JUDGER**********
你刚刚的推断是基于分析中提到的不一致之处，我的推断是：

玩家3的描述中特别强调了水果的香味浓郁和成熟速度较快，这两个特征在玩家1、玩家2和玩家4的描述中没有出现。由于游戏规则中卧底词和平民词都属于水果类别，但描述可能有所不同，玩家3的描述中提到的这些独特特征可能暗示了他持有的水果词与其他玩家不同。

因此，根据这些不一致之处，玩家3可能是卧底。|| 基于你刚刚的推断得出你的最终结论，请输出你认为的卧底，在这种情况下只需要输出编号，是1-4中的某个数字，不要输出其他信息。在这个过程不要进行任何推理，只对||以前的部分进行信息提取
2024-12-13 16:39:27,514 - 3 - INFO - **********PLAYER3**********
3
2024-12-13 16:39:27,515 - 3 - INFO - **********JUDGER**********
你认为卧底是你自己。你现在需要随便选一个人投票。请输出一个数字，是1-4中的某个数字，但这个数字不能是3，不要输出其他信息。
2024-12-13 16:39:29,186 - 3 - INFO - **********PLAYER3**********
2
