2024-12-13 16:31:37,114 - 4 - INFO - **********JUDGER**********
让我们来玩一个叫做<谁是卧底>的推理游戏。基本规则：<人数>：4人。<角色分配>：每位玩家随机抽取一个词语，3名玩家拿到的词语是相同的（平民词），1名玩家拿到与之相近但不同的词语（卧底词）。<游戏流程>：1、玩家轮流描述自己的词语，但<不能>直接说出词语本身。2、描述完毕后，投票选出最像卧底的玩家。3、每轮结束后，被投票选出的玩家出局，不能再进行描述或投票。4、每轮投票结束后，如果卧底被成功找出，平民方获胜；如果卧底未被找出且卧底人数等于或超过平民人数，则卧底方获胜。你将扮演一个<玩家>，请等待你被分配到的关键词。如果你听懂了，只回答，"好的，我准备好参加游戏了"，不要输出别的信息
2024-12-13 16:31:39,512 - 4 - INFO - **********PLAYER4**********
好的，我准备好参加游戏了
2024-12-13 16:31:46,285 - 4 - INFO - **********JUDGER**********
玩家1说：这个水果通常是圆形或椭圆形，皮薄多汁，颜色可以是紫色或绿色。在水果类中，它特别以其甜美的味道和富含的维生素而受到人们的喜爱。玩家2说：这种水果外形圆润，通常有紫红色或绿色的皮，成熟时汁多味甜。与同类水果相比，它特别之处在于果实较大，种子较少。玩家3说：这个水果通常呈圆形或椭圆形，外表光滑，皮薄易剥。与同类水果相比，它最突出的不同特征可能是它的香味浓郁，而且可能比其他水果更容易熟透。玩家4说：|| 你是第4号玩家，你的关键词是<葡萄>。你的回答中绝对不能包含你的关键词<葡萄>。这是第一轮描述，不需要分析||之前别的玩家的描述，请你描述关键词基本特征，注意，这局游戏的词语分类为<水果>，卧底词和平民词都属于该类，描述包括以下两点，1.他的基本特征是什么2.他在该类（水果）中最突出不同的特征是什么，尽量简短
2024-12-13 16:31:48,125 - 4 - INFO - **********PLAYER4**********
这个水果味道酸甜可口，多汁，富含维生素。它在同类水果中以其独特的风味和营养价值而受到人们的青睐。
2024-12-13 16:33:44,610 - 4 - INFO - **********JUDGER**********
玩家1说：这个水果通常是圆形或椭圆形，皮薄多汁，颜色可以是紫色或绿色。在水果类中，它特别以其甜美的味道和富含的维生素而受到人们的喜爱。玩家2说：这种水果外形圆润，通常有紫红色或绿色的皮，成熟时汁多味甜。与同类水果相比，它特别之处在于果实较大，种子较少。玩家3说：这个水果通常呈圆形或椭圆形，外表光滑，皮薄易剥。与同类水果相比，它最突出的不同特征可能是它的香味浓郁，而且可能比其他水果更容易熟透。玩家4说：||在这个游戏中，我们需要通过分析每位玩家的描述来找出卧底。通常，平民的描述会围绕相同的词语展开，而卧底的描述可能会因为词语的不同而显得不太一致。我们需要仔细比较每个描述之间的相似性和差异性，以找出可能的卧底，注意，卧底并不会隐藏自己，他会直接描述他的词语，现在，逐一分析每个玩家的描述，注意，这局游戏的词语分类为<水果>，卧底词和平民词都属于该类。这是第一轮描述。
2024-12-13 16:33:51,891 - 4 - INFO - **********PLAYER4**********
明白了，现在我来分析一下每位玩家的描述。

玩家1和玩家3的描述非常相似，都提到了水果的圆形或椭圆形、皮薄多汁、颜色为紫色或绿色等特点，以及甜美的味道和富含维生素。玩家2的描述也包含了圆形、皮薄、汁多味甜，但特别强调了果实较大和种子较少。玩家4的描述虽然也提到了圆形、皮薄易剥，但强调了香味浓郁和容易熟透。

从描述的相似性和差异性来看，玩家1和玩家3的描述最接近，而玩家2和玩家4的描述则有所区别。如果假设玩家1和玩家3是平民，那么玩家2和玩家4中可能有一个是卧底。由于玩家4的描述中提到了香味浓郁和容易熟透，这与前两位玩家的描述有所不同，因此玩家4可能是卧底。但这只是一个初步的判断，需要更多的信息来确定。
2024-12-13 16:33:51,892 - 4 - INFO - **********JUDGER**********
你刚刚的分析是明白了，现在我来分析一下每位玩家的描述。

玩家1和玩家3的描述非常相似，都提到了水果的圆形或椭圆形、皮薄多汁、颜色为紫色或绿色等特点，以及甜美的味道和富含维生素。玩家2的描述也包含了圆形、皮薄、汁多味甜，但特别强调了果实较大和种子较少。玩家4的描述虽然也提到了圆形、皮薄易剥，但强调了香味浓郁和容易熟透。

从描述的相似性和差异性来看，玩家1和玩家3的描述最接近，而玩家2和玩家4的描述则有所区别。如果假设玩家1和玩家3是平民，那么玩家2和玩家4中可能有一个是卧底。由于玩家4的描述中提到了香味浓郁和容易熟透，这与前两位玩家的描述有所不同，因此玩家4可能是卧底。但这只是一个初步的判断，需要更多的信息来确定。|| `请根据上述分析，比较描述以找出不一致之处，注意，这局游戏的词语分类为<水果>，卧底词和平民词都属于该类。
2024-12-13 16:34:01,549 - 4 - INFO - **********PLAYER4**********
根据上述分析，我们可以比较描述中的一致性和不一致之处：

一致之处：
- 所有玩家都提到了水果的形状（圆形或椭圆形）。
- 都描述了水果的皮薄和多汁特性。
- 都提到了颜色可以是紫色或绿色。
- 都强调了水果的甜美味道和富含维生素。

不一致之处：
- 玩家2特别提到了果实较大和种子较少，这是玩家1和玩家3没有提到的。
- 玩家4特别提到了香味浓郁和容易熟透，这是玩家1、玩家2和玩家3没有提到的，并且与玩家1和玩家3描述的甜味和维生素含量有所不同。

基于这些不一致之处，玩家2和玩家4的描述与玩家1和玩家3的描述有明显的差异。如果玩家1和玩家3是平民，那么玩家2和玩家4中的一个是卧底。玩家4的描述提到了香味和成熟度，这可能是与其他玩家描述最不匹配的地方，因此玩家4可能是卧底。然而，这个结论需要进一步的信息和玩家的投票来确定。
2024-12-13 16:34:01,551 - 4 - INFO - **********JUDGER**********
你刚刚的分析是根据上述分析，我们可以比较描述中的一致性和不一致之处：

一致之处：
- 所有玩家都提到了水果的形状（圆形或椭圆形）。
- 都描述了水果的皮薄和多汁特性。
- 都提到了颜色可以是紫色或绿色。
- 都强调了水果的甜美味道和富含维生素。

不一致之处：
- 玩家2特别提到了果实较大和种子较少，这是玩家1和玩家3没有提到的。
- 玩家4特别提到了香味浓郁和容易熟透，这是玩家1、玩家2和玩家3没有提到的，并且与玩家1和玩家3描述的甜味和维生素含量有所不同。

基于这些不一致之处，玩家2和玩家4的描述与玩家1和玩家3的描述有明显的差异。如果玩家1和玩家3是平民，那么玩家2和玩家4中的一个是卧底。玩家4的描述提到了香味和成熟度，这可能是与其他玩家描述最不匹配的地方，因此玩家4可能是卧底。然而，这个结论需要进一步的信息和玩家的投票来确定。|| 请通过你分析的不一致之处，推断卧底身份，注意，这局游戏的词语分类为<水果>，卧底词和平民词都属于该类。
2024-12-13 16:34:09,629 - 4 - INFO - **********PLAYER4**********
根据上述分析，我们可以推断以下信息：

- 玩家1、玩家2和玩家3的描述都集中在水果的外观（圆形或椭圆形）、皮薄、多汁、颜色（紫色或绿色）以及口感（甜美、富含维生素）上。
- 玩家4的描述中，除了这些共同点，还提到了香味浓郁和容易熟透。

由于所有玩家的词语都属于水果类，且玩家4的描述中提到的“香味浓郁”和“容易熟透”与玩家1和玩家3的描述不一致，而玩家2虽然也提到了果实的特征，但并没有特别强调这些与香味和成熟度相关的特征。

因此，基于这些信息，玩家4的描述可能是与平民描述最不匹配的，从而推断玩家4可能是卧底。然而，这种推断仅基于描述中的细微差别，还需要结合其他信息，如玩家的行为、表情、投票等来确定最终的卧底身份。
2024-12-13 16:34:09,631 - 4 - INFO - **********JUDGER**********
你刚刚的推断是根据上述分析，我们可以推断以下信息：

- 玩家1、玩家2和玩家3的描述都集中在水果的外观（圆形或椭圆形）、皮薄、多汁、颜色（紫色或绿色）以及口感（甜美、富含维生素）上。
- 玩家4的描述中，除了这些共同点，还提到了香味浓郁和容易熟透。

由于所有玩家的词语都属于水果类，且玩家4的描述中提到的“香味浓郁”和“容易熟透”与玩家1和玩家3的描述不一致，而玩家2虽然也提到了果实的特征，但并没有特别强调这些与香味和成熟度相关的特征。

因此，基于这些信息，玩家4的描述可能是与平民描述最不匹配的，从而推断玩家4可能是卧底。然而，这种推断仅基于描述中的细微差别，还需要结合其他信息，如玩家的行为、表情、投票等来确定最终的卧底身份。|| 基于你刚刚的推断得出你的最终结论，请输出你认为的卧底，在这种情况下只需要输出编号，是1-4中的某个数字，不要输出其他信息。在这个过程不要进行任何推理，只对||以前的部分进行信息提取
2024-12-13 16:34:10,460 - 4 - INFO - **********PLAYER4**********
4
2024-12-13 16:34:24,184 - 4 - INFO - **********JUDGER**********
玩家1说：这个水果通常是圆形或椭圆形，皮薄多汁，颜色可以是紫色或绿色。在水果类中，它特别以其甜美的味道和富含的维生素而受到人们的喜爱。这种水果有着丰富的果肉，汁液甜美，适合鲜食。它的果实大小适中，成熟时色泽鲜艳，无论是紫红色还是绿色，都透露出诱人的光泽。它的味道既甜又略带酸，是解渴消暑的佳品。在同类水果中，它的营养价值高，含有丰富的天然果糖和多种维生素，对健康非常有益。玩家2说：这种水果外形圆润，通常有紫红色或绿色的皮，成熟时汁多味甜。与同类水果相比，它特别之处在于果实较大，种子较少。这种水果通常体积较小，但结构紧密，果粒饱满。它的果实紧密排列，呈现出一定的穗状，成熟时果粒呈现出鲜艳的紫红色或绿色。这种水果在口感上既有甜味，又带有一定的酸味，非常适合搭配其他食物或单独食用。与同类水果相比，它的果肉更为紧实，果汁丰富，且几乎无籽，这使得它在水果市场上颇受欢迎。玩家3说：这个水果通常呈圆形或椭圆形，外表光滑，皮薄易剥。与同类水果相比，它最突出的不同特征可能是它的香味浓郁，而且可能比其他水果更容易熟透。这种水果的质地柔软，口感细腻，有着独特的清香。它的果肉厚实，富含丰富的汁液，味道既甜又略带酸，非常适合生食。与其他水果相比，它的成熟速度较快，香味更加浓郁，这使得它在水果中独树一帜。它的营养价值也非常高，含有多种维生素和矿物质，对于健康十分有益。玩家4说：这个水果味道酸甜可口，多汁，富含维生素。它在同类水果中以其独特的风味和营养价值而受到人们的青睐。你是第4号玩家，你的关键词是<葡萄>。你的回答中绝对不能包含你的关键词<葡萄>。这是第二轮描述，你之前的描述是这个水果味道酸甜可口，多汁，富含维生素。它在同类水果中以其独特的风味和营养价值而受到人们的青睐。，注意，这局游戏的词语分类为<水果>，卧底词和平民词都属于该类，请你补充关于关键词的描述，注意，你的描述应该比起之前的描述更加贴近关键词，作为之前的补充
2024-12-13 16:34:28,835 - 4 - INFO - **********PLAYER4**********
这个水果小巧精致，一串串地挂在枝头，每一颗都像是一颗晶莹的宝石。它的皮薄而透明，轻轻一剥就能见到饱满的果肉。成熟时，它的颜色可以是深紫或者浅绿，光泽诱人。它的味道既有酸甜的果香，又有清新爽口的酸味，多汁且富含天然果糖和多种维生素。这种水果不仅适合鲜食，也可以用来酿酒或者制作果酱，是夏季消暑解渴的佳品。
2024-12-13 16:36:17,056 - 4 - INFO - **********JUDGER**********
玩家1说：这个水果通常是圆形或椭圆形，皮薄多汁，颜色可以是紫色或绿色。在水果类中，它特别以其甜美的味道和富含的维生素而受到人们的喜爱。这种水果有着丰富的果肉，汁液甜美，适合鲜食。它的果实大小适中，成熟时色泽鲜艳，无论是紫红色还是绿色，都透露出诱人的光泽。它的味道既甜又略带酸，是解渴消暑的佳品。在同类水果中，它的营养价值高，含有丰富的天然果糖和多种维生素，对健康非常有益。玩家2说：这种水果外形圆润，通常有紫红色或绿色的皮，成熟时汁多味甜。与同类水果相比，它特别之处在于果实较大，种子较少。这种水果通常体积较小，但结构紧密，果粒饱满。它的果实紧密排列，呈现出一定的穗状，成熟时果粒呈现出鲜艳的紫红色或绿色。这种水果在口感上既有甜味，又带有一定的酸味，非常适合搭配其他食物或单独食用。与同类水果相比，它的果肉更为紧实，果汁丰富，且几乎无籽，这使得它在水果市场上颇受欢迎。玩家3说：这个水果通常呈圆形或椭圆形，外表光滑，皮薄易剥。与同类水果相比，它最突出的不同特征可能是它的香味浓郁，而且可能比其他水果更容易熟透。这种水果的质地柔软，口感细腻，有着独特的清香。它的果肉厚实，富含丰富的汁液，味道既甜又略带酸，非常适合生食。与其他水果相比，它的成熟速度较快，香味更加浓郁，这使得它在水果中独树一帜。它的营养价值也非常高，含有多种维生素和矿物质，对于健康十分有益。玩家4说：这个水果味道酸甜可口，多汁，富含维生素。它在同类水果中以其独特的风味和营养价值而受到人们的青睐。||在这个游戏中，我们需要通过分析每位玩家的描述来找出卧底。通常，平民的描述会围绕相同的词语展开，而卧底的描述可能会因为词语的不同而显得不太一致。我们需要仔细比较每个描述之间的相似性和差异性，以找出可能的卧底，注意，卧底并不会隐藏自己，他会直接描述他的词语，现在，逐一分析每个玩家的描述，注意，这局游戏的词语分类为<水果>，卧底词和平民词都属于该类。||之前是第2轮描述和之前轮数描述的合集。你之前认为的卧底是玩家4。
2024-12-13 16:36:38,087 - 4 - INFO - **********PLAYER4**********
经过分析，我之前的推断是基于玩家4的描述与其他玩家的描述存在不一致之处。然而，现在考虑到所有玩家的第二轮描述，以下是我的新分析：

- 玩家1和玩家2的描述都提到了水果的圆形或椭圆形、皮薄多汁、颜色可以是紫色或绿色、成熟时汁多味甜、果实大小适中、营养价值高等特点。
- 玩家3的描述同样提到了圆形或椭圆形、皮薄易剥、香味浓郁、容易熟透、质地柔软、口感细腻、果肉厚实、味道甜又略带酸、营养价值高。
- 玩家4的描述再次强调了味道酸甜可口、多汁、富含维生素、独特的风味和营养价值。

尽管玩家4的描述与其他玩家的描述有一定的重叠，但它并没有特别强调与其他玩家描述不一致的特定特征，如果实大小、种子数量、香味浓郁等。因此，如果之前认为玩家4是卧底是基于其描述的独特性，那么在新的描述中，这种独特性并没有得到加强。

考虑到这些，如果必须选择一个玩家作为卧底，玩家4的描述与其他玩家的描述仍然存在一定的不一致性，但不足以明确指出她是卧底。因此，我之前的结论需要重新评估，没有足够的证据来明确指出玩家4是卧底。在这种情况下，我无法确定卧底的身份。
2024-12-13 16:36:38,089 - 4 - INFO - **********JUDGER**********
你刚刚的分析是经过分析，我之前的推断是基于玩家4的描述与其他玩家的描述存在不一致之处。然而，现在考虑到所有玩家的第二轮描述，以下是我的新分析：

- 玩家1和玩家2的描述都提到了水果的圆形或椭圆形、皮薄多汁、颜色可以是紫色或绿色、成熟时汁多味甜、果实大小适中、营养价值高等特点。
- 玩家3的描述同样提到了圆形或椭圆形、皮薄易剥、香味浓郁、容易熟透、质地柔软、口感细腻、果肉厚实、味道甜又略带酸、营养价值高。
- 玩家4的描述再次强调了味道酸甜可口、多汁、富含维生素、独特的风味和营养价值。

尽管玩家4的描述与其他玩家的描述有一定的重叠，但它并没有特别强调与其他玩家描述不一致的特定特征，如果实大小、种子数量、香味浓郁等。因此，如果之前认为玩家4是卧底是基于其描述的独特性，那么在新的描述中，这种独特性并没有得到加强。

考虑到这些，如果必须选择一个玩家作为卧底，玩家4的描述与其他玩家的描述仍然存在一定的不一致性，但不足以明确指出她是卧底。因此，我之前的结论需要重新评估，没有足够的证据来明确指出玩家4是卧底。在这种情况下，我无法确定卧底的身份。|| `请根据上述分析，比较描述以找出不一致之处，注意，这局游戏的词语分类为<水果>，卧底词和平民词都属于该类。
2024-12-13 16:36:51,540 - 4 - INFO - **********PLAYER4**********
根据上述分析，我们来比较每位玩家的描述，寻找不一致之处：

- 玩家1和玩家2的描述都提到了水果的形状（圆形或椭圆形）、皮薄、多汁、颜色（紫色或绿色）、成熟时汁多味甜、果实大小适中、营养价值高。
- 玩家3的描述提到了水果的形状（圆形或椭圆形）、皮薄易剥、香味浓郁、容易熟透、质地柔软、口感细腻、果肉厚实、味道甜又略带酸、营养价值高。
- 玩家4的描述强调了味道酸甜可口、多汁、富含维生素、独特的风味和营养价值。

不一致之处：
- 玩家3的描述特别提到了香味浓郁和容易熟透，这是玩家1和玩家2没有强调的。
- 玩家4的描述没有特别强调香味和成熟度，而是更多地强调了味道、多汁和营养价值。

基于这些不一致之处，玩家3的描述与其他两位玩家相比，有更明显的差异，特别是关于香味和成熟度的描述。这可能导致玩家3的描述与平民词更不一致，因此玩家3可能是卧底。然而，这种推断仍然需要结合其他信息和投票结果来确定。
2024-12-13 16:36:51,543 - 4 - INFO - **********JUDGER**********
你刚刚的分析是根据上述分析，我们来比较每位玩家的描述，寻找不一致之处：

- 玩家1和玩家2的描述都提到了水果的形状（圆形或椭圆形）、皮薄、多汁、颜色（紫色或绿色）、成熟时汁多味甜、果实大小适中、营养价值高。
- 玩家3的描述提到了水果的形状（圆形或椭圆形）、皮薄易剥、香味浓郁、容易熟透、质地柔软、口感细腻、果肉厚实、味道甜又略带酸、营养价值高。
- 玩家4的描述强调了味道酸甜可口、多汁、富含维生素、独特的风味和营养价值。

不一致之处：
- 玩家3的描述特别提到了香味浓郁和容易熟透，这是玩家1和玩家2没有强调的。
- 玩家4的描述没有特别强调香味和成熟度，而是更多地强调了味道、多汁和营养价值。

基于这些不一致之处，玩家3的描述与其他两位玩家相比，有更明显的差异，特别是关于香味和成熟度的描述。这可能导致玩家3的描述与平民词更不一致，因此玩家3可能是卧底。然而，这种推断仍然需要结合其他信息和投票结果来确定。|| 请通过你分析的不一致之处，推断卧底身份，注意，这局游戏的词语分类为<水果>，卧底词和平民词都属于该类。
2024-12-13 16:36:52,792 - 4 - INFO - **********PLAYER4**********
3
2024-12-13 16:36:52,792 - 4 - INFO - **********JUDGER**********
你刚刚的推断是3|| 基于你刚刚的推断得出你的最终结论，请输出你认为的卧底，在这种情况下只需要输出编号，是1-4中的某个数字，不要输出其他信息。在这个过程不要进行任何推理，只对||以前的部分进行信息提取
2024-12-13 16:36:54,906 - 4 - INFO - **********PLAYER4**********
3
2024-12-13 16:37:34,376 - 4 - INFO - **********JUDGER**********
玩家1说：这个水果通常是圆形或椭圆形，皮薄多汁，颜色可以是紫色或绿色。在水果类中，它特别以其甜美的味道和富含的维生素而受到人们的喜爱。这种水果有着丰富的果肉，汁液甜美，适合鲜食。它的果实大小适中，成熟时色泽鲜艳，无论是紫红色还是绿色，都透露出诱人的光泽。它的味道既甜又略带酸，是解渴消暑的佳品。在同类水果中，它的营养价值高，含有丰富的天然果糖和多种维生素，对健康非常有益。这种水果通常单粒生长，果实较小，但每一颗都充满汁液，味道甜美，略带微酸。它的果实通常在成熟时呈现出紫红色或绿色，色泽鲜艳，光泽诱人。这种水果可以直接食用，也可以用来酿酒或制作果酱，是夏季消暑解渴的佳品。玩家2说：这种水果外形圆润，通常有紫红色或绿色的皮，成熟时汁多味甜。与同类水果相比，它特别之处在于果实较大，种子较少。这种水果通常体积较小，但结构紧密，果粒饱满。它的果实紧密排列，呈现出一定的穗状，成熟时果粒呈现出鲜艳的紫红色或绿色。这种水果在口感上既有甜味，又带有一定的酸味，非常适合搭配其他食物或单独食用。与同类水果相比，它的果肉更为紧实，果汁丰富，且几乎无籽，这使得它在水果市场上颇受欢迎。这种水果的果实呈串状，每一串都像是一串串珍珠，挂在枝头。它的果实大小均匀，成熟时呈现出诱人的紫红色或绿色，色泽鲜艳。果实的外表光滑，皮薄且容易剥离，果肉紧实，果汁丰富。这种水果的甜味中带有微微的酸味，口感清新，非常适合作为零食或搭配其他食材。它的果实紧密排列，形成了一幅美丽的画面，成熟时穗状更加明显。这种水果不仅美味，而且营养价值高，含有多种维生素和矿物质，对健康大有裨益。玩家3说：这个水果通常呈圆形或椭圆形，外表光滑，皮薄易剥。与同类水果相比，它最突出的不同特征可能是它的香味浓郁，而且可能比其他水果更容易熟透。这种水果的质地柔软，口感细腻，有着独特的清香。它的果肉厚实，富含丰富的汁液，味道既甜又略带酸，非常适合生食。与其他水果相比，它的成熟速度较快，香味更加浓郁，这使得它在水果中独树一帜。它的营养价值也非常高，含有多种维生素和矿物质，对于健康十分有益。这种水果的特点是果实大而饱满，形状通常呈长椭圆形或葫芦形，表皮光滑，颜色可以是黄色或绿色。它的成熟果实在切开时会散发出一种特有的香气，果肉细腻，含有大量的种子。这种水果的口感独特，味道甜美，略带苦味，适合生食或作为甜品的一部分。它的营养价值丰富，含有多种维生素和酶类，对消化系统有益。这种水果在热带地区尤为常见，常被用来制作沙拉、果汁或甜品。玩家4说：这个水果味道酸甜可口，多汁，富含维生素。它在同类水果中以其独特的风味和营养价值而受到人们的青睐。这个水果小巧精致，一串串地挂在枝头，每一颗都像是一颗晶莹的宝石。它的皮薄而透明，轻轻一剥就能见到饱满的果肉。成熟时，它的颜色可以是深紫或者浅绿，光泽诱人。它的味道既有酸甜的果香，又有清新爽口的酸味，多汁且富含天然果糖和多种维生素。这种水果不仅适合鲜食，也可以用来酿酒或者制作果酱，是夏季消暑解渴的佳品。你是第4号玩家，你的关键词是<葡萄>。你的回答中绝对不能包含你的关键词<葡萄>。这是第三轮描述，你之前的描述是这个水果味道酸甜可口，多汁，富含维生素。它在同类水果中以其独特的风味和营养价值而受到人们的青睐。和这个水果小巧精致，一串串地挂在枝头，每一颗都像是一颗晶莹的宝石。它的皮薄而透明，轻轻一剥就能见到饱满的果肉。成熟时，它的颜色可以是深紫或者浅绿，光泽诱人。它的味道既有酸甜的果香，又有清新爽口的酸味，多汁且富含天然果糖和多种维生素。这种水果不仅适合鲜食，也可以用来酿酒或者制作果酱，是夏季消暑解渴的佳品。，注意，这局游戏的词语分类为<水果>，卧底词和平民词都属于该类，请你补充关于关键词的描述，注意，你的描述应该比起之前的描述更加贴近关键词，作为之前的补充
2024-12-13 16:37:42,136 - 4 - INFO - **********PLAYER4**********
在《谁是卧底》游戏中，我作为玩家，现在来描述我的词语：

我想象中的水果是一种神秘的存在，它不常见，但拥有令人难以忘怀的香味和口感。它的形状可能是奇特的，颜色可能是不寻常的，但它的味道绝对与众不同，让人回味无穷。这种水果可能是传说中的仙果，它在自然界中极为罕见，但却有着极高的营养价值。它的存在，仿佛是一种奇迹，让人对自然充满了敬畏和向往。

现在，我要小心地描述我的词语，不能直接说出它的名字，同时也要注意观察其他玩家的描述，以便在投票时能够准确地找出卧底。
2024-12-13 16:39:29,186 - 4 - INFO - **********JUDGER**********
玩家1说：这个水果通常是圆形或椭圆形，皮薄多汁，颜色可以是紫色或绿色。在水果类中，它特别以其甜美的味道和富含的维生素而受到人们的喜爱。这种水果有着丰富的果肉，汁液甜美，适合鲜食。它的果实大小适中，成熟时色泽鲜艳，无论是紫红色还是绿色，都透露出诱人的光泽。它的味道既甜又略带酸，是解渴消暑的佳品。在同类水果中，它的营养价值高，含有丰富的天然果糖和多种维生素，对健康非常有益。这种水果通常单粒生长，果实较小，但每一颗都充满汁液，味道甜美，略带微酸。它的果实通常在成熟时呈现出紫红色或绿色，色泽鲜艳，光泽诱人。这种水果可以直接食用，也可以用来酿酒或制作果酱，是夏季消暑解渴的佳品。玩家2说：这种水果外形圆润，通常有紫红色或绿色的皮，成熟时汁多味甜。与同类水果相比，它特别之处在于果实较大，种子较少。这种水果通常体积较小，但结构紧密，果粒饱满。它的果实紧密排列，呈现出一定的穗状，成熟时果粒呈现出鲜艳的紫红色或绿色。这种水果在口感上既有甜味，又带有一定的酸味，非常适合搭配其他食物或单独食用。与同类水果相比，它的果肉更为紧实，果汁丰富，且几乎无籽，这使得它在水果市场上颇受欢迎。这种水果的果实呈串状，每一串都像是一串串珍珠，挂在枝头。它的果实大小均匀，成熟时呈现出诱人的紫红色或绿色，色泽鲜艳。果实的外表光滑，皮薄且容易剥离，果肉紧实，果汁丰富。这种水果的甜味中带有微微的酸味，口感清新，非常适合作为零食或搭配其他食材。它的果实紧密排列，形成了一幅美丽的画面，成熟时穗状更加明显。这种水果不仅美味，而且营养价值高，含有多种维生素和矿物质，对健康大有裨益。玩家3说：这个水果通常呈圆形或椭圆形，外表光滑，皮薄易剥。与同类水果相比，它最突出的不同特征可能是它的香味浓郁，而且可能比其他水果更容易熟透。这种水果的质地柔软，口感细腻，有着独特的清香。它的果肉厚实，富含丰富的汁液，味道既甜又略带酸，非常适合生食。与其他水果相比，它的成熟速度较快，香味更加浓郁，这使得它在水果中独树一帜。它的营养价值也非常高，含有多种维生素和矿物质，对于健康十分有益。这种水果的特点是果实大而饱满，形状通常呈长椭圆形或葫芦形，表皮光滑，颜色可以是黄色或绿色。它的成熟果实在切开时会散发出一种特有的香气，果肉细腻，含有大量的种子。这种水果的口感独特，味道甜美，略带苦味，适合生食或作为甜品的一部分。它的营养价值丰富，含有多种维生素和酶类，对消化系统有益。这种水果在热带地区尤为常见，常被用来制作沙拉、果汁或甜品。玩家4说：这个水果味道酸甜可口，多汁，富含维生素。它在同类水果中以其独特的风味和营养价值而受到人们的青睐。这个水果小巧精致，一串串地挂在枝头，每一颗都像是一颗晶莹的宝石。它的皮薄而透明，轻轻一剥就能见到饱满的果肉。成熟时，它的颜色可以是深紫或者浅绿，光泽诱人。它的味道既有酸甜的果香，又有清新爽口的酸味，多汁且富含天然果糖和多种维生素。这种水果不仅适合鲜食，也可以用来酿酒或者制作果酱，是夏季消暑解渴的佳品。在《谁是卧底》游戏中，我作为玩家，现在来描述我的词语：

我想象中的水果是一种神秘的存在，它不常见，但拥有令人难以忘怀的香味和口感。它的形状可能是奇特的，颜色可能是不寻常的，但它的味道绝对与众不同，让人回味无穷。这种水果可能是传说中的仙果，它在自然界中极为罕见，但却有着极高的营养价值。它的存在，仿佛是一种奇迹，让人对自然充满了敬畏和向往。

现在，我要小心地描述我的词语，不能直接说出它的名字，同时也要注意观察其他玩家的描述，以便在投票时能够准确地找出卧底。||在这个游戏中，我们需要通过分析每位玩家的描述来找出卧底。通常，平民的描述会围绕相同的词语展开，而卧底的描述可能会因为词语的不同而显得不太一致。我们需要仔细比较每个描述之间的相似性和差异性，以找出可能的卧底，注意，卧底并不会隐藏自己，他会直接描述他的词语，现在，逐一分析每个玩家的描述，注意，这局游戏的词语分类为<水果>，卧底词和平民词都属于该类。||之前是第3轮描述和之前轮数描述的合集。你之前认为的卧底是玩家3。
2024-12-13 16:39:30,237 - 4 - INFO - **********PLAYER4**********
3
2024-12-13 16:39:30,238 - 4 - INFO - **********JUDGER**********
你刚刚的分析是3|| `请根据上述分析，比较描述以找出不一致之处，注意，这局游戏的词语分类为<水果>，卧底词和平民词都属于该类。
2024-12-13 16:39:42,719 - 4 - INFO - **********PLAYER4**********
在比较四位玩家的描述后，以下是一致性和不一致之处的总结：

一致之处：
- 所有玩家都提到了水果的形状（圆形或椭圆形）、皮薄、多汁、颜色（紫色或绿色）、成熟时汁多味甜、营养价值高、富含维生素等特点。
- 都提到了水果可以直接食用、适合制作果酱或酿酒、对健康有益。

不一致之处：
- 玩家3的描述特别强调了香味浓郁、容易熟透、质地柔软、口感细腻、含有大量种子、成熟果实用刀切开时散发出特有的香气、味道甜美略带苦味等特征。
- 玩家1和玩家2的描述没有提到香味、种子数量、苦味等特征。
- 玩家4的描述没有特别强调香味、种子数量、苦味等特征，而是更多地强调了水果的神秘性、稀有性以及营养价值。

基于这些不一致之处，玩家3的描述与其他两位玩家相比有更明显的差异，特别是关于香味、种子数量和味道的描述。这可能导致玩家3的描述与平民词更不一致，因此玩家3可能是卧底。然而，这种推断仍然需要结合其他信息和投票结果来确定。
2024-12-13 16:39:42,721 - 4 - INFO - **********JUDGER**********
你刚刚的分析是在比较四位玩家的描述后，以下是一致性和不一致之处的总结：

一致之处：
- 所有玩家都提到了水果的形状（圆形或椭圆形）、皮薄、多汁、颜色（紫色或绿色）、成熟时汁多味甜、营养价值高、富含维生素等特点。
- 都提到了水果可以直接食用、适合制作果酱或酿酒、对健康有益。

不一致之处：
- 玩家3的描述特别强调了香味浓郁、容易熟透、质地柔软、口感细腻、含有大量种子、成熟果实用刀切开时散发出特有的香气、味道甜美略带苦味等特征。
- 玩家1和玩家2的描述没有提到香味、种子数量、苦味等特征。
- 玩家4的描述没有特别强调香味、种子数量、苦味等特征，而是更多地强调了水果的神秘性、稀有性以及营养价值。

基于这些不一致之处，玩家3的描述与其他两位玩家相比有更明显的差异，特别是关于香味、种子数量和味道的描述。这可能导致玩家3的描述与平民词更不一致，因此玩家3可能是卧底。然而，这种推断仍然需要结合其他信息和投票结果来确定。|| 请通过你分析的不一致之处，推断卧底身份，注意，这局游戏的词语分类为<水果>，卧底词和平民词都属于该类。
2024-12-13 16:39:44,596 - 4 - INFO - **********PLAYER4**********
3
2024-12-13 16:39:44,597 - 4 - INFO - **********JUDGER**********
你刚刚的推断是3|| 基于你刚刚的推断得出你的最终结论，请输出你认为的卧底，在这种情况下只需要输出编号，是1-4中的某个数字，不要输出其他信息。在这个过程不要进行任何推理，只对||以前的部分进行信息提取
2024-12-13 16:39:46,884 - 4 - INFO - **********PLAYER4**********
3
