2024-12-13 12:40:51,192 - 1 - INFO - **********JUDGER**********
让我们来玩一个叫做<谁是卧底>的推理游戏。基本规则：<人数>：4人。<角色分配>：每位玩家随机抽取一个词语，3名玩家拿到的词语是相同的（平民词），1名玩家拿到与之相近但不同的词语（卧底词）。<游戏流程>：1、玩家轮流描述自己的词语，但<不能>直接说出词语本身。2、描述完毕后，投票选出最像卧底的玩家。3、每轮结束后，被投票选出的玩家出局，不能再进行描述或投票。4、每轮投票结束后，如果卧底被成功找出，平民方获胜；如果卧底未被找出且卧底人数等于或超过平民人数，则卧底方获胜。你将扮演一个<玩家>，请等待你被分配到的关键词。如果你听懂了，只回答，"好的，我准备好参加游戏了"，不要输出别的信息
2024-12-13 12:40:51,749 - 1 - INFO - **********PLAYER1**********
好的，我准备好参加游戏了
2024-12-13 12:40:57,131 - 1 - INFO - **********JUDGER**********
玩家1说：玩家2说：玩家3说：玩家4说：|| 你是第1号玩家，你的关键词是<火车>。你的回答中绝对不能包含你的关键词<火车>。这是第一轮描述，不需要分析||之前别的玩家的描述，请你描述关键词基本特征，注意，这局游戏的词语分类为<交通工具>，卧底词和平民词都属于该类，描述包括以下两点，1.他的基本特征是什么2.他在该类（交通工具）中最突出不同的特征是什么，尽量简短
2024-12-13 12:40:58,237 - 1 - INFO - **********PLAYER1**********
它是一种陆上交通工具，用于长距离运输。它在同类中以其高速和舒适度而闻名。
2024-12-13 12:41:06,155 - 1 - INFO - **********JUDGER**********
玩家1说：它是一种陆上交通工具，用于长距离运输。它在同类中以其高速和舒适度而闻名。玩家2说：这是一种铁轨上行驶的车辆，主要用于长途旅行。它在同类交通工具中以其稳定的运行和相对较快的速度而著称。相较于其他交通工具，它可能在乘客的舒适度上更为突出。玩家3说：它是一种轮子驱动的车辆，能够在多种路面上行驶。相较于其他交通工具，它通常以其灵活性、便捷性和广泛的应用而最为突出。玩家4说：||在这个游戏中，我们需要通过分析每位玩家的描述来找出卧底。通常，平民的描述会围绕相同的词语展开，而卧底的描述可能会因为词语的不同而显得不太一致。我们需要仔细比较每个描述之间的相似性和差异性，以找出可能的卧底，注意，卧底并不会隐藏自己，他会直接描述他的词语，现在，逐一分析每个玩家的描述，注意，这局游戏的词语分类为<交通工具>，卧底词和平民词都属于该类。这是第一轮描述。
2024-12-13 12:41:07,987 - 1 - INFO - **********PLAYER1**********
好的，我准备好描述我的关键词了。

它是一种交通工具，设计用于搭载乘客，通常由内燃机或电力驱动。在同类中，它以其载客量大和远距离运输能力而著称。与其他交通工具相比，它在长途旅行中的舒适性和安全性方面有显著优势。
2024-12-13 12:41:07,989 - 1 - INFO - **********JUDGER**********
你刚刚的分析是好的，我准备好描述我的关键词了。

它是一种交通工具，设计用于搭载乘客，通常由内燃机或电力驱动。在同类中，它以其载客量大和远距离运输能力而著称。与其他交通工具相比，它在长途旅行中的舒适性和安全性方面有显著优势。|| `请根据上述分析，比较描述以找出不一致之处，注意，这局游戏的词语分类为<交通工具>，卧底词和平民词都属于该类。
2024-12-13 12:41:13,561 - 1 - INFO - **********PLAYER1**********
在比较四位玩家的描述后，以下是不一致之处：

1. 玩家1提到了“内燃机或电力驱动”，而玩家2和玩家3的描述中并未提及驱动方式。这可能是玩家1在描述火车时提到的特征，而其他玩家可能是在描述汽车或其他类型的交通工具。

2. 玩家2和玩家3都提到了“铁轨上行驶”或“能够在多种路面上行驶”，这暗示了它们可能是在描述火车和汽车。然而，玩家1和玩家4的描述没有明确指出行驶方式。

3. 玩家4的描述中提到了“在这个游戏中，我们需要通过分析...”，这表明玩家4可能是在引导讨论或者提供规则说明，而不是在描述交通工具。

基于这些不一致之处，玩家4可能是卧底，因为他的描述与实际描述交通工具的内容不太一致，更像是引导游戏或提供背景信息。然而，这也可能是玩家4在尝试引导讨论，而不是直接隐藏卧底身份。需要更多的信息来确认。
2024-12-13 12:41:13,563 - 1 - INFO - **********JUDGER**********
你刚刚的分析是在比较四位玩家的描述后，以下是不一致之处：

1. 玩家1提到了“内燃机或电力驱动”，而玩家2和玩家3的描述中并未提及驱动方式。这可能是玩家1在描述火车时提到的特征，而其他玩家可能是在描述汽车或其他类型的交通工具。

2. 玩家2和玩家3都提到了“铁轨上行驶”或“能够在多种路面上行驶”，这暗示了它们可能是在描述火车和汽车。然而，玩家1和玩家4的描述没有明确指出行驶方式。

3. 玩家4的描述中提到了“在这个游戏中，我们需要通过分析...”，这表明玩家4可能是在引导讨论或者提供规则说明，而不是在描述交通工具。

基于这些不一致之处，玩家4可能是卧底，因为他的描述与实际描述交通工具的内容不太一致，更像是引导游戏或提供背景信息。然而，这也可能是玩家4在尝试引导讨论，而不是直接隐藏卧底身份。需要更多的信息来确认。|| 请通过你分析的不一致之处，推断卧底身份，注意，这局游戏的词语分类为<交通工具>，卧底词和平民词都属于该类。
2024-12-13 12:41:22,639 - 1 - INFO - **********PLAYER1**********
根据上述分析，以下是我对卧底身份的推断：

1. 玩家1提到了“内燃机或电力驱动”，这通常与火车相关，但玩家2和玩家3没有提到这一点，这可能是玩家1在描述火车，而他们可能描述的是其他类型的交通工具。

2. 玩家2和玩家3都提到了“铁轨上行驶”或“能够在多种路面上行驶”，这更符合火车和汽车的特点。玩家1的描述没有提到这一点，这增加了他描述火车可能性。

3. 玩家4的描述虽然似乎是在引导讨论，但他的描述内容并没有直接指向某个具体的交通工具，而是提供了一个分析的方向。

综合以上点，玩家1的描述最有可能指向火车，因为他是唯一提到驱动方式的玩家，而驱动方式是火车的典型特征。如果其他玩家的描述指向的是汽车，那么玩家1可能是卧底，因为他与他们的描述不一致。

因此，根据描述的不一致之处，玩家1可能是卧底。然而，这只是一个基于描述的分析，实际结果可能需要进一步的投票和讨论来确定。
2024-12-13 12:41:22,641 - 1 - INFO - **********JUDGER**********
你刚刚的推断是根据上述分析，以下是我对卧底身份的推断：

1. 玩家1提到了“内燃机或电力驱动”，这通常与火车相关，但玩家2和玩家3没有提到这一点，这可能是玩家1在描述火车，而他们可能描述的是其他类型的交通工具。

2. 玩家2和玩家3都提到了“铁轨上行驶”或“能够在多种路面上行驶”，这更符合火车和汽车的特点。玩家1的描述没有提到这一点，这增加了他描述火车可能性。

3. 玩家4的描述虽然似乎是在引导讨论，但他的描述内容并没有直接指向某个具体的交通工具，而是提供了一个分析的方向。

综合以上点，玩家1的描述最有可能指向火车，因为他是唯一提到驱动方式的玩家，而驱动方式是火车的典型特征。如果其他玩家的描述指向的是汽车，那么玩家1可能是卧底，因为他与他们的描述不一致。

因此，根据描述的不一致之处，玩家1可能是卧底。然而，这只是一个基于描述的分析，实际结果可能需要进一步的投票和讨论来确定。|| 基于你刚刚的推断得出你的最终结论，请输出你认为的卧底，在这种情况下只需要输出编号，是1-4中的某个数字，不要输出其他信息。在这个过程不要进行任何推理，只对||以前的部分进行信息提取
2024-12-13 12:41:30,923 - 1 - INFO - **********PLAYER1**********
玩家1的描述中提到了“内燃机或电力驱动”，这暗示了关键词可能与动力源有关。玩家2和玩家3的描述则强调了速度、稳定性和灵活性等特征，这可能与火车的一些特点相符，但也可能是其他交通工具的特征。

玩家4的描述似乎是在引导分析过程，而不是提供具体的关键词特征。这表明玩家4可能不是卧底，因为卧底通常会直接描述自己的关键词。

如果我是玩家1，我的描述可能会引起怀疑，因为提到了动力源，而其他玩家没有提到这一点。如果我是卧底，我可能会避免提到动力源，而是强调火车在交通工具类别中的独特性，比如它的长距离运输能力、固定路线或高速。

不一致之处在于动力源和火车特有的运输特征。因此，如果我是玩家1，我可能会被认为是卧底，因为我提供的信息与其他玩家的描述不一致。如果我是卧底，我会避免这样的描述，或者提供一个与火车不同的交通工具特征。

综上所述，如果我的关键词是火车，我的描述应该强调火车在交通工具类别中的独特性，而不是动力源，以避免与其他玩家的描述不一致。如果我的描述与其他玩家相似，那么我可能不是卧底。
2024-12-13 12:41:30,924 - 1 - WARNING - Invalid vote: 玩家1的描述中提到了“内燃机或电力驱动”，这暗示了关键词可能与动力源有关。玩家2和玩家3的描述则强调了速度、稳定性和灵活性等特征，这可能与火车的一些特点相符，但也可能是其他交通工具的特征。

玩家4的描述似乎是在引导分析过程，而不是提供具体的关键词特征。这表明玩家4可能不是卧底，因为卧底通常会直接描述自己的关键词。

如果我是玩家1，我的描述可能会引起怀疑，因为提到了动力源，而其他玩家没有提到这一点。如果我是卧底，我可能会避免提到动力源，而是强调火车在交通工具类别中的独特性，比如它的长距离运输能力、固定路线或高速。

不一致之处在于动力源和火车特有的运输特征。因此，如果我是玩家1，我可能会被认为是卧底，因为我提供的信息与其他玩家的描述不一致。如果我是卧底，我会避免这样的描述，或者提供一个与火车不同的交通工具特征。

综上所述，如果我的关键词是火车，我的描述应该强调火车在交通工具类别中的独特性，而不是动力源，以避免与其他玩家的描述不一致。如果我的描述与其他玩家相似，那么我可能不是卧底。. Asking again.
2024-12-13 12:41:30,925 - 1 - INFO - **********JUDGER**********
你刚刚的推断是根据上述分析，以下是我对卧底身份的推断：

1. 玩家1提到了“内燃机或电力驱动”，这通常与火车相关，但玩家2和玩家3没有提到这一点，这可能是玩家1在描述火车，而他们可能描述的是其他类型的交通工具。

2. 玩家2和玩家3都提到了“铁轨上行驶”或“能够在多种路面上行驶”，这更符合火车和汽车的特点。玩家1的描述没有提到这一点，这增加了他描述火车可能性。

3. 玩家4的描述虽然似乎是在引导讨论，但他的描述内容并没有直接指向某个具体的交通工具，而是提供了一个分析的方向。

综合以上点，玩家1的描述最有可能指向火车，因为他是唯一提到驱动方式的玩家，而驱动方式是火车的典型特征。如果其他玩家的描述指向的是汽车，那么玩家1可能是卧底，因为他与他们的描述不一致。

因此，根据描述的不一致之处，玩家1可能是卧底。然而，这只是一个基于描述的分析，实际结果可能需要进一步的投票和讨论来确定。|| 基于你刚刚的推断得出你的最终结论，请输出你认为的卧底，在这种情况下只需要输出编号，是1-4中的某个数字，不要输出其他信息。在这个过程不要进行任何推理，只对||以前的部分进行信息提取
2024-12-13 12:41:31,727 - 1 - INFO - **********PLAYER1**********
1
2024-12-13 12:42:47,804 - 1 - INFO - **********JUDGER**********
玩家1说：它是一种陆上交通工具，用于长距离运输。它在同类中以其高速和舒适度而闻名。玩家2说：这是一种铁轨上行驶的车辆，主要用于长途旅行。它在同类交通工具中以其稳定的运行和相对较快的速度而著称。相较于其他交通工具，它可能在乘客的舒适度上更为突出。玩家3说：它是一种轮子驱动的车辆，能够在多种路面上行驶。相较于其他交通工具，它通常以其灵活性、便捷性和广泛的应用而最为突出。玩家4说：它是一种依赖轨道行驶的交通工具，主要用于跨越长距离。相比同类交通工具，它在速度、稳定性和舒适度上具有显著优势。你是第1号玩家，你的关键词是<火车>。你的回答中绝对不能包含你的关键词<火车>。这是第二轮描述，你之前的描述是它是一种陆上交通工具，用于长距离运输。它在同类中以其高速和舒适度而闻名。，注意，这局游戏的词语分类为<交通工具>，卧底词和平民词都属于该类，请你补充关于关键词的描述，注意，你的描述应该比起之前的描述更加贴近关键词，作为之前的补充
2024-12-13 12:42:49,315 - 1 - INFO - **********PLAYER1**********
它是一种在铁轨上运行的车辆，特别适合进行远距离旅行。与其他同类相比，它在速度和乘坐体验上有着显著的提升。
2024-12-13 12:42:55,115 - 1 - INFO - **********JUDGER**********
玩家1说：它是一种陆上交通工具，用于长距离运输。它在同类中以其高速和舒适度而闻名。它是一种在铁轨上运行的车辆，特别适合进行远距离旅行。与其他同类相比，它在速度和乘坐体验上有着显著的提升。玩家2说：这是一种铁轨上行驶的车辆，主要用于长途旅行。它在同类交通工具中以其稳定的运行和相对较快的速度而著称。相较于其他交通工具，它可能在乘客的舒适度上更为突出。它是一种高速的陆上交通工具，专为长距离旅行设计。与同类相比，它在速度上有着显著的优势，能够在短时间内完成长距离的移动。此外，它的乘坐体验舒适，内部设施完善，适合长时间的旅行需求。玩家3说：它是一种轮子驱动的车辆，能够在多种路面上行驶。相较于其他交通工具，它通常以其灵活性、便捷性和广泛的应用而最为突出。它是一种广泛使用的陆上交通工具，能够在不同类型道路上行驶，为人们提供便捷的出行方式。相较于其他交通工具，它以其通用性和适应性而受到青睐。玩家4说：它是一种依赖轨道行驶的交通工具，主要用于跨越长距离。相比同类交通工具，它在速度、稳定性和舒适度上具有显著优势。||在这个游戏中，我们需要通过分析每位玩家的描述来找出卧底。通常，平民的描述会围绕相同的词语展开，而卧底的描述可能会因为词语的不同而显得不太一致。我们需要仔细比较每个描述之间的相似性和差异性，以找出可能的卧底，注意，卧底并不会隐藏自己，他会直接描述他的词语，现在，逐一分析每个玩家的描述，注意，这局游戏的词语分类为<交通工具>，卧底词和平民词都属于该类。||之前是第2轮描述和之前轮数描述的合集。你之前认为的卧底是玩家1。
2024-12-13 12:43:04,552 - 1 - INFO - **********PLAYER1**********
基于第二轮描述和之前的分析，以下是我的新推断：

1. 玩家1的描述强调了高速和舒适度，这与火车的一些特征相符，但没有特别强调铁轨。

2. 玩家2的描述详细提到了铁轨、长途旅行、稳定性、速度和舒适度，这与火车非常吻合。

3. 玩家3的描述提到了轮子驱动、多种路面、灵活性、便捷性和通用性，这与汽车的特点更为接近。

4. 玩家4的描述强调了依赖轨道、跨越长距离、速度、稳定性和舒适度，这也与火车相符。

根据这些描述，玩家3的描述与火车不太一致，他描述的是一个能够在多种路面上行驶的车辆，这与火车主要在铁轨上行驶的特点不符。因此，根据第二轮的描述，我现在的推断是玩家3可能是卧底。
2024-12-13 12:43:04,554 - 1 - INFO - **********JUDGER**********
你刚刚的分析是基于第二轮描述和之前的分析，以下是我的新推断：

1. 玩家1的描述强调了高速和舒适度，这与火车的一些特征相符，但没有特别强调铁轨。

2. 玩家2的描述详细提到了铁轨、长途旅行、稳定性、速度和舒适度，这与火车非常吻合。

3. 玩家3的描述提到了轮子驱动、多种路面、灵活性、便捷性和通用性，这与汽车的特点更为接近。

4. 玩家4的描述强调了依赖轨道、跨越长距离、速度、稳定性和舒适度，这也与火车相符。

根据这些描述，玩家3的描述与火车不太一致，他描述的是一个能够在多种路面上行驶的车辆，这与火车主要在铁轨上行驶的特点不符。因此，根据第二轮的描述，我现在的推断是玩家3可能是卧底。|| `请根据上述分析，比较描述以找出不一致之处，注意，这局游戏的词语分类为<交通工具>，卧底词和平民词都属于该类。
2024-12-13 12:43:09,273 - 1 - INFO - **********PLAYER1**********
根据上述分析，以下是不一致之处：

1. 玩家1和玩家2的描述都强调了火车在长途旅行中的速度、稳定性和舒适度，以及它依赖于铁轨行驶的特点。

2. 玩家4的描述也强调了火车在速度、稳定性和舒适度上的优势，并且指出它是依赖轨道行驶的。

3. 然而，玩家3的描述提到了轮子驱动、多种路面、灵活性、便捷性和通用性，这些特征更符合汽车而不是火车。玩家3没有提到铁轨或长途旅行的特点，也没有强调速度和舒适度。

这些不一致之处表明玩家3的描述可能与火车这一交通工具的特征不太相符，因此可能是在描述一个不同的交通工具，这使他成为一个可能的卧底候选人。
2024-12-13 12:43:09,287 - 1 - INFO - **********JUDGER**********
你刚刚的分析是根据上述分析，以下是不一致之处：

1. 玩家1和玩家2的描述都强调了火车在长途旅行中的速度、稳定性和舒适度，以及它依赖于铁轨行驶的特点。

2. 玩家4的描述也强调了火车在速度、稳定性和舒适度上的优势，并且指出它是依赖轨道行驶的。

3. 然而，玩家3的描述提到了轮子驱动、多种路面、灵活性、便捷性和通用性，这些特征更符合汽车而不是火车。玩家3没有提到铁轨或长途旅行的特点，也没有强调速度和舒适度。

这些不一致之处表明玩家3的描述可能与火车这一交通工具的特征不太相符，因此可能是在描述一个不同的交通工具，这使他成为一个可能的卧底候选人。|| 请通过你分析的不一致之处，推断卧底身份，注意，这局游戏的词语分类为<交通工具>，卧底词和平民词都属于该类。
2024-12-13 12:43:09,929 - 1 - INFO - **********PLAYER1**********
3
2024-12-13 12:43:09,932 - 1 - INFO - **********JUDGER**********
你刚刚的推断是3|| 基于你刚刚的推断得出你的最终结论，请输出你认为的卧底，在这种情况下只需要输出编号，是1-4中的某个数字，不要输出其他信息。在这个过程不要进行任何推理，只对||以前的部分进行信息提取
2024-12-13 12:43:10,685 - 1 - INFO - **********PLAYER1**********
3
2024-12-13 12:43:59,831 - 1 - INFO - **********JUDGER**********
玩家1说：它是一种陆上交通工具，用于长距离运输。它在同类中以其高速和舒适度而闻名。它是一种在铁轨上运行的车辆，特别适合进行远距离旅行。与其他同类相比，它在速度和乘坐体验上有着显著的提升。玩家2说：这是一种铁轨上行驶的车辆，主要用于长途旅行。它在同类交通工具中以其稳定的运行和相对较快的速度而著称。相较于其他交通工具，它可能在乘客的舒适度上更为突出。它是一种高速的陆上交通工具，专为长距离旅行设计。与同类相比，它在速度上有着显著的优势，能够在短时间内完成长距离的移动。此外，它的乘坐体验舒适，内部设施完善，适合长时间的旅行需求。玩家3说：它是一种轮子驱动的车辆，能够在多种路面上行驶。相较于其他交通工具，它通常以其灵活性、便捷性和广泛的应用而最为突出。它是一种广泛使用的陆上交通工具，能够在不同类型道路上行驶，为人们提供便捷的出行方式。相较于其他交通工具，它以其通用性和适应性而受到青睐。玩家4说：它是一种依赖轨道行驶的交通工具，主要用于跨越长距离。相比同类交通工具，它在速度、稳定性和舒适度上具有显著优势。它是一种特殊的陆上交通工具，专为长途旅行而设计。它在同类中以其高效的运行速度和卓越的乘坐舒适度而著称。与其他依赖轨道的交通工具相比，它能够在较短的时间内完成跨越长距离的任务，同时保持极高的稳定性和乘坐体验。你是第1号玩家，你的关键词是<火车>。你的回答中绝对不能包含你的关键词<火车>。这是第三轮描述，你之前的描述是它是一种陆上交通工具，用于长距离运输。它在同类中以其高速和舒适度而闻名。和它是一种在铁轨上运行的车辆，特别适合进行远距离旅行。与其他同类相比，它在速度和乘坐体验上有着显著的提升。，注意，这局游戏的词语分类为<交通工具>，卧底词和平民词都属于该类，请你补充关于关键词的描述，注意，你的描述应该比起之前的描述更加贴近关键词，作为之前的补充
2024-12-13 12:44:02,295 - 1 - INFO - **********PLAYER1**********
它是一种具有固定路线的交通工具，专为长距离旅行优化，以其快速和舒适的旅行体验而受到推崇。
2024-12-13 12:44:10,975 - 1 - INFO - **********JUDGER**********
玩家1说：它是一种陆上交通工具，用于长距离运输。它在同类中以其高速和舒适度而闻名。它是一种在铁轨上运行的车辆，特别适合进行远距离旅行。与其他同类相比，它在速度和乘坐体验上有着显著的提升。它是一种具有固定路线的交通工具，专为长距离旅行优化，以其快速和舒适的旅行体验而受到推崇。玩家2说：这是一种铁轨上行驶的车辆，主要用于长途旅行。它在同类交通工具中以其稳定的运行和相对较快的速度而著称。相较于其他交通工具，它可能在乘客的舒适度上更为突出。它是一种高速的陆上交通工具，专为长距离旅行设计。与同类相比，它在速度上有着显著的优势，能够在短时间内完成长距离的移动。此外，它的乘坐体验舒适，内部设施完善，适合长时间的旅行需求。它是一种铁轨上运行的交通工具，以其高效能和长距离的运输能力而闻名。它能够提供平稳的旅行体验，即使在长途旅行中也能保持舒适。与同类交通工具相比，它在速度和可靠性上有着显著的优势，是长途旅行者的首选。玩家3说：它是一种轮子驱动的车辆，能够在多种路面上行驶。相较于其他交通工具，它通常以其灵活性、便捷性和广泛的应用而最为突出。它是一种广泛使用的陆上交通工具，能够在不同类型道路上行驶，为人们提供便捷的出行方式。相较于其他交通工具，它以其通用性和适应性而受到青睐。它是一种小型、灵活的陆上交通工具，特别适合在市区和乡村道路中使用。它的设计注重便捷性和个人出行，能够在各种道路上轻松穿梭。与其他同类交通工具相比，它以其紧凑的车身和灵活的转向而著称。玩家4说：它是一种依赖轨道行驶的交通工具，主要用于跨越长距离。相比同类交通工具，它在速度、稳定性和舒适度上具有显著优势。它是一种特殊的陆上交通工具，专为长途旅行而设计。它在同类中以其高效的运行速度和卓越的乘坐舒适度而著称。与其他依赖轨道的交通工具相比，它能够在较短的时间内完成跨越长距离的任务，同时保持极高的稳定性和乘坐体验。它是一种在铁轨上高速行驶的陆上交通工具，专为长距离旅行而设计。它在同类中以其卓越的速度和稳定的运行而闻名，能够提供连续、高效的旅行体验。此外，它通常拥有宽敞的乘客空间和现代化的内部设施，确保了长途旅行的舒适性和便利性。||在这个游戏中，我们需要通过分析每位玩家的描述来找出卧底。通常，平民的描述会围绕相同的词语展开，而卧底的描述可能会因为词语的不同而显得不太一致。我们需要仔细比较每个描述之间的相似性和差异性，以找出可能的卧底，注意，卧底并不会隐藏自己，他会直接描述他的词语，现在，逐一分析每个玩家的描述，注意，这局游戏的词语分类为<交通工具>，卧底词和平民词都属于该类。||之前是第3轮描述和之前轮数描述的合集。你之前认为的卧底是玩家3。
2024-12-13 12:44:15,787 - 1 - INFO - **********PLAYER1**********
基于第三轮描述和之前的分析，以下是我的新推断：

1. 玩家1的描述与火车相关，强调了高速、舒适、铁轨和长距离旅行。

2. 玩家2的描述与火车非常吻合，详细描述了铁轨、长途旅行、速度、稳定性和舒适度。

3. 玩家3的描述提到了轮子驱动、多种路面、灵活性和便捷性，这与汽车的特点更为接近。

4. 玩家4的描述与火车相关，强调了依赖轨道、长距离、速度、稳定性和舒适度。

根据这些描述，玩家3的描述与火车不太一致，他描述的是一个能够在多种路面上行驶的车辆，这与火车主要在铁轨上行驶的特点不符。因此，根据第三轮的描述，我现在的推断是玩家3可能是卧底。
2024-12-13 12:44:15,788 - 1 - INFO - **********JUDGER**********
你刚刚的分析是基于第三轮描述和之前的分析，以下是我的新推断：

1. 玩家1的描述与火车相关，强调了高速、舒适、铁轨和长距离旅行。

2. 玩家2的描述与火车非常吻合，详细描述了铁轨、长途旅行、速度、稳定性和舒适度。

3. 玩家3的描述提到了轮子驱动、多种路面、灵活性和便捷性，这与汽车的特点更为接近。

4. 玩家4的描述与火车相关，强调了依赖轨道、长距离、速度、稳定性和舒适度。

根据这些描述，玩家3的描述与火车不太一致，他描述的是一个能够在多种路面上行驶的车辆，这与火车主要在铁轨上行驶的特点不符。因此，根据第三轮的描述，我现在的推断是玩家3可能是卧底。|| `请根据上述分析，比较描述以找出不一致之处，注意，这局游戏的词语分类为<交通工具>，卧底词和平民词都属于该类。
2024-12-13 12:44:20,233 - 1 - INFO - **********PLAYER1**********
不一致之处在于：

1. 玩家1、2和4的描述都强调了铁轨作为火车行驶的基础，以及长途旅行和舒适性。
2. 玩家3的描述则提到了轮子驱动和多种路面，这与火车的铁轨行驶特点不符，更像是描述汽车或某种多用途车辆。
2024-12-13 12:44:20,233 - 1 - INFO - **********JUDGER**********
你刚刚的分析是不一致之处在于：

1. 玩家1、2和4的描述都强调了铁轨作为火车行驶的基础，以及长途旅行和舒适性。
2. 玩家3的描述则提到了轮子驱动和多种路面，这与火车的铁轨行驶特点不符，更像是描述汽车或某种多用途车辆。|| 请通过你分析的不一致之处，推断卧底身份，注意，这局游戏的词语分类为<交通工具>，卧底词和平民词都属于该类。
2024-12-13 12:44:21,158 - 1 - INFO - **********PLAYER1**********
3
2024-12-13 12:44:21,158 - 1 - INFO - **********JUDGER**********
你刚刚的推断是3|| 基于你刚刚的推断得出你的最终结论，请输出你认为的卧底，在这种情况下只需要输出编号，是1-4中的某个数字，不要输出其他信息。在这个过程不要进行任何推理，只对||以前的部分进行信息提取
2024-12-13 12:44:30,671 - 1 - INFO - **********PLAYER1**********
根据上述描述，我们可以分析每位玩家的描述，我们可以看到，玩家的描述虽然有些细节上的差异，但整体上都在描述一种陆上交通工具，具有以下特征：

1. **玩家1**：陆上交通工具，用于搭载乘客，通常由内燃机或电力驱动，以载客量大和远距离运输能力而著称，长途旅行中的舒适性和安全性有显著优势。
2. **玩家2**：陆上交通工具，主要用于长途旅行，同样具有载客量大和远距离运输能力，长途旅行中的舒适性和稳定性有显著优势。
3. **玩家3**：轮子驱动的车辆，能够在多种路面上行驶，以灵活性、便捷性和广泛的应用而著称。
4. **玩家4**：这是一个引导性的描述，提示我们注意其他玩家的描述和游戏规则。

根据这些描述，我们可以推断出以下不一致之处：

- 玩家1和玩家2的描述与火车相关，但玩家3的描述更具体地提到了轮子驱动和多种路面的行驶能力。
- 玩家4的描述没有明确指出具体的交通工具类型，而是提供了一个引导性的描述，没有明确说明是哪种交通工具。

因此，根据以上描述，玩家4可能是卧底。然而，由于信息有限，我们无法确定玩家4的具体交通工具是火车还是汽车，需要更多的线索或者提示来确定。
2024-12-13 12:44:30,675 - 1 - WARNING - Invalid vote: 根据上述描述，我们可以分析每位玩家的描述，我们可以看到，玩家的描述虽然有些细节上的差异，但整体上都在描述一种陆上交通工具，具有以下特征：

1. **玩家1**：陆上交通工具，用于搭载乘客，通常由内燃机或电力驱动，以载客量大和远距离运输能力而著称，长途旅行中的舒适性和安全性有显著优势。
2. **玩家2**：陆上交通工具，主要用于长途旅行，同样具有载客量大和远距离运输能力，长途旅行中的舒适性和稳定性有显著优势。
3. **玩家3**：轮子驱动的车辆，能够在多种路面上行驶，以灵活性、便捷性和广泛的应用而著称。
4. **玩家4**：这是一个引导性的描述，提示我们注意其他玩家的描述和游戏规则。

根据这些描述，我们可以推断出以下不一致之处：

- 玩家1和玩家2的描述与火车相关，但玩家3的描述更具体地提到了轮子驱动和多种路面的行驶能力。
- 玩家4的描述没有明确指出具体的交通工具类型，而是提供了一个引导性的描述，没有明确说明是哪种交通工具。

因此，根据以上描述，玩家4可能是卧底。然而，由于信息有限，我们无法确定玩家4的具体交通工具是火车还是汽车，需要更多的线索或者提示来确定。. Asking again.
2024-12-13 12:44:30,677 - 1 - INFO - **********JUDGER**********
你刚刚的推断是3|| 基于你刚刚的推断得出你的最终结论，请输出你认为的卧底，在这种情况下只需要输出编号，是1-4中的某个数字，不要输出其他信息。在这个过程不要进行任何推理，只对||以前的部分进行信息提取
2024-12-13 12:44:31,728 - 1 - INFO - **********PLAYER1**********
3
