2024-12-13 12:40:52,699 - 2 - INFO - **********JUDGER**********
让我们来玩一个叫做<谁是卧底>的推理游戏。基本规则：<人数>：4人。<角色分配>：每位玩家随机抽取一个词语，3名玩家拿到的词语是相同的（平民词），1名玩家拿到与之相近但不同的词语（卧底词）。<游戏流程>：1、玩家轮流描述自己的词语，但<不能>直接说出词语本身。2、描述完毕后，投票选出最像卧底的玩家。3、每轮结束后，被投票选出的玩家出局，不能再进行描述或投票。4、每轮投票结束后，如果卧底被成功找出，平民方获胜；如果卧底未被找出且卧底人数等于或超过平民人数，则卧底方获胜。你将扮演一个<玩家>，请等待你被分配到的关键词。如果你听懂了，只回答，"好的，我准备好参加游戏了"，不要输出别的信息
2024-12-13 12:40:53,183 - 2 - INFO - **********PLAYER2**********
好的，我准备好参加游戏了
2024-12-13 12:40:58,238 - 2 - INFO - **********JUDGER**********
玩家1说：它是一种陆上交通工具，用于长距离运输。它在同类中以其高速和舒适度而闻名。玩家2说：玩家3说：玩家4说：|| 你是第2号玩家，你的关键词是<火车>。你的回答中绝对不能包含你的关键词<火车>。这是第一轮描述，不需要分析||之前别的玩家的描述，请你描述关键词基本特征，注意，这局游戏的词语分类为<交通工具>，卧底词和平民词都属于该类，描述包括以下两点，1.他的基本特征是什么2.他在该类（交通工具）中最突出不同的特征是什么，尽量简短
2024-12-13 12:41:01,234 - 2 - INFO - **********PLAYER2**********
这是一种铁轨上行驶的车辆，主要用于长途旅行。它在同类交通工具中以其稳定的运行和相对较快的速度而著称。相较于其他交通工具，它可能在乘客的舒适度上更为突出。
2024-12-13 12:41:31,730 - 2 - INFO - **********JUDGER**********
玩家1说：它是一种陆上交通工具，用于长距离运输。它在同类中以其高速和舒适度而闻名。玩家2说：这是一种铁轨上行驶的车辆，主要用于长途旅行。它在同类交通工具中以其稳定的运行和相对较快的速度而著称。相较于其他交通工具，它可能在乘客的舒适度上更为突出。玩家3说：它是一种轮子驱动的车辆，能够在多种路面上行驶。相较于其他交通工具，它通常以其灵活性、便捷性和广泛的应用而最为突出。玩家4说：||在这个游戏中，我们需要通过分析每位玩家的描述来找出卧底。通常，平民的描述会围绕相同的词语展开，而卧底的描述可能会因为词语的不同而显得不太一致。我们需要仔细比较每个描述之间的相似性和差异性，以找出可能的卧底，注意，卧底并不会隐藏自己，他会直接描述他的词语，现在，逐一分析每个玩家的描述，注意，这局游戏的词语分类为<交通工具>，卧底词和平民词都属于该类。这是第一轮描述。
2024-12-13 12:41:34,576 - 2 - INFO - **********PLAYER2**********
作为玩家2，我会这样回应：

玩家1和玩家2的描述都提到了高速和舒适度，这与火车的高速和舒适度特点相符。玩家3的描述提到了轮子驱动的车辆和灵活性，这更像是汽车的特征。玩家4的描述则提到了分析的方法和游戏规则，并没有直接描述任何交通工具的特征。因此，我认为玩家3和玩家4可能是平民，而我和玩家1可能是卧底，因为我们的描述更接近火车这一交通工具。但我也不能排除玩家4是卧底的可能性，因为他的描述没有直接指向任何具体的交通工具特征。
2024-12-13 12:41:34,578 - 2 - INFO - **********JUDGER**********
你刚刚的分析是作为玩家2，我会这样回应：

玩家1和玩家2的描述都提到了高速和舒适度，这与火车的高速和舒适度特点相符。玩家3的描述提到了轮子驱动的车辆和灵活性，这更像是汽车的特征。玩家4的描述则提到了分析的方法和游戏规则，并没有直接描述任何交通工具的特征。因此，我认为玩家3和玩家4可能是平民，而我和玩家1可能是卧底，因为我们的描述更接近火车这一交通工具。但我也不能排除玩家4是卧底的可能性，因为他的描述没有直接指向任何具体的交通工具特征。|| `请根据上述分析，比较描述以找出不一致之处，注意，这局游戏的词语分类为<交通工具>，卧底词和平民词都属于该类。
2024-12-13 12:41:47,970 - 2 - INFO - **********PLAYER2**********
既然这局游戏的词语分类为<交通工具>，且卧底词和平民词都属于该类，我们可以比较描述中的一致性和差异性来找出不一致之处。

玩家1和玩家2的描述都提到了高速和舒适度，这符合火车的特点。然而，玩家3的描述提到了轮子驱动的车辆和灵活性，这听起来更像是汽车的特征，而不是火车。火车通常不会强调其灵活性，因为它们主要在固定的轨道上行驶。

玩家4的描述虽然提到了游戏的分析方法和规则，但并没有直接描述任何交通工具的特征，这与其他玩家的描述形成了对比。

不一致之处在于：
- 玩家3的描述与火车的高速度和舒适度特点不符，更偏向于汽车的灵活性。
- 玩家4的描述没有提供关于交通工具的具体信息，而是关于游戏策略的信息。

基于这些不一致之处，玩家3和玩家4可能是平民，而我和玩家1可能是卧底，因为我们的描述更贴合火车的特征。不过，也不能完全排除玩家4是卧底的可能性，因为他的描述虽然与交通工具无关，但并没有直接违反游戏规则。
2024-12-13 12:41:47,971 - 2 - INFO - **********JUDGER**********
你刚刚的分析是既然这局游戏的词语分类为<交通工具>，且卧底词和平民词都属于该类，我们可以比较描述中的一致性和差异性来找出不一致之处。

玩家1和玩家2的描述都提到了高速和舒适度，这符合火车的特点。然而，玩家3的描述提到了轮子驱动的车辆和灵活性，这听起来更像是汽车的特征，而不是火车。火车通常不会强调其灵活性，因为它们主要在固定的轨道上行驶。

玩家4的描述虽然提到了游戏的分析方法和规则，但并没有直接描述任何交通工具的特征，这与其他玩家的描述形成了对比。

不一致之处在于：
- 玩家3的描述与火车的高速度和舒适度特点不符，更偏向于汽车的灵活性。
- 玩家4的描述没有提供关于交通工具的具体信息，而是关于游戏策略的信息。

基于这些不一致之处，玩家3和玩家4可能是平民，而我和玩家1可能是卧底，因为我们的描述更贴合火车的特征。不过，也不能完全排除玩家4是卧底的可能性，因为他的描述虽然与交通工具无关，但并没有直接违反游戏规则。|| 请通过你分析的不一致之处，推断卧底身份，注意，这局游戏的词语分类为<交通工具>，卧底词和平民词都属于该类。
2024-12-13 12:41:52,181 - 2 - INFO - **********PLAYER2**********
根据我之前的分析，我们可以这样推断卧底身份：

- 玩家1和玩家2的描述都集中在火车的特点上，即高速和舒适度，这表明他们可能是平民。
- 玩家3的描述提到了轮子驱动的车辆和灵活性，这与火车的主要特点不符，更像是汽车的描述，因此玩家3很可能是卧底。
- 玩家4的描述虽然与交通工具无关，但至少没有提供与火车相关的信息，这可能意味着他也是平民，因为他没有违反游戏规则。

综上所述，基于描述中的不一致之处，玩家3最有可能就是卧底，因为他的描述与火车这一类交通工具的主要特征不符，而更像是另一类交通工具――汽车。
2024-12-13 12:41:52,185 - 2 - INFO - **********JUDGER**********
你刚刚的推断是根据我之前的分析，我们可以这样推断卧底身份：

- 玩家1和玩家2的描述都集中在火车的特点上，即高速和舒适度，这表明他们可能是平民。
- 玩家3的描述提到了轮子驱动的车辆和灵活性，这与火车的主要特点不符，更像是汽车的描述，因此玩家3很可能是卧底。
- 玩家4的描述虽然与交通工具无关，但至少没有提供与火车相关的信息，这可能意味着他也是平民，因为他没有违反游戏规则。

综上所述，基于描述中的不一致之处，玩家3最有可能就是卧底，因为他的描述与火车这一类交通工具的主要特征不符，而更像是另一类交通工具――汽车。|| 基于你刚刚的推断得出你的最终结论，请输出你认为的卧底，在这种情况下只需要输出编号，是1-4中的某个数字，不要输出其他信息。在这个过程不要进行任何推理，只对||以前的部分进行信息提取
2024-12-13 12:41:52,708 - 2 - INFO - **********PLAYER2**********
3
2024-12-13 12:42:49,316 - 2 - INFO - **********JUDGER**********
玩家1说：它是一种陆上交通工具，用于长距离运输。它在同类中以其高速和舒适度而闻名。它是一种在铁轨上运行的车辆，特别适合进行远距离旅行。与其他同类相比，它在速度和乘坐体验上有着显著的提升。玩家2说：这是一种铁轨上行驶的车辆，主要用于长途旅行。它在同类交通工具中以其稳定的运行和相对较快的速度而著称。相较于其他交通工具，它可能在乘客的舒适度上更为突出。玩家3说：它是一种轮子驱动的车辆，能够在多种路面上行驶。相较于其他交通工具，它通常以其灵活性、便捷性和广泛的应用而最为突出。玩家4说：它是一种依赖轨道行驶的交通工具，主要用于跨越长距离。相比同类交通工具，它在速度、稳定性和舒适度上具有显著优势。你是第2号玩家，你的关键词是<火车>。你的回答中绝对不能包含你的关键词<火车>。这是第二轮描述，你之前的描述是这是一种铁轨上行驶的车辆，主要用于长途旅行。它在同类交通工具中以其稳定的运行和相对较快的速度而著称。相较于其他交通工具，它可能在乘客的舒适度上更为突出。，注意，这局游戏的词语分类为<交通工具>，卧底词和平民词都属于该类，请你补充关于关键词的描述，注意，你的描述应该比起之前的描述更加贴近关键词，作为之前的补充
2024-12-13 12:42:51,512 - 2 - INFO - **********PLAYER2**********
它是一种高速的陆上交通工具，专为长距离旅行设计。与同类相比，它在速度上有着显著的优势，能够在短时间内完成长距离的移动。此外，它的乘坐体验舒适，内部设施完善，适合长时间的旅行需求。
2024-12-13 12:43:10,686 - 2 - INFO - **********JUDGER**********
玩家1说：它是一种陆上交通工具，用于长距离运输。它在同类中以其高速和舒适度而闻名。它是一种在铁轨上运行的车辆，特别适合进行远距离旅行。与其他同类相比，它在速度和乘坐体验上有着显著的提升。玩家2说：这是一种铁轨上行驶的车辆，主要用于长途旅行。它在同类交通工具中以其稳定的运行和相对较快的速度而著称。相较于其他交通工具，它可能在乘客的舒适度上更为突出。它是一种高速的陆上交通工具，专为长距离旅行设计。与同类相比，它在速度上有着显著的优势，能够在短时间内完成长距离的移动。此外，它的乘坐体验舒适，内部设施完善，适合长时间的旅行需求。玩家3说：它是一种轮子驱动的车辆，能够在多种路面上行驶。相较于其他交通工具，它通常以其灵活性、便捷性和广泛的应用而最为突出。它是一种广泛使用的陆上交通工具，能够在不同类型道路上行驶，为人们提供便捷的出行方式。相较于其他交通工具，它以其通用性和适应性而受到青睐。玩家4说：它是一种依赖轨道行驶的交通工具，主要用于跨越长距离。相比同类交通工具，它在速度、稳定性和舒适度上具有显著优势。||在这个游戏中，我们需要通过分析每位玩家的描述来找出卧底。通常，平民的描述会围绕相同的词语展开，而卧底的描述可能会因为词语的不同而显得不太一致。我们需要仔细比较每个描述之间的相似性和差异性，以找出可能的卧底，注意，卧底并不会隐藏自己，他会直接描述他的词语，现在，逐一分析每个玩家的描述，注意，这局游戏的词语分类为<交通工具>，卧底词和平民词都属于该类。||之前是第2轮描述和之前轮数描述的合集。你之前认为的卧底是玩家3。
2024-12-13 12:43:14,628 - 2 - INFO - **********PLAYER2**********
根据之前的描述，玩家1、玩家2和玩家4的描述都高度一致，都强调了铁轨上行驶、长途旅行、高速、稳定和舒适度等特征，这符合火车的特点。而玩家3的描述则提到了轮子驱动的车辆、多种路面行驶、灵活性、便捷性和通用性，这些特征更像是汽车的描述。

由于玩家3的描述与火车的主要特征不一致，而其他玩家的描述更加一致，因此我之前的推断是玩家3可能是卧底。如果我的推断是正确的，那么在新的描述中，玩家3的描述仍然与其他玩家不一致，那么我依然认为玩家3是卧底。因此，我的最终结论是：

卧底是玩家3。
2024-12-13 12:43:14,629 - 2 - INFO - **********JUDGER**********
你刚刚的分析是根据之前的描述，玩家1、玩家2和玩家4的描述都高度一致，都强调了铁轨上行驶、长途旅行、高速、稳定和舒适度等特征，这符合火车的特点。而玩家3的描述则提到了轮子驱动的车辆、多种路面行驶、灵活性、便捷性和通用性，这些特征更像是汽车的描述。

由于玩家3的描述与火车的主要特征不一致，而其他玩家的描述更加一致，因此我之前的推断是玩家3可能是卧底。如果我的推断是正确的，那么在新的描述中，玩家3的描述仍然与其他玩家不一致，那么我依然认为玩家3是卧底。因此，我的最终结论是：

卧底是玩家3。|| `请根据上述分析，比较描述以找出不一致之处，注意，这局游戏的词语分类为<交通工具>，卧底词和平民词都属于该类。
2024-12-13 12:43:15,484 - 2 - INFO - **********PLAYER2**********
3
2024-12-13 12:43:15,485 - 2 - INFO - **********JUDGER**********
你刚刚的分析是3|| 请通过你分析的不一致之处，推断卧底身份，注意，这局游戏的词语分类为<交通工具>，卧底词和平民词都属于该类。
2024-12-13 12:43:19,983 - 2 - INFO - **********PLAYER2**********
根据我之前的分析，不一致之处在于玩家3的描述与其他玩家描述的特征不一致。玩家1、玩家2和玩家4的描述都集中在了铁轨上行驶、长途旅行、高速、稳定和舒适度这些与火车相关的特点上。而玩家3的描述提到了轮子驱动的车辆、多种路面行驶、灵活性、便捷性和通用性，这些特征更符合汽车的描述。

因此，基于这些不一致之处，我推断玩家3是卧底。
2024-12-13 12:43:19,984 - 2 - INFO - **********JUDGER**********
你刚刚的推断是根据我之前的分析，不一致之处在于玩家3的描述与其他玩家描述的特征不一致。玩家1、玩家2和玩家4的描述都集中在了铁轨上行驶、长途旅行、高速、稳定和舒适度这些与火车相关的特点上。而玩家3的描述提到了轮子驱动的车辆、多种路面行驶、灵活性、便捷性和通用性，这些特征更符合汽车的描述。

因此，基于这些不一致之处，我推断玩家3是卧底。|| 基于你刚刚的推断得出你的最终结论，请输出你认为的卧底，在这种情况下只需要输出编号，是1-4中的某个数字，不要输出其他信息。在这个过程不要进行任何推理，只对||以前的部分进行信息提取
2024-12-13 12:43:20,917 - 2 - INFO - **********PLAYER2**********
3
2024-12-13 12:44:02,297 - 2 - INFO - **********JUDGER**********
玩家1说：它是一种陆上交通工具，用于长距离运输。它在同类中以其高速和舒适度而闻名。它是一种在铁轨上运行的车辆，特别适合进行远距离旅行。与其他同类相比，它在速度和乘坐体验上有着显著的提升。它是一种具有固定路线的交通工具，专为长距离旅行优化，以其快速和舒适的旅行体验而受到推崇。玩家2说：这是一种铁轨上行驶的车辆，主要用于长途旅行。它在同类交通工具中以其稳定的运行和相对较快的速度而著称。相较于其他交通工具，它可能在乘客的舒适度上更为突出。它是一种高速的陆上交通工具，专为长距离旅行设计。与同类相比，它在速度上有着显著的优势，能够在短时间内完成长距离的移动。此外，它的乘坐体验舒适，内部设施完善，适合长时间的旅行需求。玩家3说：它是一种轮子驱动的车辆，能够在多种路面上行驶。相较于其他交通工具，它通常以其灵活性、便捷性和广泛的应用而最为突出。它是一种广泛使用的陆上交通工具，能够在不同类型道路上行驶，为人们提供便捷的出行方式。相较于其他交通工具，它以其通用性和适应性而受到青睐。玩家4说：它是一种依赖轨道行驶的交通工具，主要用于跨越长距离。相比同类交通工具，它在速度、稳定性和舒适度上具有显著优势。它是一种特殊的陆上交通工具，专为长途旅行而设计。它在同类中以其高效的运行速度和卓越的乘坐舒适度而著称。与其他依赖轨道的交通工具相比，它能够在较短的时间内完成跨越长距离的任务，同时保持极高的稳定性和乘坐体验。你是第2号玩家，你的关键词是<火车>。你的回答中绝对不能包含你的关键词<火车>。这是第三轮描述，你之前的描述是这是一种铁轨上行驶的车辆，主要用于长途旅行。它在同类交通工具中以其稳定的运行和相对较快的速度而著称。相较于其他交通工具，它可能在乘客的舒适度上更为突出。和它是一种高速的陆上交通工具，专为长距离旅行设计。与同类相比，它在速度上有着显著的优势，能够在短时间内完成长距离的移动。此外，它的乘坐体验舒适，内部设施完善，适合长时间的旅行需求。，注意，这局游戏的词语分类为<交通工具>，卧底词和平民词都属于该类，请你补充关于关键词的描述，注意，你的描述应该比起之前的描述更加贴近关键词，作为之前的补充
2024-12-13 12:44:05,649 - 2 - INFO - **********PLAYER2**********
它是一种铁轨上运行的交通工具，以其高效能和长距离的运输能力而闻名。它能够提供平稳的旅行体验，即使在长途旅行中也能保持舒适。与同类交通工具相比，它在速度和可靠性上有着显著的优势，是长途旅行者的首选。
2024-12-13 12:44:31,729 - 2 - INFO - **********JUDGER**********
玩家1说：它是一种陆上交通工具，用于长距离运输。它在同类中以其高速和舒适度而闻名。它是一种在铁轨上运行的车辆，特别适合进行远距离旅行。与其他同类相比，它在速度和乘坐体验上有着显著的提升。它是一种具有固定路线的交通工具，专为长距离旅行优化，以其快速和舒适的旅行体验而受到推崇。玩家2说：这是一种铁轨上行驶的车辆，主要用于长途旅行。它在同类交通工具中以其稳定的运行和相对较快的速度而著称。相较于其他交通工具，它可能在乘客的舒适度上更为突出。它是一种高速的陆上交通工具，专为长距离旅行设计。与同类相比，它在速度上有着显著的优势，能够在短时间内完成长距离的移动。此外，它的乘坐体验舒适，内部设施完善，适合长时间的旅行需求。它是一种铁轨上运行的交通工具，以其高效能和长距离的运输能力而闻名。它能够提供平稳的旅行体验，即使在长途旅行中也能保持舒适。与同类交通工具相比，它在速度和可靠性上有着显著的优势，是长途旅行者的首选。玩家3说：它是一种轮子驱动的车辆，能够在多种路面上行驶。相较于其他交通工具，它通常以其灵活性、便捷性和广泛的应用而最为突出。它是一种广泛使用的陆上交通工具，能够在不同类型道路上行驶，为人们提供便捷的出行方式。相较于其他交通工具，它以其通用性和适应性而受到青睐。它是一种小型、灵活的陆上交通工具，特别适合在市区和乡村道路中使用。它的设计注重便捷性和个人出行，能够在各种道路上轻松穿梭。与其他同类交通工具相比，它以其紧凑的车身和灵活的转向而著称。玩家4说：它是一种依赖轨道行驶的交通工具，主要用于跨越长距离。相比同类交通工具，它在速度、稳定性和舒适度上具有显著优势。它是一种特殊的陆上交通工具，专为长途旅行而设计。它在同类中以其高效的运行速度和卓越的乘坐舒适度而著称。与其他依赖轨道的交通工具相比，它能够在较短的时间内完成跨越长距离的任务，同时保持极高的稳定性和乘坐体验。它是一种在铁轨上高速行驶的陆上交通工具，专为长距离旅行而设计。它在同类中以其卓越的速度和稳定的运行而闻名，能够提供连续、高效的旅行体验。此外，它通常拥有宽敞的乘客空间和现代化的内部设施，确保了长途旅行的舒适性和便利性。||在这个游戏中，我们需要通过分析每位玩家的描述来找出卧底。通常，平民的描述会围绕相同的词语展开，而卧底的描述可能会因为词语的不同而显得不太一致。我们需要仔细比较每个描述之间的相似性和差异性，以找出可能的卧底，注意，卧底并不会隐藏自己，他会直接描述他的词语，现在，逐一分析每个玩家的描述，注意，这局游戏的词语分类为<交通工具>，卧底词和平民词都属于该类。||之前是第3轮描述和之前轮数描述的合集。你之前认为的卧底是玩家3。
2024-12-13 12:44:41,442 - 2 - INFO - **********PLAYER2**********
根据之前的描述，玩家1、玩家2和玩家4的描述都高度一致，都强调了铁轨上行驶、长途旅行、高速、稳定、舒适度、固定路线、高效能、宽敞的乘客空间和现代化的内部设施等特点，这些特征都与火车相符。

然而，玩家3的描述提到了轮子驱动的车辆、多种路面上行驶、灵活性、便捷性、通用性、小型、灵活、市区和乡村道路、紧凑的车身、灵活的转向、个人出行等特征，这些特点更符合汽车的描述，尤其是小型汽车的特性。

由于玩家3的描述与火车的主要特征不一致，而其他玩家的描述更加一致，因此我之前的推断是玩家3可能是卧底。如果我的推断是正确的，那么在新的描述中，玩家3的描述仍然与其他玩家不一致，那么我依然认为玩家3是卧底。

综上所述，我的最终结论是：

卧底是玩家3。
2024-12-13 12:44:41,445 - 2 - INFO - **********JUDGER**********
你刚刚的分析是根据之前的描述，玩家1、玩家2和玩家4的描述都高度一致，都强调了铁轨上行驶、长途旅行、高速、稳定、舒适度、固定路线、高效能、宽敞的乘客空间和现代化的内部设施等特点，这些特征都与火车相符。

然而，玩家3的描述提到了轮子驱动的车辆、多种路面上行驶、灵活性、便捷性、通用性、小型、灵活、市区和乡村道路、紧凑的车身、灵活的转向、个人出行等特征，这些特点更符合汽车的描述，尤其是小型汽车的特性。

由于玩家3的描述与火车的主要特征不一致，而其他玩家的描述更加一致，因此我之前的推断是玩家3可能是卧底。如果我的推断是正确的，那么在新的描述中，玩家3的描述仍然与其他玩家不一致，那么我依然认为玩家3是卧底。

综上所述，我的最终结论是：

卧底是玩家3。|| `请根据上述分析，比较描述以找出不一致之处，注意，这局游戏的词语分类为<交通工具>，卧底词和平民词都属于该类。
2024-12-13 12:44:42,339 - 2 - INFO - **********PLAYER2**********
3
2024-12-13 12:44:42,341 - 2 - INFO - **********JUDGER**********
你刚刚的分析是3|| 请通过你分析的不一致之处，推断卧底身份，注意，这局游戏的词语分类为<交通工具>，卧底词和平民词都属于该类。
2024-12-13 12:44:43,155 - 2 - INFO - **********PLAYER2**********
3
2024-12-13 12:44:43,156 - 2 - INFO - **********JUDGER**********
你刚刚的推断是3|| 基于你刚刚的推断得出你的最终结论，请输出你认为的卧底，在这种情况下只需要输出编号，是1-4中的某个数字，不要输出其他信息。在这个过程不要进行任何推理，只对||以前的部分进行信息提取
2024-12-13 12:44:44,715 - 2 - INFO - **********PLAYER2**********
以前的分析中，我得出的结论是玩家3是卧底。因此，根据之前的分析，我输出的编号是：

3
2024-12-13 12:44:44,720 - 2 - WARNING - Invalid vote: 以前的分析中，我得出的结论是玩家3是卧底。因此，根据之前的分析，我输出的编号是：

3. Asking again.
2024-12-13 12:44:44,721 - 2 - INFO - **********JUDGER**********
你刚刚的推断是3|| 基于你刚刚的推断得出你的最终结论，请输出你认为的卧底，在这种情况下只需要输出编号，是1-4中的某个数字，不要输出其他信息。在这个过程不要进行任何推理，只对||以前的部分进行信息提取
2024-12-13 12:44:45,556 - 2 - INFO - **********PLAYER2**********
3
