2024-12-13 12:40:54,110 - 3 - INFO - **********JUDGER**********
让我们来玩一个叫做<谁是卧底>的推理游戏。基本规则：<人数>：4人。<角色分配>：每位玩家随机抽取一个词语，3名玩家拿到的词语是相同的（平民词），1名玩家拿到与之相近但不同的词语（卧底词）。<游戏流程>：1、玩家轮流描述自己的词语，但<不能>直接说出词语本身。2、描述完毕后，投票选出最像卧底的玩家。3、每轮结束后，被投票选出的玩家出局，不能再进行描述或投票。4、每轮投票结束后，如果卧底被成功找出，平民方获胜；如果卧底未被找出且卧底人数等于或超过平民人数，则卧底方获胜。你将扮演一个<玩家>，请等待你被分配到的关键词。如果你听懂了，只回答，"好的，我准备好参加游戏了"，不要输出别的信息
2024-12-13 12:40:54,661 - 3 - INFO - **********PLAYER3**********
好的，我准备好参加游戏了
2024-12-13 12:41:01,235 - 3 - INFO - **********JUDGER**********
玩家1说：它是一种陆上交通工具，用于长距离运输。它在同类中以其高速和舒适度而闻名。玩家2说：这是一种铁轨上行驶的车辆，主要用于长途旅行。它在同类交通工具中以其稳定的运行和相对较快的速度而著称。相较于其他交通工具，它可能在乘客的舒适度上更为突出。玩家3说：玩家4说：|| 你是第3号玩家，你的关键词是<汽车>。你的回答中绝对不能包含你的关键词<汽车>。这是第一轮描述，不需要分析||之前别的玩家的描述，请你描述关键词基本特征，注意，这局游戏的词语分类为<交通工具>，卧底词和平民词都属于该类，描述包括以下两点，1.他的基本特征是什么2.他在该类（交通工具）中最突出不同的特征是什么，尽量简短
2024-12-13 12:41:04,548 - 3 - INFO - **********PLAYER3**********
它是一种轮子驱动的车辆，能够在多种路面上行驶。相较于其他交通工具，它通常以其灵活性、便捷性和广泛的应用而最为突出。
2024-12-13 12:41:52,711 - 3 - INFO - **********JUDGER**********
玩家1说：它是一种陆上交通工具，用于长距离运输。它在同类中以其高速和舒适度而闻名。玩家2说：这是一种铁轨上行驶的车辆，主要用于长途旅行。它在同类交通工具中以其稳定的运行和相对较快的速度而著称。相较于其他交通工具，它可能在乘客的舒适度上更为突出。玩家3说：它是一种轮子驱动的车辆，能够在多种路面上行驶。相较于其他交通工具，它通常以其灵活性、便捷性和广泛的应用而最为突出。玩家4说：||在这个游戏中，我们需要通过分析每位玩家的描述来找出卧底。通常，平民的描述会围绕相同的词语展开，而卧底的描述可能会因为词语的不同而显得不太一致。我们需要仔细比较每个描述之间的相似性和差异性，以找出可能的卧底，注意，卧底并不会隐藏自己，他会直接描述他的词语，现在，逐一分析每个玩家的描述，注意，这局游戏的词语分类为<交通工具>，卧底词和平民词都属于该类。这是第一轮描述。
2024-12-13 12:42:00,811 - 3 - INFO - **********PLAYER3**********
根据玩家1、玩家2和玩家3的描述，我们可以看出他们都在描述一种用于长途旅行的交通工具，这些描述都强调了速度、舒适度和稳定性。玩家1提到了“高速和舒适度”，玩家2提到了“稳定的运行和相对较快的速度”，玩家3则提到了“灵活性、便捷性和广泛的应用”。

如果玩家4的描述与这三位玩家相似，那么他很可能也是平民，因为平民的描述通常会比较一致。然而，如果玩家4的描述与前三位的描述在关键词上有所不同，那么他可能是卧底。

由于玩家4的描述是关于“轮子驱动的车辆，能够在多种路面上行驶”，并且提到了“灵活性、便捷性和广泛的应用”，这与玩家3的描述非常相似，但玩家3的描述中提到了“铁轨上行驶的车辆”，这暗示了一种特定的交通工具――火车。

因此，如果玩家4的描述与火车不符，他可能是卧底。如果他描述的确实是火车，那么他可能是平民。我们需要更多的信息来进一步判断玩家4的身份。
2024-12-13 12:42:00,812 - 3 - INFO - **********JUDGER**********
你刚刚的分析是根据玩家1、玩家2和玩家3的描述，我们可以看出他们都在描述一种用于长途旅行的交通工具，这些描述都强调了速度、舒适度和稳定性。玩家1提到了“高速和舒适度”，玩家2提到了“稳定的运行和相对较快的速度”，玩家3则提到了“灵活性、便捷性和广泛的应用”。

如果玩家4的描述与这三位玩家相似，那么他很可能也是平民，因为平民的描述通常会比较一致。然而，如果玩家4的描述与前三位的描述在关键词上有所不同，那么他可能是卧底。

由于玩家4的描述是关于“轮子驱动的车辆，能够在多种路面上行驶”，并且提到了“灵活性、便捷性和广泛的应用”，这与玩家3的描述非常相似，但玩家3的描述中提到了“铁轨上行驶的车辆”，这暗示了一种特定的交通工具――火车。

因此，如果玩家4的描述与火车不符，他可能是卧底。如果他描述的确实是火车，那么他可能是平民。我们需要更多的信息来进一步判断玩家4的身份。|| `请根据上述分析，比较描述以找出不一致之处，注意，这局游戏的词语分类为<交通工具>，卧底词和平民词都属于该类。
2024-12-13 12:42:09,423 - 3 - INFO - **********PLAYER3**********
根据上述分析，我们可以比较四位玩家的描述来找出不一致之处：

1. 玩家1的描述提到了“高速和舒适度”，这暗示了一种可能在公路上行驶的交通工具，如高速列车或汽车。

2. 玩家2的描述明确指出“铁轨上行驶的车辆”，这直接指向了火车，强调了它的稳定性和相对较快的速度。

3. 玩家3的描述同样提到了“轮子驱动的车辆，能够在多种路面上行驶”，并强调了“灵活性、便捷性和广泛的应用”，但没有提到具体的速度或稳定性。

4. 玩家4的描述也提到了“轮子驱动的车辆，能够在多种路面上行驶”，并强调了“灵活性、便捷性和广泛的应用”，但没有提到速度或稳定性。

不一致之处在于：

- 玩家2的描述中明确提到了“铁轨上行驶”，而其他玩家的描述没有提到铁轨。
- 玩家2的描述强调了“稳定的运行和相对较快的速度”，而其他玩家没有提到这些特征。

基于这些信息，玩家2的描述与其他玩家的描述存在明显的不一致，这可能是由于他可能是卧底，他的关键词可能是与火车不同的交通工具，如汽车。而玩家4的描述虽然与玩家3相似，但因为没有提到铁轨，也可能不是卧底。因此，玩家2可能是卧底。
2024-12-13 12:42:09,427 - 3 - INFO - **********JUDGER**********
你刚刚的分析是根据上述分析，我们可以比较四位玩家的描述来找出不一致之处：

1. 玩家1的描述提到了“高速和舒适度”，这暗示了一种可能在公路上行驶的交通工具，如高速列车或汽车。

2. 玩家2的描述明确指出“铁轨上行驶的车辆”，这直接指向了火车，强调了它的稳定性和相对较快的速度。

3. 玩家3的描述同样提到了“轮子驱动的车辆，能够在多种路面上行驶”，并强调了“灵活性、便捷性和广泛的应用”，但没有提到具体的速度或稳定性。

4. 玩家4的描述也提到了“轮子驱动的车辆，能够在多种路面上行驶”，并强调了“灵活性、便捷性和广泛的应用”，但没有提到速度或稳定性。

不一致之处在于：

- 玩家2的描述中明确提到了“铁轨上行驶”，而其他玩家的描述没有提到铁轨。
- 玩家2的描述强调了“稳定的运行和相对较快的速度”，而其他玩家没有提到这些特征。

基于这些信息，玩家2的描述与其他玩家的描述存在明显的不一致，这可能是由于他可能是卧底，他的关键词可能是与火车不同的交通工具，如汽车。而玩家4的描述虽然与玩家3相似，但因为没有提到铁轨，也可能不是卧底。因此，玩家2可能是卧底。|| 请通过你分析的不一致之处，推断卧底身份，注意，这局游戏的词语分类为<交通工具>，卧底词和平民词都属于该类。
2024-12-13 12:42:17,901 - 3 - INFO - **********PLAYER3**********
根据上述分析中提到的不一致之处，我们可以推断卧底身份如下：

- 玩家2的描述明确提到了“铁轨上行驶的车辆”，并强调了“稳定的运行和相对较快的速度”，这与火车相符。然而，其他玩家的描述没有提到铁轨，且没有强调速度和稳定性，这暗示他们可能描述的是公路上行驶的交通工具，如汽车。

- 玩家4的描述与玩家3相似，都提到了“轮子驱动的车辆，能够在多种路面上行驶”，并强调了“灵活性、便捷性和广泛的应用”，但没有提到铁轨或速度稳定性，这与火车不符。

由于玩家2的描述与其他玩家在关键词上存在明显差异，且直接指向了火车，而其他玩家可能描述的是汽车，这表明玩家2的描述与题目中<交通工具>的分类更为吻合，但与平民词不匹配。因此，根据游戏规则，玩家2很可能是卧底。他的关键词可能是与火车不同的交通工具，即汽车。
2024-12-13 12:42:17,903 - 3 - INFO - **********JUDGER**********
你刚刚的推断是根据上述分析中提到的不一致之处，我们可以推断卧底身份如下：

- 玩家2的描述明确提到了“铁轨上行驶的车辆”，并强调了“稳定的运行和相对较快的速度”，这与火车相符。然而，其他玩家的描述没有提到铁轨，且没有强调速度和稳定性，这暗示他们可能描述的是公路上行驶的交通工具，如汽车。

- 玩家4的描述与玩家3相似，都提到了“轮子驱动的车辆，能够在多种路面上行驶”，并强调了“灵活性、便捷性和广泛的应用”，但没有提到铁轨或速度稳定性，这与火车不符。

由于玩家2的描述与其他玩家在关键词上存在明显差异，且直接指向了火车，而其他玩家可能描述的是汽车，这表明玩家2的描述与题目中<交通工具>的分类更为吻合，但与平民词不匹配。因此，根据游戏规则，玩家2很可能是卧底。他的关键词可能是与火车不同的交通工具，即汽车。|| 基于你刚刚的推断得出你的最终结论，请输出你认为的卧底，在这种情况下只需要输出编号，是1-4中的某个数字，不要输出其他信息。在这个过程不要进行任何推理，只对||以前的部分进行信息提取
2024-12-13 12:42:18,564 - 3 - INFO - **********PLAYER3**********
2
2024-12-13 12:42:51,515 - 3 - INFO - **********JUDGER**********
玩家1说：它是一种陆上交通工具，用于长距离运输。它在同类中以其高速和舒适度而闻名。它是一种在铁轨上运行的车辆，特别适合进行远距离旅行。与其他同类相比，它在速度和乘坐体验上有着显著的提升。玩家2说：这是一种铁轨上行驶的车辆，主要用于长途旅行。它在同类交通工具中以其稳定的运行和相对较快的速度而著称。相较于其他交通工具，它可能在乘客的舒适度上更为突出。它是一种高速的陆上交通工具，专为长距离旅行设计。与同类相比，它在速度上有着显著的优势，能够在短时间内完成长距离的移动。此外，它的乘坐体验舒适，内部设施完善，适合长时间的旅行需求。玩家3说：它是一种轮子驱动的车辆，能够在多种路面上行驶。相较于其他交通工具，它通常以其灵活性、便捷性和广泛的应用而最为突出。玩家4说：它是一种依赖轨道行驶的交通工具，主要用于跨越长距离。相比同类交通工具，它在速度、稳定性和舒适度上具有显著优势。你是第3号玩家，你的关键词是<汽车>。你的回答中绝对不能包含你的关键词<汽车>。这是第二轮描述，你之前的描述是它是一种轮子驱动的车辆，能够在多种路面上行驶。相较于其他交通工具，它通常以其灵活性、便捷性和广泛的应用而最为突出。，注意，这局游戏的词语分类为<交通工具>，卧底词和平民词都属于该类，请你补充关于关键词的描述，注意，你的描述应该比起之前的描述更加贴近关键词，作为之前的补充
2024-12-13 12:42:53,076 - 3 - INFO - **********PLAYER3**********
它是一种广泛使用的陆上交通工具，能够在不同类型道路上行驶，为人们提供便捷的出行方式。相较于其他交通工具，它以其通用性和适应性而受到青睐。
2024-12-13 12:43:20,920 - 3 - INFO - **********JUDGER**********
玩家1说：它是一种陆上交通工具，用于长距离运输。它在同类中以其高速和舒适度而闻名。它是一种在铁轨上运行的车辆，特别适合进行远距离旅行。与其他同类相比，它在速度和乘坐体验上有着显著的提升。玩家2说：这是一种铁轨上行驶的车辆，主要用于长途旅行。它在同类交通工具中以其稳定的运行和相对较快的速度而著称。相较于其他交通工具，它可能在乘客的舒适度上更为突出。它是一种高速的陆上交通工具，专为长距离旅行设计。与同类相比，它在速度上有着显著的优势，能够在短时间内完成长距离的移动。此外，它的乘坐体验舒适，内部设施完善，适合长时间的旅行需求。玩家3说：它是一种轮子驱动的车辆，能够在多种路面上行驶。相较于其他交通工具，它通常以其灵活性、便捷性和广泛的应用而最为突出。它是一种广泛使用的陆上交通工具，能够在不同类型道路上行驶，为人们提供便捷的出行方式。相较于其他交通工具，它以其通用性和适应性而受到青睐。玩家4说：它是一种依赖轨道行驶的交通工具，主要用于跨越长距离。相比同类交通工具，它在速度、稳定性和舒适度上具有显著优势。||在这个游戏中，我们需要通过分析每位玩家的描述来找出卧底。通常，平民的描述会围绕相同的词语展开，而卧底的描述可能会因为词语的不同而显得不太一致。我们需要仔细比较每个描述之间的相似性和差异性，以找出可能的卧底，注意，卧底并不会隐藏自己，他会直接描述他的词语，现在，逐一分析每个玩家的描述，注意，这局游戏的词语分类为<交通工具>，卧底词和平民词都属于该类。||之前是第2轮描述和之前轮数描述的合集。你之前认为的卧底是玩家2。
2024-12-13 12:43:21,846 - 3 - INFO - **********PLAYER3**********
2
2024-12-13 12:43:21,847 - 3 - INFO - **********JUDGER**********
你刚刚的分析是2|| `请根据上述分析，比较描述以找出不一致之处，注意，这局游戏的词语分类为<交通工具>，卧底词和平民词都属于该类。
2024-12-13 12:43:29,095 - 3 - INFO - **********PLAYER3**********
根据上述分析，我们可以比较四位玩家的描述来找出不一致之处：

1. 玩家1的描述中提到了“在铁轨上运行的车辆”，这与火车相符，而其他玩家的描述没有提到铁轨。

2. 玩家2的描述中多次提到“铁轨上行驶的车辆”和“高速的陆上交通工具”，强调速度和舒适度，这与火车相符。

3. 玩家3的描述中提到了“轮子驱动的车辆，能够在多种路面上行驶”，这与汽车相符。

4. 玩家4的描述中提到了“依赖轨道行驶的交通工具”，这与火车相符。

不一致之处在于：

- 玩家1、2和4的描述都提到了铁轨或与火车相关的特征，而玩家3的描述没有提到铁轨，而是强调了轮子和多种路面的适应性。

- 玩家2和4的描述都强调了速度和舒适度，这与火车相符，而玩家3的描述没有提到这些特征。

基于这些信息，玩家3的描述与其他玩家的描述存在明显的不一致，这可能是由于他可能是卧底，他的关键词可能是与火车不同的交通工具，即汽车。因此，不一致之处在于玩家3的描述没有提到铁轨，而是强调了轮子和多种路面的适应性。
2024-12-13 12:43:29,111 - 3 - INFO - **********JUDGER**********
你刚刚的分析是根据上述分析，我们可以比较四位玩家的描述来找出不一致之处：

1. 玩家1的描述中提到了“在铁轨上运行的车辆”，这与火车相符，而其他玩家的描述没有提到铁轨。

2. 玩家2的描述中多次提到“铁轨上行驶的车辆”和“高速的陆上交通工具”，强调速度和舒适度，这与火车相符。

3. 玩家3的描述中提到了“轮子驱动的车辆，能够在多种路面上行驶”，这与汽车相符。

4. 玩家4的描述中提到了“依赖轨道行驶的交通工具”，这与火车相符。

不一致之处在于：

- 玩家1、2和4的描述都提到了铁轨或与火车相关的特征，而玩家3的描述没有提到铁轨，而是强调了轮子和多种路面的适应性。

- 玩家2和4的描述都强调了速度和舒适度，这与火车相符，而玩家3的描述没有提到这些特征。

基于这些信息，玩家3的描述与其他玩家的描述存在明显的不一致，这可能是由于他可能是卧底，他的关键词可能是与火车不同的交通工具，即汽车。因此，不一致之处在于玩家3的描述没有提到铁轨，而是强调了轮子和多种路面的适应性。|| 请通过你分析的不一致之处，推断卧底身份，注意，这局游戏的词语分类为<交通工具>，卧底词和平民词都属于该类。
2024-12-13 12:43:29,701 - 3 - INFO - **********PLAYER3**********
3
2024-12-13 12:43:29,701 - 3 - INFO - **********JUDGER**********
你刚刚的推断是3|| 基于你刚刚的推断得出你的最终结论，请输出你认为的卧底，在这种情况下只需要输出编号，是1-4中的某个数字，不要输出其他信息。在这个过程不要进行任何推理，只对||以前的部分进行信息提取
2024-12-13 12:43:30,331 - 3 - INFO - **********PLAYER3**********
3
2024-12-13 12:44:05,650 - 3 - INFO - **********JUDGER**********
玩家1说：它是一种陆上交通工具，用于长距离运输。它在同类中以其高速和舒适度而闻名。它是一种在铁轨上运行的车辆，特别适合进行远距离旅行。与其他同类相比，它在速度和乘坐体验上有着显著的提升。它是一种具有固定路线的交通工具，专为长距离旅行优化，以其快速和舒适的旅行体验而受到推崇。玩家2说：这是一种铁轨上行驶的车辆，主要用于长途旅行。它在同类交通工具中以其稳定的运行和相对较快的速度而著称。相较于其他交通工具，它可能在乘客的舒适度上更为突出。它是一种高速的陆上交通工具，专为长距离旅行设计。与同类相比，它在速度上有着显著的优势，能够在短时间内完成长距离的移动。此外，它的乘坐体验舒适，内部设施完善，适合长时间的旅行需求。它是一种铁轨上运行的交通工具，以其高效能和长距离的运输能力而闻名。它能够提供平稳的旅行体验，即使在长途旅行中也能保持舒适。与同类交通工具相比，它在速度和可靠性上有着显著的优势，是长途旅行者的首选。玩家3说：它是一种轮子驱动的车辆，能够在多种路面上行驶。相较于其他交通工具，它通常以其灵活性、便捷性和广泛的应用而最为突出。它是一种广泛使用的陆上交通工具，能够在不同类型道路上行驶，为人们提供便捷的出行方式。相较于其他交通工具，它以其通用性和适应性而受到青睐。玩家4说：它是一种依赖轨道行驶的交通工具，主要用于跨越长距离。相比同类交通工具，它在速度、稳定性和舒适度上具有显著优势。它是一种特殊的陆上交通工具，专为长途旅行而设计。它在同类中以其高效的运行速度和卓越的乘坐舒适度而著称。与其他依赖轨道的交通工具相比，它能够在较短的时间内完成跨越长距离的任务，同时保持极高的稳定性和乘坐体验。你是第3号玩家，你的关键词是<汽车>。你的回答中绝对不能包含你的关键词<汽车>。这是第三轮描述，你之前的描述是它是一种轮子驱动的车辆，能够在多种路面上行驶。相较于其他交通工具，它通常以其灵活性、便捷性和广泛的应用而最为突出。和它是一种广泛使用的陆上交通工具，能够在不同类型道路上行驶，为人们提供便捷的出行方式。相较于其他交通工具，它以其通用性和适应性而受到青睐。，注意，这局游戏的词语分类为<交通工具>，卧底词和平民词都属于该类，请你补充关于关键词的描述，注意，你的描述应该比起之前的描述更加贴近关键词，作为之前的补充
2024-12-13 12:44:08,164 - 3 - INFO - **********PLAYER3**********
它是一种小型、灵活的陆上交通工具，特别适合在市区和乡村道路中使用。它的设计注重便捷性和个人出行，能够在各种道路上轻松穿梭。与其他同类交通工具相比，它以其紧凑的车身和灵活的转向而著称。
2024-12-13 12:44:45,557 - 3 - INFO - **********JUDGER**********
玩家1说：它是一种陆上交通工具，用于长距离运输。它在同类中以其高速和舒适度而闻名。它是一种在铁轨上运行的车辆，特别适合进行远距离旅行。与其他同类相比，它在速度和乘坐体验上有着显著的提升。它是一种具有固定路线的交通工具，专为长距离旅行优化，以其快速和舒适的旅行体验而受到推崇。玩家2说：这是一种铁轨上行驶的车辆，主要用于长途旅行。它在同类交通工具中以其稳定的运行和相对较快的速度而著称。相较于其他交通工具，它可能在乘客的舒适度上更为突出。它是一种高速的陆上交通工具，专为长距离旅行设计。与同类相比，它在速度上有着显著的优势，能够在短时间内完成长距离的移动。此外，它的乘坐体验舒适，内部设施完善，适合长时间的旅行需求。它是一种铁轨上运行的交通工具，以其高效能和长距离的运输能力而闻名。它能够提供平稳的旅行体验，即使在长途旅行中也能保持舒适。与同类交通工具相比，它在速度和可靠性上有着显著的优势，是长途旅行者的首选。玩家3说：它是一种轮子驱动的车辆，能够在多种路面上行驶。相较于其他交通工具，它通常以其灵活性、便捷性和广泛的应用而最为突出。它是一种广泛使用的陆上交通工具，能够在不同类型道路上行驶，为人们提供便捷的出行方式。相较于其他交通工具，它以其通用性和适应性而受到青睐。它是一种小型、灵活的陆上交通工具，特别适合在市区和乡村道路中使用。它的设计注重便捷性和个人出行，能够在各种道路上轻松穿梭。与其他同类交通工具相比，它以其紧凑的车身和灵活的转向而著称。玩家4说：它是一种依赖轨道行驶的交通工具，主要用于跨越长距离。相比同类交通工具，它在速度、稳定性和舒适度上具有显著优势。它是一种特殊的陆上交通工具，专为长途旅行而设计。它在同类中以其高效的运行速度和卓越的乘坐舒适度而著称。与其他依赖轨道的交通工具相比，它能够在较短的时间内完成跨越长距离的任务，同时保持极高的稳定性和乘坐体验。它是一种在铁轨上高速行驶的陆上交通工具，专为长距离旅行而设计。它在同类中以其卓越的速度和稳定的运行而闻名，能够提供连续、高效的旅行体验。此外，它通常拥有宽敞的乘客空间和现代化的内部设施，确保了长途旅行的舒适性和便利性。||在这个游戏中，我们需要通过分析每位玩家的描述来找出卧底。通常，平民的描述会围绕相同的词语展开，而卧底的描述可能会因为词语的不同而显得不太一致。我们需要仔细比较每个描述之间的相似性和差异性，以找出可能的卧底，注意，卧底并不会隐藏自己，他会直接描述他的词语，现在，逐一分析每个玩家的描述，注意，这局游戏的词语分类为<交通工具>，卧底词和平民词都属于该类。||之前是第3轮描述和之前轮数描述的合集。你之前认为的卧底是玩家3。
2024-12-13 12:44:47,001 - 3 - INFO - **********PLAYER3**********
3
2024-12-13 12:44:47,002 - 3 - INFO - **********JUDGER**********
你刚刚的分析是3|| `请根据上述分析，比较描述以找出不一致之处，注意，这局游戏的词语分类为<交通工具>，卧底词和平民词都属于该类。
2024-12-13 12:44:53,710 - 3 - INFO - **********PLAYER3**********
在比较四位玩家的描述时，我们可以观察到以下不一致之处：

1. 玩家1和玩家2的描述都强调了交通工具在铁轨上运行，主要用于长途旅行，以及高速、舒适和稳定性等特点。这些描述与火车相符。

2. 玩家4的描述也提到了依赖轨道行驶，用于长距离旅行，速度快、稳定性和舒适度高，这些特点同样指向火车。

3. 玩家3的描述则提到了轮子驱动的车辆，能够在多种路面上行驶，强调灵活性、便捷性和广泛的应用，以及紧凑的车身和灵活的转向。这些描述与汽车相符。

不一致之处在于：

- 玩家1、2和4的描述都集中在铁轨上运行的交通工具，特别是火车，而玩家3的描述则集中在轮子驱动的汽车上。

- 玩家3的描述中没有提到铁轨，而是提到了多种路面，这与火车的主要特征不符。

因此，玩家3的描述与其他玩家的描述存在不一致之处，这可能是由于他可能是卧底，他的关键词可能是与火车不同的交通工具，即汽车。
2024-12-13 12:44:53,712 - 3 - INFO - **********JUDGER**********
你刚刚的分析是在比较四位玩家的描述时，我们可以观察到以下不一致之处：

1. 玩家1和玩家2的描述都强调了交通工具在铁轨上运行，主要用于长途旅行，以及高速、舒适和稳定性等特点。这些描述与火车相符。

2. 玩家4的描述也提到了依赖轨道行驶，用于长距离旅行，速度快、稳定性和舒适度高，这些特点同样指向火车。

3. 玩家3的描述则提到了轮子驱动的车辆，能够在多种路面上行驶，强调灵活性、便捷性和广泛的应用，以及紧凑的车身和灵活的转向。这些描述与汽车相符。

不一致之处在于：

- 玩家1、2和4的描述都集中在铁轨上运行的交通工具，特别是火车，而玩家3的描述则集中在轮子驱动的汽车上。

- 玩家3的描述中没有提到铁轨，而是提到了多种路面，这与火车的主要特征不符。

因此，玩家3的描述与其他玩家的描述存在不一致之处，这可能是由于他可能是卧底，他的关键词可能是与火车不同的交通工具，即汽车。|| 请通过你分析的不一致之处，推断卧底身份，注意，这局游戏的词语分类为<交通工具>，卧底词和平民词都属于该类。
2024-12-13 12:44:54,547 - 3 - INFO - **********PLAYER3**********
3
2024-12-13 12:44:54,548 - 3 - INFO - **********JUDGER**********
你刚刚的推断是3|| 基于你刚刚的推断得出你的最终结论，请输出你认为的卧底，在这种情况下只需要输出编号，是1-4中的某个数字，不要输出其他信息。在这个过程不要进行任何推理，只对||以前的部分进行信息提取
2024-12-13 12:44:56,388 - 3 - INFO - **********PLAYER3**********
3
2024-12-13 12:44:56,390 - 3 - INFO - **********JUDGER**********
你认为卧底是你自己。你现在需要随便选一个人投票。请输出一个数字，是1-4中的某个数字，但这个数字不能是3，不要输出其他信息。
2024-12-13 12:44:58,830 - 3 - INFO - **********PLAYER3**********
1
