2024-12-13 12:40:55,599 - 4 - INFO - **********JUDGER**********
让我们来玩一个叫做<谁是卧底>的推理游戏。基本规则：<人数>：4人。<角色分配>：每位玩家随机抽取一个词语，3名玩家拿到的词语是相同的（平民词），1名玩家拿到与之相近但不同的词语（卧底词）。<游戏流程>：1、玩家轮流描述自己的词语，但<不能>直接说出词语本身。2、描述完毕后，投票选出最像卧底的玩家。3、每轮结束后，被投票选出的玩家出局，不能再进行描述或投票。4、每轮投票结束后，如果卧底被成功找出，平民方获胜；如果卧底未被找出且卧底人数等于或超过平民人数，则卧底方获胜。你将扮演一个<玩家>，请等待你被分配到的关键词。如果你听懂了，只回答，"好的，我准备好参加游戏了"，不要输出别的信息
2024-12-13 12:40:57,130 - 4 - INFO - **********PLAYER4**********
好的，我准备好参加游戏了
2024-12-13 12:41:04,548 - 4 - INFO - **********JUDGER**********
玩家1说：它是一种陆上交通工具，用于长距离运输。它在同类中以其高速和舒适度而闻名。玩家2说：这是一种铁轨上行驶的车辆，主要用于长途旅行。它在同类交通工具中以其稳定的运行和相对较快的速度而著称。相较于其他交通工具，它可能在乘客的舒适度上更为突出。玩家3说：它是一种轮子驱动的车辆，能够在多种路面上行驶。相较于其他交通工具，它通常以其灵活性、便捷性和广泛的应用而最为突出。玩家4说：|| 你是第4号玩家，你的关键词是<火车>。你的回答中绝对不能包含你的关键词<火车>。这是第一轮描述，不需要分析||之前别的玩家的描述，请你描述关键词基本特征，注意，这局游戏的词语分类为<交通工具>，卧底词和平民词都属于该类，描述包括以下两点，1.他的基本特征是什么2.他在该类（交通工具）中最突出不同的特征是什么，尽量简短
2024-12-13 12:41:06,155 - 4 - INFO - **********PLAYER4**********
它是一种依赖轨道行驶的交通工具，主要用于跨越长距离。相比同类交通工具，它在速度、稳定性和舒适度上具有显著优势。
2024-12-13 12:42:18,566 - 4 - INFO - **********JUDGER**********
玩家1说：它是一种陆上交通工具，用于长距离运输。它在同类中以其高速和舒适度而闻名。玩家2说：这是一种铁轨上行驶的车辆，主要用于长途旅行。它在同类交通工具中以其稳定的运行和相对较快的速度而著称。相较于其他交通工具，它可能在乘客的舒适度上更为突出。玩家3说：它是一种轮子驱动的车辆，能够在多种路面上行驶。相较于其他交通工具，它通常以其灵活性、便捷性和广泛的应用而最为突出。玩家4说：||在这个游戏中，我们需要通过分析每位玩家的描述来找出卧底。通常，平民的描述会围绕相同的词语展开，而卧底的描述可能会因为词语的不同而显得不太一致。我们需要仔细比较每个描述之间的相似性和差异性，以找出可能的卧底，注意，卧底并不会隐藏自己，他会直接描述他的词语，现在，逐一分析每个玩家的描述，注意，这局游戏的词语分类为<交通工具>，卧底词和平民词都属于该类。这是第一轮描述。
2024-12-13 12:42:26,311 - 4 - INFO - **********PLAYER4**********
好的，我们来分析一下每个玩家的描述：

玩家1的描述强调了交通工具的陆上、长距离运输、高速和舒适度，这与火车的基本特征相符。

玩家2的描述也提到了铁轨、长途旅行、稳定运行、较快速度和舒适度，这与火车的主要特点一致。

玩家3的描述提到了轮子驱动、多种路面行驶、灵活性、便捷性和广泛应用，这与汽车或卡车等车辆的特点更为接近。

玩家4的描述虽然要求不直接提及关键词，但根据他提供的提示，我们可以推测他的描述可能不会与火车的主要特征相匹配，因为他在引导我们分析其他玩家的描述，这可能意味着他的词语与火车不同。

综上所述，玩家3的描述与火车的主要特征不太相符，而其他玩家的描述更接近火车。因此，玩家3可能是卧底。然而，卧底不会隐藏自己，所以我们需要更多的信息来确定。在下一轮中，我们可以观察玩家3的描述是否与其他玩家保持一致，或者是否有明显的不一致。
2024-12-13 12:42:26,312 - 4 - INFO - **********JUDGER**********
你刚刚的分析是好的，我们来分析一下每个玩家的描述：

玩家1的描述强调了交通工具的陆上、长距离运输、高速和舒适度，这与火车的基本特征相符。

玩家2的描述也提到了铁轨、长途旅行、稳定运行、较快速度和舒适度，这与火车的主要特点一致。

玩家3的描述提到了轮子驱动、多种路面行驶、灵活性、便捷性和广泛应用，这与汽车或卡车等车辆的特点更为接近。

玩家4的描述虽然要求不直接提及关键词，但根据他提供的提示，我们可以推测他的描述可能不会与火车的主要特征相匹配，因为他在引导我们分析其他玩家的描述，这可能意味着他的词语与火车不同。

综上所述，玩家3的描述与火车的主要特征不太相符，而其他玩家的描述更接近火车。因此，玩家3可能是卧底。然而，卧底不会隐藏自己，所以我们需要更多的信息来确定。在下一轮中，我们可以观察玩家3的描述是否与其他玩家保持一致，或者是否有明显的不一致。|| `请根据上述分析，比较描述以找出不一致之处，注意，这局游戏的词语分类为<交通工具>，卧底词和平民词都属于该类。
2024-12-13 12:42:33,711 - 4 - INFO - **********PLAYER4**********
根据上述分析，我们可以比较描述中的一致性和不一致性如下：

1. 玩家1和玩家2的描述都强调了交通工具的陆上、长途、速度和舒适度，这些特征在火车中是共同的。

2. 玩家3的描述则提到了轮子驱动、多种路面行驶、灵活性、便捷性和广泛应用，这些特征与火车不同，更像是汽车或卡车的特点。

3. 玩家4的描述没有直接提及关键词，但他的提示是关于分析其他玩家的描述，这暗示他的词语可能与火车不同。

不一致之处在于：
- 玩家3的描述与火车的主要特征不符，而玩家1和玩家2的描述则更符合。
- 玩家4的描述虽然不直接提及关键词，但他的引导性描述可能指向他的词语与火车不同。

因此，玩家3和玩家4的描述可能存在不一致之处，这可能是我们寻找卧底的关键线索。在下一轮中，我们可以关注这两位玩家的描述，看看他们是否会有进一步的矛盾或者与其他玩家的描述不一致。
2024-12-13 12:42:33,712 - 4 - INFO - **********JUDGER**********
你刚刚的分析是根据上述分析，我们可以比较描述中的一致性和不一致性如下：

1. 玩家1和玩家2的描述都强调了交通工具的陆上、长途、速度和舒适度，这些特征在火车中是共同的。

2. 玩家3的描述则提到了轮子驱动、多种路面行驶、灵活性、便捷性和广泛应用，这些特征与火车不同，更像是汽车或卡车的特点。

3. 玩家4的描述没有直接提及关键词，但他的提示是关于分析其他玩家的描述，这暗示他的词语可能与火车不同。

不一致之处在于：
- 玩家3的描述与火车的主要特征不符，而玩家1和玩家2的描述则更符合。
- 玩家4的描述虽然不直接提及关键词，但他的引导性描述可能指向他的词语与火车不同。

因此，玩家3和玩家4的描述可能存在不一致之处，这可能是我们寻找卧底的关键线索。在下一轮中，我们可以关注这两位玩家的描述，看看他们是否会有进一步的矛盾或者与其他玩家的描述不一致。|| 请通过你分析的不一致之处，推断卧底身份，注意，这局游戏的词语分类为<交通工具>，卧底词和平民词都属于该类。
2024-12-13 12:42:47,033 - 4 - INFO - **********PLAYER4**********
根据分析中提到的不一致之处，我们可以进行以下推断：

1. 玩家3的描述与火车的主要特征不符，反而更像是汽车或卡车的特点。这表明玩家3的词语可能是汽车或卡车，而不是火车。

2. 玩家4的描述没有直接提及关键词，但他的引导性描述似乎是关于如何分析其他玩家的描述，这可能与火车无关。这暗示玩家4的词语也可能不是火车。

在<交通工具>这个分类中，如果玩家3的词语是汽车或卡车，而玩家4的词语不是火车，那么这两个描述都与火车的主要特征不一致。由于火车是唯一的陆上高速长途交通工具，且玩家1和玩家2的描述都符合这一特征，这增加了他们持有相同平民词的可能性。

因此，基于描述的一致性和不一致性，玩家3和玩家4的词语更可能是卧底词，而玩家1和玩家2的词语可能是相同的平民词。在这种情况下，如果游戏继续进行，玩家1和玩家2需要进一步描述以确认他们的词语，而玩家3和玩家4则需要小心他们的描述，以避免被识别为卧底。最终，如果玩家1和玩家2能够保持描述的一致性，而玩家3和玩家4的描述出现不一致，那么我们可以推断玩家3或玩家4是卧底。
2024-12-13 12:42:47,035 - 4 - INFO - **********JUDGER**********
你刚刚的推断是根据分析中提到的不一致之处，我们可以进行以下推断：

1. 玩家3的描述与火车的主要特征不符，反而更像是汽车或卡车的特点。这表明玩家3的词语可能是汽车或卡车，而不是火车。

2. 玩家4的描述没有直接提及关键词，但他的引导性描述似乎是关于如何分析其他玩家的描述，这可能与火车无关。这暗示玩家4的词语也可能不是火车。

在<交通工具>这个分类中，如果玩家3的词语是汽车或卡车，而玩家4的词语不是火车，那么这两个描述都与火车的主要特征不一致。由于火车是唯一的陆上高速长途交通工具，且玩家1和玩家2的描述都符合这一特征，这增加了他们持有相同平民词的可能性。

因此，基于描述的一致性和不一致性，玩家3和玩家4的词语更可能是卧底词，而玩家1和玩家2的词语可能是相同的平民词。在这种情况下，如果游戏继续进行，玩家1和玩家2需要进一步描述以确认他们的词语，而玩家3和玩家4则需要小心他们的描述，以避免被识别为卧底。最终，如果玩家1和玩家2能够保持描述的一致性，而玩家3和玩家4的描述出现不一致，那么我们可以推断玩家3或玩家4是卧底。|| 基于你刚刚的推断得出你的最终结论，请输出你认为的卧底，在这种情况下只需要输出编号，是1-4中的某个数字，不要输出其他信息。在这个过程不要进行任何推理，只对||以前的部分进行信息提取
2024-12-13 12:42:47,803 - 4 - INFO - **********PLAYER4**********
3
2024-12-13 12:42:53,077 - 4 - INFO - **********JUDGER**********
玩家1说：它是一种陆上交通工具，用于长距离运输。它在同类中以其高速和舒适度而闻名。它是一种在铁轨上运行的车辆，特别适合进行远距离旅行。与其他同类相比，它在速度和乘坐体验上有着显著的提升。玩家2说：这是一种铁轨上行驶的车辆，主要用于长途旅行。它在同类交通工具中以其稳定的运行和相对较快的速度而著称。相较于其他交通工具，它可能在乘客的舒适度上更为突出。它是一种高速的陆上交通工具，专为长距离旅行设计。与同类相比，它在速度上有着显著的优势，能够在短时间内完成长距离的移动。此外，它的乘坐体验舒适，内部设施完善，适合长时间的旅行需求。玩家3说：它是一种轮子驱动的车辆，能够在多种路面上行驶。相较于其他交通工具，它通常以其灵活性、便捷性和广泛的应用而最为突出。它是一种广泛使用的陆上交通工具，能够在不同类型道路上行驶，为人们提供便捷的出行方式。相较于其他交通工具，它以其通用性和适应性而受到青睐。玩家4说：它是一种依赖轨道行驶的交通工具，主要用于跨越长距离。相比同类交通工具，它在速度、稳定性和舒适度上具有显著优势。你是第4号玩家，你的关键词是<火车>。你的回答中绝对不能包含你的关键词<火车>。这是第二轮描述，你之前的描述是它是一种依赖轨道行驶的交通工具，主要用于跨越长距离。相比同类交通工具，它在速度、稳定性和舒适度上具有显著优势。，注意，这局游戏的词语分类为<交通工具>，卧底词和平民词都属于该类，请你补充关于关键词的描述，注意，你的描述应该比起之前的描述更加贴近关键词，作为之前的补充
2024-12-13 12:42:55,115 - 4 - INFO - **********PLAYER4**********
它是一种特殊的陆上交通工具，专为长途旅行而设计。它在同类中以其高效的运行速度和卓越的乘坐舒适度而著称。与其他依赖轨道的交通工具相比，它能够在较短的时间内完成跨越长距离的任务，同时保持极高的稳定性和乘坐体验。
2024-12-13 12:43:30,332 - 4 - INFO - **********JUDGER**********
玩家1说：它是一种陆上交通工具，用于长距离运输。它在同类中以其高速和舒适度而闻名。它是一种在铁轨上运行的车辆，特别适合进行远距离旅行。与其他同类相比，它在速度和乘坐体验上有着显著的提升。玩家2说：这是一种铁轨上行驶的车辆，主要用于长途旅行。它在同类交通工具中以其稳定的运行和相对较快的速度而著称。相较于其他交通工具，它可能在乘客的舒适度上更为突出。它是一种高速的陆上交通工具，专为长距离旅行设计。与同类相比，它在速度上有着显著的优势，能够在短时间内完成长距离的移动。此外，它的乘坐体验舒适，内部设施完善，适合长时间的旅行需求。玩家3说：它是一种轮子驱动的车辆，能够在多种路面上行驶。相较于其他交通工具，它通常以其灵活性、便捷性和广泛的应用而最为突出。它是一种广泛使用的陆上交通工具，能够在不同类型道路上行驶，为人们提供便捷的出行方式。相较于其他交通工具，它以其通用性和适应性而受到青睐。玩家4说：它是一种依赖轨道行驶的交通工具，主要用于跨越长距离。相比同类交通工具，它在速度、稳定性和舒适度上具有显著优势。||在这个游戏中，我们需要通过分析每位玩家的描述来找出卧底。通常，平民的描述会围绕相同的词语展开，而卧底的描述可能会因为词语的不同而显得不太一致。我们需要仔细比较每个描述之间的相似性和差异性，以找出可能的卧底，注意，卧底并不会隐藏自己，他会直接描述他的词语，现在，逐一分析每个玩家的描述，注意，这局游戏的词语分类为<交通工具>，卧底词和平民词都属于该类。||之前是第2轮描述和之前轮数描述的合集。你之前认为的卧底是玩家3。
2024-12-13 12:43:43,383 - 4 - INFO - **********PLAYER4**********
根据第二轮描述和之前的分析，我们可以进一步观察每个玩家的描述：

玩家1和玩家2的描述都非常详细地描述了同一种交通工具，即铁轨上行驶的车辆，主要用于长途旅行，具有高速、稳定、舒适和适合长时间旅行的特点。他们的描述非常相似，几乎可以确定他们持有相同的平民词。

玩家3的描述则提到了轮子驱动的车辆，能够在多种路面上行驶，强调灵活性、便捷性和广泛的应用。这与火车的主要特征不符，更像是汽车或卡车的特点。

玩家4的描述与之前的描述相似，强调了依赖轨道行驶、跨越长距离、速度、稳定性和舒适度上的优势。

基于这些信息，玩家3的描述与火车的主要特征不一致，而玩家1和玩家2的描述非常相似，支持了他们持有相同平民词的可能性。因此，如果之前的推断是基于描述的不一致性，那么玩家3仍然是最有可能的卧底候选人。然而，由于玩家4的描述与火车相关，且没有明显的不一致性，他也可能是平民。

综上所述，玩家3和玩家4都可能是平民，但基于描述的不一致性，玩家3仍然是我们怀疑的卧底。
2024-12-13 12:43:43,395 - 4 - INFO - **********JUDGER**********
你刚刚的分析是根据第二轮描述和之前的分析，我们可以进一步观察每个玩家的描述：

玩家1和玩家2的描述都非常详细地描述了同一种交通工具，即铁轨上行驶的车辆，主要用于长途旅行，具有高速、稳定、舒适和适合长时间旅行的特点。他们的描述非常相似，几乎可以确定他们持有相同的平民词。

玩家3的描述则提到了轮子驱动的车辆，能够在多种路面上行驶，强调灵活性、便捷性和广泛的应用。这与火车的主要特征不符，更像是汽车或卡车的特点。

玩家4的描述与之前的描述相似，强调了依赖轨道行驶、跨越长距离、速度、稳定性和舒适度上的优势。

基于这些信息，玩家3的描述与火车的主要特征不一致，而玩家1和玩家2的描述非常相似，支持了他们持有相同平民词的可能性。因此，如果之前的推断是基于描述的不一致性，那么玩家3仍然是最有可能的卧底候选人。然而，由于玩家4的描述与火车相关，且没有明显的不一致性，他也可能是平民。

综上所述，玩家3和玩家4都可能是平民，但基于描述的不一致性，玩家3仍然是我们怀疑的卧底。|| `请根据上述分析，比较描述以找出不一致之处，注意，这局游戏的词语分类为<交通工具>，卧底词和平民词都属于该类。
2024-12-13 12:43:51,165 - 4 - INFO - **********PLAYER4**********
根据上述分析，我们可以比较描述中的一致性和不一致性如下：

1. 玩家1和玩家2的描述都非常一致，都强调了铁轨上行驶、长途旅行、高速、稳定、舒适和适合长时间旅行等特点。这表明他们可能持有相同的平民词。

2. 玩家3的描述提到了轮子驱动的车辆、多种路面行驶、灵活性、便捷性和广泛的应用。这些特点与火车的主要特征不符，更像是汽车或卡车的特点。

3. 玩家4的描述强调了依赖轨道行驶、跨越长距离、速度、稳定性和舒适度，这与火车的特征相符，但与玩家1和玩家2的描述相比，没有提到高速和长途旅行的特点。

不一致之处在于：
- 玩家3的描述与火车的主要特征不一致，而玩家1和玩家2的描述则高度一致。
- 玩家4的描述虽然与火车相关，但没有像玩家1和玩家2那样强调高速和长途旅行的特点。

因此，玩家3的描述与火车的主要特征不一致，可能是卧底。玩家4的描述虽然与火车相关，但没有突出高速和长途旅行的特点，这可能意味着他的描述与玩家1和玩家2的描述不完全一致，也可能是卧底。而玩家1和玩家2的描述高度一致，支持了他们是平民的可能性。
2024-12-13 12:43:51,167 - 4 - INFO - **********JUDGER**********
你刚刚的分析是根据上述分析，我们可以比较描述中的一致性和不一致性如下：

1. 玩家1和玩家2的描述都非常一致，都强调了铁轨上行驶、长途旅行、高速、稳定、舒适和适合长时间旅行等特点。这表明他们可能持有相同的平民词。

2. 玩家3的描述提到了轮子驱动的车辆、多种路面行驶、灵活性、便捷性和广泛的应用。这些特点与火车的主要特征不符，更像是汽车或卡车的特点。

3. 玩家4的描述强调了依赖轨道行驶、跨越长距离、速度、稳定性和舒适度，这与火车的特征相符，但与玩家1和玩家2的描述相比，没有提到高速和长途旅行的特点。

不一致之处在于：
- 玩家3的描述与火车的主要特征不一致，而玩家1和玩家2的描述则高度一致。
- 玩家4的描述虽然与火车相关，但没有像玩家1和玩家2那样强调高速和长途旅行的特点。

因此，玩家3的描述与火车的主要特征不一致，可能是卧底。玩家4的描述虽然与火车相关，但没有突出高速和长途旅行的特点，这可能意味着他的描述与玩家1和玩家2的描述不完全一致，也可能是卧底。而玩家1和玩家2的描述高度一致，支持了他们是平民的可能性。|| 请通过你分析的不一致之处，推断卧底身份，注意，这局游戏的词语分类为<交通工具>，卧底词和平民词都属于该类。
2024-12-13 12:43:58,295 - 4 - INFO - **********PLAYER4**********
根据分析的不一致之处，我们可以推断卧底身份如下：

- 玩家3的描述与火车的主要特征不符，反而更像是汽车或卡车的特点，这与火车作为铁轨上高速、稳定、舒适的交通工具的定义相违背。因此，玩家3很可能是卧底。

- 玩家4的描述虽然提到了依赖轨道行驶、跨越长距离、速度、稳定性和舒适度，但没有像玩家1和玩家2那样强调高速和长途旅行的特点，这可能导致他的描述与玩家1和玩家2的描述不完全一致。然而，由于他的描述仍然与火车有关，他可能是平民也可能是卧底，但相对于玩家3，玩家4的描述与火车特征更为接近。

综上所述，玩家3的描述与火车的主要特征不一致，因此玩家3更有可能是卧底。
2024-12-13 12:43:58,299 - 4 - INFO - **********JUDGER**********
你刚刚的推断是根据分析的不一致之处，我们可以推断卧底身份如下：

- 玩家3的描述与火车的主要特征不符，反而更像是汽车或卡车的特点，这与火车作为铁轨上高速、稳定、舒适的交通工具的定义相违背。因此，玩家3很可能是卧底。

- 玩家4的描述虽然提到了依赖轨道行驶、跨越长距离、速度、稳定性和舒适度，但没有像玩家1和玩家2那样强调高速和长途旅行的特点，这可能导致他的描述与玩家1和玩家2的描述不完全一致。然而，由于他的描述仍然与火车有关，他可能是平民也可能是卧底，但相对于玩家3，玩家4的描述与火车特征更为接近。

综上所述，玩家3的描述与火车的主要特征不一致，因此玩家3更有可能是卧底。|| 基于你刚刚的推断得出你的最终结论，请输出你认为的卧底，在这种情况下只需要输出编号，是1-4中的某个数字，不要输出其他信息。在这个过程不要进行任何推理，只对||以前的部分进行信息提取
2024-12-13 12:43:59,830 - 4 - INFO - **********PLAYER4**********
3
2024-12-13 12:44:08,165 - 4 - INFO - **********JUDGER**********
玩家1说：它是一种陆上交通工具，用于长距离运输。它在同类中以其高速和舒适度而闻名。它是一种在铁轨上运行的车辆，特别适合进行远距离旅行。与其他同类相比，它在速度和乘坐体验上有着显著的提升。它是一种具有固定路线的交通工具，专为长距离旅行优化，以其快速和舒适的旅行体验而受到推崇。玩家2说：这是一种铁轨上行驶的车辆，主要用于长途旅行。它在同类交通工具中以其稳定的运行和相对较快的速度而著称。相较于其他交通工具，它可能在乘客的舒适度上更为突出。它是一种高速的陆上交通工具，专为长距离旅行设计。与同类相比，它在速度上有着显著的优势，能够在短时间内完成长距离的移动。此外，它的乘坐体验舒适，内部设施完善，适合长时间的旅行需求。它是一种铁轨上运行的交通工具，以其高效能和长距离的运输能力而闻名。它能够提供平稳的旅行体验，即使在长途旅行中也能保持舒适。与同类交通工具相比，它在速度和可靠性上有着显著的优势，是长途旅行者的首选。玩家3说：它是一种轮子驱动的车辆，能够在多种路面上行驶。相较于其他交通工具，它通常以其灵活性、便捷性和广泛的应用而最为突出。它是一种广泛使用的陆上交通工具，能够在不同类型道路上行驶，为人们提供便捷的出行方式。相较于其他交通工具，它以其通用性和适应性而受到青睐。它是一种小型、灵活的陆上交通工具，特别适合在市区和乡村道路中使用。它的设计注重便捷性和个人出行，能够在各种道路上轻松穿梭。与其他同类交通工具相比，它以其紧凑的车身和灵活的转向而著称。玩家4说：它是一种依赖轨道行驶的交通工具，主要用于跨越长距离。相比同类交通工具，它在速度、稳定性和舒适度上具有显著优势。它是一种特殊的陆上交通工具，专为长途旅行而设计。它在同类中以其高效的运行速度和卓越的乘坐舒适度而著称。与其他依赖轨道的交通工具相比，它能够在较短的时间内完成跨越长距离的任务，同时保持极高的稳定性和乘坐体验。你是第4号玩家，你的关键词是<火车>。你的回答中绝对不能包含你的关键词<火车>。这是第三轮描述，你之前的描述是它是一种依赖轨道行驶的交通工具，主要用于跨越长距离。相比同类交通工具，它在速度、稳定性和舒适度上具有显著优势。和它是一种特殊的陆上交通工具，专为长途旅行而设计。它在同类中以其高效的运行速度和卓越的乘坐舒适度而著称。与其他依赖轨道的交通工具相比，它能够在较短的时间内完成跨越长距离的任务，同时保持极高的稳定性和乘坐体验。，注意，这局游戏的词语分类为<交通工具>，卧底词和平民词都属于该类，请你补充关于关键词的描述，注意，你的描述应该比起之前的描述更加贴近关键词，作为之前的补充
2024-12-13 12:44:10,972 - 4 - INFO - **********PLAYER4**********
它是一种在铁轨上高速行驶的陆上交通工具，专为长距离旅行而设计。它在同类中以其卓越的速度和稳定的运行而闻名，能够提供连续、高效的旅行体验。此外，它通常拥有宽敞的乘客空间和现代化的内部设施，确保了长途旅行的舒适性和便利性。
2024-12-13 12:44:58,830 - 4 - INFO - **********JUDGER**********
玩家1说：它是一种陆上交通工具，用于长距离运输。它在同类中以其高速和舒适度而闻名。它是一种在铁轨上运行的车辆，特别适合进行远距离旅行。与其他同类相比，它在速度和乘坐体验上有着显著的提升。它是一种具有固定路线的交通工具，专为长距离旅行优化，以其快速和舒适的旅行体验而受到推崇。玩家2说：这是一种铁轨上行驶的车辆，主要用于长途旅行。它在同类交通工具中以其稳定的运行和相对较快的速度而著称。相较于其他交通工具，它可能在乘客的舒适度上更为突出。它是一种高速的陆上交通工具，专为长距离旅行设计。与同类相比，它在速度上有着显著的优势，能够在短时间内完成长距离的移动。此外，它的乘坐体验舒适，内部设施完善，适合长时间的旅行需求。它是一种铁轨上运行的交通工具，以其高效能和长距离的运输能力而闻名。它能够提供平稳的旅行体验，即使在长途旅行中也能保持舒适。与同类交通工具相比，它在速度和可靠性上有着显著的优势，是长途旅行者的首选。玩家3说：它是一种轮子驱动的车辆，能够在多种路面上行驶。相较于其他交通工具，它通常以其灵活性、便捷性和广泛的应用而最为突出。它是一种广泛使用的陆上交通工具，能够在不同类型道路上行驶，为人们提供便捷的出行方式。相较于其他交通工具，它以其通用性和适应性而受到青睐。它是一种小型、灵活的陆上交通工具，特别适合在市区和乡村道路中使用。它的设计注重便捷性和个人出行，能够在各种道路上轻松穿梭。与其他同类交通工具相比，它以其紧凑的车身和灵活的转向而著称。玩家4说：它是一种依赖轨道行驶的交通工具，主要用于跨越长距离。相比同类交通工具，它在速度、稳定性和舒适度上具有显著优势。它是一种特殊的陆上交通工具，专为长途旅行而设计。它在同类中以其高效的运行速度和卓越的乘坐舒适度而著称。与其他依赖轨道的交通工具相比，它能够在较短的时间内完成跨越长距离的任务，同时保持极高的稳定性和乘坐体验。它是一种在铁轨上高速行驶的陆上交通工具，专为长距离旅行而设计。它在同类中以其卓越的速度和稳定的运行而闻名，能够提供连续、高效的旅行体验。此外，它通常拥有宽敞的乘客空间和现代化的内部设施，确保了长途旅行的舒适性和便利性。||在这个游戏中，我们需要通过分析每位玩家的描述来找出卧底。通常，平民的描述会围绕相同的词语展开，而卧底的描述可能会因为词语的不同而显得不太一致。我们需要仔细比较每个描述之间的相似性和差异性，以找出可能的卧底，注意，卧底并不会隐藏自己，他会直接描述他的词语，现在，逐一分析每个玩家的描述，注意，这局游戏的词语分类为<交通工具>，卧底词和平民词都属于该类。||之前是第3轮描述和之前轮数描述的合集。你之前认为的卧底是玩家3。
2024-12-13 12:45:10,353 - 4 - INFO - **********PLAYER4**********
根据第三轮描述和之前的分析，我们可以逐一分析每个玩家的描述：

玩家1的描述强调了铁轨上运行的车辆、长距离运输、高速、舒适度、固定路线和专为长距离旅行优化等特点，与火车的主要特征相符。

玩家2的描述也提到了铁轨上行驶、长途旅行、稳定运行、较快速度、舒适度、高速、高效能和长距离运输能力等特点，与火车的主要特征一致。

玩家3的描述提到了轮子驱动的车辆、多种路面行驶、灵活性、便捷性、通用性、适应性、小型、灵活、紧凑的车身和灵活的转向等特点，这些特点与汽车或摩托车等车辆更相符，而不是火车。

玩家4的描述再次强调了依赖轨道行驶、跨越长距离、速度、稳定性和舒适度、高效运行速度、卓越的乘坐舒适度、宽敞的乘客空间和现代化的内部设施等特点，与火车的主要特征相符。

基于这些信息，玩家3的描述与火车的主要特征不一致，而玩家1、玩家2和玩家4的描述都强调了火车的主要特征。因此，如果之前的推断是基于描述的不一致性，那么玩家3仍然是最有可能的卧底候选人。玩家1、玩家2和玩家4的描述高度一致，支持了他们是平民的可能性。
2024-12-13 12:45:10,355 - 4 - INFO - **********JUDGER**********
你刚刚的分析是根据第三轮描述和之前的分析，我们可以逐一分析每个玩家的描述：

玩家1的描述强调了铁轨上运行的车辆、长距离运输、高速、舒适度、固定路线和专为长距离旅行优化等特点，与火车的主要特征相符。

玩家2的描述也提到了铁轨上行驶、长途旅行、稳定运行、较快速度、舒适度、高速、高效能和长距离运输能力等特点，与火车的主要特征一致。

玩家3的描述提到了轮子驱动的车辆、多种路面行驶、灵活性、便捷性、通用性、适应性、小型、灵活、紧凑的车身和灵活的转向等特点，这些特点与汽车或摩托车等车辆更相符，而不是火车。

玩家4的描述再次强调了依赖轨道行驶、跨越长距离、速度、稳定性和舒适度、高效运行速度、卓越的乘坐舒适度、宽敞的乘客空间和现代化的内部设施等特点，与火车的主要特征相符。

基于这些信息，玩家3的描述与火车的主要特征不一致，而玩家1、玩家2和玩家4的描述都强调了火车的主要特征。因此，如果之前的推断是基于描述的不一致性，那么玩家3仍然是最有可能的卧底候选人。玩家1、玩家2和玩家4的描述高度一致，支持了他们是平民的可能性。|| `请根据上述分析，比较描述以找出不一致之处，注意，这局游戏的词语分类为<交通工具>，卧底词和平民词都属于该类。
2024-12-13 12:45:29,353 - 4 - INFO - **********PLAYER4**********
根据上述分析，我们可以比较描述中的一致性和不一致性如下：

1. 玩家1和玩家2的描述都强调了铁轨上行驶、长途旅行、高速、稳定、舒适度、高效能和长距离运输能力等特点，这些描述与火车的主要特征高度一致。

2. 玩家3的描述提到了轮子驱动的车辆、多种路面行驶、灵活性、便捷性、通用性、适应性、小型、灵活、紧凑的车身和灵活的转向等特点，这些特点与火车不符，更像是汽车或摩托车等车辆的特征。

3. 玩家4的描述虽然也提到了依赖轨道行驶、长距离、速度、稳定性和舒适度等特点，但没有像玩家1和玩家2那样强调高速、高效能和长距离运输能力，而是更多地强调了高效运行速度和乘坐舒适度。

不一致之处在于：
- 玩家3的描述与火车的主要特征不一致，而玩家1和玩家2的描述则非常一致，符合火车的特点。
- 玩家4的描述虽然与火车有关，但没有像玩家1和玩家2那样全面地描述火车的所有主要特征。

因此，玩家3的描述与火车的主要特征不一致，可能是卧底。玩家4的描述虽然与火车相关，但没有像玩家1和玩家2那样全面，这可能意味着他的描述与玩家1和玩家2的描述不完全一致，也可能是卧底。而玩家1和玩家2的描述高度一致，支持了他们是平民的可能性。
2024-12-13 12:45:29,355 - 4 - INFO - **********JUDGER**********
你刚刚的分析是根据上述分析，我们可以比较描述中的一致性和不一致性如下：

1. 玩家1和玩家2的描述都强调了铁轨上行驶、长途旅行、高速、稳定、舒适度、高效能和长距离运输能力等特点，这些描述与火车的主要特征高度一致。

2. 玩家3的描述提到了轮子驱动的车辆、多种路面行驶、灵活性、便捷性、通用性、适应性、小型、灵活、紧凑的车身和灵活的转向等特点，这些特点与火车不符，更像是汽车或摩托车等车辆的特征。

3. 玩家4的描述虽然也提到了依赖轨道行驶、长距离、速度、稳定性和舒适度等特点，但没有像玩家1和玩家2那样强调高速、高效能和长距离运输能力，而是更多地强调了高效运行速度和乘坐舒适度。

不一致之处在于：
- 玩家3的描述与火车的主要特征不一致，而玩家1和玩家2的描述则非常一致，符合火车的特点。
- 玩家4的描述虽然与火车有关，但没有像玩家1和玩家2那样全面地描述火车的所有主要特征。

因此，玩家3的描述与火车的主要特征不一致，可能是卧底。玩家4的描述虽然与火车相关，但没有像玩家1和玩家2那样全面，这可能意味着他的描述与玩家1和玩家2的描述不完全一致，也可能是卧底。而玩家1和玩家2的描述高度一致，支持了他们是平民的可能性。|| 请通过你分析的不一致之处，推断卧底身份，注意，这局游戏的词语分类为<交通工具>，卧底词和平民词都属于该类。
2024-12-13 12:45:43,585 - 4 - INFO - **********PLAYER4**********
基于分析的不一致之处，我们可以推断卧底身份如下：

玩家3的描述与火车的主要特征不符，更像是汽车或摩托车等车辆的特点，这与火车作为铁轨上高速、稳定、舒适的交通工具的定义相违背。因此，玩家3很可能是卧底。

玩家4的描述虽然提到了依赖轨道行驶、长距离、速度、稳定性和舒适度等特点，但没有像玩家1和玩家2那样强调高速、高效能和长距离运输能力，这可能导致他的描述与玩家1和玩家2的描述不完全一致。然而，由于他的描述仍然与火车相关，他可能是平民也可能是卧底，但相对于玩家3，玩家4的描述与火车特征更为接近。

综上所述，玩家3的描述与火车的主要特征不一致，因此玩家3更有可能是卧底。
2024-12-13 12:45:43,592 - 4 - INFO - **********JUDGER**********
你刚刚的推断是基于分析的不一致之处，我们可以推断卧底身份如下：

玩家3的描述与火车的主要特征不符，更像是汽车或摩托车等车辆的特点，这与火车作为铁轨上高速、稳定、舒适的交通工具的定义相违背。因此，玩家3很可能是卧底。

玩家4的描述虽然提到了依赖轨道行驶、长距离、速度、稳定性和舒适度等特点，但没有像玩家1和玩家2那样强调高速、高效能和长距离运输能力，这可能导致他的描述与玩家1和玩家2的描述不完全一致。然而，由于他的描述仍然与火车相关，他可能是平民也可能是卧底，但相对于玩家3，玩家4的描述与火车特征更为接近。

综上所述，玩家3的描述与火车的主要特征不一致，因此玩家3更有可能是卧底。|| 基于你刚刚的推断得出你的最终结论，请输出你认为的卧底，在这种情况下只需要输出编号，是1-4中的某个数字，不要输出其他信息。在这个过程不要进行任何推理，只对||以前的部分进行信息提取
2024-12-13 12:45:45,655 - 4 - INFO - **********PLAYER4**********
3
