2024-12-13 11:43:09,202 - 1 - INFO - **********JUDGER**********
让我们来玩一个叫做<谁是卧底>的推理游戏。基本规则：<人数>：4人。<角色分配>：每位玩家随机抽取一个词语，3名玩家拿到的词语是相同的（平民词），1名玩家拿到与之相近但不同的词语（卧底词）。<游戏流程>：1、玩家轮流描述自己的词语，但<不能>直接说出词语本身。2、描述完毕后，投票选出最像卧底的玩家。3、每轮结束后，被投票选出的玩家出局，不能再进行描述或投票。4、每轮投票结束后，如果卧底被成功找出，平民方获胜；如果卧底未被找出且卧底人数等于或超过平民人数，则卧底方获胜。你将扮演一个<玩家>，请等待你被分配到的关键词。如果你听懂了，只回答，"好的，我准备好参加游戏了"，不要输出别的信息
2024-12-13 11:43:09,753 - 1 - INFO - **********PLAYER1**********
好的，我准备好参加游戏了
2024-12-13 11:43:14,652 - 1 - INFO - **********JUDGER**********
玩家1说：玩家2说：玩家3说：玩家4说：|| 你是第1号玩家，你的关键词是<火车>。你的回答中绝对不能包含你的关键词<火车>。这是第一轮描述，不需要分析||之前别的玩家的描述，请你描述关键词基本特征，注意，这局游戏的词语分类为<交通工具>，卧底词和平民词都属于该类，描述包括以下两点，1.他的基本特征是什么2.他在该类（交通工具）中最突出不同的特征是什么，尽量简短
2024-12-13 11:43:16,009 - 1 - INFO - **********PLAYER1**********
这个交通工具通常由多节车厢组成，能够在铁轨上行驶。它在同类交通工具中最独特的地方可能在于它的高速度和长途运输能力。
2024-12-13 11:43:20,410 - 1 - INFO - **********JUDGER**********
玩家1说：这个交通工具通常由多节车厢组成，能够在铁轨上行驶。它在同类交通工具中最独特的地方可能在于它的高速度和长途运输能力。玩家2说：它是一种用于长途运输的交通工具，通常由多节车厢组成。它在同类交通工具中最为显著的特点是它的速度非常快。玩家3说：这是一辆主要用于长途旅行的车辆，具有高速行驶的能力。它在同类交通工具中最显著的特征是能够搭载大量乘客和货物，并且能够覆盖长距离。玩家4说：||在这个游戏中，我们需要通过分析每位玩家的描述来找出卧底。通常，平民的描述会围绕相同的词语展开，而卧底的描述可能会因为词语的不同而显得不太一致。我们需要仔细比较每个描述之间的相似性和差异性，以找出可能的卧底，注意，卧底并不会隐藏自己，他会直接描述他的词语，现在，逐一分析每个玩家的描述，注意，这局游戏的词语分类为<交通工具>，卧底词和平民词都属于该类。这是第一轮描述。
2024-12-13 11:43:23,852 - 1 - INFO - **********PLAYER1**********
好的，我注意到其他玩家的描述都集中在交通工具的运输功能、速度和长途能力上。我的描述提到了多节车厢和高速，与他们的描述有相似之处。但是，我的描述没有特别强调运输能力或者速度，而是提到了它的基本特征和独特之处。如果我是卧底，我的描述可能会更加突出我的词语与火车这个概念的不同之处。因此，我会继续观察下一轮的描述，看看是否有玩家会提出与火车不同或者更不相关的特征。
2024-12-13 11:43:23,853 - 1 - INFO - **********JUDGER**********
你刚刚的分析是好的，我注意到其他玩家的描述都集中在交通工具的运输功能、速度和长途能力上。我的描述提到了多节车厢和高速，与他们的描述有相似之处。但是，我的描述没有特别强调运输能力或者速度，而是提到了它的基本特征和独特之处。如果我是卧底，我的描述可能会更加突出我的词语与火车这个概念的不同之处。因此，我会继续观察下一轮的描述，看看是否有玩家会提出与火车不同或者更不相关的特征。|| `请根据上述分析，比较描述以找出不一致之处，注意，这局游戏的词语分类为<交通工具>，卧底词和平民词都属于该类。
2024-12-13 11:43:34,696 - 1 - INFO - **********PLAYER1**********
根据上述分析，以下是我观察到的潜在不一致之处：

1. 玩家1和玩家2的描述都非常强调火车的运输功能、速度和长途能力，这与火车的典型特征相符。

2. 玩家3的描述也提到了火车的长途旅行、高速行驶以及搭载大量乘客和货物的能力，这些描述与火车相符合。

3. 玩家4的描述虽然提到了游戏规则和推理过程，但并未给出具体的交通工具描述，这可能与火车这个词语无关。

如果我是卧底，我的描述可能会在以下几个方面与火车这个概念有所区别：

- 我可能会忽略火车的典型特征，如多节车厢、铁轨行驶、高速等。
- 我可能会提到火车的一些不太突出的特征，或者与火车概念不直接相关的特征。
- 我可能会引入与火车概念完全不同的交通工具特征。

由于玩家4的描述与火车这个概念无关，这可能是一个不一致之处。如果其他玩家都集中在火车的典型特征上，而玩家4没有提供相关信息，这可能会引起怀疑。然而，这也可能是玩家4在尝试引导讨论的方向，或者是他/她真的抽到了一个与火车无关的词语。因此，我将继续观察下一轮的描述，以确定是否有人提供了与火车概念明显不符的描述。
2024-12-13 11:43:34,703 - 1 - INFO - **********JUDGER**********
你刚刚的分析是根据上述分析，以下是我观察到的潜在不一致之处：

1. 玩家1和玩家2的描述都非常强调火车的运输功能、速度和长途能力，这与火车的典型特征相符。

2. 玩家3的描述也提到了火车的长途旅行、高速行驶以及搭载大量乘客和货物的能力，这些描述与火车相符合。

3. 玩家4的描述虽然提到了游戏规则和推理过程，但并未给出具体的交通工具描述，这可能与火车这个词语无关。

如果我是卧底，我的描述可能会在以下几个方面与火车这个概念有所区别：

- 我可能会忽略火车的典型特征，如多节车厢、铁轨行驶、高速等。
- 我可能会提到火车的一些不太突出的特征，或者与火车概念不直接相关的特征。
- 我可能会引入与火车概念完全不同的交通工具特征。

由于玩家4的描述与火车这个概念无关，这可能是一个不一致之处。如果其他玩家都集中在火车的典型特征上，而玩家4没有提供相关信息，这可能会引起怀疑。然而，这也可能是玩家4在尝试引导讨论的方向，或者是他/她真的抽到了一个与火车无关的词语。因此，我将继续观察下一轮的描述，以确定是否有人提供了与火车概念明显不符的描述。|| 请通过你分析的不一致之处，推断卧底身份，注意，这局游戏的词语分类为<交通工具>，卧底词和平民词都属于该类。
2024-12-13 11:43:47,770 - 1 - INFO - **********PLAYER1**********
基于以上分析，如果玩家4的描述与火车这个概念无关，那么有以下几种可能性：

1. 玩家4可能确实抽到了一个与火车无关的词语，这意味着他是卧底，且他的词语不属于<交通工具>类别。

2. 玩家4可能是平民，但他可能在尝试误导其他玩家，故意给出一个与火车无关的描述，这可能是他的策略，也可能是他理解错误了游戏规则。

3. 玩家4也可能是卧底，但他的策略是给出一个看似无关的描述，以此来隐藏他的真实词语，即一个实际上属于<交通工具>类别的词语，但与火车不同。

由于游戏规则指出卧底词和平民词都属于<交通工具>类别，我们可以排除第一种可能性。考虑到玩家4的描述可能是一种策略，或者他可能误解了游戏规则，我们不能直接确定他是否是卧底。

因此，在没有更多信息的情况下，我无法确定玩家4是否是卧底。我将继续观察其他玩家的描述，特别是下一轮的描述，以寻找更多线索来推断卧底的身份。如果其他玩家的描述都集中在火车的特征上，而玩家4的描述仍然与火车无关，这可能会加强他是卧底的怀疑。但最终，我们需要更多的信息来确定卧底的身份。
2024-12-13 11:43:47,775 - 1 - INFO - **********JUDGER**********
你刚刚的推断是基于以上分析，如果玩家4的描述与火车这个概念无关，那么有以下几种可能性：

1. 玩家4可能确实抽到了一个与火车无关的词语，这意味着他是卧底，且他的词语不属于<交通工具>类别。

2. 玩家4可能是平民，但他可能在尝试误导其他玩家，故意给出一个与火车无关的描述，这可能是他的策略，也可能是他理解错误了游戏规则。

3. 玩家4也可能是卧底，但他的策略是给出一个看似无关的描述，以此来隐藏他的真实词语，即一个实际上属于<交通工具>类别的词语，但与火车不同。

由于游戏规则指出卧底词和平民词都属于<交通工具>类别，我们可以排除第一种可能性。考虑到玩家4的描述可能是一种策略，或者他可能误解了游戏规则，我们不能直接确定他是否是卧底。

因此，在没有更多信息的情况下，我无法确定玩家4是否是卧底。我将继续观察其他玩家的描述，特别是下一轮的描述，以寻找更多线索来推断卧底的身份。如果其他玩家的描述都集中在火车的特征上，而玩家4的描述仍然与火车无关，这可能会加强他是卧底的怀疑。但最终，我们需要更多的信息来确定卧底的身份。|| 基于你刚刚的推断得出你的最终结论，请输出你认为的卧底，在这种情况下只需要输出编号，是1-4中的某个数字，不要输出其他信息。在这个过程不要进行任何推理，只对||以前的部分进行信息提取
2024-12-13 11:43:48,366 - 1 - INFO - **********PLAYER1**********
4
2024-12-13 11:44:45,426 - 1 - INFO - **********JUDGER**********
玩家1说：这个交通工具通常由多节车厢组成，能够在铁轨上行驶。它在同类交通工具中最独特的地方可能在于它的高速度和长途运输能力。玩家2说：它是一种用于长途运输的交通工具，通常由多节车厢组成。它在同类交通工具中最为显著的特点是它的速度非常快。玩家3说：这是一辆主要用于长途旅行的车辆，具有高速行驶的能力。它在同类交通工具中最显著的特征是能够搭载大量乘客和货物，并且能够覆盖长距离。玩家4说：这个交通工具是铁制的，能够在固定的轨道上运行。它的最独特之处在于它的速度快，能够进行长距离的连续运输。你是第1号玩家，你的关键词是<火车>。你的回答中绝对不能包含你的关键词<火车>。这是第二轮描述，你之前的描述是这个交通工具通常由多节车厢组成，能够在铁轨上行驶。它在同类交通工具中最独特的地方可能在于它的高速度和长途运输能力。，注意，这局游戏的词语分类为<交通工具>，卧底词和平民词都属于该类，请你补充关于关键词的描述，注意，你的描述应该比起之前的描述更加贴近关键词，作为之前的补充
2024-12-13 11:44:47,381 - 1 - INFO - **********PLAYER1**********
这个交通工具的特点是它的设计允许它以极高的速度在铁轨上平稳运行，同时它的构造能够确保长时间的连续运输，无论是在直线还是曲线轨道上。它的车厢通常可以灵活地连接和扩展，以适应不同规模的长途运输需求。
2024-12-13 11:44:52,800 - 1 - INFO - **********JUDGER**********
玩家1说：这个交通工具通常由多节车厢组成，能够在铁轨上行驶。它在同类交通工具中最独特的地方可能在于它的高速度和长途运输能力。这个交通工具的特点是它的设计允许它以极高的速度在铁轨上平稳运行，同时它的构造能够确保长时间的连续运输，无论是在直线还是曲线轨道上。它的车厢通常可以灵活地连接和扩展，以适应不同规模的长途运输需求。玩家2说：它是一种用于长途运输的交通工具，通常由多节车厢组成。它在同类交通工具中最为显著的特点是它的速度非常快。它是一种设计精良的交通工具，以其在铁轨上能够达到的高速而著称，这种速度使其在长途运输中尤为高效。它的结构确保了即使在复杂的地形上也能保持稳定性，车厢的连接和扩展设计使其能够灵活适应不同规模的运输任务。玩家3说：这是一辆主要用于长途旅行的车辆，具有高速行驶的能力。它在同类交通工具中最显著的特征是能够搭载大量乘客和货物，并且能够覆盖长距离。这种交通工具以其灵活性和多功能性而著称，能够在多种地形上行驶，无论是城市道路还是高速公路。它通常不需要固定的轨道，能够快速适应不同规模的长途旅行需求，同时提供舒适的乘客体验。玩家4说：这个交通工具是铁制的，能够在固定的轨道上运行。它的最独特之处在于它的速度快，能够进行长距离的连续运输。||在这个游戏中，我们需要通过分析每位玩家的描述来找出卧底。通常，平民的描述会围绕相同的词语展开，而卧底的描述可能会因为词语的不同而显得不太一致。我们需要仔细比较每个描述之间的相似性和差异性，以找出可能的卧底，注意，卧底并不会隐藏自己，他会直接描述他的词语，现在，逐一分析每个玩家的描述，注意，这局游戏的词语分类为<交通工具>，卧底词和平民词都属于该类。||之前是第2轮描述和之前轮数描述的合集。你之前认为的卧底是玩家4。
2024-12-13 11:44:53,315 - 1 - INFO - **********PLAYER1**********
4
2024-12-13 11:44:53,315 - 1 - INFO - **********JUDGER**********
你刚刚的分析是4|| `请根据上述分析，比较描述以找出不一致之处，注意，这局游戏的词语分类为<交通工具>，卧底词和平民词都属于该类。
2024-12-13 11:45:02,163 - 1 - INFO - **********PLAYER1**********
根据上述分析，以下是我观察到的潜在不一致之处：

1. 玩家1和玩家2的描述都强调了火车的多节车厢、高速和长途运输能力，以及车厢的灵活性和连接设计。

2. 玩家3的描述与玩家1和玩家2的描述相似，但也提到了火车能够在多种地形上行驶，不需要固定轨道，并且提供舒适的乘客体验。

3. 玩家4的描述虽然提到了火车的铁制结构和固定轨道，但强调的是它的速度和长距离连续运输能力，没有提到车厢的灵活性、连接设计或者火车能够在多种地形上行驶。

不一致之处在于，玩家3的描述中提到了火车能够在城市道路或高速公路上行驶，不需要固定轨道，这与火车通常依赖固定轨道的特征不符。而玩家4的描述虽然提到了火车的速度和长距离运输，但没有提到车厢的灵活性和连接设计，这与其他玩家描述的火车特征有所差异。

因此，玩家3的描述可能与火车这个概念不太一致，这可能是卧底的不一致之处。
2024-12-13 11:45:02,164 - 1 - INFO - **********JUDGER**********
你刚刚的分析是根据上述分析，以下是我观察到的潜在不一致之处：

1. 玩家1和玩家2的描述都强调了火车的多节车厢、高速和长途运输能力，以及车厢的灵活性和连接设计。

2. 玩家3的描述与玩家1和玩家2的描述相似，但也提到了火车能够在多种地形上行驶，不需要固定轨道，并且提供舒适的乘客体验。

3. 玩家4的描述虽然提到了火车的铁制结构和固定轨道，但强调的是它的速度和长距离连续运输能力，没有提到车厢的灵活性、连接设计或者火车能够在多种地形上行驶。

不一致之处在于，玩家3的描述中提到了火车能够在城市道路或高速公路上行驶，不需要固定轨道，这与火车通常依赖固定轨道的特征不符。而玩家4的描述虽然提到了火车的速度和长距离运输，但没有提到车厢的灵活性和连接设计，这与其他玩家描述的火车特征有所差异。

因此，玩家3的描述可能与火车这个概念不太一致，这可能是卧底的不一致之处。|| 请通过你分析的不一致之处，推断卧底身份，注意，这局游戏的词语分类为<交通工具>，卧底词和平民词都属于该类。
2024-12-13 11:45:03,258 - 1 - INFO - **********PLAYER1**********
3
2024-12-13 11:45:03,259 - 1 - INFO - **********JUDGER**********
你刚刚的推断是3|| 基于你刚刚的推断得出你的最终结论，请输出你认为的卧底，在这种情况下只需要输出编号，是1-4中的某个数字，不要输出其他信息。在这个过程不要进行任何推理，只对||以前的部分进行信息提取
2024-12-13 11:45:03,903 - 1 - INFO - **********PLAYER1**********
3
2024-12-13 11:45:40,174 - 1 - INFO - **********JUDGER**********
玩家1说：这个交通工具通常由多节车厢组成，能够在铁轨上行驶。它在同类交通工具中最独特的地方可能在于它的高速度和长途运输能力。这个交通工具的特点是它的设计允许它以极高的速度在铁轨上平稳运行，同时它的构造能够确保长时间的连续运输，无论是在直线还是曲线轨道上。它的车厢通常可以灵活地连接和扩展，以适应不同规模的长途运输需求。玩家2说：它是一种用于长途运输的交通工具，通常由多节车厢组成。它在同类交通工具中最为显著的特点是它的速度非常快。它是一种设计精良的交通工具，以其在铁轨上能够达到的高速而著称，这种速度使其在长途运输中尤为高效。它的结构确保了即使在复杂的地形上也能保持稳定性，车厢的连接和扩展设计使其能够灵活适应不同规模的运输任务。玩家3说：这是一辆主要用于长途旅行的车辆，具有高速行驶的能力。它在同类交通工具中最显著的特征是能够搭载大量乘客和货物，并且能够覆盖长距离。这种交通工具以其灵活性和多功能性而著称，能够在多种地形上行驶，无论是城市道路还是高速公路。它通常不需要固定的轨道，能够快速适应不同规模的长途旅行需求，同时提供舒适的乘客体验。玩家4说：这个交通工具是铁制的，能够在固定的轨道上运行。它的最独特之处在于它的速度快，能够进行长距离的连续运输。这个交通工具以其长距离的连续运输能力而闻名，能够在铁轨上高速平稳运行。它的设计注重于效率和可靠性，能够在直线和曲线轨道上保持高速行驶。车厢连接灵活，能够根据运输需求进行调整。你是第1号玩家，你的关键词是<火车>。你的回答中绝对不能包含你的关键词<火车>。这是第三轮描述，你之前的描述是这个交通工具通常由多节车厢组成，能够在铁轨上行驶。它在同类交通工具中最独特的地方可能在于它的高速度和长途运输能力。和这个交通工具的特点是它的设计允许它以极高的速度在铁轨上平稳运行，同时它的构造能够确保长时间的连续运输，无论是在直线还是曲线轨道上。它的车厢通常可以灵活地连接和扩展，以适应不同规模的长途运输需求。，注意，这局游戏的词语分类为<交通工具>，卧底词和平民词都属于该类，请你补充关于关键词的描述，注意，你的描述应该比起之前的描述更加贴近关键词，作为之前的补充
2024-12-13 11:45:43,344 - 1 - INFO - **********PLAYER1**********
这个交通工具以其在铁轨上的高速行驶和长距离连续运输能力而著称，特别适合跨越国家或地区进行长途旅行。它的设计注重于平稳性和效率，能够在各种曲线轨道上保持高速，同时车厢的连接方式允许根据需要调整运输容量。
2024-12-13 11:45:49,714 - 1 - INFO - **********JUDGER**********
玩家1说：这个交通工具通常由多节车厢组成，能够在铁轨上行驶。它在同类交通工具中最独特的地方可能在于它的高速度和长途运输能力。这个交通工具的特点是它的设计允许它以极高的速度在铁轨上平稳运行，同时它的构造能够确保长时间的连续运输，无论是在直线还是曲线轨道上。它的车厢通常可以灵活地连接和扩展，以适应不同规模的长途运输需求。这个交通工具以其在铁轨上的高速行驶和长距离连续运输能力而著称，特别适合跨越国家或地区进行长途旅行。它的设计注重于平稳性和效率，能够在各种曲线轨道上保持高速，同时车厢的连接方式允许根据需要调整运输容量。玩家2说：它是一种用于长途运输的交通工具，通常由多节车厢组成。它在同类交通工具中最为显著的特点是它的速度非常快。它是一种设计精良的交通工具，以其在铁轨上能够达到的高速而著称，这种速度使其在长途运输中尤为高效。它的结构确保了即使在复杂的地形上也能保持稳定性，车厢的连接和扩展设计使其能够灵活适应不同规模的运输任务。这种交通工具以其卓越的速度和长途运输能力而闻名，能够在铁轨上高速平稳运行，同时其结构设计确保了即使在复杂的地形上也能保持稳定性。它的车厢连接方式灵活，可以根据运输需求进行调整，以适应不同规模的长途运输任务。玩家3说：这是一辆主要用于长途旅行的车辆，具有高速行驶的能力。它在同类交通工具中最显著的特征是能够搭载大量乘客和货物，并且能够覆盖长距离。这种交通工具以其灵活性和多功能性而著称，能够在多种地形上行驶，无论是城市道路还是高速公路。它通常不需要固定的轨道，能够快速适应不同规模的长途旅行需求，同时提供舒适的乘客体验。这种交通工具以其独立性和便捷性而著称，它能够在多种路面上行驶，包括城市道路、高速公路以及一些乡村道路。它的设计注重于舒适性和安全性，能够提供平稳的驾驶体验，同时它的燃油效率较高，使得长途旅行更加经济。玩家4说：这个交通工具是铁制的，能够在固定的轨道上运行。它的最独特之处在于它的速度快，能够进行长距离的连续运输。这个交通工具以其长距离的连续运输能力而闻名，能够在铁轨上高速平稳运行。它的设计注重于效率和可靠性，能够在直线和曲线轨道上保持高速行驶。车厢连接灵活，能够根据运输需求进行调整。这个交通工具以其高效的铁轨系统和稳定的运行而著称，特别适合长距离的连续运输。它能够在复杂的铁轨网络中灵活穿梭，满足不同规模的运输需求。||在这个游戏中，我们需要通过分析每位玩家的描述来找出卧底。通常，平民的描述会围绕相同的词语展开，而卧底的描述可能会因为词语的不同而显得不太一致。我们需要仔细比较每个描述之间的相似性和差异性，以找出可能的卧底，注意，卧底并不会隐藏自己，他会直接描述他的词语，现在，逐一分析每个玩家的描述，注意，这局游戏的词语分类为<交通工具>，卧底词和平民词都属于该类。||之前是第3轮描述和之前轮数描述的合集。你之前认为的卧底是玩家3。
2024-12-13 11:45:51,073 - 1 - INFO - **********PLAYER1**********
3
2024-12-13 11:45:51,074 - 1 - INFO - **********JUDGER**********
你刚刚的分析是3|| `请根据上述分析，比较描述以找出不一致之处，注意，这局游戏的词语分类为<交通工具>，卧底词和平民词都属于该类。
2024-12-13 11:45:56,917 - 1 - INFO - **********PLAYER1**********
根据上述分析，以下是我观察到的潜在不一致之处：

1. 玩家1、玩家2和玩家4的描述都集中在火车的多节车厢、高速、长途运输能力、铁轨运行、稳定性、效率和可靠性上。

2. 玩家3的描述虽然也提到了高速、长途运输、铁轨运行和效率，但他强调了交通工具的独立性、便捷性、能够在多种路面上行驶（城市道路、高速公路、乡村道路），以及注重舒适性和安全性。他还提到了燃油效率较高，这使得长途旅行更加经济。

不一致之处在于，玩家3的描述中提到了交通工具不需要固定轨道，能够在多种路面上行驶，这与火车通常依赖固定轨道的特征不符。其他玩家的描述则更侧重于火车的铁轨运行特性。玩家3的描述中提到的燃油效率较高，可能指向的是汽车或其他燃油驱动的交通工具，而不是火车。这些差异可能表明玩家3的词语与火车这个概念不一致。
2024-12-13 11:45:56,920 - 1 - INFO - **********JUDGER**********
你刚刚的分析是根据上述分析，以下是我观察到的潜在不一致之处：

1. 玩家1、玩家2和玩家4的描述都集中在火车的多节车厢、高速、长途运输能力、铁轨运行、稳定性、效率和可靠性上。

2. 玩家3的描述虽然也提到了高速、长途运输、铁轨运行和效率，但他强调了交通工具的独立性、便捷性、能够在多种路面上行驶（城市道路、高速公路、乡村道路），以及注重舒适性和安全性。他还提到了燃油效率较高，这使得长途旅行更加经济。

不一致之处在于，玩家3的描述中提到了交通工具不需要固定轨道，能够在多种路面上行驶，这与火车通常依赖固定轨道的特征不符。其他玩家的描述则更侧重于火车的铁轨运行特性。玩家3的描述中提到的燃油效率较高，可能指向的是汽车或其他燃油驱动的交通工具，而不是火车。这些差异可能表明玩家3的词语与火车这个概念不一致。|| 请通过你分析的不一致之处，推断卧底身份，注意，这局游戏的词语分类为<交通工具>，卧底词和平民词都属于该类。
2024-12-13 11:45:57,870 - 1 - INFO - **********PLAYER1**********
3
2024-12-13 11:45:57,870 - 1 - INFO - **********JUDGER**********
你刚刚的推断是3|| 基于你刚刚的推断得出你的最终结论，请输出你认为的卧底，在这种情况下只需要输出编号，是1-4中的某个数字，不要输出其他信息。在这个过程不要进行任何推理，只对||以前的部分进行信息提取
2024-12-13 11:45:58,721 - 1 - INFO - **********PLAYER1**********
3
