2024-12-13 11:43:10,732 - 2 - INFO - **********JUDGER**********
让我们来玩一个叫做<谁是卧底>的推理游戏。基本规则：<人数>：4人。<角色分配>：每位玩家随机抽取一个词语，3名玩家拿到的词语是相同的（平民词），1名玩家拿到与之相近但不同的词语（卧底词）。<游戏流程>：1、玩家轮流描述自己的词语，但<不能>直接说出词语本身。2、描述完毕后，投票选出最像卧底的玩家。3、每轮结束后，被投票选出的玩家出局，不能再进行描述或投票。4、每轮投票结束后，如果卧底被成功找出，平民方获胜；如果卧底未被找出且卧底人数等于或超过平民人数，则卧底方获胜。你将扮演一个<玩家>，请等待你被分配到的关键词。如果你听懂了，只回答，"好的，我准备好参加游戏了"，不要输出别的信息
2024-12-13 11:43:11,330 - 2 - INFO - **********PLAYER2**********
好的，我准备好参加游戏了
2024-12-13 11:43:16,010 - 2 - INFO - **********JUDGER**********
玩家1说：这个交通工具通常由多节车厢组成，能够在铁轨上行驶。它在同类交通工具中最独特的地方可能在于它的高速度和长途运输能力。玩家2说：玩家3说：玩家4说：|| 你是第2号玩家，你的关键词是<火车>。你的回答中绝对不能包含你的关键词<火车>。这是第一轮描述，不需要分析||之前别的玩家的描述，请你描述关键词基本特征，注意，这局游戏的词语分类为<交通工具>，卧底词和平民词都属于该类，描述包括以下两点，1.他的基本特征是什么2.他在该类（交通工具）中最突出不同的特征是什么，尽量简短
2024-12-13 11:43:16,969 - 2 - INFO - **********PLAYER2**********
它是一种用于长途运输的交通工具，通常由多节车厢组成。它在同类交通工具中最为显著的特点是它的速度非常快。
2024-12-13 11:43:48,367 - 2 - INFO - **********JUDGER**********
玩家1说：这个交通工具通常由多节车厢组成，能够在铁轨上行驶。它在同类交通工具中最独特的地方可能在于它的高速度和长途运输能力。玩家2说：它是一种用于长途运输的交通工具，通常由多节车厢组成。它在同类交通工具中最为显著的特点是它的速度非常快。玩家3说：这是一辆主要用于长途旅行的车辆，具有高速行驶的能力。它在同类交通工具中最显著的特征是能够搭载大量乘客和货物，并且能够覆盖长距离。玩家4说：||在这个游戏中，我们需要通过分析每位玩家的描述来找出卧底。通常，平民的描述会围绕相同的词语展开，而卧底的描述可能会因为词语的不同而显得不太一致。我们需要仔细比较每个描述之间的相似性和差异性，以找出可能的卧底，注意，卧底并不会隐藏自己，他会直接描述他的词语，现在，逐一分析每个玩家的描述，注意，这局游戏的词语分类为<交通工具>，卧底词和平民词都属于该类。这是第一轮描述。
2024-12-13 11:43:51,256 - 2 - INFO - **********PLAYER2**********
作为玩家2，我会这样回应：

我同意玩家1、玩家3和玩家4的描述，它们都很好地描绘了火车这一交通工具的基本特征，包括多节车厢、高速行驶、长途运输以及搭载大量乘客和货物的能力。然而，我注意到我们的描述中都强调了火车的速度和运输能力，这可能意味着我们都在描述火车，而卧底可能没有遵循这个模式。我会保持警觉，并在下一轮中更加关注描述的细微差别。
2024-12-13 11:43:51,258 - 2 - INFO - **********JUDGER**********
你刚刚的分析是作为玩家2，我会这样回应：

我同意玩家1、玩家3和玩家4的描述，它们都很好地描绘了火车这一交通工具的基本特征，包括多节车厢、高速行驶、长途运输以及搭载大量乘客和货物的能力。然而，我注意到我们的描述中都强调了火车的速度和运输能力，这可能意味着我们都在描述火车，而卧底可能没有遵循这个模式。我会保持警觉，并在下一轮中更加关注描述的细微差别。|| `请根据上述分析，比较描述以找出不一致之处，注意，这局游戏的词语分类为<交通工具>，卧底词和平民词都属于该类。
2024-12-13 11:43:59,434 - 2 - INFO - **********PLAYER2**********
在比较四位玩家的描述时，我们可以注意到以下几点：

1. 玩家1的描述提到了“高速度和长途运输能力”，这与其他玩家的描述中提到的“速度非常快”和“高速行驶”相呼应。

2. 玩家2的描述与玩家1和玩家3的描述几乎一致，都强调了火车的速度和运输能力。

3. 玩家3的描述除了提到速度和运输能力外，还特别强调了火车的“能够搭载大量乘客和货物，并且能够覆盖长距离”。

4. 玩家4的描述没有提供具体的特征，而是转而讨论了游戏规则和策略，这与其他玩家专注于描述交通工具的特征形成了对比。

不一致之处在于玩家4的描述没有提供关于交通工具的具体特征，而是讨论了游戏策略。这与其他玩家专注于火车这一交通工具的描述形成了明显差异。因此，玩家4的描述可能是一个线索，表明他可能是卧底，因为卧底可能会提供与主题无关的信息来混淆判断。然而，这也可能是玩家4的策略，所以需要进一步观察。
2024-12-13 11:43:59,435 - 2 - INFO - **********JUDGER**********
你刚刚的分析是在比较四位玩家的描述时，我们可以注意到以下几点：

1. 玩家1的描述提到了“高速度和长途运输能力”，这与其他玩家的描述中提到的“速度非常快”和“高速行驶”相呼应。

2. 玩家2的描述与玩家1和玩家3的描述几乎一致，都强调了火车的速度和运输能力。

3. 玩家3的描述除了提到速度和运输能力外，还特别强调了火车的“能够搭载大量乘客和货物，并且能够覆盖长距离”。

4. 玩家4的描述没有提供具体的特征，而是转而讨论了游戏规则和策略，这与其他玩家专注于描述交通工具的特征形成了对比。

不一致之处在于玩家4的描述没有提供关于交通工具的具体特征，而是讨论了游戏策略。这与其他玩家专注于火车这一交通工具的描述形成了明显差异。因此，玩家4的描述可能是一个线索，表明他可能是卧底，因为卧底可能会提供与主题无关的信息来混淆判断。然而，这也可能是玩家4的策略，所以需要进一步观察。|| 请通过你分析的不一致之处，推断卧底身份，注意，这局游戏的词语分类为<交通工具>，卧底词和平民词都属于该类。
2024-12-13 11:44:06,993 - 2 - INFO - **********PLAYER2**********
基于上述分析，我们可以推断以下不一致之处：

1. 玩家1、玩家2和玩家3的描述都集中在火车的速度、运输能力和长途行驶上，这些都是火车作为交通工具的基本特征。

2. 玩家4的描述则偏离了火车这一主题，转而讨论了游戏规则和策略，这与火车作为交通工具的主题不相关。

在这种推理游戏中，卧底通常会试图混淆视听，提供与主题不相关的信息。因此，玩家4的描述可能是卧底的行为，因为他没有提供关于火车的基本特征，而是讨论了与游戏相关的策略。

然而，这种策略也可能是玩家4为了混淆判断而故意采取的。因此，我们需要更多的信息或者观察其他玩家的行为来进一步确认。

如果游戏的主题确实是<交通工具>，那么玩家4的描述可能是异常的，因为他没有提供与火车相关的任何信息。这增加了他是卧底的可能性。但是，没有更多的信息，我们无法确定这一点。我们需要观察下一轮的描述或者其他玩家的行为来做出更准确的判断。
2024-12-13 11:44:06,998 - 2 - INFO - **********JUDGER**********
你刚刚的推断是基于上述分析，我们可以推断以下不一致之处：

1. 玩家1、玩家2和玩家3的描述都集中在火车的速度、运输能力和长途行驶上，这些都是火车作为交通工具的基本特征。

2. 玩家4的描述则偏离了火车这一主题，转而讨论了游戏规则和策略，这与火车作为交通工具的主题不相关。

在这种推理游戏中，卧底通常会试图混淆视听，提供与主题不相关的信息。因此，玩家4的描述可能是卧底的行为，因为他没有提供关于火车的基本特征，而是讨论了与游戏相关的策略。

然而，这种策略也可能是玩家4为了混淆判断而故意采取的。因此，我们需要更多的信息或者观察其他玩家的行为来进一步确认。

如果游戏的主题确实是<交通工具>，那么玩家4的描述可能是异常的，因为他没有提供与火车相关的任何信息。这增加了他是卧底的可能性。但是，没有更多的信息，我们无法确定这一点。我们需要观察下一轮的描述或者其他玩家的行为来做出更准确的判断。|| 基于你刚刚的推断得出你的最终结论，请输出你认为的卧底，在这种情况下只需要输出编号，是1-4中的某个数字，不要输出其他信息。在这个过程不要进行任何推理，只对||以前的部分进行信息提取
2024-12-13 11:44:07,656 - 2 - INFO - **********PLAYER2**********
4
2024-12-13 11:44:47,381 - 2 - INFO - **********JUDGER**********
玩家1说：这个交通工具通常由多节车厢组成，能够在铁轨上行驶。它在同类交通工具中最独特的地方可能在于它的高速度和长途运输能力。这个交通工具的特点是它的设计允许它以极高的速度在铁轨上平稳运行，同时它的构造能够确保长时间的连续运输，无论是在直线还是曲线轨道上。它的车厢通常可以灵活地连接和扩展，以适应不同规模的长途运输需求。玩家2说：它是一种用于长途运输的交通工具，通常由多节车厢组成。它在同类交通工具中最为显著的特点是它的速度非常快。玩家3说：这是一辆主要用于长途旅行的车辆，具有高速行驶的能力。它在同类交通工具中最显著的特征是能够搭载大量乘客和货物，并且能够覆盖长距离。玩家4说：这个交通工具是铁制的，能够在固定的轨道上运行。它的最独特之处在于它的速度快，能够进行长距离的连续运输。你是第2号玩家，你的关键词是<火车>。你的回答中绝对不能包含你的关键词<火车>。这是第二轮描述，你之前的描述是它是一种用于长途运输的交通工具，通常由多节车厢组成。它在同类交通工具中最为显著的特点是它的速度非常快。，注意，这局游戏的词语分类为<交通工具>，卧底词和平民词都属于该类，请你补充关于关键词的描述，注意，你的描述应该比起之前的描述更加贴近关键词，作为之前的补充
2024-12-13 11:44:49,373 - 2 - INFO - **********PLAYER2**********
它是一种设计精良的交通工具，以其在铁轨上能够达到的高速而著称，这种速度使其在长途运输中尤为高效。它的结构确保了即使在复杂的地形上也能保持稳定性，车厢的连接和扩展设计使其能够灵活适应不同规模的运输任务。
2024-12-13 11:45:03,903 - 2 - INFO - **********JUDGER**********
玩家1说：这个交通工具通常由多节车厢组成，能够在铁轨上行驶。它在同类交通工具中最独特的地方可能在于它的高速度和长途运输能力。这个交通工具的特点是它的设计允许它以极高的速度在铁轨上平稳运行，同时它的构造能够确保长时间的连续运输，无论是在直线还是曲线轨道上。它的车厢通常可以灵活地连接和扩展，以适应不同规模的长途运输需求。玩家2说：它是一种用于长途运输的交通工具，通常由多节车厢组成。它在同类交通工具中最为显著的特点是它的速度非常快。它是一种设计精良的交通工具，以其在铁轨上能够达到的高速而著称，这种速度使其在长途运输中尤为高效。它的结构确保了即使在复杂的地形上也能保持稳定性，车厢的连接和扩展设计使其能够灵活适应不同规模的运输任务。玩家3说：这是一辆主要用于长途旅行的车辆，具有高速行驶的能力。它在同类交通工具中最显著的特征是能够搭载大量乘客和货物，并且能够覆盖长距离。这种交通工具以其灵活性和多功能性而著称，能够在多种地形上行驶，无论是城市道路还是高速公路。它通常不需要固定的轨道，能够快速适应不同规模的长途旅行需求，同时提供舒适的乘客体验。玩家4说：这个交通工具是铁制的，能够在固定的轨道上运行。它的最独特之处在于它的速度快，能够进行长距离的连续运输。||在这个游戏中，我们需要通过分析每位玩家的描述来找出卧底。通常，平民的描述会围绕相同的词语展开，而卧底的描述可能会因为词语的不同而显得不太一致。我们需要仔细比较每个描述之间的相似性和差异性，以找出可能的卧底，注意，卧底并不会隐藏自己，他会直接描述他的词语，现在，逐一分析每个玩家的描述，注意，这局游戏的词语分类为<交通工具>，卧底词和平民词都属于该类。||之前是第2轮描述和之前轮数描述的合集。你之前认为的卧底是玩家4。
2024-12-13 11:45:10,307 - 2 - INFO - **********PLAYER2**********
基于之前的描述和我的分析，如果玩家4的描述被认为是卧底，那么我之前的结论是基于以下观察：

1. 玩家1、玩家2和玩家3的描述都高度一致，都强调了火车的多节车厢、高速、长途运输能力、稳定性以及车厢的灵活性和多功能性。

2. 玩家4的描述虽然也提到了火车的速度和长途运输能力，但特别强调了它能够在多种地形上行驶，不需要固定的轨道，这与火车通常依赖固定轨道的特征不符。

3. 玩家4的描述中还提到了“舒适的乘客体验”，这并不是火车描述的典型特征。

由于这些差异，我之前推断玩家4可能是卧底。然而，如果需要重新评估，我会注意以下几点：

- 玩家4的描述可能只是对火车的一种更广泛的描述，而其他玩家则更专注于火车作为长途运输工具的特定方面。
- 玩家4的描述可能包含了一些误导信息，这是卧底行为的一部分。

因此，如果需要重新确定卧底，我会根据所有玩家的描述和游戏的整体情况来做出决定。如果继续坚持之前的结论，我会维持玩家4是卧底的推断。如果需要新的结论，我需要更多的信息或者进一步的描述来做出判断。
2024-12-13 11:45:10,315 - 2 - INFO - **********JUDGER**********
你刚刚的分析是基于之前的描述和我的分析，如果玩家4的描述被认为是卧底，那么我之前的结论是基于以下观察：

1. 玩家1、玩家2和玩家3的描述都高度一致，都强调了火车的多节车厢、高速、长途运输能力、稳定性以及车厢的灵活性和多功能性。

2. 玩家4的描述虽然也提到了火车的速度和长途运输能力，但特别强调了它能够在多种地形上行驶，不需要固定的轨道，这与火车通常依赖固定轨道的特征不符。

3. 玩家4的描述中还提到了“舒适的乘客体验”，这并不是火车描述的典型特征。

由于这些差异，我之前推断玩家4可能是卧底。然而，如果需要重新评估，我会注意以下几点：

- 玩家4的描述可能只是对火车的一种更广泛的描述，而其他玩家则更专注于火车作为长途运输工具的特定方面。
- 玩家4的描述可能包含了一些误导信息，这是卧底行为的一部分。

因此，如果需要重新确定卧底，我会根据所有玩家的描述和游戏的整体情况来做出决定。如果继续坚持之前的结论，我会维持玩家4是卧底的推断。如果需要新的结论，我需要更多的信息或者进一步的描述来做出判断。|| `请根据上述分析，比较描述以找出不一致之处，注意，这局游戏的词语分类为<交通工具>，卧底词和平民词都属于该类。
2024-12-13 11:45:14,557 - 2 - INFO - **********PLAYER2**********
根据上述分析，以下是不一致之处：

1. 玩家1、玩家2和玩家3的描述都集中在火车的典型特征上，如多节车厢、高速、长途运输能力、稳定性、车厢的灵活性和多功能性。

2. 玩家4的描述虽然也提到了火车的速度和长途运输能力，但它还提到了以下特征，这些特征在火车的传统描述中并不常见：
   - 能够在多种地形上行驶，不需要固定的轨道。
   - 提供舒适的乘客体验。

这些特征与火车通常依赖固定轨道和以速度和效率为特点的传统形象不符，因此玩家4的描述与其他玩家的描述存在显著差异。
2024-12-13 11:45:14,560 - 2 - INFO - **********JUDGER**********
你刚刚的分析是根据上述分析，以下是不一致之处：

1. 玩家1、玩家2和玩家3的描述都集中在火车的典型特征上，如多节车厢、高速、长途运输能力、稳定性、车厢的灵活性和多功能性。

2. 玩家4的描述虽然也提到了火车的速度和长途运输能力，但它还提到了以下特征，这些特征在火车的传统描述中并不常见：
   - 能够在多种地形上行驶，不需要固定的轨道。
   - 提供舒适的乘客体验。

这些特征与火车通常依赖固定轨道和以速度和效率为特点的传统形象不符，因此玩家4的描述与其他玩家的描述存在显著差异。|| 请通过你分析的不一致之处，推断卧底身份，注意，这局游戏的词语分类为<交通工具>，卧底词和平民词都属于该类。
2024-12-13 11:45:15,744 - 2 - INFO - **********PLAYER2**********
基于分析的不一致之处，我推断卧底身份是玩家4。
2024-12-13 11:45:15,744 - 2 - INFO - **********JUDGER**********
你刚刚的推断是基于分析的不一致之处，我推断卧底身份是玩家4。|| 基于你刚刚的推断得出你的最终结论，请输出你认为的卧底，在这种情况下只需要输出编号，是1-4中的某个数字，不要输出其他信息。在这个过程不要进行任何推理，只对||以前的部分进行信息提取
2024-12-13 11:45:16,561 - 2 - INFO - **********PLAYER2**********
4
2024-12-13 11:45:43,345 - 2 - INFO - **********JUDGER**********
玩家1说：这个交通工具通常由多节车厢组成，能够在铁轨上行驶。它在同类交通工具中最独特的地方可能在于它的高速度和长途运输能力。这个交通工具的特点是它的设计允许它以极高的速度在铁轨上平稳运行，同时它的构造能够确保长时间的连续运输，无论是在直线还是曲线轨道上。它的车厢通常可以灵活地连接和扩展，以适应不同规模的长途运输需求。这个交通工具以其在铁轨上的高速行驶和长距离连续运输能力而著称，特别适合跨越国家或地区进行长途旅行。它的设计注重于平稳性和效率，能够在各种曲线轨道上保持高速，同时车厢的连接方式允许根据需要调整运输容量。玩家2说：它是一种用于长途运输的交通工具，通常由多节车厢组成。它在同类交通工具中最为显著的特点是它的速度非常快。它是一种设计精良的交通工具，以其在铁轨上能够达到的高速而著称，这种速度使其在长途运输中尤为高效。它的结构确保了即使在复杂的地形上也能保持稳定性，车厢的连接和扩展设计使其能够灵活适应不同规模的运输任务。玩家3说：这是一辆主要用于长途旅行的车辆，具有高速行驶的能力。它在同类交通工具中最显著的特征是能够搭载大量乘客和货物，并且能够覆盖长距离。这种交通工具以其灵活性和多功能性而著称，能够在多种地形上行驶，无论是城市道路还是高速公路。它通常不需要固定的轨道，能够快速适应不同规模的长途旅行需求，同时提供舒适的乘客体验。玩家4说：这个交通工具是铁制的，能够在固定的轨道上运行。它的最独特之处在于它的速度快，能够进行长距离的连续运输。这个交通工具以其长距离的连续运输能力而闻名，能够在铁轨上高速平稳运行。它的设计注重于效率和可靠性，能够在直线和曲线轨道上保持高速行驶。车厢连接灵活，能够根据运输需求进行调整。你是第2号玩家，你的关键词是<火车>。你的回答中绝对不能包含你的关键词<火车>。这是第三轮描述，你之前的描述是它是一种用于长途运输的交通工具，通常由多节车厢组成。它在同类交通工具中最为显著的特点是它的速度非常快。和它是一种设计精良的交通工具，以其在铁轨上能够达到的高速而著称，这种速度使其在长途运输中尤为高效。它的结构确保了即使在复杂的地形上也能保持稳定性，车厢的连接和扩展设计使其能够灵活适应不同规模的运输任务。，注意，这局游戏的词语分类为<交通工具>，卧底词和平民词都属于该类，请你补充关于关键词的描述，注意，你的描述应该比起之前的描述更加贴近关键词，作为之前的补充
2024-12-13 11:45:45,852 - 2 - INFO - **********PLAYER2**********
这种交通工具以其卓越的速度和长途运输能力而闻名，能够在铁轨上高速平稳运行，同时其结构设计确保了即使在复杂的地形上也能保持稳定性。它的车厢连接方式灵活，可以根据运输需求进行调整，以适应不同规模的长途运输任务。
2024-12-13 11:45:58,721 - 2 - INFO - **********JUDGER**********
玩家1说：这个交通工具通常由多节车厢组成，能够在铁轨上行驶。它在同类交通工具中最独特的地方可能在于它的高速度和长途运输能力。这个交通工具的特点是它的设计允许它以极高的速度在铁轨上平稳运行，同时它的构造能够确保长时间的连续运输，无论是在直线还是曲线轨道上。它的车厢通常可以灵活地连接和扩展，以适应不同规模的长途运输需求。这个交通工具以其在铁轨上的高速行驶和长距离连续运输能力而著称，特别适合跨越国家或地区进行长途旅行。它的设计注重于平稳性和效率，能够在各种曲线轨道上保持高速，同时车厢的连接方式允许根据需要调整运输容量。玩家2说：它是一种用于长途运输的交通工具，通常由多节车厢组成。它在同类交通工具中最为显著的特点是它的速度非常快。它是一种设计精良的交通工具，以其在铁轨上能够达到的高速而著称，这种速度使其在长途运输中尤为高效。它的结构确保了即使在复杂的地形上也能保持稳定性，车厢的连接和扩展设计使其能够灵活适应不同规模的运输任务。这种交通工具以其卓越的速度和长途运输能力而闻名，能够在铁轨上高速平稳运行，同时其结构设计确保了即使在复杂的地形上也能保持稳定性。它的车厢连接方式灵活，可以根据运输需求进行调整，以适应不同规模的长途运输任务。玩家3说：这是一辆主要用于长途旅行的车辆，具有高速行驶的能力。它在同类交通工具中最显著的特征是能够搭载大量乘客和货物，并且能够覆盖长距离。这种交通工具以其灵活性和多功能性而著称，能够在多种地形上行驶，无论是城市道路还是高速公路。它通常不需要固定的轨道，能够快速适应不同规模的长途旅行需求，同时提供舒适的乘客体验。这种交通工具以其独立性和便捷性而著称，它能够在多种路面上行驶，包括城市道路、高速公路以及一些乡村道路。它的设计注重于舒适性和安全性，能够提供平稳的驾驶体验，同时它的燃油效率较高，使得长途旅行更加经济。玩家4说：这个交通工具是铁制的，能够在固定的轨道上运行。它的最独特之处在于它的速度快，能够进行长距离的连续运输。这个交通工具以其长距离的连续运输能力而闻名，能够在铁轨上高速平稳运行。它的设计注重于效率和可靠性，能够在直线和曲线轨道上保持高速行驶。车厢连接灵活，能够根据运输需求进行调整。这个交通工具以其高效的铁轨系统和稳定的运行而著称，特别适合长距离的连续运输。它能够在复杂的铁轨网络中灵活穿梭，满足不同规模的运输需求。||在这个游戏中，我们需要通过分析每位玩家的描述来找出卧底。通常，平民的描述会围绕相同的词语展开，而卧底的描述可能会因为词语的不同而显得不太一致。我们需要仔细比较每个描述之间的相似性和差异性，以找出可能的卧底，注意，卧底并不会隐藏自己，他会直接描述他的词语，现在，逐一分析每个玩家的描述，注意，这局游戏的词语分类为<交通工具>，卧底词和平民词都属于该类。||之前是第3轮描述和之前轮数描述的合集。你之前认为的卧底是玩家4。
2024-12-13 11:46:07,647 - 2 - INFO - **********PLAYER2**********
基于之前的描述和我的分析，以下是玩家描述的相似性和差异性：

1. 玩家1、玩家2和玩家4的描述都强调了交通工具的多节车厢、高速、长途运输能力、铁轨运行、稳定性、效率、可靠性以及车厢的灵活性。

2. 玩家3的描述与前三者有所不同，他提到了交通工具能够在多种地形上行驶，包括城市道路和高速公路，以及它不需要固定的轨道，这与其他玩家描述的依赖铁轨的交通工具特征不符。

3. 玩家3的描述还强调了独立性和便捷性，燃油效率，以及能够在多种路面上行驶，这些特征在火车（或其他依赖铁轨的交通工具）的描述中并不常见。

基于这些差异，玩家3的描述与其他玩家的描述不一致，这可能表明他是卧底。因此，根据之前的分析，我之前的推断玩家4是卧底可能需要重新考虑，玩家3的描述可能更加符合卧底的特征。
2024-12-13 11:46:07,648 - 2 - INFO - **********JUDGER**********
你刚刚的分析是基于之前的描述和我的分析，以下是玩家描述的相似性和差异性：

1. 玩家1、玩家2和玩家4的描述都强调了交通工具的多节车厢、高速、长途运输能力、铁轨运行、稳定性、效率、可靠性以及车厢的灵活性。

2. 玩家3的描述与前三者有所不同，他提到了交通工具能够在多种地形上行驶，包括城市道路和高速公路，以及它不需要固定的轨道，这与其他玩家描述的依赖铁轨的交通工具特征不符。

3. 玩家3的描述还强调了独立性和便捷性，燃油效率，以及能够在多种路面上行驶，这些特征在火车（或其他依赖铁轨的交通工具）的描述中并不常见。

基于这些差异，玩家3的描述与其他玩家的描述不一致，这可能表明他是卧底。因此，根据之前的分析，我之前的推断玩家4是卧底可能需要重新考虑，玩家3的描述可能更加符合卧底的特征。|| `请根据上述分析，比较描述以找出不一致之处，注意，这局游戏的词语分类为<交通工具>，卧底词和平民词都属于该类。
2024-12-13 11:46:13,937 - 2 - INFO - **********PLAYER2**********
根据上述分析，以下是不一致之处：

1. 玩家1、玩家2和玩家4的描述都集中在火车的典型特征上，如多节车厢、高速、长途运输、铁轨运行、稳定性、效率、可靠性和车厢的灵活性。

2. 玩家3的描述提到了以下特征，这些特征与火车或类似依赖铁轨的交通工具的典型特征不符：
   - 能够在多种地形上行驶，包括城市道路和高速公路。
   - 不需要固定的轨道。
   - 独立性和便捷性。
   - 燃油效率。
   - 能够在多种路面上行驶。

这些特征表明玩家3的描述与火车这一主题不一致，可能指向他是卧底。
2024-12-13 11:46:13,938 - 2 - INFO - **********JUDGER**********
你刚刚的分析是根据上述分析，以下是不一致之处：

1. 玩家1、玩家2和玩家4的描述都集中在火车的典型特征上，如多节车厢、高速、长途运输、铁轨运行、稳定性、效率、可靠性和车厢的灵活性。

2. 玩家3的描述提到了以下特征，这些特征与火车或类似依赖铁轨的交通工具的典型特征不符：
   - 能够在多种地形上行驶，包括城市道路和高速公路。
   - 不需要固定的轨道。
   - 独立性和便捷性。
   - 燃油效率。
   - 能够在多种路面上行驶。

这些特征表明玩家3的描述与火车这一主题不一致，可能指向他是卧底。|| 请通过你分析的不一致之处，推断卧底身份，注意，这局游戏的词语分类为<交通工具>，卧底词和平民词都属于该类。
2024-12-13 11:46:15,065 - 2 - INFO - **********PLAYER2**********
3
2024-12-13 11:46:15,065 - 2 - INFO - **********JUDGER**********
你刚刚的推断是3|| 基于你刚刚的推断得出你的最终结论，请输出你认为的卧底，在这种情况下只需要输出编号，是1-4中的某个数字，不要输出其他信息。在这个过程不要进行任何推理，只对||以前的部分进行信息提取
2024-12-13 11:46:16,265 - 2 - INFO - **********PLAYER2**********
3
