2024-12-13 11:43:12,294 - 3 - INFO - **********JUDGER**********
让我们来玩一个叫做<谁是卧底>的推理游戏。基本规则：<人数>：4人。<角色分配>：每位玩家随机抽取一个词语，3名玩家拿到的词语是相同的（平民词），1名玩家拿到与之相近但不同的词语（卧底词）。<游戏流程>：1、玩家轮流描述自己的词语，但<不能>直接说出词语本身。2、描述完毕后，投票选出最像卧底的玩家。3、每轮结束后，被投票选出的玩家出局，不能再进行描述或投票。4、每轮投票结束后，如果卧底被成功找出，平民方获胜；如果卧底未被找出且卧底人数等于或超过平民人数，则卧底方获胜。你将扮演一个<玩家>，请等待你被分配到的关键词。如果你听懂了，只回答，"好的，我准备好参加游戏了"，不要输出别的信息
2024-12-13 11:43:13,247 - 3 - INFO - **********PLAYER3**********
好的，我准备好参加游戏了
2024-12-13 11:43:16,970 - 3 - INFO - **********JUDGER**********
玩家1说：这个交通工具通常由多节车厢组成，能够在铁轨上行驶。它在同类交通工具中最独特的地方可能在于它的高速度和长途运输能力。玩家2说：它是一种用于长途运输的交通工具，通常由多节车厢组成。它在同类交通工具中最为显著的特点是它的速度非常快。玩家3说：玩家4说：|| 你是第3号玩家，你的关键词是<汽车>。你的回答中绝对不能包含你的关键词<汽车>。这是第一轮描述，不需要分析||之前别的玩家的描述，请你描述关键词基本特征，注意，这局游戏的词语分类为<交通工具>，卧底词和平民词都属于该类，描述包括以下两点，1.他的基本特征是什么2.他在该类（交通工具）中最突出不同的特征是什么，尽量简短
2024-12-13 11:43:19,226 - 3 - INFO - **********PLAYER3**********
这是一辆主要用于长途旅行的车辆，具有高速行驶的能力。它在同类交通工具中最显著的特征是能够搭载大量乘客和货物，并且能够覆盖长距离。
2024-12-13 11:44:07,659 - 3 - INFO - **********JUDGER**********
玩家1说：这个交通工具通常由多节车厢组成，能够在铁轨上行驶。它在同类交通工具中最独特的地方可能在于它的高速度和长途运输能力。玩家2说：它是一种用于长途运输的交通工具，通常由多节车厢组成。它在同类交通工具中最为显著的特点是它的速度非常快。玩家3说：这是一辆主要用于长途旅行的车辆，具有高速行驶的能力。它在同类交通工具中最显著的特征是能够搭载大量乘客和货物，并且能够覆盖长距离。玩家4说：||在这个游戏中，我们需要通过分析每位玩家的描述来找出卧底。通常，平民的描述会围绕相同的词语展开，而卧底的描述可能会因为词语的不同而显得不太一致。我们需要仔细比较每个描述之间的相似性和差异性，以找出可能的卧底，注意，卧底并不会隐藏自己，他会直接描述他的词语，现在，逐一分析每个玩家的描述，注意，这局游戏的词语分类为<交通工具>，卧底词和平民词都属于该类。这是第一轮描述。
2024-12-13 11:44:13,325 - 3 - INFO - **********PLAYER3**********
根据玩家们的描述，我们可以观察到以下几点：

- 玩家1、玩家2和玩家3的描述都集中在“多节车厢组成”、“长途运输”、“高速行驶”和“覆盖长距离”这些特征上，这些描述非常相似，指向了一个共同的词语。
- 玩家4的描述虽然也提到了“长途旅行”和“高速行驶”，但他的描述中还提到了“能够覆盖长距离”，这一点与玩家1、2、3的描述有所不同。

由于玩家1、2、3的描述高度一致，而玩家4的描述中包含了一个额外的特征，这可能导致玩家4是卧底。然而，卧底也可能故意在描述中包含一些误导性的信息，所以我们需要更多的信息来确定谁是卧底。

在下一轮中，如果玩家4继续提供与之前类似的描述，那么他可能是卧底。如果玩家4提供了与之前不同的描述，那么他可能是平民，但我们仍然需要比较他的描述与玩家1、2、3的描述，以确定是否有不一致之处。
2024-12-13 11:44:13,328 - 3 - INFO - **********JUDGER**********
你刚刚的分析是根据玩家们的描述，我们可以观察到以下几点：

- 玩家1、玩家2和玩家3的描述都集中在“多节车厢组成”、“长途运输”、“高速行驶”和“覆盖长距离”这些特征上，这些描述非常相似，指向了一个共同的词语。
- 玩家4的描述虽然也提到了“长途旅行”和“高速行驶”，但他的描述中还提到了“能够覆盖长距离”，这一点与玩家1、2、3的描述有所不同。

由于玩家1、2、3的描述高度一致，而玩家4的描述中包含了一个额外的特征，这可能导致玩家4是卧底。然而，卧底也可能故意在描述中包含一些误导性的信息，所以我们需要更多的信息来确定谁是卧底。

在下一轮中，如果玩家4继续提供与之前类似的描述，那么他可能是卧底。如果玩家4提供了与之前不同的描述，那么他可能是平民，但我们仍然需要比较他的描述与玩家1、2、3的描述，以确定是否有不一致之处。|| `请根据上述分析，比较描述以找出不一致之处，注意，这局游戏的词语分类为<交通工具>，卧底词和平民词都属于该类。
2024-12-13 11:44:22,561 - 3 - INFO - **********PLAYER3**********
根据上述分析，我们可以比较以下不一致之处：

1. **描述的一致性**：
   - 玩家1、玩家2和玩家3的描述都非常一致，都强调了“多节车厢组成”、“长途运输”、“高速行驶”和“覆盖长距离”这些特征。
   - 玩家4的描述也包含了这些特征，但额外提到了“能够覆盖长距离”。

2. **特征的重叠与差异**：
   - 玩家1、玩家2和玩家3的描述中没有提到“能够覆盖长距离”这一特征，而这是玩家4描述中的一个额外点。
   - 玩家4的描述中提到的“能够覆盖长距离”可能与“长途运输”这一特征有所重叠，但“覆盖长距离”作为一个单独的描述点，在玩家1、2、3的描述中并未出现。

3. **可能的误导性信息**：
   - 卧底可能会故意在描述中包含误导性的信息，例如，玩家4提到的“能够覆盖长距离”可能是为了混淆视听，或者是为了模仿其他玩家的描述。

基于以上分析，如果其他玩家的描述没有变化，玩家4的描述中提到的“能够覆盖长距离”可能是他作为卧底的一个线索，因为这一特征在玩家1、2、3的描述中没有出现，而且可能是一个误导性的信息。然而，由于所有玩家的词语都属于《交通工具》类别，玩家4的描述也可能仅仅是由于对词语理解的细微差异。因此，需要更多的信息或者进一步的描述来确定玩家4是否真的是卧底。
2024-12-13 11:44:22,563 - 3 - INFO - **********JUDGER**********
你刚刚的分析是根据上述分析，我们可以比较以下不一致之处：

1. **描述的一致性**：
   - 玩家1、玩家2和玩家3的描述都非常一致，都强调了“多节车厢组成”、“长途运输”、“高速行驶”和“覆盖长距离”这些特征。
   - 玩家4的描述也包含了这些特征，但额外提到了“能够覆盖长距离”。

2. **特征的重叠与差异**：
   - 玩家1、玩家2和玩家3的描述中没有提到“能够覆盖长距离”这一特征，而这是玩家4描述中的一个额外点。
   - 玩家4的描述中提到的“能够覆盖长距离”可能与“长途运输”这一特征有所重叠，但“覆盖长距离”作为一个单独的描述点，在玩家1、2、3的描述中并未出现。

3. **可能的误导性信息**：
   - 卧底可能会故意在描述中包含误导性的信息，例如，玩家4提到的“能够覆盖长距离”可能是为了混淆视听，或者是为了模仿其他玩家的描述。

基于以上分析，如果其他玩家的描述没有变化，玩家4的描述中提到的“能够覆盖长距离”可能是他作为卧底的一个线索，因为这一特征在玩家1、2、3的描述中没有出现，而且可能是一个误导性的信息。然而，由于所有玩家的词语都属于《交通工具》类别，玩家4的描述也可能仅仅是由于对词语理解的细微差异。因此，需要更多的信息或者进一步的描述来确定玩家4是否真的是卧底。|| 请通过你分析的不一致之处，推断卧底身份，注意，这局游戏的词语分类为<交通工具>，卧底词和平民词都属于该类。
2024-12-13 11:44:31,430 - 3 - INFO - **********PLAYER3**********
基于上述分析，我们可以进行以下推断：

1. **描述一致性分析**：玩家1、玩家2和玩家3的描述高度一致，这表明他们很可能拥有相同的词语，即平民词。这种一致性通常意味着他们描述的是同一个交通工具。

2. **特征重叠与差异分析**：玩家4的描述中包含了一个额外的特征“能够覆盖长距离”，这个特征在玩家1、2、3的描述中没有出现。由于卧底词和平民词都属于《交通工具》类别，玩家4的描述中的这个额外特征可能是为了误导其他玩家，使得他的描述看起来与平民词相似，但实际上有所不同。

3. **误导性信息分析**：考虑到卧底可能会故意提供误导性信息，玩家4提到的“能够覆盖长距离”可能是一个关键的线索。这个特征可能并不是所有长途运输交通工具的共同点，特别是如果它被用来区分某种特定的交通工具。

综合以上分析，玩家4的描述中提到的“能够覆盖长距离”可能是一个误导性特征，它使得他的描述与玩家1、2、3的描述有所不同。因此，根据这些不一致之处，玩家4可能是卧底。然而，这只是一个基于描述的分析，最终需要通过投票来确定。如果玩家4在随后的描述中继续提供包含“能够覆盖长距离”的描述，那么他的卧底身份将更加可疑。如果玩家4提供不同的描述，那么他可能是平民，但我们仍然需要比较他的描述与玩家1、2、3的描述，以确定是否有不一致之处。
2024-12-13 11:44:31,433 - 3 - INFO - **********JUDGER**********
你刚刚的推断是基于上述分析，我们可以进行以下推断：

1. **描述一致性分析**：玩家1、玩家2和玩家3的描述高度一致，这表明他们很可能拥有相同的词语，即平民词。这种一致性通常意味着他们描述的是同一个交通工具。

2. **特征重叠与差异分析**：玩家4的描述中包含了一个额外的特征“能够覆盖长距离”，这个特征在玩家1、2、3的描述中没有出现。由于卧底词和平民词都属于《交通工具》类别，玩家4的描述中的这个额外特征可能是为了误导其他玩家，使得他的描述看起来与平民词相似，但实际上有所不同。

3. **误导性信息分析**：考虑到卧底可能会故意提供误导性信息，玩家4提到的“能够覆盖长距离”可能是一个关键的线索。这个特征可能并不是所有长途运输交通工具的共同点，特别是如果它被用来区分某种特定的交通工具。

综合以上分析，玩家4的描述中提到的“能够覆盖长距离”可能是一个误导性特征，它使得他的描述与玩家1、2、3的描述有所不同。因此，根据这些不一致之处，玩家4可能是卧底。然而，这只是一个基于描述的分析，最终需要通过投票来确定。如果玩家4在随后的描述中继续提供包含“能够覆盖长距离”的描述，那么他的卧底身份将更加可疑。如果玩家4提供不同的描述，那么他可能是平民，但我们仍然需要比较他的描述与玩家1、2、3的描述，以确定是否有不一致之处。|| 基于你刚刚的推断得出你的最终结论，请输出你认为的卧底，在这种情况下只需要输出编号，是1-4中的某个数字，不要输出其他信息。在这个过程不要进行任何推理，只对||以前的部分进行信息提取
2024-12-13 11:44:32,032 - 3 - INFO - **********PLAYER3**********
4
2024-12-13 11:44:49,374 - 3 - INFO - **********JUDGER**********
玩家1说：这个交通工具通常由多节车厢组成，能够在铁轨上行驶。它在同类交通工具中最独特的地方可能在于它的高速度和长途运输能力。这个交通工具的特点是它的设计允许它以极高的速度在铁轨上平稳运行，同时它的构造能够确保长时间的连续运输，无论是在直线还是曲线轨道上。它的车厢通常可以灵活地连接和扩展，以适应不同规模的长途运输需求。玩家2说：它是一种用于长途运输的交通工具，通常由多节车厢组成。它在同类交通工具中最为显著的特点是它的速度非常快。它是一种设计精良的交通工具，以其在铁轨上能够达到的高速而著称，这种速度使其在长途运输中尤为高效。它的结构确保了即使在复杂的地形上也能保持稳定性，车厢的连接和扩展设计使其能够灵活适应不同规模的运输任务。玩家3说：这是一辆主要用于长途旅行的车辆，具有高速行驶的能力。它在同类交通工具中最显著的特征是能够搭载大量乘客和货物，并且能够覆盖长距离。玩家4说：这个交通工具是铁制的，能够在固定的轨道上运行。它的最独特之处在于它的速度快，能够进行长距离的连续运输。你是第3号玩家，你的关键词是<汽车>。你的回答中绝对不能包含你的关键词<汽车>。这是第二轮描述，你之前的描述是这是一辆主要用于长途旅行的车辆，具有高速行驶的能力。它在同类交通工具中最显著的特征是能够搭载大量乘客和货物，并且能够覆盖长距离。，注意，这局游戏的词语分类为<交通工具>，卧底词和平民词都属于该类，请你补充关于关键词的描述，注意，你的描述应该比起之前的描述更加贴近关键词，作为之前的补充
2024-12-13 11:44:51,072 - 3 - INFO - **********PLAYER3**********
这种交通工具以其灵活性和多功能性而著称，能够在多种地形上行驶，无论是城市道路还是高速公路。它通常不需要固定的轨道，能够快速适应不同规模的长途旅行需求，同时提供舒适的乘客体验。
2024-12-13 11:45:16,562 - 3 - INFO - **********JUDGER**********
玩家1说：这个交通工具通常由多节车厢组成，能够在铁轨上行驶。它在同类交通工具中最独特的地方可能在于它的高速度和长途运输能力。这个交通工具的特点是它的设计允许它以极高的速度在铁轨上平稳运行，同时它的构造能够确保长时间的连续运输，无论是在直线还是曲线轨道上。它的车厢通常可以灵活地连接和扩展，以适应不同规模的长途运输需求。玩家2说：它是一种用于长途运输的交通工具，通常由多节车厢组成。它在同类交通工具中最为显著的特点是它的速度非常快。它是一种设计精良的交通工具，以其在铁轨上能够达到的高速而著称，这种速度使其在长途运输中尤为高效。它的结构确保了即使在复杂的地形上也能保持稳定性，车厢的连接和扩展设计使其能够灵活适应不同规模的运输任务。玩家3说：这是一辆主要用于长途旅行的车辆，具有高速行驶的能力。它在同类交通工具中最显著的特征是能够搭载大量乘客和货物，并且能够覆盖长距离。这种交通工具以其灵活性和多功能性而著称，能够在多种地形上行驶，无论是城市道路还是高速公路。它通常不需要固定的轨道，能够快速适应不同规模的长途旅行需求，同时提供舒适的乘客体验。玩家4说：这个交通工具是铁制的，能够在固定的轨道上运行。它的最独特之处在于它的速度快，能够进行长距离的连续运输。||在这个游戏中，我们需要通过分析每位玩家的描述来找出卧底。通常，平民的描述会围绕相同的词语展开，而卧底的描述可能会因为词语的不同而显得不太一致。我们需要仔细比较每个描述之间的相似性和差异性，以找出可能的卧底，注意，卧底并不会隐藏自己，他会直接描述他的词语，现在，逐一分析每个玩家的描述，注意，这局游戏的词语分类为<交通工具>，卧底词和平民词都属于该类。||之前是第2轮描述和之前轮数描述的合集。你之前认为的卧底是玩家4。
2024-12-13 11:45:17,428 - 3 - INFO - **********PLAYER3**********
玩家4
2024-12-13 11:45:17,429 - 3 - INFO - **********JUDGER**********
你刚刚的分析是玩家4|| `请根据上述分析，比较描述以找出不一致之处，注意，这局游戏的词语分类为<交通工具>，卧底词和平民词都属于该类。
2024-12-13 11:45:28,501 - 3 - INFO - **********PLAYER3**********
在比较玩家的描述时，我们可以注意到以下不一致之处：

1. **多节车厢组成**：所有玩家的描述都提到了“多节车厢组成”，这一点在所有描述中是一致的。

2. **高速和长途运输能力**：玩家1、玩家2和玩家3都强调了交通工具的高速度和长途运输能力，而玩家4也提到了速度快和长距离运输，但他的描述主要集中在“铁制的”和“固定的轨道上运行”，这可能表明他对“铁轨”这一特征更加强调。

3. **设计和平稳性**：玩家1和玩家2的描述中提到了设计精良和能够以极高速度平稳运行，而玩家3也提到了高速行驶的能力，但没有特别强调设计和平稳性。玩家4的描述中则没有提到设计或平稳性。

4. **地形适应性**：玩家3的描述中提到了能够适应多种地形，而玩家1、2和玩家4没有提到这一点。

5. **车厢连接和扩展**：玩家1和玩家2的描述中提到了车厢的连接和扩展设计，而玩家3也提到了这一点，但玩家4没有提到。

6. **铁轨和固定轨道**：玩家4特别强调了交通工具是铁制的和能够在固定的轨道上运行，这一点在玩家1、2和玩家3的描述中没有明确提及。

基于这些不一致之处，玩家4的描述似乎与玩家1、2、3的描述有所不同，特别是在对“铁轨”这一特征的强调上。这可能表明玩家4的词语与玩家1、2、3的词语有所不同，因此玩家4可能是卧底。
2024-12-13 11:45:28,504 - 3 - INFO - **********JUDGER**********
你刚刚的分析是在比较玩家的描述时，我们可以注意到以下不一致之处：

1. **多节车厢组成**：所有玩家的描述都提到了“多节车厢组成”，这一点在所有描述中是一致的。

2. **高速和长途运输能力**：玩家1、玩家2和玩家3都强调了交通工具的高速度和长途运输能力，而玩家4也提到了速度快和长距离运输，但他的描述主要集中在“铁制的”和“固定的轨道上运行”，这可能表明他对“铁轨”这一特征更加强调。

3. **设计和平稳性**：玩家1和玩家2的描述中提到了设计精良和能够以极高速度平稳运行，而玩家3也提到了高速行驶的能力，但没有特别强调设计和平稳性。玩家4的描述中则没有提到设计或平稳性。

4. **地形适应性**：玩家3的描述中提到了能够适应多种地形，而玩家1、2和玩家4没有提到这一点。

5. **车厢连接和扩展**：玩家1和玩家2的描述中提到了车厢的连接和扩展设计，而玩家3也提到了这一点，但玩家4没有提到。

6. **铁轨和固定轨道**：玩家4特别强调了交通工具是铁制的和能够在固定的轨道上运行，这一点在玩家1、2和玩家3的描述中没有明确提及。

基于这些不一致之处，玩家4的描述似乎与玩家1、2、3的描述有所不同，特别是在对“铁轨”这一特征的强调上。这可能表明玩家4的词语与玩家1、2、3的词语有所不同，因此玩家4可能是卧底。|| 请通过你分析的不一致之处，推断卧底身份，注意，这局游戏的词语分类为<交通工具>，卧底词和平民词都属于该类。
2024-12-13 11:45:29,539 - 3 - INFO - **********PLAYER3**********
4
2024-12-13 11:45:29,540 - 3 - INFO - **********JUDGER**********
你刚刚的推断是4|| 基于你刚刚的推断得出你的最终结论，请输出你认为的卧底，在这种情况下只需要输出编号，是1-4中的某个数字，不要输出其他信息。在这个过程不要进行任何推理，只对||以前的部分进行信息提取
2024-12-13 11:45:30,351 - 3 - INFO - **********PLAYER3**********
4
2024-12-13 11:45:45,855 - 3 - INFO - **********JUDGER**********
玩家1说：这个交通工具通常由多节车厢组成，能够在铁轨上行驶。它在同类交通工具中最独特的地方可能在于它的高速度和长途运输能力。这个交通工具的特点是它的设计允许它以极高的速度在铁轨上平稳运行，同时它的构造能够确保长时间的连续运输，无论是在直线还是曲线轨道上。它的车厢通常可以灵活地连接和扩展，以适应不同规模的长途运输需求。这个交通工具以其在铁轨上的高速行驶和长距离连续运输能力而著称，特别适合跨越国家或地区进行长途旅行。它的设计注重于平稳性和效率，能够在各种曲线轨道上保持高速，同时车厢的连接方式允许根据需要调整运输容量。玩家2说：它是一种用于长途运输的交通工具，通常由多节车厢组成。它在同类交通工具中最为显著的特点是它的速度非常快。它是一种设计精良的交通工具，以其在铁轨上能够达到的高速而著称，这种速度使其在长途运输中尤为高效。它的结构确保了即使在复杂的地形上也能保持稳定性，车厢的连接和扩展设计使其能够灵活适应不同规模的运输任务。这种交通工具以其卓越的速度和长途运输能力而闻名，能够在铁轨上高速平稳运行，同时其结构设计确保了即使在复杂的地形上也能保持稳定性。它的车厢连接方式灵活，可以根据运输需求进行调整，以适应不同规模的长途运输任务。玩家3说：这是一辆主要用于长途旅行的车辆，具有高速行驶的能力。它在同类交通工具中最显著的特征是能够搭载大量乘客和货物，并且能够覆盖长距离。这种交通工具以其灵活性和多功能性而著称，能够在多种地形上行驶，无论是城市道路还是高速公路。它通常不需要固定的轨道，能够快速适应不同规模的长途旅行需求，同时提供舒适的乘客体验。玩家4说：这个交通工具是铁制的，能够在固定的轨道上运行。它的最独特之处在于它的速度快，能够进行长距离的连续运输。这个交通工具以其长距离的连续运输能力而闻名，能够在铁轨上高速平稳运行。它的设计注重于效率和可靠性，能够在直线和曲线轨道上保持高速行驶。车厢连接灵活，能够根据运输需求进行调整。你是第3号玩家，你的关键词是<汽车>。你的回答中绝对不能包含你的关键词<汽车>。这是第三轮描述，你之前的描述是这是一辆主要用于长途旅行的车辆，具有高速行驶的能力。它在同类交通工具中最显著的特征是能够搭载大量乘客和货物，并且能够覆盖长距离。和这种交通工具以其灵活性和多功能性而著称，能够在多种地形上行驶，无论是城市道路还是高速公路。它通常不需要固定的轨道，能够快速适应不同规模的长途旅行需求，同时提供舒适的乘客体验。，注意，这局游戏的词语分类为<交通工具>，卧底词和平民词都属于该类，请你补充关于关键词的描述，注意，你的描述应该比起之前的描述更加贴近关键词，作为之前的补充
2024-12-13 11:45:47,904 - 3 - INFO - **********PLAYER3**********
这种交通工具以其独立性和便捷性而著称，它能够在多种路面上行驶，包括城市道路、高速公路以及一些乡村道路。它的设计注重于舒适性和安全性，能够提供平稳的驾驶体验，同时它的燃油效率较高，使得长途旅行更加经济。
2024-12-13 11:46:16,266 - 3 - INFO - **********JUDGER**********
玩家1说：这个交通工具通常由多节车厢组成，能够在铁轨上行驶。它在同类交通工具中最独特的地方可能在于它的高速度和长途运输能力。这个交通工具的特点是它的设计允许它以极高的速度在铁轨上平稳运行，同时它的构造能够确保长时间的连续运输，无论是在直线还是曲线轨道上。它的车厢通常可以灵活地连接和扩展，以适应不同规模的长途运输需求。这个交通工具以其在铁轨上的高速行驶和长距离连续运输能力而著称，特别适合跨越国家或地区进行长途旅行。它的设计注重于平稳性和效率，能够在各种曲线轨道上保持高速，同时车厢的连接方式允许根据需要调整运输容量。玩家2说：它是一种用于长途运输的交通工具，通常由多节车厢组成。它在同类交通工具中最为显著的特点是它的速度非常快。它是一种设计精良的交通工具，以其在铁轨上能够达到的高速而著称，这种速度使其在长途运输中尤为高效。它的结构确保了即使在复杂的地形上也能保持稳定性，车厢的连接和扩展设计使其能够灵活适应不同规模的运输任务。这种交通工具以其卓越的速度和长途运输能力而闻名，能够在铁轨上高速平稳运行，同时其结构设计确保了即使在复杂的地形上也能保持稳定性。它的车厢连接方式灵活，可以根据运输需求进行调整，以适应不同规模的长途运输任务。玩家3说：这是一辆主要用于长途旅行的车辆，具有高速行驶的能力。它在同类交通工具中最显著的特征是能够搭载大量乘客和货物，并且能够覆盖长距离。这种交通工具以其灵活性和多功能性而著称，能够在多种地形上行驶，无论是城市道路还是高速公路。它通常不需要固定的轨道，能够快速适应不同规模的长途旅行需求，同时提供舒适的乘客体验。这种交通工具以其独立性和便捷性而著称，它能够在多种路面上行驶，包括城市道路、高速公路以及一些乡村道路。它的设计注重于舒适性和安全性，能够提供平稳的驾驶体验，同时它的燃油效率较高，使得长途旅行更加经济。玩家4说：这个交通工具是铁制的，能够在固定的轨道上运行。它的最独特之处在于它的速度快，能够进行长距离的连续运输。这个交通工具以其长距离的连续运输能力而闻名，能够在铁轨上高速平稳运行。它的设计注重于效率和可靠性，能够在直线和曲线轨道上保持高速行驶。车厢连接灵活，能够根据运输需求进行调整。这个交通工具以其高效的铁轨系统和稳定的运行而著称，特别适合长距离的连续运输。它能够在复杂的铁轨网络中灵活穿梭，满足不同规模的运输需求。||在这个游戏中，我们需要通过分析每位玩家的描述来找出卧底。通常，平民的描述会围绕相同的词语展开，而卧底的描述可能会因为词语的不同而显得不太一致。我们需要仔细比较每个描述之间的相似性和差异性，以找出可能的卧底，注意，卧底并不会隐藏自己，他会直接描述他的词语，现在，逐一分析每个玩家的描述，注意，这局游戏的词语分类为<交通工具>，卧底词和平民词都属于该类。||之前是第3轮描述和之前轮数描述的合集。你之前认为的卧底是玩家4。
2024-12-13 11:46:17,377 - 3 - INFO - **********PLAYER3**********
4
2024-12-13 11:46:17,380 - 3 - INFO - **********JUDGER**********
你刚刚的分析是4|| `请根据上述分析，比较描述以找出不一致之处，注意，这局游戏的词语分类为<交通工具>，卧底词和平民词都属于该类。
2024-12-13 11:46:31,258 - 3 - INFO - **********PLAYER3**********
在比较玩家的描述时，我们可以注意到以下不一致之处：

1. **多节车厢组成**：所有玩家的描述都提到了多节车厢，这一点是一致的。

2. **高速和长途运输能力**：所有玩家都强调了高速和长途运输能力，这一点也是一致的。

3. **铁轨行驶**：玩家1、玩家2、玩家3和玩家4的描述中都提到了铁轨行驶，这一点是一致的。

4. **设计特点**：
   - 玩家1和玩家2的描述中提到了设计允许极高速度平稳运行，构造确保长时间连续运输，车厢灵活连接和扩展，以及设计注重平稳性和效率。
   - 玩家3的描述中提到了设计注重舒适性和安全性，能够提供平稳的驾驶体验，燃油效率高，以及独立性和便捷性。
   - 玩家4的描述中提到了设计注重效率和可靠性，能够在直线和曲线轨道上保持高速行驶，车厢连接灵活，能够根据运输需求进行调整。

5. **地形适应性**：
   - 玩家3的描述中提到了能够在多种地形上行驶，包括城市道路、高速公路以及乡村道路。
   - 玩家4的描述中没有提到地形适应性。

6. **铁轨网络和灵活穿梭**：
   - 玩家4的描述中特别提到了高效的铁轨系统和稳定的运行，能够在复杂的铁轨网络中灵活穿梭，满足不同规模的运输需求。
   - 玩家1、2、3的描述中没有特别提到铁轨网络和灵活穿梭。

基于上述不一致之处，玩家4的描述中特别强调了铁轨网络和灵活穿梭的能力，而玩家1、2、3的描述则更侧重于交通工具的其他方面，如舒适性和地形适应性。这可能导致玩家4的描述与其他玩家有所不同，从而可能指向他是卧底。
2024-12-13 11:46:31,261 - 3 - INFO - **********JUDGER**********
你刚刚的分析是在比较玩家的描述时，我们可以注意到以下不一致之处：

1. **多节车厢组成**：所有玩家的描述都提到了多节车厢，这一点是一致的。

2. **高速和长途运输能力**：所有玩家都强调了高速和长途运输能力，这一点也是一致的。

3. **铁轨行驶**：玩家1、玩家2、玩家3和玩家4的描述中都提到了铁轨行驶，这一点是一致的。

4. **设计特点**：
   - 玩家1和玩家2的描述中提到了设计允许极高速度平稳运行，构造确保长时间连续运输，车厢灵活连接和扩展，以及设计注重平稳性和效率。
   - 玩家3的描述中提到了设计注重舒适性和安全性，能够提供平稳的驾驶体验，燃油效率高，以及独立性和便捷性。
   - 玩家4的描述中提到了设计注重效率和可靠性，能够在直线和曲线轨道上保持高速行驶，车厢连接灵活，能够根据运输需求进行调整。

5. **地形适应性**：
   - 玩家3的描述中提到了能够在多种地形上行驶，包括城市道路、高速公路以及乡村道路。
   - 玩家4的描述中没有提到地形适应性。

6. **铁轨网络和灵活穿梭**：
   - 玩家4的描述中特别提到了高效的铁轨系统和稳定的运行，能够在复杂的铁轨网络中灵活穿梭，满足不同规模的运输需求。
   - 玩家1、2、3的描述中没有特别提到铁轨网络和灵活穿梭。

基于上述不一致之处，玩家4的描述中特别强调了铁轨网络和灵活穿梭的能力，而玩家1、2、3的描述则更侧重于交通工具的其他方面，如舒适性和地形适应性。这可能导致玩家4的描述与其他玩家有所不同，从而可能指向他是卧底。|| 请通过你分析的不一致之处，推断卧底身份，注意，这局游戏的词语分类为<交通工具>，卧底词和平民词都属于该类。
2024-12-13 11:46:32,277 - 3 - INFO - **********PLAYER3**********
4
2024-12-13 11:46:32,280 - 3 - INFO - **********JUDGER**********
你刚刚的推断是4|| 基于你刚刚的推断得出你的最终结论，请输出你认为的卧底，在这种情况下只需要输出编号，是1-4中的某个数字，不要输出其他信息。在这个过程不要进行任何推理，只对||以前的部分进行信息提取
2024-12-13 11:46:33,564 - 3 - INFO - **********PLAYER3**********
4
