2024-12-13 11:43:14,174 - 4 - INFO - **********JUDGER**********
让我们来玩一个叫做<谁是卧底>的推理游戏。基本规则：<人数>：4人。<角色分配>：每位玩家随机抽取一个词语，3名玩家拿到的词语是相同的（平民词），1名玩家拿到与之相近但不同的词语（卧底词）。<游戏流程>：1、玩家轮流描述自己的词语，但<不能>直接说出词语本身。2、描述完毕后，投票选出最像卧底的玩家。3、每轮结束后，被投票选出的玩家出局，不能再进行描述或投票。4、每轮投票结束后，如果卧底被成功找出，平民方获胜；如果卧底未被找出且卧底人数等于或超过平民人数，则卧底方获胜。你将扮演一个<玩家>，请等待你被分配到的关键词。如果你听懂了，只回答，"好的，我准备好参加游戏了"，不要输出别的信息
2024-12-13 11:43:14,651 - 4 - INFO - **********PLAYER4**********
好的，我准备好参加游戏了
2024-12-13 11:43:19,228 - 4 - INFO - **********JUDGER**********
玩家1说：这个交通工具通常由多节车厢组成，能够在铁轨上行驶。它在同类交通工具中最独特的地方可能在于它的高速度和长途运输能力。玩家2说：它是一种用于长途运输的交通工具，通常由多节车厢组成。它在同类交通工具中最为显著的特点是它的速度非常快。玩家3说：这是一辆主要用于长途旅行的车辆，具有高速行驶的能力。它在同类交通工具中最显著的特征是能够搭载大量乘客和货物，并且能够覆盖长距离。玩家4说：|| 你是第4号玩家，你的关键词是<火车>。你的回答中绝对不能包含你的关键词<火车>。这是第一轮描述，不需要分析||之前别的玩家的描述，请你描述关键词基本特征，注意，这局游戏的词语分类为<交通工具>，卧底词和平民词都属于该类，描述包括以下两点，1.他的基本特征是什么2.他在该类（交通工具）中最突出不同的特征是什么，尽量简短
2024-12-13 11:43:20,410 - 4 - INFO - **********PLAYER4**********
这个交通工具是铁制的，能够在固定的轨道上运行。它的最独特之处在于它的速度快，能够进行长距离的连续运输。
2024-12-13 11:44:32,033 - 4 - INFO - **********JUDGER**********
玩家1说：这个交通工具通常由多节车厢组成，能够在铁轨上行驶。它在同类交通工具中最独特的地方可能在于它的高速度和长途运输能力。玩家2说：它是一种用于长途运输的交通工具，通常由多节车厢组成。它在同类交通工具中最为显著的特点是它的速度非常快。玩家3说：这是一辆主要用于长途旅行的车辆，具有高速行驶的能力。它在同类交通工具中最显著的特征是能够搭载大量乘客和货物，并且能够覆盖长距离。玩家4说：||在这个游戏中，我们需要通过分析每位玩家的描述来找出卧底。通常，平民的描述会围绕相同的词语展开，而卧底的描述可能会因为词语的不同而显得不太一致。我们需要仔细比较每个描述之间的相似性和差异性，以找出可能的卧底，注意，卧底并不会隐藏自己，他会直接描述他的词语，现在，逐一分析每个玩家的描述，注意，这局游戏的词语分类为<交通工具>，卧底词和平民词都属于该类。这是第一轮描述。
2024-12-13 11:44:34,283 - 4 - INFO - **********PLAYER4**********
玩家1、玩家2和玩家3的描述都非常相似，都强调了交通工具的多节车厢、高速和长途运输能力。玩家4的描述也提到了长途旅行和高速行驶，但并未明确提到多节车厢，这可能与卧底词的特点有关。由于所有描述都属于交通工具类别，且描述中存在相似性，我们需要关注描述中可能的不一致之处来确定是否有卧底。玩家4的描述可能因为缺少多节车厢这一特征而引起怀疑。
2024-12-13 11:44:34,283 - 4 - INFO - **********JUDGER**********
你刚刚的分析是玩家1、玩家2和玩家3的描述都非常相似，都强调了交通工具的多节车厢、高速和长途运输能力。玩家4的描述也提到了长途旅行和高速行驶，但并未明确提到多节车厢，这可能与卧底词的特点有关。由于所有描述都属于交通工具类别，且描述中存在相似性，我们需要关注描述中可能的不一致之处来确定是否有卧底。玩家4的描述可能因为缺少多节车厢这一特征而引起怀疑。|| `请根据上述分析，比较描述以找出不一致之处，注意，这局游戏的词语分类为<交通工具>，卧底词和平民词都属于该类。
2024-12-13 11:44:40,927 - 4 - INFO - **********PLAYER4**********
根据上述分析，我们可以比较描述中的不一致之处如下：

- 玩家1、玩家2和玩家3都提到了“多节车厢”、“高速”和“长途运输能力”这三个关键特征。
- 玩家4的描述中虽然也提到了“长途旅行”和“高速行驶”，但没有明确提到“多节车厢”。

这种不一致可能是由于玩家4的词语与平民词不同，即玩家4可能是卧底。因为如果玩家4是平民，那么他的描述应该也会包含“多节车厢”这一特征，以保持与其他平民描述的一致性。因此，玩家4的描述可能是找出卧底的关键线索。
2024-12-13 11:44:40,928 - 4 - INFO - **********JUDGER**********
你刚刚的分析是根据上述分析，我们可以比较描述中的不一致之处如下：

- 玩家1、玩家2和玩家3都提到了“多节车厢”、“高速”和“长途运输能力”这三个关键特征。
- 玩家4的描述中虽然也提到了“长途旅行”和“高速行驶”，但没有明确提到“多节车厢”。

这种不一致可能是由于玩家4的词语与平民词不同，即玩家4可能是卧底。因为如果玩家4是平民，那么他的描述应该也会包含“多节车厢”这一特征，以保持与其他平民描述的一致性。因此，玩家4的描述可能是找出卧底的关键线索。|| 请通过你分析的不一致之处，推断卧底身份，注意，这局游戏的词语分类为<交通工具>，卧底词和平民词都属于该类。
2024-12-13 11:44:44,916 - 4 - INFO - **********PLAYER4**********
根据分析的不一致之处，我们可以推断：

- 如果所有玩家都是平民，那么他们的描述应该都会包含“多节车厢”这一特征，因为这是火车这类交通工具的一个基本特征。
- 玩家4的描述中没有提到“多节车厢”，这与其他三位平民玩家的描述存在显著差异。

因此，结合游戏规则和描述的不一致性，玩家4很可能是卧底，因为他的描述不符合其他平民玩家的共同特征。考虑到词语分类为<交通工具>，玩家4的卧底词可能是一种与火车不同类的交通工具，比如“飞机”，因为飞机也是高速长途运输的工具，但通常不被描述为“多节车厢”组成。
2024-12-13 11:44:44,920 - 4 - INFO - **********JUDGER**********
你刚刚的推断是根据分析的不一致之处，我们可以推断：

- 如果所有玩家都是平民，那么他们的描述应该都会包含“多节车厢”这一特征，因为这是火车这类交通工具的一个基本特征。
- 玩家4的描述中没有提到“多节车厢”，这与其他三位平民玩家的描述存在显著差异。

因此，结合游戏规则和描述的不一致性，玩家4很可能是卧底，因为他的描述不符合其他平民玩家的共同特征。考虑到词语分类为<交通工具>，玩家4的卧底词可能是一种与火车不同类的交通工具，比如“飞机”，因为飞机也是高速长途运输的工具，但通常不被描述为“多节车厢”组成。|| 基于你刚刚的推断得出你的最终结论，请输出你认为的卧底，在这种情况下只需要输出编号，是1-4中的某个数字，不要输出其他信息。在这个过程不要进行任何推理，只对||以前的部分进行信息提取
2024-12-13 11:44:45,425 - 4 - INFO - **********PLAYER4**********
4
2024-12-13 11:44:51,074 - 4 - INFO - **********JUDGER**********
玩家1说：这个交通工具通常由多节车厢组成，能够在铁轨上行驶。它在同类交通工具中最独特的地方可能在于它的高速度和长途运输能力。这个交通工具的特点是它的设计允许它以极高的速度在铁轨上平稳运行，同时它的构造能够确保长时间的连续运输，无论是在直线还是曲线轨道上。它的车厢通常可以灵活地连接和扩展，以适应不同规模的长途运输需求。玩家2说：它是一种用于长途运输的交通工具，通常由多节车厢组成。它在同类交通工具中最为显著的特点是它的速度非常快。它是一种设计精良的交通工具，以其在铁轨上能够达到的高速而著称，这种速度使其在长途运输中尤为高效。它的结构确保了即使在复杂的地形上也能保持稳定性，车厢的连接和扩展设计使其能够灵活适应不同规模的运输任务。玩家3说：这是一辆主要用于长途旅行的车辆，具有高速行驶的能力。它在同类交通工具中最显著的特征是能够搭载大量乘客和货物，并且能够覆盖长距离。这种交通工具以其灵活性和多功能性而著称，能够在多种地形上行驶，无论是城市道路还是高速公路。它通常不需要固定的轨道，能够快速适应不同规模的长途旅行需求，同时提供舒适的乘客体验。玩家4说：这个交通工具是铁制的，能够在固定的轨道上运行。它的最独特之处在于它的速度快，能够进行长距离的连续运输。你是第4号玩家，你的关键词是<火车>。你的回答中绝对不能包含你的关键词<火车>。这是第二轮描述，你之前的描述是这个交通工具是铁制的，能够在固定的轨道上运行。它的最独特之处在于它的速度快，能够进行长距离的连续运输。，注意，这局游戏的词语分类为<交通工具>，卧底词和平民词都属于该类，请你补充关于关键词的描述，注意，你的描述应该比起之前的描述更加贴近关键词，作为之前的补充
2024-12-13 11:44:52,799 - 4 - INFO - **********PLAYER4**********
这个交通工具以其长距离的连续运输能力而闻名，能够在铁轨上高速平稳运行。它的设计注重于效率和可靠性，能够在直线和曲线轨道上保持高速行驶。车厢连接灵活，能够根据运输需求进行调整。
2024-12-13 11:45:30,353 - 4 - INFO - **********JUDGER**********
玩家1说：这个交通工具通常由多节车厢组成，能够在铁轨上行驶。它在同类交通工具中最独特的地方可能在于它的高速度和长途运输能力。这个交通工具的特点是它的设计允许它以极高的速度在铁轨上平稳运行，同时它的构造能够确保长时间的连续运输，无论是在直线还是曲线轨道上。它的车厢通常可以灵活地连接和扩展，以适应不同规模的长途运输需求。玩家2说：它是一种用于长途运输的交通工具，通常由多节车厢组成。它在同类交通工具中最为显著的特点是它的速度非常快。它是一种设计精良的交通工具，以其在铁轨上能够达到的高速而著称，这种速度使其在长途运输中尤为高效。它的结构确保了即使在复杂的地形上也能保持稳定性，车厢的连接和扩展设计使其能够灵活适应不同规模的运输任务。玩家3说：这是一辆主要用于长途旅行的车辆，具有高速行驶的能力。它在同类交通工具中最显著的特征是能够搭载大量乘客和货物，并且能够覆盖长距离。这种交通工具以其灵活性和多功能性而著称，能够在多种地形上行驶，无论是城市道路还是高速公路。它通常不需要固定的轨道，能够快速适应不同规模的长途旅行需求，同时提供舒适的乘客体验。玩家4说：这个交通工具是铁制的，能够在固定的轨道上运行。它的最独特之处在于它的速度快，能够进行长距离的连续运输。||在这个游戏中，我们需要通过分析每位玩家的描述来找出卧底。通常，平民的描述会围绕相同的词语展开，而卧底的描述可能会因为词语的不同而显得不太一致。我们需要仔细比较每个描述之间的相似性和差异性，以找出可能的卧底，注意，卧底并不会隐藏自己，他会直接描述他的词语，现在，逐一分析每个玩家的描述，注意，这局游戏的词语分类为<交通工具>，卧底词和平民词都属于该类。||之前是第2轮描述和之前轮数描述的合集。你之前认为的卧底是玩家4。
2024-12-13 11:45:33,560 - 4 - INFO - **********PLAYER4**********
根据第二轮描述和之前轮数描述的合集，玩家1、玩家2和玩家3的描述都强调了多节车厢、高速和长途运输能力，以及车厢的灵活性和适应性。他们的描述在关键词的各个方面都有很高的相似性。

相比之下，玩家4的描述虽然也提到了速度和长距离运输，但没有提到多节车厢和适应性，这与火车这类交通工具的标准描述不符。

因此，基于描述的相似性和差异性，玩家4的描述仍然与火车这类交通工具的标准特征不完全一致，这使我继续认为玩家4很可能是卧底。
2024-12-13 11:45:33,563 - 4 - INFO - **********JUDGER**********
你刚刚的分析是根据第二轮描述和之前轮数描述的合集，玩家1、玩家2和玩家3的描述都强调了多节车厢、高速和长途运输能力，以及车厢的灵活性和适应性。他们的描述在关键词的各个方面都有很高的相似性。

相比之下，玩家4的描述虽然也提到了速度和长距离运输，但没有提到多节车厢和适应性，这与火车这类交通工具的标准描述不符。

因此，基于描述的相似性和差异性，玩家4的描述仍然与火车这类交通工具的标准特征不完全一致，这使我继续认为玩家4很可能是卧底。|| `请根据上述分析，比较描述以找出不一致之处，注意，这局游戏的词语分类为<交通工具>，卧底词和平民词都属于该类。
2024-12-13 11:45:37,108 - 4 - INFO - **********PLAYER4**********
根据上述分析，不一致之处如下：

- 玩家1、玩家2和玩家3的描述都包含了“多节车厢”、“高速”、“长途运输能力”、“灵活性和适应性”等特征。
- 玩家4的描述提到了“速度”和“长距离运输”，但没有提到“多节车厢”和“灵活性和适应性”。

这种不一致表明玩家4的描述可能缺少了火车这类交通工具的一些关键特征，这可能是由于玩家4的词语与平民词不同，即玩家4可能是卧底。由于所有描述都属于交通工具类别，玩家4的描述与火车这类交通工具的标准描述不完全一致，是找出卧底的重要线索。
2024-12-13 11:45:37,112 - 4 - INFO - **********JUDGER**********
你刚刚的分析是根据上述分析，不一致之处如下：

- 玩家1、玩家2和玩家3的描述都包含了“多节车厢”、“高速”、“长途运输能力”、“灵活性和适应性”等特征。
- 玩家4的描述提到了“速度”和“长距离运输”，但没有提到“多节车厢”和“灵活性和适应性”。

这种不一致表明玩家4的描述可能缺少了火车这类交通工具的一些关键特征，这可能是由于玩家4的词语与平民词不同，即玩家4可能是卧底。由于所有描述都属于交通工具类别，玩家4的描述与火车这类交通工具的标准描述不完全一致，是找出卧底的重要线索。|| 请通过你分析的不一致之处，推断卧底身份，注意，这局游戏的词语分类为<交通工具>，卧底词和平民词都属于该类。
2024-12-13 11:45:38,769 - 4 - INFO - **********PLAYER4**********
4
2024-12-13 11:45:38,772 - 4 - INFO - **********JUDGER**********
你刚刚的推断是4|| 基于你刚刚的推断得出你的最终结论，请输出你认为的卧底，在这种情况下只需要输出编号，是1-4中的某个数字，不要输出其他信息。在这个过程不要进行任何推理，只对||以前的部分进行信息提取
2024-12-13 11:45:40,173 - 4 - INFO - **********PLAYER4**********
4
2024-12-13 11:45:47,905 - 4 - INFO - **********JUDGER**********
玩家1说：这个交通工具通常由多节车厢组成，能够在铁轨上行驶。它在同类交通工具中最独特的地方可能在于它的高速度和长途运输能力。这个交通工具的特点是它的设计允许它以极高的速度在铁轨上平稳运行，同时它的构造能够确保长时间的连续运输，无论是在直线还是曲线轨道上。它的车厢通常可以灵活地连接和扩展，以适应不同规模的长途运输需求。这个交通工具以其在铁轨上的高速行驶和长距离连续运输能力而著称，特别适合跨越国家或地区进行长途旅行。它的设计注重于平稳性和效率，能够在各种曲线轨道上保持高速，同时车厢的连接方式允许根据需要调整运输容量。玩家2说：它是一种用于长途运输的交通工具，通常由多节车厢组成。它在同类交通工具中最为显著的特点是它的速度非常快。它是一种设计精良的交通工具，以其在铁轨上能够达到的高速而著称，这种速度使其在长途运输中尤为高效。它的结构确保了即使在复杂的地形上也能保持稳定性，车厢的连接和扩展设计使其能够灵活适应不同规模的运输任务。这种交通工具以其卓越的速度和长途运输能力而闻名，能够在铁轨上高速平稳运行，同时其结构设计确保了即使在复杂的地形上也能保持稳定性。它的车厢连接方式灵活，可以根据运输需求进行调整，以适应不同规模的长途运输任务。玩家3说：这是一辆主要用于长途旅行的车辆，具有高速行驶的能力。它在同类交通工具中最显著的特征是能够搭载大量乘客和货物，并且能够覆盖长距离。这种交通工具以其灵活性和多功能性而著称，能够在多种地形上行驶，无论是城市道路还是高速公路。它通常不需要固定的轨道，能够快速适应不同规模的长途旅行需求，同时提供舒适的乘客体验。这种交通工具以其独立性和便捷性而著称，它能够在多种路面上行驶，包括城市道路、高速公路以及一些乡村道路。它的设计注重于舒适性和安全性，能够提供平稳的驾驶体验，同时它的燃油效率较高，使得长途旅行更加经济。玩家4说：这个交通工具是铁制的，能够在固定的轨道上运行。它的最独特之处在于它的速度快，能够进行长距离的连续运输。这个交通工具以其长距离的连续运输能力而闻名，能够在铁轨上高速平稳运行。它的设计注重于效率和可靠性，能够在直线和曲线轨道上保持高速行驶。车厢连接灵活，能够根据运输需求进行调整。你是第4号玩家，你的关键词是<火车>。你的回答中绝对不能包含你的关键词<火车>。这是第三轮描述，你之前的描述是这个交通工具是铁制的，能够在固定的轨道上运行。它的最独特之处在于它的速度快，能够进行长距离的连续运输。和这个交通工具以其长距离的连续运输能力而闻名，能够在铁轨上高速平稳运行。它的设计注重于效率和可靠性，能够在直线和曲线轨道上保持高速行驶。车厢连接灵活，能够根据运输需求进行调整。，注意，这局游戏的词语分类为<交通工具>，卧底词和平民词都属于该类，请你补充关于关键词的描述，注意，你的描述应该比起之前的描述更加贴近关键词，作为之前的补充
2024-12-13 11:45:49,714 - 4 - INFO - **********PLAYER4**********
这个交通工具以其高效的铁轨系统和稳定的运行而著称，特别适合长距离的连续运输。它能够在复杂的铁轨网络中灵活穿梭，满足不同规模的运输需求。
2024-12-13 11:46:33,565 - 4 - INFO - **********JUDGER**********
玩家1说：这个交通工具通常由多节车厢组成，能够在铁轨上行驶。它在同类交通工具中最独特的地方可能在于它的高速度和长途运输能力。这个交通工具的特点是它的设计允许它以极高的速度在铁轨上平稳运行，同时它的构造能够确保长时间的连续运输，无论是在直线还是曲线轨道上。它的车厢通常可以灵活地连接和扩展，以适应不同规模的长途运输需求。这个交通工具以其在铁轨上的高速行驶和长距离连续运输能力而著称，特别适合跨越国家或地区进行长途旅行。它的设计注重于平稳性和效率，能够在各种曲线轨道上保持高速，同时车厢的连接方式允许根据需要调整运输容量。玩家2说：它是一种用于长途运输的交通工具，通常由多节车厢组成。它在同类交通工具中最为显著的特点是它的速度非常快。它是一种设计精良的交通工具，以其在铁轨上能够达到的高速而著称，这种速度使其在长途运输中尤为高效。它的结构确保了即使在复杂的地形上也能保持稳定性，车厢的连接和扩展设计使其能够灵活适应不同规模的运输任务。这种交通工具以其卓越的速度和长途运输能力而闻名，能够在铁轨上高速平稳运行，同时其结构设计确保了即使在复杂的地形上也能保持稳定性。它的车厢连接方式灵活，可以根据运输需求进行调整，以适应不同规模的长途运输任务。玩家3说：这是一辆主要用于长途旅行的车辆，具有高速行驶的能力。它在同类交通工具中最显著的特征是能够搭载大量乘客和货物，并且能够覆盖长距离。这种交通工具以其灵活性和多功能性而著称，能够在多种地形上行驶，无论是城市道路还是高速公路。它通常不需要固定的轨道，能够快速适应不同规模的长途旅行需求，同时提供舒适的乘客体验。这种交通工具以其独立性和便捷性而著称，它能够在多种路面上行驶，包括城市道路、高速公路以及一些乡村道路。它的设计注重于舒适性和安全性，能够提供平稳的驾驶体验，同时它的燃油效率较高，使得长途旅行更加经济。玩家4说：这个交通工具是铁制的，能够在固定的轨道上运行。它的最独特之处在于它的速度快，能够进行长距离的连续运输。这个交通工具以其长距离的连续运输能力而闻名，能够在铁轨上高速平稳运行。它的设计注重于效率和可靠性，能够在直线和曲线轨道上保持高速行驶。车厢连接灵活，能够根据运输需求进行调整。这个交通工具以其高效的铁轨系统和稳定的运行而著称，特别适合长距离的连续运输。它能够在复杂的铁轨网络中灵活穿梭，满足不同规模的运输需求。||在这个游戏中，我们需要通过分析每位玩家的描述来找出卧底。通常，平民的描述会围绕相同的词语展开，而卧底的描述可能会因为词语的不同而显得不太一致。我们需要仔细比较每个描述之间的相似性和差异性，以找出可能的卧底，注意，卧底并不会隐藏自己，他会直接描述他的词语，现在，逐一分析每个玩家的描述，注意，这局游戏的词语分类为<交通工具>，卧底词和平民词都属于该类。||之前是第3轮描述和之前轮数描述的合集。你之前认为的卧底是玩家4。
2024-12-13 11:46:39,137 - 4 - INFO - **********PLAYER4**********
根据第3轮描述和之前轮数描述的合集，玩家1、玩家2和玩家4的描述都强调了高速、长途运输、铁轨运行和车厢的灵活性。他们的描述在关键词的各个方面都有很高的相似性。

相比之下，玩家3的描述中提到了“长途旅行”、“高速行驶”、“搭载大量乘客和货物”以及“能够在多种地形上行驶”，包括城市道路、高速公路和乡村道路。这与火车这类交通工具的标准描述有所不同，因为火车通常不涉及在城市道路或乡村道路上行驶，而是专注于铁轨上的长途运输。

因此，基于描述的相似性和差异性，玩家3的描述与火车这类交通工具的标准特征不完全一致，这使我继续认为玩家3很可能是卧底。
2024-12-13 11:46:39,138 - 4 - INFO - **********JUDGER**********
你刚刚的分析是根据第3轮描述和之前轮数描述的合集，玩家1、玩家2和玩家4的描述都强调了高速、长途运输、铁轨运行和车厢的灵活性。他们的描述在关键词的各个方面都有很高的相似性。

相比之下，玩家3的描述中提到了“长途旅行”、“高速行驶”、“搭载大量乘客和货物”以及“能够在多种地形上行驶”，包括城市道路、高速公路和乡村道路。这与火车这类交通工具的标准描述有所不同，因为火车通常不涉及在城市道路或乡村道路上行驶，而是专注于铁轨上的长途运输。

因此，基于描述的相似性和差异性，玩家3的描述与火车这类交通工具的标准特征不完全一致，这使我继续认为玩家3很可能是卧底。|| `请根据上述分析，比较描述以找出不一致之处，注意，这局游戏的词语分类为<交通工具>，卧底词和平民词都属于该类。
2024-12-13 11:46:44,960 - 4 - INFO - **********PLAYER4**********
根据上述分析，不一致之处主要体现在以下几个方面：

1. 火车作为交通工具，主要在铁轨上行驶，而玩家3的描述中提到了火车能够在城市道路、高速公路和乡村道路上行驶，这与火车的主要特征不符。

2. 火车的设计和用途是长途运输，而玩家3的描述中虽然提到了长途旅行和高速行驶，但没有明确强调铁轨上的运输。

3. 火车的车厢通常是固定且连续的，用于搭载大量乘客和货物，而玩家3的描述中虽然提到了搭载大量乘客和货物，但没有提到车厢的连续性和铁轨上的运输。

4. 火车的设计注重于平稳性和效率，而玩家3的描述中提到了能够在多种地形上行驶，这暗示了可能不是专门为铁轨设计的交通工具。

综上所述，玩家3的描述与火车这类交通工具的标准特征存在不一致之处，这可能是判断玩家3为卧底的关键线索。
2024-12-13 11:46:44,961 - 4 - INFO - **********JUDGER**********
你刚刚的分析是根据上述分析，不一致之处主要体现在以下几个方面：

1. 火车作为交通工具，主要在铁轨上行驶，而玩家3的描述中提到了火车能够在城市道路、高速公路和乡村道路上行驶，这与火车的主要特征不符。

2. 火车的设计和用途是长途运输，而玩家3的描述中虽然提到了长途旅行和高速行驶，但没有明确强调铁轨上的运输。

3. 火车的车厢通常是固定且连续的，用于搭载大量乘客和货物，而玩家3的描述中虽然提到了搭载大量乘客和货物，但没有提到车厢的连续性和铁轨上的运输。

4. 火车的设计注重于平稳性和效率，而玩家3的描述中提到了能够在多种地形上行驶，这暗示了可能不是专门为铁轨设计的交通工具。

综上所述，玩家3的描述与火车这类交通工具的标准特征存在不一致之处，这可能是判断玩家3为卧底的关键线索。|| 请通过你分析的不一致之处，推断卧底身份，注意，这局游戏的词语分类为<交通工具>，卧底词和平民词都属于该类。
2024-12-13 11:46:46,223 - 4 - INFO - **********PLAYER4**********
3
2024-12-13 11:46:46,225 - 4 - INFO - **********JUDGER**********
你刚刚的推断是3|| 基于你刚刚的推断得出你的最终结论，请输出你认为的卧底，在这种情况下只需要输出编号，是1-4中的某个数字，不要输出其他信息。在这个过程不要进行任何推理，只对||以前的部分进行信息提取
2024-12-13 11:46:47,104 - 4 - INFO - **********PLAYER4**********
3
