2024-12-12 22:04:04,368 - 1 - INFO - **********JUDGER**********
让我们来玩一个叫做<谁是卧底>的推理游戏。基本规则：<人数>：4人。<角色分配>：每位玩家随机抽取一个词语，3名玩家拿到的词语是相同的（平民词），1名玩家拿到与之相近但不同的词语（卧底词）。<游戏流程>：1、玩家轮流描述自己的词语，但<不能>直接说出词语本身。2、描述完毕后，投票选出最像卧底的玩家。3、每轮结束后，被投票选出的玩家出局，不能再进行描述或投票。4、每轮投票结束后，如果卧底被成功找出，平民方获胜；如果卧底未被找出且卧底人数等于或超过平民人数，则卧底方获胜。你将扮演一个<玩家>，请等待你被分配到的关键词。如果你听懂了，只回答，"好的，我准备好参加游戏了"，不要输出别的信息
2024-12-12 22:04:05,175 - 1 - INFO - **********PLAYER1**********
好的，我准备好参加游戏了
2024-12-12 22:04:08,425 - 1 - INFO - **********JUDGER**********
玩家1说：玩家2说：玩家3说：玩家4说：|| 你是第1号玩家，你的关键词是<篮球>。你的回答中绝对不能包含你的关键词<篮球>。这是第一轮描述，不需要分析||之前别的玩家的描述，请你描述关键词基本特征，注意，这局游戏的词语分类为<体育用品>，卧底词和平民词都属于该类，描述包括以下两点，1.他的基本特征是什么2.他在该类（体育用品）中最突出不同的特征是什么，尽量简短
2024-12-12 22:04:10,591 - 1 - INFO - **********PLAYER1**********
它是一种圆形的球体，主要用于各种体育比赛。在体育用品中，它通常由橡胶或合成材料制成，具有弹性。与其他体育用品相比，它在体育活动中起着关键作用，特别是在篮球运动中。
2024-12-12 22:04:10,591 - 1 - INFO - **********JUDGER**********
玩家1说：玩家2说：玩家3说：玩家4说：|| 你是第1号玩家，你的关键词是<篮球>。你的回答中绝对不能包含你的关键词<篮球>。这是第一轮描述，不需要分析||之前别的玩家的描述，请你描述关键词基本特征，注意，这局游戏的词语分类为<体育用品>，卧底词和平民词都属于该类，描述包括以下两点，1.他的基本特征是什么2.他在该类（体育用品）中最突出不同的特征是什么，尽量简短
2024-12-12 22:04:11,780 - 1 - INFO - **********PLAYER1**********
它是一种用于投掷和接住的圆形物体，材质通常是橡胶或合成材料，直径约为24英寸。在体育用品中，它以在特定运动中使用而闻名，尤其在某个球类运动中最为关键。
2024-12-12 22:04:16,609 - 1 - INFO - **********JUDGER**********
玩家1说：它是一种用于投掷和接住的圆形物体，材质通常是橡胶或合成材料，直径约为24英寸。在体育用品中，它以在特定运动中使用而闻名，尤其在某个球类运动中最为关键。玩家2说：它是一种球类，通常由橡胶或合成材料制成，表面有纹理以提高抓握力。在体育用品中，它以在特定运动中使用而闻名，尤其在某种运动中，它的形状和大小对于比赛规则至关重要，但它的重量和弹性与其他类似的球类有所不同。玩家3说：这是一个圆形的体育用品，通常用于特定的球类运动。它的材质通常是橡胶或合成材料，表面有特殊设计以提高摩擦力。相较于同类球类，它在大小和重量上有所不同。玩家4说：||在这个游戏中，我们需要通过分析每位玩家的描述来找出卧底。通常，平民的描述会围绕相同的词语展开，而卧底的描述可能会因为词语的不同而显得不太一致。我们需要仔细比较每个描述之间的相似性和差异性，以找出可能的卧底，注意，卧底并不会隐藏自己，他会直接描述他的词语，现在，逐一分析每个玩家的描述，注意，这局游戏的词语分类为<体育用品>，卧底词和平民词都属于该类。这是第一轮描述。
2024-12-12 22:04:17,816 - 1 - INFO - **********PLAYER1**********
作为第1号玩家，我的描述可以是：

它是一种球类，设计用于在特定的运动中使用，通常由柔软的材料制成，具有一定的弹性和重量。在同类体育用品中，它以其独特的用途和尺寸而著称。
2024-12-12 22:04:17,816 - 1 - INFO - **********JUDGER**********
你刚刚的分析是作为第1号玩家，我的描述可以是：

它是一种球类，设计用于在特定的运动中使用，通常由柔软的材料制成，具有一定的弹性和重量。在同类体育用品中，它以其独特的用途和尺寸而著称。|| `请根据上述分析，比较描述以找出不一致之处，注意，这局游戏的词语分类为<体育用品>，卧底词和平民词都属于该类。
2024-12-12 22:04:28,631 - 1 - INFO - **********PLAYER1**********
根据上述分析，我们可以比较四个玩家的描述：

1. 玩家1的描述强调了球类的用途、材料、弹性和重量，以及其独特性。
2. 玩家2的描述提到了球类由橡胶或合成材料制成，表面有纹理，形状和大小对比赛规则至关重要，重量和弹性与其他球类不同。
3. 玩家3的描述提到了球类用于特定的球类运动，材质通常是橡胶或合成材料，表面有特殊设计以提高摩擦力，大小和重量上有所不同。
4. 玩家4的描述是一个引导性的分析，没有具体的描述内容。

不一致之处可能在于：

- 玩家2和玩家3的描述都提到了球类的材质（橡胶或合成材料）和表面特性（纹理、特殊设计、摩擦力），而玩家1的描述没有具体提及这些细节。
- 玩家2的描述特别强调了球类的形状和大小对比赛规则的重要性，而玩家1和玩家3的描述没有明确提及这一点。
- 玩家3的描述提到了球类的重量，而玩家1和玩家2没有提及。
- 玩家4的描述是分析性的，而不是具体的描述，这与其他玩家的描述形式不同。

基于这些不一致之处，玩家2和玩家3的描述可能与玩家1的描述有所不同，可能是由于他们抽取的词语与篮球不完全一致。然而，没有具体的描述内容，我们无法确定玩家4是否是卧底。需要进一步的信息或者更多的描述来确认。
2024-12-12 22:04:28,632 - 1 - INFO - **********JUDGER**********
你刚刚的分析是根据上述分析，我们可以比较四个玩家的描述：

1. 玩家1的描述强调了球类的用途、材料、弹性和重量，以及其独特性。
2. 玩家2的描述提到了球类由橡胶或合成材料制成，表面有纹理，形状和大小对比赛规则至关重要，重量和弹性与其他球类不同。
3. 玩家3的描述提到了球类用于特定的球类运动，材质通常是橡胶或合成材料，表面有特殊设计以提高摩擦力，大小和重量上有所不同。
4. 玩家4的描述是一个引导性的分析，没有具体的描述内容。

不一致之处可能在于：

- 玩家2和玩家3的描述都提到了球类的材质（橡胶或合成材料）和表面特性（纹理、特殊设计、摩擦力），而玩家1的描述没有具体提及这些细节。
- 玩家2的描述特别强调了球类的形状和大小对比赛规则的重要性，而玩家1和玩家3的描述没有明确提及这一点。
- 玩家3的描述提到了球类的重量，而玩家1和玩家2没有提及。
- 玩家4的描述是分析性的，而不是具体的描述，这与其他玩家的描述形式不同。

基于这些不一致之处，玩家2和玩家3的描述可能与玩家1的描述有所不同，可能是由于他们抽取的词语与篮球不完全一致。然而，没有具体的描述内容，我们无法确定玩家4是否是卧底。需要进一步的信息或者更多的描述来确认。|| 请通过你分析的不一致之处，推断卧底身份，注意，这局游戏的词语分类为<体育用品>，卧底词和平民词都属于该类。
2024-12-12 22:04:36,576 - 1 - INFO - **********PLAYER1**********
基于上述分析的不一致之处，我们可以进行以下推断：

- 玩家2和玩家3的描述中都提到了球类的材质和表面特性，这与篮球的描述相符，因为篮球通常由橡胶或合成材料制成，表面有纹理。然而，玩家1的描述没有具体提到这些细节，这可能意味着玩家1的词语可能是篮球，但描述较为笼统。
- 玩家3的描述中提到了球类的大小和重量，而篮球的标准尺寸和重量在描述中并未特别强调。这一点可能表明玩家3的词语不是篮球，因为篮球的尺寸和重量是相对标准的，通常不会作为突出特征来描述。
- 玩家4的描述是分析性的，而不是具体的描述，这与其他玩家的描述形式不同。在《谁是卧底》游戏中，卧底通常会直接描述自己的词语，而不是提供分析。因此，玩家4的描述风格可能表明他是卧底。

综合以上分析，以下是一些可能的推断：

1. 玩家1可能是平民，因为他的描述较为笼统，但符合篮球的基本特征。
2. 玩家2可能是平民，因为他的描述详细提到了篮球的材质和表面特性。
3. 玩家3可能不是平民，因为他的描述中提到了球类的大小和重量，这可能是其他球类的特征。
4. 玩家4可能是卧底，因为他的描述风格与直接描述词语的平民玩家不同。

然而，没有更多的信息，我们无法确定具体的卧底身份。需要更多的描述或者玩家的投票行为来进一步确认。
2024-12-12 22:04:36,577 - 1 - INFO - **********JUDGER**********
你刚刚的推断是基于上述分析的不一致之处，我们可以进行以下推断：

- 玩家2和玩家3的描述中都提到了球类的材质和表面特性，这与篮球的描述相符，因为篮球通常由橡胶或合成材料制成，表面有纹理。然而，玩家1的描述没有具体提到这些细节，这可能意味着玩家1的词语可能是篮球，但描述较为笼统。
- 玩家3的描述中提到了球类的大小和重量，而篮球的标准尺寸和重量在描述中并未特别强调。这一点可能表明玩家3的词语不是篮球，因为篮球的尺寸和重量是相对标准的，通常不会作为突出特征来描述。
- 玩家4的描述是分析性的，而不是具体的描述，这与其他玩家的描述形式不同。在《谁是卧底》游戏中，卧底通常会直接描述自己的词语，而不是提供分析。因此，玩家4的描述风格可能表明他是卧底。

综合以上分析，以下是一些可能的推断：

1. 玩家1可能是平民，因为他的描述较为笼统，但符合篮球的基本特征。
2. 玩家2可能是平民，因为他的描述详细提到了篮球的材质和表面特性。
3. 玩家3可能不是平民，因为他的描述中提到了球类的大小和重量，这可能是其他球类的特征。
4. 玩家4可能是卧底，因为他的描述风格与直接描述词语的平民玩家不同。

然而，没有更多的信息，我们无法确定具体的卧底身份。需要更多的描述或者玩家的投票行为来进一步确认。|| 基于你刚刚的推断得出你的最终结论，请输出你认为的卧底，在这种情况下只需要输出编号，是1-4中的某个数字，不要输出其他信息。在这个过程不要进行任何推理，只对||以前的部分进行信息提取
2024-12-12 22:04:37,195 - 1 - INFO - **********PLAYER1**********
3
2024-12-12 22:05:45,274 - 1 - INFO - **********JUDGER**********
玩家1说：它是一种用于投掷和接住的圆形物体，材质通常是橡胶或合成材料，直径约为24英寸。在体育用品中，它以在特定运动中使用而闻名，尤其在某个球类运动中最为关键。玩家2说：它是一种球类，通常由橡胶或合成材料制成，表面有纹理以提高抓握力。在体育用品中，它以在特定运动中使用而闻名，尤其在某种运动中，它的形状和大小对于比赛规则至关重要，但它的重量和弹性与其他类似的球类有所不同。玩家3说：这是一个圆形的体育用品，通常用于特定的球类运动。它的材质通常是橡胶或合成材料，表面有特殊设计以提高摩擦力。相较于同类球类，它在大小和重量上有所不同。玩家4说：它是一种圆形的体育用品，主要用于特定的球类运动。它的基本特征是直径约为28英寸，表面有明显的接缝，通常由橡胶或合成材料制成。在同类球类中，它最突出的不同特征是它的重量和弹性，这些特性对于特定运动中的球飞行轨迹和比赛规则有重要影响。你是第1号玩家，你的关键词是<篮球>。你的回答中绝对不能包含你的关键词<篮球>。这是第二轮描述，你之前的描述是它是一种圆形的球体，主要用于各种体育比赛。在体育用品中，它通常由橡胶或合成材料制成，具有弹性。与其他体育用品相比，它在体育活动中起着关键作用，特别是在篮球运动中。，注意，这局游戏的词语分类为<体育用品>，卧底词和平民词都属于该类，请你补充关于关键词的描述，注意，你的描述应该比起之前的描述更加贴近关键词，作为之前的补充
2024-12-12 22:05:48,050 - 1 - INFO - **********PLAYER1**********
它是一种标准的圆形球体，设计用于特定的运动，通常由高品质的橡胶或合成材料制成，确保良好的弹性和耐用性。这个球体在同类体育用品中以其精确的尺寸和独特的表面纹理而著称，这些纹理有助于提高抓握力和控制球的方向。在体育活动中，它扮演着核心角色，尤其在某些比赛中，它的性能对比赛结果至关重要。
2024-12-12 22:05:56,616 - 1 - INFO - **********JUDGER**********
玩家1说：它是一种用于投掷和接住的圆形物体，材质通常是橡胶或合成材料，直径约为24英寸。在体育用品中，它以在特定运动中使用而闻名，尤其在某个球类运动中最为关键。它是一种标准的圆形球体，设计用于特定的运动，通常由高品质的橡胶或合成材料制成，确保良好的弹性和耐用性。这个球体在同类体育用品中以其精确的尺寸和独特的表面纹理而著称，这些纹理有助于提高抓握力和控制球的方向。在体育活动中，它扮演着核心角色，尤其在某些比赛中，它的性能对比赛结果至关重要。玩家2说：它是一种球类，通常由橡胶或合成材料制成，表面有纹理以提高抓握力。在体育用品中，它以在特定运动中使用而闻名，尤其在某种运动中，它的形状和大小对于比赛规则至关重要，但它的重量和弹性与其他类似的球类有所不同。它是一种球类，主要用于在特定运动中投掷和接住，其材质通常是橡胶或合成材料，直径约为28英寸。这个球体在同类体育用品中以其重量和弹性而著称，这些特性对于特定运动中的球飞行轨迹和比赛规则有重要影响。在体育活动中，它扮演着核心角色，尤其在某些比赛中，它的性能对比赛结果至关重要。玩家3说：这是一个圆形的体育用品，通常用于特定的球类运动。它的材质通常是橡胶或合成材料，表面有特殊设计以提高摩擦力。相较于同类球类，它在大小和重量上有所不同。这个球体在同类体育用品中以其精确的尺寸和独特的表面纹理而著称，这些纹理有助于提高抓握力和控制球的方向。它是一种球类，主要用于在特定运动中投掷和接住，其材质通常是橡胶或合成材料，直径约为28英寸。这个球体在同类体育用品中以其重量和弹性而著称，这些特性对于特定运动中的球飞行轨迹和比赛规则有重要影响。在体育活动中，它扮演着核心角色，尤其在某些比赛中，它的性能对比赛结果至关重要。玩家4说：它是一种圆形的体育用品，主要用于特定的球类运动。它的基本特征是直径约为28英寸，表面有明显的接缝，通常由橡胶或合成材料制成。在同类球类中，它最突出的不同特征是它的重量和弹性，这些特性对于特定运动中的球飞行轨迹和比赛规则有重要影响。||在这个游戏中，我们需要通过分析每位玩家的描述来找出卧底。通常，平民的描述会围绕相同的词语展开，而卧底的描述可能会因为词语的不同而显得不太一致。我们需要仔细比较每个描述之间的相似性和差异性，以找出可能的卧底，注意，卧底并不会隐藏自己，他会直接描述他的词语，现在，逐一分析每个玩家的描述，注意，这局游戏的词语分类为<体育用品>，卧底词和平民词都属于该类。||之前是第2轮描述和之前轮数描述的合集。你之前认为的卧底是玩家3。
2024-12-12 22:05:57,243 - 1 - INFO - **********PLAYER1**********
4
2024-12-12 22:05:57,243 - 1 - INFO - **********JUDGER**********
你刚刚的分析是4|| `请根据上述分析，比较描述以找出不一致之处，注意，这局游戏的词语分类为<体育用品>，卧底词和平民词都属于该类。
2024-12-12 22:06:05,098 - 1 - INFO - **********PLAYER1**********
在比较四位玩家的描述后，以下是不一致之处：

1. 玩家1的描述提到了球体的直径约为24英寸，而玩家2、玩家3和玩家4的描述都提到了球体的直径约为28英寸。
2. 玩家1和玩家2的描述都提到了球体的材质通常是橡胶或合成材料，表面有纹理以提高抓握力。玩家3和玩家4的描述也提到了材质和纹理，但玩家3没有提及具体的直径尺寸，而玩家4特别提到了球体表面有明显的接缝。
3. 玩家2和玩家3的描述都提到了球体的重量和弹性，但玩家1和玩家4没有提及这一点。
4. 玩家3的描述中提到了球体在大小和重量上有所不同，这与玩家1和玩家2的描述不符，他们没有特别强调这些特征。

这些不一致之处表明玩家3的描述与其他玩家的描述存在显著差异，这可能是由于玩家3的词语与篮球不同。因此，玩家3的描述可能更接近于卧底。
2024-12-12 22:06:05,099 - 1 - INFO - **********JUDGER**********
你刚刚的分析是在比较四位玩家的描述后，以下是不一致之处：

1. 玩家1的描述提到了球体的直径约为24英寸，而玩家2、玩家3和玩家4的描述都提到了球体的直径约为28英寸。
2. 玩家1和玩家2的描述都提到了球体的材质通常是橡胶或合成材料，表面有纹理以提高抓握力。玩家3和玩家4的描述也提到了材质和纹理，但玩家3没有提及具体的直径尺寸，而玩家4特别提到了球体表面有明显的接缝。
3. 玩家2和玩家3的描述都提到了球体的重量和弹性，但玩家1和玩家4没有提及这一点。
4. 玩家3的描述中提到了球体在大小和重量上有所不同，这与玩家1和玩家2的描述不符，他们没有特别强调这些特征。

这些不一致之处表明玩家3的描述与其他玩家的描述存在显著差异，这可能是由于玩家3的词语与篮球不同。因此，玩家3的描述可能更接近于卧底。|| 请通过你分析的不一致之处，推断卧底身份，注意，这局游戏的词语分类为<体育用品>，卧底词和平民词都属于该类。
2024-12-12 22:06:06,074 - 1 - INFO - **********PLAYER1**********
3
2024-12-12 22:06:06,075 - 1 - INFO - **********JUDGER**********
你刚刚的推断是3|| 基于你刚刚的推断得出你的最终结论，请输出你认为的卧底，在这种情况下只需要输出编号，是1-4中的某个数字，不要输出其他信息。在这个过程不要进行任何推理，只对||以前的部分进行信息提取
2024-12-12 22:06:06,947 - 1 - INFO - **********PLAYER1**********
3
2024-12-12 22:07:10,210 - 1 - INFO - **********JUDGER**********
玩家1说：它是一种用于投掷和接住的圆形物体，材质通常是橡胶或合成材料，直径约为24英寸。在体育用品中，它以在特定运动中使用而闻名，尤其在某个球类运动中最为关键。它是一种标准的圆形球体，设计用于特定的运动，通常由高品质的橡胶或合成材料制成，确保良好的弹性和耐用性。这个球体在同类体育用品中以其精确的尺寸和独特的表面纹理而著称，这些纹理有助于提高抓握力和控制球的方向。在体育活动中，它扮演着核心角色，尤其在某些比赛中，它的性能对比赛结果至关重要。玩家2说：它是一种球类，通常由橡胶或合成材料制成，表面有纹理以提高抓握力。在体育用品中，它以在特定运动中使用而闻名，尤其在某种运动中，它的形状和大小对于比赛规则至关重要，但它的重量和弹性与其他类似的球类有所不同。它是一种球类，主要用于在特定运动中投掷和接住，其材质通常是橡胶或合成材料，直径约为28英寸。这个球体在同类体育用品中以其重量和弹性而著称，这些特性对于特定运动中的球飞行轨迹和比赛规则有重要影响。在体育活动中，它扮演着核心角色，尤其在某些比赛中，它的性能对比赛结果至关重要。玩家3说：这是一个圆形的体育用品，通常用于特定的球类运动。它的材质通常是橡胶或合成材料，表面有特殊设计以提高摩擦力。相较于同类球类，它在大小和重量上有所不同。这个球体在同类体育用品中以其精确的尺寸和独特的表面纹理而著称，这些纹理有助于提高抓握力和控制球的方向。它是一种球类，主要用于在特定运动中投掷和接住，其材质通常是橡胶或合成材料，直径约为28英寸。这个球体在同类体育用品中以其重量和弹性而著称，这些特性对于特定运动中的球飞行轨迹和比赛规则有重要影响。在体育活动中，它扮演着核心角色，尤其在某些比赛中，它的性能对比赛结果至关重要。玩家4说：它是一种圆形的体育用品，主要用于特定的球类运动。它的基本特征是直径约为28英寸，表面有明显的接缝，通常由橡胶或合成材料制成。在同类球类中，它最突出的不同特征是它的重量和弹性，这些特性对于特定运动中的球飞行轨迹和比赛规则有重要影响。这个球体在同类体育用品中以其精确的尺寸和独特的表面纹理而著称，这些纹理有助于提高抓握力和控制球的方向。它的设计确保了球在投掷和接住时的稳定性和可控性，使其在特定运动中成为核心工具。这个球体的重量和弹性使得它在飞行中具有稳定的轨迹，对于比赛中的策略和技巧至关重要。你是第1号玩家，你的关键词是<篮球>。你的回答中绝对不能包含你的关键词<篮球>。这是第三轮描述，你之前的描述是它是一种圆形的球体，主要用于各种体育比赛。在体育用品中，它通常由橡胶或合成材料制成，具有弹性。与其他体育用品相比，它在体育活动中起着关键作用，特别是在篮球运动中。和它是一种用于投掷和接住的圆形物体，材质通常是橡胶或合成材料，直径约为24英寸。在体育用品中，它以在特定运动中使用而闻名，尤其在某个球类运动中最为关键。，注意，这局游戏的词语分类为<体育用品>，卧底词和平民词都属于该类，请你补充关于关键词的描述，注意，你的描述应该比起之前的描述更加贴近关键词，作为之前的补充
2024-12-12 22:07:13,044 - 1 - INFO - **********PLAYER1**********
它是一种标准的球体，设计用于在特定运动中投掷和接住，通常由高品质的橡胶或合成材料制成，确保良好的弹性和耐用性。这个球体以其精确的尺寸和独特的表面纹理而著称，这些纹理有助于提高抓握力和控制球的方向。在体育活动中，它扮演着核心角色，尤其在某些比赛中，它的性能对比赛结果至关重要。
2024-12-12 22:07:34,806 - 1 - INFO - **********JUDGER**********
玩家1说：它是一种用于投掷和接住的圆形物体，材质通常是橡胶或合成材料，直径约为24英寸。在体育用品中，它以在特定运动中使用而闻名，尤其在某个球类运动中最为关键。它是一种标准的圆形球体，设计用于特定的运动，通常由高品质的橡胶或合成材料制成，确保良好的弹性和耐用性。这个球体在同类体育用品中以其精确的尺寸和独特的表面纹理而著称，这些纹理有助于提高抓握力和控制球的方向。在体育活动中，它扮演着核心角色，尤其在某些比赛中，它的性能对比赛结果至关重要。它是一种标准的球体，设计用于在特定运动中投掷和接住，通常由高品质的橡胶或合成材料制成，确保良好的弹性和耐用性。这个球体以其精确的尺寸和独特的表面纹理而著称，这些纹理有助于提高抓握力和控制球的方向。在体育活动中，它扮演着核心角色，尤其在某些比赛中，它的性能对比赛结果至关重要。玩家2说：它是一种球类，通常由橡胶或合成材料制成，表面有纹理以提高抓握力。在体育用品中，它以在特定运动中使用而闻名，尤其在某种运动中，它的形状和大小对于比赛规则至关重要，但它的重量和弹性与其他类似的球类有所不同。它是一种球类，主要用于在特定运动中投掷和接住，其材质通常是橡胶或合成材料，直径约为28英寸。这个球体在同类体育用品中以其重量和弹性而著称，这些特性对于特定运动中的球飞行轨迹和比赛规则有重要影响。在体育活动中，它扮演着核心角色，尤其在某些比赛中，它的性能对比赛结果至关重要。玩家2的描述中提到了球类、橡胶或合成材料、表面纹理以提高抓握力，以及形状和大小对比赛规则的重要性。这些描述与玩家1和玩家3的描述相似，但没有提到重量和弹性，这可能与玩家1和玩家3的描述存在细微差别。

根据这些描述，玩家2可能是一个平民，因为他的描述与玩家1和玩家3的描述较为一致，都在强调球类的特征和它在特定运动中的作用。然而，由于缺乏关于重量和弹性的信息，我们不能完全排除玩家2是卧底的可能性。

在分析玩家的描述时，我们还需要考虑以下几点：
- 玩家4的描述更像是在解释游戏规则和提供分析建议，这表明他可能是平民，也可能是卧底，目的是为了混淆视听。
- 玩家1、玩家2和玩家3的描述在体育用品类别中较为一致，这可能意味着他们之间有某种联系，而玩家4的描述则显得有些不同。

综上所述，玩家2的描述与玩家1和玩家3的描述较为相似，但没有提供关于重量和弹性的信息，这可能是一个关键线索。在接下来的游戏中，我们需要进一步观察玩家的描述和行为，以确定玩家的真实身份。玩家3说：这是一个圆形的体育用品，通常用于特定的球类运动。它的材质通常是橡胶或合成材料，表面有特殊设计以提高摩擦力。相较于同类球类，它在大小和重量上有所不同。这个球体在同类体育用品中以其精确的尺寸和独特的表面纹理而著称，这些纹理有助于提高抓握力和控制球的方向。它是一种球类，主要用于在特定运动中投掷和接住，其材质通常是橡胶或合成材料，直径约为28英寸。这个球体在同类体育用品中以其重量和弹性而著称，这些特性对于特定运动中的球飞行轨迹和比赛规则有重要影响。在体育活动中，它扮演着核心角色，尤其在某些比赛中，它的性能对比赛结果至关重要。这个球体在同类体育用品中以其精确的尺寸和独特的表面纹理而著称，这些纹理有助于提高抓握力和控制球的方向。它是一种球类，主要用于在特定运动中投掷和接住，其材质通常是橡胶或合成材料，直径约为28英寸。这个球体在同类体育用品中以其重量和弹性而著称，这些特性对于特定运动中的球飞行轨迹和比赛规则有重要影响。在体育活动中，它扮演着核心角色，尤其在某些比赛中，它的性能对比赛结果至关重要。此外，这个球体在设计和制造上注重平衡和耐用性，以确保在高速运动中的稳定性和耐久性。玩家4说：它是一种圆形的体育用品，主要用于特定的球类运动。它的基本特征是直径约为28英寸，表面有明显的接缝，通常由橡胶或合成材料制成。在同类球类中，它最突出的不同特征是它的重量和弹性，这些特性对于特定运动中的球飞行轨迹和比赛规则有重要影响。这个球体在同类体育用品中以其精确的尺寸和独特的表面纹理而著称，这些纹理有助于提高抓握力和控制球的方向。它的设计确保了球在投掷和接住时的稳定性和可控性，使其在特定运动中成为核心工具。这个球体的重量和弹性使得它在飞行中具有稳定的轨迹，对于比赛中的策略和技巧至关重要。这个球体在同类体育用品中以其精确的尺寸和独特的表面纹理而著称，这些纹理有助于提高抓握力和控制球的方向。它的设计特别注重在投掷和接住时的稳定性和可控性，这是它在特定运动中成为核心工具的关键。此外，这个球体的重量和弹性经过精心调整，以确保在高速运动中的稳定性和耐久性，这对于比赛中的策略和技巧至关重要。在同类球类中，它的重量和弹性是其最显著的特征之一，这些特性对于特定运动中的球飞行轨迹和比赛规则有着重要影响。||在这个游戏中，我们需要通过分析每位玩家的描述来找出卧底。通常，平民的描述会围绕相同的词语展开，而卧底的描述可能会因为词语的不同而显得不太一致。我们需要仔细比较每个描述之间的相似性和差异性，以找出可能的卧底，注意，卧底并不会隐藏自己，他会直接描述他的词语，现在，逐一分析每个玩家的描述，注意，这局游戏的词语分类为<体育用品>，卧底词和平民词都属于该类。||之前是第3轮描述和之前轮数描述的合集。你之前认为的卧底是玩家3。
2024-12-12 22:07:35,786 - 1 - INFO - **********PLAYER1**********
3
2024-12-12 22:07:35,786 - 1 - INFO - **********JUDGER**********
你刚刚的分析是3|| `请根据上述分析，比较描述以找出不一致之处，注意，这局游戏的词语分类为<体育用品>，卧底词和平民词都属于该类。
2024-12-12 22:07:44,466 - 1 - INFO - **********PLAYER1**********
在比较四位玩家的描述后，以下是不一致之处：

1. 玩家1的描述中提到了球体的直径约为24英寸，而玩家2、玩家3和玩家4的描述中都提到了球体的直径约为28英寸。
2. 玩家2的描述中提到了球体的重量和弹性，而玩家1和玩家3的描述中没有提到这些特征。
3. 玩家3的描述中重复提到了球体的重量和弹性，而玩家4的描述中也提到了这些特征，但没有重复，并且强调了球体在设计和制造上注重平衡和耐用性。
4. 玩家4的描述中特别提到了球体在设计和制造上注重平衡和耐用性，这是玩家1、玩家2和玩家3的描述中没有提到的。

这些不一致之处表明玩家3和玩家4的描述可能与其他玩家有所不同，特别是在提及球体的重量、弹性和设计特点上。这可能是由于他们抽取的词语与篮球不同。
2024-12-12 22:07:44,467 - 1 - INFO - **********JUDGER**********
你刚刚的分析是在比较四位玩家的描述后，以下是不一致之处：

1. 玩家1的描述中提到了球体的直径约为24英寸，而玩家2、玩家3和玩家4的描述中都提到了球体的直径约为28英寸。
2. 玩家2的描述中提到了球体的重量和弹性，而玩家1和玩家3的描述中没有提到这些特征。
3. 玩家3的描述中重复提到了球体的重量和弹性，而玩家4的描述中也提到了这些特征，但没有重复，并且强调了球体在设计和制造上注重平衡和耐用性。
4. 玩家4的描述中特别提到了球体在设计和制造上注重平衡和耐用性，这是玩家1、玩家2和玩家3的描述中没有提到的。

这些不一致之处表明玩家3和玩家4的描述可能与其他玩家有所不同，特别是在提及球体的重量、弹性和设计特点上。这可能是由于他们抽取的词语与篮球不同。|| 请通过你分析的不一致之处，推断卧底身份，注意，这局游戏的词语分类为<体育用品>，卧底词和平民词都属于该类。
2024-12-12 22:07:46,067 - 1 - INFO - **********PLAYER1**********
3
2024-12-12 22:07:46,067 - 1 - INFO - **********JUDGER**********
你刚刚的推断是3|| 基于你刚刚的推断得出你的最终结论，请输出你认为的卧底，在这种情况下只需要输出编号，是1-4中的某个数字，不要输出其他信息。在这个过程不要进行任何推理，只对||以前的部分进行信息提取
2024-12-12 22:07:47,087 - 1 - INFO - **********PLAYER1**********
3
