2024-12-12 22:04:05,740 - 2 - INFO - **********JUDGER**********
让我们来玩一个叫做<谁是卧底>的推理游戏。基本规则：<人数>：4人。<角色分配>：每位玩家随机抽取一个词语，3名玩家拿到的词语是相同的（平民词），1名玩家拿到与之相近但不同的词语（卧底词）。<游戏流程>：1、玩家轮流描述自己的词语，但<不能>直接说出词语本身。2、描述完毕后，投票选出最像卧底的玩家。3、每轮结束后，被投票选出的玩家出局，不能再进行描述或投票。4、每轮投票结束后，如果卧底被成功找出，平民方获胜；如果卧底未被找出且卧底人数等于或超过平民人数，则卧底方获胜。你将扮演一个<玩家>，请等待你被分配到的关键词。如果你听懂了，只回答，"好的，我准备好参加游戏了"，不要输出别的信息
2024-12-12 22:04:06,327 - 2 - INFO - **********PLAYER2**********
好的，我准备好参加游戏了
2024-12-12 22:04:11,781 - 2 - INFO - **********JUDGER**********
玩家1说：它是一种用于投掷和接住的圆形物体，材质通常是橡胶或合成材料，直径约为24英寸。在体育用品中，它以在特定运动中使用而闻名，尤其在某个球类运动中最为关键。玩家2说：玩家3说：玩家4说：|| 你是第2号玩家，你的关键词是<篮球>。你的回答中绝对不能包含你的关键词<篮球>。这是第一轮描述，不需要分析||之前别的玩家的描述，请你描述关键词基本特征，注意，这局游戏的词语分类为<体育用品>，卧底词和平民词都属于该类，描述包括以下两点，1.他的基本特征是什么2.他在该类（体育用品）中最突出不同的特征是什么，尽量简短
2024-12-12 22:04:13,031 - 2 - INFO - **********PLAYER2**********
它是一种球类，通常由橡胶或合成材料制成，表面有纹理以提高抓握力。在体育用品中，它以在特定运动中使用而闻名，尤其在某种运动中，它的形状和大小对于比赛规则至关重要，但它的重量和弹性与其他类似的球类有所不同。
2024-12-12 22:04:37,195 - 2 - INFO - **********JUDGER**********
玩家1说：它是一种用于投掷和接住的圆形物体，材质通常是橡胶或合成材料，直径约为24英寸。在体育用品中，它以在特定运动中使用而闻名，尤其在某个球类运动中最为关键。玩家2说：它是一种球类，通常由橡胶或合成材料制成，表面有纹理以提高抓握力。在体育用品中，它以在特定运动中使用而闻名，尤其在某种运动中，它的形状和大小对于比赛规则至关重要，但它的重量和弹性与其他类似的球类有所不同。玩家3说：这是一个圆形的体育用品，通常用于特定的球类运动。它的材质通常是橡胶或合成材料，表面有特殊设计以提高摩擦力。相较于同类球类，它在大小和重量上有所不同。玩家4说：||在这个游戏中，我们需要通过分析每位玩家的描述来找出卧底。通常，平民的描述会围绕相同的词语展开，而卧底的描述可能会因为词语的不同而显得不太一致。我们需要仔细比较每个描述之间的相似性和差异性，以找出可能的卧底，注意，卧底并不会隐藏自己，他会直接描述他的词语，现在，逐一分析每个玩家的描述，注意，这局游戏的词语分类为<体育用品>，卧底词和平民词都属于该类。这是第一轮描述。
2024-12-12 22:04:47,305 - 2 - INFO - **********PLAYER2**********
好的，根据四位玩家的描述，我们可以进行以下分析：

玩家1和玩家2的描述非常相似，都提到了圆形物体、橡胶或合成材料、特定运动以及形状和大小对比赛规则的重要性。这表明他们可能是平民。

玩家3的描述与玩家1和玩家2的描述也较为接近，提到了圆形、特定运动、橡胶或合成材料以及表面设计以提高摩擦力，但没有明确提到重量和弹性，这可能与玩家1和玩家2的描述存在细微差别。

玩家4的描述则更像是在解释游戏规则和提供分析建议，而不是描述一个具体的体育用品。这表明玩家4可能是平民，但也可能是卧底，因为卧底有时会试图混淆视听。

综上所述，玩家1、玩家2和玩家3的描述在体育用品类别中较为一致，而玩家4的描述则显得有些不同。因此，玩家4可能是卧底，或者是故意提供分析指导的平民。需要进一步观察后续轮次的描述来确定卧底身份。
2024-12-12 22:04:47,306 - 2 - INFO - **********JUDGER**********
你刚刚的分析是好的，根据四位玩家的描述，我们可以进行以下分析：

玩家1和玩家2的描述非常相似，都提到了圆形物体、橡胶或合成材料、特定运动以及形状和大小对比赛规则的重要性。这表明他们可能是平民。

玩家3的描述与玩家1和玩家2的描述也较为接近，提到了圆形、特定运动、橡胶或合成材料以及表面设计以提高摩擦力，但没有明确提到重量和弹性，这可能与玩家1和玩家2的描述存在细微差别。

玩家4的描述则更像是在解释游戏规则和提供分析建议，而不是描述一个具体的体育用品。这表明玩家4可能是平民，但也可能是卧底，因为卧底有时会试图混淆视听。

综上所述，玩家1、玩家2和玩家3的描述在体育用品类别中较为一致，而玩家4的描述则显得有些不同。因此，玩家4可能是卧底，或者是故意提供分析指导的平民。需要进一步观察后续轮次的描述来确定卧底身份。|| `请根据上述分析，比较描述以找出不一致之处，注意，这局游戏的词语分类为<体育用品>，卧底词和平民词都属于该类。
2024-12-12 22:04:52,970 - 2 - INFO - **********PLAYER2**********
根据上述分析，我们可以比较四位玩家的描述，寻找不一致之处：

1. 玩家1和玩家2的描述：
   - 都提到了圆形物体。
   - 都提到了材质是橡胶或合成材料。
   - 都提到了特定运动中使用，形状和大小对比赛规则重要。

2. 玩家3的描述：
   - 提到了圆形物体。
   - 提到了材质是橡胶或合成材料。
   - 提到了特定运动中使用。
   - 提到了表面设计以提高摩擦力。
   - 没有明确提到重量和弹性，但这一点并不与玩家1和玩家2的描述直接冲突。

3. 玩家4的描述：
   - 没有提供关于具体体育用品的描述。
   - 而是提供了游戏规则和分析建议。

不一致之处在于玩家4的描述与玩家1、玩家2和玩家3的描述内容不同，玩家4没有描述任何具体的体育用品特征，而是给出了关于游戏的分析和规则解释。这与其他三位玩家描述体育用品的特征形成了对比。因此，玩家4的描述与游戏中的体育用品类别不一致，这可能是玩家4作为卧底的一个线索。玩家1、玩家2和玩家3的描述在体育用品的特征上保持一致，这增加了他们作为平民的可能性。
2024-12-12 22:04:52,971 - 2 - INFO - **********JUDGER**********
你刚刚的分析是根据上述分析，我们可以比较四位玩家的描述，寻找不一致之处：

1. 玩家1和玩家2的描述：
   - 都提到了圆形物体。
   - 都提到了材质是橡胶或合成材料。
   - 都提到了特定运动中使用，形状和大小对比赛规则重要。

2. 玩家3的描述：
   - 提到了圆形物体。
   - 提到了材质是橡胶或合成材料。
   - 提到了特定运动中使用。
   - 提到了表面设计以提高摩擦力。
   - 没有明确提到重量和弹性，但这一点并不与玩家1和玩家2的描述直接冲突。

3. 玩家4的描述：
   - 没有提供关于具体体育用品的描述。
   - 而是提供了游戏规则和分析建议。

不一致之处在于玩家4的描述与玩家1、玩家2和玩家3的描述内容不同，玩家4没有描述任何具体的体育用品特征，而是给出了关于游戏的分析和规则解释。这与其他三位玩家描述体育用品的特征形成了对比。因此，玩家4的描述与游戏中的体育用品类别不一致，这可能是玩家4作为卧底的一个线索。玩家1、玩家2和玩家3的描述在体育用品的特征上保持一致，这增加了他们作为平民的可能性。|| 请通过你分析的不一致之处，推断卧底身份，注意，这局游戏的词语分类为<体育用品>，卧底词和平民词都属于该类。
2024-12-12 22:04:56,592 - 2 - INFO - **********PLAYER2**********
根据上述分析的不一致之处，我们可以推断卧底身份如下：

玩家4的描述没有涉及任何关于体育用品的具体特征，而是转而讨论游戏规则和分析方法。这与其他三位玩家描述的体育用品特征形成了鲜明对比。在《谁是卧底》游戏中，卧底通常会试图隐藏自己的真实身份，而玩家4的行为似乎是在引导讨论，而不是直接描述一个体育用品。

由于所有其他玩家的描述都集中在体育用品的特征上，而玩家4没有这样做，这表明玩家4的描述与游戏中的体育用品类别不一致。因此，结合游戏规则和词语分类为<体育用品>的条件，我们可以推断玩家4很可能是卧底。
2024-12-12 22:04:56,593 - 2 - INFO - **********JUDGER**********
你刚刚的推断是根据上述分析的不一致之处，我们可以推断卧底身份如下：

玩家4的描述没有涉及任何关于体育用品的具体特征，而是转而讨论游戏规则和分析方法。这与其他三位玩家描述的体育用品特征形成了鲜明对比。在《谁是卧底》游戏中，卧底通常会试图隐藏自己的真实身份，而玩家4的行为似乎是在引导讨论，而不是直接描述一个体育用品。

由于所有其他玩家的描述都集中在体育用品的特征上，而玩家4没有这样做，这表明玩家4的描述与游戏中的体育用品类别不一致。因此，结合游戏规则和词语分类为<体育用品>的条件，我们可以推断玩家4很可能是卧底。|| 基于你刚刚的推断得出你的最终结论，请输出你认为的卧底，在这种情况下只需要输出编号，是1-4中的某个数字，不要输出其他信息。在这个过程不要进行任何推理，只对||以前的部分进行信息提取
2024-12-12 22:04:57,063 - 2 - INFO - **********PLAYER2**********
4
2024-12-12 22:05:48,050 - 2 - INFO - **********JUDGER**********
玩家1说：它是一种用于投掷和接住的圆形物体，材质通常是橡胶或合成材料，直径约为24英寸。在体育用品中，它以在特定运动中使用而闻名，尤其在某个球类运动中最为关键。它是一种标准的圆形球体，设计用于特定的运动，通常由高品质的橡胶或合成材料制成，确保良好的弹性和耐用性。这个球体在同类体育用品中以其精确的尺寸和独特的表面纹理而著称，这些纹理有助于提高抓握力和控制球的方向。在体育活动中，它扮演着核心角色，尤其在某些比赛中，它的性能对比赛结果至关重要。玩家2说：它是一种球类，通常由橡胶或合成材料制成，表面有纹理以提高抓握力。在体育用品中，它以在特定运动中使用而闻名，尤其在某种运动中，它的形状和大小对于比赛规则至关重要，但它的重量和弹性与其他类似的球类有所不同。玩家3说：这是一个圆形的体育用品，通常用于特定的球类运动。它的材质通常是橡胶或合成材料，表面有特殊设计以提高摩擦力。相较于同类球类，它在大小和重量上有所不同。玩家4说：它是一种圆形的体育用品，主要用于特定的球类运动。它的基本特征是直径约为28英寸，表面有明显的接缝，通常由橡胶或合成材料制成。在同类球类中，它最突出的不同特征是它的重量和弹性，这些特性对于特定运动中的球飞行轨迹和比赛规则有重要影响。你是第2号玩家，你的关键词是<篮球>。你的回答中绝对不能包含你的关键词<篮球>。这是第二轮描述，你之前的描述是它是一种球类，通常由橡胶或合成材料制成，表面有纹理以提高抓握力。在体育用品中，它以在特定运动中使用而闻名，尤其在某种运动中，它的形状和大小对于比赛规则至关重要，但它的重量和弹性与其他类似的球类有所不同。，注意，这局游戏的词语分类为<体育用品>，卧底词和平民词都属于该类，请你补充关于关键词的描述，注意，你的描述应该比起之前的描述更加贴近关键词，作为之前的补充
2024-12-12 22:05:50,629 - 2 - INFO - **********PLAYER2**********
它是一种球类，主要用于在特定运动中投掷和接住，其材质通常是橡胶或合成材料，直径约为28英寸。这个球体在同类体育用品中以其重量和弹性而著称，这些特性对于特定运动中的球飞行轨迹和比赛规则有重要影响。在体育活动中，它扮演着核心角色，尤其在某些比赛中，它的性能对比赛结果至关重要。
2024-12-12 22:06:06,948 - 2 - INFO - **********JUDGER**********
玩家1说：它是一种用于投掷和接住的圆形物体，材质通常是橡胶或合成材料，直径约为24英寸。在体育用品中，它以在特定运动中使用而闻名，尤其在某个球类运动中最为关键。它是一种标准的圆形球体，设计用于特定的运动，通常由高品质的橡胶或合成材料制成，确保良好的弹性和耐用性。这个球体在同类体育用品中以其精确的尺寸和独特的表面纹理而著称，这些纹理有助于提高抓握力和控制球的方向。在体育活动中，它扮演着核心角色，尤其在某些比赛中，它的性能对比赛结果至关重要。玩家2说：它是一种球类，通常由橡胶或合成材料制成，表面有纹理以提高抓握力。在体育用品中，它以在特定运动中使用而闻名，尤其在某种运动中，它的形状和大小对于比赛规则至关重要，但它的重量和弹性与其他类似的球类有所不同。它是一种球类，主要用于在特定运动中投掷和接住，其材质通常是橡胶或合成材料，直径约为28英寸。这个球体在同类体育用品中以其重量和弹性而著称，这些特性对于特定运动中的球飞行轨迹和比赛规则有重要影响。在体育活动中，它扮演着核心角色，尤其在某些比赛中，它的性能对比赛结果至关重要。玩家3说：这是一个圆形的体育用品，通常用于特定的球类运动。它的材质通常是橡胶或合成材料，表面有特殊设计以提高摩擦力。相较于同类球类，它在大小和重量上有所不同。这个球体在同类体育用品中以其精确的尺寸和独特的表面纹理而著称，这些纹理有助于提高抓握力和控制球的方向。它是一种球类，主要用于在特定运动中投掷和接住，其材质通常是橡胶或合成材料，直径约为28英寸。这个球体在同类体育用品中以其重量和弹性而著称，这些特性对于特定运动中的球飞行轨迹和比赛规则有重要影响。在体育活动中，它扮演着核心角色，尤其在某些比赛中，它的性能对比赛结果至关重要。玩家4说：它是一种圆形的体育用品，主要用于特定的球类运动。它的基本特征是直径约为28英寸，表面有明显的接缝，通常由橡胶或合成材料制成。在同类球类中，它最突出的不同特征是它的重量和弹性，这些特性对于特定运动中的球飞行轨迹和比赛规则有重要影响。||在这个游戏中，我们需要通过分析每位玩家的描述来找出卧底。通常，平民的描述会围绕相同的词语展开，而卧底的描述可能会因为词语的不同而显得不太一致。我们需要仔细比较每个描述之间的相似性和差异性，以找出可能的卧底，注意，卧底并不会隐藏自己，他会直接描述他的词语，现在，逐一分析每个玩家的描述，注意，这局游戏的词语分类为<体育用品>，卧底词和平民词都属于该类。||之前是第2轮描述和之前轮数描述的合集。你之前认为的卧底是玩家4。
2024-12-12 22:06:15,159 - 2 - INFO - **********PLAYER2**********
根据玩家1、玩家2、玩家3和玩家4的描述，我们可以进行以下分析：

玩家1的描述提到了直径约为24英寸的球体，强调了它的标准圆形和表面纹理，以及它在特定球类运动中的关键作用。

玩家2的描述提到了直径约为28英寸的球体，强调了它的重量和弹性，以及它在特定运动中的关键作用。

玩家3的描述同样提到了直径约为28英寸的球体，强调了它的精确尺寸、表面纹理和重量弹性。

玩家4的描述也提到了直径约为28英寸的球体，强调了它的重量和弹性，以及它在特定运动中的关键作用。

从描述的内容来看，玩家2、玩家3和玩家4的描述非常相似，都提到了球体的直径、重量和弹性，以及它在特定运动中的重要性。而玩家1的描述则提到了直径约为24英寸，与另外三位玩家的描述存在差异。

由于卧底通常会直接描述自己的词语，且在游戏中卧底词和平民词都属于同一类别，玩家4的描述与其他玩家的描述在球体直径上存在不一致，这可能表明玩家4的描述与关键词有所不同，因此玩家4仍然是卧底的可能性较大。

综上所述，根据描述的一致性和差异性，我仍然认为玩家4是卧底。
2024-12-12 22:06:15,160 - 2 - INFO - **********JUDGER**********
你刚刚的分析是根据玩家1、玩家2、玩家3和玩家4的描述，我们可以进行以下分析：

玩家1的描述提到了直径约为24英寸的球体，强调了它的标准圆形和表面纹理，以及它在特定球类运动中的关键作用。

玩家2的描述提到了直径约为28英寸的球体，强调了它的重量和弹性，以及它在特定运动中的关键作用。

玩家3的描述同样提到了直径约为28英寸的球体，强调了它的精确尺寸、表面纹理和重量弹性。

玩家4的描述也提到了直径约为28英寸的球体，强调了它的重量和弹性，以及它在特定运动中的关键作用。

从描述的内容来看，玩家2、玩家3和玩家4的描述非常相似，都提到了球体的直径、重量和弹性，以及它在特定运动中的重要性。而玩家1的描述则提到了直径约为24英寸，与另外三位玩家的描述存在差异。

由于卧底通常会直接描述自己的词语，且在游戏中卧底词和平民词都属于同一类别，玩家4的描述与其他玩家的描述在球体直径上存在不一致，这可能表明玩家4的描述与关键词有所不同，因此玩家4仍然是卧底的可能性较大。

综上所述，根据描述的一致性和差异性，我仍然认为玩家4是卧底。|| `请根据上述分析，比较描述以找出不一致之处，注意，这局游戏的词语分类为<体育用品>，卧底词和平民词都属于该类。
2024-12-12 22:06:18,025 - 2 - INFO - **********PLAYER2**********
根据上述分析，不一致之处如下：

- 玩家1的描述中提到的球体直径是24英寸。
- 玩家2、玩家3和玩家4的描述中提到的球体直径都是28英寸。

这个直径的差异是描述中唯一明显的不一致之处，其他玩家的描述在材质、表面纹理、重量弹性以及球体在特定运动中的重要性等方面都非常相似。由于游戏规则指出卧底词和平民词都属于同一类别，这个直径上的差异可能是玩家4作为卧底的一个线索，因为她的描述与其他玩家在这一点上不一致。
2024-12-12 22:06:18,026 - 2 - INFO - **********JUDGER**********
你刚刚的分析是根据上述分析，不一致之处如下：

- 玩家1的描述中提到的球体直径是24英寸。
- 玩家2、玩家3和玩家4的描述中提到的球体直径都是28英寸。

这个直径的差异是描述中唯一明显的不一致之处，其他玩家的描述在材质、表面纹理、重量弹性以及球体在特定运动中的重要性等方面都非常相似。由于游戏规则指出卧底词和平民词都属于同一类别，这个直径上的差异可能是玩家4作为卧底的一个线索，因为她的描述与其他玩家在这一点上不一致。|| 请通过你分析的不一致之处，推断卧底身份，注意，这局游戏的词语分类为<体育用品>，卧底词和平民词都属于该类。
2024-12-12 22:06:24,274 - 2 - INFO - **********PLAYER2**********
根据分析的不一致之处，即球体直径的差异，可以推断卧底身份如下：

由于玩家1、玩家2和玩家3的描述中提到的球体直径都是28英寸，而玩家4的描述中提到的球体直径是24英寸，这个直径上的差异可能是玩家4作为卧底的一个显著线索。在《谁是卧底》游戏中，卧底通常会直接描述自己的词语，而在这个案例中，玩家4的描述与其他玩家在球体直径这一关键特征上不一致，这增加了她作为卧底的可能性。

因此，基于球体直径这一不一致之处，可以推断玩家4是卧底。
2024-12-12 22:06:24,275 - 2 - INFO - **********JUDGER**********
你刚刚的推断是根据分析的不一致之处，即球体直径的差异，可以推断卧底身份如下：

由于玩家1、玩家2和玩家3的描述中提到的球体直径都是28英寸，而玩家4的描述中提到的球体直径是24英寸，这个直径上的差异可能是玩家4作为卧底的一个显著线索。在《谁是卧底》游戏中，卧底通常会直接描述自己的词语，而在这个案例中，玩家4的描述与其他玩家在球体直径这一关键特征上不一致，这增加了她作为卧底的可能性。

因此，基于球体直径这一不一致之处，可以推断玩家4是卧底。|| 基于你刚刚的推断得出你的最终结论，请输出你认为的卧底，在这种情况下只需要输出编号，是1-4中的某个数字，不要输出其他信息。在这个过程不要进行任何推理，只对||以前的部分进行信息提取
2024-12-12 22:06:25,616 - 2 - INFO - **********PLAYER2**********
4
2024-12-12 22:07:13,045 - 2 - INFO - **********JUDGER**********
玩家1说：它是一种用于投掷和接住的圆形物体，材质通常是橡胶或合成材料，直径约为24英寸。在体育用品中，它以在特定运动中使用而闻名，尤其在某个球类运动中最为关键。它是一种标准的圆形球体，设计用于特定的运动，通常由高品质的橡胶或合成材料制成，确保良好的弹性和耐用性。这个球体在同类体育用品中以其精确的尺寸和独特的表面纹理而著称，这些纹理有助于提高抓握力和控制球的方向。在体育活动中，它扮演着核心角色，尤其在某些比赛中，它的性能对比赛结果至关重要。它是一种标准的球体，设计用于在特定运动中投掷和接住，通常由高品质的橡胶或合成材料制成，确保良好的弹性和耐用性。这个球体以其精确的尺寸和独特的表面纹理而著称，这些纹理有助于提高抓握力和控制球的方向。在体育活动中，它扮演着核心角色，尤其在某些比赛中，它的性能对比赛结果至关重要。玩家2说：它是一种球类，通常由橡胶或合成材料制成，表面有纹理以提高抓握力。在体育用品中，它以在特定运动中使用而闻名，尤其在某种运动中，它的形状和大小对于比赛规则至关重要，但它的重量和弹性与其他类似的球类有所不同。它是一种球类，主要用于在特定运动中投掷和接住，其材质通常是橡胶或合成材料，直径约为28英寸。这个球体在同类体育用品中以其重量和弹性而著称，这些特性对于特定运动中的球飞行轨迹和比赛规则有重要影响。在体育活动中，它扮演着核心角色，尤其在某些比赛中，它的性能对比赛结果至关重要。玩家3说：这是一个圆形的体育用品，通常用于特定的球类运动。它的材质通常是橡胶或合成材料，表面有特殊设计以提高摩擦力。相较于同类球类，它在大小和重量上有所不同。这个球体在同类体育用品中以其精确的尺寸和独特的表面纹理而著称，这些纹理有助于提高抓握力和控制球的方向。它是一种球类，主要用于在特定运动中投掷和接住，其材质通常是橡胶或合成材料，直径约为28英寸。这个球体在同类体育用品中以其重量和弹性而著称，这些特性对于特定运动中的球飞行轨迹和比赛规则有重要影响。在体育活动中，它扮演着核心角色，尤其在某些比赛中，它的性能对比赛结果至关重要。玩家4说：它是一种圆形的体育用品，主要用于特定的球类运动。它的基本特征是直径约为28英寸，表面有明显的接缝，通常由橡胶或合成材料制成。在同类球类中，它最突出的不同特征是它的重量和弹性，这些特性对于特定运动中的球飞行轨迹和比赛规则有重要影响。这个球体在同类体育用品中以其精确的尺寸和独特的表面纹理而著称，这些纹理有助于提高抓握力和控制球的方向。它的设计确保了球在投掷和接住时的稳定性和可控性，使其在特定运动中成为核心工具。这个球体的重量和弹性使得它在飞行中具有稳定的轨迹，对于比赛中的策略和技巧至关重要。你是第2号玩家，你的关键词是<篮球>。你的回答中绝对不能包含你的关键词<篮球>。这是第三轮描述，你之前的描述是它是一种球类，通常由橡胶或合成材料制成，表面有纹理以提高抓握力。在体育用品中，它以在特定运动中使用而闻名，尤其在某种运动中，它的形状和大小对于比赛规则至关重要，但它的重量和弹性与其他类似的球类有所不同。和它是一种球类，主要用于在特定运动中投掷和接住，其材质通常是橡胶或合成材料，直径约为28英寸。这个球体在同类体育用品中以其重量和弹性而著称，这些特性对于特定运动中的球飞行轨迹和比赛规则有重要影响。在体育活动中，它扮演着核心角色，尤其在某些比赛中，它的性能对比赛结果至关重要。，注意，这局游戏的词语分类为<体育用品>，卧底词和平民词都属于该类，请你补充关于关键词的描述，注意，你的描述应该比起之前的描述更加贴近关键词，作为之前的补充
2024-12-12 22:07:22,577 - 2 - INFO - **********PLAYER2**********
玩家2的描述中提到了球类、橡胶或合成材料、表面纹理以提高抓握力，以及形状和大小对比赛规则的重要性。这些描述与玩家1和玩家3的描述相似，但没有提到重量和弹性，这可能与玩家1和玩家3的描述存在细微差别。

根据这些描述，玩家2可能是一个平民，因为他的描述与玩家1和玩家3的描述较为一致，都在强调球类的特征和它在特定运动中的作用。然而，由于缺乏关于重量和弹性的信息，我们不能完全排除玩家2是卧底的可能性。

在分析玩家的描述时，我们还需要考虑以下几点：
- 玩家4的描述更像是在解释游戏规则和提供分析建议，这表明他可能是平民，也可能是卧底，目的是为了混淆视听。
- 玩家1、玩家2和玩家3的描述在体育用品类别中较为一致，这可能意味着他们之间有某种联系，而玩家4的描述则显得有些不同。

综上所述，玩家2的描述与玩家1和玩家3的描述较为相似，但没有提供关于重量和弹性的信息，这可能是一个关键线索。在接下来的游戏中，我们需要进一步观察玩家的描述和行为，以确定玩家的真实身份。
2024-12-12 22:07:47,087 - 2 - INFO - **********JUDGER**********
玩家1说：它是一种用于投掷和接住的圆形物体，材质通常是橡胶或合成材料，直径约为24英寸。在体育用品中，它以在特定运动中使用而闻名，尤其在某个球类运动中最为关键。它是一种标准的圆形球体，设计用于特定的运动，通常由高品质的橡胶或合成材料制成，确保良好的弹性和耐用性。这个球体在同类体育用品中以其精确的尺寸和独特的表面纹理而著称，这些纹理有助于提高抓握力和控制球的方向。在体育活动中，它扮演着核心角色，尤其在某些比赛中，它的性能对比赛结果至关重要。它是一种标准的球体，设计用于在特定运动中投掷和接住，通常由高品质的橡胶或合成材料制成，确保良好的弹性和耐用性。这个球体以其精确的尺寸和独特的表面纹理而著称，这些纹理有助于提高抓握力和控制球的方向。在体育活动中，它扮演着核心角色，尤其在某些比赛中，它的性能对比赛结果至关重要。玩家2说：它是一种球类，通常由橡胶或合成材料制成，表面有纹理以提高抓握力。在体育用品中，它以在特定运动中使用而闻名，尤其在某种运动中，它的形状和大小对于比赛规则至关重要，但它的重量和弹性与其他类似的球类有所不同。它是一种球类，主要用于在特定运动中投掷和接住，其材质通常是橡胶或合成材料，直径约为28英寸。这个球体在同类体育用品中以其重量和弹性而著称，这些特性对于特定运动中的球飞行轨迹和比赛规则有重要影响。在体育活动中，它扮演着核心角色，尤其在某些比赛中，它的性能对比赛结果至关重要。玩家2的描述中提到了球类、橡胶或合成材料、表面纹理以提高抓握力，以及形状和大小对比赛规则的重要性。这些描述与玩家1和玩家3的描述相似，但没有提到重量和弹性，这可能与玩家1和玩家3的描述存在细微差别。

根据这些描述，玩家2可能是一个平民，因为他的描述与玩家1和玩家3的描述较为一致，都在强调球类的特征和它在特定运动中的作用。然而，由于缺乏关于重量和弹性的信息，我们不能完全排除玩家2是卧底的可能性。

在分析玩家的描述时，我们还需要考虑以下几点：
- 玩家4的描述更像是在解释游戏规则和提供分析建议，这表明他可能是平民，也可能是卧底，目的是为了混淆视听。
- 玩家1、玩家2和玩家3的描述在体育用品类别中较为一致，这可能意味着他们之间有某种联系，而玩家4的描述则显得有些不同。

综上所述，玩家2的描述与玩家1和玩家3的描述较为相似，但没有提供关于重量和弹性的信息，这可能是一个关键线索。在接下来的游戏中，我们需要进一步观察玩家的描述和行为，以确定玩家的真实身份。玩家3说：这是一个圆形的体育用品，通常用于特定的球类运动。它的材质通常是橡胶或合成材料，表面有特殊设计以提高摩擦力。相较于同类球类，它在大小和重量上有所不同。这个球体在同类体育用品中以其精确的尺寸和独特的表面纹理而著称，这些纹理有助于提高抓握力和控制球的方向。它是一种球类，主要用于在特定运动中投掷和接住，其材质通常是橡胶或合成材料，直径约为28英寸。这个球体在同类体育用品中以其重量和弹性而著称，这些特性对于特定运动中的球飞行轨迹和比赛规则有重要影响。在体育活动中，它扮演着核心角色，尤其在某些比赛中，它的性能对比赛结果至关重要。这个球体在同类体育用品中以其精确的尺寸和独特的表面纹理而著称，这些纹理有助于提高抓握力和控制球的方向。它是一种球类，主要用于在特定运动中投掷和接住，其材质通常是橡胶或合成材料，直径约为28英寸。这个球体在同类体育用品中以其重量和弹性而著称，这些特性对于特定运动中的球飞行轨迹和比赛规则有重要影响。在体育活动中，它扮演着核心角色，尤其在某些比赛中，它的性能对比赛结果至关重要。此外，这个球体在设计和制造上注重平衡和耐用性，以确保在高速运动中的稳定性和耐久性。玩家4说：它是一种圆形的体育用品，主要用于特定的球类运动。它的基本特征是直径约为28英寸，表面有明显的接缝，通常由橡胶或合成材料制成。在同类球类中，它最突出的不同特征是它的重量和弹性，这些特性对于特定运动中的球飞行轨迹和比赛规则有重要影响。这个球体在同类体育用品中以其精确的尺寸和独特的表面纹理而著称，这些纹理有助于提高抓握力和控制球的方向。它的设计确保了球在投掷和接住时的稳定性和可控性，使其在特定运动中成为核心工具。这个球体的重量和弹性使得它在飞行中具有稳定的轨迹，对于比赛中的策略和技巧至关重要。这个球体在同类体育用品中以其精确的尺寸和独特的表面纹理而著称，这些纹理有助于提高抓握力和控制球的方向。它的设计特别注重在投掷和接住时的稳定性和可控性，这是它在特定运动中成为核心工具的关键。此外，这个球体的重量和弹性经过精心调整，以确保在高速运动中的稳定性和耐久性，这对于比赛中的策略和技巧至关重要。在同类球类中，它的重量和弹性是其最显著的特征之一，这些特性对于特定运动中的球飞行轨迹和比赛规则有着重要影响。||在这个游戏中，我们需要通过分析每位玩家的描述来找出卧底。通常，平民的描述会围绕相同的词语展开，而卧底的描述可能会因为词语的不同而显得不太一致。我们需要仔细比较每个描述之间的相似性和差异性，以找出可能的卧底，注意，卧底并不会隐藏自己，他会直接描述他的词语，现在，逐一分析每个玩家的描述，注意，这局游戏的词语分类为<体育用品>，卧底词和平民词都属于该类。||之前是第3轮描述和之前轮数描述的合集。你之前认为的卧底是玩家4。
2024-12-12 22:07:54,956 - 2 - INFO - **********PLAYER2**********
基于第3轮描述和之前的描述，我们可以进行以下分析：

玩家1的描述中提到的球体直径是24英寸，而其他玩家提到的直径是28英寸。这是描述中的一个关键不一致之处。

玩家2的描述与玩家1和玩家3的描述相似，都提到了球体由橡胶或合成材料制成，表面有纹理，以及它在特定运动中的重要性。但玩家2没有提到重量和弹性，这与玩家1和玩家3的描述存在细微差别。

玩家3的描述与玩家2的描述非常相似，也提到了球体的材质、表面纹理和其在特定运动中的重要性，并且同样没有提到重量和弹性。

玩家4的描述与玩家2和玩家3的描述相似，都提到了球体的材质、表面纹理、直径和其在特定运动中的重要性。玩家4的描述强调了球体的重量和弹性，这与玩家1和玩家2的描述形成了对比。

根据上述分析，玩家4的描述中提到了重量和弹性，这是与其他玩家描述的一个不一致之处。同时，玩家4的描述在多个方面与其他玩家的描述相似，这表明他可能在试图模仿平民的描述。因此，玩家4的描述中可能包含了更多的误导信息，这使得他成为卧底的可能性增加。

综上所述，基于描述中的不一致之处和可能的误导信息，我仍然认为玩家4是卧底。
2024-12-12 22:07:54,958 - 2 - INFO - **********JUDGER**********
你刚刚的分析是基于第3轮描述和之前的描述，我们可以进行以下分析：

玩家1的描述中提到的球体直径是24英寸，而其他玩家提到的直径是28英寸。这是描述中的一个关键不一致之处。

玩家2的描述与玩家1和玩家3的描述相似，都提到了球体由橡胶或合成材料制成，表面有纹理，以及它在特定运动中的重要性。但玩家2没有提到重量和弹性，这与玩家1和玩家3的描述存在细微差别。

玩家3的描述与玩家2的描述非常相似，也提到了球体的材质、表面纹理和其在特定运动中的重要性，并且同样没有提到重量和弹性。

玩家4的描述与玩家2和玩家3的描述相似，都提到了球体的材质、表面纹理、直径和其在特定运动中的重要性。玩家4的描述强调了球体的重量和弹性，这与玩家1和玩家2的描述形成了对比。

根据上述分析，玩家4的描述中提到了重量和弹性，这是与其他玩家描述的一个不一致之处。同时，玩家4的描述在多个方面与其他玩家的描述相似，这表明他可能在试图模仿平民的描述。因此，玩家4的描述中可能包含了更多的误导信息，这使得他成为卧底的可能性增加。

综上所述，基于描述中的不一致之处和可能的误导信息，我仍然认为玩家4是卧底。|| `请根据上述分析，比较描述以找出不一致之处，注意，这局游戏的词语分类为<体育用品>，卧底词和平民词都属于该类。
2024-12-12 22:08:02,748 - 2 - INFO - **********PLAYER2**********
根据上述分析，不一致之处如下：

1. 球体直径：玩家1提到球体直径约为24英寸，而玩家2、玩家3和玩家4都提到球体直径约为28英寸。

2. 重量和弹性：玩家1和玩家2没有提到球体的重量和弹性，而玩家3和玩家4在描述中提到了球体的重量和弹性，这与其他两位玩家的描述存在差异。

3. 描述的相似性：玩家2、玩家3和玩家4的描述在材质、表面纹理、直径和特定运动中的重要性方面非常相似，而玩家1的描述在这些方面与他们的描述略有不同。

这些不一致之处表明玩家1、玩家2和玩家3的描述在关键特征上更为一致，而玩家4的描述在球体直径和重量弹性方面与其他玩家有所不同，这可能是玩家4作为卧底的一个线索。在《谁是卧底》游戏中，卧底通常会直接描述自己的词语，而玩家4的描述在这一点上与其他玩家存在差异。
2024-12-12 22:08:02,749 - 2 - INFO - **********JUDGER**********
你刚刚的分析是根据上述分析，不一致之处如下：

1. 球体直径：玩家1提到球体直径约为24英寸，而玩家2、玩家3和玩家4都提到球体直径约为28英寸。

2. 重量和弹性：玩家1和玩家2没有提到球体的重量和弹性，而玩家3和玩家4在描述中提到了球体的重量和弹性，这与其他两位玩家的描述存在差异。

3. 描述的相似性：玩家2、玩家3和玩家4的描述在材质、表面纹理、直径和特定运动中的重要性方面非常相似，而玩家1的描述在这些方面与他们的描述略有不同。

这些不一致之处表明玩家1、玩家2和玩家3的描述在关键特征上更为一致，而玩家4的描述在球体直径和重量弹性方面与其他玩家有所不同，这可能是玩家4作为卧底的一个线索。在《谁是卧底》游戏中，卧底通常会直接描述自己的词语，而玩家4的描述在这一点上与其他玩家存在差异。|| 请通过你分析的不一致之处，推断卧底身份，注意，这局游戏的词语分类为<体育用品>，卧底词和平民词都属于该类。
2024-12-12 22:08:11,110 - 2 - INFO - **********PLAYER2**********
基于分析的不一致之处，可以推断卧底身份如下：

1. 球体直径的差异：玩家1提到的球体直径是24英寸，而玩家2、玩家3和玩家4都提到的是28英寸。这一差异是明显的，因为通常卧底会直接描述自己的词语，而这里玩家4的描述在球体直径上与其他玩家不一致。

2. 重量和弹性的提及：玩家1和玩家2没有提到球体的重量和弹性，而玩家3和玩家4在描述中提到了这一点。尽管这一点并不是非常关键，但结合球体直径的差异，玩家4的描述在这一点上与其他玩家存在差异。

综合以上两点，玩家4的描述在球体直径这一关键特征上与其他玩家不一致，且在重量和弹性的提及上也有差异，这增加了她作为卧底的可能性。因此，根据这些不一致之处，可以推断玩家4是卧底。
2024-12-12 22:08:11,111 - 2 - INFO - **********JUDGER**********
你刚刚的推断是基于分析的不一致之处，可以推断卧底身份如下：

1. 球体直径的差异：玩家1提到的球体直径是24英寸，而玩家2、玩家3和玩家4都提到的是28英寸。这一差异是明显的，因为通常卧底会直接描述自己的词语，而这里玩家4的描述在球体直径上与其他玩家不一致。

2. 重量和弹性的提及：玩家1和玩家2没有提到球体的重量和弹性，而玩家3和玩家4在描述中提到了这一点。尽管这一点并不是非常关键，但结合球体直径的差异，玩家4的描述在这一点上与其他玩家存在差异。

综合以上两点，玩家4的描述在球体直径这一关键特征上与其他玩家不一致，且在重量和弹性的提及上也有差异，这增加了她作为卧底的可能性。因此，根据这些不一致之处，可以推断玩家4是卧底。|| 基于你刚刚的推断得出你的最终结论，请输出你认为的卧底，在这种情况下只需要输出编号，是1-4中的某个数字，不要输出其他信息。在这个过程不要进行任何推理，只对||以前的部分进行信息提取
2024-12-12 22:08:12,393 - 2 - INFO - **********PLAYER2**********
4
