2024-12-12 22:04:06,896 - 3 - INFO - **********JUDGER**********
让我们来玩一个叫做<谁是卧底>的推理游戏。基本规则：<人数>：4人。<角色分配>：每位玩家随机抽取一个词语，3名玩家拿到的词语是相同的（平民词），1名玩家拿到与之相近但不同的词语（卧底词）。<游戏流程>：1、玩家轮流描述自己的词语，但<不能>直接说出词语本身。2、描述完毕后，投票选出最像卧底的玩家。3、每轮结束后，被投票选出的玩家出局，不能再进行描述或投票。4、每轮投票结束后，如果卧底被成功找出，平民方获胜；如果卧底未被找出且卧底人数等于或超过平民人数，则卧底方获胜。你将扮演一个<玩家>，请等待你被分配到的关键词。如果你听懂了，只回答，"好的，我准备好参加游戏了"，不要输出别的信息
2024-12-12 22:04:07,394 - 3 - INFO - **********PLAYER3**********
好的，我准备好参加游戏了
2024-12-12 22:04:13,031 - 3 - INFO - **********JUDGER**********
玩家1说：它是一种用于投掷和接住的圆形物体，材质通常是橡胶或合成材料，直径约为24英寸。在体育用品中，它以在特定运动中使用而闻名，尤其在某个球类运动中最为关键。玩家2说：它是一种球类，通常由橡胶或合成材料制成，表面有纹理以提高抓握力。在体育用品中，它以在特定运动中使用而闻名，尤其在某种运动中，它的形状和大小对于比赛规则至关重要，但它的重量和弹性与其他类似的球类有所不同。玩家3说：玩家4说：|| 你是第3号玩家，你的关键词是<网球>。你的回答中绝对不能包含你的关键词<网球>。这是第一轮描述，不需要分析||之前别的玩家的描述，请你描述关键词基本特征，注意，这局游戏的词语分类为<体育用品>，卧底词和平民词都属于该类，描述包括以下两点，1.他的基本特征是什么2.他在该类（体育用品）中最突出不同的特征是什么，尽量简短
2024-12-12 22:04:14,448 - 3 - INFO - **********PLAYER3**********
这是一个圆形的体育用品，通常用于特定的球类运动。它的材质通常是橡胶或合成材料，表面有特殊设计以提高摩擦力。相较于同类球类，它在大小和重量上有所不同。
2024-12-12 22:04:57,063 - 3 - INFO - **********JUDGER**********
玩家1说：它是一种用于投掷和接住的圆形物体，材质通常是橡胶或合成材料，直径约为24英寸。在体育用品中，它以在特定运动中使用而闻名，尤其在某个球类运动中最为关键。玩家2说：它是一种球类，通常由橡胶或合成材料制成，表面有纹理以提高抓握力。在体育用品中，它以在特定运动中使用而闻名，尤其在某种运动中，它的形状和大小对于比赛规则至关重要，但它的重量和弹性与其他类似的球类有所不同。玩家3说：这是一个圆形的体育用品，通常用于特定的球类运动。它的材质通常是橡胶或合成材料，表面有特殊设计以提高摩擦力。相较于同类球类，它在大小和重量上有所不同。玩家4说：||在这个游戏中，我们需要通过分析每位玩家的描述来找出卧底。通常，平民的描述会围绕相同的词语展开，而卧底的描述可能会因为词语的不同而显得不太一致。我们需要仔细比较每个描述之间的相似性和差异性，以找出可能的卧底，注意，卧底并不会隐藏自己，他会直接描述他的词语，现在，逐一分析每个玩家的描述，注意，这局游戏的词语分类为<体育用品>，卧底词和平民词都属于该类。这是第一轮描述。
2024-12-12 22:05:05,076 - 3 - INFO - **********PLAYER3**********
好的，根据玩家的描述，我们可以进行以下分析：

玩家1描述了一个直径约为24英寸的圆形物体，用于特定运动，尤其是某个球类运动中最为关键。

玩家2描述了一个球类，材质为橡胶或合成材料，表面有纹理，用于特定运动，形状和大小对比赛规则至关重要，重量和弹性与其他球类不同。

玩家3的描述与玩家1和玩家2相似，强调了圆形、特定运动、橡胶或合成材料以及表面设计。

玩家4的描述则是对游戏规则和描述分析的一般性说明，并未提供具体的词语描述。

从描述的相似性来看，玩家1、2和3的描述都指向了同一个词语，而玩家4的描述与游戏分析相关，没有具体描述词语。因此，玩家4可能是卧底，因为他的描述没有直接指向某个具体的体育用品。不过，为了确认这一点，我们需要继续进行游戏，通过后续的描述和投票来最终确定卧底的身份。
2024-12-12 22:05:05,077 - 3 - INFO - **********JUDGER**********
你刚刚的分析是好的，根据玩家的描述，我们可以进行以下分析：

玩家1描述了一个直径约为24英寸的圆形物体，用于特定运动，尤其是某个球类运动中最为关键。

玩家2描述了一个球类，材质为橡胶或合成材料，表面有纹理，用于特定运动，形状和大小对比赛规则至关重要，重量和弹性与其他球类不同。

玩家3的描述与玩家1和玩家2相似，强调了圆形、特定运动、橡胶或合成材料以及表面设计。

玩家4的描述则是对游戏规则和描述分析的一般性说明，并未提供具体的词语描述。

从描述的相似性来看，玩家1、2和3的描述都指向了同一个词语，而玩家4的描述与游戏分析相关，没有具体描述词语。因此，玩家4可能是卧底，因为他的描述没有直接指向某个具体的体育用品。不过，为了确认这一点，我们需要继续进行游戏，通过后续的描述和投票来最终确定卧底的身份。|| `请根据上述分析，比较描述以找出不一致之处，注意，这局游戏的词语分类为<体育用品>，卧底词和平民词都属于该类。
2024-12-12 22:05:11,462 - 3 - INFO - **********PLAYER3**********
根据上述分析，我们可以比较描述以找出不一致之处：

1. 玩家1、2和3的描述都强调了以下特征：
   - 圆形物体
   - 材质通常是橡胶或合成材料
   - 用于特定运动
   - 在该运动中非常关键
   - 表面有特殊设计（如纹理）

2. 玩家4的描述则是对游戏规则和描述分析的一般性说明，没有提供具体的词语描述。

不一致之处在于：
- 玩家1、2和3的描述都是关于一个具体的体育用品，而玩家4的描述没有提供任何具体的体育用品信息。
- 玩家1、2和3的描述都含有关于球的具体特征，如直径、材质、表面设计等，而玩家4没有提及任何具体特征。

因此，从描述的不一致性和描述的具体性来看，玩家4的描述与玩家1、2和3的描述相比，缺乏具体性和指向性，这可能是玩家4作为卧底的一个线索。卧底可能试图通过提供不具体的描述来隐藏自己的真实身份。然而，为了最终确定卧底的身份，还需要进一步的描述和投票。
2024-12-12 22:05:11,463 - 3 - INFO - **********JUDGER**********
你刚刚的分析是根据上述分析，我们可以比较描述以找出不一致之处：

1. 玩家1、2和3的描述都强调了以下特征：
   - 圆形物体
   - 材质通常是橡胶或合成材料
   - 用于特定运动
   - 在该运动中非常关键
   - 表面有特殊设计（如纹理）

2. 玩家4的描述则是对游戏规则和描述分析的一般性说明，没有提供具体的词语描述。

不一致之处在于：
- 玩家1、2和3的描述都是关于一个具体的体育用品，而玩家4的描述没有提供任何具体的体育用品信息。
- 玩家1、2和3的描述都含有关于球的具体特征，如直径、材质、表面设计等，而玩家4没有提及任何具体特征。

因此，从描述的不一致性和描述的具体性来看，玩家4的描述与玩家1、2和3的描述相比，缺乏具体性和指向性，这可能是玩家4作为卧底的一个线索。卧底可能试图通过提供不具体的描述来隐藏自己的真实身份。然而，为了最终确定卧底的身份，还需要进一步的描述和投票。|| 请通过你分析的不一致之处，推断卧底身份，注意，这局游戏的词语分类为<体育用品>，卧底词和平民词都属于该类。
2024-12-12 22:05:17,745 - 3 - INFO - **********PLAYER3**********
根据上述分析，我们可以推断以下信息：

- 玩家1、2和3的描述都指向了一个具有以下特征的体育用品：圆形、由橡胶或合成材料制成、用于特定运动、在该运动中非常关键、表面有特殊设计（如纹理）。
- 玩家4的描述则是对游戏规则和描述分析的一般性说明，没有提供任何具体的体育用品特征。

由于这局游戏的词语分类为<体育用品>，且卧底词和平民词都属于该类，我们可以推断玩家4的卧底身份可能是基于以下原因：

1. 玩家4的描述缺乏具体性，没有提及任何与特定体育用品相关的特征，这与玩家1、2和3的具体描述形成对比。
2. 玩家4的描述更像是对游戏过程的评论，而不是对某个体育用品的描述，这可能是为了混淆视听，让人误以为他是平民。
3. 卧底通常会试图通过不提供具体信息来隐藏自己的身份，而玩家4的描述正好符合这一策略。

因此，基于这些不一致之处，玩家4可能是卧底。然而，最终确定卧底身份还需要后续的描述和投票来确定。如果玩家4在接下来的描述中继续提供不具体的信息，或者与其他玩家的描述存在明显差异，那么他作为卧底的可能性将更大。
2024-12-12 22:05:17,746 - 3 - INFO - **********JUDGER**********
你刚刚的推断是根据上述分析，我们可以推断以下信息：

- 玩家1、2和3的描述都指向了一个具有以下特征的体育用品：圆形、由橡胶或合成材料制成、用于特定运动、在该运动中非常关键、表面有特殊设计（如纹理）。
- 玩家4的描述则是对游戏规则和描述分析的一般性说明，没有提供任何具体的体育用品特征。

由于这局游戏的词语分类为<体育用品>，且卧底词和平民词都属于该类，我们可以推断玩家4的卧底身份可能是基于以下原因：

1. 玩家4的描述缺乏具体性，没有提及任何与特定体育用品相关的特征，这与玩家1、2和3的具体描述形成对比。
2. 玩家4的描述更像是对游戏过程的评论，而不是对某个体育用品的描述，这可能是为了混淆视听，让人误以为他是平民。
3. 卧底通常会试图通过不提供具体信息来隐藏自己的身份，而玩家4的描述正好符合这一策略。

因此，基于这些不一致之处，玩家4可能是卧底。然而，最终确定卧底身份还需要后续的描述和投票来确定。如果玩家4在接下来的描述中继续提供不具体的信息，或者与其他玩家的描述存在明显差异，那么他作为卧底的可能性将更大。|| 基于你刚刚的推断得出你的最终结论，请输出你认为的卧底，在这种情况下只需要输出编号，是1-4中的某个数字，不要输出其他信息。在这个过程不要进行任何推理，只对||以前的部分进行信息提取
2024-12-12 22:05:18,184 - 3 - INFO - **********PLAYER3**********
4
2024-12-12 22:05:50,630 - 3 - INFO - **********JUDGER**********
玩家1说：它是一种用于投掷和接住的圆形物体，材质通常是橡胶或合成材料，直径约为24英寸。在体育用品中，它以在特定运动中使用而闻名，尤其在某个球类运动中最为关键。它是一种标准的圆形球体，设计用于特定的运动，通常由高品质的橡胶或合成材料制成，确保良好的弹性和耐用性。这个球体在同类体育用品中以其精确的尺寸和独特的表面纹理而著称，这些纹理有助于提高抓握力和控制球的方向。在体育活动中，它扮演着核心角色，尤其在某些比赛中，它的性能对比赛结果至关重要。玩家2说：它是一种球类，通常由橡胶或合成材料制成，表面有纹理以提高抓握力。在体育用品中，它以在特定运动中使用而闻名，尤其在某种运动中，它的形状和大小对于比赛规则至关重要，但它的重量和弹性与其他类似的球类有所不同。它是一种球类，主要用于在特定运动中投掷和接住，其材质通常是橡胶或合成材料，直径约为28英寸。这个球体在同类体育用品中以其重量和弹性而著称，这些特性对于特定运动中的球飞行轨迹和比赛规则有重要影响。在体育活动中，它扮演着核心角色，尤其在某些比赛中，它的性能对比赛结果至关重要。玩家3说：这是一个圆形的体育用品，通常用于特定的球类运动。它的材质通常是橡胶或合成材料，表面有特殊设计以提高摩擦力。相较于同类球类，它在大小和重量上有所不同。玩家4说：它是一种圆形的体育用品，主要用于特定的球类运动。它的基本特征是直径约为28英寸，表面有明显的接缝，通常由橡胶或合成材料制成。在同类球类中，它最突出的不同特征是它的重量和弹性，这些特性对于特定运动中的球飞行轨迹和比赛规则有重要影响。你是第3号玩家，你的关键词是<网球>。你的回答中绝对不能包含你的关键词<网球>。这是第二轮描述，你之前的描述是这是一个圆形的体育用品，通常用于特定的球类运动。它的材质通常是橡胶或合成材料，表面有特殊设计以提高摩擦力。相较于同类球类，它在大小和重量上有所不同。，注意，这局游戏的词语分类为<体育用品>，卧底词和平民词都属于该类，请你补充关于关键词的描述，注意，你的描述应该比起之前的描述更加贴近关键词，作为之前的补充
2024-12-12 22:05:54,007 - 3 - INFO - **********PLAYER3**********
这个球体在同类体育用品中以其精确的尺寸和独特的表面纹理而著称，这些纹理有助于提高抓握力和控制球的方向。它是一种球类，主要用于在特定运动中投掷和接住，其材质通常是橡胶或合成材料，直径约为28英寸。这个球体在同类体育用品中以其重量和弹性而著称，这些特性对于特定运动中的球飞行轨迹和比赛规则有重要影响。在体育活动中，它扮演着核心角色，尤其在某些比赛中，它的性能对比赛结果至关重要。
2024-12-12 22:06:25,617 - 3 - INFO - **********JUDGER**********
玩家1说：它是一种用于投掷和接住的圆形物体，材质通常是橡胶或合成材料，直径约为24英寸。在体育用品中，它以在特定运动中使用而闻名，尤其在某个球类运动中最为关键。它是一种标准的圆形球体，设计用于特定的运动，通常由高品质的橡胶或合成材料制成，确保良好的弹性和耐用性。这个球体在同类体育用品中以其精确的尺寸和独特的表面纹理而著称，这些纹理有助于提高抓握力和控制球的方向。在体育活动中，它扮演着核心角色，尤其在某些比赛中，它的性能对比赛结果至关重要。玩家2说：它是一种球类，通常由橡胶或合成材料制成，表面有纹理以提高抓握力。在体育用品中，它以在特定运动中使用而闻名，尤其在某种运动中，它的形状和大小对于比赛规则至关重要，但它的重量和弹性与其他类似的球类有所不同。它是一种球类，主要用于在特定运动中投掷和接住，其材质通常是橡胶或合成材料，直径约为28英寸。这个球体在同类体育用品中以其重量和弹性而著称，这些特性对于特定运动中的球飞行轨迹和比赛规则有重要影响。在体育活动中，它扮演着核心角色，尤其在某些比赛中，它的性能对比赛结果至关重要。玩家3说：这是一个圆形的体育用品，通常用于特定的球类运动。它的材质通常是橡胶或合成材料，表面有特殊设计以提高摩擦力。相较于同类球类，它在大小和重量上有所不同。这个球体在同类体育用品中以其精确的尺寸和独特的表面纹理而著称，这些纹理有助于提高抓握力和控制球的方向。它是一种球类，主要用于在特定运动中投掷和接住，其材质通常是橡胶或合成材料，直径约为28英寸。这个球体在同类体育用品中以其重量和弹性而著称，这些特性对于特定运动中的球飞行轨迹和比赛规则有重要影响。在体育活动中，它扮演着核心角色，尤其在某些比赛中，它的性能对比赛结果至关重要。玩家4说：它是一种圆形的体育用品，主要用于特定的球类运动。它的基本特征是直径约为28英寸，表面有明显的接缝，通常由橡胶或合成材料制成。在同类球类中，它最突出的不同特征是它的重量和弹性，这些特性对于特定运动中的球飞行轨迹和比赛规则有重要影响。||在这个游戏中，我们需要通过分析每位玩家的描述来找出卧底。通常，平民的描述会围绕相同的词语展开，而卧底的描述可能会因为词语的不同而显得不太一致。我们需要仔细比较每个描述之间的相似性和差异性，以找出可能的卧底，注意，卧底并不会隐藏自己，他会直接描述他的词语，现在，逐一分析每个玩家的描述，注意，这局游戏的词语分类为<体育用品>，卧底词和平民词都属于该类。||之前是第2轮描述和之前轮数描述的合集。你之前认为的卧底是玩家4。
2024-12-12 22:06:37,123 - 3 - INFO - **********PLAYER3**********
根据玩家们的描述，我们可以进行以下分析：

玩家1描述了一个直径约为24英寸的圆形物体，用于特定运动，尤其是在某个球类运动中最为关键，由高品质的橡胶或合成材料制成，具有精确的尺寸和独特的表面纹理。

玩家2描述了一个直径约为28英寸的球类，用于特定运动，其重量和弹性与其他球类不同，形状和大小对比赛规则至关重要。

玩家3的描述与玩家1和玩家2有相似之处，也提到了直径约为28英寸的球类，材质为橡胶或合成材料，具有独特的表面纹理和重量弹性。

玩家4的描述同样提到了直径约为28英寸的球类，材质为橡胶或合成材料，具有明显的接缝，其重量和弹性对特定运动中的球飞行轨迹和比赛规则有重要影响。

从描述的相似性来看，玩家1、2和3的描述都指向了同一个词语，即一个直径约为28英寸的球类，用于特定运动，材质为橡胶或合成材料，具有独特的表面纹理和重量弹性。而玩家4的描述虽然也提到了直径约为28英寸的球类，但特别强调了球体的接缝这一特征。

由于玩家1、2和3的描述在关键特征上高度一致，而玩家4的描述虽然符合大多数特征，但特别提到了接缝这一不太符合其他描述的细节，这可能导致玩家4的描述显得有些不一致。因此，如果之前的推断是基于描述的不一致性，那么玩家4作为卧底的可能性仍然存在。

然而，由于玩家4的描述在重量和弹性上的强调与其他玩家有重叠，而且接缝这一特征并不足以完全排除其他球类，因此玩家4作为卧底的可能性并不是绝对的。需要更多的信息或者后续的描述来进一步确认卧底的身份。
2024-12-12 22:06:37,126 - 3 - INFO - **********JUDGER**********
你刚刚的分析是根据玩家们的描述，我们可以进行以下分析：

玩家1描述了一个直径约为24英寸的圆形物体，用于特定运动，尤其是在某个球类运动中最为关键，由高品质的橡胶或合成材料制成，具有精确的尺寸和独特的表面纹理。

玩家2描述了一个直径约为28英寸的球类，用于特定运动，其重量和弹性与其他球类不同，形状和大小对比赛规则至关重要。

玩家3的描述与玩家1和玩家2有相似之处，也提到了直径约为28英寸的球类，材质为橡胶或合成材料，具有独特的表面纹理和重量弹性。

玩家4的描述同样提到了直径约为28英寸的球类，材质为橡胶或合成材料，具有明显的接缝，其重量和弹性对特定运动中的球飞行轨迹和比赛规则有重要影响。

从描述的相似性来看，玩家1、2和3的描述都指向了同一个词语，即一个直径约为28英寸的球类，用于特定运动，材质为橡胶或合成材料，具有独特的表面纹理和重量弹性。而玩家4的描述虽然也提到了直径约为28英寸的球类，但特别强调了球体的接缝这一特征。

由于玩家1、2和3的描述在关键特征上高度一致，而玩家4的描述虽然符合大多数特征，但特别提到了接缝这一不太符合其他描述的细节，这可能导致玩家4的描述显得有些不一致。因此，如果之前的推断是基于描述的不一致性，那么玩家4作为卧底的可能性仍然存在。

然而，由于玩家4的描述在重量和弹性上的强调与其他玩家有重叠，而且接缝这一特征并不足以完全排除其他球类，因此玩家4作为卧底的可能性并不是绝对的。需要更多的信息或者后续的描述来进一步确认卧底的身份。|| `请根据上述分析，比较描述以找出不一致之处，注意，这局游戏的词语分类为<体育用品>，卧底词和平民词都属于该类。
2024-12-12 22:06:43,268 - 3 - INFO - **********PLAYER3**********
根据上述分析，不一致之处主要体现在以下两点：

1. 直径描述的差异：玩家1提到球体的直径约为24英寸，而玩家2、玩家3和玩家4都提到球体的直径约为28英寸。这是一个明显的尺寸差异，可能表明玩家4的描述与其他玩家不一致。

2. 球体特征的强调：玩家1、玩家2和玩家3都强调了球体的表面纹理和重量弹性，而玩家4在描述中特别提到了球体的接缝。这是对球体特征的不同强调，可能表明玩家4的描述与其他玩家有所不同。

这两点不一致之处可能表明玩家4的描述与其他玩家描述的球类存在显著差异，因此玩家4可能是卧底。
2024-12-12 22:06:43,269 - 3 - INFO - **********JUDGER**********
你刚刚的分析是根据上述分析，不一致之处主要体现在以下两点：

1. 直径描述的差异：玩家1提到球体的直径约为24英寸，而玩家2、玩家3和玩家4都提到球体的直径约为28英寸。这是一个明显的尺寸差异，可能表明玩家4的描述与其他玩家不一致。

2. 球体特征的强调：玩家1、玩家2和玩家3都强调了球体的表面纹理和重量弹性，而玩家4在描述中特别提到了球体的接缝。这是对球体特征的不同强调，可能表明玩家4的描述与其他玩家有所不同。

这两点不一致之处可能表明玩家4的描述与其他玩家描述的球类存在显著差异，因此玩家4可能是卧底。|| 请通过你分析的不一致之处，推断卧底身份，注意，这局游戏的词语分类为<体育用品>，卧底词和平民词都属于该类。
2024-12-12 22:06:44,357 - 3 - INFO - **********PLAYER3**********
4
2024-12-12 22:06:44,358 - 3 - INFO - **********JUDGER**********
你刚刚的推断是4|| 基于你刚刚的推断得出你的最终结论，请输出你认为的卧底，在这种情况下只需要输出编号，是1-4中的某个数字，不要输出其他信息。在这个过程不要进行任何推理，只对||以前的部分进行信息提取
2024-12-12 22:06:45,740 - 3 - INFO - **********PLAYER3**********
4
2024-12-12 22:07:22,578 - 3 - INFO - **********JUDGER**********
玩家1说：它是一种用于投掷和接住的圆形物体，材质通常是橡胶或合成材料，直径约为24英寸。在体育用品中，它以在特定运动中使用而闻名，尤其在某个球类运动中最为关键。它是一种标准的圆形球体，设计用于特定的运动，通常由高品质的橡胶或合成材料制成，确保良好的弹性和耐用性。这个球体在同类体育用品中以其精确的尺寸和独特的表面纹理而著称，这些纹理有助于提高抓握力和控制球的方向。在体育活动中，它扮演着核心角色，尤其在某些比赛中，它的性能对比赛结果至关重要。它是一种标准的球体，设计用于在特定运动中投掷和接住，通常由高品质的橡胶或合成材料制成，确保良好的弹性和耐用性。这个球体以其精确的尺寸和独特的表面纹理而著称，这些纹理有助于提高抓握力和控制球的方向。在体育活动中，它扮演着核心角色，尤其在某些比赛中，它的性能对比赛结果至关重要。玩家2说：它是一种球类，通常由橡胶或合成材料制成，表面有纹理以提高抓握力。在体育用品中，它以在特定运动中使用而闻名，尤其在某种运动中，它的形状和大小对于比赛规则至关重要，但它的重量和弹性与其他类似的球类有所不同。它是一种球类，主要用于在特定运动中投掷和接住，其材质通常是橡胶或合成材料，直径约为28英寸。这个球体在同类体育用品中以其重量和弹性而著称，这些特性对于特定运动中的球飞行轨迹和比赛规则有重要影响。在体育活动中，它扮演着核心角色，尤其在某些比赛中，它的性能对比赛结果至关重要。玩家2的描述中提到了球类、橡胶或合成材料、表面纹理以提高抓握力，以及形状和大小对比赛规则的重要性。这些描述与玩家1和玩家3的描述相似，但没有提到重量和弹性，这可能与玩家1和玩家3的描述存在细微差别。

根据这些描述，玩家2可能是一个平民，因为他的描述与玩家1和玩家3的描述较为一致，都在强调球类的特征和它在特定运动中的作用。然而，由于缺乏关于重量和弹性的信息，我们不能完全排除玩家2是卧底的可能性。

在分析玩家的描述时，我们还需要考虑以下几点：
- 玩家4的描述更像是在解释游戏规则和提供分析建议，这表明他可能是平民，也可能是卧底，目的是为了混淆视听。
- 玩家1、玩家2和玩家3的描述在体育用品类别中较为一致，这可能意味着他们之间有某种联系，而玩家4的描述则显得有些不同。

综上所述，玩家2的描述与玩家1和玩家3的描述较为相似，但没有提供关于重量和弹性的信息，这可能是一个关键线索。在接下来的游戏中，我们需要进一步观察玩家的描述和行为，以确定玩家的真实身份。玩家3说：这是一个圆形的体育用品，通常用于特定的球类运动。它的材质通常是橡胶或合成材料，表面有特殊设计以提高摩擦力。相较于同类球类，它在大小和重量上有所不同。这个球体在同类体育用品中以其精确的尺寸和独特的表面纹理而著称，这些纹理有助于提高抓握力和控制球的方向。它是一种球类，主要用于在特定运动中投掷和接住，其材质通常是橡胶或合成材料，直径约为28英寸。这个球体在同类体育用品中以其重量和弹性而著称，这些特性对于特定运动中的球飞行轨迹和比赛规则有重要影响。在体育活动中，它扮演着核心角色，尤其在某些比赛中，它的性能对比赛结果至关重要。玩家4说：它是一种圆形的体育用品，主要用于特定的球类运动。它的基本特征是直径约为28英寸，表面有明显的接缝，通常由橡胶或合成材料制成。在同类球类中，它最突出的不同特征是它的重量和弹性，这些特性对于特定运动中的球飞行轨迹和比赛规则有重要影响。这个球体在同类体育用品中以其精确的尺寸和独特的表面纹理而著称，这些纹理有助于提高抓握力和控制球的方向。它的设计确保了球在投掷和接住时的稳定性和可控性，使其在特定运动中成为核心工具。这个球体的重量和弹性使得它在飞行中具有稳定的轨迹，对于比赛中的策略和技巧至关重要。你是第3号玩家，你的关键词是<网球>。你的回答中绝对不能包含你的关键词<网球>。这是第三轮描述，你之前的描述是这是一个圆形的体育用品，通常用于特定的球类运动。它的材质通常是橡胶或合成材料，表面有特殊设计以提高摩擦力。相较于同类球类，它在大小和重量上有所不同。和这个球体在同类体育用品中以其精确的尺寸和独特的表面纹理而著称，这些纹理有助于提高抓握力和控制球的方向。它是一种球类，主要用于在特定运动中投掷和接住，其材质通常是橡胶或合成材料，直径约为28英寸。这个球体在同类体育用品中以其重量和弹性而著称，这些特性对于特定运动中的球飞行轨迹和比赛规则有重要影响。在体育活动中，它扮演着核心角色，尤其在某些比赛中，它的性能对比赛结果至关重要。，注意，这局游戏的词语分类为<体育用品>，卧底词和平民词都属于该类，请你补充关于关键词的描述，注意，你的描述应该比起之前的描述更加贴近关键词，作为之前的补充
2024-12-12 22:07:31,299 - 3 - INFO - **********PLAYER3**********
这个球体在同类体育用品中以其精确的尺寸和独特的表面纹理而著称，这些纹理有助于提高抓握力和控制球的方向。它是一种球类，主要用于在特定运动中投掷和接住，其材质通常是橡胶或合成材料，直径约为28英寸。这个球体在同类体育用品中以其重量和弹性而著称，这些特性对于特定运动中的球飞行轨迹和比赛规则有重要影响。在体育活动中，它扮演着核心角色，尤其在某些比赛中，它的性能对比赛结果至关重要。此外，这个球体在设计和制造上注重平衡和耐用性，以确保在高速运动中的稳定性和耐久性。
2024-12-12 22:08:12,394 - 3 - INFO - **********JUDGER**********
玩家1说：它是一种用于投掷和接住的圆形物体，材质通常是橡胶或合成材料，直径约为24英寸。在体育用品中，它以在特定运动中使用而闻名，尤其在某个球类运动中最为关键。它是一种标准的圆形球体，设计用于特定的运动，通常由高品质的橡胶或合成材料制成，确保良好的弹性和耐用性。这个球体在同类体育用品中以其精确的尺寸和独特的表面纹理而著称，这些纹理有助于提高抓握力和控制球的方向。在体育活动中，它扮演着核心角色，尤其在某些比赛中，它的性能对比赛结果至关重要。它是一种标准的球体，设计用于在特定运动中投掷和接住，通常由高品质的橡胶或合成材料制成，确保良好的弹性和耐用性。这个球体以其精确的尺寸和独特的表面纹理而著称，这些纹理有助于提高抓握力和控制球的方向。在体育活动中，它扮演着核心角色，尤其在某些比赛中，它的性能对比赛结果至关重要。玩家2说：它是一种球类，通常由橡胶或合成材料制成，表面有纹理以提高抓握力。在体育用品中，它以在特定运动中使用而闻名，尤其在某种运动中，它的形状和大小对于比赛规则至关重要，但它的重量和弹性与其他类似的球类有所不同。它是一种球类，主要用于在特定运动中投掷和接住，其材质通常是橡胶或合成材料，直径约为28英寸。这个球体在同类体育用品中以其重量和弹性而著称，这些特性对于特定运动中的球飞行轨迹和比赛规则有重要影响。在体育活动中，它扮演着核心角色，尤其在某些比赛中，它的性能对比赛结果至关重要。玩家2的描述中提到了球类、橡胶或合成材料、表面纹理以提高抓握力，以及形状和大小对比赛规则的重要性。这些描述与玩家1和玩家3的描述相似，但没有提到重量和弹性，这可能与玩家1和玩家3的描述存在细微差别。

根据这些描述，玩家2可能是一个平民，因为他的描述与玩家1和玩家3的描述较为一致，都在强调球类的特征和它在特定运动中的作用。然而，由于缺乏关于重量和弹性的信息，我们不能完全排除玩家2是卧底的可能性。

在分析玩家的描述时，我们还需要考虑以下几点：
- 玩家4的描述更像是在解释游戏规则和提供分析建议，这表明他可能是平民，也可能是卧底，目的是为了混淆视听。
- 玩家1、玩家2和玩家3的描述在体育用品类别中较为一致，这可能意味着他们之间有某种联系，而玩家4的描述则显得有些不同。

综上所述，玩家2的描述与玩家1和玩家3的描述较为相似，但没有提供关于重量和弹性的信息，这可能是一个关键线索。在接下来的游戏中，我们需要进一步观察玩家的描述和行为，以确定玩家的真实身份。玩家3说：这是一个圆形的体育用品，通常用于特定的球类运动。它的材质通常是橡胶或合成材料，表面有特殊设计以提高摩擦力。相较于同类球类，它在大小和重量上有所不同。这个球体在同类体育用品中以其精确的尺寸和独特的表面纹理而著称，这些纹理有助于提高抓握力和控制球的方向。它是一种球类，主要用于在特定运动中投掷和接住，其材质通常是橡胶或合成材料，直径约为28英寸。这个球体在同类体育用品中以其重量和弹性而著称，这些特性对于特定运动中的球飞行轨迹和比赛规则有重要影响。在体育活动中，它扮演着核心角色，尤其在某些比赛中，它的性能对比赛结果至关重要。这个球体在同类体育用品中以其精确的尺寸和独特的表面纹理而著称，这些纹理有助于提高抓握力和控制球的方向。它是一种球类，主要用于在特定运动中投掷和接住，其材质通常是橡胶或合成材料，直径约为28英寸。这个球体在同类体育用品中以其重量和弹性而著称，这些特性对于特定运动中的球飞行轨迹和比赛规则有重要影响。在体育活动中，它扮演着核心角色，尤其在某些比赛中，它的性能对比赛结果至关重要。此外，这个球体在设计和制造上注重平衡和耐用性，以确保在高速运动中的稳定性和耐久性。玩家4说：它是一种圆形的体育用品，主要用于特定的球类运动。它的基本特征是直径约为28英寸，表面有明显的接缝，通常由橡胶或合成材料制成。在同类球类中，它最突出的不同特征是它的重量和弹性，这些特性对于特定运动中的球飞行轨迹和比赛规则有重要影响。这个球体在同类体育用品中以其精确的尺寸和独特的表面纹理而著称，这些纹理有助于提高抓握力和控制球的方向。它的设计确保了球在投掷和接住时的稳定性和可控性，使其在特定运动中成为核心工具。这个球体的重量和弹性使得它在飞行中具有稳定的轨迹，对于比赛中的策略和技巧至关重要。这个球体在同类体育用品中以其精确的尺寸和独特的表面纹理而著称，这些纹理有助于提高抓握力和控制球的方向。它的设计特别注重在投掷和接住时的稳定性和可控性，这是它在特定运动中成为核心工具的关键。此外，这个球体的重量和弹性经过精心调整，以确保在高速运动中的稳定性和耐久性，这对于比赛中的策略和技巧至关重要。在同类球类中，它的重量和弹性是其最显著的特征之一，这些特性对于特定运动中的球飞行轨迹和比赛规则有着重要影响。||在这个游戏中，我们需要通过分析每位玩家的描述来找出卧底。通常，平民的描述会围绕相同的词语展开，而卧底的描述可能会因为词语的不同而显得不太一致。我们需要仔细比较每个描述之间的相似性和差异性，以找出可能的卧底，注意，卧底并不会隐藏自己，他会直接描述他的词语，现在，逐一分析每个玩家的描述，注意，这局游戏的词语分类为<体育用品>，卧底词和平民词都属于该类。||之前是第3轮描述和之前轮数描述的合集。你之前认为的卧底是玩家4。
2024-12-12 22:08:13,576 - 3 - INFO - **********PLAYER3**********
4
2024-12-12 22:08:13,577 - 3 - INFO - **********JUDGER**********
你刚刚的分析是4|| `请根据上述分析，比较描述以找出不一致之处，注意，这局游戏的词语分类为<体育用品>，卧底词和平民词都属于该类。
2024-12-12 22:08:23,534 - 3 - INFO - **********PLAYER3**********
不一致之处主要体现在以下几个方面：

1. 球的直径描述：玩家1提到球的直径约为24英寸，而玩家2、玩家3和玩家4都提到球的直径约为28英寸。这是一个明显的尺寸差异。

2. 球的特征描述：玩家1、玩家2和玩家3都提到了球由橡胶或合成材料制成，具有独特的表面纹理，有助于提高抓握力和控制球的方向。然而，玩家4在描述中特别强调了球体的重量和弹性，这是玩家1、2和3描述中未提及的。

3. 球体的接缝：玩家4的描述中特别提到了球体有明显的接缝，而玩家1、2和3的描述中没有提及这一点。

4. 球体的核心特征：玩家4在描述中多次强调了球的重量和弹性，以及它在特定运动中的重要性，而玩家1、2和3的描述中虽然也提到了球的重量和弹性，但没有像玩家4那样突出。

这些不一致之处表明玩家4的描述与其他玩家的描述存在差异，尤其是在球的重量、弹性以及接缝的描述上，这可能表明玩家4的描述与其他玩家描述的球类存在显著差异，因此玩家4可能是卧底。
2024-12-12 22:08:23,535 - 3 - INFO - **********JUDGER**********
你刚刚的分析是不一致之处主要体现在以下几个方面：

1. 球的直径描述：玩家1提到球的直径约为24英寸，而玩家2、玩家3和玩家4都提到球的直径约为28英寸。这是一个明显的尺寸差异。

2. 球的特征描述：玩家1、玩家2和玩家3都提到了球由橡胶或合成材料制成，具有独特的表面纹理，有助于提高抓握力和控制球的方向。然而，玩家4在描述中特别强调了球体的重量和弹性，这是玩家1、2和3描述中未提及的。

3. 球体的接缝：玩家4的描述中特别提到了球体有明显的接缝，而玩家1、2和3的描述中没有提及这一点。

4. 球体的核心特征：玩家4在描述中多次强调了球的重量和弹性，以及它在特定运动中的重要性，而玩家1、2和3的描述中虽然也提到了球的重量和弹性，但没有像玩家4那样突出。

这些不一致之处表明玩家4的描述与其他玩家的描述存在差异，尤其是在球的重量、弹性以及接缝的描述上，这可能表明玩家4的描述与其他玩家描述的球类存在显著差异，因此玩家4可能是卧底。|| 请通过你分析的不一致之处，推断卧底身份，注意，这局游戏的词语分类为<体育用品>，卧底词和平民词都属于该类。
2024-12-12 22:08:24,949 - 3 - INFO - **********PLAYER3**********
4
2024-12-12 22:08:24,950 - 3 - INFO - **********JUDGER**********
你刚刚的推断是4|| 基于你刚刚的推断得出你的最终结论，请输出你认为的卧底，在这种情况下只需要输出编号，是1-4中的某个数字，不要输出其他信息。在这个过程不要进行任何推理，只对||以前的部分进行信息提取
2024-12-12 22:08:26,414 - 3 - INFO - **********PLAYER3**********
4
