2024-12-12 22:04:07,948 - 4 - INFO - **********JUDGER**********
让我们来玩一个叫做<谁是卧底>的推理游戏。基本规则：<人数>：4人。<角色分配>：每位玩家随机抽取一个词语，3名玩家拿到的词语是相同的（平民词），1名玩家拿到与之相近但不同的词语（卧底词）。<游戏流程>：1、玩家轮流描述自己的词语，但<不能>直接说出词语本身。2、描述完毕后，投票选出最像卧底的玩家。3、每轮结束后，被投票选出的玩家出局，不能再进行描述或投票。4、每轮投票结束后，如果卧底被成功找出，平民方获胜；如果卧底未被找出且卧底人数等于或超过平民人数，则卧底方获胜。你将扮演一个<玩家>，请等待你被分配到的关键词。如果你听懂了，只回答，"好的，我准备好参加游戏了"，不要输出别的信息
2024-12-12 22:04:08,424 - 4 - INFO - **********PLAYER4**********
好的，我准备好参加游戏了
2024-12-12 22:04:14,448 - 4 - INFO - **********JUDGER**********
玩家1说：它是一种用于投掷和接住的圆形物体，材质通常是橡胶或合成材料，直径约为24英寸。在体育用品中，它以在特定运动中使用而闻名，尤其在某个球类运动中最为关键。玩家2说：它是一种球类，通常由橡胶或合成材料制成，表面有纹理以提高抓握力。在体育用品中，它以在特定运动中使用而闻名，尤其在某种运动中，它的形状和大小对于比赛规则至关重要，但它的重量和弹性与其他类似的球类有所不同。玩家3说：这是一个圆形的体育用品，通常用于特定的球类运动。它的材质通常是橡胶或合成材料，表面有特殊设计以提高摩擦力。相较于同类球类，它在大小和重量上有所不同。玩家4说：|| 你是第4号玩家，你的关键词是<篮球>。你的回答中绝对不能包含你的关键词<篮球>。这是第一轮描述，不需要分析||之前别的玩家的描述，请你描述关键词基本特征，注意，这局游戏的词语分类为<体育用品>，卧底词和平民词都属于该类，描述包括以下两点，1.他的基本特征是什么2.他在该类（体育用品）中最突出不同的特征是什么，尽量简短
2024-12-12 22:04:16,609 - 4 - INFO - **********PLAYER4**********
它是一种圆形的体育用品，主要用于特定的球类运动。它的基本特征是直径约为28英寸，表面有明显的接缝，通常由橡胶或合成材料制成。在同类球类中，它最突出的不同特征是它的重量和弹性，这些特性对于特定运动中的球飞行轨迹和比赛规则有重要影响。
2024-12-12 22:05:18,184 - 4 - INFO - **********JUDGER**********
玩家1说：它是一种用于投掷和接住的圆形物体，材质通常是橡胶或合成材料，直径约为24英寸。在体育用品中，它以在特定运动中使用而闻名，尤其在某个球类运动中最为关键。玩家2说：它是一种球类，通常由橡胶或合成材料制成，表面有纹理以提高抓握力。在体育用品中，它以在特定运动中使用而闻名，尤其在某种运动中，它的形状和大小对于比赛规则至关重要，但它的重量和弹性与其他类似的球类有所不同。玩家3说：这是一个圆形的体育用品，通常用于特定的球类运动。它的材质通常是橡胶或合成材料，表面有特殊设计以提高摩擦力。相较于同类球类，它在大小和重量上有所不同。玩家4说：||在这个游戏中，我们需要通过分析每位玩家的描述来找出卧底。通常，平民的描述会围绕相同的词语展开，而卧底的描述可能会因为词语的不同而显得不太一致。我们需要仔细比较每个描述之间的相似性和差异性，以找出可能的卧底，注意，卧底并不会隐藏自己，他会直接描述他的词语，现在，逐一分析每个玩家的描述，注意，这局游戏的词语分类为<体育用品>，卧底词和平民词都属于该类。这是第一轮描述。
2024-12-12 22:05:26,156 - 4 - INFO - **********PLAYER4**********
好的，我们来分析一下每个玩家的描述：

玩家1的描述提到了直径约为24英寸的圆形物体，用于投掷和接住，材质通常是橡胶或合成材料，并且强调在特定球类运动中最为关键。

玩家2的描述中提到的球类也是由橡胶或合成材料制成，表面有纹理以提高抓握力，形状和大小对比赛规则至关重要，但重量和弹性与其他类似球类不同。

玩家3的描述也是一个圆形体育用品，用于特定球类运动，材质也是橡胶或合成材料，表面有特殊设计以提高摩擦力，并且大小和重量与同类球类不同。

玩家4的描述是引导性的，提醒我们通过分析描述来找出卧底，并说明了卧底可能会直接描述他的词语。

从描述中，玩家1、2和3的描述都围绕着球类体育用品，且都提到了材质、形状、大小和用途等特征。玩家4的描述则更像是一个总结和提示，而不是对某个具体物品的描述。因此，如果我们要找出卧底，可能会关注玩家4的描述，因为它与其他三位玩家的描述有所不同，且没有具体描述某个物品的特征。但这只是一个初步的观察，需要更多的信息来确定卧底。
2024-12-12 22:05:26,159 - 4 - INFO - **********JUDGER**********
你刚刚的分析是好的，我们来分析一下每个玩家的描述：

玩家1的描述提到了直径约为24英寸的圆形物体，用于投掷和接住，材质通常是橡胶或合成材料，并且强调在特定球类运动中最为关键。

玩家2的描述中提到的球类也是由橡胶或合成材料制成，表面有纹理以提高抓握力，形状和大小对比赛规则至关重要，但重量和弹性与其他类似球类不同。

玩家3的描述也是一个圆形体育用品，用于特定球类运动，材质也是橡胶或合成材料，表面有特殊设计以提高摩擦力，并且大小和重量与同类球类不同。

玩家4的描述是引导性的，提醒我们通过分析描述来找出卧底，并说明了卧底可能会直接描述他的词语。

从描述中，玩家1、2和3的描述都围绕着球类体育用品，且都提到了材质、形状、大小和用途等特征。玩家4的描述则更像是一个总结和提示，而不是对某个具体物品的描述。因此，如果我们要找出卧底，可能会关注玩家4的描述，因为它与其他三位玩家的描述有所不同，且没有具体描述某个物品的特征。但这只是一个初步的观察，需要更多的信息来确定卧底。|| `请根据上述分析，比较描述以找出不一致之处，注意，这局游戏的词语分类为<体育用品>，卧底词和平民词都属于该类。
2024-12-12 22:05:34,545 - 4 - INFO - **********PLAYER4**********
根据上述分析，我们可以比较描述中的一致性和不一致之处：

1. **材质**：所有四位玩家的描述都提到了材质是橡胶或合成材料，这一点是一致的。

2. **形状和大小**：玩家1提到直径约为24英寸，玩家2和玩家3没有具体提到直径，但提到了形状和大小对比赛规则至关重要，这表明他们可能也在描述同一个球类。

3. **用途**：所有玩家的描述都提到了球类在特定球类运动中使用，且这些球类在运动中扮演关键角色。

4. **重量和弹性**：玩家2特别提到了重量和弹性与其他类似球类不同，这一点是玩家1和玩家3没有提到的。

5. **表面特征**：玩家2提到了表面有纹理以提高抓握力，玩家3提到了表面有特殊设计以提高摩擦力，这两点都是玩家1没有提及的。

6. **玩家4的描述**：玩家4的描述更像是对游戏规则和策略的说明，而不是对某个物品的具体描述。

不一致之处在于：
- 玩家1没有提到重量和弹性，而玩家2特别强调了这一点。
- 玩家1没有提到表面特征，而玩家2和玩家3提到了提高抓握力或摩擦力的设计。

这些不一致之处可能表明玩家2或玩家3是卧底，因为他们提供的描述包含了其他玩家没有提到的额外细节，而这些细节可能指向了不同的球类。然而，由于玩家4的描述是指导性的，这也可能是玩家4的描述方式，而不是卧底的特征。因此，我们需要更多的信息或者进一步的描述来确定谁是卧底。
2024-12-12 22:05:34,546 - 4 - INFO - **********JUDGER**********
你刚刚的分析是根据上述分析，我们可以比较描述中的一致性和不一致之处：

1. **材质**：所有四位玩家的描述都提到了材质是橡胶或合成材料，这一点是一致的。

2. **形状和大小**：玩家1提到直径约为24英寸，玩家2和玩家3没有具体提到直径，但提到了形状和大小对比赛规则至关重要，这表明他们可能也在描述同一个球类。

3. **用途**：所有玩家的描述都提到了球类在特定球类运动中使用，且这些球类在运动中扮演关键角色。

4. **重量和弹性**：玩家2特别提到了重量和弹性与其他类似球类不同，这一点是玩家1和玩家3没有提到的。

5. **表面特征**：玩家2提到了表面有纹理以提高抓握力，玩家3提到了表面有特殊设计以提高摩擦力，这两点都是玩家1没有提及的。

6. **玩家4的描述**：玩家4的描述更像是对游戏规则和策略的说明，而不是对某个物品的具体描述。

不一致之处在于：
- 玩家1没有提到重量和弹性，而玩家2特别强调了这一点。
- 玩家1没有提到表面特征，而玩家2和玩家3提到了提高抓握力或摩擦力的设计。

这些不一致之处可能表明玩家2或玩家3是卧底，因为他们提供的描述包含了其他玩家没有提到的额外细节，而这些细节可能指向了不同的球类。然而，由于玩家4的描述是指导性的，这也可能是玩家4的描述方式，而不是卧底的特征。因此，我们需要更多的信息或者进一步的描述来确定谁是卧底。|| 请通过你分析的不一致之处，推断卧底身份，注意，这局游戏的词语分类为<体育用品>，卧底词和平民词都属于该类。
2024-12-12 22:05:44,479 - 4 - INFO - **********PLAYER4**********
根据分析中提到的不一致之处，我们可以进行以下推断：

1. **重量和弹性**：玩家2提到了球类的重量和弹性与其他类似球类不同。这一点可能是关键，因为通常球类的基本特征不会特别强调重量和弹性，除非这些特征是该球类独特之处。

2. **表面特征**：玩家2和玩家3都提到了球类的表面特征，玩家2提到纹理以提高抓握力，玩家3提到特殊设计以提高摩擦力。这些特征可能是区分不同球类的重要线索。

结合这些信息，我们可以考虑以下球类：

- 篮球：通常直径约为24英寸，材质为橡胶或合成材料，表面有纹理以提高抓握力。重量和弹性也是篮球的关键特征，因为它直接影响到球的飞行轨迹和比赛中的控制。

- 足球（足球）：材质为橡胶或合成材料，表面有特定纹理，重量和弹性对于比赛规则至关重要，尤其是在越位和球门球等规则中。

- 羽毛球：材质为橡胶或合成材料，表面有特殊的羽毛，大小和重量对比赛规则有影响，但重量和弹性的描述不如篮球和足球那么突出。

考虑到玩家2提到了重量和弹性的独特性，以及表面特征的详细描述，玩家2可能是卧底，因为他的描述更倾向于指向足球或羽毛球这样的球类，这些球类的重量和弹性可能不像篮球那样被普遍提及，而且表面特征也可能与篮球有所不同。

因此，基于描述中的不一致之处，玩家2可能是卧底。然而，最终的判断还需要结合其他玩家的描述和可能的后续信息。
2024-12-12 22:05:44,480 - 4 - INFO - **********JUDGER**********
你刚刚的推断是根据分析中提到的不一致之处，我们可以进行以下推断：

1. **重量和弹性**：玩家2提到了球类的重量和弹性与其他类似球类不同。这一点可能是关键，因为通常球类的基本特征不会特别强调重量和弹性，除非这些特征是该球类独特之处。

2. **表面特征**：玩家2和玩家3都提到了球类的表面特征，玩家2提到纹理以提高抓握力，玩家3提到特殊设计以提高摩擦力。这些特征可能是区分不同球类的重要线索。

结合这些信息，我们可以考虑以下球类：

- 篮球：通常直径约为24英寸，材质为橡胶或合成材料，表面有纹理以提高抓握力。重量和弹性也是篮球的关键特征，因为它直接影响到球的飞行轨迹和比赛中的控制。

- 足球（足球）：材质为橡胶或合成材料，表面有特定纹理，重量和弹性对于比赛规则至关重要，尤其是在越位和球门球等规则中。

- 羽毛球：材质为橡胶或合成材料，表面有特殊的羽毛，大小和重量对比赛规则有影响，但重量和弹性的描述不如篮球和足球那么突出。

考虑到玩家2提到了重量和弹性的独特性，以及表面特征的详细描述，玩家2可能是卧底，因为他的描述更倾向于指向足球或羽毛球这样的球类，这些球类的重量和弹性可能不像篮球那样被普遍提及，而且表面特征也可能与篮球有所不同。

因此，基于描述中的不一致之处，玩家2可能是卧底。然而，最终的判断还需要结合其他玩家的描述和可能的后续信息。|| 基于你刚刚的推断得出你的最终结论，请输出你认为的卧底，在这种情况下只需要输出编号，是1-4中的某个数字，不要输出其他信息。在这个过程不要进行任何推理，只对||以前的部分进行信息提取
2024-12-12 22:05:45,274 - 4 - INFO - **********PLAYER4**********
2
2024-12-12 22:05:54,008 - 4 - INFO - **********JUDGER**********
玩家1说：它是一种用于投掷和接住的圆形物体，材质通常是橡胶或合成材料，直径约为24英寸。在体育用品中，它以在特定运动中使用而闻名，尤其在某个球类运动中最为关键。它是一种标准的圆形球体，设计用于特定的运动，通常由高品质的橡胶或合成材料制成，确保良好的弹性和耐用性。这个球体在同类体育用品中以其精确的尺寸和独特的表面纹理而著称，这些纹理有助于提高抓握力和控制球的方向。在体育活动中，它扮演着核心角色，尤其在某些比赛中，它的性能对比赛结果至关重要。玩家2说：它是一种球类，通常由橡胶或合成材料制成，表面有纹理以提高抓握力。在体育用品中，它以在特定运动中使用而闻名，尤其在某种运动中，它的形状和大小对于比赛规则至关重要，但它的重量和弹性与其他类似的球类有所不同。它是一种球类，主要用于在特定运动中投掷和接住，其材质通常是橡胶或合成材料，直径约为28英寸。这个球体在同类体育用品中以其重量和弹性而著称，这些特性对于特定运动中的球飞行轨迹和比赛规则有重要影响。在体育活动中，它扮演着核心角色，尤其在某些比赛中，它的性能对比赛结果至关重要。玩家3说：这是一个圆形的体育用品，通常用于特定的球类运动。它的材质通常是橡胶或合成材料，表面有特殊设计以提高摩擦力。相较于同类球类，它在大小和重量上有所不同。这个球体在同类体育用品中以其精确的尺寸和独特的表面纹理而著称，这些纹理有助于提高抓握力和控制球的方向。它是一种球类，主要用于在特定运动中投掷和接住，其材质通常是橡胶或合成材料，直径约为28英寸。这个球体在同类体育用品中以其重量和弹性而著称，这些特性对于特定运动中的球飞行轨迹和比赛规则有重要影响。在体育活动中，它扮演着核心角色，尤其在某些比赛中，它的性能对比赛结果至关重要。玩家4说：它是一种圆形的体育用品，主要用于特定的球类运动。它的基本特征是直径约为28英寸，表面有明显的接缝，通常由橡胶或合成材料制成。在同类球类中，它最突出的不同特征是它的重量和弹性，这些特性对于特定运动中的球飞行轨迹和比赛规则有重要影响。你是第4号玩家，你的关键词是<篮球>。你的回答中绝对不能包含你的关键词<篮球>。这是第二轮描述，你之前的描述是它是一种圆形的体育用品，主要用于特定的球类运动。它的基本特征是直径约为28英寸，表面有明显的接缝，通常由橡胶或合成材料制成。在同类球类中，它最突出的不同特征是它的重量和弹性，这些特性对于特定运动中的球飞行轨迹和比赛规则有重要影响。，注意，这局游戏的词语分类为<体育用品>，卧底词和平民词都属于该类，请你补充关于关键词的描述，注意，你的描述应该比起之前的描述更加贴近关键词，作为之前的补充
2024-12-12 22:05:56,616 - 4 - INFO - **********PLAYER4**********
这个球体在同类体育用品中以其精确的尺寸和独特的表面纹理而著称，这些纹理有助于提高抓握力和控制球的方向。它的设计确保了球在投掷和接住时的稳定性和可控性，使其在特定运动中成为核心工具。这个球体的重量和弹性使得它在飞行中具有稳定的轨迹，对于比赛中的策略和技巧至关重要。
2024-12-12 22:06:45,741 - 4 - INFO - **********JUDGER**********
玩家1说：它是一种用于投掷和接住的圆形物体，材质通常是橡胶或合成材料，直径约为24英寸。在体育用品中，它以在特定运动中使用而闻名，尤其在某个球类运动中最为关键。它是一种标准的圆形球体，设计用于特定的运动，通常由高品质的橡胶或合成材料制成，确保良好的弹性和耐用性。这个球体在同类体育用品中以其精确的尺寸和独特的表面纹理而著称，这些纹理有助于提高抓握力和控制球的方向。在体育活动中，它扮演着核心角色，尤其在某些比赛中，它的性能对比赛结果至关重要。玩家2说：它是一种球类，通常由橡胶或合成材料制成，表面有纹理以提高抓握力。在体育用品中，它以在特定运动中使用而闻名，尤其在某种运动中，它的形状和大小对于比赛规则至关重要，但它的重量和弹性与其他类似的球类有所不同。它是一种球类，主要用于在特定运动中投掷和接住，其材质通常是橡胶或合成材料，直径约为28英寸。这个球体在同类体育用品中以其重量和弹性而著称，这些特性对于特定运动中的球飞行轨迹和比赛规则有重要影响。在体育活动中，它扮演着核心角色，尤其在某些比赛中，它的性能对比赛结果至关重要。玩家3说：这是一个圆形的体育用品，通常用于特定的球类运动。它的材质通常是橡胶或合成材料，表面有特殊设计以提高摩擦力。相较于同类球类，它在大小和重量上有所不同。这个球体在同类体育用品中以其精确的尺寸和独特的表面纹理而著称，这些纹理有助于提高抓握力和控制球的方向。它是一种球类，主要用于在特定运动中投掷和接住，其材质通常是橡胶或合成材料，直径约为28英寸。这个球体在同类体育用品中以其重量和弹性而著称，这些特性对于特定运动中的球飞行轨迹和比赛规则有重要影响。在体育活动中，它扮演着核心角色，尤其在某些比赛中，它的性能对比赛结果至关重要。玩家4说：它是一种圆形的体育用品，主要用于特定的球类运动。它的基本特征是直径约为28英寸，表面有明显的接缝，通常由橡胶或合成材料制成。在同类球类中，它最突出的不同特征是它的重量和弹性，这些特性对于特定运动中的球飞行轨迹和比赛规则有重要影响。||在这个游戏中，我们需要通过分析每位玩家的描述来找出卧底。通常，平民的描述会围绕相同的词语展开，而卧底的描述可能会因为词语的不同而显得不太一致。我们需要仔细比较每个描述之间的相似性和差异性，以找出可能的卧底，注意，卧底并不会隐藏自己，他会直接描述他的词语，现在，逐一分析每个玩家的描述，注意，这局游戏的词语分类为<体育用品>，卧底词和平民词都属于该类。||之前是第2轮描述和之前轮数描述的合集。你之前认为的卧底是玩家2。
2024-12-12 22:06:53,528 - 4 - INFO - **********PLAYER4**********
根据玩家们的描述，我们来逐一分析：

玩家1的描述提到了直径约为24英寸的球体，材质为橡胶或合成材料，表面有纹理，用于特定运动，强调其在运动中的核心角色。

玩家2的描述中提到的球类也是由橡胶或合成材料制成，表面有纹理，直径约为28英寸，重量和弹性与其他类似球类不同，同样用于特定运动。

玩家3的描述与玩家2相似，提到的球类也是由橡胶或合成材料制成，直径约为28英寸，表面有特殊设计以提高摩擦力，重量和弹性对球飞行轨迹有重要影响。

玩家4的描述提到的球类也是圆形的，直径约为28英寸，材质为橡胶或合成材料，最突出的不同特征是重量和弹性。

从这些描述中，我们可以看到玩家2、玩家3和玩家4的描述在球类的直径、材质和表面特征上存在一致性，都提到了28英寸的直径和重量、弹性的重要性。而玩家1的描述中提到的直径是24英寸，与玩家2、玩家3和玩家4的描述不一致。

由于玩家2的描述与玩家3和玩家4的描述更为相似，且没有明显的直径差异，这增加了玩家2是卧底的可能性。然而，玩家4的描述与玩家2和玩家3的描述在直径上不一致，这也可能表明玩家4是卧底。

综合以上分析，如果之前认为玩家2是卧底，那么在新的描述中，玩家4的描述与玩家2和玩家3的差异更大，因此，基于新的描述，玩家4可能是新的卧底候选。
2024-12-12 22:06:53,528 - 4 - INFO - **********JUDGER**********
你刚刚的分析是根据玩家们的描述，我们来逐一分析：

玩家1的描述提到了直径约为24英寸的球体，材质为橡胶或合成材料，表面有纹理，用于特定运动，强调其在运动中的核心角色。

玩家2的描述中提到的球类也是由橡胶或合成材料制成，表面有纹理，直径约为28英寸，重量和弹性与其他类似球类不同，同样用于特定运动。

玩家3的描述与玩家2相似，提到的球类也是由橡胶或合成材料制成，直径约为28英寸，表面有特殊设计以提高摩擦力，重量和弹性对球飞行轨迹有重要影响。

玩家4的描述提到的球类也是圆形的，直径约为28英寸，材质为橡胶或合成材料，最突出的不同特征是重量和弹性。

从这些描述中，我们可以看到玩家2、玩家3和玩家4的描述在球类的直径、材质和表面特征上存在一致性，都提到了28英寸的直径和重量、弹性的重要性。而玩家1的描述中提到的直径是24英寸，与玩家2、玩家3和玩家4的描述不一致。

由于玩家2的描述与玩家3和玩家4的描述更为相似，且没有明显的直径差异，这增加了玩家2是卧底的可能性。然而，玩家4的描述与玩家2和玩家3的描述在直径上不一致，这也可能表明玩家4是卧底。

综合以上分析，如果之前认为玩家2是卧底，那么在新的描述中，玩家4的描述与玩家2和玩家3的差异更大，因此，基于新的描述，玩家4可能是新的卧底候选。|| `请根据上述分析，比较描述以找出不一致之处，注意，这局游戏的词语分类为<体育用品>，卧底词和平民词都属于该类。
2024-12-12 22:07:02,914 - 4 - INFO - **********PLAYER4**********
根据上述分析，我们可以比较描述中的一致性和不一致之处：

1. **直径**：
   - 玩家1：24英寸
   - 玩家2：28英寸
   - 玩家3：28英寸
   - 玩家4：28英寸
   玩家1的描述中提到的直径与玩家2、玩家3和玩家4的描述不一致。

2. **材质**：
   - 所有玩家都提到球类由橡胶或合成材料制成，这一点一致。

3. **表面特征**：
   - 玩家1：表面有纹理
   - 玩家2：表面有纹理
   - 玩家3：表面有特殊设计以提高摩擦力
   - 玩家4：表面有明显的接缝
   玩家3和玩家4提到了特定的表面特征，而玩家1和玩家2的描述较为笼统。

4. **重量和弹性**：
   - 玩家2、玩家3和玩家4都提到了重量和弹性，而玩家1没有特别提及。

5. **核心角色和特定运动**：
   - 所有玩家的描述都提到了球类在特定运动中的核心角色。

不一致之处在于直径、表面特征和重量弹性方面的描述。玩家1的直径描述与其他三位玩家不同，而玩家3和玩家4在表面特征上提供了更具体的描述，这与玩家2的描述有所不同。因此，这些差异可能是区分卧底和平民的关键点。
2024-12-12 22:07:02,915 - 4 - INFO - **********JUDGER**********
你刚刚的分析是根据上述分析，我们可以比较描述中的一致性和不一致之处：

1. **直径**：
   - 玩家1：24英寸
   - 玩家2：28英寸
   - 玩家3：28英寸
   - 玩家4：28英寸
   玩家1的描述中提到的直径与玩家2、玩家3和玩家4的描述不一致。

2. **材质**：
   - 所有玩家都提到球类由橡胶或合成材料制成，这一点一致。

3. **表面特征**：
   - 玩家1：表面有纹理
   - 玩家2：表面有纹理
   - 玩家3：表面有特殊设计以提高摩擦力
   - 玩家4：表面有明显的接缝
   玩家3和玩家4提到了特定的表面特征，而玩家1和玩家2的描述较为笼统。

4. **重量和弹性**：
   - 玩家2、玩家3和玩家4都提到了重量和弹性，而玩家1没有特别提及。

5. **核心角色和特定运动**：
   - 所有玩家的描述都提到了球类在特定运动中的核心角色。

不一致之处在于直径、表面特征和重量弹性方面的描述。玩家1的直径描述与其他三位玩家不同，而玩家3和玩家4在表面特征上提供了更具体的描述，这与玩家2的描述有所不同。因此，这些差异可能是区分卧底和平民的关键点。|| 请通过你分析的不一致之处，推断卧底身份，注意，这局游戏的词语分类为<体育用品>，卧底词和平民词都属于该类。
2024-12-12 22:07:09,088 - 4 - INFO - **********PLAYER4**********
根据分析的不一致之处，以下是我的推断：

1. **直径差异**：玩家1描述的直径为24英寸，而玩家2、玩家3和玩家4都描述为28英寸。这是一个明显的差异，可能指向不同的球类。

2. **表面特征**：玩家3和玩家4提到了具体的表面特征（摩擦力提高和明显的接缝），这与玩家1和玩家2的较为笼统描述形成对比。

3. **重量和弹性**：玩家2、玩家3和玩家4都提到了重量和弹性，而玩家1没有提及，这可能表明玩家1的球类在这两点上有不同的特性。

综合这些不一致之处，玩家1的描述与玩家2、玩家3和玩家4的差异最为显著，特别是在直径和重量弹性上。因此，基于这些不一致之处，玩家1可能是卧底。
2024-12-12 22:07:09,090 - 4 - INFO - **********JUDGER**********
你刚刚的推断是根据分析的不一致之处，以下是我的推断：

1. **直径差异**：玩家1描述的直径为24英寸，而玩家2、玩家3和玩家4都描述为28英寸。这是一个明显的差异，可能指向不同的球类。

2. **表面特征**：玩家3和玩家4提到了具体的表面特征（摩擦力提高和明显的接缝），这与玩家1和玩家2的较为笼统描述形成对比。

3. **重量和弹性**：玩家2、玩家3和玩家4都提到了重量和弹性，而玩家1没有提及，这可能表明玩家1的球类在这两点上有不同的特性。

综合这些不一致之处，玩家1的描述与玩家2、玩家3和玩家4的差异最为显著，特别是在直径和重量弹性上。因此，基于这些不一致之处，玩家1可能是卧底。|| 基于你刚刚的推断得出你的最终结论，请输出你认为的卧底，在这种情况下只需要输出编号，是1-4中的某个数字，不要输出其他信息。在这个过程不要进行任何推理，只对||以前的部分进行信息提取
2024-12-12 22:07:10,208 - 4 - INFO - **********PLAYER4**********
1
2024-12-12 22:07:31,299 - 4 - INFO - **********JUDGER**********
玩家1说：它是一种用于投掷和接住的圆形物体，材质通常是橡胶或合成材料，直径约为24英寸。在体育用品中，它以在特定运动中使用而闻名，尤其在某个球类运动中最为关键。它是一种标准的圆形球体，设计用于特定的运动，通常由高品质的橡胶或合成材料制成，确保良好的弹性和耐用性。这个球体在同类体育用品中以其精确的尺寸和独特的表面纹理而著称，这些纹理有助于提高抓握力和控制球的方向。在体育活动中，它扮演着核心角色，尤其在某些比赛中，它的性能对比赛结果至关重要。它是一种标准的球体，设计用于在特定运动中投掷和接住，通常由高品质的橡胶或合成材料制成，确保良好的弹性和耐用性。这个球体以其精确的尺寸和独特的表面纹理而著称，这些纹理有助于提高抓握力和控制球的方向。在体育活动中，它扮演着核心角色，尤其在某些比赛中，它的性能对比赛结果至关重要。玩家2说：它是一种球类，通常由橡胶或合成材料制成，表面有纹理以提高抓握力。在体育用品中，它以在特定运动中使用而闻名，尤其在某种运动中，它的形状和大小对于比赛规则至关重要，但它的重量和弹性与其他类似的球类有所不同。它是一种球类，主要用于在特定运动中投掷和接住，其材质通常是橡胶或合成材料，直径约为28英寸。这个球体在同类体育用品中以其重量和弹性而著称，这些特性对于特定运动中的球飞行轨迹和比赛规则有重要影响。在体育活动中，它扮演着核心角色，尤其在某些比赛中，它的性能对比赛结果至关重要。玩家2的描述中提到了球类、橡胶或合成材料、表面纹理以提高抓握力，以及形状和大小对比赛规则的重要性。这些描述与玩家1和玩家3的描述相似，但没有提到重量和弹性，这可能与玩家1和玩家3的描述存在细微差别。

根据这些描述，玩家2可能是一个平民，因为他的描述与玩家1和玩家3的描述较为一致，都在强调球类的特征和它在特定运动中的作用。然而，由于缺乏关于重量和弹性的信息，我们不能完全排除玩家2是卧底的可能性。

在分析玩家的描述时，我们还需要考虑以下几点：
- 玩家4的描述更像是在解释游戏规则和提供分析建议，这表明他可能是平民，也可能是卧底，目的是为了混淆视听。
- 玩家1、玩家2和玩家3的描述在体育用品类别中较为一致，这可能意味着他们之间有某种联系，而玩家4的描述则显得有些不同。

综上所述，玩家2的描述与玩家1和玩家3的描述较为相似，但没有提供关于重量和弹性的信息，这可能是一个关键线索。在接下来的游戏中，我们需要进一步观察玩家的描述和行为，以确定玩家的真实身份。玩家3说：这是一个圆形的体育用品，通常用于特定的球类运动。它的材质通常是橡胶或合成材料，表面有特殊设计以提高摩擦力。相较于同类球类，它在大小和重量上有所不同。这个球体在同类体育用品中以其精确的尺寸和独特的表面纹理而著称，这些纹理有助于提高抓握力和控制球的方向。它是一种球类，主要用于在特定运动中投掷和接住，其材质通常是橡胶或合成材料，直径约为28英寸。这个球体在同类体育用品中以其重量和弹性而著称，这些特性对于特定运动中的球飞行轨迹和比赛规则有重要影响。在体育活动中，它扮演着核心角色，尤其在某些比赛中，它的性能对比赛结果至关重要。这个球体在同类体育用品中以其精确的尺寸和独特的表面纹理而著称，这些纹理有助于提高抓握力和控制球的方向。它是一种球类，主要用于在特定运动中投掷和接住，其材质通常是橡胶或合成材料，直径约为28英寸。这个球体在同类体育用品中以其重量和弹性而著称，这些特性对于特定运动中的球飞行轨迹和比赛规则有重要影响。在体育活动中，它扮演着核心角色，尤其在某些比赛中，它的性能对比赛结果至关重要。此外，这个球体在设计和制造上注重平衡和耐用性，以确保在高速运动中的稳定性和耐久性。玩家4说：它是一种圆形的体育用品，主要用于特定的球类运动。它的基本特征是直径约为28英寸，表面有明显的接缝，通常由橡胶或合成材料制成。在同类球类中，它最突出的不同特征是它的重量和弹性，这些特性对于特定运动中的球飞行轨迹和比赛规则有重要影响。这个球体在同类体育用品中以其精确的尺寸和独特的表面纹理而著称，这些纹理有助于提高抓握力和控制球的方向。它的设计确保了球在投掷和接住时的稳定性和可控性，使其在特定运动中成为核心工具。这个球体的重量和弹性使得它在飞行中具有稳定的轨迹，对于比赛中的策略和技巧至关重要。你是第4号玩家，你的关键词是<篮球>。你的回答中绝对不能包含你的关键词<篮球>。这是第三轮描述，你之前的描述是它是一种圆形的体育用品，主要用于特定的球类运动。它的基本特征是直径约为28英寸，表面有明显的接缝，通常由橡胶或合成材料制成。在同类球类中，它最突出的不同特征是它的重量和弹性，这些特性对于特定运动中的球飞行轨迹和比赛规则有重要影响。和这个球体在同类体育用品中以其精确的尺寸和独特的表面纹理而著称，这些纹理有助于提高抓握力和控制球的方向。它的设计确保了球在投掷和接住时的稳定性和可控性，使其在特定运动中成为核心工具。这个球体的重量和弹性使得它在飞行中具有稳定的轨迹，对于比赛中的策略和技巧至关重要。，注意，这局游戏的词语分类为<体育用品>，卧底词和平民词都属于该类，请你补充关于关键词的描述，注意，你的描述应该比起之前的描述更加贴近关键词，作为之前的补充
2024-12-12 22:07:34,805 - 4 - INFO - **********PLAYER4**********
这个球体在同类体育用品中以其精确的尺寸和独特的表面纹理而著称，这些纹理有助于提高抓握力和控制球的方向。它的设计特别注重在投掷和接住时的稳定性和可控性，这是它在特定运动中成为核心工具的关键。此外，这个球体的重量和弹性经过精心调整，以确保在高速运动中的稳定性和耐久性，这对于比赛中的策略和技巧至关重要。在同类球类中，它的重量和弹性是其最显著的特征之一，这些特性对于特定运动中的球飞行轨迹和比赛规则有着重要影响。
2024-12-12 22:08:26,414 - 4 - INFO - **********JUDGER**********
玩家1说：它是一种用于投掷和接住的圆形物体，材质通常是橡胶或合成材料，直径约为24英寸。在体育用品中，它以在特定运动中使用而闻名，尤其在某个球类运动中最为关键。它是一种标准的圆形球体，设计用于特定的运动，通常由高品质的橡胶或合成材料制成，确保良好的弹性和耐用性。这个球体在同类体育用品中以其精确的尺寸和独特的表面纹理而著称，这些纹理有助于提高抓握力和控制球的方向。在体育活动中，它扮演着核心角色，尤其在某些比赛中，它的性能对比赛结果至关重要。它是一种标准的球体，设计用于在特定运动中投掷和接住，通常由高品质的橡胶或合成材料制成，确保良好的弹性和耐用性。这个球体以其精确的尺寸和独特的表面纹理而著称，这些纹理有助于提高抓握力和控制球的方向。在体育活动中，它扮演着核心角色，尤其在某些比赛中，它的性能对比赛结果至关重要。玩家2说：它是一种球类，通常由橡胶或合成材料制成，表面有纹理以提高抓握力。在体育用品中，它以在特定运动中使用而闻名，尤其在某种运动中，它的形状和大小对于比赛规则至关重要，但它的重量和弹性与其他类似的球类有所不同。它是一种球类，主要用于在特定运动中投掷和接住，其材质通常是橡胶或合成材料，直径约为28英寸。这个球体在同类体育用品中以其重量和弹性而著称，这些特性对于特定运动中的球飞行轨迹和比赛规则有重要影响。在体育活动中，它扮演着核心角色，尤其在某些比赛中，它的性能对比赛结果至关重要。玩家2的描述中提到了球类、橡胶或合成材料、表面纹理以提高抓握力，以及形状和大小对比赛规则的重要性。这些描述与玩家1和玩家3的描述相似，但没有提到重量和弹性，这可能与玩家1和玩家3的描述存在细微差别。

根据这些描述，玩家2可能是一个平民，因为他的描述与玩家1和玩家3的描述较为一致，都在强调球类的特征和它在特定运动中的作用。然而，由于缺乏关于重量和弹性的信息，我们不能完全排除玩家2是卧底的可能性。

在分析玩家的描述时，我们还需要考虑以下几点：
- 玩家4的描述更像是在解释游戏规则和提供分析建议，这表明他可能是平民，也可能是卧底，目的是为了混淆视听。
- 玩家1、玩家2和玩家3的描述在体育用品类别中较为一致，这可能意味着他们之间有某种联系，而玩家4的描述则显得有些不同。

综上所述，玩家2的描述与玩家1和玩家3的描述较为相似，但没有提供关于重量和弹性的信息，这可能是一个关键线索。在接下来的游戏中，我们需要进一步观察玩家的描述和行为，以确定玩家的真实身份。玩家3说：这是一个圆形的体育用品，通常用于特定的球类运动。它的材质通常是橡胶或合成材料，表面有特殊设计以提高摩擦力。相较于同类球类，它在大小和重量上有所不同。这个球体在同类体育用品中以其精确的尺寸和独特的表面纹理而著称，这些纹理有助于提高抓握力和控制球的方向。它是一种球类，主要用于在特定运动中投掷和接住，其材质通常是橡胶或合成材料，直径约为28英寸。这个球体在同类体育用品中以其重量和弹性而著称，这些特性对于特定运动中的球飞行轨迹和比赛规则有重要影响。在体育活动中，它扮演着核心角色，尤其在某些比赛中，它的性能对比赛结果至关重要。这个球体在同类体育用品中以其精确的尺寸和独特的表面纹理而著称，这些纹理有助于提高抓握力和控制球的方向。它是一种球类，主要用于在特定运动中投掷和接住，其材质通常是橡胶或合成材料，直径约为28英寸。这个球体在同类体育用品中以其重量和弹性而著称，这些特性对于特定运动中的球飞行轨迹和比赛规则有重要影响。在体育活动中，它扮演着核心角色，尤其在某些比赛中，它的性能对比赛结果至关重要。此外，这个球体在设计和制造上注重平衡和耐用性，以确保在高速运动中的稳定性和耐久性。玩家4说：它是一种圆形的体育用品，主要用于特定的球类运动。它的基本特征是直径约为28英寸，表面有明显的接缝，通常由橡胶或合成材料制成。在同类球类中，它最突出的不同特征是它的重量和弹性，这些特性对于特定运动中的球飞行轨迹和比赛规则有重要影响。这个球体在同类体育用品中以其精确的尺寸和独特的表面纹理而著称，这些纹理有助于提高抓握力和控制球的方向。它的设计确保了球在投掷和接住时的稳定性和可控性，使其在特定运动中成为核心工具。这个球体的重量和弹性使得它在飞行中具有稳定的轨迹，对于比赛中的策略和技巧至关重要。这个球体在同类体育用品中以其精确的尺寸和独特的表面纹理而著称，这些纹理有助于提高抓握力和控制球的方向。它的设计特别注重在投掷和接住时的稳定性和可控性，这是它在特定运动中成为核心工具的关键。此外，这个球体的重量和弹性经过精心调整，以确保在高速运动中的稳定性和耐久性，这对于比赛中的策略和技巧至关重要。在同类球类中，它的重量和弹性是其最显著的特征之一，这些特性对于特定运动中的球飞行轨迹和比赛规则有着重要影响。||在这个游戏中，我们需要通过分析每位玩家的描述来找出卧底。通常，平民的描述会围绕相同的词语展开，而卧底的描述可能会因为词语的不同而显得不太一致。我们需要仔细比较每个描述之间的相似性和差异性，以找出可能的卧底，注意，卧底并不会隐藏自己，他会直接描述他的词语，现在，逐一分析每个玩家的描述，注意，这局游戏的词语分类为<体育用品>，卧底词和平民词都属于该类。||之前是第3轮描述和之前轮数描述的合集。你之前认为的卧底是玩家1。
2024-12-12 22:08:36,588 - 4 - INFO - **********PLAYER4**********
根据玩家们的描述，我们可以进行以下分析：

玩家1的描述中提到了直径约为24英寸的球体，材质为橡胶或合成材料，具有独特的表面纹理，用于特定运动，强调其在运动中的核心角色和良好的弹性和耐用性。

玩家2的描述中提到的球类也是由橡胶或合成材料制成，具有表面纹理，直径约为28英寸，形状和大小对比赛规则至关重要，重量和弹性与其他类似球类不同。

玩家3的描述中提到的球类也是由橡胶或合成材料制成，具有特殊设计以提高摩擦力，直径约为28英寸，重量和弹性对球飞行轨迹和比赛规则有重要影响。

玩家4的描述中提到的球类也是由橡胶或合成材料制成，直径约为28英寸，具有明显的接缝，重量和弹性是其最突出的不同特征，这些特性对球飞行轨迹和比赛规则有重要影响。

从这些描述中，我们可以看到玩家2和玩家3的描述在直径、材质和重量弹性上存在一致性，都提到了28英寸的直径和重量、弹性的重要性。玩家4的描述与玩家2和玩家3的描述在直径和重量弹性上也是一致的，但玩家1的描述中提到的直径是24英寸，与玩家2、玩家3和玩家4的描述不一致。

考虑到之前的推断，玩家1的描述在直径上与其他玩家不一致，这可能是区分卧底和平民的关键点。因此，基于新的描述，玩家1可能是卧底。
2024-12-12 22:08:36,589 - 4 - INFO - **********JUDGER**********
你刚刚的分析是根据玩家们的描述，我们可以进行以下分析：

玩家1的描述中提到了直径约为24英寸的球体，材质为橡胶或合成材料，具有独特的表面纹理，用于特定运动，强调其在运动中的核心角色和良好的弹性和耐用性。

玩家2的描述中提到的球类也是由橡胶或合成材料制成，具有表面纹理，直径约为28英寸，形状和大小对比赛规则至关重要，重量和弹性与其他类似球类不同。

玩家3的描述中提到的球类也是由橡胶或合成材料制成，具有特殊设计以提高摩擦力，直径约为28英寸，重量和弹性对球飞行轨迹和比赛规则有重要影响。

玩家4的描述中提到的球类也是由橡胶或合成材料制成，直径约为28英寸，具有明显的接缝，重量和弹性是其最突出的不同特征，这些特性对球飞行轨迹和比赛规则有重要影响。

从这些描述中，我们可以看到玩家2和玩家3的描述在直径、材质和重量弹性上存在一致性，都提到了28英寸的直径和重量、弹性的重要性。玩家4的描述与玩家2和玩家3的描述在直径和重量弹性上也是一致的，但玩家1的描述中提到的直径是24英寸，与玩家2、玩家3和玩家4的描述不一致。

考虑到之前的推断，玩家1的描述在直径上与其他玩家不一致，这可能是区分卧底和平民的关键点。因此，基于新的描述，玩家1可能是卧底。|| `请根据上述分析，比较描述以找出不一致之处，注意，这局游戏的词语分类为<体育用品>，卧底词和平民词都属于该类。
2024-12-12 22:08:44,980 - 4 - INFO - **********PLAYER4**********
根据上述分析，不一致之处如下：

1. **直径**：
   - 玩家1：24英寸
   - 玩家2：28英寸
   - 玩家3：28英寸
   - 玩家4：28英寸
   玩家1的描述中提到的直径与其他三位玩家的描述不一致。

2. **表面特征**：
   - 玩家1：独特的表面纹理
   - 玩家2：表面纹理
   - 玩家3：特殊设计以提高摩擦力
   - 玩家4：明显的接缝
   玩家1、玩家2和玩家4的表面特征描述不同。

3. **重量和弹性**：
   - 玩家2、玩家3和玩家4都提到了重量和弹性。
   - 玩家1没有特别提及重量和弹性。

这些不一致之处表明玩家1的描述在多个关键特征上与其他玩家有所不同，这可能是区分卧底和平民的重要线索。
2024-12-12 22:08:44,982 - 4 - INFO - **********JUDGER**********
你刚刚的分析是根据上述分析，不一致之处如下：

1. **直径**：
   - 玩家1：24英寸
   - 玩家2：28英寸
   - 玩家3：28英寸
   - 玩家4：28英寸
   玩家1的描述中提到的直径与其他三位玩家的描述不一致。

2. **表面特征**：
   - 玩家1：独特的表面纹理
   - 玩家2：表面纹理
   - 玩家3：特殊设计以提高摩擦力
   - 玩家4：明显的接缝
   玩家1、玩家2和玩家4的表面特征描述不同。

3. **重量和弹性**：
   - 玩家2、玩家3和玩家4都提到了重量和弹性。
   - 玩家1没有特别提及重量和弹性。

这些不一致之处表明玩家1的描述在多个关键特征上与其他玩家有所不同，这可能是区分卧底和平民的重要线索。|| 请通过你分析的不一致之处，推断卧底身份，注意，这局游戏的词语分类为<体育用品>，卧底词和平民词都属于该类。
2024-12-12 22:08:50,342 - 4 - INFO - **********PLAYER4**********
根据分析的不一致之处，以下是我的推断：

1. **直径差异**：玩家1描述的球体直径为24英寸，而玩家2、玩家3和玩家4都描述为28英寸。这是一个明显的差异，可能指向不同的球类。

2. **表面特征**：玩家3和玩家4提到了特定的表面特征（摩擦力提高和明显的接缝），而玩家1和玩家2的描述较为笼统。

3. **重量和弹性**：玩家2、玩家3和玩家4都提到了重量和弹性，而玩家1没有提及。

综合这些不一致之处，玩家1的描述在直径、表面特征和重量弹性上与其他玩家存在差异，这些差异可能表明玩家1是卧底。因此，基于这些不一致之处，玩家1可能是卧底。
2024-12-12 22:08:50,343 - 4 - INFO - **********JUDGER**********
你刚刚的推断是根据分析的不一致之处，以下是我的推断：

1. **直径差异**：玩家1描述的球体直径为24英寸，而玩家2、玩家3和玩家4都描述为28英寸。这是一个明显的差异，可能指向不同的球类。

2. **表面特征**：玩家3和玩家4提到了特定的表面特征（摩擦力提高和明显的接缝），而玩家1和玩家2的描述较为笼统。

3. **重量和弹性**：玩家2、玩家3和玩家4都提到了重量和弹性，而玩家1没有提及。

综合这些不一致之处，玩家1的描述在直径、表面特征和重量弹性上与其他玩家存在差异，这些差异可能表明玩家1是卧底。因此，基于这些不一致之处，玩家1可能是卧底。|| 基于你刚刚的推断得出你的最终结论，请输出你认为的卧底，在这种情况下只需要输出编号，是1-4中的某个数字，不要输出其他信息。在这个过程不要进行任何推理，只对||以前的部分进行信息提取
2024-12-12 22:08:51,823 - 4 - INFO - **********PLAYER4**********
1
