2024-12-13 13:32:39,455 - 1 - INFO - **********JUDGER**********
让我们来玩一个叫做<谁是卧底>的推理游戏。基本规则：<人数>：4人。<角色分配>：每位玩家随机抽取一个词语，3名玩家拿到的词语是相同的（平民词），1名玩家拿到与之相近但不同的词语（卧底词）。<游戏流程>：1、玩家轮流描述自己的词语，但<不能>直接说出词语本身。2、描述完毕后，投票选出最像卧底的玩家。3、每轮结束后，被投票选出的玩家出局，不能再进行描述或投票。4、每轮投票结束后，如果卧底被成功找出，平民方获胜；如果卧底未被找出且卧底人数等于或超过平民人数，则卧底方获胜。你将扮演一个<玩家>，请等待你被分配到的关键词。如果你听懂了，只回答，"好的，我准备好参加游戏了"，不要输出别的信息
2024-12-13 13:32:40,007 - 1 - INFO - **********PLAYER1**********
好的，我准备好参加游戏了
2024-12-13 13:32:45,196 - 1 - INFO - **********JUDGER**********
玩家1说：玩家2说：玩家3说：玩家4说：|| 你是第1号玩家，你的关键词是<篮球>。你的回答中绝对不能包含你的关键词<篮球>。这是第一轮描述，不需要分析||之前别的玩家的描述，请你描述关键词基本特征，注意，这局游戏的词语分类为<体育用品>，卧底词和平民词都属于该类，描述包括以下两点，1.他的基本特征是什么2.他在该类（体育用品）中最突出不同的特征是什么，尽量简短
2024-12-13 13:32:47,015 - 1 - INFO - **********PLAYER1**********
这个物品通常用于户外活动，有圆形的表面和网状结构，是进行某种竞技运动的重要道具。它在体育用品中以其独特的圆形设计和多功能性而突出。
2024-12-13 13:32:53,194 - 1 - INFO - **********JUDGER**********
玩家1说：这个物品通常用于户外活动，有圆形的表面和网状结构，是进行某种竞技运动的重要道具。它在体育用品中以其独特的圆形设计和多功能性而突出。玩家2说：这是一个圆形的物品，通常由橡胶或合成材料制成，具有弹性。它在体育用品中以其特有的弹跳性和耐久性而闻名，特别适合用于户外活动。与其他类似的圆形体育用品相比，它的尺寸和重量经过精心设计，以便在特定的竞技运动中发挥最佳效果。玩家3说：1. 这是一个圆形的球体，通常由橡胶或合成材料制成，表面光滑。
2. 它在体育用品中以其特定的尺寸和重量设计而著称，适合特定的竞技运动。玩家4说：||在这个游戏中，我们需要通过分析每位玩家的描述来找出卧底。通常，平民的描述会围绕相同的词语展开，而卧底的描述可能会因为词语的不同而显得不太一致。我们需要仔细比较每个描述之间的相似性和差异性，以找出可能的卧底，注意，卧底并不会隐藏自己，他会直接描述他的词语，现在，逐一分析每个玩家的描述，注意，这局游戏的词语分类为<体育用品>，卧底词和平民词都属于该类。这是第一轮描述。
2024-12-13 13:33:01,001 - 1 - INFO - **********PLAYER1**********
好的，根据各位玩家的描述，我们可以分析如下：

玩家1的描述提到了圆形表面和网状结构，但没有提到弹性或弹跳性，这与篮球的特点不符。

玩家2的描述提到了圆形的物品，具有弹性和耐久性，适合户外活动，但没有提到网状结构，这也不符合篮球的特点。

玩家3的描述提到了圆形球体，表面光滑，以及特定的尺寸和重量设计，这些特点与篮球相符，但他的描述中没有提到网状结构，这是篮球的一个重要特征。

玩家4的描述主要是在引导大家如何分析，并没有提供具体的描述内容。

综合以上分析，玩家3的描述虽然提到了球体和尺寸重量设计，但没有提到网状结构，这可能是与篮球最不吻合的地方。因此，玩家3的描述最有可能与篮球的描述不太一致，可能是卧底。当然，这只是一个初步的分析，真正的卧底可能隐藏在其他玩家的描述中。
2024-12-13 13:33:01,002 - 1 - INFO - **********JUDGER**********
你刚刚的分析是好的，根据各位玩家的描述，我们可以分析如下：

玩家1的描述提到了圆形表面和网状结构，但没有提到弹性或弹跳性，这与篮球的特点不符。

玩家2的描述提到了圆形的物品，具有弹性和耐久性，适合户外活动，但没有提到网状结构，这也不符合篮球的特点。

玩家3的描述提到了圆形球体，表面光滑，以及特定的尺寸和重量设计，这些特点与篮球相符，但他的描述中没有提到网状结构，这是篮球的一个重要特征。

玩家4的描述主要是在引导大家如何分析，并没有提供具体的描述内容。

综合以上分析，玩家3的描述虽然提到了球体和尺寸重量设计，但没有提到网状结构，这可能是与篮球最不吻合的地方。因此，玩家3的描述最有可能与篮球的描述不太一致，可能是卧底。当然，这只是一个初步的分析，真正的卧底可能隐藏在其他玩家的描述中。|| `请根据上述分析，比较描述以找出不一致之处，注意，这局游戏的词语分类为<体育用品>，卧底词和平民词都属于该类。
2024-12-13 13:33:08,213 - 1 - INFO - **********PLAYER1**********
根据上述分析，我们可以比较各玩家的描述以找出不一致之处：

1. 玩家1的描述提到了圆形表面和网状结构，但没有提到弹性或弹跳性。这与篮球的特点相符，因为篮球确实有圆形表面和网状结构。

2. 玩家2的描述提到了圆形的物品，具有弹性和耐久性，适合户外活动。这也符合篮球的特点，但没有提到网状结构，但这一点并不足以排除篮球的可能性。

3. 玩家3的描述提到了圆形球体，表面光滑，以及特定的尺寸和重量设计。这些特点虽然与篮球相符，但关键在于他没有提到网状结构，这是篮球最显著的特征之一。

4. 玩家4的描述并没有提供具体的描述内容，因此无法与前三位的描述进行比较。

不一致之处在于，玩家3的描述中缺少了篮球的一个关键特征――网状结构。其他玩家的描述虽然也提到了篮球的一些特点，但玩家3的描述在这点上与篮球最为不符，因此他可能是卧底。然而，这也可能是由于描述的简略性导致的误解，因此需要进一步的描述或投票来确定。
2024-12-13 13:33:08,215 - 1 - INFO - **********JUDGER**********
你刚刚的分析是根据上述分析，我们可以比较各玩家的描述以找出不一致之处：

1. 玩家1的描述提到了圆形表面和网状结构，但没有提到弹性或弹跳性。这与篮球的特点相符，因为篮球确实有圆形表面和网状结构。

2. 玩家2的描述提到了圆形的物品，具有弹性和耐久性，适合户外活动。这也符合篮球的特点，但没有提到网状结构，但这一点并不足以排除篮球的可能性。

3. 玩家3的描述提到了圆形球体，表面光滑，以及特定的尺寸和重量设计。这些特点虽然与篮球相符，但关键在于他没有提到网状结构，这是篮球最显著的特征之一。

4. 玩家4的描述并没有提供具体的描述内容，因此无法与前三位的描述进行比较。

不一致之处在于，玩家3的描述中缺少了篮球的一个关键特征――网状结构。其他玩家的描述虽然也提到了篮球的一些特点，但玩家3的描述在这点上与篮球最为不符，因此他可能是卧底。然而，这也可能是由于描述的简略性导致的误解，因此需要进一步的描述或投票来确定。|| 请通过你分析的不一致之处，推断卧底身份，注意，这局游戏的词语分类为<体育用品>，卧底词和平民词都属于该类。
2024-12-13 13:33:11,538 - 1 - INFO - **********PLAYER1**********
基于上述分析，不一致之处在于玩家3的描述中缺少了篮球的一个关键特征――网状结构。在体育用品类别中，除了篮球，其他常见的圆形球类物品如足球、排球、网球等，通常都不会有网状结构。

因此，如果我们要推断卧底身份，考虑到篮球的网状结构是其显著特征之一，而玩家3的描述中没有提到这一点，那么玩家3很可能是卧底。他的词语可能是足球、排球或网球中的任何一个，因为这些球类与篮球相似，但又没有网状结构这一特点。

综上所述，玩家3很可能是卧底。
2024-12-13 13:33:11,541 - 1 - INFO - **********JUDGER**********
你刚刚的推断是基于上述分析，不一致之处在于玩家3的描述中缺少了篮球的一个关键特征――网状结构。在体育用品类别中，除了篮球，其他常见的圆形球类物品如足球、排球、网球等，通常都不会有网状结构。

因此，如果我们要推断卧底身份，考虑到篮球的网状结构是其显著特征之一，而玩家3的描述中没有提到这一点，那么玩家3很可能是卧底。他的词语可能是足球、排球或网球中的任何一个，因为这些球类与篮球相似，但又没有网状结构这一特点。

综上所述，玩家3很可能是卧底。|| 基于你刚刚的推断得出你的最终结论，请输出你认为的卧底，在这种情况下只需要输出编号，是1-4中的某个数字，不要输出其他信息。在这个过程不要进行任何推理，只对||以前的部分进行信息提取
2024-12-13 13:33:12,005 - 1 - INFO - **********PLAYER1**********
3
2024-12-13 13:34:30,702 - 1 - INFO - **********JUDGER**********
玩家1说：这个物品通常用于户外活动，有圆形的表面和网状结构，是进行某种竞技运动的重要道具。它在体育用品中以其独特的圆形设计和多功能性而突出。玩家2说：这是一个圆形的物品，通常由橡胶或合成材料制成，具有弹性。它在体育用品中以其特有的弹跳性和耐久性而闻名，特别适合用于户外活动。与其他类似的圆形体育用品相比，它的尺寸和重量经过精心设计，以便在特定的竞技运动中发挥最佳效果。玩家3说：1. 这是一个圆形的球体，通常由橡胶或合成材料制成，表面光滑。
2. 它在体育用品中以其特定的尺寸和重量设计而著称，适合特定的竞技运动。玩家4说：这个物品的基本特征是它是一个圆形的球体，通常由橡胶或合成材料制成，表面光滑。它在体育用品中最突出的不同特征是其独特的弹跳性和耐久性，使其特别适合进行特定的竞技运动。你是第1号玩家，你的关键词是<篮球>。你的回答中绝对不能包含你的关键词<篮球>。这是第二轮描述，你之前的描述是这个物品通常用于户外活动，有圆形的表面和网状结构，是进行某种竞技运动的重要道具。它在体育用品中以其独特的圆形设计和多功能性而突出。，注意，这局游戏的词语分类为<体育用品>，卧底词和平民词都属于该类，请你补充关于关键词的描述，注意，你的描述应该比起之前的描述更加贴近关键词，作为之前的补充
2024-12-13 13:34:32,287 - 1 - INFO - **********PLAYER1**********
这个物品是运动中不可或缺的伙伴，它的表面设计确保了在运动过程中的稳定性和控制性。它不仅是竞技场上的焦点，也是户外娱乐的热门选择。
2024-12-13 13:34:40,187 - 1 - INFO - **********JUDGER**********
玩家1说：这个物品通常用于户外活动，有圆形的表面和网状结构，是进行某种竞技运动的重要道具。它在体育用品中以其独特的圆形设计和多功能性而突出。这个物品是运动中不可或缺的伙伴，它的表面设计确保了在运动过程中的稳定性和控制性。它不仅是竞技场上的焦点，也是户外娱乐的热门选择。玩家2说：这是一个圆形的物品，通常由橡胶或合成材料制成，具有弹性。它在体育用品中以其特有的弹跳性和耐久性而闻名，特别适合用于户外活动。与其他类似的圆形体育用品相比，它的尺寸和重量经过精心设计，以便在特定的竞技运动中发挥最佳效果。这个物品通常用于户外活动，它是一个球体，具有弹性，表面光滑。它的设计使得它在竞技运动中非常受欢迎，特别是在那些需要团队合作和策略的比赛中。这个物品在体育用品中以其独特的尺寸和重量而著称，这些特性使得它能够在不同的场地和条件下保持一致的表现。它的流行程度和多功能性使其成为运动爱好者的首选。玩家3说：1. 这是一个圆形的球体，通常由橡胶或合成材料制成，表面光滑。
2. 它在体育用品中以其特定的尺寸和重量设计而著称，适合特定的竞技运动。1. 这个物品是一个圆形的球体，通常由橡胶或合成材料制成，表面光滑。

2. 它在体育用品中以其特定的尺寸和重量设计而著称，适合特定的竞技运动。这个物品在运动中扮演着关键角色，它的设计确保了在运动过程中的稳定性和控制性。玩家4说：这个物品的基本特征是它是一个圆形的球体，通常由橡胶或合成材料制成，表面光滑。它在体育用品中最突出的不同特征是其独特的弹跳性和耐久性，使其特别适合进行特定的竞技运动。||在这个游戏中，我们需要通过分析每位玩家的描述来找出卧底。通常，平民的描述会围绕相同的词语展开，而卧底的描述可能会因为词语的不同而显得不太一致。我们需要仔细比较每个描述之间的相似性和差异性，以找出可能的卧底，注意，卧底并不会隐藏自己，他会直接描述他的词语，现在，逐一分析每个玩家的描述，注意，这局游戏的词语分类为<体育用品>，卧底词和平民词都属于该类。||之前是第2轮描述和之前轮数描述的合集。你之前认为的卧底是玩家3。
2024-12-13 13:34:41,171 - 1 - INFO - **********PLAYER1**********
玩家3
2024-12-13 13:34:41,171 - 1 - INFO - **********JUDGER**********
你刚刚的分析是玩家3|| `请根据上述分析，比较描述以找出不一致之处，注意，这局游戏的词语分类为<体育用品>，卧底词和平民词都属于该类。
2024-12-13 13:34:47,802 - 1 - INFO - **********PLAYER1**********
在比较各玩家的描述后，以下是一致性和不一致之处：

一致之处：
- 所有玩家都提到了物品是圆形的，由橡胶或合成材料制成，表面光滑。
- 所有玩家都提到了物品具有弹跳性和耐久性。
- 所有玩家都提到了物品适合户外活动和特定的竞技运动。
- 所有玩家都提到了物品的尺寸和重量经过精心设计。

不一致之处：
- 玩家1提到了物品具有网状结构，这是篮球的特点。
- 玩家2和玩家4都没有提到网状结构。
- 玩家3两次提到物品的尺寸和重量设计，以及其稳定性和控制性，但没有提到网状结构。

由于玩家1是唯一提到网状结构的玩家，而其他玩家没有，这可能是关键的不一致之处。网状结构是篮球的独特特征，而其他提到的特征（如弹性、耐久性、尺寸和重量设计）可能适用于多种体育用品。因此，玩家1的描述与其他玩家存在显著差异，这可能是判断卧底的关键线索。
2024-12-13 13:34:47,803 - 1 - INFO - **********JUDGER**********
你刚刚的分析是在比较各玩家的描述后，以下是一致性和不一致之处：

一致之处：
- 所有玩家都提到了物品是圆形的，由橡胶或合成材料制成，表面光滑。
- 所有玩家都提到了物品具有弹跳性和耐久性。
- 所有玩家都提到了物品适合户外活动和特定的竞技运动。
- 所有玩家都提到了物品的尺寸和重量经过精心设计。

不一致之处：
- 玩家1提到了物品具有网状结构，这是篮球的特点。
- 玩家2和玩家4都没有提到网状结构。
- 玩家3两次提到物品的尺寸和重量设计，以及其稳定性和控制性，但没有提到网状结构。

由于玩家1是唯一提到网状结构的玩家，而其他玩家没有，这可能是关键的不一致之处。网状结构是篮球的独特特征，而其他提到的特征（如弹性、耐久性、尺寸和重量设计）可能适用于多种体育用品。因此，玩家1的描述与其他玩家存在显著差异，这可能是判断卧底的关键线索。|| 请通过你分析的不一致之处，推断卧底身份，注意，这局游戏的词语分类为<体育用品>，卧底词和平民词都属于该类。
2024-12-13 13:34:49,941 - 1 - INFO - **********PLAYER1**********
根据不一致之处，玩家1的描述中提到了网状结构，这是篮球的独特特征，而其他玩家没有提到这一点。因此，结合游戏规则和词语分类，我认为玩家1很可能是卧底。
2024-12-13 13:34:49,943 - 1 - INFO - **********JUDGER**********
你刚刚的推断是根据不一致之处，玩家1的描述中提到了网状结构，这是篮球的独特特征，而其他玩家没有提到这一点。因此，结合游戏规则和词语分类，我认为玩家1很可能是卧底。|| 基于你刚刚的推断得出你的最终结论，请输出你认为的卧底，在这种情况下只需要输出编号，是1-4中的某个数字，不要输出其他信息。在这个过程不要进行任何推理，只对||以前的部分进行信息提取
2024-12-13 13:34:50,588 - 1 - INFO - **********PLAYER1**********
1
2024-12-13 13:36:00,859 - 1 - INFO - **********JUDGER**********
玩家1说：这个物品通常用于户外活动，有圆形的表面和网状结构，是进行某种竞技运动的重要道具。它在体育用品中以其独特的圆形设计和多功能性而突出。这个物品是运动中不可或缺的伙伴，它的表面设计确保了在运动过程中的稳定性和控制性。它不仅是竞技场上的焦点，也是户外娱乐的热门选择。玩家2说：这是一个圆形的物品，通常由橡胶或合成材料制成，具有弹性。它在体育用品中以其特有的弹跳性和耐久性而闻名，特别适合用于户外活动。与其他类似的圆形体育用品相比，它的尺寸和重量经过精心设计，以便在特定的竞技运动中发挥最佳效果。这个物品通常用于户外活动，它是一个球体，具有弹性，表面光滑。它的设计使得它在竞技运动中非常受欢迎，特别是在那些需要团队合作和策略的比赛中。这个物品在体育用品中以其独特的尺寸和重量而著称，这些特性使得它能够在不同的场地和条件下保持一致的表现。它的流行程度和多功能性使其成为运动爱好者的首选。玩家3说：1. 这是一个圆形的球体，通常由橡胶或合成材料制成，表面光滑。
2. 它在体育用品中以其特定的尺寸和重量设计而著称，适合特定的竞技运动。1. 这个物品是一个圆形的球体，通常由橡胶或合成材料制成，表面光滑。

2. 它在体育用品中以其特定的尺寸和重量设计而著称，适合特定的竞技运动。这个物品在运动中扮演着关键角色，它的设计确保了在运动过程中的稳定性和控制性。玩家4说：这个物品的基本特征是它是一个圆形的球体，通常由橡胶或合成材料制成，表面光滑。它在体育用品中最突出的不同特征是其独特的弹跳性和耐久性，使其特别适合进行特定的竞技运动。这个物品在体育用品中以其轻便的构造和独特的飞行轨迹而著称。它的设计使得它在空中具有出色的稳定性和可操控性，非常适合进行快速和技巧性的竞技运动。此外，这个物品通常用于室内外场地，它的流行程度和多功能性使其成为运动爱好者的首选。你是第1号玩家，你的关键词是<篮球>。你的回答中绝对不能包含你的关键词<篮球>。这是第三轮描述，你之前的描述是这个物品通常用于户外活动，有圆形的表面和网状结构，是进行某种竞技运动的重要道具。它在体育用品中以其独特的圆形设计和多功能性而突出。和这个物品是运动中不可或缺的伙伴，它的表面设计确保了在运动过程中的稳定性和控制性。它不仅是竞技场上的焦点，也是户外娱乐的热门选择。，注意，这局游戏的词语分类为<体育用品>，卧底词和平民词都属于该类，请你补充关于关键词的描述，注意，你的描述应该比起之前的描述更加贴近关键词，作为之前的补充
2024-12-13 13:36:03,191 - 1 - INFO - **********PLAYER1**********
这个物品在竞技中扮演着核心角色，它的特性使其在空中飞行时既稳定又易于控制，对于需要精准投掷和接球的运动尤为关键。它的设计旨在提供良好的手感，同时确保在高速运动中的耐用性。
2024-12-13 13:36:12,963 - 1 - INFO - **********JUDGER**********
玩家1说：这个物品通常用于户外活动，有圆形的表面和网状结构，是进行某种竞技运动的重要道具。它在体育用品中以其独特的圆形设计和多功能性而突出。这个物品是运动中不可或缺的伙伴，它的表面设计确保了在运动过程中的稳定性和控制性。它不仅是竞技场上的焦点，也是户外娱乐的热门选择。这个物品在竞技中扮演着核心角色，它的特性使其在空中飞行时既稳定又易于控制，对于需要精准投掷和接球的运动尤为关键。它的设计旨在提供良好的手感，同时确保在高速运动中的耐用性。玩家2说：这是一个圆形的物品，通常由橡胶或合成材料制成，具有弹性。它在体育用品中以其特有的弹跳性和耐久性而闻名，特别适合用于户外活动。与其他类似的圆形体育用品相比，它的尺寸和重量经过精心设计，以便在特定的竞技运动中发挥最佳效果。这个物品通常用于户外活动，它是一个球体，具有弹性，表面光滑。它的设计使得它在竞技运动中非常受欢迎，特别是在那些需要团队合作和策略的比赛中。这个物品在体育用品中以其独特的尺寸和重量而著称，这些特性使得它能够在不同的场地和条件下保持一致的表现。它的流行程度和多功能性使其成为运动爱好者的首选。这个物品是运动中不可或缺的伙伴，它具有弹性的表面，使得在空中飞行时既稳定又易于控制。它的设计旨在提供良好的手感，同时确保在高速运动中的耐用性。这个物品在竞技运动中扮演着核心角色，对于需要精准投掷和接球的运动尤为关键。它的特性使其在空中飞行时具有出色的稳定性和可操控性，非常适合进行快速和技巧性的竞技运动。此外，这个物品通常用于室内外场地，它的流行程度和多功能性使其成为运动爱好者的首选。玩家3说：1. 这是一个圆形的球体，通常由橡胶或合成材料制成，表面光滑。
2. 它在体育用品中以其特定的尺寸和重量设计而著称，适合特定的竞技运动。1. 这个物品是一个圆形的球体，通常由橡胶或合成材料制成，表面光滑。

2. 它在体育用品中以其特定的尺寸和重量设计而著称，适合特定的竞技运动。这个物品在运动中扮演着关键角色，它的设计确保了在运动过程中的稳定性和控制性。1. 这个物品是一个圆形的球体，通常由橡胶或合成材料制成，表面光滑。

2. 它在体育用品中以其特定的尺寸和重量设计而著称，适合特定的竞技运动。这个物品的设计确保了在运动过程中的稳定性和控制性，使其在空中飞行时既稳定又易于控制，对于需要精准投掷和接球的运动尤为关键。玩家4说：这个物品的基本特征是它是一个圆形的球体，通常由橡胶或合成材料制成，表面光滑。它在体育用品中最突出的不同特征是其独特的弹跳性和耐久性，使其特别适合进行特定的竞技运动。这个物品在体育用品中以其轻便的构造和独特的飞行轨迹而著称。它的设计使得它在空中具有出色的稳定性和可操控性，非常适合进行快速和技巧性的竞技运动。此外，这个物品通常用于室内外场地，它的流行程度和多功能性使其成为运动爱好者的首选。这个物品在体育用品中以其轻巧的体积和便于携带的特点而受到青睐。它的构造简单但精巧，使得它能够在空中产生快速而精确的飞行。这个物品在竞技运动中的使用要求高度的技巧和精准的控制，它的飞行轨迹独特，对于需要快速反应和灵活策略的运动尤其重要。此外，这个物品的耐用性使其能够经受住频繁的使用和剧烈的撞击。||在这个游戏中，我们需要通过分析每位玩家的描述来找出卧底。通常，平民的描述会围绕相同的词语展开，而卧底的描述可能会因为词语的不同而显得不太一致。我们需要仔细比较每个描述之间的相似性和差异性，以找出可能的卧底，注意，卧底并不会隐藏自己，他会直接描述他的词语，现在，逐一分析每个玩家的描述，注意，这局游戏的词语分类为<体育用品>，卧底词和平民词都属于该类。||之前是第3轮描述和之前轮数描述的合集。你之前认为的卧底是玩家1。
2024-12-13 13:36:23,097 - 1 - INFO - **********PLAYER1**********
根据第三轮描述和之前的分析，以下是对各玩家描述的比较：

玩家1的描述中提到了圆形表面、网状结构、稳定性和控制性，但没有特别强调弹跳性和耐久性。

玩家2的描述中多次提到了弹跳性、耐久性、尺寸和重量设计，以及流行程度和多功能性，这与篮球的特点相符。

玩家3的描述中提到了圆形球体、特定的尺寸和重量设计、稳定性和控制性，但没有特别强调弹跳性和耐久性。

玩家4的描述中强调了弹跳性、耐久性、轻便的构造、独特的飞行轨迹、快速和技巧性的竞技运动，以及耐用性，这些特点也与篮球相符。

综合比较，玩家2和玩家4的描述与篮球的特点最为吻合，而玩家1和玩家3的描述虽然提到了一些篮球的特点，但没有像玩家2和玩家4那样全面。因此，根据描述的相似性和差异性，玩家1和玩家3可能是平民，而玩家2和玩家4可能是卧底。

由于之前认为玩家1是卧底，现在根据新的描述，玩家2和玩家4的描述与篮球更为吻合，因此我的最终结论是：

卧底可能是玩家2或玩家4。
2024-12-13 13:36:23,098 - 1 - INFO - **********JUDGER**********
你刚刚的分析是根据第三轮描述和之前的分析，以下是对各玩家描述的比较：

玩家1的描述中提到了圆形表面、网状结构、稳定性和控制性，但没有特别强调弹跳性和耐久性。

玩家2的描述中多次提到了弹跳性、耐久性、尺寸和重量设计，以及流行程度和多功能性，这与篮球的特点相符。

玩家3的描述中提到了圆形球体、特定的尺寸和重量设计、稳定性和控制性，但没有特别强调弹跳性和耐久性。

玩家4的描述中强调了弹跳性、耐久性、轻便的构造、独特的飞行轨迹、快速和技巧性的竞技运动，以及耐用性，这些特点也与篮球相符。

综合比较，玩家2和玩家4的描述与篮球的特点最为吻合，而玩家1和玩家3的描述虽然提到了一些篮球的特点，但没有像玩家2和玩家4那样全面。因此，根据描述的相似性和差异性，玩家1和玩家3可能是平民，而玩家2和玩家4可能是卧底。

由于之前认为玩家1是卧底，现在根据新的描述，玩家2和玩家4的描述与篮球更为吻合，因此我的最终结论是：

卧底可能是玩家2或玩家4。|| `请根据上述分析，比较描述以找出不一致之处，注意，这局游戏的词语分类为<体育用品>，卧底词和平民词都属于该类。
2024-12-13 13:36:30,106 - 1 - INFO - **********PLAYER1**********
在比较各玩家的描述以找出不一致之处时，我们可以注意到以下几点：

1. 玩家1的描述中提到了网状结构，这是篮球的独特特征，而其他玩家没有提到这一点。

2. 玩家2的描述中多次提到了弹跳性、耐久性、尺寸和重量设计，以及流行程度和多功能性，这些都是篮球的特点。

3. 玩家3的描述中提到了圆形球体、特定的尺寸和重量设计、稳定性和控制性，但没有特别强调弹跳性和耐久性，这与篮球的特点有所差异。

4. 玩家4的描述中强调了弹跳性、耐久性、轻便的构造、独特的飞行轨迹、快速和技巧性的竞技运动，以及耐用性，这些特点也与篮球相符。

不一致之处主要体现在玩家1和玩家3的描述上。玩家1提到了网状结构，而玩家3没有提到这一点，且玩家3的描述中没有强调弹跳性和耐久性，这两个特点是篮球的关键特征。因此，玩家1和玩家3的描述与其他玩家存在不一致之处。
2024-12-13 13:36:30,112 - 1 - INFO - **********JUDGER**********
你刚刚的分析是在比较各玩家的描述以找出不一致之处时，我们可以注意到以下几点：

1. 玩家1的描述中提到了网状结构，这是篮球的独特特征，而其他玩家没有提到这一点。

2. 玩家2的描述中多次提到了弹跳性、耐久性、尺寸和重量设计，以及流行程度和多功能性，这些都是篮球的特点。

3. 玩家3的描述中提到了圆形球体、特定的尺寸和重量设计、稳定性和控制性，但没有特别强调弹跳性和耐久性，这与篮球的特点有所差异。

4. 玩家4的描述中强调了弹跳性、耐久性、轻便的构造、独特的飞行轨迹、快速和技巧性的竞技运动，以及耐用性，这些特点也与篮球相符。

不一致之处主要体现在玩家1和玩家3的描述上。玩家1提到了网状结构，而玩家3没有提到这一点，且玩家3的描述中没有强调弹跳性和耐久性，这两个特点是篮球的关键特征。因此，玩家1和玩家3的描述与其他玩家存在不一致之处。|| 请通过你分析的不一致之处，推断卧底身份，注意，这局游戏的词语分类为<体育用品>，卧底词和平民词都属于该类。
2024-12-13 13:36:32,240 - 1 - INFO - **********PLAYER1**********
根据分析的不一致之处，玩家1的描述中提到了网状结构，这是篮球的独特特征，而其他玩家没有提到这一点。因此，结合游戏规则和词语分类，我认为玩家1很可能是卧底。
2024-12-13 13:36:32,243 - 1 - INFO - **********JUDGER**********
你刚刚的推断是根据分析的不一致之处，玩家1的描述中提到了网状结构，这是篮球的独特特征，而其他玩家没有提到这一点。因此，结合游戏规则和词语分类，我认为玩家1很可能是卧底。|| 基于你刚刚的推断得出你的最终结论，请输出你认为的卧底，在这种情况下只需要输出编号，是1-4中的某个数字，不要输出其他信息。在这个过程不要进行任何推理，只对||以前的部分进行信息提取
2024-12-13 13:36:33,594 - 1 - INFO - **********PLAYER1**********
1
2024-12-13 13:36:33,595 - 1 - INFO - **********JUDGER**********
你认为卧底是你自己。你现在需要随便选一个人投票。请输出一个数字，是1-4中的某个数字，但这个数字不能是1，不要输出其他信息。
2024-12-13 13:36:34,568 - 1 - INFO - **********PLAYER1**********
2
