2024-12-13 13:32:40,971 - 2 - INFO - **********JUDGER**********
让我们来玩一个叫做<谁是卧底>的推理游戏。基本规则：<人数>：4人。<角色分配>：每位玩家随机抽取一个词语，3名玩家拿到的词语是相同的（平民词），1名玩家拿到与之相近但不同的词语（卧底词）。<游戏流程>：1、玩家轮流描述自己的词语，但<不能>直接说出词语本身。2、描述完毕后，投票选出最像卧底的玩家。3、每轮结束后，被投票选出的玩家出局，不能再进行描述或投票。4、每轮投票结束后，如果卧底被成功找出，平民方获胜；如果卧底未被找出且卧底人数等于或超过平民人数，则卧底方获胜。你将扮演一个<玩家>，请等待你被分配到的关键词。如果你听懂了，只回答，"好的，我准备好参加游戏了"，不要输出别的信息
2024-12-13 13:32:41,614 - 2 - INFO - **********PLAYER2**********
好的，我准备好参加游戏了
2024-12-13 13:32:47,016 - 2 - INFO - **********JUDGER**********
玩家1说：这个物品通常用于户外活动，有圆形的表面和网状结构，是进行某种竞技运动的重要道具。它在体育用品中以其独特的圆形设计和多功能性而突出。玩家2说：玩家3说：玩家4说：|| 你是第2号玩家，你的关键词是<篮球>。你的回答中绝对不能包含你的关键词<篮球>。这是第一轮描述，不需要分析||之前别的玩家的描述，请你描述关键词基本特征，注意，这局游戏的词语分类为<体育用品>，卧底词和平民词都属于该类，描述包括以下两点，1.他的基本特征是什么2.他在该类（体育用品）中最突出不同的特征是什么，尽量简短
2024-12-13 13:32:48,792 - 2 - INFO - **********PLAYER2**********
这是一个圆形的物品，通常由橡胶或合成材料制成，具有弹性。它在体育用品中以其特有的弹跳性和耐久性而闻名，特别适合用于户外活动。与其他类似的圆形体育用品相比，它的尺寸和重量经过精心设计，以便在特定的竞技运动中发挥最佳效果。
2024-12-13 13:33:12,007 - 2 - INFO - **********JUDGER**********
玩家1说：这个物品通常用于户外活动，有圆形的表面和网状结构，是进行某种竞技运动的重要道具。它在体育用品中以其独特的圆形设计和多功能性而突出。玩家2说：这是一个圆形的物品，通常由橡胶或合成材料制成，具有弹性。它在体育用品中以其特有的弹跳性和耐久性而闻名，特别适合用于户外活动。与其他类似的圆形体育用品相比，它的尺寸和重量经过精心设计，以便在特定的竞技运动中发挥最佳效果。玩家3说：1. 这是一个圆形的球体，通常由橡胶或合成材料制成，表面光滑。
2. 它在体育用品中以其特定的尺寸和重量设计而著称，适合特定的竞技运动。玩家4说：||在这个游戏中，我们需要通过分析每位玩家的描述来找出卧底。通常，平民的描述会围绕相同的词语展开，而卧底的描述可能会因为词语的不同而显得不太一致。我们需要仔细比较每个描述之间的相似性和差异性，以找出可能的卧底，注意，卧底并不会隐藏自己，他会直接描述他的词语，现在，逐一分析每个玩家的描述，注意，这局游戏的词语分类为<体育用品>，卧底词和平民词都属于该类。这是第一轮描述。
2024-12-13 13:33:18,075 - 2 - INFO - **********PLAYER2**********
好的，根据四位玩家的描述，我们可以进行以下分析：

玩家1的描述提到了“圆形的表面和网状结构”，这听起来像是篮球的篮筐。然而，他没有提到“弹跳性”或“竞技运动”，这些是篮球的关键特征。

玩家2的描述非常详细，提到了“圆形的物品”、“橡胶或合成材料制成”、“弹跳性和耐久性”，这些都是篮球的典型特征。

玩家3的描述与玩家2的描述非常相似，强调了“圆形的球体”、“特定的尺寸和重量设计”，这也是篮球的特点。

玩家4的描述虽然简短，但同样提到了“圆形的球体”和“特定的尺寸和重量设计”，这与篮球的特征相符。

综合以上描述，玩家1的描述似乎缺少了一些关键特征，而玩家2、3和4的描述都较为一致，强调了篮球的弹跳性、耐久性和尺寸重量设计。因此，玩家1的描述可能不太符合篮球这一词语，他可能是卧底。不过，由于卧底不会直接描述自己的词语，我们只能通过排除法来猜测。如果其他玩家的词语是篮球，那么玩家1可能是卧底。如果其他玩家的词语不是篮球，那么他们可能是卧底。由于没有更多信息，我们无法确定谁是卧底。
2024-12-13 13:33:18,077 - 2 - INFO - **********JUDGER**********
你刚刚的分析是好的，根据四位玩家的描述，我们可以进行以下分析：

玩家1的描述提到了“圆形的表面和网状结构”，这听起来像是篮球的篮筐。然而，他没有提到“弹跳性”或“竞技运动”，这些是篮球的关键特征。

玩家2的描述非常详细，提到了“圆形的物品”、“橡胶或合成材料制成”、“弹跳性和耐久性”，这些都是篮球的典型特征。

玩家3的描述与玩家2的描述非常相似，强调了“圆形的球体”、“特定的尺寸和重量设计”，这也是篮球的特点。

玩家4的描述虽然简短，但同样提到了“圆形的球体”和“特定的尺寸和重量设计”，这与篮球的特征相符。

综合以上描述，玩家1的描述似乎缺少了一些关键特征，而玩家2、3和4的描述都较为一致，强调了篮球的弹跳性、耐久性和尺寸重量设计。因此，玩家1的描述可能不太符合篮球这一词语，他可能是卧底。不过，由于卧底不会直接描述自己的词语，我们只能通过排除法来猜测。如果其他玩家的词语是篮球，那么玩家1可能是卧底。如果其他玩家的词语不是篮球，那么他们可能是卧底。由于没有更多信息，我们无法确定谁是卧底。|| `请根据上述分析，比较描述以找出不一致之处，注意，这局游戏的词语分类为<体育用品>，卧底词和平民词都属于该类。
2024-12-13 13:33:30,123 - 2 - INFO - **********PLAYER2**********
根据上述分析，我们可以比较四位玩家的描述以找出不一致之处：

1. 玩家1的描述：
   - 提到“圆形的表面和网状结构”
   - 没有提到“弹跳性”或“竞技运动”

2. 玩家2的描述：
   - 提到“圆形的物品”、“橡胶或合成材料制成”
   - 强调了“弹跳性和耐久性”
   - 提到“特定的尺寸和重量设计”

3. 玩家3的描述：
   - 提到“圆形的球体”
   - 强调了“特定的尺寸和重量设计”

4. 玩家4的描述：
   - 提到“圆形的球体”
   - 提到“特定的尺寸和重量设计”

不一致之处在于：

- 玩家1的描述没有提到“弹跳性”和“竞技运动”，这两个特征是篮球的关键属性，而玩家2、3和4都提到了这些特征。
- 玩家1的描述中提到了“网状结构”，这通常与篮球篮筐相关，而不是篮球本身。
- 玩家2、3和4的描述都强调了篮球的尺寸和重量设计，这是篮球的独特之处，而玩家1没有提到这一点。

基于这些不一致之处，玩家1的描述可能与篮球这一词语的特征不太相符，因此他可能是卧底。其他玩家的描述更加一致，围绕篮球的关键特征展开。
2024-12-13 13:33:30,134 - 2 - INFO - **********JUDGER**********
你刚刚的分析是根据上述分析，我们可以比较四位玩家的描述以找出不一致之处：

1. 玩家1的描述：
   - 提到“圆形的表面和网状结构”
   - 没有提到“弹跳性”或“竞技运动”

2. 玩家2的描述：
   - 提到“圆形的物品”、“橡胶或合成材料制成”
   - 强调了“弹跳性和耐久性”
   - 提到“特定的尺寸和重量设计”

3. 玩家3的描述：
   - 提到“圆形的球体”
   - 强调了“特定的尺寸和重量设计”

4. 玩家4的描述：
   - 提到“圆形的球体”
   - 提到“特定的尺寸和重量设计”

不一致之处在于：

- 玩家1的描述没有提到“弹跳性”和“竞技运动”，这两个特征是篮球的关键属性，而玩家2、3和4都提到了这些特征。
- 玩家1的描述中提到了“网状结构”，这通常与篮球篮筐相关，而不是篮球本身。
- 玩家2、3和4的描述都强调了篮球的尺寸和重量设计，这是篮球的独特之处，而玩家1没有提到这一点。

基于这些不一致之处，玩家1的描述可能与篮球这一词语的特征不太相符，因此他可能是卧底。其他玩家的描述更加一致，围绕篮球的关键特征展开。|| 请通过你分析的不一致之处，推断卧底身份，注意，这局游戏的词语分类为<体育用品>，卧底词和平民词都属于该类。
2024-12-13 13:33:34,726 - 2 - INFO - **********PLAYER2**********
基于分析中提到的不一致之处，我们可以推断以下可能性：

1. 玩家1的描述中提到了“圆形的表面和网状结构”，这更符合篮球篮筐的特征，而不是篮球本身。篮球篮筐通常与“弹跳性”和“竞技运动”没有直接关联，因此玩家1的描述可能指向了篮筐而不是篮球。

2. 玩家2、3和4的描述都集中在篮球的物理特征上，如“圆形的物品”、“橡胶或合成材料制成”、“弹跳性和耐久性”、“特定的尺寸和重量设计”，这些都是篮球的典型特征。

由于卧底词和平民词都属于体育用品这一类别，且玩家2、3和4的描述都指向了篮球，这增加了他们平民身份的可能性。而玩家1的描述与篮球的关键特征不符，更像是篮筐的描述，这让他看起来更像是一个卧底。

因此，根据描述的不一致之处，玩家1可能是卧底，他的关键词可能是与篮球篮筐相关的体育用品，而不是篮球本身。
2024-12-13 13:33:34,729 - 2 - INFO - **********JUDGER**********
你刚刚的推断是基于分析中提到的不一致之处，我们可以推断以下可能性：

1. 玩家1的描述中提到了“圆形的表面和网状结构”，这更符合篮球篮筐的特征，而不是篮球本身。篮球篮筐通常与“弹跳性”和“竞技运动”没有直接关联，因此玩家1的描述可能指向了篮筐而不是篮球。

2. 玩家2、3和4的描述都集中在篮球的物理特征上，如“圆形的物品”、“橡胶或合成材料制成”、“弹跳性和耐久性”、“特定的尺寸和重量设计”，这些都是篮球的典型特征。

由于卧底词和平民词都属于体育用品这一类别，且玩家2、3和4的描述都指向了篮球，这增加了他们平民身份的可能性。而玩家1的描述与篮球的关键特征不符，更像是篮筐的描述，这让他看起来更像是一个卧底。

因此，根据描述的不一致之处，玩家1可能是卧底，他的关键词可能是与篮球篮筐相关的体育用品，而不是篮球本身。|| 基于你刚刚的推断得出你的最终结论，请输出你认为的卧底，在这种情况下只需要输出编号，是1-4中的某个数字，不要输出其他信息。在这个过程不要进行任何推理，只对||以前的部分进行信息提取
2024-12-13 13:33:35,246 - 2 - INFO - **********PLAYER2**********
1
2024-12-13 13:34:32,288 - 2 - INFO - **********JUDGER**********
玩家1说：这个物品通常用于户外活动，有圆形的表面和网状结构，是进行某种竞技运动的重要道具。它在体育用品中以其独特的圆形设计和多功能性而突出。这个物品是运动中不可或缺的伙伴，它的表面设计确保了在运动过程中的稳定性和控制性。它不仅是竞技场上的焦点，也是户外娱乐的热门选择。玩家2说：这是一个圆形的物品，通常由橡胶或合成材料制成，具有弹性。它在体育用品中以其特有的弹跳性和耐久性而闻名，特别适合用于户外活动。与其他类似的圆形体育用品相比，它的尺寸和重量经过精心设计，以便在特定的竞技运动中发挥最佳效果。玩家3说：1. 这是一个圆形的球体，通常由橡胶或合成材料制成，表面光滑。
2. 它在体育用品中以其特定的尺寸和重量设计而著称，适合特定的竞技运动。玩家4说：这个物品的基本特征是它是一个圆形的球体，通常由橡胶或合成材料制成，表面光滑。它在体育用品中最突出的不同特征是其独特的弹跳性和耐久性，使其特别适合进行特定的竞技运动。你是第2号玩家，你的关键词是<篮球>。你的回答中绝对不能包含你的关键词<篮球>。这是第二轮描述，你之前的描述是这是一个圆形的物品，通常由橡胶或合成材料制成，具有弹性。它在体育用品中以其特有的弹跳性和耐久性而闻名，特别适合用于户外活动。与其他类似的圆形体育用品相比，它的尺寸和重量经过精心设计，以便在特定的竞技运动中发挥最佳效果。，注意，这局游戏的词语分类为<体育用品>，卧底词和平民词都属于该类，请你补充关于关键词的描述，注意，你的描述应该比起之前的描述更加贴近关键词，作为之前的补充
2024-12-13 13:34:34,325 - 2 - INFO - **********PLAYER2**********
这个物品通常用于户外活动，它是一个球体，具有弹性，表面光滑。它的设计使得它在竞技运动中非常受欢迎，特别是在那些需要团队合作和策略的比赛中。这个物品在体育用品中以其独特的尺寸和重量而著称，这些特性使得它能够在不同的场地和条件下保持一致的表现。它的流行程度和多功能性使其成为运动爱好者的首选。
2024-12-13 13:34:50,590 - 2 - INFO - **********JUDGER**********
玩家1说：这个物品通常用于户外活动，有圆形的表面和网状结构，是进行某种竞技运动的重要道具。它在体育用品中以其独特的圆形设计和多功能性而突出。这个物品是运动中不可或缺的伙伴，它的表面设计确保了在运动过程中的稳定性和控制性。它不仅是竞技场上的焦点，也是户外娱乐的热门选择。玩家2说：这是一个圆形的物品，通常由橡胶或合成材料制成，具有弹性。它在体育用品中以其特有的弹跳性和耐久性而闻名，特别适合用于户外活动。与其他类似的圆形体育用品相比，它的尺寸和重量经过精心设计，以便在特定的竞技运动中发挥最佳效果。这个物品通常用于户外活动，它是一个球体，具有弹性，表面光滑。它的设计使得它在竞技运动中非常受欢迎，特别是在那些需要团队合作和策略的比赛中。这个物品在体育用品中以其独特的尺寸和重量而著称，这些特性使得它能够在不同的场地和条件下保持一致的表现。它的流行程度和多功能性使其成为运动爱好者的首选。玩家3说：1. 这是一个圆形的球体，通常由橡胶或合成材料制成，表面光滑。
2. 它在体育用品中以其特定的尺寸和重量设计而著称，适合特定的竞技运动。1. 这个物品是一个圆形的球体，通常由橡胶或合成材料制成，表面光滑。

2. 它在体育用品中以其特定的尺寸和重量设计而著称，适合特定的竞技运动。这个物品在运动中扮演着关键角色，它的设计确保了在运动过程中的稳定性和控制性。玩家4说：这个物品的基本特征是它是一个圆形的球体，通常由橡胶或合成材料制成，表面光滑。它在体育用品中最突出的不同特征是其独特的弹跳性和耐久性，使其特别适合进行特定的竞技运动。||在这个游戏中，我们需要通过分析每位玩家的描述来找出卧底。通常，平民的描述会围绕相同的词语展开，而卧底的描述可能会因为词语的不同而显得不太一致。我们需要仔细比较每个描述之间的相似性和差异性，以找出可能的卧底，注意，卧底并不会隐藏自己，他会直接描述他的词语，现在，逐一分析每个玩家的描述，注意，这局游戏的词语分类为<体育用品>，卧底词和平民词都属于该类。||之前是第2轮描述和之前轮数描述的合集。你之前认为的卧底是玩家1。
2024-12-13 13:34:58,767 - 2 - INFO - **********PLAYER2**********
根据第二轮描述和之前的分析，以下是每位玩家的描述总结：

玩家1的描述强调了物品的“圆形的表面和网状结构”，以及它在竞技运动中的重要性，但没有提到“弹跳性”或“尺寸和重量设计”。

玩家2的描述中提到了物品的“弹跳性和耐久性”，以及“特定的尺寸和重量设计”，并且提到了它适合户外活动和特定的竞技运动。

玩家3的描述重复了关于物品的“圆形的球体”、“表面光滑”、“特定的尺寸和重量设计”和“适合特定的竞技运动”的描述。

玩家4的描述也提到了物品的“圆形的球体”、“表面光滑”、“独特的弹跳性和耐久性”以及“适合特定的竞技运动”。

根据这些描述，玩家2、3和4的描述都非常相似，都强调了物品的弹跳性、耐久性、尺寸和重量设计，以及适合特定的竞技运动。这与篮球的特征相符。

玩家1的描述虽然提到了圆形表面和网状结构，但没有提到弹跳性和尺寸重量设计，这与其他玩家的描述有所不同。

因此，根据描述的一致性和差异性，玩家1的描述似乎与篮球的特征不太一致，他可能是卧底。之前的推断认为玩家1是卧底，这个分析结果与之前的推断一致。
2024-12-13 13:34:58,769 - 2 - INFO - **********JUDGER**********
你刚刚的分析是根据第二轮描述和之前的分析，以下是每位玩家的描述总结：

玩家1的描述强调了物品的“圆形的表面和网状结构”，以及它在竞技运动中的重要性，但没有提到“弹跳性”或“尺寸和重量设计”。

玩家2的描述中提到了物品的“弹跳性和耐久性”，以及“特定的尺寸和重量设计”，并且提到了它适合户外活动和特定的竞技运动。

玩家3的描述重复了关于物品的“圆形的球体”、“表面光滑”、“特定的尺寸和重量设计”和“适合特定的竞技运动”的描述。

玩家4的描述也提到了物品的“圆形的球体”、“表面光滑”、“独特的弹跳性和耐久性”以及“适合特定的竞技运动”。

根据这些描述，玩家2、3和4的描述都非常相似，都强调了物品的弹跳性、耐久性、尺寸和重量设计，以及适合特定的竞技运动。这与篮球的特征相符。

玩家1的描述虽然提到了圆形表面和网状结构，但没有提到弹跳性和尺寸重量设计，这与其他玩家的描述有所不同。

因此，根据描述的一致性和差异性，玩家1的描述似乎与篮球的特征不太一致，他可能是卧底。之前的推断认为玩家1是卧底，这个分析结果与之前的推断一致。|| `请根据上述分析，比较描述以找出不一致之处，注意，这局游戏的词语分类为<体育用品>，卧底词和平民词都属于该类。
2024-12-13 13:35:06,781 - 2 - INFO - **********PLAYER2**********
根据上述分析，以下是不一致之处：

1. 玩家1的描述中提到了“圆形的表面和网状结构”，这通常与篮球篮筐的特征相关，而不是篮球本身。他没有提到“弹跳性”或“尺寸和重量设计”，这两个特征是篮球的关键属性。

2. 玩家2、3和4的描述都集中强调了篮球的“弹跳性”、“耐久性”、“特定的尺寸和重量设计”以及“适合特定的竞技运动”。这些描述与篮球的特征高度一致。

3. 玩家2和4的描述中都提到了“独特的弹跳性和耐久性”，而玩家3的描述中虽然也提到了这些特征，但没有使用“独特”这个词。

4. 玩家3的描述中两次重复了关于物品的“特定的尺寸和重量设计”，这可能表明他在强调这一点，而玩家1和玩家2没有提到这一点。

综上所述，玩家1的描述与篮球的关键特征存在不一致之处，而玩家2、3和4的描述更加一致，围绕篮球的特征展开。这表明玩家1可能是卧底。
2024-12-13 13:35:06,782 - 2 - INFO - **********JUDGER**********
你刚刚的分析是根据上述分析，以下是不一致之处：

1. 玩家1的描述中提到了“圆形的表面和网状结构”，这通常与篮球篮筐的特征相关，而不是篮球本身。他没有提到“弹跳性”或“尺寸和重量设计”，这两个特征是篮球的关键属性。

2. 玩家2、3和4的描述都集中强调了篮球的“弹跳性”、“耐久性”、“特定的尺寸和重量设计”以及“适合特定的竞技运动”。这些描述与篮球的特征高度一致。

3. 玩家2和4的描述中都提到了“独特的弹跳性和耐久性”，而玩家3的描述中虽然也提到了这些特征，但没有使用“独特”这个词。

4. 玩家3的描述中两次重复了关于物品的“特定的尺寸和重量设计”，这可能表明他在强调这一点，而玩家1和玩家2没有提到这一点。

综上所述，玩家1的描述与篮球的关键特征存在不一致之处，而玩家2、3和4的描述更加一致，围绕篮球的特征展开。这表明玩家1可能是卧底。|| 请通过你分析的不一致之处，推断卧底身份，注意，这局游戏的词语分类为<体育用品>，卧底词和平民词都属于该类。
2024-12-13 13:35:10,355 - 2 - INFO - **********PLAYER2**********
基于上述分析的不一致之处，可以推断玩家1是卧底。他的描述提到了“圆形的表面和网状结构”，这与篮球的特征不符，因为篮球是圆形的球体，而不是带有网状结构的物品。此外，他没有提到篮球的关键特征如“弹跳性”或“尺寸和重量设计”，而其他玩家的描述则围绕这些特征展开。因此，玩家1的描述与篮球这一词语的特征不一致，他可能是持有不同词语的卧底。
2024-12-13 13:35:10,357 - 2 - INFO - **********JUDGER**********
你刚刚的推断是基于上述分析的不一致之处，可以推断玩家1是卧底。他的描述提到了“圆形的表面和网状结构”，这与篮球的特征不符，因为篮球是圆形的球体，而不是带有网状结构的物品。此外，他没有提到篮球的关键特征如“弹跳性”或“尺寸和重量设计”，而其他玩家的描述则围绕这些特征展开。因此，玩家1的描述与篮球这一词语的特征不一致，他可能是持有不同词语的卧底。|| 基于你刚刚的推断得出你的最终结论，请输出你认为的卧底，在这种情况下只需要输出编号，是1-4中的某个数字，不要输出其他信息。在这个过程不要进行任何推理，只对||以前的部分进行信息提取
2024-12-13 13:35:11,172 - 2 - INFO - **********PLAYER2**********
1
2024-12-13 13:36:03,193 - 2 - INFO - **********JUDGER**********
玩家1说：这个物品通常用于户外活动，有圆形的表面和网状结构，是进行某种竞技运动的重要道具。它在体育用品中以其独特的圆形设计和多功能性而突出。这个物品是运动中不可或缺的伙伴，它的表面设计确保了在运动过程中的稳定性和控制性。它不仅是竞技场上的焦点，也是户外娱乐的热门选择。这个物品在竞技中扮演着核心角色，它的特性使其在空中飞行时既稳定又易于控制，对于需要精准投掷和接球的运动尤为关键。它的设计旨在提供良好的手感，同时确保在高速运动中的耐用性。玩家2说：这是一个圆形的物品，通常由橡胶或合成材料制成，具有弹性。它在体育用品中以其特有的弹跳性和耐久性而闻名，特别适合用于户外活动。与其他类似的圆形体育用品相比，它的尺寸和重量经过精心设计，以便在特定的竞技运动中发挥最佳效果。这个物品通常用于户外活动，它是一个球体，具有弹性，表面光滑。它的设计使得它在竞技运动中非常受欢迎，特别是在那些需要团队合作和策略的比赛中。这个物品在体育用品中以其独特的尺寸和重量而著称，这些特性使得它能够在不同的场地和条件下保持一致的表现。它的流行程度和多功能性使其成为运动爱好者的首选。玩家3说：1. 这是一个圆形的球体，通常由橡胶或合成材料制成，表面光滑。
2. 它在体育用品中以其特定的尺寸和重量设计而著称，适合特定的竞技运动。1. 这个物品是一个圆形的球体，通常由橡胶或合成材料制成，表面光滑。

2. 它在体育用品中以其特定的尺寸和重量设计而著称，适合特定的竞技运动。这个物品在运动中扮演着关键角色，它的设计确保了在运动过程中的稳定性和控制性。玩家4说：这个物品的基本特征是它是一个圆形的球体，通常由橡胶或合成材料制成，表面光滑。它在体育用品中最突出的不同特征是其独特的弹跳性和耐久性，使其特别适合进行特定的竞技运动。这个物品在体育用品中以其轻便的构造和独特的飞行轨迹而著称。它的设计使得它在空中具有出色的稳定性和可操控性，非常适合进行快速和技巧性的竞技运动。此外，这个物品通常用于室内外场地，它的流行程度和多功能性使其成为运动爱好者的首选。你是第2号玩家，你的关键词是<篮球>。你的回答中绝对不能包含你的关键词<篮球>。这是第三轮描述，你之前的描述是这是一个圆形的物品，通常由橡胶或合成材料制成，具有弹性。它在体育用品中以其特有的弹跳性和耐久性而闻名，特别适合用于户外活动。与其他类似的圆形体育用品相比，它的尺寸和重量经过精心设计，以便在特定的竞技运动中发挥最佳效果。和这个物品通常用于户外活动，它是一个球体，具有弹性，表面光滑。它的设计使得它在竞技运动中非常受欢迎，特别是在那些需要团队合作和策略的比赛中。这个物品在体育用品中以其独特的尺寸和重量而著称，这些特性使得它能够在不同的场地和条件下保持一致的表现。它的流行程度和多功能性使其成为运动爱好者的首选。，注意，这局游戏的词语分类为<体育用品>，卧底词和平民词都属于该类，请你补充关于关键词的描述，注意，你的描述应该比起之前的描述更加贴近关键词，作为之前的补充
2024-12-13 13:36:07,043 - 2 - INFO - **********PLAYER2**********
这个物品是运动中不可或缺的伙伴，它具有弹性的表面，使得在空中飞行时既稳定又易于控制。它的设计旨在提供良好的手感，同时确保在高速运动中的耐用性。这个物品在竞技运动中扮演着核心角色，对于需要精准投掷和接球的运动尤为关键。它的特性使其在空中飞行时具有出色的稳定性和可操控性，非常适合进行快速和技巧性的竞技运动。此外，这个物品通常用于室内外场地，它的流行程度和多功能性使其成为运动爱好者的首选。
2024-12-13 13:36:34,571 - 2 - INFO - **********JUDGER**********
玩家1说：这个物品通常用于户外活动，有圆形的表面和网状结构，是进行某种竞技运动的重要道具。它在体育用品中以其独特的圆形设计和多功能性而突出。这个物品是运动中不可或缺的伙伴，它的表面设计确保了在运动过程中的稳定性和控制性。它不仅是竞技场上的焦点，也是户外娱乐的热门选择。这个物品在竞技中扮演着核心角色，它的特性使其在空中飞行时既稳定又易于控制，对于需要精准投掷和接球的运动尤为关键。它的设计旨在提供良好的手感，同时确保在高速运动中的耐用性。玩家2说：这是一个圆形的物品，通常由橡胶或合成材料制成，具有弹性。它在体育用品中以其特有的弹跳性和耐久性而闻名，特别适合用于户外活动。与其他类似的圆形体育用品相比，它的尺寸和重量经过精心设计，以便在特定的竞技运动中发挥最佳效果。这个物品通常用于户外活动，它是一个球体，具有弹性，表面光滑。它的设计使得它在竞技运动中非常受欢迎，特别是在那些需要团队合作和策略的比赛中。这个物品在体育用品中以其独特的尺寸和重量而著称，这些特性使得它能够在不同的场地和条件下保持一致的表现。它的流行程度和多功能性使其成为运动爱好者的首选。这个物品是运动中不可或缺的伙伴，它具有弹性的表面，使得在空中飞行时既稳定又易于控制。它的设计旨在提供良好的手感，同时确保在高速运动中的耐用性。这个物品在竞技运动中扮演着核心角色，对于需要精准投掷和接球的运动尤为关键。它的特性使其在空中飞行时具有出色的稳定性和可操控性，非常适合进行快速和技巧性的竞技运动。此外，这个物品通常用于室内外场地，它的流行程度和多功能性使其成为运动爱好者的首选。玩家3说：1. 这是一个圆形的球体，通常由橡胶或合成材料制成，表面光滑。
2. 它在体育用品中以其特定的尺寸和重量设计而著称，适合特定的竞技运动。1. 这个物品是一个圆形的球体，通常由橡胶或合成材料制成，表面光滑。

2. 它在体育用品中以其特定的尺寸和重量设计而著称，适合特定的竞技运动。这个物品在运动中扮演着关键角色，它的设计确保了在运动过程中的稳定性和控制性。1. 这个物品是一个圆形的球体，通常由橡胶或合成材料制成，表面光滑。

2. 它在体育用品中以其特定的尺寸和重量设计而著称，适合特定的竞技运动。这个物品的设计确保了在运动过程中的稳定性和控制性，使其在空中飞行时既稳定又易于控制，对于需要精准投掷和接球的运动尤为关键。玩家4说：这个物品的基本特征是它是一个圆形的球体，通常由橡胶或合成材料制成，表面光滑。它在体育用品中最突出的不同特征是其独特的弹跳性和耐久性，使其特别适合进行特定的竞技运动。这个物品在体育用品中以其轻便的构造和独特的飞行轨迹而著称。它的设计使得它在空中具有出色的稳定性和可操控性，非常适合进行快速和技巧性的竞技运动。此外，这个物品通常用于室内外场地，它的流行程度和多功能性使其成为运动爱好者的首选。这个物品在体育用品中以其轻巧的体积和便于携带的特点而受到青睐。它的构造简单但精巧，使得它能够在空中产生快速而精确的飞行。这个物品在竞技运动中的使用要求高度的技巧和精准的控制，它的飞行轨迹独特，对于需要快速反应和灵活策略的运动尤其重要。此外，这个物品的耐用性使其能够经受住频繁的使用和剧烈的撞击。||在这个游戏中，我们需要通过分析每位玩家的描述来找出卧底。通常，平民的描述会围绕相同的词语展开，而卧底的描述可能会因为词语的不同而显得不太一致。我们需要仔细比较每个描述之间的相似性和差异性，以找出可能的卧底，注意，卧底并不会隐藏自己，他会直接描述他的词语，现在，逐一分析每个玩家的描述，注意，这局游戏的词语分类为<体育用品>，卧底词和平民词都属于该类。||之前是第3轮描述和之前轮数描述的合集。你之前认为的卧底是玩家1。
2024-12-13 13:36:45,692 - 2 - INFO - **********PLAYER2**********
根据第三轮描述和之前轮数描述的合集，以下是每位玩家的描述总结：

玩家1的描述提到了“圆形的表面和网状结构”，以及物品在空中飞行时的稳定性和控制性，但没有提到物品的弹跳性和耐久性。

玩家2的描述中提到了物品的“弹跳性和耐久性”，以及“特定的尺寸和重量设计”，并且强调了它在户外活动和特定竞技运动中的适用性。

玩家3的描述重复了关于物品的“圆形的球体”、“表面光滑”、“特定的尺寸和重量设计”和“适合特定的竞技运动”的描述，并且强调了物品在空中飞行时的稳定性和控制性。

玩家4的描述也提到了物品的“圆形的球体”、“表面光滑”、“独特的弹跳性和耐久性”以及“适合特定的竞技运动”，并且强调了物品在空中飞行时的稳定性和可操控性。

综合以上描述，玩家2、3和4的描述都非常相似，都强调了物品的弹跳性、耐久性、尺寸和重量设计，以及适合特定竞技运动的特点。这些描述与篮球的特征相符。

玩家1的描述虽然提到了圆形表面和网状结构，但没有提到弹跳性和耐久性，这与其他玩家的描述有所不同。

因此，根据描述的一致性和差异性，玩家1的描述似乎与篮球的特征不太一致，他可能是卧底。之前的推断认为玩家1是卧底，这个分析结果与之前的推断一致。
2024-12-13 13:36:45,693 - 2 - INFO - **********JUDGER**********
你刚刚的分析是根据第三轮描述和之前轮数描述的合集，以下是每位玩家的描述总结：

玩家1的描述提到了“圆形的表面和网状结构”，以及物品在空中飞行时的稳定性和控制性，但没有提到物品的弹跳性和耐久性。

玩家2的描述中提到了物品的“弹跳性和耐久性”，以及“特定的尺寸和重量设计”，并且强调了它在户外活动和特定竞技运动中的适用性。

玩家3的描述重复了关于物品的“圆形的球体”、“表面光滑”、“特定的尺寸和重量设计”和“适合特定的竞技运动”的描述，并且强调了物品在空中飞行时的稳定性和控制性。

玩家4的描述也提到了物品的“圆形的球体”、“表面光滑”、“独特的弹跳性和耐久性”以及“适合特定的竞技运动”，并且强调了物品在空中飞行时的稳定性和可操控性。

综合以上描述，玩家2、3和4的描述都非常相似，都强调了物品的弹跳性、耐久性、尺寸和重量设计，以及适合特定竞技运动的特点。这些描述与篮球的特征相符。

玩家1的描述虽然提到了圆形表面和网状结构，但没有提到弹跳性和耐久性，这与其他玩家的描述有所不同。

因此，根据描述的一致性和差异性，玩家1的描述似乎与篮球的特征不太一致，他可能是卧底。之前的推断认为玩家1是卧底，这个分析结果与之前的推断一致。|| `请根据上述分析，比较描述以找出不一致之处，注意，这局游戏的词语分类为<体育用品>，卧底词和平民词都属于该类。
2024-12-13 13:36:51,747 - 2 - INFO - **********PLAYER2**********
玩家2说：这是一个圆形的物品，通常由橡胶或合成材料制成，具有弹性。它在体育用品中以其特有的弹跳性和耐久性而闻名，特别适合用于户外活动。与其他类似的圆形体育用品相比，它的尺寸和重量经过精心设计，以便在特定的竞技运动中发挥最佳效果。

玩家3说：这是一个圆形的球体，通常由橡胶或合成材料制成，表面光滑。

玩家4说：||

作为玩家2，我可以说：

这个物品是一种常见的体育用品，它通常用于多种户外运动，尤其是那些需要团队合作和个人技巧的运动。它的设计独特，具有很好的弹性和耐用性，这使得它在比赛中能够承受重复的撞击和滚动。与其他类似的圆形体育用品相比，它的尺寸和重量都是为了适应特定的运动需求而精心设计的，比如篮球、足球或排球等。这种物品的表面光滑，便于抓握和操控，同时也减少了运动中的摩擦和损伤风险。
2024-12-13 13:36:51,748 - 2 - INFO - **********JUDGER**********
你刚刚的分析是玩家2说：这是一个圆形的物品，通常由橡胶或合成材料制成，具有弹性。它在体育用品中以其特有的弹跳性和耐久性而闻名，特别适合用于户外活动。与其他类似的圆形体育用品相比，它的尺寸和重量经过精心设计，以便在特定的竞技运动中发挥最佳效果。

玩家3说：这是一个圆形的球体，通常由橡胶或合成材料制成，表面光滑。

玩家4说：||

作为玩家2，我可以说：

这个物品是一种常见的体育用品，它通常用于多种户外运动，尤其是那些需要团队合作和个人技巧的运动。它的设计独特，具有很好的弹性和耐用性，这使得它在比赛中能够承受重复的撞击和滚动。与其他类似的圆形体育用品相比，它的尺寸和重量都是为了适应特定的运动需求而精心设计的，比如篮球、足球或排球等。这种物品的表面光滑，便于抓握和操控，同时也减少了运动中的摩擦和损伤风险。|| 请通过你分析的不一致之处，推断卧底身份，注意，这局游戏的词语分类为<体育用品>，卧底词和平民词都属于该类。
2024-12-13 13:36:59,234 - 2 - INFO - **********PLAYER2**********
根据玩家2和玩家3的描述，我们可以进行以下分析：

玩家2的描述提到了物品的“弹跳性和耐久性”，以及“尺寸和重量经过精心设计”，并且强调了它适合户外活动和特定竞技运动。

玩家3的描述提到了物品是“圆形的球体”，通常由橡胶或合成材料制成，表面光滑，并且提到了“特定的尺寸和重量设计”。

两者都提到了物品的尺寸和重量设计，但玩家2特别强调了弹跳性和耐久性，而玩家3则没有提到这些特征。此外，玩家2提到了物品适用于多种户外运动，而玩家3没有具体提到适用运动类型。

由于玩家2的描述中包含了更多关于物品性能的细节，而玩家3的描述则相对简略，这可能导致玩家2的描述看起来更接近卧底的特征，因为他可能在使用更广泛的描述来涵盖多个可能的词语。然而，由于卧底不会隐藏自己，他会直接描述他的词语，所以玩家3的描述可能更符合平民的特征。

因此，基于描述的细节和广泛性，玩家2可能是卧底。
2024-12-13 13:36:59,237 - 2 - INFO - **********JUDGER**********
你刚刚的推断是根据玩家2和玩家3的描述，我们可以进行以下分析：

玩家2的描述提到了物品的“弹跳性和耐久性”，以及“尺寸和重量经过精心设计”，并且强调了它适合户外活动和特定竞技运动。

玩家3的描述提到了物品是“圆形的球体”，通常由橡胶或合成材料制成，表面光滑，并且提到了“特定的尺寸和重量设计”。

两者都提到了物品的尺寸和重量设计，但玩家2特别强调了弹跳性和耐久性，而玩家3则没有提到这些特征。此外，玩家2提到了物品适用于多种户外运动，而玩家3没有具体提到适用运动类型。

由于玩家2的描述中包含了更多关于物品性能的细节，而玩家3的描述则相对简略，这可能导致玩家2的描述看起来更接近卧底的特征，因为他可能在使用更广泛的描述来涵盖多个可能的词语。然而，由于卧底不会隐藏自己，他会直接描述他的词语，所以玩家3的描述可能更符合平民的特征。

因此，基于描述的细节和广泛性，玩家2可能是卧底。|| 基于你刚刚的推断得出你的最终结论，请输出你认为的卧底，在这种情况下只需要输出编号，是1-4中的某个数字，不要输出其他信息。在这个过程不要进行任何推理，只对||以前的部分进行信息提取
2024-12-13 13:37:00,691 - 2 - INFO - **********PLAYER2**********
2
2024-12-13 13:37:00,692 - 2 - INFO - **********JUDGER**********
你认为卧底是你自己。你现在需要随便选一个人投票。请输出一个数字，是1-4中的某个数字，但这个数字不能是2，不要输出其他信息。
2024-12-13 13:37:01,924 - 2 - INFO - **********PLAYER2**********
1
