2024-12-13 13:32:44,444 - 4 - INFO - **********JUDGER**********
让我们来玩一个叫做<谁是卧底>的推理游戏。基本规则：<人数>：4人。<角色分配>：每位玩家随机抽取一个词语，3名玩家拿到的词语是相同的（平民词），1名玩家拿到与之相近但不同的词语（卧底词）。<游戏流程>：1、玩家轮流描述自己的词语，但<不能>直接说出词语本身。2、描述完毕后，投票选出最像卧底的玩家。3、每轮结束后，被投票选出的玩家出局，不能再进行描述或投票。4、每轮投票结束后，如果卧底被成功找出，平民方获胜；如果卧底未被找出且卧底人数等于或超过平民人数，则卧底方获胜。你将扮演一个<玩家>，请等待你被分配到的关键词。如果你听懂了，只回答，"好的，我准备好参加游戏了"，不要输出别的信息
2024-12-13 13:32:45,194 - 4 - INFO - **********PLAYER4**********
好的，我准备好参加游戏了
2024-12-13 13:32:51,508 - 4 - INFO - **********JUDGER**********
玩家1说：这个物品通常用于户外活动，有圆形的表面和网状结构，是进行某种竞技运动的重要道具。它在体育用品中以其独特的圆形设计和多功能性而突出。玩家2说：这是一个圆形的物品，通常由橡胶或合成材料制成，具有弹性。它在体育用品中以其特有的弹跳性和耐久性而闻名，特别适合用于户外活动。与其他类似的圆形体育用品相比，它的尺寸和重量经过精心设计，以便在特定的竞技运动中发挥最佳效果。玩家3说：1. 这是一个圆形的球体，通常由橡胶或合成材料制成，表面光滑。
2. 它在体育用品中以其特定的尺寸和重量设计而著称，适合特定的竞技运动。玩家4说：|| 你是第4号玩家，你的关键词是<羽毛球>。你的回答中绝对不能包含你的关键词<羽毛球>。这是第一轮描述，不需要分析||之前别的玩家的描述，请你描述关键词基本特征，注意，这局游戏的词语分类为<体育用品>，卧底词和平民词都属于该类，描述包括以下两点，1.他的基本特征是什么2.他在该类（体育用品）中最突出不同的特征是什么，尽量简短
2024-12-13 13:32:53,193 - 4 - INFO - **********PLAYER4**********
这个物品的基本特征是它是一个圆形的球体，通常由橡胶或合成材料制成，表面光滑。它在体育用品中最突出的不同特征是其独特的弹跳性和耐久性，使其特别适合进行特定的竞技运动。
2024-12-13 13:33:53,177 - 4 - INFO - **********JUDGER**********
玩家1说：这个物品通常用于户外活动，有圆形的表面和网状结构，是进行某种竞技运动的重要道具。它在体育用品中以其独特的圆形设计和多功能性而突出。玩家2说：这是一个圆形的物品，通常由橡胶或合成材料制成，具有弹性。它在体育用品中以其特有的弹跳性和耐久性而闻名，特别适合用于户外活动。与其他类似的圆形体育用品相比，它的尺寸和重量经过精心设计，以便在特定的竞技运动中发挥最佳效果。玩家3说：1. 这是一个圆形的球体，通常由橡胶或合成材料制成，表面光滑。
2. 它在体育用品中以其特定的尺寸和重量设计而著称，适合特定的竞技运动。玩家4说：||在这个游戏中，我们需要通过分析每位玩家的描述来找出卧底。通常，平民的描述会围绕相同的词语展开，而卧底的描述可能会因为词语的不同而显得不太一致。我们需要仔细比较每个描述之间的相似性和差异性，以找出可能的卧底，注意，卧底并不会隐藏自己，他会直接描述他的词语，现在，逐一分析每个玩家的描述，注意，这局游戏的词语分类为<体育用品>，卧底词和平民词都属于该类。这是第一轮描述。
2024-12-13 13:34:03,106 - 4 - INFO - **********PLAYER4**********
分析如下：

玩家1的描述提到了“户外活动”、“圆形的表面和网状结构”、“竞技运动的重要道具”，以及“独特的圆形设计和多功能性”，这些特点与篮球或足球等球类运动有关。

玩家2的描述强调了“圆形的物品”、“橡胶或合成材料制成”、“弹跳性和耐久性”、“户外活动”以及“精心设计的尺寸和重量”，这些特点也与球类运动相关，但特别提到了弹性和耐久性。

玩家3的描述与玩家2相似，也提到了“圆形的球体”、“橡胶或合成材料制成”、“表面光滑”、“特定的尺寸和重量设计”以及“适合特定的竞技运动”，但没有提到网状结构。

玩家4的描述没有提供具体信息，只是提醒了游戏规则和如何分析描述。

从描述的相似性来看，玩家1、2和3的描述都指向了球类运动，而玩家4没有给出具体描述。如果玩家4是卧底，那么他的描述可能不会与球类运动直接相关，或者会有一些关键的差异性特征。

因此，根据描述的相似性，玩家4可能是卧底，因为他没有提供与球类运动直接相关的描述。不过，这只是一个初步的判断，需要更多的信息和后续的描述来确认。
2024-12-13 13:34:03,107 - 4 - INFO - **********JUDGER**********
你刚刚的分析是分析如下：

玩家1的描述提到了“户外活动”、“圆形的表面和网状结构”、“竞技运动的重要道具”，以及“独特的圆形设计和多功能性”，这些特点与篮球或足球等球类运动有关。

玩家2的描述强调了“圆形的物品”、“橡胶或合成材料制成”、“弹跳性和耐久性”、“户外活动”以及“精心设计的尺寸和重量”，这些特点也与球类运动相关，但特别提到了弹性和耐久性。

玩家3的描述与玩家2相似，也提到了“圆形的球体”、“橡胶或合成材料制成”、“表面光滑”、“特定的尺寸和重量设计”以及“适合特定的竞技运动”，但没有提到网状结构。

玩家4的描述没有提供具体信息，只是提醒了游戏规则和如何分析描述。

从描述的相似性来看，玩家1、2和3的描述都指向了球类运动，而玩家4没有给出具体描述。如果玩家4是卧底，那么他的描述可能不会与球类运动直接相关，或者会有一些关键的差异性特征。

因此，根据描述的相似性，玩家4可能是卧底，因为他没有提供与球类运动直接相关的描述。不过，这只是一个初步的判断，需要更多的信息和后续的描述来确认。|| `请根据上述分析，比较描述以找出不一致之处，注意，这局游戏的词语分类为<体育用品>，卧底词和平民词都属于该类。
2024-12-13 13:34:11,913 - 4 - INFO - **********PLAYER4**********
根据上述分析，我们可以比较描述中的一致性和不一致之处：

1. **一致性**：
   - 所有玩家的描述都提到了“圆形的物品”。
   - 所有玩家的描述都提到了“户外活动”。
   - 所有玩家的描述都提到了“橡胶或合成材料制成”。
   - 所有玩家的描述都提到了“特定的竞技运动”。
   - 所有玩家的描述都提到了“精心设计的尺寸和重量”。

2. **不一致之处**：
   - 玩家1提到了“网状结构”，而玩家2、3和4没有提到这一点。网状结构通常与排球、网球等球类运动的球网有关，而不是球体本身。
   - 玩家2和玩家3都提到了“弹跳性和耐久性”，这是球类运动中球体的一般特性，但玩家1没有特别强调这一点。
   - 玩家4没有提供具体的描述，只是提醒了游戏规则和如何分析描述，这与其他玩家的具体描述形成了对比。

基于这些不一致之处，我们可以推测：
- 玩家1、2和3的描述可能指向相同的词语，即与球体相关的体育用品。
- 玩家4的描述可能是基于不同的词语，可能是一个与球体不直接相关的体育用品，或者是一个与球体相关的特征描述不够明确，从而与其他玩家的描述不一致。

因此，玩家4可能是卧底，因为他没有提供与球类运动直接相关的具体描述，并且与其他玩家的描述存在不一致之处。
2024-12-13 13:34:11,915 - 4 - INFO - **********JUDGER**********
你刚刚的分析是根据上述分析，我们可以比较描述中的一致性和不一致之处：

1. **一致性**：
   - 所有玩家的描述都提到了“圆形的物品”。
   - 所有玩家的描述都提到了“户外活动”。
   - 所有玩家的描述都提到了“橡胶或合成材料制成”。
   - 所有玩家的描述都提到了“特定的竞技运动”。
   - 所有玩家的描述都提到了“精心设计的尺寸和重量”。

2. **不一致之处**：
   - 玩家1提到了“网状结构”，而玩家2、3和4没有提到这一点。网状结构通常与排球、网球等球类运动的球网有关，而不是球体本身。
   - 玩家2和玩家3都提到了“弹跳性和耐久性”，这是球类运动中球体的一般特性，但玩家1没有特别强调这一点。
   - 玩家4没有提供具体的描述，只是提醒了游戏规则和如何分析描述，这与其他玩家的具体描述形成了对比。

基于这些不一致之处，我们可以推测：
- 玩家1、2和3的描述可能指向相同的词语，即与球体相关的体育用品。
- 玩家4的描述可能是基于不同的词语，可能是一个与球体不直接相关的体育用品，或者是一个与球体相关的特征描述不够明确，从而与其他玩家的描述不一致。

因此，玩家4可能是卧底，因为他没有提供与球类运动直接相关的具体描述，并且与其他玩家的描述存在不一致之处。|| 请通过你分析的不一致之处，推断卧底身份，注意，这局游戏的词语分类为<体育用品>，卧底词和平民词都属于该类。
2024-12-13 13:34:30,045 - 4 - INFO - **********PLAYER4**********
基于分析中提到的不一致之处，我们可以进行以下推断：

1. 玩家1、2和3的描述都提到了“圆形的物品”、“户外活动”、“橡胶或合成材料制成”、“特定的竞技运动”以及“精心设计的尺寸和重量”，这些特征都与球类运动相关，特别是篮球或足球等。

2. 玩家1特别提到了“网状结构”，这通常与球网相关，而不是球体本身。因此，玩家1的描述可能与排球、网球等球类运动的球网相关。

3. 玩家2和玩家3都提到了“弹跳性和耐久性”，这是球类运动中球体的一般特性，但玩家1没有特别强调这一点，这可能意味着玩家1的词语不是球类运动中的球体。

4. 玩家4没有提供具体的描述，只是强调了游戏规则和描述分析的方法，这与其他玩家提供了具体物品特征的描述形成了对比。

考虑到词语分类为<体育用品>，并且卧底词和平民词都属于该类，以下是一些可能的推断：

- 如果玩家4是卧底，那么他的词语可能是一个与球类运动不直接相关的体育用品，或者是一个在描述中特征不够明确的体育用品。
- 玩家1的描述提到了“网状结构”，这可能是与排球相关的球网，因此玩家1可能是平民，与排球相关。
- 玩家2和玩家3的描述与球类运动更一致，但没有特别提到网状结构，这可能意味着他们也是平民，与篮球或足球相关。

基于这些信息，玩家4可能是卧底，因为他的描述与其他玩家的描述存在明显的不一致性，且没有提供具体的物品特征。如果玩家4的词语是一个与球类运动不直接相关的体育用品，那么他的卧底身份就更加明显了。例如，如果他的词语是“网球拍”或“篮球架”，这些物品与球体相关，但在描述中没有被明确提及，从而与其他玩家的描述不一致。
2024-12-13 13:34:30,046 - 4 - INFO - **********JUDGER**********
你刚刚的推断是基于分析中提到的不一致之处，我们可以进行以下推断：

1. 玩家1、2和3的描述都提到了“圆形的物品”、“户外活动”、“橡胶或合成材料制成”、“特定的竞技运动”以及“精心设计的尺寸和重量”，这些特征都与球类运动相关，特别是篮球或足球等。

2. 玩家1特别提到了“网状结构”，这通常与球网相关，而不是球体本身。因此，玩家1的描述可能与排球、网球等球类运动的球网相关。

3. 玩家2和玩家3都提到了“弹跳性和耐久性”，这是球类运动中球体的一般特性，但玩家1没有特别强调这一点，这可能意味着玩家1的词语不是球类运动中的球体。

4. 玩家4没有提供具体的描述，只是强调了游戏规则和描述分析的方法，这与其他玩家提供了具体物品特征的描述形成了对比。

考虑到词语分类为<体育用品>，并且卧底词和平民词都属于该类，以下是一些可能的推断：

- 如果玩家4是卧底，那么他的词语可能是一个与球类运动不直接相关的体育用品，或者是一个在描述中特征不够明确的体育用品。
- 玩家1的描述提到了“网状结构”，这可能是与排球相关的球网，因此玩家1可能是平民，与排球相关。
- 玩家2和玩家3的描述与球类运动更一致，但没有特别提到网状结构，这可能意味着他们也是平民，与篮球或足球相关。

基于这些信息，玩家4可能是卧底，因为他的描述与其他玩家的描述存在明显的不一致性，且没有提供具体的物品特征。如果玩家4的词语是一个与球类运动不直接相关的体育用品，那么他的卧底身份就更加明显了。例如，如果他的词语是“网球拍”或“篮球架”，这些物品与球体相关，但在描述中没有被明确提及，从而与其他玩家的描述不一致。|| 基于你刚刚的推断得出你的最终结论，请输出你认为的卧底，在这种情况下只需要输出编号，是1-4中的某个数字，不要输出其他信息。在这个过程不要进行任何推理，只对||以前的部分进行信息提取
2024-12-13 13:34:30,701 - 4 - INFO - **********PLAYER4**********
4
2024-12-13 13:34:36,430 - 4 - INFO - **********JUDGER**********
玩家1说：这个物品通常用于户外活动，有圆形的表面和网状结构，是进行某种竞技运动的重要道具。它在体育用品中以其独特的圆形设计和多功能性而突出。这个物品是运动中不可或缺的伙伴，它的表面设计确保了在运动过程中的稳定性和控制性。它不仅是竞技场上的焦点，也是户外娱乐的热门选择。玩家2说：这是一个圆形的物品，通常由橡胶或合成材料制成，具有弹性。它在体育用品中以其特有的弹跳性和耐久性而闻名，特别适合用于户外活动。与其他类似的圆形体育用品相比，它的尺寸和重量经过精心设计，以便在特定的竞技运动中发挥最佳效果。这个物品通常用于户外活动，它是一个球体，具有弹性，表面光滑。它的设计使得它在竞技运动中非常受欢迎，特别是在那些需要团队合作和策略的比赛中。这个物品在体育用品中以其独特的尺寸和重量而著称，这些特性使得它能够在不同的场地和条件下保持一致的表现。它的流行程度和多功能性使其成为运动爱好者的首选。玩家3说：1. 这是一个圆形的球体，通常由橡胶或合成材料制成，表面光滑。
2. 它在体育用品中以其特定的尺寸和重量设计而著称，适合特定的竞技运动。1. 这个物品是一个圆形的球体，通常由橡胶或合成材料制成，表面光滑。

2. 它在体育用品中以其特定的尺寸和重量设计而著称，适合特定的竞技运动。这个物品在运动中扮演着关键角色，它的设计确保了在运动过程中的稳定性和控制性。玩家4说：这个物品的基本特征是它是一个圆形的球体，通常由橡胶或合成材料制成，表面光滑。它在体育用品中最突出的不同特征是其独特的弹跳性和耐久性，使其特别适合进行特定的竞技运动。你是第4号玩家，你的关键词是<羽毛球>。你的回答中绝对不能包含你的关键词<羽毛球>。这是第二轮描述，你之前的描述是这个物品的基本特征是它是一个圆形的球体，通常由橡胶或合成材料制成，表面光滑。它在体育用品中最突出的不同特征是其独特的弹跳性和耐久性，使其特别适合进行特定的竞技运动。，注意，这局游戏的词语分类为<体育用品>，卧底词和平民词都属于该类，请你补充关于关键词的描述，注意，你的描述应该比起之前的描述更加贴近关键词，作为之前的补充
2024-12-13 13:34:40,187 - 4 - INFO - **********PLAYER4**********
这个物品在体育用品中以其轻便的构造和独特的飞行轨迹而著称。它的设计使得它在空中具有出色的稳定性和可操控性，非常适合进行快速和技巧性的竞技运动。此外，这个物品通常用于室内外场地，它的流行程度和多功能性使其成为运动爱好者的首选。
2024-12-13 13:35:23,616 - 4 - INFO - **********JUDGER**********
玩家1说：这个物品通常用于户外活动，有圆形的表面和网状结构，是进行某种竞技运动的重要道具。它在体育用品中以其独特的圆形设计和多功能性而突出。这个物品是运动中不可或缺的伙伴，它的表面设计确保了在运动过程中的稳定性和控制性。它不仅是竞技场上的焦点，也是户外娱乐的热门选择。玩家2说：这是一个圆形的物品，通常由橡胶或合成材料制成，具有弹性。它在体育用品中以其特有的弹跳性和耐久性而闻名，特别适合用于户外活动。与其他类似的圆形体育用品相比，它的尺寸和重量经过精心设计，以便在特定的竞技运动中发挥最佳效果。这个物品通常用于户外活动，它是一个球体，具有弹性，表面光滑。它的设计使得它在竞技运动中非常受欢迎，特别是在那些需要团队合作和策略的比赛中。这个物品在体育用品中以其独特的尺寸和重量而著称，这些特性使得它能够在不同的场地和条件下保持一致的表现。它的流行程度和多功能性使其成为运动爱好者的首选。玩家3说：1. 这是一个圆形的球体，通常由橡胶或合成材料制成，表面光滑。
2. 它在体育用品中以其特定的尺寸和重量设计而著称，适合特定的竞技运动。1. 这个物品是一个圆形的球体，通常由橡胶或合成材料制成，表面光滑。

2. 它在体育用品中以其特定的尺寸和重量设计而著称，适合特定的竞技运动。这个物品在运动中扮演着关键角色，它的设计确保了在运动过程中的稳定性和控制性。玩家4说：这个物品的基本特征是它是一个圆形的球体，通常由橡胶或合成材料制成，表面光滑。它在体育用品中最突出的不同特征是其独特的弹跳性和耐久性，使其特别适合进行特定的竞技运动。||在这个游戏中，我们需要通过分析每位玩家的描述来找出卧底。通常，平民的描述会围绕相同的词语展开，而卧底的描述可能会因为词语的不同而显得不太一致。我们需要仔细比较每个描述之间的相似性和差异性，以找出可能的卧底，注意，卧底并不会隐藏自己，他会直接描述他的词语，现在，逐一分析每个玩家的描述，注意，这局游戏的词语分类为<体育用品>，卧底词和平民词都属于该类。||之前是第2轮描述和之前轮数描述的合集。你之前认为的卧底是玩家4。
2024-12-13 13:35:34,857 - 4 - INFO - **********PLAYER4**********
根据第二轮描述和之前轮数的描述，以下是每位玩家的描述分析：

玩家1的描述强调了物品的“户外活动”、“圆形的表面和网状结构”、“竞技运动的重要道具”、“独特的圆形设计和多功能性”、“稳定性和控制性”，以及“户外娱乐的热门选择”。这些描述与排球或网球等球类运动相关。

玩家2的描述提到了物品的“圆形的物品”、“橡胶或合成材料制成”、“弹跳性和耐久性”、“户外活动”、“精心设计的尺寸和重量”、“团队合作和策略的比赛中”、“独特的尺寸和重量”、“不同的场地和条件下保持一致的表现”，以及“运动爱好者的首选”。这些描述也与球类运动相关，特别是那些需要弹跳和策略的运动。

玩家3的描述与玩家2相似，强调了物品的“圆形的球体”、“橡胶或合成材料制成”、“表面光滑”、“特定的尺寸和重量设计”、“适合特定的竞技运动”、“稳定性和控制性”。

玩家4的描述提到了物品的“圆形的球体”、“橡胶或合成材料制成”、“表面光滑”、“独特的弹跳性和耐久性”，以及“适合进行特定的竞技运动”。这些描述同样与球类运动相关。

从这些描述中，我们可以看到玩家1、2、3和4的描述都围绕着球类运动的物品展开，尤其是那些需要弹跳和耐久性的球类。玩家4的描述与其他玩家的描述非常相似，没有明显的差异性特征。

然而，由于玩家4在第一轮描述中提到了“独特的弹跳性和耐久性”，这与篮球或足球等球类运动的球体特征相符，但在第二轮描述中没有提供新的、与羽毛球相关的特征。因此，如果我们要基于描述的一致性和差异性来推断卧底，玩家4的描述可能与其他玩家的描述没有显著区别，这意味着他可能是平民。

考虑到所有玩家的描述都围绕着球类运动，而且没有明显的特征来指向羽毛球，玩家4可能是平民，而不是卧底。如果我们要选择一个可能的卧底，玩家1、2或3中的一个可能更有可能是卧底，因为他们提供了更多的描述细节，而这些细节可能与羽毛球不直接相关。但根据当前的信息，无法确定哪个玩家是卧底。
2024-12-13 13:35:34,859 - 4 - INFO - **********JUDGER**********
你刚刚的分析是根据第二轮描述和之前轮数的描述，以下是每位玩家的描述分析：

玩家1的描述强调了物品的“户外活动”、“圆形的表面和网状结构”、“竞技运动的重要道具”、“独特的圆形设计和多功能性”、“稳定性和控制性”，以及“户外娱乐的热门选择”。这些描述与排球或网球等球类运动相关。

玩家2的描述提到了物品的“圆形的物品”、“橡胶或合成材料制成”、“弹跳性和耐久性”、“户外活动”、“精心设计的尺寸和重量”、“团队合作和策略的比赛中”、“独特的尺寸和重量”、“不同的场地和条件下保持一致的表现”，以及“运动爱好者的首选”。这些描述也与球类运动相关，特别是那些需要弹跳和策略的运动。

玩家3的描述与玩家2相似，强调了物品的“圆形的球体”、“橡胶或合成材料制成”、“表面光滑”、“特定的尺寸和重量设计”、“适合特定的竞技运动”、“稳定性和控制性”。

玩家4的描述提到了物品的“圆形的球体”、“橡胶或合成材料制成”、“表面光滑”、“独特的弹跳性和耐久性”，以及“适合进行特定的竞技运动”。这些描述同样与球类运动相关。

从这些描述中，我们可以看到玩家1、2、3和4的描述都围绕着球类运动的物品展开，尤其是那些需要弹跳和耐久性的球类。玩家4的描述与其他玩家的描述非常相似，没有明显的差异性特征。

然而，由于玩家4在第一轮描述中提到了“独特的弹跳性和耐久性”，这与篮球或足球等球类运动的球体特征相符，但在第二轮描述中没有提供新的、与羽毛球相关的特征。因此，如果我们要基于描述的一致性和差异性来推断卧底，玩家4的描述可能与其他玩家的描述没有显著区别，这意味着他可能是平民。

考虑到所有玩家的描述都围绕着球类运动，而且没有明显的特征来指向羽毛球，玩家4可能是平民，而不是卧底。如果我们要选择一个可能的卧底，玩家1、2或3中的一个可能更有可能是卧底，因为他们提供了更多的描述细节，而这些细节可能与羽毛球不直接相关。但根据当前的信息，无法确定哪个玩家是卧底。|| `请根据上述分析，比较描述以找出不一致之处，注意，这局游戏的词语分类为<体育用品>，卧底词和平民词都属于该类。
2024-12-13 13:35:50,233 - 4 - INFO - **********PLAYER4**********
根据上述分析，我们可以比较每位玩家的描述以找出不一致之处：

1. **玩家1的描述**：
   - 强调了“户外活动”、“圆形的表面和网状结构”、“竞技运动的重要道具”。
   - 提到了“独特的圆形设计和多功能性”以及“稳定性和控制性”。
   - 没有提到“弹跳性和耐久性”。

2. **玩家2的描述**：
   - 提到了“圆形的物品”、“橡胶或合成材料制成”、“弹跳性和耐久性”。
   - 强调了“户外活动”、“精心设计的尺寸和重量”、“团队合作和策略的比赛中”。
   - 提到了“独特的尺寸和重量”以及“不同的场地和条件下保持一致的表现”。

3. **玩家3的描述**：
   - 与玩家2的描述相似，强调了“圆形的球体”、“橡胶或合成材料制成”、“表面光滑”、“特定的尺寸和重量设计”、“适合特定的竞技运动”、“稳定性和控制性”。

4. **玩家4的描述**：
   - 提到了“圆形的球体”、“橡胶或合成材料制成”、“表面光滑”、“独特的弹跳性和耐久性”。
   - 强调了“适合进行特定的竞技运动”。

**不一致之处**：
- 玩家1的描述中没有提到“弹跳性和耐久性”，而玩家2、3和4都提到了这一点，这可能是与球类运动相关的特征。
- 玩家1提到了“网状结构”，而其他玩家没有提到这一点，这可能与排球或网球等球类运动的球网有关。
- 玩家4在第一轮描述中提到了“独特的弹跳性和耐久性”，这与篮球或足球等球类运动的球体特征相符，但在第二轮描述中没有提供新的、与羽毛球相关的特征。

基于这些不一致之处，玩家1和玩家4的描述可能与其他玩家的描述有所不同。如果需要确定卧底，这些玩家的描述可能需要进一步分析。
2024-12-13 13:35:50,235 - 4 - INFO - **********JUDGER**********
你刚刚的分析是根据上述分析，我们可以比较每位玩家的描述以找出不一致之处：

1. **玩家1的描述**：
   - 强调了“户外活动”、“圆形的表面和网状结构”、“竞技运动的重要道具”。
   - 提到了“独特的圆形设计和多功能性”以及“稳定性和控制性”。
   - 没有提到“弹跳性和耐久性”。

2. **玩家2的描述**：
   - 提到了“圆形的物品”、“橡胶或合成材料制成”、“弹跳性和耐久性”。
   - 强调了“户外活动”、“精心设计的尺寸和重量”、“团队合作和策略的比赛中”。
   - 提到了“独特的尺寸和重量”以及“不同的场地和条件下保持一致的表现”。

3. **玩家3的描述**：
   - 与玩家2的描述相似，强调了“圆形的球体”、“橡胶或合成材料制成”、“表面光滑”、“特定的尺寸和重量设计”、“适合特定的竞技运动”、“稳定性和控制性”。

4. **玩家4的描述**：
   - 提到了“圆形的球体”、“橡胶或合成材料制成”、“表面光滑”、“独特的弹跳性和耐久性”。
   - 强调了“适合进行特定的竞技运动”。

**不一致之处**：
- 玩家1的描述中没有提到“弹跳性和耐久性”，而玩家2、3和4都提到了这一点，这可能是与球类运动相关的特征。
- 玩家1提到了“网状结构”，而其他玩家没有提到这一点，这可能与排球或网球等球类运动的球网有关。
- 玩家4在第一轮描述中提到了“独特的弹跳性和耐久性”，这与篮球或足球等球类运动的球体特征相符，但在第二轮描述中没有提供新的、与羽毛球相关的特征。

基于这些不一致之处，玩家1和玩家4的描述可能与其他玩家的描述有所不同。如果需要确定卧底，这些玩家的描述可能需要进一步分析。|| 请通过你分析的不一致之处，推断卧底身份，注意，这局游戏的词语分类为<体育用品>，卧底词和平民词都属于该类。
2024-12-13 13:35:59,639 - 4 - INFO - **********PLAYER4**********
基于分析中提到的不一致之处，以下是对卧底身份的推断：

1. 玩家1的描述中提到了“网状结构”，这与球类运动的球网有关，而不是球体本身。同时，他没有提到“弹跳性和耐久性”，这是球类运动球体的常见特征。因此，玩家1的描述可能指向的是与球网相关的体育用品，如排球或网球网。

2. 玩家2和玩家3的描述非常相似，都强调了球体的弹跳性、耐久性、尺寸和重量设计，以及适合特定的竞技运动。这些描述与篮球或足球等球类运动非常吻合。

3. 玩家4的描述在第一轮中提到了“独特的弹跳性和耐久性”，这与球类运动相关，但在第二轮中并没有提供新的、与羽毛球相关的特征。这表明玩家4的描述可能与其他球类运动相关，而不是羽毛球。

考虑到游戏词语分类为<体育用品>，且卧底词和平民词都属于该类，结合上述分析，玩家1的描述最有可能指向的是与球网相关的体育用品，这可能是排球或网球网。因此，玩家1可能是卧底。

综上所述，根据描述的不一致之处，玩家1可能是卧底。
2024-12-13 13:35:59,641 - 4 - INFO - **********JUDGER**********
你刚刚的推断是基于分析中提到的不一致之处，以下是对卧底身份的推断：

1. 玩家1的描述中提到了“网状结构”，这与球类运动的球网有关，而不是球体本身。同时，他没有提到“弹跳性和耐久性”，这是球类运动球体的常见特征。因此，玩家1的描述可能指向的是与球网相关的体育用品，如排球或网球网。

2. 玩家2和玩家3的描述非常相似，都强调了球体的弹跳性、耐久性、尺寸和重量设计，以及适合特定的竞技运动。这些描述与篮球或足球等球类运动非常吻合。

3. 玩家4的描述在第一轮中提到了“独特的弹跳性和耐久性”，这与球类运动相关，但在第二轮中并没有提供新的、与羽毛球相关的特征。这表明玩家4的描述可能与其他球类运动相关，而不是羽毛球。

考虑到游戏词语分类为<体育用品>，且卧底词和平民词都属于该类，结合上述分析，玩家1的描述最有可能指向的是与球网相关的体育用品，这可能是排球或网球网。因此，玩家1可能是卧底。

综上所述，根据描述的不一致之处，玩家1可能是卧底。|| 基于你刚刚的推断得出你的最终结论，请输出你认为的卧底，在这种情况下只需要输出编号，是1-4中的某个数字，不要输出其他信息。在这个过程不要进行任何推理，只对||以前的部分进行信息提取
2024-12-13 13:36:00,858 - 4 - INFO - **********PLAYER4**********
1
2024-12-13 13:36:09,733 - 4 - INFO - **********JUDGER**********
玩家1说：这个物品通常用于户外活动，有圆形的表面和网状结构，是进行某种竞技运动的重要道具。它在体育用品中以其独特的圆形设计和多功能性而突出。这个物品是运动中不可或缺的伙伴，它的表面设计确保了在运动过程中的稳定性和控制性。它不仅是竞技场上的焦点，也是户外娱乐的热门选择。这个物品在竞技中扮演着核心角色，它的特性使其在空中飞行时既稳定又易于控制，对于需要精准投掷和接球的运动尤为关键。它的设计旨在提供良好的手感，同时确保在高速运动中的耐用性。玩家2说：这是一个圆形的物品，通常由橡胶或合成材料制成，具有弹性。它在体育用品中以其特有的弹跳性和耐久性而闻名，特别适合用于户外活动。与其他类似的圆形体育用品相比，它的尺寸和重量经过精心设计，以便在特定的竞技运动中发挥最佳效果。这个物品通常用于户外活动，它是一个球体，具有弹性，表面光滑。它的设计使得它在竞技运动中非常受欢迎，特别是在那些需要团队合作和策略的比赛中。这个物品在体育用品中以其独特的尺寸和重量而著称，这些特性使得它能够在不同的场地和条件下保持一致的表现。它的流行程度和多功能性使其成为运动爱好者的首选。这个物品是运动中不可或缺的伙伴，它具有弹性的表面，使得在空中飞行时既稳定又易于控制。它的设计旨在提供良好的手感，同时确保在高速运动中的耐用性。这个物品在竞技运动中扮演着核心角色，对于需要精准投掷和接球的运动尤为关键。它的特性使其在空中飞行时具有出色的稳定性和可操控性，非常适合进行快速和技巧性的竞技运动。此外，这个物品通常用于室内外场地，它的流行程度和多功能性使其成为运动爱好者的首选。玩家3说：1. 这是一个圆形的球体，通常由橡胶或合成材料制成，表面光滑。
2. 它在体育用品中以其特定的尺寸和重量设计而著称，适合特定的竞技运动。1. 这个物品是一个圆形的球体，通常由橡胶或合成材料制成，表面光滑。

2. 它在体育用品中以其特定的尺寸和重量设计而著称，适合特定的竞技运动。这个物品在运动中扮演着关键角色，它的设计确保了在运动过程中的稳定性和控制性。1. 这个物品是一个圆形的球体，通常由橡胶或合成材料制成，表面光滑。

2. 它在体育用品中以其特定的尺寸和重量设计而著称，适合特定的竞技运动。这个物品的设计确保了在运动过程中的稳定性和控制性，使其在空中飞行时既稳定又易于控制，对于需要精准投掷和接球的运动尤为关键。玩家4说：这个物品的基本特征是它是一个圆形的球体，通常由橡胶或合成材料制成，表面光滑。它在体育用品中最突出的不同特征是其独特的弹跳性和耐久性，使其特别适合进行特定的竞技运动。这个物品在体育用品中以其轻便的构造和独特的飞行轨迹而著称。它的设计使得它在空中具有出色的稳定性和可操控性，非常适合进行快速和技巧性的竞技运动。此外，这个物品通常用于室内外场地，它的流行程度和多功能性使其成为运动爱好者的首选。你是第4号玩家，你的关键词是<羽毛球>。你的回答中绝对不能包含你的关键词<羽毛球>。这是第三轮描述，你之前的描述是这个物品的基本特征是它是一个圆形的球体，通常由橡胶或合成材料制成，表面光滑。它在体育用品中最突出的不同特征是其独特的弹跳性和耐久性，使其特别适合进行特定的竞技运动。和这个物品在体育用品中以其轻便的构造和独特的飞行轨迹而著称。它的设计使得它在空中具有出色的稳定性和可操控性，非常适合进行快速和技巧性的竞技运动。此外，这个物品通常用于室内外场地，它的流行程度和多功能性使其成为运动爱好者的首选。，注意，这局游戏的词语分类为<体育用品>，卧底词和平民词都属于该类，请你补充关于关键词的描述，注意，你的描述应该比起之前的描述更加贴近关键词，作为之前的补充
2024-12-13 13:36:12,961 - 4 - INFO - **********PLAYER4**********
这个物品在体育用品中以其轻巧的体积和便于携带的特点而受到青睐。它的构造简单但精巧，使得它能够在空中产生快速而精确的飞行。这个物品在竞技运动中的使用要求高度的技巧和精准的控制，它的飞行轨迹独特，对于需要快速反应和灵活策略的运动尤其重要。此外，这个物品的耐用性使其能够经受住频繁的使用和剧烈的撞击。
2024-12-13 13:37:12,521 - 4 - INFO - **********JUDGER**********
玩家1说：这个物品通常用于户外活动，有圆形的表面和网状结构，是进行某种竞技运动的重要道具。它在体育用品中以其独特的圆形设计和多功能性而突出。这个物品是运动中不可或缺的伙伴，它的表面设计确保了在运动过程中的稳定性和控制性。它不仅是竞技场上的焦点，也是户外娱乐的热门选择。这个物品在竞技中扮演着核心角色，它的特性使其在空中飞行时既稳定又易于控制，对于需要精准投掷和接球的运动尤为关键。它的设计旨在提供良好的手感，同时确保在高速运动中的耐用性。玩家2说：这是一个圆形的物品，通常由橡胶或合成材料制成，具有弹性。它在体育用品中以其特有的弹跳性和耐久性而闻名，特别适合用于户外活动。与其他类似的圆形体育用品相比，它的尺寸和重量经过精心设计，以便在特定的竞技运动中发挥最佳效果。这个物品通常用于户外活动，它是一个球体，具有弹性，表面光滑。它的设计使得它在竞技运动中非常受欢迎，特别是在那些需要团队合作和策略的比赛中。这个物品在体育用品中以其独特的尺寸和重量而著称，这些特性使得它能够在不同的场地和条件下保持一致的表现。它的流行程度和多功能性使其成为运动爱好者的首选。这个物品是运动中不可或缺的伙伴，它具有弹性的表面，使得在空中飞行时既稳定又易于控制。它的设计旨在提供良好的手感，同时确保在高速运动中的耐用性。这个物品在竞技运动中扮演着核心角色，对于需要精准投掷和接球的运动尤为关键。它的特性使其在空中飞行时具有出色的稳定性和可操控性，非常适合进行快速和技巧性的竞技运动。此外，这个物品通常用于室内外场地，它的流行程度和多功能性使其成为运动爱好者的首选。玩家3说：1. 这是一个圆形的球体，通常由橡胶或合成材料制成，表面光滑。
2. 它在体育用品中以其特定的尺寸和重量设计而著称，适合特定的竞技运动。1. 这个物品是一个圆形的球体，通常由橡胶或合成材料制成，表面光滑。

2. 它在体育用品中以其特定的尺寸和重量设计而著称，适合特定的竞技运动。这个物品在运动中扮演着关键角色，它的设计确保了在运动过程中的稳定性和控制性。1. 这个物品是一个圆形的球体，通常由橡胶或合成材料制成，表面光滑。

2. 它在体育用品中以其特定的尺寸和重量设计而著称，适合特定的竞技运动。这个物品的设计确保了在运动过程中的稳定性和控制性，使其在空中飞行时既稳定又易于控制，对于需要精准投掷和接球的运动尤为关键。玩家4说：这个物品的基本特征是它是一个圆形的球体，通常由橡胶或合成材料制成，表面光滑。它在体育用品中最突出的不同特征是其独特的弹跳性和耐久性，使其特别适合进行特定的竞技运动。这个物品在体育用品中以其轻便的构造和独特的飞行轨迹而著称。它的设计使得它在空中具有出色的稳定性和可操控性，非常适合进行快速和技巧性的竞技运动。此外，这个物品通常用于室内外场地，它的流行程度和多功能性使其成为运动爱好者的首选。这个物品在体育用品中以其轻巧的体积和便于携带的特点而受到青睐。它的构造简单但精巧，使得它能够在空中产生快速而精确的飞行。这个物品在竞技运动中的使用要求高度的技巧和精准的控制，它的飞行轨迹独特，对于需要快速反应和灵活策略的运动尤其重要。此外，这个物品的耐用性使其能够经受住频繁的使用和剧烈的撞击。||在这个游戏中，我们需要通过分析每位玩家的描述来找出卧底。通常，平民的描述会围绕相同的词语展开，而卧底的描述可能会因为词语的不同而显得不太一致。我们需要仔细比较每个描述之间的相似性和差异性，以找出可能的卧底，注意，卧底并不会隐藏自己，他会直接描述他的词语，现在，逐一分析每个玩家的描述，注意，这局游戏的词语分类为<体育用品>，卧底词和平民词都属于该类。||之前是第3轮描述和之前轮数描述的合集。你之前认为的卧底是玩家1。
2024-12-13 13:37:27,462 - 4 - INFO - **********PLAYER4**********
根据第三轮描述和之前轮数的描述，以下是每位玩家的描述分析：

1. **玩家1的描述**：
   - 描述了一个具有圆形表面和网状结构的物品，用于户外活动。
   - 强调了物品的稳定性和控制性，以及在空中飞行的特性。
   - 提到了物品在竞技运动中的核心角色和耐用性。

2. **玩家2的描述**：
   - 描述了一个圆形的物品，由橡胶或合成材料制成，具有弹性。
   - 强调了物品的弹跳性、耐久性，以及尺寸和重量的设计。
   - 提到了物品在特定竞技运动中的最佳效果和团队合作的重要性。

3. **玩家3的描述**：
   - 描述了一个圆形的球体，由橡胶或合成材料制成，表面光滑。
   - 强调了物品的尺寸和重量设计，以及适合特定竞技运动。
   - 提到了物品在运动中的稳定性和控制性，以及在空中飞行的特性。

4. **玩家4的描述**：
   - 描述了一个圆形的球体，由橡胶或合成材料制成，表面光滑。
   - 强调了物品的弹跳性、耐久性，以及轻便的构造和独特的飞行轨迹。
   - 提到了物品在快速和技巧性竞技运动中的适用性，以及其在室内外场地的流行程度。

**分析**：
- 玩家1、2和4的描述都强调了物品的弹跳性、耐久性、稳定性和控制性，以及适合特定竞技运动的特点。
- 玩家3的描述与玩家1、2和4相似，但没有提到“轻便的构造和独特的飞行轨迹”。
- 玩家1的描述中提到了“网状结构”，而其他玩家没有提到这一点。

**推断**：
- 玩家1的描述中提到的“网状结构”可能与排球或网球网有关，而不是球类运动中的球体。
- 玩家4的描述中提到了“轻便的构造和独特的飞行轨迹”，这与羽毛球的特点相符。

基于以上分析，玩家4的描述可能与其他玩家的描述存在差异，并且更贴近羽毛球的特点。因此，玩家4可能是卧底。
2024-12-13 13:37:27,475 - 4 - INFO - **********JUDGER**********
你刚刚的分析是根据第三轮描述和之前轮数的描述，以下是每位玩家的描述分析：

1. **玩家1的描述**：
   - 描述了一个具有圆形表面和网状结构的物品，用于户外活动。
   - 强调了物品的稳定性和控制性，以及在空中飞行的特性。
   - 提到了物品在竞技运动中的核心角色和耐用性。

2. **玩家2的描述**：
   - 描述了一个圆形的物品，由橡胶或合成材料制成，具有弹性。
   - 强调了物品的弹跳性、耐久性，以及尺寸和重量的设计。
   - 提到了物品在特定竞技运动中的最佳效果和团队合作的重要性。

3. **玩家3的描述**：
   - 描述了一个圆形的球体，由橡胶或合成材料制成，表面光滑。
   - 强调了物品的尺寸和重量设计，以及适合特定竞技运动。
   - 提到了物品在运动中的稳定性和控制性，以及在空中飞行的特性。

4. **玩家4的描述**：
   - 描述了一个圆形的球体，由橡胶或合成材料制成，表面光滑。
   - 强调了物品的弹跳性、耐久性，以及轻便的构造和独特的飞行轨迹。
   - 提到了物品在快速和技巧性竞技运动中的适用性，以及其在室内外场地的流行程度。

**分析**：
- 玩家1、2和4的描述都强调了物品的弹跳性、耐久性、稳定性和控制性，以及适合特定竞技运动的特点。
- 玩家3的描述与玩家1、2和4相似，但没有提到“轻便的构造和独特的飞行轨迹”。
- 玩家1的描述中提到了“网状结构”，而其他玩家没有提到这一点。

**推断**：
- 玩家1的描述中提到的“网状结构”可能与排球或网球网有关，而不是球类运动中的球体。
- 玩家4的描述中提到了“轻便的构造和独特的飞行轨迹”，这与羽毛球的特点相符。

基于以上分析，玩家4的描述可能与其他玩家的描述存在差异，并且更贴近羽毛球的特点。因此，玩家4可能是卧底。|| `请根据上述分析，比较描述以找出不一致之处，注意，这局游戏的词语分类为<体育用品>，卧底词和平民词都属于该类。
2024-12-13 13:37:34,665 - 4 - INFO - **********PLAYER4**********
根据上述分析，以下是比较描述中找出的一致性和不一致之处：

**一致性**：
- 所有玩家的描述都提到了物品是圆形的，由橡胶或合成材料制成。
- 所有玩家的描述都提到了物品具有弹跳性和耐久性。
- 所有玩家的描述都提到了物品适合特定的竞技运动。
- 所有玩家的描述都提到了物品在运动中的稳定性和控制性。

**不一致之处**：
- 玩家1的描述中特别提到了“网状结构”，而其他玩家的描述中没有提到这一点。
- 玩家3的描述中没有提到“轻便的构造和独特的飞行轨迹”，而这是玩家4描述中的一个关键特征。
- 玩家4的描述中提到了物品的“轻便的构造和独特的飞行轨迹”，这与其他玩家的描述有所不同。

基于这些不一致之处，玩家4的描述与其他玩家的描述在“轻便的构造和独特的飞行轨迹”这一点上存在显著差异，这可能表明玩家4的词语与羽毛球更相关。因此，玩家4可能是卧底。
2024-12-13 13:37:34,666 - 4 - INFO - **********JUDGER**********
你刚刚的分析是根据上述分析，以下是比较描述中找出的一致性和不一致之处：

**一致性**：
- 所有玩家的描述都提到了物品是圆形的，由橡胶或合成材料制成。
- 所有玩家的描述都提到了物品具有弹跳性和耐久性。
- 所有玩家的描述都提到了物品适合特定的竞技运动。
- 所有玩家的描述都提到了物品在运动中的稳定性和控制性。

**不一致之处**：
- 玩家1的描述中特别提到了“网状结构”，而其他玩家的描述中没有提到这一点。
- 玩家3的描述中没有提到“轻便的构造和独特的飞行轨迹”，而这是玩家4描述中的一个关键特征。
- 玩家4的描述中提到了物品的“轻便的构造和独特的飞行轨迹”，这与其他玩家的描述有所不同。

基于这些不一致之处，玩家4的描述与其他玩家的描述在“轻便的构造和独特的飞行轨迹”这一点上存在显著差异，这可能表明玩家4的词语与羽毛球更相关。因此，玩家4可能是卧底。|| 请通过你分析的不一致之处，推断卧底身份，注意，这局游戏的词语分类为<体育用品>，卧底词和平民词都属于该类。
2024-12-13 13:37:48,922 - 4 - INFO - **********PLAYER4**********
基于分析中提到的不一致之处，结合游戏词语分类为<体育用品>，卧底词和平民词都属于该类，以下是对卧底身份的推断：

- 玩家1的描述中提到了“网状结构”，这通常与球类运动的球网相关，而不是球体本身，但并没有提到“轻便的构造和独特的飞行轨迹”。
- 玩家2和玩家3的描述与球类运动相关，强调了弹跳性、耐久性、尺寸和重量设计，以及稳定性和控制性，但没有提到“轻便的构造和独特的飞行轨迹”。
- 玩家4的描述中特别提到了“轻便的构造和独特的飞行轨迹”，这与羽毛球的特点非常吻合。

因此，根据描述的不一致性，玩家4可能是卧底，因为他的描述中包含了与羽毛球相关的独特特征，而其他玩家的描述则更倾向于指向球类运动中的球体。
2024-12-13 13:37:48,923 - 4 - INFO - **********JUDGER**********
你刚刚的推断是基于分析中提到的不一致之处，结合游戏词语分类为<体育用品>，卧底词和平民词都属于该类，以下是对卧底身份的推断：

- 玩家1的描述中提到了“网状结构”，这通常与球类运动的球网相关，而不是球体本身，但并没有提到“轻便的构造和独特的飞行轨迹”。
- 玩家2和玩家3的描述与球类运动相关，强调了弹跳性、耐久性、尺寸和重量设计，以及稳定性和控制性，但没有提到“轻便的构造和独特的飞行轨迹”。
- 玩家4的描述中特别提到了“轻便的构造和独特的飞行轨迹”，这与羽毛球的特点非常吻合。

因此，根据描述的不一致性，玩家4可能是卧底，因为他的描述中包含了与羽毛球相关的独特特征，而其他玩家的描述则更倾向于指向球类运动中的球体。|| 基于你刚刚的推断得出你的最终结论，请输出你认为的卧底，在这种情况下只需要输出编号，是1-4中的某个数字，不要输出其他信息。在这个过程不要进行任何推理，只对||以前的部分进行信息提取
2024-12-13 13:37:50,510 - 4 - INFO - **********PLAYER4**********
4
2024-12-13 13:37:50,511 - 4 - INFO - **********JUDGER**********
你认为卧底是你自己。你现在需要随便选一个人投票。请输出一个数字，是1-4中的某个数字，但这个数字不能是4，不要输出其他信息。
2024-12-13 13:37:51,994 - 4 - INFO - **********PLAYER4**********
1
