2024-12-13 13:17:50,043 - 2 - INFO - **********JUDGER**********
让我们来玩一个叫做<谁是卧底>的推理游戏。基本规则：<人数>：4人。<角色分配>：每位玩家随机抽取一个词语，3名玩家拿到的词语是相同的（平民词），1名玩家拿到与之相近但不同的词语（卧底词）。<游戏流程>：1、玩家轮流描述自己的词语，但<不能>直接说出词语本身。2、描述完毕后，投票选出最像卧底的玩家。3、每轮结束后，被投票选出的玩家出局，不能再进行描述或投票。4、每轮投票结束后，如果卧底被成功找出，平民方获胜；如果卧底未被找出且卧底人数等于或超过平民人数，则卧底方获胜。你将扮演一个<玩家>，请等待你被分配到的关键词。如果你听懂了，只回答，"好的，我准备好参加游戏了"，不要输出别的信息
2024-12-13 13:17:50,482 - 2 - INFO - **********PLAYER2**********
好的，我准备好参加游戏了
2024-12-13 13:17:54,348 - 2 - INFO - **********JUDGER**********
玩家1说：这个水果味道甜美，汁水丰富。它在水果类中特别之处在于它的金黄色。玩家2说：玩家3说：玩家4说：|| 你是第2号玩家，你的关键词是<菠萝>。你的回答中绝对不能包含你的关键词<菠萝>。这是第一轮描述，不需要分析||之前别的玩家的描述，请你描述关键词基本特征，注意，这局游戏的词语分类为<水果>，卧底词和平民词都属于该类，描述包括以下两点，1.他的基本特征是什么2.他在该类（水果）中最突出不同的特征是什么，尽量简短
2024-12-13 13:17:55,686 - 2 - INFO - **********PLAYER2**********
这种水果通常有着鲜艳的绿色外皮，切开后，肉质软糯，味道清新。在同类水果中，它最特别的地方在于其独特的香味和甜度。
2024-12-13 13:18:20,584 - 2 - INFO - **********JUDGER**********
玩家1说：这个水果味道甜美，汁水丰富。它在水果类中特别之处在于它的金黄色。玩家2说：这种水果通常有着鲜艳的绿色外皮，切开后，肉质软糯，味道清新。在同类水果中，它最特别的地方在于其独特的香味和甜度。玩家3说：这个水果颜色鲜艳，果肉鲜嫩，味道甘甜。它在同类水果中特别之处在于其独特的香气。玩家4说：||在这个游戏中，我们需要通过分析每位玩家的描述来找出卧底。通常，平民的描述会围绕相同的词语展开，而卧底的描述可能会因为词语的不同而显得不太一致。我们需要仔细比较每个描述之间的相似性和差异性，以找出可能的卧底，注意，卧底并不会隐藏自己，他会直接描述他的词语，现在，逐一分析每个玩家的描述，注意，这局游戏的词语分类为<水果>，卧底词和平民词都属于该类。这是第一轮描述。
2024-12-13 13:18:23,642 - 2 - INFO - **********PLAYER2**********
我注意到玩家1、2和3的描述都集中在水果的甜味、汁水丰富、肉质软糯、颜色鲜艳、果肉鲜嫩和香气上，这些特征很可能是我们共同的水果――菠萝所具有的。然而，玩家4的描述并没有直接提及甜味或香气，而是强调了“颜色鲜艳”和“果肉鲜嫩”，这可能与菠萝的特征不完全吻合。因此，我会关注玩家4的描述，并可能在下一轮投票时考虑将票投给他。
2024-12-13 13:18:23,643 - 2 - INFO - **********JUDGER**********
你刚刚的分析是我注意到玩家1、2和3的描述都集中在水果的甜味、汁水丰富、肉质软糯、颜色鲜艳、果肉鲜嫩和香气上，这些特征很可能是我们共同的水果――菠萝所具有的。然而，玩家4的描述并没有直接提及甜味或香气，而是强调了“颜色鲜艳”和“果肉鲜嫩”，这可能与菠萝的特征不完全吻合。因此，我会关注玩家4的描述，并可能在下一轮投票时考虑将票投给他。|| `请根据上述分析，比较描述以找出不一致之处，注意，这局游戏的词语分类为<水果>，卧底词和平民词都属于该类。
2024-12-13 13:18:27,242 - 2 - INFO - **********PLAYER2**********
根据上述分析，我们可以比较以下不一致之处：

1. 玩家1、2和3都提到了“甜味”和“香气”，这是菠萝的典型特征，而玩家4的描述中没有提到这些。
2. 玩家1、2和3都提到了“汁水丰富”和“肉质软糯”，这也是菠萝的常见特征，但在玩家4的描述中，虽然提到了“果肉鲜嫩”，但没有提到汁水的丰富程度。
3. 玩家4特别强调了“颜色鲜艳”，这可能是为了区别于其他特征，但在菠萝的描述中，颜色通常不会是特别突出的特征。

基于这些不一致之处，玩家4的描述似乎与菠萝的典型特征有所出入，这可能是他作为卧底的表现。因此，玩家4的描述可能更值得我们怀疑。
2024-12-13 13:18:27,244 - 2 - INFO - **********JUDGER**********
你刚刚的分析是根据上述分析，我们可以比较以下不一致之处：

1. 玩家1、2和3都提到了“甜味”和“香气”，这是菠萝的典型特征，而玩家4的描述中没有提到这些。
2. 玩家1、2和3都提到了“汁水丰富”和“肉质软糯”，这也是菠萝的常见特征，但在玩家4的描述中，虽然提到了“果肉鲜嫩”，但没有提到汁水的丰富程度。
3. 玩家4特别强调了“颜色鲜艳”，这可能是为了区别于其他特征，但在菠萝的描述中，颜色通常不会是特别突出的特征。

基于这些不一致之处，玩家4的描述似乎与菠萝的典型特征有所出入，这可能是他作为卧底的表现。因此，玩家4的描述可能更值得我们怀疑。|| 请通过你分析的不一致之处，推断卧底身份，注意，这局游戏的词语分类为<水果>，卧底词和平民词都属于该类。
2024-12-13 13:18:31,775 - 2 - INFO - **********PLAYER2**********
根据分析中提到的不一致之处，我们可以推断以下可能性：

1. 玩家4没有提到“甜味”和“香气”，这通常与菠萝的特征相符合，因此他可能不是菠萝的卧底。
2. 玩家4虽然提到了“果肉鲜嫩”，但没有提到“汁水丰富”，这可能是与菠萝特征不符的地方。
3. 玩家4特别强调了“颜色鲜艳”，这在菠萝的描述中不是最突出的特征，但也不是完全不可能。

考虑到这些点，如果我们要推断卧底身份，玩家4的描述中最不一致的特征是缺乏对“汁水丰富”的提及。在水果类中，有些水果（如橙子、柚子）同样具有鲜艳的颜色和鲜嫩的果肉，但通常不会强调汁水的丰富。因此，如果我们要基于描述的不一致性来推断，玩家4可能是卧底，尤其是如果他扮演的是与菠萝特征不完全一致的水果，比如橙子或柚子。不过，这种推断仍然基于不完全的信息，最终需要通过投票来确定。
2024-12-13 13:18:31,777 - 2 - INFO - **********JUDGER**********
你刚刚的推断是根据分析中提到的不一致之处，我们可以推断以下可能性：

1. 玩家4没有提到“甜味”和“香气”，这通常与菠萝的特征相符合，因此他可能不是菠萝的卧底。
2. 玩家4虽然提到了“果肉鲜嫩”，但没有提到“汁水丰富”，这可能是与菠萝特征不符的地方。
3. 玩家4特别强调了“颜色鲜艳”，这在菠萝的描述中不是最突出的特征，但也不是完全不可能。

考虑到这些点，如果我们要推断卧底身份，玩家4的描述中最不一致的特征是缺乏对“汁水丰富”的提及。在水果类中，有些水果（如橙子、柚子）同样具有鲜艳的颜色和鲜嫩的果肉，但通常不会强调汁水的丰富。因此，如果我们要基于描述的不一致性来推断，玩家4可能是卧底，尤其是如果他扮演的是与菠萝特征不完全一致的水果，比如橙子或柚子。不过，这种推断仍然基于不完全的信息，最终需要通过投票来确定。|| 基于你刚刚的推断得出你的最终结论，请输出你认为的卧底，在这种情况下只需要输出编号，是1-4中的某个数字，不要输出其他信息。在这个过程不要进行任何推理，只对||以前的部分进行信息提取
2024-12-13 13:18:32,169 - 2 - INFO - **********PLAYER2**********
4
2024-12-13 13:19:07,314 - 2 - INFO - **********JUDGER**********
玩家1说：这个水果味道甜美，汁水丰富。它在水果类中特别之处在于它的金黄色。这个水果的甜味浓郁，非常适合搭配酸奶或冰淇淋食用。它的果肉细腻，水分充足，给人一种清凉的感觉。在同类水果中，它的金黄色表皮显得格外诱人。玩家2说：这种水果通常有着鲜艳的绿色外皮，切开后，肉质软糯，味道清新。在同类水果中，它最特别的地方在于其独特的香味和甜度。玩家3说：这个水果颜色鲜艳，果肉鲜嫩，味道甘甜。它在同类水果中特别之处在于其独特的香气。玩家4说：这个水果外形圆润，皮薄多汁。它在该类水果中最突出的不同特征是它的味道独特，带有微妙的苦味。你是第2号玩家，你的关键词是<菠萝>。你的回答中绝对不能包含你的关键词<菠萝>。这是第二轮描述，你之前的描述是这种水果通常有着鲜艳的绿色外皮，切开后，肉质软糯，味道清新。在同类水果中，它最特别的地方在于其独特的香味和甜度。，注意，这局游戏的词语分类为<水果>，卧底词和平民词都属于该类，请你补充关于关键词的描述，注意，你的描述应该比起之前的描述更加贴近关键词，作为之前的补充
2024-12-13 13:19:08,803 - 2 - INFO - **********PLAYER2**********
这种水果的果肉柔软，口感多汁，它的风味既清新又甜美，有一种独特的果香。在同类水果中，它以其丰富的汁液和甜美的味道而闻名，非常适合制作果汁或甜点。
2024-12-13 13:19:25,558 - 2 - INFO - **********JUDGER**********
玩家1说：这个水果味道甜美，汁水丰富。它在水果类中特别之处在于它的金黄色。这个水果的甜味浓郁，非常适合搭配酸奶或冰淇淋食用。它的果肉细腻，水分充足，给人一种清凉的感觉。在同类水果中，它的金黄色表皮显得格外诱人。玩家2说：这种水果通常有着鲜艳的绿色外皮，切开后，肉质软糯，味道清新。在同类水果中，它最特别的地方在于其独特的香味和甜度。这种水果的果肉柔软，口感多汁，它的风味既清新又甜美，有一种独特的果香。在同类水果中，它以其丰富的汁液和甜美的味道而闻名，非常适合制作果汁或甜点。玩家3说：这个水果颜色鲜艳，果肉鲜嫩，味道甘甜。它在同类水果中特别之处在于其独特的香气。这个水果的色泽金黄，口感细腻，甜而不腻，给人一种清爽的享受。它的香气浓郁，能够激发食欲，是夏季消暑解渴的佳品。玩家4说：这个水果外形圆润，皮薄多汁。它在该类水果中最突出的不同特征是它的味道独特，带有微妙的苦味。||在这个游戏中，我们需要通过分析每位玩家的描述来找出卧底。通常，平民的描述会围绕相同的词语展开，而卧底的描述可能会因为词语的不同而显得不太一致。我们需要仔细比较每个描述之间的相似性和差异性，以找出可能的卧底，注意，卧底并不会隐藏自己，他会直接描述他的词语，现在，逐一分析每个玩家的描述，注意，这局游戏的词语分类为<水果>，卧底词和平民词都属于该类。||之前是第2轮描述和之前轮数描述的合集。你之前认为的卧底是玩家4。
2024-12-13 13:19:28,338 - 2 - INFO - **********PLAYER2**********
根据第二轮描述和之前的分析，玩家4的描述中提到的“带有微妙的苦味”与其他玩家的描述中强调的甜味和香气形成鲜明对比。其他玩家都提到了水果的甜味、香气和诱人的外观，而玩家4描述的苦味特征与菠萝等常见水果的特性不符。

因此，基于描述中的不一致性，玩家4的描述仍然让我怀疑他是卧底。我维持之前的推断，认为玩家4可能是卧底。
2024-12-13 13:19:28,338 - 2 - INFO - **********JUDGER**********
你刚刚的分析是根据第二轮描述和之前的分析，玩家4的描述中提到的“带有微妙的苦味”与其他玩家的描述中强调的甜味和香气形成鲜明对比。其他玩家都提到了水果的甜味、香气和诱人的外观，而玩家4描述的苦味特征与菠萝等常见水果的特性不符。

因此，基于描述中的不一致性，玩家4的描述仍然让我怀疑他是卧底。我维持之前的推断，认为玩家4可能是卧底。|| `请根据上述分析，比较描述以找出不一致之处，注意，这局游戏的词语分类为<水果>，卧底词和平民词都属于该类。
2024-12-13 13:19:31,574 - 2 - INFO - **********PLAYER2**********
根据上述分析，以下是不一致之处：

1. 玩家1、2和3的描述都集中在水果的甜味、香气、金黄色表皮和诱人的外观上。
2. 玩家4的描述中提到了“带有微妙的苦味”，这与玩家1、2和3描述的甜味和香气形成对比。
3. 玩家4的描述没有提到水果的汁液丰富或肉质软糯，而这是其他玩家描述中提到的菠萝的常见特征。

这些不一致之处表明玩家4的描述可能与菠萝的特征不完全吻合，从而增加了他是卧底的可能性。
2024-12-13 13:19:31,576 - 2 - INFO - **********JUDGER**********
你刚刚的分析是根据上述分析，以下是不一致之处：

1. 玩家1、2和3的描述都集中在水果的甜味、香气、金黄色表皮和诱人的外观上。
2. 玩家4的描述中提到了“带有微妙的苦味”，这与玩家1、2和3描述的甜味和香气形成对比。
3. 玩家4的描述没有提到水果的汁液丰富或肉质软糯，而这是其他玩家描述中提到的菠萝的常见特征。

这些不一致之处表明玩家4的描述可能与菠萝的特征不完全吻合，从而增加了他是卧底的可能性。|| 请通过你分析的不一致之处，推断卧底身份，注意，这局游戏的词语分类为<水果>，卧底词和平民词都属于该类。
2024-12-13 13:19:33,512 - 2 - INFO - **********PLAYER2**********
基于分析的不一致之处，考虑到游戏分类为<水果>，且卧底词和平民词都属于该类，我推断玩家4可能是卧底。因为他的描述中提到的“带有微妙的苦味”与菠萝通常的甜味和香气特征不符，而其他玩家的描述则更符合菠萝的典型特征。
2024-12-13 13:19:33,513 - 2 - INFO - **********JUDGER**********
你刚刚的推断是基于分析的不一致之处，考虑到游戏分类为<水果>，且卧底词和平民词都属于该类，我推断玩家4可能是卧底。因为他的描述中提到的“带有微妙的苦味”与菠萝通常的甜味和香气特征不符，而其他玩家的描述则更符合菠萝的典型特征。|| 基于你刚刚的推断得出你的最终结论，请输出你认为的卧底，在这种情况下只需要输出编号，是1-4中的某个数字，不要输出其他信息。在这个过程不要进行任何推理，只对||以前的部分进行信息提取
2024-12-13 13:19:34,262 - 2 - INFO - **********PLAYER2**********
4
2024-12-13 13:20:05,304 - 2 - INFO - **********JUDGER**********
玩家1说：这个水果味道甜美，汁水丰富。它在水果类中特别之处在于它的金黄色。这个水果的甜味浓郁，非常适合搭配酸奶或冰淇淋食用。它的果肉细腻，水分充足，给人一种清凉的感觉。在同类水果中，它的金黄色表皮显得格外诱人。这种水果拥有丰富的汁液，口感顺滑，散发着清新的香气。它的质地软糯，适合直接食用或加工成各种美味佳肴。在同类水果中，它以其独特的甜味和营养价值而受到人们的喜爱。玩家2说：这种水果通常有着鲜艳的绿色外皮，切开后，肉质软糯，味道清新。在同类水果中，它最特别的地方在于其独特的香味和甜度。这种水果的果肉柔软，口感多汁，它的风味既清新又甜美，有一种独特的果香。在同类水果中，它以其丰富的汁液和甜美的味道而闻名，非常适合制作果汁或甜点。玩家3说：这个水果颜色鲜艳，果肉鲜嫩，味道甘甜。它在同类水果中特别之处在于其独特的香气。这个水果的色泽金黄，口感细腻，甜而不腻，给人一种清爽的享受。它的香气浓郁，能够激发食欲，是夏季消暑解渴的佳品。玩家4说：这个水果外形圆润，皮薄多汁。它在该类水果中最突出的不同特征是它的味道独特，带有微妙的苦味。这个水果的色泽金黄，甜度适中，适合在炎热的天气中提供清凉感。它的果肉质地细腻，口感顺滑，能够带来愉悦的食用体验。这种水果通常被用来制作甜点或作为饮料的配料，其独特的风味深受人们喜爱。你是第2号玩家，你的关键词是<菠萝>。你的回答中绝对不能包含你的关键词<菠萝>。这是第三轮描述，你之前的描述是这种水果通常有着鲜艳的绿色外皮，切开后，肉质软糯，味道清新。在同类水果中，它最特别的地方在于其独特的香味和甜度。和这种水果的果肉柔软，口感多汁，它的风味既清新又甜美，有一种独特的果香。在同类水果中，它以其丰富的汁液和甜美的味道而闻名，非常适合制作果汁或甜点。，注意，这局游戏的词语分类为<水果>，卧底词和平民词都属于该类，请你补充关于关键词的描述，注意，你的描述应该比起之前的描述更加贴近关键词，作为之前的补充
2024-12-13 13:20:07,354 - 2 - INFO - **********PLAYER2**********
这种水果的果肉富含纤维，口感爽脆，它的风味既有甜味也有微微的酸味，这种平衡的口感使其成为水果沙拉和冰沙的绝佳选择。在同类水果中，它以其独特的酸甜口感和丰富的营养价值而受到欢迎。
2024-12-13 13:20:33,047 - 2 - INFO - **********JUDGER**********
玩家1说：这个水果味道甜美，汁水丰富。它在水果类中特别之处在于它的金黄色。这个水果的甜味浓郁，非常适合搭配酸奶或冰淇淋食用。它的果肉细腻，水分充足，给人一种清凉的感觉。在同类水果中，它的金黄色表皮显得格外诱人。这种水果拥有丰富的汁液，口感顺滑，散发着清新的香气。它的质地软糯，适合直接食用或加工成各种美味佳肴。在同类水果中，它以其独特的甜味和营养价值而受到人们的喜爱。玩家2说：这种水果通常有着鲜艳的绿色外皮，切开后，肉质软糯，味道清新。在同类水果中，它最特别的地方在于其独特的香味和甜度。这种水果的果肉柔软，口感多汁，它的风味既清新又甜美，有一种独特的果香。在同类水果中，它以其丰富的汁液和甜美的味道而闻名，非常适合制作果汁或甜点。这种水果的果肉富含纤维，口感爽脆，它的风味既有甜味也有微微的酸味，这种平衡的口感使其成为水果沙拉和冰沙的绝佳选择。在同类水果中，它以其独特的酸甜口感和丰富的营养价值而受到欢迎。玩家3说：这个水果颜色鲜艳，果肉鲜嫩，味道甘甜。它在同类水果中特别之处在于其独特的香气。这个水果的色泽金黄，口感细腻，甜而不腻，给人一种清爽的享受。它的香气浓郁，能够激发食欲，是夏季消暑解渴的佳品。这个水果拥有丰富的纤维，质地柔滑，其甜味适中，既不过于浓郁也不失清新。它的香味独特，能够弥漫在空气中，给人一种舒适的愉悦感。在同类水果中，它以其甜中带酸的风味和细腻的口感而受到人们的喜爱。玩家4说：这个水果外形圆润，皮薄多汁。它在该类水果中最突出的不同特征是它的味道独特，带有微妙的苦味。这个水果的色泽金黄，甜度适中，适合在炎热的天气中提供清凉感。它的果肉质地细腻，口感顺滑，能够带来愉悦的食用体验。这种水果通常被用来制作甜点或作为饮料的配料，其独特的风味深受人们喜爱。这种水果的甜味浓郁，但不会过于腻人，适合搭配各种甜品或饮品。它的香气独特，能够在口中留下持久的清新感。这种水果的果肉质地柔软，易于食用，它的金黄色表皮给人一种温暖和舒适的视觉体验。在炎热的季节，它能够带来一丝清凉，为人们带来愉悦的食用体验。||在这个游戏中，我们需要通过分析每位玩家的描述来找出卧底。通常，平民的描述会围绕相同的词语展开，而卧底的描述可能会因为词语的不同而显得不太一致。我们需要仔细比较每个描述之间的相似性和差异性，以找出可能的卧底，注意，卧底并不会隐藏自己，他会直接描述他的词语，现在，逐一分析每个玩家的描述，注意，这局游戏的词语分类为<水果>，卧底词和平民词都属于该类。||之前是第3轮描述和之前轮数描述的合集。你之前认为的卧底是玩家4。
2024-12-13 13:20:37,015 - 2 - INFO - **********PLAYER2**********
根据第3轮描述和之前的分析，玩家4的描述中提到的“带有微妙的苦味”与玩家1、2和3描述的甜味、香气和清爽口感形成对比。虽然玩家4也提到了金黄色表皮和甜度适中，但苦味的提及是一个显著的不一致点。

因此，基于描述中的不一致性，玩家4的描述仍然让我怀疑他是卧底。我维持之前的推断，认为玩家4可能是卧底。
2024-12-13 13:20:37,016 - 2 - INFO - **********JUDGER**********
你刚刚的分析是根据第3轮描述和之前的分析，玩家4的描述中提到的“带有微妙的苦味”与玩家1、2和3描述的甜味、香气和清爽口感形成对比。虽然玩家4也提到了金黄色表皮和甜度适中，但苦味的提及是一个显著的不一致点。

因此，基于描述中的不一致性，玩家4的描述仍然让我怀疑他是卧底。我维持之前的推断，认为玩家4可能是卧底。|| `请根据上述分析，比较描述以找出不一致之处，注意，这局游戏的词语分类为<水果>，卧底词和平民词都属于该类。
2024-12-13 13:20:44,509 - 2 - INFO - **********PLAYER2**********
根据上述分析，以下是不一致之处：

1. 玩家1、2和3的描述中都强调了水果的甜味、香气和清爽口感。
2. 玩家4的描述中提到了“带有微妙的苦味”，这是与其他玩家描述中的甜味和香气不一致的地方。
3. 虽然玩家4也提到了金黄色表皮和适中的甜度，但苦味的提及是一个显著的不一致点，而且其他玩家并没有提到苦味。

这些不一致之处表明玩家4的描述中包含了一个与其他玩家描述不匹配的特征，这可能是他作为卧底的表现。
2024-12-13 13:20:44,510 - 2 - INFO - **********JUDGER**********
你刚刚的分析是根据上述分析，以下是不一致之处：

1. 玩家1、2和3的描述中都强调了水果的甜味、香气和清爽口感。
2. 玩家4的描述中提到了“带有微妙的苦味”，这是与其他玩家描述中的甜味和香气不一致的地方。
3. 虽然玩家4也提到了金黄色表皮和适中的甜度，但苦味的提及是一个显著的不一致点，而且其他玩家并没有提到苦味。

这些不一致之处表明玩家4的描述中包含了一个与其他玩家描述不匹配的特征，这可能是他作为卧底的表现。|| 请通过你分析的不一致之处，推断卧底身份，注意，这局游戏的词语分类为<水果>，卧底词和平民词都属于该类。
2024-12-13 13:20:45,249 - 2 - INFO - **********PLAYER2**********
4
2024-12-13 13:20:45,249 - 2 - INFO - **********JUDGER**********
你刚刚的推断是4|| 基于你刚刚的推断得出你的最终结论，请输出你认为的卧底，在这种情况下只需要输出编号，是1-4中的某个数字，不要输出其他信息。在这个过程不要进行任何推理，只对||以前的部分进行信息提取
2024-12-13 13:20:46,007 - 2 - INFO - **********PLAYER2**********
4
