2024-12-13 13:17:53,128 - 4 - INFO - **********JUDGER**********
让我们来玩一个叫做<谁是卧底>的推理游戏。基本规则：<人数>：4人。<角色分配>：每位玩家随机抽取一个词语，3名玩家拿到的词语是相同的（平民词），1名玩家拿到与之相近但不同的词语（卧底词）。<游戏流程>：1、玩家轮流描述自己的词语，但<不能>直接说出词语本身。2、描述完毕后，投票选出最像卧底的玩家。3、每轮结束后，被投票选出的玩家出局，不能再进行描述或投票。4、每轮投票结束后，如果卧底被成功找出，平民方获胜；如果卧底未被找出且卧底人数等于或超过平民人数，则卧底方获胜。你将扮演一个<玩家>，请等待你被分配到的关键词。如果你听懂了，只回答，"好的，我准备好参加游戏了"，不要输出别的信息
2024-12-13 13:17:53,599 - 4 - INFO - **********PLAYER4**********
好的，我准备好参加游戏了
2024-12-13 13:17:59,071 - 4 - INFO - **********JUDGER**********
玩家1说：这个水果味道甜美，汁水丰富。它在水果类中特别之处在于它的金黄色。玩家2说：这种水果通常有着鲜艳的绿色外皮，切开后，肉质软糯，味道清新。在同类水果中，它最特别的地方在于其独特的香味和甜度。玩家3说：这个水果颜色鲜艳，果肉鲜嫩，味道甘甜。它在同类水果中特别之处在于其独特的香气。玩家4说：|| 你是第4号玩家，你的关键词是<芒果>。你的回答中绝对不能包含你的关键词<芒果>。这是第一轮描述，不需要分析||之前别的玩家的描述，请你描述关键词基本特征，注意，这局游戏的词语分类为<水果>，卧底词和平民词都属于该类，描述包括以下两点，1.他的基本特征是什么2.他在该类（水果）中最突出不同的特征是什么，尽量简短
2024-12-13 13:18:01,290 - 4 - INFO - **********PLAYER4**********
这个水果外形圆润，皮薄多汁。它在该类水果中最突出的不同特征是它的味道独特，带有微妙的苦味。
2024-12-13 13:18:50,840 - 4 - INFO - **********JUDGER**********
玩家1说：这个水果味道甜美，汁水丰富。它在水果类中特别之处在于它的金黄色。玩家2说：这种水果通常有着鲜艳的绿色外皮，切开后，肉质软糯，味道清新。在同类水果中，它最特别的地方在于其独特的香味和甜度。玩家3说：这个水果颜色鲜艳，果肉鲜嫩，味道甘甜。它在同类水果中特别之处在于其独特的香气。玩家4说：||在这个游戏中，我们需要通过分析每位玩家的描述来找出卧底。通常，平民的描述会围绕相同的词语展开，而卧底的描述可能会因为词语的不同而显得不太一致。我们需要仔细比较每个描述之间的相似性和差异性，以找出可能的卧底，注意，卧底并不会隐藏自己，他会直接描述他的词语，现在，逐一分析每个玩家的描述，注意，这局游戏的词语分类为<水果>，卧底词和平民词都属于该类。这是第一轮描述。
2024-12-13 13:18:54,094 - 4 - INFO - **********PLAYER4**********
好的，根据玩家的描述，我们可以分析如下：

玩家1描述的是一种味道甜美、汁水丰富，且具有金黄色特征的水果。这听起来像是芒果。

玩家2描述的是一种绿色外皮、肉质软糯、味道清新，具有独特香味和甜度的水果。这听起来像是香蕉。

玩家3描述的是一种颜色鲜艳、果肉鲜嫩、味道甘甜，具有独特香气的水果。这也像是芒果或香蕉。

玩家4没有提供描述，所以我们无法根据描述来判断。

目前来看，玩家1和玩家3的描述可能指向芒果，而玩家2的描述更像是香蕉。由于芒果和香蕉都是常见的水果，而且玩家1和玩家3的描述存在重叠，这可能会让我们怀疑其中一个是卧底。不过，没有更多的信息，我们无法确定谁是卧底。需要更多的描述或者通过投票来进一步分析。
2024-12-13 13:18:54,095 - 4 - INFO - **********JUDGER**********
你刚刚的分析是好的，根据玩家的描述，我们可以分析如下：

玩家1描述的是一种味道甜美、汁水丰富，且具有金黄色特征的水果。这听起来像是芒果。

玩家2描述的是一种绿色外皮、肉质软糯、味道清新，具有独特香味和甜度的水果。这听起来像是香蕉。

玩家3描述的是一种颜色鲜艳、果肉鲜嫩、味道甘甜，具有独特香气的水果。这也像是芒果或香蕉。

玩家4没有提供描述，所以我们无法根据描述来判断。

目前来看，玩家1和玩家3的描述可能指向芒果，而玩家2的描述更像是香蕉。由于芒果和香蕉都是常见的水果，而且玩家1和玩家3的描述存在重叠，这可能会让我们怀疑其中一个是卧底。不过，没有更多的信息，我们无法确定谁是卧底。需要更多的描述或者通过投票来进一步分析。|| `请根据上述分析，比较描述以找出不一致之处，注意，这局游戏的词语分类为<水果>，卧底词和平民词都属于该类。
2024-12-13 13:19:01,525 - 4 - INFO - **********PLAYER4**********
根据上述分析，我们可以比较描述中存在的不一致之处：

1. 玩家1和玩家3的描述都提到了金黄色和甜味，这与芒果的特征相符。然而，玩家2的描述提到了绿色外皮，这与芒果不符，而是更像香蕉的特征。

2. 玩家2的描述中强调了独特的香味和甜度，这一点在玩家1和玩家3的描述中没有提及，这可能表明玩家2的词语与芒果或香蕉不同。

3. 玩家3的描述中提到了“颜色鲜艳”和“果肉鲜嫩”，这两个特征在玩家1的描述中也有提及，但在玩家2的描述中没有明显对应。

4. 玩家4没有提供描述，因此无法与他人的描述进行比较。

基于这些不一致之处，玩家2的描述与芒果和玩家1、玩家3的描述存在较大的差异，这可能是玩家2是卧底的一个线索。卧底可能是拿到了与芒果或香蕉不同的水果，比如葡萄或者其他与描述不符的水果。然而，没有更多的信息，我们仍然不能确定谁是卧底。
2024-12-13 13:19:01,527 - 4 - INFO - **********JUDGER**********
你刚刚的分析是根据上述分析，我们可以比较描述中存在的不一致之处：

1. 玩家1和玩家3的描述都提到了金黄色和甜味，这与芒果的特征相符。然而，玩家2的描述提到了绿色外皮，这与芒果不符，而是更像香蕉的特征。

2. 玩家2的描述中强调了独特的香味和甜度，这一点在玩家1和玩家3的描述中没有提及，这可能表明玩家2的词语与芒果或香蕉不同。

3. 玩家3的描述中提到了“颜色鲜艳”和“果肉鲜嫩”，这两个特征在玩家1的描述中也有提及，但在玩家2的描述中没有明显对应。

4. 玩家4没有提供描述，因此无法与他人的描述进行比较。

基于这些不一致之处，玩家2的描述与芒果和玩家1、玩家3的描述存在较大的差异，这可能是玩家2是卧底的一个线索。卧底可能是拿到了与芒果或香蕉不同的水果，比如葡萄或者其他与描述不符的水果。然而，没有更多的信息，我们仍然不能确定谁是卧底。|| 请通过你分析的不一致之处，推断卧底身份，注意，这局游戏的词语分类为<水果>，卧底词和平民词都属于该类。
2024-12-13 13:19:05,505 - 4 - INFO - **********PLAYER4**********
根据上述分析的不一致之处，我们可以进行以下推断：

1. 玩家1和玩家3的描述都指向芒果，因为他们提到了金黄色和甜味，这两个特征是芒果的典型特点。

2. 玩家2的描述则指向香蕉，因为他提到了绿色外皮，这是香蕉的一个明显特征，而不是芒果的。

3. 玩家3的描述虽然也提到了颜色鲜艳和甜味，但没有提到绿色外皮，这使得他的描述与芒果更接近，但与香蕉有差异。

4. 玩家4没有提供描述，所以无法直接判断。

考虑到所有玩家的描述，玩家2的描述与芒果和玩家1、玩家3的描述差异最大，特别是提到了绿色外皮，这与芒果不符。因此，根据这些信息，玩家2可能是卧底，因为他描述的水果特征与芒果和其他玩家描述的特征不一致，更像是另一类水果，即香蕉。所以，我的推断是玩家2是卧底。
2024-12-13 13:19:05,506 - 4 - INFO - **********JUDGER**********
你刚刚的推断是根据上述分析的不一致之处，我们可以进行以下推断：

1. 玩家1和玩家3的描述都指向芒果，因为他们提到了金黄色和甜味，这两个特征是芒果的典型特点。

2. 玩家2的描述则指向香蕉，因为他提到了绿色外皮，这是香蕉的一个明显特征，而不是芒果的。

3. 玩家3的描述虽然也提到了颜色鲜艳和甜味，但没有提到绿色外皮，这使得他的描述与芒果更接近，但与香蕉有差异。

4. 玩家4没有提供描述，所以无法直接判断。

考虑到所有玩家的描述，玩家2的描述与芒果和玩家1、玩家3的描述差异最大，特别是提到了绿色外皮，这与芒果不符。因此，根据这些信息，玩家2可能是卧底，因为他描述的水果特征与芒果和其他玩家描述的特征不一致，更像是另一类水果，即香蕉。所以，我的推断是玩家2是卧底。|| 基于你刚刚的推断得出你的最终结论，请输出你认为的卧底，在这种情况下只需要输出编号，是1-4中的某个数字，不要输出其他信息。在这个过程不要进行任何推理，只对||以前的部分进行信息提取
2024-12-13 13:19:05,941 - 4 - INFO - **********PLAYER4**********
2
2024-12-13 13:19:10,207 - 4 - INFO - **********JUDGER**********
玩家1说：这个水果味道甜美，汁水丰富。它在水果类中特别之处在于它的金黄色。这个水果的甜味浓郁，非常适合搭配酸奶或冰淇淋食用。它的果肉细腻，水分充足，给人一种清凉的感觉。在同类水果中，它的金黄色表皮显得格外诱人。玩家2说：这种水果通常有着鲜艳的绿色外皮，切开后，肉质软糯，味道清新。在同类水果中，它最特别的地方在于其独特的香味和甜度。这种水果的果肉柔软，口感多汁，它的风味既清新又甜美，有一种独特的果香。在同类水果中，它以其丰富的汁液和甜美的味道而闻名，非常适合制作果汁或甜点。玩家3说：这个水果颜色鲜艳，果肉鲜嫩，味道甘甜。它在同类水果中特别之处在于其独特的香气。这个水果的色泽金黄，口感细腻，甜而不腻，给人一种清爽的享受。它的香气浓郁，能够激发食欲，是夏季消暑解渴的佳品。玩家4说：这个水果外形圆润，皮薄多汁。它在该类水果中最突出的不同特征是它的味道独特，带有微妙的苦味。你是第4号玩家，你的关键词是<芒果>。你的回答中绝对不能包含你的关键词<芒果>。这是第二轮描述，你之前的描述是这个水果外形圆润，皮薄多汁。它在该类水果中最突出的不同特征是它的味道独特，带有微妙的苦味。，注意，这局游戏的词语分类为<水果>，卧底词和平民词都属于该类，请你补充关于关键词的描述，注意，你的描述应该比起之前的描述更加贴近关键词，作为之前的补充
2024-12-13 13:19:11,677 - 4 - INFO - **********PLAYER4**********
这个水果的色泽金黄，甜度适中，适合在炎热的天气中提供清凉感。它的果肉质地细腻，口感顺滑，能够带来愉悦的食用体验。这种水果通常被用来制作甜点或作为饮料的配料，其独特的风味深受人们喜爱。
2024-12-13 13:19:47,753 - 4 - INFO - **********JUDGER**********
玩家1说：这个水果味道甜美，汁水丰富。它在水果类中特别之处在于它的金黄色。这个水果的甜味浓郁，非常适合搭配酸奶或冰淇淋食用。它的果肉细腻，水分充足，给人一种清凉的感觉。在同类水果中，它的金黄色表皮显得格外诱人。玩家2说：这种水果通常有着鲜艳的绿色外皮，切开后，肉质软糯，味道清新。在同类水果中，它最特别的地方在于其独特的香味和甜度。这种水果的果肉柔软，口感多汁，它的风味既清新又甜美，有一种独特的果香。在同类水果中，它以其丰富的汁液和甜美的味道而闻名，非常适合制作果汁或甜点。玩家3说：这个水果颜色鲜艳，果肉鲜嫩，味道甘甜。它在同类水果中特别之处在于其独特的香气。这个水果的色泽金黄，口感细腻，甜而不腻，给人一种清爽的享受。它的香气浓郁，能够激发食欲，是夏季消暑解渴的佳品。玩家4说：这个水果外形圆润，皮薄多汁。它在该类水果中最突出的不同特征是它的味道独特，带有微妙的苦味。||在这个游戏中，我们需要通过分析每位玩家的描述来找出卧底。通常，平民的描述会围绕相同的词语展开，而卧底的描述可能会因为词语的不同而显得不太一致。我们需要仔细比较每个描述之间的相似性和差异性，以找出可能的卧底，注意，卧底并不会隐藏自己，他会直接描述他的词语，现在，逐一分析每个玩家的描述，注意，这局游戏的词语分类为<水果>，卧底词和平民词都属于该类。||之前是第2轮描述和之前轮数描述的合集。你之前认为的卧底是玩家2。
2024-12-13 13:19:52,237 - 4 - INFO - **********PLAYER4**********
根据每位玩家的描述，我们可以进行以下分析：

玩家1的描述强调了水果的甜味、金黄色表皮和清凉感，这与芒果的特征相符。

玩家2的描述提到了绿色外皮、软糯肉质和独特的香味，这与香蕉的特征更为吻合。

玩家3的描述提到了颜色鲜艳、甘甜味道和独特香气，这也与芒果的特征相符。

玩家4的描述提到了圆润外形、皮薄多汁和带有微妙的苦味，这与芒果的特征不符，因为芒果通常没有苦味。

综合之前的分析，玩家2的描述与香蕉更为一致，而其他玩家的描述更偏向于芒果。因此，如果之前的推断是基于描述的不一致性和对水果特征的认知，那么玩家2仍然是最有可能的卧底。然而，玩家4的描述中出现了一些与芒果不符的特征（如苦味），这可能是另一个值得注意的线索。

最终，如果必须选择一个卧底，基于之前的推断和描述，玩家2仍然是最有可能的卧底。
2024-12-13 13:19:52,238 - 4 - INFO - **********JUDGER**********
你刚刚的分析是根据每位玩家的描述，我们可以进行以下分析：

玩家1的描述强调了水果的甜味、金黄色表皮和清凉感，这与芒果的特征相符。

玩家2的描述提到了绿色外皮、软糯肉质和独特的香味，这与香蕉的特征更为吻合。

玩家3的描述提到了颜色鲜艳、甘甜味道和独特香气，这也与芒果的特征相符。

玩家4的描述提到了圆润外形、皮薄多汁和带有微妙的苦味，这与芒果的特征不符，因为芒果通常没有苦味。

综合之前的分析，玩家2的描述与香蕉更为一致，而其他玩家的描述更偏向于芒果。因此，如果之前的推断是基于描述的不一致性和对水果特征的认知，那么玩家2仍然是最有可能的卧底。然而，玩家4的描述中出现了一些与芒果不符的特征（如苦味），这可能是另一个值得注意的线索。

最终，如果必须选择一个卧底，基于之前的推断和描述，玩家2仍然是最有可能的卧底。|| `请根据上述分析，比较描述以找出不一致之处，注意，这局游戏的词语分类为<水果>，卧底词和平民词都属于该类。
2024-12-13 13:19:57,585 - 4 - INFO - **********PLAYER4**********
根据上述分析，我们可以找出以下不一致之处：

1. 玩家1和玩家3的描述都提到了金黄色表皮，这与芒果的特征相符，而玩家2的描述提到了绿色外皮，这与香蕉的特征相符。

2. 玩家1和玩家3的描述都强调了甜味，而玩家4的描述提到了带有微妙的苦味，这与芒果和玩家1、玩家3描述的甜味特征不一致。

3. 玩家2的描述中提到了软糯肉质和独特的香味，这些特征更偏向于香蕉，而不是芒果。

4. 玩家4的描述中提到的苦味是与其他玩家描述的甜味不一致的。

基于这些不一致之处，玩家4的描述在甜味上与其他玩家有显著差异，而且提到了苦味，这与其他玩家描述的甜味特征不符。因此，玩家4的描述可能是与其他玩家描述不一致的，可能是卧底。同时，玩家2的描述与香蕉的特征更为吻合，也可能是一个不一致的线索。
2024-12-13 13:19:57,588 - 4 - INFO - **********JUDGER**********
你刚刚的分析是根据上述分析，我们可以找出以下不一致之处：

1. 玩家1和玩家3的描述都提到了金黄色表皮，这与芒果的特征相符，而玩家2的描述提到了绿色外皮，这与香蕉的特征相符。

2. 玩家1和玩家3的描述都强调了甜味，而玩家4的描述提到了带有微妙的苦味，这与芒果和玩家1、玩家3描述的甜味特征不一致。

3. 玩家2的描述中提到了软糯肉质和独特的香味，这些特征更偏向于香蕉，而不是芒果。

4. 玩家4的描述中提到的苦味是与其他玩家描述的甜味不一致的。

基于这些不一致之处，玩家4的描述在甜味上与其他玩家有显著差异，而且提到了苦味，这与其他玩家描述的甜味特征不符。因此，玩家4的描述可能是与其他玩家描述不一致的，可能是卧底。同时，玩家2的描述与香蕉的特征更为吻合，也可能是一个不一致的线索。|| 请通过你分析的不一致之处，推断卧底身份，注意，这局游戏的词语分类为<水果>，卧底词和平民词都属于该类。
2024-12-13 13:20:02,756 - 4 - INFO - **********PLAYER4**********
根据分析的不一致之处，以下是我的推断：

1. 玩家4的描述中提到了苦味，这与芒果和其他玩家描述的甜味特征明显不符，因此玩家4可能是卧底。

2. 玩家2的描述虽然与香蕉的特征更为吻合，但其他玩家并没有提到与香蕉相关的特征，因此玩家2的描述可能也存在不一致之处，这也可能是卧底的线索。

综合考虑，玩家4和玩家2的描述都与平民的描述存在不一致之处，但玩家4的不一致更为明显，因此我认为玩家4更有可能是卧底。所以，我的最终推断是玩家4是卧底。
2024-12-13 13:20:02,761 - 4 - INFO - **********JUDGER**********
你刚刚的推断是根据分析的不一致之处，以下是我的推断：

1. 玩家4的描述中提到了苦味，这与芒果和其他玩家描述的甜味特征明显不符，因此玩家4可能是卧底。

2. 玩家2的描述虽然与香蕉的特征更为吻合，但其他玩家并没有提到与香蕉相关的特征，因此玩家2的描述可能也存在不一致之处，这也可能是卧底的线索。

综合考虑，玩家4和玩家2的描述都与平民的描述存在不一致之处，但玩家4的不一致更为明显，因此我认为玩家4更有可能是卧底。所以，我的最终推断是玩家4是卧底。|| 基于你刚刚的推断得出你的最终结论，请输出你认为的卧底，在这种情况下只需要输出编号，是1-4中的某个数字，不要输出其他信息。在这个过程不要进行任何推理，只对||以前的部分进行信息提取
2024-12-13 13:20:03,591 - 4 - INFO - **********PLAYER4**********
4
2024-12-13 13:20:09,547 - 4 - INFO - **********JUDGER**********
玩家1说：这个水果味道甜美，汁水丰富。它在水果类中特别之处在于它的金黄色。这个水果的甜味浓郁，非常适合搭配酸奶或冰淇淋食用。它的果肉细腻，水分充足，给人一种清凉的感觉。在同类水果中，它的金黄色表皮显得格外诱人。这种水果拥有丰富的汁液，口感顺滑，散发着清新的香气。它的质地软糯，适合直接食用或加工成各种美味佳肴。在同类水果中，它以其独特的甜味和营养价值而受到人们的喜爱。玩家2说：这种水果通常有着鲜艳的绿色外皮，切开后，肉质软糯，味道清新。在同类水果中，它最特别的地方在于其独特的香味和甜度。这种水果的果肉柔软，口感多汁，它的风味既清新又甜美，有一种独特的果香。在同类水果中，它以其丰富的汁液和甜美的味道而闻名，非常适合制作果汁或甜点。这种水果的果肉富含纤维，口感爽脆，它的风味既有甜味也有微微的酸味，这种平衡的口感使其成为水果沙拉和冰沙的绝佳选择。在同类水果中，它以其独特的酸甜口感和丰富的营养价值而受到欢迎。玩家3说：这个水果颜色鲜艳，果肉鲜嫩，味道甘甜。它在同类水果中特别之处在于其独特的香气。这个水果的色泽金黄，口感细腻，甜而不腻，给人一种清爽的享受。它的香气浓郁，能够激发食欲，是夏季消暑解渴的佳品。这个水果拥有丰富的纤维，质地柔滑，其甜味适中，既不过于浓郁也不失清新。它的香味独特，能够弥漫在空气中，给人一种舒适的愉悦感。在同类水果中，它以其甜中带酸的风味和细腻的口感而受到人们的喜爱。玩家4说：这个水果外形圆润，皮薄多汁。它在该类水果中最突出的不同特征是它的味道独特，带有微妙的苦味。这个水果的色泽金黄，甜度适中，适合在炎热的天气中提供清凉感。它的果肉质地细腻，口感顺滑，能够带来愉悦的食用体验。这种水果通常被用来制作甜点或作为饮料的配料，其独特的风味深受人们喜爱。你是第4号玩家，你的关键词是<芒果>。你的回答中绝对不能包含你的关键词<芒果>。这是第三轮描述，你之前的描述是这个水果外形圆润，皮薄多汁。它在该类水果中最突出的不同特征是它的味道独特，带有微妙的苦味。和这个水果的色泽金黄，甜度适中，适合在炎热的天气中提供清凉感。它的果肉质地细腻，口感顺滑，能够带来愉悦的食用体验。这种水果通常被用来制作甜点或作为饮料的配料，其独特的风味深受人们喜爱。，注意，这局游戏的词语分类为<水果>，卧底词和平民词都属于该类，请你补充关于关键词的描述，注意，你的描述应该比起之前的描述更加贴近关键词，作为之前的补充
2024-12-13 13:20:11,688 - 4 - INFO - **********PLAYER4**********
这种水果的甜味浓郁，但不会过于腻人，适合搭配各种甜品或饮品。它的香气独特，能够在口中留下持久的清新感。这种水果的果肉质地柔软，易于食用，它的金黄色表皮给人一种温暖和舒适的视觉体验。在炎热的季节，它能够带来一丝清凉，为人们带来愉悦的食用体验。
2024-12-13 13:21:04,742 - 4 - INFO - **********JUDGER**********
玩家1说：这个水果味道甜美，汁水丰富。它在水果类中特别之处在于它的金黄色。这个水果的甜味浓郁，非常适合搭配酸奶或冰淇淋食用。它的果肉细腻，水分充足，给人一种清凉的感觉。在同类水果中，它的金黄色表皮显得格外诱人。这种水果拥有丰富的汁液，口感顺滑，散发着清新的香气。它的质地软糯，适合直接食用或加工成各种美味佳肴。在同类水果中，它以其独特的甜味和营养价值而受到人们的喜爱。玩家2说：这种水果通常有着鲜艳的绿色外皮，切开后，肉质软糯，味道清新。在同类水果中，它最特别的地方在于其独特的香味和甜度。这种水果的果肉柔软，口感多汁，它的风味既清新又甜美，有一种独特的果香。在同类水果中，它以其丰富的汁液和甜美的味道而闻名，非常适合制作果汁或甜点。这种水果的果肉富含纤维，口感爽脆，它的风味既有甜味也有微微的酸味，这种平衡的口感使其成为水果沙拉和冰沙的绝佳选择。在同类水果中，它以其独特的酸甜口感和丰富的营养价值而受到欢迎。玩家3说：这个水果颜色鲜艳，果肉鲜嫩，味道甘甜。它在同类水果中特别之处在于其独特的香气。这个水果的色泽金黄，口感细腻，甜而不腻，给人一种清爽的享受。它的香气浓郁，能够激发食欲，是夏季消暑解渴的佳品。这个水果拥有丰富的纤维，质地柔滑，其甜味适中，既不过于浓郁也不失清新。它的香味独特，能够弥漫在空气中，给人一种舒适的愉悦感。在同类水果中，它以其甜中带酸的风味和细腻的口感而受到人们的喜爱。玩家4说：这个水果外形圆润，皮薄多汁。它在该类水果中最突出的不同特征是它的味道独特，带有微妙的苦味。这个水果的色泽金黄，甜度适中，适合在炎热的天气中提供清凉感。它的果肉质地细腻，口感顺滑，能够带来愉悦的食用体验。这种水果通常被用来制作甜点或作为饮料的配料，其独特的风味深受人们喜爱。这种水果的甜味浓郁，但不会过于腻人，适合搭配各种甜品或饮品。它的香气独特，能够在口中留下持久的清新感。这种水果的果肉质地柔软，易于食用，它的金黄色表皮给人一种温暖和舒适的视觉体验。在炎热的季节，它能够带来一丝清凉，为人们带来愉悦的食用体验。||在这个游戏中，我们需要通过分析每位玩家的描述来找出卧底。通常，平民的描述会围绕相同的词语展开，而卧底的描述可能会因为词语的不同而显得不太一致。我们需要仔细比较每个描述之间的相似性和差异性，以找出可能的卧底，注意，卧底并不会隐藏自己，他会直接描述他的词语，现在，逐一分析每个玩家的描述，注意，这局游戏的词语分类为<水果>，卧底词和平民词都属于该类。||之前是第3轮描述和之前轮数描述的合集。你之前认为的卧底是玩家4。
2024-12-13 13:21:10,051 - 4 - INFO - **********PLAYER4**********
根据之前的描述和玩家的描述，以下是我的分析：

玩家1的描述中提到的金黄色表皮和甜味浓郁的芒果特征与玩家4的描述中的金黄色表皮和适中的甜度相符，但玩家4提到了微妙的苦味，这是与其他玩家描述不一致的地方。

玩家2的描述中提到的绿色外皮、软糯肉质和独特的香味与香蕉的特征相符，这与玩家4描述的苦味和金黄色表皮不一致。

玩家3的描述中提到的颜色鲜艳、甘甜味道和独特香气也与芒果的特征相符，但同样，玩家4提到的苦味是一个不一致的点。

玩家4的描述中提到的苦味和金黄色表皮是与其他玩家描述不一致的特征。

综合以上分析，玩家4的描述中提到的苦味是一个显著的不一致点，这与其他玩家描述的甜味特征不符。因此，如果必须选择一个卧底，基于描述的不一致性和之前的推断，玩家4仍然是最有可能的卧底。所以，我的最终推断是玩家4是卧底。
2024-12-13 13:21:10,052 - 4 - INFO - **********JUDGER**********
你刚刚的分析是根据之前的描述和玩家的描述，以下是我的分析：

玩家1的描述中提到的金黄色表皮和甜味浓郁的芒果特征与玩家4的描述中的金黄色表皮和适中的甜度相符，但玩家4提到了微妙的苦味，这是与其他玩家描述不一致的地方。

玩家2的描述中提到的绿色外皮、软糯肉质和独特的香味与香蕉的特征相符，这与玩家4描述的苦味和金黄色表皮不一致。

玩家3的描述中提到的颜色鲜艳、甘甜味道和独特香气也与芒果的特征相符，但同样，玩家4提到的苦味是一个不一致的点。

玩家4的描述中提到的苦味和金黄色表皮是与其他玩家描述不一致的特征。

综合以上分析，玩家4的描述中提到的苦味是一个显著的不一致点，这与其他玩家描述的甜味特征不符。因此，如果必须选择一个卧底，基于描述的不一致性和之前的推断，玩家4仍然是最有可能的卧底。所以，我的最终推断是玩家4是卧底。|| `请根据上述分析，比较描述以找出不一致之处，注意，这局游戏的词语分类为<水果>，卧底词和平民词都属于该类。
2024-12-13 13:21:15,322 - 4 - INFO - **********PLAYER4**********
根据上述分析，以下是一致性和不一致之处的比较：

一致之处：
- 玩家1、玩家3和玩家4都提到了金黄色表皮。
- 玩家1、玩家3和玩家4的描述中都强调了甜味。

不一致之处：
- 玩家2提到了绿色外皮，这与芒果和玩家1、玩家3、玩家4描述的金黄色表皮不符。
- 玩家4提到了微妙的苦味，而其他玩家描述的都是甜味。
- 玩家2描述了果肉软糯、独特的香味、丰富的汁液和酸甜口感，这些特征与芒果的特征不完全一致，更接近香蕉。

基于这些不一致之处，玩家2的描述与香蕉的特征更为吻合，而玩家4的描述中提到的苦味是与其他玩家描述的甜味特征不一致的显著点。因此，玩家2和玩家4的描述可能是与其他玩家描述不一致的，可能是卧底的线索。
2024-12-13 13:21:15,324 - 4 - INFO - **********JUDGER**********
你刚刚的分析是根据上述分析，以下是一致性和不一致之处的比较：

一致之处：
- 玩家1、玩家3和玩家4都提到了金黄色表皮。
- 玩家1、玩家3和玩家4的描述中都强调了甜味。

不一致之处：
- 玩家2提到了绿色外皮，这与芒果和玩家1、玩家3、玩家4描述的金黄色表皮不符。
- 玩家4提到了微妙的苦味，而其他玩家描述的都是甜味。
- 玩家2描述了果肉软糯、独特的香味、丰富的汁液和酸甜口感，这些特征与芒果的特征不完全一致，更接近香蕉。

基于这些不一致之处，玩家2的描述与香蕉的特征更为吻合，而玩家4的描述中提到的苦味是与其他玩家描述的甜味特征不一致的显著点。因此，玩家2和玩家4的描述可能是与其他玩家描述不一致的，可能是卧底的线索。|| 请通过你分析的不一致之处，推断卧底身份，注意，这局游戏的词语分类为<水果>，卧底词和平民词都属于该类。
2024-12-13 13:21:21,633 - 4 - INFO - **********PLAYER4**********
基于分析的不一致之处，以下是我的推断：

1. 玩家2的描述中提到了绿色外皮，这与芒果的特征不符，而更像是香蕉的特征。因此，玩家2可能是卧底。

2. 玩家4的描述中提到了带有微妙的苦味，而其他玩家描述的都是甜味。这与其他玩家的描述不一致，但考虑到卧底可能会直接描述他的词语，玩家4也可能是卧底。

由于游戏规则中提到卧底不会隐藏自己，直接描述词语，而玩家2的描述与香蕉的特征更为明显不符，我倾向于认为玩家2是卧底。因此，我的最终推断是玩家2是卧底。
2024-12-13 13:21:21,634 - 4 - INFO - **********JUDGER**********
你刚刚的推断是基于分析的不一致之处，以下是我的推断：

1. 玩家2的描述中提到了绿色外皮，这与芒果的特征不符，而更像是香蕉的特征。因此，玩家2可能是卧底。

2. 玩家4的描述中提到了带有微妙的苦味，而其他玩家描述的都是甜味。这与其他玩家的描述不一致，但考虑到卧底可能会直接描述他的词语，玩家4也可能是卧底。

由于游戏规则中提到卧底不会隐藏自己，直接描述词语，而玩家2的描述与香蕉的特征更为明显不符，我倾向于认为玩家2是卧底。因此，我的最终推断是玩家2是卧底。|| 基于你刚刚的推断得出你的最终结论，请输出你认为的卧底，在这种情况下只需要输出编号，是1-4中的某个数字，不要输出其他信息。在这个过程不要进行任何推理，只对||以前的部分进行信息提取
2024-12-13 13:21:22,755 - 4 - INFO - **********PLAYER4**********
2
