2024-12-13 12:18:00,197 - 1 - INFO - **********JUDGER**********
让我们来玩一个叫做<谁是卧底>的推理游戏。基本规则：<人数>：4人。<角色分配>：每位玩家随机抽取一个词语，3名玩家拿到的词语是相同的（平民词），1名玩家拿到与之相近但不同的词语（卧底词）。<游戏流程>：1、玩家轮流描述自己的词语，但<不能>直接说出词语本身。2、描述完毕后，投票选出最像卧底的玩家。3、每轮结束后，被投票选出的玩家出局，不能再进行描述或投票。4、每轮投票结束后，如果卧底被成功找出，平民方获胜；如果卧底未被找出且卧底人数等于或超过平民人数，则卧底方获胜。你将扮演一个<玩家>，请等待你被分配到的关键词。如果你听懂了，只回答，"好的，我准备好参加游戏了"，不要输出别的信息
2024-12-13 12:18:01,187 - 1 - INFO - **********PLAYER1**********
好的，我准备好参加游戏了
2024-12-13 12:18:07,940 - 1 - INFO - **********JUDGER**********
玩家1说：玩家2说：玩家3说：玩家4说：|| 你是第1号玩家，你的关键词是<老虎>。你的回答中绝对不能包含你的关键词<老虎>。这是第一轮描述，不需要分析||之前别的玩家的描述，请你描述关键词基本特征，注意，这局游戏的词语分类为<动物>，卧底词和平民词都属于该类，描述包括以下两点，1.他的基本特征是什么2.他在该类（动物）中最突出不同的特征是什么，尽量简短
2024-12-13 12:18:09,383 - 1 - INFO - **********PLAYER1**********
这是一种猛兽，它的皮毛上有独特的条纹。在同类中，它以其强大的力量和威严的姿态而著称。
2024-12-13 12:18:18,556 - 1 - INFO - **********JUDGER**********
玩家1说：这是一种猛兽，它的皮毛上有独特的条纹。在同类中，它以其强大的力量和威严的姿态而著称。玩家2说：这是一种灵巧的动物，通常有着柔软的毛发和灵活的手指。它在同类中以其好动的性格和多样的生活方式而闻名。此外，它在同类中以其善于模仿和使用的工具而特别突出。玩家3说：这是一种体型庞大的陆地动物，通常有着黄色或橙色的皮毛和黑色的条纹。它在同类中最突出的不同特征是它锋利的爪子和牙齿，这使得它成为顶级捕食者。玩家4说：||在这个游戏中，我们需要通过分析每位玩家的描述来找出卧底。通常，平民的描述会围绕相同的词语展开，而卧底的描述可能会因为词语的不同而显得不太一致。我们需要仔细比较每个描述之间的相似性和差异性，以找出可能的卧底，注意，卧底并不会隐藏自己，他会直接描述他的词语，现在，逐一分析每个玩家的描述，注意，这局游戏的词语分类为<动物>，卧底词和平民词都属于该类。这是第一轮描述。
2024-12-13 12:18:30,003 - 1 - INFO - **********PLAYER1**********
作为玩家1，我会这样回应：

玩家2描述的动物听起来像是在描述猿类，特别是长臂猿或猩猩，它们的毛发柔软，手部灵活，善于模仿和使用工具。玩家3的描述很符合猎豹，它的体型庞大，皮毛有黄色或橙色的底色和黑色条纹，是顶级捕食者。玩家4的描述虽然提到了游戏规则和寻找卧底的方法，但实际上并没有提供关于动物的具体信息，这可能是一个提示，表明他可能不是卧底。

我的描述与玩家2和玩家3的描述有所不同，我没有提到力量、威严、皮毛条纹、捕食者等特征，而是强调了动物的基本特征和突出不同的特征。这可能会让玩家4认为我是卧底，因为我的描述与他的分析方式不符。然而，如果玩家2和玩家3的描述确实指向了不同的动物，那么我的描述可能与卧底词更为接近。

因此，我会保持沉默，不提供任何可能指向我的信息，除非有更多的线索表明玩家4的描述是不相关的。在这种情况下，我可能会选择不投票，或者根据我对其他描述的理解来投票。
2024-12-13 12:18:30,006 - 1 - INFO - **********JUDGER**********
你刚刚的分析是作为玩家1，我会这样回应：

玩家2描述的动物听起来像是在描述猿类，特别是长臂猿或猩猩，它们的毛发柔软，手部灵活，善于模仿和使用工具。玩家3的描述很符合猎豹，它的体型庞大，皮毛有黄色或橙色的底色和黑色条纹，是顶级捕食者。玩家4的描述虽然提到了游戏规则和寻找卧底的方法，但实际上并没有提供关于动物的具体信息，这可能是一个提示，表明他可能不是卧底。

我的描述与玩家2和玩家3的描述有所不同，我没有提到力量、威严、皮毛条纹、捕食者等特征，而是强调了动物的基本特征和突出不同的特征。这可能会让玩家4认为我是卧底，因为我的描述与他的分析方式不符。然而，如果玩家2和玩家3的描述确实指向了不同的动物，那么我的描述可能与卧底词更为接近。

因此，我会保持沉默，不提供任何可能指向我的信息，除非有更多的线索表明玩家4的描述是不相关的。在这种情况下，我可能会选择不投票，或者根据我对其他描述的理解来投票。|| `请根据上述分析，比较描述以找出不一致之处，注意，这局游戏的词语分类为<动物>，卧底词和平民词都属于该类。
2024-12-13 12:18:44,314 - 1 - INFO - **********PLAYER1**********
根据上述分析，我们可以比较四位玩家的描述来找出不一致之处：

1. 玩家1的描述提到了“猛兽”和“独特的条纹”，但没有提到力量、威严或捕食者，这与其他玩家提到的特征有所不同。

2. 玩家2的描述强调了“灵巧”、“柔软的毛发”、“灵活的手指”、“好动的性格”和“善于模仿和使用工具”，这与猿类动物的特征相符。

3. 玩家3的描述提到了“体型庞大”、“黄色或橙色的皮毛和黑色条纹”、“锋利的爪子和牙齿”，这与猎豹的特征相符。

4. 玩家4的描述没有提供具体的动物信息，而是讨论了游戏规则和寻找卧底的方法，这与其他玩家提供动物特征描述的行为不一致。

不一致之处总结如下：

- 玩家1的描述没有提到力量、威严或捕食者，而玩家2和玩家3的描述都指向了具体的动物特征。
- 玩家4没有提供动物的具体信息，而是提供了关于游戏的分析，这与其他玩家提供动物描述的行为不一致。

基于这些不一致之处，玩家4的描述可能是最可疑的，因为它没有遵循其他玩家描述动物特征的模式。如果其他玩家能够确认他们的描述指向了不同的动物，那么玩家4可能就是卧底。如果玩家2和玩家3的描述指向了相同的动物，那么玩家1的描述可能与卧底词更为接近。在这种情况下，玩家4可能会因为提供不相关的信息而被视为嫌疑人。
2024-12-13 12:18:44,328 - 1 - INFO - **********JUDGER**********
你刚刚的分析是根据上述分析，我们可以比较四位玩家的描述来找出不一致之处：

1. 玩家1的描述提到了“猛兽”和“独特的条纹”，但没有提到力量、威严或捕食者，这与其他玩家提到的特征有所不同。

2. 玩家2的描述强调了“灵巧”、“柔软的毛发”、“灵活的手指”、“好动的性格”和“善于模仿和使用工具”，这与猿类动物的特征相符。

3. 玩家3的描述提到了“体型庞大”、“黄色或橙色的皮毛和黑色条纹”、“锋利的爪子和牙齿”，这与猎豹的特征相符。

4. 玩家4的描述没有提供具体的动物信息，而是讨论了游戏规则和寻找卧底的方法，这与其他玩家提供动物特征描述的行为不一致。

不一致之处总结如下：

- 玩家1的描述没有提到力量、威严或捕食者，而玩家2和玩家3的描述都指向了具体的动物特征。
- 玩家4没有提供动物的具体信息，而是提供了关于游戏的分析，这与其他玩家提供动物描述的行为不一致。

基于这些不一致之处，玩家4的描述可能是最可疑的，因为它没有遵循其他玩家描述动物特征的模式。如果其他玩家能够确认他们的描述指向了不同的动物，那么玩家4可能就是卧底。如果玩家2和玩家3的描述指向了相同的动物，那么玩家1的描述可能与卧底词更为接近。在这种情况下，玩家4可能会因为提供不相关的信息而被视为嫌疑人。|| 请通过你分析的不一致之处，推断卧底身份，注意，这局游戏的词语分类为<动物>，卧底词和平民词都属于该类。
2024-12-13 12:18:57,349 - 1 - INFO - **********PLAYER1**********
根据分析中提到的不一致之处，我们可以进行以下推断：

1. 玩家1的描述提到“猛兽”和“独特的条纹”，但没有明确指向任何特定的动物特征，这可能意味着他的描述是通用的，或者是与其他玩家的描述有所区别。

2. 玩家2的描述提到“灵巧”、“柔软的毛发”、“灵活的手指”、“好动的性格”和“善于模仿和使用工具”，这些特征非常符合猿类动物，尤其是长臂猿或猩猩。

3. 玩家3的描述提到“体型庞大”、“黄色或橙色的皮毛和黑色条纹”、“锋利的爪子和牙齿”，这些特征非常符合猎豹。

4. 玩家4的描述没有提供具体的动物信息，而是讨论了游戏规则和寻找卧底的方法，这与其他玩家提供动物描述的行为不一致。

考虑到游戏规则中提到的词语分类为<动物>，并且卧底词和平民词都属于该类，我们可以推断以下几点：

- 如果玩家2和玩家3的描述指向了不同的动物，那么他们的描述可能都是正确的，这意味着玩家1的描述可能是与卧底词更为接近的，因为他的描述没有明确指向任何特定的动物特征。
- 玩家4的描述没有提供关于动物的具体信息，这与其他玩家的描述方式不同，这可能是一个显著的差异。如果玩家4的描述是为了混淆视听，那么他可能是卧底。

综合以上分析，玩家4可能是卧底，因为他没有提供关于动物的具体信息，而是提供了关于游戏的分析，这与其他玩家的描述行为不一致。然而，如果玩家2和玩家3的描述指向了相同的动物，那么玩家1的描述可能与卧底词更为接近，因为他的描述没有提供足够的信息来排除其他动物。在这种情况下，玩家4的描述可能是故意误导的，但他的嫌疑仍然不如玩家1高。
2024-12-13 12:18:57,351 - 1 - INFO - **********JUDGER**********
你刚刚的推断是根据分析中提到的不一致之处，我们可以进行以下推断：

1. 玩家1的描述提到“猛兽”和“独特的条纹”，但没有明确指向任何特定的动物特征，这可能意味着他的描述是通用的，或者是与其他玩家的描述有所区别。

2. 玩家2的描述提到“灵巧”、“柔软的毛发”、“灵活的手指”、“好动的性格”和“善于模仿和使用工具”，这些特征非常符合猿类动物，尤其是长臂猿或猩猩。

3. 玩家3的描述提到“体型庞大”、“黄色或橙色的皮毛和黑色条纹”、“锋利的爪子和牙齿”，这些特征非常符合猎豹。

4. 玩家4的描述没有提供具体的动物信息，而是讨论了游戏规则和寻找卧底的方法，这与其他玩家提供动物描述的行为不一致。

考虑到游戏规则中提到的词语分类为<动物>，并且卧底词和平民词都属于该类，我们可以推断以下几点：

- 如果玩家2和玩家3的描述指向了不同的动物，那么他们的描述可能都是正确的，这意味着玩家1的描述可能是与卧底词更为接近的，因为他的描述没有明确指向任何特定的动物特征。
- 玩家4的描述没有提供关于动物的具体信息，这与其他玩家的描述方式不同，这可能是一个显著的差异。如果玩家4的描述是为了混淆视听，那么他可能是卧底。

综合以上分析，玩家4可能是卧底，因为他没有提供关于动物的具体信息，而是提供了关于游戏的分析，这与其他玩家的描述行为不一致。然而，如果玩家2和玩家3的描述指向了相同的动物，那么玩家1的描述可能与卧底词更为接近，因为他的描述没有提供足够的信息来排除其他动物。在这种情况下，玩家4的描述可能是故意误导的，但他的嫌疑仍然不如玩家1高。|| 基于你刚刚的推断得出你的最终结论，请输出你认为的卧底，在这种情况下只需要输出编号，是1-4中的某个数字，不要输出其他信息。在这个过程不要进行任何推理，只对||以前的部分进行信息提取
2024-12-13 12:18:58,109 - 1 - INFO - **********PLAYER1**********
4
2024-12-13 12:20:31,425 - 1 - INFO - **********JUDGER**********
玩家1说：这是一种猛兽，它的皮毛上有独特的条纹。在同类中，它以其强大的力量和威严的姿态而著称。玩家2说：这是一种灵巧的动物，通常有着柔软的毛发和灵活的手指。它在同类中以其好动的性格和多样的生活方式而闻名。此外，它在同类中以其善于模仿和使用的工具而特别突出。玩家3说：这是一种体型庞大的陆地动物，通常有着黄色或橙色的皮毛和黑色的条纹。它在同类中最突出的不同特征是它锋利的爪子和牙齿，这使得它成为顶级捕食者。玩家4说：这是一种哺乳动物，通常拥有长而有力的四肢和尖锐的爪子。它在同类中最显著的特征是它的强壮和敏捷，以及强大的捕猎能力。你是第1号玩家，你的关键词是<老虎>。你的回答中绝对不能包含你的关键词<老虎>。这是第二轮描述，你之前的描述是这是一种猛兽，它的皮毛上有独特的条纹。在同类中，它以其强大的力量和威严的姿态而著称。，注意，这局游戏的词语分类为<动物>，卧底词和平民词都属于该类，请你补充关于关键词的描述，注意，你的描述应该比起之前的描述更加贴近关键词，作为之前的补充
2024-12-13 12:20:33,526 - 1 - INFO - **********PLAYER1**********
这种动物是森林中的王者，它的身体强壮，步伐沉稳。它在同类中以其敏锐的观察力和独到的狩猎技巧而闻名。
2024-12-13 12:20:41,834 - 1 - INFO - **********JUDGER**********
玩家1说：这是一种猛兽，它的皮毛上有独特的条纹。在同类中，它以其强大的力量和威严的姿态而著称。这种动物是森林中的王者，它的身体强壮，步伐沉稳。它在同类中以其敏锐的观察力和独到的狩猎技巧而闻名。玩家2说：这是一种灵巧的动物，通常有着柔软的毛发和灵活的手指。它在同类中以其好动的性格和多样的生活方式而闻名。此外，它在同类中以其善于模仿和使用的工具而特别突出。这种动物以其敏捷的身手和出色的平衡能力而著称。它在同类中以其树栖习性和高超的跳跃技巧而闻名。此外，它以其能够使用简单的工具来解决生活中的问题而特别突出。玩家3说：这是一种体型庞大的陆地动物，通常有着黄色或橙色的皮毛和黑色的条纹。它在同类中最突出的不同特征是它锋利的爪子和牙齿，这使得它成为顶级捕食者。这种动物是森林的霸主，它的皮毛呈现出醒目的黄色或橙色，间以黑色条纹。它的肌肉发达，行走间透露出沉稳与力量。在同类中，它以其威严的姿态和强大的狩猎能力而著称，是无可争议的森林之王。玩家4说：这是一种哺乳动物，通常拥有长而有力的四肢和尖锐的爪子。它在同类中最显著的特征是它的强壮和敏捷，以及强大的捕猎能力。||在这个游戏中，我们需要通过分析每位玩家的描述来找出卧底。通常，平民的描述会围绕相同的词语展开，而卧底的描述可能会因为词语的不同而显得不太一致。我们需要仔细比较每个描述之间的相似性和差异性，以找出可能的卧底，注意，卧底并不会隐藏自己，他会直接描述他的词语，现在，逐一分析每个玩家的描述，注意，这局游戏的词语分类为<动物>，卧底词和平民词都属于该类。||之前是第2轮描述和之前轮数描述的合集。你之前认为的卧底是玩家4。
2024-12-13 12:20:43,665 - 1 - INFO - **********PLAYER1**********
玩家4
2024-12-13 12:20:43,666 - 1 - INFO - **********JUDGER**********
你刚刚的分析是玩家4|| `请根据上述分析，比较描述以找出不一致之处，注意，这局游戏的词语分类为<动物>，卧底词和平民词都属于该类。
2024-12-13 12:20:50,712 - 1 - INFO - **********PLAYER1**********
玩家1的描述符合老虎的特征，强调了老虎的威严和力量。

玩家2的描述似乎在描述猿类，特别是长臂猿或猩猩，这与老虎的特征不符。

玩家3的描述与老虎的特征更为吻合，提到了体型庞大、黄色或橙色的皮毛、黑色条纹、锋利的爪子和牙齿。

玩家4的描述提到了模仿和工具使用，这并不是老虎的主要特征。

根据上述分析，玩家3的描述与老虎的特征最为吻合，而玩家2和玩家4的描述与老虎的特征不符。因此，根据第一轮的描述，玩家3可能是平民，而玩家2和玩家4中可能有卧底。玩家1的描述与老虎相符，但没有足够的信息来判断其是否是平民或卧底。需要继续观察后续的描述和投票情况。
2024-12-13 12:20:50,719 - 1 - INFO - **********JUDGER**********
你刚刚的分析是玩家1的描述符合老虎的特征，强调了老虎的威严和力量。

玩家2的描述似乎在描述猿类，特别是长臂猿或猩猩，这与老虎的特征不符。

玩家3的描述与老虎的特征更为吻合，提到了体型庞大、黄色或橙色的皮毛、黑色条纹、锋利的爪子和牙齿。

玩家4的描述提到了模仿和工具使用，这并不是老虎的主要特征。

根据上述分析，玩家3的描述与老虎的特征最为吻合，而玩家2和玩家4的描述与老虎的特征不符。因此，根据第一轮的描述，玩家3可能是平民，而玩家2和玩家4中可能有卧底。玩家1的描述与老虎相符，但没有足够的信息来判断其是否是平民或卧底。需要继续观察后续的描述和投票情况。|| 请通过你分析的不一致之处，推断卧底身份，注意，这局游戏的词语分类为<动物>，卧底词和平民词都属于该类。
2024-12-13 12:20:54,147 - 1 - INFO - **********PLAYER1**********
基于上述分析，玩家2和玩家4的描述与老虎的特征不符，而玩家3的描述与老虎的特征最为吻合。因此，根据这些信息，玩家2和玩家4中至少有一位可能是卧底。

由于玩家4的描述提到了模仿和工具使用，这与老虎的主要特征不直接相关，这可能是卧底常见的误导手法。因此，结合第一轮的描述和第二轮的描述，玩家4的嫌疑较大，可能是卧底。

所以，根据当前的信息，我推断玩家4是卧底。
2024-12-13 12:20:54,149 - 1 - INFO - **********JUDGER**********
你刚刚的推断是基于上述分析，玩家2和玩家4的描述与老虎的特征不符，而玩家3的描述与老虎的特征最为吻合。因此，根据这些信息，玩家2和玩家4中至少有一位可能是卧底。

由于玩家4的描述提到了模仿和工具使用，这与老虎的主要特征不直接相关，这可能是卧底常见的误导手法。因此，结合第一轮的描述和第二轮的描述，玩家4的嫌疑较大，可能是卧底。

所以，根据当前的信息，我推断玩家4是卧底。|| 基于你刚刚的推断得出你的最终结论，请输出你认为的卧底，在这种情况下只需要输出编号，是1-4中的某个数字，不要输出其他信息。在这个过程不要进行任何推理，只对||以前的部分进行信息提取
2024-12-13 12:20:55,182 - 1 - INFO - **********PLAYER1**********
4
2024-12-13 12:22:19,723 - 1 - INFO - **********JUDGER**********
玩家1说：这是一种猛兽，它的皮毛上有独特的条纹。在同类中，它以其强大的力量和威严的姿态而著称。这种动物是森林中的王者，它的身体强壮，步伐沉稳。它在同类中以其敏锐的观察力和独到的狩猎技巧而闻名。玩家2说：这是一种灵巧的动物，通常有着柔软的毛发和灵活的手指。它在同类中以其好动的性格和多样的生活方式而闻名。此外，它在同类中以其善于模仿和使用的工具而特别突出。这种动物以其敏捷的身手和出色的平衡能力而著称。它在同类中以其树栖习性和高超的跳跃技巧而闻名。此外，它以其能够使用简单的工具来解决生活中的问题而特别突出。玩家3说：这是一种体型庞大的陆地动物，通常有着黄色或橙色的皮毛和黑色的条纹。它在同类中最突出的不同特征是它锋利的爪子和牙齿，这使得它成为顶级捕食者。这种动物是森林的霸主，它的皮毛呈现出醒目的黄色或橙色，间以黑色条纹。它的肌肉发达，行走间透露出沉稳与力量。在同类中，它以其威严的姿态和强大的狩猎能力而著称，是无可争议的森林之王。玩家4说：这是一种哺乳动物，通常拥有长而有力的四肢和尖锐的爪子。它在同类中最显著的特征是它的强壮和敏捷，以及强大的捕猎能力。这种动物是森林中的霸主，它的身体强健，步伐沉稳。它在同类中以其敏锐的观察力和独到的狩猎技巧而闻名。它的皮毛呈现出独特的条纹，这些条纹是其显著的特征之一。这种动物在同类中最突出的不同特征是它强大的力量和威严的姿态，它是无可争议的森林之王。你是第1号玩家，你的关键词是<老虎>。你的回答中绝对不能包含你的关键词<老虎>。这是第三轮描述，你之前的描述是这是一种猛兽，它的皮毛上有独特的条纹。在同类中，它以其强大的力量和威严的姿态而著称。和这种动物是森林中的王者，它的身体强壮，步伐沉稳。它在同类中以其敏锐的观察力和独到的狩猎技巧而闻名。，注意，这局游戏的词语分类为<动物>，卧底词和平民词都属于该类，请你补充关于关键词的描述，注意，你的描述应该比起之前的描述更加贴近关键词，作为之前的补充
2024-12-13 12:22:23,656 - 1 - INFO - **********PLAYER1**********
这种动物在同类中以其耐力和速度著称，它能在森林中悄无声息地移动，捕猎时几乎无声无息。它的狩猎策略往往是在隐蔽中观察，等待最佳时机发动攻击。
2024-12-13 12:22:31,087 - 1 - INFO - **********JUDGER**********
玩家1说：这是一种猛兽，它的皮毛上有独特的条纹。在同类中，它以其强大的力量和威严的姿态而著称。这种动物是森林中的王者，它的身体强壮，步伐沉稳。它在同类中以其敏锐的观察力和独到的狩猎技巧而闻名。这种动物在同类中以其耐力和速度著称，它能在森林中悄无声息地移动，捕猎时几乎无声无息。它的狩猎策略往往是在隐蔽中观察，等待最佳时机发动攻击。玩家2说：这是一种灵巧的动物，通常有着柔软的毛发和灵活的手指。它在同类中以其好动的性格和多样的生活方式而闻名。此外，它在同类中以其善于模仿和使用的工具而特别突出。这种动物以其敏捷的身手和出色的平衡能力而著称。它在同类中以其树栖习性和高超的跳跃技巧而闻名。此外，它以其能够使用简单的工具来解决生活中的问题而特别突出。这种动物以其小巧的体型和快速的反应能力而著称。它在同类中以其善于攀爬和跳跃而闻名，能够在复杂的森林环境中迅速移动。此外，它以其独特的社交行为和复杂的沟通方式而特别突出。玩家3说：这是一种体型庞大的陆地动物，通常有着黄色或橙色的皮毛和黑色的条纹。它在同类中最突出的不同特征是它锋利的爪子和牙齿，这使得它成为顶级捕食者。这种动物是森林的霸主，它的皮毛呈现出醒目的黄色或橙色，间以黑色条纹。它的肌肉发达，行走间透露出沉稳与力量。在同类中，它以其威严的姿态和强大的狩猎能力而著称，是无可争议的森林之王。这种动物是森林的统治者，它的皮毛上有着醒目的黄色或橙色条纹，间以黑色。它的肌肉发达，行走时显得沉稳而有力。在同类中，它以其威严的姿态和无与伦比的狩猎技巧而著称，是无可争议的森林之王。玩家4说：这是一种哺乳动物，通常拥有长而有力的四肢和尖锐的爪子。它在同类中最显著的特征是它的强壮和敏捷，以及强大的捕猎能力。这种动物是森林中的霸主，它的身体强健，步伐沉稳。它在同类中以其敏锐的观察力和独到的狩猎技巧而闻名。它的皮毛呈现出独特的条纹，这些条纹是其显著的特征之一。这种动物在同类中最突出的不同特征是它强大的力量和威严的姿态，它是无可争议的森林之王。这种动物在同类中以其出色的耐力和速度而著称，它能够在森林中悄无声息地移动，捕猎时几乎无声无息。它的狩猎策略通常是隐蔽观察，等待最佳时机发动攻击。这种动物的身体结构适合长时间的潜行和快速奔跑，它的皮毛颜色有助于在森林中隐蔽。||在这个游戏中，我们需要通过分析每位玩家的描述来找出卧底。通常，平民的描述会围绕相同的词语展开，而卧底的描述可能会因为词语的不同而显得不太一致。我们需要仔细比较每个描述之间的相似性和差异性，以找出可能的卧底，注意，卧底并不会隐藏自己，他会直接描述他的词语，现在，逐一分析每个玩家的描述，注意，这局游戏的词语分类为<动物>，卧底词和平民词都属于该类。||之前是第3轮描述和之前轮数描述的合集。你之前认为的卧底是玩家4。
2024-12-13 12:22:39,751 - 1 - INFO - **********PLAYER1**********
基于第三轮的描述和之前的分析，以下是对每位玩家描述的比较：

玩家1的描述与老虎的特征非常吻合，强调了老虎的威严、力量、耐力、速度和狩猎技巧。

玩家2的描述似乎在描述猿类，特别是长臂猿或猩猩，它们以灵巧、树栖习性、使用工具和社交行为为特征。

玩家3的描述与老虎的特征相符，提到了体型庞大、黄色或橙色的皮毛、黑色条纹、锋利的爪子和牙齿，以及作为森林霸主的角色。

玩家4的描述与老虎的特征也非常吻合，提到了强壮、敏捷、敏锐的观察力、独到的狩猎技巧、耐力、速度、皮毛的条纹、威严的姿态和森林中的霸主地位。

由于玩家1、玩家3和玩家4的描述都与老虎的特征非常吻合，而玩家2的描述与猿类动物的特征相符，这与老虎的特征不一致，因此玩家2的描述可能更不一致，可能是卧底。

因此，根据第三轮的描述，我仍然认为玩家2是卧底。
2024-12-13 12:22:39,752 - 1 - INFO - **********JUDGER**********
你刚刚的分析是基于第三轮的描述和之前的分析，以下是对每位玩家描述的比较：

玩家1的描述与老虎的特征非常吻合，强调了老虎的威严、力量、耐力、速度和狩猎技巧。

玩家2的描述似乎在描述猿类，特别是长臂猿或猩猩，它们以灵巧、树栖习性、使用工具和社交行为为特征。

玩家3的描述与老虎的特征相符，提到了体型庞大、黄色或橙色的皮毛、黑色条纹、锋利的爪子和牙齿，以及作为森林霸主的角色。

玩家4的描述与老虎的特征也非常吻合，提到了强壮、敏捷、敏锐的观察力、独到的狩猎技巧、耐力、速度、皮毛的条纹、威严的姿态和森林中的霸主地位。

由于玩家1、玩家3和玩家4的描述都与老虎的特征非常吻合，而玩家2的描述与猿类动物的特征相符，这与老虎的特征不一致，因此玩家2的描述可能更不一致，可能是卧底。

因此，根据第三轮的描述，我仍然认为玩家2是卧底。|| `请根据上述分析，比较描述以找出不一致之处，注意，这局游戏的词语分类为<动物>，卧底词和平民词都属于该类。
2024-12-13 12:22:53,959 - 1 - INFO - **********PLAYER1**********
根据上述分析，不一致之处主要体现在以下两点：

1. 玩家2的描述与老虎的特征不一致。玩家2的描述提到了“灵巧的动物”、“柔软的毛发”、“灵活的手指”、“善于模仿和使用的工具”、“敏捷的身手”、“树栖习性和高超的跳跃技巧”、“善于攀爬和跳跃”、“独特的社交行为和复杂的沟通方式”，这些特征更符合猿类动物，尤其是长臂猿或猩猩，而不是老虎。

2. 玩家1、玩家3和玩家4的描述都与老虎的特征相符，虽然他们在描述老虎时有所侧重，但都提到了老虎的体型、皮毛、力量、威严、狩猎技巧、耐力、速度等特征，这些描述在细节上可能有所不同，但整体上都与老虎的特征相吻合。

因此，玩家2的描述与其他玩家描述的不一致性最为明显，这可能是判断卧底的关键点。
2024-12-13 12:22:53,960 - 1 - INFO - **********JUDGER**********
你刚刚的分析是根据上述分析，不一致之处主要体现在以下两点：

1. 玩家2的描述与老虎的特征不一致。玩家2的描述提到了“灵巧的动物”、“柔软的毛发”、“灵活的手指”、“善于模仿和使用的工具”、“敏捷的身手”、“树栖习性和高超的跳跃技巧”、“善于攀爬和跳跃”、“独特的社交行为和复杂的沟通方式”，这些特征更符合猿类动物，尤其是长臂猿或猩猩，而不是老虎。

2. 玩家1、玩家3和玩家4的描述都与老虎的特征相符，虽然他们在描述老虎时有所侧重，但都提到了老虎的体型、皮毛、力量、威严、狩猎技巧、耐力、速度等特征，这些描述在细节上可能有所不同，但整体上都与老虎的特征相吻合。

因此，玩家2的描述与其他玩家描述的不一致性最为明显，这可能是判断卧底的关键点。|| 请通过你分析的不一致之处，推断卧底身份，注意，这局游戏的词语分类为<动物>，卧底词和平民词都属于该类。
2024-12-13 12:22:58,997 - 1 - INFO - **********PLAYER1**********
根据分析，不一致之处主要体现在玩家2的描述与老虎的特征不符，而其他玩家的描述都与老虎的特征相符。因此，结合游戏规则和词语分类为<动物>的条件，可以推断玩家2是卧底。
2024-12-13 12:22:58,998 - 1 - INFO - **********JUDGER**********
你刚刚的推断是根据分析，不一致之处主要体现在玩家2的描述与老虎的特征不符，而其他玩家的描述都与老虎的特征相符。因此，结合游戏规则和词语分类为<动物>的条件，可以推断玩家2是卧底。|| 基于你刚刚的推断得出你的最终结论，请输出你认为的卧底，在这种情况下只需要输出编号，是1-4中的某个数字，不要输出其他信息。在这个过程不要进行任何推理，只对||以前的部分进行信息提取
2024-12-13 12:23:00,928 - 1 - INFO - **********PLAYER1**********
2
