2024-12-13 12:18:02,110 - 2 - INFO - **********JUDGER**********
让我们来玩一个叫做<谁是卧底>的推理游戏。基本规则：<人数>：4人。<角色分配>：每位玩家随机抽取一个词语，3名玩家拿到的词语是相同的（平民词），1名玩家拿到与之相近但不同的词语（卧底词）。<游戏流程>：1、玩家轮流描述自己的词语，但<不能>直接说出词语本身。2、描述完毕后，投票选出最像卧底的玩家。3、每轮结束后，被投票选出的玩家出局，不能再进行描述或投票。4、每轮投票结束后，如果卧底被成功找出，平民方获胜；如果卧底未被找出且卧底人数等于或超过平民人数，则卧底方获胜。你将扮演一个<玩家>，请等待你被分配到的关键词。如果你听懂了，只回答，"好的，我准备好参加游戏了"，不要输出别的信息
2024-12-13 12:18:03,653 - 2 - INFO - **********PLAYER2**********
好的，我准备好参加游戏了
2024-12-13 12:18:09,385 - 2 - INFO - **********JUDGER**********
玩家1说：这是一种猛兽，它的皮毛上有独特的条纹。在同类中，它以其强大的力量和威严的姿态而著称。玩家2说：玩家3说：玩家4说：|| 你是第2号玩家，你的关键词是<猴子>。你的回答中绝对不能包含你的关键词<猴子>。这是第一轮描述，不需要分析||之前别的玩家的描述，请你描述关键词基本特征，注意，这局游戏的词语分类为<动物>，卧底词和平民词都属于该类，描述包括以下两点，1.他的基本特征是什么2.他在该类（动物）中最突出不同的特征是什么，尽量简短
2024-12-13 12:18:11,733 - 2 - INFO - **********PLAYER2**********
这是一种灵巧的动物，通常有着柔软的毛发和灵活的手指。它在同类中以其好动的性格和多样的生活方式而闻名。此外，它在同类中以其善于模仿和使用的工具而特别突出。
2024-12-13 12:18:58,110 - 2 - INFO - **********JUDGER**********
玩家1说：这是一种猛兽，它的皮毛上有独特的条纹。在同类中，它以其强大的力量和威严的姿态而著称。玩家2说：这是一种灵巧的动物，通常有着柔软的毛发和灵活的手指。它在同类中以其好动的性格和多样的生活方式而闻名。此外，它在同类中以其善于模仿和使用的工具而特别突出。玩家3说：这是一种体型庞大的陆地动物，通常有着黄色或橙色的皮毛和黑色的条纹。它在同类中最突出的不同特征是它锋利的爪子和牙齿，这使得它成为顶级捕食者。玩家4说：||在这个游戏中，我们需要通过分析每位玩家的描述来找出卧底。通常，平民的描述会围绕相同的词语展开，而卧底的描述可能会因为词语的不同而显得不太一致。我们需要仔细比较每个描述之间的相似性和差异性，以找出可能的卧底，注意，卧底并不会隐藏自己，他会直接描述他的词语，现在，逐一分析每个玩家的描述，注意，这局游戏的词语分类为<动物>，卧底词和平民词都属于该类。这是第一轮描述。
2024-12-13 12:19:08,665 - 2 - INFO - **********PLAYER2**********
好的，根据每位玩家的描述，我们可以进行如下分析：

玩家1描述的是一种猛兽，有独特的条纹，以力量和威严著称，这听起来像是豹子或者老虎。

玩家2描述的是一种灵巧的动物，有柔软的毛发和灵活的手指，善于模仿和使用工具，这听起来像是猴子。

玩家3描述的是一种体型庞大的陆地动物，有黄色或橙色的皮毛和黑色条纹，以锋利的爪子和牙齿著称，这听起来像是狮子。

玩家4没有提供描述，但提醒我们注意描述之间的相似性和差异性。

从描述中，玩家1、2和3的描述都指向了特定的动物，而玩家4没有给出描述，这可能意味着玩家4是卧底。不过，我们需要更多的信息来确定谁是卧底。如果玩家4的词语与玩家1、2或3的词语不同，那么玩家4很可能是卧底。如果玩家4的词语与其中任何一个相同，那么卧底可能是玩家1、2或3中的一位。由于所有描述都属于动物类别，我们需要进一步的信息来区分哪些描述是平民，哪些可能是卧底。
2024-12-13 12:19:08,667 - 2 - INFO - **********JUDGER**********
你刚刚的分析是好的，根据每位玩家的描述，我们可以进行如下分析：

玩家1描述的是一种猛兽，有独特的条纹，以力量和威严著称，这听起来像是豹子或者老虎。

玩家2描述的是一种灵巧的动物，有柔软的毛发和灵活的手指，善于模仿和使用工具，这听起来像是猴子。

玩家3描述的是一种体型庞大的陆地动物，有黄色或橙色的皮毛和黑色条纹，以锋利的爪子和牙齿著称，这听起来像是狮子。

玩家4没有提供描述，但提醒我们注意描述之间的相似性和差异性。

从描述中，玩家1、2和3的描述都指向了特定的动物，而玩家4没有给出描述，这可能意味着玩家4是卧底。不过，我们需要更多的信息来确定谁是卧底。如果玩家4的词语与玩家1、2或3的词语不同，那么玩家4很可能是卧底。如果玩家4的词语与其中任何一个相同，那么卧底可能是玩家1、2或3中的一位。由于所有描述都属于动物类别，我们需要进一步的信息来区分哪些描述是平民，哪些可能是卧底。|| `请根据上述分析，比较描述以找出不一致之处，注意，这局游戏的词语分类为<动物>，卧底词和平民词都属于该类。
2024-12-13 12:19:18,203 - 2 - INFO - **********PLAYER2**********
根据上述分析，我们可以比较描述中的一致性和不一致性如下：

- 玩家1和玩家3的描述都提到了动物的体型和皮毛特征，以及它们在同类中的地位（力量、威严、顶级捕食者），这表明他们可能拥有相同的词语，即狮子。

- 玩家2的描述提到了动物的灵巧性、柔软的毛发、灵活的手指，以及模仿和使用工具的能力，这与猴子相符。

- 玩家4没有提供描述，这可能是由于他作为卧底，故意不提供信息，或者他可能是唯一一个没有明确指向特定动物的玩家。

不一致之处在于：
- 玩家1和玩家3的描述与玩家2的描述在动物特征上有明显的不同，玩家2的描述更偏向于猴子的特性。
- 玩家4没有描述，这本身就是一个不一致点，因为其他玩家都提供了描述。

基于这些信息，如果玩家4是卧底，那么他的词语可能与玩家1、2或3中的任何一个不同。如果玩家4的词语与玩家1、2或3中的任何一个相同，那么不一致性将指向玩家4作为可能的卧底。由于所有描述都属于动物类别，我们需要更多的信息来确定卧底的身份。如果玩家4的词语与玩家1或玩家3的词语相同，那么卧底可能是玩家2；如果玩家4的词语与玩家2的词语相同，那么卧底可能是玩家1或玩家3。如果玩家4的词语与任何人的描述都不相同，那么他很可能就是卧底。
2024-12-13 12:19:18,203 - 2 - INFO - **********JUDGER**********
你刚刚的分析是根据上述分析，我们可以比较描述中的一致性和不一致性如下：

- 玩家1和玩家3的描述都提到了动物的体型和皮毛特征，以及它们在同类中的地位（力量、威严、顶级捕食者），这表明他们可能拥有相同的词语，即狮子。

- 玩家2的描述提到了动物的灵巧性、柔软的毛发、灵活的手指，以及模仿和使用工具的能力，这与猴子相符。

- 玩家4没有提供描述，这可能是由于他作为卧底，故意不提供信息，或者他可能是唯一一个没有明确指向特定动物的玩家。

不一致之处在于：
- 玩家1和玩家3的描述与玩家2的描述在动物特征上有明显的不同，玩家2的描述更偏向于猴子的特性。
- 玩家4没有描述，这本身就是一个不一致点，因为其他玩家都提供了描述。

基于这些信息，如果玩家4是卧底，那么他的词语可能与玩家1、2或3中的任何一个不同。如果玩家4的词语与玩家1、2或3中的任何一个相同，那么不一致性将指向玩家4作为可能的卧底。由于所有描述都属于动物类别，我们需要更多的信息来确定卧底的身份。如果玩家4的词语与玩家1或玩家3的词语相同，那么卧底可能是玩家2；如果玩家4的词语与玩家2的词语相同，那么卧底可能是玩家1或玩家3。如果玩家4的词语与任何人的描述都不相同，那么他很可能就是卧底。|| 请通过你分析的不一致之处，推断卧底身份，注意，这局游戏的词语分类为<动物>，卧底词和平民词都属于该类。
2024-12-13 12:19:33,312 - 2 - INFO - **********PLAYER2**********
根据上述分析的不一致之处，我们可以进行以下推断：

- 玩家1和玩家3的描述都指向了狮子，这表明他们可能拥有相同的词语。
- 玩家2的描述指向了猴子，这表明他可能拥有与狮子不同的词语。
- 玩家4没有提供描述，这可能是由于他作为卧底，故意不提供信息，或者他的词语可能是与玩家1、2或3中的任何一个都不同的动物。

由于玩家1和玩家3的描述非常相似，而且指向了同一类动物（狮子），这增加了他们可能是平民的可能性。而玩家2的描述指向了另一类动物（猴子），这表明他可能是卧底，因为卧底通常会提供与平民描述不同的信息。

玩家4没有提供描述，这可能意味着他可能是卧底，或者他可能是与玩家1、2或3拥有相同词语的平民。但由于玩家1和玩家3的描述已经指向了狮子，而玩家2的描述指向了猴子，玩家4没有提供描述可能意味着他的词语与狮子相同，或者他可能故意不提供信息以混淆视听。

综上所述，基于描述的不一致性，玩家2的描述与玩家1和玩家3的描述不同，因此他可能是卧底。然而，玩家4没有提供描述，这增加了不确定性，但他可能是平民也可能是卧底。如果玩家4是卧底，那么他的词语可能与玩家1和玩家3的词语不同，如果他是平民，那么他的词语与玩家1和玩家3的词语相同。因此，最有可能的卧底是玩家2。
2024-12-13 12:19:33,322 - 2 - INFO - **********JUDGER**********
你刚刚的推断是根据上述分析的不一致之处，我们可以进行以下推断：

- 玩家1和玩家3的描述都指向了狮子，这表明他们可能拥有相同的词语。
- 玩家2的描述指向了猴子，这表明他可能拥有与狮子不同的词语。
- 玩家4没有提供描述，这可能是由于他作为卧底，故意不提供信息，或者他的词语可能是与玩家1、2或3中的任何一个都不同的动物。

由于玩家1和玩家3的描述非常相似，而且指向了同一类动物（狮子），这增加了他们可能是平民的可能性。而玩家2的描述指向了另一类动物（猴子），这表明他可能是卧底，因为卧底通常会提供与平民描述不同的信息。

玩家4没有提供描述，这可能意味着他可能是卧底，或者他可能是与玩家1、2或3拥有相同词语的平民。但由于玩家1和玩家3的描述已经指向了狮子，而玩家2的描述指向了猴子，玩家4没有提供描述可能意味着他的词语与狮子相同，或者他可能故意不提供信息以混淆视听。

综上所述，基于描述的不一致性，玩家2的描述与玩家1和玩家3的描述不同，因此他可能是卧底。然而，玩家4没有提供描述，这增加了不确定性，但他可能是平民也可能是卧底。如果玩家4是卧底，那么他的词语可能与玩家1和玩家3的词语不同，如果他是平民，那么他的词语与玩家1和玩家3的词语相同。因此，最有可能的卧底是玩家2。|| 基于你刚刚的推断得出你的最终结论，请输出你认为的卧底，在这种情况下只需要输出编号，是1-4中的某个数字，不要输出其他信息。在这个过程不要进行任何推理，只对||以前的部分进行信息提取
2024-12-13 12:19:34,120 - 2 - INFO - **********PLAYER2**********
2
2024-12-13 12:20:33,527 - 2 - INFO - **********JUDGER**********
玩家1说：这是一种猛兽，它的皮毛上有独特的条纹。在同类中，它以其强大的力量和威严的姿态而著称。这种动物是森林中的王者，它的身体强壮，步伐沉稳。它在同类中以其敏锐的观察力和独到的狩猎技巧而闻名。玩家2说：这是一种灵巧的动物，通常有着柔软的毛发和灵活的手指。它在同类中以其好动的性格和多样的生活方式而闻名。此外，它在同类中以其善于模仿和使用的工具而特别突出。玩家3说：这是一种体型庞大的陆地动物，通常有着黄色或橙色的皮毛和黑色的条纹。它在同类中最突出的不同特征是它锋利的爪子和牙齿，这使得它成为顶级捕食者。玩家4说：这是一种哺乳动物，通常拥有长而有力的四肢和尖锐的爪子。它在同类中最显著的特征是它的强壮和敏捷，以及强大的捕猎能力。你是第2号玩家，你的关键词是<猴子>。你的回答中绝对不能包含你的关键词<猴子>。这是第二轮描述，你之前的描述是这是一种灵巧的动物，通常有着柔软的毛发和灵活的手指。它在同类中以其好动的性格和多样的生活方式而闻名。此外，它在同类中以其善于模仿和使用的工具而特别突出。，注意，这局游戏的词语分类为<动物>，卧底词和平民词都属于该类，请你补充关于关键词的描述，注意，你的描述应该比起之前的描述更加贴近关键词，作为之前的补充
2024-12-13 12:20:35,320 - 2 - INFO - **********PLAYER2**********
这种动物以其敏捷的身手和出色的平衡能力而著称。它在同类中以其树栖习性和高超的跳跃技巧而闻名。此外，它以其能够使用简单的工具来解决生活中的问题而特别突出。
2024-12-13 12:20:55,183 - 2 - INFO - **********JUDGER**********
玩家1说：这是一种猛兽，它的皮毛上有独特的条纹。在同类中，它以其强大的力量和威严的姿态而著称。这种动物是森林中的王者，它的身体强壮，步伐沉稳。它在同类中以其敏锐的观察力和独到的狩猎技巧而闻名。玩家2说：这是一种灵巧的动物，通常有着柔软的毛发和灵活的手指。它在同类中以其好动的性格和多样的生活方式而闻名。此外，它在同类中以其善于模仿和使用的工具而特别突出。这种动物以其敏捷的身手和出色的平衡能力而著称。它在同类中以其树栖习性和高超的跳跃技巧而闻名。此外，它以其能够使用简单的工具来解决生活中的问题而特别突出。玩家3说：这是一种体型庞大的陆地动物，通常有着黄色或橙色的皮毛和黑色的条纹。它在同类中最突出的不同特征是它锋利的爪子和牙齿，这使得它成为顶级捕食者。这种动物是森林的霸主，它的皮毛呈现出醒目的黄色或橙色，间以黑色条纹。它的肌肉发达，行走间透露出沉稳与力量。在同类中，它以其威严的姿态和强大的狩猎能力而著称，是无可争议的森林之王。玩家4说：这是一种哺乳动物，通常拥有长而有力的四肢和尖锐的爪子。它在同类中最显著的特征是它的强壮和敏捷，以及强大的捕猎能力。||在这个游戏中，我们需要通过分析每位玩家的描述来找出卧底。通常，平民的描述会围绕相同的词语展开，而卧底的描述可能会因为词语的不同而显得不太一致。我们需要仔细比较每个描述之间的相似性和差异性，以找出可能的卧底，注意，卧底并不会隐藏自己，他会直接描述他的词语，现在，逐一分析每个玩家的描述，注意，这局游戏的词语分类为<动物>，卧底词和平民词都属于该类。||之前是第2轮描述和之前轮数描述的合集。你之前认为的卧底是玩家2。
2024-12-13 12:20:59,362 - 2 - INFO - **********PLAYER2**********
基于第二轮描述和之前的信息，我的最终结论是玩家3是卧底。玩家1和玩家2的描述都非常接近，而且都指向了猴子，这与我的初始推断相符。然而，玩家3的描述与玩家1和玩家2的描述有显著的不同，他描述的是一种体型庞大、皮毛有黄色或橙色条纹、拥有锋利爪子和牙齿的动物，这与狮子相符。因此，玩家3的描述与猴子（我的关键词）不一致，且与其他玩家的描述存在差异，这使得他成为可能的卧底。
2024-12-13 12:20:59,363 - 2 - INFO - **********JUDGER**********
你刚刚的分析是基于第二轮描述和之前的信息，我的最终结论是玩家3是卧底。玩家1和玩家2的描述都非常接近，而且都指向了猴子，这与我的初始推断相符。然而，玩家3的描述与玩家1和玩家2的描述有显著的不同，他描述的是一种体型庞大、皮毛有黄色或橙色条纹、拥有锋利爪子和牙齿的动物，这与狮子相符。因此，玩家3的描述与猴子（我的关键词）不一致，且与其他玩家的描述存在差异，这使得他成为可能的卧底。|| `请根据上述分析，比较描述以找出不一致之处，注意，这局游戏的词语分类为<动物>，卧底词和平民词都属于该类。
2024-12-13 12:21:15,664 - 2 - INFO - **********PLAYER2**********
根据上述分析，我们可以比较描述中的一致性和不一致性如下：

- 玩家1和玩家2的描述都指向了猴子，他们描述了猴子的灵巧性、柔软的毛发、灵活的手指、好动的性格、多样的生活方式、善于模仿和使用工具、敏捷的身手、出色的平衡能力、树栖习性、高超的跳跃技巧，以及使用简单工具解决问题的能力。

- 玩家3的描述指向了狮子，他描述了狮子的体型庞大、皮毛有黄色或橙色条纹、黑色条纹、锋利的爪子和牙齿、威严的姿态、强大的狩猎能力、沉稳的步伐、敏锐的观察力、独到的狩猎技巧，以及作为森林中的王者。

- 玩家4的描述也指向了狮子，他描述了狮子的长而有力的四肢、尖锐的爪子、强壮和敏捷、强大的捕猎能力，以及作为森林的霸主。

不一致之处在于：
- 玩家3和玩家4的描述都与玩家1和玩家2的描述不一致，因为他们描述的是狮子，而不是猴子。
- 玩家1和玩家2的描述是唯一指向猴子的，这与玩家3和玩家4的描述形成了对比。

因此，不一致之处在于描述指向的动物种类，玩家3和玩家4描述的是狮子，而玩家1和玩家2描述的是猴子。这表明玩家3和玩家4可能是平民，而玩家1和玩家2可能是平民，也可能是卧底。由于卧底通常会提供与平民描述不同的信息，玩家3和玩家4的描述可能指向了卧底的身份。
2024-12-13 12:21:15,671 - 2 - INFO - **********JUDGER**********
你刚刚的分析是根据上述分析，我们可以比较描述中的一致性和不一致性如下：

- 玩家1和玩家2的描述都指向了猴子，他们描述了猴子的灵巧性、柔软的毛发、灵活的手指、好动的性格、多样的生活方式、善于模仿和使用工具、敏捷的身手、出色的平衡能力、树栖习性、高超的跳跃技巧，以及使用简单工具解决问题的能力。

- 玩家3的描述指向了狮子，他描述了狮子的体型庞大、皮毛有黄色或橙色条纹、黑色条纹、锋利的爪子和牙齿、威严的姿态、强大的狩猎能力、沉稳的步伐、敏锐的观察力、独到的狩猎技巧，以及作为森林中的王者。

- 玩家4的描述也指向了狮子，他描述了狮子的长而有力的四肢、尖锐的爪子、强壮和敏捷、强大的捕猎能力，以及作为森林的霸主。

不一致之处在于：
- 玩家3和玩家4的描述都与玩家1和玩家2的描述不一致，因为他们描述的是狮子，而不是猴子。
- 玩家1和玩家2的描述是唯一指向猴子的，这与玩家3和玩家4的描述形成了对比。

因此，不一致之处在于描述指向的动物种类，玩家3和玩家4描述的是狮子，而玩家1和玩家2描述的是猴子。这表明玩家3和玩家4可能是平民，而玩家1和玩家2可能是平民，也可能是卧底。由于卧底通常会提供与平民描述不同的信息，玩家3和玩家4的描述可能指向了卧底的身份。|| 请通过你分析的不一致之处，推断卧底身份，注意，这局游戏的词语分类为<动物>，卧底词和平民词都属于该类。
2024-12-13 12:21:24,379 - 2 - INFO - **********PLAYER2**********
根据分析的不一致之处，我们可以推断卧底身份如下：

- 玩家3和玩家4的描述都指向了狮子，这与玩家1和玩家2的猴子描述不一致。
- 在这个游戏中，卧底会直接描述他的词语，而平民会围绕相同的词语展开描述。

由于玩家3和玩家4的描述与玩家1和玩家2的描述不匹配，且他们的描述都指向了狮子，这表明他们可能拥有相同的词语，即狮子。因此，玩家3和玩家4中至少有一位是卧底。

在这种情况下，我们不能确定玩家3和玩家4中谁是卧底，但可以确定他们中的一个或两个是卧底。而玩家1和玩家2的描述一致，指向了猴子，这增加了他们作为平民的可能性。

最终推断：玩家3或玩家4是卧底。
2024-12-13 12:21:24,381 - 2 - INFO - **********JUDGER**********
你刚刚的推断是根据分析的不一致之处，我们可以推断卧底身份如下：

- 玩家3和玩家4的描述都指向了狮子，这与玩家1和玩家2的猴子描述不一致。
- 在这个游戏中，卧底会直接描述他的词语，而平民会围绕相同的词语展开描述。

由于玩家3和玩家4的描述与玩家1和玩家2的描述不匹配，且他们的描述都指向了狮子，这表明他们可能拥有相同的词语，即狮子。因此，玩家3和玩家4中至少有一位是卧底。

在这种情况下，我们不能确定玩家3和玩家4中谁是卧底，但可以确定他们中的一个或两个是卧底。而玩家1和玩家2的描述一致，指向了猴子，这增加了他们作为平民的可能性。

最终推断：玩家3或玩家4是卧底。|| 基于你刚刚的推断得出你的最终结论，请输出你认为的卧底，在这种情况下只需要输出编号，是1-4中的某个数字，不要输出其他信息。在这个过程不要进行任何推理，只对||以前的部分进行信息提取
2024-12-13 12:21:25,716 - 2 - INFO - **********PLAYER2**********
3
2024-12-13 12:22:23,657 - 2 - INFO - **********JUDGER**********
玩家1说：这是一种猛兽，它的皮毛上有独特的条纹。在同类中，它以其强大的力量和威严的姿态而著称。这种动物是森林中的王者，它的身体强壮，步伐沉稳。它在同类中以其敏锐的观察力和独到的狩猎技巧而闻名。这种动物在同类中以其耐力和速度著称，它能在森林中悄无声息地移动，捕猎时几乎无声无息。它的狩猎策略往往是在隐蔽中观察，等待最佳时机发动攻击。玩家2说：这是一种灵巧的动物，通常有着柔软的毛发和灵活的手指。它在同类中以其好动的性格和多样的生活方式而闻名。此外，它在同类中以其善于模仿和使用的工具而特别突出。这种动物以其敏捷的身手和出色的平衡能力而著称。它在同类中以其树栖习性和高超的跳跃技巧而闻名。此外，它以其能够使用简单的工具来解决生活中的问题而特别突出。玩家3说：这是一种体型庞大的陆地动物，通常有着黄色或橙色的皮毛和黑色的条纹。它在同类中最突出的不同特征是它锋利的爪子和牙齿，这使得它成为顶级捕食者。这种动物是森林的霸主，它的皮毛呈现出醒目的黄色或橙色，间以黑色条纹。它的肌肉发达，行走间透露出沉稳与力量。在同类中，它以其威严的姿态和强大的狩猎能力而著称，是无可争议的森林之王。玩家4说：这是一种哺乳动物，通常拥有长而有力的四肢和尖锐的爪子。它在同类中最显著的特征是它的强壮和敏捷，以及强大的捕猎能力。这种动物是森林中的霸主，它的身体强健，步伐沉稳。它在同类中以其敏锐的观察力和独到的狩猎技巧而闻名。它的皮毛呈现出独特的条纹，这些条纹是其显著的特征之一。这种动物在同类中最突出的不同特征是它强大的力量和威严的姿态，它是无可争议的森林之王。你是第2号玩家，你的关键词是<猴子>。你的回答中绝对不能包含你的关键词<猴子>。这是第三轮描述，你之前的描述是这是一种灵巧的动物，通常有着柔软的毛发和灵活的手指。它在同类中以其好动的性格和多样的生活方式而闻名。此外，它在同类中以其善于模仿和使用的工具而特别突出。和这种动物以其敏捷的身手和出色的平衡能力而著称。它在同类中以其树栖习性和高超的跳跃技巧而闻名。此外，它以其能够使用简单的工具来解决生活中的问题而特别突出。，注意，这局游戏的词语分类为<动物>，卧底词和平民词都属于该类，请你补充关于关键词的描述，注意，你的描述应该比起之前的描述更加贴近关键词，作为之前的补充
2024-12-13 12:22:26,457 - 2 - INFO - **********PLAYER2**********
这种动物以其小巧的体型和快速的反应能力而著称。它在同类中以其善于攀爬和跳跃而闻名，能够在复杂的森林环境中迅速移动。此外，它以其独特的社交行为和复杂的沟通方式而特别突出。
2024-12-13 12:23:00,929 - 2 - INFO - **********JUDGER**********
玩家1说：这是一种猛兽，它的皮毛上有独特的条纹。在同类中，它以其强大的力量和威严的姿态而著称。这种动物是森林中的王者，它的身体强壮，步伐沉稳。它在同类中以其敏锐的观察力和独到的狩猎技巧而闻名。这种动物在同类中以其耐力和速度著称，它能在森林中悄无声息地移动，捕猎时几乎无声无息。它的狩猎策略往往是在隐蔽中观察，等待最佳时机发动攻击。玩家2说：这是一种灵巧的动物，通常有着柔软的毛发和灵活的手指。它在同类中以其好动的性格和多样的生活方式而闻名。此外，它在同类中以其善于模仿和使用的工具而特别突出。这种动物以其敏捷的身手和出色的平衡能力而著称。它在同类中以其树栖习性和高超的跳跃技巧而闻名。此外，它以其能够使用简单的工具来解决生活中的问题而特别突出。这种动物以其小巧的体型和快速的反应能力而著称。它在同类中以其善于攀爬和跳跃而闻名，能够在复杂的森林环境中迅速移动。此外，它以其独特的社交行为和复杂的沟通方式而特别突出。玩家3说：这是一种体型庞大的陆地动物，通常有着黄色或橙色的皮毛和黑色的条纹。它在同类中最突出的不同特征是它锋利的爪子和牙齿，这使得它成为顶级捕食者。这种动物是森林的霸主，它的皮毛呈现出醒目的黄色或橙色，间以黑色条纹。它的肌肉发达，行走间透露出沉稳与力量。在同类中，它以其威严的姿态和强大的狩猎能力而著称，是无可争议的森林之王。这种动物是森林的统治者，它的皮毛上有着醒目的黄色或橙色条纹，间以黑色。它的肌肉发达，行走时显得沉稳而有力。在同类中，它以其威严的姿态和无与伦比的狩猎技巧而著称，是无可争议的森林之王。玩家4说：这是一种哺乳动物，通常拥有长而有力的四肢和尖锐的爪子。它在同类中最显著的特征是它的强壮和敏捷，以及强大的捕猎能力。这种动物是森林中的霸主，它的身体强健，步伐沉稳。它在同类中以其敏锐的观察力和独到的狩猎技巧而闻名。它的皮毛呈现出独特的条纹，这些条纹是其显著的特征之一。这种动物在同类中最突出的不同特征是它强大的力量和威严的姿态，它是无可争议的森林之王。这种动物在同类中以其出色的耐力和速度而著称，它能够在森林中悄无声息地移动，捕猎时几乎无声无息。它的狩猎策略通常是隐蔽观察，等待最佳时机发动攻击。这种动物的身体结构适合长时间的潜行和快速奔跑，它的皮毛颜色有助于在森林中隐蔽。||在这个游戏中，我们需要通过分析每位玩家的描述来找出卧底。通常，平民的描述会围绕相同的词语展开，而卧底的描述可能会因为词语的不同而显得不太一致。我们需要仔细比较每个描述之间的相似性和差异性，以找出可能的卧底，注意，卧底并不会隐藏自己，他会直接描述他的词语，现在，逐一分析每个玩家的描述，注意，这局游戏的词语分类为<动物>，卧底词和平民词都属于该类。||之前是第3轮描述和之前轮数描述的合集。你之前认为的卧底是玩家3。
2024-12-13 12:23:22,398 - 2 - INFO - **********PLAYER2**********
基于第3轮描述和之前的信息，我们可以进行以下分析：

- 玩家1的描述指向了猛兽，具有独特的条纹、强大的力量、威严的姿态、敏锐的观察力、独到的狩猎技巧、耐力和速度，能够在森林中悄无声息地移动。

- 玩家2的描述指向了灵巧的动物，具有柔软的毛发、灵活的手指、好动的性格、多样的生活方式、善于模仿和使用工具、敏捷的身手、出色的平衡能力、树栖习性、高超的跳跃技巧、小巧的体型、快速的反应能力、独特的社交行为和复杂的沟通方式。

- 玩家3的描述与玩家1和玩家4的描述非常相似，指向了体型庞大的陆地动物，具有黄色或橙色的皮毛、黑色条纹、锋利的爪子和牙齿、肌肉发达、沉稳有力的步伐、威严的姿态、强大的狩猎能力、无可争议的森林之王。

- 玩家4的描述与玩家1和玩家3的描述也非常相似，指向了哺乳动物，具有长而有力的四肢、尖锐的爪子、强壮和敏捷、强大的捕猎能力、独特的条纹、沉稳的步伐、敏锐的观察力、独到的狩猎技巧、耐力和速度、适合长时间的潜行和快速奔跑。

由于玩家3和玩家4的描述与玩家1的描述高度相似，且都指向了体型庞大的陆地动物，具有类似的特征，这表明他们可能拥有相同的词语，即狮子。玩家2的描述则与玩家1、3和4的描述有所不同，指向了猴子。

基于上述分析，如果玩家3和玩家4的描述指向的是同一词语，那么他们可能是平民。如果玩家2的描述指向的是与玩家1、3和4不同的词语，那么玩家2可能是卧底。

最终推断：玩家2是卧底。
2024-12-13 12:23:22,400 - 2 - INFO - **********JUDGER**********
你刚刚的分析是基于第3轮描述和之前的信息，我们可以进行以下分析：

- 玩家1的描述指向了猛兽，具有独特的条纹、强大的力量、威严的姿态、敏锐的观察力、独到的狩猎技巧、耐力和速度，能够在森林中悄无声息地移动。

- 玩家2的描述指向了灵巧的动物，具有柔软的毛发、灵活的手指、好动的性格、多样的生活方式、善于模仿和使用工具、敏捷的身手、出色的平衡能力、树栖习性、高超的跳跃技巧、小巧的体型、快速的反应能力、独特的社交行为和复杂的沟通方式。

- 玩家3的描述与玩家1和玩家4的描述非常相似，指向了体型庞大的陆地动物，具有黄色或橙色的皮毛、黑色条纹、锋利的爪子和牙齿、肌肉发达、沉稳有力的步伐、威严的姿态、强大的狩猎能力、无可争议的森林之王。

- 玩家4的描述与玩家1和玩家3的描述也非常相似，指向了哺乳动物，具有长而有力的四肢、尖锐的爪子、强壮和敏捷、强大的捕猎能力、独特的条纹、沉稳的步伐、敏锐的观察力、独到的狩猎技巧、耐力和速度、适合长时间的潜行和快速奔跑。

由于玩家3和玩家4的描述与玩家1的描述高度相似，且都指向了体型庞大的陆地动物，具有类似的特征，这表明他们可能拥有相同的词语，即狮子。玩家2的描述则与玩家1、3和4的描述有所不同，指向了猴子。

基于上述分析，如果玩家3和玩家4的描述指向的是同一词语，那么他们可能是平民。如果玩家2的描述指向的是与玩家1、3和4不同的词语，那么玩家2可能是卧底。

最终推断：玩家2是卧底。|| `请根据上述分析，比较描述以找出不一致之处，注意，这局游戏的词语分类为<动物>，卧底词和平民词都属于该类。
2024-12-13 12:23:30,203 - 2 - INFO - **********PLAYER2**********
根据上述分析，我们可以找出以下不一致之处：

- 玩家1和玩家4的描述都指向了具有独特条纹、强大力量、敏锐观察力和狩猎技巧的动物，这些特征与狮子相符。
- 玩家3的描述与玩家1和玩家4的描述非常相似，指向了体型庞大、肌肉发达、具有威严姿态的陆地动物，这些特征也与狮子相符。
- 玩家2的描述则指向了一种灵巧的动物，具有柔软的毛发、灵活的手指、善于模仿和使用工具，以及树栖习性和跳跃技巧，这些特征与猴子相符。

由于玩家1、3和4的描述都指向了狮子，而玩家2的描述指向了猴子，这表明玩家2的描述与其他玩家不同，可能是卧底。因此，根据描述的不一致性，我们可以推断玩家2是卧底。
2024-12-13 12:23:30,206 - 2 - INFO - **********JUDGER**********
你刚刚的分析是根据上述分析，我们可以找出以下不一致之处：

- 玩家1和玩家4的描述都指向了具有独特条纹、强大力量、敏锐观察力和狩猎技巧的动物，这些特征与狮子相符。
- 玩家3的描述与玩家1和玩家4的描述非常相似，指向了体型庞大、肌肉发达、具有威严姿态的陆地动物，这些特征也与狮子相符。
- 玩家2的描述则指向了一种灵巧的动物，具有柔软的毛发、灵活的手指、善于模仿和使用工具，以及树栖习性和跳跃技巧，这些特征与猴子相符。

由于玩家1、3和4的描述都指向了狮子，而玩家2的描述指向了猴子，这表明玩家2的描述与其他玩家不同，可能是卧底。因此，根据描述的不一致性，我们可以推断玩家2是卧底。|| 请通过你分析的不一致之处，推断卧底身份，注意，这局游戏的词语分类为<动物>，卧底词和平民词都属于该类。
2024-12-13 12:23:31,858 - 2 - INFO - **********PLAYER2**********
2
2024-12-13 12:23:31,859 - 2 - INFO - **********JUDGER**********
你刚刚的推断是2|| 基于你刚刚的推断得出你的最终结论，请输出你认为的卧底，在这种情况下只需要输出编号，是1-4中的某个数字，不要输出其他信息。在这个过程不要进行任何推理，只对||以前的部分进行信息提取
2024-12-13 12:23:33,177 - 2 - INFO - **********PLAYER2**********
2
2024-12-13 12:23:33,180 - 2 - INFO - **********JUDGER**********
你认为卧底是你自己。你现在需要随便选一个人投票。请输出一个数字，是1-4中的某个数字，但这个数字不能是2，不要输出其他信息。
2024-12-13 12:23:34,350 - 2 - INFO - **********PLAYER2**********
1
