2024-12-13 12:18:04,678 - 3 - INFO - **********JUDGER**********
让我们来玩一个叫做<谁是卧底>的推理游戏。基本规则：<人数>：4人。<角色分配>：每位玩家随机抽取一个词语，3名玩家拿到的词语是相同的（平民词），1名玩家拿到与之相近但不同的词语（卧底词）。<游戏流程>：1、玩家轮流描述自己的词语，但<不能>直接说出词语本身。2、描述完毕后，投票选出最像卧底的玩家。3、每轮结束后，被投票选出的玩家出局，不能再进行描述或投票。4、每轮投票结束后，如果卧底被成功找出，平民方获胜；如果卧底未被找出且卧底人数等于或超过平民人数，则卧底方获胜。你将扮演一个<玩家>，请等待你被分配到的关键词。如果你听懂了，只回答，"好的，我准备好参加游戏了"，不要输出别的信息
2024-12-13 12:18:05,797 - 3 - INFO - **********PLAYER3**********
好的，我准备好参加游戏了
2024-12-13 12:18:11,734 - 3 - INFO - **********JUDGER**********
玩家1说：这是一种猛兽，它的皮毛上有独特的条纹。在同类中，它以其强大的力量和威严的姿态而著称。玩家2说：这是一种灵巧的动物，通常有着柔软的毛发和灵活的手指。它在同类中以其好动的性格和多样的生活方式而闻名。此外，它在同类中以其善于模仿和使用的工具而特别突出。玩家3说：玩家4说：|| 你是第3号玩家，你的关键词是<老虎>。你的回答中绝对不能包含你的关键词<老虎>。这是第一轮描述，不需要分析||之前别的玩家的描述，请你描述关键词基本特征，注意，这局游戏的词语分类为<动物>，卧底词和平民词都属于该类，描述包括以下两点，1.他的基本特征是什么2.他在该类（动物）中最突出不同的特征是什么，尽量简短
2024-12-13 12:18:15,797 - 3 - INFO - **********PLAYER3**********
这是一种体型庞大的陆地动物，通常有着黄色或橙色的皮毛和黑色的条纹。它在同类中最突出的不同特征是它锋利的爪子和牙齿，这使得它成为顶级捕食者。
2024-12-13 12:19:34,121 - 3 - INFO - **********JUDGER**********
玩家1说：这是一种猛兽，它的皮毛上有独特的条纹。在同类中，它以其强大的力量和威严的姿态而著称。玩家2说：这是一种灵巧的动物，通常有着柔软的毛发和灵活的手指。它在同类中以其好动的性格和多样的生活方式而闻名。此外，它在同类中以其善于模仿和使用的工具而特别突出。玩家3说：这是一种体型庞大的陆地动物，通常有着黄色或橙色的皮毛和黑色的条纹。它在同类中最突出的不同特征是它锋利的爪子和牙齿，这使得它成为顶级捕食者。玩家4说：||在这个游戏中，我们需要通过分析每位玩家的描述来找出卧底。通常，平民的描述会围绕相同的词语展开，而卧底的描述可能会因为词语的不同而显得不太一致。我们需要仔细比较每个描述之间的相似性和差异性，以找出可能的卧底，注意，卧底并不会隐藏自己，他会直接描述他的词语，现在，逐一分析每个玩家的描述，注意，这局游戏的词语分类为<动物>，卧底词和平民词都属于该类。这是第一轮描述。
2024-12-13 12:19:45,737 - 3 - INFO - **********PLAYER3**********
玩家1和玩家3的描述非常相似，都提到了猛兽、皮毛条纹、强大的力量和威严的姿态。这表明他们可能持有相同的平民词。

玩家2的描述提到了灵巧的动物、柔软的毛发、灵活的手指、好动的性格、多样的生活方式，以及善于模仿和使用工具。这些特征与玩家1和玩家3的描述不太相符，可能意味着玩家2持有不同的词语，可能是卧底。

玩家4的描述并没有给出具体的特征，而是强调了游戏规则和描述分析的方法，这可能是为了引导其他玩家注意描述的相似性和差异性。

基于这些信息，玩家2的描述可能是最不一致的，因此可能是卧底。然而，这也可能是玩家4在引导其他玩家注意描述的细微差别，所以需要更多的信息来确定卧底。
2024-12-13 12:19:45,739 - 3 - INFO - **********JUDGER**********
你刚刚的分析是玩家1和玩家3的描述非常相似，都提到了猛兽、皮毛条纹、强大的力量和威严的姿态。这表明他们可能持有相同的平民词。

玩家2的描述提到了灵巧的动物、柔软的毛发、灵活的手指、好动的性格、多样的生活方式，以及善于模仿和使用工具。这些特征与玩家1和玩家3的描述不太相符，可能意味着玩家2持有不同的词语，可能是卧底。

玩家4的描述并没有给出具体的特征，而是强调了游戏规则和描述分析的方法，这可能是为了引导其他玩家注意描述的相似性和差异性。

基于这些信息，玩家2的描述可能是最不一致的，因此可能是卧底。然而，这也可能是玩家4在引导其他玩家注意描述的细微差别，所以需要更多的信息来确定卧底。|| `请根据上述分析，比较描述以找出不一致之处，注意，这局游戏的词语分类为<动物>，卧底词和平民词都属于该类。
2024-12-13 12:19:54,422 - 3 - INFO - **********PLAYER3**********
根据上述分析，我们可以比较描述中的一致性和不一致性如下：

- 玩家1和玩家3的描述都提到了以下特征：
  - 猛兽
  - 皮毛上有独特的条纹
  - 强大的力量
  - 威严的姿态

这些特征指向的是同一个动物，通常是老虎。

- 玩家2的描述提到了以下特征：
  - 灵巧的动物
  - 柔软的毛发
  - 灵活的手指
  - 好动的性格
  - 多样的生活方式
  - 善于模仿和使用的工具

这些特征并不直接指向老虎，而是更像是描述猿类动物，如猴子。

- 玩家4的描述没有给出具体的动物特征，而是提供了关于游戏规则和分析方法的指导。

不一致之处在于玩家2的描述与玩家1和玩家3的描述不一致，因为它指向了不同的动物类别。玩家4的描述没有提供具体的动物特征，所以不能用来判断是否一致。

因此，不一致之处在于玩家2的描述与其他两位玩家的描述在描述的动物特征上不匹配，这可能是玩家2持有卧底词的迹象。
2024-12-13 12:19:54,429 - 3 - INFO - **********JUDGER**********
你刚刚的分析是根据上述分析，我们可以比较描述中的一致性和不一致性如下：

- 玩家1和玩家3的描述都提到了以下特征：
  - 猛兽
  - 皮毛上有独特的条纹
  - 强大的力量
  - 威严的姿态

这些特征指向的是同一个动物，通常是老虎。

- 玩家2的描述提到了以下特征：
  - 灵巧的动物
  - 柔软的毛发
  - 灵活的手指
  - 好动的性格
  - 多样的生活方式
  - 善于模仿和使用的工具

这些特征并不直接指向老虎，而是更像是描述猿类动物，如猴子。

- 玩家4的描述没有给出具体的动物特征，而是提供了关于游戏规则和分析方法的指导。

不一致之处在于玩家2的描述与玩家1和玩家3的描述不一致，因为它指向了不同的动物类别。玩家4的描述没有提供具体的动物特征，所以不能用来判断是否一致。

因此，不一致之处在于玩家2的描述与其他两位玩家的描述在描述的动物特征上不匹配，这可能是玩家2持有卧底词的迹象。|| 请通过你分析的不一致之处，推断卧底身份，注意，这局游戏的词语分类为<动物>，卧底词和平民词都属于该类。
2024-12-13 12:19:58,934 - 3 - INFO - **********PLAYER3**********
根据分析，玩家2的描述与其他两位玩家的描述存在不一致之处。玩家1和玩家3的描述都指向了同一个动物――老虎，而玩家2的描述则指向了猿类动物，如猴子。

由于游戏规则指出所有词语都属于<动物>类别，且卧底词与平民词在描述上可能会有所不同，玩家2的描述与老虎的特征不符，更像是描述猴子等猿类动物，这强烈暗示玩家2可能是卧底。

因此，根据描述的不一致性，我推断玩家2是卧底。
2024-12-13 12:19:58,937 - 3 - INFO - **********JUDGER**********
你刚刚的推断是根据分析，玩家2的描述与其他两位玩家的描述存在不一致之处。玩家1和玩家3的描述都指向了同一个动物――老虎，而玩家2的描述则指向了猿类动物，如猴子。

由于游戏规则指出所有词语都属于<动物>类别，且卧底词与平民词在描述上可能会有所不同，玩家2的描述与老虎的特征不符，更像是描述猴子等猿类动物，这强烈暗示玩家2可能是卧底。

因此，根据描述的不一致性，我推断玩家2是卧底。|| 基于你刚刚的推断得出你的最终结论，请输出你认为的卧底，在这种情况下只需要输出编号，是1-4中的某个数字，不要输出其他信息。在这个过程不要进行任何推理，只对||以前的部分进行信息提取
2024-12-13 12:19:59,728 - 3 - INFO - **********PLAYER3**********
2
2024-12-13 12:20:35,321 - 3 - INFO - **********JUDGER**********
玩家1说：这是一种猛兽，它的皮毛上有独特的条纹。在同类中，它以其强大的力量和威严的姿态而著称。这种动物是森林中的王者，它的身体强壮，步伐沉稳。它在同类中以其敏锐的观察力和独到的狩猎技巧而闻名。玩家2说：这是一种灵巧的动物，通常有着柔软的毛发和灵活的手指。它在同类中以其好动的性格和多样的生活方式而闻名。此外，它在同类中以其善于模仿和使用的工具而特别突出。这种动物以其敏捷的身手和出色的平衡能力而著称。它在同类中以其树栖习性和高超的跳跃技巧而闻名。此外，它以其能够使用简单的工具来解决生活中的问题而特别突出。玩家3说：这是一种体型庞大的陆地动物，通常有着黄色或橙色的皮毛和黑色的条纹。它在同类中最突出的不同特征是它锋利的爪子和牙齿，这使得它成为顶级捕食者。玩家4说：这是一种哺乳动物，通常拥有长而有力的四肢和尖锐的爪子。它在同类中最显著的特征是它的强壮和敏捷，以及强大的捕猎能力。你是第3号玩家，你的关键词是<老虎>。你的回答中绝对不能包含你的关键词<老虎>。这是第二轮描述，你之前的描述是这是一种体型庞大的陆地动物，通常有着黄色或橙色的皮毛和黑色的条纹。它在同类中最突出的不同特征是它锋利的爪子和牙齿，这使得它成为顶级捕食者。，注意，这局游戏的词语分类为<动物>，卧底词和平民词都属于该类，请你补充关于关键词的描述，注意，你的描述应该比起之前的描述更加贴近关键词，作为之前的补充
2024-12-13 12:20:38,524 - 3 - INFO - **********PLAYER3**********
这种动物是森林的霸主，它的皮毛呈现出醒目的黄色或橙色，间以黑色条纹。它的肌肉发达，行走间透露出沉稳与力量。在同类中，它以其威严的姿态和强大的狩猎能力而著称，是无可争议的森林之王。
2024-12-13 12:21:25,717 - 3 - INFO - **********JUDGER**********
玩家1说：这是一种猛兽，它的皮毛上有独特的条纹。在同类中，它以其强大的力量和威严的姿态而著称。这种动物是森林中的王者，它的身体强壮，步伐沉稳。它在同类中以其敏锐的观察力和独到的狩猎技巧而闻名。玩家2说：这是一种灵巧的动物，通常有着柔软的毛发和灵活的手指。它在同类中以其好动的性格和多样的生活方式而闻名。此外，它在同类中以其善于模仿和使用的工具而特别突出。这种动物以其敏捷的身手和出色的平衡能力而著称。它在同类中以其树栖习性和高超的跳跃技巧而闻名。此外，它以其能够使用简单的工具来解决生活中的问题而特别突出。玩家3说：这是一种体型庞大的陆地动物，通常有着黄色或橙色的皮毛和黑色的条纹。它在同类中最突出的不同特征是它锋利的爪子和牙齿，这使得它成为顶级捕食者。这种动物是森林的霸主，它的皮毛呈现出醒目的黄色或橙色，间以黑色条纹。它的肌肉发达，行走间透露出沉稳与力量。在同类中，它以其威严的姿态和强大的狩猎能力而著称，是无可争议的森林之王。玩家4说：这是一种哺乳动物，通常拥有长而有力的四肢和尖锐的爪子。它在同类中最显著的特征是它的强壮和敏捷，以及强大的捕猎能力。||在这个游戏中，我们需要通过分析每位玩家的描述来找出卧底。通常，平民的描述会围绕相同的词语展开，而卧底的描述可能会因为词语的不同而显得不太一致。我们需要仔细比较每个描述之间的相似性和差异性，以找出可能的卧底，注意，卧底并不会隐藏自己，他会直接描述他的词语，现在，逐一分析每个玩家的描述，注意，这局游戏的词语分类为<动物>，卧底词和平民词都属于该类。||之前是第2轮描述和之前轮数描述的合集。你之前认为的卧底是玩家2。
2024-12-13 12:21:40,091 - 3 - INFO - **********PLAYER3**********
根据第二轮描述和之前的分析，以下是每位玩家的描述分析：

- 玩家1的描述与玩家3的描述非常相似，都强调了猛兽、皮毛条纹、力量、威严、森林王者、敏锐的观察力、狩猎技巧等特征，指向的是同一个动物――老虎。

- 玩家2的描述虽然提到了灵巧、柔软毛发、灵活手指、好动、模仿使用工具、敏捷、平衡能力、树栖、跳跃技巧等特征，但这些描述并不完全一致，尤其是与玩家1和玩家3的描述相比，缺乏对力量、威严和狩猎技巧的强调。

- 玩家3的描述进一步强调了老虎的体型、皮毛颜色、爪子牙齿、力量、威严和狩猎能力，与玩家1的描述高度一致。

- 玩家4的描述提到了哺乳动物、长有力的四肢、尖锐的爪子、强壮、敏捷、强大的捕猎能力，这些特征也与老虎相符。

综合分析，玩家2的描述虽然提到了一些与动物相关的特征，但与玩家1和玩家3的描述相比，缺乏对老虎特有的力量、威严和狩猎技巧的强调，因此仍然存在不一致性。虽然玩家4的描述也与老虎相符，但玩家2的描述与已知老虎特征的不一致性更为明显。

因此，基于描述的不一致性，我仍然认为玩家2是卧底。
2024-12-13 12:21:40,093 - 3 - INFO - **********JUDGER**********
你刚刚的分析是根据第二轮描述和之前的分析，以下是每位玩家的描述分析：

- 玩家1的描述与玩家3的描述非常相似，都强调了猛兽、皮毛条纹、力量、威严、森林王者、敏锐的观察力、狩猎技巧等特征，指向的是同一个动物――老虎。

- 玩家2的描述虽然提到了灵巧、柔软毛发、灵活手指、好动、模仿使用工具、敏捷、平衡能力、树栖、跳跃技巧等特征，但这些描述并不完全一致，尤其是与玩家1和玩家3的描述相比，缺乏对力量、威严和狩猎技巧的强调。

- 玩家3的描述进一步强调了老虎的体型、皮毛颜色、爪子牙齿、力量、威严和狩猎能力，与玩家1的描述高度一致。

- 玩家4的描述提到了哺乳动物、长有力的四肢、尖锐的爪子、强壮、敏捷、强大的捕猎能力，这些特征也与老虎相符。

综合分析，玩家2的描述虽然提到了一些与动物相关的特征，但与玩家1和玩家3的描述相比，缺乏对老虎特有的力量、威严和狩猎技巧的强调，因此仍然存在不一致性。虽然玩家4的描述也与老虎相符，但玩家2的描述与已知老虎特征的不一致性更为明显。

因此，基于描述的不一致性，我仍然认为玩家2是卧底。|| `请根据上述分析，比较描述以找出不一致之处，注意，这局游戏的词语分类为<动物>，卧底词和平民词都属于该类。
2024-12-13 12:21:52,494 - 3 - INFO - **********PLAYER3**********
根据上述分析，不一致之处主要体现在以下几个方面：

1. 玩家1和玩家3的描述都集中强调了老虎的猛兽属性、皮毛条纹、力量、威严、森林中的王者地位、敏锐的观察力和狩猎技巧。这些特征都与老虎的形象高度契合。

2. 玩家2的描述提到了灵巧、柔软毛发、灵活手指、好动、模仿使用工具、敏捷、平衡能力、树栖、跳跃技巧等特征，这些特征更像是描述猿类动物，如猴子，而不是老虎。

3. 玩家4的描述提到了哺乳动物、长有力的四肢、尖锐的爪子、强壮、敏捷、强大的捕猎能力，这些特征虽然与老虎相符，但没有像玩家1和玩家3那样突出老虎的威严和王者形象。

因此，不一致之处在于玩家2的描述与玩家1和玩家3的描述在动物特征的描述上存在显著差异，这可能是由于玩家2持有的词语与老虎不同，从而导致了描述上的不一致。
2024-12-13 12:21:52,495 - 3 - INFO - **********JUDGER**********
你刚刚的分析是根据上述分析，不一致之处主要体现在以下几个方面：

1. 玩家1和玩家3的描述都集中强调了老虎的猛兽属性、皮毛条纹、力量、威严、森林中的王者地位、敏锐的观察力和狩猎技巧。这些特征都与老虎的形象高度契合。

2. 玩家2的描述提到了灵巧、柔软毛发、灵活手指、好动、模仿使用工具、敏捷、平衡能力、树栖、跳跃技巧等特征，这些特征更像是描述猿类动物，如猴子，而不是老虎。

3. 玩家4的描述提到了哺乳动物、长有力的四肢、尖锐的爪子、强壮、敏捷、强大的捕猎能力，这些特征虽然与老虎相符，但没有像玩家1和玩家3那样突出老虎的威严和王者形象。

因此，不一致之处在于玩家2的描述与玩家1和玩家3的描述在动物特征的描述上存在显著差异，这可能是由于玩家2持有的词语与老虎不同，从而导致了描述上的不一致。|| 请通过你分析的不一致之处，推断卧底身份，注意，这局游戏的词语分类为<动物>，卧底词和平民词都属于该类。
2024-12-13 12:21:55,371 - 3 - INFO - **********PLAYER3**********
基于分析的不一致之处，我推断玩家2是卧底。玩家的描述与玩家1和玩家3的描述存在显著差异，特别是玩家2的描述更像是描述猿类动物，而不是老虎。这表明玩家2可能持有与老虎不同的动物词语，因此根据游戏规则，玩家2很可能是卧底。
2024-12-13 12:21:55,372 - 3 - INFO - **********JUDGER**********
你刚刚的推断是基于分析的不一致之处，我推断玩家2是卧底。玩家的描述与玩家1和玩家3的描述存在显著差异，特别是玩家2的描述更像是描述猿类动物，而不是老虎。这表明玩家2可能持有与老虎不同的动物词语，因此根据游戏规则，玩家2很可能是卧底。|| 基于你刚刚的推断得出你的最终结论，请输出你认为的卧底，在这种情况下只需要输出编号，是1-4中的某个数字，不要输出其他信息。在这个过程不要进行任何推理，只对||以前的部分进行信息提取
2024-12-13 12:21:56,328 - 3 - INFO - **********PLAYER3**********
2
2024-12-13 12:22:26,459 - 3 - INFO - **********JUDGER**********
玩家1说：这是一种猛兽，它的皮毛上有独特的条纹。在同类中，它以其强大的力量和威严的姿态而著称。这种动物是森林中的王者，它的身体强壮，步伐沉稳。它在同类中以其敏锐的观察力和独到的狩猎技巧而闻名。这种动物在同类中以其耐力和速度著称，它能在森林中悄无声息地移动，捕猎时几乎无声无息。它的狩猎策略往往是在隐蔽中观察，等待最佳时机发动攻击。玩家2说：这是一种灵巧的动物，通常有着柔软的毛发和灵活的手指。它在同类中以其好动的性格和多样的生活方式而闻名。此外，它在同类中以其善于模仿和使用的工具而特别突出。这种动物以其敏捷的身手和出色的平衡能力而著称。它在同类中以其树栖习性和高超的跳跃技巧而闻名。此外，它以其能够使用简单的工具来解决生活中的问题而特别突出。这种动物以其小巧的体型和快速的反应能力而著称。它在同类中以其善于攀爬和跳跃而闻名，能够在复杂的森林环境中迅速移动。此外，它以其独特的社交行为和复杂的沟通方式而特别突出。玩家3说：这是一种体型庞大的陆地动物，通常有着黄色或橙色的皮毛和黑色的条纹。它在同类中最突出的不同特征是它锋利的爪子和牙齿，这使得它成为顶级捕食者。这种动物是森林的霸主，它的皮毛呈现出醒目的黄色或橙色，间以黑色条纹。它的肌肉发达，行走间透露出沉稳与力量。在同类中，它以其威严的姿态和强大的狩猎能力而著称，是无可争议的森林之王。玩家4说：这是一种哺乳动物，通常拥有长而有力的四肢和尖锐的爪子。它在同类中最显著的特征是它的强壮和敏捷，以及强大的捕猎能力。这种动物是森林中的霸主，它的身体强健，步伐沉稳。它在同类中以其敏锐的观察力和独到的狩猎技巧而闻名。它的皮毛呈现出独特的条纹，这些条纹是其显著的特征之一。这种动物在同类中最突出的不同特征是它强大的力量和威严的姿态，它是无可争议的森林之王。你是第3号玩家，你的关键词是<老虎>。你的回答中绝对不能包含你的关键词<老虎>。这是第三轮描述，你之前的描述是这是一种体型庞大的陆地动物，通常有着黄色或橙色的皮毛和黑色的条纹。它在同类中最突出的不同特征是它锋利的爪子和牙齿，这使得它成为顶级捕食者。和这种动物是森林的霸主，它的皮毛呈现出醒目的黄色或橙色，间以黑色条纹。它的肌肉发达，行走间透露出沉稳与力量。在同类中，它以其威严的姿态和强大的狩猎能力而著称，是无可争议的森林之王。，注意，这局游戏的词语分类为<动物>，卧底词和平民词都属于该类，请你补充关于关键词的描述，注意，你的描述应该比起之前的描述更加贴近关键词，作为之前的补充
2024-12-13 12:22:28,594 - 3 - INFO - **********PLAYER3**********
这种动物是森林的统治者，它的皮毛上有着醒目的黄色或橙色条纹，间以黑色。它的肌肉发达，行走时显得沉稳而有力。在同类中，它以其威严的姿态和无与伦比的狩猎技巧而著称，是无可争议的森林之王。
2024-12-13 12:23:34,351 - 3 - INFO - **********JUDGER**********
玩家1说：这是一种猛兽，它的皮毛上有独特的条纹。在同类中，它以其强大的力量和威严的姿态而著称。这种动物是森林中的王者，它的身体强壮，步伐沉稳。它在同类中以其敏锐的观察力和独到的狩猎技巧而闻名。这种动物在同类中以其耐力和速度著称，它能在森林中悄无声息地移动，捕猎时几乎无声无息。它的狩猎策略往往是在隐蔽中观察，等待最佳时机发动攻击。玩家2说：这是一种灵巧的动物，通常有着柔软的毛发和灵活的手指。它在同类中以其好动的性格和多样的生活方式而闻名。此外，它在同类中以其善于模仿和使用的工具而特别突出。这种动物以其敏捷的身手和出色的平衡能力而著称。它在同类中以其树栖习性和高超的跳跃技巧而闻名。此外，它以其能够使用简单的工具来解决生活中的问题而特别突出。这种动物以其小巧的体型和快速的反应能力而著称。它在同类中以其善于攀爬和跳跃而闻名，能够在复杂的森林环境中迅速移动。此外，它以其独特的社交行为和复杂的沟通方式而特别突出。玩家3说：这是一种体型庞大的陆地动物，通常有着黄色或橙色的皮毛和黑色的条纹。它在同类中最突出的不同特征是它锋利的爪子和牙齿，这使得它成为顶级捕食者。这种动物是森林的霸主，它的皮毛呈现出醒目的黄色或橙色，间以黑色条纹。它的肌肉发达，行走间透露出沉稳与力量。在同类中，它以其威严的姿态和强大的狩猎能力而著称，是无可争议的森林之王。这种动物是森林的统治者，它的皮毛上有着醒目的黄色或橙色条纹，间以黑色。它的肌肉发达，行走时显得沉稳而有力。在同类中，它以其威严的姿态和无与伦比的狩猎技巧而著称，是无可争议的森林之王。玩家4说：这是一种哺乳动物，通常拥有长而有力的四肢和尖锐的爪子。它在同类中最显著的特征是它的强壮和敏捷，以及强大的捕猎能力。这种动物是森林中的霸主，它的身体强健，步伐沉稳。它在同类中以其敏锐的观察力和独到的狩猎技巧而闻名。它的皮毛呈现出独特的条纹，这些条纹是其显著的特征之一。这种动物在同类中最突出的不同特征是它强大的力量和威严的姿态，它是无可争议的森林之王。这种动物在同类中以其出色的耐力和速度而著称，它能够在森林中悄无声息地移动，捕猎时几乎无声无息。它的狩猎策略通常是隐蔽观察，等待最佳时机发动攻击。这种动物的身体结构适合长时间的潜行和快速奔跑，它的皮毛颜色有助于在森林中隐蔽。||在这个游戏中，我们需要通过分析每位玩家的描述来找出卧底。通常，平民的描述会围绕相同的词语展开，而卧底的描述可能会因为词语的不同而显得不太一致。我们需要仔细比较每个描述之间的相似性和差异性，以找出可能的卧底，注意，卧底并不会隐藏自己，他会直接描述他的词语，现在，逐一分析每个玩家的描述，注意，这局游戏的词语分类为<动物>，卧底词和平民词都属于该类。||之前是第3轮描述和之前轮数描述的合集。你之前认为的卧底是玩家2。
2024-12-13 12:23:51,953 - 3 - INFO - **********PLAYER3**********
根据第三轮描述和之前的分析，以下是每位玩家的描述分析：

- 玩家1的描述强调了猛兽、皮毛条纹、力量、威严、森林王者、敏锐的观察力、狩猎技巧、耐力、速度、悄无声息的移动和隐蔽观察的策略。

- 玩家2的描述提到了灵巧、柔软毛发、灵活手指、好动、模仿使用工具、敏捷、平衡能力、树栖、跳跃技巧、使用工具解决问题、小巧体型、快速反应能力、攀爬和跳跃、社交行为、复杂沟通、强壮、敏捷、捕猎能力。

- 玩家3的描述重复了之前的内容，强调了体型庞大、黄色或橙色皮毛、黑色条纹、锋利的爪子和牙齿、森林霸主、威严的姿态、强大的狩猎能力、沉稳的步伐、无与伦比的狩猎技巧、耐力和速度。

- 玩家4的描述强调了哺乳动物、长有力的四肢、尖锐的爪子、强壮、敏捷、强大的捕猎能力、身体强健、沉稳的步伐、敏锐的观察力、独到的狩猎技巧、独特的条纹、强大的力量、威严的姿态、耐力和速度。

综合分析，玩家1和玩家4的描述都与老虎的特征相符，特别是强调了老虎的捕猎技巧、力量、威严和耐力。玩家3的描述与之前的一致，也指向老虎。然而，玩家2的描述中包含了更多与猿类动物相关的特征，如模仿使用工具、攀爬和跳跃、社交行为等，这些特征与老虎的描述不太一致。

因此，基于描述的不一致性，我仍然认为玩家2是卧底。
2024-12-13 12:23:51,957 - 3 - INFO - **********JUDGER**********
你刚刚的分析是根据第三轮描述和之前的分析，以下是每位玩家的描述分析：

- 玩家1的描述强调了猛兽、皮毛条纹、力量、威严、森林王者、敏锐的观察力、狩猎技巧、耐力、速度、悄无声息的移动和隐蔽观察的策略。

- 玩家2的描述提到了灵巧、柔软毛发、灵活手指、好动、模仿使用工具、敏捷、平衡能力、树栖、跳跃技巧、使用工具解决问题、小巧体型、快速反应能力、攀爬和跳跃、社交行为、复杂沟通、强壮、敏捷、捕猎能力。

- 玩家3的描述重复了之前的内容，强调了体型庞大、黄色或橙色皮毛、黑色条纹、锋利的爪子和牙齿、森林霸主、威严的姿态、强大的狩猎能力、沉稳的步伐、无与伦比的狩猎技巧、耐力和速度。

- 玩家4的描述强调了哺乳动物、长有力的四肢、尖锐的爪子、强壮、敏捷、强大的捕猎能力、身体强健、沉稳的步伐、敏锐的观察力、独到的狩猎技巧、独特的条纹、强大的力量、威严的姿态、耐力和速度。

综合分析，玩家1和玩家4的描述都与老虎的特征相符，特别是强调了老虎的捕猎技巧、力量、威严和耐力。玩家3的描述与之前的一致，也指向老虎。然而，玩家2的描述中包含了更多与猿类动物相关的特征，如模仿使用工具、攀爬和跳跃、社交行为等，这些特征与老虎的描述不太一致。

因此，基于描述的不一致性，我仍然认为玩家2是卧底。|| `请根据上述分析，比较描述以找出不一致之处，注意，这局游戏的词语分类为<动物>，卧底词和平民词都属于该类。
2024-12-13 12:23:59,682 - 3 - INFO - **********PLAYER3**********
根据上述分析，不一致之处主要体现在以下几个方面：

1. 玩家1、玩家3和玩家4的描述都强调了动物的猛兽属性、皮毛条纹、力量、威严、狩猎技巧、耐力和速度，这些特征与老虎的形象相符。

2. 玩家2的描述虽然也提到了动物的力量和敏捷，但更多地强调了灵巧、模仿使用工具、攀爬、跳跃、社交行为和复杂沟通等特征，这些特征更像是描述猿类动物，如猴子。

3. 玩家2的描述中提到了“小巧的体型”，这与老虎通常被描述为体型庞大的特征不符。

4. 玩家2的描述中多次提到了“使用工具”，这在描述老虎时并不常见，而更像是描述猿类动物的行为。

因此，不一致之处在于玩家2的描述与玩家1、玩家3和玩家4的描述在动物特征的描述上存在显著差异，这可能是由于玩家2持有的词语与老虎不同，从而导致了描述上的不一致。
2024-12-13 12:23:59,684 - 3 - INFO - **********JUDGER**********
你刚刚的分析是根据上述分析，不一致之处主要体现在以下几个方面：

1. 玩家1、玩家3和玩家4的描述都强调了动物的猛兽属性、皮毛条纹、力量、威严、狩猎技巧、耐力和速度，这些特征与老虎的形象相符。

2. 玩家2的描述虽然也提到了动物的力量和敏捷，但更多地强调了灵巧、模仿使用工具、攀爬、跳跃、社交行为和复杂沟通等特征，这些特征更像是描述猿类动物，如猴子。

3. 玩家2的描述中提到了“小巧的体型”，这与老虎通常被描述为体型庞大的特征不符。

4. 玩家2的描述中多次提到了“使用工具”，这在描述老虎时并不常见，而更像是描述猿类动物的行为。

因此，不一致之处在于玩家2的描述与玩家1、玩家3和玩家4的描述在动物特征的描述上存在显著差异，这可能是由于玩家2持有的词语与老虎不同，从而导致了描述上的不一致。|| 请通过你分析的不一致之处，推断卧底身份，注意，这局游戏的词语分类为<动物>，卧底词和平民词都属于该类。
2024-12-13 12:24:00,770 - 3 - INFO - **********PLAYER3**********
2
2024-12-13 12:24:00,771 - 3 - INFO - **********JUDGER**********
你刚刚的推断是2|| 基于你刚刚的推断得出你的最终结论，请输出你认为的卧底，在这种情况下只需要输出编号，是1-4中的某个数字，不要输出其他信息。在这个过程不要进行任何推理，只对||以前的部分进行信息提取
2024-12-13 12:24:02,385 - 3 - INFO - **********PLAYER3**********
2
