2024-12-13 12:18:06,750 - 4 - INFO - **********JUDGER**********
让我们来玩一个叫做<谁是卧底>的推理游戏。基本规则：<人数>：4人。<角色分配>：每位玩家随机抽取一个词语，3名玩家拿到的词语是相同的（平民词），1名玩家拿到与之相近但不同的词语（卧底词）。<游戏流程>：1、玩家轮流描述自己的词语，但<不能>直接说出词语本身。2、描述完毕后，投票选出最像卧底的玩家。3、每轮结束后，被投票选出的玩家出局，不能再进行描述或投票。4、每轮投票结束后，如果卧底被成功找出，平民方获胜；如果卧底未被找出且卧底人数等于或超过平民人数，则卧底方获胜。你将扮演一个<玩家>，请等待你被分配到的关键词。如果你听懂了，只回答，"好的，我准备好参加游戏了"，不要输出别的信息
2024-12-13 12:18:07,938 - 4 - INFO - **********PLAYER4**********
好的，我准备好参加游戏了
2024-12-13 12:18:15,797 - 4 - INFO - **********JUDGER**********
玩家1说：这是一种猛兽，它的皮毛上有独特的条纹。在同类中，它以其强大的力量和威严的姿态而著称。玩家2说：这是一种灵巧的动物，通常有着柔软的毛发和灵活的手指。它在同类中以其好动的性格和多样的生活方式而闻名。此外，它在同类中以其善于模仿和使用的工具而特别突出。玩家3说：这是一种体型庞大的陆地动物，通常有着黄色或橙色的皮毛和黑色的条纹。它在同类中最突出的不同特征是它锋利的爪子和牙齿，这使得它成为顶级捕食者。玩家4说：|| 你是第4号玩家，你的关键词是<老虎>。你的回答中绝对不能包含你的关键词<老虎>。这是第一轮描述，不需要分析||之前别的玩家的描述，请你描述关键词基本特征，注意，这局游戏的词语分类为<动物>，卧底词和平民词都属于该类，描述包括以下两点，1.他的基本特征是什么2.他在该类（动物）中最突出不同的特征是什么，尽量简短
2024-12-13 12:18:18,555 - 4 - INFO - **********PLAYER4**********
这是一种哺乳动物，通常拥有长而有力的四肢和尖锐的爪子。它在同类中最显著的特征是它的强壮和敏捷，以及强大的捕猎能力。
2024-12-13 12:19:59,728 - 4 - INFO - **********JUDGER**********
玩家1说：这是一种猛兽，它的皮毛上有独特的条纹。在同类中，它以其强大的力量和威严的姿态而著称。玩家2说：这是一种灵巧的动物，通常有着柔软的毛发和灵活的手指。它在同类中以其好动的性格和多样的生活方式而闻名。此外，它在同类中以其善于模仿和使用的工具而特别突出。玩家3说：这是一种体型庞大的陆地动物，通常有着黄色或橙色的皮毛和黑色的条纹。它在同类中最突出的不同特征是它锋利的爪子和牙齿，这使得它成为顶级捕食者。玩家4说：||在这个游戏中，我们需要通过分析每位玩家的描述来找出卧底。通常，平民的描述会围绕相同的词语展开，而卧底的描述可能会因为词语的不同而显得不太一致。我们需要仔细比较每个描述之间的相似性和差异性，以找出可能的卧底，注意，卧底并不会隐藏自己，他会直接描述他的词语，现在，逐一分析每个玩家的描述，注意，这局游戏的词语分类为<动物>，卧底词和平民词都属于该类。这是第一轮描述。
2024-12-13 12:20:06,394 - 4 - INFO - **********PLAYER4**********
根据玩家们的描述，我们可以进行以下分析：

玩家1描述的猛兽具有独特的条纹和强大的力量，这与老虎的特征相符。

玩家2描述的动物具有柔软的毛发、灵活的手指，善于模仿和使用工具，这与猴子或猩猩的特征相符。

玩家3描述的动物体型庞大，皮毛有黄色或橙色的条纹，拥有锋利的爪子和牙齿，这也是老虎的特征。

玩家4没有提供具体的描述，只是提到了游戏规则和分析的方法。

综合分析，玩家1和玩家3的描述都指向了老虎，而玩家2的描述指向了猴子或猩猩。由于老虎是猛兽，而猴子或猩猩虽然也是动物，但它们的特征与玩家1和玩家3的描述不太一致。因此，玩家2的描述可能更不符合大多数人的预期，可能是卧底。不过，由于玩家4没有提供具体的描述，我们无法确定其身份。需要进一步观察和比较。
2024-12-13 12:20:06,397 - 4 - INFO - **********JUDGER**********
你刚刚的分析是根据玩家们的描述，我们可以进行以下分析：

玩家1描述的猛兽具有独特的条纹和强大的力量，这与老虎的特征相符。

玩家2描述的动物具有柔软的毛发、灵活的手指，善于模仿和使用工具，这与猴子或猩猩的特征相符。

玩家3描述的动物体型庞大，皮毛有黄色或橙色的条纹，拥有锋利的爪子和牙齿，这也是老虎的特征。

玩家4没有提供具体的描述，只是提到了游戏规则和分析的方法。

综合分析，玩家1和玩家3的描述都指向了老虎，而玩家2的描述指向了猴子或猩猩。由于老虎是猛兽，而猴子或猩猩虽然也是动物，但它们的特征与玩家1和玩家3的描述不太一致。因此，玩家2的描述可能更不符合大多数人的预期，可能是卧底。不过，由于玩家4没有提供具体的描述，我们无法确定其身份。需要进一步观察和比较。|| `请根据上述分析，比较描述以找出不一致之处，注意，这局游戏的词语分类为<动物>，卧底词和平民词都属于该类。
2024-12-13 12:20:19,970 - 4 - INFO - **********PLAYER4**********
根据上述分析，我们可以比较描述以找出不一致之处：

1. 玩家1和玩家3的描述都指向了老虎，这表明他们可能是平民，因为老虎是猛兽，拥有独特的条纹和强大的力量。

2. 玩家2的描述提到了柔软的毛发、灵活的手指，善于模仿和使用工具，这些特征更符合猴子或猩猩，而不是老虎。这表明玩家2的描述可能与老虎的特征不太一致，可能是卧底。

3. 玩家4没有提供具体的描述，而是讨论了游戏规则和分析方法。这表明玩家4可能没有直接描述他的词语，但他的角色可能是平民，因为他的描述没有给出任何关于动物特征的具体线索。

不一致之处在于玩家2的描述与老虎的特征相比显得更加偏离，而玩家1和玩家3的描述则更加接近。因此，玩家2的描述可能是卧底词，而玩家1和玩家3的描述则可能是平民词。玩家4的角色则需要根据后续的描述和游戏进展来确定。
2024-12-13 12:20:19,971 - 4 - INFO - **********JUDGER**********
你刚刚的分析是根据上述分析，我们可以比较描述以找出不一致之处：

1. 玩家1和玩家3的描述都指向了老虎，这表明他们可能是平民，因为老虎是猛兽，拥有独特的条纹和强大的力量。

2. 玩家2的描述提到了柔软的毛发、灵活的手指，善于模仿和使用工具，这些特征更符合猴子或猩猩，而不是老虎。这表明玩家2的描述可能与老虎的特征不太一致，可能是卧底。

3. 玩家4没有提供具体的描述，而是讨论了游戏规则和分析方法。这表明玩家4可能没有直接描述他的词语，但他的角色可能是平民，因为他的描述没有给出任何关于动物特征的具体线索。

不一致之处在于玩家2的描述与老虎的特征相比显得更加偏离，而玩家1和玩家3的描述则更加接近。因此，玩家2的描述可能是卧底词，而玩家1和玩家3的描述则可能是平民词。玩家4的角色则需要根据后续的描述和游戏进展来确定。|| 请通过你分析的不一致之处，推断卧底身份，注意，这局游戏的词语分类为<动物>，卧底词和平民词都属于该类。
2024-12-13 12:20:30,880 - 4 - INFO - **********PLAYER4**********
基于上述分析的不一致之处，我们可以推断以下可能性：

1. 玩家1和玩家3的描述都指向了老虎，这表明他们的描述与游戏中的动物类别（动物）相符，且他们的描述特征高度相似，这可能意味着他们是平民。

2. 玩家2的描述提到了柔软的毛发、灵活的手指，善于模仿和使用工具，这些特征与老虎不太相符，更像是猴子或猩猩。由于这些特征与老虎的特征存在显著差异，玩家2的描述可能是卧底词。

3. 玩家4没有提供具体的描述，而是讨论了游戏规则和分析方法，这表明他可能没有直接描述他的词语。由于他的描述没有提供任何动物特征的具体线索，他可能是平民，也可能是卧底，但根据其他玩家的描述，玩家4不太可能是卧底。

综上所述，玩家2的描述与老虎的特征存在不一致，且与猴子或猩猩的特征更为接近，因此玩家2可能是卧底。玩家1和玩家3的描述相似且指向老虎，玩家4的角色需要更多的信息来进一步确定。
2024-12-13 12:20:30,881 - 4 - INFO - **********JUDGER**********
你刚刚的推断是基于上述分析的不一致之处，我们可以推断以下可能性：

1. 玩家1和玩家3的描述都指向了老虎，这表明他们的描述与游戏中的动物类别（动物）相符，且他们的描述特征高度相似，这可能意味着他们是平民。

2. 玩家2的描述提到了柔软的毛发、灵活的手指，善于模仿和使用工具，这些特征与老虎不太相符，更像是猴子或猩猩。由于这些特征与老虎的特征存在显著差异，玩家2的描述可能是卧底词。

3. 玩家4没有提供具体的描述，而是讨论了游戏规则和分析方法，这表明他可能没有直接描述他的词语。由于他的描述没有提供任何动物特征的具体线索，他可能是平民，也可能是卧底，但根据其他玩家的描述，玩家4不太可能是卧底。

综上所述，玩家2的描述与老虎的特征存在不一致，且与猴子或猩猩的特征更为接近，因此玩家2可能是卧底。玩家1和玩家3的描述相似且指向老虎，玩家4的角色需要更多的信息来进一步确定。|| 基于你刚刚的推断得出你的最终结论，请输出你认为的卧底，在这种情况下只需要输出编号，是1-4中的某个数字，不要输出其他信息。在这个过程不要进行任何推理，只对||以前的部分进行信息提取
2024-12-13 12:20:31,424 - 4 - INFO - **********PLAYER4**********
2
2024-12-13 12:20:38,525 - 4 - INFO - **********JUDGER**********
玩家1说：这是一种猛兽，它的皮毛上有独特的条纹。在同类中，它以其强大的力量和威严的姿态而著称。这种动物是森林中的王者，它的身体强壮，步伐沉稳。它在同类中以其敏锐的观察力和独到的狩猎技巧而闻名。玩家2说：这是一种灵巧的动物，通常有着柔软的毛发和灵活的手指。它在同类中以其好动的性格和多样的生活方式而闻名。此外，它在同类中以其善于模仿和使用的工具而特别突出。这种动物以其敏捷的身手和出色的平衡能力而著称。它在同类中以其树栖习性和高超的跳跃技巧而闻名。此外，它以其能够使用简单的工具来解决生活中的问题而特别突出。玩家3说：这是一种体型庞大的陆地动物，通常有着黄色或橙色的皮毛和黑色的条纹。它在同类中最突出的不同特征是它锋利的爪子和牙齿，这使得它成为顶级捕食者。这种动物是森林的霸主，它的皮毛呈现出醒目的黄色或橙色，间以黑色条纹。它的肌肉发达，行走间透露出沉稳与力量。在同类中，它以其威严的姿态和强大的狩猎能力而著称，是无可争议的森林之王。玩家4说：这是一种哺乳动物，通常拥有长而有力的四肢和尖锐的爪子。它在同类中最显著的特征是它的强壮和敏捷，以及强大的捕猎能力。你是第4号玩家，你的关键词是<老虎>。你的回答中绝对不能包含你的关键词<老虎>。这是第二轮描述，你之前的描述是这是一种哺乳动物，通常拥有长而有力的四肢和尖锐的爪子。它在同类中最显著的特征是它的强壮和敏捷，以及强大的捕猎能力。，注意，这局游戏的词语分类为<动物>，卧底词和平民词都属于该类，请你补充关于关键词的描述，注意，你的描述应该比起之前的描述更加贴近关键词，作为之前的补充
2024-12-13 12:20:41,833 - 4 - INFO - **********PLAYER4**********
这种动物是森林中的霸主，它的身体强健，步伐沉稳。它在同类中以其敏锐的观察力和独到的狩猎技巧而闻名。它的皮毛呈现出独特的条纹，这些条纹是其显著的特征之一。这种动物在同类中最突出的不同特征是它强大的力量和威严的姿态，它是无可争议的森林之王。
2024-12-13 12:21:56,329 - 4 - INFO - **********JUDGER**********
玩家1说：这是一种猛兽，它的皮毛上有独特的条纹。在同类中，它以其强大的力量和威严的姿态而著称。这种动物是森林中的王者，它的身体强壮，步伐沉稳。它在同类中以其敏锐的观察力和独到的狩猎技巧而闻名。玩家2说：这是一种灵巧的动物，通常有着柔软的毛发和灵活的手指。它在同类中以其好动的性格和多样的生活方式而闻名。此外，它在同类中以其善于模仿和使用的工具而特别突出。这种动物以其敏捷的身手和出色的平衡能力而著称。它在同类中以其树栖习性和高超的跳跃技巧而闻名。此外，它以其能够使用简单的工具来解决生活中的问题而特别突出。玩家3说：这是一种体型庞大的陆地动物，通常有着黄色或橙色的皮毛和黑色的条纹。它在同类中最突出的不同特征是它锋利的爪子和牙齿，这使得它成为顶级捕食者。这种动物是森林的霸主，它的皮毛呈现出醒目的黄色或橙色，间以黑色条纹。它的肌肉发达，行走间透露出沉稳与力量。在同类中，它以其威严的姿态和强大的狩猎能力而著称，是无可争议的森林之王。玩家4说：这是一种哺乳动物，通常拥有长而有力的四肢和尖锐的爪子。它在同类中最显著的特征是它的强壮和敏捷，以及强大的捕猎能力。||在这个游戏中，我们需要通过分析每位玩家的描述来找出卧底。通常，平民的描述会围绕相同的词语展开，而卧底的描述可能会因为词语的不同而显得不太一致。我们需要仔细比较每个描述之间的相似性和差异性，以找出可能的卧底，注意，卧底并不会隐藏自己，他会直接描述他的词语，现在，逐一分析每个玩家的描述，注意，这局游戏的词语分类为<动物>，卧底词和平民词都属于该类。||之前是第2轮描述和之前轮数描述的合集。你之前认为的卧底是玩家2。
2024-12-13 12:22:05,236 - 4 - INFO - **********PLAYER4**********
了解了，根据游戏规则和之前的描述，现在我来分析一下：

玩家1描述的猛兽有独特的条纹，强大有力，这与老虎的特征相符。
玩家2描述的动物灵巧、柔软、善于模仿和使用工具，这与猴子或猩猩的特征相符。
玩家3描述的动物体型庞大，黄色或橙色的皮毛和黑色条纹，锋利的爪子和牙齿，这与老虎的特征相符。
玩家4没有提供具体的描述，而是提醒我们注意游戏规则和描述之间的相似性和差异性。

根据这些描述，玩家1和玩家3的描述都与老虎的特征相符，而玩家2的描述与猴子或猩猩的特征相符。由于游戏规则中提到卧底词和平民词都属于动物类，且卧底不会隐藏自己，直接描述词语，因此玩家2的描述可能是卧底词。

现在，我们需要根据这些信息进行投票。我会投给玩家2，因为他的描述与其他两位玩家的描述不太一致，而且符合卧底可能的行为模式。
2024-12-13 12:22:05,237 - 4 - INFO - **********JUDGER**********
你刚刚的分析是了解了，根据游戏规则和之前的描述，现在我来分析一下：

玩家1描述的猛兽有独特的条纹，强大有力，这与老虎的特征相符。
玩家2描述的动物灵巧、柔软、善于模仿和使用工具，这与猴子或猩猩的特征相符。
玩家3描述的动物体型庞大，黄色或橙色的皮毛和黑色条纹，锋利的爪子和牙齿，这与老虎的特征相符。
玩家4没有提供具体的描述，而是提醒我们注意游戏规则和描述之间的相似性和差异性。

根据这些描述，玩家1和玩家3的描述都与老虎的特征相符，而玩家2的描述与猴子或猩猩的特征相符。由于游戏规则中提到卧底词和平民词都属于动物类，且卧底不会隐藏自己，直接描述词语，因此玩家2的描述可能是卧底词。

现在，我们需要根据这些信息进行投票。我会投给玩家2，因为他的描述与其他两位玩家的描述不太一致，而且符合卧底可能的行为模式。|| `请根据上述分析，比较描述以找出不一致之处，注意，这局游戏的词语分类为<动物>，卧底词和平民词都属于该类。
2024-12-13 12:22:14,351 - 4 - INFO - **********PLAYER4**********
根据上述分析，我们可以比较描述以找出不一致之处：

1. 玩家1和玩家3的描述都指向了老虎，具有独特的条纹、强大的力量、威严的姿态、敏锐的观察力、独到的狩猎技巧，以及黄色或橙色的皮毛和黑色条纹、锋利的爪子和牙齿。这些描述非常相似，并且与老虎的特征高度一致。

2. 玩家2的描述提到了灵巧、柔软的毛发、灵活的手指、善于模仿和使用工具、敏捷的身手、出色的平衡能力、树栖习性和高超的跳跃技巧、能够使用简单工具解决问题。这些特征与猴子或猩猩更为相符，而不是老虎。

3. 玩家4没有提供具体的描述，而是强调了游戏规则和分析的重要性。

不一致之处在于玩家2的描述与老虎的特征相比存在显著差异，更像是描述猴子或猩猩。而玩家1和玩家3的描述则集中在老虎的典型特征上。因此，玩家2的描述可能是不一致的，可能是卧底词。玩家4没有提供具体的动物描述，所以他的描述是否一致无法直接判断。
2024-12-13 12:22:14,353 - 4 - INFO - **********JUDGER**********
你刚刚的分析是根据上述分析，我们可以比较描述以找出不一致之处：

1. 玩家1和玩家3的描述都指向了老虎，具有独特的条纹、强大的力量、威严的姿态、敏锐的观察力、独到的狩猎技巧，以及黄色或橙色的皮毛和黑色条纹、锋利的爪子和牙齿。这些描述非常相似，并且与老虎的特征高度一致。

2. 玩家2的描述提到了灵巧、柔软的毛发、灵活的手指、善于模仿和使用工具、敏捷的身手、出色的平衡能力、树栖习性和高超的跳跃技巧、能够使用简单工具解决问题。这些特征与猴子或猩猩更为相符，而不是老虎。

3. 玩家4没有提供具体的描述，而是强调了游戏规则和分析的重要性。

不一致之处在于玩家2的描述与老虎的特征相比存在显著差异，更像是描述猴子或猩猩。而玩家1和玩家3的描述则集中在老虎的典型特征上。因此，玩家2的描述可能是不一致的，可能是卧底词。玩家4没有提供具体的动物描述，所以他的描述是否一致无法直接判断。|| 请通过你分析的不一致之处，推断卧底身份，注意，这局游戏的词语分类为<动物>，卧底词和平民词都属于该类。
2024-12-13 12:22:18,721 - 4 - INFO - **********PLAYER4**********
根据分析的不一致之处，可以推断：

玩家2的描述与老虎的特征存在显著差异，更符合猴子或猩猩的特征。由于游戏中的词语分类为<动物>，且卧底词和平民词都属于该类，玩家2的描述与其他玩家描述的老虎特征不一致，因此玩家2很可能是卧底。
2024-12-13 12:22:18,722 - 4 - INFO - **********JUDGER**********
你刚刚的推断是根据分析的不一致之处，可以推断：

玩家2的描述与老虎的特征存在显著差异，更符合猴子或猩猩的特征。由于游戏中的词语分类为<动物>，且卧底词和平民词都属于该类，玩家2的描述与其他玩家描述的老虎特征不一致，因此玩家2很可能是卧底。|| 基于你刚刚的推断得出你的最终结论，请输出你认为的卧底，在这种情况下只需要输出编号，是1-4中的某个数字，不要输出其他信息。在这个过程不要进行任何推理，只对||以前的部分进行信息提取
2024-12-13 12:22:19,723 - 4 - INFO - **********PLAYER4**********
2
2024-12-13 12:22:28,595 - 4 - INFO - **********JUDGER**********
玩家1说：这是一种猛兽，它的皮毛上有独特的条纹。在同类中，它以其强大的力量和威严的姿态而著称。这种动物是森林中的王者，它的身体强壮，步伐沉稳。它在同类中以其敏锐的观察力和独到的狩猎技巧而闻名。这种动物在同类中以其耐力和速度著称，它能在森林中悄无声息地移动，捕猎时几乎无声无息。它的狩猎策略往往是在隐蔽中观察，等待最佳时机发动攻击。玩家2说：这是一种灵巧的动物，通常有着柔软的毛发和灵活的手指。它在同类中以其好动的性格和多样的生活方式而闻名。此外，它在同类中以其善于模仿和使用的工具而特别突出。这种动物以其敏捷的身手和出色的平衡能力而著称。它在同类中以其树栖习性和高超的跳跃技巧而闻名。此外，它以其能够使用简单的工具来解决生活中的问题而特别突出。这种动物以其小巧的体型和快速的反应能力而著称。它在同类中以其善于攀爬和跳跃而闻名，能够在复杂的森林环境中迅速移动。此外，它以其独特的社交行为和复杂的沟通方式而特别突出。玩家3说：这是一种体型庞大的陆地动物，通常有着黄色或橙色的皮毛和黑色的条纹。它在同类中最突出的不同特征是它锋利的爪子和牙齿，这使得它成为顶级捕食者。这种动物是森林的霸主，它的皮毛呈现出醒目的黄色或橙色，间以黑色条纹。它的肌肉发达，行走间透露出沉稳与力量。在同类中，它以其威严的姿态和强大的狩猎能力而著称，是无可争议的森林之王。这种动物是森林的统治者，它的皮毛上有着醒目的黄色或橙色条纹，间以黑色。它的肌肉发达，行走时显得沉稳而有力。在同类中，它以其威严的姿态和无与伦比的狩猎技巧而著称，是无可争议的森林之王。玩家4说：这是一种哺乳动物，通常拥有长而有力的四肢和尖锐的爪子。它在同类中最显著的特征是它的强壮和敏捷，以及强大的捕猎能力。这种动物是森林中的霸主，它的身体强健，步伐沉稳。它在同类中以其敏锐的观察力和独到的狩猎技巧而闻名。它的皮毛呈现出独特的条纹，这些条纹是其显著的特征之一。这种动物在同类中最突出的不同特征是它强大的力量和威严的姿态，它是无可争议的森林之王。你是第4号玩家，你的关键词是<老虎>。你的回答中绝对不能包含你的关键词<老虎>。这是第三轮描述，你之前的描述是这是一种哺乳动物，通常拥有长而有力的四肢和尖锐的爪子。它在同类中最显著的特征是它的强壮和敏捷，以及强大的捕猎能力。和这种动物是森林中的霸主，它的身体强健，步伐沉稳。它在同类中以其敏锐的观察力和独到的狩猎技巧而闻名。它的皮毛呈现出独特的条纹，这些条纹是其显著的特征之一。这种动物在同类中最突出的不同特征是它强大的力量和威严的姿态，它是无可争议的森林之王。，注意，这局游戏的词语分类为<动物>，卧底词和平民词都属于该类，请你补充关于关键词的描述，注意，你的描述应该比起之前的描述更加贴近关键词，作为之前的补充
2024-12-13 12:22:31,085 - 4 - INFO - **********PLAYER4**********
这种动物在同类中以其出色的耐力和速度而著称，它能够在森林中悄无声息地移动，捕猎时几乎无声无息。它的狩猎策略通常是隐蔽观察，等待最佳时机发动攻击。这种动物的身体结构适合长时间的潜行和快速奔跑，它的皮毛颜色有助于在森林中隐蔽。
2024-12-13 12:24:02,388 - 4 - INFO - **********JUDGER**********
玩家1说：这是一种猛兽，它的皮毛上有独特的条纹。在同类中，它以其强大的力量和威严的姿态而著称。这种动物是森林中的王者，它的身体强壮，步伐沉稳。它在同类中以其敏锐的观察力和独到的狩猎技巧而闻名。这种动物在同类中以其耐力和速度著称，它能在森林中悄无声息地移动，捕猎时几乎无声无息。它的狩猎策略往往是在隐蔽中观察，等待最佳时机发动攻击。玩家2说：这是一种灵巧的动物，通常有着柔软的毛发和灵活的手指。它在同类中以其好动的性格和多样的生活方式而闻名。此外，它在同类中以其善于模仿和使用的工具而特别突出。这种动物以其敏捷的身手和出色的平衡能力而著称。它在同类中以其树栖习性和高超的跳跃技巧而闻名。此外，它以其能够使用简单的工具来解决生活中的问题而特别突出。这种动物以其小巧的体型和快速的反应能力而著称。它在同类中以其善于攀爬和跳跃而闻名，能够在复杂的森林环境中迅速移动。此外，它以其独特的社交行为和复杂的沟通方式而特别突出。玩家3说：这是一种体型庞大的陆地动物，通常有着黄色或橙色的皮毛和黑色的条纹。它在同类中最突出的不同特征是它锋利的爪子和牙齿，这使得它成为顶级捕食者。这种动物是森林的霸主，它的皮毛呈现出醒目的黄色或橙色，间以黑色条纹。它的肌肉发达，行走间透露出沉稳与力量。在同类中，它以其威严的姿态和强大的狩猎能力而著称，是无可争议的森林之王。这种动物是森林的统治者，它的皮毛上有着醒目的黄色或橙色条纹，间以黑色。它的肌肉发达，行走时显得沉稳而有力。在同类中，它以其威严的姿态和无与伦比的狩猎技巧而著称，是无可争议的森林之王。玩家4说：这是一种哺乳动物，通常拥有长而有力的四肢和尖锐的爪子。它在同类中最显著的特征是它的强壮和敏捷，以及强大的捕猎能力。这种动物是森林中的霸主，它的身体强健，步伐沉稳。它在同类中以其敏锐的观察力和独到的狩猎技巧而闻名。它的皮毛呈现出独特的条纹，这些条纹是其显著的特征之一。这种动物在同类中最突出的不同特征是它强大的力量和威严的姿态，它是无可争议的森林之王。这种动物在同类中以其出色的耐力和速度而著称，它能够在森林中悄无声息地移动，捕猎时几乎无声无息。它的狩猎策略通常是隐蔽观察，等待最佳时机发动攻击。这种动物的身体结构适合长时间的潜行和快速奔跑，它的皮毛颜色有助于在森林中隐蔽。||在这个游戏中，我们需要通过分析每位玩家的描述来找出卧底。通常，平民的描述会围绕相同的词语展开，而卧底的描述可能会因为词语的不同而显得不太一致。我们需要仔细比较每个描述之间的相似性和差异性，以找出可能的卧底，注意，卧底并不会隐藏自己，他会直接描述他的词语，现在，逐一分析每个玩家的描述，注意，这局游戏的词语分类为<动物>，卧底词和平民词都属于该类。||之前是第3轮描述和之前轮数描述的合集。你之前认为的卧底是玩家2。
2024-12-13 12:24:11,037 - 4 - INFO - **********PLAYER4**********
根据第三轮描述和之前的描述，我们可以进行以下分析：

玩家1和玩家4的描述都提到了猛兽、独特的条纹、强大的力量、威严的姿态、森林中的王者、敏锐的观察力、独到的狩猎技巧、耐力、速度、悄无声息地移动、隐蔽观察、狩猎策略、身体结构适合潜行和快速奔跑、皮毛颜色有助于隐蔽等特征，这与老虎的特征高度一致。

玩家2的描述提到了灵巧、柔软的毛发、灵活的手指、善于模仿和工具使用、敏捷、平衡能力、树栖、跳跃技巧、使用工具解决问题、小巧的体型、快速反应能力、攀爬、跳跃、社交行为、复杂的沟通方式等特征，这些特征更符合猴子或猩猩，而不是老虎。

玩家3的描述也提到了体型庞大、黄色或橙色的皮毛和黑色条纹、锋利的爪子和牙齿、森林的霸主、威严的姿态、强大的狩猎能力、肌肉发达、沉稳有力、威严的姿态、无与伦比的狩猎技巧等特征，这些描述同样与老虎的特征相符。

综上所述，玩家2的描述与老虎的特征存在显著差异，更符合猴子或猩猩的特征，因此根据之前的推断，玩家2仍然可能是卧底。
2024-12-13 12:24:11,039 - 4 - INFO - **********JUDGER**********
你刚刚的分析是根据第三轮描述和之前的描述，我们可以进行以下分析：

玩家1和玩家4的描述都提到了猛兽、独特的条纹、强大的力量、威严的姿态、森林中的王者、敏锐的观察力、独到的狩猎技巧、耐力、速度、悄无声息地移动、隐蔽观察、狩猎策略、身体结构适合潜行和快速奔跑、皮毛颜色有助于隐蔽等特征，这与老虎的特征高度一致。

玩家2的描述提到了灵巧、柔软的毛发、灵活的手指、善于模仿和工具使用、敏捷、平衡能力、树栖、跳跃技巧、使用工具解决问题、小巧的体型、快速反应能力、攀爬、跳跃、社交行为、复杂的沟通方式等特征，这些特征更符合猴子或猩猩，而不是老虎。

玩家3的描述也提到了体型庞大、黄色或橙色的皮毛和黑色条纹、锋利的爪子和牙齿、森林的霸主、威严的姿态、强大的狩猎能力、肌肉发达、沉稳有力、威严的姿态、无与伦比的狩猎技巧等特征，这些描述同样与老虎的特征相符。

综上所述，玩家2的描述与老虎的特征存在显著差异，更符合猴子或猩猩的特征，因此根据之前的推断，玩家2仍然可能是卧底。|| `请根据上述分析，比较描述以找出不一致之处，注意，这局游戏的词语分类为<动物>，卧底词和平民词都属于该类。
2024-12-13 12:24:16,260 - 4 - INFO - **********PLAYER4**********
根据上述分析，不一致之处如下：

1. 玩家1和玩家4的描述高度相似，且与老虎的特征非常吻合，包括猛兽、独特的条纹、强大的力量、威严的姿态、森林中的王者等。

2. 玩家3的描述同样与老虎的特征相符，提到体型庞大、黄色或橙色的皮毛和黑色条纹、锋利的爪子和牙齿、森林的霸主等。

3. 玩家2的描述则提到了灵巧、柔软的毛发、灵活的手指、善于模仿和工具使用、敏捷、平衡能力、树栖、跳跃技巧等特征，这些特征更倾向于描述猴子或猩猩，而不是老虎。

因此，不一致之处在于玩家2的描述与老虎的特征不符，而是更接近猴子或猩猩的特征。
2024-12-13 12:24:16,261 - 4 - INFO - **********JUDGER**********
你刚刚的分析是根据上述分析，不一致之处如下：

1. 玩家1和玩家4的描述高度相似，且与老虎的特征非常吻合，包括猛兽、独特的条纹、强大的力量、威严的姿态、森林中的王者等。

2. 玩家3的描述同样与老虎的特征相符，提到体型庞大、黄色或橙色的皮毛和黑色条纹、锋利的爪子和牙齿、森林的霸主等。

3. 玩家2的描述则提到了灵巧、柔软的毛发、灵活的手指、善于模仿和工具使用、敏捷、平衡能力、树栖、跳跃技巧等特征，这些特征更倾向于描述猴子或猩猩，而不是老虎。

因此，不一致之处在于玩家2的描述与老虎的特征不符，而是更接近猴子或猩猩的特征。|| 请通过你分析的不一致之处，推断卧底身份，注意，这局游戏的词语分类为<动物>，卧底词和平民词都属于该类。
2024-12-13 12:24:18,315 - 4 - INFO - **********PLAYER4**********
2
2024-12-13 12:24:18,316 - 4 - INFO - **********JUDGER**********
你刚刚的推断是2|| 基于你刚刚的推断得出你的最终结论，请输出你认为的卧底，在这种情况下只需要输出编号，是1-4中的某个数字，不要输出其他信息。在这个过程不要进行任何推理，只对||以前的部分进行信息提取
2024-12-13 12:24:19,838 - 4 - INFO - **********PLAYER4**********
2
