2024-12-13 14:16:46,020 - 1 - INFO - **********JUDGER**********
让我们来玩一个叫做<谁是卧底>的推理游戏。基本规则：<人数>：4人。<角色分配>：每位玩家随机抽取一个词语，3名玩家拿到的词语是相同的（平民词），1名玩家拿到与之相近但不同的词语（卧底词）。<游戏流程>：1、玩家轮流描述自己的词语，但<不能>直接说出词语本身。2、描述完毕后，投票选出最像卧底的玩家。3、每轮结束后，被投票选出的玩家出局，不能再进行描述或投票。4、每轮投票结束后，如果卧底被成功找出，平民方获胜；如果卧底未被找出且卧底人数等于或超过平民人数，则卧底方获胜。你将扮演一个<玩家>，请等待你被分配到的关键词。如果你听懂了，只回答，"好的，我准备好参加游戏了"，不要输出别的信息
2024-12-13 14:16:47,110 - 1 - INFO - **********PLAYER1**********
好的，我准备好参加游戏了
2024-12-13 14:16:53,107 - 1 - INFO - **********JUDGER**********
玩家1说：玩家2说：玩家3说：玩家4说：|| 你是第1号玩家，你的关键词是<芒果>。你的回答中绝对不能包含你的关键词<芒果>。这是第一轮描述，不需要分析||之前别的玩家的描述，请你描述关键词基本特征，注意，这局游戏的词语分类为<水果>，卧底词和平民词都属于该类，描述包括以下两点，1.他的基本特征是什么2.他在该类（水果）中最突出不同的特征是什么，尽量简短
2024-12-13 14:16:56,311 - 1 - INFO - **********PLAYER1**********
这个水果是橙色的，通常有一个独特的形状，中间有一个核。在水果类中，它可能是唯一一种在食用时不需要剥皮的水果。
2024-12-13 14:17:07,398 - 1 - INFO - **********JUDGER**********
玩家1说：这个水果是橙色的，通常有一个独特的形状，中间有一个核。在水果类中，它可能是唯一一种在食用时不需要剥皮的水果。玩家2说：这个水果通常呈黄色或橙黄色，具有多个倒圆锥形的瓣片，中间有一个坚硬的中心。在水果类中，它特别以其独特的香味和口感而著称。玩家3说：这个水果是椭圆形的，表面光滑，颜色鲜艳，通常为黄色或橙黄色。在同类水果中，它以富含维生素和独特的热带风味而闻名。玩家4说：||在这个游戏中，我们需要通过分析每位玩家的描述来找出卧底。通常，平民的描述会围绕相同的词语展开，而卧底的描述可能会因为词语的不同而显得不太一致。我们需要仔细比较每个描述之间的相似性和差异性，以找出可能的卧底，注意，卧底并不会隐藏自己，他会直接描述他的词语，现在，逐一分析每个玩家的描述，注意，这局游戏的词语分类为<水果>，卧底词和平民词都属于该类。这是第一轮描述。
2024-12-13 14:17:15,406 - 1 - INFO - **********PLAYER1**********
玩家1的描述听起来像是描述了一个没有核的水果，可能是橙子或者柑橘类的水果。

玩家2的描述提到了多个倒圆锥形的瓣片和独特的香味，这听起来像是柚子。

玩家3的描述强调了富含维生素和热带风味，这很可能是香蕉。

玩家4的描述没有直接提供关键词的特征，而是提醒我们如何分析其他玩家的描述，这可能是卧底的行为，因为卧底通常会试图引导讨论而不是直接描述自己的词语。

根据这些描述，如果我是卧底，我会注意玩家4的描述，因为它没有提供关键词的直接特征，而是转而引导讨论。我会比较玩家1、2和3的描述，看看是否有不一致的地方，因为平民的描述应该是相似的。如果玩家1、2和3的描述在关键词特征上有共同点，而我的描述与之不同，那么我可能会是卧底。如果我的描述与他们的描述相似，那么我可能不是卧底。由于我没有关键词的具体信息，我无法确定自己是否是卧底。
2024-12-13 14:17:15,408 - 1 - INFO - **********JUDGER**********
你刚刚的分析是玩家1的描述听起来像是描述了一个没有核的水果，可能是橙子或者柑橘类的水果。

玩家2的描述提到了多个倒圆锥形的瓣片和独特的香味，这听起来像是柚子。

玩家3的描述强调了富含维生素和热带风味，这很可能是香蕉。

玩家4的描述没有直接提供关键词的特征，而是提醒我们如何分析其他玩家的描述，这可能是卧底的行为，因为卧底通常会试图引导讨论而不是直接描述自己的词语。

根据这些描述，如果我是卧底，我会注意玩家4的描述，因为它没有提供关键词的直接特征，而是转而引导讨论。我会比较玩家1、2和3的描述，看看是否有不一致的地方，因为平民的描述应该是相似的。如果玩家1、2和3的描述在关键词特征上有共同点，而我的描述与之不同，那么我可能会是卧底。如果我的描述与他们的描述相似，那么我可能不是卧底。由于我没有关键词的具体信息，我无法确定自己是否是卧底。|| `请根据上述分析，比较描述以找出不一致之处，注意，这局游戏的词语分类为<水果>，卧底词和平民词都属于该类。
2024-12-13 14:17:30,411 - 1 - INFO - **********PLAYER1**********
根据上述分析，我们可以比较玩家的描述以找出不一致之处：

- 玩家1提到的是没有核的水果，可能是橙子或柑橘类。
- 玩家2描述的是有多个倒圆锥形瓣片和独特香味的水果，这听起来像是柚子。
- 玩家3强调的是富含维生素和热带风味的水果，这很可能是香蕉。

如果玩家1、2和3的描述都是围绕一个具体的水果特征进行的，那么它们之间应该存在一致性。然而，玩家4的描述没有提供具体的水果特征，而是转而引导其他玩家如何分析描述，这可能与卧底的行为相符，因为卧底可能会试图分散注意力或误导其他玩家。

不一致之处可能在于：

1. 玩家4的描述没有直接参与关键词特征的描述，这与玩家1、2和3的描述形成了对比。
2. 如果玩家1、2和3的描述指向的是同一类水果（例如都是柑橘类），而玩家4没有提供具体的特征，这可能会引起怀疑。

因此，如果我是卧底，我会注意到玩家4的描述与玩家1、2和3的描述不一致，这可能会使我成为怀疑的对象。如果其他玩家注意到这一点并开始将注意力集中在我身上，我可能会考虑在下一轮中提供更多的具体特征来澄清我的描述，或者坚持我的策略，即引导讨论而不是直接描述关键词。
2024-12-13 14:17:30,414 - 1 - INFO - **********JUDGER**********
你刚刚的分析是根据上述分析，我们可以比较玩家的描述以找出不一致之处：

- 玩家1提到的是没有核的水果，可能是橙子或柑橘类。
- 玩家2描述的是有多个倒圆锥形瓣片和独特香味的水果，这听起来像是柚子。
- 玩家3强调的是富含维生素和热带风味的水果，这很可能是香蕉。

如果玩家1、2和3的描述都是围绕一个具体的水果特征进行的，那么它们之间应该存在一致性。然而，玩家4的描述没有提供具体的水果特征，而是转而引导其他玩家如何分析描述，这可能与卧底的行为相符，因为卧底可能会试图分散注意力或误导其他玩家。

不一致之处可能在于：

1. 玩家4的描述没有直接参与关键词特征的描述，这与玩家1、2和3的描述形成了对比。
2. 如果玩家1、2和3的描述指向的是同一类水果（例如都是柑橘类），而玩家4没有提供具体的特征，这可能会引起怀疑。

因此，如果我是卧底，我会注意到玩家4的描述与玩家1、2和3的描述不一致，这可能会使我成为怀疑的对象。如果其他玩家注意到这一点并开始将注意力集中在我身上，我可能会考虑在下一轮中提供更多的具体特征来澄清我的描述，或者坚持我的策略，即引导讨论而不是直接描述关键词。|| 请通过你分析的不一致之处，推断卧底身份，注意，这局游戏的词语分类为<水果>，卧底词和平民词都属于该类。
2024-12-13 14:17:49,696 - 1 - INFO - **********PLAYER1**********
基于上述分析，以下是我对卧底身份的推断：

1. 玩家1、2和3的描述都指向了具体的水果特征，并且它们之间可能存在一致性，暗示他们可能持有相同的关键词。这意味着他们可能都是平民。

2. 玩家4的描述没有提供具体的水果特征，而是引导其他玩家如何分析描述。这种描述方式与玩家1、2和3的描述形成了对比，这可能是卧底的行为特征。

3. 如果玩家4是卧底，那么他的关键词可能是一个与玩家1、2和3描述的水果不同的水果，或者是一个容易引起混淆的水果。

考虑到游戏分类为<水果>，以下是一些可能的情况：

- 如果玩家4的词语是一个与橙子或柑橘类水果相似但不同的水果，比如柠檬，那么他可能会试图隐藏这个事实，因为他知道其他玩家可能会描述类似的水果。
- 如果玩家4的词语是一个与柚子或香蕉明显不同的水果，比如苹果，那么他可能会通过提供与已知水果不匹配的描述来引起怀疑。

综上所述，玩家4可能是卧底，因为他的描述与玩家1、2和3的描述不一致，并且没有直接参与具体水果特征的描述。然而，没有更多的信息，我们无法确定玩家4的具体水果是什么，因此只能推断他可能是卧底。
2024-12-13 14:17:49,698 - 1 - INFO - **********JUDGER**********
你刚刚的推断是基于上述分析，以下是我对卧底身份的推断：

1. 玩家1、2和3的描述都指向了具体的水果特征，并且它们之间可能存在一致性，暗示他们可能持有相同的关键词。这意味着他们可能都是平民。

2. 玩家4的描述没有提供具体的水果特征，而是引导其他玩家如何分析描述。这种描述方式与玩家1、2和3的描述形成了对比，这可能是卧底的行为特征。

3. 如果玩家4是卧底，那么他的关键词可能是一个与玩家1、2和3描述的水果不同的水果，或者是一个容易引起混淆的水果。

考虑到游戏分类为<水果>，以下是一些可能的情况：

- 如果玩家4的词语是一个与橙子或柑橘类水果相似但不同的水果，比如柠檬，那么他可能会试图隐藏这个事实，因为他知道其他玩家可能会描述类似的水果。
- 如果玩家4的词语是一个与柚子或香蕉明显不同的水果，比如苹果，那么他可能会通过提供与已知水果不匹配的描述来引起怀疑。

综上所述，玩家4可能是卧底，因为他的描述与玩家1、2和3的描述不一致，并且没有直接参与具体水果特征的描述。然而，没有更多的信息，我们无法确定玩家4的具体水果是什么，因此只能推断他可能是卧底。|| 基于你刚刚的推断得出你的最终结论，请输出你认为的卧底，在这种情况下只需要输出编号，是1-4中的某个数字，不要输出其他信息。在这个过程不要进行任何推理，只对||以前的部分进行信息提取
2024-12-13 14:17:50,804 - 1 - INFO - **********PLAYER1**********
4
2024-12-13 14:20:14,089 - 1 - INFO - **********JUDGER**********
玩家1说：这个水果是橙色的，通常有一个独特的形状，中间有一个核。在水果类中，它可能是唯一一种在食用时不需要剥皮的水果。玩家2说：这个水果通常呈黄色或橙黄色，具有多个倒圆锥形的瓣片，中间有一个坚硬的中心。在水果类中，它特别以其独特的香味和口感而著称。玩家3说：这个水果是椭圆形的，表面光滑，颜色鲜艳，通常为黄色或橙黄色。在同类水果中，它以富含维生素和独特的热带风味而闻名。玩家4说：这个水果通常呈红色或粉红色，形状圆润，肉质多汁。它在同类水果中以其甜美的口感和独特的香气而闻名。你是第1号玩家，你的关键词是<芒果>。你的回答中绝对不能包含你的关键词<芒果>。这是第二轮描述，你之前的描述是这个水果是橙色的，通常有一个独特的形状，中间有一个核。在水果类中，它可能是唯一一种在食用时不需要剥皮的水果。，注意，这局游戏的词语分类为<水果>，卧底词和平民词都属于该类，请你补充关于关键词的描述，注意，你的描述应该比起之前的描述更加贴近关键词，作为之前的补充
2024-12-13 14:20:16,617 - 1 - INFO - **********PLAYER1**********
这个水果的汁液丰富，通常呈金黄色，它是一种热带水果，以其细腻的口感和浓郁的香气而受到喜爱。在同类水果中，它以其独特的甜味而闻名。
2024-12-13 14:20:30,307 - 1 - INFO - **********JUDGER**********
玩家1说：这个水果是橙色的，通常有一个独特的形状，中间有一个核。在水果类中，它可能是唯一一种在食用时不需要剥皮的水果。这个水果的汁液丰富，通常呈金黄色，它是一种热带水果，以其细腻的口感和浓郁的香气而受到喜爱。在同类水果中，它以其独特的甜味而闻名。玩家2说：这个水果通常呈黄色或橙黄色，具有多个倒圆锥形的瓣片，中间有一个坚硬的中心。在水果类中，它特别以其独特的香味和口感而著称。这个水果的果实较大，通常为长椭圆形或圆筒形，表面带有坚硬的棘刺。它的果肉黄色或淡黄色，质地松软，多汁。在水果类中，它以其独特的香味和甜美的口感而受到喜爱，而且它的汁液非常丰富。玩家3说：这个水果是椭圆形的，表面光滑，颜色鲜艳，通常为黄色或橙黄色。在同类水果中，它以富含维生素和独特的热带风味而闻名。这个水果是椭圆形的，表面光滑，颜色鲜艳，通常为黄色或橙黄色。在同类水果中，它以其丰富的汁液和多汁的肉质而著称。它的香气浓郁，口感细腻，且含有多种维生素，是一种热带风味的水果。玩家4说：这个水果通常呈红色或粉红色，形状圆润，肉质多汁。它在同类水果中以其甜美的口感和独特的香气而闻名。||在这个游戏中，我们需要通过分析每位玩家的描述来找出卧底。通常，平民的描述会围绕相同的词语展开，而卧底的描述可能会因为词语的不同而显得不太一致。我们需要仔细比较每个描述之间的相似性和差异性，以找出可能的卧底，注意，卧底并不会隐藏自己，他会直接描述他的词语，现在，逐一分析每个玩家的描述，注意，这局游戏的词语分类为<水果>，卧底词和平民词都属于该类。||之前是第2轮描述和之前轮数描述的合集。你之前认为的卧底是玩家4。
2024-12-13 14:20:31,624 - 1 - INFO - **********PLAYER1**********
4
2024-12-13 14:20:31,625 - 1 - INFO - **********JUDGER**********
你刚刚的分析是4|| `请根据上述分析，比较描述以找出不一致之处，注意，这局游戏的词语分类为<水果>，卧底词和平民词都属于该类。
2024-12-13 14:21:02,999 - 1 - INFO - **********PLAYER1**********
根据上述分析，以下是玩家描述中可能存在的不一致之处：

- 玩家1的描述提到了“橙色”、“独特的形状”、“中间有一个核”，以及“可能是唯一一种在食用时不需要剥皮的水果”，这与芒果的特征相符。
- 玩家2的描述提到了“黄色或橙黄色”、“倒圆锥形的瓣片”、“坚硬的中心”、“长椭圆形或圆筒形”、“表面带有坚硬的棘刺”、“果肉黄色或淡黄色”、“质地松软，多汁”，这与柑橘类水果（如橙子或柚子）的特征相符。
- 玩家3的描述重复了玩家3之前提到的特征，强调了“椭圆形”、“光滑”、“鲜艳”、“富含维生素”、“热带风味”、“丰富的汁液”、“多汁的肉质”、“香气浓郁”、“口感细腻”等，这与许多热带水果的特征相符，但没有具体指向某个单一水果。
- 玩家4的描述提到了“红色或粉红色”、“形状圆润”、“肉质多汁”、“甜美的口感”、“独特的香气”，这与草莓或樱桃等红色水果的特征相符。

不一致之处可能在于：

1. 玩家2和玩家4的描述都提到了颜色和口感，但它们指向的是红色或粉红色水果，这与玩家1和玩家3描述的黄色或橙黄色水果形成了对比。
2. 玩家3的描述虽然广泛，但没有提供足够的信息来明确指向某个特定的水果。
3. 玩家4的描述与玩家1、2和3的描述在颜色和形状上有显著差异，这可能表明玩家4的描述与卧底词不符。

综上所述，不一致之处可能集中在玩家4的描述上，因为它在颜色和形状上与其他玩家的描述不一致。这可能表明玩家4的描述与卧底词不匹配。
2024-12-13 14:21:03,001 - 1 - INFO - **********JUDGER**********
你刚刚的分析是根据上述分析，以下是玩家描述中可能存在的不一致之处：

- 玩家1的描述提到了“橙色”、“独特的形状”、“中间有一个核”，以及“可能是唯一一种在食用时不需要剥皮的水果”，这与芒果的特征相符。
- 玩家2的描述提到了“黄色或橙黄色”、“倒圆锥形的瓣片”、“坚硬的中心”、“长椭圆形或圆筒形”、“表面带有坚硬的棘刺”、“果肉黄色或淡黄色”、“质地松软，多汁”，这与柑橘类水果（如橙子或柚子）的特征相符。
- 玩家3的描述重复了玩家3之前提到的特征，强调了“椭圆形”、“光滑”、“鲜艳”、“富含维生素”、“热带风味”、“丰富的汁液”、“多汁的肉质”、“香气浓郁”、“口感细腻”等，这与许多热带水果的特征相符，但没有具体指向某个单一水果。
- 玩家4的描述提到了“红色或粉红色”、“形状圆润”、“肉质多汁”、“甜美的口感”、“独特的香气”，这与草莓或樱桃等红色水果的特征相符。

不一致之处可能在于：

1. 玩家2和玩家4的描述都提到了颜色和口感，但它们指向的是红色或粉红色水果，这与玩家1和玩家3描述的黄色或橙黄色水果形成了对比。
2. 玩家3的描述虽然广泛，但没有提供足够的信息来明确指向某个特定的水果。
3. 玩家4的描述与玩家1、2和3的描述在颜色和形状上有显著差异，这可能表明玩家4的描述与卧底词不符。

综上所述，不一致之处可能集中在玩家4的描述上，因为它在颜色和形状上与其他玩家的描述不一致。这可能表明玩家4的描述与卧底词不匹配。|| 请通过你分析的不一致之处，推断卧底身份，注意，这局游戏的词语分类为<水果>，卧底词和平民词都属于该类。
2024-12-13 14:21:03,967 - 1 - INFO - **********PLAYER1**********
4
2024-12-13 14:21:03,969 - 1 - INFO - **********JUDGER**********
你刚刚的推断是4|| 基于你刚刚的推断得出你的最终结论，请输出你认为的卧底，在这种情况下只需要输出编号，是1-4中的某个数字，不要输出其他信息。在这个过程不要进行任何推理，只对||以前的部分进行信息提取
2024-12-13 14:21:04,967 - 1 - INFO - **********PLAYER1**********
4
2024-12-13 14:23:03,974 - 1 - INFO - **********JUDGER**********
玩家1说：这个水果是橙色的，通常有一个独特的形状，中间有一个核。在水果类中，它可能是唯一一种在食用时不需要剥皮的水果。这个水果的汁液丰富，通常呈金黄色，它是一种热带水果，以其细腻的口感和浓郁的香气而受到喜爱。在同类水果中，它以其独特的甜味而闻名。玩家2说：这个水果通常呈黄色或橙黄色，具有多个倒圆锥形的瓣片，中间有一个坚硬的中心。在水果类中，它特别以其独特的香味和口感而著称。这个水果的果实较大，通常为长椭圆形或圆筒形，表面带有坚硬的棘刺。它的果肉黄色或淡黄色，质地松软，多汁。在水果类中，它以其独特的香味和甜美的口感而受到喜爱，而且它的汁液非常丰富。玩家3说：这个水果是椭圆形的，表面光滑，颜色鲜艳，通常为黄色或橙黄色。在同类水果中，它以富含维生素和独特的热带风味而闻名。这个水果是椭圆形的，表面光滑，颜色鲜艳，通常为黄色或橙黄色。在同类水果中，它以其丰富的汁液和多汁的肉质而著称。它的香气浓郁，口感细腻，且含有多种维生素，是一种热带风味的水果。玩家4说：这个水果通常呈红色或粉红色，形状圆润，肉质多汁。它在同类水果中以其甜美的口感和独特的香气而闻名。玩家4说：这个水果通常呈黄色或橙黄色，形状圆润，果肉多汁，是热带水果中常见的一种。它在同类水果中以其独特的甜味和香味而受到喜爱，但与其他水果相比，它可能更加甜腻，且果肉质地较软，容易食用。你是第1号玩家，你的关键词是<芒果>。你的回答中绝对不能包含你的关键词<芒果>。这是第三轮描述，你之前的描述是这个水果是橙色的，通常有一个独特的形状，中间有一个核。在水果类中，它可能是唯一一种在食用时不需要剥皮的水果。和这个水果的汁液丰富，通常呈金黄色，它是一种热带水果，以其细腻的口感和浓郁的香气而受到喜爱。在同类水果中，它以其独特的甜味而闻名。，注意，这局游戏的词语分类为<水果>，卧底词和平民词都属于该类，请你补充关于关键词的描述，注意，你的描述应该比起之前的描述更加贴近关键词，作为之前的补充
2024-12-13 14:23:07,720 - 1 - INFO - **********PLAYER1**********
这个水果的皮薄易剥，果肉厚实，质地细腻，颜色金黄，富含营养，是热带地区常见的水果之一。它的风味独特，甜而不腻，深受人们喜爱。
2024-12-13 14:23:18,936 - 1 - INFO - **********JUDGER**********
玩家1说：这个水果是橙色的，通常有一个独特的形状，中间有一个核。在水果类中，它可能是唯一一种在食用时不需要剥皮的水果。这个水果的汁液丰富，通常呈金黄色，它是一种热带水果，以其细腻的口感和浓郁的香气而受到喜爱。在同类水果中，它以其独特的甜味而闻名。这个水果的皮薄易剥，果肉厚实，质地细腻，颜色金黄，富含营养，是热带地区常见的水果之一。它的风味独特，甜而不腻，深受人们喜爱。玩家2说：这个水果通常呈黄色或橙黄色，具有多个倒圆锥形的瓣片，中间有一个坚硬的中心。在水果类中，它特别以其独特的香味和口感而著称。这个水果的果实较大，通常为长椭圆形或圆筒形，表面带有坚硬的棘刺。它的果肉黄色或淡黄色，质地松软，多汁。在水果类中，它以其独特的香味和甜美的口感而受到喜爱，而且它的汁液非常丰富。这个水果的形状通常较为饱满，具有明显的叶片状外皮，叶片之间紧密排列。它的果实大小不一，但普遍较大，果肉质地坚实，富含纤维，口感清新。在同类水果中，它以其独特的甜味和香味而受到喜爱，且它的汁液丰富，适合鲜食或加工。玩家3说：这个水果是椭圆形的，表面光滑，颜色鲜艳，通常为黄色或橙黄色。在同类水果中，它以富含维生素和独特的热带风味而闻名。这个水果是椭圆形的，表面光滑，颜色鲜艳，通常为黄色或橙黄色。在同类水果中，它以其丰富的汁液和多汁的肉质而著称。它的香气浓郁，口感细腻，且含有多种维生素，是一种热带风味的水果。这个水果是椭圆形的，表面光滑，颜色鲜艳，通常为黄色或橙黄色。它的肉质柔软，口感丰富，含有丰富的维生素和矿物质，具有独特的热带风味，是热带地区广受欢迎的水果之一。玩家4说：这个水果通常呈红色或粉红色，形状圆润，肉质多汁。它在同类水果中以其甜美的口感和独特的香气而闻名。玩家4说：这个水果通常呈黄色或橙黄色，形状圆润，果肉多汁，是热带水果中常见的一种。它在同类水果中以其独特的甜味和香味而受到喜爱，但与其他水果相比，它可能更加甜腻，且果肉质地较软，容易食用。这个水果的核小，果肉细腻，通常呈金黄色，富含多种维生素，具有浓郁的香气和独特的甜味。它的质地柔软，容易切片，是热带地区广受欢迎的水果之一。||在这个游戏中，我们需要通过分析每位玩家的描述来找出卧底。通常，平民的描述会围绕相同的词语展开，而卧底的描述可能会因为词语的不同而显得不太一致。我们需要仔细比较每个描述之间的相似性和差异性，以找出可能的卧底，注意，卧底并不会隐藏自己，他会直接描述他的词语，现在，逐一分析每个玩家的描述，注意，这局游戏的词语分类为<水果>，卧底词和平民词都属于该类。||之前是第3轮描述和之前轮数描述的合集。你之前认为的卧底是玩家4。
2024-12-13 14:23:20,058 - 1 - INFO - **********PLAYER1**********
4
2024-12-13 14:23:20,059 - 1 - INFO - **********JUDGER**********
你刚刚的分析是4|| `请根据上述分析，比较描述以找出不一致之处，注意，这局游戏的词语分类为<水果>，卧底词和平民词都属于该类。
2024-12-13 14:23:40,511 - 1 - INFO - **********PLAYER1**********
在比较玩家的描述时，以下是不一致之处：

1. 玩家1的描述集中在芒果的特征上，如橙色的皮、独特的形状、汁液丰富、金黄色、细腻的口感、浓郁的香气和独特的甜味。

2. 玩家2的描述提到了多个特征，包括黄色或橙黄色的颜色、倒圆锥形的瓣片、坚硬的中心、长椭圆形或圆筒形的形状、坚硬的棘刺、松软多汁的果肉、丰富的汁液、饱满的形状、叶片状外皮、大小不一的果实、坚实富含纤维的果肉、清新的口感、甜味和香味。

3. 玩家3的描述也提到了多个特征，包括椭圆形的形状、光滑的表面、鲜艳的颜色、黄色或橙黄色的颜色、丰富的汁液、多汁的肉质、浓郁的香气、细腻的口感、多种维生素、独特的热带风味、柔软的肉质、丰富的维生素和矿物质、独特的热带风味。

4. 玩家4的描述提到了红色或粉红色的颜色、圆润的形状、多汁的肉质、甜美的口感、独特的香气、黄色或橙黄色的颜色、独特的甜味和香味、甜腻的口感、软的果肉质地、小核、细腻的果肉、金黄色、富含多种维生素、浓郁的香气、独特的甜味、容易切片。

不一致之处在于：

- 玩家2和玩家4的描述都提到了黄色或橙黄色的颜色，但玩家1和玩家3的描述中并未提及颜色。
- 玩家2和玩家4的描述都提到了果肉质地，但玩家1和玩家3的描述中并未详细描述果肉质地。
- 玩家4的描述中提到了红色或粉红色的颜色，这与玩家1、2和3描述的黄色或橙黄色颜色不一致。
- 玩家4的描述中提到了果肉质地较软、容易食用，而玩家1、2和3的描述中并未提及这一点。

这些不一致之处表明玩家4的描述与其他玩家的描述在颜色和果肉质地方面存在差异，这可能与卧底词不符。
2024-12-13 14:23:40,513 - 1 - INFO - **********JUDGER**********
你刚刚的分析是在比较玩家的描述时，以下是不一致之处：

1. 玩家1的描述集中在芒果的特征上，如橙色的皮、独特的形状、汁液丰富、金黄色、细腻的口感、浓郁的香气和独特的甜味。

2. 玩家2的描述提到了多个特征，包括黄色或橙黄色的颜色、倒圆锥形的瓣片、坚硬的中心、长椭圆形或圆筒形的形状、坚硬的棘刺、松软多汁的果肉、丰富的汁液、饱满的形状、叶片状外皮、大小不一的果实、坚实富含纤维的果肉、清新的口感、甜味和香味。

3. 玩家3的描述也提到了多个特征，包括椭圆形的形状、光滑的表面、鲜艳的颜色、黄色或橙黄色的颜色、丰富的汁液、多汁的肉质、浓郁的香气、细腻的口感、多种维生素、独特的热带风味、柔软的肉质、丰富的维生素和矿物质、独特的热带风味。

4. 玩家4的描述提到了红色或粉红色的颜色、圆润的形状、多汁的肉质、甜美的口感、独特的香气、黄色或橙黄色的颜色、独特的甜味和香味、甜腻的口感、软的果肉质地、小核、细腻的果肉、金黄色、富含多种维生素、浓郁的香气、独特的甜味、容易切片。

不一致之处在于：

- 玩家2和玩家4的描述都提到了黄色或橙黄色的颜色，但玩家1和玩家3的描述中并未提及颜色。
- 玩家2和玩家4的描述都提到了果肉质地，但玩家1和玩家3的描述中并未详细描述果肉质地。
- 玩家4的描述中提到了红色或粉红色的颜色，这与玩家1、2和3描述的黄色或橙黄色颜色不一致。
- 玩家4的描述中提到了果肉质地较软、容易食用，而玩家1、2和3的描述中并未提及这一点。

这些不一致之处表明玩家4的描述与其他玩家的描述在颜色和果肉质地方面存在差异，这可能与卧底词不符。|| 请通过你分析的不一致之处，推断卧底身份，注意，这局游戏的词语分类为<水果>，卧底词和平民词都属于该类。
2024-12-13 14:23:41,943 - 1 - INFO - **********PLAYER1**********
4
2024-12-13 14:23:41,944 - 1 - INFO - **********JUDGER**********
你刚刚的推断是4|| 基于你刚刚的推断得出你的最终结论，请输出你认为的卧底，在这种情况下只需要输出编号，是1-4中的某个数字，不要输出其他信息。在这个过程不要进行任何推理，只对||以前的部分进行信息提取
2024-12-13 14:23:44,402 - 1 - INFO - **********PLAYER1**********
4
