2024-12-13 14:16:48,039 - 2 - INFO - **********JUDGER**********
让我们来玩一个叫做<谁是卧底>的推理游戏。基本规则：<人数>：4人。<角色分配>：每位玩家随机抽取一个词语，3名玩家拿到的词语是相同的（平民词），1名玩家拿到与之相近但不同的词语（卧底词）。<游戏流程>：1、玩家轮流描述自己的词语，但<不能>直接说出词语本身。2、描述完毕后，投票选出最像卧底的玩家。3、每轮结束后，被投票选出的玩家出局，不能再进行描述或投票。4、每轮投票结束后，如果卧底被成功找出，平民方获胜；如果卧底未被找出且卧底人数等于或超过平民人数，则卧底方获胜。你将扮演一个<玩家>，请等待你被分配到的关键词。如果你听懂了，只回答，"好的，我准备好参加游戏了"，不要输出别的信息
2024-12-13 14:16:49,812 - 2 - INFO - **********PLAYER2**********
好的，我准备好参加游戏了
2024-12-13 14:16:56,312 - 2 - INFO - **********JUDGER**********
玩家1说：这个水果是橙色的，通常有一个独特的形状，中间有一个核。在水果类中，它可能是唯一一种在食用时不需要剥皮的水果。玩家2说：玩家3说：玩家4说：|| 你是第2号玩家，你的关键词是<菠萝>。你的回答中绝对不能包含你的关键词<菠萝>。这是第一轮描述，不需要分析||之前别的玩家的描述，请你描述关键词基本特征，注意，这局游戏的词语分类为<水果>，卧底词和平民词都属于该类，描述包括以下两点，1.他的基本特征是什么2.他在该类（水果）中最突出不同的特征是什么，尽量简短
2024-12-13 14:17:01,671 - 2 - INFO - **********PLAYER2**********
这个水果通常呈黄色或橙黄色，具有多个倒圆锥形的瓣片，中间有一个坚硬的中心。在水果类中，它特别以其独特的香味和口感而著称。
2024-12-13 14:17:50,804 - 2 - INFO - **********JUDGER**********
玩家1说：这个水果是橙色的，通常有一个独特的形状，中间有一个核。在水果类中，它可能是唯一一种在食用时不需要剥皮的水果。玩家2说：这个水果通常呈黄色或橙黄色，具有多个倒圆锥形的瓣片，中间有一个坚硬的中心。在水果类中，它特别以其独特的香味和口感而著称。玩家3说：这个水果是椭圆形的，表面光滑，颜色鲜艳，通常为黄色或橙黄色。在同类水果中，它以富含维生素和独特的热带风味而闻名。玩家4说：||在这个游戏中，我们需要通过分析每位玩家的描述来找出卧底。通常，平民的描述会围绕相同的词语展开，而卧底的描述可能会因为词语的不同而显得不太一致。我们需要仔细比较每个描述之间的相似性和差异性，以找出可能的卧底，注意，卧底并不会隐藏自己，他会直接描述他的词语，现在，逐一分析每个玩家的描述，注意，这局游戏的词语分类为<水果>，卧底词和平民词都属于该类。这是第一轮描述。
2024-12-13 14:17:59,014 - 2 - INFO - **********PLAYER2**********
好的，我注意到玩家1、玩家2和玩家3的描述都非常相似，都提到了水果的橙色、倒圆锥形的瓣片和坚硬的中心，以及其在水果类中的独特性。这些描述很可能指向了同一个词语，比如橙子。

然而，玩家4的描述与前三者有所不同，他提到了椭圆形、光滑的表面、鲜艳的颜色以及富含维生素和热带风味。这些特征与橙子不太吻合，更像是描述了另一个水果，比如香蕉。

基于这些信息，如果我是玩家2，我可能会认为玩家4的描述与我们的描述不一致，他可能是卧底。但我也需要记住，卧底不会直接说出他的关键词，所以玩家4的描述可能是他故意制造的干扰。因此，我会谨慎考虑，但在第一轮投票时，我可能会倾向于支持玩家4作为潜在的卧底。
2024-12-13 14:17:59,015 - 2 - INFO - **********JUDGER**********
你刚刚的分析是好的，我注意到玩家1、玩家2和玩家3的描述都非常相似，都提到了水果的橙色、倒圆锥形的瓣片和坚硬的中心，以及其在水果类中的独特性。这些描述很可能指向了同一个词语，比如橙子。

然而，玩家4的描述与前三者有所不同，他提到了椭圆形、光滑的表面、鲜艳的颜色以及富含维生素和热带风味。这些特征与橙子不太吻合，更像是描述了另一个水果，比如香蕉。

基于这些信息，如果我是玩家2，我可能会认为玩家4的描述与我们的描述不一致，他可能是卧底。但我也需要记住，卧底不会直接说出他的关键词，所以玩家4的描述可能是他故意制造的干扰。因此，我会谨慎考虑，但在第一轮投票时，我可能会倾向于支持玩家4作为潜在的卧底。|| `请根据上述分析，比较描述以找出不一致之处，注意，这局游戏的词语分类为<水果>，卧底词和平民词都属于该类。
2024-12-13 14:18:17,353 - 2 - INFO - **********PLAYER2**********
根据您提供的描述，我们可以进行以下分析：

1. 玩家1、玩家2和玩家3的描述都集中在水果的几个共同特征上：
   - 橙色或黄色
   - 倒圆锥形瓣片
   - 中间有一个坚硬的中心
   - 在水果类中的独特性

2. 玩家4的描述则提到了以下特征：
   - 椭圆形
   - 光滑的表面
   - 鲜艳的颜色
   - 富含维生素
   - 热带风味

从这些描述中，我们可以看出玩家4的描述与玩家1、2、3的描述存在明显的不一致。玩家1、2、3的描述更倾向于指向橙子这样的水果，而玩家4的描述则提到了椭圆形、光滑表面和热带风味，这些特征更符合香蕉。

由于游戏规则中提到所有词语都属于<水果>类别，且卧底词和平民词都属于该类，我们可以推断玩家4的描述可能是故意与大家不同的，以此来隐藏他的卧底身份。因此，不一致之处在于：

- 玩家1、2、3描述的是具有倒圆锥形瓣片的水果，而玩家4描述的是椭圆形的水果。
- 玩家1、2、3提到了水果的颜色和中心结构，而玩家4提到了水果的形状和风味。
- 玩家4的描述中提到了“富含维生素”和“热带风味”，这些特征在橙子的描述中并未提及。

基于这些不一致之处，如果我是玩家2，我会认为玩家4的描述与大家不一致，他可能是卧底。
2024-12-13 14:18:17,359 - 2 - INFO - **********JUDGER**********
你刚刚的分析是根据您提供的描述，我们可以进行以下分析：

1. 玩家1、玩家2和玩家3的描述都集中在水果的几个共同特征上：
   - 橙色或黄色
   - 倒圆锥形瓣片
   - 中间有一个坚硬的中心
   - 在水果类中的独特性

2. 玩家4的描述则提到了以下特征：
   - 椭圆形
   - 光滑的表面
   - 鲜艳的颜色
   - 富含维生素
   - 热带风味

从这些描述中，我们可以看出玩家4的描述与玩家1、2、3的描述存在明显的不一致。玩家1、2、3的描述更倾向于指向橙子这样的水果，而玩家4的描述则提到了椭圆形、光滑表面和热带风味，这些特征更符合香蕉。

由于游戏规则中提到所有词语都属于<水果>类别，且卧底词和平民词都属于该类，我们可以推断玩家4的描述可能是故意与大家不同的，以此来隐藏他的卧底身份。因此，不一致之处在于：

- 玩家1、2、3描述的是具有倒圆锥形瓣片的水果，而玩家4描述的是椭圆形的水果。
- 玩家1、2、3提到了水果的颜色和中心结构，而玩家4提到了水果的形状和风味。
- 玩家4的描述中提到了“富含维生素”和“热带风味”，这些特征在橙子的描述中并未提及。

基于这些不一致之处，如果我是玩家2，我会认为玩家4的描述与大家不一致，他可能是卧底。|| 请通过你分析的不一致之处，推断卧底身份，注意，这局游戏的词语分类为<水果>，卧底词和平民词都属于该类。
2024-12-13 14:18:29,909 - 2 - INFO - **********PLAYER2**********
根据我的分析，玩家4的描述与玩家1、2、3的描述存在以下不一致之处：

- 玩家1、2、3描述的水果具有倒圆锥形瓣片，而玩家4描述的水果是椭圆形的。
- 玩家1、2、3提到的水果中心有一个坚硬的中心，而玩家4没有提到这一点。
- 玩家4特别强调了水果的鲜艳颜色、富含维生素和热带风味，这些特征在玩家1、2、3的描述中并未提及。

考虑到这些不一致之处，并且所有词语都属于<水果>类别，以下是我的推断：

- 玩家1、2、3的描述很可能指向橙子，因为它们共同提到了橙色、倒圆锥形瓣片和坚硬的中心。
- 玩家4的描述更符合香蕉，因为香蕉是椭圆形的，表面光滑，颜色鲜艳，富含维生素，并且具有热带风味。

因此，基于描述的不一致性和水果的特征，我推断玩家4的卧底身份可能是香蕉。
2024-12-13 14:18:29,911 - 2 - INFO - **********JUDGER**********
你刚刚的推断是根据我的分析，玩家4的描述与玩家1、2、3的描述存在以下不一致之处：

- 玩家1、2、3描述的水果具有倒圆锥形瓣片，而玩家4描述的水果是椭圆形的。
- 玩家1、2、3提到的水果中心有一个坚硬的中心，而玩家4没有提到这一点。
- 玩家4特别强调了水果的鲜艳颜色、富含维生素和热带风味，这些特征在玩家1、2、3的描述中并未提及。

考虑到这些不一致之处，并且所有词语都属于<水果>类别，以下是我的推断：

- 玩家1、2、3的描述很可能指向橙子，因为它们共同提到了橙色、倒圆锥形瓣片和坚硬的中心。
- 玩家4的描述更符合香蕉，因为香蕉是椭圆形的，表面光滑，颜色鲜艳，富含维生素，并且具有热带风味。

因此，基于描述的不一致性和水果的特征，我推断玩家4的卧底身份可能是香蕉。|| 基于你刚刚的推断得出你的最终结论，请输出你认为的卧底，在这种情况下只需要输出编号，是1-4中的某个数字，不要输出其他信息。在这个过程不要进行任何推理，只对||以前的部分进行信息提取
2024-12-13 14:18:31,106 - 2 - INFO - **********PLAYER2**********
4
2024-12-13 14:20:16,618 - 2 - INFO - **********JUDGER**********
玩家1说：这个水果是橙色的，通常有一个独特的形状，中间有一个核。在水果类中，它可能是唯一一种在食用时不需要剥皮的水果。这个水果的汁液丰富，通常呈金黄色，它是一种热带水果，以其细腻的口感和浓郁的香气而受到喜爱。在同类水果中，它以其独特的甜味而闻名。玩家2说：这个水果通常呈黄色或橙黄色，具有多个倒圆锥形的瓣片，中间有一个坚硬的中心。在水果类中，它特别以其独特的香味和口感而著称。玩家3说：这个水果是椭圆形的，表面光滑，颜色鲜艳，通常为黄色或橙黄色。在同类水果中，它以富含维生素和独特的热带风味而闻名。玩家4说：这个水果通常呈红色或粉红色，形状圆润，肉质多汁。它在同类水果中以其甜美的口感和独特的香气而闻名。你是第2号玩家，你的关键词是<菠萝>。你的回答中绝对不能包含你的关键词<菠萝>。这是第二轮描述，你之前的描述是这个水果通常呈黄色或橙黄色，具有多个倒圆锥形的瓣片，中间有一个坚硬的中心。在水果类中，它特别以其独特的香味和口感而著称。，注意，这局游戏的词语分类为<水果>，卧底词和平民词都属于该类，请你补充关于关键词的描述，注意，你的描述应该比起之前的描述更加贴近关键词，作为之前的补充
2024-12-13 14:20:19,406 - 2 - INFO - **********PLAYER2**********
这个水果的果实较大，通常为长椭圆形或圆筒形，表面带有坚硬的棘刺。它的果肉黄色或淡黄色，质地松软，多汁。在水果类中，它以其独特的香味和甜美的口感而受到喜爱，而且它的汁液非常丰富。
2024-12-13 14:21:04,968 - 2 - INFO - **********JUDGER**********
玩家1说：这个水果是橙色的，通常有一个独特的形状，中间有一个核。在水果类中，它可能是唯一一种在食用时不需要剥皮的水果。这个水果的汁液丰富，通常呈金黄色，它是一种热带水果，以其细腻的口感和浓郁的香气而受到喜爱。在同类水果中，它以其独特的甜味而闻名。玩家2说：这个水果通常呈黄色或橙黄色，具有多个倒圆锥形的瓣片，中间有一个坚硬的中心。在水果类中，它特别以其独特的香味和口感而著称。这个水果的果实较大，通常为长椭圆形或圆筒形，表面带有坚硬的棘刺。它的果肉黄色或淡黄色，质地松软，多汁。在水果类中，它以其独特的香味和甜美的口感而受到喜爱，而且它的汁液非常丰富。玩家3说：这个水果是椭圆形的，表面光滑，颜色鲜艳，通常为黄色或橙黄色。在同类水果中，它以富含维生素和独特的热带风味而闻名。这个水果是椭圆形的，表面光滑，颜色鲜艳，通常为黄色或橙黄色。在同类水果中，它以其丰富的汁液和多汁的肉质而著称。它的香气浓郁，口感细腻，且含有多种维生素，是一种热带风味的水果。玩家4说：这个水果通常呈红色或粉红色，形状圆润，肉质多汁。它在同类水果中以其甜美的口感和独特的香气而闻名。||在这个游戏中，我们需要通过分析每位玩家的描述来找出卧底。通常，平民的描述会围绕相同的词语展开，而卧底的描述可能会因为词语的不同而显得不太一致。我们需要仔细比较每个描述之间的相似性和差异性，以找出可能的卧底，注意，卧底并不会隐藏自己，他会直接描述他的词语，现在，逐一分析每个玩家的描述，注意，这局游戏的词语分类为<水果>，卧底词和平民词都属于该类。||之前是第2轮描述和之前轮数描述的合集。你之前认为的卧底是玩家4。
2024-12-13 14:21:05,816 - 2 - INFO - **********PLAYER2**********
4
2024-12-13 14:21:05,817 - 2 - INFO - **********JUDGER**********
你刚刚的分析是4|| `请根据上述分析，比较描述以找出不一致之处，注意，这局游戏的词语分类为<水果>，卧底词和平民词都属于该类。
2024-12-13 14:21:28,256 - 2 - INFO - **********PLAYER2**********
在比较四位玩家的描述后，以下是不一致之处：

- 玩家1描述的水果是橙色的，不需要剥皮，汁液丰富，呈金黄色，且具有细腻的口感和浓郁的香气。
- 玩家2的描述与玩家1相似，提到了黄色或橙黄色，倒圆锥形瓣片，坚硬的中心，大果实，长椭圆形或圆筒形，表面带棘刺，黄色或淡黄色果肉，松软质地，多汁，独特的香味和甜美的口感。
- 玩家3的描述与玩家2相似，强调了椭圆形表面，光滑，颜色鲜艳，黄色或橙黄色，富含维生素，热带风味，丰富的汁液，多汁的肉质，浓郁的香气，细腻的口感，多种维生素，热带风味。
- 玩家4描述的水果是红色或粉红色，形状圆润，肉质多汁，甜美的口感，独特的香气。

不一致之处在于：

- 玩家1、2、3的描述都提到了黄色或橙黄色的水果，而玩家4的描述提到了红色或粉红色的水果。
- 玩家1、2、3的描述中水果的形状被描述为长椭圆形或圆筒形，而玩家4描述的是圆润的形状。
- 玩家1、2、3的描述中提到了坚硬的中心，而玩家4没有提到这一点。
- 玩家1、2、3的描述中强调了热带风味，而玩家4的描述没有提到这一点。

这些不一致之处表明玩家4的描述与玩家1、2、3的描述在颜色、形状、中心结构和风味描述上有所不同，这可能表明玩家4是卧底。
2024-12-13 14:21:28,263 - 2 - INFO - **********JUDGER**********
你刚刚的分析是在比较四位玩家的描述后，以下是不一致之处：

- 玩家1描述的水果是橙色的，不需要剥皮，汁液丰富，呈金黄色，且具有细腻的口感和浓郁的香气。
- 玩家2的描述与玩家1相似，提到了黄色或橙黄色，倒圆锥形瓣片，坚硬的中心，大果实，长椭圆形或圆筒形，表面带棘刺，黄色或淡黄色果肉，松软质地，多汁，独特的香味和甜美的口感。
- 玩家3的描述与玩家2相似，强调了椭圆形表面，光滑，颜色鲜艳，黄色或橙黄色，富含维生素，热带风味，丰富的汁液，多汁的肉质，浓郁的香气，细腻的口感，多种维生素，热带风味。
- 玩家4描述的水果是红色或粉红色，形状圆润，肉质多汁，甜美的口感，独特的香气。

不一致之处在于：

- 玩家1、2、3的描述都提到了黄色或橙黄色的水果，而玩家4的描述提到了红色或粉红色的水果。
- 玩家1、2、3的描述中水果的形状被描述为长椭圆形或圆筒形，而玩家4描述的是圆润的形状。
- 玩家1、2、3的描述中提到了坚硬的中心，而玩家4没有提到这一点。
- 玩家1、2、3的描述中强调了热带风味，而玩家4的描述没有提到这一点。

这些不一致之处表明玩家4的描述与玩家1、2、3的描述在颜色、形状、中心结构和风味描述上有所不同，这可能表明玩家4是卧底。|| 请通过你分析的不一致之处，推断卧底身份，注意，这局游戏的词语分类为<水果>，卧底词和平民词都属于该类。
2024-12-13 14:21:29,174 - 2 - INFO - **********PLAYER2**********
4
2024-12-13 14:21:29,175 - 2 - INFO - **********JUDGER**********
你刚刚的推断是4|| 基于你刚刚的推断得出你的最终结论，请输出你认为的卧底，在这种情况下只需要输出编号，是1-4中的某个数字，不要输出其他信息。在这个过程不要进行任何推理，只对||以前的部分进行信息提取
2024-12-13 14:21:30,197 - 2 - INFO - **********PLAYER2**********
4
2024-12-13 14:23:07,721 - 2 - INFO - **********JUDGER**********
玩家1说：这个水果是橙色的，通常有一个独特的形状，中间有一个核。在水果类中，它可能是唯一一种在食用时不需要剥皮的水果。这个水果的汁液丰富，通常呈金黄色，它是一种热带水果，以其细腻的口感和浓郁的香气而受到喜爱。在同类水果中，它以其独特的甜味而闻名。这个水果的皮薄易剥，果肉厚实，质地细腻，颜色金黄，富含营养，是热带地区常见的水果之一。它的风味独特，甜而不腻，深受人们喜爱。玩家2说：这个水果通常呈黄色或橙黄色，具有多个倒圆锥形的瓣片，中间有一个坚硬的中心。在水果类中，它特别以其独特的香味和口感而著称。这个水果的果实较大，通常为长椭圆形或圆筒形，表面带有坚硬的棘刺。它的果肉黄色或淡黄色，质地松软，多汁。在水果类中，它以其独特的香味和甜美的口感而受到喜爱，而且它的汁液非常丰富。玩家3说：这个水果是椭圆形的，表面光滑，颜色鲜艳，通常为黄色或橙黄色。在同类水果中，它以富含维生素和独特的热带风味而闻名。这个水果是椭圆形的，表面光滑，颜色鲜艳，通常为黄色或橙黄色。在同类水果中，它以其丰富的汁液和多汁的肉质而著称。它的香气浓郁，口感细腻，且含有多种维生素，是一种热带风味的水果。玩家4说：这个水果通常呈红色或粉红色，形状圆润，肉质多汁。它在同类水果中以其甜美的口感和独特的香气而闻名。玩家4说：这个水果通常呈黄色或橙黄色，形状圆润，果肉多汁，是热带水果中常见的一种。它在同类水果中以其独特的甜味和香味而受到喜爱，但与其他水果相比，它可能更加甜腻，且果肉质地较软，容易食用。你是第2号玩家，你的关键词是<菠萝>。你的回答中绝对不能包含你的关键词<菠萝>。这是第三轮描述，你之前的描述是这个水果通常呈黄色或橙黄色，具有多个倒圆锥形的瓣片，中间有一个坚硬的中心。在水果类中，它特别以其独特的香味和口感而著称。和这个水果的果实较大，通常为长椭圆形或圆筒形，表面带有坚硬的棘刺。它的果肉黄色或淡黄色，质地松软，多汁。在水果类中，它以其独特的香味和甜美的口感而受到喜爱，而且它的汁液非常丰富。，注意，这局游戏的词语分类为<水果>，卧底词和平民词都属于该类，请你补充关于关键词的描述，注意，你的描述应该比起之前的描述更加贴近关键词，作为之前的补充
2024-12-13 14:23:12,518 - 2 - INFO - **********PLAYER2**********
这个水果的形状通常较为饱满，具有明显的叶片状外皮，叶片之间紧密排列。它的果实大小不一，但普遍较大，果肉质地坚实，富含纤维，口感清新。在同类水果中，它以其独特的甜味和香味而受到喜爱，且它的汁液丰富，适合鲜食或加工。
2024-12-13 14:23:44,404 - 2 - INFO - **********JUDGER**********
玩家1说：这个水果是橙色的，通常有一个独特的形状，中间有一个核。在水果类中，它可能是唯一一种在食用时不需要剥皮的水果。这个水果的汁液丰富，通常呈金黄色，它是一种热带水果，以其细腻的口感和浓郁的香气而受到喜爱。在同类水果中，它以其独特的甜味而闻名。这个水果的皮薄易剥，果肉厚实，质地细腻，颜色金黄，富含营养，是热带地区常见的水果之一。它的风味独特，甜而不腻，深受人们喜爱。玩家2说：这个水果通常呈黄色或橙黄色，具有多个倒圆锥形的瓣片，中间有一个坚硬的中心。在水果类中，它特别以其独特的香味和口感而著称。这个水果的果实较大，通常为长椭圆形或圆筒形，表面带有坚硬的棘刺。它的果肉黄色或淡黄色，质地松软，多汁。在水果类中，它以其独特的香味和甜美的口感而受到喜爱，而且它的汁液非常丰富。这个水果的形状通常较为饱满，具有明显的叶片状外皮，叶片之间紧密排列。它的果实大小不一，但普遍较大，果肉质地坚实，富含纤维，口感清新。在同类水果中，它以其独特的甜味和香味而受到喜爱，且它的汁液丰富，适合鲜食或加工。玩家3说：这个水果是椭圆形的，表面光滑，颜色鲜艳，通常为黄色或橙黄色。在同类水果中，它以富含维生素和独特的热带风味而闻名。这个水果是椭圆形的，表面光滑，颜色鲜艳，通常为黄色或橙黄色。在同类水果中，它以其丰富的汁液和多汁的肉质而著称。它的香气浓郁，口感细腻，且含有多种维生素，是一种热带风味的水果。这个水果是椭圆形的，表面光滑，颜色鲜艳，通常为黄色或橙黄色。它的肉质柔软，口感丰富，含有丰富的维生素和矿物质，具有独特的热带风味，是热带地区广受欢迎的水果之一。玩家4说：这个水果通常呈红色或粉红色，形状圆润，肉质多汁。它在同类水果中以其甜美的口感和独特的香气而闻名。玩家4说：这个水果通常呈黄色或橙黄色，形状圆润，果肉多汁，是热带水果中常见的一种。它在同类水果中以其独特的甜味和香味而受到喜爱，但与其他水果相比，它可能更加甜腻，且果肉质地较软，容易食用。这个水果的核小，果肉细腻，通常呈金黄色，富含多种维生素，具有浓郁的香气和独特的甜味。它的质地柔软，容易切片，是热带地区广受欢迎的水果之一。||在这个游戏中，我们需要通过分析每位玩家的描述来找出卧底。通常，平民的描述会围绕相同的词语展开，而卧底的描述可能会因为词语的不同而显得不太一致。我们需要仔细比较每个描述之间的相似性和差异性，以找出可能的卧底，注意，卧底并不会隐藏自己，他会直接描述他的词语，现在，逐一分析每个玩家的描述，注意，这局游戏的词语分类为<水果>，卧底词和平民词都属于该类。||之前是第3轮描述和之前轮数描述的合集。你之前认为的卧底是玩家4。
2024-12-13 14:23:45,684 - 2 - INFO - **********PLAYER2**********
4
2024-12-13 14:23:45,685 - 2 - INFO - **********JUDGER**********
你刚刚的分析是4|| `请根据上述分析，比较描述以找出不一致之处，注意，这局游戏的词语分类为<水果>，卧底词和平民词都属于该类。
2024-12-13 14:23:57,856 - 2 - INFO - **********PLAYER2**********
在比较四位玩家的描述后，以下是不一致之处：

- 玩家1和玩家2的描述都提到了黄色或橙黄色的水果，具有倒圆锥形瓣片和坚硬的中心，以及丰富的汁液和独特的甜味。
- 玩家3的描述与玩家1和玩家2相似，但强调了水果的椭圆形表面、鲜艳的颜色、富含维生素和热带风味。
- 玩家4的描述与玩家1和玩家2有所不同，提到了红色或粉红色的水果，形状圆润，肉质多汁，甜美的口感和独特的香气。

不一致之处在于：

- 玩家4的描述中提到了红色或粉红色的水果，而玩家1和玩家2的描述中提到的是黄色或橙黄色的水果。
- 玩家4的描述中强调了甜美的口感和独特的香气，而玩家1和玩家2的描述中虽然也提到了甜味，但没有特别强调香气。
- 玩家3的描述中提到了富含维生素和热带风味，这与玩家1和玩家2的描述有所不同。

基于这些不一致之处，如果我是玩家2，我会认为玩家4的描述与玩家1和玩家2的描述存在差异，他可能是卧底。因此，我的推断是玩家4是卧底。
2024-12-13 14:23:57,857 - 2 - INFO - **********JUDGER**********
你刚刚的分析是在比较四位玩家的描述后，以下是不一致之处：

- 玩家1和玩家2的描述都提到了黄色或橙黄色的水果，具有倒圆锥形瓣片和坚硬的中心，以及丰富的汁液和独特的甜味。
- 玩家3的描述与玩家1和玩家2相似，但强调了水果的椭圆形表面、鲜艳的颜色、富含维生素和热带风味。
- 玩家4的描述与玩家1和玩家2有所不同，提到了红色或粉红色的水果，形状圆润，肉质多汁，甜美的口感和独特的香气。

不一致之处在于：

- 玩家4的描述中提到了红色或粉红色的水果，而玩家1和玩家2的描述中提到的是黄色或橙黄色的水果。
- 玩家4的描述中强调了甜美的口感和独特的香气，而玩家1和玩家2的描述中虽然也提到了甜味，但没有特别强调香气。
- 玩家3的描述中提到了富含维生素和热带风味，这与玩家1和玩家2的描述有所不同。

基于这些不一致之处，如果我是玩家2，我会认为玩家4的描述与玩家1和玩家2的描述存在差异，他可能是卧底。因此，我的推断是玩家4是卧底。|| 请通过你分析的不一致之处，推断卧底身份，注意，这局游戏的词语分类为<水果>，卧底词和平民词都属于该类。
2024-12-13 14:23:58,990 - 2 - INFO - **********PLAYER2**********
4
2024-12-13 14:23:58,990 - 2 - INFO - **********JUDGER**********
你刚刚的推断是4|| 基于你刚刚的推断得出你的最终结论，请输出你认为的卧底，在这种情况下只需要输出编号，是1-4中的某个数字，不要输出其他信息。在这个过程不要进行任何推理，只对||以前的部分进行信息提取
2024-12-13 14:24:01,459 - 2 - INFO - **********PLAYER2**********
4
