2024-12-13 14:16:50,718 - 3 - INFO - **********JUDGER**********
让我们来玩一个叫做<谁是卧底>的推理游戏。基本规则：<人数>：4人。<角色分配>：每位玩家随机抽取一个词语，3名玩家拿到的词语是相同的（平民词），1名玩家拿到与之相近但不同的词语（卧底词）。<游戏流程>：1、玩家轮流描述自己的词语，但<不能>直接说出词语本身。2、描述完毕后，投票选出最像卧底的玩家。3、每轮结束后，被投票选出的玩家出局，不能再进行描述或投票。4、每轮投票结束后，如果卧底被成功找出，平民方获胜；如果卧底未被找出且卧底人数等于或超过平民人数，则卧底方获胜。你将扮演一个<玩家>，请等待你被分配到的关键词。如果你听懂了，只回答，"好的，我准备好参加游戏了"，不要输出别的信息
2024-12-13 14:16:51,494 - 3 - INFO - **********PLAYER3**********
好的，我准备好参加游戏了
2024-12-13 14:17:01,671 - 3 - INFO - **********JUDGER**********
玩家1说：这个水果是橙色的，通常有一个独特的形状，中间有一个核。在水果类中，它可能是唯一一种在食用时不需要剥皮的水果。玩家2说：这个水果通常呈黄色或橙黄色，具有多个倒圆锥形的瓣片，中间有一个坚硬的中心。在水果类中，它特别以其独特的香味和口感而著称。玩家3说：玩家4说：|| 你是第3号玩家，你的关键词是<芒果>。你的回答中绝对不能包含你的关键词<芒果>。这是第一轮描述，不需要分析||之前别的玩家的描述，请你描述关键词基本特征，注意，这局游戏的词语分类为<水果>，卧底词和平民词都属于该类，描述包括以下两点，1.他的基本特征是什么2.他在该类（水果）中最突出不同的特征是什么，尽量简短
2024-12-13 14:17:05,648 - 3 - INFO - **********PLAYER3**********
这个水果是椭圆形的，表面光滑，颜色鲜艳，通常为黄色或橙黄色。在同类水果中，它以富含维生素和独特的热带风味而闻名。
2024-12-13 14:18:31,106 - 3 - INFO - **********JUDGER**********
玩家1说：这个水果是橙色的，通常有一个独特的形状，中间有一个核。在水果类中，它可能是唯一一种在食用时不需要剥皮的水果。玩家2说：这个水果通常呈黄色或橙黄色，具有多个倒圆锥形的瓣片，中间有一个坚硬的中心。在水果类中，它特别以其独特的香味和口感而著称。玩家3说：这个水果是椭圆形的，表面光滑，颜色鲜艳，通常为黄色或橙黄色。在同类水果中，它以富含维生素和独特的热带风味而闻名。玩家4说：||在这个游戏中，我们需要通过分析每位玩家的描述来找出卧底。通常，平民的描述会围绕相同的词语展开，而卧底的描述可能会因为词语的不同而显得不太一致。我们需要仔细比较每个描述之间的相似性和差异性，以找出可能的卧底，注意，卧底并不会隐藏自己，他会直接描述他的词语，现在，逐一分析每个玩家的描述，注意，这局游戏的词语分类为<水果>，卧底词和平民词都属于该类。这是第一轮描述。
2024-12-13 14:18:50,854 - 3 - INFO - **********PLAYER3**********
好的，根据玩家们的描述，我们可以进行以下分析：

玩家1的描述提到水果是橙色的，有一个独特的形状和中间的核，以及可能是唯一一种不需要剥皮的水果，这听起来像是橙子。

玩家2的描述提到水果呈黄色或橙黄色，有多个倒圆锥形的瓣片，中间有一个坚硬的中心，并以其独特的香味和口感著称，这听起来像是柑橘类水果，比如柚子或橙子。

玩家3的描述与玩家1和玩家2的描述相似，也提到水果是椭圆形的，表面光滑，颜色鲜艳，通常为黄色或橙黄色，并富含维生素和热带风味，这也指向橙子或柑橘类水果。

玩家4的描述似乎是在解释游戏规则和如何分析描述，而不是在描述一个水果。

根据这些描述，玩家1、玩家2和玩家3的描述都指向了橙子或柑橘类水果，而玩家4没有提供具体的描述。如果我们的关键词是橙子，那么玩家1、玩家2和玩家3的描述都是一致的。但如果我们的关键词是其他柑橘类水果，如柚子，那么玩家4的描述可能是卧底，因为他的描述没有与其他玩家的一致性。

因此，如果关键词是橙子，那么可能是玩家4是卧底。如果关键词是其他柑橘类水果，那么可能是玩家1、玩家2或玩家3中有一个是卧底。我们需要更多的信息来确定卧底是谁。
2024-12-13 14:18:50,856 - 3 - INFO - **********JUDGER**********
你刚刚的分析是好的，根据玩家们的描述，我们可以进行以下分析：

玩家1的描述提到水果是橙色的，有一个独特的形状和中间的核，以及可能是唯一一种不需要剥皮的水果，这听起来像是橙子。

玩家2的描述提到水果呈黄色或橙黄色，有多个倒圆锥形的瓣片，中间有一个坚硬的中心，并以其独特的香味和口感著称，这听起来像是柑橘类水果，比如柚子或橙子。

玩家3的描述与玩家1和玩家2的描述相似，也提到水果是椭圆形的，表面光滑，颜色鲜艳，通常为黄色或橙黄色，并富含维生素和热带风味，这也指向橙子或柑橘类水果。

玩家4的描述似乎是在解释游戏规则和如何分析描述，而不是在描述一个水果。

根据这些描述，玩家1、玩家2和玩家3的描述都指向了橙子或柑橘类水果，而玩家4没有提供具体的描述。如果我们的关键词是橙子，那么玩家1、玩家2和玩家3的描述都是一致的。但如果我们的关键词是其他柑橘类水果，如柚子，那么玩家4的描述可能是卧底，因为他的描述没有与其他玩家的一致性。

因此，如果关键词是橙子，那么可能是玩家4是卧底。如果关键词是其他柑橘类水果，那么可能是玩家1、玩家2或玩家3中有一个是卧底。我们需要更多的信息来确定卧底是谁。|| `请根据上述分析，比较描述以找出不一致之处，注意，这局游戏的词语分类为<水果>，卧底词和平民词都属于该类。
2024-12-13 14:19:01,811 - 3 - INFO - **********PLAYER3**********
根据上述分析，我们可以比较玩家的描述来寻找不一致之处：

1. 玩家1、玩家2和玩家3的描述都集中在橙子或柑橘类水果上，强调了它们的颜色（黄色或橙黄色）、形状（椭圆形）、味道（独特的香味和口感）以及维生素含量。

2. 玩家4的描述则更多地关注了游戏规则和描述分析的方法，而不是具体描述一个水果的特征。

不一致之处在于：
- 玩家4的描述与玩家1、玩家2和玩家3的描述在内容上不相关，因为它没有提供关于水果的具体信息。
- 如果玩家4的词语是柑橘类水果，那么他的描述应该与玩家1、玩家2和玩家3的描述相匹配，但他的描述并没有体现出这一点。

因此，根据描述的一致性，玩家4的描述与其他玩家不一致，这表明他可能是卧底。然而，如果玩家4的词语也是柑橘类水果，那么可能需要更多的信息或者下一轮的描述来进一步确定谁是卧底。
2024-12-13 14:19:01,813 - 3 - INFO - **********JUDGER**********
你刚刚的分析是根据上述分析，我们可以比较玩家的描述来寻找不一致之处：

1. 玩家1、玩家2和玩家3的描述都集中在橙子或柑橘类水果上，强调了它们的颜色（黄色或橙黄色）、形状（椭圆形）、味道（独特的香味和口感）以及维生素含量。

2. 玩家4的描述则更多地关注了游戏规则和描述分析的方法，而不是具体描述一个水果的特征。

不一致之处在于：
- 玩家4的描述与玩家1、玩家2和玩家3的描述在内容上不相关，因为它没有提供关于水果的具体信息。
- 如果玩家4的词语是柑橘类水果，那么他的描述应该与玩家1、玩家2和玩家3的描述相匹配，但他的描述并没有体现出这一点。

因此，根据描述的一致性，玩家4的描述与其他玩家不一致，这表明他可能是卧底。然而，如果玩家4的词语也是柑橘类水果，那么可能需要更多的信息或者下一轮的描述来进一步确定谁是卧底。|| 请通过你分析的不一致之处，推断卧底身份，注意，这局游戏的词语分类为<水果>，卧底词和平民词都属于该类。
2024-12-13 14:19:09,705 - 3 - INFO - **********PLAYER3**********
根据分析中提到的不一致之处，我们可以推断以下情况：

1. 玩家1、玩家2和玩家3的描述都指向了橙子或柑橘类水果，这些描述具有相似的特征，如颜色、形状、味道和营养价值。

2. 玩家4的描述没有提到任何与橙子或柑橘类水果相关的特征，而是提供了关于游戏规则和描述分析的方法。

由于卧底的关键词应该属于水果类，且与其他平民的词语不同，玩家4的描述与玩家1、玩家2和玩家3的描述不一致，这强烈暗示玩家4可能是卧底。

因此，基于上述分析，玩家4很可能是卧底。
2024-12-13 14:19:09,706 - 3 - INFO - **********JUDGER**********
你刚刚的推断是根据分析中提到的不一致之处，我们可以推断以下情况：

1. 玩家1、玩家2和玩家3的描述都指向了橙子或柑橘类水果，这些描述具有相似的特征，如颜色、形状、味道和营养价值。

2. 玩家4的描述没有提到任何与橙子或柑橘类水果相关的特征，而是提供了关于游戏规则和描述分析的方法。

由于卧底的关键词应该属于水果类，且与其他平民的词语不同，玩家4的描述与玩家1、玩家2和玩家3的描述不一致，这强烈暗示玩家4可能是卧底。

因此，基于上述分析，玩家4很可能是卧底。|| 基于你刚刚的推断得出你的最终结论，请输出你认为的卧底，在这种情况下只需要输出编号，是1-4中的某个数字，不要输出其他信息。在这个过程不要进行任何推理，只对||以前的部分进行信息提取
2024-12-13 14:19:10,591 - 3 - INFO - **********PLAYER3**********
4
2024-12-13 14:20:19,407 - 3 - INFO - **********JUDGER**********
玩家1说：这个水果是橙色的，通常有一个独特的形状，中间有一个核。在水果类中，它可能是唯一一种在食用时不需要剥皮的水果。这个水果的汁液丰富，通常呈金黄色，它是一种热带水果，以其细腻的口感和浓郁的香气而受到喜爱。在同类水果中，它以其独特的甜味而闻名。玩家2说：这个水果通常呈黄色或橙黄色，具有多个倒圆锥形的瓣片，中间有一个坚硬的中心。在水果类中，它特别以其独特的香味和口感而著称。这个水果的果实较大，通常为长椭圆形或圆筒形，表面带有坚硬的棘刺。它的果肉黄色或淡黄色，质地松软，多汁。在水果类中，它以其独特的香味和甜美的口感而受到喜爱，而且它的汁液非常丰富。玩家3说：这个水果是椭圆形的，表面光滑，颜色鲜艳，通常为黄色或橙黄色。在同类水果中，它以富含维生素和独特的热带风味而闻名。玩家4说：这个水果通常呈红色或粉红色，形状圆润，肉质多汁。它在同类水果中以其甜美的口感和独特的香气而闻名。你是第3号玩家，你的关键词是<芒果>。你的回答中绝对不能包含你的关键词<芒果>。这是第二轮描述，你之前的描述是这个水果是椭圆形的，表面光滑，颜色鲜艳，通常为黄色或橙黄色。在同类水果中，它以富含维生素和独特的热带风味而闻名。，注意，这局游戏的词语分类为<水果>，卧底词和平民词都属于该类，请你补充关于关键词的描述，注意，你的描述应该比起之前的描述更加贴近关键词，作为之前的补充
2024-12-13 14:20:24,258 - 3 - INFO - **********PLAYER3**********
这个水果是椭圆形的，表面光滑，颜色鲜艳，通常为黄色或橙黄色。在同类水果中，它以其丰富的汁液和多汁的肉质而著称。它的香气浓郁，口感细腻，且含有多种维生素，是一种热带风味的水果。
2024-12-13 14:21:30,199 - 3 - INFO - **********JUDGER**********
玩家1说：这个水果是橙色的，通常有一个独特的形状，中间有一个核。在水果类中，它可能是唯一一种在食用时不需要剥皮的水果。这个水果的汁液丰富，通常呈金黄色，它是一种热带水果，以其细腻的口感和浓郁的香气而受到喜爱。在同类水果中，它以其独特的甜味而闻名。玩家2说：这个水果通常呈黄色或橙黄色，具有多个倒圆锥形的瓣片，中间有一个坚硬的中心。在水果类中，它特别以其独特的香味和口感而著称。这个水果的果实较大，通常为长椭圆形或圆筒形，表面带有坚硬的棘刺。它的果肉黄色或淡黄色，质地松软，多汁。在水果类中，它以其独特的香味和甜美的口感而受到喜爱，而且它的汁液非常丰富。玩家3说：这个水果是椭圆形的，表面光滑，颜色鲜艳，通常为黄色或橙黄色。在同类水果中，它以富含维生素和独特的热带风味而闻名。这个水果是椭圆形的，表面光滑，颜色鲜艳，通常为黄色或橙黄色。在同类水果中，它以其丰富的汁液和多汁的肉质而著称。它的香气浓郁，口感细腻，且含有多种维生素，是一种热带风味的水果。玩家4说：这个水果通常呈红色或粉红色，形状圆润，肉质多汁。它在同类水果中以其甜美的口感和独特的香气而闻名。||在这个游戏中，我们需要通过分析每位玩家的描述来找出卧底。通常，平民的描述会围绕相同的词语展开，而卧底的描述可能会因为词语的不同而显得不太一致。我们需要仔细比较每个描述之间的相似性和差异性，以找出可能的卧底，注意，卧底并不会隐藏自己，他会直接描述他的词语，现在，逐一分析每个玩家的描述，注意，这局游戏的词语分类为<水果>，卧底词和平民词都属于该类。||之前是第2轮描述和之前轮数描述的合集。你之前认为的卧底是玩家4。
2024-12-13 14:21:30,818 - 3 - INFO - **********PLAYER3**********
4
2024-12-13 14:21:30,821 - 3 - INFO - **********JUDGER**********
你刚刚的分析是4|| `请根据上述分析，比较描述以找出不一致之处，注意，这局游戏的词语分类为<水果>，卧底词和平民词都属于该类。
2024-12-13 14:22:07,937 - 3 - INFO - **********PLAYER3**********
根据上述分析，我们可以比较描述以找出不一致之处：

1. 玩家1描述的水果是橙色的，有独特的形状和中间的核，不需要剥皮，汁液丰富，金黄色，热带水果，细腻口感，浓郁香气，独特甜味。

2. 玩家2描述的水果呈黄色或橙黄色，有多个倒圆锥形瓣片，坚硬中心，长椭圆形或圆筒形，表面有坚硬棘刺，果肉黄色或淡黄色，质地松软，多汁，独特香味和甜美的口感，汁液丰富。

3. 玩家3描述的水果是椭圆形的，表面光滑，颜色鲜艳，黄色或橙黄色，富含维生素，独特热带风味，丰富汁液，多汁肉质，浓郁香气，细腻口感，多种维生素。

4. 玩家4描述的水果呈红色或粉红色，形状圆润，肉质多汁，甜美的口感，独特的香气。

不一致之处在于：

- 玩家1、玩家2和玩家3的描述都集中在黄色或橙黄色的水果上，而玩家4描述的水果是红色或粉红色的。
- 玩家1、玩家2和玩家3的描述中提到了果实的形状（如独特的形状、倒圆锥形瓣片、椭圆形），而玩家4的描述没有提到形状。
- 玩家1、玩家2和玩家3的描述中都提到了汁液丰富、多汁肉质、浓郁香气和细腻口感，而玩家4的描述虽然也提到了甜美的口感和独特的香气，但没有提到汁液丰富和多汁肉质。

基于这些不一致之处，玩家4的描述与其他玩家描述的水果特征不符，这表明玩家4可能是卧底。
2024-12-13 14:22:07,938 - 3 - INFO - **********JUDGER**********
你刚刚的分析是根据上述分析，我们可以比较描述以找出不一致之处：

1. 玩家1描述的水果是橙色的，有独特的形状和中间的核，不需要剥皮，汁液丰富，金黄色，热带水果，细腻口感，浓郁香气，独特甜味。

2. 玩家2描述的水果呈黄色或橙黄色，有多个倒圆锥形瓣片，坚硬中心，长椭圆形或圆筒形，表面有坚硬棘刺，果肉黄色或淡黄色，质地松软，多汁，独特香味和甜美的口感，汁液丰富。

3. 玩家3描述的水果是椭圆形的，表面光滑，颜色鲜艳，黄色或橙黄色，富含维生素，独特热带风味，丰富汁液，多汁肉质，浓郁香气，细腻口感，多种维生素。

4. 玩家4描述的水果呈红色或粉红色，形状圆润，肉质多汁，甜美的口感，独特的香气。

不一致之处在于：

- 玩家1、玩家2和玩家3的描述都集中在黄色或橙黄色的水果上，而玩家4描述的水果是红色或粉红色的。
- 玩家1、玩家2和玩家3的描述中提到了果实的形状（如独特的形状、倒圆锥形瓣片、椭圆形），而玩家4的描述没有提到形状。
- 玩家1、玩家2和玩家3的描述中都提到了汁液丰富、多汁肉质、浓郁香气和细腻口感，而玩家4的描述虽然也提到了甜美的口感和独特的香气，但没有提到汁液丰富和多汁肉质。

基于这些不一致之处，玩家4的描述与其他玩家描述的水果特征不符，这表明玩家4可能是卧底。|| 请通过你分析的不一致之处，推断卧底身份，注意，这局游戏的词语分类为<水果>，卧底词和平民词都属于该类。
2024-12-13 14:22:08,909 - 3 - INFO - **********PLAYER3**********
4
2024-12-13 14:22:08,911 - 3 - INFO - **********JUDGER**********
你刚刚的推断是4|| 基于你刚刚的推断得出你的最终结论，请输出你认为的卧底，在这种情况下只需要输出编号，是1-4中的某个数字，不要输出其他信息。在这个过程不要进行任何推理，只对||以前的部分进行信息提取
2024-12-13 14:22:10,125 - 3 - INFO - **********PLAYER3**********
4
2024-12-13 14:23:12,532 - 3 - INFO - **********JUDGER**********
玩家1说：这个水果是橙色的，通常有一个独特的形状，中间有一个核。在水果类中，它可能是唯一一种在食用时不需要剥皮的水果。这个水果的汁液丰富，通常呈金黄色，它是一种热带水果，以其细腻的口感和浓郁的香气而受到喜爱。在同类水果中，它以其独特的甜味而闻名。这个水果的皮薄易剥，果肉厚实，质地细腻，颜色金黄，富含营养，是热带地区常见的水果之一。它的风味独特，甜而不腻，深受人们喜爱。玩家2说：这个水果通常呈黄色或橙黄色，具有多个倒圆锥形的瓣片，中间有一个坚硬的中心。在水果类中，它特别以其独特的香味和口感而著称。这个水果的果实较大，通常为长椭圆形或圆筒形，表面带有坚硬的棘刺。它的果肉黄色或淡黄色，质地松软，多汁。在水果类中，它以其独特的香味和甜美的口感而受到喜爱，而且它的汁液非常丰富。这个水果的形状通常较为饱满，具有明显的叶片状外皮，叶片之间紧密排列。它的果实大小不一，但普遍较大，果肉质地坚实，富含纤维，口感清新。在同类水果中，它以其独特的甜味和香味而受到喜爱，且它的汁液丰富，适合鲜食或加工。玩家3说：这个水果是椭圆形的，表面光滑，颜色鲜艳，通常为黄色或橙黄色。在同类水果中，它以富含维生素和独特的热带风味而闻名。这个水果是椭圆形的，表面光滑，颜色鲜艳，通常为黄色或橙黄色。在同类水果中，它以其丰富的汁液和多汁的肉质而著称。它的香气浓郁，口感细腻，且含有多种维生素，是一种热带风味的水果。玩家4说：这个水果通常呈红色或粉红色，形状圆润，肉质多汁。它在同类水果中以其甜美的口感和独特的香气而闻名。玩家4说：这个水果通常呈黄色或橙黄色，形状圆润，果肉多汁，是热带水果中常见的一种。它在同类水果中以其独特的甜味和香味而受到喜爱，但与其他水果相比，它可能更加甜腻，且果肉质地较软，容易食用。你是第3号玩家，你的关键词是<芒果>。你的回答中绝对不能包含你的关键词<芒果>。这是第三轮描述，你之前的描述是这个水果是椭圆形的，表面光滑，颜色鲜艳，通常为黄色或橙黄色。在同类水果中，它以富含维生素和独特的热带风味而闻名。和这个水果是椭圆形的，表面光滑，颜色鲜艳，通常为黄色或橙黄色。在同类水果中，它以其丰富的汁液和多汁的肉质而著称。它的香气浓郁，口感细腻，且含有多种维生素，是一种热带风味的水果。，注意，这局游戏的词语分类为<水果>，卧底词和平民词都属于该类，请你补充关于关键词的描述，注意，你的描述应该比起之前的描述更加贴近关键词，作为之前的补充
2024-12-13 14:23:16,600 - 3 - INFO - **********PLAYER3**********
这个水果是椭圆形的，表面光滑，颜色鲜艳，通常为黄色或橙黄色。它的肉质柔软，口感丰富，含有丰富的维生素和矿物质，具有独特的热带风味，是热带地区广受欢迎的水果之一。
2024-12-13 14:24:01,460 - 3 - INFO - **********JUDGER**********
玩家1说：这个水果是橙色的，通常有一个独特的形状，中间有一个核。在水果类中，它可能是唯一一种在食用时不需要剥皮的水果。这个水果的汁液丰富，通常呈金黄色，它是一种热带水果，以其细腻的口感和浓郁的香气而受到喜爱。在同类水果中，它以其独特的甜味而闻名。这个水果的皮薄易剥，果肉厚实，质地细腻，颜色金黄，富含营养，是热带地区常见的水果之一。它的风味独特，甜而不腻，深受人们喜爱。玩家2说：这个水果通常呈黄色或橙黄色，具有多个倒圆锥形的瓣片，中间有一个坚硬的中心。在水果类中，它特别以其独特的香味和口感而著称。这个水果的果实较大，通常为长椭圆形或圆筒形，表面带有坚硬的棘刺。它的果肉黄色或淡黄色，质地松软，多汁。在水果类中，它以其独特的香味和甜美的口感而受到喜爱，而且它的汁液非常丰富。这个水果的形状通常较为饱满，具有明显的叶片状外皮，叶片之间紧密排列。它的果实大小不一，但普遍较大，果肉质地坚实，富含纤维，口感清新。在同类水果中，它以其独特的甜味和香味而受到喜爱，且它的汁液丰富，适合鲜食或加工。玩家3说：这个水果是椭圆形的，表面光滑，颜色鲜艳，通常为黄色或橙黄色。在同类水果中，它以富含维生素和独特的热带风味而闻名。这个水果是椭圆形的，表面光滑，颜色鲜艳，通常为黄色或橙黄色。在同类水果中，它以其丰富的汁液和多汁的肉质而著称。它的香气浓郁，口感细腻，且含有多种维生素，是一种热带风味的水果。这个水果是椭圆形的，表面光滑，颜色鲜艳，通常为黄色或橙黄色。它的肉质柔软，口感丰富，含有丰富的维生素和矿物质，具有独特的热带风味，是热带地区广受欢迎的水果之一。玩家4说：这个水果通常呈红色或粉红色，形状圆润，肉质多汁。它在同类水果中以其甜美的口感和独特的香气而闻名。玩家4说：这个水果通常呈黄色或橙黄色，形状圆润，果肉多汁，是热带水果中常见的一种。它在同类水果中以其独特的甜味和香味而受到喜爱，但与其他水果相比，它可能更加甜腻，且果肉质地较软，容易食用。这个水果的核小，果肉细腻，通常呈金黄色，富含多种维生素，具有浓郁的香气和独特的甜味。它的质地柔软，容易切片，是热带地区广受欢迎的水果之一。||在这个游戏中，我们需要通过分析每位玩家的描述来找出卧底。通常，平民的描述会围绕相同的词语展开，而卧底的描述可能会因为词语的不同而显得不太一致。我们需要仔细比较每个描述之间的相似性和差异性，以找出可能的卧底，注意，卧底并不会隐藏自己，他会直接描述他的词语，现在，逐一分析每个玩家的描述，注意，这局游戏的词语分类为<水果>，卧底词和平民词都属于该类。||之前是第3轮描述和之前轮数描述的合集。你之前认为的卧底是玩家4。
2024-12-13 14:24:03,772 - 3 - INFO - **********PLAYER3**********
4
2024-12-13 14:24:03,773 - 3 - INFO - **********JUDGER**********
你刚刚的分析是4|| `请根据上述分析，比较描述以找出不一致之处，注意，这局游戏的词语分类为<水果>，卧底词和平民词都属于该类。
2024-12-13 14:24:25,750 - 3 - INFO - **********PLAYER3**********
根据上述分析，我们可以比较描述以找出不一致之处：

1. 玩家1描述的水果是橙色的，不需要剥皮，汁液丰富，金黄色，热带水果，甜而不腻。

2. 玩家2描述的水果呈黄色或橙黄色，有多个倒圆锥形瓣片，坚硬中心，长椭圆形或圆筒形，表面有坚硬棘刺，汁液丰富，香味和甜美的口感。

3. 玩家3描述的水果是椭圆形的，表面光滑，颜色鲜艳，黄色或橙黄色，富含维生素，汁液丰富，肉质柔软，口感丰富，香气浓郁。

4. 玩家4描述的水果通常呈红色或粉红色，形状圆润，肉质多汁，甜美的口感，独特的香气，核小，果肉细腻，金黄色，富含多种维生素。

不一致之处在于：

- 玩家1、玩家2和玩家3的描述都指向了黄色或橙黄色的水果，而玩家4的描述提到了红色或粉红色的水果。
- 玩家1、玩家2和玩家3的描述中提到了水果的形状（椭圆形），而玩家4的描述提到了圆形。
- 玩家1、玩家2和玩家3的描述中强调了汁液丰富和肉质柔软，而玩家4的描述中提到了肉质多汁和核小。
- 玩家4的描述中提到了金黄色和富含多种维生素，而其他玩家没有提到颜色。

基于这些不一致之处，玩家4的描述与其他玩家的描述在颜色、形状和某些特征描述上存在差异，这表明玩家4可能是卧底。
2024-12-13 14:24:25,752 - 3 - INFO - **********JUDGER**********
你刚刚的分析是根据上述分析，我们可以比较描述以找出不一致之处：

1. 玩家1描述的水果是橙色的，不需要剥皮，汁液丰富，金黄色，热带水果，甜而不腻。

2. 玩家2描述的水果呈黄色或橙黄色，有多个倒圆锥形瓣片，坚硬中心，长椭圆形或圆筒形，表面有坚硬棘刺，汁液丰富，香味和甜美的口感。

3. 玩家3描述的水果是椭圆形的，表面光滑，颜色鲜艳，黄色或橙黄色，富含维生素，汁液丰富，肉质柔软，口感丰富，香气浓郁。

4. 玩家4描述的水果通常呈红色或粉红色，形状圆润，肉质多汁，甜美的口感，独特的香气，核小，果肉细腻，金黄色，富含多种维生素。

不一致之处在于：

- 玩家1、玩家2和玩家3的描述都指向了黄色或橙黄色的水果，而玩家4的描述提到了红色或粉红色的水果。
- 玩家1、玩家2和玩家3的描述中提到了水果的形状（椭圆形），而玩家4的描述提到了圆形。
- 玩家1、玩家2和玩家3的描述中强调了汁液丰富和肉质柔软，而玩家4的描述中提到了肉质多汁和核小。
- 玩家4的描述中提到了金黄色和富含多种维生素，而其他玩家没有提到颜色。

基于这些不一致之处，玩家4的描述与其他玩家的描述在颜色、形状和某些特征描述上存在差异，这表明玩家4可能是卧底。|| 请通过你分析的不一致之处，推断卧底身份，注意，这局游戏的词语分类为<水果>，卧底词和平民词都属于该类。
2024-12-13 14:24:28,041 - 3 - INFO - **********PLAYER3**********
4
2024-12-13 14:24:28,047 - 3 - INFO - **********JUDGER**********
你刚刚的推断是4|| 基于你刚刚的推断得出你的最终结论，请输出你认为的卧底，在这种情况下只需要输出编号，是1-4中的某个数字，不要输出其他信息。在这个过程不要进行任何推理，只对||以前的部分进行信息提取
2024-12-13 14:24:29,214 - 3 - INFO - **********PLAYER3**********
4
