2024-12-13 14:16:52,392 - 4 - INFO - **********JUDGER**********
让我们来玩一个叫做<谁是卧底>的推理游戏。基本规则：<人数>：4人。<角色分配>：每位玩家随机抽取一个词语，3名玩家拿到的词语是相同的（平民词），1名玩家拿到与之相近但不同的词语（卧底词）。<游戏流程>：1、玩家轮流描述自己的词语，但<不能>直接说出词语本身。2、描述完毕后，投票选出最像卧底的玩家。3、每轮结束后，被投票选出的玩家出局，不能再进行描述或投票。4、每轮投票结束后，如果卧底被成功找出，平民方获胜；如果卧底未被找出且卧底人数等于或超过平民人数，则卧底方获胜。你将扮演一个<玩家>，请等待你被分配到的关键词。如果你听懂了，只回答，"好的，我准备好参加游戏了"，不要输出别的信息
2024-12-13 14:16:53,105 - 4 - INFO - **********PLAYER4**********
好的，我准备好参加游戏了
2024-12-13 14:17:05,653 - 4 - INFO - **********JUDGER**********
玩家1说：这个水果是橙色的，通常有一个独特的形状，中间有一个核。在水果类中，它可能是唯一一种在食用时不需要剥皮的水果。玩家2说：这个水果通常呈黄色或橙黄色，具有多个倒圆锥形的瓣片，中间有一个坚硬的中心。在水果类中，它特别以其独特的香味和口感而著称。玩家3说：这个水果是椭圆形的，表面光滑，颜色鲜艳，通常为黄色或橙黄色。在同类水果中，它以富含维生素和独特的热带风味而闻名。玩家4说：|| 你是第4号玩家，你的关键词是<芒果>。你的回答中绝对不能包含你的关键词<芒果>。这是第一轮描述，不需要分析||之前别的玩家的描述，请你描述关键词基本特征，注意，这局游戏的词语分类为<水果>，卧底词和平民词都属于该类，描述包括以下两点，1.他的基本特征是什么2.他在该类（水果）中最突出不同的特征是什么，尽量简短
2024-12-13 14:17:07,398 - 4 - INFO - **********PLAYER4**********
这个水果通常呈红色或粉红色，形状圆润，肉质多汁。它在同类水果中以其甜美的口感和独特的香气而闻名。
2024-12-13 14:19:10,592 - 4 - INFO - **********JUDGER**********
玩家1说：这个水果是橙色的，通常有一个独特的形状，中间有一个核。在水果类中，它可能是唯一一种在食用时不需要剥皮的水果。玩家2说：这个水果通常呈黄色或橙黄色，具有多个倒圆锥形的瓣片，中间有一个坚硬的中心。在水果类中，它特别以其独特的香味和口感而著称。玩家3说：这个水果是椭圆形的，表面光滑，颜色鲜艳，通常为黄色或橙黄色。在同类水果中，它以富含维生素和独特的热带风味而闻名。玩家4说：||在这个游戏中，我们需要通过分析每位玩家的描述来找出卧底。通常，平民的描述会围绕相同的词语展开，而卧底的描述可能会因为词语的不同而显得不太一致。我们需要仔细比较每个描述之间的相似性和差异性，以找出可能的卧底，注意，卧底并不会隐藏自己，他会直接描述他的词语，现在，逐一分析每个玩家的描述，注意，这局游戏的词语分类为<水果>，卧底词和平民词都属于该类。这是第一轮描述。
2024-12-13 14:19:17,833 - 4 - INFO - **********PLAYER4**********
根据玩家的描述，我们可以分析如下：

玩家1的描述提到的是橙色的水果，有核，可能是唯一一种不需要剥皮食用的水果，这与橙子的特征相符。

玩家2的描述提到的是黄色或橙黄色的水果，有多个倒圆锥形的瓣片，中心坚硬，独特的香味和口感，这与葡萄的特征相符。

玩家3的描述提到的是椭圆形，表面光滑，颜色鲜艳，富含维生素，热带风味，这与香蕉的特征相符。

玩家4的描述没有给出具体信息，只是强调了游戏规则和描述分析的方法。

从描述的相似性来看，玩家1、2和3的描述都指向了特定的水果，而玩家4没有提供具体的描述，这可能会引起怀疑。如果所有玩家描述的水果都是同一种，那么玩家4可能是卧底，因为他没有提供与前面描述相匹配的具体信息。如果描述的水果不同，那么玩家4可能是卧底，因为他没有明确指出他的水果是哪种，这与平民通常会描述相同词语的特征不符。因此，玩家4可能是卧底。
2024-12-13 14:19:17,835 - 4 - INFO - **********JUDGER**********
你刚刚的分析是根据玩家的描述，我们可以分析如下：

玩家1的描述提到的是橙色的水果，有核，可能是唯一一种不需要剥皮食用的水果，这与橙子的特征相符。

玩家2的描述提到的是黄色或橙黄色的水果，有多个倒圆锥形的瓣片，中心坚硬，独特的香味和口感，这与葡萄的特征相符。

玩家3的描述提到的是椭圆形，表面光滑，颜色鲜艳，富含维生素，热带风味，这与香蕉的特征相符。

玩家4的描述没有给出具体信息，只是强调了游戏规则和描述分析的方法。

从描述的相似性来看，玩家1、2和3的描述都指向了特定的水果，而玩家4没有提供具体的描述，这可能会引起怀疑。如果所有玩家描述的水果都是同一种，那么玩家4可能是卧底，因为他没有提供与前面描述相匹配的具体信息。如果描述的水果不同，那么玩家4可能是卧底，因为他没有明确指出他的水果是哪种，这与平民通常会描述相同词语的特征不符。因此，玩家4可能是卧底。|| `请根据上述分析，比较描述以找出不一致之处，注意，这局游戏的词语分类为<水果>，卧底词和平民词都属于该类。
2024-12-13 14:19:52,134 - 4 - INFO - **********PLAYER4**********
根据上述分析，我们可以比较描述中的一致性和不一致之处如下：

- 玩家1描述的特征：橙色，有核，可能不需要剥皮。
- 玩家2描述的特征：黄色或橙黄色，多个倒圆锥形瓣片，中心坚硬，独特香味和口感。
- 玩家3描述的特征：椭圆形，表面光滑，颜色鲜艳，富含维生素，热带风味。

不一致之处：
1. 玩家1和玩家2的描述都提到了水果的颜色，但玩家1没有具体提到水果的形状，而玩家2提到了倒圆锥形的瓣片。
2. 玩家1和玩家3的描述都提到了水果的颜色和形状，但玩家1没有提到水果的味道和营养，而玩家3提到了富含维生素和热带风味。
3. 玩家2和玩家3的描述在形状和味道上有相似之处，但玩家2提到了瓣片和中心坚硬，而玩家3没有提到这些特征。

基于这些不一致之处，玩家4的描述（没有给出具体信息，只是强调了游戏规则和描述分析的方法）与玩家1、2、3的具体描述形成了对比。如果玩家1、2、3的描述指向了同一种水果，那么玩家4可能是卧底，因为他没有提供任何指向特定水果的特征。如果玩家1、2、3的描述指向了不同的水果，那么玩家4也可能是卧底，因为他没有参与到具体的描述中，这与平民通常会描述相同词语的特征不符。因此，玩家4的描述与玩家1、2、3的描述不一致，这增加了他作为卧底的可能性。
2024-12-13 14:19:52,143 - 4 - INFO - **********JUDGER**********
你刚刚的分析是根据上述分析，我们可以比较描述中的一致性和不一致之处如下：

- 玩家1描述的特征：橙色，有核，可能不需要剥皮。
- 玩家2描述的特征：黄色或橙黄色，多个倒圆锥形瓣片，中心坚硬，独特香味和口感。
- 玩家3描述的特征：椭圆形，表面光滑，颜色鲜艳，富含维生素，热带风味。

不一致之处：
1. 玩家1和玩家2的描述都提到了水果的颜色，但玩家1没有具体提到水果的形状，而玩家2提到了倒圆锥形的瓣片。
2. 玩家1和玩家3的描述都提到了水果的颜色和形状，但玩家1没有提到水果的味道和营养，而玩家3提到了富含维生素和热带风味。
3. 玩家2和玩家3的描述在形状和味道上有相似之处，但玩家2提到了瓣片和中心坚硬，而玩家3没有提到这些特征。

基于这些不一致之处，玩家4的描述（没有给出具体信息，只是强调了游戏规则和描述分析的方法）与玩家1、2、3的具体描述形成了对比。如果玩家1、2、3的描述指向了同一种水果，那么玩家4可能是卧底，因为他没有提供任何指向特定水果的特征。如果玩家1、2、3的描述指向了不同的水果，那么玩家4也可能是卧底，因为他没有参与到具体的描述中，这与平民通常会描述相同词语的特征不符。因此，玩家4的描述与玩家1、2、3的描述不一致，这增加了他作为卧底的可能性。|| 请通过你分析的不一致之处，推断卧底身份，注意，这局游戏的词语分类为<水果>，卧底词和平民词都属于该类。
2024-12-13 14:20:13,396 - 4 - INFO - **********PLAYER4**********
根据分析的不一致之处，我们可以进一步推断卧底身份：

1. 玩家1描述的橙色水果有核，可能不需要剥皮，这指向了橙子。
2. 玩家2描述的黄色或橙黄色水果有多个倒圆锥形瓣片，中心坚硬，独特香味和口感，这指向了葡萄。
3. 玩家3描述的椭圆形，表面光滑，颜色鲜艳，富含维生素，热带风味，这指向了香蕉。

不一致之处在于：
- 玩家1和玩家2的描述都提到了颜色，但形状描述不同。
- 玩家1和玩家3的描述都提到了颜色和形状，但营养和风味描述不同。
- 玩家2和玩家3的描述在形状和味道上有相似之处，但具体特征描述不同。

玩家4没有提供具体的水果描述，而是强调了游戏规则和分析方法。这表明玩家4可能没有参与到描述具体的词语中，这与平民通常会描述相同词语的特征不符。

综合以上信息，如果玩家1、2、3的描述指向了不同的水果，那么玩家4可能是卧底，因为他没有提供指向特定水果的特征。由于玩家1、2、3的描述指向了橙子、葡萄和香蕉，这三种水果在颜色、形状、风味和营养方面都有明显的区别，玩家4没有给出任何指向这些水果的特征，因此，玩家4很可能是卧底。他的关键词可能是与这些水果都不完全相同的水果，或者是一个与水果相关的非水果词语。
2024-12-13 14:20:13,398 - 4 - INFO - **********JUDGER**********
你刚刚的推断是根据分析的不一致之处，我们可以进一步推断卧底身份：

1. 玩家1描述的橙色水果有核，可能不需要剥皮，这指向了橙子。
2. 玩家2描述的黄色或橙黄色水果有多个倒圆锥形瓣片，中心坚硬，独特香味和口感，这指向了葡萄。
3. 玩家3描述的椭圆形，表面光滑，颜色鲜艳，富含维生素，热带风味，这指向了香蕉。

不一致之处在于：
- 玩家1和玩家2的描述都提到了颜色，但形状描述不同。
- 玩家1和玩家3的描述都提到了颜色和形状，但营养和风味描述不同。
- 玩家2和玩家3的描述在形状和味道上有相似之处，但具体特征描述不同。

玩家4没有提供具体的水果描述，而是强调了游戏规则和分析方法。这表明玩家4可能没有参与到描述具体的词语中，这与平民通常会描述相同词语的特征不符。

综合以上信息，如果玩家1、2、3的描述指向了不同的水果，那么玩家4可能是卧底，因为他没有提供指向特定水果的特征。由于玩家1、2、3的描述指向了橙子、葡萄和香蕉，这三种水果在颜色、形状、风味和营养方面都有明显的区别，玩家4没有给出任何指向这些水果的特征，因此，玩家4很可能是卧底。他的关键词可能是与这些水果都不完全相同的水果，或者是一个与水果相关的非水果词语。|| 基于你刚刚的推断得出你的最终结论，请输出你认为的卧底，在这种情况下只需要输出编号，是1-4中的某个数字，不要输出其他信息。在这个过程不要进行任何推理，只对||以前的部分进行信息提取
2024-12-13 14:20:14,089 - 4 - INFO - **********PLAYER4**********
4
2024-12-13 14:20:24,258 - 4 - INFO - **********JUDGER**********
玩家1说：这个水果是橙色的，通常有一个独特的形状，中间有一个核。在水果类中，它可能是唯一一种在食用时不需要剥皮的水果。这个水果的汁液丰富，通常呈金黄色，它是一种热带水果，以其细腻的口感和浓郁的香气而受到喜爱。在同类水果中，它以其独特的甜味而闻名。玩家2说：这个水果通常呈黄色或橙黄色，具有多个倒圆锥形的瓣片，中间有一个坚硬的中心。在水果类中，它特别以其独特的香味和口感而著称。这个水果的果实较大，通常为长椭圆形或圆筒形，表面带有坚硬的棘刺。它的果肉黄色或淡黄色，质地松软，多汁。在水果类中，它以其独特的香味和甜美的口感而受到喜爱，而且它的汁液非常丰富。玩家3说：这个水果是椭圆形的，表面光滑，颜色鲜艳，通常为黄色或橙黄色。在同类水果中，它以富含维生素和独特的热带风味而闻名。这个水果是椭圆形的，表面光滑，颜色鲜艳，通常为黄色或橙黄色。在同类水果中，它以其丰富的汁液和多汁的肉质而著称。它的香气浓郁，口感细腻，且含有多种维生素，是一种热带风味的水果。玩家4说：这个水果通常呈红色或粉红色，形状圆润，肉质多汁。它在同类水果中以其甜美的口感和独特的香气而闻名。你是第4号玩家，你的关键词是<芒果>。你的回答中绝对不能包含你的关键词<芒果>。这是第二轮描述，你之前的描述是这个水果通常呈红色或粉红色，形状圆润，肉质多汁。它在同类水果中以其甜美的口感和独特的香气而闻名。，注意，这局游戏的词语分类为<水果>，卧底词和平民词都属于该类，请你补充关于关键词的描述，注意，你的描述应该比起之前的描述更加贴近关键词，作为之前的补充
2024-12-13 14:20:30,306 - 4 - INFO - **********PLAYER4**********
玩家4说：这个水果通常呈黄色或橙黄色，形状圆润，果肉多汁，是热带水果中常见的一种。它在同类水果中以其独特的甜味和香味而受到喜爱，但与其他水果相比，它可能更加甜腻，且果肉质地较软，容易食用。
2024-12-13 14:22:10,126 - 4 - INFO - **********JUDGER**********
玩家1说：这个水果是橙色的，通常有一个独特的形状，中间有一个核。在水果类中，它可能是唯一一种在食用时不需要剥皮的水果。这个水果的汁液丰富，通常呈金黄色，它是一种热带水果，以其细腻的口感和浓郁的香气而受到喜爱。在同类水果中，它以其独特的甜味而闻名。玩家2说：这个水果通常呈黄色或橙黄色，具有多个倒圆锥形的瓣片，中间有一个坚硬的中心。在水果类中，它特别以其独特的香味和口感而著称。这个水果的果实较大，通常为长椭圆形或圆筒形，表面带有坚硬的棘刺。它的果肉黄色或淡黄色，质地松软，多汁。在水果类中，它以其独特的香味和甜美的口感而受到喜爱，而且它的汁液非常丰富。玩家3说：这个水果是椭圆形的，表面光滑，颜色鲜艳，通常为黄色或橙黄色。在同类水果中，它以富含维生素和独特的热带风味而闻名。这个水果是椭圆形的，表面光滑，颜色鲜艳，通常为黄色或橙黄色。在同类水果中，它以其丰富的汁液和多汁的肉质而著称。它的香气浓郁，口感细腻，且含有多种维生素，是一种热带风味的水果。玩家4说：这个水果通常呈红色或粉红色，形状圆润，肉质多汁。它在同类水果中以其甜美的口感和独特的香气而闻名。||在这个游戏中，我们需要通过分析每位玩家的描述来找出卧底。通常，平民的描述会围绕相同的词语展开，而卧底的描述可能会因为词语的不同而显得不太一致。我们需要仔细比较每个描述之间的相似性和差异性，以找出可能的卧底，注意，卧底并不会隐藏自己，他会直接描述他的词语，现在，逐一分析每个玩家的描述，注意，这局游戏的词语分类为<水果>，卧底词和平民词都属于该类。||之前是第2轮描述和之前轮数描述的合集。你之前认为的卧底是玩家4。
2024-12-13 14:22:26,434 - 4 - INFO - **********PLAYER4**********
基于玩家1、2、3和4的描述，我们可以分析如下：

玩家1的描述：橙色的水果，有核，汁液丰富，金黄色，热带水果，细腻的口感，浓郁的香气，独特的甜味。

玩家2的描述：黄色或橙黄色水果，倒圆锥形瓣片，坚硬的中心，果实较大，长椭圆形或圆筒形，表面带有棘刺，果肉黄色或淡黄色，质地松软，多汁，独特的香味和甜美的口感，汁液丰富。

玩家3的描述：椭圆形，表面光滑，黄色或橙黄色，富含维生素，独特的热带风味，丰富的汁液，多汁的肉质，香气浓郁，口感细腻，含有多种维生素。

玩家4的描述：红色或粉红色，形状圆润，肉质多汁，甜美的口感，独特的香气。

从描述中，玩家1和玩家4的描述都提到了甜美的口感和独特的香气，这与橙子、葡萄和香蕉的特征都不完全吻合，但与芒果的特征相符。玩家2的描述中提到了倒圆锥形瓣片和长椭圆形果实，这与葡萄的特征相符。玩家3的描述中提到了椭圆形、富含维生素和热带风味，这与香蕉的特征相符。

由于玩家4的描述与芒果的特征最为接近，而其他玩家的描述与橙子、葡萄或香蕉的特征更相符，因此，根据之前的分析，玩家4可能是卧底。
2024-12-13 14:22:26,442 - 4 - INFO - **********JUDGER**********
你刚刚的分析是基于玩家1、2、3和4的描述，我们可以分析如下：

玩家1的描述：橙色的水果，有核，汁液丰富，金黄色，热带水果，细腻的口感，浓郁的香气，独特的甜味。

玩家2的描述：黄色或橙黄色水果，倒圆锥形瓣片，坚硬的中心，果实较大，长椭圆形或圆筒形，表面带有棘刺，果肉黄色或淡黄色，质地松软，多汁，独特的香味和甜美的口感，汁液丰富。

玩家3的描述：椭圆形，表面光滑，黄色或橙黄色，富含维生素，独特的热带风味，丰富的汁液，多汁的肉质，香气浓郁，口感细腻，含有多种维生素。

玩家4的描述：红色或粉红色，形状圆润，肉质多汁，甜美的口感，独特的香气。

从描述中，玩家1和玩家4的描述都提到了甜美的口感和独特的香气，这与橙子、葡萄和香蕉的特征都不完全吻合，但与芒果的特征相符。玩家2的描述中提到了倒圆锥形瓣片和长椭圆形果实，这与葡萄的特征相符。玩家3的描述中提到了椭圆形、富含维生素和热带风味，这与香蕉的特征相符。

由于玩家4的描述与芒果的特征最为接近，而其他玩家的描述与橙子、葡萄或香蕉的特征更相符，因此，根据之前的分析，玩家4可能是卧底。|| `请根据上述分析，比较描述以找出不一致之处，注意，这局游戏的词语分类为<水果>，卧底词和平民词都属于该类。
2024-12-13 14:22:43,647 - 4 - INFO - **********PLAYER4**********
根据上述分析，我们可以比较描述中的一致性和不一致之处如下：

一致之处：
- 所有玩家都描述了水果的颜色（橙色、黄色、红色或粉红色）。
- 所有玩家都提到了水果的口感（细腻、甜美的口感、肉质多汁）。
- 所有玩家都提到了水果的香气（浓郁的香气、独特的香气）。

不一致之处：
- 玩家1提到了水果的汁液丰富，金黄色，热带水果，细腻的口感，浓郁的香气，独特的甜味。
- 玩家2提到了水果的倒圆锥形瓣片，坚硬的中心，果实较大，长椭圆形或圆筒形，表面带有棘刺，果肉黄色或淡黄色，质地松软，多汁。
- 玩家3提到了水果的椭圆形，表面光滑，富含维生素，独特的热带风味，丰富的汁液，多汁的肉质，香气浓郁，口感细腻，含有多种维生素。
- 玩家4提到了水果的形状圆润，肉质多汁，甜美的口感，独特的香气。

不一致之处主要体现在形状描述和特征描述上：
- 玩家1没有提到形状，而玩家2、3、4都提到了具体的形状描述。
- 玩家2提到了倒圆锥形瓣片和棘刺，这是葡萄和香蕉的特征，而不是芒果的特征。
- 玩家3提到了富含维生素和热带风味，这与香蕉的特征相符，而不是芒果的特征。
- 玩家4的描述与芒果的特征相符，但与其他玩家的描述在形状和某些特征上存在差异。

因此，玩家4的描述与其他玩家的描述在形状和某些特征上存在不一致之处，这可能是卧底身份的线索。
2024-12-13 14:22:43,654 - 4 - INFO - **********JUDGER**********
你刚刚的分析是根据上述分析，我们可以比较描述中的一致性和不一致之处如下：

一致之处：
- 所有玩家都描述了水果的颜色（橙色、黄色、红色或粉红色）。
- 所有玩家都提到了水果的口感（细腻、甜美的口感、肉质多汁）。
- 所有玩家都提到了水果的香气（浓郁的香气、独特的香气）。

不一致之处：
- 玩家1提到了水果的汁液丰富，金黄色，热带水果，细腻的口感，浓郁的香气，独特的甜味。
- 玩家2提到了水果的倒圆锥形瓣片，坚硬的中心，果实较大，长椭圆形或圆筒形，表面带有棘刺，果肉黄色或淡黄色，质地松软，多汁。
- 玩家3提到了水果的椭圆形，表面光滑，富含维生素，独特的热带风味，丰富的汁液，多汁的肉质，香气浓郁，口感细腻，含有多种维生素。
- 玩家4提到了水果的形状圆润，肉质多汁，甜美的口感，独特的香气。

不一致之处主要体现在形状描述和特征描述上：
- 玩家1没有提到形状，而玩家2、3、4都提到了具体的形状描述。
- 玩家2提到了倒圆锥形瓣片和棘刺，这是葡萄和香蕉的特征，而不是芒果的特征。
- 玩家3提到了富含维生素和热带风味，这与香蕉的特征相符，而不是芒果的特征。
- 玩家4的描述与芒果的特征相符，但与其他玩家的描述在形状和某些特征上存在差异。

因此，玩家4的描述与其他玩家的描述在形状和某些特征上存在不一致之处，这可能是卧底身份的线索。|| 请通过你分析的不一致之处，推断卧底身份，注意，这局游戏的词语分类为<水果>，卧底词和平民词都属于该类。
2024-12-13 14:23:03,061 - 4 - INFO - **********PLAYER4**********
根据分析的不一致之处，我们可以推断卧底身份：

- 玩家1描述的特征包括橙色的汁液、热带水果、细腻的口感和独特的甜味，这与橙子的特征相符。
- 玩家2描述的特征包括倒圆锥形瓣片、坚硬的中心、长椭圆形或圆筒形果实、表面棘刺，这与葡萄的特征相符。
- 玩家3描述的特征包括椭圆形、富含维生素、独特的热带风味、丰富的汁液和多汁的肉质，这与香蕉的特征相符。
- 玩家4描述的特征包括红色或粉红色的形状、圆润、肉质多汁、甜美的口感和独特的香气，这与芒果的特征相符。

由于玩家4的描述在形状和某些特征上与芒果最为接近，而其他玩家的描述分别指向了橙子、葡萄和香蕉，因此，基于描述的不一致之处，玩家4很可能是卧底。
2024-12-13 14:23:03,063 - 4 - INFO - **********JUDGER**********
你刚刚的推断是根据分析的不一致之处，我们可以推断卧底身份：

- 玩家1描述的特征包括橙色的汁液、热带水果、细腻的口感和独特的甜味，这与橙子的特征相符。
- 玩家2描述的特征包括倒圆锥形瓣片、坚硬的中心、长椭圆形或圆筒形果实、表面棘刺，这与葡萄的特征相符。
- 玩家3描述的特征包括椭圆形、富含维生素、独特的热带风味、丰富的汁液和多汁的肉质，这与香蕉的特征相符。
- 玩家4描述的特征包括红色或粉红色的形状、圆润、肉质多汁、甜美的口感和独特的香气，这与芒果的特征相符。

由于玩家4的描述在形状和某些特征上与芒果最为接近，而其他玩家的描述分别指向了橙子、葡萄和香蕉，因此，基于描述的不一致之处，玩家4很可能是卧底。|| 基于你刚刚的推断得出你的最终结论，请输出你认为的卧底，在这种情况下只需要输出编号，是1-4中的某个数字，不要输出其他信息。在这个过程不要进行任何推理，只对||以前的部分进行信息提取
2024-12-13 14:23:03,965 - 4 - INFO - **********PLAYER4**********
4
2024-12-13 14:23:16,603 - 4 - INFO - **********JUDGER**********
玩家1说：这个水果是橙色的，通常有一个独特的形状，中间有一个核。在水果类中，它可能是唯一一种在食用时不需要剥皮的水果。这个水果的汁液丰富，通常呈金黄色，它是一种热带水果，以其细腻的口感和浓郁的香气而受到喜爱。在同类水果中，它以其独特的甜味而闻名。这个水果的皮薄易剥，果肉厚实，质地细腻，颜色金黄，富含营养，是热带地区常见的水果之一。它的风味独特，甜而不腻，深受人们喜爱。玩家2说：这个水果通常呈黄色或橙黄色，具有多个倒圆锥形的瓣片，中间有一个坚硬的中心。在水果类中，它特别以其独特的香味和口感而著称。这个水果的果实较大，通常为长椭圆形或圆筒形，表面带有坚硬的棘刺。它的果肉黄色或淡黄色，质地松软，多汁。在水果类中，它以其独特的香味和甜美的口感而受到喜爱，而且它的汁液非常丰富。这个水果的形状通常较为饱满，具有明显的叶片状外皮，叶片之间紧密排列。它的果实大小不一，但普遍较大，果肉质地坚实，富含纤维，口感清新。在同类水果中，它以其独特的甜味和香味而受到喜爱，且它的汁液丰富，适合鲜食或加工。玩家3说：这个水果是椭圆形的，表面光滑，颜色鲜艳，通常为黄色或橙黄色。在同类水果中，它以富含维生素和独特的热带风味而闻名。这个水果是椭圆形的，表面光滑，颜色鲜艳，通常为黄色或橙黄色。在同类水果中，它以其丰富的汁液和多汁的肉质而著称。它的香气浓郁，口感细腻，且含有多种维生素，是一种热带风味的水果。这个水果是椭圆形的，表面光滑，颜色鲜艳，通常为黄色或橙黄色。它的肉质柔软，口感丰富，含有丰富的维生素和矿物质，具有独特的热带风味，是热带地区广受欢迎的水果之一。玩家4说：这个水果通常呈红色或粉红色，形状圆润，肉质多汁。它在同类水果中以其甜美的口感和独特的香气而闻名。玩家4说：这个水果通常呈黄色或橙黄色，形状圆润，果肉多汁，是热带水果中常见的一种。它在同类水果中以其独特的甜味和香味而受到喜爱，但与其他水果相比，它可能更加甜腻，且果肉质地较软，容易食用。你是第4号玩家，你的关键词是<芒果>。你的回答中绝对不能包含你的关键词<芒果>。这是第三轮描述，你之前的描述是这个水果通常呈红色或粉红色，形状圆润，肉质多汁。它在同类水果中以其甜美的口感和独特的香气而闻名。和玩家4说：这个水果通常呈黄色或橙黄色，形状圆润，果肉多汁，是热带水果中常见的一种。它在同类水果中以其独特的甜味和香味而受到喜爱，但与其他水果相比，它可能更加甜腻，且果肉质地较软，容易食用。，注意，这局游戏的词语分类为<水果>，卧底词和平民词都属于该类，请你补充关于关键词的描述，注意，你的描述应该比起之前的描述更加贴近关键词，作为之前的补充
2024-12-13 14:23:18,935 - 4 - INFO - **********PLAYER4**********
这个水果的核小，果肉细腻，通常呈金黄色，富含多种维生素，具有浓郁的香气和独特的甜味。它的质地柔软，容易切片，是热带地区广受欢迎的水果之一。
2024-12-13 14:24:29,215 - 4 - INFO - **********JUDGER**********
玩家1说：这个水果是橙色的，通常有一个独特的形状，中间有一个核。在水果类中，它可能是唯一一种在食用时不需要剥皮的水果。这个水果的汁液丰富，通常呈金黄色，它是一种热带水果，以其细腻的口感和浓郁的香气而受到喜爱。在同类水果中，它以其独特的甜味而闻名。这个水果的皮薄易剥，果肉厚实，质地细腻，颜色金黄，富含营养，是热带地区常见的水果之一。它的风味独特，甜而不腻，深受人们喜爱。玩家2说：这个水果通常呈黄色或橙黄色，具有多个倒圆锥形的瓣片，中间有一个坚硬的中心。在水果类中，它特别以其独特的香味和口感而著称。这个水果的果实较大，通常为长椭圆形或圆筒形，表面带有坚硬的棘刺。它的果肉黄色或淡黄色，质地松软，多汁。在水果类中，它以其独特的香味和甜美的口感而受到喜爱，而且它的汁液非常丰富。这个水果的形状通常较为饱满，具有明显的叶片状外皮，叶片之间紧密排列。它的果实大小不一，但普遍较大，果肉质地坚实，富含纤维，口感清新。在同类水果中，它以其独特的甜味和香味而受到喜爱，且它的汁液丰富，适合鲜食或加工。玩家3说：这个水果是椭圆形的，表面光滑，颜色鲜艳，通常为黄色或橙黄色。在同类水果中，它以富含维生素和独特的热带风味而闻名。这个水果是椭圆形的，表面光滑，颜色鲜艳，通常为黄色或橙黄色。在同类水果中，它以其丰富的汁液和多汁的肉质而著称。它的香气浓郁，口感细腻，且含有多种维生素，是一种热带风味的水果。这个水果是椭圆形的，表面光滑，颜色鲜艳，通常为黄色或橙黄色。它的肉质柔软，口感丰富，含有丰富的维生素和矿物质，具有独特的热带风味，是热带地区广受欢迎的水果之一。玩家4说：这个水果通常呈红色或粉红色，形状圆润，肉质多汁。它在同类水果中以其甜美的口感和独特的香气而闻名。玩家4说：这个水果通常呈黄色或橙黄色，形状圆润，果肉多汁，是热带水果中常见的一种。它在同类水果中以其独特的甜味和香味而受到喜爱，但与其他水果相比，它可能更加甜腻，且果肉质地较软，容易食用。这个水果的核小，果肉细腻，通常呈金黄色，富含多种维生素，具有浓郁的香气和独特的甜味。它的质地柔软，容易切片，是热带地区广受欢迎的水果之一。||在这个游戏中，我们需要通过分析每位玩家的描述来找出卧底。通常，平民的描述会围绕相同的词语展开，而卧底的描述可能会因为词语的不同而显得不太一致。我们需要仔细比较每个描述之间的相似性和差异性，以找出可能的卧底，注意，卧底并不会隐藏自己，他会直接描述他的词语，现在，逐一分析每个玩家的描述，注意，这局游戏的词语分类为<水果>，卧底词和平民词都属于该类。||之前是第3轮描述和之前轮数描述的合集。你之前认为的卧底是玩家4。
2024-12-13 14:24:56,502 - 4 - INFO - **********PLAYER4**********
基于玩家1、2、3和4的描述，我们可以进行以下分析：

玩家1的描述强调了水果的橙色、金黄色汁液、热带特性、细腻口感、浓郁香气、独特甜味、皮薄易剥、厚实果肉、金黄色质地、富含营养、独特风味和甜而不腻的特点。

玩家2的描述提到了水果的黄色或橙黄色、倒圆锥形瓣片、坚硬中心、长椭圆形或圆筒形果实、表面棘刺、黄色或淡黄色果肉、松软质地、多汁、饱满形状、叶片状外皮、紧密排列的叶片、大小不一的果实、坚实果肉、富含纤维、清新口感、独特甜味和香味、汁液丰富、适合鲜食或加工。

玩家3的描述强调了水果的椭圆形、光滑表面、鲜艳颜色、黄色或橙黄色、富含维生素、独特热带风味、丰富汁液、多汁肉质、浓郁香气、细腻口感、多种维生素、柔软肉质、丰富口感、丰富维生素和矿物质、独特热带风味、热带地区广受欢迎。

玩家4的描述首先提到了红色或粉红色、圆润形状、多汁肉质、甜美的口感和独特的香气。接着，描述了黄色或橙黄色、圆润形状、多汁果肉、热带水果、独特甜味和香味、甜腻口感、软质果肉、容易食用、小核、细腻果肉、金黄色质地、多种维生素、浓郁香气、独特甜味、柔软质地和容易切片。

综合以上描述，玩家4的描述在第一轮和第二轮中都提到了红色或粉红色和圆润形状，但在第三轮中转向了黄色或橙黄色和软质果肉，这与芒果的特征相符。其他玩家的描述则更加集中在橙子、葡萄和香蕉的特征上。玩家4的描述在第三轮中与之前的描述有所变化，这可能表明他在试图隐藏自己的身份。

因此，基于描述的一致性和差异性，玩家4的描述与其他玩家的描述相比，存在不一致之处，这增加了他作为卧底的可能性。因此，根据之前的分析，玩家4仍然是卧底。
2024-12-13 14:24:56,504 - 4 - INFO - **********JUDGER**********
你刚刚的分析是基于玩家1、2、3和4的描述，我们可以进行以下分析：

玩家1的描述强调了水果的橙色、金黄色汁液、热带特性、细腻口感、浓郁香气、独特甜味、皮薄易剥、厚实果肉、金黄色质地、富含营养、独特风味和甜而不腻的特点。

玩家2的描述提到了水果的黄色或橙黄色、倒圆锥形瓣片、坚硬中心、长椭圆形或圆筒形果实、表面棘刺、黄色或淡黄色果肉、松软质地、多汁、饱满形状、叶片状外皮、紧密排列的叶片、大小不一的果实、坚实果肉、富含纤维、清新口感、独特甜味和香味、汁液丰富、适合鲜食或加工。

玩家3的描述强调了水果的椭圆形、光滑表面、鲜艳颜色、黄色或橙黄色、富含维生素、独特热带风味、丰富汁液、多汁肉质、浓郁香气、细腻口感、多种维生素、柔软肉质、丰富口感、丰富维生素和矿物质、独特热带风味、热带地区广受欢迎。

玩家4的描述首先提到了红色或粉红色、圆润形状、多汁肉质、甜美的口感和独特的香气。接着，描述了黄色或橙黄色、圆润形状、多汁果肉、热带水果、独特甜味和香味、甜腻口感、软质果肉、容易食用、小核、细腻果肉、金黄色质地、多种维生素、浓郁香气、独特甜味、柔软质地和容易切片。

综合以上描述，玩家4的描述在第一轮和第二轮中都提到了红色或粉红色和圆润形状，但在第三轮中转向了黄色或橙黄色和软质果肉，这与芒果的特征相符。其他玩家的描述则更加集中在橙子、葡萄和香蕉的特征上。玩家4的描述在第三轮中与之前的描述有所变化，这可能表明他在试图隐藏自己的身份。

因此，基于描述的一致性和差异性，玩家4的描述与其他玩家的描述相比，存在不一致之处，这增加了他作为卧底的可能性。因此，根据之前的分析，玩家4仍然是卧底。|| `请根据上述分析，比较描述以找出不一致之处，注意，这局游戏的词语分类为<水果>，卧底词和平民词都属于该类。
2024-12-13 14:25:12,321 - 4 - INFO - **********PLAYER4**********
根据上述分析，我们可以比较描述中的一致性和不一致之处如下：

一致之处：
- 所有玩家都提到了水果的甜味和香气。
- 所有玩家都提到了水果的汁液丰富或多汁。
- 所有玩家都提到了水果的口感细腻或柔软。

不一致之处：
- 玩家1的描述集中在橙色的汁液、热带特性、独特的甜味和皮薄易剥的特点。
- 玩家2的描述强调了倒圆锥形瓣片、坚硬中心、表面棘刺、长椭圆形或圆筒形果实、坚实果肉和富含纤维的特点。
- 玩家3的描述提到了椭圆形、光滑表面、鲜艳颜色、富含维生素、独特热带风味和热带地区广受欢迎的特点。
- 玩家4的描述在第一轮和第二轮中提到了红色或粉红色、圆润形状和多汁肉质，在第三轮中提到了黄色或橙黄色、软质果肉、小核、细腻果肉、金黄色质地和容易切片。

不一致之处主要体现在以下几个方面：
- 玩家4在第三轮描述中改变了水果的颜色描述，从红色或粉红色变为黄色或橙黄色。
- 玩家4在第三轮描述中提到了软质果肉，这与他在前两轮中提到的多汁肉质有所区别。
- 玩家4的描述中提到了金黄色质地和容易切片，这与其他玩家的描述没有直接对应。

基于这些不一致之处，玩家4的描述与其他玩家的描述相比，存在明显的差异，这可能是他作为卧底身份的线索。
2024-12-13 14:25:12,329 - 4 - INFO - **********JUDGER**********
你刚刚的分析是根据上述分析，我们可以比较描述中的一致性和不一致之处如下：

一致之处：
- 所有玩家都提到了水果的甜味和香气。
- 所有玩家都提到了水果的汁液丰富或多汁。
- 所有玩家都提到了水果的口感细腻或柔软。

不一致之处：
- 玩家1的描述集中在橙色的汁液、热带特性、独特的甜味和皮薄易剥的特点。
- 玩家2的描述强调了倒圆锥形瓣片、坚硬中心、表面棘刺、长椭圆形或圆筒形果实、坚实果肉和富含纤维的特点。
- 玩家3的描述提到了椭圆形、光滑表面、鲜艳颜色、富含维生素、独特热带风味和热带地区广受欢迎的特点。
- 玩家4的描述在第一轮和第二轮中提到了红色或粉红色、圆润形状和多汁肉质，在第三轮中提到了黄色或橙黄色、软质果肉、小核、细腻果肉、金黄色质地和容易切片。

不一致之处主要体现在以下几个方面：
- 玩家4在第三轮描述中改变了水果的颜色描述，从红色或粉红色变为黄色或橙黄色。
- 玩家4在第三轮描述中提到了软质果肉，这与他在前两轮中提到的多汁肉质有所区别。
- 玩家4的描述中提到了金黄色质地和容易切片，这与其他玩家的描述没有直接对应。

基于这些不一致之处，玩家4的描述与其他玩家的描述相比，存在明显的差异，这可能是他作为卧底身份的线索。|| 请通过你分析的不一致之处，推断卧底身份，注意，这局游戏的词语分类为<水果>，卧底词和平民词都属于该类。
2024-12-13 14:25:24,380 - 4 - INFO - **********PLAYER4**********
基于分析的不一致之处，我们可以推断卧底身份：

- 玩家1的描述指向了橙子，因为橙子的汁液通常是金黄色的，具有独特的甜味，皮薄易剥。
- 玩家2的描述指向了葡萄，因为葡萄通常有倒圆锥形的瓣片，中心坚硬，表面可能有棘刺。
- 玩家3的描述指向了香蕉，因为香蕉通常是椭圆形的，富含维生素，具有独特的热带风味。
- 玩家4的描述在第一轮和第二轮中提到了红色或粉红色的水果，这与橙子、葡萄和香蕉的特征都不完全吻合。在第三轮中，玩家4提到了黄色或橙黄色的水果，软质果肉，金黄色质地，这些特征与芒果相符。

由于玩家4的描述在第三轮中转向了与芒果特征相符的描述，而其他玩家的描述则指向了橙子、葡萄和香蕉，玩家4的描述与其他玩家的描述存在明显的差异，这增加了他作为卧底的可能性。

因此，根据描述的不一致之处，玩家4很可能是卧底。
2024-12-13 14:25:24,382 - 4 - INFO - **********JUDGER**********
你刚刚的推断是基于分析的不一致之处，我们可以推断卧底身份：

- 玩家1的描述指向了橙子，因为橙子的汁液通常是金黄色的，具有独特的甜味，皮薄易剥。
- 玩家2的描述指向了葡萄，因为葡萄通常有倒圆锥形的瓣片，中心坚硬，表面可能有棘刺。
- 玩家3的描述指向了香蕉，因为香蕉通常是椭圆形的，富含维生素，具有独特的热带风味。
- 玩家4的描述在第一轮和第二轮中提到了红色或粉红色的水果，这与橙子、葡萄和香蕉的特征都不完全吻合。在第三轮中，玩家4提到了黄色或橙黄色的水果，软质果肉，金黄色质地，这些特征与芒果相符。

由于玩家4的描述在第三轮中转向了与芒果特征相符的描述，而其他玩家的描述则指向了橙子、葡萄和香蕉，玩家4的描述与其他玩家的描述存在明显的差异，这增加了他作为卧底的可能性。

因此，根据描述的不一致之处，玩家4很可能是卧底。|| 基于你刚刚的推断得出你的最终结论，请输出你认为的卧底，在这种情况下只需要输出编号，是1-4中的某个数字，不要输出其他信息。在这个过程不要进行任何推理，只对||以前的部分进行信息提取
2024-12-13 14:25:26,830 - 4 - INFO - **********PLAYER4**********
4
2024-12-13 14:25:26,832 - 4 - INFO - **********JUDGER**********
你认为卧底是你自己。你现在需要随便选一个人投票。请输出一个数字，是1-4中的某个数字，但这个数字不能是4，不要输出其他信息。
2024-12-13 14:25:29,530 - 4 - INFO - **********PLAYER4**********
1
