2024-12-12 22:16:23,778 - 1 - INFO - **********JUDGER**********
让我们来玩一个叫做<谁是卧底>的推理游戏。基本规则：<人数>：4人。<角色分配>：每位玩家随机抽取一个词语，3名玩家拿到的词语是相同的（平民词），1名玩家拿到与之相近但不同的词语（卧底词）。<游戏流程>：1、玩家轮流描述自己的词语，但<不能>直接说出词语本身。2、描述完毕后，投票选出最像卧底的玩家。3、每轮结束后，被投票选出的玩家出局，不能再进行描述或投票。4、每轮投票结束后，如果卧底被成功找出，平民方获胜；如果卧底未被找出且卧底人数等于或超过平民人数，则卧底方获胜。你将扮演一个<玩家>，请等待你被分配到的关键词。如果你听懂了，只回答，"好的，我准备好参加游戏了"，不要输出别的信息
2024-12-12 22:16:24,439 - 1 - INFO - **********PLAYER1**********
好的，我准备好参加游戏了
2024-12-12 22:16:27,747 - 1 - INFO - **********JUDGER**********
玩家1说：玩家2说：玩家3说：玩家4说：|| 你是第1号玩家，你的关键词是<西瓜>。你的回答中绝对不能包含你的关键词<西瓜>。这是第一轮描述，不需要分析||之前别的玩家的描述，请你描述关键词基本特征，注意，这局游戏的词语分类为<水果>，卧底词和平民词都属于该类，描述包括以下两点，1.他的基本特征是什么2.他在该类（水果）中最突出不同的特征是什么，尽量简短
2024-12-12 22:16:28,826 - 1 - INFO - **********PLAYER1**********
这是一个多汁的圆形水果，通常呈绿色，表面有深浅不一的条纹。在水果类中，它以独特的红色果肉和丰富的汁液而闻名。
2024-12-12 22:16:32,423 - 1 - INFO - **********JUDGER**********
玩家1说：这是一个多汁的圆形水果，通常呈绿色，表面有深浅不一的条纹。在水果类中，它以独特的红色果肉和丰富的汁液而闻名。玩家2说：这是一个圆形的、绿色的水果，通常表面有明显的条纹。它在同类水果中以其甜美的口感和丰富的维生素C含量而著称。玩家3说：这个水果通常呈绿色，表面有明显的条纹，肉质鲜嫩多汁。在同类水果中，它以低糖分和清爽的口感而特别。玩家4说：||在这个游戏中，我们需要通过分析每位玩家的描述来找出卧底。通常，平民的描述会围绕相同的词语展开，而卧底的描述可能会因为词语的不同而显得不太一致。我们需要仔细比较每个描述之间的相似性和差异性，以找出可能的卧底，注意，卧底并不会隐藏自己，他会直接描述他的词语，现在，逐一分析每个玩家的描述，注意，这局游戏的词语分类为<水果>，卧底词和平民词都属于该类。这是第一轮描述。
2024-12-12 22:16:39,300 - 1 - INFO - **********PLAYER1**********
好的，根据玩家的描述，我们可以进行以下分析：

玩家1的描述强调了西瓜的多汁、圆形、绿色和有条纹的外观，以及它独特的红色果肉和丰富的汁液。

玩家2的描述与玩家1相似，也提到了圆形、绿色和条纹的外观，但特别强调了甜美的口感和维生素C含量。

玩家3的描述同样提到了绿色、条纹、多汁和鲜嫩，但特别指出西瓜的低糖分和清爽口感。

玩家4的描述似乎是一个观察者或者提示者的角色，他并没有直接描述西瓜的特征，而是提醒我们如何分析描述以找出卧底。

从这些描述中，我们可以看到玩家1、2和3的描述都非常相似，都集中在西瓜的外观和口感上。然而，玩家4的描述没有直接提到西瓜，这可能与卧底的角色相符，因为卧底通常需要通过比较来隐藏自己。

因此，根据描述的相似性和差异性，玩家4可能是卧底，因为他没有像其他玩家那样直接描述西瓜的特征。当然，这只是一个基于描述的分析，实际的卧底可能并不在这里。我们需要在下一轮中继续观察和比较描述，以确定最终的卧底。
2024-12-12 22:16:39,303 - 1 - INFO - **********JUDGER**********
你刚刚的分析是好的，根据玩家的描述，我们可以进行以下分析：

玩家1的描述强调了西瓜的多汁、圆形、绿色和有条纹的外观，以及它独特的红色果肉和丰富的汁液。

玩家2的描述与玩家1相似，也提到了圆形、绿色和条纹的外观，但特别强调了甜美的口感和维生素C含量。

玩家3的描述同样提到了绿色、条纹、多汁和鲜嫩，但特别指出西瓜的低糖分和清爽口感。

玩家4的描述似乎是一个观察者或者提示者的角色，他并没有直接描述西瓜的特征，而是提醒我们如何分析描述以找出卧底。

从这些描述中，我们可以看到玩家1、2和3的描述都非常相似，都集中在西瓜的外观和口感上。然而，玩家4的描述没有直接提到西瓜，这可能与卧底的角色相符，因为卧底通常需要通过比较来隐藏自己。

因此，根据描述的相似性和差异性，玩家4可能是卧底，因为他没有像其他玩家那样直接描述西瓜的特征。当然，这只是一个基于描述的分析，实际的卧底可能并不在这里。我们需要在下一轮中继续观察和比较描述，以确定最终的卧底。|| `请根据上述分析，比较描述以找出不一致之处，注意，这局游戏的词语分类为<水果>，卧底词和平民词都属于该类。
2024-12-12 22:16:47,668 - 1 - INFO - **********PLAYER1**********
根据上述分析，我们可以注意到以下几点不一致之处：

1. **描述的共同点**：
   - 所有玩家的描述都提到了水果的圆形、绿色和条纹外观。
   - 都提到了水果的多汁和肉质鲜嫩。
   - 都涉及到了水果的口感，尽管具体描述有所不同。

2. **描述的不一致之处**：
   - 玩家1、2和3都提到了西瓜的红色果肉，这是西瓜特有的特征。
   - 玩家2特别提到了甜美的口感和维生素C含量。
   - 玩家3特别提到了低糖分和清爽的口感。
   - 玩家4没有提到任何关于西瓜的特征，而是提供了关于如何分析其他玩家描述的提示。

3. **可能的推断**：
   - 玩家4的描述与玩家1、2和3的关键词（西瓜）没有直接关联，这可能表明玩家4的词语不是西瓜。
   - 玩家1、2和3的描述非常相似，这可能是由于他们实际上持有的词语都是西瓜，或者是卧底故意模仿了平民的描述。

综上所述，玩家4的描述与西瓜的关键词不直接相关，这可能是一个不一致之处，提示玩家4可能是卧底。然而，这只是一个基于描述的分析，实际的卧底可能并不在这里，需要更多的信息或进一步的描述来确认。
2024-12-12 22:16:47,670 - 1 - INFO - **********JUDGER**********
你刚刚的分析是根据上述分析，我们可以注意到以下几点不一致之处：

1. **描述的共同点**：
   - 所有玩家的描述都提到了水果的圆形、绿色和条纹外观。
   - 都提到了水果的多汁和肉质鲜嫩。
   - 都涉及到了水果的口感，尽管具体描述有所不同。

2. **描述的不一致之处**：
   - 玩家1、2和3都提到了西瓜的红色果肉，这是西瓜特有的特征。
   - 玩家2特别提到了甜美的口感和维生素C含量。
   - 玩家3特别提到了低糖分和清爽的口感。
   - 玩家4没有提到任何关于西瓜的特征，而是提供了关于如何分析其他玩家描述的提示。

3. **可能的推断**：
   - 玩家4的描述与玩家1、2和3的关键词（西瓜）没有直接关联，这可能表明玩家4的词语不是西瓜。
   - 玩家1、2和3的描述非常相似，这可能是由于他们实际上持有的词语都是西瓜，或者是卧底故意模仿了平民的描述。

综上所述，玩家4的描述与西瓜的关键词不直接相关，这可能是一个不一致之处，提示玩家4可能是卧底。然而，这只是一个基于描述的分析，实际的卧底可能并不在这里，需要更多的信息或进一步的描述来确认。|| 请通过你分析的不一致之处，推断卧底身份，注意，这局游戏的词语分类为<水果>，卧底词和平民词都属于该类。
2024-12-12 22:16:51,961 - 1 - INFO - **********PLAYER1**********
基于上述分析，以下是我的推断：

1. 玩家1、2和3的描述都集中在西瓜的特征上，包括外观、口感和营养价值，这表明他们可能持有相同的平民词“西瓜”。

2. 玩家4的描述没有提到任何与西瓜相关的特征，而是提供了关于如何分析其他玩家描述的提示，这表明玩家4的词语可能与西瓜不同，可能是卧底。

3. 由于卧底词和平民词都属于“水果”这一类别，而玩家4没有直接描述水果的西瓜特征，这增加了玩家4是卧底的嫌疑。

综合以上信息，我推断玩家4很可能是卧底，因为他的描述与西瓜的关键特征不一致，而且他似乎在引导我们如何分析其他玩家的描述，这可能是为了隐藏自己的真实身份。当然，这个推断是基于当前信息的，实际的卧底身份可能需要更多的轮次描述和玩家之间的互动来最终确定。
2024-12-12 22:16:51,962 - 1 - INFO - **********JUDGER**********
你刚刚的推断是基于上述分析，以下是我的推断：

1. 玩家1、2和3的描述都集中在西瓜的特征上，包括外观、口感和营养价值，这表明他们可能持有相同的平民词“西瓜”。

2. 玩家4的描述没有提到任何与西瓜相关的特征，而是提供了关于如何分析其他玩家描述的提示，这表明玩家4的词语可能与西瓜不同，可能是卧底。

3. 由于卧底词和平民词都属于“水果”这一类别，而玩家4没有直接描述水果的西瓜特征，这增加了玩家4是卧底的嫌疑。

综合以上信息，我推断玩家4很可能是卧底，因为他的描述与西瓜的关键特征不一致，而且他似乎在引导我们如何分析其他玩家的描述，这可能是为了隐藏自己的真实身份。当然，这个推断是基于当前信息的，实际的卧底身份可能需要更多的轮次描述和玩家之间的互动来最终确定。|| 基于你刚刚的推断得出你的最终结论，请输出你认为的卧底，在这种情况下只需要输出编号，是1-4中的某个数字，不要输出其他信息。在这个过程不要进行任何推理，只对||以前的部分进行信息提取
2024-12-12 22:16:52,395 - 1 - INFO - **********PLAYER1**********
4
2024-12-12 22:17:52,159 - 1 - INFO - **********JUDGER**********
玩家1说：这是一个多汁的圆形水果，通常呈绿色，表面有深浅不一的条纹。在水果类中，它以独特的红色果肉和丰富的汁液而闻名。玩家2说：这是一个圆形的、绿色的水果，通常表面有明显的条纹。它在同类水果中以其甜美的口感和丰富的维生素C含量而著称。玩家3说：这个水果通常呈绿色，表面有明显的条纹，肉质鲜嫩多汁。在同类水果中，它以低糖分和清爽的口感而特别。玩家4说：这个水果是一种圆形的，外表通常是绿色的，上面有深浅不一的条纹。它在同类水果中最突出的不同特征是它的果肉是红色的，而且非常多汁。你是第1号玩家，你的关键词是<西瓜>。你的回答中绝对不能包含你的关键词<西瓜>。这是第二轮描述，你之前的描述是这是一个多汁的圆形水果，通常呈绿色，表面有深浅不一的条纹。在水果类中，它以独特的红色果肉和丰富的汁液而闻名。，注意，这局游戏的词语分类为<水果>，卧底词和平民词都属于该类，请你补充关于关键词的描述，注意，你的描述应该比起之前的描述更加贴近关键词，作为之前的补充
2024-12-12 22:17:53,770 - 1 - INFO - **********PLAYER1**********
这个水果汁多肉厚，尤其在炎炎夏日，是消暑解渴的佳品。它的外皮光滑，颜色翠绿，条纹清晰，让人一眼就能认出。
2024-12-12 22:18:03,894 - 1 - INFO - **********JUDGER**********
玩家1说：这是一个多汁的圆形水果，通常呈绿色，表面有深浅不一的条纹。在水果类中，它以独特的红色果肉和丰富的汁液而闻名。这个水果汁多肉厚，尤其在炎炎夏日，是消暑解渴的佳品。它的外皮光滑，颜色翠绿，条纹清晰，让人一眼就能认出。玩家2说：这是一个圆形的、绿色的水果，通常表面有明显的条纹。它在同类水果中以其甜美的口感和丰富的维生素C含量而著称。这个水果以其独特的柔软肉质和细腻的口感而受到喜爱，它的汁液丰富，但并不像玩家1描述的那样多到可以消暑解渴。它的外表光滑，颜色翠绿，条纹清晰，让人一眼就能认出。在同类水果中，它的甜味温和，维生素C含量适中，没有玩家3提到的低糖分和清爽的口感。玩家3说：这个水果通常呈绿色，表面有明显的条纹，肉质鲜嫩多汁。在同类水果中，它以低糖分和清爽的口感而特别。这个水果的果肉色彩鲜艳，呈现出诱人的红色，而且它的汁液丰富到几乎可以用来解渴。它的口感既清爽又甜美，非常适合在炎热的夏天食用。虽然它的外表可能不如其他水果那样华丽，但它的肉质和味道绝对值得一试。玩家4说：这个水果是一种圆形的，外表通常是绿色的，上面有深浅不一的条纹。它在同类水果中最突出的不同特征是它的果肉是红色的，而且非常多汁。||在这个游戏中，我们需要通过分析每位玩家的描述来找出卧底。通常，平民的描述会围绕相同的词语展开，而卧底的描述可能会因为词语的不同而显得不太一致。我们需要仔细比较每个描述之间的相似性和差异性，以找出可能的卧底，注意，卧底并不会隐藏自己，他会直接描述他的词语，现在，逐一分析每个玩家的描述，注意，这局游戏的词语分类为<水果>，卧底词和平民词都属于该类。||之前是第2轮描述和之前轮数描述的合集。你之前认为的卧底是玩家4。
2024-12-12 22:18:13,907 - 1 - INFO - **********PLAYER1**********
根据第二轮描述和之前的描述，我们可以进行以下分析：

玩家1的描述与玩家2和玩家3的描述相似，都提到了水果的圆形、绿色、条纹、红色果肉和丰富的汁液。玩家1特别强调了汁液的多汁和消暑解渴的特性。

玩家2的描述与玩家1和玩家3相似，但也指出了水果的甜味、维生素C含量、柔软肉质和细腻口感。玩家2的描述中提到了汁液丰富，但没有提到消暑解渴的特性，且对甜味和维生素C含量的描述与玩家3有所不同。

玩家3的描述与玩家1相似，强调了低糖分和清爽的口感，以及汁液丰富到可以用来解渴。玩家3的描述中提到了果肉色彩鲜艳和诱人，这与玩家1的描述相呼应。

玩家4的描述与玩家1、2和3相似，都提到了圆形、绿色、条纹、红色果肉和丰富的汁液。然而，玩家4的描述没有特别强调消暑解渴或低糖分，而是强调了汁液非常多汁。

基于这些描述，玩家4的描述虽然与玩家1、2和3相似，但没有突出强调消暑解渴或低糖分，这与玩家3的描述形成了一定的对比。因此，玩家4的描述可能不太一致，这可能表明玩家4是卧底。

然而，由于玩家4的描述与玩家1、2和3的描述在关键特征上基本一致，而玩家2的描述在甜味和维生素C含量上与玩家3有所不同，这可能表明玩家2的描述可能存在不一致之处。

综上所述，根据描述的相似性和差异性，玩家2可能是卧底，因为他的描述在某些细节上与玩家3有所不同，而玩家4的描述虽然与玩家1、2和3相似，但在强调的重点上可能存在不一致。但这个结论仍然需要进一步的轮次描述和玩家之间的互动来确认。
2024-12-12 22:18:13,909 - 1 - INFO - **********JUDGER**********
你刚刚的分析是根据第二轮描述和之前的描述，我们可以进行以下分析：

玩家1的描述与玩家2和玩家3的描述相似，都提到了水果的圆形、绿色、条纹、红色果肉和丰富的汁液。玩家1特别强调了汁液的多汁和消暑解渴的特性。

玩家2的描述与玩家1和玩家3相似，但也指出了水果的甜味、维生素C含量、柔软肉质和细腻口感。玩家2的描述中提到了汁液丰富，但没有提到消暑解渴的特性，且对甜味和维生素C含量的描述与玩家3有所不同。

玩家3的描述与玩家1相似，强调了低糖分和清爽的口感，以及汁液丰富到可以用来解渴。玩家3的描述中提到了果肉色彩鲜艳和诱人，这与玩家1的描述相呼应。

玩家4的描述与玩家1、2和3相似，都提到了圆形、绿色、条纹、红色果肉和丰富的汁液。然而，玩家4的描述没有特别强调消暑解渴或低糖分，而是强调了汁液非常多汁。

基于这些描述，玩家4的描述虽然与玩家1、2和3相似，但没有突出强调消暑解渴或低糖分，这与玩家3的描述形成了一定的对比。因此，玩家4的描述可能不太一致，这可能表明玩家4是卧底。

然而，由于玩家4的描述与玩家1、2和3的描述在关键特征上基本一致，而玩家2的描述在甜味和维生素C含量上与玩家3有所不同，这可能表明玩家2的描述可能存在不一致之处。

综上所述，根据描述的相似性和差异性，玩家2可能是卧底，因为他的描述在某些细节上与玩家3有所不同，而玩家4的描述虽然与玩家1、2和3相似，但在强调的重点上可能存在不一致。但这个结论仍然需要进一步的轮次描述和玩家之间的互动来确认。|| `请根据上述分析，比较描述以找出不一致之处，注意，这局游戏的词语分类为<水果>，卧底词和平民词都属于该类。
2024-12-12 22:18:22,073 - 1 - INFO - **********PLAYER1**********
根据上述分析，我们可以找出以下不一致之处：

1. **玩家2与玩家3在甜味和维生素C含量上的描述不一致**：
   - 玩家2提到了水果的甜味和丰富的维生素C含量。
   - 玩家3提到了水果的低糖分和清爽口感，但没有特别提到维生素C含量。

2. **玩家4在描述中的强调点与玩家1和玩家3有所不同**：
   - 玩家1和玩家3都强调了汁液的多汁和消暑解渴的特性。
   - 玩家4虽然也提到了丰富的汁液，但没有特别强调消暑解渴或低糖分。

这些不一致之处可能表明玩家2和玩家4的描述与玩家1和玩家3的描述有所不同，这可能是卧底的特征。卧底可能会在描述中包含一些与平民词不完全一致的信息，以此来隐藏自己的真实身份。
2024-12-12 22:18:22,074 - 1 - INFO - **********JUDGER**********
你刚刚的分析是根据上述分析，我们可以找出以下不一致之处：

1. **玩家2与玩家3在甜味和维生素C含量上的描述不一致**：
   - 玩家2提到了水果的甜味和丰富的维生素C含量。
   - 玩家3提到了水果的低糖分和清爽口感，但没有特别提到维生素C含量。

2. **玩家4在描述中的强调点与玩家1和玩家3有所不同**：
   - 玩家1和玩家3都强调了汁液的多汁和消暑解渴的特性。
   - 玩家4虽然也提到了丰富的汁液，但没有特别强调消暑解渴或低糖分。

这些不一致之处可能表明玩家2和玩家4的描述与玩家1和玩家3的描述有所不同，这可能是卧底的特征。卧底可能会在描述中包含一些与平民词不完全一致的信息，以此来隐藏自己的真实身份。|| 请通过你分析的不一致之处，推断卧底身份，注意，这局游戏的词语分类为<水果>，卧底词和平民词都属于该类。
2024-12-12 22:18:25,219 - 1 - INFO - **********PLAYER1**********
根据分析的不一致之处，我的推断是：

玩家2可能是卧底，因为他在描述中提到了甜味和维生素C含量，而玩家3没有提到维生素C含量，而是强调了低糖分和清爽口感。这种在相同特征上的描述差异可能表明玩家2的词语与玩家3的不同，尤其是在水果的维生素含量这一特征上。由于卧底词和平民词都属于“水果”类别，玩家2的描述可能是在故意引入差异以隐藏自己的真实身份。
2024-12-12 22:18:25,220 - 1 - INFO - **********JUDGER**********
你刚刚的推断是根据分析的不一致之处，我的推断是：

玩家2可能是卧底，因为他在描述中提到了甜味和维生素C含量，而玩家3没有提到维生素C含量，而是强调了低糖分和清爽口感。这种在相同特征上的描述差异可能表明玩家2的词语与玩家3的不同，尤其是在水果的维生素含量这一特征上。由于卧底词和平民词都属于“水果”类别，玩家2的描述可能是在故意引入差异以隐藏自己的真实身份。|| 基于你刚刚的推断得出你的最终结论，请输出你认为的卧底，在这种情况下只需要输出编号，是1-4中的某个数字，不要输出其他信息。在这个过程不要进行任何推理，只对||以前的部分进行信息提取
2024-12-12 22:18:26,041 - 1 - INFO - **********PLAYER1**********
2
2024-12-12 22:19:10,728 - 1 - INFO - **********JUDGER**********
玩家1说：这是一个多汁的圆形水果，通常呈绿色，表面有深浅不一的条纹。在水果类中，它以独特的红色果肉和丰富的汁液而闻名。这个水果汁多肉厚，尤其在炎炎夏日，是消暑解渴的佳品。它的外皮光滑，颜色翠绿，条纹清晰，让人一眼就能认出。玩家2说：这是一个圆形的、绿色的水果，通常表面有明显的条纹。它在同类水果中以其甜美的口感和丰富的维生素C含量而著称。这个水果以其独特的柔软肉质和细腻的口感而受到喜爱，它的汁液丰富，但并不像玩家1描述的那样多到可以消暑解渴。它的外表光滑，颜色翠绿，条纹清晰，让人一眼就能认出。在同类水果中，它的甜味温和，维生素C含量适中，没有玩家3提到的低糖分和清爽的口感。玩家3说：这个水果通常呈绿色，表面有明显的条纹，肉质鲜嫩多汁。在同类水果中，它以低糖分和清爽的口感而特别。这个水果的果肉色彩鲜艳，呈现出诱人的红色，而且它的汁液丰富到几乎可以用来解渴。它的口感既清爽又甜美，非常适合在炎热的夏天食用。虽然它的外表可能不如其他水果那样华丽，但它的肉质和味道绝对值得一试。玩家4说：这个水果是一种圆形的，外表通常是绿色的，上面有深浅不一的条纹。它在同类水果中最突出的不同特征是它的果肉是红色的，而且非常多汁。这个水果以其独特的红色果肉和丰富的汁液而著称，它的肉质厚实，汁液几乎可以用来解渴。在炎热的夏天，它不仅是消暑解渴的佳品，还能带来清新的口感和甜美的滋味。尽管它的外表可能不如其他水果那样华丽，但它的肉质和味道绝对值得一试。你是第1号玩家，你的关键词是<西瓜>。你的回答中绝对不能包含你的关键词<西瓜>。这是第三轮描述，你之前的描述是这是一个多汁的圆形水果，通常呈绿色，表面有深浅不一的条纹。在水果类中，它以独特的红色果肉和丰富的汁液而闻名。和这个水果汁多肉厚，尤其在炎炎夏日，是消暑解渴的佳品。它的外皮光滑，颜色翠绿，条纹清晰，让人一眼就能认出。，注意，这局游戏的词语分类为<水果>，卧底词和平民词都属于该类，请你补充关于关键词的描述，注意，你的描述应该比起之前的描述更加贴近关键词，作为之前的补充
2024-12-12 22:19:12,306 - 1 - INFO - **********PLAYER1**********
这个水果的果肉鲜艳，汁液充沛，适合在夏天食用，能带来清凉和解渴的效果。它的外皮光滑，绿色，条纹明显，易于识别。
2024-12-12 22:19:23,927 - 1 - INFO - **********JUDGER**********
玩家1说：这是一个多汁的圆形水果，通常呈绿色，表面有深浅不一的条纹。在水果类中，它以独特的红色果肉和丰富的汁液而闻名。这个水果汁多肉厚，尤其在炎炎夏日，是消暑解渴的佳品。它的外皮光滑，颜色翠绿，条纹清晰，让人一眼就能认出。这个水果的果肉鲜艳，汁液充沛，适合在夏天食用，能带来清凉和解渴的效果。它的外皮光滑，绿色，条纹明显，易于识别。玩家2说：这是一个圆形的、绿色的水果，通常表面有明显的条纹。它在同类水果中以其甜美的口感和丰富的维生素C含量而著称。这个水果以其独特的柔软肉质和细腻的口感而受到喜爱，它的汁液丰富，但并不像玩家1描述的那样多到可以消暑解渴。它的外表光滑，颜色翠绿，条纹清晰，让人一眼就能认出。在同类水果中，它的甜味温和，维生素C含量适中，没有玩家3提到的低糖分和清爽的口感。这个水果以其细腻的肉质和丰富的汁液而受到喜爱，它的甜味温和，维生素C含量适中，外表光滑，颜色翠绿，条纹清晰，让人一眼就能认出。在同类水果中，它的肉质柔软，口感独特，汁液丰富，但并不像某些水果那样多到可以用来解暑解渴。玩家3说：这个水果通常呈绿色，表面有明显的条纹，肉质鲜嫩多汁。在同类水果中，它以低糖分和清爽的口感而特别。这个水果的果肉色彩鲜艳，呈现出诱人的红色，而且它的汁液丰富到几乎可以用来解渴。它的口感既清爽又甜美，非常适合在炎热的夏天食用。虽然它的外表可能不如其他水果那样华丽，但它的肉质和味道绝对值得一试。这个水果的果肉鲜艳，呈现出诱人的红色，汁液丰富，几乎可以用来解渴。它的口感清爽甜美，非常适合在炎热的夏天食用，能够带来清凉和消暑的效果。它的外表光滑，颜色翠绿，条纹清晰，易于识别。玩家4说：这个水果是一种圆形的，外表通常是绿色的，上面有深浅不一的条纹。它在同类水果中最突出的不同特征是它的果肉是红色的，而且非常多汁。这个水果以其独特的红色果肉和丰富的汁液而著称，它的肉质厚实，汁液几乎可以用来解渴。在炎热的夏天，它不仅是消暑解渴的佳品，还能带来清新的口感和甜美的滋味。尽管它的外表可能不如其他水果那样华丽，但它的肉质和味道绝对值得一试。这个水果以其鲜艳的红色果肉和丰盈的汁液而闻名，它的肉质紧实，汁液多到几乎可以用作解渴的饮料。在炎热的夏季，它不仅是消暑解渴的佳选，还能提供清新的口感和甜美的滋味。尽管它的外观可能不如某些水果那样引人注目，但它的内在品质和味道绝对值得品尝。||在这个游戏中，我们需要通过分析每位玩家的描述来找出卧底。通常，平民的描述会围绕相同的词语展开，而卧底的描述可能会因为词语的不同而显得不太一致。我们需要仔细比较每个描述之间的相似性和差异性，以找出可能的卧底，注意，卧底并不会隐藏自己，他会直接描述他的词语，现在，逐一分析每个玩家的描述，注意，这局游戏的词语分类为<水果>，卧底词和平民词都属于该类。||之前是第3轮描述和之前轮数描述的合集。你之前认为的卧底是玩家2。
2024-12-12 22:19:30,848 - 1 - INFO - **********PLAYER1**********
根据第三轮描述和之前的描述，我们可以进行以下分析：

玩家1的描述与玩家4的描述非常相似，都强调了水果的红色果肉、丰富的汁液、适合消暑解渴，以及外表的绿色和条纹。

玩家2的描述与玩家1和玩家4的描述相似，但特别提到了水果的甜味、维生素C含量、柔软肉质和细腻口感，以及汁液并不像玩家1描述的那样多到可以消暑解渴。

玩家3的描述与玩家1和玩家4的描述相似，强调了水果的绿色、条纹、红色果肉、丰富的汁液、低糖分和清爽口感，以及适合在炎热的夏天食用。

玩家4的描述与玩家1的描述非常相似，强调了水果的红色果肉、丰富的汁液、适合消暑解渴，以及外表的绿色和条纹。

基于这些描述，玩家2的描述在甜味、维生素C含量和汁液量的描述上与玩家1和玩家3有所不同，这可能表明玩家2的词语与玩家1和玩家3的不同。因此，根据描述的相似性和差异性，玩家2可能是卧底。
2024-12-12 22:19:30,849 - 1 - INFO - **********JUDGER**********
你刚刚的分析是根据第三轮描述和之前的描述，我们可以进行以下分析：

玩家1的描述与玩家4的描述非常相似，都强调了水果的红色果肉、丰富的汁液、适合消暑解渴，以及外表的绿色和条纹。

玩家2的描述与玩家1和玩家4的描述相似，但特别提到了水果的甜味、维生素C含量、柔软肉质和细腻口感，以及汁液并不像玩家1描述的那样多到可以消暑解渴。

玩家3的描述与玩家1和玩家4的描述相似，强调了水果的绿色、条纹、红色果肉、丰富的汁液、低糖分和清爽口感，以及适合在炎热的夏天食用。

玩家4的描述与玩家1的描述非常相似，强调了水果的红色果肉、丰富的汁液、适合消暑解渴，以及外表的绿色和条纹。

基于这些描述，玩家2的描述在甜味、维生素C含量和汁液量的描述上与玩家1和玩家3有所不同，这可能表明玩家2的词语与玩家1和玩家3的不同。因此，根据描述的相似性和差异性，玩家2可能是卧底。|| `请根据上述分析，比较描述以找出不一致之处，注意，这局游戏的词语分类为<水果>，卧底词和平民词都属于该类。
2024-12-12 22:19:37,411 - 1 - INFO - **********PLAYER1**********
根据上述分析，不一致之处如下：

1. **玩家2与玩家1和玩家3在汁液量的描述上存在差异**：
   - 玩家1和玩家3的描述中都强调了水果的汁液丰富，几乎可以用来解渴。
   - 玩家2的描述中提到水果的汁液丰富，但没有强调到可以用来解渴的程度。

2. **玩家2在甜味和维生素C含量的描述上与玩家1和玩家3存在差异**：
   - 玩家1和玩家3没有特别提到水果的甜味和维生素C含量。
   - 玩家2的描述中特别提到了水果的甜味和丰富的维生素C含量。

这些不一致之处表明玩家2的描述在某些特征上与玩家1和玩家3的描述有所不同，这可能是卧底的特征，因为卧底可能会在描述中包含一些与平民词不完全一致的信息。
2024-12-12 22:19:37,412 - 1 - INFO - **********JUDGER**********
你刚刚的分析是根据上述分析，不一致之处如下：

1. **玩家2与玩家1和玩家3在汁液量的描述上存在差异**：
   - 玩家1和玩家3的描述中都强调了水果的汁液丰富，几乎可以用来解渴。
   - 玩家2的描述中提到水果的汁液丰富，但没有强调到可以用来解渴的程度。

2. **玩家2在甜味和维生素C含量的描述上与玩家1和玩家3存在差异**：
   - 玩家1和玩家3没有特别提到水果的甜味和维生素C含量。
   - 玩家2的描述中特别提到了水果的甜味和丰富的维生素C含量。

这些不一致之处表明玩家2的描述在某些特征上与玩家1和玩家3的描述有所不同，这可能是卧底的特征，因为卧底可能会在描述中包含一些与平民词不完全一致的信息。|| 请通过你分析的不一致之处，推断卧底身份，注意，这局游戏的词语分类为<水果>，卧底词和平民词都属于该类。
2024-12-12 22:19:39,117 - 1 - INFO - **********PLAYER1**********
2
2024-12-12 22:19:39,118 - 1 - INFO - **********JUDGER**********
你刚刚的推断是2|| 基于你刚刚的推断得出你的最终结论，请输出你认为的卧底，在这种情况下只需要输出编号，是1-4中的某个数字，不要输出其他信息。在这个过程不要进行任何推理，只对||以前的部分进行信息提取
2024-12-12 22:19:40,859 - 1 - INFO - **********PLAYER1**********
2
