2024-12-12 22:16:24,944 - 2 - INFO - **********JUDGER**********
让我们来玩一个叫做<谁是卧底>的推理游戏。基本规则：<人数>：4人。<角色分配>：每位玩家随机抽取一个词语，3名玩家拿到的词语是相同的（平民词），1名玩家拿到与之相近但不同的词语（卧底词）。<游戏流程>：1、玩家轮流描述自己的词语，但<不能>直接说出词语本身。2、描述完毕后，投票选出最像卧底的玩家。3、每轮结束后，被投票选出的玩家出局，不能再进行描述或投票。4、每轮投票结束后，如果卧底被成功找出，平民方获胜；如果卧底未被找出且卧底人数等于或超过平民人数，则卧底方获胜。你将扮演一个<玩家>，请等待你被分配到的关键词。如果你听懂了，只回答，"好的，我准备好参加游戏了"，不要输出别的信息
2024-12-12 22:16:25,338 - 2 - INFO - **********PLAYER2**********
好的，我准备好参加游戏了
2024-12-12 22:16:28,826 - 2 - INFO - **********JUDGER**********
玩家1说：这是一个多汁的圆形水果，通常呈绿色，表面有深浅不一的条纹。在水果类中，它以独特的红色果肉和丰富的汁液而闻名。玩家2说：玩家3说：玩家4说：|| 你是第2号玩家，你的关键词是<木瓜>。你的回答中绝对不能包含你的关键词<木瓜>。这是第一轮描述，不需要分析||之前别的玩家的描述，请你描述关键词基本特征，注意，这局游戏的词语分类为<水果>，卧底词和平民词都属于该类，描述包括以下两点，1.他的基本特征是什么2.他在该类（水果）中最突出不同的特征是什么，尽量简短
2024-12-12 22:16:30,407 - 2 - INFO - **********PLAYER2**********
这是一个圆形的、绿色的水果，通常表面有明显的条纹。它在同类水果中以其甜美的口感和丰富的维生素C含量而著称。
2024-12-12 22:16:52,395 - 2 - INFO - **********JUDGER**********
玩家1说：这是一个多汁的圆形水果，通常呈绿色，表面有深浅不一的条纹。在水果类中，它以独特的红色果肉和丰富的汁液而闻名。玩家2说：这是一个圆形的、绿色的水果，通常表面有明显的条纹。它在同类水果中以其甜美的口感和丰富的维生素C含量而著称。玩家3说：这个水果通常呈绿色，表面有明显的条纹，肉质鲜嫩多汁。在同类水果中，它以低糖分和清爽的口感而特别。玩家4说：||在这个游戏中，我们需要通过分析每位玩家的描述来找出卧底。通常，平民的描述会围绕相同的词语展开，而卧底的描述可能会因为词语的不同而显得不太一致。我们需要仔细比较每个描述之间的相似性和差异性，以找出可能的卧底，注意，卧底并不会隐藏自己，他会直接描述他的词语，现在，逐一分析每个玩家的描述，注意，这局游戏的词语分类为<水果>，卧底词和平民词都属于该类。这是第一轮描述。
2024-12-12 22:16:55,348 - 2 - INFO - **********PLAYER2**********
作为玩家2，我会这样回应：

我注意到我们四个人的描述都非常相似，都在描述一个圆形、绿色、表面有条纹的水果，并且都提到了多汁、甜美的口感和维生素C。然而，我的描述中并没有提到果肉是红色的，这是我和其他玩家描述中一个明显的不同点。此外，我没有提到低糖分和清爽的口感，这也是一个可能的不同之处。我会保持警惕，观察接下来的描述，看看是否有更多的线索可以揭示卧底的身份。
2024-12-12 22:16:55,348 - 2 - INFO - **********JUDGER**********
你刚刚的分析是作为玩家2，我会这样回应：

我注意到我们四个人的描述都非常相似，都在描述一个圆形、绿色、表面有条纹的水果，并且都提到了多汁、甜美的口感和维生素C。然而，我的描述中并没有提到果肉是红色的，这是我和其他玩家描述中一个明显的不同点。此外，我没有提到低糖分和清爽的口感，这也是一个可能的不同之处。我会保持警惕，观察接下来的描述，看看是否有更多的线索可以揭示卧底的身份。|| `请根据上述分析，比较描述以找出不一致之处，注意，这局游戏的词语分类为<水果>，卧底词和平民词都属于该类。
2024-12-12 22:17:03,952 - 2 - INFO - **********PLAYER2**********
根据上述分析，我们可以比较每个玩家的描述以找出不一致之处：

1. 玩家1的描述中提到了“独特的红色果肉和丰富的汁液”，这是与其他玩家描述的一个显著差异，因为其他玩家没有提到果肉的颜色。

2. 玩家2的描述与玩家1和玩家3的描述非常相似，没有提到果肉颜色，也没有提到低糖分和清爽的口感。

3. 玩家3的描述中提到了“肉质鲜嫩多汁”和“低糖分和清爽的口感”，这两个特征在玩家1和玩家2的描述中没有出现。

4. 玩家4的描述并没有提供具体的信息，而是提醒我们注意描述中的线索，这并不影响我们分析其他玩家的描述。

基于这些比较，不一致之处主要集中在果肉颜色和口感描述上。玩家1提到了红色果肉，而玩家3提到了低糖分和清爽的口感，这两个特征在玩家2的描述中没有出现。这些差异可能是识别卧底的关键线索。
2024-12-12 22:17:03,953 - 2 - INFO - **********JUDGER**********
你刚刚的分析是根据上述分析，我们可以比较每个玩家的描述以找出不一致之处：

1. 玩家1的描述中提到了“独特的红色果肉和丰富的汁液”，这是与其他玩家描述的一个显著差异，因为其他玩家没有提到果肉的颜色。

2. 玩家2的描述与玩家1和玩家3的描述非常相似，没有提到果肉颜色，也没有提到低糖分和清爽的口感。

3. 玩家3的描述中提到了“肉质鲜嫩多汁”和“低糖分和清爽的口感”，这两个特征在玩家1和玩家2的描述中没有出现。

4. 玩家4的描述并没有提供具体的信息，而是提醒我们注意描述中的线索，这并不影响我们分析其他玩家的描述。

基于这些比较，不一致之处主要集中在果肉颜色和口感描述上。玩家1提到了红色果肉，而玩家3提到了低糖分和清爽的口感，这两个特征在玩家2的描述中没有出现。这些差异可能是识别卧底的关键线索。|| 请通过你分析的不一致之处，推断卧底身份，注意，这局游戏的词语分类为<水果>，卧底词和平民词都属于该类。
2024-12-12 22:17:13,172 - 2 - INFO - **********PLAYER2**********
基于上述分析的不一致之处，我们可以进行以下推断：

1. 玩家1提到了“独特的红色果肉”，这是一个与其他玩家描述显著不同的特征。如果所有玩家都是平民，那么他们应该描述的是相同的词语，而这个描述中的红色果肉可能是关键线索。

2. 玩家3提到了“低糖分和清爽的口感”，这也是一个与其他玩家描述不同的特征。

由于游戏规则中提到卧底词和平民词都属于同一类（水果），我们需要找到一个词语，其特征能够同时解释玩家1和玩家3的描述差异。

考虑到玩家1提到的红色果肉，玩家3提到的低糖分和清爽口感，以及所有描述中都提到的圆形、绿色、表面有条纹、多汁、甜美的口感和维生素C，我们可以推断：

- 玩家1和玩家3可能是在描述两种不同但属于同一类的水果。
- 玩家2的描述与玩家1和玩家3的描述相似，但没有提及红色果肉或低糖分，这可能意味着玩家2也是平民，描述的是相同的词语。
- 玩家4的描述没有提供具体信息，但他的角色是提醒大家注意线索，这可能意味着他是平民。

结合这些信息，玩家1和玩家3的描述差异可能指向了两种不同但都属于水果类别的词语，如“木瓜”和“柚子”。由于木瓜的果肉是红色的，而柚子通常被认为是低糖分和清爽口感的。因此，如果我是玩家2，我会推断玩家1或玩家3中有一个是卧底，因为他们描述的特征与普遍认知中的某种水果不符。而玩家4作为平民角色，不太可能是卧底。

综上所述，我会倾向于认为玩家1或玩家3是卧底。
2024-12-12 22:17:13,173 - 2 - INFO - **********JUDGER**********
你刚刚的推断是基于上述分析的不一致之处，我们可以进行以下推断：

1. 玩家1提到了“独特的红色果肉”，这是一个与其他玩家描述显著不同的特征。如果所有玩家都是平民，那么他们应该描述的是相同的词语，而这个描述中的红色果肉可能是关键线索。

2. 玩家3提到了“低糖分和清爽的口感”，这也是一个与其他玩家描述不同的特征。

由于游戏规则中提到卧底词和平民词都属于同一类（水果），我们需要找到一个词语，其特征能够同时解释玩家1和玩家3的描述差异。

考虑到玩家1提到的红色果肉，玩家3提到的低糖分和清爽口感，以及所有描述中都提到的圆形、绿色、表面有条纹、多汁、甜美的口感和维生素C，我们可以推断：

- 玩家1和玩家3可能是在描述两种不同但属于同一类的水果。
- 玩家2的描述与玩家1和玩家3的描述相似，但没有提及红色果肉或低糖分，这可能意味着玩家2也是平民，描述的是相同的词语。
- 玩家4的描述没有提供具体信息，但他的角色是提醒大家注意线索，这可能意味着他是平民。

结合这些信息，玩家1和玩家3的描述差异可能指向了两种不同但都属于水果类别的词语，如“木瓜”和“柚子”。由于木瓜的果肉是红色的，而柚子通常被认为是低糖分和清爽口感的。因此，如果我是玩家2，我会推断玩家1或玩家3中有一个是卧底，因为他们描述的特征与普遍认知中的某种水果不符。而玩家4作为平民角色，不太可能是卧底。

综上所述，我会倾向于认为玩家1或玩家3是卧底。|| 基于你刚刚的推断得出你的最终结论，请输出你认为的卧底，在这种情况下只需要输出编号，是1-4中的某个数字，不要输出其他信息。在这个过程不要进行任何推理，只对||以前的部分进行信息提取
2024-12-12 22:17:13,655 - 2 - INFO - **********PLAYER2**********
1
2024-12-12 22:17:53,771 - 2 - INFO - **********JUDGER**********
玩家1说：这是一个多汁的圆形水果，通常呈绿色，表面有深浅不一的条纹。在水果类中，它以独特的红色果肉和丰富的汁液而闻名。这个水果汁多肉厚，尤其在炎炎夏日，是消暑解渴的佳品。它的外皮光滑，颜色翠绿，条纹清晰，让人一眼就能认出。玩家2说：这是一个圆形的、绿色的水果，通常表面有明显的条纹。它在同类水果中以其甜美的口感和丰富的维生素C含量而著称。玩家3说：这个水果通常呈绿色，表面有明显的条纹，肉质鲜嫩多汁。在同类水果中，它以低糖分和清爽的口感而特别。玩家4说：这个水果是一种圆形的，外表通常是绿色的，上面有深浅不一的条纹。它在同类水果中最突出的不同特征是它的果肉是红色的，而且非常多汁。你是第2号玩家，你的关键词是<木瓜>。你的回答中绝对不能包含你的关键词<木瓜>。这是第二轮描述，你之前的描述是这是一个圆形的、绿色的水果，通常表面有明显的条纹。它在同类水果中以其甜美的口感和丰富的维生素C含量而著称。，注意，这局游戏的词语分类为<水果>，卧底词和平民词都属于该类，请你补充关于关键词的描述，注意，你的描述应该比起之前的描述更加贴近关键词，作为之前的补充
2024-12-12 22:17:56,631 - 2 - INFO - **********PLAYER2**********
这个水果以其独特的柔软肉质和细腻的口感而受到喜爱，它的汁液丰富，但并不像玩家1描述的那样多到可以消暑解渴。它的外表光滑，颜色翠绿，条纹清晰，让人一眼就能认出。在同类水果中，它的甜味温和，维生素C含量适中，没有玩家3提到的低糖分和清爽的口感。
2024-12-12 22:18:26,042 - 2 - INFO - **********JUDGER**********
玩家1说：这是一个多汁的圆形水果，通常呈绿色，表面有深浅不一的条纹。在水果类中，它以独特的红色果肉和丰富的汁液而闻名。这个水果汁多肉厚，尤其在炎炎夏日，是消暑解渴的佳品。它的外皮光滑，颜色翠绿，条纹清晰，让人一眼就能认出。玩家2说：这是一个圆形的、绿色的水果，通常表面有明显的条纹。它在同类水果中以其甜美的口感和丰富的维生素C含量而著称。这个水果以其独特的柔软肉质和细腻的口感而受到喜爱，它的汁液丰富，但并不像玩家1描述的那样多到可以消暑解渴。它的外表光滑，颜色翠绿，条纹清晰，让人一眼就能认出。在同类水果中，它的甜味温和，维生素C含量适中，没有玩家3提到的低糖分和清爽的口感。玩家3说：这个水果通常呈绿色，表面有明显的条纹，肉质鲜嫩多汁。在同类水果中，它以低糖分和清爽的口感而特别。这个水果的果肉色彩鲜艳，呈现出诱人的红色，而且它的汁液丰富到几乎可以用来解渴。它的口感既清爽又甜美，非常适合在炎热的夏天食用。虽然它的外表可能不如其他水果那样华丽，但它的肉质和味道绝对值得一试。玩家4说：这个水果是一种圆形的，外表通常是绿色的，上面有深浅不一的条纹。它在同类水果中最突出的不同特征是它的果肉是红色的，而且非常多汁。||在这个游戏中，我们需要通过分析每位玩家的描述来找出卧底。通常，平民的描述会围绕相同的词语展开，而卧底的描述可能会因为词语的不同而显得不太一致。我们需要仔细比较每个描述之间的相似性和差异性，以找出可能的卧底，注意，卧底并不会隐藏自己，他会直接描述他的词语，现在，逐一分析每个玩家的描述，注意，这局游戏的词语分类为<水果>，卧底词和平民词都属于该类。||之前是第2轮描述和之前轮数描述的合集。你之前认为的卧底是玩家1。
2024-12-12 22:18:26,682 - 2 - INFO - **********PLAYER2**********
玩家4
2024-12-12 22:18:26,682 - 2 - INFO - **********JUDGER**********
你刚刚的分析是玩家4|| `请根据上述分析，比较描述以找出不一致之处，注意，这局游戏的词语分类为<水果>，卧底词和平民词都属于该类。
2024-12-12 22:18:36,238 - 2 - INFO - **********PLAYER2**********
根据上述分析，我们可以比较每个玩家的描述以找出不一致之处：

1. 玩家1的描述中提到了“独特的红色果肉和丰富的汁液”，强调了果肉的颜色和汁液的丰富性，同时提到这是消暑解渴的佳品。

2. 玩家2的描述与玩家1和玩家4的描述相似，都提到了圆形、绿色、表面有条纹、多汁、甜美的口感和维生素C含量，但没有提及果肉的颜色。

3. 玩家3的描述中提到了“肉质鲜嫩多汁”和“低糖分和清爽的口感”，同时强调了果肉色彩鲜艳的红色和汁液丰富到几乎可以用来解渴。

4. 玩家4的描述与玩家1和玩家3的描述在果肉颜色和汁液丰富度上有相似之处，都提到了红色果肉和丰富的汁液，但没有提及低糖分和清爽的口感。

不一致之处在于：

- 玩家3特别提到了“低糖分和清爽的口感”，而其他玩家没有提到这一点。
- 玩家1和玩家4都提到了果肉是红色的，而玩家2没有提及果肉颜色。
- 玩家1强调了汁液丰富到可以消暑解渴，而玩家2和玩家3没有这样的描述。

这些差异可能表明玩家3的描述与其他玩家不一致，因为他提到了低糖分和清爽的口感，这是其他玩家没有提到的特征。同时，玩家1和玩家4在果肉颜色和汁液描述上与玩家3相似，但与玩家2的描述不同。因此，玩家3的描述可能与其他玩家的描述不一致，这可能是识别卧底的关键线索。
2024-12-12 22:18:36,241 - 2 - INFO - **********JUDGER**********
你刚刚的分析是根据上述分析，我们可以比较每个玩家的描述以找出不一致之处：

1. 玩家1的描述中提到了“独特的红色果肉和丰富的汁液”，强调了果肉的颜色和汁液的丰富性，同时提到这是消暑解渴的佳品。

2. 玩家2的描述与玩家1和玩家4的描述相似，都提到了圆形、绿色、表面有条纹、多汁、甜美的口感和维生素C含量，但没有提及果肉的颜色。

3. 玩家3的描述中提到了“肉质鲜嫩多汁”和“低糖分和清爽的口感”，同时强调了果肉色彩鲜艳的红色和汁液丰富到几乎可以用来解渴。

4. 玩家4的描述与玩家1和玩家3的描述在果肉颜色和汁液丰富度上有相似之处，都提到了红色果肉和丰富的汁液，但没有提及低糖分和清爽的口感。

不一致之处在于：

- 玩家3特别提到了“低糖分和清爽的口感”，而其他玩家没有提到这一点。
- 玩家1和玩家4都提到了果肉是红色的，而玩家2没有提及果肉颜色。
- 玩家1强调了汁液丰富到可以消暑解渴，而玩家2和玩家3没有这样的描述。

这些差异可能表明玩家3的描述与其他玩家不一致，因为他提到了低糖分和清爽的口感，这是其他玩家没有提到的特征。同时，玩家1和玩家4在果肉颜色和汁液描述上与玩家3相似，但与玩家2的描述不同。因此，玩家3的描述可能与其他玩家的描述不一致，这可能是识别卧底的关键线索。|| 请通过你分析的不一致之处，推断卧底身份，注意，这局游戏的词语分类为<水果>，卧底词和平民词都属于该类。
2024-12-12 22:18:37,927 - 2 - INFO - **********PLAYER2**********
3
2024-12-12 22:18:37,927 - 2 - INFO - **********JUDGER**********
你刚刚的推断是3|| 基于你刚刚的推断得出你的最终结论，请输出你认为的卧底，在这种情况下只需要输出编号，是1-4中的某个数字，不要输出其他信息。在这个过程不要进行任何推理，只对||以前的部分进行信息提取
2024-12-12 22:18:39,014 - 2 - INFO - **********PLAYER2**********
3
2024-12-12 22:19:12,307 - 2 - INFO - **********JUDGER**********
玩家1说：这是一个多汁的圆形水果，通常呈绿色，表面有深浅不一的条纹。在水果类中，它以独特的红色果肉和丰富的汁液而闻名。这个水果汁多肉厚，尤其在炎炎夏日，是消暑解渴的佳品。它的外皮光滑，颜色翠绿，条纹清晰，让人一眼就能认出。这个水果的果肉鲜艳，汁液充沛，适合在夏天食用，能带来清凉和解渴的效果。它的外皮光滑，绿色，条纹明显，易于识别。玩家2说：这是一个圆形的、绿色的水果，通常表面有明显的条纹。它在同类水果中以其甜美的口感和丰富的维生素C含量而著称。这个水果以其独特的柔软肉质和细腻的口感而受到喜爱，它的汁液丰富，但并不像玩家1描述的那样多到可以消暑解渴。它的外表光滑，颜色翠绿，条纹清晰，让人一眼就能认出。在同类水果中，它的甜味温和，维生素C含量适中，没有玩家3提到的低糖分和清爽的口感。玩家3说：这个水果通常呈绿色，表面有明显的条纹，肉质鲜嫩多汁。在同类水果中，它以低糖分和清爽的口感而特别。这个水果的果肉色彩鲜艳，呈现出诱人的红色，而且它的汁液丰富到几乎可以用来解渴。它的口感既清爽又甜美，非常适合在炎热的夏天食用。虽然它的外表可能不如其他水果那样华丽，但它的肉质和味道绝对值得一试。玩家4说：这个水果是一种圆形的，外表通常是绿色的，上面有深浅不一的条纹。它在同类水果中最突出的不同特征是它的果肉是红色的，而且非常多汁。这个水果以其独特的红色果肉和丰富的汁液而著称，它的肉质厚实，汁液几乎可以用来解渴。在炎热的夏天，它不仅是消暑解渴的佳品，还能带来清新的口感和甜美的滋味。尽管它的外表可能不如其他水果那样华丽，但它的肉质和味道绝对值得一试。你是第2号玩家，你的关键词是<木瓜>。你的回答中绝对不能包含你的关键词<木瓜>。这是第三轮描述，你之前的描述是这是一个圆形的、绿色的水果，通常表面有明显的条纹。它在同类水果中以其甜美的口感和丰富的维生素C含量而著称。和这个水果以其独特的柔软肉质和细腻的口感而受到喜爱，它的汁液丰富，但并不像玩家1描述的那样多到可以消暑解渴。它的外表光滑，颜色翠绿，条纹清晰，让人一眼就能认出。在同类水果中，它的甜味温和，维生素C含量适中，没有玩家3提到的低糖分和清爽的口感。，注意，这局游戏的词语分类为<水果>，卧底词和平民词都属于该类，请你补充关于关键词的描述，注意，你的描述应该比起之前的描述更加贴近关键词，作为之前的补充
2024-12-12 22:19:14,915 - 2 - INFO - **********PLAYER2**********
这个水果以其细腻的肉质和丰富的汁液而受到喜爱，它的甜味温和，维生素C含量适中，外表光滑，颜色翠绿，条纹清晰，让人一眼就能认出。在同类水果中，它的肉质柔软，口感独特，汁液丰富，但并不像某些水果那样多到可以用来解暑解渴。
2024-12-12 22:19:40,859 - 2 - INFO - **********JUDGER**********
玩家1说：这是一个多汁的圆形水果，通常呈绿色，表面有深浅不一的条纹。在水果类中，它以独特的红色果肉和丰富的汁液而闻名。这个水果汁多肉厚，尤其在炎炎夏日，是消暑解渴的佳品。它的外皮光滑，颜色翠绿，条纹清晰，让人一眼就能认出。这个水果的果肉鲜艳，汁液充沛，适合在夏天食用，能带来清凉和解渴的效果。它的外皮光滑，绿色，条纹明显，易于识别。玩家2说：这是一个圆形的、绿色的水果，通常表面有明显的条纹。它在同类水果中以其甜美的口感和丰富的维生素C含量而著称。这个水果以其独特的柔软肉质和细腻的口感而受到喜爱，它的汁液丰富，但并不像玩家1描述的那样多到可以消暑解渴。它的外表光滑，颜色翠绿，条纹清晰，让人一眼就能认出。在同类水果中，它的甜味温和，维生素C含量适中，没有玩家3提到的低糖分和清爽的口感。这个水果以其细腻的肉质和丰富的汁液而受到喜爱，它的甜味温和，维生素C含量适中，外表光滑，颜色翠绿，条纹清晰，让人一眼就能认出。在同类水果中，它的肉质柔软，口感独特，汁液丰富，但并不像某些水果那样多到可以用来解暑解渴。玩家3说：这个水果通常呈绿色，表面有明显的条纹，肉质鲜嫩多汁。在同类水果中，它以低糖分和清爽的口感而特别。这个水果的果肉色彩鲜艳，呈现出诱人的红色，而且它的汁液丰富到几乎可以用来解渴。它的口感既清爽又甜美，非常适合在炎热的夏天食用。虽然它的外表可能不如其他水果那样华丽，但它的肉质和味道绝对值得一试。这个水果的果肉鲜艳，呈现出诱人的红色，汁液丰富，几乎可以用来解渴。它的口感清爽甜美，非常适合在炎热的夏天食用，能够带来清凉和消暑的效果。它的外表光滑，颜色翠绿，条纹清晰，易于识别。玩家4说：这个水果是一种圆形的，外表通常是绿色的，上面有深浅不一的条纹。它在同类水果中最突出的不同特征是它的果肉是红色的，而且非常多汁。这个水果以其独特的红色果肉和丰富的汁液而著称，它的肉质厚实，汁液几乎可以用来解渴。在炎热的夏天，它不仅是消暑解渴的佳品，还能带来清新的口感和甜美的滋味。尽管它的外表可能不如其他水果那样华丽，但它的肉质和味道绝对值得一试。这个水果以其鲜艳的红色果肉和丰盈的汁液而闻名，它的肉质紧实，汁液多到几乎可以用作解渴的饮料。在炎热的夏季，它不仅是消暑解渴的佳选，还能提供清新的口感和甜美的滋味。尽管它的外观可能不如某些水果那样引人注目，但它的内在品质和味道绝对值得品尝。||在这个游戏中，我们需要通过分析每位玩家的描述来找出卧底。通常，平民的描述会围绕相同的词语展开，而卧底的描述可能会因为词语的不同而显得不太一致。我们需要仔细比较每个描述之间的相似性和差异性，以找出可能的卧底，注意，卧底并不会隐藏自己，他会直接描述他的词语，现在，逐一分析每个玩家的描述，注意，这局游戏的词语分类为<水果>，卧底词和平民词都属于该类。||之前是第3轮描述和之前轮数描述的合集。你之前认为的卧底是玩家3。
2024-12-12 22:19:42,000 - 2 - INFO - **********PLAYER2**********
3
2024-12-12 22:19:42,003 - 2 - INFO - **********JUDGER**********
你刚刚的分析是3|| `请根据上述分析，比较描述以找出不一致之处，注意，这局游戏的词语分类为<水果>，卧底词和平民词都属于该类。
2024-12-12 22:19:47,340 - 2 - INFO - **********PLAYER2**********
在比较四个玩家的描述时，以下是不一致之处：

1. 玩家1描述了果肉为红色，而玩家2、玩家3和玩家4都没有提及果肉颜色。
2. 玩家1提到水果汁液丰富到可以消暑解渴，而玩家2、玩家3和玩家4没有这样的描述。
3. 玩家3特别提到了水果的“低糖分和清爽的口感”，这一点在玩家1、玩家2和玩家4的描述中没有出现。
4. 玩家4的描述中提到了水果的肉质厚实，而玩家1、玩家2和玩家3没有提及肉质厚度。

这些不一致之处表明玩家3的描述在多个方面与其他玩家有所不同，尤其是关于糖分、口感和汁液丰富度的描述，这些可能是识别卧底的关键线索。
2024-12-12 22:19:47,342 - 2 - INFO - **********JUDGER**********
你刚刚的分析是在比较四个玩家的描述时，以下是不一致之处：

1. 玩家1描述了果肉为红色，而玩家2、玩家3和玩家4都没有提及果肉颜色。
2. 玩家1提到水果汁液丰富到可以消暑解渴，而玩家2、玩家3和玩家4没有这样的描述。
3. 玩家3特别提到了水果的“低糖分和清爽的口感”，这一点在玩家1、玩家2和玩家4的描述中没有出现。
4. 玩家4的描述中提到了水果的肉质厚实，而玩家1、玩家2和玩家3没有提及肉质厚度。

这些不一致之处表明玩家3的描述在多个方面与其他玩家有所不同，尤其是关于糖分、口感和汁液丰富度的描述，这些可能是识别卧底的关键线索。|| 请通过你分析的不一致之处，推断卧底身份，注意，这局游戏的词语分类为<水果>，卧底词和平民词都属于该类。
2024-12-12 22:19:48,423 - 2 - INFO - **********PLAYER2**********
3
2024-12-12 22:19:48,423 - 2 - INFO - **********JUDGER**********
你刚刚的推断是3|| 基于你刚刚的推断得出你的最终结论，请输出你认为的卧底，在这种情况下只需要输出编号，是1-4中的某个数字，不要输出其他信息。在这个过程不要进行任何推理，只对||以前的部分进行信息提取
2024-12-12 22:19:49,338 - 2 - INFO - **********PLAYER2**********
3
