2024-12-13 17:44:19,190 - 1 - INFO - **********JUDGER**********
让我们来玩一个叫做<谁是卧底>的推理游戏。基本规则：<人数>：4人。<角色分配>：每位玩家随机抽取一个词语，3名玩家拿到的词语是相同的（平民词），1名玩家拿到与之相近但不同的词语（卧底词）。<游戏流程>：1、玩家轮流描述自己的词语，但<不能>直接说出词语本身。2、描述完毕后，投票选出最像卧底的玩家。3、每轮结束后，被投票选出的玩家出局，不能再进行描述或投票。4、每轮投票结束后，如果卧底被成功找出，平民方获胜；如果卧底未被找出且卧底人数等于或超过平民人数，则卧底方获胜。你将扮演一个<玩家>，请等待你被分配到的关键词。如果你听懂了，只回答，"好的，我准备好参加游戏了"，不要输出别的信息
2024-12-13 17:44:19,937 - 1 - INFO - **********PLAYER1**********
好的，我准备好参加游戏了
2024-12-13 17:44:24,337 - 1 - INFO - **********JUDGER**********
玩家1说：玩家2说：玩家3说：玩家4说：|| 你是第1号玩家，你的关键词是<芒果>。你的回答中绝对不能包含你的关键词<芒果>。这是第一轮描述，不需要分析||之前别的玩家的描述，请你描述关键词基本特征，注意，这局游戏的词语分类为<水果>，卧底词和平民词都属于该类，描述包括以下两点，1.他的基本特征是什么2.他在该类（水果）中最突出不同的特征是什么，尽量简短
2024-12-13 17:44:26,389 - 1 - INFO - **********PLAYER1**********
这是一个金黄色的水果，通常在热带地区生长，味道甜而多汁。在水果类中，它特别以其独特的香味和丰富的维生素C含量而闻名。
2024-12-13 17:44:33,159 - 1 - INFO - **********JUDGER**********
玩家1说：这是一个金黄色的水果，通常在热带地区生长，味道甜而多汁。在水果类中，它特别以其独特的香味和丰富的维生素C含量而闻名。玩家2说：这是一个色泽鲜艳的水果，通常呈橙黄色。在水果类中，它以其丰富的汁液和独特的香味而著称，且在维生素C含量上尤为突出。与其他水果相比，它在味道上更为甜美，且通常生长在温暖的热带地区。玩家3说：这是一个热带水果，其特点是皮薄、核小，果肉鲜嫩多汁。在水果类中，它最突出的不同特征是其独特的香味和丰富的汁液。玩家4说：||在这个游戏中，我们需要通过分析每位玩家的描述来找出卧底。通常，平民的描述会围绕相同的词语展开，而卧底的描述可能会因为词语的不同而显得不太一致。我们需要仔细比较每个描述之间的相似性和差异性，以找出可能的卧底，注意，卧底并不会隐藏自己，他会直接描述他的词语，现在，逐一分析每个玩家的描述，注意，这局游戏的词语分类为<水果>，卧底词和平民词都属于该类。这是第一轮描述。
2024-12-13 17:44:39,698 - 1 - INFO - **********PLAYER1**********
玩家1、玩家2和玩家3的描述都指向了同一个水果，即芒果，它们都提到了金黄色的外观、甜味、维生素C含量、热带生长地、香味、汁液丰富等特征。玩家4的描述则更像是在引导大家分析而不是在描述一个具体的水果，他强调了游戏规则和描述分析的方法，这可能是卧底的行为，因为卧底通常不会直接描述自己的词语，而是试图引导其他玩家。因此，根据描述的内容和风格，玩家4可能是卧底。
2024-12-13 17:44:39,699 - 1 - INFO - **********JUDGER**********
你刚刚的分析是玩家1、玩家2和玩家3的描述都指向了同一个水果，即芒果，它们都提到了金黄色的外观、甜味、维生素C含量、热带生长地、香味、汁液丰富等特征。玩家4的描述则更像是在引导大家分析而不是在描述一个具体的水果，他强调了游戏规则和描述分析的方法，这可能是卧底的行为，因为卧底通常不会直接描述自己的词语，而是试图引导其他玩家。因此，根据描述的内容和风格，玩家4可能是卧底。|| `请根据上述分析，比较描述以找出不一致之处，注意，这局游戏的词语分类为<水果>，卧底词和平民词都属于该类。
2024-12-13 17:44:49,385 - 1 - INFO - **********PLAYER1**********
根据上述分析，我们可以比较描述中的一致性和不一致性：

1. **一致性**：
   - 所有玩家的描述都提到了水果的甜味、香味、汁液丰富、生长在热带地区以及维生素C含量。
   - 所有描述都强调了水果的色泽，尽管描述的用词略有不同，但都指向了类似的外观特征。

2. **不一致性**：
   - 玩家4的描述没有具体提到任何水果的物理特征，而是专注于游戏的规则和推理方法，这与玩家1、玩家2和玩家3的描述形成了对比，后者都在具体描述一个水果。
   - 玩家4的描述似乎在引导其他玩家如何分析，而不是在提供关于某个具体水果的信息，这与其他玩家的描述目的不符。

基于这些点，玩家4的描述与玩家1、玩家2和玩家3的描述在内容和目的上存在显著的不一致性，这增加了玩家4是卧底的可能性。其他玩家的描述都在围绕同一个水果的特征进行，而玩家4的描述则更像是在提供游戏策略，而不是描述一个具体的水果。
2024-12-13 17:44:49,387 - 1 - INFO - **********JUDGER**********
你刚刚的分析是根据上述分析，我们可以比较描述中的一致性和不一致性：

1. **一致性**：
   - 所有玩家的描述都提到了水果的甜味、香味、汁液丰富、生长在热带地区以及维生素C含量。
   - 所有描述都强调了水果的色泽，尽管描述的用词略有不同，但都指向了类似的外观特征。

2. **不一致性**：
   - 玩家4的描述没有具体提到任何水果的物理特征，而是专注于游戏的规则和推理方法，这与玩家1、玩家2和玩家3的描述形成了对比，后者都在具体描述一个水果。
   - 玩家4的描述似乎在引导其他玩家如何分析，而不是在提供关于某个具体水果的信息，这与其他玩家的描述目的不符。

基于这些点，玩家4的描述与玩家1、玩家2和玩家3的描述在内容和目的上存在显著的不一致性，这增加了玩家4是卧底的可能性。其他玩家的描述都在围绕同一个水果的特征进行，而玩家4的描述则更像是在提供游戏策略，而不是描述一个具体的水果。|| 请通过你分析的不一致之处，推断卧底身份，注意，这局游戏的词语分类为<水果>，卧底词和平民词都属于该类。
2024-12-13 17:44:56,854 - 1 - INFO - **********PLAYER1**********
根据分析中提到的不一致性，可以推断以下结论：

- 玩家1、玩家2和玩家3的描述都是围绕一个具体的水果特征展开，且他们的描述之间存在高度的一致性，这表明他们可能持有相同的平民词。
- 玩家4的描述没有具体提及任何水果的物理特征，而是集中在游戏的规则和推理方法上，这与其他玩家的描述目的和内容不一致。
- 由于游戏规则指出卧底词和平民词都属于同一类（水果），且玩家4的描述不符合描述水果的特征，这强烈暗示玩家4可能持有与平民词不同的卧底词。

因此，基于上述分析，玩家4很可能是卧底，因为他的描述与游戏描述水果的特征不符，而是提供了关于游戏策略的信息。
2024-12-13 17:44:56,856 - 1 - INFO - **********JUDGER**********
你刚刚的推断是根据分析中提到的不一致性，可以推断以下结论：

- 玩家1、玩家2和玩家3的描述都是围绕一个具体的水果特征展开，且他们的描述之间存在高度的一致性，这表明他们可能持有相同的平民词。
- 玩家4的描述没有具体提及任何水果的物理特征，而是集中在游戏的规则和推理方法上，这与其他玩家的描述目的和内容不一致。
- 由于游戏规则指出卧底词和平民词都属于同一类（水果），且玩家4的描述不符合描述水果的特征，这强烈暗示玩家4可能持有与平民词不同的卧底词。

因此，基于上述分析，玩家4很可能是卧底，因为他的描述与游戏描述水果的特征不符，而是提供了关于游戏策略的信息。|| 基于你刚刚的推断得出你的最终结论，请输出你认为的卧底，在这种情况下只需要输出编号，是1-4中的某个数字，不要输出其他信息。在这个过程不要进行任何推理，只对||以前的部分进行信息提取
2024-12-13 17:44:57,749 - 1 - INFO - **********PLAYER1**********
4
2024-12-13 17:46:11,066 - 1 - INFO - **********JUDGER**********
玩家1说：这是一个金黄色的水果，通常在热带地区生长，味道甜而多汁。在水果类中，它特别以其独特的香味和丰富的维生素C含量而闻名。玩家2说：这是一个色泽鲜艳的水果，通常呈橙黄色。在水果类中，它以其丰富的汁液和独特的香味而著称，且在维生素C含量上尤为突出。与其他水果相比，它在味道上更为甜美，且通常生长在温暖的热带地区。玩家3说：这是一个热带水果，其特点是皮薄、核小，果肉鲜嫩多汁。在水果类中，它最突出的不同特征是其独特的香味和丰富的汁液。玩家4说：这是一个富含维生素C的热带水果，其特点是果肉多汁且味道独特。在水果类中，它最突出的不同特征是其强烈的香味。你是第1号玩家，你的关键词是<芒果>。你的回答中绝对不能包含你的关键词<芒果>。这是第二轮描述，你之前的描述是这是一个金黄色的水果，通常在热带地区生长，味道甜而多汁。在水果类中，它特别以其独特的香味和丰富的维生素C含量而闻名。，注意，这局游戏的词语分类为<水果>，卧底词和平民词都属于该类，请你补充关于关键词的描述，注意，你的描述应该比起之前的描述更加贴近关键词，作为之前的补充
2024-12-13 17:46:14,523 - 1 - INFO - **********PLAYER1**********
这种水果的皮光滑，呈金黄色，果实大而圆润。它的果肉细腻，含有许多汁液，味道非常甜美，且在水果中以其高含量的维生素C和独特的香气而受到人们的喜爱。
2024-12-13 17:46:27,284 - 1 - INFO - **********JUDGER**********
玩家1说：这是一个金黄色的水果，通常在热带地区生长，味道甜而多汁。在水果类中，它特别以其独特的香味和丰富的维生素C含量而闻名。这种水果的皮光滑，呈金黄色，果实大而圆润。它的果肉细腻，含有许多汁液，味道非常甜美，且在水果中以其高含量的维生素C和独特的香气而受到人们的喜爱。玩家2说：这是一个色泽鲜艳的水果，通常呈橙黄色。在水果类中，它以其丰富的汁液和独特的香味而著称，且在维生素C含量上尤为突出。与其他水果相比，它在味道上更为甜美，且通常生长在温暖的热带地区。这种水果有着细腻的质地和丰富的口感，其果肉呈金黄色，质地柔软，汁液充沛。它的香味浓郁，散发出一种热带的清新气息，而且它的维生素C含量非常高，是水果中的佼佼者。与其他热带水果相比，它的味道更加甜美，非常适合直接食用。玩家3说：这是一个热带水果，其特点是皮薄、核小，果肉鲜嫩多汁。在水果类中，它最突出的不同特征是其独特的香味和丰富的汁液。这种水果在热带地区非常常见，它的果实形状圆润，颜色鲜艳，呈现出诱人的橙黄色。它的皮薄而光滑，轻轻一剥就能看到细腻的果肉，汁液丰富，每一口都充满了自然的甜味。这种水果的香味浓郁，散发出一种清新而诱人的热带气息。它的维生素C含量非常高，对于保持健康非常有益。与其他热带水果相比，它的口感更加细腻，非常适合直接食用，是热带水果中的佳品。玩家4说：这是一个富含维生素C的热带水果，其特点是果肉多汁且味道独特。在水果类中，它最突出的不同特征是其强烈的香味。||在这个游戏中，我们需要通过分析每位玩家的描述来找出卧底。通常，平民的描述会围绕相同的词语展开，而卧底的描述可能会因为词语的不同而显得不太一致。我们需要仔细比较每个描述之间的相似性和差异性，以找出可能的卧底，注意，卧底并不会隐藏自己，他会直接描述他的词语，现在，逐一分析每个玩家的描述，注意，这局游戏的词语分类为<水果>，卧底词和平民词都属于该类。||之前是第2轮描述和之前轮数描述的合集。你之前认为的卧底是玩家4。
2024-12-13 17:46:28,181 - 1 - INFO - **********PLAYER1**********
玩家4
2024-12-13 17:46:28,182 - 1 - INFO - **********JUDGER**********
你刚刚的分析是玩家4|| `请根据上述分析，比较描述以找出不一致之处，注意，这局游戏的词语分类为<水果>，卧底词和平民词都属于该类。
2024-12-13 17:46:41,758 - 1 - INFO - **********PLAYER1**********
在比较玩家1、玩家2、玩家3和玩家4的描述时，我们可以注意到以下不一致之处：

1. **香味描述**：
   - 玩家1、玩家2和玩家3都强调了水果的“独特的香味”。
   - 玩家4则提到了“强烈的香味”，这个描述在强度上与前面三位玩家有所不同。

2. **维生素C含量描述**：
   - 玩家1、玩家2和玩家3都提到了水果富含维生素C。
   - 玩家4的描述集中在维生素C上，但并没有使用“富含”这样的词汇。

3. **其他特征描述**：
   - 玩家1、玩家2和玩家3都提到了果肉细腻、汁液丰富、皮薄、核小等特征。
   - 玩家4的描述中虽然也提到了果肉多汁和味道独特，但没有详细描述其他物理特征。

这些不一致之处表明玩家4的描述在细节上与其他玩家有所不同，特别是在香味的强度描述和维生素C含量的表达上，这可能是由于玩家4持有的卧底词与平民词在特征上有所差异。
2024-12-13 17:46:41,759 - 1 - INFO - **********JUDGER**********
你刚刚的分析是在比较玩家1、玩家2、玩家3和玩家4的描述时，我们可以注意到以下不一致之处：

1. **香味描述**：
   - 玩家1、玩家2和玩家3都强调了水果的“独特的香味”。
   - 玩家4则提到了“强烈的香味”，这个描述在强度上与前面三位玩家有所不同。

2. **维生素C含量描述**：
   - 玩家1、玩家2和玩家3都提到了水果富含维生素C。
   - 玩家4的描述集中在维生素C上，但并没有使用“富含”这样的词汇。

3. **其他特征描述**：
   - 玩家1、玩家2和玩家3都提到了果肉细腻、汁液丰富、皮薄、核小等特征。
   - 玩家4的描述中虽然也提到了果肉多汁和味道独特，但没有详细描述其他物理特征。

这些不一致之处表明玩家4的描述在细节上与其他玩家有所不同，特别是在香味的强度描述和维生素C含量的表达上，这可能是由于玩家4持有的卧底词与平民词在特征上有所差异。|| 请通过你分析的不一致之处，推断卧底身份，注意，这局游戏的词语分类为<水果>，卧底词和平民词都属于该类。
2024-12-13 17:46:42,801 - 1 - INFO - **********PLAYER1**********
玩家4
2024-12-13 17:46:42,801 - 1 - INFO - **********JUDGER**********
你刚刚的推断是玩家4|| 基于你刚刚的推断得出你的最终结论，请输出你认为的卧底，在这种情况下只需要输出编号，是1-4中的某个数字，不要输出其他信息。在这个过程不要进行任何推理，只对||以前的部分进行信息提取
2024-12-13 17:46:43,627 - 1 - INFO - **********PLAYER1**********
4
2024-12-13 17:48:04,331 - 1 - INFO - **********JUDGER**********
玩家1说：这是一个金黄色的水果，通常在热带地区生长，味道甜而多汁。在水果类中，它特别以其独特的香味和丰富的维生素C含量而闻名。这种水果的皮光滑，呈金黄色，果实大而圆润。它的果肉细腻，含有许多汁液，味道非常甜美，且在水果中以其高含量的维生素C和独特的香气而受到人们的喜爱。玩家2说：这是一个色泽鲜艳的水果，通常呈橙黄色。在水果类中，它以其丰富的汁液和独特的香味而著称，且在维生素C含量上尤为突出。与其他水果相比，它在味道上更为甜美，且通常生长在温暖的热带地区。这种水果有着细腻的质地和丰富的口感，其果肉呈金黄色，质地柔软，汁液充沛。它的香味浓郁，散发出一种热带的清新气息，而且它的维生素C含量非常高，是水果中的佼佼者。与其他热带水果相比，它的味道更加甜美，非常适合直接食用。玩家3说：这是一个热带水果，其特点是皮薄、核小，果肉鲜嫩多汁。在水果类中，它最突出的不同特征是其独特的香味和丰富的汁液。这种水果在热带地区非常常见，它的果实形状圆润，颜色鲜艳，呈现出诱人的橙黄色。它的皮薄而光滑，轻轻一剥就能看到细腻的果肉，汁液丰富，每一口都充满了自然的甜味。这种水果的香味浓郁，散发出一种清新而诱人的热带气息。它的维生素C含量非常高，对于保持健康非常有益。与其他热带水果相比，它的口感更加细腻，非常适合直接食用，是热带水果中的佳品。玩家4说：这是一个富含维生素C的热带水果，其特点是果肉多汁且味道独特。在水果类中，它最突出的不同特征是其强烈的香味。这种水果在热带地区广受欢迎，它的果实通常较大，有着坚硬的外壳。尽管它的外表可能并不起眼，但一旦切开，其内部的果肉却呈现出鲜艳的黄色，散发出浓郁的、强烈的独特香气。这种水果的味道非常独特，有的形容它为香甜，有的则认为它有一种难以言喻的浓郁味道。尽管它的味道因人而异，但不可否认的是，它的香气在水果中是非常突出的。此外，这种水果的维生素C含量也很高，对于追求健康饮食的人来说是一个不错的选择。你是第1号玩家，你的关键词是<芒果>。你的回答中绝对不能包含你的关键词<芒果>。这是第三轮描述，你之前的描述是这是一个金黄色的水果，通常在热带地区生长，味道甜而多汁。在水果类中，它特别以其独特的香味和丰富的维生素C含量而闻名。和这种水果的皮光滑，呈金黄色，果实大而圆润。它的果肉细腻，含有许多汁液，味道非常甜美，且在水果中以其高含量的维生素C和独特的香气而受到人们的喜爱。，注意，这局游戏的词语分类为<水果>，卧底词和平民词都属于该类，请你补充关于关键词的描述，注意，你的描述应该比起之前的描述更加贴近关键词，作为之前的补充
2024-12-13 17:48:10,213 - 1 - INFO - **********PLAYER1**********
这种水果的果皮光滑，呈现出鲜艳的橙黄色，果实通常较大，形状圆润。它的果肉质地细腻，汁液丰富，味道甜美，带有一种独特的热带香气。这种水果在热带地区广泛种植，因其高含量的维生素C而受到健康饮食爱好者的青睐。
2024-12-13 17:48:35,009 - 1 - INFO - **********JUDGER**********
玩家1说：这是一个金黄色的水果，通常在热带地区生长，味道甜而多汁。在水果类中，它特别以其独特的香味和丰富的维生素C含量而闻名。这种水果的皮光滑，呈金黄色，果实大而圆润。它的果肉细腻，含有许多汁液，味道非常甜美，且在水果中以其高含量的维生素C和独特的香气而受到人们的喜爱。这种水果的果皮光滑，呈现出鲜艳的橙黄色，果实通常较大，形状圆润。它的果肉质地细腻，汁液丰富，味道甜美，带有一种独特的热带香气。这种水果在热带地区广泛种植，因其高含量的维生素C而受到健康饮食爱好者的青睐。玩家2说：这是一个色泽鲜艳的水果，通常呈橙黄色。在水果类中，它以其丰富的汁液和独特的香味而著称，且在维生素C含量上尤为突出。与其他水果相比，它在味道上更为甜美，且通常生长在温暖的热带地区。这种水果有着细腻的质地和丰富的口感，其果肉呈金黄色，质地柔软，汁液充沛。它的香味浓郁，散发出一种热带的清新气息，而且它的维生素C含量非常高，是水果中的佼佼者。与其他热带水果相比，它的味道更加甜美，非常适合直接食用。这种水果的质地柔软，果肉细腻，含有丰富的汁液，口感非常滑润。它的香味浓郁，散发出一种热带特有的甜香，让人一闻便知其非同寻常。这种水果通常较大，形状圆润，果皮呈现出鲜艳的橙黄色，给人一种视觉上的诱惑。在热带地区，这种水果因其甜美的味道和丰富的营养而广受欢迎。玩家3说：这是一个热带水果，其特点是皮薄、核小，果肉鲜嫩多汁。在水果类中，它最突出的不同特征是其独特的香味和丰富的汁液。这种水果在热带地区非常常见，它的果实形状圆润，颜色鲜艳，呈现出诱人的橙黄色。它的皮薄而光滑，轻轻一剥就能看到细腻的果肉，汁液丰富，每一口都充满了自然的甜味。这种水果的香味浓郁，散发出一种清新而诱人的热带气息。它的维生素C含量非常高，对于保持健康非常有益。与其他热带水果相比，它的口感更加细腻，非常适合直接食用，是热带水果中的佳品。这种水果在热带地区广泛种植，以其丰富的汁液和独特的甜味而受到喜爱。它的果实通常呈金黄色，皮薄而光滑，易于剥开。果肉质地细腻，含有丰富的汁液，每一口都能感受到它那浓郁的甜味和清新的热带香气。这种水果不仅味道甜美，而且维生素C含量极高，对于健康非常有益。它的香气独特，能够散发出一种令人愉悦的、热带特有的气息。与其他热带水果相比，这种水果的口感更加细腻，非常适合直接食用，是热带水果中的佳品。玩家4说：这是一个富含维生素C的热带水果，其特点是果肉多汁且味道独特。在水果类中，它最突出的不同特征是其强烈的香味。这种水果在热带地区广受欢迎，它的果实通常较大，有着坚硬的外壳。尽管它的外表可能并不起眼，但一旦切开，其内部的果肉却呈现出鲜艳的黄色，散发出浓郁的、强烈的独特香气。这种水果的味道非常独特，有的形容它为香甜，有的则认为它有一种难以言喻的浓郁味道。尽管它的味道因人而异，但不可否认的是，它的香气在水果中是非常突出的。此外，这种水果的维生素C含量也很高，对于追求健康饮食的人来说是一个不错的选择。这种热带水果以其丰富的汁液和独特的风味而闻名，它的外壳坚硬，颜色通常为深绿色，而当外壳被切开时，内部的果肉呈现出鲜艳的黄色，散发出一种强烈而独特的香味。这种水果的味道复杂，既有甜味也有微妙的苦味，它的香气浓郁，能够瞬间吸引人的注意。尽管它的外观可能让人望而却步，但它的美味和营养价值使其在热带地区备受喜爱。这种水果的维生素C含量高，对于增强免疫力和促进健康有着积极的作用。||在这个游戏中，我们需要通过分析每位玩家的描述来找出卧底。通常，平民的描述会围绕相同的词语展开，而卧底的描述可能会因为词语的不同而显得不太一致。我们需要仔细比较每个描述之间的相似性和差异性，以找出可能的卧底，注意，卧底并不会隐藏自己，他会直接描述他的词语，现在，逐一分析每个玩家的描述，注意，这局游戏的词语分类为<水果>，卧底词和平民词都属于该类。||之前是第3轮描述和之前轮数描述的合集。你之前认为的卧底是玩家4。
2024-12-13 17:48:37,090 - 1 - INFO - **********PLAYER1**********
玩家4
2024-12-13 17:48:37,090 - 1 - INFO - **********JUDGER**********
你刚刚的分析是玩家4|| `请根据上述分析，比较描述以找出不一致之处，注意，这局游戏的词语分类为<水果>，卧底词和平民词都属于该类。
2024-12-13 17:48:49,899 - 1 - INFO - **********PLAYER1**********
在比较玩家1、玩家2、玩家3和玩家4的描述时，以下是不一致之处：

1. **外壳描述**：
   - 玩家1、玩家2和玩家3的描述中没有提到水果的外壳特征。
   - 玩家4的描述中提到了水果有坚硬的外壳，这是一个与其他玩家描述不一致的细节。

2. **颜色描述**：
   - 玩家1、玩家2和玩家3的描述中水果的颜色通常是橙黄色或金黄色。
   - 玩家4的描述中提到了水果的外壳颜色为深绿色，这与其他玩家的描述不符。

3. **香气描述**：
   - 玩家1、玩家2和玩家3的描述中提到的是独特的或浓郁的香味。
   - 玩家4的描述中特别强调了强烈的香味，这是一个更为突出的特征。

4. **味道描述**：
   - 玩家1、玩家2和玩家3的描述中提到的是甜美、独特的味道。
   - 玩家4的描述中提到的是香甜或难以言喻的浓郁味道，这表明味道的描述更为复杂。

这些不一致之处表明玩家4的描述在多个关键细节上与其他玩家的描述不同，这可能是由于玩家4持有的卧底词与平民词在特征上有所差异。
2024-12-13 17:48:49,903 - 1 - INFO - **********JUDGER**********
你刚刚的分析是在比较玩家1、玩家2、玩家3和玩家4的描述时，以下是不一致之处：

1. **外壳描述**：
   - 玩家1、玩家2和玩家3的描述中没有提到水果的外壳特征。
   - 玩家4的描述中提到了水果有坚硬的外壳，这是一个与其他玩家描述不一致的细节。

2. **颜色描述**：
   - 玩家1、玩家2和玩家3的描述中水果的颜色通常是橙黄色或金黄色。
   - 玩家4的描述中提到了水果的外壳颜色为深绿色，这与其他玩家的描述不符。

3. **香气描述**：
   - 玩家1、玩家2和玩家3的描述中提到的是独特的或浓郁的香味。
   - 玩家4的描述中特别强调了强烈的香味，这是一个更为突出的特征。

4. **味道描述**：
   - 玩家1、玩家2和玩家3的描述中提到的是甜美、独特的味道。
   - 玩家4的描述中提到的是香甜或难以言喻的浓郁味道，这表明味道的描述更为复杂。

这些不一致之处表明玩家4的描述在多个关键细节上与其他玩家的描述不同，这可能是由于玩家4持有的卧底词与平民词在特征上有所差异。|| 请通过你分析的不一致之处，推断卧底身份，注意，这局游戏的词语分类为<水果>，卧底词和平民词都属于该类。
2024-12-13 17:48:51,124 - 1 - INFO - **********PLAYER1**********
玩家4
2024-12-13 17:48:51,125 - 1 - INFO - **********JUDGER**********
你刚刚的推断是玩家4|| 基于你刚刚的推断得出你的最终结论，请输出你认为的卧底，在这种情况下只需要输出编号，是1-4中的某个数字，不要输出其他信息。在这个过程不要进行任何推理，只对||以前的部分进行信息提取
2024-12-13 17:48:53,249 - 1 - INFO - **********PLAYER1**********
4
