2024-12-13 17:44:20,451 - 2 - INFO - **********JUDGER**********
让我们来玩一个叫做<谁是卧底>的推理游戏。基本规则：<人数>：4人。<角色分配>：每位玩家随机抽取一个词语，3名玩家拿到的词语是相同的（平民词），1名玩家拿到与之相近但不同的词语（卧底词）。<游戏流程>：1、玩家轮流描述自己的词语，但<不能>直接说出词语本身。2、描述完毕后，投票选出最像卧底的玩家。3、每轮结束后，被投票选出的玩家出局，不能再进行描述或投票。4、每轮投票结束后，如果卧底被成功找出，平民方获胜；如果卧底未被找出且卧底人数等于或超过平民人数，则卧底方获胜。你将扮演一个<玩家>，请等待你被分配到的关键词。如果你听懂了，只回答，"好的，我准备好参加游戏了"，不要输出别的信息
2024-12-13 17:44:21,273 - 2 - INFO - **********PLAYER2**********
。"好的，我准备好参加游戏了"
2024-12-13 17:44:26,390 - 2 - INFO - **********JUDGER**********
玩家1说：这是一个金黄色的水果，通常在热带地区生长，味道甜而多汁。在水果类中，它特别以其独特的香味和丰富的维生素C含量而闻名。玩家2说：玩家3说：玩家4说：|| 你是第2号玩家，你的关键词是<芒果>。你的回答中绝对不能包含你的关键词<芒果>。这是第一轮描述，不需要分析||之前别的玩家的描述，请你描述关键词基本特征，注意，这局游戏的词语分类为<水果>，卧底词和平民词都属于该类，描述包括以下两点，1.他的基本特征是什么2.他在该类（水果）中最突出不同的特征是什么，尽量简短
2024-12-13 17:44:29,327 - 2 - INFO - **********PLAYER2**********
这是一个色泽鲜艳的水果，通常呈橙黄色。在水果类中，它以其丰富的汁液和独特的香味而著称，且在维生素C含量上尤为突出。与其他水果相比，它在味道上更为甜美，且通常生长在温暖的热带地区。
2024-12-13 17:44:57,749 - 2 - INFO - **********JUDGER**********
玩家1说：这是一个金黄色的水果，通常在热带地区生长，味道甜而多汁。在水果类中，它特别以其独特的香味和丰富的维生素C含量而闻名。玩家2说：这是一个色泽鲜艳的水果，通常呈橙黄色。在水果类中，它以其丰富的汁液和独特的香味而著称，且在维生素C含量上尤为突出。与其他水果相比，它在味道上更为甜美，且通常生长在温暖的热带地区。玩家3说：这是一个热带水果，其特点是皮薄、核小，果肉鲜嫩多汁。在水果类中，它最突出的不同特征是其独特的香味和丰富的汁液。玩家4说：||在这个游戏中，我们需要通过分析每位玩家的描述来找出卧底。通常，平民的描述会围绕相同的词语展开，而卧底的描述可能会因为词语的不同而显得不太一致。我们需要仔细比较每个描述之间的相似性和差异性，以找出可能的卧底，注意，卧底并不会隐藏自己，他会直接描述他的词语，现在，逐一分析每个玩家的描述，注意，这局游戏的词语分类为<水果>，卧底词和平民词都属于该类。这是第一轮描述。
2024-12-13 17:44:58,566 - 2 - INFO - **********PLAYER2**********
好的，我准备好参加游戏了。
2024-12-13 17:44:58,566 - 2 - INFO - **********JUDGER**********
你刚刚的分析是好的，我准备好参加游戏了。|| `请根据上述分析，比较描述以找出不一致之处，注意，这局游戏的词语分类为<水果>，卧底词和平民词都属于该类。
2024-12-13 17:45:06,683 - 2 - INFO - **********PLAYER2**********
在比较四位玩家的描述后，以下是不一致之处：

1. 玩家1和玩家2的描述非常相似，都提到了金黄色、热带生长、甜而多汁、独特香味和丰富的维生素C含量。
2. 玩家3的描述也提到了热带水果、皮薄、核小、鲜嫩多汁，以及独特的香味和丰富的汁液，与玩家1和玩家2的描述有重叠，但特别强调了皮薄和核小的特征。
3. 玩家4的描述则更侧重于游戏规则和策略分析，而没有提供关于水果的具体描述。

不一致之处在于玩家4没有提供与水果相关的描述，而其他三位玩家都详细描述了水果的特征。这可能意味着玩家4的描述与游戏中的水果类别不一致，因此玩家4可能是卧底。然而，这也可能是玩家4在故意引导其他玩家注意他的描述方式。因此，需要更多的信息来确定卧底。
2024-12-13 17:45:06,684 - 2 - INFO - **********JUDGER**********
你刚刚的分析是在比较四位玩家的描述后，以下是不一致之处：

1. 玩家1和玩家2的描述非常相似，都提到了金黄色、热带生长、甜而多汁、独特香味和丰富的维生素C含量。
2. 玩家3的描述也提到了热带水果、皮薄、核小、鲜嫩多汁，以及独特的香味和丰富的汁液，与玩家1和玩家2的描述有重叠，但特别强调了皮薄和核小的特征。
3. 玩家4的描述则更侧重于游戏规则和策略分析，而没有提供关于水果的具体描述。

不一致之处在于玩家4没有提供与水果相关的描述，而其他三位玩家都详细描述了水果的特征。这可能意味着玩家4的描述与游戏中的水果类别不一致，因此玩家4可能是卧底。然而，这也可能是玩家4在故意引导其他玩家注意他的描述方式。因此，需要更多的信息来确定卧底。|| 请通过你分析的不一致之处，推断卧底身份，注意，这局游戏的词语分类为<水果>，卧底词和平民词都属于该类。
2024-12-13 17:45:14,970 - 2 - INFO - **********PLAYER2**********
根据分析，玩家4的描述与水果类别的描述不一致，他更侧重于游戏规则和策略分析，而没有提供关于水果的具体描述。这与其他三位玩家详细描述水果特征的描述形成鲜明对比。

因此，基于描述的不一致性，玩家4可能是卧底，因为他的描述不符合游戏对水果类别的要求。然而，也不能完全排除玩家4是在故意引导其他玩家注意他的描述方式，以掩盖他实际上可能是平民的可能性。

综上所述，根据目前的描述信息，玩家4有最大的可能性是卧底。但最终确定还需要进一步的信息或者通过投票来确认。
2024-12-13 17:45:14,972 - 2 - INFO - **********JUDGER**********
你刚刚的推断是根据分析，玩家4的描述与水果类别的描述不一致，他更侧重于游戏规则和策略分析，而没有提供关于水果的具体描述。这与其他三位玩家详细描述水果特征的描述形成鲜明对比。

因此，基于描述的不一致性，玩家4可能是卧底，因为他的描述不符合游戏对水果类别的要求。然而，也不能完全排除玩家4是在故意引导其他玩家注意他的描述方式，以掩盖他实际上可能是平民的可能性。

综上所述，根据目前的描述信息，玩家4有最大的可能性是卧底。但最终确定还需要进一步的信息或者通过投票来确认。|| 基于你刚刚的推断得出你的最终结论，请输出你认为的卧底，在这种情况下只需要输出编号，是1-4中的某个数字，不要输出其他信息。在这个过程不要进行任何推理，只对||以前的部分进行信息提取
2024-12-13 17:45:15,950 - 2 - INFO - **********PLAYER2**********
4
2024-12-13 17:46:14,523 - 2 - INFO - **********JUDGER**********
玩家1说：这是一个金黄色的水果，通常在热带地区生长，味道甜而多汁。在水果类中，它特别以其独特的香味和丰富的维生素C含量而闻名。这种水果的皮光滑，呈金黄色，果实大而圆润。它的果肉细腻，含有许多汁液，味道非常甜美，且在水果中以其高含量的维生素C和独特的香气而受到人们的喜爱。玩家2说：这是一个色泽鲜艳的水果，通常呈橙黄色。在水果类中，它以其丰富的汁液和独特的香味而著称，且在维生素C含量上尤为突出。与其他水果相比，它在味道上更为甜美，且通常生长在温暖的热带地区。玩家3说：这是一个热带水果，其特点是皮薄、核小，果肉鲜嫩多汁。在水果类中，它最突出的不同特征是其独特的香味和丰富的汁液。玩家4说：这是一个富含维生素C的热带水果，其特点是果肉多汁且味道独特。在水果类中，它最突出的不同特征是其强烈的香味。你是第2号玩家，你的关键词是<芒果>。你的回答中绝对不能包含你的关键词<芒果>。这是第二轮描述，你之前的描述是这是一个色泽鲜艳的水果，通常呈橙黄色。在水果类中，它以其丰富的汁液和独特的香味而著称，且在维生素C含量上尤为突出。与其他水果相比，它在味道上更为甜美，且通常生长在温暖的热带地区。，注意，这局游戏的词语分类为<水果>，卧底词和平民词都属于该类，请你补充关于关键词的描述，注意，你的描述应该比起之前的描述更加贴近关键词，作为之前的补充
2024-12-13 17:46:18,156 - 2 - INFO - **********PLAYER2**********
这种水果有着细腻的质地和丰富的口感，其果肉呈金黄色，质地柔软，汁液充沛。它的香味浓郁，散发出一种热带的清新气息，而且它的维生素C含量非常高，是水果中的佼佼者。与其他热带水果相比，它的味道更加甜美，非常适合直接食用。
2024-12-13 17:46:43,627 - 2 - INFO - **********JUDGER**********
玩家1说：这是一个金黄色的水果，通常在热带地区生长，味道甜而多汁。在水果类中，它特别以其独特的香味和丰富的维生素C含量而闻名。这种水果的皮光滑，呈金黄色，果实大而圆润。它的果肉细腻，含有许多汁液，味道非常甜美，且在水果中以其高含量的维生素C和独特的香气而受到人们的喜爱。玩家2说：这是一个色泽鲜艳的水果，通常呈橙黄色。在水果类中，它以其丰富的汁液和独特的香味而著称，且在维生素C含量上尤为突出。与其他水果相比，它在味道上更为甜美，且通常生长在温暖的热带地区。这种水果有着细腻的质地和丰富的口感，其果肉呈金黄色，质地柔软，汁液充沛。它的香味浓郁，散发出一种热带的清新气息，而且它的维生素C含量非常高，是水果中的佼佼者。与其他热带水果相比，它的味道更加甜美，非常适合直接食用。玩家3说：这是一个热带水果，其特点是皮薄、核小，果肉鲜嫩多汁。在水果类中，它最突出的不同特征是其独特的香味和丰富的汁液。这种水果在热带地区非常常见，它的果实形状圆润，颜色鲜艳，呈现出诱人的橙黄色。它的皮薄而光滑，轻轻一剥就能看到细腻的果肉，汁液丰富，每一口都充满了自然的甜味。这种水果的香味浓郁，散发出一种清新而诱人的热带气息。它的维生素C含量非常高，对于保持健康非常有益。与其他热带水果相比，它的口感更加细腻，非常适合直接食用，是热带水果中的佳品。玩家4说：这是一个富含维生素C的热带水果，其特点是果肉多汁且味道独特。在水果类中，它最突出的不同特征是其强烈的香味。||在这个游戏中，我们需要通过分析每位玩家的描述来找出卧底。通常，平民的描述会围绕相同的词语展开，而卧底的描述可能会因为词语的不同而显得不太一致。我们需要仔细比较每个描述之间的相似性和差异性，以找出可能的卧底，注意，卧底并不会隐藏自己，他会直接描述他的词语，现在，逐一分析每个玩家的描述，注意，这局游戏的词语分类为<水果>，卧底词和平民词都属于该类。||之前是第2轮描述和之前轮数描述的合集。你之前认为的卧底是玩家4。
2024-12-13 17:46:56,427 - 2 - INFO - **********PLAYER2**********
基于玩家4的描述，他认为这是一个富含维生素C的热带水果，其特点是果肉多汁且味道独特，最突出的不同特征是其强烈的香味。然而，其他玩家的描述中都提到了丰富的汁液和独特的香味，以及维生素C含量高，但没有特别强调“强烈的香味”这一特征。

因此，如果玩家4的描述是准确的，那么他的描述与平民的描述存在一定的差异，这可能导致玩家4是卧底的可能性增加。然而，也不能排除玩家4的描述是在故意引导其他玩家注意他的描述方式，以掩盖他实际上可能是平民的可能性。

综上所述，玩家4的描述与平民描述存在不一致之处，这使得他成为可能的卧底。但最终确定还需要进一步的信息或者通过投票来确认。
2024-12-13 17:46:56,429 - 2 - INFO - **********JUDGER**********
你刚刚的分析是基于玩家4的描述，他认为这是一个富含维生素C的热带水果，其特点是果肉多汁且味道独特，最突出的不同特征是其强烈的香味。然而，其他玩家的描述中都提到了丰富的汁液和独特的香味，以及维生素C含量高，但没有特别强调“强烈的香味”这一特征。

因此，如果玩家4的描述是准确的，那么他的描述与平民的描述存在一定的差异，这可能导致玩家4是卧底的可能性增加。然而，也不能排除玩家4的描述是在故意引导其他玩家注意他的描述方式，以掩盖他实际上可能是平民的可能性。

综上所述，玩家4的描述与平民描述存在不一致之处，这使得他成为可能的卧底。但最终确定还需要进一步的信息或者通过投票来确认。|| `请根据上述分析，比较描述以找出不一致之处，注意，这局游戏的词语分类为<水果>，卧底词和平民词都属于该类。
2024-12-13 17:47:01,910 - 2 - INFO - **********PLAYER2**********
不一致之处如下：

1. 玩家4特别强调了水果的“强烈的香味”，而其他玩家虽然也提到了香味，但没有使用“强烈”这一形容词。
2. 玩家4没有提到水果的皮薄、核小或果实形状等特征，而玩家3在描述中提到了这些细节。
3. 玩家4没有提到水果的色泽是金黄色或橙黄色，而是简单地描述为“富含维生素C的热带水果”，而玩家1和玩家2的描述中都有对色泽的具体描述。

这些差异表明玩家4的描述可能与平民的描述存在不一致，这可能是判断卧底的一个线索。
2024-12-13 17:47:01,911 - 2 - INFO - **********JUDGER**********
你刚刚的分析是不一致之处如下：

1. 玩家4特别强调了水果的“强烈的香味”，而其他玩家虽然也提到了香味，但没有使用“强烈”这一形容词。
2. 玩家4没有提到水果的皮薄、核小或果实形状等特征，而玩家3在描述中提到了这些细节。
3. 玩家4没有提到水果的色泽是金黄色或橙黄色，而是简单地描述为“富含维生素C的热带水果”，而玩家1和玩家2的描述中都有对色泽的具体描述。

这些差异表明玩家4的描述可能与平民的描述存在不一致，这可能是判断卧底的一个线索。|| 请通过你分析的不一致之处，推断卧底身份，注意，这局游戏的词语分类为<水果>，卧底词和平民词都属于该类。
2024-12-13 17:47:04,101 - 2 - INFO - **********PLAYER2**********
基于上述不一致之处，玩家4的描述与平民的描述存在显著差异，特别是对于“强烈的香味”这一特征的强调，这在其他玩家的描述中并未出现。因此，根据这些信息，玩家4可能是卧底。
2024-12-13 17:47:04,102 - 2 - INFO - **********JUDGER**********
你刚刚的推断是基于上述不一致之处，玩家4的描述与平民的描述存在显著差异，特别是对于“强烈的香味”这一特征的强调，这在其他玩家的描述中并未出现。因此，根据这些信息，玩家4可能是卧底。|| 基于你刚刚的推断得出你的最终结论，请输出你认为的卧底，在这种情况下只需要输出编号，是1-4中的某个数字，不要输出其他信息。在这个过程不要进行任何推理，只对||以前的部分进行信息提取
2024-12-13 17:47:05,165 - 2 - INFO - **********PLAYER2**********
4
2024-12-13 17:48:10,214 - 2 - INFO - **********JUDGER**********
玩家1说：这是一个金黄色的水果，通常在热带地区生长，味道甜而多汁。在水果类中，它特别以其独特的香味和丰富的维生素C含量而闻名。这种水果的皮光滑，呈金黄色，果实大而圆润。它的果肉细腻，含有许多汁液，味道非常甜美，且在水果中以其高含量的维生素C和独特的香气而受到人们的喜爱。这种水果的果皮光滑，呈现出鲜艳的橙黄色，果实通常较大，形状圆润。它的果肉质地细腻，汁液丰富，味道甜美，带有一种独特的热带香气。这种水果在热带地区广泛种植，因其高含量的维生素C而受到健康饮食爱好者的青睐。玩家2说：这是一个色泽鲜艳的水果，通常呈橙黄色。在水果类中，它以其丰富的汁液和独特的香味而著称，且在维生素C含量上尤为突出。与其他水果相比，它在味道上更为甜美，且通常生长在温暖的热带地区。这种水果有着细腻的质地和丰富的口感，其果肉呈金黄色，质地柔软，汁液充沛。它的香味浓郁，散发出一种热带的清新气息，而且它的维生素C含量非常高，是水果中的佼佼者。与其他热带水果相比，它的味道更加甜美，非常适合直接食用。玩家3说：这是一个热带水果，其特点是皮薄、核小，果肉鲜嫩多汁。在水果类中，它最突出的不同特征是其独特的香味和丰富的汁液。这种水果在热带地区非常常见，它的果实形状圆润，颜色鲜艳，呈现出诱人的橙黄色。它的皮薄而光滑，轻轻一剥就能看到细腻的果肉，汁液丰富，每一口都充满了自然的甜味。这种水果的香味浓郁，散发出一种清新而诱人的热带气息。它的维生素C含量非常高，对于保持健康非常有益。与其他热带水果相比，它的口感更加细腻，非常适合直接食用，是热带水果中的佳品。玩家4说：这是一个富含维生素C的热带水果，其特点是果肉多汁且味道独特。在水果类中，它最突出的不同特征是其强烈的香味。这种水果在热带地区广受欢迎，它的果实通常较大，有着坚硬的外壳。尽管它的外表可能并不起眼，但一旦切开，其内部的果肉却呈现出鲜艳的黄色，散发出浓郁的、强烈的独特香气。这种水果的味道非常独特，有的形容它为香甜，有的则认为它有一种难以言喻的浓郁味道。尽管它的味道因人而异，但不可否认的是，它的香气在水果中是非常突出的。此外，这种水果的维生素C含量也很高，对于追求健康饮食的人来说是一个不错的选择。你是第2号玩家，你的关键词是<芒果>。你的回答中绝对不能包含你的关键词<芒果>。这是第三轮描述，你之前的描述是这是一个色泽鲜艳的水果，通常呈橙黄色。在水果类中，它以其丰富的汁液和独特的香味而著称，且在维生素C含量上尤为突出。与其他水果相比，它在味道上更为甜美，且通常生长在温暖的热带地区。和这种水果有着细腻的质地和丰富的口感，其果肉呈金黄色，质地柔软，汁液充沛。它的香味浓郁，散发出一种热带的清新气息，而且它的维生素C含量非常高，是水果中的佼佼者。与其他热带水果相比，它的味道更加甜美，非常适合直接食用。，注意，这局游戏的词语分类为<水果>，卧底词和平民词都属于该类，请你补充关于关键词的描述，注意，你的描述应该比起之前的描述更加贴近关键词，作为之前的补充
2024-12-13 17:48:15,178 - 2 - INFO - **********PLAYER2**********
这种水果的质地柔软，果肉细腻，含有丰富的汁液，口感非常滑润。它的香味浓郁，散发出一种热带特有的甜香，让人一闻便知其非同寻常。这种水果通常较大，形状圆润，果皮呈现出鲜艳的橙黄色，给人一种视觉上的诱惑。在热带地区，这种水果因其甜美的味道和丰富的营养而广受欢迎。
2024-12-13 17:48:53,249 - 2 - INFO - **********JUDGER**********
玩家1说：这是一个金黄色的水果，通常在热带地区生长，味道甜而多汁。在水果类中，它特别以其独特的香味和丰富的维生素C含量而闻名。这种水果的皮光滑，呈金黄色，果实大而圆润。它的果肉细腻，含有许多汁液，味道非常甜美，且在水果中以其高含量的维生素C和独特的香气而受到人们的喜爱。这种水果的果皮光滑，呈现出鲜艳的橙黄色，果实通常较大，形状圆润。它的果肉质地细腻，汁液丰富，味道甜美，带有一种独特的热带香气。这种水果在热带地区广泛种植，因其高含量的维生素C而受到健康饮食爱好者的青睐。玩家2说：这是一个色泽鲜艳的水果，通常呈橙黄色。在水果类中，它以其丰富的汁液和独特的香味而著称，且在维生素C含量上尤为突出。与其他水果相比，它在味道上更为甜美，且通常生长在温暖的热带地区。这种水果有着细腻的质地和丰富的口感，其果肉呈金黄色，质地柔软，汁液充沛。它的香味浓郁，散发出一种热带的清新气息，而且它的维生素C含量非常高，是水果中的佼佼者。与其他热带水果相比，它的味道更加甜美，非常适合直接食用。这种水果的质地柔软，果肉细腻，含有丰富的汁液，口感非常滑润。它的香味浓郁，散发出一种热带特有的甜香，让人一闻便知其非同寻常。这种水果通常较大，形状圆润，果皮呈现出鲜艳的橙黄色，给人一种视觉上的诱惑。在热带地区，这种水果因其甜美的味道和丰富的营养而广受欢迎。玩家3说：这是一个热带水果，其特点是皮薄、核小，果肉鲜嫩多汁。在水果类中，它最突出的不同特征是其独特的香味和丰富的汁液。这种水果在热带地区非常常见，它的果实形状圆润，颜色鲜艳，呈现出诱人的橙黄色。它的皮薄而光滑，轻轻一剥就能看到细腻的果肉，汁液丰富，每一口都充满了自然的甜味。这种水果的香味浓郁，散发出一种清新而诱人的热带气息。它的维生素C含量非常高，对于保持健康非常有益。与其他热带水果相比，它的口感更加细腻，非常适合直接食用，是热带水果中的佳品。这种水果在热带地区广泛种植，以其丰富的汁液和独特的甜味而受到喜爱。它的果实通常呈金黄色，皮薄而光滑，易于剥开。果肉质地细腻，含有丰富的汁液，每一口都能感受到它那浓郁的甜味和清新的热带香气。这种水果不仅味道甜美，而且维生素C含量极高，对于健康非常有益。它的香气独特，能够散发出一种令人愉悦的、热带特有的气息。与其他热带水果相比，这种水果的口感更加细腻，非常适合直接食用，是热带水果中的佳品。玩家4说：这是一个富含维生素C的热带水果，其特点是果肉多汁且味道独特。在水果类中，它最突出的不同特征是其强烈的香味。这种水果在热带地区广受欢迎，它的果实通常较大，有着坚硬的外壳。尽管它的外表可能并不起眼，但一旦切开，其内部的果肉却呈现出鲜艳的黄色，散发出浓郁的、强烈的独特香气。这种水果的味道非常独特，有的形容它为香甜，有的则认为它有一种难以言喻的浓郁味道。尽管它的味道因人而异，但不可否认的是，它的香气在水果中是非常突出的。此外，这种水果的维生素C含量也很高，对于追求健康饮食的人来说是一个不错的选择。这种热带水果以其丰富的汁液和独特的风味而闻名，它的外壳坚硬，颜色通常为深绿色，而当外壳被切开时，内部的果肉呈现出鲜艳的黄色，散发出一种强烈而独特的香味。这种水果的味道复杂，既有甜味也有微妙的苦味，它的香气浓郁，能够瞬间吸引人的注意。尽管它的外观可能让人望而却步，但它的美味和营养价值使其在热带地区备受喜爱。这种水果的维生素C含量高，对于增强免疫力和促进健康有着积极的作用。||在这个游戏中，我们需要通过分析每位玩家的描述来找出卧底。通常，平民的描述会围绕相同的词语展开，而卧底的描述可能会因为词语的不同而显得不太一致。我们需要仔细比较每个描述之间的相似性和差异性，以找出可能的卧底，注意，卧底并不会隐藏自己，他会直接描述他的词语，现在，逐一分析每个玩家的描述，注意，这局游戏的词语分类为<水果>，卧底词和平民词都属于该类。||之前是第3轮描述和之前轮数描述的合集。你之前认为的卧底是玩家4。
2024-12-13 17:49:02,555 - 2 - INFO - **********PLAYER2**********
根据提供的描述，以下是对每位玩家描述的分析：

1. 玩家1的描述与玩家2和玩家3的描述非常相似，都强调了水果的金黄色、橙黄色、甜美的味道、丰富的汁液、独特的香味和维生素C含量。

2. 玩家2的描述与玩家1和玩家3的描述也非常相似，但更加详细地描述了水果的质地和口感。

3. 玩家3的描述与玩家1和玩家2的描述相似，但特别强调了水果的皮薄、核小、鲜嫩多汁和甜味。

4. 玩家4的描述与玩家1、2和3的描述存在显著差异。玩家4提到了水果的坚硬外壳、鲜艳的黄色果肉、强烈的香味和复杂的味道，包括甜味和微妙的苦味。

基于这些分析，玩家4的描述与其他玩家的描述不太一致，特别是关于水果的壳、颜色和味道的描述。这可能导致玩家4是卧底的可能性增加。因此，根据提供的描述，玩家4可能是卧底。
2024-12-13 17:49:02,557 - 2 - INFO - **********JUDGER**********
你刚刚的分析是根据提供的描述，以下是对每位玩家描述的分析：

1. 玩家1的描述与玩家2和玩家3的描述非常相似，都强调了水果的金黄色、橙黄色、甜美的味道、丰富的汁液、独特的香味和维生素C含量。

2. 玩家2的描述与玩家1和玩家3的描述也非常相似，但更加详细地描述了水果的质地和口感。

3. 玩家3的描述与玩家1和玩家2的描述相似，但特别强调了水果的皮薄、核小、鲜嫩多汁和甜味。

4. 玩家4的描述与玩家1、2和3的描述存在显著差异。玩家4提到了水果的坚硬外壳、鲜艳的黄色果肉、强烈的香味和复杂的味道，包括甜味和微妙的苦味。

基于这些分析，玩家4的描述与其他玩家的描述不太一致，特别是关于水果的壳、颜色和味道的描述。这可能导致玩家4是卧底的可能性增加。因此，根据提供的描述，玩家4可能是卧底。|| `请根据上述分析，比较描述以找出不一致之处，注意，这局游戏的词语分类为<水果>，卧底词和平民词都属于该类。
2024-12-13 17:49:08,622 - 2 - INFO - **********PLAYER2**********
不一致之处如下：

1. 玩家4的描述中提到了“坚硬的外壳”，而其他玩家的描述中没有提到外壳的坚硬程度。
2. 玩家4的描述中提到果肉是“鲜艳的黄色”，而其他玩家没有特别强调果肉的颜色。
3. 玩家4的描述中提到水果的味道包括“微妙的苦味”，而其他玩家没有提到苦味这一特征。
4. 玩家4的描述中提到水果的香气是“强烈的”，而其他玩家没有使用“强烈”这个词来形容香气。

这些不一致之处表明玩家4的描述在水果的特征描述上与其他玩家有所不同，这可能是判断卧底的一个线索。
2024-12-13 17:49:08,623 - 2 - INFO - **********JUDGER**********
你刚刚的分析是不一致之处如下：

1. 玩家4的描述中提到了“坚硬的外壳”，而其他玩家的描述中没有提到外壳的坚硬程度。
2. 玩家4的描述中提到果肉是“鲜艳的黄色”，而其他玩家没有特别强调果肉的颜色。
3. 玩家4的描述中提到水果的味道包括“微妙的苦味”，而其他玩家没有提到苦味这一特征。
4. 玩家4的描述中提到水果的香气是“强烈的”，而其他玩家没有使用“强烈”这个词来形容香气。

这些不一致之处表明玩家4的描述在水果的特征描述上与其他玩家有所不同，这可能是判断卧底的一个线索。|| 请通过你分析的不一致之处，推断卧底身份，注意，这局游戏的词语分类为<水果>，卧底词和平民词都属于该类。
2024-12-13 17:49:10,063 - 2 - INFO - **********PLAYER2**********
4
2024-12-13 17:49:10,064 - 2 - INFO - **********JUDGER**********
你刚刚的推断是4|| 基于你刚刚的推断得出你的最终结论，请输出你认为的卧底，在这种情况下只需要输出编号，是1-4中的某个数字，不要输出其他信息。在这个过程不要进行任何推理，只对||以前的部分进行信息提取
2024-12-13 17:49:11,509 - 2 - INFO - **********PLAYER2**********
4
