2024-12-13 17:44:21,775 - 3 - INFO - **********JUDGER**********
让我们来玩一个叫做<谁是卧底>的推理游戏。基本规则：<人数>：4人。<角色分配>：每位玩家随机抽取一个词语，3名玩家拿到的词语是相同的（平民词），1名玩家拿到与之相近但不同的词语（卧底词）。<游戏流程>：1、玩家轮流描述自己的词语，但<不能>直接说出词语本身。2、描述完毕后，投票选出最像卧底的玩家。3、每轮结束后，被投票选出的玩家出局，不能再进行描述或投票。4、每轮投票结束后，如果卧底被成功找出，平民方获胜；如果卧底未被找出且卧底人数等于或超过平民人数，则卧底方获胜。你将扮演一个<玩家>，请等待你被分配到的关键词。如果你听懂了，只回答，"好的，我准备好参加游戏了"，不要输出别的信息
2024-12-13 17:44:23,027 - 3 - INFO - **********PLAYER3**********
好的，我准备好参加游戏了
2024-12-13 17:44:29,328 - 3 - INFO - **********JUDGER**********
玩家1说：这是一个金黄色的水果，通常在热带地区生长，味道甜而多汁。在水果类中，它特别以其独特的香味和丰富的维生素C含量而闻名。玩家2说：这是一个色泽鲜艳的水果，通常呈橙黄色。在水果类中，它以其丰富的汁液和独特的香味而著称，且在维生素C含量上尤为突出。与其他水果相比，它在味道上更为甜美，且通常生长在温暖的热带地区。玩家3说：玩家4说：|| 你是第3号玩家，你的关键词是<芒果>。你的回答中绝对不能包含你的关键词<芒果>。这是第一轮描述，不需要分析||之前别的玩家的描述，请你描述关键词基本特征，注意，这局游戏的词语分类为<水果>，卧底词和平民词都属于该类，描述包括以下两点，1.他的基本特征是什么2.他在该类（水果）中最突出不同的特征是什么，尽量简短
2024-12-13 17:44:30,967 - 3 - INFO - **********PLAYER3**********
这是一个热带水果，其特点是皮薄、核小，果肉鲜嫩多汁。在水果类中，它最突出的不同特征是其独特的香味和丰富的汁液。
2024-12-13 17:45:15,951 - 3 - INFO - **********JUDGER**********
玩家1说：这是一个金黄色的水果，通常在热带地区生长，味道甜而多汁。在水果类中，它特别以其独特的香味和丰富的维生素C含量而闻名。玩家2说：这是一个色泽鲜艳的水果，通常呈橙黄色。在水果类中，它以其丰富的汁液和独特的香味而著称，且在维生素C含量上尤为突出。与其他水果相比，它在味道上更为甜美，且通常生长在温暖的热带地区。玩家3说：这是一个热带水果，其特点是皮薄、核小，果肉鲜嫩多汁。在水果类中，它最突出的不同特征是其独特的香味和丰富的汁液。玩家4说：||在这个游戏中，我们需要通过分析每位玩家的描述来找出卧底。通常，平民的描述会围绕相同的词语展开，而卧底的描述可能会因为词语的不同而显得不太一致。我们需要仔细比较每个描述之间的相似性和差异性，以找出可能的卧底，注意，卧底并不会隐藏自己，他会直接描述他的词语，现在，逐一分析每个玩家的描述，注意，这局游戏的词语分类为<水果>，卧底词和平民词都属于该类。这是第一轮描述。
2024-12-13 17:45:26,626 - 3 - INFO - **********PLAYER3**********
好的，根据四位玩家的描述，我们可以进行以下分析：

1. 玩家1的描述中提到了“金黄色的水果”、“热带地区生长”、“甜而多汁”、“独特的香味”和“丰富的维生素C含量”。

2. 玩家2的描述与玩家1非常相似，也提到了“色泽鲜艳的水果”、“橙黄色”、“丰富的汁液”、“独特的香味”和“维生素C含量突出”。

3. 玩家3的描述强调了“热带水果”、“皮薄、核小”、“鲜嫩多汁”、“独特的香味”和“丰富的汁液”。

4. 玩家4的描述似乎在引导大家如何分析游戏，而不是描述一个具体的水果。

从描述的相似性来看，玩家1、2和3的描述都非常接近，都提到了热带水果、香味、汁液和维生素C。玩家4的描述似乎与具体的水果描述无关，这可能是卧底的行为，因为卧底可能会试图混淆视听。

因此，根据第一轮的描述，玩家4可能是卧底。然而，这只是一个初步的分析，随着游戏的进行，我们需要更多的信息来确认卧底的身份。
2024-12-13 17:45:26,627 - 3 - INFO - **********JUDGER**********
你刚刚的分析是好的，根据四位玩家的描述，我们可以进行以下分析：

1. 玩家1的描述中提到了“金黄色的水果”、“热带地区生长”、“甜而多汁”、“独特的香味”和“丰富的维生素C含量”。

2. 玩家2的描述与玩家1非常相似，也提到了“色泽鲜艳的水果”、“橙黄色”、“丰富的汁液”、“独特的香味”和“维生素C含量突出”。

3. 玩家3的描述强调了“热带水果”、“皮薄、核小”、“鲜嫩多汁”、“独特的香味”和“丰富的汁液”。

4. 玩家4的描述似乎在引导大家如何分析游戏，而不是描述一个具体的水果。

从描述的相似性来看，玩家1、2和3的描述都非常接近，都提到了热带水果、香味、汁液和维生素C。玩家4的描述似乎与具体的水果描述无关，这可能是卧底的行为，因为卧底可能会试图混淆视听。

因此，根据第一轮的描述，玩家4可能是卧底。然而，这只是一个初步的分析，随着游戏的进行，我们需要更多的信息来确认卧底的身份。|| `请根据上述分析，比较描述以找出不一致之处，注意，这局游戏的词语分类为<水果>，卧底词和平民词都属于该类。
2024-12-13 17:45:35,842 - 3 - INFO - **********PLAYER3**********
根据上述分析，我们可以比较四位玩家的描述，寻找不一致之处：

1. 玩家1和玩家2的描述非常相似，都强调了水果的金黄色、色泽鲜艳、生长在热带地区、甜而多汁、香味独特以及维生素C含量丰富。

2. 玩家3的描述与玩家1和玩家2的描述也非常相似，提到了热带水果、皮薄核小、鲜嫩多汁、香味独特和丰富的汁液。

3. 玩家4的描述与前三名玩家的描述不同，他没有提供关于水果的具体特征，而是强调了游戏分析的方法，这可能是为了误导其他玩家。

不一致之处在于：
- 玩家4的描述与前三名玩家的描述在具体水果特征上没有重叠，而是转向了游戏策略的讨论。
- 如果所有玩家都是平民，那么他们的描述应该会更加集中在水果的特征上，而不是游戏策略。

因此，玩家4的描述与前三名玩家的描述不一致，这增加了他是卧底的可能性。卧底可能故意避免描述具体的水果特征，或者通过提供游戏策略的信息来混淆其他玩家的判断。
2024-12-13 17:45:35,842 - 3 - INFO - **********JUDGER**********
你刚刚的分析是根据上述分析，我们可以比较四位玩家的描述，寻找不一致之处：

1. 玩家1和玩家2的描述非常相似，都强调了水果的金黄色、色泽鲜艳、生长在热带地区、甜而多汁、香味独特以及维生素C含量丰富。

2. 玩家3的描述与玩家1和玩家2的描述也非常相似，提到了热带水果、皮薄核小、鲜嫩多汁、香味独特和丰富的汁液。

3. 玩家4的描述与前三名玩家的描述不同，他没有提供关于水果的具体特征，而是强调了游戏分析的方法，这可能是为了误导其他玩家。

不一致之处在于：
- 玩家4的描述与前三名玩家的描述在具体水果特征上没有重叠，而是转向了游戏策略的讨论。
- 如果所有玩家都是平民，那么他们的描述应该会更加集中在水果的特征上，而不是游戏策略。

因此，玩家4的描述与前三名玩家的描述不一致，这增加了他是卧底的可能性。卧底可能故意避免描述具体的水果特征，或者通过提供游戏策略的信息来混淆其他玩家的判断。|| 请通过你分析的不一致之处，推断卧底身份，注意，这局游戏的词语分类为<水果>，卧底词和平民词都属于该类。
2024-12-13 17:45:43,162 - 3 - INFO - **********PLAYER3**********
基于上述分析的不一致之处，我们可以推断卧底身份：

- 玩家4的描述与其他三名玩家的描述不一致，因为他没有提供关于水果的具体特征，而是转而讨论游戏分析的方法。这表明玩家4可能没有遵循游戏规则，即不直接描述自己的关键词。

- 在这个游戏中，所有玩家的关键词都属于<水果>类别，且卧底的关键词应该与平民的关键词相似，但又不完全相同。玩家4的描述没有提供任何与水果相关的具体信息，这可能是卧底试图混淆视听的行为。

- 玩家1、2和3的描述都围绕着热带水果的共同特征，如香味、汁液、维生素C含量等，这表明他们可能持有相同的平民词。

因此，根据这些线索，玩家4很可能是卧底，因为他没有遵循描述关键词的基本特征，而是偏离了游戏的主题，讨论了游戏策略。卧底的行为模式通常是试图误导其他玩家，而玩家4的描述正好符合这一行为模式。
2024-12-13 17:45:43,166 - 3 - INFO - **********JUDGER**********
你刚刚的推断是基于上述分析的不一致之处，我们可以推断卧底身份：

- 玩家4的描述与其他三名玩家的描述不一致，因为他没有提供关于水果的具体特征，而是转而讨论游戏分析的方法。这表明玩家4可能没有遵循游戏规则，即不直接描述自己的关键词。

- 在这个游戏中，所有玩家的关键词都属于<水果>类别，且卧底的关键词应该与平民的关键词相似，但又不完全相同。玩家4的描述没有提供任何与水果相关的具体信息，这可能是卧底试图混淆视听的行为。

- 玩家1、2和3的描述都围绕着热带水果的共同特征，如香味、汁液、维生素C含量等，这表明他们可能持有相同的平民词。

因此，根据这些线索，玩家4很可能是卧底，因为他没有遵循描述关键词的基本特征，而是偏离了游戏的主题，讨论了游戏策略。卧底的行为模式通常是试图误导其他玩家，而玩家4的描述正好符合这一行为模式。|| 基于你刚刚的推断得出你的最终结论，请输出你认为的卧底，在这种情况下只需要输出编号，是1-4中的某个数字，不要输出其他信息。在这个过程不要进行任何推理，只对||以前的部分进行信息提取
2024-12-13 17:45:43,796 - 3 - INFO - **********PLAYER3**********
4
2024-12-13 17:46:18,157 - 3 - INFO - **********JUDGER**********
玩家1说：这是一个金黄色的水果，通常在热带地区生长，味道甜而多汁。在水果类中，它特别以其独特的香味和丰富的维生素C含量而闻名。这种水果的皮光滑，呈金黄色，果实大而圆润。它的果肉细腻，含有许多汁液，味道非常甜美，且在水果中以其高含量的维生素C和独特的香气而受到人们的喜爱。玩家2说：这是一个色泽鲜艳的水果，通常呈橙黄色。在水果类中，它以其丰富的汁液和独特的香味而著称，且在维生素C含量上尤为突出。与其他水果相比，它在味道上更为甜美，且通常生长在温暖的热带地区。这种水果有着细腻的质地和丰富的口感，其果肉呈金黄色，质地柔软，汁液充沛。它的香味浓郁，散发出一种热带的清新气息，而且它的维生素C含量非常高，是水果中的佼佼者。与其他热带水果相比，它的味道更加甜美，非常适合直接食用。玩家3说：这是一个热带水果，其特点是皮薄、核小，果肉鲜嫩多汁。在水果类中，它最突出的不同特征是其独特的香味和丰富的汁液。玩家4说：这是一个富含维生素C的热带水果，其特点是果肉多汁且味道独特。在水果类中，它最突出的不同特征是其强烈的香味。你是第3号玩家，你的关键词是<芒果>。你的回答中绝对不能包含你的关键词<芒果>。这是第二轮描述，你之前的描述是这是一个热带水果，其特点是皮薄、核小，果肉鲜嫩多汁。在水果类中，它最突出的不同特征是其独特的香味和丰富的汁液。，注意，这局游戏的词语分类为<水果>，卧底词和平民词都属于该类，请你补充关于关键词的描述，注意，你的描述应该比起之前的描述更加贴近关键词，作为之前的补充
2024-12-13 17:46:22,997 - 3 - INFO - **********PLAYER3**********
这种水果在热带地区非常常见，它的果实形状圆润，颜色鲜艳，呈现出诱人的橙黄色。它的皮薄而光滑，轻轻一剥就能看到细腻的果肉，汁液丰富，每一口都充满了自然的甜味。这种水果的香味浓郁，散发出一种清新而诱人的热带气息。它的维生素C含量非常高，对于保持健康非常有益。与其他热带水果相比，它的口感更加细腻，非常适合直接食用，是热带水果中的佳品。
2024-12-13 17:47:05,166 - 3 - INFO - **********JUDGER**********
玩家1说：这是一个金黄色的水果，通常在热带地区生长，味道甜而多汁。在水果类中，它特别以其独特的香味和丰富的维生素C含量而闻名。这种水果的皮光滑，呈金黄色，果实大而圆润。它的果肉细腻，含有许多汁液，味道非常甜美，且在水果中以其高含量的维生素C和独特的香气而受到人们的喜爱。玩家2说：这是一个色泽鲜艳的水果，通常呈橙黄色。在水果类中，它以其丰富的汁液和独特的香味而著称，且在维生素C含量上尤为突出。与其他水果相比，它在味道上更为甜美，且通常生长在温暖的热带地区。这种水果有着细腻的质地和丰富的口感，其果肉呈金黄色，质地柔软，汁液充沛。它的香味浓郁，散发出一种热带的清新气息，而且它的维生素C含量非常高，是水果中的佼佼者。与其他热带水果相比，它的味道更加甜美，非常适合直接食用。玩家3说：这是一个热带水果，其特点是皮薄、核小，果肉鲜嫩多汁。在水果类中，它最突出的不同特征是其独特的香味和丰富的汁液。这种水果在热带地区非常常见，它的果实形状圆润，颜色鲜艳，呈现出诱人的橙黄色。它的皮薄而光滑，轻轻一剥就能看到细腻的果肉，汁液丰富，每一口都充满了自然的甜味。这种水果的香味浓郁，散发出一种清新而诱人的热带气息。它的维生素C含量非常高，对于保持健康非常有益。与其他热带水果相比，它的口感更加细腻，非常适合直接食用，是热带水果中的佳品。玩家4说：这是一个富含维生素C的热带水果，其特点是果肉多汁且味道独特。在水果类中，它最突出的不同特征是其强烈的香味。||在这个游戏中，我们需要通过分析每位玩家的描述来找出卧底。通常，平民的描述会围绕相同的词语展开，而卧底的描述可能会因为词语的不同而显得不太一致。我们需要仔细比较每个描述之间的相似性和差异性，以找出可能的卧底，注意，卧底并不会隐藏自己，他会直接描述他的词语，现在，逐一分析每个玩家的描述，注意，这局游戏的词语分类为<水果>，卧底词和平民词都属于该类。||之前是第2轮描述和之前轮数描述的合集。你之前认为的卧底是玩家4。
2024-12-13 17:47:21,877 - 3 - INFO - **********PLAYER3**********
根据第二轮描述和之前的分析，以下是每位玩家的描述分析：

1. 玩家1的描述非常详细，提到了金黄色的皮、生长在热带地区、甜而多汁、独特的香味、丰富的维生素C含量、光滑的皮、大而圆润的果实、细腻的果肉、丰富的汁液、甜美的味道、高含量的维生素C和独特的香气。

2. 玩家2的描述与玩家1非常相似，提到了色泽鲜艳、橙黄色、丰富的汁液、独特的香味、维生素C含量突出、甜美的味道、温暖的热带地区、细腻的质地、柔软的质地、充沛的汁液、浓郁香味、热带清新气息、高维生素C含量、甜味、直接食用的适合性。

3. 玩家3的描述与玩家1和玩家2的描述也相似，提到了热带水果、皮薄、核小、鲜嫩多汁、独特的香味、丰富的汁液、常见于热带地区、圆润的果实、橙黄色的颜色、光滑的皮、细腻的果肉、丰富的汁液、甜美的味道、浓郁香味、清新热带气息、高维生素C含量、细腻口感、适合直接食用、佳品。

4. 玩家4的描述提到了富含维生素C的热带水果、果肉多汁、味道独特、强烈的香味。

从描述的相似性来看，玩家1、2和3的描述都非常接近，都强调了水果的金黄色、橙黄色、生长在热带地区、甜而多汁、香味独特、维生素C含量丰富等特征。玩家4的描述虽然也提到了维生素C和独特的香味，但相对于其他玩家，他的描述更加简洁，没有提到水果的色泽、汁液丰富、皮薄核小等特征。

基于这些分析，玩家4的描述与其他玩家的描述相比显得不太一致，这进一步支持了之前推断玩家4可能是卧底的观点。因此，根据第二轮的描述，我仍然认为玩家4是卧底。
2024-12-13 17:47:21,880 - 3 - INFO - **********JUDGER**********
你刚刚的分析是根据第二轮描述和之前的分析，以下是每位玩家的描述分析：

1. 玩家1的描述非常详细，提到了金黄色的皮、生长在热带地区、甜而多汁、独特的香味、丰富的维生素C含量、光滑的皮、大而圆润的果实、细腻的果肉、丰富的汁液、甜美的味道、高含量的维生素C和独特的香气。

2. 玩家2的描述与玩家1非常相似，提到了色泽鲜艳、橙黄色、丰富的汁液、独特的香味、维生素C含量突出、甜美的味道、温暖的热带地区、细腻的质地、柔软的质地、充沛的汁液、浓郁香味、热带清新气息、高维生素C含量、甜味、直接食用的适合性。

3. 玩家3的描述与玩家1和玩家2的描述也相似，提到了热带水果、皮薄、核小、鲜嫩多汁、独特的香味、丰富的汁液、常见于热带地区、圆润的果实、橙黄色的颜色、光滑的皮、细腻的果肉、丰富的汁液、甜美的味道、浓郁香味、清新热带气息、高维生素C含量、细腻口感、适合直接食用、佳品。

4. 玩家4的描述提到了富含维生素C的热带水果、果肉多汁、味道独特、强烈的香味。

从描述的相似性来看，玩家1、2和3的描述都非常接近，都强调了水果的金黄色、橙黄色、生长在热带地区、甜而多汁、香味独特、维生素C含量丰富等特征。玩家4的描述虽然也提到了维生素C和独特的香味，但相对于其他玩家，他的描述更加简洁，没有提到水果的色泽、汁液丰富、皮薄核小等特征。

基于这些分析，玩家4的描述与其他玩家的描述相比显得不太一致，这进一步支持了之前推断玩家4可能是卧底的观点。因此，根据第二轮的描述，我仍然认为玩家4是卧底。|| `请根据上述分析，比较描述以找出不一致之处，注意，这局游戏的词语分类为<水果>，卧底词和平民词都属于该类。
2024-12-13 17:47:31,304 - 3 - INFO - **********PLAYER3**********
根据上述分析，我们可以找出以下不一致之处：

1. 玩家1、2和3的描述都详细描述了水果的颜色（金黄色、橙黄色）、生长环境（热带地区）、味道（甜而多汁）、香味（独特）、维生素C含量（丰富），以及果实的特征（皮光滑、皮薄、核小、果实大而圆润、果肉细腻、汁液丰富）。

2. 玩家4的描述虽然也提到了维生素C、果肉多汁、味道独特和强烈的香味，但没有提到水果的颜色、生长环境、果实的大小、形状、皮的特征等具体细节。

不一致之处总结：
- 玩家4的描述缺乏对水果外观特征（如颜色、皮的光滑度、果实的大小和形状）的描述，这是玩家1、2和3描述中普遍存在的细节。
- 玩家4的描述更加集中在水果的味道和香味上，而没有提及水果的汁液丰富度、维生素C含量等特征，尽管这些特征在玩家1、2和3的描述中也有所提及。

这些不一致之处表明玩家4的描述可能不如其他玩家那么贴近关键词，这可能是卧底的行为特征，因为卧底通常会试图通过简略或模糊的描述来隐藏自己的身份。
2024-12-13 17:47:31,306 - 3 - INFO - **********JUDGER**********
你刚刚的分析是根据上述分析，我们可以找出以下不一致之处：

1. 玩家1、2和3的描述都详细描述了水果的颜色（金黄色、橙黄色）、生长环境（热带地区）、味道（甜而多汁）、香味（独特）、维生素C含量（丰富），以及果实的特征（皮光滑、皮薄、核小、果实大而圆润、果肉细腻、汁液丰富）。

2. 玩家4的描述虽然也提到了维生素C、果肉多汁、味道独特和强烈的香味，但没有提到水果的颜色、生长环境、果实的大小、形状、皮的特征等具体细节。

不一致之处总结：
- 玩家4的描述缺乏对水果外观特征（如颜色、皮的光滑度、果实的大小和形状）的描述，这是玩家1、2和3描述中普遍存在的细节。
- 玩家4的描述更加集中在水果的味道和香味上，而没有提及水果的汁液丰富度、维生素C含量等特征，尽管这些特征在玩家1、2和3的描述中也有所提及。

这些不一致之处表明玩家4的描述可能不如其他玩家那么贴近关键词，这可能是卧底的行为特征，因为卧底通常会试图通过简略或模糊的描述来隐藏自己的身份。|| 请通过你分析的不一致之处，推断卧底身份，注意，这局游戏的词语分类为<水果>，卧底词和平民词都属于该类。
2024-12-13 17:47:37,449 - 3 - INFO - **********PLAYER3**********
基于分析的不一致之处，可以推断卧底身份为玩家4。玩家4的描述没有提到水果的颜色、生长环境、果实的大小、形状、皮的特征等具体细节，而其他玩家的描述则包含了这些特征。此外，玩家4的描述更加集中在水果的味道和香味上，而没有提及水果的汁液丰富度、维生素C含量等特征，尽管这些特征在玩家1、2和3的描述中也有所提及。这些差异表明玩家4的描述可能不符合一个典型的水果描述，尤其是考虑到游戏中的关键词属于<水果>类别。因此，玩家4很可能是卧底。
2024-12-13 17:47:37,449 - 3 - INFO - **********JUDGER**********
你刚刚的推断是基于分析的不一致之处，可以推断卧底身份为玩家4。玩家4的描述没有提到水果的颜色、生长环境、果实的大小、形状、皮的特征等具体细节，而其他玩家的描述则包含了这些特征。此外，玩家4的描述更加集中在水果的味道和香味上，而没有提及水果的汁液丰富度、维生素C含量等特征，尽管这些特征在玩家1、2和3的描述中也有所提及。这些差异表明玩家4的描述可能不符合一个典型的水果描述，尤其是考虑到游戏中的关键词属于<水果>类别。因此，玩家4很可能是卧底。|| 基于你刚刚的推断得出你的最终结论，请输出你认为的卧底，在这种情况下只需要输出编号，是1-4中的某个数字，不要输出其他信息。在这个过程不要进行任何推理，只对||以前的部分进行信息提取
2024-12-13 17:47:39,074 - 3 - INFO - **********PLAYER3**********
4
2024-12-13 17:48:15,179 - 3 - INFO - **********JUDGER**********
玩家1说：这是一个金黄色的水果，通常在热带地区生长，味道甜而多汁。在水果类中，它特别以其独特的香味和丰富的维生素C含量而闻名。这种水果的皮光滑，呈金黄色，果实大而圆润。它的果肉细腻，含有许多汁液，味道非常甜美，且在水果中以其高含量的维生素C和独特的香气而受到人们的喜爱。这种水果的果皮光滑，呈现出鲜艳的橙黄色，果实通常较大，形状圆润。它的果肉质地细腻，汁液丰富，味道甜美，带有一种独特的热带香气。这种水果在热带地区广泛种植，因其高含量的维生素C而受到健康饮食爱好者的青睐。玩家2说：这是一个色泽鲜艳的水果，通常呈橙黄色。在水果类中，它以其丰富的汁液和独特的香味而著称，且在维生素C含量上尤为突出。与其他水果相比，它在味道上更为甜美，且通常生长在温暖的热带地区。这种水果有着细腻的质地和丰富的口感，其果肉呈金黄色，质地柔软，汁液充沛。它的香味浓郁，散发出一种热带的清新气息，而且它的维生素C含量非常高，是水果中的佼佼者。与其他热带水果相比，它的味道更加甜美，非常适合直接食用。这种水果的质地柔软，果肉细腻，含有丰富的汁液，口感非常滑润。它的香味浓郁，散发出一种热带特有的甜香，让人一闻便知其非同寻常。这种水果通常较大，形状圆润，果皮呈现出鲜艳的橙黄色，给人一种视觉上的诱惑。在热带地区，这种水果因其甜美的味道和丰富的营养而广受欢迎。玩家3说：这是一个热带水果，其特点是皮薄、核小，果肉鲜嫩多汁。在水果类中，它最突出的不同特征是其独特的香味和丰富的汁液。这种水果在热带地区非常常见，它的果实形状圆润，颜色鲜艳，呈现出诱人的橙黄色。它的皮薄而光滑，轻轻一剥就能看到细腻的果肉，汁液丰富，每一口都充满了自然的甜味。这种水果的香味浓郁，散发出一种清新而诱人的热带气息。它的维生素C含量非常高，对于保持健康非常有益。与其他热带水果相比，它的口感更加细腻，非常适合直接食用，是热带水果中的佳品。玩家4说：这是一个富含维生素C的热带水果，其特点是果肉多汁且味道独特。在水果类中，它最突出的不同特征是其强烈的香味。这种水果在热带地区广受欢迎，它的果实通常较大，有着坚硬的外壳。尽管它的外表可能并不起眼，但一旦切开，其内部的果肉却呈现出鲜艳的黄色，散发出浓郁的、强烈的独特香气。这种水果的味道非常独特，有的形容它为香甜，有的则认为它有一种难以言喻的浓郁味道。尽管它的味道因人而异，但不可否认的是，它的香气在水果中是非常突出的。此外，这种水果的维生素C含量也很高，对于追求健康饮食的人来说是一个不错的选择。你是第3号玩家，你的关键词是<芒果>。你的回答中绝对不能包含你的关键词<芒果>。这是第三轮描述，你之前的描述是这是一个热带水果，其特点是皮薄、核小，果肉鲜嫩多汁。在水果类中，它最突出的不同特征是其独特的香味和丰富的汁液。和这种水果在热带地区非常常见，它的果实形状圆润，颜色鲜艳，呈现出诱人的橙黄色。它的皮薄而光滑，轻轻一剥就能看到细腻的果肉，汁液丰富，每一口都充满了自然的甜味。这种水果的香味浓郁，散发出一种清新而诱人的热带气息。它的维生素C含量非常高，对于保持健康非常有益。与其他热带水果相比，它的口感更加细腻，非常适合直接食用，是热带水果中的佳品。，注意，这局游戏的词语分类为<水果>，卧底词和平民词都属于该类，请你补充关于关键词的描述，注意，你的描述应该比起之前的描述更加贴近关键词，作为之前的补充
2024-12-13 17:48:26,355 - 3 - INFO - **********PLAYER3**********
这种水果在热带地区广泛种植，以其丰富的汁液和独特的甜味而受到喜爱。它的果实通常呈金黄色，皮薄而光滑，易于剥开。果肉质地细腻，含有丰富的汁液，每一口都能感受到它那浓郁的甜味和清新的热带香气。这种水果不仅味道甜美，而且维生素C含量极高，对于健康非常有益。它的香气独特，能够散发出一种令人愉悦的、热带特有的气息。与其他热带水果相比，这种水果的口感更加细腻，非常适合直接食用，是热带水果中的佳品。
2024-12-13 17:49:11,509 - 3 - INFO - **********JUDGER**********
玩家1说：这是一个金黄色的水果，通常在热带地区生长，味道甜而多汁。在水果类中，它特别以其独特的香味和丰富的维生素C含量而闻名。这种水果的皮光滑，呈金黄色，果实大而圆润。它的果肉细腻，含有许多汁液，味道非常甜美，且在水果中以其高含量的维生素C和独特的香气而受到人们的喜爱。这种水果的果皮光滑，呈现出鲜艳的橙黄色，果实通常较大，形状圆润。它的果肉质地细腻，汁液丰富，味道甜美，带有一种独特的热带香气。这种水果在热带地区广泛种植，因其高含量的维生素C而受到健康饮食爱好者的青睐。玩家2说：这是一个色泽鲜艳的水果，通常呈橙黄色。在水果类中，它以其丰富的汁液和独特的香味而著称，且在维生素C含量上尤为突出。与其他水果相比，它在味道上更为甜美，且通常生长在温暖的热带地区。这种水果有着细腻的质地和丰富的口感，其果肉呈金黄色，质地柔软，汁液充沛。它的香味浓郁，散发出一种热带的清新气息，而且它的维生素C含量非常高，是水果中的佼佼者。与其他热带水果相比，它的味道更加甜美，非常适合直接食用。这种水果的质地柔软，果肉细腻，含有丰富的汁液，口感非常滑润。它的香味浓郁，散发出一种热带特有的甜香，让人一闻便知其非同寻常。这种水果通常较大，形状圆润，果皮呈现出鲜艳的橙黄色，给人一种视觉上的诱惑。在热带地区，这种水果因其甜美的味道和丰富的营养而广受欢迎。玩家3说：这是一个热带水果，其特点是皮薄、核小，果肉鲜嫩多汁。在水果类中，它最突出的不同特征是其独特的香味和丰富的汁液。这种水果在热带地区非常常见，它的果实形状圆润，颜色鲜艳，呈现出诱人的橙黄色。它的皮薄而光滑，轻轻一剥就能看到细腻的果肉，汁液丰富，每一口都充满了自然的甜味。这种水果的香味浓郁，散发出一种清新而诱人的热带气息。它的维生素C含量非常高，对于保持健康非常有益。与其他热带水果相比，它的口感更加细腻，非常适合直接食用，是热带水果中的佳品。这种水果在热带地区广泛种植，以其丰富的汁液和独特的甜味而受到喜爱。它的果实通常呈金黄色，皮薄而光滑，易于剥开。果肉质地细腻，含有丰富的汁液，每一口都能感受到它那浓郁的甜味和清新的热带香气。这种水果不仅味道甜美，而且维生素C含量极高，对于健康非常有益。它的香气独特，能够散发出一种令人愉悦的、热带特有的气息。与其他热带水果相比，这种水果的口感更加细腻，非常适合直接食用，是热带水果中的佳品。玩家4说：这是一个富含维生素C的热带水果，其特点是果肉多汁且味道独特。在水果类中，它最突出的不同特征是其强烈的香味。这种水果在热带地区广受欢迎，它的果实通常较大，有着坚硬的外壳。尽管它的外表可能并不起眼，但一旦切开，其内部的果肉却呈现出鲜艳的黄色，散发出浓郁的、强烈的独特香气。这种水果的味道非常独特，有的形容它为香甜，有的则认为它有一种难以言喻的浓郁味道。尽管它的味道因人而异，但不可否认的是，它的香气在水果中是非常突出的。此外，这种水果的维生素C含量也很高，对于追求健康饮食的人来说是一个不错的选择。这种热带水果以其丰富的汁液和独特的风味而闻名，它的外壳坚硬，颜色通常为深绿色，而当外壳被切开时，内部的果肉呈现出鲜艳的黄色，散发出一种强烈而独特的香味。这种水果的味道复杂，既有甜味也有微妙的苦味，它的香气浓郁，能够瞬间吸引人的注意。尽管它的外观可能让人望而却步，但它的美味和营养价值使其在热带地区备受喜爱。这种水果的维生素C含量高，对于增强免疫力和促进健康有着积极的作用。||在这个游戏中，我们需要通过分析每位玩家的描述来找出卧底。通常，平民的描述会围绕相同的词语展开，而卧底的描述可能会因为词语的不同而显得不太一致。我们需要仔细比较每个描述之间的相似性和差异性，以找出可能的卧底，注意，卧底并不会隐藏自己，他会直接描述他的词语，现在，逐一分析每个玩家的描述，注意，这局游戏的词语分类为<水果>，卧底词和平民词都属于该类。||之前是第3轮描述和之前轮数描述的合集。你之前认为的卧底是玩家4。
2024-12-13 17:49:36,780 - 3 - INFO - **********PLAYER3**********
根据第三轮描述和之前的分析，以下是每位玩家的描述分析：

1. 玩家1的描述强调了金黄色、热带生长、甜而多汁、独特香味、维生素C含量丰富、光滑的皮、大而圆润的果实、细腻的果肉、丰富的汁液、甜美的味道、独特的香气。

2. 玩家2的描述提到了色泽鲜艳、橙黄色、丰富的汁液、独特的香味、维生素C含量突出、甜美的味道、温暖的热带地区、细腻的质地、柔软的质地、充沛的汁液、浓郁香味、热带清新气息、高维生素C含量、甜味、直接食用的适合性、质地柔软、果肉细腻、口感滑润、香味浓郁、热带特有的甜香、形状圆润、视觉上的诱惑、甜美的味道、丰富的营养、坚硬的外壳、深绿色、鲜艳的黄色、强烈而独特的香味、复杂的味道、微妙的苦味、香气浓郁、吸引人的注意、外观可能让人望而却步、美味和营养价值、增强免疫力和促进健康。

3. 玩家3的描述与玩家1和玩家2的描述相似，提到了热带水果、皮薄、核小、鲜嫩多汁、独特香味、丰富的汁液、常见于热带地区、圆润的果实、橙黄色的颜色、光滑的皮、细腻的果肉、丰富的汁液、甜美的味道、浓郁香味、清新热带气息、高维生素C含量、细腻口感、适合直接食用、佳品、丰富的汁液、独特的甜味、金黄色、皮薄而光滑、易于剥开、浓郁的甜味和清新的热带香气、独特的香气、热带特有的气息、独特的风味、坚硬的外壳、颜色通常为深绿色、内部的果肉呈现出鲜艳的黄色、强烈而独特的香味、复杂的味道、微妙的苦味、香气浓郁、能够瞬间吸引人的注意、美味和营养价值、增强免疫力和促进健康。

4. 玩家4的描述提到了富含维生素C的热带水果、果肉多汁、味道独特、强烈的香味、果实通常较大、坚硬的外壳、鲜艳的黄色、浓郁的、强烈的独特香气、香甜、难以言喻的浓郁味道、香气在水果中非常突出、高维生素C含量、增强免疫力和促进健康。

从描述的相似性来看，玩家1、2和3的描述都非常接近，都强调了水果的颜色、生长环境、味道、香味、维生素C含量等特征。玩家4的描述虽然也提到了维生素C、果肉多汁、味道独特和强烈的香味，但他的描述中提到了“坚硬的外壳”和“颜色通常为深绿色”，这与玩家1、2和3的描述中的“皮薄而光滑”、“金黄色”等特征不一致。

因此，基于这些分析，玩家4的描述与其他玩家的描述相比显得不太一致，这进一步支持了之前推断玩家4可能是卧底的观点。因此，根据第三轮的描述，我仍然认为玩家4是卧底。
2024-12-13 17:49:36,783 - 3 - INFO - **********JUDGER**********
你刚刚的分析是根据第三轮描述和之前的分析，以下是每位玩家的描述分析：

1. 玩家1的描述强调了金黄色、热带生长、甜而多汁、独特香味、维生素C含量丰富、光滑的皮、大而圆润的果实、细腻的果肉、丰富的汁液、甜美的味道、独特的香气。

2. 玩家2的描述提到了色泽鲜艳、橙黄色、丰富的汁液、独特的香味、维生素C含量突出、甜美的味道、温暖的热带地区、细腻的质地、柔软的质地、充沛的汁液、浓郁香味、热带清新气息、高维生素C含量、甜味、直接食用的适合性、质地柔软、果肉细腻、口感滑润、香味浓郁、热带特有的甜香、形状圆润、视觉上的诱惑、甜美的味道、丰富的营养、坚硬的外壳、深绿色、鲜艳的黄色、强烈而独特的香味、复杂的味道、微妙的苦味、香气浓郁、吸引人的注意、外观可能让人望而却步、美味和营养价值、增强免疫力和促进健康。

3. 玩家3的描述与玩家1和玩家2的描述相似，提到了热带水果、皮薄、核小、鲜嫩多汁、独特香味、丰富的汁液、常见于热带地区、圆润的果实、橙黄色的颜色、光滑的皮、细腻的果肉、丰富的汁液、甜美的味道、浓郁香味、清新热带气息、高维生素C含量、细腻口感、适合直接食用、佳品、丰富的汁液、独特的甜味、金黄色、皮薄而光滑、易于剥开、浓郁的甜味和清新的热带香气、独特的香气、热带特有的气息、独特的风味、坚硬的外壳、颜色通常为深绿色、内部的果肉呈现出鲜艳的黄色、强烈而独特的香味、复杂的味道、微妙的苦味、香气浓郁、能够瞬间吸引人的注意、美味和营养价值、增强免疫力和促进健康。

4. 玩家4的描述提到了富含维生素C的热带水果、果肉多汁、味道独特、强烈的香味、果实通常较大、坚硬的外壳、鲜艳的黄色、浓郁的、强烈的独特香气、香甜、难以言喻的浓郁味道、香气在水果中非常突出、高维生素C含量、增强免疫力和促进健康。

从描述的相似性来看，玩家1、2和3的描述都非常接近，都强调了水果的颜色、生长环境、味道、香味、维生素C含量等特征。玩家4的描述虽然也提到了维生素C、果肉多汁、味道独特和强烈的香味，但他的描述中提到了“坚硬的外壳”和“颜色通常为深绿色”，这与玩家1、2和3的描述中的“皮薄而光滑”、“金黄色”等特征不一致。

因此，基于这些分析，玩家4的描述与其他玩家的描述相比显得不太一致，这进一步支持了之前推断玩家4可能是卧底的观点。因此，根据第三轮的描述，我仍然认为玩家4是卧底。|| `请根据上述分析，比较描述以找出不一致之处，注意，这局游戏的词语分类为<水果>，卧底词和平民词都属于该类。
2024-12-13 17:49:46,740 - 3 - INFO - **********PLAYER3**********
根据上述分析，不一致之处如下：

1. 玩家4的描述中提到了“坚硬的外壳”，而玩家1、2和3的描述中都没有提到水果外壳的坚硬程度。

2. 玩家4的描述中提到水果的“颜色通常为深绿色”，这与玩家1、2和3描述中的“金黄色”或“橙黄色”不符。

3. 玩家4的描述中强调了水果的“香甜”和“难以言喻的浓郁味道”，而玩家1、2和3的描述中虽然也提到了甜味，但没有特别强调这种难以言喻的浓郁味道。

4. 玩家4的描述中提到水果的香气是“浓郁的、强烈的独特香气”，而玩家1、2和3的描述中虽然也提到了香气，但没有特别强调香气的强度。

这些不一致之处表明玩家4的描述在水果的特征描述上与玩家1、2和3有所不同，这可能是由于玩家4持有的关键词与平民词不同，从而导致了描述上的差异。
2024-12-13 17:49:46,741 - 3 - INFO - **********JUDGER**********
你刚刚的分析是根据上述分析，不一致之处如下：

1. 玩家4的描述中提到了“坚硬的外壳”，而玩家1、2和3的描述中都没有提到水果外壳的坚硬程度。

2. 玩家4的描述中提到水果的“颜色通常为深绿色”，这与玩家1、2和3描述中的“金黄色”或“橙黄色”不符。

3. 玩家4的描述中强调了水果的“香甜”和“难以言喻的浓郁味道”，而玩家1、2和3的描述中虽然也提到了甜味，但没有特别强调这种难以言喻的浓郁味道。

4. 玩家4的描述中提到水果的香气是“浓郁的、强烈的独特香气”，而玩家1、2和3的描述中虽然也提到了香气，但没有特别强调香气的强度。

这些不一致之处表明玩家4的描述在水果的特征描述上与玩家1、2和3有所不同，这可能是由于玩家4持有的关键词与平民词不同，从而导致了描述上的差异。|| 请通过你分析的不一致之处，推断卧底身份，注意，这局游戏的词语分类为<水果>，卧底词和平民词都属于该类。
2024-12-13 17:49:48,461 - 3 - INFO - **********PLAYER3**********
4
2024-12-13 17:49:48,461 - 3 - INFO - **********JUDGER**********
你刚刚的推断是4|| 基于你刚刚的推断得出你的最终结论，请输出你认为的卧底，在这种情况下只需要输出编号，是1-4中的某个数字，不要输出其他信息。在这个过程不要进行任何推理，只对||以前的部分进行信息提取
2024-12-13 17:49:50,349 - 3 - INFO - **********PLAYER3**********
4
