2024-12-13 17:44:23,504 - 4 - INFO - **********JUDGER**********
让我们来玩一个叫做<谁是卧底>的推理游戏。基本规则：<人数>：4人。<角色分配>：每位玩家随机抽取一个词语，3名玩家拿到的词语是相同的（平民词），1名玩家拿到与之相近但不同的词语（卧底词）。<游戏流程>：1、玩家轮流描述自己的词语，但<不能>直接说出词语本身。2、描述完毕后，投票选出最像卧底的玩家。3、每轮结束后，被投票选出的玩家出局，不能再进行描述或投票。4、每轮投票结束后，如果卧底被成功找出，平民方获胜；如果卧底未被找出且卧底人数等于或超过平民人数，则卧底方获胜。你将扮演一个<玩家>，请等待你被分配到的关键词。如果你听懂了，只回答，"好的，我准备好参加游戏了"，不要输出别的信息
2024-12-13 17:44:24,335 - 4 - INFO - **********PLAYER4**********
好的，我准备好参加游戏了
2024-12-13 17:44:30,968 - 4 - INFO - **********JUDGER**********
玩家1说：这是一个金黄色的水果，通常在热带地区生长，味道甜而多汁。在水果类中，它特别以其独特的香味和丰富的维生素C含量而闻名。玩家2说：这是一个色泽鲜艳的水果，通常呈橙黄色。在水果类中，它以其丰富的汁液和独特的香味而著称，且在维生素C含量上尤为突出。与其他水果相比，它在味道上更为甜美，且通常生长在温暖的热带地区。玩家3说：这是一个热带水果，其特点是皮薄、核小，果肉鲜嫩多汁。在水果类中，它最突出的不同特征是其独特的香味和丰富的汁液。玩家4说：|| 你是第4号玩家，你的关键词是<榴莲>。你的回答中绝对不能包含你的关键词<榴莲>。这是第一轮描述，不需要分析||之前别的玩家的描述，请你描述关键词基本特征，注意，这局游戏的词语分类为<水果>，卧底词和平民词都属于该类，描述包括以下两点，1.他的基本特征是什么2.他在该类（水果）中最突出不同的特征是什么，尽量简短
2024-12-13 17:44:33,158 - 4 - INFO - **********PLAYER4**********
这是一个富含维生素C的热带水果，其特点是果肉多汁且味道独特。在水果类中，它最突出的不同特征是其强烈的香味。
2024-12-13 17:45:43,797 - 4 - INFO - **********JUDGER**********
玩家1说：这是一个金黄色的水果，通常在热带地区生长，味道甜而多汁。在水果类中，它特别以其独特的香味和丰富的维生素C含量而闻名。玩家2说：这是一个色泽鲜艳的水果，通常呈橙黄色。在水果类中，它以其丰富的汁液和独特的香味而著称，且在维生素C含量上尤为突出。与其他水果相比，它在味道上更为甜美，且通常生长在温暖的热带地区。玩家3说：这是一个热带水果，其特点是皮薄、核小，果肉鲜嫩多汁。在水果类中，它最突出的不同特征是其独特的香味和丰富的汁液。玩家4说：||在这个游戏中，我们需要通过分析每位玩家的描述来找出卧底。通常，平民的描述会围绕相同的词语展开，而卧底的描述可能会因为词语的不同而显得不太一致。我们需要仔细比较每个描述之间的相似性和差异性，以找出可能的卧底，注意，卧底并不会隐藏自己，他会直接描述他的词语，现在，逐一分析每个玩家的描述，注意，这局游戏的词语分类为<水果>，卧底词和平民词都属于该类。这是第一轮描述。
2024-12-13 17:45:51,991 - 4 - INFO - **********PLAYER4**********
好的，根据玩家的描述，我们可以进行如下分析：

玩家1和玩家2的描述非常相似，都提到了金黄色、热带地区、甜而多汁、独特的香味和丰富的维生素C含量。这表明他们可能是平民。

玩家3的描述与玩家1和玩家2的描述也较为接近，提到了热带水果、皮薄核小、鲜嫩多汁、独特的香味和丰富的汁液。这同样暗示他可能是平民。

玩家4的描述没有提供具体的信息，只是提醒大家需要通过分析找出卧底，这可能是为了混淆视听。

综上所述，玩家1、玩家2和玩家3的描述都指向了可能是相同的水果，而玩家4的描述没有具体指向任何水果，这可能是一个提示，表明玩家4可能是卧底。然而，由于缺乏具体的描述信息，我们无法确定哪个玩家是卧底。需要更多的信息或者下一轮的描述来进一步判断。
2024-12-13 17:45:51,991 - 4 - INFO - **********JUDGER**********
你刚刚的分析是好的，根据玩家的描述，我们可以进行如下分析：

玩家1和玩家2的描述非常相似，都提到了金黄色、热带地区、甜而多汁、独特的香味和丰富的维生素C含量。这表明他们可能是平民。

玩家3的描述与玩家1和玩家2的描述也较为接近，提到了热带水果、皮薄核小、鲜嫩多汁、独特的香味和丰富的汁液。这同样暗示他可能是平民。

玩家4的描述没有提供具体的信息，只是提醒大家需要通过分析找出卧底，这可能是为了混淆视听。

综上所述，玩家1、玩家2和玩家3的描述都指向了可能是相同的水果，而玩家4的描述没有具体指向任何水果，这可能是一个提示，表明玩家4可能是卧底。然而，由于缺乏具体的描述信息，我们无法确定哪个玩家是卧底。需要更多的信息或者下一轮的描述来进一步判断。|| `请根据上述分析，比较描述以找出不一致之处，注意，这局游戏的词语分类为<水果>，卧底词和平民词都属于该类。
2024-12-13 17:46:01,683 - 4 - INFO - **********PLAYER4**********
根据上述分析，我们可以比较描述中的不一致之处：

1. 玩家1和玩家2的描述中都提到了“金黄色”、“热带地区”、“甜而多汁”、“独特的香味”和“丰富的维生素C含量”，这些特征指向的是同一种水果。

2. 玩家3的描述中也包含了“热带水果”、“皮薄核小”、“鲜嫩多汁”、“独特的香味”和“丰富的汁液”，这些特征与玩家1和玩家2的描述相似，进一步支持了他们可能是平民的推测。

3. 玩家4的描述并没有具体指向任何水果的特征，而是强调了游戏的分析过程和卧底的识别方法，这并没有提供任何关于水果特征的信息，与玩家1、2、3的描述形成鲜明对比。

不一致之处在于玩家4的描述缺乏具体的水果特征，而玩家1、2、3的描述则提供了关于一种特定水果的详细信息。这可能是玩家4作为卧底的一个提示，因为卧底通常会有不同的词，而且他们的描述可能会与平民的描述不一致。因此，玩家4的描述可能是基于不同的水果，或者是故意含糊以混淆视听。
2024-12-13 17:46:01,684 - 4 - INFO - **********JUDGER**********
你刚刚的分析是根据上述分析，我们可以比较描述中的不一致之处：

1. 玩家1和玩家2的描述中都提到了“金黄色”、“热带地区”、“甜而多汁”、“独特的香味”和“丰富的维生素C含量”，这些特征指向的是同一种水果。

2. 玩家3的描述中也包含了“热带水果”、“皮薄核小”、“鲜嫩多汁”、“独特的香味”和“丰富的汁液”，这些特征与玩家1和玩家2的描述相似，进一步支持了他们可能是平民的推测。

3. 玩家4的描述并没有具体指向任何水果的特征，而是强调了游戏的分析过程和卧底的识别方法，这并没有提供任何关于水果特征的信息，与玩家1、2、3的描述形成鲜明对比。

不一致之处在于玩家4的描述缺乏具体的水果特征，而玩家1、2、3的描述则提供了关于一种特定水果的详细信息。这可能是玩家4作为卧底的一个提示，因为卧底通常会有不同的词，而且他们的描述可能会与平民的描述不一致。因此，玩家4的描述可能是基于不同的水果，或者是故意含糊以混淆视听。|| 请通过你分析的不一致之处，推断卧底身份，注意，这局游戏的词语分类为<水果>，卧底词和平民词都属于该类。
2024-12-13 17:46:10,430 - 4 - INFO - **********PLAYER4**********
根据分析中提到的不一致之处，我们可以推断以下情况：

1. 玩家1、玩家2和玩家3的描述都指向了某种特定水果，这些描述具有高度的一致性，特征包括金黄色、热带地区、甜而多汁、独特的香味和丰富的维生素C含量。这些特征可能指向了同一种水果，如芒果或香蕉。

2. 玩家4的描述则没有具体指向任何水果的特征，而是提到了游戏的分析过程和卧底的识别方法，这表明玩家4可能没有描述具体的水果特征，可能是出于混淆的目的。

考虑到游戏的词语分类为<水果>，并且卧底词和平民词都属于该类，玩家4的描述与玩家1、2、3的描述不一致，这强烈暗示玩家4可能是卧底。因为卧底需要保持与其他平民玩家的描述不一致，而玩家4的描述正好没有提供任何具体的水果特征，这与卧底应有的行为模式相符。

因此，基于上述分析，玩家4很可能是卧底。
2024-12-13 17:46:10,432 - 4 - INFO - **********JUDGER**********
你刚刚的推断是根据分析中提到的不一致之处，我们可以推断以下情况：

1. 玩家1、玩家2和玩家3的描述都指向了某种特定水果，这些描述具有高度的一致性，特征包括金黄色、热带地区、甜而多汁、独特的香味和丰富的维生素C含量。这些特征可能指向了同一种水果，如芒果或香蕉。

2. 玩家4的描述则没有具体指向任何水果的特征，而是提到了游戏的分析过程和卧底的识别方法，这表明玩家4可能没有描述具体的水果特征，可能是出于混淆的目的。

考虑到游戏的词语分类为<水果>，并且卧底词和平民词都属于该类，玩家4的描述与玩家1、2、3的描述不一致，这强烈暗示玩家4可能是卧底。因为卧底需要保持与其他平民玩家的描述不一致，而玩家4的描述正好没有提供任何具体的水果特征，这与卧底应有的行为模式相符。

因此，基于上述分析，玩家4很可能是卧底。|| 基于你刚刚的推断得出你的最终结论，请输出你认为的卧底，在这种情况下只需要输出编号，是1-4中的某个数字，不要输出其他信息。在这个过程不要进行任何推理，只对||以前的部分进行信息提取
2024-12-13 17:46:11,065 - 4 - INFO - **********PLAYER4**********
4
2024-12-13 17:46:23,001 - 4 - INFO - **********JUDGER**********
玩家1说：这是一个金黄色的水果，通常在热带地区生长，味道甜而多汁。在水果类中，它特别以其独特的香味和丰富的维生素C含量而闻名。这种水果的皮光滑，呈金黄色，果实大而圆润。它的果肉细腻，含有许多汁液，味道非常甜美，且在水果中以其高含量的维生素C和独特的香气而受到人们的喜爱。玩家2说：这是一个色泽鲜艳的水果，通常呈橙黄色。在水果类中，它以其丰富的汁液和独特的香味而著称，且在维生素C含量上尤为突出。与其他水果相比，它在味道上更为甜美，且通常生长在温暖的热带地区。这种水果有着细腻的质地和丰富的口感，其果肉呈金黄色，质地柔软，汁液充沛。它的香味浓郁，散发出一种热带的清新气息，而且它的维生素C含量非常高，是水果中的佼佼者。与其他热带水果相比，它的味道更加甜美，非常适合直接食用。玩家3说：这是一个热带水果，其特点是皮薄、核小，果肉鲜嫩多汁。在水果类中，它最突出的不同特征是其独特的香味和丰富的汁液。这种水果在热带地区非常常见，它的果实形状圆润，颜色鲜艳，呈现出诱人的橙黄色。它的皮薄而光滑，轻轻一剥就能看到细腻的果肉，汁液丰富，每一口都充满了自然的甜味。这种水果的香味浓郁，散发出一种清新而诱人的热带气息。它的维生素C含量非常高，对于保持健康非常有益。与其他热带水果相比，它的口感更加细腻，非常适合直接食用，是热带水果中的佳品。玩家4说：这是一个富含维生素C的热带水果，其特点是果肉多汁且味道独特。在水果类中，它最突出的不同特征是其强烈的香味。你是第4号玩家，你的关键词是<榴莲>。你的回答中绝对不能包含你的关键词<榴莲>。这是第二轮描述，你之前的描述是这是一个富含维生素C的热带水果，其特点是果肉多汁且味道独特。在水果类中，它最突出的不同特征是其强烈的香味。，注意，这局游戏的词语分类为<水果>，卧底词和平民词都属于该类，请你补充关于关键词的描述，注意，你的描述应该比起之前的描述更加贴近关键词，作为之前的补充
2024-12-13 17:46:27,283 - 4 - INFO - **********PLAYER4**********
这种水果在热带地区广受欢迎，它的果实通常较大，有着坚硬的外壳。尽管它的外表可能并不起眼，但一旦切开，其内部的果肉却呈现出鲜艳的黄色，散发出浓郁的、强烈的独特香气。这种水果的味道非常独特，有的形容它为香甜，有的则认为它有一种难以言喻的浓郁味道。尽管它的味道因人而异，但不可否认的是，它的香气在水果中是非常突出的。此外，这种水果的维生素C含量也很高，对于追求健康饮食的人来说是一个不错的选择。
2024-12-13 17:47:39,074 - 4 - INFO - **********JUDGER**********
玩家1说：这是一个金黄色的水果，通常在热带地区生长，味道甜而多汁。在水果类中，它特别以其独特的香味和丰富的维生素C含量而闻名。这种水果的皮光滑，呈金黄色，果实大而圆润。它的果肉细腻，含有许多汁液，味道非常甜美，且在水果中以其高含量的维生素C和独特的香气而受到人们的喜爱。玩家2说：这是一个色泽鲜艳的水果，通常呈橙黄色。在水果类中，它以其丰富的汁液和独特的香味而著称，且在维生素C含量上尤为突出。与其他水果相比，它在味道上更为甜美，且通常生长在温暖的热带地区。这种水果有着细腻的质地和丰富的口感，其果肉呈金黄色，质地柔软，汁液充沛。它的香味浓郁，散发出一种热带的清新气息，而且它的维生素C含量非常高，是水果中的佼佼者。与其他热带水果相比，它的味道更加甜美，非常适合直接食用。玩家3说：这是一个热带水果，其特点是皮薄、核小，果肉鲜嫩多汁。在水果类中，它最突出的不同特征是其独特的香味和丰富的汁液。这种水果在热带地区非常常见，它的果实形状圆润，颜色鲜艳，呈现出诱人的橙黄色。它的皮薄而光滑，轻轻一剥就能看到细腻的果肉，汁液丰富，每一口都充满了自然的甜味。这种水果的香味浓郁，散发出一种清新而诱人的热带气息。它的维生素C含量非常高，对于保持健康非常有益。与其他热带水果相比，它的口感更加细腻，非常适合直接食用，是热带水果中的佳品。玩家4说：这是一个富含维生素C的热带水果，其特点是果肉多汁且味道独特。在水果类中，它最突出的不同特征是其强烈的香味。||在这个游戏中，我们需要通过分析每位玩家的描述来找出卧底。通常，平民的描述会围绕相同的词语展开，而卧底的描述可能会因为词语的不同而显得不太一致。我们需要仔细比较每个描述之间的相似性和差异性，以找出可能的卧底，注意，卧底并不会隐藏自己，他会直接描述他的词语，现在，逐一分析每个玩家的描述，注意，这局游戏的词语分类为<水果>，卧底词和平民词都属于该类。||之前是第2轮描述和之前轮数描述的合集。你之前认为的卧底是玩家4。
2024-12-13 17:47:43,356 - 4 - INFO - **********PLAYER4**********
玩家4的描述与前三名玩家相比，虽然也提到了热带水果、香味和汁液丰富等特点，但没有明确指出是哪种具体的水果，也没有强调与其他水果相比的独特特征。这可能意味着玩家4的词语与前三名玩家不同，因此玩家4可能是卧底。卧底可能故意使用了一些与平民词相似但含义不同的描述，以混淆视听。

综上所述，根据描述的分析，玩家4可能是卧底。
2024-12-13 17:47:43,357 - 4 - INFO - **********JUDGER**********
你刚刚的分析是玩家4的描述与前三名玩家相比，虽然也提到了热带水果、香味和汁液丰富等特点，但没有明确指出是哪种具体的水果，也没有强调与其他水果相比的独特特征。这可能意味着玩家4的词语与前三名玩家不同，因此玩家4可能是卧底。卧底可能故意使用了一些与平民词相似但含义不同的描述，以混淆视听。

综上所述，根据描述的分析，玩家4可能是卧底。|| `请根据上述分析，比较描述以找出不一致之处，注意，这局游戏的词语分类为<水果>，卧底词和平民词都属于该类。
2024-12-13 17:47:51,788 - 4 - INFO - **********PLAYER4**********
根据上述分析，我们可以比较描述中的不一致之处如下：

1. 玩家1、玩家2和玩家3的描述都明确指向了某种具体的水果特征，如金黄色、橙黄色、皮薄核小、鲜嫩多汁、果肉细腻、汁液充沛等，并且都提到了这种水果在热带地区生长，味道甜美，维生素C含量高。

2. 玩家4的描述虽然也提到了热带水果、香味、汁液丰富和维生素C含量高等特点，但没有具体描述水果的颜色、皮薄核小、果肉细腻等特征，也没有提到果实的外形和生长环境。

不一致之处在于玩家4的描述缺乏具体的水果外观和生长环境的描述，而玩家1、2、3的描述则详细描述了这些特征。这种缺乏具体特征的描述可能与卧底词的特性不符，因为卧底词通常与平民词有相似之处但也有关键的不同，而玩家4的描述似乎没有捕捉到这种关键的不同点。因此，玩家4的描述在这点上与其他玩家的描述不一致。
2024-12-13 17:47:51,789 - 4 - INFO - **********JUDGER**********
你刚刚的分析是根据上述分析，我们可以比较描述中的不一致之处如下：

1. 玩家1、玩家2和玩家3的描述都明确指向了某种具体的水果特征，如金黄色、橙黄色、皮薄核小、鲜嫩多汁、果肉细腻、汁液充沛等，并且都提到了这种水果在热带地区生长，味道甜美，维生素C含量高。

2. 玩家4的描述虽然也提到了热带水果、香味、汁液丰富和维生素C含量高等特点，但没有具体描述水果的颜色、皮薄核小、果肉细腻等特征，也没有提到果实的外形和生长环境。

不一致之处在于玩家4的描述缺乏具体的水果外观和生长环境的描述，而玩家1、2、3的描述则详细描述了这些特征。这种缺乏具体特征的描述可能与卧底词的特性不符，因为卧底词通常与平民词有相似之处但也有关键的不同，而玩家4的描述似乎没有捕捉到这种关键的不同点。因此，玩家4的描述在这点上与其他玩家的描述不一致。|| 请通过你分析的不一致之处，推断卧底身份，注意，这局游戏的词语分类为<水果>，卧底词和平民词都属于该类。
2024-12-13 17:48:02,889 - 4 - INFO - **********PLAYER4**********
这是一个金黄色的热带水果，它的香味浓郁，果肉多汁。在水果类中，它以其独特的香味和维生素C含量而著称。它的生长环境通常在热带地区，是甜美多汁的代表之一。

根据上述分析，我的描述与其他三位玩家的描述在关键词上可能存在相似之处，但具体指向的水果可能有所不同。因此，我需要通过进一步的描述来区分自己与其他玩家，同时避免直接透露我的关键词“榴莲”。

我的描述中强调了水果的金黄色、热带生长环境和浓郁的香味，这些都是榴莲的特点。然而，为了避免直接给出关键词，我会在接下来的描述中巧妙地避开这些直接的特征，同时保持描述的连贯性和吸引力。

现在，让我们进入下一轮的描述。
2024-12-13 17:48:02,890 - 4 - INFO - **********JUDGER**********
你刚刚的推断是这是一个金黄色的热带水果，它的香味浓郁，果肉多汁。在水果类中，它以其独特的香味和维生素C含量而著称。它的生长环境通常在热带地区，是甜美多汁的代表之一。

根据上述分析，我的描述与其他三位玩家的描述在关键词上可能存在相似之处，但具体指向的水果可能有所不同。因此，我需要通过进一步的描述来区分自己与其他玩家，同时避免直接透露我的关键词“榴莲”。

我的描述中强调了水果的金黄色、热带生长环境和浓郁的香味，这些都是榴莲的特点。然而，为了避免直接给出关键词，我会在接下来的描述中巧妙地避开这些直接的特征，同时保持描述的连贯性和吸引力。

现在，让我们进入下一轮的描述。|| 基于你刚刚的推断得出你的最终结论，请输出你认为的卧底，在这种情况下只需要输出编号，是1-4中的某个数字，不要输出其他信息。在这个过程不要进行任何推理，只对||以前的部分进行信息提取
2024-12-13 17:48:04,329 - 4 - INFO - **********PLAYER4**********
4
2024-12-13 17:48:26,357 - 4 - INFO - **********JUDGER**********
玩家1说：这是一个金黄色的水果，通常在热带地区生长，味道甜而多汁。在水果类中，它特别以其独特的香味和丰富的维生素C含量而闻名。这种水果的皮光滑，呈金黄色，果实大而圆润。它的果肉细腻，含有许多汁液，味道非常甜美，且在水果中以其高含量的维生素C和独特的香气而受到人们的喜爱。这种水果的果皮光滑，呈现出鲜艳的橙黄色，果实通常较大，形状圆润。它的果肉质地细腻，汁液丰富，味道甜美，带有一种独特的热带香气。这种水果在热带地区广泛种植，因其高含量的维生素C而受到健康饮食爱好者的青睐。玩家2说：这是一个色泽鲜艳的水果，通常呈橙黄色。在水果类中，它以其丰富的汁液和独特的香味而著称，且在维生素C含量上尤为突出。与其他水果相比，它在味道上更为甜美，且通常生长在温暖的热带地区。这种水果有着细腻的质地和丰富的口感，其果肉呈金黄色，质地柔软，汁液充沛。它的香味浓郁，散发出一种热带的清新气息，而且它的维生素C含量非常高，是水果中的佼佼者。与其他热带水果相比，它的味道更加甜美，非常适合直接食用。这种水果的质地柔软，果肉细腻，含有丰富的汁液，口感非常滑润。它的香味浓郁，散发出一种热带特有的甜香，让人一闻便知其非同寻常。这种水果通常较大，形状圆润，果皮呈现出鲜艳的橙黄色，给人一种视觉上的诱惑。在热带地区，这种水果因其甜美的味道和丰富的营养而广受欢迎。玩家3说：这是一个热带水果，其特点是皮薄、核小，果肉鲜嫩多汁。在水果类中，它最突出的不同特征是其独特的香味和丰富的汁液。这种水果在热带地区非常常见，它的果实形状圆润，颜色鲜艳，呈现出诱人的橙黄色。它的皮薄而光滑，轻轻一剥就能看到细腻的果肉，汁液丰富，每一口都充满了自然的甜味。这种水果的香味浓郁，散发出一种清新而诱人的热带气息。它的维生素C含量非常高，对于保持健康非常有益。与其他热带水果相比，它的口感更加细腻，非常适合直接食用，是热带水果中的佳品。这种水果在热带地区广泛种植，以其丰富的汁液和独特的甜味而受到喜爱。它的果实通常呈金黄色，皮薄而光滑，易于剥开。果肉质地细腻，含有丰富的汁液，每一口都能感受到它那浓郁的甜味和清新的热带香气。这种水果不仅味道甜美，而且维生素C含量极高，对于健康非常有益。它的香气独特，能够散发出一种令人愉悦的、热带特有的气息。与其他热带水果相比，这种水果的口感更加细腻，非常适合直接食用，是热带水果中的佳品。玩家4说：这是一个富含维生素C的热带水果，其特点是果肉多汁且味道独特。在水果类中，它最突出的不同特征是其强烈的香味。这种水果在热带地区广受欢迎，它的果实通常较大，有着坚硬的外壳。尽管它的外表可能并不起眼，但一旦切开，其内部的果肉却呈现出鲜艳的黄色，散发出浓郁的、强烈的独特香气。这种水果的味道非常独特，有的形容它为香甜，有的则认为它有一种难以言喻的浓郁味道。尽管它的味道因人而异，但不可否认的是，它的香气在水果中是非常突出的。此外，这种水果的维生素C含量也很高，对于追求健康饮食的人来说是一个不错的选择。你是第4号玩家，你的关键词是<榴莲>。你的回答中绝对不能包含你的关键词<榴莲>。这是第三轮描述，你之前的描述是这是一个富含维生素C的热带水果，其特点是果肉多汁且味道独特。在水果类中，它最突出的不同特征是其强烈的香味。和这种水果在热带地区广受欢迎，它的果实通常较大，有着坚硬的外壳。尽管它的外表可能并不起眼，但一旦切开，其内部的果肉却呈现出鲜艳的黄色，散发出浓郁的、强烈的独特香气。这种水果的味道非常独特，有的形容它为香甜，有的则认为它有一种难以言喻的浓郁味道。尽管它的味道因人而异，但不可否认的是，它的香气在水果中是非常突出的。此外，这种水果的维生素C含量也很高，对于追求健康饮食的人来说是一个不错的选择。，注意，这局游戏的词语分类为<水果>，卧底词和平民词都属于该类，请你补充关于关键词的描述，注意，你的描述应该比起之前的描述更加贴近关键词，作为之前的补充
2024-12-13 17:48:35,008 - 4 - INFO - **********PLAYER4**********
这种热带水果以其丰富的汁液和独特的风味而闻名，它的外壳坚硬，颜色通常为深绿色，而当外壳被切开时，内部的果肉呈现出鲜艳的黄色，散发出一种强烈而独特的香味。这种水果的味道复杂，既有甜味也有微妙的苦味，它的香气浓郁，能够瞬间吸引人的注意。尽管它的外观可能让人望而却步，但它的美味和营养价值使其在热带地区备受喜爱。这种水果的维生素C含量高，对于增强免疫力和促进健康有着积极的作用。
2024-12-13 17:49:50,350 - 4 - INFO - **********JUDGER**********
玩家1说：这是一个金黄色的水果，通常在热带地区生长，味道甜而多汁。在水果类中，它特别以其独特的香味和丰富的维生素C含量而闻名。这种水果的皮光滑，呈金黄色，果实大而圆润。它的果肉细腻，含有许多汁液，味道非常甜美，且在水果中以其高含量的维生素C和独特的香气而受到人们的喜爱。这种水果的果皮光滑，呈现出鲜艳的橙黄色，果实通常较大，形状圆润。它的果肉质地细腻，汁液丰富，味道甜美，带有一种独特的热带香气。这种水果在热带地区广泛种植，因其高含量的维生素C而受到健康饮食爱好者的青睐。玩家2说：这是一个色泽鲜艳的水果，通常呈橙黄色。在水果类中，它以其丰富的汁液和独特的香味而著称，且在维生素C含量上尤为突出。与其他水果相比，它在味道上更为甜美，且通常生长在温暖的热带地区。这种水果有着细腻的质地和丰富的口感，其果肉呈金黄色，质地柔软，汁液充沛。它的香味浓郁，散发出一种热带的清新气息，而且它的维生素C含量非常高，是水果中的佼佼者。与其他热带水果相比，它的味道更加甜美，非常适合直接食用。这种水果的质地柔软，果肉细腻，含有丰富的汁液，口感非常滑润。它的香味浓郁，散发出一种热带特有的甜香，让人一闻便知其非同寻常。这种水果通常较大，形状圆润，果皮呈现出鲜艳的橙黄色，给人一种视觉上的诱惑。在热带地区，这种水果因其甜美的味道和丰富的营养而广受欢迎。玩家3说：这是一个热带水果，其特点是皮薄、核小，果肉鲜嫩多汁。在水果类中，它最突出的不同特征是其独特的香味和丰富的汁液。这种水果在热带地区非常常见，它的果实形状圆润，颜色鲜艳，呈现出诱人的橙黄色。它的皮薄而光滑，轻轻一剥就能看到细腻的果肉，汁液丰富，每一口都充满了自然的甜味。这种水果的香味浓郁，散发出一种清新而诱人的热带气息。它的维生素C含量非常高，对于保持健康非常有益。与其他热带水果相比，它的口感更加细腻，非常适合直接食用，是热带水果中的佳品。这种水果在热带地区广泛种植，以其丰富的汁液和独特的甜味而受到喜爱。它的果实通常呈金黄色，皮薄而光滑，易于剥开。果肉质地细腻，含有丰富的汁液，每一口都能感受到它那浓郁的甜味和清新的热带香气。这种水果不仅味道甜美，而且维生素C含量极高，对于健康非常有益。它的香气独特，能够散发出一种令人愉悦的、热带特有的气息。与其他热带水果相比，这种水果的口感更加细腻，非常适合直接食用，是热带水果中的佳品。玩家4说：这是一个富含维生素C的热带水果，其特点是果肉多汁且味道独特。在水果类中，它最突出的不同特征是其强烈的香味。这种水果在热带地区广受欢迎，它的果实通常较大，有着坚硬的外壳。尽管它的外表可能并不起眼，但一旦切开，其内部的果肉却呈现出鲜艳的黄色，散发出浓郁的、强烈的独特香气。这种水果的味道非常独特，有的形容它为香甜，有的则认为它有一种难以言喻的浓郁味道。尽管它的味道因人而异，但不可否认的是，它的香气在水果中是非常突出的。此外，这种水果的维生素C含量也很高，对于追求健康饮食的人来说是一个不错的选择。这种热带水果以其丰富的汁液和独特的风味而闻名，它的外壳坚硬，颜色通常为深绿色，而当外壳被切开时，内部的果肉呈现出鲜艳的黄色，散发出一种强烈而独特的香味。这种水果的味道复杂，既有甜味也有微妙的苦味，它的香气浓郁，能够瞬间吸引人的注意。尽管它的外观可能让人望而却步，但它的美味和营养价值使其在热带地区备受喜爱。这种水果的维生素C含量高，对于增强免疫力和促进健康有着积极的作用。||在这个游戏中，我们需要通过分析每位玩家的描述来找出卧底。通常，平民的描述会围绕相同的词语展开，而卧底的描述可能会因为词语的不同而显得不太一致。我们需要仔细比较每个描述之间的相似性和差异性，以找出可能的卧底，注意，卧底并不会隐藏自己，他会直接描述他的词语，现在，逐一分析每个玩家的描述，注意，这局游戏的词语分类为<水果>，卧底词和平民词都属于该类。||之前是第3轮描述和之前轮数描述的合集。你之前认为的卧底是玩家4。
2024-12-13 17:49:59,405 - 4 - INFO - **********PLAYER4**********
玩家4的描述与其他玩家的描述相比，虽然都提到了热带水果、维生素C含量高、香味浓郁等特点，但玩家4的描述中特别强调了水果的坚硬外壳、深绿色颜色和鲜艳的黄色果肉，以及复杂的味道，包括甜味和微妙的苦味。这些描述与玩家1、玩家2和玩家3的描述中提到的金黄色、橙黄色、皮薄核小、鲜嫩多汁、果肉细腻等特征有所不同。

因此，基于描述的差异性，玩家4的描述与其他玩家的描述不一致，这进一步支持了玩家4可能是卧底的推断。玩家4的描述中包含了更多关于水果外观和味道的细节，而这些细节在玩家1、2、3的描述中没有得到体现。

综上所述，玩家4的描述与其他玩家的描述不一致，这强化了玩家4作为卧底的嫌疑。
2024-12-13 17:49:59,407 - 4 - INFO - **********JUDGER**********
你刚刚的分析是玩家4的描述与其他玩家的描述相比，虽然都提到了热带水果、维生素C含量高、香味浓郁等特点，但玩家4的描述中特别强调了水果的坚硬外壳、深绿色颜色和鲜艳的黄色果肉，以及复杂的味道，包括甜味和微妙的苦味。这些描述与玩家1、玩家2和玩家3的描述中提到的金黄色、橙黄色、皮薄核小、鲜嫩多汁、果肉细腻等特征有所不同。

因此，基于描述的差异性，玩家4的描述与其他玩家的描述不一致，这进一步支持了玩家4可能是卧底的推断。玩家4的描述中包含了更多关于水果外观和味道的细节，而这些细节在玩家1、2、3的描述中没有得到体现。

综上所述，玩家4的描述与其他玩家的描述不一致，这强化了玩家4作为卧底的嫌疑。|| `请根据上述分析，比较描述以找出不一致之处，注意，这局游戏的词语分类为<水果>，卧底词和平民词都属于该类。
2024-12-13 17:50:10,854 - 4 - INFO - **********PLAYER4**********
不一致之处在于：

1. 玩家1、玩家2和玩家3的描述中提到的水果特征包括金黄色、橙黄色、皮薄核小、鲜嫩多汁、果肉细腻等，这些特征指向了可能是相同的水果，如橙子或芒果。

2. 玩家4的描述中提到的水果特征包括坚硬的外壳、深绿色颜色、鲜艳的黄色果肉，以及甜味和微妙的苦味。这些特征与玩家1、2、3的描述中的特征不同，没有提到皮薄核小、鲜嫩多汁等描述。

3. 玩家4的描述中强调了水果的复杂味道，包括甜味和苦味，而玩家1、2、3的描述中则没有提到苦味。

4. 玩家4的描述中提到的水果外壳坚硬，这与玩家1、2、3描述的皮薄核小形成对比。

这些不一致之处表明玩家4的描述与玩家1、2、3的描述存在明显的差异，这可能是玩家4作为卧底的一个提示，因为卧底的描述通常会有所不同，以隐藏自己的真实身份。
2024-12-13 17:50:10,855 - 4 - INFO - **********JUDGER**********
你刚刚的分析是不一致之处在于：

1. 玩家1、玩家2和玩家3的描述中提到的水果特征包括金黄色、橙黄色、皮薄核小、鲜嫩多汁、果肉细腻等，这些特征指向了可能是相同的水果，如橙子或芒果。

2. 玩家4的描述中提到的水果特征包括坚硬的外壳、深绿色颜色、鲜艳的黄色果肉，以及甜味和微妙的苦味。这些特征与玩家1、2、3的描述中的特征不同，没有提到皮薄核小、鲜嫩多汁等描述。

3. 玩家4的描述中强调了水果的复杂味道，包括甜味和苦味，而玩家1、2、3的描述中则没有提到苦味。

4. 玩家4的描述中提到的水果外壳坚硬，这与玩家1、2、3描述的皮薄核小形成对比。

这些不一致之处表明玩家4的描述与玩家1、2、3的描述存在明显的差异，这可能是玩家4作为卧底的一个提示，因为卧底的描述通常会有所不同，以隐藏自己的真实身份。|| 请通过你分析的不一致之处，推断卧底身份，注意，这局游戏的词语分类为<水果>，卧底词和平民词都属于该类。
2024-12-13 17:50:20,370 - 4 - INFO - **********PLAYER4**********
根据分析的不一致之处，玩家4的描述与玩家1、2、3的描述存在显著差异，这些差异可能表明玩家4是卧底。以下是具体的不一致点：

1. 玩家4描述的水果有坚硬的外壳，而玩家1、2、3描述的水果皮薄核小。
2. 玩家4提到水果的颜色为深绿色，而玩家1、2、3描述的水果为金黄色或橙黄色。
3. 玩家4强调了水果的甜味和微妙的苦味，而玩家1、2、3的描述中没有提到苦味。
4. 玩家4描述的水果味道复杂，这与玩家1、2、3描述的甜而多汁有所不同。

结合这些差异，玩家4的描述似乎指向了与玩家1、2、3描述的水果不同的种类。因此，基于这些不一致之处，玩家4很可能是卧底。
2024-12-13 17:50:20,372 - 4 - INFO - **********JUDGER**********
你刚刚的推断是根据分析的不一致之处，玩家4的描述与玩家1、2、3的描述存在显著差异，这些差异可能表明玩家4是卧底。以下是具体的不一致点：

1. 玩家4描述的水果有坚硬的外壳，而玩家1、2、3描述的水果皮薄核小。
2. 玩家4提到水果的颜色为深绿色，而玩家1、2、3描述的水果为金黄色或橙黄色。
3. 玩家4强调了水果的甜味和微妙的苦味，而玩家1、2、3的描述中没有提到苦味。
4. 玩家4描述的水果味道复杂，这与玩家1、2、3描述的甜而多汁有所不同。

结合这些差异，玩家4的描述似乎指向了与玩家1、2、3描述的水果不同的种类。因此，基于这些不一致之处，玩家4很可能是卧底。|| 基于你刚刚的推断得出你的最终结论，请输出你认为的卧底，在这种情况下只需要输出编号，是1-4中的某个数字，不要输出其他信息。在这个过程不要进行任何推理，只对||以前的部分进行信息提取
2024-12-13 17:50:21,849 - 4 - INFO - **********PLAYER4**********
4
2024-12-13 17:50:21,849 - 4 - INFO - **********JUDGER**********
你认为卧底是你自己。你现在需要随便选一个人投票。请输出一个数字，是1-4中的某个数字，但这个数字不能是4，不要输出其他信息。
2024-12-13 17:50:23,412 - 4 - INFO - **********PLAYER4**********
1
