2024-12-12 20:44:45,055 - 1 - INFO - **********JUDGER**********
让我们来玩一个叫做<谁是卧底>的推理游戏。基本规则：<人数>：4人。<角色分配>：每位玩家随机抽取一个词语，3名玩家拿到的词语是相同的（平民词），1名玩家拿到与之相近但不同的词语（卧底词）。<游戏流程>：1、玩家轮流描述自己的词语，但<不能>直接说出词语本身。2、描述完毕后，投票选出最像卧底的玩家。3、每轮结束后，被投票选出的玩家出局，不能再进行描述或投票。4、每轮投票结束后，如果卧底被成功找出，平民方获胜；如果卧底未被找出且卧底人数等于或超过平民人数，则卧底方获胜。你将扮演一个<玩家>，请等待你被分配到的关键词。如果你听懂了，只回答，"好的，我准备好参加游戏了"，不要输出别的信息
2024-12-12 20:44:45,565 - 1 - INFO - **********PLAYER1**********
好的，我准备好参加游戏了
2024-12-12 20:44:48,657 - 1 - INFO - **********JUDGER**********
玩家1说：玩家2说：玩家3说：玩家4说：|| 你是第1号玩家，你的关键词是<葡萄>。你的回答中绝对不能包含你的关键词<葡萄>。这是第一轮描述，不需要分析||之前别的玩家的描述，请你描述关键词基本特征，注意，这局游戏的词语分类为<水果>，卧底词和平民词都属于该类，描述包括以下两点，1.他的基本特征是什么2.他在该类（水果）中最突出不同的特征是什么，尽量简短
2024-12-12 20:44:49,613 - 1 - INFO - **********PLAYER1**********
这个水果通常是紫色的，形状像小球，成熟时可以食用。它在水果类中特别之处在于它的种子较多，口感酸甜。
2024-12-12 20:44:52,909 - 1 - INFO - **********JUDGER**********
玩家1说：这个水果通常是紫色的，形状像小球，成熟时可以食用。它在水果类中特别之处在于它的种子较多，口感酸甜。玩家2说：这个水果皮薄，汁多，味道甜酸，含有丰富的维生素C。它通常有一个硬核，周围围绕着许多小种子。与其他水果相比，它最大的不同之处在于其独特的香味和形状，以及那颗明显的硬核。玩家3说：这种水果小巧圆润，表皮光滑，颜色通常为绿色或黄色。它含有许多细小的种子，分布在果肉中，吃起来口感多汁，甜中带酸。相较于其他水果，它的最大特点是果实中种子的分布。玩家4说：||在这个游戏中，我们需要通过分析每位玩家的描述来找出卧底。通常，平民的描述会围绕相同的词语展开，而卧底的描述可能会因为词语的不同而显得不太一致。我们需要仔细比较每个描述之间的相似性和差异性，以找出可能的卧底，注意，卧底并不会隐藏自己，他会直接描述他的词语，现在，逐一分析每个玩家的描述，注意，这局游戏的词语分类为<水果>，卧底词和平民词都属于该类。这是第一轮描述。
2024-12-12 20:45:00,567 - 1 - INFO - **********PLAYER1**********
玩家1的描述提到了紫色、小球形状、成熟可食用，种子多，口感酸甜，这符合葡萄的特征。

玩家2的描述提到了皮薄、汁多、甜酸、维生素C丰富，硬核，小种子，独特的香味和形状，硬核，这些特征也与葡萄相符。

玩家3的描述提到了小巧圆润、表皮光滑、绿色或黄色、多汁、甜中带酸、种子分布在果肉中，这些描述同样符合葡萄的特征。

玩家4的描述没有提供任何关于水果特征的信息，而是转而分析了游戏规则和描述分析的方法，这可能是为了误导大家，或者他可能是在描述与葡萄不同的另一种水果，但因为没有具体特征，很难确定。

根据上述分析，玩家1、2和3的描述都集中在葡萄的特征上，而玩家4没有提供具体的水果特征，这可能是玩家4是卧底，他的关键词可能是与葡萄不同但属于同一类的水果。为了进一步确认，我们需要在下一轮中观察玩家4的描述是否与葡萄的特征相符。
2024-12-12 20:45:00,568 - 1 - INFO - **********JUDGER**********
你刚刚的分析是玩家1的描述提到了紫色、小球形状、成熟可食用，种子多，口感酸甜，这符合葡萄的特征。

玩家2的描述提到了皮薄、汁多、甜酸、维生素C丰富，硬核，小种子，独特的香味和形状，硬核，这些特征也与葡萄相符。

玩家3的描述提到了小巧圆润、表皮光滑、绿色或黄色、多汁、甜中带酸、种子分布在果肉中，这些描述同样符合葡萄的特征。

玩家4的描述没有提供任何关于水果特征的信息，而是转而分析了游戏规则和描述分析的方法，这可能是为了误导大家，或者他可能是在描述与葡萄不同的另一种水果，但因为没有具体特征，很难确定。

根据上述分析，玩家1、2和3的描述都集中在葡萄的特征上，而玩家4没有提供具体的水果特征，这可能是玩家4是卧底，他的关键词可能是与葡萄不同但属于同一类的水果。为了进一步确认，我们需要在下一轮中观察玩家4的描述是否与葡萄的特征相符。|| `请根据上述分析，比较描述以找出不一致之处，注意，这局游戏的词语分类为<水果>，卧底词和平民词都属于该类。
2024-12-12 20:45:06,046 - 1 - INFO - **********PLAYER1**********
根据上述分析，我们可以发现以下几个不一致之处：

1. 玩家2和玩家3都提到了“硬核”，而玩家1和玩家4没有提到这一点。葡萄确实有一个硬核，但这个特征在玩家1和玩家4的描述中没有被强调，这可能意味着玩家4的描述可能指向了一个没有硬核的水果。

2. 玩家2和玩家3都提到了“小种子”，而玩家1没有明确提到种子的大小。虽然葡萄有种子，但玩家1的描述并没有特别强调这一点。

3. 玩家3提到了水果的颜色可以是绿色或黄色，而玩家1、2和玩家4都没有提到颜色。葡萄通常是紫色的，所以玩家3的描述可能指向了另一种颜色的水果。

4. 玩家4的描述完全集中在游戏规则和策略分析上，而没有提供任何关于水果的具体特征，这与玩家1、2和玩家3的描述形成鲜明对比。

综上所述，玩家4的描述与葡萄的特征不太一致，尤其是在硬核和种子大小的描述上，这可能是他作为卧底，关键词是另一种水果的迹象。在下一轮中，如果玩家4继续提供与葡萄不匹配的特征，这将进一步加强他可能是卧底的怀疑。
2024-12-12 20:45:06,047 - 1 - INFO - **********JUDGER**********
你刚刚的分析是根据上述分析，我们可以发现以下几个不一致之处：

1. 玩家2和玩家3都提到了“硬核”，而玩家1和玩家4没有提到这一点。葡萄确实有一个硬核，但这个特征在玩家1和玩家4的描述中没有被强调，这可能意味着玩家4的描述可能指向了一个没有硬核的水果。

2. 玩家2和玩家3都提到了“小种子”，而玩家1没有明确提到种子的大小。虽然葡萄有种子，但玩家1的描述并没有特别强调这一点。

3. 玩家3提到了水果的颜色可以是绿色或黄色，而玩家1、2和玩家4都没有提到颜色。葡萄通常是紫色的，所以玩家3的描述可能指向了另一种颜色的水果。

4. 玩家4的描述完全集中在游戏规则和策略分析上，而没有提供任何关于水果的具体特征，这与玩家1、2和玩家3的描述形成鲜明对比。

综上所述，玩家4的描述与葡萄的特征不太一致，尤其是在硬核和种子大小的描述上，这可能是他作为卧底，关键词是另一种水果的迹象。在下一轮中，如果玩家4继续提供与葡萄不匹配的特征，这将进一步加强他可能是卧底的怀疑。|| 请通过你分析的不一致之处，推断卧底身份，注意，这局游戏的词语分类为<水果>，卧底词和平民词都属于该类。
2024-12-12 20:45:12,000 - 1 - INFO - **********PLAYER1**********
根据分析中提到的不一致之处，以下是我对卧底身份的推断：

1. 硬核和小种子的特征：玩家2和玩家3都提到了硬核和小种子，而玩家1没有强调这些特征。玩家4没有提到这些特征，这可能是为了混淆视听。考虑到葡萄确实有硬核和小种子，玩家1的描述虽然未明确提及，但并未与葡萄的特征相悖。因此，如果玩家4的描述中硬核和小种子的特征与葡萄不符，那么他可能是卧底。

2. 水果颜色：玩家3提到了水果可以是绿色或黄色，而葡萄通常是紫色的。这个特征与葡萄的颜色不一致，但如果玩家4的描述中包含了绿色或黄色的水果，并且这种水果通常有硬核和小种子，那么他可能是卧底。

3. 描述重点：玩家4的描述集中在游戏规则和策略分析上，而没有提供具体的水果特征。这与玩家1、2和玩家3的描述形成了对比，后者直接描述了水果的特征。这种策略性的描述可能是一种误导，暗示玩家4可能是在描述另一种水果，因此他可能是卧底。

综合以上点，如果玩家4的描述中包含以下特征：绿色或黄色的水果，通常有硬核和小种子，并且没有强调葡萄的紫色特征，那么他很有可能是卧底。这样的描述与葡萄的特征不符，同时也没有提供其他常见水果的典型特征，从而增加了他作为卧底的可能性。
2024-12-12 20:45:12,001 - 1 - INFO - **********JUDGER**********
你刚刚的推断是根据分析中提到的不一致之处，以下是我对卧底身份的推断：

1. 硬核和小种子的特征：玩家2和玩家3都提到了硬核和小种子，而玩家1没有强调这些特征。玩家4没有提到这些特征，这可能是为了混淆视听。考虑到葡萄确实有硬核和小种子，玩家1的描述虽然未明确提及，但并未与葡萄的特征相悖。因此，如果玩家4的描述中硬核和小种子的特征与葡萄不符，那么他可能是卧底。

2. 水果颜色：玩家3提到了水果可以是绿色或黄色，而葡萄通常是紫色的。这个特征与葡萄的颜色不一致，但如果玩家4的描述中包含了绿色或黄色的水果，并且这种水果通常有硬核和小种子，那么他可能是卧底。

3. 描述重点：玩家4的描述集中在游戏规则和策略分析上，而没有提供具体的水果特征。这与玩家1、2和玩家3的描述形成了对比，后者直接描述了水果的特征。这种策略性的描述可能是一种误导，暗示玩家4可能是在描述另一种水果，因此他可能是卧底。

综合以上点，如果玩家4的描述中包含以下特征：绿色或黄色的水果，通常有硬核和小种子，并且没有强调葡萄的紫色特征，那么他很有可能是卧底。这样的描述与葡萄的特征不符，同时也没有提供其他常见水果的典型特征，从而增加了他作为卧底的可能性。|| 基于你刚刚的推断得出你的最终结论，请输出你认为的卧底，在这种情况下只需要输出编号，是1-4中的某个数字，不要输出其他信息。在这个过程不要进行任何推理，只对||以前的部分进行信息提取
2024-12-12 20:45:12,507 - 1 - INFO - **********PLAYER1**********
4
2024-12-12 20:45:57,935 - 1 - INFO - **********JUDGER**********
玩家1说：这个水果通常是紫色的，形状像小球，成熟时可以食用。它在水果类中特别之处在于它的种子较多，口感酸甜。玩家2说：这个水果皮薄，汁多，味道甜酸，含有丰富的维生素C。它通常有一个硬核，周围围绕着许多小种子。与其他水果相比，它最大的不同之处在于其独特的香味和形状，以及那颗明显的硬核。玩家3说：这种水果小巧圆润，表皮光滑，颜色通常为绿色或黄色。它含有许多细小的种子，分布在果肉中，吃起来口感多汁，甜中带酸。相较于其他水果，它的最大特点是果实中种子的分布。玩家4说：这种水果多汁，含有小种子，甜中带酸。它在同类中特别的是种子分布方式独特。你是第1号玩家，你的关键词是<葡萄>。你的回答中绝对不能包含你的关键词<葡萄>。这是第二轮描述，你之前的描述是这个水果通常是紫色的，形状像小球，成熟时可以食用。它在水果类中特别之处在于它的种子较多，口感酸甜。，注意，这局游戏的词语分类为<水果>，卧底词和平民词都属于该类，请你补充关于关键词的描述，注意，你的描述应该比起之前的描述更加贴近关键词，作为之前的补充
2024-12-12 20:46:01,066 - 1 - INFO - **********PLAYER1**********
这个水果色泽鲜艳，形状圆润，成熟时呈现出诱人的紫色。它的肉质厚实，酸甜可口，含有丰富的小颗粒种子，分布在果肉中，增加了食用时的口感层次。与其他水果相比，它的种子含量尤为突出，且风味独特。
2024-12-12 20:46:09,782 - 1 - INFO - **********JUDGER**********
玩家1说：这个水果通常是紫色的，形状像小球，成熟时可以食用。它在水果类中特别之处在于它的种子较多，口感酸甜。这个水果色泽鲜艳，形状圆润，成熟时呈现出诱人的紫色。它的肉质厚实，酸甜可口，含有丰富的小颗粒种子，分布在果肉中，增加了食用时的口感层次。与其他水果相比，它的种子含量尤为突出，且风味独特。玩家2说：这个水果皮薄，汁多，味道甜酸，含有丰富的维生素C。它通常有一个硬核，周围围绕着许多小种子。与其他水果相比，它最大的不同之处在于其独特的香味和形状，以及那颗明显的硬核。这种水果拥有鲜艳的色泽，肉质厚实，且在同类水果中以其独特的风味和丰富的汁液而闻名。它的形状通常是长条形，且在成熟时呈现出金黄色的外观。这种水果的口感丰富，甜中带酸，含有细小的种子，这些种子均匀分布在果肉中，为食用者提供了丰富的口感层次。与其他水果相比，它的香味浓郁，且在切开后可以看到明显的纹理结构。玩家3说：这种水果小巧圆润，表皮光滑，颜色通常为绿色或黄色。它含有许多细小的种子，分布在果肉中，吃起来口感多汁，甜中带酸。相较于其他水果，它的最大特点是果实中种子的分布。这种水果通常呈现球形或椭圆形，表皮光滑，颜色多变，从绿色到黄色再到紫色，成熟时颜色鲜艳。它的肉质多汁，含有许多细小的种子，这些种子均匀分布在果肉中，为食用者提供了丰富的口感层次。这种水果的甜酸口感平衡，风味独特，是许多人心中的夏日良品。与其他水果相比，它的最大特点是果实中种子的分布，这些种子不仅增加了口感的丰富性，也使得这种水果在水果类别中独树一帜。玩家4说：这种水果多汁，含有小种子，甜中带酸。它在同类中特别的是种子分布方式独特。||在这个游戏中，我们需要通过分析每位玩家的描述来找出卧底。通常，平民的描述会围绕相同的词语展开，而卧底的描述可能会因为词语的不同而显得不太一致。我们需要仔细比较每个描述之间的相似性和差异性，以找出可能的卧底，注意，卧底并不会隐藏自己，他会直接描述他的词语，现在，逐一分析每个玩家的描述，注意，这局游戏的词语分类为<水果>，卧底词和平民词都属于该类。||之前是第2轮描述和之前轮数描述的合集。你之前认为的卧底是玩家0。
2024-12-12 20:46:10,522 - 1 - INFO - **********PLAYER1**********
4
2024-12-12 20:46:10,522 - 1 - INFO - **********JUDGER**********
你刚刚的分析是4|| `请根据上述分析，比较描述以找出不一致之处，注意，这局游戏的词语分类为<水果>，卧底词和平民词都属于该类。
2024-12-12 20:46:16,916 - 1 - INFO - **********PLAYER1**********
根据上述分析，以下是不一致之处：

1. 玩家1和玩家2都提到了“硬核”和“小种子”，而玩家4没有提到这些特征。这可能是玩家4作为卧底，描述了与葡萄不同的水果。

2. 玩家2和玩家3都提到了水果的形状为长条形，而玩家1和玩家4没有提到这一点。这表明玩家2和玩家3的描述可能更接近某种长条形的水果。

3. 玩家3提到了水果的颜色多变，从绿色到黄色再到紫色，而玩家1、2和玩家4的描述中都没有提到颜色的变化。

4. 玩家4的描述中特别强调了“种子分布方式独特”，而玩家1、2和玩家3没有提到这一点。

5. 玩家2和玩家3都提到了水果的香味浓郁，而玩家1和玩家4没有提到香味。

6. 玩家3和玩家4都提到了“多汁”和“甜中带酸”，而玩家1和玩家2的描述中虽然也有这些特征，但没有像玩家3和玩家4那样突出。

这些不一致之处表明玩家4的描述可能与葡萄的特征不完全相符，可能是卧底。
2024-12-12 20:46:16,918 - 1 - INFO - **********JUDGER**********
你刚刚的分析是根据上述分析，以下是不一致之处：

1. 玩家1和玩家2都提到了“硬核”和“小种子”，而玩家4没有提到这些特征。这可能是玩家4作为卧底，描述了与葡萄不同的水果。

2. 玩家2和玩家3都提到了水果的形状为长条形，而玩家1和玩家4没有提到这一点。这表明玩家2和玩家3的描述可能更接近某种长条形的水果。

3. 玩家3提到了水果的颜色多变，从绿色到黄色再到紫色，而玩家1、2和玩家4的描述中都没有提到颜色的变化。

4. 玩家4的描述中特别强调了“种子分布方式独特”，而玩家1、2和玩家3没有提到这一点。

5. 玩家2和玩家3都提到了水果的香味浓郁，而玩家1和玩家4没有提到香味。

6. 玩家3和玩家4都提到了“多汁”和“甜中带酸”，而玩家1和玩家2的描述中虽然也有这些特征，但没有像玩家3和玩家4那样突出。

这些不一致之处表明玩家4的描述可能与葡萄的特征不完全相符，可能是卧底。|| 请通过你分析的不一致之处，推断卧底身份，注意，这局游戏的词语分类为<水果>，卧底词和平民词都属于该类。
2024-12-12 20:46:25,020 - 1 - INFO - **********PLAYER1**********
根据上述分析的不一致之处，以下是对卧底身份的推断：

1. 玩家4没有提到“硬核”和“小种子”，这与葡萄的特征不符，葡萄通常有硬核和种子。

2. 玩家4没有提到水果的形状特征，而玩家2和玩家3提到了长条形，这与葡萄的圆形或椭圆形特征不同。

3. 玩家4提到了水果的颜色多变，从绿色到黄色再到紫色，这与葡萄的单一紫色特征不一致。

4. 玩家4特别强调了“种子分布方式独特”，而其他玩家没有提到这一点，这可能意味着玩家4描述的是另一种有独特种子分布方式的水果。

5. 玩家4没有提到水果的香味，而玩家2和玩家3提到了香味浓郁，这可能表明玩家4描述的是另一种没有强烈香味的水果。

6. 玩家3和玩家4都提到了“多汁”和“甜中带酸”，但玩家1和玩家2的描述中也有这些特征，但没有像玩家3和玩家4那样突出。

综合以上点，玩家4的描述与葡萄的特征存在多处的差异，因此我认为玩家4很可能是卧底。
2024-12-12 20:46:25,021 - 1 - INFO - **********JUDGER**********
你刚刚的推断是根据上述分析的不一致之处，以下是对卧底身份的推断：

1. 玩家4没有提到“硬核”和“小种子”，这与葡萄的特征不符，葡萄通常有硬核和种子。

2. 玩家4没有提到水果的形状特征，而玩家2和玩家3提到了长条形，这与葡萄的圆形或椭圆形特征不同。

3. 玩家4提到了水果的颜色多变，从绿色到黄色再到紫色，这与葡萄的单一紫色特征不一致。

4. 玩家4特别强调了“种子分布方式独特”，而其他玩家没有提到这一点，这可能意味着玩家4描述的是另一种有独特种子分布方式的水果。

5. 玩家4没有提到水果的香味，而玩家2和玩家3提到了香味浓郁，这可能表明玩家4描述的是另一种没有强烈香味的水果。

6. 玩家3和玩家4都提到了“多汁”和“甜中带酸”，但玩家1和玩家2的描述中也有这些特征，但没有像玩家3和玩家4那样突出。

综合以上点，玩家4的描述与葡萄的特征存在多处的差异，因此我认为玩家4很可能是卧底。|| 基于你刚刚的推断得出你的最终结论，请输出你认为的卧底，在这种情况下只需要输出编号，是1-4中的某个数字，不要输出其他信息。在这个过程不要进行任何推理，只对||以前的部分进行信息提取
2024-12-12 20:46:25,804 - 1 - INFO - **********PLAYER1**********
4
