2024-12-12 20:44:46,115 - 2 - INFO - **********JUDGER**********
让我们来玩一个叫做<谁是卧底>的推理游戏。基本规则：<人数>：4人。<角色分配>：每位玩家随机抽取一个词语，3名玩家拿到的词语是相同的（平民词），1名玩家拿到与之相近但不同的词语（卧底词）。<游戏流程>：1、玩家轮流描述自己的词语，但<不能>直接说出词语本身。2、描述完毕后，投票选出最像卧底的玩家。3、每轮结束后，被投票选出的玩家出局，不能再进行描述或投票。4、每轮投票结束后，如果卧底被成功找出，平民方获胜；如果卧底未被找出且卧底人数等于或超过平民人数，则卧底方获胜。你将扮演一个<玩家>，请等待你被分配到的关键词。如果你听懂了，只回答，"好的，我准备好参加游戏了"，不要输出别的信息
2024-12-12 20:44:46,546 - 2 - INFO - **********PLAYER2**********
好的，我准备好参加游戏了
2024-12-12 20:44:49,614 - 2 - INFO - **********JUDGER**********
玩家1说：这个水果通常是紫色的，形状像小球，成熟时可以食用。它在水果类中特别之处在于它的种子较多，口感酸甜。玩家2说：玩家3说：玩家4说：|| 你是第2号玩家，你的关键词是<菠萝>。你的回答中绝对不能包含你的关键词<菠萝>。这是第一轮描述，不需要分析||之前别的玩家的描述，请你描述关键词基本特征，注意，这局游戏的词语分类为<水果>，卧底词和平民词都属于该类，描述包括以下两点，1.他的基本特征是什么2.他在该类（水果）中最突出不同的特征是什么，尽量简短
2024-12-12 20:44:50,817 - 2 - INFO - **********PLAYER2**********
这个水果皮薄，汁多，味道甜酸，含有丰富的维生素C。它通常有一个硬核，周围围绕着许多小种子。与其他水果相比，它最大的不同之处在于其独特的香味和形状，以及那颗明显的硬核。
2024-12-12 20:45:12,508 - 2 - INFO - **********JUDGER**********
玩家1说：这个水果通常是紫色的，形状像小球，成熟时可以食用。它在水果类中特别之处在于它的种子较多，口感酸甜。玩家2说：这个水果皮薄，汁多，味道甜酸，含有丰富的维生素C。它通常有一个硬核，周围围绕着许多小种子。与其他水果相比，它最大的不同之处在于其独特的香味和形状，以及那颗明显的硬核。玩家3说：这种水果小巧圆润，表皮光滑，颜色通常为绿色或黄色。它含有许多细小的种子，分布在果肉中，吃起来口感多汁，甜中带酸。相较于其他水果，它的最大特点是果实中种子的分布。玩家4说：||在这个游戏中，我们需要通过分析每位玩家的描述来找出卧底。通常，平民的描述会围绕相同的词语展开，而卧底的描述可能会因为词语的不同而显得不太一致。我们需要仔细比较每个描述之间的相似性和差异性，以找出可能的卧底，注意，卧底并不会隐藏自己，他会直接描述他的词语，现在，逐一分析每个玩家的描述，注意，这局游戏的词语分类为<水果>，卧底词和平民词都属于该类。这是第一轮描述。
2024-12-12 20:45:14,950 - 2 - INFO - **********PLAYER2**********
我注意到玩家1、2和3的描述都集中在一种水果的共同特征上，比如颜色、形状、种子数量、口感等。他们都提到了这种水果有硬核，周围有许多小种子，味道甜酸，而且形状像小球。然而，我的描述与他们的有所不同，我没有提到这些共同特征，而是强调了这种水果的小巧圆润、表皮光滑，以及种子分布在果肉中的特点。这可能意味着我的词语与他们不同，因此我可能是卧底。
2024-12-12 20:45:14,951 - 2 - INFO - **********JUDGER**********
你刚刚的分析是我注意到玩家1、2和3的描述都集中在一种水果的共同特征上，比如颜色、形状、种子数量、口感等。他们都提到了这种水果有硬核，周围有许多小种子，味道甜酸，而且形状像小球。然而，我的描述与他们的有所不同，我没有提到这些共同特征，而是强调了这种水果的小巧圆润、表皮光滑，以及种子分布在果肉中的特点。这可能意味着我的词语与他们不同，因此我可能是卧底。|| `请根据上述分析，比较描述以找出不一致之处，注意，这局游戏的词语分类为<水果>，卧底词和平民词都属于该类。
2024-12-12 20:45:22,331 - 2 - INFO - **********PLAYER2**********
根据上述分析，我们可以比较描述中的一致性和不一致性如下：

1. 玩家1、2和3的描述都提到了以下共同特征：
   - 颜色：通常是紫色（玩家1）或绿色或黄色（玩家3），甜酸味（玩家2）
   - 形状：像小球（玩家1）
   - 种子：硬核周围有许多小种子（玩家1、2）
   - 口感：甜酸（玩家1、2）
   - 特点：独特的香味和形状，明显的硬核（玩家2）

2. 玩家4的描述提到了以下特征：
   - 小巧圆润
   - 表皮光滑
   - 种子分布在果肉中
   - 口感多汁，甜中带酸
   - 最大特点是果实中种子的分布

不一致之处：
- 玩家1、2和3的描述都提到了紫色或绿色/黄色，而玩家4的描述没有提到颜色。
- 玩家1、2和3的描述都提到了小球形状或硬核和小种子，而玩家4的描述强调了小巧圆润和种子在果肉中的分布，没有提到硬核或小种子围绕。
- 玩家4的描述没有提到甜酸味或独特的香味和形状。

这些不一致之处可能表明玩家4的描述与玩家1、2和3的描述不同，因此玩家4可能是卧底。然而，由于卧底不会直接透露自己的词语，我们只能通过这些描述的不一致性来推测。
2024-12-12 20:45:22,332 - 2 - INFO - **********JUDGER**********
你刚刚的分析是根据上述分析，我们可以比较描述中的一致性和不一致性如下：

1. 玩家1、2和3的描述都提到了以下共同特征：
   - 颜色：通常是紫色（玩家1）或绿色或黄色（玩家3），甜酸味（玩家2）
   - 形状：像小球（玩家1）
   - 种子：硬核周围有许多小种子（玩家1、2）
   - 口感：甜酸（玩家1、2）
   - 特点：独特的香味和形状，明显的硬核（玩家2）

2. 玩家4的描述提到了以下特征：
   - 小巧圆润
   - 表皮光滑
   - 种子分布在果肉中
   - 口感多汁，甜中带酸
   - 最大特点是果实中种子的分布

不一致之处：
- 玩家1、2和3的描述都提到了紫色或绿色/黄色，而玩家4的描述没有提到颜色。
- 玩家1、2和3的描述都提到了小球形状或硬核和小种子，而玩家4的描述强调了小巧圆润和种子在果肉中的分布，没有提到硬核或小种子围绕。
- 玩家4的描述没有提到甜酸味或独特的香味和形状。

这些不一致之处可能表明玩家4的描述与玩家1、2和3的描述不同，因此玩家4可能是卧底。然而，由于卧底不会直接透露自己的词语，我们只能通过这些描述的不一致性来推测。|| 请通过你分析的不一致之处，推断卧底身份，注意，这局游戏的词语分类为<水果>，卧底词和平民词都属于该类。
2024-12-12 20:45:27,246 - 2 - INFO - **********PLAYER2**********
词

根据上述分析，我们可以推断以下信息：

- 玩家1、2和3的描述都指向了一种常见的水果，可能是葡萄、蓝莓或其他类似的水果，它们通常有紫色或绿色/黄色的外观，圆形或近圆形的形状，甜酸的味道，以及硬核和周围的小种子。

- 玩家4的描述则有所不同，提到了“小巧圆润”的形状，表皮光滑，种子分布在果肉中，口感多汁，甜中带酸，并强调了果实中种子的分布特点。这些描述与常见的葡萄、蓝莓等水果的特征不完全一致，尤其是没有提到硬核和小种子围绕的特点。

结合游戏规则和词语分类为《水果》，我们可以推断玩家4的描述可能是卧底。玩家4的描述中未提及的“硬核”和“小种子围绕”是常见水果的特征，而强调了种子在果肉中的分布，这可能与卧底词的特性相吻合。因此，玩家4很可能是卧底。
2024-12-12 20:45:27,247 - 2 - INFO - **********JUDGER**********
你刚刚的推断是词

根据上述分析，我们可以推断以下信息：

- 玩家1、2和3的描述都指向了一种常见的水果，可能是葡萄、蓝莓或其他类似的水果，它们通常有紫色或绿色/黄色的外观，圆形或近圆形的形状，甜酸的味道，以及硬核和周围的小种子。

- 玩家4的描述则有所不同，提到了“小巧圆润”的形状，表皮光滑，种子分布在果肉中，口感多汁，甜中带酸，并强调了果实中种子的分布特点。这些描述与常见的葡萄、蓝莓等水果的特征不完全一致，尤其是没有提到硬核和小种子围绕的特点。

结合游戏规则和词语分类为《水果》，我们可以推断玩家4的描述可能是卧底。玩家4的描述中未提及的“硬核”和“小种子围绕”是常见水果的特征，而强调了种子在果肉中的分布，这可能与卧底词的特性相吻合。因此，玩家4很可能是卧底。|| 基于你刚刚的推断得出你的最终结论，请输出你认为的卧底，在这种情况下只需要输出编号，是1-4中的某个数字，不要输出其他信息。在这个过程不要进行任何推理，只对||以前的部分进行信息提取
2024-12-12 20:45:27,783 - 2 - INFO - **********PLAYER2**********
4
2024-12-12 20:46:01,066 - 2 - INFO - **********JUDGER**********
玩家1说：这个水果通常是紫色的，形状像小球，成熟时可以食用。它在水果类中特别之处在于它的种子较多，口感酸甜。这个水果色泽鲜艳，形状圆润，成熟时呈现出诱人的紫色。它的肉质厚实，酸甜可口，含有丰富的小颗粒种子，分布在果肉中，增加了食用时的口感层次。与其他水果相比，它的种子含量尤为突出，且风味独特。玩家2说：这个水果皮薄，汁多，味道甜酸，含有丰富的维生素C。它通常有一个硬核，周围围绕着许多小种子。与其他水果相比，它最大的不同之处在于其独特的香味和形状，以及那颗明显的硬核。玩家3说：这种水果小巧圆润，表皮光滑，颜色通常为绿色或黄色。它含有许多细小的种子，分布在果肉中，吃起来口感多汁，甜中带酸。相较于其他水果，它的最大特点是果实中种子的分布。玩家4说：这种水果多汁，含有小种子，甜中带酸。它在同类中特别的是种子分布方式独特。你是第2号玩家，你的关键词是<菠萝>。你的回答中绝对不能包含你的关键词<菠萝>。这是第二轮描述，你之前的描述是这个水果皮薄，汁多，味道甜酸，含有丰富的维生素C。它通常有一个硬核，周围围绕着许多小种子。与其他水果相比，它最大的不同之处在于其独特的香味和形状，以及那颗明显的硬核。，注意，这局游戏的词语分类为<水果>，卧底词和平民词都属于该类，请你补充关于关键词的描述，注意，你的描述应该比起之前的描述更加贴近关键词，作为之前的补充
2024-12-12 20:46:04,215 - 2 - INFO - **********PLAYER2**********
这种水果拥有鲜艳的色泽，肉质厚实，且在同类水果中以其独特的风味和丰富的汁液而闻名。它的形状通常是长条形，且在成熟时呈现出金黄色的外观。这种水果的口感丰富，甜中带酸，含有细小的种子，这些种子均匀分布在果肉中，为食用者提供了丰富的口感层次。与其他水果相比，它的香味浓郁，且在切开后可以看到明显的纹理结构。
2024-12-12 20:46:25,804 - 2 - INFO - **********JUDGER**********
玩家1说：这个水果通常是紫色的，形状像小球，成熟时可以食用。它在水果类中特别之处在于它的种子较多，口感酸甜。这个水果色泽鲜艳，形状圆润，成熟时呈现出诱人的紫色。它的肉质厚实，酸甜可口，含有丰富的小颗粒种子，分布在果肉中，增加了食用时的口感层次。与其他水果相比，它的种子含量尤为突出，且风味独特。玩家2说：这个水果皮薄，汁多，味道甜酸，含有丰富的维生素C。它通常有一个硬核，周围围绕着许多小种子。与其他水果相比，它最大的不同之处在于其独特的香味和形状，以及那颗明显的硬核。这种水果拥有鲜艳的色泽，肉质厚实，且在同类水果中以其独特的风味和丰富的汁液而闻名。它的形状通常是长条形，且在成熟时呈现出金黄色的外观。这种水果的口感丰富，甜中带酸，含有细小的种子，这些种子均匀分布在果肉中，为食用者提供了丰富的口感层次。与其他水果相比，它的香味浓郁，且在切开后可以看到明显的纹理结构。玩家3说：这种水果小巧圆润，表皮光滑，颜色通常为绿色或黄色。它含有许多细小的种子，分布在果肉中，吃起来口感多汁，甜中带酸。相较于其他水果，它的最大特点是果实中种子的分布。这种水果通常呈现球形或椭圆形，表皮光滑，颜色多变，从绿色到黄色再到紫色，成熟时颜色鲜艳。它的肉质多汁，含有许多细小的种子，这些种子均匀分布在果肉中，为食用者提供了丰富的口感层次。这种水果的甜酸口感平衡，风味独特，是许多人心中的夏日良品。与其他水果相比，它的最大特点是果实中种子的分布，这些种子不仅增加了口感的丰富性，也使得这种水果在水果类别中独树一帜。玩家4说：这种水果多汁，含有小种子，甜中带酸。它在同类中特别的是种子分布方式独特。||在这个游戏中，我们需要通过分析每位玩家的描述来找出卧底。通常，平民的描述会围绕相同的词语展开，而卧底的描述可能会因为词语的不同而显得不太一致。我们需要仔细比较每个描述之间的相似性和差异性，以找出可能的卧底，注意，卧底并不会隐藏自己，他会直接描述他的词语，现在，逐一分析每个玩家的描述，注意，这局游戏的词语分类为<水果>，卧底词和平民词都属于该类。||之前是第2轮描述和之前轮数描述的合集。你之前认为的卧底是玩家0。
2024-12-12 20:46:26,387 - 2 - INFO - **********PLAYER2**********
2
2024-12-12 20:46:26,387 - 2 - INFO - **********JUDGER**********
你刚刚的分析是2|| `请根据上述分析，比较描述以找出不一致之处，注意，这局游戏的词语分类为<水果>，卧底词和平民词都属于该类。
