2024-12-12 20:44:47,098 - 3 - INFO - **********JUDGER**********
让我们来玩一个叫做<谁是卧底>的推理游戏。基本规则：<人数>：4人。<角色分配>：每位玩家随机抽取一个词语，3名玩家拿到的词语是相同的（平民词），1名玩家拿到与之相近但不同的词语（卧底词）。<游戏流程>：1、玩家轮流描述自己的词语，但<不能>直接说出词语本身。2、描述完毕后，投票选出最像卧底的玩家。3、每轮结束后，被投票选出的玩家出局，不能再进行描述或投票。4、每轮投票结束后，如果卧底被成功找出，平民方获胜；如果卧底未被找出且卧底人数等于或超过平民人数，则卧底方获胜。你将扮演一个<玩家>，请等待你被分配到的关键词。如果你听懂了，只回答，"好的，我准备好参加游戏了"，不要输出别的信息
2024-12-12 20:44:47,586 - 3 - INFO - **********PLAYER3**********
好的，我准备好参加游戏了
2024-12-12 20:44:50,817 - 3 - INFO - **********JUDGER**********
玩家1说：这个水果通常是紫色的，形状像小球，成熟时可以食用。它在水果类中特别之处在于它的种子较多，口感酸甜。玩家2说：这个水果皮薄，汁多，味道甜酸，含有丰富的维生素C。它通常有一个硬核，周围围绕着许多小种子。与其他水果相比，它最大的不同之处在于其独特的香味和形状，以及那颗明显的硬核。玩家3说：玩家4说：|| 你是第3号玩家，你的关键词是<葡萄>。你的回答中绝对不能包含你的关键词<葡萄>。这是第一轮描述，不需要分析||之前别的玩家的描述，请你描述关键词基本特征，注意，这局游戏的词语分类为<水果>，卧底词和平民词都属于该类，描述包括以下两点，1.他的基本特征是什么2.他在该类（水果）中最突出不同的特征是什么，尽量简短
2024-12-12 20:44:51,986 - 3 - INFO - **********PLAYER3**********
这种水果小巧圆润，表皮光滑，颜色通常为绿色或黄色。它含有许多细小的种子，分布在果肉中，吃起来口感多汁，甜中带酸。相较于其他水果，它的最大特点是果实中种子的分布。
2024-12-12 20:45:27,784 - 3 - INFO - **********JUDGER**********
玩家1说：这个水果通常是紫色的，形状像小球，成熟时可以食用。它在水果类中特别之处在于它的种子较多，口感酸甜。玩家2说：这个水果皮薄，汁多，味道甜酸，含有丰富的维生素C。它通常有一个硬核，周围围绕着许多小种子。与其他水果相比，它最大的不同之处在于其独特的香味和形状，以及那颗明显的硬核。玩家3说：这种水果小巧圆润，表皮光滑，颜色通常为绿色或黄色。它含有许多细小的种子，分布在果肉中，吃起来口感多汁，甜中带酸。相较于其他水果，它的最大特点是果实中种子的分布。玩家4说：||在这个游戏中，我们需要通过分析每位玩家的描述来找出卧底。通常，平民的描述会围绕相同的词语展开，而卧底的描述可能会因为词语的不同而显得不太一致。我们需要仔细比较每个描述之间的相似性和差异性，以找出可能的卧底，注意，卧底并不会隐藏自己，他会直接描述他的词语，现在，逐一分析每个玩家的描述，注意，这局游戏的词语分类为<水果>，卧底词和平民词都属于该类。这是第一轮描述。
2024-12-12 20:45:30,848 - 3 - INFO - **********PLAYER3**********
根据玩家1、玩家2和玩家3的描述，他们都在描述一种紫色、圆形、含有许多小种子、口感酸甜的水果，且提到了这种水果的汁多和甜酸味道。这些描述与常见的某种水果特征相符，比如葡萄。

然而，玩家4的描述与前面三位玩家的描述非常相似，但他在分析环节时没有直接描述关键词，而是转而分析了游戏规则和描述策略，这与其他玩家专注于描述关键词的行为不同。玩家4的描述似乎是在引导大家关注分析过程，而不是直接描述水果的特征。

因此，根据描述的一致性和分析行为的不同，玩家4的描述可能暗示他可能是卧底，因为他没有像其他玩家那样专注于描述水果的特征，而是转向了游戏策略的分析。
2024-12-12 20:45:30,848 - 3 - INFO - **********JUDGER**********
你刚刚的分析是根据玩家1、玩家2和玩家3的描述，他们都在描述一种紫色、圆形、含有许多小种子、口感酸甜的水果，且提到了这种水果的汁多和甜酸味道。这些描述与常见的某种水果特征相符，比如葡萄。

然而，玩家4的描述与前面三位玩家的描述非常相似，但他在分析环节时没有直接描述关键词，而是转而分析了游戏规则和描述策略，这与其他玩家专注于描述关键词的行为不同。玩家4的描述似乎是在引导大家关注分析过程，而不是直接描述水果的特征。

因此，根据描述的一致性和分析行为的不同，玩家4的描述可能暗示他可能是卧底，因为他没有像其他玩家那样专注于描述水果的特征，而是转向了游戏策略的分析。|| `请根据上述分析，比较描述以找出不一致之处，注意，这局游戏的词语分类为<水果>，卧底词和平民词都属于该类。
2024-12-12 20:45:42,133 - 3 - INFO - **********PLAYER3**********
根据上述分析，我们可以比较每位玩家的描述，寻找不一致之处：

1. 玩家1的描述：
   - 紫色、小球形状
   - 种子较多
   - 口感酸甜
   - 汁多
   - 甜酸味道

2. 玩家2的描述：
   - 皮薄、汁多
   - 味道甜酸
   - 含有维生素C
   - 硬核、小种子
   - 独特的香味和形状
   - 明显的硬核

3. 玩家3的描述：
   - 小巧圆润
   - 表皮光滑
   - 绿色或黄色
   - 种子细小、分布果肉中
   - 口感多汁、甜中带酸
   - 果实中种子的分布

4. 玩家4的描述：
   - 分析游戏规则和描述策略
   - 没有直接描述水果特征

不一致之处：
- 玩家4的描述完全集中在游戏策略的分析上，而没有提供任何关于水果特征的信息。
- 玩家1、玩家2和玩家3的描述虽然有一些细节上的差异（如颜色、形状、种子分布等），但都指向了某种具有多个小种子、甜酸口感的水果，且提到了汁多这一特征。
- 玩家2的描述中提到了“硬核”和“独特的香味和形状”，这与玩家1和玩家3的描述中的“小球形状”和“小巧圆润”可能存在不一致，因为“硬核”可能暗示了不同的水果特征。

基于这些不一致之处，玩家4的描述行为可能表明他是卧底，因为他没有提供与水果特征相关的描述，而是转而讨论了游戏策略。同时，玩家2的描述可能需要进一步分析，以确定其描述是否与平民词相符。
2024-12-12 20:45:42,134 - 3 - INFO - **********JUDGER**********
你刚刚的分析是根据上述分析，我们可以比较每位玩家的描述，寻找不一致之处：

1. 玩家1的描述：
   - 紫色、小球形状
   - 种子较多
   - 口感酸甜
   - 汁多
   - 甜酸味道

2. 玩家2的描述：
   - 皮薄、汁多
   - 味道甜酸
   - 含有维生素C
   - 硬核、小种子
   - 独特的香味和形状
   - 明显的硬核

3. 玩家3的描述：
   - 小巧圆润
   - 表皮光滑
   - 绿色或黄色
   - 种子细小、分布果肉中
   - 口感多汁、甜中带酸
   - 果实中种子的分布

4. 玩家4的描述：
   - 分析游戏规则和描述策略
   - 没有直接描述水果特征

不一致之处：
- 玩家4的描述完全集中在游戏策略的分析上，而没有提供任何关于水果特征的信息。
- 玩家1、玩家2和玩家3的描述虽然有一些细节上的差异（如颜色、形状、种子分布等），但都指向了某种具有多个小种子、甜酸口感的水果，且提到了汁多这一特征。
- 玩家2的描述中提到了“硬核”和“独特的香味和形状”，这与玩家1和玩家3的描述中的“小球形状”和“小巧圆润”可能存在不一致，因为“硬核”可能暗示了不同的水果特征。

基于这些不一致之处，玩家4的描述行为可能表明他是卧底，因为他没有提供与水果特征相关的描述，而是转而讨论了游戏策略。同时，玩家2的描述可能需要进一步分析，以确定其描述是否与平民词相符。|| 请通过你分析的不一致之处，推断卧底身份，注意，这局游戏的词语分类为<水果>，卧底词和平民词都属于该类。
2024-12-12 20:45:47,229 - 3 - INFO - **********PLAYER3**********
基于分析的不一致之处，我们可以进行以下推断：

1. 玩家4的描述完全集中在游戏策略的分析上，而没有提供任何关于水果特征的信息。这与其他三位玩家专注于描述水果特征的行为形成鲜明对比。因此，玩家4可能是卧底，因为他没有遵循游戏描述的常规。

2. 玩家2的描述中提到了“硬核”和“独特的香味和形状”，这与玩家1和玩家3的描述中的“小球形状”和“小巧圆润”可能存在不一致。通常，玩家1、玩家2和玩家3的描述指向的是一种常见的水果，如葡萄，而“硬核”这个特征可能指向的是另一种水果，如石榴。

3. 玩家1、玩家2和玩家3的描述虽然有一些细节上的差异，但都指向了具有多个小种子、甜酸口感、汁多的水果，这些特征与葡萄相符。

综合以上信息，玩家2的描述可能包含与平民词不符的特征，尤其是“硬核”这一点，这可能是他作为卧底的一个关键线索。因此，根据这些不一致之处，玩家2可能是卧底。
2024-12-12 20:45:47,230 - 3 - INFO - **********JUDGER**********
你刚刚的推断是基于分析的不一致之处，我们可以进行以下推断：

1. 玩家4的描述完全集中在游戏策略的分析上，而没有提供任何关于水果特征的信息。这与其他三位玩家专注于描述水果特征的行为形成鲜明对比。因此，玩家4可能是卧底，因为他没有遵循游戏描述的常规。

2. 玩家2的描述中提到了“硬核”和“独特的香味和形状”，这与玩家1和玩家3的描述中的“小球形状”和“小巧圆润”可能存在不一致。通常，玩家1、玩家2和玩家3的描述指向的是一种常见的水果，如葡萄，而“硬核”这个特征可能指向的是另一种水果，如石榴。

3. 玩家1、玩家2和玩家3的描述虽然有一些细节上的差异，但都指向了具有多个小种子、甜酸口感、汁多的水果，这些特征与葡萄相符。

综合以上信息，玩家2的描述可能包含与平民词不符的特征，尤其是“硬核”这一点，这可能是他作为卧底的一个关键线索。因此，根据这些不一致之处，玩家2可能是卧底。|| 基于你刚刚的推断得出你的最终结论，请输出你认为的卧底，在这种情况下只需要输出编号，是1-4中的某个数字，不要输出其他信息。在这个过程不要进行任何推理，只对||以前的部分进行信息提取
2024-12-12 20:45:47,806 - 3 - INFO - **********PLAYER3**********
2
2024-12-12 20:46:04,215 - 3 - INFO - **********JUDGER**********
玩家1说：这个水果通常是紫色的，形状像小球，成熟时可以食用。它在水果类中特别之处在于它的种子较多，口感酸甜。这个水果色泽鲜艳，形状圆润，成熟时呈现出诱人的紫色。它的肉质厚实，酸甜可口，含有丰富的小颗粒种子，分布在果肉中，增加了食用时的口感层次。与其他水果相比，它的种子含量尤为突出，且风味独特。玩家2说：这个水果皮薄，汁多，味道甜酸，含有丰富的维生素C。它通常有一个硬核，周围围绕着许多小种子。与其他水果相比，它最大的不同之处在于其独特的香味和形状，以及那颗明显的硬核。这种水果拥有鲜艳的色泽，肉质厚实，且在同类水果中以其独特的风味和丰富的汁液而闻名。它的形状通常是长条形，且在成熟时呈现出金黄色的外观。这种水果的口感丰富，甜中带酸，含有细小的种子，这些种子均匀分布在果肉中，为食用者提供了丰富的口感层次。与其他水果相比，它的香味浓郁，且在切开后可以看到明显的纹理结构。玩家3说：这种水果小巧圆润，表皮光滑，颜色通常为绿色或黄色。它含有许多细小的种子，分布在果肉中，吃起来口感多汁，甜中带酸。相较于其他水果，它的最大特点是果实中种子的分布。玩家4说：这种水果多汁，含有小种子，甜中带酸。它在同类中特别的是种子分布方式独特。你是第3号玩家，你的关键词是<葡萄>。你的回答中绝对不能包含你的关键词<葡萄>。这是第二轮描述，你之前的描述是这种水果小巧圆润，表皮光滑，颜色通常为绿色或黄色。它含有许多细小的种子，分布在果肉中，吃起来口感多汁，甜中带酸。相较于其他水果，它的最大特点是果实中种子的分布。，注意，这局游戏的词语分类为<水果>，卧底词和平民词都属于该类，请你补充关于关键词的描述，注意，你的描述应该比起之前的描述更加贴近关键词，作为之前的补充
2024-12-12 20:46:08,212 - 3 - INFO - **********PLAYER3**********
这种水果通常呈现球形或椭圆形，表皮光滑，颜色多变，从绿色到黄色再到紫色，成熟时颜色鲜艳。它的肉质多汁，含有许多细小的种子，这些种子均匀分布在果肉中，为食用者提供了丰富的口感层次。这种水果的甜酸口感平衡，风味独特，是许多人心中的夏日良品。与其他水果相比，它的最大特点是果实中种子的分布，这些种子不仅增加了口感的丰富性，也使得这种水果在水果类别中独树一帜。
