2024-12-12 20:44:48,157 - 4 - INFO - **********JUDGER**********
让我们来玩一个叫做<谁是卧底>的推理游戏。基本规则：<人数>：4人。<角色分配>：每位玩家随机抽取一个词语，3名玩家拿到的词语是相同的（平民词），1名玩家拿到与之相近但不同的词语（卧底词）。<游戏流程>：1、玩家轮流描述自己的词语，但<不能>直接说出词语本身。2、描述完毕后，投票选出最像卧底的玩家。3、每轮结束后，被投票选出的玩家出局，不能再进行描述或投票。4、每轮投票结束后，如果卧底被成功找出，平民方获胜；如果卧底未被找出且卧底人数等于或超过平民人数，则卧底方获胜。你将扮演一个<玩家>，请等待你被分配到的关键词。如果你听懂了，只回答，"好的，我准备好参加游戏了"，不要输出别的信息
2024-12-12 20:44:48,657 - 4 - INFO - **********PLAYER4**********
好的，我准备好参加游戏了
2024-12-12 20:44:51,986 - 4 - INFO - **********JUDGER**********
玩家1说：这个水果通常是紫色的，形状像小球，成熟时可以食用。它在水果类中特别之处在于它的种子较多，口感酸甜。玩家2说：这个水果皮薄，汁多，味道甜酸，含有丰富的维生素C。它通常有一个硬核，周围围绕着许多小种子。与其他水果相比，它最大的不同之处在于其独特的香味和形状，以及那颗明显的硬核。玩家3说：这种水果小巧圆润，表皮光滑，颜色通常为绿色或黄色。它含有许多细小的种子，分布在果肉中，吃起来口感多汁，甜中带酸。相较于其他水果，它的最大特点是果实中种子的分布。玩家4说：|| 你是第4号玩家，你的关键词是<葡萄>。你的回答中绝对不能包含你的关键词<葡萄>。这是第一轮描述，不需要分析||之前别的玩家的描述，请你描述关键词基本特征，注意，这局游戏的词语分类为<水果>，卧底词和平民词都属于该类，描述包括以下两点，1.他的基本特征是什么2.他在该类（水果）中最突出不同的特征是什么，尽量简短
2024-12-12 20:44:52,909 - 4 - INFO - **********PLAYER4**********
这种水果多汁，含有小种子，甜中带酸。它在同类中特别的是种子分布方式独特。
2024-12-12 20:45:47,806 - 4 - INFO - **********JUDGER**********
玩家1说：这个水果通常是紫色的，形状像小球，成熟时可以食用。它在水果类中特别之处在于它的种子较多，口感酸甜。玩家2说：这个水果皮薄，汁多，味道甜酸，含有丰富的维生素C。它通常有一个硬核，周围围绕着许多小种子。与其他水果相比，它最大的不同之处在于其独特的香味和形状，以及那颗明显的硬核。玩家3说：这种水果小巧圆润，表皮光滑，颜色通常为绿色或黄色。它含有许多细小的种子，分布在果肉中，吃起来口感多汁，甜中带酸。相较于其他水果，它的最大特点是果实中种子的分布。玩家4说：||在这个游戏中，我们需要通过分析每位玩家的描述来找出卧底。通常，平民的描述会围绕相同的词语展开，而卧底的描述可能会因为词语的不同而显得不太一致。我们需要仔细比较每个描述之间的相似性和差异性，以找出可能的卧底，注意，卧底并不会隐藏自己，他会直接描述他的词语，现在，逐一分析每个玩家的描述，注意，这局游戏的词语分类为<水果>，卧底词和平民词都属于该类。这是第一轮描述。
2024-12-12 20:45:50,805 - 4 - INFO - **********PLAYER4**********
玩家1的描述符合葡萄的特征，强调了种子的数量和酸甜口感。
玩家2的描述也指向葡萄，提到了皮薄、汁多、维生素C和硬核。
玩家3的描述同样指向葡萄，强调了小巧圆润的形状和种子的分布。
玩家4的描述没有直接提及关键词，但提到了需要分析描述以找出卧底，这可能是为了误导。

根据目前的信息，玩家1、2和3的描述都与葡萄的特征相符，而玩家4的描述似乎是在引导大家如何分析，而不是直接描述水果的特征。因此，玩家4可能是卧底。
2024-12-12 20:45:50,808 - 4 - INFO - **********JUDGER**********
你刚刚的分析是玩家1的描述符合葡萄的特征，强调了种子的数量和酸甜口感。
玩家2的描述也指向葡萄，提到了皮薄、汁多、维生素C和硬核。
玩家3的描述同样指向葡萄，强调了小巧圆润的形状和种子的分布。
玩家4的描述没有直接提及关键词，但提到了需要分析描述以找出卧底，这可能是为了误导。

根据目前的信息，玩家1、2和3的描述都与葡萄的特征相符，而玩家4的描述似乎是在引导大家如何分析，而不是直接描述水果的特征。因此，玩家4可能是卧底。|| `请根据上述分析，比较描述以找出不一致之处，注意，这局游戏的词语分类为<水果>，卧底词和平民词都属于该类。
2024-12-12 20:45:54,265 - 4 - INFO - **********PLAYER4**********
在比较这四个玩家的描述时，我们可以注意到以下几点不一致之处：

1. 玩家1、2和3都提到了种子的特征，而玩家4没有直接提到种子。
2. 玩家2特别提到了“硬核”，这是葡萄的一个显著特征，而玩家1和玩家3没有提到这一点。
3. 玩家4的描述更像是引导性的，而不是具体描述水果的特征，这与玩家1、2和3的具体描述形成对比。

基于这些不一致之处，玩家4的描述似乎与玩家1、2和3的描述有所不同，尤其是没有具体提到葡萄的特征，这可能是卧底行为的一个标志。因此，玩家4可能是卧底。
2024-12-12 20:45:54,265 - 4 - INFO - **********JUDGER**********
你刚刚的分析是在比较这四个玩家的描述时，我们可以注意到以下几点不一致之处：

1. 玩家1、2和3都提到了种子的特征，而玩家4没有直接提到种子。
2. 玩家2特别提到了“硬核”，这是葡萄的一个显著特征，而玩家1和玩家3没有提到这一点。
3. 玩家4的描述更像是引导性的，而不是具体描述水果的特征，这与玩家1、2和3的具体描述形成对比。

基于这些不一致之处，玩家4的描述似乎与玩家1、2和3的描述有所不同，尤其是没有具体提到葡萄的特征，这可能是卧底行为的一个标志。因此，玩家4可能是卧底。|| 请通过你分析的不一致之处，推断卧底身份，注意，这局游戏的词语分类为<水果>，卧底词和平民词都属于该类。
2024-12-12 20:45:57,560 - 4 - INFO - **********PLAYER4**********
根据上述分析的不一致之处，我们可以推断以下：

- 玩家1、2和3的描述都具体提到了葡萄的特征，如种子数量、酸甜口感、硬核等。
- 玩家4的描述没有直接提到葡萄的具体特征，而是给出了一个分析游戏的提示，这与其他玩家描述水果特征的直接性形成对比。

因此，考虑到游戏规则中卧底会使用与平民相同的词语分类（水果），但描述会有所不同，玩家4的描述最有可能是不符合常规的，因此玩家4很可能是卧底。
2024-12-12 20:45:57,561 - 4 - INFO - **********JUDGER**********
你刚刚的推断是根据上述分析的不一致之处，我们可以推断以下：

- 玩家1、2和3的描述都具体提到了葡萄的特征，如种子数量、酸甜口感、硬核等。
- 玩家4的描述没有直接提到葡萄的具体特征，而是给出了一个分析游戏的提示，这与其他玩家描述水果特征的直接性形成对比。

因此，考虑到游戏规则中卧底会使用与平民相同的词语分类（水果），但描述会有所不同，玩家4的描述最有可能是不符合常规的，因此玩家4很可能是卧底。|| 基于你刚刚的推断得出你的最终结论，请输出你认为的卧底，在这种情况下只需要输出编号，是1-4中的某个数字，不要输出其他信息。在这个过程不要进行任何推理，只对||以前的部分进行信息提取
2024-12-12 20:45:57,933 - 4 - INFO - **********PLAYER4**********
4
2024-12-12 20:46:08,213 - 4 - INFO - **********JUDGER**********
玩家1说：这个水果通常是紫色的，形状像小球，成熟时可以食用。它在水果类中特别之处在于它的种子较多，口感酸甜。这个水果色泽鲜艳，形状圆润，成熟时呈现出诱人的紫色。它的肉质厚实，酸甜可口，含有丰富的小颗粒种子，分布在果肉中，增加了食用时的口感层次。与其他水果相比，它的种子含量尤为突出，且风味独特。玩家2说：这个水果皮薄，汁多，味道甜酸，含有丰富的维生素C。它通常有一个硬核，周围围绕着许多小种子。与其他水果相比，它最大的不同之处在于其独特的香味和形状，以及那颗明显的硬核。这种水果拥有鲜艳的色泽，肉质厚实，且在同类水果中以其独特的风味和丰富的汁液而闻名。它的形状通常是长条形，且在成熟时呈现出金黄色的外观。这种水果的口感丰富，甜中带酸，含有细小的种子，这些种子均匀分布在果肉中，为食用者提供了丰富的口感层次。与其他水果相比，它的香味浓郁，且在切开后可以看到明显的纹理结构。玩家3说：这种水果小巧圆润，表皮光滑，颜色通常为绿色或黄色。它含有许多细小的种子，分布在果肉中，吃起来口感多汁，甜中带酸。相较于其他水果，它的最大特点是果实中种子的分布。这种水果通常呈现球形或椭圆形，表皮光滑，颜色多变，从绿色到黄色再到紫色，成熟时颜色鲜艳。它的肉质多汁，含有许多细小的种子，这些种子均匀分布在果肉中，为食用者提供了丰富的口感层次。这种水果的甜酸口感平衡，风味独特，是许多人心中的夏日良品。与其他水果相比，它的最大特点是果实中种子的分布，这些种子不仅增加了口感的丰富性，也使得这种水果在水果类别中独树一帜。玩家4说：这种水果多汁，含有小种子，甜中带酸。它在同类中特别的是种子分布方式独特。你是第4号玩家，你的关键词是<葡萄>。你的回答中绝对不能包含你的关键词<葡萄>。这是第二轮描述，你之前的描述是这种水果多汁，含有小种子，甜中带酸。它在同类中特别的是种子分布方式独特。，注意，这局游戏的词语分类为<水果>，卧底词和平民词都属于该类，请你补充关于关键词的描述，注意，你的描述应该比起之前的描述更加贴近关键词，作为之前的补充
2024-12-12 20:46:09,781 - 4 - INFO - **********PLAYER4**********
这种水果通常呈球形，色泽鲜艳，成熟时呈现出诱人的紫色。它的肉质柔软，酸甜可口，含有丰富的小颗粒种子，这些种子均匀分布在果肉中，增加了食用时的口感层次。与其他水果相比，它的种子含量尤为突出，且风味独特。
