2024-12-13 13:05:01,988 - 1 - INFO - **********JUDGER**********
让我们来玩一个叫做<谁是卧底>的推理游戏。基本规则：<人数>：4人。<角色分配>：每位玩家随机抽取一个词语，3名玩家拿到的词语是相同的（平民词），1名玩家拿到与之相近但不同的词语（卧底词）。<游戏流程>：1、玩家轮流描述自己的词语，但<不能>直接说出词语本身。2、描述完毕后，投票选出最像卧底的玩家。3、每轮结束后，被投票选出的玩家出局，不能再进行描述或投票。4、每轮投票结束后，如果卧底被成功找出，平民方获胜；如果卧底未被找出且卧底人数等于或超过平民人数，则卧底方获胜。你将扮演一个<玩家>，请等待你被分配到的关键词。如果你听懂了，只回答，"好的，我准备好参加游戏了"，不要输出别的信息
2024-12-13 13:05:02,897 - 1 - INFO - **********PLAYER1**********
好的，我准备好参加游戏了
2024-12-13 13:05:07,517 - 1 - INFO - **********JUDGER**********
玩家1说：玩家2说：玩家3说：玩家4说：|| 你是第1号玩家，你的关键词是<芒果>。你的回答中绝对不能包含你的关键词<芒果>。这是第一轮描述，不需要分析||之前别的玩家的描述，请你描述关键词基本特征，注意，这局游戏的词语分类为<水果>，卧底词和平民词都属于该类，描述包括以下两点，1.他的基本特征是什么2.他在该类（水果）中最突出不同的特征是什么，尽量简短
2024-12-13 13:05:09,039 - 1 - INFO - **********PLAYER1**********
这种水果通常是黄色或橙色的，形状圆滑。在水果类中，它最突出的不同特征是它独特的香味。
2024-12-13 13:05:11,944 - 1 - INFO - **********JUDGER**********
玩家1说：这种水果通常是黄色或橙色的，形状圆滑。在水果类中，它最突出的不同特征是它独特的香味。玩家2说：这种水果多汁，核小。在水果类中，它的口感和味道最为香甜。玩家3说：这种水果皮薄，果肉细腻。在水果类中，它最突出的不同特征是它的纤维含量较低。玩家4说：||在这个游戏中，我们需要通过分析每位玩家的描述来找出卧底。通常，平民的描述会围绕相同的词语展开，而卧底的描述可能会因为词语的不同而显得不太一致。我们需要仔细比较每个描述之间的相似性和差异性，以找出可能的卧底，注意，卧底并不会隐藏自己，他会直接描述他的词语，现在，逐一分析每个玩家的描述，注意，这局游戏的词语分类为<水果>，卧底词和平民词都属于该类。这是第一轮描述。
2024-12-13 13:05:17,348 - 1 - INFO - **********PLAYER1**********
玩家1的描述提到了水果的黄色或橙色、圆滑的形状和独特的香味，这与芒果的特征相符。

玩家2的描述强调了水果的多汁、核小和香甜的口感，这也是芒果的特点。

玩家3的描述提到了皮薄、果肉细腻和纤维含量较低，这些也是芒果的特征。

玩家4的描述并没有提供具体的关于水果特征的描述，而是强调了游戏规则和寻找卧底的方法。

由于玩家1、2和3的描述都与芒果的特征高度吻合，而玩家4的描述没有提供具体特征，这可能表明玩家4的词语与芒果不同，因此玩家4可能是卧底。不过，这个结论还需要在下一轮描述中通过比较来验证。
2024-12-13 13:05:17,350 - 1 - INFO - **********JUDGER**********
你刚刚的分析是玩家1的描述提到了水果的黄色或橙色、圆滑的形状和独特的香味，这与芒果的特征相符。

玩家2的描述强调了水果的多汁、核小和香甜的口感，这也是芒果的特点。

玩家3的描述提到了皮薄、果肉细腻和纤维含量较低，这些也是芒果的特征。

玩家4的描述并没有提供具体的关于水果特征的描述，而是强调了游戏规则和寻找卧底的方法。

由于玩家1、2和3的描述都与芒果的特征高度吻合，而玩家4的描述没有提供具体特征，这可能表明玩家4的词语与芒果不同，因此玩家4可能是卧底。不过，这个结论还需要在下一轮描述中通过比较来验证。|| `请根据上述分析，比较描述以找出不一致之处，注意，这局游戏的词语分类为<水果>，卧底词和平民词都属于该类。
2024-12-13 13:05:30,862 - 1 - INFO - **********PLAYER1**********
根据上述分析，我们可以注意到以下几点不一致之处：

1. **描述的详细程度**：玩家1、2和3的描述都相当详细，提到了芒果的多个特征，如颜色、形状、口感、皮薄、果肉细腻等。而玩家4的描述则集中在游戏规则和寻找卧底的方法上，没有提供任何关于水果特征的具体信息。

2. **描述的针对性**：玩家1、2和3的描述都直接针对芒果的特征进行描述，而玩家4的描述没有针对任何具体的水果特征。

3. **描述的连贯性**：玩家1、2和3的描述之间有一定的连贯性，都在描述芒果的各个方面。而玩家4的描述与前三者没有直接的联系，更像是一个旁白或者总结。

基于这些不一致之处，玩家4的描述与玩家1、2、3的描述相比显得异常，这增加了玩家4是卧底的可能性。然而，这只是一个初步的分析，卧底也可能在接下来的描述中调整策略，因此需要继续观察和比较。
2024-12-13 13:05:30,864 - 1 - INFO - **********JUDGER**********
你刚刚的分析是根据上述分析，我们可以注意到以下几点不一致之处：

1. **描述的详细程度**：玩家1、2和3的描述都相当详细，提到了芒果的多个特征，如颜色、形状、口感、皮薄、果肉细腻等。而玩家4的描述则集中在游戏规则和寻找卧底的方法上，没有提供任何关于水果特征的具体信息。

2. **描述的针对性**：玩家1、2和3的描述都直接针对芒果的特征进行描述，而玩家4的描述没有针对任何具体的水果特征。

3. **描述的连贯性**：玩家1、2和3的描述之间有一定的连贯性，都在描述芒果的各个方面。而玩家4的描述与前三者没有直接的联系，更像是一个旁白或者总结。

基于这些不一致之处，玩家4的描述与玩家1、2、3的描述相比显得异常，这增加了玩家4是卧底的可能性。然而，这只是一个初步的分析，卧底也可能在接下来的描述中调整策略，因此需要继续观察和比较。|| 请通过你分析的不一致之处，推断卧底身份，注意，这局游戏的词语分类为<水果>，卧底词和平民词都属于该类。
2024-12-13 13:05:39,018 - 1 - INFO - **********PLAYER1**********
根据上述分析，以下是我对卧底身份的推断：

1. 玩家4的描述没有提供任何关于水果特征的具体信息，这与玩家1、2、3的详细描述形成鲜明对比。通常，平民玩家会尽可能详细地描述他们的词语，以帮助其他玩家理解并识别出共同点。

2. 玩家4的描述更像是关于游戏规则的说明，而不是对水果特征的描述。这表明玩家4可能没有在描述水果特征，而是可能在使用一种不同的策略，这种策略可能是为了误导其他玩家。

3. 玩家4的描述与前三者没有直接的联系，这进一步支持了玩家4可能是卧底的猜测，因为卧底可能会故意提供与平民描述不匹配的信息，以混淆视听。

考虑到游戏词语分类为<水果>，卧底词和平民词都属于该类，玩家4的行为和描述与玩家1、2、3的描述不一致，因此我推断玩家4很可能是卧底。然而，最终的身份确认还需要通过后续的描述和投票来确定。
2024-12-13 13:05:39,021 - 1 - INFO - **********JUDGER**********
你刚刚的推断是根据上述分析，以下是我对卧底身份的推断：

1. 玩家4的描述没有提供任何关于水果特征的具体信息，这与玩家1、2、3的详细描述形成鲜明对比。通常，平民玩家会尽可能详细地描述他们的词语，以帮助其他玩家理解并识别出共同点。

2. 玩家4的描述更像是关于游戏规则的说明，而不是对水果特征的描述。这表明玩家4可能没有在描述水果特征，而是可能在使用一种不同的策略，这种策略可能是为了误导其他玩家。

3. 玩家4的描述与前三者没有直接的联系，这进一步支持了玩家4可能是卧底的猜测，因为卧底可能会故意提供与平民描述不匹配的信息，以混淆视听。

考虑到游戏词语分类为<水果>，卧底词和平民词都属于该类，玩家4的行为和描述与玩家1、2、3的描述不一致，因此我推断玩家4很可能是卧底。然而，最终的身份确认还需要通过后续的描述和投票来确定。|| 基于你刚刚的推断得出你的最终结论，请输出你认为的卧底，在这种情况下只需要输出编号，是1-4中的某个数字，不要输出其他信息。在这个过程不要进行任何推理，只对||以前的部分进行信息提取
2024-12-13 13:05:39,706 - 1 - INFO - **********PLAYER1**********
4
2024-12-13 13:07:29,507 - 1 - INFO - **********JUDGER**********
玩家1说：这种水果通常是黄色或橙色的，形状圆滑。在水果类中，它最突出的不同特征是它独特的香味。玩家2说：这种水果多汁，核小。在水果类中，它的口感和味道最为香甜。玩家3说：这种水果皮薄，果肉细腻。在水果类中，它最突出的不同特征是它的纤维含量较低。玩家4说：这种水果富含水分，口感清凉。在水果类中，它特别适合消暑解渴。你是第1号玩家，你的关键词是<芒果>。你的回答中绝对不能包含你的关键词<芒果>。这是第二轮描述，你之前的描述是这种水果通常是黄色或橙色的，形状圆滑。在水果类中，它最突出的不同特征是它独特的香味。，注意，这局游戏的词语分类为<水果>，卧底词和平民词都属于该类，请你补充关于关键词的描述，注意，你的描述应该比起之前的描述更加贴近关键词，作为之前的补充
2024-12-13 13:07:31,176 - 1 - INFO - **********PLAYER1**********
这种水果的汁液丰富，可以直接食用，不需要剥皮去核，食用起来非常方便。在水果类中，它以其甜而不腻的口感而闻名。
2024-12-13 13:07:40,086 - 1 - INFO - **********JUDGER**********
玩家1说：这种水果通常是黄色或橙色的，形状圆滑。在水果类中，它最突出的不同特征是它独特的香味。这种水果的汁液丰富，可以直接食用，不需要剥皮去核，食用起来非常方便。在水果类中，它以其甜而不腻的口感而闻名。玩家2说：这种水果多汁，核小。在水果类中，它的口感和味道最为香甜。这种水果的肉质柔滑，甜度适中，非常适合直接食用。它的香味浓郁，能够在水果中脱颖而出。玩家3说：这种水果皮薄，果肉细腻。在水果类中，它最突出的不同特征是它的纤维含量较低。这种水果通常呈现出一种独特的金黄色，质地软糯。在水果类中，它以其丰富的汁液和甜美的味道而受到喜爱。玩家4说：这种水果富含水分，口感清凉。在水果类中，它特别适合消暑解渴。||在这个游戏中，我们需要通过分析每位玩家的描述来找出卧底。通常，平民的描述会围绕相同的词语展开，而卧底的描述可能会因为词语的不同而显得不太一致。我们需要仔细比较每个描述之间的相似性和差异性，以找出可能的卧底，注意，卧底并不会隐藏自己，他会直接描述他的词语，现在，逐一分析每个玩家的描述，注意，这局游戏的词语分类为<水果>，卧底词和平民词都属于该类。||之前是第2轮描述和之前轮数描述的合集。你之前认为的卧底是玩家4。
2024-12-13 13:07:43,348 - 1 - INFO - **********PLAYER1**********
基于第二轮描述和之前的分析，玩家4的描述与芒果的特征仍然高度吻合，而且与其他玩家的描述没有显著的不一致。因此，根据当前的信息，我仍然认为玩家4是卧底。
2024-12-13 13:07:43,351 - 1 - INFO - **********JUDGER**********
你刚刚的分析是基于第二轮描述和之前的分析，玩家4的描述与芒果的特征仍然高度吻合，而且与其他玩家的描述没有显著的不一致。因此，根据当前的信息，我仍然认为玩家4是卧底。|| `请根据上述分析，比较描述以找出不一致之处，注意，这局游戏的词语分类为<水果>，卧底词和平民词都属于该类。
2024-12-13 13:07:53,718 - 1 - INFO - **********PLAYER1**********
在比较第二轮描述时，以下是不一致之处：

1. **香味描述**：玩家1和玩家2都提到了水果的香味，但玩家3和玩家4没有提及香味，这可能与芒果的香味特征不一致。

2. **汁液描述**：玩家1、2和3都提到了水果的汁液丰富，而玩家4只提到了水果富含水分，没有强调汁液的丰富性。

3. **核小描述**：玩家2特别提到了核小，而其他玩家没有明确提及这一点。

4. **肉质描述**：玩家2和玩家3都描述了肉质的柔滑或细腻，而玩家1和玩家4没有这样的描述。

5. **消暑解渴描述**：玩家4特别提到了适合消暑解渴，这是其他玩家没有提及的。

这些不一致之处可能表明玩家4的描述与芒果的特征有所不同，或者至少在描述上与其他玩家有所不同，这可能是判断卧底的重要线索。
2024-12-13 13:07:53,719 - 1 - INFO - **********JUDGER**********
你刚刚的分析是在比较第二轮描述时，以下是不一致之处：

1. **香味描述**：玩家1和玩家2都提到了水果的香味，但玩家3和玩家4没有提及香味，这可能与芒果的香味特征不一致。

2. **汁液描述**：玩家1、2和3都提到了水果的汁液丰富，而玩家4只提到了水果富含水分，没有强调汁液的丰富性。

3. **核小描述**：玩家2特别提到了核小，而其他玩家没有明确提及这一点。

4. **肉质描述**：玩家2和玩家3都描述了肉质的柔滑或细腻，而玩家1和玩家4没有这样的描述。

5. **消暑解渴描述**：玩家4特别提到了适合消暑解渴，这是其他玩家没有提及的。

这些不一致之处可能表明玩家4的描述与芒果的特征有所不同，或者至少在描述上与其他玩家有所不同，这可能是判断卧底的重要线索。|| 请通过你分析的不一致之处，推断卧底身份，注意，这局游戏的词语分类为<水果>，卧底词和平民词都属于该类。
2024-12-13 13:08:01,865 - 1 - INFO - **********PLAYER1**********
基于上述分析的不一致之处，玩家4的描述在多个方面与其他玩家有所不同，这增加了玩家4是卧底的可能性。然而，没有足够的信息来确定玩家4的具体水果是哪一种，因为其他玩家的描述也都有各自的侧重点。

如果必须做出推断，考虑到玩家4的描述中特别强调了适合消暑解渴，这可能暗示了一种常见的水果，如西瓜或葡萄。但由于芒果也常被用来消暑，而且其他不一致之处并不明显指向特定水果，因此玩家4是卧底的可能性仍然存在，但无法确定具体是哪种水果。

因此，基于描述的不一致性和可能的误导，我推断玩家4是卧底。
2024-12-13 13:08:01,866 - 1 - INFO - **********JUDGER**********
你刚刚的推断是基于上述分析的不一致之处，玩家4的描述在多个方面与其他玩家有所不同，这增加了玩家4是卧底的可能性。然而，没有足够的信息来确定玩家4的具体水果是哪一种，因为其他玩家的描述也都有各自的侧重点。

如果必须做出推断，考虑到玩家4的描述中特别强调了适合消暑解渴，这可能暗示了一种常见的水果，如西瓜或葡萄。但由于芒果也常被用来消暑，而且其他不一致之处并不明显指向特定水果，因此玩家4是卧底的可能性仍然存在，但无法确定具体是哪种水果。

因此，基于描述的不一致性和可能的误导，我推断玩家4是卧底。|| 基于你刚刚的推断得出你的最终结论，请输出你认为的卧底，在这种情况下只需要输出编号，是1-4中的某个数字，不要输出其他信息。在这个过程不要进行任何推理，只对||以前的部分进行信息提取
2024-12-13 13:08:03,282 - 1 - INFO - **********PLAYER1**********
4
2024-12-13 13:09:28,519 - 1 - INFO - **********JUDGER**********
玩家1说：这种水果通常是黄色或橙色的，形状圆滑。在水果类中，它最突出的不同特征是它独特的香味。这种水果的汁液丰富，可以直接食用，不需要剥皮去核，食用起来非常方便。在水果类中，它以其甜而不腻的口感而闻名。玩家2说：这种水果多汁，核小。在水果类中，它的口感和味道最为香甜。这种水果的肉质柔滑，甜度适中，非常适合直接食用。它的香味浓郁，能够在水果中脱颖而出。玩家3说：这种水果皮薄，果肉细腻。在水果类中，它最突出的不同特征是它的纤维含量较低。这种水果通常呈现出一种独特的金黄色，质地软糯。在水果类中，它以其丰富的汁液和甜美的味道而受到喜爱。玩家4说：这种水果富含水分，口感清凉。在水果类中，它特别适合消暑解渴。这种水果水分充足，解渴效果显著。在水果类中，它以其清凉的口感和丰富的汁液而著称，非常适合在炎热的天气中食用。你是第1号玩家，你的关键词是<芒果>。你的回答中绝对不能包含你的关键词<芒果>。这是第三轮描述，你之前的描述是这种水果通常是黄色或橙色的，形状圆滑。在水果类中，它最突出的不同特征是它独特的香味。和这种水果的汁液丰富，可以直接食用，不需要剥皮去核，食用起来非常方便。在水果类中，它以其甜而不腻的口感而闻名。，注意，这局游戏的词语分类为<水果>，卧底词和平民词都属于该类，请你补充关于关键词的描述，注意，你的描述应该比起之前的描述更加贴近关键词，作为之前的补充
2024-12-13 13:09:31,086 - 1 - INFO - **********PLAYER1**********
这种水果的甜味浓郁，能够散发出诱人的香气，适合作为早餐搭配食用。它的果肉软糯，易于咬嚼，给人一种舒适的感觉。在水果类中，它的甜度和香气都是它的一大特点。
2024-12-13 13:09:38,426 - 1 - INFO - **********JUDGER**********
玩家1说：这种水果通常是黄色或橙色的，形状圆滑。在水果类中，它最突出的不同特征是它独特的香味。这种水果的汁液丰富，可以直接食用，不需要剥皮去核，食用起来非常方便。在水果类中，它以其甜而不腻的口感而闻名。这种水果的甜味浓郁，能够散发出诱人的香气，适合作为早餐搭配食用。它的果肉软糯，易于咬嚼，给人一种舒适的感觉。在水果类中，它的甜度和香气都是它的一大特点。玩家2说：这种水果多汁，核小。在水果类中，它的口感和味道最为香甜。这种水果的肉质柔滑，甜度适中，非常适合直接食用。它的香味浓郁，能够在水果中脱颖而出。这种水果的甜味非常独特，能够让人回味无穷。它的香味非常吸引人，常常让人忍不住想要品尝。玩家3说：这种水果皮薄，果肉细腻。在水果类中，它最突出的不同特征是它的纤维含量较低。这种水果通常呈现出一种独特的金黄色，质地软糯。在水果类中，它以其丰富的汁液和甜美的味道而受到喜爱。这种水果的甜度适中，口感鲜美，是热带地区非常受欢迎的水果之一。它的果肉纤维较少，易于消化，非常适合作为日常零食。玩家4说：这种水果富含水分，口感清凉。在水果类中，它特别适合消暑解渴。这种水果水分充足，解渴效果显著。在水果类中，它以其清凉的口感和丰富的汁液而著称，非常适合在炎热的天气中食用。这种水果在炎热的季节里尤为受欢迎，它的肉质细腻，甜度适中，能够带来清凉的享受。它的外表光滑，颜色鲜艳，给人一种视觉上的愉悦。这种水果的解渴效果极佳，能够迅速补充体液，是夏日消暑的佳品。||在这个游戏中，我们需要通过分析每位玩家的描述来找出卧底。通常，平民的描述会围绕相同的词语展开，而卧底的描述可能会因为词语的不同而显得不太一致。我们需要仔细比较每个描述之间的相似性和差异性，以找出可能的卧底，注意，卧底并不会隐藏自己，他会直接描述他的词语，现在，逐一分析每个玩家的描述，注意，这局游戏的词语分类为<水果>，卧底词和平民词都属于该类。||之前是第3轮描述和之前轮数描述的合集。你之前认为的卧底是玩家4。
2024-12-13 13:09:54,966 - 1 - INFO - **********PLAYER1**********
在第三轮描述中，玩家们的描述仍然保持了高度的一致性，都围绕水果的甜度、汁液、口感和香味等方面进行了描述。以下是对玩家描述的简要分析：

1. 玩家1的描述强调了水果的甜度、香气、汁液丰富和易于食用的特点。

2. 玩家2的描述与玩家1相似，也提到了水果的甜度、汁液、口感和香味，并强调了其甜味的独特性和吸引人的香气。

3. 玩家3的描述同样提到了甜度、汁液、口感和香味，特别强调了纤维含量低和易于消化，以及其作为热带水果的受欢迎程度。

4. 玩家4的描述也提到了水果的甜度、汁液、口感和香味，特别强调了其清凉的口感和解渴的效果，以及适合消暑的特点。

从这些描述中，没有出现明显的逻辑不一致或者与芒果特征不符的描述。玩家4的描述虽然与其他玩家的描述相似，但并没有提供任何独特的特征来区分其与芒果的不同。因此，基于第三轮描述，我之前的推断仍然是玩家4可能是卧底。然而，由于所有玩家的描述都非常相似，这可能表明卧底并没有在描述中给出明显的线索，或者卧底可能就是芒果，即所有玩家都是平民。在这种情况下，需要更多的信息或者下一轮的描述来进一步确认卧底的身份。
2024-12-13 13:09:54,968 - 1 - INFO - **********JUDGER**********
你刚刚的分析是在第三轮描述中，玩家们的描述仍然保持了高度的一致性，都围绕水果的甜度、汁液、口感和香味等方面进行了描述。以下是对玩家描述的简要分析：

1. 玩家1的描述强调了水果的甜度、香气、汁液丰富和易于食用的特点。

2. 玩家2的描述与玩家1相似，也提到了水果的甜度、汁液、口感和香味，并强调了其甜味的独特性和吸引人的香气。

3. 玩家3的描述同样提到了甜度、汁液、口感和香味，特别强调了纤维含量低和易于消化，以及其作为热带水果的受欢迎程度。

4. 玩家4的描述也提到了水果的甜度、汁液、口感和香味，特别强调了其清凉的口感和解渴的效果，以及适合消暑的特点。

从这些描述中，没有出现明显的逻辑不一致或者与芒果特征不符的描述。玩家4的描述虽然与其他玩家的描述相似，但并没有提供任何独特的特征来区分其与芒果的不同。因此，基于第三轮描述，我之前的推断仍然是玩家4可能是卧底。然而，由于所有玩家的描述都非常相似，这可能表明卧底并没有在描述中给出明显的线索，或者卧底可能就是芒果，即所有玩家都是平民。在这种情况下，需要更多的信息或者下一轮的描述来进一步确认卧底的身份。|| `请根据上述分析，比较描述以找出不一致之处，注意，这局游戏的词语分类为<水果>，卧底词和平民词都属于该类。
2024-12-13 13:10:11,682 - 1 - INFO - **********PLAYER1**********
在第三轮描述中，所有玩家的描述都高度一致，都在强调水果的甜度、汁液、口感和香味等方面，没有出现明显的逻辑不一致或者与芒果特征不符的描述。以下是对描述的进一步比较：

1. **甜度**：所有玩家都提到了水果的甜度，但没有一个玩家提供了关于甜度如何与其他水果不同的独特描述。

2. **汁液**：所有玩家都提到了水果的汁液丰富，但没有一个玩家提供了关于汁液如何与其他水果不同的独特描述。

3. **口感**：所有玩家都提到了水果的口感，但没有一个玩家提供了关于口感如何与其他水果不同的独特描述。

4. **香味**：所有玩家都提到了水果的香味，但没有一个玩家提供了关于香味如何与其他水果不同的独特描述。

5. **其他特征**：玩家4特别提到了水果的清凉口感和解渴效果，这是其他玩家没有特别强调的。

由于所有玩家的描述都非常相似，没有明显的差异，因此在这一轮描述中没有找到不一致之处。这意味着我们无法通过第三轮描述来区分卧底和平民。在这种情况下，可能需要更多的描述轮次或者新的线索来进一步确定卧底的身份。
2024-12-13 13:10:11,690 - 1 - INFO - **********JUDGER**********
你刚刚的分析是在第三轮描述中，所有玩家的描述都高度一致，都在强调水果的甜度、汁液、口感和香味等方面，没有出现明显的逻辑不一致或者与芒果特征不符的描述。以下是对描述的进一步比较：

1. **甜度**：所有玩家都提到了水果的甜度，但没有一个玩家提供了关于甜度如何与其他水果不同的独特描述。

2. **汁液**：所有玩家都提到了水果的汁液丰富，但没有一个玩家提供了关于汁液如何与其他水果不同的独特描述。

3. **口感**：所有玩家都提到了水果的口感，但没有一个玩家提供了关于口感如何与其他水果不同的独特描述。

4. **香味**：所有玩家都提到了水果的香味，但没有一个玩家提供了关于香味如何与其他水果不同的独特描述。

5. **其他特征**：玩家4特别提到了水果的清凉口感和解渴效果，这是其他玩家没有特别强调的。

由于所有玩家的描述都非常相似，没有明显的差异，因此在这一轮描述中没有找到不一致之处。这意味着我们无法通过第三轮描述来区分卧底和平民。在这种情况下，可能需要更多的描述轮次或者新的线索来进一步确定卧底的身份。|| 请通过你分析的不一致之处，推断卧底身份，注意，这局游戏的词语分类为<水果>，卧底词和平民词都属于该类。
2024-12-13 13:10:17,959 - 1 - INFO - **********PLAYER1**********
基于第三轮描述中所有玩家的描述都非常相似，没有出现不一致之处，因此无法直接通过描述来推断卧底的身份。

然而，如果我们回顾之前的描述，特别是玩家4在第二轮描述中特别提到了适合消暑解渴，而其他玩家没有这样的描述，这可能是一个值得注意的线索。尽管在第三轮中玩家4的描述与其他玩家更为一致，但在之前的轮次中，玩家4的描述提供了与芒果特征不完全吻合的信息。

因此，考虑到之前的描述和缺乏在第三轮中的不一致性，我仍然倾向于推断玩家4可能是卧底。但这只是一个基于先前信息的推测，最终的身份确认需要通过进一步的描述和投票来确定。所以，我的推断是玩家4可能是卧底。
2024-12-13 13:10:17,961 - 1 - INFO - **********JUDGER**********
你刚刚的推断是基于第三轮描述中所有玩家的描述都非常相似，没有出现不一致之处，因此无法直接通过描述来推断卧底的身份。

然而，如果我们回顾之前的描述，特别是玩家4在第二轮描述中特别提到了适合消暑解渴，而其他玩家没有这样的描述，这可能是一个值得注意的线索。尽管在第三轮中玩家4的描述与其他玩家更为一致，但在之前的轮次中，玩家4的描述提供了与芒果特征不完全吻合的信息。

因此，考虑到之前的描述和缺乏在第三轮中的不一致性，我仍然倾向于推断玩家4可能是卧底。但这只是一个基于先前信息的推测，最终的身份确认需要通过进一步的描述和投票来确定。所以，我的推断是玩家4可能是卧底。|| 基于你刚刚的推断得出你的最终结论，请输出你认为的卧底，在这种情况下只需要输出编号，是1-4中的某个数字，不要输出其他信息。在这个过程不要进行任何推理，只对||以前的部分进行信息提取
2024-12-13 13:10:19,380 - 1 - INFO - **********PLAYER1**********
4
