2024-12-13 13:05:03,839 - 2 - INFO - **********JUDGER**********
让我们来玩一个叫做<谁是卧底>的推理游戏。基本规则：<人数>：4人。<角色分配>：每位玩家随机抽取一个词语，3名玩家拿到的词语是相同的（平民词），1名玩家拿到与之相近但不同的词语（卧底词）。<游戏流程>：1、玩家轮流描述自己的词语，但<不能>直接说出词语本身。2、描述完毕后，投票选出最像卧底的玩家。3、每轮结束后，被投票选出的玩家出局，不能再进行描述或投票。4、每轮投票结束后，如果卧底被成功找出，平民方获胜；如果卧底未被找出且卧底人数等于或超过平民人数，则卧底方获胜。你将扮演一个<玩家>，请等待你被分配到的关键词。如果你听懂了，只回答，"好的，我准备好参加游戏了"，不要输出别的信息
2024-12-13 13:05:04,321 - 2 - INFO - **********PLAYER2**********
好的，我准备好参加游戏了
2024-12-13 13:05:09,040 - 2 - INFO - **********JUDGER**********
玩家1说：这种水果通常是黄色或橙色的，形状圆滑。在水果类中，它最突出的不同特征是它独特的香味。玩家2说：玩家3说：玩家4说：|| 你是第2号玩家，你的关键词是<芒果>。你的回答中绝对不能包含你的关键词<芒果>。这是第一轮描述，不需要分析||之前别的玩家的描述，请你描述关键词基本特征，注意，这局游戏的词语分类为<水果>，卧底词和平民词都属于该类，描述包括以下两点，1.他的基本特征是什么2.他在该类（水果）中最突出不同的特征是什么，尽量简短
2024-12-13 13:05:10,100 - 2 - INFO - **********PLAYER2**********
这种水果多汁，核小。在水果类中，它的口感和味道最为香甜。
2024-12-13 13:05:39,707 - 2 - INFO - **********JUDGER**********
玩家1说：这种水果通常是黄色或橙色的，形状圆滑。在水果类中，它最突出的不同特征是它独特的香味。玩家2说：这种水果多汁，核小。在水果类中，它的口感和味道最为香甜。玩家3说：这种水果皮薄，果肉细腻。在水果类中，它最突出的不同特征是它的纤维含量较低。玩家4说：||在这个游戏中，我们需要通过分析每位玩家的描述来找出卧底。通常，平民的描述会围绕相同的词语展开，而卧底的描述可能会因为词语的不同而显得不太一致。我们需要仔细比较每个描述之间的相似性和差异性，以找出可能的卧底，注意，卧底并不会隐藏自己，他会直接描述他的词语，现在，逐一分析每个玩家的描述，注意，这局游戏的词语分类为<水果>，卧底词和平民词都属于该类。这是第一轮描述。
2024-12-13 13:05:48,579 - 2 - INFO - **********PLAYER2**********
玩家1和玩家2的描述都提到了黄色或橙色、圆滑的形状、独特的香味、多汁、核小、香甜的口感和味道，这些特征与芒果相符。玩家3的描述提到了皮薄、果肉细腻、纤维含量较低，这些特征也符合芒果。然而，玩家4没有提供任何具体的描述，而是给出了游戏规则和分析建议，这可能是为了误导大家，或者他可能是卧底。如果我是玩家2，我会注意玩家4的行为和描述，并考虑在下一轮投票时将票投给他，因为他的描述与芒果的描述不一致，且没有提供任何具体信息。
2024-12-13 13:05:48,580 - 2 - INFO - **********JUDGER**********
你刚刚的分析是玩家1和玩家2的描述都提到了黄色或橙色、圆滑的形状、独特的香味、多汁、核小、香甜的口感和味道，这些特征与芒果相符。玩家3的描述提到了皮薄、果肉细腻、纤维含量较低，这些特征也符合芒果。然而，玩家4没有提供任何具体的描述，而是给出了游戏规则和分析建议，这可能是为了误导大家，或者他可能是卧底。如果我是玩家2，我会注意玩家4的行为和描述，并考虑在下一轮投票时将票投给他，因为他的描述与芒果的描述不一致，且没有提供任何具体信息。|| `请根据上述分析，比较描述以找出不一致之处，注意，这局游戏的词语分类为<水果>，卧底词和平民词都属于该类。
2024-12-13 13:06:01,233 - 2 - INFO - **********PLAYER2**********
根据上述分析，我们可以比较每位玩家的描述以找出不一致之处：

1. 玩家1和玩家2的描述都提到了以下特征：
   - 颜色：黄色或橙色
   - 形状：圆滑
   - 香味：独特
   - 口感：多汁
   - 核：小
   - 味道：香甜

2. 玩家3的描述也提到了以下特征：
   - 皮：薄
   - 果肉：细腻
   - 纤维含量：较低

3. 玩家4没有提供具体的描述，而是给出了关于游戏规则和分析的建议。

不一致之处在于：
- 玩家4没有提供关于水果的具体描述，这与玩家1、2、3的详细描述形成对比。
- 玩家3的描述中提到了“纤维含量较低”，而玩家1、2的描述中并没有提到这一点，这可能是玩家3作为卧底时试图加入的误导性信息。

因此，玩家4的行为和描述可能是为了误导大家，或者他可能是卧底。在下一轮投票时，玩家2可能会考虑将票投给玩家4，因为他的描述与芒果的描述不一致，且没有提供任何具体信息。
2024-12-13 13:06:01,235 - 2 - INFO - **********JUDGER**********
你刚刚的分析是根据上述分析，我们可以比较每位玩家的描述以找出不一致之处：

1. 玩家1和玩家2的描述都提到了以下特征：
   - 颜色：黄色或橙色
   - 形状：圆滑
   - 香味：独特
   - 口感：多汁
   - 核：小
   - 味道：香甜

2. 玩家3的描述也提到了以下特征：
   - 皮：薄
   - 果肉：细腻
   - 纤维含量：较低

3. 玩家4没有提供具体的描述，而是给出了关于游戏规则和分析的建议。

不一致之处在于：
- 玩家4没有提供关于水果的具体描述，这与玩家1、2、3的详细描述形成对比。
- 玩家3的描述中提到了“纤维含量较低”，而玩家1、2的描述中并没有提到这一点，这可能是玩家3作为卧底时试图加入的误导性信息。

因此，玩家4的行为和描述可能是为了误导大家，或者他可能是卧底。在下一轮投票时，玩家2可能会考虑将票投给玩家4，因为他的描述与芒果的描述不一致，且没有提供任何具体信息。|| 请通过你分析的不一致之处，推断卧底身份，注意，这局游戏的词语分类为<水果>，卧底词和平民词都属于该类。
2024-12-13 13:06:15,334 - 2 - INFO - **********PLAYER2**********
基于上述分析，我们可以进行以下推断：

1. 玩家1和玩家2的描述高度一致，且这些描述与芒果的特征相符。因此，他们很可能是平民。

2. 玩家3的描述中加入了“纤维含量较低”这一特征，这与芒果的特征不完全一致，但也不是明显的不一致，因为有些芒果品种确实纤维含量较低。因此，玩家3可能是平民，也可能是卧底。

3. 玩家4没有提供具体的描述，而是提供了游戏规则和分析的建议。这种行为本身并不足以确定其身份，因为游戏规则和分析是游戏的一部分，玩家4可能只是在履行自己的角色。

考虑到游戏规则，卧底词和平民词都属于<水果>类别，且玩家3的描述中加入了与芒果不完全一致的特征，这可能是一个误导。而玩家4没有提供具体的描述，这可能导致其他玩家对他的身份产生怀疑。因此，基于这些信息，玩家4可能是卧底，因为他没有直接描述水果的特征，而是转移了话题。

综上所述，如果我是玩家2，我可能会倾向于在下一轮投票时将票投给玩家4，因为他没有提供与芒果相符合的具体描述，且在游戏中没有提供有助于揭示词语的信息。这样的行为模式与卧底的行为模式相符。
2024-12-13 13:06:15,341 - 2 - INFO - **********JUDGER**********
你刚刚的推断是基于上述分析，我们可以进行以下推断：

1. 玩家1和玩家2的描述高度一致，且这些描述与芒果的特征相符。因此，他们很可能是平民。

2. 玩家3的描述中加入了“纤维含量较低”这一特征，这与芒果的特征不完全一致，但也不是明显的不一致，因为有些芒果品种确实纤维含量较低。因此，玩家3可能是平民，也可能是卧底。

3. 玩家4没有提供具体的描述，而是提供了游戏规则和分析的建议。这种行为本身并不足以确定其身份，因为游戏规则和分析是游戏的一部分，玩家4可能只是在履行自己的角色。

考虑到游戏规则，卧底词和平民词都属于<水果>类别，且玩家3的描述中加入了与芒果不完全一致的特征，这可能是一个误导。而玩家4没有提供具体的描述，这可能导致其他玩家对他的身份产生怀疑。因此，基于这些信息，玩家4可能是卧底，因为他没有直接描述水果的特征，而是转移了话题。

综上所述，如果我是玩家2，我可能会倾向于在下一轮投票时将票投给玩家4，因为他没有提供与芒果相符合的具体描述，且在游戏中没有提供有助于揭示词语的信息。这样的行为模式与卧底的行为模式相符。|| 基于你刚刚的推断得出你的最终结论，请输出你认为的卧底，在这种情况下只需要输出编号，是1-4中的某个数字，不要输出其他信息。在这个过程不要进行任何推理，只对||以前的部分进行信息提取
2024-12-13 13:06:16,067 - 2 - INFO - **********PLAYER2**********
4
2024-12-13 13:07:31,176 - 2 - INFO - **********JUDGER**********
玩家1说：这种水果通常是黄色或橙色的，形状圆滑。在水果类中，它最突出的不同特征是它独特的香味。这种水果的汁液丰富，可以直接食用，不需要剥皮去核，食用起来非常方便。在水果类中，它以其甜而不腻的口感而闻名。玩家2说：这种水果多汁，核小。在水果类中，它的口感和味道最为香甜。玩家3说：这种水果皮薄，果肉细腻。在水果类中，它最突出的不同特征是它的纤维含量较低。玩家4说：这种水果富含水分，口感清凉。在水果类中，它特别适合消暑解渴。你是第2号玩家，你的关键词是<芒果>。你的回答中绝对不能包含你的关键词<芒果>。这是第二轮描述，你之前的描述是这种水果多汁，核小。在水果类中，它的口感和味道最为香甜。，注意，这局游戏的词语分类为<水果>，卧底词和平民词都属于该类，请你补充关于关键词的描述，注意，你的描述应该比起之前的描述更加贴近关键词，作为之前的补充
2024-12-13 13:07:33,893 - 2 - INFO - **********PLAYER2**********
这种水果的肉质柔滑，甜度适中，非常适合直接食用。它的香味浓郁，能够在水果中脱颖而出。
2024-12-13 13:08:03,283 - 2 - INFO - **********JUDGER**********
玩家1说：这种水果通常是黄色或橙色的，形状圆滑。在水果类中，它最突出的不同特征是它独特的香味。这种水果的汁液丰富，可以直接食用，不需要剥皮去核，食用起来非常方便。在水果类中，它以其甜而不腻的口感而闻名。玩家2说：这种水果多汁，核小。在水果类中，它的口感和味道最为香甜。这种水果的肉质柔滑，甜度适中，非常适合直接食用。它的香味浓郁，能够在水果中脱颖而出。玩家3说：这种水果皮薄，果肉细腻。在水果类中，它最突出的不同特征是它的纤维含量较低。这种水果通常呈现出一种独特的金黄色，质地软糯。在水果类中，它以其丰富的汁液和甜美的味道而受到喜爱。玩家4说：这种水果富含水分，口感清凉。在水果类中，它特别适合消暑解渴。||在这个游戏中，我们需要通过分析每位玩家的描述来找出卧底。通常，平民的描述会围绕相同的词语展开，而卧底的描述可能会因为词语的不同而显得不太一致。我们需要仔细比较每个描述之间的相似性和差异性，以找出可能的卧底，注意，卧底并不会隐藏自己，他会直接描述他的词语，现在，逐一分析每个玩家的描述，注意，这局游戏的词语分类为<水果>，卧底词和平民词都属于该类。||之前是第2轮描述和之前轮数描述的合集。你之前认为的卧底是玩家4。
2024-12-13 13:08:13,513 - 2 - INFO - **********PLAYER2**********
根据玩家们的描述，我们可以进行以下分析：

- 玩家1和玩家2的描述都非常详细且一致，都强调了这种水果的黄色或橙色、圆滑形状、独特香味、多汁、核小、香甜口感和甜而不腻的特点。这些描述与芒果的特征高度吻合。

- 玩家3的描述也提到了皮薄、果肉细腻、纤维含量低、金黄色、软糯的质地、丰富的汁液和甜美的味道，这些特征也与芒果相符。

- 玩家4的描述强调了水果富含水分、口感清凉、适合消暑解渴，这些特征与芒果不完全一致，因为芒果虽然多汁，但通常不会特别强调清凉的口感。

由于玩家4的描述与芒果的特征不完全吻合，而其他玩家的描述都高度一致且与芒果的特征相符，因此，如果之前的推断是基于描述的相似性和差异性，那么玩家4仍然是一个可能的卧底候选人。不过，需要注意的是，其他玩家的描述虽然一致，但也可能是一种误导，因为卧底可能故意模仿平民的描述来隐藏自己。

因此，如果需要根据之前的描述重新评估，玩家4的描述仍然是一个值得关注的点，但也不能完全排除其他玩家可能是卧底的可能性。
2024-12-13 13:08:13,514 - 2 - INFO - **********JUDGER**********
你刚刚的分析是根据玩家们的描述，我们可以进行以下分析：

- 玩家1和玩家2的描述都非常详细且一致，都强调了这种水果的黄色或橙色、圆滑形状、独特香味、多汁、核小、香甜口感和甜而不腻的特点。这些描述与芒果的特征高度吻合。

- 玩家3的描述也提到了皮薄、果肉细腻、纤维含量低、金黄色、软糯的质地、丰富的汁液和甜美的味道，这些特征也与芒果相符。

- 玩家4的描述强调了水果富含水分、口感清凉、适合消暑解渴，这些特征与芒果不完全一致，因为芒果虽然多汁，但通常不会特别强调清凉的口感。

由于玩家4的描述与芒果的特征不完全吻合，而其他玩家的描述都高度一致且与芒果的特征相符，因此，如果之前的推断是基于描述的相似性和差异性，那么玩家4仍然是一个可能的卧底候选人。不过，需要注意的是，其他玩家的描述虽然一致，但也可能是一种误导，因为卧底可能故意模仿平民的描述来隐藏自己。

因此，如果需要根据之前的描述重新评估，玩家4的描述仍然是一个值得关注的点，但也不能完全排除其他玩家可能是卧底的可能性。|| `请根据上述分析，比较描述以找出不一致之处，注意，这局游戏的词语分类为<水果>，卧底词和平民词都属于该类。
2024-12-13 13:08:23,361 - 2 - INFO - **********PLAYER2**********
根据上述分析，我们可以比较描述以找出不一致之处：

- 玩家1和玩家2的描述中，都提到了黄色或橙色、圆滑形状、独特香味、多汁、核小、香甜口感和甜而不腻的特点，这些描述高度一致，与芒果的特征相符。

- 玩家3的描述中，提到了皮薄、果肉细腻、纤维含量低、金黄色、软糯的质地、丰富的汁液和甜美的味道，这些特征也与芒果相符，且与玩家1和玩家2的描述相似。

- 玩家4的描述中，强调了水果富含水分、口感清凉、适合消暑解渴。这些特征虽然与芒果的多汁性相符，但特别强调的清凉感和消暑解渴的特点在芒果的描述中并不常见。

不一致之处在于玩家4的描述中特别强调了清凉感和消暑解渴，这与芒果通常的描述有所不同。因此，玩家4的描述在这点上与芒果的特征不完全一致。
2024-12-13 13:08:23,364 - 2 - INFO - **********JUDGER**********
你刚刚的分析是根据上述分析，我们可以比较描述以找出不一致之处：

- 玩家1和玩家2的描述中，都提到了黄色或橙色、圆滑形状、独特香味、多汁、核小、香甜口感和甜而不腻的特点，这些描述高度一致，与芒果的特征相符。

- 玩家3的描述中，提到了皮薄、果肉细腻、纤维含量低、金黄色、软糯的质地、丰富的汁液和甜美的味道，这些特征也与芒果相符，且与玩家1和玩家2的描述相似。

- 玩家4的描述中，强调了水果富含水分、口感清凉、适合消暑解渴。这些特征虽然与芒果的多汁性相符，但特别强调的清凉感和消暑解渴的特点在芒果的描述中并不常见。

不一致之处在于玩家4的描述中特别强调了清凉感和消暑解渴，这与芒果通常的描述有所不同。因此，玩家4的描述在这点上与芒果的特征不完全一致。|| 请通过你分析的不一致之处，推断卧底身份，注意，这局游戏的词语分类为<水果>，卧底词和平民词都属于该类。
2024-12-13 13:08:26,810 - 2 - INFO - **********PLAYER2**********
基于分析的不一致之处，即玩家4的描述中特别强调了清凉感和消暑解渴的特点，这与芒果通常的描述有所不同，可以推断玩家4可能是卧底。因为卧底的描述可能会因为词语的不同而显得不太一致，而玩家4的描述在这一点上与芒果的特征不完全一致，这增加了他作为卧底的可能性。因此，根据这个不一致之处，玩家4可能是卧底。
2024-12-13 13:08:26,811 - 2 - INFO - **********JUDGER**********
你刚刚的推断是基于分析的不一致之处，即玩家4的描述中特别强调了清凉感和消暑解渴的特点，这与芒果通常的描述有所不同，可以推断玩家4可能是卧底。因为卧底的描述可能会因为词语的不同而显得不太一致，而玩家4的描述在这一点上与芒果的特征不完全一致，这增加了他作为卧底的可能性。因此，根据这个不一致之处，玩家4可能是卧底。|| 基于你刚刚的推断得出你的最终结论，请输出你认为的卧底，在这种情况下只需要输出编号，是1-4中的某个数字，不要输出其他信息。在这个过程不要进行任何推理，只对||以前的部分进行信息提取
2024-12-13 13:08:27,708 - 2 - INFO - **********PLAYER2**********
4
2024-12-13 13:09:31,086 - 2 - INFO - **********JUDGER**********
玩家1说：这种水果通常是黄色或橙色的，形状圆滑。在水果类中，它最突出的不同特征是它独特的香味。这种水果的汁液丰富，可以直接食用，不需要剥皮去核，食用起来非常方便。在水果类中，它以其甜而不腻的口感而闻名。这种水果的甜味浓郁，能够散发出诱人的香气，适合作为早餐搭配食用。它的果肉软糯，易于咬嚼，给人一种舒适的感觉。在水果类中，它的甜度和香气都是它的一大特点。玩家2说：这种水果多汁，核小。在水果类中，它的口感和味道最为香甜。这种水果的肉质柔滑，甜度适中，非常适合直接食用。它的香味浓郁，能够在水果中脱颖而出。玩家3说：这种水果皮薄，果肉细腻。在水果类中，它最突出的不同特征是它的纤维含量较低。这种水果通常呈现出一种独特的金黄色，质地软糯。在水果类中，它以其丰富的汁液和甜美的味道而受到喜爱。玩家4说：这种水果富含水分，口感清凉。在水果类中，它特别适合消暑解渴。这种水果水分充足，解渴效果显著。在水果类中，它以其清凉的口感和丰富的汁液而著称，非常适合在炎热的天气中食用。你是第2号玩家，你的关键词是<芒果>。你的回答中绝对不能包含你的关键词<芒果>。这是第三轮描述，你之前的描述是这种水果多汁，核小。在水果类中，它的口感和味道最为香甜。和这种水果的肉质柔滑，甜度适中，非常适合直接食用。它的香味浓郁，能够在水果中脱颖而出。，注意，这局游戏的词语分类为<水果>，卧底词和平民词都属于该类，请你补充关于关键词的描述，注意，你的描述应该比起之前的描述更加贴近关键词，作为之前的补充
2024-12-13 13:09:32,714 - 2 - INFO - **********PLAYER2**********
这种水果的甜味非常独特，能够让人回味无穷。它的香味非常吸引人，常常让人忍不住想要品尝。
2024-12-13 13:10:19,381 - 2 - INFO - **********JUDGER**********
玩家1说：这种水果通常是黄色或橙色的，形状圆滑。在水果类中，它最突出的不同特征是它独特的香味。这种水果的汁液丰富，可以直接食用，不需要剥皮去核，食用起来非常方便。在水果类中，它以其甜而不腻的口感而闻名。这种水果的甜味浓郁，能够散发出诱人的香气，适合作为早餐搭配食用。它的果肉软糯，易于咬嚼，给人一种舒适的感觉。在水果类中，它的甜度和香气都是它的一大特点。玩家2说：这种水果多汁，核小。在水果类中，它的口感和味道最为香甜。这种水果的肉质柔滑，甜度适中，非常适合直接食用。它的香味浓郁，能够在水果中脱颖而出。这种水果的甜味非常独特，能够让人回味无穷。它的香味非常吸引人，常常让人忍不住想要品尝。玩家3说：这种水果皮薄，果肉细腻。在水果类中，它最突出的不同特征是它的纤维含量较低。这种水果通常呈现出一种独特的金黄色，质地软糯。在水果类中，它以其丰富的汁液和甜美的味道而受到喜爱。这种水果的甜度适中，口感鲜美，是热带地区非常受欢迎的水果之一。它的果肉纤维较少，易于消化，非常适合作为日常零食。玩家4说：这种水果富含水分，口感清凉。在水果类中，它特别适合消暑解渴。这种水果水分充足，解渴效果显著。在水果类中，它以其清凉的口感和丰富的汁液而著称，非常适合在炎热的天气中食用。这种水果在炎热的季节里尤为受欢迎，它的肉质细腻，甜度适中，能够带来清凉的享受。它的外表光滑，颜色鲜艳，给人一种视觉上的愉悦。这种水果的解渴效果极佳，能够迅速补充体液，是夏日消暑的佳品。||在这个游戏中，我们需要通过分析每位玩家的描述来找出卧底。通常，平民的描述会围绕相同的词语展开，而卧底的描述可能会因为词语的不同而显得不太一致。我们需要仔细比较每个描述之间的相似性和差异性，以找出可能的卧底，注意，卧底并不会隐藏自己，他会直接描述他的词语，现在，逐一分析每个玩家的描述，注意，这局游戏的词语分类为<水果>，卧底词和平民词都属于该类。||之前是第3轮描述和之前轮数描述的合集。你之前认为的卧底是玩家4。
2024-12-13 13:10:39,698 - 2 - INFO - **********PLAYER2**********
根据玩家们的描述，我们可以进行以下分析：

- 玩家1和玩家2的描述都非常详细且一致，都强调了这种水果的黄色或橙色、圆滑形状、独特香味、多汁、核小、香甜口感、甜味浓郁、肉质软糯、易于咬嚼、甜度适中、香味吸引人、适合早餐搭配、果肉纤维较少、易于消化等特点，这些描述与芒果的特征高度吻合。

- 玩家3的描述中也提到了皮薄、果肉细腻、纤维含量低、金黄色、软糯的质地、丰富的汁液、甜美的味道、甜度适中、口感鲜美、易于消化等特点，这些特征也与芒果相符。

- 玩家4的描述强调了这种水果富含水分、口感清凉、特别适合消暑解渴、水分充足、解渴效果显著、清凉的口感、丰富的汁液、外表光滑、颜色鲜艳、视觉愉悦、解渴效果极佳、迅速补充体液、夏日消暑的佳品等特点。这些描述中特别强调了清凉和解渴的效果，这与芒果通常的描述有所不同，因为芒果通常不会特别强调清凉的口感。

基于上述分析，玩家4的描述与芒果的特征不完全一致，特别是在强调清凉和解渴效果上，这可能是他作为卧底时加入的误导性信息。因此，如果之前的推断是基于描述的相似性和差异性，那么玩家4仍然是一个可能的卧底候选人。不过，需要注意的是，其他玩家的描述虽然一致，但也可能是一种误导，因为卧底可能故意模仿平民的描述来隐藏自己。

综上所述，玩家4的描述仍然是一个值得关注的点，但也不能完全排除其他玩家可能是卧底的可能性。
2024-12-13 13:10:39,701 - 2 - INFO - **********JUDGER**********
你刚刚的分析是根据玩家们的描述，我们可以进行以下分析：

- 玩家1和玩家2的描述都非常详细且一致，都强调了这种水果的黄色或橙色、圆滑形状、独特香味、多汁、核小、香甜口感、甜味浓郁、肉质软糯、易于咬嚼、甜度适中、香味吸引人、适合早餐搭配、果肉纤维较少、易于消化等特点，这些描述与芒果的特征高度吻合。

- 玩家3的描述中也提到了皮薄、果肉细腻、纤维含量低、金黄色、软糯的质地、丰富的汁液、甜美的味道、甜度适中、口感鲜美、易于消化等特点，这些特征也与芒果相符。

- 玩家4的描述强调了这种水果富含水分、口感清凉、特别适合消暑解渴、水分充足、解渴效果显著、清凉的口感、丰富的汁液、外表光滑、颜色鲜艳、视觉愉悦、解渴效果极佳、迅速补充体液、夏日消暑的佳品等特点。这些描述中特别强调了清凉和解渴的效果，这与芒果通常的描述有所不同，因为芒果通常不会特别强调清凉的口感。

基于上述分析，玩家4的描述与芒果的特征不完全一致，特别是在强调清凉和解渴效果上，这可能是他作为卧底时加入的误导性信息。因此，如果之前的推断是基于描述的相似性和差异性，那么玩家4仍然是一个可能的卧底候选人。不过，需要注意的是，其他玩家的描述虽然一致，但也可能是一种误导，因为卧底可能故意模仿平民的描述来隐藏自己。

综上所述，玩家4的描述仍然是一个值得关注的点，但也不能完全排除其他玩家可能是卧底的可能性。|| `请根据上述分析，比较描述以找出不一致之处，注意，这局游戏的词语分类为<水果>，卧底词和平民词都属于该类。
2024-12-13 13:10:48,727 - 2 - INFO - **********PLAYER2**********
根据上述分析，不一致之处主要体现在以下几个方面：

1. 玩家1、2和玩家3的描述都强调了水果的甜味、肉质、纤维含量、汁液丰富、颜色和口感等特征，这些特征与芒果相符。

2. 玩家4的描述中特别强调了水果的清凉感和消暑解渴的效果，这是芒果描述中不常见的特征。玩家4提到了“富含水分”、“口感清凉”、“特别适合消暑解渴”、“清凉的口感”、“解渴效果极佳”等与清凉和解渴相关的描述。

3. 玩家4还提到了水果的外表光滑、颜色鲜艳、视觉愉悦等特点，这些描述在玩家1、2和玩家3的描述中并未出现。

因此，不一致之处在于玩家4对清凉感和消暑解渴效果的强调，以及对外表和视觉愉悦的描述，这些特征与芒果通常的描述不完全一致。
2024-12-13 13:10:48,732 - 2 - INFO - **********JUDGER**********
你刚刚的分析是根据上述分析，不一致之处主要体现在以下几个方面：

1. 玩家1、2和玩家3的描述都强调了水果的甜味、肉质、纤维含量、汁液丰富、颜色和口感等特征，这些特征与芒果相符。

2. 玩家4的描述中特别强调了水果的清凉感和消暑解渴的效果，这是芒果描述中不常见的特征。玩家4提到了“富含水分”、“口感清凉”、“特别适合消暑解渴”、“清凉的口感”、“解渴效果极佳”等与清凉和解渴相关的描述。

3. 玩家4还提到了水果的外表光滑、颜色鲜艳、视觉愉悦等特点，这些描述在玩家1、2和玩家3的描述中并未出现。

因此，不一致之处在于玩家4对清凉感和消暑解渴效果的强调，以及对外表和视觉愉悦的描述，这些特征与芒果通常的描述不完全一致。|| 请通过你分析的不一致之处，推断卧底身份，注意，这局游戏的词语分类为<水果>，卧底词和平民词都属于该类。
2024-12-13 13:10:49,924 - 2 - INFO - **********PLAYER2**********
4
2024-12-13 13:10:49,927 - 2 - INFO - **********JUDGER**********
你刚刚的推断是4|| 基于你刚刚的推断得出你的最终结论，请输出你认为的卧底，在这种情况下只需要输出编号，是1-4中的某个数字，不要输出其他信息。在这个过程不要进行任何推理，只对||以前的部分进行信息提取
2024-12-13 13:10:51,509 - 2 - INFO - **********PLAYER2**********
4
