2024-12-13 13:05:05,302 - 3 - INFO - **********JUDGER**********
让我们来玩一个叫做<谁是卧底>的推理游戏。基本规则：<人数>：4人。<角色分配>：每位玩家随机抽取一个词语，3名玩家拿到的词语是相同的（平民词），1名玩家拿到与之相近但不同的词语（卧底词）。<游戏流程>：1、玩家轮流描述自己的词语，但<不能>直接说出词语本身。2、描述完毕后，投票选出最像卧底的玩家。3、每轮结束后，被投票选出的玩家出局，不能再进行描述或投票。4、每轮投票结束后，如果卧底被成功找出，平民方获胜；如果卧底未被找出且卧底人数等于或超过平民人数，则卧底方获胜。你将扮演一个<玩家>，请等待你被分配到的关键词。如果你听懂了，只回答，"好的，我准备好参加游戏了"，不要输出别的信息
2024-12-13 13:05:05,832 - 3 - INFO - **********PLAYER3**********
好的，我准备好参加游戏了
2024-12-13 13:05:10,101 - 3 - INFO - **********JUDGER**********
玩家1说：这种水果通常是黄色或橙色的，形状圆滑。在水果类中，它最突出的不同特征是它独特的香味。玩家2说：这种水果多汁，核小。在水果类中，它的口感和味道最为香甜。玩家3说：玩家4说：|| 你是第3号玩家，你的关键词是<芒果>。你的回答中绝对不能包含你的关键词<芒果>。这是第一轮描述，不需要分析||之前别的玩家的描述，请你描述关键词基本特征，注意，这局游戏的词语分类为<水果>，卧底词和平民词都属于该类，描述包括以下两点，1.他的基本特征是什么2.他在该类（水果）中最突出不同的特征是什么，尽量简短
2024-12-13 13:05:11,062 - 3 - INFO - **********PLAYER3**********
这种水果皮薄，果肉细腻。在水果类中，它最突出的不同特征是它的纤维含量较低。
2024-12-13 13:06:16,068 - 3 - INFO - **********JUDGER**********
玩家1说：这种水果通常是黄色或橙色的，形状圆滑。在水果类中，它最突出的不同特征是它独特的香味。玩家2说：这种水果多汁，核小。在水果类中，它的口感和味道最为香甜。玩家3说：这种水果皮薄，果肉细腻。在水果类中，它最突出的不同特征是它的纤维含量较低。玩家4说：||在这个游戏中，我们需要通过分析每位玩家的描述来找出卧底。通常，平民的描述会围绕相同的词语展开，而卧底的描述可能会因为词语的不同而显得不太一致。我们需要仔细比较每个描述之间的相似性和差异性，以找出可能的卧底，注意，卧底并不会隐藏自己，他会直接描述他的词语，现在，逐一分析每个玩家的描述，注意，这局游戏的词语分类为<水果>，卧底词和平民词都属于该类。这是第一轮描述。
2024-12-13 13:06:29,159 - 3 - INFO - **********PLAYER3**********
明白了，玩家4的描述虽然提到了水果的共同特征，但他并没有提供任何具体指向某个特定水果的信息。他的描述似乎在强调与其他描述的相似性，而不是在提供独特的特征。这可能是一个策略，用来引导其他玩家认为卧底可能是其他人。我会根据其他玩家的描述来分析，看看是否能够找出不一致之处。玩家1、2和3的描述都指向了某种具体的水果，并且有各自独特的特征。我会注意玩家4是否在后续的描述中提供更多具体信息，或者是否与其他玩家的描述保持一致。
2024-12-13 13:06:29,161 - 3 - INFO - **********JUDGER**********
你刚刚的分析是明白了，玩家4的描述虽然提到了水果的共同特征，但他并没有提供任何具体指向某个特定水果的信息。他的描述似乎在强调与其他描述的相似性，而不是在提供独特的特征。这可能是一个策略，用来引导其他玩家认为卧底可能是其他人。我会根据其他玩家的描述来分析，看看是否能够找出不一致之处。玩家1、2和3的描述都指向了某种具体的水果，并且有各自独特的特征。我会注意玩家4是否在后续的描述中提供更多具体信息，或者是否与其他玩家的描述保持一致。|| `请根据上述分析，比较描述以找出不一致之处，注意，这局游戏的词语分类为<水果>，卧底词和平民词都属于该类。
2024-12-13 13:06:47,258 - 3 - INFO - **********PLAYER3**********
根据上述分析，我们可以看到以下不一致之处：

1. 玩家1提到的是“独特的香味”，这通常与柑橘类水果如橙子或柚子相关联。
2. 玩家2强调的是“口感和味道最为香甜”，这可能是像荔枝或芒果这样的水果。
3. 玩家3描述的是“纤维含量较低”，这可能是像香蕉或桃子这样的水果。

玩家4的描述没有提供任何指向特定水果的线索，而是强调了水果的共同特征，这与玩家1、2、3的具体描述形成了对比。如果玩家4是卧底，他可能故意使用了这样的描述来混淆视听。

不一致之处在于，玩家1、2、3的描述都指向了具有特定特征的特定水果，而玩家4的描述则没有这样的指向性。这可能导致玩家4的描述与其他玩家不一致，从而可能表明玩家4是卧底。然而，这种不一致也可能是玩家4故意制造的混淆。因此，我们需要在下一轮中更加注意玩家4的描述，看看他是否能够提供更具体的线索来缩小范围。
2024-12-13 13:06:47,271 - 3 - INFO - **********JUDGER**********
你刚刚的分析是根据上述分析，我们可以看到以下不一致之处：

1. 玩家1提到的是“独特的香味”，这通常与柑橘类水果如橙子或柚子相关联。
2. 玩家2强调的是“口感和味道最为香甜”，这可能是像荔枝或芒果这样的水果。
3. 玩家3描述的是“纤维含量较低”，这可能是像香蕉或桃子这样的水果。

玩家4的描述没有提供任何指向特定水果的线索，而是强调了水果的共同特征，这与玩家1、2、3的具体描述形成了对比。如果玩家4是卧底，他可能故意使用了这样的描述来混淆视听。

不一致之处在于，玩家1、2、3的描述都指向了具有特定特征的特定水果，而玩家4的描述则没有这样的指向性。这可能导致玩家4的描述与其他玩家不一致，从而可能表明玩家4是卧底。然而，这种不一致也可能是玩家4故意制造的混淆。因此，我们需要在下一轮中更加注意玩家4的描述，看看他是否能够提供更具体的线索来缩小范围。|| 请通过你分析的不一致之处，推断卧底身份，注意，这局游戏的词语分类为<水果>，卧底词和平民词都属于该类。
2024-12-13 13:06:59,246 - 3 - INFO - **********PLAYER3**********
根据上述分析，如果玩家4的描述是故意用来混淆视听的，并且他没有提供指向特定水果的具体特征，那么我们可以推断以下几种情况：

1. 如果玩家4确实是卧底，那么他的关键词可能是一个与上述描述（香味、口感香甜、纤维含量低）都不太相符的水果。这可能意味着他的关键词可能是像柠檬或黄瓜这样的水果，这些水果在描述上可能不够具体，或者与常见的描述不太一样。

2. 另一种可能性是，玩家4可能是在描述一个非常普遍的水果特征，但他的描述方式使得它看起来与其他玩家的具体描述不一致。在这种情况下，他的关键词可能是一个非常常见的水果，比如苹果或橙子，但他没有提到任何特定的特征来与其他玩家的描述区分开来。

由于我们无法确定玩家4的具体关键词，我们只能基于描述的不一致性来猜测。因此，在没有更多信息的情况下，玩家4可能是卧底，但我们需要更多的描述来确认这一点。在下一轮中，我们应该特别关注玩家4的描述，看他是否能够提供更多的具体信息，或者他的描述是否与其他玩家的描述更加吻合。
2024-12-13 13:06:59,248 - 3 - INFO - **********JUDGER**********
你刚刚的推断是根据上述分析，如果玩家4的描述是故意用来混淆视听的，并且他没有提供指向特定水果的具体特征，那么我们可以推断以下几种情况：

1. 如果玩家4确实是卧底，那么他的关键词可能是一个与上述描述（香味、口感香甜、纤维含量低）都不太相符的水果。这可能意味着他的关键词可能是像柠檬或黄瓜这样的水果，这些水果在描述上可能不够具体，或者与常见的描述不太一样。

2. 另一种可能性是，玩家4可能是在描述一个非常普遍的水果特征，但他的描述方式使得它看起来与其他玩家的具体描述不一致。在这种情况下，他的关键词可能是一个非常常见的水果，比如苹果或橙子，但他没有提到任何特定的特征来与其他玩家的描述区分开来。

由于我们无法确定玩家4的具体关键词，我们只能基于描述的不一致性来猜测。因此，在没有更多信息的情况下，玩家4可能是卧底，但我们需要更多的描述来确认这一点。在下一轮中，我们应该特别关注玩家4的描述，看他是否能够提供更多的具体信息，或者他的描述是否与其他玩家的描述更加吻合。|| 基于你刚刚的推断得出你的最终结论，请输出你认为的卧底，在这种情况下只需要输出编号，是1-4中的某个数字，不要输出其他信息。在这个过程不要进行任何推理，只对||以前的部分进行信息提取
2024-12-13 13:07:00,043 - 3 - INFO - **********PLAYER3**********
4
2024-12-13 13:07:33,894 - 3 - INFO - **********JUDGER**********
玩家1说：这种水果通常是黄色或橙色的，形状圆滑。在水果类中，它最突出的不同特征是它独特的香味。这种水果的汁液丰富，可以直接食用，不需要剥皮去核，食用起来非常方便。在水果类中，它以其甜而不腻的口感而闻名。玩家2说：这种水果多汁，核小。在水果类中，它的口感和味道最为香甜。这种水果的肉质柔滑，甜度适中，非常适合直接食用。它的香味浓郁，能够在水果中脱颖而出。玩家3说：这种水果皮薄，果肉细腻。在水果类中，它最突出的不同特征是它的纤维含量较低。玩家4说：这种水果富含水分，口感清凉。在水果类中，它特别适合消暑解渴。你是第3号玩家，你的关键词是<芒果>。你的回答中绝对不能包含你的关键词<芒果>。这是第二轮描述，你之前的描述是这种水果皮薄，果肉细腻。在水果类中，它最突出的不同特征是它的纤维含量较低。，注意，这局游戏的词语分类为<水果>，卧底词和平民词都属于该类，请你补充关于关键词的描述，注意，你的描述应该比起之前的描述更加贴近关键词，作为之前的补充
2024-12-13 13:07:35,858 - 3 - INFO - **********PLAYER3**********
这种水果通常呈现出一种独特的金黄色，质地软糯。在水果类中，它以其丰富的汁液和甜美的味道而受到喜爱。
2024-12-13 13:08:27,709 - 3 - INFO - **********JUDGER**********
玩家1说：这种水果通常是黄色或橙色的，形状圆滑。在水果类中，它最突出的不同特征是它独特的香味。这种水果的汁液丰富，可以直接食用，不需要剥皮去核，食用起来非常方便。在水果类中，它以其甜而不腻的口感而闻名。玩家2说：这种水果多汁，核小。在水果类中，它的口感和味道最为香甜。这种水果的肉质柔滑，甜度适中，非常适合直接食用。它的香味浓郁，能够在水果中脱颖而出。玩家3说：这种水果皮薄，果肉细腻。在水果类中，它最突出的不同特征是它的纤维含量较低。这种水果通常呈现出一种独特的金黄色，质地软糯。在水果类中，它以其丰富的汁液和甜美的味道而受到喜爱。玩家4说：这种水果富含水分，口感清凉。在水果类中，它特别适合消暑解渴。||在这个游戏中，我们需要通过分析每位玩家的描述来找出卧底。通常，平民的描述会围绕相同的词语展开，而卧底的描述可能会因为词语的不同而显得不太一致。我们需要仔细比较每个描述之间的相似性和差异性，以找出可能的卧底，注意，卧底并不会隐藏自己，他会直接描述他的词语，现在，逐一分析每个玩家的描述，注意，这局游戏的词语分类为<水果>，卧底词和平民词都属于该类。||之前是第2轮描述和之前轮数描述的合集。你之前认为的卧底是玩家4。
2024-12-13 13:08:41,447 - 3 - INFO - **********PLAYER3**********
根据玩家1、2、3和4的描述，以及之前的信息，我们可以进行以下分析：

- 玩家1和玩家2的描述非常相似，都提到了水果的汁液丰富、核小、口感香甜、肉质柔滑、香味浓郁，以及可以直接食用等特征。这表明他们可能是平民，因为他们描述的是相同的词语。

- 玩家3的描述与玩家1和玩家2的描述也相似，提到了水果的皮薄、果肉细腻、纤维含量低、金黄色、质地软糯、汁液丰富和甜美的味道，这进一步支持了玩家3可能是平民的观点。

- 玩家4的描述提到了水果富含水分、口感清凉、特别适合消暑解渴。这些特征与其他玩家提到的特征有所不同，没有直接提到汁液丰富、核小、口感香甜等，这可能是与玩家1、2、3不同的关键词。

基于以上分析，如果之前认为玩家4是卧底，那么这个推断是基于描述的不一致性。然而，玩家4的描述虽然没有直接提到其他玩家描述的特征，但也没有明确指向一个完全不同的水果。因此，如果必须根据当前的描述来重新评估，玩家4的描述虽然与其他玩家有所不同，但并不足以完全确定他是卧底。

在这种情况下，没有足够的证据来明确指出玩家4是卧底，除非有更多的信息或者描述来支持这一结论。因此，我们不能仅仅基于目前的描述就确定玩家4是卧底。
2024-12-13 13:08:41,450 - 3 - INFO - **********JUDGER**********
你刚刚的分析是根据玩家1、2、3和4的描述，以及之前的信息，我们可以进行以下分析：

- 玩家1和玩家2的描述非常相似，都提到了水果的汁液丰富、核小、口感香甜、肉质柔滑、香味浓郁，以及可以直接食用等特征。这表明他们可能是平民，因为他们描述的是相同的词语。

- 玩家3的描述与玩家1和玩家2的描述也相似，提到了水果的皮薄、果肉细腻、纤维含量低、金黄色、质地软糯、汁液丰富和甜美的味道，这进一步支持了玩家3可能是平民的观点。

- 玩家4的描述提到了水果富含水分、口感清凉、特别适合消暑解渴。这些特征与其他玩家提到的特征有所不同，没有直接提到汁液丰富、核小、口感香甜等，这可能是与玩家1、2、3不同的关键词。

基于以上分析，如果之前认为玩家4是卧底，那么这个推断是基于描述的不一致性。然而，玩家4的描述虽然没有直接提到其他玩家描述的特征，但也没有明确指向一个完全不同的水果。因此，如果必须根据当前的描述来重新评估，玩家4的描述虽然与其他玩家有所不同，但并不足以完全确定他是卧底。

在这种情况下，没有足够的证据来明确指出玩家4是卧底，除非有更多的信息或者描述来支持这一结论。因此，我们不能仅仅基于目前的描述就确定玩家4是卧底。|| `请根据上述分析，比较描述以找出不一致之处，注意，这局游戏的词语分类为<水果>，卧底词和平民词都属于该类。
2024-12-13 13:08:52,763 - 3 - INFO - **********PLAYER3**********
根据上述分析，以下是不一致之处：

1. 玩家1和玩家2的描述都集中在水果的甜味、汁液丰富、核小、肉质柔滑、香味浓郁等特征上，这些描述与常见的柑橘类水果如橙子或柚子相符。

2. 玩家3的描述与玩家1和玩家2的描述相似，提到了皮薄、果肉细腻、纤维含量低、金黄色、质地软糯、汁液丰富和甜美的味道，这些特征也与柑橘类水果相符。

3. 玩家4的描述提到了水果富含水分、口感清凉、特别适合消暑解渴，这些特征更像是西瓜或哈密瓜等夏季解暑水果。

不一致之处在于，玩家4的描述与玩家1、2、3的描述在水果的特征上有明显的不同，没有提到甜味、汁液丰富、肉质柔滑等特征，而是强调了消暑解渴的特性，这可能与玩家1、2、3的平民词不同。因此，玩家4的描述在水果类特征上与其他玩家的描述不一致。
2024-12-13 13:08:52,770 - 3 - INFO - **********JUDGER**********
你刚刚的分析是根据上述分析，以下是不一致之处：

1. 玩家1和玩家2的描述都集中在水果的甜味、汁液丰富、核小、肉质柔滑、香味浓郁等特征上，这些描述与常见的柑橘类水果如橙子或柚子相符。

2. 玩家3的描述与玩家1和玩家2的描述相似，提到了皮薄、果肉细腻、纤维含量低、金黄色、质地软糯、汁液丰富和甜美的味道，这些特征也与柑橘类水果相符。

3. 玩家4的描述提到了水果富含水分、口感清凉、特别适合消暑解渴，这些特征更像是西瓜或哈密瓜等夏季解暑水果。

不一致之处在于，玩家4的描述与玩家1、2、3的描述在水果的特征上有明显的不同，没有提到甜味、汁液丰富、肉质柔滑等特征，而是强调了消暑解渴的特性，这可能与玩家1、2、3的平民词不同。因此，玩家4的描述在水果类特征上与其他玩家的描述不一致。|| 请通过你分析的不一致之处，推断卧底身份，注意，这局游戏的词语分类为<水果>，卧底词和平民词都属于该类。
2024-12-13 13:08:53,689 - 3 - INFO - **********PLAYER3**********
4
2024-12-13 13:08:53,690 - 3 - INFO - **********JUDGER**********
你刚刚的推断是4|| 基于你刚刚的推断得出你的最终结论，请输出你认为的卧底，在这种情况下只需要输出编号，是1-4中的某个数字，不要输出其他信息。在这个过程不要进行任何推理，只对||以前的部分进行信息提取
2024-12-13 13:08:54,673 - 3 - INFO - **********PLAYER3**********
4
2024-12-13 13:09:32,715 - 3 - INFO - **********JUDGER**********
玩家1说：这种水果通常是黄色或橙色的，形状圆滑。在水果类中，它最突出的不同特征是它独特的香味。这种水果的汁液丰富，可以直接食用，不需要剥皮去核，食用起来非常方便。在水果类中，它以其甜而不腻的口感而闻名。这种水果的甜味浓郁，能够散发出诱人的香气，适合作为早餐搭配食用。它的果肉软糯，易于咬嚼，给人一种舒适的感觉。在水果类中，它的甜度和香气都是它的一大特点。玩家2说：这种水果多汁，核小。在水果类中，它的口感和味道最为香甜。这种水果的肉质柔滑，甜度适中，非常适合直接食用。它的香味浓郁，能够在水果中脱颖而出。这种水果的甜味非常独特，能够让人回味无穷。它的香味非常吸引人，常常让人忍不住想要品尝。玩家3说：这种水果皮薄，果肉细腻。在水果类中，它最突出的不同特征是它的纤维含量较低。这种水果通常呈现出一种独特的金黄色，质地软糯。在水果类中，它以其丰富的汁液和甜美的味道而受到喜爱。玩家4说：这种水果富含水分，口感清凉。在水果类中，它特别适合消暑解渴。这种水果水分充足，解渴效果显著。在水果类中，它以其清凉的口感和丰富的汁液而著称，非常适合在炎热的天气中食用。你是第3号玩家，你的关键词是<芒果>。你的回答中绝对不能包含你的关键词<芒果>。这是第三轮描述，你之前的描述是这种水果皮薄，果肉细腻。在水果类中，它最突出的不同特征是它的纤维含量较低。和这种水果通常呈现出一种独特的金黄色，质地软糯。在水果类中，它以其丰富的汁液和甜美的味道而受到喜爱。，注意，这局游戏的词语分类为<水果>，卧底词和平民词都属于该类，请你补充关于关键词的描述，注意，你的描述应该比起之前的描述更加贴近关键词，作为之前的补充
2024-12-13 13:09:34,610 - 3 - INFO - **********PLAYER3**********
这种水果的甜度适中，口感鲜美，是热带地区非常受欢迎的水果之一。它的果肉纤维较少，易于消化，非常适合作为日常零食。
2024-12-13 13:10:51,509 - 3 - INFO - **********JUDGER**********
玩家1说：这种水果通常是黄色或橙色的，形状圆滑。在水果类中，它最突出的不同特征是它独特的香味。这种水果的汁液丰富，可以直接食用，不需要剥皮去核，食用起来非常方便。在水果类中，它以其甜而不腻的口感而闻名。这种水果的甜味浓郁，能够散发出诱人的香气，适合作为早餐搭配食用。它的果肉软糯，易于咬嚼，给人一种舒适的感觉。在水果类中，它的甜度和香气都是它的一大特点。玩家2说：这种水果多汁，核小。在水果类中，它的口感和味道最为香甜。这种水果的肉质柔滑，甜度适中，非常适合直接食用。它的香味浓郁，能够在水果中脱颖而出。这种水果的甜味非常独特，能够让人回味无穷。它的香味非常吸引人，常常让人忍不住想要品尝。玩家3说：这种水果皮薄，果肉细腻。在水果类中，它最突出的不同特征是它的纤维含量较低。这种水果通常呈现出一种独特的金黄色，质地软糯。在水果类中，它以其丰富的汁液和甜美的味道而受到喜爱。这种水果的甜度适中，口感鲜美，是热带地区非常受欢迎的水果之一。它的果肉纤维较少，易于消化，非常适合作为日常零食。玩家4说：这种水果富含水分，口感清凉。在水果类中，它特别适合消暑解渴。这种水果水分充足，解渴效果显著。在水果类中，它以其清凉的口感和丰富的汁液而著称，非常适合在炎热的天气中食用。这种水果在炎热的季节里尤为受欢迎，它的肉质细腻，甜度适中，能够带来清凉的享受。它的外表光滑，颜色鲜艳，给人一种视觉上的愉悦。这种水果的解渴效果极佳，能够迅速补充体液，是夏日消暑的佳品。||在这个游戏中，我们需要通过分析每位玩家的描述来找出卧底。通常，平民的描述会围绕相同的词语展开，而卧底的描述可能会因为词语的不同而显得不太一致。我们需要仔细比较每个描述之间的相似性和差异性，以找出可能的卧底，注意，卧底并不会隐藏自己，他会直接描述他的词语，现在，逐一分析每个玩家的描述，注意，这局游戏的词语分类为<水果>，卧底词和平民词都属于该类。||之前是第3轮描述和之前轮数描述的合集。你之前认为的卧底是玩家4。
2024-12-13 13:11:01,243 - 3 - INFO - **********PLAYER3**********
根据玩家1、2、3和4的描述，以及之前的分析，以下是不一致之处：

1. 玩家1、2和3的描述都强调了水果的甜度适中、肉质柔滑、纤维含量低、汁液丰富、口感鲜美等特征，这些描述与常见的热带水果如芒果相符。

2. 玩家4的描述虽然也提到了汁液丰富和肉质细腻，但特别强调了水果的清凉口感和消暑解渴的效果，这与芒果的特征不完全一致，更像是西瓜或哈密瓜等夏季水果。

基于以上分析，玩家4的描述与其他玩家的描述存在不一致之处，特别是在强调消暑解渴的特性和清凉口感上，这可能是由于他持有的关键词与玩家1、2、3的关键词不同。因此，如果必须根据当前的描述来重新评估，玩家4的描述与其他玩家的描述不一致，这支持了他可能是卧底的推断。
2024-12-13 13:11:01,244 - 3 - INFO - **********JUDGER**********
你刚刚的分析是根据玩家1、2、3和4的描述，以及之前的分析，以下是不一致之处：

1. 玩家1、2和3的描述都强调了水果的甜度适中、肉质柔滑、纤维含量低、汁液丰富、口感鲜美等特征，这些描述与常见的热带水果如芒果相符。

2. 玩家4的描述虽然也提到了汁液丰富和肉质细腻，但特别强调了水果的清凉口感和消暑解渴的效果，这与芒果的特征不完全一致，更像是西瓜或哈密瓜等夏季水果。

基于以上分析，玩家4的描述与其他玩家的描述存在不一致之处，特别是在强调消暑解渴的特性和清凉口感上，这可能是由于他持有的关键词与玩家1、2、3的关键词不同。因此，如果必须根据当前的描述来重新评估，玩家4的描述与其他玩家的描述不一致，这支持了他可能是卧底的推断。|| `请根据上述分析，比较描述以找出不一致之处，注意，这局游戏的词语分类为<水果>，卧底词和平民词都属于该类。
2024-12-13 13:11:10,421 - 3 - INFO - **********PLAYER3**********
词分类为<水果>，卧底词和平民词都属于该类。以下是不一致之处：

1. 玩家1、2和3的描述都指向了类似的热带水果特征，如甜度适中、肉质柔滑、纤维含量低、汁液丰富、口感鲜美等，这与芒果的特征相符。

2. 玩家4的描述则强调了消暑解渴的效果和清凉口感，这与芒果的特征不完全一致，更像是西瓜或哈密瓜等夏季水果。

因此，不一致之处在于玩家4的描述在强调消暑解渴的特性和清凉口感上与其他玩家的描述存在差异。这可能是他持有的关键词与其他玩家不同，从而导致了描述上的不一致。因此，根据描述的不一致性，玩家4可能是卧底。
2024-12-13 13:11:10,423 - 3 - INFO - **********JUDGER**********
你刚刚的分析是词分类为<水果>，卧底词和平民词都属于该类。以下是不一致之处：

1. 玩家1、2和3的描述都指向了类似的热带水果特征，如甜度适中、肉质柔滑、纤维含量低、汁液丰富、口感鲜美等，这与芒果的特征相符。

2. 玩家4的描述则强调了消暑解渴的效果和清凉口感，这与芒果的特征不完全一致，更像是西瓜或哈密瓜等夏季水果。

因此，不一致之处在于玩家4的描述在强调消暑解渴的特性和清凉口感上与其他玩家的描述存在差异。这可能是他持有的关键词与其他玩家不同，从而导致了描述上的不一致。因此，根据描述的不一致性，玩家4可能是卧底。|| 请通过你分析的不一致之处，推断卧底身份，注意，这局游戏的词语分类为<水果>，卧底词和平民词都属于该类。
2024-12-13 13:11:11,885 - 3 - INFO - **********PLAYER3**********
4
2024-12-13 13:11:11,886 - 3 - INFO - **********JUDGER**********
你刚刚的推断是4|| 基于你刚刚的推断得出你的最终结论，请输出你认为的卧底，在这种情况下只需要输出编号，是1-4中的某个数字，不要输出其他信息。在这个过程不要进行任何推理，只对||以前的部分进行信息提取
2024-12-13 13:11:13,009 - 3 - INFO - **********PLAYER3**********
4
