2024-12-13 13:05:06,763 - 4 - INFO - **********JUDGER**********
让我们来玩一个叫做<谁是卧底>的推理游戏。基本规则：<人数>：4人。<角色分配>：每位玩家随机抽取一个词语，3名玩家拿到的词语是相同的（平民词），1名玩家拿到与之相近但不同的词语（卧底词）。<游戏流程>：1、玩家轮流描述自己的词语，但<不能>直接说出词语本身。2、描述完毕后，投票选出最像卧底的玩家。3、每轮结束后，被投票选出的玩家出局，不能再进行描述或投票。4、每轮投票结束后，如果卧底被成功找出，平民方获胜；如果卧底未被找出且卧底人数等于或超过平民人数，则卧底方获胜。你将扮演一个<玩家>，请等待你被分配到的关键词。如果你听懂了，只回答，"好的，我准备好参加游戏了"，不要输出别的信息
2024-12-13 13:05:07,513 - 4 - INFO - **********PLAYER4**********
好的，我准备好参加游戏了
2024-12-13 13:05:11,064 - 4 - INFO - **********JUDGER**********
玩家1说：这种水果通常是黄色或橙色的，形状圆滑。在水果类中，它最突出的不同特征是它独特的香味。玩家2说：这种水果多汁，核小。在水果类中，它的口感和味道最为香甜。玩家3说：这种水果皮薄，果肉细腻。在水果类中，它最突出的不同特征是它的纤维含量较低。玩家4说：|| 你是第4号玩家，你的关键词是<西瓜>。你的回答中绝对不能包含你的关键词<西瓜>。这是第一轮描述，不需要分析||之前别的玩家的描述，请你描述关键词基本特征，注意，这局游戏的词语分类为<水果>，卧底词和平民词都属于该类，描述包括以下两点，1.他的基本特征是什么2.他在该类（水果）中最突出不同的特征是什么，尽量简短
2024-12-13 13:05:11,943 - 4 - INFO - **********PLAYER4**********
这种水果富含水分，口感清凉。在水果类中，它特别适合消暑解渴。
2024-12-13 13:07:00,043 - 4 - INFO - **********JUDGER**********
玩家1说：这种水果通常是黄色或橙色的，形状圆滑。在水果类中，它最突出的不同特征是它独特的香味。玩家2说：这种水果多汁，核小。在水果类中，它的口感和味道最为香甜。玩家3说：这种水果皮薄，果肉细腻。在水果类中，它最突出的不同特征是它的纤维含量较低。玩家4说：||在这个游戏中，我们需要通过分析每位玩家的描述来找出卧底。通常，平民的描述会围绕相同的词语展开，而卧底的描述可能会因为词语的不同而显得不太一致。我们需要仔细比较每个描述之间的相似性和差异性，以找出可能的卧底，注意，卧底并不会隐藏自己，他会直接描述他的词语，现在，逐一分析每个玩家的描述，注意，这局游戏的词语分类为<水果>，卧底词和平民词都属于该类。这是第一轮描述。
2024-12-13 13:07:07,500 - 4 - INFO - **********PLAYER4**********
根据玩家1的描述，这种水果可能是橙子或柚子，因为它们通常是黄色或橙色的，形状圆滑，且具有独特的香味。

玩家2的描述提到这种水果多汁，核小，口感和味道香甜，这与橙子和柚子的特征相符。

玩家3的描述强调了这种水果皮薄，果肉细腻，纤维含量低，这也是橙子和柚子的特点。

玩家4的描述虽然简洁，但并未提供具体信息，因此难以判断。

综合来看，玩家1、2和3的描述都指向橙子或柚子这类水果，而玩家4没有给出具体特征，这可能会引起怀疑。不过，由于游戏规则中卧底可能会直接描述词语，所以也不能完全排除玩家4就是卧底的可能性。需要进一步观察和推理。
2024-12-13 13:07:07,504 - 4 - INFO - **********JUDGER**********
你刚刚的分析是根据玩家1的描述，这种水果可能是橙子或柚子，因为它们通常是黄色或橙色的，形状圆滑，且具有独特的香味。

玩家2的描述提到这种水果多汁，核小，口感和味道香甜，这与橙子和柚子的特征相符。

玩家3的描述强调了这种水果皮薄，果肉细腻，纤维含量低，这也是橙子和柚子的特点。

玩家4的描述虽然简洁，但并未提供具体信息，因此难以判断。

综合来看，玩家1、2和3的描述都指向橙子或柚子这类水果，而玩家4没有给出具体特征，这可能会引起怀疑。不过，由于游戏规则中卧底可能会直接描述词语，所以也不能完全排除玩家4就是卧底的可能性。需要进一步观察和推理。|| `请根据上述分析，比较描述以找出不一致之处，注意，这局游戏的词语分类为<水果>，卧底词和平民词都属于该类。
2024-12-13 13:07:16,345 - 4 - INFO - **********PLAYER4**********
在比较玩家1、2、3和4的描述时，我们可以注意到以下几点不一致之处：

1. 独特香味：
   - 玩家1提到了“独特的香味”，但没有具体说明这种香味是甜的还是酸的还是其他类型的。
   - 玩家2没有提到香味，而是直接强调了多汁、核小和香甜的口感。
   - 玩家3也没有提到香味，而是强调了皮薄、果肉细腻和纤维含量低。

2. 口感和味道：
   - 玩家2特别强调了“口感和味道最为香甜”，这与其他玩家的描述有所不同，因为他们没有具体提到味道的甜度。
   - 玩家3描述的是纤维含量低，这并没有直接关联到口感和味道。

3. 具体特征：
   - 玩家4的描述非常简略，没有提供任何具体特征，这与其他玩家详细描述水果特征的方式形成对比。

这些不一致之处可能表明玩家4的描述与玩家1、2、3的描述有所不同，因此玩家4可能是卧底。然而，由于卧底可能会故意隐藏或混淆信息，这些不一致之处也可能是平民玩家之间的不同描述风格或对水果特征的侧重不同所导致的。因此，需要更多的信息和进一步的推理来确定卧底的身份。
2024-12-13 13:07:16,347 - 4 - INFO - **********JUDGER**********
你刚刚的分析是在比较玩家1、2、3和4的描述时，我们可以注意到以下几点不一致之处：

1. 独特香味：
   - 玩家1提到了“独特的香味”，但没有具体说明这种香味是甜的还是酸的还是其他类型的。
   - 玩家2没有提到香味，而是直接强调了多汁、核小和香甜的口感。
   - 玩家3也没有提到香味，而是强调了皮薄、果肉细腻和纤维含量低。

2. 口感和味道：
   - 玩家2特别强调了“口感和味道最为香甜”，这与其他玩家的描述有所不同，因为他们没有具体提到味道的甜度。
   - 玩家3描述的是纤维含量低，这并没有直接关联到口感和味道。

3. 具体特征：
   - 玩家4的描述非常简略，没有提供任何具体特征，这与其他玩家详细描述水果特征的方式形成对比。

这些不一致之处可能表明玩家4的描述与玩家1、2、3的描述有所不同，因此玩家4可能是卧底。然而，由于卧底可能会故意隐藏或混淆信息，这些不一致之处也可能是平民玩家之间的不同描述风格或对水果特征的侧重不同所导致的。因此，需要更多的信息和进一步的推理来确定卧底的身份。|| 请通过你分析的不一致之处，推断卧底身份，注意，这局游戏的词语分类为<水果>，卧底词和平民词都属于该类。
2024-12-13 13:07:28,467 - 4 - INFO - **********PLAYER4**********
基于上述分析，以下是我的推断：

1. 玩家1、2和3的描述都集中在橙子或柚子的共同特征上，如颜色、形状、香味、多汁、核小、皮薄、果肉细腻和纤维含量低。这些描述之间的一致性表明他们可能持有相同的平民词。

2. 玩家4的描述相对简略，没有提供具体的特征，这与其他玩家的详细描述形成对比。这种简略的描述可能是一个线索，表明玩家4的词语可能与其他人不同。

3. 玩家2特别强调了“口感和味道最为香甜”，这可能与橙子或柚子的某些品种相关，但玩家1和3没有提到这一点，这可能表明玩家2的描述中包含了一些不寻常的信息。

4. 玩家3提到了“纤维含量较低”，这是一个与橙子和柚子相关的特征，但玩家2没有提到纤维含量，这可能是另一个不一致之处。

综合考虑，如果我们要找出卧底，玩家4可能是最可疑的，因为他们的描述最不具体，而且与其他玩家的详细描述形成鲜明对比。然而，玩家2的描述中包含的“最为香甜”这一特征也可能是一个误导，因为卧底可能会故意使用这样的描述来混淆视听。

因此，我的推断是玩家4可能是卧底，但玩家2的描述也可能需要进一步分析。需要更多的信息或者后续的描述来确认卧底的身份。
2024-12-13 13:07:28,473 - 4 - INFO - **********JUDGER**********
你刚刚的推断是基于上述分析，以下是我的推断：

1. 玩家1、2和3的描述都集中在橙子或柚子的共同特征上，如颜色、形状、香味、多汁、核小、皮薄、果肉细腻和纤维含量低。这些描述之间的一致性表明他们可能持有相同的平民词。

2. 玩家4的描述相对简略，没有提供具体的特征，这与其他玩家的详细描述形成对比。这种简略的描述可能是一个线索，表明玩家4的词语可能与其他人不同。

3. 玩家2特别强调了“口感和味道最为香甜”，这可能与橙子或柚子的某些品种相关，但玩家1和3没有提到这一点，这可能表明玩家2的描述中包含了一些不寻常的信息。

4. 玩家3提到了“纤维含量较低”，这是一个与橙子和柚子相关的特征，但玩家2没有提到纤维含量，这可能是另一个不一致之处。

综合考虑，如果我们要找出卧底，玩家4可能是最可疑的，因为他们的描述最不具体，而且与其他玩家的详细描述形成鲜明对比。然而，玩家2的描述中包含的“最为香甜”这一特征也可能是一个误导，因为卧底可能会故意使用这样的描述来混淆视听。

因此，我的推断是玩家4可能是卧底，但玩家2的描述也可能需要进一步分析。需要更多的信息或者后续的描述来确认卧底的身份。|| 基于你刚刚的推断得出你的最终结论，请输出你认为的卧底，在这种情况下只需要输出编号，是1-4中的某个数字，不要输出其他信息。在这个过程不要进行任何推理，只对||以前的部分进行信息提取
2024-12-13 13:07:29,506 - 4 - INFO - **********PLAYER4**********
4
2024-12-13 13:07:35,859 - 4 - INFO - **********JUDGER**********
玩家1说：这种水果通常是黄色或橙色的，形状圆滑。在水果类中，它最突出的不同特征是它独特的香味。这种水果的汁液丰富，可以直接食用，不需要剥皮去核，食用起来非常方便。在水果类中，它以其甜而不腻的口感而闻名。玩家2说：这种水果多汁，核小。在水果类中，它的口感和味道最为香甜。这种水果的肉质柔滑，甜度适中，非常适合直接食用。它的香味浓郁，能够在水果中脱颖而出。玩家3说：这种水果皮薄，果肉细腻。在水果类中，它最突出的不同特征是它的纤维含量较低。这种水果通常呈现出一种独特的金黄色，质地软糯。在水果类中，它以其丰富的汁液和甜美的味道而受到喜爱。玩家4说：这种水果富含水分，口感清凉。在水果类中，它特别适合消暑解渴。你是第4号玩家，你的关键词是<西瓜>。你的回答中绝对不能包含你的关键词<西瓜>。这是第二轮描述，你之前的描述是这种水果富含水分，口感清凉。在水果类中，它特别适合消暑解渴。，注意，这局游戏的词语分类为<水果>，卧底词和平民词都属于该类，请你补充关于关键词的描述，注意，你的描述应该比起之前的描述更加贴近关键词，作为之前的补充
2024-12-13 13:07:40,080 - 4 - INFO - **********PLAYER4**********
这种水果水分充足，解渴效果显著。在水果类中，它以其清凉的口感和丰富的汁液而著称，非常适合在炎热的天气中食用。
2024-12-13 13:08:54,674 - 4 - INFO - **********JUDGER**********
玩家1说：这种水果通常是黄色或橙色的，形状圆滑。在水果类中，它最突出的不同特征是它独特的香味。这种水果的汁液丰富，可以直接食用，不需要剥皮去核，食用起来非常方便。在水果类中，它以其甜而不腻的口感而闻名。玩家2说：这种水果多汁，核小。在水果类中，它的口感和味道最为香甜。这种水果的肉质柔滑，甜度适中，非常适合直接食用。它的香味浓郁，能够在水果中脱颖而出。玩家3说：这种水果皮薄，果肉细腻。在水果类中，它最突出的不同特征是它的纤维含量较低。这种水果通常呈现出一种独特的金黄色，质地软糯。在水果类中，它以其丰富的汁液和甜美的味道而受到喜爱。玩家4说：这种水果富含水分，口感清凉。在水果类中，它特别适合消暑解渴。||在这个游戏中，我们需要通过分析每位玩家的描述来找出卧底。通常，平民的描述会围绕相同的词语展开，而卧底的描述可能会因为词语的不同而显得不太一致。我们需要仔细比较每个描述之间的相似性和差异性，以找出可能的卧底，注意，卧底并不会隐藏自己，他会直接描述他的词语，现在，逐一分析每个玩家的描述，注意，这局游戏的词语分类为<水果>，卧底词和平民词都属于该类。||之前是第2轮描述和之前轮数描述的合集。你之前认为的卧底是玩家4。
2024-12-13 13:09:08,812 - 4 - INFO - **********PLAYER4**********
根据玩家1、2、3和4的描述，以下是我的分析：

玩家1的描述提到了黄色或橙色的水果，独特的香味，汁液丰富，甜而不腻，不需要剥皮去核，适合直接食用。

玩家2的描述强调了多汁、核小、口感和味道香甜，肉质柔滑，甜度适中，香味浓郁。

玩家3的描述提到皮薄、果肉细腻，纤维含量低，独特的金黄色，质地软糯，丰富的汁液和甜美的味道。

玩家4的描述提到富含水分，口感清凉，特别适合消暑解渴。

从描述的一致性来看，玩家1、2和3的描述都指向了类似的水果，如橙子或柚子，它们都有丰富的汁液、甜美的味道和独特的香味。玩家4的描述虽然也提到了水分和清凉感，但没有提及甜味或香味，这与玩家1、2和3的描述有所不同。

由于玩家4的描述在甜味和香味方面与其他玩家不一致，且没有提及肉质柔滑、核小等特征，这可能导致玩家4的描述与其他玩家相比显得不太一致。因此，基于之前的推断，玩家4仍然是最可疑的，可能是卧底。然而，由于卧底可能会故意隐藏或混淆信息，这只是一个基于描述差异的初步分析。需要更多的信息或者后续的描述来进一步确认卧底的身份。
2024-12-13 13:09:08,814 - 4 - INFO - **********JUDGER**********
你刚刚的分析是根据玩家1、2、3和4的描述，以下是我的分析：

玩家1的描述提到了黄色或橙色的水果，独特的香味，汁液丰富，甜而不腻，不需要剥皮去核，适合直接食用。

玩家2的描述强调了多汁、核小、口感和味道香甜，肉质柔滑，甜度适中，香味浓郁。

玩家3的描述提到皮薄、果肉细腻，纤维含量低，独特的金黄色，质地软糯，丰富的汁液和甜美的味道。

玩家4的描述提到富含水分，口感清凉，特别适合消暑解渴。

从描述的一致性来看，玩家1、2和3的描述都指向了类似的水果，如橙子或柚子，它们都有丰富的汁液、甜美的味道和独特的香味。玩家4的描述虽然也提到了水分和清凉感，但没有提及甜味或香味，这与玩家1、2和3的描述有所不同。

由于玩家4的描述在甜味和香味方面与其他玩家不一致，且没有提及肉质柔滑、核小等特征，这可能导致玩家4的描述与其他玩家相比显得不太一致。因此，基于之前的推断，玩家4仍然是最可疑的，可能是卧底。然而，由于卧底可能会故意隐藏或混淆信息，这只是一个基于描述差异的初步分析。需要更多的信息或者后续的描述来进一步确认卧底的身份。|| `请根据上述分析，比较描述以找出不一致之处，注意，这局游戏的词语分类为<水果>，卧底词和平民词都属于该类。
2024-12-13 13:09:19,803 - 4 - INFO - **********PLAYER4**********
根据上述分析，以下是一致性和不一致之处的比较：

一致之处：
- 所有玩家都提到了水果的汁液丰富和甜美的味道。
- 玩家1、2、3都提到了水果的核小或无需剥皮去核的特点。
- 玩家3和4都提到了水果的清凉感和适合消暑解渴的特点。

不一致之处：
- 玩家1、2、3的描述中提到了水果的黄色或橙色、独特的香味、肉质柔滑、纤维含量低等特征，而玩家4没有提到这些特征。
- 玩家2特别强调了水果的口感和味道最为香甜，而玩家1和3没有提到“最为香甜”。
- 玩家3提到了水果的皮薄和质地软糯，而玩家1和4没有提到这些特征。
- 玩家4的描述主要集中在清凉感和消暑解渴上，而没有提及甜味、香味、肉质柔滑等特征。

这些不一致之处表明玩家4的描述可能在某些关键特征上与其他玩家的描述不匹配，这可能是由于玩家4的词语与其他人不同，因此玩家4可能是卧底。
2024-12-13 13:09:19,808 - 4 - INFO - **********JUDGER**********
你刚刚的分析是根据上述分析，以下是一致性和不一致之处的比较：

一致之处：
- 所有玩家都提到了水果的汁液丰富和甜美的味道。
- 玩家1、2、3都提到了水果的核小或无需剥皮去核的特点。
- 玩家3和4都提到了水果的清凉感和适合消暑解渴的特点。

不一致之处：
- 玩家1、2、3的描述中提到了水果的黄色或橙色、独特的香味、肉质柔滑、纤维含量低等特征，而玩家4没有提到这些特征。
- 玩家2特别强调了水果的口感和味道最为香甜，而玩家1和3没有提到“最为香甜”。
- 玩家3提到了水果的皮薄和质地软糯，而玩家1和4没有提到这些特征。
- 玩家4的描述主要集中在清凉感和消暑解渴上，而没有提及甜味、香味、肉质柔滑等特征。

这些不一致之处表明玩家4的描述可能在某些关键特征上与其他玩家的描述不匹配，这可能是由于玩家4的词语与其他人不同，因此玩家4可能是卧底。|| 请通过你分析的不一致之处，推断卧底身份，注意，这局游戏的词语分类为<水果>，卧底词和平民词都属于该类。
2024-12-13 13:09:27,374 - 4 - INFO - **********PLAYER4**********
基于上述分析的不一致之处，我的推断是玩家4可能是卧底。原因如下：

- 玩家4的描述没有提到与其他玩家描述中共同出现的特征，如黄色或橙色、独特的香味、肉质柔滑、纤维含量低等。
- 玩家4的描述主要集中在清凉感和消暑解渴上，这与玩家1、2、3提到的甜味、香味、肉质等特征不一致。
- 玩家4的描述缺乏对水果口感和味道的具体描述，而玩家1、2、3都提到了这些细节。

因此，考虑到这些不一致之处，玩家4的描述与其他玩家描述的不匹配程度较高，这增加了玩家4是卧底的可能性。
2024-12-13 13:09:27,376 - 4 - INFO - **********JUDGER**********
你刚刚的推断是基于上述分析的不一致之处，我的推断是玩家4可能是卧底。原因如下：

- 玩家4的描述没有提到与其他玩家描述中共同出现的特征，如黄色或橙色、独特的香味、肉质柔滑、纤维含量低等。
- 玩家4的描述主要集中在清凉感和消暑解渴上，这与玩家1、2、3提到的甜味、香味、肉质等特征不一致。
- 玩家4的描述缺乏对水果口感和味道的具体描述，而玩家1、2、3都提到了这些细节。

因此，考虑到这些不一致之处，玩家4的描述与其他玩家描述的不匹配程度较高，这增加了玩家4是卧底的可能性。|| 基于你刚刚的推断得出你的最终结论，请输出你认为的卧底，在这种情况下只需要输出编号，是1-4中的某个数字，不要输出其他信息。在这个过程不要进行任何推理，只对||以前的部分进行信息提取
2024-12-13 13:09:28,516 - 4 - INFO - **********PLAYER4**********
4
2024-12-13 13:09:34,610 - 4 - INFO - **********JUDGER**********
玩家1说：这种水果通常是黄色或橙色的，形状圆滑。在水果类中，它最突出的不同特征是它独特的香味。这种水果的汁液丰富，可以直接食用，不需要剥皮去核，食用起来非常方便。在水果类中，它以其甜而不腻的口感而闻名。这种水果的甜味浓郁，能够散发出诱人的香气，适合作为早餐搭配食用。它的果肉软糯，易于咬嚼，给人一种舒适的感觉。在水果类中，它的甜度和香气都是它的一大特点。玩家2说：这种水果多汁，核小。在水果类中，它的口感和味道最为香甜。这种水果的肉质柔滑，甜度适中，非常适合直接食用。它的香味浓郁，能够在水果中脱颖而出。这种水果的甜味非常独特，能够让人回味无穷。它的香味非常吸引人，常常让人忍不住想要品尝。玩家3说：这种水果皮薄，果肉细腻。在水果类中，它最突出的不同特征是它的纤维含量较低。这种水果通常呈现出一种独特的金黄色，质地软糯。在水果类中，它以其丰富的汁液和甜美的味道而受到喜爱。这种水果的甜度适中，口感鲜美，是热带地区非常受欢迎的水果之一。它的果肉纤维较少，易于消化，非常适合作为日常零食。玩家4说：这种水果富含水分，口感清凉。在水果类中，它特别适合消暑解渴。这种水果水分充足，解渴效果显著。在水果类中，它以其清凉的口感和丰富的汁液而著称，非常适合在炎热的天气中食用。你是第4号玩家，你的关键词是<西瓜>。你的回答中绝对不能包含你的关键词<西瓜>。这是第三轮描述，你之前的描述是这种水果富含水分，口感清凉。在水果类中，它特别适合消暑解渴。和这种水果水分充足，解渴效果显著。在水果类中，它以其清凉的口感和丰富的汁液而著称，非常适合在炎热的天气中食用。，注意，这局游戏的词语分类为<水果>，卧底词和平民词都属于该类，请你补充关于关键词的描述，注意，你的描述应该比起之前的描述更加贴近关键词，作为之前的补充
2024-12-13 13:09:38,425 - 4 - INFO - **********PLAYER4**********
这种水果在炎热的季节里尤为受欢迎，它的肉质细腻，甜度适中，能够带来清凉的享受。它的外表光滑，颜色鲜艳，给人一种视觉上的愉悦。这种水果的解渴效果极佳，能够迅速补充体液，是夏日消暑的佳品。
2024-12-13 13:11:13,011 - 4 - INFO - **********JUDGER**********
玩家1说：这种水果通常是黄色或橙色的，形状圆滑。在水果类中，它最突出的不同特征是它独特的香味。这种水果的汁液丰富，可以直接食用，不需要剥皮去核，食用起来非常方便。在水果类中，它以其甜而不腻的口感而闻名。这种水果的甜味浓郁，能够散发出诱人的香气，适合作为早餐搭配食用。它的果肉软糯，易于咬嚼，给人一种舒适的感觉。在水果类中，它的甜度和香气都是它的一大特点。玩家2说：这种水果多汁，核小。在水果类中，它的口感和味道最为香甜。这种水果的肉质柔滑，甜度适中，非常适合直接食用。它的香味浓郁，能够在水果中脱颖而出。这种水果的甜味非常独特，能够让人回味无穷。它的香味非常吸引人，常常让人忍不住想要品尝。玩家3说：这种水果皮薄，果肉细腻。在水果类中，它最突出的不同特征是它的纤维含量较低。这种水果通常呈现出一种独特的金黄色，质地软糯。在水果类中，它以其丰富的汁液和甜美的味道而受到喜爱。这种水果的甜度适中，口感鲜美，是热带地区非常受欢迎的水果之一。它的果肉纤维较少，易于消化，非常适合作为日常零食。玩家4说：这种水果富含水分，口感清凉。在水果类中，它特别适合消暑解渴。这种水果水分充足，解渴效果显著。在水果类中，它以其清凉的口感和丰富的汁液而著称，非常适合在炎热的天气中食用。这种水果在炎热的季节里尤为受欢迎，它的肉质细腻，甜度适中，能够带来清凉的享受。它的外表光滑，颜色鲜艳，给人一种视觉上的愉悦。这种水果的解渴效果极佳，能够迅速补充体液，是夏日消暑的佳品。||在这个游戏中，我们需要通过分析每位玩家的描述来找出卧底。通常，平民的描述会围绕相同的词语展开，而卧底的描述可能会因为词语的不同而显得不太一致。我们需要仔细比较每个描述之间的相似性和差异性，以找出可能的卧底，注意，卧底并不会隐藏自己，他会直接描述他的词语，现在，逐一分析每个玩家的描述，注意，这局游戏的词语分类为<水果>，卧底词和平民词都属于该类。||之前是第3轮描述和之前轮数描述的合集。你之前认为的卧底是玩家4。
2024-12-13 13:11:30,695 - 4 - INFO - **********PLAYER4**********
根据玩家1、2、3和4的描述，以下是我的分析：

玩家1的描述中提到的水果是黄色或橙色的，有独特的香味，汁液丰富，甜而不腻，适合直接食用，甜味浓郁，果肉软糯，适合作为早餐搭配食用。

玩家2的描述中提到的水果是多汁、核小，口感和味道香甜，肉质柔滑，甜度适中，香味浓郁，甜味独特，香味吸引人。

玩家3的描述中提到的水果是皮薄，果肉细腻，纤维含量低，金黄色，质地软糯，汁液丰富，甜度适中，口感鲜美，适合作为日常零食。

玩家4的描述中提到的水果是富含水分，口感清凉，适合消暑解渴，肉质细腻，甜度适中，外表光滑，颜色鲜艳，解渴效果极佳。

从描述的一致性来看，玩家1、2和3的描述都指向了类似的水果，如橙子或柚子，它们都有丰富的汁液、甜美的味道、独特的香味和肉质特点。玩家4的描述虽然也提到了水分和清凉感，但没有提及甜味、香味或肉质特点，这与玩家1、2、3的描述有所不同。

由于玩家4的描述在甜味、香味和肉质特点方面与其他玩家的描述不一致，这可能导致玩家4的描述与其他玩家相比显得不太一致。因此，基于之前的推断，玩家4仍然是最可疑的，可能是卧底。然而，由于卧底可能会故意隐藏或混淆信息，这只是一个基于描述差异的初步分析。需要更多的信息或者后续的描述来进一步确认卧底的身份。
2024-12-13 13:11:30,697 - 4 - INFO - **********JUDGER**********
你刚刚的分析是根据玩家1、2、3和4的描述，以下是我的分析：

玩家1的描述中提到的水果是黄色或橙色的，有独特的香味，汁液丰富，甜而不腻，适合直接食用，甜味浓郁，果肉软糯，适合作为早餐搭配食用。

玩家2的描述中提到的水果是多汁、核小，口感和味道香甜，肉质柔滑，甜度适中，香味浓郁，甜味独特，香味吸引人。

玩家3的描述中提到的水果是皮薄，果肉细腻，纤维含量低，金黄色，质地软糯，汁液丰富，甜度适中，口感鲜美，适合作为日常零食。

玩家4的描述中提到的水果是富含水分，口感清凉，适合消暑解渴，肉质细腻，甜度适中，外表光滑，颜色鲜艳，解渴效果极佳。

从描述的一致性来看，玩家1、2和3的描述都指向了类似的水果，如橙子或柚子，它们都有丰富的汁液、甜美的味道、独特的香味和肉质特点。玩家4的描述虽然也提到了水分和清凉感，但没有提及甜味、香味或肉质特点，这与玩家1、2、3的描述有所不同。

由于玩家4的描述在甜味、香味和肉质特点方面与其他玩家的描述不一致，这可能导致玩家4的描述与其他玩家相比显得不太一致。因此，基于之前的推断，玩家4仍然是最可疑的，可能是卧底。然而，由于卧底可能会故意隐藏或混淆信息，这只是一个基于描述差异的初步分析。需要更多的信息或者后续的描述来进一步确认卧底的身份。|| `请根据上述分析，比较描述以找出不一致之处，注意，这局游戏的词语分类为<水果>，卧底词和平民词都属于该类。
2024-12-13 13:11:46,703 - 4 - INFO - **********PLAYER4**********
根据上述分析，以下是不一致之处的比较：

1. 独特的香味：
   - 玩家1和玩家2都提到了水果的独特香味。
   - 玩家3的描述中没有提到香味。
   - 玩家4的描述中没有提到香味。

2. 甜味和口感：
   - 玩家1、2和3都提到了水果的甜味，但玩家1强调了甜而不腻，玩家2强调了甜度适中，玩家3提到了甜度适中且口感鲜美。
   - 玩家4的描述中没有提到甜味，只提到了口感清凉。

3. 肉质和纤维含量：
   - 玩家1提到了果肉软糯，易于咬嚼。
   - 玩家2提到了肉质柔滑。
   - 玩家3提到了果肉细腻，纤维含量低，质地软糯，易于消化。
   - 玩家4的描述中没有提到肉质和纤维含量。

4. 外观描述：
   - 玩家1和玩家3提到了水果的颜色（黄色或橙色，金黄色）。
   - 玩家2和玩家4没有提到颜色。

这些不一致之处表明玩家4的描述在甜味、香味、肉质和外观描述方面与其他玩家的描述有所不同，这可能是由于玩家4的词语与其他人不同，因此玩家4可能是卧底。
2024-12-13 13:11:46,706 - 4 - INFO - **********JUDGER**********
你刚刚的分析是根据上述分析，以下是不一致之处的比较：

1. 独特的香味：
   - 玩家1和玩家2都提到了水果的独特香味。
   - 玩家3的描述中没有提到香味。
   - 玩家4的描述中没有提到香味。

2. 甜味和口感：
   - 玩家1、2和3都提到了水果的甜味，但玩家1强调了甜而不腻，玩家2强调了甜度适中，玩家3提到了甜度适中且口感鲜美。
   - 玩家4的描述中没有提到甜味，只提到了口感清凉。

3. 肉质和纤维含量：
   - 玩家1提到了果肉软糯，易于咬嚼。
   - 玩家2提到了肉质柔滑。
   - 玩家3提到了果肉细腻，纤维含量低，质地软糯，易于消化。
   - 玩家4的描述中没有提到肉质和纤维含量。

4. 外观描述：
   - 玩家1和玩家3提到了水果的颜色（黄色或橙色，金黄色）。
   - 玩家2和玩家4没有提到颜色。

这些不一致之处表明玩家4的描述在甜味、香味、肉质和外观描述方面与其他玩家的描述有所不同，这可能是由于玩家4的词语与其他人不同，因此玩家4可能是卧底。|| 请通过你分析的不一致之处，推断卧底身份，注意，这局游戏的词语分类为<水果>，卧底词和平民词都属于该类。
2024-12-13 13:11:48,088 - 4 - INFO - **********PLAYER4**********
4
2024-12-13 13:11:48,089 - 4 - INFO - **********JUDGER**********
你刚刚的推断是4|| 基于你刚刚的推断得出你的最终结论，请输出你认为的卧底，在这种情况下只需要输出编号，是1-4中的某个数字，不要输出其他信息。在这个过程不要进行任何推理，只对||以前的部分进行信息提取
2024-12-13 13:11:50,102 - 4 - INFO - **********PLAYER4**********
4
2024-12-13 13:11:50,103 - 4 - INFO - **********JUDGER**********
你认为卧底是你自己。你现在需要随便选一个人投票。请输出一个数字，是1-4中的某个数字，但这个数字不能是4，不要输出其他信息。
2024-12-13 13:11:51,583 - 4 - INFO - **********PLAYER4**********
1
