2024-12-12 21:41:08,943 - 1 - INFO - **********JUDGER**********
让我们来玩一个叫做<谁是卧底>的推理游戏。基本规则：<人数>：4人。<角色分配>：每位玩家随机抽取一个词语，3名玩家拿到的词语是相同的（平民词），1名玩家拿到与之相近但不同的词语（卧底词）。<游戏流程>：1、玩家轮流描述自己的词语，但<不能>直接说出词语本身。2、描述完毕后，投票选出最像卧底的玩家。3、每轮结束后，被投票选出的玩家出局，不能再进行描述或投票。4、每轮投票结束后，如果卧底被成功找出，平民方获胜；如果卧底未被找出且卧底人数等于或超过平民人数，则卧底方获胜。你将扮演一个<玩家>，请等待你被分配到的关键词。如果你听懂了，只回答，"好的，我准备好参加游戏了"，不要输出别的信息
2024-12-12 21:41:09,527 - 1 - INFO - **********PLAYER1**********
好的，我准备好参加游戏了
2024-12-12 21:41:12,435 - 1 - INFO - **********JUDGER**********
玩家1说：玩家2说：玩家3说：玩家4说：|| 你是第1号玩家，你的关键词是<老虎>。你的回答中绝对不能包含你的关键词<老虎>。这是第一轮描述，不需要分析||之前别的玩家的描述，请你描述关键词基本特征，注意，这局游戏的词语分类为<动物>，卧底词和平民词都属于该类，描述包括以下两点，1.他的基本特征是什么2.他在该类（动物）中最突出不同的特征是什么，尽量简短
2024-12-12 21:41:13,613 - 1 - INFO - **********PLAYER1**********
这是一种大型猫科动物，拥有强大的肌肉和锋利的爪牙。它在猫科动物中以其威猛的形象和独特的条纹图案而闻名。
2024-12-12 21:41:19,555 - 1 - INFO - **********JUDGER**********
玩家1说：这是一种大型猫科动物，拥有强大的肌肉和锋利的爪牙。它在猫科动物中以其威猛的形象和独特的条纹图案而闻名。玩家2说：这种动物体型庞大，四肢强健，拥有金黄色的皮毛和黑色条纹，给人一种威严的感觉。在同类中，它以其强大的领地意识和独特的条纹作为最显著的不同特征。玩家3说：这种动物体型较大，拥有健壮的体格和敏锐的感官。它在同类中以其独特的斑纹而著名，这些斑纹有助于它在自然界中伪装和狩猎。玩家4说：||在这个游戏中，我们需要通过分析每位玩家的描述来找出卧底。通常，平民的描述会围绕相同的词语展开，而卧底的描述可能会因为词语的不同而显得不太一致。我们需要仔细比较每个描述之间的相似性和差异性，以找出可能的卧底，注意，卧底并不会隐藏自己，他会直接描述他的词语，现在，逐一分析每个玩家的描述，注意，这局游戏的词语分类为<动物>，卧底词和平民词都属于该类。这是第一轮描述。
2024-12-12 21:41:25,314 - 1 - INFO - **********PLAYER1**********
好的，我准备好根据其他玩家的描述来推理了。在第一轮描述中，玩家1、玩家2和玩家3的描述都指向了具有金黄色皮毛和黑色条纹的大型猫科动物，这符合老虎的特征。而玩家4的描述则提到了斑纹有助于伪装和狩猎，这同样与老虎的特征相符。不过，玩家4的描述中提到了“在这个游戏中”，这可能是卧底试图通过提供游戏规则的信息来引导其他玩家注意他的描述。

由于所有玩家的描述都围绕相同或相似的特征展开，目前没有明显的不同点来指向卧底。因此，我无法根据第一轮的描述来确定谁是卧底。我们需要更多的信息和描述来进行进一步的推理。
2024-12-12 21:41:25,314 - 1 - INFO - **********JUDGER**********
你刚刚的分析是好的，我准备好根据其他玩家的描述来推理了。在第一轮描述中，玩家1、玩家2和玩家3的描述都指向了具有金黄色皮毛和黑色条纹的大型猫科动物，这符合老虎的特征。而玩家4的描述则提到了斑纹有助于伪装和狩猎，这同样与老虎的特征相符。不过，玩家4的描述中提到了“在这个游戏中”，这可能是卧底试图通过提供游戏规则的信息来引导其他玩家注意他的描述。

由于所有玩家的描述都围绕相同或相似的特征展开，目前没有明显的不同点来指向卧底。因此，我无法根据第一轮的描述来确定谁是卧底。我们需要更多的信息和描述来进行进一步的推理。|| `请根据上述分析，比较描述以找出不一致之处，注意，这局游戏的词语分类为<动物>，卧底词和平民词都属于该类。
2024-12-12 21:41:30,993 - 1 - INFO - **********PLAYER1**********
根据上述分析，我们可以注意到以下几点：

1. 玩家1、玩家2和玩家3的描述都集中在了老虎的特征上，强调了它的体型、肌肉、爪牙、皮毛颜色和条纹，以及它在猫科动物中的威猛形象。

2. 玩家4的描述也提到了老虎的斑纹和伪装能力，这与老虎的特征相符，但是玩家4的描述中特别提到了“在这个游戏中”，这可能是卧底试图通过这种方式引起注意。

不一致之处可能在于玩家4的描述方式，他似乎在强调游戏本身，而不是仅仅描述老虎的特征。这种对游戏规则的提及可能是卧底试图混淆视听的策略。然而，由于所有玩家的描述都在谈论老虎的特征，这并不足以直接确定玩家4是卧底。

为了进一步推理，我们需要更多的描述和可能的线索。如果玩家4在接下来的描述中继续提及游戏或与老虎特征无关的信息，那么这可能是一个指向卧底的重要线索。如果其他玩家在描述中出现了与老虎特征不匹配的信息，那么这也可能是卧底的一个标志。在没有更多描述的情况下，我们无法确定玩家4是否是卧底。
2024-12-12 21:41:30,995 - 1 - INFO - **********JUDGER**********
你刚刚的分析是根据上述分析，我们可以注意到以下几点：

1. 玩家1、玩家2和玩家3的描述都集中在了老虎的特征上，强调了它的体型、肌肉、爪牙、皮毛颜色和条纹，以及它在猫科动物中的威猛形象。

2. 玩家4的描述也提到了老虎的斑纹和伪装能力，这与老虎的特征相符，但是玩家4的描述中特别提到了“在这个游戏中”，这可能是卧底试图通过这种方式引起注意。

不一致之处可能在于玩家4的描述方式，他似乎在强调游戏本身，而不是仅仅描述老虎的特征。这种对游戏规则的提及可能是卧底试图混淆视听的策略。然而，由于所有玩家的描述都在谈论老虎的特征，这并不足以直接确定玩家4是卧底。

为了进一步推理，我们需要更多的描述和可能的线索。如果玩家4在接下来的描述中继续提及游戏或与老虎特征无关的信息，那么这可能是一个指向卧底的重要线索。如果其他玩家在描述中出现了与老虎特征不匹配的信息，那么这也可能是卧底的一个标志。在没有更多描述的情况下，我们无法确定玩家4是否是卧底。|| 请通过你分析的不一致之处，推断卧底身份，注意，这局游戏的词语分类为<动物>，卧底词和平民词都属于该类。
2024-12-12 21:41:38,517 - 1 - INFO - **********PLAYER1**********
基于上述分析，我们可以推断以下可能性：

1. 玩家4的描述中特别提到了“在这个游戏中”，这可能与游戏规则无关，而是卧底试图通过这种方式引起注意，可能是为了掩盖他描述的不寻常之处。

2. 玩家1、玩家2和玩家3的描述都集中在老虎的典型特征上，没有提到任何与游戏相关的信息，这表明他们的描述可能是基于相同的平民词。

3. 玩家4的描述虽然提到了老虎的特征，但他的描述方式似乎带有一种额外的意图，即提及游戏本身，这可能与他的卧底身份有关。

考虑到这些点，如果游戏规则确实要求卧底不能隐藏自己，并且卧底词和平民词都属于同一类（动物），那么玩家4的描述中提及游戏可能是他试图通过这种方式来暗示他的不同身份。这种策略可能是为了在后续的描述中通过与其他玩家描述的差异来暴露自己。

因此，基于这些不一致之处，玩家4可能是卧底。他的描述方式和对游戏规则的提及可能是他试图引导其他玩家注意他的不同，从而在接下来的轮次中被投票出局。
2024-12-12 21:41:38,518 - 1 - INFO - **********JUDGER**********
你刚刚的推断是基于上述分析，我们可以推断以下可能性：

1. 玩家4的描述中特别提到了“在这个游戏中”，这可能与游戏规则无关，而是卧底试图通过这种方式引起注意，可能是为了掩盖他描述的不寻常之处。

2. 玩家1、玩家2和玩家3的描述都集中在老虎的典型特征上，没有提到任何与游戏相关的信息，这表明他们的描述可能是基于相同的平民词。

3. 玩家4的描述虽然提到了老虎的特征，但他的描述方式似乎带有一种额外的意图，即提及游戏本身，这可能与他的卧底身份有关。

考虑到这些点，如果游戏规则确实要求卧底不能隐藏自己，并且卧底词和平民词都属于同一类（动物），那么玩家4的描述中提及游戏可能是他试图通过这种方式来暗示他的不同身份。这种策略可能是为了在后续的描述中通过与其他玩家描述的差异来暴露自己。

因此，基于这些不一致之处，玩家4可能是卧底。他的描述方式和对游戏规则的提及可能是他试图引导其他玩家注意他的不同，从而在接下来的轮次中被投票出局。|| 基于你刚刚的推断得出你的最终结论，请输出你认为的卧底，在这种情况下只需要输出编号，是1-4中的某个数字，不要输出其他信息。在这个过程不要进行任何推理，只对||以前的部分进行信息提取
2024-12-12 21:41:39,513 - 1 - INFO - **********PLAYER1**********
4
2024-12-12 21:42:35,216 - 1 - INFO - **********JUDGER**********
玩家1说：这是一种大型猫科动物，拥有强大的肌肉和锋利的爪牙。它在猫科动物中以其威猛的形象和独特的条纹图案而闻名。玩家2说：这种动物体型庞大，四肢强健，拥有金黄色的皮毛和黑色条纹，给人一种威严的感觉。在同类中，它以其强大的领地意识和独特的条纹作为最显著的不同特征。玩家3说：这种动物体型较大，拥有健壮的体格和敏锐的感官。它在同类中以其独特的斑纹而著名，这些斑纹有助于它在自然界中伪装和狩猎。玩家4说：这种动物通常有着强健的体格和尖锐的爪牙，它们在同类中以其强大的力量和领地意识著称。在它们的种群中，它们以其独特的条纹或斑纹为最显著的不同特征。你是第1号玩家，你的关键词是<老虎>。你的回答中绝对不能包含你的关键词<老虎>。这是第二轮描述，你之前的描述是这是一种大型猫科动物，拥有强大的肌肉和锋利的爪牙。它在猫科动物中以其威猛的形象和独特的条纹图案而闻名。，注意，这局游戏的词语分类为<动物>，卧底词和平民词都属于该类，请你补充关于关键词的描述，注意，你的描述应该比起之前的描述更加贴近关键词，作为之前的补充
2024-12-12 21:42:36,425 - 1 - INFO - **********PLAYER1**********
这种动物以其卓越的捕猎技巧和力量而著称，它在同类中独树一帜，拥有独一无二的条纹，这些条纹不仅美观，而且在狩猎时有助于隐蔽。
2024-12-12 21:42:47,172 - 1 - INFO - **********JUDGER**********
玩家1说：这是一种大型猫科动物，拥有强大的肌肉和锋利的爪牙。它在猫科动物中以其威猛的形象和独特的条纹图案而闻名。这种动物以其卓越的捕猎技巧和力量而著称，它在同类中独树一帜，拥有独一无二的条纹，这些条纹不仅美观，而且在狩猎时有助于隐蔽。玩家2说：这种动物体型庞大，四肢强健，拥有金黄色的皮毛和黑色条纹，给人一种威严的感觉。在同类中，它以其强大的领地意识和独特的条纹作为最显著的不同特征。这种动物在同类中以其出色的狩猎能力和强大的力量闻名，它们在领地中表现出强烈的保护性，这种特性使得它们在同类中显得格外突出。它们的皮毛带有独特的图案，这些图案在自然界中提供了良好的伪装效果，有助于它们在狩猎时更加隐蔽。玩家3说：这种动物体型较大，拥有健壮的体格和敏锐的感官。它在同类中以其独特的斑纹而著名，这些斑纹有助于它在自然界中伪装和狩猎。这种动物以其优雅的身姿和敏捷的身手而著称，它们在捕猎时展现出卓越的技巧。在同类中，它们以其出色的速度和力量而闻名，能够在短时间内迅速捕捉猎物。这种动物在自然界中的独特条纹不仅是美观的象征，也是它们生存的关键，这些条纹使得它们能够在丛林中完美融入，成为狩猎时的隐形者。玩家4说：这种动物通常有着强健的体格和尖锐的爪牙，它们在同类中以其强大的力量和领地意识著称。在它们的种群中，它们以其独特的条纹或斑纹为最显著的不同特征。||在这个游戏中，我们需要通过分析每位玩家的描述来找出卧底。通常，平民的描述会围绕相同的词语展开，而卧底的描述可能会因为词语的不同而显得不太一致。我们需要仔细比较每个描述之间的相似性和差异性，以找出可能的卧底，注意，卧底并不会隐藏自己，他会直接描述他的词语，现在，逐一分析每个玩家的描述，注意，这局游戏的词语分类为<动物>，卧底词和平民词都属于该类。||之前是第2轮描述和之前轮数描述的合集。你之前认为的卧底是玩家4。
2024-12-12 21:42:47,914 - 1 - INFO - **********PLAYER1**********
4
2024-12-12 21:42:47,914 - 1 - INFO - **********JUDGER**********
你刚刚的分析是4|| `请根据上述分析，比较描述以找出不一致之处，注意，这局游戏的词语分类为<动物>，卧底词和平民词都属于该类。
2024-12-12 21:42:54,722 - 1 - INFO - **********PLAYER1**********
根据上述分析，以下是不一致之处：

1. 玩家1、玩家2、玩家3和玩家4的描述都提到了动物体型较大、拥有强健的体格、敏锐的感官、独特的条纹或斑纹、威猛的形象、强大的力量和领地意识等特征。

2. 玩家2和玩家4的描述中特别强调了动物的领地意识和保护性，而玩家1和玩家3的描述则更侧重于捕猎技巧和速度。

3. 玩家2和玩家4的描述中都提到了动物在自然界中提供的伪装效果，而玩家1和玩家3的描述则更强调了动物的优雅身姿和敏捷身手。

4. 玩家4的描述中提到了“尖锐的爪牙”，而玩家1、玩家2和玩家3的描述中则没有特别强调爪牙的尖锐性。

5. 玩家2和玩家4的描述中都提到了动物在同类中的突出特征，而玩家1和玩家3的描述则更侧重于动物在自然界中的生存能力。

尽管这些描述存在一些差异，但它们都围绕着动物的基本特征和生存技能展开，没有明显的特征指向某个特定的动物。因此，从这些描述中找出不一致之处并不容易，除非有更多的线索或描述来进一步区分。
2024-12-12 21:42:54,723 - 1 - INFO - **********JUDGER**********
你刚刚的分析是根据上述分析，以下是不一致之处：

1. 玩家1、玩家2、玩家3和玩家4的描述都提到了动物体型较大、拥有强健的体格、敏锐的感官、独特的条纹或斑纹、威猛的形象、强大的力量和领地意识等特征。

2. 玩家2和玩家4的描述中特别强调了动物的领地意识和保护性，而玩家1和玩家3的描述则更侧重于捕猎技巧和速度。

3. 玩家2和玩家4的描述中都提到了动物在自然界中提供的伪装效果，而玩家1和玩家3的描述则更强调了动物的优雅身姿和敏捷身手。

4. 玩家4的描述中提到了“尖锐的爪牙”，而玩家1、玩家2和玩家3的描述中则没有特别强调爪牙的尖锐性。

5. 玩家2和玩家4的描述中都提到了动物在同类中的突出特征，而玩家1和玩家3的描述则更侧重于动物在自然界中的生存能力。

尽管这些描述存在一些差异，但它们都围绕着动物的基本特征和生存技能展开，没有明显的特征指向某个特定的动物。因此，从这些描述中找出不一致之处并不容易，除非有更多的线索或描述来进一步区分。|| 请通过你分析的不一致之处，推断卧底身份，注意，这局游戏的词语分类为<动物>，卧底词和平民词都属于该类。
2024-12-12 21:42:55,394 - 1 - INFO - **********PLAYER1**********
4
2024-12-12 21:42:55,394 - 1 - INFO - **********JUDGER**********
你刚刚的推断是4|| 基于你刚刚的推断得出你的最终结论，请输出你认为的卧底，在这种情况下只需要输出编号，是1-4中的某个数字，不要输出其他信息。在这个过程不要进行任何推理，只对||以前的部分进行信息提取
2024-12-12 21:42:55,945 - 1 - INFO - **********PLAYER1**********
4
2024-12-12 21:43:49,948 - 1 - INFO - **********JUDGER**********
玩家1说：这是一种大型猫科动物，拥有强大的肌肉和锋利的爪牙。它在猫科动物中以其威猛的形象和独特的条纹图案而闻名。这种动物以其卓越的捕猎技巧和力量而著称，它在同类中独树一帜，拥有独一无二的条纹，这些条纹不仅美观，而且在狩猎时有助于隐蔽。玩家2说：这种动物体型庞大，四肢强健，拥有金黄色的皮毛和黑色条纹，给人一种威严的感觉。在同类中，它以其强大的领地意识和独特的条纹作为最显著的不同特征。这种动物在同类中以其出色的狩猎能力和强大的力量闻名，它们在领地中表现出强烈的保护性，这种特性使得它们在同类中显得格外突出。它们的皮毛带有独特的图案，这些图案在自然界中提供了良好的伪装效果，有助于它们在狩猎时更加隐蔽。玩家3说：这种动物体型较大，拥有健壮的体格和敏锐的感官。它在同类中以其独特的斑纹而著名，这些斑纹有助于它在自然界中伪装和狩猎。这种动物以其优雅的身姿和敏捷的身手而著称，它们在捕猎时展现出卓越的技巧。在同类中，它们以其出色的速度和力量而闻名，能够在短时间内迅速捕捉猎物。这种动物在自然界中的独特条纹不仅是美观的象征，也是它们生存的关键，这些条纹使得它们能够在丛林中完美融入，成为狩猎时的隐形者。玩家4说：这种动物通常有着强健的体格和尖锐的爪牙，它们在同类中以其强大的力量和领地意识著称。在它们的种群中，它们以其独特的条纹或斑纹为最显著的不同特征。这种动物在同类中以其巨大的体型和强有力的四肢而著称，它们在自然界中以独特的条纹为标志，这些条纹不仅美观，而且在捕猎时提供了极佳的伪装效果。它们的身体结构适合于狩猎和领地防御，这使得它们在同类中占据着独特的地位。你是第1号玩家，你的关键词是<老虎>。你的回答中绝对不能包含你的关键词<老虎>。这是第三轮描述，你之前的描述是这是一种大型猫科动物，拥有强大的肌肉和锋利的爪牙。它在猫科动物中以其威猛的形象和独特的条纹图案而闻名。和这种动物以其卓越的捕猎技巧和力量而著称，它在同类中独树一帜，拥有独一无二的条纹，这些条纹不仅美观，而且在狩猎时有助于隐蔽。，注意，这局游戏的词语分类为<动物>，卧底词和平民词都属于该类，请你补充关于关键词的描述，注意，你的描述应该比起之前的描述更加贴近关键词，作为之前的补充
2024-12-12 21:43:51,715 - 1 - INFO - **********PLAYER1**********
这种动物以其卓越的领地防御能力和强大的狩猎本能而闻名，它的身体结构特别适应了在森林中的生存，拥有独特的条纹，这些条纹在日光下反射，使其在捕猎时几乎不可见。
2024-12-12 21:44:02,417 - 1 - INFO - **********JUDGER**********
玩家1说：这是一种大型猫科动物，拥有强大的肌肉和锋利的爪牙。它在猫科动物中以其威猛的形象和独特的条纹图案而闻名。这种动物以其卓越的捕猎技巧和力量而著称，它在同类中独树一帜，拥有独一无二的条纹，这些条纹不仅美观，而且在狩猎时有助于隐蔽。这种动物以其卓越的领地防御能力和强大的狩猎本能而闻名，它的身体结构特别适应了在森林中的生存，拥有独特的条纹，这些条纹在日光下反射，使其在捕猎时几乎不可见。玩家2说：这种动物体型庞大，四肢强健，拥有金黄色的皮毛和黑色条纹，给人一种威严的感觉。在同类中，它以其强大的领地意识和独特的条纹作为最显著的不同特征。这种动物在同类中以其出色的狩猎能力和强大的力量闻名，它们在领地中表现出强烈的保护性，这种特性使得它们在同类中显得格外突出。它们的皮毛带有独特的图案，这些图案在自然界中提供了良好的伪装效果，有助于它们在狩猎时更加隐蔽。这种动物在同类中以其卓越的领地保护能力和强大的狩猎本能而著称，它们在自然环境中展现出强大的适应能力。它们的身体结构特别适合于森林生活，拥有独特的条纹，这些条纹在阳光下反射，使得它们在捕猎时几乎不可见，同时也增强了它们的威严形象。玩家3说：这种动物体型较大，拥有健壮的体格和敏锐的感官。它在同类中以其独特的斑纹而著名，这些斑纹有助于它在自然界中伪装和狩猎。这种动物以其优雅的身姿和敏捷的身手而著称，它们在捕猎时展现出卓越的技巧。在同类中，它们以其出色的速度和力量而闻名，能够在短时间内迅速捕捉猎物。这种动物在自然界中的独特条纹不仅是美观的象征，也是它们生存的关键，这些条纹使得它们能够在丛林中完美融入，成为狩猎时的隐形者。这种动物以其优雅的线条和流线型的身体而著称，它们在丛林中快速穿梭，展现出令人惊叹的敏捷性。它们的身体结构专为高速奔跑和捕猎而设计，拥有出色的弹跳能力和惊人的爆发力。这种动物在捕猎时能够迅速接近猎物，并以一击必杀的精准度完成狩猎。它们的独特条纹不仅美观，而且在阳光下反射，帮助它们在狩猎时更好地融入环境，成为丛林中的隐秘猎手。玩家4说：这种动物通常有着强健的体格和尖锐的爪牙，它们在同类中以其强大的力量和领地意识著称。在它们的种群中，它们以其独特的条纹或斑纹为最显著的不同特征。这种动物在同类中以其巨大的体型和强有力的四肢而著称，它们在自然界中以独特的条纹为标志，这些条纹不仅美观，而且在捕猎时提供了极佳的伪装效果。它们的身体结构适合于狩猎和领地防御，这使得它们在同类中占据着独特的地位。这种动物以其雄壮的身躯和敏锐的感官而著称，它们在同类中以其独特的条纹为最显著的不同特征。这些条纹在阳光下反射，使得它们在捕猎时能够更好地融入环境，成为丛林中的隐秘猎手。它们的身体结构专为捕猎和领地防御而设计，拥有出色的力量和敏捷性。||在这个游戏中，我们需要通过分析每位玩家的描述来找出卧底。通常，平民的描述会围绕相同的词语展开，而卧底的描述可能会因为词语的不同而显得不太一致。我们需要仔细比较每个描述之间的相似性和差异性，以找出可能的卧底，注意，卧底并不会隐藏自己，他会直接描述他的词语，现在，逐一分析每个玩家的描述，注意，这局游戏的词语分类为<动物>，卧底词和平民词都属于该类。||之前是第3轮描述和之前轮数描述的合集。你之前认为的卧底是玩家4。
2024-12-12 21:44:03,682 - 1 - INFO - **********PLAYER1**********
4
2024-12-12 21:44:03,682 - 1 - INFO - **********JUDGER**********
你刚刚的分析是4|| `请根据上述分析，比较描述以找出不一致之处，注意，这局游戏的词语分类为<动物>，卧底词和平民词都属于该类。
2024-12-12 21:44:10,255 - 1 - INFO - **********PLAYER1**********
在比较玩家的描述时，以下是一致之处：

1. 所有玩家都描述了动物体型较大、拥有强健的体格、独特的条纹或斑纹、强大的力量和领地意识。
2. 所有玩家都提到了动物在自然界中的伪装效果和狩猎技巧。

不一致之处：

1. 玩家2和玩家4的描述中特别强调了动物的威严形象和身体结构适合于狩猎和领地防御。
2. 玩家3的描述中提到了动物的优雅身姿、敏捷的身手、出色的速度和力量，以及它们在丛林中快速穿梭的能力。
3. 玩家1的描述中强调了动物的卓越领地防御能力和强大的狩猎本能，以及条纹在日光下反射的特性。

虽然所有玩家的描述都围绕着动物的特征展开，但玩家3的描述中提到了一些与老虎特征不完全吻合的细节，如“优雅的身姿”、“敏捷的身手”和“在丛林中快速穿梭”，这些特征更像是其他猫科动物，如豹子的特征。这可能是玩家3作为卧底试图引入的差异。因此，不一致之处可能指向玩家3是卧底。
2024-12-12 21:44:10,256 - 1 - INFO - **********JUDGER**********
你刚刚的分析是在比较玩家的描述时，以下是一致之处：

1. 所有玩家都描述了动物体型较大、拥有强健的体格、独特的条纹或斑纹、强大的力量和领地意识。
2. 所有玩家都提到了动物在自然界中的伪装效果和狩猎技巧。

不一致之处：

1. 玩家2和玩家4的描述中特别强调了动物的威严形象和身体结构适合于狩猎和领地防御。
2. 玩家3的描述中提到了动物的优雅身姿、敏捷的身手、出色的速度和力量，以及它们在丛林中快速穿梭的能力。
3. 玩家1的描述中强调了动物的卓越领地防御能力和强大的狩猎本能，以及条纹在日光下反射的特性。

虽然所有玩家的描述都围绕着动物的特征展开，但玩家3的描述中提到了一些与老虎特征不完全吻合的细节，如“优雅的身姿”、“敏捷的身手”和“在丛林中快速穿梭”，这些特征更像是其他猫科动物，如豹子的特征。这可能是玩家3作为卧底试图引入的差异。因此，不一致之处可能指向玩家3是卧底。|| 请通过你分析的不一致之处，推断卧底身份，注意，这局游戏的词语分类为<动物>，卧底词和平民词都属于该类。
2024-12-12 21:44:11,258 - 1 - INFO - **********PLAYER1**********
3
2024-12-12 21:44:11,258 - 1 - INFO - **********JUDGER**********
你刚刚的推断是3|| 基于你刚刚的推断得出你的最终结论，请输出你认为的卧底，在这种情况下只需要输出编号，是1-4中的某个数字，不要输出其他信息。在这个过程不要进行任何推理，只对||以前的部分进行信息提取
2024-12-12 21:44:12,079 - 1 - INFO - **********PLAYER1**********
3
