2024-12-12 21:41:10,064 - 2 - INFO - **********JUDGER**********
让我们来玩一个叫做<谁是卧底>的推理游戏。基本规则：<人数>：4人。<角色分配>：每位玩家随机抽取一个词语，3名玩家拿到的词语是相同的（平民词），1名玩家拿到与之相近但不同的词语（卧底词）。<游戏流程>：1、玩家轮流描述自己的词语，但<不能>直接说出词语本身。2、描述完毕后，投票选出最像卧底的玩家。3、每轮结束后，被投票选出的玩家出局，不能再进行描述或投票。4、每轮投票结束后，如果卧底被成功找出，平民方获胜；如果卧底未被找出且卧底人数等于或超过平民人数，则卧底方获胜。你将扮演一个<玩家>，请等待你被分配到的关键词。如果你听懂了，只回答，"好的，我准备好参加游戏了"，不要输出别的信息
2024-12-12 21:41:10,436 - 2 - INFO - **********PLAYER2**********
好的，我准备好参加游戏了
2024-12-12 21:41:13,613 - 2 - INFO - **********JUDGER**********
玩家1说：这是一种大型猫科动物，拥有强大的肌肉和锋利的爪牙。它在猫科动物中以其威猛的形象和独特的条纹图案而闻名。玩家2说：玩家3说：玩家4说：|| 你是第2号玩家，你的关键词是<老虎>。你的回答中绝对不能包含你的关键词<老虎>。这是第一轮描述，不需要分析||之前别的玩家的描述，请你描述关键词基本特征，注意，这局游戏的词语分类为<动物>，卧底词和平民词都属于该类，描述包括以下两点，1.他的基本特征是什么2.他在该类（动物）中最突出不同的特征是什么，尽量简短
2024-12-12 21:41:14,897 - 2 - INFO - **********PLAYER2**********
这种动物体型庞大，四肢强健，拥有金黄色的皮毛和黑色条纹，给人一种威严的感觉。在同类中，它以其强大的领地意识和独特的条纹作为最显著的不同特征。
2024-12-12 21:41:39,514 - 2 - INFO - **********JUDGER**********
玩家1说：这是一种大型猫科动物，拥有强大的肌肉和锋利的爪牙。它在猫科动物中以其威猛的形象和独特的条纹图案而闻名。玩家2说：这种动物体型庞大，四肢强健，拥有金黄色的皮毛和黑色条纹，给人一种威严的感觉。在同类中，它以其强大的领地意识和独特的条纹作为最显著的不同特征。玩家3说：这种动物体型较大，拥有健壮的体格和敏锐的感官。它在同类中以其独特的斑纹而著名，这些斑纹有助于它在自然界中伪装和狩猎。玩家4说：||在这个游戏中，我们需要通过分析每位玩家的描述来找出卧底。通常，平民的描述会围绕相同的词语展开，而卧底的描述可能会因为词语的不同而显得不太一致。我们需要仔细比较每个描述之间的相似性和差异性，以找出可能的卧底，注意，卧底并不会隐藏自己，他会直接描述他的词语，现在，逐一分析每个玩家的描述，注意，这局游戏的词语分类为<动物>，卧底词和平民词都属于该类。这是第一轮描述。
2024-12-12 21:41:41,630 - 2 - INFO - **********PLAYER2**********
这种动物体型庞大，拥有强健的体格和独特的皮毛图案，它们在同类中以其强大的捕猎能力和领地意识而著称。然而，我的描述中并未直接提及具体的皮毛颜色或条纹，这可能与其他玩家的描述存在细微差别。
2024-12-12 21:41:41,630 - 2 - INFO - **********JUDGER**********
你刚刚的分析是这种动物体型庞大，拥有强健的体格和独特的皮毛图案，它们在同类中以其强大的捕猎能力和领地意识而著称。然而，我的描述中并未直接提及具体的皮毛颜色或条纹，这可能与其他玩家的描述存在细微差别。|| `请根据上述分析，比较描述以找出不一致之处，注意，这局游戏的词语分类为<动物>，卧底词和平民词都属于该类。
2024-12-12 21:41:46,942 - 2 - INFO - **********PLAYER2**********
根据上述分析，我们可以比较出以下不一致之处：

1. 玩家1提到了“独特的条纹图案”，而玩家2、玩家3和我的描述都没有提到条纹，这可能是关键的不同点。
2. 玩家2的描述中提到了“金黄色的皮毛”，这与玩家1和玩家3的描述不符，他们没有提及皮毛颜色。
3. 玩家3提到了“斑纹有助于它在自然界中伪装和狩猎”，这一点在玩家1和玩家2的描述中没有出现。

这些不一致之处可能表明玩家3的描述与其他玩家的描述有所不同，可能是卧底。然而，由于游戏规则中提到卧底不会隐藏自己，而且所有描述都属于<动物>类别，所以这只是一个初步的分析。最终需要结合后续的描述和投票来确定卧底。
2024-12-12 21:41:46,943 - 2 - INFO - **********JUDGER**********
你刚刚的分析是根据上述分析，我们可以比较出以下不一致之处：

1. 玩家1提到了“独特的条纹图案”，而玩家2、玩家3和我的描述都没有提到条纹，这可能是关键的不同点。
2. 玩家2的描述中提到了“金黄色的皮毛”，这与玩家1和玩家3的描述不符，他们没有提及皮毛颜色。
3. 玩家3提到了“斑纹有助于它在自然界中伪装和狩猎”，这一点在玩家1和玩家2的描述中没有出现。

这些不一致之处可能表明玩家3的描述与其他玩家的描述有所不同，可能是卧底。然而，由于游戏规则中提到卧底不会隐藏自己，而且所有描述都属于<动物>类别，所以这只是一个初步的分析。最终需要结合后续的描述和投票来确定卧底。|| 请通过你分析的不一致之处，推断卧底身份，注意，这局游戏的词语分类为<动物>，卧底词和平民词都属于该类。
2024-12-12 21:41:51,770 - 2 - INFO - **********PLAYER2**********
根据分析的不一致之处，我们可以进行以下推断：

1. 玩家1、玩家2和我的描述都未提及皮毛颜色，而玩家3提到了“金黄色的皮毛”。这表明玩家3的描述可能与我们不同，因为皮毛颜色并不是所有动物描述的共同特征。

2. 玩家1、玩家2和我的描述都提到了条纹图案，而玩家3没有提及。条纹是某些动物（如老虎）的显著特征，但并不是所有猫科动物都有条纹。

3. 玩家3提到了“斑纹有助于它在自然界中伪装和狩猎”，这一点在玩家1和玩家2的描述中没有出现。虽然这一点并不是非常具体，但它增加了玩家3描述的独特性。

综合以上点，如果我们要推断卧底身份，玩家3的描述可能最为可疑，因为它在皮毛颜色和条纹图案这两个关键特征上与其他玩家的描述不一致。因此，玩家3可能是卧底。然而，这只是一个基于当前信息的推断，最终需要通过投票来确定。
2024-12-12 21:41:51,771 - 2 - INFO - **********JUDGER**********
你刚刚的推断是根据分析的不一致之处，我们可以进行以下推断：

1. 玩家1、玩家2和我的描述都未提及皮毛颜色，而玩家3提到了“金黄色的皮毛”。这表明玩家3的描述可能与我们不同，因为皮毛颜色并不是所有动物描述的共同特征。

2. 玩家1、玩家2和我的描述都提到了条纹图案，而玩家3没有提及。条纹是某些动物（如老虎）的显著特征，但并不是所有猫科动物都有条纹。

3. 玩家3提到了“斑纹有助于它在自然界中伪装和狩猎”，这一点在玩家1和玩家2的描述中没有出现。虽然这一点并不是非常具体，但它增加了玩家3描述的独特性。

综合以上点，如果我们要推断卧底身份，玩家3的描述可能最为可疑，因为它在皮毛颜色和条纹图案这两个关键特征上与其他玩家的描述不一致。因此，玩家3可能是卧底。然而，这只是一个基于当前信息的推断，最终需要通过投票来确定。|| 基于你刚刚的推断得出你的最终结论，请输出你认为的卧底，在这种情况下只需要输出编号，是1-4中的某个数字，不要输出其他信息。在这个过程不要进行任何推理，只对||以前的部分进行信息提取
2024-12-12 21:41:53,059 - 2 - INFO - **********PLAYER2**********
3
2024-12-12 21:42:36,426 - 2 - INFO - **********JUDGER**********
玩家1说：这是一种大型猫科动物，拥有强大的肌肉和锋利的爪牙。它在猫科动物中以其威猛的形象和独特的条纹图案而闻名。这种动物以其卓越的捕猎技巧和力量而著称，它在同类中独树一帜，拥有独一无二的条纹，这些条纹不仅美观，而且在狩猎时有助于隐蔽。玩家2说：这种动物体型庞大，四肢强健，拥有金黄色的皮毛和黑色条纹，给人一种威严的感觉。在同类中，它以其强大的领地意识和独特的条纹作为最显著的不同特征。玩家3说：这种动物体型较大，拥有健壮的体格和敏锐的感官。它在同类中以其独特的斑纹而著名，这些斑纹有助于它在自然界中伪装和狩猎。玩家4说：这种动物通常有着强健的体格和尖锐的爪牙，它们在同类中以其强大的力量和领地意识著称。在它们的种群中，它们以其独特的条纹或斑纹为最显著的不同特征。你是第2号玩家，你的关键词是<老虎>。你的回答中绝对不能包含你的关键词<老虎>。这是第二轮描述，你之前的描述是这种动物体型庞大，四肢强健，拥有金黄色的皮毛和黑色条纹，给人一种威严的感觉。在同类中，它以其强大的领地意识和独特的条纹作为最显著的不同特征。，注意，这局游戏的词语分类为<动物>，卧底词和平民词都属于该类，请你补充关于关键词的描述，注意，你的描述应该比起之前的描述更加贴近关键词，作为之前的补充
2024-12-12 21:42:41,291 - 2 - INFO - **********PLAYER2**********
这种动物在同类中以其出色的狩猎能力和强大的力量闻名，它们在领地中表现出强烈的保护性，这种特性使得它们在同类中显得格外突出。它们的皮毛带有独特的图案，这些图案在自然界中提供了良好的伪装效果，有助于它们在狩猎时更加隐蔽。
2024-12-12 21:42:55,945 - 2 - INFO - **********JUDGER**********
玩家1说：这是一种大型猫科动物，拥有强大的肌肉和锋利的爪牙。它在猫科动物中以其威猛的形象和独特的条纹图案而闻名。这种动物以其卓越的捕猎技巧和力量而著称，它在同类中独树一帜，拥有独一无二的条纹，这些条纹不仅美观，而且在狩猎时有助于隐蔽。玩家2说：这种动物体型庞大，四肢强健，拥有金黄色的皮毛和黑色条纹，给人一种威严的感觉。在同类中，它以其强大的领地意识和独特的条纹作为最显著的不同特征。这种动物在同类中以其出色的狩猎能力和强大的力量闻名，它们在领地中表现出强烈的保护性，这种特性使得它们在同类中显得格外突出。它们的皮毛带有独特的图案，这些图案在自然界中提供了良好的伪装效果，有助于它们在狩猎时更加隐蔽。玩家3说：这种动物体型较大，拥有健壮的体格和敏锐的感官。它在同类中以其独特的斑纹而著名，这些斑纹有助于它在自然界中伪装和狩猎。这种动物以其优雅的身姿和敏捷的身手而著称，它们在捕猎时展现出卓越的技巧。在同类中，它们以其出色的速度和力量而闻名，能够在短时间内迅速捕捉猎物。这种动物在自然界中的独特条纹不仅是美观的象征，也是它们生存的关键，这些条纹使得它们能够在丛林中完美融入，成为狩猎时的隐形者。玩家4说：这种动物通常有着强健的体格和尖锐的爪牙，它们在同类中以其强大的力量和领地意识著称。在它们的种群中，它们以其独特的条纹或斑纹为最显著的不同特征。||在这个游戏中，我们需要通过分析每位玩家的描述来找出卧底。通常，平民的描述会围绕相同的词语展开，而卧底的描述可能会因为词语的不同而显得不太一致。我们需要仔细比较每个描述之间的相似性和差异性，以找出可能的卧底，注意，卧底并不会隐藏自己，他会直接描述他的词语，现在，逐一分析每个玩家的描述，注意，这局游戏的词语分类为<动物>，卧底词和平民词都属于该类。||之前是第2轮描述和之前轮数描述的合集。你之前认为的卧底是玩家3。
2024-12-12 21:42:56,774 - 2 - INFO - **********PLAYER2**********
玩家3
2024-12-12 21:42:56,775 - 2 - INFO - **********JUDGER**********
你刚刚的分析是玩家3|| `请根据上述分析，比较描述以找出不一致之处，注意，这局游戏的词语分类为<动物>，卧底词和平民词都属于该类。
2024-12-12 21:43:04,716 - 2 - INFO - **********PLAYER2**********
在比较四位玩家的描述后，以下是不一致之处：

1. 玩家1和玩家2都提到了“金黄色的皮毛”，而玩家3和玩家4没有提及皮毛颜色。
2. 玩家1和玩家2的描述中都提到了“独特的条纹图案”，而玩家3提到了“独特的斑纹”，玩家4提到了“独特的条纹或斑纹”，但并未明确是条纹图案。
3. 玩家3和玩家4的描述中都强调了动物在自然界中的伪装和狩猎技巧，而玩家1和玩家2的描述中虽然也提到了狩猎技巧，但没有特别强调伪装。
4. 玩家3的描述中提到了“优雅的身姿和敏捷的身手”，这一点在玩家1、玩家2和玩家4的描述中没有出现。
5. 玩家3的描述中提到了“出色的速度”，这一点在玩家1、玩家2和玩家4的描述中没有出现。

这些不一致之处表明玩家3的描述在某些方面与其他玩家的描述有所不同，这可能是卧底的一个迹象。
2024-12-12 21:43:04,717 - 2 - INFO - **********JUDGER**********
你刚刚的分析是在比较四位玩家的描述后，以下是不一致之处：

1. 玩家1和玩家2都提到了“金黄色的皮毛”，而玩家3和玩家4没有提及皮毛颜色。
2. 玩家1和玩家2的描述中都提到了“独特的条纹图案”，而玩家3提到了“独特的斑纹”，玩家4提到了“独特的条纹或斑纹”，但并未明确是条纹图案。
3. 玩家3和玩家4的描述中都强调了动物在自然界中的伪装和狩猎技巧，而玩家1和玩家2的描述中虽然也提到了狩猎技巧，但没有特别强调伪装。
4. 玩家3的描述中提到了“优雅的身姿和敏捷的身手”，这一点在玩家1、玩家2和玩家4的描述中没有出现。
5. 玩家3的描述中提到了“出色的速度”，这一点在玩家1、玩家2和玩家4的描述中没有出现。

这些不一致之处表明玩家3的描述在某些方面与其他玩家的描述有所不同，这可能是卧底的一个迹象。|| 请通过你分析的不一致之处，推断卧底身份，注意，这局游戏的词语分类为<动物>，卧底词和平民词都属于该类。
2024-12-12 21:43:06,175 - 2 - INFO - **********PLAYER2**********
基于上述不一致之处，玩家3的描述在多个方面与其他玩家的描述存在差异，这增加了他是卧底的可能性。因此，我推断玩家3是卧底。
2024-12-12 21:43:06,176 - 2 - INFO - **********JUDGER**********
你刚刚的推断是基于上述不一致之处，玩家3的描述在多个方面与其他玩家的描述存在差异，这增加了他是卧底的可能性。因此，我推断玩家3是卧底。|| 基于你刚刚的推断得出你的最终结论，请输出你认为的卧底，在这种情况下只需要输出编号，是1-4中的某个数字，不要输出其他信息。在这个过程不要进行任何推理，只对||以前的部分进行信息提取
2024-12-12 21:43:06,910 - 2 - INFO - **********PLAYER2**********
3
2024-12-12 21:43:51,716 - 2 - INFO - **********JUDGER**********
玩家1说：这是一种大型猫科动物，拥有强大的肌肉和锋利的爪牙。它在猫科动物中以其威猛的形象和独特的条纹图案而闻名。这种动物以其卓越的捕猎技巧和力量而著称，它在同类中独树一帜，拥有独一无二的条纹，这些条纹不仅美观，而且在狩猎时有助于隐蔽。这种动物以其卓越的领地防御能力和强大的狩猎本能而闻名，它的身体结构特别适应了在森林中的生存，拥有独特的条纹，这些条纹在日光下反射，使其在捕猎时几乎不可见。玩家2说：这种动物体型庞大，四肢强健，拥有金黄色的皮毛和黑色条纹，给人一种威严的感觉。在同类中，它以其强大的领地意识和独特的条纹作为最显著的不同特征。这种动物在同类中以其出色的狩猎能力和强大的力量闻名，它们在领地中表现出强烈的保护性，这种特性使得它们在同类中显得格外突出。它们的皮毛带有独特的图案，这些图案在自然界中提供了良好的伪装效果，有助于它们在狩猎时更加隐蔽。玩家3说：这种动物体型较大，拥有健壮的体格和敏锐的感官。它在同类中以其独特的斑纹而著名，这些斑纹有助于它在自然界中伪装和狩猎。这种动物以其优雅的身姿和敏捷的身手而著称，它们在捕猎时展现出卓越的技巧。在同类中，它们以其出色的速度和力量而闻名，能够在短时间内迅速捕捉猎物。这种动物在自然界中的独特条纹不仅是美观的象征，也是它们生存的关键，这些条纹使得它们能够在丛林中完美融入，成为狩猎时的隐形者。玩家4说：这种动物通常有着强健的体格和尖锐的爪牙，它们在同类中以其强大的力量和领地意识著称。在它们的种群中，它们以其独特的条纹或斑纹为最显著的不同特征。这种动物在同类中以其巨大的体型和强有力的四肢而著称，它们在自然界中以独特的条纹为标志，这些条纹不仅美观，而且在捕猎时提供了极佳的伪装效果。它们的身体结构适合于狩猎和领地防御，这使得它们在同类中占据着独特的地位。你是第2号玩家，你的关键词是<老虎>。你的回答中绝对不能包含你的关键词<老虎>。这是第三轮描述，你之前的描述是这种动物体型庞大，四肢强健，拥有金黄色的皮毛和黑色条纹，给人一种威严的感觉。在同类中，它以其强大的领地意识和独特的条纹作为最显著的不同特征。和这种动物在同类中以其出色的狩猎能力和强大的力量闻名，它们在领地中表现出强烈的保护性，这种特性使得它们在同类中显得格外突出。它们的皮毛带有独特的图案，这些图案在自然界中提供了良好的伪装效果，有助于它们在狩猎时更加隐蔽。，注意，这局游戏的词语分类为<动物>，卧底词和平民词都属于该类，请你补充关于关键词的描述，注意，你的描述应该比起之前的描述更加贴近关键词，作为之前的补充
2024-12-12 21:43:53,705 - 2 - INFO - **********PLAYER2**********
这种动物在同类中以其卓越的领地保护能力和强大的狩猎本能而著称，它们在自然环境中展现出强大的适应能力。它们的身体结构特别适合于森林生活，拥有独特的条纹，这些条纹在阳光下反射，使得它们在捕猎时几乎不可见，同时也增强了它们的威严形象。
2024-12-12 21:44:12,079 - 2 - INFO - **********JUDGER**********
玩家1说：这是一种大型猫科动物，拥有强大的肌肉和锋利的爪牙。它在猫科动物中以其威猛的形象和独特的条纹图案而闻名。这种动物以其卓越的捕猎技巧和力量而著称，它在同类中独树一帜，拥有独一无二的条纹，这些条纹不仅美观，而且在狩猎时有助于隐蔽。这种动物以其卓越的领地防御能力和强大的狩猎本能而闻名，它的身体结构特别适应了在森林中的生存，拥有独特的条纹，这些条纹在日光下反射，使其在捕猎时几乎不可见。玩家2说：这种动物体型庞大，四肢强健，拥有金黄色的皮毛和黑色条纹，给人一种威严的感觉。在同类中，它以其强大的领地意识和独特的条纹作为最显著的不同特征。这种动物在同类中以其出色的狩猎能力和强大的力量闻名，它们在领地中表现出强烈的保护性，这种特性使得它们在同类中显得格外突出。它们的皮毛带有独特的图案，这些图案在自然界中提供了良好的伪装效果，有助于它们在狩猎时更加隐蔽。这种动物在同类中以其卓越的领地保护能力和强大的狩猎本能而著称，它们在自然环境中展现出强大的适应能力。它们的身体结构特别适合于森林生活，拥有独特的条纹，这些条纹在阳光下反射，使得它们在捕猎时几乎不可见，同时也增强了它们的威严形象。玩家3说：这种动物体型较大，拥有健壮的体格和敏锐的感官。它在同类中以其独特的斑纹而著名，这些斑纹有助于它在自然界中伪装和狩猎。这种动物以其优雅的身姿和敏捷的身手而著称，它们在捕猎时展现出卓越的技巧。在同类中，它们以其出色的速度和力量而闻名，能够在短时间内迅速捕捉猎物。这种动物在自然界中的独特条纹不仅是美观的象征，也是它们生存的关键，这些条纹使得它们能够在丛林中完美融入，成为狩猎时的隐形者。这种动物以其优雅的线条和流线型的身体而著称，它们在丛林中快速穿梭，展现出令人惊叹的敏捷性。它们的身体结构专为高速奔跑和捕猎而设计，拥有出色的弹跳能力和惊人的爆发力。这种动物在捕猎时能够迅速接近猎物，并以一击必杀的精准度完成狩猎。它们的独特条纹不仅美观，而且在阳光下反射，帮助它们在狩猎时更好地融入环境，成为丛林中的隐秘猎手。玩家4说：这种动物通常有着强健的体格和尖锐的爪牙，它们在同类中以其强大的力量和领地意识著称。在它们的种群中，它们以其独特的条纹或斑纹为最显著的不同特征。这种动物在同类中以其巨大的体型和强有力的四肢而著称，它们在自然界中以独特的条纹为标志，这些条纹不仅美观，而且在捕猎时提供了极佳的伪装效果。它们的身体结构适合于狩猎和领地防御，这使得它们在同类中占据着独特的地位。这种动物以其雄壮的身躯和敏锐的感官而著称，它们在同类中以其独特的条纹为最显著的不同特征。这些条纹在阳光下反射，使得它们在捕猎时能够更好地融入环境，成为丛林中的隐秘猎手。它们的身体结构专为捕猎和领地防御而设计，拥有出色的力量和敏捷性。||在这个游戏中，我们需要通过分析每位玩家的描述来找出卧底。通常，平民的描述会围绕相同的词语展开，而卧底的描述可能会因为词语的不同而显得不太一致。我们需要仔细比较每个描述之间的相似性和差异性，以找出可能的卧底，注意，卧底并不会隐藏自己，他会直接描述他的词语，现在，逐一分析每个玩家的描述，注意，这局游戏的词语分类为<动物>，卧底词和平民词都属于该类。||之前是第3轮描述和之前轮数描述的合集。你之前认为的卧底是玩家3。
2024-12-12 21:44:13,625 - 2 - INFO - **********PLAYER2**********
玩家3
2024-12-12 21:44:13,625 - 2 - INFO - **********JUDGER**********
你刚刚的分析是玩家3|| `请根据上述分析，比较描述以找出不一致之处，注意，这局游戏的词语分类为<动物>，卧底词和平民词都属于该类。
2024-12-12 21:44:20,925 - 2 - INFO - **********PLAYER2**********
在比较四位玩家的描述后，以下是不一致之处：

1. 玩家1、玩家2和玩家4都提到了动物拥有金黄色的皮毛和黑色条纹，而玩家3没有提及皮毛颜色。

2. 玩家1、玩家2和玩家4的描述中都强调了动物的领地意识和保护性，而玩家3没有特别提到这些特征。

3. 玩家3的描述中多次提到了动物的身体结构专为高速奔跑和捕猎而设计，拥有出色的弹跳能力和爆发力，这一点在玩家1、玩家2和玩家4的描述中没有详细提及。

4. 玩家3的描述中强调了动物在捕猎时的敏捷性和迅速捕捉猎物的能力，而玩家1、玩家2和玩家4虽然也提到了狩猎技巧，但没有像玩家3那样详细描述。

这些不一致之处可能表明玩家3的描述与其他玩家的描述存在差异，这可能是卧底的一个迹象。
2024-12-12 21:44:20,925 - 2 - INFO - **********JUDGER**********
你刚刚的分析是在比较四位玩家的描述后，以下是不一致之处：

1. 玩家1、玩家2和玩家4都提到了动物拥有金黄色的皮毛和黑色条纹，而玩家3没有提及皮毛颜色。

2. 玩家1、玩家2和玩家4的描述中都强调了动物的领地意识和保护性，而玩家3没有特别提到这些特征。

3. 玩家3的描述中多次提到了动物的身体结构专为高速奔跑和捕猎而设计，拥有出色的弹跳能力和爆发力，这一点在玩家1、玩家2和玩家4的描述中没有详细提及。

4. 玩家3的描述中强调了动物在捕猎时的敏捷性和迅速捕捉猎物的能力，而玩家1、玩家2和玩家4虽然也提到了狩猎技巧，但没有像玩家3那样详细描述。

这些不一致之处可能表明玩家3的描述与其他玩家的描述存在差异，这可能是卧底的一个迹象。|| 请通过你分析的不一致之处，推断卧底身份，注意，这局游戏的词语分类为<动物>，卧底词和平民词都属于该类。
2024-12-12 21:44:22,140 - 2 - INFO - **********PLAYER2**********
3
2024-12-12 21:44:22,140 - 2 - INFO - **********JUDGER**********
你刚刚的推断是3|| 基于你刚刚的推断得出你的最终结论，请输出你认为的卧底，在这种情况下只需要输出编号，是1-4中的某个数字，不要输出其他信息。在这个过程不要进行任何推理，只对||以前的部分进行信息提取
2024-12-12 21:44:23,016 - 2 - INFO - **********PLAYER2**********
3
