2024-12-12 21:41:10,983 - 3 - INFO - **********JUDGER**********
让我们来玩一个叫做<谁是卧底>的推理游戏。基本规则：<人数>：4人。<角色分配>：每位玩家随机抽取一个词语，3名玩家拿到的词语是相同的（平民词），1名玩家拿到与之相近但不同的词语（卧底词）。<游戏流程>：1、玩家轮流描述自己的词语，但<不能>直接说出词语本身。2、描述完毕后，投票选出最像卧底的玩家。3、每轮结束后，被投票选出的玩家出局，不能再进行描述或投票。4、每轮投票结束后，如果卧底被成功找出，平民方获胜；如果卧底未被找出且卧底人数等于或超过平民人数，则卧底方获胜。你将扮演一个<玩家>，请等待你被分配到的关键词。如果你听懂了，只回答，"好的，我准备好参加游戏了"，不要输出别的信息
2024-12-12 21:41:11,379 - 3 - INFO - **********PLAYER3**********
好的，我准备好参加游戏了
2024-12-12 21:41:14,897 - 3 - INFO - **********JUDGER**********
玩家1说：这是一种大型猫科动物，拥有强大的肌肉和锋利的爪牙。它在猫科动物中以其威猛的形象和独特的条纹图案而闻名。玩家2说：这种动物体型庞大，四肢强健，拥有金黄色的皮毛和黑色条纹，给人一种威严的感觉。在同类中，它以其强大的领地意识和独特的条纹作为最显著的不同特征。玩家3说：玩家4说：|| 你是第3号玩家，你的关键词是<豹子>。你的回答中绝对不能包含你的关键词<豹子>。这是第一轮描述，不需要分析||之前别的玩家的描述，请你描述关键词基本特征，注意，这局游戏的词语分类为<动物>，卧底词和平民词都属于该类，描述包括以下两点，1.他的基本特征是什么2.他在该类（动物）中最突出不同的特征是什么，尽量简短
2024-12-12 21:41:16,047 - 3 - INFO - **********PLAYER3**********
这种动物体型较大，拥有健壮的体格和敏锐的感官。它在同类中以其独特的斑纹而著名，这些斑纹有助于它在自然界中伪装和狩猎。
2024-12-12 21:41:53,059 - 3 - INFO - **********JUDGER**********
玩家1说：这是一种大型猫科动物，拥有强大的肌肉和锋利的爪牙。它在猫科动物中以其威猛的形象和独特的条纹图案而闻名。玩家2说：这种动物体型庞大，四肢强健，拥有金黄色的皮毛和黑色条纹，给人一种威严的感觉。在同类中，它以其强大的领地意识和独特的条纹作为最显著的不同特征。玩家3说：这种动物体型较大，拥有健壮的体格和敏锐的感官。它在同类中以其独特的斑纹而著名，这些斑纹有助于它在自然界中伪装和狩猎。玩家4说：||在这个游戏中，我们需要通过分析每位玩家的描述来找出卧底。通常，平民的描述会围绕相同的词语展开，而卧底的描述可能会因为词语的不同而显得不太一致。我们需要仔细比较每个描述之间的相似性和差异性，以找出可能的卧底，注意，卧底并不会隐藏自己，他会直接描述他的词语，现在，逐一分析每个玩家的描述，注意，这局游戏的词语分类为<动物>，卧底词和平民词都属于该类。这是第一轮描述。
2024-12-12 21:42:00,226 - 3 - INFO - **********PLAYER3**********
根据玩家们的描述，我们可以看出以下几点：

1. 玩家1、玩家2和玩家3的描述都指向了同一类动物，即大型猫科动物，具有强健的体格、独特的条纹图案，以及威猛的形象和领地意识。

2. 玩家4的描述虽然也提到了大型、健壮和独特的斑纹，但与玩家1、2、3的描述相比，缺少了关于猫科动物的具体信息，如“猫科”、“条纹”和“领地意识”。

基于这些信息，玩家4的描述可能与卧底词不符，因为卧底词如果是猫科动物，那么描述中应该包含与玩家1、2、3描述相似的关键特征。因此，玩家4可能是卧底。然而，这也可能是玩家4的策略，故意描述得不够具体以混淆视听。需要进一步观察后续的描述来确认。
2024-12-12 21:42:00,227 - 3 - INFO - **********JUDGER**********
你刚刚的分析是根据玩家们的描述，我们可以看出以下几点：

1. 玩家1、玩家2和玩家3的描述都指向了同一类动物，即大型猫科动物，具有强健的体格、独特的条纹图案，以及威猛的形象和领地意识。

2. 玩家4的描述虽然也提到了大型、健壮和独特的斑纹，但与玩家1、2、3的描述相比，缺少了关于猫科动物的具体信息，如“猫科”、“条纹”和“领地意识”。

基于这些信息，玩家4的描述可能与卧底词不符，因为卧底词如果是猫科动物，那么描述中应该包含与玩家1、2、3描述相似的关键特征。因此，玩家4可能是卧底。然而，这也可能是玩家4的策略，故意描述得不够具体以混淆视听。需要进一步观察后续的描述来确认。|| `请根据上述分析，比较描述以找出不一致之处，注意，这局游戏的词语分类为<动物>，卧底词和平民词都属于该类。
2024-12-12 21:42:09,343 - 3 - INFO - **********PLAYER3**********
根据上述分析，我们可以比较描述中的不一致之处如下：

1. 关键词重复性：
   - 玩家1、玩家2和玩家3的描述都提到了“大型猫科动物”、“独特的条纹图案”、“威猛的形象”和“领地意识”，这些特征在他们的描述中是一致的。
   - 玩家4的描述虽然也提到了“大型”、“健壮”和“独特的斑纹”，但没有明确提到“猫科”、“条纹”和“领地意识”这些与玩家1、2、3描述中的关键词。

2. 描述的精确性：
   - 玩家1、玩家2和玩家3的描述较为详细，具体指出了动物的特征和习性。
   - 玩家4的描述较为笼统，没有提供具体的信息来明确区分其描述的动物。

3. 词汇选择：
   - 玩家1、玩家2和玩家3的描述中使用了“猫科”、“条纹”和“领地意识”等词汇，这些都是指向特定动物的特征。
   - 玩家4的描述中缺少了这些具体指向特定动物特征的词汇。

基于以上不一致之处，玩家4的描述在关键词的精确性和词汇选择上与玩家1、2、3的描述存在差异，这可能是玩家4作为卧底的不一致之处。然而，这只是一个初步的观察，真正的卧底可能会在后续的描述中调整策略。因此，玩家4的描述需要特别关注，以便在下一轮投票时做出判断。
2024-12-12 21:42:09,346 - 3 - INFO - **********JUDGER**********
你刚刚的分析是根据上述分析，我们可以比较描述中的不一致之处如下：

1. 关键词重复性：
   - 玩家1、玩家2和玩家3的描述都提到了“大型猫科动物”、“独特的条纹图案”、“威猛的形象”和“领地意识”，这些特征在他们的描述中是一致的。
   - 玩家4的描述虽然也提到了“大型”、“健壮”和“独特的斑纹”，但没有明确提到“猫科”、“条纹”和“领地意识”这些与玩家1、2、3描述中的关键词。

2. 描述的精确性：
   - 玩家1、玩家2和玩家3的描述较为详细，具体指出了动物的特征和习性。
   - 玩家4的描述较为笼统，没有提供具体的信息来明确区分其描述的动物。

3. 词汇选择：
   - 玩家1、玩家2和玩家3的描述中使用了“猫科”、“条纹”和“领地意识”等词汇，这些都是指向特定动物的特征。
   - 玩家4的描述中缺少了这些具体指向特定动物特征的词汇。

基于以上不一致之处，玩家4的描述在关键词的精确性和词汇选择上与玩家1、2、3的描述存在差异，这可能是玩家4作为卧底的不一致之处。然而，这只是一个初步的观察，真正的卧底可能会在后续的描述中调整策略。因此，玩家4的描述需要特别关注，以便在下一轮投票时做出判断。|| 请通过你分析的不一致之处，推断卧底身份，注意，这局游戏的词语分类为<动物>，卧底词和平民词都属于该类。
2024-12-12 21:42:15,790 - 3 - INFO - **********PLAYER3**********
根据上述分析的不一致之处，以下是对卧底身份的推断：

1. 关键词重复性分析：
   - 玩家1、玩家2和玩家3的描述中包含的关键词如“猫科”、“条纹”、“威猛的形象”和“领地意识”都指向了同一个物种，即豹子。

2. 描述的精确性和词汇选择分析：
   - 玩家4的描述虽然提到了“大型”、“健壮”和“独特的斑纹”，但没有明确使用“猫科”这一关键词，也没有提到“领地意识”，这是与豹子的特征不完全一致的。

综合以上分析，玩家4的描述在关键词的精确性和词汇选择上与玩家1、2、3的描述不一致，这可能意味着玩家4的词语不是豹子，而是另一种具有类似特征但不是猫科动物的动物。在动物类别中，一个可能的卧底词是“老虎”，因为老虎也是大型、拥有独特斑纹、体型健壮的动物，并且具有领地意识，但它是属于猫科动物，与玩家1、2、3描述的豹子有所不同。

因此，基于这些不一致之处，玩家4很可能是卧底，其关键词可能是“老虎”。然而，这只是一个推断，真正的卧底身份需要通过后续的描述和投票来确认。
2024-12-12 21:42:15,791 - 3 - INFO - **********JUDGER**********
你刚刚的推断是根据上述分析的不一致之处，以下是对卧底身份的推断：

1. 关键词重复性分析：
   - 玩家1、玩家2和玩家3的描述中包含的关键词如“猫科”、“条纹”、“威猛的形象”和“领地意识”都指向了同一个物种，即豹子。

2. 描述的精确性和词汇选择分析：
   - 玩家4的描述虽然提到了“大型”、“健壮”和“独特的斑纹”，但没有明确使用“猫科”这一关键词，也没有提到“领地意识”，这是与豹子的特征不完全一致的。

综合以上分析，玩家4的描述在关键词的精确性和词汇选择上与玩家1、2、3的描述不一致，这可能意味着玩家4的词语不是豹子，而是另一种具有类似特征但不是猫科动物的动物。在动物类别中，一个可能的卧底词是“老虎”，因为老虎也是大型、拥有独特斑纹、体型健壮的动物，并且具有领地意识，但它是属于猫科动物，与玩家1、2、3描述的豹子有所不同。

因此，基于这些不一致之处，玩家4很可能是卧底，其关键词可能是“老虎”。然而，这只是一个推断，真正的卧底身份需要通过后续的描述和投票来确认。|| 基于你刚刚的推断得出你的最终结论，请输出你认为的卧底，在这种情况下只需要输出编号，是1-4中的某个数字，不要输出其他信息。在这个过程不要进行任何推理，只对||以前的部分进行信息提取
2024-12-12 21:42:16,251 - 3 - INFO - **********PLAYER3**********
4
2024-12-12 21:42:41,292 - 3 - INFO - **********JUDGER**********
玩家1说：这是一种大型猫科动物，拥有强大的肌肉和锋利的爪牙。它在猫科动物中以其威猛的形象和独特的条纹图案而闻名。这种动物以其卓越的捕猎技巧和力量而著称，它在同类中独树一帜，拥有独一无二的条纹，这些条纹不仅美观，而且在狩猎时有助于隐蔽。玩家2说：这种动物体型庞大，四肢强健，拥有金黄色的皮毛和黑色条纹，给人一种威严的感觉。在同类中，它以其强大的领地意识和独特的条纹作为最显著的不同特征。这种动物在同类中以其出色的狩猎能力和强大的力量闻名，它们在领地中表现出强烈的保护性，这种特性使得它们在同类中显得格外突出。它们的皮毛带有独特的图案，这些图案在自然界中提供了良好的伪装效果，有助于它们在狩猎时更加隐蔽。玩家3说：这种动物体型较大，拥有健壮的体格和敏锐的感官。它在同类中以其独特的斑纹而著名，这些斑纹有助于它在自然界中伪装和狩猎。玩家4说：这种动物通常有着强健的体格和尖锐的爪牙，它们在同类中以其强大的力量和领地意识著称。在它们的种群中，它们以其独特的条纹或斑纹为最显著的不同特征。你是第3号玩家，你的关键词是<豹子>。你的回答中绝对不能包含你的关键词<豹子>。这是第二轮描述，你之前的描述是这种动物体型较大，拥有健壮的体格和敏锐的感官。它在同类中以其独特的斑纹而著名，这些斑纹有助于它在自然界中伪装和狩猎。，注意，这局游戏的词语分类为<动物>，卧底词和平民词都属于该类，请你补充关于关键词的描述，注意，你的描述应该比起之前的描述更加贴近关键词，作为之前的补充
2024-12-12 21:42:44,787 - 3 - INFO - **********PLAYER3**********
这种动物以其优雅的身姿和敏捷的身手而著称，它们在捕猎时展现出卓越的技巧。在同类中，它们以其出色的速度和力量而闻名，能够在短时间内迅速捕捉猎物。这种动物在自然界中的独特条纹不仅是美观的象征，也是它们生存的关键，这些条纹使得它们能够在丛林中完美融入，成为狩猎时的隐形者。
2024-12-12 21:43:06,911 - 3 - INFO - **********JUDGER**********
玩家1说：这是一种大型猫科动物，拥有强大的肌肉和锋利的爪牙。它在猫科动物中以其威猛的形象和独特的条纹图案而闻名。这种动物以其卓越的捕猎技巧和力量而著称，它在同类中独树一帜，拥有独一无二的条纹，这些条纹不仅美观，而且在狩猎时有助于隐蔽。玩家2说：这种动物体型庞大，四肢强健，拥有金黄色的皮毛和黑色条纹，给人一种威严的感觉。在同类中，它以其强大的领地意识和独特的条纹作为最显著的不同特征。这种动物在同类中以其出色的狩猎能力和强大的力量闻名，它们在领地中表现出强烈的保护性，这种特性使得它们在同类中显得格外突出。它们的皮毛带有独特的图案，这些图案在自然界中提供了良好的伪装效果，有助于它们在狩猎时更加隐蔽。玩家3说：这种动物体型较大，拥有健壮的体格和敏锐的感官。它在同类中以其独特的斑纹而著名，这些斑纹有助于它在自然界中伪装和狩猎。这种动物以其优雅的身姿和敏捷的身手而著称，它们在捕猎时展现出卓越的技巧。在同类中，它们以其出色的速度和力量而闻名，能够在短时间内迅速捕捉猎物。这种动物在自然界中的独特条纹不仅是美观的象征，也是它们生存的关键，这些条纹使得它们能够在丛林中完美融入，成为狩猎时的隐形者。玩家4说：这种动物通常有着强健的体格和尖锐的爪牙，它们在同类中以其强大的力量和领地意识著称。在它们的种群中，它们以其独特的条纹或斑纹为最显著的不同特征。||在这个游戏中，我们需要通过分析每位玩家的描述来找出卧底。通常，平民的描述会围绕相同的词语展开，而卧底的描述可能会因为词语的不同而显得不太一致。我们需要仔细比较每个描述之间的相似性和差异性，以找出可能的卧底，注意，卧底并不会隐藏自己，他会直接描述他的词语，现在，逐一分析每个玩家的描述，注意，这局游戏的词语分类为<动物>，卧底词和平民词都属于该类。||之前是第2轮描述和之前轮数描述的合集。你之前认为的卧底是玩家4。
2024-12-12 21:43:14,648 - 3 - INFO - **********PLAYER3**********
根据玩家们的第二轮描述和之前的分析，以下是进一步的分析：

1. 玩家1的描述强调了动物的独特条纹图案、威猛的形象、卓越的捕猎技巧和力量，以及这些条纹在狩猎时的隐蔽作用。

2. 玩家2的描述也提到了动物的金黄色皮毛、黑色条纹、强大的领地意识和狩猎能力，以及条纹在自然界中的伪装效果。

3. 玩家3的描述与玩家1和玩家2的描述非常相似，强调了动物的体型、斑纹、敏捷的身手、捕猎技巧和力量。

4. 玩家4的描述提到了动物的强健体格、尖锐爪牙、强大的力量和领地意识，以及独特的条纹或斑纹。

在之前的分析中，玩家4的描述被认为与卧底词不符，因为它没有明确提到“猫科”这一关键词，而且描述中的一些特征与玩家1、2、3的描述相似，但没有完全一致。

然而，经过对比，玩家4的描述实际上与玩家1、2、3的描述在关键特征上是非常接近的，特别是都提到了动物的条纹、力量、领地意识和狩猎能力。这种一致性表明玩家4的描述可能与卧底词相符。

因此，如果之前认为玩家4是卧底是基于描述的不一致性，那么在目前的描述中，玩家4的描述与其他玩家的描述没有显著的不一致之处。在这种情况下，不能仅凭描述的不一致性来推断卧底，因为所有玩家的描述都非常相似。

综上所述，没有足够的信息来明确指出卧底是哪位玩家，因为所有玩家的描述都围绕相同的特征展开。需要更多的信息或者进一步的描述来做出准确的判断。
2024-12-12 21:43:14,649 - 3 - INFO - **********JUDGER**********
你刚刚的分析是根据玩家们的第二轮描述和之前的分析，以下是进一步的分析：

1. 玩家1的描述强调了动物的独特条纹图案、威猛的形象、卓越的捕猎技巧和力量，以及这些条纹在狩猎时的隐蔽作用。

2. 玩家2的描述也提到了动物的金黄色皮毛、黑色条纹、强大的领地意识和狩猎能力，以及条纹在自然界中的伪装效果。

3. 玩家3的描述与玩家1和玩家2的描述非常相似，强调了动物的体型、斑纹、敏捷的身手、捕猎技巧和力量。

4. 玩家4的描述提到了动物的强健体格、尖锐爪牙、强大的力量和领地意识，以及独特的条纹或斑纹。

在之前的分析中，玩家4的描述被认为与卧底词不符，因为它没有明确提到“猫科”这一关键词，而且描述中的一些特征与玩家1、2、3的描述相似，但没有完全一致。

然而，经过对比，玩家4的描述实际上与玩家1、2、3的描述在关键特征上是非常接近的，特别是都提到了动物的条纹、力量、领地意识和狩猎能力。这种一致性表明玩家4的描述可能与卧底词相符。

因此，如果之前认为玩家4是卧底是基于描述的不一致性，那么在目前的描述中，玩家4的描述与其他玩家的描述没有显著的不一致之处。在这种情况下，不能仅凭描述的不一致性来推断卧底，因为所有玩家的描述都非常相似。

综上所述，没有足够的信息来明确指出卧底是哪位玩家，因为所有玩家的描述都围绕相同的特征展开。需要更多的信息或者进一步的描述来做出准确的判断。|| `请根据上述分析，比较描述以找出不一致之处，注意，这局游戏的词语分类为<动物>，卧底词和平民词都属于该类。
2024-12-12 21:43:25,095 - 3 - INFO - **********PLAYER3**********
根据上述分析，我们可以比较描述中的不一致之处如下：

1. 关键词提及：
   - 玩家1、玩家2和玩家3的描述中都提到了“猫科动物”这一关键词，明确指出了动物属于猫科。
   - 玩家4的描述中虽然没有直接提到“猫科”，但描述了动物的“强健体格”、“尖锐爪牙”、“强大的力量”和“领地意识”，这些都是猫科动物的特征。

2. 特征描述：
   - 玩家1、玩家2和玩家3的描述中都强调了动物的条纹图案，而玩家4的描述中提到了“独特的条纹或斑纹”，这里使用了“或”字，暗示可能存在两种特征之一。

3. 皮毛描述：
   - 玩家2的描述中提到了动物有“金黄色的皮毛和黑色条纹”，而玩家1和玩家3的描述中没有提及皮毛的颜色。

4. 捕猎技巧：
   - 玩家1的描述中特别强调了动物的“卓越的捕猎技巧”，而玩家2和玩家3的描述中虽然也提到了狩猎能力，但没有使用“卓越”这一词汇。

基于以上不一致之处，玩家4的描述在关键词提及的明确性和特征描述的准确性上与玩家1、2、3的描述存在细微的差异。这些差异虽然不显著，但可能表明玩家4的描述与卧底词有所不同。然而，这些差异可能也是玩家4在描述时的策略选择，因此需要更多的信息或后续描述来进一步确认。
2024-12-12 21:43:25,096 - 3 - INFO - **********JUDGER**********
你刚刚的分析是根据上述分析，我们可以比较描述中的不一致之处如下：

1. 关键词提及：
   - 玩家1、玩家2和玩家3的描述中都提到了“猫科动物”这一关键词，明确指出了动物属于猫科。
   - 玩家4的描述中虽然没有直接提到“猫科”，但描述了动物的“强健体格”、“尖锐爪牙”、“强大的力量”和“领地意识”，这些都是猫科动物的特征。

2. 特征描述：
   - 玩家1、玩家2和玩家3的描述中都强调了动物的条纹图案，而玩家4的描述中提到了“独特的条纹或斑纹”，这里使用了“或”字，暗示可能存在两种特征之一。

3. 皮毛描述：
   - 玩家2的描述中提到了动物有“金黄色的皮毛和黑色条纹”，而玩家1和玩家3的描述中没有提及皮毛的颜色。

4. 捕猎技巧：
   - 玩家1的描述中特别强调了动物的“卓越的捕猎技巧”，而玩家2和玩家3的描述中虽然也提到了狩猎能力，但没有使用“卓越”这一词汇。

基于以上不一致之处，玩家4的描述在关键词提及的明确性和特征描述的准确性上与玩家1、2、3的描述存在细微的差异。这些差异虽然不显著，但可能表明玩家4的描述与卧底词有所不同。然而，这些差异可能也是玩家4在描述时的策略选择，因此需要更多的信息或后续描述来进一步确认。|| 请通过你分析的不一致之处，推断卧底身份，注意，这局游戏的词语分类为<动物>，卧底词和平民词都属于该类。
2024-12-12 21:43:26,188 - 3 - INFO - **********PLAYER3**********
4
2024-12-12 21:43:26,190 - 3 - INFO - **********JUDGER**********
你刚刚的推断是4|| 基于你刚刚的推断得出你的最终结论，请输出你认为的卧底，在这种情况下只需要输出编号，是1-4中的某个数字，不要输出其他信息。在这个过程不要进行任何推理，只对||以前的部分进行信息提取
2024-12-12 21:43:27,116 - 3 - INFO - **********PLAYER3**********
4
2024-12-12 21:43:53,705 - 3 - INFO - **********JUDGER**********
玩家1说：这是一种大型猫科动物，拥有强大的肌肉和锋利的爪牙。它在猫科动物中以其威猛的形象和独特的条纹图案而闻名。这种动物以其卓越的捕猎技巧和力量而著称，它在同类中独树一帜，拥有独一无二的条纹，这些条纹不仅美观，而且在狩猎时有助于隐蔽。这种动物以其卓越的领地防御能力和强大的狩猎本能而闻名，它的身体结构特别适应了在森林中的生存，拥有独特的条纹，这些条纹在日光下反射，使其在捕猎时几乎不可见。玩家2说：这种动物体型庞大，四肢强健，拥有金黄色的皮毛和黑色条纹，给人一种威严的感觉。在同类中，它以其强大的领地意识和独特的条纹作为最显著的不同特征。这种动物在同类中以其出色的狩猎能力和强大的力量闻名，它们在领地中表现出强烈的保护性，这种特性使得它们在同类中显得格外突出。它们的皮毛带有独特的图案，这些图案在自然界中提供了良好的伪装效果，有助于它们在狩猎时更加隐蔽。这种动物在同类中以其卓越的领地保护能力和强大的狩猎本能而著称，它们在自然环境中展现出强大的适应能力。它们的身体结构特别适合于森林生活，拥有独特的条纹，这些条纹在阳光下反射，使得它们在捕猎时几乎不可见，同时也增强了它们的威严形象。玩家3说：这种动物体型较大，拥有健壮的体格和敏锐的感官。它在同类中以其独特的斑纹而著名，这些斑纹有助于它在自然界中伪装和狩猎。这种动物以其优雅的身姿和敏捷的身手而著称，它们在捕猎时展现出卓越的技巧。在同类中，它们以其出色的速度和力量而闻名，能够在短时间内迅速捕捉猎物。这种动物在自然界中的独特条纹不仅是美观的象征，也是它们生存的关键，这些条纹使得它们能够在丛林中完美融入，成为狩猎时的隐形者。玩家4说：这种动物通常有着强健的体格和尖锐的爪牙，它们在同类中以其强大的力量和领地意识著称。在它们的种群中，它们以其独特的条纹或斑纹为最显著的不同特征。这种动物在同类中以其巨大的体型和强有力的四肢而著称，它们在自然界中以独特的条纹为标志，这些条纹不仅美观，而且在捕猎时提供了极佳的伪装效果。它们的身体结构适合于狩猎和领地防御，这使得它们在同类中占据着独特的地位。你是第3号玩家，你的关键词是<豹子>。你的回答中绝对不能包含你的关键词<豹子>。这是第三轮描述，你之前的描述是这种动物体型较大，拥有健壮的体格和敏锐的感官。它在同类中以其独特的斑纹而著名，这些斑纹有助于它在自然界中伪装和狩猎。和这种动物以其优雅的身姿和敏捷的身手而著称，它们在捕猎时展现出卓越的技巧。在同类中，它们以其出色的速度和力量而闻名，能够在短时间内迅速捕捉猎物。这种动物在自然界中的独特条纹不仅是美观的象征，也是它们生存的关键，这些条纹使得它们能够在丛林中完美融入，成为狩猎时的隐形者。，注意，这局游戏的词语分类为<动物>，卧底词和平民词都属于该类，请你补充关于关键词的描述，注意，你的描述应该比起之前的描述更加贴近关键词，作为之前的补充
2024-12-12 21:43:57,458 - 3 - INFO - **********PLAYER3**********
这种动物以其优雅的线条和流线型的身体而著称，它们在丛林中快速穿梭，展现出令人惊叹的敏捷性。它们的身体结构专为高速奔跑和捕猎而设计，拥有出色的弹跳能力和惊人的爆发力。这种动物在捕猎时能够迅速接近猎物，并以一击必杀的精准度完成狩猎。它们的独特条纹不仅美观，而且在阳光下反射，帮助它们在狩猎时更好地融入环境，成为丛林中的隐秘猎手。
2024-12-12 21:44:23,017 - 3 - INFO - **********JUDGER**********
玩家1说：这是一种大型猫科动物，拥有强大的肌肉和锋利的爪牙。它在猫科动物中以其威猛的形象和独特的条纹图案而闻名。这种动物以其卓越的捕猎技巧和力量而著称，它在同类中独树一帜，拥有独一无二的条纹，这些条纹不仅美观，而且在狩猎时有助于隐蔽。这种动物以其卓越的领地防御能力和强大的狩猎本能而闻名，它的身体结构特别适应了在森林中的生存，拥有独特的条纹，这些条纹在日光下反射，使其在捕猎时几乎不可见。玩家2说：这种动物体型庞大，四肢强健，拥有金黄色的皮毛和黑色条纹，给人一种威严的感觉。在同类中，它以其强大的领地意识和独特的条纹作为最显著的不同特征。这种动物在同类中以其出色的狩猎能力和强大的力量闻名，它们在领地中表现出强烈的保护性，这种特性使得它们在同类中显得格外突出。它们的皮毛带有独特的图案，这些图案在自然界中提供了良好的伪装效果，有助于它们在狩猎时更加隐蔽。这种动物在同类中以其卓越的领地保护能力和强大的狩猎本能而著称，它们在自然环境中展现出强大的适应能力。它们的身体结构特别适合于森林生活，拥有独特的条纹，这些条纹在阳光下反射，使得它们在捕猎时几乎不可见，同时也增强了它们的威严形象。玩家3说：这种动物体型较大，拥有健壮的体格和敏锐的感官。它在同类中以其独特的斑纹而著名，这些斑纹有助于它在自然界中伪装和狩猎。这种动物以其优雅的身姿和敏捷的身手而著称，它们在捕猎时展现出卓越的技巧。在同类中，它们以其出色的速度和力量而闻名，能够在短时间内迅速捕捉猎物。这种动物在自然界中的独特条纹不仅是美观的象征，也是它们生存的关键，这些条纹使得它们能够在丛林中完美融入，成为狩猎时的隐形者。这种动物以其优雅的线条和流线型的身体而著称，它们在丛林中快速穿梭，展现出令人惊叹的敏捷性。它们的身体结构专为高速奔跑和捕猎而设计，拥有出色的弹跳能力和惊人的爆发力。这种动物在捕猎时能够迅速接近猎物，并以一击必杀的精准度完成狩猎。它们的独特条纹不仅美观，而且在阳光下反射，帮助它们在狩猎时更好地融入环境，成为丛林中的隐秘猎手。玩家4说：这种动物通常有着强健的体格和尖锐的爪牙，它们在同类中以其强大的力量和领地意识著称。在它们的种群中，它们以其独特的条纹或斑纹为最显著的不同特征。这种动物在同类中以其巨大的体型和强有力的四肢而著称，它们在自然界中以独特的条纹为标志，这些条纹不仅美观，而且在捕猎时提供了极佳的伪装效果。它们的身体结构适合于狩猎和领地防御，这使得它们在同类中占据着独特的地位。这种动物以其雄壮的身躯和敏锐的感官而著称，它们在同类中以其独特的条纹为最显著的不同特征。这些条纹在阳光下反射，使得它们在捕猎时能够更好地融入环境，成为丛林中的隐秘猎手。它们的身体结构专为捕猎和领地防御而设计，拥有出色的力量和敏捷性。||在这个游戏中，我们需要通过分析每位玩家的描述来找出卧底。通常，平民的描述会围绕相同的词语展开，而卧底的描述可能会因为词语的不同而显得不太一致。我们需要仔细比较每个描述之间的相似性和差异性，以找出可能的卧底，注意，卧底并不会隐藏自己，他会直接描述他的词语，现在，逐一分析每个玩家的描述，注意，这局游戏的词语分类为<动物>，卧底词和平民词都属于该类。||之前是第3轮描述和之前轮数描述的合集。你之前认为的卧底是玩家4。
2024-12-12 21:44:32,720 - 3 - INFO - **********PLAYER3**********
根据玩家们的第三轮描述和之前的分析，以下是进一步的分析：

1. 玩家1的描述强调了动物的威猛形象、独特的条纹图案、卓越的捕猎技巧、领地防御能力，以及身体结构适应森林生存。

2. 玩家2的描述提到了动物的体型、强健四肢、金黄色的皮毛、黑色条纹、强大的领地意识和狩猎能力，以及条纹的伪装效果。

3. 玩家3的描述与之前相似，强调了动物的体型、独特的斑纹、优雅的身姿、敏捷的身手、出色的速度和力量，以及条纹的伪装和狩猎辅助作用。

4. 玩家4的描述提到了动物的强健体格、尖锐爪牙、强大的力量、领地意识、巨大的体型、独特的条纹或斑纹、伪装效果，以及专为捕猎和领地防御设计的身体结构。

在之前的分析中，玩家4的描述被认为与卧底词不符，因为它没有明确提到“猫科”这一关键词，而且描述中的一些特征与玩家1、2、3的描述相似，但没有完全一致。

然而，经过对比，玩家4的描述实际上与玩家1、2、3的描述在关键特征上是非常接近的，特别是都提到了动物的条纹、力量、领地意识和狩猎能力。这种一致性表明玩家4的描述可能与卧底词相符。

因此，基于这些描述，玩家4的描述在关键词的精确性和词汇选择上与玩家1、2、3的描述存在细微的差异，这些差异可能表明玩家4的描述与卧底词有所不同。然而，这些差异可能也是玩家4在描述时的策略选择，因此需要更多的信息或后续描述来进一步确认。

综上所述，没有足够的信息来明确指出卧底是哪位玩家，因为所有玩家的描述都围绕相同的特征展开。需要更多的信息或者进一步的描述来做出准确的判断。
2024-12-12 21:44:32,721 - 3 - INFO - **********JUDGER**********
你刚刚的分析是根据玩家们的第三轮描述和之前的分析，以下是进一步的分析：

1. 玩家1的描述强调了动物的威猛形象、独特的条纹图案、卓越的捕猎技巧、领地防御能力，以及身体结构适应森林生存。

2. 玩家2的描述提到了动物的体型、强健四肢、金黄色的皮毛、黑色条纹、强大的领地意识和狩猎能力，以及条纹的伪装效果。

3. 玩家3的描述与之前相似，强调了动物的体型、独特的斑纹、优雅的身姿、敏捷的身手、出色的速度和力量，以及条纹的伪装和狩猎辅助作用。

4. 玩家4的描述提到了动物的强健体格、尖锐爪牙、强大的力量、领地意识、巨大的体型、独特的条纹或斑纹、伪装效果，以及专为捕猎和领地防御设计的身体结构。

在之前的分析中，玩家4的描述被认为与卧底词不符，因为它没有明确提到“猫科”这一关键词，而且描述中的一些特征与玩家1、2、3的描述相似，但没有完全一致。

然而，经过对比，玩家4的描述实际上与玩家1、2、3的描述在关键特征上是非常接近的，特别是都提到了动物的条纹、力量、领地意识和狩猎能力。这种一致性表明玩家4的描述可能与卧底词相符。

因此，基于这些描述，玩家4的描述在关键词的精确性和词汇选择上与玩家1、2、3的描述存在细微的差异，这些差异可能表明玩家4的描述与卧底词有所不同。然而，这些差异可能也是玩家4在描述时的策略选择，因此需要更多的信息或后续描述来进一步确认。

综上所述，没有足够的信息来明确指出卧底是哪位玩家，因为所有玩家的描述都围绕相同的特征展开。需要更多的信息或者进一步的描述来做出准确的判断。|| `请根据上述分析，比较描述以找出不一致之处，注意，这局游戏的词语分类为<动物>，卧底词和平民词都属于该类。
2024-12-12 21:44:47,224 - 3 - INFO - **********PLAYER3**********
根据上述分析，我们可以比较描述中的不一致之处如下：

1. 关键词提及：
   - 玩家1、玩家2和玩家3的描述中都提到了“猫科动物”这一关键词，而玩家4的描述中没有明确提及“猫科”。

2. 特征描述的侧重：
   - 玩家1的描述侧重于动物的威猛形象、条纹图案、捕猎技巧和领地防御能力。
   - 玩家2的描述侧重于动物的体型、皮毛颜色、条纹的伪装效果和领地意识。
   - 玩家3的描述侧重于动物的体型、斑纹、优雅的身姿、敏捷的身手和狩猎技巧。
   - 玩家4的描述侧重于动物的强健体格、尖锐爪牙、力量、领地意识、体型和条纹的伪装效果。

3. 描述的细节：
   - 玩家1和玩家2的描述中都提到了动物的皮毛颜色（金黄色和黑色条纹），而玩家3和玩家4没有提及。
   - 玩家1和玩家3的描述中都提到了动物在日光下条纹的反射效果，而玩家2和玩家4没有明确提及。

4. 描述的语气和风格：
   - 玩家1和玩家2的描述中使用了更多的形容词和修辞手法，而玩家3和玩家4的描述更为直接和具体。

基于以上不一致之处，玩家4的描述在关键词提及、特征描述的侧重和描述的细节上与玩家1、2、3的描述存在差异。这些差异虽然不显著，但可能表明玩家4的描述与卧底词有所不同。然而，这些差异也可能是玩家4在描述时的策略选择，因此需要更多的信息或后续描述来进一步确认。
2024-12-12 21:44:47,225 - 3 - INFO - **********JUDGER**********
你刚刚的分析是根据上述分析，我们可以比较描述中的不一致之处如下：

1. 关键词提及：
   - 玩家1、玩家2和玩家3的描述中都提到了“猫科动物”这一关键词，而玩家4的描述中没有明确提及“猫科”。

2. 特征描述的侧重：
   - 玩家1的描述侧重于动物的威猛形象、条纹图案、捕猎技巧和领地防御能力。
   - 玩家2的描述侧重于动物的体型、皮毛颜色、条纹的伪装效果和领地意识。
   - 玩家3的描述侧重于动物的体型、斑纹、优雅的身姿、敏捷的身手和狩猎技巧。
   - 玩家4的描述侧重于动物的强健体格、尖锐爪牙、力量、领地意识、体型和条纹的伪装效果。

3. 描述的细节：
   - 玩家1和玩家2的描述中都提到了动物的皮毛颜色（金黄色和黑色条纹），而玩家3和玩家4没有提及。
   - 玩家1和玩家3的描述中都提到了动物在日光下条纹的反射效果，而玩家2和玩家4没有明确提及。

4. 描述的语气和风格：
   - 玩家1和玩家2的描述中使用了更多的形容词和修辞手法，而玩家3和玩家4的描述更为直接和具体。

基于以上不一致之处，玩家4的描述在关键词提及、特征描述的侧重和描述的细节上与玩家1、2、3的描述存在差异。这些差异虽然不显著，但可能表明玩家4的描述与卧底词有所不同。然而，这些差异也可能是玩家4在描述时的策略选择，因此需要更多的信息或后续描述来进一步确认。|| 请通过你分析的不一致之处，推断卧底身份，注意，这局游戏的词语分类为<动物>，卧底词和平民词都属于该类。
2024-12-12 21:44:48,648 - 3 - INFO - **********PLAYER3**********
4
2024-12-12 21:44:48,649 - 3 - INFO - **********JUDGER**********
你刚刚的推断是4|| 基于你刚刚的推断得出你的最终结论，请输出你认为的卧底，在这种情况下只需要输出编号，是1-4中的某个数字，不要输出其他信息。在这个过程不要进行任何推理，只对||以前的部分进行信息提取
2024-12-12 21:44:49,810 - 3 - INFO - **********PLAYER3**********
4
