2024-12-12 21:41:11,905 - 4 - INFO - **********JUDGER**********
让我们来玩一个叫做<谁是卧底>的推理游戏。基本规则：<人数>：4人。<角色分配>：每位玩家随机抽取一个词语，3名玩家拿到的词语是相同的（平民词），1名玩家拿到与之相近但不同的词语（卧底词）。<游戏流程>：1、玩家轮流描述自己的词语，但<不能>直接说出词语本身。2、描述完毕后，投票选出最像卧底的玩家。3、每轮结束后，被投票选出的玩家出局，不能再进行描述或投票。4、每轮投票结束后，如果卧底被成功找出，平民方获胜；如果卧底未被找出且卧底人数等于或超过平民人数，则卧底方获胜。你将扮演一个<玩家>，请等待你被分配到的关键词。如果你听懂了，只回答，"好的，我准备好参加游戏了"，不要输出别的信息
2024-12-12 21:41:12,435 - 4 - INFO - **********PLAYER4**********
好的，我准备好参加游戏了
2024-12-12 21:41:16,047 - 4 - INFO - **********JUDGER**********
玩家1说：这是一种大型猫科动物，拥有强大的肌肉和锋利的爪牙。它在猫科动物中以其威猛的形象和独特的条纹图案而闻名。玩家2说：这种动物体型庞大，四肢强健，拥有金黄色的皮毛和黑色条纹，给人一种威严的感觉。在同类中，它以其强大的领地意识和独特的条纹作为最显著的不同特征。玩家3说：这种动物体型较大，拥有健壮的体格和敏锐的感官。它在同类中以其独特的斑纹而著名，这些斑纹有助于它在自然界中伪装和狩猎。玩家4说：|| 你是第4号玩家，你的关键词是<老虎>。你的回答中绝对不能包含你的关键词<老虎>。这是第一轮描述，不需要分析||之前别的玩家的描述，请你描述关键词基本特征，注意，这局游戏的词语分类为<动物>，卧底词和平民词都属于该类，描述包括以下两点，1.他的基本特征是什么2.他在该类（动物）中最突出不同的特征是什么，尽量简短
2024-12-12 21:41:19,555 - 4 - INFO - **********PLAYER4**********
这种动物通常有着强健的体格和尖锐的爪牙，它们在同类中以其强大的力量和领地意识著称。在它们的种群中，它们以其独特的条纹或斑纹为最显著的不同特征。
2024-12-12 21:42:16,251 - 4 - INFO - **********JUDGER**********
玩家1说：这是一种大型猫科动物，拥有强大的肌肉和锋利的爪牙。它在猫科动物中以其威猛的形象和独特的条纹图案而闻名。玩家2说：这种动物体型庞大，四肢强健，拥有金黄色的皮毛和黑色条纹，给人一种威严的感觉。在同类中，它以其强大的领地意识和独特的条纹作为最显著的不同特征。玩家3说：这种动物体型较大，拥有健壮的体格和敏锐的感官。它在同类中以其独特的斑纹而著名，这些斑纹有助于它在自然界中伪装和狩猎。玩家4说：||在这个游戏中，我们需要通过分析每位玩家的描述来找出卧底。通常，平民的描述会围绕相同的词语展开，而卧底的描述可能会因为词语的不同而显得不太一致。我们需要仔细比较每个描述之间的相似性和差异性，以找出可能的卧底，注意，卧底并不会隐藏自己，他会直接描述他的词语，现在，逐一分析每个玩家的描述，注意，这局游戏的词语分类为<动物>，卧底词和平民词都属于该类。这是第一轮描述。
2024-12-12 21:42:23,415 - 4 - INFO - **********PLAYER4**********
好的，根据玩家的描述，我们可以看出以下几点：

玩家1的描述提到了大型猫科动物、强大的肌肉、锋利的爪牙、威猛的形象和独特的条纹图案。
玩家2的描述强调了体型庞大、四肢强健、金黄色的皮毛、黑色条纹、威严的感觉、强大的领地意识和独特的条纹。
玩家3的描述提到了体型较大、健壮的体格、敏锐的感官、独特的斑纹、伪装和狩猎。

从这些描述中，我们可以看出玩家1、2和3的描述都围绕着大型猫科动物的特征，特别是提到了条纹或斑纹这一共同点。玩家4的描述虽然也提到了体型较大和独特的斑纹，但并没有像其他玩家那样详细描述肌肉、爪牙、威严感或领地意识等特征。

基于这些信息，玩家4的描述可能与其他玩家的描述存在差异，这可能是一个值得关注的点。然而，由于玩家4的描述没有明确提到关键词，我们无法确定他是否是卧底。我们需要在下一轮中继续观察和比较描述，以确定谁是卧底。
2024-12-12 21:42:23,416 - 4 - INFO - **********JUDGER**********
你刚刚的分析是好的，根据玩家的描述，我们可以看出以下几点：

玩家1的描述提到了大型猫科动物、强大的肌肉、锋利的爪牙、威猛的形象和独特的条纹图案。
玩家2的描述强调了体型庞大、四肢强健、金黄色的皮毛、黑色条纹、威严的感觉、强大的领地意识和独特的条纹。
玩家3的描述提到了体型较大、健壮的体格、敏锐的感官、独特的斑纹、伪装和狩猎。

从这些描述中，我们可以看出玩家1、2和3的描述都围绕着大型猫科动物的特征，特别是提到了条纹或斑纹这一共同点。玩家4的描述虽然也提到了体型较大和独特的斑纹，但并没有像其他玩家那样详细描述肌肉、爪牙、威严感或领地意识等特征。

基于这些信息，玩家4的描述可能与其他玩家的描述存在差异，这可能是一个值得关注的点。然而，由于玩家4的描述没有明确提到关键词，我们无法确定他是否是卧底。我们需要在下一轮中继续观察和比较描述，以确定谁是卧底。|| `请根据上述分析，比较描述以找出不一致之处，注意，这局游戏的词语分类为<动物>，卧底词和平民词都属于该类。
2024-12-12 21:42:29,880 - 4 - INFO - **********PLAYER4**********
根据上述分析，以下是不一致之处：

1. **肌肉和爪牙的描述**：玩家1提到了“强大的肌肉和锋利的爪牙”，而玩家4的描述中没有提到这些特征。

2. **威严感和领地意识**：玩家2描述了动物的金黄色皮毛、黑色条纹、威严的感觉和强大的领地意识，这些特征在玩家4的描述中并未提及。

3. **感官和狩猎能力**：玩家3提到了动物拥有敏锐的感官和伪装狩猎的能力，这些细节在玩家4的描述中也没有出现。

4. **条纹的描述**：虽然玩家1、2和3都提到了独特的条纹或斑纹，但玩家4的描述中提到的是“独特的斑纹”，而其他玩家使用的是“条纹图案”或“独特的条纹”，这虽然细微，但也可能是一个区分点。

综上所述，玩家4的描述在细节上与其他玩家有所不同，这可能表明他的词语与玩家1、2、3的词语不完全一致，从而可能是卧底。然而，没有确凿的证据，我们需要在下一轮中继续观察和比较描述来进一步确认。
2024-12-12 21:42:29,881 - 4 - INFO - **********JUDGER**********
你刚刚的分析是根据上述分析，以下是不一致之处：

1. **肌肉和爪牙的描述**：玩家1提到了“强大的肌肉和锋利的爪牙”，而玩家4的描述中没有提到这些特征。

2. **威严感和领地意识**：玩家2描述了动物的金黄色皮毛、黑色条纹、威严的感觉和强大的领地意识，这些特征在玩家4的描述中并未提及。

3. **感官和狩猎能力**：玩家3提到了动物拥有敏锐的感官和伪装狩猎的能力，这些细节在玩家4的描述中也没有出现。

4. **条纹的描述**：虽然玩家1、2和3都提到了独特的条纹或斑纹，但玩家4的描述中提到的是“独特的斑纹”，而其他玩家使用的是“条纹图案”或“独特的条纹”，这虽然细微，但也可能是一个区分点。

综上所述，玩家4的描述在细节上与其他玩家有所不同，这可能表明他的词语与玩家1、2、3的词语不完全一致，从而可能是卧底。然而，没有确凿的证据，我们需要在下一轮中继续观察和比较描述来进一步确认。|| 请通过你分析的不一致之处，推断卧底身份，注意，这局游戏的词语分类为<动物>，卧底词和平民词都属于该类。
2024-12-12 21:42:34,608 - 4 - INFO - **********PLAYER4**********
基于分析中提到的不一致之处，以下是我的推断：

1. 玩家1、2和3的描述都强调了动物的肌肉、爪牙、威严感、领地意识和条纹图案或条纹，而玩家4的描述没有提及这些特征，这表明玩家4的词语可能与这些特征不匹配。

2. 玩家4的描述中提到的是“独特的斑纹”，而其他玩家使用的是“条纹图案”或“独特的条纹”，这种细微的语言差异可能意味着玩家4的词语在视觉特征上与大多数人描述的动物不同。

考虑到这些不一致之处，以及游戏规则中提到的卧底词通常与平民词相近但不同，我推断玩家4可能是卧底。他的词语可能是与大型猫科动物有关，但在某些关键特征上与玩家1、2、3所描述的动物不同。由于没有具体的动物名称被提及，我们无法确定具体的卧底词是什么，但根据描述的不一致性，玩家4有较高的可能性是卧底。
2024-12-12 21:42:34,608 - 4 - INFO - **********JUDGER**********
你刚刚的推断是基于分析中提到的不一致之处，以下是我的推断：

1. 玩家1、2和3的描述都强调了动物的肌肉、爪牙、威严感、领地意识和条纹图案或条纹，而玩家4的描述没有提及这些特征，这表明玩家4的词语可能与这些特征不匹配。

2. 玩家4的描述中提到的是“独特的斑纹”，而其他玩家使用的是“条纹图案”或“独特的条纹”，这种细微的语言差异可能意味着玩家4的词语在视觉特征上与大多数人描述的动物不同。

考虑到这些不一致之处，以及游戏规则中提到的卧底词通常与平民词相近但不同，我推断玩家4可能是卧底。他的词语可能是与大型猫科动物有关，但在某些关键特征上与玩家1、2、3所描述的动物不同。由于没有具体的动物名称被提及，我们无法确定具体的卧底词是什么，但根据描述的不一致性，玩家4有较高的可能性是卧底。|| 基于你刚刚的推断得出你的最终结论，请输出你认为的卧底，在这种情况下只需要输出编号，是1-4中的某个数字，不要输出其他信息。在这个过程不要进行任何推理，只对||以前的部分进行信息提取
2024-12-12 21:42:35,215 - 4 - INFO - **********PLAYER4**********
4
2024-12-12 21:42:44,789 - 4 - INFO - **********JUDGER**********
玩家1说：这是一种大型猫科动物，拥有强大的肌肉和锋利的爪牙。它在猫科动物中以其威猛的形象和独特的条纹图案而闻名。这种动物以其卓越的捕猎技巧和力量而著称，它在同类中独树一帜，拥有独一无二的条纹，这些条纹不仅美观，而且在狩猎时有助于隐蔽。玩家2说：这种动物体型庞大，四肢强健，拥有金黄色的皮毛和黑色条纹，给人一种威严的感觉。在同类中，它以其强大的领地意识和独特的条纹作为最显著的不同特征。这种动物在同类中以其出色的狩猎能力和强大的力量闻名，它们在领地中表现出强烈的保护性，这种特性使得它们在同类中显得格外突出。它们的皮毛带有独特的图案，这些图案在自然界中提供了良好的伪装效果，有助于它们在狩猎时更加隐蔽。玩家3说：这种动物体型较大，拥有健壮的体格和敏锐的感官。它在同类中以其独特的斑纹而著名，这些斑纹有助于它在自然界中伪装和狩猎。这种动物以其优雅的身姿和敏捷的身手而著称，它们在捕猎时展现出卓越的技巧。在同类中，它们以其出色的速度和力量而闻名，能够在短时间内迅速捕捉猎物。这种动物在自然界中的独特条纹不仅是美观的象征，也是它们生存的关键，这些条纹使得它们能够在丛林中完美融入，成为狩猎时的隐形者。玩家4说：这种动物通常有着强健的体格和尖锐的爪牙，它们在同类中以其强大的力量和领地意识著称。在它们的种群中，它们以其独特的条纹或斑纹为最显著的不同特征。你是第4号玩家，你的关键词是<老虎>。你的回答中绝对不能包含你的关键词<老虎>。这是第二轮描述，你之前的描述是这种动物通常有着强健的体格和尖锐的爪牙，它们在同类中以其强大的力量和领地意识著称。在它们的种群中，它们以其独特的条纹或斑纹为最显著的不同特征。，注意，这局游戏的词语分类为<动物>，卧底词和平民词都属于该类，请你补充关于关键词的描述，注意，你的描述应该比起之前的描述更加贴近关键词，作为之前的补充
2024-12-12 21:42:47,172 - 4 - INFO - **********PLAYER4**********
这种动物在同类中以其巨大的体型和强有力的四肢而著称，它们在自然界中以独特的条纹为标志，这些条纹不仅美观，而且在捕猎时提供了极佳的伪装效果。它们的身体结构适合于狩猎和领地防御，这使得它们在同类中占据着独特的地位。
2024-12-12 21:43:27,117 - 4 - INFO - **********JUDGER**********
玩家1说：这是一种大型猫科动物，拥有强大的肌肉和锋利的爪牙。它在猫科动物中以其威猛的形象和独特的条纹图案而闻名。这种动物以其卓越的捕猎技巧和力量而著称，它在同类中独树一帜，拥有独一无二的条纹，这些条纹不仅美观，而且在狩猎时有助于隐蔽。玩家2说：这种动物体型庞大，四肢强健，拥有金黄色的皮毛和黑色条纹，给人一种威严的感觉。在同类中，它以其强大的领地意识和独特的条纹作为最显著的不同特征。这种动物在同类中以其出色的狩猎能力和强大的力量闻名，它们在领地中表现出强烈的保护性，这种特性使得它们在同类中显得格外突出。它们的皮毛带有独特的图案，这些图案在自然界中提供了良好的伪装效果，有助于它们在狩猎时更加隐蔽。玩家3说：这种动物体型较大，拥有健壮的体格和敏锐的感官。它在同类中以其独特的斑纹而著名，这些斑纹有助于它在自然界中伪装和狩猎。这种动物以其优雅的身姿和敏捷的身手而著称，它们在捕猎时展现出卓越的技巧。在同类中，它们以其出色的速度和力量而闻名，能够在短时间内迅速捕捉猎物。这种动物在自然界中的独特条纹不仅是美观的象征，也是它们生存的关键，这些条纹使得它们能够在丛林中完美融入，成为狩猎时的隐形者。玩家4说：这种动物通常有着强健的体格和尖锐的爪牙，它们在同类中以其强大的力量和领地意识著称。在它们的种群中，它们以其独特的条纹或斑纹为最显著的不同特征。||在这个游戏中，我们需要通过分析每位玩家的描述来找出卧底。通常，平民的描述会围绕相同的词语展开，而卧底的描述可能会因为词语的不同而显得不太一致。我们需要仔细比较每个描述之间的相似性和差异性，以找出可能的卧底，注意，卧底并不会隐藏自己，他会直接描述他的词语，现在，逐一分析每个玩家的描述，注意，这局游戏的词语分类为<动物>，卧底词和平民词都属于该类。||之前是第2轮描述和之前轮数描述的合集。你之前认为的卧底是玩家4。
2024-12-12 21:43:34,993 - 4 - INFO - **********PLAYER4**********
根据第二轮描述和之前的描述，我们可以进行以下分析：

玩家1、2、3和4的描述都集中在大型猫科动物上，特别是提到了以下共同特征：
- 强大的肌肉和锋利的爪牙
- 威猛的形象
- 独特的条纹图案
- 强大的力量
- 出色的狩猎技巧
- 领地意识
- 伪装效果

然而，玩家4的描述与玩家1、2、3的描述在以下方面有所不同：
- 玩家4没有提到皮毛的颜色（金黄色）和狩猎时的伪装效果。
- 玩家4没有强调动物在领地中的保护性和皮毛图案的伪装效果。

尽管玩家4的描述在某些细节上与玩家1、2、3有所不同，但所有玩家的描述都围绕同一个类别（动物）和相似的特征。没有明显的描述不一致性足以确定玩家4是卧底。

因此，基于目前的描述，无法明确判断玩家4是否是卧底。需要更多的信息或描述来进一步分析。
2024-12-12 21:43:34,995 - 4 - INFO - **********JUDGER**********
你刚刚的分析是根据第二轮描述和之前的描述，我们可以进行以下分析：

玩家1、2、3和4的描述都集中在大型猫科动物上，特别是提到了以下共同特征：
- 强大的肌肉和锋利的爪牙
- 威猛的形象
- 独特的条纹图案
- 强大的力量
- 出色的狩猎技巧
- 领地意识
- 伪装效果

然而，玩家4的描述与玩家1、2、3的描述在以下方面有所不同：
- 玩家4没有提到皮毛的颜色（金黄色）和狩猎时的伪装效果。
- 玩家4没有强调动物在领地中的保护性和皮毛图案的伪装效果。

尽管玩家4的描述在某些细节上与玩家1、2、3有所不同，但所有玩家的描述都围绕同一个类别（动物）和相似的特征。没有明显的描述不一致性足以确定玩家4是卧底。

因此，基于目前的描述，无法明确判断玩家4是否是卧底。需要更多的信息或描述来进一步分析。|| `请根据上述分析，比较描述以找出不一致之处，注意，这局游戏的词语分类为<动物>，卧底词和平民词都属于该类。
2024-12-12 21:43:44,389 - 4 - INFO - **********PLAYER4**********
根据上述分析，以下是一致之处和潜在的不一致之处：

一致之处：
- 所有玩家都描述了动物是大型猫科动物。
- 所有玩家都提到了动物拥有强大的力量和独特的条纹图案。
- 所有玩家都提到了动物的狩猎技巧和领地意识。

潜在的不一致之处：
- 玩家2和玩家3提到了动物的金黄色皮毛和黑色条纹，而玩家1和玩家4没有提及皮毛的颜色。
- 玩家2和玩家3强调了动物的威严感和在领地中的保护性，而玩家1和玩家4没有特别强调这些特征。
- 玩家2和玩家3提到了皮毛图案的伪装效果，而玩家1和玩家4没有提到这一点。

这些潜在的不一致之处可能表明玩家1、2、3的描述更加详细和具体，而玩家4的描述可能更加简略或者在某些特征上有所不同。然而，由于所有玩家的描述都集中在猫科动物这一类别，没有明显的描述直接指向玩家4是卧底。因此，需要更多的信息或描述来进一步确定不一致之处。
2024-12-12 21:43:44,392 - 4 - INFO - **********JUDGER**********
你刚刚的分析是根据上述分析，以下是一致之处和潜在的不一致之处：

一致之处：
- 所有玩家都描述了动物是大型猫科动物。
- 所有玩家都提到了动物拥有强大的力量和独特的条纹图案。
- 所有玩家都提到了动物的狩猎技巧和领地意识。

潜在的不一致之处：
- 玩家2和玩家3提到了动物的金黄色皮毛和黑色条纹，而玩家1和玩家4没有提及皮毛的颜色。
- 玩家2和玩家3强调了动物的威严感和在领地中的保护性，而玩家1和玩家4没有特别强调这些特征。
- 玩家2和玩家3提到了皮毛图案的伪装效果，而玩家1和玩家4没有提到这一点。

这些潜在的不一致之处可能表明玩家1、2、3的描述更加详细和具体，而玩家4的描述可能更加简略或者在某些特征上有所不同。然而，由于所有玩家的描述都集中在猫科动物这一类别，没有明显的描述直接指向玩家4是卧底。因此，需要更多的信息或描述来进一步确定不一致之处。|| 请通过你分析的不一致之处，推断卧底身份，注意，这局游戏的词语分类为<动物>，卧底词和平民词都属于该类。
2024-12-12 21:43:49,276 - 4 - INFO - **********PLAYER4**********
基于分析中提到的不一致之处，以下是我的推断：

1. 玩家2和玩家3的描述中提到了动物的金黄色皮毛、黑色条纹、威严感、领地意识和皮毛图案的伪装效果，而玩家1和玩家4没有提及这些具体特征。

2. 玩家4的描述中提到的是“独特的条纹或斑纹”，而没有像玩家1、2、3那样详细描述条纹的颜色和图案的具体作用。

考虑到这些不一致之处，玩家4的描述可能与其他玩家的描述存在差异，这可能是他作为卧底的一个线索。由于卧底词通常与平民词相近但不同，玩家4的词语可能与大型猫科动物有关，但在某些关键特征上与玩家1、2、3所描述的动物不同。

因此，根据这些不一致之处，玩家4可能是卧底。
2024-12-12 21:43:49,277 - 4 - INFO - **********JUDGER**********
你刚刚的推断是基于分析中提到的不一致之处，以下是我的推断：

1. 玩家2和玩家3的描述中提到了动物的金黄色皮毛、黑色条纹、威严感、领地意识和皮毛图案的伪装效果，而玩家1和玩家4没有提及这些具体特征。

2. 玩家4的描述中提到的是“独特的条纹或斑纹”，而没有像玩家1、2、3那样详细描述条纹的颜色和图案的具体作用。

考虑到这些不一致之处，玩家4的描述可能与其他玩家的描述存在差异，这可能是他作为卧底的一个线索。由于卧底词通常与平民词相近但不同，玩家4的词语可能与大型猫科动物有关，但在某些关键特征上与玩家1、2、3所描述的动物不同。

因此，根据这些不一致之处，玩家4可能是卧底。|| 基于你刚刚的推断得出你的最终结论，请输出你认为的卧底，在这种情况下只需要输出编号，是1-4中的某个数字，不要输出其他信息。在这个过程不要进行任何推理，只对||以前的部分进行信息提取
2024-12-12 21:43:49,948 - 4 - INFO - **********PLAYER4**********
4
2024-12-12 21:43:57,459 - 4 - INFO - **********JUDGER**********
玩家1说：这是一种大型猫科动物，拥有强大的肌肉和锋利的爪牙。它在猫科动物中以其威猛的形象和独特的条纹图案而闻名。这种动物以其卓越的捕猎技巧和力量而著称，它在同类中独树一帜，拥有独一无二的条纹，这些条纹不仅美观，而且在狩猎时有助于隐蔽。这种动物以其卓越的领地防御能力和强大的狩猎本能而闻名，它的身体结构特别适应了在森林中的生存，拥有独特的条纹，这些条纹在日光下反射，使其在捕猎时几乎不可见。玩家2说：这种动物体型庞大，四肢强健，拥有金黄色的皮毛和黑色条纹，给人一种威严的感觉。在同类中，它以其强大的领地意识和独特的条纹作为最显著的不同特征。这种动物在同类中以其出色的狩猎能力和强大的力量闻名，它们在领地中表现出强烈的保护性，这种特性使得它们在同类中显得格外突出。它们的皮毛带有独特的图案，这些图案在自然界中提供了良好的伪装效果，有助于它们在狩猎时更加隐蔽。这种动物在同类中以其卓越的领地保护能力和强大的狩猎本能而著称，它们在自然环境中展现出强大的适应能力。它们的身体结构特别适合于森林生活，拥有独特的条纹，这些条纹在阳光下反射，使得它们在捕猎时几乎不可见，同时也增强了它们的威严形象。玩家3说：这种动物体型较大，拥有健壮的体格和敏锐的感官。它在同类中以其独特的斑纹而著名，这些斑纹有助于它在自然界中伪装和狩猎。这种动物以其优雅的身姿和敏捷的身手而著称，它们在捕猎时展现出卓越的技巧。在同类中，它们以其出色的速度和力量而闻名，能够在短时间内迅速捕捉猎物。这种动物在自然界中的独特条纹不仅是美观的象征，也是它们生存的关键，这些条纹使得它们能够在丛林中完美融入，成为狩猎时的隐形者。这种动物以其优雅的线条和流线型的身体而著称，它们在丛林中快速穿梭，展现出令人惊叹的敏捷性。它们的身体结构专为高速奔跑和捕猎而设计，拥有出色的弹跳能力和惊人的爆发力。这种动物在捕猎时能够迅速接近猎物，并以一击必杀的精准度完成狩猎。它们的独特条纹不仅美观，而且在阳光下反射，帮助它们在狩猎时更好地融入环境，成为丛林中的隐秘猎手。玩家4说：这种动物通常有着强健的体格和尖锐的爪牙，它们在同类中以其强大的力量和领地意识著称。在它们的种群中，它们以其独特的条纹或斑纹为最显著的不同特征。这种动物在同类中以其巨大的体型和强有力的四肢而著称，它们在自然界中以独特的条纹为标志，这些条纹不仅美观，而且在捕猎时提供了极佳的伪装效果。它们的身体结构适合于狩猎和领地防御，这使得它们在同类中占据着独特的地位。你是第4号玩家，你的关键词是<老虎>。你的回答中绝对不能包含你的关键词<老虎>。这是第三轮描述，你之前的描述是这种动物通常有着强健的体格和尖锐的爪牙，它们在同类中以其强大的力量和领地意识著称。在它们的种群中，它们以其独特的条纹或斑纹为最显著的不同特征。和这种动物在同类中以其巨大的体型和强有力的四肢而著称，它们在自然界中以独特的条纹为标志，这些条纹不仅美观，而且在捕猎时提供了极佳的伪装效果。它们的身体结构适合于狩猎和领地防御，这使得它们在同类中占据着独特的地位。，注意，这局游戏的词语分类为<动物>，卧底词和平民词都属于该类，请你补充关于关键词的描述，注意，你的描述应该比起之前的描述更加贴近关键词，作为之前的补充
2024-12-12 21:44:02,416 - 4 - INFO - **********PLAYER4**********
这种动物以其雄壮的身躯和敏锐的感官而著称，它们在同类中以其独特的条纹为最显著的不同特征。这些条纹在阳光下反射，使得它们在捕猎时能够更好地融入环境，成为丛林中的隐秘猎手。它们的身体结构专为捕猎和领地防御而设计，拥有出色的力量和敏捷性。
2024-12-12 21:44:49,812 - 4 - INFO - **********JUDGER**********
玩家1说：这是一种大型猫科动物，拥有强大的肌肉和锋利的爪牙。它在猫科动物中以其威猛的形象和独特的条纹图案而闻名。这种动物以其卓越的捕猎技巧和力量而著称，它在同类中独树一帜，拥有独一无二的条纹，这些条纹不仅美观，而且在狩猎时有助于隐蔽。这种动物以其卓越的领地防御能力和强大的狩猎本能而闻名，它的身体结构特别适应了在森林中的生存，拥有独特的条纹，这些条纹在日光下反射，使其在捕猎时几乎不可见。玩家2说：这种动物体型庞大，四肢强健，拥有金黄色的皮毛和黑色条纹，给人一种威严的感觉。在同类中，它以其强大的领地意识和独特的条纹作为最显著的不同特征。这种动物在同类中以其出色的狩猎能力和强大的力量闻名，它们在领地中表现出强烈的保护性，这种特性使得它们在同类中显得格外突出。它们的皮毛带有独特的图案，这些图案在自然界中提供了良好的伪装效果，有助于它们在狩猎时更加隐蔽。这种动物在同类中以其卓越的领地保护能力和强大的狩猎本能而著称，它们在自然环境中展现出强大的适应能力。它们的身体结构特别适合于森林生活，拥有独特的条纹，这些条纹在阳光下反射，使得它们在捕猎时几乎不可见，同时也增强了它们的威严形象。玩家3说：这种动物体型较大，拥有健壮的体格和敏锐的感官。它在同类中以其独特的斑纹而著名，这些斑纹有助于它在自然界中伪装和狩猎。这种动物以其优雅的身姿和敏捷的身手而著称，它们在捕猎时展现出卓越的技巧。在同类中，它们以其出色的速度和力量而闻名，能够在短时间内迅速捕捉猎物。这种动物在自然界中的独特条纹不仅是美观的象征，也是它们生存的关键，这些条纹使得它们能够在丛林中完美融入，成为狩猎时的隐形者。这种动物以其优雅的线条和流线型的身体而著称，它们在丛林中快速穿梭，展现出令人惊叹的敏捷性。它们的身体结构专为高速奔跑和捕猎而设计，拥有出色的弹跳能力和惊人的爆发力。这种动物在捕猎时能够迅速接近猎物，并以一击必杀的精准度完成狩猎。它们的独特条纹不仅美观，而且在阳光下反射，帮助它们在狩猎时更好地融入环境，成为丛林中的隐秘猎手。玩家4说：这种动物通常有着强健的体格和尖锐的爪牙，它们在同类中以其强大的力量和领地意识著称。在它们的种群中，它们以其独特的条纹或斑纹为最显著的不同特征。这种动物在同类中以其巨大的体型和强有力的四肢而著称，它们在自然界中以独特的条纹为标志，这些条纹不仅美观，而且在捕猎时提供了极佳的伪装效果。它们的身体结构适合于狩猎和领地防御，这使得它们在同类中占据着独特的地位。这种动物以其雄壮的身躯和敏锐的感官而著称，它们在同类中以其独特的条纹为最显著的不同特征。这些条纹在阳光下反射，使得它们在捕猎时能够更好地融入环境，成为丛林中的隐秘猎手。它们的身体结构专为捕猎和领地防御而设计，拥有出色的力量和敏捷性。||在这个游戏中，我们需要通过分析每位玩家的描述来找出卧底。通常，平民的描述会围绕相同的词语展开，而卧底的描述可能会因为词语的不同而显得不太一致。我们需要仔细比较每个描述之间的相似性和差异性，以找出可能的卧底，注意，卧底并不会隐藏自己，他会直接描述他的词语，现在，逐一分析每个玩家的描述，注意，这局游戏的词语分类为<动物>，卧底词和平民词都属于该类。||之前是第3轮描述和之前轮数描述的合集。你之前认为的卧底是玩家4。
2024-12-12 21:44:58,604 - 4 - INFO - **********PLAYER4**********
根据第三轮描述和之前的描述，以下是对每位玩家描述的分析：

玩家1的描述详细描述了动物的外观、行为和适应环境的特点，强调了条纹的隐蔽性和捕猎技巧。

玩家2的描述与玩家1的描述相似，但也提到了动物的体型、皮毛颜色和威严感，以及它们在领地中的保护性。

玩家3的描述同样强调了动物的体型、斑纹、敏捷性和捕猎技巧，以及它们在丛林中的快速穿梭能力。

玩家4的描述与玩家1、2、3的描述有相似之处，但更加强调了动物的体格、力量、条纹的伪装效果和身体结构对狩猎和领地防御的适应性。

从描述的相似性来看，玩家1、2、3和玩家4的描述都在围绕同一个动物群体（大型猫科动物）进行描述，尤其是提到了条纹的隐蔽性和捕猎技巧。然而，玩家4的描述在某些方面似乎更加强调了动物的体格和力量，而没有像其他玩家那样详细描述皮毛的颜色和威严感。

基于之前的推断，玩家4的描述在细节上与其他玩家有所不同，这可能是他作为卧底的一个线索。但是，由于所有玩家的描述都在同一类别（动物）内，而且都提到了相似的特征，因此无法仅凭描述的相似性或差异性来确定玩家4是卧底。

因此，根据目前的描述，无法明确判断玩家4是否是卧底。需要更多的信息或描述来进一步分析。
2024-12-12 21:44:58,605 - 4 - INFO - **********JUDGER**********
你刚刚的分析是根据第三轮描述和之前的描述，以下是对每位玩家描述的分析：

玩家1的描述详细描述了动物的外观、行为和适应环境的特点，强调了条纹的隐蔽性和捕猎技巧。

玩家2的描述与玩家1的描述相似，但也提到了动物的体型、皮毛颜色和威严感，以及它们在领地中的保护性。

玩家3的描述同样强调了动物的体型、斑纹、敏捷性和捕猎技巧，以及它们在丛林中的快速穿梭能力。

玩家4的描述与玩家1、2、3的描述有相似之处，但更加强调了动物的体格、力量、条纹的伪装效果和身体结构对狩猎和领地防御的适应性。

从描述的相似性来看，玩家1、2、3和玩家4的描述都在围绕同一个动物群体（大型猫科动物）进行描述，尤其是提到了条纹的隐蔽性和捕猎技巧。然而，玩家4的描述在某些方面似乎更加强调了动物的体格和力量，而没有像其他玩家那样详细描述皮毛的颜色和威严感。

基于之前的推断，玩家4的描述在细节上与其他玩家有所不同，这可能是他作为卧底的一个线索。但是，由于所有玩家的描述都在同一类别（动物）内，而且都提到了相似的特征，因此无法仅凭描述的相似性或差异性来确定玩家4是卧底。

因此，根据目前的描述，无法明确判断玩家4是否是卧底。需要更多的信息或描述来进一步分析。|| `请根据上述分析，比较描述以找出不一致之处，注意，这局游戏的词语分类为<动物>，卧底词和平民词都属于该类。
2024-12-12 21:45:06,741 - 4 - INFO - **********PLAYER4**********
根据上述分析，以下是一致之处和潜在的不一致之处：

一致之处：
- 所有玩家都描述了动物是大型猫科动物。
- 所有玩家都提到了动物具有强大的力量和领地意识。
- 所有玩家都强调了动物的条纹或斑纹对于隐蔽和狩猎的重要性。
- 所有玩家都提到了动物在捕猎时的技巧和敏捷性。

潜在的不一致之处：
- 玩家1、2和3的描述中提到了动物的外观特征，如体型、皮毛颜色和威严感，而玩家4没有特别强调这些特征。
- 玩家2和玩家3的描述中提到了动物在领地中的保护性和皮毛图案的伪装效果，而玩家1和玩家4没有特别强调这些特征。
- 玩家3的描述中提到了动物在丛林中的快速穿梭能力和出色的弹跳能力，这些特征在玩家1、2和4的描述中没有出现。

虽然所有玩家的描述都集中在猫科动物这一类别，但玩家4的描述在某些细节上与其他玩家的描述有所不同，这可能表明他的描述与卧底词更不匹配。然而，由于没有明显的直接冲突或矛盾，我们无法仅凭这些不一致之处确定玩家4是卧底。
2024-12-12 21:45:06,743 - 4 - INFO - **********JUDGER**********
你刚刚的分析是根据上述分析，以下是一致之处和潜在的不一致之处：

一致之处：
- 所有玩家都描述了动物是大型猫科动物。
- 所有玩家都提到了动物具有强大的力量和领地意识。
- 所有玩家都强调了动物的条纹或斑纹对于隐蔽和狩猎的重要性。
- 所有玩家都提到了动物在捕猎时的技巧和敏捷性。

潜在的不一致之处：
- 玩家1、2和3的描述中提到了动物的外观特征，如体型、皮毛颜色和威严感，而玩家4没有特别强调这些特征。
- 玩家2和玩家3的描述中提到了动物在领地中的保护性和皮毛图案的伪装效果，而玩家1和玩家4没有特别强调这些特征。
- 玩家3的描述中提到了动物在丛林中的快速穿梭能力和出色的弹跳能力，这些特征在玩家1、2和4的描述中没有出现。

虽然所有玩家的描述都集中在猫科动物这一类别，但玩家4的描述在某些细节上与其他玩家的描述有所不同，这可能表明他的描述与卧底词更不匹配。然而，由于没有明显的直接冲突或矛盾，我们无法仅凭这些不一致之处确定玩家4是卧底。|| 请通过你分析的不一致之处，推断卧底身份，注意，这局游戏的词语分类为<动物>，卧底词和平民词都属于该类。
2024-12-12 21:45:11,892 - 4 - INFO - **********PLAYER4**********
基于分析中提到的不一致之处，以下是我的推断：

1. 玩家4的描述没有像其他玩家那样详细提到动物的体型、皮毛颜色和威严感，这些特征在玩家1、2、3的描述中被多次强调。

2. 玩家4的描述没有提到动物在领地中的保护性和皮毛图案的伪装效果，而这是玩家2和玩家3描述中的一个重要点。

3. 玩家3的描述中提到了动物在丛林中的快速穿梭能力和出色的弹跳能力，这些特征在玩家1、2和4的描述中没有出现。

综合这些不一致之处，玩家4的描述可能在某些关键特征上与玩家1、2、3的描述不匹配，这可能表明他的词语与描述中的动物不完全一致。因此，根据这些不一致之处，玩家4可能是卧底。
2024-12-12 21:45:11,894 - 4 - INFO - **********JUDGER**********
你刚刚的推断是基于分析中提到的不一致之处，以下是我的推断：

1. 玩家4的描述没有像其他玩家那样详细提到动物的体型、皮毛颜色和威严感，这些特征在玩家1、2、3的描述中被多次强调。

2. 玩家4的描述没有提到动物在领地中的保护性和皮毛图案的伪装效果，而这是玩家2和玩家3描述中的一个重要点。

3. 玩家3的描述中提到了动物在丛林中的快速穿梭能力和出色的弹跳能力，这些特征在玩家1、2和4的描述中没有出现。

综合这些不一致之处，玩家4的描述可能在某些关键特征上与玩家1、2、3的描述不匹配，这可能表明他的词语与描述中的动物不完全一致。因此，根据这些不一致之处，玩家4可能是卧底。|| 基于你刚刚的推断得出你的最终结论，请输出你认为的卧底，在这种情况下只需要输出编号，是1-4中的某个数字，不要输出其他信息。在这个过程不要进行任何推理，只对||以前的部分进行信息提取
2024-12-12 21:45:13,152 - 4 - INFO - **********PLAYER4**********
4
2024-12-12 21:45:13,153 - 4 - INFO - **********JUDGER**********
你认为卧底是你自己。你现在需要随便选一个人投票。请输出一个数字，是1-4中的某个数字，但这个数字不能是4，不要输出其他信息。
2024-12-12 21:45:14,311 - 4 - INFO - **********PLAYER4**********
1
