2024-12-13 17:05:36,768 - 1 - INFO - **********JUDGER**********
让我们来玩一个叫做<谁是卧底>的推理游戏。基本规则：<人数>：4人。<角色分配>：每位玩家随机抽取一个词语，3名玩家拿到的词语是相同的（平民词），1名玩家拿到与之相近但不同的词语（卧底词）。<游戏流程>：1、玩家轮流描述自己的词语，但<不能>直接说出词语本身。2、描述完毕后，投票选出最像卧底的玩家。3、每轮结束后，被投票选出的玩家出局，不能再进行描述或投票。4、每轮投票结束后，如果卧底被成功找出，平民方获胜；如果卧底未被找出且卧底人数等于或超过平民人数，则卧底方获胜。你将扮演一个<玩家>，请等待你被分配到的关键词。如果你听懂了，只回答，"好的，我准备好参加游戏了"，不要输出别的信息
2024-12-13 17:05:37,829 - 1 - INFO - **********PLAYER1**********
好的，我准备好参加游戏了
2024-12-13 17:05:41,522 - 1 - INFO - **********JUDGER**********
玩家1说：玩家2说：玩家3说：玩家4说：|| 你是第1号玩家，你的关键词是<葡萄>。你的回答中绝对不能包含你的关键词<葡萄>。这是第一轮描述，不需要分析||之前别的玩家的描述，请你描述关键词基本特征，注意，这局游戏的词语分类为<水果>，卧底词和平民词都属于该类，描述包括以下两点，1.他的基本特征是什么2.他在该类（水果）中最突出不同的特征是什么，尽量简短
2024-12-13 17:05:45,049 - 1 - INFO - **********PLAYER1**********
它是一种多汁的果实，通常呈紫色或绿色。在水果类中，它可能因为其独特的甜味和种子分布而较为突出。
2024-12-13 17:05:53,286 - 1 - INFO - **********JUDGER**********
玩家1说：它是一种多汁的果实，通常呈紫色或绿色。在水果类中，它可能因为其独特的甜味和种子分布而较为突出。玩家2说：它是一种圆形或椭圆形的果实，皮薄多汁，富含维生素和矿物质。在水果类中，它以其独特的甜味和分布均匀的种子而受到喜爱。玩家3说：它是一种有硬壳包裹的果实，内部有丝滑的果肉和明显的种子。在水果类中，它因其强烈的特殊气味和独特的口感而与其他水果不同。玩家4说：||在这个游戏中，我们需要通过分析每位玩家的描述来找出卧底。通常，平民的描述会围绕相同的词语展开，而卧底的描述可能会因为词语的不同而显得不太一致。我们需要仔细比较每个描述之间的相似性和差异性，以找出可能的卧底，注意，卧底并不会隐藏自己，他会直接描述他的词语，现在，逐一分析每个玩家的描述，注意，这局游戏的词语分类为<水果>，卧底词和平民词都属于该类。这是第一轮描述。
2024-12-13 17:05:58,440 - 1 - INFO - **********PLAYER1**********
作为玩家4，我会这样回应：

"确实，我们的描述应该反映出我们对关键词的共同理解。玩家1和玩家2的描述都强调了甜味和种子的特点，这与葡萄的特性相符。玩家3的描述提到了硬壳和特殊的气味，这听起来像是坚果类的特征，与葡萄不太相符。我的描述与前三位的描述在强调的方面有所不同，但作为平民，我的描述应该还是围绕着水果的基本特征。我会继续观察下一轮的描述，以便更好地判断谁是卧底。"
2024-12-13 17:05:58,442 - 1 - INFO - **********JUDGER**********
你刚刚的分析是作为玩家4，我会这样回应：

"确实，我们的描述应该反映出我们对关键词的共同理解。玩家1和玩家2的描述都强调了甜味和种子的特点，这与葡萄的特性相符。玩家3的描述提到了硬壳和特殊的气味，这听起来像是坚果类的特征，与葡萄不太相符。我的描述与前三位的描述在强调的方面有所不同，但作为平民，我的描述应该还是围绕着水果的基本特征。我会继续观察下一轮的描述，以便更好地判断谁是卧底。"|| `请根据上述分析，比较描述以找出不一致之处，注意，这局游戏的词语分类为<水果>，卧底词和平民词都属于该类。
2024-12-13 17:06:05,221 - 1 - INFO - **********PLAYER1**********
根据上述分析，我们可以注意到以下不一致之处：

1. 玩家1和玩家2的描述都集中在甜味和种子上，这是葡萄的典型特征。
2. 玩家3的描述提到了硬壳和特殊的气味，这与葡萄不符，因为葡萄没有硬壳，且通常不被描述为有强烈的特殊气味。
3. 玩家4的描述虽然也提到了种子，但与玩家1和玩家2不同的是，他没有强调甜味，而是提到了水果的基本特征，这与葡萄的描述相符合。

基于这些信息，玩家3的描述与葡萄这一水果的特征最为不符，因此玩家3的描述可能是卧底词。然而，这只是一个初步的判断，需要更多的信息来确定。如果下一轮的描述中，玩家3仍然提供与水果类不匹配的描述，那么他作为卧底的可能性就会增加。
2024-12-13 17:06:05,224 - 1 - INFO - **********JUDGER**********
你刚刚的分析是根据上述分析，我们可以注意到以下不一致之处：

1. 玩家1和玩家2的描述都集中在甜味和种子上，这是葡萄的典型特征。
2. 玩家3的描述提到了硬壳和特殊的气味，这与葡萄不符，因为葡萄没有硬壳，且通常不被描述为有强烈的特殊气味。
3. 玩家4的描述虽然也提到了种子，但与玩家1和玩家2不同的是，他没有强调甜味，而是提到了水果的基本特征，这与葡萄的描述相符合。

基于这些信息，玩家3的描述与葡萄这一水果的特征最为不符，因此玩家3的描述可能是卧底词。然而，这只是一个初步的判断，需要更多的信息来确定。如果下一轮的描述中，玩家3仍然提供与水果类不匹配的描述，那么他作为卧底的可能性就会增加。|| 请通过你分析的不一致之处，推断卧底身份，注意，这局游戏的词语分类为<水果>，卧底词和平民词都属于该类。
2024-12-13 17:06:14,937 - 1 - INFO - **********PLAYER1**********
根据分析中提到的不一致之处，我们可以推断以下可能性：

- 玩家3的描述中提到的“硬壳”和“特殊的气味”是明显与葡萄不符的特征。葡萄没有硬壳，而且通常不会有强烈的特殊气味。因此，如果我们的关键词分类是<水果>，玩家3的描述很可能指向的是另一种水果，而不是葡萄。
- 玩家1和玩家2的描述都集中在葡萄的甜味和种子上，这是葡萄的典型特征，表明他们可能是平民。
- 玩家4的描述虽然也提到了种子，但没有强调甜味，而是提到了水果的基本特征，这种描述方式比较中性，但并没有提供与葡萄明显不符的信息，因此玩家4也可能是平民。

综上所述，基于玩家3描述的不一致特征，我们可以推断玩家3很可能是卧底，因为他的描述与葡萄这一水果的关键特征不符，而其他玩家的描述则更符合葡萄的特征。然而，最终的身份确认还需要通过后续的描述和投票来确定。
2024-12-13 17:06:14,939 - 1 - INFO - **********JUDGER**********
你刚刚的推断是根据分析中提到的不一致之处，我们可以推断以下可能性：

- 玩家3的描述中提到的“硬壳”和“特殊的气味”是明显与葡萄不符的特征。葡萄没有硬壳，而且通常不会有强烈的特殊气味。因此，如果我们的关键词分类是<水果>，玩家3的描述很可能指向的是另一种水果，而不是葡萄。
- 玩家1和玩家2的描述都集中在葡萄的甜味和种子上，这是葡萄的典型特征，表明他们可能是平民。
- 玩家4的描述虽然也提到了种子，但没有强调甜味，而是提到了水果的基本特征，这种描述方式比较中性，但并没有提供与葡萄明显不符的信息，因此玩家4也可能是平民。

综上所述，基于玩家3描述的不一致特征，我们可以推断玩家3很可能是卧底，因为他的描述与葡萄这一水果的关键特征不符，而其他玩家的描述则更符合葡萄的特征。然而，最终的身份确认还需要通过后续的描述和投票来确定。|| 基于你刚刚的推断得出你的最终结论，请输出你认为的卧底，在这种情况下只需要输出编号，是1-4中的某个数字，不要输出其他信息。在这个过程不要进行任何推理，只对||以前的部分进行信息提取
2024-12-13 17:06:15,564 - 1 - INFO - **********PLAYER1**********
3
2024-12-13 17:08:05,527 - 1 - INFO - **********JUDGER**********
玩家1说：它是一种多汁的果实，通常呈紫色或绿色。在水果类中，它可能因为其独特的甜味和种子分布而较为突出。玩家2说：它是一种圆形或椭圆形的果实，皮薄多汁，富含维生素和矿物质。在水果类中，它以其独特的甜味和分布均匀的种子而受到喜爱。玩家3说：它是一种有硬壳包裹的果实，内部有丝滑的果肉和明显的种子。在水果类中，它因其强烈的特殊气味和独特的口感而与其他水果不同。玩家4说：它是一种富含糖分和水分的植物果实，通常呈红色、紫色或绿色。在水果类中，它以其多汁的口感和甜美的风味而受到喜爱，但与其他水果相比，它的种子较为集中且难以食用。你是第1号玩家，你的关键词是<葡萄>。你的回答中绝对不能包含你的关键词<葡萄>。这是第二轮描述，你之前的描述是它是一种多汁的果实，通常呈紫色或绿色。在水果类中，它可能因为其独特的甜味和种子分布而较为突出。，注意，这局游戏的词语分类为<水果>，卧底词和平民词都属于该类，请你补充关于关键词的描述，注意，你的描述应该比起之前的描述更加贴近关键词，作为之前的补充
2024-12-13 17:08:09,670 - 1 - INFO - **********PLAYER1**********
这种水果的皮薄且容易剥离，它的果实内部充满了丰富的汁液，味道甜美，是许多人喜爱的零食。在水果中，它的形状多样，有的呈圆形，有的呈椭圆形，颜色多变，从红色到绿色都有。这种水果的种子虽然多，但并不妨碍它的美味。
2024-12-13 17:08:28,147 - 1 - INFO - **********JUDGER**********
玩家1说：它是一种多汁的果实，通常呈紫色或绿色。在水果类中，它可能因为其独特的甜味和种子分布而较为突出。这种水果的皮薄且容易剥离，它的果实内部充满了丰富的汁液，味道甜美，是许多人喜爱的零食。在水果中，它的形状多样，有的呈圆形，有的呈椭圆形，颜色多变，从红色到绿色都有。这种水果的种子虽然多，但并不妨碍它的美味。玩家2说：它是一种圆形或椭圆形的果实，皮薄多汁，富含维生素和矿物质。在水果类中，它以其独特的甜味和分布均匀的种子而受到喜爱。这种水果的果实通常呈球形或椭圆形，表面光滑，色泽鲜艳，有红色、紫色或绿色等多种颜色。它的果实皮薄而脆弱，轻轻一剥就能去除，内部充满了清甜的汁液。这种水果不仅口感鲜美，而且营养价值高，含有丰富的维生素和矿物质。在水果中，它因其甜美的风味和多汁的口感而广受欢迎。玩家3说：它是一种有硬壳包裹的果实，内部有丝滑的果肉和明显的种子。在水果类中，它因其强烈的特殊气味和独特的口感而与其他水果不同。这种水果的香气浓郁，能够远距离闻到。它的肉质柔软，带有一定的黏性，种子分布较为集中。在水果中，它以其强烈的气味和独特的风味而闻名，这种风味可能让人爱不释手，也可能让人避之不及。玩家4说：它是一种富含糖分和水分的植物果实，通常呈红色、紫色或绿色。在水果类中，它以其多汁的口感和甜美的风味而受到喜爱，但与其他水果相比，它的种子较为集中且难以食用。||在这个游戏中，我们需要通过分析每位玩家的描述来找出卧底。通常，平民的描述会围绕相同的词语展开，而卧底的描述可能会因为词语的不同而显得不太一致。我们需要仔细比较每个描述之间的相似性和差异性，以找出可能的卧底，注意，卧底并不会隐藏自己，他会直接描述他的词语，现在，逐一分析每个玩家的描述，注意，这局游戏的词语分类为<水果>，卧底词和平民词都属于该类。||之前是第2轮描述和之前轮数描述的合集。你之前认为的卧底是玩家3。
2024-12-13 17:08:41,830 - 1 - INFO - **********PLAYER1**********
根据第二轮描述和之前的分析，玩家3的描述仍然与葡萄这一水果的特征不符，他提到了“硬壳”、“强烈的特殊气味”和“肉质柔软，带有一定的黏性”，这些特征更像是榴莲的描述，而不是葡萄。因此，基于这些信息，玩家3仍然是我认为的卧底。
2024-12-13 17:08:41,831 - 1 - INFO - **********JUDGER**********
你刚刚的分析是根据第二轮描述和之前的分析，玩家3的描述仍然与葡萄这一水果的特征不符，他提到了“硬壳”、“强烈的特殊气味”和“肉质柔软，带有一定的黏性”，这些特征更像是榴莲的描述，而不是葡萄。因此，基于这些信息，玩家3仍然是我认为的卧底。|| `请根据上述分析，比较描述以找出不一致之处，注意，这局游戏的词语分类为<水果>，卧底词和平民词都属于该类。
2024-12-13 17:08:51,339 - 1 - INFO - **********PLAYER1**********
根据上述分析，以下是不一致之处：

1. 玩家1、玩家2和玩家4的描述都提到了葡萄的甜味、多汁、皮薄、种子分布和颜色（红色、紫色或绿色），这些特征与葡萄相符。
2. 玩家3的描述中提到的“硬壳”、“强烈的特殊气味”和“肉质柔软，带有一定的黏性”与葡萄的特征不符。葡萄没有硬壳，气味通常不强烈，且肉质不黏。
3. 玩家3还提到了“种子分布较为集中”，这与葡萄的种子分布特点不符，葡萄的种子通常分布在果肉中，而不是集中。

这些不一致之处表明玩家3的描述更可能与卧底词相符，因为他的描述与葡萄这一水果的典型特征有显著差异。
2024-12-13 17:08:51,340 - 1 - INFO - **********JUDGER**********
你刚刚的分析是根据上述分析，以下是不一致之处：

1. 玩家1、玩家2和玩家4的描述都提到了葡萄的甜味、多汁、皮薄、种子分布和颜色（红色、紫色或绿色），这些特征与葡萄相符。
2. 玩家3的描述中提到的“硬壳”、“强烈的特殊气味”和“肉质柔软，带有一定的黏性”与葡萄的特征不符。葡萄没有硬壳，气味通常不强烈，且肉质不黏。
3. 玩家3还提到了“种子分布较为集中”，这与葡萄的种子分布特点不符，葡萄的种子通常分布在果肉中，而不是集中。

这些不一致之处表明玩家3的描述更可能与卧底词相符，因为他的描述与葡萄这一水果的典型特征有显著差异。|| 请通过你分析的不一致之处，推断卧底身份，注意，这局游戏的词语分类为<水果>，卧底词和平民词都属于该类。
2024-12-13 17:08:52,286 - 1 - INFO - **********PLAYER1**********
3
2024-12-13 17:08:52,287 - 1 - INFO - **********JUDGER**********
你刚刚的推断是3|| 基于你刚刚的推断得出你的最终结论，请输出你认为的卧底，在这种情况下只需要输出编号，是1-4中的某个数字，不要输出其他信息。在这个过程不要进行任何推理，只对||以前的部分进行信息提取
2024-12-13 17:08:53,420 - 1 - INFO - **********PLAYER1**********
3
2024-12-13 17:10:59,839 - 1 - INFO - **********JUDGER**********
玩家1说：它是一种多汁的果实，通常呈紫色或绿色。在水果类中，它可能因为其独特的甜味和种子分布而较为突出。这种水果的皮薄且容易剥离，它的果实内部充满了丰富的汁液，味道甜美，是许多人喜爱的零食。在水果中，它的形状多样，有的呈圆形，有的呈椭圆形，颜色多变，从红色到绿色都有。这种水果的种子虽然多，但并不妨碍它的美味。玩家2说：它是一种圆形或椭圆形的果实，皮薄多汁，富含维生素和矿物质。在水果类中，它以其独特的甜味和分布均匀的种子而受到喜爱。这种水果的果实通常呈球形或椭圆形，表面光滑，色泽鲜艳，有红色、紫色或绿色等多种颜色。它的果实皮薄而脆弱，轻轻一剥就能去除，内部充满了清甜的汁液。这种水果不仅口感鲜美，而且营养价值高，含有丰富的维生素和矿物质。在水果中，它因其甜美的风味和多汁的口感而广受欢迎。玩家3说：它是一种有硬壳包裹的果实，内部有丝滑的果肉和明显的种子。在水果类中，它因其强烈的特殊气味和独特的口感而与其他水果不同。这种水果的香气浓郁，能够远距离闻到。它的肉质柔软，带有一定的黏性，种子分布较为集中。在水果中，它以其强烈的气味和独特的风味而闻名，这种风味可能让人爱不释手，也可能让人避之不及。玩家4说：它是一种富含糖分和水分的植物果实，通常呈红色、紫色或绿色。在水果类中，它以其多汁的口感和甜美的风味而受到喜爱，但与其他水果相比，它的种子较为集中且难以食用。这种水果的果实形状圆润，有的略呈椭圆形，色泽鲜艳，呈现出红色、紫色或绿色。它的皮薄而光滑，轻轻一剥就能轻松去除，内部充满了清甜的汁液。这种水果不仅口感鲜美，而且营养价值高，含有丰富的维生素和矿物质。在水果中，它以其甜美的风味和多汁的口感而广受欢迎，是许多人喜爱的零食。你是第1号玩家，你的关键词是<葡萄>。你的回答中绝对不能包含你的关键词<葡萄>。这是第三轮描述，你之前的描述是它是一种多汁的果实，通常呈紫色或绿色。在水果类中，它可能因为其独特的甜味和种子分布而较为突出。和这种水果的皮薄且容易剥离，它的果实内部充满了丰富的汁液，味道甜美，是许多人喜爱的零食。在水果中，它的形状多样，有的呈圆形，有的呈椭圆形，颜色多变，从红色到绿色都有。这种水果的种子虽然多，但并不妨碍它的美味。，注意，这局游戏的词语分类为<水果>，卧底词和平民词都属于该类，请你补充关于关键词的描述，注意，你的描述应该比起之前的描述更加贴近关键词，作为之前的补充
2024-12-13 17:11:06,123 - 1 - INFO - **********PLAYER1**********
这种水果的口感细腻，质地紧密，含有的种子虽然多，但均匀分布在果肉中，不影响食用体验。它的色泽鲜艳，有的呈红色，有的呈紫色，有的呈绿色，给人一种视觉上的愉悦。这种水果不仅味道甜美，而且在食用时能感受到它独特的风味，是许多人喜爱的天然零食。
2024-12-13 17:11:20,683 - 1 - INFO - **********JUDGER**********
玩家1说：它是一种多汁的果实，通常呈紫色或绿色。在水果类中，它可能因为其独特的甜味和种子分布而较为突出。这种水果的皮薄且容易剥离，它的果实内部充满了丰富的汁液，味道甜美，是许多人喜爱的零食。在水果中，它的形状多样，有的呈圆形，有的呈椭圆形，颜色多变，从红色到绿色都有。这种水果的种子虽然多，但并不妨碍它的美味。这种水果的口感细腻，质地紧密，含有的种子虽然多，但均匀分布在果肉中，不影响食用体验。它的色泽鲜艳，有的呈红色，有的呈紫色，有的呈绿色，给人一种视觉上的愉悦。这种水果不仅味道甜美，而且在食用时能感受到它独特的风味，是许多人喜爱的天然零食。玩家2说：它是一种圆形或椭圆形的果实，皮薄多汁，富含维生素和矿物质。在水果类中，它以其独特的甜味和分布均匀的种子而受到喜爱。这种水果的果实通常呈球形或椭圆形，表面光滑，色泽鲜艳，有红色、紫色或绿色等多种颜色。它的果实皮薄而脆弱，轻轻一剥就能去除，内部充满了清甜的汁液。这种水果不仅口感鲜美，而且营养价值高，含有丰富的维生素和矿物质。在水果中，它因其甜美的风味和多汁的口感而广受欢迎。这种水果的果实大小适中，适合单手握持，它的果实表面可能会有一些自然生长的小斑点和条纹，增添了一丝自然的美感。它的果实结构紧密，汁液丰富，每一口都能感受到浓郁的果香和甜味。在水果中，它的这种风味独特，既适合单独食用，也常用于制作各种甜品和饮品。玩家3说：它是一种有硬壳包裹的果实，内部有丝滑的果肉和明显的种子。在水果类中，它因其强烈的特殊气味和独特的口感而与其他水果不同。这种水果的香气浓郁，能够远距离闻到。它的肉质柔软，带有一定的黏性，种子分布较为集中。在水果中，它以其强烈的气味和独特的风味而闻名，这种风味可能让人爱不释手，也可能让人避之不及。这种水果的气味非常强烈，以至于在远处就能感受到它的存在。它的果肉质地细腻，有着独特的甜味，与普通水果不同。这种水果的种子分布虽然密集，但并不影响其整体的美味。它的外观可能并不起眼，但它的味道却是独一无二的，让人难以忘怀。玩家4说：它是一种富含糖分和水分的植物果实，通常呈红色、紫色或绿色。在水果类中，它以其多汁的口感和甜美的风味而受到喜爱，但与其他水果相比，它的种子较为集中且难以食用。这种水果的果实形状圆润，有的略呈椭圆形，色泽鲜艳，呈现出红色、紫色或绿色。它的皮薄而光滑，轻轻一剥就能轻松去除，内部充满了清甜的汁液。这种水果不仅口感鲜美，而且营养价值高，含有丰富的维生素和矿物质。在水果中，它以其甜美的风味和多汁的口感而广受欢迎，是许多人喜爱的零食。这种水果的果实通常呈现出圆润的形状，有的略微呈椭圆形，颜色丰富多样，从鲜艳的红色到深紫色的都有。它的皮薄且易于剥离，内部充满了丰富的汁液，味道甜美，是许多人喜爱的零食。这种水果的种子虽然较多，但它们均匀地分布在果肉中，不会影响食用体验。它的口感细腻，质地紧密，每一口都能感受到浓郁的果香和甜味。这种水果不仅味道甜美，而且在食用时能感受到它独特的风味，是许多人喜爱的天然零食。||在这个游戏中，我们需要通过分析每位玩家的描述来找出卧底。通常，平民的描述会围绕相同的词语展开，而卧底的描述可能会因为词语的不同而显得不太一致。我们需要仔细比较每个描述之间的相似性和差异性，以找出可能的卧底，注意，卧底并不会隐藏自己，他会直接描述他的词语，现在，逐一分析每个玩家的描述，注意，这局游戏的词语分类为<水果>，卧底词和平民词都属于该类。||之前是第3轮描述和之前轮数描述的合集。你之前认为的卧底是玩家3。
2024-12-13 17:11:25,657 - 1 - INFO - **********PLAYER1**********
基于第三轮描述和之前的分析，玩家3的描述仍然与葡萄这一水果的特征不符。他提到了“硬壳”、“强烈的特殊气味”和“肉质柔软，带有一定的黏性”，这些特征更像是榴莲的描述，而不是葡萄。因此，根据这些信息，玩家3仍然是我认为的卧底。
2024-12-13 17:11:25,659 - 1 - INFO - **********JUDGER**********
你刚刚的分析是基于第三轮描述和之前的分析，玩家3的描述仍然与葡萄这一水果的特征不符。他提到了“硬壳”、“强烈的特殊气味”和“肉质柔软，带有一定的黏性”，这些特征更像是榴莲的描述，而不是葡萄。因此，根据这些信息，玩家3仍然是我认为的卧底。|| `请根据上述分析，比较描述以找出不一致之处，注意，这局游戏的词语分类为<水果>，卧底词和平民词都属于该类。
2024-12-13 17:11:34,712 - 1 - INFO - **********PLAYER1**********
根据上述分析，以下是不一致之处：

1. 玩家1、玩家2和玩家4的描述都强调了葡萄的甜味、多汁、皮薄、种子分布和颜色（红色、紫色或绿色），以及它们的食用体验和营养价值。

2. 玩家3的描述中提到的“硬壳”、“强烈的特殊气味”和“肉质柔软，带有一定的黏性”与葡萄的特征不符。葡萄没有硬壳，气味通常不强烈，且肉质不黏。

3. 玩家3还提到了“种子分布较为集中”，这与葡萄的种子分布特点不符，葡萄的种子通常分布在果肉中，而不是集中。

这些不一致之处表明玩家3的描述与葡萄这一水果的典型特征有显著差异，因此与其他玩家的描述不一致。
2024-12-13 17:11:34,714 - 1 - INFO - **********JUDGER**********
你刚刚的分析是根据上述分析，以下是不一致之处：

1. 玩家1、玩家2和玩家4的描述都强调了葡萄的甜味、多汁、皮薄、种子分布和颜色（红色、紫色或绿色），以及它们的食用体验和营养价值。

2. 玩家3的描述中提到的“硬壳”、“强烈的特殊气味”和“肉质柔软，带有一定的黏性”与葡萄的特征不符。葡萄没有硬壳，气味通常不强烈，且肉质不黏。

3. 玩家3还提到了“种子分布较为集中”，这与葡萄的种子分布特点不符，葡萄的种子通常分布在果肉中，而不是集中。

这些不一致之处表明玩家3的描述与葡萄这一水果的典型特征有显著差异，因此与其他玩家的描述不一致。|| 请通过你分析的不一致之处，推断卧底身份，注意，这局游戏的词语分类为<水果>，卧底词和平民词都属于该类。
2024-12-13 17:11:36,396 - 1 - INFO - **********PLAYER1**********
3
2024-12-13 17:11:36,396 - 1 - INFO - **********JUDGER**********
你刚刚的推断是3|| 基于你刚刚的推断得出你的最终结论，请输出你认为的卧底，在这种情况下只需要输出编号，是1-4中的某个数字，不要输出其他信息。在这个过程不要进行任何推理，只对||以前的部分进行信息提取
2024-12-13 17:11:37,727 - 1 - INFO - **********PLAYER1**********
3
