2024-12-13 17:05:38,319 - 2 - INFO - **********JUDGER**********
让我们来玩一个叫做<谁是卧底>的推理游戏。基本规则：<人数>：4人。<角色分配>：每位玩家随机抽取一个词语，3名玩家拿到的词语是相同的（平民词），1名玩家拿到与之相近但不同的词语（卧底词）。<游戏流程>：1、玩家轮流描述自己的词语，但<不能>直接说出词语本身。2、描述完毕后，投票选出最像卧底的玩家。3、每轮结束后，被投票选出的玩家出局，不能再进行描述或投票。4、每轮投票结束后，如果卧底被成功找出，平民方获胜；如果卧底未被找出且卧底人数等于或超过平民人数，则卧底方获胜。你将扮演一个<玩家>，请等待你被分配到的关键词。如果你听懂了，只回答，"好的，我准备好参加游戏了"，不要输出别的信息
2024-12-13 17:05:39,019 - 2 - INFO - **********PLAYER2**********
好的，我准备好参加游戏了
2024-12-13 17:05:45,050 - 2 - INFO - **********JUDGER**********
玩家1说：它是一种多汁的果实，通常呈紫色或绿色。在水果类中，它可能因为其独特的甜味和种子分布而较为突出。玩家2说：玩家3说：玩家4说：|| 你是第2号玩家，你的关键词是<葡萄>。你的回答中绝对不能包含你的关键词<葡萄>。这是第一轮描述，不需要分析||之前别的玩家的描述，请你描述关键词基本特征，注意，这局游戏的词语分类为<水果>，卧底词和平民词都属于该类，描述包括以下两点，1.他的基本特征是什么2.他在该类（水果）中最突出不同的特征是什么，尽量简短
2024-12-13 17:05:46,511 - 2 - INFO - **********PLAYER2**********
它是一种圆形或椭圆形的果实，皮薄多汁，富含维生素和矿物质。在水果类中，它以其独特的甜味和分布均匀的种子而受到喜爱。
2024-12-13 17:06:15,564 - 2 - INFO - **********JUDGER**********
玩家1说：它是一种多汁的果实，通常呈紫色或绿色。在水果类中，它可能因为其独特的甜味和种子分布而较为突出。玩家2说：它是一种圆形或椭圆形的果实，皮薄多汁，富含维生素和矿物质。在水果类中，它以其独特的甜味和分布均匀的种子而受到喜爱。玩家3说：它是一种有硬壳包裹的果实，内部有丝滑的果肉和明显的种子。在水果类中，它因其强烈的特殊气味和独特的口感而与其他水果不同。玩家4说：||在这个游戏中，我们需要通过分析每位玩家的描述来找出卧底。通常，平民的描述会围绕相同的词语展开，而卧底的描述可能会因为词语的不同而显得不太一致。我们需要仔细比较每个描述之间的相似性和差异性，以找出可能的卧底，注意，卧底并不会隐藏自己，他会直接描述他的词语，现在，逐一分析每个玩家的描述，注意，这局游戏的词语分类为<水果>，卧底词和平民词都属于该类。这是第一轮描述。
2024-12-13 17:06:23,934 - 2 - INFO - **********PLAYER2**********
我注意到玩家1和玩家2的描述非常相似，都提到了多汁、甜味、皮薄、种子分布均匀等特征，这让我怀疑他们可能是平民。玩家3的描述提到了硬壳、丝滑果肉、明显种子和特殊气味，这与前两位玩家的描述有所不同，但并没有明显的矛盾，所以他的描述也可能指向平民。然而，玩家4的描述没有具体提及任何特征，而是提醒我们要注意描述的相似性和差异性，这让我怀疑他可能是卧底，因为他没有直接描述任何水果的特征，而是给出了游戏的分析提示。当然，这只是基于目前信息的初步推测，还需要更多的描述来进一步确认。
2024-12-13 17:06:23,936 - 2 - INFO - **********JUDGER**********
你刚刚的分析是我注意到玩家1和玩家2的描述非常相似，都提到了多汁、甜味、皮薄、种子分布均匀等特征，这让我怀疑他们可能是平民。玩家3的描述提到了硬壳、丝滑果肉、明显种子和特殊气味，这与前两位玩家的描述有所不同，但并没有明显的矛盾，所以他的描述也可能指向平民。然而，玩家4的描述没有具体提及任何特征，而是提醒我们要注意描述的相似性和差异性，这让我怀疑他可能是卧底，因为他没有直接描述任何水果的特征，而是给出了游戏的分析提示。当然，这只是基于目前信息的初步推测，还需要更多的描述来进一步确认。|| `请根据上述分析，比较描述以找出不一致之处，注意，这局游戏的词语分类为<水果>，卧底词和平民词都属于该类。
2024-12-13 17:06:35,421 - 2 - INFO - **********PLAYER2**********
根据上述分析，我们可以比较描述中的不一致之处如下：

1. 玩家1和玩家2的描述高度相似，都强调了果实的多汁、甜味、皮薄和种子分布均匀，这些特征很可能是指向同一种水果，即葡萄。

2. 玩家3的描述提到了硬壳、丝滑果肉、明显种子和特殊气味。这些特征与玩家1和玩家2的描述不太一致，但也没有直接冲突。硬壳和特殊气味可能是对某种有核水果的描述，如榴莲或某些柑橘类水果。

3. 玩家4的描述没有提供任何具体的水果特征，而是提供了关于游戏策略的提示，这与其他玩家描述水果特征的行为不一致。这可能是卧底的行为，因为卧底通常会避免直接描述关键词。

不一致之处在于玩家4的描述与其他玩家描述水果特征的直接性形成对比，而玩家3的描述则引入了与玩家1和玩家2不同的特征，但没有直接矛盾。因此，玩家4可能是卧底，而玩家3可能是平民或者也可能是卧底，但需要更多的信息来确认。
2024-12-13 17:06:35,423 - 2 - INFO - **********JUDGER**********
你刚刚的分析是根据上述分析，我们可以比较描述中的不一致之处如下：

1. 玩家1和玩家2的描述高度相似，都强调了果实的多汁、甜味、皮薄和种子分布均匀，这些特征很可能是指向同一种水果，即葡萄。

2. 玩家3的描述提到了硬壳、丝滑果肉、明显种子和特殊气味。这些特征与玩家1和玩家2的描述不太一致，但也没有直接冲突。硬壳和特殊气味可能是对某种有核水果的描述，如榴莲或某些柑橘类水果。

3. 玩家4的描述没有提供任何具体的水果特征，而是提供了关于游戏策略的提示，这与其他玩家描述水果特征的行为不一致。这可能是卧底的行为，因为卧底通常会避免直接描述关键词。

不一致之处在于玩家4的描述与其他玩家描述水果特征的直接性形成对比，而玩家3的描述则引入了与玩家1和玩家2不同的特征，但没有直接矛盾。因此，玩家4可能是卧底，而玩家3可能是平民或者也可能是卧底，但需要更多的信息来确认。|| 请通过你分析的不一致之处，推断卧底身份，注意，这局游戏的词语分类为<水果>，卧底词和平民词都属于该类。
2024-12-13 17:06:44,629 - 2 - INFO - **********PLAYER2**********
基于上述分析，我们可以进行以下推断：

1. 玩家1和玩家2的描述高度相似，且特征指向一种常见的水果――葡萄。这种一致性增加了他们可能是平民的可能性。

2. 玩家3的描述虽然与玩家1和玩家2的特征有所不同，但并没有明显的错误或与已知水果特征相矛盾的地方。这表明玩家3可能是平民，也可能是卧底，因为卧底有时会故意混淆视听。

3. 玩家4的描述没有提供任何具体的水果特征，而是提供了关于游戏策略的提示。这种不寻常的行为更像是卧底为了混淆视听而采取的策略，因为卧底通常不会直接描述关键词，而是试图通过其他方式误导其他玩家。

综合以上分析，玩家4的行为最符合卧底的特征，因为他没有描述水果的具体特征，而是提供了游戏策略的提示。因此，根据目前的信息，我推断玩家4是卧底。
2024-12-13 17:06:44,629 - 2 - INFO - **********JUDGER**********
你刚刚的推断是基于上述分析，我们可以进行以下推断：

1. 玩家1和玩家2的描述高度相似，且特征指向一种常见的水果――葡萄。这种一致性增加了他们可能是平民的可能性。

2. 玩家3的描述虽然与玩家1和玩家2的特征有所不同，但并没有明显的错误或与已知水果特征相矛盾的地方。这表明玩家3可能是平民，也可能是卧底，因为卧底有时会故意混淆视听。

3. 玩家4的描述没有提供任何具体的水果特征，而是提供了关于游戏策略的提示。这种不寻常的行为更像是卧底为了混淆视听而采取的策略，因为卧底通常不会直接描述关键词，而是试图通过其他方式误导其他玩家。

综合以上分析，玩家4的行为最符合卧底的特征，因为他没有描述水果的具体特征，而是提供了游戏策略的提示。因此，根据目前的信息，我推断玩家4是卧底。|| 基于你刚刚的推断得出你的最终结论，请输出你认为的卧底，在这种情况下只需要输出编号，是1-4中的某个数字，不要输出其他信息。在这个过程不要进行任何推理，只对||以前的部分进行信息提取
2024-12-13 17:06:45,161 - 2 - INFO - **********PLAYER2**********
4
2024-12-13 17:08:09,671 - 2 - INFO - **********JUDGER**********
玩家1说：它是一种多汁的果实，通常呈紫色或绿色。在水果类中，它可能因为其独特的甜味和种子分布而较为突出。这种水果的皮薄且容易剥离，它的果实内部充满了丰富的汁液，味道甜美，是许多人喜爱的零食。在水果中，它的形状多样，有的呈圆形，有的呈椭圆形，颜色多变，从红色到绿色都有。这种水果的种子虽然多，但并不妨碍它的美味。玩家2说：它是一种圆形或椭圆形的果实，皮薄多汁，富含维生素和矿物质。在水果类中，它以其独特的甜味和分布均匀的种子而受到喜爱。玩家3说：它是一种有硬壳包裹的果实，内部有丝滑的果肉和明显的种子。在水果类中，它因其强烈的特殊气味和独特的口感而与其他水果不同。玩家4说：它是一种富含糖分和水分的植物果实，通常呈红色、紫色或绿色。在水果类中，它以其多汁的口感和甜美的风味而受到喜爱，但与其他水果相比，它的种子较为集中且难以食用。你是第2号玩家，你的关键词是<葡萄>。你的回答中绝对不能包含你的关键词<葡萄>。这是第二轮描述，你之前的描述是它是一种圆形或椭圆形的果实，皮薄多汁，富含维生素和矿物质。在水果类中，它以其独特的甜味和分布均匀的种子而受到喜爱。，注意，这局游戏的词语分类为<水果>，卧底词和平民词都属于该类，请你补充关于关键词的描述，注意，你的描述应该比起之前的描述更加贴近关键词，作为之前的补充
2024-12-13 17:08:15,417 - 2 - INFO - **********PLAYER2**********
这种水果的果实通常呈球形或椭圆形，表面光滑，色泽鲜艳，有红色、紫色或绿色等多种颜色。它的果实皮薄而脆弱，轻轻一剥就能去除，内部充满了清甜的汁液。这种水果不仅口感鲜美，而且营养价值高，含有丰富的维生素和矿物质。在水果中，它因其甜美的风味和多汁的口感而广受欢迎。
2024-12-13 17:08:53,421 - 2 - INFO - **********JUDGER**********
玩家1说：它是一种多汁的果实，通常呈紫色或绿色。在水果类中，它可能因为其独特的甜味和种子分布而较为突出。这种水果的皮薄且容易剥离，它的果实内部充满了丰富的汁液，味道甜美，是许多人喜爱的零食。在水果中，它的形状多样，有的呈圆形，有的呈椭圆形，颜色多变，从红色到绿色都有。这种水果的种子虽然多，但并不妨碍它的美味。玩家2说：它是一种圆形或椭圆形的果实，皮薄多汁，富含维生素和矿物质。在水果类中，它以其独特的甜味和分布均匀的种子而受到喜爱。这种水果的果实通常呈球形或椭圆形，表面光滑，色泽鲜艳，有红色、紫色或绿色等多种颜色。它的果实皮薄而脆弱，轻轻一剥就能去除，内部充满了清甜的汁液。这种水果不仅口感鲜美，而且营养价值高，含有丰富的维生素和矿物质。在水果中，它因其甜美的风味和多汁的口感而广受欢迎。玩家3说：它是一种有硬壳包裹的果实，内部有丝滑的果肉和明显的种子。在水果类中，它因其强烈的特殊气味和独特的口感而与其他水果不同。这种水果的香气浓郁，能够远距离闻到。它的肉质柔软，带有一定的黏性，种子分布较为集中。在水果中，它以其强烈的气味和独特的风味而闻名，这种风味可能让人爱不释手，也可能让人避之不及。玩家4说：它是一种富含糖分和水分的植物果实，通常呈红色、紫色或绿色。在水果类中，它以其多汁的口感和甜美的风味而受到喜爱，但与其他水果相比，它的种子较为集中且难以食用。||在这个游戏中，我们需要通过分析每位玩家的描述来找出卧底。通常，平民的描述会围绕相同的词语展开，而卧底的描述可能会因为词语的不同而显得不太一致。我们需要仔细比较每个描述之间的相似性和差异性，以找出可能的卧底，注意，卧底并不会隐藏自己，他会直接描述他的词语，现在，逐一分析每个玩家的描述，注意，这局游戏的词语分类为<水果>，卧底词和平民词都属于该类。||之前是第2轮描述和之前轮数描述的合集。你之前认为的卧底是玩家4。
2024-12-13 17:08:59,277 - 2 - INFO - **********PLAYER2**********
我注意到玩家1和玩家2的描述都提到了果实的颜色、甜味和种子分布，而玩家3的描述则提到了果实的硬壳、果肉和特殊气味。玩家4没有提供具体的描述。根据这些信息，我猜测玩家3可能是卧底，因为他的描述与水果的特征不符，而是提到了与水果不同的特征，如硬壳和特殊气味。当然，这只是一个猜测，真正的卧底可能另有其人。现在，我们需要继续分析其他玩家的描述，以便确定最终的卧底。
2024-12-13 17:08:59,278 - 2 - INFO - **********JUDGER**********
你刚刚的分析是我注意到玩家1和玩家2的描述都提到了果实的颜色、甜味和种子分布，而玩家3的描述则提到了果实的硬壳、果肉和特殊气味。玩家4没有提供具体的描述。根据这些信息，我猜测玩家3可能是卧底，因为他的描述与水果的特征不符，而是提到了与水果不同的特征，如硬壳和特殊气味。当然，这只是一个猜测，真正的卧底可能另有其人。现在，我们需要继续分析其他玩家的描述，以便确定最终的卧底。|| `请根据上述分析，比较描述以找出不一致之处，注意，这局游戏的词语分类为<水果>，卧底词和平民词都属于该类。
2024-12-13 17:09:22,987 - 2 - INFO - **********PLAYER2**********
根据上述分析，我们可以比较描述中的不一致之处如下：

1. 玩家1和玩家2的描述都集中在果实的颜色（紫色或绿色、红色到绿色）、甜味、皮薄多汁、维生素和矿物质含量以及种子分布均匀上，这些特征指向的是一种常见的水果，如葡萄。

2. 玩家3的描述提到了硬壳、丝滑果肉和明显的种子，以及强烈的特殊气味和独特的口感。这些特征与常见的水果描述不符，因为大多数水果不会有硬壳，且不会因为硬壳而有强烈的特殊气味。

3. 玩家4的描述提到了果实的红色、紫色或绿色、多汁的口感和甜美的风味，以及种子较为集中且难以食用。这些特征虽然与玩家1和玩家2的描述有相似之处，但提到种子难以食用这一点与玩家1和玩家2强调的种子分布均匀形成对比。

不一致之处在于玩家3的描述中包含硬壳和特殊气味这两个与常见水果特征不符的元素，而玩家4的描述则在与玩家1和玩家2的描述相似的同时，提出了种子难以食用这一相矛盾的观点。这些差异提示我们，玩家3和玩家4的描述可能更接近卧底的描述。
2024-12-13 17:09:22,989 - 2 - INFO - **********JUDGER**********
你刚刚的分析是根据上述分析，我们可以比较描述中的不一致之处如下：

1. 玩家1和玩家2的描述都集中在果实的颜色（紫色或绿色、红色到绿色）、甜味、皮薄多汁、维生素和矿物质含量以及种子分布均匀上，这些特征指向的是一种常见的水果，如葡萄。

2. 玩家3的描述提到了硬壳、丝滑果肉和明显的种子，以及强烈的特殊气味和独特的口感。这些特征与常见的水果描述不符，因为大多数水果不会有硬壳，且不会因为硬壳而有强烈的特殊气味。

3. 玩家4的描述提到了果实的红色、紫色或绿色、多汁的口感和甜美的风味，以及种子较为集中且难以食用。这些特征虽然与玩家1和玩家2的描述有相似之处，但提到种子难以食用这一点与玩家1和玩家2强调的种子分布均匀形成对比。

不一致之处在于玩家3的描述中包含硬壳和特殊气味这两个与常见水果特征不符的元素，而玩家4的描述则在与玩家1和玩家2的描述相似的同时，提出了种子难以食用这一相矛盾的观点。这些差异提示我们，玩家3和玩家4的描述可能更接近卧底的描述。|| 请通过你分析的不一致之处，推断卧底身份，注意，这局游戏的词语分类为<水果>，卧底词和平民词都属于该类。
2024-12-13 17:09:27,941 - 2 - INFO - **********PLAYER2**********
根据分析的不一致之处，玩家3的描述中提到的硬壳和特殊气味是与其他玩家描述的水果特征明显不符的，这强烈暗示了玩家3可能是卧底。玩家4的描述虽然与玩家1和玩家2有相似之处，但提到种子难以食用，这也可能是一个误导，因为通常描述中不会提到种子难以食用。然而，玩家3的特征描述与水果类的不符程度更高，因此，我认为玩家3是卧底。
2024-12-13 17:09:27,942 - 2 - INFO - **********JUDGER**********
你刚刚的推断是根据分析的不一致之处，玩家3的描述中提到的硬壳和特殊气味是与其他玩家描述的水果特征明显不符的，这强烈暗示了玩家3可能是卧底。玩家4的描述虽然与玩家1和玩家2有相似之处，但提到种子难以食用，这也可能是一个误导，因为通常描述中不会提到种子难以食用。然而，玩家3的特征描述与水果类的不符程度更高，因此，我认为玩家3是卧底。|| 基于你刚刚的推断得出你的最终结论，请输出你认为的卧底，在这种情况下只需要输出编号，是1-4中的某个数字，不要输出其他信息。在这个过程不要进行任何推理，只对||以前的部分进行信息提取
2024-12-13 17:09:28,963 - 2 - INFO - **********PLAYER2**********
3
2024-12-13 17:11:06,124 - 2 - INFO - **********JUDGER**********
玩家1说：它是一种多汁的果实，通常呈紫色或绿色。在水果类中，它可能因为其独特的甜味和种子分布而较为突出。这种水果的皮薄且容易剥离，它的果实内部充满了丰富的汁液，味道甜美，是许多人喜爱的零食。在水果中，它的形状多样，有的呈圆形，有的呈椭圆形，颜色多变，从红色到绿色都有。这种水果的种子虽然多，但并不妨碍它的美味。这种水果的口感细腻，质地紧密，含有的种子虽然多，但均匀分布在果肉中，不影响食用体验。它的色泽鲜艳，有的呈红色，有的呈紫色，有的呈绿色，给人一种视觉上的愉悦。这种水果不仅味道甜美，而且在食用时能感受到它独特的风味，是许多人喜爱的天然零食。玩家2说：它是一种圆形或椭圆形的果实，皮薄多汁，富含维生素和矿物质。在水果类中，它以其独特的甜味和分布均匀的种子而受到喜爱。这种水果的果实通常呈球形或椭圆形，表面光滑，色泽鲜艳，有红色、紫色或绿色等多种颜色。它的果实皮薄而脆弱，轻轻一剥就能去除，内部充满了清甜的汁液。这种水果不仅口感鲜美，而且营养价值高，含有丰富的维生素和矿物质。在水果中，它因其甜美的风味和多汁的口感而广受欢迎。玩家3说：它是一种有硬壳包裹的果实，内部有丝滑的果肉和明显的种子。在水果类中，它因其强烈的特殊气味和独特的口感而与其他水果不同。这种水果的香气浓郁，能够远距离闻到。它的肉质柔软，带有一定的黏性，种子分布较为集中。在水果中，它以其强烈的气味和独特的风味而闻名，这种风味可能让人爱不释手，也可能让人避之不及。玩家4说：它是一种富含糖分和水分的植物果实，通常呈红色、紫色或绿色。在水果类中，它以其多汁的口感和甜美的风味而受到喜爱，但与其他水果相比，它的种子较为集中且难以食用。这种水果的果实形状圆润，有的略呈椭圆形，色泽鲜艳，呈现出红色、紫色或绿色。它的皮薄而光滑，轻轻一剥就能轻松去除，内部充满了清甜的汁液。这种水果不仅口感鲜美，而且营养价值高，含有丰富的维生素和矿物质。在水果中，它以其甜美的风味和多汁的口感而广受欢迎，是许多人喜爱的零食。你是第2号玩家，你的关键词是<葡萄>。你的回答中绝对不能包含你的关键词<葡萄>。这是第三轮描述，你之前的描述是它是一种圆形或椭圆形的果实，皮薄多汁，富含维生素和矿物质。在水果类中，它以其独特的甜味和分布均匀的种子而受到喜爱。和这种水果的果实通常呈球形或椭圆形，表面光滑，色泽鲜艳，有红色、紫色或绿色等多种颜色。它的果实皮薄而脆弱，轻轻一剥就能去除，内部充满了清甜的汁液。这种水果不仅口感鲜美，而且营养价值高，含有丰富的维生素和矿物质。在水果中，它因其甜美的风味和多汁的口感而广受欢迎。，注意，这局游戏的词语分类为<水果>，卧底词和平民词都属于该类，请你补充关于关键词的描述，注意，你的描述应该比起之前的描述更加贴近关键词，作为之前的补充
2024-12-13 17:11:09,955 - 2 - INFO - **********PLAYER2**********
这种水果的果实大小适中，适合单手握持，它的果实表面可能会有一些自然生长的小斑点和条纹，增添了一丝自然的美感。它的果实结构紧密，汁液丰富，每一口都能感受到浓郁的果香和甜味。在水果中，它的这种风味独特，既适合单独食用，也常用于制作各种甜品和饮品。
2024-12-13 17:11:37,728 - 2 - INFO - **********JUDGER**********
玩家1说：它是一种多汁的果实，通常呈紫色或绿色。在水果类中，它可能因为其独特的甜味和种子分布而较为突出。这种水果的皮薄且容易剥离，它的果实内部充满了丰富的汁液，味道甜美，是许多人喜爱的零食。在水果中，它的形状多样，有的呈圆形，有的呈椭圆形，颜色多变，从红色到绿色都有。这种水果的种子虽然多，但并不妨碍它的美味。这种水果的口感细腻，质地紧密，含有的种子虽然多，但均匀分布在果肉中，不影响食用体验。它的色泽鲜艳，有的呈红色，有的呈紫色，有的呈绿色，给人一种视觉上的愉悦。这种水果不仅味道甜美，而且在食用时能感受到它独特的风味，是许多人喜爱的天然零食。玩家2说：它是一种圆形或椭圆形的果实，皮薄多汁，富含维生素和矿物质。在水果类中，它以其独特的甜味和分布均匀的种子而受到喜爱。这种水果的果实通常呈球形或椭圆形，表面光滑，色泽鲜艳，有红色、紫色或绿色等多种颜色。它的果实皮薄而脆弱，轻轻一剥就能去除，内部充满了清甜的汁液。这种水果不仅口感鲜美，而且营养价值高，含有丰富的维生素和矿物质。在水果中，它因其甜美的风味和多汁的口感而广受欢迎。这种水果的果实大小适中，适合单手握持，它的果实表面可能会有一些自然生长的小斑点和条纹，增添了一丝自然的美感。它的果实结构紧密，汁液丰富，每一口都能感受到浓郁的果香和甜味。在水果中，它的这种风味独特，既适合单独食用，也常用于制作各种甜品和饮品。玩家3说：它是一种有硬壳包裹的果实，内部有丝滑的果肉和明显的种子。在水果类中，它因其强烈的特殊气味和独特的口感而与其他水果不同。这种水果的香气浓郁，能够远距离闻到。它的肉质柔软，带有一定的黏性，种子分布较为集中。在水果中，它以其强烈的气味和独特的风味而闻名，这种风味可能让人爱不释手，也可能让人避之不及。这种水果的气味非常强烈，以至于在远处就能感受到它的存在。它的果肉质地细腻，有着独特的甜味，与普通水果不同。这种水果的种子分布虽然密集，但并不影响其整体的美味。它的外观可能并不起眼，但它的味道却是独一无二的，让人难以忘怀。玩家4说：它是一种富含糖分和水分的植物果实，通常呈红色、紫色或绿色。在水果类中，它以其多汁的口感和甜美的风味而受到喜爱，但与其他水果相比，它的种子较为集中且难以食用。这种水果的果实形状圆润，有的略呈椭圆形，色泽鲜艳，呈现出红色、紫色或绿色。它的皮薄而光滑，轻轻一剥就能轻松去除，内部充满了清甜的汁液。这种水果不仅口感鲜美，而且营养价值高，含有丰富的维生素和矿物质。在水果中，它以其甜美的风味和多汁的口感而广受欢迎，是许多人喜爱的零食。这种水果的果实通常呈现出圆润的形状，有的略微呈椭圆形，颜色丰富多样，从鲜艳的红色到深紫色的都有。它的皮薄且易于剥离，内部充满了丰富的汁液，味道甜美，是许多人喜爱的零食。这种水果的种子虽然较多，但它们均匀地分布在果肉中，不会影响食用体验。它的口感细腻，质地紧密，每一口都能感受到浓郁的果香和甜味。这种水果不仅味道甜美，而且在食用时能感受到它独特的风味，是许多人喜爱的天然零食。||在这个游戏中，我们需要通过分析每位玩家的描述来找出卧底。通常，平民的描述会围绕相同的词语展开，而卧底的描述可能会因为词语的不同而显得不太一致。我们需要仔细比较每个描述之间的相似性和差异性，以找出可能的卧底，注意，卧底并不会隐藏自己，他会直接描述他的词语，现在，逐一分析每个玩家的描述，注意，这局游戏的词语分类为<水果>，卧底词和平民词都属于该类。||之前是第3轮描述和之前轮数描述的合集。你之前认为的卧底是玩家3。
2024-12-13 17:11:45,577 - 2 - INFO - **********PLAYER2**********
根据之前的描述和现在的信息，玩家1、玩家2和玩家4的描述都指向了一种常见的水果，如葡萄，它们都提到了多汁、甜味、皮薄、色泽鲜艳、种子分布均匀等特点。而玩家3的描述提到了硬壳、特殊气味、肉质柔软、黏性、种子分布集中等特征，这些特征与常见的水果描述不符，尤其是硬壳和特殊气味，这与其他玩家的描述形成了明显的差异。

因此，基于这些信息，玩家3的描述与水果类特征不符，且与其他玩家的描述不一致，这增加了玩家3是卧底的可能性。所以，我的最终结论是玩家3是卧底。
2024-12-13 17:11:45,578 - 2 - INFO - **********JUDGER**********
你刚刚的分析是根据之前的描述和现在的信息，玩家1、玩家2和玩家4的描述都指向了一种常见的水果，如葡萄，它们都提到了多汁、甜味、皮薄、色泽鲜艳、种子分布均匀等特点。而玩家3的描述提到了硬壳、特殊气味、肉质柔软、黏性、种子分布集中等特征，这些特征与常见的水果描述不符，尤其是硬壳和特殊气味，这与其他玩家的描述形成了明显的差异。

因此，基于这些信息，玩家3的描述与水果类特征不符，且与其他玩家的描述不一致，这增加了玩家3是卧底的可能性。所以，我的最终结论是玩家3是卧底。|| `请根据上述分析，比较描述以找出不一致之处，注意，这局游戏的词语分类为<水果>，卧底词和平民词都属于该类。
2024-12-13 17:11:56,119 - 2 - INFO - **********PLAYER2**********
根据上述分析，不一致之处如下：

1. 玩家1、玩家2和玩家4的描述都强调了水果的多汁、甜味、皮薄、色泽鲜艳和种子分布均匀等特点，这些特征与葡萄等常见水果相符。

2. 玩家3的描述中提到了硬壳、特殊气味、肉质柔软、黏性和种子分布集中等特征。这些特征与玩家1、玩家2和玩家4的描述不符，因为它们没有提到硬壳或特殊气味，而且通常水果不会具有肉质柔软和黏性这样的描述。

3. 玩家3还提到了“这种水果的气味非常强烈，以至于在远处就能感受到它的存在”，这一点在玩家1、玩家2和玩家4的描述中没有出现。

4. 玩家3的描述中提到“它的外观可能并不起眼”，而其他玩家的描述都强调了水果的色泽鲜艳。

这些不一致之处表明玩家3的描述与常见水果的特征有显著差异，因此玩家3的描述与其他玩家形成对比，可能是卧底的描述。
2024-12-13 17:11:56,123 - 2 - INFO - **********JUDGER**********
你刚刚的分析是根据上述分析，不一致之处如下：

1. 玩家1、玩家2和玩家4的描述都强调了水果的多汁、甜味、皮薄、色泽鲜艳和种子分布均匀等特点，这些特征与葡萄等常见水果相符。

2. 玩家3的描述中提到了硬壳、特殊气味、肉质柔软、黏性和种子分布集中等特征。这些特征与玩家1、玩家2和玩家4的描述不符，因为它们没有提到硬壳或特殊气味，而且通常水果不会具有肉质柔软和黏性这样的描述。

3. 玩家3还提到了“这种水果的气味非常强烈，以至于在远处就能感受到它的存在”，这一点在玩家1、玩家2和玩家4的描述中没有出现。

4. 玩家3的描述中提到“它的外观可能并不起眼”，而其他玩家的描述都强调了水果的色泽鲜艳。

这些不一致之处表明玩家3的描述与常见水果的特征有显著差异，因此玩家3的描述与其他玩家形成对比，可能是卧底的描述。|| 请通过你分析的不一致之处，推断卧底身份，注意，这局游戏的词语分类为<水果>，卧底词和平民词都属于该类。
2024-12-13 17:12:06,342 - 2 - INFO - **********PLAYER2**********
基于分析的不一致之处，以下是我的推断：

玩家3的描述中提到的硬壳、特殊气味、肉质柔软、黏性以及强调的气味强烈到可以远距离感知，这些特征与常见的葡萄或其他常见水果的描述大相径庭。其他玩家的描述都集中在水果的多汁、甜味、色泽等方面，而玩家3的描述则引入了与水果特性不符的新特征。

因此，根据这些不一致之处，我推断玩家3是卧底。
2024-12-13 17:12:06,346 - 2 - INFO - **********JUDGER**********
你刚刚的推断是基于分析的不一致之处，以下是我的推断：

玩家3的描述中提到的硬壳、特殊气味、肉质柔软、黏性以及强调的气味强烈到可以远距离感知，这些特征与常见的葡萄或其他常见水果的描述大相径庭。其他玩家的描述都集中在水果的多汁、甜味、色泽等方面，而玩家3的描述则引入了与水果特性不符的新特征。

因此，根据这些不一致之处，我推断玩家3是卧底。|| 基于你刚刚的推断得出你的最终结论，请输出你认为的卧底，在这种情况下只需要输出编号，是1-4中的某个数字，不要输出其他信息。在这个过程不要进行任何推理，只对||以前的部分进行信息提取
2024-12-13 17:12:07,871 - 2 - INFO - **********PLAYER2**********
3
