2024-12-13 17:05:39,501 - 3 - INFO - **********JUDGER**********
让我们来玩一个叫做<谁是卧底>的推理游戏。基本规则：<人数>：4人。<角色分配>：每位玩家随机抽取一个词语，3名玩家拿到的词语是相同的（平民词），1名玩家拿到与之相近但不同的词语（卧底词）。<游戏流程>：1、玩家轮流描述自己的词语，但<不能>直接说出词语本身。2、描述完毕后，投票选出最像卧底的玩家。3、每轮结束后，被投票选出的玩家出局，不能再进行描述或投票。4、每轮投票结束后，如果卧底被成功找出，平民方获胜；如果卧底未被找出且卧底人数等于或超过平民人数，则卧底方获胜。你将扮演一个<玩家>，请等待你被分配到的关键词。如果你听懂了，只回答，"好的，我准备好参加游戏了"，不要输出别的信息
2024-12-13 17:05:40,331 - 3 - INFO - **********PLAYER3**********
好的，我准备好参加游戏了
2024-12-13 17:05:46,512 - 3 - INFO - **********JUDGER**********
玩家1说：它是一种多汁的果实，通常呈紫色或绿色。在水果类中，它可能因为其独特的甜味和种子分布而较为突出。玩家2说：它是一种圆形或椭圆形的果实，皮薄多汁，富含维生素和矿物质。在水果类中，它以其独特的甜味和分布均匀的种子而受到喜爱。玩家3说：玩家4说：|| 你是第3号玩家，你的关键词是<榴莲>。你的回答中绝对不能包含你的关键词<榴莲>。这是第一轮描述，不需要分析||之前别的玩家的描述，请你描述关键词基本特征，注意，这局游戏的词语分类为<水果>，卧底词和平民词都属于该类，描述包括以下两点，1.他的基本特征是什么2.他在该类（水果）中最突出不同的特征是什么，尽量简短
2024-12-13 17:05:50,154 - 3 - INFO - **********PLAYER3**********
它是一种有硬壳包裹的果实，内部有丝滑的果肉和明显的种子。在水果类中，它因其强烈的特殊气味和独特的口感而与其他水果不同。
2024-12-13 17:06:45,161 - 3 - INFO - **********JUDGER**********
玩家1说：它是一种多汁的果实，通常呈紫色或绿色。在水果类中，它可能因为其独特的甜味和种子分布而较为突出。玩家2说：它是一种圆形或椭圆形的果实，皮薄多汁，富含维生素和矿物质。在水果类中，它以其独特的甜味和分布均匀的种子而受到喜爱。玩家3说：它是一种有硬壳包裹的果实，内部有丝滑的果肉和明显的种子。在水果类中，它因其强烈的特殊气味和独特的口感而与其他水果不同。玩家4说：||在这个游戏中，我们需要通过分析每位玩家的描述来找出卧底。通常，平民的描述会围绕相同的词语展开，而卧底的描述可能会因为词语的不同而显得不太一致。我们需要仔细比较每个描述之间的相似性和差异性，以找出可能的卧底，注意，卧底并不会隐藏自己，他会直接描述他的词语，现在，逐一分析每个玩家的描述，注意，这局游戏的词语分类为<水果>，卧底词和平民词都属于该类。这是第一轮描述。
2024-12-13 17:06:54,670 - 3 - INFO - **********PLAYER3**********
好的，根据玩家们的描述，我们可以进行以下分析：

玩家1描述的果实是紫或绿色的，多汁，甜味独特，种子分布可能不同。
玩家2描述的果实是圆形或椭圆形，皮薄多汁，富含维生素和矿物质，甜味独特，种子分布均匀。
玩家3描述的果实有硬壳，内部果肉丝滑，有明显的种子，有强烈的特殊气味和独特的口感。

从描述来看，玩家1和玩家2的描述非常相似，都提到了果实的甜味、多汁和种子分布。玩家3的描述则提到了硬壳、丝滑果肉和特殊气味，这与前两位玩家的描述有所不同。

由于游戏规则中提到卧底的描述可能会因为词语的不同而显得不太一致，玩家3的描述似乎与玩家1和玩家2的描述有所区别，这可能意味着玩家3是卧底。然而，由于所有描述都属于水果类，且卧底并不一定会在描述中隐藏关键词，我们也不能完全确定玩家3就是卧底。

为了进一步确定卧底，我们需要在下一轮中观察玩家3是否继续提供与前两位玩家不同的描述，或者是否有玩家能够通过描述的细微差别指出玩家3的卧底身份。
2024-12-13 17:06:54,672 - 3 - INFO - **********JUDGER**********
你刚刚的分析是好的，根据玩家们的描述，我们可以进行以下分析：

玩家1描述的果实是紫或绿色的，多汁，甜味独特，种子分布可能不同。
玩家2描述的果实是圆形或椭圆形，皮薄多汁，富含维生素和矿物质，甜味独特，种子分布均匀。
玩家3描述的果实有硬壳，内部果肉丝滑，有明显的种子，有强烈的特殊气味和独特的口感。

从描述来看，玩家1和玩家2的描述非常相似，都提到了果实的甜味、多汁和种子分布。玩家3的描述则提到了硬壳、丝滑果肉和特殊气味，这与前两位玩家的描述有所不同。

由于游戏规则中提到卧底的描述可能会因为词语的不同而显得不太一致，玩家3的描述似乎与玩家1和玩家2的描述有所区别，这可能意味着玩家3是卧底。然而，由于所有描述都属于水果类，且卧底并不一定会在描述中隐藏关键词，我们也不能完全确定玩家3就是卧底。

为了进一步确定卧底，我们需要在下一轮中观察玩家3是否继续提供与前两位玩家不同的描述，或者是否有玩家能够通过描述的细微差别指出玩家3的卧底身份。|| `请根据上述分析，比较描述以找出不一致之处，注意，这局游戏的词语分类为<水果>，卧底词和平民词都属于该类。
2024-12-13 17:07:08,499 - 3 - INFO - **********PLAYER3**********
根据上述分析，我们可以比较描述中的一致性和不一致性如下：

一致之处：
- 所有玩家都提到了果实是甜的。
- 所有玩家都提到了果实是多汁的。
- 所有玩家都提到了果实中有种子。

不一致之处：
- 玩家1和玩家2描述了果实的外形（紫色/绿色、圆形/椭圆形），而玩家3没有提到果实的外形。
- 玩家1和玩家2都提到了种子分布可能不同或均匀，而玩家3没有明确提到种子的分布情况。
- 玩家3特别提到了果实有硬壳、丝滑果肉和强烈的特殊气味，这些特征在玩家1和玩家2的描述中没有出现。

由于所有玩家描述的水果都属于同一类（水果），且卧底词和平民词都属于该类，玩家3的描述中提到的硬壳、丝滑果肉和特殊气味可能是关键线索。这些特征可能指向的是榴莲，因为榴莲以其硬壳、独特的口感和强烈的气味而闻名，而其他描述更像是葡萄或类似的水果。

因此，玩家3的描述与玩家1和玩家2的描述存在明显的不一致，这可能是识别卧底的重要线索。在下一轮中，如果玩家3继续强调这些特征，或者有玩家能够指出这些特征与已知的水果不符，那么玩家3可能是卧底。
2024-12-13 17:07:08,501 - 3 - INFO - **********JUDGER**********
你刚刚的分析是根据上述分析，我们可以比较描述中的一致性和不一致性如下：

一致之处：
- 所有玩家都提到了果实是甜的。
- 所有玩家都提到了果实是多汁的。
- 所有玩家都提到了果实中有种子。

不一致之处：
- 玩家1和玩家2描述了果实的外形（紫色/绿色、圆形/椭圆形），而玩家3没有提到果实的外形。
- 玩家1和玩家2都提到了种子分布可能不同或均匀，而玩家3没有明确提到种子的分布情况。
- 玩家3特别提到了果实有硬壳、丝滑果肉和强烈的特殊气味，这些特征在玩家1和玩家2的描述中没有出现。

由于所有玩家描述的水果都属于同一类（水果），且卧底词和平民词都属于该类，玩家3的描述中提到的硬壳、丝滑果肉和特殊气味可能是关键线索。这些特征可能指向的是榴莲，因为榴莲以其硬壳、独特的口感和强烈的气味而闻名，而其他描述更像是葡萄或类似的水果。

因此，玩家3的描述与玩家1和玩家2的描述存在明显的不一致，这可能是识别卧底的重要线索。在下一轮中，如果玩家3继续强调这些特征，或者有玩家能够指出这些特征与已知的水果不符，那么玩家3可能是卧底。|| 请通过你分析的不一致之处，推断卧底身份，注意，这局游戏的词语分类为<水果>，卧底词和平民词都属于该类。
2024-12-13 17:07:17,571 - 3 - INFO - **********PLAYER3**********
根据分析中提到的不一致之处，我们可以进行以下推断：

1. 玩家1和玩家2的描述都提到了果实的外形（紫色/绿色、圆形/椭圆形），这暗示了可能是常见的葡萄类水果，如葡萄或提子。

2. 玩家3的描述中没有提到果实的外形，但特别强调了果实的硬壳、丝滑果肉和强烈的特殊气味。

3. 玩家3提到的硬壳、丝滑果肉和特殊气味是榴莲的典型特征，而玩家1和玩家2的描述中没有这些特征。

由于游戏规则中提到卧底词和平民词都属于水果类，且玩家3的描述与玩家1和玩家2的描述在关键特征上存在显著差异，这些差异指向了榴莲这一特定水果。

因此，基于上述分析，玩家3很可能是卧底，因为他的描述与已知的水果（如葡萄或提子）不符，而是更符合榴莲这一独特的热带水果。
2024-12-13 17:07:17,573 - 3 - INFO - **********JUDGER**********
你刚刚的推断是根据分析中提到的不一致之处，我们可以进行以下推断：

1. 玩家1和玩家2的描述都提到了果实的外形（紫色/绿色、圆形/椭圆形），这暗示了可能是常见的葡萄类水果，如葡萄或提子。

2. 玩家3的描述中没有提到果实的外形，但特别强调了果实的硬壳、丝滑果肉和强烈的特殊气味。

3. 玩家3提到的硬壳、丝滑果肉和特殊气味是榴莲的典型特征，而玩家1和玩家2的描述中没有这些特征。

由于游戏规则中提到卧底词和平民词都属于水果类，且玩家3的描述与玩家1和玩家2的描述在关键特征上存在显著差异，这些差异指向了榴莲这一特定水果。

因此，基于上述分析，玩家3很可能是卧底，因为他的描述与已知的水果（如葡萄或提子）不符，而是更符合榴莲这一独特的热带水果。|| 基于你刚刚的推断得出你的最终结论，请输出你认为的卧底，在这种情况下只需要输出编号，是1-4中的某个数字，不要输出其他信息。在这个过程不要进行任何推理，只对||以前的部分进行信息提取
2024-12-13 17:07:18,955 - 3 - INFO - **********PLAYER3**********
3
2024-12-13 17:08:15,419 - 3 - INFO - **********JUDGER**********
玩家1说：它是一种多汁的果实，通常呈紫色或绿色。在水果类中，它可能因为其独特的甜味和种子分布而较为突出。这种水果的皮薄且容易剥离，它的果实内部充满了丰富的汁液，味道甜美，是许多人喜爱的零食。在水果中，它的形状多样，有的呈圆形，有的呈椭圆形，颜色多变，从红色到绿色都有。这种水果的种子虽然多，但并不妨碍它的美味。玩家2说：它是一种圆形或椭圆形的果实，皮薄多汁，富含维生素和矿物质。在水果类中，它以其独特的甜味和分布均匀的种子而受到喜爱。这种水果的果实通常呈球形或椭圆形，表面光滑，色泽鲜艳，有红色、紫色或绿色等多种颜色。它的果实皮薄而脆弱，轻轻一剥就能去除，内部充满了清甜的汁液。这种水果不仅口感鲜美，而且营养价值高，含有丰富的维生素和矿物质。在水果中，它因其甜美的风味和多汁的口感而广受欢迎。玩家3说：它是一种有硬壳包裹的果实，内部有丝滑的果肉和明显的种子。在水果类中，它因其强烈的特殊气味和独特的口感而与其他水果不同。玩家4说：它是一种富含糖分和水分的植物果实，通常呈红色、紫色或绿色。在水果类中，它以其多汁的口感和甜美的风味而受到喜爱，但与其他水果相比，它的种子较为集中且难以食用。你是第3号玩家，你的关键词是<榴莲>。你的回答中绝对不能包含你的关键词<榴莲>。这是第二轮描述，你之前的描述是它是一种有硬壳包裹的果实，内部有丝滑的果肉和明显的种子。在水果类中，它因其强烈的特殊气味和独特的口感而与其他水果不同。，注意，这局游戏的词语分类为<水果>，卧底词和平民词都属于该类，请你补充关于关键词的描述，注意，你的描述应该比起之前的描述更加贴近关键词，作为之前的补充
2024-12-13 17:08:20,230 - 3 - INFO - **********PLAYER3**********
这种水果的香气浓郁，能够远距离闻到。它的肉质柔软，带有一定的黏性，种子分布较为集中。在水果中，它以其强烈的气味和独特的风味而闻名，这种风味可能让人爱不释手，也可能让人避之不及。
2024-12-13 17:09:28,964 - 3 - INFO - **********JUDGER**********
玩家1说：它是一种多汁的果实，通常呈紫色或绿色。在水果类中，它可能因为其独特的甜味和种子分布而较为突出。这种水果的皮薄且容易剥离，它的果实内部充满了丰富的汁液，味道甜美，是许多人喜爱的零食。在水果中，它的形状多样，有的呈圆形，有的呈椭圆形，颜色多变，从红色到绿色都有。这种水果的种子虽然多，但并不妨碍它的美味。玩家2说：它是一种圆形或椭圆形的果实，皮薄多汁，富含维生素和矿物质。在水果类中，它以其独特的甜味和分布均匀的种子而受到喜爱。这种水果的果实通常呈球形或椭圆形，表面光滑，色泽鲜艳，有红色、紫色或绿色等多种颜色。它的果实皮薄而脆弱，轻轻一剥就能去除，内部充满了清甜的汁液。这种水果不仅口感鲜美，而且营养价值高，含有丰富的维生素和矿物质。在水果中，它因其甜美的风味和多汁的口感而广受欢迎。玩家3说：它是一种有硬壳包裹的果实，内部有丝滑的果肉和明显的种子。在水果类中，它因其强烈的特殊气味和独特的口感而与其他水果不同。这种水果的香气浓郁，能够远距离闻到。它的肉质柔软，带有一定的黏性，种子分布较为集中。在水果中，它以其强烈的气味和独特的风味而闻名，这种风味可能让人爱不释手，也可能让人避之不及。玩家4说：它是一种富含糖分和水分的植物果实，通常呈红色、紫色或绿色。在水果类中，它以其多汁的口感和甜美的风味而受到喜爱，但与其他水果相比，它的种子较为集中且难以食用。||在这个游戏中，我们需要通过分析每位玩家的描述来找出卧底。通常，平民的描述会围绕相同的词语展开，而卧底的描述可能会因为词语的不同而显得不太一致。我们需要仔细比较每个描述之间的相似性和差异性，以找出可能的卧底，注意，卧底并不会隐藏自己，他会直接描述他的词语，现在，逐一分析每个玩家的描述，注意，这局游戏的词语分类为<水果>，卧底词和平民词都属于该类。||之前是第2轮描述和之前轮数描述的合集。你之前认为的卧底是玩家3。
2024-12-13 17:09:38,498 - 3 - INFO - **********PLAYER3**********
经过分析，玩家1、玩家2和玩家4的描述都指向了某种常见的水果，如葡萄或提子，这些描述中提到了果实的颜色、形状、甜味、多汁性、皮薄、种子分布等特征，且这些特征在多个水果中都有体现。

玩家3的描述则提到了硬壳、丝滑果肉、明显的种子、强烈的特殊气味和独特的口感，这些特征与玩家1、玩家2和玩家4的描述有显著差异，更符合榴莲这一特定水果。

因此，基于第二轮描述和之前的分析，我仍然认为玩家3是卧底。
2024-12-13 17:09:38,499 - 3 - INFO - **********JUDGER**********
你刚刚的分析是经过分析，玩家1、玩家2和玩家4的描述都指向了某种常见的水果，如葡萄或提子，这些描述中提到了果实的颜色、形状、甜味、多汁性、皮薄、种子分布等特征，且这些特征在多个水果中都有体现。

玩家3的描述则提到了硬壳、丝滑果肉、明显的种子、强烈的特殊气味和独特的口感，这些特征与玩家1、玩家2和玩家4的描述有显著差异，更符合榴莲这一特定水果。

因此，基于第二轮描述和之前的分析，我仍然认为玩家3是卧底。|| `请根据上述分析，比较描述以找出不一致之处，注意，这局游戏的词语分类为<水果>，卧底词和平民词都属于该类。
2024-12-13 17:09:55,574 - 3 - INFO - **********PLAYER3**********
根据上述分析，以下是不一致之处的比较：

1. 玩家1、玩家2和玩家4的描述都强调了果实的甜味、多汁性、皮薄、种子分布等特征，而玩家3的描述中提到了硬壳、丝滑果肉、明显的种子、强烈的特殊气味和独特的口感，这些特征在玩家1、玩家2和玩家4的描述中没有出现。

2. 玩家1和玩家2提到了果实形状的多样性（圆形、椭圆形、红色到绿色），而玩家3没有提及形状和颜色，玩家4则提到了红色、紫色或绿色的果实。

3. 玩家1、玩家2和玩家4的描述中，种子分布是均匀的或多但不妨碍美味，而玩家3特别强调了种子分布较为集中。

4. 玩家1、玩家2和玩家4的描述中，没有提到果实的气味，而玩家3的描述中强调了强烈的特殊气味。

5. 玩家3的描述中提到了果肉带有黏性，这是玩家1、玩家2和玩家4的描述中没有提到的。

这些不一致之处表明玩家3的描述与玩家1、玩家2和玩家4的描述在细节上存在显著差异，这可能是因为玩家3的词语是榴莲，而其他玩家的词语是类似于葡萄或提子的水果。
2024-12-13 17:09:55,577 - 3 - INFO - **********JUDGER**********
你刚刚的分析是根据上述分析，以下是不一致之处的比较：

1. 玩家1、玩家2和玩家4的描述都强调了果实的甜味、多汁性、皮薄、种子分布等特征，而玩家3的描述中提到了硬壳、丝滑果肉、明显的种子、强烈的特殊气味和独特的口感，这些特征在玩家1、玩家2和玩家4的描述中没有出现。

2. 玩家1和玩家2提到了果实形状的多样性（圆形、椭圆形、红色到绿色），而玩家3没有提及形状和颜色，玩家4则提到了红色、紫色或绿色的果实。

3. 玩家1、玩家2和玩家4的描述中，种子分布是均匀的或多但不妨碍美味，而玩家3特别强调了种子分布较为集中。

4. 玩家1、玩家2和玩家4的描述中，没有提到果实的气味，而玩家3的描述中强调了强烈的特殊气味。

5. 玩家3的描述中提到了果肉带有黏性，这是玩家1、玩家2和玩家4的描述中没有提到的。

这些不一致之处表明玩家3的描述与玩家1、玩家2和玩家4的描述在细节上存在显著差异，这可能是因为玩家3的词语是榴莲，而其他玩家的词语是类似于葡萄或提子的水果。|| 请通过你分析的不一致之处，推断卧底身份，注意，这局游戏的词语分类为<水果>，卧底词和平民词都属于该类。
2024-12-13 17:10:26,008 - 3 - INFO - **********PLAYER3**********
基于分析中提到的不一致之处，以下是对卧底身份的推断：

1. 玩家3的描述中提到的硬壳、丝滑果肉、明显的种子、强烈的特殊气味和独特的口感，这些都是榴莲的典型特征，而在玩家1、玩家2和玩家4的描述中并未提及这些特征。

2. 玩家3特别强调了种子的分布较为集中，这也是榴莲的一个显著特点，而其他玩家的描述中并未明确指出种子分布的具体情况。

3. 玩家3描述的果肉带有黏性，这也是榴莲的一个独特之处，而其他玩家的描述中未提及这一特征。

综合以上点，玩家3的描述与榴莲的特征高度吻合，而与玩家1、玩家2和玩家4描述的常见水果特征不符。因此，根据这些不一致之处，可以推断玩家3是卧底。
2024-12-13 17:10:26,009 - 3 - INFO - **********JUDGER**********
你刚刚的推断是基于分析中提到的不一致之处，以下是对卧底身份的推断：

1. 玩家3的描述中提到的硬壳、丝滑果肉、明显的种子、强烈的特殊气味和独特的口感，这些都是榴莲的典型特征，而在玩家1、玩家2和玩家4的描述中并未提及这些特征。

2. 玩家3特别强调了种子的分布较为集中，这也是榴莲的一个显著特点，而其他玩家的描述中并未明确指出种子分布的具体情况。

3. 玩家3描述的果肉带有黏性，这也是榴莲的一个独特之处，而其他玩家的描述中未提及这一特征。

综合以上点，玩家3的描述与榴莲的特征高度吻合，而与玩家1、玩家2和玩家4描述的常见水果特征不符。因此，根据这些不一致之处，可以推断玩家3是卧底。|| 基于你刚刚的推断得出你的最终结论，请输出你认为的卧底，在这种情况下只需要输出编号，是1-4中的某个数字，不要输出其他信息。在这个过程不要进行任何推理，只对||以前的部分进行信息提取
2024-12-13 17:10:27,242 - 3 - INFO - **********PLAYER3**********
3
2024-12-13 17:11:09,957 - 3 - INFO - **********JUDGER**********
玩家1说：它是一种多汁的果实，通常呈紫色或绿色。在水果类中，它可能因为其独特的甜味和种子分布而较为突出。这种水果的皮薄且容易剥离，它的果实内部充满了丰富的汁液，味道甜美，是许多人喜爱的零食。在水果中，它的形状多样，有的呈圆形，有的呈椭圆形，颜色多变，从红色到绿色都有。这种水果的种子虽然多，但并不妨碍它的美味。这种水果的口感细腻，质地紧密，含有的种子虽然多，但均匀分布在果肉中，不影响食用体验。它的色泽鲜艳，有的呈红色，有的呈紫色，有的呈绿色，给人一种视觉上的愉悦。这种水果不仅味道甜美，而且在食用时能感受到它独特的风味，是许多人喜爱的天然零食。玩家2说：它是一种圆形或椭圆形的果实，皮薄多汁，富含维生素和矿物质。在水果类中，它以其独特的甜味和分布均匀的种子而受到喜爱。这种水果的果实通常呈球形或椭圆形，表面光滑，色泽鲜艳，有红色、紫色或绿色等多种颜色。它的果实皮薄而脆弱，轻轻一剥就能去除，内部充满了清甜的汁液。这种水果不仅口感鲜美，而且营养价值高，含有丰富的维生素和矿物质。在水果中，它因其甜美的风味和多汁的口感而广受欢迎。这种水果的果实大小适中，适合单手握持，它的果实表面可能会有一些自然生长的小斑点和条纹，增添了一丝自然的美感。它的果实结构紧密，汁液丰富，每一口都能感受到浓郁的果香和甜味。在水果中，它的这种风味独特，既适合单独食用，也常用于制作各种甜品和饮品。玩家3说：它是一种有硬壳包裹的果实，内部有丝滑的果肉和明显的种子。在水果类中，它因其强烈的特殊气味和独特的口感而与其他水果不同。这种水果的香气浓郁，能够远距离闻到。它的肉质柔软，带有一定的黏性，种子分布较为集中。在水果中，它以其强烈的气味和独特的风味而闻名，这种风味可能让人爱不释手，也可能让人避之不及。玩家4说：它是一种富含糖分和水分的植物果实，通常呈红色、紫色或绿色。在水果类中，它以其多汁的口感和甜美的风味而受到喜爱，但与其他水果相比，它的种子较为集中且难以食用。这种水果的果实形状圆润，有的略呈椭圆形，色泽鲜艳，呈现出红色、紫色或绿色。它的皮薄而光滑，轻轻一剥就能轻松去除，内部充满了清甜的汁液。这种水果不仅口感鲜美，而且营养价值高，含有丰富的维生素和矿物质。在水果中，它以其甜美的风味和多汁的口感而广受欢迎，是许多人喜爱的零食。你是第3号玩家，你的关键词是<榴莲>。你的回答中绝对不能包含你的关键词<榴莲>。这是第三轮描述，你之前的描述是它是一种有硬壳包裹的果实，内部有丝滑的果肉和明显的种子。在水果类中，它因其强烈的特殊气味和独特的口感而与其他水果不同。和这种水果的香气浓郁，能够远距离闻到。它的肉质柔软，带有一定的黏性，种子分布较为集中。在水果中，它以其强烈的气味和独特的风味而闻名，这种风味可能让人爱不释手，也可能让人避之不及。，注意，这局游戏的词语分类为<水果>，卧底词和平民词都属于该类，请你补充关于关键词的描述，注意，你的描述应该比起之前的描述更加贴近关键词，作为之前的补充
2024-12-13 17:11:15,310 - 3 - INFO - **********PLAYER3**********
这种水果的气味非常强烈，以至于在远处就能感受到它的存在。它的果肉质地细腻，有着独特的甜味，与普通水果不同。这种水果的种子分布虽然密集，但并不影响其整体的美味。它的外观可能并不起眼，但它的味道却是独一无二的，让人难以忘怀。
2024-12-13 17:12:07,872 - 3 - INFO - **********JUDGER**********
玩家1说：它是一种多汁的果实，通常呈紫色或绿色。在水果类中，它可能因为其独特的甜味和种子分布而较为突出。这种水果的皮薄且容易剥离，它的果实内部充满了丰富的汁液，味道甜美，是许多人喜爱的零食。在水果中，它的形状多样，有的呈圆形，有的呈椭圆形，颜色多变，从红色到绿色都有。这种水果的种子虽然多，但并不妨碍它的美味。这种水果的口感细腻，质地紧密，含有的种子虽然多，但均匀分布在果肉中，不影响食用体验。它的色泽鲜艳，有的呈红色，有的呈紫色，有的呈绿色，给人一种视觉上的愉悦。这种水果不仅味道甜美，而且在食用时能感受到它独特的风味，是许多人喜爱的天然零食。玩家2说：它是一种圆形或椭圆形的果实，皮薄多汁，富含维生素和矿物质。在水果类中，它以其独特的甜味和分布均匀的种子而受到喜爱。这种水果的果实通常呈球形或椭圆形，表面光滑，色泽鲜艳，有红色、紫色或绿色等多种颜色。它的果实皮薄而脆弱，轻轻一剥就能去除，内部充满了清甜的汁液。这种水果不仅口感鲜美，而且营养价值高，含有丰富的维生素和矿物质。在水果中，它因其甜美的风味和多汁的口感而广受欢迎。这种水果的果实大小适中，适合单手握持，它的果实表面可能会有一些自然生长的小斑点和条纹，增添了一丝自然的美感。它的果实结构紧密，汁液丰富，每一口都能感受到浓郁的果香和甜味。在水果中，它的这种风味独特，既适合单独食用，也常用于制作各种甜品和饮品。玩家3说：它是一种有硬壳包裹的果实，内部有丝滑的果肉和明显的种子。在水果类中，它因其强烈的特殊气味和独特的口感而与其他水果不同。这种水果的香气浓郁，能够远距离闻到。它的肉质柔软，带有一定的黏性，种子分布较为集中。在水果中，它以其强烈的气味和独特的风味而闻名，这种风味可能让人爱不释手，也可能让人避之不及。这种水果的气味非常强烈，以至于在远处就能感受到它的存在。它的果肉质地细腻，有着独特的甜味，与普通水果不同。这种水果的种子分布虽然密集，但并不影响其整体的美味。它的外观可能并不起眼，但它的味道却是独一无二的，让人难以忘怀。玩家4说：它是一种富含糖分和水分的植物果实，通常呈红色、紫色或绿色。在水果类中，它以其多汁的口感和甜美的风味而受到喜爱，但与其他水果相比，它的种子较为集中且难以食用。这种水果的果实形状圆润，有的略呈椭圆形，色泽鲜艳，呈现出红色、紫色或绿色。它的皮薄而光滑，轻轻一剥就能轻松去除，内部充满了清甜的汁液。这种水果不仅口感鲜美，而且营养价值高，含有丰富的维生素和矿物质。在水果中，它以其甜美的风味和多汁的口感而广受欢迎，是许多人喜爱的零食。这种水果的果实通常呈现出圆润的形状，有的略微呈椭圆形，颜色丰富多样，从鲜艳的红色到深紫色的都有。它的皮薄且易于剥离，内部充满了丰富的汁液，味道甜美，是许多人喜爱的零食。这种水果的种子虽然较多，但它们均匀地分布在果肉中，不会影响食用体验。它的口感细腻，质地紧密，每一口都能感受到浓郁的果香和甜味。这种水果不仅味道甜美，而且在食用时能感受到它独特的风味，是许多人喜爱的天然零食。||在这个游戏中，我们需要通过分析每位玩家的描述来找出卧底。通常，平民的描述会围绕相同的词语展开，而卧底的描述可能会因为词语的不同而显得不太一致。我们需要仔细比较每个描述之间的相似性和差异性，以找出可能的卧底，注意，卧底并不会隐藏自己，他会直接描述他的词语，现在，逐一分析每个玩家的描述，注意，这局游戏的词语分类为<水果>，卧底词和平民词都属于该类。||之前是第3轮描述和之前轮数描述的合集。你之前认为的卧底是玩家3。
2024-12-13 17:12:17,696 - 3 - INFO - **********PLAYER3**********
在第三轮描述中，玩家1、玩家2和玩家4的描述都指向了某种常见的水果，如葡萄或提子，这些描述中提到了果实的颜色、形状、甜味、多汁性、皮薄、种子分布等特征，且这些特征在多个水果中都有体现。

玩家3的描述则再次强调了果实的硬壳、丝滑果肉、明显的种子、强烈的特殊气味和独特的口感，这些特征与玩家1、玩家2和玩家4的描述有显著差异，更符合榴莲这一特定水果。

综合所有轮次的描述，玩家3的描述与榴莲的特征高度吻合，而与其他玩家描述的常见水果特征不符。因此，根据这些描述的相似性和差异性，可以推断玩家3仍然是卧底。
2024-12-13 17:12:17,698 - 3 - INFO - **********JUDGER**********
你刚刚的分析是在第三轮描述中，玩家1、玩家2和玩家4的描述都指向了某种常见的水果，如葡萄或提子，这些描述中提到了果实的颜色、形状、甜味、多汁性、皮薄、种子分布等特征，且这些特征在多个水果中都有体现。

玩家3的描述则再次强调了果实的硬壳、丝滑果肉、明显的种子、强烈的特殊气味和独特的口感，这些特征与玩家1、玩家2和玩家4的描述有显著差异，更符合榴莲这一特定水果。

综合所有轮次的描述，玩家3的描述与榴莲的特征高度吻合，而与其他玩家描述的常见水果特征不符。因此，根据这些描述的相似性和差异性，可以推断玩家3仍然是卧底。|| `请根据上述分析，比较描述以找出不一致之处，注意，这局游戏的词语分类为<水果>，卧底词和平民词都属于该类。
2024-12-13 17:12:33,093 - 3 - INFO - **********PLAYER3**********
根据上述分析，以下是不一致之处的比较：

1. 玩家1、玩家2和玩家4的描述都提到了果实的甜味、多汁性、皮薄、种子分布等特征，而玩家3的描述中特别强调了果实的硬壳、丝滑果肉、明显的种子、强烈的特殊气味和独特的口感，这些特征在玩家1、玩家2和玩家4的描述中没有出现。

2. 玩家1和玩家2的描述中提到了果实形状的多样性（圆形、椭圆形、红色到绿色），玩家4也提到了红色、紫色或绿色的果实，但玩家3没有提及形状和颜色。

3. 玩家3的描述中提到了果实的香气浓郁，能够远距离闻到，这是玩家1、玩家2和玩家4的描述中没有提到的。

4. 玩家3描述的果肉带有黏性，这是玩家1、玩家2和玩家4的描述中没有提到的。

5. 玩家3特别强调了种子分布较为集中，而玩家1、玩家2和玩家4的描述中并没有明确指出种子分布的具体情况。

这些不一致之处表明玩家3的描述与玩家1、玩家2和玩家4的描述在细节上存在显著差异，这可能是因为玩家3的词语是榴莲，而其他玩家的词语是类似于葡萄或提子的水果。
2024-12-13 17:12:33,095 - 3 - INFO - **********JUDGER**********
你刚刚的分析是根据上述分析，以下是不一致之处的比较：

1. 玩家1、玩家2和玩家4的描述都提到了果实的甜味、多汁性、皮薄、种子分布等特征，而玩家3的描述中特别强调了果实的硬壳、丝滑果肉、明显的种子、强烈的特殊气味和独特的口感，这些特征在玩家1、玩家2和玩家4的描述中没有出现。

2. 玩家1和玩家2的描述中提到了果实形状的多样性（圆形、椭圆形、红色到绿色），玩家4也提到了红色、紫色或绿色的果实，但玩家3没有提及形状和颜色。

3. 玩家3的描述中提到了果实的香气浓郁，能够远距离闻到，这是玩家1、玩家2和玩家4的描述中没有提到的。

4. 玩家3描述的果肉带有黏性，这是玩家1、玩家2和玩家4的描述中没有提到的。

5. 玩家3特别强调了种子分布较为集中，而玩家1、玩家2和玩家4的描述中并没有明确指出种子分布的具体情况。

这些不一致之处表明玩家3的描述与玩家1、玩家2和玩家4的描述在细节上存在显著差异，这可能是因为玩家3的词语是榴莲，而其他玩家的词语是类似于葡萄或提子的水果。|| 请通过你分析的不一致之处，推断卧底身份，注意，这局游戏的词语分类为<水果>，卧底词和平民词都属于该类。
2024-12-13 17:12:44,545 - 3 - INFO - **********PLAYER3**********
基于分析中提到的不一致之处，可以推断玩家3是卧底。以下是不一致之处的具体分析：

1. 玩家3描述的果实特征（硬壳、丝滑果肉、明显的种子、强烈的特殊气味和独特的口感）与榴莲的特征相符，而其他玩家描述的特征更接近常见水果如葡萄或提子。

2. 玩家3特别提到的果实香气浓郁，能够远距离闻到，这也是榴莲的显著特征。

3. 玩家3描述的果肉带有黏性，这一点在玩家1、玩家2和玩家4的描述中没有提及。

4. 玩家3强调了种子分布较为集中，而其他玩家并没有明确提到种子分布的细节。

综上所述，玩家3的描述与榴莲的特征最为吻合，因此可以推断玩家3是卧底。
2024-12-13 17:12:44,546 - 3 - INFO - **********JUDGER**********
你刚刚的推断是基于分析中提到的不一致之处，可以推断玩家3是卧底。以下是不一致之处的具体分析：

1. 玩家3描述的果实特征（硬壳、丝滑果肉、明显的种子、强烈的特殊气味和独特的口感）与榴莲的特征相符，而其他玩家描述的特征更接近常见水果如葡萄或提子。

2. 玩家3特别提到的果实香气浓郁，能够远距离闻到，这也是榴莲的显著特征。

3. 玩家3描述的果肉带有黏性，这一点在玩家1、玩家2和玩家4的描述中没有提及。

4. 玩家3强调了种子分布较为集中，而其他玩家并没有明确提到种子分布的细节。

综上所述，玩家3的描述与榴莲的特征最为吻合，因此可以推断玩家3是卧底。|| 基于你刚刚的推断得出你的最终结论，请输出你认为的卧底，在这种情况下只需要输出编号，是1-4中的某个数字，不要输出其他信息。在这个过程不要进行任何推理，只对||以前的部分进行信息提取
2024-12-13 17:12:46,219 - 3 - INFO - **********PLAYER3**********
3
2024-12-13 17:12:46,219 - 3 - INFO - **********JUDGER**********
你认为卧底是你自己。你现在需要随便选一个人投票。请输出一个数字，是1-4中的某个数字，但这个数字不能是3，不要输出其他信息。
2024-12-13 17:12:47,702 - 3 - INFO - **********PLAYER3**********
1
