2024-12-13 17:05:40,805 - 4 - INFO - **********JUDGER**********
让我们来玩一个叫做<谁是卧底>的推理游戏。基本规则：<人数>：4人。<角色分配>：每位玩家随机抽取一个词语，3名玩家拿到的词语是相同的（平民词），1名玩家拿到与之相近但不同的词语（卧底词）。<游戏流程>：1、玩家轮流描述自己的词语，但<不能>直接说出词语本身。2、描述完毕后，投票选出最像卧底的玩家。3、每轮结束后，被投票选出的玩家出局，不能再进行描述或投票。4、每轮投票结束后，如果卧底被成功找出，平民方获胜；如果卧底未被找出且卧底人数等于或超过平民人数，则卧底方获胜。你将扮演一个<玩家>，请等待你被分配到的关键词。如果你听懂了，只回答，"好的，我准备好参加游戏了"，不要输出别的信息
2024-12-13 17:05:41,521 - 4 - INFO - **********PLAYER4**********
好的，我准备好参加游戏了
2024-12-13 17:05:50,155 - 4 - INFO - **********JUDGER**********
玩家1说：它是一种多汁的果实，通常呈紫色或绿色。在水果类中，它可能因为其独特的甜味和种子分布而较为突出。玩家2说：它是一种圆形或椭圆形的果实，皮薄多汁，富含维生素和矿物质。在水果类中，它以其独特的甜味和分布均匀的种子而受到喜爱。玩家3说：它是一种有硬壳包裹的果实，内部有丝滑的果肉和明显的种子。在水果类中，它因其强烈的特殊气味和独特的口感而与其他水果不同。玩家4说：|| 你是第4号玩家，你的关键词是<葡萄>。你的回答中绝对不能包含你的关键词<葡萄>。这是第一轮描述，不需要分析||之前别的玩家的描述，请你描述关键词基本特征，注意，这局游戏的词语分类为<水果>，卧底词和平民词都属于该类，描述包括以下两点，1.他的基本特征是什么2.他在该类（水果）中最突出不同的特征是什么，尽量简短
2024-12-13 17:05:53,284 - 4 - INFO - **********PLAYER4**********
它是一种富含糖分和水分的植物果实，通常呈红色、紫色或绿色。在水果类中，它以其多汁的口感和甜美的风味而受到喜爱，但与其他水果相比，它的种子较为集中且难以食用。
2024-12-13 17:07:18,957 - 4 - INFO - **********JUDGER**********
玩家1说：它是一种多汁的果实，通常呈紫色或绿色。在水果类中，它可能因为其独特的甜味和种子分布而较为突出。玩家2说：它是一种圆形或椭圆形的果实，皮薄多汁，富含维生素和矿物质。在水果类中，它以其独特的甜味和分布均匀的种子而受到喜爱。玩家3说：它是一种有硬壳包裹的果实，内部有丝滑的果肉和明显的种子。在水果类中，它因其强烈的特殊气味和独特的口感而与其他水果不同。玩家4说：||在这个游戏中，我们需要通过分析每位玩家的描述来找出卧底。通常，平民的描述会围绕相同的词语展开，而卧底的描述可能会因为词语的不同而显得不太一致。我们需要仔细比较每个描述之间的相似性和差异性，以找出可能的卧底，注意，卧底并不会隐藏自己，他会直接描述他的词语，现在，逐一分析每个玩家的描述，注意，这局游戏的词语分类为<水果>，卧底词和平民词都属于该类。这是第一轮描述。
2024-12-13 17:07:32,865 - 4 - INFO - **********PLAYER4**********
根据玩家们的描述，我们可以进行以下分析：

玩家1和玩家2的描述都提到了多汁、甜味、种子分布和维生素矿物质，这些特征很可能是相同的水果，如葡萄或樱桃。

玩家3的描述提到了硬壳、丝滑的果肉和明显的种子，以及强烈的特殊气味和独特的口感，这些特征似乎与玩家1和玩家2的描述不太一致，这可能意味着玩家3是卧底，他的水果可能是橄榄或榴莲。

玩家4没有提供具体的描述，只是提到了游戏规则和描述分析的方法，因此无法根据描述判断玩家4是否为卧底。

综上所述，玩家3的描述与玩家1和玩家2的描述有明显的差异，他可能是卧底。而玩家4没有提供具体的描述，无法判断。
2024-12-13 17:07:32,868 - 4 - INFO - **********JUDGER**********
你刚刚的分析是根据玩家们的描述，我们可以进行以下分析：

玩家1和玩家2的描述都提到了多汁、甜味、种子分布和维生素矿物质，这些特征很可能是相同的水果，如葡萄或樱桃。

玩家3的描述提到了硬壳、丝滑的果肉和明显的种子，以及强烈的特殊气味和独特的口感，这些特征似乎与玩家1和玩家2的描述不太一致，这可能意味着玩家3是卧底，他的水果可能是橄榄或榴莲。

玩家4没有提供具体的描述，只是提到了游戏规则和描述分析的方法，因此无法根据描述判断玩家4是否为卧底。

综上所述，玩家3的描述与玩家1和玩家2的描述有明显的差异，他可能是卧底。而玩家4没有提供具体的描述，无法判断。|| `请根据上述分析，比较描述以找出不一致之处，注意，这局游戏的词语分类为<水果>，卧底词和平民词都属于该类。
2024-12-13 17:07:52,853 - 4 - INFO - **********PLAYER4**********
根据上述分析，我们可以比较描述中的不一致之处如下：

1. 玩家1和玩家2的描述都强调了水果的多汁、甜味、种子分布和富含维生素矿物质，这些特征在葡萄和樱桃等水果中是常见的。

2. 玩家3的描述则提到了硬壳、丝滑的果肉、明显的种子、强烈的特殊气味和独特的口感。这些特征与玩家1和玩家2描述的水果明显不同。硬壳和特殊气味是葡萄和樱桃所不具备的，这暗示玩家3可能持有的是橄榄或榴莲这样的水果，它们具有硬壳和强烈的气味。

3. 玩家4没有提供具体的描述，只是提供了游戏规则和分析方法，因此无法通过描述来判断其是否为卧底。

总结来说，玩家3的描述与玩家1和玩家2的描述存在不一致之处，这可能是由于他持有的是与葡萄或樱桃不同的水果，因此玩家3可能是卧底。而玩家4由于没有提供具体的描述，无法通过描述来判断其身份。
2024-12-13 17:07:52,856 - 4 - INFO - **********JUDGER**********
你刚刚的分析是根据上述分析，我们可以比较描述中的不一致之处如下：

1. 玩家1和玩家2的描述都强调了水果的多汁、甜味、种子分布和富含维生素矿物质，这些特征在葡萄和樱桃等水果中是常见的。

2. 玩家3的描述则提到了硬壳、丝滑的果肉、明显的种子、强烈的特殊气味和独特的口感。这些特征与玩家1和玩家2描述的水果明显不同。硬壳和特殊气味是葡萄和樱桃所不具备的，这暗示玩家3可能持有的是橄榄或榴莲这样的水果，它们具有硬壳和强烈的气味。

3. 玩家4没有提供具体的描述，只是提供了游戏规则和分析方法，因此无法通过描述来判断其是否为卧底。

总结来说，玩家3的描述与玩家1和玩家2的描述存在不一致之处，这可能是由于他持有的是与葡萄或樱桃不同的水果，因此玩家3可能是卧底。而玩家4由于没有提供具体的描述，无法通过描述来判断其身份。|| 请通过你分析的不一致之处，推断卧底身份，注意，这局游戏的词语分类为<水果>，卧底词和平民词都属于该类。
2024-12-13 17:08:04,675 - 4 - INFO - **********PLAYER4**********
根据上述分析中提到的不一致之处，我们可以推断以下：

- 玩家1和玩家2的描述指向了具有多汁、甜味、种子分布和富含维生素矿物质的水果，这符合葡萄和樱桃等水果的特征。
- 玩家3的描述则指向了具有硬壳、丝滑果肉、明显种子、强烈特殊气味和独特口感的水果，这与葡萄和樱桃的特征不符，更像是橄榄或榴莲这样的水果。

由于玩家3的描述与玩家1和玩家2的描述存在显著差异，且这些差异指向了完全不同的水果类型，我们可以推断玩家3很可能是卧底。在水果类别中，橄榄和榴莲是两个与葡萄和樱桃特征截然不同的水果，因此玩家3的卧底身份可能是橄榄或榴莲。而玩家4没有提供具体的描述，所以无法根据描述推断其身份。
2024-12-13 17:08:04,677 - 4 - INFO - **********JUDGER**********
你刚刚的推断是根据上述分析中提到的不一致之处，我们可以推断以下：

- 玩家1和玩家2的描述指向了具有多汁、甜味、种子分布和富含维生素矿物质的水果，这符合葡萄和樱桃等水果的特征。
- 玩家3的描述则指向了具有硬壳、丝滑果肉、明显种子、强烈特殊气味和独特口感的水果，这与葡萄和樱桃的特征不符，更像是橄榄或榴莲这样的水果。

由于玩家3的描述与玩家1和玩家2的描述存在显著差异，且这些差异指向了完全不同的水果类型，我们可以推断玩家3很可能是卧底。在水果类别中，橄榄和榴莲是两个与葡萄和樱桃特征截然不同的水果，因此玩家3的卧底身份可能是橄榄或榴莲。而玩家4没有提供具体的描述，所以无法根据描述推断其身份。|| 基于你刚刚的推断得出你的最终结论，请输出你认为的卧底，在这种情况下只需要输出编号，是1-4中的某个数字，不要输出其他信息。在这个过程不要进行任何推理，只对||以前的部分进行信息提取
2024-12-13 17:08:05,527 - 4 - INFO - **********PLAYER4**********
3
2024-12-13 17:08:20,230 - 4 - INFO - **********JUDGER**********
玩家1说：它是一种多汁的果实，通常呈紫色或绿色。在水果类中，它可能因为其独特的甜味和种子分布而较为突出。这种水果的皮薄且容易剥离，它的果实内部充满了丰富的汁液，味道甜美，是许多人喜爱的零食。在水果中，它的形状多样，有的呈圆形，有的呈椭圆形，颜色多变，从红色到绿色都有。这种水果的种子虽然多，但并不妨碍它的美味。玩家2说：它是一种圆形或椭圆形的果实，皮薄多汁，富含维生素和矿物质。在水果类中，它以其独特的甜味和分布均匀的种子而受到喜爱。这种水果的果实通常呈球形或椭圆形，表面光滑，色泽鲜艳，有红色、紫色或绿色等多种颜色。它的果实皮薄而脆弱，轻轻一剥就能去除，内部充满了清甜的汁液。这种水果不仅口感鲜美，而且营养价值高，含有丰富的维生素和矿物质。在水果中，它因其甜美的风味和多汁的口感而广受欢迎。玩家3说：它是一种有硬壳包裹的果实，内部有丝滑的果肉和明显的种子。在水果类中，它因其强烈的特殊气味和独特的口感而与其他水果不同。这种水果的香气浓郁，能够远距离闻到。它的肉质柔软，带有一定的黏性，种子分布较为集中。在水果中，它以其强烈的气味和独特的风味而闻名，这种风味可能让人爱不释手，也可能让人避之不及。玩家4说：它是一种富含糖分和水分的植物果实，通常呈红色、紫色或绿色。在水果类中，它以其多汁的口感和甜美的风味而受到喜爱，但与其他水果相比，它的种子较为集中且难以食用。你是第4号玩家，你的关键词是<葡萄>。你的回答中绝对不能包含你的关键词<葡萄>。这是第二轮描述，你之前的描述是它是一种富含糖分和水分的植物果实，通常呈红色、紫色或绿色。在水果类中，它以其多汁的口感和甜美的风味而受到喜爱，但与其他水果相比，它的种子较为集中且难以食用。，注意，这局游戏的词语分类为<水果>，卧底词和平民词都属于该类，请你补充关于关键词的描述，注意，你的描述应该比起之前的描述更加贴近关键词，作为之前的补充
2024-12-13 17:08:28,146 - 4 - INFO - **********PLAYER4**********
这种水果的果实形状圆润，有的略呈椭圆形，色泽鲜艳，呈现出红色、紫色或绿色。它的皮薄而光滑，轻轻一剥就能轻松去除，内部充满了清甜的汁液。这种水果不仅口感鲜美，而且营养价值高，含有丰富的维生素和矿物质。在水果中，它以其甜美的风味和多汁的口感而广受欢迎，是许多人喜爱的零食。
2024-12-13 17:10:27,242 - 4 - INFO - **********JUDGER**********
玩家1说：它是一种多汁的果实，通常呈紫色或绿色。在水果类中，它可能因为其独特的甜味和种子分布而较为突出。这种水果的皮薄且容易剥离，它的果实内部充满了丰富的汁液，味道甜美，是许多人喜爱的零食。在水果中，它的形状多样，有的呈圆形，有的呈椭圆形，颜色多变，从红色到绿色都有。这种水果的种子虽然多，但并不妨碍它的美味。玩家2说：它是一种圆形或椭圆形的果实，皮薄多汁，富含维生素和矿物质。在水果类中，它以其独特的甜味和分布均匀的种子而受到喜爱。这种水果的果实通常呈球形或椭圆形，表面光滑，色泽鲜艳，有红色、紫色或绿色等多种颜色。它的果实皮薄而脆弱，轻轻一剥就能去除，内部充满了清甜的汁液。这种水果不仅口感鲜美，而且营养价值高，含有丰富的维生素和矿物质。在水果中，它因其甜美的风味和多汁的口感而广受欢迎。玩家3说：它是一种有硬壳包裹的果实，内部有丝滑的果肉和明显的种子。在水果类中，它因其强烈的特殊气味和独特的口感而与其他水果不同。这种水果的香气浓郁，能够远距离闻到。它的肉质柔软，带有一定的黏性，种子分布较为集中。在水果中，它以其强烈的气味和独特的风味而闻名，这种风味可能让人爱不释手，也可能让人避之不及。玩家4说：它是一种富含糖分和水分的植物果实，通常呈红色、紫色或绿色。在水果类中，它以其多汁的口感和甜美的风味而受到喜爱，但与其他水果相比，它的种子较为集中且难以食用。||在这个游戏中，我们需要通过分析每位玩家的描述来找出卧底。通常，平民的描述会围绕相同的词语展开，而卧底的描述可能会因为词语的不同而显得不太一致。我们需要仔细比较每个描述之间的相似性和差异性，以找出可能的卧底，注意，卧底并不会隐藏自己，他会直接描述他的词语，现在，逐一分析每个玩家的描述，注意，这局游戏的词语分类为<水果>，卧底词和平民词都属于该类。||之前是第2轮描述和之前轮数描述的合集。你之前认为的卧底是玩家3。
2024-12-13 17:10:39,616 - 4 - INFO - **********PLAYER4**********
根据第二轮描述和之前轮数描述的合集，我之前的推断是玩家3可能是卧底。现在，我将根据新的描述重新分析：

- 玩家1和玩家2的描述都非常相似，都提到了多汁、甜味、种子分布、皮薄、易于剥离、清甜的汁液、球形或椭圆形、色泽鲜艳、富含维生素和矿物质等特征，这些描述指向了相同的水果，可能是葡萄或樱桃。

- 玩家3的描述提到了硬壳、丝滑果肉、明显种子、强烈特殊气味、独特的口感、香气浓郁、肉质柔软、黏性、种子分布集中等特征，这些特征与玩家1和玩家2的描述明显不同，指向了可能具有强烈气味和不同口感的其他水果，如橄榄或榴莲。

- 玩家4的描述提到了富含糖分和水分、多汁、甜美的风味、种子较为集中且难以食用等特征，这与玩家1和玩家2的描述相似，但并未提供足够的信息来排除或确认其身份。

基于上述分析，玩家3的描述仍然与玩家1和玩家2的描述存在显著差异，因此，我仍然认为玩家3可能是卧底。
2024-12-13 17:10:39,618 - 4 - INFO - **********JUDGER**********
你刚刚的分析是根据第二轮描述和之前轮数描述的合集，我之前的推断是玩家3可能是卧底。现在，我将根据新的描述重新分析：

- 玩家1和玩家2的描述都非常相似，都提到了多汁、甜味、种子分布、皮薄、易于剥离、清甜的汁液、球形或椭圆形、色泽鲜艳、富含维生素和矿物质等特征，这些描述指向了相同的水果，可能是葡萄或樱桃。

- 玩家3的描述提到了硬壳、丝滑果肉、明显种子、强烈特殊气味、独特的口感、香气浓郁、肉质柔软、黏性、种子分布集中等特征，这些特征与玩家1和玩家2的描述明显不同，指向了可能具有强烈气味和不同口感的其他水果，如橄榄或榴莲。

- 玩家4的描述提到了富含糖分和水分、多汁、甜美的风味、种子较为集中且难以食用等特征，这与玩家1和玩家2的描述相似，但并未提供足够的信息来排除或确认其身份。

基于上述分析，玩家3的描述仍然与玩家1和玩家2的描述存在显著差异，因此，我仍然认为玩家3可能是卧底。|| `请根据上述分析，比较描述以找出不一致之处，注意，这局游戏的词语分类为<水果>，卧底词和平民词都属于该类。
2024-12-13 17:10:49,461 - 4 - INFO - **********PLAYER4**********
根据上述分析，我们可以比较描述中的不一致之处如下：

1. 玩家1和玩家2的描述都指向了相同的水果，具有多汁、甜味、种子分布、皮薄、易于剥离、清甜的汁液、球形或椭圆形、色泽鲜艳、富含维生素和矿物质等特征。

2. 玩家3的描述与玩家1和玩家2的描述存在明显差异，提到了硬壳、丝滑果肉、明显种子、强烈特殊气味、独特的口感、香气浓郁、肉质柔软、黏性、种子分布集中等特征，这些特征与葡萄或樱桃等常见水果不符。

3. 玩家4的描述虽然提到了富含糖分和水分、多汁、甜美的风味、种子较为集中等特征，但没有提到皮薄、易于剥离、色泽鲜艳等特征，这些特征在玩家1和玩家2的描述中是明显的。

不一致之处主要体现在玩家3的描述中，它描述的特征与玩家1和玩家2的描述指向的常见水果特征不符，这可能是因为玩家3持有的是与葡萄或樱桃不同的水果，如橄榄或榴莲。而玩家4的描述虽然有一些相似之处，但缺少了一些关键的描述点，这使得玩家3的描述与平民的描述差异最大。
2024-12-13 17:10:49,462 - 4 - INFO - **********JUDGER**********
你刚刚的分析是根据上述分析，我们可以比较描述中的不一致之处如下：

1. 玩家1和玩家2的描述都指向了相同的水果，具有多汁、甜味、种子分布、皮薄、易于剥离、清甜的汁液、球形或椭圆形、色泽鲜艳、富含维生素和矿物质等特征。

2. 玩家3的描述与玩家1和玩家2的描述存在明显差异，提到了硬壳、丝滑果肉、明显种子、强烈特殊气味、独特的口感、香气浓郁、肉质柔软、黏性、种子分布集中等特征，这些特征与葡萄或樱桃等常见水果不符。

3. 玩家4的描述虽然提到了富含糖分和水分、多汁、甜美的风味、种子较为集中等特征，但没有提到皮薄、易于剥离、色泽鲜艳等特征，这些特征在玩家1和玩家2的描述中是明显的。

不一致之处主要体现在玩家3的描述中，它描述的特征与玩家1和玩家2的描述指向的常见水果特征不符，这可能是因为玩家3持有的是与葡萄或樱桃不同的水果，如橄榄或榴莲。而玩家4的描述虽然有一些相似之处，但缺少了一些关键的描述点，这使得玩家3的描述与平民的描述差异最大。|| 请通过你分析的不一致之处，推断卧底身份，注意，这局游戏的词语分类为<水果>，卧底词和平民词都属于该类。
2024-12-13 17:10:58,128 - 4 - INFO - **********PLAYER4**********
根据分析的不一致之处，可以推断以下：

- 玩家1和玩家2的描述指向了相同的水果，且这些描述与常见的葡萄或樱桃等水果的特征相符。
- 玩家4的描述虽然也指向了常见的水果，但缺少了一些关键特征，如皮薄、易于剥离、色泽鲜艳等，这可能导致其描述与实际关键词存在细微差别。
- 玩家3的描述则与玩家1和玩家2的描述有显著差异，提到了硬壳、丝滑果肉、强烈特殊气味、肉质柔软、黏性等特征，这些特征与葡萄或樱桃等常见水果不符，更像是橄榄或榴莲等具有特殊气味和口感的水果。

因此，基于描述中的不一致之处，玩家3很可能是卧底。
2024-12-13 17:10:58,130 - 4 - INFO - **********JUDGER**********
你刚刚的推断是根据分析的不一致之处，可以推断以下：

- 玩家1和玩家2的描述指向了相同的水果，且这些描述与常见的葡萄或樱桃等水果的特征相符。
- 玩家4的描述虽然也指向了常见的水果，但缺少了一些关键特征，如皮薄、易于剥离、色泽鲜艳等，这可能导致其描述与实际关键词存在细微差别。
- 玩家3的描述则与玩家1和玩家2的描述有显著差异，提到了硬壳、丝滑果肉、强烈特殊气味、肉质柔软、黏性等特征，这些特征与葡萄或樱桃等常见水果不符，更像是橄榄或榴莲等具有特殊气味和口感的水果。

因此，基于描述中的不一致之处，玩家3很可能是卧底。|| 基于你刚刚的推断得出你的最终结论，请输出你认为的卧底，在这种情况下只需要输出编号，是1-4中的某个数字，不要输出其他信息。在这个过程不要进行任何推理，只对||以前的部分进行信息提取
2024-12-13 17:10:59,839 - 4 - INFO - **********PLAYER4**********
3
2024-12-13 17:11:15,311 - 4 - INFO - **********JUDGER**********
玩家1说：它是一种多汁的果实，通常呈紫色或绿色。在水果类中，它可能因为其独特的甜味和种子分布而较为突出。这种水果的皮薄且容易剥离，它的果实内部充满了丰富的汁液，味道甜美，是许多人喜爱的零食。在水果中，它的形状多样，有的呈圆形，有的呈椭圆形，颜色多变，从红色到绿色都有。这种水果的种子虽然多，但并不妨碍它的美味。这种水果的口感细腻，质地紧密，含有的种子虽然多，但均匀分布在果肉中，不影响食用体验。它的色泽鲜艳，有的呈红色，有的呈紫色，有的呈绿色，给人一种视觉上的愉悦。这种水果不仅味道甜美，而且在食用时能感受到它独特的风味，是许多人喜爱的天然零食。玩家2说：它是一种圆形或椭圆形的果实，皮薄多汁，富含维生素和矿物质。在水果类中，它以其独特的甜味和分布均匀的种子而受到喜爱。这种水果的果实通常呈球形或椭圆形，表面光滑，色泽鲜艳，有红色、紫色或绿色等多种颜色。它的果实皮薄而脆弱，轻轻一剥就能去除，内部充满了清甜的汁液。这种水果不仅口感鲜美，而且营养价值高，含有丰富的维生素和矿物质。在水果中，它因其甜美的风味和多汁的口感而广受欢迎。这种水果的果实大小适中，适合单手握持，它的果实表面可能会有一些自然生长的小斑点和条纹，增添了一丝自然的美感。它的果实结构紧密，汁液丰富，每一口都能感受到浓郁的果香和甜味。在水果中，它的这种风味独特，既适合单独食用，也常用于制作各种甜品和饮品。玩家3说：它是一种有硬壳包裹的果实，内部有丝滑的果肉和明显的种子。在水果类中，它因其强烈的特殊气味和独特的口感而与其他水果不同。这种水果的香气浓郁，能够远距离闻到。它的肉质柔软，带有一定的黏性，种子分布较为集中。在水果中，它以其强烈的气味和独特的风味而闻名，这种风味可能让人爱不释手，也可能让人避之不及。这种水果的气味非常强烈，以至于在远处就能感受到它的存在。它的果肉质地细腻，有着独特的甜味，与普通水果不同。这种水果的种子分布虽然密集，但并不影响其整体的美味。它的外观可能并不起眼，但它的味道却是独一无二的，让人难以忘怀。玩家4说：它是一种富含糖分和水分的植物果实，通常呈红色、紫色或绿色。在水果类中，它以其多汁的口感和甜美的风味而受到喜爱，但与其他水果相比，它的种子较为集中且难以食用。这种水果的果实形状圆润，有的略呈椭圆形，色泽鲜艳，呈现出红色、紫色或绿色。它的皮薄而光滑，轻轻一剥就能轻松去除，内部充满了清甜的汁液。这种水果不仅口感鲜美，而且营养价值高，含有丰富的维生素和矿物质。在水果中，它以其甜美的风味和多汁的口感而广受欢迎，是许多人喜爱的零食。你是第4号玩家，你的关键词是<葡萄>。你的回答中绝对不能包含你的关键词<葡萄>。这是第三轮描述，你之前的描述是它是一种富含糖分和水分的植物果实，通常呈红色、紫色或绿色。在水果类中，它以其多汁的口感和甜美的风味而受到喜爱，但与其他水果相比，它的种子较为集中且难以食用。和这种水果的果实形状圆润，有的略呈椭圆形，色泽鲜艳，呈现出红色、紫色或绿色。它的皮薄而光滑，轻轻一剥就能轻松去除，内部充满了清甜的汁液。这种水果不仅口感鲜美，而且营养价值高，含有丰富的维生素和矿物质。在水果中，它以其甜美的风味和多汁的口感而广受欢迎，是许多人喜爱的零食。，注意，这局游戏的词语分类为<水果>，卧底词和平民词都属于该类，请你补充关于关键词的描述，注意，你的描述应该比起之前的描述更加贴近关键词，作为之前的补充
2024-12-13 17:11:20,682 - 4 - INFO - **********PLAYER4**********
这种水果的果实通常呈现出圆润的形状，有的略微呈椭圆形，颜色丰富多样，从鲜艳的红色到深紫色的都有。它的皮薄且易于剥离，内部充满了丰富的汁液，味道甜美，是许多人喜爱的零食。这种水果的种子虽然较多，但它们均匀地分布在果肉中，不会影响食用体验。它的口感细腻，质地紧密，每一口都能感受到浓郁的果香和甜味。这种水果不仅味道甜美，而且在食用时能感受到它独特的风味，是许多人喜爱的天然零食。
2024-12-13 17:12:47,703 - 4 - INFO - **********JUDGER**********
玩家1说：它是一种多汁的果实，通常呈紫色或绿色。在水果类中，它可能因为其独特的甜味和种子分布而较为突出。这种水果的皮薄且容易剥离，它的果实内部充满了丰富的汁液，味道甜美，是许多人喜爱的零食。在水果中，它的形状多样，有的呈圆形，有的呈椭圆形，颜色多变，从红色到绿色都有。这种水果的种子虽然多，但并不妨碍它的美味。这种水果的口感细腻，质地紧密，含有的种子虽然多，但均匀分布在果肉中，不影响食用体验。它的色泽鲜艳，有的呈红色，有的呈紫色，有的呈绿色，给人一种视觉上的愉悦。这种水果不仅味道甜美，而且在食用时能感受到它独特的风味，是许多人喜爱的天然零食。玩家2说：它是一种圆形或椭圆形的果实，皮薄多汁，富含维生素和矿物质。在水果类中，它以其独特的甜味和分布均匀的种子而受到喜爱。这种水果的果实通常呈球形或椭圆形，表面光滑，色泽鲜艳，有红色、紫色或绿色等多种颜色。它的果实皮薄而脆弱，轻轻一剥就能去除，内部充满了清甜的汁液。这种水果不仅口感鲜美，而且营养价值高，含有丰富的维生素和矿物质。在水果中，它因其甜美的风味和多汁的口感而广受欢迎。这种水果的果实大小适中，适合单手握持，它的果实表面可能会有一些自然生长的小斑点和条纹，增添了一丝自然的美感。它的果实结构紧密，汁液丰富，每一口都能感受到浓郁的果香和甜味。在水果中，它的这种风味独特，既适合单独食用，也常用于制作各种甜品和饮品。玩家3说：它是一种有硬壳包裹的果实，内部有丝滑的果肉和明显的种子。在水果类中，它因其强烈的特殊气味和独特的口感而与其他水果不同。这种水果的香气浓郁，能够远距离闻到。它的肉质柔软，带有一定的黏性，种子分布较为集中。在水果中，它以其强烈的气味和独特的风味而闻名，这种风味可能让人爱不释手，也可能让人避之不及。这种水果的气味非常强烈，以至于在远处就能感受到它的存在。它的果肉质地细腻，有着独特的甜味，与普通水果不同。这种水果的种子分布虽然密集，但并不影响其整体的美味。它的外观可能并不起眼，但它的味道却是独一无二的，让人难以忘怀。玩家4说：它是一种富含糖分和水分的植物果实，通常呈红色、紫色或绿色。在水果类中，它以其多汁的口感和甜美的风味而受到喜爱，但与其他水果相比，它的种子较为集中且难以食用。这种水果的果实形状圆润，有的略呈椭圆形，色泽鲜艳，呈现出红色、紫色或绿色。它的皮薄而光滑，轻轻一剥就能轻松去除，内部充满了清甜的汁液。这种水果不仅口感鲜美，而且营养价值高，含有丰富的维生素和矿物质。在水果中，它以其甜美的风味和多汁的口感而广受欢迎，是许多人喜爱的零食。这种水果的果实通常呈现出圆润的形状，有的略微呈椭圆形，颜色丰富多样，从鲜艳的红色到深紫色的都有。它的皮薄且易于剥离，内部充满了丰富的汁液，味道甜美，是许多人喜爱的零食。这种水果的种子虽然较多，但它们均匀地分布在果肉中，不会影响食用体验。它的口感细腻，质地紧密，每一口都能感受到浓郁的果香和甜味。这种水果不仅味道甜美，而且在食用时能感受到它独特的风味，是许多人喜爱的天然零食。||在这个游戏中，我们需要通过分析每位玩家的描述来找出卧底。通常，平民的描述会围绕相同的词语展开，而卧底的描述可能会因为词语的不同而显得不太一致。我们需要仔细比较每个描述之间的相似性和差异性，以找出可能的卧底，注意，卧底并不会隐藏自己，他会直接描述他的词语，现在，逐一分析每个玩家的描述，注意，这局游戏的词语分类为<水果>，卧底词和平民词都属于该类。||之前是第3轮描述和之前轮数描述的合集。你之前认为的卧底是玩家3。
2024-12-13 17:13:00,693 - 4 - INFO - **********PLAYER4**********
根据第3轮描述和之前轮数描述的合集，我之前的推断是玩家3可能是卧底。现在，我将根据新的描述重新分析：

- 玩家1和玩家2的描述非常相似，都强调了水果的多汁、甜味、种子分布、皮薄、色泽鲜艳、富含维生素和矿物质等特征，这些描述指向了相同的水果，可能是葡萄或樱桃。

- 玩家4的描述与玩家1和玩家2的描述也非常相似，强调了水果的多汁、甜味、种子分布、皮薄、色泽鲜艳、富含维生素和矿物质等特征，这些描述同样指向了可能是葡萄或樱桃的水果。

- 玩家3的描述提到了硬壳、丝滑果肉、明显种子、强烈特殊气味、独特的口感、香气浓郁、肉质柔软、黏性、种子分布集中等特征，这些特征与玩家1、玩家2和玩家4的描述明显不同，指向了可能具有强烈气味和不同口感的其他水果，如橄榄或榴莲。

基于上述分析，玩家3的描述仍然与玩家1、玩家2和玩家4的描述存在显著差异，因此，我仍然认为玩家3可能是卧底。
2024-12-13 17:13:00,695 - 4 - INFO - **********JUDGER**********
你刚刚的分析是根据第3轮描述和之前轮数描述的合集，我之前的推断是玩家3可能是卧底。现在，我将根据新的描述重新分析：

- 玩家1和玩家2的描述非常相似，都强调了水果的多汁、甜味、种子分布、皮薄、色泽鲜艳、富含维生素和矿物质等特征，这些描述指向了相同的水果，可能是葡萄或樱桃。

- 玩家4的描述与玩家1和玩家2的描述也非常相似，强调了水果的多汁、甜味、种子分布、皮薄、色泽鲜艳、富含维生素和矿物质等特征，这些描述同样指向了可能是葡萄或樱桃的水果。

- 玩家3的描述提到了硬壳、丝滑果肉、明显种子、强烈特殊气味、独特的口感、香气浓郁、肉质柔软、黏性、种子分布集中等特征，这些特征与玩家1、玩家2和玩家4的描述明显不同，指向了可能具有强烈气味和不同口感的其他水果，如橄榄或榴莲。

基于上述分析，玩家3的描述仍然与玩家1、玩家2和玩家4的描述存在显著差异，因此，我仍然认为玩家3可能是卧底。|| `请根据上述分析，比较描述以找出不一致之处，注意，这局游戏的词语分类为<水果>，卧底词和平民词都属于该类。
2024-12-13 17:13:13,908 - 4 - INFO - **********PLAYER4**********
根据上述分析，我们可以比较描述中的不一致之处如下：

1. 玩家1和玩家2的描述都指向了相同的水果，具有多汁、甜味、种子分布、皮薄、色泽鲜艳、富含维生素和矿物质等特征，这些描述符合葡萄或樱桃等常见水果。

2. 玩家4的描述与玩家1和玩家2的描述相似，也提到了多汁、甜味、种子分布、皮薄、色泽鲜艳、富含维生素和矿物质等特征，进一步支持了玩家1和玩家2的描述指向相同水果的推断。

3. 玩家3的描述则与玩家1和玩家2的描述存在显著差异，他提到了硬壳、丝滑果肉、明显种子、强烈特殊气味、独特的口感、香气浓郁、肉质柔软、黏性、种子分布集中等特征，这些特征与葡萄或樱桃等常见水果不符，更像是橄榄或榴莲等具有特殊气味和口感的水果。

不一致之处主要体现在玩家3的描述中，他的描述指向了与玩家1和玩家2描述的水果类型不同的水果，这可能是由于玩家3持有的是与葡萄或樱桃不同的水果，因此玩家3的描述与平民的描述差异最大。
2024-12-13 17:13:13,909 - 4 - INFO - **********JUDGER**********
你刚刚的分析是根据上述分析，我们可以比较描述中的不一致之处如下：

1. 玩家1和玩家2的描述都指向了相同的水果，具有多汁、甜味、种子分布、皮薄、色泽鲜艳、富含维生素和矿物质等特征，这些描述符合葡萄或樱桃等常见水果。

2. 玩家4的描述与玩家1和玩家2的描述相似，也提到了多汁、甜味、种子分布、皮薄、色泽鲜艳、富含维生素和矿物质等特征，进一步支持了玩家1和玩家2的描述指向相同水果的推断。

3. 玩家3的描述则与玩家1和玩家2的描述存在显著差异，他提到了硬壳、丝滑果肉、明显种子、强烈特殊气味、独特的口感、香气浓郁、肉质柔软、黏性、种子分布集中等特征，这些特征与葡萄或樱桃等常见水果不符，更像是橄榄或榴莲等具有特殊气味和口感的水果。

不一致之处主要体现在玩家3的描述中，他的描述指向了与玩家1和玩家2描述的水果类型不同的水果，这可能是由于玩家3持有的是与葡萄或樱桃不同的水果，因此玩家3的描述与平民的描述差异最大。|| 请通过你分析的不一致之处，推断卧底身份，注意，这局游戏的词语分类为<水果>，卧底词和平民词都属于该类。
2024-12-13 17:13:19,610 - 4 - INFO - **********PLAYER4**********
根据分析的不一致之处，可以推断卧底身份为玩家3。玩家3的描述中提到的硬壳、特殊气味、黏性等特征与玩家1和玩家2描述的葡萄或樱桃等常见水果不符，更像是橄榄或榴莲等具有特殊气味和口感的水果。因此，玩家3很可能是卧底。
2024-12-13 17:13:19,611 - 4 - INFO - **********JUDGER**********
你刚刚的推断是根据分析的不一致之处，可以推断卧底身份为玩家3。玩家3的描述中提到的硬壳、特殊气味、黏性等特征与玩家1和玩家2描述的葡萄或樱桃等常见水果不符，更像是橄榄或榴莲等具有特殊气味和口感的水果。因此，玩家3很可能是卧底。|| 基于你刚刚的推断得出你的最终结论，请输出你认为的卧底，在这种情况下只需要输出编号，是1-4中的某个数字，不要输出其他信息。在这个过程不要进行任何推理，只对||以前的部分进行信息提取
2024-12-13 17:13:21,318 - 4 - INFO - **********PLAYER4**********
3
