2024-12-13 14:32:41,995 - 1 - INFO - **********JUDGER**********
让我们来玩一个叫做<谁是卧底>的推理游戏。基本规则：<人数>：4人。<角色分配>：每位玩家随机抽取一个词语，3名玩家拿到的词语是相同的（平民词），1名玩家拿到与之相近但不同的词语（卧底词）。<游戏流程>：1、玩家轮流描述自己的词语，但<不能>直接说出词语本身。2、描述完毕后，投票选出最像卧底的玩家。3、每轮结束后，被投票选出的玩家出局，不能再进行描述或投票。4、每轮投票结束后，如果卧底被成功找出，平民方获胜；如果卧底未被找出且卧底人数等于或超过平民人数，则卧底方获胜。你将扮演一个<玩家>，请等待你被分配到的关键词。如果你听懂了，只回答，"好的，我准备好参加游戏了"，不要输出别的信息
2024-12-13 14:32:43,469 - 1 - INFO - **********PLAYER1**********
好的，我准备好参加游戏了
2024-12-13 14:32:47,205 - 1 - INFO - **********JUDGER**********
玩家1说：玩家2说：玩家3说：玩家4说：|| 你是第1号玩家，你的关键词是<芒果>。你的回答中绝对不能包含你的关键词<芒果>。这是第一轮描述，不需要分析||之前别的玩家的描述，请你描述关键词基本特征，注意，这局游戏的词语分类为<水果>，卧底词和平民词都属于该类，描述包括以下两点，1.他的基本特征是什么2.他在该类（水果）中最突出不同的特征是什么，尽量简短
2024-12-13 14:32:50,443 - 1 - INFO - **********PLAYER1**********
这个水果通常呈黄色或橙红色，肉质多汁，富含维生素。在水果类中，它最突出的不同特征可能是它的形状较为独特，通常是长形或椭圆形。
2024-12-13 14:32:55,972 - 1 - INFO - **********JUDGER**********
玩家1说：这个水果通常呈黄色或橙红色，肉质多汁，富含维生素。在水果类中，它最突出的不同特征可能是它的形状较为独特，通常是长形或椭圆形。玩家2说：这个水果颜色鲜艳，水分充足，味道甜美。在水果类中，它的核较大，是这个类别中较为显著的特征。玩家3说：这个水果通常呈黄色或橙红色，肉质多汁，富含维生素。在水果类中，它通常有较大的核，是这个类别中较为显著的特征。玩家4说：||在这个游戏中，我们需要通过分析每位玩家的描述来找出卧底。通常，平民的描述会围绕相同的词语展开，而卧底的描述可能会因为词语的不同而显得不太一致。我们需要仔细比较每个描述之间的相似性和差异性，以找出可能的卧底，注意，卧底并不会隐藏自己，他会直接描述他的词语，现在，逐一分析每个玩家的描述，注意，这局游戏的词语分类为<水果>，卧底词和平民词都属于该类。这是第一轮描述。
2024-12-13 14:33:06,497 - 1 - INFO - **********PLAYER1**********
玩家1和玩家3的描述与我的关键词非常吻合，都提到了黄色或橙红色、肉质多汁和富含维生素，以及较大的核。玩家2的描述也符合这些特征，但特别提到了核较大，这可能与我的关键词不完全一致。玩家4的描述更像是对游戏规则的总结和分析，而不是对关键词的描述。根据这些信息，玩家4的描述可能暗示了他可能是卧底，因为他没有提供与关键词相关的描述，而是转而解释了游戏规则。然而，这也可能是平民在试图误导卧底。因此，我会保持警惕，观察下一轮的描述。
2024-12-13 14:33:06,498 - 1 - INFO - **********JUDGER**********
你刚刚的分析是玩家1和玩家3的描述与我的关键词非常吻合，都提到了黄色或橙红色、肉质多汁和富含维生素，以及较大的核。玩家2的描述也符合这些特征，但特别提到了核较大，这可能与我的关键词不完全一致。玩家4的描述更像是对游戏规则的总结和分析，而不是对关键词的描述。根据这些信息，玩家4的描述可能暗示了他可能是卧底，因为他没有提供与关键词相关的描述，而是转而解释了游戏规则。然而，这也可能是平民在试图误导卧底。因此，我会保持警惕，观察下一轮的描述。|| `请根据上述分析，比较描述以找出不一致之处，注意，这局游戏的词语分类为<水果>，卧底词和平民词都属于该类。
2024-12-13 14:33:13,237 - 1 - INFO - **********PLAYER1**********
根据上述分析，我们可以比较描述中的一致性和不一致性如下：

1. 一致性：
   - 所有玩家都提到了水果的颜色（黄色或橙红色）。
   - 所有玩家都提到了水果的肉质多汁和富含维生素。
   - 所有玩家都提到了水果在水果类中的显著特征，即核较大。

2. 不一致性：
   - 玩家2特别提到了水果的味道甜美，这是一个额外的特征，没有被其他玩家提及。
   - 玩家4的描述主要集中在游戏规则的分析上，而不是水果的特征，这与其他玩家的描述内容不同。

基于这些点，玩家2的描述中提到的“味道甜美”可能是与我的关键词不完全一致的地方，因为我的关键词是“芒果”，而“味道甜美”并不是所有芒果的共同特征。此外，玩家4的描述似乎脱离了关键词的描述，这可能是他作为卧底试图混淆视听的一种方式。因此，玩家2和玩家4的描述可能需要特别关注。
2024-12-13 14:33:13,238 - 1 - INFO - **********JUDGER**********
你刚刚的分析是根据上述分析，我们可以比较描述中的一致性和不一致性如下：

1. 一致性：
   - 所有玩家都提到了水果的颜色（黄色或橙红色）。
   - 所有玩家都提到了水果的肉质多汁和富含维生素。
   - 所有玩家都提到了水果在水果类中的显著特征，即核较大。

2. 不一致性：
   - 玩家2特别提到了水果的味道甜美，这是一个额外的特征，没有被其他玩家提及。
   - 玩家4的描述主要集中在游戏规则的分析上，而不是水果的特征，这与其他玩家的描述内容不同。

基于这些点，玩家2的描述中提到的“味道甜美”可能是与我的关键词不完全一致的地方，因为我的关键词是“芒果”，而“味道甜美”并不是所有芒果的共同特征。此外，玩家4的描述似乎脱离了关键词的描述，这可能是他作为卧底试图混淆视听的一种方式。因此，玩家2和玩家4的描述可能需要特别关注。|| 请通过你分析的不一致之处，推断卧底身份，注意，这局游戏的词语分类为<水果>，卧底词和平民词都属于该类。
2024-12-13 14:33:30,658 - 1 - INFO - **********PLAYER1**********
根据我的分析，以下是我对卧底身份的推断：

1. 玩家2的描述中提到了“味道甜美”，这是一个额外的特征，而我的关键词是“芒果”，虽然芒果通常味道甜美，但这个描述提供了一个可能的不一致点。如果其他玩家的关键词也是水果，并且没有特别强调味道，那么玩家2的描述可能暗示他持有的关键词与“芒果”不完全相同，因此玩家2可能是卧底。

2. 玩家4的描述虽然脱离了关键词的描述，但这可能是一种策略，目的是误导其他玩家。由于所有玩家的关键词都属于“水果”这一类别，玩家4的描述可能是在尝试隐藏他实际上并没有提供一个与水果特征相关的描述。因此，玩家4也可能是卧底。

综合考虑，玩家2和玩家4都可能是卧底。然而，由于游戏中的策略和误导性描述，最终确定卧底身份需要更多的信息和后续的描述。在下一轮中，我会更加关注这两位玩家的描述，并尝试找出更多不一致之处来确认卧底身份。
2024-12-13 14:33:30,659 - 1 - INFO - **********JUDGER**********
你刚刚的推断是根据我的分析，以下是我对卧底身份的推断：

1. 玩家2的描述中提到了“味道甜美”，这是一个额外的特征，而我的关键词是“芒果”，虽然芒果通常味道甜美，但这个描述提供了一个可能的不一致点。如果其他玩家的关键词也是水果，并且没有特别强调味道，那么玩家2的描述可能暗示他持有的关键词与“芒果”不完全相同，因此玩家2可能是卧底。

2. 玩家4的描述虽然脱离了关键词的描述，但这可能是一种策略，目的是误导其他玩家。由于所有玩家的关键词都属于“水果”这一类别，玩家4的描述可能是在尝试隐藏他实际上并没有提供一个与水果特征相关的描述。因此，玩家4也可能是卧底。

综合考虑，玩家2和玩家4都可能是卧底。然而，由于游戏中的策略和误导性描述，最终确定卧底身份需要更多的信息和后续的描述。在下一轮中，我会更加关注这两位玩家的描述，并尝试找出更多不一致之处来确认卧底身份。|| 基于你刚刚的推断得出你的最终结论，请输出你认为的卧底，在这种情况下只需要输出编号，是1-4中的某个数字，不要输出其他信息。在这个过程不要进行任何推理，只对||以前的部分进行信息提取
2024-12-13 14:33:31,408 - 1 - INFO - **********PLAYER1**********
2
2024-12-13 14:35:12,712 - 1 - INFO - **********JUDGER**********
玩家1说：这个水果通常呈黄色或橙红色，肉质多汁，富含维生素。在水果类中，它最突出的不同特征可能是它的形状较为独特，通常是长形或椭圆形。玩家2说：这个水果颜色鲜艳，水分充足，味道甜美。在水果类中，它的核较大，是这个类别中较为显著的特征。玩家3说：这个水果通常呈黄色或橙红色，肉质多汁，富含维生素。在水果类中，它通常有较大的核，是这个类别中较为显著的特征。玩家4说：这个水果通常呈黄色或橙红色，肉质紧实，香味独特。在水果类中，它的气味是其最突出的不同特征。你是第1号玩家，你的关键词是<芒果>。你的回答中绝对不能包含你的关键词<芒果>。这是第二轮描述，你之前的描述是这个水果通常呈黄色或橙红色，肉质多汁，富含维生素。在水果类中，它最突出的不同特征可能是它的形状较为独特，通常是长形或椭圆形。，注意，这局游戏的词语分类为<水果>，卧底词和平民词都属于该类，请你补充关于关键词的描述，注意，你的描述应该比起之前的描述更加贴近关键词，作为之前的补充
2024-12-13 14:35:15,220 - 1 - INFO - **********PLAYER1**********
这个水果的皮薄易剥，果肉细腻，口感鲜美。在同类水果中，它最特别的地方在于其丰富的营养价值和独特的香气。
2024-12-13 14:35:30,757 - 1 - INFO - **********JUDGER**********
玩家1说：这个水果通常呈黄色或橙红色，肉质多汁，富含维生素。在水果类中，它最突出的不同特征可能是它的形状较为独特，通常是长形或椭圆形。这个水果的皮薄易剥，果肉细腻，口感鲜美。在同类水果中，它最特别的地方在于其丰富的营养价值和独特的香气。玩家2说：这个水果颜色鲜艳，水分充足，味道甜美。在水果类中，它的核较大，是这个类别中较为显著的特征。这个水果的质地细腻，果肉柔软，营养价值高。在同类水果中，它以其甜美的口感和独特的风味而著称。玩家3说：这个水果通常呈黄色或橙红色，肉质多汁，富含维生素。在水果类中，它通常有较大的核，是这个类别中较为显著的特征。这个水果的皮薄且易于剥离，果肉呈现出金黄色，质地细腻，口感鲜美。它的香味浓郁，能够散发出独特的气息，让人难以忘怀。在同类水果中，它的香气尤为突出。玩家4说：这个水果通常呈黄色或橙红色，肉质紧实，香味独特。在水果类中，它的气味是其最突出的不同特征。||在这个游戏中，我们需要通过分析每位玩家的描述来找出卧底。通常，平民的描述会围绕相同的词语展开，而卧底的描述可能会因为词语的不同而显得不太一致。我们需要仔细比较每个描述之间的相似性和差异性，以找出可能的卧底，注意，卧底并不会隐藏自己，他会直接描述他的词语，现在，逐一分析每个玩家的描述，注意，这局游戏的词语分类为<水果>，卧底词和平民词都属于该类。||之前是第2轮描述和之前轮数描述的合集。你之前认为的卧底是玩家2。
2024-12-13 14:35:31,805 - 1 - INFO - **********PLAYER1**********
玩家2
2024-12-13 14:35:31,805 - 1 - INFO - **********JUDGER**********
你刚刚的分析是玩家2|| `请根据上述分析，比较描述以找出不一致之处，注意，这局游戏的词语分类为<水果>，卧底词和平民词都属于该类。
2024-12-13 14:35:49,142 - 1 - INFO - **********PLAYER1**********
在第二轮描述中，我们可以比较每位玩家的描述以找出不一致之处：

1. 玩家1的描述提到了“形状较为独特，通常是长形或椭圆形”和“皮薄易剥，果肉细腻，口感鲜美”以及“丰富的营养价值和独特的香气”。

2. 玩家2的描述提到了“颜色鲜艳，水分充足，味道甜美”和“核较大”以及“质地细腻，果肉柔软，营养价值高”和“甜美的口感和独特的风味”。

3. 玩家3的描述提到了“肉质多汁，富含维生素”和“较大的核”以及“皮薄且易于剥离，果肉金黄色，质地细腻，口感鲜美”和“香气浓郁，独特的气息”。

4. 玩家4的描述提到了“肉质紧实，香味独特”和“气味是其最突出的不同特征”。

不一致之处：

- 玩家2特别提到了“核较大”和“甜美的口感和独特的风味”，而其他玩家没有强调这一点。
- 玩家4的描述中提到了“肉质紧实”，这与其他玩家描述的“肉质多汁”、“肉质柔软”和“肉质细腻”有所不同。
- 玩家4强调的是“气味是其最突出的不同特征”，而其他玩家虽然也提到了香气，但没有将其作为最突出的特征。

基于这些不一致之处，玩家2和玩家4的描述可能与我的关键词不完全一致，因此他们可能是卧底。
2024-12-13 14:35:49,144 - 1 - INFO - **********JUDGER**********
你刚刚的分析是在第二轮描述中，我们可以比较每位玩家的描述以找出不一致之处：

1. 玩家1的描述提到了“形状较为独特，通常是长形或椭圆形”和“皮薄易剥，果肉细腻，口感鲜美”以及“丰富的营养价值和独特的香气”。

2. 玩家2的描述提到了“颜色鲜艳，水分充足，味道甜美”和“核较大”以及“质地细腻，果肉柔软，营养价值高”和“甜美的口感和独特的风味”。

3. 玩家3的描述提到了“肉质多汁，富含维生素”和“较大的核”以及“皮薄且易于剥离，果肉金黄色，质地细腻，口感鲜美”和“香气浓郁，独特的气息”。

4. 玩家4的描述提到了“肉质紧实，香味独特”和“气味是其最突出的不同特征”。

不一致之处：

- 玩家2特别提到了“核较大”和“甜美的口感和独特的风味”，而其他玩家没有强调这一点。
- 玩家4的描述中提到了“肉质紧实”，这与其他玩家描述的“肉质多汁”、“肉质柔软”和“肉质细腻”有所不同。
- 玩家4强调的是“气味是其最突出的不同特征”，而其他玩家虽然也提到了香气，但没有将其作为最突出的特征。

基于这些不一致之处，玩家2和玩家4的描述可能与我的关键词不完全一致，因此他们可能是卧底。|| 请通过你分析的不一致之处，推断卧底身份，注意，这局游戏的词语分类为<水果>，卧底词和平民词都属于该类。
2024-12-13 14:35:50,950 - 1 - INFO - **********PLAYER1**********
2
2024-12-13 14:35:50,951 - 1 - INFO - **********JUDGER**********
你刚刚的推断是2|| 基于你刚刚的推断得出你的最终结论，请输出你认为的卧底，在这种情况下只需要输出编号，是1-4中的某个数字，不要输出其他信息。在这个过程不要进行任何推理，只对||以前的部分进行信息提取
2024-12-13 14:35:51,860 - 1 - INFO - **********PLAYER1**********
2
2024-12-13 14:37:36,062 - 1 - INFO - **********JUDGER**********
玩家1说：这个水果通常呈黄色或橙红色，肉质多汁，富含维生素。在水果类中，它最突出的不同特征可能是它的形状较为独特，通常是长形或椭圆形。这个水果的皮薄易剥，果肉细腻，口感鲜美。在同类水果中，它最特别的地方在于其丰富的营养价值和独特的香气。玩家2说：这个水果颜色鲜艳，水分充足，味道甜美。在水果类中，它的核较大，是这个类别中较为显著的特征。这个水果的质地细腻，果肉柔软，营养价值高。在同类水果中，它以其甜美的口感和独特的风味而著称。玩家3说：这个水果通常呈黄色或橙红色，肉质多汁，富含维生素。在水果类中，它通常有较大的核，是这个类别中较为显著的特征。这个水果的皮薄且易于剥离，果肉呈现出金黄色，质地细腻，口感鲜美。它的香味浓郁，能够散发出独特的气息，让人难以忘怀。在同类水果中，它的香气尤为突出。玩家4说：这个水果通常呈黄色或橙红色，肉质紧实，香味独特。在水果类中，它的气味是其最突出的不同特征。这个水果的色泽鲜艳，它的味道浓郁而甜美，有着明显的热带风情。在同类水果中，它的香气非常强烈，常常能够在很远的地方就能闻到。它的肉质通常较为紧实，有着丰富的营养，而且它的味道在水果类中是非常独特的，有着自己独特的风味。你是第1号玩家，你的关键词是<芒果>。你的回答中绝对不能包含你的关键词<芒果>。这是第三轮描述，你之前的描述是这个水果通常呈黄色或橙红色，肉质多汁，富含维生素。在水果类中，它最突出的不同特征可能是它的形状较为独特，通常是长形或椭圆形。和这个水果的皮薄易剥，果肉细腻，口感鲜美。在同类水果中，它最特别的地方在于其丰富的营养价值和独特的香气。，注意，这局游戏的词语分类为<水果>，卧底词和平民词都属于该类，请你补充关于关键词的描述，注意，你的描述应该比起之前的描述更加贴近关键词，作为之前的补充
2024-12-13 14:37:38,074 - 1 - INFO - **********PLAYER1**********
这个水果的核小而硬，果肉软糯，汁水丰富，适合直接食用。它在同类水果中以其甜度高和口感滑润而受到喜爱。
2024-12-13 14:37:53,787 - 1 - INFO - **********JUDGER**********
玩家1说：这个水果通常呈黄色或橙红色，肉质多汁，富含维生素。在水果类中，它最突出的不同特征可能是它的形状较为独特，通常是长形或椭圆形。这个水果的皮薄易剥，果肉细腻，口感鲜美。在同类水果中，它最特别的地方在于其丰富的营养价值和独特的香气。这个水果的核小而硬，果肉软糯，汁水丰富，适合直接食用。它在同类水果中以其甜度高和口感滑润而受到喜爱。玩家2说：这个水果颜色鲜艳，水分充足，味道甜美。在水果类中，它的核较大，是这个类别中较为显著的特征。这个水果的质地细腻，果肉柔软，营养价值高。在同类水果中，它以其甜美的口感和独特的风味而著称。这个水果的质地光滑，果肉细腻，味道浓郁，甜中带酸，营养丰富。在同类水果中，它以其独特的香气和丰富的汁液而受到人们的喜爱。玩家3说：这个水果通常呈黄色或橙红色，肉质多汁，富含维生素。在水果类中，它通常有较大的核，是这个类别中较为显著的特征。这个水果的皮薄且易于剥离，果肉呈现出金黄色，质地细腻，口感鲜美。它的香味浓郁，能够散发出独特的气息，让人难以忘怀。在同类水果中，它的香气尤为突出。这个水果的形状通常较为圆润，有时候会有一侧略微扁平。它的果皮光滑，呈现出鲜艳的黄色或橙红色，容易剥离。果肉柔软，口感细腻，富含丰富的汁液。它的味道甜中带酸，香气浓郁，有着独特的热带风情。在同类水果中，它的甜度和香气都是较为突出的特点。玩家4说：这个水果通常呈黄色或橙红色，肉质紧实，香味独特。在水果类中，它的气味是其最突出的不同特征。这个水果的色泽鲜艳，它的味道浓郁而甜美，有着明显的热带风情。在同类水果中，它的香气非常强烈，常常能够在很远的地方就能闻到。它的肉质通常较为紧实，有着丰富的营养，而且它的味道在水果类中是非常独特的，有着自己独特的风味。这个水果的核坚硬，通常包裹在厚厚的果肉中，不易剥离。它的果肉质地柔软，含有许多小颗粒，这些颗粒散发出强烈的香气。在同类水果中，这种香气是其最为显著的特点，常常让人在远处就能闻到。它的甜味浓郁，但同时也带有一定的酸味，这种独特的风味使得它在水果类中独树一帜。||在这个游戏中，我们需要通过分析每位玩家的描述来找出卧底。通常，平民的描述会围绕相同的词语展开，而卧底的描述可能会因为词语的不同而显得不太一致。我们需要仔细比较每个描述之间的相似性和差异性，以找出可能的卧底，注意，卧底并不会隐藏自己，他会直接描述他的词语，现在，逐一分析每个玩家的描述，注意，这局游戏的词语分类为<水果>，卧底词和平民词都属于该类。||之前是第3轮描述和之前轮数描述的合集。你之前认为的卧底是玩家2。
2024-12-13 14:37:55,924 - 1 - INFO - **********PLAYER1**********
2
2024-12-13 14:37:55,925 - 1 - INFO - **********JUDGER**********
你刚刚的分析是2|| `请根据上述分析，比较描述以找出不一致之处，注意，这局游戏的词语分类为<水果>，卧底词和平民词都属于该类。
2024-12-13 14:38:11,106 - 1 - INFO - **********PLAYER1**********
在第三轮描述中，我们可以比较每位玩家的描述以找出不一致之处：

1. 玩家1的描述强调了水果的形状、皮薄易剥、果肉细腻、口感鲜美、营养价值和香气。

2. 玩家2的描述提到了颜色鲜艳、水分充足、味道甜美、核较大、质地细腻、营养价值高、甜中带酸、香气和丰富的汁液。

3. 玩家3的描述提到了形状、肉质多汁、核较大、皮薄、金黄色果肉、香气浓郁、圆润形状、甜中带酸、香气和热带风情。

4. 玩家4的描述提到了颜色、肉质紧实、香味独特、色泽鲜艳、味道浓郁甜美、香气强烈、肉质紧实、核坚硬、甜味浓郁、酸味。

不一致之处：

- 玩家2和玩家4都提到了“核较大”或“核坚硬”，而玩家1和玩家3没有强调这一点。
- 玩家4特别提到了“肉质紧实”和“核坚硬”，这与玩家1、2和3描述的“肉质多汁”、“肉质柔软”和“肉质细腻”有所不同。
- 玩家4强调了“香气非常强烈”和“甜味浓郁，但同时也带有一定的酸味”，这与玩家1、2和3描述的香气和味道特征有所不同。

基于这些不一致之处，玩家2和玩家4的描述可能与我的关键词不完全一致，因此他们可能是卧底。
2024-12-13 14:38:11,108 - 1 - INFO - **********JUDGER**********
你刚刚的分析是在第三轮描述中，我们可以比较每位玩家的描述以找出不一致之处：

1. 玩家1的描述强调了水果的形状、皮薄易剥、果肉细腻、口感鲜美、营养价值和香气。

2. 玩家2的描述提到了颜色鲜艳、水分充足、味道甜美、核较大、质地细腻、营养价值高、甜中带酸、香气和丰富的汁液。

3. 玩家3的描述提到了形状、肉质多汁、核较大、皮薄、金黄色果肉、香气浓郁、圆润形状、甜中带酸、香气和热带风情。

4. 玩家4的描述提到了颜色、肉质紧实、香味独特、色泽鲜艳、味道浓郁甜美、香气强烈、肉质紧实、核坚硬、甜味浓郁、酸味。

不一致之处：

- 玩家2和玩家4都提到了“核较大”或“核坚硬”，而玩家1和玩家3没有强调这一点。
- 玩家4特别提到了“肉质紧实”和“核坚硬”，这与玩家1、2和3描述的“肉质多汁”、“肉质柔软”和“肉质细腻”有所不同。
- 玩家4强调了“香气非常强烈”和“甜味浓郁，但同时也带有一定的酸味”，这与玩家1、2和3描述的香气和味道特征有所不同。

基于这些不一致之处，玩家2和玩家4的描述可能与我的关键词不完全一致，因此他们可能是卧底。|| 请通过你分析的不一致之处，推断卧底身份，注意，这局游戏的词语分类为<水果>，卧底词和平民词都属于该类。
2024-12-13 14:38:12,771 - 1 - INFO - **********PLAYER1**********
2
2024-12-13 14:38:12,772 - 1 - INFO - **********JUDGER**********
你刚刚的推断是2|| 基于你刚刚的推断得出你的最终结论，请输出你认为的卧底，在这种情况下只需要输出编号，是1-4中的某个数字，不要输出其他信息。在这个过程不要进行任何推理，只对||以前的部分进行信息提取
2024-12-13 14:38:14,425 - 1 - INFO - **********PLAYER1**********
2
