2024-12-13 14:32:43,962 - 2 - INFO - **********JUDGER**********
让我们来玩一个叫做<谁是卧底>的推理游戏。基本规则：<人数>：4人。<角色分配>：每位玩家随机抽取一个词语，3名玩家拿到的词语是相同的（平民词），1名玩家拿到与之相近但不同的词语（卧底词）。<游戏流程>：1、玩家轮流描述自己的词语，但<不能>直接说出词语本身。2、描述完毕后，投票选出最像卧底的玩家。3、每轮结束后，被投票选出的玩家出局，不能再进行描述或投票。4、每轮投票结束后，如果卧底被成功找出，平民方获胜；如果卧底未被找出且卧底人数等于或超过平民人数，则卧底方获胜。你将扮演一个<玩家>，请等待你被分配到的关键词。如果你听懂了，只回答，"好的，我准备好参加游戏了"，不要输出别的信息
2024-12-13 14:32:44,692 - 2 - INFO - **********PLAYER2**********
好的，我准备好参加游戏了
2024-12-13 14:32:50,444 - 2 - INFO - **********JUDGER**********
玩家1说：这个水果通常呈黄色或橙红色，肉质多汁，富含维生素。在水果类中，它最突出的不同特征可能是它的形状较为独特，通常是长形或椭圆形。玩家2说：玩家3说：玩家4说：|| 你是第2号玩家，你的关键词是<芒果>。你的回答中绝对不能包含你的关键词<芒果>。这是第一轮描述，不需要分析||之前别的玩家的描述，请你描述关键词基本特征，注意，这局游戏的词语分类为<水果>，卧底词和平民词都属于该类，描述包括以下两点，1.他的基本特征是什么2.他在该类（水果）中最突出不同的特征是什么，尽量简短
2024-12-13 14:32:51,710 - 2 - INFO - **********PLAYER2**********
这个水果颜色鲜艳，水分充足，味道甜美。在水果类中，它的核较大，是这个类别中较为显著的特征。
2024-12-13 14:33:31,409 - 2 - INFO - **********JUDGER**********
玩家1说：这个水果通常呈黄色或橙红色，肉质多汁，富含维生素。在水果类中，它最突出的不同特征可能是它的形状较为独特，通常是长形或椭圆形。玩家2说：这个水果颜色鲜艳，水分充足，味道甜美。在水果类中，它的核较大，是这个类别中较为显著的特征。玩家3说：这个水果通常呈黄色或橙红色，肉质多汁，富含维生素。在水果类中，它通常有较大的核，是这个类别中较为显著的特征。玩家4说：||在这个游戏中，我们需要通过分析每位玩家的描述来找出卧底。通常，平民的描述会围绕相同的词语展开，而卧底的描述可能会因为词语的不同而显得不太一致。我们需要仔细比较每个描述之间的相似性和差异性，以找出可能的卧底，注意，卧底并不会隐藏自己，他会直接描述他的词语，现在，逐一分析每个玩家的描述，注意，这局游戏的词语分类为<水果>，卧底词和平民词都属于该类。这是第一轮描述。
2024-12-13 14:33:37,160 - 2 - INFO - **********PLAYER2**********
我注意到前三名玩家的描述都提到了水果的黄色或橙红色、多汁、富含维生素以及较大的核。这些特征似乎指向了同一类水果。然而，我的描述与他们的描述在核的大小上有所出入，他们提到的是较大的核，而我没有特别强调这一点。这可能表明我的词语与他们的不同，或者至少在描述上有细微的差异。我会保持警惕，并注意下一轮的投票情况。
2024-12-13 14:33:37,161 - 2 - INFO - **********JUDGER**********
你刚刚的分析是我注意到前三名玩家的描述都提到了水果的黄色或橙红色、多汁、富含维生素以及较大的核。这些特征似乎指向了同一类水果。然而，我的描述与他们的描述在核的大小上有所出入，他们提到的是较大的核，而我没有特别强调这一点。这可能表明我的词语与他们的不同，或者至少在描述上有细微的差异。我会保持警惕，并注意下一轮的投票情况。|| `请根据上述分析，比较描述以找出不一致之处，注意，这局游戏的词语分类为<水果>，卧底词和平民词都属于该类。
2024-12-13 14:33:49,991 - 2 - INFO - **********PLAYER2**********
根据上述分析，我们可以比较四位玩家的描述来找出不一致之处：

1. 玩家1的描述提到了水果的形状是长形或椭圆形，这是一个独特特征。
2. 玩家2的描述强调了核的大小，但没有提到形状。
3. 玩家3的描述与玩家1和玩家2相似，提到了黄色或橙红色、多汁、富含维生素和较大的核，但没有提到形状。
4. 玩家4的描述没有直接提供关键词的特征，而是提醒了游戏规则和如何分析描述。

不一致之处在于：
- 玩家1提到了形状的独特性，而其他玩家没有。
- 玩家2和玩家3都提到了较大的核，但没有提到形状，这与玩家1的描述有所不同。
- 玩家4的描述没有提供关键词的具体特征，而是提供了关于游戏分析的提示。

这些差异可能会在下一轮投票时成为关键点，因为它们可能指向了描述中是否存在不一致，从而可能揭示出谁是卧底。
2024-12-13 14:33:49,991 - 2 - INFO - **********JUDGER**********
你刚刚的分析是根据上述分析，我们可以比较四位玩家的描述来找出不一致之处：

1. 玩家1的描述提到了水果的形状是长形或椭圆形，这是一个独特特征。
2. 玩家2的描述强调了核的大小，但没有提到形状。
3. 玩家3的描述与玩家1和玩家2相似，提到了黄色或橙红色、多汁、富含维生素和较大的核，但没有提到形状。
4. 玩家4的描述没有直接提供关键词的特征，而是提醒了游戏规则和如何分析描述。

不一致之处在于：
- 玩家1提到了形状的独特性，而其他玩家没有。
- 玩家2和玩家3都提到了较大的核，但没有提到形状，这与玩家1的描述有所不同。
- 玩家4的描述没有提供关键词的具体特征，而是提供了关于游戏分析的提示。

这些差异可能会在下一轮投票时成为关键点，因为它们可能指向了描述中是否存在不一致，从而可能揭示出谁是卧底。|| 请通过你分析的不一致之处，推断卧底身份，注意，这局游戏的词语分类为<水果>，卧底词和平民词都属于该类。
2024-12-13 14:34:07,593 - 2 - INFO - **********PLAYER2**********
基于分析中提到的不一致之处，我们可以进行以下推断：

1. 玩家1提到了形状的独特性（长形或椭圆形），这是一个与玩家2和玩家3的描述不同的点。通常，如果其他玩家没有提到形状，这可能意味着形状不是该类水果的共同特征，或者卧底可能在这个特征上有所隐瞒。

2. 玩家2和玩家3都提到了较大的核，这可能是他们共同的关键词特征。然而，如果核的大小是所有该类水果的共同特征，那么玩家1没有提到这一点可能是一个不一致之处。

3. 玩家4的描述没有提供关键词的具体特征，而是提供了关于游戏分析的提示，这可能表明玩家4的角色是提示其他玩家如何推理，而不是卧底。

考虑到这些不一致之处，如果所有玩家都抽取了相同的水果词，那么玩家1的描述中提到的形状独特性可能是故意为之的误导，因为通常水果的形状不会成为其最突出的特征。相反，玩家2和玩家3的描述可能更接近于该类水果的共同特征，除非卧底故意改变了描述以混淆视听。

因此，根据这些线索，玩家1可能是卧底，因为他们的描述在形状这一点上与其他玩家不同，而且没有明确提到核的大小，这可能与所有玩家共享的关键词特征不一致。当然，这个推断是基于当前信息的，实际游戏结果可能会有所不同。
2024-12-13 14:34:07,595 - 2 - INFO - **********JUDGER**********
你刚刚的推断是基于分析中提到的不一致之处，我们可以进行以下推断：

1. 玩家1提到了形状的独特性（长形或椭圆形），这是一个与玩家2和玩家3的描述不同的点。通常，如果其他玩家没有提到形状，这可能意味着形状不是该类水果的共同特征，或者卧底可能在这个特征上有所隐瞒。

2. 玩家2和玩家3都提到了较大的核，这可能是他们共同的关键词特征。然而，如果核的大小是所有该类水果的共同特征，那么玩家1没有提到这一点可能是一个不一致之处。

3. 玩家4的描述没有提供关键词的具体特征，而是提供了关于游戏分析的提示，这可能表明玩家4的角色是提示其他玩家如何推理，而不是卧底。

考虑到这些不一致之处，如果所有玩家都抽取了相同的水果词，那么玩家1的描述中提到的形状独特性可能是故意为之的误导，因为通常水果的形状不会成为其最突出的特征。相反，玩家2和玩家3的描述可能更接近于该类水果的共同特征，除非卧底故意改变了描述以混淆视听。

因此，根据这些线索，玩家1可能是卧底，因为他们的描述在形状这一点上与其他玩家不同，而且没有明确提到核的大小，这可能与所有玩家共享的关键词特征不一致。当然，这个推断是基于当前信息的，实际游戏结果可能会有所不同。|| 基于你刚刚的推断得出你的最终结论，请输出你认为的卧底，在这种情况下只需要输出编号，是1-4中的某个数字，不要输出其他信息。在这个过程不要进行任何推理，只对||以前的部分进行信息提取
2024-12-13 14:34:08,267 - 2 - INFO - **********PLAYER2**********
1
2024-12-13 14:35:15,221 - 2 - INFO - **********JUDGER**********
玩家1说：这个水果通常呈黄色或橙红色，肉质多汁，富含维生素。在水果类中，它最突出的不同特征可能是它的形状较为独特，通常是长形或椭圆形。这个水果的皮薄易剥，果肉细腻，口感鲜美。在同类水果中，它最特别的地方在于其丰富的营养价值和独特的香气。玩家2说：这个水果颜色鲜艳，水分充足，味道甜美。在水果类中，它的核较大，是这个类别中较为显著的特征。玩家3说：这个水果通常呈黄色或橙红色，肉质多汁，富含维生素。在水果类中，它通常有较大的核，是这个类别中较为显著的特征。玩家4说：这个水果通常呈黄色或橙红色，肉质紧实，香味独特。在水果类中，它的气味是其最突出的不同特征。你是第2号玩家，你的关键词是<芒果>。你的回答中绝对不能包含你的关键词<芒果>。这是第二轮描述，你之前的描述是这个水果颜色鲜艳，水分充足，味道甜美。在水果类中，它的核较大，是这个类别中较为显著的特征。，注意，这局游戏的词语分类为<水果>，卧底词和平民词都属于该类，请你补充关于关键词的描述，注意，你的描述应该比起之前的描述更加贴近关键词，作为之前的补充
2024-12-13 14:35:18,021 - 2 - INFO - **********PLAYER2**********
这个水果的质地细腻，果肉柔软，营养价值高。在同类水果中，它以其甜美的口感和独特的风味而著称。
2024-12-13 14:35:51,862 - 2 - INFO - **********JUDGER**********
玩家1说：这个水果通常呈黄色或橙红色，肉质多汁，富含维生素。在水果类中，它最突出的不同特征可能是它的形状较为独特，通常是长形或椭圆形。这个水果的皮薄易剥，果肉细腻，口感鲜美。在同类水果中，它最特别的地方在于其丰富的营养价值和独特的香气。玩家2说：这个水果颜色鲜艳，水分充足，味道甜美。在水果类中，它的核较大，是这个类别中较为显著的特征。这个水果的质地细腻，果肉柔软，营养价值高。在同类水果中，它以其甜美的口感和独特的风味而著称。玩家3说：这个水果通常呈黄色或橙红色，肉质多汁，富含维生素。在水果类中，它通常有较大的核，是这个类别中较为显著的特征。这个水果的皮薄且易于剥离，果肉呈现出金黄色，质地细腻，口感鲜美。它的香味浓郁，能够散发出独特的气息，让人难以忘怀。在同类水果中，它的香气尤为突出。玩家4说：这个水果通常呈黄色或橙红色，肉质紧实，香味独特。在水果类中，它的气味是其最突出的不同特征。||在这个游戏中，我们需要通过分析每位玩家的描述来找出卧底。通常，平民的描述会围绕相同的词语展开，而卧底的描述可能会因为词语的不同而显得不太一致。我们需要仔细比较每个描述之间的相似性和差异性，以找出可能的卧底，注意，卧底并不会隐藏自己，他会直接描述他的词语，现在，逐一分析每个玩家的描述，注意，这局游戏的词语分类为<水果>，卧底词和平民词都属于该类。||之前是第2轮描述和之前轮数描述的合集。你之前认为的卧底是玩家1。
2024-12-13 14:36:05,613 - 2 - INFO - **********PLAYER2**********
根据新一轮的描述和之前的分析，我之前的推断是基于玩家1描述中提到的形状特征，这个特征在玩家2、玩家3和玩家4的描述中并没有被提及，这可能表明玩家1的描述与卧底词的特征不一致。

现在，让我们分析新一轮的描述：

- 玩家1的描述强调了形状的独特性（长形或椭圆形），皮薄易剥，丰富的营养价值和独特的香气。
- 玩家2的描述提到了核较大，质地细腻，果肉柔软，营养价值高，甜美的口感和独特的风味。
- 玩家3的描述与玩家1和玩家2相似，提到了核较大，皮薄易剥，金黄色果肉，浓郁的香味和突出的香气。
- 玩家4的描述提到了肉质紧实，香味独特，气味是其最突出的不同特征。

从这些描述中，我们可以看到玩家1、2和3的描述在核的大小、果肉质地、香味和营养价值等方面有较高的一致性。而玩家4的描述则强调了肉质紧实和气味的独特性，这一点与玩家1、2和3的描述有所不同。

考虑到之前的分析，玩家1的描述在形状特征上与其他玩家不一致，而现在玩家4的描述在肉质和气味特征上也不一致。如果所有玩家都抽取了相同的水果词，那么玩家4的描述可能因为其特征的不一致性而更接近于卧底。

因此，基于这些新的信息，我现在的推断是玩家4可能是卧底。
2024-12-13 14:36:05,615 - 2 - INFO - **********JUDGER**********
你刚刚的分析是根据新一轮的描述和之前的分析，我之前的推断是基于玩家1描述中提到的形状特征，这个特征在玩家2、玩家3和玩家4的描述中并没有被提及，这可能表明玩家1的描述与卧底词的特征不一致。

现在，让我们分析新一轮的描述：

- 玩家1的描述强调了形状的独特性（长形或椭圆形），皮薄易剥，丰富的营养价值和独特的香气。
- 玩家2的描述提到了核较大，质地细腻，果肉柔软，营养价值高，甜美的口感和独特的风味。
- 玩家3的描述与玩家1和玩家2相似，提到了核较大，皮薄易剥，金黄色果肉，浓郁的香味和突出的香气。
- 玩家4的描述提到了肉质紧实，香味独特，气味是其最突出的不同特征。

从这些描述中，我们可以看到玩家1、2和3的描述在核的大小、果肉质地、香味和营养价值等方面有较高的一致性。而玩家4的描述则强调了肉质紧实和气味的独特性，这一点与玩家1、2和3的描述有所不同。

考虑到之前的分析，玩家1的描述在形状特征上与其他玩家不一致，而现在玩家4的描述在肉质和气味特征上也不一致。如果所有玩家都抽取了相同的水果词，那么玩家4的描述可能因为其特征的不一致性而更接近于卧底。

因此，基于这些新的信息，我现在的推断是玩家4可能是卧底。|| `请根据上述分析，比较描述以找出不一致之处，注意，这局游戏的词语分类为<水果>，卧底词和平民词都属于该类。
2024-12-13 14:36:13,765 - 2 - INFO - **********PLAYER2**********
根据上述分析，以下是不一致之处：

1. 玩家1和玩家3的描述都提到了果肉金黄色，而玩家2和玩家4没有提到这一点。
2. 玩家1和玩家3的描述都提到了皮薄易剥，而玩家2没有明确提到这一点。
3. 玩家2和玩家3的描述都提到了核较大，而玩家1和玩家4没有明确提到这一点。
4. 玩家4的描述特别强调了气味的独特性，这是玩家1、2和3的描述中没有提到的。
5. 玩家4的描述提到了肉质紧实，而玩家1、2和3的描述中提到的是肉质柔软或多汁。

这些不一致之处可能会在下一轮投票时成为关键点，因为它们可能指向了描述中是否存在不一致，从而可能揭示出谁是卧底。
2024-12-13 14:36:13,766 - 2 - INFO - **********JUDGER**********
你刚刚的分析是根据上述分析，以下是不一致之处：

1. 玩家1和玩家3的描述都提到了果肉金黄色，而玩家2和玩家4没有提到这一点。
2. 玩家1和玩家3的描述都提到了皮薄易剥，而玩家2没有明确提到这一点。
3. 玩家2和玩家3的描述都提到了核较大，而玩家1和玩家4没有明确提到这一点。
4. 玩家4的描述特别强调了气味的独特性，这是玩家1、2和3的描述中没有提到的。
5. 玩家4的描述提到了肉质紧实，而玩家1、2和3的描述中提到的是肉质柔软或多汁。

这些不一致之处可能会在下一轮投票时成为关键点，因为它们可能指向了描述中是否存在不一致，从而可能揭示出谁是卧底。|| 请通过你分析的不一致之处，推断卧底身份，注意，这局游戏的词语分类为<水果>，卧底词和平民词都属于该类。
2024-12-13 14:36:21,408 - 2 - INFO - **********PLAYER2**********
基于分析中提到的不一致之处，我们可以进行以下推断：

1. 玩家4的描述中特别强调了气味的独特性，而其他玩家没有提到这一点，这可能是一个不一致之处，因为通常水果的香气不会是它们最突出的不同特征。

2. 玩家4还提到了肉质紧实，而其他玩家描述的是肉质柔软或多汁，这也是一个不一致之处。

考虑到这些不一致之处，玩家4的描述在多个关键特征上与其他玩家有所不同，这增加了他们作为卧底的可能性。因此，基于这些线索，玩家4可能是卧底。
2024-12-13 14:36:21,409 - 2 - INFO - **********JUDGER**********
你刚刚的推断是基于分析中提到的不一致之处，我们可以进行以下推断：

1. 玩家4的描述中特别强调了气味的独特性，而其他玩家没有提到这一点，这可能是一个不一致之处，因为通常水果的香气不会是它们最突出的不同特征。

2. 玩家4还提到了肉质紧实，而其他玩家描述的是肉质柔软或多汁，这也是一个不一致之处。

考虑到这些不一致之处，玩家4的描述在多个关键特征上与其他玩家有所不同，这增加了他们作为卧底的可能性。因此，基于这些线索，玩家4可能是卧底。|| 基于你刚刚的推断得出你的最终结论，请输出你认为的卧底，在这种情况下只需要输出编号，是1-4中的某个数字，不要输出其他信息。在这个过程不要进行任何推理，只对||以前的部分进行信息提取
2024-12-13 14:36:22,136 - 2 - INFO - **********PLAYER2**********
4
2024-12-13 14:37:38,075 - 2 - INFO - **********JUDGER**********
玩家1说：这个水果通常呈黄色或橙红色，肉质多汁，富含维生素。在水果类中，它最突出的不同特征可能是它的形状较为独特，通常是长形或椭圆形。这个水果的皮薄易剥，果肉细腻，口感鲜美。在同类水果中，它最特别的地方在于其丰富的营养价值和独特的香气。这个水果的核小而硬，果肉软糯，汁水丰富，适合直接食用。它在同类水果中以其甜度高和口感滑润而受到喜爱。玩家2说：这个水果颜色鲜艳，水分充足，味道甜美。在水果类中，它的核较大，是这个类别中较为显著的特征。这个水果的质地细腻，果肉柔软，营养价值高。在同类水果中，它以其甜美的口感和独特的风味而著称。玩家3说：这个水果通常呈黄色或橙红色，肉质多汁，富含维生素。在水果类中，它通常有较大的核，是这个类别中较为显著的特征。这个水果的皮薄且易于剥离，果肉呈现出金黄色，质地细腻，口感鲜美。它的香味浓郁，能够散发出独特的气息，让人难以忘怀。在同类水果中，它的香气尤为突出。玩家4说：这个水果通常呈黄色或橙红色，肉质紧实，香味独特。在水果类中，它的气味是其最突出的不同特征。这个水果的色泽鲜艳，它的味道浓郁而甜美，有着明显的热带风情。在同类水果中，它的香气非常强烈，常常能够在很远的地方就能闻到。它的肉质通常较为紧实，有着丰富的营养，而且它的味道在水果类中是非常独特的，有着自己独特的风味。你是第2号玩家，你的关键词是<芒果>。你的回答中绝对不能包含你的关键词<芒果>。这是第三轮描述，你之前的描述是这个水果颜色鲜艳，水分充足，味道甜美。在水果类中，它的核较大，是这个类别中较为显著的特征。和这个水果的质地细腻，果肉柔软，营养价值高。在同类水果中，它以其甜美的口感和独特的风味而著称。，注意，这局游戏的词语分类为<水果>，卧底词和平民词都属于该类，请你补充关于关键词的描述，注意，你的描述应该比起之前的描述更加贴近关键词，作为之前的补充
2024-12-13 14:37:42,315 - 2 - INFO - **********PLAYER2**********
这个水果的质地光滑，果肉细腻，味道浓郁，甜中带酸，营养丰富。在同类水果中，它以其独特的香气和丰富的汁液而受到人们的喜爱。
2024-12-13 14:38:14,426 - 2 - INFO - **********JUDGER**********
玩家1说：这个水果通常呈黄色或橙红色，肉质多汁，富含维生素。在水果类中，它最突出的不同特征可能是它的形状较为独特，通常是长形或椭圆形。这个水果的皮薄易剥，果肉细腻，口感鲜美。在同类水果中，它最特别的地方在于其丰富的营养价值和独特的香气。这个水果的核小而硬，果肉软糯，汁水丰富，适合直接食用。它在同类水果中以其甜度高和口感滑润而受到喜爱。玩家2说：这个水果颜色鲜艳，水分充足，味道甜美。在水果类中，它的核较大，是这个类别中较为显著的特征。这个水果的质地细腻，果肉柔软，营养价值高。在同类水果中，它以其甜美的口感和独特的风味而著称。这个水果的质地光滑，果肉细腻，味道浓郁，甜中带酸，营养丰富。在同类水果中，它以其独特的香气和丰富的汁液而受到人们的喜爱。玩家3说：这个水果通常呈黄色或橙红色，肉质多汁，富含维生素。在水果类中，它通常有较大的核，是这个类别中较为显著的特征。这个水果的皮薄且易于剥离，果肉呈现出金黄色，质地细腻，口感鲜美。它的香味浓郁，能够散发出独特的气息，让人难以忘怀。在同类水果中，它的香气尤为突出。这个水果的形状通常较为圆润，有时候会有一侧略微扁平。它的果皮光滑，呈现出鲜艳的黄色或橙红色，容易剥离。果肉柔软，口感细腻，富含丰富的汁液。它的味道甜中带酸，香气浓郁，有着独特的热带风情。在同类水果中，它的甜度和香气都是较为突出的特点。玩家4说：这个水果通常呈黄色或橙红色，肉质紧实，香味独特。在水果类中，它的气味是其最突出的不同特征。这个水果的色泽鲜艳，它的味道浓郁而甜美，有着明显的热带风情。在同类水果中，它的香气非常强烈，常常能够在很远的地方就能闻到。它的肉质通常较为紧实，有着丰富的营养，而且它的味道在水果类中是非常独特的，有着自己独特的风味。这个水果的核坚硬，通常包裹在厚厚的果肉中，不易剥离。它的果肉质地柔软，含有许多小颗粒，这些颗粒散发出强烈的香气。在同类水果中，这种香气是其最为显著的特点，常常让人在远处就能闻到。它的甜味浓郁，但同时也带有一定的酸味，这种独特的风味使得它在水果类中独树一帜。||在这个游戏中，我们需要通过分析每位玩家的描述来找出卧底。通常，平民的描述会围绕相同的词语展开，而卧底的描述可能会因为词语的不同而显得不太一致。我们需要仔细比较每个描述之间的相似性和差异性，以找出可能的卧底，注意，卧底并不会隐藏自己，他会直接描述他的词语，现在，逐一分析每个玩家的描述，注意，这局游戏的词语分类为<水果>，卧底词和平民词都属于该类。||之前是第3轮描述和之前轮数描述的合集。你之前认为的卧底是玩家4。
2024-12-13 14:38:24,432 - 2 - INFO - **********PLAYER2**********
根据新一轮的描述和之前的分析，以下是不一致之处：

1. 玩家1、2和3的描述都提到了果肉金黄色，而玩家4没有提到这一点。
2. 玩家1、2和3的描述都提到了核的大小，而玩家4特别强调了核的坚硬和不易剥离。
3. 玩家1和2的描述中都提到了甜度高和口感滑润，而玩家3和玩家4没有提到这一点。
4. 玩家4的描述特别强调了香气的强烈和远距离就能闻到，而玩家1、2和3的描述中虽然也提到了香气，但没有如此强调。
5. 玩家4的描述中提到了果肉含有许多小颗粒，而其他玩家没有提到这一点。

基于这些不一致之处，玩家4的描述在多个关键特征上与其他玩家有所不同，这增加了他们作为卧底的可能性。因此，根据这些线索，玩家4仍然可能是卧底。
2024-12-13 14:38:24,433 - 2 - INFO - **********JUDGER**********
你刚刚的分析是根据新一轮的描述和之前的分析，以下是不一致之处：

1. 玩家1、2和3的描述都提到了果肉金黄色，而玩家4没有提到这一点。
2. 玩家1、2和3的描述都提到了核的大小，而玩家4特别强调了核的坚硬和不易剥离。
3. 玩家1和2的描述中都提到了甜度高和口感滑润，而玩家3和玩家4没有提到这一点。
4. 玩家4的描述特别强调了香气的强烈和远距离就能闻到，而玩家1、2和3的描述中虽然也提到了香气，但没有如此强调。
5. 玩家4的描述中提到了果肉含有许多小颗粒，而其他玩家没有提到这一点。

基于这些不一致之处，玩家4的描述在多个关键特征上与其他玩家有所不同，这增加了他们作为卧底的可能性。因此，根据这些线索，玩家4仍然可能是卧底。|| `请根据上述分析，比较描述以找出不一致之处，注意，这局游戏的词语分类为<水果>，卧底词和平民词都属于该类。
2024-12-13 14:38:32,586 - 2 - INFO - **********PLAYER2**********
根据上述分析，以下是不一致之处：

1. 玩家1、2和3的描述中都提到了果肉金黄色，而玩家4没有提到这一点。
2. 玩家1、2和3的描述中都提到了核的大小，而玩家4特别强调了核的坚硬和不易剥离。
3. 玩家1和2的描述中都提到了甜度高和口感滑润，而玩家3没有提到这一点，玩家4没有提到甜度，但强调了香气的强烈。
4. 玩家4的描述特别强调了香气的强烈和远距离就能闻到，而玩家1、2和3的描述中虽然也提到了香气，但没有如此强调。
5. 玩家4的描述中提到了果肉含有许多小颗粒，而其他玩家没有提到这一点。
2024-12-13 14:38:32,587 - 2 - INFO - **********JUDGER**********
你刚刚的分析是根据上述分析，以下是不一致之处：

1. 玩家1、2和3的描述中都提到了果肉金黄色，而玩家4没有提到这一点。
2. 玩家1、2和3的描述中都提到了核的大小，而玩家4特别强调了核的坚硬和不易剥离。
3. 玩家1和2的描述中都提到了甜度高和口感滑润，而玩家3没有提到这一点，玩家4没有提到甜度，但强调了香气的强烈。
4. 玩家4的描述特别强调了香气的强烈和远距离就能闻到，而玩家1、2和3的描述中虽然也提到了香气，但没有如此强调。
5. 玩家4的描述中提到了果肉含有许多小颗粒，而其他玩家没有提到这一点。|| 请通过你分析的不一致之处，推断卧底身份，注意，这局游戏的词语分类为<水果>，卧底词和平民词都属于该类。
2024-12-13 14:38:37,638 - 2 - INFO - **********PLAYER2**********
基于上述不一致之处，玩家4的描述在多个方面与其他玩家存在差异，包括对果肉颜色的描述、核的特征、甜度和口感的提及、香气的强调以及果肉颗粒的提及。这些差异可能表明玩家4的描述与实际的水果特征不一致，从而指向他们可能是卧底。

因此，根据这些线索，玩家4可能是卧底。
2024-12-13 14:38:37,639 - 2 - INFO - **********JUDGER**********
你刚刚的推断是基于上述不一致之处，玩家4的描述在多个方面与其他玩家存在差异，包括对果肉颜色的描述、核的特征、甜度和口感的提及、香气的强调以及果肉颗粒的提及。这些差异可能表明玩家4的描述与实际的水果特征不一致，从而指向他们可能是卧底。

因此，根据这些线索，玩家4可能是卧底。|| 基于你刚刚的推断得出你的最终结论，请输出你认为的卧底，在这种情况下只需要输出编号，是1-4中的某个数字，不要输出其他信息。在这个过程不要进行任何推理，只对||以前的部分进行信息提取
2024-12-13 14:38:39,295 - 2 - INFO - **********PLAYER2**********
4
