2024-12-13 14:32:45,188 - 3 - INFO - **********JUDGER**********
让我们来玩一个叫做<谁是卧底>的推理游戏。基本规则：<人数>：4人。<角色分配>：每位玩家随机抽取一个词语，3名玩家拿到的词语是相同的（平民词），1名玩家拿到与之相近但不同的词语（卧底词）。<游戏流程>：1、玩家轮流描述自己的词语，但<不能>直接说出词语本身。2、描述完毕后，投票选出最像卧底的玩家。3、每轮结束后，被投票选出的玩家出局，不能再进行描述或投票。4、每轮投票结束后，如果卧底被成功找出，平民方获胜；如果卧底未被找出且卧底人数等于或超过平民人数，则卧底方获胜。你将扮演一个<玩家>，请等待你被分配到的关键词。如果你听懂了，只回答，"好的，我准备好参加游戏了"，不要输出别的信息
2024-12-13 14:32:45,801 - 3 - INFO - **********PLAYER3**********
好的，我准备好参加游戏了
2024-12-13 14:32:51,710 - 3 - INFO - **********JUDGER**********
玩家1说：这个水果通常呈黄色或橙红色，肉质多汁，富含维生素。在水果类中，它最突出的不同特征可能是它的形状较为独特，通常是长形或椭圆形。玩家2说：这个水果颜色鲜艳，水分充足，味道甜美。在水果类中，它的核较大，是这个类别中较为显著的特征。玩家3说：玩家4说：|| 你是第3号玩家，你的关键词是<芒果>。你的回答中绝对不能包含你的关键词<芒果>。这是第一轮描述，不需要分析||之前别的玩家的描述，请你描述关键词基本特征，注意，这局游戏的词语分类为<水果>，卧底词和平民词都属于该类，描述包括以下两点，1.他的基本特征是什么2.他在该类（水果）中最突出不同的特征是什么，尽量简短
2024-12-13 14:32:53,860 - 3 - INFO - **********PLAYER3**********
这个水果通常呈黄色或橙红色，肉质多汁，富含维生素。在水果类中，它通常有较大的核，是这个类别中较为显著的特征。
2024-12-13 14:34:08,268 - 3 - INFO - **********JUDGER**********
玩家1说：这个水果通常呈黄色或橙红色，肉质多汁，富含维生素。在水果类中，它最突出的不同特征可能是它的形状较为独特，通常是长形或椭圆形。玩家2说：这个水果颜色鲜艳，水分充足，味道甜美。在水果类中，它的核较大，是这个类别中较为显著的特征。玩家3说：这个水果通常呈黄色或橙红色，肉质多汁，富含维生素。在水果类中，它通常有较大的核，是这个类别中较为显著的特征。玩家4说：||在这个游戏中，我们需要通过分析每位玩家的描述来找出卧底。通常，平民的描述会围绕相同的词语展开，而卧底的描述可能会因为词语的不同而显得不太一致。我们需要仔细比较每个描述之间的相似性和差异性，以找出可能的卧底，注意，卧底并不会隐藏自己，他会直接描述他的词语，现在，逐一分析每个玩家的描述，注意，这局游戏的词语分类为<水果>，卧底词和平民词都属于该类。这是第一轮描述。
2024-12-13 14:34:16,144 - 3 - INFO - **********PLAYER3**********
好的，根据玩家的描述，我们可以进行以下分析：

玩家1和玩家3的描述非常相似，都提到了水果呈黄色或橙红色，肉质多汁，富含维生素，以及有较大的核。这表明他们可能持有相同的词语。

玩家2的描述与玩家1和玩家3的描述在颜色、水分和味道上相似，但特别提到了核较大，这一点与玩家1和玩家3的描述一致，因此他们也可能持有相同的词语。

玩家4的描述则不同，他没有直接提及颜色、水分、味道或核的大小，而是强调了游戏规则和卧底可能的行为模式。这可能意味着玩家4是卧底，因为他没有按照普通玩家的方式描述词语。

综合以上分析，玩家4的描述与常规的平民描述不同，因此他可能是卧底。然而，这只是一个初步的推断，需要进一步的信息和描述来确认。
2024-12-13 14:34:16,144 - 3 - INFO - **********JUDGER**********
你刚刚的分析是好的，根据玩家的描述，我们可以进行以下分析：

玩家1和玩家3的描述非常相似，都提到了水果呈黄色或橙红色，肉质多汁，富含维生素，以及有较大的核。这表明他们可能持有相同的词语。

玩家2的描述与玩家1和玩家3的描述在颜色、水分和味道上相似，但特别提到了核较大，这一点与玩家1和玩家3的描述一致，因此他们也可能持有相同的词语。

玩家4的描述则不同，他没有直接提及颜色、水分、味道或核的大小，而是强调了游戏规则和卧底可能的行为模式。这可能意味着玩家4是卧底，因为他没有按照普通玩家的方式描述词语。

综合以上分析，玩家4的描述与常规的平民描述不同，因此他可能是卧底。然而，这只是一个初步的推断，需要进一步的信息和描述来确认。|| `请根据上述分析，比较描述以找出不一致之处，注意，这局游戏的词语分类为<水果>，卧底词和平民词都属于该类。
2024-12-13 14:34:28,406 - 3 - INFO - **********PLAYER3**********
根据上述分析，我们可以比较描述以找出不一致之处：

1. 玩家1和玩家3的描述：
   - 都提到了水果的颜色（黄色或橙红色）。
   - 都描述了肉质多汁和富含维生素。
   - 都提到了核较大。

2. 玩家2的描述：
   - 提到了水果的颜色（颜色鲜艳）。
   - 描述了水分充足和味道甜美。
   - 仍然提到了核较大。

3. 玩家4的描述：
   - 没有提及水果的颜色、水分、味道或核的大小。
   - 强调了游戏规则和卧底的行为模式。

不一致之处：
- 玩家4的描述没有提供关于水果的具体信息，而玩家1、2和3的描述都围绕水果的特征进行了描述。
- 玩家4的描述更像是游戏规则的说明，而不是对水果特征的描述。

基于这些不一致之处，玩家4的描述与玩家1、2和3的描述存在显著差异，这增加了玩家4是卧底的可能性。然而，最终判断还需要结合后续的描述和投票结果来确定。
2024-12-13 14:34:28,407 - 3 - INFO - **********JUDGER**********
你刚刚的分析是根据上述分析，我们可以比较描述以找出不一致之处：

1. 玩家1和玩家3的描述：
   - 都提到了水果的颜色（黄色或橙红色）。
   - 都描述了肉质多汁和富含维生素。
   - 都提到了核较大。

2. 玩家2的描述：
   - 提到了水果的颜色（颜色鲜艳）。
   - 描述了水分充足和味道甜美。
   - 仍然提到了核较大。

3. 玩家4的描述：
   - 没有提及水果的颜色、水分、味道或核的大小。
   - 强调了游戏规则和卧底的行为模式。

不一致之处：
- 玩家4的描述没有提供关于水果的具体信息，而玩家1、2和3的描述都围绕水果的特征进行了描述。
- 玩家4的描述更像是游戏规则的说明，而不是对水果特征的描述。

基于这些不一致之处，玩家4的描述与玩家1、2和3的描述存在显著差异，这增加了玩家4是卧底的可能性。然而，最终判断还需要结合后续的描述和投票结果来确定。|| 请通过你分析的不一致之处，推断卧底身份，注意，这局游戏的词语分类为<水果>，卧底词和平民词都属于该类。
2024-12-13 14:34:37,022 - 3 - INFO - **********PLAYER3**********
根据分析的不一致之处，我们可以推断以下可能性：

1. 玩家1和玩家3的描述高度一致，都提到了黄色或橙红色的水果，肉质多汁，富含维生素，以及较大的核。这种一致性表明他们可能是平民，持有相同的词语。

2. 玩家2的描述与玩家1和玩家3的描述在颜色、水分和味道上相似，也提到了核较大，这进一步支持了他们可能是平民的观点。

3. 玩家4的描述与玩家1、2和3的描述完全不同，没有提到任何关于水果的特征，而是提到了游戏规则和卧底的行为模式。这种描述与游戏角色不符，因为平民通常会围绕共同的关键词描述水果的特征。

基于以上分析，玩家4的描述与游戏规则中平民的描述模式不符，因此他可能是卧底。玩家4持有的词语可能与水果类无关，或者与玩家1、2和3持有的词语不同，从而导致他在描述时没有提供与水果相关的特征。因此，玩家4很可能是卧底。
2024-12-13 14:34:37,022 - 3 - INFO - **********JUDGER**********
你刚刚的推断是根据分析的不一致之处，我们可以推断以下可能性：

1. 玩家1和玩家3的描述高度一致，都提到了黄色或橙红色的水果，肉质多汁，富含维生素，以及较大的核。这种一致性表明他们可能是平民，持有相同的词语。

2. 玩家2的描述与玩家1和玩家3的描述在颜色、水分和味道上相似，也提到了核较大，这进一步支持了他们可能是平民的观点。

3. 玩家4的描述与玩家1、2和3的描述完全不同，没有提到任何关于水果的特征，而是提到了游戏规则和卧底的行为模式。这种描述与游戏角色不符，因为平民通常会围绕共同的关键词描述水果的特征。

基于以上分析，玩家4的描述与游戏规则中平民的描述模式不符，因此他可能是卧底。玩家4持有的词语可能与水果类无关，或者与玩家1、2和3持有的词语不同，从而导致他在描述时没有提供与水果相关的特征。因此，玩家4很可能是卧底。|| 基于你刚刚的推断得出你的最终结论，请输出你认为的卧底，在这种情况下只需要输出编号，是1-4中的某个数字，不要输出其他信息。在这个过程不要进行任何推理，只对||以前的部分进行信息提取
2024-12-13 14:34:37,625 - 3 - INFO - **********PLAYER3**********
4
2024-12-13 14:35:18,021 - 3 - INFO - **********JUDGER**********
玩家1说：这个水果通常呈黄色或橙红色，肉质多汁，富含维生素。在水果类中，它最突出的不同特征可能是它的形状较为独特，通常是长形或椭圆形。这个水果的皮薄易剥，果肉细腻，口感鲜美。在同类水果中，它最特别的地方在于其丰富的营养价值和独特的香气。玩家2说：这个水果颜色鲜艳，水分充足，味道甜美。在水果类中，它的核较大，是这个类别中较为显著的特征。这个水果的质地细腻，果肉柔软，营养价值高。在同类水果中，它以其甜美的口感和独特的风味而著称。玩家3说：这个水果通常呈黄色或橙红色，肉质多汁，富含维生素。在水果类中，它通常有较大的核，是这个类别中较为显著的特征。玩家4说：这个水果通常呈黄色或橙红色，肉质紧实，香味独特。在水果类中，它的气味是其最突出的不同特征。你是第3号玩家，你的关键词是<芒果>。你的回答中绝对不能包含你的关键词<芒果>。这是第二轮描述，你之前的描述是这个水果通常呈黄色或橙红色，肉质多汁，富含维生素。在水果类中，它通常有较大的核，是这个类别中较为显著的特征。，注意，这局游戏的词语分类为<水果>，卧底词和平民词都属于该类，请你补充关于关键词的描述，注意，你的描述应该比起之前的描述更加贴近关键词，作为之前的补充
2024-12-13 14:35:25,203 - 3 - INFO - **********PLAYER3**********
这个水果的皮薄且易于剥离，果肉呈现出金黄色，质地细腻，口感鲜美。它的香味浓郁，能够散发出独特的气息，让人难以忘怀。在同类水果中，它的香气尤为突出。
2024-12-13 14:36:22,136 - 3 - INFO - **********JUDGER**********
玩家1说：这个水果通常呈黄色或橙红色，肉质多汁，富含维生素。在水果类中，它最突出的不同特征可能是它的形状较为独特，通常是长形或椭圆形。这个水果的皮薄易剥，果肉细腻，口感鲜美。在同类水果中，它最特别的地方在于其丰富的营养价值和独特的香气。玩家2说：这个水果颜色鲜艳，水分充足，味道甜美。在水果类中，它的核较大，是这个类别中较为显著的特征。这个水果的质地细腻，果肉柔软，营养价值高。在同类水果中，它以其甜美的口感和独特的风味而著称。玩家3说：这个水果通常呈黄色或橙红色，肉质多汁，富含维生素。在水果类中，它通常有较大的核，是这个类别中较为显著的特征。这个水果的皮薄且易于剥离，果肉呈现出金黄色，质地细腻，口感鲜美。它的香味浓郁，能够散发出独特的气息，让人难以忘怀。在同类水果中，它的香气尤为突出。玩家4说：这个水果通常呈黄色或橙红色，肉质紧实，香味独特。在水果类中，它的气味是其最突出的不同特征。||在这个游戏中，我们需要通过分析每位玩家的描述来找出卧底。通常，平民的描述会围绕相同的词语展开，而卧底的描述可能会因为词语的不同而显得不太一致。我们需要仔细比较每个描述之间的相似性和差异性，以找出可能的卧底，注意，卧底并不会隐藏自己，他会直接描述他的词语，现在，逐一分析每个玩家的描述，注意，这局游戏的词语分类为<水果>，卧底词和平民词都属于该类。||之前是第2轮描述和之前轮数描述的合集。你之前认为的卧底是玩家4。
2024-12-13 14:36:33,911 - 3 - INFO - **********PLAYER3**********
根据第二轮描述和之前的描述，我们可以进行以下分析：

玩家1和玩家3的描述非常相似，都提到了黄色或橙红色的水果，肉质多汁，富含维生素，较大的核，皮薄易剥，果肉细腻，口感鲜美，以及独特的香气。这些描述都指向了类似的水果，可能是同一个词语。

玩家2的描述也提到了黄色或橙红色的水果，水分充足，味道甜美，较大的核，质地细腻，营养价值高，以及甜美的口感和独特的风味。这些描述与玩家1和玩家3的描述有重叠，但也有一些不同点，如对水分、味道和营养价值的强调。

玩家4的描述提到了黄色或橙红色的水果，肉质紧实，香味独特，气味是其最突出的不同特征。这个描述与玩家1、2和3的描述在“肉质”和“气味”上有明显差异，特别是在对“肉质”的描述上，玩家4提到的是“紧实”，而其他玩家提到的是“多汁”或“细腻”。

综合以上分析，玩家4的描述在“肉质”和“气味”上与其他玩家存在差异，这增加了玩家4是卧底的可能性。因此，基于这些信息，我仍然认为玩家4是卧底。
2024-12-13 14:36:33,914 - 3 - INFO - **********JUDGER**********
你刚刚的分析是根据第二轮描述和之前的描述，我们可以进行以下分析：

玩家1和玩家3的描述非常相似，都提到了黄色或橙红色的水果，肉质多汁，富含维生素，较大的核，皮薄易剥，果肉细腻，口感鲜美，以及独特的香气。这些描述都指向了类似的水果，可能是同一个词语。

玩家2的描述也提到了黄色或橙红色的水果，水分充足，味道甜美，较大的核，质地细腻，营养价值高，以及甜美的口感和独特的风味。这些描述与玩家1和玩家3的描述有重叠，但也有一些不同点，如对水分、味道和营养价值的强调。

玩家4的描述提到了黄色或橙红色的水果，肉质紧实，香味独特，气味是其最突出的不同特征。这个描述与玩家1、2和3的描述在“肉质”和“气味”上有明显差异，特别是在对“肉质”的描述上，玩家4提到的是“紧实”，而其他玩家提到的是“多汁”或“细腻”。

综合以上分析，玩家4的描述在“肉质”和“气味”上与其他玩家存在差异，这增加了玩家4是卧底的可能性。因此，基于这些信息，我仍然认为玩家4是卧底。|| `请根据上述分析，比较描述以找出不一致之处，注意，这局游戏的词语分类为<水果>，卧底词和平民词都属于该类。
2024-12-13 14:36:42,166 - 3 - INFO - **********PLAYER3**********
根据上述分析，以下是不一致之处：

1. 在“肉质”的描述上，玩家1和玩家3提到的是“多汁”或“细腻”，而玩家4提到的是“紧实”。这表明玩家4的描述在肉质特征上与其他玩家有所不同。

2. 虽然玩家1、2和3都提到了“香气”或“香味”，但玩家4特别强调了“气味”是其最突出的不同特征。这种强调在措辞上有所不同，可能暗示了词语的差异。

3. 玩家4的描述没有提到“皮薄易剥”或“口感鲜美”，这两个特征在玩家1和玩家3的描述中都有出现。

这些不一致之处表明玩家4的描述在细节上与其他玩家有所不同，这可能是由于玩家4持有的词语与玩家1、2和3不同，从而导致了描述上的差异。
2024-12-13 14:36:42,167 - 3 - INFO - **********JUDGER**********
你刚刚的分析是根据上述分析，以下是不一致之处：

1. 在“肉质”的描述上，玩家1和玩家3提到的是“多汁”或“细腻”，而玩家4提到的是“紧实”。这表明玩家4的描述在肉质特征上与其他玩家有所不同。

2. 虽然玩家1、2和3都提到了“香气”或“香味”，但玩家4特别强调了“气味”是其最突出的不同特征。这种强调在措辞上有所不同，可能暗示了词语的差异。

3. 玩家4的描述没有提到“皮薄易剥”或“口感鲜美”，这两个特征在玩家1和玩家3的描述中都有出现。

这些不一致之处表明玩家4的描述在细节上与其他玩家有所不同，这可能是由于玩家4持有的词语与玩家1、2和3不同，从而导致了描述上的差异。|| 请通过你分析的不一致之处，推断卧底身份，注意，这局游戏的词语分类为<水果>，卧底词和平民词都属于该类。
2024-12-13 14:36:48,369 - 3 - INFO - **********PLAYER3**********
基于分析的不一致之处，玩家4的描述在“肉质”、“香气”的强调以及未提及“皮薄易剥”和“口感鲜美”等方面与其他玩家有所不同。这些差异可能表明玩家4持有的词语与玩家1、2和3不同，尤其是在肉质和香气特征的描述上。

考虑到这些差异，以及游戏规则中卧底可能会直接描述他的词语，我推断玩家4很可能是卧底。因此，根据这些信息，我认为玩家4是卧底。
2024-12-13 14:36:48,370 - 3 - INFO - **********JUDGER**********
你刚刚的推断是基于分析的不一致之处，玩家4的描述在“肉质”、“香气”的强调以及未提及“皮薄易剥”和“口感鲜美”等方面与其他玩家有所不同。这些差异可能表明玩家4持有的词语与玩家1、2和3不同，尤其是在肉质和香气特征的描述上。

考虑到这些差异，以及游戏规则中卧底可能会直接描述他的词语，我推断玩家4很可能是卧底。因此，根据这些信息，我认为玩家4是卧底。|| 基于你刚刚的推断得出你的最终结论，请输出你认为的卧底，在这种情况下只需要输出编号，是1-4中的某个数字，不要输出其他信息。在这个过程不要进行任何推理，只对||以前的部分进行信息提取
2024-12-13 14:36:49,484 - 3 - INFO - **********PLAYER3**********
4
2024-12-13 14:37:42,316 - 3 - INFO - **********JUDGER**********
玩家1说：这个水果通常呈黄色或橙红色，肉质多汁，富含维生素。在水果类中，它最突出的不同特征可能是它的形状较为独特，通常是长形或椭圆形。这个水果的皮薄易剥，果肉细腻，口感鲜美。在同类水果中，它最特别的地方在于其丰富的营养价值和独特的香气。这个水果的核小而硬，果肉软糯，汁水丰富，适合直接食用。它在同类水果中以其甜度高和口感滑润而受到喜爱。玩家2说：这个水果颜色鲜艳，水分充足，味道甜美。在水果类中，它的核较大，是这个类别中较为显著的特征。这个水果的质地细腻，果肉柔软，营养价值高。在同类水果中，它以其甜美的口感和独特的风味而著称。这个水果的质地光滑，果肉细腻，味道浓郁，甜中带酸，营养丰富。在同类水果中，它以其独特的香气和丰富的汁液而受到人们的喜爱。玩家3说：这个水果通常呈黄色或橙红色，肉质多汁，富含维生素。在水果类中，它通常有较大的核，是这个类别中较为显著的特征。这个水果的皮薄且易于剥离，果肉呈现出金黄色，质地细腻，口感鲜美。它的香味浓郁，能够散发出独特的气息，让人难以忘怀。在同类水果中，它的香气尤为突出。玩家4说：这个水果通常呈黄色或橙红色，肉质紧实，香味独特。在水果类中，它的气味是其最突出的不同特征。这个水果的色泽鲜艳，它的味道浓郁而甜美，有着明显的热带风情。在同类水果中，它的香气非常强烈，常常能够在很远的地方就能闻到。它的肉质通常较为紧实，有着丰富的营养，而且它的味道在水果类中是非常独特的，有着自己独特的风味。你是第3号玩家，你的关键词是<芒果>。你的回答中绝对不能包含你的关键词<芒果>。这是第三轮描述，你之前的描述是这个水果通常呈黄色或橙红色，肉质多汁，富含维生素。在水果类中，它通常有较大的核，是这个类别中较为显著的特征。和这个水果的皮薄且易于剥离，果肉呈现出金黄色，质地细腻，口感鲜美。它的香味浓郁，能够散发出独特的气息，让人难以忘怀。在同类水果中，它的香气尤为突出。，注意，这局游戏的词语分类为<水果>，卧底词和平民词都属于该类，请你补充关于关键词的描述，注意，你的描述应该比起之前的描述更加贴近关键词，作为之前的补充
2024-12-13 14:37:49,051 - 3 - INFO - **********PLAYER3**********
这个水果的形状通常较为圆润，有时候会有一侧略微扁平。它的果皮光滑，呈现出鲜艳的黄色或橙红色，容易剥离。果肉柔软，口感细腻，富含丰富的汁液。它的味道甜中带酸，香气浓郁，有着独特的热带风情。在同类水果中，它的甜度和香气都是较为突出的特点。
2024-12-13 14:38:39,296 - 3 - INFO - **********JUDGER**********
玩家1说：这个水果通常呈黄色或橙红色，肉质多汁，富含维生素。在水果类中，它最突出的不同特征可能是它的形状较为独特，通常是长形或椭圆形。这个水果的皮薄易剥，果肉细腻，口感鲜美。在同类水果中，它最特别的地方在于其丰富的营养价值和独特的香气。这个水果的核小而硬，果肉软糯，汁水丰富，适合直接食用。它在同类水果中以其甜度高和口感滑润而受到喜爱。玩家2说：这个水果颜色鲜艳，水分充足，味道甜美。在水果类中，它的核较大，是这个类别中较为显著的特征。这个水果的质地细腻，果肉柔软，营养价值高。在同类水果中，它以其甜美的口感和独特的风味而著称。这个水果的质地光滑，果肉细腻，味道浓郁，甜中带酸，营养丰富。在同类水果中，它以其独特的香气和丰富的汁液而受到人们的喜爱。玩家3说：这个水果通常呈黄色或橙红色，肉质多汁，富含维生素。在水果类中，它通常有较大的核，是这个类别中较为显著的特征。这个水果的皮薄且易于剥离，果肉呈现出金黄色，质地细腻，口感鲜美。它的香味浓郁，能够散发出独特的气息，让人难以忘怀。在同类水果中，它的香气尤为突出。这个水果的形状通常较为圆润，有时候会有一侧略微扁平。它的果皮光滑，呈现出鲜艳的黄色或橙红色，容易剥离。果肉柔软，口感细腻，富含丰富的汁液。它的味道甜中带酸，香气浓郁，有着独特的热带风情。在同类水果中，它的甜度和香气都是较为突出的特点。玩家4说：这个水果通常呈黄色或橙红色，肉质紧实，香味独特。在水果类中，它的气味是其最突出的不同特征。这个水果的色泽鲜艳，它的味道浓郁而甜美，有着明显的热带风情。在同类水果中，它的香气非常强烈，常常能够在很远的地方就能闻到。它的肉质通常较为紧实，有着丰富的营养，而且它的味道在水果类中是非常独特的，有着自己独特的风味。这个水果的核坚硬，通常包裹在厚厚的果肉中，不易剥离。它的果肉质地柔软，含有许多小颗粒，这些颗粒散发出强烈的香气。在同类水果中，这种香气是其最为显著的特点，常常让人在远处就能闻到。它的甜味浓郁，但同时也带有一定的酸味，这种独特的风味使得它在水果类中独树一帜。||在这个游戏中，我们需要通过分析每位玩家的描述来找出卧底。通常，平民的描述会围绕相同的词语展开，而卧底的描述可能会因为词语的不同而显得不太一致。我们需要仔细比较每个描述之间的相似性和差异性，以找出可能的卧底，注意，卧底并不会隐藏自己，他会直接描述他的词语，现在，逐一分析每个玩家的描述，注意，这局游戏的词语分类为<水果>，卧底词和平民词都属于该类。||之前是第3轮描述和之前轮数描述的合集。你之前认为的卧底是玩家4。
2024-12-13 14:38:52,459 - 3 - INFO - **********PLAYER3**********
根据第三轮描述和之前的描述，我们可以进行以下分析：

玩家1的描述强调了水果的形状（长形或椭圆形）、皮薄易剥、果肉细腻、口感鲜美、营养价值和独特的香气，以及核小而硬、果肉软糯、汁水丰富。

玩家2的描述提到了水果的颜色鲜艳、水分充足、味道甜美、核较大、质地细腻、营养价值高、甜中带酸、香气独特、汁液丰富。

玩家3的描述与玩家1相似，提到了黄色或橙红色的水果、肉质多汁、富含维生素、较大的核、皮薄易剥、金黄色果肉、质地细腻、口感鲜美、香味浓郁、香气突出、甜度高、口感滑润。

玩家4的描述提到了黄色或橙红色的水果、肉质紧实、香味独特、气味突出、色泽鲜艳、味道浓郁而甜美、热带风情、香气强烈、肉质紧实、核坚硬、果肉质地柔软、小颗粒散发出强烈香气、甜味浓郁、带有酸味、独特风味。

综合分析，玩家4的描述在“肉质紧实”、“核坚硬”、“小颗粒散发出强烈香气”以及“带有酸味”等方面与其他玩家的描述存在显著差异。这些差异可能表明玩家4持有的词语与玩家1、2和3不同，尤其是在肉质和香气特征的描述上。

因此，基于这些信息，我仍然认为玩家4是卧底。
2024-12-13 14:38:52,460 - 3 - INFO - **********JUDGER**********
你刚刚的分析是根据第三轮描述和之前的描述，我们可以进行以下分析：

玩家1的描述强调了水果的形状（长形或椭圆形）、皮薄易剥、果肉细腻、口感鲜美、营养价值和独特的香气，以及核小而硬、果肉软糯、汁水丰富。

玩家2的描述提到了水果的颜色鲜艳、水分充足、味道甜美、核较大、质地细腻、营养价值高、甜中带酸、香气独特、汁液丰富。

玩家3的描述与玩家1相似，提到了黄色或橙红色的水果、肉质多汁、富含维生素、较大的核、皮薄易剥、金黄色果肉、质地细腻、口感鲜美、香味浓郁、香气突出、甜度高、口感滑润。

玩家4的描述提到了黄色或橙红色的水果、肉质紧实、香味独特、气味突出、色泽鲜艳、味道浓郁而甜美、热带风情、香气强烈、肉质紧实、核坚硬、果肉质地柔软、小颗粒散发出强烈香气、甜味浓郁、带有酸味、独特风味。

综合分析，玩家4的描述在“肉质紧实”、“核坚硬”、“小颗粒散发出强烈香气”以及“带有酸味”等方面与其他玩家的描述存在显著差异。这些差异可能表明玩家4持有的词语与玩家1、2和3不同，尤其是在肉质和香气特征的描述上。

因此，基于这些信息，我仍然认为玩家4是卧底。|| `请根据上述分析，比较描述以找出不一致之处，注意，这局游戏的词语分类为<水果>，卧底词和平民词都属于该类。
2024-12-13 14:39:08,248 - 3 - INFO - **********PLAYER3**********
根据上述分析，不一致之处如下：

1. 核的特征：玩家1、2和3的描述中提到核的大小，但没有特别强调核的坚硬程度。而玩家4的描述中特别强调了核的坚硬。

2. 肉质特征：玩家1、2和3的描述中提到肉质多汁、细腻、软糯、口感鲜美，而玩家4的描述中提到肉质紧实。

3. 香气描述：玩家1、2和3的描述中提到了香气浓郁、独特、突出，而玩家4的描述中提到了小颗粒散发出强烈香气。

4. 风味描述：玩家1、2和3的描述中提到了甜度高、口感滑润、甜中带酸，而玩家4的描述中提到了带有酸味。

这些不一致之处表明玩家4的描述在核的坚硬程度、肉质的紧实度、香气的强度和风味的酸味描述上与其他玩家的描述有所不同，这可能是因为玩家4持有的词语与玩家1、2和3不同。
2024-12-13 14:39:08,249 - 3 - INFO - **********JUDGER**********
你刚刚的分析是根据上述分析，不一致之处如下：

1. 核的特征：玩家1、2和3的描述中提到核的大小，但没有特别强调核的坚硬程度。而玩家4的描述中特别强调了核的坚硬。

2. 肉质特征：玩家1、2和3的描述中提到肉质多汁、细腻、软糯、口感鲜美，而玩家4的描述中提到肉质紧实。

3. 香气描述：玩家1、2和3的描述中提到了香气浓郁、独特、突出，而玩家4的描述中提到了小颗粒散发出强烈香气。

4. 风味描述：玩家1、2和3的描述中提到了甜度高、口感滑润、甜中带酸，而玩家4的描述中提到了带有酸味。

这些不一致之处表明玩家4的描述在核的坚硬程度、肉质的紧实度、香气的强度和风味的酸味描述上与其他玩家的描述有所不同，这可能是因为玩家4持有的词语与玩家1、2和3不同。|| 请通过你分析的不一致之处，推断卧底身份，注意，这局游戏的词语分类为<水果>，卧底词和平民词都属于该类。
2024-12-13 14:39:11,896 - 3 - INFO - **********PLAYER3**********
4
2024-12-13 14:39:11,897 - 3 - INFO - **********JUDGER**********
你刚刚的推断是4|| 基于你刚刚的推断得出你的最终结论，请输出你认为的卧底，在这种情况下只需要输出编号，是1-4中的某个数字，不要输出其他信息。在这个过程不要进行任何推理，只对||以前的部分进行信息提取
2024-12-13 14:39:13,747 - 3 - INFO - **********PLAYER3**********
4
