2024-12-13 14:32:46,294 - 4 - INFO - **********JUDGER**********
让我们来玩一个叫做<谁是卧底>的推理游戏。基本规则：<人数>：4人。<角色分配>：每位玩家随机抽取一个词语，3名玩家拿到的词语是相同的（平民词），1名玩家拿到与之相近但不同的词语（卧底词）。<游戏流程>：1、玩家轮流描述自己的词语，但<不能>直接说出词语本身。2、描述完毕后，投票选出最像卧底的玩家。3、每轮结束后，被投票选出的玩家出局，不能再进行描述或投票。4、每轮投票结束后，如果卧底被成功找出，平民方获胜；如果卧底未被找出且卧底人数等于或超过平民人数，则卧底方获胜。你将扮演一个<玩家>，请等待你被分配到的关键词。如果你听懂了，只回答，"好的，我准备好参加游戏了"，不要输出别的信息
2024-12-13 14:32:47,204 - 4 - INFO - **********PLAYER4**********
好的，我准备好参加游戏了
2024-12-13 14:32:53,861 - 4 - INFO - **********JUDGER**********
玩家1说：这个水果通常呈黄色或橙红色，肉质多汁，富含维生素。在水果类中，它最突出的不同特征可能是它的形状较为独特，通常是长形或椭圆形。玩家2说：这个水果颜色鲜艳，水分充足，味道甜美。在水果类中，它的核较大，是这个类别中较为显著的特征。玩家3说：这个水果通常呈黄色或橙红色，肉质多汁，富含维生素。在水果类中，它通常有较大的核，是这个类别中较为显著的特征。玩家4说：|| 你是第4号玩家，你的关键词是<榴莲>。你的回答中绝对不能包含你的关键词<榴莲>。这是第一轮描述，不需要分析||之前别的玩家的描述，请你描述关键词基本特征，注意，这局游戏的词语分类为<水果>，卧底词和平民词都属于该类，描述包括以下两点，1.他的基本特征是什么2.他在该类（水果）中最突出不同的特征是什么，尽量简短
2024-12-13 14:32:55,972 - 4 - INFO - **********PLAYER4**********
这个水果通常呈黄色或橙红色，肉质紧实，香味独特。在水果类中，它的气味是其最突出的不同特征。
2024-12-13 14:34:37,628 - 4 - INFO - **********JUDGER**********
玩家1说：这个水果通常呈黄色或橙红色，肉质多汁，富含维生素。在水果类中，它最突出的不同特征可能是它的形状较为独特，通常是长形或椭圆形。玩家2说：这个水果颜色鲜艳，水分充足，味道甜美。在水果类中，它的核较大，是这个类别中较为显著的特征。玩家3说：这个水果通常呈黄色或橙红色，肉质多汁，富含维生素。在水果类中，它通常有较大的核，是这个类别中较为显著的特征。玩家4说：||在这个游戏中，我们需要通过分析每位玩家的描述来找出卧底。通常，平民的描述会围绕相同的词语展开，而卧底的描述可能会因为词语的不同而显得不太一致。我们需要仔细比较每个描述之间的相似性和差异性，以找出可能的卧底，注意，卧底并不会隐藏自己，他会直接描述他的词语，现在，逐一分析每个玩家的描述，注意，这局游戏的词语分类为<水果>，卧底词和平民词都属于该类。这是第一轮描述。
2024-12-13 14:34:47,042 - 4 - INFO - **********PLAYER4**********
我注意到玩家1、玩家3的描述非常相似，都提到了黄色或橙红色的外观、多汁的肉质和富含维生素，以及长形或椭圆形的形状。玩家2的描述也提到了颜色鲜艳、水分充足和味道甜美，但是特别提到了核较大这一特征。我的描述与他们的描述在核的大小上有所不同，这可能会让我显得不太一致。

基于这些信息，如果我是卧底，我的描述应该与他们的描述有明显的不同，以便于引起怀疑。我会小心地描述，以避免直接指出我的关键词，同时确保我的描述在某种程度上与其他玩家描述的水果特征相符，但又有所不同。例如：

这个水果同样呈黄色或橙红色，肉质也是多汁的，但它通常有明显的香气，这种香气在水果类中是比较独特的。在形状上，它可能是圆形或略带扁平，而不是长形或椭圆形。
2024-12-13 14:34:47,043 - 4 - INFO - **********JUDGER**********
你刚刚的分析是我注意到玩家1、玩家3的描述非常相似，都提到了黄色或橙红色的外观、多汁的肉质和富含维生素，以及长形或椭圆形的形状。玩家2的描述也提到了颜色鲜艳、水分充足和味道甜美，但是特别提到了核较大这一特征。我的描述与他们的描述在核的大小上有所不同，这可能会让我显得不太一致。

基于这些信息，如果我是卧底，我的描述应该与他们的描述有明显的不同，以便于引起怀疑。我会小心地描述，以避免直接指出我的关键词，同时确保我的描述在某种程度上与其他玩家描述的水果特征相符，但又有所不同。例如：

这个水果同样呈黄色或橙红色，肉质也是多汁的，但它通常有明显的香气，这种香气在水果类中是比较独特的。在形状上，它可能是圆形或略带扁平，而不是长形或椭圆形。|| `请根据上述分析，比较描述以找出不一致之处，注意，这局游戏的词语分类为<水果>，卧底词和平民词都属于该类。
2024-12-13 14:35:04,681 - 4 - INFO - **********PLAYER4**********
根据上述分析，我们可以比较每位玩家的描述来找出不一致之处：

- 玩家1和玩家3的描述非常相似，都提到了以下特征：
  - 黄色或橙红色的外观
  - 肉质多汁
  - 富含维生素
  - 长形或椭圆形的形状

- 玩家2的描述也提到了以下特征：
  - 颜色鲜艳（与黄色或橙红色相符）
  - 水分充足
  - 味道甜美
  - 核较大

- 玩家4的描述提到了以下特征：
  - 黄色或橙红色的外观
  - 肉质多汁
  - 富含维生素
  - 可能是圆形或略带扁平的形状

不一致之处在于：

- 玩家2特别提到了核较大的特征，而玩家1、玩家3和玩家4都没有提到这一点。
- 玩家4在形状描述上提到了圆形或略带扁平，这与玩家1和玩家3提到的长形或椭圆形形状不同。

这些差异可能会引起怀疑，尤其是玩家2的描述与其他两位玩家相比，特别强调了核的大小这一特征，这可能是卧底所描述的榴莲的特点。而玩家4的描述虽然与玩家1和玩家3在颜色、肉质和维生素含量上相似，但在形状上有所不同，这也可能是一个不一致之处。因此，玩家2和玩家4的描述可能是值得进一步关注的。
2024-12-13 14:35:04,684 - 4 - INFO - **********JUDGER**********
你刚刚的分析是根据上述分析，我们可以比较每位玩家的描述来找出不一致之处：

- 玩家1和玩家3的描述非常相似，都提到了以下特征：
  - 黄色或橙红色的外观
  - 肉质多汁
  - 富含维生素
  - 长形或椭圆形的形状

- 玩家2的描述也提到了以下特征：
  - 颜色鲜艳（与黄色或橙红色相符）
  - 水分充足
  - 味道甜美
  - 核较大

- 玩家4的描述提到了以下特征：
  - 黄色或橙红色的外观
  - 肉质多汁
  - 富含维生素
  - 可能是圆形或略带扁平的形状

不一致之处在于：

- 玩家2特别提到了核较大的特征，而玩家1、玩家3和玩家4都没有提到这一点。
- 玩家4在形状描述上提到了圆形或略带扁平，这与玩家1和玩家3提到的长形或椭圆形形状不同。

这些差异可能会引起怀疑，尤其是玩家2的描述与其他两位玩家相比，特别强调了核的大小这一特征，这可能是卧底所描述的榴莲的特点。而玩家4的描述虽然与玩家1和玩家3在颜色、肉质和维生素含量上相似，但在形状上有所不同，这也可能是一个不一致之处。因此，玩家2和玩家4的描述可能是值得进一步关注的。|| 请通过你分析的不一致之处，推断卧底身份，注意，这局游戏的词语分类为<水果>，卧底词和平民词都属于该类。
2024-12-13 14:35:11,897 - 4 - INFO - **********PLAYER4**********
根据分析的不一致之处，我们可以进行以下推断：

1. 玩家2的描述中特别提到了“核较大”，这是一个与其他玩家描述不一致的显著特征。在常见的水果中，核较大的特征通常与榴莲相联系，因为榴莲以其大而硬的核而闻名。

2. 玩家4的描述中提到了“圆形或略带扁平的形状”，这与玩家1和玩家3描述的长形或椭圆形形状不同。虽然这并不是一个特别显著的特征，但它提供了一个潜在的差异点。

综合以上两点，玩家2的描述最有可能指向卧底身份，因为核较大的特征与榴莲这一卧底词相吻合。而玩家4的描述虽然有所不同，但没有提供与榴莲直接相关的显著特征。因此，基于描述中的不一致之处，我推断玩家2是卧底。
2024-12-13 14:35:11,898 - 4 - INFO - **********JUDGER**********
你刚刚的推断是根据分析的不一致之处，我们可以进行以下推断：

1. 玩家2的描述中特别提到了“核较大”，这是一个与其他玩家描述不一致的显著特征。在常见的水果中，核较大的特征通常与榴莲相联系，因为榴莲以其大而硬的核而闻名。

2. 玩家4的描述中提到了“圆形或略带扁平的形状”，这与玩家1和玩家3描述的长形或椭圆形形状不同。虽然这并不是一个特别显著的特征，但它提供了一个潜在的差异点。

综合以上两点，玩家2的描述最有可能指向卧底身份，因为核较大的特征与榴莲这一卧底词相吻合。而玩家4的描述虽然有所不同，但没有提供与榴莲直接相关的显著特征。因此，基于描述中的不一致之处，我推断玩家2是卧底。|| 基于你刚刚的推断得出你的最终结论，请输出你认为的卧底，在这种情况下只需要输出编号，是1-4中的某个数字，不要输出其他信息。在这个过程不要进行任何推理，只对||以前的部分进行信息提取
2024-12-13 14:35:12,711 - 4 - INFO - **********PLAYER4**********
2
2024-12-13 14:35:25,203 - 4 - INFO - **********JUDGER**********
玩家1说：这个水果通常呈黄色或橙红色，肉质多汁，富含维生素。在水果类中，它最突出的不同特征可能是它的形状较为独特，通常是长形或椭圆形。这个水果的皮薄易剥，果肉细腻，口感鲜美。在同类水果中，它最特别的地方在于其丰富的营养价值和独特的香气。玩家2说：这个水果颜色鲜艳，水分充足，味道甜美。在水果类中，它的核较大，是这个类别中较为显著的特征。这个水果的质地细腻，果肉柔软，营养价值高。在同类水果中，它以其甜美的口感和独特的风味而著称。玩家3说：这个水果通常呈黄色或橙红色，肉质多汁，富含维生素。在水果类中，它通常有较大的核，是这个类别中较为显著的特征。这个水果的皮薄且易于剥离，果肉呈现出金黄色，质地细腻，口感鲜美。它的香味浓郁，能够散发出独特的气息，让人难以忘怀。在同类水果中，它的香气尤为突出。玩家4说：这个水果通常呈黄色或橙红色，肉质紧实，香味独特。在水果类中，它的气味是其最突出的不同特征。你是第4号玩家，你的关键词是<榴莲>。你的回答中绝对不能包含你的关键词<榴莲>。这是第二轮描述，你之前的描述是这个水果通常呈黄色或橙红色，肉质紧实，香味独特。在水果类中，它的气味是其最突出的不同特征。，注意，这局游戏的词语分类为<水果>，卧底词和平民词都属于该类，请你补充关于关键词的描述，注意，你的描述应该比起之前的描述更加贴近关键词，作为之前的补充
2024-12-13 14:35:30,755 - 4 - INFO - **********PLAYER4**********
这个水果的色泽鲜艳，它的味道浓郁而甜美，有着明显的热带风情。在同类水果中，它的香气非常强烈，常常能够在很远的地方就能闻到。它的肉质通常较为紧实，有着丰富的营养，而且它的味道在水果类中是非常独特的，有着自己独特的风味。
2024-12-13 14:36:49,485 - 4 - INFO - **********JUDGER**********
玩家1说：这个水果通常呈黄色或橙红色，肉质多汁，富含维生素。在水果类中，它最突出的不同特征可能是它的形状较为独特，通常是长形或椭圆形。这个水果的皮薄易剥，果肉细腻，口感鲜美。在同类水果中，它最特别的地方在于其丰富的营养价值和独特的香气。玩家2说：这个水果颜色鲜艳，水分充足，味道甜美。在水果类中，它的核较大，是这个类别中较为显著的特征。这个水果的质地细腻，果肉柔软，营养价值高。在同类水果中，它以其甜美的口感和独特的风味而著称。玩家3说：这个水果通常呈黄色或橙红色，肉质多汁，富含维生素。在水果类中，它通常有较大的核，是这个类别中较为显著的特征。这个水果的皮薄且易于剥离，果肉呈现出金黄色，质地细腻，口感鲜美。它的香味浓郁，能够散发出独特的气息，让人难以忘怀。在同类水果中，它的香气尤为突出。玩家4说：这个水果通常呈黄色或橙红色，肉质紧实，香味独特。在水果类中，它的气味是其最突出的不同特征。||在这个游戏中，我们需要通过分析每位玩家的描述来找出卧底。通常，平民的描述会围绕相同的词语展开，而卧底的描述可能会因为词语的不同而显得不太一致。我们需要仔细比较每个描述之间的相似性和差异性，以找出可能的卧底，注意，卧底并不会隐藏自己，他会直接描述他的词语，现在，逐一分析每个玩家的描述，注意，这局游戏的词语分类为<水果>，卧底词和平民词都属于该类。||之前是第2轮描述和之前轮数描述的合集。你之前认为的卧底是玩家2。
2024-12-13 14:37:10,141 - 4 - INFO - **********PLAYER4**********
玩家1和玩家3的描述非常相似，都提到了以下特征：
- 黄色或橙红色的外观
- 肉质多汁
- 富含维生素
- 较大的核
- 皮薄易剥
- 果肉细腻
- 口感鲜美
- 独特的香气

玩家2的描述也提到了以下特征：
- 颜色鲜艳
- 水分充足
- 味道甜美
- 核较大
- 质地细腻
- 果肉柔软
- 营养价值高
- 甜美的口感
- 独特的风味

玩家4的描述提到了以下特征：
- 黄色或橙红色
- 肉质紧实
- 香味独特
- 气味是其最突出的不同特征

根据之前的分析，玩家2的描述中特别强调了核的大小，这与榴莲的卧底词相吻合。然而，玩家1和玩家3的描述也非常相似，且与玩家2的描述在核的大小上有重叠，这可能表明他们可能是平民。

玩家4的描述中提到了气味是其最突出的不同特征，这与榴莲的香气特征相符，但同时也与玩家1和玩家3的描述有所不同，这增加了玩家4作为卧底的可能性。

综合以上信息，如果之前认为玩家2是卧底，那么在新的描述中，玩家4的描述似乎更加贴近榴莲的特征，特别是强调了气味的独特性，这可能是卧底所描述的关键词。因此，根据新的描述，我可能会更新我的推断，认为玩家4是卧底。
2024-12-13 14:37:10,147 - 4 - INFO - **********JUDGER**********
你刚刚的分析是玩家1和玩家3的描述非常相似，都提到了以下特征：
- 黄色或橙红色的外观
- 肉质多汁
- 富含维生素
- 较大的核
- 皮薄易剥
- 果肉细腻
- 口感鲜美
- 独特的香气

玩家2的描述也提到了以下特征：
- 颜色鲜艳
- 水分充足
- 味道甜美
- 核较大
- 质地细腻
- 果肉柔软
- 营养价值高
- 甜美的口感
- 独特的风味

玩家4的描述提到了以下特征：
- 黄色或橙红色
- 肉质紧实
- 香味独特
- 气味是其最突出的不同特征

根据之前的分析，玩家2的描述中特别强调了核的大小，这与榴莲的卧底词相吻合。然而，玩家1和玩家3的描述也非常相似，且与玩家2的描述在核的大小上有重叠，这可能表明他们可能是平民。

玩家4的描述中提到了气味是其最突出的不同特征，这与榴莲的香气特征相符，但同时也与玩家1和玩家3的描述有所不同，这增加了玩家4作为卧底的可能性。

综合以上信息，如果之前认为玩家2是卧底，那么在新的描述中，玩家4的描述似乎更加贴近榴莲的特征，特别是强调了气味的独特性，这可能是卧底所描述的关键词。因此，根据新的描述，我可能会更新我的推断，认为玩家4是卧底。|| `请根据上述分析，比较描述以找出不一致之处，注意，这局游戏的词语分类为<水果>，卧底词和平民词都属于该类。
2024-12-13 14:37:27,624 - 4 - INFO - **********PLAYER4**********
根据上述分析，我们可以比较每位玩家的描述以找出不一致之处：

1. 玩家1和玩家3的描述非常相似，都提到了以下特征：
   - 黄色或橙红色的外观
   - 肉质多汁
   - 富含维生素
   - 较大的核
   - 皮薄易剥
   - 果肉细腻
   - 口感鲜美
   - 独特的香气

2. 玩家2的描述也提到了以下特征：
   - 颜色鲜艳（与黄色或橙红色相符）
   - 水分充足
   - 味道甜美
   - 核较大
   - 质地细腻
   - 果肉柔软
   - 营养价值高
   - 甜美的口感
   - 独特的风味

3. 玩家4的描述提到了以下特征：
   - 黄色或橙红色
   - 肉质紧实
   - 香味独特
   - 气味是其最突出的不同特征

不一致之处包括：

- 玩家2特别提到了果肉柔软和营养价值高，这两个特征在玩家1和玩家3的描述中没有提及。
- 玩家4强调了气味的突出性，这是玩家1和玩家3没有特别提到的。
- 玩家1和玩家3的描述中提到了皮薄易剥，而玩家2和玩家4没有提到这一点。

这些不一致之处表明玩家4的描述在气味上与榴莲的特征更为吻合，而玩家2的描述虽然也提到了核较大，但其他特征的强调与榴莲的描述不完全一致。因此，玩家4的描述与榴莲的特征更为贴近，而玩家2的描述中包含了一些可能不是榴莲的特征。
2024-12-13 14:37:27,627 - 4 - INFO - **********JUDGER**********
你刚刚的分析是根据上述分析，我们可以比较每位玩家的描述以找出不一致之处：

1. 玩家1和玩家3的描述非常相似，都提到了以下特征：
   - 黄色或橙红色的外观
   - 肉质多汁
   - 富含维生素
   - 较大的核
   - 皮薄易剥
   - 果肉细腻
   - 口感鲜美
   - 独特的香气

2. 玩家2的描述也提到了以下特征：
   - 颜色鲜艳（与黄色或橙红色相符）
   - 水分充足
   - 味道甜美
   - 核较大
   - 质地细腻
   - 果肉柔软
   - 营养价值高
   - 甜美的口感
   - 独特的风味

3. 玩家4的描述提到了以下特征：
   - 黄色或橙红色
   - 肉质紧实
   - 香味独特
   - 气味是其最突出的不同特征

不一致之处包括：

- 玩家2特别提到了果肉柔软和营养价值高，这两个特征在玩家1和玩家3的描述中没有提及。
- 玩家4强调了气味的突出性，这是玩家1和玩家3没有特别提到的。
- 玩家1和玩家3的描述中提到了皮薄易剥，而玩家2和玩家4没有提到这一点。

这些不一致之处表明玩家4的描述在气味上与榴莲的特征更为吻合，而玩家2的描述虽然也提到了核较大，但其他特征的强调与榴莲的描述不完全一致。因此，玩家4的描述与榴莲的特征更为贴近，而玩家2的描述中包含了一些可能不是榴莲的特征。|| 请通过你分析的不一致之处，推断卧底身份，注意，这局游戏的词语分类为<水果>，卧底词和平民词都属于该类。
2024-12-13 14:37:35,111 - 4 - INFO - **********PLAYER4**********
基于分析的不一致之处，我们可以进一步推断卧底身份：

- 玩家4的描述强调了“气味是其最突出的不同特征”，这与榴莲的强烈气味特征相符，而且这一点在玩家1和玩家3的描述中没有出现，这可能意味着玩家4的描述与榴莲更接近。
- 玩家2的描述中虽然提到了核较大，但同时也包含了与榴莲不完全吻合的特征，如果肉柔软和营养价值高，这些特征在榴莲的描述中并不突出。

综合以上信息，玩家4的描述在气味特征上与榴莲最为契合，而玩家2的描述虽然提到了核较大，但其他特征的提及使得其与榴莲的特征不完全一致。因此，根据描述中的不一致之处，我推断玩家4是卧底。
2024-12-13 14:37:35,112 - 4 - INFO - **********JUDGER**********
你刚刚的推断是基于分析的不一致之处，我们可以进一步推断卧底身份：

- 玩家4的描述强调了“气味是其最突出的不同特征”，这与榴莲的强烈气味特征相符，而且这一点在玩家1和玩家3的描述中没有出现，这可能意味着玩家4的描述与榴莲更接近。
- 玩家2的描述中虽然提到了核较大，但同时也包含了与榴莲不完全吻合的特征，如果肉柔软和营养价值高，这些特征在榴莲的描述中并不突出。

综合以上信息，玩家4的描述在气味特征上与榴莲最为契合，而玩家2的描述虽然提到了核较大，但其他特征的提及使得其与榴莲的特征不完全一致。因此，根据描述中的不一致之处，我推断玩家4是卧底。|| 基于你刚刚的推断得出你的最终结论，请输出你认为的卧底，在这种情况下只需要输出编号，是1-4中的某个数字，不要输出其他信息。在这个过程不要进行任何推理，只对||以前的部分进行信息提取
2024-12-13 14:37:36,061 - 4 - INFO - **********PLAYER4**********
4
2024-12-13 14:37:49,051 - 4 - INFO - **********JUDGER**********
玩家1说：这个水果通常呈黄色或橙红色，肉质多汁，富含维生素。在水果类中，它最突出的不同特征可能是它的形状较为独特，通常是长形或椭圆形。这个水果的皮薄易剥，果肉细腻，口感鲜美。在同类水果中，它最特别的地方在于其丰富的营养价值和独特的香气。这个水果的核小而硬，果肉软糯，汁水丰富，适合直接食用。它在同类水果中以其甜度高和口感滑润而受到喜爱。玩家2说：这个水果颜色鲜艳，水分充足，味道甜美。在水果类中，它的核较大，是这个类别中较为显著的特征。这个水果的质地细腻，果肉柔软，营养价值高。在同类水果中，它以其甜美的口感和独特的风味而著称。这个水果的质地光滑，果肉细腻，味道浓郁，甜中带酸，营养丰富。在同类水果中，它以其独特的香气和丰富的汁液而受到人们的喜爱。玩家3说：这个水果通常呈黄色或橙红色，肉质多汁，富含维生素。在水果类中，它通常有较大的核，是这个类别中较为显著的特征。这个水果的皮薄且易于剥离，果肉呈现出金黄色，质地细腻，口感鲜美。它的香味浓郁，能够散发出独特的气息，让人难以忘怀。在同类水果中，它的香气尤为突出。这个水果的形状通常较为圆润，有时候会有一侧略微扁平。它的果皮光滑，呈现出鲜艳的黄色或橙红色，容易剥离。果肉柔软，口感细腻，富含丰富的汁液。它的味道甜中带酸，香气浓郁，有着独特的热带风情。在同类水果中，它的甜度和香气都是较为突出的特点。玩家4说：这个水果通常呈黄色或橙红色，肉质紧实，香味独特。在水果类中，它的气味是其最突出的不同特征。这个水果的色泽鲜艳，它的味道浓郁而甜美，有着明显的热带风情。在同类水果中，它的香气非常强烈，常常能够在很远的地方就能闻到。它的肉质通常较为紧实，有着丰富的营养，而且它的味道在水果类中是非常独特的，有着自己独特的风味。你是第4号玩家，你的关键词是<榴莲>。你的回答中绝对不能包含你的关键词<榴莲>。这是第三轮描述，你之前的描述是这个水果通常呈黄色或橙红色，肉质紧实，香味独特。在水果类中，它的气味是其最突出的不同特征。和这个水果的色泽鲜艳，它的味道浓郁而甜美，有着明显的热带风情。在同类水果中，它的香气非常强烈，常常能够在很远的地方就能闻到。它的肉质通常较为紧实，有着丰富的营养，而且它的味道在水果类中是非常独特的，有着自己独特的风味。，注意，这局游戏的词语分类为<水果>，卧底词和平民词都属于该类，请你补充关于关键词的描述，注意，你的描述应该比起之前的描述更加贴近关键词，作为之前的补充
2024-12-13 14:37:53,786 - 4 - INFO - **********PLAYER4**********
这个水果的核坚硬，通常包裹在厚厚的果肉中，不易剥离。它的果肉质地柔软，含有许多小颗粒，这些颗粒散发出强烈的香气。在同类水果中，这种香气是其最为显著的特点，常常让人在远处就能闻到。它的甜味浓郁，但同时也带有一定的酸味，这种独特的风味使得它在水果类中独树一帜。
2024-12-13 14:39:13,747 - 4 - INFO - **********JUDGER**********
玩家1说：这个水果通常呈黄色或橙红色，肉质多汁，富含维生素。在水果类中，它最突出的不同特征可能是它的形状较为独特，通常是长形或椭圆形。这个水果的皮薄易剥，果肉细腻，口感鲜美。在同类水果中，它最特别的地方在于其丰富的营养价值和独特的香气。这个水果的核小而硬，果肉软糯，汁水丰富，适合直接食用。它在同类水果中以其甜度高和口感滑润而受到喜爱。玩家2说：这个水果颜色鲜艳，水分充足，味道甜美。在水果类中，它的核较大，是这个类别中较为显著的特征。这个水果的质地细腻，果肉柔软，营养价值高。在同类水果中，它以其甜美的口感和独特的风味而著称。这个水果的质地光滑，果肉细腻，味道浓郁，甜中带酸，营养丰富。在同类水果中，它以其独特的香气和丰富的汁液而受到人们的喜爱。玩家3说：这个水果通常呈黄色或橙红色，肉质多汁，富含维生素。在水果类中，它通常有较大的核，是这个类别中较为显著的特征。这个水果的皮薄且易于剥离，果肉呈现出金黄色，质地细腻，口感鲜美。它的香味浓郁，能够散发出独特的气息，让人难以忘怀。在同类水果中，它的香气尤为突出。这个水果的形状通常较为圆润，有时候会有一侧略微扁平。它的果皮光滑，呈现出鲜艳的黄色或橙红色，容易剥离。果肉柔软，口感细腻，富含丰富的汁液。它的味道甜中带酸，香气浓郁，有着独特的热带风情。在同类水果中，它的甜度和香气都是较为突出的特点。玩家4说：这个水果通常呈黄色或橙红色，肉质紧实，香味独特。在水果类中，它的气味是其最突出的不同特征。这个水果的色泽鲜艳，它的味道浓郁而甜美，有着明显的热带风情。在同类水果中，它的香气非常强烈，常常能够在很远的地方就能闻到。它的肉质通常较为紧实，有着丰富的营养，而且它的味道在水果类中是非常独特的，有着自己独特的风味。这个水果的核坚硬，通常包裹在厚厚的果肉中，不易剥离。它的果肉质地柔软，含有许多小颗粒，这些颗粒散发出强烈的香气。在同类水果中，这种香气是其最为显著的特点，常常让人在远处就能闻到。它的甜味浓郁，但同时也带有一定的酸味，这种独特的风味使得它在水果类中独树一帜。||在这个游戏中，我们需要通过分析每位玩家的描述来找出卧底。通常，平民的描述会围绕相同的词语展开，而卧底的描述可能会因为词语的不同而显得不太一致。我们需要仔细比较每个描述之间的相似性和差异性，以找出可能的卧底，注意，卧底并不会隐藏自己，他会直接描述他的词语，现在，逐一分析每个玩家的描述，注意，这局游戏的词语分类为<水果>，卧底词和平民词都属于该类。||之前是第3轮描述和之前轮数描述的合集。你之前认为的卧底是玩家4。
2024-12-13 14:39:38,258 - 4 - INFO - **********PLAYER4**********
根据第三轮描述和之前的描述，我们可以分析每位玩家的描述，以确定卧底身份：

玩家1的描述：
- 黄色或橙红色外观
- 肉质多汁
- 富含维生素
- 核小而硬
- 果肉软糯
- 甜度高
- 口感滑润

玩家2的描述：
- 颜色鲜艳
- 水分充足
- 味道甜美
- 核较大
- 质地细腻
- 果肉柔软
- 甜中带酸
- 独特的香气
- 丰富的汁液

玩家3的描述：
- 黄色或橙红色外观
- 肉质多汁
- 核较大
- 皮薄易剥
- 果肉金黄色
- 质地细腻
- 口感鲜美
- 香味浓郁
- 甜中带酸
- 独特的热带风情
- 甜度和香气突出

玩家4的描述：
- 黄色或橙红色外观
- 肉质紧实
- 香味独特
- 核坚硬
- 果肉质地柔软
- 甜味浓郁
- 带有酸味
- 独特的香气
- 热带风情
- 甜度和香气突出

分析：
- 玩家1和玩家3的描述非常相似，都提到了黄色或橙红色外观、肉质多汁、核较大、皮薄易剥、果肉金黄色、口感鲜美、香味浓郁、甜中带酸和独特的热带风情。
- 玩家2的描述与玩家1和玩家3的描述在核的大小和果肉质地上有差异，但同样提到了颜色鲜艳、味道甜美、香气和汁液。
- 玩家4的描述与玩家1和玩家3的描述在核的坚硬程度和果肉质地上有明显差异，强调了肉质紧实和核的坚硬。

综合分析，玩家4的描述与玩家1和玩家3的描述在核的坚硬程度和果肉质地上有显著差异，而玩家2的描述虽然相似，但在核的大小和果肉质地上的描述与玩家1和玩家3有所不同。因此，根据描述的差异性，玩家4的描述可能更接近卧底词，即榴莲，因为榴莲通常有坚硬的核和质地柔软的果肉。

因此，根据第三轮描述和之前的描述，我推断玩家4是卧底。
2024-12-13 14:39:38,261 - 4 - INFO - **********JUDGER**********
你刚刚的分析是根据第三轮描述和之前的描述，我们可以分析每位玩家的描述，以确定卧底身份：

玩家1的描述：
- 黄色或橙红色外观
- 肉质多汁
- 富含维生素
- 核小而硬
- 果肉软糯
- 甜度高
- 口感滑润

玩家2的描述：
- 颜色鲜艳
- 水分充足
- 味道甜美
- 核较大
- 质地细腻
- 果肉柔软
- 甜中带酸
- 独特的香气
- 丰富的汁液

玩家3的描述：
- 黄色或橙红色外观
- 肉质多汁
- 核较大
- 皮薄易剥
- 果肉金黄色
- 质地细腻
- 口感鲜美
- 香味浓郁
- 甜中带酸
- 独特的热带风情
- 甜度和香气突出

玩家4的描述：
- 黄色或橙红色外观
- 肉质紧实
- 香味独特
- 核坚硬
- 果肉质地柔软
- 甜味浓郁
- 带有酸味
- 独特的香气
- 热带风情
- 甜度和香气突出

分析：
- 玩家1和玩家3的描述非常相似，都提到了黄色或橙红色外观、肉质多汁、核较大、皮薄易剥、果肉金黄色、口感鲜美、香味浓郁、甜中带酸和独特的热带风情。
- 玩家2的描述与玩家1和玩家3的描述在核的大小和果肉质地上有差异，但同样提到了颜色鲜艳、味道甜美、香气和汁液。
- 玩家4的描述与玩家1和玩家3的描述在核的坚硬程度和果肉质地上有明显差异，强调了肉质紧实和核的坚硬。

综合分析，玩家4的描述与玩家1和玩家3的描述在核的坚硬程度和果肉质地上有显著差异，而玩家2的描述虽然相似，但在核的大小和果肉质地上的描述与玩家1和玩家3有所不同。因此，根据描述的差异性，玩家4的描述可能更接近卧底词，即榴莲，因为榴莲通常有坚硬的核和质地柔软的果肉。

因此，根据第三轮描述和之前的描述，我推断玩家4是卧底。|| `请根据上述分析，比较描述以找出不一致之处，注意，这局游戏的词语分类为<水果>，卧底词和平民词都属于该类。
2024-12-13 14:40:04,456 - 4 - INFO - **********PLAYER4**********
根据上述分析，我们可以比较每位玩家的描述以找出不一致之处：

- 玩家1和玩家3的描述在以下特征上相似：
  - 黄色或橙红色外观
  - 肉质多汁
  - 核较大
  - 皮薄易剥
  - 果肉金黄色
  - 口感鲜美
  - 香味浓郁
  - 甜中带酸
  - 独特的热带风情

- 玩家2的描述与玩家1和玩家3的描述在以下特征上有差异：
  - 核较大（与玩家1和玩家3相同）
  - 质地细腻
  - 果肉柔软
  - 甜中带酸
  - 独特的香气
  - 丰富的汁液

- 玩家4的描述与玩家1和玩家3的描述在以下特征上有显著差异：
  - 肉质紧实（与玩家1和玩家3的肉质多汁相对）
  - 核坚硬（与玩家1和玩家3的核较大且小而硬相对）
  - 果肉质地柔软（与玩家1和玩家3的果肉软糯相对）
  - 甜味浓郁（与玩家1和玩家3的甜度高相对）
  - 带有酸味（与玩家1和玩家3的甜中带酸相对）
  - 热带风情（与玩家1和玩家3的独特的热带风情相对）

不一致之处主要体现在玩家4的描述中，它与玩家1和玩家3的描述在核的坚硬程度、果肉质地、甜味和酸味上有显著差异。这些差异可能表明玩家4的描述与卧底词更不吻合，因为榴莲通常有坚硬的核和质地柔软的果肉，而玩家4的描述强调了肉质紧实和核的坚硬。因此，玩家4的描述在核和果肉特征上与榴莲的特征最为不吻合。
2024-12-13 14:40:04,457 - 4 - INFO - **********JUDGER**********
你刚刚的分析是根据上述分析，我们可以比较每位玩家的描述以找出不一致之处：

- 玩家1和玩家3的描述在以下特征上相似：
  - 黄色或橙红色外观
  - 肉质多汁
  - 核较大
  - 皮薄易剥
  - 果肉金黄色
  - 口感鲜美
  - 香味浓郁
  - 甜中带酸
  - 独特的热带风情

- 玩家2的描述与玩家1和玩家3的描述在以下特征上有差异：
  - 核较大（与玩家1和玩家3相同）
  - 质地细腻
  - 果肉柔软
  - 甜中带酸
  - 独特的香气
  - 丰富的汁液

- 玩家4的描述与玩家1和玩家3的描述在以下特征上有显著差异：
  - 肉质紧实（与玩家1和玩家3的肉质多汁相对）
  - 核坚硬（与玩家1和玩家3的核较大且小而硬相对）
  - 果肉质地柔软（与玩家1和玩家3的果肉软糯相对）
  - 甜味浓郁（与玩家1和玩家3的甜度高相对）
  - 带有酸味（与玩家1和玩家3的甜中带酸相对）
  - 热带风情（与玩家1和玩家3的独特的热带风情相对）

不一致之处主要体现在玩家4的描述中，它与玩家1和玩家3的描述在核的坚硬程度、果肉质地、甜味和酸味上有显著差异。这些差异可能表明玩家4的描述与卧底词更不吻合，因为榴莲通常有坚硬的核和质地柔软的果肉，而玩家4的描述强调了肉质紧实和核的坚硬。因此，玩家4的描述在核和果肉特征上与榴莲的特征最为不吻合。|| 请通过你分析的不一致之处，推断卧底身份，注意，这局游戏的词语分类为<水果>，卧底词和平民词都属于该类。
2024-12-13 14:40:28,266 - 4 - INFO - **********PLAYER4**********
根据分析的不一致之处，我们可以推断卧底身份：

- 玩家1和玩家3的描述非常相似，且与玩家2的描述在核的大小上有重叠，但都强调了果肉的金黄色、口感鲜美和香味浓郁。
- 玩家4的描述与玩家1和玩家3的描述在多个关键特征上存在差异，包括核的坚硬程度、果肉的质地、甜味的描述和酸味的提及。

由于玩家4的描述在核的坚硬程度和果肉质地上的描述与榴莲的特征更为吻合（榴莲通常有坚硬的核和质地柔软的果肉），而玩家1和玩家3的描述在这些方面与榴莲的特征不太一致，我们可以推断玩家4的描述可能更接近卧底词榴莲。

因此，根据描述中的不一致之处，我推断玩家4是卧底。
2024-12-13 14:40:28,266 - 4 - INFO - **********JUDGER**********
你刚刚的推断是根据分析的不一致之处，我们可以推断卧底身份：

- 玩家1和玩家3的描述非常相似，且与玩家2的描述在核的大小上有重叠，但都强调了果肉的金黄色、口感鲜美和香味浓郁。
- 玩家4的描述与玩家1和玩家3的描述在多个关键特征上存在差异，包括核的坚硬程度、果肉的质地、甜味的描述和酸味的提及。

由于玩家4的描述在核的坚硬程度和果肉质地上的描述与榴莲的特征更为吻合（榴莲通常有坚硬的核和质地柔软的果肉），而玩家1和玩家3的描述在这些方面与榴莲的特征不太一致，我们可以推断玩家4的描述可能更接近卧底词榴莲。

因此，根据描述中的不一致之处，我推断玩家4是卧底。|| 基于你刚刚的推断得出你的最终结论，请输出你认为的卧底，在这种情况下只需要输出编号，是1-4中的某个数字，不要输出其他信息。在这个过程不要进行任何推理，只对||以前的部分进行信息提取
2024-12-13 14:40:30,599 - 4 - INFO - **********PLAYER4**********
4
2024-12-13 14:40:30,600 - 4 - INFO - **********JUDGER**********
你认为卧底是你自己。你现在需要随便选一个人投票。请输出一个数字，是1-4中的某个数字，但这个数字不能是4，不要输出其他信息。
2024-12-13 14:40:33,216 - 4 - INFO - **********PLAYER4**********
1
