2024-12-13 16:04:14,729 - 1 - INFO - **********JUDGER**********
让我们来玩一个叫做<谁是卧底>的推理游戏。基本规则：<人数>：4人。<角色分配>：每位玩家随机抽取一个词语，3名玩家拿到的词语是相同的（平民词），1名玩家拿到与之相近但不同的词语（卧底词）。<游戏流程>：1、玩家轮流描述自己的词语，但<不能>直接说出词语本身。2、描述完毕后，投票选出最像卧底的玩家。3、每轮结束后，被投票选出的玩家出局，不能再进行描述或投票。4、每轮投票结束后，如果卧底被成功找出，平民方获胜；如果卧底未被找出且卧底人数等于或超过平民人数，则卧底方获胜。你将扮演一个<玩家>，请等待你被分配到的关键词。如果你听懂了，只回答，"好的，我准备好参加游戏了"，不要输出别的信息
2024-12-13 16:04:15,449 - 1 - INFO - **********PLAYER1**********
好的，我准备好参加游戏了
2024-12-13 16:04:19,278 - 1 - INFO - **********JUDGER**********
玩家1说：玩家2说：玩家3说：玩家4说：|| 你是第1号玩家，你的关键词是<老虎>。你的回答中绝对不能包含你的关键词<老虎>。这是第一轮描述，不需要分析||之前别的玩家的描述，请你描述关键词基本特征，注意，这局游戏的词语分类为<动物>，卧底词和平民词都属于该类，描述包括以下两点，1.他的基本特征是什么2.他在该类（动物）中最突出不同的特征是什么，尽量简短
2024-12-13 16:04:21,018 - 1 - INFO - **********PLAYER1**********
这是一种大型猫科动物，拥有强壮的身体和锋利的爪牙。它在同类中最突出的不同特征是它的皮毛花纹独特，条纹和斑点的图案使其在丛林中非常显眼。
2024-12-13 16:04:26,583 - 1 - INFO - **********JUDGER**********
玩家1说：这是一种大型猫科动物，拥有强壮的身体和锋利的爪牙。它在同类中最突出的不同特征是它的皮毛花纹独特，条纹和斑点的图案使其在丛林中非常显眼。玩家2说：这是一种猛禽，体型庞大，拥有强健的体格和锐利的爪子。它在同类中最显著的特征是锋利的喙和出色的飞行能力。玩家3说：这是一种陆生哺乳动物，拥有厚实的体魄和强大的力量。它在同类中最独特的地方在于它的四肢粗壮，适合攀爬和行走。玩家4说：||在这个游戏中，我们需要通过分析每位玩家的描述来找出卧底。通常，平民的描述会围绕相同的词语展开，而卧底的描述可能会因为词语的不同而显得不太一致。我们需要仔细比较每个描述之间的相似性和差异性，以找出可能的卧底，注意，卧底并不会隐藏自己，他会直接描述他的词语，现在，逐一分析每个玩家的描述，注意，这局游戏的词语分类为<动物>，卧底词和平民词都属于该类。这是第一轮描述。
2024-12-13 16:04:40,225 - 1 - INFO - **********PLAYER1**********
我注意到玩家1和我的描述都提到了猫科动物和皮毛花纹，这可能是我们的共同词。玩家2的描述提到了猛禽，这与我们的词不符，因为猛禽属于鸟类而非猫科动物。玩家3描述的是一种陆生哺乳动物，与猫科动物有关，但提到的“四肢粗壮”似乎与我的关键词不符。玩家4的描述没有具体指出任何动物的特征，这可能意味着他可能是在引导大家注意描述的相似性和差异性。

基于这些信息，如果我的关键词是“老虎”，那么我的描述应该与玩家1的描述更为接近，因为我们都提到了猫科动物和皮毛花纹。玩家2的描述与我们的词明显不同，所以他是卧底的可能性较高。玩家3的描述虽然与猫科动物有关，但特征描述上有所不同，这可能意味着他也是卧底。玩家4的描述没有提供足够的信息，所以难以判断。

综上所述，我认为玩家2和玩家3可能是卧底，因为他们与我和玩家1的描述有显著差异。
2024-12-13 16:04:40,226 - 1 - INFO - **********JUDGER**********
你刚刚的分析是我注意到玩家1和我的描述都提到了猫科动物和皮毛花纹，这可能是我们的共同词。玩家2的描述提到了猛禽，这与我们的词不符，因为猛禽属于鸟类而非猫科动物。玩家3描述的是一种陆生哺乳动物，与猫科动物有关，但提到的“四肢粗壮”似乎与我的关键词不符。玩家4的描述没有具体指出任何动物的特征，这可能意味着他可能是在引导大家注意描述的相似性和差异性。

基于这些信息，如果我的关键词是“老虎”，那么我的描述应该与玩家1的描述更为接近，因为我们都提到了猫科动物和皮毛花纹。玩家2的描述与我们的词明显不同，所以他是卧底的可能性较高。玩家3的描述虽然与猫科动物有关，但特征描述上有所不同，这可能意味着他也是卧底。玩家4的描述没有提供足够的信息，所以难以判断。

综上所述，我认为玩家2和玩家3可能是卧底，因为他们与我和玩家1的描述有显著差异。|| `请根据上述分析，比较描述以找出不一致之处，注意，这局游戏的词语分类为<动物>，卧底词和平民词都属于该类。
2024-12-13 16:04:54,129 - 1 - INFO - **********PLAYER1**********
根据上述分析，我们可以比较描述中的一致性和不一致性如下：

1. 猫科动物和皮毛花纹：
   - 玩家1和我的描述都提到了猫科动物和皮毛花纹，这可能是我们共同的关键词。
   - 玩家2的描述没有提到猫科动物，而是提到了猛禽，这表明他的词可能与猫科动物无关。
   - 玩家3的描述提到了陆生哺乳动物，这与猫科动物有关，但并没有特别强调皮毛花纹。

2. 锋利的爪牙或喙：
   - 玩家1和我的描述都提到了“强壮的身体和锋利的爪牙”，这是猫科动物的特征。
   - 玩家2的描述提到了“强健的体格和锐利的爪子”，但没有提到喙，这与猛禽的特征不符。
   - 玩家3的描述提到了“厚实的体魄和强大的力量”，但没有提到爪牙，这与猫科动物的特征不符。

3. 突出的不同特征：
   - 玩家1和我的描述都提到了“皮毛花纹独特”，这是老虎的一个显著特征。
   - 玩家2的描述提到了“锋利的喙和出色的飞行能力”，这与猛禽的特征相符。
   - 玩家3的描述提到了“四肢粗壮，适合攀爬和行走”，这与猫科动物的特征有关，但不是老虎的独特之处。

综上所述，不一致之处在于：
- 玩家2的描述提到了猛禽，这与猫科动物无关。
- 玩家3的描述虽然提到了陆生哺乳动物，但没有强调与老虎相关的独特特征。
- 玩家4的描述没有提供具体特征，无法判断。

因此，玩家2和玩家3的描述与我和玩家1的描述存在显著差异，他们可能是卧底。
2024-12-13 16:04:54,131 - 1 - INFO - **********JUDGER**********
你刚刚的分析是根据上述分析，我们可以比较描述中的一致性和不一致性如下：

1. 猫科动物和皮毛花纹：
   - 玩家1和我的描述都提到了猫科动物和皮毛花纹，这可能是我们共同的关键词。
   - 玩家2的描述没有提到猫科动物，而是提到了猛禽，这表明他的词可能与猫科动物无关。
   - 玩家3的描述提到了陆生哺乳动物，这与猫科动物有关，但并没有特别强调皮毛花纹。

2. 锋利的爪牙或喙：
   - 玩家1和我的描述都提到了“强壮的身体和锋利的爪牙”，这是猫科动物的特征。
   - 玩家2的描述提到了“强健的体格和锐利的爪子”，但没有提到喙，这与猛禽的特征不符。
   - 玩家3的描述提到了“厚实的体魄和强大的力量”，但没有提到爪牙，这与猫科动物的特征不符。

3. 突出的不同特征：
   - 玩家1和我的描述都提到了“皮毛花纹独特”，这是老虎的一个显著特征。
   - 玩家2的描述提到了“锋利的喙和出色的飞行能力”，这与猛禽的特征相符。
   - 玩家3的描述提到了“四肢粗壮，适合攀爬和行走”，这与猫科动物的特征有关，但不是老虎的独特之处。

综上所述，不一致之处在于：
- 玩家2的描述提到了猛禽，这与猫科动物无关。
- 玩家3的描述虽然提到了陆生哺乳动物，但没有强调与老虎相关的独特特征。
- 玩家4的描述没有提供具体特征，无法判断。

因此，玩家2和玩家3的描述与我和玩家1的描述存在显著差异，他们可能是卧底。|| 请通过你分析的不一致之处，推断卧底身份，注意，这局游戏的词语分类为<动物>，卧底词和平民词都属于该类。
2024-12-13 16:05:03,615 - 1 - INFO - **********PLAYER1**********
根据我们分析的不一致之处，可以推断如下：

- 玩家2的描述提到了猛禽，而猛禽属于鸟类，与猫科动物无关。这表明玩家2的词很可能不是“老虎”，因为“老虎”是猫科动物。因此，玩家2很可能是卧底。

- 玩家3的描述虽然提到了陆生哺乳动物，但没有强调与老虎相关的独特特征，如皮毛花纹的独特性。这表明玩家3的词也可能不是“老虎”，因为老虎的皮毛花纹是其显著特征之一。因此，玩家3也可能是卧底。

- 玩家4的描述没有提供具体特征，这使得我们无法直接判断其身份，但既然玩家2和玩家3的描述与我们的词不一致，玩家4的描述可能与我们的词更接近，特别是如果他的描述更偏向于猫科动物的一般特征。

综上所述，根据描述中的不一致性，玩家2和玩家3最有可能不是平民，即他们可能是卧底。而玩家4由于描述模糊，难以直接判断，但根据排除法，他可能是平民。
2024-12-13 16:05:03,618 - 1 - INFO - **********JUDGER**********
你刚刚的推断是根据我们分析的不一致之处，可以推断如下：

- 玩家2的描述提到了猛禽，而猛禽属于鸟类，与猫科动物无关。这表明玩家2的词很可能不是“老虎”，因为“老虎”是猫科动物。因此，玩家2很可能是卧底。

- 玩家3的描述虽然提到了陆生哺乳动物，但没有强调与老虎相关的独特特征，如皮毛花纹的独特性。这表明玩家3的词也可能不是“老虎”，因为老虎的皮毛花纹是其显著特征之一。因此，玩家3也可能是卧底。

- 玩家4的描述没有提供具体特征，这使得我们无法直接判断其身份，但既然玩家2和玩家3的描述与我们的词不一致，玩家4的描述可能与我们的词更接近，特别是如果他的描述更偏向于猫科动物的一般特征。

综上所述，根据描述中的不一致性，玩家2和玩家3最有可能不是平民，即他们可能是卧底。而玩家4由于描述模糊，难以直接判断，但根据排除法，他可能是平民。|| 基于你刚刚的推断得出你的最终结论，请输出你认为的卧底，在这种情况下只需要输出编号，是1-4中的某个数字，不要输出其他信息。在这个过程不要进行任何推理，只对||以前的部分进行信息提取
2024-12-13 16:05:04,476 - 1 - INFO - **********PLAYER1**********
2
2024-12-13 16:06:46,991 - 1 - INFO - **********JUDGER**********
玩家1说：这是一种大型猫科动物，拥有强壮的身体和锋利的爪牙。它在同类中最突出的不同特征是它的皮毛花纹独特，条纹和斑点的图案使其在丛林中非常显眼。玩家2说：这是一种猛禽，体型庞大，拥有强健的体格和锐利的爪子。它在同类中最显著的特征是锋利的喙和出色的飞行能力。玩家3说：这是一种陆生哺乳动物，拥有厚实的体魄和强大的力量。它在同类中最独特的地方在于它的四肢粗壮，适合攀爬和行走。玩家4说：这种动物是森林的霸主，以其威猛的体态和强大的捕猎能力著称。它在该类动物中最显著的不同之处在于其独特的斑斓花纹，这些花纹有助于它在狩猎时隐蔽身形。你是第1号玩家，你的关键词是<老虎>。你的回答中绝对不能包含你的关键词<老虎>。这是第二轮描述，你之前的描述是这是一种大型猫科动物，拥有强壮的身体和锋利的爪牙。它在同类中最突出的不同特征是它的皮毛花纹独特，条纹和斑点的图案使其在丛林中非常显眼。，注意，这局游戏的词语分类为<动物>，卧底词和平民词都属于该类，请你补充关于关键词的描述，注意，你的描述应该比起之前的描述更加贴近关键词，作为之前的补充
2024-12-13 16:06:49,565 - 1 - INFO - **********PLAYER1**********
这种动物是丛林中的王者，以其威猛的姿态和强大的狩猎技巧闻名。它的皮毛色彩斑斓，花纹复杂，这些图案不仅使其在狩猎时能够更好地融入环境，还彰显了其尊贵的地位。
2024-12-13 16:06:58,697 - 1 - INFO - **********JUDGER**********
玩家1说：这是一种大型猫科动物，拥有强壮的身体和锋利的爪牙。它在同类中最突出的不同特征是它的皮毛花纹独特，条纹和斑点的图案使其在丛林中非常显眼。这种动物是丛林中的王者，以其威猛的姿态和强大的狩猎技巧闻名。它的皮毛色彩斑斓，花纹复杂，这些图案不仅使其在狩猎时能够更好地融入环境，还彰显了其尊贵的地位。玩家2说：这是一种猛禽，体型庞大，拥有强健的体格和锐利的爪子。它在同类中最显著的特征是锋利的喙和出色的飞行能力。这种动物是丛林中的统治者，它的力量和威严无人能敌。它的身体强健，步伐沉稳，擅长在隐蔽的环境中悄无声息地接近猎物。它的存在，让整个森林都充满了敬畏。玩家3说：这是一种陆生哺乳动物，拥有厚实的体魄和强大的力量。它在同类中最独特的地方在于它的四肢粗壮，适合攀爬和行走。这种动物在同类中以其庞大的体型和坚固的骨架著称。它的行动虽然缓慢，但力量惊人，能够在森林中轻松翻越障碍。它的皮毛厚实，提供了良好的保暖，同时也有助于在冬季隐藏在雪地中。这种动物在捕食时通常单独行动，以其独特的策略和耐心著称。玩家4说：这种动物是森林的霸主，以其威猛的体态和强大的捕猎能力著称。它在该类动物中最显著的不同之处在于其独特的斑斓花纹，这些花纹有助于它在狩猎时隐蔽身形。||在这个游戏中，我们需要通过分析每位玩家的描述来找出卧底。通常，平民的描述会围绕相同的词语展开，而卧底的描述可能会因为词语的不同而显得不太一致。我们需要仔细比较每个描述之间的相似性和差异性，以找出可能的卧底，注意，卧底并不会隐藏自己，他会直接描述他的词语，现在，逐一分析每个玩家的描述，注意，这局游戏的词语分类为<动物>，卧底词和平民词都属于该类。||之前是第2轮描述和之前轮数描述的合集。你之前认为的卧底是玩家2。
2024-12-13 16:07:10,452 - 1 - INFO - **********PLAYER1**********
根据第二轮描述和之前轮数的描述，我的分析如下：

- 玩家1的描述强调了猫科动物的特点，特别是皮毛花纹的独特性，这与我的关键词“老虎”非常吻合。
- 玩家2的描述虽然也提到了猛禽的体型、体格和喙，但强调了猛禽的飞行能力和在森林中的统治地位，这与猛禽的特征相符，但与猫科动物的特征不符。
- 玩家3的描述提到了陆生哺乳动物，四肢粗壮，适合攀爬和行走，这与猫科动物的特征不完全一致，但提到了“庞大的体型和坚固的骨架”，这可能指向的是熊或其他大型哺乳动物。
- 玩家4的描述再次提到了森林中的霸主，皮毛花纹的独特性，这与玩家1的描述相似，但玩家4的描述中提到了“行动虽然缓慢”，这与老虎的敏捷性不符。

综合以上分析，玩家2的描述与猫科动物的特征不符，而更像是猛禽，因此我仍然认为玩家2是卧底。
2024-12-13 16:07:10,453 - 1 - INFO - **********JUDGER**********
你刚刚的分析是根据第二轮描述和之前轮数的描述，我的分析如下：

- 玩家1的描述强调了猫科动物的特点，特别是皮毛花纹的独特性，这与我的关键词“老虎”非常吻合。
- 玩家2的描述虽然也提到了猛禽的体型、体格和喙，但强调了猛禽的飞行能力和在森林中的统治地位，这与猛禽的特征相符，但与猫科动物的特征不符。
- 玩家3的描述提到了陆生哺乳动物，四肢粗壮，适合攀爬和行走，这与猫科动物的特征不完全一致，但提到了“庞大的体型和坚固的骨架”，这可能指向的是熊或其他大型哺乳动物。
- 玩家4的描述再次提到了森林中的霸主，皮毛花纹的独特性，这与玩家1的描述相似，但玩家4的描述中提到了“行动虽然缓慢”，这与老虎的敏捷性不符。

综合以上分析，玩家2的描述与猫科动物的特征不符，而更像是猛禽，因此我仍然认为玩家2是卧底。|| `请根据上述分析，比较描述以找出不一致之处，注意，这局游戏的词语分类为<动物>，卧底词和平民词都属于该类。
2024-12-13 16:07:24,121 - 1 - INFO - **********PLAYER1**********
根据上述分析，我们可以比较描述中的一致性和不一致性如下：

1. 猫科动物与猛禽：
   - 玩家1和玩家4的描述都围绕猫科动物的特征展开，强调了皮毛花纹的独特性和在丛林中的统治地位。
   - 玩家2的描述提到了猛禽的特征，如体型庞大、强健的体格、锐利的爪子和喙，以及出色的飞行能力，这与猫科动物的特征不一致。

2. 陆生哺乳动物与猫科动物：
   - 玩家3的描述提到了陆生哺乳动物，四肢粗壮，适合攀爬和行走，庞大的体型和坚固的骨架，以及单独行动和独特的策略，这些特征更像是熊或其他大型哺乳动物，而不是猫科动物。

3. 捕猎能力与行动速度：
   - 玩家1和玩家4的描述都提到了强大的捕猎能力，但玩家4的描述中提到动物“行动虽然缓慢”，这与老虎的敏捷性特征不符。

不一致之处总结：
- 玩家2的描述与猫科动物的特征不符，更像是猛禽。
- 玩家3的描述提到了与猫科动物不一致的特征，如四肢粗壮和单独行动的策略，更像是熊或其他大型哺乳动物。
- 玩家4的描述中提到的“行动缓慢”与老虎的敏捷性特征不符。

因此，玩家2和玩家3的描述与猫科动物的特征不一致，他们可能是卧底。而玩家4的描述虽然提到了“行动缓慢”，但如果没有其他玩家的描述中明确指出这一点，那么玩家4可能是平民。
2024-12-13 16:07:24,122 - 1 - INFO - **********JUDGER**********
你刚刚的分析是根据上述分析，我们可以比较描述中的一致性和不一致性如下：

1. 猫科动物与猛禽：
   - 玩家1和玩家4的描述都围绕猫科动物的特征展开，强调了皮毛花纹的独特性和在丛林中的统治地位。
   - 玩家2的描述提到了猛禽的特征，如体型庞大、强健的体格、锐利的爪子和喙，以及出色的飞行能力，这与猫科动物的特征不一致。

2. 陆生哺乳动物与猫科动物：
   - 玩家3的描述提到了陆生哺乳动物，四肢粗壮，适合攀爬和行走，庞大的体型和坚固的骨架，以及单独行动和独特的策略，这些特征更像是熊或其他大型哺乳动物，而不是猫科动物。

3. 捕猎能力与行动速度：
   - 玩家1和玩家4的描述都提到了强大的捕猎能力，但玩家4的描述中提到动物“行动虽然缓慢”，这与老虎的敏捷性特征不符。

不一致之处总结：
- 玩家2的描述与猫科动物的特征不符，更像是猛禽。
- 玩家3的描述提到了与猫科动物不一致的特征，如四肢粗壮和单独行动的策略，更像是熊或其他大型哺乳动物。
- 玩家4的描述中提到的“行动缓慢”与老虎的敏捷性特征不符。

因此，玩家2和玩家3的描述与猫科动物的特征不一致，他们可能是卧底。而玩家4的描述虽然提到了“行动缓慢”，但如果没有其他玩家的描述中明确指出这一点，那么玩家4可能是平民。|| 请通过你分析的不一致之处，推断卧底身份，注意，这局游戏的词语分类为<动物>，卧底词和平民词都属于该类。
2024-12-13 16:07:30,165 - 1 - INFO - **********PLAYER1**********
根据分析的不一致之处，可以推断卧底身份如下：

- 玩家2的描述提到了猛禽的特征，这与猫科动物的特征不一致，因此玩家2很可能是卧底。

- 玩家3的描述虽然提到了陆生哺乳动物，但特征如四肢粗壮和单独行动的策略更像是熊或其他大型哺乳动物，而不是猫科动物，因此玩家3也可能是卧底。

- 玩家4的描述中提到的“行动缓慢”与老虎的敏捷性特征不符，但这一点可能并不足以单独确定其为卧底，因为其他玩家也没有明确指出老虎的行动速度。

综合以上分析，玩家2和玩家3的描述与猫科动物的特征不一致，他们更有可能是卧底。而玩家4的描述虽然存在疑问，但没有足够的信息来排除其平民身份。因此，我的最终推断是玩家2和玩家3可能是卧底。
2024-12-13 16:07:30,166 - 1 - INFO - **********JUDGER**********
你刚刚的推断是根据分析的不一致之处，可以推断卧底身份如下：

- 玩家2的描述提到了猛禽的特征，这与猫科动物的特征不一致，因此玩家2很可能是卧底。

- 玩家3的描述虽然提到了陆生哺乳动物，但特征如四肢粗壮和单独行动的策略更像是熊或其他大型哺乳动物，而不是猫科动物，因此玩家3也可能是卧底。

- 玩家4的描述中提到的“行动缓慢”与老虎的敏捷性特征不符，但这一点可能并不足以单独确定其为卧底，因为其他玩家也没有明确指出老虎的行动速度。

综合以上分析，玩家2和玩家3的描述与猫科动物的特征不一致，他们更有可能是卧底。而玩家4的描述虽然存在疑问，但没有足够的信息来排除其平民身份。因此，我的最终推断是玩家2和玩家3可能是卧底。|| 基于你刚刚的推断得出你的最终结论，请输出你认为的卧底，在这种情况下只需要输出编号，是1-4中的某个数字，不要输出其他信息。在这个过程不要进行任何推理，只对||以前的部分进行信息提取
2024-12-13 16:07:31,039 - 1 - INFO - **********PLAYER1**********
2
2024-12-13 16:08:47,187 - 1 - INFO - **********JUDGER**********
玩家1说：这是一种大型猫科动物，拥有强壮的身体和锋利的爪牙。它在同类中最突出的不同特征是它的皮毛花纹独特，条纹和斑点的图案使其在丛林中非常显眼。这种动物是丛林中的王者，以其威猛的姿态和强大的狩猎技巧闻名。它的皮毛色彩斑斓，花纹复杂，这些图案不仅使其在狩猎时能够更好地融入环境，还彰显了其尊贵的地位。玩家2说：这是一种猛禽，体型庞大，拥有强健的体格和锐利的爪子。它在同类中最显著的特征是锋利的喙和出色的飞行能力。这种动物是丛林中的统治者，它的力量和威严无人能敌。它的身体强健，步伐沉稳，擅长在隐蔽的环境中悄无声息地接近猎物。它的存在，让整个森林都充满了敬畏。玩家3说：这是一种陆生哺乳动物，拥有厚实的体魄和强大的力量。它在同类中最独特的地方在于它的四肢粗壮，适合攀爬和行走。这种动物在同类中以其庞大的体型和坚固的骨架著称。它的行动虽然缓慢，但力量惊人，能够在森林中轻松翻越障碍。它的皮毛厚实，提供了良好的保暖，同时也有助于在冬季隐藏在雪地中。这种动物在捕食时通常单独行动，以其独特的策略和耐心著称。玩家4说：这种动物是森林的霸主，以其威猛的体态和强大的捕猎能力著称。它在该类动物中最显著的不同之处在于其独特的斑斓花纹，这些花纹有助于它在狩猎时隐蔽身形。这种动物以其敏捷的身手和迅猛的攻击速度在同类中独树一帜。它的身体结构特别适合在丛林中快速移动，它的眼睛敏锐，能够捕捉到远处的猎物。此外，它的感官非常发达，能够感知到微小的动静，这使得它在捕猎时几乎不会受到干扰。你是第1号玩家，你的关键词是<老虎>。你的回答中绝对不能包含你的关键词<老虎>。这是第三轮描述，你之前的描述是这是一种大型猫科动物，拥有强壮的身体和锋利的爪牙。它在同类中最突出的不同特征是它的皮毛花纹独特，条纹和斑点的图案使其在丛林中非常显眼。和这种动物是丛林中的王者，以其威猛的姿态和强大的狩猎技巧闻名。它的皮毛色彩斑斓，花纹复杂，这些图案不仅使其在狩猎时能够更好地融入环境，还彰显了其尊贵的地位。，注意，这局游戏的词语分类为<动物>，卧底词和平民词都属于该类，请你补充关于关键词的描述，注意，你的描述应该比起之前的描述更加贴近关键词，作为之前的补充
2024-12-13 16:08:50,531 - 1 - INFO - **********PLAYER1**********
这种动物在同类中以其独特的条纹和斑点花纹而著称，这些花纹在阳光下闪耀，使其在丛林中显得格外醒目。它的体型庞大，肌肉发达，能够在森林中悄无声息地潜行，捕猎技巧高超，是丛林中的顶级猎手。
2024-12-13 16:09:09,348 - 1 - INFO - **********JUDGER**********
玩家1说：这是一种大型猫科动物，拥有强壮的身体和锋利的爪牙。它在同类中最突出的不同特征是它的皮毛花纹独特，条纹和斑点的图案使其在丛林中非常显眼。这种动物是丛林中的王者，以其威猛的姿态和强大的狩猎技巧闻名。它的皮毛色彩斑斓，花纹复杂，这些图案不仅使其在狩猎时能够更好地融入环境，还彰显了其尊贵的地位。这种动物在同类中以其独特的条纹和斑点花纹而著称，这些花纹在阳光下闪耀，使其在丛林中显得格外醒目。它的体型庞大，肌肉发达，能够在森林中悄无声息地潜行，捕猎技巧高超，是丛林中的顶级猎手。玩家2说：这是一种猛禽，体型庞大，拥有强健的体格和锐利的爪子。它在同类中最显著的特征是锋利的喙和出色的飞行能力。这种动物是丛林中的统治者，它的力量和威严无人能敌。它的身体强健，步伐沉稳，擅长在隐蔽的环境中悄无声息地接近猎物。它的存在，让整个森林都充满了敬畏。这种动物是森林中的隐秘统治者，它以其无声的威严和不可一世的气势统治着丛林。它的身躯强健，力量惊人，能够在密林中悄无声息地穿行，捕猎技巧高超，是丛林中的顶级猎手。它的存在，让所有生物都对其敬畏三分。玩家3说：这是一种陆生哺乳动物，拥有厚实的体魄和强大的力量。它在同类中最独特的地方在于它的四肢粗壮，适合攀爬和行走。这种动物在同类中以其庞大的体型和坚固的骨架著称。它的行动虽然缓慢，但力量惊人，能够在森林中轻松翻越障碍。它的皮毛厚实，提供了良好的保暖，同时也有助于在冬季隐藏在雪地中。这种动物在捕食时通常单独行动，以其独特的策略和耐心著称。这种动物以其强大的体格和坚韧的肌肉而闻名，它能够在森林中翻越险峻的山丘和穿越茂密的树木。它的爪子锋利，适合挖掘和攀爬，使其在同类中脱颖而出。它在同类中最显著的不同之处在于它那独特的力量和耐力，使其成为森林中的顶级捕食者。玩家4说：这种动物是森林的霸主，以其威猛的体态和强大的捕猎能力著称。它在该类动物中最显著的不同之处在于其独特的斑斓花纹，这些花纹有助于它在狩猎时隐蔽身形。这种动物以其敏捷的身手和迅猛的攻击速度在同类中独树一帜。它的身体结构特别适合在丛林中快速移动，它的眼睛敏锐，能够捕捉到远处的猎物。此外，它的感官非常发达，能够感知到微小的动静，这使得它在捕猎时几乎不会受到干扰。这种动物以其卓越的捕猎本能和精准的定位能力在同类中脱颖而出。它的身体覆盖着独特的图案，这些图案在阳光下反射出微妙的光泽，使其在森林中几乎与周围环境融为一体。它的捕猎技巧不仅体现在速度上，更在于其悄无声息的接近和一击必杀的决断力。||在这个游戏中，我们需要通过分析每位玩家的描述来找出卧底。通常，平民的描述会围绕相同的词语展开，而卧底的描述可能会因为词语的不同而显得不太一致。我们需要仔细比较每个描述之间的相似性和差异性，以找出可能的卧底，注意，卧底并不会隐藏自己，他会直接描述他的词语，现在，逐一分析每个玩家的描述，注意，这局游戏的词语分类为<动物>，卧底词和平民词都属于该类。||之前是第3轮描述和之前轮数描述的合集。你之前认为的卧底是玩家2。
2024-12-13 16:09:22,153 - 1 - INFO - **********PLAYER1**********
根据第三轮描述和之前轮数的描述，我的分析如下：

- 玩家1的描述与之前一致，强调了猫科动物的特征，特别是皮毛花纹的独特性和捕猎技巧。
- 玩家2的描述虽然提到了猛禽的特征，但强调了猛禽的统治地位、力量和威严，以及捕猎技巧，这与猛禽的特征相符。
- 玩家3的描述提到了陆生哺乳动物，强调了其强大的体格、力量和耐力，以及捕猎技巧，这些特征更像是熊或其他大型哺乳动物。
- 玩家4的描述再次提到了森林中的霸主，皮毛花纹的独特性，以及敏捷的身手和迅猛的攻击速度，这与猫科动物的特征相符。

综合以上分析，玩家2的描述与猛禽的特征相符，而玩家3的描述与熊或其他大型哺乳动物的特征相符，这两个描述与猫科动物的特征不一致。玩家4的描述虽然与猫科动物的特征相符，但与玩家1的描述相比，没有特别强调皮毛花纹的独特性。

因此，根据描述中的不一致性，玩家2和玩家3可能是卧底。
2024-12-13 16:09:22,158 - 1 - INFO - **********JUDGER**********
你刚刚的分析是根据第三轮描述和之前轮数的描述，我的分析如下：

- 玩家1的描述与之前一致，强调了猫科动物的特征，特别是皮毛花纹的独特性和捕猎技巧。
- 玩家2的描述虽然提到了猛禽的特征，但强调了猛禽的统治地位、力量和威严，以及捕猎技巧，这与猛禽的特征相符。
- 玩家3的描述提到了陆生哺乳动物，强调了其强大的体格、力量和耐力，以及捕猎技巧，这些特征更像是熊或其他大型哺乳动物。
- 玩家4的描述再次提到了森林中的霸主，皮毛花纹的独特性，以及敏捷的身手和迅猛的攻击速度，这与猫科动物的特征相符。

综合以上分析，玩家2的描述与猛禽的特征相符，而玩家3的描述与熊或其他大型哺乳动物的特征相符，这两个描述与猫科动物的特征不一致。玩家4的描述虽然与猫科动物的特征相符，但与玩家1的描述相比，没有特别强调皮毛花纹的独特性。

因此，根据描述中的不一致性，玩家2和玩家3可能是卧底。|| `请根据上述分析，比较描述以找出不一致之处，注意，这局游戏的词语分类为<动物>，卧底词和平民词都属于该类。
2024-12-13 16:09:37,953 - 1 - INFO - **********PLAYER1**********
根据上述分析，我们可以比较描述中的一致性和不一致性如下：

1. 猫科动物与猛禽：
   - 玩家1和玩家4的描述都强调了猫科动物的特征，包括皮毛花纹的独特性和捕猎技巧。
   - 玩家2的描述提到了猛禽的特征，如统治地位、力量、威严、锋利的喙和出色的飞行能力，这与猫科动物的特征不一致。

2. 陆生哺乳动物与猫科动物：
   - 玩家3的描述提到了陆生哺乳动物的特征，如强大的体格、力量、耐力、四肢粗壮、庞大的体型和坚固的骨架，这些特征更像是熊或其他大型哺乳动物，而不是猫科动物。

3. 捕猎技巧和身体特征：
   - 玩家1和玩家4的描述都提到了捕猎技巧和身体结构适合丛林生活。
   - 玩家3的描述虽然也提到了捕猎技巧，但更侧重于力量和耐力，以及适合攀爬和行走的四肢，这与猫科动物的特征不完全一致。

不一致之处总结：
- 玩家2的描述与猫科动物的特征不符，更像是猛禽。
- 玩家3的描述与猫科动物的特征不符，更像是熊或其他大型哺乳动物。
- 玩家4的描述与猫科动物的特征相符，但没有特别强调皮毛花纹的独特性，这是玩家1描述中的一个关键点。

因此，玩家2和玩家3的描述与猫科动物的特征不一致，他们可能是卧底。而玩家4的描述虽然与猫科动物的特征相符，但可能需要进一步的信息来确定其是否为平民。
2024-12-13 16:09:37,956 - 1 - INFO - **********JUDGER**********
你刚刚的分析是根据上述分析，我们可以比较描述中的一致性和不一致性如下：

1. 猫科动物与猛禽：
   - 玩家1和玩家4的描述都强调了猫科动物的特征，包括皮毛花纹的独特性和捕猎技巧。
   - 玩家2的描述提到了猛禽的特征，如统治地位、力量、威严、锋利的喙和出色的飞行能力，这与猫科动物的特征不一致。

2. 陆生哺乳动物与猫科动物：
   - 玩家3的描述提到了陆生哺乳动物的特征，如强大的体格、力量、耐力、四肢粗壮、庞大的体型和坚固的骨架，这些特征更像是熊或其他大型哺乳动物，而不是猫科动物。

3. 捕猎技巧和身体特征：
   - 玩家1和玩家4的描述都提到了捕猎技巧和身体结构适合丛林生活。
   - 玩家3的描述虽然也提到了捕猎技巧，但更侧重于力量和耐力，以及适合攀爬和行走的四肢，这与猫科动物的特征不完全一致。

不一致之处总结：
- 玩家2的描述与猫科动物的特征不符，更像是猛禽。
- 玩家3的描述与猫科动物的特征不符，更像是熊或其他大型哺乳动物。
- 玩家4的描述与猫科动物的特征相符，但没有特别强调皮毛花纹的独特性，这是玩家1描述中的一个关键点。

因此，玩家2和玩家3的描述与猫科动物的特征不一致，他们可能是卧底。而玩家4的描述虽然与猫科动物的特征相符，但可能需要进一步的信息来确定其是否为平民。|| 请通过你分析的不一致之处，推断卧底身份，注意，这局游戏的词语分类为<动物>，卧底词和平民词都属于该类。
2024-12-13 16:09:46,355 - 1 - INFO - **********PLAYER1**********
基于分析的不一致之处，可以推断卧底身份如下：

- 玩家2的描述明确提到了猛禽的特征，如飞行能力、锋利的喙等，这与猫科动物的特征明显不符，因此玩家2很可能是卧底。

- 玩家3的描述虽然提到了陆生哺乳动物的特征，但没有提到与猫科动物明显不同的特征，因此不能确定其是否为卧底。

- 玩家4的描述虽然提到了森林霸主、威猛的体态和强大的捕猎能力，但没有特别强调皮毛花纹的独特性，这是玩家1描述中的一个关键点，因此玩家4也可能是卧底。

综上所述，玩家2的描述与猫科动物的特征不一致，最有可能不是平民，即玩家2是卧底。
2024-12-13 16:09:46,356 - 1 - INFO - **********JUDGER**********
你刚刚的推断是基于分析的不一致之处，可以推断卧底身份如下：

- 玩家2的描述明确提到了猛禽的特征，如飞行能力、锋利的喙等，这与猫科动物的特征明显不符，因此玩家2很可能是卧底。

- 玩家3的描述虽然提到了陆生哺乳动物的特征，但没有提到与猫科动物明显不同的特征，因此不能确定其是否为卧底。

- 玩家4的描述虽然提到了森林霸主、威猛的体态和强大的捕猎能力，但没有特别强调皮毛花纹的独特性，这是玩家1描述中的一个关键点，因此玩家4也可能是卧底。

综上所述，玩家2的描述与猫科动物的特征不一致，最有可能不是平民，即玩家2是卧底。|| 基于你刚刚的推断得出你的最终结论，请输出你认为的卧底，在这种情况下只需要输出编号，是1-4中的某个数字，不要输出其他信息。在这个过程不要进行任何推理，只对||以前的部分进行信息提取
2024-12-13 16:09:47,807 - 1 - INFO - **********PLAYER1**********
2
