2024-12-13 16:04:15,929 - 2 - INFO - **********JUDGER**********
让我们来玩一个叫做<谁是卧底>的推理游戏。基本规则：<人数>：4人。<角色分配>：每位玩家随机抽取一个词语，3名玩家拿到的词语是相同的（平民词），1名玩家拿到与之相近但不同的词语（卧底词）。<游戏流程>：1、玩家轮流描述自己的词语，但<不能>直接说出词语本身。2、描述完毕后，投票选出最像卧底的玩家。3、每轮结束后，被投票选出的玩家出局，不能再进行描述或投票。4、每轮投票结束后，如果卧底被成功找出，平民方获胜；如果卧底未被找出且卧底人数等于或超过平民人数，则卧底方获胜。你将扮演一个<玩家>，请等待你被分配到的关键词。如果你听懂了，只回答，"好的，我准备好参加游戏了"，不要输出别的信息
2024-12-13 16:04:16,763 - 2 - INFO - **********PLAYER2**********
好的，我准备好参加游戏了
2024-12-13 16:04:21,019 - 2 - INFO - **********JUDGER**********
玩家1说：这是一种大型猫科动物，拥有强壮的身体和锋利的爪牙。它在同类中最突出的不同特征是它的皮毛花纹独特，条纹和斑点的图案使其在丛林中非常显眼。玩家2说：玩家3说：玩家4说：|| 你是第2号玩家，你的关键词是<老虎>。你的回答中绝对不能包含你的关键词<老虎>。这是第一轮描述，不需要分析||之前别的玩家的描述，请你描述关键词基本特征，注意，这局游戏的词语分类为<动物>，卧底词和平民词都属于该类，描述包括以下两点，1.他的基本特征是什么2.他在该类（动物）中最突出不同的特征是什么，尽量简短
2024-12-13 16:04:22,698 - 2 - INFO - **********PLAYER2**********
这是一种猛禽，体型庞大，拥有强健的体格和锐利的爪子。它在同类中最显著的特征是锋利的喙和出色的飞行能力。
2024-12-13 16:05:04,477 - 2 - INFO - **********JUDGER**********
玩家1说：这是一种大型猫科动物，拥有强壮的身体和锋利的爪牙。它在同类中最突出的不同特征是它的皮毛花纹独特，条纹和斑点的图案使其在丛林中非常显眼。玩家2说：这是一种猛禽，体型庞大，拥有强健的体格和锐利的爪子。它在同类中最显著的特征是锋利的喙和出色的飞行能力。玩家3说：这是一种陆生哺乳动物，拥有厚实的体魄和强大的力量。它在同类中最独特的地方在于它的四肢粗壮，适合攀爬和行走。玩家4说：||在这个游戏中，我们需要通过分析每位玩家的描述来找出卧底。通常，平民的描述会围绕相同的词语展开，而卧底的描述可能会因为词语的不同而显得不太一致。我们需要仔细比较每个描述之间的相似性和差异性，以找出可能的卧底，注意，卧底并不会隐藏自己，他会直接描述他的词语，现在，逐一分析每个玩家的描述，注意，这局游戏的词语分类为<动物>，卧底词和平民词都属于该类。这是第一轮描述。
2024-12-13 16:05:11,437 - 2 - INFO - **********PLAYER2**********
我注意到玩家1和玩家2的描述都提到了大型猫科动物、强壮的身体、锋利的爪牙以及独特的皮毛花纹，这表明他们可能持有相同的词语。玩家3的描述提到了陆生哺乳动物、厚实的体魄、强大的力量和适合攀爬的四肢，这与前两位玩家的描述不太一致，但仍然符合动物类别的特征。由于我的关键词是老虎，而其他玩家的描述都没有直接提到老虎，我推测我的描述可能与其他人不同，因此我可能会在描述中强调老虎的一些独特特征，比如它是中国文化中的象征，或者是森林之王等，但我会避免直接使用“老虎”这个词。现在，让我们继续游戏，我将尝试描述我的词语。这是一种生活在森林中的动物，以其威严的形象和强大的力量而闻名，它不仅是丛林中的霸主，也是许多文化中的重要象征。
2024-12-13 16:05:11,438 - 2 - INFO - **********JUDGER**********
你刚刚的分析是我注意到玩家1和玩家2的描述都提到了大型猫科动物、强壮的身体、锋利的爪牙以及独特的皮毛花纹，这表明他们可能持有相同的词语。玩家3的描述提到了陆生哺乳动物、厚实的体魄、强大的力量和适合攀爬的四肢，这与前两位玩家的描述不太一致，但仍然符合动物类别的特征。由于我的关键词是老虎，而其他玩家的描述都没有直接提到老虎，我推测我的描述可能与其他人不同，因此我可能会在描述中强调老虎的一些独特特征，比如它是中国文化中的象征，或者是森林之王等，但我会避免直接使用“老虎”这个词。现在，让我们继续游戏，我将尝试描述我的词语。这是一种生活在森林中的动物，以其威严的形象和强大的力量而闻名，它不仅是丛林中的霸主，也是许多文化中的重要象征。|| `请根据上述分析，比较描述以找出不一致之处，注意，这局游戏的词语分类为<动物>，卧底词和平民词都属于该类。
2024-12-13 16:05:31,908 - 2 - INFO - **********PLAYER2**********
根据上述分析，我们可以看到以下几点不一致之处：

1. 玩家1和玩家2的描述都指向了大型猫科动物，具有强壮的身体、锋利的爪牙和独特的皮毛花纹，这表明他们可能是平民，持有相同的词语。

2. 玩家3的描述提到了陆生哺乳动物，拥有厚实的体魄、强大的力量和适合攀爬的四肢，这与玩家1和玩家2的描述不同，但仍然符合动物类别的特征。这可能意味着玩家3是平民，持有与玩家1和玩家2相同的词语，或者是卧底，持有不同的词语。

3. 玩家4的描述没有提供具体信息，只是强调了通过分析描述来找出卧底的重要性，这并没有给出任何关于其关键词的直接线索。

由于我的关键词是老虎，而我的描述中并没有直接提到老虎，而是强调了它的象征意义和威严形象，这与其他玩家描述的猫科动物特征不完全一致。因此，我的描述可能表明我是卧底，持有与老虎不同的动物词语。不一致之处在于：

- 玩家1和玩家2的描述与猫科动物特征高度一致，而我的描述则强调了文化象征而非具体的动物特征。
- 玩家3的描述提到了陆生哺乳动物，但没有具体到老虎，这可能是与我的描述相似之处，也可能是不同之处。

综上所述，玩家3和我的描述可能存在不一致，这可能是我们寻找卧底的关键线索。
2024-12-13 16:05:31,910 - 2 - INFO - **********JUDGER**********
你刚刚的分析是根据上述分析，我们可以看到以下几点不一致之处：

1. 玩家1和玩家2的描述都指向了大型猫科动物，具有强壮的身体、锋利的爪牙和独特的皮毛花纹，这表明他们可能是平民，持有相同的词语。

2. 玩家3的描述提到了陆生哺乳动物，拥有厚实的体魄、强大的力量和适合攀爬的四肢，这与玩家1和玩家2的描述不同，但仍然符合动物类别的特征。这可能意味着玩家3是平民，持有与玩家1和玩家2相同的词语，或者是卧底，持有不同的词语。

3. 玩家4的描述没有提供具体信息，只是强调了通过分析描述来找出卧底的重要性，这并没有给出任何关于其关键词的直接线索。

由于我的关键词是老虎，而我的描述中并没有直接提到老虎，而是强调了它的象征意义和威严形象，这与其他玩家描述的猫科动物特征不完全一致。因此，我的描述可能表明我是卧底，持有与老虎不同的动物词语。不一致之处在于：

- 玩家1和玩家2的描述与猫科动物特征高度一致，而我的描述则强调了文化象征而非具体的动物特征。
- 玩家3的描述提到了陆生哺乳动物，但没有具体到老虎，这可能是与我的描述相似之处，也可能是不同之处。

综上所述，玩家3和我的描述可能存在不一致，这可能是我们寻找卧底的关键线索。|| 请通过你分析的不一致之处，推断卧底身份，注意，这局游戏的词语分类为<动物>，卧底词和平民词都属于该类。
2024-12-13 16:05:45,190 - 2 - INFO - **********PLAYER2**********
基于上述分析，我们可以做出以下推断：

1. 玩家1和玩家2的描述都指向了大型猫科动物，具有相似的描述特征，这强烈暗示他们可能是平民，并且持有相同的词语，即可能是老虎。

2. 玩家3的描述提到了陆生哺乳动物，但没有具体到老虎，这可能是与玩家1和玩家2不同的词语，但也可能是相同的词语，因为描述的动物特征仍然符合动物类别。

3. 玩家4的描述没有提供具体信息，因此无法直接推断其关键词。

考虑到我的关键词是老虎，而我的描述强调了老虎的文化象征和威严形象，而非具体的动物特征，这与其他玩家描述的猫科动物特征不完全一致。因此，我的描述可能表明我是卧底，持有与老虎不同的动物词语。

结合以上信息，以下是我对卧底身份的推断：

- 如果玩家3的描述是与其他玩家不同的词语，那么玩家3很可能是卧底，因为他没有提到与老虎相关的特征，而我的描述虽然也提到了老虎，但更侧重于文化意义，这可能与老虎的动物特征不完全吻合。
- 如果玩家3的描述与老虎的动物特征相符，那么我可能是卧底，因为我的描述虽然提到了老虎，但没有直接涉及老虎的动物特征，而是强调了其象征意义。

因此，根据描述的不一致之处，玩家3可能是卧底，或者是我自己可能是卧底，具体取决于其他玩家的描述是否与老虎的动物特征相符。
2024-12-13 16:05:45,192 - 2 - INFO - **********JUDGER**********
你刚刚的推断是基于上述分析，我们可以做出以下推断：

1. 玩家1和玩家2的描述都指向了大型猫科动物，具有相似的描述特征，这强烈暗示他们可能是平民，并且持有相同的词语，即可能是老虎。

2. 玩家3的描述提到了陆生哺乳动物，但没有具体到老虎，这可能是与玩家1和玩家2不同的词语，但也可能是相同的词语，因为描述的动物特征仍然符合动物类别。

3. 玩家4的描述没有提供具体信息，因此无法直接推断其关键词。

考虑到我的关键词是老虎，而我的描述强调了老虎的文化象征和威严形象，而非具体的动物特征，这与其他玩家描述的猫科动物特征不完全一致。因此，我的描述可能表明我是卧底，持有与老虎不同的动物词语。

结合以上信息，以下是我对卧底身份的推断：

- 如果玩家3的描述是与其他玩家不同的词语，那么玩家3很可能是卧底，因为他没有提到与老虎相关的特征，而我的描述虽然也提到了老虎，但更侧重于文化意义，这可能与老虎的动物特征不完全吻合。
- 如果玩家3的描述与老虎的动物特征相符，那么我可能是卧底，因为我的描述虽然提到了老虎，但没有直接涉及老虎的动物特征，而是强调了其象征意义。

因此，根据描述的不一致之处，玩家3可能是卧底，或者是我自己可能是卧底，具体取决于其他玩家的描述是否与老虎的动物特征相符。|| 基于你刚刚的推断得出你的最终结论，请输出你认为的卧底，在这种情况下只需要输出编号，是1-4中的某个数字，不要输出其他信息。在这个过程不要进行任何推理，只对||以前的部分进行信息提取
2024-12-13 16:05:46,537 - 2 - INFO - **********PLAYER2**********
2
2024-12-13 16:06:49,566 - 2 - INFO - **********JUDGER**********
玩家1说：这是一种大型猫科动物，拥有强壮的身体和锋利的爪牙。它在同类中最突出的不同特征是它的皮毛花纹独特，条纹和斑点的图案使其在丛林中非常显眼。这种动物是丛林中的王者，以其威猛的姿态和强大的狩猎技巧闻名。它的皮毛色彩斑斓，花纹复杂，这些图案不仅使其在狩猎时能够更好地融入环境，还彰显了其尊贵的地位。玩家2说：这是一种猛禽，体型庞大，拥有强健的体格和锐利的爪子。它在同类中最显著的特征是锋利的喙和出色的飞行能力。玩家3说：这是一种陆生哺乳动物，拥有厚实的体魄和强大的力量。它在同类中最独特的地方在于它的四肢粗壮，适合攀爬和行走。玩家4说：这种动物是森林的霸主，以其威猛的体态和强大的捕猎能力著称。它在该类动物中最显著的不同之处在于其独特的斑斓花纹，这些花纹有助于它在狩猎时隐蔽身形。你是第2号玩家，你的关键词是<老虎>。你的回答中绝对不能包含你的关键词<老虎>。这是第二轮描述，你之前的描述是这是一种猛禽，体型庞大，拥有强健的体格和锐利的爪子。它在同类中最显著的特征是锋利的喙和出色的飞行能力。，注意，这局游戏的词语分类为<动物>，卧底词和平民词都属于该类，请你补充关于关键词的描述，注意，你的描述应该比起之前的描述更加贴近关键词，作为之前的补充
2024-12-13 16:06:52,047 - 2 - INFO - **********PLAYER2**********
这种动物是丛林中的统治者，它的力量和威严无人能敌。它的身体强健，步伐沉稳，擅长在隐蔽的环境中悄无声息地接近猎物。它的存在，让整个森林都充满了敬畏。
2024-12-13 16:07:31,040 - 2 - INFO - **********JUDGER**********
玩家1说：这是一种大型猫科动物，拥有强壮的身体和锋利的爪牙。它在同类中最突出的不同特征是它的皮毛花纹独特，条纹和斑点的图案使其在丛林中非常显眼。这种动物是丛林中的王者，以其威猛的姿态和强大的狩猎技巧闻名。它的皮毛色彩斑斓，花纹复杂，这些图案不仅使其在狩猎时能够更好地融入环境，还彰显了其尊贵的地位。玩家2说：这是一种猛禽，体型庞大，拥有强健的体格和锐利的爪子。它在同类中最显著的特征是锋利的喙和出色的飞行能力。这种动物是丛林中的统治者，它的力量和威严无人能敌。它的身体强健，步伐沉稳，擅长在隐蔽的环境中悄无声息地接近猎物。它的存在，让整个森林都充满了敬畏。玩家3说：这是一种陆生哺乳动物，拥有厚实的体魄和强大的力量。它在同类中最独特的地方在于它的四肢粗壮，适合攀爬和行走。这种动物在同类中以其庞大的体型和坚固的骨架著称。它的行动虽然缓慢，但力量惊人，能够在森林中轻松翻越障碍。它的皮毛厚实，提供了良好的保暖，同时也有助于在冬季隐藏在雪地中。这种动物在捕食时通常单独行动，以其独特的策略和耐心著称。玩家4说：这种动物是森林的霸主，以其威猛的体态和强大的捕猎能力著称。它在该类动物中最显著的不同之处在于其独特的斑斓花纹，这些花纹有助于它在狩猎时隐蔽身形。||在这个游戏中，我们需要通过分析每位玩家的描述来找出卧底。通常，平民的描述会围绕相同的词语展开，而卧底的描述可能会因为词语的不同而显得不太一致。我们需要仔细比较每个描述之间的相似性和差异性，以找出可能的卧底，注意，卧底并不会隐藏自己，他会直接描述他的词语，现在，逐一分析每个玩家的描述，注意，这局游戏的词语分类为<动物>，卧底词和平民词都属于该类。||之前是第2轮描述和之前轮数描述的合集。你之前认为的卧底是玩家2。
2024-12-13 16:07:31,973 - 2 - INFO - **********PLAYER2**********
2
2024-12-13 16:07:31,973 - 2 - INFO - **********JUDGER**********
你刚刚的分析是2|| `请根据上述分析，比较描述以找出不一致之处，注意，这局游戏的词语分类为<动物>，卧底词和平民词都属于该类。
2024-12-13 16:07:58,067 - 2 - INFO - **********PLAYER2**********
根据上述分析，我们可以比较每位玩家的描述，寻找不一致之处：

1. 玩家1的描述强调的是一种大型猫科动物，具有独特的皮毛花纹，是丛林中的王者，以威猛的姿态和强大的狩猎技巧闻名。

2. 玩家2的描述提到的是一种猛禽，体型庞大，拥有锋利的喙和出色的飞行能力，同样是丛林中的统治者，以力量和威严著称。

3. 玩家3的描述描述的是一种陆生哺乳动物，拥有厚实的体魄和强大的力量，四肢粗壮，适合攀爬和行走，以其庞大的体型和坚固的骨架著称。

4. 玩家4的描述与玩家1和玩家3有相似之处，提到的是森林的霸主，具有威猛的体态和强大的捕猎能力，以及独特的斑斓花纹。

不一致之处：

- 玩家1和玩家4的描述都提到了皮毛花纹，而玩家2和玩家3没有提到这一点。
- 玩家2的描述特别强调了猛禽的飞行能力和喙，这与玩家1、3和4的描述不符。
- 玩家3的描述提到了陆生哺乳动物的特征，如适合攀爬和行走的四肢，而其他玩家没有提到这一点。

基于这些不一致之处，我们可以推测玩家2可能是卧底，因为他描述的特征与其他玩家描述的动物特征不一致。
2024-12-13 16:07:58,069 - 2 - INFO - **********JUDGER**********
你刚刚的分析是根据上述分析，我们可以比较每位玩家的描述，寻找不一致之处：

1. 玩家1的描述强调的是一种大型猫科动物，具有独特的皮毛花纹，是丛林中的王者，以威猛的姿态和强大的狩猎技巧闻名。

2. 玩家2的描述提到的是一种猛禽，体型庞大，拥有锋利的喙和出色的飞行能力，同样是丛林中的统治者，以力量和威严著称。

3. 玩家3的描述描述的是一种陆生哺乳动物，拥有厚实的体魄和强大的力量，四肢粗壮，适合攀爬和行走，以其庞大的体型和坚固的骨架著称。

4. 玩家4的描述与玩家1和玩家3有相似之处，提到的是森林的霸主，具有威猛的体态和强大的捕猎能力，以及独特的斑斓花纹。

不一致之处：

- 玩家1和玩家4的描述都提到了皮毛花纹，而玩家2和玩家3没有提到这一点。
- 玩家2的描述特别强调了猛禽的飞行能力和喙，这与玩家1、3和4的描述不符。
- 玩家3的描述提到了陆生哺乳动物的特征，如适合攀爬和行走的四肢，而其他玩家没有提到这一点。

基于这些不一致之处，我们可以推测玩家2可能是卧底，因为他描述的特征与其他玩家描述的动物特征不一致。|| 请通过你分析的不一致之处，推断卧底身份，注意，这局游戏的词语分类为<动物>，卧底词和平民词都属于该类。
2024-12-13 16:07:59,911 - 2 - INFO - **********PLAYER2**********
2
2024-12-13 16:07:59,911 - 2 - INFO - **********JUDGER**********
你刚刚的推断是2|| 基于你刚刚的推断得出你的最终结论，请输出你认为的卧底，在这种情况下只需要输出编号，是1-4中的某个数字，不要输出其他信息。在这个过程不要进行任何推理，只对||以前的部分进行信息提取
2024-12-13 16:08:00,925 - 2 - INFO - **********PLAYER2**********
2
2024-12-13 16:08:50,531 - 2 - INFO - **********JUDGER**********
玩家1说：这是一种大型猫科动物，拥有强壮的身体和锋利的爪牙。它在同类中最突出的不同特征是它的皮毛花纹独特，条纹和斑点的图案使其在丛林中非常显眼。这种动物是丛林中的王者，以其威猛的姿态和强大的狩猎技巧闻名。它的皮毛色彩斑斓，花纹复杂，这些图案不仅使其在狩猎时能够更好地融入环境，还彰显了其尊贵的地位。这种动物在同类中以其独特的条纹和斑点花纹而著称，这些花纹在阳光下闪耀，使其在丛林中显得格外醒目。它的体型庞大，肌肉发达，能够在森林中悄无声息地潜行，捕猎技巧高超，是丛林中的顶级猎手。玩家2说：这是一种猛禽，体型庞大，拥有强健的体格和锐利的爪子。它在同类中最显著的特征是锋利的喙和出色的飞行能力。这种动物是丛林中的统治者，它的力量和威严无人能敌。它的身体强健，步伐沉稳，擅长在隐蔽的环境中悄无声息地接近猎物。它的存在，让整个森林都充满了敬畏。玩家3说：这是一种陆生哺乳动物，拥有厚实的体魄和强大的力量。它在同类中最独特的地方在于它的四肢粗壮，适合攀爬和行走。这种动物在同类中以其庞大的体型和坚固的骨架著称。它的行动虽然缓慢，但力量惊人，能够在森林中轻松翻越障碍。它的皮毛厚实，提供了良好的保暖，同时也有助于在冬季隐藏在雪地中。这种动物在捕食时通常单独行动，以其独特的策略和耐心著称。玩家4说：这种动物是森林的霸主，以其威猛的体态和强大的捕猎能力著称。它在该类动物中最显著的不同之处在于其独特的斑斓花纹，这些花纹有助于它在狩猎时隐蔽身形。这种动物以其敏捷的身手和迅猛的攻击速度在同类中独树一帜。它的身体结构特别适合在丛林中快速移动，它的眼睛敏锐，能够捕捉到远处的猎物。此外，它的感官非常发达，能够感知到微小的动静，这使得它在捕猎时几乎不会受到干扰。你是第2号玩家，你的关键词是<老虎>。你的回答中绝对不能包含你的关键词<老虎>。这是第三轮描述，你之前的描述是这是一种猛禽，体型庞大，拥有强健的体格和锐利的爪子。它在同类中最显著的特征是锋利的喙和出色的飞行能力。和这种动物是丛林中的统治者，它的力量和威严无人能敌。它的身体强健，步伐沉稳，擅长在隐蔽的环境中悄无声息地接近猎物。它的存在，让整个森林都充满了敬畏。，注意，这局游戏的词语分类为<动物>，卧底词和平民词都属于该类，请你补充关于关键词的描述，注意，你的描述应该比起之前的描述更加贴近关键词，作为之前的补充
2024-12-13 16:08:54,418 - 2 - INFO - **********PLAYER2**********
这种动物是森林中的隐秘统治者，它以其无声的威严和不可一世的气势统治着丛林。它的身躯强健，力量惊人，能够在密林中悄无声息地穿行，捕猎技巧高超，是丛林中的顶级猎手。它的存在，让所有生物都对其敬畏三分。
2024-12-13 16:09:47,807 - 2 - INFO - **********JUDGER**********
玩家1说：这是一种大型猫科动物，拥有强壮的身体和锋利的爪牙。它在同类中最突出的不同特征是它的皮毛花纹独特，条纹和斑点的图案使其在丛林中非常显眼。这种动物是丛林中的王者，以其威猛的姿态和强大的狩猎技巧闻名。它的皮毛色彩斑斓，花纹复杂，这些图案不仅使其在狩猎时能够更好地融入环境，还彰显了其尊贵的地位。这种动物在同类中以其独特的条纹和斑点花纹而著称，这些花纹在阳光下闪耀，使其在丛林中显得格外醒目。它的体型庞大，肌肉发达，能够在森林中悄无声息地潜行，捕猎技巧高超，是丛林中的顶级猎手。玩家2说：这是一种猛禽，体型庞大，拥有强健的体格和锐利的爪子。它在同类中最显著的特征是锋利的喙和出色的飞行能力。这种动物是丛林中的统治者，它的力量和威严无人能敌。它的身体强健，步伐沉稳，擅长在隐蔽的环境中悄无声息地接近猎物。它的存在，让整个森林都充满了敬畏。这种动物是森林中的隐秘统治者，它以其无声的威严和不可一世的气势统治着丛林。它的身躯强健，力量惊人，能够在密林中悄无声息地穿行，捕猎技巧高超，是丛林中的顶级猎手。它的存在，让所有生物都对其敬畏三分。玩家3说：这是一种陆生哺乳动物，拥有厚实的体魄和强大的力量。它在同类中最独特的地方在于它的四肢粗壮，适合攀爬和行走。这种动物在同类中以其庞大的体型和坚固的骨架著称。它的行动虽然缓慢，但力量惊人，能够在森林中轻松翻越障碍。它的皮毛厚实，提供了良好的保暖，同时也有助于在冬季隐藏在雪地中。这种动物在捕食时通常单独行动，以其独特的策略和耐心著称。这种动物以其强大的体格和坚韧的肌肉而闻名，它能够在森林中翻越险峻的山丘和穿越茂密的树木。它的爪子锋利，适合挖掘和攀爬，使其在同类中脱颖而出。它在同类中最显著的不同之处在于它那独特的力量和耐力，使其成为森林中的顶级捕食者。玩家4说：这种动物是森林的霸主，以其威猛的体态和强大的捕猎能力著称。它在该类动物中最显著的不同之处在于其独特的斑斓花纹，这些花纹有助于它在狩猎时隐蔽身形。这种动物以其敏捷的身手和迅猛的攻击速度在同类中独树一帜。它的身体结构特别适合在丛林中快速移动，它的眼睛敏锐，能够捕捉到远处的猎物。此外，它的感官非常发达，能够感知到微小的动静，这使得它在捕猎时几乎不会受到干扰。这种动物以其卓越的捕猎本能和精准的定位能力在同类中脱颖而出。它的身体覆盖着独特的图案，这些图案在阳光下反射出微妙的光泽，使其在森林中几乎与周围环境融为一体。它的捕猎技巧不仅体现在速度上，更在于其悄无声息的接近和一击必杀的决断力。||在这个游戏中，我们需要通过分析每位玩家的描述来找出卧底。通常，平民的描述会围绕相同的词语展开，而卧底的描述可能会因为词语的不同而显得不太一致。我们需要仔细比较每个描述之间的相似性和差异性，以找出可能的卧底，注意，卧底并不会隐藏自己，他会直接描述他的词语，现在，逐一分析每个玩家的描述，注意，这局游戏的词语分类为<动物>，卧底词和平民词都属于该类。||之前是第3轮描述和之前轮数描述的合集。你之前认为的卧底是玩家2。
2024-12-13 16:09:48,886 - 2 - INFO - **********PLAYER2**********
2
2024-12-13 16:09:48,887 - 2 - INFO - **********JUDGER**********
你刚刚的分析是2|| `请根据上述分析，比较描述以找出不一致之处，注意，这局游戏的词语分类为<动物>，卧底词和平民词都属于该类。
2024-12-13 16:10:02,621 - 2 - INFO - **********PLAYER2**********
在比较四位玩家的描述时，我们可以找出以下不一致之处：

1. 玩家1和玩家2的描述都提到了动物是丛林中的统治者，拥有强健的体格和捕猎技巧，以及独特的花纹有助于隐蔽身形。这些描述与玩家4的描述有相似之处。

2. 玩家3的描述则提到了动物是陆生哺乳动物，拥有厚实的体魄、强大的力量、粗壮的四肢，适合攀爬和行走，以及独特的力量和耐力。这些特征与玩家1、2、4的描述不太一致。

3. 玩家4的描述与玩家1、2的描述在强调动物是丛林中的霸主、拥有强大的捕猎能力和独特的花纹方面相似，但玩家4的描述更加强调了动物的敏捷身手、迅猛攻击速度、敏锐的眼睛和发达的感官。

不一致之处总结：

- 玩家3的描述与其他玩家的描述在动物的特征和习性上存在较大差异，尤其是提到的是陆生哺乳动物的特征，而其他玩家描述的更像是猫科动物或猛禽的特征。
- 玩家4的描述虽然与玩家1、2有相似之处，但在某些细节上有所不同，如强调敏捷身手和迅猛攻击速度。

基于这些不一致之处，玩家3的描述与群体中的描述最为不同，而玩家4的描述虽然有所不同，但在某些方面仍然与玩家1、2的描述保持一致。因此，玩家3的描述可能是不一致的，可能是卧底。
2024-12-13 16:10:02,623 - 2 - INFO - **********JUDGER**********
你刚刚的分析是在比较四位玩家的描述时，我们可以找出以下不一致之处：

1. 玩家1和玩家2的描述都提到了动物是丛林中的统治者，拥有强健的体格和捕猎技巧，以及独特的花纹有助于隐蔽身形。这些描述与玩家4的描述有相似之处。

2. 玩家3的描述则提到了动物是陆生哺乳动物，拥有厚实的体魄、强大的力量、粗壮的四肢，适合攀爬和行走，以及独特的力量和耐力。这些特征与玩家1、2、4的描述不太一致。

3. 玩家4的描述与玩家1、2的描述在强调动物是丛林中的霸主、拥有强大的捕猎能力和独特的花纹方面相似，但玩家4的描述更加强调了动物的敏捷身手、迅猛攻击速度、敏锐的眼睛和发达的感官。

不一致之处总结：

- 玩家3的描述与其他玩家的描述在动物的特征和习性上存在较大差异，尤其是提到的是陆生哺乳动物的特征，而其他玩家描述的更像是猫科动物或猛禽的特征。
- 玩家4的描述虽然与玩家1、2有相似之处，但在某些细节上有所不同，如强调敏捷身手和迅猛攻击速度。

基于这些不一致之处，玩家3的描述与群体中的描述最为不同，而玩家4的描述虽然有所不同，但在某些方面仍然与玩家1、2的描述保持一致。因此，玩家3的描述可能是不一致的，可能是卧底。|| 请通过你分析的不一致之处，推断卧底身份，注意，这局游戏的词语分类为<动物>，卧底词和平民词都属于该类。
2024-12-13 16:10:03,962 - 2 - INFO - **********PLAYER2**********
3
2024-12-13 16:10:03,963 - 2 - INFO - **********JUDGER**********
你刚刚的推断是3|| 基于你刚刚的推断得出你的最终结论，请输出你认为的卧底，在这种情况下只需要输出编号，是1-4中的某个数字，不要输出其他信息。在这个过程不要进行任何推理，只对||以前的部分进行信息提取
2024-12-13 16:10:05,959 - 2 - INFO - **********PLAYER2**********
3
