2024-12-13 16:04:17,229 - 3 - INFO - **********JUDGER**********
让我们来玩一个叫做<谁是卧底>的推理游戏。基本规则：<人数>：4人。<角色分配>：每位玩家随机抽取一个词语，3名玩家拿到的词语是相同的（平民词），1名玩家拿到与之相近但不同的词语（卧底词）。<游戏流程>：1、玩家轮流描述自己的词语，但<不能>直接说出词语本身。2、描述完毕后，投票选出最像卧底的玩家。3、每轮结束后，被投票选出的玩家出局，不能再进行描述或投票。4、每轮投票结束后，如果卧底被成功找出，平民方获胜；如果卧底未被找出且卧底人数等于或超过平民人数，则卧底方获胜。你将扮演一个<玩家>，请等待你被分配到的关键词。如果你听懂了，只回答，"好的，我准备好参加游戏了"，不要输出别的信息
2024-12-13 16:04:18,021 - 3 - INFO - **********PLAYER3**********
好的，我准备好参加游戏了
2024-12-13 16:04:22,698 - 3 - INFO - **********JUDGER**********
玩家1说：这是一种大型猫科动物，拥有强壮的身体和锋利的爪牙。它在同类中最突出的不同特征是它的皮毛花纹独特，条纹和斑点的图案使其在丛林中非常显眼。玩家2说：这是一种猛禽，体型庞大，拥有强健的体格和锐利的爪子。它在同类中最显著的特征是锋利的喙和出色的飞行能力。玩家3说：玩家4说：|| 你是第3号玩家，你的关键词是<熊>。你的回答中绝对不能包含你的关键词<熊>。这是第一轮描述，不需要分析||之前别的玩家的描述，请你描述关键词基本特征，注意，这局游戏的词语分类为<动物>，卧底词和平民词都属于该类，描述包括以下两点，1.他的基本特征是什么2.他在该类（动物）中最突出不同的特征是什么，尽量简短
2024-12-13 16:04:24,356 - 3 - INFO - **********PLAYER3**********
这是一种陆生哺乳动物，拥有厚实的体魄和强大的力量。它在同类中最独特的地方在于它的四肢粗壮，适合攀爬和行走。
2024-12-13 16:05:46,537 - 3 - INFO - **********JUDGER**********
玩家1说：这是一种大型猫科动物，拥有强壮的身体和锋利的爪牙。它在同类中最突出的不同特征是它的皮毛花纹独特，条纹和斑点的图案使其在丛林中非常显眼。玩家2说：这是一种猛禽，体型庞大，拥有强健的体格和锐利的爪子。它在同类中最显著的特征是锋利的喙和出色的飞行能力。玩家3说：这是一种陆生哺乳动物，拥有厚实的体魄和强大的力量。它在同类中最独特的地方在于它的四肢粗壮，适合攀爬和行走。玩家4说：||在这个游戏中，我们需要通过分析每位玩家的描述来找出卧底。通常，平民的描述会围绕相同的词语展开，而卧底的描述可能会因为词语的不同而显得不太一致。我们需要仔细比较每个描述之间的相似性和差异性，以找出可能的卧底，注意，卧底并不会隐藏自己，他会直接描述他的词语，现在，逐一分析每个玩家的描述，注意，这局游戏的词语分类为<动物>，卧底词和平民词都属于该类。这是第一轮描述。
2024-12-13 16:05:55,326 - 3 - INFO - **********PLAYER3**********
玩家1的描述提到了“大型猫科动物”、“皮毛花纹独特”和“条纹和斑点”，这与“豹”的特征相符。

玩家2的描述提到了“猛禽”、“体型庞大”和“锋利的喙”，这指向了“鹰”的特征。

玩家3的描述提到了“陆生哺乳动物”、“厚实的体魄”和“四肢粗壮”，这与“熊”的特征相吻合。

由于玩家4的描述没有具体信息，我们无法直接判断其关键词。

根据描述的相似性，玩家1、玩家2和玩家3的描述都指向了具体的动物，而玩家4没有提供具体的描述，这可能意味着玩家4是卧底，因为卧底通常会避免过于明显的描述以隐藏自己的身份。然而，这只是一个猜测，需要进一步的信息来确定。
2024-12-13 16:05:55,328 - 3 - INFO - **********JUDGER**********
你刚刚的分析是玩家1的描述提到了“大型猫科动物”、“皮毛花纹独特”和“条纹和斑点”，这与“豹”的特征相符。

玩家2的描述提到了“猛禽”、“体型庞大”和“锋利的喙”，这指向了“鹰”的特征。

玩家3的描述提到了“陆生哺乳动物”、“厚实的体魄”和“四肢粗壮”，这与“熊”的特征相吻合。

由于玩家4的描述没有具体信息，我们无法直接判断其关键词。

根据描述的相似性，玩家1、玩家2和玩家3的描述都指向了具体的动物，而玩家4没有提供具体的描述，这可能意味着玩家4是卧底，因为卧底通常会避免过于明显的描述以隐藏自己的身份。然而，这只是一个猜测，需要进一步的信息来确定。|| `请根据上述分析，比较描述以找出不一致之处，注意，这局游戏的词语分类为<动物>，卧底词和平民词都属于该类。
2024-12-13 16:06:03,350 - 3 - INFO - **********PLAYER3**********
根据上述分析，我们可以比较描述中的一致性和不一致性如下：

一致之处：
- 所有玩家的描述都集中在动物的特征上，没有提到任何与动物无关的描述。
- 描述都包含了动物的基本特征，如体型、力量、四肢等。

不一致之处：
- 玩家1、玩家2和玩家3的描述都指向了具体的动物（豹、鹰、熊），而玩家4没有提供具体的描述，这使得玩家4的描述与其他玩家有所不同。
- 玩家1和玩家3的描述都提到了动物的体格和力量，而玩家2的描述则强调了体型和飞行能力，这与“鹰”的特征更为吻合。
- 玩家1和玩家3的描述都提到了动物的外貌特征（皮毛花纹、四肢），而玩家2的描述则没有提及外貌特征，这可能是由于“鹰”通常不会用皮毛花纹来描述。

基于这些不一致之处，玩家4的描述可能是与其他玩家不同的，这增加了玩家4是卧底的可能性。然而，由于没有具体的描述，这个结论仍然是一个猜测。需要更多的信息或者进一步的描述来确认。
2024-12-13 16:06:03,351 - 3 - INFO - **********JUDGER**********
你刚刚的分析是根据上述分析，我们可以比较描述中的一致性和不一致性如下：

一致之处：
- 所有玩家的描述都集中在动物的特征上，没有提到任何与动物无关的描述。
- 描述都包含了动物的基本特征，如体型、力量、四肢等。

不一致之处：
- 玩家1、玩家2和玩家3的描述都指向了具体的动物（豹、鹰、熊），而玩家4没有提供具体的描述，这使得玩家4的描述与其他玩家有所不同。
- 玩家1和玩家3的描述都提到了动物的体格和力量，而玩家2的描述则强调了体型和飞行能力，这与“鹰”的特征更为吻合。
- 玩家1和玩家3的描述都提到了动物的外貌特征（皮毛花纹、四肢），而玩家2的描述则没有提及外貌特征，这可能是由于“鹰”通常不会用皮毛花纹来描述。

基于这些不一致之处，玩家4的描述可能是与其他玩家不同的，这增加了玩家4是卧底的可能性。然而，由于没有具体的描述，这个结论仍然是一个猜测。需要更多的信息或者进一步的描述来确认。|| 请通过你分析的不一致之处，推断卧底身份，注意，这局游戏的词语分类为<动物>，卧底词和平民词都属于该类。
2024-12-13 16:06:14,300 - 3 - INFO - **********PLAYER3**********
基于上述分析的不一致之处，我们可以进行以下推断：

- 玩家1、玩家2和玩家3的描述都指向了具体的动物（豹、鹰、熊），这表明他们可能持有相同的平民词。
- 玩家2的描述提到了“猛禽”、“体型庞大”和“锋利的喙”，这与“鹰”的特征非常吻合，而且没有提到外貌特征，这与“鹰”的描述相一致。
- 玩家1的描述提到了“大型猫科动物”、“皮毛花纹独特”和“条纹和斑点”，这更符合“豹”的特征。
- 玩家3的描述提到了“陆生哺乳动物”、“厚实的体魄”和“四肢粗壮”，这与“熊”的特征相符。

由于玩家4没有提供具体的描述，这与其他三位玩家的具体动物描述形成了对比。结合所有信息，玩家4可能是卧底，因为他们的描述缺乏具体指向性，而且没有与其他玩家的描述形成明显的共同点。

考虑到游戏词语分类为<动物>，且玩家1、玩家2和玩家3的描述都指向了具体的动物，玩家4没有提供具体描述的可能性更高，因此可以推断玩家4是卧底。然而，这仍然是一个基于描述的不完全推断，实际的游戏结果可能需要更多的描述和分析来确定。
2024-12-13 16:06:14,305 - 3 - INFO - **********JUDGER**********
你刚刚的推断是基于上述分析的不一致之处，我们可以进行以下推断：

- 玩家1、玩家2和玩家3的描述都指向了具体的动物（豹、鹰、熊），这表明他们可能持有相同的平民词。
- 玩家2的描述提到了“猛禽”、“体型庞大”和“锋利的喙”，这与“鹰”的特征非常吻合，而且没有提到外貌特征，这与“鹰”的描述相一致。
- 玩家1的描述提到了“大型猫科动物”、“皮毛花纹独特”和“条纹和斑点”，这更符合“豹”的特征。
- 玩家3的描述提到了“陆生哺乳动物”、“厚实的体魄”和“四肢粗壮”，这与“熊”的特征相符。

由于玩家4没有提供具体的描述，这与其他三位玩家的具体动物描述形成了对比。结合所有信息，玩家4可能是卧底，因为他们的描述缺乏具体指向性，而且没有与其他玩家的描述形成明显的共同点。

考虑到游戏词语分类为<动物>，且玩家1、玩家2和玩家3的描述都指向了具体的动物，玩家4没有提供具体描述的可能性更高，因此可以推断玩家4是卧底。然而，这仍然是一个基于描述的不完全推断，实际的游戏结果可能需要更多的描述和分析来确定。|| 基于你刚刚的推断得出你的最终结论，请输出你认为的卧底，在这种情况下只需要输出编号，是1-4中的某个数字，不要输出其他信息。在这个过程不要进行任何推理，只对||以前的部分进行信息提取
2024-12-13 16:06:15,288 - 3 - INFO - **********PLAYER3**********
4
2024-12-13 16:06:52,048 - 3 - INFO - **********JUDGER**********
玩家1说：这是一种大型猫科动物，拥有强壮的身体和锋利的爪牙。它在同类中最突出的不同特征是它的皮毛花纹独特，条纹和斑点的图案使其在丛林中非常显眼。这种动物是丛林中的王者，以其威猛的姿态和强大的狩猎技巧闻名。它的皮毛色彩斑斓，花纹复杂，这些图案不仅使其在狩猎时能够更好地融入环境，还彰显了其尊贵的地位。玩家2说：这是一种猛禽，体型庞大，拥有强健的体格和锐利的爪子。它在同类中最显著的特征是锋利的喙和出色的飞行能力。这种动物是丛林中的统治者，它的力量和威严无人能敌。它的身体强健，步伐沉稳，擅长在隐蔽的环境中悄无声息地接近猎物。它的存在，让整个森林都充满了敬畏。玩家3说：这是一种陆生哺乳动物，拥有厚实的体魄和强大的力量。它在同类中最独特的地方在于它的四肢粗壮，适合攀爬和行走。玩家4说：这种动物是森林的霸主，以其威猛的体态和强大的捕猎能力著称。它在该类动物中最显著的不同之处在于其独特的斑斓花纹，这些花纹有助于它在狩猎时隐蔽身形。你是第3号玩家，你的关键词是<熊>。你的回答中绝对不能包含你的关键词<熊>。这是第二轮描述，你之前的描述是这是一种陆生哺乳动物，拥有厚实的体魄和强大的力量。它在同类中最独特的地方在于它的四肢粗壮，适合攀爬和行走。，注意，这局游戏的词语分类为<动物>，卧底词和平民词都属于该类，请你补充关于关键词的描述，注意，你的描述应该比起之前的描述更加贴近关键词，作为之前的补充
2024-12-13 16:06:55,141 - 3 - INFO - **********PLAYER3**********
这种动物在同类中以其庞大的体型和坚固的骨架著称。它的行动虽然缓慢，但力量惊人，能够在森林中轻松翻越障碍。它的皮毛厚实，提供了良好的保暖，同时也有助于在冬季隐藏在雪地中。这种动物在捕食时通常单独行动，以其独特的策略和耐心著称。
2024-12-13 16:08:00,926 - 3 - INFO - **********JUDGER**********
玩家1说：这是一种大型猫科动物，拥有强壮的身体和锋利的爪牙。它在同类中最突出的不同特征是它的皮毛花纹独特，条纹和斑点的图案使其在丛林中非常显眼。这种动物是丛林中的王者，以其威猛的姿态和强大的狩猎技巧闻名。它的皮毛色彩斑斓，花纹复杂，这些图案不仅使其在狩猎时能够更好地融入环境，还彰显了其尊贵的地位。玩家2说：这是一种猛禽，体型庞大，拥有强健的体格和锐利的爪子。它在同类中最显著的特征是锋利的喙和出色的飞行能力。这种动物是丛林中的统治者，它的力量和威严无人能敌。它的身体强健，步伐沉稳，擅长在隐蔽的环境中悄无声息地接近猎物。它的存在，让整个森林都充满了敬畏。玩家3说：这是一种陆生哺乳动物，拥有厚实的体魄和强大的力量。它在同类中最独特的地方在于它的四肢粗壮，适合攀爬和行走。这种动物在同类中以其庞大的体型和坚固的骨架著称。它的行动虽然缓慢，但力量惊人，能够在森林中轻松翻越障碍。它的皮毛厚实，提供了良好的保暖，同时也有助于在冬季隐藏在雪地中。这种动物在捕食时通常单独行动，以其独特的策略和耐心著称。玩家4说：这种动物是森林的霸主，以其威猛的体态和强大的捕猎能力著称。它在该类动物中最显著的不同之处在于其独特的斑斓花纹，这些花纹有助于它在狩猎时隐蔽身形。||在这个游戏中，我们需要通过分析每位玩家的描述来找出卧底。通常，平民的描述会围绕相同的词语展开，而卧底的描述可能会因为词语的不同而显得不太一致。我们需要仔细比较每个描述之间的相似性和差异性，以找出可能的卧底，注意，卧底并不会隐藏自己，他会直接描述他的词语，现在，逐一分析每个玩家的描述，注意，这局游戏的词语分类为<动物>，卧底词和平民词都属于该类。||之前是第2轮描述和之前轮数描述的合集。你之前认为的卧底是玩家4。
2024-12-13 16:08:02,475 - 3 - INFO - **********PLAYER3**********
玩家4
2024-12-13 16:08:02,476 - 3 - INFO - **********JUDGER**********
你刚刚的分析是玩家4|| `请根据上述分析，比较描述以找出不一致之处，注意，这局游戏的词语分类为<动物>，卧底词和平民词都属于该类。
2024-12-13 16:08:17,014 - 3 - INFO - **********PLAYER3**********
在比较四位玩家的描述后，以下是不一致之处：

1. 玩家1和玩家3的描述都提到了动物是丛林中的王者或霸主，以及其独特的皮毛花纹。这与“豹”和“熊”的特征相符，但与玩家4的描述有所不同，因为玩家4也提到了斑斓花纹，但没有明确指出是丛林中的王者。

2. 玩家2的描述中，动物被描述为猛禽，拥有出色的飞行能力和沉稳的步伐，这与“鹰”的特征相符。然而，玩家2的描述中提到了“丛林中的统治者”和“让整个森林都充满了敬畏”，这与“鹰”通常在空中捕食的习性不符，因为鹰通常不在地面上捕猎。

3. 玩家3的描述中，动物被描述为拥有厚实的体魄、强大的力量、适合攀爬和行走的四肢，以及庞大的体型和坚固的骨架。这些特征与“熊”的特征相符，但与玩家4的描述中提到的“独特的斑斓花纹”和“狩猎时隐蔽身形”有所不同。

4. 玩家4的描述中，动物被描述为森林的霸主，拥有威猛的体态和强大的捕猎能力，以及独特的斑斓花纹，这些花纹有助于在狩猎时隐蔽身形。这些特征与“豹”和“熊”的特征都有相似之处，但描述中没有提到动物的体型、力量或四肢特征，这与玩家3的描述形成对比。

基于这些不一致之处，玩家2的描述与“鹰”的特征最为吻合，但描述中的“丛林中的统治者”和“让整个森林都充满了敬畏”可能是一个误导，因为鹰通常不在地面上捕猎。因此，玩家2的描述可能存在不一致性，这增加了他是卧底的可能性。
2024-12-13 16:08:17,015 - 3 - INFO - **********JUDGER**********
你刚刚的分析是在比较四位玩家的描述后，以下是不一致之处：

1. 玩家1和玩家3的描述都提到了动物是丛林中的王者或霸主，以及其独特的皮毛花纹。这与“豹”和“熊”的特征相符，但与玩家4的描述有所不同，因为玩家4也提到了斑斓花纹，但没有明确指出是丛林中的王者。

2. 玩家2的描述中，动物被描述为猛禽，拥有出色的飞行能力和沉稳的步伐，这与“鹰”的特征相符。然而，玩家2的描述中提到了“丛林中的统治者”和“让整个森林都充满了敬畏”，这与“鹰”通常在空中捕食的习性不符，因为鹰通常不在地面上捕猎。

3. 玩家3的描述中，动物被描述为拥有厚实的体魄、强大的力量、适合攀爬和行走的四肢，以及庞大的体型和坚固的骨架。这些特征与“熊”的特征相符，但与玩家4的描述中提到的“独特的斑斓花纹”和“狩猎时隐蔽身形”有所不同。

4. 玩家4的描述中，动物被描述为森林的霸主，拥有威猛的体态和强大的捕猎能力，以及独特的斑斓花纹，这些花纹有助于在狩猎时隐蔽身形。这些特征与“豹”和“熊”的特征都有相似之处，但描述中没有提到动物的体型、力量或四肢特征，这与玩家3的描述形成对比。

基于这些不一致之处，玩家2的描述与“鹰”的特征最为吻合，但描述中的“丛林中的统治者”和“让整个森林都充满了敬畏”可能是一个误导，因为鹰通常不在地面上捕猎。因此，玩家2的描述可能存在不一致性，这增加了他是卧底的可能性。|| 请通过你分析的不一致之处，推断卧底身份，注意，这局游戏的词语分类为<动物>，卧底词和平民词都属于该类。
2024-12-13 16:08:18,484 - 3 - INFO - **********PLAYER3**********
玩家2
2024-12-13 16:08:18,485 - 3 - INFO - **********JUDGER**********
你刚刚的推断是玩家2|| 基于你刚刚的推断得出你的最终结论，请输出你认为的卧底，在这种情况下只需要输出编号，是1-4中的某个数字，不要输出其他信息。在这个过程不要进行任何推理，只对||以前的部分进行信息提取
2024-12-13 16:08:20,441 - 3 - INFO - **********PLAYER3**********
2
2024-12-13 16:08:54,418 - 3 - INFO - **********JUDGER**********
玩家1说：这是一种大型猫科动物，拥有强壮的身体和锋利的爪牙。它在同类中最突出的不同特征是它的皮毛花纹独特，条纹和斑点的图案使其在丛林中非常显眼。这种动物是丛林中的王者，以其威猛的姿态和强大的狩猎技巧闻名。它的皮毛色彩斑斓，花纹复杂，这些图案不仅使其在狩猎时能够更好地融入环境，还彰显了其尊贵的地位。这种动物在同类中以其独特的条纹和斑点花纹而著称，这些花纹在阳光下闪耀，使其在丛林中显得格外醒目。它的体型庞大，肌肉发达，能够在森林中悄无声息地潜行，捕猎技巧高超，是丛林中的顶级猎手。玩家2说：这是一种猛禽，体型庞大，拥有强健的体格和锐利的爪子。它在同类中最显著的特征是锋利的喙和出色的飞行能力。这种动物是丛林中的统治者，它的力量和威严无人能敌。它的身体强健，步伐沉稳，擅长在隐蔽的环境中悄无声息地接近猎物。它的存在，让整个森林都充满了敬畏。这种动物是森林中的隐秘统治者，它以其无声的威严和不可一世的气势统治着丛林。它的身躯强健，力量惊人，能够在密林中悄无声息地穿行，捕猎技巧高超，是丛林中的顶级猎手。它的存在，让所有生物都对其敬畏三分。玩家3说：这是一种陆生哺乳动物，拥有厚实的体魄和强大的力量。它在同类中最独特的地方在于它的四肢粗壮，适合攀爬和行走。这种动物在同类中以其庞大的体型和坚固的骨架著称。它的行动虽然缓慢，但力量惊人，能够在森林中轻松翻越障碍。它的皮毛厚实，提供了良好的保暖，同时也有助于在冬季隐藏在雪地中。这种动物在捕食时通常单独行动，以其独特的策略和耐心著称。玩家4说：这种动物是森林的霸主，以其威猛的体态和强大的捕猎能力著称。它在该类动物中最显著的不同之处在于其独特的斑斓花纹，这些花纹有助于它在狩猎时隐蔽身形。这种动物以其敏捷的身手和迅猛的攻击速度在同类中独树一帜。它的身体结构特别适合在丛林中快速移动，它的眼睛敏锐，能够捕捉到远处的猎物。此外，它的感官非常发达，能够感知到微小的动静，这使得它在捕猎时几乎不会受到干扰。你是第3号玩家，你的关键词是<熊>。你的回答中绝对不能包含你的关键词<熊>。这是第三轮描述，你之前的描述是这是一种陆生哺乳动物，拥有厚实的体魄和强大的力量。它在同类中最独特的地方在于它的四肢粗壮，适合攀爬和行走。和这种动物在同类中以其庞大的体型和坚固的骨架著称。它的行动虽然缓慢，但力量惊人，能够在森林中轻松翻越障碍。它的皮毛厚实，提供了良好的保暖，同时也有助于在冬季隐藏在雪地中。这种动物在捕食时通常单独行动，以其独特的策略和耐心著称。，注意，这局游戏的词语分类为<动物>，卧底词和平民词都属于该类，请你补充关于关键词的描述，注意，你的描述应该比起之前的描述更加贴近关键词，作为之前的补充
2024-12-13 16:09:02,320 - 3 - INFO - **********PLAYER3**********
这种动物以其强大的体格和坚韧的肌肉而闻名，它能够在森林中翻越险峻的山丘和穿越茂密的树木。它的爪子锋利，适合挖掘和攀爬，使其在同类中脱颖而出。它在同类中最显著的不同之处在于它那独特的力量和耐力，使其成为森林中的顶级捕食者。
2024-12-13 16:10:05,960 - 3 - INFO - **********JUDGER**********
玩家1说：这是一种大型猫科动物，拥有强壮的身体和锋利的爪牙。它在同类中最突出的不同特征是它的皮毛花纹独特，条纹和斑点的图案使其在丛林中非常显眼。这种动物是丛林中的王者，以其威猛的姿态和强大的狩猎技巧闻名。它的皮毛色彩斑斓，花纹复杂，这些图案不仅使其在狩猎时能够更好地融入环境，还彰显了其尊贵的地位。这种动物在同类中以其独特的条纹和斑点花纹而著称，这些花纹在阳光下闪耀，使其在丛林中显得格外醒目。它的体型庞大，肌肉发达，能够在森林中悄无声息地潜行，捕猎技巧高超，是丛林中的顶级猎手。玩家2说：这是一种猛禽，体型庞大，拥有强健的体格和锐利的爪子。它在同类中最显著的特征是锋利的喙和出色的飞行能力。这种动物是丛林中的统治者，它的力量和威严无人能敌。它的身体强健，步伐沉稳，擅长在隐蔽的环境中悄无声息地接近猎物。它的存在，让整个森林都充满了敬畏。这种动物是森林中的隐秘统治者，它以其无声的威严和不可一世的气势统治着丛林。它的身躯强健，力量惊人，能够在密林中悄无声息地穿行，捕猎技巧高超，是丛林中的顶级猎手。它的存在，让所有生物都对其敬畏三分。玩家3说：这是一种陆生哺乳动物，拥有厚实的体魄和强大的力量。它在同类中最独特的地方在于它的四肢粗壮，适合攀爬和行走。这种动物在同类中以其庞大的体型和坚固的骨架著称。它的行动虽然缓慢，但力量惊人，能够在森林中轻松翻越障碍。它的皮毛厚实，提供了良好的保暖，同时也有助于在冬季隐藏在雪地中。这种动物在捕食时通常单独行动，以其独特的策略和耐心著称。这种动物以其强大的体格和坚韧的肌肉而闻名，它能够在森林中翻越险峻的山丘和穿越茂密的树木。它的爪子锋利，适合挖掘和攀爬，使其在同类中脱颖而出。它在同类中最显著的不同之处在于它那独特的力量和耐力，使其成为森林中的顶级捕食者。玩家4说：这种动物是森林的霸主，以其威猛的体态和强大的捕猎能力著称。它在该类动物中最显著的不同之处在于其独特的斑斓花纹，这些花纹有助于它在狩猎时隐蔽身形。这种动物以其敏捷的身手和迅猛的攻击速度在同类中独树一帜。它的身体结构特别适合在丛林中快速移动，它的眼睛敏锐，能够捕捉到远处的猎物。此外，它的感官非常发达，能够感知到微小的动静，这使得它在捕猎时几乎不会受到干扰。这种动物以其卓越的捕猎本能和精准的定位能力在同类中脱颖而出。它的身体覆盖着独特的图案，这些图案在阳光下反射出微妙的光泽，使其在森林中几乎与周围环境融为一体。它的捕猎技巧不仅体现在速度上，更在于其悄无声息的接近和一击必杀的决断力。||在这个游戏中，我们需要通过分析每位玩家的描述来找出卧底。通常，平民的描述会围绕相同的词语展开，而卧底的描述可能会因为词语的不同而显得不太一致。我们需要仔细比较每个描述之间的相似性和差异性，以找出可能的卧底，注意，卧底并不会隐藏自己，他会直接描述他的词语，现在，逐一分析每个玩家的描述，注意，这局游戏的词语分类为<动物>，卧底词和平民词都属于该类。||之前是第3轮描述和之前轮数描述的合集。你之前认为的卧底是玩家2。
2024-12-13 16:10:08,167 - 3 - INFO - **********PLAYER3**********
玩家2
2024-12-13 16:10:08,167 - 3 - INFO - **********JUDGER**********
你刚刚的分析是玩家2|| `请根据上述分析，比较描述以找出不一致之处，注意，这局游戏的词语分类为<动物>，卧底词和平民词都属于该类。
2024-12-13 16:10:24,591 - 3 - INFO - **********PLAYER3**********
在比较四位玩家的描述后，以下是不一致之处：

1. 玩家1的描述强调的是大型猫科动物，其皮毛花纹独特，条纹和斑点使其在丛林中显眼，并且是丛林中的顶级猎手。

2. 玩家2的描述提到的是一种猛禽，体型庞大，拥有强健的体格和锐利的爪子，以及出色的飞行能力和捕猎技巧。

3. 玩家3的描述描述的是一种陆生哺乳动物，拥有厚实的体魄和强大的力量，四肢粗壮适合攀爬和行走，是森林中的顶级捕食者。

4. 玩家4的描述提到的是森林的霸主，拥有威猛的体态和强大的捕猎能力，独特的斑斓花纹有助于隐蔽身形，敏捷的身手和迅猛的攻击速度。

不一致之处主要体现在以下几点：

- 玩家1和玩家4的描述都提到了动物的花纹有助于在狩猎时隐蔽身形，但玩家1强调的是条纹和斑点，而玩家4强调的是斑斓花纹。
- 玩家2的描述中，动物被描述为猛禽，这与玩家1、3和4描述的哺乳动物形成对比。
- 玩家3的描述中，动物被描述为单独行动，而玩家2的描述中动物是森林中的隐秘统治者，这可能暗示了动物的社会性，而其他玩家没有提及。
- 玩家4的描述中，动物被描述为拥有敏捷的身手和迅猛的攻击速度，这与玩家1和3描述的动物的行动缓慢形成对比。

这些不一致之处可能表明玩家2的描述与其他玩家的描述存在差异，因此玩家2可能是卧底。
2024-12-13 16:10:24,593 - 3 - INFO - **********JUDGER**********
你刚刚的分析是在比较四位玩家的描述后，以下是不一致之处：

1. 玩家1的描述强调的是大型猫科动物，其皮毛花纹独特，条纹和斑点使其在丛林中显眼，并且是丛林中的顶级猎手。

2. 玩家2的描述提到的是一种猛禽，体型庞大，拥有强健的体格和锐利的爪子，以及出色的飞行能力和捕猎技巧。

3. 玩家3的描述描述的是一种陆生哺乳动物，拥有厚实的体魄和强大的力量，四肢粗壮适合攀爬和行走，是森林中的顶级捕食者。

4. 玩家4的描述提到的是森林的霸主，拥有威猛的体态和强大的捕猎能力，独特的斑斓花纹有助于隐蔽身形，敏捷的身手和迅猛的攻击速度。

不一致之处主要体现在以下几点：

- 玩家1和玩家4的描述都提到了动物的花纹有助于在狩猎时隐蔽身形，但玩家1强调的是条纹和斑点，而玩家4强调的是斑斓花纹。
- 玩家2的描述中，动物被描述为猛禽，这与玩家1、3和4描述的哺乳动物形成对比。
- 玩家3的描述中，动物被描述为单独行动，而玩家2的描述中动物是森林中的隐秘统治者，这可能暗示了动物的社会性，而其他玩家没有提及。
- 玩家4的描述中，动物被描述为拥有敏捷的身手和迅猛的攻击速度，这与玩家1和3描述的动物的行动缓慢形成对比。

这些不一致之处可能表明玩家2的描述与其他玩家的描述存在差异，因此玩家2可能是卧底。|| 请通过你分析的不一致之处，推断卧底身份，注意，这局游戏的词语分类为<动物>，卧底词和平民词都属于该类。
2024-12-13 16:10:26,089 - 3 - INFO - **********PLAYER3**********
玩家2
2024-12-13 16:10:26,090 - 3 - INFO - **********JUDGER**********
你刚刚的推断是玩家2|| 基于你刚刚的推断得出你的最终结论，请输出你认为的卧底，在这种情况下只需要输出编号，是1-4中的某个数字，不要输出其他信息。在这个过程不要进行任何推理，只对||以前的部分进行信息提取
2024-12-13 16:10:27,903 - 3 - INFO - **********PLAYER3**********
2
