2024-12-13 16:04:18,507 - 4 - INFO - **********JUDGER**********
让我们来玩一个叫做<谁是卧底>的推理游戏。基本规则：<人数>：4人。<角色分配>：每位玩家随机抽取一个词语，3名玩家拿到的词语是相同的（平民词），1名玩家拿到与之相近但不同的词语（卧底词）。<游戏流程>：1、玩家轮流描述自己的词语，但<不能>直接说出词语本身。2、描述完毕后，投票选出最像卧底的玩家。3、每轮结束后，被投票选出的玩家出局，不能再进行描述或投票。4、每轮投票结束后，如果卧底被成功找出，平民方获胜；如果卧底未被找出且卧底人数等于或超过平民人数，则卧底方获胜。你将扮演一个<玩家>，请等待你被分配到的关键词。如果你听懂了，只回答，"好的，我准备好参加游戏了"，不要输出别的信息
2024-12-13 16:04:19,276 - 4 - INFO - **********PLAYER4**********
好的，我准备好参加游戏了
2024-12-13 16:04:24,357 - 4 - INFO - **********JUDGER**********
玩家1说：这是一种大型猫科动物，拥有强壮的身体和锋利的爪牙。它在同类中最突出的不同特征是它的皮毛花纹独特，条纹和斑点的图案使其在丛林中非常显眼。玩家2说：这是一种猛禽，体型庞大，拥有强健的体格和锐利的爪子。它在同类中最显著的特征是锋利的喙和出色的飞行能力。玩家3说：这是一种陆生哺乳动物，拥有厚实的体魄和强大的力量。它在同类中最独特的地方在于它的四肢粗壮，适合攀爬和行走。玩家4说：|| 你是第4号玩家，你的关键词是<老虎>。你的回答中绝对不能包含你的关键词<老虎>。这是第一轮描述，不需要分析||之前别的玩家的描述，请你描述关键词基本特征，注意，这局游戏的词语分类为<动物>，卧底词和平民词都属于该类，描述包括以下两点，1.他的基本特征是什么2.他在该类（动物）中最突出不同的特征是什么，尽量简短
2024-12-13 16:04:26,583 - 4 - INFO - **********PLAYER4**********
这种动物是森林的霸主，以其威猛的体态和强大的捕猎能力著称。它在该类动物中最显著的不同之处在于其独特的斑斓花纹，这些花纹有助于它在狩猎时隐蔽身形。
2024-12-13 16:06:15,289 - 4 - INFO - **********JUDGER**********
玩家1说：这是一种大型猫科动物，拥有强壮的身体和锋利的爪牙。它在同类中最突出的不同特征是它的皮毛花纹独特，条纹和斑点的图案使其在丛林中非常显眼。玩家2说：这是一种猛禽，体型庞大，拥有强健的体格和锐利的爪子。它在同类中最显著的特征是锋利的喙和出色的飞行能力。玩家3说：这是一种陆生哺乳动物，拥有厚实的体魄和强大的力量。它在同类中最独特的地方在于它的四肢粗壮，适合攀爬和行走。玩家4说：||在这个游戏中，我们需要通过分析每位玩家的描述来找出卧底。通常，平民的描述会围绕相同的词语展开，而卧底的描述可能会因为词语的不同而显得不太一致。我们需要仔细比较每个描述之间的相似性和差异性，以找出可能的卧底，注意，卧底并不会隐藏自己，他会直接描述他的词语，现在，逐一分析每个玩家的描述，注意，这局游戏的词语分类为<动物>，卧底词和平民词都属于该类。这是第一轮描述。
2024-12-13 16:06:25,606 - 4 - INFO - **********PLAYER4**********
玩家1的描述与老虎的特征非常吻合，强调了皮毛花纹的独特性，这很可能是平民的描述。

玩家2的描述提到的是一种猛禽，这与老虎的特征不符，猛禽的显著特征是飞行能力和喙，这可能是卧底的描述。

玩家3的描述提到了陆生哺乳动物和四肢粗壮，这听起来像是描述猩猩或者大猩猩，但并没有提到任何特别显著的特征，这可能是平民的描述。

玩家4没有提供任何描述，只是引用了游戏规则和提示，这可能是平民的描述，因为卧底通常会尝试直接描述他的词语。

综上所述，玩家2的描述与老虎的特征不匹配，而且与玩家1和玩家3的描述有明显差异，因此玩家2可能是卧底。然而，由于玩家4没有提供描述，我们也无法排除他可能是卧底的可能性。需要进一步观察和讨论来确定。
2024-12-13 16:06:25,609 - 4 - INFO - **********JUDGER**********
你刚刚的分析是玩家1的描述与老虎的特征非常吻合，强调了皮毛花纹的独特性，这很可能是平民的描述。

玩家2的描述提到的是一种猛禽，这与老虎的特征不符，猛禽的显著特征是飞行能力和喙，这可能是卧底的描述。

玩家3的描述提到了陆生哺乳动物和四肢粗壮，这听起来像是描述猩猩或者大猩猩，但并没有提到任何特别显著的特征，这可能是平民的描述。

玩家4没有提供任何描述，只是引用了游戏规则和提示，这可能是平民的描述，因为卧底通常会尝试直接描述他的词语。

综上所述，玩家2的描述与老虎的特征不匹配，而且与玩家1和玩家3的描述有明显差异，因此玩家2可能是卧底。然而，由于玩家4没有提供描述，我们也无法排除他可能是卧底的可能性。需要进一步观察和讨论来确定。|| `请根据上述分析，比较描述以找出不一致之处，注意，这局游戏的词语分类为<动物>，卧底词和平民词都属于该类。
2024-12-13 16:06:37,387 - 4 - INFO - **********PLAYER4**********
根据上述分析，我们可以比较描述中的不一致之处如下：

1. 玩家1的描述集中在老虎的皮毛花纹上，这是老虎的一个显著特征，与老虎的整体描述相符。

2. 玩家2的描述提到的是一种猛禽，而猛禽与老虎属于完全不同的动物类别。猛禽的描述强调了飞行能力和喙，这与老虎的特征不匹配。

3. 玩家3的描述提到的是一种陆生哺乳动物，四肢粗壮，适合攀爬和行走。这个描述虽然提到了陆生哺乳动物，但没有提到任何特别显著的特征，这使得它与老虎的描述相比缺乏具体性。

4. 玩家4没有提供任何描述，只是引用了游戏规则和提示，这本身并不提供关于其词语的直接信息。

不一致之处在于玩家2的描述与游戏词语分类<动物>中的老虎特征不匹配，而玩家3的描述虽然属于动物类别，但没有给出老虎特有的显著特征。玩家4没有提供描述，因此无法直接判断其描述是否与老虎相符。因此，玩家2和玩家3的描述可能存在不一致之处，需要进一步观察和讨论来确定谁是卧底。
2024-12-13 16:06:37,390 - 4 - INFO - **********JUDGER**********
你刚刚的分析是根据上述分析，我们可以比较描述中的不一致之处如下：

1. 玩家1的描述集中在老虎的皮毛花纹上，这是老虎的一个显著特征，与老虎的整体描述相符。

2. 玩家2的描述提到的是一种猛禽，而猛禽与老虎属于完全不同的动物类别。猛禽的描述强调了飞行能力和喙，这与老虎的特征不匹配。

3. 玩家3的描述提到的是一种陆生哺乳动物，四肢粗壮，适合攀爬和行走。这个描述虽然提到了陆生哺乳动物，但没有提到任何特别显著的特征，这使得它与老虎的描述相比缺乏具体性。

4. 玩家4没有提供任何描述，只是引用了游戏规则和提示，这本身并不提供关于其词语的直接信息。

不一致之处在于玩家2的描述与游戏词语分类<动物>中的老虎特征不匹配，而玩家3的描述虽然属于动物类别，但没有给出老虎特有的显著特征。玩家4没有提供描述，因此无法直接判断其描述是否与老虎相符。因此，玩家2和玩家3的描述可能存在不一致之处，需要进一步观察和讨论来确定谁是卧底。|| 请通过你分析的不一致之处，推断卧底身份，注意，这局游戏的词语分类为<动物>，卧底词和平民词都属于该类。
2024-12-13 16:06:46,416 - 4 - INFO - **********PLAYER4**********
根据分析中提到的不一致之处，我们可以推断如下：

- 玩家2的描述提到的是一种猛禽，这与老虎的特征完全不匹配，因为老虎是猫科动物，而猛禽是鸟类。由于游戏中的词语分类为<动物>，且卧底词和平民词都属于该类，玩家2的描述明显与老虎不符，因此玩家2很可能是卧底。

- 玩家3的描述虽然提到的是陆生哺乳动物，但没有具体提到老虎的显著特征，如条纹和斑点的皮毛花纹。这种描述虽然属于动物类别，但不足以排除其他与老虎相似的动物，如豹或狮子。因此，玩家3的描述不足以确定其是否为卧底。

- 玩家4没有提供描述，所以无法根据描述来判断其是否为卧底。

综上所述，玩家2的描述与老虎的特征不一致，且属于动物类别中的另一类，因此玩家2很可能是卧底。
2024-12-13 16:06:46,418 - 4 - INFO - **********JUDGER**********
你刚刚的推断是根据分析中提到的不一致之处，我们可以推断如下：

- 玩家2的描述提到的是一种猛禽，这与老虎的特征完全不匹配，因为老虎是猫科动物，而猛禽是鸟类。由于游戏中的词语分类为<动物>，且卧底词和平民词都属于该类，玩家2的描述明显与老虎不符，因此玩家2很可能是卧底。

- 玩家3的描述虽然提到的是陆生哺乳动物，但没有具体提到老虎的显著特征，如条纹和斑点的皮毛花纹。这种描述虽然属于动物类别，但不足以排除其他与老虎相似的动物，如豹或狮子。因此，玩家3的描述不足以确定其是否为卧底。

- 玩家4没有提供描述，所以无法根据描述来判断其是否为卧底。

综上所述，玩家2的描述与老虎的特征不一致，且属于动物类别中的另一类，因此玩家2很可能是卧底。|| 基于你刚刚的推断得出你的最终结论，请输出你认为的卧底，在这种情况下只需要输出编号，是1-4中的某个数字，不要输出其他信息。在这个过程不要进行任何推理，只对||以前的部分进行信息提取
2024-12-13 16:06:46,990 - 4 - INFO - **********PLAYER4**********
2
2024-12-13 16:06:55,142 - 4 - INFO - **********JUDGER**********
玩家1说：这是一种大型猫科动物，拥有强壮的身体和锋利的爪牙。它在同类中最突出的不同特征是它的皮毛花纹独特，条纹和斑点的图案使其在丛林中非常显眼。这种动物是丛林中的王者，以其威猛的姿态和强大的狩猎技巧闻名。它的皮毛色彩斑斓，花纹复杂，这些图案不仅使其在狩猎时能够更好地融入环境，还彰显了其尊贵的地位。玩家2说：这是一种猛禽，体型庞大，拥有强健的体格和锐利的爪子。它在同类中最显著的特征是锋利的喙和出色的飞行能力。这种动物是丛林中的统治者，它的力量和威严无人能敌。它的身体强健，步伐沉稳，擅长在隐蔽的环境中悄无声息地接近猎物。它的存在，让整个森林都充满了敬畏。玩家3说：这是一种陆生哺乳动物，拥有厚实的体魄和强大的力量。它在同类中最独特的地方在于它的四肢粗壮，适合攀爬和行走。这种动物在同类中以其庞大的体型和坚固的骨架著称。它的行动虽然缓慢，但力量惊人，能够在森林中轻松翻越障碍。它的皮毛厚实，提供了良好的保暖，同时也有助于在冬季隐藏在雪地中。这种动物在捕食时通常单独行动，以其独特的策略和耐心著称。玩家4说：这种动物是森林的霸主，以其威猛的体态和强大的捕猎能力著称。它在该类动物中最显著的不同之处在于其独特的斑斓花纹，这些花纹有助于它在狩猎时隐蔽身形。你是第4号玩家，你的关键词是<老虎>。你的回答中绝对不能包含你的关键词<老虎>。这是第二轮描述，你之前的描述是这种动物是森林的霸主，以其威猛的体态和强大的捕猎能力著称。它在该类动物中最显著的不同之处在于其独特的斑斓花纹，这些花纹有助于它在狩猎时隐蔽身形。，注意，这局游戏的词语分类为<动物>，卧底词和平民词都属于该类，请你补充关于关键词的描述，注意，你的描述应该比起之前的描述更加贴近关键词，作为之前的补充
2024-12-13 16:06:58,696 - 4 - INFO - **********PLAYER4**********
这种动物以其敏捷的身手和迅猛的攻击速度在同类中独树一帜。它的身体结构特别适合在丛林中快速移动，它的眼睛敏锐，能够捕捉到远处的猎物。此外，它的感官非常发达，能够感知到微小的动静，这使得它在捕猎时几乎不会受到干扰。
2024-12-13 16:08:20,441 - 4 - INFO - **********JUDGER**********
玩家1说：这是一种大型猫科动物，拥有强壮的身体和锋利的爪牙。它在同类中最突出的不同特征是它的皮毛花纹独特，条纹和斑点的图案使其在丛林中非常显眼。这种动物是丛林中的王者，以其威猛的姿态和强大的狩猎技巧闻名。它的皮毛色彩斑斓，花纹复杂，这些图案不仅使其在狩猎时能够更好地融入环境，还彰显了其尊贵的地位。玩家2说：这是一种猛禽，体型庞大，拥有强健的体格和锐利的爪子。它在同类中最显著的特征是锋利的喙和出色的飞行能力。这种动物是丛林中的统治者，它的力量和威严无人能敌。它的身体强健，步伐沉稳，擅长在隐蔽的环境中悄无声息地接近猎物。它的存在，让整个森林都充满了敬畏。玩家3说：这是一种陆生哺乳动物，拥有厚实的体魄和强大的力量。它在同类中最独特的地方在于它的四肢粗壮，适合攀爬和行走。这种动物在同类中以其庞大的体型和坚固的骨架著称。它的行动虽然缓慢，但力量惊人，能够在森林中轻松翻越障碍。它的皮毛厚实，提供了良好的保暖，同时也有助于在冬季隐藏在雪地中。这种动物在捕食时通常单独行动，以其独特的策略和耐心著称。玩家4说：这种动物是森林的霸主，以其威猛的体态和强大的捕猎能力著称。它在该类动物中最显著的不同之处在于其独特的斑斓花纹，这些花纹有助于它在狩猎时隐蔽身形。||在这个游戏中，我们需要通过分析每位玩家的描述来找出卧底。通常，平民的描述会围绕相同的词语展开，而卧底的描述可能会因为词语的不同而显得不太一致。我们需要仔细比较每个描述之间的相似性和差异性，以找出可能的卧底，注意，卧底并不会隐藏自己，他会直接描述他的词语，现在，逐一分析每个玩家的描述，注意，这局游戏的词语分类为<动物>，卧底词和平民词都属于该类。||之前是第2轮描述和之前轮数描述的合集。你之前认为的卧底是玩家2。
2024-12-13 16:08:31,781 - 4 - INFO - **********PLAYER4**********
根据第2轮描述和之前的分析，我之前的推断是基于玩家2的描述与老虎的特征不匹配，而且属于另一类动物――猛禽。然而，现在我们来看所有玩家的描述：

- 玩家1的描述强调了老虎的皮毛花纹和丛林中的王者地位，与老虎的特征非常吻合。
- 玩家2的描述提到了猛禽，这与老虎的特征不符，而且强调了飞行能力和统治地位，更像是鹰或雕的特征。
- 玩家3的描述描述了一种陆生哺乳动物，具有厚实的体魄和强大的力量，但没有提到老虎的条纹和斑点花纹，这可能是其他大型哺乳动物，如犀牛或河马。
- 玩家4的描述再次强调了老虎的斑斓花纹和隐蔽身形的特征，与老虎的特征非常一致。

基于这些描述，玩家2的描述与老虎的特征仍然不一致，而且与玩家1和玩家4的描述相比，显得更加不一致。因此，根据目前的描述，我仍然认为玩家2很可能是卧底。
2024-12-13 16:08:31,782 - 4 - INFO - **********JUDGER**********
你刚刚的分析是根据第2轮描述和之前的分析，我之前的推断是基于玩家2的描述与老虎的特征不匹配，而且属于另一类动物――猛禽。然而，现在我们来看所有玩家的描述：

- 玩家1的描述强调了老虎的皮毛花纹和丛林中的王者地位，与老虎的特征非常吻合。
- 玩家2的描述提到了猛禽，这与老虎的特征不符，而且强调了飞行能力和统治地位，更像是鹰或雕的特征。
- 玩家3的描述描述了一种陆生哺乳动物，具有厚实的体魄和强大的力量，但没有提到老虎的条纹和斑点花纹，这可能是其他大型哺乳动物，如犀牛或河马。
- 玩家4的描述再次强调了老虎的斑斓花纹和隐蔽身形的特征，与老虎的特征非常一致。

基于这些描述，玩家2的描述与老虎的特征仍然不一致，而且与玩家1和玩家4的描述相比，显得更加不一致。因此，根据目前的描述，我仍然认为玩家2很可能是卧底。|| `请根据上述分析，比较描述以找出不一致之处，注意，这局游戏的词语分类为<动物>，卧底词和平民词都属于该类。
2024-12-13 16:08:40,575 - 4 - INFO - **********PLAYER4**********
根据上述分析，我们可以比较描述中的不一致之处如下：

1. 玩家1的描述集中在老虎的皮毛花纹和其在丛林中的王者地位，这与老虎的特征高度吻合。

2. 玩家2的描述提到的是一种猛禽，具有飞行能力和统治地位，这与老虎的特征不符，因为老虎是陆地上的猫科动物，不具备飞行能力。

3. 玩家3的描述提到的是一种陆生哺乳动物，拥有厚实的体魄和强大的力量，但未提及老虎特有的条纹和斑点花纹，这使得描述较为模糊，无法明确指向老虎。

4. 玩家4的描述再次强调了老虎的斑斓花纹和隐蔽身形的特征，与老虎的特征非常一致。

不一致之处在于玩家2的描述与老虎的陆地性特征和皮毛花纹不符，而玩家3的描述虽然属于陆生哺乳动物，但没有提到老虎特有的花纹特征。玩家1和玩家4的描述都与老虎的特征相符。因此，玩家2和玩家3的描述可能存在不一致之处，需要进一步观察和讨论来确定谁是卧底。
2024-12-13 16:08:40,577 - 4 - INFO - **********JUDGER**********
你刚刚的分析是根据上述分析，我们可以比较描述中的不一致之处如下：

1. 玩家1的描述集中在老虎的皮毛花纹和其在丛林中的王者地位，这与老虎的特征高度吻合。

2. 玩家2的描述提到的是一种猛禽，具有飞行能力和统治地位，这与老虎的特征不符，因为老虎是陆地上的猫科动物，不具备飞行能力。

3. 玩家3的描述提到的是一种陆生哺乳动物，拥有厚实的体魄和强大的力量，但未提及老虎特有的条纹和斑点花纹，这使得描述较为模糊，无法明确指向老虎。

4. 玩家4的描述再次强调了老虎的斑斓花纹和隐蔽身形的特征，与老虎的特征非常一致。

不一致之处在于玩家2的描述与老虎的陆地性特征和皮毛花纹不符，而玩家3的描述虽然属于陆生哺乳动物，但没有提到老虎特有的花纹特征。玩家1和玩家4的描述都与老虎的特征相符。因此，玩家2和玩家3的描述可能存在不一致之处，需要进一步观察和讨论来确定谁是卧底。|| 请通过你分析的不一致之处，推断卧底身份，注意，这局游戏的词语分类为<动物>，卧底词和平民词都属于该类。
2024-12-13 16:08:46,087 - 4 - INFO - **********PLAYER4**********
根据分析中提到的不一致之处，我们可以推断：

- 玩家2的描述提到的是一种猛禽，这与老虎作为陆地猫科动物的特征明显不符，因此玩家2的描述与老虎不一致，可能是卧底。
- 玩家3的描述虽然提到的是陆生哺乳动物，但没有提到老虎特有的条纹和斑点花纹，这使得描述不够具体，但并不足以排除老虎的可能性，因此玩家3的描述可能也是平民。

综上所述，玩家2的描述与老虎的特征不一致，因此根据目前的描述，玩家2很可能是卧底。
2024-12-13 16:08:46,089 - 4 - INFO - **********JUDGER**********
你刚刚的推断是根据分析中提到的不一致之处，我们可以推断：

- 玩家2的描述提到的是一种猛禽，这与老虎作为陆地猫科动物的特征明显不符，因此玩家2的描述与老虎不一致，可能是卧底。
- 玩家3的描述虽然提到的是陆生哺乳动物，但没有提到老虎特有的条纹和斑点花纹，这使得描述不够具体，但并不足以排除老虎的可能性，因此玩家3的描述可能也是平民。

综上所述，玩家2的描述与老虎的特征不一致，因此根据目前的描述，玩家2很可能是卧底。|| 基于你刚刚的推断得出你的最终结论，请输出你认为的卧底，在这种情况下只需要输出编号，是1-4中的某个数字，不要输出其他信息。在这个过程不要进行任何推理，只对||以前的部分进行信息提取
2024-12-13 16:08:47,186 - 4 - INFO - **********PLAYER4**********
2
2024-12-13 16:09:02,321 - 4 - INFO - **********JUDGER**********
玩家1说：这是一种大型猫科动物，拥有强壮的身体和锋利的爪牙。它在同类中最突出的不同特征是它的皮毛花纹独特，条纹和斑点的图案使其在丛林中非常显眼。这种动物是丛林中的王者，以其威猛的姿态和强大的狩猎技巧闻名。它的皮毛色彩斑斓，花纹复杂，这些图案不仅使其在狩猎时能够更好地融入环境，还彰显了其尊贵的地位。这种动物在同类中以其独特的条纹和斑点花纹而著称，这些花纹在阳光下闪耀，使其在丛林中显得格外醒目。它的体型庞大，肌肉发达，能够在森林中悄无声息地潜行，捕猎技巧高超，是丛林中的顶级猎手。玩家2说：这是一种猛禽，体型庞大，拥有强健的体格和锐利的爪子。它在同类中最显著的特征是锋利的喙和出色的飞行能力。这种动物是丛林中的统治者，它的力量和威严无人能敌。它的身体强健，步伐沉稳，擅长在隐蔽的环境中悄无声息地接近猎物。它的存在，让整个森林都充满了敬畏。这种动物是森林中的隐秘统治者，它以其无声的威严和不可一世的气势统治着丛林。它的身躯强健，力量惊人，能够在密林中悄无声息地穿行，捕猎技巧高超，是丛林中的顶级猎手。它的存在，让所有生物都对其敬畏三分。玩家3说：这是一种陆生哺乳动物，拥有厚实的体魄和强大的力量。它在同类中最独特的地方在于它的四肢粗壮，适合攀爬和行走。这种动物在同类中以其庞大的体型和坚固的骨架著称。它的行动虽然缓慢，但力量惊人，能够在森林中轻松翻越障碍。它的皮毛厚实，提供了良好的保暖，同时也有助于在冬季隐藏在雪地中。这种动物在捕食时通常单独行动，以其独特的策略和耐心著称。这种动物以其强大的体格和坚韧的肌肉而闻名，它能够在森林中翻越险峻的山丘和穿越茂密的树木。它的爪子锋利，适合挖掘和攀爬，使其在同类中脱颖而出。它在同类中最显著的不同之处在于它那独特的力量和耐力，使其成为森林中的顶级捕食者。玩家4说：这种动物是森林的霸主，以其威猛的体态和强大的捕猎能力著称。它在该类动物中最显著的不同之处在于其独特的斑斓花纹，这些花纹有助于它在狩猎时隐蔽身形。这种动物以其敏捷的身手和迅猛的攻击速度在同类中独树一帜。它的身体结构特别适合在丛林中快速移动，它的眼睛敏锐，能够捕捉到远处的猎物。此外，它的感官非常发达，能够感知到微小的动静，这使得它在捕猎时几乎不会受到干扰。你是第4号玩家，你的关键词是<老虎>。你的回答中绝对不能包含你的关键词<老虎>。这是第三轮描述，你之前的描述是这种动物是森林的霸主，以其威猛的体态和强大的捕猎能力著称。它在该类动物中最显著的不同之处在于其独特的斑斓花纹，这些花纹有助于它在狩猎时隐蔽身形。和这种动物以其敏捷的身手和迅猛的攻击速度在同类中独树一帜。它的身体结构特别适合在丛林中快速移动，它的眼睛敏锐，能够捕捉到远处的猎物。此外，它的感官非常发达，能够感知到微小的动静，这使得它在捕猎时几乎不会受到干扰。，注意，这局游戏的词语分类为<动物>，卧底词和平民词都属于该类，请你补充关于关键词的描述，注意，你的描述应该比起之前的描述更加贴近关键词，作为之前的补充
2024-12-13 16:09:09,347 - 4 - INFO - **********PLAYER4**********
这种动物以其卓越的捕猎本能和精准的定位能力在同类中脱颖而出。它的身体覆盖着独特的图案，这些图案在阳光下反射出微妙的光泽，使其在森林中几乎与周围环境融为一体。它的捕猎技巧不仅体现在速度上，更在于其悄无声息的接近和一击必杀的决断力。
2024-12-13 16:10:27,903 - 4 - INFO - **********JUDGER**********
玩家1说：这是一种大型猫科动物，拥有强壮的身体和锋利的爪牙。它在同类中最突出的不同特征是它的皮毛花纹独特，条纹和斑点的图案使其在丛林中非常显眼。这种动物是丛林中的王者，以其威猛的姿态和强大的狩猎技巧闻名。它的皮毛色彩斑斓，花纹复杂，这些图案不仅使其在狩猎时能够更好地融入环境，还彰显了其尊贵的地位。这种动物在同类中以其独特的条纹和斑点花纹而著称，这些花纹在阳光下闪耀，使其在丛林中显得格外醒目。它的体型庞大，肌肉发达，能够在森林中悄无声息地潜行，捕猎技巧高超，是丛林中的顶级猎手。玩家2说：这是一种猛禽，体型庞大，拥有强健的体格和锐利的爪子。它在同类中最显著的特征是锋利的喙和出色的飞行能力。这种动物是丛林中的统治者，它的力量和威严无人能敌。它的身体强健，步伐沉稳，擅长在隐蔽的环境中悄无声息地接近猎物。它的存在，让整个森林都充满了敬畏。这种动物是森林中的隐秘统治者，它以其无声的威严和不可一世的气势统治着丛林。它的身躯强健，力量惊人，能够在密林中悄无声息地穿行，捕猎技巧高超，是丛林中的顶级猎手。它的存在，让所有生物都对其敬畏三分。玩家3说：这是一种陆生哺乳动物，拥有厚实的体魄和强大的力量。它在同类中最独特的地方在于它的四肢粗壮，适合攀爬和行走。这种动物在同类中以其庞大的体型和坚固的骨架著称。它的行动虽然缓慢，但力量惊人，能够在森林中轻松翻越障碍。它的皮毛厚实，提供了良好的保暖，同时也有助于在冬季隐藏在雪地中。这种动物在捕食时通常单独行动，以其独特的策略和耐心著称。这种动物以其强大的体格和坚韧的肌肉而闻名，它能够在森林中翻越险峻的山丘和穿越茂密的树木。它的爪子锋利，适合挖掘和攀爬，使其在同类中脱颖而出。它在同类中最显著的不同之处在于它那独特的力量和耐力，使其成为森林中的顶级捕食者。玩家4说：这种动物是森林的霸主，以其威猛的体态和强大的捕猎能力著称。它在该类动物中最显著的不同之处在于其独特的斑斓花纹，这些花纹有助于它在狩猎时隐蔽身形。这种动物以其敏捷的身手和迅猛的攻击速度在同类中独树一帜。它的身体结构特别适合在丛林中快速移动，它的眼睛敏锐，能够捕捉到远处的猎物。此外，它的感官非常发达，能够感知到微小的动静，这使得它在捕猎时几乎不会受到干扰。这种动物以其卓越的捕猎本能和精准的定位能力在同类中脱颖而出。它的身体覆盖着独特的图案，这些图案在阳光下反射出微妙的光泽，使其在森林中几乎与周围环境融为一体。它的捕猎技巧不仅体现在速度上，更在于其悄无声息的接近和一击必杀的决断力。||在这个游戏中，我们需要通过分析每位玩家的描述来找出卧底。通常，平民的描述会围绕相同的词语展开，而卧底的描述可能会因为词语的不同而显得不太一致。我们需要仔细比较每个描述之间的相似性和差异性，以找出可能的卧底，注意，卧底并不会隐藏自己，他会直接描述他的词语，现在，逐一分析每个玩家的描述，注意，这局游戏的词语分类为<动物>，卧底词和平民词都属于该类。||之前是第3轮描述和之前轮数描述的合集。你之前认为的卧底是玩家2。
2024-12-13 16:10:37,287 - 4 - INFO - **********PLAYER4**********
根据第3轮描述和之前的分析，我们可以逐一分析每个玩家的描述：

- 玩家1的描述详细描述了老虎的皮毛花纹、体型、捕猎技巧和在丛林中的地位，与老虎的特征高度一致。

- 玩家2的描述提到的是一种猛禽，强调了其飞行能力和统治地位，与老虎的特征不符，因为老虎是陆地上的猫科动物。

- 玩家3的描述描述了一种陆生哺乳动物，具有厚实的体魄和强大的力量，但没有提到老虎的条纹和斑点花纹，这使得描述不够具体，但并不足以排除老虎的可能性。

- 玩家4的描述再次强调了老虎的斑斓花纹、捕猎本能和精准的定位能力，与老虎的特征非常一致。

基于这些描述，玩家2的描述与老虎的特征仍然不一致，而且与玩家1和玩家4的描述相比，显得更加不一致。因此，根据目前的描述，玩家2的描述仍然可能是卧底。
2024-12-13 16:10:37,289 - 4 - INFO - **********JUDGER**********
你刚刚的分析是根据第3轮描述和之前的分析，我们可以逐一分析每个玩家的描述：

- 玩家1的描述详细描述了老虎的皮毛花纹、体型、捕猎技巧和在丛林中的地位，与老虎的特征高度一致。

- 玩家2的描述提到的是一种猛禽，强调了其飞行能力和统治地位，与老虎的特征不符，因为老虎是陆地上的猫科动物。

- 玩家3的描述描述了一种陆生哺乳动物，具有厚实的体魄和强大的力量，但没有提到老虎的条纹和斑点花纹，这使得描述不够具体，但并不足以排除老虎的可能性。

- 玩家4的描述再次强调了老虎的斑斓花纹、捕猎本能和精准的定位能力，与老虎的特征非常一致。

基于这些描述，玩家2的描述与老虎的特征仍然不一致，而且与玩家1和玩家4的描述相比，显得更加不一致。因此，根据目前的描述，玩家2的描述仍然可能是卧底。|| `请根据上述分析，比较描述以找出不一致之处，注意，这局游戏的词语分类为<动物>，卧底词和平民词都属于该类。
2024-12-13 16:10:46,563 - 4 - INFO - **********PLAYER4**********
根据上述分析，我们可以比较描述中的不一致之处如下：

1. 玩家1的描述详细描述了老虎的皮毛花纹、体型、捕猎技巧和在丛林中的地位，这些特征与老虎完全吻合。

2. 玩家2的描述提到的是一种猛禽，强调了其飞行能力和统治地位，这与老虎作为陆地猫科动物的特征不符。

3. 玩家3的描述虽然提到的是陆生哺乳动物，具有厚实的体魄和强大的力量，但没有提到老虎特有的条纹和斑点花纹，这使得描述不够具体，但并不足以排除老虎的可能性。

4. 玩家4的描述再次强调了老虎的斑斓花纹、捕猎本能和精准的定位能力，与老虎的特征非常一致。

不一致之处在于玩家2的描述与老虎的陆地性特征不符，而玩家3的描述虽然属于陆生哺乳动物，但没有明确提到老虎的条纹和斑点花纹。玩家1和玩家4的描述都与老虎的特征相符。因此，玩家2的描述可能存在不一致之处，是卧底的可能性较大。
2024-12-13 16:10:46,569 - 4 - INFO - **********JUDGER**********
你刚刚的分析是根据上述分析，我们可以比较描述中的不一致之处如下：

1. 玩家1的描述详细描述了老虎的皮毛花纹、体型、捕猎技巧和在丛林中的地位，这些特征与老虎完全吻合。

2. 玩家2的描述提到的是一种猛禽，强调了其飞行能力和统治地位，这与老虎作为陆地猫科动物的特征不符。

3. 玩家3的描述虽然提到的是陆生哺乳动物，具有厚实的体魄和强大的力量，但没有提到老虎特有的条纹和斑点花纹，这使得描述不够具体，但并不足以排除老虎的可能性。

4. 玩家4的描述再次强调了老虎的斑斓花纹、捕猎本能和精准的定位能力，与老虎的特征非常一致。

不一致之处在于玩家2的描述与老虎的陆地性特征不符，而玩家3的描述虽然属于陆生哺乳动物，但没有明确提到老虎的条纹和斑点花纹。玩家1和玩家4的描述都与老虎的特征相符。因此，玩家2的描述可能存在不一致之处，是卧底的可能性较大。|| 请通过你分析的不一致之处，推断卧底身份，注意，这局游戏的词语分类为<动物>，卧底词和平民词都属于该类。
2024-12-13 16:10:48,078 - 4 - INFO - **********PLAYER4**********
2
2024-12-13 16:10:48,079 - 4 - INFO - **********JUDGER**********
你刚刚的推断是2|| 基于你刚刚的推断得出你的最终结论，请输出你认为的卧底，在这种情况下只需要输出编号，是1-4中的某个数字，不要输出其他信息。在这个过程不要进行任何推理，只对||以前的部分进行信息提取
2024-12-13 16:10:50,195 - 4 - INFO - **********PLAYER4**********
2
