2024-12-13 11:57:42,642 - 1 - INFO - **********JUDGER**********
让我们来玩一个叫做<谁是卧底>的推理游戏。基本规则：<人数>：4人。<角色分配>：每位玩家随机抽取一个词语，3名玩家拿到的词语是相同的（平民词），1名玩家拿到与之相近但不同的词语（卧底词）。<游戏流程>：1、玩家轮流描述自己的词语，但<不能>直接说出词语本身。2、描述完毕后，投票选出最像卧底的玩家。3、每轮结束后，被投票选出的玩家出局，不能再进行描述或投票。4、每轮投票结束后，如果卧底被成功找出，平民方获胜；如果卧底未被找出且卧底人数等于或超过平民人数，则卧底方获胜。你将扮演一个<玩家>，请等待你被分配到的关键词。如果你听懂了，只回答，"好的，我准备好参加游戏了"，不要输出别的信息
2024-12-13 11:57:43,358 - 1 - INFO - **********PLAYER1**********
好的，我准备好参加游戏了
2024-12-13 11:57:48,298 - 1 - INFO - **********JUDGER**********
玩家1说：玩家2说：玩家3说：玩家4说：|| 你是第1号玩家，你的关键词是<熊>。你的回答中绝对不能包含你的关键词<熊>。这是第一轮描述，不需要分析||之前别的玩家的描述，请你描述关键词基本特征，注意，这局游戏的词语分类为<动物>，卧底词和平民词都属于该类，描述包括以下两点，1.他的基本特征是什么2.他在该类（动物）中最突出不同的特征是什么，尽量简短
2024-12-13 11:57:50,507 - 1 - INFO - **********PLAYER1**********
它是一种温顺的哺乳动物，有着浓密的毛发。它在同类中最突出的不同特征是它有着可爱的圆滚滚的体型。
2024-12-13 11:57:58,698 - 1 - INFO - **********JUDGER**********
玩家1说：它是一种温顺的哺乳动物，有着浓密的毛发。它在同类中最突出的不同特征是它有着可爱的圆滚滚的体型。玩家2说：这种动物通常生活在森林或山区，它们有着强壮的四肢和圆胖的身体。在同类中，它们最突出的不同特征是拥有长长的鼻子，这个鼻子在寒冷的环境中可以帮助它们找到食物。玩家3说：它是一种善于奔跑的动物，拥有强健的体魄和敏锐的感官。在同类中，它最突出的不同特征是有着独特的斑点花纹。玩家4说：||在这个游戏中，我们需要通过分析每位玩家的描述来找出卧底。通常，平民的描述会围绕相同的词语展开，而卧底的描述可能会因为词语的不同而显得不太一致。我们需要仔细比较每个描述之间的相似性和差异性，以找出可能的卧底，注意，卧底并不会隐藏自己，他会直接描述他的词语，现在，逐一分析每个玩家的描述，注意，这局游戏的词语分类为<动物>，卧底词和平民词都属于该类。这是第一轮描述。
2024-12-13 11:58:04,112 - 1 - INFO - **********PLAYER1**********
好的，我注意到玩家1和玩家2的描述都提到了动物有浓密的毛发和圆胖的体型，这与我的关键词有关。玩家3的描述提到了动物有斑点花纹，这听起来像是另一种动物，比如猎豹或斑点狗。玩家4的描述似乎是在引导我们分析，而不是在描述一个具体的动物特征。根据这些信息，如果我的关键词是“熊”，那么玩家3的描述可能与我的关键词不符，因为熊并没有斑点花纹。因此，我会注意观察接下来的描述，看看是否有更多的线索指向玩家3可能是卧底。
2024-12-13 11:58:04,115 - 1 - INFO - **********JUDGER**********
你刚刚的分析是好的，我注意到玩家1和玩家2的描述都提到了动物有浓密的毛发和圆胖的体型，这与我的关键词有关。玩家3的描述提到了动物有斑点花纹，这听起来像是另一种动物，比如猎豹或斑点狗。玩家4的描述似乎是在引导我们分析，而不是在描述一个具体的动物特征。根据这些信息，如果我的关键词是“熊”，那么玩家3的描述可能与我的关键词不符，因为熊并没有斑点花纹。因此，我会注意观察接下来的描述，看看是否有更多的线索指向玩家3可能是卧底。|| `请根据上述分析，比较描述以找出不一致之处，注意，这局游戏的词语分类为<动物>，卧底词和平民词都属于该类。
2024-12-13 11:58:09,166 - 1 - INFO - **********PLAYER1**********
根据上述分析，我们可以看到以下不一致之处：

1. 玩家1和玩家2的描述都集中在动物的毛发和体型上，这与我的关键词“熊”相符，因为熊通常被描述为有浓密的毛发和圆胖的体型。

2. 玩家3的描述提到了动物有斑点花纹，这与熊的特征不符。熊通常没有斑点花纹，而斑点花纹可能是猎豹或斑点狗的特征。

3. 玩家4的描述并没有提供具体的动物特征，而是强调了分析描述的重要性，这并没有直接帮助我们识别出哪个描述是不一致的。

基于这些不一致之处，玩家3的描述与熊的特征不符，因此可能是卧底。如果所有玩家的关键词都是熊，那么玩家3的描述中提到的斑点花纹就是关键的不一致点。如果我的关键词确实是“熊”，那么我会倾向于怀疑玩家3是卧底。
2024-12-13 11:58:09,168 - 1 - INFO - **********JUDGER**********
你刚刚的分析是根据上述分析，我们可以看到以下不一致之处：

1. 玩家1和玩家2的描述都集中在动物的毛发和体型上，这与我的关键词“熊”相符，因为熊通常被描述为有浓密的毛发和圆胖的体型。

2. 玩家3的描述提到了动物有斑点花纹，这与熊的特征不符。熊通常没有斑点花纹，而斑点花纹可能是猎豹或斑点狗的特征。

3. 玩家4的描述并没有提供具体的动物特征，而是强调了分析描述的重要性，这并没有直接帮助我们识别出哪个描述是不一致的。

基于这些不一致之处，玩家3的描述与熊的特征不符，因此可能是卧底。如果所有玩家的关键词都是熊，那么玩家3的描述中提到的斑点花纹就是关键的不一致点。如果我的关键词确实是“熊”，那么我会倾向于怀疑玩家3是卧底。|| 请通过你分析的不一致之处，推断卧底身份，注意，这局游戏的词语分类为<动物>，卧底词和平民词都属于该类。
2024-12-13 11:58:15,503 - 1 - INFO - **********PLAYER1**********
根据我的分析，如果关键词都是动物类别，且玩家3的描述中提到了斑点花纹，这与熊的特征不符，因为熊通常没有斑点花纹，而斑点花纹可能是猎豹或斑点狗的特征。由于熊、猎豹和斑点狗都属于动物类别，玩家3的描述中出现的不一致特征指向了一个不是熊的动物。

因此，基于描述中提到的不一致特征，我推断玩家3可能是卧底，因为他的描述中包含了与熊不符的特征，而这个特征可能是猎豹或斑点狗的特征。由于猎豹和斑点狗都是动物类别中的词语，玩家3的卧底身份可能是这两种动物中的任意一种。
2024-12-13 11:58:15,505 - 1 - INFO - **********JUDGER**********
你刚刚的推断是根据我的分析，如果关键词都是动物类别，且玩家3的描述中提到了斑点花纹，这与熊的特征不符，因为熊通常没有斑点花纹，而斑点花纹可能是猎豹或斑点狗的特征。由于熊、猎豹和斑点狗都属于动物类别，玩家3的描述中出现的不一致特征指向了一个不是熊的动物。

因此，基于描述中提到的不一致特征，我推断玩家3可能是卧底，因为他的描述中包含了与熊不符的特征，而这个特征可能是猎豹或斑点狗的特征。由于猎豹和斑点狗都是动物类别中的词语，玩家3的卧底身份可能是这两种动物中的任意一种。|| 基于你刚刚的推断得出你的最终结论，请输出你认为的卧底，在这种情况下只需要输出编号，是1-4中的某个数字，不要输出其他信息。在这个过程不要进行任何推理，只对||以前的部分进行信息提取
2024-12-13 11:58:16,044 - 1 - INFO - **********PLAYER1**********
3
2024-12-13 11:59:21,723 - 1 - INFO - **********JUDGER**********
玩家1说：它是一种温顺的哺乳动物，有着浓密的毛发。它在同类中最突出的不同特征是它有着可爱的圆滚滚的体型。玩家2说：这种动物通常生活在森林或山区，它们有着强壮的四肢和圆胖的身体。在同类中，它们最突出的不同特征是拥有长长的鼻子，这个鼻子在寒冷的环境中可以帮助它们找到食物。玩家3说：它是一种善于奔跑的动物，拥有强健的体魄和敏锐的感官。在同类中，它最突出的不同特征是有着独特的斑点花纹。玩家4说：它是一种体态丰满的动物，有着浓密的皮毛。在同类中，它的体型特别庞大，给人以可爱和温和的印象。你是第1号玩家，你的关键词是<熊>。你的回答中绝对不能包含你的关键词<熊>。这是第二轮描述，你之前的描述是它是一种温顺的哺乳动物，有着浓密的毛发。它在同类中最突出的不同特征是它有着可爱的圆滚滚的体型。，注意，这局游戏的词语分类为<动物>，卧底词和平民词都属于该类，请你补充关于关键词的描述，注意，你的描述应该比起之前的描述更加贴近关键词，作为之前的补充
2024-12-13 11:59:24,765 - 1 - INFO - **********PLAYER1**********
这种动物喜欢在寒冷的地区生活，它们有着厚实的皮毛来抵御严寒。它们的身体结构适合在雪地中行走，而且它们善于在水中游泳，寻找食物。在同类中，它们以其强大的力量和耐力而著称。
2024-12-13 11:59:30,887 - 1 - INFO - **********JUDGER**********
玩家1说：它是一种温顺的哺乳动物，有着浓密的毛发。它在同类中最突出的不同特征是它有着可爱的圆滚滚的体型。这种动物喜欢在寒冷的地区生活，它们有着厚实的皮毛来抵御严寒。它们的身体结构适合在雪地中行走，而且它们善于在水中游泳，寻找食物。在同类中，它们以其强大的力量和耐力而著称。玩家2说：这种动物通常生活在森林或山区，它们有着强壮的四肢和圆胖的身体。在同类中，它们最突出的不同特征是拥有长长的鼻子，这个鼻子在寒冷的环境中可以帮助它们找到食物。这种动物以它们惊人的力量和耐力而闻名，它们能够轻松攀爬陡峭的山峰，也能够在森林中快速移动。它们的身体结构适应了在雪地中的行走，而且它们在水中游泳的能力同样出色，这使得它们能够有效地捕食。在同类中，它们以其独特的适应性和在极端环境中的生存能力而特别突出。玩家3说：它是一种善于奔跑的动物，拥有强健的体魄和敏锐的感官。在同类中，它最突出的不同特征是有着独特的斑点花纹。这种动物以其优雅的姿态和出色的狩猎技巧而闻名。它的身体轻盈，动作敏捷，能够在森林中悄无声息地捕捉猎物。尽管体型庞大，但它们在捕猎时展现出了惊人的速度和力量。此外，它们的皮毛色泽鲜艳，具有独特的条纹图案，这种图案在同类中极为罕见。玩家4说：它是一种体态丰满的动物，有着浓密的皮毛。在同类中，它的体型特别庞大，给人以可爱和温和的印象。||在这个游戏中，我们需要通过分析每位玩家的描述来找出卧底。通常，平民的描述会围绕相同的词语展开，而卧底的描述可能会因为词语的不同而显得不太一致。我们需要仔细比较每个描述之间的相似性和差异性，以找出可能的卧底，注意，卧底并不会隐藏自己，他会直接描述他的词语，现在，逐一分析每个玩家的描述，注意，这局游戏的词语分类为<动物>，卧底词和平民词都属于该类。||之前是第2轮描述和之前轮数描述的合集。你之前认为的卧底是玩家3。
2024-12-13 11:59:31,586 - 1 - INFO - **********PLAYER1**********
3
2024-12-13 11:59:31,587 - 1 - INFO - **********JUDGER**********
你刚刚的分析是3|| `请根据上述分析，比较描述以找出不一致之处，注意，这局游戏的词语分类为<动物>，卧底词和平民词都属于该类。
2024-12-13 11:59:41,240 - 1 - INFO - **********PLAYER1**********
根据上述分析，我们可以看到以下不一致之处：

1. 玩家1和玩家2的描述都提到了动物生活在寒冷的地区，有着厚实的皮毛，身体结构适合在雪地中行走，以及善于在水中游泳。这些特征都与熊相符。

2. 玩家3的描述提到了动物善于奔跑，拥有敏锐的感官，独特的斑点花纹，优雅的姿态，出色的狩猎技巧，轻盈的身体和惊人的速度和力量。这些特征更像是猎豹或斑点狗，而不是熊。

3. 玩家4的描述与玩家1和玩家2的描述相似，提到了动物体态丰满，有着浓密的皮毛，体型庞大，给人以可爱和温和的印象。这些特征也与熊相符。

因此，不一致之处在于玩家3的描述与熊的特征不符，而更像是猎豹或斑点狗。这表明玩家3的描述可能与卧底身份更相关。
2024-12-13 11:59:41,241 - 1 - INFO - **********JUDGER**********
你刚刚的分析是根据上述分析，我们可以看到以下不一致之处：

1. 玩家1和玩家2的描述都提到了动物生活在寒冷的地区，有着厚实的皮毛，身体结构适合在雪地中行走，以及善于在水中游泳。这些特征都与熊相符。

2. 玩家3的描述提到了动物善于奔跑，拥有敏锐的感官，独特的斑点花纹，优雅的姿态，出色的狩猎技巧，轻盈的身体和惊人的速度和力量。这些特征更像是猎豹或斑点狗，而不是熊。

3. 玩家4的描述与玩家1和玩家2的描述相似，提到了动物体态丰满，有着浓密的皮毛，体型庞大，给人以可爱和温和的印象。这些特征也与熊相符。

因此，不一致之处在于玩家3的描述与熊的特征不符，而更像是猎豹或斑点狗。这表明玩家3的描述可能与卧底身份更相关。|| 请通过你分析的不一致之处，推断卧底身份，注意，这局游戏的词语分类为<动物>，卧底词和平民词都属于该类。
2024-12-13 11:59:44,453 - 1 - INFO - **********PLAYER1**********
根据上述分析，不一致之处在于玩家3的描述与熊的特征不符，而更像是猎豹或斑点狗。由于游戏词语分类为<动物>，且卧底词和平民词都属于该类，我们可以推断玩家3可能是卧底。因此，根据描述的不一致性，我认为玩家3是卧底。
2024-12-13 11:59:44,454 - 1 - INFO - **********JUDGER**********
你刚刚的推断是根据上述分析，不一致之处在于玩家3的描述与熊的特征不符，而更像是猎豹或斑点狗。由于游戏词语分类为<动物>，且卧底词和平民词都属于该类，我们可以推断玩家3可能是卧底。因此，根据描述的不一致性，我认为玩家3是卧底。|| 基于你刚刚的推断得出你的最终结论，请输出你认为的卧底，在这种情况下只需要输出编号，是1-4中的某个数字，不要输出其他信息。在这个过程不要进行任何推理，只对||以前的部分进行信息提取
2024-12-13 11:59:45,249 - 1 - INFO - **********PLAYER1**********
3
2024-12-13 12:01:06,040 - 1 - INFO - **********JUDGER**********
玩家1说：它是一种温顺的哺乳动物，有着浓密的毛发。它在同类中最突出的不同特征是它有着可爱的圆滚滚的体型。这种动物喜欢在寒冷的地区生活，它们有着厚实的皮毛来抵御严寒。它们的身体结构适合在雪地中行走，而且它们善于在水中游泳，寻找食物。在同类中，它们以其强大的力量和耐力而著称。玩家2说：这种动物通常生活在森林或山区，它们有着强壮的四肢和圆胖的身体。在同类中，它们最突出的不同特征是拥有长长的鼻子，这个鼻子在寒冷的环境中可以帮助它们找到食物。这种动物以它们惊人的力量和耐力而闻名，它们能够轻松攀爬陡峭的山峰，也能够在森林中快速移动。它们的身体结构适应了在雪地中的行走，而且它们在水中游泳的能力同样出色，这使得它们能够有效地捕食。在同类中，它们以其独特的适应性和在极端环境中的生存能力而特别突出。玩家3说：它是一种善于奔跑的动物，拥有强健的体魄和敏锐的感官。在同类中，它最突出的不同特征是有着独特的斑点花纹。这种动物以其优雅的姿态和出色的狩猎技巧而闻名。它的身体轻盈，动作敏捷，能够在森林中悄无声息地捕捉猎物。尽管体型庞大，但它们在捕猎时展现出了惊人的速度和力量。此外，它们的皮毛色泽鲜艳，具有独特的条纹图案，这种图案在同类中极为罕见。玩家4说：它是一种体态丰满的动物，有着浓密的皮毛。在同类中，它的体型特别庞大，给人以可爱和温和的印象。它是一种以力量和耐力著称的动物，擅长在雪地中行走和水中游泳。在同类中，它以其厚实的皮毛和强大的力量而闻名，能够在极端环境中生存。你是第1号玩家，你的关键词是<熊>。你的回答中绝对不能包含你的关键词<熊>。这是第三轮描述，你之前的描述是它是一种温顺的哺乳动物，有着浓密的毛发。它在同类中最突出的不同特征是它有着可爱的圆滚滚的体型。和这种动物喜欢在寒冷的地区生活，它们有着厚实的皮毛来抵御严寒。它们的身体结构适合在雪地中行走，而且它们善于在水中游泳，寻找食物。在同类中，它们以其强大的力量和耐力而著称。，注意，这局游戏的词语分类为<动物>，卧底词和平民词都属于该类，请你补充关于关键词的描述，注意，你的描述应该比起之前的描述更加贴近关键词，作为之前的补充
2024-12-13 12:01:07,853 - 1 - INFO - **********PLAYER1**********
这种动物有着强大的爪子，适合攀爬和抓握。它们在同类中以其庞大的体型和威严的姿态而著称，通常在夜晚活动，以避免捕食者的威胁。
2024-12-13 12:01:25,327 - 1 - INFO - **********JUDGER**********
玩家1说：它是一种温顺的哺乳动物，有着浓密的毛发。它在同类中最突出的不同特征是它有着可爱的圆滚滚的体型。这种动物喜欢在寒冷的地区生活，它们有着厚实的皮毛来抵御严寒。它们的身体结构适合在雪地中行走，而且它们善于在水中游泳，寻找食物。在同类中，它们以其强大的力量和耐力而著称。这种动物有着强大的爪子，适合攀爬和抓握。它们在同类中以其庞大的体型和威严的姿态而著称，通常在夜晚活动，以避免捕食者的威胁。玩家2说：这种动物通常生活在森林或山区，它们有着强壮的四肢和圆胖的身体。在同类中，它们最突出的不同特征是拥有长长的鼻子，这个鼻子在寒冷的环境中可以帮助它们找到食物。这种动物以它们惊人的力量和耐力而闻名，它们能够轻松攀爬陡峭的山峰，也能够在森林中快速移动。它们的身体结构适应了在雪地中的行走，而且它们在水中游泳的能力同样出色，这使得它们能够有效地捕食。在同类中，它们以其独特的适应性和在极端环境中的生存能力而特别突出。这种动物以其庞大的体型和厚实的皮毛而著称，它们在同类中以其强大的力量和耐力而闻名。它们通常在森林或山区中生活，拥有强壮的四肢，使得它们能够在雪地中行走和在水中游泳。这种动物的适应能力在同类中尤为突出，它们能够在极端环境中生存，并且以其厚实的皮毛和强大的力量而特别著名。玩家3说：它是一种善于奔跑的动物，拥有强健的体魄和敏锐的感官。在同类中，它最突出的不同特征是有着独特的斑点花纹。这种动物以其优雅的姿态和出色的狩猎技巧而闻名。它的身体轻盈，动作敏捷，能够在森林中悄无声息地捕捉猎物。尽管体型庞大，但它们在捕猎时展现出了惊人的速度和力量。此外，它们的皮毛色泽鲜艳，具有独特的条纹图案，这种图案在同类中极为罕见。这种动物以其敏捷的身手和卓越的狩猎能力而著称。它的身体结构适应了快速奔跑，拥有出色的爆发力。它的皮毛光滑，颜色多变，能够在不同环境中融入自然环境，帮助它在狩猎时保持隐蔽。这种动物在同类中以其独立和自信的态度而知名，它们在捕猎时展现出高度的专注和精准。尽管体型可能不如其他大型猫科动物那样庞大，但它们的力量和敏捷性在同类中是无与伦比的。玩家4说：它是一种体态丰满的动物，有着浓密的皮毛。在同类中，它的体型特别庞大，给人以可爱和温和的印象。它是一种以力量和耐力著称的动物，擅长在雪地中行走和水中游泳。在同类中，它以其厚实的皮毛和强大的力量而闻名，能够在极端环境中生存。它是一种强大的动物，以其厚实的皮毛和强大的力量而著称。在同类中，它的体型庞大，给人以可爱和温和的印象，但同时也展现出了惊人的耐力和适应极端环境的能力。它的身体结构适应了在雪地中行走和在水中游泳，这使得它能够在多种环境中生存和捕食。||在这个游戏中，我们需要通过分析每位玩家的描述来找出卧底。通常，平民的描述会围绕相同的词语展开，而卧底的描述可能会因为词语的不同而显得不太一致。我们需要仔细比较每个描述之间的相似性和差异性，以找出可能的卧底，注意，卧底并不会隐藏自己，他会直接描述他的词语，现在，逐一分析每个玩家的描述，注意，这局游戏的词语分类为<动物>，卧底词和平民词都属于该类。||之前是第3轮描述和之前轮数描述的合集。你之前认为的卧底是玩家3。
2024-12-13 12:01:26,912 - 1 - INFO - **********PLAYER1**********
3
2024-12-13 12:01:26,915 - 1 - INFO - **********JUDGER**********
你刚刚的分析是3|| `请根据上述分析，比较描述以找出不一致之处，注意，这局游戏的词语分类为<动物>，卧底词和平民词都属于该类。
2024-12-13 12:01:37,765 - 1 - INFO - **********PLAYER1**********
根据上述分析，我们可以看到以下不一致之处：

1. 玩家1和玩家2的描述都强调了动物生活在寒冷的地区，有着厚实的皮毛，适应雪地和水中游泳的能力，以及强大的力量和耐力。这些特征与熊相符。

2. 玩家4的描述与玩家1和玩家2的描述相似，也提到了动物生活在寒冷的地区，有着厚实的皮毛，适应雪地和水中游泳，以及强大的力量和耐力。这些特征同样与熊相符。

3. 玩家3的描述则提到了动物善于奔跑，拥有敏锐的感官，独特的斑点花纹，优雅的姿态，出色的狩猎技巧，轻盈的身体和惊人的速度和力量。这些特征与猫科动物，如猎豹或豹，更为相符，而不是熊。

因此，不一致之处在于玩家3的描述与熊的特征不符，而更像是猫科动物。这表明玩家3的描述可能与卧底身份更相关。
2024-12-13 12:01:37,769 - 1 - INFO - **********JUDGER**********
你刚刚的分析是根据上述分析，我们可以看到以下不一致之处：

1. 玩家1和玩家2的描述都强调了动物生活在寒冷的地区，有着厚实的皮毛，适应雪地和水中游泳的能力，以及强大的力量和耐力。这些特征与熊相符。

2. 玩家4的描述与玩家1和玩家2的描述相似，也提到了动物生活在寒冷的地区，有着厚实的皮毛，适应雪地和水中游泳，以及强大的力量和耐力。这些特征同样与熊相符。

3. 玩家3的描述则提到了动物善于奔跑，拥有敏锐的感官，独特的斑点花纹，优雅的姿态，出色的狩猎技巧，轻盈的身体和惊人的速度和力量。这些特征与猫科动物，如猎豹或豹，更为相符，而不是熊。

因此，不一致之处在于玩家3的描述与熊的特征不符，而更像是猫科动物。这表明玩家3的描述可能与卧底身份更相关。|| 请通过你分析的不一致之处，推断卧底身份，注意，这局游戏的词语分类为<动物>，卧底词和平民词都属于该类。
2024-12-13 12:01:39,809 - 1 - INFO - **********PLAYER1**********
3
2024-12-13 12:01:39,810 - 1 - INFO - **********JUDGER**********
你刚刚的推断是3|| 基于你刚刚的推断得出你的最终结论，请输出你认为的卧底，在这种情况下只需要输出编号，是1-4中的某个数字，不要输出其他信息。在这个过程不要进行任何推理，只对||以前的部分进行信息提取
2024-12-13 12:01:41,590 - 1 - INFO - **********PLAYER1**********
3
