2024-12-13 11:57:44,298 - 2 - INFO - **********JUDGER**********
让我们来玩一个叫做<谁是卧底>的推理游戏。基本规则：<人数>：4人。<角色分配>：每位玩家随机抽取一个词语，3名玩家拿到的词语是相同的（平民词），1名玩家拿到与之相近但不同的词语（卧底词）。<游戏流程>：1、玩家轮流描述自己的词语，但<不能>直接说出词语本身。2、描述完毕后，投票选出最像卧底的玩家。3、每轮结束后，被投票选出的玩家出局，不能再进行描述或投票。4、每轮投票结束后，如果卧底被成功找出，平民方获胜；如果卧底未被找出且卧底人数等于或超过平民人数，则卧底方获胜。你将扮演一个<玩家>，请等待你被分配到的关键词。如果你听懂了，只回答，"好的，我准备好参加游戏了"，不要输出别的信息
2024-12-13 11:57:44,882 - 2 - INFO - **********PLAYER2**********
好的，我准备好参加游戏了
2024-12-13 11:57:50,509 - 2 - INFO - **********JUDGER**********
玩家1说：它是一种温顺的哺乳动物，有着浓密的毛发。它在同类中最突出的不同特征是它有着可爱的圆滚滚的体型。玩家2说：玩家3说：玩家4说：|| 你是第2号玩家，你的关键词是<熊>。你的回答中绝对不能包含你的关键词<熊>。这是第一轮描述，不需要分析||之前别的玩家的描述，请你描述关键词基本特征，注意，这局游戏的词语分类为<动物>，卧底词和平民词都属于该类，描述包括以下两点，1.他的基本特征是什么2.他在该类（动物）中最突出不同的特征是什么，尽量简短
2024-12-13 11:57:52,009 - 2 - INFO - **********PLAYER2**********
这种动物通常生活在森林或山区，它们有着强壮的四肢和圆胖的身体。在同类中，它们最突出的不同特征是拥有长长的鼻子，这个鼻子在寒冷的环境中可以帮助它们找到食物。
2024-12-13 11:58:16,045 - 2 - INFO - **********JUDGER**********
玩家1说：它是一种温顺的哺乳动物，有着浓密的毛发。它在同类中最突出的不同特征是它有着可爱的圆滚滚的体型。玩家2说：这种动物通常生活在森林或山区，它们有着强壮的四肢和圆胖的身体。在同类中，它们最突出的不同特征是拥有长长的鼻子，这个鼻子在寒冷的环境中可以帮助它们找到食物。玩家3说：它是一种善于奔跑的动物，拥有强健的体魄和敏锐的感官。在同类中，它最突出的不同特征是有着独特的斑点花纹。玩家4说：||在这个游戏中，我们需要通过分析每位玩家的描述来找出卧底。通常，平民的描述会围绕相同的词语展开，而卧底的描述可能会因为词语的不同而显得不太一致。我们需要仔细比较每个描述之间的相似性和差异性，以找出可能的卧底，注意，卧底并不会隐藏自己，他会直接描述他的词语，现在，逐一分析每个玩家的描述，注意，这局游戏的词语分类为<动物>，卧底词和平民词都属于该类。这是第一轮描述。
2024-12-13 11:58:21,189 - 2 - INFO - **********PLAYER2**********
玩家1和玩家2的描述都提到了“圆滚滚的体型”和“浓密的毛发”，这暗示了它们可能在描述同一种动物。玩家3提到了“斑点花纹”，这可能与玩家1和玩家2的描述不符，因为它们没有提到斑点。玩家4的描述虽然提到了动物的基本特征，但没有提供具体的信息，似乎是引导大家注意描述的相似性和差异性。

基于这些信息，玩家3的描述可能与其他玩家不同，因为他提到了“斑点花纹”，而其他玩家没有。这可能是卧底的一个线索。不过，由于玩家4的描述比较笼统，没有具体指向任何动物，所以玩家4的描述也可能是一个陷阱。

综合考虑，玩家3的描述最有可能是不一致的，因此我认为玩家3可能是卧底。
2024-12-13 11:58:21,190 - 2 - INFO - **********JUDGER**********
你刚刚的分析是玩家1和玩家2的描述都提到了“圆滚滚的体型”和“浓密的毛发”，这暗示了它们可能在描述同一种动物。玩家3提到了“斑点花纹”，这可能与玩家1和玩家2的描述不符，因为它们没有提到斑点。玩家4的描述虽然提到了动物的基本特征，但没有提供具体的信息，似乎是引导大家注意描述的相似性和差异性。

基于这些信息，玩家3的描述可能与其他玩家不同，因为他提到了“斑点花纹”，而其他玩家没有。这可能是卧底的一个线索。不过，由于玩家4的描述比较笼统，没有具体指向任何动物，所以玩家4的描述也可能是一个陷阱。

综合考虑，玩家3的描述最有可能是不一致的，因此我认为玩家3可能是卧底。|| `请根据上述分析，比较描述以找出不一致之处，注意，这局游戏的词语分类为<动物>，卧底词和平民词都属于该类。
2024-12-13 11:58:26,794 - 2 - INFO - **********PLAYER2**********
根据上述分析，我们可以比较每位玩家的描述来找出不一致之处：

- 玩家1和玩家2的描述都提到了“圆滚滚的体型”和“浓密的毛发”，这表明他们可能描述的是同一种动物，可能是熊、河马或类似体型的动物。
- 玩家3的描述提到了“斑点花纹”，这与玩家1和玩家2的描述不一致，因为斑点花纹是其他动物（如老虎、豹子）的特征，而不是熊或河马。
- 玩家4的描述比较笼统，提到了“善于奔跑的动物”和“独特的斑点花纹”，但没有提供足够的信息来排除或确认是哪种动物。

不一致之处在于玩家3提到的“斑点花纹”，这与玩家1和玩家2的描述不符。因此，根据描述的不一致性，玩家3的描述最可能是与其他玩家不同的，他可能是卧底。而玩家4的描述虽然提到了斑点花纹，但由于其描述的笼统性，不足以作为判断的依据。
2024-12-13 11:58:26,806 - 2 - INFO - **********JUDGER**********
你刚刚的分析是根据上述分析，我们可以比较每位玩家的描述来找出不一致之处：

- 玩家1和玩家2的描述都提到了“圆滚滚的体型”和“浓密的毛发”，这表明他们可能描述的是同一种动物，可能是熊、河马或类似体型的动物。
- 玩家3的描述提到了“斑点花纹”，这与玩家1和玩家2的描述不一致，因为斑点花纹是其他动物（如老虎、豹子）的特征，而不是熊或河马。
- 玩家4的描述比较笼统，提到了“善于奔跑的动物”和“独特的斑点花纹”，但没有提供足够的信息来排除或确认是哪种动物。

不一致之处在于玩家3提到的“斑点花纹”，这与玩家1和玩家2的描述不符。因此，根据描述的不一致性，玩家3的描述最可能是与其他玩家不同的，他可能是卧底。而玩家4的描述虽然提到了斑点花纹，但由于其描述的笼统性，不足以作为判断的依据。|| 请通过你分析的不一致之处，推断卧底身份，注意，这局游戏的词语分类为<动物>，卧底词和平民词都属于该类。
2024-12-13 11:58:30,760 - 2 - INFO - **********PLAYER2**********
根据我的分析，不一致之处在于玩家3的描述中提到了“斑点花纹”，而玩家1和玩家2的描述中没有提到这一特征。由于我们讨论的是动物类别的词语，且玩家4的描述虽然也提到了斑点花纹，但同样比较笼统，没有具体指向任何一种动物。

考虑到玩家3的描述与玩家1和玩家2的描述存在明显差异，且斑点花纹是老虎或豹子等动物的特征，而玩家1和玩家2的描述更像是熊或河马的描述，因此可以推断玩家3的描述是不符合其他玩家描述的，他可能是卧底。

所以，根据这些信息，玩家3很可能是卧底。
2024-12-13 11:58:30,763 - 2 - INFO - **********JUDGER**********
你刚刚的推断是根据我的分析，不一致之处在于玩家3的描述中提到了“斑点花纹”，而玩家1和玩家2的描述中没有提到这一特征。由于我们讨论的是动物类别的词语，且玩家4的描述虽然也提到了斑点花纹，但同样比较笼统，没有具体指向任何一种动物。

考虑到玩家3的描述与玩家1和玩家2的描述存在明显差异，且斑点花纹是老虎或豹子等动物的特征，而玩家1和玩家2的描述更像是熊或河马的描述，因此可以推断玩家3的描述是不符合其他玩家描述的，他可能是卧底。

所以，根据这些信息，玩家3很可能是卧底。|| 基于你刚刚的推断得出你的最终结论，请输出你认为的卧底，在这种情况下只需要输出编号，是1-4中的某个数字，不要输出其他信息。在这个过程不要进行任何推理，只对||以前的部分进行信息提取
2024-12-13 11:58:31,171 - 2 - INFO - **********PLAYER2**********
3
2024-12-13 11:59:24,766 - 2 - INFO - **********JUDGER**********
玩家1说：它是一种温顺的哺乳动物，有着浓密的毛发。它在同类中最突出的不同特征是它有着可爱的圆滚滚的体型。这种动物喜欢在寒冷的地区生活，它们有着厚实的皮毛来抵御严寒。它们的身体结构适合在雪地中行走，而且它们善于在水中游泳，寻找食物。在同类中，它们以其强大的力量和耐力而著称。玩家2说：这种动物通常生活在森林或山区，它们有着强壮的四肢和圆胖的身体。在同类中，它们最突出的不同特征是拥有长长的鼻子，这个鼻子在寒冷的环境中可以帮助它们找到食物。玩家3说：它是一种善于奔跑的动物，拥有强健的体魄和敏锐的感官。在同类中，它最突出的不同特征是有着独特的斑点花纹。玩家4说：它是一种体态丰满的动物，有着浓密的皮毛。在同类中，它的体型特别庞大，给人以可爱和温和的印象。你是第2号玩家，你的关键词是<熊>。你的回答中绝对不能包含你的关键词<熊>。这是第二轮描述，你之前的描述是这种动物通常生活在森林或山区，它们有着强壮的四肢和圆胖的身体。在同类中，它们最突出的不同特征是拥有长长的鼻子，这个鼻子在寒冷的环境中可以帮助它们找到食物。，注意，这局游戏的词语分类为<动物>，卧底词和平民词都属于该类，请你补充关于关键词的描述，注意，你的描述应该比起之前的描述更加贴近关键词，作为之前的补充
2024-12-13 11:59:27,038 - 2 - INFO - **********PLAYER2**********
这种动物以它们惊人的力量和耐力而闻名，它们能够轻松攀爬陡峭的山峰，也能够在森林中快速移动。它们的身体结构适应了在雪地中的行走，而且它们在水中游泳的能力同样出色，这使得它们能够有效地捕食。在同类中，它们以其独特的适应性和在极端环境中的生存能力而特别突出。
2024-12-13 11:59:45,250 - 2 - INFO - **********JUDGER**********
玩家1说：它是一种温顺的哺乳动物，有着浓密的毛发。它在同类中最突出的不同特征是它有着可爱的圆滚滚的体型。这种动物喜欢在寒冷的地区生活，它们有着厚实的皮毛来抵御严寒。它们的身体结构适合在雪地中行走，而且它们善于在水中游泳，寻找食物。在同类中，它们以其强大的力量和耐力而著称。玩家2说：这种动物通常生活在森林或山区，它们有着强壮的四肢和圆胖的身体。在同类中，它们最突出的不同特征是拥有长长的鼻子，这个鼻子在寒冷的环境中可以帮助它们找到食物。这种动物以它们惊人的力量和耐力而闻名，它们能够轻松攀爬陡峭的山峰，也能够在森林中快速移动。它们的身体结构适应了在雪地中的行走，而且它们在水中游泳的能力同样出色，这使得它们能够有效地捕食。在同类中，它们以其独特的适应性和在极端环境中的生存能力而特别突出。玩家3说：它是一种善于奔跑的动物，拥有强健的体魄和敏锐的感官。在同类中，它最突出的不同特征是有着独特的斑点花纹。这种动物以其优雅的姿态和出色的狩猎技巧而闻名。它的身体轻盈，动作敏捷，能够在森林中悄无声息地捕捉猎物。尽管体型庞大，但它们在捕猎时展现出了惊人的速度和力量。此外，它们的皮毛色泽鲜艳，具有独特的条纹图案，这种图案在同类中极为罕见。玩家4说：它是一种体态丰满的动物，有着浓密的皮毛。在同类中，它的体型特别庞大，给人以可爱和温和的印象。||在这个游戏中，我们需要通过分析每位玩家的描述来找出卧底。通常，平民的描述会围绕相同的词语展开，而卧底的描述可能会因为词语的不同而显得不太一致。我们需要仔细比较每个描述之间的相似性和差异性，以找出可能的卧底，注意，卧底并不会隐藏自己，他会直接描述他的词语，现在，逐一分析每个玩家的描述，注意，这局游戏的词语分类为<动物>，卧底词和平民词都属于该类。||之前是第2轮描述和之前轮数描述的合集。你之前认为的卧底是玩家3。
2024-12-13 11:59:51,800 - 2 - INFO - **********PLAYER2**********
基于之前的描述，我之前的推断是玩家3可能是卧底，因为他的描述中提到了“独特的斑点花纹”，这与玩家1和玩家2的描述中提到的熊的特征不符，而且与玩家4的描述也不完全一致。

现在，我们来逐一分析每个玩家的描述：

- 玩家1和玩家2的描述都提到了熊的圆滚滚的体型、浓密的毛发、长鼻子、强大的力量和耐力，以及适应雪地行走和水中游泳的能力。
- 玩家3的描述提到了善于奔跑的动物、独特的斑点花纹、优雅的姿态、出色的狩猎技巧、轻盈的身体、敏捷的动作和鲜艳的皮毛。
- 玩家4的描述与玩家1和玩家2的描述相似，提到了熊的圆滚滚的体型、浓密的皮毛、庞大的体型和可爱温和的印象。

根据这些描述，玩家3的描述与玩家1、2、4的描述存在显著差异，尤其是提到了“独特的斑点花纹”，这是熊的特征中未提到的。因此，结合之前的分析，我仍然认为玩家3可能是卧底。
2024-12-13 11:59:51,801 - 2 - INFO - **********JUDGER**********
你刚刚的分析是基于之前的描述，我之前的推断是玩家3可能是卧底，因为他的描述中提到了“独特的斑点花纹”，这与玩家1和玩家2的描述中提到的熊的特征不符，而且与玩家4的描述也不完全一致。

现在，我们来逐一分析每个玩家的描述：

- 玩家1和玩家2的描述都提到了熊的圆滚滚的体型、浓密的毛发、长鼻子、强大的力量和耐力，以及适应雪地行走和水中游泳的能力。
- 玩家3的描述提到了善于奔跑的动物、独特的斑点花纹、优雅的姿态、出色的狩猎技巧、轻盈的身体、敏捷的动作和鲜艳的皮毛。
- 玩家4的描述与玩家1和玩家2的描述相似，提到了熊的圆滚滚的体型、浓密的皮毛、庞大的体型和可爱温和的印象。

根据这些描述，玩家3的描述与玩家1、2、4的描述存在显著差异，尤其是提到了“独特的斑点花纹”，这是熊的特征中未提到的。因此，结合之前的分析，我仍然认为玩家3可能是卧底。|| `请根据上述分析，比较描述以找出不一致之处，注意，这局游戏的词语分类为<动物>，卧底词和平民词都属于该类。
2024-12-13 11:59:55,865 - 2 - INFO - **********PLAYER2**********
根据上述分析，不一致之处如下：

- 玩家1和玩家2的描述都集中在熊的特征上，如圆滚滚的体型、浓密的毛发、长鼻子、强大的力量和耐力等。
- 玩家3的描述提到了“独特的斑点花纹”，这是与熊的特征不符的，因为熊通常没有斑点花纹。
- 玩家4的描述虽然也提到了熊的体型和皮毛特征，但没有提到斑点花纹，与玩家3的描述也不一致。

因此，玩家3的描述与其他玩家的描述存在不一致之处，特别是关于斑点花纹的描述，这可能是卧底的一个显著特征。
2024-12-13 11:59:55,866 - 2 - INFO - **********JUDGER**********
你刚刚的分析是根据上述分析，不一致之处如下：

- 玩家1和玩家2的描述都集中在熊的特征上，如圆滚滚的体型、浓密的毛发、长鼻子、强大的力量和耐力等。
- 玩家3的描述提到了“独特的斑点花纹”，这是与熊的特征不符的，因为熊通常没有斑点花纹。
- 玩家4的描述虽然也提到了熊的体型和皮毛特征，但没有提到斑点花纹，与玩家3的描述也不一致。

因此，玩家3的描述与其他玩家的描述存在不一致之处，特别是关于斑点花纹的描述，这可能是卧底的一个显著特征。|| 请通过你分析的不一致之处，推断卧底身份，注意，这局游戏的词语分类为<动物>，卧底词和平民词都属于该类。
2024-12-13 11:59:57,027 - 2 - INFO - **********PLAYER2**********
3
2024-12-13 11:59:57,027 - 2 - INFO - **********JUDGER**********
你刚刚的推断是3|| 基于你刚刚的推断得出你的最终结论，请输出你认为的卧底，在这种情况下只需要输出编号，是1-4中的某个数字，不要输出其他信息。在这个过程不要进行任何推理，只对||以前的部分进行信息提取
2024-12-13 11:59:57,784 - 2 - INFO - **********PLAYER2**********
3
2024-12-13 12:01:07,855 - 2 - INFO - **********JUDGER**********
玩家1说：它是一种温顺的哺乳动物，有着浓密的毛发。它在同类中最突出的不同特征是它有着可爱的圆滚滚的体型。这种动物喜欢在寒冷的地区生活，它们有着厚实的皮毛来抵御严寒。它们的身体结构适合在雪地中行走，而且它们善于在水中游泳，寻找食物。在同类中，它们以其强大的力量和耐力而著称。这种动物有着强大的爪子，适合攀爬和抓握。它们在同类中以其庞大的体型和威严的姿态而著称，通常在夜晚活动，以避免捕食者的威胁。玩家2说：这种动物通常生活在森林或山区，它们有着强壮的四肢和圆胖的身体。在同类中，它们最突出的不同特征是拥有长长的鼻子，这个鼻子在寒冷的环境中可以帮助它们找到食物。这种动物以它们惊人的力量和耐力而闻名，它们能够轻松攀爬陡峭的山峰，也能够在森林中快速移动。它们的身体结构适应了在雪地中的行走，而且它们在水中游泳的能力同样出色，这使得它们能够有效地捕食。在同类中，它们以其独特的适应性和在极端环境中的生存能力而特别突出。玩家3说：它是一种善于奔跑的动物，拥有强健的体魄和敏锐的感官。在同类中，它最突出的不同特征是有着独特的斑点花纹。这种动物以其优雅的姿态和出色的狩猎技巧而闻名。它的身体轻盈，动作敏捷，能够在森林中悄无声息地捕捉猎物。尽管体型庞大，但它们在捕猎时展现出了惊人的速度和力量。此外，它们的皮毛色泽鲜艳，具有独特的条纹图案，这种图案在同类中极为罕见。玩家4说：它是一种体态丰满的动物，有着浓密的皮毛。在同类中，它的体型特别庞大，给人以可爱和温和的印象。它是一种以力量和耐力著称的动物，擅长在雪地中行走和水中游泳。在同类中，它以其厚实的皮毛和强大的力量而闻名，能够在极端环境中生存。你是第2号玩家，你的关键词是<熊>。你的回答中绝对不能包含你的关键词<熊>。这是第三轮描述，你之前的描述是这种动物通常生活在森林或山区，它们有着强壮的四肢和圆胖的身体。在同类中，它们最突出的不同特征是拥有长长的鼻子，这个鼻子在寒冷的环境中可以帮助它们找到食物。和这种动物以它们惊人的力量和耐力而闻名，它们能够轻松攀爬陡峭的山峰，也能够在森林中快速移动。它们的身体结构适应了在雪地中的行走，而且它们在水中游泳的能力同样出色，这使得它们能够有效地捕食。在同类中，它们以其独特的适应性和在极端环境中的生存能力而特别突出。，注意，这局游戏的词语分类为<动物>，卧底词和平民词都属于该类，请你补充关于关键词的描述，注意，你的描述应该比起之前的描述更加贴近关键词，作为之前的补充
2024-12-13 12:01:12,631 - 2 - INFO - **********PLAYER2**********
这种动物以其庞大的体型和厚实的皮毛而著称，它们在同类中以其强大的力量和耐力而闻名。它们通常在森林或山区中生活，拥有强壮的四肢，使得它们能够在雪地中行走和在水中游泳。这种动物的适应能力在同类中尤为突出，它们能够在极端环境中生存，并且以其厚实的皮毛和强大的力量而特别著名。
2024-12-13 12:01:41,592 - 2 - INFO - **********JUDGER**********
玩家1说：它是一种温顺的哺乳动物，有着浓密的毛发。它在同类中最突出的不同特征是它有着可爱的圆滚滚的体型。这种动物喜欢在寒冷的地区生活，它们有着厚实的皮毛来抵御严寒。它们的身体结构适合在雪地中行走，而且它们善于在水中游泳，寻找食物。在同类中，它们以其强大的力量和耐力而著称。这种动物有着强大的爪子，适合攀爬和抓握。它们在同类中以其庞大的体型和威严的姿态而著称，通常在夜晚活动，以避免捕食者的威胁。玩家2说：这种动物通常生活在森林或山区，它们有着强壮的四肢和圆胖的身体。在同类中，它们最突出的不同特征是拥有长长的鼻子，这个鼻子在寒冷的环境中可以帮助它们找到食物。这种动物以它们惊人的力量和耐力而闻名，它们能够轻松攀爬陡峭的山峰，也能够在森林中快速移动。它们的身体结构适应了在雪地中的行走，而且它们在水中游泳的能力同样出色，这使得它们能够有效地捕食。在同类中，它们以其独特的适应性和在极端环境中的生存能力而特别突出。这种动物以其庞大的体型和厚实的皮毛而著称，它们在同类中以其强大的力量和耐力而闻名。它们通常在森林或山区中生活，拥有强壮的四肢，使得它们能够在雪地中行走和在水中游泳。这种动物的适应能力在同类中尤为突出，它们能够在极端环境中生存，并且以其厚实的皮毛和强大的力量而特别著名。玩家3说：它是一种善于奔跑的动物，拥有强健的体魄和敏锐的感官。在同类中，它最突出的不同特征是有着独特的斑点花纹。这种动物以其优雅的姿态和出色的狩猎技巧而闻名。它的身体轻盈，动作敏捷，能够在森林中悄无声息地捕捉猎物。尽管体型庞大，但它们在捕猎时展现出了惊人的速度和力量。此外，它们的皮毛色泽鲜艳，具有独特的条纹图案，这种图案在同类中极为罕见。这种动物以其敏捷的身手和卓越的狩猎能力而著称。它的身体结构适应了快速奔跑，拥有出色的爆发力。它的皮毛光滑，颜色多变，能够在不同环境中融入自然环境，帮助它在狩猎时保持隐蔽。这种动物在同类中以其独立和自信的态度而知名，它们在捕猎时展现出高度的专注和精准。尽管体型可能不如其他大型猫科动物那样庞大，但它们的力量和敏捷性在同类中是无与伦比的。玩家4说：它是一种体态丰满的动物，有着浓密的皮毛。在同类中，它的体型特别庞大，给人以可爱和温和的印象。它是一种以力量和耐力著称的动物，擅长在雪地中行走和水中游泳。在同类中，它以其厚实的皮毛和强大的力量而闻名，能够在极端环境中生存。它是一种强大的动物，以其厚实的皮毛和强大的力量而著称。在同类中，它的体型庞大，给人以可爱和温和的印象，但同时也展现出了惊人的耐力和适应极端环境的能力。它的身体结构适应了在雪地中行走和在水中游泳，这使得它能够在多种环境中生存和捕食。||在这个游戏中，我们需要通过分析每位玩家的描述来找出卧底。通常，平民的描述会围绕相同的词语展开，而卧底的描述可能会因为词语的不同而显得不太一致。我们需要仔细比较每个描述之间的相似性和差异性，以找出可能的卧底，注意，卧底并不会隐藏自己，他会直接描述他的词语，现在，逐一分析每个玩家的描述，注意，这局游戏的词语分类为<动物>，卧底词和平民词都属于该类。||之前是第3轮描述和之前轮数描述的合集。你之前认为的卧底是玩家3。
2024-12-13 12:01:54,551 - 2 - INFO - **********PLAYER2**********
根据之前的描述，我们可以看到以下不一致之处：

- 玩家1和玩家2的描述都强调了动物的圆滚滚的体型、厚实的皮毛、强大的力量和耐力，以及它们在雪地中行走和在水中游泳的能力。
- 玩家4的描述与玩家1和玩家2的描述非常相似，也提到了动物的庞大体型、厚实的皮毛、强大的力量和耐力，以及适应雪地和水中生活的能力。
- 玩家3的描述则提到了动物善于奔跑、拥有独特的斑点花纹、优雅的姿态、出色的狩猎技巧、轻盈的身体、敏捷的动作、鲜艳的皮毛、光滑的皮毛、颜色多变，以及独立和自信的态度。

玩家3的描述中提到的斑点花纹、优雅的姿态、出色的狩猎技巧、轻盈的身体、敏捷的动作、鲜艳的皮毛、光滑的皮毛、颜色多变等特征，与玩家1、2、4的描述中提到的熊的特征不一致。这些特征更像是其他动物，如猫科动物的特征。

因此，基于描述的不一致性，玩家3的描述与其他玩家不同，他可能是卧底。这与我之前的推断一致。
2024-12-13 12:01:54,551 - 2 - INFO - **********JUDGER**********
你刚刚的分析是根据之前的描述，我们可以看到以下不一致之处：

- 玩家1和玩家2的描述都强调了动物的圆滚滚的体型、厚实的皮毛、强大的力量和耐力，以及它们在雪地中行走和在水中游泳的能力。
- 玩家4的描述与玩家1和玩家2的描述非常相似，也提到了动物的庞大体型、厚实的皮毛、强大的力量和耐力，以及适应雪地和水中生活的能力。
- 玩家3的描述则提到了动物善于奔跑、拥有独特的斑点花纹、优雅的姿态、出色的狩猎技巧、轻盈的身体、敏捷的动作、鲜艳的皮毛、光滑的皮毛、颜色多变，以及独立和自信的态度。

玩家3的描述中提到的斑点花纹、优雅的姿态、出色的狩猎技巧、轻盈的身体、敏捷的动作、鲜艳的皮毛、光滑的皮毛、颜色多变等特征，与玩家1、2、4的描述中提到的熊的特征不一致。这些特征更像是其他动物，如猫科动物的特征。

因此，基于描述的不一致性，玩家3的描述与其他玩家不同，他可能是卧底。这与我之前的推断一致。|| `请根据上述分析，比较描述以找出不一致之处，注意，这局游戏的词语分类为<动物>，卧底词和平民词都属于该类。
2024-12-13 12:02:03,389 - 2 - INFO - **********PLAYER2**********
不一致之处如下：

- 玩家1和玩家2的描述都集中在熊的特征上，如圆滚滚的体型、厚实的皮毛、长鼻子、强大的力量和耐力，以及适应雪地行走和水中游泳的能力。
- 玩家4的描述与玩家1和玩家2的描述相似，强调了熊的庞大体型、厚实的皮毛、强大的力量和耐力，以及适应雪地和水中生活的能力。
- 玩家3的描述则提到了动物善于奔跑、拥有独特的斑点花纹、优雅的姿态、出色的狩猎技巧、轻盈的身体、敏捷的动作、鲜艳的皮毛、光滑的皮毛、颜色多变，以及独立和自信的态度，这些特征与熊的典型描述不符，更像是猫科动物的特征。
2024-12-13 12:02:03,390 - 2 - INFO - **********JUDGER**********
你刚刚的分析是不一致之处如下：

- 玩家1和玩家2的描述都集中在熊的特征上，如圆滚滚的体型、厚实的皮毛、长鼻子、强大的力量和耐力，以及适应雪地行走和水中游泳的能力。
- 玩家4的描述与玩家1和玩家2的描述相似，强调了熊的庞大体型、厚实的皮毛、强大的力量和耐力，以及适应雪地和水中生活的能力。
- 玩家3的描述则提到了动物善于奔跑、拥有独特的斑点花纹、优雅的姿态、出色的狩猎技巧、轻盈的身体、敏捷的动作、鲜艳的皮毛、光滑的皮毛、颜色多变，以及独立和自信的态度，这些特征与熊的典型描述不符，更像是猫科动物的特征。|| 请通过你分析的不一致之处，推断卧底身份，注意，这局游戏的词语分类为<动物>，卧底词和平民词都属于该类。
2024-12-13 12:02:05,189 - 2 - INFO - **********PLAYER2**********
3
2024-12-13 12:02:05,189 - 2 - INFO - **********JUDGER**********
你刚刚的推断是3|| 基于你刚刚的推断得出你的最终结论，请输出你认为的卧底，在这种情况下只需要输出编号，是1-4中的某个数字，不要输出其他信息。在这个过程不要进行任何推理，只对||以前的部分进行信息提取
2024-12-13 12:02:06,433 - 2 - INFO - **********PLAYER2**********
3
