2024-12-13 11:57:45,796 - 3 - INFO - **********JUDGER**********
让我们来玩一个叫做<谁是卧底>的推理游戏。基本规则：<人数>：4人。<角色分配>：每位玩家随机抽取一个词语，3名玩家拿到的词语是相同的（平民词），1名玩家拿到与之相近但不同的词语（卧底词）。<游戏流程>：1、玩家轮流描述自己的词语，但<不能>直接说出词语本身。2、描述完毕后，投票选出最像卧底的玩家。3、每轮结束后，被投票选出的玩家出局，不能再进行描述或投票。4、每轮投票结束后，如果卧底被成功找出，平民方获胜；如果卧底未被找出且卧底人数等于或超过平民人数，则卧底方获胜。你将扮演一个<玩家>，请等待你被分配到的关键词。如果你听懂了，只回答，"好的，我准备好参加游戏了"，不要输出别的信息
2024-12-13 11:57:46,651 - 3 - INFO - **********PLAYER3**********
好的，我准备好参加游戏了
2024-12-13 11:57:52,012 - 3 - INFO - **********JUDGER**********
玩家1说：它是一种温顺的哺乳动物，有着浓密的毛发。它在同类中最突出的不同特征是它有着可爱的圆滚滚的体型。玩家2说：这种动物通常生活在森林或山区，它们有着强壮的四肢和圆胖的身体。在同类中，它们最突出的不同特征是拥有长长的鼻子，这个鼻子在寒冷的环境中可以帮助它们找到食物。玩家3说：玩家4说：|| 你是第3号玩家，你的关键词是<豹子>。你的回答中绝对不能包含你的关键词<豹子>。这是第一轮描述，不需要分析||之前别的玩家的描述，请你描述关键词基本特征，注意，这局游戏的词语分类为<动物>，卧底词和平民词都属于该类，描述包括以下两点，1.他的基本特征是什么2.他在该类（动物）中最突出不同的特征是什么，尽量简短
2024-12-13 11:57:53,758 - 3 - INFO - **********PLAYER3**********
它是一种善于奔跑的动物，拥有强健的体魄和敏锐的感官。在同类中，它最突出的不同特征是有着独特的斑点花纹。
2024-12-13 11:58:31,172 - 3 - INFO - **********JUDGER**********
玩家1说：它是一种温顺的哺乳动物，有着浓密的毛发。它在同类中最突出的不同特征是它有着可爱的圆滚滚的体型。玩家2说：这种动物通常生活在森林或山区，它们有着强壮的四肢和圆胖的身体。在同类中，它们最突出的不同特征是拥有长长的鼻子，这个鼻子在寒冷的环境中可以帮助它们找到食物。玩家3说：它是一种善于奔跑的动物，拥有强健的体魄和敏锐的感官。在同类中，它最突出的不同特征是有着独特的斑点花纹。玩家4说：||在这个游戏中，我们需要通过分析每位玩家的描述来找出卧底。通常，平民的描述会围绕相同的词语展开，而卧底的描述可能会因为词语的不同而显得不太一致。我们需要仔细比较每个描述之间的相似性和差异性，以找出可能的卧底，注意，卧底并不会隐藏自己，他会直接描述他的词语，现在，逐一分析每个玩家的描述，注意，这局游戏的词语分类为<动物>，卧底词和平民词都属于该类。这是第一轮描述。
2024-12-13 11:58:39,073 - 3 - INFO - **********PLAYER3**********
根据玩家们的描述，我们可以进行以下分析：

玩家1描述的动物是温顺的，有浓密毛发，圆滚滚的体型，这听起来像是某种小型哺乳动物，比如仓鼠。

玩家2提到的动物生活在森林或山区，有强壮的四肢和圆胖的身体，以及长长的鼻子，这听起来像是某种熊科动物，比如棕熊。

玩家3描述的动物善于奔跑，有强健的体魄和敏锐的感官，独特的斑点花纹，这很符合猫科动物的特征，尤其是豹子。

玩家4的描述是引导性的，没有直接提供关键词的信息，而是强调了游戏规则和描述分析的方法。

综合以上描述，玩家3的描述与猫科动物的特征最为吻合，尤其是提到了斑点花纹，这与豹子的特征非常接近。因此，玩家3可能是卧底。而玩家1、玩家2和玩家4的描述则更像是围绕同一个词语展开的平民描述。不过，由于游戏规则中卧底也可能直接描述自己的词语，因此还需要进一步观察和比较。
2024-12-13 11:58:39,076 - 3 - INFO - **********JUDGER**********
你刚刚的分析是根据玩家们的描述，我们可以进行以下分析：

玩家1描述的动物是温顺的，有浓密毛发，圆滚滚的体型，这听起来像是某种小型哺乳动物，比如仓鼠。

玩家2提到的动物生活在森林或山区，有强壮的四肢和圆胖的身体，以及长长的鼻子，这听起来像是某种熊科动物，比如棕熊。

玩家3描述的动物善于奔跑，有强健的体魄和敏锐的感官，独特的斑点花纹，这很符合猫科动物的特征，尤其是豹子。

玩家4的描述是引导性的，没有直接提供关键词的信息，而是强调了游戏规则和描述分析的方法。

综合以上描述，玩家3的描述与猫科动物的特征最为吻合，尤其是提到了斑点花纹，这与豹子的特征非常接近。因此，玩家3可能是卧底。而玩家1、玩家2和玩家4的描述则更像是围绕同一个词语展开的平民描述。不过，由于游戏规则中卧底也可能直接描述自己的词语，因此还需要进一步观察和比较。|| `请根据上述分析，比较描述以找出不一致之处，注意，这局游戏的词语分类为<动物>，卧底词和平民词都属于该类。
2024-12-13 11:58:48,043 - 3 - INFO - **********PLAYER3**********
根据上述分析，我们可以比较玩家的描述以找出不一致之处：

1. 玩家1和玩家2的描述都提到了动物的体型特征（圆滚滚的身体），但没有提到任何关于斑点花纹或长鼻子的信息。

2. 玩家3的描述中提到了斑点花纹，这是一个显著的特征，与玩家1和玩家2的描述不符，因为他们没有提到任何关于斑点或花纹的信息。

3. 玩家2的描述中提到了动物生活在森林或山区，有强壮的四肢和圆胖的身体，以及长长的鼻子，这些特征与玩家1和玩家3的描述都不完全吻合。

4. 玩家4的描述主要是关于游戏规则和描述分析的方法，没有提供任何关于动物特征的信息。

基于这些比较，玩家3的描述与豹子的特征最为接近，特别是提到了斑点花纹，这是玩家1和玩家2描述中都没有提到的。因此，玩家3的描述可能是不一致的，暗示他可能是卧底。而玩家1和玩家2的描述更加相似，更可能是平民。玩家4的描述没有提供直接的特征信息，因此无法确定其是否与平民或卧底相符。
2024-12-13 11:58:48,044 - 3 - INFO - **********JUDGER**********
你刚刚的分析是根据上述分析，我们可以比较玩家的描述以找出不一致之处：

1. 玩家1和玩家2的描述都提到了动物的体型特征（圆滚滚的身体），但没有提到任何关于斑点花纹或长鼻子的信息。

2. 玩家3的描述中提到了斑点花纹，这是一个显著的特征，与玩家1和玩家2的描述不符，因为他们没有提到任何关于斑点或花纹的信息。

3. 玩家2的描述中提到了动物生活在森林或山区，有强壮的四肢和圆胖的身体，以及长长的鼻子，这些特征与玩家1和玩家3的描述都不完全吻合。

4. 玩家4的描述主要是关于游戏规则和描述分析的方法，没有提供任何关于动物特征的信息。

基于这些比较，玩家3的描述与豹子的特征最为接近，特别是提到了斑点花纹，这是玩家1和玩家2描述中都没有提到的。因此，玩家3的描述可能是不一致的，暗示他可能是卧底。而玩家1和玩家2的描述更加相似，更可能是平民。玩家4的描述没有提供直接的特征信息，因此无法确定其是否与平民或卧底相符。|| 请通过你分析的不一致之处，推断卧底身份，注意，这局游戏的词语分类为<动物>，卧底词和平民词都属于该类。
2024-12-13 11:58:56,184 - 3 - INFO - **********PLAYER3**********
根据分析中提到的不一致之处，我们可以推断以下可能性：

1. 玩家3的描述中提到了“斑点花纹”，这是一个非常具体的特征，与豹子非常吻合。由于玩家1和玩家2的描述中没有提到这一点，而豹子的斑点花纹是它最显著的特征之一，这强烈暗示玩家3可能是卧底。

2. 玩家2的描述中提到了“长长的鼻子”，这通常与熊科动物（如棕熊）的特征相关，但与猫科动物（如豹子）的特征不符。然而，这个描述也没有提到斑点花纹，因此不能直接判断玩家2是平民还是卧底。

3. 玩家1的描述中提到了“圆滚滚的体型”，这与仓鼠等小型哺乳动物的特征相符，但同样没有提到斑点花纹，因此也不能直接判断玩家1的身份。

4. 玩家4的描述没有提供任何动物特征的信息，因此无法判断其身份。

综合以上分析，玩家3的描述与豹子的特征最为吻合，特别是提到了斑点花纹，这是其他玩家描述中缺失的关键特征。因此，根据这些不一致之处，玩家3最有可能是卧底。其他玩家的描述虽然提供了动物的特征，但没有足够的独特性来指向他们是否是卧底。
2024-12-13 11:58:56,186 - 3 - INFO - **********JUDGER**********
你刚刚的推断是根据分析中提到的不一致之处，我们可以推断以下可能性：

1. 玩家3的描述中提到了“斑点花纹”，这是一个非常具体的特征，与豹子非常吻合。由于玩家1和玩家2的描述中没有提到这一点，而豹子的斑点花纹是它最显著的特征之一，这强烈暗示玩家3可能是卧底。

2. 玩家2的描述中提到了“长长的鼻子”，这通常与熊科动物（如棕熊）的特征相关，但与猫科动物（如豹子）的特征不符。然而，这个描述也没有提到斑点花纹，因此不能直接判断玩家2是平民还是卧底。

3. 玩家1的描述中提到了“圆滚滚的体型”，这与仓鼠等小型哺乳动物的特征相符，但同样没有提到斑点花纹，因此也不能直接判断玩家1的身份。

4. 玩家4的描述没有提供任何动物特征的信息，因此无法判断其身份。

综合以上分析，玩家3的描述与豹子的特征最为吻合，特别是提到了斑点花纹，这是其他玩家描述中缺失的关键特征。因此，根据这些不一致之处，玩家3最有可能是卧底。其他玩家的描述虽然提供了动物的特征，但没有足够的独特性来指向他们是否是卧底。|| 基于你刚刚的推断得出你的最终结论，请输出你认为的卧底，在这种情况下只需要输出编号，是1-4中的某个数字，不要输出其他信息。在这个过程不要进行任何推理，只对||以前的部分进行信息提取
2024-12-13 11:58:57,056 - 3 - INFO - **********PLAYER3**********
3
2024-12-13 11:59:27,040 - 3 - INFO - **********JUDGER**********
玩家1说：它是一种温顺的哺乳动物，有着浓密的毛发。它在同类中最突出的不同特征是它有着可爱的圆滚滚的体型。这种动物喜欢在寒冷的地区生活，它们有着厚实的皮毛来抵御严寒。它们的身体结构适合在雪地中行走，而且它们善于在水中游泳，寻找食物。在同类中，它们以其强大的力量和耐力而著称。玩家2说：这种动物通常生活在森林或山区，它们有着强壮的四肢和圆胖的身体。在同类中，它们最突出的不同特征是拥有长长的鼻子，这个鼻子在寒冷的环境中可以帮助它们找到食物。这种动物以它们惊人的力量和耐力而闻名，它们能够轻松攀爬陡峭的山峰，也能够在森林中快速移动。它们的身体结构适应了在雪地中的行走，而且它们在水中游泳的能力同样出色，这使得它们能够有效地捕食。在同类中，它们以其独特的适应性和在极端环境中的生存能力而特别突出。玩家3说：它是一种善于奔跑的动物，拥有强健的体魄和敏锐的感官。在同类中，它最突出的不同特征是有着独特的斑点花纹。玩家4说：它是一种体态丰满的动物，有着浓密的皮毛。在同类中，它的体型特别庞大，给人以可爱和温和的印象。你是第3号玩家，你的关键词是<豹子>。你的回答中绝对不能包含你的关键词<豹子>。这是第二轮描述，你之前的描述是它是一种善于奔跑的动物，拥有强健的体魄和敏锐的感官。在同类中，它最突出的不同特征是有着独特的斑点花纹。，注意，这局游戏的词语分类为<动物>，卧底词和平民词都属于该类，请你补充关于关键词的描述，注意，你的描述应该比起之前的描述更加贴近关键词，作为之前的补充
2024-12-13 11:59:29,151 - 3 - INFO - **********PLAYER3**********
这种动物以其优雅的姿态和出色的狩猎技巧而闻名。它的身体轻盈，动作敏捷，能够在森林中悄无声息地捕捉猎物。尽管体型庞大，但它们在捕猎时展现出了惊人的速度和力量。此外，它们的皮毛色泽鲜艳，具有独特的条纹图案，这种图案在同类中极为罕见。
2024-12-13 11:59:57,785 - 3 - INFO - **********JUDGER**********
玩家1说：它是一种温顺的哺乳动物，有着浓密的毛发。它在同类中最突出的不同特征是它有着可爱的圆滚滚的体型。这种动物喜欢在寒冷的地区生活，它们有着厚实的皮毛来抵御严寒。它们的身体结构适合在雪地中行走，而且它们善于在水中游泳，寻找食物。在同类中，它们以其强大的力量和耐力而著称。玩家2说：这种动物通常生活在森林或山区，它们有着强壮的四肢和圆胖的身体。在同类中，它们最突出的不同特征是拥有长长的鼻子，这个鼻子在寒冷的环境中可以帮助它们找到食物。这种动物以它们惊人的力量和耐力而闻名，它们能够轻松攀爬陡峭的山峰，也能够在森林中快速移动。它们的身体结构适应了在雪地中的行走，而且它们在水中游泳的能力同样出色，这使得它们能够有效地捕食。在同类中，它们以其独特的适应性和在极端环境中的生存能力而特别突出。玩家3说：它是一种善于奔跑的动物，拥有强健的体魄和敏锐的感官。在同类中，它最突出的不同特征是有着独特的斑点花纹。这种动物以其优雅的姿态和出色的狩猎技巧而闻名。它的身体轻盈，动作敏捷，能够在森林中悄无声息地捕捉猎物。尽管体型庞大，但它们在捕猎时展现出了惊人的速度和力量。此外，它们的皮毛色泽鲜艳，具有独特的条纹图案，这种图案在同类中极为罕见。玩家4说：它是一种体态丰满的动物，有着浓密的皮毛。在同类中，它的体型特别庞大，给人以可爱和温和的印象。||在这个游戏中，我们需要通过分析每位玩家的描述来找出卧底。通常，平民的描述会围绕相同的词语展开，而卧底的描述可能会因为词语的不同而显得不太一致。我们需要仔细比较每个描述之间的相似性和差异性，以找出可能的卧底，注意，卧底并不会隐藏自己，他会直接描述他的词语，现在，逐一分析每个玩家的描述，注意，这局游戏的词语分类为<动物>，卧底词和平民词都属于该类。||之前是第2轮描述和之前轮数描述的合集。你之前认为的卧底是玩家3。
2024-12-13 12:00:09,952 - 3 - INFO - **********PLAYER3**********
根据玩家们的描述和之前的分析，我们可以进一步比较：

玩家1描述的动物是温顺的，生活在寒冷地区，有着厚实的皮毛，适合在雪地中行走，善于游泳，以强大的力量和耐力著称。

玩家2描述的动物生活在森林或山区，有强壮的四肢和圆胖的身体，拥有长长的鼻子，适应雪地行走，游泳能力强，以力量和耐力闻名，适应极端环境。

玩家3描述的动物善于奔跑，拥有强健的体魄和敏锐的感官，有独特的斑点花纹，优雅的姿态，出色的狩猎技巧，轻盈的身体，敏捷的动作。

玩家4描述的动物体态丰满，有着浓密的皮毛，体型庞大，给人以可爱和温和的印象。

之前的分析中，玩家3的描述中提到了“斑点花纹”，这与豹子的特征非常吻合，而其他玩家的描述中没有提到这一特征。然而，玩家4的描述也提到了体型庞大和可爱温和的印象，这与玩家2描述的动物（可能是棕熊）的特征相似。

如果玩家3是卧底，那么他的描述应该更加贴近豹子的特征。但玩家4的描述也包含了一些与豹子不太吻合的元素，比如“可爱和温和的印象”，这与豹子通常给人的印象不符。

综合第二轮描述，玩家3的描述仍然与豹子的特征最为吻合，但玩家4的描述也提供了一些线索。由于之前的分析中玩家3被认为是卧底，且没有更多证据指向玩家4，因此我将继续认为玩家3是卧底。但是，如果需要进一步的投票或分析，玩家4的描述也可能需要被考虑。
2024-12-13 12:00:09,956 - 3 - INFO - **********JUDGER**********
你刚刚的分析是根据玩家们的描述和之前的分析，我们可以进一步比较：

玩家1描述的动物是温顺的，生活在寒冷地区，有着厚实的皮毛，适合在雪地中行走，善于游泳，以强大的力量和耐力著称。

玩家2描述的动物生活在森林或山区，有强壮的四肢和圆胖的身体，拥有长长的鼻子，适应雪地行走，游泳能力强，以力量和耐力闻名，适应极端环境。

玩家3描述的动物善于奔跑，拥有强健的体魄和敏锐的感官，有独特的斑点花纹，优雅的姿态，出色的狩猎技巧，轻盈的身体，敏捷的动作。

玩家4描述的动物体态丰满，有着浓密的皮毛，体型庞大，给人以可爱和温和的印象。

之前的分析中，玩家3的描述中提到了“斑点花纹”，这与豹子的特征非常吻合，而其他玩家的描述中没有提到这一特征。然而，玩家4的描述也提到了体型庞大和可爱温和的印象，这与玩家2描述的动物（可能是棕熊）的特征相似。

如果玩家3是卧底，那么他的描述应该更加贴近豹子的特征。但玩家4的描述也包含了一些与豹子不太吻合的元素，比如“可爱和温和的印象”，这与豹子通常给人的印象不符。

综合第二轮描述，玩家3的描述仍然与豹子的特征最为吻合，但玩家4的描述也提供了一些线索。由于之前的分析中玩家3被认为是卧底，且没有更多证据指向玩家4，因此我将继续认为玩家3是卧底。但是，如果需要进一步的投票或分析，玩家4的描述也可能需要被考虑。|| `请根据上述分析，比较描述以找出不一致之处，注意，这局游戏的词语分类为<动物>，卧底词和平民词都属于该类。
2024-12-13 12:00:31,181 - 3 - INFO - **********PLAYER3**********
根据上述分析，我们可以找出以下不一致之处：

1. 玩家1和玩家2的描述都提到了动物生活在寒冷地区，有厚实的皮毛，适合在雪地中行走，游泳能力强，以力量和耐力著称。这些特征与玩家3和玩家4的描述不完全吻合。

2. 玩家3的描述中提到了动物善于奔跑，有独特的斑点花纹，优雅的姿态，出色的狩猎技巧，轻盈的身体，敏捷的动作。这些特征与玩家1和玩家2的描述中提到的耐力和力量特征不同。

3. 玩家4的描述中提到了动物体态丰满，体型庞大，给人以可爱和温和的印象。这与玩家1、玩家2和玩家3的描述中的特征（如善于奔跑、斑点花纹、优雅的姿态等）不匹配。

4. 玩家2的描述中提到了动物拥有长长的鼻子，这在玩家1、玩家3和玩家4的描述中没有出现。

5. 玩家1和玩家4的描述中都提到了动物的可爱和温和印象，这与玩家3的描述中的优雅和狩猎技巧特征不吻合。

基于这些不一致之处，玩家3的描述在特征上与豹子最为接近，而玩家4的描述则包含了一些与豹子特征不吻合的元素。玩家1和玩家2的描述则更加相似，但它们都没有提到斑点花纹，这是玩家3描述中特别突出的特征。因此，这些不一致之处可能表明玩家3是卧底，而玩家4的描述需要更多的证据来支持或反驳其身份。
2024-12-13 12:00:31,186 - 3 - INFO - **********JUDGER**********
你刚刚的分析是根据上述分析，我们可以找出以下不一致之处：

1. 玩家1和玩家2的描述都提到了动物生活在寒冷地区，有厚实的皮毛，适合在雪地中行走，游泳能力强，以力量和耐力著称。这些特征与玩家3和玩家4的描述不完全吻合。

2. 玩家3的描述中提到了动物善于奔跑，有独特的斑点花纹，优雅的姿态，出色的狩猎技巧，轻盈的身体，敏捷的动作。这些特征与玩家1和玩家2的描述中提到的耐力和力量特征不同。

3. 玩家4的描述中提到了动物体态丰满，体型庞大，给人以可爱和温和的印象。这与玩家1、玩家2和玩家3的描述中的特征（如善于奔跑、斑点花纹、优雅的姿态等）不匹配。

4. 玩家2的描述中提到了动物拥有长长的鼻子，这在玩家1、玩家3和玩家4的描述中没有出现。

5. 玩家1和玩家4的描述中都提到了动物的可爱和温和印象，这与玩家3的描述中的优雅和狩猎技巧特征不吻合。

基于这些不一致之处，玩家3的描述在特征上与豹子最为接近，而玩家4的描述则包含了一些与豹子特征不吻合的元素。玩家1和玩家2的描述则更加相似，但它们都没有提到斑点花纹，这是玩家3描述中特别突出的特征。因此，这些不一致之处可能表明玩家3是卧底，而玩家4的描述需要更多的证据来支持或反驳其身份。|| 请通过你分析的不一致之处，推断卧底身份，注意，这局游戏的词语分类为<动物>，卧底词和平民词都属于该类。
2024-12-13 12:00:39,951 - 3 - INFO - **********PLAYER3**********
基于分析的不一致之处，我推断卧底身份是玩家3。原因如下：

1. 玩家3的描述中提到了“独特的斑点花纹”，这是豹子的显著特征，而其他玩家的描述中没有这一特征。

2. 玩家3的描述中提到了动物善于奔跑、拥有强健的体魄、敏锐的感官、优雅的姿态和出色的狩猎技巧，这些特征也与豹子的行为和外观相符。

3. 玩家4的描述中提到了动物的可爱和温和印象，这与豹子通常给人的印象不符，而且没有提到斑点花纹。

因此，结合以上不一致之处，玩家3的描述最符合豹子的特征，暗示他可能是卧底。
2024-12-13 12:00:39,955 - 3 - INFO - **********JUDGER**********
你刚刚的推断是基于分析的不一致之处，我推断卧底身份是玩家3。原因如下：

1. 玩家3的描述中提到了“独特的斑点花纹”，这是豹子的显著特征，而其他玩家的描述中没有这一特征。

2. 玩家3的描述中提到了动物善于奔跑、拥有强健的体魄、敏锐的感官、优雅的姿态和出色的狩猎技巧，这些特征也与豹子的行为和外观相符。

3. 玩家4的描述中提到了动物的可爱和温和印象，这与豹子通常给人的印象不符，而且没有提到斑点花纹。

因此，结合以上不一致之处，玩家3的描述最符合豹子的特征，暗示他可能是卧底。|| 基于你刚刚的推断得出你的最终结论，请输出你认为的卧底，在这种情况下只需要输出编号，是1-4中的某个数字，不要输出其他信息。在这个过程不要进行任何推理，只对||以前的部分进行信息提取
2024-12-13 12:00:41,378 - 3 - INFO - **********PLAYER3**********
3
2024-12-13 12:01:12,631 - 3 - INFO - **********JUDGER**********
玩家1说：它是一种温顺的哺乳动物，有着浓密的毛发。它在同类中最突出的不同特征是它有着可爱的圆滚滚的体型。这种动物喜欢在寒冷的地区生活，它们有着厚实的皮毛来抵御严寒。它们的身体结构适合在雪地中行走，而且它们善于在水中游泳，寻找食物。在同类中，它们以其强大的力量和耐力而著称。这种动物有着强大的爪子，适合攀爬和抓握。它们在同类中以其庞大的体型和威严的姿态而著称，通常在夜晚活动，以避免捕食者的威胁。玩家2说：这种动物通常生活在森林或山区，它们有着强壮的四肢和圆胖的身体。在同类中，它们最突出的不同特征是拥有长长的鼻子，这个鼻子在寒冷的环境中可以帮助它们找到食物。这种动物以它们惊人的力量和耐力而闻名，它们能够轻松攀爬陡峭的山峰，也能够在森林中快速移动。它们的身体结构适应了在雪地中的行走，而且它们在水中游泳的能力同样出色，这使得它们能够有效地捕食。在同类中，它们以其独特的适应性和在极端环境中的生存能力而特别突出。这种动物以其庞大的体型和厚实的皮毛而著称，它们在同类中以其强大的力量和耐力而闻名。它们通常在森林或山区中生活，拥有强壮的四肢，使得它们能够在雪地中行走和在水中游泳。这种动物的适应能力在同类中尤为突出，它们能够在极端环境中生存，并且以其厚实的皮毛和强大的力量而特别著名。玩家3说：它是一种善于奔跑的动物，拥有强健的体魄和敏锐的感官。在同类中，它最突出的不同特征是有着独特的斑点花纹。这种动物以其优雅的姿态和出色的狩猎技巧而闻名。它的身体轻盈，动作敏捷，能够在森林中悄无声息地捕捉猎物。尽管体型庞大，但它们在捕猎时展现出了惊人的速度和力量。此外，它们的皮毛色泽鲜艳，具有独特的条纹图案，这种图案在同类中极为罕见。玩家4说：它是一种体态丰满的动物，有着浓密的皮毛。在同类中，它的体型特别庞大，给人以可爱和温和的印象。它是一种以力量和耐力著称的动物，擅长在雪地中行走和水中游泳。在同类中，它以其厚实的皮毛和强大的力量而闻名，能够在极端环境中生存。你是第3号玩家，你的关键词是<豹子>。你的回答中绝对不能包含你的关键词<豹子>。这是第三轮描述，你之前的描述是它是一种善于奔跑的动物，拥有强健的体魄和敏锐的感官。在同类中，它最突出的不同特征是有着独特的斑点花纹。和这种动物以其优雅的姿态和出色的狩猎技巧而闻名。它的身体轻盈，动作敏捷，能够在森林中悄无声息地捕捉猎物。尽管体型庞大，但它们在捕猎时展现出了惊人的速度和力量。此外，它们的皮毛色泽鲜艳，具有独特的条纹图案，这种图案在同类中极为罕见。，注意，这局游戏的词语分类为<动物>，卧底词和平民词都属于该类，请你补充关于关键词的描述，注意，你的描述应该比起之前的描述更加贴近关键词，作为之前的补充
2024-12-13 12:01:18,512 - 3 - INFO - **********PLAYER3**********
这种动物以其敏捷的身手和卓越的狩猎能力而著称。它的身体结构适应了快速奔跑，拥有出色的爆发力。它的皮毛光滑，颜色多变，能够在不同环境中融入自然环境，帮助它在狩猎时保持隐蔽。这种动物在同类中以其独立和自信的态度而知名，它们在捕猎时展现出高度的专注和精准。尽管体型可能不如其他大型猫科动物那样庞大，但它们的力量和敏捷性在同类中是无与伦比的。
2024-12-13 12:02:06,436 - 3 - INFO - **********JUDGER**********
玩家1说：它是一种温顺的哺乳动物，有着浓密的毛发。它在同类中最突出的不同特征是它有着可爱的圆滚滚的体型。这种动物喜欢在寒冷的地区生活，它们有着厚实的皮毛来抵御严寒。它们的身体结构适合在雪地中行走，而且它们善于在水中游泳，寻找食物。在同类中，它们以其强大的力量和耐力而著称。这种动物有着强大的爪子，适合攀爬和抓握。它们在同类中以其庞大的体型和威严的姿态而著称，通常在夜晚活动，以避免捕食者的威胁。玩家2说：这种动物通常生活在森林或山区，它们有着强壮的四肢和圆胖的身体。在同类中，它们最突出的不同特征是拥有长长的鼻子，这个鼻子在寒冷的环境中可以帮助它们找到食物。这种动物以它们惊人的力量和耐力而闻名，它们能够轻松攀爬陡峭的山峰，也能够在森林中快速移动。它们的身体结构适应了在雪地中的行走，而且它们在水中游泳的能力同样出色，这使得它们能够有效地捕食。在同类中，它们以其独特的适应性和在极端环境中的生存能力而特别突出。这种动物以其庞大的体型和厚实的皮毛而著称，它们在同类中以其强大的力量和耐力而闻名。它们通常在森林或山区中生活，拥有强壮的四肢，使得它们能够在雪地中行走和在水中游泳。这种动物的适应能力在同类中尤为突出，它们能够在极端环境中生存，并且以其厚实的皮毛和强大的力量而特别著名。玩家3说：它是一种善于奔跑的动物，拥有强健的体魄和敏锐的感官。在同类中，它最突出的不同特征是有着独特的斑点花纹。这种动物以其优雅的姿态和出色的狩猎技巧而闻名。它的身体轻盈，动作敏捷，能够在森林中悄无声息地捕捉猎物。尽管体型庞大，但它们在捕猎时展现出了惊人的速度和力量。此外，它们的皮毛色泽鲜艳，具有独特的条纹图案，这种图案在同类中极为罕见。这种动物以其敏捷的身手和卓越的狩猎能力而著称。它的身体结构适应了快速奔跑，拥有出色的爆发力。它的皮毛光滑，颜色多变，能够在不同环境中融入自然环境，帮助它在狩猎时保持隐蔽。这种动物在同类中以其独立和自信的态度而知名，它们在捕猎时展现出高度的专注和精准。尽管体型可能不如其他大型猫科动物那样庞大，但它们的力量和敏捷性在同类中是无与伦比的。玩家4说：它是一种体态丰满的动物，有着浓密的皮毛。在同类中，它的体型特别庞大，给人以可爱和温和的印象。它是一种以力量和耐力著称的动物，擅长在雪地中行走和水中游泳。在同类中，它以其厚实的皮毛和强大的力量而闻名，能够在极端环境中生存。它是一种强大的动物，以其厚实的皮毛和强大的力量而著称。在同类中，它的体型庞大，给人以可爱和温和的印象，但同时也展现出了惊人的耐力和适应极端环境的能力。它的身体结构适应了在雪地中行走和在水中游泳，这使得它能够在多种环境中生存和捕食。||在这个游戏中，我们需要通过分析每位玩家的描述来找出卧底。通常，平民的描述会围绕相同的词语展开，而卧底的描述可能会因为词语的不同而显得不太一致。我们需要仔细比较每个描述之间的相似性和差异性，以找出可能的卧底，注意，卧底并不会隐藏自己，他会直接描述他的词语，现在，逐一分析每个玩家的描述，注意，这局游戏的词语分类为<动物>，卧底词和平民词都属于该类。||之前是第3轮描述和之前轮数描述的合集。你之前认为的卧底是玩家3。
2024-12-13 12:02:23,512 - 3 - INFO - **********PLAYER3**********
在第三轮描述和之前轮数的描述中，我们可以观察到以下相似性和差异性：

玩家1描述的动物是温顺的，生活在寒冷地区，有厚实的皮毛，适合在雪地中行走，善于游泳，以强大的力量和耐力著称，有强大的爪子，体型庞大，威严。

玩家2描述的动物生活在森林或山区，有强壮的四肢和圆胖的身体，有长长的鼻子，适应雪地行走，游泳能力强，以力量和耐力闻名，适应极端环境，体型庞大，厚实的皮毛。

玩家3描述的动物善于奔跑，有独特的斑点花纹，优雅的姿态，出色的狩猎技巧，轻盈的身体，敏捷的动作，皮毛光滑，颜色多变，独立和自信的态度，专注于狩猎。

玩家4描述的动物体态丰满，有浓密的皮毛，体型庞大，给人以可爱和温和的印象，以力量和耐力著称，擅长在雪地中行走和水中游泳，厚实的皮毛，强大的力量。

相似性：
- 所有玩家都提到了动物的力量和耐力。
- 动物的体型庞大和适应雪地行走的能力被多个玩家提及。
- 动物的皮毛被描述为厚实。

差异性：
- 玩家1和玩家2的描述中提到了动物的长鼻子和适应极端环境的能力，这与玩家3和玩家4的描述不符。
- 玩家3的描述中提到了独特的斑点花纹，这是其他玩家没有提到的。
- 玩家4的描述中提到了动物的可爱和温和印象，这与玩家3的描述中的独立和自信态度不符。

基于这些分析，玩家3的描述在特征上与豹子的斑点花纹最为吻合，而其他玩家的描述则包含了一些与豹子特征不吻合的元素。因此，根据之前的推断，玩家3仍然是最可能的卧底。
2024-12-13 12:02:23,519 - 3 - INFO - **********JUDGER**********
你刚刚的分析是在第三轮描述和之前轮数的描述中，我们可以观察到以下相似性和差异性：

玩家1描述的动物是温顺的，生活在寒冷地区，有厚实的皮毛，适合在雪地中行走，善于游泳，以强大的力量和耐力著称，有强大的爪子，体型庞大，威严。

玩家2描述的动物生活在森林或山区，有强壮的四肢和圆胖的身体，有长长的鼻子，适应雪地行走，游泳能力强，以力量和耐力闻名，适应极端环境，体型庞大，厚实的皮毛。

玩家3描述的动物善于奔跑，有独特的斑点花纹，优雅的姿态，出色的狩猎技巧，轻盈的身体，敏捷的动作，皮毛光滑，颜色多变，独立和自信的态度，专注于狩猎。

玩家4描述的动物体态丰满，有浓密的皮毛，体型庞大，给人以可爱和温和的印象，以力量和耐力著称，擅长在雪地中行走和水中游泳，厚实的皮毛，强大的力量。

相似性：
- 所有玩家都提到了动物的力量和耐力。
- 动物的体型庞大和适应雪地行走的能力被多个玩家提及。
- 动物的皮毛被描述为厚实。

差异性：
- 玩家1和玩家2的描述中提到了动物的长鼻子和适应极端环境的能力，这与玩家3和玩家4的描述不符。
- 玩家3的描述中提到了独特的斑点花纹，这是其他玩家没有提到的。
- 玩家4的描述中提到了动物的可爱和温和印象，这与玩家3的描述中的独立和自信态度不符。

基于这些分析，玩家3的描述在特征上与豹子的斑点花纹最为吻合，而其他玩家的描述则包含了一些与豹子特征不吻合的元素。因此，根据之前的推断，玩家3仍然是最可能的卧底。|| `请根据上述分析，比较描述以找出不一致之处，注意，这局游戏的词语分类为<动物>，卧底词和平民词都属于该类。
2024-12-13 12:02:33,651 - 3 - INFO - **********PLAYER3**********
根据上述分析，我们可以找出以下不一致之处：

1. 玩家1和玩家2的描述都提到了动物有长长的鼻子，这是它们适应寒冷环境的一个特征。然而，玩家3和玩家4的描述中没有提到这一点。

2. 玩家3的描述中特别强调了动物独特的斑点花纹，这是其他玩家描述中都没有提到的特征。

3. 玩家4的描述中提到了动物给人以可爱和温和的印象，这与玩家3描述中的独立和自信态度以及玩家1和玩家2描述中的力量和耐力特征不符。

4. 玩家1和玩家2的描述中提到了动物适应极端环境和在雪地中行走的能力，而玩家3和玩家4的描述中没有明确提到这些特征。

5. 玩家1和玩家2的描述中提到了动物有强大的爪子，适合攀爬和抓握，而玩家3和玩家4的描述中没有提到这一点。

这些不一致之处表明玩家3的描述与豹子的特征最为吻合，特别是斑点花纹这一独特特征。而玩家4的描述在可爱和温和的印象上与其他玩家的描述不一致，这可能导致玩家4的身份成为疑点。因此，这些不一致之处可能表明玩家3是卧底，而玩家4也可能需要进一步的考虑。
2024-12-13 12:02:33,653 - 3 - INFO - **********JUDGER**********
你刚刚的分析是根据上述分析，我们可以找出以下不一致之处：

1. 玩家1和玩家2的描述都提到了动物有长长的鼻子，这是它们适应寒冷环境的一个特征。然而，玩家3和玩家4的描述中没有提到这一点。

2. 玩家3的描述中特别强调了动物独特的斑点花纹，这是其他玩家描述中都没有提到的特征。

3. 玩家4的描述中提到了动物给人以可爱和温和的印象，这与玩家3描述中的独立和自信态度以及玩家1和玩家2描述中的力量和耐力特征不符。

4. 玩家1和玩家2的描述中提到了动物适应极端环境和在雪地中行走的能力，而玩家3和玩家4的描述中没有明确提到这些特征。

5. 玩家1和玩家2的描述中提到了动物有强大的爪子，适合攀爬和抓握，而玩家3和玩家4的描述中没有提到这一点。

这些不一致之处表明玩家3的描述与豹子的特征最为吻合，特别是斑点花纹这一独特特征。而玩家4的描述在可爱和温和的印象上与其他玩家的描述不一致，这可能导致玩家4的身份成为疑点。因此，这些不一致之处可能表明玩家3是卧底，而玩家4也可能需要进一步的考虑。|| 请通过你分析的不一致之处，推断卧底身份，注意，这局游戏的词语分类为<动物>，卧底词和平民词都属于该类。
2024-12-13 12:02:44,831 - 3 - INFO - **********PLAYER3**********
基于上述分析的不一致之处，我推断卧底身份是玩家3。原因如下：

1. 玩家3的描述中特别提到了动物有独特的斑点花纹，这是其他玩家描述中没有出现的特征，而斑点花纹是豹子的显著特征。

2. 玩家4的描述中提到了动物给人以可爱和温和的印象，这与豹子的通常形象不符，且没有提到斑点花纹。

虽然玩家1和玩家2的描述中提到了一些与豹子特征相符的点，如力量、耐力和适应雪地行走的能力，但他们也提到了长鼻子和适应极端环境的能力，这些特征并不是豹子的典型特征。

因此，综合这些信息，玩家3的描述与豹子的特征最为吻合，这表明他可能是卧底。
2024-12-13 12:02:44,832 - 3 - INFO - **********JUDGER**********
你刚刚的推断是基于上述分析的不一致之处，我推断卧底身份是玩家3。原因如下：

1. 玩家3的描述中特别提到了动物有独特的斑点花纹，这是其他玩家描述中没有出现的特征，而斑点花纹是豹子的显著特征。

2. 玩家4的描述中提到了动物给人以可爱和温和的印象，这与豹子的通常形象不符，且没有提到斑点花纹。

虽然玩家1和玩家2的描述中提到了一些与豹子特征相符的点，如力量、耐力和适应雪地行走的能力，但他们也提到了长鼻子和适应极端环境的能力，这些特征并不是豹子的典型特征。

因此，综合这些信息，玩家3的描述与豹子的特征最为吻合，这表明他可能是卧底。|| 基于你刚刚的推断得出你的最终结论，请输出你认为的卧底，在这种情况下只需要输出编号，是1-4中的某个数字，不要输出其他信息。在这个过程不要进行任何推理，只对||以前的部分进行信息提取
2024-12-13 12:02:46,447 - 3 - INFO - **********PLAYER3**********
3
2024-12-13 12:02:46,448 - 3 - INFO - **********JUDGER**********
你认为卧底是你自己。你现在需要随便选一个人投票。请输出一个数字，是1-4中的某个数字，但这个数字不能是3，不要输出其他信息。
2024-12-13 12:02:48,194 - 3 - INFO - **********PLAYER3**********
1
